TRXV5
3
4
4
9
string Extension=J
integer IsArchMeasurement=1
integer IsSpherical=1
string Generator=SPM
string GeneratorVersion=1.3.1 Dev
double ArchRadius=0.449999988079071
integer FrequencyAxisIndex=0
integer AzimuthAxisIndex=1
integer ElevationAxisIndex=2
Frequency
5 136 690000000 960000000 LIN
Azimuth
7 8 0 2.74889357189107 LIN
Elevation
7 15 -2.74889357189107 2.74889357189107 LIN
Polar H Real Part
13
Polar H Imaginary Part
14
Polar V Real Part
13
Polar V Imaginary Part
14
Polar H Magnitude (dB)
12 0xC0000002 0 1
Polar H Phase
7 0xC0000003 0 1
Polar V Magnitude (dB)
12 0xC0000002 2 3
Polar V Phase
7 0xC0000003 2 3
-0.0012822151184082 0.00309848785400391 -0.0297737121582031 -0.0622901916503906
-0.00341415405273438 -0.00398564338684082 -0.0112380981445312 -0.0263385772705078
-0.00833797454833985 0.0015106201171875 0.0159006118774414 0.000762939453125
-0.00328254699707031 0.00753307342529297 0.0414009094238281 -0.00754547119140625
0.00279474258422852 0.00484752655029297 0.045379638671875 -0.0242500305175781
0.00299835205078125 0.000700473785400391 0.0381431579589844 -0.0443611145019531
0.00350594520568848 -0.00394606590270996 0.0223846435546875 -0.0527305603027344
0.00177454948425293 -0.00344586372375488 0.0075836181640625 -0.0456085205078125
0.0023500919342041 -0.00375938415527344 -0.000204086303710936 -0.0343456268310547
0.00533962249755859 -0.00242853164672852 -0.00475692749023437 -0.0231285095214844
0.00497961044311523 0.00172185897827148 -0.0175113677978516 -0.0151700973510742
-0.00124740600585938 0.0050501823425293 -0.0229454040527344 -0.0118904113769531
-0.00753402709960937 -0.00151920318603516 -0.0311813354492187 -0.0151824951171875
-0.000776767730712891 -0.0063328742980957 -0.04632568359375 -0.016693115234375
-0.000765085220336914 -0.00306963920593262 -0.0443801879882813 -0.0159263610839844
0.0132980346679687 0.0231189727783203 -0.0236320495605469 -0.0582962036132813
0.0126419067382813 0.0144214630126953 -0.00363349914550781 -0.0217018127441406
0.00781631469726562 0.0133275985717773 0.0205135345458984 0.000814437866210938
0.0142402648925781 0.0129947662353516 0.0437774658203125 -0.00800704956054688
0.0189876556396484 0.00373268127441406 0.0455894470214844 -0.02301025390625
0.0181674957275391 -0.00963592529296875 0.0376014709472656 -0.0434837341308594
0.0129146575927734 -0.0189647674560547 0.019622802734375 -0.0484161376953125
0.0104970932006836 -0.0175037384033203 0.00424957275390625 -0.0403251647949219
0.0106353759765625 -0.0198936462402344 -0.00409698486328125 -0.0280780792236328
0.0167980194091797 -0.0178604125976563 -0.00869369506835937 -0.0199470520019531
0.0201263427734375 -0.00851058959960938 -0.0210247039794922 -0.0125026702880859
0.0175390243530273 -0.000651359558105469 -0.0242900848388672 -0.0107269287109375
0.0123262405395508 0.00324630737304687 -0.0312786102294922 -0.013580322265625
0.0179424285888672 0.00531196594238281 -0.042266845703125 -0.0126228332519531
0.0170001983642578 0.0119991302490234 -0.0397453308105469 -0.0100746154785156
0.0252761840820313 0.0408706665039063 -0.0135917663574219 -0.0474662780761719
0.0268764495849609 0.0312252044677734 0.00580596923828125 -0.0112247467041016
0.0239944458007813 0.0242195129394531 0.0260105133056641 0.00322723388671875
0.0316104888916016 0.0176620483398438 0.0456199645996094 -0.00661087036132812
0.0341377258300781 0.00179481506347656 0.0432891845703125 -0.0213165283203125
0.0309925079345703 -0.0185337066650391 0.0331916809082031 -0.0393295288085938
0.0207729339599609 -0.031402587890625 0.0153732299804688 -0.0392341613769531
0.0170192718505859 -0.0283203125 0.000280380249023435 -0.0286369323730469
0.0168857574462891 -0.0334186553955078 -0.00760650634765625 -0.0165510177612305
0.0248470306396484 -0.0319938659667969 -0.0128145217895508 -0.0111169815063477
0.0319671630859375 -0.0184574127197266 -0.0247631072998047 -0.00549888610839844
0.0326900482177734 -0.006927490234375 -0.0255298614501953 -0.00769233703613282
0.0300025939941406 0.00504112243652344 -0.0301151275634766 -0.0125350952148437
0.0342521667480469 0.0151729583740234 -0.0326519012451172 -0.00818252563476562
0.031402587890625 0.0246295928955078 -0.0295658111572266 -0.00059318542480468
0.03424072265625 0.0524711608886719 -0.000553131103515621 -0.0312767028808594
0.0404243469238281 0.0433883666992187 0.0166568756103516 0.000641822814941409
0.0391998291015625 0.0298347473144531 0.0302810668945313 0.00726509094238281
0.0464897155761719 0.0174293518066406 0.0443954467773438 -0.00435256958007813
0.0451507568359375 -0.00262832641601563 0.0377044677734375 -0.0178337097167969
0.0386123657226563 -0.0273246765136719 0.0246372222900391 -0.0315914154052734
0.0242881774902344 -0.0385513305664063 0.0082550048828125 -0.024169921875
0.0210494995117187 -0.0355110168457031 -0.00397586822509766 -0.0123672485351563
0.0206565856933594 -0.0413169860839844 -0.0100746154785156 -0.000826835632324221
0.0293693542480469 -0.0398597717285156 -0.0168876647949219 0.00184249877929688
0.0389366149902344 -0.0248146057128906 -0.0274810791015625 0.00403976440429687
0.0429840087890625 -0.0116996765136719 -0.0274658203125 -0.00333786010742188
0.0436477661132813 0.00682830810546875 -0.0266838073730469 -0.0115089416503906
0.0463218688964844 0.0225486755371094 -0.0202426910400391 -0.00270271301269531
0.0408248901367188 0.0351066589355469 -0.0150547027587891 0.0116968154907227
0.0378150939941406 0.0548439025878906 0.0142431259155273 -0.0152015686035156
0.0489387512207031 0.0483818054199219 0.0284061431884766 0.0125236511230469
0.0493698120117187 0.0293312072753906 0.0337486267089844 0.0100460052490234
0.0541038513183594 0.0122184753417969 0.0395736694335938 -0.00133132934570312
0.0484199523925781 -0.008575439453125 0.0288467407226563 -0.0119304656982422
0.0389366149902344 -0.0335655212402344 0.0151882171630859 -0.0201568603515625
0.0232467651367188 -0.0413284301757813 0.00102853775024414 -0.00723361968994141
0.0214080810546875 -0.0372314453125 -0.00744533538818359 0.00537061691284179
0.0211334228515625 -0.0427932739257813 -0.0121755599975586 0.0160846710205078
0.0301628112792969 -0.0413017272949219 -0.0207748413085938 0.015655517578125
0.040863037109375 -0.0260200500488281 -0.0303192138671875 0.0133590698242188
0.0474281311035156 -0.0126914978027344 -0.0275077819824219 0.000944137573242185
0.0490608215332031 0.0104713439941406 -0.0226516723632813 -0.0100193023681641
0.0505561828613281 0.029022216796875 -0.00529336929321289 0.00316524505615235
0.0429344177246094 0.0416679382324219 0.000587463378906255 0.0263214111328125
0.035614013671875 0.0496749877929688 0.0286884307861328 -0.000877380371093747
0.0496597290039063 0.0433120727539063 0.0391731262207031 0.0199546813964844
0.0498275756835937 0.023101806640625 0.0353126525878906 0.0109519958496094
0.0514183044433594 0.00502777099609375 0.0323944091796875 0.00194740295410156
0.0433578491210938 -0.0135269165039063 0.0199203491210938 -0.00341796875
0.0318717956542969 -0.0342941284179688 0.00655984878540039 -0.00578451156616211
0.0176963806152344 -0.0371665954589844 -0.00345039367675781 0.0104093551635742
0.0177249908447266 -0.0327053070068359 -0.00987815856933593 0.0226211547851562
0.0191574096679688 -0.0379562377929688 -0.0156269073486328 0.0310077667236328
0.0272674560546875 -0.0348377227783203 -0.0254554748535156 0.0277099609375
0.0387001037597656 -0.02117919921875 -0.0328788757324219 0.0209007263183594
0.0452804565429688 -0.00908660888671875 -0.0285072326660156 0.00487518310546875
0.0462837219238281 0.0137863159179688 -0.0171585083007812 -0.00676155090332031
0.0465469360351563 0.0327186584472656 0.00771522521972657 0.0102682113647461
0.0366668701171875 0.0429649353027344 0.0139656066894531 0.0417404174804687
0.0262451171875 0.0361442565917969 0.0402565002441406 0.00885391235351563
0.0419464111328125 0.0319175720214844 0.0469589233398437 0.0221824645996094
0.0403099060058594 0.0141067504882813 0.0339412689208984 0.0103340148925781
0.0391616821289063 -0.00162887573242187 0.0257949829101563 0.00588035583496094
0.0303726196289063 -0.0150775909423828 0.0131807327270508 0.004150390625
0.0191230773925781 -0.0285320281982422 0.000948429107666017 0.0079660415649414
0.0100040435791016 -0.0265274047851563 -0.00579071044921875 0.0257892608642578
0.010986328125 -0.0226707458496094 -0.0110206604003906 0.0362472534179688
0.0129795074462891 -0.0267505645751953 -0.0183448791503906 0.0425758361816406
0.0198745727539063 -0.0253677368164063 -0.0309219360351562 0.0359611511230469
0.0298366546630859 -0.0139007568359375 -0.0371170043945313 0.0258255004882812
0.0363922119140625 -0.0042877197265625 -0.0300464630126953 0.00765609741210938
0.0366783142089844 0.0160102844238281 -0.0141353607177734 -0.00323677062988281
0.0350284576416016 0.0309410095214844 0.0163555145263672 0.0201816558837891
0.0242691040039063 0.0382003784179688 0.0231399536132813 0.0574073791503906
0.0114078521728516 0.0193710327148437 0.0471611022949219 0.0123443603515625
0.0258979797363281 0.0178508758544922 0.0495414733886719 0.0196418762207031
0.0239028930664063 0.00446891784667969 0.0320053100585938 0.00916481018066406
0.0199623107910156 -0.0055389404296875 0.0210380554199219 0.00864601135253906
0.0134830474853516 -0.0119485855102539 0.0102920532226563 0.0102453231811523
0.00439739227294922 -0.0164804458618164 3.05175781249997E-05 0.0181236267089844
0.00119876861572266 -0.0118408203125 -0.00437355041503907 0.0350513458251953
0.00262069702148438 -0.00957584381103516 -0.0104866027832031 0.0446662902832031
0.00389003753662109 -0.0128450393676758 -0.0208816528320313 0.0490913391113281
0.00855827331542969 -0.0138177871704102 -0.0360450744628906 0.0405654907226563
0.0164728164672852 -0.00843620300292969 -0.0408287048339844 0.0272102355957031
0.0219650268554688 -0.00222396850585938 -0.0324840545654297 0.00992012023925781
0.0222892761230469 0.0118789672851563 -0.0145320892333984 0.000947952270507814
0.019989013671875 0.0217247009277344 0.0179691314697266 0.0283832550048828
0.00906181335449219 0.0261650085449219 0.0257110595703125 0.0683555603027344
-0.000828266143798828 0.00356435775756836 -0.0333099365234375 -0.0605812072753906
-0.00338983535766602 -0.00311398506164551 -0.0123462677001953 -0.0256614685058594
-0.00740814208984375 0.00222921371459961 0.0161724090576172 -0.000200271606445312
-0.00225114822387695 0.00766754150390625 0.0416259765625 -0.0106964111328125
0.00299382209777832 0.00410318374633789 0.0449638366699219 -0.0276908874511719
0.00331282615661621 0.00020599365234375 0.0354385375976563 -0.0478477478027344
0.00320053100585938 -0.00525569915771484 0.0184097290039063 -0.0551834106445313
0.00174093246459961 -0.00364470481872559 0.00351715087890625 -0.0468940734863281
0.00216364860534668 -0.00377678871154785 -0.00298500061035156 -0.0343036651611328
0.00509977340698242 -0.00290298461914063 -0.00668144226074219 -0.0236778259277344
0.00500059127807617 0.00153923034667969 -0.0192661285400391 -0.0146217346191406
-0.00072479248046875 0.00519371032714844 -0.0246753692626953 -0.0109195709228516
-0.00692224502563477 -0.000731945037841796 -0.0327377319335938 -0.0141048431396484
-0.00155115127563477 -0.00644254684448242 -0.0489654541015625 -0.0146713256835937
-0.000917911529541016 -0.00301218032836914 -0.04693603515625 -0.0127143859863281
0.0161838531494141 0.0227241516113281 -0.0262870788574219 -0.0566024780273438
0.0138874053955078 0.0137243270874023 -0.00467872619628906 -0.0213279724121094
0.00945377349853516 0.0130147933959961 0.0211544036865234 -0.000341415405273437
0.0158720016479492 0.0120735168457031 0.0447731018066406 -0.01068115234375
0.0195827484130859 0.00252532958984375 0.0449447631835938 -0.0264320373535156
0.0180206298828125 -0.0109100341796875 0.0352363586425781 -0.0466537475585938
0.0119876861572266 -0.0205326080322266 0.0166168212890625 -0.050750732421875
0.00998687744140625 -0.0189495086669922 0.000949859619140623 -0.0405731201171875
0.00919914245605469 -0.0213241577148438 -0.00666999816894531 -0.0283756256103516
0.0155887603759766 -0.019927978515625 -0.0104408264160156 -0.0200672149658203
0.0202808380126953 -0.00993537902832031 -0.0229892730712891 -0.0116004943847656
0.0183773040771484 -0.00141716003417969 -0.0255031585693359 -0.00926017761230469
0.0125350952148438 0.00302219390869141 -0.0325241088867187 -0.0123004913330078
0.0179157257080078 0.00423240661621094 -0.0441169738769531 -0.010345458984375
0.0180549621582031 0.0106658935546875 -0.0423507690429688 -0.007843017578125
0.0292129516601562 0.0392723083496094 -0.0158843994140625 -0.0466270446777344
0.0304279327392578 0.029937744140625 0.00565433502197266 -0.0110597610473633
0.0265274047851563 0.0225563049316406 0.0266380310058594 0.00212478637695313
0.0337657928466797 0.0151138305664063 0.0463180541992188 -0.00897216796875
0.0352897644042969 -0.000774383544921875 0.0423660278320313 -0.0244674682617188
0.0301399230957031 -0.0212955474853516 0.0305213928222656 -0.0422286987304688
0.0192298889160156 -0.0332202911376953 0.0119781494140625 -0.0403938293457031
0.01611328125 -0.0307865142822266 -0.00230026245117187 -0.028656005859375
0.0150222778320312 -0.0350456237792969 -0.00942611694335937 -0.0157947540283203
0.0231685638427734 -0.0342845916748047 -0.0142154693603516 -0.0106964111328125
0.0312976837158203 -0.0213775634765625 -0.0260105133056641 -0.00370216369628907
0.03277587890625 -0.00969696044921875 -0.0270633697509766 -0.00642967224121094
0.0307502746582031 0.00428962707519531 -0.0318603515625 -0.0108013153076172
0.0355415344238281 0.0130271911621094 -0.0347423553466797 -0.00563430786132813
0.0341472625732422 0.0229053497314453 -0.0310859680175781 0.000850677490234378
0.0389518737792969 0.0508384704589844 -0.00187301635742187 -0.0310249328613281
0.0442581176757813 0.0412750244140625 0.0172271728515625 0.00123405456542969
0.0423240661621094 0.0275955200195313 0.0313129425048828 0.00614738464355469
0.0488471984863281 0.0144462585449219 0.0446014404296875 -0.00634765625
0.0457687377929688 -0.00618743896484375 0.036895751953125 -0.0200080871582031
0.0372734069824219 -0.0302543640136719 0.0231437683105469 -0.0340023040771484
0.0220069885253906 -0.0404624938964844 0.00613975524902344 -0.0253658294677734
0.0185356140136719 -0.0374488830566406 -0.00518703460693359 -0.0119380950927734
0.0178909301757812 -0.0436592102050781 -0.0106306076049805 -6.2942504882816E-05
0.0263633728027344 -0.0429954528808594 -0.0177993774414063 0.00314903259277343
0.0378303527832031 -0.0286140441894531 -0.0282745361328125 0.00595474243164062
0.0433197021484375 -0.015716552734375 -0.0277976989746094 -0.00195884704589844
0.0440292358398438 0.00461196899414063 -0.0291748046875 -0.00936698913574218
0.0477523803710938 0.019622802734375 -0.0213127136230469 -0.00154304504394531
0.0447349548339844 0.0327606201171875 -0.0159177780151367 0.012944221496582
0.043304443359375 0.0533409118652344 0.0141086578369141 -0.0158443450927734
0.0532493591308594 0.0452384948730469 0.0300025939941406 0.0118999481201172
0.0521354675292969 0.0266838073730469 0.0349693298339844 0.00887107849121094
0.05609130859375 0.00866317749023438 0.0400962829589844 -0.002960205078125
0.04876708984375 -0.0128135681152344 0.0281772613525391 -0.0133533477783203
0.0370559692382813 -0.0362281799316406 0.0135917663574219 -0.0212116241455078
0.020172119140625 -0.0429878234863281 0.00065755844116211 -0.00746488571166992
0.0184402465820313 -0.0389289855957031 -0.00718069076538086 0.00659704208374023
0.0182647705078125 -0.0449943542480469 -0.0116987228393555 0.0169363021850586
0.0272598266601562 -0.0440101623535156 -0.0205097198486328 0.0170097351074219
0.0399169921875 -0.0295982360839844 -0.0297794342041016 0.0154018402099609
0.0474395751953125 -0.016815185546875 -0.0284461975097656 0.00244331359863281
0.050750732421875 0.00672149658203125 -0.0242843627929688 -0.00811004638671875
0.0529823303222656 0.0258293151855469 -0.0060582160949707 0.00355243682861328
0.0466880798339844 0.0393714904785156 0.00142097473144532 0.0268688201904297
0.0402145385742188 0.0471763610839844 0.0299510955810547 -0.00214004516601562
0.0533256530761719 0.0405387878417969 0.0411758422851563 0.0188217163085938
0.0525245666503906 0.0201568603515625 0.0361366271972656 0.0093536376953125
0.0532417297363281 0.00210952758789063 0.0334320068359375 0.000904083251953125
0.0428657531738281 -0.0170249938964844 0.0199050903320313 -0.00476455688476563
0.028961181640625 -0.0367889404296875 0.00641679763793945 -0.00592899322509766
0.0155830383300781 -0.0387840270996094 -0.0027923583984375 0.0113811492919922
0.0148048400878906 -0.0337295532226562 -0.00800132751464844 0.0240097045898437
0.0159835815429688 -0.03924560546875 -0.0136451721191406 0.0329437255859375
0.024566650390625 -0.0376396179199219 -0.0243549346923828 0.0295906066894531
0.0372047424316406 -0.0241165161132812 -0.0324630737304688 0.0235118865966797
0.0455207824707031 -0.0128822326660156 -0.0287837982177734 0.00682830810546875
0.0477104187011719 0.0107307434082031 -0.0190887451171875 -0.00547218322753907
0.0488853454589844 0.0299186706542969 0.0079498291015625 0.0108509063720703
0.0405197143554688 0.0413703918457031 0.0163040161132813 0.0417594909667969
0.0301380157470703 0.0345363616943359 0.0421943664550781 0.00597763061523438
0.0438880920410156 0.0294761657714844 0.0490837097167969 0.0200119018554688
0.0420150756835938 0.0106430053710938 0.0353889465332031 0.00896835327148438
0.0394401550292969 -0.0042724609375 0.0271987915039063 0.00511550903320313
0.0291366577148437 -0.0174655914306641 0.0137805938720703 0.00387477874755859
0.0161151885986328 -0.030181884765625 0.00160360336303711 0.00858736038208008
0.00754928588867187 -0.0275382995605469 -0.00336456298828125 0.0267601013183594
0.00910758972167969 -0.0236282348632813 -0.00819015502929688 0.0378074645996094
0.0108108520507813 -0.0280342102050781 -0.0154685974121094 0.0450286865234375
0.0179576873779297 -0.0266838073730469 -0.0291976928710938 0.0388336181640625
0.0292682647705078 -0.0164775848388672 -0.0363616943359375 0.0284423828125
0.036285400390625 -0.0073089599609375 -0.0301437377929688 0.00990676879882812
0.0383987426757813 0.0135993957519531 -0.0155296325683594 -0.0018301010131836
0.0369377136230469 0.0283241271972656 0.0173530578613281 0.0190486907958984
0.0273551940917969 0.0367279052734375 0.0260162353515625 0.05633544921875
0.0129985809326172 0.0181236267089844 0.048828125 0.00921249389648438
0.0271091461181641 0.0162067413330078 0.0522270202636719 0.0173416137695313
0.0249366760253906 0.00239372253417969 0.0331230163574219 0.00751686096191406
0.0203819274902344 -0.00713348388671875 0.0223464965820313 0.00861167907714844
0.0123462677001953 -0.0133790969848633 0.0116786956787109 0.0105705261230469
0.00279426574707031 -0.0169515609741211 0.00156211853027344 0.0189590454101563
0.000230789184570313 -0.0117225646972656 -0.00202560424804688 0.0361328125
0.00204658508300781 -0.00938796997070313 -0.00635528564453125 0.0457038879394531
0.00334072113037109 -0.012812614440918 -0.0181465148925781 0.0514144897460938
0.0073995590209961 -0.014552116394043 -0.033843994140625 0.044158935546875
0.0159759521484375 -0.00925636291503906 -0.0399246215820312 0.0304718017578125
0.0219326019287109 -0.00391960144042969 -0.0326290130615234 0.0121421813964844
0.023529052734375 0.00999069213867188 -0.0147199630737305 0.0027313232421875
0.0217514038085938 0.0206127166748047 0.0200576782226562 0.0266971588134766
0.0121421813964844 0.0254650115966797 0.0297317504882813 0.0671310424804688
0.000463724136352539 0.00370335578918457 -0.0348243713378906 -0.0575065612792969
-0.00354743003845215 -0.00310111045837402 -0.013275146484375 -0.0242977142333984
-0.00706577301025391 0.00216293334960937 0.016845703125 -0.00197887420654297
-0.000984668731689453 0.00748586654663086 0.0407295227050781 -0.0129585266113281
0.00367116928100586 0.00390720367431641 0.0424613952636719 -0.0300979614257813
0.00368237495422363 -3.4332275390625E-05 0.0320701599121094 -0.0491485595703125
0.00327634811401367 -0.00597190856933594 0.014373779296875 -0.0553207397460938
0.00255417823791504 -0.00392651557922363 0.000320434570312501 -0.0453033447265625
0.00217509269714355 -0.00403761863708496 -0.00568199157714844 -0.0340194702148438
0.00560522079467773 -0.00351047515869141 -0.0083465576171875 -0.0231227874755859
0.00572013854980469 0.00128173828125 -0.0201625823974609 -0.0129985809326172
-0.000272274017333984 0.00538492202758789 -0.0245246887207031 -0.00982284545898437
-0.00739955902099609 0.000244140624999999 -0.0331211090087891 -0.0125370025634766
-0.00226593017578125 -0.00595474243164063 -0.0489006042480469 -0.0117568969726563
-0.00119245052337646 -0.00204265117645264 -0.0474815368652344 -0.0103759765625
0.0174522399902344 0.0215015411376953 -0.0281639099121094 -0.0533866882324219
0.0153322219848633 0.0128278732299805 -0.00509834289550781 -0.0200881958007813
0.0101852416992188 0.0117588043212891 0.0209846496582031 -0.00117111206054687
0.0166711807250977 0.0107088088989258 0.0427055358886719 -0.0127372741699219
0.0195541381835938 0.000827789306640625 0.042999267578125 -0.0285987854003906
0.0172624588012695 -0.0120553970336914 0.0319099426269531 -0.0476646423339844
0.0105724334716797 -0.0210685729980469 0.0124015808105469 -0.0504837036132813
0.00867652893066406 -0.0191516876220703 -0.00238800048828125 -0.0394401550292969
0.00832557678222656 -0.021392822265625 -0.00867462158203125 -0.0275592803955078
0.0147762298583984 -0.0207233428955078 -0.0121307373046875 -0.0191860198974609
0.0199470520019531 -0.011138916015625 -0.0231208801269531 -0.00998687744140625
0.0177173614501953 -0.00215911865234375 -0.0258121490478516 -0.00845909118652344
0.0121612548828125 0.00200939178466797 -0.0330657958984375 -0.0107498168945312
0.0175857543945313 0.00316238403320313 -0.0443077087402344 -0.00797271728515626
0.0187492370605469 0.0104045867919922 -0.0426902770996094 -0.00490951538085938
0.0321159362792969 0.0374259948730469 -0.0169792175292969 -0.0440025329589844
0.0314502716064453 0.027496337890625 0.00507164001464844 -0.0107135772705078
0.0276145935058594 0.0206089019775391 0.0266571044921875 0.00160789489746094
0.0342884063720703 0.0125026702880859 0.0444755554199219 -0.0111770629882812
0.0341262817382813 -0.00267410278320313 0.0403366088867188 -0.0263404846191406
0.0279312133789063 -0.0227813720703125 0.0273284912109375 -0.0429344177246094
0.0163440704345703 -0.0336360931396484 0.00936508178710938 -0.0398292541503906
0.0133991241455078 -0.0309810638427734 -0.00398063659667968 -0.0267906188964844
0.01263427734375 -0.0356101989746094 -0.0100078582763672 -0.0151882171630859
0.0204563140869141 -0.0347156524658203 -0.0157966613769531 -0.00972270965576172
0.0294284820556641 -0.0233402252197266 -0.0260295867919922 -0.00197601318359375
0.0319404602050781 -0.0117454528808594 -0.0273666381835937 -0.00491905212402344
0.0306053161621094 0.00231742858886719 -0.0324592590332031 -0.0091094970703125
0.0354881286621094 0.0107383728027344 -0.0347385406494141 -0.00387191772460938
0.0348873138427734 0.0206737518310547 -0.0310287475585937 0.00322723388671876
0.0423583984375 0.0470504760742188 -0.00234222412109375 -0.0299072265625
0.0460586547851563 0.037750244140625 0.0172672271728516 0.00127887725830078
0.0438804626464844 0.0253639221191406 0.0316219329833984 0.00514793395996094
0.0487594604492187 0.0106468200683594 0.0436820983886719 -0.0082244873046875
0.0440826416015625 -0.00896072387695313 0.0347480773925781 -0.0218391418457031
0.0339603424072266 -0.0319118499755859 0.0198383331298828 -0.0339126586914063
0.0182914733886719 -0.0415000915527344 0.00428009033203125 -0.0255203247070313
0.0164108276367188 -0.0379066467285156 -0.00624752044677734 -0.0106716156005859
0.0150566101074219 -0.0436668395996094 -0.0107059478759766 0.000823020935058591
0.0233001708984375 -0.0433349609375 -0.0180721282958984 0.00341606140136718
0.0359954833984375 -0.0301513671875 -0.0276145935058594 0.00756263732910156
0.0419731140136719 -0.018035888671875 -0.0282211303710937 -0.000476837158203124
0.0436668395996094 0.00209426879882813 -0.0295200347900391 -0.00719070434570313
0.0480194091796875 0.0167465209960938 -0.0217761993408203 -9.34600830078082E-05
0.0458259582519531 0.029815673828125 -0.0155515670776367 0.0138492584228516
0.0461273193359375 0.0494766235351563 0.0138120651245117 -0.0152168273925781
0.0549125671386719 0.0404052734375 0.0304241180419922 0.0110301971435547
0.0525550842285156 0.0235939025878906 0.0348358154296875 0.00806999206542969
0.0561180114746094 0.00544357299804688 0.0400924682617188 -0.00438690185546875
0.0473365783691406 -0.0154762268066406 0.0272464752197266 -0.0147190093994141
0.033294677734375 -0.0377349853515625 0.0117206573486328 -0.0211200714111328
0.0170478820800781 -0.0437431335449219 0.00039815902709961 -0.00672721862792969
0.0157318115234375 -0.0394554138183594 -0.00705242156982422 0.00764131546020507
0.0148277282714844 -0.0453033447265625 -0.0106487274169922 0.0179882049560547
0.0235404968261719 -0.0449447631835938 -0.0200271606445313 0.0177154541015625
0.0373916625976562 -0.0313339233398437 -0.0294322967529297 0.0170402526855469
0.0452919006347656 -0.0195770263671875 -0.0280990600585937 0.00450706481933593
0.0496330261230469 0.0037994384765625 -0.0247478485107422 -0.00615501403808593
0.0540275573730469 0.0228996276855469 -0.00650310516357422 0.00421428680419922
0.0485305786132812 0.0356597900390625 0.00164794921875 0.0259857177734375
0.0429229736328125 0.0430335998535156 0.0298137664794922 -0.00294876098632812
0.0543060302734375 0.0353775024414063 0.0420341491699219 0.0167045593261719
0.0520172119140625 0.0166244506835938 0.0359878540039063 0.00860595703125
0.0520439147949219 -0.0019683837890625 0.0332832336425781 0.000108718872070312
0.0409660339355469 -0.0194549560546875 0.0189571380615234 -0.00522613525390625
0.0262260437011719 -0.037200927734375 0.00522232055664063 -0.00525331497192383
0.0122184753417969 -0.0384979248046875 -0.00172710418701172 0.0115079879760742
0.0121269226074219 -0.0345287322998047 -0.00672340393066406 0.0247306823730469
0.0129661560058594 -0.0394210815429687 -0.0112152099609375 0.0332603454589844
0.0211601257324219 -0.0384101867675781 -0.0230293273925781 0.0308265686035156
0.0347881317138672 -0.02667236328125 -0.0309410095214844 0.0251865386962891
0.0437202453613281 -0.0157432556152344 -0.0279998779296875 0.00889015197753906
0.04754638671875 0.00797653198242188 -0.0201683044433594 -0.003875732421875
0.0495719909667969 0.0267677307128906 0.0076446533203125 0.00921440124511719
0.0429801940917969 0.0374526977539063 0.0171661376953125 0.0403327941894531
0.0316791534423828 0.0312442779541016 0.0424880981445313 0.00399398803710938
0.0450057983398437 0.0255775451660156 0.0496368408203125 0.0179176330566406
0.0420570373535156 0.00836563110351563 0.0358161926269531 0.00795745849609375
0.0387763977050781 -0.00644302368164062 0.0267925262451172 0.00438690185546875
0.0271453857421875 -0.01861572265625 0.0134487152099609 0.00324916839599609
0.0143585205078125 -0.0298194885253906 0.00141716003417969 0.00847053527832031
0.00606536865234375 -0.0266876220703125 -0.00209808349609375 0.0260581970214844
0.00690460205078125 -0.0237464904785156 -0.00527572631835937 0.0379867553710938
0.00864982604980469 -0.0275077819824219 -0.0127754211425781 0.0451927185058594
0.0154647827148438 -0.0271739959716797 -0.026580810546875 0.0397720336914063
0.0270748138427734 -0.0183429718017578 -0.0338859558105469 0.0305385589599609
0.0354995727539063 -0.00962066650390625 -0.0296764373779297 0.0118179321289063
0.0379562377929688 0.010223388671875 -0.0159187316894531 -0.000916481018066408
0.0377731323242187 0.0256805419921875 0.0170526504516602 0.0172853469848633
0.0298576354980469 0.0339717864990234 0.0275726318359375 0.0535621643066406
0.0139150619506836 0.0161418914794922 0.0494422912597656 0.0066375732421875
0.0275936126708984 0.013580322265625 0.0527572631835938 0.0144577026367188
0.0239601135253906 0.000894546508789063 0.0329914093017578 0.00633049011230469
0.0194034576416016 -0.00781440734863281 0.0226364135742188 0.00875663757324219
0.0111017227172852 -0.0137310028076172 0.0122098922729492 0.0101699829101562
0.0012054443359375 -0.0160923004150391 0.00251579284667969 0.0184097290039063
-0.000673294067382812 -0.0105257034301758 0.00109481811523437 0.0353927612304688
0.000893592834472657 -0.00889110565185547 -0.0035552978515625 0.045013427734375
0.00192546844482422 -0.0118427276611328 -0.0139198303222656 0.051605224609375
0.00587749481201172 -0.0142936706542969 -0.0311317443847656 0.04498291015625
0.0143337249755859 -0.00996017456054687 -0.0372734069824219 0.0327224731445313
0.0212020874023437 -0.0055389404296875 -0.0314044952392578 0.0143203735351563
0.023223876953125 0.00847434997558594 -0.0148735046386719 0.00348663330078125
0.0226726531982422 0.0187606811523438 0.0197620391845703 0.0247993469238281
0.0130462646484375 0.0235805511474609 0.0325813293457031 0.0634689331054688
0.00104355812072754 0.00362277030944824 -0.034698486328125 -0.0545120239257813
-0.00260281562805176 -0.00255227088928223 -0.0132923126220703 -0.022613525390625
-0.00658702850341797 0.00323820114135742 0.0162830352783203 -0.002105712890625
-0.000492095947265625 0.00720357894897461 0.0391998291015625 -0.0135841369628906
0.00394296646118164 0.00338339805603027 0.040771484375 -0.0303230285644531
0.00395107269287109 -0.000701189041137695 0.0304374694824219 -0.0488357543945312
0.00302553176879883 -0.00643825531005859 0.01190185546875 -0.0534210205078125
0.00256562232971191 -0.00418472290039063 -0.00161361694335937 -0.0438346862792969
0.0023500919342041 -0.00394439697265625 -0.00661468505859375 -0.0325508117675781
0.00566387176513672 -0.00356817245483398 -0.00908660888671875 -0.0229530334472656
0.00634574890136719 0.00108575820922852 -0.0197029113769531 -0.01220703125
-1.38282775878901E-05 0.00568866729736328 -0.0239944458007813 -0.0090179443359375
-0.00639057159423828 0.000550270080566405 -0.0320758819580078 -0.0122241973876953
-0.00227785110473633 -0.00572824478149414 -0.0479927062988281 -0.0106773376464844
-0.00146293640136719 -0.00196349620819092 -0.0468406677246094 -0.00861740112304688
0.0177459716796875 0.0206089019775391 -0.0276527404785156 -0.0506973266601563
0.015045166015625 0.0116796493530273 -0.00582695007324219 -0.0186347961425781
0.0103750228881836 0.0114040374755859 0.020599365234375 -0.00139236450195312
0.0165882110595703 0.00982952117919922 0.0413322448730469 -0.0131759643554687
0.019500732421875 0.000242233276367187 0.0402412414550781 -0.028717041015625
0.0163583755493164 -0.0128135681152344 0.0294227600097656 -0.0473747253417969
0.00967788696289063 -0.0212459564208984 0.010589599609375 -0.0484886169433594
0.00802040100097656 -0.0189743041992188 -0.003662109375 -0.0374755859375
0.00781059265136719 -0.0216236114501953 -0.00949668884277344 -0.0260639190673828
0.0138149261474609 -0.0207309722900391 -0.0124778747558594 -0.0190601348876953
0.0190525054931641 -0.0117759704589844 -0.0228538513183594 -0.00910568237304687
0.0175895690917969 -0.00279045104980469 -0.0251674652099609 -0.00769233703613281
0.0121726989746094 0.00263404846191406 -0.0326480865478516 -0.00968933105468751
0.0172433853149414 0.00356006622314453 -0.0437393188476563 -0.00674819946289062
0.0183010101318359 0.00956344604492188 -0.0418167114257813 -0.00401687622070313
0.0321998596191406 0.0354804992675781 -0.0163841247558594 -0.0415229797363281
0.0311698913574219 0.02593994140625 0.00495052337646485 -0.00964546203613281
0.0273666381835937 0.0191249847412109 0.0259838104248047 0.00155448913574219
0.0339870452880859 0.0112571716308594 0.0429420471191406 -0.0109634399414063
0.0328216552734375 -0.00404167175292969 0.0385475158691406 -0.0262908935546875
0.0263252258300781 -0.022979736328125 0.0250625610351562 -0.0424957275390625
0.0146160125732422 -0.0330390930175781 0.00752639770507813 -0.03826904296875
0.0128936767578125 -0.0309810638427734 -0.00505828857421875 -0.0254898071289063
0.0115852355957031 -0.0348396301269531 -0.0107221603393555 -0.0136280059814453
0.0189170837402344 -0.0348567962646484 -0.0159749984741211 -0.0089569091796875
0.0281658172607422 -0.0234451293945312 -0.0260257720947266 -0.00161170959472657
0.0314083099365234 -0.0117092132568359 -0.0268383026123047 -0.00408744812011718
0.0295581817626953 0.00196647644042969 -0.0319156646728516 -0.00790596008300782
0.0345687866210938 0.0102291107177734 -0.0343265533447266 -0.00290679931640626
0.03466796875 0.0193271636962891 -0.0304737091064453 0.00405883789062499
0.0419883728027344 0.0442962646484375 -0.00233650207519531 -0.0282993316650391
0.0454025268554688 0.0351448059082031 0.0173625946044922 0.00126266479492188
0.0427589416503906 0.0229568481445313 0.03106689453125 0.00487709045410156
0.0479087829589844 0.0086822509765625 0.0424995422363281 -0.00799560546875
0.0425224304199219 -0.010009765625 0.0336494445800781 -0.0214653015136719
0.0317916870117188 -0.0317668914794922 0.0182895660400391 -0.0332889556884766
0.0164146423339844 -0.0404243469238281 0.00352287292480469 -0.0232963562011719
0.0148200988769531 -0.0377540588378906 -0.00581836700439453 -0.00937175750732422
0.0125923156738281 -0.0430145263671875 -0.0109176635742188 0.00176525115966797
0.0208663940429687 -0.0432052612304688 -0.0180568695068359 0.00383377075195313
0.03369140625 -0.030364990234375 -0.0270919799804687 0.00748634338378906
0.0402107238769531 -0.0190582275390625 -0.0276908874511719 0.000200271606445305
0.0415153503417969 0.00117111206054688 -0.0297298431396484 -0.00632476806640626
0.0475311279296875 0.0154228210449219 -0.0211009979248047 0.000347137451171877
0.0455398559570313 0.0273323059082031 -0.0149745941162109 0.0135726928710938
0.0458602905273438 0.0459785461425781 0.014348030090332 -0.0144290924072266
0.0533103942871094 0.0371360778808594 0.0300216674804688 0.0103359222412109
0.0517692565917969 0.0213432312011719 0.0345821380615234 0.00805282592773438
0.0543594360351563 0.00336074829101563 0.038299560546875 -0.003997802734375
0.0449905395507812 -0.0160102844238281 0.0260868072509766 -0.0145072937011719
0.0310897827148438 -0.0362281799316406 0.0107173919677734 -0.0201606750488281
0.0147018432617188 -0.0419998168945313 0.000352859497070313 -0.00608444213867188
0.0140876770019531 -0.0379676818847656 -0.00638628005981445 0.00825357437133789
0.0130996704101562 -0.0442543029785156 -0.0101242065429688 0.0187454223632812
0.0209693908691406 -0.0439262390136719 -0.0194969177246094 0.0180740356445312
0.0349903106689453 -0.0319461822509766 -0.0282573699951172 0.0176887512207031
0.0437545776367188 -0.0206069946289063 -0.0270366668701172 0.00501632690429688
0.0480995178222656 0.00299835205078125 -0.0251865386962891 -0.00511741638183594
0.0526313781738281 0.0204124450683594 -0.00705242156982422 0.0038456916809082
0.0481681823730469 0.0328559875488281 0.00168228149414063 0.0254650115966797
0.04180908203125 0.0402488708496094 0.0299472808837891 -0.0035858154296875
0.0539398193359375 0.0322837829589844 0.041259765625 0.0155601501464844
0.0505828857421875 0.0151405334472656 0.0360069274902344 0.00918960571289063
0.05023193359375 -0.00276565551757813 0.0327739715576172 0.000583648681640625
0.0387687683105469 -0.0197410583496094 0.0191593170166016 -0.00464439392089844
0.0236053466796875 -0.0361061096191406 0.00485420227050781 -0.0045628547668457
0.0104179382324219 -0.0377540588378906 -0.000967979431152344 0.0115184783935547
0.0114116668701172 -0.0332317352294922 -0.00547409057617188 0.0247611999511719
0.0111770629882813 -0.0382766723632813 -0.00996971130371094 0.0330905914306641
0.0192642211914063 -0.037689208984375 -0.0216121673583984 0.0305347442626953
0.0329113006591797 -0.0273551940917969 -0.0293846130371094 0.0255641937255859
0.041473388671875 -0.0168571472167969 -0.0275287628173828 0.00886726379394531
0.0460739135742188 0.00651931762695313 -0.0201301574707031 -0.00272178649902344
0.049224853515625 0.0243263244628906 0.00722217559814453 0.00894355773925781
0.0427474975585937 0.0349464416503906 0.0167236328125 0.0387077331542969
0.0320301055908203 0.0285472869873047 0.0423507690429687 0.00302886962890625
0.0439453125 0.0229606628417969 0.0491714477539062 0.0159950256347656
0.0411224365234375 0.00702667236328125 0.0347003936767578 0.00797843933105469
0.0373687744140625 -0.00770950317382813 0.0260543823242188 0.00451850891113281
0.0254154205322266 -0.0190677642822266 0.0134286880493164 0.00385570526123047
0.0123615264892578 -0.0286026000976563 0.00208759307861328 0.00926017761230469
0.00437736511230469 -0.0255622863769531 -0.000398635864257815 0.0256843566894531
0.00640487670898438 -0.0226993560791016 -0.00345230102539062 0.0372505187988281
0.00747108459472656 -0.0264854431152344 -0.0103530883789062 0.0441741943359375
0.0140323638916016 -0.0267601013183594 -0.0249977111816406 0.0403366088867188
0.0257606506347656 -0.0185699462890625 -0.0322742462158203 0.0305080413818359
0.0336780548095703 -0.0106067657470703 -0.0283851623535156 0.0124263763427734
0.0365257263183594 0.00911331176757813 -0.015380859375 0.000304222106933592
0.0378341674804687 0.0241775512695312 0.0167884826660156 0.0157403945922852
0.0302104949951172 0.0315933227539063 0.0275955200195313 0.0509490966796875
0.014094352722168 0.0147924423217773 0.0491485595703125 0.0051727294921875
0.0269889831542969 0.0114898681640625 0.0517654418945313 0.0128669738769531
0.0238590240478516 5.7220458984375E-05 0.0326728820800781 0.00584602355957031
0.0188388824462891 -0.00868988037109375 0.0225086212158203 0.00780677795410156
0.00979900360107422 -0.0133161544799805 0.0124902725219727 0.0103225708007813
0.000621795654296875 -0.0150880813598633 0.00271987915039062 0.0182476043701172
-0.00134944915771484 -0.00965690612792969 0.00267410278320312 0.0342082977294922
0.000838279724121093 -0.00841712951660156 -0.00121688842773437 0.0436439514160156
0.00150585174560547 -0.0117578506469727 -0.01202392578125 0.0503387451171875
0.00493144989013672 -0.013422966003418 -0.0287017822265625 0.0442848205566406
0.0135288238525391 -0.0106849670410156 -0.0352783203125 0.03253173828125
0.0199470520019531 -0.00637054443359375 -0.0300655364990234 0.0147151947021484
0.0229034423828125 0.00815200805664063 -0.0144681930541992 0.00372505187988281
0.0221023559570313 0.0170269012451172 0.0193214416503906 0.0227870941162109
0.0137424468994141 0.0218105316162109 0.0320625305175781 0.0604896545410156
0.00146174430847168 0.00413870811462402 -0.0328521728515625 -0.0539093017578125
-0.00262451171875 -0.00303411483764648 -0.0123519897460937 -0.0225181579589844
-0.00621366500854492 0.00299358367919922 0.0163984298706055 -0.00206470489501953
-0.000412464141845703 0.00669193267822266 0.0381622314453125 -0.0129852294921875
0.00454092025756836 0.00329399108886719 0.0402107238769531 -0.0297584533691406
0.00417542457580566 -0.0010228157043457 0.0298385620117188 -0.0474777221679688
0.00316762924194336 -0.00682210922241211 0.0114021301269531 -0.0523948669433594
0.00315427780151367 -0.00453948974609375 -0.00138092041015625 -0.0424728393554688
0.00256443023681641 -0.00464391708374023 -0.00691604614257812 -0.0315437316894531
0.00622415542602539 -0.0037989616394043 -0.00932121276855469 -0.0231723785400391
0.00671768188476563 0.000659942626953125 -0.0189418792724609 -0.0126323699951172
0.000734806060791016 0.00590705871582031 -0.0234146118164063 -0.00931739807128906
-0.00649404525756836 0.000604629516601562 -0.0321292877197266 -0.0138969421386719
-0.00206661224365234 -0.00515222549438477 -0.0478630065917969 -0.0112953186035156
-0.0015559196472168 -0.00160443782806396 -0.0465965270996094 -0.00900650024414063
0.017791748046875 0.0209369659423828 -0.0258216857910156 -0.0489006042480469
0.0149459838867188 0.0112400054931641 -0.00451183319091797 -0.0175457000732422
0.0104026794433594 0.0113391876220703 0.0206623077392578 -0.000833511352539062
0.017059326171875 0.0089101791381836 0.0410003662109375 -0.011932373046875
0.0191707611083984 -0.000272750854492188 0.0401268005371094 -0.0280189514160156
0.0154819488525391 -0.0125799179077148 0.0285987854003906 -0.0457878112792969
0.00985527038574219 -0.0210037231445313 0.0104904174804688 -0.0472908020019531
0.00875473022460938 -0.0194950103759766 -0.002960205078125 -0.0354499816894531
0.00785064697265625 -0.0215072631835938 -0.00971221923828125 -0.0252056121826172
0.0141048431396484 -0.0208396911621094 -0.0135059356689453 -0.0181980133056641
0.0192031860351563 -0.0120925903320313 -0.0222625732421875 -0.00929069519042969
0.0177822113037109 -0.00211143493652344 -0.0248622894287109 -0.00794601440429688
0.0122241973876953 0.00296783447265625 -0.0319004058837891 -0.0105953216552734
0.016026496887207 0.00421524047851563 -0.0434188842773438 -0.00690460205078125
0.0180149078369141 0.0103569030761719 -0.0420761108398437 -0.00319671630859375
0.0320053100585938 0.0346145629882813 -0.0150604248046875 -0.0404243469238281
0.0300884246826172 0.0251655578613281 0.00571918487548828 -0.00848007202148437
0.0271263122558594 0.0194416046142578 0.0256500244140625 0.00177001953125
0.0338516235351562 0.0106029510498047 0.0423469543457031 -0.0098724365234375
0.0329093933105469 -0.00448417663574219 0.0374603271484375 -0.0252647399902344
0.0260066986083984 -0.0226020812988281 0.0245132446289062 -0.0407028198242188
0.0140285491943359 -0.0323619842529297 0.00753021240234375 -0.0372581481933594
0.0129737854003906 -0.0308113098144531 -0.00453948974609375 -0.0239944458007813
0.0106582641601563 -0.0350418090820313 -0.0109577178955078 -0.0126056671142578
0.0187644958496094 -0.0345325469970703 -0.0169858932495117 -0.00918197631835938
0.0279808044433594 -0.0222225189208984 -0.0259723663330078 -0.00164794921875001
0.0309944152832031 -0.0113983154296875 -0.0266475677490234 -0.00491142272949218
0.0290966033935547 0.00243949890136719 -0.0313396453857422 -0.00824546813964844
0.0336151123046875 0.0108127593994141 -0.0349369049072266 -0.00239944458007813
0.0338859558105469 0.0193634033203125 -0.0307426452636719 0.00375556945800781
0.04132080078125 0.0435791015625 -0.00058937072753906 -0.0278415679931641
0.0446014404296875 0.0350189208984375 0.0177726745605469 0.002777099609375
0.0416793823242188 0.0232009887695313 0.0302600860595703 0.00603866577148438
0.0478324890136719 0.00882720947265625 0.0417556762695313 -0.0070953369140625
0.0421028137207031 -0.010040283203125 0.0332622528076172 -0.01983642578125
0.0310897827148438 -0.0312347412109375 0.0179042816162109 -0.0319137573242187
0.0165061950683594 -0.0399818420410156 0.00407791137695313 -0.0231819152832031
0.0149497985839844 -0.0366744995117188 -0.00537395477294922 -0.00814580917358399
0.0123405456542969 -0.0425758361816406 -0.0106868743896484 0.00197505950927734
0.0206069946289063 -0.0428581237792969 -0.0186252593994141 0.0040740966796875
0.0328025817871094 -0.0300388336181641 -0.0271663665771484 0.00758743286132813
0.0393028259277344 -0.0187721252441406 -0.0276374816894531 -0.000209808349609374
0.0419578552246094 0.00210952758789062 -0.0295162200927734 -0.00560951232910157
0.0461502075195313 0.0161056518554688 -0.0219306945800781 0.000883102416992187
0.0445823669433594 0.0265998840332031 -0.0153532028198242 0.0137081146240234
0.0457801818847656 0.0455093383789063 0.0146646499633789 -0.0135440826416016
0.0522651672363281 0.0363960266113281 0.0298061370849609 0.0113449096679688
0.0504379272460938 0.0213623046875 0.0340061187744141 0.00941848754882813
0.0533485412597656 0.00291061401367187 0.0387344360351563 -0.00249099731445313
0.0440559387207031 -0.0159759521484375 0.0256614685058594 -0.0130538940429688
0.0299339294433594 -0.0353660583496094 0.0106582641601563 -0.0187301635742188
0.0148735046386719 -0.0411834716796875 0.000588417053222657 -0.00503873825073242
0.0138473510742188 -0.0374107360839844 -0.00565719604492187 0.009002685546875
0.0121421813964844 -0.0436592102050781 -0.0101604461669922 0.0180492401123047
0.0205726623535156 -0.0429115295410156 -0.0203571319580078 0.0186977386474609
0.0350227355957031 -0.03082275390625 -0.0284233093261719 0.0177955627441406
0.0432929992675781 -0.0205764770507813 -0.0272941589355469 0.00459861755371094
0.0476646423339844 0.003570556640625 -0.0240993499755859 -0.00476455688476562
0.0515823364257813 0.0211715698242188 -0.00735807418823242 0.00393104553222656
0.0476837158203125 0.0321197509765625 0.000732421875000006 0.0251483917236328
0.0415878295898438 0.0391998291015625 0.0305690765380859 -0.00268173217773437
0.05224609375 0.0318489074707031 0.0407905578613281 0.0160140991210938
0.050262451171875 0.0157241821289063 0.0349044799804688 0.00968742370605469
0.049041748046875 -0.00321578979492188 0.0325222015380859 0.00206375122070313
0.0375518798828125 -0.0194587707519531 0.0180778503417969 -0.00420761108398438
0.0233116149902344 -0.0354423522949219 0.00461864471435547 -0.00424003601074219
0.0110321044921875 -0.0365638732910156 -0.00109672546386719 0.0110931396484375
0.0105819702148438 -0.0322513580322266 -0.00379562377929687 0.0243911743164062
0.010589599609375 -0.0367889404296875 -0.00940513610839844 0.0326595306396484
0.0181961059570313 -0.0368728637695313 -0.0222015380859375 0.0305976867675781
0.0324325561523438 -0.0267105102539062 -0.0301723480224609 0.0260810852050781
0.0410690307617188 -0.0170707702636719 -0.0271492004394531 0.00840377807617188
0.0449676513671875 0.00689315795898438 -0.019744873046875 -0.002044677734375
0.0481185913085938 0.0241127014160156 0.00562477111816407 0.00883579254150391
0.04156494140625 0.0339202880859375 0.01531982421875 0.0379066467285156
0.0313053131103516 0.0279712677001953 0.0423583984375 0.00450515747070313
0.0419044494628906 0.0219230651855469 0.0487327575683594 0.0164146423339844
0.0397682189941406 0.00754547119140625 0.0345554351806641 0.00879287719726563
0.0370674133300781 -0.00756454467773437 0.0258502960205078 0.00559616088867188
0.024627685546875 -0.0188350677490234 0.0131044387817383 0.00498485565185547
0.0118732452392578 -0.0276412963867187 0.00209426879882813 0.00955677032470703
0.00516319274902344 -0.0244369506835938 -9.91821289062488E-05 0.0254135131835937
0.00584602355957031 -0.0218582153320312 -0.00312042236328125 0.0361595153808594
0.0076446533203125 -0.0259265899658203 -0.0104103088378906 0.0439414978027344
0.0138168334960938 -0.0261135101318359 -0.0252571105957031 0.0391044616699219
0.0249443054199219 -0.0186710357666016 -0.0322303771972656 0.0303421020507813
0.0326004028320313 -0.010345458984375 -0.0282382965087891 0.0119991302490234
0.0356788635253906 0.00884628295898437 -0.0152311325073242 0.000777244567871092
0.0362625122070313 0.023223876953125 0.0151605606079102 0.016484260559082
0.0297145843505859 0.0302505493164063 0.0261611938476563 0.0501022338867187
0.0141162872314453 0.0141019821166992 0.0484085083007813 0.00619125366210938
0.0259723663330078 0.0106563568115234 0.0512199401855469 0.0137176513671875
0.022857666015625 0.000185012817382813 0.0326995849609375 0.00730133056640625
0.0181961059570313 -0.00805473327636719 0.0225677490234375 0.00911712646484375
0.00924587249755859 -0.0126705169677734 0.0120058059692383 0.0106019973754883
-0.000264167785644532 -0.0138998031616211 0.00267601013183594 0.0188083648681641
-0.00111198425292969 -0.00919151306152344 0.00317192077636719 0.0333042144775391
0.00129461288452148 -0.00742006301879883 -0.00101089477539063 0.0433006286621094
0.00149345397949219 -0.0111856460571289 -0.0112648010253906 0.0488090515136719
0.00443649291992188 -0.0128469467163086 -0.0289535522460937 0.0436363220214844
0.0131664276123047 -0.0105428695678711 -0.0358047485351563 0.032501220703125
0.0184211730957031 -0.00613021850585938 -0.0297832489013672 0.0136547088623047
0.0215110778808594 0.00789642333984375 -0.013920783996582 0.0041341781616211
0.0217628479003906 0.0171165466308594 0.0190448760986328 0.0219955444335938
0.0131378173828125 0.0204658508300781 0.0300827026367188 0.0600814819335938
0.0014805793762207 0.00444364547729492 -0.0312271118164063 -0.0546340942382813
-0.00232696533203125 -0.00274491310119629 -0.0120754241943359 -0.0226650238037109
-0.00529193878173828 0.00325202941894531 0.0170011520385742 -0.000837326049804687
0.000182151794433594 0.00644874572753906 0.0388641357421875 -0.0124053955078125
0.00379085540771484 0.00308752059936523 0.0411224365234375 -0.0291023254394531
0.00476694107055664 -0.0008087158203125 0.031158447265625 -0.0480918884277344
0.0037083625793457 -0.00714635848999023 0.0127449035644531 -0.0524826049804687
0.00355815887451172 -0.00588750839233398 -0.0008697509765625 -0.0423126220703125
0.00368690490722656 -0.00452613830566406 -0.0069732666015625 -0.0322189331054688
0.00716972351074219 -0.00363445281982422 -0.00969696044921875 -0.0239105224609375
0.00667905807495117 0.000648975372314453 -0.0195293426513672 -0.013397216796875
0.000671386718749999 0.00596857070922852 -0.0237445831298828 -0.0104293823242188
-0.00668668746948242 0.0010371208190918 -0.0326061248779297 -0.0146141052246094
-0.00293684005737305 -0.00524663925170898 -0.0487136840820313 -0.0123977661132813
-0.00164973735809326 -0.000740647315979004 -0.0477409362792969 -0.010040283203125
0.0173683166503906 0.0218276977539063 -0.0241355895996094 -0.0506095886230469
0.0141725540161133 0.0120353698730469 -0.00465011596679688 -0.0174846649169922
0.0104885101318359 0.0117568969726563 0.0213375091552734 3.43322753906257E-05
0.0176429748535156 0.00937271118164063 0.0416793823242188 -0.0115242004394531
0.0192604064941406 0.000202178955078125 0.0409584045410156 -0.0270423889160156
0.0163469314575195 -0.0126562118530273 0.0298347473144531 -0.0462875366210938
0.00979423522949219 -0.0219936370849609 0.0115318298339844 -0.0473861694335938
0.00924873352050781 -0.0199260711669922 -0.00324249267578125 -0.0351295471191406
0.00859260559082032 -0.0219535827636719 -0.00955772399902344 -0.0250968933105469
0.0153083801269531 -0.020263671875 -0.0140762329101562 -0.0197792053222656
0.019989013671875 -0.0114459991455078 -0.0234146118164062 -0.00987815856933594
0.0189533233642578 -0.00209808349609375 -0.0253314971923828 -0.00879859924316407
0.0127620697021484 0.00390338897705078 -0.0330333709716797 -0.0113887786865234
0.0164985656738281 0.00497531890869141 -0.0438270568847656 -0.00724029541015625
0.0180473327636719 0.0110759735107422 -0.0430641174316406 -0.00426101684570313
0.0317306518554688 0.0355720520019531 -0.0137100219726563 -0.0410957336425781
0.0308189392089844 0.0256519317626953 0.00675201416015625 -0.00821161270141601
0.0273857116699219 0.0203266143798828 0.0260009765625 0.00354766845703125
0.0342617034912109 0.0109519958496094 0.0434455871582031 -0.0087127685546875
0.0328407287597656 -0.00326919555664063 0.03857421875 -0.024383544921875
0.0264167785644531 -0.0224590301513672 0.0257339477539062 -0.0406837463378906
0.0153636932373047 -0.0338897705078125 0.00791931152343751 -0.0369834899902344
0.0132732391357422 -0.0319766998291016 -0.00535774230957031 -0.0235824584960938
0.0117645263671875 -0.0351352691650391 -0.0112276077270508 -0.0127353668212891
0.0196380615234375 -0.0343894958496094 -0.0179767608642578 -0.0088348388671875
0.0291309356689453 -0.0231227874755859 -0.0267753601074219 -0.00225257873535157
0.0318260192871094 -0.0104808807373047 -0.0272865295410156 -0.0056915283203125
0.02978515625 0.00370216369628906 -0.0325107574462891 -0.00895309448242187
0.0338630676269531 0.011932373046875 -0.0353660583496094 -0.003143310546875
0.0338134765625 0.0207805633544922 -0.03265380859375 0.0035400390625
0.0417060852050781 0.0447502136230469 0.000400543212890626 -0.0266838073730469
0.0442276000976563 0.0347900390625 0.0180130004882813 0.00370025634765625
0.0417327880859375 0.0244636535644531 0.0310020446777344 0.00786209106445313
0.0481681823730469 0.00860595703125 0.043487548828125 -0.00519943237304687
0.0423774719238281 -0.00897979736328125 0.0334358215332031 -0.0188426971435547
0.0322837829589844 -0.0306587219238281 0.0190181732177734 -0.0308284759521484
0.0164604187011719 -0.0404548645019531 0.00433349609375 -0.0210704803466797
0.0148963928222656 -0.0385665893554688 -0.00532817840576172 -0.00713729858398438
0.0132522583007812 -0.0428695678710938 -0.0112552642822266 0.00237178802490234
0.0210227966308594 -0.0426368713378906 -0.0205211639404297 0.00421905517578125
0.0346546173095703 -0.0304794311523438 -0.0283679962158203 0.00794219970703125
0.0406532287597656 -0.0178642272949219 -0.0285739898681641 -0.000526428222656247
0.0418701171875 0.00313186645507812 -0.0303630828857422 -0.0062103271484375
0.0469932556152344 0.0173759460449219 -0.0229148864746094 0.00104713439941407
0.0449295043945312 0.0276374816894531 -0.0170745849609375 0.0141782760620117
0.045013427734375 0.04583740234375 0.0161676406860352 -0.0130519866943359
0.0522422790527344 0.036956787109375 0.0305805206298828 0.0126609802246094
0.0511207580566406 0.0232048034667969 0.0343132019042969 0.0109004974365234
0.0539970397949219 0.00380706787109375 0.0395584106445312 -0.00058746337890625
0.0450515747070313 -0.0156822204589844 0.0265789031982422 -0.0115337371826172
0.0312728881835938 -0.0361442565917969 0.0110549926757813 -0.0181732177734375
0.0157814025878906 -0.040557861328125 0.00095653533935547 -0.00499534606933594
0.0150680541992187 -0.0381278991699219 -0.00550270080566406 0.0103206634521484
0.0131301879882812 -0.0430831909179688 -0.0106410980224609 0.0187664031982422
0.0213546752929688 -0.0435905456542969 -0.0207691192626953 0.0182533264160156
0.0361137390136719 -0.0319747924804688 -0.0291366577148437 0.0175571441650391
0.0435218811035156 -0.0200614929199219 -0.0284595489501953 0.00435256958007812
0.0477294921875 0.00445556640625 -0.0261859893798828 -0.00503540039062501
0.0518608093261719 0.0225791931152344 -0.00812196731567382 0.00475502014160157
0.0477638244628906 0.0335578918457031 -0.000226974487304682 0.0265674591064453
0.0412788391113281 0.0392837524414063 0.0301532745361328 -0.00217819213867187
0.0517768859863281 0.0336952209472656 0.0414276123046875 0.0178947448730469
0.0494346618652344 0.0174942016601563 0.0354423522949219 0.0121955871582031
0.0498542785644531 -0.00208663940429688 0.0331077575683594 0.00277519226074219
0.037933349609375 -0.0180511474609375 0.0183830261230469 -0.00311851501464844
0.0235652923583984 -0.0347862243652344 0.00427055358886719 -0.00301194190979004
0.0117340087890625 -0.0355682373046875 -0.000161170959472655 0.0118894577026367
0.0117378234863281 -0.0320415496826172 -0.00511932373046875 0.0248241424560547
0.011566162109375 -0.0370979309082031 -0.0103778839111328 0.0329093933105469
0.0185813903808594 -0.0378532409667969 -0.0233325958251953 0.0312557220458984
0.0330162048339844 -0.0266017913818359 -0.0307540893554687 0.0256423950195312
0.0418624877929688 -0.0162544250488281 -0.0285873413085937 0.00852394104003906
0.0454559326171875 0.00789260864257813 -0.0205078125 -0.00220680236816406
0.0479850769042969 0.0257034301757812 0.00567436218261719 0.00971698760986328
0.0430107116699219 0.0344505310058594 0.0142669677734375 0.0395469665527344
0.0312480926513672 0.0274009704589844 0.0434036254882813 0.00500869750976563
0.0426483154296875 0.022918701171875 0.0477790832519531 0.017974853515625
0.0401573181152344 0.00838851928710938 0.0354194641113281 0.0110092163085937
0.0366134643554688 -0.00712203979492187 0.0277957916259766 0.00719070434570312
0.0247535705566406 -0.0181884765625 0.0137348175048828 0.00584220886230469
0.0125827789306641 -0.0280838012695313 0.00156688690185547 0.0106258392333984
0.00486183166503906 -0.0239200592041016 0.000707626342773439 0.0253372192382813
0.00729560852050781 -0.0215282440185547 -0.003387451171875 0.0375709533691406
0.00719642639160156 -0.0254249572753906 -0.0106582641601563 0.0438652038574219
0.01300048828125 -0.0249881744384766 -0.0259361267089844 0.0399169921875
0.0252094268798828 -0.0188961029052734 -0.0332450866699219 0.0303058624267578
0.0329685211181641 -0.0109653472900391 -0.0294017791748047 0.0111713409423828
0.0359153747558594 0.0107383728027344 -0.0162134170532227 0.000883102416992187
0.0375289916992188 0.0236663818359375 0.0152664184570313 0.016627311706543
0.0302715301513672 0.0300483703613281 0.0246162414550781 0.0518302917480469
0.0139474868774414 0.0135612487792969 0.0498085021972656 0.00604248046875
0.0266094207763672 0.0109062194824219 0.0518302917480469 0.0147132873535156
0.0230827331542969 0.000505447387695312 0.0334072113037109 0.00944709777832031
0.0189952850341797 -0.00863075256347656 0.0225753784179688 0.0102806091308594
0.00906467437744141 -0.0129461288452148 0.0120935440063477 0.0115222930908203
0.0004119873046875 -0.0143318176269531 0.00295066833496094 0.0193424224853516
-0.00131797790527344 -0.0084071159362793 0.00359725952148438 0.0344200134277344
0.000804901123046876 -0.00749826431274414 -0.000816345214843753 0.0435028076171875
0.00116252899169922 -0.00984859466552734 -0.0117645263671875 0.04913330078125
0.00428390502929688 -0.0117073059082031 -0.0303421020507813 0.04364013671875
0.0130434036254883 -0.009613037109375 -0.0368118286132813 0.0318527221679687
0.01922607421875 -0.00539970397949219 -0.0308742523193359 0.0141277313232422
0.0219955444335938 0.008026123046875 -0.0147762298583984 0.00429630279541016
0.02142333984375 0.016571044921875 0.0179710388183594 0.0225868225097656
0.0131320953369141 0.0207481384277344 0.028106689453125 0.0610694885253906
0.00157880783081055 0.00538349151611328 -0.0314750671386719 -0.0572319030761719
-0.00273323059082031 -0.00228357315063477 -0.0118579864501953 -0.0228996276855469
-0.00636577606201172 0.00326395034790039 0.0166921615600586 -0.000762939453125
0.0008392333984375 0.00667762756347656 0.0404815673828125 -0.0125694274902344
0.00478506088256836 0.00299501419067383 0.0430793762207031 -0.0301666259765625
0.0050806999206543 -0.00153112411499023 0.0323410034179688 -0.0502204895019531
0.0038151741027832 -0.0079951286315918 0.0128936767578125 -0.0546684265136719
0.00482416152954102 -0.0064082145690918 -0.000949859619140626 -0.0434303283691406
0.00416231155395508 -0.00556564331054688 -0.00845336914062499 -0.033355712890625
0.00700092315673828 -0.00446128845214844 -0.0107192993164062 -0.0251426696777344
0.00756120681762695 0.000983715057373047 -0.0203056335449219 -0.0145797729492187
0.00199079513549805 0.00692844390869141 -0.02587890625 -0.0118331909179688
-0.00657129287719727 0.00186252593994141 -0.0341625213623047 -0.0159473419189453
-0.00300359725952148 -0.00414419174194336 -0.0505943298339844 -0.0130729675292969
-0.00190794467926025 -0.000170707702636719 -0.0499954223632813 -0.00988769531250001
0.0185317993164063 0.023193359375 -0.0244331359863281 -0.0523757934570312
0.0157232284545898 0.0130653381347656 -0.00414657592773438 -0.0175228118896484
0.0109748840332031 0.0132913589477539 0.0224018096923828 0.000907897949218751
0.0191535949707031 0.00952339172363281 0.04339599609375 -0.0111160278320312
0.0207614898681641 -0.000423431396484375 0.0427818298339844 -0.0277519226074219
0.0176582336425781 -0.0134811401367187 0.0309295654296875 -0.0474586486816406
0.0106887817382813 -0.0229644775390625 0.0113716125488281 -0.0489463806152344
0.00946235656738281 -0.0214748382568359 -0.00308609008789063 -0.03607177734375
0.00905036926269531 -0.0229129791259766 -0.0112361907958984 -0.0257701873779297
0.0159664154052734 -0.0219764709472656 -0.0152225494384766 -0.0196914672851563
0.0213203430175781 -0.0121955871582031 -0.0244960784912109 -0.0109672546386719
0.0199069976806641 -0.00154876708984375 -0.0269966125488281 -0.0100994110107422
0.0130701065063477 0.00485992431640625 -0.0343265533447266 -0.0121936798095703
0.0168781280517578 0.00535488128662109 -0.0467681884765625 -0.00788116455078126
0.0185718536376953 0.011932373046875 -0.0452003479003906 -0.00470352172851562
0.0332069396972656 0.0378761291503906 -0.0126419067382813 -0.0423316955566406
0.0328407287597656 0.027008056640625 0.00689172744750977 -0.00771856307983398
0.0285816192626953 0.0217475891113281 0.0278453826904297 0.00472640991210938
0.0360450744628906 0.0113067626953125 0.04534912109375 -0.00867080688476562
0.0348243713378906 -0.00417518615722656 0.040283203125 -0.0245094299316406
0.0280399322509766 -0.0232734680175781 0.0262641906738281 -0.0415229797363281
0.0160427093505859 -0.0348415374755859 0.00876235961914063 -0.0379219055175781
0.0142421722412109 -0.0332508087158203 -0.00474357604980469 -0.0233287811279297
0.0123710632324219 -0.0369033813476563 -0.0123510360717773 -0.0126361846923828
0.0206031799316406 -0.0365257263183594 -0.0194072723388672 -0.00992584228515626
0.0305423736572266 -0.0240669250488281 -0.0287075042724609 -0.00242233276367187
0.0337715148925781 -0.0114593505859375 -0.0294990539550781 -0.00548171997070312
0.0305423736572266 0.00478744506835938 -0.0343742370605469 -0.0092926025390625
0.0353317260742188 0.0128822326660156 -0.0378036499023438 -0.00349426269531249
0.0353851318359375 0.0216903686523438 -0.0340175628662109 0.00410652160644531
0.0431098937988281 0.04632568359375 0.00197410583496094 -0.0281562805175781
0.04608154296875 0.0377311706542969 0.0194034576416016 0.00384330749511719
0.04364013671875 0.0263519287109375 0.0326213836669922 0.00979995727539063
0.0503158569335938 0.00909042358398438 0.0451316833496094 -0.00458908081054687
0.0451622009277344 -0.00885391235351562 0.0351181030273438 -0.018707275390625
0.0333614349365234 -0.0323734283447266 0.0187721252441406 -0.0313472747802734
0.0183372497558594 -0.0411758422851563 0.00486373901367188 -0.0223560333251953
0.0164794921875 -0.0398368835449219 -0.00538349151611328 -0.00737524032592774
0.0141372680664062 -0.0440750122070312 -0.0118560791015625 0.00331211090087891
0.0225257873535156 -0.0447654724121094 -0.0217437744140625 0.00478172302246093
0.0357551574707031 -0.0316314697265625 -0.0301132202148437 0.00773429870605469
0.0424880981445313 -0.019012451171875 -0.0300636291503906 -0.000568389892578125
0.0435409545898438 0.0043487548828125 -0.0319290161132812 -0.00629043579101563
0.048614501953125 0.0183143615722656 -0.024322509765625 0.000318527221679694
0.0466461181640625 0.0290870666503906 -0.0186862945556641 0.0149307250976563
0.0474052429199219 0.047332763671875 0.0179996490478516 -0.0133934020996094
0.0541038513183594 0.0391693115234375 0.0318393707275391 0.0143775939941406
0.0531272888183594 0.0242805480957031 0.0360603332519531 0.0130805969238281
0.0565223693847656 0.00406265258789062 0.040985107421875 0.000156402587890625
0.046966552734375 -0.0161399841308594 0.0271205902099609 -0.010833740234375
0.0323829650878906 -0.0372123718261719 0.0106954574584961 -0.0174388885498047
0.0171089172363281 -0.0425872802734375 0.000900268554687501 -0.00492620468139649
0.0154685974121094 -0.0397453308105469 -0.00528717041015625 0.0102081298828125
0.0131072998046875 -0.0446891784667969 -0.0110645294189453 0.0198459625244141
0.0219497680664063 -0.0451774597167969 -0.0233001708984375 0.0197639465332031
0.0368385314941406 -0.0329856872558594 -0.031219482421875 0.0187473297119141
0.0459976196289063 -0.0213088989257813 -0.0303268432617187 0.00376892089843749
0.0501289367675781 0.00505828857421875 -0.0272350311279297 -0.00393486022949219
0.0539741516113281 0.0231208801269531 -0.00954151153564453 0.00497055053710938
0.0501174926757813 0.0346832275390625 -0.00177574157714843 0.0279083251953125
0.0433502197265625 0.0414276123046875 0.0331993103027344 -0.00119972229003906
0.0539970397949219 0.0340995788574219 0.0435943603515625 0.0201797485351563
0.0521011352539063 0.0181045532226563 0.0369873046875 0.0138893127441406
0.0523643493652344 -0.00212860107421875 0.03509521484375 0.00476837158203125
0.0402488708496094 -0.0195274353027344 0.019683837890625 -0.00159454345703125
0.025054931640625 -0.0359573364257813 0.00462770462036133 -0.00210046768188477
0.0121269226074219 -0.0365829467773438 -0.000669479370117188 0.0125741958618164
0.0122127532958984 -0.033905029296875 -0.00447273254394531 0.0262165069580078
0.0111618041992188 -0.0386772155761719 -0.0103187561035156 0.0344352722167969
0.0190925598144531 -0.038116455078125 -0.0249099731445313 0.0323772430419922
0.0337371826171875 -0.0278205871582031 -0.0325050354003906 0.0266456604003906
0.0435028076171875 -0.0178260803222656 -0.0296916961669922 0.00923919677734375
0.0475120544433594 0.00891876220703125 -0.0208911895751953 -0.00146102905273437
0.0507392883300781 0.0264244079589844 0.00545120239257813 0.00944328308105469
0.0444984436035156 0.0359611511230469 0.0138473510742188 0.0414466857910156
0.0321216583251953 0.0289306640625 0.0452194213867188 0.004974365234375
0.0445175170898437 0.0232315063476562 0.0514717102050781 0.0202789306640625
0.0422286987304688 0.00870895385742188 0.0359840393066406 0.0125312805175781
0.038330078125 -0.00791549682617188 0.0289192199707031 0.00844383239746094
0.026702880859375 -0.0187969207763672 0.0145502090454102 0.00707817077636719
0.0122776031494141 -0.0277042388916016 0.00170040130615235 0.0115852355957031
0.00536727905273437 -0.0247898101806641 0.00063896179199219 0.0275840759277344
0.0074462890625 -0.0225543975830078 -0.00283050537109375 0.0384979248046875
0.00810813903808594 -0.0258255004882813 -0.0112037658691406 0.0453872680664063
0.0136165618896484 -0.0259361267089844 -0.0279884338378906 0.0416793823242188
0.0260238647460937 -0.0191020965576172 -0.0358619689941406 0.0314788818359375
0.0342636108398438 -0.0107154846191406 -0.0305538177490234 0.0120410919189453
0.03759765625 0.0108718872070313 -0.0172491073608398 0.00105381011962891
0.0385322570800781 0.0249366760253906 0.0156059265136719 0.017303466796875
0.0310573577880859 0.0317497253417969 0.0240631103515625 0.0548210144042969
0.0147504806518555 0.0140666961669922 0.0532951354980469 0.00731277465820313
0.0274105072021484 0.0115547180175781 0.0544052124023438 0.016204833984375
0.0248794555664063 0.000585556030273438 0.0339851379394531 0.009735107421875
0.0191192626953125 -0.0092926025390625 0.0241966247558594 0.0123977661132812
0.00912761688232422 -0.0137128829956055 0.0132589340209961 0.012812614440918
-0.00057506561279297 -0.0138092041015625 0.00336074829101562 0.0206546783447266
-0.00121831893920898 -0.00769758224487305 0.00344467163085937 0.0351676940917969
0.00135517120361328 -0.00714254379272461 0.000106811523437503 0.0446548461914062
0.00133037567138672 -0.0102777481079102 -0.0124473571777344 0.0511054992675781
0.00433731079101563 -0.0124740600585938 -0.0308837890625 0.0459136962890625
0.0132923126220703 -0.00987052917480469 -0.0382537841796875 0.0331687927246094
0.0196685791015625 -0.00577545166015625 -0.0325107574462891 0.0142898559570313
0.0229778289794922 0.00835418701171875 -0.0160303115844727 0.00353813171386719
0.0223484039306641 0.0177993774414063 0.0185985565185547 0.0229988098144531
0.0136890411376953 0.0208911895751953 0.0289535522460937 0.0638580322265625
0.00219392776489258 0.00699424743652344 -0.0333518981933594 -0.0585250854492188
-0.00308966636657715 -0.00168061256408691 -0.0130367279052734 -0.0224170684814453
-0.00523233413696289 0.00397825241088867 0.0187530517578125 -0.000230789184570312
0.000954151153564453 0.00680065155029297 0.0431900024414063 -0.0140762329101563
0.00525045394897461 0.00244283676147461 0.0436248779296875 -0.0324249267578125
0.00541114807128906 -0.00225353240966797 0.0335311889648438 -0.0541038513183594
0.0035552978515625 -0.0086369514465332 0.0128746032714844 -0.0574111938476562
0.00468730926513672 -0.00807094573974609 -0.00360870361328125 -0.0454750061035156
0.00432491302490234 -0.00673580169677734 -0.0102043151855469 -0.0346603393554688
0.0076289176940918 -0.00462436676025391 -0.0124568939208984 -0.0276393890380859
0.00926017761230469 -0.0007476806640625 -0.0227508544921875 -0.0150852203369141
0.00257158279418945 0.00673246383666992 -0.0270156860351562 -0.0115375518798828
-0.00711536407470703 0.0019073486328125 -0.0375289916992188 -0.0166053771972656
-0.00326037406921387 -0.00438380241394043 -0.054718017578125 -0.0129508972167969
-0.00273728370666504 0.000910043716430664 -0.0533065795898438 -0.00876617431640624
0.0207023620605469 0.0243549346923828 -0.0262451171875 -0.0552749633789063
0.0164222717285156 0.0129404067993164 -0.00497627258300781 -0.0167961120605469
0.0127973556518555 0.0137662887573242 0.0234012603759766 0.00144577026367188
0.0194416046142578 0.00881767272949219 0.0461654663085938 -0.0128517150878906
0.022705078125 -0.00126266479492188 0.0441818237304688 -0.0299224853515625
0.0183963775634766 -0.0148410797119141 0.0309562683105469 -0.0498123168945313
0.0103416442871094 -0.0261306762695313 0.0106925964355469 -0.0517845153808594
0.009368896484375 -0.0236015319824219 -0.0040740966796875 -0.0376129150390625
0.0102787017822266 -0.0253849029541016 -0.0142536163330078 -0.0260009765625
0.0159721374511719 -0.0236911773681641 -0.0178298950195313 -0.0210723876953125
0.0234909057617188 -0.0140132904052734 -0.0269947052001953 -0.0102767944335938
0.0211238861083984 -0.00312614440917969 -0.0285797119140625 -0.0102310180664063
0.0129489898681641 0.0055084228515625 -0.0377044677734375 -0.0125045776367188
0.0172996520996094 0.00553035736083984 -0.0503921508789063 -0.00660705566406251
0.0199108123779297 0.0131778717041016 -0.0488357543945312 -0.00333023071289063
0.0349960327148438 0.0382843017578125 -0.0135002136230469 -0.0435943603515625
0.0347061157226562 0.0278091430664062 0.00748062133789063 -0.00837516784667969
0.0304908752441406 0.0226364135742188 0.0289421081542969 0.00468063354492188
0.0379257202148438 0.0105552673339844 0.047607421875 -0.00937652587890625
0.0367927551269531 -0.00570297241210938 0.0416412353515625 -0.0266571044921875
0.0294322967529297 -0.0259418487548828 0.0253257751464844 -0.0446319580078125
0.0153007507324219 -0.0370674133300781 0.00659942626953126 -0.0395088195800781
0.0135879516601563 -0.0355377197265625 -0.00514984130859375 -0.0240573883056641
0.0118980407714844 -0.040130615234375 -0.0138120651245117 -0.0121135711669922
0.0202713012695313 -0.03924560546875 -0.0214614868164062 -0.00921249389648438
0.0310783386230469 -0.0258979797363281 -0.0303497314453125 -0.000652313232421871
0.0355796813964844 -0.0122947692871094 -0.0315895080566406 -0.00518035888671876
0.0325508117675781 0.00530433654785156 -0.0361328125 -0.00917816162109375
0.0372657775878906 0.012603759765625 -0.0403022766113281 -0.0020294189453125
0.037506103515625 0.0220069885253906 -0.03656005859375 0.00590896606445313
0.04705810546875 0.0474281311035156 0.00192451477050782 -0.0290737152099609
0.0502395629882813 0.0383567810058594 0.0199718475341797 0.00599861145019531
0.0477027893066406 0.0269546508789063 0.03533935546875 0.00964736938476563
0.0537261962890625 0.00902938842773438 0.0486717224121094 -0.00491714477539062
0.0469436645507813 -0.0111351013183594 0.0369033813476563 -0.0213851928710938
0.0341300964355469 -0.0346488952636719 0.0184783935546875 -0.0329341888427734
0.0179939270019531 -0.0440673828125 0.00373458862304688 -0.0236701965332031
0.0157356262207031 -0.0420951843261719 -0.00543498992919922 -0.00566291809082032
0.0132827758789063 -0.0479965209960937 -0.0130100250244141 0.00452899932861328
0.021697998046875 -0.0472526550292969 -0.0229625701904297 0.00588607788085937
0.0360450744628906 -0.0352287292480469 -0.0328178405761719 0.00874900817871094
0.0449447631835938 -0.02142333984375 -0.0337047576904297 0.00152587890625
0.0457534790039063 0.00252532958984375 -0.0338249206542969 -0.00672149658203125
0.0506515502929688 0.0196113586425781 -0.0267963409423828 0.00261116027832032
0.0494766235351562 0.0296592712402344 -0.0204029083251953 0.0169506072998047
0.051055908203125 0.0479469299316406 0.0193595886230469 -0.0143413543701172
0.05743408203125 0.0393257141113281 0.0342350006103516 0.0155963897705078
0.0559005737304687 0.0248794555664063 0.0389289855957031 0.0144119262695313
0.060791015625 0.0026702880859375 0.0452003479003906 -0.00070953369140625
0.0491065979003906 -0.0176773071289063 0.0290184020996094 -0.0123996734619141
0.0329742431640625 -0.0395660400390625 0.0106410980224609 -0.0182590484619141
0.0163726806640625 -0.0457878112792969 0.00105094909667969 -0.00444316864013672
0.0142745971679687 -0.0428047180175781 -0.00525379180908203 0.0118942260742187
0.0120735168457031 -0.0481834411621094 -0.0113124847412109 0.0220260620117187
0.0212783813476562 -0.0471038818359375 -0.023406982421875 0.0215320587158203
0.0375213623046875 -0.0358924865722656 -0.03399658203125 0.0192737579345703
0.0471687316894531 -0.0232353210449219 -0.032470703125 0.00557327270507813
0.0536994934082031 0.00423812866210938 -0.0288372039794922 -0.00371360778808593
0.0586929321289063 0.0232391357421875 -0.00971221923828125 0.00571155548095703
0.0537796020507813 0.0346336364746094 -0.00202178955078125 0.0300045013427734
0.0466461181640625 0.0419044494628906 0.0355339050292969 -0.00393295288085937
0.0568962097167969 0.0340843200683594 0.0451469421386719 0.0205421447753906
0.0561485290527344 0.01751708984375 0.0402259826660156 0.0149612426757813
0.0552139282226562 -0.00470352172851563 0.0379714965820313 0.00521087646484375
0.0411453247070313 -0.0218429565429688 0.0203399658203125 -0.00168228149414063
0.024688720703125 -0.0377922058105469 0.00502490997314453 -0.000735759735107424
0.0109329223632812 -0.0390853881835938 -0.000668525695800781 0.0140209197998047
0.0117454528808594 -0.0366058349609375 -0.00301742553710938 0.0272903442382812
0.0103988647460938 -0.0400238037109375 -0.0102996826171875 0.0378875732421875
0.0188369750976563 -0.040252685546875 -0.0260467529296875 0.0359458923339844
0.0348167419433594 -0.0306549072265625 -0.0343780517578125 0.0301227569580078
0.0452766418457031 -0.019378662109375 -0.0316905975341797 0.0110282897949219
0.0506973266601563 0.0084075927734375 -0.0233440399169922 -0.000583648681640622
0.0551872253417969 0.0260124206542969 0.00630950927734375 0.00920486450195313
0.0473175048828125 0.0359230041503906 0.0132560729980469 0.0439682006835938
0.0349216461181641 0.0290355682373047 0.0483856201171875 0.00437164306640625
0.0485649108886719 0.0224456787109375 0.0545539855957031 0.0197715759277344
0.0441169738769531 0.007080078125 0.03814697265625 0.0123100280761719
0.0403938293457031 -0.00933074951171875 0.0306625366210938 0.0103836059570313
0.028045654296875 -0.0211677551269531 0.0151834487915039 0.00769424438476562
0.0125598907470703 -0.030364990234375 0.00331783294677734 0.0136327743530273
0.00462532043457031 -0.0258197784423828 0.00268936157226563 0.0287437438964844
0.00653076171875 -0.0236835479736328 -0.00072860717773437 0.039520263671875
0.00642585754394531 -0.0272445678710938 -0.010986328125 0.0476837158203125
0.0129261016845703 -0.0275421142578125 -0.0287361145019531 0.044219970703125
0.0259075164794922 -0.0210418701171875 -0.0356636047363281 0.0347213745117188
0.0347976684570313 -0.0131721496582031 -0.0325527191162109 0.0140933990478516
0.0401268005371094 0.0105781555175781 -0.0179061889648437 0.00127792358398437
0.040985107421875 0.0242042541503906 0.0160646438598633 0.0164375305175781
0.0343685150146484 0.0307846069335938 0.0259323120117188 0.0560531616210938
0.0155620574951172 0.013401985168457 0.0565948486328125 0.00529098510742188
0.02813720703125 0.00989723205566406 0.0571250915527344 0.0165634155273438
0.0251541137695313 0.000501632690429688 0.0353126525878906 0.0101661682128906
0.0188884735107422 -0.0108108520507813 0.0268478393554688 0.0132999420166016
0.00753211975097656 -0.0153417587280273 0.0145149230957031 0.0140504837036133
-0.00107479095458984 -0.0146608352661133 0.00466537475585938 0.0230827331542969
-0.00116109848022461 -0.00840616226196289 0.0055694580078125 0.0366630554199219
0.00100374221801758 -0.0070185661315918 0.00105667114257812 0.0466346740722656
0.00233554840087891 -0.00936508178710938 -0.0115585327148438 0.0530662536621094
0.00368213653564453 -0.0116844177246094 -0.0324821472167969 0.04962158203125
0.0113792419433594 -0.011012077331543 -0.0388984680175781 0.0366783142089844
0.0206890106201172 -0.00683021545410156 -0.0326995849609375 0.0162010192871094
0.0239276885986328 0.0074615478515625 -0.0170516967773437 0.0048818588256836
0.0236434936523438 0.0177764892578125 0.017974853515625 0.0223751068115234
0.0164833068847656 0.0206203460693359 0.0304946899414063 0.0663070678710938
0.00266647338867188 0.00674057006835938 -0.0381431579589844 -0.0589561462402344
-0.00370478630065918 -0.000808238983154298 -0.0132808685302734 -0.0219631195068359
-0.00608158111572266 0.00386905670166016 0.0200099945068359 -0.00176620483398437
0.00188636779785156 0.00503683090209961 0.0424690246582031 -0.0155754089355469
0.00779342651367187 0.00261783599853516 0.045318603515625 -0.035675048828125
0.00554943084716797 -0.00235271453857422 0.0297126770019531 -0.0554046630859375
0.00226831436157227 -0.00741243362426758 0.0101280212402344 -0.0608177185058594
0.00561141967773437 -0.0102729797363281 -0.00494766235351562 -0.0453605651855469
0.00477123260498047 -0.00922298431396484 -0.0133476257324219 -0.0343570709228516
0.00956916809082031 -0.00726890563964844 -0.0160636901855469 -0.0279178619384766
0.00961112976074219 0.001312255859375 -0.0240116119384766 -0.0152950286865234
0.00449800491333008 0.00845003128051758 -0.0293731689453125 -0.0117855072021484
-0.00733089447021484 0.00270843505859375 -0.0408363342285156 -0.0156021118164062
-0.00365614891052246 -0.00288653373718262 -0.0559616088867188 -0.0107269287109375
-0.0018162727355957 0.00256633758544922 -0.0582160949707031 -0.00726318359375001
0.0226001739501953 0.0244255065917969 -0.0282402038574219 -0.0556831359863281
0.0176429748535156 0.0144462585449219 -0.00483036041259765 -0.0165719985961914
0.0140151977539063 0.012751579284668 0.0249767303466797 0.000555038452148438
0.0208988189697266 0.006195068359375 0.0463905334472656 -0.0138511657714844
0.0224113464355469 -0.0029296875 0.0447120666503906 -0.0323905944824219
0.0183734893798828 -0.0176315307617188 0.0296974182128906 -0.0519790649414063
0.00908279418945313 -0.0274124145507813 0.00834274291992187 -0.0529899597167969
0.00801277160644531 -0.0261745452880859 -0.00701904296875 -0.037689208984375
0.00828933715820312 -0.0294761657714844 -0.0144081115722656 -0.0263767242431641
0.0151729583740234 -0.0266017913818359 -0.0201683044433594 -0.0188522338867187
0.0245857238769531 -0.0142688751220703 -0.0296421051025391 -0.00762748718261719
0.0241527557373047 -0.00430488586425781 -0.0321617126464844 -0.00740051269531249
0.0158004760742188 0.00684642791748047 -0.0400733947753906 -0.00981521606445312
0.0185756683349609 0.0072479248046875 -0.0515708923339844 -0.00632095336914062
0.0215320587158203 0.0122318267822266 -0.0529518127441406 -0.000709533691406252
0.0399513244628906 0.0384788513183594 -0.0152587890625 -0.043548583984375
0.0376548767089844 0.0271034240722656 0.00781106948852539 -0.00783109664916992
0.0343303680419922 0.0236835479736328 0.0306758880615234 0.00537300109863282
0.0404777526855469 0.0065155029296875 0.0490303039550781 -0.00940704345703125
0.0403213500976563 -0.00782012939453125 0.0417289733886719 -0.0298233032226563
0.0290317535400391 -0.0279045104980469 0.0247421264648438 -0.0444602966308594
0.01483154296875 -0.0389251708984375 0.00657272338867188 -0.0397186279296875
0.0118446350097656 -0.0392074584960937 -0.00676918029785156 -0.0241470336914063
0.0113601684570312 -0.042327880859375 -0.0161552429199219 -0.0111427307128906
0.0169410705566406 -0.0425186157226563 -0.0249271392822266 -0.00699615478515625
0.0338611602783203 -0.0297412872314453 -0.0326557159423828 0.00141525268554687
0.0357322692871094 -0.0157279968261719 -0.0346660614013672 -0.00488662719726563
0.0335617065429687 0.00287818908691406 -0.0399818420410156 -0.00746917724609375
0.0398826599121094 0.0105552673339844 -0.044097900390625 0.00170898437500001
0.0395469665527344 0.0223579406738281 -0.0387840270996094 0.0095672607421875
0.05145263671875 0.0492935180664063 0.00236129760742188 -0.0301418304443359
0.0541954040527344 0.0357475280761719 0.0226936340332031 0.00517654418945313
0.0504264831542969 0.0252914428710937 0.0374336242675781 0.0100135803222656
0.0573234558105469 0.00498580932617188 0.0495109558105469 -0.00624465942382813
0.0466461181640625 -0.0152664184570313 0.0355339050292969 -0.0203399658203125
0.0327224731445313 -0.0361480712890625 0.017181396484375 -0.032440185546875
0.0173149108886719 -0.0472908020019531 0.00131034851074219 -0.0223808288574219
0.0142784118652344 -0.0446243286132813 -0.00602579116821289 -0.00532388687133789
0.0109634399414063 -0.050048828125 -0.0130538940429688 0.00743007659912109
0.0175437927246094 -0.051849365234375 -0.0262451171875 0.00918388366699219
0.0354042053222656 -0.0385780334472656 -0.0320682525634766 0.0118904113769531
0.0449333190917969 -0.0250740051269531 -0.034515380859375 0.00195503234863281
0.0479087829589844 0.00265121459960938 -0.0378799438476563 -0.00211334228515625
0.054443359375 0.0166816711425781 -0.0262355804443359 0.00413513183593751
0.0513687133789063 0.0279006958007813 -0.0216484069824219 0.0196933746337891
0.05438232421875 0.0456161499023438 0.0192947387695313 -0.0163745880126953
0.0633087158203125 0.0358772277832031 0.0369644165039063 0.0145072937011719
0.0589065551757813 0.0232467651367188 0.040618896484375 0.0138778686523438
0.0630416870117188 -0.000629425048828125 0.047119140625 -0.000316619873046875
0.0492630004882813 -0.0235443115234375 0.0299568176269531 -0.0127334594726563
0.0298843383789063 -0.0414085388183594 0.0116710662841797 -0.018524169921875
0.0122756958007812 -0.0467338562011719 0.000258088111877442 -0.00105881690979004
0.0119514465332031 -0.0450553894042969 -0.00531959533691406 0.0124073028564453
0.00848770141601563 -0.05023193359375 -0.0106658935546875 0.0237884521484375
0.0188255310058594 -0.0496864318847656 -0.0227832794189453 0.0240268707275391
0.036956787109375 -0.0398139953613281 -0.0343494415283203 0.0228157043457031
0.0474777221679688 -0.027618408203125 -0.03643798828125 0.00741958618164063
0.0556297302246094 0.00196075439453125 -0.0298824310302734 1.14440917968717E-05
0.061279296875 0.0216827392578125 -0.012507438659668 0.00753211975097656
0.0581817626953125 0.0314407348632813 -0.00189208984374999 0.0319728851318359
0.0513343811035156 0.0421905517578125 0.0369796752929688 -0.00625228881835937
0.060272216796875 0.031005859375 0.0486907958984375 0.0198898315429688
0.058074951171875 0.0167579650878906 0.0457572937011719 0.0160675048828125
0.0575447082519531 -0.00683975219726563 0.0374412536621094 0.00496673583984375
0.0423851013183594 -0.0275230407714844 0.0218372344970703 -0.001708984375
0.0239791870117187 -0.0402908325195313 0.00523090362548828 0.00216579437255859
0.0114974975585938 -0.0396995544433594 -0.000299453735351561 0.0135879516601563
0.00810623168945312 -0.0369949340820312 -0.000411987304687503 0.0301761627197266
0.00591659545898438 -0.0426902770996094 -0.010009765625 0.040740966796875
0.0174713134765625 -0.0402030944824219 -0.0258903503417969 0.038848876953125
0.0335159301757813 -0.0342750549316406 -0.0359306335449219 0.0338821411132812
0.0429611206054688 -0.0220413208007813 -0.0352020263671875 0.0143203735351563
0.0530815124511719 0.00563812255859375 -0.0225849151611328 9.15527343750013E-05
0.0582008361816406 0.0219306945800781 0.00445556640625 0.0105276107788086
0.05206298828125 0.0328292846679687 0.0169181823730469 0.0425987243652344
0.0375442504882813 0.0269126892089844 0.0537605285644531 0.00186538696289063
0.0488700866699219 0.0203361511230469 0.0558395385742188 0.0186119079589844
0.0460968017578125 0.00944137573242188 0.0402603149414063 0.0140113830566406
0.038848876953125 -0.0129928588867188 0.0325927734375 0.0095367431640625
0.0239791870117188 -0.0228900909423828 0.0170536041259766 0.00751399993896484
0.0111904144287109 -0.0316543579101563 0.00417518615722656 0.0165042877197266
0.00164985656738282 -0.0274124145507813 0.00323104858398437 0.0275249481201172
0.004669189453125 -0.0254077911376953 0.00202178955078125 0.0399246215820313
0.00446701049804687 -0.0285263061523438 -0.0102958679199219 0.0498809814453125
0.0118675231933594 -0.0283870697021484 -0.0258522033691406 0.0477409362792969
0.0215969085693359 -0.0243492126464844 -0.0383682250976563 0.0401687622070312
0.0344600677490234 -0.0176658630371094 -0.0326633453369141 0.0155887603759766
0.0425300598144531 0.00906753540039063 -0.0187911987304687 0.00343513488769532
0.0441932678222656 0.0237617492675781 0.0179862976074219 0.01605224609375
0.0363845825195313 0.0288810729980469 0.02777099609375 0.0578651428222656
0.0165033340454102 0.0122165679931641 0.0593681335449219 0.00290298461914063
0.0314140319824219 0.00933456420898437 0.0602455139160156 0.0135917663574219
0.0247745513916016 -0.00303077697753906 0.0368156433105469 0.00912857055664062
0.019256591796875 -0.0119857788085937 0.02655029296875 0.0136604309082031
0.00893783569335938 -0.0171041488647461 0.0176010131835938 0.0139617919921875
-0.00292491912841797 -0.0138540267944336 0.00613784790039062 0.0231094360351563
-0.00252103805541992 -0.00693702697753906 0.00727081298828125 0.0396766662597656
-0.000964641571044921 -0.00782155990600586 0.00315093994140625 0.0469932556152344
0.000416755676269532 -0.00733613967895508 -0.00930023193359375 0.0557899475097656
0.00203609466552734 -0.01287841796875 -0.0293006896972656 0.0506362915039062
0.0122785568237305 -0.0110769271850586 -0.0414085388183594 0.0401687622070313
0.0196781158447266 -0.00705909729003906 -0.034149169921875 0.0140285491943359
0.0232563018798828 0.00719261169433594 -0.0160188674926758 0.00629329681396484
0.0235958099365234 0.014892578125 0.0206489562988281 0.0223026275634766
0.0180091857910156 0.0187911987304688 0.0344619750976563 0.0654258728027344
0.00212812423706055 0.00780439376831055 -0.0394287109375 -0.057830810546875
-0.00178253650665283 8.77380371093748E-05 -0.0151615142822266 -0.0198783874511719
-0.00383424758911133 0.00498533248901367 0.0198230743408203 -0.00174522399902344
0.00327968597412109 0.00573921203613281 0.0424919128417969 -0.0180511474609375
0.00612735748291016 0.00149345397949219 0.0423355102539063 -0.037445068359375
0.00664997100830078 -0.00380420684814453 0.0265007019042969 -0.0586891174316406
0.00254631042480469 -0.012415885925293 0.00531387329101563 -0.0603752136230469
0.00341510772705078 -0.0103931427001953 -0.0081329345703125 -0.0450897216796875
0.00484371185302734 -0.009521484375 -0.0154514312744141 -0.0332164764404297
0.00855016708374023 -0.0079035758972168 -0.0178508758544922 -0.0257549285888672
0.0100202560424805 -0.000597000122070313 -0.025848388671875 -0.0143280029296875
0.00506448745727539 0.00816869735717773 -0.0312290191650391 -0.0115489959716797
-0.00702714920043945 0.00467157363891601 -0.0420875549316406 -0.0150070190429688
-0.00554895401000976 -0.00149774551391602 -0.0581588745117187 -0.0080108642578125
-0.00141286849975586 0.00297260284423828 -0.0565071105957031 -0.0025634765625
0.0245513916015625 0.0248680114746094 -0.0309715270996094 -0.0531463623046875
0.0200538635253906 0.0132217407226563 -0.00504779815673828 -0.0153827667236328
0.0157575607299805 0.0140504837036133 0.0259056091308594 -0.000160217285156249
0.0229263305664063 0.00602531433105469 0.0466804504394531 -0.017852783203125
0.0224399566650391 -0.00490951538085937 0.0431022644042969 -0.0356483459472656
0.0176677703857422 -0.0190315246582031 0.0257072448730469 -0.0542564392089844
0.00743484497070313 -0.0281620025634766 0.00486755371093751 -0.0526275634765625
0.00697517395019531 -0.0277690887451172 -0.00872421264648438 -0.0364837646484375
0.00694847106933594 -0.0289688110351563 -0.0169868469238281 -0.0237464904785156
0.0141963958740234 -0.0271377563476562 -0.022705078125 -0.0190753936767578
0.0222892761230469 -0.0165691375732422 -0.0303573608398437 -0.00791168212890626
0.0234146118164063 -0.00473594665527344 -0.0321998596191406 -0.00808143615722656
0.0147571563720703 0.00572299957275391 -0.0414085388183594 -0.00918579101562499
0.0188694000244141 0.00566291809082031 -0.0522956848144531 -0.00180435180664064
0.0211277008056641 0.0122776031494141 -0.0517654418945312 0.00349807739257813
0.0419807434082031 0.0373878479003906 -0.0173416137695312 -0.0440216064453125
0.0392417907714844 0.0246124267578125 0.00754022598266602 -0.00644922256469726
0.0355300903320313 0.0204734802246094 0.0322933197021484 0.00383377075195313
0.0407218933105469 0.00589370727539063 0.0496292114257813 -0.0142478942871094
0.0380744934082031 -0.0105972290039063 0.0407447814941406 -0.0303153991699219
0.0266895294189453 -0.0308837890625 0.0215263366699219 -0.0463180541992188
0.01116943359375 -0.0411872863769531 0.00255584716796876 -0.039459228515625
0.00878524780273438 -0.0405197143554688 -0.0082550048828125 -0.0216445922851563
0.00796890258789062 -0.0438613891601563 -0.0170679092407227 -0.00977516174316406
0.0164222717285156 -0.0431251525878906 -0.0245838165283203 -0.00491142272949219
0.0298633575439453 -0.0314903259277344 -0.0337696075439453 0.00229644775390625
0.0357475280761719 -0.0179214477539063 -0.035247802734375 -0.00214767456054688
0.0349559783935547 0.00312423706054688 -0.0404243469238281 -0.00455474853515625
0.0392417907714844 0.0103721618652344 -0.042816162109375 0.00273132324218751
0.0413475036621094 0.0196762084960938 -0.0383529663085938 0.0107955932617188
0.0536041259765625 0.0446243286132813 0.000745773315429691 -0.0299034118652344
0.0546302795410156 0.0319061279296875 0.0237293243408203 0.00507164001464844
0.0521888732910156 0.0225753784179688 0.0384559631347656 0.00970077514648438
0.0561752319335937 0.00155258178710937 0.0493278503417969 -0.008636474609375
0.0465507507324219 -0.018096923828125 0.0356597900390625 -0.0229072570800781
0.0322837829589844 -0.0405082702636719 0.0155906677246094 -0.0330734252929688
0.012786865234375 -0.0484580993652344 0.0017242431640625 -0.0220680236816406
0.0109672546386719 -0.0469589233398438 -0.00574111938476562 -0.00471019744873047
0.00757980346679688 -0.0517578125 -0.0137166976928711 0.00817775726318359
0.0161705017089844 -0.0518875122070313 -0.0251312255859375 0.0111484527587891
0.0337905883789063 -0.0409202575683594 -0.0341701507568359 0.0137519836425781
0.0443992614746094 -0.0277481079101563 -0.0350360870361328 0.00362014770507813
0.0484619140625 7.2479248046875E-05 -0.0360488891601563 -0.00102996826171876
0.0553245544433594 0.0133323669433594 -0.0277080535888672 0.00631141662597656
0.0537300109863281 0.0249519348144531 -0.0209445953369141 0.0225658416748047
0.0577011108398438 0.0442428588867188 0.0189781188964844 -0.0172767639160156
0.0642814636230469 0.0332260131835938 0.0372467041015625 0.0136375427246094
0.0613174438476563 0.0203323364257813 0.0420646667480469 0.0125770568847656
0.0630455017089844 -0.00487518310546875 0.0463676452636719 -0.00350570678710938
0.0476646423339844 -0.0248489379882813 0.0288734436035156 -0.0128993988037109
0.0292701721191406 -0.0446243286132813 0.008392333984375 -0.0160427093505859
0.0115547180175781 -0.0487556457519531 0.00107419490814209 -0.00178289413452149
0.0105628967285156 -0.0463485717773438 -0.00327968597412109 0.0137224197387695
0.0069427490234375 -0.0501976013183594 -0.00967788696289062 0.0253486633300781
0.0146942138671875 -0.0516471862792969 -0.0234394073486328 0.0279197692871094
0.0346031188964844 -0.0417633056640625 -0.0324249267578125 0.0260200500488281
0.0460281372070313 -0.0299530029296875 -0.0339508056640625 0.0102424621582031
0.0553245544433594 -0.000972747802734375 -0.0301342010498047 0.00123214721679688
0.0620956420898438 0.0161056518554688 -0.0116462707519531 0.00816059112548828
0.0581321716308594 0.0294075012207031 -0.000606536865234369 0.0329933166503906
0.0513954162597656 0.0367469787597656 0.037261962890625 -0.0055999755859375
0.0599822998046875 0.0272560119628906 0.0498237609863281 0.0171356201171875
0.0592193603515625 0.0124664306640625 0.0435867309570313 0.0134124755859375
0.0557708740234375 -0.01019287109375 0.0395965576171875 0.0037384033203125
0.0393257141113281 -0.02789306640625 0.0218620300292969 -0.00159645080566406
0.0212974548339844 -0.0419349670410156 0.00525903701782227 0.000782966613769529
0.00680160522460938 -0.04058837890625 0.00256061553955078 0.0162992477416992
0.0072021484375 -0.0379486083984375 0.000293731689453128 0.0296669006347656
0.00629043579101562 -0.0418663024902344 -0.00695037841796875 0.0402259826660156
0.0123405456542969 -0.0428390502929688 -0.0223045349121094 0.0402946472167969
0.0302238464355469 -0.0364151000976563 -0.0329551696777344 0.0360107421875
0.0425682067871094 -0.0250320434570313 -0.0324859619140625 0.0154170989990234
0.0522270202636719 0.00323867797851562 -0.0252437591552734 0.00211715698242188
0.0581817626953125 0.0185928344726563 0.00500679016113282 0.0111780166625977
0.0539054870605469 0.02935791015625 0.0188751220703125 0.04486083984375
0.0396385192871094 0.0245704650878906 0.0510330200195313 -0.000701904296874999
0.0498428344726563 0.0167922973632813 0.058685302734375 0.0160713195800781
0.0476875305175781 0.00323104858398437 0.0424995422363281 0.0118865966796875
0.0405006408691406 -0.0151634216308594 0.0323925018310547 0.00823211669921875
0.0248489379882813 -0.024322509765625 0.0178565979003906 0.00829696655273437
0.00794792175292969 -0.0294361114501953 0.00614643096923828 0.0141992568969727
0.0013885498046875 -0.0275497436523438 0.00575447082519531 0.0292072296142578
0.00301170349121094 -0.0243244171142578 0.00260543823242188 0.0423927307128906
0.00312614440917969 -0.0267257690429687 -0.0065155029296875 0.0520896911621094
0.00779914855957031 -0.0292472839355469 -0.0246429443359375 0.0501556396484375
0.0227165222167969 -0.0244979858398437 -0.0351715087890625 0.0408363342285156
0.0341243743896484 -0.0174751281738281 -0.0324230194091797 0.0182704925537109
0.0415916442871094 0.00482940673828125 -0.0189037322998047 0.00388145446777344
0.0447044372558594 0.0186233520507813 0.0167512893676758 0.0155963897705078
0.0374603271484375 0.0266799926757812 0.0329475402832031 0.0562248229980469
0.0182514190673828 0.0100364685058594 0.0586891174316406 -0.00190353393554687
0.0292778015136719 0.00611114501953125 0.0605812072753906 0.0114860534667969
0.0268630981445313 -0.00501632690429688 0.0393867492675781 0.00948715209960937
0.017491340637207 -0.0144538879394531 0.0299587249755859 0.0121803283691406
0.00554847717285156 -0.0176830291748047 0.0188083648681641 0.0143547058105469
-0.0043487548828125 -0.0128765106201172 0.00968551635742188 0.0237083435058594
-0.00328493118286133 -0.00663232803344727 0.0101318359375 0.035736083984375
-0.000631332397460938 -0.00683879852294922 0.00771713256835938 0.0455970764160156
-0.000658035278320313 -0.00909614562988281 -0.006744384765625 0.0565261840820313
0.00101280212402344 -0.0121631622314453 -0.0268669128417969 0.0536689758300781
0.0103273391723633 -0.0119390487670898 -0.0369224548339844 0.04217529296875
0.0183639526367187 -0.00992584228515625 -0.0340557098388672 0.0208339691162109
0.0248680114746094 0.00528144836425781 -0.0183181762695313 0.00540924072265625
0.02471923828125 0.0131168365478516 0.02081298828125 0.0204830169677734
0.0174522399902344 0.0171604156494141 0.0371894836425781 0.0647048950195313
0.00362873077392578 0.00962543487548828 -0.040252685546875 -0.0558509826660156
-0.00146734714508057 0.000861883163452148 -0.0143566131591797 -0.0193653106689453
-0.00299310684204101 0.00529146194458008 0.0203819274902344 -0.00229263305664063
0.00346040725708008 0.00588798522949219 0.04156494140625 -0.0190696716308594
0.00654077529907226 6.72340393066406E-05 0.0404167175292969 -0.0385780334472656
0.00627660751342773 -0.00590944290161133 0.0249176025390625 -0.0590438842773438
0.00205326080322266 -0.0131864547729492 0.00306320190429687 -0.0597648620605469
0.00296497344970703 -0.0115566253662109 -0.00931930541992188 -0.044158935546875
0.00530910491943359 -0.0113801956176758 -0.0177288055419922 -0.0320091247558594
0.00924015045166016 -0.00834465026855469 -0.0195465087890625 -0.024932861328125
0.0104665756225586 -0.00144672393798828 -0.0270290374755859 -0.0133705139160156
0.00626611709594727 0.00728321075439453 -0.03143310546875 -0.0108966827392578
-0.00584268569946289 0.00560903549194336 -0.0412063598632812 -0.0137977600097656
-0.00549840927124023 -0.000654697418212891 -0.0574417114257813 -0.00603103637695313
-0.00147128105163574 0.00357294082641602 -0.0569114685058594 -0.00165939331054687
0.0253887176513672 0.0248451232910156 -0.0305862426757813 -0.0516090393066406
0.0198497772216797 0.0125827789306641 -0.00423526763916016 -0.0144023895263672
0.0164775848388672 0.0124788284301758 0.0259304046630859 -0.000419616699218749
0.0232791900634766 0.00502777099609375 0.0452613830566406 -0.0181159973144531
0.0229339599609375 -0.00605583190917969 0.0408592224121094 -0.03533935546875
0.0169582366943359 -0.0199565887451172 0.0233688354492188 -0.0540390014648438
0.00673103332519531 -0.0298004150390625 0.00299072265625001 -0.0514144897460938
0.00586509704589844 -0.0286903381347656 -0.00947189331054687 -0.0354270935058594
0.00697898864746094 -0.0300827026367188 -0.0179328918457031 -0.0221977233886719
0.0137767791748047 -0.0281734466552734 -0.023651123046875 -0.01690673828125
0.0225925445556641 -0.0173549652099609 -0.0310993194580078 -0.00730133056640626
0.0230712890625 -0.00457954406738281 -0.0333099365234375 -0.00704193115234374
0.0153770446777344 0.00582790374755859 -0.0407257080078125 -0.00853347778320313
0.0172691345214844 0.00655746459960937 -0.0519485473632813 0.000293731689453128
0.0215415954589844 0.0132427215576172 -0.0508880615234375 0.00512313842773438
0.0429191589355469 0.0363044738769531 -0.0172805786132813 -0.0415878295898438
0.0392990112304687 0.0237808227539062 0.00839614868164063 -0.00552988052368164
0.0368919372558594 0.019134521484375 0.0327568054199219 0.00436592102050781
0.0415191650390625 0.00447463989257813 0.0481376647949219 -0.0140762329101563
0.036712646484375 -0.0121421813964844 0.0396690368652344 -0.0296401977539063
0.0260848999023438 -0.0319099426269531 0.0202445983886719 -0.0452041625976563
0.0101280212402344 -0.0417938232421875 0.00250244140625 -0.0386123657226563
0.0074310302734375 -0.0411643981933594 -0.00786972045898438 -0.0208492279052734
0.00654983520507813 -0.0443649291992187 -0.0170621871948242 -0.00778007507324219
0.0153350830078125 -0.0439033508300781 -0.025848388671875 -0.00346565246582032
0.0287094116210938 -0.0319786071777344 -0.0337448120117188 0.00365447998046875
0.0353050231933594 -0.0184555053710937 -0.0352287292480469 -0.00140762329101562
0.0348663330078125 0.0020599365234375 -0.0395050048828125 -0.00329971313476562
0.0388641357421875 0.010223388671875 -0.0419044494628906 0.00495529174804687
0.0411834716796875 0.0187110900878906 -0.0387687683105469 0.013153076171875
0.0540542602539062 0.0427017211914063 0.000425338745117189 -0.0290489196777344
0.0551681518554688 0.0296745300292969 0.0232276916503906 0.00500869750976563
0.053619384765625 0.0217132568359375 0.038421630859375 0.0093536376953125
0.0554542541503906 7.62939453125E-06 0.0486297607421875 -0.00894546508789062
0.0464515686035156 -0.0195999145507813 0.0347805023193359 -0.0229473114013672
0.0297622680664063 -0.0409011840820313 0.0149993896484375 -0.0313701629638672
0.0111579895019531 -0.0492134094238281 0.00145721435546875 -0.0208072662353516
0.00841903686523437 -0.0468826293945313 -0.00554227828979492 -0.00358724594116211
0.00611114501953125 -0.0512351989746094 -0.0130071640014648 0.00960826873779296
0.0147209167480469 -0.0519905090332031 -0.0249252319335938 0.0127887725830078
0.0319175720214844 -0.041259765625 -0.0340633392333984 0.0165348052978516
0.0425987243652344 -0.0284423828125 -0.0361404418945313 0.00508499145507812
0.0482711791992188 -0.00230026245117188 -0.0360145568847656 0.000629425048828132
0.0544776916503906 0.0122566223144531 -0.0272674560546875 0.00758743286132813
0.0540695190429688 0.0239181518554688 -0.0205631256103516 0.0233554840087891
0.0575599670410156 0.0417251586914062 0.0190143585205078 -0.0162334442138672
0.0628395080566406 0.030426025390625 0.0383720397949219 0.0129013061523438
0.0624580383300781 0.0187187194824219 0.0424041748046875 0.01318359375
0.060699462890625 -0.00679779052734375 0.0454444885253906 -0.00310516357421875
0.0466804504394531 -0.0263786315917969 0.0288925170898438 -0.0124473571777344
0.0271415710449219 -0.043975830078125 0.00872039794921875 -0.014765739440918
0.00947952270507812 -0.0481986999511719 0.00118565559387207 -0.00230836868286133
0.00716781616210938 -0.0463485717773438 -0.00271892547607422 0.0139694213867187
0.0052337646484375 -0.0499343872070313 -0.00909233093261719 0.0266170501708984
0.0131034851074219 -0.05126953125 -0.023101806640625 0.0288944244384766
0.0317001342773438 -0.0423316955566406 -0.0330333709716797 0.0277118682861328
0.0442886352539062 -0.0319862365722656 -0.0339775085449219 0.0116958618164063
0.0539131164550781 -0.0027008056640625 -0.0300121307373047 0.00237464904785157
0.0609054565429688 0.01446533203125 -0.0108489990234375 0.00895309448242188
0.0582122802734375 0.0265998840332031 -0.000411987304687496 0.0334682464599609
0.0522804260253906 0.0335617065429688 0.0367660522460938 -0.0068206787109375
0.0603866577148438 0.0237350463867188 0.050537109375 0.0170135498046875
0.0590438842773438 0.0113143920898438 0.04345703125 0.0133094787597656
0.0541305541992187 -0.0136260986328125 0.040374755859375 0.00291061401367187
0.0385055541992188 -0.028900146484375 0.0231857299804688 -0.00100326538085938
0.0183753967285156 -0.0407295227050781 0.00615787506103516 0.00235605239868164
0.00490951538085938 -0.04010009765625 0.00345325469970703 0.0158023834228516
0.00527572631835937 -0.0375442504882813 0.00110244750976562 0.0295047760009766
0.00366973876953125 -0.0410652160644531 -0.00584030151367188 0.041351318359375
0.0108604431152344 -0.042510986328125 -0.02215576171875 0.0417633056640625
0.0284423828125 -0.0359687805175781 -0.0315475463867188 0.0365524291992188
0.0408172607421875 -0.0274734497070312 -0.0332469940185547 0.0167732238769531
0.0517921447753906 0.0007476806640625 -0.0240001678466797 0.00425529479980468
0.0571250915527344 0.0170402526855469 0.00498008728027344 0.011260986328125
0.0524215698242188 0.0273895263671875 0.0178413391113281 0.0449371337890625
0.0389022827148438 0.0227470397949219 0.0502738952636719 -0.00193405151367187
0.0486564636230469 0.0140724182128906 0.0586166381835938 0.0145606994628906
0.0460853576660156 0.00195693969726563 0.0421257019042969 0.0115318298339844
0.0374717712402344 -0.0160179138183594 0.0342273712158203 0.00806045532226562
0.0217685699462891 -0.0254421234130859 0.0201930999755859 0.00827980041503906
0.00534820556640625 -0.0293769836425781 0.00661277770996094 0.0157451629638672
-8.58306884765628E-05 -0.0255775451660156 0.00731849670410156 0.0283660888671875
0.0020599365234375 -0.0232830047607422 0.00451278686523438 0.0408782958984375
0.00233840942382813 -0.02618408203125 -0.00437545776367187 0.0516853332519531
0.00733566284179687 -0.0272789001464844 -0.0230064392089844 0.050567626953125
0.0215263366699219 -0.0246505737304688 -0.0332374572753906 0.0420150756835938
0.0314769744873047 -0.0191116333007813 -0.0317249298095703 0.0197639465332031
0.0409049987792969 0.00348663330078125 -0.0195751190185547 0.00458335876464844
0.0437774658203125 0.0169219970703125 0.0163440704345703 0.0159730911254883
0.0373497009277344 0.023712158203125 0.0313377380371094 0.055328369140625
0.0175685882568359 0.00841236114501953 0.0583610534667969 -0.00219345092773437
0.0288944244384766 0.0036468505859375 0.0599365234375 0.0088043212890625
0.0252857208251953 -0.0054473876953125 0.0396232604980469 0.00850677490234375
0.016413688659668 -0.0147809982299805 0.0308151245117188 0.0111160278320313
0.00390815734863281 -0.0166788101196289 0.0191612243652344 0.0135631561279297
-0.00579357147216797 -0.0116357803344727 0.0114402770996094 0.0239772796630859
-0.00338172912597656 -0.00639772415161133 0.011962890625 0.0353927612304688
-0.000807762145996093 -0.00603723526000976 0.00774765014648438 0.0443534851074219
-0.000745296478271485 -0.00782155990600586 -0.00537109375 0.056549072265625
0.000825881958007813 -0.0103263854980469 -0.0256423950195313 0.0540618896484375
0.00890350341796875 -0.0125637054443359 -0.035247802734375 0.0430831909179687
0.0169534683227539 -0.010523796081543 -0.0330314636230469 0.0208034515380859
0.0235366821289063 0.00343513488769531 -0.018402099609375 0.00718116760253906
0.0239791870117188 0.0103130340576172 0.0207614898681641 0.0203533172607422
0.0174055099487305 0.0142049789428711 0.0378646850585937 0.0634231567382812
0.00533676147460938 0.0112142562866211 -0.0383796691894531 -0.0557441711425781
-0.000114560127258301 0.00171089172363281 -0.0136814117431641 -0.0188255310058594
-0.00228261947631836 0.00556421279907226 0.0209560394287109 -0.00206947326660156
0.00400447845458984 0.00514078140258789 0.0420150756835938 -0.0192756652832031
0.00740385055541992 -3.33786010742188E-05 0.0402259826660156 -0.03912353515625
0.00713205337524414 -0.00710535049438477 0.0240936279296875 -0.0584602355957031
0.00168323516845703 -0.0142440795898438 0.002471923828125 -0.05902099609375
0.00251483917236328 -0.0130090713500977 -0.00946044921875 -0.0431938171386719
0.00532054901123047 -0.0123977661132812 -0.0177268981933594 -0.0309181213378906
0.00958347320556641 -0.00954532623291016 -0.02069091796875 -0.0242881774902344
0.0112800598144531 -0.00169563293457031 -0.0278434753417969 -0.0137386322021484
0.00714969635009766 0.00722122192382813 -0.0313663482666016 -0.0108470916748047
-0.00480079650878906 0.00625324249267578 -0.0418319702148438 -0.0146331787109375
-0.00557184219360352 0.00113439559936523 -0.0573272705078125 -0.00588226318359374
-0.00179910659790039 0.0047602653503418 -0.0573463439941406 -0.000907897949218741
0.0259037017822266 0.0255413055419922 -0.0298919677734375 -0.0513191223144531
0.0208930969238281 0.0125389099121094 -0.00377655029296875 -0.0137796401977539
0.0183334350585938 0.0126914978027344 0.0262660980224609 0.000349044799804688
0.0235080718994141 0.00458526611328125 0.0454330444335937 -0.0172691345214844
0.0230388641357422 -0.00690841674804687 0.0404701232910156 -0.035125732421875
0.0171108245849609 -0.0215015411376953 0.0233230590820313 -0.0529327392578125
0.00580406188964843 -0.0308933258056641 0.00273513793945313 -0.0509872436523437
0.00548934936523438 -0.0294990539550781 -0.00976943969726563 -0.0345001220703125
0.00649833679199219 -0.0312709808349609 -0.0181312561035156 -0.0211715698242188
0.0141086578369141 -0.0295333862304688 -0.0239887237548828 -0.0163440704345703
0.0231380462646484 -0.0181369781494141 -0.0322933197021484 -0.00668907165527344
0.0240669250488281 -0.00497245788574219 -0.0338783264160156 -0.00726890563964844
0.0164756774902344 0.00653648376464844 -0.0414543151855469 -0.00831985473632812
0.0179176330566406 0.00769615173339844 -0.0521202087402344 0.00059127807617188
0.0215492248535156 0.0134696960449219 -0.0513381958007812 0.00616455078125001
0.0433425903320313 0.0367774963378906 -0.015899658203125 -0.0408210754394531
0.0398063659667969 0.023895263671875 0.00926113128662109 -0.00425434112548828
0.0377273559570313 0.0192146301269531 0.0332965850830078 0.00501251220703125
0.041717529296875 0.00333404541015625 0.0491256713867188 -0.0129432678222656
0.0374908447265625 -0.013397216796875 0.0397758483886719 -0.0292396545410156
0.0259647369384766 -0.0321502685546875 0.0200576782226563 -0.0433464050292969
0.00897979736328125 -0.0428314208984375 0.00257110595703125 -0.0377273559570312
0.00709152221679688 -0.0413627624511719 -0.00762748718261718 -0.0196704864501953
0.00631332397460938 -0.04498291015625 -0.0170574188232422 -0.0067892074584961
0.0152359008789062 -0.0441932678222656 -0.0263996124267578 -0.00252342224121094
0.0296211242675781 -0.0323123931884766 -0.034881591796875 0.00472068786621093
0.0355873107910156 -0.0184097290039063 -0.0357246398925781 -0.00104141235351562
0.0344123840332031 0.00321388244628906 -0.0396728515625 -0.00262832641601563
0.0385704040527344 0.0108146667480469 -0.0419731140136719 0.00559616088867187
0.040740966796875 0.0192337036132812 -0.0385856628417969 0.014801025390625
0.0549888610839844 0.0417671203613281 0.001373291015625 -0.0284099578857422
0.0547523498535156 0.0302162170410156 0.0239715576171875 0.00622177124023438
0.0537261962890625 0.0220832824707031 0.0394058227539063 0.0115165710449219
0.055816650390625 -0.00084686279296875 0.0500259399414063 -0.00813674926757813
0.0454978942871094 -0.0205841064453125 0.0354652404785156 -0.0212287902832031
0.0293159484863281 -0.041473388671875 0.0147895812988281 -0.0299243927001953
0.0111656188964844 -0.0488662719726563 0.0022735595703125 -0.0202541351318359
0.008026123046875 -0.0469856262207031 -0.00546932220458984 -0.00283432006835938
0.00571441650390624 -0.0509605407714844 -0.0131797790527344 0.0108175277709961
0.0136222839355469 -0.05157470703125 -0.025848388671875 0.0138912200927734
0.0316886901855469 -0.0414543151855469 -0.0347480773925781 0.0175380706787109
0.0423393249511719 -0.0288925170898437 -0.0362892150878906 0.00632858276367188
0.0483589172363281 -0.0016326904296875 -0.0361785888671875 0.00118255615234375
0.0541038513183594 0.0125160217285156 -0.0272483825683594 0.00874519348144531
0.0536270141601563 0.0237503051757813 -0.0207500457763672 0.0249004364013672
0.0582313537597656 0.0405387878417969 0.0193939208984375 -0.0160617828369141
0.0622940063476562 0.029327392578125 0.0383682250976563 0.0138435363769531
0.0623016357421875 0.0179252624511719 0.043792724609375 0.0139846801757813
0.060577392578125 -0.00720596313476562 0.0468635559082031 -0.0018310546875
0.0463104248046875 -0.0258598327636719 0.0295124053955078 -0.0115032196044922
0.0265350341796875 -0.0440750122070313 0.0101308822631836 -0.0133485794067383
0.00875473022460937 -0.0482330322265625 0.00217509269714356 -0.00105738639831543
0.00656509399414063 -0.04559326171875 -0.00154972076416016 0.0148181915283203
0.0045318603515625 -0.0497360229492187 -0.00928497314453125 0.0281753540039062
0.0118865966796875 -0.0510177612304688 -0.023681640625 0.0299758911132813
0.0308418273925781 -0.0425910949707031 -0.0332298278808594 0.028564453125
0.0440788269042969 -0.0325736999511719 -0.0345706939697266 0.0124320983886719
0.0544204711914063 -0.00284576416015625 -0.0303001403808594 0.00306892395019531
0.0607566833496094 0.0136375427246094 -0.0105600357055664 0.00973796844482422
0.0579681396484375 0.026092529296875 -0.000865936279296875 0.0346660614013672
0.0519142150878906 0.0325050354003906 0.0369796752929688 -0.00606918334960937
0.0591316223144531 0.0226325988769531 0.0507888793945313 0.0173187255859375
0.0594749450683594 0.0106201171875 0.0444107055664063 0.0151901245117188
0.0543212890625 -0.0134773254394531 0.0409317016601563 0.003814697265625
0.036651611328125 -0.0287628173828125 0.0233097076416016 -0.000175476074218752
0.0181770324707031 -0.0401992797851563 0.00795984268188477 0.0035557746887207
0.00476837158203125 -0.0397796630859375 0.00438213348388672 0.0170230865478516
0.00442123413085938 -0.0370941162109375 0.001800537109375 0.0295886993408203
0.00324249267578125 -0.0396041870117188 -0.00559234619140625 0.0423622131347656
0.00978469848632813 -0.0415763854980469 -0.0222930908203125 0.0424995422363281
0.0271263122558594 -0.0357704162597656 -0.0313720703125 0.0372848510742187
0.0401611328125 -0.028045654296875 -0.0324153900146484 0.0171012878417969
0.0509834289550781 -0.000530242919921875 -0.0238838195800781 0.00457191467285156
0.0571479797363281 0.0158882141113281 0.0048675537109375 0.0123863220214844
0.0520591735839844 0.025909423828125 0.0172538757324219 0.0460281372070312
0.0382080078125 0.0201492309570313 0.0492782592773438 -0.00247573852539062
0.04718017578125 0.012939453125 0.0580596923828125 0.0152359008789062
0.0458755493164063 0.00107955932617188 0.0426025390625 0.0123672485351563
0.0370330810546875 -0.0168228149414063 0.03558349609375 0.00890350341796875
0.0207538604736328 -0.0250415802001953 0.0201892852783203 0.00905609130859375
0.00489997863769531 -0.0277996063232422 0.00854396820068359 0.0169343948364258
-0.000726699829101563 -0.0241107940673828 0.00763893127441406 0.0289764404296875
0.00170707702636719 -0.0230846405029297 0.005401611328125 0.0398635864257813
0.00206947326660156 -0.0248546600341797 -0.00368499755859375 0.052093505859375
0.00641059875488281 -0.026153564453125 -0.0231819152832031 0.0509605407714844
0.019683837890625 -0.024261474609375 -0.0336761474609375 0.0419349670410156
0.0308761596679687 -0.0184783935546875 -0.0319900512695312 0.0201148986816406
0.0388755798339844 0.00320053100585937 -0.0199489593505859 0.00559806823730469
0.0431365966796875 0.0153884887695313 0.0159015655517578 0.0161495208740234
0.0369644165039063 0.0219650268554688 0.030792236328125 0.0563468933105469
0.0172338485717773 0.00684356689453125 0.056854248046875 -0.00208282470703125
0.0275402069091797 0.00227928161621094 0.0601692199707031 0.0101318359375
0.0248813629150391 -0.00664710998535156 0.0400505065917969 0.00909805297851563
0.01519775390625 -0.015101432800293 0.0315151214599609 0.0125217437744141
0.00300788879394531 -0.0162115097045898 0.0206794738769531 0.0135116577148438
-0.006317138671875 -0.0106000900268555 0.01263427734375 0.0235633850097656
-0.0037684440612793 -0.00456905364990234 0.0128097534179688 0.0349693298339844
-0.00125503540039062 -0.00572776794433594 0.00743865966796875 0.0445098876953125
-0.000937938690185547 -0.00598526000976563 -0.00455093383789063 0.0562515258789063
-0.000423431396484375 -0.00963973999023437 -0.0254707336425781 0.055145263671875
0.00791072845458984 -0.0118179321289063 -0.0349464416503906 0.0431861877441406
0.0160293579101563 -0.0106439590454102 -0.0334053039550781 0.021820068359375
0.0231285095214844 0.00296592712402344 -0.0186023712158203 0.00655746459960937
0.0234222412109375 0.00920486450195313 0.0197505950927734 0.0192813873291016
0.0170974731445313 0.0137195587158203 0.0366096496582031 0.0636749267578125
0.00539302825927734 0.0128002166748047 -0.0376243591308594 -0.0572013854980469
0.000390291213989258 0.00249266624450684 -0.0120868682861328 -0.0191020965576172
-0.000876903533935546 0.00496053695678711 0.0226364135742188 -0.00191497802734375
0.00498867034912109 0.00468683242797852 0.0433921813964844 -0.0192298889160156
0.00843238830566406 -0.000823497772216797 0.0408172607421875 -0.0393905639648437
0.00707435607910156 -0.00861644744873047 0.0242691040039063 -0.0597496032714844
0.00152587890625 -0.015538215637207 0.00296783447265625 -0.0601158142089844
0.00195503234863281 -0.0146369934082031 -0.00936126708984375 -0.0435829162597656
0.00531005859375 -0.0143213272094727 -0.0182952880859375 -0.0307807922363281
0.0106992721557617 -0.0113840103149414 -0.0220279693603516 -0.0243949890136719
0.0127449035644531 -0.00203418731689453 -0.029266357421875 -0.0137939453125
0.00864028930664063 0.00695419311523438 -0.0327396392822266 -0.0116329193115234
-0.00454998016357422 0.00791358947753906 -0.0436668395996094 -0.0152969360351562
-0.00547933578491211 0.00313901901245117 -0.0583419799804688 -0.00714874267578125
-0.00113010406494141 0.00640678405761719 -0.0578804016113281 -0.000938415527343748
0.0277137756347656 0.0271434783935547 -0.0289268493652344 -0.0516090393066406
0.0219287872314453 0.013580322265625 -0.00259590148925781 -0.0135869979858398
0.0196895599365234 0.0127143859863281 0.0285720825195313 0.00160408020019531
0.0248832702636719 0.00383567810058594 0.0471420288085938 -0.017303466796875
0.0236682891845703 -0.00775527954101563 0.0422592163085938 -0.03521728515625
0.0177345275878906 -0.0227203369140625 0.02398681640625 -0.0532875061035156
0.00598716735839843 -0.0325050354003906 0.00344467163085937 -0.051422119140625
0.00526046752929687 -0.0311546325683594 -0.0086822509765625 -0.0339927673339844
0.00671768188476563 -0.0337104797363281 -0.0193500518798828 -0.0202007293701172
0.0152645111083984 -0.0305309295654297 -0.0258693695068359 -0.0151100158691406
0.0243740081787109 -0.0193386077880859 -0.0334396362304688 -0.00651359558105469
0.0254592895507813 -0.00534248352050781 -0.0354423522949219 -0.00738143920898438
0.017033576965332 0.00842666625976563 -0.0431556701660156 -0.00852966308593749
0.0180110931396484 0.00964927673339844 -0.0529327392578125 0.000843048095703132
0.0222434997558594 0.0150909423828125 -0.052490234375 0.007110595703125
0.0448226928710938 0.0382652282714844 -0.0153884887695312 -0.0414810180664063
0.0412559509277344 0.02410888671875 0.0103044509887695 -0.00404548645019531
0.039581298828125 0.0196380615234375 0.0354461669921875 0.006439208984375
0.0433387756347656 0.00291824340820313 0.0510101318359375 -0.0131263732910156
0.0378570556640625 -0.0139656066894531 0.0401458740234375 -0.0288848876953125
0.0265426635742188 -0.0338344573974609 0.0208091735839844 -0.0426292419433594
0.00933074951171875 -0.0443611145019531 0.00290298461914063 -0.0370101928710938
0.00699234008789062 -0.0428352355957031 -0.00757026672363281 -0.0193500518798828
0.00625991821289062 -0.0468406677246094 -0.017247200012207 -0.00483417510986328
0.0159111022949219 -0.045867919921875 -0.0275726318359375 -0.00116157531738281
0.0311088562011719 -0.0331001281738281 -0.036163330078125 0.00593185424804687
0.0374679565429688 -0.0192413330078125 -0.0374374389648438 -0.000858306884765625
0.0368843078613281 0.00397872924804688 -0.0408210754394531 -0.00274658203125
0.0396919250488281 0.0118293762207031 -0.042572021484375 0.00691604614257812
0.041412353515625 0.0207328796386719 -0.0398483276367187 0.0164718627929688
0.0555458068847656 0.0432357788085938 0.00237083435058594 -0.0278186798095703
0.0557479858398437 0.03021240234375 0.0254936218261719 0.00746917724609375
0.0563201904296875 0.022186279296875 0.041351318359375 0.0126190185546875
0.0579566955566406 -0.00115203857421875 0.0513458251953125 -0.006866455078125
0.0467185974121094 -0.0217475891113281 0.0363922119140625 -0.0204963684082031
0.0301551818847656 -0.0427589416503906 0.0161342620849609 -0.0292434692382813
0.0105247497558594 -0.0502853393554688 0.00262069702148438 -0.0189533233642578
0.00754928588867188 -0.0483627319335938 -0.0049591064453125 -0.00135469436645508
0.0057373046875 -0.05255126953125 -0.0135097503662109 0.0133705139160156
0.0138053894042969 -0.0527839660644531 -0.0265026092529297 0.0160293579101562
0.0325202941894531 -0.042266845703125 -0.0358505249023438 0.0185279846191406
0.0435295104980469 -0.0297737121582031 -0.0378303527832031 0.00742721557617187
0.0504798889160156 -0.000919342041015625 -0.0369300842285156 0.00129699707031249
0.0556564331054688 0.0130386352539063 -0.0281734466552734 0.00966262817382812
0.0545120239257813 0.0247535705566406 -0.0217990875244141 0.0262355804443359
0.0590248107910156 0.0414619445800781 0.0206851959228516 -0.0156917572021484
0.0625991821289063 0.0301933288574219 0.040435791015625 0.0161361694335938
0.0638694763183594 0.0193214416503906 0.0458030700683594 0.0165977478027344
0.0619621276855469 -0.0078887939453125 0.0486297607421875 -0.000457763671875
0.046875 -0.0273780822753906 0.0307826995849609 -0.0103244781494141
0.0267372131347656 -0.0450210571289063 0.0119237899780273 -0.0119829177856445
0.00858688354492187 -0.0489082336425781 0.00299811363220215 -9.39369201660186E-05
0.0062408447265625 -0.0469512939453125 -0.00167560577392578 0.0160150527954101
0.00442123413085937 -0.0507469177246094 -0.00894355773925781 0.0302619934082031
0.0116767883300781 -0.0514945983886719 -0.0243949890136719 0.0317726135253906
0.0316047668457031 -0.0437774658203125 -0.0340480804443359 0.0305004119873047
0.0448570251464844 -0.0327949523925781 -0.0361862182617188 0.0133628845214844
0.0557670593261719 -0.00218963623046875 -0.0311412811279297 0.00386619567871094
0.0623054504394531 0.0142173767089844 -0.010930061340332 0.0113964080810547
0.0584678649902344 0.0264892578125 -0.00135421752929687 0.0372390747070313
0.0524101257324219 0.0329971313476563 0.0374374389648438 -0.00584030151367187
0.0593986511230469 0.0224037170410156 0.0522613525390625 0.0194778442382813
0.0607109069824219 0.0109024047851562 0.0470199584960938 0.0168876647949219
0.0542335510253906 -0.0135498046875 0.0434303283691406 0.00577163696289062
0.0369949340820313 -0.02978515625 0.0249538421630859 0.00130271911621094
0.0177993774414063 -0.0400390625 0.00954914093017578 0.00468826293945312
0.0050506591796875 -0.0393867492675781 0.00500583648681641 0.0172815322875977
0.00437164306640625 -0.0370025634765625 0.00247001647949219 0.0312156677246094
0.00363540649414062 -0.0397071838378906 -0.00537872314453125 0.04443359375
0.00970458984375 -0.0414772033691406 -0.0230751037597656 0.0452613830566406
0.0271644592285156 -0.0360832214355469 -0.0328178405761719 0.0392570495605469
0.0403518676757813 -0.0282402038574219 -0.0339794158935547 0.0180854797363281
0.0516929626464844 -0.000202178955078125 -0.0247726440429687 0.00466346740722656
0.0572929382324219 0.0159988403320313 0.00486087799072266 0.0133733749389648
0.0521354675292969 0.0262947082519531 0.0166740417480469 0.0488815307617188
0.0381507873535156 0.019439697265625 0.050537109375 -0.000858306884765624
0.0470237731933594 0.0116195678710937 0.0587120056152344 0.0169105529785156
0.0461883544921875 0.00107574462890625 0.044830322265625 0.0144233703613281
0.0366020202636719 -0.0172462463378906 0.0366973876953125 0.0107307434082031
0.0197887420654297 -0.0257816314697266 0.022125244140625 0.00984764099121094
0.00560569763183594 -0.0268478393554688 0.00986289978027344 0.0174789428710938
-0.000646591186523436 -0.0235557556152344 0.008453369140625 0.0292835235595703
0.00165557861328125 -0.02252197265625 0.00549697875976562 0.0414543151855469
0.000999450683593752 -0.0247611999511719 -0.00360488891601562 0.0545997619628906
0.00612831115722656 -0.0261821746826172 -0.0235671997070313 0.0531425476074219
0.0203609466552734 -0.0238666534423828 -0.033660888671875 0.0432929992675781
0.0304985046386719 -0.0193061828613281 -0.0334930419921875 0.0209922790527344
0.03973388671875 0.00289535522460938 -0.0200157165527344 0.006195068359375
0.0435295104980469 0.0151824951171875 0.0161361694335938 0.016204833984375
0.0365562438964844 0.0215187072753906 0.0297317504882813 0.0581588745117188
0.0175151824951172 0.00597381591796875 0.0582962036132813 -0.00275421142578125
0.0268802642822266 0.00181770324707031 0.0613594055175781 0.0111274719238281
0.0253181457519531 -0.00734329223632812 0.041351318359375 0.0105819702148438
0.0146102905273438 -0.0159492492675781 0.0334739685058594 0.0134296417236328
0.00162029266357422 -0.0162229537963867 0.0223407745361328 0.0139980316162109
-0.00687694549560547 -0.00957965850830078 0.0142192840576172 0.0245437622070313
-0.00420165061950684 -0.00361084938049316 0.0138587951660156 0.0346927642822266
-0.000836849212646484 -0.00467348098754883 0.00799179077148437 0.0450439453125
-0.00127315521240234 -0.0054316520690918 -0.00466918945312501 0.0579376220703125
-0.000112533569335937 -0.00747966766357422 -0.0261497497558594 0.0563545227050781
0.00811958312988281 -0.0109128952026367 -0.0358238220214844 0.0437545776367188
0.0159807205200195 -0.0103769302368164 -0.0348739624023438 0.0217761993408203
0.0227584838867187 0.00245094299316406 -0.0189323425292969 0.00652122497558594
0.0226364135742188 0.00931549072265625 0.0198192596435547 0.0203876495361328
0.0165214538574219 0.0117912292480469 0.036407470703125 0.0663337707519531
0.00729084014892578 0.0141220092773438 -0.03863525390625 -0.0592803955078125
0.00209641456604004 0.00319480895996094 -0.0118579864501953 -0.0189132690429687
0.000727176666259765 0.00525903701782227 0.0243892669677734 -0.00224494934082031
0.007080078125 0.00400590896606445 0.0452156066894531 -0.0209732055664063
0.00897598266601563 -0.00165557861328125 0.0418434143066406 -0.0413017272949219
0.00716590881347656 -0.010706901550293 0.0241584777832031 -0.0621070861816406
0.00112533569335937 -0.0176486968994141 0.00208282470703126 -0.0617866516113281
0.00179958343505859 -0.0169506072998047 -0.0105667114257813 -0.0445823669433594
0.00578880310058594 -0.0169353485107422 -0.0191421508789063 -0.0309677124023437
0.0115747451782227 -0.0130653381347656 -0.0241718292236328 -0.0242671966552734
0.0146408081054688 -0.00304508209228516 -0.0320110321044922 -0.01348876953125
0.0100879669189453 0.00770282745361328 -0.0350360870361328 -0.012054443359375
-0.00350666046142578 0.00957679748535156 -0.0465660095214844 -0.0159339904785156
-0.00536680221557617 0.00507116317749024 -0.0610198974609375 -0.00636291503906249
-9.96589660644523E-05 0.00866365432739258 -0.0602874755859375 2.2888183593751E-05
0.0298500061035156 0.0288887023925781 -0.0289421081542969 -0.0532798767089844
0.0245285034179688 0.0145893096923828 -0.00130558013916016 -0.013117790222168
0.0221195220947266 0.0128269195556641 0.0307502746582031 0.000972747802734376
0.0266132354736328 0.00305747985839844 0.0496940612792969 -0.0177993774414063
0.0251483917236328 -0.00937080383300781 0.0434341430664063 -0.0361099243164063
0.0181674957275391 -0.0250930786132813 0.0243873596191406 -0.0544052124023438
0.00492477416992187 -0.0348682403564453 0.0032958984375 -0.0521278381347656
0.00419425964355468 -0.0341033935546875 -0.00986671447753907 -0.0343036651611328
0.006256103515625 -0.0364570617675781 -0.0202522277832031 -0.0192775726318359
0.0157718658447266 -0.0337562561035156 -0.0281429290771484 -0.0145187377929688
0.0261611938476562 -0.0204753875732422 -0.0360107421875 -0.00485992431640625
0.0278587341308594 -0.00556755065917969 -0.0376472473144531 -0.00689315795898437
0.0190563201904297 0.0100135803222656 -0.0450325012207031 -0.00836181640625
0.0193405151367188 0.0114326477050781 -0.0548591613769531 0.00168228149414063
0.0234699249267578 0.0173454284667969 -0.0541572570800781 0.00871276855468751
0.0474357604980469 0.0395660400390625 -0.0146636962890625 -0.0419769287109375
0.0435295104980469 0.0252113342285156 0.0130338668823242 -0.00287818908691406
0.0429306030273437 0.0197715759277344 0.0388755798339844 0.00725555419921875
0.0459785461425781 0.00140380859375 0.0536155700683594 -0.0130348205566406
0.0396156311035156 -0.0162010192871094 0.0425567626953125 -0.0294075012207031
0.0266609191894531 -0.0366058349609375 0.0220375061035156 -0.043609619140625
0.00890731811523437 -0.0470542907714844 0.00349807739257812 -0.0375289916992188
0.00586318969726562 -0.045440673828125 -0.00742340087890625 -0.0184421539306641
0.00580215454101563 -0.0497779846191406 -0.0172595977783203 -0.00290966033935548
0.01568603515625 -0.0485420227050781 -0.0296230316162109 0.00139808654785157
0.0320320129394531 -0.0356826782226563 -0.0383720397949219 0.00786209106445312
0.0398941040039063 -0.0202445983886719 -0.0395927429199219 0.000896453857421882
0.0390357971191406 0.0051116943359375 -0.0425910949707031 -0.00175857543945312
0.0417671203613281 0.0140724182128906 -0.044281005859375 0.00835418701171876
0.0431365966796875 0.0224075317382813 -0.0409317016601563 0.0192146301269531
0.0592155456542969 0.045166015625 0.00309562683105469 -0.0280399322509766
0.0574874877929688 0.0309791564941406 0.0281581878662109 0.0088348388671875
0.0596199035644531 0.0220222473144531 0.0449333190917969 0.0135307312011719
0.0597419738769531 -0.00205612182617188 0.0549240112304688 -0.00693893432617187
0.0481681823730469 -0.0234375 0.03887939453125 -0.0206451416015625
0.030670166015625 -0.0444412231445313 0.0174312591552734 -0.0282630920410156
0.00954818725585938 -0.05255126953125 0.00354576110839844 -0.018707275390625
0.00586318969726562 -0.0504150390625 -0.00428390502929688 -0.000252246856689457
0.0042266845703125 -0.0558395385742188 -0.0128135681152344 0.0158786773681641
0.0131416320800781 -0.0557975769042969 -0.0277805328369141 0.0194339752197266
0.0337600708007813 -0.0451278686523438 -0.0378875732421875 0.0219039916992187
0.0453224182128906 -0.0315780639648438 -0.0398330688476562 0.00901031494140625
0.0520973205566406 -0.000865936279296875 -0.0390968322753906 0.00276947021484374
0.0575637817382813 0.0139236450195312 -0.0285110473632813 0.0112667083740234
0.0569305419921875 0.0256996154785156 -0.0223007202148437 0.0303611755371094
0.0613594055175781 0.0424079895019531 0.0222415924072266 -0.0148258209228516
0.0642890930175781 0.0298843383789063 0.0426559448242188 0.0172233581542969
0.0671195983886719 0.0183753967285156 0.0495109558105469 0.0182952880859375
0.0637588500976563 -0.00913238525390625 0.0517807006835938 -0.000141143798828126
0.047698974609375 -0.0292472839355469 0.0338287353515625 -0.00927352905273438
0.0270729064941406 -0.0468597412109375 0.0135555267333984 -0.0112972259521484
0.00828170776367188 -0.0501747131347656 0.00408506393432617 0.00111103057861328
0.00553512573242188 -0.04742431640625 -0.000619888305664061 0.0182247161865234
0.0034637451171875 -0.0518646240234375 -0.00825691223144531 0.0339775085449219
0.0111579895019531 -0.0531768798828125 -0.0251808166503906 0.0355453491210938
0.0315628051757813 -0.0458755493164063 -0.0357131958007813 0.0339813232421875
0.0455589294433594 -0.0355339050292969 -0.0376205444335937 0.0155715942382813
0.0577735900878906 -0.0035247802734375 -0.0326900482177734 0.0051727294921875
0.0642738342285156 0.0140762329101563 -0.0110406875610352 0.0133323669433594
0.0604782104492188 0.02703857421875 -0.00165176391601562 0.0410423278808594
0.0544815063476562 0.0320663452148438 0.0392341613769531 -0.00499725341796875
0.0606040954589844 0.0218391418457031 0.0549125671386719 0.0205268859863281
0.0634269714355469 0.00979232788085938 0.0498695373535156 0.0186996459960938
0.0554656982421875 -0.0152778625488281 0.0460052490234375 0.00615310668945312
0.03662109375 -0.0305709838867187 0.0276985168457031 0.0015716552734375
0.0177192687988281 -0.0405807495117188 0.0108585357666016 0.00580215454101562
0.00378036499023438 -0.0399398803710937 0.00656700134277344 0.0184745788574219
0.00381088256835938 -0.0375709533691406 0.00357627868652344 0.0333919525146484
0.00301361083984375 -0.0410423278808594 -0.00440597534179688 0.0480270385742188
0.00870895385742188 -0.0417098999023438 -0.0229034423828125 0.0487174987792969
0.027008056640625 -0.0371360778808594 -0.0339889526367188 0.0429420471191406
0.0401763916015625 -0.03045654296875 -0.0356330871582031 0.0209121704101562
0.0529975891113281 -0.00176620483398437 -0.0256748199462891 0.00592994689941407
0.0587730407714844 0.015045166015625 0.00523567199707032 0.0143413543701172
0.053985595703125 0.0252456665039063 0.0180206298828125 0.0521163940429688
0.0396881103515625 0.0181312561035156 0.0524711608886719 -0.00104141235351562
0.0480270385742187 0.0106735229492188 0.0618515014648437 0.0177268981933594
0.0480613708496094 -0.00118637084960938 0.0477066040039062 0.0160255432128906
0.0368614196777344 -0.0184440612792969 0.0400543212890625 0.0115280151367187
0.0192089080810547 -0.0264568328857422 0.0240287780761719 0.0110149383544922
0.00509452819824219 -0.0269222259521484 0.0122432708740234 0.0188312530517578
-0.000503540039062499 -0.0227489471435547 0.0100803375244141 0.0305595397949219
0.00161552429199219 -0.0219306945800781 0.00724411010742188 0.0432167053222656
0.00189590454101563 -0.0235099792480469 -0.00287246704101562 0.05731201171875
0.00576210021972656 -0.0245761871337891 -0.0234832763671875 0.0569381713867187
0.0187892913818359 -0.0237655639648438 -0.0352325439453125 0.0471076965332031
0.0297374725341797 -0.0200824737548828 -0.0348644256591797 0.0229110717773438
0.040557861328125 0.00159454345703125 -0.0212974548339844 0.00731849670410156
0.0440483093261719 0.0142250061035156 0.0168886184692383 0.0175380706787109
0.0380897521972656 0.0201339721679688 0.03118896484375 0.0621299743652344
0.0176296234130859 0.00407600402832031 0.0600547790527344 -0.00286102294921875
0.0272388458251953 -0.000152587890625 0.063812255859375 0.0112419128417969
0.0253238677978516 -0.00916099548339844 0.0443992614746094 0.0116386413574219
0.013361930847168 -0.0169792175292969 0.0361251831054688 0.0142593383789062
-0.000382423400878905 -0.0160369873046875 0.0246429443359375 0.0142345428466797
-0.00723457336425781 -0.00736856460571289 0.0166397094726562 0.0245800018310547
-0.00420808792114258 -0.00136351585388184 0.0145530700683594 0.0353546142578125
-0.000940322875976563 -0.0027463436126709 0.009674072265625 0.0461540222167969
-0.000164270401000977 -0.00367975234985352 -0.003692626953125 0.0603103637695313
-0.000598907470703125 -0.00627326965332031 -0.0263214111328125 0.0593185424804688
0.00669765472412109 -0.010340690612793 -0.037078857421875 0.0471267700195313
0.0143251419067383 -0.0110464096069336 -0.0358848571777344 0.0235519409179688
0.0217761993408203 0.00211143493652344 -0.0207557678222656 0.00758171081542969
0.0224266052246094 0.00786399841308594 0.0198631286621094 0.0205249786376953
0.016179084777832 0.0108070373535156 0.03826904296875 0.0690345764160156
0.0100202560424805 0.0167522430419922 -0.0410881042480469 -0.0605583190917969
0.00427889823913574 0.0034182071685791 -0.0117416381835938 -0.018768310546875
0.00283050537109375 0.00554895401000977 0.0267505645751953 -0.00341415405273437
0.00854635238647461 0.00276041030883789 0.0463943481445313 -0.0235252380371094
0.0103731155395508 -0.00387477874755859 0.042266845703125 -0.0441093444824219
0.00720500946044922 -0.013157844543457 0.0224723815917969 -0.0644187927246094
-0.000652313232421877 -0.0200786590576172 -0.000648498535156249 -0.0635337829589844
0.000806808471679687 -0.0188961029052734 -0.0129470825195312 -0.0450859069824219
0.00424957275390625 -0.0202140808105469 -0.0212001800537109 -0.0298328399658203
0.0122890472412109 -0.0158853530883789 -0.0267925262451172 -0.023101806640625
0.016423225402832 -0.00476646423339844 -0.0345115661621094 -0.0119094848632812
0.0130176544189453 0.00755882263183594 -0.0378379821777344 -0.0114860534667969
-0.00231361389160156 0.0118618011474609 -0.050079345703125 -0.0149993896484375
-0.00422239303588867 0.00834941864013672 -0.063232421875 -0.00454330444335937
0.000922203063964845 0.0112428665161133 -0.0621223449707031 0.00304031372070312
0.0336570739746094 0.0299949645996094 -0.0307121276855469 -0.0537834167480469
0.0268573760986328 0.0143470764160156 0.00022125244140625 -0.0135612487792969
0.0253715515136719 0.0121288299560547 0.03387451171875 0.000209808349609376
0.0288677215576172 0.0012359619140625 0.0518836975097656 -0.0202407836914062
0.0262012481689453 -0.0121917724609375 0.043914794921875 -0.0384902954101563
0.0172920227050781 -0.0285205841064453 0.0234298706054688 -0.0563621520996094
0.0028839111328125 -0.037841796875 0.0013275146484375 -0.0535812377929687
0.0020294189453125 -0.0361099243164063 -0.0112438201904297 -0.0338878631591797
0.0042266845703125 -0.0398674011230469 -0.0208244323730469 -0.0173625946044922
0.0152854919433594 -0.0369033813476563 -0.0300788879394531 -0.0120124816894531
0.0273151397705078 -0.0230770111083984 -0.0384445190429687 -0.00200271606445312
0.0307254791259766 -0.00722503662109375 -0.0405387878417969 -0.00510406494140625
0.0212745666503906 0.0105743408203125 -0.0475959777832031 -0.00645065307617187
0.0218505859375 0.0135974884033203 -0.0565338134765625 0.00468444824218749
0.0254878997802734 0.0186901092529297 -0.0555038452148438 0.0126724243164063
0.05218505859375 0.0408439636230469 -0.0153350830078125 -0.0428962707519531
0.0468101501464844 0.0246620178222656 0.0148801803588867 -0.00239372253417969
0.0468215942382812 0.0183563232421875 0.0423545837402344 0.006591796875
0.04803466796875 -0.00103759765625 0.0562362670898438 -0.0150337219238281
0.0402946472167969 -0.0192298889160156 0.0439033508300781 -0.030670166015625
0.0262489318847656 -0.0405311584472656 0.0224151611328125 -0.0446357727050781
0.00590896606445312 -0.0501670837402344 0.00310516357421875 -0.0372543334960938
0.00324630737304687 -0.04803466796875 -0.00740814208984375 -0.0173149108886719
0.0032806396484375 -0.05303955078125 -0.0173673629760742 0.00026321411132812
0.0142898559570312 -0.0520172119140625 -0.0310096740722656 0.00465011596679688
0.0326271057128906 -0.0388107299804688 -0.0399017333984375 0.0116806030273437
0.0414314270019531 -0.022918701171875 -0.0418739318847656 0.00344085693359375
0.0414199829101563 0.00433731079101563 -0.0452537536621094 0.000827789306640628
0.0449485778808594 0.0144309997558594 -0.0446586608886719 0.0108985900878906
0.0463714599609375 0.0230827331542969 -0.0412673950195313 0.0234642028808594
0.0628433227539063 0.0443916320800781 0.00343322753906251 -0.0282936096191406
0.06146240234375 0.0305557250976562 0.0313796997070313 0.00937080383300781
0.0633468627929688 0.0200614929199219 0.049713134765625 0.0138320922851563
0.0619049072265625 -0.00591278076171875 0.0578651428222656 -0.0081024169921875
0.04876708984375 -0.0268058776855469 0.0410499572753906 -0.0218696594238281
0.0299415588378906 -0.0481224060058594 0.0193023681640625 -0.0289573669433594
0.00696182250976562 -0.0548477172851562 0.004058837890625 -0.0180873870849609
0.00377655029296875 -0.0523262023925781 -0.00334572792053223 0.00152015686035156
0.00205612182617187 -0.0576286315917969 -0.0123043060302734 0.0194625854492188
0.0111045837402344 -0.058441162109375 -0.0279769897460938 0.0233955383300781
0.0328521728515625 -0.0481643676757813 -0.0388107299804688 0.0265121459960937
0.0459938049316406 -0.034942626953125 -0.0416984558105469 0.0127716064453125
0.0553474426269531 -0.00232315063476563 -0.0411491394042969 0.00568771362304688
0.0608100891113281 0.012603759765625 -0.0287494659423828 0.0141983032226562
0.06005859375 0.0247764587402344 -0.0216884613037109 0.0343971252441406
0.0643386840820313 0.04034423828125 0.0231189727783203 -0.0147190093994141
0.0665435791015625 0.0283279418945312 0.046875 0.0186004638671875
0.0709991455078125 0.01580810546875 0.0536842346191406 0.0181312561035156
0.0652847290039062 -0.0118980407714844 0.0554122924804688 -0.000949859619140626
0.0477333068847656 -0.0315437316894531 0.0361137390136719 -0.0100593566894531
0.0260696411132813 -0.0495033264160156 0.015110969543457 -0.010986328125
0.00608444213867187 -0.0519485473632813 0.00560379028320313 0.00205707550048828
0.00355148315429687 -0.0486259460449219 0.000909805297851561 0.0200977325439453
0.00125885009765624 -0.0532417297363281 -0.00564956665039062 0.0377845764160156
0.00883865356445312 -0.0544891357421875 -0.0240669250488281 0.0405616760253906
0.0300102233886719 -0.048004150390625 -0.0357742309570313 0.0393295288085937
0.044921875 -0.0379562377929688 -0.0388832092285156 0.0194740295410156
0.0600738525390625 -0.00548553466796875 -0.0335426330566406 0.00797462463378906
0.0670433044433594 0.0121612548828125 -0.0102272033691406 0.015355110168457
0.0635185241699219 0.0253868103027344 0.000625610351562505 0.0452003479003906
0.0571861267089844 0.0308074951171875 0.0409698486328125 -0.00522613525390625
0.0624618530273437 0.0199165344238281 0.058135986328125 0.0208930969238281
0.0655632019042969 0.0077056884765625 0.0543098449707031 0.0190315246582031
0.0560836791992188 -0.0179100036621094 0.0494575500488281 0.00603485107421875
0.036102294921875 -0.0320968627929688 0.0297985076904297 0.00148582458496094
0.0166702270507813 -0.0416641235351562 0.0135288238525391 0.00643825531005859
0.002593994140625 -0.0399932861328125 0.00870513916015625 0.0201663970947266
0.00197219848632813 -0.0374107360839844 0.00613784790039063 0.0352249145507813
0.00124359130859375 -0.041168212890625 -0.00121688842773437 0.0521430969238281
0.00672531127929688 -0.0426254272460938 -0.0213661193847656 0.0537681579589844
0.0253410339355469 -0.03936767578125 -0.0331153869628906 0.0474395751953125
0.0394515991210937 -0.0321540832519531 -0.0365638732910156 0.0245285034179687
0.054229736328125 -0.00362777709960938 -0.0266933441162109 0.00872802734375
0.0608711242675781 0.012237548828125 0.00640392303466797 0.0154170989990234
0.0554885864257813 0.0236358642578125 0.0202255249023438 0.0549964904785156
0.0401725769042969 0.0164566040039063 0.0540542602539063 -0.00192642211914062
0.04864501953125 0.00794601440429688 0.0654258728027344 0.0174484252929688
0.0489654541015625 -0.00342178344726563 0.0515518188476563 0.0151901245117188
0.0362205505371094 -0.0203781127929688 0.0431137084960937 0.0110588073730469
0.0178852081298828 -0.0274639129638672 0.0273704528808594 0.0100517272949219
0.00371551513671875 -0.0261154174804688 0.0152835845947266 0.0190620422363281
-0.00156974792480469 -0.0219535827636719 0.0121059417724609 0.0311679840087891
0.000400543212890626 -0.0211753845214844 0.00983428955078125 0.0450019836425781
0.00172042846679687 -0.0230560302734375 0.000816345214843748 0.0605430603027344
0.00478553771972656 -0.0241432189941406 -0.0215682983398438 0.0626029968261719
0.0177078247070313 -0.0246257781982422 -0.0341835021972656 0.0517311096191406
0.0283756256103516 -0.0213241577148438 -0.0355186462402344 0.0265312194824219
0.0406990051269531 -0.000125885009765625 -0.0219650268554688 0.00970649719238281
0.0445785522460938 0.011871337890625 0.0178737640380859 0.0185413360595703
0.0389442443847656 0.0184974670410156 0.0344619750976563 0.0649070739746094
0.0171632766723633 0.0019378662109375 0.0616645812988281 -0.004791259765625
0.0268325805664063 -0.00255012512207031 0.067352294921875 0.01019287109375
0.0246620178222656 -0.0123615264892578 0.0471534729003906 0.0112380981445313
0.011627197265625 -0.0181102752685547 0.039520263671875 0.0132408142089844
-0.00228309631347656 -0.0152120590209961 0.0276298522949219 0.0136394500732422
-0.00770473480224609 -0.00513887405395508 0.0196132659912109 0.0238800048828125
-0.00384950637817383 0.000589132308959962 0.01715087890625 0.0353355407714844
-0.000710070133209229 -0.000181734561920166 0.0119781494140625 0.0477790832519531
0.000184774398803711 -0.00174903869628906 -9.91821289062462E-05 0.0637092590332031
-0.000720024108886718 -0.00428533554077148 -0.0249290466308594 0.06402587890625
0.00541019439697266 -0.009033203125 -0.0363388061523438 0.0510215759277344
0.0134162902832031 -0.0108404159545898 -0.0363845825195313 0.0273246765136719
0.0212459564208984 0.00111198425292969 -0.0214099884033203 0.00876045227050781
0.0216827392578125 0.00642204284667969 0.0203819274902344 0.0209865570068359
0.0160551071166992 0.0086212158203125 0.0411911010742187 0.0716705322265625
0.0135345458984375 0.0180320739746094 -0.0435829162597656 -0.0599784851074219
0.00650310516357422 0.00362539291381836 -0.011077880859375 -0.0192699432373047
0.00510263442993164 0.00456857681274414 0.0278987884521484 -0.00557327270507812
0.00999069213867187 0.00121974945068359 0.0460243225097656 -0.0267410278320313
0.0106306076049805 -0.00628089904785156 0.0400733947753906 -0.0467147827148438
0.00586414337158203 -0.0159492492675781 0.01904296875 -0.0658607482910156
-0.00304031372070312 -0.0220832824707031 -0.00413131713867188 -0.0630378723144531
-0.00161170959472656 -0.0209941864013672 -0.0149688720703125 -0.0436973571777344
0.00191879272460938 -0.0231380462646484 -0.0227031707763672 -0.0278091430664062
0.0117225646972656 -0.0194511413574219 -0.0291290283203125 -0.0203475952148438
0.0179691314697266 -0.00731277465820313 -0.03662109375 -0.0085906982421875
0.0155706405639648 0.00655460357666016 -0.0400428771972656 -0.00917053222656251
0.000385284423828124 0.0135564804077148 -0.0513992309570313 -0.01226806640625
-0.00237178802490234 0.0108118057250977 -0.0644149780273438 -0.00150680541992187
0.00274276733398438 0.0140447616577148 -0.0620307922363281 0.00680160522460938
0.0373878479003906 0.0304908752441406 -0.0322265625 -0.0529937744140625
0.0298786163330078 0.0132579803466797 0.00123310089111328 -0.0131683349609375
0.0280036926269531 0.0100231170654297 0.0360298156738281 -0.00188064575195312
0.0303955078125 -0.00197029113769531 0.0518913269042969 -0.0233917236328125
0.02569580078125 -0.0147323608398438 0.0430870056152344 -0.0408401489257813
0.0149726867675781 -0.0317058563232422 0.0213813781738281 -0.0573348999023438
-0.000457763671875001 -0.0393600463867187 -0.000865936279296879 -0.0528144836425781
-0.00102996826171875 -0.0381355285644531 -0.0119781494140625 -0.0320110321044922
0.000782012939453123 -0.0424156188964844 -0.0213375091552734 -0.014373779296875
0.0132675170898438 -0.0396995544433594 -0.0315971374511719 -0.00797080993652344
0.0277786254882812 -0.026275634765625 -0.0397834777832031 0.00186157226562499
0.0323429107666016 -0.00934791564941406 -0.0419235229492188 -0.00143814086914063
0.0243091583251953 0.01129150390625 -0.0495376586914062 -0.003143310546875
0.0237712860107422 0.0148124694824219 -0.0565567016601563 0.0079193115234375
0.0280818939208984 0.0205059051513672 -0.0544509887695313 0.0171165466308594
0.0558700561523438 0.039459228515625 -0.0162239074707031 -0.0417137145996094
0.049407958984375 0.0222854614257813 0.016972541809082 -0.00265026092529297
0.0496368408203125 0.0152130126953125 0.045562744140625 0.00487136840820313
0.0490036010742188 -0.00435256958007813 0.057586669921875 -0.0177574157714844
0.0395088195800781 -0.0229835510253906 0.0436134338378906 -0.0329551696777344
0.0234527587890625 -0.0436515808105469 0.0212745666503906 -0.0447959899902344
0.0025177001953125 -0.0514564514160156 0.00194931030273437 -0.0367927551269531
-0.000480651855468748 -0.0496788024902344 -0.0075540542602539 -0.0158891677856445
-0.000438690185546878 -0.0551300048828125 -0.0161523818969727 0.00343608856201172
0.0113029479980469 -0.0543174743652344 -0.0304145812988281 0.00964164733886718
0.0316581726074219 -0.0421714782714844 -0.0405349731445312 0.0163726806640625
0.0420608520507813 -0.0257759094238281 -0.042724609375 0.00753021240234375
0.0437889099121094 0.00374984741210938 -0.0457725524902344 0.00389480590820313
0.0463447570800781 0.0142135620117187 -0.0436553955078125 0.0147247314453125
0.0482139587402344 0.0227508544921875 -0.039093017578125 0.02777099609375
0.0665245056152344 0.0418624877929688 0.00369453430175781 -0.0276660919189453
0.0633926391601563 0.0267410278320312 0.0340900421142578 0.00926971435546875
0.0664253234863281 0.0162811279296875 0.0536842346191406 0.0115814208984375
0.0627403259277344 -0.00946426391601563 0.0599021911621094 -0.0107612609863281
0.0471916198730469 -0.030303955078125 0.0421142578125 -0.023193359375
0.0270309448242188 -0.0503997802734375 0.0193309783935547 -0.0285758972167969
0.003936767578125 -0.0554962158203125 0.004730224609375 -0.0172882080078125
-0.00011825561523437 -0.0529823303222656 -0.00201082229614258 0.00324344635009765
-0.0020599365234375 -0.0587005615234375 -0.00874137878417969 0.0226020812988281
0.00796890258789062 -0.059967041015625 -0.0260505676269531 0.0278491973876953
0.0305519104003906 -0.0510482788085937 -0.0370750427246094 0.031982421875
0.0447158813476563 -0.0379104614257813 -0.0417633056640625 0.0168228149414062
0.0561485290527344 -0.00469207763671875 -0.040496826171875 0.00903701782226563
0.0621719360351562 0.0102081298828125 -0.0267715454101563 0.0173149108886719
0.0617904663085937 0.0233192443847656 -0.0184707641601563 0.0387458801269531
0.0672645568847656 0.0381622314453125 0.0235958099365234 -0.0145816802978516
0.0682182312011719 0.0246505737304688 0.0496559143066406 0.0172805786132813
0.072723388671875 0.0115966796875 0.0578842163085938 0.0164299011230469
0.0647392272949219 -0.0157241821289062 0.0574913024902344 -0.00302886962890625
0.0450820922851563 -0.0344390869140625 0.0369415283203125 -0.01104736328125
0.0236053466796875 -0.0504074096679688 0.0172252655029297 -0.0103511810302734
0.00284194946289063 -0.051544189453125 0.00739765167236328 0.00247001647949218
0.000476837158203123 -0.0481681823730469 0.00412940979003906 0.0217247009277344
-0.00150299072265626 -0.0532798767089844 -0.00162506103515625 0.0406532287597656
0.0055084228515625 -0.0547904968261719 -0.0212287902832031 0.0453987121582031
0.0276870727539063 -0.0494842529296875 -0.0335350036621094 0.0443382263183594
0.042694091796875 -0.0406990051269531 -0.0382957458496094 0.0244674682617187
0.0597763061523438 -0.00852584838867187 -0.0334033966064453 0.0113792419433594
0.06719970703125 0.00885391235351563 -0.00881481170654297 0.0172061920166016
0.0646705627441406 0.0219764709472656 0.00384140014648438 0.048187255859375
0.0578384399414062 0.0274696350097656 0.0423011779785156 -0.0056304931640625
0.0620689392089844 0.0163078308105469 0.061798095703125 0.0199012756347656
0.0657310485839844 0.00295257568359375 0.0581817626953125 0.0168838500976563
0.0545692443847656 -0.0208702087402344 0.0522842407226563 0.00423812866210937
0.0333042144775391 -0.0337677001953125 0.0316867828369141 0.000188827514648435
0.0144615173339844 -0.0413780212402344 0.0159368515014648 0.00692176818847656
0.000652313232421872 -0.0391120910644531 0.0108318328857422 0.0207920074462891
0.000366210937499996 -0.0365486145019531 0.00960540771484375 0.0361976623535156
-5.72204589843789E-05 -0.0399703979492188 0.0041656494140625 0.0540847778320313
0.0049591064453125 -0.0412483215332031 -0.0172805786132813 0.0581169128417969
0.0225486755371094 -0.0392303466796875 -0.0302619934082031 0.0525856018066406
0.0366439819335938 -0.0344772338867188 -0.0351905822753906 0.0289764404296875
0.0540504455566406 -0.00661468505859375 -0.0265769958496094 0.0117359161376953
0.0609207153320313 0.00917816162109375 0.00780296325683594 0.0170383453369141
0.0564460754394531 0.0197982788085938 0.0243263244628906 0.0572395324707031
0.04052734375 0.0130271911621094 0.0546798706054688 -0.00312042236328125
0.0471038818359375 0.0051422119140625 0.0677108764648438 0.0154266357421875
0.0480461120605469 -0.00743484497070313 0.05438232421875 0.014404296875
0.034027099609375 -0.0222053527832031 0.0458030700683594 0.00949478149414062
0.0147743225097656 -0.0264968872070312 0.0290565490722656 0.00886917114257812
0.00243377685546875 -0.0247440338134766 0.0182094573974609 0.0177783966064453
-0.00130081176757813 -0.0195579528808594 0.0148239135742188 0.0307807922363281
0.000295639038085939 -0.0185680389404297 0.0132255554199219 0.0454940795898437
0.00122451782226563 -0.0212955474853516 0.0057373046875 0.0625343322753906
0.003753662109375 -0.0224475860595703 -0.0169563293457031 0.0652656555175781
0.0153656005859375 -0.0234603881835937 -0.0305557250976562 0.0558967590332031
0.0261631011962891 -0.0222053527832031 -0.0339336395263672 0.0306816101074219
0.0397911071777344 -0.0017852783203125 -0.0216846466064453 0.0111560821533203
0.0436782836914063 0.00839996337890625 0.0183238983154297 0.0184345245361328
0.0383491516113281 0.0148086547851563 0.0385169982910156 0.0663642883300781
0.0164585113525391 -0.000887870788574219 0.0612525939941406 -0.0075836181640625
0.025146484375 -0.00509071350097656 0.0683822631835938 0.00783920288085938
0.0224552154541016 -0.0146446228027344 0.0491561889648437 0.00942230224609375
0.00845718383789063 -0.0184898376464844 0.0419082641601563 0.012176513671875
-0.00497817993164063 -0.0136995315551758 0.0304832458496094 0.0116539001464844
-0.00810432434082031 -0.00244235992431641 0.0225086212158203 0.0223121643066406
-0.00233268737792969 0.0029594898223877 0.019134521484375 0.0343341827392578
0.000102043151855469 0.00116801261901855 0.0150871276855469 0.0467987060546875
0.0015491247177124 0.000605106353759766 0.0042724609375 0.0643348693847656
-0.000125646591186524 -0.00170338153839111 -0.0208892822265625 0.066925048828125
0.00406551361083984 -0.00729608535766602 -0.0332260131835938 0.0554237365722656
0.0109052658081055 -0.00992870330810547 -0.0355110168457031 0.0304756164550781
0.0200176239013672 0.000364303588867187 -0.0218544006347656 0.0115127563476563
0.01959228515625 0.00455665588378906 0.0207538604736328 0.0206012725830078
0.0144329071044922 0.00629615783691406 0.044647216796875 0.07073974609375
0.0168933868408203 0.0187549591064453 -0.0438423156738281 -0.0577392578125
0.00874853134155273 0.0032801628112793 -0.0101776123046875 -0.0180854797363281
0.00714635848999023 0.00303411483764648 0.0284843444824219 -0.00729179382324219
0.0106630325317383 -0.00079345703125 0.0449790954589844 -0.0289382934570313
0.0102329254150391 -0.00828742980957031 0.0377578735351563 -0.0473976135253906
0.00374412536621094 -0.0182228088378906 0.0160636901855469 -0.0645828247070312
-0.00602531433105469 -0.0231285095214844 -0.00646209716796875 -0.0616722106933594
-0.0042572021484375 -0.021697998046875 -0.0159339904785156 -0.0412864685058594
-0.000490188598632813 -0.0256481170654297 -0.0227127075195313 -0.0246791839599609
0.0101299285888672 -0.0218124389648438 -0.0294551849365234 -0.0166969299316406
0.0186805725097656 -0.0101585388183594 -0.0370559692382813 -0.00585556030273438
0.0179843902587891 0.00474929809570313 -0.0407981872558594 -0.00641250610351563
0.00352954864501953 0.0151004791259766 -0.05218505859375 -0.00966644287109376
0.00113201141357422 0.013148307800293 -0.0632438659667969 0.000762939453125013
0.00549030303955078 0.0161190032958984 -0.0591659545898437 0.00908279418945313
0.0402679443359375 0.0300102233886719 -0.0318260192871094 -0.0507659912109375
0.0317726135253906 0.0117568969726563 0.00265789031982422 -0.0133543014526367
0.0291252136230469 0.00752067565917969 0.0372390747070313 -0.00390625
0.0302219390869141 -0.00446128845214844 0.0510749816894531 -0.02496337890625
0.0246353149414063 -0.0175704956054688 0.0410614013671875 -0.0411643981933594
0.0123653411865234 -0.0336894989013672 0.0192718505859375 -0.055877685546875
-0.0037841796875 -0.0395965576171875 -0.00176239013671875 -0.0506591796875
-0.00421142578125 -0.0383987426757812 -0.0121383666992187 -0.0294342041015625
-0.00267791748046875 -0.0432624816894531 -0.0197467803955078 -0.0116748809814453
0.010955810546875 -0.0419654846191406 -0.0309429168701172 -0.00397300720214845
0.0277595520019531 -0.0289764404296875 -0.03912353515625 0.00550079345703125
0.0334644317626953 -0.0115509033203125 -0.0415458679199219 0.00127410888671876
0.0265941619873047 0.011749267578125 -0.049102783203125 -0.000785827636718739
0.0260124206542969 0.0159473419189453 -0.054718017578125 0.00998687744140626
0.0294914245605469 0.0212974548339844 -0.0508613586425781 0.0198173522949219
0.0577812194824219 0.0370864868164063 -0.0154647827148437 -0.0400581359863281
0.0501899719238281 0.0201530456542969 0.0193424224853516 -0.00331497192382812
0.0503883361816406 0.0120429992675781 0.0466651916503906 0.00241470336914063
0.0484046936035156 -0.007843017578125 0.0571479797363281 -0.0197219848632813
0.0376968383789063 -0.0246620178222656 0.0433120727539062 -0.0333480834960938
0.0201606750488281 -0.0446701049804687 0.02099609375 -0.0436248779296875
-0.00171661376953125 -0.0512275695800781 0.00269317626953125 -0.0348339080810547
-0.00403213500976563 -0.0486602783203125 -0.00619411468505859 -0.0133543014526367
-0.00436019897460938 -0.0549888610839844 -0.0131740570068359 0.0057382583618164
0.00819015502929687 -0.0550880432128906 -0.0284976959228516 0.0137557983398438
0.030364990234375 -0.043792724609375 -0.0383987426757812 0.0208358764648438
0.0414161682128906 -0.0273475646972656 -0.0417976379394531 0.0112648010253906
0.0447273254394531 0.0030975341796875 -0.0452041625976563 0.00720596313476562
0.0476036071777344 0.0141983032226563 -0.0412330627441406 0.0173225402832031
0.049224853515625 0.0228157043457031 -0.0354423522949219 0.0309715270996094
0.0671463012695312 0.0390129089355469 0.00474548339843751 -0.0259037017822266
0.0630378723144531 0.0237922668457031 0.0363731384277344 0.00823211669921875
0.0659141540527344 0.01275634765625 0.055328369140625 0.00983810424804688
0.0610084533691406 -0.01251220703125 0.0602035522460938 -0.0123519897460938
0.0443496704101563 -0.0314178466796875 0.0419960021972656 -0.0236244201660156
0.0237579345703125 -0.0507354736328125 0.0202770233154297 -0.0278358459472656
0.000892639160156255 -0.05462646484375 0.00615596771240234 -0.015904426574707
-0.00264739990234375 -0.0514602661132812 0.000377655029296875 0.00472021102905273
-0.00501251220703125 -0.0575141906738281 -0.00451278686523438 0.0247535705566406
0.00489807128906249 -0.0586280822753906 -0.0230636596679688 0.0320091247558594
0.0277938842773437 -0.0514869689941406 -0.035003662109375 0.035491943359375
0.0430870056152344 -0.0384712219238281 -0.0401191711425781 0.0208358764648437
0.0558853149414063 -0.00577163696289063 -0.0394363403320312 0.0122489929199219
0.0620346069335938 0.0090484619140625 -0.0248432159423828 0.0186367034912109
0.0613555908203125 0.0212593078613281 -0.0149040222167969 0.0409278869628906
0.0665664672851563 0.0345382690429688 0.0249576568603516 -0.0138950347900391
0.0665397644042969 0.0220451354980469 0.0522079467773438 0.0160293579101563
0.0714263916015625 0.00849151611328125 0.0596199035644531 0.0142593383789063
0.06231689453125 -0.0182151794433594 0.0584068298339844 -0.0042572021484375
0.0419883728027344 -0.0349311828613281 0.0386466979980469 -0.0119400024414063
0.0211944580078125 -0.0495758056640625 0.01861572265625 -0.0101146697998047
0.000701904296875005 -0.0497398376464844 0.0091705322265625 0.00299358367919922
-0.0013275146484375 -0.0463180541992188 0.00682640075683594 0.0225334167480469
-0.0037078857421875 -0.0515632629394531 0.00339889526367187 0.041473388671875
0.00335311889648438 -0.0530014038085938 -0.0167350769042969 0.0481491088867188
0.0244064331054687 -0.0493850708007812 -0.0299339294433594 0.04754638671875
0.0396804809570313 -0.0414199829101563 -0.0357131958007813 0.02752685546875
0.058013916015625 -0.0095672607421875 -0.0321025848388672 0.0143413543701172
0.0659027099609375 0.00670242309570312 -0.00673484802246093 0.0182819366455078
0.0628890991210938 0.019317626953125 0.00754928588867188 0.0496139526367187
0.0565071105957031 0.0236129760742188 0.0418586730957031 -0.00551223754882812
0.0593795776367188 0.0134735107421875 0.0631294250488281 0.0185432434082031
0.0634231567382813 0.000209808349609375 0.0591392517089844 0.0155296325683594
0.0518760681152344 -0.0212669372558594 0.0532493591308594 0.0025482177734375
0.0296497344970703 -0.0326728820800781 0.033477783203125 -0.000623703002929689
0.0128402709960937 -0.0399932861328125 0.0179576873779297 0.00607490539550781
-2.28881835937474E-05 -0.0368232727050781 0.0136318206787109 0.0197887420654297
-0.0004425048828125 -0.0342731475830078 0.0126228332519531 0.035980224609375
-0.0015411376953125 -0.0375099182128906 0.0089111328125 0.0535736083984375
0.00377273559570313 -0.0385894775390625 -0.0128135681152344 0.0599708557128906
0.0205612182617188 -0.0377845764160156 -0.0264511108398438 0.0551223754882812
0.0335159301757813 -0.0336875915527344 -0.0330410003662109 0.0317821502685547
0.0509529113769531 -0.0081939697265625 -0.0254058837890625 0.0141925811767578
0.0582313537597656 0.00585556030273437 0.00873661041259766 0.0165615081787109
0.0540542602539063 0.0173301696777344 0.0269393920898438 0.0582008361816406
0.0381584167480469 0.0101432800292969 0.0536384582519531 -0.00441360473632812
0.0440635681152344 0.00246429443359375 0.068023681640625 0.0143280029296875
0.0437545776367188 -0.00902938842773438 0.0554275512695313 0.0123748779296875
0.0309314727783203 -0.0222530364990234 0.0475082397460938 0.00792312622070312
0.0123023986816406 -0.0242919921875 0.0308132171630859 0.00725555419921875
0.0020599365234375 -0.0217151641845703 0.0194034576416016 0.0163688659667969
-0.000688552856445314 -0.0166940689086914 0.0171298980712891 0.0300445556640625
0.000607490539550783 -0.016697883605957 0.0157852172851563 0.044464111328125
0.00179100036621094 -0.0188236236572266 0.01007080078125 0.0613594055175781
0.00375556945800781 -0.0195255279541016 -0.0127754211425781 0.0666580200195313
0.0134830474853516 -0.0210304260253906 -0.0269737243652344 0.0579986572265625
0.0235576629638672 -0.0204544067382813 -0.0320949554443359 0.0329360961914063
0.0360488891601563 -0.00300979614257813 -0.0207042694091797 0.0134658813476563
0.0403671264648438 0.00638961791992187 0.0190544128417969 0.0182838439941406
0.0354042053222656 0.0118827819824219 0.0410575866699219 0.0649490356445313
0.0140171051025391 -0.00277614593505859 0.058868408203125 -0.00873947143554688
0.0209522247314453 -0.00724411010742188 0.0674018859863281 0.00621414184570313
0.0186004638671875 -0.0154819488525391 0.0509452819824219 0.00806808471679687
0.00533485412597656 -0.0176296234130859 0.0438423156738281 0.0102424621582031
-0.00643157958984375 -0.0105733871459961 0.0309906005859375 0.00922775268554688
-0.00773048400878906 0.000360488891601564 0.0234088897705078 0.0194320678710938
-0.000139236450195312 0.00550985336303711 0.0204830169677734 0.0319290161132813
0.00200986862182617 0.00343179702758789 0.0174598693847656 0.0453681945800781
0.00346088409423828 0.0027315616607666 0.00736236572265624 0.0620918273925781
0.000992536544799805 0.00121700763702393 -0.0163993835449219 0.0673065185546875
0.00328946113586426 -0.00417900085449219 -0.0294227600097656 0.0564079284667969
0.00860214233398438 -0.00770092010498047 -0.0333976745605469 0.0321636199951172
0.0170955657958984 4.9591064453125E-05 -0.02178955078125 0.0128364562988281
0.0167016983032227 0.00306797027587891 0.0207710266113281 0.0197582244873047
0.0112514495849609 0.00384902954101563 0.0466766357421875 0.0696563720703125
0.0201988220214844 0.0196132659912109 -0.0418357849121094 -0.0567893981933594
0.0109386444091797 0.00304412841796875 -0.00873184204101562 -0.019012451171875
0.00872421264648438 0.00154018402099609 0.0281600952148437 -0.00821304321289062
0.0114126205444336 -0.00323104858398438 0.0431709289550781 -0.0287513732910156
0.00894546508789063 -0.010960578918457 0.0360107421875 -0.045867919921875
0.0020599365234375 -0.0202960968017578 0.0152015686035156 -0.062347412109375
-0.00833320617675781 -0.0241012573242188 -0.00673294067382813 -0.0590248107910156
-0.00690650939941406 -0.0229625701904297 -0.0153312683105469 -0.0391845703125
-0.00345611572265625 -0.0266284942626953 -0.0212364196777344 -0.0222644805908203
0.00845718383789063 -0.0242099761962891 -0.0286445617675781 -0.0141372680664062
0.0190677642822266 -0.0126380920410156 -0.0357818603515625 -0.00370788574218751
0.0195598602294922 0.0023956298828125 -0.04071044921875 -0.00513076782226563
0.0070037841796875 0.0151863098144531 -0.051544189453125 -0.00946044921875001
0.00426864624023438 0.0152502059936523 -0.0613784790039063 0.000118255615234373
0.00794219970703125 0.0179862976074219 -0.0564384460449219 0.00856399536132813
0.0416603088378906 0.0296554565429688 -0.0295448303222656 -0.0500373840332031
0.0327606201171875 0.0108470916748047 0.00512313842773438 -0.0134792327880859
0.0300083160400391 0.00583648681640625 0.0368766784667969 -0.00481796264648438
0.0298271179199219 -0.00712776184082031 0.0500335693359375 -0.0249900817871094
0.0229988098144531 -0.0192203521728516 0.0401878356933594 -0.0398139953613281
0.0105495452880859 -0.0348358154296875 0.019775390625 -0.0534706115722656
-0.00634384155273437 -0.0395660400390625 -0.00115585327148438 -0.0481109619140625
-0.00652313232421875 -0.0379409790039063 -0.00992012023925781 -0.0272026062011719
-0.00558853149414062 -0.0437965393066406 -0.0173168182373047 -0.00940036773681641
0.00895309448242187 -0.0430335998535156 -0.0290870666503906 -0.00128173828125001
0.0275249481201172 -0.0304164886474609 -0.03753662109375 0.00826263427734376
0.0340461730957031 -0.0125064849853516 -0.0405998229980469 0.00286865234375
0.0288295745849609 0.0120525360107422 -0.0478591918945313 0.000743865966796882
0.0285396575927734 0.0176658630371094 -0.0523529052734375 0.0100288391113281
0.0307750701904297 0.0232448577880859 -0.0476150512695313 0.0201797485351563
0.0577735900878906 0.036529541015625 -0.0126113891601562 -0.0385475158691406
0.0499038696289063 0.0189018249511719 0.0214023590087891 -0.00361442565917969
0.0495681762695313 0.0106086730957031 0.0474090576171875 0.00144577026367188
0.0470924377441406 -0.00953292846679687 0.0568389892578125 -0.0200767517089844
0.0350208282470703 -0.0254478454589844 0.0429458618164063 -0.032257080078125
0.0179214477539062 -0.0446701049804688 0.0215950012207031 -0.0416145324707031
-0.00347137451171876 -0.0503959655761719 0.00388336181640625 -0.0331668853759766
-0.00508499145507813 -0.047943115234375 -0.0034332275390625 -0.0119009017944336
-0.00642776489257812 -0.0541496276855469 -0.00986480712890625 0.00763607025146484
0.00655364990234375 -0.0552787780761719 -0.0259914398193359 0.0160617828369141
0.0299301147460937 -0.0447158813476562 -0.0365676879882813 0.0231971740722656
0.0412712097167969 -0.0277519226074219 -0.0410423278808594 0.0131263732910156
0.0453910827636719 0.00389862060546875 -0.0438232421875 0.00822830200195312
0.0481948852539063 0.0150070190429688 -0.038818359375 0.0172576904296875
0.0484809875488281 0.0239486694335938 -0.0319423675537109 0.0314979553222656
0.06597900390625 0.0386619567871094 0.00688171386718751 -0.0248374938964844
0.0609817504882813 0.0230178833007813 0.038055419921875 0.00818634033203125
0.0645828247070312 0.011322021484375 0.0559959411621094 0.00861740112304688
0.0588569641113281 -0.012847900390625 0.0603103637695313 -0.0124473571777344
0.042205810546875 -0.0306282043457031 0.0419960021972656 -0.022247314453125
0.021942138671875 -0.0498313903808594 0.0215511322021484 -0.0264778137207031
-0.00023269653320313 -0.0531272888183594 0.00800132751464844 -0.0147695541381836
-0.00333786010742188 -0.0497779846191406 0.00347995758056641 0.00589227676391601
-0.00615310668945313 -0.0562934875488281 -0.00144767761230469 0.0259933471679687
0.00402832031250001 -0.0577125549316406 -0.0195751190185547 0.0339736938476563
0.0273857116699219 -0.0507087707519531 -0.0313339233398438 0.0377922058105469
0.0419807434082031 -0.0381965637207031 -0.038116455078125 0.0227928161621094
0.0550079345703125 -0.00493621826171875 -0.03753662109375 0.0140457153320313
0.0609321594238281 0.00957489013671875 -0.0224285125732422 0.0197525024414063
0.0594940185546875 0.0218124389648437 -0.01202392578125 0.0419654846191406
0.0634689331054688 0.032623291015625 0.0250968933105469 -0.0123271942138672
0.0634307861328125 0.02093505859375 0.0528106689453125 0.0158195495605469
0.0691947937011719 0.00764846801757812 0.0602035522460938 0.0137786865234375
0.0607032775878906 -0.0174903869628906 0.0590133666992188 -0.00453567504882813
0.0400924682617188 -0.0332984924316406 0.0390281677246094 -0.0111122131347656
0.0202827453613281 -0.0480880737304688 0.0202789306640625 -0.00967597961425782
0.000980377197265624 -0.04730224609375 0.0114431381225586 0.00389766693115234
-0.00143814086914062 -0.0442733764648438 0.00894737243652344 0.0220222473144531
-0.00386810302734375 -0.0491714477539063 0.00675582885742187 0.04168701171875
0.00322341918945313 -0.0505104064941406 -0.0134620666503906 0.0493812561035156
0.023773193359375 -0.0467414855957031 -0.0261611938476563 0.0492439270019531
0.0381660461425781 -0.0392837524414063 -0.0337238311767578 0.0294742584228516
0.055816650390625 -0.00951385498046875 -0.0300159454345703 0.0158348083496094
0.0629997253417969 0.0068206787109375 -0.00505256652832031 0.0189647674560547
0.0594062805175781 0.0191879272460938 0.00929641723632813 0.0505485534667969
0.052642822265625 0.022552490234375 0.0419120788574219 -0.00420761108398437
0.055084228515625 0.0130119323730469 0.063018798828125 0.0185050964355469
0.0599594116210938 -5.7220458984375E-05 0.0599403381347656 0.0151748657226563
0.0491104125976563 -0.0209579467773438 0.0539131164550781 0.00261306762695312
0.0287647247314453 -0.0300407409667969 0.0342884063720703 -0.000673294067382814
0.0128860473632812 -0.0370445251464844 0.0201625823974609 0.00526618957519531
0.000907897949218752 -0.0346736907958984 0.0145988464355469 0.0198535919189453
0.000383377075195313 -0.0314064025878906 0.01409912109375 0.0346088409423828
1.90734863281255E-05 -0.0354881286621094 0.0114669799804688 0.0527114868164062
0.00353622436523437 -0.0357856750488281 -0.00938796997070313 0.0605392456054687
0.0194149017333984 -0.03509521484375 -0.0230865478515625 0.0560493469238281
0.031097412109375 -0.0314731597900391 -0.0304317474365234 0.0329265594482422
0.04852294921875 -0.00710678100585938 -0.0236530303955078 0.0154762268066406
0.0543136596679688 0.0061798095703125 0.00967025756835938 0.0182914733886719
0.0501441955566406 0.0159034729003906 0.0280609130859375 0.0587844848632813
0.0346755981445313 0.00913047790527344 0.0522804260253906 -0.00262451171875
0.0394363403320312 0.0019683837890625 0.0672569274902344 0.0151710510253906
0.0406112670898438 -0.00954437255859375 0.055908203125 0.0127143859863281
0.0279293060302734 -0.02008056640625 0.048248291015625 0.007537841796875
0.0113201141357422 -0.0213890075683594 0.0315532684326172 0.00607109069824219
0.00323295593261719 -0.0190601348876953 0.0204715728759766 0.0150032043457031
0.00161075592041016 -0.0148086547851563 0.0171489715576172 0.0289707183837891
0.00258827209472656 -0.0138778686523438 0.0169219970703125 0.0424957275390625
0.00325202941894531 -0.016596794128418 0.0123825073242187 0.0597457885742188
0.00446701049804688 -0.0169258117675781 -0.0103836059570313 0.0660820007324219
0.0131015777587891 -0.0178318023681641 -0.0241546630859375 0.0579566955566406
0.0209751129150391 -0.0179157257080078 -0.0295028686523437 0.0333671569824219
0.0333309173583984 -0.00176811218261719 -0.0198898315429688 0.0145988464355469
0.03607177734375 0.00666046142578125 0.0190410614013672 0.0185298919677734
0.0317535400390625 0.0108871459960938 0.0413627624511719 0.0655479431152344
0.0107183456420898 -0.00445556640625 0.0573387145996094 -0.00696563720703125
0.0171318054199219 -0.00754642486572266 0.0651626586914063 0.0071868896484375
0.0149822235107422 -0.015864372253418 0.0502090454101563 0.00799560546875
0.00264167785644531 -0.0148801803588867 0.0444297790527344 0.0093841552734375
-0.00782918930053711 -0.00739336013793945 0.0312042236328125 0.00807380676269531
-0.00616455078125 0.00325202941894531 0.0226306915283203 0.0171585083007813
0.00247287750244141 0.00734853744506836 0.0192680358886719 0.0302448272705078
0.00429630279541016 0.00519657135009766 0.0164985656738281 0.043212890625
0.00616741180419922 0.0046086311340332 0.00821304321289062 0.0609550476074219
0.00290155410766602 0.00361013412475586 -0.0146446228027344 0.0665664672851563
0.0031898021697998 -0.00118160247802734 -0.0274085998535156 0.0562400817871094
0.00733661651611328 -0.00539875030517578 -0.0322437286376953 0.0321693420410156
0.0140581130981445 0.0009613037109375 -0.0213851928710938 0.0129032135009766
0.0121688842773438 0.00298500061035156 0.01934814453125 0.0195713043212891
0.0078272819519043 0.00244760513305664 0.0452957153320313 0.0691146850585938
0.0232467651367187 0.02044677734375 -0.0388641357421875 -0.0588836669921875
0.0141353607177734 0.00231838226318359 -0.00711441040039062 -0.0207195281982422
0.0106992721557617 -2.09808349609375E-05 0.0287647247314453 -0.00933647155761719
0.0121068954467773 -0.00657939910888672 0.0429878234863281 -0.0281829833984375
0.00952053070068359 -0.0132246017456055 0.0363693237304688 -0.0448074340820313
-0.000440597534179685 -0.0226173400878906 0.0167770385742188 -0.0606040954589844
-0.010986328125 -0.0249595642089844 -0.00468826293945312 -0.0582122802734375
-0.00905036926269531 -0.0235061645507813 -0.0128440856933594 -0.0385780334472656
-0.00604057312011719 -0.0284519195556641 -0.0196857452392578 -0.0218105316162109
0.00714111328125 -0.0271072387695313 -0.0272846221923828 -0.0125255584716797
0.0193519592285156 -0.0150470733642578 -0.0356597900390625 -0.00246047973632812
0.0214500427246094 0.000467300415039063 -0.0405044555664062 -0.00530242919921875
0.0101947784423828 0.0154285430908203 -0.0522346496582031 -0.0100021362304688
0.00744915008544922 0.016880989074707 -0.06103515625 -0.00204467773437501
0.0108909606933594 0.0205192565917969 -0.054840087890625 0.00691223144531251
0.0438117980957031 0.0314445495605469 -0.0256500244140625 -0.0505599975585938
0.0340595245361328 0.0106716156005859 0.00736713409423828 -0.0142965316772461
0.0310592651367188 0.00466156005859375 0.0386276245117188 -0.00506591796875
0.0296859741210937 -0.00853347778320313 0.0508575439453125 -0.0241775512695313
0.0221633911132813 -0.0203704833984375 0.0416259765625 -0.0380783081054688
0.00820159912109375 -0.0359573364257813 0.0220603942871094 -0.0517616271972656
-0.00824356079101563 -0.0405960083007812 0.001556396484375 -0.0472564697265625
-0.00774765014648438 -0.0386123657226563 -0.00692367553710938 -0.0266361236572266
-0.00670242309570313 -0.0448722839355469 -0.0145816802978516 -0.00832748413085938
0.00839996337890625 -0.0448379516601563 -0.0269889831542969 0.000635147094726564
0.0286312103271484 -0.0323772430419922 -0.0361900329589844 0.00995254516601562
0.036041259765625 -0.0135154724121094 -0.0405616760253906 0.00367736816406249
0.0315456390380859 0.0134906768798828 -0.0478401184082031 0.000244140625000011
0.0308208465576172 0.0199241638183594 -0.051300048828125 0.00872039794921875
0.0324802398681641 0.0261669158935547 -0.0453910827636719 0.018707275390625
0.0575065612792969 0.0385971069335938 -0.00846481323242187 -0.038970947265625
0.0495033264160156 0.0196113586425781 0.0239486694335938 -0.00386810302734375
0.0497589111328125 0.0105323791503906 0.0486793518066406 0.00186920166015625
0.0470161437988281 -0.00971603393554688 0.0575103759765625 -0.0185966491699219
0.0347347259521484 -0.02581787109375 0.0447235107421875 -0.0304450988769531
0.0172042846679688 -0.0455474853515625 0.0248527526855469 -0.0402145385742188
-0.00290679931640626 -0.0498390197753906 0.00701332092285156 -0.0317878723144531
-0.00528335571289062 -0.0478096008300781 -0.000455856323242188 -0.0110626220703125
-0.00677108764648438 -0.05487060546875 -0.00638389587402344 0.00843429565429687
0.00684738159179687 -0.055908203125 -0.0231533050537109 0.0181503295898437
0.030792236328125 -0.0450286865234375 -0.0343475341796875 0.0246963500976563
0.0432395935058594 -0.0275993347167969 -0.0395469665527344 0.0144462585449219
0.0479354858398438 0.005706787109375 -0.0431289672851563 0.00866317749023438
0.0499992370605469 0.017578125 -0.0377388000488281 0.0164146423339844
0.0490455627441406 0.0274429321289063 -0.0297374725341797 0.0312900543212891
0.0636558532714844 0.0404167175292969 0.0103511810302734 -0.0237903594970703
0.0593338012695312 0.0247688293457031 0.0405006408691406 0.00851058959960938
0.064056396484375 0.0121192932128906 0.0572624206542969 0.00938034057617188
0.0584793090820313 -0.0120468139648438 0.0619888305664063 -0.0107955932617188
0.0421295166015625 -0.0296173095703125 0.0442619323730469 -0.021514892578125
0.0218582153320313 -0.0493965148925781 0.0246181488037109 -0.0253181457519531
8.01086425781236E-05 -0.0522346496582031 0.0109262466430664 -0.0140419006347656
-0.00246810913085938 -0.0489654541015625 0.00635766983032227 0.00597381591796875
-0.00513458251953124 -0.0559616088867188 0.00233650207519531 0.0259037017822266
0.00526428222656251 -0.0570487976074219 -0.0168800354003906 0.036163330078125
0.0282554626464844 -0.0496749877929688 -0.0299110412597656 0.0396080017089844
0.042999267578125 -0.0367698669433594 -0.0368194580078125 0.0239982604980469
0.0562515258789063 -0.0024261474609375 -0.0367050170898438 0.014404296875
0.0606231689453125 0.0129165649414063 -0.0205974578857422 0.0194854736328125
0.0578231811523438 0.0251617431640625 -0.00939559936523438 0.0426101684570313
0.0613479614257813 0.0344963073730469 0.0281238555908203 -0.0107402801513672
0.0600547790527344 0.0230293273925781 0.0540885925292969 0.0174560546875
0.0667190551757812 0.009521484375 0.061798095703125 0.0150070190429688
0.0593223571777344 -0.0151443481445313 0.0609626770019531 -0.003509521484375
0.0401268005371094 -0.0309638977050781 0.0407600402832031 -0.0102653503417969
0.0212860107421875 -0.0466957092285156 0.02325439453125 -0.00921630859375
0.00272750854492188 -0.0463180541992188 0.0135259628295898 0.00456142425537109
0.000427246093749996 -0.0431060791015625 0.0117168426513672 0.0223541259765625
-0.00207138061523437 -0.04840087890625 0.009124755859375 0.04168701171875
0.00460433959960938 -0.0490493774414063 -0.0111351013183594 0.0510177612304688
0.0246009826660156 -0.0449142456054688 -0.0247611999511719 0.0503349304199219
0.0389938354492188 -0.037017822265625 -0.0324287414550781 0.0307998657226562
0.0556373596191406 -0.00667190551757813 -0.0293312072753906 0.0165767669677734
0.0615806579589844 0.00916290283203125 -0.00359535217285156 0.0199146270751953
0.05792236328125 0.0222587585449219 0.0110588073730469 0.052581787109375
0.0494232177734375 0.0235481262207031 0.0436782836914063 -0.000968933105468749
0.0519638061523438 0.0149497985839844 0.064208984375 0.02117919921875
0.0577621459960938 0.00194931030273438 0.0615043640136719 0.0166587829589844
0.0478057861328125 -0.0171890258789063 0.0555458068847656 0.00327682495117187
0.0291004180908203 -0.0268440246582031 0.0357017517089844 -0.000633239746093752
0.0145740509033203 -0.0350265502929688 0.022216796875 0.0054168701171875
0.00400352478027344 -0.0327625274658203 0.0157794952392578 0.0201034545898437
0.00329399108886719 -0.0296249389648437 0.0158538818359375 0.0355644226074219
0.00193023681640625 -0.0341377258300781 0.0132102966308594 0.0525131225585938
0.00620269775390625 -0.0342216491699219 -0.0074615478515625 0.0612449645996094
0.0206165313720703 -0.0317096710205078 -0.0214347839355469 0.0570030212402344
0.0314788818359375 -0.0280113220214844 -0.0292816162109375 0.0340805053710938
0.0461273193359375 -0.00433349609375 -0.0233325958251953 0.01605224609375
0.0511016845703125 0.00835418701171875 0.0106582641601563 0.0188274383544922
0.0461654663085937 0.0175437927246094 0.0283393859863281 0.0612716674804687
0.0304412841796875 0.00911331176757813 0.0527725219726563 0.0013275146484375
0.035308837890625 0.00328826904296875 0.0673408508300781 0.0185661315917969
0.037200927734375 -0.00736236572265625 0.0571098327636719 0.0142402648925781
0.0264034271240234 -0.0176200866699219 0.0498390197753906 0.00783920288085937
0.0110359191894531 -0.0176792144775391 0.0322132110595703 0.00605392456054687
0.00480842590332031 -0.0165777206420898 0.0211467742919922 0.0149250030517578
0.00403499603271484 -0.0132865905761719 0.0177268981933594 0.0288124084472656
0.005035400390625 -0.0118980407714844 0.0165939331054687 0.0427131652832031
0.00649356842041016 -0.0143642425537109 0.012481689453125 0.0589828491210938
0.00732612609863281 -0.0139808654785156 -0.00910568237304688 0.0658035278320313
0.0139961242675781 -0.0144004821777344 -0.0228500366210938 0.0579109191894531
0.0202598571777344 -0.0144081115722656 -0.0290794372558594 0.0342121124267578
0.0303134918212891 0.000658035278320313 -0.0198383331298828 0.0151481628417969
0.0317649841308594 0.007537841796875 0.0185108184814453 0.0196056365966797
0.0271396636962891 0.0110416412353516 0.0395660400390625 0.0679092407226562
0.00752782821655273 -0.00539207458496094 0.0559272766113281 -0.00400161743164063
0.0137529373168945 -0.00713920593261719 0.06494140625 0.0101547241210938
0.0116052627563477 -0.0144777297973633 0.0508155822753906 0.0092620849609375
0.000429153442382812 -0.0131702423095703 0.0456352233886719 0.00901412963867188
-0.00771236419677734 -0.00414228439331055 0.0310592651367187 0.00699996948242187
-0.00427103042602539 0.00586128234863281 0.0222625732421875 0.0159549713134766
0.00536155700683594 0.00892066955566406 0.018218994140625 0.0302085876464844
0.0072636604309082 0.00743198394775391 0.0155487060546875 0.0428810119628906
0.00894355773925781 0.00646209716796875 0.0074615478515625 0.0600051879882813
0.0054316520690918 0.00585508346557617 -0.0140342712402344 0.0659217834472656
0.00393080711364746 0.00241327285766602 -0.0270271301269531 0.0553436279296875
0.00629043579101563 -0.00199604034423828 -0.0316371917724609 0.0326709747314453
0.010737419128418 0.00321865081787109 -0.0216464996337891 0.0140628814697266
0.00829696655273438 0.00387287139892578 0.0173377990722656 0.0211448669433594
0.00362896919250488 0.00221109390258789 0.0427932739257813 0.0713119506835937
0.0283470153808594 0.0222568511962891 -0.0368461608886719 -0.0635337829589844
0.0171232223510742 0.00109958648681641 -0.00520515441894531 -0.0233554840087891
0.0130681991577148 -0.00254249572753906 0.0303688049316406 -0.00967788696289063
0.0126132965087891 -0.0096120834350586 0.0448837280273438 -0.02764892578125
0.0078878402709961 -0.0157566070556641 0.0378799438476563 -0.0442237854003906
-0.00300788879394531 -0.025543212890625 0.0191421508789062 -0.0609169006347656
-0.0142040252685547 -0.0266590118408203 -0.00267410278320312 -0.0586013793945313
-0.0119152069091797 -0.0255680084228516 -0.0100173950195313 -0.0397720336914062
-0.009185791015625 -0.0304584503173828 -0.0172348022460938 -0.0222263336181641
0.00567626953125 -0.0300025939941406 -0.0259132385253906 -0.0126552581787109
0.0200614929199219 -0.0182437896728516 -0.0357017517089844 -0.00171279907226563
0.0238037109375 -0.00202369689941406 -0.0420265197753906 -0.00560760498046874
0.0143098831176758 0.0155658721923828 -0.0533523559570313 -0.0116386413574219
0.0114479064941406 0.0180397033691406 -0.0630073547363281 -0.00545501708984374
0.0147438049316406 0.0231990814208984 -0.0553627014160156 0.00275802612304689
0.0470962524414063 0.0338516235351563 -0.02191162109375 -0.0541801452636719
0.0367469787597656 0.0108108520507813 0.0104360580444336 -0.0168943405151367
0.0331382751464844 0.00336265563964844 0.0403709411621094 -0.00516510009765625
0.0308456420898438 -0.0110206604003906 0.0527992248535156 -0.0239334106445313
0.0223674774169922 -0.0219478607177734 0.0444374084472656 -0.0375137329101563
0.00665664672851562 -0.0379676818847656 0.0257911682128906 -0.0527687072753906
-0.0098114013671875 -0.0418663024902344 0.00501251220703125 -0.0479278564453125
-0.00868988037109375 -0.04022216796875 -0.00380325317382812 -0.0273590087890625
-0.00861358642578125 -0.0476799011230469 -0.0117626190185547 -0.00863838195800781
0.00776290893554687 -0.0479469299316406 -0.0247993469238281 0.00143814086914062
0.0301399230957031 -0.0354843139648438 -0.0361251831054688 0.0106315612792969
0.0390243530273438 -0.0156745910644531 -0.0406341552734375 0.00381088256835937
0.0356559753417969 0.0143241882324219 -0.0489997863769531 -0.000911712646484368
0.0345039367675781 0.0232887268066406 -0.0519371032714844 0.00669860839843749
0.0355987548828125 0.0301017761230469 -0.0443916320800781 0.0166702270507813
0.0591773986816406 0.0420494079589844 -0.00438308715820312 -0.0404739379882813
0.0512962341308594 0.0213432312011719 0.0275039672851563 -0.00427055358886718
0.0518112182617188 0.0103645324707031 0.0514411926269531 0.00202178955078125
0.0480232238769531 -0.00969696044921875 0.0613174438476562 -0.0178985595703125
0.0358505249023438 -0.0264434814453125 0.0483245849609375 -0.0298309326171875
0.0172080993652344 -0.0469284057617188 0.0291938781738281 -0.0402488708496094
-0.00397109985351563 -0.051483154296875 0.0108451843261719 -0.0326099395751953
-0.00527191162109375 -0.0493125915527344 0.00326728820800781 -0.0111093521118164
-0.00730133056640625 -0.057159423828125 -0.00309514999389649 0.00864648818969726
0.00803375244140625 -0.0582466125488281 -0.0208034515380859 0.0193367004394531
0.0333023071289063 -0.0471115112304688 -0.0337791442871094 0.0272178649902344
0.0467987060546875 -0.0282821655273438 -0.0392379760742187 0.01507568359375
0.0520858764648438 0.00774002075195313 -0.043731689453125 0.00839233398437501
0.053192138671875 0.0219497680664063 -0.0373115539550781 0.0145492553710937
0.0513801574707031 0.0318946838378906 -0.0275402069091797 0.031768798828125
0.0643081665039063 0.0450630187988281 0.0149707794189453 -0.0243320465087891
0.0597038269042969 0.0277099609375 0.044586181640625 0.00867843627929688
0.0643463134765625 0.0143394470214844 0.060455322265625 0.0103263854980469
0.0601348876953125 -0.0109100341796875 0.0661849975585938 -0.0098114013671875
0.0437965393066406 -0.0284767150878906 0.0475311279296875 -0.0204124450683594
0.0233116149902344 -0.0498313903808594 0.0292778015136719 -0.0252532958984375
0.00181961059570312 -0.0538902282714844 0.0150279998779297 -0.013789176940918
-0.000804901123046876 -0.0503196716308594 0.0105428695678711 0.00562858581542968
-0.00413894653320312 -0.0571556091308594 0.00524520874023437 0.0267505645751953
0.00647354125976562 -0.059234619140625 -0.0145721435546875 0.0381088256835937
0.0309257507324219 -0.0505447387695313 -0.0282859802246094 0.0416488647460938
0.046417236328125 -0.03692626953125 -0.0354957580566406 0.0254135131835937
0.0597152709960937 0.00030517578125 -0.0359764099121094 0.0152473449707031
0.0634651184082031 0.0167655944824219 -0.0201473236083984 0.0196418762207031
0.0589027404785156 0.0300712585449219 -0.00763702392578124 0.0439987182617188
0.059112548828125 0.0389251708984375 0.0318813323974609 -0.00819587707519531
0.0587501525878906 0.0274925231933594 0.0583572387695313 0.0194931030273438
0.0669212341308594 0.0128097534179687 0.0647926330566406 0.0166358947753906
0.0613594055175781 -0.0130233764648438 0.0651168823242188 -0.00185775756835938
0.0424003601074219 -0.0284194946289063 0.0439224243164063 -0.0100212097167969
0.0234947204589844 -0.0461387634277344 0.0259246826171875 -0.0089874267578125
0.00598907470703125 -0.0469856262207031 0.0166358947753906 0.0047311782836914
0.00360488891601563 -0.0436477661132813 0.0149154663085938 0.0230789184570313
0.000362396240234375 -0.0496940612792969 0.0125236511230469 0.0427284240722656
0.00743484497070312 -0.0495986938476563 -0.00864410400390626 0.0533256530761719
0.0278434753417969 -0.0449142456054688 -0.0235137939453125 0.0530204772949219
0.0415763854980469 -0.0357246398925781 -0.0317440032958984 0.0324039459228516
0.0570831298828125 -0.00341796875 -0.0287036895751953 0.0184555053710937
0.0615692138671875 0.0125846862792969 -0.00217056274414062 0.0205059051513672
0.0564994812011719 0.0264205932617188 0.01324462890625 0.0562286376953125
0.0465965270996094 0.0264434814453125 0.0464859008789063 0.00278091430664063
0.0493812561035156 0.0187301635742188 0.06793212890625 0.0254478454589844
0.05645751953125 0.00551605224609375 0.0643730163574219 0.0188713073730469
0.0488166809082031 -0.0141563415527344 0.059417724609375 0.00506591796875
0.0310459136962891 -0.0240650177001953 0.0378799438476562 0.000335693359374999
0.0175762176513672 -0.0339469909667969 0.0230770111083984 0.00557708740234375
0.00731658935546875 -0.0324230194091797 0.0175418853759766 0.0206317901611328
0.00714302062988281 -0.0302677154541016 0.0172805786132813 0.0356712341308594
0.00610160827636718 -0.0335178375244141 0.0151405334472656 0.0537528991699219
0.00956153869628906 -0.0326595306396484 -0.005523681640625 0.0630912780761719
0.0229644775390625 -0.0301551818847656 -0.0202522277832031 0.0587081909179688
0.0333786010742188 -0.0245208740234375 -0.0289306640625 0.0355300903320313
0.0462646484375 -0.00038909912109375 -0.0225467681884766 0.0174713134765625
0.0490455627441406 0.0117073059082031 0.0120887756347656 0.0211524963378906
0.0439071655273438 0.0207252502441406 0.0300674438476563 0.0660667419433594
0.0276374816894531 0.0104198455810547 0.0545883178710937 0.00521087646484375
0.0325603485107422 0.00593376159667969 0.0706787109375 0.0228042602539063
0.0352325439453125 -0.00487899780273437 0.0604972839355469 0.0168495178222656
0.0258197784423828 -0.0142021179199219 0.0527534484863281 0.00867462158203125
0.0123195648193359 -0.0155048370361328 0.0338077545166016 0.00634765625
0.00768280029296875 -0.0141754150390625 0.0220680236816406 0.0144710540771484
0.00817108154296875 -0.0122299194335938 0.0175514221191406 0.0305347442626953
0.00916767120361328 -0.0116968154907227 0.0168724060058594 0.0439491271972656
0.0106201171875 -0.0135946273803711 0.0124855041503906 0.0607872009277344
0.0105991363525391 -0.0114336013793945 -0.00829696655273437 0.0679588317871094
0.0165510177612305 -0.0109968185424805 -0.0223960876464844 0.0592079162597656
0.0209903717041016 -0.0108394622802734 -0.029083251953125 0.0354080200195313
0.0291309356689453 0.00412750244140625 -0.0194377899169922 0.0165462493896484
0.0283050537109375 0.0104770660400391 0.0183143615722656 0.0226097106933594
0.0230007171630859 0.013092041015625 0.0407257080078125 0.07330322265625
0.0041966438293457 -0.00658082962036133 0.0567474365234375 0.00052642822265625
0.0105361938476562 -0.00720405578613281 0.0668144226074219 0.0143814086914063
0.00798320770263672 -0.0130414962768555 0.0539665222167969 0.0123939514160156
-0.000738143920898439 -0.0104284286499023 0.0471572875976563 0.00959396362304688
-0.00742626190185547 -0.000844478607177733 0.0308895111083984 0.00558853149414063
-0.00169181823730469 0.00858974456787109 0.0210609436035156 0.0158596038818359
0.0084075927734375 0.00994491577148438 0.0166778564453125 0.030487060546875
0.0107431411743164 0.00851821899414063 0.0139045715332031 0.0439071655273438
0.0127544403076172 0.00849151611328125 0.00622177124023437 0.0618247985839844
0.0086064338684082 0.00857877731323242 -0.0153160095214844 0.0671501159667969
0.00658559799194336 0.00608301162719727 -0.0281333923339844 0.0559234619140625
0.00687360763549805 0.00166463851928711 -0.03289794921875 0.0334243774414062
0.00882244110107422 0.00613307952880859 -0.0227584838867188 0.0152549743652344
0.00345754623413086 0.00587368011474609 0.0164299011230469 0.0233154296875
-0.00113868713378906 0.00249075889587402 0.0424346923828125 0.0765228271484375
0.0339317321777344 0.0231170654296875 -0.0359725952148438 -0.0702781677246094
0.0219058990478516 -0.00110816955566406 -0.00406837463378906 -0.0275840759277344
0.0150489807128906 -0.00606536865234375 0.0313930511474609 -0.0114631652832031
0.0124540328979492 -0.0137128829956055 0.0472526550292969 -0.0297126770019531
0.00647544860839844 -0.0196170806884766 0.0418319702148438 -0.0455207824707031
-0.00728607177734375 -0.0282001495361328 0.0221176147460938 -0.063934326171875
-0.0182018280029297 -0.028533935546875 -0.000576019287109381 -0.0614128112792969
-0.015106201171875 -0.0280799865722656 -0.00864028930664062 -0.0421218872070313
-0.0140762329101563 -0.0340099334716797 -0.0155353546142578 -0.0237388610839844
0.00296211242675782 -0.0346355438232422 -0.0254650115966797 -0.0119514465332031
0.0216312408447266 -0.0236644744873047 -0.0366325378417969 -0.000759124755859384
0.0264396667480469 -0.00572013854980469 -0.0440254211425781 -0.00548553466796875
0.0195541381835938 0.0152606964111328 -0.0574798583984375 -0.0130157470703125
0.0170612335205078 0.0205287933349609 -0.0670700073242188 -0.00827407836914062
0.0202102661132813 0.0260543823242188 -0.056732177734375 0.000179290771484382
0.0534515380859375 0.0370674133300781 -0.0195503234863281 -0.0599555969238281
0.0411529541015625 0.0103988647460938 0.0130691528320313 -0.0193347930908203
0.0362510681152344 0.00118255615234375 0.0434150695800781 -0.00688552856445312
0.0319061279296875 -0.0137748718261719 0.0562858581542969 -0.0248565673828125
0.0219440460205078 -0.0247535705566406 0.0487022399902344 -0.0390892028808594
0.00419998168945313 -0.0415420532226563 0.0300369262695312 -0.0546379089355469
-0.0131492614746094 -0.0445213317871094 0.00836944580078126 -0.0504035949707031
-0.0119361877441406 -0.0428314208984375 -0.000391006469726564 -0.0297107696533203
-0.0121955871582031 -0.0513992309570313 -0.00800609588623047 -0.00966358184814453
0.00595855712890624 -0.0529861450195312 -0.0231170654296875 0.00221443176269531
0.0319709777832031 -0.0401153564453125 -0.0350284576416016 0.0128231048583984
0.0436058044433594 -0.0190200805664063 -0.0419998168945312 0.00524520874023437
0.0422554016113281 0.0153007507324219 -0.0515975952148438 -0.000785827636718739
0.0416717529296875 0.0256576538085937 -0.0544700622558594 0.00446319580078126
0.0414657592773438 0.0352783203125 -0.044830322265625 0.0152397155761719
0.0643081665039063 0.0466728210449219 -0.000133514404296869 -0.0441398620605469
0.0545768737792969 0.0230903625488281 0.0319480895996094 -0.00677490234375
0.0545082092285156 0.0105514526367188 0.0554351806640625 0.00197219848632813
0.0499496459960938 -0.0114364624023438 0.0660438537597656 -0.0187873840332031
0.0366592407226563 -0.0280838012695312 0.0532798767089844 -0.0312080383300781
0.016357421875 -0.0496902465820313 0.0347442626953125 -0.0422172546386719
-0.00451278686523437 -0.0545387268066406 0.0157413482666016 -0.035064697265625
-0.00654983520507812 -0.0523338317871094 0.00731658935546875 -0.0130853652954102
-0.00841140747070313 -0.0610084533691406 0.00136184692382812 0.00856351852416992
0.00743484497070313 -0.0629043579101563 -0.0173625946044922 0.0219707489013672
0.03594970703125 -0.0518951416015625 -0.0321197509765625 0.0296802520751953
0.0520095825195313 -0.0317001342773438 -0.039642333984375 0.0172500610351562
0.0580825805664063 0.00957870483398438 -0.0449066162109375 0.00998306274414062
0.0594863891601563 0.0256004333496094 -0.0376052856445312 0.0146675109863281
0.0566062927246094 0.036895751953125 -0.0255641937255859 0.0317096710205078
0.0669937133789063 0.0501289367675781 0.0198783874511719 -0.025909423828125
0.0622444152832031 0.0311965942382813 0.0498733520507813 0.00899124145507813
0.0680732727050781 0.0171890258789062 0.0656547546386719 0.0107955932617188
0.0629501342773438 -0.0105628967285156 0.0709609985351563 -0.010284423828125
0.0459098815917969 -0.0299568176269531 0.0529670715332031 -0.0216407775878906
0.0253028869628906 -0.0523643493652344 0.0340499877929688 -0.0272178649902344
0.00283432006835938 -0.0569496154785156 0.0195388793945313 -0.0158920288085938
-0.000152587890625 -0.0531272888183594 0.0142354965209961 0.00567626953125
-0.00302886962890626 -0.06109619140625 0.0105667114257813 0.0277366638183594
0.0077362060546875 -0.0629386901855469 -0.0111122131347656 0.0410423278808594
0.035064697265625 -0.0536613464355469 -0.0263900756835938 0.0453109741210937
0.051239013671875 -0.0377578735351562 -0.0350265502929688 0.0282878875732422
0.0649147033691406 0.0022125244140625 -0.03662109375 0.0170326232910156
0.0679244995117188 0.0210609436035156 -0.0186576843261719 0.0201263427734375
0.0625 0.0356559753417969 -0.00465774536132812 0.0467643737792969
0.0608062744140625 0.0449600219726562 0.0384063720703125 -0.00716781616210937
0.0609359741210938 0.0310554504394531 0.0640525817871094 0.0209884643554688
0.07012939453125 0.0163421630859375 0.0708236694335938 0.0185775756835938
0.0651130676269531 -0.01104736328125 0.070098876953125 -0.00215911865234375
0.0461502075195313 -0.0278358459472656 0.0489158630371094 -0.0101585388183594
0.0269546508789063 -0.0474967956542969 0.0312824249267578 -0.0101394653320313
0.00855636596679687 -0.0496177673339844 0.0208816528320313 0.00387191772460937
0.00600051879882813 -0.045074462890625 0.0183792114257813 0.022430419921875
0.00243759155273437 -0.05181884765625 0.0161666870117188 0.0436820983886719
0.00984954833984375 -0.0519828796386719 -0.00477600097656249 0.0563430786132813
0.0322151184082031 -0.0455207824707031 -0.0207138061523438 0.0557785034179687
0.0457611083984375 -0.0350341796875 -0.0306777954101563 0.0354843139648438
0.0606956481933594 -1.1444091796875E-05 -0.0283279418945313 0.0193576812744141
0.0646781921386719 0.0175933837890625 -0.000297546386718744 0.0221023559570313
0.0576744079589844 0.0309829711914062 0.01715087890625 0.0598106384277344
0.0455284118652344 0.0300941467285156 0.0515060424804687 0.0057830810546875
0.0484352111816406 0.0230979919433594 0.0736007690429687 0.0276870727539062
0.057525634765625 0.00960922241210938 0.0708084106445313 0.0204238891601563
0.0519485473632813 -0.0117454528808594 0.0649185180664063 0.00524139404296875
0.0343494415283203 -0.0228939056396484 0.0412445068359375 -0.000892639160156251
0.0219573974609375 -0.0342483520507813 0.0266094207763672 0.00564765930175781
0.0112190246582031 -0.0338821411132813 0.0210857391357422 0.0217227935791016
0.0113143920898438 -0.0314521789550781 0.0200424194335938 0.0372276306152344
0.0102710723876953 -0.0349540710449219 0.0185394287109375 0.056396484375
0.013671875 -0.0330047607421875 -0.0027618408203125 0.0666847229003906
0.0274410247802734 -0.0281734466552734 -0.0185813903808594 0.0621528625488281
0.03594970703125 -0.0228614807128906 -0.0277099609375 0.0387115478515625
0.0479316711425781 0.0030670166015625 -0.0218219757080078 0.0200881958007812
0.0495109558105469 0.0154685974121094 0.0143337249755859 0.0230598449707031
0.0424308776855469 0.0253105163574219 0.0349884033203125 0.07135009765625
0.024505615234375 0.0121479034423828 0.0595741271972656 0.0101585388183594
0.0288982391357422 0.00911903381347656 0.0754623413085938 0.0270156860351563
0.0345458984375 -0.00139045715332031 0.064788818359375 0.0186347961425781
0.02691650390625 -0.0104084014892578 0.0573539733886719 0.0108642578125
0.0141172409057617 -0.0117063522338867 0.035980224609375 0.00629043579101562
0.0115470886230469 -0.0128593444824219 0.0231723785400391 0.014556884765625
0.0125865936279297 -0.0124340057373047 0.0193119049072266 0.0315666198730469
0.0142984390258789 -0.0111141204833984 0.0180931091308594 0.0449256896972656
0.0163564682006836 -0.0134868621826172 0.0148277282714844 0.0631675720214844
0.0166282653808594 -0.0106649398803711 -0.00717926025390625 0.0712890625
0.0200519561767578 -0.0078887939453125 -0.022247314453125 0.0626945495605469
0.0230827331542969 -0.00679588317871094 -0.0292320251464844 0.0381965637207031
0.0277290344238281 0.0078582763671875 -0.0198402404785156 0.0185451507568359
0.0266361236572266 0.014007568359375 0.0203018188476563 0.024688720703125
0.0202789306640625 0.0158023834228516 0.0433502197265625 0.0800628662109375
-0.0003814697265625 -0.00616216659545898 0.0604934692382812 0.00496673583984375
0.00611114501953125 -0.00479984283447266 0.0717926025390625 0.0183181762695313
0.00480556488037109 -0.0109424591064453 0.0577812194824219 0.0130119323730469
-0.00304651260375977 -0.007171630859375 0.0508995056152344 0.00916671752929688
-0.00681304931640625 0.00269651412963867 0.0325508117675781 0.00489044189453125
0.00177860260009766 0.0118112564086914 0.0207080841064453 0.0162429809570313
0.013545036315918 0.0115537643432617 0.0170974731445313 0.0324954986572266
0.0151643753051758 0.00939083099365234 0.0141181945800781 0.0458259582519531
0.0181407928466797 0.00884246826171875 0.00642776489257813 0.0640945434570313
0.014251708984375 0.0101633071899414 -0.0146522521972656 0.0697441101074219
0.00942802429199219 0.0101699829101563 -0.0286102294921875 0.0583915710449219
0.00761938095092774 0.00645303726196289 -0.0337181091308594 0.0357246398925781
0.00604152679443359 0.0109138488769531 -0.0243320465087891 0.0171623229980469
-0.000630378723144531 0.00946044921875 0.0172157287597656 0.027435302734375
-0.00581932067871094 0.00352668762207031 0.0437850952148438 0.0839996337890625
0.0422630310058594 0.0216102600097656 -0.0388336181640625 -0.0774612426757813
0.0261459350585938 -0.00530624389648438 -0.00460624694824219 -0.0319843292236328
0.0167570114135742 -0.0115852355957031 0.0334186553955078 -0.0141754150390625
0.0114555358886719 -0.0189380645751953 0.0494422912597656 -0.0324211120605469
0.00389671325683594 -0.0228614807128906 0.044219970703125 -0.0487823486328125
-0.013427734375 -0.0299491882324219 0.0230064392089844 -0.0676803588867188
-0.0238399505615234 -0.0291786193847656 7.62939453124201E-06 -0.0655403137207031
-0.0209388732910156 -0.0285511016845703 -0.00798416137695312 -0.0456657409667969
-0.0205268859863281 -0.0353355407714844 -0.0139999389648438 -0.0258064270019531
-0.00183868408203125 -0.0388031005859375 -0.0244255065917969 -0.0121421813964844
0.01983642578125 -0.0292377471923828 -0.036224365234375 0.00091171264648437
0.0292472839355469 -0.0114097595214844 -0.0463409423828125 -0.00437545776367188
0.0255546569824219 0.0133838653564453 -0.0617446899414062 -0.0122947692871094
0.0252590179443359 0.0200462341308594 -0.0721511840820312 -0.00916290283203125
0.0282783508300781 0.0274486541748047 -0.0598678588867188 -0.00308990478515625
0.061187744140625 0.0374565124511719 -0.0188446044921875 -0.0667686462402344
0.0460128784179688 0.00800704956054688 0.0153827667236328 -0.0241985321044922
0.038665771484375 -0.0021514892578125 0.0467643737792969 -0.00954437255859375
0.0322971343994141 -0.0181198120117188 0.0601234436035156 -0.0284767150878906
0.0206031799316406 -0.0287570953369141 0.0527763366699219 -0.0419540405273438
-0.000141143798828129 -0.0443305969238281 0.0334930419921875 -0.0590782165527344
-0.0179214477539062 -0.0464744567871094 0.0111198425292969 -0.054718017578125
-0.0162887573242188 -0.0453681945800781 0.00215339660644531 -0.0330791473388672
-0.017059326171875 -0.054718017578125 -0.00491809844970703 -0.0114259719848633
0.00293350219726562 -0.0582809448242187 -0.0203971862792969 0.00306892395019531
0.0323257446289063 -0.0476837158203125 -0.0338191986083984 0.0158042907714844
0.047698974609375 -0.0246925354003906 -0.0426139831542969 0.00709152221679687
0.0505104064941406 0.0135879516601563 -0.0541572570800781 0.000816345214843759
0.0507736206054688 0.0268211364746094 -0.057586669921875 0.00445175170898437
0.0495071411132812 0.0381355285644531 -0.0454521179199219 0.0140113830566406
0.0720291137695313 0.0491561889648438 0.00315093994140626 -0.0504035949707031
0.0597991943359375 0.0232582092285156 0.0357933044433594 -0.0108604431152344
0.0588035583496094 0.008941650390625 0.0603103637695313 -0.00127029418945312
0.052886962890625 -0.0148658752441406 0.0713272094726563 -0.0220489501953125
0.0369529724121094 -0.0311851501464844 0.0581016540527344 -0.0343399047851562
0.0142745971679688 -0.0537033081054688 0.0389938354492188 -0.0468177795410156
-0.00769805908203125 -0.0575981140136719 0.02032470703125 -0.0386123657226563
-0.00928878784179687 -0.0551681518554688 0.0115509033203125 -0.0161590576171875
-0.0127182006835937 -0.0649337768554688 0.00635099411010742 0.00710773468017578
0.00505828857421875 -0.0688552856445313 -0.0132961273193359 0.0228233337402344
0.0369033813476563 -0.0586471557617188 -0.0286026000976562 0.0331554412841797
0.05621337890625 -0.0369911193847656 -0.0390777587890625 0.0202369689941406
0.0667877197265625 0.00809097290039063 -0.0453071594238281 0.0124473571777344
0.0681037902832031 0.0269126892089844 -0.0385169982910156 0.0145072937011719
0.0646324157714844 0.0414962768554688 -0.0239849090576172 0.0316734313964844
0.0725021362304688 0.0544204711914063 0.0257091522216797 -0.028656005859375
0.0670661926269531 0.0338096618652344 0.0566787719726563 0.0062408447265625
0.0731887817382813 0.017608642578125 0.0719680786132812 0.0087127685546875
0.0681495666503906 -0.0117530822753906 0.0774002075195313 -0.0135040283203125
0.0491600036621094 -0.03179931640625 0.05865478515625 -0.0243186950683594
0.0251312255859375 -0.0563583374023438 0.0395774841308594 -0.0305976867675781
0.00231170654296876 -0.0608329772949219 0.0243473052978516 -0.018341064453125
-0.000587463378906252 -0.0566749572753906 0.0188217163085938 0.00329399108886718
-0.005035400390625 -0.0653495788574219 0.0166187286376953 0.0263805389404297
0.00735855102539063 -0.0678253173828125 -0.00492477416992188 0.0430908203125
0.037200927734375 -0.0597267150878906 -0.0219573974609375 0.0487785339355469
0.0561676025390625 -0.0426292419433594 -0.0330486297607422 0.0314369201660156
0.0723342895507813 0.00167083740234375 -0.0358657836914062 0.0192337036132813
0.0750045776367188 0.0232620239257813 -0.0170555114746094 0.0207271575927734
0.0689849853515625 0.0404090881347656 0.000316619873046882 0.0484771728515625
0.0638504028320313 0.049072265625 0.0455513000488281 -0.0082855224609375
0.0637168884277344 0.0361061096191406 0.0723419189453125 0.0204544067382813
0.0741653442382813 0.01904296875 0.0778274536132813 0.016693115234375
0.070404052734375 -0.0107345581054688 0.077178955078125 -0.0043182373046875
0.0500221252441406 -0.0290298461914063 0.053070068359375 -0.0127487182617188
0.0290451049804688 -0.0506362915039063 0.0358314514160156 -0.012939453125
0.0101737976074219 -0.0535163879394531 0.0257511138916016 0.00252914428710937
0.00766372680664062 -0.0494232177734375 0.0229701995849609 0.0222129821777344
0.00421905517578125 -0.0559730529785156 0.023101806640625 0.044036865234375
0.0122261047363281 -0.0559272766113281 0.000949859619140628 0.0591316223144531
0.0357894897460938 -0.0491371154785156 -0.0162925720214844 0.0601463317871094
0.0500984191894531 -0.0370979309082031 -0.0281105041503906 0.0387535095214844
0.0667304992675781 0.00123977661132813 -0.0268878936767578 0.0222759246826172
0.0696754455566406 0.0206108093261719 0.00360298156738282 0.0231609344482422
0.0614700317382813 0.0369796752929688 0.0245437622070313 0.063507080078125
0.0465278625488281 0.0350532531738281 0.0597457885742188 0.00706100463867188
0.0505180358886719 0.0276718139648438 0.0825424194335937 0.0291595458984375
0.0603866577148438 0.01312255859375 0.0777435302734375 0.020172119140625
0.0560150146484375 -0.0100135803222656 0.0708999633789062 0.00311279296875
0.0388641357421875 -0.0220184326171875 0.045440673828125 -0.00257110595703125
0.0261116027832031 -0.0357589721679688 0.0304355621337891 0.00418472290039062
0.0155792236328125 -0.0378913879394531 0.0244712829589844 0.0207633972167969
0.014617919921875 -0.0336189270019531 0.0245132446289063 0.0373420715332031
0.0146026611328125 -0.0388641357421875 0.0239906311035156 0.0573692321777344
0.0172958374023438 -0.0354766845703125 0.00214004516601562 0.0695075988769531
0.0321903228759766 -0.0293960571289063 -0.0141677856445313 0.0660438537597656
0.0402565002441406 -0.0220184326171875 -0.0255050659179687 0.04193115234375
0.0505180358886719 0.00672531127929687 -0.0206012725830078 0.0222053527832031
0.0509872436523438 0.0208206176757812 0.0183296203613281 0.0244407653808594
0.0424766540527344 0.0296211242675781 0.0423583984375 0.076690673828125
0.0219917297363281 0.0147476196289063 0.0665130615234375 0.0129928588867188
0.0283317565917969 0.0124549865722656 0.0841064453125 0.0286941528320313
0.0340900421142578 0.00251007080078125 0.0724334716796875 0.0186004638671875
0.0292263031005859 -0.00737380981445313 0.0630149841308594 0.00745773315429687
0.01812744140625 -0.00961875915527344 0.0388107299804687 0.00347900390625
0.0170621871948242 -0.0127363204956055 0.0253810882568359 0.0139656066894531
0.0182991027832031 -0.0146484375 0.0216693878173828 0.0328102111816406
0.0197067260742188 -0.0132827758789063 0.0208930969238281 0.0470924377441406
0.0222988128662109 -0.0160045623779297 0.0188255310058594 0.0656356811523438
0.0213356018066406 -0.0117874145507813 -0.00270843505859374 0.074127197265625
0.0257148742675781 -0.00619888305664062 -0.0190505981445313 0.0655632019042969
0.0269222259521484 -0.00360107421875 -0.028045654296875 0.0410232543945313
0.0291156768798828 0.0134468078613281 -0.019317626953125 0.0211677551269531
0.0239372253417969 0.0197124481201172 0.0245323181152344 0.0274276733398438
0.0164680480957031 0.0203876495361328 0.0506515502929688 0.0869598388671875
-0.0054931640625 -0.00536918640136719 0.0656852722167969 0.00875091552734375
0.00201559066772461 -0.00333380699157715 0.0790863037109375 0.020904541015625
0.00153446197509766 -0.00748014450073242 0.0645713806152344 0.0135574340820313
-0.00342106819152832 -0.00195217132568359 0.0552139282226563 0.00798416137695313
-0.00530385971069336 0.00732994079589844 0.0344066619873047 0.00418853759765625
0.00641345977783203 0.0146636962890625 0.0214920043945313 0.0160770416259766
0.0190010070800781 0.0118503570556641 0.0168914794921875 0.0351753234863281
0.0210189819335937 0.00908279418945312 0.0135345458984375 0.0493011474609375
0.0252799987792969 0.00838470458984375 0.00783920288085938 0.0671119689941406
0.0199642181396484 0.0115871429443359 -0.0127716064453125 0.0732421875
0.0143651962280273 0.0143194198608398 -0.0276527404785156 0.0613861083984375
0.0100870132446289 0.0112276077270508 -0.0341072082519531 0.0385856628417969
0.00483131408691406 0.0163364410400391 -0.0246944427490234 0.0196762084960937
-0.004669189453125 0.0143594741821289 0.0191650390625 0.0298881530761719
-0.0122041702270508 0.00674152374267578 0.048980712890625 0.0912399291992188
0.0501022338867188 0.0169029235839844 -0.0429153442382813 -0.0841598510742188
0.0287837982177734 -0.0108242034912109 -0.00626373291015625 -0.0370521545410156
0.0168342590332031 -0.0176563262939453 0.0336589813232422 -0.01690673828125
0.00757598876953125 -0.0239105224609375 0.0492134094238281 -0.0363883972167969
-0.000490188598632812 -0.0255146026611328 0.0447196960449219 -0.0515289306640625
-0.0203380584716797 -0.0301303863525391 0.0226211547851563 -0.0724105834960938
-0.0308380126953125 -0.0269756317138672 0.000240325927734377 -0.0695877075195313
-0.0273799896240234 -0.0273342132568359 -0.00833129882812501 -0.0493316650390625
-0.0276451110839844 -0.0350666046142578 -0.0129547119140625 -0.0289363861083984
-0.00804519653320312 -0.04095458984375 -0.0235233306884766 -0.0129985809326172
0.0161418914794922 -0.0348587036132812 -0.0361137390136719 0.00286865234375
0.0290145874023437 -0.0180854797363281 -0.04864501953125 -0.00263595581054687
0.0311279296875 0.00762557983398437 -0.0659561157226563 -0.00925445556640624
0.03326416015625 0.0169467926025391 -0.0777587890625 -0.00868225097656249
0.0379867553710938 0.0272140502929688 -0.0626602172851563 -0.00539016723632813
0.0698814392089844 0.03631591796875 -0.0205307006835937 -0.0748443603515625
0.051055908203125 0.003448486328125 0.0152606964111328 -0.0303115844726563
0.0416793823242188 -0.00625991821289063 0.0481452941894531 -0.0135917663574219
0.0305614471435547 -0.023468017578125 0.0623397827148438 -0.03228759765625
0.0173568725585938 -0.0322303771972656 0.0554656982421875 -0.04583740234375
-0.005706787109375 -0.0463066101074219 0.0351028442382813 -0.0635261535644531
-0.0230445861816406 -0.0467529296875 0.0129241943359375 -0.0597267150878906
-0.0214614868164063 -0.04681396484375 0.00460052490234375 -0.037811279296875
-0.0240402221679688 -0.0560684204101562 -0.00197410583496094 -0.0147628784179688
-0.0039825439453125 -0.062408447265625 -0.0170497894287109 0.00394153594970703
0.0299224853515625 -0.0544471740722656 -0.0301933288574219 0.0176124572753906
0.0498619079589844 -0.0317535400390625 -0.0426979064941406 0.0101470947265625
0.0587615966796875 0.00856781005859375 -0.0560798645019531 0.00347900390625
0.0595703125 0.0244941711425781 -0.0604629516601562 0.00410842895507812
0.060882568359375 0.0383529663085938 -0.0454063415527344 0.0107994079589844
0.0801239013671875 0.0501632690429688 0.00574111938476563 -0.0572509765625
0.0646858215332031 0.0224266052246094 0.0397911071777344 -0.0171661376953125
0.0625534057617188 0.006561279296875 0.0638809204101563 -0.00555419921875
0.0551910400390625 -0.01904296875 0.075469970703125 -0.0271072387695313
0.0366363525390625 -0.0346488952636719 0.0617218017578125 -0.0387802124023438
0.010101318359375 -0.0564727783203125 0.042083740234375 -0.0522422790527344
-0.0113677978515625 -0.0587005615234375 0.0236053466796875 -0.0443153381347656
-0.0118598937988281 -0.0569343566894531 0.0145893096923828 -0.0199699401855469
-0.0172691345214844 -0.0682411193847656 0.0115318298339844 0.00385379791259765
0.000297546386718743 -0.073486328125 -0.00828361511230469 0.0229377746582031
0.036712646484375 -0.0650672912597656 -0.0232963562011719 0.03533935546875
0.0587348937988281 -0.0444145202636719 -0.0366973876953125 0.0230522155761719
0.0753555297851563 0.003692626953125 -0.045440673828125 0.0145759582519531
0.0781097412109375 0.025970458984375 -0.0370025634765625 0.0143241882324219
0.0737762451171875 0.0434951782226562 -0.0206184387207031 0.0300025939941406
0.079345703125 0.0577011108398437 0.0310859680175781 -0.0339031219482422
0.072784423828125 0.0353851318359375 0.0614738464355469 0.00106430053710938
0.0784530639648438 0.016937255859375 0.0774917602539062 0.0042877197265625
0.071014404296875 -0.0150070190429688 0.0826339721679688 -0.0186080932617188
0.0505256652832031 -0.0346870422363281 0.0624275207519531 -0.0300064086914062
0.0231399536132812 -0.0600395202636719 0.0438423156738281 -0.035675048828125
-0.000286102294921869 -0.0643730163574219 0.0290889739990234 -0.0233306884765625
-0.00212478637695312 -0.0603370666503906 0.0234642028808594 -0.000179290771484379
-0.00784301757812499 -0.0704269409179688 0.0229225158691406 0.0226974487304687
0.00600433349609374 -0.071990966796875 0.00148773193359375 0.0431327819824219
0.0378227233886719 -0.0660285949707031 -0.0153045654296875 0.051483154296875
0.0590667724609375 -0.0482635498046875 -0.029052734375 0.0332832336425781
0.0794754028320313 -0.00057220458984375 -0.0341606140136719 0.0231342315673828
0.0850677490234375 0.0234451293945312 -0.0147800445556641 0.0216827392578125
0.0767059326171875 0.0429153442382813 0.006500244140625 0.0469284057617188
0.0702323913574219 0.0528831481933594 0.0520515441894531 -0.0110816955566406
0.0687294006347656 0.0385894775390625 0.0807418823242188 0.0166702270507813
0.0803604125976563 0.0200881958007813 0.085479736328125 0.01275634765625
0.0739364624023438 -0.0130996704101563 0.082489013671875 -0.00934600830078125
0.0533409118652344 -0.0302467346191406 0.0581283569335938 -0.0165367126464844
0.03131103515625 -0.0546417236328125 0.0397987365722656 -0.0170021057128906
0.0111198425292969 -0.05706787109375 0.0309085845947266 -0.00150489807128907
0.0085601806640625 -0.0522232055664063 0.0279979705810547 0.0196781158447266
0.00387954711914063 -0.0613250732421875 0.0301437377929688 0.0408897399902344
0.0125312805175781 -0.0607070922851563 0.00891876220703125 0.0587234497070312
0.039093017578125 -0.0532798767089844 -0.00888824462890625 0.0629768371582031
0.0542526245117188 -0.0412940979003906 -0.0239181518554688 0.0408668518066406
0.07257080078125 0.00032806396484375 -0.0243167877197266 0.0238723754882813
0.0745849609375 0.0222854614257813 0.00795936584472657 0.0222835540771484
0.0660362243652344 0.0399856567382812 0.0328407287597656 0.0635337829589844
0.0480880737304688 0.0391998291015625 0.0692939758300781 0.00617218017578125
0.0528793334960938 0.0325660705566406 0.090240478515625 0.0269927978515625
0.0634307861328125 0.0160675048828125 0.08447265625 0.0176239013671875
0.0601997375488281 -0.00989151000976563 0.0766448974609375 -0.00146484375
0.0438919067382813 -0.0228729248046875 0.0482902526855469 -0.00579833984375
0.0292854309082031 -0.0388221740722656 0.0326423645019531 0.00174140930175781
0.0182952880859375 -0.0414581298828125 0.02850341796875 0.0192508697509766
0.0187187194824219 -0.038482666015625 0.0283164978027344 0.0359039306640625
0.0175361633300781 -0.0434150695800781 0.029571533203125 0.0549430847167969
0.0218925476074219 -0.0395698547363281 0.00902557373046875 0.0707168579101563
0.0375595092773438 -0.0311279296875 -0.007415771484375 0.069061279296875
0.0448455810546875 -0.0212974548339844 -0.0216712951660156 0.0445404052734375
0.0553092956542969 0.00822067260742188 -0.0167980194091797 0.0254077911376953
0.0535774230957031 0.025054931640625 0.0232582092285156 0.0243091583251953
0.0452651977539063 0.034210205078125 0.0513839721679687 0.0790786743164063
0.020538330078125 0.0194187164306641 0.0756759643554688 0.0144424438476563
0.0278282165527344 0.0172309875488281 0.0937423706054688 0.0284805297851563
0.0345458984375 0.00506401062011719 0.0784835815429688 0.01544189453125
0.0334358215332031 -0.00391387939453125 0.0662879943847656 0.004730224609375
0.022979736328125 -0.00776863098144531 0.03985595703125 0.000881195068359375
0.0222225189208984 -0.0147705078125 0.0259056091308594 0.0135097503662109
0.0239772796630859 -0.0174674987792969 0.0245742797851563 0.0327396392822266
0.0240020751953125 -0.0166587829589844 0.0248794555664063 0.0473060607910156
0.0273990631103516 -0.0207595825195312 0.0224266052246094 0.0656318664550781
0.0271453857421875 -0.0136394500732422 0.0018768310546875 0.0741806030273438
0.0316734313964844 -0.00707626342773438 -0.0141754150390625 0.0673713684082031
0.0321731567382813 -0.000278472900390625 -0.0246620178222656 0.0436668395996094
0.0309944152832031 0.0190372467041016 -0.0165424346923828 0.0242214202880859
0.0255985260009766 0.0260963439941406 0.0279083251953125 0.0273380279541016
0.01531982421875 0.0257415771484375 0.0603790283203125 0.0908203125
-0.0126857757568359 -0.00220489501953125 0.073089599609375 0.00962066650390625
-0.00126874446868896 -1.14440917968751E-05 0.08612060546875 0.0215301513671875
-0.000650644302368164 -0.00254106521606445 0.0700759887695313 0.0109481811523438
-0.00208497047424316 0.00244617462158203 0.0588035583496094 0.0036163330078125
-0.00145149230957031 0.011993408203125 0.0341129302978516 0.00215911865234375
0.0131034851074219 0.0153961181640625 0.0210380554199219 0.0169811248779297
0.0244979858398438 0.00820732116699219 0.0186080932617188 0.0369186401367188
0.0280742645263672 0.00618934631347656 0.0168952941894531 0.051361083984375
0.0309486389160156 0.00518989562988281 0.0102691650390625 0.06866455078125
0.0278549194335937 0.0105724334716797 -0.00989532470703126 0.0742263793945313
0.0211467742919922 0.0158939361572266 -0.0259170532226563 0.0634346008300781
0.0154342651367188 0.0153293609619141 -0.0315361022949219 0.041839599609375
0.00589561462402344 0.0223026275634766 -0.0224456787109375 0.0241279602050781
-0.00749969482421875 0.0214633941650391 0.0217208862304688 0.0324497222900391
-0.0159997940063477 0.011744499206543 0.0558853149414063 0.095703125
0.0573997497558594 0.0110244750976563 -0.0513763427734375 -0.0893402099609375
0.0306510925292969 -0.0175228118896484 -0.00992584228515625 -0.0408859252929687
0.0163784027099609 -0.0235862731933594 0.03179931640625 -0.0192184448242188
0.00336837768554688 -0.0288658142089844 0.0488357543945313 -0.0383110046386719
-0.00655364990234375 -0.027618408203125 0.0460739135742188 -0.0574150085449219
-0.0289554595947266 -0.02911376953125 0.02227783203125 -0.0739974975585938
-0.038177490234375 -0.0237808227539063 -0.00129699707031251 -0.0718231201171875
-0.0321617126464844 -0.0246715545654297 -0.00864410400390625 -0.0543136596679688
-0.0324935913085938 -0.0309162139892578 -0.0116024017333984 -0.0314788818359375
-0.0146942138671875 -0.04144287109375 -0.0207881927490234 -0.0124855041503906
0.0107917785644531 -0.0406570434570313 -0.0321197509765625 0.00213050842285157
0.0299072265625 -0.0253372192382813 -0.0471725463867188 -0.00221252441406249
0.0356788635253906 0.00292205810546875 -0.0677642822265625 -0.00668334960937499
0.0394248962402344 0.00931930541992188 -0.082000732421875 -0.00710296630859374
0.0459098815917969 0.0234489440917969 -0.0658607482910156 -0.00793838500976563
0.0784454345703125 0.032318115234375 -0.0222854614257813 -0.0797500610351563
0.0531044006347656 -0.0015411376953125 0.0155029296875 -0.0363540649414063
0.0423355102539063 -0.0115127563476563 0.0489158630371094 -0.0162429809570313
0.02838134765625 -0.0276546478271484 0.0618476867675781 -0.0360527038574219
0.0123882293701172 -0.0336704254150391 0.0566978454589844 -0.0527763366699219
-0.0122261047363281 -0.0431442260742188 0.0345420837402344 -0.0695838928222656
-0.0297126770019531 -0.0445365905761719 0.0131492614746094 -0.0642013549804688
-0.0264701843261719 -0.0433502197265625 0.00519943237304687 -0.0413703918457031
-0.0312767028808594 -0.0551490783691406 0.000608444213867185 -0.0199203491210938
-0.00940704345703125 -0.0636520385742188 -0.0130348205566406 -1.62124633789121E-05
0.0252609252929688 -0.0621566772460938 -0.0268306732177734 0.0166988372802734
0.0502471923828125 -0.0414085388183594 -0.0401573181152344 0.0117416381835937
0.0637359619140625 0.00330352783203125 -0.0568771362304688 0.00676345825195312
0.0683174133300781 0.0191116333007812 -0.0614967346191406 0.00445938110351561
0.0720443725585938 0.0360946655273438 -0.0470314025878906 0.00906372070312501
0.0888824462890625 0.0482330322265625 0.00566864013671875 -0.0658378601074219
0.0696563720703125 0.0178375244140625 0.0413322448730469 -0.0238227844238281
0.0650482177734375 0.00194931030273438 0.0659446716308594 -0.0110054016113281
0.0535011291503906 -0.0235519409179688 0.0774002075195313 -0.0330276489257813
0.0357856750488281 -0.0380668640136719 0.0616073608398438 -0.0450286865234375
0.00560379028320313 -0.0568885803222656 0.0420379638671875 -0.0579986572265625
-0.0166893005371094 -0.0601043701171875 0.0242691040039062 -0.0509719848632813
-0.0169601440429688 -0.0580406188964844 0.0161705017089844 -0.0246105194091797
-0.0233917236328125 -0.0700302124023438 0.0137310028076172 -0.0029287338256836
-0.0050811767578125 -0.076171875 -0.00357437133789062 0.022247314453125
0.0332183837890625 -0.0733718872070313 -0.0205841064453125 0.034372329711914
0.0601768493652344 -0.0508193969726562 -0.0323448181152344 0.0228424072265625
0.0825271606445313 -0.000396728515625 -0.0428848266601562 0.0161285400390625
0.0868682861328125 0.0222702026367188 -0.0359687805175781 0.0146522521972656
0.0836639404296875 0.0433120727539062 -0.0185394287109375 0.025848388671875
0.0843276977539062 0.056915283203125 0.03466796875 -0.0407218933105469
0.0764312744140625 0.0340194702148437 0.0662002563476563 -0.0054473876953125
0.0799331665039063 0.0135345458984375 0.080352783203125 -0.000679016113281249
0.0749740600585938 -0.0183639526367188 0.0839614868164063 -0.0243453979492188
0.0511550903320313 -0.0370635986328125 0.0627403259277344 -0.0344505310058594
0.021636962890625 -0.0645599365234375 0.0443191528320313 -0.0407600402832031
-0.000461578369140631 -0.0674247741699219 0.0306186676025391 -0.0289421081542969
-0.00605010986328125 -0.0616073608398438 0.0263595581054688 -0.00679206848144532
-0.00817871093749999 -0.0734710693359375 0.0269718170166016 0.0185871124267578
0.00202178955078124 -0.0764617919921875 0.00650405883789062 0.038116455078125
0.0371551513671875 -0.0723037719726563 -0.00822448730468749 0.0486259460449219
0.0620040893554688 -0.0558319091796875 -0.026336669921875 0.0334453582763672
0.0846099853515625 -0.00421142578125 -0.0319862365722656 0.0237388610839844
0.0904922485351563 0.020355224609375 -0.0102729797363281 0.0216293334960937
0.084259033203125 0.0441436767578125 0.0123138427734375 0.0477485656738281
0.0751419067382813 0.057769775390625 0.0596427917480469 -0.0169944763183594
0.0729217529296875 0.040924072265625 0.0881271362304688 0.00942230224609375
0.0862197875976563 0.0206069946289063 0.09002685546875 0.00635528564453125
0.0794525146484375 -0.0130157470703125 0.0854339599609375 -0.0161972045898438
0.0566520690917969 -0.0322189331054688 0.0591201782226562 -0.0229072570800781
0.0328712463378906 -0.05706787109375 0.0418434143066406 -0.0227165222167969
0.0104103088378906 -0.0617828369140625 0.0324840545654297 -0.00343894958496094
0.00863265991210938 -0.0563545227050781 0.0321006774902344 0.0151557922363281
0.00336837768554688 -0.066619873046875 0.0360679626464844 0.0376319885253906
0.0122222900390625 -0.0655364990234375 0.0156593322753906 0.0557403564453125
0.0404129028320313 -0.0571441650390625 -0.00335311889648438 0.0629081726074219
0.0579071044921875 -0.0456886291503906 -0.017791748046875 0.0408554077148438
0.0767440795898438 0.00014495849609375 -0.0193805694580078 0.0235385894775391
0.0798797607421875 0.022674560546875 0.0112781524658203 0.0221443176269531
0.0730514526367188 0.0424957275390625 0.0384445190429688 0.0625114440917969
0.0499382019042969 0.0424156188964844 0.0761489868164063 0.00284576416015625
0.0555076599121094 0.0345840454101563 0.0991134643554688 0.02294921875
0.0693778991699219 0.0195579528808594 0.0903549194335938 0.0116424560546875
0.0675926208496094 -0.0114212036132813 0.0782852172851563 -0.00569915771484375
0.049774169921875 -0.0237846374511719 0.0513114929199219 -0.0089111328125
0.0337066650390625 -0.0450859069824219 0.0356636047363281 -0.00261306762695313
0.0226249694824219 -0.0471343994140625 0.0329971313476563 0.0146389007568359
0.0195655822753906 -0.0434341430664063 0.0308017730712891 0.0334339141845703
0.0170516967773438 -0.050323486328125 0.034881591796875 0.0527191162109375
0.0232315063476563 -0.0448417663574219 0.0142021179199219 0.0694084167480469
0.0419158935546875 -0.0326309204101563 -0.00340652465820313 0.0690574645996094
0.049163818359375 -0.0218505859375 -0.0157814025878906 0.046234130859375
0.0611228942871094 0.0127067565917969 -0.0117702484130859 0.0237541198730469
0.0589065551757813 0.02734375 0.029052734375 0.0240650177001953
0.0473480224609375 0.0397262573242188 0.061279296875 0.0783538818359375
0.0210590362548828 0.0252876281738281 0.084381103515625 0.0127944946289063
0.0261802673339844 0.0218029022216797 0.10150146484375 0.02716064453125
0.0363121032714844 0.010894775390625 0.0849761962890625 0.0138092041015625
0.0372848510742188 -0.001495361328125 0.0690231323242188 0.00084686279296875
0.0253734588623047 -0.00681304931640625 0.0415496826171875 0.000213623046875
0.0275440216064453 -0.0180320739746094 0.0289897918701172 0.012237548828125
0.0259628295898438 -0.0223598480224609 0.0279712677001953 0.0314884185791016
0.0283470153808594 -0.0230484008789063 0.0273971557617188 0.0460929870605469
0.0344524383544922 -0.02423095703125 0.0261955261230469 0.0638542175292969
0.0329360961914063 -0.0166759490966797 0.00571441650390626 0.0745315551757813
0.0380973815917969 -0.00816726684570312 -0.0106239318847656 0.0699539184570313
0.0384025573730469 0.0033721923828125 -0.0204505920410156 0.0466461181640625
0.0326328277587891 0.0248832702636719 -0.0140399932861328 0.0241069793701172
0.0247020721435547 0.0342197418212891 0.0334606170654297 0.0288505554199219
0.015106201171875 0.0337028503417969 0.0700149536132813 0.0925979614257813
-0.0137472152709961 0.00342178344726562 0.078277587890625 0.0136337280273437
-0.0022282600402832 0.00707006454467773 0.0937576293945313 0.0230255126953125
-0.00443935394287109 0.00417327880859375 0.0754470825195313 0.0073394775390625
0.000870227813720703 0.00746393203735352 0.0588455200195312 0.000274658203125
0.003875732421875 0.0147848129272461 0.0334072113037109 -0.00130653381347656
0.0194454193115234 0.0146236419677734 0.0208091735839844 0.0181427001953125
0.0301170349121094 0.00542449951171875 0.0196609497070313 0.0388908386230469
0.0349330902099609 0.00245857238769531 0.0184860229492188 0.0527114868164063
0.0387992858886719 -0.000499725341796875 0.0136871337890625 0.0707778930664063
0.0346813201904297 0.00467109680175781 -0.00484466552734376 0.075531005859375
0.0280609130859375 0.0156650543212891 -0.0225830078125 0.0653953552246094
0.0189361572265625 0.0190677642822266 -0.0281181335449219 0.0451545715332031
0.007904052734375 0.0289134979248047 -0.0203323364257812 0.0242519378662109
-0.00821685791015625 0.0294322967529297 0.0257492065429688 0.0345916748046875
-0.0185909271240234 0.0178680419921875 0.0648651123046875 0.0998687744140625
0.0619621276855469 0.00556564331054687 -0.054412841796875 -0.0944137573242188
0.0319461822509766 -0.0244731903076172 -0.0143966674804687 -0.0446090698242188
0.0130653381347656 -0.0296058654785156 0.0310420989990234 -0.0214939117431641
-0.00208282470703125 -0.0319595336914063 0.0489845275878906 -0.0395278930664063
-0.0130176544189453 -0.0285911560058594 0.0462379455566406 -0.057373046875
-0.0331592559814453 -0.0245895385742187 0.0222930908203125 -0.077972412109375
-0.0422134399414063 -0.0193443298339844 -0.0024871826171875 -0.0771255493164063
-0.036865234375 -0.0210723876953125 -0.00915145874023438 -0.0568618774414063
-0.0403213500976563 -0.0269660949707031 -0.0126533508300781 -0.0356063842773437
-0.0215110778808594 -0.039886474609375 -0.0206947326660156 -0.0152988433837891
0.00561141967773438 -0.0433387756347656 -0.0307083129882813 0.00292396545410156
0.0247650146484375 -0.0308170318603516 -0.049163818359375 0.000415802001953127
0.0387039184570312 -0.0047149658203125 -0.0705642700195313 -0.00434875488281249
0.0455284118652344 0.00586318969726563 -0.0868911743164063 -0.00755310058593751
0.0532073974609375 0.0188064575195313 -0.072479248046875 -0.0101852416992187
0.0842437744140625 0.0274734497070313 -0.0256500244140625 -0.087860107421875
0.0550880432128906 -0.00584793090820312 0.0115890502929688 -0.0414161682128906
0.04107666015625 -0.0167999267578125 0.0484580993652344 -0.0195960998535156
0.0247154235839844 -0.0304775238037109 0.0640144348144531 -0.0392494201660156
0.0105648040771484 -0.034942626953125 0.058258056640625 -0.0530166625976563
-0.0175895690917969 -0.0431785583496094 0.0358657836914063 -0.0735549926757813
-0.0321235656738281 -0.0420455932617188 0.0140838623046875 -0.0705337524414062
-0.0301322937011719 -0.0437698364257812 0.00522232055664062 -0.0474967956542969
-0.036834716796875 -0.0531768798828125 0.00139808654785156 -0.0244598388671875
-0.0168838500976563 -0.0649833679199219 -0.0109434127807617 -0.00176239013671876
0.0208282470703125 -0.0651168823242188 -0.0238494873046875 0.0165176391601562
0.0475730895996094 -0.04736328125 -0.0389976501464844 0.0106925964355469
0.0678253173828125 -0.00466156005859375 -0.0563545227050781 0.00748062133789063
0.0768280029296875 0.0145797729492187 -0.065093994140625 0.00399017333984376
0.0786285400390625 0.0326385498046875 -0.0486831665039062 0.00496673583984375
0.0959930419921875 0.0466842651367188 0.00593566894531251 -0.07183837890625
0.0733413696289063 0.0156173706054687 0.0405807495117188 -0.030029296875
0.0667533874511719 -0.0002288818359375 0.0668754577636719 -0.013519287109375
0.0540428161621094 -0.0269241333007813 0.0779495239257813 -0.0355072021484375
0.0332870483398438 -0.03924560546875 0.0664138793945313 -0.0487632751464844
0.00360870361328125 -0.0582542419433594 0.0450363159179688 -0.0640029907226563
-0.018524169921875 -0.0606307983398438 0.0254554748535156 -0.0562057495117188
-0.0196456909179688 -0.059783935546875 0.0180320739746094 -0.0322246551513672
-0.0275650024414062 -0.0704574584960938 0.0179519653320313 -0.00802803039550782
-0.0103836059570312 -0.0788421630859375 0.00102901458740234 0.0161962509155273
0.0297775268554687 -0.07794189453125 -0.0137462615966797 0.0329456329345703
0.0598068237304687 -0.0604934692382812 -0.0297470092773437 0.023681640625
0.0878143310546875 -0.00913238525390625 -0.0415115356445313 0.0178489685058594
0.09515380859375 0.0173492431640625 -0.0374336242675781 0.0125732421875
0.0932159423828125 0.0418319702148438 -0.0178565979003906 0.0226993560791016
0.0946044921875 0.0584564208984375 0.0379829406738281 -0.0477714538574219
0.0826339721679688 0.03521728515625 0.0674476623535156 -0.0121078491210937
0.087005615234375 0.0145339965820312 0.0825958251953125 -0.0051116943359375
0.0774154663085938 -0.0227279663085938 0.0871200561523437 -0.0286483764648437
0.0529327392578125 -0.0402297973632812 0.06658935546875 -0.037689208984375
0.0210189819335938 -0.0662307739257813 0.0488319396972656 -0.0463790893554688
-0.003509521484375 -0.0699691772460938 0.0333938598632813 -0.0352821350097656
-0.00653076171875 -0.0662574768066406 0.0282917022705078 -0.0121517181396484
-0.01373291015625 -0.0751953125 0.0318355560302734 0.0129032135009766
-0.00146484374999999 -0.0809173583984375 0.0127506256103516 0.0351123809814453
0.0370941162109375 -0.0782241821289063 -0.0034942626953125 0.0484199523925781
0.0629653930664063 -0.0617141723632813 -0.0203342437744141 0.0341606140136719
0.092803955078125 -0.0085601806640625 -0.0277919769287109 0.0237216949462891
0.101066589355469 0.0193939208984375 -0.00979042053222656 0.0162191390991211
0.0932540893554688 0.04644775390625 0.0154914855957031 0.0403900146484375
0.0804443359375 0.0602645874023438 0.0642852783203125 -0.0230293273925781
0.0784149169921875 0.0438919067382813 0.0916366577148438 0.00539398193359375
0.0911102294921875 0.022674560546875 0.0930633544921875 0.00334930419921875
0.0853118896484375 -0.0165863037109375 0.0886917114257813 -0.0189743041992187
0.060333251953125 -0.0365333557128906 0.0618858337402344 -0.024810791015625
0.03314208984375 -0.0631942749023438 0.0436286926269531 -0.0253944396972656
0.010955810546875 -0.0678329467773438 0.0357589721679688 -0.0102462768554688
0.00820159912109375 -0.0626106262207031 0.0340995788574219 0.0110702514648437
0.00299835205078125 -0.0708541870117188 0.039642333984375 0.0315017700195312
0.0112686157226562 -0.0690460205078125 0.0198211669921875 0.0517730712890625
0.0412216186523437 -0.0634193420410156 0.00270462036132813 0.0583534240722656
0.0625190734863281 -0.0490341186523438 -0.0129470825195312 0.03912353515625
0.0840606689453125 -0.000885009765625 -0.0166645050048828 0.0252628326416016
0.088043212890625 0.0250778198242188 0.0151996612548828 0.0182056427001953
0.0780792236328125 0.047119140625 0.0463523864746094 0.0596046447753906
0.0536308288574219 0.0487403869628906 0.0840301513671875 7.62939453125298E-06
0.0598983764648438 0.04022216796875 0.105926513671875 0.0192413330078125
0.074462890625 0.0216293334960938 0.0946502685546875 0.008758544921875
0.0725860595703125 -0.0104522705078125 0.0820541381835938 -0.009429931640625
0.0526161193847656 -0.0254173278808594 0.0513420104980469 -0.0111465454101563
0.0365715026855469 -0.0477485656738281 0.0371971130371094 -0.0044708251953125
0.02227783203125 -0.0526084899902344 0.0344028472900391 0.0144233703613281
0.0215110778808594 -0.0498046875 0.0345573425292969 0.0312137603759766
0.0203819274902344 -0.0554046630859375 0.0395011901855469 0.0491981506347656
0.026092529296875 -0.0495414733886719 0.0193672180175781 0.0642356872558594
0.0462532043457031 -0.0377845764160156 0.00164413452148437 0.0650405883789062
0.056304931640625 -0.0254898071289063 -0.0132598876953125 0.0423126220703125
0.0670928955078125 0.0137367248535156 -0.00921058654785156 0.0242061614990234
0.0631484985351563 0.0339012145996094 0.0318889617919922 0.0208892822265625
0.0510368347167969 0.0456314086914063 0.0673904418945313 0.075592041015625
0.0187015533447266 0.0301799774169922 0.0934829711914063 0.0119781494140625
0.0292701721191406 0.0277328491210938 0.109405517578125 0.02239990234375
0.0406455993652344 0.015716552734375 0.0880050659179688 0.0096435546875
0.0426864624023438 -0.000308990478515625 0.071014404296875 -0.00304412841796875
0.0329608917236328 -0.00717353820800781 0.0406303405761719 -0.00201034545898438
0.0328388214111328 -0.0217819213867188 0.0281333923339844 0.012237548828125
0.0301990509033203 -0.0290431976318359 0.0307483673095703 0.0324001312255859
0.0320758819580078 -0.0274734497070313 0.0297508239746094 0.0478363037109375
0.0351715087890625 -0.0332756042480469 0.0312690734863281 0.0646820068359375
0.0382537841796875 -0.0228309631347656 0.010223388671875 0.0722427368164063
0.0458717346191406 -0.010009765625 -0.00658035278320312 0.0669364929199219
0.0449600219726563 0.00067138671875 -0.0163116455078125 0.0442695617675781
0.0394401550292969 0.029205322265625 -0.00916481018066406 0.0247459411621094
0.0293159484863281 0.0399856567382813 0.0378684997558594 0.0266265869140625
0.0143241882324219 0.0391311645507812 0.0761947631835938 0.0920257568359375
-0.0176143646240234 0.0076446533203125 0.0892333984375 0.0131912231445312
-0.00653457641601563 0.0123319625854492 0.101547241210937 0.0187759399414063
-0.000100135803222657 0.00992584228515625 0.0782546997070313 0.005401611328125
0.00552749633789063 0.0122308731079102 0.06048583984375 -0.0020751953125
0.00917243957519531 0.0148887634277344 0.0330982208251953 -0.000272750854492187
0.0260143280029297 0.0112152099609375 0.0212574005126953 0.0183582305908203
0.0364418029785156 0.000514984130859375 0.0220985412597656 0.0412406921386719
0.0360527038574219 -0.0036773681640625 0.0207290649414062 0.0551338195800781
0.0428047180175781 -0.00719451904296875 0.0156021118164062 0.07135009765625
0.0386390686035156 0.00081634521484375 -0.00545501708984375 0.0761871337890625
0.0355415344238281 0.0136528015136719 -0.0194015502929687 0.0651931762695313
0.0274906158447266 0.0209941864013672 -0.027099609375 0.0447540283203125
0.0116539001464844 0.0355415344238281 -0.0187244415283203 0.0274887084960938
-0.00778579711914062 0.0367202758789063 0.0303306579589844 0.0377883911132813
-0.0222816467285156 0.0251045227050781 0.0711746215820312 0.102729797363281
0.066802978515625 -0.00150680541992188 -0.0608367919921875 -0.100868225097656
0.0307350158691406 -0.0314769744873047 -0.0184555053710938 -0.0477752685546875
0.009918212890625 -0.0340671539306641 0.0300846099853516 -0.0230789184570313
-0.00826454162597656 -0.0337142944335938 0.0492172241210938 -0.0420799255371094
-0.0176906585693359 -0.0274505615234375 0.0476455688476563 -0.0600852966308594
-0.0382575988769531 -0.0196075439453125 0.0225906372070312 -0.0821609497070313
-0.0451431274414062 -0.0149383544921875 -0.00293731689453124 -0.08209228515625
-0.0408134460449219 -0.016693115234375 -0.0109405517578125 -0.0618972778320312
-0.0446548461914062 -0.023284912109375 -0.0141181945800781 -0.041046142578125
-0.0278549194335937 -0.0383110046386719 -0.0199069976806641 -0.0182991027832031
-0.000480651855468749 -0.0461769104003906 -0.0309352874755859 0.000932693481445315
0.0212287902832031 -0.0357742309570312 -0.0491828918457031 0.00095367431640625
0.0393218994140625 -0.0127601623535156 -0.0732040405273438 -0.00292205810546874
0.0499763488769531 -0.00129318237304688 -0.0933380126953125 -0.00691223144531248
0.0599212646484375 0.0123825073242188 -0.0803985595703125 -0.0133438110351563
0.0913314819335938 0.0234527587890625 -0.0298690795898437 -0.0957717895507813
0.0571861267089844 -0.0109062194824219 0.00933837890625 -0.0466766357421875
0.0406303405761719 -0.0207595825195312 0.0490379333496094 -0.0225372314453125
0.0218925476074219 -0.0334911346435547 0.0659713745117187 -0.0420036315917969
0.00671768188476563 -0.0355567932128906 0.0606727600097656 -0.0569877624511719
-0.0206642150878906 -0.0414810180664062 0.03814697265625 -0.0787887573242188
-0.0366020202636719 -0.0402450561523438 0.0139999389648437 -0.0769805908203125
-0.0350379943847656 -0.0416336059570313 0.00417327880859375 -0.0539436340332031
-0.0409774780273437 -0.0513038635253906 0.00139617919921875 -0.0316753387451172
-0.0220069885253906 -0.0654869079589844 -0.00909900665283203 -0.006561279296875
0.0162124633789063 -0.0696945190429688 -0.0214004516601563 0.0140552520751953
0.04571533203125 -0.0541191101074219 -0.0389938354492188 0.0102424621582031
0.072784423828125 -0.0117111206054687 -0.0569534301757812 0.00838851928710938
0.0842132568359375 0.007781982421875 -0.06878662109375 0.00377655029296876
0.088165283203125 0.0297317504882813 -0.0538291931152344 0.000888824462890633
0.104049682617188 0.0467910766601562 0.00543975830078126 -0.080718994140625
0.0778274536132813 0.0140533447265625 0.0400276184082031 -0.0357246398925781
0.0696563720703125 -0.00186920166015625 0.0679206848144531 -0.0169754028320313
0.0544662475585938 -0.0292892456054687 0.0813217163085938 -0.039093017578125
0.0337142944335938 -0.040283203125 0.06890869140625 -0.0520553588867188
0.00137710571289063 -0.05853271484375 0.0474700927734375 -0.0701751708984375
-0.0221061706542969 -0.06195068359375 0.0266380310058594 -0.0635566711425781
-0.0235748291015625 -0.0602684020996094 0.01800537109375 -0.0385704040527344
-0.03216552734375 -0.0716781616210937 0.0182247161865234 -0.0149192810058594
-0.0145034790039063 -0.0815353393554688 0.00279426574707031 0.0118646621704102
0.0274505615234375 -0.0840072631835938 -0.0105094909667969 0.0299243927001953
0.0599136352539063 -0.0675582885742188 -0.0283355712890625 0.0211296081542969
0.0934982299804688 -0.0143508911132813 -0.040557861328125 0.0174674987792969
0.104972839355469 0.012451171875 -0.0394401550292969 0.0111427307128906
0.103912353515625 0.0407791137695313 -0.0193557739257812 0.0186443328857422
0.103530883789063 0.0619659423828125 0.0396957397460938 -0.0557632446289062
0.0886077880859375 0.0359420776367188 0.0703964233398438 -0.0180435180664062
0.0929183959960938 0.0134735107421875 0.0854110717773437 -0.0081634521484375
0.0807876586914063 -0.0249862670898437 0.0910873413085938 -0.0333709716796875
0.0549774169921875 -0.0431900024414063 0.069793701171875 -0.0425071716308594
0.0212631225585937 -0.0693092346191406 0.0494728088378906 -0.0525093078613281
-0.00560760498046876 -0.0737838745117187 0.0345077514648438 -0.0414085388183594
-0.00829315185546876 -0.069427490234375 0.0291080474853516 -0.0172748565673828
-0.0174102783203125 -0.080078125 0.0330715179443359 0.00527954101562499
-0.00398254394531251 -0.0846405029296875 0.0162925720214844 0.0305519104003906
0.03521728515625 -0.0849456787109375 0.000518798828125 0.0442008972167969
0.0655593872070313 -0.069305419921875 -0.0177707672119141 0.0305900573730469
0.0998764038085938 -0.0135421752929688 -0.0253925323486328 0.0221900939941406
0.109672546386719 0.01654052734375 -0.00928592681884765 0.0137414932250977
0.10308837890625 0.048248291015625 0.0178337097167969 0.0365753173828125
0.088165283203125 0.0650177001953125 0.0711593627929688 -0.0293197631835937
0.0852737426757813 0.0469131469726563 0.09521484375 0.000183105468750003
0.0987396240234375 0.023040771484375 0.0961456298828125 0.000946044921875002
0.091552734375 -0.0198135375976562 0.0921249389648438 -0.023468017578125
0.0647201538085938 -0.0403251647949219 0.0638198852539062 -0.02801513671875
0.0348854064941406 -0.0688285827636719 0.0460739135742187 -0.0303955078125
0.0104446411132812 -0.073516845703125 0.0378341674804688 -0.0151176452636719
0.00707626342773438 -0.0688133239746094 0.0350780487060547 0.0067138671875
0.00159454345703125 -0.0780487060546875 0.0416297912597656 0.0269813537597656
0.011444091796875 -0.0752639770507813 0.0238723754882812 0.0484237670898437
0.0447235107421875 -0.0704574584960938 0.00708389282226563 0.056060791015625
0.0668678283691406 -0.055419921875 -0.0105018615722656 0.0370292663574219
0.0929107666015625 -0.002899169921875 -0.0130462646484375 0.0233192443847656
0.0976791381835938 0.0256576538085938 0.0178146362304688 0.0142688751220703
0.0873489379882812 0.05224609375 0.0510711669921875 0.0559883117675781
0.0586166381835938 0.0554695129394531 0.0936355590820313 -0.00525665283203125
0.0651016235351563 0.0456466674804688 0.113082885742188 0.0143508911132813
0.0811767578125 0.0248489379882813 0.0993194580078125 0.0060272216796875
0.079620361328125 -0.0112533569335938 0.08526611328125 -0.0132827758789063
0.0590133666992187 -0.0290412902832031 0.053558349609375 -0.0130996704101563
0.0398445129394531 -0.054779052734375 0.0389251708984375 -0.00593185424804688
0.0233116149902344 -0.0612525939941406 0.0363082885742188 0.0126075744628906
0.0231170654296875 -0.0563774108886719 0.0365943908691406 0.0296440124511719
0.0213661193847656 -0.0641326904296875 0.0416259765625 0.0474853515625
0.0284843444824219 -0.0560302734375 0.0223274230957031 0.0622024536132813
0.0517807006835938 -0.0438079833984375 0.00541305541992188 0.0625038146972656
0.0635833740234375 -0.0295982360839844 -0.00918197631835937 0.0412979125976562
0.0742950439453125 0.015228271484375 -0.00658988952636719 0.0230808258056641
0.0701065063476562 0.0367050170898437 0.0366439819335938 0.0189437866210938
0.05621337890625 0.0529022216796875 0.0753555297851563 0.0753555297851563
0.0204696655273437 0.0369949340820313 0.102638244628906 0.010345458984375
0.031341552734375 0.0337982177734375 0.117530822753906 0.020904541015625
0.0458259582519531 0.0202217102050781 0.093841552734375 0.00612640380859375
0.0498466491699219 0.000522613525390625 0.0743408203125 -0.0058441162109375
0.0397491455078125 -0.00870132446289063 0.0415763854980469 -0.0023345947265625
0.0374794006347656 -0.0272178649902344 0.0308074951171875 0.0122928619384766
0.0338096618652344 -0.0364303588867188 0.0318374633789063 0.0338306427001953
0.0344047546386719 -0.0354423522949219 0.032501220703125 0.0478668212890625
0.0379714965820313 -0.0416793823242188 0.0328903198242188 0.063934326171875
0.0409965515136719 -0.0307083129882813 0.0117874145507813 0.072601318359375
0.0521888732910156 -0.0136871337890625 -0.00485229492187499 0.0658607482910156
0.0529327392578125 0.000118255615234375 -0.0143013000488281 0.0431900024414062
0.0474205017089844 0.0335960388183594 -0.00707054138183593 0.0246849060058594
0.0334358215332031 0.0463905334472656 0.0425186157226563 0.0275650024414063
0.0174636840820313 0.0479774475097656 0.0855255126953125 0.09295654296875
-0.0217113494873047 0.0141963958740234 0.0985031127929688 0.0142669677734375
-0.00716590881347656 0.0183582305908203 0.109603881835937 0.0179443359375
0.0011444091796875 0.015533447265625 0.0818710327148438 0.00247955322265625
0.0108413696289063 0.0157814025878906 0.0624160766601562 -0.00381851196289062
0.0150423049926758 0.0164022445678711 0.0316410064697266 0.000913619995117188
0.0317916870117187 0.00746917724609375 0.0220260620117188 0.0205593109130859
0.0402145385742188 -0.00602340698242188 0.0233573913574219 0.0451889038085938
0.041290283203125 -0.00998687744140625 0.0223197937011719 0.0582275390625
0.0473060607910156 -0.0148429870605469 0.0172271728515625 0.0751266479492188
0.0443038940429688 -0.00452423095703125 -0.00479888916015625 0.0775909423828125
0.0432624816894531 0.011444091796875 -0.0203437805175781 0.0660476684570313
0.0353546142578125 0.0212898254394531 -0.0247917175292969 0.0450897216796875
0.0168533325195313 0.0416221618652344 -0.0161609649658203 0.0275115966796875
-0.00518417358398438 0.0455322265625 0.0348052978515625 0.0382461547851563
-0.02288818359375 0.0336513519287109 0.0788803100585937 0.106742858886719
0.0710983276367188 -0.009124755859375 -0.0702896118164063 -0.107673645019531
0.0291671752929687 -0.0385627746582031 -0.0248336791992187 -0.0514602661132813
0.00551223754882812 -0.0401725769042969 0.0297012329101562 -0.0250816345214844
-0.0152626037597656 -0.0352821350097656 0.0510711669921875 -0.0451545715332031
-0.0231361389160156 -0.0257301330566406 0.0495567321777344 -0.0651016235351563
-0.04302978515625 -0.0135574340820313 0.022552490234375 -0.0880584716796875
-0.0489425659179688 -0.00908660888671875 -0.00518798828125001 -0.0891189575195313
-0.0453224182128906 -0.0118293762207031 -0.0136756896972656 -0.0673446655273437
-0.0495262145996094 -0.0181121826171875 -0.016998291015625 -0.0470848083496094
-0.033355712890625 -0.0361785888671875 -0.0203876495361328 -0.0225811004638672
-0.00750732421875 -0.047393798828125 -0.0310001373291016 -0.000368118286132814
0.0165939331054688 -0.0409698486328125 -0.0514564514160156 0.00140380859374999
0.0407752990722656 -0.020263671875 -0.0772476196289062 -0.000740051269531259
0.0546226501464844 -0.0102806091308594 -0.102210998535156 -0.005126953125
0.0667839050292969 0.00542068481445313 -0.0913772583007813 -0.0144424438476562
0.0999069213867188 0.0183334350585938 -0.0365371704101563 -0.106002807617188
0.0596237182617188 -0.0167732238769531 0.00486373901367188 -0.0523490905761719
0.0395584106445313 -0.0253868103027344 0.0495491027832031 -0.0253181457519531
0.018310546875 -0.0360794067382813 0.0684700012207031 -0.0468063354492187
0.00323867797851563 -0.0360069274902344 0.0633811950683594 -0.0629043579101563
-0.0246353149414063 -0.0390281677246094 0.0391082763671875 -0.0865707397460938
-0.0403938293457031 -0.0387649536132812 0.0122756958007813 -0.0860671997070313
-0.0395431518554688 -0.0400276184082031 0.00164413452148438 -0.0611419677734375
-0.0472564697265625 -0.049591064453125 -0.00028228759765625 -0.0381355285644531
-0.0280113220214844 -0.0655555725097656 -0.00947380065917969 -0.0105609893798828
0.0102386474609375 -0.0744705200195312 -0.0208339691162109 0.0117321014404297
0.0428504943847656 -0.0624504089355469 -0.0395698547363281 0.00932693481445312
0.0775527954101563 -0.0201873779296875 -0.0590591430664063 0.00970840454101561
0.0922012329101563 0.00031280517578125 -0.0745925903320313 0.00432586669921876
0.09881591796875 0.0244216918945312 -0.0615386962890625 -0.0012359619140625
0.115371704101563 0.0445098876953125 0.001983642578125 -0.0917587280273438
0.0834274291992187 0.0110855102539062 0.0383567810058594 -0.0428733825683594
0.0742263793945313 -0.00595855712890625 0.0708465576171875 -0.0210342407226563
0.0547142028808594 -0.0331954956054688 0.08526611328125 -0.0448455810546875
0.0331001281738281 -0.0433311462402344 0.0714263916015625 -0.0582733154296875
-0.00209808349609375 -0.0607376098632813 0.04864501953125 -0.077789306640625
-0.0262336730957031 -0.0637435913085937 0.0263824462890625 -0.0734786987304688
-0.0278358459472656 -0.0622787475585938 0.0166664123535156 -0.0461769104003906
-0.0382919311523438 -0.0734710693359375 0.0180759429931641 -0.0221233367919922
-0.0208358764648437 -0.0848922729492187 0.00449419021606445 0.00711488723754882
0.0227432250976562 -0.09185791015625 -0.00839614868164062 0.0270099639892578
0.0587844848632813 -0.0772857666015625 -0.0276298522949219 0.0195903778076172
0.0998077392578125 -0.0225448608398438 -0.0409278869628906 0.0177497863769531
0.115737915039062 0.00604248046875 -0.0422439575195312 0.0100212097167969
0.117019653320312 0.0380935668945312 -0.0225563049316406 0.0150775909423828
0.115364074707031 0.0634002685546875 0.0416030883789063 -0.0667686462402344
0.0972366333007813 0.035369873046875 0.0715408325195313 -0.0253524780273438
0.10125732421875 0.011749267578125 0.0890045166015625 -0.0121307373046875
0.0852737426757813 -0.0299453735351563 0.0952911376953125 -0.03875732421875
0.0578346252441406 -0.0479736328125 0.0734176635742188 -0.0485992431640625
0.0202484130859375 -0.074310302734375 0.0513267517089844 -0.0604591369628906
-0.00858306884765624 -0.079193115234375 0.0349922180175781 -0.0497322082519531
-0.0115737915039063 -0.0751113891601563 0.0291633605957031 -0.0237045288085938
-0.0226821899414063 -0.0858917236328125 0.0333976745605469 -0.00118446350097657
-0.00855255126953124 -0.0903091430664063 0.0183029174804688 0.0255222320556641
0.033843994140625 -0.0936660766601563 0.00265121459960937 0.0409889221191406
0.0670089721679688 -0.0789337158203125 -0.0168666839599609 0.0283470153808594
0.108955383300781 -0.0202178955078125 -0.0241374969482422 0.02130126953125
0.121391296386719 0.0121612548828125 -0.00887298583984374 0.0111494064331055
0.1173095703125 0.0480728149414063 0.0189094543457031 0.0336437225341797
0.0995254516601563 0.0696563720703125 0.0771484375 -0.0388717651367187
0.0946044921875 0.04931640625 0.101058959960938 -0.00732421875
0.109756469726562 0.0225296020507812 0.101669311523438 -0.00390625
0.0994415283203125 -0.0254287719726563 0.0965805053710938 -0.0287857055664063
0.0701217651367188 -0.0463104248046875 0.0669288635253906 -0.0323905944824219
0.0347366333007812 -0.0761184692382813 0.0483894348144531 -0.0360221862792969
0.00786590576171875 -0.0817337036132813 0.039459228515625 -0.0211219787597656
0.00508117675781251 -0.075958251953125 0.0365943908691406 0.0022125244140625
-0.00237274169921876 -0.0858612060546875 0.0438919067382813 0.0220909118652344
0.00928497314453126 -0.0822830200195313 0.026092529296875 0.0451622009277344
0.0452728271484375 -0.0796966552734375 0.0100936889648437 0.0536613464355469
0.0707473754882813 -0.0643768310546875 -0.0086212158203125 0.03485107421875
0.102531433105469 -0.00701904296875 -0.0103664398193359 0.0218620300292969
0.109130859375 0.0245513916015625 0.0203094482421875 0.0112438201904297
0.099151611328125 0.0554275512695313 0.0563697814941406 0.0526695251464844
0.0671157836914063 0.0626907348632813 0.103302001953125 -0.0112152099609375
0.0738601684570313 0.0505752563476563 0.121719360351562 0.00882720947265625
0.0923233032226563 0.0266876220703125 0.105232238769531 0.0022125244140625
0.08843994140625 -0.0159988403320313 0.0895767211914063 -0.017791748046875
0.0646629333496094 -0.0342750549316406 0.0558738708496094 -0.0153236389160156
0.0412940979003906 -0.0626678466796875 0.0412139892578125 -0.00888824462890625
0.0226783752441406 -0.07000732421875 0.0399703979492188 0.0101203918457031
0.021942138671875 -0.0653457641601563 0.038970947265625 0.0276679992675781
0.0195388793945312 -0.0739669799804688 0.0450592041015625 0.044525146484375
0.0284767150878906 -0.0643043518066406 0.0252189636230469 0.0603904724121094
0.0560569763183594 -0.052703857421875 0.00795745849609376 0.0617446899414063
0.0703048706054688 -0.0357589721679688 -0.00726699829101562 0.039276123046875
0.0844345092773438 0.0157546997070313 -0.00406646728515624 0.0213031768798828
0.08001708984375 0.0406036376953125 0.0408821105957031 0.0153350830078125
0.0656661987304688 0.0594215393066406 0.084320068359375 0.0736160278320313
0.0239601135253906 0.0436210632324219 0.115638732910156 0.00554656982421875
0.0371856689453125 0.0396728515625 0.12860107421875 0.0164566040039063
0.0538711547851562 0.02532958984375 0.0997390747070313 0.00189208984375
0.0578956604003906 -0.0008392333984375 0.0774612426757813 -0.00914764404296875
0.0457305908203125 -0.0120124816894531 0.0431175231933594 -0.00254058837890625
0.0409812927246094 -0.0343780517578125 0.0336151123046875 0.0126457214355469
0.0351753234863281 -0.0452995300292969 0.0354957580566406 0.0346336364746094
0.0358047485351563 -0.0447998046875 0.0359687805175781 0.0483016967773437
0.039093017578125 -0.0522193908691406 0.0364875793457031 0.0649604797363281
0.0437393188476563 -0.0393180847167969 0.013885498046875 0.0729446411132813
0.0592117309570313 -0.0213851928710938 -0.00365066528320312 0.0662307739257813
0.0628814697265625 -0.00396728515625 -0.0125274658203125 0.0430908203125
0.0563392639160156 0.0376014709472656 -0.00460433959960937 0.0245780944824219
0.0409927368164063 0.053497314453125 0.0479278564453125 0.0257568359375
0.0221786499023438 0.0564765930175781 0.096527099609375 0.0943069458007813
-0.0228214263916016 0.0217723846435547 0.111312866210937 0.0127029418945313
-0.00596237182617188 0.0259246826171875 0.120437622070313 0.0156173706054688
0.004669189453125 0.0229358673095703 0.0877151489257813 -0.00119781494140625
0.0178794860839844 0.0175323486328125 0.06414794921875 -0.00587081909179687
0.0208892822265625 0.0158042907714844 0.0318660736083984 0.00178718566894531
0.036712646484375 0.00218582153320313 0.0231075286865234 0.0237293243408203
0.0436172485351563 -0.0134925842285156 0.0276451110839844 0.0488700866699219
0.0436325073242188 -0.0173873901367187 0.0266532897949219 0.0618057250976562
0.0499305725097656 -0.023193359375 0.0202789306640625 0.0791244506835938
0.04901123046875 -0.0124397277832031 -0.00447845458984375 0.0815811157226563
0.0515365600585937 0.00654220581054687 -0.0203208923339844 0.0687599182128906
0.0447731018066406 0.0208511352539063 -0.0244216918945312 0.0459518432617188
0.024261474609375 0.0473899841308594 -0.0142898559570312 0.0291328430175781
-0.001007080078125 0.0550270080566406 0.0409965515136719 0.0395240783691406
-0.0233192443847656 0.0432472229003906 0.0905380249023437 0.110664367675781
0.0752716064453125 -0.019561767578125 -0.0850906372070313 -0.113731384277344
0.02593994140625 -0.0479087829589844 -0.0331344604492188 -0.0534286499023438
-0.001220703125 -0.0447883605957031 0.0291461944580078 -0.0274391174316406
-0.0235214233398437 -0.0346050262451172 0.0512466430664063 -0.0492362976074219
-0.0298862457275391 -0.02264404296875 0.0506820678710938 -0.0719223022460938
-0.0477714538574219 -0.00723266601562501 0.0204086303710937 -0.09625244140625
-0.0528755187988281 -0.00162887573242187 -0.0116043090820313 -0.0976638793945312
-0.0486831665039063 -0.00565338134765624 -0.02020263671875 -0.073760986328125
-0.0553016662597656 -0.0109519958496094 -0.0222625732421875 -0.0522079467773438
-0.0398826599121094 -0.0316505432128906 -0.0234203338623047 -0.0256252288818359
-0.0149307250976562 -0.0479850769042969 -0.0327129364013672 -0.00204658508300782
0.0101966857910156 -0.0460777282714844 -0.0542945861816406 0.00372314453125
0.0396308898925781 -0.0291976928710938 -0.0813827514648438 0.00337982177734375
0.0572929382324219 -0.0207862854003906 -0.112556457519531 0.00105285644531252
0.0733566284179688 -0.00441741943359375 -0.105178833007813 -0.0116806030273437
0.108451843261719 0.0095367431640625 -0.0488052368164062 -0.115753173828125
0.0605316162109375 -0.0247802734375 -0.00177001953124999 -0.0582389831542969
0.0380096435546875 -0.0306777954101563 0.0500411987304688 -0.02978515625
0.0136604309082031 -0.0387153625488281 0.0698966979980469 -0.0529022216796875
-0.00058746337890625 -0.0362625122070313 0.0648574829101563 -0.0717697143554688
-0.0291023254394531 -0.0361289978027344 0.0376205444335937 -0.0969085693359375
-0.04583740234375 -0.0357017517089844 0.00721740722656249 -0.0967483520507813
-0.0446662902832031 -0.0372657775878906 -0.00292587280273437 -0.069122314453125
-0.0543403625488281 -0.0473060607910156 -0.00471878051757813 -0.0456657409667969
-0.0366592407226562 -0.0652351379394531 -0.0103969573974609 -0.0156087875366211
0.0017242431640625 -0.079620361328125 -0.0211830139160156 0.00875091552734374
0.038055419921875 -0.0711669921875 -0.0409965515136719 0.00963211059570312
0.080474853515625 -0.03143310546875 -0.0610008239746094 0.0124435424804688
0.0993576049804688 -0.011749267578125 -0.081756591796875 0.00798034667968751
0.111152648925781 0.0153274536132813 -0.0709152221679688 -0.000885009765624985
0.128707885742188 0.0390548706054688 -0.00619506835937499 -0.103782653808594
0.0897979736328125 0.004913330078125 0.0340347290039063 -0.0510215759277344
0.0790176391601563 -0.0110855102539062 0.0724334716796875 -0.0262832641601563
0.0547027587890625 -0.0391120910644531 0.0874786376953125 -0.0536346435546875
0.0318794250488281 -0.0468673706054688 0.0740203857421875 -0.0671615600585938
-0.00577545166015625 -0.0620918273925781 0.0483016967773438 -0.0885543823242188
-0.0322074890136719 -0.0645980834960937 0.0225982666015625 -0.0838546752929688
-0.0339279174804688 -0.0631256103515625 0.0131187438964844 -0.0538063049316406
-0.0473556518554688 -0.0746231079101563 0.0151691436767578 -0.0295906066894531
-0.0288772583007812 -0.0874557495117188 0.00452280044555664 0.00159263610839843
0.0156784057617187 -0.0997390747070313 -0.00707244873046875 0.02337646484375
0.0554351806640625 -0.08868408203125 -0.0277214050292969 0.0186042785644531
0.106056213378906 -0.0347061157226562 -0.0406112670898437 0.0189170837402344
0.125885009765625 -0.00621795654296875 -0.0461997985839844 0.0104598999023438
0.131553649902344 0.0306472778320313 -0.0282497406005859 0.0137443542480469
0.13037109375 0.060943603515625 0.0395736694335938 -0.0796432495117187
0.108024597167969 0.032501220703125 0.0720443725585938 -0.0346603393554687
0.111335754394531 0.0062408447265625 0.0931930541992188 -0.0184783935546875
0.0904159545898438 -0.0385513305664063 0.098052978515625 -0.0473098754882812
0.0597496032714844 -0.0551223754882813 0.075225830078125 -0.0563583374023438
0.0165023803710937 -0.0811996459960938 0.0515823364257813 -0.070343017578125
-0.0150375366210937 -0.0842514038085938 0.0326042175292969 -0.0597915649414063
-0.0179214477539063 -0.0799102783203125 0.0268936157226563 -0.0306262969970703
-0.0317459106445313 -0.0911026000976563 0.0337486267089844 -0.00879287719726563
-0.0159225463867188 -0.0968475341796875 0.0196113586425781 0.0211734771728516
0.0285797119140625 -0.104743957519531 0.00566482543945313 0.0378646850585937
0.0655975341796875 -0.0917205810546875 -0.015655517578125 0.026763916015625
0.116424560546875 -0.0315170288085938 -0.0224933624267578 0.0214290618896484
0.133773803710938 0.002593994140625 -0.00971794128417968 0.00899505615234375
0.133209228515625 0.0438308715820312 0.0191364288330078 0.0301837921142578
0.114013671875 0.0705108642578125 0.0810165405273438 -0.0511398315429687
0.107864379882813 0.0488052368164063 0.106056213378906 -0.0169906616210937
0.122421264648437 0.0185928344726563 0.106826782226563 -0.0102157592773437
0.106582641601563 -0.0343093872070313 0.0998382568359375 -0.03704833984375
0.07379150390625 -0.0553665161132813 0.0696792602539063 -0.0392837524414063
0.03228759765625 -0.0860519409179688 0.0495834350585937 -0.0436897277832031
0.00240325927734375 -0.09002685546875 0.0393905639648437 -0.0279998779296875
7.62939453125462E-06 -0.0840377807617188 0.037506103515625 -0.00305175781250001
-0.0100936889648438 -0.094482421875 0.0461006164550781 0.0159797668457031
0.00389099121093749 -0.0914688110351562 0.0291252136230469 0.0411148071289062
0.0440292358398438 -0.0912857055664063 0.0124702453613281 0.0505485534667969
0.0730209350585938 -0.0765380859375 -0.00648498535156249 0.0323524475097656
0.113990783691406 -0.0149917602539063 -0.00864601135253906 0.0198421478271484
0.122268676757812 0.0189437866210938 0.0229969024658203 0.00727081298828125
0.114311218261719 0.0557479858398438 0.0626144409179688 0.0489006042480469
0.079254150390625 0.0662994384765625 0.113410949707031 -0.0233306884765625
0.0850830078125 0.0522918701171875 0.130455017089844 -0.000907897949218747
0.1048583984375 0.0244369506835937 0.112663269042969 -0.00554656982421875
0.0980911254882813 -0.0236663818359375 0.0934677124023437 -0.0252304077148438
0.0695877075195312 -0.0430374145507813 0.0580978393554688 -0.0197677612304688
0.040740966796875 -0.0733718872070313 0.0437278747558594 -0.0133094787597656
0.018524169921875 -0.080810546875 0.0427360534667969 0.00610351562499999
0.0184173583984375 -0.0755157470703125 0.0425376892089844 0.0246734619140625
0.0149459838867188 -0.0851211547851563 0.0489387512207031 0.0410919189453125
0.0263900756835937 -0.0745849609375 0.028228759765625 0.0591812133789063
0.0583114624023438 -0.0646400451660156 0.01080322265625 0.0604743957519531
0.0765609741210938 -0.0462112426757813 -0.00494003295898437 0.0376853942871094
0.0964889526367188 0.0121078491210938 -0.00128173828124999 0.0200405120849609
0.0927276611328125 0.0403366088867188 0.0456047058105469 0.0110626220703125
0.0782241821289063 0.0643386840820313 0.0951080322265625 0.0701980590820313
0.031005859375 0.0507240295410156 0.128852844238281 -0.00342559814453125
0.0444068908691406 0.0451202392578125 0.140167236328125 0.00769805908203125
0.0639533996582031 0.0272178649902344 0.106376647949219 -0.0051422119140625
0.0667343139648438 -0.00508499145507813 0.0819091796875 -0.0152130126953125
0.0523643493652344 -0.0180740356445313 0.0457420349121094 -0.00420761108398438
0.0428733825683594 -0.0441780090332031 0.0365447998046875 0.0117912292480469
0.0339317321777344 -0.0557861328125 0.0410537719726563 0.034912109375
0.0340461730957031 -0.0552406311035156 0.0406532287597656 0.0498275756835937
0.037017822265625 -0.064117431640625 0.0412712097167969 0.0656547546386719
0.0448760986328125 -0.0499725341796875 0.0167007446289063 0.0748672485351563
0.0647811889648438 -0.0310478210449219 -0.00129699707031249 0.0673370361328125
0.0713272094726563 -0.0109024047851563 -0.00962829589843749 0.0427017211914063
0.0688362121582031 0.0387115478515625 -0.00114059448242187 0.0229549407958984
0.0517120361328125 0.0583000183105469 0.0558967590332031 0.0222129821777344
0.0309829711914063 0.0645484924316406 0.11016845703125 0.09320068359375
-0.0226039886474609 0.0301589965820313 0.126380920410156 0.0051727294921875
-0.00386238098144531 0.0333957672119141 0.132865905761719 0.008056640625
0.0115776062011719 0.0280418395996094 0.0928726196289063 -0.00777435302734375
0.02490234375 0.0181159973144531 0.0671577453613281 -0.0102767944335937
0.0267734527587891 0.0134048461914062 0.0335140228271484 0.00206565856933594
0.0409660339355469 -0.005126953125 0.0275764465332031 0.0262489318847656
0.0452346801757813 -0.0221595764160156 0.0341377258300781 0.0524024963378906
0.0445442199707031 -0.0267333984375 0.0318527221679688 0.06597900390625
0.0508956909179688 -0.0343742370605469 0.0264968872070313 0.08282470703125
0.0521202087402344 -0.0215263366699219 -0.00170898437499999 0.085296630859375
0.0592002868652344 -0.00060272216796875 -0.0193328857421875 0.07232666015625
0.05438232421875 0.0168190002441406 -0.0223388671875 0.0477218627929688
0.0342445373535156 0.0526390075683594 -0.0117111206054687 0.0302391052246094
0.0062408447265625 0.0633316040039063 0.0487098693847656 0.0388298034667969
-0.0195083618164063 0.0537185668945313 0.106498718261719 0.112907409667969
0.0755691528320312 -0.0324249267578125 -0.103103637695312 -0.112709045410156
0.0180854797363281 -0.0552711486816406 -0.0432472229003906 -0.0522994995117187
-0.0100059509277344 -0.0481948852539063 0.0272846221923828 -0.0298328399658203
-0.0317878723144531 -0.0320110321044922 0.0495033264160156 -0.0546684265136719
-0.0353660583496094 -0.0181159973144531 0.04742431640625 -0.0796051025390625
-0.0496406555175781 0.00185775756835938 0.0133590698242188 -0.103103637695313
-0.0537567138671875 0.00725936889648438 -0.0216903686523438 -0.103240966796875
-0.0497627258300781 0.00225830078125 -0.02899169921875 -0.0777740478515625
-0.0569267272949219 -0.00164413452148439 -0.0307426452636719 -0.0554466247558594
-0.04547119140625 -0.0251960754394531 -0.0277652740478516 -0.0284328460693359
-0.0246543884277344 -0.0457878112792969 -0.034881591796875 -0.0026397705078125
0.00127792358398438 -0.0486526489257812 -0.0563507080078125 0.00706100463867187
0.0356674194335937 -0.0392112731933594 -0.0843429565429688 0.00994873046874999
0.0568656921386719 -0.0336647033691406 -0.120521545410156 0.0116958618164062
0.0769195556640625 -0.0170669555664062 -0.118751525878906 -0.00241088867187499
0.115631103515625 -0.0031890869140625 -0.0657577514648438 -0.120574951171875
0.0591316223144531 -0.0338134765625 -0.0115928649902344 -0.0614395141601563
0.0346450805664063 -0.0367927551269531 0.0490188598632813 -0.0342636108398438
0.0073699951171875 -0.0404777526855469 0.0686187744140625 -0.0613441467285156
-0.00531768798828125 -0.0350513458251953 0.0627059936523438 -0.0815582275390625
-0.0334091186523437 -0.0313396453857422 0.0312042236328125 -0.1065673828125
-0.0510292053222656 -0.0301094055175781 -0.00293731689453126 -0.105033874511719
-0.0497970581054687 -0.0322341918945313 -0.011962890625 -0.0751571655273437
-0.0612220764160156 -0.0405387878417969 -0.0129203796386719 -0.05108642578125
-0.0451011657714844 -0.0616226196289062 -0.0138092041015625 -0.0198383331298828
-0.00922393798828125 -0.0816574096679688 -0.0210361480712891 0.00654220581054687
0.0285873413085938 -0.079010009765625 -0.0419540405273438 0.0114288330078125
0.0796127319335938 -0.0449142456054688 -0.0618476867675781 0.0167274475097656
0.103157043457031 -0.0279693603515625 -0.0876083374023438 0.014190673828125
0.119705200195313 0.0009002685546875 -0.0814056396484375 0.00390625
0.140609741210938 0.027008056640625 -0.0195770263671875 -0.113204956054688
0.094512939453125 -0.0041961669921875 0.0268440246582031 -0.0576019287109375
0.0817642211914063 -0.0201263427734375 0.0731658935546875 -0.0330581665039063
0.0523414611816406 -0.0453414916992188 0.08660888671875 -0.0629043579101563
0.0289764404296875 -0.0507965087890625 0.0726470947265625 -0.0778427124023438
-0.0116043090820313 -0.0622291564941406 0.0423812866210938 -0.099945068359375
-0.0400199890136719 -0.0639190673828125 0.013214111328125 -0.0940628051757813
-0.0415267944335938 -0.0622100830078125 0.00616836547851562 -0.0608482360839844
-0.0572357177734375 -0.0720596313476563 0.00947570800781249 -0.03729248046875
-0.0404739379882813 -0.08709716796875 0.00337839126586914 -0.00365686416625977
0.00375366210937501 -0.105606079101563 -0.00658988952636719 0.0200710296630859
0.0465164184570312 -0.10009765625 -0.028411865234375 0.0181961059570313
0.107688903808594 -0.0505218505859375 -0.0395851135253906 0.0199089050292969
0.133171081542969 -0.0233154296875 -0.0491294860839844 0.0128097534179688
0.1453857421875 0.016998291015625 -0.0333747863769531 0.0141696929931641
0.146820068359375 0.0519561767578125 0.0326080322265625 -0.0931472778320313
0.118095397949219 0.0236892700195312 0.0688972473144531 -0.0452880859375
0.119979858398437 -0.0038604736328125 0.0943679809570313 -0.026641845703125
0.09075927734375 -0.0495758056640625 0.0989456176757813 -0.058929443359375
0.0583343505859375 -0.063751220703125 0.0743942260742187 -0.066253662109375
0.009918212890625 -0.0859527587890625 0.04742431640625 -0.0816726684570313
-0.0247116088867188 -0.0878372192382813 0.0268402099609375 -0.069793701171875
-0.0276870727539063 -0.082763671875 0.0231056213378906 -0.0372695922851563
-0.043792724609375 -0.092864990234375 0.0306720733642578 -0.0168857574462891
-0.0277633666992188 -0.0997238159179688 0.0200042724609375 0.0149936676025391
0.0173797607421875 -0.113777160644531 0.00766181945800782 0.0333919525146484
0.05816650390625 -0.105567932128906 -0.0152397155761719 0.0241661071777344
0.121292114257813 -0.047119140625 -0.020965576171875 0.0191535949707031
0.143692016601563 -0.0128631591796875 -0.0112714767456055 0.00693321228027344
0.148773193359375 0.0323333740234375 0.018524169921875 0.0261898040771484
0.130439758300781 0.06524658203125 0.0804595947265625 -0.0659637451171875
0.12066650390625 0.0422286987304687 0.108085632324219 -0.0289688110351562
0.134315490722656 0.00823211669921875 0.110015869140625 -0.0205612182617188
0.110748291015625 -0.0482406616210938 0.101348876953125 -0.047882080078125
0.0740509033203125 -0.066864013671875 0.069488525390625 -0.0476226806640625
0.0261306762695313 -0.0945053100585938 0.04779052734375 -0.0520515441894531
-0.00768280029296874 -0.097808837890625 0.0374946594238281 -0.0359115600585938
-0.00934600830078124 -0.0905609130859375 0.0367202758789063 -0.00827026367187501
-0.0218353271484375 -0.100502014160156 0.0464591979980469 0.00866317749023437
-0.0061187744140625 -0.0982284545898438 0.0308609008789062 0.0356178283691406
0.035736083984375 -0.103248596191406 0.0167236328125 0.0463371276855469
0.0698165893554688 -0.0911636352539063 -0.00567626953124999 0.0297012329101562
0.120803833007813 -0.0286483764648438 -0.0063028335571289 0.0170497894287109
0.134101867675781 0.00733184814453125 0.0238609313964844 0.0009918212890625
0.130683898925781 0.0486526489257813 0.0677146911621094 0.0414772033691406
0.0929946899414062 0.0654373168945313 0.119522094726563 -0.0396652221679687
0.0976409912109375 0.0496368408203125 0.136871337890625 -0.01483154296875
0.117225646972656 0.0177078247070313 0.116409301757813 -0.0166244506835938
0.103668212890625 -0.0363006591796875 0.0955429077148438 -0.0346832275390625
0.0723648071289063 -0.0538864135742187 0.05926513671875 -0.0250625610351563
0.0356216430664063 -0.08404541015625 0.0453758239746094 -0.0189552307128906
0.0104751586914062 -0.0904312133789063 0.0448379516601562 0.000392913818359369
0.0105438232421875 -0.08404541015625 0.0450820922851563 0.02203369140625
0.00447845458984374 -0.09503173828125 0.0528182983398438 0.0365142822265625
0.0194015502929688 -0.0847244262695313 0.0317573547363281 0.0552787780761719
0.0549163818359375 -0.077972412109375 0.0150489807128906 0.0579109191894531
0.0784988403320313 -0.0603866577148438 -0.00299263000488281 0.0350627899169922
0.107765197753906 0.00311279296875 0.00175762176513673 0.0165319442749023
0.106742858886719 0.0348358154296875 0.0501785278320313 0.0029144287109375
0.09344482421875 0.0625686645507812 0.105567932128906 0.0615158081054688
0.0408210754394531 0.0545196533203125 0.139244079589844 -0.019287109375
0.0549392700195312 0.0470161437988281 0.149658203125 -0.0071563720703125
0.0754318237304688 0.0247344970703125 0.110893249511719 -0.015533447265625
0.0740432739257813 -0.0135498046875 0.083343505859375 -0.0226211547851563
0.056365966796875 -0.0271415710449219 0.0474662780761719 -0.00726699829101563
0.0410041809082031 -0.0550651550292969 0.03985595703125 0.00948333740234375
0.0283699035644531 -0.0675506591796875 0.0466156005859375 0.0323524475097656
0.0287818908691406 -0.0655097961425781 0.0464744567871094 0.0484542846679687
0.0297164916992187 -0.0757064819335938 0.0479393005371094 0.0637245178222656
0.0414352416992188 -0.0614891052246094 0.0217132568359375 0.0740890502929688
0.0666007995605469 -0.0442657470703125 0.00252151489257813 0.0671157836914063
0.07781982421875 -0.0225677490234375 -0.00791549682617187 0.0410842895507813
0.0813674926757813 0.0351409912109375 0.00144004821777344 0.0214023590087891
0.0651359558105469 0.0600433349609375 0.06170654296875 0.0150947570800781
0.0425758361816406 0.0686416625976563 0.125 0.0856246948242188
-0.0188064575195313 0.0386505126953125 0.1387939453125 -0.0086822509765625
0.00246429443359375 0.0408668518066406 0.143218994140625 -0.0047149658203125
0.0192165374755859 0.0323314666748047 0.0962982177734375 -0.0173797607421875
0.0324745178222656 0.0154953002929687 0.069000244140625 -0.0152473449707031
0.0333576202392578 0.00898551940917969 0.0348358154296875 0.00221824645996094
0.0433807373046875 -0.0141258239746094 0.0320987701416016 0.0267066955566406
0.0442390441894531 -0.0331306457519531 0.04205322265625 0.0527877807617188
0.0428047180175781 -0.0365829467773438 0.0403327941894531 0.0668830871582031
0.0470504760742188 -0.0469589233398437 0.0348358154296875 0.0851364135742187
0.0514793395996094 -0.0326919555664063 0.00323486328125001 0.0888671875
0.063568115234375 -0.0124893188476563 -0.0157928466796875 0.0751571655273438
0.0627479553222656 0.00842666625976563 -0.0200958251953125 0.0483779907226563
0.0463333129882813 0.0528106689453125 -0.00831794738769531 0.0303611755371094
0.0169906616210938 0.070068359375 0.0573959350585938 0.0345916748046875
-0.0129928588867187 0.0627326965332031 0.123687744140625 0.108535766601563
0.0724639892578125 -0.0444717407226563 -0.119369506835938 -0.105293273925781
0.00867080688476562 -0.0597496032714844 -0.0522079467773438 -0.0476341247558594
-0.0191154479980469 -0.0480422973632813 0.0245151519775391 -0.0311737060546875
-0.039306640625 -0.0267066955566406 0.0460624694824219 -0.0584030151367188
-0.0387458801269531 -0.0107841491699219 0.0416183471679688 -0.0852127075195313
-0.0482177734375 0.0108375549316406 0.00458526611328125 -0.107078552246094
-0.0516510009765625 0.0160408020019531 -0.0328292846679687 -0.104690551757813
-0.0486373901367188 0.0106163024902344 -0.038787841796875 -0.0777511596679687
-0.0560989379882813 0.00830078125000001 -0.0401077270507812 -0.0553855895996094
-0.0484275817871094 -0.0169601440429688 -0.0322513580322266 -0.0291156768798828
-0.0320701599121094 -0.0402259826660156 -0.0363121032714844 -0.00181961059570312
-0.00738143920898437 -0.0486335754394531 -0.0563201904296875 0.0102691650390625
0.028594970703125 -0.0469322204589844 -0.0839080810546875 0.0172195434570312
0.0516090393066406 -0.0452384948730469 -0.123275756835938 0.0239334106445313
0.075836181640625 -0.0303192138671875 -0.126800537109375 0.0109710693359375
0.117210388183594 -0.0176162719726563 -0.0828475952148438 -0.1185302734375
0.0544052124023438 -0.0416488647460938 -0.0219154357910156 -0.0607795715332031
0.029571533203125 -0.0415687561035156 0.0453376770019531 -0.0381851196289063
0.000621795654296873 -0.0395851135253906 0.0643234252929688 -0.0675277709960938
-0.00943565368652343 -0.0328845977783203 0.0565414428710938 -0.0891494750976563
-0.0360565185546875 -0.0251388549804687 0.0213623046875 -0.112846374511719
-0.053253173828125 -0.0229644775390625 -0.01519775390625 -0.108978271484375
-0.0522575378417969 -0.0255966186523438 -0.0220718383789063 -0.077117919921875
-0.0653266906738281 -0.0315361022949219 -0.0214157104492188 -0.0535736083984375
-0.0518035888671875 -0.0548171997070313 -0.0187206268310547 -0.0224037170410156
-0.0201492309570313 -0.0793838500976563 -0.0224056243896484 0.00484275817871093
0.0177459716796875 -0.0826416015625 -0.0419235229492188 0.0128936767578125
0.0730667114257813 -0.057464599609375 -0.0602035522460937 0.020416259765625
0.100311279296875 -0.0442886352539063 -0.0905838012695313 0.0225601196289063
0.123252868652344 -0.0155029296875 -0.0887603759765625 0.0123977661132812
0.147430419921875 0.01165771484375 -0.0345077514648437 -0.116600036621094
0.0954818725585938 -0.0146942138671875 0.0176544189453125 -0.0618553161621094
0.0809707641601563 -0.0291976928710938 0.0697975158691406 -0.0393028259277344
0.046875 -0.0507164001464844 0.0816421508789063 -0.0719375610351563
0.0245132446289063 -0.0535697937011719 0.0665130615234375 -0.0870437622070313
-0.017578125 -0.0607528686523437 0.0327835083007813 -0.107795715332031
-0.0469169616699219 -0.0602149963378906 0.002227783203125 -0.0992202758789063
-0.0479965209960937 -0.0582313537597656 -0.00294876098632813 -0.0641517639160156
-0.0660781860351563 -0.0654335021972656 0.00157928466796875 -0.0421562194824219
-0.0503768920898438 -0.0830154418945312 -0.00031852722167969 -0.00802803039550782
-0.010162353515625 -0.106552124023438 -0.00694942474365234 0.0161027908325195
0.0339508056640625 -0.107223510742188 -0.0277214050292969 0.0173454284667969
0.103492736816406 -0.066009521484375 -0.0380897521972656 0.0209922790527344
0.133491516113281 -0.0415878295898438 -0.0513534545898437 0.0155830383300781
0.152114868164063 -0.0007171630859375 -0.0385780334472656 0.0160865783691406
0.157379150390625 0.0376739501953125 0.021148681640625 -0.101493835449219
0.124076843261719 0.01177978515625 0.0619125366210938 -0.0537605285644531
0.123992919921875 -0.016754150390625 0.0923919677734375 -0.03558349609375
0.0872650146484375 -0.06011962890625 0.0934906005859375 -0.0685806274414063
0.0537872314453125 -0.07061767578125 0.0698318481445313 -0.0758056640625
0.00127410888671874 -0.0879364013671875 0.0391464233398438 -0.0891952514648438
-0.0346832275390625 -0.0877914428710938 0.0178070068359375 -0.0755538940429688
-0.036956787109375 -0.0819015502929688 0.0168533325195312 -0.0416297912597656
-0.055389404296875 -0.0896987915039063 0.0249595642089844 -0.0226860046386719
-0.0396194458007812 -0.098388671875 0.0180988311767578 0.00936889648437499
0.00439453124999999 -0.118064880371094 0.00857734680175781 0.0286140441894531
0.0465927124023438 -0.115234375 -0.0147819519042969 0.0222835540771484
0.118736267089844 -0.0627365112304688 -0.019195556640625 0.0180492401123047
0.146636962890625 -0.0313262939453125 -0.0128374099731445 0.00526332855224609
0.158706665039063 0.015594482421875 0.0165500640869141 0.0227413177490234
0.1435546875 0.0540924072265625 0.0742950439453125 -0.0802230834960938
0.129745483398438 0.03143310546875 0.103935241699219 -0.0419464111328125
0.1412353515625 -0.006011962890625 0.108726501464844 -0.03082275390625
0.108146667480469 -0.061737060546875 0.0973129272460938 -0.0577011108398438
0.0701370239257813 -0.0769424438476563 0.0667572021484375 -0.0546112060546875
0.015869140625 -0.100616455078125 0.0423316955566406 -0.0596084594726563
-0.0195388793945313 -0.10064697265625 0.0320625305175781 -0.0422401428222656
-0.0203323364257813 -0.0925216674804688 0.0344562530517578 -0.0133552551269531
-0.03558349609375 -0.101692199707031 0.0438156127929687 0.00135040283203124
-0.0180130004882812 -0.100074768066406 0.0316162109375 0.0291271209716797
0.0243377685546875 -0.111175537109375 0.0179977416992187 0.040924072265625
0.0611801147460938 -0.102630615234375 -0.00483322143554687 0.0267009735107422
0.12261962890625 -0.0431289672851563 -0.00483131408691406 0.0136499404907227
0.140762329101563 -0.008087158203125 0.0229225158691406 -0.00476264953613281
0.14337158203125 0.036041259765625 0.0696144104003906 0.0328826904296875
0.105514526367188 0.0594863891601562 0.118598937988281 -0.0565872192382812
0.108444213867188 0.0417938232421875 0.136672973632813 -0.0303955078125
0.126724243164062 0.00638580322265625 0.115196228027344 -0.0279769897460938
0.103958129882813 -0.0490341186523438 0.0931854248046875 -0.04339599609375
0.0702056884765625 -0.0643844604492188 0.0582313537597656 -0.0307960510253906
0.0271835327148437 -0.0921554565429688 0.0434951782226563 -0.0241737365722656
-0.00140380859375 -0.0962905883789063 0.0445060729980469 -0.00485229492187501
-0.000564575195312502 -0.0897903442382813 0.0465774536132813 0.0167808532714844
-0.00876617431640624 -0.0996856689453125 0.0538444519042969 0.0297088623046875
0.00941467285156249 -0.090545654296875 0.03399658203125 0.0501785278320312
0.0468521118164062 -0.0886459350585938 0.0179634094238281 0.0537948608398437
0.0745849609375 -0.0727005004882813 -0.00181007385253906 0.0318756103515625
0.114151000976563 -0.0087890625 0.00340747833251954 0.0126590728759766
0.116905212402344 0.025421142578125 0.0502662658691406 -0.00569534301757812
0.105918884277344 0.0563507080078125 0.111602783203125 0.049835205078125
0.0504722595214844 0.0556297302246094 0.143020629882812 -0.037933349609375
0.0649032592773438 0.0453567504882813 0.152328491210938 -0.0236663818359375
0.0835952758789063 0.019073486328125 0.110710144042969 -0.0261459350585938
0.0765762329101563 -0.0235366821289063 0.0814437866210938 -0.0298690795898438
0.0571670532226563 -0.0359954833984375 0.0476455688476563 -0.0102500915527344
0.0350990295410156 -0.06365966796875 0.0416297912597656 0.00623703002929687
0.0188522338867188 -0.0751495361328125 0.0507125854492188 0.0271530151367187
0.0197296142578125 -0.0730209350585938 0.0515823364257812 0.0445022583007812
0.0185394287109375 -0.0838775634765625 0.0532608032226563 0.0586318969726563
0.0332717895507813 -0.070343017578125 0.0255279541015625 0.072052001953125
0.0631561279296875 -0.0567703247070313 0.00696182250976563 0.06549072265625
0.0786666870117188 -0.0352401733398438 -0.00595474243164062 0.03875732421875
0.0918807983398438 0.0273361206054688 0.00428009033203126 0.0183391571044922
0.077911376953125 0.0557174682617188 0.0649528503417969 0.00627517700195313
0.0553932189941406 0.0689697265625 0.135856628417969 0.0723876953125
-0.0127830505371094 0.04541015625 0.145095825195313 -0.025726318359375
0.0101432800292969 0.0453414916992188 0.147781372070313 -0.0215911865234375
0.0283317565917969 0.0331897735595703 0.0956573486328125 -0.0266571044921875
0.0390625 0.0111236572265625 0.0673599243164063 -0.0204925537109375
0.0373802185058594 0.00282669067382813 0.0359230041503906 0.00102996826171875
0.0421524047851563 -0.0233955383300781 0.0363082885742188 0.0261383056640625
0.0392417907714844 -0.0424079895019531 0.0499343872070312 0.0500717163085937
0.0364418029785156 -0.0455818176269531 0.0483016967773438 0.0647659301757813
0.0404930114746094 -0.0562896728515625 0.0430526733398438 0.0830841064453125
0.047332763671875 -0.0428848266601563 0.00936126708984375 0.0899658203125
0.0644950866699219 -0.0235557556152344 -0.0106201171875 0.0761489868164063
0.0674400329589844 -0.0021820068359375 -0.0167007446289063 0.0481643676757813
0.0577850341796875 0.049407958984375 -0.0047454833984375 0.0295505523681641
0.0294036865234375 0.0717010498046875 0.0634613037109375 0.0278053283691406
-0.00292968749999999 0.0691299438476563 0.137939453125 0.097198486328125
0.065582275390625 -0.0532722473144531 -0.130035400390625 -0.0951614379882813
-0.000270843505859374 -0.0610389709472656 -0.0584945678710938 -0.0407066345214844
-0.0270576477050781 -0.0462417602539063 0.0216636657714844 -0.0309238433837891
-0.0432548522949219 -0.0197334289550781 0.0418853759765625 -0.0597610473632813
-0.0396499633789063 -0.00450515747070313 0.0358047485351563 -0.087799072265625
-0.0452308654785156 0.017822265625 -0.00257873535156251 -0.106788635253906
-0.0474166870117188 0.0228843688964844 -0.0422897338867188 -0.102066040039062
-0.0446853637695313 0.0165138244628906 -0.0466995239257813 -0.0751800537109375
-0.0518646240234375 0.0156478881835938 -0.0472908020019531 -0.0526390075683594
-0.0483551025390625 -0.00923919677734375 -0.0364418029785156 -0.0291328430175781
-0.0365066528320313 -0.0335044860839844 -0.0371322631835937 -0.00189208984375001
-0.0153923034667969 -0.0459251403808594 -0.0552291870117188 0.0127410888671875
0.0197257995605469 -0.0508537292480469 -0.0817031860351562 0.0221099853515625
0.0441246032714844 -0.0537376403808594 -0.122451782226562 0.0347061157226562
0.0715866088867188 -0.0408935546875 -0.129890441894531 0.0236663818359375
0.114913940429687 -0.0303192138671875 -0.0955276489257812 -0.111366271972656
0.0477981567382813 -0.0468292236328125 -0.0303077697753906 -0.0573387145996094
0.0236396789550781 -0.0440559387207031 0.0417137145996094 -0.0404167175292969
-0.0042724609375 -0.0366744995117188 0.058563232421875 -0.0711288452148438
-0.0120773315429688 -0.0291080474853516 0.050140380859375 -0.0933151245117188
-0.0363082885742187 -0.01953125 0.0129776000976563 -0.115196228027344
-0.0532608032226562 -0.0169677734375 -0.0260772705078125 -0.108383178710938
-0.0527496337890625 -0.0198554992675781 -0.030853271484375 -0.0757598876953125
-0.0660629272460937 -0.0233383178710938 -0.0293769836425781 -0.0526542663574219
-0.055572509765625 -0.046722412109375 -0.0230617523193359 -0.0237617492675781
-0.028106689453125 -0.0738601684570312 -0.0240478515625 0.00300407409667968
0.00675201416015625 -0.0829696655273438 -0.0413818359375 0.0129890441894531
0.0646514892578125 -0.0655326843261719 -0.0577392578125 0.0219993591308594
0.0940093994140625 -0.0568771362304687 -0.0896987915039063 0.0294876098632812
0.121475219726563 -0.03021240234375 -0.0923843383789062 0.021240234375
0.149215698242187 -0.0026397705078125 -0.0475387573242188 -0.11505126953125
0.0925674438476563 -0.0230789184570312 0.00877761840820313 -0.0615386962890625
0.07763671875 -0.0367965698242188 0.0653457641601563 -0.0432090759277344
0.0408439636230469 -0.05322265625 0.075225830078125 -0.0767745971679688
0.0201072692871094 -0.0535888671875 0.059722900390625 -0.092132568359375
-0.0212478637695313 -0.0572166442871094 0.0235443115234375 -0.110969543457031
-0.0515022277832031 -0.0541152954101562 -0.0094146728515625 -0.100448608398438
-0.052215576171875 -0.0532302856445313 -0.0112190246582031 -0.0648384094238281
-0.0709915161132813 -0.0581130981445313 -0.00691604614257813 -0.0439796447753906
-0.057769775390625 -0.0758056640625 -0.00445747375488282 -0.0116128921508789
-0.0203781127929688 -0.103225708007812 -0.00861740112304688 0.0127601623535156
0.0220794677734375 -0.109336853027344 -0.0274543762207031 0.0158576965332031
0.095245361328125 -0.076507568359375 -0.0360374450683594 0.0199546813964844
0.127822875976563 -0.0565948486328125 -0.0518836975097656 0.0183906555175781
0.1524658203125 -0.017242431640625 -0.0420722961425781 0.0200347900390625
0.161941528320313 0.023406982421875 0.00955200195312502 -0.105674743652344
0.125038146972656 0.000518798828125 0.0535316467285156 -0.0581398010253906
0.123100280761719 -0.0289306640625 0.0882568359375 -0.0413665771484375
0.0811386108398437 -0.0675430297851562 0.0873870849609375 -0.0743484497070312
0.0484085083007813 -0.075103759765625 0.0637893676757813 -0.080322265625
-0.00641632080078125 -0.087493896484375 0.0311126708984375 -0.0935440063476563
-0.0435714721679687 -0.0843887329101563 0.00899505615234374 -0.0782546997070313
-0.0436172485351562 -0.0780715942382813 0.0106315612792969 -0.0437202453613281
-0.0647659301757813 -0.084320068359375 0.0183696746826172 -0.0268478393554688
-0.0483169555664063 -0.0930709838867188 0.0151653289794922 0.0050058364868164
-0.00801849365234375 -0.116889953613281 0.00672721862792969 0.0242023468017578
0.0345611572265625 -0.119270324707031 -0.014892578125 0.0195121765136719
0.113273620605469 -0.0753707885742187 -0.0179481506347656 0.0145092010498047
0.143753051757813 -0.0465850830078125 -0.0143947601318359 0.00322055816650391
0.162353515625 0.000457763671875 0.0140132904052734 0.0206699371337891
0.1505126953125 0.041412353515625 0.0656509399414063 -0.0888748168945313
0.133529663085938 0.0205154418945313 0.0973663330078125 -0.05035400390625
0.143569946289063 -0.0186309814453125 0.105072021484375 -0.0381393432617188
0.103507995605469 -0.0724029541015625 0.0918197631835938 -0.0640029907226563
0.064422607421875 -0.0836410522460938 0.0622482299804688 -0.0591011047363281
0.00698852539062501 -0.1024169921875 0.03680419921875 -0.0633926391601563
-0.0302886962890625 -0.099578857421875 0.0263862609863281 -0.0460586547851563
-0.0291671752929687 -0.091766357421875 0.0304241180419922 -0.0165843963623047
-0.0464935302734375 -0.098663330078125 0.0395545959472656 -0.00390625000000001
-0.02825927734375 -0.0988311767578125 0.0295791625976563 0.0246009826660156
0.0131454467773437 -0.113899230957031 0.0168418884277344 0.0352020263671875
0.0512619018554688 -0.109367370605469 -0.00513267517089843 0.0230388641357422
0.120513916015625 -0.0560684204101562 -0.00458431243896484 0.00979328155517578
0.14202880859375 -0.0220489501953125 0.0207366943359375 -0.00992012023925782
0.1492919921875 0.0230712890625 0.068389892578125 0.0255928039550781
0.114433288574219 0.05133056640625 0.1126708984375 -0.0700454711914063
0.114364624023438 0.0333404541015625 0.132087707519531 -0.0431060791015625
0.130462646484375 -0.00495147705078125 0.112152099609375 -0.0359039306640625
0.100761413574219 -0.0597991943359375 0.0888290405273438 -0.0499114990234375
0.0652084350585938 -0.0728683471679688 0.0561370849609375 -0.0340690612792969
0.0179672241210938 -0.0961380004882812 0.0404281616210938 -0.0285301208496094
-0.01202392578125 -0.0976791381835938 0.0426864624023438 -0.00974655151367188
-0.01025390625 -0.090545654296875 0.0464630126953125 0.0125389099121094
-0.0204849243164062 -0.100143432617187 0.0526542663574219 0.0236740112304687
-0.00048065185546874 -0.0924835205078125 0.0347557067871094 0.0459098815917969
0.037994384765625 -0.0956802368164062 0.0177726745605469 0.0488815307617187
0.0677566528320313 -0.0817108154296875 -0.00139999389648437 0.0278511047363281
0.116287231445313 -0.0201950073242188 0.00443744659423829 0.00828933715820312
0.12237548828125 0.0140914916992188 0.0484390258789063 -0.0130119323730469
0.114753723144531 0.0473251342773438 0.112281799316406 0.0385055541992188
0.0584259033203125 0.0525360107421875 0.141189575195313 -0.05303955078125
0.0716934204101563 0.041717529296875 0.149566650390625 -0.0382080078125
0.0907669067382813 0.0121917724609375 0.106613159179688 -0.0349502563476563
0.0769119262695313 -0.0323562622070313 0.07818603515625 -0.0352325439453125
0.0555000305175781 -0.0439987182617188 0.0469818115234375 -0.0122947692871094
0.0284576416015625 -0.06951904296875 0.0425910949707031 0.00289535522460937
0.00917053222656249 -0.079254150390625 0.0534858703613281 0.0226860046386719
0.0106430053710938 -0.0761260986328125 0.0548858642578125 0.0398330688476562
0.0072479248046875 -0.0870895385742188 0.0553932189941406 0.0530929565429687
0.0247268676757813 -0.0762100219726563 0.0285072326660156 0.0682830810546875
0.0566520690917969 -0.065826416015625 0.00864410400390626 0.0623512268066406
0.0765914916992188 -0.04547119140625 -0.00495529174804687 0.0356292724609375
0.0980072021484375 0.017791748046875 0.00575447082519532 0.0144872665405273
0.0864486694335938 0.0498809814453125 0.0653228759765625 -0.00214004516601562
0.0644950866699219 0.0657539367675781 0.140510559082031 0.05902099609375
-0.0051422119140625 0.0490798950195313 0.145706176757813 -0.041168212890625
0.0175552368164062 0.0463409423828125 0.14617919921875 -0.03533935546875
0.0366363525390625 0.0315399169921875 0.0918960571289063 -0.0340118408203125
0.0427818298339844 0.00532150268554688 0.0651626586914063 -0.0237922668457031
0.0398292541503906 -0.00292587280273437 0.0364418029785156 0.000125885009765625
0.0388412475585938 -0.0301437377929687 0.0405082702636719 0.0241317749023437
0.0326080322265625 -0.0490036010742188 0.0558853149414063 0.0457344055175781
0.0301780700683594 -0.0509147644042969 0.054656982421875 0.0608024597167969
0.0310897827148437 -0.0624809265136719 0.0491943359375 0.0787582397460938
0.0404052734375 -0.049957275390625 0.0143508911132813 0.088470458984375
0.0611343383789062 -0.033111572265625 -0.00676727294921874 0.0751113891601563
0.0683746337890625 -0.0116233825683594 -0.0150146484375 0.0471115112304687
0.0664024353027344 0.0438995361328125 -0.00149345397949218 0.0273838043212891
0.040130615234375 0.0708160400390625 0.066680908203125 0.0197334289550781
0.00618743896484375 0.0710678100585938 0.145462036132813 0.08465576171875
0.0599288940429688 -0.0595169067382813 -0.136512756347656 -0.0858840942382812
-0.00749206542968749 -0.0603713989257812 -0.0621414184570313 -0.0344924926757813
-0.0341033935546875 -0.0426673889160156 0.0197601318359375 -0.0304813385009766
-0.0458717346191406 -0.0138435363769531 0.0393791198730469 -0.060089111328125
-0.0397682189941406 0.000747680664062503 0.0316543579101562 -0.0884475708007813
-0.0414161682128906 0.0230674743652344 -0.00725555419921875 -0.106796264648437
-0.0424003601074219 0.0271644592285156 -0.0483474731445312 -0.0992355346679688
-0.041107177734375 0.0204734802246094 -0.0525970458984375 -0.0725021362304688
-0.0476455688476563 0.0204582214355469 -0.0521316528320313 -0.0497283935546875
-0.0464973449707031 -0.00336456298828125 -0.0393829345703125 -0.0286178588867188
-0.0376701354980469 -0.0268669128417969 -0.0382766723632812 -0.0020751953125
-0.0206794738769531 -0.0424041748046875 -0.0538101196289063 0.0133895874023437
0.0127296447753906 -0.0537338256835938 -0.0792236328125 0.0245742797851563
0.0368003845214844 -0.0584869384765625 -0.120498657226562 0.0421600341796875
0.0662918090820313 -0.048248291015625 -0.130882263183594 0.0336837768554688
0.110755920410156 -0.039398193359375 -0.104034423828125 -0.105293273925781
0.0423049926757813 -0.0491523742675781 -0.0362815856933594 -0.0526809692382813
0.0181884765625 -0.0451774597167969 0.0391120910644531 -0.0407142639160156
-0.00810623168945313 -0.0346050262451172 0.0550155639648438 -0.0725250244140625
-0.0133571624755859 -0.0261802673339844 0.0451126098632813 -0.0952682495117188
-0.035003662109375 -0.0151882171630859 0.00639343261718749 -0.115577697753906
-0.0522994995117188 -0.0117683410644531 -0.033905029296875 -0.106552124023438
-0.0514411926269531 -0.0155830383300781 -0.0371856689453125 -0.0735702514648438
-0.0648765563964844 -0.0173225402832031 -0.0356826782226563 -0.0511932373046875
-0.0565147399902344 -0.0405616760253906 -0.0265884399414063 -0.0241355895996094
-0.0331001281738281 -0.0686798095703125 -0.0257034301757813 0.00106048583984375
-0.000465393066406253 -0.0807342529296875 -0.040863037109375 0.0121383666992188
0.0572891235351563 -0.0709915161132813 -0.055694580078125 0.0226936340332031
0.0865097045898437 -0.0657196044921875 -0.0893630981445313 0.0342254638671875
0.117721557617187 -0.040985107421875 -0.0945053100585937 0.0283355712890625
0.1483154296875 -0.0133819580078125 -0.0569076538085937 -0.112236022949219
0.0899124145507813 -0.0290298461914063 0.00147628784179689 -0.0601158142089844
0.0738983154296875 -0.041595458984375 0.061981201171875 -0.0449371337890625
0.0365447998046875 -0.0537796020507813 0.0708541870117188 -0.0792007446289063
0.0171241760253906 -0.0534515380859375 0.0541610717773438 -0.0942230224609375
-0.0234870910644531 -0.0538825988769531 0.0161666870117188 -0.112953186035156
-0.0538825988769531 -0.0499649047851563 -0.0174407958984375 -0.0996856689453125
-0.0540351867675781 -0.0488967895507812 -0.0170059204101563 -0.0640869140625
-0.0730972290039063 -0.0517807006835938 -0.01300048828125 -0.0434684753417969
-0.0606689453125 -0.0696296691894531 -0.00869464874267578 -0.013371467590332
-0.0276260375976563 -0.0990447998046875 -0.0106086730957031 0.0101470947265625
0.0127029418945313 -0.10858154296875 -0.0277595520019531 0.0144672393798828
0.0884780883789063 -0.0835952758789063 -0.0341720581054688 0.0181179046630859
0.121688842773437 -0.0673675537109375 -0.0531387329101562 0.0200347900390625
0.15118408203125 -0.029083251953125 -0.0448379516601562 0.0233726501464844
0.164291381835938 0.012237548828125 0.000465393066406258 -0.107566833496094
0.124618530273438 -0.0069580078125 0.0464668273925781 -0.0595054626464844
0.121055603027344 -0.0369110107421875 0.0847625732421875 -0.0437774658203125
0.07623291015625 -0.0720062255859375 0.0823974609375 -0.0772705078125
0.043701171875 -0.0769805908203125 0.0598297119140625 -0.083221435546875
-0.011138916015625 -0.08624267578125 0.0242080688476562 -0.09503173828125
-0.04888916015625 -0.08026123046875 0.00145721435546875 -0.0786666870117188
-0.04852294921875 -0.0748672485351563 0.00579071044921874 -0.0441627502441406
-0.0693511962890625 -0.0782394409179688 0.0118427276611328 -0.0287570953369141
-0.0537872314453125 -0.0884170532226563 0.010838508605957 0.00196552276611328
-0.0162887573242188 -0.115036010742188 0.00494003295898437 0.0200729370117187
0.0259552001953125 -0.120712280273438 -0.0159063339233398 0.0168943405151367
0.107711791992188 -0.0839691162109375 -0.0175333023071289 0.0118474960327148
0.139755249023438 -0.0584564208984375 -0.0167531967163086 0.00219535827636718
0.162750244140625 -0.011932373046875 0.0110263824462891 0.0201568603515625
0.154953002929688 0.0323638916015625 0.0582809448242188 -0.0952682495117188
0.135078430175781 0.01153564453125 0.0906600952148438 -0.0556869506835938
0.143035888671875 -0.0286865234375 0.100959777832031 -0.0422592163085938
0.0977783203125 -0.0788955688476563 0.0872879028320313 -0.0673370361328125
0.0596084594726562 -0.0882186889648438 0.0589828491210938 -0.0614776611328125
0.000717163085937506 -0.102470397949219 0.03216552734375 -0.0655059814453125
-0.0383682250976562 -0.0975265502929688 0.0213584899902344 -0.0477256774902344
-0.0359344482421875 -0.0891189575195313 0.0275115966796875 -0.0182247161865234
-0.05413818359375 -0.093902587890625 0.0348052978515625 -0.00656509399414063
-0.034759521484375 -0.0960769653320313 0.0265731811523437 0.0205593109130859
0.00443267822265626 -0.114639282226563 0.0143718719482422 0.0312747955322266
0.0425949096679688 -0.113021850585938 -0.00675201416015625 0.0200519561767578
0.117347717285156 -0.0646438598632813 -0.0043344497680664 0.00546121597290039
0.141006469726563 -0.0327301025390625 0.0175189971923828 -0.0132274627685547
0.152679443359375 0.0126190185546875 0.0661163330078125 0.0211257934570313
0.119468688964844 0.0439224243164063 0.107124328613281 -0.0793685913085938
0.117774963378906 0.02630615234375 0.127159118652344 -0.0513229370117188
0.132591247558594 -0.0136947631835937 0.107795715332031 -0.040496826171875
0.0972824096679688 -0.0674514770507813 0.0845108032226563 -0.0524139404296875
0.061981201171875 -0.0785751342773438 0.0547332763671875 -0.0358543395996094
0.0108871459960938 -0.0982284545898438 0.0388870239257813 -0.0305366516113281
-0.0210952758789062 -0.0975112915039063 0.0406150817871094 -0.0126495361328125
-0.0177078247070313 -0.0906982421875 0.0454559326171875 0.00983810424804687
-0.0297927856445313 -0.0980987548828125 0.0505599975585938 0.0198974609375
-0.00780487060546874 -0.09307861328125 0.0328369140625 0.0425529479980469
0.0301895141601563 -0.0988845825195313 0.0165290832519531 0.0447959899902344
0.0616989135742188 -0.0878067016601563 -0.00333023071289062 0.0249443054199219
0.116714477539062 -0.0292739868164062 0.00352072715759278 0.00400805473327637
0.125419616699219 0.0050811767578125 0.0456733703613281 -0.0186614990234375
0.120498657226563 0.0398788452148438 0.111305236816406 0.0307464599609375
0.0651016235351563 0.0495643615722656 0.137809753417969 -0.0648651123046875
0.0764617919921875 0.038055419921875 0.14599609375 -0.0478057861328125
0.0946273803710938 0.00580596923828125 0.102584838867188 -0.0395965576171875
0.0758209228515625 -0.039337158203125 0.0753631591796875 -0.0373077392578125
0.0536727905273438 -0.0494270324707031 0.0466499328613281 -0.0130844116210938
0.0223236083984375 -0.0734939575195312 0.0431594848632813 0.00091171264648437
0.00138092041015626 -0.0811538696289063 0.0543403625488281 0.018646240234375
0.00310516357421875 -0.07806396484375 0.0565910339355469 0.0363502502441406
-0.00175476074218749 -0.08868408203125 0.0561256408691406 0.0487556457519531
0.0172271728515625 -0.0776901245117188 0.0287094116210937 0.0656318664550781
0.0507583618164063 -0.07171630859375 0.00920867919921875 0.0590362548828125
0.0731582641601563 -0.0531768798828125 -0.0054473876953125 0.0330219268798828
0.102226257324219 0.0102615356445313 0.00621604919433594 0.0107202529907227
0.093231201171875 0.0438156127929688 0.0640029907226563 -0.00854873657226562
0.0720672607421875 0.0626144409179688 0.141342163085938 0.0493316650390625
0.000656127929687499 0.0511512756347656 0.144073486328125 -0.0527496337890625
0.0236587524414063 0.0473594665527344 0.143814086914063 -0.0448760986328125
0.0428276062011719 0.0293464660644531 0.088226318359375 -0.0376968383789063
0.0454521179199219 -0.000152587890625 0.0628204345703125 -0.0251579284667969
0.0404167175292969 -0.0084381103515625 0.0373344421386719 0.000919342041015624
0.0349044799804688 -0.0356025695800781 0.0432205200195313 0.0223922729492187
0.0257797241210938 -0.0531883239746094 0.05938720703125 0.0417213439941406
0.0236282348632813 -0.0539436340332031 0.05810546875 0.0568962097167969
0.0228080749511719 -0.0658950805664062 0.0526199340820312 0.0749740600585937
0.0340652465820312 -0.053741455078125 0.017120361328125 0.0870285034179688
0.057037353515625 -0.0410118103027344 -0.0048828125 0.0737762451171875
0.0680580139160156 -0.0193748474121094 -0.0138206481933594 0.0452728271484375
0.0721969604492188 0.0385208129882813 0.000402450561523443 0.0243511199951172
0.0476722717285156 0.0678634643554688 0.0673408508300781 0.0132484436035156
0.0141143798828125 0.0715560913085938 0.14892578125 0.074493408203125
0.05511474609375 -0.0643234252929687 -0.142120361328125 -0.07989501953125
-0.012939453125 -0.0594444274902344 -0.0656204223632813 -0.029327392578125
-0.0390968322753906 -0.0407791137695312 0.0195999145507812 -0.0298519134521484
-0.0473556518554687 -0.00897979736328125 0.0382423400878906 -0.0607414245605469
-0.0391082763671875 0.005096435546875 0.0295639038085937 -0.0896224975585938
-0.0374107360839844 0.0271110534667969 -0.0105667114257813 -0.106407165527344
-0.0385398864746094 0.0305404663085938 -0.05316162109375 -0.0977783203125
-0.0382003784179688 0.0232315063476563 -0.0567550659179687 -0.0705108642578125
-0.04315185546875 0.0242156982421875 -0.0566291809082031 -0.0476036071777344
-0.0443000793457031 0.000885009765624996 -0.0432815551757813 -0.0284996032714844
-0.0392684936523438 -0.0226211547851563 -0.0398139953613281 -0.00269699096679689
-0.0248985290527344 -0.0393409729003906 -0.0545578002929687 0.0134925842285156
0.00640487670898437 -0.0554084777832031 -0.078216552734375 0.0260696411132812
0.0308952331542969 -0.0630645751953125 -0.119613647460938 0.04840087890625
0.0630340576171875 -0.0545730590820312 -0.133094787597656 0.042022705078125
0.108787536621094 -0.046661376953125 -0.111648559570313 -0.101249694824219
0.0379486083984375 -0.0511856079101563 -0.04058837890625 -0.0481491088867188
0.014068603515625 -0.0457305908203125 0.0377197265625 -0.04071044921875
-0.010650634765625 -0.0315780639648438 0.053436279296875 -0.0735626220703125
-0.0146141052246094 -0.0237369537353516 0.0423126220703125 -0.0972518920898438
-0.0339565277099609 -0.0114269256591797 0.00131988525390625 -0.116851806640625
-0.0509986877441406 -0.00801467895507813 -0.040313720703125 -0.105888366699219
-0.0508995056152344 -0.0125617980957031 -0.0422439575195313 -0.0728607177734375
-0.063629150390625 -0.0131759643554688 -0.0417289733886719 -0.0499420166015625
-0.0573616027832031 -0.0357933044433594 -0.0308055877685547 -0.0253257751464844
-0.0363922119140625 -0.0647659301757813 -0.028167724609375 0.000421524047851557
-0.00667572021484376 -0.0794754028320313 -0.041717529296875 0.01123046875
0.0511932373046875 -0.0750961303710938 -0.0554962158203125 0.0219039916992187
0.0814666748046875 -0.0726547241210938 -0.0896148681640625 0.0382843017578125
0.116004943847656 -0.049713134765625 -0.0975341796875 0.0345916748046875
0.148391723632813 -0.0216217041015625 -0.0646896362304687 -0.11090087890625
0.0878219604492188 -0.0331954956054688 -0.00387191772460937 -0.0585212707519531
0.0716018676757813 -0.0458984375 0.0606002807617188 -0.04559326171875
0.0332489013671875 -0.0547103881835938 0.0685272216796875 -0.0810470581054688
0.0156059265136719 -0.0540695190429688 0.0518112182617188 -0.0970611572265625
-0.0245704650878906 -0.0522651672363281 0.0111465454101563 -0.114738464355469
-0.0557136535644531 -0.0467567443847656 -0.024017333984375 -0.0997543334960938
-0.0563774108886719 -0.0464401245117188 -0.0215339660644531 -0.0637016296386719
-0.0749282836914062 -0.0473403930664063 -0.0188064575195313 -0.0430374145507813
-0.0633010864257813 -0.0652885437011719 -0.0129680633544922 -0.0149927139282227
-0.0328140258789063 -0.09619140625 -0.0134992599487305 0.00792121887207031
0.00605010986328126 -0.108383178710938 -0.0295772552490234 0.0125274658203125
0.0827102661132813 -0.0896224975585938 -0.0350017547607422 0.0159893035888672
0.116966247558594 -0.0764694213867187 -0.0544319152832031 0.0215835571289062
0.151214599609375 -0.0394744873046875 -0.0475044250488281 0.0273818969726563
0.167449951171875 0.0038604736328125 -0.00699615478515624 -0.109352111816406
0.125442504882813 -0.013092041015625 0.0406532287597656 -0.0604705810546875
0.120658874511719 -0.0435256958007813 0.0829315185546875 -0.0457534790039063
0.0722503662109375 -0.0755462646484375 0.0803298950195312 -0.0792236328125
0.040771484375 -0.0800094604492188 0.0570449829101563 -0.085662841796875
-0.0144729614257813 -0.08563232421875 0.0196304321289063 -0.097686767578125
-0.0538406372070313 -0.0777664184570312 -0.00394439697265626 -0.0792007446289063
-0.0526809692382812 -0.0729827880859375 0.0020751953125 -0.0444984436035156
-0.0736083984375 -0.074249267578125 0.00719642639160156 -0.0286808013916016
-0.05816650390625 -0.0851211547851563 0.00741863250732422 0.000257968902587885
-0.0227127075195313 -0.113349914550781 0.00123882293701172 0.0172758102416992
0.01837158203125 -0.122016906738281 -0.018096923828125 0.0142078399658203
0.103927612304687 -0.0910720825195312 -0.0182991027832031 0.00898933410644531
0.137138366699219 -0.0680389404296875 -0.0185470581054687 0.00121116638183594
0.165817260742188 -0.0214996337890625 0.00932693481445313 0.0203647613525391
0.1597900390625 0.0242767333984375 0.0524139404296875 -0.100433349609375
0.137626647949219 0.00551605224609375 0.0864028930664063 -0.0594558715820312
0.144500732421875 -0.0371246337890625 0.0997848510742188 -0.0440444946289063
0.0946426391601562 -0.0846023559570313 0.085662841796875 -0.0693893432617188
0.0566482543945313 -0.09320068359375 0.0585556030273437 -0.0642013549804687
-0.00491333007812501 -0.103424072265625 0.0285682678222656 -0.0684051513671875
-0.04473876953125 -0.0957565307617188 0.0177536010742187 -0.0491676330566406
-0.0416030883789062 -0.0885162353515625 0.0256462097167969 -0.0197410583496094
-0.0605621337890625 -0.0913314819335938 0.0312595367431641 -0.00814628601074219
-0.04107666015625 -0.094512939453125 0.0236492156982422 0.0186252593994141
-0.00212860107421874 -0.115135192871094 0.0124492645263672 0.0285072326660156
0.0366897583007812 -0.117164611816406 -0.00891017913818359 0.0169086456298828
0.116348266601563 -0.0719757080078125 -0.00572633743286132 0.00136041641235351
0.14111328125 -0.0418548583984375 0.0143060684204102 -0.0165271759033203
0.156509399414063 0.0049285888671875 0.0644454956054688 0.0183067321777344
0.125083923339844 0.0385284423828125 0.103607177734375 -0.0877151489257813
0.121238708496094 0.0219039916992188 0.123390197753906 -0.0574417114257812
0.135726928710938 -0.021209716796875 0.106903076171875 -0.04364013671875
0.0951995849609375 -0.073822021484375 0.0838088989257813 -0.05474853515625
0.0591278076171875 -0.08343505859375 0.0551300048828125 -0.0376625061035156
0.00490570068359374 -0.100669860839844 0.0373306274414063 -0.0329170227050781
-0.0287628173828125 -0.0971832275390625 0.0394058227539063 -0.0149650573730469
-0.0246353149414063 -0.0911788940429688 0.0458755493164063 0.00786590576171874
-0.0377044677734375 -0.09674072265625 0.0484123229980469 0.0180892944335937
-0.0150070190429688 -0.0930252075195312 0.0316162109375 0.0405502319335937
0.02386474609375 -0.102012634277344 0.0146827697753906 0.0425376892089844
0.0571746826171875 -0.0934829711914063 -0.00445747375488281 0.0225753784179687
0.118965148925781 -0.0366897583007813 0.00329947471618653 0.00026130676269531
0.128890991210938 -0.0020751953125 0.0433616638183594 -0.0230064392089844
0.126762390136719 0.0349273681640625 0.111480712890625 0.025787353515625
0.0701332092285156 0.0476760864257813 0.135635375976563 -0.0748672485351563
0.0816879272460938 0.0352020263671875 0.143478393554688 -0.0562896728515625
0.100044250488281 0.00057220458984375 0.101226806640625 -0.0426788330078125
0.076507568359375 -0.0451202392578125 0.0746688842773438 -0.03863525390625
0.0522651672363281 -0.054412841796875 0.0481147766113281 -0.0143318176269531
0.0173721313476562 -0.0767669677734375 0.0437049865722656 -0.00111770629882813
-0.00595092773437501 -0.0827865600585938 0.05560302734375 0.015777587890625
-0.00304412841796874 -0.0795669555664062 0.0581169128417969 0.033599853515625
-0.0095672607421875 -0.088958740234375 0.0564956665039063 0.0460281372070312
0.01104736328125 -0.0804672241210938 0.0284233093261719 0.0648880004882813
0.0462188720703125 -0.0771865844726563 0.00779724121093751 0.0574722290039062
0.0705718994140625 -0.0593948364257812 -0.00680923461914062 0.0312538146972656
0.107147216796875 0.00372314453125 0.00606775283813477 0.00723505020141601
0.0987472534179688 0.0387802124023438 0.0630264282226563 -0.0145034790039062
0.0788726806640625 0.0600738525390625 0.142745971679688 0.043243408203125
0.00605392456054687 0.0524673461914063 0.144638061523438 -0.0636749267578125
0.0287818908691406 0.0474014282226563 0.143203735351563 -0.0534210205078125
0.0487098693847656 0.0274467468261719 0.086700439453125 -0.0406646728515625
0.0478134155273438 -0.005218505859375 0.0632247924804688 -0.0261001586914063
0.0410881042480469 -0.0136260986328125 0.0393943786621094 0.00159072875976562
0.0318946838378906 -0.0396308898925781 0.0462837219238281 0.0209541320800781
0.020172119140625 -0.0559844970703125 0.0635261535644531 0.038848876953125
0.0187454223632813 -0.05682373046875 0.0615158081054688 0.0546684265136719
0.016387939453125 -0.0679779052734375 0.0556106567382813 0.0732574462890625
0.0288009643554688 -0.0576210021972656 0.0186691284179688 0.08709716796875
0.0536422729492188 -0.0463752746582031 -0.00510406494140624 0.0739669799804688
0.0674629211425781 -0.0255851745605469 -0.0140380859375 0.0435600280761719
0.0783615112304688 0.0341949462890625 0.00103759765625001 0.0225410461425781
0.05523681640625 0.0666084289550781 0.0686569213867188 0.00836563110351563
0.020294189453125 0.0727157592773437 0.152877807617188 0.068359375
0.0508651733398438 -0.0703506469726563 -0.150146484375 -0.07403564453125
-0.0187034606933594 -0.0595588684082031 -0.0686531066894531 -0.0234603881835938
-0.0449981689453125 -0.0378036499023438 0.0189170837402344 -0.029693603515625
-0.0502128601074219 -0.00321578979492189 0.0379829406738281 -0.0624847412109375
-0.0397529602050781 0.00982284545898438 0.0274810791015625 -0.0926589965820313
-0.0341529846191406 0.0315303802490234 -0.0142059326171875 -0.108787536621094
-0.034820556640625 0.0341396331787109 -0.0598068237304687 -0.09765625
-0.0355033874511719 0.02606201171875 -0.0627822875976563 -0.0689582824707031
-0.0404510498046875 0.0278244018554688 -0.0618820190429688 -0.0452384948730469
-0.0429344177246094 0.00508880615234375 -0.0477180480957031 -0.0283393859863281
-0.0404243469238281 -0.0183830261230469 -0.0428733825683594 -0.00287628173828126
-0.0290603637695313 -0.0364952087402344 -0.0557441711425781 0.0141944885253906
-0.000255584716796876 -0.0573616027832031 -0.0792465209960938 0.0282135009765625
0.0241355895996094 -0.0676536560058594 -0.120735168457031 0.0557937622070312
0.059112548828125 -0.0617485046386719 -0.136367797851563 0.0529861450195312
0.107711791992188 -0.0548477172851562 -0.121444702148438 -0.0977554321289062
0.0346488952636719 -0.0537834167480469 -0.0458602905273438 -0.0451698303222656
0.00975418090820313 -0.046966552734375 0.0372467041015625 -0.0419464111328125
-0.0134677886962891 -0.02874755859375 0.0521621704101563 -0.0764007568359375
-0.0151958465576172 -0.0218734741210938 0.0398101806640625 -0.101097106933594
-0.0328197479248047 -0.00852203369140625 -0.00375366210937501 -0.119850158691406
-0.0507354736328125 -0.00434112548828126 -0.0480728149414063 -0.106239318847656
-0.0507087707519531 -0.00975799560546874 -0.0484848022460937 -0.072113037109375
-0.0639495849609375 -0.00861358642578126 -0.0478897094726563 -0.0483169555664063
-0.0585136413574219 -0.0319404602050781 -0.0355300903320313 -0.0254478454589844
-0.0401344299316406 -0.0615959167480469 -0.0312290191650391 -0.00044441223144531
-0.0124359130859375 -0.078521728515625 -0.0441741943359375 0.0111618041992187
0.0453720092773438 -0.0800094604492188 -0.0565071105957031 0.0224189758300781
0.07574462890625 -0.0806961059570312 -0.0911102294921875 0.0436477661132812
0.114982604980469 -0.059478759765625 -0.100296020507812 0.0429229736328125
0.150985717773437 -0.031982421875 -0.0742111206054688 -0.110610961914062
0.0870285034179688 -0.038360595703125 -0.00922393798828125 -0.0569190979003906
0.0699119567871094 -0.0510978698730469 0.0599746704101563 -0.0474891662597656
0.0303001403808594 -0.05584716796875 0.0669403076171875 -0.0847854614257813
0.0136642456054687 -0.0550079345703125 0.0493316650390625 -0.101394653320313
-0.0268020629882813 -0.0505638122558594 0.00511169433593751 -0.118278503417969
-0.0591011047363281 -0.0432052612304688 -0.031097412109375 -0.100334167480469
-0.0589866638183594 -0.0442237854003906 -0.0272979736328125 -0.0634727478027344
-0.0775985717773438 -0.0429916381835938 -0.0246963500976563 -0.0427589416503906
-0.0670166015625 -0.0622062683105469 -0.017451286315918 -0.0155315399169922
-0.0388336181640625 -0.0943984985351563 -0.0169486999511719 0.006256103515625
-0.00126647949218749 -0.109779357910156 -0.0319290161132813 0.0115203857421875
0.0782546997070313 -0.0974884033203125 -0.0358734130859375 0.0143661499023437
0.113052368164063 -0.0867691040039063 -0.0562591552734375 0.0244140625
0.152801513671875 -0.0504150390625 -0.0500602722167969 0.0322494506835938
0.172119140625 -0.005889892578125 -0.0146102905273437 -0.112625122070313
0.126869201660156 -0.019775390625 0.0361175537109375 -0.0615272521972656
0.121536254882812 -0.0526504516601563 0.08282470703125 -0.0488204956054688
0.06903076171875 -0.0805587768554688 0.079254150390625 -0.0832977294921875
0.0385360717773438 -0.0842514038085938 0.0555648803710937 -0.0903778076171875
-0.01861572265625 -0.0862579345703125 0.0149993896484375 -0.101043701171875
-0.0595779418945313 -0.0760726928710937 -0.00985717773437501 -0.080352783203125
-0.0577163696289062 -0.072296142578125 -0.00133514404296876 -0.0452423095703125
-0.0797500610351563 -0.0711822509765625 0.00257492065429687 -0.0294895172119141
-0.0637741088867188 -0.0831832885742188 0.00336909294128418 -0.00119996070861817
-0.0301361083984375 -0.113349914550781 -0.00160980224609375 0.0162572860717773
0.0109786987304687 -0.12567138671875 -0.0208644866943359 0.0123157501220703
0.100631713867188 -0.100440979003906 -0.0201168060302734 0.00595855712890625
0.135643005371094 -0.0789718627929688 -0.0212440490722656 0.0013427734375
0.1690673828125 -0.0324859619140625 0.00758361816406251 0.0223426818847656
0.166336059570313 0.0157623291015625 0.0461807250976563 -0.106971740722656
0.141891479492187 -0.001678466796875 0.082794189453125 -0.063690185546875
0.147369384765625 -0.0468902587890625 0.0998077392578125 -0.04803466796875
0.0916213989257812 -0.0918121337890625 0.085113525390625 -0.0735244750976563
0.0533065795898437 -0.099334716796875 0.0576400756835938 -0.0677566528320313
-0.0107040405273437 -0.105438232421875 0.025634765625 -0.0715255737304688
-0.0518341064453125 -0.0952072143554688 0.0141105651855469 -0.0504608154296875
-0.0484771728515625 -0.0886611938476563 0.0239639282226562 -0.0211315155029297
-0.0680465698242188 -0.0893402099609375 0.0285015106201172 -0.00940895080566407
-0.0474395751953125 -0.0939788818359375 0.0212917327880859 0.0178012847900391
-0.00959014892578126 -0.117744445800781 0.010040283203125 0.0277042388916016
0.0304641723632813 -0.121627807617188 -0.0114469528198242 0.0153665542602539
0.115547180175781 -0.0826416015625 -0.0075383186340332 -0.0018453598022461
0.142074584960938 -0.05206298828125 0.0117835998535156 -0.0196666717529297
0.162918090820312 -0.004913330078125 0.0650863647460938 0.0168380737304688
0.132408142089844 0.0334625244140625 0.100112915039063 -0.0973739624023438
0.127159118652344 0.016571044921875 0.121292114257813 -0.0649795532226563
0.140304565429688 -0.0302047729492188 0.107078552246094 -0.0473861694335938
0.093719482421875 -0.0823516845703125 0.0836639404296875 -0.0581283569335938
0.0570602416992188 -0.0909347534179688 0.0558738708496094 -0.0410194396972656
-0.0015869140625 -0.10382080078125 0.0365371704101563 -0.0357933044433594
-0.0365142822265625 -0.0979766845703125 0.0389328002929688 -0.0175590515136719
-0.0314559936523438 -0.0923995971679687 0.0463180541992188 0.00587081909179687
-0.045654296875 -0.0969772338867188 0.0479888916015625 0.0164031982421875
-0.0219345092773438 -0.0947799682617188 0.0307464599609375 0.0403556823730469
0.017547607421875 -0.106552124023438 0.0131797790527344 0.0419158935546875
0.05291748046875 -0.0999755859375 -0.00710105895996093 0.0204219818115234
0.121696472167969 -0.0462875366210938 0.00150799751281739 -0.00383853912353516
0.132911682128906 -0.0105819702148437 0.041351318359375 -0.0284881591796875
0.134429931640625 0.02825927734375 0.113525390625 0.0211181640625
0.0772476196289063 0.0459365844726563 0.134696960449219 -0.0863800048828125
0.0881500244140625 0.0324935913085937 0.142990112304688 -0.0654754638671875
0.106063842773438 -0.00553131103515625 0.101226806640625 -0.0466232299804688
0.0767974853515625 -0.0519027709960937 0.0756607055664063 -0.0416336059570313
0.0516929626464844 -0.0617141723632813 0.0506553649902344 -0.0153121948242188
0.0114974975585938 -0.0814971923828125 0.0453033447265625 -0.00314712524414063
-0.01373291015625 -0.0849380493164062 0.0578498840332031 0.0129432678222656
-0.00993347167968751 -0.0817413330078125 0.0615310668945312 0.0314445495605469
-0.017547607421875 -0.0901565551757813 0.0588226318359375 0.0449142456054687
0.00479888916015625 -0.083160400390625 0.0297813415527344 0.0650520324707031
0.0413360595703125 -0.0829238891601563 0.00744628906250001 0.0583381652832031
0.0688667297363281 -0.0670127868652344 -0.00794792175292969 0.0299301147460937
0.112335205078125 -0.00431060791015625 0.00556039810180665 0.00324535369873047
0.106285095214844 0.0332870483398438 0.0628585815429688 -0.0198936462402344
0.0869598388671875 0.0569229125976563 0.14727783203125 0.0372772216796875
0.0111885070800781 0.0547370910644531 0.14593505859375 -0.075225830078125
0.0353012084960938 0.0477828979492188 0.144073486328125 -0.06329345703125
0.0558853149414063 0.0243301391601563 0.08612060546875 -0.0443801879882813
0.0503807067871094 -0.00983810424804688 0.0641059875488281 -0.0273780822753906
0.0424423217773438 -0.0183792114257813 0.0425033569335938 0.00156784057617187
0.02850341796875 -0.0446701049804688 0.0495681762695313 0.0192718505859375
0.0145492553710937 -0.0594444274902344 0.0680580139160156 0.0356712341308594
0.0134048461914063 -0.0598564147949219 0.0663642883300781 0.0525321960449219
0.00997924804687501 -0.070892333984375 0.0589675903320313 0.0721359252929688
0.0234260559082031 -0.0614776611328125 0.0212860107421875 0.0887298583984375
0.0506172180175781 -0.0529060363769531 -0.00444793701171875 0.0747604370117188
0.067779541015625 -0.0326423645019531 -0.0147285461425781 0.0437278747558594
0.0854721069335938 0.0285720825195313 0.00193023681640626 0.019775390625
0.0632858276367188 0.0644645690917969 0.0707778930664063 0.001983642578125
0.0276565551757813 0.0744705200195313 0.1595458984375 0.062591552734375
0.0452041625976562 -0.0776138305664063 -0.159805297851563 -0.06475830078125
-0.0255584716796875 -0.0584030151367188 -0.0720291137695312 -0.0166473388671875
-0.0515785217285156 -0.0334510803222656 0.0186138153076172 -0.0307941436767578
-0.0517463684082031 0.00362777709960938 0.0362434387207031 -0.0652046203613281
-0.039031982421875 0.0153617858886719 0.0232772827148438 -0.096160888671875
-0.0297088623046875 0.0357475280761719 -0.0202713012695313 -0.111091613769531
-0.0303535461425781 0.0380020141601562 -0.06854248046875 -0.0957870483398438
-0.0323047637939453 0.0290317535400391 -0.0707855224609375 -0.0664291381835937
-0.0359878540039063 0.0312919616699219 -0.0686111450195313 -0.0414772033691406
-0.0413703918457031 0.009490966796875 -0.0524787902832031 -0.0268402099609375
-0.0420303344726563 -0.0129547119140625 -0.0459671020507812 -0.00172805786132812
-0.0337066650390625 -0.0327587127685547 -0.0578727722167969 0.0163154602050781
-0.00818252563476563 -0.0582046508789063 -0.0795974731445313 0.0327987670898438
0.016021728515625 -0.0719223022460938 -0.120643615722656 0.0661697387695312
0.0537185668945313 -0.0704345703125 -0.137405395507813 0.066986083984375
0.105850219726563 -0.0660476684570313 -0.132614135742188 -0.0909576416015625
0.0301551818847656 -0.0570030212402344 -0.0512046813964844 -0.0398063659667969
0.00433731079101562 -0.0469169616699219 0.0363502502441406 -0.0438308715820313
-0.0167427062988281 -0.0264320373535156 0.0492935180664062 -0.0807342529296875
-0.0165958404541016 -0.0191936492919922 0.0347213745117187 -0.106338500976563
-0.032379150390625 -0.00523376464843749 -0.0113906860351562 -0.1231689453125
-0.0501060485839844 0.000427246093750007 -0.0575942993164063 -0.104812622070313
-0.0515632629394531 -0.00597763061523437 -0.0562362670898438 -0.0697822570800781
-0.0637474060058594 -0.00400924682617186 -0.0545539855957031 -0.0451927185058594
-0.0598640441894531 -0.0271339416503906 -0.0407791137695313 -0.0246925354003906
-0.0447311401367187 -0.0576858520507813 -0.0349483489990234 -0.000293731689453126
-0.0193939208984375 -0.0770187377929688 -0.0464935302734375 0.0118637084960937
0.0376052856445312 -0.0857086181640625 -0.057342529296875 0.0242424011230469
0.0680389404296875 -0.0898590087890625 -0.0916061401367188 0.0509872436523438
0.112030029296875 -0.0718612670898437 -0.102020263671875 0.053619384765625
0.1524658203125 -0.0448760986328125 -0.0861740112304687 -0.108146667480469
0.0858688354492188 -0.04571533203125 -0.0154800415039062 -0.0547904968261719
0.0662803649902344 -0.0572013854980469 0.0592155456542969 -0.0510902404785156
0.0259933471679687 -0.0580253601074219 0.0644454956054688 -0.0899200439453125
0.0103340148925781 -0.0566215515136719 0.0445175170898438 -0.108070373535156
-0.0297470092773437 -0.0488929748535156 -0.00286102294921874 -0.121719360351563
-0.0621070861816406 -0.0389289855957031 -0.0403289794921875 -0.100173950195313
-0.0629310607910156 -0.0406417846679687 -0.0333900451660156 -0.062713623046875
-0.08172607421875 -0.0376205444335938 -0.0306396484375 -0.0409011840820313
-0.0718536376953125 -0.0568923950195312 -0.0220603942871094 -0.0153560638427734
-0.0462646484375 -0.0923614501953125 -0.0205802917480469 0.00635147094726562
-0.0103607177734375 -0.110954284667969 -0.0348930358886719 0.0115852355957031
0.0712127685546875 -0.10626220703125 -0.0379104614257812 0.0139617919921875
0.1065673828125 -0.0992202758789062 -0.0580329895019531 0.0283660888671875
0.153152465820313 -0.0653533935546875 -0.051177978515625 0.0388717651367187
0.177490234375 -0.019927978515625 -0.0251083374023437 -0.114753723144531
0.128578186035156 -0.0298919677734375 0.0307998657226563 -0.0629386901855469
0.120628356933594 -0.0635299682617188 0.08245849609375 -0.0531768798828125
0.0646820068359375 -0.0867233276367188 0.077117919921875 -0.0892715454101563
0.0335235595703125 -0.0896148681640625 0.0518035888671875 -0.09661865234375
-0.0252227783203125 -0.0863265991210937 0.00739288330078124 -0.104881286621094
-0.0663528442382812 -0.0719451904296875 -0.01715087890625 -0.0810928344726563
-0.0650062561035156 -0.0696258544921875 -0.00562286376953125 -0.0464210510253906
-0.0865249633789063 -0.06597900390625 -0.00271797180175782 -0.0293102264404297
-0.0707550048828125 -0.0790939331054688 -0.000145673751831059 -0.00161767005920411
-0.0391998291015625 -0.112442016601563 -0.00430583953857422 0.0153951644897461
0.000846862792968764 -0.128562927246094 -0.0233783721923828 0.0120296478271484
0.094940185546875 -0.111679077148438 -0.02276611328125 0.00345230102539062
0.131126403808594 -0.0929031372070313 -0.0244235992431641 0.00150299072265624
0.171600341796875 -0.0480804443359375 0.00751876831054689 0.0236225128173828
0.173324584960938 0.003997802734375 0.0382537841796875 -0.114631652832031
0.145721435546875 -0.01171875 0.078155517578125 -0.0690765380859375
0.149276733398438 -0.0603485107421875 0.0994415283203125 -0.0539016723632813
0.0875167846679688 -0.101264953613281 0.0835037231445313 -0.0795516967773438
0.0475540161132813 -0.107078552246094 0.0558319091796875 -0.0737686157226563
-0.0196762084960938 -0.107315063476563 0.0203323364257813 -0.0750656127929688
-0.061767578125 -0.0922622680664063 0.0097808837890625 -0.0527687072753906
-0.0575942993164063 -0.0875320434570313 0.0225124359130859 -0.0234909057617188
-0.0775375366210937 -0.0855484008789063 0.0256023406982422 -0.0105304718017578
-0.0556869506835937 -0.0919342041015625 0.0190849304199219 0.0168704986572266
-0.0190963745117188 -0.119491577148438 0.00793075561523437 0.0268592834472656
0.020660400390625 -0.127166748046875 -0.0143280029296875 0.0140199661254883
0.113021850585938 -0.0954055786132813 -0.0101346969604492 -0.00510501861572266
0.141571044921875 -0.0655670166015625 0.00793647766113282 -0.0221328735351563
0.169113159179687 -0.0177154541015625 0.0663986206054688 0.0135421752929687
0.140029907226563 0.0244827270507813 0.0941848754882813 -0.108650207519531
0.132423400878906 0.008056640625 0.118057250976563 -0.0748138427734375
0.1441650390625 -0.0423126220703125 0.10699462890625 -0.0539627075195313
0.090118408203125 -0.091766357421875 0.0836334228515625 -0.0640792846679688
0.0521621704101562 -0.0996780395507813 0.0562210083007812 -0.0456390380859375
-0.0103607177734375 -0.10662841796875 0.0348930358886719 -0.0396575927734375
-0.047210693359375 -0.0968551635742188 0.0373764038085938 -0.0211219787597656
-0.0408401489257812 -0.0924835205078125 0.0474624633789063 0.00248336791992187
-0.0560531616210938 -0.0948486328125 0.0478591918945313 0.0142478942871094
-0.0303726196289063 -0.0944061279296875 0.0308380126953125 0.0402336120605469
0.00914764404296876 -0.110786437988281 0.0123138427734375 0.0411720275878906
0.0460662841796875 -0.107376098632813 -0.00927543640136719 0.0194568634033203
0.123252868652344 -0.0581817626953125 -0.000971317291259758 -0.00775003433227539
0.136528015136719 -0.0223236083984375 0.0380134582519531 -0.0337753295898438
0.142471313476563 0.018890380859375 0.116531372070313 0.0138702392578125
0.0848922729492188 0.0418930053710938 0.131126403808594 -0.101409912109375
0.0944366455078125 0.027587890625 0.140449523925781 -0.0776443481445313
0.111274719238281 -0.0149154663085938 0.101173400878906 -0.0531082153320313
0.0760726928710938 -0.0607681274414062 0.0764389038085938 -0.0468826293945313
0.0486259460449219 -0.0698013305664063 0.0524024963378906 -0.0192604064941406
0.00396728515625001 -0.085601806640625 0.0468559265136719 -0.00661087036132813
-0.0229110717773437 -0.0857009887695313 0.0607757568359375 0.00862503051757812
-0.0184097290039062 -0.0835494995117188 0.0655288696289063 0.0275039672851562
-0.0269927978515625 -0.0909271240234375 0.0617027282714844 0.042327880859375
-0.002960205078125 -0.0860137939453125 0.0324783325195313 0.0659446716308594
0.0349960327148438 -0.0893325805664063 0.00761795043945313 0.0589561462402344
0.0651397705078125 -0.0754013061523438 -0.00864791870117187 0.0298309326171875
0.117706298828125 -0.0144424438476563 0.00458335876464844 0.000267028808593749
0.113471984863281 0.0253143310546875 0.0615425109863281 -0.0272254943847656
0.0965423583984375 0.0531768798828125 0.152297973632813 0.028076171875
0.0180816650390625 0.0564002990722656 0.1444091796875 -0.091461181640625
0.0428733825683594 0.04681396484375 0.142486572265625 -0.07647705078125
0.0629425048828125 0.0198020935058594 0.0852432250976563 -0.0493392944335938
0.0522079467773438 -0.0165519714355469 0.0654411315917969 -0.0309028625488281
0.0425338745117187 -0.0250434875488281 0.0457916259765625 -0.000778198242187502
0.0235862731933594 -0.049591064453125 0.0534400939941406 0.0161857604980469
0.00725936889648437 -0.0624732971191406 0.0729827880859375 0.030609130859375
0.007080078125 -0.0627784729003906 0.0728836059570313 0.0484771728515625
0.00202178955078125 -0.07330322265625 0.0647964477539063 0.0702972412109375
0.0171356201171875 -0.0655670166015625 0.0261383056640625 0.090789794921875
0.0464973449707031 -0.0599136352539063 -0.00231170654296875 0.0768280029296875
0.0665931701660156 -0.0413856506347656 -0.0138473510742187 0.0443153381347656
0.0925445556640625 0.0211410522460938 0.00317096710205079 0.0167751312255859
0.0729446411132813 0.0606765747070313 0.0717010498046875 -0.005035400390625
0.0364303588867187 0.074920654296875 0.16802978515625 0.0530548095703125
0.0361328125 -0.0838165283203125 -0.167617797851563 -0.050567626953125
-0.0326194763183594 -0.05560302734375 -0.073638916015625 -0.00786590576171874
-0.0569648742675781 -0.0264472961425781 0.0168094635009766 -0.0308628082275391
-0.0518836975097656 0.0110969543457031 0.0326347351074219 -0.0675086975097656
-0.03668212890625 0.0211410522460938 0.0170516967773438 -0.0984954833984375
-0.0235404968261719 0.0387763977050781 -0.0285873413085937 -0.1107177734375
-0.0237083435058594 0.041107177734375 -0.077178955078125 -0.0899810791015625
-0.0279159545898438 0.0322189331054687 -0.0772628784179687 -0.0599365234375
-0.030670166015625 0.0344867706298828 -0.0738983154296875 -0.0343170166015625
-0.0380172729492188 0.0139656066894531 -0.0572395324707031 -0.0231132507324219
-0.0421905517578125 -0.00684356689453125 -0.0485877990722656 0.000469207763671881
-0.0379447937011719 -0.0275459289550781 -0.0583343505859375 0.0200729370117187
-0.0169258117675781 -0.0566864013671875 -0.0781631469726563 0.0385055541992187
0.00539398193359376 -0.0742950439453125 -0.115638732910156 0.07757568359375
0.0454483032226563 -0.0775146484375 -0.13330078125 0.0826187133789063
0.0987701416015625 -0.077880859375 -0.1429443359375 -0.0800933837890625
0.023468017578125 -0.0596923828125 -0.055633544921875 -0.0321083068847656
-0.00191116333007812 -0.0464706420898438 0.0334625244140625 -0.0458641052246094
-0.0194511413574219 -0.0224533081054687 0.0441818237304687 -0.084228515625
-0.0172233581542969 -0.016322135925293 0.0268630981445313 -0.109687805175781
-0.0303993225097656 -0.0017242431640625 -0.0213394165039063 -0.123130798339844
-0.0483322143554688 0.00567245483398437 -0.0676651000976563 -0.100227355957031
-0.0509262084960938 -0.000854492187499993 -0.0638198852539062 -0.0651931762695313
-0.062255859375 0.00222015380859376 -0.0608634948730469 -0.03955078125
-0.0605964660644531 -0.0207252502441406 -0.046295166015625 -0.0218353271484375
-0.0492630004882813 -0.0514640808105469 -0.0379371643066406 0.00141525268554687
-0.0275802612304687 -0.0738906860351563 -0.0483436584472656 0.0141563415527344
0.027130126953125 -0.0890655517578125 -0.0574607849121094 0.0266342163085937
0.0560455322265625 -0.09710693359375 -0.0886154174804688 0.0599441528320312
0.105049133300781 -0.0848464965820313 -0.09930419921875 0.0664291381835937
0.149093627929688 -0.06060791015625 -0.0981979370117187 -0.101486206054688
0.0813217163085938 -0.0531005859375 -0.0215835571289062 -0.0503463745117188
0.0603141784667969 -0.0634307861328125 0.0566444396972656 -0.0550117492675781
0.0201263427734375 -0.0589103698730469 0.058807373046875 -0.0956573486328125
0.00593185424804687 -0.0576019287109375 0.0366134643554687 -0.112091064453125
-0.0323410034179688 -0.04547119140625 -0.0135574340820312 -0.122314453125
-0.064727783203125 -0.032684326171875 -0.050445556640625 -0.0965957641601562
-0.0665321350097656 -0.0347404479980469 -0.0408821105957031 -0.0598564147949219
-0.0845489501953125 -0.0297012329101563 -0.0371627807617188 -0.0372886657714844
-0.075653076171875 -0.0499649047851563 -0.0267581939697266 -0.0134944915771484
-0.054351806640625 -0.0866470336914063 -0.02392578125 0.00710868835449218
-0.02105712890625 -0.109474182128906 -0.0372581481933594 0.0122604370117187
0.0591049194335938 -0.113334655761719 -0.0394248962402344 0.0145950317382812
0.0952529907226563 -0.110191345214844 -0.0578536987304687 0.0336456298828125
0.147689819335937 -0.081817626953125 -0.050048828125 0.0458946228027344
0.177383422851563 -0.036895751953125 -0.0384368896484375 -0.113914489746094
0.126266479492188 -0.0412368774414063 0.0236320495605469 -0.0636558532714844
0.115219116210938 -0.0758514404296875 0.08038330078125 -0.059112548828125
0.05615234375 -0.0923843383789063 0.07135009765625 -0.0963516235351563
0.025787353515625 -0.0938949584960937 0.0448226928710938 -0.101699829101563
-0.0326614379882813 -0.0838394165039063 -0.00199127197265626 -0.105766296386719
-0.0733108520507812 -0.0651397705078125 -0.0253219604492188 -0.0794677734375
-0.0721588134765625 -0.0634536743164063 -0.0108146667480469 -0.0457077026367188
-0.0927963256835938 -0.0572357177734375 -0.00725936889648438 -0.0276832580566406
-0.0774383544921875 -0.07196044921875 -0.00394511222839356 -0.000807285308837896
-0.0498733520507813 -0.109054565429688 -0.00713253021240235 0.0152864456176758
-0.0113601684570312 -0.128555297851562 -0.0263576507568359 0.0116729736328125
0.08392333984375 -0.122367858886719 -0.0257205963134766 0.00246620178222655
0.121063232421875 -0.10650634765625 -0.0261440277099609 0.00343132019042969
0.169662475585938 -0.0653839111328125 0.00760269165039064 0.0245838165283203
0.176010131835938 -0.0124664306640625 0.0259780883789063 -0.120132446289063
0.14666748046875 -0.0247344970703125 0.0709991455078125 -0.07464599609375
0.144729614257813 -0.0760498046875 0.097320556640625 -0.0607986450195313
0.0780181884765625 -0.109542846679688 0.0790252685546875 -0.087066650390625
0.0381088256835937 -0.113037109375 0.0509262084960938 -0.0798797607421875
-0.030120849609375 -0.105842590332031 0.0134735107421875 -0.0770111083984375
-0.0716934204101563 -0.0860748291015625 0.00444793701171875 -0.0531997680664063
-0.0664520263671875 -0.0822525024414062 0.0201644897460937 -0.0251502990722656
-0.0865631103515625 -0.0777130126953125 0.0223369598388672 -0.0114402770996094
-0.0642318725585938 -0.086212158203125 0.017247200012207 0.0162477493286133
-0.030975341796875 -0.117561340332031 0.00600814819335937 0.026275634765625
0.00851440429687499 -0.130134582519531 -0.0169973373413086 0.0136938095092773
0.104965209960937 -0.107704162597656 -0.0136299133300781 -0.00744056701660157
0.135581970214844 -0.0804977416992188 0.00373268127441407 -0.0240268707275391
0.169601440429688 -0.0347137451171875 0.0664787292480469 0.00886154174804687
0.144927978515625 0.0120391845703125 0.0832443237304688 -0.120635986328125
0.135643005371094 -0.00362396240234375 0.110336303710938 -0.0847320556640625
0.142807006835938 -0.0579071044921875 0.104484558105469 -0.0624008178710937
0.0825576782226563 -0.101058959960938 0.080108642578125 -0.0705337524414063
0.0431976318359375 -0.106796264648438 0.05364990234375 -0.0506439208984375
-0.0211639404296875 -0.105941772460938 0.03167724609375 -0.0420761108398438
-0.0580368041992188 -0.0922393798828125 0.0357208251953125 -0.0245208740234375
-0.050994873046875 -0.0886154174804688 0.0481758117675781 -0.00195693969726563
-0.0670013427734375 -0.08892822265625 0.0477142333984375 0.0109176635742187
-0.0403671264648438 -0.091400146484375 0.0315055847167969 0.0385322570800781
-0.00249481201171875 -0.112380981445313 0.0126991271972656 0.0408287048339844
0.0358200073242187 -0.113021850585937 -0.0108146667480469 0.0189075469970703
0.119056701660156 -0.0721054077148438 -0.00421619415283202 -0.0106029510498047
0.136161804199219 -0.0360336303710938 0.0331153869628906 -0.0390167236328125
0.1478271484375 0.0045166015625 0.117645263671875 0.00408935546875
0.0914840698242188 0.0352859497070313 0.121337890625 -0.116615295410156
0.0998764038085938 0.0200119018554688 0.133705139160156 -0.0905914306640625
0.113471984863281 -0.026885986328125 0.0980453491210938 -0.0604171752929687
0.0716552734375 -0.0695266723632813 0.0742721557617188 -0.0530319213867188
0.0427093505859375 -0.0770721435546875 0.05303955078125 -0.0238685607910156
-0.0052490234375 -0.0861434936523438 0.0471572875976562 -0.0108909606933594
-0.0342636108398438 -0.08319091796875 0.0614967346191406 0.00274658203125
-0.0279388427734375 -0.0819015502929688 0.06829833984375 0.0215682983398437
-0.0384445190429687 -0.0876312255859375 0.0641860961914063 0.037841796875
-0.0126876831054687 -0.085662841796875 0.0357131958007812 0.0647926330566406
0.024383544921875 -0.0944137573242188 0.0101127624511719 0.0587272644042969
0.0580215454101563 -0.0842742919921875 -0.00963401794433593 0.0293331146240234
0.118698120117188 -0.0273895263671875 0.00280237197875977 -0.00384664535522461
0.118392944335938 0.0135345458984375 0.0576133728027344 -0.0352668762207031
0.104804992675781 0.044586181640625 0.155609130859375 0.0146484375
0.0257797241210938 0.0559463500976563 0.1358642578125 -0.107215881347656
0.0496673583984375 0.0436172485351563 0.135894775390625 -0.0910186767578125
0.0678329467773437 0.0124473571777344 0.082427978515625 -0.0550079345703125
0.0517349243164062 -0.0234527587890625 0.0649375915527344 -0.0356559753417969
0.0398368835449219 -0.0315475463867188 0.048248291015625 -0.00390625
0.0170440673828125 -0.0527687072753906 0.0564918518066406 0.0109138488769531
-0.00144958496093749 -0.0632781982421875 0.0764541625976563 0.0234603881835938
-0.0015716552734375 -0.0638008117675781 0.0780410766601562 0.0418472290039062
-0.0075836181640625 -0.0728836059570313 0.0709381103515625 0.0649261474609375
0.00910568237304688 -0.0672111511230469 0.0321731567382813 0.0900497436523438
0.0394515991210938 -0.0659751892089844 0.00222015380859375 0.0775833129882813
0.06231689453125 -0.049346923828125 -0.0128173828125 0.0444107055664063
0.0980224609375 0.0109939575195312 0.0034170150756836 0.0140132904052734
0.0808944702148438 0.0536956787109375 0.0709915161132813 -0.0135269165039062
0.0469970703125 0.0723419189453125 0.173690795898438 0.0379180908203125
0.0250396728515625 -0.0855026245117188 -0.168411254882812 -0.0344390869140625
-0.0381736755371094 -0.0508689880371094 -0.0715408325195313 0.00145721435546873
-0.0596885681152344 -0.0178184509277344 0.0140609741210938 -0.0302906036376953
-0.0493011474609375 0.0181770324707031 0.0279693603515625 -0.0674400329589844
-0.0321846008300781 0.0260028839111328 0.0093994140625 -0.0971527099609375
-0.0166168212890625 0.040191650390625 -0.0357818603515625 -0.106452941894531
-0.0172080993652344 0.04156494140625 -0.0828933715820312 -0.0807037353515625
-0.0229053497314453 0.0335044860839844 -0.08135986328125 -0.0515213012695313
-0.0252170562744141 0.0350704193115234 -0.0761337280273438 -0.0264129638671875
-0.0333747863769531 0.0166187286376953 -0.0600509643554688 -0.0183296203613281
-0.0397377014160156 -0.00128936767578126 -0.0492057800292969 0.00369262695312499
-0.0400276184082031 -0.0213127136230469 -0.0569343566894531 0.0231857299804687
-0.0246353149414063 -0.0520095825195313 -0.0741424560546875 0.0429840087890625
-0.00433349609375 -0.0723953247070313 -0.10577392578125 0.0859298706054688
0.034759521484375 -0.0809249877929688 -0.122879028320312 0.095123291015625
0.0873336791992188 -0.0857391357421875 -0.147689819335938 -0.0647430419921875
0.0166816711425781 -0.0597457885742188 -0.0565338134765625 -0.0237998962402344
-0.00772857666015625 -0.0443000793457031 0.0294303894042969 -0.04644775390625
-0.0207386016845703 -0.0173873901367188 0.0371627807617187 -0.0855255126953125
-0.0175352096557617 -0.0128622055053711 0.01861572265625 -0.108924865722656
-0.0269088745117188 0.00101661682128907 -0.0308303833007812 -0.118782043457031
-0.0439872741699219 0.0101737976074219 -0.0752944946289063 -0.0909881591796875
-0.0484504699707031 0.00344085693359376 -0.0685615539550781 -0.0571060180664062
-0.0587234497070313 0.00718307495117188 -0.0644111633300781 -0.0323448181152344
-0.0584068298339844 -0.0145034790039063 -0.0495147705078125 -0.0173492431640625
-0.0511245727539062 -0.0439910888671875 -0.0396881103515625 0.00348281860351562
-0.0336494445800781 -0.067047119140625 -0.0483169555664062 0.0164108276367188
0.0158615112304687 -0.087890625 -0.0553703308105469 0.0294151306152344
0.0429763793945312 -0.0989456176757813 -0.08135986328125 0.0662841796875
0.0928421020507813 -0.09368896484375 -0.0917816162109375 0.0753555297851563
0.139060974121094 -0.0735702514648438 -0.106605529785156 -0.0898971557617188
0.0736846923828125 -0.0589218139648438 -0.0260047912597656 -0.0442466735839844
0.0516548156738281 -0.0665855407714844 0.0513763427734375 -0.0567550659179688
0.0141868591308594 -0.0575942993164063 0.0501251220703125 -0.0970916748046875
0.000690460205078126 -0.0556411743164063 0.0273818969726563 -0.112617492675781
-0.0337486267089844 -0.0414581298828125 -0.02362060546875 -0.117706298828125
-0.0642471313476563 -0.0252685546875 -0.058135986328125 -0.0887527465820313
-0.0668067932128906 -0.0274314880371094 -0.0457038879394531 -0.0544662475585938
-0.0838241577148437 -0.0207748413085938 -0.04150390625 -0.0319175720214844
-0.07647705078125 -0.0412368774414063 -0.0304660797119141 -0.0106449127197266
-0.0593948364257813 -0.0783157348632813 -0.0256156921386719 0.00891876220703124
-0.0306320190429688 -0.102401733398438 -0.0387687683105469 0.0137977600097656
0.045379638671875 -0.115646362304688 -0.0398368835449219 0.0150527954101562
0.0795059204101563 -0.115303039550781 -0.0543632507324219 0.0374374389648438
0.135528564453125 -0.0943984985351563 -0.0457572937011719 0.0508842468261719
0.169692993164063 -0.053741455078125 -0.0493545532226562 -0.108833312988281
0.118881225585938 -0.0509796142578125 0.0159225463867188 -0.0604438781738281
0.105003356933594 -0.084228515625 0.074615478515625 -0.0626983642578125
0.0462722778320313 -0.0938873291015625 0.0630645751953125 -0.0985641479492187
0.0164794921875 -0.0936508178710938 0.035369873046875 -0.103424072265625
-0.0383224487304687 -0.0783157348632813 -0.011199951171875 -0.102890014648438
-0.0762100219726562 -0.0556716918945313 -0.0331192016601563 -0.0742340087890625
-0.0754318237304688 -0.0551528930664062 -0.0153846740722656 -0.0431098937988281
-0.095245361328125 -0.0462646484375 -0.0114402770996094 -0.0248641967773438
-0.080902099609375 -0.0623092651367188 -0.00645732879638672 -3.33786010742672E-06
-0.0578460693359375 -0.1005859375 -0.00916099548339844 0.0157852172851562
-0.0233612060546875 -0.122703552246094 -0.0288047790527344 0.012979507446289
0.0694808959960938 -0.126991271972656 -0.0278530120849609 0.00149917602539061
0.10601806640625 -0.114639282226563 -0.02728271484375 0.00498390197753906
0.160018920898438 -0.0807037353515625 0.00882148742675782 0.0249958038330078
0.171340942382813 -0.028778076171875 0.0122146606445313 -0.119949340820313
0.140975952148438 -0.0366363525390625 0.0606842041015625 -0.0761260986328125
0.134895324707031 -0.0875930786132812 0.0911941528320313 -0.0662078857421875
0.0665130615234375 -0.113311767578125 0.0714263916015625 -0.0906829833984375
0.0270919799804688 -0.114021301269531 0.0440750122070313 -0.0820159912109375
-0.038543701171875 -0.099517822265625 0.00617218017578125 -0.0755081176757813
-0.0774307250976563 -0.0760726928710937 -0.000438690185546884 -0.0517807006835938
-0.0729827880859375 -0.0731658935546875 0.0167770385742187 -0.0259761810302734
-0.0913772583007813 -0.0669937133789063 0.0191154479980469 -0.0121879577636719
-0.0698165893554687 -0.0767059326171875 0.0158090591430664 0.0158147811889648
-0.040740966796875 -0.111373901367187 0.00485801696777343 0.0254096984863281
-0.00403594970703126 -0.127021789550781 -0.0195560455322266 0.0138435363769531
0.09222412109375 -0.114959716796875 -0.0178184509277344 -0.00890159606933595
0.123634338378906 -0.0908432006835938 -0.000305175781249993 -0.0250415802001953
0.163421630859375 -0.050445556640625 0.0636100769042969 0.00384521484375
0.144378662109375 -0.001678466796875 0.068267822265625 -0.125511169433594
0.133712768554688 -0.0145263671875 0.0985641479492188 -0.0895614624023438
0.13531494140625 -0.0706253051757813 0.0977020263671875 -0.067626953125
0.0712814331054688 -0.106559753417969 0.0733413696289063 -0.075103759765625
0.0319900512695312 -0.109184265136719 0.0491752624511719 -0.0541496276855469
-0.0307159423828125 -0.101409912109375 0.0269241333007813 -0.0435256958007813
-0.0661163330078125 -0.082611083984375 0.0321102142333984 -0.0261993408203125
-0.05877685546875 -0.081390380859375 0.0459136962890625 -0.00629806518554688
-0.0737686157226563 -0.0788040161132813 0.0451698303222656 0.00703811645507812
-0.0479507446289062 -0.084503173828125 0.0314559936523438 0.0362548828125
-0.0133514404296875 -0.109878540039063 0.0122604370117187 0.0393905639648437
0.0237274169921875 -0.114128112792969 -0.0129451751708984 0.0179290771484375
0.109832763671875 -0.0832061767578125 -0.00819301605224609 -0.0131206512451172
0.129692077636719 -0.0484161376953125 0.0264244079589844 -0.0415420532226562
0.145965576171875 -0.009521484375 0.11395263671875 -0.00543975830078125
0.0945053100585938 0.0268936157226563 0.106407165527344 -0.125007629394531
0.100723266601563 0.0112838745117188 0.120567321777344 -0.0988235473632813
0.11065673828125 -0.0377197265625 0.091796875 -0.0660781860351563
0.063385009765625 -0.0750656127929688 0.0694313049316406 -0.0564956665039063
0.0335006713867188 -0.0806655883789063 0.0508804321289063 -0.0275001525878906
-0.0149688720703125 -0.0833816528320313 0.0449066162109375 -0.0146102905273438
-0.0427017211914063 -0.0762557983398438 0.0600624084472656 -0.00282669067382813
-0.0363922119140625 -0.0768203735351562 0.0681114196777344 0.01416015625
-0.0466232299804688 -0.08099365234375 0.06475830078125 0.0320014953613281
-0.0214920043945313 -0.0815277099609375 0.0386734008789063 0.0612945556640625
0.0142898559570313 -0.094390869140625 0.0113792419433594 0.0574111938476562
0.0480117797851562 -0.0876312255859375 -0.0103130340576172 0.0282707214355469
0.114395141601563 -0.0401611328125 -0.000364780426025384 -0.00685977935791016
0.117149353027344 0.00162506103515625 0.0511360168457031 -0.0402297973632813
0.108360290527344 0.0329132080078125 0.15234375 0.001190185546875
0.0318603515625 0.0527458190917969 0.121528625488281 -0.118232727050781
0.0550956726074219 0.0379753112792969 0.123077392578125 -0.100433349609375
0.0702400207519531 0.00402069091796875 0.0766677856445313 -0.0587005615234375
0.0487518310546875 -0.0299835205078125 0.06170654296875 -0.0390815734863281
0.0351486206054688 -0.036346435546875 0.0484161376953125 -0.00725936889648438
0.00973129272460937 -0.0530433654785156 0.0572891235351563 0.00600814819335937
-0.0101165771484375 -0.0603485107421875 0.0772857666015625 0.0152053833007812
-0.00910186767578125 -0.0612258911132812 0.0795516967773437 0.03302001953125
-0.0163383483886719 -0.0697250366210938 0.07415771484375 0.0573577880859375
0.000328063964843747 -0.065185546875 0.0384368896484375 0.0862808227539063
0.030120849609375 -0.0681343078613281 0.005767822265625 0.076385498046875
0.0555152893066406 -0.0554885864257812 -0.0112342834472656 0.0437202453613281
0.097686767578125 -0.00022125244140625 0.00234985351562501 0.0105533599853516
0.086029052734375 0.0442581176757813 0.0661392211914063 -0.0213088989257812
0.0544090270996094 0.0661544799804688 0.172622680664063 0.0218353271484375
0.0161666870117188 -0.0841064453125 -0.16290283203125 -0.0224609375
-0.0408287048339844 -0.0454635620117188 -0.0672798156738281 0.00750350952148438
-0.0590133666992188 -0.0113677978515625 0.0122623443603516 -0.0284976959228516
-0.0452690124511719 0.0232963562011719 0.0250015258789062 -0.0653457641601562
-0.027923583984375 0.0283584594726562 0.0060272216796875 -0.0933456420898438
-0.0108108520507813 0.0385627746582031 -0.038665771484375 -0.101142883300781
-0.0118179321289063 0.0394783020019531 -0.0839996337890625 -0.0724563598632812
-0.0185623168945313 0.0326061248779297 -0.08123779296875 -0.0438690185546875
-0.0203418731689453 0.034149169921875 -0.0754623413085938 -0.0200347900390625
-0.0287818908691406 0.0178432464599609 -0.060546875 -0.0138931274414062
-0.0364532470703125 0.00272750854492188 -0.0491600036621094 0.00542831420898438
-0.0394859313964844 -0.0151252746582031 -0.0546417236328125 0.0251579284667969
-0.029205322265625 -0.0466690063476563 -0.0690650939941406 0.0439338684082031
-0.0117034912109375 -0.0671577453613281 -0.0959930419921875 0.08770751953125
0.026092529296875 -0.0802001953125 -0.111396789550781 0.100257873535156
0.0764312744140625 -0.0882644653320312 -0.145919799804688 -0.0523529052734375
0.0110244750976563 -0.0572586059570312 -0.0545997619628906 -0.0165519714355469
-0.0109024047851563 -0.0395927429199219 0.0262718200683594 -0.044830322265625
-0.0208644866943359 -0.0127067565917969 0.0325775146484375 -0.0828018188476563
-0.0167369842529297 -0.0095987319946289 0.0128097534179687 -0.105422973632812
-0.0231304168701172 0.00290870666503906 -0.035675048828125 -0.112701416015625
-0.0391120910644531 0.011810302734375 -0.0774612426757813 -0.0820236206054688
-0.0448722839355469 0.00600051879882812 -0.0699348449707031 -0.0504150390625
-0.0541305541992188 0.0102729797363281 -0.064453125 -0.0262260437011719
-0.05438232421875 -0.0103721618652344 -0.0505409240722656 -0.0136871337890625
-0.0499916076660156 -0.0376434326171875 -0.0406455993652344 0.00494384765624999
-0.0362701416015625 -0.0601959228515625 -0.0479965209960937 0.0172157287597656
0.0074920654296875 -0.0836715698242188 -0.0532035827636719 0.0294761657714844
0.0321884155273438 -0.09619140625 -0.0749664306640625 0.06829833984375
0.081207275390625 -0.0966567993164063 -0.08355712890625 0.079864501953125
0.127540588378906 -0.0804061889648438 -0.108726501464844 -0.0790786743164062
0.0660247802734375 -0.060211181640625 -0.0273818969726563 -0.0376052856445313
0.0450096130371094 -0.0660552978515625 0.0471420288085938 -0.0562324523925781
0.0104598999023438 -0.0531196594238281 0.0436935424804688 -0.095611572265625
-0.00190734863281249 -0.0521812438964844 0.0204620361328125 -0.109237670898438
-0.0330085754394531 -0.0367813110351562 -0.029205322265625 -0.111351013183594
-0.0610237121582031 -0.0194015502929687 -0.0615768432617188 -0.0806961059570312
-0.0653495788574219 -0.0223350524902344 -0.0477333068847656 -0.0486221313476563
-0.0805740356445313 -0.0149002075195312 -0.0425491333007813 -0.0268592834472656
-0.0732803344726563 -0.03485107421875 -0.0322151184082031 -0.00783157348632813
-0.0606231689453125 -0.0697288513183594 -0.0273704528808594 0.00911521911621093
-0.03594970703125 -0.094635009765625 -0.0395011901855469 0.0139961242675781
0.0350265502929688 -0.112342834472656 -0.0399627685546875 0.0151023864746094
0.066741943359375 -0.114059448242187 -0.0513458251953125 0.0393791198730469
0.122726440429687 -0.100074768066406 -0.0412101745605469 0.0530967712402344
0.158462524414063 -0.0622406005859375 -0.055450439453125 -0.100578308105469
0.110404968261719 -0.0557174682617187 0.0109176635742188 -0.0559539794921875
0.0949859619140625 -0.0874099731445313 0.0691566467285156 -0.0628776550292969
0.0383071899414063 -0.0909042358398438 0.0558929443359375 -0.0977859497070312
0.0101394653320313 -0.0901031494140625 0.0285797119140625 -0.101127624511719
-0.0403823852539063 -0.0715179443359375 -0.0168228149414063 -0.0972747802734375
-0.0752029418945313 -0.0471420288085937 -0.0366020202636719 -0.0685882568359375
-0.0753860473632813 -0.0475616455078125 -0.0177841186523438 -0.0404319763183594
-0.092926025390625 -0.038116455078125 -0.0138740539550781 -0.0219154357910156
-0.0795364379882813 -0.0541229248046875 -0.00911331176757813 0.00203704833984374
-0.0603561401367187 -0.09136962890625 -0.0110769271850586 0.0158004760742187
-0.0297088623046875 -0.11505126953125 -0.0309658050537109 0.0128364562988281
0.0573883056640625 -0.1251220703125 -0.0298995971679688 0.00172233581542968
0.0924301147460938 -0.114944458007812 -0.0280323028564453 0.00582122802734374
0.147369384765625 -0.088348388671875 0.00853729248046876 0.0246639251708984
0.163482666015625 -0.03826904296875 0.00231170654296875 -0.115287780761719
0.13330078125 -0.0429458618164063 0.0525131225585938 -0.0736160278320312
0.12420654296875 -0.0928268432617188 0.0851211547851563 -0.0670089721679687
0.0562286376953125 -0.11212158203125 0.0644989013671875 -0.0902175903320313
0.018218994140625 -0.111312866210938 0.0382614135742187 -0.08111572265625
-0.042755126953125 -0.0926284790039063 0.001434326171875 -0.0721206665039063
-0.078399658203125 -0.066253662109375 -0.00433349609375001 -0.048797607421875
-0.0743331909179687 -0.0656509399414063 0.0136737823486328 -0.0263729095458984
-0.0917587280273438 -0.05731201171875 0.0156927108764648 -0.0115089416503906
-0.07110595703125 -0.0688247680664063 0.0137205123901367 0.0153312683105469
-0.0459136962890625 -0.103431701660156 0.00245857238769531 0.0248088836669922
-0.0119247436523437 -0.120437622070313 -0.0215606689453125 0.0133094787597656
0.0803451538085938 -0.116607666015625 -0.0208740234375 -0.00938415527343751
0.111709594726563 -0.0938034057617188 -0.00418090820312499 -0.0239963531494141
0.154083251953125 -0.05902099609375 0.060272216796875 0.001129150390625
0.13934326171875 -0.00982666015625 0.0558700561523438 -0.124176025390625
0.127288818359375 -0.02178955078125 0.0876846313476563 -0.089599609375
0.12664794921875 -0.0774765014648438 0.0912322998046875 -0.069366455078125
0.062225341796875 -0.106864929199219 0.0665283203125 -0.0761489868164063
0.0236587524414063 -0.107566833496094 0.0449981689453125 -0.0546722412109375
-0.0360946655273438 -0.0944290161132813 0.0231704711914063 -0.0425682067871094
-0.0689620971679688 -0.0734100341796875 0.0293865203857422 -0.0273094177246094
-0.0624618530273438 -0.073516845703125 0.043121337890625 -0.00897979736328126
-0.0760650634765625 -0.0700149536132812 0.0422630310058594 0.00555801391601562
-0.0510025024414063 -0.0772247314453125 0.0303440093994141 0.033905029296875
-0.0202255249023438 -0.102798461914063 0.0110855102539063 0.0377120971679687
0.015167236328125 -0.110610961914063 -0.014988899230957 0.0173549652099609
0.100173950195313 -0.0875473022460938 -0.011962890625 -0.0137081146240234
0.120651245117188 -0.05389404296875 0.0203170776367188 -0.0424118041992187
0.141006469726563 -0.0183563232421875 0.107315063476563 -0.0113143920898438
0.0936050415039063 0.0196914672851563 0.0924530029296875 -0.127098083496094
0.0990753173828125 0.0047760009765625 0.107749938964844 -0.100898742675781
0.10589599609375 -0.0447235107421875 0.0850753784179688 -0.0674362182617188
0.0565948486328125 -0.0772476196289063 0.0641403198242188 -0.0582618713378906
0.0266952514648437 -0.0806503295898438 0.0478858947753906 -0.0291786193847656
-0.0199966430664063 -0.0785675048828125 0.0427360534667969 -0.0161819458007813
-0.04681396484375 -0.0690383911132813 0.0572662353515625 -0.00683975219726563
-0.0409164428710938 -0.0701675415039063 0.0660285949707031 0.0093536376953125
-0.0507659912109375 -0.0727996826171875 0.0623741149902344 0.027557373046875
-0.02667236328125 -0.0750503540039063 0.0389823913574219 0.0576972961425781
0.00656127929687501 -0.0906829833984375 0.0117149353027344 0.0548858642578125
0.0398101806640625 -0.0876388549804688 -0.0112533569335938 0.0268306732177734
0.10797119140625 -0.0464935302734375 -0.0036478042602539 -0.0083765983581543
0.113685607910156 -0.00559234619140625 0.0444526672363281 -0.0428962707519531
0.1072998046875 0.0245590209960938 0.14508056640625 -0.0072021484375
0.0359840393066406 0.0485153198242187 0.108070373535156 -0.121681213378906
0.0566864013671875 0.0331535339355469 0.1103515625 -0.103294372558594
0.0699043273925781 -0.0024261474609375 0.0705108642578125 -0.0591583251953125
0.0441551208496094 -0.0337066650390625 0.0579643249511719 -0.0402183532714844
0.0308647155761719 -0.0388450622558594 0.0476875305175781 -0.00942230224609375
0.0037841796875 -0.0517082214355469 0.0555992126464844 0.0023651123046875
-0.0158576965332031 -0.0554962158203125 0.0751876831054688 0.00919342041015625
-0.0140571594238281 -0.0575599670410156 0.0780258178710938 0.0259933471679687
-0.0217628479003906 -0.0640525817871094 0.0735626220703125 0.0513076782226562
-0.00493240356445312 -0.0609092712402344 0.0405502319335938 0.0814208984375
0.022857666015625 -0.0678787231445313 0.0075531005859375 0.073516845703125
0.0488052368164063 -0.0577507019042969 -0.0112380981445312 0.0414962768554687
0.0950088500976563 -0.00823211669921875 0.000642299652099615 0.00774431228637695
0.0865325927734375 0.036163330078125 0.0603599548339844 -0.0259170532226562
0.05755615234375 0.0595550537109375 0.165969848632813 0.011260986328125
0.01019287109375 -0.0809860229492188 -0.157485961914063 -0.016693115234375
-0.0423812866210937 -0.0416412353515625 -0.0631370544433594 0.0105056762695312
-0.0576095581054687 -0.00679397583007812 0.0123004913330078 -0.0264377593994141
-0.0420303344726562 0.0260200500488281 0.0238227844238281 -0.0630607604980469
-0.0246963500976562 0.0293636322021484 0.00554656982421875 -0.0901870727539062
-0.00777435302734375 0.0365333557128906 -0.0392913818359375 -0.0977401733398438
-0.00838851928710938 0.0366477966308594 -0.0826797485351562 -0.0673980712890625
-0.0158042907714844 0.0318775177001953 -0.0797348022460938 -0.0389633178710938
-0.0178241729736328 0.0321292877197266 -0.0735397338867188 -0.016754150390625
-0.0253753662109375 0.0173778533935547 -0.0602493286132812 -0.0118865966796875
-0.0334300994873047 0.00426292419433594 -0.0497398376464844 0.00558853149414063
-0.0382652282714844 -0.0116386413574219 -0.0536689758300781 0.0239372253417969
-0.0309371948242187 -0.0415191650390625 -0.0654411315917969 0.042999267578125
-0.0153160095214844 -0.06341552734375 -0.0891952514648438 0.08673095703125
0.0197830200195313 -0.078399658203125 -0.103744506835937 0.10076904296875
0.06854248046875 -0.087249755859375 -0.142913818359375 -0.04534912109375
0.00769805908203125 -0.0549087524414063 -0.0525894165039063 -0.0118751525878906
-0.0128326416015625 -0.0358963012695313 0.0249137878417969 -0.0428047180175781
-0.0195369720458984 -0.00914764404296875 0.0306015014648438 -0.0798721313476563
-0.0151424407958984 -0.0077981948852539 0.0107650756835938 -0.101486206054687
-0.0205821990966797 0.00291824340820312 -0.03692626953125 -0.107879638671875
-0.0352058410644531 0.0117912292480469 -0.0771560668945313 -0.0761337280273438
-0.0423240661621094 0.00711059570312499 -0.069091796875 -0.0456809997558594
-0.0506248474121094 0.0106315612792969 -0.0639076232910156 -0.0225601196289063
-0.0507011413574219 -0.009063720703125 -0.0512962341308594 -0.0117835998535156
-0.0473213195800781 -0.0337409973144531 -0.0419235229492188 0.00545883178710938
-0.0360832214355469 -0.054656982421875 -0.0478515625 0.0171890258789062
0.00298309326171876 -0.078887939453125 -0.0513877868652344 0.0285453796386719
0.0251922607421875 -0.0921096801757813 -0.0704574584960938 0.06732177734375
0.0731124877929688 -0.0956954956054688 -0.0777206420898438 0.0807647705078125
0.118873596191406 -0.0814361572265625 -0.108352661132813 -0.0723648071289063
0.0603675842285156 -0.0590324401855469 -0.0269508361816406 -0.0326271057128906
0.0399742126464844 -0.0643692016601563 0.0450363159179688 -0.0540885925292969
0.00846481323242188 -0.0495262145996094 0.0410232543945313 -0.091888427734375
-0.00279998779296875 -0.0490150451660156 0.0173416137695312 -0.105934143066406
-0.0309810638427734 -0.0344524383544922 -0.0308685302734375 -0.106605529785156
-0.05792236328125 -0.0169715881347656 -0.0615768432617188 -0.0751876831054688
-0.0624160766601563 -0.0200996398925781 -0.0476150512695313 -0.0454177856445312
-0.0761947631835938 -0.0114898681640625 -0.0432815551757813 -0.0235176086425781
-0.0693931579589844 -0.0311470031738281 -0.0334300994873047 -0.00604629516601563
-0.0584030151367187 -0.0637359619140625 -0.0290946960449219 0.00951194763183593
-0.0368499755859375 -0.0881805419921875 -0.0409317016601563 0.0138778686523438
0.0284576416015625 -0.107582092285156 -0.0401687622070313 0.0142593383789063
0.0582427978515625 -0.110366821289062 -0.0493736267089844 0.0391654968261719
0.113845825195312 -0.100936889648437 -0.038330078125 0.0535964965820312
0.150497436523438 -0.06573486328125 -0.058746337890625 -0.0941390991210938
0.104026794433594 -0.0561370849609375 0.00926208496093751 -0.0512580871582031
0.0875167846679687 -0.0867233276367188 0.06610107421875 -0.061309814453125
0.0346832275390625 -0.0869979858398438 0.0519866943359375 -0.0948333740234375
0.00732421875 -0.0867156982421875 0.0262527465820313 -0.0984649658203125
-0.0400238037109375 -0.0674972534179688 -0.0186004638671875 -0.0924911499023438
-0.0724029541015625 -0.042755126953125 -0.0367012023925781 -0.0644111633300781
-0.0730514526367188 -0.0433578491210937 -0.0189285278320313 -0.0385665893554688
-0.0894546508789062 -0.032745361328125 -0.0160465240478516 -0.02001953125
-0.0763931274414062 -0.0491256713867188 -0.0106391906738281 0.00271129608154296
-0.0599212646484375 -0.0845565795898438 -0.0134735107421875 0.0157613754272461
-0.03228759765625 -0.108253479003906 -0.0326919555664063 0.0127658843994141
0.0505523681640625 -0.121681213378906 -0.0313491821289063 0.00056266784667968
0.083892822265625 -0.112190246582031 -0.0281352996826172 0.00661468505859374
0.139045715332031 -0.0902023315429687 0.00831794738769532 0.0248966217041016
0.156265258789063 -0.0421142578125 -0.00311279296874999 -0.110549926757813
0.127059936523437 -0.0449066162109375 0.0480575561523438 -0.0695533752441406
0.116218566894531 -0.093536376953125 0.0817337036132813 -0.066070556640625
0.0507049560546875 -0.1085205078125 0.0605239868164063 -0.0886001586914063
0.0137481689453125 -0.108078002929688 0.035308837890625 -0.0793228149414063
-0.0432052612304688 -0.0872039794921875 -0.000244140624999996 -0.0689277648925781
-0.0771865844726562 -0.060333251953125 -0.00541687011718751 -0.0466117858886719
-0.0733566284179687 -0.0601348876953125 0.0116348266601562 -0.0259132385253906
-0.0888671875 -0.0508956909179687 0.0134296417236328 -0.0105113983154297
-0.0694046020507813 -0.0634651184082031 0.0118312835693359 0.0151176452636719
-0.0473251342773438 -0.096466064453125 8.0108642578121E-05 0.0239582061767578
-0.0156707763671875 -0.11474609375 -0.0244197845458984 0.0127582550048828
0.07305908203125 -0.114395141601563 -0.0235252380371094 -0.00981712341308594
0.103553771972656 -0.0933761596679688 -0.00677871704101562 -0.0233573913574219
0.1468505859375 -0.062469482421875 0.0565452575683594 0.000232696533203121
0.134666442871094 -0.0137939453125 0.0476608276367188 -0.12091064453125
0.122528076171875 -0.0239334106445313 0.0805740356445313 -0.0867691040039063
0.120040893554688 -0.0792617797851563 0.0875320434570313 -0.0679397583007813
0.0560760498046875 -0.104591369628906 0.0635452270507813 -0.0740890502929688
0.0186614990234375 -0.105010986328125 0.0424652099609375 -0.0538864135742188
-0.0379867553710938 -0.0890350341796875 0.0214004516601562 -0.0411148071289063
-0.0687446594238281 -0.0668830871582031 0.0270061492919922 -0.0264606475830078
-0.0629425048828125 -0.0679969787597656 0.0407524108886719 -0.00989532470703125
-0.0754318237304688 -0.0633544921875 0.0397872924804687 0.0049591064453125
-0.0513229370117187 -0.0710372924804688 0.0286140441894531 0.0331783294677734
-0.0230560302734375 -0.097869873046875 0.0085906982421875 0.0364151000976562
0.0106201171875 -0.106956481933594 -0.0177326202392578 0.0169162750244141
0.0934600830078125 -0.0883407592773438 -0.0151968002319336 -0.0144643783569336
0.11419677734375 -0.0553970336914063 0.0163383483886719 -0.0420074462890625
0.135452270507813 -0.0231475830078125 0.1021728515625 -0.0129852294921875
0.0924530029296875 0.0162353515625 0.0837936401367187 -0.124870300292969
0.0966873168945312 0.0024261474609375 0.10003662109375 -0.0985031127929688
0.101631164550781 -0.0477218627929688 0.081146240234375 -0.0654220581054688
0.0517807006835938 -0.07647705078125 0.0608367919921875 -0.0571098327636719
0.022735595703125 -0.0797348022460937 0.0467872619628906 -0.0293388366699219
-0.0228271484375 -0.0746231079101563 0.0410385131835938 -0.0163459777832031
-0.0480117797851563 -0.0631027221679687 0.0548629760742188 -0.00826263427734375
-0.0427398681640625 -0.0655403137207031 0.0633926391601563 0.00644302368164062
-0.0515708923339844 -0.0670814514160156 0.0597343444824219 0.0252304077148437
-0.0282211303710937 -0.0704421997070313 0.037872314453125 0.055755615234375
0.00207519531249999 -0.0876693725585937 0.0103721618652344 0.0534172058105469
0.0347366333007813 -0.0860748291015625 -0.0136337280273438 0.0258045196533203
0.1026611328125 -0.0503768920898438 -0.0063028335571289 -0.00883197784423829
0.109642028808594 -0.00955963134765625 0.0391120910644531 -0.0431976318359375
0.105606079101562 0.0198822021484375 0.138206481933594 -0.0103988647460937
0.0378875732421875 0.0460624694824219 0.099456787109375 -0.120040893554687
0.0573844909667969 0.0303764343261719 0.102012634277344 -0.101211547851563
0.0691146850585938 -0.00643539428710938 0.0673599243164063 -0.0574455261230469
0.0412788391113281 -0.0351295471191406 0.0560150146484375 -0.0394668579101563
0.0272407531738281 -0.0395965576171875 0.0474052429199219 -0.009979248046875
0.000846862792968747 -0.0490989685058594 0.0539817810058594 0.000560760498046872
-0.0181808471679687 -0.0512809753417969 0.0723800659179688 0.0063018798828125
-0.0171279907226562 -0.0537834167480469 0.0756072998046875 0.022125244140625
-0.0243453979492187 -0.0594902038574219 0.0713272094726563 0.0469284057617188
-0.00770187377929688 -0.0575294494628906 0.0401153564453125 0.0784454345703125
0.0185661315917969 -0.06622314453125 0.0075531005859375 0.071533203125
0.0440139770507813 -0.0578536987304688 -0.0122795104980469 0.0391464233398437
0.0917816162109375 -0.0134658813476563 -0.00137758255004882 0.005950927734375
0.085784912109375 0.03106689453125 0.0556373596191406 -0.0279769897460937
0.0587882995605469 0.0554580688476562 0.159042358398438 0.0065155029296875
0.00685119628906249 -0.080108642578125 -0.155364990234375 -0.0146636962890625
-0.0427742004394531 -0.0396270751953125 -0.0600433349609375 0.01263427734375
-0.0572891235351563 -0.00400543212890624 0.0126552581787109 -0.0244598388671875
-0.0396919250488281 0.0283317565917969 0.0251350402832031 -0.0614814758300781
-0.0221710205078125 0.0305271148681641 0.00625610351562499 -0.0888214111328125
-0.00515174865722656 0.0348587036132813 -0.0383071899414063 -0.0964126586914063
-0.00582504272460938 0.0353126525878906 -0.0815505981445313 -0.0653457641601563
-0.0142097473144531 0.0306320190429688 -0.0787887573242188 -0.0375442504882812
-0.0158462524414062 0.0311450958251953 -0.0730209350585938 -0.0154190063476562
-0.0234260559082031 0.0161781311035156 -0.0614891052246094 -0.0108871459960937
-0.0309181213378906 0.00519943237304688 -0.0508651733398438 0.00555419921874999
-0.03729248046875 -0.009033203125 -0.0538787841796875 0.0235748291015625
-0.0323982238769531 -0.038726806640625 -0.064483642578125 0.0408096313476563
-0.0182037353515625 -0.0609207153320312 -0.0868301391601563 0.0855865478515625
0.016326904296875 -0.07781982421875 -0.100212097167969 0.101936340332031
0.064605712890625 -0.0868682861328125 -0.14129638671875 -0.0427398681640625
0.00534057617187499 -0.053131103515625 -0.0505943298339844 -0.00899505615234376
-0.0138435363769531 -0.03350830078125 0.0257835388183594 -0.0406913757324219
-0.0182933807373047 -0.00665664672851562 0.0311660766601562 -0.0785140991210938
-0.0137844085693359 -0.00613021850585937 0.0110702514648437 -0.100173950195313
-0.0179977416992188 0.00222206115722656 -0.0364990234375 -0.106170654296875
-0.0324058532714844 0.0108261108398438 -0.0761566162109375 -0.0737533569335938
-0.0398826599121094 0.00659561157226563 -0.0689163208007813 -0.0436553955078125
-0.0481185913085938 0.0108528137207031 -0.0637893676757813 -0.0203590393066406
-0.048309326171875 -0.00896835327148439 -0.0530586242675781 -0.0107078552246094
-0.0452537536621094 -0.0320625305175781 -0.0438995361328125 0.00516891479492187
-0.035797119140625 -0.0517921447753906 -0.0498580932617188 0.0166893005371094
0.000831604003906243 -0.0757369995117188 -0.0515098571777344 0.0265922546386719
0.0219268798828125 -0.0891494750976563 -0.0687522888183594 0.0664520263671875
0.0684890747070312 -0.0952301025390625 -0.0756912231445313 0.0812454223632812
0.114349365234375 -0.0819854736328125 -0.108413696289062 -0.0692062377929687
0.0576744079589844 -0.0576896667480469 -0.0264053344726563 -0.0289382934570313
0.0376701354980469 -0.0626487731933594 0.0454902648925781 -0.052703857421875
0.00804519653320313 -0.0470161437988281 0.0407257080078125 -0.0899734497070312
-0.00249481201171875 -0.0473098754882812 0.0174407958984375 -0.104011535644531
-0.0292778015136719 -0.0340328216552734 -0.0305252075195313 -0.104301452636719
-0.0547523498535156 -0.0159530639648438 -0.061248779296875 -0.072509765625
-0.0604133605957031 -0.0183448791503906 -0.0480194091796875 -0.0434722900390625
-0.0740127563476563 -0.0100555419921875 -0.0436363220214844 -0.0217933654785156
-0.0670013427734375 -0.0302886962890625 -0.0348682403564453 -0.00504493713378906
-0.0566787719726563 -0.0612525939941406 -0.0312309265136719 0.00983619689941406
-0.0366744995117188 -0.0849380493164063 -0.0432662963867188 0.013671875
0.0258331298828125 -0.10491943359375 -0.041015625 0.0130500793457031
0.0540542602539062 -0.107353210449219 -0.0485000610351562 0.0382881164550781
0.110145568847656 -0.101036071777344 -0.0376205444335938 0.0542640686035156
0.146575927734375 -0.0662841796875 -0.0599594116210938 -0.0912322998046875
0.100997924804688 -0.0560836791992188 0.00855255126953126 -0.0473480224609375
0.0844039916992188 -0.085968017578125 0.0665321350097656 -0.0600013732910156
0.0330352783203125 -0.0846633911132813 0.0517349243164062 -0.0925521850585938
0.0059814453125 -0.084686279296875 0.0254287719726562 -0.0974349975585938
-0.0392723083496094 -0.0653533935546875 -0.0183792114257812 -0.0909423828125
-0.0702400207519531 -0.0402565002441406 -0.0370712280273438 -0.0623092651367187
-0.07171630859375 -0.0414276123046875 -0.0197601318359375 -0.03741455078125
-0.0879440307617188 -0.0306243896484375 -0.0173416137695313 -0.0183200836181641
-0.0740432739257813 -0.04779052734375 -0.0122709274291992 0.00376129150390624
-0.0594711303710938 -0.0820846557617188 -0.0162467956542969 0.0156946182250977
-0.0326385498046875 -0.105598449707031 -0.0356941223144531 0.0124130249023437
0.0474853515625 -0.119056701660156 -0.0336284637451172 -0.00024795532226563
0.0801162719726563 -0.110115051269531 -0.0291786193847656 0.0060901641845703
0.135047912597656 -0.090728759765625 0.00808143615722657 0.0256156921386719
0.1533203125 -0.0434112548828125 -0.00609588623046874 -0.108024597167969
0.123931884765625 -0.0446548461914063 0.0460891723632813 -0.0662155151367188
0.113052368164063 -0.0943374633789063 0.081451416015625 -0.064727783203125
0.0485000610351563 -0.106651306152344 0.0601730346679688 -0.086944580078125
0.0121383666992188 -0.1064453125 0.0351486206054688 -0.0786361694335937
-0.0432891845703125 -0.0846328735351563 -0.000698089599609379 -0.0674705505371094
-0.0755844116210938 -0.0574188232421875 -0.00620651245117188 -0.0453605651855469
-0.073028564453125 -0.0576705932617187 0.01104736328125 -0.0257358551025391
-0.0874176025390625 -0.0483932495117187 0.0120201110839844 -0.00934123992919922
-0.0675125122070312 -0.0607948303222656 0.00957202911376953 0.0161151885986328
-0.046722412109375 -0.09368896484375 -0.00260543823242188 0.0240821838378906
-0.016845703125 -0.112525939941406 -0.0280284881591797 0.0123481750488281
0.0702133178710938 -0.113601684570312 -0.0262966156005859 -0.0104198455810547
0.100044250488281 -0.09161376953125 -0.00849151611328124 -0.0226478576660156
0.144012451171875 -0.063873291015625 0.0552177429199219 0.00119781494140625
0.133705139160156 -0.015380859375 0.0444259643554688 -0.118446350097656
0.121208190917969 -0.0242233276367187 0.0772552490234375 -0.0835647583007812
0.117973327636719 -0.0803375244140625 0.0867156982421875 -0.067169189453125
0.054229736328125 -0.103111267089844 0.0625762939453125 -0.0727615356445313
0.016876220703125 -0.104316711425781 0.042327880859375 -0.0536155700683594
-0.0384750366210938 -0.0865402221679688 0.02093505859375 -0.0402107238769531
-0.0680999755859375 -0.0634346008300781 0.0263099670410156 -0.0263271331787109
-0.0633926391601563 -0.0652122497558594 0.0398216247558594 -0.0111732482910156
-0.0747756958007813 -0.060760498046875 0.0377197265625 0.00533676147460937
-0.0506782531738281 -0.0690536499023438 0.0268268585205078 0.0340366363525391
-0.0244598388671875 -0.0952987670898437 0.00615310668945313 0.0365142822265625
0.0087890625 -0.104949951171875 -0.0208492279052734 0.0164661407470703
0.0911865234375 -0.0882034301757813 -0.0183448791503906 -0.0148296356201172
0.11181640625 -0.0550003051757813 0.013946533203125 -0.0416488647460938
0.134414672851562 -0.0244522094726562 0.0992507934570313 -0.012939453125
0.0926589965820313 0.0150527954101562 0.079193115234375 -0.123123168945313
0.09600830078125 0.00145721435546875 0.0960235595703125 -0.0955810546875
0.100440979003906 -0.0496902465820313 0.080535888671875 -0.0645599365234375
0.0500869750976563 -0.0772171020507813 0.0604476928710938 -0.0559921264648438
0.020599365234375 -0.0795822143554688 0.0467491149902344 -0.0292129516601563
-0.023590087890625 -0.0725784301757813 0.040435791015625 -0.0160102844238281
-0.0485649108886719 -0.0597991943359375 0.0542259216308594 -0.00881195068359375
-0.0435905456542969 -0.0633354187011719 0.0614089965820313 0.00513839721679687
-0.0526962280273438 -0.0637626647949219 0.0580291748046875 0.0250473022460937
-0.0287818908691406 -0.0679779052734375 0.0370368957519531 0.0554771423339844
7.62939453125469E-06 -0.0857772827148438 0.00821304321289063 0.0530662536621094
0.0322723388671875 -0.0853500366210938 -0.0163898468017578 0.0254325866699219
0.100631713867187 -0.0514450073242187 -0.00933170318603515 -0.00986289978027344
0.108299255371094 -0.0109939575195313 0.0363197326660156 -0.0432929992675781
0.1053466796875 0.018310546875 0.135429382324219 -0.010955810546875
0.0392532348632813 0.0452308654785156 0.0948028564453125 -0.119476318359375
0.0577659606933594 0.0292739868164063 0.0977249145507813 -0.0993118286132813
0.0690460205078125 -0.00890731811523438 0.0669822692871094 -0.0555496215820313
0.04022216796875 -0.0357513427734375 0.0559921264648437 -0.038482666015625
0.02545166015625 -0.0404434204101563 0.0481185913085938 -0.0101890563964844
-0.0010223388671875 -0.0477027893066406 0.0538063049316406 0.000286102294921872
-0.0203170776367188 -0.0483856201171875 0.0715103149414063 0.00440216064453125
-0.0183219909667969 -0.0518531799316406 0.0741806030273438 0.020477294921875
-0.0258636474609375 -0.0567817687988281 0.0694961547851563 0.0465049743652344
-0.00896072387695313 -0.055938720703125 0.039215087890625 0.0778121948242188
0.01531982421875 -0.0651397705078125 0.00604248046874999 0.07110595703125
0.0418205261230469 -0.0583686828613281 -0.0144615173339844 0.0385360717773437
0.0905609130859375 -0.0152435302734375 -0.00395059585571289 0.00433492660522461
0.08575439453125 0.0283889770507813 0.0525665283203125 -0.0288162231445313
0.0596504211425781 0.0533828735351563 0.156097412109375 0.0054168701171875
0.00382232666015626 -0.0805130004882812 -0.156341552734375 -0.0118865966796875
-0.0447998046875 -0.0384635925292969 -0.0587158203125 0.0144081115722656
-0.0579147338867188 -0.00139617919921874 0.0133781433105469 -0.0236015319824219
-0.0377235412597656 0.030792236328125 0.0266647338867187 -0.0617485046386719
-0.0198497772216797 0.0320472717285156 0.00660705566406249 -0.0905380249023438
-0.00288772583007812 0.0340385437011719 -0.0388870239257813 -0.09771728515625
-0.00457763671875 0.0341014862060547 -0.0825958251953125 -0.065032958984375
-0.0133056640625 0.0307121276855469 -0.0802154541015625 -0.036102294921875
-0.0146713256835937 0.0305595397949219 -0.0741119384765625 -0.01361083984375
-0.0223655700683594 0.0157451629638672 -0.0635414123535156 -0.0105171203613281
-0.0295124053955078 0.00593376159667969 -0.0533370971679688 0.00600051879882812
-0.0372352600097656 -0.00686264038085938 -0.0556831359863281 0.0236396789550781
-0.0340538024902344 -0.0370140075683594 -0.0650749206542969 0.0402679443359375
-0.0206985473632813 -0.0599899291992188 -0.0863876342773438 0.0865631103515625
0.0133438110351562 -0.0793991088867188 -0.099884033203125 0.104171752929688
0.0623245239257813 -0.0890350341796875 -0.143875122070313 -0.040679931640625
0.00370407104492188 -0.0526771545410156 -0.0494575500488281 -0.00716018676757812
-0.0150184631347656 -0.0322780609130859 0.0262908935546875 -0.0405349731445313
-0.017791748046875 -0.00441360473632813 0.0317459106445312 -0.0788650512695313
-0.0123348236083984 -0.00516033172607422 0.011138916015625 -0.101638793945313
-0.0165538787841797 0.00194931030273438 -0.0370330810546875 -0.107185363769531
-0.0309391021728516 0.0104827880859375 -0.0774459838867188 -0.073394775390625
-0.0397071838378906 0.00750732421875 -0.070556640625 -0.0426177978515625
-0.0480461120605469 0.010955810546875 -0.0653800964355469 -0.0197563171386719
-0.0471572875976563 -0.00948715209960938 -0.0550613403320313 -0.00967025756835937
-0.0440711975097656 -0.0313644409179687 -0.0466690063476563 0.00564956665039063
-0.0362396240234375 -0.0503807067871094 -0.0526161193847656 0.0167198181152344
-0.00135040283203125 -0.0747909545898438 -0.0528450012207031 0.0254974365234375
0.0193099975585938 -0.0880508422851563 -0.0687408447265625 0.0667190551757813
0.0669326782226563 -0.0979232788085938 -0.0752334594726562 0.0840606689453125
0.113471984863281 -0.084625244140625 -0.111610412597656 -0.067596435546875
0.056304931640625 -0.0584640502929687 -0.0257205963134766 -0.0267581939697266
0.0357437133789063 -0.0629310607910156 0.0464210510253906 -0.0528602600097656
0.00823211669921875 -0.0450859069824219 0.0411758422851563 -0.090789794921875
-0.00235748291015625 -0.0473289489746094 0.0172348022460938 -0.105796813964844
-0.0285911560058594 -0.03369140625 -0.03179931640625 -0.104896545410156
-0.0542564392089844 -0.0162391662597656 -0.0630874633789062 -0.072479248046875
-0.0603561401367188 -0.0179061889648437 -0.0494613647460938 -0.0435409545898438
-0.073944091796875 -0.00961303710937499 -0.045654296875 -0.0209312438964844
-0.0668716430664063 -0.0299949645996094 -0.0371589660644531 -0.00398635864257813
-0.0563430786132813 -0.0608100891113281 -0.0345287322998047 0.0101909637451172
-0.0374679565429688 -0.0839309692382812 -0.0471992492675781 0.0136184692382813
0.0242462158203125 -0.104927062988281 -0.0438995361328125 0.0120391845703125
0.052001953125 -0.107307434082031 -0.0492134094238281 0.0388412475585937
0.10809326171875 -0.104248046875 -0.0373382568359375 0.0563850402832031
0.14599609375 -0.069305419921875 -0.0632781982421875 -0.0900115966796875
0.100807189941406 -0.0565109252929688 0.00874710083007813 -0.0454177856445313
0.0832290649414063 -0.0877914428710938 0.0675506591796875 -0.0608863830566406
0.0319137573242187 -0.0844802856445313 0.0524139404296875 -0.0936050415039063
0.00534820556640625 -0.0851593017578125 0.0255508422851563 -0.0977706909179688
-0.0392494201660156 -0.0655364990234375 -0.0197906494140625 -0.0908050537109375
-0.0705108642578125 -0.0399093627929688 -0.0384063720703125 -0.0621223449707031
-0.072784423828125 -0.0407638549804688 -0.0214691162109375 -0.0374107360839844
-0.08831787109375 -0.029296875 -0.0185985565185547 -0.0172233581542969
-0.0742645263671875 -0.0469970703125 -0.0144538879394531 0.0047922134399414
-0.0599441528320313 -0.0810623168945313 -0.0195941925048828 0.0169105529785156
-0.0341415405273437 -0.104598999023438 -0.0396537780761719 0.0129127502441406
0.0459060668945313 -0.119972229003906 -0.0365753173828125 -0.000968933105468756
0.0780029296875 -0.109931945800781 -0.0301132202148437 0.00618362426757811
0.1348876953125 -0.0942535400390625 0.00837707519531251 0.0264549255371094
0.154159545898438 -0.0464324951171875 -0.00929260253906249 -0.10821533203125
0.124954223632813 -0.0457916259765625 0.0454254150390625 -0.0642814636230469
0.112403869628906 -0.0966262817382813 0.0831222534179688 -0.065826416015625
0.0474853515625 -0.107048034667969 0.0611190795898438 -0.0872802734375
0.0109481811523437 -0.107826232910156 0.0353851318359375 -0.079925537109375
-0.0441131591796875 -0.0841598510742187 -0.000228881835937504 -0.0677528381347656
-0.0760650634765625 -0.0558242797851563 -0.00724411010742188 -0.0456504821777344
-0.074371337890625 -0.05712890625 0.00985336303710937 -0.0266571044921875
-0.0889663696289063 -0.0463027954101563 0.0104398727416992 -0.0081472396850586
-0.0677528381347656 -0.0601654052734375 0.0079355239868164 0.0174636840820313
-0.0482406616210938 -0.092926025390625 -0.00554847717285156 0.0248451232910156
-0.0180130004882812 -0.112281799316406 -0.0317840576171875 0.0131549835205078
0.069488525390625 -0.115669250488281 -0.0296230316162109 -0.0108928680419922
0.099456787109375 -0.0925064086914063 -0.0108280181884766 -0.0234813690185547
0.145187377929687 -0.0664825439453125 0.05560302734375 0.00130844116210937
0.135223388671875 -0.017669677734375 0.0414962768554688 -0.120185852050781
0.122589111328125 -0.0254287719726562 0.0769729614257813 -0.0825424194335938
0.118446350097656 -0.0836105346679688 0.088134765625 -0.0682525634765625
0.0535888671875 -0.10455322265625 0.0640792846679687 -0.0736465454101562
0.0150146484375 -0.106147766113281 0.0431060791015625 -0.0547599792480469
-0.0393218994140625 -0.086669921875 0.0213966369628906 -0.0402908325195313
-0.0690155029296875 -0.0618667602539063 0.0254077911376953 -0.0275077819824219
-0.0647354125976563 -0.0642776489257813 0.0391311645507812 -0.0125083923339844
-0.0763473510742188 -0.0586166381835938 0.0370101928710937 0.005950927734375
-0.0512275695800781 -0.0681343078613281 0.0261497497558594 0.0351486206054687
-0.0256500244140625 -0.0954437255859375 0.00371932983398438 0.0374565124511719
0.00756072998046876 -0.106239318847656 -0.0245151519775391 0.0169219970703125
0.0907211303710937 -0.0912704467773438 -0.0210704803466797 -0.0158843994140625
0.111869812011719 -0.0568161010742188 0.0111885070800781 -0.0421600341796875
0.136024475097656 -0.027069091796875 0.0999832153320313 -0.0134201049804688
0.0954666137695313 0.0142822265625 0.077484130859375 -0.124656677246094
0.0987319946289063 0.0006103515625 0.0950164794921875 -0.0957565307617188
0.10211181640625 -0.0527267456054687 0.0817337036132813 -0.0645065307617188
0.0490646362304688 -0.0789413452148438 0.0612945556640625 -0.0561676025390625
0.01904296875 -0.082061767578125 0.0480117797851563 -0.0301055908203125
-0.0257644653320313 -0.0721817016601563 0.0416030883789063 -0.0162239074707031
-0.0499038696289062 -0.0582466125488281 0.053863525390625 -0.0104255676269531
-0.0462265014648438 -0.0622062683105469 0.0617294311523438 0.00290679931640625
-0.0547256469726563 -0.0624008178710937 0.0578842163085937 0.0257606506347656
-0.0297012329101562 -0.0670509338378906 0.0359840393066406 0.0566253662109375
-0.00211334228515624 -0.0854415893554688 0.00627517700195313 0.0539665222167969
0.03076171875 -0.0872726440429688 -0.0199451446533203 0.0256462097167969
0.101112365722656 -0.0548171997070313 -0.0122909545898437 -0.0103893280029297
0.110000610351562 -0.0129547119140625 0.0342521667480469 -0.0445594787597656
0.108123779296875 0.0160369873046875 0.135841369628906 -0.012176513671875
0.0419158935546875 0.044952392578125 0.0933761596679688 -0.121696472167969
0.0609512329101563 0.0286064147949219 0.0963821411132813 -0.0998077392578125
0.0707473754882813 -0.0118026733398438 0.0679130554199219 -0.0553321838378906
0.039459228515625 -0.0383262634277344 0.0572509765625 -0.0387649536132813
0.0244560241699219 -0.0429229736328125 0.0496788024902344 -0.0109062194824219
-0.00312423706054688 -0.0477409362792969 0.0550765991210937 -2.67028808593779E-05
-0.0211219787597656 -0.0475807189941406 0.0720367431640625 0.0027618408203125
-0.0201530456542969 -0.0504493713378906 0.0749893188476563 0.0190200805664062
-0.0278434753417969 -0.0557098388671875 0.0703353881835938 0.0461959838867188
-0.011322021484375 -0.0547904968261719 0.03955078125 0.0786361694335938
0.0131416320800781 -0.0651397705078125 0.00466156005859376 0.0715179443359375
0.0401229858398437 -0.0604438781738281 -0.0169181823730469 0.0388603210449219
0.0923690795898438 -0.0187759399414063 -0.00632143020629882 0.00398588180541992
0.0886154174804687 0.027557373046875 0.0511970520019531 -0.0307121276855469
0.0622177124023438 0.0527229309082031 0.156784057617188 0.0040130615234375
-0.001495361328125 -0.0818634033203125 -0.159698486328125 -0.00718688964843749
-0.0483856201171875 -0.0366706848144531 -0.0581321716308594 0.0177688598632812
-0.0596122741699219 0.00229644775390624 0.0146846771240234 -0.0231056213378906
-0.036102294921875 0.0345001220703125 0.0269584655761719 -0.0640983581542969
-0.0172367095947266 0.0342350006103516 0.00551605224609376 -0.0924148559570313
-0.00043296813964844 0.0335330963134766 -0.0418853759765625 -0.100044250488281
-0.00247383117675781 0.0327033996582031 -0.0858230590820313 -0.0637283325195313
-0.0115203857421875 0.0309123992919922 -0.0831985473632813 -0.0330429077148438
-0.0128726959228516 0.0309314727783203 -0.0767593383789063 -0.0110626220703125
-0.0211925506591797 0.0158004760742188 -0.0669593811035156 -0.00854110717773437
-0.0282039642333984 0.00707054138183593 -0.0567092895507813 0.00841903686523438
-0.0374717712402344 -0.00389862060546875 -0.0578575134277344 0.024932861328125
-0.037078857421875 -0.0344696044921875 -0.0651931762695313 0.0410842895507812
-0.0247535705566406 -0.059417724609375 -0.0857009887695313 0.0899581909179687
0.00941467285156251 -0.08148193359375 -0.09698486328125 0.110481262207031
0.0579986572265625 -0.0923538208007813 -0.147903442382813 -0.0355377197265625
0.00110244750976563 -0.0530014038085938 -0.0492668151855469 -0.00418090820312499
-0.0173873901367188 -0.0303325653076172 0.0268745422363281 -0.0412940979003906
-0.0164966583251953 -0.00226593017578125 0.0316848754882812 -0.0812149047851563
-0.011265754699707 -0.00383663177490234 0.009002685546875 -0.104049682617187
-0.0152387619018555 0.00148391723632813 -0.0408706665039063 -0.108879089355469
-0.0300827026367188 0.0104770660400391 -0.0813140869140625 -0.0717697143554688
-0.0391426086425781 0.00833511352539062 -0.0735015869140625 -0.040679931640625
-0.046905517578125 0.01263427734375 -0.0687980651855469 -0.0167808532714844
-0.04730224609375 -0.00878524780273437 -0.0581817626953125 -0.00788879394531251
-0.0446014404296875 -0.0302009582519531 -0.0497322082519531 0.007598876953125
-0.0376968383789063 -0.0483741760253906 -0.055511474609375 0.0181961059570312
-0.00424194335937499 -0.0746231079101563 -0.0540580749511719 0.0261955261230469
0.0153274536132813 -0.0889663696289063 -0.0683784484863281 0.0692825317382812
0.0627975463867188 -0.101997375488281 -0.0734100341796875 0.0891571044921875
0.111312866210938 -0.090423583984375 -0.116806030273438 -0.0639419555664063
0.0544700622558594 -0.0601768493652344 -0.0261936187744141 -0.0234947204589844
0.0340690612792969 -0.0641822814941406 0.0469131469726563 -0.0551872253417969
0.00754928588867187 -0.0450172424316406 0.0409164428710938 -0.0935211181640625
-0.00304412841796875 -0.0472373962402344 0.0147323608398438 -0.107940673828125
-0.0287990570068359 -0.0338840484619141 -0.0355148315429687 -0.106239318847656
-0.054046630859375 -0.014892578125 -0.0661697387695313 -0.0713958740234375
-0.061859130859375 -0.0167694091796875 -0.0527267456054688 -0.0421218872070313
-0.07391357421875 -0.00703430175781251 -0.0485687255859375 -0.018096923828125
-0.0668907165527344 -0.0286293029785156 -0.0401382446289063 -0.00229263305664063
-0.0579490661621094 -0.0596046447753906 -0.0377922058105469 0.0118789672851562
-0.0405807495117188 -0.0833282470703125 -0.0504188537597656 0.0155792236328125
0.0206985473632813 -0.106437683105469 -0.0454483032226563 0.0120925903320312
0.0482025146484375 -0.108985900878906 -0.0494918823242187 0.0406608581542969
0.106208801269531 -0.110191345214844 -0.0355377197265625 0.0595970153808594
0.146408081054688 -0.0768280029296875 -0.068267822265625 -0.088653564453125
0.100814819335938 -0.0598907470703125 0.00805282592773438 -0.0433807373046875
0.0804290771484375 -0.09210205078125 0.0680122375488281 -0.0637626647949219
0.0298309326171875 -0.0850906372070313 0.0516815185546875 -0.0969772338867188
0.00312805175781249 -0.0866546630859375 0.023681640625 -0.101287841796875
-0.0404930114746094 -0.0648880004882813 -0.0223846435546875 -0.092254638671875
-0.0713424682617188 -0.0387725830078125 -0.0410270690917969 -0.06195068359375
-0.0751724243164062 -0.0391464233398438 -0.0235862731933594 -0.0378150939941406
-0.0895843505859375 -0.0267181396484375 -0.0209693908691406 -0.0158882141113281
-0.0760269165039063 -0.045135498046875 -0.0165328979492188 0.00590419769287109
-0.0620803833007813 -0.079925537109375 -0.0223789215087891 0.0178604125976562
-0.03790283203125 -0.104423522949219 -0.0435905456542969 0.0146865844726562
0.0423431396484375 -0.123527526855469 -0.0392570495605469 -0.00149917602539063
0.0752716064453125 -0.113601684570313 -0.0316390991210937 0.00666618347167969
0.134384155273438 -0.101631164550781 0.00891113281250001 0.0276527404785156
0.156326293945313 -0.053192138671875 -0.0148391723632812 -0.10870361328125
0.126060485839844 -0.0495529174804688 0.0449867248535156 -0.0642662048339844
0.111427307128906 -0.102920532226563 0.083251953125 -0.06976318359375
0.045196533203125 -0.109550476074219 0.0602798461914063 -0.091094970703125
0.00662994384765625 -0.109977722167969 0.0341339111328125 -0.0830764770507813
-0.04718017578125 -0.0839080810546875 -0.00259780883789063 -0.0682563781738281
-0.0784378051757812 -0.0541000366210938 -0.00918960571289063 -0.0466995239257813
-0.07757568359375 -0.0548934936523438 0.00890731811523437 -0.0279464721679688
-0.0918807983398438 -0.0435104370117187 0.00915813446044921 -0.00814056396484375
-0.0704269409179688 -0.0589065551757813 0.00707435607910156 0.0185966491699219
-0.0521087646484375 -0.0919342041015625 -0.007904052734375 0.0267353057861328
-0.0223846435546875 -0.113792419433594 -0.0358352661132813 0.0153770446777344
0.0668106079101562 -0.120033264160156 -0.0328922271728516 -0.0117454528808594
0.0980224609375 -0.09661865234375 -0.0129909515380859 -0.0235233306884766
0.1455078125 -0.074127197265625 0.0568389892578125 -0.000366210937500005
0.138839721679688 -0.0231170654296875 0.036651611328125 -0.122512817382812
0.125869750976563 -0.029449462890625 0.0760116577148438 -0.0839462280273438
0.117813110351562 -0.090423583984375 0.088653564453125 -0.071807861328125
0.0507965087890625 -0.107749938964844 0.0640945434570313 -0.0771484375
0.0105133056640625 -0.109024047851563 0.0428886413574219 -0.0574722290039063
-0.0429306030273437 -0.0860061645507813 0.0210227966308594 -0.0413742065429688
-0.0719375610351563 -0.05963134765625 0.0250988006591797 -0.02923583984375
-0.0689773559570313 -0.0623970031738281 0.0382843017578125 -0.0145187377929688
-0.0796051025390625 -0.0558090209960938 0.0371780395507812 0.00569915771484375
-0.0538749694824219 -0.0671310424804688 0.0263252258300781 0.0357933044433594
-0.030029296875 -0.09527587890625 0.00242996215820313 0.0394554138183594
0.00286865234374999 -0.108322143554688 -0.0279922485351563 0.0188865661621094
0.0896530151367187 -0.0969772338867187 -0.0247230529785156 -0.0159492492675781
0.113128662109375 -0.0615463256835938 0.00885772705078125 -0.0443916320800781
0.138862609863281 -0.0335006713867188 0.10150146484375 -0.0162200927734375
0.0997238159179688 0.0107345581054688 0.0725936889648438 -0.130073547363281
0.103111267089844 -0.003021240234375 0.0929641723632812 -0.0988616943359375
0.103118896484375 -0.05926513671875 0.08197021484375 -0.06817626953125
0.0474090576171875 -0.0821075439453125 0.06219482421875 -0.0595474243164063
0.0152359008789063 -0.0847549438476563 0.0493049621582031 -0.0323410034179688
-0.0290908813476563 -0.0719451904296875 0.0426673889160156 -0.0180168151855469
-0.0525054931640625 -0.0560684204101563 0.0544776916503906 -0.0130500793457031
-0.0491371154785156 -0.0603713989257813 0.0617027282714844 0.000625610351562496
-0.0583152770996094 -0.0605010986328125 0.0591926574707031 0.0246963500976562
-0.0324134826660156 -0.0668067932128906 0.0377731323242188 0.0582771301269531
-0.00619506835937501 -0.0863571166992188 0.0054473876953125 0.0558891296386719
0.0273590087890625 -0.0905075073242188 -0.0223617553710937 0.0267410278320313
0.1015625 -0.0607376098632812 -0.0151996612548828 -0.0114536285400391
0.112808227539062 -0.0171890258789062 0.0321159362792969 -0.0469627380371094
0.111763000488281 0.0122604370117187 0.138282775878906 -0.0163726806640625
0.0465888977050781 0.0449485778808594 0.0898895263671875 -0.126968383789063
0.0645904541015625 0.0269737243652344 0.0945816040039063 -0.103141784667969
0.0735855102539063 -0.0165863037109375 0.0687446594238281 -0.0577621459960937
0.0381927490234375 -0.0408058166503906 0.0580215454101563 -0.0405082702636719
0.0220298767089844 -0.0453987121582031 0.0520362854003906 -0.0127449035644531
-0.00584030151367187 -0.0477027893066406 0.05712890625 -0.00179290771484375
-0.0237045288085938 -0.0458793640136719 0.07366943359375 -9.91821289062528E-05
-0.0235023498535156 -0.0496482849121094 0.0764312744140625 0.0155029296875
-0.0312156677246094 -0.0547561645507813 0.072601318359375 0.0448379516601563
-0.0129356384277344 -0.0542640686035156 0.04193115234375 0.0804443359375
0.00990295410156251 -0.0666275024414063 0.0051422119140625 0.0737686157226563
0.0379791259765625 -0.0630874633789063 -0.0188789367675781 0.0404052734375
0.0934677124023437 -0.02398681640625 -0.00859022140502929 0.00298833847045898
0.0920333862304688 0.0240631103515625 0.0494499206542969 -0.0333328247070313
0.0663681030273438 0.0515632629394531 0.160659790039063 -0.0012359619140625
-0.00801086425781249 -0.0821914672851562 -0.160858154296875 0.00135803222656252
-0.0517463684082031 -0.032989501953125 -0.0557785034179688 0.0219230651855469
-0.0603561401367188 0.00771331787109374 0.0148410797119141 -0.0232315063476562
-0.0330276489257813 0.0377693176269531 0.0258445739746094 -0.0658950805664063
-0.013916015625 0.0357589721679687 0.00234222412109375 -0.0942230224609375
0.00246238708496094 0.0322818756103516 -0.0468597412109375 -0.100357055664062
-9.72747802734374E-05 0.0317554473876953 -0.0894088745117188 -0.05963134765625
-0.00930976867675781 0.0309505462646484 -0.0847320556640625 -0.0284271240234375
-0.0111579895019531 0.0311145782470703 -0.0783309936523438 -0.00614929199218748
-0.0200901031494141 0.0159568786621094 -0.0697059631347656 -0.00446701049804686
-0.0268173217773437 0.00820159912109375 -0.0584030151367188 0.0111846923828125
-0.0372161865234375 -0.000457763671874994 -0.0586585998535156 0.0276145935058594
-0.0400276184082031 -0.0313987731933594 -0.0648574829101562 0.0423851013183594
-0.0292396545410156 -0.0568885803222656 -0.0820465087890625 0.0939254760742187
0.00260162353515625 -0.0826339721679688 -0.091644287109375 0.117568969726563
0.0517730712890625 -0.0965652465820313 -0.151290893554687 -0.027496337890625
-0.00298309326171874 -0.0521659851074219 -0.0479583740234375 -0.000202178955078124
-0.0193958282470703 -0.0277690887451172 0.0265922546386719 -0.0422515869140625
-0.0159034729003906 0.000901222229003907 0.0296401977539063 -0.082977294921875
-0.00991916656494141 -0.00250816345214844 0.00497436523437501 -0.105491638183594
-0.0136899948120117 0.00162220001220703 -0.0461349487304687 -0.108154296875
-0.0288715362548828 0.0106143951416016 -0.0859756469726563 -0.0679550170898438
-0.0382347106933594 0.00942611694335937 -0.0761260986328125 -0.0365753173828125
-0.0463104248046875 0.0144233703613281 -0.0707015991210937 -0.0118942260742188
-0.0471611022949219 -0.00745010375976563 -0.0612564086914063 -0.00360107421875
-0.0449562072753906 -0.0284576416015625 -0.0524215698242188 0.0109443664550781
-0.0397682189941406 -0.0451164245605469 -0.0568580627441406 0.0209388732910156
-0.0091094970703125 -0.0728988647460938 -0.0550193786621094 0.0268363952636719
0.00965118408203126 -0.0888137817382813 -0.0658950805664062 0.0728073120117188
0.0562820434570313 -0.106849670410156 -0.0690078735351562 0.0945663452148438
0.105522155761719 -0.0971908569335938 -0.122169494628906 -0.0570068359375
0.0512046813964844 -0.0626449584960938 -0.0254135131835937 -0.0203971862792969
0.0294227600097656 -0.0650100708007812 0.0456008911132813 -0.0575370788574219
0.00672149658203126 -0.0437698364257813 0.0385284423828125 -0.0962448120117188
-0.00457382202148438 -0.0465278625488281 0.0103912353515625 -0.109977722167969
-0.0294475555419922 -0.033203125 -0.0406112670898438 -0.105369567871094
-0.0542831420898438 -0.0130538940429687 -0.0705947875976563 -0.06793212890625
-0.0624427795410156 -0.0133476257324219 -0.0558700561523438 -0.0394363403320313
-0.0742111206054688 -0.00354766845703125 -0.0512657165527344 -0.0145721435546875
-0.0679550170898438 -0.0261878967285156 -0.0426559448242188 0.000923156738281246
-0.06024169921875 -0.0568656921386719 -0.0403251647949219 0.0150184631347656
-0.0445556640625 -0.0806045532226563 -0.0533485412597656 0.0189132690429687
0.0151748657226563 -0.107429504394531 -0.0474624633789062 0.0122261047363281
0.0422439575195313 -0.111175537109375 -0.048797607421875 0.0425643920898438
0.0999679565429688 -0.117469787597656 -0.0323905944824219 0.0632057189941406
0.142608642578125 -0.085357666015625 -0.0754165649414062 -0.0847091674804688
0.0980072021484375 -0.0653610229492188 0.0066375732421875 -0.0416450500488281
0.0759353637695313 -0.0967330932617187 0.0667228698730469 -0.0681495666503906
0.0264892578125 -0.0864944458007813 0.04913330078125 -0.100257873535156
-0.00135803222656249 -0.0872344970703125 0.0193710327148437 -0.103340148925781
-0.0435104370117188 -0.0634536743164063 -0.0265884399414062 -0.0914077758789063
-0.0727157592773438 -0.0348052978515625 -0.0447196960449219 -0.0598983764648438
-0.077545166015625 -0.0351943969726563 -0.0265007019042969 -0.0369224548339844
-0.0906982421875 -0.0214004516601562 -0.0228500366210938 -0.0136528015136719
-0.077545166015625 -0.0423355102539063 -0.0183353424072266 0.00806427001953124
-0.0662765502929687 -0.0767822265625 -0.0248870849609375 0.02081298828125
-0.0435714721679688 -0.102951049804688 -0.0467033386230469 0.0179824829101562
0.0364608764648438 -0.126167297363281 -0.0417098999023438 -0.00059890747070314
0.070159912109375 -0.117164611816406 -0.0323867797851562 0.00797462463378906
0.129501342773438 -0.110443115234375 0.0109825134277344 0.0278968811035156
0.154769897460938 -0.0626983642578125 -0.021881103515625 -0.107414245605469
0.125076293945313 -0.0562362670898438 0.0424690246582031 -0.0648117065429688
0.10614013671875 -0.109901428222656 0.081451416015625 -0.0744094848632813
0.0399322509765625 -0.112167358398437 0.0578689575195312 -0.0948944091796875
0.000343322753906249 -0.110794067382813 0.030609130859375 -0.0858383178710937
-0.0511016845703125 -0.0818557739257813 -0.00558853149414062 -0.0686759948730469
-0.0803375244140625 -0.0497817993164062 -0.0121116638183594 -0.0467681884765625
-0.0813980102539063 -0.0508270263671875 0.00542259216308593 -0.0288333892822266
-0.0938644409179687 -0.03857421875 0.00769805908203124 -0.00744438171386719
-0.0728836059570312 -0.05560302734375 0.00673675537109374 0.0199108123779297
-0.0565872192382812 -0.0900802612304688 -0.00969123840332032 0.0290489196777344
-0.0291671752929687 -0.112899780273438 -0.0388374328613281 0.0184516906738281
0.0606765747070312 -0.12506103515625 -0.0358924865722656 -0.0110969543457031
0.0940933227539063 -0.101974487304688 -0.0157871246337891 -0.0239601135253906
0.143722534179688 -0.0830841064453125 0.0574836730957031 -0.00276565551757813
0.139625549316406 -0.0310516357421875 0.0287628173828125 -0.124794006347656
0.126358032226563 -0.035614013671875 0.0719146728515625 -0.0862197875976563
0.115280151367188 -0.098236083984375 0.086639404296875 -0.0772247314453125
0.0460052490234375 -0.111625671386719 0.06146240234375 -0.0811538696289063
0.0040130615234375 -0.11083984375 0.0414009094238281 -0.0605850219726563
-0.0479660034179687 -0.0841751098632813 0.0191993713378906 -0.0424232482910156
-0.0750885009765625 -0.0554046630859375 0.0233402252197266 -0.0309162139892578
-0.072845458984375 -0.0587844848632813 0.0367240905761719 -0.0169906616210938
-0.083526611328125 -0.0512008666992187 0.0368804931640625 0.00463104248046875
-0.0569915771484375 -0.0643119812011719 0.0267219543457031 0.0358772277832031
-0.0356521606445312 -0.093536376953125 0.00113296508789062 0.04095458984375
-0.00334930419921875 -0.109405517578125 -0.0311107635498047 0.0214672088623047
0.08563232421875 -0.103073120117188 -0.028106689453125 -0.0158901214599609
0.111381530761719 -0.0678329467773438 0.00515747070312501 -0.0455513000488281
0.138885498046875 -0.041534423828125 0.101219177246094 -0.0215606689453125
0.1024169921875 0.00524139404296875 0.0653457641601563 -0.133522033691406
0.104782104492187 -0.00775146484375 0.0885467529296875 -0.101692199707031
0.101943969726563 -0.066650390625 0.0801239013671875 -0.0723800659179688
0.0432891845703125 -0.0858993530273438 0.0607070922851563 -0.0625839233398438
0.00983428955078124 -0.087188720703125 0.0488128662109375 -0.0354804992675781
-0.0338516235351563 -0.071044921875 0.0431022644042969 -0.0192985534667969
-0.0561866760253906 -0.0529212951660156 0.0539741516113281 -0.0161819458007813
-0.0538978576660156 -0.0575752258300781 0.0613975524902344 -0.00339889526367188
-0.0627899169921875 -0.05657958984375 0.0602188110351562 0.0224456787109375
-0.036163330078125 -0.0641136169433594 0.0398788452148438 0.0580253601074219
-0.0112838745117187 -0.0861282348632813 0.00600051879882812 0.0576858520507813
0.02191162109375 -0.0924453735351563 -0.0246620178222656 0.0286636352539062
0.100105285644531 -0.0682373046875 -0.0179252624511719 -0.0117168426513672
0.113258361816406 -0.0231094360351563 0.0281448364257813 -0.0498886108398438
0.114265441894531 0.00620269775390625 0.138465881347656 -0.023895263671875
0.0513763427734375 0.0423011779785156 0.0828933715820313 -0.132133483886719
0.0682945251464844 0.0235862731933594 0.0900650024414063 -0.106460571289063
0.0740432739257812 -0.022552490234375 0.0677604675292969 -0.0604438781738281
0.0359153747558594 -0.0445747375488281 0.0580825805664063 -0.0433578491210938
0.0185508728027344 -0.0478286743164063 0.0530967712402344 -0.0158538818359375
-0.00886917114257812 -0.0479774475097656 0.0587806701660156 -0.00452804565429688
-0.0267868041992187 -0.0435714721679688 0.0737075805664062 -0.00481414794921875
-0.0271263122558594 -0.0478363037109375 0.0765609741210938 0.0108566284179687
-0.0356941223144531 -0.0519027709960938 0.0754776000976563 0.0413589477539063
-0.0166969299316406 -0.0533294677734375 0.0464096069335938 0.0797882080078125
0.00514984130859375 -0.06695556640625 0.00643157958984376 0.0758590698242188
0.0340003967285156 -0.0667037963867187 -0.0199317932128906 0.0420684814453125
0.0932464599609375 -0.0313949584960938 -0.0107383728027344 0.00261688232421875
0.095428466796875 0.0184707641601562 0.0464324951171875 -0.0373878479003906
0.0715484619140625 0.0487289428710938 0.162384033203125 -0.0095367431640625
-0.0146560668945313 -0.08001708984375 -0.158096313476563 0.01031494140625
-0.0532112121582031 -0.0287094116210937 -0.0516548156738281 0.0243034362792969
-0.0584907531738281 0.0128021240234375 0.0151386260986328 -0.022674560546875
-0.0285186767578125 0.0401535034179687 0.0239753723144531 -0.065399169921875
-0.00999832153320312 0.0360641479492188 -0.00104522705078125 -0.0933380126953125
0.00489234924316406 0.0302486419677734 -0.0508193969726563 -0.0975723266601563
0.00187110900878906 0.0292778015136719 -0.0911026000976563 -0.0538177490234375
-0.00692558288574219 0.0307826995849609 -0.0845794677734375 -0.0227432250976563
-0.00848770141601563 0.0304527282714844 -0.0778884887695313 -0.000610351562500012
-0.0183677673339844 0.0158290863037109 -0.0699882507324219 0.000251770019531237
-0.0243492126464844 0.00948143005371094 -0.0584869384765625 0.0146865844726563
-0.0352249145507813 0.00317001342773437 -0.05816650390625 0.0301399230957031
-0.0417518615722656 -0.0269317626953125 -0.0632476806640625 0.0427513122558594
-0.0325050354003906 -0.0530014038085937 -0.0761642456054688 0.0956344604492187
-0.00344848632812499 -0.0809860229492188 -0.0825881958007812 0.121284484863281
0.0434188842773438 -0.0974655151367187 -0.149734497070313 -0.0184326171875
-0.00645065307617188 -0.0492706298828125 -0.0453529357910156 0.00320816040039063
-0.02117919921875 -0.0246505737304688 0.0248641967773438 -0.0422782897949219
-0.0133495330810547 0.00305271148681641 0.0261917114257813 -0.082550048828125
-0.00799369812011719 -0.00139093399047852 0.000900268554687499 -0.104324340820313
-0.0118398666381836 0.00103473663330078 -0.0504379272460938 -0.104461669921875
-0.026763916015625 0.0107154846191406 -0.0869903564453125 -0.0620193481445313
-0.0363998413085937 0.0111083984375 -0.0767745971679688 -0.0308456420898437
-0.0430107116699219 0.0161552429199219 -0.0709381103515625 -0.00659179687499999
-0.0454597473144531 -0.00533676147460937 -0.0623207092285156 0.000507354736328118
-0.0441017150878906 -0.02557373046875 -0.053009033203125 0.0138664245605469
-0.0403861999511719 -0.0412330627441406 -0.0571861267089844 0.0237960815429687
-0.0125579833984375 -0.0703125 -0.0543022155761719 0.0275802612304688
0.00411987304687499 -0.0858688354492188 -0.0609664916992188 0.0740814208984375
0.0478591918945313 -0.108345031738281 -0.0618362426757812 0.097259521484375
0.0966949462890625 -0.101280212402344 -0.123336791992188 -0.0483932495117187
0.0460739135742188 -0.0630378723144531 -0.0251331329345703 -0.0172653198242188
0.0246772766113281 -0.0641746520996094 0.0428390502929688 -0.0580635070800781
0.0054473876953125 -0.0416908264160156 0.0340042114257813 -0.0961227416992188
-0.00616073608398437 -0.0445709228515625 0.00582885742187501 -0.108909606933594
-0.029754638671875 -0.031158447265625 -0.044952392578125 -0.101310729980469
-0.0528488159179687 -0.0107994079589844 -0.0729598999023437 -0.0630950927734375
-0.0614509582519531 -0.0103683471679688 -0.0571861267089844 -0.0352973937988281
-0.0718307495117188 0.000305175781250002 -0.0516815185546875 -0.010162353515625
-0.0669784545898438 -0.0229110717773438 -0.0436172485351563 0.00452804565429687
-0.0605392456054688 -0.0530319213867187 -0.0416831970214844 0.0179328918457031
-0.0474853515625 -0.0753097534179688 -0.054412841796875 0.02178955078125
0.00878143310546874 -0.1053466796875 -0.0487327575683594 0.0129051208496094
0.0349884033203125 -0.109893798828125 -0.0464286804199219 0.04376220703125
0.0907516479492188 -0.1214599609375 -0.0282402038574219 0.0642776489257812
0.134559631347656 -0.092071533203125 -0.0794601440429687 -0.0774765014648438
0.0927505493164063 -0.0678558349609375 0.00595092773437501 -0.0390281677246094
0.0684051513671875 -0.0984954833984375 0.0629158020019531 -0.0695571899414063
0.0224685668945312 -0.0844650268554688 0.0445480346679688 -0.100860595703125
-0.0059967041015625 -0.08477783203125 0.0145416259765625 -0.102798461914063
-0.0451583862304688 -0.0599861145019531 -0.0307235717773437 -0.0885162353515625
-0.0729598999023438 -0.0307540893554688 -0.047760009765625 -0.0562286376953125
-0.0779190063476563 -0.0308074951171875 -0.0292606353759766 -0.0340251922607422
-0.0898284912109375 -0.015869140625 -0.0239524841308594 -0.0109939575195313
-0.0770187377929688 -0.0376510620117187 -0.0192012786865234 0.0104999542236328
-0.0673828125 -0.0720443725585938 -0.0259532928466797 0.0235214233398437
-0.0478363037109375 -0.0977706909179688 -0.048248291015625 0.02105712890625
0.0289993286132813 -0.125526428222656 -0.0441665649414063 -0.000129699707031249
0.06231689453125 -0.117820739746094 -0.0329856872558594 0.00882530212402342
0.120643615722656 -0.116615295410156 0.0127887725830078 0.02728271484375
0.148513793945312 -0.0701141357421875 -0.0289306640625 -0.102912902832031
0.120208740234375 -0.0612640380859375 0.0394554138183594 -0.0628662109375
0.0977401733398438 -0.11407470703125 0.0770339965820313 -0.0768966674804688
0.0340576171875 -0.1116943359375 0.0531387329101563 -0.0963287353515625
-0.00572967529296874 -0.108985900878906 0.026824951171875 -0.0862045288085938
-0.0541458129882813 -0.0774383544921875 -0.0081024169921875 -0.0673599243164063
-0.0814285278320312 -0.0445556640625 -0.0149612426757813 -0.0453567504882813
-0.0827255249023438 -0.0454025268554688 0.00289154052734375 -0.0283622741699219
-0.0937576293945313 -0.0316085815429688 0.00645256042480468 -0.00633049011230469
-0.0737075805664063 -0.0510635375976562 0.00650405883789062 0.0208969116210937
-0.0602035522460938 -0.0845565795898437 -0.0107173919677734 0.0304718017578125
-0.0344390869140625 -0.108009338378906 -0.0410346984863281 0.0213356018066406
0.0533218383789062 -0.126152038574219 -0.0390586853027344 -0.0104751586914063
0.0872802734375 -0.104782104492188 -0.0183429718017578 -0.0231056213378906
0.136955261230469 -0.090301513671875 0.05633544921875 -0.00573348999023438
0.136405944824219 -0.0388717651367188 0.0204086303710938 -0.12310791015625
0.123664855957031 -0.0415115356445313 0.0667953491210938 -0.0859756469726563
0.108261108398438 -0.103950500488281 0.0812835693359375 -0.079742431640625
0.039520263671875 -0.112060546875 0.057220458984375 -0.0830612182617188
-0.00215148925781249 -0.1087646484375 0.0383071899414062 -0.06219482421875
-0.0516586303710937 -0.0797958374023438 0.0179595947265625 -0.0419158935546875
-0.0763168334960938 -0.0497283935546875 0.0207424163818359 -0.0315265655517578
-0.0752792358398437 -0.0530548095703125 0.033905029296875 -0.0188388824462891
-0.0844268798828125 -0.0445938110351563 0.0355491638183594 0.00337600708007812
-0.0588836669921875 -0.0602607727050781 0.0275306701660156 0.0355949401855469
-0.0396270751953125 -0.0893173217773437 0.000324249267578127 0.0426101684570312
-0.00968933105468751 -0.106605529785156 -0.0329093933105469 0.0237503051757812
0.0786972045898438 -0.106758117675781 -0.0308322906494141 -0.01531982421875
0.106063842773438 -0.0725631713867188 0.000675201416015632 -0.0454673767089844
0.134864807128906 -0.0493240356445313 0.0986328125 -0.0266952514648438
0.102424621582031 -0.0011749267578125 0.0555801391601563 -0.133888244628906
0.1044921875 -0.0134353637695312 0.0826263427734375 -0.102439880371094
0.0967483520507813 -0.0726165771484375 0.075592041015625 -0.0748977661132813
0.03778076171875 -0.0875473022460938 0.0575218200683594 -0.0641975402832031
0.0042724609375 -0.0863876342773438 0.0466880798339844 -0.0372428894042969
-0.0369529724121094 -0.0673103332519531 0.0421905517578125 -0.0210227966308594
-0.0577659606933594 -0.0473556518554688 0.0513763427734375 -0.0195045471191406
-0.0564804077148438 -0.0531654357910156 0.0587539672851563 -0.006866455078125
-0.0649337768554688 -0.0507354736328125 0.0598182678222656 0.0191841125488281
-0.0391082763671875 -0.0613479614257813 0.0420303344726563 0.0559539794921875
-0.0160140991210938 -0.08282470703125 0.00680923461914062 0.0580482482910156
0.0158004760742187 -0.0920333862304688 -0.0257339477539062 0.0307369232177734
0.0940628051757813 -0.0741195678710938 -0.0206127166748047 -0.0114021301269531
0.111122131347656 -0.029388427734375 0.0230369567871094 -0.050933837890625
0.114097595214844 -0.00060272216796875 0.134437561035156 -0.030853271484375
0.0546875 0.0383644104003906 0.0733795166015625 -0.133827209472656
0.0700454711914063 0.0189399719238281 0.0830764770507813 -0.108024597167969
0.0719146728515625 -0.028167724609375 0.0641975402832031 -0.0629348754882813
0.0320625305175781 -0.0461349487304688 0.0554924011230469 -0.0452079772949219
0.0148086547851563 -0.0485801696777344 0.0526695251464844 -0.0183639526367188
-0.0120697021484375 -0.0457229614257813 0.0586624145507813 -0.00754928588867188
-0.0289192199707031 -0.0398788452148438 0.0718536376953125 -0.00907135009765625
-0.0299606323242187 -0.0447120666503906 0.07525634765625 0.00548553466796875
-0.0384445190429688 -0.04766845703125 0.0760726928710937 0.03680419921875
-0.019378662109375 -0.05084228515625 0.0492706298828125 0.0766067504882813
0.000381469726562499 -0.0651473999023438 0.00856781005859375 0.0748443603515625
0.0282096862792969 -0.0675621032714844 -0.0202178955078125 0.0422630310058594
0.0900497436523438 -0.037933349609375 -0.0120668411254883 0.00240135192871094
0.0955734252929688 0.0119552612304688 0.0419387817382813 -0.0394515991210938
0.0743408203125 0.04339599609375 0.158767700195313 -0.018157958984375
-0.0188827514648438 -0.075927734375 -0.152862548828125 0.0145111083984375
-0.0533981323242188 -0.02490234375 -0.0481643676757812 0.0249137878417969
-0.0557708740234375 0.0161361694335937 0.0155391693115234 -0.0216178894042969
-0.0247802734375 0.0410652160644531 0.0230712890625 -0.064208984375
-0.0062103271484375 0.0354423522949219 -0.00224304199218749 -0.0908432006835938
0.00666236877441406 0.027618408203125 -0.05206298828125 -0.0937423706054687
0.00257682800292969 0.0271930694580078 -0.0895462036132813 -0.0490798950195313
-0.00512313842773437 0.0294399261474609 -0.0825271606445313 -0.0189971923828125
-0.00664138793945313 0.0288619995117188 -0.0758285522460938 0.00278472900390627
-0.016754150390625 0.0150737762451172 -0.0694580078125 0.00305557250976563
-0.0219688415527344 0.0097198486328125 -0.0580291748046875 0.0162162780761719
-0.0332622528076172 0.00539016723632813 -0.0570144653320313 0.0306587219238281
-0.0416908264160156 -0.0226631164550781 -0.0622100830078125 0.0419044494628906
-0.0344276428222656 -0.0492591857910156 -0.0709304809570313 0.0943145751953125
-0.00788116455078126 -0.0779037475585938 -0.0755081176757813 0.119903564453125
0.0369720458984375 -0.0952072143554687 -0.146102905273438 -0.0126190185546875
-0.00832748413085938 -0.0464973449707031 -0.0421676635742187 0.00469970703125001
-0.0210304260253906 -0.0211677551269531 0.0239677429199219 -0.0409698486328125
-0.0110797882080078 0.00455284118652344 0.0246963500976563 -0.0807876586914063
-0.00576972961425781 -0.00082111358642578 -0.000930786132812499 -0.101509094238281
-0.0102910995483398 0.000178337097167967 -0.0517425537109375 -0.100433349609375
-0.0253658294677734 0.0103130340576172 -0.0867919921875 -0.057403564453125
-0.0343379974365234 0.0112495422363281 -0.0755081176757813 -0.0267791748046875
-0.0408554077148438 0.0165367126464844 -0.0691947937011719 -0.00307846069335936
-0.04388427734375 -0.0043792724609375 -0.0618972778320313 0.00314712524414064
-0.0420417785644531 -0.0236625671386719 -0.0528373718261719 0.0159645080566406
-0.0391159057617188 -0.0372314453125 -0.0574913024902344 0.0245857238769531
-0.0145683288574219 -0.0662307739257813 -0.0545425415039062 0.0265007019042969
0.000900268554687503 -0.08209228515625 -0.0577850341796875 0.0729446411132813
0.0413284301757813 -0.106658935546875 -0.0558242797851562 0.0962982177734375
0.0886993408203125 -0.100692749023438 -0.121803283691406 -0.0421905517578125
0.0423316955566406 -0.0609588623046875 -0.0229930877685547 -0.0151309967041016
0.0214500427246094 -0.0615043640136719 0.0409164428710937 -0.05712890625
0.0052337646484375 -0.0390472412109375 0.0316314697265625 -0.0944290161132813
-0.00590896606445312 -0.042510986328125 0.00341033935546876 -0.1053466796875
-0.0280723571777344 -0.0303459167480469 -0.0456924438476562 -0.0973281860351562
-0.0512237548828125 -0.00916290283203126 -0.0730819702148438 -0.0582962036132812
-0.0593109130859375 -0.00862121582031251 -0.0573043823242188 -0.031707763671875
-0.0689353942871094 0.00231933593749999 -0.0508155822753906 -0.00713348388671876
-0.0652275085449219 -0.020904541015625 -0.0435714721679688 0.00669097900390626
-0.059173583984375 -0.0494384765625 -0.0418777465820313 0.0199356079101563
-0.04742431640625 -0.0705795288085938 -0.0545387268066406 0.0230026245117187
0.0055084228515625 -0.101181030273438 -0.0492973327636719 0.011810302734375
0.0303726196289063 -0.106101989746094 -0.0452232360839844 0.0431289672851562
0.0831298828125 -0.120750427246094 -0.0247955322265625 0.0634231567382813
0.126335144042969 -0.0925750732421875 -0.0805740356445312 -0.0712356567382812
0.0873031616210937 -0.0675582885742188 0.00621414184570313 -0.0359039306640625
0.0622177124023437 -0.0966033935546875 0.0593528747558594 -0.0684852600097656
0.0200424194335937 -0.0816116333007812 0.0416412353515625 -0.099395751953125
-0.00802612304687501 -0.08111572265625 0.0125503540039062 -0.100227355957031
-0.0448799133300781 -0.0567512512207031 -0.0314254760742188 -0.0847549438476562
-0.0703964233398438 -0.0278854370117188 -0.0483436584472656 -0.0532951354980469
-0.0763626098632813 -0.0272598266601562 -0.0307025909423828 -0.0315532684326172
-0.0868148803710938 -0.0123138427734375 -0.0246486663818359 -0.00883865356445313
-0.0750732421875 -0.0345001220703125 -0.0197048187255859 0.0120506286621094
-0.0670967102050781 -0.0677909851074219 -0.0268192291259766 0.0252056121826172
-0.048736572265625 -0.0922393798828125 -0.0491294860839844 0.0228958129882813
0.0242462158203125 -0.122230529785156 -0.0452003479003906 -0.000274658203125005
0.0566940307617187 -0.115394592285156 -0.0327110290527344 0.0088520050048828
0.113067626953125 -0.117332458496094 0.0136585235595703 0.0262603759765625
0.141357421875 -0.07305908203125 -0.03216552734375 -0.0972061157226563
0.11529541015625 -0.0619583129882813 0.0373420715332031 -0.06005859375
0.090972900390625 -0.113616943359375 0.0730056762695313 -0.0765533447265625
0.0300216674804688 -0.108306884765625 0.0496902465820313 -0.0951156616210938
-0.0087890625 -0.105026245117188 0.02410888671875 -0.0844650268554687
-0.0542678833007813 -0.0731887817382812 -0.00907516479492188 -0.0643577575683594
-0.0790939331054687 -0.040252685546875 -0.0160331726074219 -0.0426483154296875
-0.0815505981445312 -0.0410919189453125 0.000570297241210935 -0.0269584655761719
-0.091583251953125 -0.0271377563476562 0.0049910545349121 -0.00578069686889649
-0.072662353515625 -0.0472335815429688 0.00523567199707031 0.0208644866943359
-0.0599212646484375 -0.0802078247070312 -0.0123920440673828 0.0319862365722656
-0.036346435546875 -0.1029052734375 -0.0416717529296875 0.0231513977050781
0.0476150512695313 -0.124320983886719 -0.0405502319335938 -0.0103034973144531
0.08148193359375 -0.103706359863281 -0.0202903747558594 -0.0222949981689453
0.130096435546875 -0.09283447265625 0.054290771484375 -0.00700378417968751
0.131538391113281 -0.0422821044921875 0.0144424438476563 -0.118247985839844
0.119667053222656 -0.0435333251953125 0.0630035400390625 -0.0831985473632812
0.100830078125 -0.104774475097656 0.0767593383789063 -0.0792617797851563
0.0348281860351563 -0.109283447265625 0.0544052124023438 -0.0821304321289062
-0.00634765625000001 -0.105865478515625 0.0358390808105469 -0.0616111755371094
-0.0522689819335938 -0.0753021240234375 0.0171318054199219 -0.0412521362304688
-0.0751571655273438 -0.0455398559570313 0.0185794830322266 -0.0312442779541016
-0.0747299194335938 -0.0488433837890625 0.0303058624267578 -0.0189533233642578
-0.0831985473632813 -0.0395050048828125 0.0334377288818359 0.00328445434570312
-0.0584945678710938 -0.0561866760253906 0.0266532897949219 0.0353126525878906
-0.040740966796875 -0.0848388671875 -0.00035858154296875 0.043182373046875
-0.0125579833984375 -0.102348327636719 -0.0342044830322266 0.0255641937255859
0.072723388671875 -0.107223510742188 -0.0331192016601562 -0.0150070190429688
0.101631164550781 -0.0733795166015625 -0.00262069702148436 -0.0441169738769531
0.130241394042969 -0.0522689819335938 0.094635009765625 -0.02880859375
0.100082397460938 -0.0053253173828125 0.0487594604492188 -0.130523681640625
0.102668762207031 -0.0159225463867188 0.077850341796875 -0.09942626953125
0.0921707153320313 -0.07464599609375 0.07159423828125 -0.0741653442382813
0.0339126586914063 -0.0861434936523438 0.0550651550292969 -0.0640296936035156
0.00048065185546875 -0.0843124389648437 0.0456924438476563 -0.037628173828125
-0.038299560546875 -0.0637588500976563 0.0412521362304688 -0.021942138671875
-0.0570755004882813 -0.0436782836914062 0.0487022399902344 -0.0198860168457031
-0.0566520690917969 -0.0488014221191406 0.0554313659667969 -0.00860214233398438
-0.0646629333496094 -0.0458145141601563 0.0573921203613281 0.0169258117675781
-0.0394096374511719 -0.0575942993164062 0.0414466857910156 0.0540504455566406
-0.018646240234375 -0.07958984375 0.0064239501953125 0.0580711364746094
0.0111465454101562 -0.0892410278320313 -0.0269908905029297 0.0315361022949219
0.088775634765625 -0.0762100219726563 -0.02276611328125 -0.0109348297119141
0.107139587402344 -0.0325393676757813 0.0188255310058594 -0.0500068664550781
0.111717224121094 -0.0048675537109375 0.129348754882813 -0.0337142944335938
0.0555343627929687 0.0344009399414062 0.065643310546875 -0.130996704101563
0.0703048706054688 0.01593017578125 0.07763671875 -0.104499816894531
0.0694923400878906 -0.0313339233398438 0.0614662170410156 -0.0614395141601563
0.0295181274414062 -0.0463294982910156 0.0540580749511719 -0.0449142456054688
0.011383056640625 -0.0475349426269531 0.0512008666992188 -0.01983642578125
-0.0138168334960937 -0.0434722900390625 0.0577507019042969 -0.00911712646484375
-0.0295944213867187 -0.0364799499511719 0.0690650939941406 -0.0116729736328125
-0.0310211181640625 -0.0414848327636719 0.0712432861328125 0.0030517578125
-0.0396041870117188 -0.0429954528808594 0.0737457275390625 0.032928466796875
-0.0208015441894531 -0.0471916198730469 0.0489425659179688 0.0740585327148438
-0.00257873535156251 -0.0624008178710938 0.00875091552734375 0.0745086669921875
0.0239982604980469 -0.0664176940917969 -0.0212135314941406 0.04302978515625
0.086181640625 -0.0413818359375 -0.0138664245605469 0.00196552276611328
0.093963623046875 0.00766754150390625 0.0373764038085938 -0.0396652221679688
0.0751266479492188 0.0393218994140625 0.152603149414063 -0.0223236083984375
-0.0209197998046875 -0.0730361938476563 -0.149551391601562 0.0152435302734375
-0.0528678894042969 -0.0232467651367187 -0.0457763671875 0.0243606567382813
-0.0539627075195313 0.0179061889648437 0.0168857574462891 -0.0201091766357422
-0.0218505859375 0.040924072265625 0.0240898132324219 -0.0629730224609375
-0.00419998168945313 0.0342121124267578 -0.000541687011718752 -0.0895004272460938
0.00701904296875 0.0251655578613281 -0.050933837890625 -0.0923843383789062
0.002685546875 0.0257854461669922 -0.0875625610351562 -0.0475997924804688
-0.00460624694824219 0.0281581878662109 -0.0802688598632813 -0.0175552368164063
-0.00606155395507813 0.0276012420654297 -0.0738754272460938 0.00440979003906252
-0.0163688659667969 0.0142135620117187 -0.0686683654785156 0.00457763671874999
-0.02044677734375 0.00908851623535156 -0.057647705078125 0.0167045593261719
-0.0316123962402344 0.00627326965332032 -0.0574417114257812 0.0303573608398438
-0.0403823852539063 -0.0206298828125 -0.0624313354492188 0.0400352478027344
-0.0342826843261719 -0.046875 -0.0693283081054688 0.0913314819335938
-0.0103073120117187 -0.0759124755859375 -0.0721054077148437 0.117439270019531
0.0335311889648438 -0.0914382934570313 -0.142684936523438 -0.0107269287109375
-0.00918197631835937 -0.0436782836914063 -0.0403518676757813 0.00576019287109375
-0.0206623077392578 -0.0187568664550781 0.0245094299316406 -0.0387344360351562
-0.0087590217590332 0.0055689811706543 0.0250625610351563 -0.07891845703125
-0.00392436981201172 -0.00086212158203125 0.000358581542968755 -0.0993118286132813
-0.00995922088623047 -0.000699996948242187 -0.05023193359375 -0.0984649658203125
-0.0245075225830078 0.00939178466796875 -0.0850372314453125 -0.055328369140625
-0.0331707000732422 0.011260986328125 -0.0738677978515625 -0.0250778198242188
-0.0386848449707031 0.0153694152832031 -0.0675621032714844 -0.00116348266601564
-0.0422172546386719 -0.00521469116210937 -0.0616912841796875 0.00458526611328126
-0.0404396057128906 -0.0240745544433594 -0.0538177490234375 0.0168228149414062
-0.0377693176269531 -0.0356597900390625 -0.0580062866210937 0.0250968933105469
-0.0139884948730469 -0.0632171630859375 -0.05511474609375 0.0242424011230469
-3.05175781249976E-05 -0.07867431640625 -0.0566024780273437 0.070648193359375
0.0381851196289063 -0.104103088378906 -0.0535202026367188 0.094696044921875
0.0839309692382812 -0.0978240966796875 -0.119186401367187 -0.038818359375
0.0407981872558594 -0.058349609375 -0.0212936401367187 -0.0133476257324219
0.0203514099121094 -0.0586051940917969 0.04052734375 -0.0550727844238281
0.00658798217773438 -0.037017822265625 0.0323333740234375 -0.0923843383789063
-0.00467681884765625 -0.0411262512207031 0.00409698486328124 -0.103416442871094
-0.0269927978515625 -0.0298137664794922 -0.0443267822265625 -0.0955047607421875
-0.0493316650390625 -0.00951004028320312 -0.07196044921875 -0.056488037109375
-0.0580291748046875 -0.00787353515625001 -0.0563430786132813 -0.0296669006347656
-0.0664405822753906 0.00253677368164064 -0.0503082275390625 -0.00533294677734376
-0.0631942749023437 -0.020843505859375 -0.0439720153808594 0.00835037231445312
-0.0573501586914063 -0.0483741760253906 -0.0428619384765625 0.0209274291992188
-0.0456314086914063 -0.0682754516601563 -0.0556983947753906 0.0241050720214844
0.0050201416015625 -0.098175048828125 -0.051055908203125 0.0102462768554687
0.0296859741210938 -0.10235595703125 -0.0445480346679688 0.0414466857910156
0.079345703125 -0.119110107421875 -0.0233535766601563 0.0622177124023437
0.121185302734375 -0.0909881591796875 -0.0799789428710937 -0.067596435546875
0.085174560546875 -0.065704345703125 0.00744056701660157 -0.0337963104248047
0.0600738525390625 -0.0934295654296875 0.0588722229003906 -0.0668182373046875
0.0205001831054687 -0.078765869140625 0.0413818359375 -0.0974578857421875
-0.00724029541015626 -0.0788345336914063 0.0117950439453125 -0.0981597900390625
-0.042694091796875 -0.0553398132324219 -0.0305938720703125 -0.082763671875
-0.0682830810546875 -0.0268135070800781 -0.0476608276367188 -0.0510520935058594
-0.0743637084960938 -0.0259552001953125 -0.0306606292724609 -0.0304450988769531
-0.0837783813476563 -0.0116806030273437 -0.02459716796875 -0.00689888000488281
-0.073486328125 -0.0339889526367188 -0.0206890106201172 0.0135974884033203
-0.0648345947265625 -0.06622314453125 -0.0280513763427734 0.0265102386474609
-0.047210693359375 -0.0889358520507813 -0.0511627197265625 0.024444580078125
0.0230560302734375 -0.119873046875 -0.0478591918945313 -0.00131225585937501
0.0550384521484375 -0.111160278320312 -0.0338649749755859 0.00820541381835937
0.108970642089844 -0.115325927734375 0.0130767822265625 0.025665283203125
0.137229919433594 -0.0723648071289063 -0.0327224731445312 -0.0930328369140625
0.11334228515625 -0.0608978271484375 0.0376930236816406 -0.056732177734375
0.0879058837890625 -0.110855102539062 0.0715179443359375 -0.0741653442382813
0.0297088623046875 -0.105262756347656 0.0496444702148437 -0.0932998657226563
-0.00955200195312501 -0.101646423339844 0.0242233276367187 -0.0830078125
-0.052520751953125 -0.0709915161132813 -0.00809860229492188 -0.0629463195800781
-0.0772476196289062 -0.0390625 -0.0166053771972656 -0.0415534973144531
-0.0799789428710937 -0.039154052734375 -0.000745773315429692 -0.0257987976074219
-0.0883941650390625 -0.025177001953125 0.00387334823608398 -0.00441408157348633
-0.0702171325683594 -0.0460433959960938 0.00402641296386718 0.0222034454345703
-0.0582046508789062 -0.0775527954101563 -0.0136566162109375 0.0334262847900391
-0.0362472534179687 -0.100028991699219 -0.0440406799316406 0.0246009826660156
0.045928955078125 -0.122108459472656 -0.0437583923339844 -0.010772705078125
0.0791397094726563 -0.100822448730469 -0.0217933654785156 -0.0218391418457031
0.12591552734375 -0.0918121337890625 0.0533599853515625 -0.00715637207031251
0.128189086914063 -0.0425262451171875 0.0122604370117188 -0.113845825195313
0.1187744140625 -0.0425033569335938 0.0627975463867188 -0.0790634155273438
0.0982131958007813 -0.103408813476563 0.0755157470703125 -0.0765762329101563
0.0340576171875 -0.106796264648438 0.0537643432617188 -0.0804367065429688
-0.00711822509765624 -0.103507995605469 0.0355300903320313 -0.06036376953125
-0.0510711669921875 -0.0728912353515625 0.0176773071289063 -0.0406455993652344
-0.0729141235351563 -0.0437469482421875 0.0171642303466797 -0.03045654296875
-0.0736541748046875 -0.0465469360351563 0.028228759765625 -0.0190525054931641
-0.0813751220703125 -0.0370941162109375 0.0320320129394531 0.00351524353027344
-0.0569114685058594 -0.0544624328613281 0.0252685546875 0.0352859497070313
-0.0396270751953125 -0.0821609497070313 -0.00252532958984375 0.044189453125
-0.0130081176757813 -0.0990142822265625 -0.0366592407226563 0.0262908935546875
0.0701370239257813 -0.105537414550781 -0.0356521606445312 -0.0154304504394531
0.0988006591796875 -0.0720977783203125 -0.00440597534179687 -0.0435028076171875
0.127479553222656 -0.0521621704101563 0.092010498046875 -0.0284881591796875
0.0982208251953125 -0.0062255859375 0.0460968017578125 -0.125762939453125
0.102081298828125 -0.01593017578125 0.0757827758789063 -0.0954437255859375
0.090118408203125 -0.0753326416015625 0.0701980590820312 -0.0714797973632813
0.0325851440429688 -0.0845718383789063 0.0544166564941406 -0.0623588562011719
-0.000648498535156254 -0.082244873046875 0.0446319580078125 -0.0378990173339844
-0.0375099182128906 -0.0617256164550781 0.0411415100097656 -0.0217132568359375
-0.0558662414550781 -0.0412368774414063 0.0470924377441406 -0.0200920104980469
-0.0563468933105469 -0.0471725463867187 0.0521965026855469 -0.00846481323242188
-0.063140869140625 -0.0432624816894531 0.054779052734375 0.0162773132324219
-0.0382957458496094 -0.0553932189941406 0.0399322509765625 0.0537796020507812
-0.0184478759765625 -0.0767364501953125 0.00482177734375 0.0582809448242187
0.01031494140625 -0.0874176025390625 -0.0294609069824219 0.0321006774902344
0.0859375 -0.0764389038085938 -0.0253543853759766 -0.0119380950927734
0.105613708496094 -0.0335006713867188 0.016632080078125 -0.0494003295898438
0.110206604003906 -0.0058441162109375 0.125831604003906 -0.0341567993164063
0.0547599792480469 0.0326499938964844 0.0626678466796875 -0.127166748046875
0.07080078125 0.01458740234375 0.0757980346679688 -0.101432800292969
0.0671958923339844 -0.0331039428710938 0.0608901977539063 -0.0591850280761719
0.0281219482421875 -0.0456886291503906 0.0539054870605469 -0.0443267822265625
0.00986862182617188 -0.0466575622558594 0.0512123107910156 -0.0194625854492188
-0.0142745971679688 -0.0419387817382812 0.0572280883789063 -0.00974655151367188
-0.0284957885742188 -0.0349674224853516 0.0666122436523438 -0.0123634338378906
-0.031402587890625 -0.0397872924804688 0.0688858032226563 0.00217819213867187
-0.039215087890625 -0.0404396057128906 0.07122802734375 0.0321273803710938
-0.0208740234375 -0.0457801818847656 0.048370361328125 0.0731430053710938
-0.00356674194335938 -0.0604095458984375 0.00717926025390625 0.0745315551757813
0.0214653015136719 -0.0649490356445312 -0.02288818359375 0.0427703857421875
0.0831756591796875 -0.0425796508789063 -0.015660285949707 0.000747680664062499
0.0927352905273438 0.00605010986328125 0.0347023010253906 -0.0393218994140625
0.0746383666992188 0.037261962890625 0.148880004882813 -0.0226593017578125
-0.02191162109375 -0.0712356567382813 -0.149566650390625 0.014434814453125
-0.0536384582519531 -0.0226593017578125 -0.0452537536621094 0.024261474609375
-0.0535011291503906 0.0183563232421875 0.0188446044921875 -0.0185890197753906
-0.0198898315429688 0.041778564453125 0.0269508361816406 -0.0628013610839844
-0.00270843505859375 0.0338058471679688 0.00206756591796876 -0.0901260375976563
0.00678253173828125 0.0239486694335938 -0.049713134765625 -0.094329833984375
0.0020751953125 0.0249958038330078 -0.0865936279296875 -0.0476608276367188
-0.00457000732421875 0.0282707214355469 -0.0795135498046875 -0.0175094604492188
-0.00617218017578125 0.0272235870361328 -0.0736236572265625 0.00425720214843751
-0.0161333084106445 0.0137157440185547 -0.0700035095214844 0.00465011596679687
-0.0201072692871094 0.00815391540527344 -0.0599021911621094 0.016448974609375
-0.0308036804199219 0.00704002380371093 -0.0593147277832031 0.0299301147460938
-0.0405502319335938 -0.0189361572265625 -0.0645599365234375 0.0378494262695313
-0.0344581604003906 -0.0458831787109375 -0.0703506469726562 0.0899429321289063
-0.0118865966796875 -0.0757064819335937 -0.0726394653320313 0.116966247558594
0.0325851440429688 -0.0898056030273438 -0.143203735351563 -0.011993408203125
-0.00918960571289062 -0.0423698425292969 -0.0389633178710938 0.00539779663085937
-0.0198936462402344 -0.0174674987792969 0.0259933471679687 -0.0380210876464844
-0.00701236724853516 0.00672149658203125 0.02777099609375 -0.0789871215820312
-0.00239324569702148 -0.000665664672851562 0.00267791748046876 -0.0998992919921875
-0.00870227813720703 -0.00181436538696289 -0.0490341186523438 -0.0995712280273438
-0.0242195129394531 0.00844573974609375 -0.08447265625 -0.0554351806640625
-0.0329303741455078 0.0106220245361328 -0.0740737915039063 -0.0254058837890625
-0.0382728576660156 0.0147819519042969 -0.0682907104492188 -0.00027847290039061
-0.0417289733886719 -0.00609207153320313 -0.0630683898925781 0.00579452514648437
-0.0392227172851563 -0.0246009826660156 -0.055908203125 0.0172805786132812
-0.0360374450683594 -0.0348243713378906 -0.0605010986328125 0.0249481201171875
-0.0137100219726563 -0.0620269775390625 -0.0582122802734375 0.0230369567871094
0.000335693359374996 -0.077545166015625 -0.0582923889160156 0.0693511962890625
0.037353515625 -0.103790283203125 -0.0535202026367187 0.0937728881835937
0.0829010009765625 -0.0960540771484375 -0.11920166015625 -0.0382232666015625
0.0407638549804688 -0.0568122863769531 -0.0197486877441406 -0.0124073028564453
0.0209465026855469 -0.0563621520996094 0.0420303344726563 -0.0535659790039063
0.00832366943359375 -0.0353965759277344 0.0336837768554688 -0.0922088623046875
-0.00336837768554688 -0.0404052734375 0.00646209716796874 -0.104011535644531
-0.0258235931396484 -0.0301990509033203 -0.0429534912109375 -0.0964584350585938
-0.0489540100097656 -0.0103492736816406 -0.071136474609375 -0.0558013916015625
-0.057861328125 -0.00780487060546876 -0.0569114685058594 -0.0295295715332031
-0.065826416015625 0.00198745727539063 -0.0509529113769531 -0.00461959838867188
-0.0619087219238281 -0.022369384765625 -0.0458602905273438 0.00946426391601562
-0.0560684204101563 -0.0494766235351563 -0.045074462890625 0.0221481323242187
-0.0442924499511719 -0.0676803588867188 -0.0590362548828125 0.0246200561523437
0.00599670410156249 -0.0978851318359375 -0.0543327331542969 0.008941650390625
0.029571533203125 -0.100906372070313 -0.0461006164550781 0.0403022766113281
0.0789794921875 -0.118309020996094 -0.0237388610839844 0.0617752075195312
0.120651245117188 -0.0895233154296875 -0.079742431640625 -0.0660858154296875
0.0861663818359375 -0.0634918212890625 0.00906181335449219 -0.032562255859375
0.0605010986328125 -0.0919342041015625 0.0601348876953125 -0.0658073425292969
0.0217742919921875 -0.077606201171875 0.0435867309570312 -0.0974044799804688
-0.00624847412109375 -0.0775222778320313 0.0142974853515625 -0.0991134643554688
-0.0414581298828125 -0.0558624267578125 -0.0286941528320313 -0.0833969116210937
-0.0673446655273438 -0.0276679992675781 -0.047515869140625 -0.0504684448242187
-0.0742645263671875 -0.0259552001953125 -0.0316276550292969 -0.0294437408447266
-0.0830154418945313 -0.0121917724609375 -0.0256557464599609 -0.00660324096679687
-0.0720672607421875 -0.03515625 -0.0222148895263672 0.0145416259765625
-0.063262939453125 -0.0668258666992187 -0.0307197570800781 0.0284004211425781
-0.0460586547851563 -0.088714599609375 -0.0545425415039062 0.025238037109375
0.0241546630859375 -0.118812561035156 -0.0516891479492187 -0.00322341918945314
0.055908203125 -0.109870910644531 -0.0353736877441406 0.00764465332031249
0.108901977539063 -0.114906311035156 0.0133724212646484 0.0259304046630859
0.136909484863281 -0.071319580078125 -0.032745361328125 -0.091827392578125
0.114891052246094 -0.0593185424804688 0.0394783020019531 -0.0549812316894531
0.0888137817382813 -0.109909057617188 0.0724868774414063 -0.0727462768554688
0.0304489135742188 -0.104377746582031 0.0511016845703125 -0.0929031372070313
-0.00815582275390624 -0.101570129394531 0.02587890625 -0.0833663940429688
-0.0511932373046875 -0.071044921875 -0.00687408447265626 -0.0639533996582031
-0.0758438110351563 -0.0389785766601563 -0.01715087890625 -0.0406494140625
-0.0800323486328125 -0.0390853881835938 -0.00177955627441407 -0.0253353118896484
-0.0877609252929688 -0.0253829956054687 0.00287699699401855 -0.00326609611511231
-0.0690841674804688 -0.0471839904785156 0.00260353088378906 0.0236721038818359
-0.0568084716796875 -0.077850341796875 -0.0163612365722656 0.0360870361328125
-0.0348052978515625 -0.0989608764648438 -0.0479087829589844 0.0258522033691406
0.0461959838867188 -0.122413635253906 -0.0473175048828125 -0.01251220703125
0.080322265625 -0.0994415283203125 -0.0227584838867187 -0.0224514007568359
0.127052307128906 -0.0911788940429688 0.0529937744140625 -0.00690078735351563
0.129096984863281 -0.041229248046875 0.0123291015625 -0.112342834472656
0.120368957519531 -0.041778564453125 0.0644302368164063 -0.077484130859375
0.0993118286132813 -0.103523254394531 0.07672119140625 -0.0751419067382813
0.0349578857421875 -0.106269836425781 0.0551834106445313 -0.0801239013671875
-0.00691223144531249 -0.103034973144531 0.0364608764648438 -0.0610389709472656
-0.0502395629882812 -0.0736770629882813 0.0190086364746094 -0.0411415100097656
-0.0720367431640625 -0.0435409545898438 0.0167102813720703 -0.0300445556640625
-0.0741729736328125 -0.0464859008789062 0.0267486572265625 -0.0183925628662109
-0.0804367065429688 -0.0366439819335938 0.0307960510253906 0.00403404235839843
-0.0560684204101562 -0.0551261901855469 0.0238914489746094 0.0368728637695313
-0.0391159057617187 -0.0822677612304688 -0.00409317016601563 0.0460853576660156
-0.0127487182617187 -0.0986175537109375 -0.0405807495117188 0.0274925231933594
0.0702667236328125 -0.106529235839844 -0.0390167236328125 -0.0167617797851563
0.100326538085938 -0.071746826171875 -0.00580978393554687 -0.0435371398925781
0.128669738769531 -0.05206298828125 0.0916824340820313 -0.0281753540039063
0.098968505859375 -0.00569915771484375 0.0464935302734375 -0.124160766601562
0.103858947753906 -0.015411376953125 0.0775680541992188 -0.0939865112304688
0.0910110473632813 -0.0758438110351563 0.0718460083007813 -0.0702133178710938
0.03277587890625 -0.0847702026367188 0.0552139282226562 -0.0624732971191406
-0.000198364257812496 -0.0829391479492188 0.045928955078125 -0.0380401611328125
-0.037078857421875 -0.0614509582519531 0.0424919128417969 -0.0220222473144531
-0.0554580688476563 -0.0419769287109375 0.0469017028808594 -0.0199089050292969
-0.0566673278808594 -0.0463294982910156 0.0510940551757812 -0.00791549682617188
-0.0633964538574219 -0.0425796508789062 0.0537261962890625 0.0177459716796875
-0.0385284423828125 -0.0555038452148438 0.0390472412109375 0.0553398132324219
-0.0186538696289063 -0.076324462890625 0.00209426879882813 0.0607452392578125
0.0100326538085937 -0.0863113403320313 -0.0325393676757812 0.0333480834960937
0.0862579345703125 -0.0765762329101563 -0.0278778076171875 -0.0130405426025391
0.106483459472656 -0.032470703125 0.0148468017578125 -0.0490379333496094
0.111442565917969 -0.0063018798828125 0.125099182128906 -0.0328598022460938
0.0552749633789063 0.0322380065917969 0.062408447265625 -0.125625610351563
0.0719223022460938 0.0139541625976563 0.0772552490234375 -0.0993576049804688
0.0687103271484375 -0.0339164733886719 0.0625991821289063 -0.0576858520507812
0.0279350280761719 -0.0459747314453125 0.0559272766113281 -0.0439376831054688
0.00928497314453125 -0.0467147827148437 0.0528221130371094 -0.0199546813964844
-0.014404296875 -0.0416107177734375 0.0578689575195313 -0.0094451904296875
-0.0282821655273438 -0.0341777801513672 0.0665626525878906 -0.0119590759277344
-0.031646728515625 -0.0388984680175781 0.0669021606445313 0.00259780883789062
-0.0393943786621094 -0.03936767578125 0.069915771484375 0.0332794189453125
-0.0205116271972656 -0.045013427734375 0.0472488403320313 0.0744400024414062
-0.00423049926757813 -0.0592269897460938 0.00504302978515626 0.0758514404296875
0.0212249755859375 -0.0644378662109375 -0.026031494140625 0.0438461303710937
0.0833740234375 -0.0438079833984375 -0.01824951171875 2.86102294921825E-05
0.0936431884765625 0.0053558349609375 0.0332450866699219 -0.0398330688476563
0.0756607055664063 0.0371551513671875 0.148574829101563 -0.0215606689453125
-0.0242233276367188 -0.0718307495117188 -0.153579711914063 0.0152740478515625
-0.0557632446289063 -0.021240234375 -0.046112060546875 0.0255012512207031
-0.0544586181640625 0.0209426879882812 0.0213356018066406 -0.0190486907958984
-0.0182876586914063 0.0431022644042969 0.030029296875 -0.0642051696777344
-0.000883102416992188 0.0341625213623047 0.00350189208984375 -0.0938491821289063
0.00680351257324219 0.0234336853027344 -0.0504074096679687 -0.0979232788085938
0.001800537109375 0.025390625 -0.0884857177734375 -0.0494766235351563
-0.00360298156738281 0.0287399291992188 -0.0812759399414063 -0.0175857543945313
-0.005584716796875 0.0267925262451172 -0.0752944946289063 0.00530242919921876
-0.0161752700805664 0.0132932662963867 -0.0727157592773438 0.00542449951171874
-0.0199241638183594 0.00801658630371094 -0.063446044921875 0.0178337097167969
-0.0298500061035156 0.00807952880859374 -0.0622024536132813 0.0308074951171875
-0.04150390625 -0.0178871154785156 -0.0685462951660156 0.037750244140625
-0.0360984802246094 -0.0458831787109375 -0.0726470947265625 0.09136962890625
-0.014404296875 -0.0773468017578125 -0.0733718872070313 0.119644165039062
0.0318374633789062 -0.091033935546875 -0.147323608398438 -0.010711669921875
-0.0101242065429688 -0.0425338745117188 -0.039306640625 0.00648880004882812
-0.0200653076171875 -0.0159339904785156 0.0286674499511719 -0.0381813049316406
-0.00503301620483398 0.00737953186035156 0.0302276611328125 -0.0813522338867188
-0.000870347023010254 -0.000791788101196289 0.0043487548828125 -0.103263854980469
-0.00877809524536133 -0.00286340713500977 -0.0502777099609375 -0.102928161621094
-0.0244312286376953 0.00817108154296875 -0.0862503051757812 -0.0560379028320313
-0.03326416015625 0.0110416412353516 -0.0754547119140625 -0.02496337890625
-0.0388908386230469 0.0151023864746094 -0.070037841796875 0.000671386718749986
-0.0424118041992187 -0.00725555419921875 -0.0653038024902344 0.006988525390625
-0.039031982421875 -0.0259132385253906 -0.059326171875 0.0189056396484375
-0.0357513427734375 -0.0355567932128906 -0.0641365051269531 0.0263938903808594
-0.0139656066894531 -0.0625152587890625 -0.0622138977050781 0.0220527648925781
-0.000289916992187498 -0.0779953002929688 -0.0606269836425781 0.0701026916503906
0.0364608764648438 -0.106330871582031 -0.0545730590820312 0.0960769653320313
0.0841217041015625 -0.097442626953125 -0.12261962890625 -0.0383987426757813
0.0414924621582031 -0.0569496154785156 -0.0194568634033203 -0.0117721557617188
0.0213737487792969 -0.0567550659179687 0.0443229675292969 -0.0544853210449219
0.010009765625 -0.0357856750488281 0.036224365234375 -0.0948638916015625
-0.00214767456054688 -0.0412826538085938 0.007781982421875 -0.107345581054688
-0.0253028869628906 -0.0322380065917969 -0.0437469482421875 -0.0998687744140625
-0.0493621826171875 -0.011077880859375 -0.0731201171875 -0.0562973022460937
-0.0587196350097656 -0.00813674926757812 -0.0589218139648438 -0.0294532775878906
-0.0670280456542969 0.00112533569335937 -0.0525970458984375 -0.00329208374023438
-0.0634002685546875 -0.0230712890625 -0.0481948852539063 0.0104141235351562
-0.0568199157714844 -0.0513687133789062 -0.0488433837890625 0.0242233276367187
-0.0441246032714844 -0.06854248046875 -0.0633201599121094 0.0265159606933594
0.00627899169921874 -0.100326538085938 -0.0593833923339844 0.00773620605468749
0.0304107666015625 -0.102012634277344 -0.048431396484375 0.0407333374023437
0.0791854858398438 -0.12176513671875 -0.02386474609375 0.0630836486816406
0.122901916503906 -0.0910415649414063 -0.0820693969726562 -0.0661849975585938
0.0884552001953125 -0.0650100708007813 0.0104751586914063 -0.0319480895996094
0.0618057250976562 -0.093170166015625 0.0629158020019531 -0.0660934448242188
0.0235366821289063 -0.0788116455078125 0.045440673828125 -0.100509643554687
-0.00578308105468751 -0.079803466796875 0.015838623046875 -0.102462768554687
-0.0414009094238281 -0.0578575134277344 -0.02899169921875 -0.0864105224609375
-0.0683822631835938 -0.0280685424804687 -0.0497894287109375 -0.0512351989746094
-0.0765533447265625 -0.0260772705078125 -0.0330963134765625 -0.0299110412597656
-0.084930419921875 -0.01220703125 -0.0268993377685547 -0.00510215759277344
-0.0731582641601562 -0.0369491577148438 -0.0242862701416016 0.0168418884277344
-0.0647354125976563 -0.0689048767089844 -0.0332450866699219 0.0309467315673828
-0.0454788208007812 -0.0906829833984375 -0.0595626831054687 0.0279350280761719
0.02471923828125 -0.12213134765625 -0.05712890625 -0.00402450561523439
0.0569915771484375 -0.111732482910156 -0.0381355285644531 0.00793838500976561
0.110519409179688 -0.119003295898438 0.0138893127441406 0.0256862640380859
0.140480041503906 -0.0720443725585938 -0.0347824096679687 -0.092437744140625
0.118400573730469 -0.0607223510742188 0.0413131713867188 -0.0545234680175781
0.0911636352539063 -0.11279296875 0.0758132934570313 -0.0738754272460938
0.0323638916015625 -0.106620788574219 0.0532455444335938 -0.0958786010742188
-0.00833892822265626 -0.104042053222656 0.026092529296875 -0.0865936279296875
-0.0511550903320312 -0.0733871459960938 -0.0064849853515625 -0.0661697387695312
-0.07684326171875 -0.0399627685546875 -0.0175018310546875 -0.0411415100097656
-0.082763671875 -0.039093017578125 -0.00306892395019532 -0.0253067016601563
-0.0896987915039063 -0.0254898071289063 0.00215673446655273 -0.00248551368713379
-0.0703048706054687 -0.0485916137695313 0.00177764892578125 0.0256843566894531
-0.058013916015625 -0.0800857543945313 -0.0188179016113281 0.0388679504394531
-0.0347824096679688 -0.101119995117188 -0.0526161193847656 0.0288887023925781
0.0474700927734375 -0.125877380371094 -0.0528564453125 -0.0132255554199219
0.0831298828125 -0.102531433105469 -0.0258140563964844 -0.0237560272216797
0.129661560058594 -0.0951690673828125 0.0543937683105469 -0.00770950317382813
0.132369995117188 -0.0426101684570313 0.0120162963867188 -0.113296508789062
0.125213623046875 -0.0433120727539062 0.0669174194335938 -0.077728271484375
0.102310180664063 -0.107208251953125 0.0794448852539063 -0.075958251953125
0.03570556640625 -0.109024047851562 0.0569610595703125 -0.0829315185546875
-0.0074615478515625 -0.10601806640625 0.0381584167480469 -0.0633087158203125
-0.0509719848632813 -0.0751953125 0.0203323364257813 -0.0422859191894531
-0.073089599609375 -0.0442657470703125 0.0169048309326172 -0.030120849609375
-0.0762405395507813 -0.0462112426757813 0.026824951171875 -0.0176277160644531
-0.0824356079101562 -0.0364456176757813 0.0300502777099609 0.00592231750488281
-0.0571746826171875 -0.0561866760253906 0.02423095703125 0.0395927429199219
-0.0405044555664062 -0.0842819213867188 -0.00679779052734375 0.0500068664550781
-0.012603759765625 -0.100730895996094 -0.0446739196777344 0.0309333801269531
0.0717315673828125 -0.110343933105469 -0.044189453125 -0.0185585021972656
0.102981567382812 -0.0737075805664063 -0.00770187377929687 -0.0450096130371094
0.131721496582031 -0.055023193359375 0.0939407348632813 -0.0289382934570313
0.102752685546875 -0.00579833984375 0.046722412109375 -0.125419616699219
0.108184814453125 -0.016937255859375 0.0805511474609375 -0.0949249267578125
0.0936965942382812 -0.0794448852539063 0.07470703125 -0.0711898803710938
0.033966064453125 -0.0873031616210938 0.0578422546386719 -0.0638504028320313
-0.0018768310546875 -0.0846023559570313 0.0479583740234375 -0.038726806640625
-0.0382308959960938 -0.0630035400390625 0.0435562133789063 -0.022552490234375
-0.0564346313476562 -0.0421142578125 0.0468177795410156 -0.02093505859375
-0.05865478515625 -0.0461463928222656 0.0509300231933594 -0.00779342651367188
-0.0648765563964844 -0.0416717529296875 0.05364990234375 0.0188255310058594
-0.0386199951171875 -0.0568466186523437 0.0391387939453125 0.0578460693359375
-0.0187530517578125 -0.0778121948242188 0.0004730224609375 0.0643196105957031
0.00960540771484376 -0.0876541137695313 -0.0371017456054688 0.0357856750488281
0.0877151489257813 -0.0804901123046875 -0.0322151184082031 -0.0137310028076172
0.109268188476563 -0.0341567993164063 0.0135154724121094 -0.0507736206054688
0.114936828613281 -0.00689697265625 0.128868103027344 -0.0344009399414062
0.0580253601074219 0.0332756042480469 0.0639266967773438 -0.12701416015625
0.07611083984375 0.0134429931640625 0.0800323486328125 -0.100570678710938
0.0705413818359375 -0.0374984741210938 0.0654563903808594 -0.0578422546386719
0.0279426574707031 -0.0479049682617187 0.0579872131347656 -0.0451850891113281
0.009185791015625 -0.0484809875488281 0.0551185607910156 -0.0206756591796875
-0.015106201171875 -0.042266845703125 0.0604133605957031 -0.0103530883789063
-0.0294971466064453 -0.0343799591064453 0.0672683715820313 -0.0133209228515625
-0.0328941345214844 -0.0386505126953125 0.067474365234375 0.00265884399414062
-0.0403823852539063 -0.0384864807128906 0.070770263671875 0.0341262817382812
-0.0214996337890625 -0.0455207824707031 0.04815673828125 0.0767822265625
-0.00455474853515625 -0.0608291625976562 0.003814697265625 0.0793228149414063
0.0208396911621094 -0.0663795471191406 -0.0300483703613281 0.0458030700683594
0.0841293334960938 -0.0467605590820313 -0.0220623016357422 -0.000375747680664063
0.09649658203125 0.0040130615234375 0.0320472717285156 -0.040771484375
0.0784835815429687 0.0374679565429687 0.152053833007813 -0.0223541259765625
-0.0283432006835938 -0.0715560913085938 -0.159027099609375 0.02020263671875
-0.0589675903320312 -0.0191917419433594 -0.0460968017578125 0.0280647277832031
-0.0553550720214844 0.0243949890136719 0.0242080688476562 -0.0193576812744141
-0.0156822204589844 0.0445098876953125 0.0311050415039063 -0.0677146911621094
0.000999450683593749 0.0344905853271484 0.003143310546875 -0.0986480712890625
0.00739097595214844 0.0228977203369141 -0.0543594360351563 -0.100837707519531
0.00291633605957031 0.0257625579833984 -0.0924072265625 -0.0482177734375
-0.0025634765625 0.0290412902832031 -0.0840911865234375 -0.015533447265625
-0.00507926940917969 0.0275459289550781 -0.0777053833007812 0.0080108642578125
-0.0163822174072266 0.0137968063354492 -0.0764541625976563 0.00842285156249999
-0.0200881958007813 0.008453369140625 -0.0667724609375 0.0208282470703125
-0.0292816162109375 0.0098724365234375 -0.0654869079589844 0.0334053039550781
-0.0431861877441406 -0.0160179138183594 -0.0717391967773437 0.0396652221679688
-0.039031982421875 -0.0451202392578125 -0.0734100341796875 0.0952835083007812
-0.0188751220703125 -0.078369140625 -0.0716476440429688 0.125137329101563
0.029144287109375 -0.093017578125 -0.15313720703125 -0.00625610351562502
-0.0123176574707031 -0.0416069030761719 -0.0397453308105469 0.0084075927734375
-0.0210800170898437 -0.0139713287353516 0.0306205749511719 -0.0394935607910156
-0.0029454231262207 0.00797939300537109 0.030487060546875 -0.08489990234375
0.000840902328491211 -0.00106090307235718 0.00344085693359375 -0.108146667480469
-0.00840663909912109 -0.00364112854003906 -0.0539093017578125 -0.106231689453125
-0.0247058868408203 0.00879287719726562 -0.0897903442382812 -0.0550308227539062
-0.0331535339355469 0.0119113922119141 -0.0787353515625 -0.0230865478515625
-0.0391044616699219 0.0155410766601563 -0.072509765625 0.00324249267578124
-0.0439491271972656 -0.00703811645507813 -0.0696678161621094 0.00992584228515625
-0.0411567687988281 -0.0269088745117188 -0.063018798828125 0.0222816467285156
-0.0362739562988281 -0.035247802734375 -0.0678939819335938 0.0296897888183594
-0.0155296325683594 -0.0633506774902344 -0.0669479370117188 0.0231361389160156
-0.00196075439453125 -0.0792160034179688 -0.0616989135742188 0.0731277465820313
0.0328292846679687 -0.110298156738281 -0.0536422729492188 0.100944519042969
0.08319091796875 -0.101425170898438 -0.1280517578125 -0.0351638793945312
0.0411376953125 -0.05914306640625 -0.0191287994384766 -0.0108165740966797
0.0209007263183594 -0.0581283569335937 0.0464019775390625 -0.0570449829101563
0.0112228393554688 -0.036285400390625 0.036407470703125 -0.0990219116210938
-0.00157546997070312 -0.0426025390625 0.00664520263671876 -0.112068176269531
-0.0260257720947266 -0.0335693359375 -0.0474319458007812 -0.102714538574219
-0.0503501892089844 -0.0109291076660156 -0.0768051147460938 -0.0561065673828125
-0.0602874755859375 -0.00686645507812501 -0.0616569519042969 -0.0279121398925781
-0.0680465698242188 0.00288391113281251 -0.0548553466796875 -0.000904083251953133
-0.0655899047851563 -0.0235786437988281 -0.0510139465332031 0.0144119262695313
-0.0592994689941406 -0.0526657104492188 -0.0514144897460938 0.027984619140625
-0.046356201171875 -0.0698394775390625 -0.0675315856933594 0.0305061340332031
0.00376129150390625 -0.102874755859375 -0.0652961730957031 0.00872039794921875
0.0291976928710937 -0.10528564453125 -0.050445556640625 0.0426216125488281
0.0777359008789063 -0.127944946289063 -0.0228958129882812 0.0658378601074219
0.124359130859375 -0.0959854125976563 -0.0876235961914062 -0.0650787353515625
0.0903472900390625 -0.0683746337890625 0.0110988616943359 -0.0316085815429688
0.061614990234375 -0.0977249145507812 0.0647735595703125 -0.0694808959960938
0.0233154296875 -0.0807418823242188 0.0456008911132813 -0.105010986328125
-0.00711822509765625 -0.0823516845703125 0.0143585205078125 -0.106903076171875
-0.0434608459472656 -0.0596389770507812 -0.031890869140625 -0.0893096923828125
-0.0705184936523438 -0.0279998779296875 -0.0524520874023438 -0.0506668090820313
-0.0787887573242187 -0.0239486694335938 -0.0357780456542969 -0.0286026000976563
-0.0868682861328125 -0.0106277465820312 -0.0288448333740234 -0.00307846069335938
-0.0762405395507813 -0.0376205444335937 -0.0250473022460938 0.0198993682861328
-0.0675735473632812 -0.0702743530273438 -0.0364227294921875 0.0350189208984375
-0.0489578247070313 -0.0923004150390625 -0.0637054443359375 0.0328750610351562
0.0220184326171875 -0.127326965332031 -0.0638999938964844 -0.00321960449218751
0.0571212768554688 -0.116226196289062 -0.0408897399902344 0.00809097290039061
0.110359191894531 -0.126075744628906 0.0150299072265625 0.0255374908447266
0.143707275390625 -0.0773468017578125 -0.0388412475585937 -0.092193603515625
0.122161865234375 -0.0651321411132813 0.042999267578125 -0.05670166015625
0.09088134765625 -0.119316101074219 0.0777053833007813 -0.0773239135742188
0.0321273803710937 -0.110198974609375 0.0535354614257813 -0.100593566894531
-0.01104736328125 -0.107078552246094 0.0257492065429688 -0.0912322998046875
-0.0538253784179687 -0.0748672485351563 -0.00823593139648437 -0.0687026977539063
-0.0800628662109375 -0.0394363403320313 -0.0194244384765625 -0.0417556762695313
-0.08599853515625 -0.0372695922851563 -0.00503921508789063 -0.0256175994873047
-0.0932083129882813 -0.0236129760742187 0.000812113285064692 -0.00085127353668213
-0.0732879638671875 -0.0484848022460937 0.0017852783203125 0.0280914306640625
-0.0610885620117188 -0.0812530517578125 -0.0204544067382813 0.0430068969726562
-0.0379562377929687 -0.103157043457031 -0.0571746826171875 0.0342864990234375
0.0452346801757813 -0.132034301757813 -0.0593109130859375 -0.0127143859863281
0.08355712890625 -0.106735229492187 -0.0286102294921875 -0.0239982604980469
0.1314697265625 -0.102325439453125 0.0558738708496094 -0.0101852416992188
0.136703491210938 -0.0472564697265625 0.00889587402343752 -0.115249633789063
0.129951477050781 -0.0481491088867188 0.0684661865234375 -0.08074951171875
0.103256225585938 -0.114532470703125 0.0813064575195313 -0.0798187255859375
0.0352706909179687 -0.113899230957031 0.0572891235351563 -0.0870285034179688
-0.010528564453125 -0.109222412109375 0.038238525390625 -0.0671005249023438
-0.053985595703125 -0.0766677856445313 0.0201759338378906 -0.0456657409667969
-0.0765914916992188 -0.0436935424804687 0.0160198211669922 -0.0313396453857422
-0.08038330078125 -0.04486083984375 0.0249958038330078 -0.0184326171875
-0.0855255126953125 -0.034912109375 0.0302524566650391 0.00634384155273437
-0.0600776672363281 -0.0567550659179688 0.0249481201171875 0.0411224365234375
-0.0432662963867187 -0.0856704711914063 -0.00788879394531251 0.0545120239257813
-0.015716552734375 -0.103538513183594 -0.0487174987792969 0.0353965759277344
0.0706863403320313 -0.11676025390625 -0.0499229431152344 -0.018035888671875
0.105293273925781 -0.0787277221679688 -0.0111312866210937 -0.0469932556152344
0.134819030761719 -0.0602493286132812 0.0959854125976563 -0.0330581665039063
0.106765747070313 -0.00891876220703125 0.0439605712890625 -0.129440307617188
0.113594055175781 -0.0212936401367188 0.0814132690429688 -0.0988845825195313
0.094970703125 -0.0861968994140625 0.0763168334960938 -0.0747222900390625
0.0327606201171875 -0.0915603637695313 0.0588226318359375 -0.0679969787597656
-0.00473022460937499 -0.0882339477539062 0.0485420227050781 -0.0421066284179688
-0.0409469604492188 -0.0647048950195312 0.045806884765625 -0.0257759094238281
-0.0592880249023438 -0.0412788391113281 0.0474090576171875 -0.0219612121582031
-0.0623054504394531 -0.0452842712402344 0.0511970520019531 -0.00933837890625
-0.0676651000976563 -0.0406265258789062 0.0547409057617187 0.0185012817382812
-0.04168701171875 -0.0572013854980469 0.0416259765625 0.0599174499511719
-0.021148681640625 -0.0792160034179688 5.72204589843748E-05 0.0687675476074219
0.0076904296875 -0.0909194946289063 -0.040130615234375 0.0403976440429687
0.0871505737304688 -0.087493896484375 -0.0368309020996094 -0.0143814086914063
0.113265991210938 -0.0388870239257813 0.0102157592773438 -0.0534019470214844
0.119148254394531 -0.0111007690429688 0.131851196289063 -0.0389785766601563
0.0620994567871094 0.0321846008300781 0.0618438720703125 -0.13165283203125
0.080047607421875 0.01123046875 0.0811767578125 -0.105392456054688
0.0721435546875 -0.0422134399414063 0.0678977966308594 -0.0612983703613281
0.0271682739257813 -0.0508995056152344 0.0598182678222656 -0.0476112365722656
0.0067138671875 -0.0508270263671875 0.0566825866699219 -0.0235824584960938
-0.0173873901367188 -0.0434341430664063 0.06280517578125 -0.0128707885742188
-0.0312519073486328 -0.0336227416992187 0.068572998046875 -0.0157928466796875
-0.0359001159667969 -0.0384330749511719 0.0683174133300781 0.000705718994140623
-0.0434837341308594 -0.0379219055175781 0.0728530883789063 0.033203125
-0.0232505798339844 -0.0459556579589844 0.0512313842773438 0.078948974609375
-0.0066986083984375 -0.0622406005859375 0.0041046142578125 0.084075927734375
0.0190467834472656 -0.0684623718261719 -0.0323982238769531 0.0496597290039063
0.0850601196289063 -0.0521240234375 -0.0253715515136719 -0.000558853149414063
0.100669860839844 0.00081634521484375 0.0303878784179688 -0.0431480407714844
0.0836639404296875 0.0354766845703125 0.156280517578125 -0.02752685546875
-0.0337448120117187 -0.0702743530273438 -0.161392211914063 0.0291900634765625
-0.0614242553710938 -0.0148086547851563 -0.0449028015136719 0.0313224792480469
-0.0546302795410156 0.0292510986328125 0.0258903503417969 -0.0209674835205078
-0.0119667053222656 0.0458335876464844 0.030670166015625 -0.0712127685546875
0.00406455993652344 0.0344924926757813 -0.000137329101562493 -0.102668762207031
0.0084686279296875 0.0226001739501953 -0.0603561401367187 -0.101737976074219
0.00428199768066406 0.0257930755615234 -0.0957107543945313 -0.0450363159179688
-0.000841140747070314 0.0295391082763672 -0.085845947265625 -0.0115509033203125
-0.00347328186035156 0.0276165008544922 -0.0783157348632813 0.0126419067382813
-0.0162801742553711 0.0136327743530273 -0.0786819458007813 0.013214111328125
-0.0195140838623047 0.00857162475585938 -0.0686492919921875 0.0254974365234375
-0.0281105041503906 0.0118885040283203 -0.0666885375976563 0.0374031066894531
-0.0446052551269531 -0.0130958557128906 -0.0734786987304688 0.04302978515625
-0.0425987243652344 -0.0430984497070313 -0.07135009765625 0.0996627807617188
-0.0251846313476562 -0.07781982421875 -0.0666351318359375 0.130126953125
0.0239791870117188 -0.0945358276367188 -0.156082153320313 0.00193786621093753
-0.0148773193359375 -0.0404167175292969 -0.0388870239257813 0.0109710693359375
-0.0218868255615234 -0.0119457244873047 0.0314979553222656 -0.0416908264160156
-0.000387191772460937 0.00880241394042969 0.0294570922851563 -0.0886459350585938
0.00234293937683106 -0.00210428237915039 -0.000671386718750007 -0.111595153808594
-0.00841665267944336 -0.0043034553527832 -0.0603790283203125 -0.107078552246094
-0.0243473052978516 0.00882720947265625 -0.0935440063476563 -0.0522232055664063
-0.0330677032470703 0.0136127471923828 -0.0812301635742188 -0.0193252563476562
-0.0391159057617188 0.0167808532714844 -0.0735931396484375 0.00749969482421877
-0.0456695556640625 -0.00617599487304687 -0.0715255737304687 0.01483154296875
-0.0423927307128906 -0.0259780883789062 -0.0652351379394531 0.0271453857421875
-0.037384033203125 -0.0341949462890625 -0.070343017578125 0.0345687866210937
-0.0186309814453125 -0.06317138671875 -0.0708236694335938 0.0262680053710937
-0.005859375 -0.0798110961914063 -0.06072998046875 0.0770721435546875
0.0267715454101563 -0.112892150878906 -0.0488739013671875 0.105033874511719
0.0797653198242188 -0.1064453125 -0.13232421875 -0.0276718139648438
0.0393867492675781 -0.060333251953125 -0.0186767578125 -0.00933265686035157
0.01873779296875 -0.0585861206054688 0.0471458435058594 -0.060150146484375
0.0117645263671875 -0.0373077392578125 0.0340728759765625 -0.103378295898437
-0.00199127197265625 -0.0436973571777344 0.00189971923828126 -0.115959167480469
-0.0273666381835937 -0.0342330932617188 -0.0531768798828125 -0.104034423828125
-0.0511741638183594 -0.00939178466796875 -0.0803070068359375 -0.0527496337890625
-0.0613861083984375 -0.003936767578125 -0.0645713806152344 -0.02471923828125
-0.0692214965820313 0.00526809692382812 -0.0563278198242188 0.00334167480468749
-0.0681343078613281 -0.0217208862304687 -0.0524864196777344 0.0184745788574219
-0.0623893737792969 -0.0514984130859375 -0.0533256530761719 0.0331039428710938
-0.0488471984863281 -0.0689659118652344 -0.0701141357421875 0.0363388061523438
-0.0011138916015625 -0.104827880859375 -0.07049560546875 0.0114364624023437
0.0254592895507813 -0.107559204101563 -0.0509986877441406 0.0450248718261719
0.071563720703125 -0.13330078125 -0.0197372436523438 0.0671501159667969
0.122451782226562 -0.103073120117187 -0.0927963256835938 -0.0597686767578125
0.0896224975585938 -0.0728912353515625 0.0109977722167969 -0.0314617156982422
0.0584869384765625 -0.101692199707031 0.0642776489257812 -0.0730743408203125
0.0215682983398437 -0.0831451416015625 0.042388916015625 -0.110031127929688
-0.00968170166015626 -0.0829696655273438 0.0103073120117188 -0.110984802246094
-0.0453414916992188 -0.0598297119140625 -0.036651611328125 -0.0908203125
-0.0722427368164063 -0.0261459350585937 -0.0556182861328125 -0.0490455627441406
-0.0814056396484375 -0.0207443237304687 -0.0384063720703125 -0.0262565612792969
-0.088623046875 -0.00676727294921875 -0.0305442810058594 0.000123977661132808
-0.079132080078125 -0.0354995727539063 -0.0257034301757813 0.0228042602539063
-0.0723114013671875 -0.0691070556640625 -0.0371208190917969 0.0396957397460937
-0.0529556274414062 -0.0915603637695313 -0.0659370422363281 0.0390510559082031
0.0162277221679687 -0.130958557128906 -0.0699043273925781 -0.000476837158203133
0.0533294677734375 -0.119834899902344 -0.0429191589355469 0.009490966796875
0.105964660644531 -0.134033203125 0.0167465209960938 0.0249824523925781
0.143096923828125 -0.08551025390625 -0.0443954467773438 -0.090545654296875
0.122718811035156 -0.0725555419921875 0.0417823791503906 -0.0581092834472656
0.0868301391601563 -0.125785827636719 0.0773239135742188 -0.0820846557617188
0.0286407470703125 -0.113655090332031 0.050567626953125 -0.105560302734375
-0.015655517578125 -0.109130859375 0.0225982666015625 -0.0951309204101563
-0.0583572387695313 -0.0750350952148438 -0.0114898681640625 -0.07080078125
-0.0828018188476563 -0.0372695922851562 -0.0220985412597656 -0.0412139892578125
-0.0894851684570313 -0.0338211059570312 -0.0074920654296875 -0.0245838165283203
-0.09515380859375 -0.01971435546875 -0.00028443336486817 -0.000236958265304567
-0.0770721435546875 -0.04705810546875 0.00242805480957031 0.0298900604248047
-0.0660400390625 -0.0809860229492188 -0.0207099914550781 0.0480422973632812
-0.0426101684570313 -0.103591918945313 -0.0593490600585938 0.0401992797851562
0.0391845703125 -0.136955261230469 -0.0657157897949219 -0.0100250244140625
0.0807723999023438 -0.112159729003906 -0.0326385498046875 -0.0239124298095703
0.128929138183594 -0.1107177734375 0.0559616088867188 -0.0133590698242188
0.137939453125 -0.0549850463867188 0.00289154052734376 -0.115570068359375
0.132102966308594 -0.0557174682617188 0.0665512084960938 -0.08453369140625
0.0996627807617188 -0.122970581054688 0.0803756713867188 -0.0851593017578125
0.0309982299804687 -0.118408203125 0.05511474609375 -0.0917892456054688
-0.0161590576171875 -0.111190795898438 0.0354537963867188 -0.070953369140625
-0.0589447021484375 -0.0764541625976563 0.0185127258300781 -0.0482330322265625
-0.0798492431640625 -0.0413131713867188 0.0149116516113281 -0.0330924987792969
-0.084136962890625 -0.0410385131835938 0.0238761901855469 -0.0191841125488281
-0.0887680053710937 -0.0305862426757812 0.0292167663574219 0.00646781921386719
-0.0641593933105469 -0.0558319091796875 0.0267677307128906 0.0423164367675781
-0.0476913452148438 -0.0854339599609375 -0.00661849975585938 0.0586204528808594
-0.0204238891601563 -0.104705810546875 -0.0508689880371094 0.0416412353515625
0.06536865234375 -0.122634887695313 -0.0564727783203125 -0.0155105590820312
0.104888916015625 -0.0852813720703125 -0.016021728515625 -0.0475845336914063
0.135093688964844 -0.0691757202148438 0.0957717895507813 -0.039031982421875
0.109901428222656 -0.0146331787109375 0.0383224487304688 -0.132408142089844
0.116806030273438 -0.0285873413085938 0.07928466796875 -0.103797912597656
0.0926055908203125 -0.0952224731445313 0.0758209228515625 -0.0786361694335938
0.0289840698242188 -0.0954742431640625 0.05694580078125 -0.0721511840820313
-0.01019287109375 -0.0900421142578125 0.0482139587402344 -0.0462188720703125
-0.0453376770019531 -0.0640945434570313 0.0462112426757812 -0.0289535522460938
-0.0620689392089844 -0.0396270751953125 0.04669189453125 -0.025360107421875
-0.0657081604003906 -0.0419960021972656 0.0505027770996094 -0.0111808776855469
-0.0707626342773438 -0.0371322631835937 0.0558395385742187 0.0175132751464844
-0.0445899963378906 -0.05670166015625 0.0445594787597656 0.0601310729980469
-0.025604248046875 -0.079833984375 0.00177764892578125 0.0725631713867187
0.00332641601562501 -0.0930023193359375 -0.0421333312988281 0.0455513000488281
0.0841064453125 -0.0938034057617188 -0.0427055358886719 -0.0126457214355469
0.114295959472656 -0.04632568359375 0.00617980957031251 -0.0551033020019531
0.122108459472656 -0.0182952880859375 0.131599426269531 -0.0467681884765625
0.0657157897949219 0.0299186706542969 0.0570755004882813 -0.135833740234375
0.0840606689453125 0.00579071044921875 0.0779037475585938 -0.110244750976563
0.0704727172851563 -0.0490798950195313 0.0680618286132813 -0.0652198791503906
0.0247001647949219 -0.0536880493164062 0.0598907470703125 -0.0517425537109375
0.00292587280273437 -0.0525398254394531 0.0576858520507812 -0.0270004272460938
-0.0205917358398438 -0.0431289672851563 0.0650787353515625 -0.0171623229980469
-0.0329780578613281 -0.0320034027099609 0.0687599182128906 -0.0195083618164063
-0.0390167236328125 -0.0361099243164063 0.0683975219726563 -0.00181961059570313
-0.0458946228027344 -0.0353012084960938 0.0744400024414063 0.0318756103515625
-0.02587890625 -0.0455093383789062 0.0560150146484375 0.0787277221679688
-0.00957870483398438 -0.0624847412109375 0.00675964355468751 0.088165283203125
0.0156021118164063 -0.0701408386230469 -0.0333900451660156 0.0539779663085937
0.0827865600585938 -0.0583267211914063 -0.0292415618896484 0.000535964965820304
0.10345458984375 -0.0056915283203125 0.0267105102539063 -0.0454177856445313
0.0875091552734375 0.0318527221679688 0.15814208984375 -0.0358428955078125
-0.0374755859375 -0.0663375854492188 -0.1591796875 0.0377197265625
-0.0620956420898438 -0.0107650756835937 -0.0424880981445313 0.033447265625
-0.0524139404296875 0.033203125 0.0273838043212891 -0.0220851898193359
-0.00799560546875 0.0456161499023437 0.0297164916992188 -0.073486328125
0.00662994384765625 0.0328521728515625 -0.00395202636718749 -0.103973388671875
0.00930404663085937 0.0212173461914063 -0.0649032592773438 -0.100433349609375
0.00546455383300781 0.0245475769042969 -0.0968170166015625 -0.0404739379882812
0.00125312805175781 0.0288944244384766 -0.0851898193359375 -0.00734710693359376
-0.00181388854980469 0.0269718170166016 -0.0773391723632813 0.0165786743164063
-0.0158157348632813 0.0138378143310547 -0.0786972045898438 0.0181655883789063
-0.0188827514648438 0.00884056091308594 -0.0683517456054687 0.0293807983398438
-0.0260810852050781 0.0132255554199219 -0.0660171508789062 0.0409965515136719
-0.0444793701171875 -0.00952529907226562 -0.073272705078125 0.0458145141601562
-0.0449981689453125 -0.0397109985351563 -0.0670547485351563 0.101608276367188
-0.0304107666015625 -0.0746231079101562 -0.0590057373046875 0.132095336914063
0.0188064575195313 -0.0936126708984375 -0.15509033203125 0.0105743408203125
-0.016357421875 -0.0379981994628906 -0.0370635986328125 0.0133323669433594
-0.0218009948730469 -0.00918006896972656 0.0315170288085938 -0.0438575744628906
0.00193357467651367 0.0084686279296875 0.0265426635742187 -0.09039306640625
0.00356650352478027 -0.00258684158325195 -0.00501251220703126 -0.113021850585937
-0.00897598266601563 -0.00534152984619141 -0.064910888671875 -0.105628967285156
-0.023681640625 0.00940132141113281 -0.0953369140625 -0.0470733642578125
-0.0314044952392578 0.0144462585449219 -0.0809402465820313 -0.0146408081054687
-0.0378913879394531 0.0184249877929688 -0.0727996826171875 0.0122528076171875
-0.0454139709472656 -0.00521087646484374 -0.0714111328125 0.019561767578125
-0.0438919067382813 -0.0247764587402344 -0.0648727416992187 0.0312767028808594
-0.0375633239746094 -0.0325927734375 -0.0701332092285156 0.0389442443847656
-0.0213088989257813 -0.061614990234375 -0.0724563598632813 0.02874755859375
-0.00937652587890625 -0.0781784057617188 -0.057708740234375 0.0785140991210938
0.0198135375976562 -0.112930297851563 -0.0431747436523438 0.105705261230469
0.0737152099609375 -0.108139038085938 -0.133514404296875 -0.0199356079101562
0.0363540649414062 -0.0611228942871094 -0.0176677703857422 -0.00772666931152344
0.0162200927734375 -0.0571975708007813 0.0456733703613281 -0.0623550415039063
0.01165771484375 -0.0370330810546875 0.0303955078125 -0.104965209960938
-0.002838134765625 -0.0440902709960938 -0.00289916992187499 -0.116668701171875
-0.0282402038574219 -0.0341949462890625 -0.0579376220703125 -0.101608276367187
-0.0513153076171875 -0.00804138183593751 -0.082489013671875 -0.0488662719726562
-0.0606346130371094 -0.00108337402343749 -0.0652427673339844 -0.0203742980957031
-0.0684623718261719 0.00837707519531251 -0.056060791015625 0.00748062133789063
-0.0685157775878906 -0.0197715759277344 -0.0520896911621094 0.0224113464355469
-0.0646324157714844 -0.0496406555175781 -0.053619384765625 0.0377349853515625
-0.050750732421875 -0.0667915344238281 -0.0695266723632813 0.0420303344726562
-0.00565338134765625 -0.103790283203125 -0.0738677978515625 0.0148239135742187
0.0207366943359375 -0.107131958007813 -0.0499916076660156 0.0470771789550781
0.0632095336914063 -0.136009216308594 -0.016021728515625 0.0670318603515625
0.116851806640625 -0.10791015625 -0.0951919555664062 -0.0529861450195312
0.0858917236328125 -0.0764007568359375 0.0106582641601563 -0.0316867828369141
0.0531997680664063 -0.102912902832031 0.0621871948242188 -0.0760269165039063
0.019012451171875 -0.08380126953125 0.0379409790039062 -0.111740112304688
-0.0127334594726562 -0.0829391479492188 0.00508117675781251 -0.111701965332031
-0.0477027893066406 -0.0585212707519531 -0.040740966796875 -0.0889892578125
-0.0727081298828125 -0.0235443115234375 -0.0574150085449219 -0.0455131530761719
-0.0814590454101563 -0.01654052734375 -0.0397567749023438 -0.0234107971191406
-0.088043212890625 -0.00255584716796875 -0.0307807922363281 0.00301551818847656
-0.080596923828125 -0.032684326171875 -0.0254669189453125 0.0256671905517578
-0.0743789672851563 -0.0660476684570312 -0.0367507934570313 0.0440597534179687
-0.0560836791992188 -0.0889358520507813 -0.0658912658691406 0.0451164245605469
0.0097198486328125 -0.130592346191406 -0.0744705200195313 0.00388336181640624
0.0484771728515625 -0.121353149414063 -0.0442390441894531 0.0113372802734375
0.0984115600585938 -0.138336181640625 0.0174446105957031 0.0230388641357422
0.139129638671875 -0.09161376953125 -0.048583984375 -0.085662841796875
0.120033264160156 -0.07830810546875 0.0404205322265625 -0.0590362548828125
0.080902099609375 -0.129714965820313 0.0743865966796875 -0.0850677490234375
0.0232925415039063 -0.114471435546875 0.0459976196289062 -0.107933044433594
-0.02056884765625 -0.108001708984375 0.0182266235351563 -0.0970687866210938
-0.0615310668945312 -0.072723388671875 -0.0146255493164063 -0.070831298828125
-0.0840072631835938 -0.0335922241210938 -0.0238456726074219 -0.0398139953613281
-0.090240478515625 -0.028900146484375 -0.00948333740234375 -0.0225315093994141
-0.094482421875 -0.0149154663085938 -0.000634908676147466 0.00253438949584961
-0.0784912109375 -0.043914794921875 0.00253677368164062 0.0315361022949219
-0.0692062377929688 -0.0778884887695312 -0.0196304321289063 0.0514488220214844
-0.0466995239257812 -0.101142883300781 -0.0593948364257812 0.046417236328125
0.0317611694335938 -0.138740539550781 -0.0709152221679688 -0.00594329833984376
0.07659912109375 -0.115814208984375 -0.0359115600585937 -0.0229225158691406
0.122032165527344 -0.117149353027344 0.0548896789550781 -0.0171012878417969
0.136146545410156 -0.0612564086914062 -0.00264739990234374 -0.113021850585938
0.130218505859375 -0.063323974609375 0.0633010864257813 -0.0862274169921875
0.093017578125 -0.128868103027344 0.0775527954101563 -0.0883636474609375
0.0259246826171875 -0.119544982910156 0.051055908203125 -0.0936737060546875
-0.021881103515625 -0.110206604003906 0.0325469970703125 -0.0728912353515625
-0.0617828369140625 -0.0735931396484375 0.0161323547363281 -0.0496749877929688
-0.0811233520507813 -0.0382156372070313 0.0127124786376953 -0.0335731506347656
-0.0852127075195313 -0.0366058349609375 0.0215530395507812 -0.0192737579345703
-0.0895767211914063 -0.0262451171875 0.0287094116210937 0.0067138671875
-0.0657196044921875 -0.0532608032226563 0.0280227661132812 0.0426788330078125
-0.0508041381835938 -0.0829696655273438 -0.0054779052734375 0.061126708984375
-0.0242767333984375 -0.102691650390625 -0.0515594482421875 0.0473365783691406
0.05865478515625 -0.126617431640625 -0.0614814758300781 -0.0118331909179688
0.100822448730469 -0.0901031494140625 -0.0208663940429687 -0.0468025207519531
0.131248474121094 -0.0758590698242188 0.0929718017578125 -0.0443496704101563
0.11065673828125 -0.0210494995117187 0.0323638916015625 -0.131355285644531
0.116485595703125 -0.0358123779296875 0.0746688842773438 -0.106208801269531
0.0875701904296875 -0.101470947265625 0.073272705078125 -0.081939697265625
0.0246734619140625 -0.0972824096679688 0.053741455078125 -0.0744476318359375
-0.0149307250976562 -0.0893173217773438 0.0461311340332031 -0.0483894348144531
-0.0488052368164062 -0.0616455078125 0.0443954467773438 -0.0313873291015625
-0.063751220703125 -0.0361213684082031 0.04510498046875 -0.0273246765136719
-0.0675468444824219 -0.0378303527832031 0.0479888916015625 -0.0127983093261719
-0.071624755859375 -0.03240966796875 0.0551490783691406 0.01654052734375
-0.046630859375 -0.0544166564941406 0.0466194152832031 0.0589141845703125
-0.028961181640625 -0.0782012939453125 0.00424957275390624 0.075042724609375
-0.00109100341796876 -0.092315673828125 -0.0421066284179688 0.0504302978515625
0.0781402587890625 -0.0983734130859375 -0.0469894409179688 -0.0102348327636719
0.112480163574219 -0.0522308349609375 0.00104141235351563 -0.0555305480957031
0.120628356933594 -0.0257644653320313 0.128265380859375 -0.0529098510742188
0.0685195922851563 0.0260581970214844 0.0499725341796875 -0.13580322265625
0.0852737426757812 0.00016021728515625 0.07366943359375 -0.1126708984375
0.0671577453613281 -0.0543632507324219 0.0663299560546875 -0.0679206848144531
0.0220680236816406 -0.0552330017089844 0.0583686828613281 -0.0541877746582031
-0.00049972534179687 -0.0525016784667969 0.0569343566894531 -0.0299758911132813
-0.0223922729492188 -0.0415840148925781 0.0641517639160156 -0.0207443237304688
-0.0340576171875 -0.0301570892333984 0.0676689147949219 -0.022918701171875
-0.0401763916015625 -0.0329170227050781 0.0667304992675781 -0.00475692749023438
-0.0467414855957031 -0.0311393737792969 0.074493408203125 0.028778076171875
-0.0277671813964844 -0.0442581176757812 0.0584869384765625 0.0763397216796875
-0.0131263732910156 -0.0611114501953125 0.00968170166015624 0.0893402099609375
0.011566162109375 -0.0707550048828125 -0.0329704284667969 0.0579986572265625
0.07861328125 -0.0634613037109375 -0.0320529937744141 0.00196456909179687
0.10272216796875 -0.0124969482421875 0.0225830078125 -0.0465354919433594
0.08966064453125 0.0259933471679688 0.154953002929688 -0.04364013671875
-0.0392684936523438 -0.0622444152832031 -0.154815673828125 0.0421600341796875
-0.0617408752441406 -0.00658035278320311 -0.0391197204589844 0.034759521484375
-0.0491867065429687 0.0359077453613281 0.0285758972167969 -0.0230770111083984
-0.00514602661132813 0.0439949035644531 0.0286941528320312 -0.0745315551757813
0.00871658325195313 0.0308475494384766 -0.00584411621093749 -0.104103088378906
0.00951385498046875 0.0200252532958984 -0.0670700073242188 -0.09796142578125
0.006317138671875 0.0234260559082031 -0.09521484375 -0.037750244140625
0.00292587280273438 0.0277233123779297 -0.0831680297851563 -0.00457763671874999
-0.000934600830078122 0.0262546539306641 -0.0746383666992188 0.018951416015625
-0.0151443481445313 0.0135478973388672 -0.0773086547851563 0.0214385986328125
-0.0182743072509766 0.00870704650878906 -0.0677261352539063 0.0323143005371094
-0.0238265991210938 0.0136318206787109 -0.065399169921875 0.0421028137207031
-0.0430755615234375 -0.00715637207031249 -0.0729598999023438 0.0464248657226563
-0.0453834533691406 -0.03668212890625 -0.0639801025390625 0.100906372070313
-0.0337371826171875 -0.0709304809570313 -0.0539016723632813 0.130439758300781
0.0150833129882813 -0.0911026000976562 -0.15191650390625 0.0159912109375
-0.0169486999511719 -0.0354881286621094 -0.0350742340087891 0.0147018432617187
-0.0203914642333984 -0.00664329528808594 0.0312576293945313 -0.0441627502441406
0.00410938262939453 0.00790548324584961 0.0254135131835937 -0.090576171875
0.00463008880615234 -0.00385808944702148 -0.00676727294921875 -0.112297058105469
-0.00870513916015625 -0.00576877593994141 -0.0672683715820313 -0.102798461914062
-0.023101806640625 0.00896072387695313 -0.0946197509765625 -0.0442886352539063
-0.0299568176269531 0.0147953033447266 -0.0795745849609375 -0.0113143920898438
-0.0364952087402344 0.0182609558105469 -0.0709381103515625 0.0150375366210938
-0.0452232360839844 -0.00434494018554687 -0.0705490112304688 0.0223464965820312
-0.0435981750488281 -0.0236473083496094 -0.0644302368164063 0.034698486328125
-0.03668212890625 -0.0308761596679688 -0.0695648193359375 0.0411758422851563
-0.0222702026367187 -0.0591087341308594 -0.07366943359375 0.0305557250976563
-0.0113906860351563 -0.0757369995117187 -0.0555191040039062 0.0782241821289063
0.0145111083984375 -0.110450744628906 -0.0388107299804688 0.103790283203125
0.0694427490234375 -0.106971740722656 -0.131072998046875 -0.0139694213867187
0.0344924926757813 -0.05987548828125 -0.016265869140625 -0.00595378875732422
0.015350341796875 -0.0552253723144531 0.0449790954589844 -0.062774658203125
0.0121231079101563 -0.0368232727050781 0.0280914306640625 -0.104721069335937
-0.0028839111328125 -0.0438346862792969 -0.00534820556640626 -0.115776062011719
-0.0284233093261719 -0.0332794189453125 -0.0601119995117188 -0.0990753173828125
-0.0503196716308594 -0.007080078125 -0.0820693969726562 -0.0454254150390625
-0.0589370727539063 2.67028808593726E-05 -0.0645675659179688 -0.0169105529785156
-0.0659751892089844 0.00954818725585936 -0.0549049377441406 0.010284423828125
-0.0681838989257813 -0.0181694030761719 -0.0513343811035156 0.0251922607421875
-0.064910888671875 -0.0474586486816406 -0.0527420043945313 0.0407218933105469
-0.0506668090820313 -0.0646018981933594 -0.0692596435546875 0.0452156066894531
-0.00872802734375001 -0.101570129394531 -0.0762405395507813 0.0170516967773437
0.0178909301757813 -0.105789184570312 -0.0496864318847656 0.0469398498535156
0.0572509765625 -0.134849548339844 -0.0138931274414063 0.0650978088378906
0.112060546875 -0.109245300292969 -0.0944442749023438 -0.0475234985351562
0.0829925537109375 -0.0774917602539063 0.0103797912597656 -0.0301151275634766
0.0498123168945312 -0.101936340332031 0.0607070922851563 -0.0763778686523438
0.0178909301757813 -0.0825271606445313 0.0350570678710938 -0.111831665039063
-0.0139923095703125 -0.0813369750976563 0.00242614746093751 -0.111412048339844
-0.0484161376953125 -0.05706787109375 -0.0434951782226562 -0.086883544921875
-0.0719985961914063 -0.0215225219726563 -0.0575103759765625 -0.0431365966796875
-0.0803070068359375 -0.014007568359375 -0.0402641296386719 -0.0204429626464844
-0.0864334106445313 -0.000190734863281244 -0.0306720733642578 0.00600242614746094
-0.0795440673828125 -0.0298995971679687 -0.0253162384033203 0.0275936126708984
-0.0754241943359375 -0.063323974609375 -0.035797119140625 0.0473251342773437
-0.056182861328125 -0.086639404296875 -0.0651779174804688 0.049224853515625
0.00528717041015625 -0.128890991210938 -0.0771484375 0.00697326660156249
0.0448074340820313 -0.120529174804687 -0.0454483032226563 0.0116996765136719
0.0916824340820312 -0.138359069824219 0.0177021026611328 0.0210971832275391
0.134628295898437 -0.095245361328125 -0.0500946044921875 -0.0799942016601563
0.116287231445312 -0.0806884765625 0.0390777587890625 -0.0575714111328125
0.0761566162109375 -0.129997253417969 0.071685791015625 -0.0857315063476563
0.0214157104492188 -0.113105773925781 0.0428848266601562 -0.10772705078125
-0.0228424072265625 -0.106254577636719 0.015045166015625 -0.0963668823242187
-0.0622406005859375 -0.0708160400390625 -0.0170707702636719 -0.0692787170410156
-0.0833511352539063 -0.031341552734375 -0.0246315002441406 -0.0377540588378906
-0.0890274047851562 -0.025421142578125 -0.0105609893798828 -0.0210361480712891
-0.092864990234375 -0.0121002197265625 -0.00100517272949219 0.00448513031005859
-0.078094482421875 -0.0419235229492188 0.00262260437011718 0.0328025817871094
-0.0699920654296875 -0.0752410888671875 -0.0186347961425781 0.0543899536132812
-0.0478363037109375 -0.0981979370117188 -0.0590248107910156 0.0505599975585938
0.027130126953125 -0.136909484863281 -0.0739974975585938 -0.00237274169921876
0.0727081298828125 -0.115562438964844 -0.03790283203125 -0.0212364196777344
0.116539001464844 -0.118614196777344 0.05291748046875 -0.018890380859375
0.133018493652344 -0.0647201538085938 -0.00545501708984374 -0.109390258789063
0.126899719238281 -0.06732177734375 0.0609054565429688 -0.0848922729492188
0.0878677368164063 -0.130340576171875 0.0748672485351563 -0.0881500244140625
0.0223922729492187 -0.118606567382812 0.04815673828125 -0.0932846069335938
-0.0251083374023437 -0.108428955078125 0.0301895141601562 -0.0735244750976563
-0.0634841918945313 -0.071746826171875 0.0148544311523437 -0.0493278503417969
-0.0804901123046875 -0.0354690551757812 0.0110588073730469 -0.0326118469238281
-0.084564208984375 -0.0327682495117187 0.0196075439453125 -0.0181560516357422
-0.0871200561523437 -0.0228500366210938 0.0279350280761719 0.00757026672363281
-0.0653762817382813 -0.0504035949707031 0.028167724609375 0.0422019958496094
-0.0522994995117188 -0.080657958984375 -0.00461959838867188 0.063812255859375
-0.026153564453125 -0.100990295410156 -0.0504875183105469 0.0512924194335937
0.0535125732421875 -0.125869750976563 -0.064544677734375 -0.00888824462890627
0.0976409912109375 -0.0923004150390625 -0.0238113403320312 -0.0455055236816406
0.126014709472656 -0.0796051025390625 0.0893783569335938 -0.0460968017578125
0.109054565429687 -0.0241317749023437 0.0285568237304687 -0.127891540527344
0.114593505859375 -0.0401763916015625 0.0717620849609375 -0.105361938476562
0.0818862915039063 -0.103981018066406 0.0710983276367188 -0.0823211669921875
0.0215301513671875 -0.09661865234375 0.0518417358398437 -0.074615478515625
-0.0184326171875 -0.0882644653320313 0.0448684692382813 -0.049285888671875
-0.0497093200683594 -0.0593452453613281 0.0435218811035156 -0.0325431823730469
-0.0626182556152344 -0.0335617065429687 0.0431327819824219 -0.028228759765625
-0.0675773620605469 -0.0346603393554687 0.0456924438476562 -0.0121040344238281
-0.0705337524414063 -0.0293807983398438 0.0537605285644531 0.0163078308105469
-0.0468368530273438 -0.0525436401367188 0.0465660095214844 0.0572357177734375
-0.0307159423828125 -0.075927734375 0.00537109375 0.076446533203125
-0.00349426269531249 -0.0906448364257813 -0.04205322265625 0.0534858703613281
0.073028564453125 -0.0995101928710938 -0.0499763488769531 -0.00770187377929689
0.109786987304688 -0.0556564331054688 -0.00211334228515624 -0.0543785095214844
0.118385314941406 -0.0291900634765625 0.124160766601563 -0.0562591552734375
0.0693283081054688 0.0228271484375 0.04608154296875 -0.133712768554688
0.0843353271484375 -0.0045928955078125 0.0691757202148438 -0.111663818359375
0.0635452270507813 -0.0577354431152344 0.0647430419921875 -0.06781005859375
0.0198898315429687 -0.0555458068847656 0.0569229125976563 -0.0554885864257813
-0.00275421142578125 -0.0519447326660156 0.05560302734375 -0.0316123962402344
-0.0245895385742188 -0.0401458740234375 0.06304931640625 -0.0227851867675781
-0.0345840454101563 -0.0282821655273437 0.0649147033691406 -0.0242118835449219
-0.0407676696777344 -0.0312309265136719 0.0640182495117188 -0.00558090209960938
-0.0464401245117188 -0.0284080505371094 0.0736312866210938 0.0267868041992187
-0.0284614562988281 -0.0419731140136719 0.0588912963867188 0.074462890625
-0.0147018432617187 -0.0596084594726563 0.0110626220703125 0.0897216796875
0.00869369506835937 -0.0696067810058594 -0.0333023071289062 0.0607032775878906
0.0743026733398438 -0.0660324096679687 -0.0344123840332031 0.00340080261230468
0.100723266601563 -0.0167083740234375 0.0185203552246094 -0.0469093322753906
0.0896530151367188 0.0218582153320313 0.1502685546875 -0.0474395751953125
-0.0398941040039063 -0.0601081848144531 -0.152618408203125 0.0438232421875
-0.0605697631835938 -0.00468063354492188 -0.03826904296875 0.0354995727539063
-0.0473060607910156 0.0377731323242188 0.0296840667724609 -0.0235538482666016
-0.00304794311523438 0.0429916381835938 0.0301666259765625 -0.0759201049804688
0.0100746154785156 0.029815673828125 -0.0055084228515625 -0.105278015136719
0.0092926025390625 0.0193881988525391 -0.0674057006835938 -0.0975112915039062
0.00635910034179688 0.0227470397949219 -0.094207763671875 -0.03607177734375
0.003570556640625 0.0266742706298828 -0.0812530517578125 -0.00332641601562498
-0.000692367553710938 0.0252780914306641 -0.07305908203125 0.0193939208984375
-0.0157175064086914 0.0132036209106445 -0.0770950317382813 0.0230865478515625
-0.0177936553955078 0.00832748413085937 -0.0675926208496094 0.0342559814453125
-0.0221443176269531 0.0137691497802734 -0.065521240234375 0.0429153442382812
-0.0420913696289063 -0.00542068481445312 -0.0740585327148438 0.0457611083984375
-0.045654296875 -0.03448486328125 -0.0631027221679688 0.0994186401367188
-0.0351486206054688 -0.067901611328125 -0.0520858764648437 0.127639770507813
0.0140609741210938 -0.0886459350585938 -0.149444580078125 0.018463134765625
-0.0168628692626953 -0.0331077575683594 -0.0336208343505859 0.0151004791259766
-0.0184497833251953 -0.00467872619628906 0.0324211120605469 -0.0441551208496094
0.00609111785888672 0.00751972198486328 0.0259933471679688 -0.0907516479492188
0.00621128082275391 -0.00446796417236328 -0.007354736328125 -0.112754821777344
-0.00837469100952148 -0.0063633918762207 -0.0675277709960937 -0.102073669433594
-0.0221157073974609 0.00864028930664063 -0.0935897827148438 -0.042572021484375
-0.0290031433105469 0.0143928527832031 -0.0778427124023438 -0.0100631713867187
-0.0358810424804688 0.0182151794433594 -0.0694923400878906 0.0160102844238281
-0.0449256896972656 -0.00449371337890626 -0.0701942443847656 0.0247001647949219
-0.0436592102050781 -0.0239334106445313 -0.0645523071289063 0.0371284484863281
-0.03509521484375 -0.0307559967041016 -0.070343017578125 0.04266357421875
-0.0221786499023437 -0.0576934814453125 -0.0757980346679688 0.0307769775390625
-0.0113449096679688 -0.0734481811523437 -0.0548629760742188 0.0772857666015625
0.0122299194335937 -0.107917785644531 -0.0375442504882812 0.101516723632813
0.0673904418945313 -0.105606079101563 -0.129249572753906 -0.0114059448242188
0.0341529846191406 -0.05810546875 -0.0149717330932617 -0.00522613525390625
0.0154457092285156 -0.054168701171875 0.0453033447265625 -0.0624351501464844
0.0141334533691406 -0.0366172790527344 0.0284500122070313 -0.104660034179688
-0.00178909301757812 -0.0437965393066406 -0.00550079345703125 -0.116195678710938
-0.0281543731689453 -0.0339717864990234 -0.06072998046875 -0.0978012084960937
-0.0492744445800781 -0.00739288330078125 -0.0807647705078125 -0.044036865234375
-0.0577888488769531 0.000247955322265615 -0.0634613037109375 -0.0154037475585938
-0.0655288696289063 0.00996017456054689 -0.0538215637207031 0.0118942260742188
-0.0680160522460938 -0.0184326171875 -0.0511131286621094 0.0269584655761719
-0.0646514892578125 -0.0471076965332031 -0.0531349182128906 0.0432090759277344
-0.0496864318847656 -0.0639305114746094 -0.0701789855957031 0.0478553771972656
-0.00924682617187499 -0.100173950195313 -0.0789413452148438 0.0185470581054687
0.0173492431640625 -0.103958129882813 -0.0499916076660156 0.0461845397949219
0.054718017578125 -0.132736206054688 -0.0134353637695312 0.06304931640625
0.110038757324219 -0.108413696289063 -0.0929031372070313 -0.0441970825195313
0.0818405151367188 -0.0762100219726563 0.0118312835693359 -0.0287723541259766
0.049072265625 -0.100814819335938 0.0606689453125 -0.0763092041015625
0.019012451171875 -0.0813369750976563 0.034454345703125 -0.11114501953125
-0.0130157470703125 -0.0808029174804688 0.0019378662109375 -0.111244201660156
-0.0482444763183594 -0.0570793151855469 -0.0434036254882813 -0.0860824584960937
-0.0712051391601563 -0.0212936401367188 -0.0568008422851563 -0.0417900085449219
-0.0790863037109375 -0.0134506225585937 -0.0397109985351563 -0.0189971923828125
-0.0850372314453125 0.000434875488281245 -0.0299243927001953 0.00774002075195313
-0.0791702270507813 -0.0302734375 -0.0244731903076172 0.0295200347900391
-0.074615478515625 -0.0630264282226562 -0.03607177734375 0.0500221252441406
-0.0558547973632812 -0.08587646484375 -0.0652008056640625 0.0523223876953125
0.00420379638671876 -0.127693176269531 -0.0805130004882813 0.00897216796874999
0.0446014404296875 -0.119438171386719 -0.046875 0.011962890625
0.0884780883789063 -0.136993408203125 0.0170574188232422 0.0198040008544922
0.132980346679688 -0.0948104858398438 -0.0491409301757812 -0.0769119262695313
0.115081787109375 -0.0813217163085938 0.0389404296875 -0.055999755859375
0.0734710693359375 -0.130287170410156 0.0720291137695312 -0.0849151611328125
0.0213470458984375 -0.112152099609375 0.0420684814453125 -0.107192993164063
-0.0234832763671875 -0.105514526367188 0.0141677856445312 -0.0963058471679688
-0.0618629455566406 -0.07000732421875 -0.01708984375 -0.0688018798828125
-0.0825729370117187 -0.0306930541992188 -0.0249099731445313 -0.037078857421875
-0.0878219604492188 -0.0233993530273437 -0.0109024047851563 -0.0187320709228516
-0.0919189453125 -0.0104598999023437 -0.00102615356445313 0.00610494613647461
-0.0771865844726563 -0.041778564453125 0.00280570983886718 0.0340194702148438
-0.0695571899414063 -0.0746383666992188 -0.0188674926757813 0.0574111938476562
-0.0470046997070313 -0.0974273681640625 -0.0589447021484375 0.0542373657226562
0.0253829956054688 -0.135993957519531 -0.07696533203125 0.000343322753906225
0.0719451904296875 -0.11553955078125 -0.0402297973632812 -0.02044677734375
0.113876342773437 -0.118049621582031 0.0515556335449219 -0.0202903747558594
0.132514953613281 -0.066314697265625 -0.00551605224609374 -0.105949401855469
0.126045227050781 -0.06903076171875 0.0607452392578125 -0.0834503173828125
0.085418701171875 -0.130905151367188 0.0745468139648438 -0.087371826171875
0.0221023559570313 -0.117645263671875 0.0471343994140625 -0.093353271484375
-0.026123046875 -0.107704162597656 0.029998779296875 -0.0734710693359375
-0.0634918212890625 -0.0702629089355469 0.0143280029296875 -0.0489578247070313
-0.0797958374023438 -0.03448486328125 0.0107002258300781 -0.0323123931884766
-0.0838623046875 -0.03106689453125 0.0188350677490234 -0.0163383483886719
-0.0859527587890625 -0.02105712890625 0.0274448394775391 0.0093231201171875
-0.0651435852050781 -0.0503616333007812 0.0273017883300781 0.0432395935058594
-0.0525054931640625 -0.079986572265625 -0.00443267822265625 0.066253662109375
-0.0259323120117188 -0.0998382568359375 -0.0513687133789062 0.05487060546875
0.0511703491210938 -0.125350952148438 -0.0678939819335938 -0.00653457641601564
0.0965118408203125 -0.0924758911132812 -0.0263786315917969 -0.0445976257324219
0.124122619628906 -0.0792770385742187 0.0872650146484375 -0.0468215942382813
0.109130859375 -0.0266342163085938 0.0274887084960938 -0.125244140625
0.113677978515625 -0.0427703857421875 0.0703506469726563 -0.103050231933594
0.079498291015625 -0.105484008789063 0.0708847045898437 -0.0814666748046875
0.0203933715820312 -0.0961532592773438 0.0516586303710938 -0.0737838745117188
-0.019500732421875 -0.0873641967773438 0.0444679260253906 -0.0494804382324219
-0.0505714416503906 -0.0584907531738281 0.043212890625 -0.0327987670898438
-0.0626754760742188 -0.0331192016601562 0.0422134399414062 -0.0279655456542969
-0.0670051574707031 -0.0323944091796875 0.0440673828125 -0.0121269226074219
-0.0696067810058594 -0.0269393920898438 0.0527191162109375 0.0171089172363281
-0.0469131469726562 -0.0516128540039063 0.04638671875 0.0580101013183594
-0.0308380126953125 -0.0750198364257813 0.00559997558593749 0.0786514282226563
-0.003692626953125 -0.0893707275390625 -0.0429611206054687 0.0568275451660156
0.0708694458007813 -0.0994110107421875 -0.0534400939941406 -0.00630950927734376
0.107925415039063 -0.0575714111328125 -0.00530242919921874 -0.0532569885253906
0.117240905761719 -0.0297775268554688 0.121292114257813 -0.0568161010742188
0.070343017578125 0.0201644897460937 0.0446014404296875 -0.130836486816406
0.0843963623046875 -0.0074920654296875 0.0687103271484375 -0.108917236328125
0.0616188049316406 -0.059326171875 0.0652694702148438 -0.0675888061523438
0.0184249877929688 -0.0555381774902344 0.0572052001953125 -0.0550880432128906
-0.00452041625976562 -0.0516586303710938 0.0560722351074219 -0.0322456359863281
-0.0249137878417969 -0.0389938354492187 0.0629005432128906 -0.0241165161132813
-0.0343952178955078 -0.0279808044433594 0.063507080078125 -0.0251884460449219
-0.0408058166503906 -0.0286140441894531 0.0626907348632813 -0.00522232055664063
-0.0458755493164063 -0.0269279479980469 0.07183837890625 0.027252197265625
-0.0280990600585938 -0.0412979125976562 0.0584259033203125 0.0738372802734375
-0.0153846740722656 -0.0587692260742188 0.0113983154296875 0.0914840698242188
0.00833511352539063 -0.0687484741210937 -0.0333671569824219 0.0628128051757813
0.0718154907226563 -0.0666427612304688 -0.037200927734375 0.00500106811523437
0.0997085571289063 -0.0187301635742188 0.0157508850097656 -0.0459785461425781
0.0893707275390625 0.02056884765625 0.147781372070313 -0.04815673828125
-0.0404586791992187 -0.0586585998535156 -0.152938842773438 0.0448455810546875
-0.0607643127441406 -0.00282287597656249 -0.0376548767089844 0.0363006591796875
-0.0457038879394531 0.0390815734863281 0.0322189331054688 -0.0241279602050781
-0.00218963623046875 0.042236328125 0.0321502685546875 -0.0775299072265625
0.0108184814453125 0.0285720825195312 -0.00553894042968749 -0.107978820800781
0.00933837890625 0.0190391540527344 -0.068572998046875 -0.0992507934570313
0.00654029846191406 0.0228404998779297 -0.09417724609375 -0.03717041015625
0.00386428833007813 0.0263404846191406 -0.0806655883789063 -0.00360107421874998
-0.000732421875000001 0.0252494812011719 -0.0734024047851562 0.0191802978515625
-0.0160598754882813 0.0127429962158203 -0.0784072875976563 0.0240936279296875
-0.0179882049560547 0.0083465576171875 -0.0688438415527344 0.0357475280761719
-0.0211982727050781 0.0132064819335938 -0.0680923461914063 0.0438308715820312
-0.0422096252441406 -0.00497817993164062 -0.07720947265625 0.0459747314453125
-0.0461578369140625 -0.0334320068359375 -0.0641326904296875 0.0995101928710938
-0.0360450744628906 -0.0667304992675781 -0.05224609375 0.127403259277344
0.0141754150390625 -0.088470458984375 -0.149932861328125 0.01910400390625
-0.0168323516845703 -0.0314826965332031 -0.0322456359863281 0.0161170959472656
-0.017460823059082 -0.00364208221435547 0.0345115661621094 -0.0449867248535156
0.00752496719360352 0.00683403015136719 0.0273056030273437 -0.09295654296875
0.00772380828857422 -0.00574588775634766 -0.0069427490234375 -0.115348815917969
-0.00804567337036133 -0.00740623474121094 -0.0681076049804688 -0.103179931640625
-0.0220718383789063 0.00810050964355469 -0.0931396484375 -0.042877197265625
-0.0289249420166016 0.0137157440185547 -0.077728271484375 -0.00971221923828125
-0.035797119140625 0.0174293518066406 -0.0694541931152344 0.0169563293457031
-0.0457229614257812 -0.00516128540039062 -0.0711746215820313 0.0263748168945313
-0.0435829162597656 -0.0248031616210938 -0.0657005310058594 0.0393333435058594
-0.0342502593994141 -0.0318164825439453 -0.072265625 0.0443267822265625
-0.0217132568359375 -0.0576667785644531 -0.0799102783203125 0.0315704345703125
-0.0114898681640625 -0.0729904174804688 -0.056671142578125 0.077239990234375
0.01171875 -0.107101440429688 -0.0381927490234375 0.100616455078125
0.0678329467773438 -0.105560302734375 -0.12908935546875 -0.0102691650390625
0.03485107421875 -0.0572357177734375 -0.0135135650634766 -0.00462150573730469
0.0167236328125 -0.0531692504882813 0.0468902587890625 -0.0632095336914063
0.0161323547363281 -0.0372047424316406 0.0292129516601562 -0.106048583984375
-0.000782012939453121 -0.0452880859375 -0.00563812255859374 -0.118301391601563
-0.0281333923339844 -0.0351638793945313 -0.0615158081054687 -0.0986862182617188
-0.0497474670410156 -0.00841140747070313 -0.0812149047851563 -0.044097900390625
-0.0578193664550781 1.90734863281291E-05 -0.0630950927734375 -0.0146942138671875
-0.0656661987304688 0.00988388061523438 -0.053466796875 0.0133590698242188
-0.0684051513671875 -0.0193939208984375 -0.0519371032714844 0.0294609069824219
-0.0656089782714844 -0.0482063293457031 -0.0539627075195313 0.0466346740722656
-0.0487747192382812 -0.0651473999023438 -0.0718460083007813 0.0504684448242187
-0.00869750976562501 -0.100257873535156 -0.0831375122070313 0.0204315185546875
0.0182266235351563 -0.103965759277344 -0.0518608093261719 0.0458602905273437
0.0543212890625 -0.132545471191406 -0.0134696960449219 0.0621871948242187
0.110931396484375 -0.108619689941406 -0.0928955078125 -0.0425796508789063
0.0824661254882813 -0.0765151977539063 0.0134906768798828 -0.0279617309570313
0.0495071411132813 -0.100563049316406 0.062896728515625 -0.07708740234375
0.020751953125 -0.0820693969726562 0.035919189453125 -0.112617492675781
-0.0126495361328125 -0.0818252563476563 0.00215148925781251 -0.113197326660156
-0.0481300354003906 -0.0577201843261719 -0.0438385009765625 -0.0869064331054688
-0.07135009765625 -0.0221710205078125 -0.0571022033691406 -0.0414924621582031
-0.07879638671875 -0.013275146484375 -0.0397224426269531 -0.0172996520996094
-0.0850143432617188 0.000251770019531234 -0.0294151306152344 0.009521484375
-0.0798187255859375 -0.0313568115234375 -0.0255107879638672 0.0320281982421875
-0.0757217407226562 -0.064361572265625 -0.0372161865234375 0.0536117553710937
-0.05517578125 -0.08673095703125 -0.0671195983886719 0.055816650390625
0.00449371337890624 -0.12786865234375 -0.084869384765625 0.0112228393554687
0.04559326171875 -0.11962890625 -0.0483512878417969 0.0119781494140625
0.0894393920898438 -0.137374877929687 0.0167140960693359 0.0185585021972656
0.134620666503906 -0.0961685180664063 -0.0484771728515625 -0.0755462646484375
0.116851806640625 -0.0822906494140625 0.0413398742675781 -0.0553436279296875
0.0739288330078125 -0.131172180175781 0.0735321044921875 -0.0858001708984375
0.0227432250976563 -0.113105773925781 0.0430908203125 -0.108139038085938
-0.0236587524414063 -0.106239318847656 0.01446533203125 -0.0981292724609375
-0.0621490478515625 -0.0712814331054688 -0.0170097351074219 -0.0691680908203125
-0.0829696655273438 -0.0312881469726562 -0.0251922607421875 -0.0367546081542969
-0.0880584716796875 -0.0239639282226563 -0.0109691619873047 -0.0177726745605469
-0.0919342041015625 -0.0107879638671875 -0.000902652740478522 0.00815105438232422
-0.0777130126953125 -0.0433502197265625 0.00208663940429687 0.0360679626464844
-0.0700912475585938 -0.07550048828125 -0.0193862915039063 0.0608711242675781
-0.046966552734375 -0.0987548828125 -0.0606536865234375 0.057952880859375
0.0255584716796875 -0.136878967285156 -0.082122802734375 0.00206756591796873
0.0731658935546875 -0.115982055664063 -0.0424118041992187 -0.0199470520019531
0.114784240722656 -0.118789672851563 0.0510826110839844 -0.0209617614746094
0.134201049804688 -0.0674285888671875 -0.0047149658203125 -0.105545043945313
0.127128601074219 -0.0704727172851563 0.0624313354492188 -0.082611083984375
0.0850448608398437 -0.132659912109375 0.0768203735351563 -0.0874862670898438
0.0233535766601563 -0.119232177734375 0.0483169555664063 -0.09417724609375
-0.0270156860351563 -0.108322143554687 0.0300064086914063 -0.07427978515625
-0.064178466796875 -0.070953369140625 0.0144119262695312 -0.0497169494628906
-0.0807037353515625 -0.0350418090820313 0.0105113983154297 -0.032073974609375
-0.084381103515625 -0.03057861328125 0.0186843872070312 -0.0153636932373047
-0.086029052734375 -0.020904541015625 0.0277462005615234 0.0114841461181641
-0.0652351379394531 -0.0514602661132813 0.0273513793945313 0.0458450317382813
-0.0522842407226563 -0.080657958984375 -0.004608154296875 0.0703811645507813
-0.0253982543945313 -0.100555419921875 -0.0528488159179688 0.0591850280761719
0.0517120361328125 -0.126594543457031 -0.0723800659179688 -0.00434875488281251
0.0971603393554688 -0.093658447265625 -0.0288848876953125 -0.0443916320800781
0.12615966796875 -0.0800933837890625 0.0870361328125 -0.0482406616210938
0.110832214355469 -0.0279312133789063 0.0282669067382813 -0.12420654296875
0.1151123046875 -0.0449676513671875 0.0726852416992188 -0.102737426757812
0.0788497924804688 -0.107162475585938 0.0727462768554688 -0.0814895629882813
0.0206451416015625 -0.0977859497070313 0.05255126953125 -0.07415771484375
-0.0207672119140625 -0.08770751953125 0.0450820922851563 -0.0502510070800781
-0.0513267517089844 -0.0581779479980469 0.0436515808105469 -0.0335311889648438
-0.0637130737304688 -0.0331077575683594 0.0419883728027344 -0.0278511047363281
-0.0670318603515625 -0.0322418212890625 0.0442237854003906 -0.0103530883789063
-0.0692939758300781 -0.0270957946777344 0.0532875061035156 0.0185928344726562
-0.0468406677246094 -0.0523223876953125 0.0466499328613281 0.0594902038574219
-0.031494140625 -0.0754318237304688 0.00540924072265624 0.0823135375976563
-0.00363159179687499 -0.0901031494140625 -0.0440559387207031 0.0605964660644531
0.070037841796875 -0.101104736328125 -0.0571212768554687 -0.00477600097656251
0.109443664550781 -0.0587539672851563 -0.00745010375976562 -0.0531196594238281
0.118476867675781 -0.0305862426757812 0.122222900390625 -0.0575103759765625
0.0715179443359375 0.0188369750976563 0.0459747314453125 -0.130378723144531
0.08489990234375 -0.009429931640625 0.0699996948242188 -0.108833312988281
0.0602836608886719 -0.0616226196289063 0.067352294921875 -0.0674629211425781
0.01837158203125 -0.0561943054199219 0.0591239929199219 -0.0555419921875
-0.005828857421875 -0.0511245727539063 0.0573616027832031 -0.0328865051269531
-0.0255088806152344 -0.0382194519042969 0.063812255859375 -0.024566650390625
-0.0347881317138672 -0.0277996063232422 0.0639266967773438 -0.0255165100097656
-0.04119873046875 -0.0280685424804687 0.0620231628417969 -0.00387191772460938
-0.0454063415527344 -0.0262603759765625 0.0722427368164063 0.028778076171875
-0.0285415649414063 -0.041473388671875 0.058837890625 0.07525634765625
-0.0155296325683594 -0.0587692260742188 0.0113525390625 0.0947189331054687
0.00795745849609374 -0.0688018798828125 -0.0353012084960937 0.0666999816894531
0.0713424682617188 -0.067840576171875 -0.040252685546875 0.00543594360351562
0.099884033203125 -0.020294189453125 0.0138435363769531 -0.0458488464355469
0.0909347534179688 0.0194931030273438 0.1484375 -0.0487518310546875
-0.0423965454101563 -0.0579910278320313 -0.155364990234375 0.0484771728515625
-0.0613822937011719 -0.00058746337890624 -0.037017822265625 0.0386085510253906
-0.045135498046875 0.0413436889648437 0.0342540740966797 -0.0260810852050781
-0.000789642333984375 0.04266357421875 0.0336837768554688 -0.08154296875
0.0128421783447266 0.0281753540039063 -0.00648498535156249 -0.112472534179688
0.009368896484375 0.0189399719238281 -0.072113037109375 -0.102584838867188
0.007049560546875 0.0227699279785156 -0.095947265625 -0.0376739501953125
0.00502967834472656 0.0264759063720703 -0.0811996459960938 -0.00334930419921875
-0.000535964965820311 0.0251102447509766 -0.0748138427734375 0.0203399658203125
-0.0169267654418945 0.0131607055664063 -0.08038330078125 0.0266342163085938
-0.0178642272949219 0.00798606872558594 -0.070159912109375 0.03839111328125
-0.0204792022705078 0.0131454467773437 -0.0705413818359375 0.0458526611328125
-0.0424156188964844 -0.00372314453125 -0.0814743041992188 0.04766845703125
-0.0478286743164062 -0.0327949523925781 -0.0649642944335938 0.101799011230469
-0.0381851196289063 -0.066009521484375 -0.052520751953125 0.128578186035156
0.013763427734375 -0.0888290405273438 -0.152755737304688 0.0223388671875
-0.0165004730224609 -0.0306606292724609 -0.0320167541503906 0.0171871185302734
-0.0164680480957031 -0.00225353240966797 0.0364341735839844 -0.0469017028808594
0.00938224792480469 0.00609970092773438 0.02838134765625 -0.0964279174804688
0.00905799865722656 -0.00696563720703125 -0.00811004638671875 -0.119613647460938
-0.00814247131347656 -0.00829887390136719 -0.0715255737304688 -0.105972290039063
-0.0221138000488281 0.00774002075195313 -0.0952377319335938 -0.04315185546875
-0.0291461944580078 0.0141410827636719 -0.0784988403320313 -0.00870513916015626
-0.0366249084472656 0.0181770324707031 -0.0706634521484375 0.018707275390625
-0.0472259521484375 -0.00518035888671876 -0.0728378295898438 0.0295562744140625
-0.0447731018066406 -0.024993896484375 -0.0675735473632812 0.0431022644042969
-0.0342559814453125 -0.0328330993652344 -0.075927734375 0.0478897094726562
-0.0224075317382813 -0.0578880310058594 -0.0844802856445313 0.033966064453125
-0.0117340087890625 -0.0735015869140625 -0.0582962036132813 0.0783843994140625
0.0105361938476563 -0.107978820800781 -0.0384292602539063 0.1016845703125
0.0681915283203125 -0.108039855957031 -0.131240844726563 -0.00806427001953127
0.0359420776367188 -0.0577659606933594 -0.0123453140258789 -0.00375938415527344
0.017852783203125 -0.0534629821777344 0.048797607421875 -0.0655097961425781
0.017578125 -0.0381317138671875 0.0298309326171875 -0.10992431640625
-5.34057617187495E-05 -0.0467300415039063 -0.0066680908203125 -0.122528076171875
-0.028564453125 -0.0371208190917969 -0.0643768310546875 -0.100875854492188
-0.05059814453125 -0.00839614868164062 -0.083282470703125 -0.0443878173828125
-0.0588912963867188 8.3923339843757E-05 -0.0639114379882813 -0.0135002136230469
-0.0664215087890625 0.0100746154785156 -0.0548553466796875 0.0150146484375
-0.0708084106445312 -0.0196380615234375 -0.0535087585449219 0.0322723388671875
-0.0675392150878906 -0.0491867065429688 -0.0555000305175781 0.0506820678710938
-0.0493354797363281 -0.0674667358398438 -0.0748291015625 0.0546035766601563
-0.00960540771484375 -0.102432250976562 -0.088714599609375 0.0232772827148437
0.0184555053710938 -0.105392456054688 -0.0546073913574219 0.0476188659667969
0.0534210205078125 -0.134933471679688 -0.0144271850585937 0.0620803833007813
0.112846374511719 -0.112144470214844 -0.0946121215820313 -0.041168212890625
0.0849456787109375 -0.078643798828125 0.0149059295654297 -0.0274295806884766
0.0503997802734375 -0.102897644042969 0.0638046264648438 -0.0793533325195313
0.0224533081054687 -0.0842514038085938 0.03582763671875 -0.116081237792969
-0.0129318237304687 -0.084381103515625 0.000572204589843753 -0.116905212402344
-0.0498199462890625 -0.0597343444824219 -0.046173095703125 -0.0888290405273437
-0.07354736328125 -0.0221939086914062 -0.0593605041503906 -0.0417251586914062
-0.080474853515625 -0.0127716064453125 -0.0401191711425781 -0.0162239074707031
-0.0867691040039063 0.000732421875000009 -0.0294685363769531 0.0114727020263672
-0.082183837890625 -0.0319671630859375 -0.0259246826171875 0.034942626953125
-0.0784759521484375 -0.0654449462890625 -0.0374679565429688 0.0583686828613281
-0.056549072265625 -0.089691162109375 -0.0694351196289063 0.0608901977539062
0.00364685058593751 -0.131057739257813 -0.0907058715820313 0.0145721435546875
0.0465850830078125 -0.122787475585938 -0.0517616271972656 0.0127220153808594
0.090118408203125 -0.140823364257812 0.01629638671875 0.0174684524536133
0.137222290039063 -0.0998153686523438 -0.0494537353515625 -0.0746002197265625
0.118675231933594 -0.0853424072265625 0.0430755615234375 -0.0558090209960938
0.0743026733398438 -0.134819030761719 0.0761566162109375 -0.0884857177734375
0.023956298828125 -0.116607666015625 0.0433425903320313 -0.111198425292969
-0.024749755859375 -0.108856201171875 0.0140304565429688 -0.10125732421875
-0.0644302368164062 -0.073089599609375 -0.017822265625 -0.0704574584960938
-0.0856170654296875 -0.0321426391601563 -0.0265731811523438 -0.0371170043945312
-0.09033203125 -0.0231857299804688 -0.0111207962036133 -0.0166053771972656
-0.093597412109375 -0.0101318359375 -0.000175476074218755 0.0100908279418945
-0.0797882080078125 -0.0440216064453125 0.00223541259765624 0.0386276245117188
-0.0731048583984375 -0.0771026611328125 -0.0189704895019531 0.0663681030273438
-0.0476531982421875 -0.1015625 -0.0618896484375 0.0634689331054688
0.0248565673828125 -0.14031982421875 -0.08831787109375 0.00572204589843749
0.074798583984375 -0.120094299316406 -0.0458869934082031 -0.0199546813964844
0.116676330566406 -0.122100830078125 0.0512619018554688 -0.0231857299804688
0.137405395507813 -0.07135009765625 -0.00508117675781248 -0.105194091796875
0.130035400390625 -0.0748138427734375 0.065032958984375 -0.0837478637695313
0.0849609375 -0.138359069824219 0.0789718627929688 -0.0906448364257813
0.023468017578125 -0.122932434082031 0.0493927001953125 -0.096649169921875
-0.0286026000976562 -0.110725402832031 0.0304031372070312 -0.07763671875
-0.066558837890625 -0.0720748901367188 0.0146675109863281 -0.0513877868652344
-0.083251953125 -0.03515625 0.00984001159667968 -0.0326175689697266
-0.0863189697265625 -0.0301055908203125 0.018798828125 -0.0143661499023438
-0.0872573852539063 -0.02056884765625 0.0288467407226562 0.012786865234375
-0.0668754577636719 -0.0527801513671875 0.0277290344238281 0.0483970642089844
-0.0542068481445313 -0.0827255249023437 -0.004119873046875 0.0751113891601563
-0.0264968872070313 -0.10284423828125 -0.0541000366210937 0.0644874572753906
0.0508880615234375 -0.1300048828125 -0.0784072875976563 -0.0012969970703125
0.0997772216796875 -0.0972900390625 -0.0324020385742187 -0.0438003540039063
0.128440856933594 -0.0833969116210938 0.0872344970703125 -0.0510406494140625
0.114578247070313 -0.03125 0.029022216796875 -0.125968933105469
0.117202758789063 -0.0483551025390625 0.0750198364257813 -0.1048583984375
0.0790863037109375 -0.112419128417969 0.0749435424804688 -0.08367919921875
0.0206527709960937 -0.100692749023438 0.0536880493164063 -0.07659912109375
-0.0230026245117188 -0.0894241333007812 0.0467872619628906 -0.0525245666503906
-0.0528526306152344 -0.0591773986816406 0.0454216003417969 -0.0356254577636719
-0.0650787353515625 -0.0330924987792969 0.0423851013183594 -0.0293350219726563
-0.0691146850585938 -0.031585693359375 0.0447006225585938 -0.009490966796875
-0.0702896118164063 -0.0268020629882813 0.0549278259277344 0.0199317932128906
-0.0484886169433594 -0.053466796875 0.0471839904785156 0.0623855590820313
-0.0325927734375 -0.0771636962890625 0.00659179687500001 0.0871963500976563
-0.0040740966796875 -0.0921554565429687 -0.0456314086914063 0.0663795471191406
0.0693588256835937 -0.10406494140625 -0.0618019104003906 -0.00217819213867187
0.111373901367188 -0.0620880126953125 -0.0109786987304687 -0.0535049438476563
0.121788024902344 -0.033355712890625 0.123588562011719 -0.0606613159179688
0.0741424560546875 0.0176010131835938 0.0463714599609375 -0.131340026855469
0.087066650390625 -0.01171875 0.07257080078125 -0.110855102539063
0.0598526000976563 -0.0648574829101563 0.0700302124023438 -0.0691795349121094
0.0176315307617188 -0.0574188232421875 0.0609092712402344 -0.0577278137207031
-0.0078582763671875 -0.0518684387207031 0.0587615966796875 -0.0348587036132813
-0.026611328125 -0.0385856628417969 0.0655746459960938 -0.02655029296875
-0.0361251831054688 -0.0274238586425781 0.0645637512207031 -0.0264930725097656
-0.0419845581054687 -0.0277252197265625 0.0633392333984375 -0.0035858154296875
-0.0458564758300781 -0.0253677368164063 0.0739822387695312 0.0301589965820312
-0.0291862487792969 -0.04205322265625 0.0597686767578125 0.0782394409179688
-0.0166473388671875 -0.0592613220214844 0.0123443603515625 0.099517822265625
0.00759887695312499 -0.0708236694335938 -0.0359649658203125 0.0713424682617188
0.07110595703125 -0.07049560546875 -0.0446968078613281 0.00716781616210938
0.101829528808594 -0.0234756469726562 0.0116233825683594 -0.0454216003417969
0.0944366455078125 0.0182266235351563 0.151229858398438 -0.0519256591796875
-0.00709272994820226 0.0570173025693836 -0.118805457558794 -0.107803580791553
0.0421259202029274 0.0448137197346312 -0.0470884908260982 -0.0247887254762185
0.0584254192049082 0.0159741904349855 0.0408194126170942 0.00553100947535985
0.0344424208294303 -0.0216819024873662 0.0831662132517408 -0.0144844648537672
0.0124111075141601 -0.0184740923166645 0.0994995720273464 -0.0692220145394492
0.0145315982920497 -0.0075147579787149 0.0584912804373821 -0.112161682925892
0.0224242933450918 -0.0157194157324049 0.0010501509845101 -0.107741320293796
0.0214610882749001 -0.0207122311689177 -0.0369951743372552 -0.0812886575631706
0.027460040054538 -0.0138961920304357 -0.0521883967243596 -0.0649344829802201
0.0260858187704311 0.00253817104439991 -0.0611257269320246 -0.0597478798371828
0.0217800505062017 0.00712058475415675 -0.0705913895793342 -0.0503555044931978
0.0273204373174333 0.00691370299942894 -0.07807116969419 -0.0483849814384818
0.0347858364099853 0.0292143781144466 -0.0828610908110551 -0.0468413037770784
0.00804229407133382 0.0498834020816 -0.11483034442693 -0.00788173966203859
-0.0300338317400284 0.055458779952985 -0.126410140653356 0.040487764537831
-0.062070109066979 0.0305106639000978 -0.0956192553552577 -0.109956313968422
-0.0112275436542994 0.0289256186194357 -0.0256523187746551 -0.0192465142196357
0.00525031431795938 0.0191263145539958 0.0679839964093412 0.00711351992225312
-0.00414259359188883 -0.00492184916728312 0.101851188139947 -0.0192209734381504
-0.0108211864403659 0.0110445711704869 0.109988078283972 -0.0737361536444539
0.00374033211324745 0.0243222230203206 0.067370016621405 -0.113095482943665
0.0241703377951757 0.0195931611669794 0.0111966957159108 -0.109525927293749
0.0336097688027188 0.0126253929005777 -0.0276017775900268 -0.0830924590226733
0.0418946106498298 0.021870565933252 -0.0456611716704903 -0.0633423951868191
0.0301322868084895 0.0389090012279125 -0.0551433521351669 -0.0530409500364783
0.015049447065636 0.0501415745954183 -0.067996715542949 -0.0440208861540384
-0.00451002820046869 0.0476074415925061 -0.0761527821059161 -0.0474340267835746
-0.0166973687145573 0.0559645626322934 -0.0714110107887964 -0.0521811370494974
-0.0452832875974649 0.0476400852336204 -0.0930919819037482 -0.00748962093936084
-0.0876295316750598 0.0391933181127617 -0.102300629445942 0.0395330352982407
-0.108800816994688 -0.0013813224785211 -0.0599781879834653 -0.0988003599134532
-0.0691158811453402 0.00570137387913475 0.00138164624728038 0.0013477021436166
-0.058561062245 0.0221862572158011 0.100138462089924 0.0228228655297345
-0.0492715347992069 0.0199697120354288 0.124671640342704 -0.0170424875424428
-0.0344986612144778 0.0465210754774286 0.120158400628311 -0.0737210920878621
-0.00646534014715369 0.0578940334081119 0.0713222087661621 -0.105234321518568
0.023504160389554 0.0534859770437371 0.0214848951625483 -0.0990887210166838
0.04172916764115 0.0438296067948506 -0.0142844404194438 -0.0735454629552283
0.0512924168208304 0.0530468703165528 -0.0322814736361351 -0.0507348278672982
0.0323549119471585 0.0672461643630558 -0.0448956831986995 -0.0344075857282171
0.0116394082749718 0.0827956190593038 -0.064837047712586 -0.0277155469884255
-0.0252314304149461 0.0816923892806871 -0.0776456135481452 -0.039866080802187
-0.0562325783292789 0.0794593098869836 -0.0631541176059677 -0.0573791184253073
-0.0892107919957013 0.0448008013145438 -0.0659416205028979 -0.0142651016517561
-0.131573285666562 0.0199676060064176 -0.0617706938331673 0.0376296366373042
-0.139650083681578 -0.03155874340198 -0.0136759777430621 -0.0790847526263837
-0.120032919974781 -0.018604394510514 0.0342756620783866 0.0270729479054578
-0.121253069260683 0.0262354839792778 0.129082504993913 0.0441104424933145
-0.0935122200272999 0.0492084297417025 0.144969712664868 -0.00728423000501179
-0.0529345593664396 0.0838006652424859 0.124860763596748 -0.0651034489460016
-0.0134813354676036 0.086470991535365 0.0727591431944662 -0.0841412428678806
0.0215823251383199 0.0810756108359122 0.0312162078731893 -0.0753310053201439
0.0440504484117794 0.0686189061649182 0.00131208361826205 -0.0528840764286767
0.0526474076815253 0.0755286516322173 -0.0166359493104676 -0.0294418815448038
0.0273867342348835 0.0845291164179859 -0.0316866657789534 -0.00912600668900494
0.00598830302505266 0.1014537286284 -0.0614024338218708 -0.00649157268897779
-0.0406682868893531 0.101012890985728 -0.0780877562547912 -0.0289291217705634
-0.0854667522215021 0.0919129001933973 -0.0569034301080766 -0.0602285428063766
-0.118834512610626 0.0354105703907256 -0.0371118574757083 -0.0262121819857417
-0.155103031152041 -0.00292625852781479 -0.0132909370735066 0.0360829915636817
-0.148145291177313 -0.0530448226654458 0.037537703449676 -0.0567860285691259
-0.150368349419844 -0.0386005216260396 0.0714368357814646 0.046807355002346
-0.163323606086318 0.0265940457539263 0.148352130815469 0.059186658589134
-0.123026199304711 0.0712528695382981 0.152509728979866 0.00644618052960255
-0.0638203595274189 0.108802959172294 0.121352051376278 -0.044565020850033
-0.0159443132024528 0.103825131375348 0.0715293539643151 -0.0521502293363272
0.017551554395305 0.0964807517207289 0.0403154216427336 -0.0423935264299763
0.0404879196775226 0.0825593534886557 0.0162343114372264 -0.0247632635976572
0.044871694585752 0.0871828253580819 -0.00166370373247974 -0.00175944454960616
0.0147679304819413 0.0910881088531969 -0.0214771112900099 0.0193086074669759
-0.00724815964928131 0.104169522855666 -0.0592049497149589 0.0171494634380894
-0.0571347170559187 0.100662166309061 -0.0770856026754252 -0.0180060436741581
-0.107482989937136 0.0848205501899517 -0.0488631450672816 -0.0604141806437518
-0.134135052992701 0.0139142847765907 -0.00872267407870339 -0.0361594445849545
-0.155752592973634 -0.0309940347141732 0.0360145404086189 0.0368936539136634
-0.13035507748087 -0.0634633960773032 0.0851746977483306 -0.037449825487399
-0.150883444219808 -0.051159337742601 0.105914800060696 0.0536672402699474
-0.172771763037236 0.0197168871507048 0.150914981718141 0.0642545638242027
-0.128563172681966 0.0758157672682708 0.143873840287578 0.0193567555458879
-0.0632836091118539 0.111361367107406 0.108469294814262 -0.0162505210235295
-0.0166996193033353 0.102617009959538 0.0682945241216921 -0.013749646653598
0.0114022756640093 0.0962070341847594 0.0483604342246478 -0.00544448314491616
0.0315913507075841 0.0836687250887243 0.027801090335059 0.00597121014672605
0.0311214803594549 0.0867948315726812 0.00752686642080079 0.0281084173480197
-0.00199622708941139 0.0864648147611691 -0.0175932398344007 0.0480033485948407
-0.0244560776905527 0.0937142451937314 -0.0621681687258851 0.0387827662363208
-0.0719492186403111 0.0826102968551369 -0.0759363282229577 -0.00778870591562175
-0.119585451762752 0.060291552629907 -0.0401837319898858 -0.0545997211717079
-0.132961154352876 -0.0166447451545795 0.0154398441283154 -0.036729181546338
-0.132931141232531 -0.0577825987551914 0.078160053966858 0.045710000964606
-0.088055117183158 -0.0628756776949157 0.118277293894427 -0.0260388187259887
-0.121881284176359 -0.0544580474351432 0.128493239797257 0.0475885951995205
-0.146648993741254 0.0107736759096541 0.138272015036661 0.0597628879062759
-0.107369860770054 0.0613633369962657 0.122361251053924 0.0311846707000964
-0.0530135729865414 0.0892511655653554 0.090377470569826 0.0131250056423851
-0.0176211984504556 0.0815548495260445 0.0649471057676929 0.0221172890533565
0.00215392464819363 0.0782710426778886 0.0541594304808027 0.0280475040194498
0.0180628697628567 0.0720052646875808 0.0354196936222326 0.035430961370645
0.01408697271464 0.0739457477919216 0.0104848052883665 0.0571308591779023
-0.0154056187640975 0.0705620091276671 -0.0229303535611805 0.0732199186101434
-0.035608878972452 0.0726275376213097 -0.070989347607792 0.0555518930379127
-0.0764080251657774 0.0562362449021396 -0.0773408913296512 0.00200770173340728
-0.11641797990976 0.0288135141666511 -0.0332198919728103 -0.0420332596026314
-0.11354758697299 -0.0452017923003398 0.0315536365193553 -0.0252725495513968
-0.0922392459771536 -0.076382639748317 0.107304061755783 0.0630543973701872
-0.0297347922415962 -0.0548321584306741 0.131033759454207 -0.023164928457459
-0.0710062358015551 -0.051317912263715 0.131706136821379 0.0331648592527408
-0.0948855583704451 -0.002833247590336 0.113163770713965 0.0527793454867755
-0.0675983428358066 0.0323367569863044 0.0978159684084086 0.0399126883847877
-0.0379496554300891 0.0484655587462306 0.0753619380078678 0.0366964585524754
-0.0195669079653625 0.0466250466588923 0.0612914521070352 0.0467497389429324
-0.00974540954470462 0.0490740385578349 0.0553098703649978 0.0524664255328835
0.00237036634859936 0.0484765294016837 0.0365752366013078 0.0575275208827662
-0.00034133860523813 0.0506709011406931 0.00656737739738751 0.0809320086334633
-0.019135663428606 0.0468180200034474 -0.0337273409339009 0.0911341705292108
-0.0328776665912896 0.0480334444151478 -0.082925220287859 0.0667205904399825
-0.0638231348720802 0.032438873956733 -0.0808362394953477 0.0115638085397539
-0.0951893578458075 0.00377993727248853 -0.0329420892757495 -0.024420323604664
-0.0798008329111778 -0.0609468690595618 0.0356043201071006 -0.00668056755443203
-0.0396819600675139 -0.0794800408224662 0.120149701317665 0.084441259678296
-0.0032895380123889 0.0573469645237308 -0.124710374325293 -0.103544490745251
0.0445378339531082 0.0422593691696775 -0.0485939552900982 -0.0215755238664943
0.059526859611326 0.0121100400392042 0.0426375185103985 0.00509707081799936
0.0325307821511104 -0.0232504520316635 0.085980846357168 -0.0177525139038669
0.00995555461926792 -0.0180815262067665 0.0996834493064857 -0.074423740399864
0.0140457716301338 -0.00759067089281823 0.05515570621504 -0.116726235253307
0.0215240309308495 -0.0164454005908281 -0.00232995408086062 -0.108599994991254
0.0201229653562186 -0.0216066590689215 -0.0389455621189329 -0.0804520934970923
0.0271616009916044 -0.0152646983641729 -0.0555802422599226 -0.063641884438753
0.0272353248337724 0.00150321261276858 -0.0653890258704977 -0.0581474873099014
0.0217693743207817 0.0063904799026759 -0.0747282532217668 -0.047754269592097
0.026880686087715 0.00506135410257109 -0.0836257683544629 -0.0468923375737735
0.0362299427003234 0.0271030226354247 -0.0876321085230475 -0.0460214036700963
0.0108029310676209 0.0487027854662691 -0.116027169151629 -0.00460649009674123
-0.0268699835048392 0.0568662093189802 -0.125240471794288 0.0435211266954704
-0.0601632213235869 0.0328035189210383 -0.101089275066512 -0.106367848563123
-0.0100968465363248 0.0281814602124011 -0.0267148922212037 -0.0170140673969876
0.00576602906419863 0.017570529105739 0.0700723093638282 0.00557197697813236
-0.00626989046400937 -0.00511426502321592 0.103504734726478 -0.0226990184915466
-0.0125848529950283 0.0123420937523604 0.110085362323872 -0.0799566649716953
0.00387295057083112 0.024979366599736 0.0635428747201165 -0.117972037686417
0.024430710240716 0.0191874168429433 0.00783281730241466 -0.11085401502959
0.033467766815609 0.0114169003060613 -0.030042459251009 -0.0822346404847962
0.0428867854952085 0.0207270054635233 -0.0485788841178169 -0.062196444358209
0.0323625547068459 0.0383683886804996 -0.0596556064913295 -0.0507424621934503
0.0173337019398735 0.0503280010397544 -0.0727159961626944 -0.041579077190465
-0.00375165468992197 0.0485474769328332 -0.081762238096659 -0.0449737684621413
-0.0142461377468051 0.0560747817193052 -0.077453239714225 -0.0518507012347242
-0.0441201936780321 0.0485236838163988 -0.0947103953503607 -0.00522590986557669
-0.0857464267007847 0.0429230089622316 -0.101089437771069 0.042086369178974
-0.108982068381389 0.00247574922596148 -0.065309251152727 -0.0964423421460819
-0.0694335029163309 0.00692840289125426 0.00152442260096062 0.00290078488621938
-0.0583682031750449 0.023548137680965 0.102953100615265 0.0200856121199894
-0.0514922459903382 0.0217493673451665 0.12687115055856 -0.0212842692482663
-0.0352355242039871 0.0488690456371888 0.119301846487333 -0.0800439771155457
-0.00537617133150311 0.059181865336416 0.0684220777533045 -0.109413364496752
0.0251165211848384 0.0536836385177004 0.0179603429485637 -0.100571190364367
0.0434018896125041 0.0425557178386879 -0.0169045085239337 -0.0720305070915023
0.0537328280804504 0.0515920637176347 -0.03542351259676 -0.0493669720587263
0.035111586710089 0.0672792314406847 -0.048188312489481 -0.0322072978845214
0.0148706101858095 0.0835794638416186 -0.0696022865333699 -0.0242990292392441
-0.0232425277224191 0.0839182891398799 -0.0829190478856126 -0.037108480157543
-0.0538527398257851 0.082138968790591 -0.0704643060623635 -0.0567816836135742
-0.0886707210335754 0.0476560005904405 -0.0678823764309061 -0.0135749337532852
-0.131488766480662 0.0252252552928063 -0.0611069657206475 0.0387706543041127
-0.142155223135967 -0.0264737779133699 -0.0178010805833483 -0.0782788037709528
-0.122164444172479 -0.0153264627468849 0.0358141899745449 0.0275543931439595
-0.121382158413547 0.0307937170537536 0.133478230677494 0.04055243112068
-0.0946324359075477 0.0528476209403987 0.147007820011701 -0.0117498141200202
-0.0514653389814415 0.086442102344946 0.12401188803591 -0.0715198680025987
-0.0110218255748739 0.0889850815257789 0.0706433302630699 -0.0878533060241227
0.0242790490002998 0.081376531243021 0.0276365714733681 -0.0771073624844804
0.0466929880526764 0.0671812972910685 -0.00084545735006756 -0.0522172436514924
0.0558768767500573 0.0735062378808452 -0.018599170327631 -0.0277529652253939
0.0306623327155751 0.085397224121768 -0.0338484974710583 -0.0069735600071243
0.009526768178176 0.102622512348941 -0.0648570064949281 -0.00202522949281341
-0.0381509606252116 0.10422818832209 -0.082954521486408 -0.0253277346469817
-0.0827749934083193 0.0956860320879258 -0.0642655088442212 -0.0599292347621505
-0.120036491072693 0.0396436825656893 -0.0398223702251751 -0.0263557719961187
-0.156895675229624 0.00306006029519974 -0.0116888321004829 0.0350596448992312
-0.152550580436277 -0.0481169406214702 0.0343752336521298 -0.057397262436061
-0.153890971755414 -0.0335802237958071 0.07461348448401 0.0462783517867283
-0.164016809520202 0.0333638791530991 0.153203797104161 0.0558070946592587
-0.123640107163571 0.0767323667047639 0.154901149954311 0.00117290261401773
-0.0605428324124922 0.113378444107185 0.121069087247149 -0.0506018182357687
-0.0128896454353034 0.106221922314668 0.0704442589549201 -0.0554631112464241
0.021578476610196 0.0976784976152224 0.0378823868293753 -0.0446095543838529
0.0446468807114578 0.081571043436716 0.0147853408696868 -0.0245276374366749
0.048478557510571 0.086081883856415 -0.00278828559078708 -0.000693849657386097
0.0180473897669136 0.0922796789737419 -0.0223018648584376 0.021549614959848
-0.00350971429469523 0.106429124315026 -0.0622452513993436 0.0216073590198942
-0.0544318903947045 0.104185205004915 -0.0817611345170359 -0.0137497560492241
-0.104837451878149 0.0897799239736865 -0.0569130506632272 -0.0596722131356457
-0.136317487296634 0.0191299192982829 -0.0119956994115271 -0.037425903569708
-0.158816431510933 -0.0250994562634058 0.037747774359058 0.0346301308060625
-0.135677882076143 -0.0590841046598419 0.0836902694467586 -0.0389886881531821
-0.155578505873625 -0.045560722955837 0.109571155024254 0.0524484133970969
-0.173659045303575 0.0279285953525546 0.156300362078095 0.0599719475697939
-0.12823018463407 0.0817955631575232 0.146189758555893 0.0145768388362492
-0.0589719451709186 0.115255345410487 0.109026322381756 -0.0215629437548959
-0.0135065665682147 0.104604206306627 0.0696668505797976 -0.0167299758831579
0.0152601111823442 0.0965296208107019 0.0476829961495396 -0.00770479225816661
0.0353989860839072 0.0828390999693975 0.0274643901533082 0.00603501441959681
0.034140052717255 0.085859101114162 0.00766027869091941 0.02954438212442
0.000695469910489256 0.0879247134456603 -0.0173709265444293 0.0507814079400489
-0.0212174569535228 0.096021072999584 -0.063943042168136 0.0439792788083469
-0.0703032670026791 0.0865063296214235 -0.0809919016180156 -0.00320470203613147
-0.118467161290338 0.0663633705800943 -0.0467612820698569 -0.0546017341069622
-0.135793613631223 -0.0109060709671539 0.012309667465267 -0.0391120758245243
-0.137632152598028 -0.0535023679339324 0.0805480701779014 0.0418251716265452
-0.0935057966049343 -0.0603152422626208 0.118252531860226 -0.0286013166189298
-0.12734859460987 -0.0490025426746002 0.131902119160715 0.0453315494125402
-0.148196524090003 0.0183140759129101 0.14332124218764 0.0560046214330822
-0.10643587980254 0.0670560464099161 0.125258619955486 0.0274207606395923
-0.0494948394641834 0.0929594360892513 0.0929384465153345 0.00944904117533248
-0.0144576183424328 0.0832510244134056 0.0672120511272005 0.019532928644447
0.00559497461913049 0.0794109639240657 0.0554023130463851 0.0261541894247722
0.0210809013681486 0.0707272372648896 0.0353697743564209 0.0347401058523537
0.0166186951910399 0.0735801585874678 0.0110247559506054 0.0587906523289834
-0.0128239770875634 0.0724913660521077 -0.0216824494174524 0.0758852341564637
-0.0328273169047518 0.0748867130963855 -0.0721769435902736 0.0611379430968897
-0.0757446681206999 0.059798275603243 -0.0814615785191693 0.00630267710598232
-0.115944767194193 0.0345977353703554 -0.0390044841220637 -0.0425228735138327
-0.117590812205173 -0.0409306537355271 0.0287073287509149 -0.0281357736295154
-0.097271787380672 -0.0734589542392205 0.110755807367444 0.0584109458422075
-0.0342266955041859 -0.0536488913200997 0.131514285954332 -0.0269018955963477
-0.0753006262157789 -0.0482468408523283 0.134714884918579 0.029793539883908
-0.096061117458706 0.00325647557528633 0.118714480969253 0.0506342560854362
-0.0673748715342929 0.0358684253588155 0.101450323889289 0.0373802261185619
-0.0356030862859972 0.0508745983322465 0.0780180134161076 0.0336355679131064
-0.0173431617372741 0.0477920529052404 0.0648711394711737 0.045164806433575
-0.00728700055438967 0.049823869871724 0.0574423112600006 0.0504338056920406
0.00551009609082508 0.0485314617932779 0.0383879281793797 0.056877196516187
0.00199957064305152 0.0502193352081144 0.00836310721540049 0.0817568960181324
-0.0176109170427309 0.0483295863899532 -0.0316049153352235 0.0941727632358921
-0.03072136156294 0.0494597656748617 -0.0831988935081746 0.0722708087722117
-0.0636660776878105 0.0352548635879223 -0.0844245358247309 0.0156731704831267
-0.094998027988659 0.0087752072107255 -0.0375157437784979 -0.0250199795296892
-0.0831018923566218 -0.0571190938692782 0.0339266834488625 -0.00877265354385918
-0.0445680858473683 -0.0789634430709629 0.124378082469887 0.080154361090545
-0.000567228079312518 0.0566312864901675 -0.127494953966369 -0.0980457919646647
0.0455050262903115 0.0388400723167866 -0.0488165243125054 -0.0181405139018007
0.0588609344327456 0.00878031918158234 0.0442454477412366 0.00474313370041606
0.030067735815498 -0.0243868062931994 0.0866103002438076 -0.0198175280909426
0.00821892607050131 -0.01691072466925 0.0978424901331759 -0.0784176030403566
0.0137173715531133 -0.00758031875523802 0.051204853057352 -0.118640282536805
0.0201186355750326 -0.0171751536507952 -0.00428499726365374 -0.107495893592815
0.0183816561980565 -0.021583477334699 -0.0397757671767936 -0.0785478249733386
0.0260930095616801 -0.0161844045441108 -0.0572556817212214 -0.061348941546555
0.0271120423774958 0.000465580773142232 -0.0680235252483598 -0.0551161201228785
0.0216842358400793 0.00577355542150593 -0.0765491519311546 -0.0446379088672559
0.0256340743793743 0.00429397587754856 -0.085942715074788 -0.0441838087887854
0.0374226640970471 0.0249693843761314 -0.0905666204932899 -0.0447326830449108
0.0126965034892649 0.0474240768055242 -0.114806557631037 -0.00313299109368047
-0.0233120805422454 0.0568146190198254 -0.122252840152817 0.0448015459632832
-0.0576890044915691 0.0335052271532332 -0.104323898838843 -0.100862906098746
-0.00864705065712723 0.0263553105182909 -0.027000593522921 -0.0141541807947316
0.00550075506362216 0.0153667808321562 0.0702236163115646 0.00477055779231305
-0.00817507245728344 -0.00472769029482822 0.103421179952695 -0.0255535398981459
-0.0138315449702423 0.0135545241360365 0.10791174508455 -0.0838236008934159
0.00416136524481685 0.0254729948807253 0.0597173087441978 -0.119930503930834
0.0245821814280393 0.01833170380334 0.00438261122737635 -0.109998346108372
0.0326697475242641 0.0104772199450115 -0.0315243168211445 -0.079812678658374
0.0428655478670739 0.0194515745891645 -0.0505670133736247 -0.0594824837963051
0.0333953998954217 0.0377293223161116 -0.0619850666717047 -0.0475919313413542
0.0181626630265502 0.049884601358473 -0.0746691558339515 -0.0378079553392611
-0.00349520171616568 0.0488084883916799 -0.0843130110520785 -0.0421929351068966
-0.0124584079235578 0.0556863220294842 -0.0814673446245549 -0.0505539163620341
-0.0424268266012241 0.0488151738865525 -0.0942964793936999 -0.00402474184592886
-0.0827456660753462 0.0451842988016802 -0.0990892972673063 0.042527980372433
-0.107674251332178 0.00524689514648782 -0.0680376681509194 -0.0924057906172197
-0.0682587780808778 0.0071238622074435 0.00129557228351571 0.00457156498788519
-0.0576620078157486 0.0239483479537513 0.10371637992725 0.0176963405162496
-0.0524889118415207 0.0226642020854716 0.1259029296826 -0.0244982496781993
-0.0348047825232621 0.050292953032721 0.11627862972386 -0.0846772383979329
-0.00436999164983338 0.059943669865663 0.0648913518154 -0.111444406439643
0.0256116603241679 0.0528733060305354 0.0143848919562677 -0.0998159411793384
0.0434850296697982 0.0410682609355181 -0.0181888973201854 -0.070289461563876
0.0542370140294883 0.0495305764141362 -0.0371109359631914 -0.0466145734944412
0.0364859690862067 0.066454278959932 -0.0503022162977188 -0.0294421855862359
0.017562891481083 0.0832964638166641 -0.0718447674589233 -0.0203396970214735
-0.0219185085735184 0.0849372415965166 -0.0860029513163864 -0.0332281052942193
-0.0503684954538807 0.082786859181395 -0.0752254725387294 -0.0551367171250281
-0.0871588044515526 0.0494298115888453 -0.0683951558676493 -0.0130749436131251
-0.129258339374208 0.0286360721115939 -0.0595628327449632 0.0377107630356414
-0.142702516151516 -0.0218291952356283 -0.020342887929816 -0.0745946279588325
-0.121538684376077 -0.0127715503332852 0.0369367059674759 0.0282249092391291
-0.119303924728491 0.0332200489042833 0.13423156960152 0.0369169544986261
-0.0939526435191354 0.0552979032351398 0.146107770145614 -0.0156881532709316
-0.0500231221110298 0.0881449624557491 0.12132243804691 -0.0755973292377858
-0.0087943289314399 0.0895326614671939 0.0674714005485949 -0.0904865970472064
0.0260750577176761 0.0807574439503665 0.0248396666431686 -0.0769417805690211
0.0478182801436454 0.0651160250029915 -0.00248912954106528 -0.050607686261521
0.0577642808390498 0.0713423124672738 -0.0200163948454673 -0.0259274416866209
0.0326719753149447 0.0848243463544276 -0.0352025385065461 -0.00478181394259319
0.0128010219532225 0.101874873909817 -0.0665495671717896 0.00230918344667248
-0.0358741697709959 0.105187093372609 -0.0867124698903185 -0.021577638540999
-0.0791908508595357 0.0974599727772757 -0.0699116950372937 -0.0579651450665275
-0.118375332222851 0.042472144874599 -0.0413989909470449 -0.0267879199917354
-0.155174953826447 0.00746403638697287 -0.0112286970620411 0.0329687945481419
-0.154039093692336 -0.0422801507994676 0.0320468726576182 -0.0555951615885308
-0.154599618920391 -0.0290604390187175 0.0751625475400021 0.0460230640285917
-0.161871478957229 0.0386589240323679 0.154425398807208 0.0509771593589946
-0.122115430729145 0.0801901183251725 0.154356620078391 -0.00289282799322074
-0.0567037392505127 0.114504813809826 0.118462207335071 -0.0552584342609937
-0.0101700019692292 0.106822891155975 0.0689693853682462 -0.0572493846130311
0.0239673229268392 0.0963765687093739 0.0355441940849388 -0.0451067213596927
0.0464548123430005 0.0793026846609577 0.0132854817030306 -0.0235921219247967
0.051088078761122 0.0829236960344894 -0.00381964423232778 0.000820267743353089
0.0207193836239529 0.0920954645674247 -0.02261826163519 0.0236535178525868
2.51613410816561E-05 0.105842676124166 -0.0629738141967104 0.0258515033548667
-0.0522405158354732 0.105182861048968 -0.0848295742711935 -0.00952015788326245
-0.101427466331488 0.0922974842518828 -0.0625178387107467 -0.0578607876397472
-0.135093209069702 0.0224805253640026 -0.0150594328225563 -0.038463625795481
-0.158879150317882 -0.0200527526481814 0.0381152021574188 0.0310196054628706
-0.138019487048532 -0.0543020777250407 0.0808799612792016 -0.0387106036612597
-0.157374844181618 -0.040552343442754 0.110544143923673 0.0507020130296158
-0.171773386318623 0.0345600854605374 0.158307587180391 0.0563549129588862
-0.125815430655899 0.0856875467075308 0.146164787553152 0.0111037931512733
-0.0547157358734327 0.116234923102634 0.106881465942673 -0.0258108080476436
-0.0104551097850167 0.104881490466745 0.068607408334251 -0.0185692603121879
0.0185304388574505 0.0956000900873414 0.0463088900432062 -0.0087327502347583
0.0374998412897589 0.0803584762483151 0.0267392549721838 0.00614627953297749
0.0364982383775392 0.0837393236023423 0.0076958139683418 0.0299100360541184
0.00311987415519787 0.087880296670228 -0.0171391272728519 0.0520467426772772
-0.0184561148720172 0.0957336359724734 -0.0641311252811814 0.048171277738461
-0.0687946864769983 0.088623107677354 -0.0832582150630978 0.00128375728082813
-0.115089854970238 0.0691200305799679 -0.0528857396016689 -0.0531382025976437
-0.135947388504785 -0.00700057549934836 0.00880154249789783 -0.0402304962301512
-0.139676473055233 -0.0490677293841415 0.0804932170683375 0.0377378256797803
-0.0970750878523697 -0.0567839826288088 0.11590275752622 -0.0295481175872369
-0.128490147176219 -0.0445767251047315 0.132710544498953 0.0430499335025921
-0.146461778146516 0.0244552265697706 0.145521543251594 0.0525223291797959
-0.10449789423361 0.0702883031224672 0.125924120106682 0.0237057418349303
-0.0452047646099344 0.0941743487054842 0.0919421740067767 0.00577749732834176
-0.0116132411637761 0.0833123097451829 0.0681373257120095 0.0169092306060878
0.00853251007956205 0.0784863111723314 0.0543934638806399 0.0237332133394945
0.0237954319629011 0.0691873880919141 0.0347774410755527 0.033795246295036
0.0192787843693294 0.0717902046701248 0.0115631122475485 0.0580470386051248
-0.0111916775913861 0.0730875077143356 -0.0203529851618217 0.0774664086954198
-0.0302586541232993 0.0755026325723288 -0.0713729816709166 0.0652987011087371
-0.0742163105046293 0.061876195184727 -0.0832433744057416 0.0101725571122062
-0.113267154301378 0.0380488613499571 -0.0438205270096542 -0.0416741635263111
-0.118759718399056 -0.0363984700613757 0.0260326408319131 -0.0296185482986431
-0.100128790951128 -0.0704670883829309 0.111214388329966 0.0536389033275589
-0.0374064062306231 -0.0520684841967794 0.129324123688093 -0.0279424122917761
-0.0770956474176611 -0.0441585194458612 0.134987758531605 0.0277779965846357
-0.0946389909251667 0.00775785148448417 0.120382954916729 0.0474972921870358
-0.0659461582831179 0.0381985910931102 0.103119652009932 0.0347215343579826
-0.0325469724474551 0.0518277705377951 0.079662137638282 0.0305997105379644
-0.0153835695032016 0.0480681898603286 0.0667591845443428 0.0422959831592881
-0.00557026381769863 0.0495542956406902 0.0582519524575085 0.0475617104188555
0.00665020525794315 0.0470360408013283 0.0379499678069872 0.0552326023208385
0.00373620743820452 0.0494904240963423 0.00965899841596778 0.0812938349802989
-0.0162504285609844 0.0486356369306023 -0.0296687094831695 0.0958643202539953
-0.028473784022623 0.0498774532105264 -0.0819185409447837 0.0763638455085875
-0.0625458238817792 0.0372303934903535 -0.0853788383556682 0.0187418091621328
-0.0930207833683589 0.0121846741632286 -0.0410141895714132 -0.0246199741412929
-0.0850330923534469 -0.052985420229711 0.0313185740057716 -0.0105526425567587
-0.0481857718204043 -0.0769972120222167 0.125931366910397 0.0751863604440528
0.0182722788014993 0.053851531381352 -0.152237125849323 -0.0533613131002876
0.0552849017309633 0.0199890907028297 -0.0536681696378643 0.000549340526369014
0.0575079713949328 -0.0128609092096083 0.0432137179958996 -0.0056646024670791
0.0189222902826526 -0.032190656872884 0.0792314696188261 -0.0447829779767406
0.00263100492886863 -0.0178614837393915 0.069391164682871 -0.104632693532947
0.0114574255211164 -0.0123547200545544 0.0103659031699812 -0.128105462898146
0.0133947753693185 -0.0231502183908472 -0.0385568189474039 -0.0987934893821673
0.00927430917300557 -0.0252406628485576 -0.0601496342419264 -0.060400480557766
0.0185635794503546 -0.0229045698931956 -0.0722588125208285 -0.0391239570106566
0.0252771288803932 -0.00723843005679116 -0.0816941917555606 -0.0302964853292839
0.022035229753359 -0.0014486357618896 -0.0864371415731414 -0.0169540581133984
0.0246100641585773 -0.00352645576916907 -0.0959811329324389 -0.0150860378315415
0.0422689959898474 0.0113178315051588 -0.101773546137603 -0.0160912154008925
0.0277898738299859 0.0397676607381081 -0.108516564542942 0.0287296429963235
-0.00340046411786125 0.0600367502577937 -0.100225714829052 0.0741101162797436
-0.0445895134692232 0.0504825849959339 -0.129178033020961 -0.0644972082121488
-0.00077627618811859 0.0268847413910538 -0.0301447535016507 -0.00459383162270004
0.0093142776879847 0.0112291825034774 0.067913301684237 -0.0172696096787149
-0.0107770090864575 -0.00151708264702849 0.0922228848849789 -0.0569183458752679
-0.00894917173619734 0.0175458312633235 0.0759141241654309 -0.11385441852662
0.0123771006854751 0.0220893989349772 0.0170993501170414 -0.132272565732124
0.0286736583061911 0.00962145376608819 -0.0319682659810096 -0.105093983298368
0.0326898771124777 -0.00017079616194683 -0.0542223439776441 -0.0638470100376517
0.0453231436472501 0.00446250913004698 -0.0660649286999048 -0.039018645159946
0.0430075620912789 0.0251992234823519 -0.0746230362582191 -0.0251521570646223
0.0327598296659684 0.0411945579239913 -0.0834718839421074 -0.0116401627871631
0.0107727222319126 0.0471992804898957 -0.0939904704186566 -0.0139116257462121
0.00506552915629268 0.0554428314593777 -0.0939203439429299 -0.0237173162642195
-0.0240013915425559 0.0580458974500634 -0.0893148354872797 0.0225914416081625
-0.063944665009107 0.066422968628361 -0.0781992337993773 0.0670472059540199
-0.102546371395033 0.0401753917987979 -0.0903212645154144 -0.0675613722289724
-0.0630699300186029 0.0290027437634952 0.005607028107572 0.00196911891625369
-0.0464142595322996 0.0396077760849972 0.103887709659563 -0.0188841098245597
-0.0424621892262436 0.0392698034975471 0.112898056339367 -0.0653101690273261
-0.016544485770344 0.0581113901689532 0.0820297678745092 -0.117850589363569
0.0146718665935945 0.0570206473978417 0.0232128124272149 -0.125725819644489
0.0411762093657692 0.0419898697583544 -0.0202070596386928 -0.0992677963596675
0.0518923635241035 0.024630106499634 -0.0403454749307806 -0.0585664413595072
0.0656442784616515 0.0292362491036472 -0.0502996907477888 -0.030769102552349
0.0550002239526135 0.0513102516709141 -0.0586585379219853 -0.0114107526734702
0.0424873659764292 0.0723225433616578 -0.0759903427269671 0.00441561732446792
0.00495766970744174 0.0870281477972754 -0.0930224486029736 -0.00533155319670425
-0.0222410771251247 0.0926310120616878 -0.0901599948258719 -0.0296208130062604
-0.0664630331926962 0.0733349255736003 -0.0678954271713994 0.00755515168711879
-0.113541664572441 0.0650071355218585 -0.0424183898298858 0.0532500831818616
-0.144469540412286 0.025863247843669 -0.0382722361492828 -0.0668077236558335
-0.12003725684412 0.0278085378528853 0.0482445112973498 0.0119248766253514
-0.100862623521888 0.0693045136342138 0.139305122589885 -0.0138586160497423
-0.069477614972473 0.0838693677911229 0.133460005300743 -0.0666715404865756
-0.018208181154965 0.0978665686329963 0.0877188918058183 -0.112692684497891
0.020102637972491 0.0862323744497007 0.0315642376520277 -0.107535280446067
0.0502045093363283 0.0687822569031781 -0.00367929399115096 -0.0816528210502712
0.0638445914492787 0.0454899827026152 -0.0199376994711173 -0.0448202472595009
0.0755785421887835 0.0487979334396075 -0.0279226363262781 -0.0160450981036825
0.0569404520288705 0.0699545683828117 -0.0372394832050642 0.00738380174526909
0.0439155109766975 0.0908961596096396 -0.0643104271554091 0.0236649754997366
-0.00191606735637094 0.110956834861602 -0.088611132659737 0.00572767608071765
-0.044482537038481 0.114897396809984 -0.0853149975156581 -0.0333120446733612
-0.0986220544435824 0.0768940796271862 -0.0471550706824222 -0.0123373902660769
-0.145468561064345 0.0527025728911637 0.00135457752916551 0.0356995321978533
-0.16301092525414 0.0102967109523242 0.0183733616585802 -0.0639081965105633
-0.156637929003112 0.0242810756130466 0.0924296104450464 0.0156623610896913
-0.13840182378543 0.0887355757814642 0.163405193611091 -0.00895171540839742
-0.0865033322259454 0.116298821222787 0.143790535543714 -0.0589072870726015
-0.0157779926035477 0.124620877516069 0.0903306466810858 -0.0934312298508444
0.0241901824557092 0.102573545374023 0.0423922795145269 -0.0777428020744434
0.0538048579306544 0.0841985301391617 0.0164505288853862 -0.055738474973037
0.0663638667911127 0.0587889408020095 0.00265228817538546 -0.024868300832266
0.0726049736691325 0.0614097360285114 -0.00444050162251083 0.00367621418651899
0.0474796506754177 0.080794832994289 -0.0163154495965701 0.029845437405281
0.0326907676205304 0.0991214540853214 -0.052819227625442 0.0446937342988541
-0.0170713365260815 0.116024941866319 -0.0835710546539291 0.0166735830813456
-0.0666250358082703 0.117489538973845 -0.0773835254992176 -0.0346846421530049
-0.120734503588889 0.0644757392167856 -0.0257377138574946 -0.0301087366246082
-0.157700512713846 0.0278273588188973 0.0457253982837768 0.0209094907677406
-0.15145212131985 -0.00615676705294046 0.0696125756972696 -0.0627423811231766
-0.162790820728075 0.0149222173558311 0.127859256134588 0.00933539096803409
-0.148947936048299 0.0895935298950513 0.169480496304798 -0.00628103639980866
-0.0876679388552011 0.124122924318994 0.14065568997149 -0.0435647673668526
-0.0134611274030982 0.126155357120641 0.088758179258708 -0.0614309555078039
0.0243772177148038 0.101183367196384 0.0544910076312952 -0.0413864150852513
0.0489636722819391 0.0852045925810526 0.0379028614211417 -0.0260627065202371
0.0592660786669841 0.0627602086059713 0.0245783373053262 -0.00155548582676107
0.060163857508999 0.0657008736320382 0.0147399190712216 0.0273121510073383
0.0302898273058834 0.0822265465718848 -0.00212013079393006 0.0538022486882988
0.0122459325843251 0.0951042638270043 -0.0463799946778733 0.0656583204601868
-0.0372868950265428 0.104862104052488 -0.0788320497105164 0.026431403485355
-0.0862048860470638 0.0999895348231449 -0.0667825614212175 -0.0327258323754424
-0.130544440051354 0.0367335961644774 -0.00421204131797764 -0.0389150621729215
-0.148367129974404 -0.0048448268499137 0.0865868760774992 0.0151841586044032
-0.112371513961849 -0.0220755013483983 0.104591500587248 -0.0634734733817277
-0.136622986557802 0.00184390932673738 0.145686298006665 -0.00309574743915886
-0.127897357470093 0.0719740160425589 0.155862280839681 -0.00367558846644265
-0.0722555452426638 0.10231218616904 0.125656157348658 -0.023102257185692
-0.0108579441418004 0.101986002006408 0.0854795892798556 -0.0265413474249122
0.0165190663143626 0.0818480591155509 0.0669122205800523 -0.00679880205414564
0.0336275141401842 0.072291636661695 0.0567311105522537 0.00269772063015142
0.0432704103132036 0.0564614750683054 0.0414078306285418 0.0215110779770545
0.0406201505731809 0.0600310362022074 0.027330626317017 0.0521618017975661
0.0122641446174668 0.0720857230314977 0.00274439420439912 0.0785029442450527
-0.00556957143317491 0.0794322910851502 -0.0473345477399899 0.0835264563478063
-0.0508431377908959 0.0816054034527617 -0.0753656185864035 0.0351212840808526
-0.0946549563880517 0.0702377972498029 -0.0546145953490659 -0.0239135141318927
-0.122743044071099 0.0040836730204398 0.0141372149672089 -0.0330467277861194
-0.117405822928853 -0.0368166621357322 0.118328123454393 0.0208328233558663
-0.0537382819973707 -0.0380234216714965 0.116520353680722 -0.0641149825051152
-0.0876878008486372 -0.0155727597672258 0.141760572290924 -0.0162682145276993
-0.0850039927352625 0.0394852043573611 0.131466603879123 0.00277324675027117
-0.0468196719284791 0.0589263881079314 0.108966517163231 -0.00353122274463541
-0.0126471417091227 0.0585423847860913 0.0834052822725346 0.00173585117111843
0.00148692158020459 0.0499950102212951 0.0751090873707776 0.0168477767321805
0.0112451829629607 0.0490954238895386 0.0690143104888257 0.0241623159484072
0.0208066680292753 0.0411926330558746 0.051168720177965 0.0399318015248607
0.0187301362461724 0.0440348366202652 0.0325623179056113 0.0738089337284904
0.000568506840542605 0.0504668279016842 0.000592998089387536 0.0980988588161756
-0.0110422726097835 0.0551922215879262 -0.053385533330445 0.0964787917914071
-0.0468566326434396 0.0542014652214895 -0.075168891509495 0.0442935889613259
-0.0822097208256216 0.039975801428389 -0.0469421642240158 -0.0095141945625869
-0.0963875278872726 -0.0220902522932402 0.0250943882034087 -0.0175815295702625
-0.0708145412792914 -0.0581358620652781 0.137131676449397 0.0356575092315293
0.0188225127727497 0.0531616234636934 -0.151706837047845 -0.0526221947123461
0.054166439403568 0.019517870433507 -0.0524951780970214 0.00165384106000481
0.0558940058263034 -0.0134993863649468 0.0450637563914715 -0.00516003017120538
0.0178933088185883 -0.0315905890358655 0.0813228487741482 -0.0448629653555665
0.0018055687694191 -0.0157729558057442 0.0709526490515809 -0.10611841900586
0.0110323843425149 -0.0118267902898388 0.0111834058493539 -0.129197045758469
0.0129624164620999 -0.0232690856809668 -0.0372961966116425 -0.0998352746709837
0.00854746309928718 -0.0244892208692808 -0.0589428123264412 -0.0612259397992036
0.0181270281563578 -0.0223664599557984 -0.0722737020504451 -0.0395962132323948
0.0258263791372325 -0.0080737921104722 -0.0823550365398045 -0.0300777459314795
0.0218120927525342 -0.000423549174795305 -0.0871153051598664 -0.0174869024512938
0.0240155213247078 -0.0027259570308633 -0.0976386016443686 -0.0148793413924551
0.0420720733086534 0.010673291369257 -0.104384344674569 -0.0166797911019666
0.0270497269399727 0.0392195701991606 -0.109356267852367 0.026497428687967
-0.00242224008478423 0.0589451099505844 -0.101125721588823 0.0718313372117656
-0.0444997469167658 0.0496146691930287 -0.128241996970623 -0.0637318944512056
-0.00148634582800473 0.0251636612026048 -0.0292291389856607 -0.00353809367139362
0.00810476858409711 0.0099575390668015 0.0696429793947364 -0.0166809134611472
-0.0127900227129242 -0.00038529551778438 0.0942252362072725 -0.0569479859085248
-0.0100737862553467 0.0193534957768869 0.0770310334101448 -0.114308545767302
0.01205501506656 0.0230028725009996 0.0178980864074587 -0.132951590325168
0.0280639719929908 0.0100987463363425 -0.0307773082474443 -0.105331189630613
0.0319045506530871 0.000456478204450426 -0.0526282394259189 -0.0645526050531801
0.0450355898330551 0.00485361925397058 -0.0662276000042949 -0.0389025807671425
0.0430254177247514 0.0253854166648413 -0.0755057849229716 -0.0242017687949441
0.03269951366453 0.0413955364190157 -0.0843038632722665 -0.0104841042004219
0.00999298233119681 0.0483002559540253 -0.0963935764436579 -0.0132532731600271
0.00467747779489123 0.054609105580833 -0.0972201992540359 -0.024044269641464
-0.0252792147022983 0.0577332812418477 -0.0905472086885842 0.0208038864200873
-0.0634889428795637 0.0654721407823383 -0.0794332011329936 0.0642566841646983
-0.10228046305209 0.0393902339239617 -0.089468379859122 -0.0670150548817814
-0.0645963987356475 0.0266815464211926 0.00655359750818861 0.00371591270668692
-0.0476977683037283 0.0381798114072062 0.104702685306179 -0.0178208971656385
-0.044746526294504 0.0392727466987425 0.11402578203736 -0.0643644859223222
-0.0182891401598974 0.0595835999545936 0.0829400668304781 -0.118665693177458
0.0145543359369055 0.0579794853819682 0.0238918833809007 -0.126315836635828
0.0404698771942083 0.0427955346294089 -0.0193859092774558 -0.0988496202989124
0.0511225840010779 0.0253745255261497 -0.0386813950035732 -0.0585401959492154
0.0650612443738308 0.0294717294020034 -0.0500924834360262 -0.0302216906614202
0.0549283351829923 0.0524930218893681 -0.0591677672363945 -0.0101833952941593
0.0420804031536427 0.0725119228363994 -0.0769877133070289 0.005103905719417
0.00430726356038936 0.0884944848700327 -0.0949407305162221 -0.0040987969758549
-0.0228256763722991 0.0921317592594985 -0.0935028919991156 -0.0291461505770742
-0.0681966419153588 0.0726053008900014 -0.069464610870082 0.0061481026457806
-0.113578971253497 0.0642564477167116 -0.0438724937629321 0.0508007252863277
-0.144920481129531 0.0254542538448849 -0.0376751981941198 -0.0649052570479317
-0.121645395955648 0.0261087037871119 0.0493069138096738 0.0142019824725054
-0.101290099975089 0.068490439295504 0.140899496093109 -0.0127716366872419
-0.0720630623218417 0.0838700916611742 0.134592101204437 -0.0648575954559333
-0.0199411450395962 0.0989504196714933 0.0885304981995906 -0.112877990015729
0.0195713591918967 0.0873989259475772 0.0320110204566045 -0.107506430565686
0.0499057148822376 0.0694743414221855 -0.00314921638973926 -0.0809582844707886
0.0629197599646658 0.0458815155685132 -0.0189095155721755 -0.0436617506627342
0.0750473938265817 0.0485090609583919 -0.0280196562423843 -0.0152710433309895
0.0569559532241007 0.0715649560583865 -0.0377409504425231 0.00847324292587949
0.0433146540004151 0.0916751122139459 -0.0649196136443037 0.0259674638513693
-0.00320213395868819 0.112088090650986 -0.091233297560143 0.00788349406936423
-0.0451291737458454 0.114702485171324 -0.0889790417873637 -0.031972600445687
-0.100160055346213 0.0769908559659861 -0.0489502341230981 -0.0128979168570918
-0.146480146434577 0.0520064296415327 -0.000364074090504862 0.0344264096495022
-0.163701225302712 0.00992578974890838 0.0189339788782051 -0.0616236091663759
-0.158410363178299 0.0233052448218447 0.0934747799229566 0.0181049791106895
-0.139390041245259 0.0883440227625264 0.165211391491821 -0.00821259580207587
-0.0886147700145253 0.117078022882454 0.145318192003952 -0.0579000221150384
-0.0167150016584858 0.12462770800232 0.0897843140322544 -0.0931305643439401
0.0239938679129556 0.103451306356477 0.0431196828314165 -0.0774953589061144
0.0535417555177199 0.0844948277144962 0.0163327843963156 -0.0548743435164526
0.0657997108865006 0.0593249253283425 0.0034670149804063 -0.0238263309898886
0.0720691320829909 0.0613290895900527 -0.00476900883185016 0.00490227573549977
0.0472976753674035 0.0820985560766458 -0.0167199689142992 0.031360869981984
0.0317579798921234 0.0990535921086496 -0.0536121735510056 0.0473945840132521
-0.0185261686097366 0.117461851201832 -0.0858401745614601 0.0190744799076044
-0.0672131331760146 0.117395757301686 -0.0817560051311017 -0.0335609040818098
-0.122194065095007 0.0634781001073148 -0.0276675097585852 -0.0304523307049224
-0.158948181749463 0.027440008597974 0.0443733276317753 0.0198070426157345
-0.152366676798095 -0.00594473430698547 0.0707123449017397 -0.0600364067614956
-0.164265181364859 0.0147525065276515 0.129292701963561 0.0122215597605634
-0.148786438395931 0.0899805002066587 0.171083444917646 -0.00534950309711126
-0.0892294103302628 0.123848962326523 0.141633607458855 -0.041930620548233
-0.0137676381134087 0.125943824794101 0.0885902928604795 -0.0616198528123132
0.0237009148146099 0.101582274136033 0.0552984379129949 -0.0413011880759044
0.0485898676944645 0.0857457764960201 0.0378617733399418 -0.0244533460765881
0.0590433747920051 0.0622948336020533 0.0240219318697943 -0.000259874596466649
0.0590759764051635 0.0661521180132206 0.0139521816704425 0.0287450392666052
0.0299961096350836 0.0832184332780043 -0.00261549904884103 0.0558319753308406
0.012044585814535 0.0952728970264523 -0.0470728487678477 0.0687878853075063
-0.0385243518112015 0.105730491994584 -0.0808687403023906 0.028529283664244
-0.0868757703129706 0.0999793302810875 -0.0703615182744286 -0.0317327505342621
-0.131601308122977 0.0365404949428072 -0.00618655897717733 -0.0386454324750421
-0.149806430698743 -0.00523580439931092 0.0853364426167418 0.0145814635265847
-0.113731908639432 -0.021002676876966 0.105226631039655 -0.060970829800741
-0.137755171971869 0.0019790756839706 0.146865182044718 -0.00116447567716584
-0.12751538386522 0.072744150010859 0.158167329788174 -0.0028484670327044
-0.0729067654289756 0.102813414188996 0.126860766005456 -0.0225339071864796
-0.0103845293918463 0.102045219717549 0.0859033942363931 -0.02630922508133
0.0164172437781203 0.0820452000245407 0.0670224998377285 -0.0066762790485278
0.0339461193150354 0.0727587026288639 0.0563898024511462 0.00302798843787556
0.043112316869362 0.0560104751687192 0.0409395872331667 0.0220250358028468
0.0392850867984971 0.0603857255535087 0.0263439312027375 0.0539998658716985
0.0120836955048038 0.0725961827869737 0.00229836273234221 0.0795209135207344
-0.00600602561159247 0.0796590881471289 -0.048023308481746 0.0861564923980882
-0.0519704367737101 0.0822504890948418 -0.0776282684426828 0.0368850951217151
-0.0940942604998875 0.0701234870168614 -0.0583059119777701 -0.0236115114180797
-0.123339080414094 0.00427118718984141 0.0127776417597003 -0.0335254823961707
-0.119297191561172 -0.0367902474991128 0.117683796118181 0.0211251764070028
-0.0552197987938726 -0.0367871189808763 0.117906160545364 -0.0612867655263856
-0.0883234720997083 -0.0142421151317845 0.143662638061291 -0.0137644317007563
-0.0836856995353221 0.0404138604026175 0.133684815241478 0.00328418751517713
-0.0466458591203189 0.0591206858458557 0.110756257478394 -0.00264433317033189
-0.0120794959435287 0.058606548214392 0.084173401657452 0.0020077454711349
0.00210327198835589 0.0500112810723491 0.0757288849764706 0.0170047434571672
0.0113664870848094 0.0489290801998715 0.0684116008096408 0.0238875590925208
0.0206662250404672 0.040612823330348 0.0501711386180298 0.0411775502066689
0.0183331605613425 0.0432358537986597 0.031645929068104 0.0751734398283453
0.000386392870741085 0.0501639259173827 -0.000359052769882731 0.099505136735133
-0.0112835285156083 0.0547186368802787 -0.0540596414652671 0.0985734878367699
-0.0472011967407084 0.0546546075439711 -0.0770793111793617 0.0452078108445879
-0.0815628719371923 0.0397793941463494 -0.0505648075912776 -0.00893326258950639
-0.0967460841515647 -0.0211893917879783 0.0237011161265115 -0.017559194657572
-0.0720273429594999 -0.0581618055419124 0.136350302287626 0.0359006440335182
0.0200017757005757 0.052576197791793 -0.154268552786105 -0.0542125623382934
0.0548211645760596 0.0191456537900071 -0.0525861717679376 0.00287616878670202
0.056228124887373 -0.014611692572395 0.0474954225844926 -0.0048259285036761
0.0173074164028711 -0.0312319968253897 0.0849666934203905 -0.0464625930473282
0.00231550704738669 -0.0142344799335555 0.0740861648460944 -0.11002018791637
0.0110409290911754 -0.0113516786574925 0.0121146756877176 -0.132625674890034
0.0131221642372685 -0.0228513427116242 -0.036024141018016 -0.103385605120278
0.00855648510444142 -0.0245262397183292 -0.0586901170246721 -0.0638371254949184
0.0184353552738385 -0.0224428365856107 -0.0740169727229967 -0.04076804306833
0.0261347039820145 -0.00807275237825556 -0.0842773686141243 -0.0303443284609501
0.0228621547546106 -0.000236425375838375 -0.089236591992244 -0.0174281166353265
0.0237164058946982 -0.0018234920314541 -0.101306043775374 -0.015027430181579
0.0426891141272206 0.00997996939156076 -0.108718098478036 -0.0174593560581818
0.0273984578001755 0.0392996549007766 -0.112698164472921 0.024934392996799
-0.00165985593900903 0.0598063191224466 -0.10483437247733 0.0710915210841673
-0.0453012538422037 0.0493953472201402 -0.130906049282639 -0.0648270165935567
-0.00293382304819487 0.0246125972337835 -0.0284323143188379 -0.00220264514108502
0.00680338995550663 0.00912727827623183 0.0722620731431463 -0.0164829528913625
-0.0147556033076105 -0.000122380933092744 0.0980928557354563 -0.0572829246338959
-0.0110219317437004 0.0217663562236697 0.080308193847899 -0.117495986101149
0.0118603185995616 0.0246552673543977 0.0190776446000453 -0.136507425556472
0.0280334061083829 0.0109719712813523 -0.0293250246131989 -0.108071167951842
0.0320431414014417 0.00143334425434018 -0.0520837121321791 -0.066527721138244
0.0450278481474453 0.00551866581780586 -0.0671879178715379 -0.0391200618697836
0.043969348164694 0.0270708655345506 -0.0775237658852337 -0.0242259862091292
0.0334480954131665 0.0433723230727749 -0.087206125138435 -0.010205135064091
0.00917479721143694 0.0506039063113981 -0.100074097818697 -0.012866268252141
0.00355529418326954 0.0550327973829469 -0.102858982391269 -0.0243424823982202
-0.0269570325157526 0.0584350293834632 -0.0934224616345334 0.0188614999704212
-0.064898090310517 0.0658234006209412 -0.0833369727412959 0.0636210238020343
-0.104532892035466 0.0389163949967314 -0.0908726319518819 -0.0677022031410737
-0.0670396581827153 0.0259317262389914 0.0077264626209682 0.00485119428917734
-0.050214853254998 0.0373030160841392 0.108143144055595 -0.0172635516837979
-0.0479298693352403 0.0407493886155791 0.117865407062388 -0.0650935053874651
-0.0196412755923161 0.0624925205788092 0.0856219248773877 -0.121478942353384
0.0140477707633995 0.0609733202801994 0.0253445233376531 -0.129444468476775
0.040860751899997 0.0443778232104654 -0.0185782671570349 -0.100268192510392
0.0516799565932575 0.0268458129880952 -0.0380906717368403 -0.059661433312859
0.0662554186169266 0.0303363374612902 -0.0511232313841807 -0.0298989373540644
0.0559652052585747 0.0547016485023247 -0.061181760791905 -0.00881991226268642
0.0431648897928686 0.074806441007076 -0.079239019726337 0.00715872976870156
0.00319803931833994 0.091433808423123 -0.0990595863152677 -0.00287337886856042
-0.0243765585329346 0.0936617144835683 -0.0985768316294754 -0.0290088720088912
-0.0710572726554844 0.0737502236019277 -0.0724706055257449 0.00442859567711814
-0.116484727716254 0.0643873543949472 -0.0467080810763775 0.0501006527370965
-0.14819573047547 0.0247186074178603 -0.0378895088519806 -0.0649593279425561
-0.125461339463121 0.0257904784120626 0.0517181912156607 0.0160162110942915
-0.104953099207074 0.0683924899700154 0.144919204881323 -0.0116008215268698
-0.0756602728250805 0.0859759319079246 0.138981170144088 -0.0655692627199349
-0.0217091360400899 0.101968434467393 0.0900805965640638 -0.115028629079176
0.0190239520854168 0.0908399881780452 0.0343340430212197 -0.109272928249941
0.050677616649143 0.0716210564049898 -0.00305376675201759 -0.0824611077739336
0.0635116818278426 0.0473341096235358 -0.0185210399230965 -0.0448587448165826
0.0756309508895336 0.0500916782183977 -0.0285584084954831 -0.0143283680135609
0.0580574668239864 0.0742286620899009 -0.0387612854911859 0.0104076787849848
0.0439473984473414 0.0943088432434595 -0.0670340942929571 0.0290457047823607
-0.00471267838571074 0.116013029760367 -0.0951551289497046 0.00989920123633812
-0.0477367705215575 0.116761600207856 -0.0943865465142714 -0.0313128401091907
-0.104682577028332 0.0780751415007683 -0.0514088532273046 -0.01429389172398
-0.149810267469033 0.0522006124041936 -0.00228984484827054 0.0331076875272195
-0.167413758205014 0.00964761116956808 0.0200241435220941 -0.0609067234733059
-0.1638447452865 0.0229318837301061 0.0971728354056056 0.0202767280814034
-0.142901019507253 0.0890726619804434 0.169639062673667 -0.00703969984993587
-0.0926243532268541 0.119861516566693 0.149997046263295 -0.0575988606467079
-0.0183452243990146 0.128065804135642 0.0916054462864716 -0.0949927297367867
0.0237411491747255 0.106953584151299 0.0451230541418637 -0.0786351617073177
0.0545588672857615 0.0875155518038293 0.0170988500946673 -0.0551761412574456
0.0667956237390403 0.0602919780886159 0.00377626516697588 -0.0233036421935615
0.0732239925728315 0.0633093729346054 -0.005393934247713 0.00642948876505578
0.0482733000563708 0.0857182579511733 -0.0177640264550993 0.0334245099723962
0.0315061889277874 0.101920735229546 -0.055094822115728 0.0509894830759516
-0.0205762474558435 0.121172520930404 -0.0899381492143917 0.02213048753548
-0.0699541973323257 0.119309647179388 -0.0863540082354647 -0.0330828605256059
-0.126618621026137 0.064642654411353 -0.0300822016168273 -0.0315480521999163
-0.163911107569744 0.0272619544497132 0.0435356090163989 0.019246691215296
-0.156560017812807 -0.00565424753806178 0.0732533292383824 -0.058897076823346
-0.168612554579548 0.0141782207780984 0.133793072661619 0.0151461852926587
-0.152624148076382 0.0910102263158143 0.175942826774374 -0.00427803292571312
-0.0923687056195689 0.127440865783231 0.145736142388418 -0.0419197901507693
-0.0146784488303514 0.129036038179531 0.0904098404086237 -0.0621351537317701
0.0235531918385287 0.104729638215038 0.0571680066293622 -0.0414909196570649
0.0496850567550716 0.0882191756819582 0.0386677120589125 -0.0241240465879594
0.0595652609508249 0.0634605764903078 0.0244092529278821 0.000779662296285417
0.0599483056165287 0.0673560402343224 0.0140220745428671 0.0309806016886601
0.0301095655161298 0.0864649302108262 -0.00292546329550228 0.0594336847686084
0.0114725808852996 0.0976656535112346 -0.0483370689580466 0.0725202484627021
-0.0410288554011315 0.108662805449481 -0.0848438317664238 0.0317298315334848
-0.0892491716318974 0.101553171602081 -0.0758656323459348 -0.0307908386329184
-0.135789983905656 0.0366885768633613 -0.00847433514889931 -0.0394479462614005
-0.154339732498098 -0.0054071752297854 0.0860757497403343 0.0142083434763422
-0.117076115621623 -0.0208205520985339 0.109209182325914 -0.0594995699851624
-0.142056025359232 0.00254797954153147 0.151923632245165 0.0016265976789698
-0.129935280254872 0.0742886037716951 0.162989932473566 -0.00220204468685057
-0.0751185218727334 0.10498966427064 0.131102558420267 -0.0216568446213847
-0.0109101031553555 0.104297890510793 0.0870509892387667 -0.0265649754717923
0.016221272735418 0.0841853025950159 0.0692656851916926 -0.00636903593193883
0.0343841168517972 0.0740330376915497 0.0571688518714178 0.00428468282519758
0.0432361779426739 0.0569558899325837 0.0410816832122525 0.0250068554566472
0.0395052327389931 0.0611711118175331 0.0261292169731546 0.0564227600837765
0.0117339610128487 0.0747963793831319 0.00177498829688734 0.083436773184562
-0.00601978344407526 0.0811683350907146 -0.0496048812502506 0.0902835051269016
-0.0536480568796926 0.0842788453174814 -0.0819792051422824 0.0393207841950523
-0.0960844191057884 0.0714654510658627 -0.0629948032459123 -0.0227929395858293
-0.126669822490575 0.00395315433560238 0.011620236544624 -0.033676157404669
-0.123069308950039 -0.0372727647698744 0.120163328017733 0.021197035747896
-0.0570768463033714 -0.0369326455633174 0.122138882274176 -0.0599942219438002
-0.090682805807465 -0.013608518408833 0.149278557460817 -0.0127347851441631
-0.0849676862121928 0.0412070033364564 0.138257615047279 0.00437165373820838
-0.0481684319262843 0.0601488801672423 0.114376947679568 -0.00151319799767648
-0.0118371353109408 0.0595317500454222 0.0859876524684987 0.00214044749960003
0.00199504633539111 0.0503814614616392 0.0776627281580957 0.0182139035879072
0.0117256879149567 0.0497043141799468 0.0698496639462104 0.0255579295155737
0.0210942070934008 0.0414246697623292 0.0503588998449831 0.0431759524135817
0.0181599031815374 0.0436918682890309 0.0312099421417947 0.0783476023724359
0.000255216885247541 0.0512984446234551 -0.00121128048024025 0.102915711962438
-0.0117703048479415 0.0555865160368415 -0.0558072002819675 0.102274706393038
-0.0481499910643892 0.0554920962065384 -0.0815027575574533 0.0471322169491775
-0.0825235246431096 0.0399956719574793 -0.054515279995245 -0.00824043247651091
-0.0985376576285381 -0.0212648158272921 0.0228161852608449 -0.0172180854821553
-0.0741862941808388 -0.0588088148289104 0.138951845842863 0.0370296084413144
0.0215457423178104 0.0527701792823537 -0.159582013150388 -0.0528867827737118
0.0558591102160047 0.0183965038121221 -0.0526646169882419 0.00463886224284044
0.0556161924910858 -0.015931684521715 0.0514683637147203 -0.00522836444338068
0.0173450041612757 -0.0311481897354161 0.0895239312772855 -0.0501801024677233
0.00185115854459035 -0.0133168104169114 0.0760783173586317 -0.116094197834932
0.0117928137244466 -0.0111863506563986 0.0110439182156961 -0.139010143598522
0.0125673003423651 -0.0235980211993149 -0.0377510524188834 -0.107488094342672
0.00781017861038439 -0.0243079197973418 -0.060088455579788 -0.0669051854696904
0.0180699625119587 -0.0229970186213861 -0.0773329016456635 -0.040479446161093
0.0271522229482251 -0.00912035659786225 -0.0884752654616491 -0.0299698320283441
0.0239613913375566 -0.00037195792601642 -0.0937794568499954 -0.0164586191766482
0.0237043816539612 -0.00173224240147407 -0.10623192266959 -0.0135371624707208
0.0432493568488056 0.00857187546905746 -0.115087508422419 -0.0169666341272424
0.0285921106800643 0.0403481231735396 -0.11715279188138 0.0249576810425839
0.000428768378913805 0.0610490018857163 -0.108851253039106 0.072816404645969
-0.0461344597073051 0.0506724696317265 -0.135281803499336 -0.0642289508348307
-0.00436621043534864 0.0239145596851046 -0.0281573842588862 -0.000380530897400851
0.00484915660519729 0.00873920586202763 0.0765010267071153 -0.0171658189562921
-0.0167526464370661 0.00086794544182967 0.10250071398167 -0.0604942000425223
-0.0112210692634245 0.0244208113582233 0.0819872766170786 -0.123879073767525
0.0126247805357467 0.0265385099097342 0.0186382342844218 -0.142289863609747
0.0291851262529279 0.0113082035552915 -0.0314170834197923 -0.112459574803662
0.0325518432874206 0.00190210163380418 -0.0531970561144669 -0.0686863278022221
0.0459178042297516 0.00562150186914155 -0.070581840289472 -0.0390633157673966
0.0454989634941571 0.0271117931645543 -0.0810203009479183 -0.0224953645005224
0.0349165077275801 0.044170292346572 -0.0912137630690414 -0.00813114954908279
0.00992849531206157 0.0533524107503949 -0.105361267954963 -0.0102194349575773
0.00401162948168549 0.0565185731301683 -0.109044157839388 -0.0232964405249642
-0.0277360099451301 0.0607837754595944 -0.0978593087564245 0.019261621598041
-0.0657269914716243 0.0683543624706003 -0.0873057767858809 0.065447274746235
-0.108098261246742 0.0408914448914789 -0.0935332988678289 -0.0674539741909772
-0.0705178148587816 0.0259683957797844 0.00895406770608342 0.00596252825179682
-0.0535995635382135 0.0392267773518695 0.113543025470627 -0.0187995553683233
-0.0512623080384143 0.04401634356473 0.123573038552789 -0.0681540501787843
-0.0203018941162142 0.0661665046729509 0.08742740103619 -0.126512529622568
0.0149731554191281 0.0644065515327986 0.0253282077908989 -0.134475495948725
0.0423313254438355 0.0461391298889007 -0.0198751341855763 -0.103851364170507
0.0528258297825193 0.0278711024010544 -0.0390163894669865 -0.0616632890302103
0.0680149170566042 0.0314297326011254 -0.0532899895528761 -0.0291841771611031
0.0586969954685243 0.0565838861509931 -0.063072992785899 -0.00710346411773287
0.0454107838078188 0.0774717994724578 -0.0825631473823534 0.0105399784441451
0.00376049746420561 0.0963636687221894 -0.104433540891554 0.000333020282188563
-0.0250214995263915 0.0971744739602377 -0.105663676812778 -0.0274972897006768
-0.073881868288054 0.0775230496733158 -0.0762461887501146 0.00463278268161243
-0.119459936037175 0.0679755270895415 -0.0496234159791508 0.0510909787567437
-0.153724489940818 0.0271913788197833 -0.038639693134865 -0.0646009315780504
-0.131316946546156 0.027408936915966 0.0553427524925298 0.0171475495125192
-0.108765840168612 0.0704820299456586 0.15072882971401 -0.0137392977608972
-0.0801737292987303 0.0905060480182759 0.144495862059985 -0.0685724721250194
-0.0216760559719804 0.106855240298906 0.0917820976196999 -0.120195151758065
0.0208908881049188 0.094759041784553 0.0340564238242573 -0.114461127607861
0.0530759688553568 0.0745942425991552 -0.0033071277666224 -0.0844326532492161
0.0658700918281105 0.0488015163840123 -0.0184155004584845 -0.0456395583930697
0.0788698043404928 0.0509719759672528 -0.0294068769591911 -0.0129565376114182
0.0608178929548285 0.0773411229909676 -0.0403977310397423 0.0134206747437406
0.0466015538120099 0.0977510944133852 -0.0692599045137057 0.0329352806895021
-0.00413589828235321 0.121505179281949 -0.100235396858454 0.0136906260551894
-0.0487040701992972 0.121431052459385 -0.101164342234998 -0.0288709916929641
-0.108311335692883 0.0819907314191984 -0.0549151087977824 -0.0149859399321194
-0.155262396776239 0.056033926425293 -0.00392059273794804 0.033284912682171
-0.17385186106827 0.0128327247740687 0.021515286247291 -0.0609239139980544
-0.169519034775924 0.0252131066352954 0.101735592117 0.0211058414511903
-0.147199186479445 0.0931418710233576 0.176862637845849 -0.00820582218106979
-0.0967108695040906 0.125988265619591 0.156125673358524 -0.0602367119941334
-0.0177597149974042 0.133249506871567 0.0931964319280002 -0.0988464370354362
0.0257049152735878 0.111821124583913 0.045659491508608 -0.0825342711210027
0.0577159788406186 0.0901042276596934 0.0169608828670801 -0.0555810587997071
0.0694603795652171 0.061805985492891 0.00453492343296274 -0.02320344651401
0.0757055732336918 0.0646434552967025 -0.00503857906175672 0.00821528387205579
0.0514479462969119 0.089568138926142 -0.0177896333368465 0.0369012927735933
0.0333626506863831 0.105458142375922 -0.0567807329245873 0.0562950303992995
-0.0205937095217956 0.126952400572291 -0.0945805396083765 0.0266855106428318
-0.0716648083971114 0.124453572574 -0.0937735940308127 -0.0301847891970809
-0.131432784651776 0.0689022322696654 -0.0330346489157971 -0.0328203170170241
-0.169939081570471 0.030729489288561 0.0440820972952392 0.0181389474788024
-0.163035241509396 -0.00326208609802789 0.0761670175696741 -0.0593499202507131
-0.175776885767884 0.0172367314628047 0.139203908113521 0.0149206785282698
-0.156622404470781 0.0960362462049346 0.183198728711696 -0.00531928017981459
-0.0961385312470085 0.133323871552323 0.151619450485727 -0.0440804341053558
-0.0135272655331623 0.134117631907886 0.0921650895018876 -0.065135761760681
0.0260359627486482 0.108599885999472 0.0592756412034818 -0.0437934074076379
0.053309019506135 0.090997291415439 0.0394133087077411 -0.0241331288895162
0.0620774930262308 0.0651261357635297 0.0260463820387657 0.00214208289293602
0.0622559870926645 0.0683529221280297 0.0149859522565676 0.0332841281030708
0.032497677319313 0.0901017685444206 -0.00237744793473318 0.0631863249989185
0.0125132450157575 0.100848892703382 -0.049224130699762 0.0784140078637583
-0.0419240686392707 0.114442226122572 -0.0891562919711175 0.0367530552225436
-0.0919434538974786 0.106249781874252 -0.081769254559278 -0.0285329456041364
-0.141202393254222 0.0406264549555425 -0.0100569940161407 -0.0406202526411836
-0.161333568089732 -0.00337117371447779 0.0881608459166071 0.0131346925845097
-0.122888632627036 -0.0191709149637288 0.114301318838908 -0.0600472939371273
-0.147435489232818 0.00538913484945824 0.159402081067464 0.000633484189804485
-0.133302685399859 0.0789446342549748 0.17011571046476 -0.0036415544811188
-0.0774774211443456 0.109734778938543 0.136360770650127 -0.0235777151761489
-0.00978084562703006 0.108017195841975 0.0900108939864987 -0.028525550236683
0.0179221480022322 0.0870733658441068 0.0719267573325329 -0.00725518155984638
0.0373268638586223 0.0764110899576193 0.0585112655825246 0.00432370747224965
0.0454096644405639 0.0577448735976449 0.0422600458116675 0.0261746081125604
0.0413912471632735 0.0622605560939968 0.0276218366323132 0.059510592080059
0.0133796291641231 0.0777084290892885 0.00249802203878246 0.0878377226999083
-0.00630028924265428 0.0840145930211598 -0.0503960739437472 0.0964177649213806
-0.0553093907512335 0.0892983042963301 -0.0857615523264279 0.0441743522321259
-0.0984930898944589 0.0751596986143011 -0.0681267433887554 -0.0213827539605161
-0.132177394985819 0.00688274794674936 0.0103009186970826 -0.0344691491320316
-0.129602270248101 -0.0362420684685285 0.123429693520085 0.0195998107962074
-0.0613510827027574 -0.0360869387314501 0.127292256076199 -0.0607729317543995
-0.0938817966344132 -0.0125551796961324 0.155388091583247 -0.0134945243401356
-0.0863927029784752 0.0440977918033514 0.14472455917911 0.00292355651178909
-0.0490992497672877 0.0630233573169188 0.119755406126981 -0.0030848919201163
-0.0113160513959966 0.0611771197925875 0.0895221453523807 0.00115354229744554
0.00265478774108659 0.0523054159346788 0.0813751119201202 0.0176608815696423
0.0132805960943203 0.0506726502816111 0.0717349329739986 0.0257806948502774
0.0219114082794835 0.0413853985222183 0.0519337521289614 0.0456720708544819
0.0195083471736884 0.0445139646516847 0.0326249262390941 0.0823607851682853
0.000629174028116193 0.0531885474936314 -0.000621446054584564 0.10784254278123
-0.0113924155703237 0.0573423168807477 -0.0576687992697872 0.108171660507496
-0.0495410218145938 0.0588635754757634 -0.0854353211536573 0.0522832221846902
-0.0845567187901816 0.0429586506124059 -0.0589840772719208 -0.00695012655763838
-0.102525284127234 -0.0200355127347448 0.0216646138362216 -0.0181624816919167
-0.0787571102965559 -0.058903393468387 0.144570554482078 0.0355634215857522
0.0245406708457286 0.0522496882037183 -0.165651735230051 -0.0494890844763981
0.0566190518372573 0.0168307566408126 -0.052461798068488 0.00737551828872702
0.0549941404160908 -0.0184892164462854 0.0542235002746802 -0.00625100547640126
0.0154501681838235 -0.0317675754137462 0.0919091546808315 -0.0543639247537458
0.00242838570253282 -0.0121465399060961 0.0752773525139509 -0.122894612661867
0.0109342107084062 -0.0114900112445635 0.00751402047388073 -0.144199383060825
0.0117009067396431 -0.0249320252359124 -0.0414351473432313 -0.110410785823458
0.00658371221251037 -0.0244000854778773 -0.0630330069029006 -0.0685853538196236
0.016994732225531 -0.0239668563166743 -0.0812882857884284 -0.0394079491824787
0.0271653981854945 -0.0104189699218976 -0.092576171409559 -0.0271470447678916
0.0250883833984007 -0.000974499204790048 -0.097604237656381 -0.0141484743500995
0.0240744598378296 -0.00167367819165748 -0.110173711566843 -0.0095393801348094
0.0440367531105685 0.00677095855810825 -0.121046128588523 -0.0137105367674159
0.030706302826839 0.0402045430057722 -0.121488913222142 0.0272676626004949
0.00361366371179629 0.0608329359022588 -0.111799682509326 0.076646593064772
-0.0454741301403816 0.0525543883616698 -0.140228751480478 -0.0616421221033764
-0.00517474439816895 0.023750579544783 -0.0278602702492888 0.00100063883256005
0.00351587692022043 0.00801045350795651 0.0794103065836945 -0.0192806102641636
-0.0188198614022753 0.00282116778363049 0.105247720404884 -0.0653374326810558
-0.0113768426916642 0.0270440692959943 0.0815916544987136 -0.130746858053484
0.0135797785505953 0.0282437086456301 0.014634364457779 -0.147745781733446
0.0295621466488675 0.0114914407059222 -0.0347404520179791 -0.114730619003979
0.0330539843386591 0.00187621247824111 -0.0561325438269988 -0.0705012743423825
0.0472489345344941 0.00460603798616293 -0.0731236111100883 -0.0368968304848423
0.0482328743892547 0.0271197104450619 -0.0843982580491063 -0.0197867276582034
0.0376028340220286 0.0449872504345692 -0.0946091601129846 -0.00438474579803894
0.0111572168378436 0.0556542348152322 -0.109986720810256 -0.00608432248627032
0.0044638751174445 0.0571049207137028 -0.115196675487573 -0.0199403961025322
-0.0269720484495556 0.0636395553859507 -0.101702448517744 0.0211486016825429
-0.0648326861530956 0.071382197869286 -0.0891803638148192 0.068562749368393
-0.109913183490764 0.0442977077961607 -0.0977816377646983 -0.0651373061215672
-0.0735982002688923 0.0276609833396952 0.010988361512696 0.00676882396005112
-0.0554228439984316 0.0400670080059698 0.116563495425039 -0.0212612601097693
-0.0535301236878175 0.0472095433190784 0.126245322922684 -0.0735737490947343
-0.0196687921168149 0.0706608693431372 0.0862703483851976 -0.133180390184453
0.0166700489997073 0.0667972753178776 0.0223888691866538 -0.139495695294541
0.0451420375553091 0.0469099270503892 -0.0229904104236245 -0.105951213042641
0.0546854243115585 0.0276877612486146 -0.0406386917445829 -0.0625270732309349
0.0704286271615092 0.0305191924604376 -0.0547683527915756 -0.0273944862084596
0.0629316223606885 0.0568539941175908 -0.0656352282430447 -0.00395619365927312
0.0490660455558015 0.0785641351864753 -0.0850291979446118 0.0152318621319984
0.00645952492676011 0.100128976197541 -0.108583211128946 0.00593436420566555
-0.023246161867524 0.0999982018921781 -0.112463035008681 -0.0227044531826192
-0.0744649107867881 0.0822140465256023 -0.0802368868174689 0.00555621911768608
-0.120773139789256 0.0737547638383186 -0.0515787964180623 0.0529847227402441
-0.158078346209168 0.032975690356522 -0.0403239791687137 -0.0635030960444695
-0.135705179457459 0.0310139498676286 0.0580134826079356 0.0172169683637097
-0.111367639431911 0.0750634234555603 0.155221050547658 -0.0172709414507691
-0.0821715657654199 0.0968510686709327 0.148225482773279 -0.0739347923078801
-0.0197925669824396 0.111794618583987 0.090630634242927 -0.126285172476631
0.0239677965380493 0.0981934921146071 0.0322222389455749 -0.118522344468132
0.0563286141602637 0.0754751539468609 -0.00581558120841837 -0.0859495043445652
0.0684688398466192 0.0486453562145176 -0.0197493064088061 -0.0459366762133752
0.0815410922982208 0.0496046173553532 -0.030519014845538 -0.0112275828309312
0.066000304060881 0.0787820602041476 -0.0412792617333285 0.0162289108566728
0.0505372832921216 0.0992484277895451 -0.0705162362160755 0.0387106372236621
-0.00074247260845515 0.126656882044131 -0.104234480795357 0.0205794577444269
-0.04673655376119 0.126322679608548 -0.107928696099588 -0.0241990635315006
-0.110097215438762 0.0878761033734495 -0.0590453658552598 -0.0146311388795886
-0.158211958337784 0.0625209679494988 -0.00534089868449567 0.0333541916938742
-0.179262323223222 0.0188137261294288 0.0218624292544259 -0.0611427647472083
-0.175572573521978 0.0308880837259222 0.106485595633353 0.0198430027542016
-0.148994195548948 0.0992564806549096 0.181710787636759 -0.0130124796976736
-0.0978988031732822 0.132891535094893 0.160156751216644 -0.065716027389067
-0.0150582192327937 0.138315848740141 0.093010788747392 -0.104172874708762
0.0299224379568893 0.115119279558562 0.0451395155948511 -0.0861512509352192
0.0621778904710797 0.0916553922941591 0.0159837486318502 -0.0570586163607137
0.0723059898684194 0.06159007911037 0.00458722041999871 -0.0233315154006477
0.0796351698666679 0.0632866811860563 -0.00486810680711313 0.0104898333216847
0.0561991292275348 0.0909686882377259 -0.0172234590554284 0.0402207138102415
0.0370748169167907 0.108261724655089 -0.0558601621356572 0.0628114135286426
-0.0176673462188843 0.132946661797913 -0.0979736071118126 0.0339745102892533
-0.0702646808571023 0.130972079687572 -0.100245678593258 -0.0253586143773822
-0.134583291729745 0.075404457759346 -0.0367719961358415 -0.0327711552450676
-0.174614557899222 0.0373410401421931 0.0445022550440233 0.0166843781676665
-0.168676747416206 0.00283542700197356 0.0786489272474239 -0.0611613263760947
-0.181217475998936 0.0240680071799558 0.14581950954615 0.0118785186732818
-0.158212834972032 0.103252171459366 0.188374421198951 -0.0111177041021592
-0.0962736273951256 0.140662461013276 0.156534117419042 -0.0487623306533603
-0.0102973466048673 0.137645386614983 0.0926833114835154 -0.0685163925397763
0.0298670833578203 0.111658232081513 0.059981405416994 -0.0463443879622608
0.0577537416106391 0.0915189908874852 0.040016196714433 -0.025570068112544
0.0653801915215528 0.0646438608449365 0.0271270073000148 0.00236318733204694
0.0659368081344268 0.0680145296035399 0.0161316796750109 0.0355475779268646
0.0363882531378759 0.0925976199611176 -0.000141076273721537 0.0666960995923031
0.0155221076617267 0.103856751766501 -0.0483436031148394 0.084614206011444
-0.0405616217861268 0.120613362375716 -0.0918354813060981 0.0438355255651337
-0.091333466865834 0.112571917104292 -0.0879142444207951 -0.0240022763048349
-0.144966434840642 0.0467669965418218 -0.0139676267204342 -0.0412028583404797
-0.166656720293176 0.00311532438269882 0.0901098436701039 0.0094061335189921
-0.126940414261859 -0.0144143572067767 0.118065168668357 -0.0631069897399363
-0.152640324127516 0.0112493045622409 0.165644773711822 -0.00299892043692808
-0.134093645920561 0.0852785976889922 0.175647504517955 -0.00850882331046367
-0.0773971475828667 0.116287236338161 0.141589438179796 -0.0278678831974117
-0.00663277113168544 0.110181652139735 0.091300983568184 -0.0306342709982346
0.0220696997262099 0.0890224173335987 0.0750713708061805 -0.00935079005775247
0.0410466418707778 0.0775526385020227 0.0606462654406443 0.00365023702981428
0.0477712348327648 0.0576865557546846 0.0442815978419872 0.0270886832816189
0.0440519898805267 0.0623812062635426 0.0299290315622114 0.0624762455859164
0.01641370603169 0.0804314770514906 0.00561390849691019 0.0919688782063729
-0.00412125643100928 0.086668741188965 -0.049657975877629 0.102727846752295
-0.0546121218955178 0.0942967881841755 -0.0886452047093356 0.0513940280814522
-0.0987613201713755 0.0797014436666833 -0.0737444428306781 -0.0173815264267039
-0.13610686872492 0.0119262228823152 0.00793722804116781 -0.0355685720136895
-0.135390607461525 -0.0323890251940533 0.126606481468961 0.0160475248066877
-0.0640336487226727 -0.0339208305250553 0.131790851375447 -0.0651075593265864
-0.09820943183921 -0.0092279218385899 0.161616967988586 -0.0173038093996343
-0.0864997463361504 0.0476961707428381 0.150283071962109 -0.000919127700364229
-0.0485938347394939 0.0664956491712325 0.124058440236966 -0.00706802321799177
-0.00916966546371764 0.0625534469937889 0.0927363412870676 -0.000428853324454345
0.00440289801388718 0.0528786902722616 0.0855521003708352 0.0161385196716072
0.0156465887339116 0.0514878193534214 0.0745768777079506 0.0248435025702517
0.0233589291285693 0.0412658246038429 0.0538683713131472 0.0471278040195617
0.0204687942065256 0.0445800501668741 0.0356316117751887 0.0853323567850145
0.00212141713369315 0.0552237962353558 0.00272873567244229 0.112186874682011
-0.0101124261429899 0.0585038206785281 -0.055991585172035 0.115241942086436
-0.049383027183866 0.062438051816595 -0.0876518751685176 0.0584035249458466
-0.0850315453213354 0.0461490446705309 -0.063403007061496 -0.00375145680455097
-0.105362641125394 -0.0168628720904536 0.0206685937771398 -0.0187284835147704
-0.0838661602903087 -0.0573887154392234 0.149414953280178 0.0320044307599182
0.0297982820895893 0.0479217870646461 -0.172886426996852 -0.025826801426605
0.0569820313187017 0.00757513653219625 -0.0517368102953628 0.0171178650055839
0.0510803470978198 -0.027717179499698 0.0553376047687248 -0.0111627596404833
0.0111994569275305 -0.0350074757869451 0.0878574673431086 -0.0661794284689877
0.00149284049976672 -0.0146407039315911 0.0590660447897823 -0.135501553468793
0.00787531802203693 -0.0160052366756402 -0.0135407708346142 -0.144426653561089
0.00576099154889316 -0.0275390088234717 -0.0569258784274297 -0.104943297012684
0.00188103194990242 -0.0239947545806981 -0.0708650416402452 -0.0617142090234039
0.012592535775926 -0.0250258970698857 -0.0856607597561725 -0.0299956821701258
0.0255748176789905 -0.0130718932321119 -0.0973036214305805 -0.0162257736626073
0.0246146204728166 -0.00352385506461237 -0.100161556875472 -0.00158750499847686
0.0241158963619703 -0.0033384965911774 -0.113821027069659 0.002949278358703
0.0446490099860333 0.00253470104209222 -0.126648652244085 -0.000206454290047357
0.0375801232632716 0.0368661906525227 -0.12016182586336 0.0387426246017741
0.0129945277652625 0.0605233958708992 -0.103630078727559 0.0861294533505454
-0.0401245487684471 0.0589933856120758 -0.147990296044739 -0.043747424598097
-0.00333591732900279 0.0249851736862841 -0.0269726689718381 0.00416872690097919
0.00386385433856293 0.00623684231896443 0.0774214429140113 -0.0298426510758485
-0.0182011461122574 0.0052418622003375 0.0987662947693123 -0.0807742107820191
-0.00627849293552119 0.0266076912197201 0.0624687399135967 -0.143662539257236
0.0155902295787359 0.0232784958239166 -0.0070023723312137 -0.148648991110808
0.0298421649895512 0.00625762749874809 -0.0517292052918225 -0.110070841655952
0.0315247385536655 -0.00115038348838683 -0.0642053481592144 -0.0633192094024692
0.0473571667248079 -0.000625250449686152 -0.0775056838480287 -0.0281903122841768
0.0520378327793967 0.0219540212380263 -0.0887462526960253 -0.00948045626545139
0.0438478856450493 0.0403467246485672 -0.0965164396168733 0.00745980464997029
0.020088032378935 0.0573543499412456 -0.112724415001172 0.00658653467917853
0.0116378185969076 0.0580734642705559 -0.120618301834776 -0.00657650698032694
-0.0181618352823659 0.0680229020085624 -0.100606937187026 0.0320314646123789
-0.0550059653166879 0.07965537623893 -0.0813595050265947 0.0773319519224622
-0.105056024698567 0.0617054188804704 -0.103556240961395 -0.0556555651666993
-0.0694958329132821 0.0398319042881596 0.0133586834328388 0.00200141607542673
-0.0489867308238037 0.0472732515361846 0.114200100841807 -0.0413512509094209
-0.0457074570864387 0.0550818562967534 0.117225390238394 -0.0946148220697089
-0.00868108234147449 0.0711765032028809 0.0652757240776833 -0.147281895747858
0.0249045183303434 0.0615567921675267 0.000442344907088764 -0.141795043833507
0.0516292934240606 0.0403665237180153 -0.0399221087062318 -0.104036863763973
0.0560660125996821 0.0211536602862703 -0.048343682494873 -0.0568901492271999
0.0743550745570592 0.0209789288393945 -0.0582173343475542 -0.0194729804506845
0.0720484877227814 0.0500407664312818 -0.0677729021270847 0.00411256439759547
0.0602478479364036 0.0728459885245671 -0.0849804897868517 0.026280730117942
0.0219066472484859 0.103504510616699 -0.109789646664055 0.0179294415847201
-0.0108022831294843 0.105547274992517 -0.116746638068047 -0.0103322915338623
-0.0639228930629908 0.093380417699976 -0.0795950879172247 0.015186769812864
-0.112129289023461 0.0888975682595906 -0.0440847047710871 0.0594258935572977
-0.153956921934089 0.057751504917529 -0.0455264818333898 -0.0631812322359242
-0.130060380002355 0.0524745957326934 0.0629703858418325 0.00281500044439159
-0.0988781844646874 0.0905213572861478 0.15221770100874 -0.0463336309628805
-0.0657628709407485 0.108840731595967 0.137418607685233 -0.101614122432414
-0.00356287087193424 0.111305324682908 0.0679364452331779 -0.140662189042044
0.0367362155226612 0.0919521795066295 0.0119537052655478 -0.122012118743995
0.0690286349935001 0.0672125729236689 -0.020439804640201 -0.0862569302090152
0.0729257943968687 0.0402420551024338 -0.0256287350084971 -0.0419597313737234
0.0888796867896232 0.0390292252713532 -0.0314290849760627 -0.00606407022825544
0.078237530788058 0.0714382343958055 -0.0406249275000472 0.0220932946067889
0.0639004882405887 0.0929840884669584 -0.0676543833702542 0.04847777163899
0.0181131453122101 0.13111519814694 -0.103251443440513 0.0316946138520057
-0.0302124397938211 0.134823652490369 -0.111950634897884 -0.0124605720735277
-0.0993027346853469 0.104853121232733 -0.0603016347188912 -0.00631360382709364
-0.152696843770084 0.0833973648200883 0.00102236602610149 0.0362371288130183
-0.17623956565958 0.0476775935681923 0.0185001245163965 -0.0698559853822082
-0.168944942772533 0.0587529584916071 0.112646672426162 -0.0027536381209017
-0.132187977570392 0.121092266156388 0.178882161069151 -0.0487234501784218
-0.0745074621793141 0.147849077731222 0.148394986089684 -0.0966224856882357
0.00563297665261075 0.137243460796575 0.0725541050851608 -0.11826196571813
0.0453476453280584 0.108025179818495 0.0289844700391128 -0.0914161009430112
0.0780350598739872 0.0824187154042124 0.00478953935731687 -0.0608678878720169
0.079019122686098 0.0522103124330807 0.00100103408613607 -0.0220778588693929
0.0890408641112622 0.053219128669097 -0.00384106462119876 0.0125016483657914
0.0706256216160244 0.0851281415420306 -0.0136233744190699 0.0433014309277837
0.0531596741499809 0.103730855836748 -0.0502130503972615 0.0708068430886304
0.00210831641386372 0.13940173232693 -0.0951386331699896 0.0444942051249329
-0.0529813640096772 0.141832815527628 -0.103356309310693 -0.0140948822778974
-0.125752596326894 0.0949055178453131 -0.0399756808212517 -0.0257953132470801
-0.171907819476672 0.0600012262137116 0.0479550272200751 0.0153489998323835
-0.167693343060512 0.0296412478857184 0.075420923572975 -0.076422905970723
-0.174924639576423 0.0528125245776138 0.150733073948557 -0.0158250863849285
-0.139704420595226 0.126088694698427 0.185919880760426 -0.0477932468266904
-0.0710101286334153 0.155703755611188 0.146619755964996 -0.0805296361126488
0.0108590880187767 0.137237601889736 0.0770030234626487 -0.0833081108248967
0.0464168169316599 0.105040544881619 0.0498263921425904 -0.054318262713902
0.0738292881806749 0.0831612516234338 0.0324931302117823 -0.0326481174540794
0.0730322509077169 0.0555377204116579 0.0263847322005331 0.00113541930275741
0.0760080918342576 0.0590941056691964 0.0202004145921004 0.0353214302225654
0.0520544090492819 0.0889473202598426 0.0065945517556509 0.0674614024506421
0.0310412389445338 0.102598483919085 -0.0389302255017457 0.0915207044199834
-0.0223113791123358 0.130387318543339 -0.0879069979987543 0.054136300401552
-0.076257467050934 0.126665022714659 -0.0898581187497812 -0.0131786009397828
-0.140070044264653 0.0671725375246358 -0.0170988612375873 -0.036281370225948
-0.168942863061603 0.0237532480904583 0.0913125231724629 0.00423507466934185
-0.128608144440678 0.00497209606014432 0.113472524466686 -0.0815726843823139
-0.147728345626497 0.0346019142515154 0.168999741163632 -0.0334008078753845
-0.118034667727026 0.104454246907191 0.173639795048579 -0.0412230818225287
-0.055433110903577 0.128140502495389 0.135032730180598 -0.055536781292106
0.0113245547853505 0.109297973205704 0.0827852194640408 -0.0448540594812456
0.0354974005020434 0.0836839067676965 0.07080539785688 -0.0193160023308441
0.0554654182529411 0.0715320893616897 0.0575056756467378 -0.0063425223036682
0.055330876312772 0.050782825662051 0.0468384047773105 0.0231987055925739
0.0543479764326866 0.0560037742681823 0.0366177809271088 0.0608495883449907
0.0294945946175899 0.0793904901511951 0.0158339012113094 0.0927182063574954
0.00909332894667101 0.0877164068733343 -0.0381979298941873 0.109898587551293
-0.0401989635036397 0.105634199042311 -0.0832675440512172 0.0608900755158043
-0.0879209919885935 0.0947195436724867 -0.0746837933822064 -0.00735115985085666
-0.135177359824001 0.0304595292619522 0.00406865766004696 -0.0326126663904057
-0.141881779176413 -0.0161821022741963 0.12872145923816 0.00651299309249702
-0.0689559572002734 -0.0255054408002236 0.12648794053366 -0.0818284687394673
-0.0960680363692737 0.00550618433778437 0.163177331610704 -0.0441900462655951
-0.0764920823607039 0.0597851450886838 0.150881617944693 -0.0277115472680477
-0.0358598373040858 0.0736966992137112 0.123498263717211 -0.0288667085383731
0.0016466530655787 0.0625361092585787 0.0904122098044017 -0.0142023024663869
0.0133847840992796 0.0506149748076711 0.0859059576455082 0.00371559772476531
0.0245783340913297 0.0491224481076924 0.0761582167873471 0.0137166760312571
0.0292329827192287 0.0376001158934388 0.0598331195770165 0.0414839707611537
0.0277588784386801 0.0413966257255231 0.0452101708195866 0.0827215687105222
0.012116058635233 0.0546083879147974 0.0148452027048186 0.113350879462194
-0.00015206316587951 0.0603546486339726 -0.0436118491108367 0.122759309367081
-0.0391789066004922 0.0720126124050658 -0.0814514363445889 0.0684686658864708
-0.0782821992549442 0.0587523997684498 -0.06386616873994 0.00510186790594217
-0.107815261385975 -0.0017481536106231 0.0180019881797515 -0.0180433020055369
-0.092829854601533 -0.0475807854250775 0.151878382365544 0.0190862058808956
0.030629214908076 0.0454910963000856 -0.172581055756072 -0.0218017236907369
0.0562501988415313 0.00685927023363272 -0.0499649893292006 0.017574938166764
0.0489496776516333 -0.0283122530883606 0.0567244354534384 -0.0118939920561995
0.0101139466876536 -0.0341824966143869 0.0881901639749934 -0.0687573155818111
0.00220908685614503 -0.0133610862209176 0.0575812371042873 -0.137377602251257
0.00822436248561178 -0.0154887771269053 -0.0160933532190051 -0.144430129811104
0.00430596253637245 -0.0272559796303155 -0.0589263938202804 -0.1050662236546
0.00129719769781487 -0.023271465192881 -0.0722588041765184 -0.0615229530097305
0.011795593094368 -0.0248294864913714 -0.0855247937982275 -0.0284079581088329
0.0249877898407758 -0.0140955423348471 -0.0973050259871758 -0.0139512236000442
0.0247308224226644 -0.00396038718876512 -0.100140101256666 0.00050861317518872
0.0241016134628291 -0.00311638879941889 -0.113386180147517 0.00623750851662028
0.0432557163447395 0.00109661632173078 -0.128066770285861 0.00275977806236541
0.0381038664499371 0.0349829872012275 -0.121458092746296 0.0398914005705365
0.0150173129791142 0.0582722958937696 -0.103701390546804 0.0865787653124355
-0.0388423911384034 0.0583374968688639 -0.147593883497932 -0.0400224268280048
-0.00386097290249218 0.0245535916942595 -0.0262164387990476 0.0047871559144219
0.00240098620042733 0.00654506618505851 0.0785061681457418 -0.0310381454059574
-0.0190876543091656 0.00716069141608834 0.0990156894315793 -0.0829016109120929
-0.00579419654867863 0.0284113045796095 0.0604044748689853 -0.145166287680943
0.0164514506721196 0.0242275504967502 -0.00998315047006876 -0.149231218499005
0.0297316501248883 0.00647234015033783 -0.053739452944964 -0.109409902893731
0.03100270900241 -0.000886210229377826 -0.0647040236979717 -0.0637083205636896
0.0465762076555405 -0.00121514226930279 -0.0776255287261029 -0.0258718959933933
0.0526162992305556 0.0204329519195387 -0.0882813010150421 -0.00708840765329593
0.0444381279131664 0.0396794262381577 -0.0961253468972428 0.0104878563842576
0.0206174265812713 0.0574430288178956 -0.112670515024934 0.010264442026335
0.0116935602906051 0.0577276122584388 -0.122242269962302 -0.00321323371118778
-0.0170520370426573 0.0677258636591885 -0.101684755195951 0.0325236935947685
-0.0526869397197613 0.0793524783255042 -0.0818917940894484 0.0777892091146374
-0.103640559534659 0.062639828918418 -0.103173908450264 -0.0523701981577982
-0.0701645941368108 0.0405707915731533 0.0145515153335675 0.00171832234798128
-0.0499678253034665 0.0478464976082296 0.114325870567763 -0.0428914847162717
-0.0462071276188065 0.057647609323522 0.117769967805373 -0.0966758881492098
-0.00767085777055725 0.0722134320915308 0.0627154695870836 -0.148307018790799
0.0264589810809149 0.0628610148627749 -0.0018219774577749 -0.141654057335905
0.0522115791038953 0.0395319714743112 -0.0414209140178633 -0.103051168263628
0.0565885010380527 0.0212412695414656 -0.0486160107900741 -0.0569544598989537
0.0742116420531999 0.0203256211901176 -0.0576005617919951 -0.0179473956726547
0.0732589888454471 0.0493115217342529 -0.0676113927057564 0.00640179674280165
0.0613465628709323 0.0717691711079122 -0.0839043241067315 0.0294542569176349
0.023800337701741 0.10388067590917 -0.109782710970933 0.0220146512277895
-0.0095287557124442 0.105363155048985 -0.118363333292675 -0.00648749894044412
-0.0623817711809331 0.0943759486868714 -0.0815100551569558 0.0159054114808433
-0.109565704668994 0.0904895376100132 -0.0451216785090858 0.0591879256137708
-0.152112589024454 0.0603510517213362 -0.0442691696484886 -0.0610136373842864
-0.129833257639191 0.0548116415241 0.0636911824240689 0.00240631103976364
-0.0984938557700571 0.0914703293985198 0.152482581487933 -0.0479741581059802
-0.065366307890406 0.111447636756166 0.137044845659966 -0.103136252416113
-0.00196678171483305 0.112661054737034 0.0660318892966452 -0.14091101805318
0.0382303591886387 0.0924740354646786 0.00983691169663183 -0.122319513938961
0.0703201072118501 0.0660793547775562 -0.0220148439879505 -0.0853955131023087
0.073196879483897 0.0390821046318431 -0.0250669609004325 -0.0422360461710217
0.0883913466521155 0.0377176456791095 -0.0304785026277677 -0.00487838655496483
0.0804754836429343 0.0702643329212542 -0.0397340633600909 0.0238830628712811
0.066070206789423 0.0924762517061928 -0.0653891819800465 0.0517442882640136
0.0210983096159165 0.131975908697067 -0.103472415691964 0.0362242761193711
-0.0281971409355262 0.135470475467484 -0.113276114367086 -0.00782204776071099
-0.0977232570619298 0.106577382736949 -0.0624857242609939 -0.00560963146921107
-0.150213544774374 0.085950769121118 -0.000806158267147261 0.03530432642531
-0.174258071186063 0.0507645066280168 0.0187901272574003 -0.0689615980522978
-0.168899129313076 0.0617433815419958 0.113491731809631 -0.00426518171403328
-0.13083114395938 0.122299971047515 0.178542435532056 -0.0505789669586729
-0.0734521033922817 0.151183558638356 0.148572319754166 -0.0990149387431133
0.00727065080794346 0.138282149116723 0.0704711134425075 -0.118878931081084
0.0475196448177809 0.108210562467023 0.027967152116101 -0.0917693221613307
0.079377298138461 0.0805035427651488 0.00328450236165114 -0.0595740475019751
0.0795556893436687 0.0506360666682653 0.00145031389556023 -0.0215616167010223
0.0896181168479624 0.0514108781841542 -0.00272875693013143 0.0137799434395392
0.0733450201541192 0.0839601815617733 -0.0120264806566726 0.0444065876981259
0.055105836083078 0.102978258229547 -0.0478765520332139 0.0733275165697687
0.00506210543273528 0.14060706137029 -0.0947159828210054 0.0490831064899204
-0.0505516984130189 0.142803605149783 -0.104805730808915 -0.00896266048431663
-0.124537454021279 0.0983719313069342 -0.0415282915794846 -0.0248985453359428
-0.170717335999305 0.0630389005021767 0.0462046085146033 0.014272523931616
-0.166174408663456 0.0334826464670225 0.0753339531493632 -0.076678426237755
-0.174311638090361 0.0565297000354485 0.151531125780639 -0.0188043451466623
-0.13734494992897 0.128207822453136 0.185899680821681 -0.0500730084262386
-0.0696009711316022 0.158404661955156 0.146672726958884 -0.0820758848961074
0.0136315670942853 0.136909762295546 0.0757962637665919 -0.0835334571966238
0.048113578259481 0.104497108483438 0.0487734771146609 -0.0550184935118147
0.0753797628917068 0.0813220588626754 0.0316829198532204 -0.0315260461152458
0.0732077864369505 0.0545189752970365 0.0269417382173807 0.0012403435078829
0.0763271669550798 0.0576605701958429 0.0213990178456925 0.0367786656725227
0.0543002845544625 0.0884472874872596 0.00858016478399951 0.0684462452729324
0.032056942674761 0.102367627594009 -0.0367268685916462 0.0947990032454307
-0.019611638866324 0.131557685979584 -0.0872428504364989 0.0585684132299291
-0.0740079434836071 0.12750830214716 -0.0912454023581598 -0.00847057810532592
-0.1387548464381 0.0704931218791627 -0.0193617896223027 -0.0354722046063255
-0.168326319495317 0.0272802767497975 0.0902645363100605 0.00248828206764478
-0.128166579158114 0.00848696716159723 0.113888042466984 -0.0823590486173967
-0.147228101010566 0.0384088251246 0.1692846079911 -0.0353338281531595
-0.115699624455806 0.106033049169612 0.173385580659269 -0.0442223253710204
-0.0541012252118923 0.130761579944903 0.135695807317904 -0.0576937221149604
0.0124592454302045 0.109080840066296 0.082172859694039 -0.0453395399810889
0.0361435996983036 0.0824789115886513 0.0707827480769488 -0.0211003184912593
0.0566901104630465 0.0694808103460101 0.0573184155572898 -0.0054249832515832
0.0555246594417943 0.0495014820170235 0.0475424159411513 0.0240183470081095
0.0538996529792534 0.0552509585347431 0.0378881197732472 0.0616238218361671
0.0313380858161904 0.0791570681187659 0.0173257530897268 0.0933542377300228
0.01005547565885 0.0876094674022079 -0.0352448073590157 0.112851336154432
-0.0381862548448771 0.106795200053631 -0.0823744940128589 0.0660610904688661
-0.0852708394119197 0.0957158855236418 -0.076520450561684 -0.00372125860017821
-0.134021261910151 0.0341841131403102 0.00241159315782937 -0.0326913456871595
-0.142099429335386 -0.0117620263453087 0.127323704989825 0.00347635801684055
-0.0684341779999897 -0.0231548466766648 0.126711675096599 -0.0831418499632757
-0.0953603946383618 0.00868402263827213 0.16327055494798 -0.0469813685027575
-0.0750154638691722 0.0611082555190359 0.151470736036865 -0.0300413271027615
-0.0340927880896259 0.0746322208283992 0.124402968128798 -0.0317812415156072
0.00289449684492706 0.0619448952772277 0.0903603472325941 -0.0162161895226219
0.0139513282255096 0.049679776835452 0.0869358597041546 0.00210386950683808
0.0261724144150593 0.0480916072121507 0.0753387076887519 0.0132893570914023
0.0295735874424572 0.0367707406840167 0.0603135669432479 0.0418182568220029
0.0281735507416106 0.0402755900320619 0.0466556187790361 0.0831916176692998
0.0132139873187844 0.0550493321428264 0.0172183568700726 0.113778978136049
0.000203145441862217 0.0604474674055857 -0.0413824079238846 0.125604211273889
-0.0372015037011146 0.0729439424486482 -0.0810914154970054 0.0724000519297152
-0.0763118202101919 0.0593453729606817 -0.0650337472601217 0.00864503413142671
-0.106990608649001 0.000454843509943537 0.0166248193779136 -0.0180875271798144
-0.0938183005291023 -0.0450919052882865 0.151641424562 0.015597164882736
0.0309215047423926 0.0438480932333904 -0.173143136876947 -0.021865103590144
0.0558874805806693 0.00675912338958108 -0.0500905337095257 0.0181646594366552
0.0483402705637914 -0.0271992977815499 0.0589579415224104 -0.0123870602561377
0.00994094715857516 -0.0335153121502931 0.0912237066808968 -0.07068573931616
0.00316740672175924 -0.012903548027829 0.058481807623248 -0.13914019486084
0.00795561123484117 -0.0149589728099237 -0.0162122074418484 -0.145498261692815
0.00391028239683081 -0.0267599085722562 -0.0586948069793652 -0.106170157201547
0.00171089322287547 -0.0220792908027638 -0.0722080405989487 -0.0639263937374386
0.0114542661045697 -0.0242802032697038 -0.0856462786402202 -0.0287194722255995
0.0249719063149945 -0.0140171855510822 -0.0985237399059882 -0.0137799465484991
0.0248552991319403 -0.00383242824838709 -0.100803062232871 0.000214059707630724
0.0240456549832984 -0.0026811041573254 -0.114511070236296 0.00613484184975419
0.0427323542351266 0.0012850153315487 -0.13034660681146 0.00282257937134561
0.0385812179436061 0.0344953206657186 -0.123705904967788 0.039052674610943
0.0149618280150027 0.0566422508841121 -0.106081150196524 0.0850904245565117
-0.0388146267660605 0.0570642637485115 -0.147892167320547 -0.0401498779477159
-0.00514938090613548 0.0244602056635722 -0.0256076447787182 0.00502285643217688
0.00121835088498166 0.00662570301987476 0.0802851120797874 -0.0304597062968061
-0.0201079999795301 0.00847101302011424 0.102186567100475 -0.0845112712997152
-0.00523916305515052 0.0297102836399975 0.0618069912978025 -0.146427696552913
0.0166637312918234 0.0255231677608626 -0.00988975610200054 -0.149708071213577
0.0294416195311652 0.00736554345674624 -0.0535841921177142 -0.110355930926856
0.0313841494840948 0.000411599362616218 -0.0650295509938469 -0.0658179967388049
0.0467990811507616 -0.000598096298340352 -0.0771891650035103 -0.0265277505627862
0.0528418798289665 0.0215295808051035 -0.0888760205206696 -0.00639531137975973
0.0446736069405008 0.0403085228183897 -0.0967117513534966 0.011205419142909
0.0207692216459356 0.0588330934205584 -0.113581177833762 0.0104124786580842
0.0107043188416656 0.0584772016567064 -0.124700376834225 -0.0026367925132294
-0.0179976416586928 0.0677839578451041 -0.104062958574249 0.0315535732169625
-0.053017177766737 0.0779002596795429 -0.0844648694809916 0.0770626539337064
-0.103354929127154 0.0618173605010203 -0.102791293353782 -0.0530104906972526
-0.0717983775483819 0.0407103710170771 0.0151416210448462 0.0025415284808473
-0.0520450711889835 0.0477311043338483 0.116471792407868 -0.0420129899261415
-0.0483399877763104 0.0602245805754376 0.121175145666971 -0.097220163848672
-0.00794804261581426 0.074176490834701 0.0646608188024948 -0.148656893227637
0.0272351701578732 0.0641961780889781 -0.00155035862441017 -0.142760120802088
0.0522058735304039 0.0406340669880739 -0.0413243152733384 -0.102898977222022
0.0568059657803745 0.0230552603837524 -0.0480536491094078 -0.0583785904883685
0.0738490759754882 0.0211987875320957 -0.0569389944536292 -0.017742388456807
0.0745645023326214 0.0498959791790662 -0.0680375531721539 0.00732611358113536
0.0614722556135811 0.0726921328835467 -0.0840005619194266 0.0309002789367729
0.0239333374203724 0.105738732218618 -0.111210755920804 0.023922772150948
-0.0109456767391589 0.106861550660218 -0.120926004922769 -0.00522623013554749
-0.0636109698053297 0.0950361059261998 -0.0842986475905781 0.0148023087159553
-0.110769319112168 0.0894432247751712 -0.0477186358248549 0.0583259772041168
-0.152419708145109 0.0596380721793737 -0.0434742394641139 -0.0611639677314386
-0.132559272561543 0.0544206672891912 0.0645752375113545 0.00271029196185627
-0.101604941734785 0.0914391313886598 0.154445836648212 -0.0469173905685368
-0.0678455460471225 0.114390139424452 0.140428386190243 -0.104356740039636
-0.00282438609408809 0.114993729526271 0.0682527502554311 -0.14131233785596
0.0380989807563996 0.0948671859969747 0.0104253130070249 -0.12312778223672
0.0708729594912099 0.0673399562535373 -0.0214141426725219 -0.0848208506692129
0.0737870414888161 0.0410968392838387 -0.0242952504935811 -0.0431882361490799
0.0885762513309901 0.0387132839897598 -0.0302205683679082 -0.0041468947323527
0.0819120780297585 0.0715861046971627 -0.0396174702967678 0.025102513811917
0.0658806217521021 0.0937916281087391 -0.0655677801443075 0.0537040038883633
0.0208620395945501 0.133746749761944 -0.10389984143727 0.0391973325257375
-0.0297371289454944 0.136173310120562 -0.115773448485031 -0.00556574068809597
-0.0996027109688262 0.106831289922685 -0.0647997572483126 -0.00590727360595571
-0.151562547413869 0.0858699289740746 -0.00267634215150103 0.0349683427822676
-0.175333260467039 0.0507473027045354 0.0204188377018975 -0.0689164181976113
-0.170911123826895 0.0618400298489539 0.115197087599495 -0.00347830145552192
-0.133498014215836 0.122111465166249 0.181830333455506 -0.0492172103661502
-0.0756579897385332 0.154049499606844 0.151750922466277 -0.0992928636880884
0.00680896334650767 0.140442724271651 0.0719747517455957 -0.118006271689491
0.0474535282714379 0.110641272600042 0.0283217425785162 -0.0923065401298099
0.0803778664729158 0.0810334678984359 0.00380817231859282 -0.0585879372994474
0.0800196277690297 0.0524982155274272 0.00234446443154774 -0.0223129279566413
0.0885676907772119 0.0518337637823139 -0.00221592103656039 0.0148791008590951
0.0738585728243123 0.0851946073252701 -0.0116630521320639 0.0459886762031605
0.0542845495808991 0.105184851860106 -0.0474720736973874 0.0761208698161667
0.00508784000941373 0.143022093907487 -0.0956641650589105 0.0525666557427995
-0.0526531134843144 0.143981750001852 -0.106918663457094 -0.0068097275547737
-0.125733173772977 0.098755255743227 -0.0443408232905276 -0.0254906670687128
-0.171873570109264 0.0633013688666009 0.0443713022790537 0.0139215233404134
-0.166864134630656 0.0338723061303743 0.078146710542191 -0.075750386969174
-0.17697379031074 0.0579141562916662 0.15407670029844 -0.0177363783682155
-0.139857496641491 0.128612932621505 0.189210690039634 -0.0489104989525794
-0.07123747363947 0.161799903336604 0.150164151229771 -0.0826899823966804
0.0125775695287287 0.139067429159793 0.0772363364523631 -0.0825529102179906
0.0478722275316279 0.106231579468249 0.0504710887092408 -0.0552413199526941
0.076034904167912 0.0812187698864347 0.0318035875342772 -0.0298023532910157
0.0732279695793042 0.0556593846811395 0.0281887835494491 0.00196797099417342
0.0760349006631592 0.0584836009809601 0.0222042076905369 0.0386357732556814
0.0549379035480908 0.089840304724668 0.00888341338347693 0.0697635329764858
0.0317820312112714 0.103638166277655 -0.0364350977731866 0.0974344631265102
-0.0199488481618468 0.133949826635361 -0.0879322772574454 0.062363529761687
-0.0754461629602231 0.127553184315753 -0.0933490586680252 -0.0058955638139678
-0.140230267946843 0.0711841229449921 -0.0210130263761446 -0.0359944915259686
-0.169619381981539 0.0276157565274509 0.0896581279324778 0.00281977246555342
-0.128862096032594 0.00913680708360257 0.116778925729576 -0.0816549933724484
-0.148412389324673 0.0391697300393365 0.171236784427829 -0.0351459725423858
-0.118007922544741 0.10647162809415 0.176153516199779 -0.043062468311642
-0.0549318285751675 0.13249329309022 0.138296239399571 -0.0576315372158873
0.0124985962804169 0.110103695544271 0.0836476362718313 -0.0441939867459073
0.035733823294522 0.0839384250948017 0.0723810345527088 -0.0209093464026905
0.0575224111789651 0.0695367246383544 0.0576384824135921 -0.00408469365397937
0.0557602412449065 0.0502730397926945 0.0485562093243062 0.024756923664541
0.0535709704623865 0.055104507540319 0.0382161581757248 0.0635272535447936
0.0320811096428453 0.0800983561805185 0.0181099642562052 0.0948254293659375
0.00970409360563722 0.0885039087869208 -0.0359277948981472 0.115755367731703
-0.037869566525407 0.108256871157972 -0.0841067488229822 0.0687829572894547
-0.0868754707180375 0.0956367507740091 -0.0781171219012765 -0.0013501387713415
-0.134707633566574 0.0342095090757512 0.00125108212013176 -0.0321729689410322
-0.142743126059491 -0.012118558091292 0.127174464086224 0.00401265411332934
-0.0690775162766942 -0.0222522758953681 0.129988661060453 -0.0821933166240569
-0.0962827719023358 0.00919193707302648 0.166310705039477 -0.0464465210021052
-0.0753527315587054 0.0607375031798187 0.153959876581008 -0.0292606995522385
-0.0347462947443682 0.0760960934542516 0.125884335369975 -0.0329604131730867
0.00341286496428399 0.061973095859351 0.0916135050143717 -0.0152536913529795
0.0130994415257997 0.0497523400590933 0.0879195626102147 0.00195005889380582
0.0263515487819055 0.0480241678773152 0.0756774106432529 0.0144646356778332
0.0291419883465675 0.0371507022545519 0.0608905398816618 0.043448933332972
0.027417778243049 0.0400729213883067 0.0463941931624021 0.085847973141553
0.013629175882298 0.054844043636125 0.0165556647359158 0.115320307117656
-0.000190890989212498 0.059981030959029 -0.0418101214901846 0.128495638765676
-0.0369177812058648 0.0734903434532466 -0.0823494547447833 0.074639123921959
-0.0765712607401259 0.0591567372905877 -0.0665352549053665 0.0103216153467534
-0.106623463378829 0.00108354071877672 0.0159223033725884 -0.017706851429376
-0.0946357238985584 -0.044016326586971 0.151858924791038 0.0160078240219452
0.0305720754489305 0.0438702760835498 -0.176642807374312 -0.0233334589023892
0.0569772610659184 0.00763371481019805 -0.0509415670898148 0.0182490037282793
0.0492881818819487 -0.0265020147322415 0.0627243926544573 -0.0129035760623059
0.00994677282697568 -0.0328372014956804 0.0968235903193844 -0.073162643776257
0.00462151049944878 -0.012618954965861 0.0617562197205669 -0.143742268190969
0.00882642618121016 -0.0147181171392624 -0.0151623566955935 -0.150268553597604
0.00420081795942218 -0.026598376153006 -0.0591918085133007 -0.111374009749873
0.00218694843944022 -0.0221722891838394 -0.073929429345296 -0.0686410501042653
0.0124119003586246 -0.0239609748276555 -0.0874987461086197 -0.0310841073188293
0.0254870610271723 -0.014026853111457 -0.101659514206874 -0.0152417862245061
0.0253253440261423 -0.00374701628930239 -0.10411049709928 -0.000469911570465759
0.0244197789991369 -0.00160303045966536 -0.118057018550652 0.00509693279343468
0.0434205273553568 0.00182187132399487 -0.13633989134095 0.00164906356717267
0.0386009063906824 0.0348667882834073 -0.129508664684285 0.0374452946140604
0.0146878070105966 0.0570145655762491 -0.112594835549517 0.0850837119706938
-0.0410715289770382 0.056325293875944 -0.151144594384904 -0.0430117828511994
-0.0063312185787116 0.0245002910242989 -0.026320412868566 0.00484012377968715
-0.000702496196676729 0.00773300535043022 0.0853743096402669 -0.0305567535031867
-0.0217325089461929 0.0102118345326963 0.107959867264909 -0.0865683085904488
-0.00527608851476042 0.0316996091815044 0.0664826765885564 -0.150523341784688
0.017448442592443 0.0280238468039206 -0.00811075524752311 -0.154661604606893
0.0297102621218839 0.00873336276482905 -0.0534428413325091 -0.114139126306835
0.0322772294716284 0.00183069926871014 -0.0659674103391467 -0.0699933086594453
0.0481556171540564 0.00102832246140039 -0.0784666839077677 -0.0284062882827931
0.054754322302963 0.0232321863939664 -0.0916770788837043 -0.00742802191169328
0.0453823005153806 0.0421570710039779 -0.0996590217222134 0.010848685225089
0.0208602395376312 0.0616984543174918 -0.11743186373093 0.0104672785328266
0.00967529766778789 0.0605269181332276 -0.131005729272349 -0.00364076567229294
-0.0198534251713254 0.0685879209833867 -0.109900880908321 0.0302864791603159
-0.0552944791133642 0.0782374528209012 -0.0900557671963555 0.0765237687385262
-0.106948934749416 0.0609628736056623 -0.104415117890005 -0.0550511345571039
-0.0753113131044812 0.0403153544344339 0.0150386925206799 0.0030286797780263
-0.0559526650675178 0.0488067001293982 0.12206150651196 -0.0416776687742129
-0.0513020306836927 0.0634383402007438 0.127756905963097 -0.0995786984579344
-0.00917746253955862 0.0782515274415581 0.0691504472969124 -0.152982216753246
0.0274239524604669 0.0682173812804962 0.00069882353883192 -0.146616832742026
0.0531079501159006 0.0438058815548964 -0.0404154556826932 -0.105944197367387
0.0584347106250714 0.0248454830139353 -0.0487118707825845 -0.0620522494184269
0.0758511509766683 0.0231423797800107 -0.0581118194549682 -0.0191372138541045
0.0764817373829465 0.0527169050087774 -0.0694456554245938 0.00783254206102473
0.0624741921536113 0.0762674114820117 -0.0864192083250913 0.0318264742200038
0.0231235925702405 0.110077906646648 -0.114674965628406 0.0248582877829812
-0.0134032769629691 0.10963578610555 -0.126761473942705 -0.00500212977706847
-0.0672901553755614 0.0968937101974428 -0.0894356277137649 0.0146307083594271
-0.115303051329461 0.0895606804873415 -0.0518653816220734 0.0586690987198392
-0.156673379187845 0.0587978450473152 -0.0432500163805098 -0.0634455937884949
-0.137776050424394 0.0544994789107248 0.0669844551882927 0.00401713226157769
-0.107129537916506 0.0928979024622162 0.161492203957244 -0.0457045091698998
-0.0726882608603331 0.119317025931621 0.148054684847238 -0.106316821603385
-0.004148100363001 0.120298967002456 0.0730667073219801 -0.143780937844315
0.038991549752271 0.0995714786939125 0.0128883178155835 -0.126372429813945
0.0717103611309557 0.0696483664512438 -0.0208880971446936 -0.0853836873231783
0.0757321575861879 0.0442523185937699 -0.0238937192987349 -0.0457625357900934
0.0902946227480367 0.0418038253463965 -0.0302184794224701 -0.0040509125374156
0.0839103814280209 0.0748532782816046 -0.0406666274945745 0.0264617206111605
0.0664829363414065 0.0978434318193236 -0.0669515089603112 0.0563368148932763
0.0203204253751145 0.139944663483413 -0.107772110269217 0.0409520554310416
-0.0332347699242297 0.140433144289173 -0.120596942423109 -0.00527818293556147
-0.104111482590834 0.109597451313646 -0.0689434327964881 -0.00709097110534629
-0.156686212059541 0.0852373318364712 -0.00536498753503418 0.035388709526337
-0.180485022551719 0.0497004908053289 0.0231790314157782 -0.0697335189239197
-0.177510045872214 0.0624954798027226 0.118656417722507 -0.00158742819626191
-0.140938398687452 0.124292234852633 0.189309726937741 -0.0479079327345268
-0.0810379907777003 0.159950547267219 0.159285286575114 -0.101237537568122
0.00495949190574697 0.145884281870416 0.0768033489701785 -0.119723591236185
0.0478446277045782 0.115702401927148 0.0312697913398686 -0.0942655358793429
0.0813375007950866 0.0844181518539361 0.00563821330948396 -0.0584485733450648
0.0818469897755326 0.0558750854138283 0.00368998198076424 -0.0229672219025752
0.0900611916772859 0.055215851568233 -0.00138060552384642 0.0160193001581914
0.0760798494449147 0.0891155357890738 -0.0125364766612188 0.0480564902591772
0.0544454855321026 0.109548308474851 -0.0486994755610197 0.0798078994488192
0.00331182993282036 0.148912465762351 -0.0987649321389502 0.0557149987493891
-0.0567913965861515 0.147295217071247 -0.111824224198133 -0.00588158216143475
-0.13093294435588 0.100136354834798 -0.0465802015377792 -0.0268236884118481
-0.178376947293181 0.063105800154528 0.0441076284042218 0.014658201700135
-0.171874602392132 0.0328865616492779 0.0822594640672674 -0.0766735227016698
-0.183146217311094 0.0578095948512152 0.159311098192024 -0.0157869136162466
-0.147352648204827 0.131176604765659 0.196176366105741 -0.0472402932033732
-0.0754196875106067 0.167041901548071 0.15702343704833 -0.0840959473766288
0.0113699414983716 0.143706551396659 0.0820174405050382 -0.0831775612856398
0.0478268780663436 0.110669303448001 0.0532251119024556 -0.0560999297610278
0.0774508476342289 0.0846143255312822 0.033406493106114 -0.0281511971342038
0.0751652877810118 0.0590855730387725 0.0296072484993506 0.00286727736341836
0.0764044062189378 0.0613386829245752 0.0226008645709796 0.040749432182519
0.0562675005800191 0.0932767655491765 0.00837511444838925 0.072718497425724
0.031207775669992 0.107816135588657 -0.0378599748031033 0.101773616709702
-0.0220729895188952 0.138381614035776 -0.0918289205546595 0.0659728356032204
-0.0796596852946195 0.130412985982601 -0.0973867114074259 -0.0053148943323566
-0.14439592904661 0.0719485916449499 -0.0224164776335738 -0.0370214130024901
-0.175530569451922 0.026693252307606 0.0906946786161 0.00337221923604567
-0.132416030797522 0.00843733022456276 0.122960098986852 -0.0814259430413364
-0.153417021435004 0.0399926077804797 0.178205629451484 -0.033374810354192
-0.123076512188587 0.108457334516159 0.183477848505984 -0.0411953674789698
-0.0578962619382854 0.137027341350126 0.144720365079027 -0.0583249793734678
0.0120752164455795 0.113277552303036 0.0875382358863215 -0.0439043231110991
0.0361673431801071 0.0872609648498109 0.0754291328413426 -0.0203437778822973
0.0584410955707115 0.0715678831551342 0.059825198484701 -0.00186413360670993
0.0564181754430831 0.0525418283163815 0.0503651395267035 0.0275418335491732
0.0536589400912127 0.0576560352763422 0.0388961200522006 0.067171943607645
0.032819690174357 0.0824966384945943 0.0171912886518574 0.0982545141871309
0.00873246032941994 0.0910864163693794 -0.0376045606590368 0.120345055103326
-0.0405668999422026 0.11111681104837 -0.0878073609445463 0.072274769620018
-0.090735421337041 0.0972598239092304 -0.0814370572844422 4.82829382597677E-05
-0.138803213059352 0.0338993878962087 0.000680423460751548 -0.0331083539727166
-0.147186905408434 -0.0137654757679571 0.129926168587492 0.00535215752829528
-0.0706400374864067 -0.0232356560492994 0.136314029077207 -0.0815425474216625
-0.0987201286427027 0.0093124498300246 0.172303118263471 -0.0462471829716684
-0.0787132637699816 0.0616546359346437 0.160493288093903 -0.0280487667903378
-0.0364978531228846 0.0784296021854679 0.131602660040756 -0.0328357995311221
0.00306586518742496 0.0632166011886091 0.0954034504599945 -0.0141649880080559
0.0127854719079976 0.0514676150530625 0.0911763400468776 0.00303111169357182
0.0271968595825916 0.0493761055530622 0.0776709119748726 0.0168512277149295
0.0294307651976094 0.0383958303166063 0.06226505350342 0.0469715790682795
0.0274628802735616 0.0412918863102962 0.0467141209208761 0.090310309923707
0.0138325137290672 0.056373796896526 0.0153142445659962 0.119565736737387
-0.000801002020378515 0.0614276985547383 -0.044234279822976 0.13279403547106
-0.038240391725237 0.0753534139671995 -0.086449389187823 0.077832750130034
-0.0794947834121197 0.0591843531987205 -0.0693750781262829 0.0109472417597372
-0.108634569538487 2.57295552843562E-05 0.0158176763108693 -0.0179461446657592
-0.0967646900155636 -0.0459583397700476 0.155256059766077 0.0177149675221999
0.0314281461006798 0.0446131454088743 -0.185859516544715 -0.0246754213460502
0.0591915557138248 0.00769287092951873 -0.0534232856555356 0.0196810919325143
0.0510862348344144 -0.0273452895400419 0.0685731347060018 -0.0139051784170735
0.0112281723158724 -0.0335255412560563 0.103017859518478 -0.0793549370936462
0.0056681621138139 -0.0122740540144336 0.0660290386578838 -0.153096639060301
0.0100246920845254 -0.0148784689347473 -0.0161788470028983 -0.159603829871519
0.00359016308226139 -0.0267959274018029 -0.0623839757109252 -0.118308711898174
0.00263262807762971 -0.0227141913710997 -0.0786019611164096 -0.0745711430361857
0.0135625450584802 -0.0248685054169207 -0.0923113229652263 -0.0337751446601661
0.027090554929658 -0.0146779952743102 -0.10781767800769 -0.0159721125381618
0.027293022297969 -0.00406162487524872 -0.110482248068267 -0.00115311014407002
0.0262400881474505 -0.00104776313067057 -0.125710384043319 0.00470909786328319
0.0451869357922167 0.00198965484613399 -0.146548034755824 0.00216516056016014
0.0403899859101881 0.0359961586993128 -0.138479984210608 0.0385231681106967
0.0155693689982683 0.0586210658644634 -0.121328618840201 0.0879051056817287
-0.0438077834941318 0.057896456769893 -0.158155906420539 -0.0449910879834692
-0.00792404966257542 0.0254894383483448 -0.0276290041790597 0.00624090664827459
-0.0020787212442539 0.009013555663377 0.0916408063905736 -0.032593870824862
-0.0236460658599764 0.0131760001920142 0.116175156947495 -0.0930258404374489
-0.00498043866146728 0.0350642575835869 0.0705610144024037 -0.159721359984854
0.019319016865279 0.0301195703043743 -0.00804373230632841 -0.163622695406445
0.0314027021508129 0.0105744883281151 -0.0552659581661895 -0.12166437656026
0.0346388283817523 0.00303592058806626 -0.0696753885581231 -0.0757731801387663
0.0507622545399677 0.00158501494318152 -0.0825216230995783 -0.0308304070759394
0.0576989056381438 0.0245652561052535 -0.0967898694085408 -0.00703649921681571
0.0482164098886635 0.0447665954177372 -0.105490534177042 0.0114652366878186
0.0222721422666744 0.0662082995814772 -0.124830350691774 0.0119072060648599
0.00940112460347363 0.0644297914685196 -0.140448816867183 -0.00300948345456048
-0.0219414592337467 0.0718373508330213 -0.118056629901133 0.0311922218798065
-0.0591454478736808 0.080908382898523 -0.0968546445271768 0.0797553135686441
-0.11320382994217 0.0626566017438743 -0.109244475789478 -0.0578997421237348
-0.0812300666989916 0.0414467599446074 0.0165848233040111 0.00457090030258839
-0.0614356101744162 0.0517356763845848 0.130727047509671 -0.0434965952738874
-0.056207769598579 0.069503636812773 0.136831932253942 -0.106189814839547
-0.00962339253701598 0.0844603387404995 0.0746732941164433 -0.161197054001718
0.029881608968336 0.0736623269684419 0.00157554707408755 -0.155045996176498
0.0562153153017171 0.0465911905740109 -0.0414277502723446 -0.110877533538964
0.0623217026435338 0.0275187779854844 -0.0511688920640328 -0.0676042902569343
0.0799118284056824 0.0257367835114662 -0.0606963819621319 -0.0205397650155491
0.0811413749742084 0.0560404917777089 -0.0735647206175705 0.00890009204436175
0.0658741557495959 0.0810788567190446 -0.0907292292757121 0.0350392180864097
0.0248860771958903 0.117619443207988 -0.121509093109437 0.0275034076344615
-0.0152617224719317 0.116773986146665 -0.135806035521814 -0.00399641340590753
-0.0717088086321687 0.102428739123308 -0.0961688918280693 0.0136192900913323
-0.122141703471826 0.0932842776560257 -0.0568348317455099 0.0611680679532435
-0.165645727841474 0.0603561076310984 -0.0447882695689081 -0.0662118814572033
-0.146177828972516 0.056691451455436 0.0708783045316097 0.00519836271991704
-0.115257429393925 0.0979293233779482 0.172017951426046 -0.0471295817217377
-0.0775588781111867 0.128511202113901 0.158038603850556 -0.112817085431137
-0.00480519927152654 0.128599756916327 0.0784698240520018 -0.151443878495382
0.0416287483984866 0.10707087340048 0.0149494770296918 -0.133489360627806
0.075620390219357 0.0747786744981868 -0.0200162073358106 -0.0892251520850972
0.0803764328614738 0.0477519483799685 -0.025196245892161 -0.049120176271251
0.0955184162738918 0.0451819847955345 -0.0312779803043244 -0.00433712984631513
0.0894267168658406 0.0799805546406598 -0.0425879757544266 0.0286941105418767
0.0700108628054901 0.104702509589658 -0.0702312151109175 0.0603914481709543
0.0214058078630544 0.148536814127424 -0.113680161150292 0.0457775003916736
-0.0364215231420797 0.148854213683041 -0.129640603634879 -0.00362749610020522
-0.110727728017806 0.115646953105873 -0.0748693190495411 -0.00849031141160289
-0.166300405503091 0.0890297202129673 -0.00763250290292917 0.0369762099699818
-0.190065263237639 0.0514586685992226 0.0252086378693058 -0.0731519921322206
-0.188496348495844 0.0656239255700546 0.125731330327228 -0.000620769616382878
-0.151198214386968 0.131758869080105 0.201546606941194 -0.0497449512864341
-0.086233833098941 0.170725885380675 0.169998653108278 -0.107225232695352
0.00438191542492132 0.155311873546026 0.08254426793981 -0.125380994433899
0.0510306340745184 0.123534535243374 0.033783787058705 -0.099319984991666
0.0859854065111382 0.0895588955740876 0.00691078765756144 -0.0593443715827561
0.0868840224493361 0.059697320585455 0.00422581692460787 -0.0248746367202194
0.0946764500483883 0.0598317312680898 -0.000795038115519064 0.0174633951565742
0.0812649891404661 0.0953892470064289 -0.0126698272642989 0.0510750525207528
0.0572532284762033 0.116488004038297 -0.0505123731074759 0.0860450298794156
0.00373219234043619 0.158619314095383 -0.104654256350571 0.0613726933702389
-0.0611821506981561 0.156410052605717 -0.119080163275487 -0.00450846716340475
-0.138650296275733 0.105893995401398 -0.0513205478514821 -0.0282688979486524
-0.18891111198912 0.065742925098345 0.0447627411467068 0.0149850192836663
-0.181296441439 0.0342814544466279 0.0888725042905119 -0.0797470888109861
-0.193974179773596 0.0610685364913381 0.168388123790685 -0.015837143342601
-0.157000636513065 0.138215054060411 0.208702285708716 -0.0486449816724635
-0.0800000548440502 0.178295573043616 0.167468029854706 -0.0892546260871801
0.0116722470923691 0.15321021316131 0.087679834998943 -0.0870667509606302
0.0503500034492639 0.118775933290807 0.0575291392708047 -0.0589044631204812
0.0818928330752461 0.0889530642886492 0.0369387552335693 -0.0275189146814509
0.0793608248485823 0.0624508310715576 0.0320395391962621 0.00264280527593572
0.0801914973480407 0.0663192502330792 0.0243358680939651 0.0446113276966602
0.0600400638927606 0.0992142531708227 0.00872817008068275 0.0778187283732961
0.0324354318462925 0.114742273388078 -0.0390058844802981 0.109761334138666
-0.0233382351845352 0.147083075511964 -0.0964604204251715 0.072122829463826
-0.0855445834727951 0.138247710627765 -0.104153156651319 -0.00379932154739597
-0.153268133528821 0.0760487645353353 -0.0253235329782352 -0.0387113755148187
-0.185547513660196 0.0277853847396877 0.0946791205605462 0.00330728502731783
-0.139709470942148 0.00857586817956324 0.131018493135907 -0.0850242416132021
-0.162105024394795 0.0427180973782693 0.189227926727237 -0.0346281622804635
-0.130539472680042 0.115050112811644 0.195330152377919 -0.0432139562009106
-0.0606431482205813 0.145468100169196 0.153554749657915 -0.0629674098062602
0.0122134978335464 0.11990842999163 0.0935878655098202 -0.0456688487014355
0.0377142776655715 0.0935618792471768 0.0801472960788357 -0.0214886848728943
0.0618872303198883 0.0749701408387893 0.0636870128700305 3.67643894101388E-05
0.0600849686793281 0.055894706019156 0.0534973410113488 0.0298958275840518
0.0560356268175316 0.0611099513293555 0.0414551296399444 0.0725919337916629
0.0351518036332477 0.0879791190823422 0.0175425277901467 0.104551341361592
0.00863674230570613 0.097042019679207 -0.0388288302760864 0.129557418758004
-0.0426376703587278 0.11866726968372 -0.092378344544044 0.079203073746895
-0.0964714039391921 0.102605887172692 -0.087439194501041 0.00112701559117889
-0.145862679640071 0.0353205552515455 -0.000704526571616146 -0.0350460670341557
-0.155899090114968 -0.0141685874907319 0.136101427529681 0.00606988899654198
-0.0752600698603172 -0.0242187486979326 0.145892929812727 -0.0851879207270898
-0.103223273229785 0.0104888568455485 0.183909115023954 -0.0478483475257875
-0.0832855767097892 0.0652209002975263 0.171245584225576 -0.0295008882278479
-0.038054811506826 0.083303542682012 0.139614150309202 -0.0354529100171494
0.00332667405808154 0.0659686554933191 0.101555626420107 -0.0149748277010933
0.0131959770279804 0.0546017645493065 0.0969624321857088 0.00334510807392036
0.0291550884867726 0.0510694249050017 0.0813264313426014 0.019021462671332
0.0312022089794109 0.0408709451296382 0.0659876929684453 0.0509610755304178
0.0283095060560081 0.0435822557683277 0.0491809549789332 0.0969941038196058
0.0146599390852606 0.0596841485576341 0.0149561377379327 0.12678260307539
-0.00136507278589214 0.0643574845211601 -0.0475809897687777 0.141966028621241
-0.0403417054063884 0.0801872193559266 -0.0925614889439891 0.0837397939289341
-0.0835991922511068 0.0625775213187025 -0.0746612872155115 0.0127330080686362
-0.113923082051268 6.89852652614687E-05 0.0161522775717717 -0.0189980726840177
-0.10228702651737 -0.0474251269998043 0.163030365438732 0.0189752226389105
0.0355612535943003 0.0430345908488913 -0.201405071443441 -0.0114476000135277
0.0616307340386947 0.00214305112074605 -0.0552391332328271 0.0296542321866219
0.0505913785368916 -0.0353422485273292 0.074494233403452 -0.0167913264150106
0.00834960738436166 -0.0371434644662958 0.10656191075423 -0.0928841552220044
0.0045505067931378 -0.0159725551236488 0.0579124568983342 -0.169639154240849
0.00715109876472399 -0.0177829254548116 -0.0288857176576302 -0.167383604652488
-2.32163741261133E-05 -0.0286367780586653 -0.0755517349868654 -0.120143659367367
0.000615215108296262 -0.0229749039209343 -0.0906659867603469 -0.0734856145567839
0.0117036818620662 -0.0269618454108413 -0.103351941403092 -0.0295756289768705
0.0275281952005919 -0.0192715788059045 -0.120200237018243 -0.00733339021999317
0.0284183072016395 -0.00869555205783314 -0.121078277696703 0.00891942067867571
0.0286883257995649 -0.00548254781539018 -0.138446140431152 0.0162177722829974
0.0482222650787314 -0.00489090219607464 -0.163692197965383 0.0153220199652699
0.0464949855356398 0.0310300052853867 -0.150677150625022 0.0496474871703736
0.0203319311894159 0.0591850414615408 -0.125949014280172 0.0984188495640577
-0.0409986381354975 0.0659276073523444 -0.173723672951616 -0.0404662331304719
-0.00638502106450272 0.0278818991370001 -0.0298263749827934 0.00883630739815902
-0.00221016625072194 0.00842219134890884 0.0948181875452122 -0.0428221332825558
-0.0222709105046636 0.0160731034754575 0.116227343096481 -0.111200985293468
-0.00178043629118613 0.0354516613861492 0.0598950795115518 -0.176908283056801
0.0214703878946695 0.0293984354885338 -0.0221254670718351 -0.171049099482269
0.0332916039142153 0.00800684519568082 -0.0707017678888622 -0.123078203191174
0.0361673649887322 0.00124697831995301 -0.0816924306287253 -0.0753430388467424
0.0539372878072934 -0.00340789015746236 -0.0920410935644333 -0.026631357522098
0.0648822828447713 0.0192802384787892 -0.107650461936938 0.000768567385301574
0.0555320974328187 0.040848457847275 -0.11537983146997 0.0220652398985547
0.0322567533887439 0.0660965994952384 -0.138136947794409 0.0220373373669714
0.0164371074135791 0.0651285301664539 -0.156241202838728 0.00738138036910701
-0.0171834616060712 0.0771304196922624 -0.124833296269973 0.0399476604329987
-0.0588467591293961 0.0905575491590342 -0.0958020508722246 0.0897277288193537
-0.111862999847462 0.078803731791861 -0.122318229853969 -0.0627015715151389
-0.080697354812815 0.051714533354499 0.0156234893338303 -0.00078901683844514
-0.059577207094374 0.0602654280083713 0.13239271112784 -0.062252599119756
-0.0491879518928827 0.0790285495632357 0.133145526253581 -0.129921682240881
-0.00161126284145516 0.087841457129801 0.0608017293434699 -0.178135891751077
0.0368776355159324 0.0737019182196949 -0.0136797702999932 -0.163147136230585
0.0640372488035283 0.0428811837211857 -0.057761305960349 -0.112499943512719
0.0671718912625755 0.0249355425020364 -0.060552314800526 -0.0670716607198274
0.0869942766266118 0.0186519420902267 -0.0670864074229327 -0.0178706570447249
0.0927116884193852 0.0505597805161873 -0.081365326753238 0.016413745430188
0.0769762507961209 0.0775171092744786 -0.0979603476645642 0.046318734334354
0.040534915403737 0.121180355812876 -0.133966137385784 0.0387691294155594
-0.0042136322619705 0.123283104209611 -0.151533749942864 0.00343059584206809
-0.0686172222058331 0.114721478561765 -0.0993741721579999 0.0200865477416038
-0.126469277319716 0.110346467672626 -0.0499488931429658 0.0688783495954271
-0.165478086283077 0.0823064680523161 -0.053878420599777 -0.0796240734490815
-0.146899521219107 0.0745324058495406 0.0733042081792454 -0.00764769478266013
-0.110515404798416 0.115175260503883 0.172687861924948 -0.0754365254304421
-0.0642968081975884 0.143687800664116 0.150323222554312 -0.142131334371208
0.00781476355307409 0.133619921059047 0.0627588161008492 -0.167250338360111
0.0530213224054749 0.108374676565622 -0.000278570868684768 -0.140503799678897
0.0889084216884025 0.0705005067324709 -0.0363096267419787 -0.0909106484798359
0.088270804874501 0.0443298845387359 -0.0311849101338031 -0.0494594453961909
0.105523830909615 0.037827126045871 -0.0334347782441111 -0.00223339461355142
0.104438800294892 0.0747111885933086 -0.0473130709337262 0.0349980242780319
0.0843051042307996 0.102363418377353 -0.0734110500478868 0.0723045280966845
0.0398955889334071 0.154855484420581 -0.123871299565137 0.0574631030166384
-0.0229985462385159 0.160390938952338 -0.143667165076877 0.00160444887253125
-0.109355468723171 0.134218848553371 -0.0750551606782672 -0.00505931216633216
-0.175273874704532 0.110586879412763 0.0050727306973584 0.0416263778859328
-0.191981971311655 0.0752210672675111 0.0210587514825757 -0.092978573318816
-0.18891014125972 0.0875523437970887 0.130749721927784 -0.0212459665765291
-0.142596874145065 0.154443600556837 0.200429075809576 -0.0828024762847513
-0.0675700649233981 0.189287660932597 0.159307106308837 -0.139125770955122
0.0210022112860647 0.160510530875359 0.0667381305194906 -0.139762376555064
0.0650527233762915 0.124529852200665 0.0212547317412856 -0.105587051192934
0.101832919661737 0.0843928650192168 -0.00631254100750042 -0.0617244042144092
0.0967411176929524 0.0558383447551603 0.00238259792191411 -0.0253985184654041
0.106347290155986 0.0530187838391896 0.00134959464133177 0.0193744774607224
0.0970357347711232 0.0922396267770952 -0.0123019151769866 0.0572237437697852
0.0712806603274628 0.116838670880612 -0.0485226823742149 0.0988514549372903
0.021749634368645 0.166606154867402 -0.111924119592556 0.0730229167767045
-0.0492290051428374 0.171012731771497 -0.131163563694606 4.95230199500704E-05
-0.139629933561498 0.127191420377593 -0.0498949087317702 -0.0284396567663247
-0.201862742629717 0.0875253558447266 0.0606612951368492 0.0169180163044311
-0.184238726538891 0.0562485099224745 0.0887231830318218 -0.103166578403098
-0.194311266578188 0.0837982351362619 0.175445293397334 -0.0411709594999512
-0.147612428658537 0.162826716185032 0.208192616860867 -0.0841442465790261
-0.0594280511117194 0.195644033808173 0.156742211447427 -0.119485193782291
0.02845886795285 0.156932436001278 0.0757256857884911 -0.0977386406052372
0.065274083733156 0.119648985987098 0.0502953420003106 -0.0645398870446639
0.0980061195443729 0.0835650128251394 0.028521319485908 -0.0309646355208487
0.089332269307026 0.0590164244539504 0.0346624979124127 0.00186571491258898
0.0914494798141718 0.061177840851212 0.031449258264456 0.0464833715278901
0.0748027578517882 0.0985238936138167 0.0140650622852441 0.0839953025754148
0.0444907936452765 0.11701801635423 -0.0342226588974341 0.123147452911306
-0.00843571381206485 0.157235671339037 -0.101553627060069 0.0849467312780203
-0.0763843232913857 0.1546790559992 -0.112593648651658 -0.000527468281040763
-0.15710554582396 0.0959728956595676 -0.0219746481105735 -0.0397954397724245
-0.200964685100835 0.0475956086266625 0.112245148217808 0.0025170189687196
-0.143846783094284 0.0240049337473212 0.135257086941625 -0.107482858951545
-0.162457428909298 0.0611927877454185 0.196810889668055 -0.0606647956052862
-0.122667962448897 0.134271696081449 0.196212266458689 -0.0738515421987081
-0.0435930643278756 0.159113235951075 0.147459553217574 -0.0879770592167161
0.0260839126984235 0.121870655467909 0.0888722665247182 -0.0548326045597589
0.049221344638918 0.0938526953163284 0.0791840996117198 -0.0277987874079285
0.0755303963090138 0.0710572286260155 0.0610598408801825 -0.0039455402933576
0.0683866711513813 0.0536333878536648 0.0600665087858867 0.0290572661555575
0.0652882195212215 0.0588497027600389 0.0522750346605479 0.0765828719279135
0.0462170472324602 0.089179014163408 0.0258446421846602 0.112831244159503
0.0168328016458147 0.100382044900542 -0.03188417344815 0.14470379701509
-0.032473640669027 0.128618565529415 -0.0954705215632117 0.0923899932322792
-0.0913487959671233 0.117273327796292 -0.0929770228967956 0.00478182809057883
-0.153765916107267 0.0517704065691102 0.00438859235611345 -0.0350167288268038
-0.171404695323067 0.0011563850300607 0.155144311007481 0.00381353884396818
-0.0811498778919396 -0.0176811556304228 0.152878117870423 -0.104144799387798
-0.105430251786047 0.0196867020016111 0.19223901864794 -0.071109193411146
-0.0778776194183952 0.0771151200168924 0.175143730786079 -0.0525203090724301
-0.0270913834811954 0.0902635071586042 0.139832360603055 -0.0552562865314788
0.0112845350472466 0.0670225688703436 0.102726045879551 -0.0241728853895251
0.0196109878854166 0.0551500898301472 0.100935580077654 -0.00457897728673039
0.0378536617791946 0.0504175086534703 0.083959942097058 0.0132258115866441
0.0371119356288931 0.0396601837206983 0.0755919151574288 0.050623439969523
0.0338964112324279 0.0438607043881529 0.0622495120491 0.102300149252952
0.021499793518936 0.0608266799914962 0.0250666758716889 0.136970235032549
0.00383571257411164 0.0664751839127177 -0.040179946056224 0.159305330059782
-0.0340375418811519 0.0873140635915528 -0.0940312029885905 0.098557826509281
-0.0819593572704461 0.0734232665139632 -0.0784187415305081 0.0173632377093321
-0.121998744279481 0.0105633434344532 0.0207024877985335 -0.0184153181580735
-0.116247823315462 -0.0407048032311545 0.180892668323253 0.016190435366106
0.0379374254803018 0.0422380483082684 -0.210809287737683 -0.000701715199564094
0.0638022290523975 -0.00156792281022247 -0.054566815431434 0.0354163457503613
0.0502082371092143 -0.0398046676290575 0.0792458481613069 -0.0231630522844584
0.00732635670011796 -0.038859088737259 0.107373588440314 -0.10619121134017
0.00569341257438459 -0.0168141942541621 0.050576730106117 -0.182600381339216
0.00711742561842869 -0.0189088408033686 -0.0397886725278689 -0.174997912769248
-0.00218969079363326 -0.0287195733597337 -0.0863065288322581 -0.123121880085086
-0.000221254000596544 -0.0238262206316111 -0.101656884890776 -0.0733445500545723
0.0112101305815458 -0.0286312330876398 -0.11109607216395 -0.0251483830433693
0.0273482883182541 -0.0216606212427304 -0.126898482342091 -0.000170021782419651
0.0291261390141635 -0.0108680279357861 -0.127741790528077 0.0156857949608573
0.0304734415627338 -0.00651772062758389 -0.146490399864194 0.0253215231009467
0.0504029269614606 -0.00797521435488513 -0.173573037490886 0.0275885556121039
0.0498216206497631 0.0299659909746564 -0.157346027685004 0.0606053367039537
0.0244001517953052 0.0594483367120107 -0.130049040657653 0.10987365916337
-0.0406398542302125 0.0707142327221614 -0.183474050335984 -0.032793310064616
-0.00683029874104378 0.0294401820352814 -0.0299200564117338 0.0129260478187138
-0.00321844829642595 0.0103435246359945 0.099539706404804 -0.0514620322067756
-0.0227011877527706 0.0204097563285483 0.116427111593434 -0.126249784937193
0.00124057270776541 0.0383754429615046 0.0533706183554706 -0.190287708246066
0.0256762896063609 0.0305776972086674 -0.0331792816535691 -0.179782730698236
0.0352839996557572 0.00745952977397448 -0.0806568848849008 -0.12611553972484
0.0390436353196915 -0.000300637760513946 -0.0912974133828902 -0.0760444423882263
0.0574276883674943 -0.00579189381063235 -0.0983317566880988 -0.0234719223520026
0.06952465769673 0.0167410252995555 -0.113208252966981 0.0080037544590018
0.0610645989322564 0.0400522829377797 -0.11991727824624 0.0303197647021724
0.0386972325711944 0.0691470330142753 -0.145080024950236 0.0328566518168379
0.0204285556151948 0.0678542752895601 -0.166577553378853 0.0190442583673425
-0.0148008966057817 0.0821876852669476 -0.131633045337776 0.0493060046735848
-0.0575439474347818 0.0975004104785583 -0.0980986326982265 0.0998249865113297
-0.113325806930151 0.0883801790605577 -0.131416419732564 -0.0585852286843535
-0.0838924167044315 0.0593585634302308 0.0173866539616762 -0.00082532361167738
-0.0607993577693994 0.0684299264669319 0.137689018387681 -0.0738582259514131
-0.0472238035396954 0.0885059611696965 0.132904232566117 -0.146826757129447
0.00417108452979297 0.093914111797857 0.0546767144267761 -0.191436347492101
0.044833296919351 0.0772672395839974 -0.0237164500403829 -0.171680343689603
0.0700334044567707 0.0427135785411547 -0.0656014060981582 -0.115857135792888
0.0733269625514747 0.0224322509255489 -0.0682370430500683 -0.0683903611282638
0.093502125074673 0.0153626074187884 -0.0713165690190614 -0.0146588776654721
0.101602499665379 0.0480697237386666 -0.0842962600451847 0.0231490881463359
0.0862062088008643 0.0780852981791325 -0.0992981565753851 0.0547957920127999
0.0513233365670545 0.126290381553383 -0.139086943230008 0.0500065507570958
0.00206731092820273 0.130769939001233 -0.161463344824637 0.015781099673647
-0.0667629958542142 0.124856889056607 -0.106074309251621 0.0277165345397872
-0.127287169643245 0.122766020847041 -0.0505427773758928 0.0754970380715454
-0.170036423391304 0.0951371680552087 -0.0601721244460611 -0.0800915210232613
-0.151964459009257 0.0863610389215474 0.0764048603376228 -0.0115286654596491
-0.112171877170812 0.128982214101732 0.179303313800425 -0.0897971456092428
-0.0594745794406922 0.157339141820406 0.1501714521997 -0.159633904949749
0.0167262814778683 0.141320468663626 0.0570499475243289 -0.179478955310505
0.0639451761695369 0.112680898928157 -0.00726245120613071 -0.148805342175323
0.09750127622657 0.0693499757691766 -0.0405228681761541 -0.0934848562528843
0.0966317047785928 0.041712934968624 -0.0361168528835605 -0.05133162487773
0.114041243039811 0.0343315739290483 -0.0351779226702803 -0.000560188908576441
0.11543024551002 0.0730990485230781 -0.0462220853236296 0.0407440794495511
0.0944281509682138 0.103733393941271 -0.0711628272576685 0.0821060607838975
0.0522324366727547 0.161649662862107 -0.126599882766435 0.0699571075979835
-0.016407453237829 0.171986909962363 -0.152480685475715 0.0130296555661542
-0.107994158347039 0.147806707526891 -0.081839379352585 -0.000641678674096016
-0.179419987683162 0.126746998129304 0.00501114597452132 0.043285632774152
-0.197807836507342 0.0896965997984913 0.0178360844458903 -0.0979698444434643
-0.194758636377417 0.103285440613011 0.136584357608412 -0.0287414348890093
-0.143229957508033 0.172945673509561 0.208119991744261 -0.100055168586956
-0.0601557690804302 0.205439389622922 0.160051121374716 -0.156735375039841
0.0318723001802183 0.168965674995999 0.0638118366555261 -0.150879531813633
0.0766326231249474 0.1289110574426 0.0178311473961279 -0.113263109003544
0.111949180491735 0.0832177341010765 -0.00707341704014874 -0.0630158201071878
0.105600133966519 0.0532581011406187 0.000743981847622867 -0.0271695238921772
0.115292749457223 0.0506084803849835 0.00350041210134476 0.0210041881113079
0.108524982949972 0.0914557826032958 -0.00895425668782488 0.0628340454078624
0.0812831271021797 0.12019515632168 -0.043595535656397 0.108002410300834
0.0334495603669769 0.176204813709635 -0.112171595743606 0.0859664345942772
-0.0419445221761892 0.184027226089792 -0.139509137556611 0.010347057483316
-0.140195415458317 0.142309760300407 -0.0563078099078845 -0.0260743087172581
-0.207473802083654 0.105194227083941 0.0626946403607404 0.0135688586581943
-0.190855789736826 0.0697344989526858 0.0885830450646244 -0.112034103606742
-0.200825008955914 0.0996683065710953 0.18166545534978 -0.0522532500107501
-0.146689164580289 0.181613084005063 0.216040255155698 -0.100809378306286
-0.0505592598952503 0.212330361882367 0.158574876220995 -0.135209392066135
0.0391968697159872 0.164219658556398 0.0753594401880158 -0.107750250978813
0.0761276943929272 0.12296430692998 0.0500831692659493 -0.0719537049566841
0.107506912142465 0.082007451033303 0.0310625256706758 -0.0321012589914698
0.0982606464676005 0.0570231132089136 0.0372687083047139 0.000334034857650893
0.100605228858256 0.0597607583410271 0.036718599015539 0.0480893669149279
0.0860350304012261 0.0995003368892427 0.0197677170768211 0.0895997892788991
0.0535651914017046 0.121681165566071 -0.0261896716894106 0.133765105522143
0.00135473931769507 0.168873887622478 -0.10089671291628 0.0973809209674603
-0.0721674663496497 0.168041161271886 -0.119878427138999 0.00879345256445305
-0.160851876295554 0.110560899993935 -0.027377395495697 -0.0400772379637014
-0.209407462572393 0.063222684923481 0.11726671549635 -0.00442454570798306
-0.150432259056501 0.0343882963623816 0.138097197082378 -0.120189719602095
-0.168512524198998 0.073980212908704 0.203946886325359 -0.0750526145582913
-0.121383996875851 0.150082817960695 0.203953530550556 -0.0900297023122496
-0.0357960668966538 0.171317954461812 0.149903023176882 -0.102191245469714
0.0343605602728906 0.12716862307356 0.0912182478290088 -0.0625433863973381
0.0579259508080444 0.0965039116115837 0.082282231099772 -0.0341950244076774
0.0832372611123215 0.0694453937847084 0.0660284300969518 -0.00577933217087871
0.0756177528180012 0.05186102530187 0.0658429715361761 0.0275442986741496
0.0723752113284116 0.058824779521112 0.0607947617419698 0.0785330726084791
0.0540270670398308 0.0910226560619489 0.0341524095052137 0.119736182048308
0.0230350255052252 0.104774960145299 -0.0239588840145656 0.156619941348036
-0.0256902652878967 0.138433537624215 -0.0952543652455137 0.104944248195771
-0.0899194787145033 0.129257934725472 -0.0987736097361438 0.0121403403667927
-0.158178620089447 0.0637176444039589 0.00111406890238913 -0.0380099931824568
-0.181664347287488 0.0118743439613834 0.162637819034025 -0.00571521673560299
-0.0865855122426852 -0.0134520786610138 0.157591310586474 -0.117888836392338
-0.109638727071679 0.0278200431719545 0.19832586049085 -0.086000157098146
-0.0773752553231465 0.0857977654054837 0.182974198172761 -0.0665053783509542
-0.0232311856129732 0.0975014029691034 0.144084632494987 -0.0673244684889944
0.0154704025760943 0.0689917451346614 0.107443232650033 -0.0312593692941431
0.0240118421437838 0.0576645111795007 0.107141469974017 -0.0110722484033695
0.0425204813166145 0.0489543238189386 0.0902066867933861 0.0119348246742048
0.0413698146009975 0.03925099422841 0.0833127514946235 0.0502105739775428
0.0381084529995436 0.0440713037524755 0.0728279166181731 0.105804852927941
0.0263575297381624 0.0622079250247874 0.0342837226406377 0.145190201645814
0.00722752767554248 0.0697949603143389 -0.0318464017579425 0.172111147625479
-0.0296395977862208 0.0944511336240543 -0.0937159762122415 0.110993953084618
-0.08233004420436 0.082394668183001 -0.0823661844693909 0.0249784802588029
-0.127232773054821 0.017987483081728 0.0194776623850892 -0.0207114214174531
-0.125491957362592 -0.0339300226440647 0.190632825970549 0.00556511206908488
0.0400370317140591 0.0397686264552274 -0.213261343921787 0.0133922393296376
0.0633208402604966 -0.0056398364622345 -0.0514528595192031 0.0402209241829263
0.0480699008880368 -0.042940955411418 0.0804520862322558 -0.0308882976369201
0.00476227832710746 -0.0389484849939439 0.103173240810885 -0.118082289701395
0.00547433030408855 -0.0173910917129612 0.0396405118928389 -0.191205592813313
0.00634462014925849 -0.0195286915592393 -0.0520944269942313 -0.176459082751663
-0.00446950911243841 -0.0280221496456997 -0.0967821730313937 -0.12133906881557
-0.00207073932768246 -0.0233205957972543 -0.109591264910316 -0.0699673395665344
0.00970729784573011 -0.0297771070140806 -0.115278142742193 -0.0190061457703145
0.0262874602441709 -0.0238933437325143 -0.129652296356183 0.00824784059232948
0.0291651268804403 -0.0129385810031969 -0.130259318216524 0.0247633221577495
0.0317168682881642 -0.00845146628268047 -0.147989159940398 0.0366757586055092
0.0503248573946429 -0.0117384071299646 -0.176890047613832 0.042003796140919
0.051898129411453 0.0274752479703741 -0.158809142653551 0.0718848748146181
0.0285521497215456 0.0574965917765143 -0.128171535231208 0.120005202273681
-0.0380271667366659 0.0742907860994336 -0.18771681773562 -0.0216354017641709
-0.00682775736778129 0.0310889920372498 -0.0282787673794356 0.0158830182294986
-0.00367543127280529 0.0122084769539408 0.0995403084067071 -0.0600910974959634
-0.0211808839173029 0.0240673222072261 0.111277279924282 -0.138234561078436
0.00525404797760806 0.0398698120802975 0.0429093986351444 -0.199235195185328
0.0294488991816116 0.0299296107286962 -0.0452338830751929 -0.18203895261847
0.0365066611135969 0.00641788183532385 -0.0902077430310624 -0.124294421528127
0.040194105904363 -0.00242961685116382 -0.0990193036223547 -0.0731853416404172
0.0581001386452113 -0.00965932070059139 -0.101644810863498 -0.0174056442596881
0.0726802732598298 0.0127603466741351 -0.114723108007041 0.0165758077328764
0.0650438810043731 0.0371908209703659 -0.120796152279624 0.0392370147803682
0.0450785370091439 0.0686740764262175 -0.146310489181799 0.044721539432148
0.0249001264946268 0.0685883451032004 -0.170052666764611 0.033846401360596
-0.0109800029387386 0.0853366563337943 -0.133019093098958 0.0594001468588858
-0.0529170680304133 0.102483044240006 -0.0963120567792319 0.107920264217752
-0.111662368463699 0.096779938787377 -0.13641881033292 -0.0511777282158577
-0.0833861211276767 0.0659774637694478 0.0190293842460844 -0.000314797676510004
-0.0589222431354246 0.0757729687835423 0.137048436977281 -0.085729393491306
-0.0422771255025065 0.0963298471035986 0.127357713446858 -0.160774972325349
0.011504802945886 0.0973673150503143 0.0446000988144828 -0.199808350293689
0.0522759775257856 0.0765898907216866 -0.0347571174248364 -0.174241134847203
0.0749976771669308 0.0399647958173522 -0.0725328392409689 -0.11461598012624
0.0765206492734013 0.0189173410743037 -0.0754958338646298 -0.0661188447012373
0.0971819786126088 0.00940316811336844 -0.07375321588187 -0.010212712499207
0.107657621539954 0.0424931051267754 -0.0836832210750098 0.0298261683278225
0.0937808436515164 0.0747230162692997 -0.0968679339233601 0.0636348694118693
0.0620203656520358 0.126676679316481 -0.138475104030548 0.0623963233095333
0.010161847233744 0.134292578875292 -0.165215389769154 0.0293555196504712
-0.0611770469182967 0.132794372621929 -0.108459658330708 0.0355460539131793
-0.12295737745906 0.133295856447332 -0.0493143658140347 0.0799106391846045
-0.167729648213721 0.107967969786172 -0.0656508243154475 -0.0770703007755243
-0.1512961454101 0.0990706865837125 0.0790159948927497 -0.0152168829530331
-0.107361974267083 0.141391974045785 0.179268830404312 -0.104755139530764
-0.0502661159207572 0.167818182963684 0.143784131587666 -0.174046145835167
0.0265509004862875 0.145254407068472 0.0478590679171215 -0.188535314346488
0.0744926268543316 0.111564236021054 -0.0168068536276689 -0.151618541835087
0.103948526417976 0.0649798048375377 -0.0445064360440831 -0.0918800867209276
0.101672064723715 0.0360415718927388 -0.0408768492686183 -0.0506709525430474
0.119781230582834 0.0280312202728404 -0.0355626757242256 0.00166985243118187
0.123827989896125 0.0669030357727025 -0.0439818090846448 0.0460046221031024
0.104092500434894 0.100655948045283 -0.0654928898882349 0.0893763192043485
0.0659558907931781 0.163551479258674 -0.124264494698564 0.081813557063799
-0.00541483863916885 0.177353371366131 -0.156255153242161 0.0272800870010582
-0.101720117286754 0.159020118760415 -0.0863284858751422 0.00531214521334907
-0.174887533211204 0.141710840471269 0.00589436332645778 0.0434962602422673
-0.196769128756937 0.104425001044406 0.0126873314011948 -0.100077801737217
-0.193549305551564 0.119230034329196 0.138579295576774 -0.0367556566408614
-0.135995666499291 0.188383877835557 0.207887933069413 -0.116337554154792
-0.0470910078216666 0.216804266489654 0.153772700253442 -0.171919750596826
0.0442144104300434 0.172185162674807 0.0567409181570856 -0.159013379816797
0.0890080253120696 0.128013702892655 0.0115867044097867 -0.117172734563594
0.119442895987611 0.0774175215789039 -0.00776635978758093 -0.0628813634797633
0.111701000032371 0.0473647687826632 -0.00088856525115187 -0.0279481795022911
0.122334600968542 0.0440429895023251 0.00541857089510787 0.0215283108007336
0.118623665819251 0.0861074823893298 -0.0040025016345903 0.0661246245570147
0.0917813401449626 0.118665735141254 -0.0358194140934653 0.114216895240171
0.047911758849867 0.179175924246619 -0.10841681260235 0.0978271654024171
-0.0316628397747355 0.192354332392442 -0.142723883466501 0.023317058992772
-0.135076173933766 0.155785128332144 -0.0610037530083958 -0.0220272119078773
-0.20660513292669 0.122077695423837 0.0628874032528891 0.0096374078069557
-0.190776004738203 0.0834411918324049 0.0845160366621603 -0.118811074278556
-0.199302147260207 0.116214930319377 0.183549863235955 -0.064391098395459
-0.138377107863961 0.197055596272129 0.21558905298802 -0.118003836555097
-0.0371542246735572 0.22177437935582 0.153278137197856 -0.149995005254833
0.0504680897116872 0.16613930775669 0.0715271714034085 -0.114883184595443
0.0869882870878445 0.121891435720432 0.0470782351429769 -0.0769392039216769
0.115499625029109 0.0763808572008829 0.0327081566689592 -0.0334747096580235
0.104185155744384 0.0510043140604284 0.037707942062643 -0.00179957780795196
0.107247731006416 0.0547684613617505 0.0415687068277551 0.0473886888815386
0.0948094444280992 0.0960995624652391 0.0270082180847048 0.0919093836741529
0.0624672494357163 0.122880170991921 -0.0160680982219354 0.139487800003432
0.0137096376583456 0.173525750356433 -0.0958222344415799 0.109120787208357
-0.0625062275126313 0.177230647750977 -0.123552861119308 0.0198980847231131
-0.158135856605358 0.124200170373438 -0.0321259859698067 -0.0383925744277233
-0.210665645910713 0.0800819888128873 0.117579862471174 -0.0122506142404212
-0.150851410176504 0.0454559004982393 0.13446318318227 -0.130266156859142
-0.167170227715732 0.0870701895955759 0.203543456578617 -0.0891304750379496
-0.11344008227844 0.162097048496318 0.203576487446977 -0.105962788296757
-0.0246042365114171 0.179098128925883 0.14626121189757 -0.115185376529256
0.0431962000542564 0.128248532228258 0.0896755104369546 -0.0700915160951129
0.0664143206264925 0.0955615582022156 0.0829851652016429 -0.0410373149434051
0.0891045986494097 0.0645645101376224 0.0692980436096333 -0.00834189779355426
0.0802003830718188 0.0472696757945344 0.0696328782519471 0.0244792838306659
0.0782849081563421 0.0555699575490858 0.0686444084491665 0.0771892631167487
0.0622199027963159 0.0885920747885195 0.0431878673957042 0.121946056689468
0.0311377124394512 0.106938284782762 -0.0121231976309315 0.162985243419232
-0.0167888129651834 0.144129601626616 -0.0894950892729239 0.11617294551363
-0.0833131620841657 0.138639722606833 -0.101119059578579 0.0214895130926561
-0.157541679462877 0.0752581464453962 -0.00285967233949225 -0.0384841278822908
-0.184886275388343 0.0254490450137763 0.164314227896753 -0.0172719079279381
-0.0892378121686649 -0.00714421072949836 0.154651533866818 -0.128430069451644
-0.110374478272136 0.0357389748243974 0.198092684681007 -0.100306647861175
-0.0733033258589755 0.093046892440718 0.18470502958883 -0.0807964270451943
-0.016807194365263 0.100771637434716 0.14214489354764 -0.0792999499083068
0.0196692347795985 0.0692068477516244 0.108743180920168 -0.0394809766264081
0.0284980341157751 0.0581788044016112 0.109775043050471 -0.0184385503347585
0.0459872013709972 0.046602005878288 0.094780620402436 0.00779789145818489
0.0450684312790351 0.0362673468628015 0.0888090283460323 0.0458626589849768
0.0416638161047816 0.0422914916024868 0.0828016128568377 0.104781201948479
0.0309190406985157 0.0609270584562228 0.0448230322445183 0.148393489732267
0.0115213029598519 0.0711296893595644 -0.0200673111871688 0.180264270832436
-0.0234918010823448 0.0988190202364384 -0.0883896895110305 0.121464430647502
-0.0780344203135904 0.0890351664849385 -0.0836994571378864 0.0326987642661317
-0.128744813258434 0.0269978766872679 0.0177612210438581 -0.0223289395753654
-0.130783460762253 -0.024676163325576 0.194011773766123 -0.00801075694368869
0.0397763911261917 0.0376375098092791 -0.210509563748961 0.023396818829175
0.0623383042896399 -0.00770125448482174 -0.0474656962484003 0.0428511789405046
0.0454255710273099 -0.0442432746627712 0.0795349984533162 -0.0362549192461872
0.00417121144501917 -0.0388806004319837 0.0968239906220458 -0.12423941599303
0.00624507044155256 -0.0177598925909729 0.0304575786478526 -0.194675077245261
0.00640245401864961 -0.019424718087188 -0.0604286753456918 -0.174423405234672
-0.00574947274913848 -0.0265839469086926 -0.10322541054395 -0.11805096330877
-0.0026951349181852 -0.0225708342231757 -0.114060014348178 -0.0656820642729442
0.00814230792429951 -0.0294099329862251 -0.116672757100915 -0.0138120206749073
0.0249083435230243 -0.0251863755139695 -0.129537230631049 0.0152325978193214
0.0283709963023671 -0.0143299993879969 -0.130016686013762 0.0310221859550797
0.0317859650171784 -0.0101538461458648 -0.147817236525856 0.044387874266963
0.0485139394186602 -0.0138135782650863 -0.175256496923728 0.0522624378914347
0.0519603789914345 0.0248317255424695 -0.15596153937723 0.0788785299094886
0.0303755408130149 0.0545055504900894 -0.124514534994989 0.125233307340832
-0.036109000750125 0.0753232321458932 -0.18737389653713 -0.0125955446840571
-0.00706312962827731 0.0314147148061505 -0.025631603181312 0.0177500875033622
-0.00406913670923725 0.0135896479459742 0.0976081340051987 -0.0666330993287918
-0.0196790177732771 0.0263563849593012 0.105070026814851 -0.145139273404494
0.00830504015867281 0.0400869682715728 0.0337947137046429 -0.202435925212513
0.0321539108693168 0.0289646477855142 -0.0535988161675051 -0.180947826068194
0.0374921267467166 0.00626704711701825 -0.0954286422860444 -0.121488898516233
0.0404247718591537 -0.00359449184333756 -0.104137177584789 -0.0693077117372732
0.0582317836842456 -0.0120716828964891 -0.102917868959425 -0.0130990739289431
0.0731220886382165 0.00914038445874357 -0.113355117706776 0.0228524556924076
0.0666276846649428 0.0347321302960506 -0.119171294119961 0.0453467593168884
0.0495891920287618 0.0667788405688575 -0.144590824237792 0.052154542362529
0.0271979166592043 0.0675204397143019 -0.168828992536527 0.0444652373153144
-0.00805721716261193 0.0862453502032712 -0.1319729788942 0.0653307901323156
-0.0490994896665322 0.103682324828716 -0.0933446330041106 0.111948301501286
-0.108105002201169 0.101600869235488 -0.137773181199539 -0.0450337392389782
-0.0824101076347834 0.0703833260637588 0.0199829912478191 -0.000315058092005552
-0.0569593814144819 0.080315510032498 0.134264274475991 -0.0934398374388094
-0.0365360423161176 0.10000935329831 0.119915753201322 -0.167071421652731
0.0168456031981565 0.0981115167851167 0.0360161204478008 -0.203375708077238
0.0573448750549301 0.0747260972776262 -0.0423362755532868 -0.173510070156235
0.0766779322865914 0.037209821760595 -0.0764149167417604 -0.112116140799517
0.0778251305052983 0.0155866456475138 -0.0796637864104692 -0.0633041647655108
0.098435783196238 0.00519592161762775 -0.0735261475853903 -0.0074927203686678
0.109990279474582 0.0368254493562213 -0.0816178314247379 0.0345031604414044
0.0974901390667607 0.0712479681991791 -0.0936560298203687 0.0684036508751868
0.0691789869016308 0.124478105268635 -0.135307858241527 0.0711197691851314
0.0158116705938519 0.135028386031845 -0.163547406229771 0.0405642811091901
-0.0558365743947248 0.136389426930283 -0.109190721627576 0.0408303666473713
-0.117637028438823 0.13867864372148 -0.0476508009763936 0.0825529162842322
-0.163656504964295 0.114442507318137 -0.0679165227693443 -0.0739577661152064
-0.148413696129416 0.106291223856498 0.079283614926374 -0.0172148325375291
-0.102210172740271 0.148217803214294 0.17531389441232 -0.114651847459939
-0.0409592080779949 0.171895935697292 0.135964079580558 -0.181909702404537
0.0339554508463921 0.145735273021179 0.040087821920302 -0.191233856834548
0.0808213201190262 0.10871374084159 -0.0237975431765198 -0.15204011796053
0.107301477641815 0.0614942012150962 -0.0457127408111012 -0.0910568173979134
0.103420938858 0.0317187470355843 -0.0433562668203341 -0.0486922899559588
0.121027093152632 0.0223819048820892 -0.0350919035710756 0.00315379367625807
0.127622046658251 0.0608653334703856 -0.0402677163609178 0.0489438791744442
0.109568390295778 0.0972386447098933 -0.0595859779886181 0.0927464874949939
0.0751377772091222 0.161101965684274 -0.119427414695013 0.089693525114833
0.00189895630071888 0.178510708184918 -0.154870446218141 0.038892931957606
-0.0944376578984534 0.16421664078312 -0.0881238911705214 0.0104544428291941
-0.16905535197851 0.15066177386693 0.00561634430400757 0.0434970273263819
-0.191406379953881 0.112902851520332 0.009762205686681 -0.0997918013530023
-0.189401616968357 0.129183970450654 0.137710777533803 -0.0417403590705169
-0.127987051796003 0.196857539131573 0.204157954477738 -0.127181410998723
-0.0357403234611128 0.220818375968256 0.145846812416615 -0.179890177835512
0.0516376291727197 0.172053624269508 0.0506276474478222 -0.161804640900569
0.0963588749913564 0.12419269709636 0.00610424529026982 -0.118686605442492
0.123103980170788 0.0724258763680346 -0.00755736259325243 -0.0629868645848751
0.11384137342717 0.0417831271329977 -0.0025679983066372 -0.0276989014566438
0.125067322686907 0.0380338314840838 0.00708101370822291 0.0211779674227445
0.123210199984 0.0803764467586841 0.00031489590878029 0.067599660052204
0.0981659150633755 0.115507693934875 -0.0282923802492064 0.116724089895822
0.0575834446657365 0.17792688345661 -0.102383968151418 0.105479322367187
-0.0227802546323844 0.194487926791678 -0.141380109647823 0.0339019387665868
-0.129100110007182 0.162014692485687 -0.0645705562492995 -0.0183083472230688
-0.200926647863144 0.133383767248191 0.0612297082875344 0.00685885913980805
-0.186443463046344 0.0922569537161751 0.0807726151821009 -0.121661439990783
-0.195029884454187 0.125904176493524 0.181216706364985 -0.0713556152730842
-0.129329043625293 0.205110204508849 0.212257962854616 -0.129646544566454
-0.0260375535983934 0.225551171286672 0.145783310294572 -0.157516823636582
0.0588089682598702 0.165005966161153 0.0671581448704653 -0.118614562804992
0.0937304563607555 0.117839535735294 0.0435332665181495 -0.0798193102648262
0.118340745321563 0.0710978144296955 0.0346989741007428 -0.0346787458532426
0.10630103465844 0.0455095652975454 0.0380642981364656 -0.00305233753962483
0.110635541069469 0.0493495612050254 0.0448802463827608 0.0456998320877009
0.100027476641695 0.091440852021574 0.0326718601157186 0.091826321436176
0.0688035749168921 0.121154067367235 -0.00697979671495715 0.141185047806766
0.0231772067953335 0.173723657989195 -0.0892492420466091 0.115577030861068
-0.0547335945617096 0.180986401401719 -0.122918944481675 0.0295071854343594
-0.152929911951008 0.131747754625385 -0.0361428766106703 -0.0365698441580237
-0.206736553004944 0.0909486251105493 0.115264322845349 -0.0182914478694552
-0.148909056933093 0.0530609462999173 0.130629189337277 -0.135086272424383
-0.163883089586668 0.0962529740079621 0.200645472815948 -0.0984430037012061
-0.105739975066936 0.169431060293415 0.200856111194826 -0.1161052030522
-0.0153557728086775 0.180566067798753 0.140717148727686 -0.123049431722255
0.0489390480276758 0.126815302811353 0.0874972483873715 -0.0748447018680715
0.071686877493946 0.0925881580167781 0.0810653122109625 -0.045818751118438
0.091203905691493 0.0605367818485077 0.072335975973113 -0.0107777297710097
0.0824421318168516 0.043073460406145 0.0712031045773654 0.0222827794587211
0.0810320825859873 0.0518196112896965 0.0732377767502684 0.0746302790693488
0.0672713711013727 0.0857049527459201 0.0495045767292211 0.121267812693491
0.0358090262359502 0.106842244166148 -0.0021104400480536 0.164092704315696
-0.00752132733316653 0.145744672266747 -0.0833731506618564 0.122132099981493
-0.0765801204647486 0.142895188287718 -0.10061119915379 0.0290367795137342
-0.154813177712873 0.0828712420356843 -0.00653185884275135 -0.0375141612850563
-0.183319946660402 0.0363698580879462 0.16091485804892 -0.0257115531024371
-0.0896294961025951 -0.00186734921903135 0.151404950455384 -0.134726446278304
-0.108617761143544 0.0414549310624667 0.19378542720659 -0.108758175860583
-0.0678042861840264 0.0969924467659331 0.181804709680743 -0.0913677096865611
-0.0112287300713754 0.101966666583948 0.137974252771323 -0.0872139182356599
0.0218797633884431 0.0682754183215768 0.107049030234501 -0.0445507347515492
0.0315098006608132 0.0568477371830768 0.108546465651062 -0.0241070677827588
0.0479367516696344 0.0442463683723699 0.0972385171692837 0.00464524068927003
0.0466747699404439 0.0335056860792367 0.091953510696428 0.0429566118139489
0.0438226292788902 0.0404501637643406 0.0886696100053018 0.100938927785822
0.0342469818540077 0.0594980035160529 0.0522219641651878 0.147815568704168
0.0143543121691985 0.0713426818954186 -0.0102348979808697 0.182204306857789
-0.0174002171124862 0.0997069663899411 -0.0825145451843659 0.127680853652706
-0.0736296300480228 0.0928806565333359 -0.0828926510991037 0.0382970593931904
-0.127312710861023 0.0327836446587483 0.015023042727389 -0.0236158820955552
-0.131355469606939 -0.0169497723485512 0.191960558013826 -0.0174912919423723
0.0393569946802929 0.0373398181230299 -0.209439040578312 0.0264639989315024
0.0611918946139909 -0.0079560979375114 -0.0448872942136879 0.0432464700262475
0.0442031551334797 -0.0440201741555191 0.079633100821753 -0.0396319873487394
0.00362661019144544 -0.0385492267707052 0.0941820826425775 -0.128539432307383
0.00663003635792346 -0.0185553045620577 0.0261060075518237 -0.196037962401489
0.00645520885797317 -0.0199349680253486 -0.0637109589111623 -0.174489894823458
-0.00627129059918091 -0.0254532504821374 -0.106836750624235 -0.117175230748943
-0.00269903096081629 -0.0218765090863277 -0.11711820987839 -0.0642390069397143
0.0077536975981236 -0.0295542199385837 -0.117120685196781 -0.0120399970724725
0.0244214255433557 -0.0253397621052913 -0.129241851249799 0.0182280484465639
0.0280273575499748 -0.0153957056802656 -0.130412907166253 0.0343575750335026
0.0324066431028353 -0.0107069058249862 -0.147948552492964 0.0485371258091235
0.0472891543282261 -0.01505586026734 -0.174443208239862 0.0580649803509055
0.051643952635517 0.0241120612056019 -0.156174030485365 0.0824046225025207
0.0304275647482777 0.052037646517766 -0.124886093349667 0.128299346556125
-0.0352661860292194 0.076320797239546 -0.187190723355095 -0.00977894191420251
-0.00749862249208198 0.0323701150409869 -0.0234020135095632 0.0183857601970533
-0.00417502554004886 0.0152857548931051 0.0966900162887316 -0.0704233289822663
-0.0179753549084981 0.0283483481195624 0.101880856780349 -0.148587477244963
0.0101642140643112 0.0403176605921535 0.0294202546637771 -0.204539473867609
0.0337330909480528 0.0282634962314873 -0.0572981617384056 -0.181015592264102
0.0378879611438837 0.00656513349284732 -0.0979000911084152 -0.121106498769576
0.040906141540548 -0.00377085661547585 -0.107025695759059 -0.0680364547295687
0.0582802080867459 -0.0134671426046439 -0.103418365354776 -0.011627960576398
0.0734797968333601 0.00757925979211252 -0.112946695836342 0.0254633528611658
0.0679680507627279 0.0335557527767931 -0.118862546406739 0.0482335050455757
0.0525577028700117 0.0661718898407714 -0.144412766375851 0.057003300829484
0.0275720330582603 0.0677191367515759 -0.16864505280397 0.0507424665875025
-0.00751018900600205 0.0865562499099366 -0.132741506621025 0.069008441770551
-0.0481460086413879 0.104167976717031 -0.0935599718072995 0.114323373891516
-0.106628182547293 0.103324857079978 -0.13806204587167 -0.0420023606458681
-0.0827768776059205 0.0730814444052056 0.0220018469617495 -0.000192474504728228
-0.0560074745030488 0.0835285820104897 0.132779545899087 -0.097784825626978
-0.03354425526394 0.10226664346914 0.116414724372762 -0.170857815401553
0.019575687122217 0.0988021730889231 0.0323068005976434 -0.206050106956473
0.0607864134393644 0.0737273000336998 -0.0460826560455565 -0.17357510856109
0.0783253260299153 0.0368225651827514 -0.0774154624813713 -0.111985063028975
0.0788231612135778 0.0142931532081527 -0.0823674475531611 -0.0624854232631565
0.0989273883084945 0.00291089143171319 -0.0742663898977697 -0.00690691691648425
0.111828939090759 0.0346111449118328 -0.0805127183233393 0.0368377987802713
0.0999270860364715 0.0699142024050813 -0.0914780671154725 0.0703494402475102
0.0734248516425989 0.123309792144307 -0.134700078833607 0.0754046177604195
0.0178778093206487 0.13616804005365 -0.163679953847541 0.0471982354311252
-0.0543281311000643 0.138194137382284 -0.11068686354662 0.044194045504168
-0.116506193822031 0.141091163015319 -0.0487331141977229 0.0835676458029981
-0.161714193181709 0.118039387565048 -0.0686959367497278 -0.0715698483554283
-0.148281501039548 0.110108160748962 0.0806318251161044 -0.0180950364569513
-0.0992654305566617 0.153658979134009 0.173579896593558 -0.119835061614256
-0.0368719235855111 0.175116909277737 0.132539036851702 -0.186899213938927
0.0381659096489514 0.147411523751501 0.0375925503855733 -0.193987056964509
0.0850875049740781 0.107477483090371 -0.0265631760740268 -0.152117047693003
0.109474728864676 0.0594783002342148 -0.0459360914883396 -0.0917347134262737
0.1049831042013 0.0298607555234403 -0.0455775874072038 -0.0481781059733761
0.122708041478193 0.0194384572516347 -0.0347758474032624 0.00391311886110167
0.129888010620384 0.058208982735904 -0.0387038340769173 0.0503153483548579
0.112763092011119 0.0969127919402805 -0.0568746962309175 0.0940584939462079
0.0805857435361825 0.16034075307933 -0.117774585882233 0.0945365271983937
0.00545957382543464 0.180912054296176 -0.154578436285542 0.0450602970149706
-0.0923873113931316 0.167517626396875 -0.0897543303201858 0.0132356911403733
-0.167144767066683 0.154158980330739 0.00399271615705751 0.0436050525800564
-0.190231751561759 0.116715378521514 0.00909165377091722 -0.0989002205242202
-0.188826065940284 0.134396650950085 0.138828427643602 -0.0441077313878923
-0.124317203068355 0.2021773717353 0.20194310063382 -0.133708707772861
-0.0305600400513129 0.224004311656178 0.142161613892127 -0.184324289403068
0.056108365952267 0.172752382186492 0.048244022445183 -0.164563277237198
0.100621795150151 0.122670488928269 0.00362979709756323 -0.119290569401542
0.12485926418694 0.0703540627104877 -0.005458788205789 -0.0640573744828769
0.114939718565003 0.039519336994387 -0.00341687370706088 -0.0273803858775648
0.126239113828085 0.035610310110486 0.00821536754002968 0.0209812588925205
0.126293502829721 0.0778836132424251 0.00316731081065125 0.0686533617415563
0.101962057480733 0.115133171510551 -0.024124868655787 0.117722073604079
0.063269792441789 0.178038955449384 -0.099567515424165 0.10941027221162
-0.0192777400172601 0.197395628569069 -0.141638097614787 0.0397927985846958
-0.126055193798302 0.166600398626814 -0.0668318469311841 -0.0162123547303896
-0.198727843172647 0.13856382259047 0.0596398016917121 0.0059525245126617
-0.184654297919659 0.0966558899403354 0.0802363842088417 -0.122896673010125
-0.193341618793657 0.132563773721028 0.181823925633385 -0.0752252030155303
-0.124888540481641 0.210157218414339 0.210355369267859 -0.135651550214296
-0.0205060437508089 0.228098274360249 0.142287724652718 -0.162195253709233
0.0623292275565353 0.165669092399475 0.0654023999254901 -0.121074555690608
0.0980969671113886 0.116841128853376 0.0421686684579852 -0.0814895981222413
0.119418563299673 0.0689493633899275 0.0375115350768575 -0.0358579025199179
0.107995061300564 0.0438084899086161 0.0383250026653585 -0.0029136860441959
0.112391818593819 0.0469308452278431 0.0464133565429081 0.04526845533562
0.103853492191243 0.0887234102138467 0.0356913635171193 0.0925009255307098
0.0726914729497322 0.121179064475635 -0.00186910381797825 0.141437062034058
0.0288815072125954 0.173873034411735 -0.0864077208214844 0.119602286411484
-0.0513113819116941 0.18378477447939 -0.121845070397174 0.0348242955185662
-0.150402214876921 0.136546998572495 -0.0388160213958606 -0.0351367193843252
-0.205481480004564 0.096898067790906 0.112654370557228 -0.0199687923866761
-0.14834739623593 0.0567088237548369 0.130579086731713 -0.137485496158711
-0.162342981659484 0.100646003804562 0.20010833424155 -0.101661910856843
-0.101797710704587 0.172613544702518 0.199680461753707 -0.122491263476051
-0.0115820129562298 0.18268099158156 0.137549418023977 -0.126440732594496
0.051175538465086 0.12650851728734 0.0870429289291026 -0.0772518187371704
0.074681814162392 0.0917110983213844 0.0806446928898618 -0.0477901886794397
0.0920242372487447 0.0583448507429997 0.0750838746633582 -0.011775011958891
0.0834240570419359 0.0407163339079781 0.0723679139717884 0.0219486893693652
0.0830427654783799 0.0496223747184894 0.0758770449578267 0.0742176860714019
0.0696762107836779 0.0836919196275339 0.0538430850093617 0.121706942508867
0.0387263061871456 0.10727940697628 0.00283529257220467 0.165273632432121
-0.00335897608617713 0.146709062134083 -0.0801573830615183 0.126009088131341
-0.0738998989816779 0.145038030462303 -0.100495384072865 0.0337680740669573
-0.153111964035215 0.0869550870599862 -0.00912287073946131 -0.0373755560777088
-0.182786612674822 0.0417378051695668 0.159217158676001 -0.0284799273722221
-0.0894072229549673 0.000773137404014202 0.151262691870127 -0.137597429469544
-0.107976589856079 0.0447612806927366 0.193341637112692 -0.113184208460809
-0.0662545675435547 0.0985015303386079 0.181577184588343 -0.0963934667097025
-0.00907372325242106 0.102409288073014 0.135541289637818 -0.0901485389076704
0.0227701215767049 0.0678684063389805 0.106757827971163 -0.0467276584449238
0.0329370506150309 0.0561832234959474 0.109070345734403 -0.0271981617632834
0.0481697631823334 0.0430436616257043 0.100122741874473 0.00333707313688129
0.0469106221241703 0.0317530892493225 0.094333834884235 0.0425428159901732
0.0442566168376227 0.0393347215939473 0.0921597372386103 0.100345353770769
0.0357334566188054 0.0585581504075841 0.0566015680371901 0.148876929097326
0.0156066961314136 0.0710975202833443 -0.00470997974511918 0.183861588873719
-0.0142750989737837 0.100207082150852 -0.0795305773125728 0.131522459330444
-0.0710992085574964 0.094526083027432 -0.0826734695525532 0.041531698482037
-0.126190930527485 0.0356670092266001 0.0129035029789467 -0.0239717637428592
-0.13196134073516 -0.0127951522341686 0.189925368976368 -0.0215941598005076
0.0435095384980927 0.0291712943404106 -0.211609153320187 0.0736004326404323
0.0584515926703002 -0.0191353086421084 -0.0344138444810536 0.0559676519230982
0.0343757919674324 -0.0514957907286512 0.0788094964865178 -0.0572754818867458
-0.00486148512487579 -0.0403505577130209 0.0739844441631569 -0.152244742218684
0.0009318753294586 -0.0226423461222254 -0.011949960417938 -0.207222615413989
0.000330579590184739 -0.0206370776815066 -0.0980082032314229 -0.165704652926267
-0.0116816892619481 -0.0224461372237764 -0.129693575673499 -0.0997264661477775
-0.00698015155815897 -0.0205413656690002 -0.132431308493902 -0.042302446698052
0.00138563561953351 -0.0303703913511907 -0.123496202504097 0.011203507031532
0.0177343610575913 -0.0296146588939342 -0.13001589249593 0.0475151919653722
0.0225629219449775 -0.0202691406227785 -0.127249374150529 0.064207881122267
0.0277742054798414 -0.0185044531553629 -0.141906516569779 0.0834812824738346
0.0399312722848325 -0.0243338603357438 -0.166910397096389 0.101109422080152
0.0534246889981783 0.0124943085673049 -0.146978832133331 0.11990547599305
0.0373068620562742 0.045926302857402 -0.10795154702591 0.155514660074241
-0.0210871862181275 0.0800679593160055 -0.201347353850006 0.0297416071728987
-0.001670460640902 0.0344030048758694 -0.0214164330345747 0.0243549678840352
-0.000474474231910205 0.0164095892693859 0.0831962824437456 -0.0917829071390835
-0.0112103240555007 0.0294272590910896 0.0727543813147221 -0.174080642298561
0.0167042908759786 0.0360026212076533 -0.0125202066404564 -0.213491258820716
0.0375985811358123 0.0214895543995367 -0.0932919647919205 -0.171448084094818
0.0380360842738289 -0.00102678413295327 -0.122332998576573 -0.10201178088974
0.0391487640850915 -0.0104695841882063 -0.122625586968645 -0.0475964196591148
0.0540589082126132 -0.0237041627602646 -0.109800193127354 0.00900326576529818
0.0733990268127686 -0.00658940034772846 -0.111825200117943 0.0513195775783921
0.0709331379123753 0.0208720901039456 -0.112299162713369 0.0761467781323062
0.0624708259437372 0.0531674433663915 -0.138123124492291 0.0914950041303938
0.0372252843823568 0.0606804962500531 -0.164673970402278 0.0909773266155476
0.00802750448705047 0.0874974746238435 -0.125415840593866 0.0970100854341828
-0.0302905137892959 0.11433570707885 -0.0765207647029567 0.129827816019485
-0.0844754547251669 0.119052610476663 -0.161040248138778 -0.0159797798270005
-0.0667564396327733 0.0884885207387873 0.0182178469475724 -0.00510934444208097
-0.0373616332278781 0.0933478204704987 0.107714100426742 -0.127365050972126
-0.0097947832041036 0.105541757594659 0.0762383778405186 -0.198824989651152
0.0380069584656894 0.0919380218357073 -0.0128539616416268 -0.212385477202014
0.0729524977716686 0.0612684348609593 -0.0820907969915411 -0.163425108503666
0.0838544995440814 0.0198440616949722 -0.100356430168817 -0.0935627668669329
0.0804574106102267 0.000430484224290721 -0.0964270447261496 -0.0461712959259307
0.0971782350954132 -0.0161536780692248 -0.0793709357770437 0.00783702847659865
0.116755817441444 0.0124572060303291 -0.0774323609635254 0.0567942785473695
0.109099143275527 0.050570025442393 -0.0799806796682824 0.0939672385659661
0.0945344317606399 0.106179314605795 -0.124827913074334 0.108369011654685
0.0412755570536525 0.129103172636178 -0.1634229940471 0.0862215728087397
-0.0268158984222022 0.149617657105989 -0.107477022412184 0.0626525195354706
-0.0898632680274972 0.166780191850301 -0.0339613573029477 0.0850421003515248
-0.134984274978892 0.142914513421829 -0.0977061777611409 -0.0627602992682025
-0.123529018933832 0.138389196970805 0.0720691912636409 -0.0373293585428631
-0.0650584895098417 0.169312250033423 0.137682394721222 -0.157451581734794
0.00247895863213941 0.176622159360105 0.0838193219660015 -0.215220741083667
0.0658461263700925 0.136121710314395 -0.00635010690132514 -0.197655066486088
0.104288141219302 0.0895606278111497 -0.0591837974588483 -0.14246676365072
0.118693332331293 0.0348847156930839 -0.0644805277405268 -0.0759202371236105
0.108894263558346 0.0108152121429313 -0.0556434967157717 -0.0387985799592633
0.123802966356782 -0.00446201044045931 -0.0369366097189262 0.0100934365096369
0.140203032949492 0.0330606742609981 -0.0316362395973627 0.0613357935961215
0.126776859421988 0.0745138579427518 -0.0392554843397806 0.110514347283352
0.108399502439399 0.141366104500957 -0.103634842787076 0.124913359483467
0.0387368411201262 0.175441088132604 -0.156876923298307 0.0814403338936344
-0.0587358556034339 0.186953573586698 -0.0925104370962685 0.0242128003750327
-0.137208073565737 0.190628060951554 0.0142125307357624 0.0315881653263499
-0.162123024809532 0.148050441223852 -0.0229694788207036 -0.107905676465973
-0.157592183449617 0.170029893820692 0.124696938703814 -0.0766442117540066
-0.0782789642829439 0.22178577235554 0.159820943474774 -0.176901316155383
0.0199964077161274 0.222602948911134 0.0898133787609569 -0.212220073833741
0.0892970514209058 0.157569782127241 0.00951717754281475 -0.167090569113066
0.122982678574788 0.101210941472121 -0.0218906690553715 -0.113587239692133
0.136830195730948 0.0418989315203947 -0.0192503402844385 -0.0541083935017444
0.120525817843464 0.0183535851275419 -0.00840675780065617 -0.0256792818148792
0.131094981323766 0.0110050948324132 0.0104211038528837 0.0194291316352838
0.14015992700533 0.0525559074319794 0.0148943633969147 0.0713963266581135
0.119856133178977 0.0956829143966307 6.16841357250568E-05 0.127158186653254
0.0957833413964115 0.162638030847744 -0.082462172993706 0.13542329043382
0.0183785871749542 0.196286272392225 -0.144137970641338 0.0715232013878368
-0.0916037080765521 0.19243095654502 -0.0737761534017511 -0.0121737657403517
-0.170951018816505 0.181374648198669 0.0651392906328278 -0.0185700524975072
-0.160413952086698 0.127942990088482 0.0476898753213087 -0.147660229313112
-0.16264020422103 0.168056964731013 0.163306507491933 -0.118243390741904
-0.076766220198468 0.228471413518882 0.167306237275897 -0.179946505229476
0.0309620205873022 0.223735274468947 0.0950167332983151 -0.188330812979825
0.0941570103321919 0.14964305518256 0.0369325479507477 -0.125943873004828
0.119617246390126 0.0948877302794606 0.0252388347072691 -0.0821502989119442
0.131576246488248 0.0416055403682298 0.0307352289759182 -0.0341279143881059
0.114519996600542 0.0233603030736053 0.0384298436373639 -0.00912575605446996
0.119697741615925 0.0249343726710193 0.055768373387016 0.0365837592381554
0.119853238008168 0.0691191180653305 0.0541341892841017 0.0887129594444242
0.0931818258514771 0.107358871129447 0.0277573985849269 0.146953125110592
0.0613504733662152 0.165993018028893 -0.0658823524132446 0.142365881766084
-0.0151252131730597 0.189076389894361 -0.125105165219971 0.0608887019841707
-0.121314741473095 0.166807268200071 -0.0473321681541328 -0.037183340695854
-0.184360029056516 0.141469194020672 0.116886396694704 -0.053977559639584
-0.131804836576592 0.0829998695424269 0.101276783013889 -0.173682654716488
-0.138543940474574 0.130683222607534 0.178698937616834 -0.150063893389438
-0.0624629490848849 0.187860178146814 0.162774695833459 -0.165383887679836
0.0295397257642089 0.17767244040937 0.101518572474385 -0.151341259543094
0.0753860581071927 0.112801587175201 0.0689513236527645 -0.0874741960066479
0.0915046621558763 0.0748179170072796 0.0720319609887038 -0.0577149582101254
0.102995127753654 0.0373631056277948 0.073506442147231 -0.0188802555170585
0.0901108359619082 0.0244539519365323 0.0782988064651633 0.0086597423834067
0.0913491399788354 0.0333066638475127 0.0922086427859273 0.0602646062107932
0.0849724587591933 0.0706215048064459 0.0794175550130333 0.115425872573346
0.0570746255028658 0.0999093470812709 0.0381871147212986 0.169870574168543
0.0237330389937017 0.144999663107678 -0.0575756015586792 0.147361926226226
-0.0446160934394887 0.155598545085193 -0.101869419092232 0.0535939765036898
-0.133818824732639 0.118496797993898 -0.0152350096320659 -0.0448179392401073
-0.171721141573149 0.081428908561141 0.16393769839136 -0.0693886360039293
-0.0851689115230325 0.0183058524382463 0.128225906640915 -0.177947325289498
-0.0968674498657628 0.06492476768514 0.17365381320647 -0.159737174317831
-0.0432194331632802 0.107904698631093 0.157229117080231 -0.13602127282261
0.014397664419297 0.0995452120451293 0.112295015541466 -0.116563502282467
0.0359732514813524 0.0606519330610886 0.0976421774935354 -0.065433609851605
0.04348579603001 0.0476801128242009 0.104514025254563 -0.0455647494378245
0.0561622841225044 0.0309431324762782 0.102186234109926 -0.0103567532094248
0.0524066093940869 0.0223600939356324 0.104292140420858 0.0253397535564369
0.0517560463354112 0.0301746320395862 0.114929820454184 0.0840227367612642
0.0461188283375292 0.0517691606653855 0.0895000948840664 0.142687999440907
0.0273620434089247 0.0685384894484858 0.0347304039764742 0.19140441791158
0.00312576899450959 0.100725542660338 -0.0551523282836793 0.153104347751556
-0.0522102220000827 0.105401934446971 -0.0799042662056685 0.0587491096348604
-0.117801547428779 0.0612137033622011 0.010682635549508 -0.0325201663244549
-0.131651140709945 0.0161503287601716 0.195749594277862 -0.0639125941013113
0.0453481204463725 0.0297001364111852 -0.219550625870593 0.0806819183121145
0.0607350603036378 -0.0204311209014913 -0.0343216994141252 0.0580403620322795
0.0351081044396305 -0.0544221551375426 0.0799335984433699 -0.0625525385605831
-0.00533064009549582 -0.0419782453697258 0.0729292511434272 -0.161410432974257
0.000400954910021159 -0.024697794690569 -0.0170518412713974 -0.217327588838422
0.000459273204961657 -0.0216741337363397 -0.105728735581617 -0.17157084750148
-0.0117710107690119 -0.0220222985877701 -0.138722832217878 -0.101903385298672
-0.00692803679376533 -0.0207074236681919 -0.141503512498678 -0.0417631977167983
0.000357780519030296 -0.0314087083563551 -0.130538128317309 0.0134915388303863
0.0181681062165381 -0.0315678101522907 -0.135040354368787 0.0522193230753809
0.0226454601184819 -0.0214610922508765 -0.132544485324216 0.0703674977785995
0.028541854793114 -0.0209613558919696 -0.146822341087208 0.0915462826171165
0.0401792408426422 -0.0257389600391356 -0.1718910264958 0.110351744880716
0.0555012998133468 0.0121443796246839 -0.152872542128582 0.128434721225065
0.0384709882439782 0.0469820054295187 -0.11249515605778 0.164981459654909
-0.0207371385774824 0.0837899717889894 -0.209759246466734 0.0346748321659652
-0.00117508746664351 0.036726535636189 -0.020768224831445 0.025591359000499
0.000524390383752075 0.0184617406266141 0.0841500379185762 -0.0984542250607932
-0.0100426400518925 0.0324582694518297 0.0713783960366833 -0.183689137494663
0.0191333060295749 0.0368241252912605 -0.0171239933731554 -0.223756367903175
0.0405363695490693 0.0216585073436016 -0.10164670209477 -0.178069060707656
0.0413013132755034 -0.000738199906549691 -0.130697997067613 -0.10546708689951
0.0418114311378271 -0.0111736546694241 -0.130943857339579 -0.0476957704085474
0.0562480965827868 -0.0262126962855808 -0.115756308854534 0.0107175966891627
0.0771168920235212 -0.0089150108681136 -0.116362167979421 0.0562995353616079
0.0747080523951486 0.0203967991225732 -0.116071756650886 0.0826760283302828
0.0671940079029295 0.0537934987685643 -0.142611075845609 0.10081603724474
0.0392278677850167 0.0636143764827394 -0.170471121314992 0.101216323514244
0.00973460623619082 0.0919902237833092 -0.130701951092321 0.104572875000446
-0.0304470427004633 0.120337451644958 -0.0802091788720963 0.137109310203873
-0.0863516037352327 0.125123455888297 -0.16796028583185 -0.0134581201698184
-0.0689423569289359 0.094714553534828 0.0199017315285917 -0.00576220841915714
-0.0364900600380142 0.09998128157069 0.108813529162625 -0.136347770650178
-0.00713180099416678 0.111819328663523 0.0747613874147446 -0.209346882208015
0.0435114890854719 0.0957512427800313 -0.0176376056250565 -0.223121195370682
0.0786685986030546 0.062456425645252 -0.0893591826076103 -0.169587028564516
0.08948405288883 0.020010116855904 -0.107084019552775 -0.0972396355862629
0.0845168031054423 -0.0008035674253922 -0.10252439762463 -0.0468408313712531
0.101400658570107 -0.01881564286524 -0.0835702368068723 0.00948772819378718
0.123016547800767 0.0104533289564976 -0.0785642187401789 0.0612073522116612
0.11596788487196 0.051292008687229 -0.0818297204510293 0.100114197166126
0.10210020381134 0.108300813556535 -0.127755991793825 0.118828180336154
0.045441471052998 0.135815865870646 -0.168107574607638 0.0961241437198216
-0.0254971557324475 0.157672166274851 -0.113750868667243 0.069018993886673
-0.0907427943244606 0.176281292239076 -0.0367194698988327 0.090115860020682
-0.139002037583329 0.151069942514697 -0.102158232432779 -0.0631854053659999
-0.127043110642328 0.148320830883804 0.0759619225313052 -0.0402394240613428
-0.0637376627367727 0.180079422854776 0.140149485285564 -0.168058542233201
0.00743189947149088 0.185998628161094 0.0824977294029299 -0.226328660636383
0.0734417187718112 0.141980751635477 -0.0117763731045926 -0.207275391234124
0.112197127849631 0.0909747739147655 -0.0649115447257608 -0.14804222114945
0.126662534519333 0.0354996808302695 -0.0680707950585921 -0.0802740775278966
0.11475188630059 0.00919891661117123 -0.059666728919897 -0.0394565421568439
0.129363485613966 -0.00721768911205022 -0.0388376050085379 0.0118649408470283
0.148385124657955 0.030648640025938 -0.0310277657950209 0.0653280916917879
0.135804824858402 0.0760000521713698 -0.0382088621014562 0.115897311782155
0.118496367281474 0.145141720450207 -0.105497758730922 0.134238215072818
0.0440659505763216 0.184770907084686 -0.160767190651165 0.090545554041807
-0.0578429165471109 0.196933413197174 -0.0990620276920894 0.0289252855749822
-0.139583025929937 0.203081859995729 0.013031930623616 0.0330926938134695
-0.166510129554562 0.15690752187525 -0.0248361530319465 -0.112284920252396
-0.162291417392551 0.182213336579964 0.130933459473415 -0.0819289391564739
-0.0763921559009969 0.235210263033081 0.162691019470341 -0.188340124466979
0.0265959664078637 0.233288860113122 0.089105052073273 -0.223723023764046
0.0981450826763795 0.164153317968572 0.00643073557401991 -0.174884608002414
0.131846940242193 0.103369086323849 -0.0255976096630095 -0.117669426428029
0.144726470294841 0.0417546328115029 -0.0195408348098669 -0.0585685502484573
0.126729120332599 0.0171462484573714 -0.00942544562579683 -0.0265608203817027
0.13756466947279 0.00786136460289651 0.0114917021099794 0.0205494882412804
0.148555126690242 0.0522068407750631 0.0178956169183902 0.0743497841122641
0.129491258054624 0.0980974119390285 0.00291708011254826 0.132331416095308
0.105162950862756 0.167719493408512 -0.0824081037986256 0.146296423581913
0.0238321392710246 0.206601839425315 -0.148270738353588 0.0802283943931653
-0.0920035493823071 0.203981540958423 -0.0793916755115169 -0.00945284620158776
-0.174956414407898 0.194234826437083 0.0659475216528527 -0.0200446332562434
-0.165180148053722 0.136687732847149 0.0492005970758924 -0.15529510000652
-0.16698268869619 0.180357805051021 0.169357950986703 -0.126914787536901
-0.0748826545338845 0.242801916528204 0.170206531756554 -0.193072116599273
0.0380024342159252 0.233906005555173 0.0948245938131899 -0.198278499294574
0.103107326268246 0.155582745479951 0.0356143885679646 -0.132768449569199
0.128256787812249 0.0969736393232071 0.024619287701502 -0.0863249043483229
0.139034848193047 0.0405736459012727 0.0329631198580925 -0.0379511802895361
0.119563243325832 0.0218372853833176 0.0411028175530165 -0.00986039038377582
0.125233656385593 0.022853283192056 0.0593109602621958 0.0373713849183206
0.12736054807761 0.0690532291155627 0.0600815311609042 0.0926268682879046
0.100895023043997 0.111101014012711 0.0332546342383382 0.15249137800958
0.0684344261681785 0.171563203608197 -0.0653397145178339 0.152892164239413
-0.0115735460376134 0.199568103525844 -0.128768341298618 0.0685787181285735
-0.123645519876153 0.177985484506236 -0.0524420564319784 -0.036498872912513
-0.189757367831972 0.152721619933297 0.119110500358905 -0.0581982497221733
-0.136120475962441 0.0895110023964998 0.104150867849591 -0.183208497909685
-0.141491870875605 0.140537465212195 0.184349664818082 -0.160688231040465
-0.0606873665826599 0.198688830494714 0.166192671378255 -0.176747776747075
0.0349609789579724 0.185281325701192 0.102346657606342 -0.159391785533632
0.0820950648989839 0.117684180783888 0.0704102506677712 -0.0928428323874883
0.0982253447756954 0.0764334759431576 0.0739296928268717 -0.0614511539592365
0.108017523832516 0.0365687042909616 0.0790896696273202 -0.0223384410505589
0.0937167657265052 0.0240489335091069 0.0840993607425922 0.00873501680218517
0.0957881141309631 0.0327957604232132 0.0990226269371457 0.06173241357582
0.0909748960824542 0.0715216402958971 0.0871441792595303 0.119614134142924
0.0625836077705061 0.103976431338194 0.0442669490445793 0.17663838324886
0.028695923281975 0.151093921076553 -0.0567423287068074 0.157341094193268
-0.0437565684735151 0.164170380566264 -0.104631967409674 0.0606731575550215
-0.137084736646772 0.126457222647696 -0.0192953032761028 -0.044806360411592
-0.177271191616152 0.0900767495138338 0.16824562578989 -0.0747676743871603
-0.0883237388787727 0.0213348559841726 0.133107557380934 -0.188690783285787
-0.0990508322096174 0.0704620005351237 0.178620754850675 -0.17120501948262
-0.0430099746034855 0.114936820811449 0.161657910087911 -0.146515210126588
0.0169830283968862 0.104352847265361 0.114563090590519 -0.12378247459787
0.0385166639958288 0.0628631516281461 0.100987932450882 -0.0690830704870592
0.0466764625522366 0.0492093034628379 0.108931283675204 -0.0502486941497783
0.0588626016131265 0.0315149265263187 0.109217462873011 -0.013615491191718
0.0542216444452351 0.0219970019031145 0.111372889745033 0.0248084263186658
0.0545779619019465 0.0306306626237754 0.123059598740704 0.0858352930014795
0.0490265598037566 0.0528017123327278 0.0973188726013599 0.148699554282246
0.0298195393817096 0.0718029974211983 0.0411052505342211 0.198969617176147
0.00636745361626437 0.104380832759102 -0.0541501323219096 0.163170793664864
-0.0521237863714614 0.110944577088685 -0.0820418673772302 0.0641827383256877
-0.121664545120566 0.0664748252340265 0.00875497126246177 -0.0332409277583032
-0.136349347154912 0.020793565941971 0.202382191391939 -0.0700076714996114
0.0487642355902376 0.0294651292193941 -0.22612069021148 0.0949491155752004
0.0623829019338453 -0.0241825440749868 -0.0326283449916341 0.0625356383365329
0.0355450586054493 -0.0588932393700956 0.0797110540394783 -0.0693913982341396
-0.007350425647733 -0.0433385796518144 0.0680449570503737 -0.173441332746006
-0.00078877683394276 -0.0267892107550029 -0.0287881139670464 -0.228169967244417
0.000383961550979625 -0.023317616111925 -0.119878275988726 -0.175979354172736
-0.0121189899260129 -0.0219044025187811 -0.152759376851569 -0.100135811408981
-0.00734212498915514 -0.020846423191022 -0.152585029916442 -0.0369043637993287
-0.000793218513196875 -0.0325159221477528 -0.137972573214415 0.0200661994302832
0.0173028556676836 -0.0339196823302074 -0.139638453833597 0.0618578690520299
0.0226759084471294 -0.0238110212956951 -0.136003364265002 0.0815767848534643
0.0286268668108341 -0.0239885270518815 -0.149473242777056 0.10521880572938
0.0402386473459523 -0.0286227896946291 -0.174270550686771 0.125833893002626
0.0585008829727293 0.0106878354118753 -0.155778307931609 0.141968967121335
0.0415273289002972 0.0465093804379124 -0.112242603226316 0.178549103123382
-0.0183626368006394 0.0883547851704392 -0.218130081367063 0.0462942281585066
0.000475584528956073 0.0391680645158751 -0.0197196040198472 0.0276537598662318
0.00195822429691617 0.0200558169950921 0.0827707936262663 -0.107063486532555
-0.0079560382597954 0.0349798204096936 0.0645430375821986 -0.196131056455798
0.0231144970482483 0.0374197283154535 -0.0296523617501618 -0.235612269822332
0.044866227234991 0.0199704075082652 -0.116082507975157 -0.182551106823924
0.0445673763086084 -0.0022157909742552 -0.143706940920786 -0.105198435633545
0.0443569861557268 -0.0131249507433136 -0.141677797293011 -0.0437986115356197
0.0580340226210228 -0.0304968879414159 -0.122298842888039 0.0165516244450579
0.0806277694660273 -0.0132349774604565 -0.119492312895019 0.0648506953115623
0.0801068754840608 0.0176845845195012 -0.11803389683522 0.0928580282254893
0.0737351090378806 0.0519222124947547 -0.144153232027376 0.114900118079689
0.0443637446235697 0.0656698714432031 -0.173217787585592 0.115829057608011
0.0147791154312495 0.0972258827307971 -0.133341303026108 0.116492453626119
-0.0265810272805531 0.128099991372487 -0.0801038499091236 0.148284391533028
-0.085131893231837 0.134716885610793 -0.176285068894811 -0.00580788407319217
-0.0679541079717719 0.103905018177854 0.0216157257519731 -0.00674556340672244
-0.0318865377934154 0.107455113577728 0.106204486191199 -0.147347327410471
-0.000232016622939172 0.118704000665835 0.0676907332241342 -0.223630502189797
0.0514675067434498 0.0992021461804857 -0.0299130283563793 -0.233629175229044
0.0874149670358681 0.0610097008802201 -0.102943680828891 -0.173994046411328
0.0963839884162435 0.0170452154438643 -0.117805276106421 -0.0986992223150871
0.089802125587155 -0.00427733703728085 -0.1112758307494 -0.0440446464642599
0.105686626960594 -0.0255075127152087 -0.0882158600800167 0.0144079978238411
0.130500299242116 0.00477641402047917 -0.0790540028381794 0.0676585552372834
0.125343005353044 0.0481787300015252 -0.0807449117947587 0.108928296830345
0.113570591322208 0.107693402544729 -0.127567692221059 0.132997986015861
0.0547028085933348 0.14198691791573 -0.170423466759405 0.110797441465288
-0.0195575042639116 0.167966597349242 -0.117254588194606 0.0797357805237371
-0.0869091952495407 0.190191508095926 -0.0370760804326842 0.0968975544061236
-0.139023613180428 0.164597044066946 -0.109687524836072 -0.0612372564901231
-0.126734193619938 0.162579795448176 0.0780716215129504 -0.0459645247454633
-0.056123580866476 0.193773773293233 0.136712091602572 -0.182890692806109
0.0192496520537707 0.196330620804598 0.0743727576573772 -0.241303786746286
0.0858358242940652 0.146192056296619 -0.0231303846721997 -0.217309239078517
0.123915825180274 0.0901941068887388 -0.0758585142414149 -0.15245841827541
0.135830690807397 0.0312849797142374 -0.0758524000839496 -0.0831651392672513
0.121454302077709 0.00474805296978364 -0.0650432941918089 -0.038866604987827
0.13546461139848 -0.0143733513383116 -0.0409041239113459 0.0141919528671881
0.157661774034232 0.0240807171904821 -0.0283185056911335 0.0697478798444258
0.147819052633572 0.0737262815848797 -0.0334310018398865 0.122821036555328
0.132779667769343 0.145897781359171 -0.102592830073894 0.149524516277136
0.0559016881625565 0.193379185683468 -0.163069294561657 0.105320960567931
-0.0501730168015464 0.211782750102465 -0.104015501140401 0.0373347407154565
-0.135343180394955 0.221110523907502 0.0126688335576046 0.0351162604162383
-0.167898237503677 0.172233668155296 -0.0303266223792601 -0.116472592181201
-0.161323179164443 0.199733648946353 0.133660638701182 -0.092280689370391
-0.0670002944885389 0.252481096410189 0.159526037290364 -0.205920042411339
0.0418329885780137 0.245058104984531 0.0816761454008343 -0.237577437043242
0.113465036660925 0.169126404514764 -0.0024948821333524 -0.183941176324164
0.145355662546776 0.101713260634077 -0.0323205894331968 -0.122140909974097
0.154894717023278 0.0368872049270547 -0.0225197320988145 -0.0632209346671226
0.134541260451129 0.0116815185907757 -0.0108877085732978 -0.0269386950530491
0.144471697397581 0.000916227865795189 0.0131613413135746 0.0212265620734244
0.159533625810495 0.0465140333053452 0.0236442805794834 0.076650803858826
0.142294921458912 0.09696541168528 0.0107271727018519 0.138387476888044
0.119760466062575 0.170431525900692 -0.0775039276727275 0.160014235906572
0.0361444076766587 0.217164593734544 -0.150077583460883 0.093983478625256
-0.0860788516191211 0.219847744736187 -0.0862130666785537 -0.00411711319288941
-0.172640014538151 0.214291562658317 0.0661158869396564 -0.023731142763313
-0.166840005319136 0.150143244644655 0.0462049297814433 -0.165332208790365
-0.165399203276949 0.198698294727894 0.171861090917107 -0.141823474345735
-0.0648217888304584 0.260426350453666 0.16754840384767 -0.211105109600459
0.053082136646196 0.245401184955266 0.0887378337691303 -0.212354257167191
0.117283704836492 0.158991016849714 0.0308595867000892 -0.140547414683538
0.141105717878468 0.0956439291183528 0.0216715998319459 -0.0914233452152592
0.148182484224499 0.0365873827578581 0.0350263168558956 -0.0440395293592461
0.126572431976176 0.0174577265036359 0.0437082184928874 -0.0119794275327582
0.132818636122381 0.0175280824692889 0.065287259978249 0.0372505201484396
0.138264273078735 0.0659698647458997 0.0688998979715685 0.094137132466639
0.113262529546538 0.112105942416086 0.0434899738819032 0.15815037077392
0.0822659960288619 0.176749735379028 -0.0590346368609516 0.165643355720856
-0.00117858191362399 0.211272864202269 -0.130904696346939 0.0799050743749485
-0.12086691809868 0.193581705858874 -0.0590453083402426 -0.0342599679712268
-0.189443628336198 0.17166542057174 0.120455870557829 -0.0666671075589177
-0.13837944483746 0.100525774214248 0.10330496956955 -0.197847286591545
-0.140952922655058 0.155561601900666 0.18632684822299 -0.178008802093356
-0.0524948583592344 0.212658537846087 0.164094262890667 -0.194179599637052
0.0474202895996376 0.193994692102844 0.0985219846937653 -0.17165751994778
0.0931209712143206 0.120611136137157 0.0699639389746225 -0.100423718616361
0.107549225257784 0.0758012579999457 0.0749275305470026 -0.0679325230351926
0.11554468431644 0.0337176684986891 0.0843553384151465 -0.0292803963219764
0.099323736864564 0.0205213924716026 0.0900195924526879 0.00506222872441676
0.101911596829396 0.0291941078774801 0.108074977736693 0.0607189856432979
0.0996316620936046 0.0701282563451685 0.0986125664327899 0.121691303124243
0.0722493268121693 0.106464976217355 0.0569974530982056 0.18265127274316
0.0385274717210263 0.15612956745035 -0.0501466974883898 0.169770859304889
-0.0365575087123015 0.17521632487587 -0.106457555065418 0.07023561489689
-0.13811021386445 0.139867420815484 -0.024252408603658 -0.0441799254128949
-0.180740377610821 0.10543590237349 0.171705325028251 -0.0858488048122235
-0.091092326505913 0.0273671663843274 0.133096268608872 -0.204589888603318
-0.100067209765799 0.08023702934601 0.179165212533854 -0.189577501330433
-0.0381616485914764 0.123211049964811 0.160777300232234 -0.163570532615973
0.0237326960602421 0.109106117815098 0.113544063538253 -0.134807323884871
0.0434370547005788 0.0649195912876214 0.102484443533966 -0.0775984278967497
0.0515042690499324 0.0496017335630085 0.112485525612718 -0.058179248667942
0.064067797679198 0.0297124376103062 0.116017726281233 -0.0204367338207886
0.0574078019162156 0.0199302653135893 0.120146653033395 0.0218836797092394
0.0581064540490382 0.0290606696982072 0.134680182345639 0.0845399666504032
0.0541480549377242 0.0522511588798054 0.11060185220751 0.152140863791745
0.0357682785141758 0.0737755385202923 0.0540881009477892 0.207070213471063
0.0123745029410509 0.108361676876691 -0.0483422224376698 0.175268051147515
-0.0489170792375717 0.118794537961065 -0.0825898680231536 0.0732555563354148
-0.123474444030993 0.0750675332111343 0.0055154078559447 -0.0340943703554909
-0.141599835222694 0.030079856898588 0.208264988243692 -0.0826987350661232
0.0518982514437449 0.0268732244685996 -0.223915152832753 0.112608217295479
0.0623778368739978 -0.028929744114026 -0.0284225779353909 0.0658142493120871
0.0321533010390369 -0.0628906009075687 0.0758918869520396 -0.0759955449308166
-0.0102893585359431 -0.0442641791063467 0.0565783409404518 -0.181971655687301
-0.00274899298425673 -0.0280678566159033 -0.0466626078222473 -0.232721702885952
-0.00093746559429464 -0.024701298970867 -0.135997503886128 -0.173363324237485
-0.0123665682435064 -0.0209891027336386 -0.164918498730592 -0.0918482054276634
-0.00794936572340172 -0.0204970376473858 -0.161192330379918 -0.0270645439332902
-0.00327219230883546 -0.0326733024683684 -0.14066372183587 0.0312105924302278
0.015119431181568 -0.0356754430951952 -0.139077901501041 0.0733578502176631
0.0213337518599073 -0.0257638223867982 -0.133858479672915 0.0940239906399337
0.0272397732254115 -0.0272331281883198 -0.144697809198592 0.119062243819312
0.038223418931173 -0.0312309051957007 -0.168720671600282 0.142141262887248
0.0601028370314574 0.00703061365550556 -0.149940539719111 0.156640402809743
0.0450161504299113 0.0439985829965071 -0.105832874440924 0.191409335863481
-0.0130567655864588 0.0912254070899677 -0.219551233536713 0.0623943564104813
0.00254967490247718 0.0405689663873449 -0.0174914779926072 0.0297494545781262
0.00443684481165934 0.0204696862823457 0.0757295966464103 -0.114579214305998
-0.00459843144625084 0.0366095854386286 0.0519051357628435 -0.205792971229257
0.0268354810517246 0.0367107373916227 -0.0475786177705118 -0.240535169787329
0.0484636407653588 0.0167769952694234 -0.13242181309463 -0.179665101860199
0.0468890397982523 -0.00503854301323667 -0.155963273074238 -0.097976658157101
0.0453684457435316 -0.0163480462852897 -0.150337761018116 -0.0345578110117961
0.0568288254830065 -0.0347033967408581 -0.125796336384178 0.0260486734831827
0.0817838205286976 -0.0193283524326436 -0.117349043078975 0.0743418582280387
0.0840218554159517 0.0127927168927643 -0.114255008757707 0.103683141689553
0.0787991985170132 0.0475918005757899 -0.138768569641855 0.130088210641205
0.0503630861680694 0.0655260057157229 -0.168194778404389 0.132318489571934
0.0222545654733881 0.099036046265648 -0.130157080365949 0.128777093847512
-0.0179387200798715 0.132776272409636 -0.074666416067642 0.15809871262185
-0.0788015304595232 0.143468750369782 -0.18081218979152 0.00564484020879032
-0.0632526578055065 0.111606988453022 0.0222418379884192 -0.00853942716841003
-0.0241191096138414 0.112755921083782 0.0969258122777801 -0.157905615091628
0.0095156765268625 0.122272079775238 0.052829098701907 -0.233379238785634
0.0617268994290971 0.0981916575432685 -0.0480714120894534 -0.238336283420122
0.0954783453503374 0.0556600441796181 -0.118656970043703 -0.171249722817993
0.10166042058256 0.0110706821741737 -0.128969523415056 -0.0941445321766453
0.0923770171824638 -0.00988830435830303 -0.118421144869583 -0.0372288318157262
0.106445041262335 -0.0331978040558008 -0.0904985940832861 0.0207496067921692
0.134686290827083 -0.00512856530156346 -0.0763870275184612 0.0745072303412129
0.133453441796722 0.040079362554246 -0.0751680221022049 0.117148734754069
0.124728418477265 0.101330669145952 -0.119965279159792 0.148135953006584
0.0668120064313995 0.14331831948479 -0.165627218793216 0.128121290456268
-0.00707943017611087 0.174687449845932 -0.116132252537497 0.091296801458616
-0.0744453887440377 0.201458395466669 -0.0343002976075961 0.102344827654562
-0.132260355688365 0.177634140458518 -0.115963202060552 -0.0554503271923771
-0.118162815735054 0.175876642667431 0.0776964596211676 -0.0520620059380749
-0.0426814878739021 0.203288485186316 0.125572962243512 -0.196136721712594
0.0353503230395888 0.200982856309495 0.0586064734796372 -0.251513045394962
0.100096266629535 0.144923862654662 -0.0400099416785493 -0.221112285301629
0.135118251467314 0.082997055494858 -0.0887702427945783 -0.150271715795293
0.14274308837206 0.0225151867574106 -0.0837730444530437 -0.0819270433836288
0.125608192679982 -0.00318076630825068 -0.0700899719295202 -0.0349491000099511
0.137684055481539 -0.0250225520691881 -0.0411329180884083 0.0174794959429762
0.164124858505039 0.0130633430595447 -0.0237319688215647 0.0728392157662601
0.15864012539317 0.0647448229246103 -0.0259381797691638 0.128087956811528
0.146731927161437 0.139156787803324 -0.0927129187059718 0.162410851235803
0.0723927659236316 0.195268349353619 -0.158030891442151 0.121486974456981
-0.0365213509901535 0.221442535231312 -0.105557417097322 0.0475514927001393
-0.121490229088533 0.23724283106233 0.0126849337635735 0.0359218991831987
-0.16131520693962 0.187717665157881 -0.0383357361280738 -0.11757052314103
-0.150577217903084 0.216952646246772 0.130097654878419 -0.105126402824173
-0.0487522944477367 0.264092851126857 0.147202626959654 -0.221021151980236
0.06255761755561 0.249125555075951 0.0659505830462234 -0.249191478749995
0.129649271488643 0.16574093286027 -0.0156820919236418 -0.18830606550184
0.157394970217135 0.0935173882141049 -0.0422552710622169 -0.122012787951749
0.162448445910939 0.0273948757691183 -0.0268966080964076 -0.0653980417271942
0.139249035257194 0.00309934904719164 -0.0120828894767603 -0.0274508682148194
0.147997663903861 -0.00955264746782908 0.0153479625563865 0.0215394708943189
0.167323705766393 0.0354022997967605 0.0308715992494784 0.0765838158290337
0.155371463748016 0.0893395257999617 0.0213388027010992 0.139844226321342
0.136633377759231 0.165612125677287 -0.0664023556279904 0.171458519248374
0.0540706154846213 0.221376151631877 -0.146158865372864 0.108743994590406
-0.0722198326012108 0.23249618709538 -0.0900792043547679 0.00435322328756216
-0.159011743963179 0.232879597697729 0.0638745068939294 -0.0280522223080839
-0.161106182126081 0.166796316071648 0.0364908859191991 -0.17282802896299
-0.154591875107239 0.215828868390099 0.165432212805426 -0.157714563185216
-0.0453171489732645 0.27175952180904 0.154778399405027 -0.227189298599956
0.0739579935422008 0.248438124818186 0.075821575833303 -0.222439804683008
0.13321487238947 0.155506212102551 0.0218483594402204 -0.145307222844902
0.152330867624429 0.0879817893495032 0.0154114249585746 -0.0944752946024376
0.154990018382833 0.0272576932842286 0.0334529604225489 -0.0498088038152894
0.13110052732895 0.00917321567303913 0.0453140300104023 -0.0157193737857642
0.136889102150757 0.00858108280540867 0.0705095275260555 0.0332851362743189
0.146834838097747 0.0571745682911075 0.0787325062942778 0.091227739654734
0.125237307618503 0.107107723813622 0.056673821130158 0.157766555362077
0.0982001335643885 0.174706580103887 -0.0470308692235382 0.175870551983025
0.0150973617214807 0.217678291247304 -0.127110304395988 0.0923114632684784
-0.109607619427411 0.20728019463646 -0.0642542795649722 -0.028129338344911
-0.179745963178458 0.190381499132331 0.117098943157957 -0.075800737602036
-0.134453490997549 0.114159866861759 0.0933464196623053 -0.210216079062907
-0.132230454783457 0.170224901270169 0.177088820586607 -0.195822136307232
-0.0366059187311373 0.222391565127617 0.152757594790009 -0.210456368818467
0.0639002966754098 0.19616037698402 0.0881064730925607 -0.182319391942053
0.104607464095347 0.117071220642464 0.0644664018083229 -0.107552194237064
0.1168669182983 0.0696755656282955 0.0722930573983357 -0.0747713671590889
0.121251820867534 0.0259697756370105 0.0858032324355174 -0.0378652529251558
0.102686110633704 0.0140116857032466 0.0942176750528867 -0.00102878055694212
0.106230772437571 0.0225885165942729 0.115907422842776 0.0538280292952226
0.106825279779384 0.064734226632284 0.111389278346678 0.11750692458622
0.0825445128120468 0.104196018163181 0.0723274101271814 0.182839342123763
0.0516773420283382 0.156479514473509 -0.0377859355023513 0.179811525364761
-0.0245548456436725 0.182960998369145 -0.103325247871273 0.0811677289918287
-0.130723418499885 0.153025640824049 -0.0299254370671361 -0.041584348809617
-0.175669266796922 0.121521299737454 0.168665325487099 -0.099547832271401
-0.0908411820011155 0.0355327654384522 0.124522859159112 -0.219422243324696
-0.0951211490370557 0.0901108747145049 0.169137943859321 -0.206679115823043
-0.0295148277244813 0.129116568278324 0.152267395883043 -0.178994419824751
0.0323403456430869 0.110569758117894 0.106393621304033 -0.145717208087935
0.0489251868853746 0.0646686905221674 0.10038581953162 -0.0864914282516153
0.0572052737058186 0.0473259874544738 0.111756636297672 -0.0674746387850837
0.067417640518573 0.0261281527332524 0.119690524336717 -0.030420238755572
0.0597352411922724 0.0167035230702155 0.126274073275445 0.0137986637982206
0.0614506420825324 0.0252484008477013 0.14548522007112 0.0772023376340899
0.0583463875107189 0.0491955235800968 0.125359312648094 0.14852872853822
0.0418151511159585 0.073604292489087 0.0720178312248993 0.208203712039657
0.0206286787385189 0.109434020567882 -0.0352674689602322 0.184819562542587
-0.0411354142692318 0.124823055590114 -0.0792266374137042 0.0821039107603037
-0.121191324980343 0.0856812695181959 0.00155358494320081 -0.0331154588258666
-0.140792146875507 0.0420831256951009 0.205665314559637 -0.0988740182029286
0.0530086422779575 0.023925290392137 -0.213995449320633 0.124082452054934
0.0597326607042693 -0.0322253188550039 -0.0233826303888497 0.0672796486303198
0.0274762134140569 -0.0650321175880898 0.0697614343455637 -0.0789648449717154
-0.012321961397731 -0.0431108807744568 0.0442943937584572 -0.183748508721497
-0.00491730431137069 -0.0279944794622397 -0.0606098513477124 -0.228207965821628
-0.00212080825475967 -0.0249364397052696 -0.145200638189519 -0.163132947004934
-0.0117093032429236 -0.0195065579288982 -0.169851305039559 -0.0798858504088886
-0.00806707862444945 -0.0194519843640203 -0.163290515657163 -0.0159804990981265
-0.00462867575497601 -0.0316464063191189 -0.13908006968726 0.0394529041626314
0.0128088345082384 -0.0359023877409466 -0.134115534973411 0.0809830663936318
0.0196821438829502 -0.0270326384120639 -0.126614427820257 0.101787552653882
0.0243204244429842 -0.0287322302319274 -0.134550143791092 0.126445934305563
0.0355037973477087 -0.0320600166353114 -0.157452066524639 0.151055294700865
0.0596959236772924 0.00292079863352422 -0.140366426629426 0.163183326605201
0.0457960007322352 0.0398771537055562 -0.0956987070463843 0.196403768906229
-0.00834762352374301 0.0906013493095081 -0.212588929081059 0.0743101393992131
0.00428932598475773 0.0401016137708284 -0.0153379348897054 0.030910003034389
0.00572052940747769 0.0195783311164797 0.0668995806806961 -0.116903202461755
-0.000803960961376556 0.0367593864472681 0.0383538956695565 -0.206404800440689
0.0294463604465698 0.0346167203627634 -0.0625335872678484 -0.235229748512472
0.0496513072446943 0.0124615526184625 -0.142497564079888 -0.169418075403547
0.0480409659324557 -0.00780613513435557 -0.161318943609438 -0.0880430293348469
0.0450612811281541 -0.0180413822197967 -0.152315582172303 -0.0247097379009091
0.0542587638512644 -0.0375582674286134 -0.123744222872481 0.0330136774973035
0.0800334744762918 -0.0241361160669048 -0.112745857551199 0.0805750914450978
0.0840685309336601 0.00729889666671621 -0.106539579391052 0.109887041520193
0.080729859249241 0.0419918932202639 -0.126796224547684 0.137904083952523
0.0537485459742907 0.0629011389397813 -0.156948087646123 0.142426397518197
0.028150392930268 0.0971194478142707 -0.123005189964702 0.136099163534108
-0.0100597836076071 0.131734964273267 -0.0670060204852947 0.162140238849898
-0.070533132861206 0.14614702694278 -0.178531495711956 0.0161121222983142
-0.056207961934246 0.114340302074877 0.0215884569143682 -0.00964768245454758
-0.0159495832830642 0.113569959396215 0.0852685936754349 -0.160575726808457
0.0183773328543132 0.121185539278434 0.0375246499235664 -0.23310300846269
0.0687131179694332 0.093758351520354 -0.0629184795867003 -0.233027361406496
0.099155774367732 0.0486564185802357 -0.127795875051824 -0.16142842500061
0.102916486029965 0.00513108090961038 -0.133938060375424 -0.0861468153972775
0.0920800712274073 -0.0152234944988934 -0.120725326961662 -0.0292975973224831
0.102660794932045 -0.0390941566048213 -0.0887667232776402 0.0262002929755316
0.133128133806125 -0.0135258663615877 -0.0713217888242146 0.0776110241533433
0.135228683488022 0.0318825170992167 -0.067158610554492 0.120197304281193
0.129558337362454 0.0919015042126867 -0.107249943476108 0.154777223889606
0.0759874946872141 0.138554171670593 -0.154779789964432 0.13783994938867
0.00423708298050472 0.173303758052376 -0.111166400476078 0.098949419568462
-0.0603036292641176 0.203031762967298 -0.0307987902590228 0.104878740484346
-0.121414031854918 0.183303496110506 -0.117753658955836 -0.0477666523976734
-0.107039447632032 0.181483349291786 0.0734097688222275 -0.0563839319616129
-0.0285600332594404 0.20380118556524 0.11075475973391 -0.199893859131084
0.0492137470604188 0.19727149452137 0.0423030356737705 -0.251711746623242
0.110637779331421 0.137243263961991 -0.0527369945555503 -0.216479233536611
0.140636523439892 0.07319711847035 -0.0970994231079337 -0.14244157514619
0.144279397746779 0.0138482506722083 -0.0880631790429587 -0.0772380309421336
0.124596826479801 -0.0101783942499628 -0.0718037130685688 -0.0301723543157724
0.13445713432227 -0.033007283976666 -0.0392946635696824 0.0205266974808529
0.163641660796781 0.00239150559099195 -0.018722272048336 0.0727475110808032
0.162289168404889 0.0537299700748986 -0.0181186759089014 0.127748591163391
0.154545549357526 0.127850176877538 -0.0792292500654414 0.168087701390038
0.0850781484335347 0.190579605186705 -0.147565388295355 0.130888999286945
-0.0217612831495285 0.221643108051654 -0.102852412863539 0.0554704904958276
-0.103616432402682 0.241913576001367 0.0117678458583413 0.0354610425878562
-0.149264433389402 0.19570798623208 -0.0443715065918617 -0.113913037807505
-0.135865818367496 0.224005841107218 0.121422849190608 -0.110985142177556
-0.0300129833434722 0.264709092575889 0.129788351163683 -0.226263452754178
0.0786124619410188 0.243750000654922 0.0492124246265868 -0.249138608743667
0.141313160209541 0.156462173413091 -0.0273921433238396 -0.184675880844856
0.163440175438467 0.0826034383011823 -0.0488566169901094 -0.117479108904103
0.163123820802659 0.0165111816474778 -0.0307195907838039 -0.065154030336938
0.13847095417229 -0.00467686918408904 -0.013974062181349 -0.0264604223314082
0.145301966689362 -0.0181788922165131 0.0166476385345247 0.0202633103689587
0.168549407158587 0.0245491413629034 0.0355932613754667 0.0728571290536706
0.160642620811218 0.0790082817747136 0.0296140282697209 0.136117314127651
0.146061408045691 0.1545213907727 -0.0527954724161903 0.174867330356869
0.0684113147102489 0.216710507479188 -0.136636048860898 0.117506934715609
-0.0572822345237013 0.234667473492554 -0.0900738654663429 0.0125325542899479
-0.140737320963392 0.239964354946053 0.0589936975107394 -0.0308078085876244
-0.149514210956092 0.174562112885961 0.0267160420255144 -0.173323816379136
-0.138896901689687 0.223090209375496 0.153059381347193 -0.164667734881046
-0.0264162281963648 0.271512841241361 0.138134177819204 -0.233009921439918
0.0905613212626614 0.241532791727443 0.0605293107964286 -0.223590574193789
0.143231846068546 0.146218259183473 0.0126723623908 -0.144737635499828
0.157883851192412 0.0772468720307754 0.0108752556594751 -0.0935884105844825
0.155392006667762 0.0170774126415759 0.0306936198266414 -0.053336337458436
0.130620860376343 0.0015914570085998 0.0448740775104852 -0.0190944549462204
0.135516236030556 -1.04110890592618E-07 0.0723610766026793 0.0291600896817836
0.148873840346471 0.0466659027485182 0.0840620913267062 0.0844031171847296
0.132792224806322 0.0982829654992848 0.0651172017903873 0.150952075089629
0.108494576999017 0.166116240195433 -0.0332982322507144 0.178441893527848
0.029731154928952 0.214895288389965 -0.119356473942313 0.100676267469635
-0.0944843187664675 0.211622008707273 -0.0666885719330977 -0.0212930564389682
-0.163394759256338 0.199548369624772 0.109433573811136 -0.0812130784772197
-0.125888593806193 0.120863219335591 0.0809388610873189 -0.213604732711694
-0.119329662636162 0.177428890209761 0.161385335777248 -0.203161011363412
-0.0210178622288281 0.222036153835302 0.136981527097272 -0.21702350106609
0.0766505096556748 0.190717318070834 0.0761706341910667 -0.184628095039397
0.111831844494304 0.11076601843208 0.0577231381023069 -0.109666895034075
0.120548781917931 0.0617475548145242 0.0676611327139348 -0.0778851272060115
0.121738619898361 0.018010408596552 0.0839301976026341 -0.0450725458683344
0.102644747806256 0.00811537035498565 0.0949102890615214 -0.00732914031769488
0.105889416300293 0.0157604570131928 0.119455025442677 0.0465429428859474
0.109912910383494 0.0567536089598201 0.117941635217058 0.108856643901037
0.0892665971475081 0.0986037583959911 0.0837559459193851 0.175524366801331
0.0611764863423745 0.15102951083414 -0.024145429123082 0.181504250967137
-0.0121331723299324 0.181852268982012 -0.0972318267929298 0.0878682530989819
-0.119871470287509 0.159480288881525 -0.0335840977439038 -0.0369446415989908
-0.163649639727504 0.131596627358215 0.15900426131254 -0.10812384652717
-0.0869895754770659 0.0411017523425829 0.112405745505629 -0.224702882953542
-0.0876993129117834 0.0950759843838334 0.153827184232018 -0.214165435037605
-0.0206356712733241 0.130039756908342 0.138867199930223 -0.185878792172975
0.0396855638859003 0.107911424024466 0.0957520308703278 -0.149842279758345
0.0532104410823018 0.061393327350367 0.0949198660653309 -0.0916023514806408
0.0599196367003854 0.0435219756410407 0.107055256436962 -0.0740128458932439
0.0679535459574136 0.0213460319426511 0.117822174648713 -0.0393702773759512
0.0593175397987745 0.0128910936265513 0.12842560787556 0.00544630238159098
0.0617489777147201 0.0214730649639465 0.14968278984359 0.0677069195702893
0.060757817821701 0.0451915745342108 0.13458562753246 0.138793141665895
0.0461444025064483 0.070406234807451 0.0844567691568378 0.200864388801548
0.0275090135604742 0.105902435745509 -0.0223147363360945 0.186352584658844
-0.0321368139657121 0.125677832894292 -0.0731517017903122 0.0867801623005132
-0.114574468176842 0.0914469775569864 -0.00191447801831639 -0.0310149512379591
-0.134443714117288 0.051751301068329 0.196730402708443 -0.110000384416516
0.0516894597373258 0.0210460761733388 -0.181773219153632 0.156805077820071
0.0531012227914068 -0.0374508872369679 -0.00763762813008175 0.0683941926256746
0.0162462013229844 -0.0667482735141933 0.058011164950977 -0.0911444729847474
-0.0209749987871714 -0.0407960383056421 0.0148773010112038 -0.188787039787589
-0.013778562300825 -0.0256654933854718 -0.0978649966364523 -0.214396726887998
-0.00721709470499489 -0.0223337853240292 -0.168756831409493 -0.138674076063369
-0.0136587243194982 -0.0161025361656659 -0.180887857253753 -0.054858065654421
-0.0101722014990821 -0.0167915796248841 -0.163404534456038 0.0100272515913246
-0.00842669278734962 -0.028217508697613 -0.131217176447148 0.0616471179776175
0.00672434936809718 -0.0347256487022857 -0.117119083209601 0.102972043642683
0.015335373112686 -0.0264165041961583 -0.105871633490026 0.120514006497173
0.0179298624339497 -0.0294051469938187 -0.108190000560546 0.145045541887901
0.0286025262151675 -0.0326752870594566 -0.125314054851818 0.173127522950097
0.0549277939155322 -0.00341226065867464 -0.109494474556983 0.182043946669061
0.0481557065122793 0.0355692545143017 -0.066246066502964 0.204255362609646
0.000980209850632352 0.0914705224313448 -0.192504575175441 0.112199755116557
0.00968714290645787 0.0383282965052379 -0.00868749130761623 0.0340596898412455
0.00736677334249718 0.0160493153250471 0.0459723305652325 -0.121515112293197
0.00166842089502383 0.03228098125727 0.00293004408480954 -0.204314335460374
0.0290499021802871 0.0287158444727276 -0.0981606086351841 -0.216083774531516
0.0478915762824179 0.00682990738236254 -0.163865595274432 -0.143126378906318
0.0454434558374237 -0.012687250946328 -0.171505328619685 -0.0618614970175906
0.0418687195281518 -0.0220923037710078 -0.153476134350833 0.000591260554573143
0.0477921442237553 -0.0419098728634087 -0.117759445506451 0.0542438222993682
0.0741812378968813 -0.0333401194192992 -0.0966304451667846 0.0996384415445923
0.0822386863367439 -0.00140202649066559 -0.085884378395322 0.125380716964848
0.0820029793929919 0.0310616670953765 -0.100485760877566 0.154198966923868
0.0581032102848999 0.0557212870209265 -0.127498175065383 0.166528256793224
0.0378562182725912 0.0903224336454653 -0.0978693004166134 0.152430255831806
0.00606900716821602 0.131047306700255 -0.044605249092419 0.166599655078554
-0.0526864223863017 0.150179521862088 -0.172737788041201 0.0530099084088079
-0.0381525880990483 0.116265333845727 0.0166716106083832 -0.00853647794105864
-0.00137079462862263 0.106775358628474 0.0528469766486845 -0.160708803674902
0.0329082166054031 0.109038662003579 -0.00435009243829976 -0.224206251351907
0.0746369938965236 0.0797282063119444 -0.0956826670302207 -0.209237015543669
0.100835872668802 0.0345146961023687 -0.146019789841891 -0.135758088186244
0.100093981669068 -0.00917605855413357 -0.141785769640209 -0.0632826335826683
0.0881232028482877 -0.0247148257036131 -0.122601425246742 -0.00894122656600743
0.0943391533738546 -0.0502209910406695 -0.0849288435172356 0.0421681904335073
0.127083132469309 -0.0311328595011534 -0.0577170450399119 0.0908056187280655
0.134376375865396 0.0159107010260291 -0.0461072469878599 0.128607612894417
0.136852467659737 0.0730433921259795 -0.0793968887436708 0.167049750679429
0.0889314076830252 0.124996700146231 -0.126323665558566 0.16277166033344
0.0269200297149419 0.166867295421765 -0.0941983640879681 0.113719399358007
-0.0324735845325604 0.20627636231765 -0.0179473752058314 0.10517254547823
-0.0954469060997617 0.190062565246097 -0.12828017446253 -0.0176352163552961
-0.076928724491408 0.186462120605996 0.0564492960625984 -0.0601686249536973
0.000160797945125161 0.193174833798502 0.0682583297964853 -0.196321695147164
0.072530448996051 0.17557660632747 -0.00478464312095962 -0.236560508608129
0.121127620654946 0.114690503280865 -0.0808553139285022 -0.191811355956639
0.144613490540346 0.0523689924186778 -0.110475148864092 -0.120463309253505
0.140018564176046 -0.0067233473679518 -0.0936137809572799 -0.0601144810803241
0.119698908161057 -0.0243072249611738 -0.0742334203174444 -0.0176250826637483
0.125362024665211 -0.0489490519251465 -0.0372361993421066 0.0289669607308196
0.159345030273555 -0.0204877482035531 -0.00789258789144786 0.0776029755836729
0.164067945234617 0.0339687912880098 0.00313340506684705 0.127067927307652
0.166698753262664 0.104952191117473 -0.0504132491615356 0.174065151587067
0.103897288301991 0.172593863591703 -0.121042037561581 0.155988713791151
0.00970544213698398 0.216107079680867 -0.0945534233354001 0.0697292404029498
-0.0692108794418934 0.247760795130355 0.0127902566774393 0.0325119814769335
-0.120469628245542 0.20357720155324 -0.0702706570002359 -0.0927946777917144
-0.0983965386449114 0.229675173145071 0.091903139649805 -0.119832723981773
0.00667393985641775 0.249669505882989 0.081002307413396 -0.221513243620617
0.10812780988606 0.214483767973202 0.00281502283267367 -0.23179108504704
0.153831005013171 0.127933530784204 -0.0484186060336251 -0.162758868311225
0.167967867057734 0.0574445454447826 -0.0580650403553579 -0.102572480473502
0.158349126348811 -0.00715875619018351 -0.0334638400846963 -0.0567404787668438
0.133513765838925 -0.0211623503894687 -0.0166782502315036 -0.0226830960231701
0.137908982381223 -0.0369448550289059 0.0182783082387484 0.0194883397803879
0.167526322210209 0.000447137765986972 0.0454021362311995 0.0682842242229222
0.165847515350182 0.0585871092593836 0.0507799334640996 0.126832773338126
0.161933302376061 0.131948251720172 -0.0229904187696112 0.175928865225363
0.0913944769206349 0.199897980146298 -0.113564472317768 0.141231130981861
-0.0216202155278208 0.232978849141095 -0.0890362575250311 0.0255594616259347
-0.10400559588564 0.249709621927832 0.0481842662911809 -0.0391062307706568
-0.122374782796663 0.182691983728028 -0.0117602202449647 -0.163757437117743
-0.101739494475584 0.228813209102547 0.112758784064886 -0.177824823402556
0.0112034333474049 0.255436268029222 0.0874204307467681 -0.228920752105675
0.119057359717105 0.21142565801255 0.0186874221411803 -0.207882683554574
0.155315875483067 0.118372194416094 -0.00250017376820209 -0.131125288177232
0.161810365468907 0.0524029846650319 0.00374560157351382 -0.0891429180504094
0.15050976561485 -0.00614178263718719 0.0286534312739436 -0.0554651293109211
0.126408241609559 -0.0142273369794635 0.0426313705526899 -0.0250216055655373
0.130972090339702 -0.0181625331361958 0.0747075670240641 0.0181558747783202
0.151983620478877 0.024279011494435 0.0946983832467028 0.0710312363262287
0.141727344768294 0.0805357874738147 0.0882667780864796 0.135303910202377
0.127556405864198 0.148355240979078 -0.00338966260493248 0.176186423176109
0.0543075074238163 0.202075321956676 -0.10013875111375 0.12146461107941
-0.0618225324835684 0.215719004800475 -0.0709307309800088 -0.0110815538661774
-0.130733568191345 0.213037387001618 0.0907523294407666 -0.0952381384751655
-0.106547788884735 0.12709020912918 0.035350241815732 -0.214187689994493
-0.0894586743770349 0.180571708278605 0.115928228971578 -0.217999818478756
0.00970958177706074 0.20785325432461 0.0908184007057538 -0.216310512002725
0.0991500990297778 0.165477992972629 0.0410246154495005 -0.176789099341355
0.121164996654295 0.087722836207891 0.0451451776495311 -0.107298273595501
0.124267990179309 0.0424007089243644 0.0607881693840467 -0.0839143860426001
0.118640356048357 -0.000699909354004182 0.0817851926387778 -0.0551239845948955
0.0994397664125201 -0.00458056965090855 0.0932666216206195 -0.0217434258624741
0.104943243052698 0.000170425285547766 0.123845561766832 0.0271961325176726
0.115965069707797 0.0399049615060701 0.132562947591237 0.0885905332258699
0.100001996915883 0.0857495392024434 0.110589429921538 0.155327967444371
0.0793405317402541 0.139777740823941 0.00593228882076628 0.177570988702597
0.0105841488148451 0.1755876699155 -0.0805493158116967 0.103972590327762
-0.0928888002117246 0.168983275350315 -0.0400803204213749 -0.0322734838127981
-0.138616291932878 0.147103693007852 0.134645144393458 -0.129159927699775
-0.078332297894426 0.0461744018054299 0.0658665536605463 -0.234379678037148
-0.0717535047577876 0.0984231431132896 0.107256331720898 -0.230108777767046
-0.00204201415967329 0.121300954643659 0.0993136546169662 -0.193916735578749
0.0525074132687607 0.0931706336342207 0.0673989135116443 -0.152922360216546
0.0581924932839551 0.0495038586004508 0.081075495659789 -0.0996339281577141
0.0632964780328201 0.0327167215059502 0.0965551345005398 -0.0870224015429978
0.0676898310139958 0.00911044784057772 0.114613861960032 -0.0560168863117948
0.0589104396606892 0.00436888222122724 0.128299422949084 -0.0142917182616935
0.0629482559007472 0.0115305045091508 0.157799187086329 0.0420313108673714
0.0661457246364999 0.0356877216997437 0.154410546557039 0.11444247962516
0.055102225185701 0.0638593738571276 0.116397563253406 0.180091334560038
0.0398645381146962 0.100698752704444 0.00877782276182658 0.182082711381753
-0.0157927746818312 0.124051263817086 -0.0585945554928499 0.0978542690994174
-0.0964203257269535 0.103264141045822 -0.00753051587704149 -0.0309288394927214
-0.120172908199435 0.0652896101811695 0.172238912478824 -0.136252475501005
0.0515400901061872 0.0213066822937491 -0.182668621287602 0.152407292096373
0.0527392864739791 -0.0362486394295845 -0.00769231119697126 0.06742090790314
0.0166585330445029 -0.0661675123984297 0.059068060623406 -0.0892196466955608
-0.0203381628618781 -0.0406150783786496 0.0166713287323374 -0.187082001505774
-0.0136421700678622 -0.0254558920161654 -0.0947417001134109 -0.214838716743144
-0.00690329071331459 -0.0226253218745454 -0.165810808900345 -0.140603596163801
-0.012181965702126 -0.0162982580749026 -0.179704148601052 -0.0551386093618287
-0.00892784837982692 -0.0167212807306256 -0.164156524138825 0.00907791231669288
-0.00679364074294837 -0.0269184368945026 -0.133263509203498 0.0597968497295617
0.00726505640551218 -0.0345669968527304 -0.119097475401527 0.101430284993609
0.0150184543953962 -0.026153360502395 -0.106314397457385 0.118264600246389
0.0180777169979027 -0.0286761315809745 -0.108754354981771 0.141935376190391
0.0288050992052967 -0.030977282440451 -0.125893776924037 0.17056664368344
0.0541819242999162 -0.00340991988840434 -0.112530847653617 0.179428357550141
0.0458384435595467 0.0360618285363902 -0.0711935024555107 0.203244735294664
-5.96187721259925E-05 0.0910159411106349 -0.192650057472648 0.108162657308116
0.00874026944826787 0.0390293720942996 -0.00842484217129875 0.0338905583456347
0.00676645995452079 0.0163563438085122 0.0477548175425666 -0.118921370318505
0.00237790663738697 0.0322350754368591 0.00566677306949269 -0.202934347535597
0.0290191238836921 0.0290330450703363 -0.0957436856145708 -0.216444804372476
0.0478467235978094 0.00679611899286133 -0.16045889704907 -0.14489522796366
0.0466876973268463 -0.0125261966618139 -0.170003074433294 -0.0633881824500547
0.0431883686030945 -0.021100061266896 -0.15446739923899 -0.00103539528659128
0.0486527015220062 -0.0399267036088988 -0.119160543279508 0.0526335438093323
0.0745615881286233 -0.0319038879605901 -0.0984583291330157 0.0980563472731183
0.0820756238059601 -0.00040528739473957 -0.0867589692583457 0.123279213125058
0.0809410711647592 0.0314358785060377 -0.100293850801052 0.15118860895208
0.0575009451311766 0.0572550623302678 -0.127995487487082 0.164001870206858
0.0369554288293247 0.0900037478185968 -0.100445137999154 0.150776587654983
0.00404502450019495 0.129190492058483 -0.0495614347099744 0.166153617148294
-0.054646383112266 0.148432054891212 -0.172497383809945 0.0501759739668489
-0.040342398675806 0.116168369083592 0.0170195186043467 -0.00769220190396835
-0.0019426376250275 0.106354289722085 0.0542831767032645 -0.156769289581583
0.0327964557707495 0.108844701645027 -0.00174047223987164 -0.222248916956886
0.0743643787005192 0.0798488219295797 -0.092683567958418 -0.209306227758924
0.100411001882551 0.0349914088566134 -0.142634999695381 -0.136456986302831
0.100452651390782 -0.00824251536054421 -0.140839659691434 -0.0649542697671148
0.0889007805682249 -0.0231153034763348 -0.123222412875614 -0.0100527712109894
0.0949445394162422 -0.0476945639499207 -0.0854114249476089 0.0408762997350513
0.127398798145447 -0.0290241007366194 -0.05947087952786 0.0891355381503886
0.134840823403325 0.0174641437485408 -0.0472006582469157 0.126528083756622
0.13525714255144 0.0741214087926357 -0.078074562509646 0.164654097801031
0.0880785613559827 0.126317788199499 -0.126455807609032 0.160825941929271
0.0244322972335479 0.165778031913838 -0.0956197248145415 0.113603343661324
-0.0353801480074427 0.203282419927514 -0.0218215027373115 0.105768508120346
-0.0982599802630481 0.187868391758752 -0.12697183245071 -0.019034290475554
-0.0791583181381656 0.1854164152182 0.0564731241428476 -0.0580919299204131
-0.00193079766998938 0.192148837885467 0.069917363280606 -0.192492066108518
0.0718498995737324 0.175584224484628 -0.0012463480622052 -0.234251671300625
0.120980699395455 0.11583297170937 -0.0778363652942382 -0.19109269249403
0.143907940916558 0.0526898845566019 -0.107159824969363 -0.120839008796384
0.140411015194202 -0.00570738056963496 -0.0928330841272511 -0.0624242085400836
0.120800159005296 -0.0226737569839716 -0.074306424858059 -0.0178795221884085
0.125228067329342 -0.0464039890316783 -0.0376546543895069 0.0283324705884288
0.159368929593546 -0.0185892256399426 -0.0094870699223967 0.0765222565692985
0.163823637699128 0.035431706467144 0.000677020305637168 0.126194509179956
0.164299467558774 0.105906651669895 -0.0492169834611306 0.17246080394166
0.102936957131428 0.17353954934114 -0.121730018621525 0.154576079138466
0.00696039988619537 0.214648793359259 -0.0950197504256863 0.0704852506658278
-0.0704985513195249 0.244471920688282 0.00975460984120037 0.033428970549325
-0.122401676612538 0.201405799518469 -0.068627266781276 -0.09211736081954
-0.100985940546014 0.227663585487609 0.0923575380310022 -0.116042918549364
0.00529936244761075 0.247950224411584 0.0829572536573867 -0.217210581325116
0.106784053957264 0.214154926982434 0.00598590752480076 -0.22808983373146
0.153820095127615 0.129419506185602 -0.0460617816101475 -0.161968885494917
0.167576442634802 0.0587297182019591 -0.0544519611169646 -0.10291001029061
0.158263729671063 -0.0055642887022077 -0.0330034585254596 -0.058974053094317
0.133873255990953 -0.0192990068259538 -0.0154338247718688 -0.0236103783932055
0.137560569256863 -0.0344228087165956 0.0178305375389852 0.0191676516841075
0.167094807320272 0.00229417380517641 0.0439374367537576 0.0680882400461595
0.165763585776506 0.0595205543285439 0.0484107113316413 0.125766011717544
0.159875003929421 0.132859227528836 -0.0218249078125031 0.173856134256619
0.0900827136808685 0.19978520202449 -0.113590129890832 0.139836342756761
-0.0241903496163724 0.230565315055331 -0.089207204338845 0.0264483023486581
-0.105600171638044 0.245613068023168 0.0466616516946427 -0.0366560631441478
-0.124037159242575 0.180397314503678 -0.00888198252650124 -0.161717318210681
-0.103236609519849 0.225752802943082 0.11337328444267 -0.172965848318059
0.00988518105689647 0.253940508443698 0.0884669994045417 -0.224259856792678
0.118062506632389 0.211007121491838 0.0211267485517316 -0.204769618562599
0.15502993687028 0.119076482802524 -7.98700404233038E-05 -0.130288381163207
0.161568892080746 0.0536967022343526 0.00623948169655915 -0.0890426989261967
0.150736874884725 -0.00465148579798395 0.0294515545249102 -0.0568227525293172
0.126203552098979 -0.0124031829048177 0.0434941805916847 -0.025065985729404
0.12979123182562 -0.0158077292141574 0.0746002796131814 0.0183115774294788
0.151065012739634 0.0254884721797132 0.0932315321353121 0.0711867777790386
0.14126602540336 0.0813437671117647 0.086274112313221 0.134779374016258
0.125166119340004 0.14879764102766 -0.0037427266039027 0.174155173732918
0.0527350380201941 0.201653331564061 -0.100797373472964 0.121150633731062
-0.063929690008591 0.213301411777181 -0.0707675175377859 -0.00965830329475434
-0.130728008158725 0.209006799864892 0.0893967437922373 -0.0924682772990423
-0.106457462674711 0.125529952352435 0.0394321091970855 -0.211766191982319
-0.0900852629992188 0.178693067758313 0.117296174629042 -0.213156719612314
0.00870563636592994 0.206471379794811 0.0928274320379013 -0.212609007518313
0.0985349120512897 0.165346622351671 0.0429405175058759 -0.173583449777622
0.121095784250942 0.0884562906754043 0.0477892617487137 -0.105564696129922
0.123867111504997 0.0430558376495807 0.0627301527568157 -0.0833865293853621
0.117813087829922 0.000562244359555236 0.0825806365670888 -0.0562893634526792
0.0991725606538365 -0.00330507186297036 0.0948614519127074 -0.0216794480052597
0.104002995262353 0.0026195079240456 0.123883216128453 0.0277156042214724
0.114136020545508 0.0408688387703241 0.130878950088823 0.0890845417799557
0.0993421424331202 0.0858112556689181 0.107413307437792 0.155136158216894
0.0775189583405995 0.139923511806335 0.00611706667136171 0.176180512036018
0.00972979936155253 0.174638324548956 -0.0819205565379408 0.10378083196203
-0.0943028534946264 0.166767024227834 -0.0399546876295756 -0.0300041488839297
-0.137456379709677 0.143894559551666 0.134876306067431 -0.125460633394663
-0.0777410061596408 0.0451119706169079 0.0702886158428439 -0.232165505484853
-0.0704744753391656 0.0974361408434468 0.108951020446668 -0.225741376811475
-0.00207229070866394 0.120505177577247 0.0998133598292277 -0.191010967093608
0.0522920771560763 0.0934510902690948 0.0681520623762059 -0.150119270065842
0.0580100946144237 0.0501869321696584 0.0820158604423218 -0.0975594419432095
0.0629029944056822 0.0332130012897533 0.0982721175042873 -0.0860047204227654
0.0665349475405675 0.00994758986905647 0.115477045353286 -0.0565999364203747
0.0579434146893031 0.0051617718488287 0.129237618484622 -0.0141113131912119
0.0619540907158472 0.0124854632400208 0.157445075522527 0.0436226432370967
0.0645683196110038 0.0359398893117501 0.15314838423103 0.11555295956066
0.0545261433088109 0.0639777334673818 0.113431735406919 0.179033418527106
0.0383489377676452 0.0996890363083878 0.00806756923459088 0.180784410773574
-0.016802860861932 0.121866522390832 -0.0598493323865043 0.0976573801778985
-0.0973355683835116 0.101851090076551 -0.00752208978267396 -0.029753580027307
-0.117874511853055 0.0636666615548915 0.171386051753771 -0.132351424662353
0.0532330978785162 0.0229820908926836 -0.192276325892223 0.151465434875259
0.05565696222961 -0.0352180158008049 -0.00875906556252756 0.0691947128840113
0.0184032087008235 -0.0669292051981403 0.0650990088737583 -0.0896714891088316
-0.0191571386301446 -0.0420581523463349 0.0227291035733471 -0.192220865711053
-0.0130861044666676 -0.0264549926221169 -0.093026879170645 -0.225293574631172
-0.00672016915861488 -0.0240756463065207 -0.167898108063489 -0.150717723297775
-0.0108078009355662 -0.0173095435480149 -0.184485876181628 -0.0618927243625165
-0.0075299594047936 -0.0173961434841377 -0.171395598751508 0.00623692556542679
-0.00549915258733771 -0.0271787022071306 -0.140856451416978 0.0585970058063679
0.00855332425553361 -0.0345844580654384 -0.125880635312193 0.101907807285324
0.0160292405743912 -0.0264488959865882 -0.113059594299802 0.119061475953215
0.0190326286307986 -0.0281319255450962 -0.114978806067659 0.141959684135935
0.0309082953737424 -0.0300994452698771 -0.133434720246278 0.172170080621967
0.0551972608481668 -0.00122132682028123 -0.121548614228122 0.18232802754264
0.0447091690898943 0.0382691425671155 -0.0814746978254389 0.208671282470121
-0.00310015041741062 0.093170171431839 -0.202795880886092 0.106299594263265
0.00693839936188642 0.0409035510862265 -0.00861411727906083 0.0350846571686074
0.00662324638873826 0.0176770127462294 0.0538785308937975 -0.120201433119136
0.00191410084589268 0.0337675707974441 0.011848742067921 -0.208965898795309
0.0301641864526834 0.0310996385221098 -0.0933783856368144 -0.226753835955238
0.049559627448766 0.00753242685039657 -0.162244186870683 -0.154458562833169
0.0497688845785632 -0.0121300536700806 -0.17426781388272 -0.0700749046789929
0.0468434759154187 -0.0206791517691517 -0.161190876597149 -0.00439375570982412
0.052255871212343 -0.0396610624378364 -0.126021971504465 0.0510074723862078
0.0782235576375273 -0.0305045959425612 -0.105268570032614 0.0983987324691335
0.0846882374811831 0.00162968521606514 -0.0932537164402149 0.125035896420788
0.0825434964366836 0.0356638850602181 -0.106552998853606 0.152513326045973
0.0592158584715383 0.0617350096263014 -0.13521370842866 0.166067590926733
0.0350560269536954 0.0943314626384892 -0.108563577178214 0.153982841067344
-0.000821265918678645 0.133089009731309 -0.058289737293514 0.171119089502687
-0.060700821055529 0.151695832779979 -0.180791358283807 0.0475988349893332
-0.0454542643227808 0.119753122983829 0.0187988381371635 -0.00724253422469959
-0.00403295615870781 0.110087338206458 0.0606805280410628 -0.158478410133678
0.0324371422318804 0.113530026067756 0.00507990261565298 -0.228182563415619
0.0770850318878248 0.0843465648858248 -0.0898261520334668 -0.21905749308554
0.103491421725519 0.038273079354693 -0.14319134001692 -0.145679429740994
0.105509307480084 -0.00619509287077704 -0.14470528152999 -0.071800253449192
0.0938560388692846 -0.021301816857704 -0.12818413805744 -0.0137310373308407
0.09974761765248 -0.0458411411168835 -0.090441463254308 0.0401801744486504
0.132945593984749 -0.0263691538300035 -0.0644985936310544 0.090201741012221
0.139333578704668 0.0212736491073094 -0.0525150317097565 0.128972482877711
0.137542724066022 0.0806826016710295 -0.0837698305790696 0.16667647693399
0.0890821524613868 0.133343232189136 -0.13419846039448 0.162974048247479
0.020174895029582 0.171631559505698 -0.102690389347308 0.115953437006573
-0.0422523814218516 0.207936691847479 -0.0280701501536563 0.110052410713862
-0.106850334646664 0.191462721561523 -0.131612202986843 -0.02127917168561
-0.0882593617179278 0.189830649383646 0.0600686503541283 -0.0570495444713705
-0.0060907350302056 0.198028563129379 0.077603770356217 -0.194690818210676
0.0719020482980266 0.183364890172263 0.00506202285381969 -0.24011604918582
0.124041394968039 0.12311762128944 -0.0748104209305249 -0.200716355685378
0.148997826027807 0.0581942965786632 -0.106228306259278 -0.127827776823038
0.145739690302718 -0.00228602817434833 -0.0946030637904758 -0.0685509971271688
0.126822792666483 -0.0195298504575623 -0.0767212440971147 -0.0212022984483096
0.131216273378763 -0.0434612474652672 -0.0399904289796533 0.0275935220791736
0.165698898701565 -0.0145967415558521 -0.0124545932547629 0.0784530294017671
0.169647899938169 0.0403251626744367 -0.00297504113225129 0.130122513416119
0.167161221663082 0.114482454440285 -0.052965976118183 0.175644462966342
0.103357899831025 0.183074881415729 -0.128773166008362 0.156823897753556
0.00132201605534094 0.221289809502476 -0.100337910350703 0.0724666598280596
-0.0795968737530242 0.248812270916649 0.00693277756998297 0.03622118091717
-0.131696877954659 0.204659248263945 -0.0679849428058348 -0.0954234865224771
-0.110607489827561 0.233083067358395 0.0980850794873615 -0.115637702455746
-0.0002609048997718 0.255886469829521 0.090881256895418 -0.219280510746633
0.106901586471033 0.223827646125493 0.0128833839127166 -0.234324626595391
0.157717263638574 0.138067845417459 -0.0426596320671871 -0.168923085764
0.17284187842491 0.0641868064757558 -0.0521811709410203 -0.107910457277286
0.164380844752686 -0.00135115547145013 -0.0330780265710494 -0.0635865730422284
0.139777561658416 -0.0159777929482851 -0.0157428456806884 -0.0261424874557809
0.14297765934281 -0.0306268520091368 0.0187037641672124 0.0197901474792286
0.173231405035314 0.00618659671533012 0.0421912303006885 0.0710457504580943
0.170916574132857 0.0649919175431739 0.0459541090009088 0.131095539727598
0.162073562339906 0.141830100569644 -0.0247160399036742 0.178633743613312
0.0899833125566807 0.209297508925365 -0.120108680545823 0.143325215942727
-0.0317318995369138 0.237456295220695 -0.0928794963845057 0.0274229463717229
-0.114433833881015 0.249848802801491 0.0470721976429476 -0.0354517608683882
-0.132391796934598 0.1835707581141 -0.00353934151382928 -0.165539324097087
-0.112295460867376 0.23147452199989 0.121562363433137 -0.172541434190054
0.00501614349763441 0.261906218165364 0.0970698894121979 -0.226734820691222
0.118312992555671 0.220880546002015 0.0272975006344373 -0.209728807178137
0.158572257132556 0.126958099191603 0.00447188109731769 -0.134234778326318
0.167014366074742 0.0590085038457406 0.0102473639199113 -0.092152357409448
0.155641188065576 -0.000239123073355137 0.0323303511956807 -0.0602648541323283
0.131457937695486 -0.00905229885512124 0.0460020450333252 -0.0263710108025454
0.134796508503534 -0.0119747770883854 0.0771999043921626 0.0198557246918073
0.155788906100326 0.0306262650722652 0.0943415019316378 0.0759106055864872
0.14508288166389 0.0870960545833046 0.084862643768831 0.140913384223359
0.126038575382913 0.157452803458963 -0.00596953571274356 0.179299105255321
0.050632203702156 0.209500236114073 -0.106856148536935 0.123994922303789
-0.0717290053074926 0.21813678520329 -0.0737188438763417 -0.00960391455726396
-0.138936047412083 0.211446497480291 0.0930970090685602 -0.0921972319866808
-0.112413714254414 0.12757056643738 0.0485695093113292 -0.217004985085376
-0.097426380170137 0.182414097702024 0.127317768552282 -0.213645904099805
0.00504837202169975 0.213083257703714 0.100466580559565 -0.215395708712249
0.0994531159229255 0.173192431375622 0.0490581239085644 -0.177442630042075
0.12356662993598 0.0945961758760532 0.053272211293949 -0.10741732530946
0.12780671613407 0.0471127648766133 0.0684086552414015 -0.0841806181594795
0.121570753495007 0.00384590694169334 0.0868941810270045 -0.0586242466205399
0.102861207850341 -0.0009214675209934 0.0994516463688442 -0.0220476525378046
0.107214476753594 0.00585790930661914 0.128122460573097 0.030588815240165
0.117053876811193 0.0455553804251088 0.133549612132061 0.0955738486652455
0.101690314611282 0.0915360435306138 0.106961996132678 0.16249213869951
0.0763762208722388 0.146259061637471 0.00224280184399655 0.182206632270152
0.00592981725424478 0.180128107240876 -0.0869699679111411 0.106109291349526
-0.102118106934381 0.169195340363454 -0.0407224787671574 -0.0302896458785115
-0.144075140552924 0.144092511600406 0.141342885097608 -0.125307063316412
-0.0804920238796199 0.0452799360300213 0.0818680721285104 -0.237785264045811
-0.0749835020972486 0.0985851505715316 0.119365319678862 -0.227169492742391
-0.0051280687589094 0.124013513116134 0.108215431864804 -0.193746800311509
0.0530456611147732 0.0983686674722297 0.0747530460652849 -0.152021668083008
0.059599659872582 0.0534732718048617 0.0886851767264347 -0.0982642837560755
0.064701784476458 0.035748007189938 0.104944268555959 -0.0865889210187716
0.0683607908612691 0.0124944539351629 0.121981630192791 -0.0570416690743508
0.0594350896926214 0.00737464456200109 0.135835051113562 -0.0134150247749617
0.0634455599724708 0.0150527407861443 0.162393223434958 0.0490917467860739
0.0655896749419465 0.0391361210029896 0.155922272306067 0.123449661149579
0.0553640343497301 0.0671037283132661 0.11257911023306 0.18784798755647
0.037161076585036 0.10413446316354 0.00402513055202166 0.187077079524451
-0.0201103026218202 0.124752661986899 -0.0644776583533625 0.10019674338297
-0.102460399547799 0.102506843920531 -0.00774115201079448 -0.0296520525411144
-0.121290738972312 0.0630418965291685 0.179797094847934 -0.131931492335996
0.0567946124688694 0.0244026253064267 -0.209342282408257 0.159700139475484
0.0604014433345765 -0.0372052370918488 -0.00912865856079298 0.0740062858368213
0.0201014053403015 -0.0717457275643391 0.0723308253033045 -0.0946961057353861
-0.0200937089043516 -0.0452030936418975 0.0273932580974639 -0.206254175346855
-0.0131882901497027 -0.0282975403405453 -0.097798687568174 -0.244060068067156
-0.00752204921547239 -0.0260776928984437 -0.179279711038162 -0.165464872592732
-0.0101441634983931 -0.0190543931163535 -0.197913261307489 -0.0681905515589494
-0.00680192069001562 -0.0185543461443289 -0.186148584892416 0.00543338569246874
-0.0039714360435302 -0.0290475900433702 -0.154191152728166 0.0627208044584286
0.0102065166108784 -0.0363070657110079 -0.13737506964245 0.108714544857579
0.0172402959946445 -0.0279684457346751 -0.123169298672001 0.126445848863328
0.0211880834251884 -0.0300736358888459 -0.127103300511123 0.150123256182231
0.034475398318706 -0.0307318291310657 -0.144647156812579 0.182689900420245
0.0585398355264517 0.000114991802202735 -0.133528836974108 0.194340673359484
0.0459839177974325 0.0422978718001595 -0.0932893433513764 0.223766861767788
-0.00437321044119452 0.0993691006398129 -0.21989343268323 0.111818749907014
0.0066817263453655 0.0451778997832351 -0.00893480448998651 0.0371193633268747
0.00674533116065703 0.0190385932862231 0.0601856441030405 -0.126659331453589
0.00302691051161021 0.0365614993680969 0.0157023866977691 -0.223643799194201
0.0333243193514542 0.0339684677653492 -0.0975766730543023 -0.246250612768595
0.0536288085592216 0.00850147154429762 -0.172434920735436 -0.169469928106525
0.0553269698721694 -0.0129049401919805 -0.18767531810897 -0.0781686382090139
0.0518769881014121 -0.0213689178709102 -0.175565344055584 -0.00554336114848099
0.0578905149662074 -0.0407019902375721 -0.138020024060722 0.0541775511294672
0.0855443601091123 -0.031425528115398 -0.115517024596395 0.104626605575519
0.0913913317134108 0.00336795657659611 -0.102164942134671 0.132396192597498
0.0886743044726576 0.0394725638995571 -0.11617789843827 0.161447351980306
0.0634728651360928 0.0678717988275223 -0.146045381728497 0.177359121048443
0.034895764218554 0.101309256165584 -0.11927537839297 0.166041984537262
-0.00355376878935918 0.14332273469068 -0.0677868003255354 0.18461499986093
-0.0674393292699053 0.161580151354295 -0.194952008647095 0.0499501783347111
-0.0511251450415422 0.129514884236518 0.0207799302798387 -0.00710665977631347
-0.00533683065215889 0.119182425899296 0.0684960664473643 -0.167905719807352
0.0348094232580731 0.122406210276291 0.00877490054689084 -0.244855109503974
0.0838062587322929 0.0920804030459519 -0.0942492115703567 -0.238021826857868
0.112115864755233 0.0411555501592903 -0.151351976353322 -0.159217262364222
0.114381160377166 -0.00543727479977391 -0.155055950371697 -0.0802339961356054
0.10310447311474 -0.0222748192613306 -0.139296807674153 -0.0157196038377597
0.108910533293973 -0.0472869035516356 -0.0991935336989438 0.0421608307613773
0.144290651560325 -0.0265537267901924 -0.0718602327114257 0.0965572097879573
0.149818013831172 0.0242155956183863 -0.0591606876708711 0.137928787031972
0.146694372393799 0.0897058329155566 -0.0904015052165331 0.177183803108964
0.0954459985151205 0.145164069989916 -0.145448722308792 0.174903331319706
0.0186432260383897 0.184919315387823 -0.112253388793764 0.126091800765898
-0.0491130058009437 0.222669480933886 -0.0343838274255316 0.119465684299972
-0.117419402545866 0.204111920327767 -0.140714449676321 -0.0227890153264303
-0.0974866099679342 0.204733554612374 0.0656594389634755 -0.0587725548443893
-0.0077165766491325 0.213403971762075 0.0863118122041187 -0.205761940447977
0.0766830454745763 0.198046638429104 0.0093658213864508 -0.257552988463637
0.134737183577649 0.133617168312528 -0.0774675925544859 -0.216101644040742
0.160250407850266 0.0633291142838222 -0.111637249114369 -0.139592570431633
0.157929290770594 -0.000724328828954632 -0.101704494463542 -0.0761262419635815
0.138699117879192 -0.0193086171560813 -0.0837984520472167 -0.0240581290885983
0.142633282838782 -0.0438948117857103 -0.0443332173289366 0.0295076522048808
0.179295122396595 -0.0139850401575985 -0.0158526424751174 0.0841064700726858
0.182627461667146 0.0449122809612131 -0.00520589651296711 0.138940677325994
0.179079994346734 0.126147073356012 -0.0567193312312681 0.186743773031373
0.110738450746726 0.197886129031238 -0.139528205468794 0.169322480731803
-0.00238420985833148 0.238363767312415 -0.108669240284508 0.0790596419028633
-0.0888598114661213 0.265844087058795 0.00428159386649106 0.0408956179078164
-0.143856186640312 0.21891429730845 -0.0709155511302322 -0.101896521996002
-0.122077199587808 0.250341360797526 0.107691903985931 -0.12094429633271
-0.00217510957558786 0.274814285188832 0.100961647638192 -0.232079885621705
0.114519922584968 0.242378770875491 0.0173491677295145 -0.250529425539003
0.170087955638175 0.150137197011839 -0.0425743231361658 -0.182491429070575
0.186867479538653 0.070248611089947 -0.0535188453450557 -0.117546643509836
0.177343133316973 0.000622202097255789 -0.0345790290814228 -0.0712517127703783
0.151845354040974 -0.0150451124347549 -0.0172758543983997 -0.028935662282011
0.154927353319409 -0.0301949302323281 0.0195062661254539 0.0208939226532545
0.18716616526474 0.00890345124641551 0.0447773050136399 0.0772096553218525
0.184067211520212 0.0717215667502481 0.0480747649487231 0.141591171103536
0.173024266689706 0.156000164777167 -0.0266525838101118 0.191216764395907
0.0959550382920044 0.225957911759516 -0.130027628918516 0.154156597475335
-0.0376629712897348 0.254794123928375 -0.100404024006362 0.0314237767458405
-0.125800128720081 0.266041021393537 0.0488683981402443 -0.0359390678031716
-0.144776083958003 0.196086529048247 0.000216303349511439 -0.176322847808413
-0.123675017299551 0.248065516702485 0.134294382982335 -0.181497038638068
0.00382524954341074 0.280921443749184 0.107489158379287 -0.23975413509592
0.12717135597152 0.238895041896306 0.0324537976132282 -0.224133694936095
0.171220179692194 0.138194573750367 0.00745374154407598 -0.14463630690409
0.180033626683727 0.0645014411054316 0.0148234979003774 -0.0996750849794422
0.16799013625707 0.00172747934297101 0.0350294645154512 -0.0665013997828219
0.142529263649504 -0.00812869643579285 0.0497923155680586 -0.0298273782877057
0.145660970281377 -0.0105852300332244 0.0836500242710468 0.0218373903939502
0.167587615461063 0.0350003379717822 0.100197995432749 0.0826698595245366
0.156081804324509 0.0953525233363585 0.0887502911755562 0.15166304746372
0.13440715276153 0.170806586290949 -0.0067212325426106 0.192360747770222
0.0534001595260686 0.225613682246371 -0.114927503732396 0.133179689834692
-0.080502215607787 0.233956770722872 -0.0787741216321285 -0.0092300036280402
-0.151032388803001 0.225014267799123 0.0996503978941951 -0.0972343292293231
-0.121859500227414 0.136229616209605 0.0576613152033342 -0.231647084643035
-0.106242255747488 0.195004200001231 0.1405112209974 -0.225181421905148
0.00419946810125287 0.228397400961786 0.110516462234512 -0.227907404072152
0.106855928489891 0.187556033034781 0.0548514685873436 -0.188870041069561
0.133882718193452 0.103364060634708 0.0599305553785572 -0.115174811317484
0.138141423135765 0.0517240302898925 0.076335003515307 -0.0906705012422921
0.130680328800032 0.00609785111856865 0.0947154880790998 -0.0641210801399998
0.111570810401892 0.000697429229538021 0.107675284479494 -0.024914964402566
0.115660856457609 0.00748701112324439 0.138242200680535 0.0341106613900472
0.125575434595688 0.0502437838909951 0.143401207003766 0.10442453370591
0.108644903378754 0.0992846706207534 0.113030440547846 0.175021853243452
0.0808952607818551 0.158307629111082 0.00221043716790047 0.195690099809302
0.00506643244551016 0.193035013345836 -0.0948062853709383 0.115001988757252
-0.111289039976063 0.181321125535055 -0.0439641646540564 -0.031577904623495
-0.154876816323483 0.153205508366005 0.152137544946554 -0.132704380620619
-0.0858145549397037 0.0486107068527186 0.0937973352899664 -0.25452599281596
-0.0804120181516731 0.105253049811924 0.131710039808015 -0.240361257843835
-0.00539430361388455 0.132664258473362 0.118892749587433 -0.205499606896061
0.0579305341401261 0.105558020856267 0.0819479756366825 -0.161755355542393
0.064365340402627 0.0581680272653595 0.0984071207420083 -0.104391564289333
0.0701834765806829 0.0388533127667858 0.115119934018178 -0.0923940279356521
0.0728324981764222 0.0147221499687206 0.132602616641189 -0.0622441127078162
0.0636411875473545 0.00884089599616369 0.147742671293634 -0.0154351055156626
0.0675412526311601 0.0172166146828818 0.175690500531268 0.0530679121983311
0.0698927314800198 0.0430632776168156 0.16699795602017 0.134949679268643
0.058674329336974 0.0725837259863404 0.118418904735937 0.203353799180612
0.0385161597699537 0.112485485270414 0.00303032663796202 0.201249538544177
-0.022475154058518 0.133266904622164 -0.0704323761987053 0.108264392518191
-0.111161332678709 0.108844810628873 -0.00824767205836958 -0.030225436503785
-0.128740285313883 0.0663081372147205 0.193718218594771 -0.139123139744077
0.0633179248394525 0.0232847396045687 -0.224647268629376 0.182455264037494
0.0647293842771886 -0.0422622539831413 -0.00611902949771487 0.0812709330794062
0.0194943616561496 -0.0788294703521531 0.0789706031966426 -0.105982868001333
-0.0233210749373361 -0.0489673318713484 0.0250378430795625 -0.227601268716636
-0.0156397381293817 -0.0310006216921981 -0.116396668223327 -0.265574342019948
-0.00923207063525568 -0.0286859182890626 -0.203287193119645 -0.177353856316277
-0.010137303828605 -0.0210508183888029 -0.220298128676037 -0.0685966622468601
-0.00676146796263808 -0.0200542401105692 -0.206773675902026 0.0137039621070764
-0.00431514993459488 -0.0315704545961373 -0.170067254347459 0.0753941178531298
0.0110401665962575 -0.0401899744463509 -0.148813711306158 0.123630144407255
0.0177436126166323 -0.030426948580154 -0.131751155093759 0.141484297539554
0.0221908436579585 -0.0332653666063305 -0.134429940925452 0.16775455410465
0.037356607084315 -0.0345176861148538 -0.152294059661405 0.204526976254449
0.0629081650876822 -0.00129777135197243 -0.141291023826071 0.217732917639237
0.0508622855280033 0.0454934280042583 -0.0986923584570567 0.2506060345521
-0.00215673656662487 0.107840428786026 -0.238722044049964 0.130152304413915
0.00871229709008744 0.0504975911270058 -0.00725876916872416 0.0408503386048845
0.00812234135154043 0.0213514959138527 0.0640925150645564 -0.140498632104873
0.00615245393113235 0.0401453761680531 0.0111565253522749 -0.246247375811452
0.0390584060543454 0.0361788070916287 -0.116542164274637 -0.268321476399773
0.0598001421088664 0.00702848869275086 -0.195804489693261 -0.181929524217215
0.061398107859859 -0.0162274538276535 -0.209720282600939 -0.0799992643326127
0.0579376038768103 -0.0250774062075398 -0.194997986873095 0.00180843494789862
0.0642222807410799 -0.0461884663975455 -0.152136835423285 0.0651737048226329
0.0935223683153732 -0.0369327122392688 -0.124354081920425 0.11944127009235
0.100625635793468 0.000976218292968889 -0.108724304188347 0.148454007419273
0.0982768627620326 0.0416755718188437 -0.121888531830777 0.179538941882166
0.0731935942802652 0.072982488812247 -0.154168911655994 0.199364929585505
0.0411331620133584 0.111673926181961 -0.125308623342058 0.186545241430888
-0.000148082933209965 0.157873947955722 -0.0718918339042663 0.206871282088433
-0.070037996745889 0.178609838866829 -0.212625775978252 0.0628359447297333
-0.0524274281956218 0.145153906603625 0.023816823395639 -0.00760513408646795
-0.00212159391815866 0.131366944673318 0.071855494471728 -0.184977940093105
0.044376313342604 0.133531446076408 0.00308312739202194 -0.268905944476762
0.0976131214230699 0.0976534792826076 -0.111759138141125 -0.259576020068606
0.125089903345424 0.0414028387480673 -0.171554025739637 -0.171732048277725
0.126997225371937 -0.0103203044126496 -0.174500647740647 -0.0839731222720941
0.114843356182964 -0.0277806580922255 -0.155850759090561 -0.0112371420688979
0.119709821585093 -0.0545260635053778 -0.109725454546586 0.0502224758724793
0.158758640965176 -0.033778964121531 -0.0768705950078415 0.10856619489446
0.166462029137074 0.0221052919914962 -0.0613121169677111 0.153557521338875
0.165016959033225 0.0943843889822688 -0.0917008649788335 0.196794435236033
0.11098646842229 0.157188893726885 -0.1522616747075 0.197467969946746
0.0257970538078696 0.20301998398072 -0.118953666879937 0.143483814427182
-0.0471469853003473 0.246111404393465 -0.0367215409867595 0.134230373466598
-0.123753467636089 0.227648699814212 -0.154313100928082 -0.0188807126952485
-0.101450776480218 0.229178806318544 0.0716651252156179 -0.0651431744913956
-0.000850681391909766 0.234414275915986 0.0895768613503281 -0.22649484612664
0.0924514345799718 0.21438698190067 0.00252093903230428 -0.282734476614815
0.154782232157452 0.141703693587533 -0.0923368184856152 -0.235910916519765
0.179376167851381 0.0637302760474783 -0.125952612929456 -0.151140447633076
0.175020908100342 -0.00572473843991166 -0.115656661627077 -0.0820993849222391
0.152940102262554 -0.0262533879757388 -0.0948998004657726 -0.0229856005224306
0.156351191192967 -0.051732486483977 -0.0491639701655372 0.0336826694879655
0.197173627987897 -0.021007870193387 -0.0155387109949596 0.0937691357340769
0.203355689334659 0.0437001527827665 -0.00220908832946846 0.153206057440308
0.201579249811164 0.133440865092802 -0.0547592853059842 0.206769374509167
0.130071667991046 0.214193658408256 -0.14600992138602 0.190588299107462
0.00333779764334679 0.262039326581353 -0.116175181174937 0.0926675156196086
-0.0894327009411479 0.294611623828356 0.00431809276516799 0.0469932439347789
-0.152128135910315 0.244722906141589 -0.0784137975481028 -0.108077454290426
-0.126111229992916 0.280146355837691 0.116134014926706 -0.133282387805565
0.00797685304822432 0.301512367298941 0.104473955653297 -0.255153067229868
0.13570447229945 0.261886692706432 0.011439072297953 -0.274448306797718
0.194683592041259 0.158459706137964 -0.0516366238341862 -0.199826555679925
0.208590674861307 0.0699166449550421 -0.0611486845216344 -0.1285976800015
0.195969811696254 -0.00440466975810949 -0.0418556689691581 -0.0789465979883016
0.168008844300091 -0.0218875206150498 -0.021654743787901 -0.031939496852076
0.17062188878582 -0.0373694598408288 0.0215493887916696 0.0219983070121748
0.206522339914907 0.0035674414730488 0.0511624188290274 0.0835628790041741
0.205645116154914 0.0722522439507405 0.0561794665258002 0.153087187981148
0.196581075645844 0.166374138620241 -0.0209557840989026 0.209282680804157
0.114201622840313 0.244949990338026 -0.136408554803497 0.174946283915826
-0.0342270486599983 0.281150336147711 -0.108830611248322 0.0399899562806341
-0.12907521087836 0.296546797426657 0.0511116854900764 -0.0392497952660767
-0.152270093295738 0.220209315712695 -0.00278404097868811 -0.1923001041149
-0.126936768045881 0.277198309531731 0.143248849542978 -0.200151767851724
0.0141173214741819 0.307980083234657 0.111945371969529 -0.263967166207805
0.149757189400537 0.257107793056811 0.0292620010320683 -0.246143488258606
0.195149603936793 0.145621844051787 0.00455480190677521 -0.159630160868334
0.201187154246077 0.0643924941023448 0.0145235682603586 -0.111091140933784
0.185684713626235 -0.00255626033001264 0.0359290513597638 -0.0771133405579397
0.157158589568128 -0.0132481869345794 0.0528436816244844 -0.0354285366321355
0.160498011779055 -0.0153992984442874 0.0930396574099232 0.020814958863455
0.186049117780524 0.0329336060430179 0.112862107817648 0.088027948307628
0.175613632044604 0.0993198272723491 0.102801065728552 0.1638026017519
0.154668768700575 0.184337453941729 0.001770786675055 0.2108506174066
0.0668420065802116 0.24571693538577 -0.12101702636146 0.152313664396532
-0.0814253243688874 0.260001884478374 -0.0863470014243014 -0.00443286193838869
-0.157399412530764 0.251984864987606 0.105283454627494 -0.10851490801622
-0.128809744030349 0.154262075850784 0.0594694345302643 -0.255580844522113
-0.109354116423465 0.21848557838265 0.149055924176864 -0.248449555368118
0.0129610108912212 0.24990413516354 0.115081667521559 -0.25176798769204
0.125858994389159 0.201359625249804 0.0548930896002025 -0.207736470245334
0.151682354000415 0.108794758060503 0.0638840570195003 -0.128733494793646
0.154493010442624 0.0513598418042595 0.0824246062075965 -0.10390067621654
0.144047793037772 0.0029716834667709 0.101941958167338 -0.0763102869983495
0.122610302914325 -0.00238313535129228 0.117569907514245 -0.032649776583307
0.127603110251275 0.00519007598606024 0.153809589542927 0.0320741815797148
0.140151953223254 0.0513860142186521 0.161151164873244 0.110898402615374
0.124044215640462 0.104705004279716 0.128940633771867 0.188973501780219
0.0946626254338479 0.171446814297709 0.0106809272014614 0.214521855943539
0.0130360106420948 0.211036441984302 -0.0991304464169564 0.130695272686173
-0.117138986547194 0.203125623379371 -0.0491407967151477 -0.0308342974154494
-0.163386401090611 0.172792913966455 0.162140805036252 -0.149474367707598
-0.0917441127250722 0.0560021118140976 0.099068748927334 -0.283628944817222
-0.0838633951804443 0.117763842948216 0.139360836242707 -0.264501117447623
-0.00112220660352112 0.145218733531567 0.123617568941961 -0.227528097478569
0.0689606092679515 0.113710575864825 0.085343036476069 -0.179819042444331
0.0737764068114113 0.0620204229434083 0.1077506302829 -0.118075985318345
0.0791014114815283 0.0397405528972178 0.125287511799486 -0.106537909903078
0.0806238532049114 0.0137811123195426 0.144571351664233 -0.0754479431965725
0.0695657717196266 0.00795979705052291 0.162033764812971 -0.0241809723395075
0.0753830265474716 0.0165708292722658 0.195459569848343 0.0518800251290781
0.0776262842578584 0.0453623008986579 0.190278399329218 0.143334344388634
0.0672137070224215 0.0777572155757484 0.136405220876803 0.219674910751287
0.0461373741169992 0.121117515588318 0.0103937663225596 0.221003109565237
-0.0209163662935708 0.1460247397647 -0.073591157985562 0.122760515908908
-0.118283378997456 0.123343730577198 -0.0102294667848572 -0.0314249837159162
-0.136492020834368 0.0768007872669282 0.207146584091531 -0.158965184377694
0.0619992812761606 0.0404207149471376 -0.264437472294302 0.159505364180526
0.0758850317992362 -0.0329340014991398 -0.015076071404629 0.0839856697180025
0.0321198893151601 -0.0809604285454753 0.103770077704857 -0.107306571698725
-0.0201323539736325 -0.0562174177977825 0.0620327836730463 -0.246964741081258
-0.0167546964029411 -0.0341570080111624 -0.0900317515333588 -0.307582079773859
-0.00893366069947384 -0.0315604324757802 -0.195960467998686 -0.225125321712642
-0.00725465986893046 -0.0248978029878757 -0.230439458874247 -0.108115322705616
-0.00328490909263628 -0.0222095270458579 -0.228947723001302 -0.0143650136586377
0.00249324158122365 -0.0351592730290133 -0.19891075880826 0.0592837949893869
0.0182295361209621 -0.0403329363527558 -0.179067468863117 0.115294184551676
0.0234959813430347 -0.0277960805152078 -0.163512567720012 0.133756954084691
0.0263673979192341 -0.0309480670595553 -0.171751383223774 0.160558989768958
0.0444334775560745 -0.0284267003008745 -0.194582206692745 0.198804932163495
0.0638602786296745 0.0131452400729448 -0.187109989756631 0.209899462631765
0.0465336329908071 0.063470136464377 -0.154363719505148 0.250683620673984
-0.023456450556103 0.118065002815911 -0.274244588892798 0.106295874440985
0.00093584756134311 0.0564303899186504 -0.0125894395371052 0.0442792591670166
0.00380603733718752 0.0229704942053612 0.0925418138166676 -0.139165485079875
-0.003613151504052 0.0419876679392335 0.0500663977901572 -0.262337048551699
0.0307156221326888 0.0458984078305584 -0.0852334925892011 -0.307218329961506
0.0590717748091719 0.0182066657382398 -0.184454981882075 -0.22735250293481
0.0685576047930729 -0.00815236209881872 -0.21610493682708 -0.117647635722032
0.067707026467605 -0.0151236811321726 -0.213820307166102 -0.0259479190065098
0.0780220713639175 -0.0380007096557217 -0.178296925601636 0.0523868921189909
0.107222204948893 -0.0226942933416276 -0.15421096268432 0.114601339312442
0.107806249876095 0.0227185837120035 -0.143048879669402 0.143581617386658
0.0968656865501405 0.0631554406594614 -0.164124600831531 0.174134339722287
0.0627737274584218 0.0945698074248999 -0.195716774530412 0.18962064077905
0.0198117088718266 0.130965473882211 -0.164684121996286 0.174814283526968
-0.0315683762326718 0.177534195638218 -0.112242576937436 0.204095886340772
-0.108084170787599 0.180812201494172 -0.239138287646794 0.0412683973421849
-0.0797591660515254 0.145310031945028 0.0259230173478849 0.000723648899767379
-0.0256978411678481 0.136114802681204 0.106286910208379 -0.178249375223512
0.0225105167798878 0.145407864981273 0.0449578214051596 -0.280488590485334
0.0831620558242648 0.120545553771772 -0.0762607719335983 -0.292840049439697
0.124629258958548 0.0652162864204558 -0.15732152117538 -0.211185222139676
0.137500821154206 0.00908586781117722 -0.17499689539129 -0.115848412625741
0.129182217663716 -0.00693422541493551 -0.16899592983605 -0.0342107687515087
0.139008417572612 -0.0372151640613113 -0.129958794118063 0.0425061413283341
0.177918149290706 -0.00874701081909401 -0.102067724095427 0.110552961157247
0.176162995044876 0.0578981660368041 -0.0951182404009666 0.155543039311388
0.161062464163221 0.131941716520084 -0.139679739578672 0.193831214227081
0.0875302329363379 0.192234150672694 -0.193911354832354 0.186890645471725
-0.0130668206795403 0.226430714297627 -0.149905120347615 0.126723540998099
-0.100187974346591 0.266174707594269 -0.0570769753060169 0.128691053181131
-0.173568883941856 0.220648132757085 -0.166212896276278 -0.0341630224283641
-0.144560068520089 0.224918017463631 0.0847155751507542 -0.0509316947620466
-0.0425907732664886 0.24366417192346 0.130922792574589 -0.213100653640786
0.0608453489160346 0.237265672159871 0.0481984769622393 -0.288008299147023
0.137107686056282 0.175577309842104 -0.0555219728235628 -0.262581659054772
0.179993615168217 0.0974787273576595 -0.108831267476005 -0.18143184962372
0.187715719809664 0.0212889500441746 -0.110064127754967 -0.104384643406129
0.170290642312418 0.00132636110576676 -0.100085507382811 -0.0387303231569416
0.178281169957031 -0.02811953912697 -0.0612737263739398 0.033399136318751
0.217848533417624 0.0115424510713453 -0.0338919716167411 0.104011735128659
0.212093125113842 0.088895946619784 -0.0316823167755256 0.163227409896741
0.195546783484574 0.180695663963913 -0.103655952993595 0.209152095013163
0.0966778757314543 0.257541331793918 -0.185807472951763 0.17997445828103
-0.0469364911214102 0.285758987236262 -0.137581796120483 0.0709602064817774
-0.155966824250623 0.310993934935075 0.00588400579714006 0.0397396978905394
-0.206274383999257 0.232213791824635 -0.0727671015520897 -0.116213656099824
-0.179475149924807 0.273928642788114 0.141860874898696 -0.115159511921535
-0.045336293466505 0.315556420935907 0.150976242599433 -0.236114445282107
0.0992238049051757 0.293227606161876 0.0575841164249266 -0.273928268210961
0.177808536607914 0.199053173308864 -0.0139779102735196 -0.217845584437029
0.211866198390102 0.109468328036719 -0.0401591128749337 -0.147073684420414
0.2106120136611 0.0261082308456989 -0.028798599738078 -0.0891722940475231
0.1853077481267 0.00888904963228564 -0.0191719162554487 -0.037844194689447
0.190149552470396 -0.00986905423827147 0.0173029556680697 0.030239530419278
0.223645847274721 0.0399036292258053 0.0393336655813018 0.101998264861774
0.210468675380687 0.12062222861102 0.0308128941850163 0.170332341660653
0.185456975373247 0.215956964088882 -0.0681493376586253 0.215419236179425
0.0737326783972311 0.287456305457158 -0.172559804401537 0.163223941144422
-0.0913502276465345 0.299282540628725 -0.119936337383899 0.0155918356677878
-0.1984113024566 0.303585837071815 0.0734332715483984 -0.0446463289139288
-0.201476903404818 0.203716093343887 0.0226145138281507 -0.195416304490186
-0.180126852400242 0.268631294836311 0.181897768993662 -0.182035261713425
-0.0393125244554572 0.322869021174383 0.159992909745342 -0.244356012120999
0.115601293399007 0.290102254582872 0.0725408536476769 -0.239606025837242
0.180887719113797 0.184918221337554 0.0418844302352272 -0.165894387538609
0.204921659063269 0.100355403764126 0.0388872059174927 -0.117348783142208
0.199044596288258 0.026514464159413 0.0545465222011563 -0.0762803323625836
0.172411914476712 0.0155711495737537 0.0628924793340373 -0.0315437424590403
0.175867994163567 0.0120069685838467 0.0949420940811707 0.0380761687971946
0.196352711890491 0.0677505484250112 0.106661570653931 0.114283038246933
0.172924212881848 0.144158070714446 0.0805208437212386 0.187973909455235
0.136699549582153 0.227992473380453 -0.0422767632813704 0.219206153231879
0.0227281512587025 0.278893308589634 -0.151649480358856 0.141386523766496
-0.13701461029344 0.266918816917085 -0.0871600165175349 -0.0280517847161968
-0.220513451114331 0.247749805618251 0.144689741535262 -0.107782986179302
-0.166080425449175 0.135744858269512 0.100421227036219 -0.256131479933768
-0.152844490933669 0.208241786747297 0.195700652344843 -0.234663487884449
-0.030191153696574 0.261460791930439 0.162070309601259 -0.234688243312307
0.100512096251381 0.227580841224949 0.0941990001454646 -0.199107938735189
0.141769829508952 0.137827322677152 0.0990763696424524 -0.125322223972688
0.157266465629184 0.0792012471819858 0.110766417550446 -0.0987610198050351
0.153928013851745 0.0264405930280132 0.126241496440639 -0.0667340340409228
0.132362492332852 0.0201058324023552 0.13294095458697 -0.0191819756989185
0.136466092481755 0.0284155166514581 0.160931442348389 0.0583082632524131
0.143148574260623 0.080339810934542 0.156327894277556 0.14502634027432
0.115594726443857 0.14063810305608 0.106806963047474 0.217652989762781
0.0741963303267223 0.20389843259804 -0.0304197787336536 0.224648060176423
-0.0293528505778324 0.23041613370872 -0.124004362599855 0.12263169729454
-0.163709557466648 0.197969124460875 -0.0422291666105998 -0.0473984992787623
-0.210786786540656 0.158418155922535 0.211026332034152 -0.138809373017649
-0.108766098984746 0.038238235363782 0.150284108509711 -0.28379107441612
-0.109420768636925 0.106604538668878 0.189183017850861 -0.257621068460615
-0.0266785838829815 0.14892592658408 0.167062529834028 -0.215438899972995
0.0540736516292195 0.126549838521173 0.121169709882493 -0.171469835578452
0.0671433895615649 0.0747530436092498 0.140270570679479 -0.109900180607438
0.0784335404246296 0.0536983665834665 0.154930902240294 -0.0961983229726525
0.0840623819846259 0.0275996127384332 0.17084671547227 -0.0605604516376044
0.0734133701185383 0.0212172641346496 0.18033710244536 -0.00296223158127655
0.0777881589936178 0.0309537933317262 0.20453127530327 0.0849992342201349
0.0771484959868286 0.0635612143728972 0.18444911550547 0.183278074863617
0.0590178228049852 0.100415083425079 0.113368448680215 0.253364369702048
0.0289058786209304 0.141509801280526 -0.0277366036199842 0.23434746920973
-0.0527341638902529 0.153509539572584 -0.0955742034523276 0.119173576389177
-0.149902623337413 0.111737622730186 -0.000685229046357097 -0.0390367236455856
-0.16246801109751 0.0569336204125902 0.258657670905511 -0.137302690458239
0.0673395023661737 0.0341726088669735 -0.258683147950148 0.193388743827988
0.0749201048608526 -0.0414975695984018 -0.00584771688016757 0.0873432067392743
0.0245083680999507 -0.0862578957049411 0.0985658374989633 -0.122413850886992
-0.0266748313100148 -0.0558241204428632 0.0399422603195311 -0.262540152136222
-0.0208403139172191 -0.0331831289098424 -0.127133044948439 -0.309596302995498
-0.0129852324770101 -0.0311728947361658 -0.229692202033615 -0.213724895210981
-0.00923685570075533 -0.0262340521290029 -0.250674577221009 -0.0876069780236622
-0.00418835129966762 -0.0226391510827707 -0.239919732552681 0.0116263681215228
0.000452477901340416 -0.036831165936184 -0.201555557319047 0.0849442472302348
0.014951410053704 -0.0430374074753569 -0.175004224859905 0.13913627092023
0.0217828965203063 -0.0302385338566016 -0.157261043476783 0.15497618754787
0.0246350565235588 -0.0351135224043599 -0.162600730286749 0.184089267154558
0.0434671007540704 -0.034202503714228 -0.179724006444048 0.225410027079194
0.0668325039607164 0.00842470309701209 -0.172602485185624 0.236721795397683
0.0544534616428592 0.0612220794188232 -0.138489297922849 0.27714505618668
-0.0133598357264688 0.123589343227923 -0.273003447260269 0.140266030859854
0.00618716611767695 0.0594319040422988 -0.00730133302590948 0.0462967381751592
0.00586809382087088 0.0242229262260162 0.0832447399346101 -0.153870803045582
0.00206989276453441 0.0434143239466374 0.0264540072966726 -0.276820468625971
0.0378380781050391 0.0437016683832191 -0.122176284043522 -0.310421357246476
0.0635600694505286 0.0123158231892828 -0.216986845516556 -0.217969816509922
0.0716237478780155 -0.0166066307455781 -0.237337709122438 -0.0998308987155291
0.0706916546020092 -0.0229891716539015 -0.225808036034612 -0.00203579451801925
0.0780687951123224 -0.0481950337084892 -0.181224190683805 0.0753568844107217
0.109695597326496 -0.0347926873548141 -0.148973842358208 0.135929747524185
0.115143750590485 0.0126503915067675 -0.135173869827306 0.163504761739375
0.10769339299414 0.0555893399915551 -0.153281407077342 0.196610338568884
0.0757070408563984 0.0914439333330744 -0.181127996924122 0.217260340983191
0.0333159677192608 0.134583749672182 -0.151945307721781 0.198656123974106
-0.0147614238241268 0.187164163858808 -0.0989744203860994 0.224897247872578
-0.0949009455807046 0.197075785198456 -0.242071668528297 0.0694112634362162
-0.067521716880833 0.160724031226875 0.027440618783139 -0.00238551823238683
-0.0117947002730895 0.144506123407645 0.0934154549645424 -0.19392496430757
0.0399055929121785 0.147600317979179 0.0185905426238472 -0.294520343764719
0.100365106864239 0.115257160795225 -0.111405616581629 -0.296945266077339
0.13685142933553 0.0540698303004874 -0.185356731727116 -0.204255649935338
0.145093046194796 -0.00560573462117404 -0.19530230240494 -0.102139111272214
0.135440394125473 -0.0214477196942864 -0.180401861176419 -0.0159560407366596
0.142124221983612 -0.0530659043572331 -0.131932585000024 0.0602843302023145
0.184832207295362 -0.0277792074993055 -0.0956961336838578 0.127028588058185
0.189278167183985 0.0422047197464814 -0.0839327984056626 0.17105777329691
0.182111625323798 0.120888613704718 -0.123785835625201 0.21450209037872
0.112674527191652 0.190154976912545 -0.179678484476492 0.214304757598907
0.00855241443368233 0.236802996216708 -0.141147430559925 0.148174388280754
-0.0760248430578902 0.285859729917543 -0.0484591326027544 0.140957526898792
-0.157825304473086 0.246316131581513 -0.173520069485857 -0.0158176900766636
-0.126459803577983 0.249023642594912 0.0833936654603162 -0.0602446878925942
-0.0175095522289364 0.257786656845133 0.115646820683552 -0.230814785807403
0.090240632938476 0.239778525937753 0.0199822660448822 -0.302179564664102
0.163427845137157 0.166935746681916 -0.085180758474774 -0.267846453003107
0.198068588241734 0.0811131451076041 -0.13220707217534 -0.178628007691312
0.199027997712473 0.00153976019675182 -0.1266943841557 -0.0977204913739064
0.178993502867067 -0.0168962424617097 -0.109221514756292 -0.0283159834618653
0.183726259310983 -0.0476699920850203 -0.0614219895547177 0.0428244305703145
0.22822150221239 -0.0111235581996643 -0.0246037879193817 0.112700962138719
0.230836658099388 0.0701741655990724 -0.0179200268656997 0.172291672520328
0.222892230929862 0.168133759037416 -0.0839996080959921 0.225772408776544
0.129062748200244 0.256221771054056 -0.171983677995401 0.207001812581218
-0.0199973923740897 0.303120283551158 -0.133832225538458 0.0893076439908498
-0.127774345959301 0.338230063556519 0.00741319053942513 0.0421374685374083
-0.189868129315365 0.261814835289631 -0.0842221682878575 -0.111058423521832
-0.156308340715742 0.302829376853706 0.137129770543815 -0.13226116078913
-0.0126748408894371 0.331832510777108 0.134185457884678 -0.257167830101031
0.136174319431987 0.292149987542363 0.0318882263648981 -0.287806745094658
0.206842107063987 0.186580933329348 -0.0375988216765628 -0.224717047730501
0.232016952872378 0.0899149307277685 -0.0563212427540178 -0.150393930508815
0.222949582164362 0.00491268338292212 -0.0414690697481189 -0.0909906577691835
0.194261769144561 -0.0110193675298369 -0.0253637580299987 -0.0369510205287409
0.197724639013166 -0.0301321612358257 0.0202006532684677 0.0301369769939888
0.237352369088549 0.0179141259373094 0.0517629440360165 0.102882732641667
0.232375913245026 0.103280453213118 0.0482351105904918 0.174054609804749
0.216522584790217 0.205132457210231 -0.0464284712172379 0.228996352389855
0.10845629129457 0.289614265293396 -0.159888293184052 0.18902529653384
-0.0639439983560073 0.320825257654712 -0.121313458384984 0.0301947571912928
-0.172833178740536 0.33477259246545 0.0696716251860922 -0.0528173218857792
-0.188505979048056 0.232969713797262 0.00698137832407023 -0.204622095919031
-0.158466009299128 0.297760707880669 0.172121647521947 -0.205143034614346
-0.00574975706172315 0.33784216888453 0.142119867495578 -0.266821682309897
0.152751386694416 0.28781727710434 0.0506494421823717 -0.255080591852673
0.20880201550452 0.171576323344515 0.0269789909349495 -0.177742068016745
0.224599142354221 0.0818904765765383 0.0295455352650111 -0.127461013123723
0.211065164747982 0.00592563228407067 0.0482509273453437 -0.0868502659698677
0.180848353032516 -0.00208110162873897 0.0604545601811977 -0.0392692266519431
0.184526480345103 -0.00598895469988958 0.102403663290477 0.0294546197745422
0.211907488076613 0.0495481399470082 0.123271732477267 0.108245637823888
0.196650437646823 0.130915479000288 0.101933000053498 0.186531262239024
0.16774556160859 0.222941779638092 -0.018873764944815 0.230225934236494
0.0543024977089363 0.285632136443501 -0.140746597179848 0.163869871384872
-0.114670774888227 0.291794522750159 -0.0923930765451179 -0.0175551789928186
-0.199777242238131 0.279276926418921 0.137289870255507 -0.125775548648828
-0.157246240715412 0.159031933363909 0.0821630573581124 -0.27645589879183
-0.135884241828224 0.231992385056988 0.181538185952472 -0.26241888103293
-0.00306425674568346 0.273678799388497 0.144623335807202 -0.258024712587763
0.130128392335994 0.223583862962802 0.0774925630188881 -0.214769508604631
0.162784162708765 0.127498833326383 0.0902608024699244 -0.141824877160139
0.172591499905988 0.064428977818443 0.105613071606618 -0.116650124645049
0.163625551496184 0.0110329834403469 0.123917779054096 -0.084721874225495
0.140144916718295 0.00725480454743353 0.134501391510617 -0.0344942740376078
0.145011986666407 0.0151751903775656 0.173991100679917 0.0426047971489733
0.157512957383172 0.0679696070431937 0.178724454703072 0.134381173919607
0.135840432314059 0.133239509033719 0.133121925527406 0.215187319961021
0.100031980773741 0.20434125989779 -0.00597280215216906 0.235246351801823
-0.0064250662216598 0.240756792782329 -0.114659424610476 0.142057690647741
-0.149576201818575 0.223060241784993 -0.0478049658711081 -0.0429269056531679
-0.198953464981287 0.18604300935154 0.203217252340087 -0.165747662326172
-0.108361940741995 0.0509897833767198 0.13041683373356 -0.312076686956146
-0.101452250236504 0.121675441901917 0.17258236525134 -0.28467573386207
-0.0119706017211719 0.156559345119091 0.150907518062274 -0.2380989926508
0.0708853827002807 0.124204596738376 0.107913222822503 -0.188844048211032
0.077754967455921 0.0703624682107197 0.13557758113958 -0.129574376024584
0.0874676346538943 0.0470155975782728 0.15243214795378 -0.117999861449524
0.0905723141695302 0.0195853252763102 0.171716084176273 -0.0830244374807073
0.0782236563998596 0.0143797692875482 0.186179709796964 -0.0242830210813325
0.0831044430595963 0.0242313196857725 0.222231599003191 0.0661904300398457
0.0860998730427784 0.0579730089089988 0.212491140707006 0.170228339903623
0.0726638061694361 0.0968609353674616 0.143030668971596 0.251481402234586
0.0454342249446027 0.142766738910699 -0.00272656658177272 0.246631326607242
-0.0394055720803189 0.163407443547738 -0.0858672090578654 0.134530356882345
-0.142894457088473 0.131114767109068 -0.00502425884738064 -0.0392614491363636
-0.15899638073693 0.0756874553285831 0.252570170052563 -0.168922323913876
0.0687665911140076 0.0276508373991469 -0.241795827875546 0.214117428352338
0.0709689644716019 -0.0466316235726853 0.00167975197393418 0.0862075419503441
0.0163885802684156 -0.087060846896625 0.0895701314019656 -0.132329645166891
-0.0308261904045482 -0.0533617251825878 0.0182929058465342 -0.265768351518958
-0.0236921858744488 -0.0311274744752119 -0.154678170786019 -0.297737717218038
-0.0156309247052758 -0.0294055807108525 -0.249432275613397 -0.194606169307491
-0.0107920211442134 -0.0262659525864367 -0.258878946653244 -0.0657362915259804
-0.00492291484297948 -0.0226966342990966 -0.239101841316529 0.0347985749973314
-0.00205671269375047 -0.0371845708350733 -0.195024007864268 0.105690775579462
0.0118134230437422 -0.0436420151326071 -0.163040410856144 0.154248839586563
0.0192163325917304 -0.0308135701167292 -0.145262610668336 0.167701792360307
0.0211200527311916 -0.037372231655516 -0.148084102541344 0.197067324722496
0.0409245770500495 -0.0373530344289307 -0.159124454428642 0.238838428945729
0.0676108122090886 0.00448242981669138 -0.153194831597907 0.248054843610237
0.0586439525148451 0.0567593390883901 -0.118604704360075 0.289661971628935
-0.00470381940747731 0.123859269113179 -0.260168210618303 0.163768877654223
0.0111238515151793 0.0600376357433585 -0.00319429612464226 0.046670414809977
0.0085678446550895 0.0245632510467047 0.0722518520616414 -0.161184154686119
0.00659293213124132 0.0431529890000553 0.00395718568529756 -0.277956788813709
0.0428024837530549 0.0399079044924298 -0.149584523064003 -0.298834368058039
0.0646183763175986 0.00741035680950374 -0.237116462713693 -0.199875002014234
0.0707464847830309 -0.0237445345547086 -0.246780911147588 -0.0791354428777883
0.0705540409690053 -0.0293934278105362 -0.226679842693805 0.019797656265297
0.0756710188191202 -0.0549949758688396 -0.175920749291898 0.0942201233768605
0.107609625886048 -0.0437054550459949 -0.138447622622889 0.149124200618903
0.116419689646322 0.00364855162905149 -0.122796038666936 0.175074117922932
0.112365777706694 0.0464182409501649 -0.136374322111951 0.208280938008109
0.0845100946806968 0.0849038552628083 -0.16124135128357 0.231391518726711
0.0434852193892791 0.133252084197503 -0.134962977275428 0.210606453013058
0.000547972157589387 0.187375565527003 -0.0829108803166672 0.234360139404672
-0.0794180145677111 0.204276462507829 -0.234823940487585 0.0905398979985951
-0.0546013432467252 0.167732610480682 0.0282130522678928 -0.00351503267402074
0.000674970654370038 0.145738580783557 0.0792979454105847 -0.200730101307404
0.0533524444312446 0.143241285682909 -0.00438181827000541 -0.294604079611389
0.112028005086324 0.105330594218557 -0.13814587023515 -0.286599506003612
0.141957782807703 0.0419973910642273 -0.203754164616974 -0.189190895712545
0.145492328480433 -0.0194143479640144 -0.205205803667613 -0.0858077649283443
0.134840078902006 -0.0335073124336993 -0.182254888787093 0.00108172218735662
0.139247353807541 -0.0657039238342706 -0.127246817630361 0.074067865514787
0.183020388611014 -0.043400092581182 -0.0854925073308974 0.13584848993527
0.193457172084777 0.0267402776814987 -0.0703197740023003 0.178242890107657
0.192944868583441 0.105937412859702 -0.10514113485499 0.223301530136223
0.129114784618446 0.179748653316441 -0.159003705298099 0.229115963618058
0.0270790395363555 0.237441425409872 -0.127407868442693 0.160673206664567
-0.0513169154102249 0.290202055250555 -0.0398393544030258 0.147030347505772
-0.137837659623426 0.259573888354537 -0.172428525221424 -0.000160502986249795
-0.105228029428175 0.260658039806094 0.0797656898717634 -0.0662321354371819
0.00486504391733612 0.258783231662485 0.0982854916043872 -0.239094958207296
0.111868471614807 0.230195203732384 -0.00339651239464935 -0.301141392141734
0.178917192824634 0.151218820119239 -0.108672191002426 -0.260653517638255
0.20526393950039 0.0637814436726182 -0.146887201268591 -0.168114547558034
0.199628225853474 -0.0162297399145575 -0.136479565802261 -0.086930794610051
0.178374275237076 -0.032557402751171 -0.112338618641609 -0.0172832460526523
0.18030540586211 -0.0634117914315714 -0.058338714533825 0.0497956359287663
0.228557334153719 -0.0314306943892161 -0.0153232510419122 0.11589150659136
0.237888897149775 0.0509714540018842 -0.00434094045617062 0.174766706081398
0.238313535729287 0.149907353603807 -0.0642652619511809 0.230898138628529
0.151702177668186 0.243794629939713 -0.151593334961866 0.222170422638565
0.0043300970333768 0.304220544363872 -0.125312869439389 0.101942413099912
-0.0983883803582154 0.346168928272879 0.00872918332451269 0.0433510044573812
-0.16864081650815 0.277942831118659 -0.0903311304843815 -0.102764563732611
-0.131157833783457 0.316266647179253 0.128238805151513 -0.141728754682224
0.0166880617244398 0.331567613879663 0.114511609679899 -0.265655066282933
0.162613483498846 0.279318786507067 0.00866873604236902 -0.287740069145821
0.224101275205455 0.166694013819549 -0.0571438946254122 -0.221906071312044
0.240306729203317 0.0686948401880925 -0.0683248055849723 -0.147124510613361
0.223613659326701 -0.0151046195362074 -0.0500664595176544 -0.0886214242357569
0.194861677548595 -0.0274847251623224 -0.0289405470884013 -0.0329835247420187
0.196048235692269 -0.0467003717333406 0.0229166902885533 0.0296093716331371
0.239300840726409 -0.00260759459697901 0.0608125979052327 0.0993714779603761
0.242527896257014 0.0829359999724365 0.0621352048918613 0.170774514048101
0.236320802335913 0.186182257286539 -0.0265501139089133 0.231501927452076
0.132763704540111 0.278759770415202 -0.141570079272191 0.203409896282324
-0.0371929678093034 0.326424859207862 -0.117446435489145 0.0416641948325495
-0.142155644557761 0.346865109529282 0.0633059588149471 -0.0570535607911939
-0.168610005334224 0.248910678020068 -0.00643932418046546 -0.204136476544733
-0.132296248214842 0.311285275692808 0.157603417055967 -0.217854911397795
0.0248095428596018 0.337605928686284 0.122042403824684 -0.276179324789834
0.178141096945375 0.272421755212977 0.0300462245590352 -0.255254575673692
0.225041708681004 0.151694897522121 0.0111923693162947 -0.18018329909921
0.232159988509605 0.0615662414472162 0.0193671283270349 -0.13145136659354
0.212240405627884 -0.0119804763204019 0.0398134403075567 -0.0921549738225882
0.180884564262519 -0.0176502787235358 0.0561951358400445 -0.0437162217024504
0.18451348947389 -0.022161999464045 0.105241941321528 0.0216104341500256
0.217232410452981 0.031361524275576 0.133486086156817 0.0979307775774667
0.209104575875299 0.113475388549844 0.11626284027813 0.178070127239002
0.187608055131946 0.207761261466683 0.0015665369481211 0.23143819427069
0.0789360887735031 0.279464181971061 -0.124683309134911 0.177030028160553
-0.0903075901102342 0.301462038651266 -0.091972177635862 -0.00821668212671693
-0.173807298303538 0.293820299223923 0.124963552614826 -0.136571699795428
-0.143178620875093 0.172950989736786 0.0619849611860476 -0.283303631170598
-0.115016111815485 0.243093148320605 0.162728627327156 -0.275826895910199
0.0220935756689066 0.272419640311333 0.123945014210935 -0.267497237361013
0.150365890745053 0.210573131334719 0.0597412391462389 -0.218348320719168
0.174694946700022 0.111853588242096 0.078642602883541 -0.150412921601364
0.17831111288046 0.0484681363455162 0.096573658615627 -0.127093587731027
0.164826652025664 -0.00368925143374779 0.116052244334613 -0.0967340292373502
0.140183719122753 -0.00484826962330524 0.13107182160452 -0.0465533717391676
0.146329563564696 0.00223372228423255 0.177550117081052 0.0278524795504201
0.163263808706244 0.0549047718405995 0.191434399264273 0.119305274798114
0.148713821417125 0.121158310147411 0.150333506715177 0.204573178060601
0.117981455126259 0.19453932368527 0.0144286486536447 0.23526094233066
0.0146437235506964 0.239988380370606 -0.101234238244257 0.152379175041204
-0.129906895361396 0.234936518432267 -0.0504305456925983 -0.0370782978900052
-0.180505649144783 0.200596717085689 0.187420768106755 -0.181693460335887
-0.103267750559423 0.0605503022628706 0.10730908783577 -0.324263200806911
-0.0901596812266102 0.129419671107284 0.151425577860549 -0.297512006251213
0.00280697992293349 0.156540401120099 0.131620224044206 -0.248658844304023
0.0825761997643178 0.115497907697262 0.0915985657356324 -0.195509184899654
0.084542433991056 0.0631507513018222 0.124504078379645 -0.142247348417621
0.0917700533511741 0.0388368434870404 0.142663583123745 -0.132742918298745
0.0920340080742451 0.0111537658486881 0.164876958105163 -0.0997285950528565
0.0786931905305038 0.00812485560951291 0.183924148066855 -0.0407624982391048
0.0850337505274539 0.0165455488618775 0.227893138547698 0.0468338646150966
0.090838060431457 0.0511434941704693 0.22793964923176 0.152493370876309
0.0808372423319523 0.0897949967792099 0.16416426993625 0.240176943917056
0.057684143329072 0.138006070482558 0.0189950141130303 0.246537353729473
-0.0257888976534627 0.165110445348056 -0.0736698944690303 0.142306547080768
-0.12997676302843 0.142597366768443 -0.00847455076947507 -0.0368450403078783
-0.149471037852589 0.0868651050765362 0.236454678460449 -0.189024881938929
0.0677303868945292 0.0235705064004737 -0.227924532311587 0.224815147067263
0.0683916129987688 -0.0491812924271612 0.00589938934402217 0.0846408478728366
0.012234933080044 -0.0857044587787836 0.0825423172573253 -0.136202676326255
-0.0329391981128403 -0.051626113995305 0.00609140821267635 -0.265235850196857
-0.0242165825407881 -0.0290435783305772 -0.168950859822565 -0.286377631666346
-0.0167634335203428 -0.027552487853737 -0.258597960689595 -0.179976147207039
-0.0119941395663403 -0.0262509668140276 -0.260513777378555 -0.0525782231176991
-0.00424951158151032 -0.0228172807849093 -0.235873040279555 0.048647762737548
-0.00327473269580906 -0.0371799894303175 -0.187948027119598 0.117739251478105
0.0103211560619576 -0.043450229276998 -0.155563013970939 0.160740720541728
0.017604728705944 -0.0313227856575445 -0.137309883613417 0.172978172322394
0.0185925970366153 -0.0372598680963762 -0.138321568180724 0.202191156472845
0.0391100845094765 -0.0388245454992069 -0.145530806861311 0.24248512753166
0.067252910842346 0.0024428159163213 -0.141095979494225 0.251293478392382
0.0594000548607489 0.0528199455237775 -0.106605358403743 0.29513323454556
-0.000715445818632534 0.12312617594731 -0.249363082154731 0.175229661411879
0.0136215963983715 0.0602887584826932 -0.000424575227506802 0.0457961837692636
0.0100889434137691 0.024634361197775 0.0652887574144372 -0.163125350703216
0.00905182619283295 0.0415380393475354 -0.00823678213140243 -0.276022636239738
0.0449572099512582 0.0370548210874482 -0.164600423569648 -0.288196452988049
0.0649792505670182 0.00443901117583917 -0.245967792215135 -0.186630622406916
0.0699203457264688 -0.0282205391804421 -0.250157653080268 -0.0656526180675166
0.0699614414069408 -0.0336583506717193 -0.223265417044519 0.03310365721758
0.0729444490109012 -0.0584928375149745 -0.169475228115088 0.104900842002443
0.106023275403311 -0.0489007290673916 -0.130398869042707 0.156060647219823
0.116303973741931 -0.00183381076694284 -0.114257911820118 0.179699498470976
0.114342861076993 0.0416752689163522 -0.124658079135242 0.212432037900802
0.0877669811648338 0.0792328856578202 -0.146896561802674 0.237193213172542
0.0490618830107316 0.131308287764466 -0.123603037076319 0.214135542683777
0.00891427773809014 0.184980871369462 -0.0735193965516789 0.23897627724202
-0.0708394421750614 0.206262116410243 -0.22684056226002 0.103377872614464
-0.0460875165204137 0.170139251499861 0.0285519716182928 -0.00464450024472324
0.00890315702324582 0.14445570060469 0.0705393963487274 -0.201837307312657
0.0612129836531264 0.138766898635363 -0.0178423314557526 -0.290838389179752
0.117349230560042 0.0979193681474439 -0.151626333766798 -0.277586707163861
0.143044855886981 0.0344069013623983 -0.211867857727292 -0.177969691144157
0.143888626404839 -0.0271988608280231 -0.209066154753222 -0.0742061942957854
0.133958894439517 -0.0408952198051417 -0.180134355629091 0.0127904491736361
0.135290820290096 -0.0726453403141611 -0.123075564008705 0.0824421802087824
0.180375607013011 -0.0522427450549615 -0.0779429196777191 0.140086071836384
0.194239765552674 0.0169614965148901 -0.0624669489449634 0.181772550232764
0.19684856641189 0.0955670118822767 -0.0926938637198598 0.22573420418228
0.13738226785292 0.170639145154329 -0.144810557546544 0.235569166066083
0.0378924790241865 0.235816441197132 -0.117948498398076 0.164071407616229
-0.0370930209854186 0.288637987457535 -0.0348832559642615 0.149462274812243
-0.126220668959336 0.264218909233575 -0.167984110451744 0.0096571140157859
-0.0913652447678141 0.264544914211764 0.0771068426533305 -0.0681145836679713
0.0186969271670018 0.255864765396385 0.0885248388452486 -0.239730125520716
0.12364809996812 0.221546232077892 -0.0166740687728192 -0.297152504146493
0.186508813742761 0.138841135916938 -0.121521497447856 -0.252263160426664
0.20762069933188 0.052052582716587 -0.154358098765195 -0.161073930236904
0.198087037200323 -0.0269030637768579 -0.140525355973733 -0.0796932955873889
0.176884517028746 -0.041874717658663 -0.112182751719418 -0.00999150072449622
0.176596615024643 -0.0718340084354308 -0.0551265289162679 0.0548423638197222
0.225803294353024 -0.0423327474170872 -0.00902705645330285 0.116417931278123
0.239692506444023 0.0381372552306405 0.00341399695949544 0.174658034271451
0.245731297580821 0.137091605692727 -0.0519262960446191 0.231233022232112
0.162648954326626 0.23305813800453 -0.136991315955662 0.228335634875856
0.017874791852263 0.302877618379742 -0.117351674185993 0.107608783403377
-0.0802928109566266 0.34587174389338 0.00857057286472495 0.0443179934062809
-0.15416779313765 0.283545063280816 -0.0910584484389326 -0.0968333370830489
-0.114415268359465 0.320480452157861 0.121749774070415 -0.144794310439068
0.0342478142405862 0.327048037508278 0.103114010447585 -0.266220958253991
0.175878536797736 0.266907812955743 -0.00410696153775004 -0.283046366883034
0.231792511507336 0.15277371551742 -0.0685775707260744 -0.216123155609676
0.242089122267217 0.0553384355416341 -0.0756662597559366 -0.142994228767549
0.222239832254083 -0.0270781857567512 -0.0551858955907479 -0.0855357851329881
0.192596348475277 -0.0375589213055601 -0.0301439453412064 -0.0302478457409442
0.192607407181668 -0.0567026119667941 0.0237360556433375 0.0305970641376696
0.238669109603619 -0.0152436677199992 0.0656971120819463 0.0959710453636231
0.246142171177489 0.0693849945217858 0.0694015505247303 0.167393659451352
0.244878958437367 0.172630473184482 -0.0133538759502672 0.229085121287709
0.146377202352332 0.268583950225766 -0.127105961293559 0.20970609571835
-0.0220564839509317 0.325982731105361 -0.112271202928524 0.0486772399050049
-0.123228035929238 0.348022919781592 0.0580728297060412 -0.0580282273434945
-0.155011084479891 0.255367786680236 -0.0130799535694002 -0.202967937787518
-0.115390824026814 0.314981060013045 0.147734002572515 -0.222053274271225
0.0421986415664835 0.332077475718738 0.110121457431036 -0.277310532942949
0.191164263166916 0.25900984254041 0.0187946842973063 -0.252030045563346
0.232188034266476 0.137596282749434 0.0017313356798445 -0.178995868199925
0.233507371727353 0.0481504805340689 0.0123495316680789 -0.132649380598346
0.210102712364213 -0.0239544828056053 0.0339230629193007 -0.0946583794414137
0.179152842685315 -0.0267634235489088 0.0538165111778178 -0.0460697699442544
0.182400036359962 -0.0320790254002212 0.105385229186999 0.0169965192824959
0.217330592989761 0.0204638390864157 0.138578374047617 0.0912071199544746
0.214083019474309 0.101450876280462 0.124063844308127 0.172438213745977
0.199168984470581 0.195865805919586 0.0127427958481634 0.227964018146776
0.0913759340004818 0.271485374436833 -0.112675672884505 0.182417546257773
-0.0752663115727942 0.304405391437448 -0.0901380433189832 -0.00251451219126364
-0.1567255759266 0.29659783775502 0.115584204001463 -0.139973988417162
-0.132059079745428 0.178981464624804 0.0506973862289131 -0.286133510383582
-0.101653209163821 0.246024373612667 0.150434366180679 -0.280365775306726
0.0355917091720423 0.267087229095699 0.11240850165413 -0.268480690438882
0.160741617208992 0.19892197538942 0.0494676456864236 -0.217487272249678
0.179493885097356 0.101092627813385 0.0702799362756113 -0.152909659262131
0.180004103685711 0.0379436371947523 0.0902016518646612 -0.132450443883052
0.164020645386047 -0.0127738633810282 0.110107795852757 -0.103975770482783
0.138794316059336 -0.0113250114386172 0.127786543896239 -0.0528742508977564
0.14529326269858 -0.00526844218886681 0.17792483711418 0.0197971971894986
0.165458291060019 0.0460686291306811 0.196951243151735 0.107292644565051
0.154600025492816 0.111289304421692 0.159045856375649 0.196224786240066
0.127534141354722 0.186181681827218 0.0270791421204232 0.232652925588382
0.0262613382273493 0.235760870078761 -0.0919084838010562 0.157342121902412
-0.116028233738669 0.239281666146211 -0.0510733439139944 -0.0331316497241732
-0.166546018779371 0.20434747875288 0.175607391510316 -0.189059203467222
-0.0981781587923415 0.0653819126667821 0.0932380542949788 -0.328970323844509
-0.08207615332256 0.131998691233818 0.138368674018099 -0.301293545269308
0.011094786956869 0.153814399687339 0.119043455948673 -0.251066372286611
0.0880608378926146 0.108357024603847 0.0821249099093991 -0.196550646940461
0.0875875894926682 0.0576136956946336 0.116873182264249 -0.147406664435876
0.0934640772639586 0.0331522236876183 0.135519085534591 -0.140430143357437
0.0918599760837426 0.00557892672833483 0.15862323436748 -0.109411510183965
0.0778564192222263 0.0042785885123401 0.179819210934453 -0.0512400282921581
0.0842733199868359 0.0119854203244168 0.228729665837545 0.0349754446682256
0.0925292852164346 0.0463987542791839 0.235113429891252 0.139025533992656
0.0854401292813506 0.0839935412385534 0.17421658104017 0.230667569069557
0.0640686955217761 0.133117372105928 0.0315768903849557 0.24388217749269
-0.0180813590198478 0.164198664973438 -0.0657535541819684 0.1462460561616
-0.121144920754904 0.146870412961899 -0.00975525564826371 -0.0347893898770626
-0.141049434700612 0.0913830555143842 0.223877834631693 -0.199211197872327
0.0673021675955109 0.0220781942886617 -0.224131747500921 0.233817693563353
0.0680396154618508 -0.0502447529213015 0.00867435860880439 0.0843623694490965
0.00992426628372667 -0.0861786879261994 0.0808600801798178 -0.141305743790035
-0.0345386762150226 -0.0505054669575923 0.00105120132496915 -0.268973155306313
-0.0242260661081123 -0.0285364096276739 -0.179393789267397 -0.284171589250114
-0.0176066724800711 -0.026557812971284 -0.268816287243482 -0.174438994974491
-0.0126829790469547 -0.0271145779788524 -0.265404721226606 -0.045588063218738
-0.00351563455649434 -0.0240709700382561 -0.236704767025404 0.0573132724025768
-0.00344339832386488 -0.0376295607165982 -0.186484083183597 0.126693266098096
0.00984808339471013 -0.0441561854938382 -0.153438959456933 0.167973107832289
0.0171874854017571 -0.0309764068133134 -0.135035216088739 0.178246513742196
0.017305655672963 -0.0379898764317235 -0.134554354564768 0.208532934806639
0.038289420182347 -0.0397836998356729 -0.139773700136939 0.246657516675362
0.0684280746178808 0.00209289125641974 -0.137122196802163 0.255305673991697
0.0607501335404128 0.0514259524785197 -0.102895137137073 0.303161024291049
0.000589602146905172 0.124167004665817 -0.245706102129866 0.184980004574071
0.0159319042291373 0.0615300729477958 0.000573245631059768 0.0465563388377773
0.011461092830434 0.0252520876210303 0.0627672462703984 -0.167193532857284
0.0108234412245381 0.0413531484000125 -0.013811526331134 -0.279002413567957
0.0482424526607071 0.0356627953911333 -0.173900636624835 -0.286198380699797
0.066326118597343 0.00241427571864542 -0.255379445597264 -0.181529502254032
0.0701842657327183 -0.0310613381610874 -0.255383046650911 -0.059989860686097
0.0712350902070923 -0.0372614862734163 -0.224716571262427 0.0417984139244152
0.0729194209773605 -0.0618149859609549 -0.16813886798472 0.113486377907598
0.106468596033418 -0.0521968644969873 -0.128446607351947 0.1621301632338
0.118226250944884 -0.00456302838113429 -0.11113861145361 0.185710451533958
0.11661784989115 0.0396460909905429 -0.120077696883323 0.217443356079136
0.0907263443608828 0.0775551915106045 -0.140643103418414 0.242564552767991
0.0526823816068048 0.132961022405201 -0.119591947448383 0.218112882455619
0.0127364076095518 0.186033320293364 -0.0704888858627867 0.245719033280338
-0.0678494779295169 0.210965949025438 -0.224127249611615 0.110948237054204
-0.0417849863675911 0.173727202169099 0.029118473249677 -0.00418070081193648
0.0137603406101708 0.146345261134319 0.0682651191655181 -0.205517808428267
0.0661665348856764 0.138017757864433 -0.0235406784345838 -0.292103246234321
0.122500645857902 0.0941749157574283 -0.161359406023995 -0.274826247769474
0.146698104662084 0.0306335669266002 -0.220610863774088 -0.174177275596263
0.145349568410174 -0.0326903488448174 -0.214336197472374 -0.0691731907362718
0.135609206473014 -0.0456926939437529 -0.180918788763051 0.019906912945243
0.135421824183116 -0.0773948950498556 -0.121359190864791 0.0898425417988341
0.182290019544351 -0.0586242759944134 -0.0751793958247181 0.144826079651805
0.197481978617387 0.0119391216799681 -0.0586687684072966 0.18625373007851
0.202447665366157 0.0919299388331705 -0.0870302674745735 0.229089658460953
0.143471896384208 0.168267368261157 -0.137479200745452 0.240900941327968
0.0438075499183136 0.238963475609506 -0.114254531753231 0.168722322415728
-0.0313094241312313 0.291194478349833 -0.0331591157000704 0.154688603367012
-0.121800719972632 0.27052476719819 -0.167167299010828 0.0150614783352645
-0.0854546322711119 0.270495612880071 0.0774966527643404 -0.0693158669282036
0.0260933499611212 0.257398218277939 0.0855351214038368 -0.243428154153257
0.131341027304857 0.219479754099268 -0.0224296211503661 -0.298449697777512
0.193104415284154 0.133993431389713 -0.130107006911597 -0.25080857785067
0.212026757782646 0.0459208028941662 -0.16095397117539 -0.158709790988648
0.200503304629119 -0.0339185236945029 -0.145943669357784 -0.0767938654865812
0.178894149238435 -0.0479673665790751 -0.112737400362381 -0.00538662117413344
0.17688295263427 -0.078617581994098 -0.0534464391994365 0.0593707277348833
0.228683232501611 -0.0499762055895587 -0.00644190789602869 0.118700218278481
0.244855071675214 0.0318742017460226 0.00756744164804587 0.177893349790975
0.253325988198421 0.130751523931054 -0.0456680278916904 0.233244534534664
0.170870360268675 0.229934777421168 -0.130702499748368 0.234426673227829
0.02531585489767 0.307490684364493 -0.114839833567208 0.111399408394017
-0.0723702637741721 0.349624418230629 0.00776168926639484 0.0468773528319569
-0.149169101947546 0.291356496814751 -0.0918808020177029 -0.0952070691404927
-0.106784759922064 0.327154689908244 0.121313132764087 -0.148253010174889
0.044080821990691 0.327905240029241 0.0997112601018187 -0.270161189018546
0.185370000527215 0.263326798936538 -0.00986160320973378 -0.284056046200946
0.239793796234852 0.14587387075007 -0.0751736512447593 -0.215729546628164
0.246630791181916 0.0470259729783288 -0.0807254393181332 -0.143287298859515
0.224822524914891 -0.0348971124146837 -0.0589971190831105 -0.0852237316764119
0.194626737676043 -0.0437030361979833 -0.0310803187115701 -0.0289530820084558
0.193312464249911 -0.0633590384240043 0.0259457150093812 0.0320802681770396
0.242223801107749 -0.0227964608415322 0.0699744147489586 0.0957181787313389
0.252213700384103 0.0625884789797358 0.0738359649323826 0.168993418843751
0.253540430412141 0.167548362933829 -0.00681210291278264 0.230922611414954
0.154838726864813 0.265946597164568 -0.121128332106274 0.215861091712525
-0.0139827346524343 0.331808947713958 -0.11088263573547 0.0525640423060238
-0.115577298842994 0.352387586493991 0.0556264776850749 -0.0587301010364023
-0.149457559791096 0.262472076981952 -0.0155475188685812 -0.204700400864936
-0.108284691219829 0.321398494015247 0.145437072640519 -0.227855265817256
0.0524381177039309 0.332314996028695 0.105593899382348 -0.281387870111557
0.201272673347227 0.254409487062632 0.0139209603939171 -0.253008522599659
0.238236600901707 0.131433387971254 -0.00344536880482058 -0.179709911656509
0.237982124103239 0.0406685064934563 0.00932835789324161 -0.135097375971284
0.212959480268565 -0.0308161078212807 0.0309298979381794 -0.0974904432902511
0.1809094858186 -0.0321525323200657 0.0534748868141634 -0.0478683985628428
0.183404881467955 -0.0374968803476066 0.108043155729559 0.015490676132167
0.221604820727372 0.0141301860149816 0.143042447239343 0.0876899397020736
0.220434760523226 0.0956313138271744 0.129659112916535 0.17304194747037
0.207673103578817 0.191660342670742 0.0210439021214355 0.22903522340014
0.10017918307968 0.27066241269031 -0.107405698718756 0.18886890527563
-0.0682459591881105 0.309381353397399 -0.0906289026599994 0.000366643982619775
-0.149584295453524 0.302046331470131 0.111594365435363 -0.144357566496992
-0.128147621367304 0.185189289044658 0.0470000345102084 -0.291858219868553
-0.0948504018125793 0.251382319255258 0.147292375446802 -0.286796803591507
0.0446677355356734 0.267766737774504 0.108130140147483 -0.272645821741942
0.167723669493631 0.194810681826443 0.0454121377876914 -0.219200447914687
0.184852287012503 0.0962530487577022 0.0674021044161201 -0.155559120434206
0.183202038974206 0.0318495187671082 0.0875004160634131 -0.137394357131495
0.165826958644323 -0.0184377015741887 0.107828048795696 -0.109940286731852
0.139762740734075 -0.0152639587576979 0.127648268675256 -0.0570364741211023
0.146259749859487 -0.00956324205319686 0.181261702794855 0.0151172573505668
0.169457250472764 0.0422876799705306 0.203000031898533 0.102844042357881
0.160108423826494 0.107353460602491 0.165990452671973 0.195686763753111
0.135639190982349 0.18344991046018 0.0343864310800619 0.233885202261004
0.03225868575369 0.236690073517364 -0.0871284787697414 0.162223893486766
-0.111116590628013 0.244466626430786 -0.0523072151577515 -0.0309489827142004
-0.161863262050355 0.208958626484137 0.171206672902288 -0.194949685918054
-0.0953100942183265 0.069948677964134 0.0888779282692478 -0.336884236239338
-0.0790254606026772 0.135609251287034 0.134765199660527 -0.308512995823703
0.0165935799118537 0.154330191414143 0.114086255695049 -0.255762071856171
0.0929513836469318 0.105249516598437 0.0788086154453218 -0.198587983357056
0.0904676384937114 0.0546642117320873 0.114781851004012 -0.152231419925486
0.0961957374701179 0.0301250326258256 0.133279392243879 -0.146576948455826
0.0929827619401827 0.00286629416004059 0.157171548063288 -0.117243185375883
0.078347763637567 0.00336655393224564 0.180367167847264 -0.0578339620371797
0.0849083164458946 0.0100091064391485 0.233877446835385 0.0289489897565115
0.0951593576252961 0.0449348124289654 0.242877973896072 0.132816978692106
0.088819148441008 0.0811480367765734 0.182828970889775 0.229331207588218
0.0681488616892737 0.131625615291076 0.0390324365405949 0.245540786520408
-0.0142298551037823 0.166122670197416 -0.0619635519204648 0.149264569032297
-0.117248705628395 0.150829282277195 -0.0107814059870842 -0.0344463870309368
-0.138541791438914 0.093849195814743 0.218975826789539 -0.207357585513033
0.0765914614830287 -0.00773091485411697 -0.100185821533265 0.318455308642832
0.0422405044511984 -0.0768108456790888 0.0469899503784924 0.0716236837912263
-0.0302519033254322 -0.0823477825255971 0.00449054439654479 -0.170608233803064
-0.0561313523260762 -0.0272685191001647 -0.128401743402456 -0.251991599085473
-0.0353950101748678 -0.00958322694549844 -0.301775125184609 -0.174913430817001
-0.02736727628245 -0.0138457702318878 -0.332191530043888 -0.0328984338376675
-0.0250848649033448 -0.0192898005448391 -0.268989459387304 0.0822902011079839
-0.0123935413147447 -0.0221941012271825 -0.190539958864337 0.167466903804197
-0.0206752805606899 -0.0337747972462221 -0.110719251139714 0.207143275759201
-0.0101617895102024 -0.0455916705929192 -0.0609802182315627 0.228580313522926
0.00266890564796706 -0.0353583895214871 -0.0403243843521595 0.228021723340873
-0.0028548276441023 -0.0385932477157213 -0.0250208529246309 0.254100932454853
0.015559295130421 -0.0528393042352795 -0.0115124391154167 0.290122412911397
0.0634727473793001 -0.0260927759261795 -0.0126109982713384 0.302141623968838
0.081401297219503 0.0220960593965891 0.036766693663565 0.337433144453962
0.0580808624022965 0.117642168378923 -0.139115470405956 0.288032326360438
0.0426381847785327 0.0500533979281702 0.0248019176900878 0.0426923325251865
0.0198749649550208 0.0200924293310434 -0.0171470231783735 -0.184215842023169
0.0256822983990638 0.0365340301215271 -0.141162891003956 -0.251962521784318
0.0596082517710936 0.0158198321997422 -0.294207172972884 -0.180844066970288
0.0636340637474538 -0.0248881700026676 -0.3208102023607 -0.0474563547658848
0.0501147075094593 -0.0612607290813033 -0.264200045165489 0.063993282168562
0.0534997090997237 -0.0686919636540952 -0.18583401810782 0.147358490422861
0.0403505981848679 -0.0912224051823824 -0.0985086363153808 0.187828728124135
0.0773869444221165 -0.0983606986573455 -0.0385565119524701 0.213720761717175
0.111052475767387 -0.0571788651653434 -0.0148918717388669 0.229166279621933
0.125413150204539 -0.0135447611916512 -0.00877357661619843 0.26578998983795
0.119022855049341 0.034127912082216 -0.0183467508342729 0.290406217040557
0.110180150320643 0.10417137469743 -0.0191800385175379 0.259389365976988
0.102535304861324 0.172434795327496 0.0337405125475509 0.264003728369668
0.0307034411432608 0.228755629038184 -0.149930809458564 0.21237522152925
0.0380228066343432 0.178986033677292 0.0307720984595975 -0.015248418076173
0.0741351215620959 0.129835565518361 -0.0237753679878531 -0.219773725261497
0.118186444393096 0.0988458476786568 -0.150663848495914 -0.25882258215512
0.153682367694459 0.036246555534069 -0.273535180626555 -0.178965958091604
0.150430847479811 -0.0368362630306136 -0.283060653588391 -0.0593389251840317
0.119260142025047 -0.0964261217181211 -0.228205467073071 0.0343186925945584
0.110647464085185 -0.105586950338519 -0.155437272343432 0.106481372016883
0.0919924678992328 -0.134859147544002 -0.0651127844887424 0.143841113733984
0.145689985296812 -0.138978139873023 0.00438051991184833 0.173783706931449
0.19545813325317 -0.0793252107074205 0.0345530852016519 0.20945617382052
0.230788056637635 -0.0062900086399496 0.0273003275638012 0.268358104810998
0.210355988550644 0.0955483150768175 -0.0177287624648992 0.291830885965581
0.151230940567261 0.207329511618851 -0.0414824169194192 0.211124956674331
0.112965367746719 0.293626965507341 0.0218253204058979 0.158247615589141
0.00463846179808887 0.307868947611176 -0.138468658259741 0.0996318827412028
0.0383751900084919 0.287169891300039 0.0483351176227632 -0.0962586293287748
0.133806496375404 0.227786118311813 -0.0187728175143815 -0.261187555660156
0.212849243043555 0.143305950359147 -0.145597414950787 -0.263776334100085
0.235997265509049 0.0396446987171462 -0.229880862857226 -0.173693853378708
0.218010708978706 -0.0530725409019045 -0.219575254889233 -0.0740450414360755
0.169523146611283 -0.122989960894178 -0.165721399685212 -0.00672262749876663
0.150911830134219 -0.127473544448866 -0.103985807615031 0.050365479183904
0.130909789975436 -0.154178633071133 -0.0167459172326111 0.0838433771999506
0.193905582792446 -0.153048376230772 0.0571037579098599 0.117583939836848
0.248645407048935 -0.0828809166661606 0.0917729015783916 0.173003813666974
0.297199176733229 0.00586702271235553 0.0672352821020271 0.257721395509876
0.265304171932656 0.141504341581859 -0.0156895069715091 0.28400283394335
0.165991186232318 0.280259538013168 -0.0708662288179453 0.158548913419273
0.103393932512271 0.368023526626279 0.0087442507098946 0.0342065067986608
-0.0136178263200958 0.339129702040541 -0.118440765357222 -0.0369201843120123
0.0418888094794619 0.349337082027842 0.0535519465907853 -0.189119262315028
0.179705742465181 0.284383301712865 -0.0145421597254355 -0.292677747385295
0.282060227580016 0.158222934365489 -0.123999931012721 -0.257065248221666
0.283861389327112 0.0294398772390958 -0.162297940592085 -0.169307059078911
0.25066509706744 -0.0680394543912041 -0.137215259769464 -0.0994101186345816
0.192092530600727 -0.134414733414057 -0.0888456793815069 -0.0567855251265708
0.166597319134304 -0.129516287819011 -0.0392744693879737 -0.0114632435903664
0.15372597243089 -0.147648468481965 0.0436978804929121 0.0198363564346475
0.21902900634685 -0.133790722734462 0.115971578134238 0.0600925914911157
0.270608034491632 -0.0577275903246406 0.147923100426462 0.13430142977169
0.314893499197296 0.0386882879884321 0.0994078404560271 0.238326431066136
0.266663025028648 0.182934130904143 -0.0169663402730095 0.263109826363973
0.140248072839666 0.32026931820203 -0.0953385549070646 0.0999166454303227
0.0645994975461908 0.389459355231505 0.00485854376220477 -0.0890723427687847
-0.0278396862902308 0.312407370180095 -0.098375430620038 -0.17517680229305
0.0369048972251109 0.345008788939314 0.0388835605390721 -0.274893119369457
0.189316691111201 0.284395069221455 -0.0135503742242005 -0.305000435586645
0.292493541228602 0.142330251126063 -0.0870587964510283 -0.239758703537543
0.275816584945244 0.0152365145568523 -0.0791965739098433 -0.170927607339854
0.238551536264828 -0.0711026269758397 -0.0504607608623066 -0.134601009512722
0.182838327170069 -0.125720332928888 -0.0116833203680138 -0.11068630815697
0.15822702303023 -0.111921338080266 0.0287944149786623 -0.0688505425409221
0.156169959472511 -0.1190439401351 0.111103380204998 -0.0347184871176982
0.216704038921648 -0.0901187032468344 0.178513666814551 0.0182118856042912
0.255766981740366 -0.0125734278177178 0.199610883353565 0.110485279545376
0.282952830788672 0.0823363024394562 0.121114522047455 0.221748115721289
0.216728445096801 0.2127725622192 -0.0183509920051728 0.229623088990352
0.0796462330923057 0.322813512741911 -0.0986042015614236 0.0402777450066816
0.00709338840071941 0.357929361500229 0.0212458819725572 -0.196456882853959
-0.0428691359453272 0.230392506819345 -0.0829281405334699 -0.288271955319065
0.017919716325665 0.275055303515531 0.0108535093596156 -0.332255824181196
0.154036725292384 0.228486563316992 -0.0119284504677136 -0.299559256464238
0.235379939689705 0.10167954626008 -0.0455179139195774 -0.223552343535308
0.210496220867975 0.00584131047818069 -0.00525560839235238 -0.180813417083541
0.183337739104607 -0.0545000492923186 0.0197660808482738 -0.172605054021422
0.144810011151819 -0.092316865159352 0.0527660147090222 -0.158148428548948
0.126337161393935 -0.0765226303996301 0.0922811523299273 -0.114158009795913
0.13345034530454 -0.0750466774734408 0.177282806633892 -0.0713762829229931
0.180590815625318 -0.0393501869449209 0.239128312782625 0.00241719477450339
0.203125650230656 0.0263253740491472 0.242171655781698 0.111149512123864
0.211658272053428 0.107914660410279 0.134289538304583 0.214983419422095
0.137657257992728 0.210956761144643 -0.0122272878375611 0.19288344657444
0.00929231912433075 0.281629654229527 -0.0751133310778387 -0.00910644206854903
-0.0493509849864597 0.274507215273516 0.0589061156048834 -0.271374215875394
-0.0630611646250067 0.10911342875084 -0.0686586601121486 -0.353326313789991
-0.0174232933928583 0.161394163909033 -0.0142244030747663 -0.347601856492834
0.0787597669171356 0.135568885664508 -0.00346903117007903 -0.286727123596667
0.127160563518343 0.0538209379644366 -0.0119138718382649 -0.221097647983524
0.105162659552101 0.0100408561472326 0.0381373019916372 -0.198296956423205
0.100825759545706 -0.0171920118445415 0.0556147873678072 -0.201718237659996
0.087119524285108 -0.0396180748276063 0.0922945753015922 -0.18655987203337
0.0749905622501984 -0.0314094840097938 0.140419275490649 -0.139799668134
0.0850452261167948 -0.0289679617168565 0.231402432358685 -0.0847733640427841
0.112077566508202 -0.0022710513380313 0.288025192325709 0.00871976067976015
0.12298415812635 0.0348212242879206 0.273683823234202 0.130804322679704
0.1247920870709 0.0918270540925396 0.144162928620692 0.218155998152749
0.0617579609199415 0.165712417823863 0.00583126929808099 0.167362839233094
-0.0394659349817377 0.195029178186893 -0.0335294924773426 -0.031598331574997
-0.0833842586588681 0.153190340264045 0.104771689817452 -0.302251975978325
0.0786774664808514 -0.0118048493917357 -0.0857359306073662 0.339475222607913
0.0400392335204877 -0.0827137800209255 0.052923872329969 0.072552711648911
-0.0355141285164588 -0.0836379152468369 -0.0043015421343162 -0.180191443655281
-0.0609064202183697 -0.0249094273945518 -0.148312786680698 -0.258901924996054
-0.0371706048403558 -0.00889413167253367 -0.326935838904084 -0.165681806286045
-0.0288038176799138 -0.0131441504917687 -0.351324262409266 -0.0145978534920845
-0.0281652783562237 -0.0190804821717802 -0.279087368897231 0.102592541109445
-0.0141709465594816 -0.0241579735753521 -0.189321378402803 0.188183282786154
-0.0233484849064851 -0.035417116769175 -0.102812296809706 0.225845044574736
-0.012528079383898 -0.0482561831951436 -0.0514378813460637 0.244980232805374
0.00165330715216904 -0.0366857623297606 -0.0315135044508743 0.24185248741506
-0.00575734857144232 -0.0398310570098395 -0.0121413617907502 0.267943542242885
0.0131385913536852 -0.0560440699407538 0.00258395226056959 0.302763194248916
0.0656903913913616 -0.030644722677131 0.000102810896143957 0.3178064207684
0.0848615803920932 0.0192300115796231 0.0564189338987467 0.356425734916106
0.0666756427972364 0.121136733876122 -0.127951473705806 0.31033527655588
0.0487417019835885 0.0505778365214682 0.0291233299200453 0.0435762212593393
0.0231569644601965 0.0196065813985078 -0.0272381505655236 -0.193420804473323
0.0289636814278858 0.0367690669155173 -0.15992156571283 -0.257943489748065
0.0638938386547856 0.011879332648125 -0.319080453538234 -0.172142522969998
0.0665223872913133 -0.030361991375291 -0.340440289924253 -0.0311591205996275
0.0487649182894605 -0.0676947250709875 -0.274159485277175 0.083006419588327
0.0527743335792746 -0.076927686667601 -0.185331396558513 0.166125746485095
0.0378929996523338 -0.0989713110249894 -0.0905797727753825 0.20386903137665
0.076468404520663 -0.109163078876839 -0.0290837057416837 0.227728737442962
0.114453319490119 -0.0658558472128663 -0.00365386531714272 0.24220424721873
0.131295370788069 -0.0209514119384169 0.00550553896117283 0.278313688871621
0.125819571855105 0.0293669561348292 -0.0020704897363997 0.304069903657824
0.122028185456106 0.104073065971762 -0.00851675020440163 0.273306232281064
0.115620669884194 0.176274584652714 0.0491994235585847 0.279865249197679
0.0438365156196424 0.239171614515081 -0.142930901482086 0.231428390409097
0.050210484424736 0.186190916950886 0.0331562848647726 -0.0170662569297431
0.0857556087188465 0.13213673105155 -0.034852182953951 -0.230745677897272
0.129871320668843 0.096826128562838 -0.169880114251424 -0.264360099044265
0.164336712225387 0.027451306420921 -0.297254005458997 -0.170912473340518
0.156493121231454 -0.0481065190356608 -0.300655743107256 -0.0449642450599918
0.119919374884843 -0.10892351118466 -0.237430035325435 0.0496548008613338
0.111264609438223 -0.119327344460361 -0.156132020981071 0.121354509864334
0.0899869564691126 -0.147645803627007 -0.0579356320688823 0.156138715003159
0.146156648233848 -0.156636623610599 0.0148892958820778 0.183654095050296
0.201184615855127 -0.0944232981496441 0.0481989720009688 0.219856976171444
0.243054851226861 -0.0197182764711841 0.0431686738756293 0.279308570978802
0.225848206682274 0.0887039415330591 -0.00114317266212614 0.305389537326365
0.171170036112069 0.211029496667485 -0.0325882761252431 0.22368473786935
0.13332700685458 0.301720007009391 0.0313932082500912 0.168511832164548
0.0218181275578317 0.324059073361895 -0.137288058341913 0.111596184434965
0.0567119698211434 0.300379166564636 0.046817927519086 -0.102990634835196
0.153490120075332 0.23012320152606 -0.0321970972923196 -0.273517602130642
0.231037394584056 0.13784156277566 -0.164766220241172 -0.269356433690526
0.250112777951536 0.0268952507565894 -0.251656941427073 -0.168066654098745
0.226165911462331 -0.0690192318168147 -0.234793900512888 -0.0654554222340068
0.170828141443154 -0.140282981520253 -0.17480968760533 0.00345533045090995
0.151766776941866 -0.143782408548884 -0.104780810280158 0.0595552778196219
0.129122716815318 -0.170440595015077 -0.0099257005288157 0.0899217860378543
0.195363073582638 -0.174005859458882 0.0670072329440804 0.121188031088614
0.257411141476858 -0.101977528964238 0.107585707554018 0.178287937877598
0.312896731523475 -0.0121580597022646 0.0842449102287195 0.266235212476663
0.285437499223402 0.134501123473536 0.0018301438780035 0.297647559729924
0.190733130098734 0.286485581995217 -0.0658155403410563 0.170784294508069
0.126697372337485 0.379889359498872 0.00981351711601344 0.0387397554569087
0.00461746648704646 0.357557530018602 -0.123327966587862 -0.0331318269829253
0.0634017261017926 0.364987763276575 0.0485841421262801 -0.201573022984839
0.205067350602426 0.287046742974959 -0.0287083027290131 -0.306495515356205
0.303770486641878 0.14974259451018 -0.140758381680866 -0.263029717957374
0.299616776381956 0.013317388921168 -0.178995381176762 -0.166916663438961
0.258991575976771 -0.0870714067256479 -0.149372013147768 -0.0962957005599487
0.194011459288252 -0.15337629257998 -0.0973092322655187 -0.054402634330258
0.16883525000233 -0.1468232475371 -0.0409206050221718 -0.00946447764091739
0.153157486832998 -0.164428748630158 0.049685699681583 0.0187515173873697
0.222893746855569 -0.1553744851622 0.125416461175065 0.0571176674071204
0.281803827039577 -0.0771716424264775 0.164521523443284 0.134410154883234
0.334010056701227 0.0205785997441309 0.117508910639108 0.243604273954316
0.289917272960264 0.177653474269963 -0.000357522171170205 0.275104329630235
0.165743324005249 0.329519381472659 -0.0939382794992165 0.110531869607751
0.0878663793729864 0.405033766893343 -0.000866621145523114 -0.0917658917029617
-0.0110358231791739 0.329582691820952 -0.110887614143845 -0.180156815384832
0.0584107331581295 0.360443738858885 0.0281202046482711 -0.291256522633994
0.214555054895445 0.286970618691473 -0.0284231391106777 -0.319832842342916
0.31352679236805 0.131170394403788 -0.101492894959352 -0.246675621115191
0.290541576853978 -0.000862628161786397 -0.0915229019850347 -0.173736967707923
0.246253442466957 -0.0893686963394599 -0.0605808076778119 -0.138229073286156
0.184526622672909 -0.143628286090064 -0.0189742064152548 -0.116049559580592
0.160999052898327 -0.126709254112854 0.0273009912434896 -0.0744280840873192
0.157007439587625 -0.132781282541417 0.116423147790776 -0.0431808000913748
0.223143305260116 -0.108958100153615 0.188881100603823 0.00839904596571828
0.267899317267517 -0.0292806199020074 0.21724195076081 0.106179292917229
0.303169633389779 0.0682374938942835 0.13912663768035 0.22468502042873
0.239192390404695 0.211184348729461 -0.00388484266176495 0.241431319889804
0.102303276596084 0.335604050491903 -0.10057068679157 0.0481146204466151
0.0261658165962782 0.373113042996794 0.0101184950137511 -0.205885303912249
-0.0308124096347634 0.243808214178235 -0.101244262048923 -0.300564063168447
0.0344926894649721 0.287733515065764 -0.00487755273327184 -0.34955571413866
0.174191656517056 0.229525840546765 -0.0262343445141444 -0.313316586454871
0.252066443553992 0.092303087632146 -0.057372596708437 -0.231259588032242
0.221390189049848 -0.00673122132386069 -0.014468481372759 -0.189168575001402
0.189266456087563 -0.0694207042728512 0.0112671473395634 -0.183097266381352
0.146609924882987 -0.106275236705712 0.0453528360894 -0.170156884774443
0.12915197924526 -0.0877947141897345 0.0905567341690868 -0.125713209986896
0.13515748971048 -0.0865107467640704 0.183252062800145 -0.0851039645505811
0.188275416741064 -0.0532039964789028 0.251737730705143 -0.0128781249750484
0.214412220955552 0.0153675993209824 0.263718284375436 0.104423211981874
0.228572412918123 0.100836119735578 0.152871556929136 0.217519921835772
0.156182607698799 0.214117433688 5.70396849756327E-05 0.204147881531457
0.0251621633214487 0.29415730418383 -0.0783386159857188 -0.00402841474634089
-0.0374323205251693 0.288268579882711 0.0446782044426601 -0.286960887569788
-0.0579233874480223 0.116844862537454 -0.0909721631075186 -0.371098037029322
-0.00895659551235784 0.169610738692745 -0.0330597491976049 -0.366382570002699
0.0900381702303435 0.135860033378992 -0.0175519344448202 -0.300374877855856
0.135804797194692 0.0475536377761507 -0.0229882371816878 -0.230796974520256
0.111045083321952 0.00397872252852321 0.0298319228533642 -0.210666664293029
0.10429111295951 -0.0252392103646953 0.0479784162372541 -0.215930656748418
0.0882398556679273 -0.047265151676121 0.0852497787743747 -0.203603359498237
0.0775396534301589 -0.0358672391401453 0.138796660816053 -0.155513290950841
0.087160416363499 -0.0342046004908917 0.238571459320888 -0.104271061080201
0.117837634325088 -0.00903313505421935 0.302812100147249 -0.00807167260362269
0.129936311343079 0.0296760750613114 0.297005289171412 0.122735719317271
0.135714450599555 0.0892311433899911 0.163229417122966 0.220654869318448
0.0738771582733596 0.169991306971242 0.016632387537469 0.176013862422144
-0.0309298150050432 0.205637505916646 -0.0367864905404409 -0.0305581847654463
-0.0793704987196822 0.163201114620058 0.0909348991888898 -0.322545834617913
0.0792711409489164 -0.0182591705311587 -0.0584752425969463 0.358501994338241
0.0352246393352679 -0.089008377298467 0.0607426781122468 0.0707508083252474
-0.0425104730000293 -0.0834602613637641 -0.0187204339633356 -0.18683239265741
-0.0647824706647243 -0.0202309524854921 -0.174380615529376 -0.256536403363894
-0.0390330081559321 -0.00679007293929424 -0.350516225954308 -0.143471130327067
-0.0301856403922952 -0.01140464941724 -0.366414347188541 0.0163691249940998
-0.0306828044280738 -0.0172356823687888 -0.281248196321163 0.130105997286739
-0.0172317739333124 -0.0248973630416135 -0.179098749031198 0.21172985044891
-0.0270359491186738 -0.0352440299096708 -0.085327576949234 0.243334461549078
-0.0166186207024349 -0.0488529876808179 -0.0334848213174828 0.259376971417977
-0.000628399249621289 -0.0370729456564479 -0.0137745353166614 0.253601681591417
-0.00860662241966298 -0.0396315307960359 0.00963559811995713 0.277571644813877
0.00849864219604794 -0.058281389325427 0.0262736390542043 0.310853624105013
0.0666003690523094 -0.0363474840196459 0.0235961284755457 0.328024792115878
0.0878736855379738 0.0140000728358953 0.0877273808555653 0.368267071060954
0.0782903778386622 0.120892518643398 -0.103367411920774 0.330364748247721
0.0546976853312489 0.0484928665145698 0.0343045836464116 0.0432715577004055
0.0264280085770888 0.0181634098360286 -0.0430752682657479 -0.198624712260178
0.03320193217188 0.0353205540706988 -0.185385823030868 -0.255117584556985
0.0668596150218108 0.0053465725839947 -0.342865325322888 -0.150526904306029
0.0666229920724956 -0.0381865972930439 -0.354857325435678 -0.00268222651137884
0.0449340619373305 -0.0740712120782724 -0.277251018691595 0.110034693611329
0.0480290474393734 -0.0860226812941826 -0.176740775345683 0.188505205053714
0.0313127224575274 -0.106969951941462 -0.0742216121643301 0.220374340991106
0.0703227722234229 -0.120521977501381 -0.0102866074404303 0.239804251209039
0.114086004120029 -0.0775276786149112 0.015534021497811 0.25228782464746
0.135035863380677 -0.0320061791384133 0.0282929694258124 0.285783744184365
0.132519699601382 0.0206615955591743 0.023340709097916 0.311734672368422
0.13534041250875 0.0993507732630381 0.0131183838496124 0.282999754479438
0.13235729728042 0.173151232502681 0.0733985303499034 0.289707234160247
0.0651590828037403 0.244708607773562 -0.125290276350548 0.250517722441082
0.0678257508390432 0.188846375759706 0.0344501004207999 -0.0199452768907019
0.0998988405676664 0.128310576142089 -0.0528816658750033 -0.235741926621934
0.141860081178269 0.0888977635566508 -0.194918561941486 -0.260626426527518
0.171669550990461 0.0126738821592332 -0.320470654735946 -0.150403102398376
0.158714864597802 -0.0642079815435877 -0.315032952750008 -0.0207348202911718
0.115264776208365 -0.124081721449639 -0.24217275783619 0.0725771280206121
0.105478569744532 -0.134562531575048 -0.149459696972586 0.138708802832267
0.0811247241453245 -0.161059829466567 -0.0440892231073853 0.167282395747937
0.138231481980325 -0.175979569863038 0.0308293254857731 0.190020613154806
0.201819777300493 -0.115029231423444 0.0693103750293399 0.2246996869511
0.250582390652524 -0.0406491962492309 0.0677714164439675 0.284247660197238
0.240404765683173 0.0736731845848799 0.0268524568553049 0.313650592157659
0.195067046080543 0.2054798967679 -0.0158315570648063 0.234324233229201
0.160884616712662 0.301388484911466 0.0459077191007557 0.175990576479886
0.0504621641265975 0.333416118262936 -0.129745878760418 0.126033244757959
0.0831311986843092 0.306646467281509 0.0424444079980089 -0.109795072799912
0.177406235145223 0.223864624843208 -0.0527454936918091 -0.280774853816752
0.250544356433076 0.122361061860637 -0.18945524567671 -0.265251766739457
0.260379066311963 0.00496807493513257 -0.272983646633093 -0.15132213513144
0.228827939464747 -0.0925111190219311 -0.247966247122598 -0.0474167018535201
0.165336400429244 -0.160010399220069 -0.180514650169303 0.0190626247608262
0.146219570824298 -0.163913782869041 -0.102662773364465 0.0698233635262309
0.11977652761829 -0.187784855033077 2.51890983477558E-05 0.0941228586471061
0.187863911543215 -0.198903967545661 0.080386376625492 0.120537957134282
0.259614512910536 -0.127786971280622 0.127707899345778 0.176973972150688
0.324474151501111 -0.0391619234161157 0.108861735557826 0.266557653375986
0.306231412996589 0.115925738633748 0.0297858451169265 0.305607588021463
0.221629185472649 0.282478887553679 -0.0532453440315347 0.182080604264457
0.161180226788154 0.381739869341839 0.0126691570887793 0.042970796856697
0.0362246649034105 0.368899178519761 -0.12785502456984 -0.0257627729267668
0.0961958450490612 0.372245528100483 0.0358488984815351 -0.21140201149524
0.23524895927064 0.278150973569644 -0.0516117421326821 -0.314868603804407
0.3254824766322 0.128512232126175 -0.163384423253904 -0.260371933939007
0.310922659082025 -0.0130543703064842 -0.197313107662227 -0.156271191448201
0.261600212379452 -0.113362077414031 -0.161639765271679 -0.0872618408305152
0.18776302053052 -0.176729387051981 -0.105254939142262 -0.0472517047911208
0.163661806368721 -0.167150386685255 -0.0422878670113863 -0.00719233685317214
0.144735340844346 -0.182777883821152 0.0551280278108062 0.0154090340461114
0.217838682688911 -0.182163441323335 0.135208135457125 0.0489932402312585
0.285165680759568 -0.104240603421384 0.183023303029606 0.126681241644755
0.348275591081508 -0.00702388896567692 0.140785221647575 0.240854502838438
0.3145047085672 0.159682656936722 0.0251710946242601 0.283416839288111
0.198958112395409 0.329142923469463 -0.086593137611253 0.122858721988706
0.122148003985272 0.409351671623935 -0.00997418673254783 -0.0914144632339135
0.0180484403191671 0.340413458115586 -0.127602513619751 -0.179142914398853
0.090003985056821 0.367835907408356 0.00704074092765591 -0.302850655533238
0.245139633986616 0.275833292352034 -0.0527650638855523 -0.328306984602362
0.3344636695033 0.108514678876927 -0.122111860440488 -0.246641077022998
0.30029462926216 -0.0262867970324598 -0.107547532218873 -0.171374746558878
0.246522408538667 -0.115343021963746 -0.0730534283578594 -0.138675975680419
0.17844838447308 -0.165251868565083 -0.0301152731729979 -0.119251357386436
0.157165579517076 -0.145755741415903 0.0222494214109113 -0.0801366097528261
0.151039347078744 -0.151191321219817 0.118622110670314 -0.0549675774289796
0.2219418142562 -0.133690704325868 0.196593168064838 -0.00707099085346544
0.274924221634233 -0.0541279551880285 0.235745764743953 0.0930657643194641
0.319462446020378 0.0436423838873682 0.162381851063226 0.220495177549875
0.26516155884124 0.198979462494739 0.019106064281389 0.248310273366819
0.133212677993259 0.339569369551108 -0.0990300546534537 0.0587596615292977
0.0566085460979602 0.381996354496065 -0.00864898325341506 -0.211603057061381
-0.00967526855382892 0.25377405908999 -0.128347382605664 -0.305308839833383
0.0592430244048917 0.294469286298349 -0.0324471346240978 -0.361897809098247
0.198537574990867 0.220626997220429 -0.0506749182684511 -0.321875778808741
0.266825214959428 0.0724894091606327 -0.0757674726326721 -0.234583055853937
0.228585737041079 -0.0266134182529939 -0.0292671983596352 -0.194892859995139
0.189917487794628 -0.0889944247360482 -0.00215386689284037 -0.190953880968922
0.142020826344079 -0.123218452318142 0.0319822123601721 -0.180418483651499
0.127826082703084 -0.101775406785062 0.0830764978781484 -0.138888567676651
0.132571382378362 -0.100026336036321 0.183159814334721 -0.10521877280588
0.189953426682899 -0.0727198486397513 0.260027866862466 -0.0342936733537054
0.222735004409639 -0.00371668578849729 0.282731671303155 0.0870175771678841
0.245131647613447 0.0836535760628557 0.175302553017871 0.211703004515046
0.178975997958304 0.208181735595047 0.0191581716571558 0.210812651808572
0.0506442428344532 0.302936057588815 -0.0803284146806244 0.00228879644080151
-0.0159345191435582 0.299656746498728 0.0209115347799497 -0.299381181535831
-0.0492523802192443 0.124274793206586 -0.124870071609913 -0.379945084722144
0.00503657090277451 0.175461184161684 -0.0635287005205231 -0.377343102282407
0.103824046039154 0.131581121764558 -0.0408464089061778 -0.309342986685254
0.142943633125368 0.0360104671108764 -0.0407028993219431 -0.235780400423166
0.115219624214822 -0.00589470605696515 0.0137980675289996 -0.22141762112733
0.105571267815176 -0.035752591531933 0.0322757910774253 -0.22824510251435
0.0871900659725468 -0.0564986294982252 0.070300647508981 -0.219541473810221
0.0779389117784553 -0.0429680615162375 0.129970857771181 -0.174051489555909
0.0868027798047574 -0.0413642535624903 0.238445039155316 -0.129160300568117
0.120989692589898 -0.0206565125726134 0.313195990567252 -0.0348961377957849
0.135938655579402 0.0189093083072368 0.318860358857343 0.102955337336877
0.147652558426728 0.079836622931175 0.186816985672618 0.214627104597056
0.0903541617911486 0.170056252699581 0.032710164211561 0.1812377251174
-0.0153662499086025 0.214067873688795 -0.0396065361341933 -0.0274023258769196
-0.0691301131827844 0.172969554747315 0.065432290290565 -0.340045706579894
0.076465000888872 -0.0245154832315041 -0.0256750251737592 0.361750918230631
0.0276933394002265 -0.0921316172033867 0.0673193506534215 0.0655077061566436
-0.0490507854051797 -0.0796441257979091 -0.0341296880942566 -0.18619759723491
-0.0669527662695835 -0.0138162070350322 -0.196699279217812 -0.244028483840993
-0.0404434989201504 -0.00419504255022517 -0.362549189678668 -0.11304984766044
-0.0311860602836037 -0.00939799522134085 -0.365835771333973 0.0489387210176945
-0.032135198328392 -0.0141187402154419 -0.270783516694479 0.156081022506368
-0.0202215150670049 -0.0247250765779512 -0.160102463407625 0.229098060598368
-0.0299350782814294 -0.0340435546470769 -0.0629295067820747 0.252829143257497
-0.0209477415844048 -0.0482355876195186 -0.0108014727471693 0.264518498343868
-0.0028113619654362 -0.0365698036420252 0.00669053507352633 0.256732698694652
-0.012393473394704 -0.0380243297555473 0.0331167025560959 0.276852988182377
0.00353208391588892 -0.0582116175577733 0.0512856883673073 0.307261759760597
0.0641743281356813 -0.0419112360108561 0.0483853882057922 0.327527340244436
0.0873985965294914 0.00751195376689509 0.120244776870333 0.366093198988524
0.0877124967378838 0.114875557684508 -0.073684532647249 0.33940712562111
0.0591847502275015 0.0441272094762033 0.0394819274254888 0.0405136350826081
0.0286286167301954 0.0155133173302592 -0.0589339458047645 -0.195944735762564
0.0364119113626991 0.0330212838258673 -0.206761893434564 -0.241513887003947
0.0666584526599822 -0.00105366958536477 -0.355179713169292 -0.119741650723162
0.0639126611343671 -0.0456769807849575 -0.356435912094235 0.0299001002177496
0.038776477875594 -0.0787953645444017 -0.268988280500851 0.135944712370587
0.0403509207466085 -0.0919416837956083 -0.159071494809566 0.205299400094841
0.0218292230316646 -0.110772261646991 -0.0529157608883436 0.228361482968725
0.0600085836988404 -0.128970662847439 0.0106148066535592 0.242874684075576
0.109256115033284 -0.0880079261376388 0.0379889631503045 0.253496560491852
0.133081446203342 -0.0437209365388795 0.0521391983370208 0.283590084778873
0.134341987032772 0.0105739108916879 0.0502996448066791 0.307742416459233
0.144678593737913 0.0889166783723695 0.0353769659990121 0.28330382742107
0.145084511285273 0.163180861090187 0.0998798240425057 0.289290220663948
0.0858985680021032 0.240473657024539 -0.10138806876383 0.260992380624583
0.0837153025454083 0.183538393919128 0.0345860120459259 -0.0225725213235578
0.111506627156266 0.118830965836756 -0.0713593020859118 -0.232662588819065
0.149812958886459 0.0770432603604443 -0.21592861187902 -0.245934858757287
0.17203722043156 -0.0038075256336027 -0.332650613293206 -0.122103728565049
0.153827263780607 -0.0802751110168952 -0.31729338566986 0.00706139924730301
0.103899110222627 -0.135252443824382 -0.23616490864962 0.0954200058021929
0.0940821501151699 -0.146918404009692 -0.136801016515124 0.152600393460056
0.0673141740308348 -0.169632371125225 -0.026763088436226 0.171359801137498
0.122938564197436 -0.191066243186851 0.0485293284712179 0.189364672547463
0.19444521810114 -0.133115311433009 0.0894852914333229 0.220314930380569
0.248985190221556 -0.0630030546339573 0.0911433793183803 0.278565682444385
0.247228904419832 0.0544015396046285 0.0543798253767433 0.309473307939178
0.213617234834062 0.1908246938549 0.00408578645241161 0.236893135466959
0.184905515577003 0.287943684378081 0.0616167096348668 0.176781545534327
0.078907952375193 0.329525798230154 -0.116740559516284 0.135995397878127
0.109343527428939 0.299880132326232 0.035075590581047 -0.113280032955751
0.196840390514823 0.207257764465016 -0.0740935373282661 -0.278195354789622
0.260844145895579 0.10124317187472 -0.210055837408489 -0.251099446507784
0.260775076605791 -0.0190234631071458 -0.284513082706236 -0.126347595131441
0.22126281202923 -0.114219351102472 -0.251530582829684 -0.0257552504332029
0.151460791370092 -0.176719939519763 -0.179010544664816 0.0356684371992105
0.132703988906385 -0.179326186632522 -0.0961658246938743 0.0789953141888001
0.103801861034482 -0.198971508609896 0.0111530436332276 0.0937604351693582
0.170283167073942 -0.217987861929043 0.0923258665340628 0.114887545953466
0.250132838236982 -0.152188786144072 0.144523458011624 0.167611927895686
0.32275450082334 -0.0688782433585671 0.131022987969909 0.256895431914328
0.317032701017089 0.0909923912768755 0.0576624057175403 0.300463138194434
0.246814474995673 0.265336407490516 -0.0373547916798835 0.187918282352808
0.191514669947475 0.368294431713345 0.0160466101588454 0.0459736959289043
0.0685818192143993 0.366228382612372 -0.128252901541541 -0.0164234383253964
0.127277993693451 0.365421902715298 0.0196514881527342 -0.214987653600195
0.258969099386571 0.25618823117481 -0.0765796307929752 -0.311542365009928
0.337429474783987 0.100336501630499 -0.183561305130532 -0.24718942127174
0.309970055632776 -0.0412617749516067 -0.209304948363902 -0.138189082946767
0.252428420172687 -0.139453885894648 -0.168271803900713 -0.0739025595141916
0.171937785409378 -0.195010639301315 -0.109202610358833 -0.03786560410706
0.149863703108072 -0.184405232932001 -0.0427617552952693 -0.00344651447912927
0.129129642584878 -0.195931763352424 0.0592600228387274 0.00928488934089441
0.20211660746407 -0.204011745126208 0.141099573836575 0.0379255377515235
0.278325473219177 -0.130951332118704 0.197606885022704 0.11187900576303
0.349493687450826 -0.0403137632024581 0.159936871697834 0.229151505696262
0.329236947228574 0.133829246806619 0.052494673835447 0.278787396588752
0.228362303997299 0.313816101349995 -0.0748551862013307 0.13068252201563
0.156319348605994 0.399471235546362 -0.0183318572772678 -0.0879679837954453
0.0483378093914158 0.339288686410038 -0.141847168667517 -0.171375532746912
0.122377029211934 0.360733940062386 -0.017181976621683 -0.304024840199413
0.268274160748997 0.253668312655208 -0.0786858679059105 -0.325642260775699
0.343189258672852 0.0793685292374724 -0.140812921382012 -0.23697574884526
0.298683119201852 -0.0536141090572797 -0.12085514350709 -0.161418665561432
0.237812961947644 -0.138875933675906 -0.0837069105045985 -0.133912978753286
0.163954607690395 -0.182645398860268 -0.0404354432547191 -0.116933613025896
0.146002051845077 -0.161698501813104 0.0153255254475009 -0.0829257208429433
0.138310636311238 -0.165087128344062 0.115720925058151 -0.0668504569359284
0.209989687702351 -0.155917438382159 0.197572134916616 -0.0240240419126093
0.271551361775212 -0.0792158967871847 0.247310971510823 0.0733306377052855
0.324705414418537 0.0141634444105218 0.180469467610768 0.206677772406262
0.283179423828611 0.176034121979154 0.0434536943267501 0.245859404946003
0.163114878724748 0.330110295700216 -0.0920797027796864 0.0678110370321769
0.0880188396900448 0.376499505386847 -0.0282325693788518 -0.208655268458695
0.0139105217897662 0.253639227497434 -0.15471208774546 -0.297596735746323
0.085332003327711 0.289524075223738 -0.0622955854063708 -0.360447150665649
0.217183827981957 0.202433264956294 -0.0763094984595365 -0.318943545423534
0.272105572383706 0.049199954536073 -0.0944109706133798 -0.227538280740008
0.226791861035486 -0.0479182277450911 -0.0452239437807831 -0.192317499355773
0.182083943490701 -0.107203033875192 -0.0178010984064831 -0.193445142893116
0.131065643170077 -0.136829244180371 0.0154875788421821 -0.185251940276072
0.119860779001852 -0.113654314636707 0.0703145070708526 -0.147677763566377
0.12430774431096 -0.111651283660957 0.175800095502829 -0.123189288332809
0.183928749966656 -0.0913075402471657 0.257756632294582 -0.0577133324337891
0.22295864971275 -0.0235318157935538 0.292991813932688 0.0626307904374938
0.252579311902572 0.0608768507157938 0.193786268124304 0.197263160181969
0.197820753517985 0.19297563824584 0.0388551681863097 0.208587537735936
0.0765792920426017 0.298662931603743 -0.0788585214266354 0.00984330150500508
0.00925288766723001 0.300245894089864 -0.00761284726175775 -0.299816322079051
-0.0368704074277557 0.127091829400935 -0.158070520677139 -0.37289811603039
0.0209840746949912 0.17453962382293 -0.0959898305346239 -0.373354754486594
0.114653819124256 0.121742598890336 -0.0649517471896214 -0.305862335464345
0.144457336672905 0.0229548552649364 -0.0603316494470689 -0.232495784480081
0.115150067658774 -0.01729904558541 -0.00451705973202381 -0.223298858521021
0.101548777408815 -0.0461475660542229 0.0136885476225965 -0.233942224772217
0.0819685068182804 -0.0640132558506303 0.0497331555002484 -0.228155204624425
0.0753825606194877 -0.0495435841728966 0.113976222304031 -0.186817777645855
0.0831905220035766 -0.0479735014502816 0.228308353558497 -0.152558138757802
0.119674164697317 -0.0317937780313284 0.310715433107976 -0.0635509474011209
0.137512982664604 0.00714371373113992 0.330202526634027 0.0751144551674213
0.154464411004105 0.0665417268150527 0.205513417940296 0.198913776320937
0.106120210099717 0.162168855677139 0.0485657350190385 0.178632375983349
0.00269687132029401 0.215357227516284 -0.0414265321331055 -0.0230188479033502
-0.0550732806914152 0.177915699675515 0.0345502659373281 -0.34536666556486
0.0718805215338588 -0.0278848439695836 -0.000851599779882435 0.354889952374236
0.0207228236979953 -0.092265557642088 0.0705752668197792 0.0602211355657136
-0.0529042794816549 -0.0751164865972044 -0.0450918152298167 -0.180710575610375
-0.0660417245375618 -0.00872841911308301 -0.208135269954746 -0.229491613870393
-0.0404335074835232 -0.00115183343887043 -0.361189028116042 -0.0871968000475731
-0.0316323324878691 -0.00714979734267461 -0.356191087771101 0.0740573475186845
-0.0324575209449218 -0.0115083451517342 -0.256692569644745 0.172652301908969
-0.0221728962157358 -0.0235772532176235 -0.140658631774904 0.236503919329692
-0.0323410157853733 -0.0321275053638257 -0.0435436541270723 0.252743450718854
-0.0235564502788704 -0.0464140726477296 0.00646946008906035 0.261790561523142
-0.00392930030169499 -0.0355570277897621 0.0223749738859224 0.252949762708717
-0.0143164600151599 -0.035014744247747 0.0493320663052719 0.268252596207851
-0.000812027732276083 -0.0560534001632546 0.0684681868436187 0.295627552896995
0.0611893507137945 -0.0446794641833702 0.065185847325982 0.318412509545892
0.0846798202211924 0.00334216670723104 0.142399752818536 0.35494893038311
0.0924622164130438 0.108128808163578 -0.0482881419233838 0.336297753096783
0.0606048574769977 0.0396115529529501 0.0421853726748438 0.0378030286159319
0.0292294897794277 0.0123618877096789 -0.0695112644608048 -0.188976934241563
0.0384574743241959 0.0305678446231414 -0.217469822934355 -0.225952797762317
0.0646474457340988 -0.005999767966167 -0.354272171004961 -0.0942437033295382
0.0593116595604259 -0.0498117120302376 -0.347678096231496 0.0535152347933818
0.0329551978444859 -0.0802824516003455 -0.255133202227709 0.152549402392575
0.0329275001825678 -0.0946022513487635 -0.141434628228826 0.212783928769146
0.0142785852673 -0.110743017127373 -0.0345895533006885 0.227164530860982
0.0500364726596155 -0.130953725427956 0.026766600018016 0.239375288559512
0.10294223773839 -0.0934114937251995 0.0533548275750515 0.247609704295891
0.128559928449731 -0.0511596809255708 0.068577737029315 0.27427700159618
0.132281068505455 0.00292163417288254 0.0679309257005601 0.296071637757699
0.148901487911388 0.0790350607824554 0.0514045217958131 0.276308316386586
0.15054773274182 0.151989916354794 0.117304733404175 0.281094699389472
0.0996156628525548 0.230306793487713 -0.0803854105945919 0.261148308960397
0.0937708588322945 0.175664034195633 0.033880025803667 -0.0239098066858708
0.116902984822463 0.107923825335331 -0.0835517900701592 -0.224142069079318
0.152304881404221 0.0657263368099001 -0.224746330083842 -0.229023980521233
0.167985259524587 -0.0153829641732755 -0.332302133583908 -0.0979262575719268
0.145377762542665 -0.0903035871508742 -0.310765888906409 0.0280580397496701
0.0931745994761972 -0.140279666150495 -0.224929410054411 0.109711659763628
0.0824759405993233 -0.152621377520555 -0.123282809655354 0.159027055028145
0.0548147510648526 -0.171260206518489 -0.0127837413467011 0.169525913499772
0.108066704035517 -0.197627101275058 0.0607195844332009 0.18401246657555
0.182950565447132 -0.14449249985318 0.103182931971551 0.211764164383224
0.241498519888458 -0.0787923295246445 0.105602532619609 0.26608506055524
0.24579496031551 0.038746398699432 0.0737760206489223 0.295614071843507
0.222244484968045 0.175622306355248 0.0186893593944016 0.232576932459348
0.197716352256489 0.271716916459848 0.0725273831982743 0.173065904642193
0.0988418199385578 0.317672800353 -0.102745127974631 0.139729823901518
0.126396023102498 0.28834075955674 0.0292216676999134 -0.112581921196195
0.205500698686801 0.188993470407001 -0.0898303560019478 -0.268075455003488
0.262588880571969 0.0828177579877515 -0.220039744580466 -0.234531442859556
0.254260563774346 -0.0359654182182433 -0.284771148922409 -0.104730540049674
0.209363832148815 -0.128134284678176 -0.247850570930719 -0.00936782583290523
0.136780726637714 -0.184528517532547 -0.172873234222032 0.0470390778934455
0.118630500783047 -0.186935858956249 -0.0887626679599418 0.083788272868619
0.0889269684876624 -0.202882313982847 0.0187346693976611 0.0901184973306929
0.15200132312241 -0.227129296084034 0.0993689154847437 0.107703786331556
0.236641991916018 -0.167090822057238 0.154668652603802 0.155404538613328
0.313211359020676 -0.0900184367022212 0.142993133473384 0.243210492838635
0.317172032214073 0.0694605633359546 0.0771644389611784 0.287514360412609
0.260453802906714 0.246521443856429 -0.0239924262603522 0.186373213474015
0.209966688563943 0.349266304351686 0.0193688779560707 0.047230626657721
0.0919615119271866 0.35352141658632 -0.124320527100664 -0.0091072438506413
0.14922831948561 0.350703986611068 0.0081415221778117 -0.211293314079424
0.268808665463378 0.23324228729444 -0.0934806136094099 -0.301427073397652
0.336829452574986 0.0754332276778325 -0.19371654730874 -0.231201054544474
0.301302616167998 -0.0615720130691016 -0.212681186876551 -0.121527591528734
0.237588413453158 -0.154505718860895 -0.168473163489775 -0.0629837247683436
0.156037638549788 -0.204334452480395 -0.109474067607366 -0.0307926272776084
0.135628484312643 -0.193449603946248 -0.0423772643485361 -0.000826710140729355
0.114064629136086 -0.201305915811681 0.0601789974447947 0.00413427684046345
0.184000031929172 -0.215638098549832 0.142015804978367 0.0283131333535609
0.265735665814379 -0.148022909862283 0.202244265012143 0.0971174890513448
0.340924218550336 -0.0640144996988001 0.171897667338464 0.21503732434513
0.331584191334736 0.110586827899502 0.0708496548710114 0.266665555308903
0.244630780808942 0.294803098933687 -0.063877671930771 0.132780792346793
0.177337057073683 0.380734647521233 -0.024275794140692 -0.0816629292010107
0.0703500378130148 0.328129562539559 -0.148167891717115 -0.160401669847032
0.143055352688846 0.346121769915617 -0.033403005681271 -0.297831515649237
0.278472211904544 0.230197104831061 -0.0965453651261722 -0.314442530789727
0.341322923369479 0.0551323554125046 -0.150874469796612 -0.222976989025861
0.289231341796671 -0.0734799134391418 -0.127654254835187 -0.149260296088253
0.223404343320269 -0.153850108325347 -0.089750541955679 -0.128270689487725
0.148234935305132 -0.191063535640174 -0.0474177822540848 -0.113208530596443
0.133438185499438 -0.170453779339222 0.00875212921402355 -0.0824116677943177
0.12486262500214 -0.170698181627931 0.110682128106932 -0.0745929947601556
0.195163206139668 -0.168560529070977 0.193083407414352 -0.0366747913643944
0.261525655487542 -0.0963082658169657 0.248634880500647 0.0547772014221603
0.3196364764014 -0.00912701233979327 0.188521445740138 0.191115339217135
0.289269200839946 0.154606049154061 0.0594769237541667 0.235234122255299
0.182151239607224 0.314060042662897 -0.0847739405442184 0.071747170959137
0.10884047285889 0.362946328191287 -0.0415766493528953 -0.199862912916399
0.0312512856159331 0.246015819082371 -0.170214049838937 -0.283982358647271
0.102613602924231 0.277965271040448 -0.0831636659363535 -0.349433841152994
0.224582530352195 0.18282774904883 -0.0930681813096152 -0.308210014008731
0.268910299952195 0.0299521922959812 -0.104791364515465 -0.216889336163689
0.219474663535496 -0.0625615786752996 -0.055595273784895 -0.185340451954836
0.170765068307469 -0.119295373881153 -0.0289629811203411 -0.19083818223068
0.11964914000218 -0.143354622867146 0.00222464164425328 -0.184445403835421
0.111679460242747 -0.120854965994402 0.0588471336590787 -0.150010315078759
0.115190368339909 -0.116562136646158 0.164598927073041 -0.133343345382381
0.173895198831492 -0.102822150399951 0.248881536416888 -0.0738483777827167
0.217222064856982 -0.038410034474351 0.293760306513587 0.0417213415035168
0.251022197806051 0.0420272093260708 0.202029179821945 0.181052459797031
0.206787554619814 0.176248343981138 0.0528211865417055 0.200406269504914
0.0937866502966988 0.289281269521032 -0.0754153697038635 0.0149458958698368
0.027030210000165 0.292546781399401 -0.0280203963234184 -0.291487122216961
-0.0267458150626202 0.125309906495822 -0.179559363988917 -0.358817134194762
0.0316059994887464 0.168156565023328 -0.117788425911139 -0.361007595712172
0.119329337057162 0.111212701797859 -0.0826957730690668 -0.296781280742505
0.142106886416354 0.0126526526903481 -0.0720407653456234 -0.223577762432972
0.111634609373043 -0.0256376829471426 -0.0187044127111752 -0.219128825608882
0.096202996312334 -0.0527269160865869 -0.00166906435834323 -0.233504949060273
0.0756906014821878 -0.0679921412112624 0.0327227655548733 -0.230042558863766
0.0719889791078084 -0.0538047759262528 0.0983959057585667 -0.191307227638073
0.0788732438470986 -0.0516408491062557 0.214172640846705 -0.16545186261562
0.114838346206619 -0.0399182613130665 0.300204303152714 -0.0825064903611068
0.135014404379965 -0.00190184819684431 0.33009961268059 0.0514577452145552
0.154870330633835 0.0543933257953044 0.213593122489028 0.182736278373154
0.114608654129821 0.151386174295671 0.0599725596109562 0.17216980792395
0.0152560970712746 0.21045074332724 -0.041316340919192 -0.0198407646045153
-0.0423144681080009 0.176531920472898 0.00932651514045101 -0.339292401603546
0.07501984789979 -0.0260927392844914 -0.00852464277951616 0.345711820470306
0.0232441577887566 -0.0913123201649688 0.0659922863903913 0.0608240925317271
-0.0516798823601679 -0.0751261662763311 -0.0421634327820446 -0.175632367564418
-0.0645025836192133 -0.00657910213187733 -0.202794308667087 -0.227018930637755
-0.0382064162837068 0.00284679516729099 -0.350560362880408 -0.0867956942694318
-0.0302793374672768 -0.00560679691109088 -0.347111663431628 0.0701631023095591
-0.0336915885715856 -0.0106390877490832 -0.254233043154573 0.17034940460822
-0.0228071573742409 -0.0238474134845363 -0.136302153417385 0.232904616225809
-0.0327805977954784 -0.0301511243269064 -0.0402772424251437 0.248799932755034
-0.0230492957518641 -0.0450542079828981 0.00760109193871191 0.258506972782763
-0.0018212605017174 -0.0340330768887801 0.0209101915720218 0.248694597952912
-0.0107914825108159 -0.029149850672412 0.0441141801921604 0.260759309410603
0.000996707758636139 -0.0500533197929653 0.0609926835739671 0.285214983712977
0.0616665460551644 -0.038425556317493 0.0569281116747024 0.315441163554161
0.0859242034785687 0.0072535888701357 0.130545661153088 0.356150571170056
0.0913424129869902 0.1111770464601 -0.0487711859105019 0.326495064071458
0.0581691909221399 0.0415353982286658 0.042810850473993 0.0361299717820885
0.026609244447059 0.0137839806457987 -0.0614131403949148 -0.187466615741624
0.0361482746878826 0.0336839339862972 -0.206691239102389 -0.226808075028801
0.0641679475610302 0.000117552855082746 -0.341280334680876 -0.0985919301829956
0.0596619562939486 -0.0463657908496104 -0.338843553684772 0.0472995124126796
0.0318666798100925 -0.0782145482217538 -0.252012930389654 0.147582118946065
0.0346020826512483 -0.095461968800113 -0.13622183308811 0.20901046269904
0.0146521634713642 -0.109247476803493 -0.0308211642524039 0.223570472511417
0.0510340843721294 -0.130625164753545 0.0305947036341899 0.236761316106724
0.106375791557664 -0.0921359434633947 0.0553486882067699 0.245150313085204
0.13068734071556 -0.0442482716936661 0.0691237661403734 0.27056003184263
0.131853845119753 0.0100891191644881 0.0627788895607688 0.290079382887025
0.147423285882373 0.0846689203936357 0.0409269920884503 0.27609066066071
0.150774033524374 0.152894038740912 0.104523683476925 0.28624305480754
0.0940037096683447 0.233669398646393 -0.0724907449068393 0.252306987521808
0.0866592618393248 0.17811927404019 0.040143971239533 -0.025720495984253
0.109256382073365 0.110979355789707 -0.0705879857375791 -0.225758174298845
0.145635779117251 0.0708650243236817 -0.209565943044106 -0.23317605199475
0.165655934730476 -0.00648996377969464 -0.316666084201308 -0.104950694091876
0.145216413478451 -0.085493254655299 -0.301807212652665 0.0192535179191308
0.0933049487376338 -0.137343804940632 -0.22206190133644 0.10340289369996
0.0855101120691032 -0.15363045854916 -0.118740473735124 0.155164570843382
0.0566095930000958 -0.169485255339903 -0.00770264917999835 0.166604267867271
0.108649002070917 -0.197077078618398 0.0658233181110602 0.181703467468726
0.187498448693737 -0.143333732970912 0.10829732421962 0.212586476800583
0.242461219153352 -0.0720829910259549 0.110438160691881 0.266178714214702
0.244531077811614 0.0470468221647035 0.0693248353238113 0.294119816068463
0.220248384200013 0.179820168349077 0.00938466434646549 0.2352185242316
0.197522820379508 0.268946995680092 0.0596464100799156 0.181755370617387
0.0896897240441221 0.321281242297736 -0.0890182853167907 0.133543686189338
0.114291549153326 0.291003888570913 0.0408065216160157 -0.114228412481004
0.193416409278681 0.194789500403498 -0.0719314285652683 -0.27201007025825
0.253159904609215 0.0897055608147561 -0.20008909952182 -0.240950288796062
0.250013477056848 -0.0255262895136399 -0.269851506125239 -0.114864361437299
0.208672710295207 -0.122845018988347 -0.240630871609485 -0.0197692539195626
0.136867511878308 -0.180625872467619 -0.17030928617844 0.0389391517366006
0.122987287068075 -0.187609489604882 -0.085111245163504 0.0806195768274925
0.0911395449837288 -0.201435113221644 0.0238062585161453 0.0881444857549664
0.153273927868896 -0.228223279647626 0.104587217972704 0.106635622543423
0.241456313892534 -0.166390532239762 0.16092821831529 0.158541684102253
0.313319673201309 -0.0838687866498981 0.150455063971113 0.246870666958758
0.315468653632183 0.077552165366214 0.0743956137630137 0.287958197834691
0.255694295820156 0.2503266777741 -0.0322600314449725 0.190517574753932
0.207855383438144 0.344667328203232 0.0097840217877427 0.0585309481250204
0.0799082082413262 0.356916995724812 -0.104811831113489 -0.0133334284347481
0.133641658207085 0.354325110730883 0.0233210308423881 -0.213319525144408
0.254190345417204 0.240940419564307 -0.0722973636093588 -0.306246916049355
0.324725280296218 0.0846125632642385 -0.172146956869264 -0.239910389927918
0.296172190142107 -0.049888815453343 -0.198550615301485 -0.133063648439004
0.236604603278332 -0.148795977057568 -0.163445521868061 -0.0726301287490125
0.156479729744013 -0.200333968125911 -0.108104842654468 -0.0387045245288156
0.140508102229368 -0.19354350523617 -0.0398132294540656 -0.00311896550967006
0.116922009458303 -0.200426784744254 0.0638545875610466 0.00298797499206917
0.184609887632937 -0.217321912810073 0.14616100849875 0.0288264872109039
0.269802405408898 -0.147797525914591 0.207614788414055 0.102778370965716
0.33905879926595 -0.059575520709688 0.177962271523796 0.221263262018057
0.32873836073743 0.117914729071787 0.0689450814593339 0.269192554829588
0.239499043238504 0.296235042533392 -0.0718151074357747 0.137413211776463
0.17486286580148 0.374623500006468 -0.0305394173832752 -0.069522890983144
0.0583779487290201 0.331632418878005 -0.126475154988446 -0.162155088525439
0.127589250316853 0.350546164153186 -0.0165337002042054 -0.297932430737644
0.263210652346661 0.239227312521536 -0.0753856526205481 -0.31940799349545
0.329310747712563 0.0644157276733937 -0.131296790183849 -0.23171567840677
0.28447291945173 -0.062927600397884 -0.116828031344318 -0.159188628190724
0.221767300859538 -0.148342701218775 -0.0860480678995821 -0.135296165381403
0.150085080499834 -0.188038260618936 -0.0477107850761703 -0.119446104006228
0.137949901159915 -0.16982556735211 0.00972402369212372 -0.0826940645314398
0.127968952771238 -0.169709022016603 0.112005891171972 -0.0744527685375358
0.19622203848391 -0.170187942625404 0.194761200239269 -0.034971119053605
0.265419448829895 -0.0971012940375619 0.25217859468631 0.0621235943588357
0.316968460145461 -0.00666499837460075 0.194864353570787 0.199654202424625
0.285927923788244 0.159954194701716 0.056664317756001 0.238423719036489
0.176688086779285 0.313936423987462 -0.0914061733598663 0.0757182245979652
0.107065634824364 0.354892384825741 -0.0452546504085212 -0.187571071756375
0.0209976598036447 0.249403411414463 -0.149812604119887 -0.284037566757821
0.0905128433628138 0.281386888028931 -0.066030191103467 -0.349639447934278
0.212842477093645 0.190404222367065 -0.0748370047841405 -0.31093110526816
0.258593143462982 0.036643532934304 -0.0887405186369041 -0.221690017655009
0.215215014431762 -0.055140531213915 -0.0480329276917279 -0.190699109024549
0.168129459542013 -0.114501391842681 -0.0269464147697743 -0.194752501649711
0.120383671843906 -0.141611077476083 0.00178509280642167 -0.187754509301963
0.115600255081173 -0.120525909969108 0.0578772456945266 -0.148686539560734
0.117498562673811 -0.116488078806643 0.164667279675034 -0.132156305983187
0.174974220654133 -0.104920718247764 0.248716646678624 -0.0713016583277957
0.219952655458773 -0.0385108318906457 0.292816403495638 0.048642818837556
0.250286259259087 0.0432225752259871 0.202683471849262 0.190361615148368
0.203187441640462 0.179380271726827 0.0485288257119331 0.203356803590894
0.0900636974613211 0.286429787242425 -0.0811363236810533 0.0172379290649728
0.0265284842025897 0.285619804105173 -0.0283037753296174 -0.279848966327602
-0.0333990853063104 0.12673965494671 -0.164645912748143 -0.356750242773353
0.0238363432847227 0.170852356010106 -0.102901659882201 -0.358719825665573
0.110351797393892 0.115349366843137 -0.067697380539066 -0.295252659163141
0.135048290710421 0.016564790429575 -0.0613102917250996 -0.223165888564942
0.107803197385987 -0.0214447036660466 -0.0134123319255305 -0.219061097915721
0.0927904528547951 -0.0503429919293571 0.000132642954184066 -0.232898803630568
0.075993537920462 -0.0675531553219341 0.0310895463388903 -0.22987048139545
0.0748996238927459 -0.0530438155271336 0.0963396517494782 -0.188824971635901
0.0815196317870946 -0.0518788096871992 0.210897267457863 -0.163930220253243
0.116359179973314 -0.0411140224954076 0.296950096135927 -0.0812078988417279
0.137354775284919 -0.00178873597212867 0.326483288144913 0.0562743282669
0.155962246006547 0.0554586693102675 0.210478868854504 0.189247208146831
0.111814648818733 0.15326619770381 0.0540269169379825 0.174508256174321
0.0124395536504947 0.208212504052572 -0.0450725388812592 -0.0187701187968131
-0.042572197834484 0.170837156329447 0.0118314171438359 -0.328702646029074
0.0736501706732681 -0.0261419199816259 -0.00153536790590161 0.346229977528283
0.0209481183314244 -0.091429563605777 0.0685364322281565 0.060442912886919
-0.0535957164396722 -0.0744172949850556 -0.0451155160500003 -0.17694436677061
-0.0640110465086533 -0.00440912875835536 -0.207712434965423 -0.226806810434203
-0.0387171626472844 0.00452865440380531 -0.353018507705901 -0.0823159456124794
-0.0306555248042643 -0.00426154467859384 -0.347833290109916 0.0798451135281034
-0.0338879992489327 -0.0101337383719663 -0.252894181546036 0.178912169806058
-0.0240838268606334 -0.0237620328076566 -0.130650986496614 0.238037321165195
-0.0335786973937504 -0.0303812862179659 -0.0345142132585235 0.251955393793176
-0.0241766095859982 -0.0454213334583991 0.0128493780901474 0.261231468766633
-0.00108542877688825 -0.034607637633968 0.0236396977344432 0.251098400774384
-0.0108004905351567 -0.028034103955162 0.0478651372911241 0.26090320789926
0.000231982011912865 -0.0491083558646817 0.0638299586931299 0.284319396967251
0.0617437656014086 -0.0395640095635427 0.0596237944114028 0.317208687847374
0.0859450465436821 0.00799130099265308 0.139486703285877 0.35937998508855
0.0932144196782611 0.110911557117044 -0.041135000223954 0.327630004607216
0.0590918123141547 0.041842184574406 0.0450032389322814 0.0365203955687485
0.0262575470056859 0.0122724661898818 -0.064478958539072 -0.18841022137794
0.0378473848335067 0.0328904093499573 -0.211311439024027 -0.226693896465438
0.0644984710354396 -0.000282989376307473 -0.343700529692861 -0.0936080348849891
0.0591172786595363 -0.0481264442517932 -0.340094353606846 0.0556385974284496
0.0310106111703192 -0.0798826291368789 -0.250362094880546 0.155154310233398
0.0327593138804915 -0.0981129000772661 -0.131440339746721 0.213884568819877
0.0128679368732202 -0.110525026303744 -0.0246013886800457 0.226337688961632
0.0483843980089213 -0.133471168267546 0.0357074492786446 0.239380542184027
0.106784811342478 -0.0951751673524908 0.0602269772157697 0.246843361661568
0.131829295783831 -0.0471699340474981 0.0728476960933267 0.270856026975162
0.133724028355064 0.00925111678540795 0.066576586514693 0.28776461038864
0.150660661022736 0.0836619002237802 0.0453739963649059 0.277896373582792
0.153899806484971 0.153101677655192 0.111880021607184 0.289605148097449
0.0979745180867299 0.233264034687179 -0.0668601445425892 0.253960143860033
0.0903279407271712 0.178829767107062 0.0416008855174118 -0.0255887394140114
0.110837362954313 0.108833275355324 -0.0735702496984874 -0.226154390834142
0.149384690246279 0.0688986754259297 -0.213909649889857 -0.232649727098735
0.166294666150137 -0.00970739847592492 -0.318626105362279 -0.100684192858744
0.143791549404982 -0.0901700345184885 -0.303943983381324 0.0252814654758772
0.0911361843245676 -0.141405390884704 -0.221661615218842 0.10896381499207
0.0833158847197491 -0.158072335012503 -0.114930953368606 0.159493072216263
0.054070425277369 -0.172377710585715 -0.00346767476642014 0.167495770919336
0.105008639700101 -0.202064229112645 0.0709094107041748 0.183507600319926
0.187918566358755 -0.14914033085926 0.113292369920474 0.212383232380916
0.243977064517086 -0.0776194441439934 0.114995631630327 0.265851108164098
0.248543417442637 0.0446197735151054 0.074251737261994 0.290602173320441
0.226093935625017 0.178726311887972 0.0133600848221999 0.236696899911161
0.201878261277264 0.268861970708611 0.065314495676448 0.185364946392092
0.0953913697919345 0.320656289348757 -0.0844523797798863 0.134320929730066
0.119359673634106 0.292661754828442 0.0405921505128705 -0.114321082591923
0.196705147442308 0.191653826192846 -0.0753910910366637 -0.272713437255855
0.256750926110986 0.0850906582998517 -0.203092185468485 -0.240413940037748
0.251596313422558 -0.0312136713532263 -0.271306765588701 -0.11041883324281
0.207504193562659 -0.129352962430047 -0.242711081087466 -0.0160862359760116
0.134305313804163 -0.186289594545637 -0.170462689601623 0.0423202185710697
0.119706150766704 -0.194102356497211 -0.0828419408572471 0.0836338198232184
0.0884381057943438 -0.205375114355594 0.0268434334049796 0.0877650811018347
0.148990912591988 -0.234347839066663 0.10819013497979 0.106400238163683
0.241127302544057 -0.173144665815814 0.165673016998374 0.157184328714898
0.315032342115048 -0.0930301826156982 0.154558815152073 0.246082032817292
0.320113803094559 0.0726394705366587 0.0794967397227327 0.284689646603345
0.263685890189747 0.24896053567078 -0.0293943962475264 0.192039881685274
0.213641563962944 0.343206616463694 0.0115287335907907 0.0616307167741267
0.0859180786011448 0.35597874319095 -0.103337897996206 -0.0124887035624156
0.140768395290159 0.355496368963892 0.0213331006967356 -0.214008964681452
0.258418970931616 0.237209617346342 -0.0766464434464647 -0.306629357910112
0.328537793875089 0.079253194763794 -0.174751412890841 -0.239085435659276
0.297913487690701 -0.05597927301743 -0.200669916482227 -0.129049968529877
0.234349562873275 -0.156072898445132 -0.165965414444089 -0.0710953503465037
0.15359536670984 -0.206294640916187 -0.10988334613917 -0.0379798751939576
0.138037499828206 -0.200623684648046 -0.0399154583505572 -0.00152463304777077
0.114549628295862 -0.204713720133008 0.0655132162912074 0.00100702377309192
0.180655090160177 -0.223672093275686 0.149074090544133 0.0266929978141837
0.27026654363619 -0.156037584528763 0.213035685032664 0.0991993852131842
0.341235333351044 -0.068180616265165 0.182648199355288 0.220587972086131
0.334612063461942 0.112270969329765 0.0739583343153156 0.266060644250287
0.247899509025721 0.296287741244848 -0.0693104547965438 0.138873583023609
0.180445435066273 0.373902240245235 -0.0320602275807773 -0.0669026895897351
0.0646821020511805 0.329850926444636 -0.128087940426964 -0.161980612514774
0.134093977548703 0.350892516586369 -0.0207168382829836 -0.299548409413709
0.267708146169187 0.234447267041325 -0.0804321261657794 -0.319334036643752
0.332611383431523 0.0584283661816815 -0.133492050965655 -0.230540130624622
0.285700049472843 -0.0698025904099658 -0.119343975890747 -0.156920832299749
0.219356280795441 -0.155544482094673 -0.0901017777834617 -0.136799673355061
0.146308842760461 -0.193336014200368 -0.0511720715573442 -0.121883191806834
0.135957299211136 -0.176472463191052 0.00829877089930739 -0.0837344343191257
0.126659700912983 -0.173689838318206 0.112373583309699 -0.0782101071361842
0.193167222979819 -0.177003290698378 0.196235516562911 -0.0390053682207414
0.266526874480194 -0.104295946518956 0.256777389147736 0.0575838416360119
0.319523706186841 -0.0149684992249807 0.198594359679164 0.199329262405715
0.291435044403997 0.156366201494843 0.0618563119960947 0.23618703910209
0.184394003296725 0.314001786757595 -0.0901429873993525 0.0772636915924714
0.112634291355528 0.354601139097883 -0.0497205840215698 -0.185699743339525
0.0261010272348745 0.247587652661334 -0.155567169668651 -0.284768696934898
0.0961545729629702 0.28205920927749 -0.0720417643045103 -0.350317034031879
0.215554700784118 0.18650088941115 -0.0792153113901672 -0.311283427505004
0.260911458329275 0.03147114327275 -0.0910310365144123 -0.220861123138817
0.215451893206472 -0.060472255903451 -0.0505645937757422 -0.189963800476705
0.166440637277896 -0.119570661726819 -0.0316764702385753 -0.197744357927554
0.117980177881244 -0.145783752139075 -0.00452569740678831 -0.191776700819392
0.114852668005895 -0.125183770665907 0.0551217559641727 -0.150840663672246
0.11718884209541 -0.119748590045897 0.163128882320521 -0.138071406539056
0.173444092083906 -0.109947662851498 0.24919300621159 -0.0772627657502842
0.22079686231281 -0.0436847440584249 0.297662004046677 0.0431917300001837
0.252524566555478 0.0367493194449034 0.207803617002478 0.189234546084471
0.208307332894046 0.176224973545477 0.0529517347729548 0.202524931684557
0.096578493175478 0.28771202739332 -0.0807669842330923 0.0183983961450807
0.0313446543279397 0.285677709708727 -0.0352906638858281 -0.279774322566709
-0.0306069772345169 0.125859713769155 -0.172525231947014 -0.357974945405067
0.027201906847493 0.171079312003006 -0.110622998178848 -0.357902182170959
0.112567895573891 0.113401210642276 -0.0717552360870138 -0.29590956393157
0.13515311478829 0.0138778626172767 -0.0633490682243182 -0.222519426033146
0.107873258682712 -0.0247548238592362 -0.0165957280393742 -0.219609147001674
0.0914339758139754 -0.053196826419491 -0.00523282216573364 -0.237459040134066
0.0751271047045976 -0.0694975114781068 0.0247592386117737 -0.234500064363204
0.0758602021154807 -0.055839435717399 0.0925764438933133 -0.192420108815385
0.0823447968480618 -0.0530756056779884 0.207784166500926 -0.170506556782814
0.115646254947353 -0.0439647820825995 0.297545925542024 -0.0884387729803473
0.137396892411575 -0.00462135409587488 0.330424697712516 0.049249835749961
0.156715178338227 0.0523218829354694 0.215456636115936 0.188268859495501
0.114942805408971 0.151669272890006 0.0580366378225967 0.174538614222387
0.0164081722133953 0.209017737066402 -0.0454554317926602 -0.0180973592479529
-0.0394194332872495 0.170819017343701 0.00415628617422938 -0.330269517341192
0.0746582479273925 -0.0265298921955214 0.00735486412913519 0.356911607263952
0.0198764368913276 -0.0941091590209855 0.0730571164592506 0.0619459902782415
-0.0576251088159122 -0.0755081215108793 -0.0502122399031284 -0.183223614014354
-0.0650428545437663 -0.00273999243544367 -0.220820482405572 -0.231882254421455
-0.0394858657852501 0.00614442704466699 -0.364993183715643 -0.078493929235294
-0.0316129846327279 -0.00276700222010252 -0.357105119331623 0.0923850986718687
-0.0346877806641004 -0.00946689555327773 -0.256647863252803 0.193123048905593
-0.0254473845840747 -0.0241598966115483 -0.128198792380893 0.250093088367137
-0.0356680453324559 -0.0307990321306828 -0.0288927149181811 0.26167612009633
-0.0265070970261421 -0.0464358128916854 0.0196898003391761 0.272450693385491
-0.000749306815564958 -0.0354450155800132 0.0285937999232236 0.260396441455273
-0.0105536764959834 -0.0271762713082137 0.0544141653930977 0.267937636295025
-0.00098530985378632 -0.0491750455452033 0.069183771106019 0.290655772554345
0.0635107457995152 -0.0417144334854377 0.0665573557506286 0.32824553421318
0.088617155284447 0.00837150260611191 0.153468673363837 0.372615806477934
0.0979061155268976 0.113406822023747 -0.0342569603996845 0.338070258474861
0.0624454003560326 0.0432907938544235 0.0488496526943686 0.0378895574233973
0.0267345620490967 0.0118390649640301 -0.0704262080175942 -0.194140425259694
0.0414734296938642 0.0334795762393018 -0.223179074790237 -0.231401261041926
0.0671664441750798 -0.00170288647749594 -0.355345376695517 -0.0894543570378223
0.060115692828295 -0.0514289746473609 -0.349451990461248 0.066783853893924
0.0303540273312954 -0.08460128918647 -0.254351976130828 0.168381142104814
0.0310671289140492 -0.103638234383612 -0.129335878356592 0.224916078897809
0.0110730175112186 -0.115464603091238 -0.0186440562542025 0.234455522430473
0.0463765447802475 -0.139844632789396 0.0435958307403912 0.248683317559187
0.10995868373817 -0.101875925382432 0.0677713953957523 0.255312236256128
0.136214541175341 -0.0512418006350436 0.0794621128153745 0.277811721654216
0.138973913449453 0.00807518513243774 0.0726344570176814 0.293402476994164
0.158845153468546 0.0842482528073226 0.0512755213681649 0.286507648964939
0.161702971512754 0.156619686127718 0.124038492072823 0.300057309614103
0.105142814119396 0.238645251806111 -0.061612770132628 0.262357871483113
0.0975124394459015 0.184744096909819 0.0442421821452267 -0.0262099247461174
0.115334871855258 0.108847083565387 -0.0801156782873407 -0.232630757958658
0.157046656778142 0.0672010187585177 -0.225301406299046 -0.238147630787477
0.17225044650242 -0.013787445830086 -0.329507161237556 -0.0968316328433944
0.1466125542992 -0.0974789382855204 -0.313609049430423 0.0347592920822238
0.090825811054082 -0.149392449260279 -0.225334514592375 0.119083251983945
0.0816474956211618 -0.168229574083822 -0.113868724138383 0.168522953906717
0.0522398738241328 -0.180966248556635 0.00216165747247172 0.172824118941692
0.102828971807047 -0.21332802844196 0.0781745909805439 0.189611581954143
0.192262696356877 -0.160305441756535 0.12235168256391 0.217868394428166
0.251781236108565 -0.0870384379637831 0.12309151683927 0.273979673978976
0.258814491543487 0.0409139680867783 0.0815273604181152 0.295701033944322
0.238911437830319 0.181934669349538 0.0182734308357305 0.244210004751059
0.213741046785341 0.275291317849384 0.072970044684893 0.193131612075536
0.104709410184928 0.327976295676979 -0.0825181486520215 0.139003231978972
0.130739207608518 0.30173804722803 0.0412064573644212 -0.11819736186473
0.205712799897838 0.192453955095905 -0.0824717134653492 -0.279787040084058
0.268453782770161 0.0819260701202886 -0.213458229051847 -0.245364991535327
0.259784465376373 -0.0379835504285262 -0.281477142854528 -0.107890486031028
0.210535159121139 -0.14015164971514 -0.251533113524981 -0.010679508999122
0.134250727230796 -0.197663863397035 -0.175742700350468 0.047359023795212
0.119122924968236 -0.206879814660315 -0.0831081823981042 0.0888581901895186
0.087590633925055 -0.215646627353222 0.0311850719637696 0.0889044049569425
0.147262053813568 -0.247971235702888 0.115832439846746 0.108665323094062
0.247688784442791 -0.186469687664749 0.17628763060286 0.158876252623598
0.324616666142252 -0.105069742341881 0.164406121958604 0.252634676635546
0.333762108481365 0.0684476314800175 0.0867860382188338 0.28909393299528
0.279820499087861 0.25322995372891 -0.0264287061183579 0.198675002039326
0.228231912414709 0.35132145918869 0.0138485359625432 0.0666262217624628
0.0959888162091382 0.363511422314456 -0.104856974150734 -0.0122034071366624
0.154421720574213 0.366458313218525 0.0189457274381538 -0.220226472895709
0.270372734696911 0.238514867985017 -0.0840571672432119 -0.314593109635996
0.342797808781392 0.0733756768760428 -0.183096307908547 -0.244465900097811
0.307247117812045 -0.0660091618597316 -0.207536643910376 -0.127526572464113
0.238138159463415 -0.169009350270759 -0.174326941879555 -0.0704415851417468
0.152653149894863 -0.218452278563733 -0.115433221141357 -0.0380566463468123
0.137881080534002 -0.213588971358919 -0.0410142657909331 -9.0866551824588E-05
0.11482313530946 -0.215366439991634 0.0684551609010669 -0.00214034634857076
0.180982608675531 -0.237594785382559 0.155955041437787 0.0246398460581882
0.278079815626088 -0.169411863161695 0.223644473002243 0.0973397676184008
0.352147809400001 -0.0810410492159045 0.193370656805799 0.225802975659288
0.349868665808594 0.109189543138321 0.0809272902758107 0.270153340530236
0.264130392643144 0.303047991712388 -0.0679262950732255 0.144418127014402
0.193756794725116 0.382449457633976 -0.0345353913871615 -0.0653905279031182
0.0740625884129443 0.337081742487791 -0.134921649175012 -0.166164999288192
0.148031308010251 0.360933639783121 -0.0269341997454484 -0.307452199046862
0.279888382367153 0.235124508735972 -0.0885122872598304 -0.327948016758897
0.345385448061774 0.0515845921568674 -0.14009889747859 -0.235302463628288
0.293760491773766 -0.0798585839212133 -0.123835620815679 -0.158003533040156
0.222095804946195 -0.167173905243893 -0.0971194769129614 -0.140296768193138
0.145977300977611 -0.205142181476115 -0.0584887727673756 -0.126119333083415
0.136657612271203 -0.18832492875931 0.00669238688821632 -0.0862427296002587
0.12798274658703 -0.183220594798312 0.114543373248064 -0.0848428887214478
0.195427947792366 -0.188982896036589 0.202575765261982 -0.0452351347504993
0.274462508310946 -0.115690442777224 0.268231245683245 0.0532333151565042
0.329712147028628 -0.0249069550115458 0.210110774127156 0.203726404030668
0.304972359675727 0.154786213460381 0.068578164766675 0.240415842628639
0.198619448948642 0.322198642816461 -0.0907969543753355 0.0814500614523028
0.123862308977827 0.363561058991447 -0.0571700034077629 -0.18852990443864
0.0324474879025695 0.252477476443294 -0.16545239073215 -0.29229334065438
0.106601879968634 0.289300154603787 -0.0811543156383223 -0.358923549850108
0.225902485892168 0.187299157297686 -0.0872747568086122 -0.319012649609652
0.269999358507853 0.0260691522558742 -0.0961693538199639 -0.225844687166218
0.221325009986659 -0.0689691296149207 -0.0539417600946052 -0.193829081118016
0.168041913209532 -0.129575492113345 -0.0389250708155196 -0.20579780344512
0.117600083248228 -0.154619108980206 -0.0122335364346074 -0.200028824579096
0.115955103155297 -0.134556790849103 0.053287358581676 -0.157683944852089
0.119569522099504 -0.127052010228381 0.164951870578048 -0.147743394278701
0.176411930286201 -0.118903887580057 0.256341861722616 -0.0858650075276465
0.228186119972633 -0.0521388843789991 0.30944449530388 0.0368999893512705
0.261290076938687 0.0307324356959569 0.219070692893156 0.192553492093442
0.218795222449905 0.17714831497188 0.0599575861090383 0.206777549501454
0.106195162674463 0.296097443223691 -0.0822510959257974 0.020385291249531
0.0382243045574964 0.293086484242392 -0.0447199638006347 -0.286280880804755
-0.0284058099465171 0.128523259171161 -0.186179767624288 -0.367406368366982
0.0322646068509029 0.174960274506995 -0.122187537849665 -0.366207565492726
0.118346405326736 0.114311422975617 -0.0790925182579461 -0.303632895257878
0.138880256952841 0.010394216995567 -0.0680586206163385 -0.227996924524763
0.110926764029988 -0.0293888801159245 -0.0210426274627729 -0.226464146823614
0.0921608681747558 -0.0577740481776807 -0.0123641829752387 -0.247637566592579
0.0751075332536372 -0.0741062171455399 0.0166010291898453 -0.244871587134534
0.0770998684198721 -0.0607742636104227 0.0900326585876828 -0.201718360975886
0.0850703061642095 -0.0566701206092207 0.21086424955215 -0.18229207653981
0.118125744357639 -0.0487662939605661 0.305676464445819 -0.098860664770539
0.141826276431749 -0.00828652094915119 0.342944111260108 0.0422181139398511
0.162843865223154 0.0492985885341952 0.227733532122912 0.191334310130954
0.12188211434559 0.153928334980569 0.0638225613869252 0.178629148915775
0.0212481433266316 0.215844215157817 -0.0472889506056704 -0.0182750537622211
-0.0369967344686533 0.174856901987083 -0.00597168194057385 -0.339640802024059
0.0759152717657701 -0.0293017741049175 0.0240861469173269 0.372538180404699
0.0169540176660832 -0.098225554791489 0.0809254691896475 0.0621301006741145
-0.0641894551143471 -0.0755597123523043 -0.0616793744100126 -0.191441428929567
-0.0667011391897498 -2.36749593528754E-05 -0.243743773198389 -0.235371697064925
-0.0400898833929234 0.00880716406808513 -0.385837886549334 -0.0671977268842835
-0.0325909604462326 -0.000858804598080842 -0.369492820981764 0.115552092764815
-0.0360225221565694 -0.00822727565634036 -0.259118784863551 0.218579876196195
-0.0277237608075623 -0.0248559752232395 -0.120667814419193 0.268671657803393
-0.039043231859413 -0.0304395594165012 -0.0160907001863433 0.277959430114976
-0.0304628737958332 -0.0473268164494644 0.0340697225701219 0.287664590255076
-0.00157269358703352 -0.0378090651299384 0.0416412632401383 0.273456953599916
-0.0112401271840786 -0.0272180768855128 0.0684521685424561 0.278072345953934
-0.00227581846105916 -0.0504627212192638 0.0823700036003421 0.300689203563193
0.0658271001586824 -0.0466641001468834 0.0817171681505959 0.343123742420547
0.0937721865612119 0.00672213264490859 0.180513652940033 0.385911815901077
0.106716490465692 0.115828761679774 -0.0186822907921122 0.354452246925691
0.0684746889833791 0.0443759159459132 0.0542836146854924 0.0380262829077395
0.0276646367721933 0.0111284790716613 -0.0822279498783101 -0.201906911900265
0.0463559997980949 0.0331055060990952 -0.245091192547328 -0.235296550429492
0.0713067842389857 -0.00495553418631822 -0.376181513724421 -0.0789701463255046
0.0611495859057955 -0.0571298446806331 -0.363698712581691 0.0870295804565281
0.0278433628536324 -0.091070223779819 -0.257818452729325 0.191243696764955
0.0274118258061274 -0.112395197050811 -0.123408372711726 0.242971360801361
0.00605328777801656 -0.122430954116752 -0.00658791918217039 0.247862188889198
0.041698869123686 -0.149763950890321 0.058334917784673 0.260973814186445
0.112102651602041 -0.11329671877636 0.082288678076975 0.265994786049583
0.142360144464799 -0.0609058746258818 0.095211809781378 0.288442931665541
0.147828903558769 0.00327535999142331 0.0869034165482906 0.302295230819519
0.172217171273862 0.0826562834035016 0.0647941938042529 0.299743133414547
0.17728455064803 0.159448044793518 0.146255885383567 0.312159993959962
0.119854460372481 0.245600264229468 -0.051279188392021 0.276097842188491
0.111966777585107 0.191805831739069 0.0472122945212896 -0.0282921068606176
0.124536377344882 0.1085639163914 -0.0941788204288887 -0.239835440416243
0.169508013903171 0.0623039911760928 -0.246252122888451 -0.241406800289498
0.181744194999306 -0.0234019820413111 -0.348260542960624 -0.0875919603458774
0.148960709609622 -0.110183633873705 -0.327207791208295 0.0518592547713241
0.0874629279997928 -0.163035873568291 -0.230206932859451 0.136278351094195
0.0773311842498152 -0.183544966096598 -0.110311493415496 0.18272620378985
0.046531029677586 -0.193519106352123 0.0119382965140068 0.180794504542144
0.0972028036064418 -0.229938701804072 0.0931483413257425 0.197187069563772
0.197115090756486 -0.178929733586025 0.139302972083604 0.223945207476763
0.261963962119214 -0.104996021840396 0.140525139288661 0.282534362569175
0.275245185477531 0.0319536394920479 0.096534906611465 0.304036074869114
0.261115634581082 0.181531574743941 0.0291542908099082 0.255694260969255
0.235851955457011 0.280843462983989 0.0873348869649994 0.202664551898054
0.123539254757888 0.338691834708161 -0.0776760343952118 0.147988747477321
0.152461271923042 0.313099085284155 0.0403482075741327 -0.124227293954791
0.222417891565604 0.192954218480771 -0.097806122145878 -0.288604912163536
0.286912988259463 0.072931885890615 -0.233827997931292 -0.249477589623722
0.273087454908025 -0.0528456522855235 -0.297576475258968 -0.100365965621444
0.213606047935456 -0.158307372146516 -0.264484875110542 0.000856668249225496
0.130584829613061 -0.215126288506493 -0.182578779704319 0.0573273344500038
0.114094902726973 -0.225648095428406 -0.0818189587345687 0.0975838920826952
0.0830138032520424 -0.232216665977999 0.0381610043620259 0.0906338213139838
0.142654932162484 -0.269371202795878 0.128382638211895 0.109972323573297
0.253607513899775 -0.210939910994546 0.193140001071037 0.159458528777989
0.336983327196413 -0.127798340591372 0.184062746874695 0.259596931645048
0.355692081439974 0.0568612978198426 0.102684558141472 0.296218175229548
0.307493194894126 0.255246089572081 -0.0182469566891189 0.21026164588423
0.254676363588465 0.360225685754769 0.0187438640155946 0.0723284858189623
0.116285614134138 0.376153484498434 -0.108418968153755 -0.0101753504997459
0.179718720700755 0.379416063141255 0.0123417405740283 -0.230203289225816
0.292705227746944 0.237841505711864 -0.10085953871199 -0.326074521906183
0.365114828321744 0.0609690049907161 -0.201787400941045 -0.249807740016475
0.321043303269302 -0.0846590119846885 -0.221731081977105 -0.12386475417131
0.241406472866881 -0.189827493268103 -0.186761405631999 -0.0657228293747299
0.149490027396944 -0.238955859549074 -0.12536017402217 -0.0354564029572611
0.133906368361174 -0.234168848182895 -0.0422830946387757 0.00197853882276715
0.112048940836132 -0.232677189657106 0.0725697247186285 -0.00707037260151616
0.178103199430798 -0.259724955433737 0.166620183316224 0.0186810936204495
0.285418734092778 -0.193826393201054 0.24026685621563 0.09178127243311
0.365446167592673 -0.104412025362596 0.213741182849295 0.22971306435257
0.373799373023464 0.0980032496510197 0.0965426282907523 0.277458861893166
0.293960546217256 0.308207032001608 -0.0649232720895187 0.153939316419911
0.220971291728954 0.392934252736618 -0.0398971922661593 -0.0642923852324955
0.0916752586961703 0.347773547502954 -0.146781515784261 -0.17021408801797
0.173110512986439 0.373631506885891 -0.0399028290380647 -0.319833237152259
0.303251175998771 0.234508040915023 -0.105782039475082 -0.338468254149745
0.365101908292341 0.0377230988215811 -0.155456528364623 -0.241388478764993
0.305911740470888 -0.0990452406289332 -0.134703684333742 -0.159053813569832
0.224285265295521 -0.187564658881791 -0.109453580079831 -0.143826067987106
0.142266615467036 -0.224082753070144 -0.0699099235804533 -0.130973785128599
0.134067080405169 -0.207530992503445 0.00285797760496527 -0.090889088263647
0.126976823738673 -0.200200862010067 0.116545810103156 -0.0965085197090439
0.19496687805987 -0.209802318406081 0.212453804616151 -0.0566198867398622
0.283134862662656 -0.137050579332053 0.285023824862231 0.0428846714906688
0.344852288911153 -0.043916937183939 0.230732163723729 0.205551167330681
0.32854091073022 0.147857770061434 0.0822139626112823 0.247093338304688
0.224581298691013 0.330037877961356 -0.0914507145137384 0.0894355075097992
0.146148239711605 0.375933647470441 -0.0701423329795701 -0.192960540212047
0.0453377835450293 0.260974244318169 -0.186342762765601 -0.300690516194721
0.126128032942545 0.298826576413747 -0.100677839034768 -0.370779657249058
0.244941303550302 0.18607203645338 -0.104705361403157 -0.330057736249863
0.284362189211322 0.0136503982692061 -0.10817844591513 -0.232895952586334
0.229604296777889 -0.0847172716303512 -0.0633074094194463 -0.200622904195038
0.169214222501166 -0.145072598540743 -0.0514417122282878 -0.215793120072275
0.115093339780082 -0.169077041615106 -0.0258273291279028 -0.210957355521672
0.115943740013517 -0.148530873867792 0.0470166088911805 -0.168256567899741
0.120981634713868 -0.140321730503118 0.165878867696782 -0.165180436013306
0.179359907359492 -0.134656573377403 0.265786287532391 -0.103592890502409
0.237650880788681 -0.0676398360499887 0.327668799772375 0.0234396295673723
0.274882050627823 0.01846665618206 0.239469703578566 0.194009397307744
0.238616312068919 0.175089646747005 0.0718999003948095 0.212655647602635
0.125844142279762 0.306981248540424 -0.08537082590831 0.024326680776724
0.0529082735788452 0.30411122881407 -0.0631664611710981 -0.296257335890631
-0.024269677624499 0.133647106473401 -0.212435679836876 -0.378130930059436
0.0422626713800142 0.181281863896876 -0.143860508670015 -0.377740406368826
0.128820476702666 0.114018160357286 -0.096047678307462 -0.314369007340703
0.145040817260836 0.00400167754557078 -0.0788598411137823 -0.235369360197758
0.113804464206707 -0.0375806437243449 -0.0302599543503527 -0.236466725194058
0.0928272802940526 -0.0652915896299869 -0.026443950254051 -0.261259903361072
0.0746354169014043 -0.0818739757421067 0.00153648018994701 -0.259684169644303
0.0782332923052957 -0.068521762646163 0.0839345319058245 -0.216980103392925
0.0877045371208096 -0.0639282385612644 0.211683970269289 -0.203458116058112
0.121568454323468 -0.0569580838175313 0.316574313631654 -0.119419626676958
0.148042538742148 -0.0162562391986976 0.363580407787132 0.0276629988529622
0.171867943965236 0.0432741584481595 0.248641508764004 0.191968246883067
0.134469709647892 0.154944209920518 0.0748413458118952 0.184999686547765
0.0325103371732481 0.225669825635933 -0.0508252893299062 -0.0175176714586761
-0.0306208795250463 0.184099792834022 -0.0262598050686852 -0.354933745150794
0.0762977656859665 -0.0339944010385879 0.0549082003106646 0.385215260839273
0.0107945848076844 -0.102770309099947 0.0906721570447741 0.0590853039097451
-0.0725558768958478 -0.0726128314420968 -0.0797369347905474 -0.196054594517585
-0.0679535912575194 0.00549416447671399 -0.274499631097284 -0.226988151904726
-0.0402029449843239 0.0125043483938235 -0.408083467522671 -0.0423341052355799
-0.0330693215677848 0.00215625285958996 -0.375455148785853 0.150847024240642
-0.0378139038787517 -0.00544113892223716 -0.251169433700641 0.250846686822935
-0.0311615981112017 -0.0240376458495965 -0.103389945747168 0.290705659977992
-0.0434225137828989 -0.028362943636223 0.00770940787289633 0.291271549474187
-0.0351584701168973 -0.046779384580227 0.0601590663413579 0.300087903684574
-0.00291044002089321 -0.0398631583422808 0.063144324008127 0.284312918284801
-0.0127267598960324 -0.0269154492754236 0.0903859752385429 0.283810296927997
-0.00529523873719394 -0.0512524828062605 0.105204692568655 0.305779971996911
0.0654628157222037 -0.0540858455153964 0.109777624410983 0.353303657501065
0.0986614347104186 0.00097538548325736 0.221727006480612 0.391060010001026
0.119415552129319 0.113897628905054 0.00884130523719083 0.369454907515879
0.0763056630380016 0.0425765881065023 0.0618359210754507 0.0367271621654458
0.0286826433816683 0.0101542442372506 -0.102047518264101 -0.203881618817275
0.0524156849088002 0.0294613754328241 -0.275216148229927 -0.227872137004776
0.0752302216238912 -0.0114758893616381 -0.398165608029803 -0.0547813492784977
0.0599196105686157 -0.0645933087652999 -0.371173313274237 0.121134718839436
0.0219569616447229 -0.0978833273135065 -0.252929641101354 0.221042436094515
0.0189197577288375 -0.120592705543456 -0.107644304134362 0.263130040903051
-0.00309544803367288 -0.128672224544306 0.014107695352963 0.258795977182012
0.0309214973130333 -0.160728788876472 0.0837201695358407 0.269931662729186
0.110271778492235 -0.128412309133886 0.106424296127991 0.273431280266653
0.145264009681295 -0.0748030521728707 0.121023927334334 0.293526091076749
0.155666421938679 -0.00745218468449867 0.110161187645941 0.306186568133139
0.187203470020324 0.0735311217612199 0.0894438075319189 0.308560413261608
0.196952082895052 0.154203468807749 0.179387165886551 0.316653577514608
0.143500487402252 0.247351003264404 -0.0294057414302362 0.290049126547741
0.133624556516482 0.192420229517121 0.0496041042676935 -0.0314735880269868
0.136291207434936 0.104255599722089 -0.115985768185359 -0.243359972926118
0.182723435374567 0.0500779261377834 -0.274539260616479 -0.234449132351873
0.189079030428717 -0.0395215559723766 -0.369217522715846 -0.0643692694149362
0.146738097711636 -0.128060363556365 -0.336233254705206 0.0802268925566414
0.0776387233870346 -0.178421021963961 -0.22907275088144 0.160493690060307
0.0647848931522491 -0.1999208741311 -0.0992780880156626 0.198730471904669
0.0340580270123404 -0.206952441137818 0.0289941946539733 0.186899547383784
0.082568035670077 -0.249208261911779 0.114880725620334 0.199769037485954
0.193353893116722 -0.204816654453165 0.162882584992383 0.224596302488766
0.265474248914233 -0.131143471144685 0.168255780296586 0.284725863589591
0.291723650436152 0.0123602450877222 0.121351811440903 0.306559859068073
0.28920568125228 0.17103534976871 0.0490700921119076 0.264662540498382
0.268293403465047 0.276375963573225 0.108939219530975 0.206741003157806
0.15376446780378 0.342687265328432 -0.0673408575400224 0.158130349804474
0.185253977255596 0.316748469027723 0.0360412772776138 -0.131434659097075
0.244893448980408 0.184102908409865 -0.122675049216855 -0.293438632930746
0.305530575009321 0.0522021176748056 -0.261632459070828 -0.244436299322912
0.281419948880926 -0.0778336162592065 -0.315323511932212 -0.0813722471564872
0.209986020784611 -0.183934314408194 -0.27596524227273 0.0229201740360612
0.117676648446235 -0.236620921527769 -0.186699607975629 0.0742640879980501
0.0998920787805315 -0.247305098655998 -0.0767813360881247 0.108556868680082
0.0689764388347557 -0.250705712471099 0.0478321719973822 0.0897830463581226
0.126201481236627 -0.293181673579833 0.145302303838394 0.104764408956196
0.249756633655899 -0.243097861659972 0.215011402534917 0.151275778065103
0.341864112005036 -0.161486391057449 0.212283330215883 0.257525816039373
0.377276703756867 0.0318098567009206 0.127788405954375 0.298358095034502
0.343496234015354 0.243785105261115 -0.00335608578143053 0.219253649059262
0.292446522292946 0.357000435041403 0.0260413805505996 0.0762623648804834
0.148696209553418 0.381003917652206 -0.111603213492531 -0.00424146379702722
0.218876274231827 0.383009193025047 -0.00202204238886593 -0.239125352757196
0.322025926720373 0.225854806667514 -0.128396257664341 -0.330855773739035
0.385534059514332 0.0340439553573895 -0.227347760574006 -0.246493851019182
0.329046480665367 -0.115675811048826 -0.236859951163664 -0.11152934933988
0.235031273353984 -0.218861882880513 -0.199419493538774 -0.0536790834182195
0.134775080972608 -0.262399700467604 -0.13564159808439 -0.0271545419196907
0.119483713865581 -0.258256641357915 -0.0433890339641154 0.0056230423766023
0.099162962152846 -0.2540066323851 0.0759453409747926 -0.0150668129582399
0.163675814672166 -0.287167612554237 0.176925035627998 0.00659025432210048
0.284634593812104 -0.228374443342282 0.259267015415095 0.0762665324683561
0.373317121259691 -0.139955755116021 0.242044499190433 0.225422226048116
0.399347395479869 0.0724734112187015 0.120264415210955 0.279025946039016
0.332669596965881 0.299897465571458 -0.0554989703855001 0.165286764941281
0.259821855675111 0.393319764005889 -0.0470855838046165 -0.0615532697498495
0.12151080396737 0.353717081181152 -0.164418480414208 -0.168448789378658
0.211713253707647 0.376395368830501 -0.0638243468397424 -0.328275204099184
0.333340552162103 0.220781433555226 -0.133942468974549 -0.343970641939205
0.384416616409416 0.00950309260486613 -0.178166752953784 -0.24048426512585
0.311949248410373 -0.129996640131149 -0.149155366320343 -0.155405662647098
0.21734089220559 -0.215328164882164 -0.125556345546989 -0.14123394680934
0.12848909373518 -0.246480155877729 -0.086152646841342 -0.131258221761627
0.121784962527949 -0.229921864863532 -0.00425123086895806 -0.095428465940733
0.116712061422451 -0.221109254479313 0.114206880404543 -0.112137950689482
0.185822612647887 -0.235504516954091 0.218952700637769 -0.0768330256105975
0.286120886420589 -0.168373550454269 0.302384293744637 0.0212543383416744
0.356090374956162 -0.0752365264733345 0.258485911982308 0.198084744826329
0.355884404719364 0.127498169259389 0.104398848635659 0.248941220306304
0.262547047912509 0.328557891400098 -0.0885489359136593 0.0991790736845248
0.181653152642943 0.380163699082109 -0.0895338967500295 -0.1928469429178
0.0663696123648596 0.266883381777719 -0.216318585616598 -0.30151770179314
0.156539619426345 0.301612404948602 -0.130802593248909 -0.377288504877749
0.268028022471765 0.173815042413816 -0.132348440530301 -0.335174304374036
0.297426498704962 -0.00844532931047786 -0.128239496977535 -0.234996535729097
0.232327436896922 -0.108659658352358 -0.0782170784181083 -0.204640651673164
0.163095105035507 -0.165190494154857 -0.0721303148577323 -0.221986562749426
0.105017821159336 -0.186303474836226 -0.0474368778710813 -0.218384630434857
0.107690765386804 -0.167050991553443 0.0349287568145187 -0.179628629237428
0.115780864598139 -0.157419756315635 0.159524600745417 -0.187421318121438
0.175509460785868 -0.155598916196941 0.270473881456197 -0.129389474030256
0.242333565430614 -0.0910862821292487 0.345215988511525 -0.0020338483572429
0.28758745765704 -0.00466564460823462 0.266830907722169 0.185371357378807
0.262543824239307 0.163752927314877 0.0915965199891623 0.21473019466096
0.15739925487895 0.310823527878503 -0.0874538313105694 0.0308661955630347
0.0792236890989284 0.311995919212983 -0.0911481287719409 -0.300521079045754
-0.0153488994894865 0.139240423996104 -0.249690245677086 -0.37947723042662
0.0588187373516967 0.184910488182427 -0.17780679746222 -0.380416985510518
0.14253448219696 0.108338607404247 -0.12206310263603 -0.320212188588794
0.150521627261194 -0.00749836317183705 -0.0971305846075447 -0.238878338317423
0.114776263635354 -0.0495950637802097 -0.0482383850970989 -0.244259202026467
0.0899521657086149 -0.0755169774167349 -0.0497253901456126 -0.271408967692621
0.0699714027432084 -0.0910384364082086 -0.0233268656402274 -0.270454524392513
0.0763974108557685 -0.0791920066159334 0.0684830124343936 -0.233211029351641
0.0870540859573584 -0.0748924851460614 0.203154926971667 -0.230435644462007
0.121679932671501 -0.0694414795202345 0.32098236979614 -0.150633873744196
0.152686898530343 -0.0295160924190182 0.382195112954553 -0.000452723484830231
0.18142769884268 0.03132562965956 0.27576007852368 0.181566837173422
0.152397015529261 0.150249862461082 0.0937073909753312 0.187045933435861
0.0511481226266805 0.232230287281057 -0.054978429995133 -0.0150938169578719
-0.0183105593316841 0.192165761501917 -0.0583762298656523 -0.365373438043109
0.0889514988924949 -0.00104964434413453 -0.11142740208498 0.381952420309427
0.0535301560520555 -0.0916202080733585 0.0591271775361948 0.097991901371146
-0.0388836621725748 -0.0944775395785041 0.0058654514667389 -0.212079180251154
-0.0630307843600572 -0.0186914071973227 -0.163978914550773 -0.326018061013516
-0.0389160298816002 0.00086611257001381 -0.362514344724308 -0.208705371315212
-0.0289601536216552 -0.00793338202780562 -0.411610848643077 -0.0156040224062849
-0.0334121461880108 -0.017920091825494 -0.337821144077611 0.131346410988719
-0.0189978939010809 -0.0351174380081056 -0.212452312686344 0.227942679806737
-0.0275045459800936 -0.0422461837007551 -0.109714514094123 0.274098275980168
-0.0123089513537805 -0.0567132581677006 -0.0649765059569984 0.302290577826832
0.0152450081062372 -0.0373793109869408 -0.0585509292154019 0.290678434088547
0.00329611507531835 -0.025169276089503 -0.0370570833819861 0.29868826335867
0.0181790809693446 -0.0455032979443604 -0.0351510425060944 0.326829154971098
0.0858137321294049 -0.0177082812055189 -0.0535383318890426 0.382060191439543
0.0922829417882235 0.0436463087448471 0.0302361798925686 0.468303361318517
0.0663000895041637 0.154705265810417 -0.143220788489406 0.346321118172827
0.0553609803439919 0.072335325403944 0.043736889856896 0.059960551120578
0.021055369388159 0.0252831825364852 -0.00966395506508338 -0.233332862407344
0.0385734229421031 0.053185612817613 -0.163640249623679 -0.330972907156306
0.078652186551303 0.026543980840918 -0.347875898664012 -0.221364708789814
0.0843652319565235 -0.0331196386330606 -0.397845598241412 -0.0439902182677558
0.0592810698860456 -0.0805753427365216 -0.326912723168772 0.10096670507955
0.0686236456698852 -0.106344153285855 -0.205671942057025 0.199796124061317
0.0519303345992334 -0.120736230787211 -0.0888172373814788 0.245972120382922
0.0951751519722984 -0.138031740933786 -0.0284510875991903 0.285525144321525
0.159670114896189 -0.0758487110478827 -0.00895061244338163 0.299991686145121
0.169868208327041 -0.00592599542132015 -0.00834591417557247 0.323221343009576
0.150379862363962 0.0642378953757721 -0.02933751440685 0.333077611380863
0.147131262914858 0.151739807434783 -0.0559630345295765 0.332192934867066
0.121464955057333 0.226652639551926 0.0226901153386725 0.379007390164549
0.0321041163999344 0.290402157909874 -0.141376918686251 0.255086752141442
0.0458882411639852 0.238682460559429 0.0620561557006512 -0.0132422889009471
0.0819553701985754 0.159770957622335 -0.00555176471204129 -0.279922323065349
0.150207329422438 0.125006173638922 -0.158475711827898 -0.341041775715689
0.195298670072007 0.0467524746707185 -0.317037523442899 -0.224354649649595
0.191744071604932 -0.0575913774757075 -0.351083560236796 -0.0699305875457766
0.144982280147768 -0.134664061687055 -0.281188604270365 0.0529446433147808
0.144752135968325 -0.163386841783544 -0.171591201870766 0.142740505109688
0.11849988800042 -0.179763745095456 -0.0457163573648081 0.184445336987505
0.178352963941658 -0.201923341439951 0.0306421297227649 0.23242940383047
0.269239989297812 -0.115777316769511 0.0682924523333072 0.279102321899477
0.304829922062727 -0.0109681402952123 0.0450120269813151 0.337536839881813
0.269206431981656 0.139501994872745 -0.0186657051233281 0.341021703221077
0.201165445311624 0.28397444192846 -0.0770595844581718 0.275194872084454
0.137018060098034 0.369598241228553 0.00302958670013247 0.244518005551765
-0.000263612460204972 0.384734140420392 -0.118585583919917 0.113998565443798
0.0425926488624196 0.377312550413679 0.0912097641371273 -0.116237494272905
0.149642473849631 0.280358985785317 0.0107409429838544 -0.333284142024351
0.263892074809682 0.178072974024916 -0.140202371928808 -0.34811591491548
0.297690751322306 0.048697512029825 -0.26123598959514 -0.221628739363473
0.273061710909772 -0.0839271521846351 -0.271565343034014 -0.100083748214922
0.205896448026178 -0.17340697651666 -0.207771323264258 -0.0113114997508225
0.198187787570881 -0.194456162793657 -0.114533995599211 0.0674884045629854
0.168567173475784 -0.20707418289955 0.0109865485892148 0.101742949181219
0.236358677889464 -0.227618376762889 0.0980099683580846 0.156396342050348
0.338693401863068 -0.12914492885066 0.149122047880298 0.232503993001199
0.38771447611073 -0.00944222678110835 0.0999289027706183 0.333381631208684
0.341310340765186 0.193262784035482 -0.00746709318254828 0.337591093967672
0.220467856209919 0.374479657269327 -0.108851587806557 0.210007803125712
0.126440195540391 0.453980579815828 -0.017555347245823 0.0851246069190916
-0.0225314741631698 0.419718151538006 -0.0904849140099075 -0.0568269523870505
0.0459484860293739 0.455689488478258 0.102285128315469 -0.235772549012312
0.203713042591384 0.353874074013571 0.0209582346662501 -0.372887940847164
0.34393837129512 0.193404722981938 -0.107370456930702 -0.337569564636022
0.356127012734458 0.0333312722856639 -0.175587240013705 -0.219084250355287
0.309314979436099 -0.107092256110972 -0.169404750054384 -0.139583514312574
0.233118581025977 -0.191736331301149 -0.119124485145452 -0.0851734398906421
0.221195469971318 -0.196801262855349 -0.0419285595508314 -0.0150189227324222
0.196987005683964 -0.199500472337961 0.0798162485537465 0.0157032029475772
0.269274296832287 -0.206451084195872 0.167226303920098 0.0785109729407965
0.364346941642088 -0.102172105814757 0.220855046050012 0.18227973176963
0.407862742911957 0.0211432369645757 0.142126369843051 0.316837422978168
0.343274741202782 0.240800789123361 -0.00563049709734795 0.31784116519556
0.188967075576326 0.421075722248092 -0.134734059966558 0.133705764458579
0.0809331560016238 0.474483057725564 -0.0245317475558165 -0.076671558573744
-0.037757199296924 0.385098906197339 -0.0714216419618299 -0.233470334895207
0.0419932448506328 0.447554349907403 0.0816689673914061 -0.344384541299127
0.217775775882679 0.352238005643736 0.0219585199486421 -0.388533928479493
0.351583190770153 0.169317620859992 -0.064320196990587 -0.310998035541764
0.344162737635765 0.0119294823637422 -0.0754914383566215 -0.221689548494544
0.290041810438307 -0.112209739246151 -0.063381301661254 -0.189689015428391
0.219753915010124 -0.180720580161445 -0.0302393981927226 -0.160565248895282
0.212371616783282 -0.169587809564762 0.0335294495278085 -0.092195042415744
0.199967885341138 -0.162073630992649 0.153057058344145 -0.0594484929406815
0.268913697275725 -0.149503729468696 0.23891439439485 0.018219484764927
0.340446401739115 -0.046649593403668 0.281728675172649 0.148592465111996
0.364198299500813 0.0741187216117237 0.166670645501954 0.300567960118414
0.280044463957103 0.271687543727529 -0.00913465671275074 0.283005294773018
0.110054782165988 0.417795696422237 -0.136676411941518 0.0560797228142844
0.0127054383560399 0.428475405217236 -0.00593035856608333 -0.218969620132738
-0.0511620718808722 0.280752737492285 -0.0681216127400208 -0.378893746736372
0.0204908761459932 0.354240470683046 0.0386451412890183 -0.415530367455333
0.176548775593577 0.281476636175166 0.0194183838380247 -0.376875065120209
0.276536299075249 0.11679864173143 -0.0201832885528323 -0.281538929526862
0.259266691878616 -0.00234110716799488 0.0113688364819309 -0.233215512246974
0.218346265855295 -0.0877611357372506 0.0217924990538088 -0.241508467561071
0.172884635214136 -0.133903059889446 0.0416390619408989 -0.224767727172005
0.171488979554382 -0.1151602827269 0.105024033141919 -0.153576975119029
0.171695412173751 -0.103025880316463 0.224149699442601 -0.110549861512076
0.226108929594783 -0.0790575475120132 0.305405873071787 -0.0105892076335365
0.266971881068378 0.00977823562248008 0.3285738433803 0.143769929026717
0.271571235759606 0.111567471914245 0.177323662545486 0.291462972872439
0.177039526231268 0.264527048743851 -0.00699082377556716 0.246338226201984
0.0180439395277923 0.355071260217557 -0.105443377841856 -0.00889561886112135
-0.054855218819066 0.321330311703796 0.0423674566479866 -0.321044966068746
-0.0749161939452977 0.127603337660542 -0.070420369111873 -0.464486411669358
-0.0209778809683063 0.202778436744841 -0.00474716762384326 -0.43457551270451
0.0863765049380485 0.165380279574225 0.0222213793477956 -0.352614849310149
0.139689547260043 0.057551887532818 0.011271026214835 -0.26823929711334
0.123769075351023 0.00310847179839771 0.0582811422992117 -0.254054247610804
0.11186660055638 -0.0330045166174483 0.0647696026370723 -0.277085529794195
0.101420459732096 -0.0593301337124257 0.0873189777902526 -0.262536166384301
0.104887370920568 -0.0454700387096719 0.157103545228596 -0.188791707623235
0.111778584651322 -0.0371585789397706 0.280675178831762 -0.132785609723616
0.142497152966197 -0.0190660674771702 0.358616062229212 -0.0102034277467797
0.156552222469107 0.0314552899693077 0.3588463279454 0.159018176160285
0.159734658009873 0.101715500513342 0.182623473040592 0.290184139916445
0.0790886429131165 0.206017124932604 0.00588750338551272 0.219519633635806
-0.0474348186800537 0.237070423307904 -0.052581542878982 -0.0400992757960758
-0.0959300060458319 0.168912657720337 0.103814865670915 -0.366978593168669
0.0876139185429464 -0.00673215473298231 -0.0770295436590213 0.387822186173707
0.0464413128076579 -0.0946664218067559 0.0691835501969765 0.0936561929688287
-0.0459763033246083 -0.0884428745677055 -0.0124192117883523 -0.209874739165816
-0.0629180680222362 -0.0133587183822678 -0.192362697146145 -0.310070045506408
-0.0371404277782087 0.00442048524632488 -0.37792307153731 -0.177033377873077
-0.0278154444718656 -0.00449184178968801 -0.409328093103777 0.0219004917779903
-0.0338607500496253 -0.014307957813716 -0.321784464664244 0.162583204909322
-0.0213032360947737 -0.0331098494338797 -0.190172678943497 0.245292414287947
-0.0303526474565819 -0.0393603833885196 -0.083764021172364 0.282891202783148
-0.0165771922381188 -0.0552758761974756 -0.0377026216177904 0.308822044224806
0.0136329671676521 -0.038512061468654 -0.0348179934274125 0.295384887889354
0.00251865739462828 -0.0239900746868055 -0.0127535561167885 0.299046014087054
0.0149485975685469 -0.0451259396416466 -0.0103037658046043 0.32578835757684
0.0847561205091604 -0.0248292390501694 -0.0223460999360642 0.384147213496383
0.0960641171678502 0.0365479035555688 0.072553133291744 0.463716191362427
0.0787681447081424 0.149365657259397 -0.110361665307959 0.354583184914829
0.0630465568631607 0.0684471337410206 0.0504913542397132 0.0580138496832463
0.0230091322236742 0.0244762260682781 -0.0298627552153053 -0.228694363303553
0.0439518219223958 0.048225392332598 -0.190733469612245 -0.31438240640609
0.0815483234623686 0.0183798067412934 -0.363566791293183 -0.190721422829959
0.0819613160705678 -0.0407241264989933 -0.398087122580743 -0.00752179605193409
0.0523256335527293 -0.0858236296059948 -0.313910107466515 0.130912705151991
0.0586945718617042 -0.113333919520982 -0.185614383335091 0.216751625831407
0.0409914298782137 -0.124955847101702 -0.0652682167958032 0.252185067670031
0.082156875109222 -0.146224279468715 -0.00179156014826955 0.288633153323279
0.154180752354012 -0.0908228714382655 0.016019434040678 0.300034045323833
0.169560525602456 -0.0206128704073746 0.0183823179345286 0.32167166826366
0.155865040704922 0.0520731297602234 -0.00459594700390484 0.329767569050401
0.160597808821538 0.13841719422151 -0.0288369061020851 0.334582620243917
0.140269209966756 0.21573582376952 0.0565229569662082 0.377222832109652
0.0561412678595763 0.284941270032105 -0.116419043601455 0.263487227338843
0.068231067821486 0.23383459469519 0.0631907626847824 -0.0158550879766968
0.0936386984537327 0.152205856867389 -0.0290602155582385 -0.275561081217201
0.161174715046028 0.110201134978706 -0.1854556466335 -0.325246654916161
0.19970335543351 0.0280596941072681 -0.333033530996886 -0.195255805582209
0.18518417683148 -0.0748149979399976 -0.353198880412551 -0.0368700689384217
0.131059010724798 -0.147376298083676 -0.274218718868534 0.0779367238937385
0.128617809556883 -0.177275945266723 -0.156396047658546 0.156764220957856
0.102051405382562 -0.189998211581324 -0.0281721858302283 0.186069183863513
0.158724961944904 -0.21671955159991 0.0531549144422119 0.229896940675856
0.25987312877335 -0.141126256349572 0.0919580538580106 0.27171611110656
0.30271849501619 -0.0380830871587892 0.0728049757403548 0.331713895913604
0.280949945854698 0.115894503268849 0.00796688534615301 0.33626095306311
0.226057560415498 0.266401554668927 -0.053869715226211 0.278746554208144
0.167671042248979 0.356306443996591 0.0249208829227892 0.244978533779784
0.0305621559144398 0.38058457827582 -0.105131337294605 0.12175681173649
0.0757649215219887 0.372323998643192 0.0847679147431928 -0.120327117335103
0.169933140487483 0.267092799031794 -0.0160192397689706 -0.329322561565431
0.277506141877662 0.152605620817974 -0.168258800096993 -0.334084314745097
0.300587700624867 0.0213248604331612 -0.275229852799196 -0.196836810718824
0.262950124912449 -0.108895353117199 -0.276743307504477 -0.0743081719136081
0.188094640529741 -0.191789148851474 -0.207645024370499 0.00678798681181458
0.178264769200255 -0.213317228640312 -0.106671592692769 0.0769151251083377
0.148899317518073 -0.222316014880388 0.0212372459634887 0.0983626552124217
0.213601543806157 -0.247615695998137 0.11337336473797 0.148043231445417
0.327058330884226 -0.161403105363396 0.169119381225328 0.219075929610998
0.384328016053067 -0.0449703626604653 0.128922616551823 0.322773297059076
0.357477932839305 0.162789254940695 0.0196132402884238 0.332120263480945
0.253284575132926 0.35509363663781 -0.0896678425271993 0.217005989640253
0.164596322056223 0.440377787871728 -0.0105975135144098 0.0885974130222974
0.0121067070411177 0.416445654004442 -0.0916842601909046 -0.0510800486103213
0.0865152104710754 0.449687651311128 0.0843328911137967 -0.239902606959015
0.230895551804351 0.333825070999873 -0.00848022914480167 -0.370469120405678
0.358175505616446 0.160849159325117 -0.13384383604366 -0.326538101693513
0.357509132487471 0.000238878929669133 -0.18981616828124 -0.200887903622288
0.296920562654878 -0.13468613776381 -0.178593700706566 -0.123600792781135
0.212431558643918 -0.212283500470179 -0.126758177544555 -0.0741979825692527
0.200558162108437 -0.217434545726507 -0.042604249160849 -0.0109269782518693
0.178452585372509 -0.216579892467876 0.0808119246902224 0.00629385842144387
0.247790699360909 -0.230270786290604 0.175802858227519 0.0635614099975748
0.354743311042933 -0.137881088119226 0.2367381204673 0.161709526186085
0.406603440693683 -0.0169555909934139 0.169426053636373 0.303670709859546
0.362959695459431 0.208637678833591 0.0202092702535345 0.311462440050045
0.224651279510217 0.404088370573357 -0.121962820167422 0.144661375093757
0.12058815916334 0.463706294892901 -0.0326399655792763 -0.0708490259339991
-0.00590008102824316 0.382740091001106 -0.0882383278999503 -0.227405001619123
0.0812782184123289 0.440239200383179 0.0545912681020817 -0.345920507936626
0.24358719857608 0.331028510777931 -0.0095094569957847 -0.385753507240906
0.363564126891088 0.136736101446271 -0.0875612750185992 -0.30292284291824
0.343764444300639 -0.020478046786748 -0.0896085290125053 -0.212662727970261
0.276872744271809 -0.13768279080123 -0.0777500255947326 -0.183613689596215
0.200581816994668 -0.199250730020998 -0.0466444717376864 -0.157601013932917
0.194305398326524 -0.188784788828225 0.0259558524820109 -0.0944608029675187
0.184719380036691 -0.180083888648819 0.147153807427198 -0.0737318708225659
0.252587253812309 -0.1744981019298 0.240409400076684 -0.00312889976973907
0.334914305630752 -0.0793150765274961 0.294910581092915 0.123004507253434
0.368260119428726 0.0394253342872155 0.192954751401581 0.284997072303164
0.302457737590629 0.244599993088017 0.0147268947269242 0.278541432741325
0.147158682562988 0.406076468908624 -0.131227598331507 0.0669911083811705
0.0498765029757067 0.421873400779266 -0.0269133188174783 -0.213040857758528
-0.0288559697469516 0.281512253004821 -0.0981360569072769 -0.371607108763211
0.0528169220718385 0.349024162616717 0.00509089090448495 -0.413432203624917
0.198527370399763 0.26325721039782 -0.0104851782735564 -0.373296865286786
0.284614077302151 0.0911353181208913 -0.0413881150101049 -0.277554753797419
0.257277290391788 -0.0270682046536752 -0.00496291694536078 -0.232275590347152
0.206613406719108 -0.106750387074189 0.00117870242686492 -0.242338875068726
0.157673537490943 -0.148606080509637 0.0193253715596304 -0.226911108502988
0.159601974565127 -0.131494203284139 0.090437381187668 -0.161687379285331
0.161893098226546 -0.119176218107851 0.212644679262594 -0.130439579673662
0.217132659114848 -0.0996729903096363 0.303230825152156 -0.0385061091075416
0.265658555654521 -0.0164924060267545 0.340033331270724 0.113564257487662
0.278156046502946 0.0856996619054254 0.202589336731711 0.27549382891968
0.199403416555085 0.24638623297775 0.0143209031618335 0.242424300245019
0.05032433611377 0.351427224888092 -0.106597952217146 -0.000582522730905476
-0.0265000154928541 0.321709330273787 0.010223836292403 -0.318755493654607
-0.0640361318899903 0.131663674548952 -0.109607909729024 -0.455514808196435
-0.00371394252683362 0.202092004860337 -0.039151902473739 -0.426351277763113
0.0993165640233978 0.156359571057775 -0.00517739734571624 -0.350974422061514
0.142171357305049 0.0449668932077814 -0.00945116989244188 -0.266331385833604
0.1217294411845 -0.00907086362882409 0.0387704627832957 -0.256517208274415
0.106305438455149 -0.041864796344011 0.0409074127944132 -0.282679780229986
0.0939422739856507 -0.0674700935974435 0.0601881100612027 -0.268541609527322
0.100168582516946 -0.0543533490512761 0.13915162614592 -0.200728121913869
0.107537031359953 -0.0474954323049376 0.266014040573226 -0.156903945202418
0.138483843944739 -0.0321552837837486 0.355065989437454 -0.0422574618445282
0.157571785912427 0.0170093133958477 0.370965277927648 0.125526671552997
0.165815840887914 0.0857278269918473 0.209384562809654 0.274253470111771
0.0961020203562142 0.19617169610936 0.025216894049863 0.216388803781674
-0.0264446778105746 0.239211277420849 -0.056982152959197 -0.0355279657278618
-0.0810123604377542 0.173555226940981 0.0665767484554436 -0.36883466681127
0.0858869369754953 -0.00994279178160353 -0.048646201572646 0.384511385162389
0.0406574419997913 -0.0956886117987309 0.0776791510412313 0.089182590279925
-0.0499659840794271 -0.082567687665901 -0.0263812857731977 -0.203022725347278
-0.061937610516491 -0.00921617441063555 -0.210266761336677 -0.291220504102784
-0.034591994229589 0.0067184509583143 -0.38344511647206 -0.149781854304875
-0.0257150777898632 -0.00251121409778821 -0.39822724388524 0.051707419730691
-0.0329937821466283 -0.0121337624047316 -0.301570587759436 0.184370971091167
-0.0228414234340898 -0.0315064748380779 -0.167709859623607 0.254194845874562
-0.031883682262067 -0.035848622569615 -0.0604980392749919 0.285138483388153
-0.0200047100912202 -0.0528384897919236 -0.0132828100821479 0.308254312824332
0.0124078248464484 -0.039777874749523 -0.0144690462358927 0.294781438909283
0.00283179666641381 -0.0227356570556243 0.00550242162682788 0.293300210141315
0.0129137672057173 -0.0442928267108404 0.00779573539682538 0.318057917671658
0.0826392703465682 -0.0304022157796178 0.00260456705596618 0.378938928452008
0.0973865203650221 0.0302508767302678 0.103526226188367 0.45114758835322
0.0868544124576505 0.142239411331431 -0.0828343309757716 0.353989579098491
0.0687080067457916 0.0630031867512586 0.0574936020969248 0.0558430099117379
0.0241281291904723 0.0229038726407014 -0.044056844380594 -0.220846211406435
0.0468999171948968 0.0432085080595026 -0.209072917628066 -0.295643599594137
0.0828615186912926 0.0112995497188652 -0.369585287900531 -0.163324539480105
0.078711534799916 -0.0463894284403195 -0.389477143875535 0.0209109209642479
0.0458151390105411 -0.0885669273271208 -0.297195100073399 0.152149717339004
0.0494591544798019 -0.116778335273475 -0.165318985222294 0.224840608122765
0.0320140055020442 -0.126051768443731 -0.0449549423519914 0.252012593517594
0.0700330864912418 -0.149823012180813 0.0210258986577788 0.285255697653771
0.146724635907368 -0.10230652392371 0.0372018438905594 0.295727633150129
0.16655450631723 -0.0320280004872141 0.0393807079994434 0.313839143648378
0.158475674984669 0.0410880929928948 0.0133144100063382 0.321730352256098
0.168755159012771 0.126263656011293 -0.00674093496904671 0.330391912890695
0.152873308086639 0.203399535983241 0.0820554701310326 0.366653935940921
0.0722774480791381 0.276049401134039 -0.094564939354 0.265206805405724
0.0854571254414588 0.225350172509111 0.0648915145790165 -0.0175890283502895
0.101601508399673 0.144054845517911 -0.0450774441660095 -0.266259651647384
0.166187160958736 0.0955872820886585 -0.204384918705126 -0.307489047251518
0.199195016973981 0.0120254342716826 -0.338542172340288 -0.168251865715104
0.176710731565689 -0.0876116355646715 -0.347538845463354 -0.0120981721835755
0.118309973663338 -0.154843076134325 -0.263348340009459 0.0963773433611871
0.113202007690653 -0.185079930620363 -0.141534362573019 0.164629441593595
0.0876658650163613 -0.195316561353676 -0.0132988369103333 0.183739130141557
0.139903497586726 -0.225009169950973 0.0708339803517474 0.223217964152383
0.247141395698031 -0.159667102763891 0.110054051465318 0.261793878433959
0.296485151972932 -0.0589437710014651 0.0948668425886148 0.321114379654249
0.286118455774033 0.0949350907423029 0.026684917292684 0.326535740881261
0.241801615364224 0.247538711061501 -0.0346726274376567 0.277130856111823
0.189263694314108 0.338902391012414 0.041978837909588 0.240764457133267
0.053899246336619 0.371007729296099 -0.092905083250998 0.124569170928497
0.101778826492664 0.361206260502549 0.0790084535512845 -0.120813039604452
0.183974266543607 0.251716340071021 -0.0364307818762108 -0.320591699629599
0.282943890487089 0.128774258221479 -0.186576576284192 -0.317160773647091
0.298313270985417 -0.00199804947438305 -0.281016182012149 -0.17415166213773
0.250361388280158 -0.126236885187074 -0.274973819243976 -0.0533596603759844
0.170096958600202 -0.20228618259579 -0.204196852559759 0.021750731561193
0.158767915655089 -0.224286749048377 -0.0986785494013222 0.0828356655442087
0.130797839284979 -0.230166260906494 0.0284874537527843 0.0935727129156204
0.192050258831325 -0.259355392408069 0.124203393480581 0.137401284227217
0.311232833815685 -0.185438940213127 0.182537740042143 0.203685209421111
0.375658368567151 -0.0729781419255221 0.150220851159579 0.309229431746987
0.364791447215383 0.135063613042817 0.0377116204466268 0.321513762522989
0.276275501092845 0.333215713350549 -0.073479375592011 0.218224829812463
0.191991286973211 0.421591545109259 -0.00431868615496022 0.0901626287140794
0.0375954220973755 0.40700690019088 -0.0911778305571346 -0.0456334274599921
0.116717155248518 0.435702043364061 0.071334860358945 -0.238230165693714
0.247618836589746 0.313034963191903 -0.0315148325995163 -0.360867822854848
0.363684635481938 0.131829394917331 -0.15176020640564 -0.311674414457834
0.352613384211461 -0.027239106921505 -0.195912165081006 -0.183642016217289
0.281717274404993 -0.153898984158752 -0.181857162445678 -0.109660926701208
0.192296928320877 -0.224003311331864 -0.130810876363765 -0.0639958545681741
0.180619861472075 -0.229461994795854 -0.0417650652589154 -0.0076584148558461
0.160034642083145 -0.227734541682296 0.0801633423109449 -0.00137857958411607
0.22654226933399 -0.244043183475692 0.178988051819937 0.0493104898181295
0.338903319424232 -0.164019640578773 0.245237240431292 0.142645916574946
0.398284350490917 -0.0468847849008052 0.18897697850279 0.287231466632517
0.373673782931863 0.179144257768186 0.0381008211402513 0.301181140909754
0.251362600491799 0.382763952257118 -0.110359725510853 0.149231629509732
0.150873645963655 0.446086756248385 -0.0380313285505157 -0.0639846267076309
0.0185440057779435 0.374010935104225 -0.100614507008077 -0.218699826890716
0.110017813590006 0.427556363294777 0.0335968280515808 -0.340931640053426
0.260476488443945 0.30843214463444 -0.0332691529254425 -0.375028137055202
0.366933374403293 0.107530051577231 -0.104518113597596 -0.291726959317103
0.33670083720597 -0.0468025192805418 -0.0982370709732442 -0.202440374960906
0.260941598659292 -0.155011096923896 -0.087386910650258 -0.17625698325821
0.181523419776583 -0.210034296902245 -0.0592228444508062 -0.15129920768973
0.175611277893027 -0.201521363617536 0.0199252864577182 -0.0940853996903676
0.168405723434222 -0.191545483691347 0.139234222341762 -0.0850218867435746
0.234916530501096 -0.1900740599876 0.237326744195272 -0.0212319496197173
0.323993795663838 -0.105439032270959 0.299396211560613 0.0997130419534571
0.363435393999436 0.0104761512085203 0.211235555495185 0.267535348656839
0.314937051508456 0.219072241589532 0.032179144861115 0.269435151365817
0.174563157671494 0.389227273813903 -0.124266462913196 0.0739638253665858
0.0778536108038594 0.40913060436181 -0.04245521275038 -0.203573130215826
-0.0104664815824586 0.276427323030969 -0.120136929857277 -0.359768099625836
0.0759758736799165 0.337870503139064 -0.0198417466167191 -0.403228402860889
0.211211012812208 0.244812057274156 -0.033589000168773 -0.364248390946835
0.285449109248862 0.0690258478696489 -0.0577578954931173 -0.269267088435133
0.250099424032677 -0.0468879391800385 -0.0162457360624366 -0.228369625299391
0.193703471120786 -0.118958962760163 -0.0139734364202557 -0.240254477048957
0.142460002544185 -0.156972963957436 0.000625202281404404 -0.223505055747458
0.146047722138506 -0.141998287174593 0.077953696920212 -0.163890412469975
0.150205201518422 -0.129603390586751 0.199014604616238 -0.144869875361166
0.205426456638955 -0.113658975686558 0.296211937453151 -0.0601317089304228
0.259037238516741 -0.0373442463746654 0.343154803481723 0.0867167923970732
0.278185674993305 0.0623703870816188 0.221168495959546 0.257487465436937
0.21307234359053 0.227192464245333 0.0298443191321428 0.234614102521735
0.0750454707619351 0.341718244210131 -0.105681135543295 0.00608690437421842
-0.00442916444925395 0.314873392203497 -0.0142556733750198 -0.309259449111522
-0.0542841755919356 0.131918749273187 -0.137962209730733 -0.440520153318493
0.00964511355388854 0.197569029506362 -0.0636914312124658 -0.413689108900474
0.10719734107931 0.14547766797965 -0.0265779580342197 -0.343360312905944
0.141971156968032 0.0340728961787282 -0.0249673718543137 -0.259857184500034
0.118067093034571 -0.0176080384667954 0.0244606080887361 -0.255312644336031
0.0999148586746072 -0.048001989107898 0.0205929074737603 -0.282192114720073
0.0861613730859198 -0.0719638713005634 0.0383318979244367 -0.267877783989499
0.0942766132070679 -0.0611298376706078 0.122096141562503 -0.206491694977024
0.101981643434112 -0.0554022716054142 0.24965273517323 -0.173685545921588
0.133672398017276 -0.0413797604274831 0.345660368444155 -0.0682250581953193
0.154388338613258 0.00484889206077155 0.374211882066681 0.0955971461294619
0.167044795150338 0.0717226672296717 0.226194657884903 0.255504045083508
0.108184750981532 0.185194643987565 0.0399399011360778 0.209263765520773
-0.00890120688897052 0.236122831503602 -0.0600283062141706 -0.0311249320491141
-0.0680191962209338 0.172841298548144 0.0375933775623431 -0.361774934635034
0.0844983051005353 -0.013100957747007 -0.0261927254777907 0.380296943438002
0.0368277564755292 -0.0972833674807917 0.0850603146820338 0.0843904548425966
-0.0522507981038616 -0.0778082273539966 -0.0360313395237714 -0.196554440686222
-0.0609527658507298 -0.00573436280244 -0.224261774046645 -0.274388565806377
-0.0323588306310588 0.00792843672296445 -0.386940473861507 -0.127445762417381
-0.0238789102045561 -0.00164810166561122 -0.387519709306889 0.073518577258686
-0.0318933328957573 -0.0103374346799697 -0.283983171961172 0.200987543246189
-0.0235990244966448 -0.0299772360661308 -0.150514320840554 0.259694098362903
-0.0322004400768336 -0.0331732871544265 -0.0419515575650849 0.285049562715132
-0.0229088248694306 -0.0511991710638003 0.00618457246896034 0.306685224297639
0.0109006033594912 -0.0409283235285223 0.00101902744790831 0.292737132797774
0.0029949335158831 -0.0220921870193955 0.0192210946570038 0.28649648757298
0.0112845047391724 -0.0434391453734357 0.0204430434955179 0.311572138507079
0.0802562891432452 -0.0349898932899353 0.0207747308605785 0.373121457343928
0.0983875951201209 0.0252577186403063 0.129491676949483 0.438286910570985
0.0931745711630231 0.135983128612473 -0.0612875840750244 0.352078493615053
0.0732472917403501 0.0579220590699468 0.0639977598116536 0.0531080451936347
0.0256176206957671 0.0223252253932193 -0.0540967517100258 -0.21258090164497
0.0489620444017165 0.0380485611752721 -0.222423888478237 -0.27944532605931
0.0833276020548139 0.00517177122004488 -0.373252100994167 -0.141058790207869
0.075868905560332 -0.0510492551698087 -0.380280682697281 0.0444511161436597
0.0403746452407844 -0.090587709222127 -0.282619268757721 0.167433798946193
0.0414082832619013 -0.119671534900392 -0.149600749322144 0.230816551455171
0.0251212846252469 -0.126431951460627 -0.0284901211864559 0.251181430262738
0.0605341808531332 -0.152377045426633 0.0395038137615482 0.280739193564313
0.139717393964061 -0.111089640962197 0.0528646026613005 0.291007827983703
0.164113267403538 -0.0412808252871338 0.0548810865246323 0.306458692530647
0.159691952865978 0.0325123544577325 0.0263854228890659 0.314545504319568
0.174305907657255 0.115075926540771 0.0101209879697917 0.325249287211117
0.162246205666482 0.192426259368538 0.102792356913785 0.358226332695476
0.084782941384483 0.268420564940309 -0.0769817110923215 0.263866273457589
0.0981928615508221 0.217944582419686 0.0679501628657896 -0.0196081431398416
0.107265163708743 0.137009159771026 -0.0574443971418606 -0.25732521780633
0.168504476509648 0.083123648402121 -0.217748654003096 -0.291856101363287
0.197734439806734 -0.00129304061578907 -0.341778126050789 -0.148501744467006
0.169501475402669 -0.0970612004624832 -0.340713969445408 0.00851639156498921
0.107240103779222 -0.15927912336385 -0.252649969027469 0.110671598572842
0.0998775432877989 -0.190734696385856 -0.129633089311844 0.170218323022087
0.0752519739484852 -0.198378947728931 -0.002250576271559 0.181340309677229
0.123886007685597 -0.231458241916134 0.0853898320668494 0.216796723121619
0.234849359161089 -0.175069289980049 0.124697486978517 0.252912456678925
0.289690231472474 -0.0760225714182237 0.111160093952108 0.310643654888643
0.288979228015553 0.077597408476373 0.0400666821687131 0.318678426803824
0.254584846683564 0.231790519386976 -0.0201570534908246 0.274464806368533
0.206522962307333 0.324137661669924 0.0543454004155731 0.236619401359414
0.0716321249660478 0.362562334786368 -0.0828135888525335 0.126009670310895
0.122288308110267 0.35092977417838 0.0763512529576695 -0.121691185512418
0.193852446189078 0.239416116962623 -0.0519580077806735 -0.311569145976708
0.286457003553336 0.10995160107034 -0.200255830851941 -0.303374870270364
0.29458271820842 -0.0213161386079752 -0.283396396644971 -0.155881550068263
0.239203263875113 -0.139886352018593 -0.271342185855336 -0.0379744692421504
0.155296595165328 -0.209365926088305 -0.199745432089668 0.0332116788540444
0.14206444691601 -0.23138285883284 -0.0910195505802131 0.087121272946477
0.115887789171846 -0.236014643499706 0.0336979320394388 0.0896909252304393
0.173672917386812 -0.26790068675827 0.133192214297373 0.128609329120134
0.296940593001792 -0.204760755527349 0.193066665372345 0.190275974297128
0.365604447766125 -0.0943497690855618 0.166467675202189 0.296254058875002
0.368925901677436 0.112427593148294 0.0513961926783862 0.312466827069195
0.293286009360504 0.314240775841964 -0.0608680351720705 0.217748728284376
0.212810335685804 0.404118544414715 0.000860097914363276 0.0921118365550604
0.0570269911721647 0.398920159095746 -0.0899404409176926 -0.0419993624444909
0.140443852822215 0.423920552521901 0.0623239082535827 -0.236775667499606
0.260262717731833 0.296447569536127 -0.0486944793540914 -0.351744425805401
0.365037873844011 0.108525073574841 -0.165559450853636 -0.298166311608324
0.346304937506329 -0.0494167902549834 -0.199057046437354 -0.170508797566691
0.267787641986666 -0.168523710370742 -0.183086550028733 -0.0988867201759164
0.174813542583712 -0.231106708769859 -0.133598719290315 -0.0549431090595375
0.162823861340623 -0.238802826970783 -0.0403238167280452 -0.00469105985634802
0.144276673250326 -0.235284157278573 0.0786531906354529 -0.0075476634325292
0.208125783360678 -0.255289922467043 0.181898633636553 0.0375831528091709
0.324911196259797 -0.185628941798514 0.251564317058728 0.125594024954865
0.389558349421345 -0.0705086049402519 0.205168049141097 0.271968140152874
0.380595556396881 0.154159488065952 0.0518003454403134 0.292364428561668
0.270896923701048 0.364027309632586 -0.100478390926405 0.152131076826046
0.172419103638598 0.429980883448033 -0.0408283981548805 -0.0571153544987882
0.0368352162667394 0.36677398665639 -0.109280258848504 -0.211847544544959
0.13429840524389 0.414609953763017 0.0201205438652968 -0.335790943946235
0.272373503309078 0.291134525581498 -0.0511363371885551 -0.366451663977833
0.367753931097166 0.0846807633623024 -0.117249980300081 -0.280711360803897
0.328952688262789 -0.0671183546397082 -0.103255087085737 -0.193730872631371
0.247271365048649 -0.168043958648126 -0.0945810951030652 -0.171025465686195
0.164445631446004 -0.21730102654214 -0.0686571906692908 -0.145239326671023
0.159813193197439 -0.209870012826893 0.0154646024597071 -0.0931504282162398
0.154204408149081 -0.199517146677407 0.132047706073169 -0.0933415431104753
0.219535869925225 -0.201811545748265 0.233688213384058 -0.0360104711816616
0.31213936673871 -0.125281886235555 0.302063875410398 0.0795653745893454
0.357693728182958 -0.0121403025950233 0.226060744911852 0.251876434763939
0.323841955706438 0.196145960171853 0.0448720150905237 0.261705649751839
0.195782269205139 0.374212216297192 -0.119016578275625 0.0788639430713435
0.0990658744284039 0.397427098085642 -0.0539832184663401 -0.193916429374795
0.00369140434327568 0.270866925164331 -0.136787145641787 -0.348511458272707
0.0940188349633942 0.327639195450615 -0.0372058571862445 -0.394316051710776
0.220808782619087 0.229511918589803 -0.0513179846545696 -0.355970135984935
0.284179758973846 0.0509526052768833 -0.0689714043037128 -0.260254608510523
0.242888377315349 -0.0615955339432233 -0.0244742792997196 -0.224226674366743
0.182546092364339 -0.127842940398492 -0.0271732791201384 -0.238203894540261
0.129686116350231 -0.162206190658641 -0.0139068284902938 -0.220827030853118
0.134748098806996 -0.149641592326847 0.0684086880335314 -0.166018042361932
0.139201862816843 -0.137381827347044 0.187592019923413 -0.155289134395337
0.194698413079111 -0.125040402743139 0.288306916376682 -0.077555906901853
0.251734449704443 -0.0534147222459383 0.343748736954087 0.0645273410983733
0.275262424216116 0.0441038062433375 0.234406666025311 0.241692293502331
0.223456074343537 0.210225579803356 0.0413231884761124 0.227608465939975
0.094201511445453 0.331143270043196 -0.103955374096308 0.0126463776255598
0.0120742353396236 0.307268524982905 -0.0326547195953088 -0.298689939947883
-0.04697881220048 0.131400604514284 -0.159839803462118 -0.427037000986873
0.0197473612158852 0.191896819553171 -0.0818760654582132 -0.402124987197181
0.112494041107309 0.136700911857532 -0.0424121895089434 -0.335936964146465
0.140906156535795 0.0254942694494933 -0.0368300461572476 -0.253124996545976
0.113841431416739 -0.0246083278660247 0.013072045032685 -0.253743281175614
0.0949410340429587 -0.0519007285680587 0.00395302179927094 -0.28212523782433
0.0797127188306611 -0.0748568775614861 0.0208360905213754 -0.265942883042476
0.0888752125512676 -0.0667489972295054 0.109388207701933 -0.209725260291102
0.0966338042365996 -0.0610656173223044 0.235327451449252 -0.186137220636974
0.128743771132683 -0.0493808221349935 0.335501408094913 -0.0882154563299324
0.151311340515978 -0.00444380498672654 0.373515492461303 0.0719414861734919
0.166774354765365 0.0601015237476548 0.239494974583884 0.2391470346967
0.116276437593984 0.174778326855009 0.0508921485340428 0.202805415439381
0.00405574444934404 0.23150220856389 -0.0620211500647755 -0.0267740688269214
-0.0586782415450282 0.171193158844043 0.0146559222262785 -0.354279507069461
0.0834896911095364 -0.0163453707672253 -0.00442381556912954 0.377226873299846
0.0328202893108485 -0.0994526307607556 0.0933347400695614 0.0800471053042934
-0.0542358807640879 -0.074382574348501 -0.0431940685151006 -0.190732220021176
-0.0598180818794224 -0.00305601036311846 -0.237132730640142 -0.258575047287895
-0.0305910983783226 0.00815440932738131 -0.391777904071593 -0.105928298294058
-0.021614743570665 -0.00119896774841 -0.379909963590185 0.0947601377585202
-0.0306322106521566 -0.00949552440359262 -0.266722708450321 0.215643422396338
-0.0239826003283905 -0.0297432708576578 -0.134973222553674 0.266710140160877
-0.0320568904686996 -0.031174444646785 -0.0248532179169056 0.285310972970934
-0.0252032667145094 -0.0496477996154027 0.0243960730000554 0.305078513643493
0.00960760158545334 -0.0416577548415129 0.0159181707293154 0.292079261488636
0.00338115110174446 -0.0225267563470253 0.0310239339345439 0.282317737493031
0.0100170640726628 -0.0430811900766804 0.031590904999524 0.306990147951038
0.078255592095871 -0.0395462747238618 0.0376588010156397 0.368247816089057
0.0994256972596883 0.0205586403518545 0.153660949062788 0.427608625002087
0.0990313917609572 0.130408675962415 -0.0411925782647353 0.350633009714105
0.0772351449063544 0.0523089533650929 0.0707903636364253 0.0498742132142073
0.0269739725068797 0.0206844777897894 -0.0622832157032147 -0.205832885833613
0.05114520496834 0.0344812886025976 -0.234747368625158 -0.264745260477228
0.0838069085963834 -0.00173183734039893 -0.377735459429644 -0.120166405070564
0.0739078757199275 -0.0560497180873169 -0.373582205262691 0.0640857945312487
0.0354754658268383 -0.0928437610546538 -0.268585735526425 0.182224642683669
0.0347698580666503 -0.122314622596518 -0.135378095439838 0.238114113412064
0.0190115368962961 -0.127672054638319 -0.0132489522417538 0.250430277447372
0.0508393972460384 -0.154707174480193 0.0564698113391812 0.277279839034954
0.133498806291146 -0.119962640966534 0.0677475519570517 0.28648631914289
0.162499941553885 -0.0503896072707929 0.068833881530348 0.300499506258358
0.161427616481244 0.0239645218110546 0.0371800182906899 0.309651957364644
0.180491590533379 0.106006751542231 0.0248609040029478 0.321746177559914
0.170749017545656 0.182406095685486 0.122467399905845 0.350402648211081
0.0961919916480303 0.262395278654238 -0.0607065099093266 0.26473284852664
0.109949280059819 0.210988494440372 0.0715891218772772 -0.021536261821796
0.113347249942892 0.131027059067802 -0.0680385278312655 -0.24978506819552
0.171388339314408 0.0727353999679296 -0.229870549361581 -0.277539273584082
0.197161644084295 -0.0142575270994296 -0.345053737879496 -0.129073424267589
0.163186040685819 -0.107220952101254 -0.335038825509813 0.026056943699461
0.0971626013062623 -0.164501172589923 -0.243489613726186 0.123682946919098
0.086948494315281 -0.196049300344717 -0.118063051437821 0.175942100436637
0.0646980973057355 -0.202027602963248 0.00848202622214156 0.178989557691721
0.109764784918855 -0.236548624239644 0.0990575587469766 0.210216518865314
0.223957686039992 -0.190235735931213 0.137355946005962 0.245078300450344
0.284772279232035 -0.0931803208035125 0.126345735165264 0.301668697533338
0.292433456359641 0.0614725338887175 0.0519327609723294 0.312131946808428
0.266884684382487 0.217662938876977 -0.00656513945061442 0.271611762554412
0.220700871869035 0.309051342354412 0.0673296907891817 0.233840305771091
0.0863426701733563 0.355870284462443 -0.0732832994715718 0.127716572587043
0.140401625277176 0.342525208587948 0.0750071780917501 -0.1236918329699
0.203786519969855 0.228160481037255 -0.0639486850490568 -0.303173784582359
0.289394161279626 0.0926406748240962 -0.21188393053005 -0.288361348377708
0.291943414598234 -0.039662386756726 -0.286000009474195 -0.139718957676534
0.230021440497825 -0.152981840356359 -0.268414150568986 -0.0241735963363601
0.140938599474988 -0.215577160569794 -0.196103992496247 0.0443649916075319
0.126512764086372 -0.239554892443944 -0.0844417794545905 0.0911082892599342
0.102172450534528 -0.241358436721216 0.0387872970881253 0.086153702357195
0.156544103194452 -0.27606860281585 0.141577869285089 0.119355408150747
0.283441658479081 -0.224144335896948 0.203333823315961 0.178149995791287
0.358316745080158 -0.115070149041778 0.181472326778791 0.284182991315349
0.373984847902846 0.0899389769415968 0.0634198169299116 0.305950982904403
0.30886425620364 0.297631858488364 -0.0496730312673088 0.218001593749369
0.232437814052873 0.388258933764314 0.00573339773006711 0.0941865370673908
0.0756382522091964 0.392223834325943 -0.090060912008809 -0.0390714894509078
0.161517934583871 0.413615858616871 0.0555283279451567 -0.236428295968813
0.272523189102238 0.281117924285225 -0.0634818181442426 -0.343492800766615
0.367770913672948 0.0874750401245549 -0.177266315253183 -0.285746385480617
0.341363991083025 -0.0701671134144897 -0.201463649963403 -0.158884759412736
0.255537853045406 -0.18206854273507 -0.184543590128724 -0.0899155584907946
0.158699595144341 -0.238179742826717 -0.137214515973904 -0.0466045687544766
0.147135281491338 -0.247747819387492 -0.0387092592226377 -0.00278598727453799
0.130122402266343 -0.24189363976372 0.0772976577134997 -0.0128063780178422
0.191397987349923 -0.266252041856139 0.184101015702895 0.0261704872925022
0.311870254986445 -0.205840671221292 0.258668214809377 0.110384448966563
0.383770379594103 -0.0933746257683469 0.218882034672304 0.258756098975799
0.387440894876448 0.131584769605626 0.0625554527817509 0.285303845764391
0.291306613813091 0.347899334880189 -0.091740448492506 0.154866265816779
0.193308438192806 0.415145800716344 -0.0433528026509532 -0.0505990992750425
0.0540381638206099 0.362186523537267 -0.117205675812958 -0.204841725541238
0.154956686049846 0.404255443034268 0.00681520305279748 -0.33246963477731
0.283382859128323 0.276113456687854 -0.0660093098939736 -0.358428667194771
0.368053365115277 0.0643372005996807 -0.128069142688162 -0.270749451921039
0.321940130544514 -0.0870426357998489 -0.107989268040945 -0.188158660084845
0.235117640104947 -0.180689349348626 -0.10076495083335 -0.16703694080765
0.150671256317247 -0.223144303369524 -0.0770097158683768 -0.140050662893315
0.145568093243392 -0.218770421249073 0.011909941275783 -0.0941092252465914
0.140891875923888 -0.206870229972022 0.125347192692815 -0.100900686751722
0.206580965750084 -0.213230862457104 0.230438086645954 -0.0494155139479414
0.300418276625761 -0.144319258292716 0.305357499658867 0.0619973642106227
0.352312273384034 -0.0332734787509235 0.238807205932833 0.237874390675099
0.3326182533157 0.174927842059674 0.0556416680212647 0.255008363075217
0.216236645537974 0.360676732103349 -0.114195554218922 0.0838816796913693
0.118024495461426 0.386968552877497 -0.0640261260772438 -0.18498796980078
0.0161573504805684 0.267058147002864 -0.153104850210955 -0.33881581919181
0.110102660710941 0.319647417186689 -0.0523910982679892 -0.38649924936238
0.229614774845434 0.216175149417103 -0.0654837852437691 -0.348056723003302
0.283885503038184 0.0342029092001845 -0.079848535755594 -0.252617578848731
0.236741855335058 -0.0757586247640672 -0.0324885297090526 -0.223227776296816
0.174015848126917 -0.137165726640871 -0.0391463578617806 -0.238079127958717
0.118468185622372 -0.166746223152725 -0.0278734119872959 -0.217417009033788
0.124237190626738 -0.15679068552444 0.0600442073480371 -0.167714697860329
0.129306531785321 -0.144184173018669 0.176742471645372 -0.164348399663949
0.185161141114661 -0.135773124740446 0.28146293425049 -0.0944665206951014
0.244890125857861 -0.0688882077848955 0.344482652968932 0.0437703170115893
0.273436823124609 0.0275440702013131 0.246514952491866 0.227170999674493
0.23230808438433 0.19467635185105 0.0515563849657755 0.222081934415738
0.111283207744725 0.322348924536846 -0.10321238037559 0.0180849284930713
0.0268165115251085 0.300459706755947 -0.0494654871464743 -0.289369536771662
-0.0403220478772268 0.131568154067386 -0.18025500038276 -0.415602954489402
0.0295129785958013 0.188289744277997 -0.0984801316759764 -0.392148242079035
0.117959381171928 0.129303129110252 -0.0568912853147947 -0.330442793305969
0.140325174943784 0.0182603647142515 -0.0465612987408144 -0.247289891947607
0.110905895074494 -0.0310588101294235 0.0027981180456478 -0.254177611511492
0.0907948251936894 -0.0555507811199305 -0.0112150647046242 -0.282683872905319
0.0745248770669602 -0.0772362668842835 0.00389153123341339 -0.263625089090067
0.0841074511554381 -0.0716738023504987 0.0982056590781334 -0.214503241900425
0.0917844544919519 -0.0659281617336658 0.222364633050213 -0.198900876202703
0.124662018996415 -0.0561223231545568 0.326253582489472 -0.106240670307573
0.14775845222016 -0.0125276825753102 0.373519911942302 0.0489756598498304
0.166544378586104 0.0504110167012951 0.251288359375915 0.223531470439234
0.124158218627818 0.16597215849202 0.0605966948941904 0.196911705428048
0.0165552693943871 0.228208071991565 -0.064464922422967 -0.0220824522737082
-0.0510728461843683 0.170058030199857 -0.00535494897612338 -0.347592793072228
0.0794250798569536 -0.00490985594847724 -0.0607005172306258 0.370141424089219
0.0448861582308537 -0.091563400212982 0.0871608222827328 0.0942515247894339
-0.0371503762620432 -0.0788636436911386 -0.006483264601055 -0.192404123417501
-0.0501853943474037 -0.0120904919283234 -0.190527991507287 -0.289157427954005
-0.0237189052236338 0.00145352480879855 -0.367961846132521 -0.163557170858735
-0.0158536772036822 -0.00700842917622031 -0.385896209741162 0.0325009704901047
-0.0250923126152728 -0.0128924440459894 -0.296935641484779 0.168661576599041
-0.018153814798558 -0.0347676685664577 -0.17433701290028 0.238977765693623
-0.02404406727728 -0.0375422712641703 -0.0695013322843607 0.274677695145656
-0.0153485653478652 -0.0526835629256056 -0.0262416137103587 0.30077712003344
0.0173313207631551 -0.0400075246684194 -0.0340107440506916 0.28844552660416
0.0116269959801013 -0.0201737790729547 -0.0205801858667858 0.281167675587916
0.0203631400240169 -0.0382445136167669 -0.0238768292406113 0.306598829537225
0.0867686377270852 -0.0229962352252823 -0.0249962221501394 0.374906707176964
0.0944591629208481 0.036742630466791 0.0777879900190615 0.459409697413684
0.0702548446026035 0.137822156009963 -0.0912086125170097 0.339672491919864
0.0660422615402208 0.0609894795582565 0.065053544902934 0.0624406196316945
0.0259639649876123 0.0247190928040969 -0.0250361955258477 -0.207437761710971
0.0480454472849862 0.0400830351762048 -0.187899410603801 -0.292099341487376
0.0872591314323469 0.00961183521607109 -0.352255561312788 -0.174753432529064
0.0844534658565534 -0.0454611219908838 -0.37497794474942 0.0049654014520107
0.0503783504475148 -0.0842372434746472 -0.29328460220683 0.136082421063272
0.0545371921939253 -0.117535958521574 -0.170154561429866 0.210294197167833
0.0418338301734297 -0.122318668689104 -0.0519002695038831 0.242190001150536
0.0754851160743323 -0.14262054208999 0.0122642180589155 0.277053309157719
0.15193976593971 -0.095975894866442 0.0231155908242079 0.288050930304977
0.169320802177095 -0.019821782869764 0.0185466958976119 0.303643402239313
0.157485601998258 0.0558835433030822 -0.0135084554145367 0.31148102043607
0.161084558776295 0.137609026513029 -0.0297001593348538 0.327964570074502
0.135941390727108 0.208130947906299 0.0609016686570319 0.377380998011411
0.0461667982184639 0.264148226668391 -0.0988689591466004 0.253304389214783
0.0755806619375055 0.218161046402071 0.0709200584171939 -0.00638616197248178
0.0923586269734224 0.144953313947795 -0.0270992467916833 -0.247451054035452
0.156002086757434 0.0947474754655739 -0.18105494571629 -0.302028764389849
0.197631444312097 0.0149668893804071 -0.318578440165123 -0.178526658406304
0.178568918280325 -0.0793967261771016 -0.331750329142091 -0.02413074422913
0.12022477320703 -0.143970934781671 -0.258017136448665 0.0822450710878511
0.118101669168026 -0.181904802936447 -0.143382045811973 0.151910692696879
0.0977706058109759 -0.187321166722364 -0.0185061233311297 0.175988637371263
0.14532424395375 -0.212547254434588 0.0663126137553636 0.217921953499511
0.251877310051198 -0.149276002250575 0.101428581030405 0.255823701141729
0.294303698960204 -0.0404822752490431 0.080436530488854 0.313031136180104
0.279348983960341 0.116903504543198 0.00529268578272447 0.317797342492098
0.227191324083615 0.262395805239324 -0.0531939119870267 0.27568444392505
0.162305319168155 0.341512868911192 0.0271716723939526 0.250313019224124
0.0239963270137849 0.352965766161445 -0.0905860054248306 0.117625733960706
0.0873537377619981 0.350083266248303 0.084069518310465 -0.105277985122298
0.165295180296186 0.254115760125338 -0.0189269592214396 -0.296165430451698
0.264919488862865 0.13239826628256 -0.162031116063961 -0.308007056568662
0.291772182707485 0.00571309446199305 -0.260255478498996 -0.179325442745176
0.249403207836185 -0.112724670462335 -0.258588235778126 -0.0613373334810694
0.169532215949343 -0.187619845752353 -0.198012033919395 0.012490952826923
0.163186786918293 -0.219166289862655 -0.0963598491474303 0.0752012016860013
0.141488337547659 -0.219406019213749 0.0263469925134237 0.0896923352113638
0.196825064840682 -0.243750197212603 0.124102266944496 0.135637862571906
0.314842955152525 -0.173441796864539 0.179356997254392 0.200107341234579
0.369190897972291 -0.0484049933607636 0.140674183215983 0.304322950361392
0.353556059477425 0.160485768254348 0.0200746058864405 0.313304444836843
0.253473500363154 0.347754387859636 -0.0872431333188788 0.215990696359349
0.157724345032604 0.422115132988247 -0.00875116870853754 0.099776587401428
0.00784895407060308 0.387927371653774 -0.081303005428114 -0.0473441775433127
0.0993129150908788 0.422020123394985 0.0789053154512071 -0.219058648567243
0.223468311878719 0.316494201282613 -0.0137240914830687 -0.333303937053565
0.338599340043726 0.140067092303595 -0.127230458837556 -0.298595767648402
0.343757495523048 -0.0155552445562026 -0.17432763161653 -0.184607830894135
0.278597385146237 -0.136530649969472 -0.165365466186577 -0.113259576626782
0.189389563609367 -0.207385892894904 -0.124252150424516 -0.0684099853028997
0.183881557349296 -0.223179132290971 -0.0357926867208692 -0.00933695476084045
0.168029461719683 -0.215121173013202 0.080529785975921 -0.000813529838839567
0.227972738306086 -0.228120596769785 0.18095505062023 0.0523896891863638
0.338696871102795 -0.150852274016235 0.245387074921678 0.142442692457884
0.385716157631414 -0.0241467687303736 0.184484213684365 0.286568100525197
0.357880744815944 0.202600633880353 0.0244137613014342 0.294281141770937
0.226829288718133 0.394027495700139 -0.120003401596286 0.145316458629279
0.115150823452537 0.439869423674384 -0.0325497005202617 -0.0552861790754317
-0.0053414631378927 0.355534183987178 -0.08371306185235 -0.214729214501233
0.0948992733961793 0.41277056581613 0.0465857611611767 -0.32069500062122
0.236059482552254 0.312436113044403 -0.0138565715266039 -0.348463692905287
0.343681209151122 0.11603272883627 -0.08101518499686 -0.275152003918765
0.325851750793215 -0.033502947445493 -0.0775844998396274 -0.199169007928485
0.2568906912659 -0.137186892143913 -0.0719068985629751 -0.176565624393939
0.177527032863566 -0.193431833960495 -0.0508068760227701 -0.150355221848932
0.177558134062844 -0.193585267041405 0.0279134388299168 -0.0895260018940036
0.171947212665063 -0.178253384036167 0.140380312721902 -0.0780439175875017
0.233264729016187 -0.174248071800815 0.237928250380691 -0.0120811014201718
0.317214268881229 -0.0918284688547502 0.298858533945372 0.105183047363527
0.345619035005178 0.0287305496047139 0.206449106333955 0.270824202866768
0.295914430205682 0.234769463505919 0.0217636811797589 0.264110493329742
0.148928494559755 0.391277404861673 -0.131943567064611 0.0711176938945086
0.0448159468449344 0.395749895430456 -0.0301010551534279 -0.193304897972434
-0.0236026731607533 0.25887730282362 -0.098833853422698 -0.353310809488286
0.0646210258948998 0.324789200409187 -0.00151767692549534 -0.383651739980304
0.192035958088871 0.245466118080503 -0.0135549681964434 -0.340648582030543
0.267373285106435 0.0774342387188297 -0.0359083878084987 -0.251763432660645
0.240540757642702 -0.0343187238334243 0.00305328551492736 -0.222229685361428
0.190087808331327 -0.102708374736677 5.34731734696306E-05 -0.238312813119332
0.138636108970437 -0.143317802430626 0.00918350314675534 -0.219498692730841
0.146504774310599 -0.13605482436614 0.0869679673046643 -0.154023254766114
0.149228751532357 -0.118771076554832 0.201000191722288 -0.132424781401859
0.200186277145186 -0.102846189239351 0.292548003852647 -0.045435167489259
0.248582200155476 -0.0267687814161776 0.337395099464913 0.0953053893842857
0.258412121887347 0.0736278706702038 0.214713878223434 0.264456228437052
0.192057551306736 0.235106531864904 0.0212892285985941 0.23163108879511
0.0526194370282113 0.333541204487107 -0.110529950177154 0.0059847634124453
-0.0297685668841741 0.297259978152239 0.00329679987754475 -0.295425929292782
-0.0543846654259148 0.119900070228149 -0.114493114942592 -0.434687407713656
0.00581253919262748 0.186107485844956 -0.0395344272452271 -0.398220894900156
0.0979154304943795 0.144661487446109 -0.00490114745966902 -0.325956997321331
0.13213845371092 0.0401946298709072 -0.00463939677198683 -0.244225454572161
0.111414817044467 -0.00964856996017484 0.0423819782874845 -0.249039067706231
0.0965853405274703 -0.0364198562327964 0.0324511722202926 -0.280109302654847
0.081833504219894 -0.062727630331147 0.0475437076394728 -0.259910712071117
0.093490171854977 -0.0580329421755006 0.131994800474861 -0.192498818081616
0.0989156347683405 -0.0481474964957213 0.250516434393678 -0.156910878556965
0.128075471847274 -0.0353426504145389 0.336315270463769 -0.0486373332892958
0.144717381823996 0.0124899115513388 0.361403776077432 0.10755822514587
0.151337424579628 0.0756843820016465 0.214930779627167 0.26399631959048
0.0905818497223216 0.185772206958677 0.0310737230471873 0.208153205883947
-0.024860795995442 0.22520779060002 -0.0650401162583601 -0.0299293730256699
-0.0818768821587721 0.156133182346043 0.0561756444076166 -0.347322972049695
0.0778648112855383 -0.00820200732201165 -0.0417915968158979 0.364423734191226
0.0393983541603323 -0.0936303709118038 0.0942638797954462 0.0868720008148113
-0.0396986088942719 -0.075987825062864 -0.013053131038916 -0.187733755398489
-0.0489435394808013 -0.0096921337933014 -0.200146250111248 -0.273574053828234
-0.0227830833906339 0.00150313980500884 -0.369268848643893 -0.143570193991186
-0.0144772818498475 -0.00774311073533753 -0.375467916621412 0.0508425508523875
-0.0237109144940866 -0.0122723938748675 -0.279091463921859 0.181950657576169
-0.0188818877418655 -0.0341650727061071 -0.158371874780375 0.24362438016583
-0.0244338942025233 -0.0360795107259664 -0.0526406841029126 0.273418926694943
-0.0177089754902944 -0.0501406351370118 -0.00920031085552446 0.297464756278172
0.0157625881353887 -0.0409242700430975 -0.0202513255479779 0.28703736049318
0.0119497497423613 -0.0208403367802624 -0.00934082067238098 0.27581370982302
0.0193660846337056 -0.0371979400476495 -0.0129275160756817 0.301285185931463
0.0846207210247768 -0.0275967120885581 -0.0104035955349824 0.368206202697153
0.0942050457749866 0.0307662324267874 0.0983720047001201 0.44671653348878
0.0746662036965963 0.13245570023965 -0.072384303923079 0.336644847319938
0.0684699572302462 0.0553902652665008 0.0712200012107232 0.0575125869932938
0.0270311536724432 0.0228866831317079 -0.0317685169884136 -0.199627899304618
0.0492040818692611 0.0361172216773506 -0.195842897757321 -0.277361008425082
0.0863525364310933 0.00288516253868831 -0.35280670032934 -0.153389990550687
0.0812046709272527 -0.050717391914751 -0.366022452075531 0.0244539089093318
0.0462224577545218 -0.0856168748073927 -0.277201041318391 0.148515482898859
0.0469068667433307 -0.119650107616234 -0.155889310269854 0.215737036275546
0.0355346350450812 -0.123818916956921 -0.0371482560898879 0.240137003002047
0.0663385935962251 -0.143539776316604 0.0283217391116082 0.272048829391188
0.144612050843126 -0.103797769998477 0.0375018173853233 0.282951793944645
0.166757265028809 -0.0287199261750951 0.0319924726945438 0.295960873637794
0.158526211599203 0.0479919966437547 -0.00257876138774826 0.305654870561643
0.166243709189713 0.126389216635545 -0.0167902396010968 0.322950399267045
0.143535575632493 0.196201520804308 0.0777447139342724 0.368303659946111
0.0570649125397334 0.257345674311206 -0.0828112949681887 0.251271636499462
0.0859778751897989 0.209766136138215 0.0739022453105711 -0.00984733069216706
0.0977093321543785 0.138172159337969 -0.0352301885603352 -0.238905561509532
0.157846677264263 0.0839224715129892 -0.189826890953147 -0.286882444016723
0.194891724511215 0.00243395164352199 -0.319679708862649 -0.159244293022584
0.171337528504184 -0.089304396338502 -0.324472938820892 -0.00728244113973283
0.11100889820198 -0.14791303301 -0.247376325611877 0.0937726125977796
0.105011917985228 -0.187106229641949 -0.131267362712097 0.156725995456608
0.0867285235756416 -0.190276041948056 -0.00803892021652107 0.173111694069315
0.130971876613609 -0.216326917278392 0.0793279704445625 0.209781684615874
0.240261653443283 -0.16242180832483 0.113309622042157 0.246625098130516
0.288065813843313 -0.0561769312579777 0.0942030222245847 0.302880782138167
0.28066413286837 0.100742027479792 0.0168738668026721 0.310963284319917
0.237258907833212 0.247298649206962 -0.0408858256558016 0.271714269806572
0.175315418355411 0.326094379429631 0.0404755396688134 0.245938784182489
0.0374633676467278 0.345473745867203 -0.0809892591759141 0.118660719026314
0.103786011932172 0.340496469585506 0.083314484146081 -0.106851360176981
0.174058883930324 0.241852582159667 -0.0294055388340269 -0.286827134043277
0.266154112558394 0.115029788481358 -0.170641384607737 -0.293201390344122
0.28644181225662 -0.0116277323823623 -0.259443761017657 -0.163578969592735
0.238854154410076 -0.124985677818966 -0.253872986876889 -0.0490838641783693
0.156723158479283 -0.193273277329168 -0.19337166308744 0.0220480946111834
0.146611373898091 -0.225037457017578 -0.0886035304277505 0.0785221487906491
0.127039157607267 -0.223604798343935 0.0313863389261636 0.0853951990512358
0.179745499440273 -0.2494061344722 0.131372558595734 0.126446106622087
0.298523095537144 -0.189816383522468 0.187404270112391 0.187485695449676
0.360370397404263 -0.0691475175079957 0.153758619687701 0.291292502712443
0.357251162781684 0.139551164093086 0.0314592666972321 0.305261367496665
0.269255008642306 0.329500864153617 -0.0768716039422178 0.214987980335105
0.17501331012624 0.403332589336252 -0.0030553049107831 0.101251709188034
0.0251538468150606 0.37872039928208 -0.0803575920676658 -0.0444096363405867
0.120018261726426 0.409962645026354 0.0731082121479294 -0.217675809146348
0.233637369794386 0.300324302214461 -0.0261909503832486 -0.323432367476143
0.339316542487148 0.118905388541337 -0.13546101689754 -0.285457462901705
0.335174379497583 -0.0337954547117348 -0.175695860592966 -0.173269445165213
0.266272354251694 -0.149574159727157 -0.16600686708294 -0.105155956576442
0.174886068519095 -0.212506293088047 -0.126008532760158 -0.0601280512099997
0.167042023695095 -0.230240989249491 -0.0340817566916555 -0.00825683720246504
0.152183701972263 -0.220431115160151 0.0800367011346366 -0.00554630507590877
0.211010572113488 -0.236485602697122 0.182608499420038 0.0408806705959002
0.324706056066261 -0.167628038313419 0.249119411434311 0.126567800075348
0.377966699860918 -0.0448503191938832 0.196794402637424 0.271224084422905
0.362076128727522 0.179492031446012 0.0361645629716953 0.285700015081568
0.24446899798472 0.375442114033618 -0.111874416589871 0.147603418129862
0.132777899994234 0.422397861939447 -0.0343808565546871 -0.0489396446117286
0.0100117420061584 0.347259859255945 -0.0911243084209551 -0.208208434952463
0.113950477976669 0.401180621246537 0.0360334339634655 -0.316165482674759
0.246588626295569 0.296106311521288 -0.0279576714049108 -0.338044295661268
0.341438335818776 0.0971042403987263 -0.0896352183950322 -0.26418335016243
0.317395401317242 -0.0509796940730126 -0.0813007636154644 -0.193455249181999
0.24485978996982 -0.147554121994025 -0.07884806326939 -0.172721833403129
0.164294510887345 -0.198106364059412 -0.0595312766214272 -0.144626827944444
0.162316164039182 -0.200821156556918 0.0249031343279414 -0.0906541194094718
0.157935078910182 -0.184320373436142 0.134702770093202 -0.085271832283902
0.218096356429436 -0.184133669900133 0.23402151747048 -0.0259323144375147
0.304539045392578 -0.109466275542225 0.299195193083095 0.0859846996079695
0.339122133634344 0.00850801268458954 0.218563811587595 0.254247589674224
0.302679191083204 0.213726238535245 0.0317441432970232 0.255479345884085
0.168543664175229 0.375903910771471 -0.125843900947577 0.076205861187823
0.0611002118875408 0.384328463569426 -0.0389818111925787 -0.184148919592661
-0.0119042340889897 0.253898851031279 -0.111801315061882 -0.34266254927893
0.0800365347848174 0.315095861155303 -0.015089985341838 -0.375037385050808
0.200806944601863 0.231549264482979 -0.0277661973769144 -0.331301035234746
0.265146722140019 0.0618853625477894 -0.0437817592088421 -0.243493786945332
0.233452732586623 -0.0465115352449789 -0.00424861820438425 -0.220574480209764
0.181275979557951 -0.110629616474259 -0.0131174875964585 -0.237028054397684
0.127354244012404 -0.146523112002641 -0.00401393534181848 -0.215189676256788
0.134539398277426 -0.142225378552398 0.0792853723679207 -0.156186259600749
0.139972864672007 -0.124352883812692 0.190181068323473 -0.140493303088075
0.189131274663503 -0.111434816542265 0.285604262520832 -0.0608952375468073
0.240608032269225 -0.0403323381614131 0.336479228280137 0.0748343158953475
0.255823606155387 0.0571918121101787 0.224959578359697 0.24795622384054
0.200050959293744 0.219224542428813 0.0311099326083421 0.223784507315188
0.0692926194054911 0.324726631927774 -0.108751594527411 0.0118294968699005
-0.0159808906807776 0.290634537935528 -0.0121370684280516 -0.286009698164045
-0.0484703836035484 0.118637958036569 -0.131149098469455 -0.4201912964013
0.014577762693586 0.18206041761575 -0.0553333855873111 -0.387787873163735
0.102644160836737 0.137349024115259 -0.0187588747487892 -0.318462767552401
0.131244947922544 0.032277209104039 -0.0133153150658957 -0.237210372149486
0.107604592507664 -0.0154495206748838 0.0326058585452931 -0.248416307415325
0.0930900262815786 -0.0399115154024871 0.0157283398280805 -0.279859496446207
0.0768979609776725 -0.064605894990629 0.0312222080622325 -0.257230978078908
0.0875211214516726 -0.0627600734914694 0.12107897695337 -0.196150636996973
0.0943751781040904 -0.052843870301044 0.2368683022257 -0.167710672405791
0.122643439773246 -0.0416017383290974 0.326607104328036 -0.066895616212344
0.140341492333749 0.00465949183338022 0.359835386195666 0.0860021274447985
0.149957485045404 0.0658076538712553 0.2255494083885 0.248031362472166
0.0977073376040044 0.176859238649191 0.0401750773139044 0.200684349906976
-0.0128308400297743 0.22101429247929 -0.0661892992711223 -0.0246544595337272
-0.0752639601683094 0.155382332976956 0.0365523977486632 -0.338383428175751
0.0766067869105825 -0.00943495751145577 -0.026110013299638 0.358078889809245
0.0351593267184545 -0.0944121317310758 0.0992846790530491 0.0805887665734595
-0.0413152027801523 -0.0733926978710291 -0.0165287053776512 -0.182925700071717
-0.0481409268439022 -0.00876419308254777 -0.204122225088814 -0.26013797016046
-0.0219483681006888 0.00100201484536267 -0.367107888006961 -0.126092917973784
-0.0135662637882911 -0.00909267806710051 -0.364601649883795 0.0652893974114486
-0.022329394848994 -0.0124479447107067 -0.263333045136117 0.188507285335872
-0.0197463302890331 -0.0340431965898961 -0.14534804619485 0.246114058940404
-0.0241719289987987 -0.0357769709393254 -0.0400867438809983 0.269666995793695
-0.0180937965659941 -0.0476452788084957 0.00326146981743566 0.292932750122939
0.0145356880121513 -0.0409785359015929 -0.0104005466281881 0.283968291377853
0.0117409775879514 -0.0214264963313876 -0.00226321313468778 0.26920362283956
0.0190080331860829 -0.0361521686721005 -0.00649467882673635 0.295439611251816
0.0827818137813371 -0.030981318807982 -0.000671623155355095 0.361624156345467
0.0929642862600074 0.0260953860459126 0.11278647208666 0.433813111219499
0.0773314009984506 0.127687347666667 -0.0581673623768196 0.330999776883178
0.0692797274176092 0.0507148828395154 0.0765331674724275 0.0526916862259889
0.0267333419182657 0.0214951544233842 -0.0352860573060245 -0.193762514832886
0.0493107330762663 0.032212954536871 -0.200059297988695 -0.264322779034668
0.0845759118174215 -0.00188764347790628 -0.349769589546384 -0.138253081503818
0.0781916724659759 -0.0548340521818436 -0.355868087120896 0.0359672150868444
0.0425025733530543 -0.0869266825228459 -0.263046649290763 0.156416734018864
0.0408513289645969 -0.120493695210883 -0.143006837801022 0.217746899399325
0.0307291573737078 -0.124222419700251 -0.0260499599799536 0.236420298981652
0.0598296193951232 -0.143074427897162 0.0404231249106425 0.265431073122168
0.138370278220625 -0.108914358158725 0.046755566506618 0.277776446787069
0.163133514791924 -0.0358533520284942 0.0402688380090734 0.288162095260187
0.158854206580444 0.0413503329875488 0.00460170095025683 0.298922503286186
0.169781141577334 0.118074140965683 -0.00823779252333386 0.316373455343879
0.146965756336163 0.185736087097026 0.090774026546062 0.357954294109207
0.0638026383252055 0.250589586450188 -0.0711904983749091 0.24791455323972
0.0927606595915023 0.201809594298186 0.0769694792124131 -0.0133620515938746
0.0999296105949861 0.131772298539048 -0.0390701210735013 -0.230516410477165
0.156775471593646 0.0753988995336191 -0.192479141358374 -0.274472249929354
0.19081350146966 -0.00688948626024519 -0.316009796084264 -0.145257570731398
0.16501760617832 -0.0959319441935571 -0.3165141246177 0.00357196200647273
0.103805141979887 -0.149966949220914 -0.236783593231848 0.100747232098132
0.0943565138416808 -0.188918452308282 -0.121206364115248 0.158644667057857
0.0781305885730814 -0.191641301002116 0.000121475912893366 0.169126344781249
0.119885789052479 -0.216934757685154 0.0875558770462256 0.202074403804885
0.229243911120733 -0.170754011655247 0.120549498670373 0.238426752525717
0.280783802793366 -0.0673675006094969 0.103059400197251 0.291994330156174
0.280898867985588 0.0884135632815925 0.0235604444071507 0.303332433539779
0.244261808890724 0.233436282965803 -0.0332662419816396 0.266892464392395
0.183068880690736 0.310777208145908 0.0489023479494715 0.241517953225
0.0469110639462682 0.337187449536025 -0.073885043650128 0.117463138775695
0.115798255978553 0.329576047642354 0.0835685788928078 -0.108372628628715
0.178920313572836 0.231564379293873 -0.0345970360733626 -0.276835334420206
0.264236221356633 0.102640607990638 -0.173609148492796 -0.281049953853551
0.280331190088447 -0.0236237523067852 -0.256747823675181 -0.152649570342083
0.229606467228092 -0.132932146069053 -0.249859067703145 -0.0411096497089465
0.146211868025554 -0.195555410377026 -0.188366827855358 0.029292604639546
0.133347384426318 -0.228314154575668 -0.0826190404358594 0.0793057150393719
0.115803092651657 -0.226040203997523 0.0347918901544878 0.082075689131963
0.1654193968452 -0.251744367296957 0.135723944551323 0.116858563398597
0.28616516718769 -0.199896925403099 0.191127845396759 0.176753539117017
0.351386732296649 -0.083665039688207 0.161527973919156 0.278177993597083
0.355870748410347 0.123358475300432 0.0389534469842077 0.296042875350492
0.278099032521505 0.312886619821435 -0.0689945761742864 0.211748506782151
0.183531658435867 0.386282961102109 0.00209071403730724 0.101827603044336
0.0347909081301831 0.369321471347902 -0.0783473820608292 -0.0424994144633079
0.133310071401679 0.398184395555548 0.0694497267523606 -0.216008563574078
0.239804571137646 0.286778084838781 -0.0324576575432574 -0.312038903485256
0.336167618718499 0.103645573034389 -0.139430239949056 -0.274042486205746
0.32643585255507 -0.048025903654111 -0.17376292705766 -0.165435246509325
0.255278790747765 -0.15789564364627 -0.165883866027532 -0.0992961864686464
0.16347837846844 -0.214336715316612 -0.126777597343609 -0.0540799398763905
0.152213072820445 -0.23309168022453 -0.0320762644207772 -0.00793621153475935
0.140401985246143 -0.222736621016788 0.078918363340203 -0.0096463099076932
0.197246702579276 -0.240488776738394 0.182535339836847 0.0309381642759062
0.309184021267457 -0.179301594509571 0.249876658895132 0.113041469592359
0.367195362589358 -0.0608022284066472 0.204069917974374 0.257292900487378
0.362851941260975 0.161742002416483 0.0418455918514857 0.277588217647233
0.254840167391307 0.358703845116146 -0.105159055153363 0.147401523099
0.142084758999698 0.406751505272912 -0.0339047260647802 -0.0437278360488751
0.0193776774193835 0.338174820424709 -0.0937120930997085 -0.201880203492846
0.128138834017742 0.388568719803485 0.0293154421873062 -0.310971771070316
0.252276632481593 0.281415264074203 -0.0355246520662234 -0.326803226627691
0.338470001151358 0.0811415447924448 -0.0930720285963035 -0.25502098162581
0.309074153625462 -0.0630756233008337 -0.0818443653349317 -0.187835843614056
0.234425004010408 -0.154995558988159 -0.0835653020770499 -0.16922132897101
0.15211354503907 -0.199862528683505 -0.0648293723946483 -0.13898511323781
0.148571894277162 -0.204592034652667 0.0226887570482421 -0.0913911347773169
0.147329484642534 -0.187419442240316 0.129565017711867 -0.089715533654064
0.205708355665647 -0.188912979066994 0.22959397474628 -0.0354159899825471
0.292507862221238 -0.12081482581711 0.296155047762888 0.0722168856959558
0.330694084443508 -0.00603032719044311 0.224950349356946 0.240136476586712
0.30318925189695 0.19715518343326 0.0379042478326103 0.247811654016507
0.180116322788285 0.361825488669258 -0.121707459231671 0.077679983185451
0.0719009015012676 0.372248721973287 -0.0448565903597483 -0.175769326911733
-0.00472889625421914 0.247028502231414 -0.119085067549973 -0.331016868786785
0.0900327666418944 0.305494482952688 -0.0233055657013386 -0.366807337139301
0.204289242600898 0.220200866678349 -0.0353449160717125 -0.320772897733655
0.261600406815122 0.050386832586804 -0.047346293736863 -0.23543640902347
0.225829660916025 -0.0554391895528256 -0.0076059379556923 -0.21809557188954
0.173283311365766 -0.114901958973914 -0.0225363524849387 -0.233891727277882
0.119215578787517 -0.147741247886639 -0.0135124839015244 -0.209756540930493
0.124481544176628 -0.145736831314901 0.0729778782149959 -0.157941677154351
0.130577882591723 -0.127223049655445 0.181500990433072 -0.146436242003836
0.180034249720956 -0.117132661605858 0.277339890084701 -0.0713900523737623
0.232563679472207 -0.0492546718271231 0.331596599862214 0.0606510237361818
0.250073540568269 0.0456773169163846 0.231865784563986 0.233554244050004
0.203665487843565 0.206245949755506 0.0360028989202104 0.21597122216731
0.0799602201346173 0.314975923954426 -0.105965131470358 0.0155360797297083
-0.00743782199970322 0.28445406516264 -0.0224450848818414 -0.275804280716199
-0.0445637449426448 0.116551051723648 -0.141393171038377 -0.406527768172171
0.0210614643144632 0.177615845997568 -0.0636690394233342 -0.376877518522996
0.105818213613399 0.131549573498099 -0.027598899133174 -0.309400612210737
0.129392678440685 0.0266604942045123 -0.0177282252224124 -0.230965946855759
0.104411326468891 -0.019129601792238 0.0255232030325076 -0.245990128665542
0.089992135033888 -0.0421931942849402 0.00264081939938008 -0.276119588324398
0.0726283904726308 -0.0658640342491447 0.0191510671391439 -0.252938819618429
0.0823880379587034 -0.0658014694939803 0.112103536710485 -0.198148146093706
0.0896775243990771 -0.0546475300262378 0.225447616220802 -0.174132734399419
0.117313122875229 -0.0454551926158574 0.317053111101033 -0.07784142267712
0.135817782827339 -0.000392076364834773 0.353729904200273 0.0696951701930252
0.147836614432492 0.0588340192884473 0.231224617786153 0.232510257032694
0.101596723156963 0.168912245926225 0.045471469347229 0.194319669936677
-0.00497499767582821 0.21578888740832 -0.066462167170883 -0.0211037077511524
-0.0700481845824839 0.15383860485955 0.02273186491891 -0.329813048624802
0.0754251832617662 -0.0104104909345379 -0.0179402035264709 0.354409836481733
0.0318163630957437 -0.0947899507393479 0.103326565058023 0.0762073054710651
-0.042619458696268 -0.0720555485436785 -0.0174705289888883 -0.181549504859713
-0.047387170785166 -0.00789649438694372 -0.205462131849513 -0.253457328213642
-0.0214064226294152 0.000838042835906392 -0.366464372975207 -0.115206645810088
-0.0137597271729822 -0.0110178548711517 -0.358321096817614 0.071761830889099
-0.0209658991982622 -0.0134720462895227 -0.252410761738877 0.191513526523751
-0.0199236506608279 -0.0345484941144486 -0.136467316042396 0.247593197650642
-0.0242638825168739 -0.0360353087411197 -0.0311080043693661 0.26730314087324
-0.0184460281807714 -0.0466640044242099 0.0115951421150821 0.28999921234302
0.0138394588054344 -0.0408912777488171 -0.00529098271962205 0.283134076232501
0.0127393093946838 -0.0215265811891417 0.00150017906751688 0.265750665158594
0.019698681056356 -0.0361577501205416 -0.00509893509071325 0.291725687516527
0.0813635347814468 -0.0328901208818979 0.00335888148786374 0.357981177856999
0.0905537135460797 0.0236112272006266 0.121156372820439 0.425577410181292
0.0785551059915066 0.125063550761521 -0.0498343803676203 0.327427752166845
0.0695005843062587 0.0474645640306105 0.0807150940774542 0.0488299889801711
0.0263665147730587 0.0201634816990203 -0.0346178855261449 -0.190486993971569
0.0492795645456931 0.0302881708677748 -0.200505031146553 -0.257301079867191
0.0835683570426213 -0.00520939424085227 -0.348328859677322 -0.129343665906634
0.0757171435980596 -0.0584287547880402 -0.349396161031344 0.0449683963608061
0.0410926655414669 -0.0881858853309161 -0.254068841975913 0.160382470642425
0.0367022379382683 -0.121936932653157 -0.134829534475835 0.21845680519382
0.0275045678684685 -0.125139439217133 -0.0184053860239472 0.233681791144073
0.0559379226001193 -0.142885210951309 0.0478109241993825 0.261464655379084
0.134140207867498 -0.112853213236661 0.0526933679804519 0.27517532031717
0.161872746084306 -0.0403119125354804 0.0442572416780107 0.282962519125161
0.159423189451763 0.0374854861961359 0.00611821734310496 0.295304563755489
0.171661031547572 0.112969404182801 -0.00378758291795897 0.313327412571833
0.147252437621293 0.179403550234925 0.0992544337406463 0.353684656793462
0.0658656902284884 0.246345540211136 -0.0643874866116267 0.245645740969633
0.0967307828911308 0.197409409013777 0.0809905438462574 -0.0162654135931703
0.100591843522507 0.128605821423798 -0.0395000120045978 -0.225672393289406
0.156167652497169 0.0703106701380848 -0.193864756567466 -0.269136834297203
0.187991573839706 -0.0131833193394606 -0.313940631209131 -0.138379065054807
0.160140964672312 -0.10096475871309 -0.311595081313436 0.0100379746167892
0.0992624624422994 -0.15155330701153 -0.230653021302143 0.105409862817429
0.0871226802951962 -0.190205651639822 -0.115292319923772 0.15898642489583
0.0720685543362169 -0.192975892327836 0.00536431513622807 0.166778931719676
0.112729150910269 -0.218285071790119 0.094086278278037 0.196570166796819
0.222629752070774 -0.176986035908823 0.124919513559688 0.23422425635674
0.27670498351805 -0.0747734866292107 0.10864708649679 0.285292004126965
0.281751866020429 0.08082504406379 0.0252620858627279 0.298544665381723
0.248795663992909 0.226213623879857 -0.0290022315422899 0.264055314538962
0.185082436546427 0.30149080649854 0.0553706838790697 0.239425158359919
0.051198920096703 0.33281156341214 -0.0685176674176058 0.115834364589744
0.123189962520621 0.323560888759452 0.0849177221854778 -0.11015226823265
0.181601423014457 0.224812024807577 -0.0358037043147953 -0.270371766426712
0.263184879661323 0.0946913309051606 -0.174325684607732 -0.275184803351242
0.275672840191195 -0.0322969188098241 -0.25457599530195 -0.147124514918327
0.22369767605159 -0.139138529009234 -0.247096296453758 -0.0363967059678412
0.140160977960254 -0.197290636659098 -0.184732821996713 0.0332257680716633
0.124129411247407 -0.230061007878822 -0.0786660289130608 0.0800129001562342
0.108188329926449 -0.227255035059003 0.0373494271239844 0.0794208575590327
0.157555340467782 -0.253913307006941 0.138529481738017 0.110767524405084
0.277401297785633 -0.208631404243568 0.193510754749003 0.16956667446467
0.344441658397473 -0.093015114080354 0.167365903230932 0.270190700130856
0.357535624912462 0.111670302693595 0.0405381789144247 0.291856468591758
0.285606787750403 0.304361292791977 -0.0658760255498751 0.210330229364151
0.18811510395461 0.377028605917537 0.00519993244821386 0.102612705017409
0.0404019124118899 0.364921367103767 -0.0761868679090719 -0.0414698700673772
0.142589357623041 0.390814981521808 0.0690376163820539 -0.216373039278366
0.24409522178929 0.278381653061652 -0.0342149503072133 -0.305569967340567
0.334113307247233 0.0937069438454119 -0.139767608870118 -0.268800065916312
0.322532845063326 -0.0575533472242923 -0.171821007315571 -0.161945284846036
0.248163275222697 -0.164087472696225 -0.166192829540949 -0.0969319531793768
0.156083248133962 -0.215558380657137 -0.127342806388786 -0.0496565887720245
0.142261297271583 -0.235235729387377 -0.0303125442584191 -0.00870063749537558
0.132800179928009 -0.225153810234936 0.0784250388312503 -0.0130405393551197
0.188211087841838 -0.242926083562829 0.182334257590982 0.0245007213705196
0.301163866012116 -0.188616953898185 0.250326660148044 0.105714953580225
0.361011645091293 -0.0709595274051758 0.208418104211168 0.248241886356981
0.363207731587162 0.14958872850489 0.0443917575161467 0.272337442910186
0.261608388577136 0.348634289594605 -0.102123541961812 0.147285859761164
0.148569652877442 0.397841085277151 -0.0341864367929686 -0.0401003823214343
0.0241656669718099 0.333612408221193 -0.0945495545481977 -0.199776564901043
0.137108018947478 0.381536464144826 0.0270419325134809 -0.308905266311984
0.255462544634053 0.272220850780362 -0.0378591134229701 -0.319712776573885
0.335833153844894 0.0721278180147791 -0.0932966388045275 -0.249772081661105
0.302764305978843 -0.071730450028363 -0.0813825555577397 -0.186740262034622
0.228483968806894 -0.159998880960412 -0.0872323049269939 -0.167935977482182
0.145761918170529 -0.200482460470482 -0.0688304426564206 -0.134804454979744
0.139511282467019 -0.206597898433034 0.02133653528461 -0.0923760175746095
0.140613674897046 -0.189012380568603 0.126570218299549 -0.0931174116507591
0.198100237372687 -0.192532239170078 0.226689594069327 -0.0423729177116098
0.285350464606562 -0.127961925846604 0.295276102032855 0.0631380938593516
0.325343915375021 -0.0148280420795494 0.229839496256176 0.230393192815419
0.304819050531803 0.18619564792261 0.0403541585737347 0.242746849940604
0.187128382509829 0.353538252774603 -0.119289452104257 0.079175537846543
0.077236944026405 0.364907526317275 -0.0474958206131391 -0.169192845631246
-0.00177417760065972 0.24310050346098 -0.121306302099323 -0.325749505000098
0.0972832842145241 0.300114393688202 -0.0263372022386668 -0.36348621207192
0.207827598556649 0.213243715054948 -0.0388613606595936 -0.314577061390479
0.259533312382009 0.0432838177448923 -0.0477303683101648 -0.231165639191925
0.222286165750687 -0.0612763165225049 -0.0092367775629531 -0.217613198136747
0.168694083328429 -0.118429481523048 -0.0294209606310731 -0.233168543580756
0.113900498277811 -0.148551718263288 -0.0206044577729637 -0.206446861043762
0.117438099496302 -0.147543970896272 0.0689282373641679 -0.159325357410391
0.125369845909398 -0.129246108623114 0.176232299103452 -0.150092539388185
0.173761974694485 -0.120550830234987 0.272388284044198 -0.0787437824494987
0.226644998643583 -0.0553857092259638 0.329579901998813 0.0504576153992987
0.246025650400218 0.0391147156118798 0.23559926967846 0.223978014849819
0.20478800249619 0.197877250577552 0.0381236819235521 0.211683230823605
0.0865652016334839 0.308474344635864 -0.104808678839612 0.0175520869875854
-0.00372518700702706 0.280133834268309 -0.0282737050992907 -0.268587506361245
-0.0430157331633656 0.114930820964102 -0.145795254039407 -0.398763514099668
0.0247380957741143 0.175042189784545 -0.066994730726443 -0.371587894661543
0.107459353724863 0.126979549319181 -0.032218380398453 -0.305015882606849
0.127944487674522 0.0232686458143243 -0.0184129357851923 -0.226389282800857
0.102211992955532 -0.0211068394217429 0.0222721135687778 -0.24692908345445
0.0884654205177177 -0.0433039349504355 -0.00567203015673001 -0.274316572728685
0.0703196197495576 -0.0656465818112229 0.010509507707434 -0.249839913014449
0.077920889201789 -0.0670144956214283 0.106465144375278 -0.200763472741673
0.086540390083935 -0.0564666615021536 0.219762484976495 -0.178869778630714
0.11438528883697 -0.0479597314272252 0.310256152844724 -0.0851296885454056
0.133642950460124 -0.00282213716961606 0.350205420124396 0.0599836054301808
0.145669768264262 0.0545206316437786 0.234435801516461 0.2234571493744
0.103340418928451 0.164215190924203 0.0474391284529921 0.189865280472771
-0.00078719824635023 0.212513857627551 -0.0664976803300572 -0.0189663340749702
-0.0672821524896862 0.153088652174199 0.0134881516957117 -0.322818520940462
0.0764024436296468 -0.0110135873264042 -0.0117581479796174 0.357846900675939
0.028781136236144 -0.0968331828773284 0.108544248464993 0.072901462072753
-0.0447304564738406 -0.0710460826029285 -0.018505793360573 -0.18474197627703
-0.0476402396030632 -0.00720713283067116 -0.210385235683572 -0.252542151360703
-0.0216316924033616 0.000463253302358961 -0.37182144744913 -0.109309328453163
-0.0146318218673736 -0.0128276970564742 -0.35912739392827 0.0804489821382575
-0.0207351972013932 -0.0155203689907287 -0.247721181030521 0.196877904945013
-0.0209868005170569 -0.0352720633057471 -0.132024613855897 0.253025051235154
-0.0242727207172739 -0.0368872605842584 -0.024654646848232 0.270292665794993
-0.0186170471897454 -0.0468698436757797 0.0188652254232804 0.292838730523206
0.0142386557306798 -0.0419986303877357 7.00726792211359E-05 0.288016754194338
0.0128457602383819 -0.0219403199868915 0.00285555103887315 0.267928286818222
0.0209385702609333 -0.0358773038898113 -0.0044419502877513 0.295090608369747
0.082585003130145 -0.0365213588443569 0.00584773121309047 0.362695285543512
0.0905358331030175 0.0223011688630664 0.131172983757912 0.427687136565439
0.0809899281323826 0.125598915695934 -0.0431653056291994 0.330464251769227
0.0710486453370389 0.046151601191622 0.0863385255384862 0.0457009903015925
0.0258011469058501 0.0206031346360381 -0.0352181332313623 -0.191278556700938
0.0501558751436972 0.0289185782673451 -0.205347757982254 -0.257718050260509
0.0836999656906985 -0.00837795331893298 -0.35308706179609 -0.123792036643442
0.0747280842765524 -0.062680678981906 -0.350283649214547 0.0517093461600005
0.0398963088173684 -0.0916307247575646 -0.251029768049883 0.165898400735228
0.0333961865568781 -0.125199772365709 -0.130894653471932 0.22364107237209
0.0249854525214057 -0.12807842128879 -0.0129756450555805 0.236117599347838
0.0542044756774483 -0.145713398279009 0.0555224140248134 0.263069844118472
0.133729384361681 -0.117798520799591 0.0593032941766425 0.278378801387597
0.16264991936 -0.0451604017351698 0.0486089825058383 0.284041402982147
0.163594978568095 0.0345982398262443 0.00682153333105414 0.298316469965281
0.176932036875229 0.109813847291542 -0.00140162499585621 0.317557222374732
0.150055518828987 0.177799610581747 0.107750834395066 0.355534028621719
0.0691028112191466 0.248002159270859 -0.0591537585619513 0.247508502029477
0.102151121599118 0.196677152696803 0.0855197426263883 -0.0196518656936102
0.103292017568682 0.128409547434816 -0.0393907840660957 -0.225426877100495
0.15835802538552 0.0674082407351686 -0.197608203619768 -0.26901494546291
0.189079278184925 -0.0191445355519565 -0.3172587115097 -0.134729571811764
0.159704237367583 -0.107747013406756 -0.31316014655884 0.0151110031582849
0.0972672302004493 -0.156605027057685 -0.229026522751792 0.110724017882361
0.0826872426904255 -0.19557225977493 -0.111682230192035 0.161947592231571
0.0683435588656355 -0.197962269731701 0.00953337237127584 0.16702814823079
0.109699743991329 -0.222939291488103 0.100205260659232 0.195029084515957
0.220013043903033 -0.186135980957089 0.131358503626914 0.234502625989141
0.277636493016142 -0.0830584015614986 0.113251188417638 0.284468445788336
0.287690363281933 0.0757477753107126 0.0264250906422937 0.300656429716127
0.258080615794037 0.223122291716786 -0.0275524776904957 0.26699695599512
0.189617617155262 0.299700497816772 0.061584800148152 0.241124892798192
0.0550388633325549 0.335633388374816 -0.0657589599472341 0.116431896360173
0.131117926884637 0.323896841140174 0.0890823225174433 -0.114573102545152
0.186134327272338 0.224487730566237 -0.035386640223391 -0.270194959218355
0.266848018129894 0.0900238049689563 -0.178338095959564 -0.27576530493317
0.277447491153418 -0.0401083924642698 -0.257216150463349 -0.145414580817268
0.222437102381117 -0.147318141438546 -0.248584672713623 -0.0345561250193606
0.137432146835137 -0.202560354233507 -0.186414300302814 0.0380603215153585
0.118229687332144 -0.235777089371335 -0.0771333380789213 0.0805735631608705
0.103686379116906 -0.232481899239769 0.0404683597295097 0.0777209680756642
0.153316872045468 -0.260269538943747 0.143762573562266 0.10696573454419
0.275466795798132 -0.218675058916452 0.199680571593839 0.167946087552044
0.344661800108587 -0.103536453473344 0.173943374079416 0.268035329030283
0.364198960935469 0.104022944264138 0.0424814552250946 0.29335484050147
0.296041630587232 0.300800971613181 -0.0649010187930743 0.212599745938914
0.194435624639279 0.374053363532854 0.00857864654679874 0.104723533788065
0.0426191258366374 0.367493084136858 -0.0756072275062005 -0.0429301851223618
0.152704701746566 0.390359137922737 0.070057193737074 -0.222352572946162
0.250509526981536 0.277714208431073 -0.0348736370847065 -0.304457357219015
0.339062381295528 0.0880303890142082 -0.142356526988096 -0.269338401843897
0.323256453885043 -0.065758924705411 -0.173183693285361 -0.162822394160669
0.247888581114322 -0.173016871510973 -0.169631635582475 -0.097037707819683
0.153127661305727 -0.221023172249029 -0.130486829170863 -0.0469801656911172
0.137057515748934 -0.241085872106807 -0.0306886729191434 -0.00987466105794876
0.128494459499872 -0.23007105631524 0.0797677931377379 -0.0163481719007801
0.184282703468874 -0.250121318863526 0.185375953053452 0.0182916595631946
0.298812043115256 -0.198892663884417 0.254817554892226 0.101049209321735
0.36153970274275 -0.0799925005400877 0.215547275582647 0.244905588381676
0.370035945289633 0.141187811061625 0.0457830726144477 0.273147098840474
0.273668882617796 0.346902350664908 -0.101419073278242 0.14978060984402
0.154772950143071 0.396465102489709 -0.0343928907634009 -0.0372186909398815
0.0263545862430586 0.335969723607788 -0.0968110334437911 -0.201397217992365
0.146215882295304 0.381958152335958 0.0270069819914172 -0.314961459013982
0.263028083823252 0.270358855898841 -0.0390776723782983 -0.319015809884901
0.339968837140103 0.06586110504102 -0.0943675221208387 -0.250321215213976
0.304576101128437 -0.0798555140403173 -0.0816457818720464 -0.190085772345984
0.227175965033262 -0.167367287108236 -0.0914375559106595 -0.169523432971341
0.143282877639351 -0.205381328266704 -0.074097674741237 -0.133469554252264
0.134876079776269 -0.211398490655183 0.0204000411004804 -0.0959410222839725
0.136344824139663 -0.194386505065525 0.126101923579898 -0.0986693119974578
0.19468372713513 -0.199028343794284 0.228894148471974 -0.0496028738113951
0.283011350833658 -0.136553106717229 0.298731204937845 0.0579302658492563
0.325706965795359 -0.0230519123907084 0.236982653268071 0.2264069873338
0.310802220593332 0.180721096151885 0.041695573259335 0.243304023527226
0.195716481997066 0.35280821718939 -0.119006039950585 0.0811014417833503
0.0807724925964437 0.3652054228478 -0.0506603232006212 -0.166620785886136
-0.00016884345358615 0.244897017230686 -0.12584472380192 -0.328283364414512
0.103791714346475 0.29988737266895 -0.028874415633038 -0.36747786649036
0.213371541129259 0.210910381947343 -0.040469255295971 -0.313799453799827
0.26246814041285 0.0374355009039473 -0.0476180541584421 -0.231720560743042
0.222354220090269 -0.0677424994231783 -0.0107927816223869 -0.222308665404656
0.167853585057011 -0.123784951184146 -0.0356293473006385 -0.236270194961123
0.111807828650202 -0.151653081956 -0.026079945488918 -0.206378505404091
0.113168498558603 -0.150781850211786 0.066947589084532 -0.16440406509461
0.123210354332014 -0.133404239138541 0.175017955398253 -0.156174593421842
0.171948916093736 -0.125273538923938 0.273218334567735 -0.086175124862585
0.225843486634097 -0.0604999973339937 0.333128714254108 0.043925837391874
0.24692543822103 0.0336990233077647 0.243016017135679 0.22050530569112
0.209866820085709 0.193952510601828 0.0402525301815787 0.211883982022751
0.0932789712872454 0.308568892056537 -0.106028432861302 0.0190465755795309
-0.000867138885296256 0.280876037384933 -0.034146502512869 -0.266688289350846
-0.0435215700182623 0.116051992607854 -0.151366079169748 -0.400418267125288
0.0282738531421095 0.175371337950642 -0.0713682979776808 -0.375858378154449
0.111575726293954 0.126122235989871 -0.0346350761343724 -0.304997808512131
0.129642012190136 0.0202841976221647 -0.0182387761995212 -0.227141909082835
0.102433602581959 -0.024218098560977 0.0198488506306338 -0.251613669583095
0.0890173975149348 -0.0453294575411323 -0.0133000760533063 -0.278117155180643
0.0698974247638904 -0.0673542276171666 0.00405977202792379 -0.25148700250498
0.0757584386658469 -0.0692359409568969 0.103176262721013 -0.206661558802256
0.0851896789050152 -0.0592012037203591 0.216556539481693 -0.186229669405622
0.11321350729918 -0.0503488625103378 0.310000519766499 -0.0924838722271801
0.13368606516623 -0.00469350150459842 0.353058209773822 0.0528745977116238
0.146067468507988 0.0526131064854235 0.241417065987321 0.219128909465354
0.106844801671143 0.162382633208646 0.0493013652899222 0.188923227644196
0.00236579844506591 0.213714819601844 -0.0685694340142641 -0.0172641075074993
-0.0664555145996078 0.155628548275725 0.00675035848032155 -0.322199346074086
0.0588979557516311 -0.0520051849866006 0.217230288782931 0.286458721217757
-0.0345611841253969 -0.0936940253752993 0.132137322973376 -0.0174053546658113
-0.0799684050689244 -0.0302689972289939 -0.132901882885952 -0.138999338649372
-0.0440975340952141 0.0231451128150697 -0.332350070168055 -0.0704707630038483
-0.0169262050247162 0.0146426232770006 -0.365739185236105 0.14822117279062
-0.0196891279933472 -0.000835213802218628 -0.234733173256314 0.292099600489735
-0.0247790811565566 -0.000409883981645126 -0.0725678604371094 0.317222135699633
-0.0400012237230131 -0.0153275866717264 0.056770314630448 0.285688214447303
-0.0427605746152182 -0.0138700261817577 0.154174743824439 0.231892836216615
-0.0433627837420935 -0.0258741789061274 0.204142137606648 0.224958518485712
-0.0133787209010193 -0.0429523645396266 0.186256890037835 0.231257034630324
-0.000472185153993788 -0.0268541866482795 0.171905676331172 0.216204284772838
-0.00173724578419573 -0.0421093856508554 0.184327986818026 0.241944640131611
0.0467600390173036 -0.0816000832800852 0.246608528511389 0.293475839695348
0.0915999284725017 -0.0357212169510653 0.387414720338549 0.263078830868861
0.141887108664226 0.0590671348376744 0.182793366178747 0.282943610002013
0.084083970163932 -0.00527118145381128 0.102974418424795 -0.022899102573762
0.0321256627823449 0.00118036199845929 -0.144033754436084 -0.135731085101806
0.0545087297224445 -0.00581619680597609 -0.328117294708437 -0.0815472916891796
0.0611579144877693 -0.0570894685047011 -0.358589112911026 0.121270865626241
0.0202109259094438 -0.095951842537351 -0.245531667138763 0.260351289889135
-0.0252539150911687 -0.0985999130889097 -0.0960874504825762 0.29239158637907
-0.0543101933797101 -0.121565301936645 0.0387475145651361 0.261568835041612
-0.0614262058351633 -0.119943778221138 0.142947248579662 0.196812143150998
-0.04934391650419 -0.153817533497604 0.214235677482654 0.176156885475348
0.034374964496941 -0.184078029258097 0.22496231168568 0.184832512161627
0.108466788606819 -0.142252610271933 0.21862144152892 0.199162318820952
0.165481767571817 -0.0780345344555481 0.193705818749 0.237510328610519
0.222515744388969 -0.0242794331964712 0.206002572888477 0.264967927872916
0.243598063744385 0.052880119401276 0.31309384495288 0.218224766608305
0.203727345188755 0.167151810356632 0.125671146122915 0.225757803621586
0.198209921059966 0.0949845963376191 0.0671350480655973 -0.0717817300003579
0.159553004677785 0.0415582088325312 -0.161218138173899 -0.16205330531658
0.163435892784389 -0.0395467153556665 -0.324704966056352 -0.0992774078081665
0.138628819109849 -0.129491351915956 -0.336301980247775 0.0874875188828627
0.0595320153376577 -0.184616721760175 -0.237995011417898 0.204704388524472
-0.0198770133733922 -0.185304879971431 -0.114475830772249 0.233821109958666
-0.059926127286745 -0.209622545233408 0.0148426381007734 0.200675378111508
-0.0716137525227591 -0.205021154623475 0.116895276555381 0.127380767446475
-0.0542344396014708 -0.252951636844049 0.207169663766389 0.0930177156374694
0.0603964956654367 -0.296609067668802 0.252979355134551 0.102178477304616
0.178341156597942 -0.248169761992327 0.269893827975497 0.15730121205671
0.296356314260045 -0.127098949536824 0.210928466035555 0.226559968624912
0.363466040703697 0.0144600342737828 0.148355115054643 0.243075329812921
0.356466956489145 0.126077305793639 0.193607728602895 0.156144869243458
0.242611936297205 0.24812615375784 0.043610916000537 0.124894160464156
0.296664784245767 0.178389775348357 0.0141914225018643 -0.147740186126072
0.28514985336406 0.0685896067601164 -0.179431936508818 -0.201323513687826
0.262895628033111 -0.0860551689283438 -0.308202148159901 -0.121880699802892
0.196039464901983 -0.201560071240124 -0.294513885451022 0.0369886314982526
0.0855367867889626 -0.255813486941985 -0.217185931955923 0.122699302892107
-0.0170538879032797 -0.246521594835055 -0.126959998553851 0.147235894738901
-0.0567194286477017 -0.265147388770952 -0.010044188100082 0.113137549015183
-0.0658148750025228 -0.256823158140755 0.084364097993812 0.0362196537092544
-0.0437806435966923 -0.311526401546366 0.184598227267589 -0.00669444907602005
0.082964537470813 -0.359644814019187 0.262801267253425 0.0046013206142094
0.220711543508278 -0.308430840576075 0.308007948519672 0.104453152507744
0.379334903090244 -0.153475264565749 0.217479099975965 0.209965040880801
0.446549833490348 0.0535562593918077 0.0793078355857178 0.224066234673671
0.408868571312697 0.185029230855527 0.0577232541835307 0.0795719448552625
0.249721811347953 0.281307397630716 -0.0623608090315554 0.00329290474022973
0.353952274841103 0.21930087993898 -0.0654708324165378 -0.22099824887846
0.367877020451897 0.0708679565251385 -0.195765767536191 -0.230904828676291
0.318597542491892 -0.131114214416652 -0.271919237584056 -0.141919958373615
0.215976311908924 -0.250403638604558 -0.238925210397831 -0.0307765713101916
0.0893308444207543 -0.291644192181871 -0.193661621903999 0.0210576788653947
-0.0165599519091241 -0.271158569641222 -0.137148478982765 0.0429257168265224
-0.0454718753979765 -0.280911446271038 -0.0303490579037821 0.0108105818792749
-0.0443093703442965 -0.270835750377273 0.0557255783600721 -0.0641859416423508
-0.0138355568670337 -0.323505511568925 0.161495600920533 -0.104499093618592
0.114317209188529 -0.359399023479687 0.264490024106359 -0.0840158153740789
0.247923580515248 -0.299157248688763 0.32702362174375 0.0580981704081166
0.408358993661373 -0.126810519081078 0.206464447289244 0.190877252402827
0.457494505674182 0.105446136286617 0.00697827181449118 0.197854785753853
0.389967598834178 0.22751759428812 -0.0718693838630988 -0.00877499927218964
0.217315042660769 0.263394275838296 -0.180610288033364 -0.109213661806208
0.341148353287532 0.215657476549929 -0.159832181234132 -0.266986788292523
0.373744485849892 0.0571207329357922 -0.208664283100661 -0.24074959627593
0.307007862657839 -0.150386568111533 -0.221218296836482 -0.157485747978935
0.192215157193317 -0.249035492433017 -0.182904835003025 -0.110158918655449
0.0766111811440014 -0.274312401441069 -0.178330706926438 -0.0852244185584891
-0.0145361869300306 -0.251185967911027 -0.146879078339347 -0.0627610402507643
-0.0276786817007368 -0.255592877931277 -0.044714387027081 -0.0898051268886637
-0.0142419535789031 -0.246931894526274 0.0396822014931797 -0.160176162146685
0.0282139065790654 -0.288649173075651 0.152075943808408 -0.186762621625298
0.142421349139652 -0.298110225384403 0.271485686552513 -0.147507837467499
0.255206018326275 -0.228284777170968 0.332953172575042 0.0283605259079731
0.383024606560051 -0.0541552094275536 0.184601794196774 0.168084476558095
0.395336803202015 0.160701629405759 -0.0527092889617757 0.152319297012584
0.308207879331705 0.247765248636518 -0.167340317384646 -0.105314433356823
0.140358379628422 0.203451454041043 -0.29015015614745 -0.188804050583647
0.258995783166599 0.175525639126203 -0.241617239547312 -0.274885706068234
0.297657588129548 0.0385119283474633 -0.21186825092447 -0.234215196910732
0.228077393927985 -0.126424740710934 -0.173659724011302 -0.168573677475462
0.13421526310264 -0.189003811799473 -0.146475605194969 -0.179473453687823
0.0561003456112916 -0.202799253062098 -0.177869009154735 -0.17162101740133
-0.00641632277996372 -0.188522859240221 -0.155856528731517 -0.150802898087963
-0.0060890439726245 -0.194101217578874 -0.0517023107262847 -0.175161612122936
0.0147948114197178 -0.188785796987559 0.0400072304289966 -0.238056318424949
0.057503040001749 -0.213731306369213 0.165004921725768 -0.243980388608573
0.146305027839898 -0.197947709041614 0.290162113837389 -0.180102497919618
0.226182329200467 -0.130426520282246 0.334420181214652 0.0194986690629733
0.306424333097516 0.0247815735265393 0.164219704203131 0.141941818344241
0.279026424656857 0.192870597328884 -0.0818007411479048 0.0908283001736375
0.184116601593345 0.231165555988318 -0.214489401123029 -0.198320673935831
0.0287396875141558 0.120881039919595 -0.364159706769 -0.226027567124649
0.124121393049446 0.12177812681374 -0.285411924281918 -0.254367642929331
0.164558673100348 0.0315547259819527 -0.207876847374803 -0.228464924040208
0.113003281903591 -0.0616796798514892 -0.150688692869556 -0.17896917687392
0.0659451740957973 -0.080806070949731 -0.142114865368247 -0.218259747472675
0.0416951775588066 -0.0908759104395004 -0.187051626483368 -0.214258164400597
0.0125067565800993 -0.0952675624473411 -0.160380848510329 -0.2056141587632
0.0154639124390672 -0.103839530658255 -0.0497764293172598 -0.232079232881601
0.031722265829583 -0.103925113080401 0.0541039678864421 -0.288601584863273
0.0583434702439333 -0.114537138271689 0.190245546154979 -0.27352582228508
0.108229385860584 -0.0915501437879667 0.31384980474958 -0.184608651223218
0.156172372674911 -0.0501446209999924 0.33409796765351 0.0194460343287201
0.198656391090002 0.0668270247902272 0.158468654150834 0.118120922065612
0.141174088973559 0.174357195061513 -0.0735027339654661 0.0333951517056754
0.0475146382974852 0.169631289377037 -0.211613875822576 -0.270040722407302
0.0585966837186241 -0.0569519793504295 0.241036537608397 0.282878452739202
-0.0415015836596059 -0.0944368402511574 0.135834837802064 -0.0298928085941151
-0.0831465207849104 -0.0261056937355508 -0.144928151317006 -0.138014039799518
-0.0436889994032117 0.0262301303280959 -0.347252561567868 -0.0549074021700227
-0.0168502911266247 0.0156855258901485 -0.368727592443953 0.174581920113659
-0.0217643854090277 0.00014704851159605 -0.225498783259919 0.314566415492077
-0.0271071478109804 -0.000786500734252699 -0.0557089202727858 0.328895057013346
-0.0436230383881288 -0.0140421516574969 0.0768580167026477 0.291664367644377
-0.0456170937606535 -0.0130805077603692 0.173895648665665 0.228869957045011
-0.0454552234787758 -0.0243849420062911 0.225697784962973 0.220195667329318
-0.0156914781013458 -0.0446255341078199 0.207070156557592 0.230632425962384
-0.00136231234605959 -0.028213397169628 0.187173956800849 0.215110733077924
-0.00324890604439127 -0.0445008698271804 0.201966099430589 0.245170962391124
0.0423292648790906 -0.0879141611204902 0.270885583834086 0.292245400388826
0.0918451063518773 -0.0401239495398176 0.41458723487051 0.247115058284243
0.150189646072716 0.0540702250205806 0.206133329572799 0.280408652108147
0.0863653169925614 -0.0107809372567009 0.106221358782376 -0.0340232436130624
0.0338976606708573 0.000548070621126135 -0.154159072073483 -0.134340235159851
0.0557741903871342 -0.00890992206783421 -0.342478432267103 -0.0667897270968591
0.0588841892834143 -0.0627326089787298 -0.364035795932444 0.145651598383158
0.0135540146728945 -0.100925209179989 -0.238011532869436 0.281506149810204
-0.0325445119236475 -0.101459300328925 -0.0813816457708676 0.306053148744292
-0.0653171239049971 -0.122882689893458 0.0555119816334481 0.267667824530937
-0.0716636524997219 -0.121133128020564 0.159433123874599 0.192871483743646
-0.0598113125939634 -0.156423893515668 0.232787178752388 0.168131243432754
0.0241270284922796 -0.193448475354936 0.244518161876786 0.179900720517719
0.103240169706417 -0.15440592890896 0.234026749514056 0.19411904819893
0.167026507916033 -0.0918888654941295 0.211141637553432 0.238299928597658
0.227626690483826 -0.0396979933725461 0.226952000518883 0.264721785937677
0.252805448185511 0.0435309397552553 0.335250028194703 0.20665071200528
0.220168345549854 0.163774533476947 0.142737061271601 0.223958001645677
0.210337203030453 0.0858624833126891 0.0662159610740488 -0.0829390396530872
0.168186644933375 0.0350092663543999 -0.171783896060057 -0.161263000810465
0.165917890319845 -0.0501994312999967 -0.340757353560996 -0.0865110970900569
0.133824920585472 -0.142924736511507 -0.342339412026352 0.107281208438356
0.0484993922692899 -0.195131454146709 -0.234066574963905 0.223399827555741
-0.0323840259528092 -0.191155402905532 -0.104353873681116 0.247213309052628
-0.0767243645949313 -0.21296917826502 0.0266331131231074 0.205872239921706
-0.0868541066851542 -0.207515619418005 0.128125658099348 0.123128545092669
-0.0718674904739494 -0.258918559857253 0.218976469783398 0.0816587714709563
0.0428218731065086 -0.311803248369083 0.268442981143368 0.0916840443350393
0.168438509766451 -0.267915892533898 0.286337948882023 0.147595507001895
0.298951546685643 -0.150119994557216 0.22787841554499 0.226618651652299
0.377603279437549 -0.00809158132140576 0.165872818872847 0.244912406084458
0.372583954466151 0.112052431389904 0.211109976997919 0.149458594979613
0.2637620346195 0.245239628531732 0.0515225927702092 0.123528803055234
0.317618608349354 0.166173833281105 0.00652874701978346 -0.157811226966802
0.299402841732575 0.0551810648835885 -0.190733016198561 -0.200802743302382
0.266764344492097 -0.10423182650255 -0.324689825665066 -0.110224594422318
0.189151276344333 -0.220431464937209 -0.301491616555657 0.0528994439575935
0.0705584631862223 -0.270931945533256 -0.217798150755055 0.13748483773846
-0.0323596598912917 -0.255006796339246 -0.121884569996455 0.159888781294783
-0.0766222141297495 -0.269820616622935 -0.00446485555604396 0.116393449872318
-0.0839776720351213 -0.261260368540495 0.0885307610869584 0.0303262337267193
-0.0651958064119776 -0.320285653882578 0.189583927325896 -0.0201814318349136
0.0614499108080474 -0.377306065301892 0.273112724798264 -0.0101861864377437
0.208083859281984 -0.331353513912521 0.322057738114048 0.0893781855404237
0.382134585701755 -0.181942776857571 0.233594313813102 0.208185971927601
0.465169492331567 0.0267145983131443 0.0935747824885468 0.228881009727609
0.429618971246735 0.168934419249054 0.0658963415788843 0.0791760985689559
0.27317538416084 0.280541381984544 -0.0647153452645192 0.00410493539448177
0.378155783982845 0.205051863306822 -0.0796153664913011 -0.229007935162517
0.384464081315596 0.0545857920405085 -0.209796182965127 -0.230398986567676
0.321001772079332 -0.154041252760974 -0.287452728409104 -0.134085595531356
0.206693782065236 -0.271847362087191 -0.248219225742809 -0.0214659937600389
0.072676667312162 -0.308038777021944 -0.200621150921671 0.0314613823277979
-0.0328395545141089 -0.279275379956926 -0.137846477131056 0.0533061320349154
-0.0653121230415024 -0.287564150445868 -0.0324675995627766 0.0115721301456646
-0.0627108688321194 -0.276954205123156 0.0524698577192568 -0.0718622078071353
-0.0343420917031491 -0.335085902448085 0.159170632417446 -0.119319886273524
0.09409194541511 -0.378050545476383 0.268119086111462 -0.102901958067339
0.235681224107648 -0.325116505986344 0.3400951164094 0.0389670593294727
0.413789814719425 -0.155044222021552 0.221697939881972 0.188448775239265
0.480786460397091 0.0798373685514101 0.0160261321831733 0.204747449695158
0.41224657511865 0.214409914037931 -0.0717332623183342 -0.00394697719130414
0.237703329464611 0.264023344258459 -0.193927237359977 -0.105285959740152
0.365761374586678 0.201212471057232 -0.180225522367033 -0.269978563709754
0.389914228005459 0.0376866697179168 -0.222277747793941 -0.239519191835971
0.30728050434817 -0.173129122669582 -0.234936013917973 -0.152708973953982
0.181870128676689 -0.269277904462091 -0.194690575055342 -0.106997961955157
0.0608108840673191 -0.289563065991303 -0.191674914690197 -0.0789221550982393
-0.0300884912761693 -0.258048718155565 -0.154324163471558 -0.0534439745908381
-0.0449169243365535 -0.261313159804239 -0.0532991242161278 -0.0923189663651587
-0.0301255464143834 -0.253330854521517 0.0296297692199657 -0.169447894711338
0.010140457447949 -0.299451865888804 0.144041192691019 -0.202955703102049
0.128077331068641 -0.315456086674614 0.271891027727795 -0.1687056481998
0.248187676330791 -0.249685848112901 0.344657941882769 0.00834459098458846
0.392046397224677 -0.0802964752358917 0.19788570251525 0.165528463029623
0.418300049708311 0.140902103336642 -0.0473993174122001 0.16100814876806
0.32937289419206 0.240111873760258 -0.17568352642751 -0.0970469675616368
0.15559200105182 0.204214059550959 -0.310641431894669 -0.182161809439336
0.278125852965472 0.165206632997675 -0.265344820653954 -0.273028096683318
0.309320598364686 0.0224638582242326 -0.226654542099657 -0.232988312057067
0.226893062194667 -0.14449201943112 -0.185994631770807 -0.167839189770777
0.125745175847702 -0.20329209598154 -0.16138201746319 -0.18009590968051
0.0449068174311572 -0.21402597950984 -0.195246204600812 -0.167057954233236
-0.0176949363646075 -0.194386604789767 -0.169085521936386 -0.144853481141
-0.0190755431248587 -0.199008607144856 -0.0651209565308896 -0.179708554703279
0.00314301933288766 -0.19459868213876 0.0262452501139432 -0.249947322097982
0.0447705138291918 -0.224307657525455 0.154693616498387 -0.262498033535262
0.138366673090835 -0.212183477220443 0.289272222764364 -0.202369854708933
0.224722901735741 -0.146565010928432 0.345440472062575 -0.00132591490802829
0.316294327240695 0.00657635425607536 0.175469564854627 0.139904019395839
0.299621504311023 0.182097215727073 -0.0814955723146931 0.0985982051786958
0.201081743052841 0.228988841755337 -0.230142747432838 -0.189663141033296
0.0347917216474426 0.124538873876209 -0.38899392499654 -0.214911780121846
0.135093091654763 0.117922721878275 -0.309326494961114 -0.247985913997861
0.171239762643978 0.0219474090288825 -0.223998770583691 -0.225911337615075
0.111753349540918 -0.0706301051517085 -0.162215765665295 -0.17992662020139
0.0615625702803884 -0.0877164298665179 -0.159056846180295 -0.221075964425049
0.0375150842205427 -0.0970890955393791 -0.207163524037844 -0.210149461896935
0.00769204583400635 -0.0991806118099912 -0.178142385920658 -0.200785961603617
0.00959946390763051 -0.106789942799812 -0.0658060366638804 -0.238883432273881
0.0263715300287426 -0.10825630301824 0.0381579923780941 -0.301611259339483
0.0527774084491736 -0.121093176100277 0.179467850827259 -0.292483864723201
0.106506615824874 -0.0998182116285967 0.312429406247811 -0.208368926209844
0.156798915546669 -0.0591592719238887 0.344409301245312 0.000659223410568638
0.207527106009959 0.0567106109065195 0.168284036677909 0.113967436596888
0.154834163385561 0.171970644733005 -0.0751751790560493 0.0396785201117721
0.0580748755327555 0.173378586270693 -0.23206038336507 -0.263471297121385
0.0549793552785749 -0.0625607445920488 0.268891738994227 0.266831839346989
-0.0498650038692351 -0.0918127714604249 0.135633081255741 -0.0461221710665168
-0.0857177962027158 -0.0193435603015681 -0.156974942954554 -0.130098178139869
-0.0420109781986955 0.030148818539124 -0.355519274532199 -0.027911226619325
-0.0161008231936214 0.0171906046106132 -0.359168428048153 0.207046629177717
-0.0230140969924194 0.00204289604502911 -0.202997248222723 0.337637895850746
-0.0291709113768845 0.000145636635913318 -0.0304791159755228 0.334522425874932
-0.0467071013932375 -0.0108516167703721 0.102876733927847 0.289438864818983
-0.0476263175084098 -0.0102836173539094 0.195102187845701 0.217395633925925
-0.047219451973982 -0.022230956933359 0.247856715163564 0.204158232106994
-0.019514492253815 -0.0455598554529512 0.230461179628961 0.218935296171831
-0.00314179616876585 -0.0288309287793688 0.203837848650196 0.206157419760331
-0.0057860522277747 -0.045790321515271 0.222313554985094 0.238210590335201
0.0344332676658505 -0.092873784635401 0.29929114861076 0.2776608015576
0.0898229055658624 -0.0458301015562107 0.439233081150144 0.216946505567968
0.156878756814065 0.0443655049025995 0.231911435162051 0.267031202723059
0.0865309338318235 -0.0176750829715336 0.104329154474664 -0.0474796013235294
0.0356896574044956 -0.00113782277680395 -0.164592634056474 -0.126592347366263
0.0555797947126302 -0.0130532476480262 -0.353113475233246 -0.041806554430945
0.05373069853367 -0.0686745240230523 -0.356990974467509 0.17635152836934
0.00366159139687216 -0.103665041841962 -0.218945548027185 0.303517004541138
-0.0424248096799916 -0.101314033501284 -0.0572822538870502 0.314745865808501
-0.0779401575710809 -0.119092164749056 0.0787958227907298 0.26676399360265
-0.0831690432706218 -0.117301179794643 0.176537345727806 0.18137582572544
-0.0736973209204164 -0.154606759519693 0.250653572381955 0.150492347901617
0.00747942815857747 -0.199703408982972 0.263811169898084 0.162731800550742
0.0918621306323773 -0.165505614447675 0.250450697470882 0.180280316837193
0.162980412766961 -0.107770916714237 0.231326635549606 0.230972443194701
0.227576328862743 -0.0599866249844728 0.250678654640461 0.251735665958434
0.258477581425777 0.0257967078810631 0.356498071382975 0.180986367751599
0.237072342832387 0.151458135636344 0.162120662450974 0.214203462059254
0.220647535371532 0.0698235538948644 0.0606238654888409 -0.0938942298872116
0.174677847174819 0.0231037081644806 -0.182565628531314 -0.152735466203507
0.164006553711721 -0.0645939696956099 -0.351684269638114 -0.0620278198245314
0.122595333084552 -0.156419757105139 -0.339001882765869 0.135697885160697
0.0311211302768588 -0.202245994834115 -0.220504041347879 0.24456034779228
-0.0496656488377944 -0.191561344326951 -0.0845737111493869 0.25880520792158
-0.0968523965054937 -0.209704126709984 0.0427723470555055 0.205689336904392
-0.106543209940763 -0.203677277346499 0.138852857307933 0.112468785833278
-0.0949255860504178 -0.257212312184186 0.229141122671105 0.062925400730564
0.0162294013257141 -0.322065732445822 0.280998835197752 0.0709210769202386
0.147995385762479 -0.285933103774093 0.299540428669 0.126673561864887
0.291182818665425 -0.178296542698073 0.246767120123559 0.216442066088872
0.383395392483827 -0.0406485720975804 0.187662578513497 0.237006744220974
0.385722453615292 0.0866077152374944 0.226578493509082 0.133621007295548
0.287664196099737 0.232414502020873 0.0611563063635923 0.119508732572115
0.336589883646358 0.141019881068046 -0.00591437818903985 -0.164158717368276
0.309919115687158 0.0337197921505863 -0.204520377447613 -0.19233804180499
0.261114325884226 -0.127764191116755 -0.338377841682671 -0.0885162071020844
0.172065046370102 -0.240353396756 -0.301986246182111 0.0765645838353375
0.0469661755343499 -0.281725127670894 -0.211842524121376 0.155866713062963
-0.0546196197900714 -0.256468342461548 -0.109784307077373 0.172997991744261
-0.101742607852544 -0.267033840257901 0.00395678208096921 0.118255623946518
-0.10711845828038 -0.258119330274041 0.0910565420233257 0.0217898797511024
-0.0937061785035012 -0.319875186959377 0.188692668594125 -0.0374484886112193
0.029556932287312 -0.39060280806443 0.277088225667329 -0.0328672698792798
0.183172375111647 -0.354321416449011 0.332496587911011 0.0643811286028841
0.374218082389294 -0.217288639466381 0.251199016236053 0.197287508665303
0.476290431912728 -0.0125829331465872 0.111456436746881 0.226582036606947
0.449264733390864 0.13964838566206 0.0743928637525862 0.0742513897286691
0.299275675410664 0.267705621030842 -0.066565578948016 0.00691169271343146
0.401323874763924 0.175688337629984 -0.100164348014207 -0.228468184904446
0.396437032486026 0.0233513655692632 -0.224748403043868 -0.221330292625917
0.313299039679605 -0.183141979381549 -0.300728519160033 -0.115865579734227
0.18568983224157 -0.294261135576723 -0.252997865564673 -0.00475635536177157
0.0461060343422939 -0.319913486704774 -0.20323151538608 0.0467021882234107
-0.0570016563563897 -0.28140122630238 -0.133811907297388 0.0670337375385716
-0.09109246362206 -0.285804926147162 -0.033652262762834 0.0138297146247384
-0.0863941029652543 -0.276124561807238 0.0451477853726791 -0.0788259192331437
-0.0643492658039388 -0.336499897367894 0.149760835437638 -0.135607420472805
0.062648842791107 -0.392469102220615 0.264248175177339 -0.127106748482614
0.210931637689599 -0.348297243579566 0.346605700388228 0.0107488111127902
0.406264755790345 -0.193946748015429 0.237514573654727 0.177511179504962
0.494190412812047 0.0401902162077652 0.0302652982856553 0.208062927960684
0.433840785042997 0.187014999560358 -0.0709293820793886 0.00196369318867813
0.262903167579242 0.252849417712548 -0.206580743116372 -0.0944232634732217
0.387659171890053 0.172552417743124 -0.204803318025515 -0.262129820293498
0.399810161685743 0.00641776531863684 -0.239263218147947 -0.229352491433525
0.296309030526819 -0.201708401211586 -0.248256527358067 -0.139590566604533
0.159539440782347 -0.288766258253401 -0.20599707165405 -0.0964852361858941
0.0359365438436773 -0.300018416037927 -0.202733527714053 -0.0658881884554283
-0.0514771116401536 -0.260071081802583 -0.159691644439107 -0.0402176496816411
-0.068612608649482 -0.260979527064852 -0.0635386641205883 -0.0899869392951243
-0.0510009777756078 -0.253688798356021 0.0142539311307656 -0.176627299114625
-0.0160477967373174 -0.304747283528532 0.127879010053447 -0.219126886668721
0.101760559086703 -0.331260415509231 0.26255522698347 -0.194283856133444
0.229983654460866 -0.273164696150747 0.349017937258622 -0.0206293549753244
0.390005966814015 -0.11266933713275 0.211176958448501 0.154908748587697
0.435290002669506 0.108398460469848 -0.0373639112776632 0.168157147743698
0.351192028408316 0.218706989668518 -0.182684476681555 -0.0834024615514425
0.173319506881956 0.198574755509211 -0.330268361583548 -0.162708300388359
0.295786322013836 0.143527401239387 -0.291162777735826 -0.2572416618921
0.315932468763676 -0.00298219993774475 -0.243613336186948 -0.221570571792126
0.217660128713855 -0.165423552177305 -0.199225732774597 -0.158577564721169
0.109041793701742 -0.217414430376992 -0.177369377327072 -0.173831863299049
0.0270294443640646 -0.221485341781989 -0.21273841954271 -0.153515389525511
-0.0334379912794684 -0.196103791116869 -0.181704487698105 -0.131088195800854
-0.0366452358978864 -0.199558249730299 -0.0821518287043471 -0.178734795158409
-0.0127043205526637 -0.196782491497693 0.00368432431338118 -0.25729959477114
0.0258513259704312 -0.230288662417562 0.133559236856082 -0.279087011544035
0.121840763313189 -0.226350009379165 0.277847148301426 -0.22825596782117
0.214304395181617 -0.164981561188416 0.349722323448486 -0.0302650076259047
0.319963093163303 -0.0183993886600705 0.18691631641043 0.129622222733176
0.318038978131953 0.159498147718758 -0.0760576788062698 0.108105847231108
0.220900421363547 0.217391675479648 -0.245446043580226 -0.172062593626424
0.0440051212346673 0.125825098380368 -0.411314804507186 -0.18966747096421
0.146203801284642 0.108125680549141 -0.33314663416355 -0.228715337481938
0.175055868721294 0.00743445766863786 -0.24164725513036 -0.214325978315214
0.106530160430059 -0.0809050119441522 -0.175071169815504 -0.173038045215157
0.0539982874075974 -0.0933709395021119 -0.179852991467345 -0.214606970115439
0.0298950278620866 -0.102195515983664 -0.228647992406863 -0.195410186582668
0.000195162164340955 -0.101043643328825 -0.195566772025936 -0.186952076461104
0.000814148000451059 -0.108653563601903 -0.0880433921389194 -0.237932249988321
0.0174078680270823 -0.111552302444677 0.0117782769274234 -0.311104653079581
0.042845806059912 -0.126466915830135 0.157355387521074 -0.310739696497807
0.100205971645187 -0.109618597497592 0.300809757171462 -0.235432981374249
0.153453980292013 -0.0710487726749289 0.347722073056938 -0.0281996157956106
0.214014739881557 0.0407480280033463 0.176922838667467 0.104034504885551
0.169912318961982 0.162670981713403 -0.0740294414778601 0.0469532155039736
0.0715904735589968 0.171515769166987 -0.25361434524016 -0.244575385739385
0.0499394444281154 -0.0661562453599595 0.28784574352852 0.239880999675529
-0.0569139626096423 -0.0858626375386776 0.129379130752033 -0.0609049881189304
-0.0844668025490064 -0.0126808600720536 -0.164773068214992 -0.118278002015979
-0.0387305656552261 0.0328646934466072 -0.353135568783933 0.000512835168421188
-0.0144142911619111 0.018305640426883 -0.338750185118318 0.234922278537705
-0.0230555363988255 0.0043818330140618 -0.173111802620511 0.348306901146514
-0.0300785131116801 0.00223783890989425 -0.00347200393418373 0.331100299458605
-0.0482721502772441 -0.00698057819589415 0.126908888129406 0.277490099944142
-0.0484771856427284 -0.00679313727589791 0.211294802222187 0.198169101711442
-0.0479253294539131 -0.0188505376900913 0.264327849462135 0.180701594557727
-0.0232707278927999 -0.0449633192638674 0.247617543852921 0.198587643652963
-0.00469011192500491 -0.0292142112610474 0.215137220515287 0.19075960618486
-0.00897248480385794 -0.0457320632401028 0.238537027078051 0.223423266607344
0.0247489803426423 -0.0942135669866819 0.318527528952526 0.25209835078063
0.0851654492578547 -0.0497796672436454 0.448936203260326 0.177044516831764
0.159443793757512 0.0322337357392898 0.250710890129005 0.242774632765863
0.0839458814897866 -0.0247787540025516 0.0985796828268654 -0.0597552756113542
0.0365882034941165 -0.00354346981091013 -0.170604607704646 -0.115318809216763
0.0542489230602763 -0.0177754891974627 -0.3519569902751 -0.0146824407979494
0.0471706163145313 -0.0726405083581202 -0.338396186279087 0.203509522751917
-0.00667622961261294 -0.102356970428242 -0.191674926006097 0.318345343574351
-0.0517159495338982 -0.0976541283635181 -0.0306567547347865 0.314003629423353
-0.0888531315340935 -0.110609628833466 0.1001544847633 0.25632811557999
-0.0925470033438778 -0.110263545308297 0.188947985304765 0.163759990185073
-0.0854578819915049 -0.14788394731808 0.260612778074529 0.126714827710872
-0.00969514976133761 -0.200053548193928 0.275951507099999 0.13958315633918
0.0771200750315865 -0.171984201981081 0.259723270038365 0.15980774755791
0.152448353904314 -0.121045852469704 0.24748319009611 0.215547610853563
0.21938524981787 -0.0783623907393936 0.269425050406209 0.230159109028095
0.257356992377593 0.00688526828646179 0.364376763017347 0.148268283656869
0.248074887876797 0.133169492590024 0.177728155076789 0.196799267062602
0.224743386116609 0.0498482114086555 0.0510995118663445 -0.101538294791604
0.176381282248107 0.00973353752479739 -0.189155880240259 -0.140663370266181
0.15687940404087 -0.0766511075698175 -0.35360420809604 -0.0343164495809369
0.107472038097804 -0.165376108240939 -0.323214657086727 0.160744905839208
0.0112420540838972 -0.203756953232504 -0.199208185900884 0.258623790108368
-0.0664030868457933 -0.186862796687766 -0.0618621724018056 0.261694459898362
-0.115298936185853 -0.198198292743455 0.0594724957160533 0.200173604669165
-0.122269362307921 -0.193160058283461 0.145164653991514 0.09908327844924
-0.116293683235155 -0.247242535702035 0.23083870713875 0.0415374485844593
-0.0127643871050295 -0.320636568846576 0.28535793294264 0.0467819290202264
0.12201685127922 -0.295854884428663 0.304053406235794 0.102072558126384
0.274418405580851 -0.20246848876264 0.260851485955683 0.199366080517127
0.376538661557347 -0.0742997173331741 0.202743953992997 0.220557180739327
0.387422082761431 0.0567426452559165 0.233770059924807 0.112400876523149
0.305191389344348 0.209128601665257 0.0691686375807565 0.111052143288729
0.34456192787661 0.111189334035761 -0.0205410050765751 -0.165684900135441
0.310794400022483 0.0079810133085016 -0.212996579144945 -0.178638045041208
0.248161368350837 -0.148283046257654 -0.340012917890462 -0.0618811068772708
0.147913003895451 -0.252014455107435 -0.291407292903849 0.0979530160170134
0.0208302484902502 -0.283055738485417 -0.198482861493723 0.170946012085135
-0.0761764912980419 -0.250107619803254 -0.0925146939126786 0.179348525829282
-0.12459308516233 -0.255455675436366 0.0126897202604748 0.116384762400314
-0.126915902217124 -0.247011685481116 0.0889680202452181 0.0121950227833241
-0.119984423360451 -0.309810672571471 0.182056066177635 -0.054299132909778
-0.00724288339556441 -0.389005776691919 0.272298337400847 -0.0565506430950613
0.149149986297361 -0.365531629580169 0.331940021341509 0.0365109987460772
0.351244872232564 -0.247338283837342 0.264089316322268 0.179594899081957
0.470923993392532 -0.0550072786966592 0.126601104028642 0.216403685599686
0.451578637177637 0.104446621658091 0.0807265929106436 0.067172004632924
0.319484529152 0.243977925891657 -0.0670292421008272 0.010523287630607
0.411282307535038 0.13991090275604 -0.118392223681803 -0.22026813040294
0.395745908769358 -0.00869111162648951 -0.235334040654709 -0.205921792067419
0.293117433593748 -0.208007901518208 -0.305729493401097 -0.092071318779591
0.156199827624692 -0.307993075613159 -0.250028723142806 0.0120684185352111
0.016249508663109 -0.321204441984369 -0.199354872035916 0.062453097399472
-0.0797634239010338 -0.274260110775589 -0.124810341239237 0.0775655380108789
-0.115303802753466 -0.274197820144649 -0.0331798523061654 0.0164896352570449
-0.108342352061539 -0.265376352236467 0.035409601071285 -0.0835499780921735
-0.0924238057262508 -0.327373174863292 0.134306969038189 -0.147405814322034
0.0260808734680074 -0.394156691259386 0.251961090540679 -0.148503242038199
0.178651281609569 -0.360382593547137 0.341636459171467 -0.0185554048053554
0.384768081309009 -0.225294834781821 0.248604777136525 0.160281615974069
0.494283773888206 -0.00353877481020123 0.0445285343138018 0.204066051838237
0.442878550612621 0.152695939697605 -0.0683321869378484 0.00762002107885333
0.280263131447494 0.232124185717977 -0.213942296058536 -0.0790038406062826
0.399084011551855 0.137002338989654 -0.224467080000682 -0.243534315121473
0.397125853316161 -0.0269119029668435 -0.250223183951927 -0.212537948837839
0.276231608136394 -0.224193505261171 -0.2546931072356 -0.120898419294486
0.131854523973501 -0.299538417112096 -0.210571225331422 -0.0829980016224064
0.00834176027461342 -0.300569187899803 -0.208092847187002 -0.0485372599372199
-0.0724606441614547 -0.254286020679713 -0.158960786202523 -0.0259875837244259
-0.0904117070650812 -0.251755212063812 -0.0719217139290269 -0.0849639716844838
-0.0714342690002682 -0.247549878328467 -0.00376232160802136 -0.176778610662051
-0.0429008628063135 -0.300325841890778 0.106708111969696 -0.227872122233878
0.0717372843534825 -0.336653027060867 0.244867586293019 -0.214400364468591
0.204605343407385 -0.287058255788658 0.342308653475953 -0.0502611985027687
0.37453861075786 -0.143903586793321 0.219443911104769 0.139819844521647
0.4398357210371 0.0696734416564386 -0.0255458151372097 0.171419252178366
0.361781199725604 0.18945217148006 -0.184485818544304 -0.0669271144772638
0.187800479982501 0.185281091649815 -0.341330376137432 -0.136392833239273
0.302822611596903 0.116032116783542 -0.308653235516651 -0.231898821435272
0.311579537963629 -0.0285753675246339 -0.254791217237257 -0.203630621135055
0.200038734044971 -0.181332340736077 -0.206548567744008 -0.14457350652265
0.0875234858714092 -0.223409550166829 -0.189509209435953 -0.162418660242073
0.00572212747441146 -0.222033246445958 -0.224706467967158 -0.134017641466572
-0.0490856246612509 -0.191717345394008 -0.18918048163472 -0.113719212157581
-0.0536991745719517 -0.193597534741248 -0.0979429137159384 -0.170605215357158
-0.0281376534382688 -0.192912554374287 -0.0197819167284948 -0.256485356422914
0.00559532460338496 -0.229185008082213 0.107394578092624 -0.287271594728487
0.100733734004372 -0.23385428383691 0.2555373769185 -0.248547859099319
0.19751690765382 -0.179208096863214 0.342358741300505 -0.0594042050186188
0.313007711586512 -0.0449202372847699 0.192822378425897 0.116565721351601
0.326732952302061 0.131779365013067 -0.0681432908478524 0.114954720860815
0.233592723042306 0.198604592080792 -0.253242577717519 -0.148067879634537
0.0544212686372709 0.123297877127411 -0.422823041435193 -0.157680594795538
0.152585652834354 0.0943809183434034 -0.347549177521044 -0.199992571085186
0.172412972776888 -0.00774315558432468 -0.253218526384697 -0.194890050847417
0.0970996882126169 -0.0889269516854965 -0.184036280838272 -0.161634712720481
0.043749738289652 -0.0961683139103224 -0.195270999242426 -0.202150214472441
0.0204282427286911 -0.103605946469574 -0.242884695880747 -0.174193444302593
-0.00755347621153846 -0.100068809175396 -0.208281823554956 -0.167898286614096
-0.00897380286900115 -0.106486061342846 -0.1083010179732 -0.228902285573528
0.00843169373280687 -0.110461001136573 -0.0166250934357949 -0.310044739953978
0.0309152774977887 -0.1272602554682 0.129515467515842 -0.319647791610582
0.0900972050944142 -0.115904750753696 0.278235706857822 -0.256686418362986
0.145424120183579 -0.0816567086450475 0.341295216524823 -0.0559352991432499
0.213484476310393 0.0231518326413756 0.181749063227408 0.0903962100292583
0.180232608630665 0.146933187267173 -0.0703322706763378 0.055327331069214
0.0837908453013815 0.164407983858196 -0.26770436550913 -0.218832311584146
0.0445766813086546 -0.0672671523467213 0.295842904699833 0.211711755565845
-0.0611751697351576 -0.0785313163648963 0.119311924991787 -0.0708203350234541
-0.0814452861703068 -0.00737359193443729 -0.166810904037616 -0.105711485257588
-0.0350398241303306 0.0342671832137881 -0.341296898096306 0.0212268672213795
-0.0122556382588581 0.0183084497468483 -0.312632793343089 0.250971190304452
-0.0228892426720523 0.00640115544828225 -0.144243526540334 0.351408660931801
-0.0305935170141962 0.00363157871240029 0.0170857931137349 0.320097981176626
-0.048835355360748 -0.00331275000607186 0.142323672333197 0.261287260474438
-0.048411303426703 -0.00430324409787255 0.217868566930334 0.178252447513243
-0.0469088280756241 -0.016179242546832 0.269193541379193 0.157137392620177
-0.0259286793624969 -0.0434767789707593 0.255110877036239 0.177644326757601
-0.00654728266186972 -0.02837593127801 0.219134300133583 0.175178121538375
-0.0114673771468042 -0.0446531968656857 0.246581883478125 0.205968384752284
0.0163650558872089 -0.0922814306584323 0.325514663782269 0.225385430526181
0.0798804664379785 -0.0520287396562723 0.444159592518943 0.143212175797516
0.157855426520134 0.0223764233006097 0.259322975698313 0.217579289049887
0.0797469869676658 -0.029409984222156 0.0892600180680423 -0.0680659779187698
0.0367740889719052 -0.00599398743350856 -0.171618299487744 -0.104088521963815
0.0514955482671121 -0.0206430805561218 -0.342260383591287 0.00728832832118582
0.0403268854498531 -0.073990659550465 -0.315259790274624 0.219151541557853
-0.0143220002073366 -0.0991339036781322 -0.166268027843222 0.321430217304907
-0.058406227250547 -0.0921150053294624 -0.0102467244276269 0.305130579321297
-0.0946952852595929 -0.101573404208016 0.114276002023272 0.242531534202569
-0.098111127086439 -0.101190067867488 0.193274312310741 0.146504387118951
-0.0933084006642915 -0.138892634633417 0.261791519682499 0.104892865718923
-0.0246805584323043 -0.195288849393249 0.278983513917628 0.116979368541415
0.0638756981725509 -0.172717683191317 0.259948862571238 0.141827421084173
0.140879406099464 -0.129276533660707 0.254366446345126 0.197845303203878
0.20786180171899 -0.090185174605443 0.275912102860792 0.207221349986838
0.250071579141671 -0.00667376726616443 0.362923629208046 0.119924535011569
0.251543279601373 0.115075561815437 0.184040822830384 0.177738590952432
0.221287982302454 0.0323597655507486 0.0413332052494143 -0.104961902266685
0.174070401943045 -0.00237027144403805 -0.190482757616036 -0.129443458565433
0.147347287914928 -0.0844630382620257 -0.344551685259956 -0.0121059032790126
0.0924400713816275 -0.168677595533896 -0.303036602455648 0.176548076715538
-0.0039098103409008 -0.198422578315259 -0.177618170940214 0.264279766640191
-0.0779583469831306 -0.178417913786828 -0.0425803442193571 0.256844849555843
-0.127276882312416 -0.184558438120117 0.0711377678241739 0.191258457145911
-0.131864483603254 -0.180169030822731 0.145342342807824 0.0859987139711198
-0.129515115398111 -0.232911111831594 0.226256608307562 0.0241813275002501
-0.0355789929669311 -0.312720296762756 0.281029972363182 0.0251195220483783
0.098690010232266 -0.295227012607223 0.29993129979395 0.0813729808856122
0.253506138856364 -0.216425777774671 0.266265809833666 0.181505267333652
0.36049834420306 -0.0977689164536993 0.210717893349016 0.202642942255211
0.379087451829073 0.0334876858646473 0.233310668163036 0.0936715072899214
0.313768352126507 0.187290143343405 0.073902685387449 0.102509573210965
0.342607600465026 0.0833225680776657 -0.0316268795942881 -0.161554016301654
0.304766699018397 -0.0120848527917342 -0.214313675855984 -0.16639568395838
0.231164793509171 -0.160042057804657 -0.333834990582095 -0.0396061077529632
0.125502824828194 -0.255791304386452 -0.275929062562458 0.111227400050636
-0.00145992423472401 -0.277394744798076 -0.183569870645236 0.178279157440675
-0.0916131895580046 -0.239703757742223 -0.0775833516859524 0.179079429416327
-0.139641377867719 -0.239265381387392 0.0191474351777315 0.112551663554241
-0.140326281595529 -0.232410775550031 0.0840797684647492 0.00525872612841978
-0.138722461978454 -0.293123666989995 0.17184259629887 -0.0653242758153913
-0.0337241074578651 -0.380243777017386 0.261668788953308 -0.0744652875269838
0.120966674472234 -0.364959533933306 0.321893508311728 0.0144570408825714
0.324833485604074 -0.264943044631811 0.266583407336927 0.162181771173683
0.454296200263274 -0.0856106785389325 0.134389655303622 0.203872596423276
0.444836693177992 0.0749902353839366 0.0825313677414265 0.0602266934956498
0.328653338234686 0.219757404470813 -0.0659448095958927 0.0132656908844096
0.409306570443149 0.106496502847989 -0.130748864109621 -0.207420048123374
0.38536942756517 -0.0329678507973102 -0.238138614665257 -0.191090971789033
0.271623675269961 -0.220715495160682 -0.301050009630069 -0.0718984909311773
0.129236667887103 -0.30997851935118 -0.241089535945217 0.0245644129511602
-0.00831330847357744 -0.313523173505016 -0.191794192581869 0.0728413938049929
-0.0967929783476794 -0.263103964624682 -0.114968918058697 0.0831905607478929
-0.131951675754952 -0.258112999851845 -0.0325979270409477 0.0181454278067636
-0.122362055879998 -0.251463638644654 0.0248175090275835 -0.0847365708878252
-0.113432512320894 -0.312089668896084 0.119021889174529 -0.152483304589829
-0.00307298523283886 -0.386246604748959 0.235301573594966 -0.162453460178359
0.150028790953089 -0.361499025861347 0.327972967165587 -0.0404792541002785
0.358593251969178 -0.246077624526777 0.249782460333394 0.144351663765973
0.478671186600332 -0.0372743456290531 0.0545969534977606 0.197902084632869
0.437614992297879 0.122689331459109 -0.0644276272472704 0.0119402662986684
0.289971584124488 0.211140550169997 -0.214469407706787 -0.0641157212868663
0.395630868354467 0.106738091180254 -0.234408707369571 -0.223095067607187
0.38381862045168 -0.0515250456936252 -0.253466608400642 -0.196243776195921
0.251902688599721 -0.23526839302418 -0.252908767487344 -0.104188916106998
0.105928766575584 -0.29952552641044 -0.210041738828823 -0.0712234571498394
-0.0148539805271085 -0.293367052459151 -0.207386762889003 -0.0338672666385468
-0.0878016730844963 -0.243441322532009 -0.153734154903029 -0.0160535403730874
-0.10642687936489 -0.238077623247417 -0.0770668354970425 -0.0776391286535521
-0.0850849419218025 -0.235756411326347 -0.0189817965686283 -0.17287825877298
-0.06244589320851 -0.287428421424481 0.0869057494721432 -0.228222192982663
0.0453054907655007 -0.33193448798851 0.223455201178951 -0.224962453893018
0.178994695023659 -0.291566751961566 0.326510100180479 -0.0716533412194377
0.35282217623788 -0.16542236685285 0.22036342099345 0.125394217554697
0.431238335309745 0.036461412605129 -0.015876585126556 0.170437115635089
0.362131597593723 0.162819847276711 -0.181691271192512 -0.0525648373126331
0.196217052717992 0.170432697555146 -0.34107635041272 -0.112593727726375
0.301678156813788 0.0918200783702493 -0.31443824426483 -0.205562286983772
0.300913072938927 -0.0492894006070338 -0.258029183736933 -0.186534420204079
0.18106751973524 -0.189312773966553 -0.207873077774845 -0.130745104533998
0.0683337995283365 -0.222825089807262 -0.195332682083543 -0.150087816789406
-0.0104609203666922 -0.2167942922952 -0.228767766609603 -0.11631763275821
-0.0601899449929992 -0.184067464239057 -0.189077773004546 -0.0980230451633023
-0.0660803734322561 -0.183086017852586 -0.108104406197165 -0.15967303896673
-0.0406737891520624 -0.186531300475878 -0.0401763627792309 -0.24852852774
-0.0105180662225857 -0.221899500049698 0.0844548589685806 -0.285166265398049
0.0813885959393124 -0.233124909759424 0.232587231348975 -0.259757463798242
0.180227149888656 -0.18581152368917 0.325941620558572 -0.0802723513543449
0.300030254508907 -0.0638392400610254 0.193226595815511 0.10342391322449
0.325138973149428 0.105791829712624 -0.0596300147284816 0.117970374825564
0.237992110127527 0.179260568711369 -0.25212369510339 -0.127196787775356
0.0616093450575255 0.117898539394568 -0.421349210874544 -0.129112523729493
0.153221522339102 0.0806026597064237 -0.348348948629884 -0.171506968090122
0.165785590664466 -0.0195062856987361 -0.25659072807319 -0.176501927795041
0.0870197932244227 -0.091613470206625 -0.187116800334943 -0.149703973875727
0.0347640449006323 -0.0954928288066589 -0.203437739679573 -0.187108694202861
0.0121320944404477 -0.102757436668841 -0.247779959337897 -0.152777674345559
-0.0134883779866144 -0.0974512220821012 -0.211219133334582 -0.149099307945073
-0.0165875736019118 -0.101208139591776 -0.122710755952402 -0.216285271456249
0.000867034357628501 -0.107308314810367 -0.0387601613777222 -0.300173896387487
0.0212609179813127 -0.12512489251088 0.103598450788454 -0.318741609966733
0.079480858765442 -0.118972246576824 0.253766176052382 -0.268141186553555
0.136319489147837 -0.0877130299795907 0.326197838760823 -0.0761115267778317
0.207511027767214 0.00806693969546364 0.180754987710714 0.0787584782869587
0.184034711781745 0.131633946024445 -0.0653835497073234 0.0596374026154248
0.0910358552019622 0.154289085928432 -0.270758405113762 -0.193519247882124
0.0699988421485576 -0.0421224093143848 0.178789290381639 0.297467520842037
-0.0230945291064094 -0.0932412532097748 0.128614405401777 -0.0192902932756946
-0.0692803955477552 -0.0392399176966145 -0.109294593427461 -0.157352560625709
-0.0427298493277822 0.0169109908964834 -0.317718647593485 -0.109804731098749
-0.0144162150202374 0.0101693182281997 -0.375334104906596 0.106302833227976
-0.0224737691367505 -0.00422176514232549 -0.262143990190125 0.26108481902381
-0.0303417957971076 -0.00934838577695781 -0.106741690411846 0.293991035248527
-0.0434186884797116 -0.0208905368643151 0.0305060364061081 0.287484612909558
-0.040517355337544 -0.0221962716256585 0.128274278086547 0.240518307483436
-0.03404962951953 -0.034317396482627 0.185611276195931 0.243099161364915
-0.00456480235009396 -0.0510898821821618 0.161193487468517 0.255008918848745
0.00886447291203806 -0.0299819542497569 0.127307200365561 0.243629444554517
0.0108584988484888 -0.0471328312225167 0.142501758013896 0.280570310789293
0.050809069896845 -0.0772621284399145 0.215607377276875 0.322795755301452
0.0981879828020007 -0.0185015472937883 0.344983956988224 0.299695759746621
0.136939534164501 0.0889807508900432 0.150519291812435 0.275594851483671
0.0829087588211893 0.00563878503592634 0.103748717442662 -0.0353121315110754
0.0363047418914599 0.00931570656475003 -0.112705174145304 -0.166206043350437
0.0547953486396667 0.00346835402817561 -0.314868746411673 -0.127768921028474
0.0681380202333848 -0.0516676134751239 -0.369944495609372 0.0722136562259039
0.0242141873958168 -0.0944224963326055 -0.274407517279457 0.222551590840489
-0.018802212937988 -0.105137762569717 -0.127123924842312 0.268930483486971
-0.0493923335184159 -0.126924629437421 0.0123989553875804 0.261384367174897
-0.0496708538544897 -0.128491046167199 0.119169182201308 0.201123998299468
-0.0328010216176528 -0.160775963232629 0.199225711801611 0.189869128566602
0.0491593756694312 -0.189943729393464 0.205463723188324 0.209359816068933
0.123602582238266 -0.136016930983173 0.17937556183875 0.227467270363825
0.180825689709821 -0.0727976371722864 0.154631098790387 0.277971537768239
0.224827637117001 -0.0125495456302481 0.178617966227691 0.296936722429632
0.237294775073194 0.0817626505329885 0.27664569127737 0.25569343951183
0.182766394165891 0.213920804995005 0.105877333392165 0.199586476440871
0.182957472036746 0.117906232294022 0.0791507787074117 -0.0939316441404801
0.158342466429794 0.0664722962662063 -0.118018872042404 -0.205836395332625
0.165005649567669 -0.0146004968746692 -0.310382180352132 -0.153445386053946
0.150222103973223 -0.114199757175289 -0.346562287080844 0.0341053111869606
0.070878590016894 -0.179075538204426 -0.267297755223265 0.164069891645181
-0.00303948597777465 -0.189224798663612 -0.138680441994667 0.212326993610254
-0.0471554603305996 -0.213661419794694 -0.00815368065502676 0.198958602561317
-0.0516868455774296 -0.213137684960532 0.0987959677367595 0.128147664609987
-0.0330639827271133 -0.259141198305875 0.197744028957622 0.102745078170894
0.0790936115227724 -0.300771060052427 0.242863932984468 0.126051524456955
0.198709550448708 -0.235320062733975 0.240172929885406 0.187074693370316
0.314586641069566 -0.114199005797273 0.173609925594223 0.269105317154715
0.365719883561077 0.0322209982020911 0.122576473687641 0.275676171919591
0.340033635301964 0.161579638446163 0.166400462401418 0.190046886687913
0.210040166373113 0.305631863620464 0.0394623702419074 0.0806275331300784
0.270862682209436 0.21167510241328 0.0391806139291709 -0.179188051251618
0.279976953601229 0.109113349216283 -0.125133410569519 -0.257544638941929
0.268044168827628 -0.0481211212008441 -0.293378689974534 -0.181283980081321
0.213160117498114 -0.178578402372619 -0.301462226861671 -0.0176605801707639
0.103124971833234 -0.247710822499951 -0.243316154415358 0.0827080294375553
0.00758499987402975 -0.24882196541979 -0.141388881550633 0.128604063937455
-0.0390137428675344 -0.268405212402235 -0.0258621792686284 0.108842161943029
-0.0412118869842466 -0.263361234653882 0.0744265413299354 0.0324274109168695
-0.0218847113122164 -0.3158192030299 0.182155188446893 0.000575480581707659
0.103040482769793 -0.362461357499554 0.263019231046627 0.0282735955491125
0.242183461432033 -0.291355644205633 0.286828262240031 0.134189020323344
0.39853324677579 -0.135720232625462 0.183061708919307 0.252664523705922
0.446648086595224 0.0742818761576831 0.0542631337653622 0.254026974019068
0.383397242110397 0.223145395655524 0.0410638304507418 0.104783548391276
0.210989214647077 0.343226572301863 -0.049330946843077 -0.0554606317965474
0.319823248030943 0.258471121304527 -0.0311971484821676 -0.260247788014498
0.361043050501733 0.121520921272029 -0.137070092931774 -0.295856582899007
0.327946793310683 -0.0857144724202711 -0.253966995452058 -0.202215979399206
0.23607280728898 -0.223971137493503 -0.239598116079278 -0.0845869643278581
0.110958894325326 -0.283396622545663 -0.212094244019618 -0.0160685811635172
0.0126112042986563 -0.272055514773824 -0.137956899276906 0.0273852429853291
-0.0249853828583556 -0.283207019189212 -0.0375301146893972 0.00447910755488293
-0.0182654282261942 -0.274338239229103 0.0546767182400099 -0.069868582115866
0.00792002004162647 -0.323640490136128 0.168436858131631 -0.0975272441490606
0.131690803945715 -0.357188716086895 0.272879627226686 -0.0599747397262878
0.265773063124572 -0.276709661807779 0.314382379396356 0.087813806223856
0.420794058144653 -0.105318064298762 0.173709358805702 0.231080338914646
0.451199515638345 0.128521352505195 -0.0179577829250384 0.221502879941436
0.35797044997006 0.262989984560147 -0.0750241864511863 0.00512101554516759
0.17830662045457 0.31766201756699 -0.153111084852185 -0.177925050142509
0.30804812577375 0.25270133901803 -0.118525029089768 -0.313105505984066
0.364010744365737 0.104629707976291 -0.15105086560026 -0.305268892981615
0.315163647024144 -0.106389884208831 -0.19731597744286 -0.212558513627413
0.211302381645658 -0.223686922310769 -0.174417374715273 -0.158691721346099
0.0975245395345933 -0.266806832250363 -0.185095603660543 -0.117131815098824
0.0137893119993301 -0.250960929716755 -0.135139184393909 -0.075909783664568
-0.00929391643004888 -0.254905492998563 -0.0421530875346878 -0.0990577431533592
0.0092604311415262 -0.246279402042579 0.047823689366699 -0.165336373713095
0.0440680447742219 -0.283350184932263 0.167584433502778 -0.176730378065549
0.156614930003695 -0.289063011277321 0.285727744728214 -0.1198295084507
0.267707109412376 -0.202730550855634 0.324522405825698 0.0595477995923644
0.386697501609233 -0.0316703076147706 0.153176048418445 0.203886949465838
0.381321624419651 0.180983742668477 -0.0748220636837444 0.170387133240617
0.272686286702631 0.27380114818907 -0.155883687228857 -0.100970949479553
0.10839267211779 0.241489740296153 -0.251512751712089 -0.259544310580564
0.230576237593641 0.202429819264961 -0.197945972514686 -0.321644002025458
0.288086683515103 0.0737138027873393 -0.159934404851878 -0.291616143565592
0.233491464342831 -0.0938732192514948 -0.144233915821031 -0.215106728119604
0.147415997723719 -0.168722682454716 -0.128363205253041 -0.220577865204856
0.0728051646872593 -0.197065496559516 -0.17005587920136 -0.197553619566536
0.0157467807918197 -0.187481380074415 -0.13504372606087 -0.162977778511179
0.00741421798320271 -0.189659649708546 -0.0390254456621999 -0.185086938261301
0.0305309337168441 -0.184295591440425 0.0568210183547371 -0.24007915124525
0.0665695207706758 -0.205061570652512 0.186461059527747 -0.22731682119255
0.154233847066021 -0.186564039794358 0.307061342184358 -0.145764725707243
0.230410546568357 -0.106024876509502 0.326996039239254 0.0524179758353485
0.300505814762605 0.0439731138363383 0.134369963745836 0.172134032923766
0.25898248364378 0.207947353853353 -0.0998206468318133 0.102944669653651
0.153260181391913 0.245599053678498 -0.190731856035244 -0.200286573622708
0.00688574916603341 0.135513458055837 -0.320536145875825 -0.289211417242703
0.102941285549248 0.133157366622836 -0.241980735092387 -0.296397296026903
0.154458382655913 0.0462904426634338 -0.162492940751258 -0.272207218621671
0.111274557771999 -0.0452013544638316 -0.114016191395627 -0.217520585698793
0.0680097075393983 -0.0683109566195529 -0.116692979135655 -0.253665822180237
0.0501976990413747 -0.0866516913084347 -0.167970591741752 -0.23603145022369
0.0247547041307715 -0.0925903267792824 -0.134562529635841 -0.21607204726671
0.0219651948887929 -0.0968422659186674 -0.0310048688643797 -0.241824192008876
0.039046570963658 -0.0978153674632889 0.0764671015392606 -0.28541774063079
0.0610526153348321 -0.105458626248059 0.215731911021467 -0.247774596514525
0.111987201919477 -0.0830776930863047 0.327956488966792 -0.143625402738261
0.155394004155758 -0.0329003353635449 0.322663480113453 0.0575292230536039
0.190429611354634 0.0787373194677356 0.130300507294369 0.143818103134796
0.121644284181279 0.183853847836597 -0.0866210902027558 0.043248289864641
0.0258016148997768 0.171246670200515 -0.178320090633178 -0.273036147220571
0.0675067252435845 -0.0442152873493373 0.189125404262287 0.284734927523137
-0.0266509146333698 -0.0903591558337202 0.124368991475111 -0.0266570687088177
-0.0694958165188472 -0.0362028341227273 -0.113515370489197 -0.152816052647526
-0.0411647084285542 0.0181430965131212 -0.316598015212954 -0.0986730824276891
-0.0134936733735306 0.0100009063687217 -0.365930544705476 0.120542328368717
-0.0225885743751659 -0.0031802352700183 -0.24744348651212 0.269613488205653
-0.0315736329429283 -0.0088292037430411 -0.0939628744444348 0.29363737306929
-0.0443771210935167 -0.0186554987474883 0.0435780020075991 0.282998508679716
-0.04168303350905 -0.0214281977742013 0.136836849918612 0.232702194038318
-0.0346663655773745 -0.0333675425579902 0.195485012284331 0.231379222394405
-0.00741031444740832 -0.0521384657404582 0.171112518313413 0.246258324563404
0.00846421088904852 -0.0302932488329104 0.133200687256088 0.239361509126772
0.00995344924770478 -0.0480819025090582 0.152319925964151 0.275435961196382
0.0458342574749808 -0.0772879066273295 0.225586734085799 0.310506912421629
0.0967453453321068 -0.0194348876726813 0.350665803051652 0.283504414046263
0.139942350091918 0.0832507577651229 0.15859620117954 0.263736292026872
0.0823246494291219 0.00255208302663587 0.099492448536475 -0.0410932440822013
0.0383222190285396 0.00741037239525467 -0.115761404476482 -0.163581071298312
0.0544700394869172 0.00110753222483993 -0.314252090406991 -0.116344695460754
0.0645087986606417 -0.0544815205965218 -0.361565256518671 0.0859615050975322
0.0189757499081078 -0.0948654145249582 -0.260954375279597 0.231770857059082
-0.0244557134483604 -0.104077387036026 -0.114835414930805 0.270110946628869
-0.0549290329150349 -0.123705109617084 0.0236224678214071 0.258566500306981
-0.0549595490330537 -0.126045458258036 0.125973381709397 0.194255928775429
-0.0395993272081733 -0.158937273133006 0.205466405817169 0.178214822184756
0.0392683603638433 -0.191173503001654 0.212150936592945 0.197461815354816
0.116944510275995 -0.140871654525134 0.1837854123823 0.220063511181332
0.176995749328645 -0.0806766176200083 0.164077662555445 0.272583035697889
0.221014811372567 -0.0208897459137808 0.187341886438106 0.286697399086825
0.238119345902021 0.0741469821071361 0.280401924716414 0.24117302979294
0.192185586605776 0.205431205411817 0.111299629241534 0.190921007523426
0.186877735944527 0.107716356045746 0.0731094072283087 -0.098434451463325
0.161640639842118 0.0590005842798527 -0.121883066883676 -0.203087519020362
0.162615076467005 -0.0218046198621258 -0.31194237859299 -0.141387556821497
0.142612071909572 -0.121368666398241 -0.340315769995073 0.0455766717672992
0.0605580228351117 -0.180770489955292 -0.257371537220027 0.173738500011795
-0.0131263846833823 -0.188578889638358 -0.128745547066995 0.214241204710009
-0.0579981045815813 -0.209484830614312 0.000281220207866559 0.197544283351979
-0.0608511091441111 -0.209643622340004 0.101682829406036 0.122381387446081
-0.0446748647537842 -0.256268088628013 0.199550921404889 0.0917862670650062
0.0634034233313713 -0.303742146312663 0.2459208647963 0.114094322524552
0.18730638047307 -0.242197140022748 0.24220329597794 0.17624430156705
0.307067691510064 -0.12872890511761 0.18189502142599 0.26311921272651
0.363802672605644 0.0160435636352784 0.130425885074911 0.268154894423575
0.342249375175607 0.149429996125078 0.170386974409544 0.180697920719345
0.223365129390607 0.295478466628249 0.041038251520868 0.0764038706215425
0.277281978381497 0.194737079149418 0.0301054626430021 -0.17978010885782
0.284101294546781 0.0954219851472776 -0.130511751899751 -0.254952812245277
0.263998440020704 -0.0589813436722384 -0.295032905497403 -0.169795668280119
0.201911247377097 -0.187451576109676 -0.298232218830859 -0.00798684844268153
0.0887144215857781 -0.251254286531613 -0.238265494280099 0.0920767946842923
-0.00416720342556248 -0.248467703682421 -0.133513075335279 0.132513752306542
-0.0520789797293086 -0.263513014492849 -0.0212733039688576 0.109156957629077
-0.0515306831352364 -0.260513051720003 0.0722445083611476 0.0291185306635016
-0.0354425433526605 -0.313538155058454 0.179456599436371 -0.00821134555569284
0.0835581276502932 -0.365298612286337 0.260787267007597 0.0159507900324266
0.227460745572153 -0.298486270533901 0.286858427545548 0.121136845343794
0.386151868171788 -0.153561765495474 0.190019764607723 0.246889949292929
0.445338653863547 0.0538592734102214 0.0612410822185612 0.250369922574153
0.387372308330821 0.20901933841358 0.0438688586334059 0.101928002017004
0.224967497494959 0.331581687803236 -0.0529646420063587 -0.0540862851988288
0.327303863837825 0.240694894767306 -0.041291528227596 -0.257202739090763
0.363951554592855 0.105131315005322 -0.144565694159468 -0.291807403627861
0.321199576385215 -0.0992306156373158 -0.256423355445612 -0.192084279593627
0.222725197294487 -0.233021840444313 -0.239365118780401 -0.0780158886369529
0.0951243337972205 -0.285823069942777 -0.212548771035664 -0.00796110540354224
-0.000604167225161028 -0.27140252546087 -0.134887806742599 0.0315954957273128
-0.0384497449804665 -0.278655241175924 -0.0375150666939462 0.00574899700909519
-0.029572205340184 -0.272873717718694 0.0475912035440629 -0.071460048227991
-0.00745171398497701 -0.321480513093349 0.159868966203102 -0.104781554795039
0.112410164588202 -0.359840483046901 0.266925865358485 -0.0724307931839664
0.252280697210046 -0.285722837382108 0.311842930856019 0.0724802664343128
0.411494815005422 -0.124409792916091 0.17949131358017 0.224224607385799
0.452402438414227 0.105027318781748 -0.0106945381696363 0.222630438092251
0.363983464020342 0.249055771503969 -0.0734783930039446 0.00883234233444987
0.1916458715543 0.309366521088187 -0.159392130926629 -0.171366172717499
0.315005067027261 0.2362480298182 -0.129886625566474 -0.304978099682354
0.366516623525734 0.0882858057673468 -0.159213225732265 -0.300162418502335
0.307393056211731 -0.118296005197835 -0.201332598621383 -0.2049096791326
0.197716881741342 -0.231267274273961 -0.178348732509528 -0.154341086135228
0.0829286881424224 -0.268734730470898 -0.189644496616129 -0.108758316882483
0.00131094372656778 -0.250864516784525 -0.136148714261936 -0.070597783818164
-0.020951769390051 -0.251062069301856 -0.0471681342361853 -0.0967764699836452
-0.000965518172328782 -0.245549903627212 0.0366854211768099 -0.166217541896044
0.0300906025826722 -0.282435570483938 0.156683715402494 -0.182380957101947
0.140209662829029 -0.293797988236342 0.278129643984373 -0.132762877999014
0.256168317948998 -0.211499474220616 0.3210153337633 0.0443831332069608
0.379822391082501 -0.0493743965894577 0.157154171791646 0.198157911103528
0.383994563015569 0.162411463853033 -0.069528320281703 0.173253229476932
0.280639694809403 0.263734606522715 -0.157723272598576 -0.0933636747352154
0.119066263613796 0.235873164568914 -0.259570059453076 -0.24713640927258
0.236064517460864 0.188981931025467 -0.207360909844554 -0.310515661961834
0.287592017769655 0.0604669093196471 -0.167244520776391 -0.285535020590967
0.22575170371449 -0.102437353565962 -0.147635870991054 -0.210143934251014
0.137062573035061 -0.172266621573513 -0.13545661328413 -0.21791775918587
0.0616445255667509 -0.198661332970066 -0.178222803228576 -0.188098369641394
0.00701320187138705 -0.187893300837837 -0.139467242326401 -0.15688426394719
-0.0018536392372871 -0.187295364724425 -0.0486180193992577 -0.182633861042038
0.0226316246765078 -0.184063215859121 0.04295781313333 -0.240215634461208
0.0557277735615071 -0.204945182345327 0.17338083569953 -0.233125022180966
0.143131437275038 -0.191546657481689 0.297835538475992 -0.158398964033473
0.223694455942891 -0.113637076999992 0.323067954619623 0.0374239815271747
0.29796934354711 0.029894710511818 0.137435289467042 0.168140893829945
0.265000348005147 0.194263782991814 -0.0956784307400737 0.10884326953384
0.159694385631448 0.238656266010057 -0.194265707972876 -0.189236484375419
0.0131109622399808 0.134658358175607 -0.32707686775119 -0.275644539630819
0.10689623969672 0.126790372008518 -0.249260955897697 -0.283666573686769
0.153766294204503 0.0384228330026778 -0.169300424935284 -0.2654486493029
0.106806366321228 -0.0488707693542564 -0.118317865293176 -0.214628212010526
0.0632596807584411 -0.0692739551520588 -0.1262578211841 -0.250610336751999
0.0446613548397901 -0.0883989117839225 -0.177565717429913 -0.226122827979461
0.0204710635118032 -0.0941112941223556 -0.141832368656933 -0.208992543665575
0.017031532340312 -0.0952351987049996 -0.0430617477038479 -0.238967512627268
0.0342154871076746 -0.0979346195920438 0.0599794731067321 -0.286117584359821
0.0546504767115994 -0.10655587605661 0.20180308121198 -0.254327808108723
0.107081224055153 -0.0859812528943361 0.318563504398157 -0.1561529680832
0.151759496911765 -0.0381085944027041 0.320375407989821 0.0431907037870127
0.190063574688489 0.0694511768076325 0.1326473128792 0.138744113859665
0.127860436948732 0.176432052685973 -0.0846630442320431 0.0490335796061744
0.0322369922282079 0.169617272143176 -0.185451304209655 -0.260243791886175
0.0653182503360286 -0.0472713897364196 0.202276733868789 0.270958813796744
-0.0309743214080454 -0.0883467330890754 0.120538181320321 -0.0348456304381023
-0.0699803597533672 -0.0330978149984542 -0.119639433453556 -0.148362821614406
-0.0398837591564516 0.0200489697568462 -0.320432084007572 -0.0836641608889601
-0.01228224593514 0.00966836549410957 -0.357306900381799 0.140038921936132
-0.0225480803993742 -0.00216165211816453 -0.229984569551332 0.281406900184726
-0.0336430329811326 -0.00684111077314671 -0.0791174140890323 0.297308590269425
-0.0464104924964314 -0.0157957974409889 0.0600165424558371 0.280196270134815
-0.0435758027455996 -0.0198488746940902 0.150091319209596 0.224050943904365
-0.0366704335962056 -0.033010929816132 0.207701445174014 0.219180784227431
-0.0107376864578825 -0.0522899952763611 0.184416857927284 0.238313629183914
0.00728323773348993 -0.0318702110537316 0.142535409160041 0.235727362538549
0.00681566255633324 -0.0493076439418708 0.167353343811897 0.269318755486738
0.0411708756321629 -0.0774226271565224 0.240297134621549 0.298407868969264
0.097176139948624 -0.0222391112119001 0.361503258423783 0.263994700566322
0.145305571543807 0.0760439145445577 0.170976536261954 0.252840319707813
0.0822369252072 -0.00234459115377764 0.094837405273199 -0.0478536567782551
0.0397331454804504 0.00452670518763385 -0.122260162005484 -0.159380151691799
0.0547741261574139 -0.00186636618251646 -0.319831863575415 -0.102008515608177
0.0607830245111421 -0.0593735394439362 -0.35483240278435 0.104826624350917
0.0127481216011702 -0.0958697500089974 -0.246362402456356 0.245230935115763
-0.0322333757133563 -0.102976453037459 -0.101007817008867 0.27485022294014
-0.063061476586172 -0.119657199574234 0.0388391576795954 0.256579522105202
-0.0623531952484207 -0.123967613492231 0.135656440977335 0.187002325009091
-0.0484832512530351 -0.157811320165633 0.214609287234088 0.165153692990489
0.0266740989381145 -0.194836516272613 0.223697824308511 0.185926590640772
0.11054315089895 -0.147911406394237 0.192325055208461 0.213226782971003
0.172257804203362 -0.0912506612885752 0.178304249294539 0.266854376595983
0.219730771718062 -0.0328899955835318 0.199977704899721 0.276481763926535
0.242402779214339 0.0642691318450271 0.290100160817893 0.226828520954836
0.204249045556334 0.195865907100063 0.118939174987997 0.183306672285129
0.192233080534558 0.0962688580588687 0.0661073078988376 -0.102560131080052
0.165641105220943 0.0485746406555899 -0.129862055634857 -0.200670407573125
0.161302978422161 -0.0306786321048184 -0.31707793653974 -0.126849978610318
0.133974502575531 -0.129714564269598 -0.33649243271934 0.0623634885493387
0.0489062165105613 -0.184547811368475 -0.24733503504497 0.186123453577688
-0.0253589828167344 -0.188296540420657 -0.117226715718361 0.219506887285469
-0.0706565109475056 -0.206305509292708 0.0117483136264137 0.197573083089771
-0.0725612149790977 -0.207588160479408 0.106745440510523 0.116772214566547
-0.0590366776465591 -0.254342704073074 0.202710299471296 0.0796477058261865
0.043976787752599 -0.308128340623491 0.251740163513517 0.0996833099955745
0.173993718711618 -0.253452366151695 0.247949542513618 0.164754543164449
0.298946069218351 -0.147175348430801 0.194671536508678 0.256809176626531
0.363953017874533 -0.00457986437804391 0.141952694301681 0.262435065851203
0.349353842876699 0.134749604394284 0.17789071818662 0.171595036223754
0.240228436644893 0.283932362084361 0.0431368856793861 0.0731651065847641
0.288335547989046 0.178935955780947 0.0199012290960716 -0.181724337945041
0.290053761620428 0.079272851054676 -0.141290852935534 -0.252556743274731
0.260255522427731 -0.0729271699620819 -0.301521384658104 -0.155841345178995
0.189448281306396 -0.199467617304659 -0.296867629819225 0.00482592039699944
0.0726615875575769 -0.25577232949447 -0.233175045285231 0.103963194879613
-0.0196259611006852 -0.24887541762577 -0.126473123336406 0.13790144411522
-0.0679091410860245 -0.259552597069882 -0.0156264609048939 0.110512313707832
-0.0660086659511335 -0.259911403055312 0.0710890121504823 0.0251359720770436
-0.0539597405033936 -0.311584116345531 0.176881437993663 -0.0190456401646559
0.0606241555333723 -0.370392288557886 0.261370178250942 0.000876676406664041
0.210373171717861 -0.312447720119859 0.289261263925255 0.106411871279506
0.377994454874578 -0.176084509669123 0.20185080929817 0.239836958013894
0.446743760224196 0.0291284479820968 0.071820294986117 0.248413982698584
0.396985166457883 0.19187123425873 0.0491083142317409 0.099590788015369
0.245069583791428 0.320116122827184 -0.0569883933915043 -0.0523729096627777
0.340635130614444 0.219781384992758 -0.0554967709397918 -0.254525774103295
0.370228474493681 0.0835551429323486 -0.156834594047158 -0.288435262819235
0.31474409799932 -0.116586508151342 -0.263726883091976 -0.181101453529978
0.207216586492288 -0.245357095164681 -0.242385578526649 -0.0691943448389236
0.0760767632104809 -0.291356151148379 -0.214454525824426 0.00370496325099759
-0.0176954232429634 -0.271968432842147 -0.132907085349019 0.0377772458233174
-0.0555427724548262 -0.274756071695106 -0.0380733772270953 0.0080636466299722
-0.0445014499646513 -0.272677541823517 0.0403281409118282 -0.0737230937827772
-0.0273027243989538 -0.320634279218992 0.152407138700589 -0.11370402030561
0.0892462863642401 -0.36770298814096 0.262022388613512 -0.0885700874453032
0.23650654972202 -0.300616609821834 0.312175930160437 0.05628462774727
0.403112988315437 -0.148735862410044 0.189554007204187 0.218590510038392
0.457334011684309 0.0792052752700882 -0.00189175247360616 0.225356123948874
0.376269515366633 0.232611968240448 -0.0721073975364318 0.0130170345984279
0.209528291456797 0.299503962185871 -0.169326815552679 -0.164007663377778
0.325541458060867 0.215290598851636 -0.144538578123582 -0.297401912501603
0.370815605218479 0.0670048818029673 -0.172150265451707 -0.296212961061598
0.29953837133737 -0.134602843357931 -0.208358366268435 -0.19642004644436
0.182722201142025 -0.241491890914011 -0.185931773032794 -0.14921121035497
0.0649318262044408 -0.273760780755199 -0.197157785170328 -0.0980516064504421
-0.0141549756579451 -0.252099437504634 -0.139677337378464 -0.0645604203580279
-0.036143723208448 -0.248409800807486 -0.0536735264034407 -0.0946122920416291
-0.0147883791331305 -0.246437747993357 0.0248451566906054 -0.167409788626837
0.0129392732663093 -0.283509243915054 0.14444243458411 -0.190692204733024
0.121406429905791 -0.301739612439123 0.269799208486686 -0.14844748130878
0.244232834958404 -0.225540046252929 0.319802641896555 0.026861195859281
0.37427738916644 -0.0718646756966324 0.165395808772686 0.193266112928428
0.391933122164849 0.140203139465414 -0.0612348214456157 0.179472655976243
0.292066917710064 0.251556294855016 -0.160579705742097 -0.0846027015148445
0.132993593411518 0.228595129614822 -0.271857842555563 -0.235808050584421
0.244552494810385 0.174474393251922 -0.221270084117316 -0.298958831053781
0.289679717948996 0.0432742724987429 -0.179745433967822 -0.279670682229652
0.218526172434408 -0.114138764014141 -0.155155007913717 -0.205951066588474
0.125018346236901 -0.179201730934671 -0.147247295402004 -0.214874200830728
0.0487855857656034 -0.2014999631866 -0.189625761231115 -0.178133284979482
-0.00505077669133576 -0.188611829373917 -0.147631181202841 -0.149917129564693
-0.0126279202186268 -0.185123315864248 -0.0607163045513968 -0.180349999694096
0.0121123875197046 -0.18556555586938 0.0265823300832964 -0.241808093748836
0.0432979913138306 -0.206739341388525 0.159221798277383 -0.242504672729397
0.131108510475558 -0.198670229504186 0.287983440396779 -0.174962063248009
0.216696171132553 -0.125572103238562 0.322167779598395 0.0199700096879699
0.297031328236502 0.0128256341956266 0.14331392517116 0.163098385954621
0.274028898061066 0.178254649443835 -0.0902453777738514 0.116643144062724
0.171560363014794 0.232065643163854 -0.202075452691975 -0.178329889694473
0.0216337712356311 0.134204326919286 -0.338934059862842 -0.259551701775621
0.112176382528843 0.11941188653384 -0.260892887189047 -0.270443307586223
0.153726116688424 0.0300960918244408 -0.18143582664953 -0.257808361589717
0.102888301119147 -0.0540266739010523 -0.126219075592917 -0.21118246309077
0.0587051796158362 -0.0716153221568792 -0.139873427014265 -0.246697496571569
0.0388183193721715 -0.0910231699737507 -0.190218665379217 -0.215543175992571
0.0143574260903535 -0.0960210563136474 -0.153173530362747 -0.200857530205742
0.0119423590318081 -0.094774833391875 -0.0583468371221184 -0.2374946972173
0.0290423842286484 -0.0997997939728791 0.041385331398747 -0.288071084216427
0.0479512845243016 -0.10751203908416 0.186594325493355 -0.264515705105097
0.101919538870479 -0.0912893525896913 0.309162924659765 -0.173319336989857
0.149418337199629 -0.0459098372645066 0.319874107472171 0.0266846408521465
0.192041120560246 0.0586828692818251 0.137035273234122 0.134344903257406
0.136267586824703 0.169230145820412 -0.0809253395806905 0.0559215763538413
0.0404721703678069 0.168016778391746 -0.196835407667296 -0.248878590451821
0.0613643244590013 -0.0505974103749277 0.216819065774206 0.251692813491528
-0.036524090850934 -0.0843810798266077 0.114963144701223 -0.042447846543301
-0.0709360869658462 -0.0282096187095313 -0.126871051443977 -0.139937716601392
-0.0374367431783164 0.0229349357011272 -0.32146988310439 -0.0625535070269295
-0.0116582576488375 0.0095511007852662 -0.341793530129674 0.162680997703783
-0.0230583200689259 -0.000858283745958328 -0.204511248231496 0.292971136052794
-0.0351859766754322 -0.00457730312664364 -0.0572332822145668 0.298521211097699
-0.0469271278217644 -0.0125266319938464 0.0804561426147788 0.271847623748918
-0.0449785119655966 -0.0166154922837641 0.164719497652319 0.210121023624696
-0.0384354009054727 -0.0308153233237414 0.221705078913965 0.199756281704694
-0.014621515340922 -0.0515777677831674 0.199895809014599 0.222516609507109
0.00545193413892385 -0.0322382160384465 0.155600212727167 0.225867266970523
0.00349974239950985 -0.0495984807193187 0.184757467570577 0.255991447150866
0.0354840633315242 -0.0775735843210827 0.255312368839775 0.276912018630215
0.0956708895425507 -0.0269346998955262 0.372315777991335 0.236606501662358
0.149167555896342 0.0656822217899466 0.184832402179111 0.23624177615666
0.0803720861973719 -0.00899897590461501 0.0885689729783908 -0.0536490562614675
0.0406028966861525 0.00015266512258564 -0.130337140733749 -0.152495804735433
0.0540668043328824 -0.00565857913871623 -0.320505579840298 -0.0798626455599804
0.0548775818199375 -0.0639092575016465 -0.34215660560038 0.127341377307108
0.0044013778168611 -0.0958102795183327 -0.224602243724229 0.258606195264109
-0.0408446348939692 -0.099111812465934 -0.0800804588182343 0.277624526517658
-0.0718887976915767 -0.113286262543898 0.0575422811128082 0.25047926166594
-0.0714761115864321 -0.119188278313526 0.146953407464815 0.174314101827813
-0.0596999457416103 -0.153045151222874 0.223639991233889 0.145715038488832
0.0099624340613891 -0.195084600337866 0.234940210950357 0.167925908205441
0.0976680583469994 -0.155227070964851 0.202805902100384 0.199826323010743
0.16228194928731 -0.104330324104558 0.194543932579542 0.252900121276433
0.214445225983141 -0.0470565214138681 0.213708651249405 0.258834595447206
0.244233292908231 0.0488124655872868 0.299766326240195 0.203412007015279
0.217115232994067 0.179037870967438 0.128404853955872 0.171857703333916
0.195224445364682 0.0795986628162033 0.0564553744649885 -0.105602205083598
0.167921572960834 0.0345677091364717 -0.140721357280467 -0.193125969733088
0.156997736643911 -0.0417581934910172 -0.320093637064064 -0.104639362550638
0.121230531450391 -0.138781143456349 -0.326571683206595 0.0832342165017968
0.0324201351389972 -0.185430927043025 -0.230378206447316 0.201448282820438
-0.0408784982891467 -0.184136754193009 -0.100366572323986 0.225166980685568
-0.0860472264915853 -0.196984595574091 0.0265920656120719 0.194287922023464
-0.0877247479379395 -0.20098116861924 0.112239591544241 0.108329459649266
-0.0780647092962777 -0.24819416992321 0.204374404039055 0.0628844222226888
0.0178855454496305 -0.308294519205821 0.25607956636723 0.0800969628160092
0.152826481970711 -0.264380665430534 0.254167957661168 0.147851643767632
0.283627805213823 -0.1689580583039 0.210478883227404 0.242266388064768
0.357620563975622 -0.0313176050299266 0.155897434639099 0.249546346056079
0.354258679796262 0.111332586420689 0.18608145620813 0.156834955841788
0.259480480032267 0.263366085610572 0.0458990545634726 0.0690612122400797
0.294954860990427 0.152819226007146 0.00522932595618175 -0.179361735850223
0.292601200665507 0.0540751245892658 -0.155587398730943 -0.243778409922611
0.251292205776756 -0.0909269705903411 -0.306481835452402 -0.135365897365333
0.169514072076307 -0.210676539755455 -0.293425221703424 0.0226808995007057
0.0496205399584947 -0.257557033112164 -0.223238749201672 0.119009796049752
-0.0403505214420934 -0.245102575689746 -0.114703560815389 0.144908974432608
-0.087608638841496 -0.250711455412043 -0.00713843700325751 0.110670533523641
-0.0859197432190235 -0.252351344833168 0.0695232915798717 0.0211345049816737
-0.0770958013304225 -0.304032477430749 0.171083323498367 -0.0326540932395283
0.0289443167581704 -0.370421114561776 0.257143400644956 -0.0190619459394645
0.184054730578832 -0.324605317146949 0.290110724848132 0.0863302188548169
0.358049565882354 -0.20308599755196 0.215008397004821 0.225330903664943
0.443278323262894 -0.00640854377432179 0.0865086751540061 0.24231659972808
0.404941703797607 0.163256617069461 0.0542280662781088 0.0959477607248469
0.266184961895028 0.299228174955432 -0.0612936675136815 -0.0475451576348817
0.349325934489141 0.191117321913629 -0.0721611807605196 -0.245818285033311
0.372662779013955 0.0528636066644875 -0.173483507455783 -0.279069887540272
0.302198642515938 -0.137863020388672 -0.269565907502352 -0.162548396199702
0.18449238442603 -0.25795830606168 -0.244668664458612 -0.0557821868655096
0.0509108230948611 -0.29253344889269 -0.211610420928179 0.0186054674897465
-0.0394323081471439 -0.268641525460347 -0.128526587234302 0.0465162671235255
-0.0762838925455429 -0.266972192461048 -0.0376167372891753 0.0107725501919149
-0.0646797944095565 -0.267446729805499 0.0319792054051466 -0.0741758022897506
-0.05137208394299 -0.315194142650439 0.140057000818117 -0.123717805854469
0.0577769538387954 -0.369344590667871 0.25186426529582 -0.107072437910214
0.210991911733292 -0.313360763491076 0.308200801340963 0.0342152371652229
0.384158775772662 -0.178022509440376 0.20146587648409 0.205894803531331
0.455735456354182 0.0441064717092287 0.0126113624234519 0.224132848680633
0.38615154712047 0.206465685880619 -0.0706314333170962 0.0182066219059043
0.229547383367899 0.27991735921791 -0.179966065605201 -0.149789738231779
0.335125102209973 0.187677178946433 -0.163089811000146 -0.282051440221145
0.370731040517841 0.0374731311176369 -0.189211477951984 -0.284085659162044
0.285912794863678 -0.154854893258436 -0.215774249645415 -0.182676892389427
0.160643935033657 -0.251135195941618 -0.194886429505461 -0.139307215342414
0.0416830249013761 -0.274395867894606 -0.203165000440995 -0.0826563623566775
-0.0348206257134528 -0.248385620761846 -0.142639569123176 -0.0543086601661972
-0.0544471911390101 -0.241783465331995 -0.0607824034667959 -0.0893511385775568
-0.0338833625724062 -0.243432641317312 0.00864561058732182 -0.16593258135469
-0.00870993639371761 -0.280140618298859 0.127256928504914 -0.198937859939418
0.0956275028007366 -0.306414257450193 0.254284517766855 -0.167159791850137
0.223716807146257 -0.24052473972768 0.314405422887436 0.00383059847729305
0.362536469044816 -0.0992623848793762 0.175441066295042 0.182308578974457
0.396849951120381 0.108331175276128 -0.0486955749099033 0.18377523531288
0.304422112475757 0.229392704108832 -0.163466886222731 -0.0715689575147784
0.14876926728077 0.216620954452111 -0.284566920577445 -0.214349677279087
0.252404043949869 0.153558131528924 -0.237684722273505 -0.279206613363363
0.287993382250701 0.0212043105272061 -0.196229903329724 -0.266439486157267
0.206053786350402 -0.128419264355971 -0.16488603129217 -0.195017589410456
0.109335745477687 -0.185377085133923 -0.161471283666585 -0.205822907826868
0.0312027795594275 -0.202105729274584 -0.200918385117421 -0.161652620822401
-0.0201478396768152 -0.186627745932432 -0.156126209821081 -0.138662307687044
-0.026184841858189 -0.180562698778151 -0.0741715391473722 -0.17390258568079
-0.00146666314782644 -0.185048458101406 0.00509685793489206 -0.239855157236766
0.0259632764399405 -0.205916944781764 0.13802228491079 -0.249741711907284
0.113122327839777 -0.205126141870094 0.270094073379993 -0.194319291673608
0.203714015466072 -0.139398631679089 0.317042142009959 -0.00315806334862103
0.291592360110216 -0.00968864682647935 0.151884403406472 0.154376121086901
0.282524680028429 0.155907146604221 -0.0808161633913141 0.123479530477983
0.184557784018976 0.218130478180006 -0.210212812249348 -0.160614434926403
0.0323715144610372 0.130657993463875 -0.353351678653636 -0.234415098978268
0.117717366415733 0.109315065685491 -0.272106855770512 -0.248199469189687
0.152543410204501 0.017395625766158 -0.194801599962697 -0.243560350763494
0.096837187718521 -0.0602172045732442 -0.136451801398034 -0.203634187959413
0.05210770803771 -0.0736025618457957 -0.157527903550991 -0.237171260430926
0.0307805545289058 -0.092748026418204 -0.204276936976174 -0.198036264267256
0.00594747147950037 -0.0957736815714059 -0.165868403981192 -0.187906313003198
0.00540973508182895 -0.0925460817817682 -0.0766828928183462 -0.229773534047562
0.0207312910782184 -0.0997476495746702 0.0169189248890552 -0.286495409547301
0.0384311525576796 -0.108757536126996 0.164502390379242 -0.274458343917095
0.0931976138917059 -0.0969676602524871 0.291159599038678 -0.193430112516102
0.143893930141122 -0.0552814064473803 0.316327923524151 0.00359949056217216
0.191338191849665 0.0433109744483662 0.143293656454163 0.125451385371886
0.146722439924799 0.156988727063396 -0.0759130678192109 0.0638558504276903
0.0514137986706752 0.163398722038641 -0.209231118532541 -0.230497254286707
0.0553003271944867 -0.0519500962135174 0.224185508378896 0.225472982349648
-0.0412512960062907 -0.0773331132130075 0.107054992581015 -0.0483739759040377
-0.0698606569731356 -0.0230752441243479 -0.130535505231068 -0.127566910068776
-0.0328914860956833 0.0243802767301239 -0.312052999240584 -0.040570813832051
-0.0104705246249877 0.00930247228502231 -0.314239079587488 0.179575384214432
-0.0218486512079508 0.000794889051247244 -0.173370778769885 0.293219583101785
-0.0346797589896138 -0.00101187669352511 -0.0344846972961413 0.289448264248022
-0.0468153207021179 -0.00838466493216235 0.0977376784009952 0.254293437163372
-0.044465192778988 -0.0133353813269511 0.172702255962801 0.189406873509633
-0.0393268425327072 -0.0279755463827162 0.226822475688641 0.173943437176383
-0.0186706830973951 -0.0486369694321377 0.207423500269163 0.200215777136178
0.00325751399534017 -0.0320387893909992 0.164426211372212 0.20979508794132
-0.000371105202897364 -0.0476923837487223 0.195206945299613 0.233952415143681
0.0285714284988845 -0.0756198078735108 0.260645276727685 0.248412942926406
0.0912416385235681 -0.031091864669754 0.368549818373444 0.202122347678499
0.148003854941295 0.0525163228201766 0.192228748381198 0.213574992823371
0.0755180989846539 -0.014517184813701 0.0809001991003352 -0.0569944446173612
0.038975190686849 -0.00450618720737106 -0.134776659356816 -0.140217023895496
0.0519101227810584 -0.00954291195180061 -0.312497699337444 -0.0563211392233143
0.0463619256378899 -0.0649141909707263 -0.31726868365059 0.144441007757995
-0.00392486474426994 -0.0916997013690786 -0.195243911592259 0.261439162492842
-0.0478267584375127 -0.0914023063357031 -0.057490536626287 0.271843756842006
-0.0783812507992378 -0.103273649006189 0.0736638005030776 0.235980975484141
-0.0775551285144528 -0.109557493147224 0.152573386009073 0.156926729148428
-0.0687643315532035 -0.143430713280533 0.223047035171513 0.122769591972379
-0.00552787450255644 -0.187943497161744 0.237495500586216 0.144034949265473
0.0827765767618027 -0.15654715564935 0.207119320188375 0.18016503011731
0.148108578541001 -0.111492464990138 0.204064332864944 0.230893248637275
0.201200415990574 -0.0599158301325982 0.220186225101773 0.233752664683942
0.238532166750968 0.0311538914075631 0.298559989706044 0.176446404028082
0.220952053381213 0.15630361538266 0.133635170901324 0.156167001804617
0.191195909968985 0.06146289610853 0.0464677767002801 -0.103734354026018
0.163684586943111 0.0185959867648085 -0.146825710099307 -0.179088519653059
0.147895606507014 -0.0516584505932116 -0.312429248592549 -0.0810767479440719
0.103736182684256 -0.141625469289755 -0.306512025738538 0.100250783133713
0.0156073956620879 -0.179782876779046 -0.205538871571268 0.207413763420944
-0.0543328056186808 -0.173268025789116 -0.0803284138893171 0.222664770292714
-0.0980315449730753 -0.182437042778161 0.0399045391248561 0.184323434736314
-0.0998695108586479 -0.18747379600058 0.114231258782776 0.0960755521453341
-0.0938944377685122 -0.232644121675585 0.198669893903399 0.0443991563431814
-0.00771217945759267 -0.297015708168654 0.251253260155671 0.0574110411185888
0.126913759448215 -0.265309267824461 0.251583033098669 0.12638841864688
0.257967794333543 -0.182630129839552 0.21907971527013 0.220178277627287
0.339656588513368 -0.0563826179980763 0.164978480453814 0.229946819772361
0.347490006394256 0.0843863575350132 0.187319992104953 0.139246858134321
0.267468046607109 0.233959062371449 0.0478483775140008 0.0642484446528543
0.2912495482738 0.125103298747604 -0.00738060371451385 -0.170825831694353
0.284253211117369 0.0291007835352922 -0.164452384715107 -0.226537367773403
0.234382336664483 -0.105652887476858 -0.300602229311432 -0.110721215421035
0.145374898015293 -0.214172135643747 -0.279183192968624 0.0391010407802677
0.0264892536551895 -0.249775811639882 -0.206736000601068 0.128753433588943
-0.0587905702970641 -0.23174598022663 -0.0997548196774114 0.146489479789725
-0.102945271338987 -0.233390891997813 0.00153971838452383 0.106600235729416
-0.101635922291284 -0.238074680916981 0.0666976442442208 0.016712490608964
-0.0971868592656638 -0.286026253990625 0.160176268026077 -0.0429809731333657
-0.00205442342716081 -0.357164968450889 0.245885706762524 -0.0376171633769996
0.151964068055357 -0.325664943334511 0.281690410440273 0.0639011031446477
0.325804259483894 -0.220430199143589 0.222812928161088 0.204397701359753
0.42219117253351 -0.0391368517030816 0.0976031096704151 0.228269076039971
0.399385890513748 0.131150779203601 0.0580540110554465 0.0893752304887708
0.277348937857425 0.268890584001442 -0.0622584558161077 -0.0404731410832551
0.3469880612402 0.156670883838945 -0.0866677432025567 -0.229526901282117
0.360376550881425 0.0216235580489849 -0.184564088452407 -0.258488404025261
0.278991927498049 -0.154611421764112 -0.266904895114666 -0.140096732180853
0.156101107625578 -0.259791908021493 -0.239781086021767 -0.0398869454416476
0.0243953035605041 -0.283758475183869 -0.203234331356529 0.0332567356254977
-0.0605555789786384 -0.254164913900794 -0.120222705321107 0.0530304204962346
-0.0926238946253482 -0.249559922020317 -0.0351806755228444 0.0129721710721694
-0.083061820508484 -0.25374611246941 0.0233369239452394 -0.0722787426857011
-0.0728408736813171 -0.298659790333669 0.122814720140266 -0.128304301533645
0.0256168840355352 -0.357192487326349 0.232403907989891 -0.121834681682266
0.178079350708911 -0.317135334342836 0.295703782529803 0.0125677119502261
0.353231262182209 -0.198078835914837 0.207856954563596 0.186813803026932
0.438668893452006 0.00786832595472457 0.0265227715541993 0.217023904635259
0.384550889268067 0.173124756941011 -0.0657723904850581 0.0237471749522189
0.240996044596859 0.2520302851797 -0.18282272690364 -0.13076374607207
0.333811649400797 0.155078907050815 -0.175042500005621 -0.25855099740398
0.35766835884827 0.00748611329223275 -0.199838534501058 -0.262359812163787
0.261287075579329 -0.168963131342032 -0.21638351715915 -0.163496621173283
0.134241511296117 -0.252456117690226 -0.198188208936859 -0.124049850921875
0.0180001388137384 -0.265359968948265 -0.20144874837229 -0.0647228003770307
-0.0534285532956174 -0.235453884375087 -0.140832669216427 -0.0429174672033745
-0.0702350337415699 -0.227208381410801 -0.0655831115662424 -0.0815422042239846
-0.0507442371834814 -0.231679690453187 -0.00568284585262147 -0.158233504305542
-0.0303234557807803 -0.267488255560917 0.105608708948606 -0.199236650152663
0.0668777788023683 -0.300608556748933 0.230729661319933 -0.179383662121042
0.195790627842365 -0.246573489233651 0.299281717084883 -0.0169145222983352
0.337268379586202 -0.120118232359703 0.180183451275318 0.165707674738021
0.386153940650489 0.0761059715084135 -0.034932474929787 0.181576067958478
0.308850939944296 0.20093365057806 -0.161268434535708 -0.056431981535977
0.157936916222022 0.196684571905578 -0.288181603101076 -0.186887761594565
0.250126977620316 0.128828279626399 -0.244942791542772 -0.250715363282291
0.276715412794613 -0.00167901418955549 -0.204665595859549 -0.244372849553977
0.187308569451403 -0.137207094530948 -0.168382038153446 -0.17989414166652
0.0898944505806475 -0.184240834187128 -0.171988923062347 -0.189436774304987
0.0134502959332285 -0.195112613349788 -0.204721784851272 -0.140714687752084
-0.0349311983516503 -0.177085844527047 -0.160282368646571 -0.121798750005567
-0.037746318870659 -0.170621342501855 -0.0851149253336329 -0.161673062140872
-0.0154141027806032 -0.177354206085134 -0.0142174887497824 -0.228504368449284
0.00962998696468828 -0.198012378666323 0.113262646626172 -0.249923829616627
0.0929012980584193 -0.204349345500412 0.244203032096947 -0.20619069876549
0.184591090255601 -0.148180977005349 0.301748304152697 -0.0242994990158205
0.276352011730245 -0.029334080459725 0.154808819993518 0.140829974575238
0.280732474397546 0.129281798105587 -0.068170064764917 0.125478116268728
0.192167638617657 0.19743635627866 -0.21140932821764 -0.138410604904048
0.0409277165710105 0.122223267470103 -0.354682185059021 -0.200872003266286
0.119235623084313 0.0961470437593302 -0.275405488038381 -0.220051448590972
0.146005755549671 0.00568491843835576 -0.201891782809126 -0.221828056095269
0.0871010617683569 -0.0639587957551495 -0.142838866427471 -0.190028001220955
0.0439281043317457 -0.0733652410108137 -0.169513361128984 -0.21885972104478
0.0216870233616144 -0.0908310982013213 -0.210210691988074 -0.175678272591047
-0.0024051144034608 -0.0920808005389284 -0.17220946242049 -0.1688250320609
-0.000740271197754362 -0.0881401423158123 -0.0922250561422395 -0.2147874691868
0.0130123058109041 -0.0972348616371209 -0.00600224382308822 -0.274390345302562
0.0296528061910061 -0.105249646708947 0.13800787537645 -0.273654501681534
0.0829894246693655 -0.0988039385219322 0.264324961133861 -0.205662202997125
0.133319827883514 -0.0630051009879752 0.302094298092184 -0.0180424092766648
0.184483868145483 0.0282065370924375 0.144154208049667 0.112194821975604
0.151086175258561 0.139996628720602 -0.0680485242868378 0.0679311929586783
0.0606971191112597 0.152872173226048 -0.213841115493746 -0.203718714877371
0.0477932540208945 -0.056761421513508 0.235019872926843 0.185014289998212
-0.0475483652001326 -0.0665949378712104 0.0948787970590561 -0.0566683087209899
-0.0690598694115744 -0.0125539234721119 -0.135125270235948 -0.101853530413988
-0.0278022199918562 0.026164597521838 -0.295300680218796 0.00695294077876958
-0.00997452043360503 0.00857038710888947 -0.266177010950774 0.211102857854902
-0.0197652292189025 0.00399488695475072 -0.121059355705605 0.296410268809671
-0.032309229871269 0.00596747340061738 0.00600459364727584 0.279514163415687
-0.0451073443174867 -0.00120914575965136 0.12615944594757 0.222196903252485
-0.0437990697276191 -0.00810663881485068 0.18471775780206 0.153631796131988
-0.0403525636692399 -0.0226251251123635 0.233444440056264 0.129089564929938
-0.0249598817435857 -0.0445795997232262 0.219582081935391 0.159915438639053
-6.34621988610754E-05 -0.0326836525903931 0.181010761408716 0.177538703382977
-0.00654795408713207 -0.04704757679567 0.212374653824015 0.193654572068684
0.0181498286206155 -0.0754574456536567 0.273817010390384 0.191727515814555
0.0826457132564104 -0.0452894124732785 0.374638381755986 0.140567090714204
0.151563424708267 0.029271919199232 0.193335227970544 0.17179574406417
0.0678619815628633 -0.0230481771750161 0.06601656454062 -0.0626584701844201
0.0335448842349701 -0.0103802398609681 -0.145796864739927 -0.114943526045493
0.0468034699198265 -0.0151804297036148 -0.300589077639799 -0.0083966975575507
0.0328804541125313 -0.0669829812315452 -0.278333130577507 0.181356990758947
-0.0157739967533471 -0.0834148206591019 -0.150586400287527 0.271348296604566
-0.0558848532639111 -0.0761626731883229 -0.0208963330237349 0.265387465567875
-0.0875987950070771 -0.0843545824111629 0.100988588078346 0.20841706639793
-0.08850565590389 -0.092939612253146 0.160167562043362 0.125888548931922
-0.0837434539452095 -0.123970051078333 0.219816753176287 0.0810879039620487
-0.0342771665602359 -0.174491041627026 0.235241949304043 0.102899331625484
0.0549488540836596 -0.158462798043743 0.214714852113879 0.140820725167125
0.119482553396056 -0.127072382112865 0.222456997640973 0.184299136535979
0.176467358697908 -0.0843551603906379 0.240646432428217 0.181366459288928
0.223857097870605 -0.00812892095740767 0.309204578011738 0.127829131212725
0.236542133944798 0.116707218657975 0.12407333757527 0.119176086547899
0.183588382302359 0.0327406537335172 0.0233458806738111 -0.103508874677927
0.152226775540038 -0.00523991366378578 -0.168254231194474 -0.15202170052974
0.129756771654548 -0.0659207490792197 -0.308503501481175 -0.0313610216554045
0.0756837162834168 -0.145050484309539 -0.278632737715649 0.138864604726002
-0.00990842432534417 -0.167257860940077 -0.170603314604423 0.224850886473291
-0.073526738984403 -0.151203647723018 -0.0513315095955542 0.221663461610089
-0.116396085653038 -0.155236433186837 0.0618416205982728 0.164770826937023
-0.119929243674506 -0.162351704822405 0.114710204917718 0.0744830407144282
-0.119318035973277 -0.201876647911439 0.184366025842965 0.0109944010707402
-0.0523046167286384 -0.273836731701039 0.23387298747864 0.0194223173361276
0.0795443087074112 -0.263521387671979 0.247185934518973 0.0813883308326223
0.209713625229711 -0.20897207312833 0.234576165211144 0.168225245143839
0.302808874730569 -0.0992878690527021 0.194663974112504 0.181885361673442
0.330580647325718 0.0264444566761393 0.20278882274334 0.109938437368852
0.291955501928251 0.183982054085612 0.0267585365486291 0.039292130322993
0.284750602627173 0.0785806290472209 -0.0394730935933645 -0.160290723909729
0.265283323040134 -0.0122952383650661 -0.196681894811112 -0.196044729071932
0.203018400013873 -0.12680533359061 -0.304981928971504 -0.0613421955325013
0.105384360024459 -0.217776450298129 -0.265528956258071 0.0793610798413911
-0.00907194179942698 -0.233658146766481 -0.183848304707835 0.153457572287186
-0.0854525253705351 -0.20539828147144 -0.0823129351133246 0.15281471947931
-0.128257550690639 -0.202490779102928 0.0151933676414441 0.0978063310842257
-0.129319903425604 -0.20822868379673 0.0586416249281846 0.00665211223449153
-0.130225179860446 -0.249124818014512 0.134569047556833 -0.0654582200465993
-0.0552719331432087 -0.328682319179621 0.213693217928606 -0.0691741129626959
0.0954638992685504 -0.322650755861732 0.265254992736886 0.0174197334667832
0.266839767223045 -0.254724130912376 0.235333803921095 0.150800901717557
0.380120235711854 -0.0945681173021229 0.136859807946606 0.188811351905051
0.384620384040545 0.0639598093945469 0.0771614014603315 0.0810127502525703
0.305382605301901 0.213967677620804 -0.0920325503362959 -0.0459916198156981
0.339896229607366 0.100508156475236 -0.12269461096924 -0.204638391089561
0.335301233031597 -0.0271556008978673 -0.222539599879552 -0.223075563545933
0.238949285895568 -0.177552572188621 -0.280458221365255 -0.0940923239018481
0.109990286212681 -0.261496648867114 -0.241494797410591 0.000175468584795409
-0.0151751697037308 -0.264925307969549 -0.194757330688003 0.0647385729653831
-0.0899674748513639 -0.226102189458698 -0.114448053486193 0.0671671173726876
-0.12018459358636 -0.218766185040228 -0.0325085612315367 0.0161899540816666
-0.114439755719855 -0.223895081514751 0.0059524321722995 -0.0704677447736533
-0.109906759478698 -0.263809148425004 0.0882240266577335 -0.139878111475439
-0.0299955394689957 -0.333153430543031 0.190914554171466 -0.146346771151482
0.119801051272516 -0.316969519368227 0.271461033317758 -0.0343121604502229
0.295182225682686 -0.235299827668622 0.220097882631534 0.137316530102074
0.401165100764698 -0.0532493376320865 0.0716655783179872 0.188827255002697
0.375012352077869 0.104779587557815 -0.047328698556854 0.036835718161659
0.266022501841337 0.204586262046204 -0.212717180023066 -0.114670345684085
0.326198168218302 0.101134149361614 -0.207982931975739 -0.219537198580235
0.330215603641733 -0.0410293839964379 -0.237982116306718 -0.223052387076709
0.220796331934842 -0.188484779712161 -0.236335444380273 -0.123077852082735
0.0911397344366083 -0.250507209017466 -0.215146435049389 -0.0846701645074747
-0.0193433284125236 -0.246961329506981 -0.206538627016042 -0.0267897229525099
-0.0815694805306212 -0.209277873422543 -0.146928818361501 -0.0213653001846059
-0.0958428067990054 -0.20097854894271 -0.0738954005449469 -0.0675818287947857
-0.0808945973666028 -0.208700046608076 -0.0317715105496497 -0.146731259888404
-0.0660064995016285 -0.240335131275455 0.0634314907025409 -0.203844590624753
0.0160304427431973 -0.285202278965246 0.183301892989586 -0.201426922550405
0.144605725572409 -0.255037976130575 0.273913920286566 -0.0622929164928988
0.290804920771799 -0.160977969585688 0.194275872074259 0.123255899284098
0.361128315182833 0.0158724336833017 0.0106178329158265 0.168670451371558
0.308895922276007 0.14136983112739 -0.148975748743049 -0.0244193403353331
0.178710329227262 0.164350993578814 -0.310505452240752 -0.149931541009658
0.246289385118091 0.0883089204936176 -0.268696654210811 -0.203076066043379
0.253702795184779 -0.0377802571472468 -0.236045018024768 -0.203935774326864
0.155883315322412 -0.149391194241725 -0.190753903003552 -0.145439670415239
0.0602330470308515 -0.182208646444882 -0.196998382150244 -0.15115409007234
-0.014155607713279 -0.182050965081273 -0.217662792825623 -0.0993424124720771
-0.057269798653022 -0.158625377967676 -0.174042775287756 -0.0940316903396335
-0.057695908051497 -0.152631599346002 -0.103659966630381 -0.138228526661444
-0.0395810657820643 -0.161696850580431 -0.0481307032778988 -0.210892365380083
-0.0194180879265392 -0.181011478486817 0.0657949731003161 -0.250539933042987
0.0539578893819853 -0.199671171018559 0.194611378632117 -0.227598770375368
0.147832044914617 -0.161480495390415 0.277115152754214 -0.0684409441883469
0.248132384756727 -0.0679935538877337 0.168031489819534 0.105556892539567
0.273088901513299 0.0798153958768267 -0.0309673782058398 0.12616575963705
0.2010896127034 0.155635943348591 -0.210337931285055 -0.095152857468906
0.0542568780965718 0.110239816831177 -0.362669552116215 -0.153154501101665
0.120088064536796 0.0745331652312877 -0.288844956635079 -0.171220729005564
0.133549728575768 -0.0136919277911212 -0.224713607545911 -0.182525759831184
0.0718466262723766 -0.0690070198533608 -0.164414419939361 -0.159740995073754
0.0321316577626497 -0.0738314486712828 -0.19559117787007 -0.180663921588269
0.00718740122435489 -0.0860660053077213 -0.223300427192367 -0.134586573077391
-0.0158818265067014 -0.0843061813870715 -0.189634239061665 -0.136636551204287
-0.0116862774103189 -0.0806847621252354 -0.117020549101501 -0.186247650012986
-0.00190204850231409 -0.0904563315457742 -0.045165660751587 -0.254077937655147
0.0115904414057557 -0.0985821287117238 0.0872585504142736 -0.2759087943498
0.0597512231850496 -0.100763214669005 0.216119439442735 -0.227721130666813
0.111655563881296 -0.0761351796038654 0.280302009628194 -0.0591893434925605
0.172528123739402 -0.00173133406408787 0.153989139196408 0.0847757399643937
0.156825434491451 0.107516737732243 -0.0428874297862679 0.0753005067363853
0.0750001314564511 0.133277186563527 -0.225101661146567 -0.156969359991617
0.0456381922388233 -0.0534154456128597 0.222278633426186 0.172865168755032
-0.0446843923462701 -0.0614668458513424 0.0902844754799883 -0.0539726387047776
-0.0652538726068202 -0.0119546725433469 -0.127543098494823 -0.097653802098955
-0.0255896084031264 0.024320125241516 -0.278538594994488 0.0059354468218225
-0.00939483426812521 0.00799298749325783 -0.246848571331771 0.199532980151577
-0.0192560053582846 0.00373548307327852 -0.111893295024716 0.27822974309145
-0.0299998607313788 0.00634532084180877 0.0076910529433974 0.263320617959903
-0.0427998206160034 -0.0003545561437841 0.121218037642847 0.207991119651415
-0.0424048582201386 -0.00749744093685539 0.175422842469908 0.143602147001251
-0.0385291381594307 -0.0227088106450727 0.219789664669165 0.119482153668181
-0.0242423541918123 -0.042188916562337 0.20819633390863 0.149126048597476
-8.16247539618281E-05 -0.0314628705893231 0.171463592036892 0.170160481394002
-0.00673374176814142 -0.0444583885843895 0.201072930021312 0.181662501752798
0.0170934108290521 -0.0706529063091673 0.256991973243562 0.180758602814098
0.0788117764736972 -0.0428856558176198 0.351301351552932 0.132521674581721
0.144270895629917 0.0264157033285048 0.183058489665244 0.160712245250953
0.0631856627049576 -0.0219809416886979 0.0626498972491357 -0.0590818136197482
0.0303808904535378 -0.0106784284766937 -0.137368758174513 -0.110254265221325
0.0435999152616473 -0.015511815300105 -0.282954339759716 -0.00904849678910072
0.0293425085736004 -0.0637639579341699 -0.260023980140952 0.17116022078427
-0.016664951693664 -0.077946401228881 -0.139661608252663 0.256157203742947
-0.0541455819651279 -0.0706028131751538 -0.0169959302375796 0.250571702142984
-0.0840892603441133 -0.0780923346648291 0.0978725125018039 0.194555218864637
-0.0850879862052951 -0.0870892170142759 0.151289921641916 0.118427410159494
-0.0807644449756225 -0.117170359748959 0.206331582344462 0.0742826659784167
-0.0348878088047811 -0.163649126743141 0.223096630828901 0.0946604873879719
0.0500957871807983 -0.150125722745702 0.202826534967088 0.134438275002077
0.111074802450985 -0.120503140952067 0.210501771304527 0.173421542911484
0.165871161896634 -0.0806545195324435 0.225933037977956 0.171240569497383
0.212480900834269 -0.00703120260066188 0.289454974470838 0.12058060382909
0.224072812789009 0.108479262365658 0.117938715355816 0.112744049661176
0.171779422574262 0.0293076225682598 0.0227704628262281 -0.0963291206956765
0.141493179438437 -0.00717496291270862 -0.15829441677256 -0.145354694195651
0.12142376263544 -0.0635630384603228 -0.290017031807119 -0.0304157087780086
0.0694006684612577 -0.1371625197779 -0.26088795915503 0.131746412198289
-0.0124056106576794 -0.156718151697977 -0.159326548030053 0.21303014424621
-0.0718472944153927 -0.140724106002028 -0.0458132205060071 0.209808501212657
-0.112398197894686 -0.144566821722596 0.0607987256926924 0.154110636706005
-0.115886015816343 -0.152620196231745 0.108501114184741 0.0704917737574004
-0.115542604822853 -0.190093797932045 0.171556934908566 0.00894942934920393
-0.0540039113295671 -0.25645850928442 0.220421141187248 0.0152918237455327
0.0725328959623777 -0.250198732632379 0.232275042995054 0.0777056326028575
0.195026528180229 -0.198568144325029 0.222645580112072 0.159560231955407
0.283801415044563 -0.0954327764369897 0.18271076165666 0.173132965685222
0.312311544460715 0.02484859377255 0.191028885558971 0.104300823474123
0.276688536837027 0.17130341549332 0.025949484528973 0.0387792956249865
0.26658393214842 0.071691994841284 -0.0359063877061577 -0.148385750545483
0.248221066368265 -0.0148486290778252 -0.185986790671169 -0.185889467709923
0.190012104983688 -0.122437562839238 -0.286117467234983 -0.0594281817231209
0.0954275715836356 -0.205665888924834 -0.250500362657844 0.0742017501826884
-0.0125588905475923 -0.218816253470417 -0.172639684552157 0.146554923355875
-0.0841773695130122 -0.191596515742092 -0.076028705495195 0.145260226880894
-0.123387621380182 -0.188649452880106 0.0155698080879447 0.091537292647653
-0.125373220651774 -0.195862382842989 0.0550759096384487 0.00784542951890316
-0.126778943286965 -0.235464057857335 0.124510576580916 -0.0621108164470846
-0.058422106662883 -0.309402347436425 0.200966264819895 -0.0679110990290882
0.0854240857365434 -0.304504871945995 0.248935747580789 0.0165643655333555
0.247800031240869 -0.240921270419531 0.223370155426144 0.143859414132134
0.356405824570046 -0.0923061770442339 0.129055762139273 0.179834099517283
0.36171340709891 0.0601443100649514 0.0737568901848063 0.0775012909433546
0.289393535512937 0.20024011707857 -0.0860018146614114 -0.0418340825046131
0.319106395235743 0.0929675400295621 -0.114081934538092 -0.189878956257134
0.313448299992853 -0.0303602751495782 -0.21121463096243 -0.211146458137873
0.223177583738917 -0.169492649635222 -0.2634259400572 -0.0901558629128186
0.0996727761170757 -0.246689235076992 -0.228773521771697 -0.000252264458812443
-0.0194977851560662 -0.24815697479773 -0.184214809784277 0.0632946892164137
-0.0886405768864774 -0.211394146223306 -0.107693512756768 0.0638580787862597
-0.116172416128353 -0.204729990463756 -0.0306944945575698 0.0146401781013971
-0.111589199625246 -0.210763421271569 0.00435962554318326 -0.0652608093157084
-0.106592727554228 -0.247158845505526 0.0806975943916588 -0.131754136306978
-0.0338192986619449 -0.312696126806579 0.178255210293768 -0.140597006660123
0.108311252520883 -0.300424860141673 0.254579878035301 -0.0319626250982106
0.273492871443054 -0.224568719644813 0.208934971191484 0.131160488418554
0.376294968293435 -0.0534576482784442 0.0682670691800226 0.180250607981207
0.355704183828662 0.0997522534746296 -0.0442158453756739 0.0358976222817103
0.252920281132251 0.190222505259273 -0.200461022059382 -0.106290421671782
0.306132938795823 0.0937688324508127 -0.195262064155833 -0.203670624698036
0.308417675953606 -0.0405930742801378 -0.224908697276735 -0.211397673594597
0.204974109823429 -0.179726698457811 -0.221544622543178 -0.118444075204178
0.0825106785553873 -0.236572307979192 -0.205438774252686 -0.0797478644382538
-0.0223676838275921 -0.231779335120578 -0.195663930230016 -0.0226886592684551
-0.0807904647702233 -0.19604302762747 -0.139395932593799 -0.0186801525576757
-0.0921837731881667 -0.18807986620833 -0.0708623113822689 -0.063745228520267
-0.0793256954277617 -0.196759798670239 -0.0320851503292169 -0.136239690997376
-0.0649933072817091 -0.225237150520368 0.0570863620492538 -0.192119805007625
0.0102134144115233 -0.268067132319217 0.169236701092077 -0.191493444462218
0.132751898222339 -0.240692949408148 0.255958413586773 -0.0599185244296795
0.270410796003859 -0.152807541181908 0.183026769482691 0.118428561183942
0.340354192541397 0.0110387898225267 0.0112684016253614 0.160864252896675
0.291756148369248 0.133332074579603 -0.13981263683109 -0.0212413296727311
0.169212803145066 0.153151886375105 -0.292676275093939 -0.140384002253566
0.230198491414024 0.0818252695520649 -0.252593236301364 -0.189023817135002
0.237419591241317 -0.0380212145950397 -0.222907478348348 -0.192195404463591
0.144952018433452 -0.141405599161737 -0.179461860292827 -0.140626245114539
0.0541758964060453 -0.171547457202922 -0.189581614576331 -0.142181993318464
-0.0157034020119582 -0.170035396527306 -0.206060745997807 -0.0906418234550783
-0.0566945761811317 -0.147391875703503 -0.165783103159734 -0.0871334094805645
-0.0557987465018344 -0.142721242272197 -0.100062095198288 -0.130301409726723
-0.0392868734997398 -0.152037270918026 -0.0485275612402702 -0.196909201975696
-0.019941307806577 -0.169435341918062 0.0592692029869009 -0.236061033872771
0.0478747004404724 -0.188503409420666 0.180301452416148 -0.216014875277266
0.136456446610966 -0.152607004148188 0.259620808751818 -0.0650787879783055
0.230933233803687 -0.0656152968799806 0.158543620986935 0.102168778032902
0.257184755255303 0.0722879112787723 -0.0279192415402535 0.12083937460595
0.19141606427037 0.146374299196737 -0.19763792616155 -0.0880120501310368
0.0521855887278984 0.102830269117279 -0.342052830912092 -0.143602360849247
0.112210575444223 0.0699450763490203 -0.270786658132814 -0.159715434595291
0.124240265133693 -0.0141658831265142 -0.211737771759489 -0.172518792048084
0.0666165918699504 -0.0646014076407208 -0.155833949053221 -0.153522298540664
0.0296300710637821 -0.0686808686934762 -0.187840261768446 -0.170144776869507
0.00506248198979616 -0.080877192106478 -0.212188279825673 -0.124472722062503
-0.0170606290784355 -0.0780541189872003 -0.1799088855773 -0.127778920678444
-0.010714315162573 -0.0760497159546735 -0.113009995999736 -0.174600954229839
-0.0027266508753992 -0.0851400296036385 -0.0460415078447998 -0.237236169298858
0.0102977690119862 -0.0914150559230437 0.0788043044567585 -0.259508754094686
0.0548807476132051 -0.0958842422173726 0.201093332793611 -0.216483992676878
0.103967370143517 -0.0724484692746366 0.261999301236225 -0.0567247167917783
0.160706711277677 -0.00157734620836751 0.144369720719001 0.0818927292458325
0.147868481669172 0.0990481579315092 -0.0386760312206445 0.0732647407912182
0.0712932346980619 0.124491412736915 -0.21093693107105 -0.146204577139248
0.0459860231408402 -0.0501036278264547 0.211564924838166 0.171773275771005
-0.0416589156679554 -0.0593772116344947 0.0897321569509588 -0.0516189126209297
-0.0632545354424999 -0.0129557391860498 -0.120516290150754 -0.0987887424246727
-0.0247372571720791 0.0222686167471826 -0.271524932191759 -0.00232175856503401
-0.00905927977326796 0.00691188029648067 -0.242398340299856 0.187776340379311
-0.019080636188504 0.00315457907071551 -0.11340299967678 0.267188278246391
-0.0295430628874497 0.00556819088678367 0.00346257285691982 0.255192230981564
-0.0422509688332113 -0.000910643816153911 0.114649059027836 0.203717400705938
-0.0418960971688903 -0.00910094493449845 0.166998895866946 0.142903368598881
-0.037875138257833 -0.0234854926501913 0.209920858442603 0.119722483340936
-0.0232274598109635 -0.0420338961237309 0.199878857122466 0.149142752983767
0.00118094206942875 -0.0311906912699436 0.163261164821256 0.170675873608653
-0.00533659282903656 -0.0433342177470597 0.190935972351325 0.180871170748321
0.0184816550693689 -0.0673475955403675 0.24343445999471 0.182028720157875
0.0787501527415787 -0.0395001189853875 0.334720273629458 0.138444441667084
0.13968738442856 0.0288827204791431 0.174549669693597 0.160173028082048
0.0607717001416818 -0.0193060806153393 0.0637425423957818 -0.0553595211598513
0.0285453797658283 -0.0103417870106054 -0.130094408252657 -0.111341724348214
0.0427775667164815 -0.0150289799771799 -0.274838779519508 -0.0169172556328068
0.0292872675758757 -0.060971272724913 -0.253754482677047 0.159220121908918
-0.0156551362811899 -0.0757283257725553 -0.139282224953009 0.245621278043062
-0.0517848921720735 -0.0690458737095085 -0.0204596372472262 0.242492434104063
-0.0807957805649193 -0.0771970321370623 0.09252735461028 0.19022719130933
-0.0829179012750284 -0.0866090176110084 0.144000161588924 0.118589850187568
-0.0771540595630649 -0.116395729738319 0.197771231417805 0.0758304445855754
-0.0323367767357276 -0.159032436544145 0.214805624964099 0.095753257270796
0.0511619699206715 -0.145574654085525 0.194111962603866 0.136977458542999
0.109263520073198 -0.115072997479113 0.200959350913415 0.173847134201074
0.16207926730834 -0.0748272694182379 0.213129791039871 0.173159275525015
0.207122564265302 -0.00189261205462433 0.276321580018098 0.126383150769083
0.215221157079225 0.109338043284567 0.113545751395053 0.112749866705132
0.164905357545541 0.0322073079579451 0.0263664952641609 -0.0915489322709823
0.135241503521833 -0.00498380069792529 -0.150461438106321 -0.146981704297789
0.118247616844824 -0.060186958356045 -0.280122537175914 -0.0383478316360817
0.068042843310834 -0.131573931256675 -0.254350360651905 0.120746957541821
-0.0105528464285486 -0.15127210315931 -0.157353529390863 0.203822279184204
-0.0686477140027776 -0.137513773422297 -0.0481568008542204 0.202258682745989
-0.107329764354088 -0.142057685587036 0.0567067973368285 0.149974992777042
-0.111582807335948 -0.150266553949356 0.103650320083901 0.0718076802675314
-0.109518953596479 -0.187319705592817 0.165350983374854 0.0123834796855166
-0.0500801638800778 -0.249522699761198 0.213249073628148 0.0187196163096992
0.0729559379391938 -0.24132279327198 0.223074352977402 0.0822697956014038
0.191659439858671 -0.188661626961326 0.213303766610634 0.16080944693568
0.276632586335529 -0.0875649185917093 0.172243730921724 0.174669148562598
0.303131863755879 0.0322825422511595 0.182498103697619 0.10717988140593
0.264951992558984 0.170935669193556 0.0256848293123684 0.0392484133561716
0.255703173441712 0.0749110315752156 -0.0293834896812679 -0.142427766808113
0.238882745613782 -0.00990725125410961 -0.175620700048948 -0.18705387010617
0.185531606179966 -0.115463097681617 -0.275375664738252 -0.0673099534415143
0.0952128307787974 -0.19731128058059 -0.243811951869567 0.0655610202638638
-0.0105096416236535 -0.211284996444471 -0.169933982521612 0.140062912492566
-0.0803641488502378 -0.186801511894522 -0.0757806409181246 0.139534110014345
-0.117964843987282 -0.185168677061497 0.0139340792784905 0.0882043757765657
-0.120327664621935 -0.192178136676363 0.0536354404451041 0.00932650563587466
-0.119987141774513 -0.230321093743591 0.120534643718697 -0.0577754725119674
-0.054563877311598 -0.299949488582766 0.195031980495812 -0.0636455915392597
0.0861516578561277 -0.294397750238772 0.240314196350657 0.023416391588102
0.242018642044604 -0.229108153707026 0.21431598204239 0.146499499404188
0.346978872669497 -0.0831714120320943 0.121095320562776 0.180405914246702
0.351553892089692 0.0676987786528901 0.0698648652482681 0.0781864388076992
0.277476917423877 0.199029999557382 -0.0811595663324177 -0.0413545819609558
0.30581017668431 0.0957679738523067 -0.104484488207216 -0.18405624692639
0.301847688107792 -0.0246530103837965 -0.199064095173045 -0.211003033186807
0.217981023246929 -0.160830177268561 -0.251421536579125 -0.0967311795242567
0.0994402607353604 -0.236674776609977 -0.223242648238983 -0.0069358813313215
-0.0159271721204305 -0.240116687616563 -0.179619849091029 0.0586942367869479
-0.0848386768607657 -0.205932474004714 -0.105204244273172 0.060225458600349
-0.111196538249439 -0.2004939770548 -0.0302355210450817 0.0127332082421113
-0.106536268153137 -0.207401268146177 0.0045318250076173 -0.0616511085140185
-0.101273314035411 -0.242133177816224 0.0790057147963825 -0.126229475649071
-0.0305924432829175 -0.303505983048164 0.173991900545634 -0.134006760380772
0.108189756261597 -0.289610710328415 0.246707711899177 -0.0247411304272528
0.267293624646747 -0.211218421643339 0.200789858968992 0.134367400064101
0.364954347680392 -0.0457455609261581 0.0628334054265435 0.178765081676709
0.343041827127457 0.105252876145386 -0.0429523709739741 0.0354028413673705
0.241795510282543 0.189410953156323 -0.190730296635431 -0.106789767878683
0.293568592123338 0.0970270776137609 -0.182766021948983 -0.198813920583823
0.298072594142399 -0.0356570986199507 -0.213214295004019 -0.211563566457447
0.200747948664441 -0.170169878587981 -0.211355280448142 -0.123641155011368
0.0834270338463559 -0.226758918017184 -0.199426486540536 -0.0835879749874452
-0.0184478383751091 -0.223883644249636 -0.189357934873458 -0.0250279802811435
-0.0766001465482989 -0.190056628793198 -0.135005496563793 -0.0207919564311275
-0.0874250806074878 -0.184017176418164 -0.0691716145364904 -0.0633170154249731
-0.0752659327785783 -0.192264338290906 -0.029593317649783 -0.131658424597317
-0.0603176260878036 -0.218780791082556 0.0573421700427163 -0.184467085040986
0.0124202344975072 -0.259455326119545 0.167049142496704 -0.183283194464777
0.131209351600687 -0.231361222728115 0.248093131695871 -0.0508750683537941
0.263040538527358 -0.142794477169371 0.176695532340672 0.121437985323317
0.328985402532788 0.017106390580418 0.00761803864852651 0.158837619408199
0.281460258122 0.136806936284533 -0.134582826489354 -0.0228785653345398
0.160930652562621 0.151721079335167 -0.280258244084326 -0.142947969018917
0.220550330012911 0.0832384427033428 -0.238919420632766 -0.18813980213029
0.228215346913604 -0.0327488510575812 -0.211903520597319 -0.192707278555468
0.141713628548223 -0.134506308931652 -0.170638445352995 -0.143882795097408
0.0550814113040504 -0.164933408705451 -0.18390461447782 -0.142835978443646
-0.0137616923916512 -0.164629869054276 -0.198449301145 -0.0915571079667127
-0.0536206520544218 -0.143495847860445 -0.159736247135003 -0.0874947624350945
-0.0515180718684564 -0.139163186998075 -0.0970378529201559 -0.128516827689766
-0.0368534524652485 -0.148314481189002 -0.0451375358374144 -0.191031844567571
-0.01684986813967 -0.164175735880065 0.0599925347421319 -0.22720142569457
0.0482837666649068 -0.181130127898916 0.177772703617496 -0.206318301380028
0.134647663907452 -0.14525175622183 0.251613542806333 -0.0566597684554107
0.22361800162224 -0.0573216990779617 0.15156869198031 0.105115317035677
0.247086764642446 0.0753742112098185 -0.0287253176530141 0.118296872766607
0.182677091126136 0.145900907616817 -0.188243806435735 -0.088629332698657
0.0486193861422569 0.100472015035728 -0.328288366509138 -0.147324126244308
0.107332201539431 0.0700154599064359 -0.257736578359884 -0.161557832976863
0.118769316244356 -0.0116597510485144 -0.20106214864148 -0.17272315359504
0.0648449770120214 -0.0609774184922117 -0.147255603219236 -0.156426216737366
0.0301290570477765 -0.0651044568782451 -0.180728405166617 -0.169043304706866
0.00617786204052435 -0.0784972105334884 -0.203493313506911 -0.123849670069764
-0.0154196421388995 -0.0750340214164734 -0.173566190934071 -0.127110899624803
-0.00854715142226988 -0.0737922792998962 -0.108691714762411 -0.171081358029838
-0.000828755861527162 -0.08232946623156 -0.042354492416803 -0.229833847539087
0.0119855116551657 -0.0871162130192917 0.0800903797065719 -0.25001764176145
0.0546039178740337 -0.092100651474919 0.197400579336485 -0.206013830958473
0.101461846696805 -0.0673456211145536 0.254065652400747 -0.048893400844001
0.153932070250661 0.00163096379604883 0.138214207426485 0.0850418634657752
0.140892647336029 0.0981442924679665 -0.0382476778094446 0.0716867079229553
0.0670658352829145 0.122069080313593 -0.200607595023889 -0.145042464005286
0.0486025290681091 -0.0496978150589375 0.208770934959959 0.178331737080761
-0.0401588673048449 -0.05988869071095 0.0930495684394608 -0.0505773940127285
-0.0640532304832655 -0.0142539792405849 -0.11893375895118 -0.104918872201435
-0.0251583474208898 0.0209742801388927 -0.274754603147375 -0.010341016303259
-0.00876952872134558 0.00651152423905224 -0.247060269225262 0.182542416183029
-0.0197281636238278 0.00244821852856217 -0.119285039054656 0.266410063213351
-0.0297879585240735 0.00543138229387546 -0.00163206009532643 0.258080219839445
-0.0428142091574296 -0.00147908634507014 0.112193764410713 0.207580945066558
-0.0430816036882612 -0.0102485613672166 0.165341627406651 0.149218090490021
-0.037946562940651 -0.0255902543401548 0.208954172763994 0.124862370848803
-0.0230215587423666 -0.04257528030141 0.198768388767901 0.155071448414774
0.00218465411810942 -0.0321089048691755 0.161587209481705 0.178583399904414
-0.00478297833941899 -0.043239206482134 0.187701395916291 0.187991493423609
0.0204656939610375 -0.0673050700238034 0.238964238332707 0.191193412462477
0.0819126906780779 -0.0380648796753722 0.332529458355796 0.150499343530645
0.141200827402296 0.0323224426461237 0.172763039515748 0.166735354105842
0.0616883421598142 -0.0172056289196683 0.0672921966452329 -0.0547836253279558
0.0278680578509346 -0.00965695441035708 -0.1280389131162 -0.118018775666437
0.0430034630424627 -0.0145991348535589 -0.277834878849044 -0.0258097744711416
0.0306717784098666 -0.0612046322176928 -0.257757793444588 0.153618390511989
-0.0152233472407265 -0.0762883497741109 -0.145596963048214 0.244553319182814
-0.0520756022447108 -0.0699676070858472 -0.0255836213775926 0.244126115705978
-0.0805758273593089 -0.0786695751714937 0.0899955221242022 0.19373710339333
-0.0832486008696822 -0.0896376617248949 0.143332843016021 0.123544019241192
-0.076989573514157 -0.119547620776429 0.197199613553794 0.0806317025330957
-0.0308860252051427 -0.16108877219587 0.214472532893729 0.100279228700881
0.0538927074735649 -0.145979006597047 0.192159637150131 0.145262640765447
0.112682584083614 -0.113956609382111 0.19913083921501 0.181814880192215
0.165077481584253 -0.0713265305524996 0.210538135742547 0.182176422494283
0.210066039908419 0.00350688001959626 0.274734527656989 0.13599059967534
0.216057170866058 0.114708410988921 0.111917049897772 0.116787239250344
0.164656312276849 0.0359811915296182 0.0308854858475987 -0.0910997429473173
0.134829345237115 -0.00230397382956782 -0.147081611313292 -0.153676674297132
0.120044039407737 -0.0590786963417219 -0.282160512594266 -0.0479876449507302
0.0710225867962107 -0.131119344342632 -0.258486361354537 0.113868675694849
-0.00976885477749533 -0.151535223128254 -0.162757286795303 0.202471995522585
-0.0678232117598244 -0.139116236705091 -0.0516662392063216 0.203277321076744
-0.106505668463545 -0.14443554539707 0.0543837870217744 0.152135965926438
-0.111523553437946 -0.154538373335291 0.103461615743836 0.0757782463350548
-0.108717582693075 -0.191320355151924 0.165192669998691 0.0164189235914584
-0.0479459147484494 -0.251519942034645 0.21470537098124 0.022657875743963
0.0772774545350331 -0.242504231182636 0.223196583164246 0.0905416794339859
0.195868436714263 -0.186030269195937 0.21146225675144 0.16916958076741
0.280680551529124 -0.0823060574918158 0.169081934238253 0.182958049982702
0.30710517340768 0.0408640857851475 0.18151613886088 0.114709396336051
0.264201204542347 0.178233065970737 0.0266110212564181 0.0404997719947114
0.254614230920825 0.0808726632504952 -0.0234931889324836 -0.142417904928428
0.23901938130944 -0.00522750264685034 -0.172577924473963 -0.195187889213692
0.188173427414805 -0.112845340742893 -0.276174546922125 -0.0774801617985548
0.0981135793924796 -0.197143128681012 -0.247673008903453 0.0585957924843189
-0.00842479127357285 -0.212062042672967 -0.17372080654946 0.137828704311859
-0.0787762449764352 -0.188707312470898 -0.077958587424632 0.138692222322461
-0.117453745689911 -0.188457040634671 0.0120283855032881 0.0894973008303353
-0.120144319099464 -0.19750841324491 0.054039490715022 0.0119462284134069
-0.118557992633103 -0.235156826751905 0.121795862232321 -0.054642626658777
-0.0519054616506458 -0.303328383575319 0.197119846893426 -0.0604100350182528
0.0915831732668081 -0.295347824334856 0.241364486863241 0.0312953083670713
0.247990853248141 -0.225437109016736 0.213998177049695 0.155270052275899
0.351503027043688 -0.0772460982383434 0.118517171415316 0.187605309167142
0.354576464173939 0.0779774337524525 0.0691219081240907 0.0825747074969741
0.275760119715748 0.206593306205917 -0.0794099795223086 -0.0431550909112655
0.305031720597366 0.103888433807051 -0.098187516924681 -0.185545377199923
0.303090814753567 -0.0186723202923395 -0.195869768453752 -0.219628895757587
0.221831697007782 -0.158013281175528 -0.251419583514948 -0.107360533894799
0.103347985199773 -0.236608282919996 -0.225327949964838 -0.0138936015899392
-0.0132509938847402 -0.241246413562854 -0.181756045421176 0.0567411381306312
-0.082887861486329 -0.208024272079447 -0.106772506979686 0.0585807193682834
-0.109487836810208 -0.204129605664736 -0.0315970792084721 0.0122544837260921
-0.105719442941294 -0.211601263207824 0.00565889635034138 -0.060766693197959
-0.0992626109205426 -0.246401567020036 0.0805067267733297 -0.124053634894097
-0.0281324679182561 -0.305568956567021 0.17695654836149 -0.132998606604184
0.112383275856051 -0.289759386376099 0.247967063103735 -0.0175018101758512
0.27236859505465 -0.207658405860089 0.201021400452443 0.143784695647522
0.369050692343171 -0.0388202078225025 0.0596260669686464 0.184329747313702
0.345266242726075 0.115259041441075 -0.043195542576341 0.0361466043977235
0.240081079868272 0.196913298587758 -0.188568530623144 -0.112000306441349
0.292873829731851 0.103811413394341 -0.176194833892047 -0.203396333864918
0.298962308371239 -0.0292577042516377 -0.209096103551117 -0.219619731762795
0.204666669149908 -0.167444034960356 -0.209611271026001 -0.133801315712472
0.0873772427469759 -0.226632027435646 -0.201011567511587 -0.0898659803991622
-0.0164457222078305 -0.22591821809148 -0.190344761653931 -0.0283773432214332
-0.0751966600115802 -0.192353038669933 -0.135229623997396 -0.0236200434886264
-0.0854825210902729 -0.186846301977542 -0.0706088365885937 -0.0654589749364023
-0.0741493671722338 -0.195419206518848 -0.0286695812676215 -0.13226696143067
-0.0579623928325406 -0.222268637366905 0.0592639075034968 -0.184158020775281
0.0153165271157103 -0.261017209214545 0.170941119322262 -0.182683981755171
0.135852770110799 -0.229858356837037 0.24992607228727 -0.0449340867886525
0.267265799987851 -0.137913344450449 0.176151001997257 0.130659541903781
0.33084283459744 0.0235497001551889 0.00494241433339099 0.162806598755582
0.282165303962604 0.145100952106246 -0.134832513512424 -0.0254295062159172
0.159744323196541 0.156592690570754 -0.278777802457553 -0.151599522950612
0.2203219632987 0.0892615504073584 -0.233293918189938 -0.193569587926827
0.228941544713968 -0.0282041451646334 -0.207716780148472 -0.200340944646632
0.144683771675134 -0.131554151661605 -0.168162762440541 -0.153593815975243
0.0582799180249552 -0.164369022245 -0.18392194159818 -0.149658587684414
-0.0113908458749784 -0.166261177866021 -0.198311568586114 -0.0955810008585704
-0.0518272410494521 -0.14398800197166 -0.160036917228867 -0.0913081740090267
-0.0492880983293747 -0.141253535297775 -0.0971288903139523 -0.131451883379637
-0.0348722825892519 -0.150564138937098 -0.0431016673394809 -0.192224270316825
-0.0141280145036816 -0.165336614952982 0.0634458244089764 -0.227601694811183
0.0507570635348572 -0.181669845516415 0.182200886308014 -0.204418419339492
0.137359483657717 -0.142999243201443 0.254005249604057 -0.050588478540812
0.225107211310373 -0.0523344015810929 0.151357850682848 0.112519248921719
0.24766664313459 0.0803853124373061 -0.0314182482839252 0.120093247608046
0.181409978034196 0.151771145312431 -0.187804040917373 -0.0930604749805019
0.0468095269369455 0.102030728512217 -0.327657834419663 -0.157839127372792
0.106306887567 0.0730730211959905 -0.253422267479425 -0.169457163355216
0.118482599562624 -0.00890364927708681 -0.198316972163047 -0.180415893317401
0.0660658676981072 -0.0586904541273109 -0.145099193093589 -0.164769541252123
0.0315479530513356 -0.064664080765881 -0.181159174915434 -0.175457180944239
0.00673555826843634 -0.0785541560598243 -0.2030087201807 -0.129349477010221
-0.0143925181706802 -0.0755464193604018 -0.173196153813979 -0.131164328781728
-0.00687964322708526 -0.0746701461360182 -0.108126560930699 -0.174996112505392
0.000558930644227884 -0.0822869843330311 -0.0387775695849616 -0.231970780750403
0.014472384172011 -0.0869630232906252 0.0844901546611418 -0.249354820802648
0.0566297452396413 -0.0920096249437792 0.202323272729875 -0.202527977641415
0.103654072693244 -0.0656787603421495 0.256978661081628 -0.0425049316296602
0.153792013749731 0.00602630029157817 0.137314357732172 0.0923619279292431
0.139393410835995 0.101913018765135 -0.039621679243815 0.0726019523487967
0.0652673811704259 0.12412579579774 -0.197759650002179 -0.151067187967793
0.0520197307249138 -0.0516566146186325 0.218483806731051 0.1856370267664
-0.0409305650984791 -0.0619070314988864 0.0985670233959337 -0.0550950284210126
-0.0668249916881601 -0.0149214436156962 -0.123294015797361 -0.111665233977168
-0.0257387686115741 0.0214039236670464 -0.288299283532609 -0.0113776135175827
-0.00887601257722013 0.00522104469196403 -0.256763179107032 0.188814040757361
-0.0207974913579495 0.0024727737974134 -0.122351813053849 0.277061336037423
-0.0314787276288013 0.00573905736630336 -0.000293859459910495 0.270036724249769
-0.0446207168189969 -0.00101480203764553 0.11842428851274 0.216219158318381
-0.0457477984032252 -0.0105434126820169 0.174066777338202 0.156220931398268
-0.0412597863109515 -0.0275189441734718 0.21747890678231 0.130138244156428
-0.0245556499319922 -0.0446016298813548 0.20794262565971 0.16178282450349
0.00264304147385332 -0.0344003010582878 0.168510312969828 0.188785047045376
-0.00419609946632513 -0.0455135290262184 0.195891202104749 0.196702558948743
0.0214569840961746 -0.0703866423360471 0.247169344647744 0.200800027043982
0.0862277637533361 -0.040182128488804 0.345552210418487 0.159383625702665
0.148085138051618 0.0330288924180398 0.181002812970747 0.173505255472975
0.0643839864644521 -0.0177647585986291 0.0722370548209432 -0.0581681229645736
0.0279365233074809 -0.00957667160528838 -0.133173118666961 -0.125318884626656
0.0447246817569692 -0.0158644867553122 -0.290310596546852 -0.0278893061516637
0.0310658148453474 -0.0648484317840643 -0.267395783132807 0.158017015373865
-0.0170923983192668 -0.0786574495540827 -0.149830712904731 0.255079661040601
-0.0551751506324604 -0.0721300151450659 -0.0246629489303819 0.254863592687386
-0.085771104027218 -0.0812163626269834 0.0950721454229876 0.201450052501786
-0.0886186600612857 -0.0939025339535157 0.150819877694236 0.130124960179191
-0.0825371866553574 -0.12572553207166 0.205088711642988 0.0833114262818752
-0.0341490256352603 -0.167401383892743 0.224063298381209 0.103489574168386
0.0554081355244037 -0.153076846843065 0.200948817096079 0.153706242792096
0.116344726376942 -0.118339278730192 0.207684692899375 0.190777147096858
0.17240868046329 -0.0752852726515271 0.217801789677651 0.192900788624949
0.220436161562976 0.00413362095539871 0.286239240059973 0.144350469486311
0.226591871163632 0.118966765343055 0.119381998122012 0.122412634713878
0.171040625922937 0.0376391636279356 0.0349557026695269 -0.0945637811751274
0.138827730059884 -0.00234200250442639 -0.15269705058859 -0.163393603853979
0.124267202168865 -0.0617876920341636 -0.294337519713529 -0.053049605604815
0.0724568530711338 -0.137181403825076 -0.269116896989422 0.117361449479479
-0.0115979301549356 -0.156916771614348 -0.16840896667873 0.211511718466636
-0.0726117405386227 -0.143883741860903 -0.0521730246421363 0.212352898418865
-0.113216653791129 -0.149987941419194 0.0576020262378481 0.15837235529324
-0.119846609810089 -0.161078310489819 0.108367826028974 0.0796797296640635
-0.116274107157714 -0.199914543441845 0.171452020738753 0.0173918204658724
-0.0537998362638407 -0.261883065146936 0.222925925694277 0.0214622403609833
0.0781238452735749 -0.253042028349844 0.232403336332141 0.096337213975414
0.202659677317189 -0.194278841626411 0.221761294203261 0.178624202389613
0.293169284363438 -0.0878218862971491 0.176722766172999 0.192856485639501
0.320704265321812 0.0430570637023849 0.189842097820671 0.121877358536405
0.277387359171652 0.184766795357425 0.0295311049937601 0.0426150305210031
0.265608121312461 0.0841102491912766 -0.0203234734331964 -0.14730299931419
0.246506360188509 -0.00610312184894427 -0.178639970102114 -0.205965177101532
0.194562303121556 -0.118571205418164 -0.287940241443065 -0.0838469521470217
0.100541073902579 -0.205592367380831 -0.258076602137526 0.0591435785798401
-0.0113020249964866 -0.220295115888497 -0.179949751019698 0.14505712186999
-0.0848423577842667 -0.19564364884133 -0.0797190024406081 0.14538716867653
-0.124002541279035 -0.195140979848958 0.0127539681644392 0.092363138274354
-0.128395557388024 -0.205650810639644 0.0556916268394763 0.013057421912696
-0.127316347246928 -0.245239033011444 0.125107440582065 -0.0567281881240543
-0.0581864259433227 -0.315022392241773 0.204274424206502 -0.0648907715559065
0.09187742316244 -0.308542997558817 0.251195523066229 0.0344238781211174
0.255297124803018 -0.236670671978606 0.225446416278994 0.164196400668164
0.366544438408202 -0.0826262573546385 0.123731704518936 0.198332005698539
0.370796756794551 0.0811862938898196 0.0739084870700532 0.0884000639029594
0.289021532555386 0.214397403094145 -0.0808443185624547 -0.0442350954070516
0.317553262524426 0.107692043405285 -0.0979329444117733 -0.191822696041928
0.313254476346186 -0.01950891550554 -0.203512049664782 -0.231240492513278
0.229851284907244 -0.165556432262713 -0.262529931914946 -0.115600770619487
0.105758033046571 -0.246897967366595 -0.236182651609672 -0.0160201904399377
-0.0174289522551234 -0.250770743714469 -0.188892832615285 0.0599290967634689
-0.089260111536313 -0.215110304863842 -0.109790724495218 0.0613667316988373
-0.116208048663995 -0.210863932121879 -0.034101680741382 0.0128429035489739
-0.114239948443604 -0.219824429419965 0.00553227837995477 -0.0619985945946924
-0.107370891456033 -0.256304423094426 0.0823572549329198 -0.12901567162276
-0.0334314386105221 -0.318119441140849 0.182425891060908 -0.13950311154745
0.114035860401303 -0.302497825956914 0.258259706819197 -0.0167582222339422
0.281654129370038 -0.21657092608919 0.211044205829298 0.15225484714099
0.38441654830474 -0.0439496540690345 0.0627161483810132 0.194930041292138
0.36157642275889 0.120252070760578 -0.0437908479471977 0.0394341653737347
0.25161891149614 0.20445618125905 -0.195849344968526 -0.116888678002999
0.304637723616003 0.108141670522478 -0.179790081503534 -0.210165121689385
0.309408651008248 -0.0316846431619701 -0.217426345548355 -0.230348361813378
0.212100930403965 -0.175165616314763 -0.219782326442709 -0.143590679560592
0.0894929810935767 -0.236638234144296 -0.211871708893643 -0.0954540417777088
-0.0199176821430157 -0.234734762476436 -0.197958241412016 -0.0283124980925447
-0.0800994976208565 -0.198330188760649 -0.141406229184201 -0.0242414092297621
-0.0910087235802915 -0.193715896996016 -0.0751552543100947 -0.0677610966965276
-0.0803685283098243 -0.203889620416762 -0.0316096056777582 -0.136683989836019
-0.0629221382657171 -0.231261500252508 0.0599544536345785 -0.190865507588045
0.0117683735739831 -0.270565264538058 0.175296750625912 -0.191203046446249
0.139043867395058 -0.239929292759529 0.259406471876047 -0.0456206752944688
0.275685851488182 -0.143483819803328 0.18568150082951 0.138755504471587
0.344546099614459 0.0231437113437417 0.00663097219524515 0.171660832040541
0.295775776625128 0.151693661318655 -0.139836538060038 -0.0248356915285711
0.16705494273336 0.16210148676324 -0.290897921214389 -0.158042696407885
0.228546031572791 0.093057891233416 -0.240288788666969 -0.201580033377268
0.236746189516128 -0.0296167551085875 -0.216867913498949 -0.210517650398988
0.149636136304661 -0.13674168624882 -0.176366652186862 -0.164426775969951
0.0590533911159794 -0.171127470337146 -0.195097462976507 -0.156659757036072
-0.0146072832151101 -0.1724711273993 -0.20692134942937 -0.0991513244942718
-0.0558163491000603 -0.149211950491131 -0.167698911613837 -0.0953218622768878
-0.0523909733740668 -0.14747674085354 -0.104023155520179 -0.136203173699223
-0.0383431909567479 -0.156451231067919 -0.0471296462560466 -0.199119059547503
-0.0160670127249409 -0.17179296571911 0.0637379609419978 -0.236631187226954
0.0501607571808382 -0.188644789931753 0.188088721619839 -0.214629494799649
0.14212241675097 -0.148860064484965 0.263633599139459 -0.0520621087257058
0.232822071944608 -0.0541277994578 0.159233327152952 0.120711143898415
0.258104283936978 0.0824529912874152 -0.0307861513285904 0.126838734948724
0.190434054184227 0.157875348147893 -0.194756603559497 -0.0953713264681166
0.0496243832258667 0.105778697953275 -0.34251099374802 -0.166441367701621
0.110629244070915 0.0756284133364068 -0.262426871176757 -0.177116674567484
0.121259741617311 -0.0089655822661818 -0.206210293357461 -0.188372002636038
0.0680374563397936 -0.0604852215433759 -0.151955580116836 -0.176369533794708
0.032589933282348 -0.0670138294436617 -0.190827558252609 -0.182821104992858
0.00577072236141919 -0.0822340427898032 -0.211969801600085 -0.134241569050004
-0.0151698773178094 -0.0778524757401992 -0.182422990670668 -0.136430514396085
-0.00658735977925246 -0.0779014428610691 -0.116004672330355 -0.181886738900844
0.000243061328700011 -0.085917477616301 -0.0432126457569041 -0.240218840599013
0.0153083346565879 -0.0900021856885727 0.0859523029918834 -0.259834870761024
0.0579216996771556 -0.0956217182623577 0.209266070422994 -0.21221332211832
0.107150039582875 -0.0679527463114815 0.266388577308316 -0.0438727453383908
0.15930538422268 0.0064647404241939 0.144483185195094 0.0987083104079142
0.145341556967561 0.104858294494523 -0.0401792653535529 0.0772500484654173
0.0684452419422481 0.128534325252274 -0.206120475452559 -0.156300995641375
0.0434742909014715 -0.0638939029472681 0.262924805621865 0.162926970494059
-0.0512505770121336 -0.0573317677262362 0.0969545803852715 -0.0747554990185907
-0.0699225247777746 -0.00408159967195574 -0.145397724911873 -0.099099018624122
-0.0221607090429548 0.0220106547231425 -0.301388452362879 0.0391674478765671
-0.0111340605269252 0.00157135841122753 -0.232417623847219 0.240661095146595
-0.0222352211666662 0.00359037229701793 -0.0791599153045608 0.30893941405181
-0.0319230989111786 0.0104353072492217 0.0507405203819666 0.285086766506594
-0.0486724661381508 0.006860754895834 0.159691524618027 0.203580176602586
-0.0506569400841643 -0.00198932352406697 0.207929982321514 0.134943631226976
-0.0495967066085666 -0.0210899835240549 0.247354186536979 0.0995947708088912
-0.0351324461246283 -0.0403962148119935 0.243561071289806 0.136578942735288
-0.00315935975952955 -0.0381010727936436 0.207701739996482 0.173137068623284
-0.0122748043756511 -0.0455747766357943 0.235351926744997 0.174938546982351
0.00992252554403748 -0.0758724203293656 0.287337641538441 0.17079767691031
0.0823333531891802 -0.0577513829411584 0.385927432269422 0.115024648209748
0.160954162261076 0.00749930340567109 0.210630361092038 0.158693096044046
0.0649684761380524 -0.0275782572383936 0.0651079317074068 -0.072425054439588
0.0289817097086551 -0.0135325406414201 -0.162897879342964 -0.109324438546089
0.0459219889241314 -0.0265359795927675 -0.309349065969295 0.023785075768045
0.0199774877654256 -0.0760745281765216 -0.250479794306073 0.213449814198292
-0.0314363114803329 -0.0811352101911652 -0.110470453287526 0.294218470055
-0.068863846679744 -0.0670965334457424 0.0216882586516642 0.275397727533042
-0.1033336697794 -0.070135255835613 0.13283599984227 0.191939898467964
-0.10969150894791 -0.0806243646914006 0.179011109259941 0.112177369090999
-0.108306734438257 -0.114886014556262 0.224957827159986 0.0550895708280281
-0.0655988262113913 -0.163883774379424 0.249223580901948 0.075095559277341
0.0319113085073328 -0.167851190223296 0.233784099256611 0.132463731696627
0.0988780287590644 -0.140973688266112 0.245529496062992 0.165943529751141
0.163907415243263 -0.105461914229302 0.255291306568918 0.163381931460509
0.226398131157336 -0.0328278318795047 0.321861567328164 0.108928214251818
0.259942298191976 0.0849053757565251 0.126746021127065 0.115133192380419
0.185768223030597 0.0147167648001877 0.0158114953438508 -0.10318692943216
0.145996894044982 -0.0230188208615415 -0.196217669470176 -0.143138871084549
0.121461867821061 -0.085503774372843 -0.321797645295229 0.00116884890179031
0.0517929750766217 -0.156496802550246 -0.260934896413997 0.176179151061146
-0.0382653284985565 -0.162604538252054 -0.136344642771442 0.25653827890863
-0.0979900549865425 -0.138213537965381 -0.0153201099658947 0.23828845264203
-0.143521004205103 -0.135884123203264 0.0872344968224969 0.154414812134223
-0.153390855694708 -0.14567187085693 0.126734159103565 0.067357392885522
-0.15413355581551 -0.185716537140583 0.178791023671084 -0.00751747150722328
-0.0999665850778709 -0.257258588663671 0.234605955425718 -0.00973186034107911
0.039243391282283 -0.274041756122249 0.256147070721179 0.0690540334055243
0.174656918800177 -0.233369787389382 0.256271748279627 0.15057926836755
0.28505766671439 -0.137809872448771 0.212040331587023 0.169040792441292
0.335510366647079 -0.00784698822563093 0.21935602866587 0.0998813774616271
0.326577570611316 0.1441098787405 0.0114208024018981 0.046272587349486
0.292354049775177 0.048857159700205 -0.0550641617742212 -0.147424615121357
0.258420397517214 -0.0442857310893581 -0.236283252472504 -0.179338529100723
0.18642717050776 -0.154644603032155 -0.324478573801907 -0.030011321408508
0.0705812320591983 -0.230409971997762 -0.261618938734629 0.117079249332025
-0.0480675963586108 -0.227300171991529 -0.160057905417809 0.192271089296562
-0.118933061429693 -0.189677715050614 -0.057453441476163 0.173886520233085
-0.161965393520973 -0.182111221939206 0.0294314534605023 0.0945867106674939
-0.169464323549676 -0.1899290001768 0.0610047411858389 0.00689659120113616
-0.17213246466701 -0.230245296473947 0.117822916988427 -0.076667710354549
-0.113566973289665 -0.309453508033219 0.199617049562325 -0.0969268094977239
0.0439914655737911 -0.332196363290094 0.264365184630989 0.000790017034116384
0.220885892821281 -0.285580966999149 0.256877283170167 0.135434345033412
0.361443504913624 -0.142939735634314 0.158999334423439 0.179663031165946
0.394042957080678 0.0243121543238251 0.0933566124365791 0.0828349681541979
0.346074197234533 0.173237511164974 -0.122806302506683 -0.0275853044671433
0.351198618028993 0.0637182483578253 -0.146212805013779 -0.179827156152394
0.326818011287464 -0.0694836146567356 -0.269496300236871 -0.199027416066456
0.215813535594369 -0.20814183620083 -0.30538708528162 -0.0659680610803331
0.0709045665668592 -0.273146087965776 -0.253853440644665 0.0385810311072719
-0.0580763467167033 -0.257448005671963 -0.183485277632716 0.106566203325258
-0.125725799076546 -0.20949468559606 -0.105246267426257 0.0919916465202037
-0.155717324290502 -0.200408233623544 -0.0326747161946944 0.0200009884588895
-0.156439963185821 -0.208207411251535 -0.0056298259061858 -0.0632552164963453
-0.15189479991297 -0.245038421404043 0.0604287859674809 -0.145059635940565
-0.0885980627478144 -0.31685876074875 0.164306256525485 -0.171272134045919
0.068323184656339 -0.328453311953263 0.26190280667925 -0.0536777919922768
0.250661419730592 -0.269791935922863 0.24078867406439 0.123564502991796
0.385750480105445 -0.106819022418334 0.0972299161358755 0.186132529662214
0.390149194889998 0.0658999742210521 -0.0369652313162588 0.0494083924830988
0.306036799063384 0.168329172468075 -0.254214597286213 -0.0858235718865898
0.3393911782753 0.0661674734536895 -0.233957488850601 -0.186302185265022
0.320841603998741 -0.0807128405825079 -0.283281141579877 -0.19427649151188
0.19595137078925 -0.214385100222606 -0.265148400448734 -0.102391893969286
0.0566896116199667 -0.26051854721085 -0.242162764258929 -0.0493915590553042
-0.0584702200042398 -0.239832134589556 -0.208344114373145 0.0148646866604639
-0.114137259661506 -0.19385940401705 -0.155345818013306 0.00671624271250741
-0.125467832479289 -0.186378437789725 -0.0895976648820708 -0.0564816761663905
-0.117739699912133 -0.196432003884315 -0.0578388855523104 -0.135096078070109
-0.101729762840622 -0.225600252992016 0.0267913235104377 -0.205871978539984
-0.0338582415539424 -0.275938593823701 0.147954440164571 -0.224135707681901
0.103655376158152 -0.266713100894983 0.259357991205568 -0.0857007116480538
0.257145835646133 -0.192180534714151 0.21283456358266 0.114081209161851
0.355313595900881 -0.032875065748699 0.0355253840807745 0.171567908388221
0.327411708909905 0.108327088055146 -0.147109939043266 -0.00280944337278662
0.210464956494885 0.139084013700445 -0.354329414158248 -0.116671427495494
0.258088394222509 0.061272244250025 -0.292133296866772 -0.167839570051508
0.244251519404203 -0.0673717269643122 -0.274590870840414 -0.175231154656601
0.137308300820393 -0.164610017100681 -0.220996858755255 -0.133889639546465
0.0381607671339744 -0.187139795157358 -0.234527670670169 -0.119493690688184
-0.0414907992014149 -0.176880362776417 -0.231509959108872 -0.0605492874396381
-0.0792456364147722 -0.146263721108457 -0.195864669519477 -0.064993716828221
-0.0772512008096193 -0.144965173235556 -0.132009408423421 -0.122278087460746
-0.064862949938808 -0.154698242840822 -0.084730057685807 -0.197914466924544
-0.0421791363608249 -0.172326759185427 0.024807978860611 -0.254966691238109
0.021254541438815 -0.197934917318838 0.157314540613233 -0.250967238694261
0.121244046956357 -0.173749745292259 0.262600659333899 -0.0948848624551757
0.22871951741353 -0.0934482467517211 0.183751113342317 0.0992813697718012
0.277014344797943 0.0422677694785464 -0.00927169379286317 0.131278866732013
0.220229301507228 0.131474480528016 -0.21727108664731 -0.0687282447002047
0.075463122639742 0.100250271274985 -0.399310685353621 -0.119960300308507
0.130271409584317 0.0613742435891177 -0.307627680264153 -0.141833225673971
0.127274114266142 -0.0281824462121574 -0.25442419098669 -0.158674329405029
0.0643749790344277 -0.0729495871201339 -0.195536582769162 -0.153940564374421
0.0264759792938655 -0.0755905021075833 -0.234866463688321 -0.152056913142123
-0.00614045236432241 -0.0859815338436583 -0.24481608427083 -0.100350672248272
-0.0266765847497126 -0.0779839283670266 -0.218994737292766 -0.108281777613599
-0.0175733163698672 -0.0802799158141219 -0.152228069808968 -0.167246889121169
-0.0118010951969896 -0.0879185455219514 -0.0875246854869846 -0.241610952802264
0.00390583271859619 -0.0933301220929479 0.0451002155406779 -0.283487528261581
0.0444794773946316 -0.103811079670544 0.182173764216541 -0.253160475345036
0.0979393059300502 -0.085452852073849 0.26901077255424 -0.0876907056449053
0.163379701219461 -0.01892730483345 0.165773514961462 0.080063212510421
0.165105208696341 0.0840467601177519 -0.0252235644786656 0.0828360747552027
0.0904070127289792 0.121320513238294 -0.238762363328442 -0.130124315082195
0.0392668348948379 -0.0694076430486363 0.282706791111881 0.141303630515925
-0.055952285288102 -0.0528478785734095 0.0916820900499879 -0.0868940820170379
-0.0707391094678175 0.00269223229567652 -0.157142460274763 -0.0904072918161537
-0.0202502185829497 0.0233833624338562 -0.303925462274701 0.0666492798512805
-0.0118888511497306 0.00162521809541194 -0.213480128183739 0.263535005858133
-0.0222135483413335 0.00587580628141988 -0.050870404560261 0.319106176334573
-0.0309050500732617 0.0135029992508617 0.0786375454573904 0.284182553012708
-0.0481744333788302 0.0118638925912247 0.182134315769934 0.192439409851815
-0.0530316834975245 0.00300459402871273 0.224948516016 0.118530765244626
-0.0539578013032545 -0.0166741212924589 0.259291601826347 0.0788515037328077
-0.0394872664436081 -0.0383334232514868 0.259108152997377 0.117086639385892
-0.00695687312967947 -0.0393836919816484 0.226959063766557 0.159208699739527
-0.0161629519843456 -0.0452608142220954 0.253628355094085 0.156648517874112
0.00322581904102947 -0.0773628780546205 0.305064007946901 0.150187861285782
0.0785954884836372 -0.0660214069477914 0.400343554785182 0.0858430653791508
0.164455585293761 -0.00795286901217862 0.230003278761836 0.141787908325169
0.0637679955630879 -0.0330135063926247 0.0608151336433668 -0.0806335497900128
0.0284153448530934 -0.0152560502426317 -0.175506892144409 -0.0998708708231507
0.0439194813816094 -0.0312090109137896 -0.313231355435289 0.0506888238851771
0.012251315825979 -0.0796594273512478 -0.234951833271041 0.237957321181077
-0.0397630561611471 -0.0784502796912208 -0.0845937810885285 0.3080905825857
-0.0762005854576567 -0.0608734425466157 0.0477477515590138 0.277434169173419
-0.111600339358919 -0.0604392813616 0.15322426319021 0.183323288920953
-0.120314153042989 -0.0709918161573362 0.193594239422118 0.0979300818535433
-0.121238450592669 -0.105937157720901 0.232281196591894 0.0364245207867703
-0.0818558267596541 -0.159702639004154 0.258608263514539 0.0533100427744863
0.0162826902031367 -0.172889011065941 0.249096799063273 0.115629828563705
0.0882154905807987 -0.152313002869017 0.264045549806565 0.147278248370669
0.156022716648904 -0.121545821755126 0.272808622074493 0.14597170880265
0.227381132100675 -0.0527810005194992 0.336593101445054 0.0844206273214743
0.271297499220054 0.0608976575258878 0.141314294951414 0.105150202159825
0.189638561751098 -0.00226217161339226 0.0097769386357809 -0.106893268451696
0.14481604423864 -0.0355437121817456 -0.211854597330842 -0.130374173249156
0.114693408211369 -0.0976693032588422 -0.327121506995279 0.0287845188362427
0.0365165380820385 -0.163248917395613 -0.24926279377967 0.200266199405153
-0.0548544871799331 -0.159012968637638 -0.114471772021845 0.271584453133391
-0.113164471839709 -0.129742134599418 0.00754381472173062 0.242063037942272
-0.15882572576349 -0.123984537695943 0.103349366220307 0.149161203359012
-0.171151568329281 -0.132600809160447 0.135914545735156 0.0574527894866421
-0.175750365195146 -0.17412322750368 0.179635209057224 -0.0228591992523963
-0.125998894555687 -0.249812604972258 0.234356878401699 -0.0304200199370348
0.0129291388071706 -0.281342845454157 0.266607857650661 0.0492901520435935
0.154608540724481 -0.252350961058586 0.275435059739626 0.130900559905331
0.275603061367919 -0.165371714968997 0.231305344848846 0.154417615237129
0.341145214631401 -0.0379806426464476 0.232749134205658 0.0833572699295062
0.345356257349585 0.11472557588456 0.0185860312839129 0.0455487845178758
0.30047580239943 0.0229333591985341 -0.0646632021873366 -0.145538063151747
0.256990553597942 -0.0670546168496089 -0.255380324876609 -0.163660219115778
0.17437256962877 -0.174146512768651 -0.332609370288033 -0.00361848923290547
0.0491464415902744 -0.24025034279419 -0.256088328119657 0.140801389594021
-0.0710743711080268 -0.224028908535846 -0.144501962013407 0.209246295672734
-0.138884512689883 -0.17932049866597 -0.0415942099628233 0.18099019651215
-0.182348225901945 -0.168188009976011 0.0381326154270266 0.0937834285547538
-0.191951846917215 -0.175700153895735 0.0620104857522441 0.00291527760829304
-0.197863178615641 -0.217129500188084 0.110981314923965 -0.0863527941389192
-0.145639538130321 -0.301969266407289 0.191360963112325 -0.115591568917713
0.0132933963338955 -0.339809584827175 0.267825134259164 -0.0199407127761461
0.196772800858289 -0.308505534799182 0.274580791914924 0.115465314702741
0.352805401763234 -0.180049810775599 0.178184163628936 0.17140797288111
0.402568108234841 -0.0101471607466701 0.104032503417891 0.0759932455997682
0.367047446234858 0.142688497377743 -0.12433660135245 -0.016895962646652
0.361657105084435 0.0333868581269962 -0.158886350235057 -0.170087658236883
0.323324985659743 -0.0988681258795103 -0.289921670294893 -0.180071271532366
0.198736247233248 -0.230295395991729 -0.316596322363501 -0.0416007158145628
0.0455024627130339 -0.283749895809823 -0.255639367411113 0.0604228040193026
-0.0849820818083029 -0.253512009767208 -0.176092478333262 0.124831646221788
-0.147922132328274 -0.19960261638425 -0.0985551828722222 0.101915389562139
-0.177796935701775 -0.18756289010359 -0.0321000411205893 0.024177837666914
-0.179820970347678 -0.195012394611145 -0.0122650751033384 -0.0622523243900397
-0.179902440960064 -0.233330029803142 0.0473352638936261 -0.150438276264458
-0.121388111116118 -0.310929562636067 0.147861709083581 -0.188256272288274
0.0379510686404997 -0.338104900852557 0.260556315184536 -0.0761029919915099
0.227819813060516 -0.294894048439065 0.25786173467043 0.106240006776916
0.380311615469231 -0.144862749341442 0.116885946635764 0.181683888017807
0.403003335767395 0.031924715600717 -0.0310050695140517 0.0540277012694865
0.325950079371559 0.142264842269157 -0.263496174023056 -0.0645960367040225
0.349064459200973 0.0361642157945982 -0.249154880316977 -0.168940288484576
0.316368350209486 -0.109749229891495 -0.303588588740698 -0.174144175854737
0.178879184842205 -0.234848189517011 -0.279011636634928 -0.0833629430363666
0.0330749245971091 -0.268265979562811 -0.25227138932214 -0.0284404957300566
-0.082905489514586 -0.235716376532819 -0.210493081245946 0.0337809852138944
-0.134625145141509 -0.1843702289427 -0.15684074441377 0.0208808667032561
-0.145453103311475 -0.176903302524261 -0.0978385654415173 -0.0477034845071184
-0.138879893601223 -0.186509602136095 -0.0720107023260831 -0.129378791692998
-0.125556826308547 -0.218614357650845 0.00701388565981126 -0.20954792496798
-0.0613052813113522 -0.274822155977308 0.127156821032382 -0.240603693905114
0.0795994370133104 -0.278886893635876 0.254455162178731 -0.108712721883853
0.242084149477387 -0.217570933832247 0.228748151433753 0.098088967867385
0.356501266258084 -0.0670839071805032 0.0535056977401509 0.17200951667178
0.342505184518807 0.0797358217213696 -0.147973168242126 0.0110946918239237
0.225831015360558 0.120987714888586 -0.369378494415463 -0.0870191228238858
0.266200046762088 0.038931207410306 -0.307414868537422 -0.146742819599844
0.239930941530863 -0.0895513772591271 -0.292742260688138 -0.155283767792403
0.124276587497488 -0.178649524898228 -0.238366377197275 -0.117999788276009
0.020399810390014 -0.192756983632996 -0.250745719090386 -0.0993296809606377
-0.0605309975313789 -0.173749204178994 -0.240878795406442 -0.040397781687795
-0.0944755846458821 -0.139565501659402 -0.205340266563888 -0.0474368120109479
-0.0912165331331264 -0.139323056251141 -0.146112615342794 -0.110807004164219
-0.0805537841739142 -0.15029677084756 -0.1055080105258 -0.190157599541289
-0.0595273317832297 -0.169666623198862 0.000220726841072572 -0.258737858879025
0.00185455738156245 -0.201396436141902 0.134772872003314 -0.268213041793158
0.106333869143174 -0.18636709524649 0.257226268684 -0.118048467923728
0.221913736241653 -0.11394555951966 0.19702263156115 0.0861601329721512
0.283265962309785 0.016997761661254 0.00416359096365728 0.135816459356258
0.234940077742565 0.113662512210227 -0.224855055535325 -0.0493575989315186
0.085804228555528 0.0949407753876671 -0.416306319128103 -0.0875707525690679
0.137837033862219 0.0503542032132684 -0.322059831013571 -0.119826749521645
0.125360317653056 -0.0386494167082197 -0.270953481900108 -0.139558117420283
0.0586000851783793 -0.078862619538351 -0.214210991433296 -0.141223808231444
0.0204173838339289 -0.0789194965310743 -0.25378525250508 -0.132387603629802
-0.0155830612071118 -0.0857412802427665 -0.257894159383434 -0.0798526174318667
-0.0343719288610898 -0.0766473524578918 -0.23309813213428 -0.089363026339511
-0.0244139694079308 -0.0801496484468122 -0.171047875624379 -0.1541478331403
-0.0204908359493828 -0.0880525790861514 -0.112123710571671 -0.234207414501392
-0.00437297487936423 -0.0948352142226222 0.0185569539502882 -0.289733227268117
0.0348517146368263 -0.108945690653539 0.159654040384511 -0.27239503196729
0.0914358299709432 -0.0947291050060713 0.264304120708019 -0.111239526832508
0.162546481744109 -0.0327674640863108 0.176400804588659 0.0685125963149763
0.174033771008826 0.0693126937582911 -0.0172469415671307 0.0875899382541949
0.101899151995616 0.114015242841867 -0.252672878073793 -0.10969153298813
0.032619425269028 -0.0711525173518419 0.285360011396737 0.112648228306092
-0.057181599596012 -0.0465115199750526 0.0809012452496892 -0.0933581076649236
-0.0670495927391325 0.00894409556544792 -0.159955334155761 -0.0761624671185284
-0.0173776816799025 0.0233190671177167 -0.289612476529248 0.0896973832173968
-0.0121885956912353 0.00159183622241711 -0.183441319909603 0.269602780264832
-0.0209746314657182 0.00763971927251804 -0.0215419227846907 0.311269767828418
-0.0289209248773492 0.0150889006792222 0.101030301606273 0.268097516470659
-0.0450070872783885 0.0157989003914784 0.193411703107169 0.169950481281135
-0.0512976312315735 0.00790783097882338 0.228412880352362 0.0954166921017398
-0.0542282515588235 -0.0114718407004877 0.256146760262555 0.0555769532882128
-0.0407528631519814 -0.0338513821401107 0.260008858653701 0.0920623793536202
-0.00983992607839549 -0.0383371763155732 0.233117889364073 0.137469685844533
-0.0189525366216642 -0.0428278272173096 0.256847204114348 0.130855936959535
-0.00293691864197633 -0.0738526071881442 0.305487871163345 0.122051593201668
0.0708177570605578 -0.0708565320825214 0.394099830968754 0.0530579775240764
0.158443857375428 -0.0223838765196338 0.235628261288757 0.117057614065418
0.059385475908566 -0.0366388824560448 0.053185573238778 -0.0843505231284928
0.0262747596670598 -0.0163527197114475 -0.178733870006741 -0.0840656663484518
0.0393963619112926 -0.034628921279454 -0.299717021276846 0.0746097607278435
0.00383623876224862 -0.0778040149289484 -0.207447941736839 0.247505602580464
-0.0453534693203864 -0.0716560617647359 -0.0552859913036177 0.303032308745119
-0.0787750067559137 -0.0519603916300382 0.0709590400189603 0.263447441339707
-0.113175420719077 -0.0482549097514905 0.164535587857344 0.163979973276748
-0.12365555860565 -0.0577719002805543 0.196386379699769 0.079017101833072
-0.128105547695691 -0.0918871731850582 0.226396084097329 0.0172442713962404
-0.0933607110805232 -0.146447014017289 0.25329857430761 0.0310499048173988
0.000553196002236483 -0.168711271132373 0.25197162862416 0.0938087355466219
0.0717148402523141 -0.154524270433005 0.267277716009425 0.121595433669721
0.140286318652659 -0.129738615000616 0.275070422669292 0.121070603162079
0.216166286978055 -0.0695722631599319 0.332849840290078 0.0569193601845526
0.266819061312729 0.0345257538387148 0.147881837799024 0.0887623939890228
0.182147025452919 -0.0165504145428863 0.00349992930422581 -0.105904846599444
0.136939138920313 -0.04477149769528 -0.21584041118899 -0.110620613117236
0.10243380731388 -0.104279164487449 -0.315067028104284 0.0533639272476364
0.0198342629135772 -0.160815387654061 -0.224786250658007 0.211893446775525
-0.0672423934683975 -0.147610693609724 -0.0871092843418843 0.270940523304647
-0.120229813895592 -0.114757390008664 0.0286756858071337 0.232766219576327
-0.164901994708077 -0.105193954547521 0.112971087289557 0.135412040772352
-0.178459110496402 -0.112054143147223 0.137200829084948 0.0453945229301039
-0.186544955769585 -0.152129490364234 0.170369874756572 -0.0348830739175478
-0.144390962497905 -0.228844888559402 0.222446774431664 -0.0482989297409386
-0.0111178243530949 -0.272227560944938 0.261844554208669 0.0281055099270436
0.127518841817659 -0.256008169531922 0.277408395586727 0.104838975960709
0.251366973724866 -0.182928411699512 0.236971456588291 0.132345890169843
0.327717210892651 -0.0638212579527438 0.232993940499628 0.0631062451587748
0.342448671771885 0.0809956254664906 0.0252725090751946 0.0413559882020356
0.290966155574855 -0.00332756085237624 -0.0699133743340469 -0.136712555407869
0.241779874953191 -0.0839730810085746 -0.259719608442367 -0.140115063879747
0.152891273385629 -0.182363042630498 -0.32295027854731 0.0230151756341001
0.0252348161596112 -0.23611566562676 -0.236420339117116 0.156052525498347
-0.0889340261111723 -0.207857193054934 -0.12084645284634 0.212837583137492
-0.149523829682566 -0.160150997858056 -0.0246646765423466 0.17702773252741
-0.191024372971031 -0.146527722485513 0.0453341844898912 0.0873347681217712
-0.202419077546748 -0.152425924265033 0.060850317939401 -0.000987118345333324
-0.21238216892049 -0.1917940333434 0.0998397162913146 -0.091094942032934
-0.168164431068 -0.276589617466608 0.172086329857465 -0.127032833279433
-0.0165341952286022 -0.327823173816534 0.257974188654403 -0.0393658395304325
0.163437382659277 -0.313792615481289 0.276182951814382 0.0907093443831545
0.322817772376373 -0.203117359007874 0.188636185928997 0.152191567704728
0.388400207447677 -0.0422174298687729 0.108670732065745 0.0659018688830192
0.366096412944657 0.105342579158092 -0.118979573357067 -0.00714603932671903
0.351350607795162 0.00189175047116191 -0.161541619645469 -0.152461228436722
0.302512419238358 -0.120688044232683 -0.294558945570982 -0.152345314344927
0.171632666523357 -0.238401934805666 -0.310662074872201 -0.0167726527792743
0.0184618869801234 -0.277039492709651 -0.243083166369368 0.078475004232295
-0.10533600800466 -0.234748295234936 -0.159203042988915 0.134515228685031
-0.160689599659621 -0.17749392250828 -0.0865075235730778 0.106934712743621
-0.188702401216494 -0.164841424440603 -0.0295963356959506 0.0265775328317113
-0.192423834990451 -0.171396761856803 -0.0169214570281865 -0.0568799914111693
-0.19513865354503 -0.208107555691346 0.0324102004527997 -0.14679974740076
-0.145713882226261 -0.287199659668996 0.124671852471295 -0.192646418873944
0.00675904244017512 -0.328315984038643 0.245657097600431 -0.0927428320782523
0.194380714954039 -0.302062746182731 0.260177920855813 0.0827005710271149
0.352831747890934 -0.172265364604616 0.130235252188716 0.167209181399461
0.391858547780579 -0.00227612655064 -0.0233919962223427 0.0551012108455907
0.326368944352272 0.108859025850957 -0.258387025456652 -0.0414938075372451
0.339727730987638 0.0057017024786092 -0.248859400462863 -0.145047534504483
0.294952402859981 -0.130501288368616 -0.306171542789242 -0.145407729546896
0.151957516984556 -0.240860155093982 -0.277690555428524 -0.0589808389045304
0.00778503256843193 -0.26195310669865 -0.247413795995177 -0.0060838621215115
-0.101796967635379 -0.217975210569112 -0.200848011853961 0.0504460151202023
-0.146309748026861 -0.165243606477036 -0.150287483581775 0.0336907036784322
-0.156601774954316 -0.157954797015747 -0.0993450630623198 -0.0373668316093464
-0.151333236012661 -0.166896568717583 -0.0804054089072004 -0.116694533859081
-0.141305478216978 -0.199419440642508 -0.0116576658959188 -0.200776185835692
-0.084245228956347 -0.258302727698591 0.0989713731307297 -0.241003473621821
0.0527268024075676 -0.274970401220383 0.237065471164731 -0.124023009327655
0.214554410593502 -0.228284497841185 0.231118771738397 0.0776437501310535
0.336419957713325 -0.095203065852913 0.067615687786898 0.162893707513851
0.337563453945853 0.0488304381266274 -0.140841666130207 0.0234268914818776
0.228479303609401 0.0970744439899344 -0.362144491543482 -0.0553805148082801
0.259509027329423 0.0153881508477889 -0.305320514252078 -0.118213572068718
0.223020897217155 -0.104236278403129 -0.294131302164314 -0.127601829305007
0.104272391522333 -0.181923217451474 -0.241232863370194 -0.0964490441869308
0.00366869706731366 -0.187595403551923 -0.251517054189291 -0.0740503566317691
-0.0744649178958985 -0.161277384514023 -0.236416909518205 -0.0186017954281923
-0.104119721397371 -0.125989339031827 -0.204018549498172 -0.0280560433418186
-0.101032266732731 -0.127123704769006 -0.152700995081882 -0.0934584485665012
-0.0909783505425386 -0.1368913601626 -0.11954388186772 -0.172397379176498
-0.0724443535463177 -0.158557832117607 -0.022781392183185 -0.248080122384084
-0.0168539995956117 -0.192719387818716 0.105193227102435 -0.269246311983699
0.0865256971175611 -0.187908813995367 0.238715628985532 -0.133068604372823
0.204455027900592 -0.126606663559413 0.199360062910901 0.0686125479578592
0.273113521451611 -0.00782248452958842 0.0168333056217479 0.131334757353167
0.235564060418771 0.0894573653480817 -0.220653884225996 -0.0277460503576759
0.0903287537140661 0.0831762830494785 -0.410209557220691 -0.0513505754444001
0.136738116732398 0.0368647620776204 -0.319028471064802 -0.0924961024627168
0.116588681571207 -0.0461428107823915 -0.271937675598778 -0.113898099648904
0.0504386719713717 -0.0802895903500644 -0.220662988689043 -0.120563450241661
0.0136734890954268 -0.0775921374084646 -0.257680616168922 -0.105905438714786
-0.0235498834286846 -0.0799484015321656 -0.256981814445128 -0.0559343464930007
-0.0399937205925729 -0.0704319971876215 -0.234141333017131 -0.0656886697053292
-0.029816391429888 -0.0761972725731806 -0.18021084316252 -0.13298840149683
-0.0266837096303045 -0.0827246830099897 -0.12977088334616 -0.213661930839578
-0.0110703565247169 -0.0909750141912208 -0.00692951054235879 -0.279360019193371
0.023904430007087 -0.107600168439221 0.129187991317981 -0.274876533739802
0.0807080792507426 -0.0986409235362509 0.245216661699387 -0.127183621777277
0.153353840986035 -0.0439520506177593 0.17729101110055 0.0536722198495623
0.172488126447387 0.0516298817012035 -0.00750721538355055 0.0868596225900961
0.106269564494199 0.100719760243741 -0.252635000783429 -0.0848039784741673
0.0279101209220871 -0.0698292025941445 0.276575488224303 0.0931944998452718
-0.055014561435127 -0.0416727243331539 0.0722585571014089 -0.0929291759961939
-0.0614834902580806 0.0108137288294967 -0.154924220224811 -0.0664996767694278
-0.015704385305991 0.0219700972160195 -0.26985133063337 0.096932333995602
-0.0122468252465869 0.00148794323150613 -0.161961878546729 0.26045025751778
-0.0191341516181294 0.00807083705250689 -0.00475619781641364 0.293362515425584
-0.0260850109835937 0.0155403603084602 0.109474515297301 0.247768676506519
-0.0417357406744321 0.0166639719853021 0.191380491456863 0.151066365805581
-0.0484588908083334 0.0108315881197963 0.220996269084119 0.0798219212603496
-0.0529510610646912 -0.0078706504785302 0.243309003525521 0.042095098613658
-0.0400761567353918 -0.0301691505209445 0.249494268265739 0.0767748321117633
-0.0109445784978908 -0.0368144158076863 0.227554787772138 0.121872150085738
-0.0193631137022266 -0.0404427795994537 0.247487837061928 0.113334502571393
-0.00509237906335248 -0.0687852131730414 0.292799605365325 0.104581443830361
0.064297794906025 -0.0699785063450721 0.37379779069407 0.0358853522642305
0.148508716076992 -0.0290933539465187 0.230051084656868 0.0990286649991607
0.0548841333414134 -0.0370975305729854 0.0479550119585237 -0.0835771369521096
0.0250432248148419 -0.0161716326998384 -0.173019762812972 -0.0737223958985943
0.035583717432751 -0.0343102149525985 -0.280184445466468 0.0823320124123228
-0.000963070429633762 -0.0739743359810419 -0.184380375815604 0.239998820483159
-0.0459801034207938 -0.0649130596173129 -0.0363776257443305 0.287125092413769
-0.076214785745526 -0.0455714717018772 0.0802771482313511 0.244877421943402
-0.109113652471487 -0.0399452294272805 0.163730930107375 0.147040879335897
-0.12073502848517 -0.0478447530057329 0.190069450540336 0.0665632994846583
-0.126341916120722 -0.0803633113023459 0.214288686187061 0.00742425733610845
-0.0946133578097983 -0.13363324186028 0.23953355553828 0.0187782304021172
-0.00691367264585823 -0.159912557716594 0.241947641506112 0.0793729492112943
0.0607792326527481 -0.149243986529968 0.257424938254998 0.103838367290349
0.126717057680181 -0.127929766546814 0.264719754518715 0.105066191635409
0.202157684426242 -0.0745520315677197 0.317279027550076 0.0409769434593478
0.253216824189218 0.0191595925812918 0.14663656663257 0.0763158294254437
0.171076664164173 -0.0242056871023421 0.00181821243811584 -0.101338555350743
0.12749141414989 -0.0474658658784455 -0.20893222112713 -0.0969945745996963
0.0913853307950907 -0.102750681890798 -0.296252217113019 0.0630274664530344
0.0106978355215858 -0.152407612840167 -0.203341513651978 0.208387707217194
-0.0708337594741998 -0.134939411506506 -0.068909096407984 0.258484126072891
-0.11826783062519 -0.101489361198106 0.0381708601557518 0.21750774962239
-0.160387674645099 -0.0914416503444322 0.1135257062099 0.122383510396753
-0.174616906322435 -0.0969104671479494 0.132743653988918 0.0376395501949842
-0.184684471699419 -0.134754753482927 0.158717356985915 -0.0390198969842633
-0.147614791197707 -0.20879066761976 0.206010566314227 -0.0542973177179556
-0.0236546522337525 -0.256002188572183 0.249100223205158 0.0170151095465254
0.109014136360385 -0.247077025275058 0.267941467897281 0.0887912313190813
0.228183879808674 -0.182877649988073 0.22997782649156 0.11758128366898
0.307552217083376 -0.0733513512615765 0.224401950316592 0.0508442072255851
0.326593081376769 0.0595941372227314 0.0277906538985708 0.0367658737128699
0.273920522335757 -0.0151085437778828 -0.0679066366406265 -0.128198247713836
0.22362497231032 -0.0891661530521406 -0.251096825699582 -0.12328835047825
0.135184034409607 -0.17845867764604 -0.30464751217493 0.034189486108539
0.0118434473576538 -0.223021424281973 -0.217231751575101 0.156454332126454
-0.0942184435427048 -0.190352901546652 -0.103828050482191 0.206808978995925
-0.149070508632535 -0.142390717948362 -0.0148105351702525 0.168263787523972
-0.187970810168379 -0.127899587232303 0.0466585754543598 0.0808022996081315
-0.19916209891783 -0.132869903218662 0.0578479969356852 -0.00278713758249966
-0.210946875769442 -0.170002987737438 0.0895872735249579 -0.088172566757377
-0.172037343567895 -0.252000761435826 0.15464131047483 -0.126057459056066
-0.0321265018374602 -0.308215407119832 0.242403437073315 -0.045359209517047
0.139654116303981 -0.301926914538058 0.266183675096937 0.0739864792999334
0.29377093977136 -0.205387050536226 0.185958988226247 0.136657285925853
0.366982386463459 -0.0570147232533535 0.107292497655891 0.0578359358520213
0.349923926084435 0.0812011243098867 -0.110471575509697 -0.00335790914387952
0.330817746879633 -0.0132583399870396 -0.153874488043228 -0.13990652821927
0.279933626340784 -0.125531110608911 -0.283688560447811 -0.133248622806446
0.151046512453072 -0.232350794987631 -0.29420568070396 -0.00315501971546126
0.00334245803476049 -0.261759830152558 -0.226457209719428 0.0844526502403519
-0.111007620578307 -0.213850214830893 -0.143735057288014 0.133831882962832
-0.160523764656573 -0.158399948102998 -0.0764889817438566 0.104454116139985
-0.186462989192129 -0.14630265862475 -0.0275881771740791 0.0272226965690944
-0.190620143462236 -0.151291170678408 -0.0184041300669091 -0.0510419969496816
-0.195677700986119 -0.187347748020471 0.0237299092502459 -0.137839146182621
-0.15168787742002 -0.262252977614275 0.10601234863114 -0.185749351465284
-0.00934158663262683 -0.308914109275611 0.228539996593915 -0.0955811910104306
0.169616735919364 -0.292354251958629 0.250878580450413 0.0676360637456275
0.323647558168199 -0.176926258451816 0.131534419303622 0.153528248568646
0.370889348912351 -0.0181315856835024 -0.0184253104288167 0.0532658942090804
0.313072079671193 0.0868678082871627 -0.243999043671313 -0.0300362197567156
0.319781506284781 -0.00902788720596131 -0.236620261710075 -0.128645640783463
0.272363791137173 -0.133501557323494 -0.294430992106707 -0.126193474248251
0.132013501834008 -0.233354441350754 -0.265671206004476 -0.0451919478264715
-0.00498494346883967 -0.246725611116303 -0.235198008263095 0.0050790021647928
-0.107531535585173 -0.198316608803467 -0.187302981211717 0.0562743911217242
-0.146288456835917 -0.147817193359942 -0.140955057210874 0.0388678828280285
-0.156057482792995 -0.141593457533638 -0.0964462401900598 -0.0289796538332446
-0.151540505704478 -0.149688087499127 -0.0822724379030373 -0.10417916947247
-0.143742673949819 -0.179958314229504 -0.0200814098797213 -0.186618953324238
-0.0927857831887492 -0.237067024608454 0.0805647952199767 -0.230453153679682
0.0365748442267893 -0.260826956156594 0.218242349813035 -0.124876625087961
0.191090634820022 -0.22344411458237 0.22320462121381 0.0648590170393794
0.31092351773322 -0.104828361747982 0.0740181415759179 0.151189699924024
0.320928226245054 0.0320301453576716 -0.130313225989957 0.0282333995223857
0.219509131486037 0.080989230727575 -0.34384501479512 -0.0380883378656259
0.24480639507192 0.00318132035893043 -0.290449771704474 -0.102322209428229
0.205197403929413 -0.106676436507299 -0.282638271781089 -0.109947065965606
0.0909596926133349 -0.17600688248743 -0.233594353272182 -0.0822906702814583
-0.00561953392855183 -0.177328142150142 -0.241128003259295 -0.0587472571808038
-0.0784417972275353 -0.146370442180028 -0.224657001297302 -0.00694011881484594
-0.104788901676257 -0.113231943614433 -0.195018493272926 -0.0167928862293546
-0.101757304650984 -0.115264019236189 -0.149563662129514 -0.0792031479357414
-0.0923097876688915 -0.124181698755084 -0.121188714883572 -0.154715137147439
-0.0757901200669932 -0.144548464888816 -0.0325080273797408 -0.230994493605085
-0.0256212970680253 -0.1803659930141 0.085121430770124 -0.257018942804794
0.0731215214019304 -0.180622802198036 0.219483837992364 -0.134087864980306
0.186727933335829 -0.127084242323708 0.193013362684529 0.0582344458233217
0.255219787825709 -0.0196327785237536 0.023416480896377 0.12299028766417
0.225791881462389 0.0745254130740539 -0.208390936417224 -0.0169740991486481
0.088860259309068 0.0737373343592992 -0.389819619871091 -0.0329916594500667
0.130331725783278 0.0288429476114803 -0.304212614978743 -0.0766419986346056
0.10736668494227 -0.0472038820642293 -0.259531519775861 -0.0979794675540169
0.0440288284758815 -0.07748668772294 -0.214072813172479 -0.105833299949069
0.00992082783011935 -0.0739142318918695 -0.247230924481214 -0.0877914911703005
-0.0265432293559162 -0.0729388653216935 -0.245872372615432 -0.0415052866539207
-0.0413001789457501 -0.0641618325147483 -0.225423808431903 -0.0508767709572279
-0.0320527193310509 -0.0710738749849201 -0.177888955888467 -0.116223006326307
-0.0284190893647775 -0.0758562255315206 -0.133254308419432 -0.193566236987844
-0.0142433076430433 -0.0852560125853837 -0.0201654194198848 -0.260963159940667
0.0169183872185618 -0.101654993788409 0.108679115328148 -0.263584319187806
0.0717345896723118 -0.0961369160390292 0.226289152241129 -0.129253050014457
0.143063138676081 -0.0463136815167691 0.171102193959102 0.0445688772115613
0.16362311514877 0.0413262978873205 -0.00303683173981786 0.0823163854553495
0.103393287443117 0.090961471158466 -0.242087201774172 -0.0678931157211348
0.0260403387538088 -0.0678454998821038 0.267083630993948 0.086247753297445
-0.0517830122767147 -0.0403500499455805 0.0679978447854881 -0.0909790135352513
-0.0576662825004421 0.0100096594758957 -0.149365187775305 -0.0640717387864939
-0.0152905162523706 0.0202719909603961 -0.259260518601256 0.0939122051365333
-0.0123971417050545 0.00111656013504384 -0.153794024005764 0.247787203010745
-0.0181663791270805 0.0071098024912869 -0.00101616119231011 0.279014289537846
-0.0246239502042783 0.0146350170751283 0.10882508890538 0.236037115216928
-0.0400169336843755 0.0158361586549338 0.186216248061943 0.143284711139078
-0.0466123289157889 0.0111317870754218 0.214380742807773 0.0756799381960468
-0.051245098746411 -0.00666715128037944 0.234258130177227 0.0396122627803136
-0.0380495022613516 -0.0292315024260384 0.240007702530566 0.0731970020881319
-0.0105669023003367 -0.0356031720626189 0.219653916282141 0.117537110764279
-0.0186427379113596 -0.0388212718503963 0.235974428782123 0.109225155074578
-0.004215266455049 -0.0651146060057913 0.281327760613311 0.101176292387749
0.0619182475452218 -0.0677528880342924 0.358886500774043 0.034996774201706
0.14112891137883 -0.0298702942884022 0.22350294510246 0.0918998792291033
0.0526187411676083 -0.0359848261889345 0.0465188814988063 -0.0820286183593343
0.0246028535333025 -0.0153632315329314 -0.166834446131151 -0.0712689426489494
0.0335592142455091 -0.0337248962030001 -0.269357654370944 0.0793059725884343
-0.00251172451575469 -0.0709361135716124 -0.176812941200736 0.229624630204516
-0.044647779922383 -0.0614946071155711 -0.0320662272211058 0.273815768544326
-0.0737143350823372 -0.0426828328355187 0.0806732003322043 0.233441708795559
-0.105274865716945 -0.0372692924781973 0.159974900870342 0.14010753006246
-0.117193112471882 -0.0436791207377847 0.184463659583199 0.063262897865098
-0.122599390008774 -0.0748353710211995 0.20592064508379 0.00701171777054735
-0.0920996310087028 -0.127443451712655 0.228970919496657 0.0178582617686473
-0.00806862413317564 -0.15335693993211 0.234043482053486 0.0771688177665696
0.0582230096153695 -0.143423200554388 0.247730911087403 0.0994551967350673
0.121043631390864 -0.122549042945032 0.255679239840273 0.101705254538342
0.195396482239319 -0.0718004482127674 0.306096530389322 0.0401363386686045
0.242182163385571 0.0156472060443917 0.143098321920143 0.0702838316832723
0.163935719108718 -0.0238452102963896 0.0037882063942375 -0.0991848313629145
0.122433646272711 -0.0452945406333828 -0.201170237483144 -0.0949516825274765
0.0865284588058918 -0.0993101105815678 -0.284456534262471 0.0606148391855303
0.00768640562016205 -0.145387859458917 -0.193988963372793 0.199058160446598
-0.0693718733373097 -0.12711639820639 -0.0630562301517281 0.247440413084953
-0.114778417589398 -0.0962615235102005 0.0391615555484732 0.208329605681538
-0.155638463790945 -0.085204729913705 0.110524380993751 0.116762087346561
-0.169347867257099 -0.0900516576615018 0.128665773560337 0.0355478976315248
-0.180138757791281 -0.126445134025121 0.152501916619572 -0.0368358404709841
-0.1439994063788 -0.198849072784082 0.195452081604663 -0.0519038417441307
-0.0248679339999441 -0.245009522976303 0.240191617187988 0.0170897037261067
0.10309054661511 -0.236951859368634 0.257378491935495 0.0841093968755565
0.217518723517066 -0.175958916523797 0.222656452965648 0.11273814274128
0.296550799498538 -0.0710178741009668 0.217343646339941 0.0483383226352491
0.311972705039607 0.0529057753569631 0.0293021141599341 0.0336148961911815
0.261327801713918 -0.0162181395354004 -0.0608718088071154 -0.12528059949492
0.214261027121379 -0.0848820394740092 -0.241457274172497 -0.119453107117002
0.128348160700255 -0.171920885514349 -0.292742120789614 0.0327711562966229
0.00802924638362099 -0.213327537146108 -0.207757443628355 0.149800159390338
-0.0926137386428146 -0.178643430915842 -0.0967995149515904 0.197733644005597
-0.144918675703706 -0.134049812507387 -0.0120415158098955 0.160695657361433
-0.182075819418311 -0.120395159760109 0.0454119156358398 0.0775066667737088
-0.193720114588716 -0.124094289772281 0.0566509469716532 -0.00226363077606844
-0.205344040606807 -0.160071336108329 0.0858811212251927 -0.0832949459026166
-0.168620858416498 -0.23848152799351 0.145964234090088 -0.120014204503139
-0.0334364849471292 -0.294784151920128 0.232763202781088 -0.0436303121880636
0.131590838365936 -0.288983988228432 0.256965227154725 0.0706521017350759
0.279012097000244 -0.198732871741663 0.181364297342381 0.13127357017903
0.353384980779424 -0.0551269990513961 0.104813928038707 0.0549668089896513
0.334962187054787 0.0749893250992471 -0.103344671724004 -0.0040754649500348
0.316766498398483 -0.0145974327038572 -0.144177441801152 -0.136511472256465
0.267594004180854 -0.119883775728053 -0.272626345394472 -0.128742365068244
0.142539289066206 -0.223515753041469 -0.282977312189736 -0.0025699970778801
0.000189766960219943 -0.250814761702511 -0.217592414010697 0.0821498449849876
-0.108278032542585 -0.201856907139593 -0.136335015230663 0.1293907104252
-0.155708789016423 -0.149365593793776 -0.0724307568578458 0.100771262267269
-0.180964020988365 -0.137527579322541 -0.0265661067383815 0.0266282728636477
-0.185696133018222 -0.142713417380384 -0.0178494033279704 -0.0480851829114508
-0.191651978288225 -0.175768154865936 0.0225001790502467 -0.130357008225834
-0.148378922253122 -0.247999315587749 0.0980765645879186 -0.176681428815135
-0.0120193216254273 -0.295646145981046 0.219199336867814 -0.0912575112820227
0.159720814568205 -0.279072503413182 0.243416638669355 0.0646507205576633
0.307908301546774 -0.171642016954081 0.129666962053972 0.146929952771506
0.356976638555378 -0.0185584350277602 -0.0158610537069183 0.0505617331277361
0.29974955027643 0.0802623552202408 -0.2328975049163 -0.0291162221892361
0.306557313450251 -0.0113300618575696 -0.223918713403087 -0.124923197488656
0.259834058140916 -0.12860080488038 -0.282968221563914 -0.121624469485465
0.125058646333117 -0.224736509056654 -0.255155299179793 -0.0439322859012063
-0.00800306606106893 -0.235974587086331 -0.225201697361799 0.00610291494632255
-0.104936299795197 -0.187275616375235 -0.179143150245029 0.0562599618070359
-0.142377229331694 -0.138629678871696 -0.135203913063597 0.039220315846095
-0.151876405492549 -0.13341872670275 -0.0941898963457113 -0.0263886305644921
-0.146528367320438 -0.140828968980345 -0.0797190119416432 -0.0975164869957774
-0.14045620311957 -0.170772603006619 -0.0205963555634128 -0.177016275088332
-0.0918562167685563 -0.224729746691571 0.073592574085748 -0.219096843700115
0.0329091906925566 -0.249381274953874 0.209024110474482 -0.119249020846421
0.182057382706856 -0.213345211844146 0.217064791368145 0.061915676685027
0.296190767468768 -0.10169093440849 0.073417040086119 0.144046482431369
0.308523864300651 0.0304331746151127 -0.123845590047909 0.0276060512588455
0.210592119832998 0.0750604985236331 -0.329593970523494 -0.0365386149345198
0.234730475127016 0.00137086715882444 -0.276607462977886 -0.0998844997626654
0.195643401338058 -0.101504801264834 -0.270639556776028 -0.106041724104117
0.085775308494587 -0.169063366996479 -0.224844158139832 -0.0798160730864592
-0.00653981130366623 -0.169707163980604 -0.232027484096962 -0.0543604139820042
-0.076890055735665 -0.137491991772703 -0.216357230413629 -0.00490447926950385
-0.101904207483668 -0.106403084183544 -0.187501643820391 -0.0130345718282259
-0.0987599620656224 -0.110115557181531 -0.145710037068317 -0.0739765036523604
-0.0896067452890636 -0.117768670669656 -0.117859556579136 -0.145385250181309
-0.0741573842816188 -0.138073023709764 -0.0339767100052104 -0.219905688225935
-0.0274698146138633 -0.170649914265257 0.0781883126133955 -0.245138043849619
0.068384747533313 -0.172715583103411 0.209846296349953 -0.12881828083495
0.177969472109628 -0.121049475934518 0.18705540974446 0.0563906398538644
0.242595335043717 -0.0198261469108487 0.025106280718286 0.118163127142879
0.216327067760517 0.0710863565870441 -0.199449630838923 -0.0142632585521375
0.0859599326062054 0.0696188809345811 -0.375639731633839 -0.0313584578295872
0.124441369408987 0.0275859593067967 -0.290893002353056 -0.0750373834571542
0.101992332069458 -0.0445857867303628 -0.249197318234338 -0.0944560689858965
0.0421060951255986 -0.0739889697290213 -0.206574958115851 -0.101908243342742
0.00863486772702833 -0.0714204982666115 -0.23776694186595 -0.0826895671766669
-0.0265255132354412 -0.0674247404436396 -0.237237432620993 -0.0374304945941591
-0.0407871376909245 -0.0602905359597103 -0.217901718701173 -0.0459793389199891
-0.031140898158412 -0.0688557325382393 -0.173862173873074 -0.10877177186346
-0.0266252717446433 -0.0721121127508988 -0.129716919371747 -0.18231473943108
-0.0142032869316431 -0.081123351406524 -0.0220401313631721 -0.248658401554884
0.0150753332140512 -0.09653706000741 0.100868086069711 -0.251552575229556
0.0673173418305939 -0.0924425927184756 0.216825382005982 -0.123969702029116
0.136877383923308 -0.0435027873215679 0.165143394685552 0.0440169979115186
0.155749641555552 0.0387700067388835 -0.00122246446275279 0.0788766331230961
0.0988767216852089 0.0863568034108489 -0.232177640551271 -0.0630904575044538
0.0337673728993838 -0.0642191336715243 0.257977024467632 0.121679704866344
-0.0440331588305973 -0.0466194270233903 0.0833220956778096 -0.0832794296936539
-0.056281641442147 0.000421278135841147 -0.137912767432117 -0.0880042706654662
-0.0180079208169233 0.0155025414692725 -0.265925156092486 0.0571365270224448
-0.0146168860756855 -0.0021174292690071 -0.183471206767857 0.221477118425855
-0.0180786779175415 0.00267086812543464 -0.037528647748859 0.272864271348187
-0.0253082075797772 0.0107969680456036 0.0801737350904603 0.245935644340413
-0.0402584259924635 0.00998288942409836 0.162977707352206 0.16831815158957
-0.0453630839693028 0.003494546176599 0.20192253392678 0.10729070447734
-0.0481750181787133 -0.0145572239631499 0.224623005253845 0.0762333238914099
-0.0308586748491568 -0.0364641311447102 0.225163469561342 0.110488169878767
-0.00239424168769437 -0.0402751744420231 0.199914614749858 0.152322000654821
-0.00748066064242567 -0.0438694348852027 0.214275621403644 0.145895338315375
0.00913858295135598 -0.0666980418058456 0.258306735962961 0.14615406052785
0.074070424563294 -0.0604929738329697 0.350699637608988 0.0961987373017396
0.140939051215882 -0.0119124249276007 0.207618411946359 0.126820625628431
0.0576290076600357 -0.0275452374223062 0.059201397313911 -0.0731281631915749
0.0276688631815877 -0.0117427676902097 -0.155558268353307 -0.0924351044515881
0.0379591516595676 -0.0291932546844079 -0.273830793812433 0.0450210207127684
0.00607126762346266 -0.0690637175800999 -0.202417898099124 0.202050428235352
-0.0337850806334828 -0.0671625656979715 -0.0646922262993035 0.264982805901246
-0.0649608171772981 -0.0524229462698418 0.0531011026094825 0.241012547017895
-0.096645259808778 -0.0522175615029343 0.137863609177711 0.160628240329207
-0.105237810618863 -0.0603974899906883 0.173850606077086 0.0906420161510288
-0.108303817037533 -0.0919262987613768 0.200531606159147 0.0419954426609232
-0.0684053706945021 -0.139206824302156 0.221561590664958 0.0566810884065998
0.0177318299455553 -0.15420870363545 0.219629235527359 0.115771846724048
0.0819117858322878 -0.134327134439632 0.224854142740735 0.137624400344771
0.139573908217469 -0.101885595361906 0.231619179888035 0.140112105497697
0.204753389057205 -0.0421448366418258 0.297898827085822 0.0906599828769296
0.23411739265658 0.0455824335406596 0.125169105979343 0.100680278058857
0.163731412969356 0.000255078117814844 0.0167175965071291 -0.0923900933757121
0.127121051480724 -0.0264283016775945 -0.188102521791223 -0.114684043935436
0.099285207501085 -0.0839259782050654 -0.286595257084267 0.0282182288067002
0.0278373203545524 -0.139054379288287 -0.215383587524085 0.17394480517078
-0.0473778606346187 -0.134113436918442 -0.0890258836850586 0.236716096080161
-0.0978948835717491 -0.110725820092041 0.0164368428594633 0.212980926934113
-0.140084582170302 -0.106854416799187 0.0924262587119323 0.130237229506523
-0.150171481438507 -0.112697437559524 0.121948949014894 0.0558271927076937
-0.156856007208195 -0.149644215306116 0.153789628858656 -0.0074378294576193
-0.10919590181422 -0.214959364686326 0.197195823123383 -0.0162869027892494
0.0147499543752938 -0.246212535606711 0.233993243185724 0.0596782958663832
0.1389576953029 -0.218238784135963 0.237025147245437 0.12396039499253
0.241126944479392 -0.13883622353772 0.196420280293993 0.143564921690946
0.303412321359033 -0.0236724923224395 0.207616743546928 0.081914965051786
0.297730421309366 0.0913771072766627 0.0125385201493815 0.0526751427367107
0.258255606272561 0.0219858708514429 -0.046869859668332 -0.123137233330043
0.222531672789067 -0.0516057612593002 -0.225952766656334 -0.138116389545469
0.151006430194665 -0.148352462307581 -0.291238619943105 0.00389823727607098
0.0395772719086787 -0.205022678375684 -0.220530610185719 0.127566757689059
-0.0629028934320369 -0.18699763062194 -0.113125437600369 0.183831206217838
-0.122128269584069 -0.152739860511733 -0.028812466705908 0.160863978123881
-0.162492770792179 -0.144640058775189 0.0335296185220204 0.0824420136167136
-0.169923277430718 -0.149148400737365 0.0563250390552375 0.00842277199018386
-0.178797971807083 -0.185584710175635 0.0942501745189294 -0.0628533692675894
-0.128556572250678 -0.257267735363912 0.157026079279617 -0.0895838495656954
0.0129527431007419 -0.295966866824909 0.234968110116644 -0.000706130018871588
0.174700567511369 -0.264756708258742 0.237936232728359 0.110444182001978
0.305173127620754 -0.150553074670268 0.151456604949893 0.153127657672225
0.356017019808334 0.00203523052795311 0.0937385667799326 0.0688888173011954
0.318441387687412 0.114647970587203 -0.116882336869573 -0.000486598714887508
0.311774406779552 0.0310159276574969 -0.129217907464773 -0.143322478590454
0.279604699768968 -0.0787410937145693 -0.255182077123707 -0.147735011609834
0.173015742412477 -0.195836620939093 -0.276636206081061 -0.0277800660072828
0.0377398155769137 -0.242388084282614 -0.220261290273267 0.0618174071666826
-0.0757640325826203 -0.210314634063976 -0.141658613067614 0.112917435480778
-0.131750807293158 -0.168776395586182 -0.0818916127840317 0.0943245317339173
-0.158359345039242 -0.162128420877962 -0.030673919497376 0.022553393838031
-0.160168918024946 -0.164952709165065 -0.0114937142542148 -0.0470134720222686
-0.162143323428905 -0.198211376091054 0.0380458159587133 -0.118908230132605
-0.109585157922157 -0.262958637997921 0.118514795352621 -0.152918293744566
0.0326918520094143 -0.292521392081209 0.228438287855244 -0.0504732678620639
0.200406933509773 -0.250775720543062 0.225423370899523 0.102023785081798
0.327197325912177 -0.120074445814651 0.0984455364881794 0.159522896800519
0.353498640082125 0.0394809011268723 -0.0259562487615026 0.0453884919180169
0.284046975359015 0.115856901035428 -0.241474892919884 -0.0446987056417404
0.301743626672911 0.0335102495058193 -0.210175666722742 -0.144516816668996
0.273462332249859 -0.0868631547512253 -0.265252209263896 -0.14148814534561
0.156573348888261 -0.199494490494784 -0.244620948591538 -0.0645114728189694
0.0281257406204644 -0.230241026995691 -0.217932897249832 -0.0133721213313796
-0.0742990785686898 -0.194893966684346 -0.175300216268392 0.0334460827226259
-0.12017636924173 -0.156397379035052 -0.136692888094225 0.0259614116685639
-0.130111114766147 -0.153366062701135 -0.0889667027310785 -0.0392713086986734
-0.123571551652189 -0.158017432362599 -0.065871402797424 -0.105212990767236
-0.114004546103073 -0.185585076577972 0.0028049369932025 -0.171979854176798
-0.058629571217404 -0.231358574227424 0.101306030050644 -0.199141767006107
0.0683273892834587 -0.241402032434003 0.223004720762307 -0.0811293272363698
0.211767520704405 -0.182365020136799 0.20079695893123 0.0940731290489769
0.304635842060997 -0.0531812963036479 0.0454618374887052 0.146753760538755
0.296775086683607 0.0809013725898847 -0.129148667055587 0.00462006151484887
0.197789378765911 0.0998806228352616 -0.333296587189361 -0.0689368738832345
0.229839061688093 0.0348025067499047 -0.266407415107735 -0.128979910897931
0.206666142793806 -0.0701837224534892 -0.25476079450536 -0.128732576786944
0.109741461820481 -0.151342705343879 -0.209275801086137 -0.0984956850943997
0.0198064801514728 -0.166670097685101 -0.216723738922336 -0.0764603455278088
-0.0542834308217951 -0.142249445931717 -0.206342775427513 -0.0318503075035704
-0.0854784585655997 -0.118386228530333 -0.183164950255383 -0.0332352877359117
-0.0818786715347436 -0.12264191750866 -0.133620094404245 -0.0935492094263152
-0.0716214768727602 -0.127508686657785 -0.0962328957835484 -0.158071670447336
-0.0537843227756116 -0.145006067295741 -0.00339554929404902 -0.217776558041373
-0.00344951387335818 -0.170038260445846 0.110237215254116 -0.225936517921527
0.09197095369846 -0.16027250814326 0.225065826785215 -0.091311761778242
0.193563946796413 -0.0924690975347428 0.173539156691171 0.0841965406572348
0.239402305723605 0.0192732781011728 0.00387592326128674 0.113879467950687
0.198460881664963 0.106737940813686 -0.197018342597397 -0.0487539707495116
0.0762725167078154 0.0781158465287582 -0.375439934955218 -0.078346796574662
0.118524702573874 0.0438247468202826 -0.283458025546827 -0.111400783016204
0.106725028170628 -0.0274178139328514 -0.234604171496982 -0.121607239244194
0.0532737920292247 -0.0657372596896318 -0.189304786235991 -0.123226959009396
0.0196080274506824 -0.0688856434620355 -0.221158689882727 -0.108735728011323
-0.0150258819682847 -0.067059032326837 -0.227698570838867 -0.0682479129486524
-0.0321840573019469 -0.0635704601381731 -0.210560908454766 -0.0701726418039705
-0.021765370766645 -0.0732035925555205 -0.155842062474722 -0.131594387211648
-0.0169612705949642 -0.0751895510918083 -0.102561378807661 -0.19675089169966
-0.00344344080004571 -0.0822424315317176 0.0139075941759845 -0.246550765705328
0.0271632745345727 -0.0930797711487482 0.135022670846817 -0.230330841632263
0.0784823953406849 -0.0821470866082216 0.232025536090552 -0.0877134642054796
0.141525721311116 -0.0233112154789591 0.154974504964621 0.0690290929001945
0.145086154526009 0.0620819979697183 -0.0134438477937729 0.0732942258235665
0.0805142021255706 0.102940753004449 -0.221504857556104 -0.101218587951192
0.0329899463847682 -0.0661259084121402 0.266564856227166 0.118529074901205
-0.045145570361519 -0.048066432364061 0.0849644581958191 -0.0877171086008608
-0.057115462816527 8.45987595677322E-05 -0.141500816274402 -0.0905825060200905
-0.0185745082237934 0.0159618512522094 -0.270911421918379 0.0600599256133637
-0.0164095750553421 -0.00183586146939875 -0.186181987548764 0.22608877370615
-0.0185932484729181 0.00220234760165916 -0.0339666163280193 0.275729911831679
-0.0255436872966988 0.011003234036896 0.0871163934460197 0.248977961108073
-0.0408537209029869 0.0106104680199766 0.172213887589127 0.16986707920868
-0.0466022855867338 0.00463630660937392 0.210074654773894 0.107258230794713
-0.0495501203028301 -0.0135939927362159 0.231166151660491 0.0767534272167465
-0.0321936729023293 -0.037276398353011 0.232387658929831 0.111395979562191
-0.00372164597779749 -0.0418406185923706 0.207068073557911 0.155266890185703
-0.00803374034020199 -0.0448110516326817 0.219089050499007 0.147989917682008
0.00930797500072777 -0.0676862951697751 0.264066064471813 0.149314837674316
0.0756198502074604 -0.0633811751861558 0.360256130249388 0.0977247601281658
0.143058091447544 -0.0141830628148983 0.215445464967996 0.124721928999398
0.0582155537864902 -0.0289212057817126 0.0620526313609546 -0.0773493840928301
0.0282764485618785 -0.0125938765098709 -0.159168456423247 -0.0948130815585352
0.0375308650549079 -0.0302186280269481 -0.279812577863833 0.0476250403452256
0.0039386703920823 -0.0707944723529566 -0.205088571570194 0.207177357006901
-0.0353077233356547 -0.0681429072682624 -0.0615223615269075 0.268301603146119
-0.0667624270494102 -0.0528526139627001 0.0592457246857715 0.244017681841937
-0.100758172351869 -0.0524448818039687 0.144419245346067 0.16219046571756
-0.109718347145927 -0.0594523566705291 0.180107148748266 0.0908951775224531
-0.112975741344092 -0.0916414843351392 0.206748485117549 0.0419553880767195
-0.0724824966763805 -0.141851354125938 0.225976010646662 0.0571952308020769
0.0160289718659623 -0.158512351335459 0.226367645821576 0.117999234656493
0.0829989054615654 -0.137702220069358 0.231825347473699 0.139481563256249
0.142222796709087 -0.105953454119758 0.238470307038401 0.14243462698856
0.210862557947533 -0.0453665660680118 0.307068254060905 0.0904414118219633
0.238253594311118 0.0441487668519357 0.130800525142521 0.098962691166099
0.167339560702568 -0.00140512941281983 0.0195838613978777 -0.0969761381436503
0.12989993386534 -0.0278039012996551 -0.192776204265529 -0.117213845995176
0.0998378597320182 -0.0871450056451048 -0.293287114766883 0.0296084044832975
0.0250631892622749 -0.14233225063579 -0.218256970585984 0.17825629685988
-0.0509186250241601 -0.134979643517425 -0.0867497990707995 0.240428357277624
-0.101682925915398 -0.111827330776896 0.0206371726968687 0.215153557040677
-0.144854830732483 -0.106922728304259 0.0972919395037521 0.132296221239368
-0.155932288827884 -0.112676972102177 0.126788732278309 0.0562122871677737
-0.164390534996794 -0.149730613064418 0.158565914749617 -0.00797376270195675
-0.11564621891923 -0.217735506043463 0.200198480440268 -0.0164201669248892
0.0122286167703906 -0.252313050364362 0.240923562565816 0.0604882736897162
0.140069096591621 -0.224322248560006 0.245092800240133 0.125243001766622
0.245042457540132 -0.144932593981835 0.202562504188906 0.145330383700378
0.312743481687333 -0.0277733042394728 0.215477502900716 0.0824618275705716
0.304264978416953 0.0895377942202944 0.0152344057589754 0.0506057390826258
0.263876650190804 0.0200601342005772 -0.0446242430185784 -0.129048842245796
0.22740002575563 -0.054413828339202 -0.231071105855523 -0.14235999153113
0.152137317702609 -0.15362375465341 -0.298244075490575 0.00519433092165268
0.0358424466307156 -0.209005855351043 -0.224386542404951 0.130476273718812
-0.0675781412452641 -0.188514163266832 -0.112327572069577 0.187711176125386
-0.127280859483264 -0.153141159223021 -0.0266432899508544 0.163550254530471
-0.168827252533389 -0.145042416365698 0.0364269885298804 0.0834909014370173
-0.176901993410209 -0.148970023133234 0.0585342495691194 0.00883778101671116
-0.186887944240063 -0.185953985171619 0.0971852471496985 -0.0636062626442324
-0.136026763619846 -0.260030304367974 0.157461984227179 -0.090455728449319
0.009028533695555 -0.302483730747165 0.24146328033108 -0.000928710882967016
0.175739430314481 -0.271271020737876 0.246464993451353 0.110831942259523
0.309631321180968 -0.15689272492242 0.157786399983468 0.155370088006744
0.366832560789494 -0.00151162499246575 0.0981391351431719 0.0690872227391632
0.325186615319977 0.113655970520738 -0.118064333343988 -0.00235871639952373
0.318447158457932 0.0284082908471986 -0.129128034862704 -0.148762616755965
0.285517088343423 -0.0822741364676576 -0.261129588474134 -0.151363210143135
0.174429889801589 -0.202737489821705 -0.282951312257627 -0.0274592748218766
0.0334545578092475 -0.247944992690285 -0.22429744811627 0.064421574144876
-0.0804394209951911 -0.211827380514713 -0.143175039088501 0.115406160558203
-0.137486385062141 -0.169210564491432 -0.0814936086811598 0.0972239999602831
-0.165074588537199 -0.16280773237709 -0.0305524381675128 0.0241365949906054
-0.166928370238213 -0.165637432919401 -0.0117251037612396 -0.0469692818162888
-0.170715571570522 -0.198937699219965 0.0391717079465727 -0.120401197108876
-0.116450903390336 -0.265422656643887 0.11834914705443 -0.154858520789971
0.0292614644327339 -0.299443863900207 0.233936992045393 -0.0517465925581167
0.202107891688874 -0.257245707317321 0.234429340623678 0.102890627831331
0.332701035179661 -0.125788485889438 0.104342486813422 0.160784589898421
0.363376513861844 0.036740136575581 -0.0245827820515493 0.0459111624978882
0.290378952586463 0.11506620782543 -0.246156320462933 -0.0445426089217268
0.307838673094037 0.0305517079173108 -0.213552010337238 -0.148788962639935
0.278607685269956 -0.0906129901266588 -0.271831966805609 -0.14445008974328
0.156799517812034 -0.205694549915912 -0.249956580083303 -0.0648287752650232
0.024515450120458 -0.235016715967415 -0.22159061294678 -0.0126085061201673
-0.0787471349096845 -0.19564341765701 -0.177979305707714 0.03647037907966
-0.124919622744554 -0.156318230578576 -0.139279319370008 0.028665149680326
-0.136262635615517 -0.154885388960028 -0.092731683650472 -0.0375955430312391
-0.128743836611815 -0.159320646835885 -0.0687208302738523 -0.104846511535796
-0.120768803086067 -0.186878508850082 0.00171009105239389 -0.174582378836386
-0.0639747288292152 -0.233767028568086 0.098631058498879 -0.202014475522904
0.0662393592429025 -0.24671019102102 0.227394980468912 -0.0838127808368068
0.214538740040148 -0.187016024110927 0.209713099823224 0.0959357973463661
0.309346760066022 -0.0573208710818992 0.0498567651960606 0.149284009938866
0.30518739991054 0.0794655486610081 -0.131111076589052 0.0065620072928474
0.2022915506662 0.099213092968075 -0.342402527746031 -0.0693345437533943
0.235419613045424 0.0336832300846037 -0.27075007959903 -0.13188375444566
0.210516722150668 -0.0724357893019908 -0.260921514901884 -0.130250122754731
0.109556574777092 -0.155689721855293 -0.213970841409084 -0.100378771457618
0.0170781924515925 -0.17018531005917 -0.222100304083581 -0.077152802909963
-0.057399191736337 -0.14224849414888 -0.211318933798543 -0.0298662121541065
-0.0896081677580339 -0.118373355474701 -0.188099161676089 -0.0306292364503644
-0.08606540918123 -0.124685712353197 -0.139999452767168 -0.0918521233717816
-0.075589321383914 -0.129579625930013 -0.101086630711847 -0.157859207567416
-0.0579590019307483 -0.147027698165461 -0.00628904229658305 -0.220429895899243
-0.0058312839302002 -0.17197573968339 0.108598323783512 -0.229812235761989
0.0911620003544347 -0.164719184130608 0.229729887801906 -0.094399841817417
0.197735610802552 -0.0948871575484437 0.181285604152654 0.0862460542172124
0.24391583644072 0.0182383660367505 0.00675286237453631 0.115560245023962
0.205121679544531 0.107747343482279 -0.20166923656531 -0.0467610306267574
0.0780509086300831 0.0782625813571075 -0.386490456591883 -0.0776116644163
0.122139392019357 0.0428702586497736 -0.29070170812797 -0.113463451633674
0.108498985367388 -0.0274816454615911 -0.240128982206285 -0.123713309368632
0.0533418468444347 -0.06778814325935 -0.195404695846487 -0.125401470461779
0.0190622011229232 -0.070850677406265 -0.226469618062716 -0.109736899196928
-0.0163601020957527 -0.066121548345121 -0.233594673569398 -0.0675828270804633
-0.0342706930818555 -0.0634137963097356 -0.216924116075879 -0.0680334226646853
-0.023417717300595 -0.0753433651137301 -0.163031789841594 -0.13071224512307
-0.0180574053708826 -0.0764456236807124 -0.108522547801151 -0.197858787479351
-0.00448911274422574 -0.0837408257732292 0.0106763948296334 -0.250414429555707
0.0262185202103786 -0.0948849463547272 0.134469238655372 -0.23545702586309
0.0788822431989787 -0.0849588244012436 0.235960092427281 -0.0907935323152355
0.144960811814365 -0.0237971275513797 0.160890939117269 0.0714144745580555
0.148059962703344 0.0627347042179548 -0.0129591624743088 0.0747903785321095
0.0829203585520383 0.105408522155678 -0.227052291074044 -0.0992003165396069
0.030367014708215 -0.070463689035567 0.279642232725042 0.105713024175385
-0.048078402959119 -0.0478645073522409 0.0846079934788634 -0.0961143495446049
-0.0586259971535089 0.00167753026324023 -0.149014128486999 -0.0880118395931533
-0.018341906785374 0.0172032936606709 -0.275689100604517 0.0744593070838892
-0.0181447099603677 -0.00117351692790814 -0.180704646015606 0.239349133456794
-0.0196458177407126 0.00267063067289126 -0.0211082815415001 0.280986899014862
-0.0255286083579797 0.0122787230855284 0.103354566538886 0.24722092984205
-0.0417018859314702 0.0122755891345141 0.187774695375202 0.16382471948381
-0.0476623883206197 0.00771315861047558 0.222702751929881 0.0983644759962132
-0.0521035140582395 -0.0110523541257842 0.242349536651921 0.0676575967554103
-0.0351510390170466 -0.0377414338603017 0.244022859317107 0.10434466384929
-0.00610567127848482 -0.0434607460397093 0.221070625522335 0.151242280274087
-0.0100893586954473 -0.0459305101923064 0.231221624760677 0.142477781043871
0.00749447501983161 -0.0694349036834229 0.277204406975368 0.143187382787896
0.0756534144149859 -0.0685607150250362 0.376552749728345 0.0844933125412328
0.145454634827013 -0.0222325779084774 0.228828598169763 0.114369967349592
0.0580630056631607 -0.0329784273395751 0.0626385674893207 -0.0852831462998153
0.0288266137680258 -0.01437741650735 -0.16807725873952 -0.0919532048733982
0.0368466835689639 -0.0327334267007824 -0.285235197482139 0.0612354477827768
-0.000808590626244807 -0.0719400366519924 -0.201656866740859 0.220548418875128
-0.040729873491574 -0.0673062277429779 -0.0495122675662017 0.275810828858829
-0.0716438745241208 -0.0503785535602743 0.0742614795815944 0.245243208212684
-0.106498021313865 -0.0477746524482837 0.159179374666609 0.157798180488652
-0.116295987428957 -0.0545194879229875 0.192862031704594 0.0835512401354055
-0.121463203262918 -0.0869405636738827 0.214985516037582 0.0340549205369799
-0.0825052304865826 -0.142560148830979 0.234357280842025 0.0489192895826549
0.00779617570711227 -0.163588187308447 0.239554449352088 0.111479114958222
0.0779149066841518 -0.145634884727499 0.244753669549587 0.131922237324565
0.141385851197676 -0.114591326753415 0.251415509661776 0.136344420165186
0.215394165420672 -0.0574040875356946 0.320976704488783 0.0793407153916456
0.245588402888955 0.033097316333822 0.140727391375475 0.0912661521410723
0.170784146885607 -0.00950595570026026 0.0189771894851587 -0.104591116190662
0.132201686398131 -0.0343582009544876 -0.203304121564482 -0.113708988330921
0.0975345706292406 -0.0937816240571535 -0.299802209433822 0.0433696655303984
0.0171401024737547 -0.146599890552397 -0.215957697625833 0.191063431954612
-0.0596628063768434 -0.135061985046649 -0.0763856961475018 0.248147945223096
-0.110802307509208 -0.107825108324927 0.0334581378020932 0.217472373784126
-0.155898066973772 -0.101800646990474 0.108933543603977 0.130166295818192
-0.167758590077084 -0.106669307956389 0.135387133949392 0.0508817000925172
-0.178082391355507 -0.143291227146125 0.164223648115761 -0.0151067461716811
-0.131087087952003 -0.217487719967301 0.203913507617749 -0.0240897127360203
-0.00170428997092885 -0.25886664049986 0.251484288360767 0.051878641704598
0.132929887168857 -0.236537684383596 0.259145419303397 0.116917590375891
0.245476578430262 -0.159391738648754 0.215272955812506 0.139651816611787
0.322550329118092 -0.0439499460537122 0.225999441291873 0.0730934714830738
0.315541276112546 0.0765270309518255 0.019690696900857 0.048028568167852
0.271360550833578 0.0068320208852215 -0.0478517944199634 -0.133410534790623
0.231293967011623 -0.0664316784355602 -0.243918332740347 -0.136411615876113
0.147532382597969 -0.164831261166167 -0.305635509151298 0.0178700497980284
0.0249702336361385 -0.215779839144563 -0.224357705382717 0.143154898617164
-0.0783098171211823 -0.187893885239329 -0.10508355266789 0.196513686461597
-0.138420589476794 -0.149512559912459 -0.0173854813293452 0.167498988953576
-0.181964576665051 -0.139854858755632 0.0428822652741754 0.0845743109683629
-0.191474604625027 -0.14281587479784 0.0615287218135852 0.00635294420643101
-0.203328174060793 -0.178618095631228 0.0981045012012663 -0.0691994189041325
-0.155310029822971 -0.258730276674399 0.156870588656551 -0.0974913123135151
-0.00769280225949599 -0.310291193251516 0.249142364894431 -0.011338512861271
0.16693204127378 -0.28711515051772 0.260973279627632 0.101823832193615
0.310318477645737 -0.176084140841262 0.171016426455417 0.151369990872409
0.379628399758544 -0.0205758646376726 0.104534463434367 0.0646627808172736
0.337402288205596 0.0999536154929911 -0.119556641542658 0.00134364502157732
0.327115092403077 0.0127520349392636 -0.135198551518453 -0.14932687386692
0.288964303308513 -0.097265336305226 -0.275074141513681 -0.145056849971369
0.167219372747303 -0.216259156969085 -0.291932437093934 -0.0166602729217677
0.0204848064289363 -0.254724706611824 -0.227255846532825 0.0746186543429473
-0.0929174573486952 -0.21069004270491 -0.140543766699748 0.123968380765418
-0.150280912900624 -0.164525903502851 -0.0775375660867366 0.102879590488581
-0.179652611278321 -0.157657695977709 -0.0301723402473753 0.0278079242991763
-0.180644299417378 -0.160618775964341 -0.0141008446564138 -0.0459320098603925
-0.187469030617671 -0.192113808898698 0.0349556195719553 -0.123911961662118
-0.135091721235617 -0.264491228227066 0.111887814171278 -0.161933685304957
0.0133186152999066 -0.307808064369714 0.23856396046467 -0.0634279275669874
0.194463932257487 -0.273815135324384 0.248613881883941 0.0932937724627418
0.33476565467146 -0.145071493308372 0.116033444129715 0.159637783790819
0.377019318430368 0.0192906908811806 -0.0229247741562496 0.0469927890312323
0.302040947271001 0.103996636978663 -0.253913273947969 -0.0357377783254898
0.317526269011895 0.0153602447382228 -0.222278634019689 -0.145071152355101
0.282100205145528 -0.105653661112675 -0.285728528340978 -0.137723135210808
0.149348276315243 -0.218038668070178 -0.25914599870456 -0.0572458290384394
0.011946571913345 -0.241606158598855 -0.227321157532922 -0.00378072872960323
-0.0901298267969559 -0.194195473079059 -0.180226051310755 0.0453934356972929
-0.136704042260101 -0.152012207485649 -0.14073843948964 0.0364140103390153
-0.149334074912272 -0.151501474627822 -0.0985020483407236 -0.0318005362326973
-0.14194247545972 -0.155726728617629 -0.0755411666023843 -0.101754398689896
-0.134948128669713 -0.183192719013564 -0.0068261222161704 -0.177438687228151
-0.0788334802861576 -0.234588870353662 0.0900191811146309 -0.208731307173384
0.054008867440693 -0.256196350294719 0.230344953497853 -0.0953304663110143
0.212064754383851 -0.201576688216561 0.223140606303152 0.0877780848927513
0.314728924083718 -0.0734998236462528 0.0586935028001077 0.149293929111655
0.318256703914214 0.0659063272211625 -0.133868908139387 0.0126055475591052
0.211211910628253 0.0913665370064261 -0.35463363392598 -0.0554416768486522
0.242467452642838 0.0218913379757155 -0.282914620098463 -0.12473394382152
0.21282715583661 -0.0834142536135151 -0.273560778748634 -0.123709533977993
0.10385580537001 -0.164435108973749 -0.224468149436358 -0.0946625282761453
0.00773587251466962 -0.175329347739282 -0.23080152516061 -0.0696238626322807
-0.0647600903715244 -0.140741926765983 -0.218401758594651 -0.020326396995341
-0.0978224552205289 -0.11498652490536 -0.195235200137802 -0.0200730872277506
-0.0961722412975767 -0.123755660447207 -0.149655618203483 -0.0849906289534496
-0.0837970217844565 -0.128599263218288 -0.112343882301263 -0.154270182679649
-0.0676009352299757 -0.146711191667552 -0.0175881855850007 -0.225010283331905
-0.0159054408059343 -0.174847572261363 0.098450473033752 -0.238409821764564
0.0842909622626541 -0.17307802104515 0.231045618491511 -0.106239944449995
0.198860286081965 -0.105843134212435 0.192596606882955 0.0801775725094977
0.250478858921549 0.00588647018397488 0.0134796380806126 0.116984313876142
0.215770008102736 0.100680163939463 -0.208550071272491 -0.0373414455430151
0.0839270847053531 0.07600027309822 -0.401863381502939 -0.0615783591256034
0.126243706746763 0.037388423279075 -0.303529558157008 -0.103143669568047
0.110181052494339 -0.032512687786744 -0.252462564229513 -0.11570919701087
0.0504772882864227 -0.071667190549846 -0.206896262786039 -0.121460532393928
0.0157031645380139 -0.0738132204391828 -0.237512017820861 -0.102256980946047
-0.019403767480596 -0.065092012966901 -0.243714351879601 -0.0569585441218566
-0.038118730824596 -0.0622477429756545 -0.227247498251321 -0.0570012989459281
-0.0284483793384809 -0.0764463230555409 -0.176254842922448 -0.123320926085089
-0.0218171392035087 -0.0774609293717494 -0.122351999804567 -0.194727036960048
-0.00931056799336938 -0.0855252029685674 -0.00309140862272333 -0.255856561594597
0.0218585960188712 -0.0974675005914893 0.125371926900562 -0.245947758066471
0.0757221269644063 -0.0903279374189794 0.23810814280565 -0.103131524110882
0.147562711142884 -0.0306205330507298 0.170632306057923 0.0673094831617383
0.153346062658356 0.0574641345163972 -0.00883503428709321 0.0766716363651217
0.0894258709567205 0.105005536886019 -0.237383915319842 -0.08900327812555
0.0244880435636545 -0.0723722020719687 0.286475825610477 0.0806150148264873
-0.0516511589163721 -0.0443214842389386 0.0773728571035323 -0.104441287449691
-0.0589637403585132 0.00520929852402128 -0.155360937431573 -0.0785075869829404
-0.01700111773207 0.0185783999797783 -0.269685348961458 0.0935853010831364
-0.0189885734800173 0.000780944340767119 -0.163283337409616 0.250370984299605
-0.0200812236508647 0.00377297425274523 -0.000661167515633147 0.277717869916913
-0.0240794502359356 0.0133105415384228 0.122275584614559 0.235970780947315
-0.0411641041424959 0.0151988152887223 0.202325494371789 0.147034024702537
-0.0470575029403674 0.0121830277533447 0.23185492668322 0.0804156356113457
-0.0526265807622793 -0.00606516167909732 0.247198292362909 0.0495829010070882
-0.0382434164923881 -0.035592286420118 0.2516184846151 0.0865336764188951
-0.00926933608138521 -0.0427846834651529 0.23230541054309 0.136013195587266
-0.0136256918467494 -0.0449590087513936 0.23905329439708 0.126147700718595
0.00336360100717541 -0.0685665728816685 0.285988974216044 0.125293518921426
0.0710880111219271 -0.0743374646842175 0.382058934660036 0.0580264522869154
0.142181488269545 -0.0325659584144071 0.236782251699848 0.0937348279272263
0.0550220556484269 -0.0367100680461391 0.0574130903583805 -0.092508062252184
0.0269644975707011 -0.0156974116306582 -0.174183494573666 -0.0819155046120016
0.0342802094731591 -0.0349120114340329 -0.279821737857037 0.0810335845641684
-0.00706047059927546 -0.0703230830170212 -0.185750502647808 0.232762610829625
-0.0461202943151285 -0.0641229993411205 -0.0287282846329702 0.274435135371455
-0.0749091805182059 -0.0447779211279539 0.094269902696064 0.23594274806747
-0.110779528546511 -0.038962134153275 0.173672854196582 0.143793249578242
-0.12035005612644 -0.0446468828250678 0.200122081871584 0.0681868187236376
-0.128199572060222 -0.075926114541529 0.218651086794214 0.0180322624151037
-0.0939003616520558 -0.134899053104339 0.237931009276994 0.0324103407837878
-0.00509575481417719 -0.163169240286436 0.247477944798123 0.0951012465557274
0.067566396311041 -0.150213415953804 0.253207860096676 0.113556410164132
0.133626620777235 -0.123432168731883 0.259919870515579 0.118644336321476
0.212253217347318 -0.0733993464511713 0.326926433601277 0.0552912100546881
0.245733442873753 0.0146194743505968 0.147280763027294 0.0773802042809751
0.168300735967387 -0.0222157473208323 0.0140332338489481 -0.109235379430597
0.129090577918687 -0.0432889237370528 -0.21139511207146 -0.101529306662109
0.0900534669803189 -0.100467984666598 -0.295345512389807 0.0636672307739678
0.00480213177751015 -0.145857192947635 -0.202381727455844 0.204684367493735
-0.0693002194268698 -0.128718200728149 -0.0573576519275796 0.249678048412615
-0.117954511892551 -0.0990396489280666 0.0504403679720327 0.211468581152933
-0.163828344283487 -0.088222351975028 0.120662483643708 0.120320124585855
-0.176365637353617 -0.0918259716278394 0.141035676434603 0.0403684171270081
-0.189168086382414 -0.126877048516907 0.16459295653535 -0.0266407984953872
-0.14865322277677 -0.205090182895077 0.20152891870338 -0.036670663983365
-0.0225065700330785 -0.25649354208209 0.255218553673648 0.0347032054884796
0.115456642602419 -0.245235964611251 0.266380054876943 0.0959363722551607
0.233178045701018 -0.176812985831502 0.225022040751165 0.124319495776821
0.319787619422415 -0.0685470834161814 0.230730300847934 0.0555075799388419
0.317783995671876 0.0536222964899544 0.0249819231346586 0.0431698884519155
0.269291260498268 -0.012800334840032 -0.0543664529942627 -0.134038500679288
0.226592697512714 -0.0822485846375038 -0.253429983873816 -0.120300695547155
0.133744919968691 -0.17443304651941 -0.30333614512237 0.0381203022204965
0.0071290553898109 -0.214627554037431 -0.21309001428178 0.157202431827938
-0.0922089344208678 -0.179517051864301 -0.0905180664330979 0.20081950621987
-0.149359236522197 -0.136650767105413 -0.00358239902528142 0.166162563947771
-0.192903035407959 -0.12391893786639 0.0505205953344441 0.0806506219013593
-0.201530973260897 -0.126509664252708 0.0635212482205754 0.00242673427367584
-0.217499739067657 -0.159274783151086 0.0942777579616997 -0.075914359593589
-0.175661226750952 -0.243904593762307 0.149437463089022 -0.105294344634481
-0.0320072751555541 -0.307428735362271 0.247778507478598 -0.0284479716541588
0.145860984263242 -0.297810007896465 0.269275365993735 0.0807236352199775
0.29612581421988 -0.197652489183517 0.18096539030724 0.13762545486201
0.377939850771195 -0.0491550601052682 0.109523424641034 0.0551352559307425
0.341566935854237 0.0747632574309515 -0.117472618572122 0.00756067352591805
0.325611394100525 -0.0109609791075487 -0.142558066039023 -0.143730934169492
0.281524775821903 -0.117268475428863 -0.284650685624742 -0.125974973648416
0.148870610242457 -0.227232015816874 -0.291783625007388 0.0026905308268539
-0.000317121922741165 -0.254268566165357 -0.220341711193047 0.0889096843651932
-0.107556995927356 -0.200785929697216 -0.130217638224268 0.132508554395823
-0.161598378364508 -0.150169283220503 -0.0688329988556572 0.107567279322017
-0.192270297755513 -0.141768688792123 -0.0275390860227096 0.0303385256711985
-0.193501966248735 -0.144755978024892 -0.0167155654740338 -0.0437049852534612
-0.202962883750784 -0.174348840949747 0.026916823178078 -0.12553872013758
-0.156424775209506 -0.250465290219944 0.099120898136699 -0.164839139054825
-0.0112978316664019 -0.306035305085575 0.234067640362979 -0.0792441261291395
0.174862204299173 -0.286067622591739 0.256649031573434 0.0730748942830826
0.322454764937193 -0.169536099635202 0.126622994087477 0.148205384164218
0.377139630921827 -0.00969680935637532 -0.0190958018507768 0.0470724283036388
0.306910613647831 0.0798279135368024 -0.254542502138615 -0.0188157727596206
0.315329836530417 -0.00829533923204473 -0.229279285465572 -0.132306079780278
0.273096157285644 -0.125385428004867 -0.293921856376705 -0.116957686339954
0.131288534974772 -0.228209721036225 -0.262471679311106 -0.0402945631362897
-0.00829425843024594 -0.241058632199755 -0.227235539311214 0.0109537136831036
-0.103167409122052 -0.184555795086938 -0.176296862265519 0.057900154151896
-0.147724423739748 -0.138852456844539 -0.136635409476464 0.047094392769297
-0.161963334963623 -0.138938729197691 -0.100466576204347 -0.0229909720148032
-0.153282646011961 -0.143831346978524 -0.0828360204397248 -0.0939388166476456
-0.149743185820634 -0.169365911170701 -0.0198017088747803 -0.174474473947595
-0.0971765126820254 -0.225520998264372 0.074195241216188 -0.211200191069234
0.0340855052186413 -0.25748381595057 0.222842271367965 -0.110400314150423
0.196779665713326 -0.215419447471332 0.231306250273179 0.0702504935829134
0.306851349033943 -0.0955512805876604 0.0695408416520551 0.143082706242841
0.32271130221901 0.0412974295305756 -0.132366382725542 0.021993190941174
0.216372007335844 0.074820264888486 -0.357374917502639 -0.0299512330044183
0.24148052747784 0.00311538146416807 -0.28827349835831 -0.105851908931006
0.206123306339445 -0.0983996085623569 -0.28140563519048 -0.104312112935143
0.0899962488481937 -0.170975415965167 -0.230810401276092 -0.0803329666135632
-0.00666443459358614 -0.174316063132743 -0.234191607307414 -0.053376593079176
-0.0742942617793066 -0.133715141678842 -0.219135498995584 -0.00405861174752305
-0.106470233453716 -0.10504740399787 -0.195375412990551 -0.00483058595832078
-0.106332642456482 -0.115409297927743 -0.156782545916587 -0.0713841401240563
-0.0940743123492713 -0.120834527199705 -0.123282709471766 -0.14224447382764
-0.0793023236314341 -0.138738055920703 -0.033993748811975 -0.220119187354782
-0.0298715845702397 -0.170810401114844 0.0800897269511475 -0.240917235919922
0.0702174324147794 -0.177439744785183 0.222847767111516 -0.121724051220784
0.19055876590785 -0.119283833961794 0.201330297514602 0.0655490167402361
0.249018609523276 -0.0114270439720273 0.0219875094234454 0.114958419826487
0.222623747332251 0.0843410958500941 -0.209914254080961 -0.0208737776332166
0.0881992113892193 0.0683862441950046 -0.405166352242284 -0.0320704642765794
0.127722362553099 0.027114730674423 -0.308807565956047 -0.0823940166605476
0.107420726991788 -0.0398925429169039 -0.257966333797131 -0.0987924936065103
0.0443627446600739 -0.0746530871849802 -0.214589226066032 -0.107707635747534
0.00897270382426891 -0.0750152135097379 -0.243443605786779 -0.0851976723788908
-0.0232836414965315 -0.0621515771083121 -0.247412179395363 -0.0377407403662797
-0.042393927442191 -0.0574043037802275 -0.231158750192728 -0.0382755615274443
-0.0351078500921414 -0.0742913900440296 -0.187351971297128 -0.107404507252127
-0.0273331996335898 -0.075684353867918 -0.136533995247713 -0.181796920902457
-0.0154726644352338 -0.0835254065257118 -0.0226935845959299 -0.252336350941779
0.0135944893279501 -0.0974311762520561 0.106320953281485 -0.250986748658037
0.0680230778262967 -0.0944534096148341 0.229300087900764 -0.118847245815747
0.145250678243485 -0.0405308751778462 0.177430650708776 0.0550126663205691
0.156203456155776 0.0466038523774483 -0.00278195673677321 0.0761464005028222
0.0971737174259601 0.0974247938362985 -0.242146527157053 -0.0693528476321855
0.0179193942486692 -0.0709869796859044 0.278537447325624 0.0557259815781599
-0.0519063427648763 -0.0382401534689727 0.0675544077687174 -0.107157995203146
-0.0561928323936239 0.00893029145555697 -0.153800186404643 -0.0679927173994129
-0.0149345029823563 0.0185860163240407 -0.25201948102666 0.10601908008967
-0.0185263508660102 0.00274950254020546 -0.140931682202516 0.248912817721731
-0.0200494839723563 0.00527975916450215 0.0161137312426771 0.261913629309346
-0.0222552441935696 0.0135636353114031 0.132438771603215 0.215089150616907
-0.0384128176364116 0.0177807365684596 0.20567198510414 0.125188928238043
-0.0440264280792678 0.0152946006926988 0.228819738962994 0.0603473238753858
-0.0503856393855591 -0.0023147547966804 0.24090530739588 0.0314543991285506
-0.0395550471203126 -0.031781701720713 0.247132426719678 0.0672868729307619
-0.0116135724833428 -0.0406388651133172 0.23162078305672 0.115119877544728
-0.0153110087944857 -0.0422157246877967 0.235992017804408 0.106749366168922
-0.000149354883151275 -0.0659346520678804 0.281904659134436 0.104449338147167
0.0638074728739853 -0.0766630996956059 0.371039196789069 0.03291295288398
0.13318046155229 -0.0401189892231873 0.23187037856091 0.0712193068949546
0.049881962635139 -0.037915541941032 0.049805235039507 -0.095687025901243
0.0247953486132604 -0.0169128763156335 -0.171882116356505 -0.0696887513881387
0.0302165632411939 -0.0357718499097457 -0.263172930023205 0.0932782925934236
-0.012093926193811 -0.0657734079482465 -0.163605051666042 0.233200052591698
-0.0489084829633896 -0.0574044495752263 -0.0108012583375953 0.261145743998568
-0.0745156521922682 -0.0381446574213853 0.105304296856925 0.216515576406738
-0.109106931426816 -0.0294669666770104 0.178399704100809 0.124234389886274
-0.118812377745517 -0.033187855178874 0.197347293520947 0.050288723023981
-0.127981911401407 -0.0630241457642454 0.212123342603338 0.00231352577319526
-0.0999727857554914 -0.122673548413665 0.230613382177111 0.0173393291041683
-0.0158103639346197 -0.155534968521041 0.24374529912847 0.0764420128601304
0.0553015018097153 -0.148024994401798 0.249178798975001 0.0933798022992802
0.121103796042063 -0.126370256436206 0.255830048405026 0.0986463293966034
0.199209589149528 -0.0844929359464556 0.316862509110538 0.0310756290416377
0.235184310035398 -0.000771443304273649 0.146884830487394 0.0610333622349081
0.158822667090555 -0.0313383542708393 0.0083733596412316 -0.109790432845601
0.120960983976484 -0.0490346087262909 -0.20869663030796 -0.0853557965490563
0.0789149754668181 -0.101905379466381 -0.278660436904213 0.0781971996979498
-0.00531923078338519 -0.138053867427272 -0.180865665774499 0.20677366687015
-0.0753716939805308 -0.117780339693898 -0.0396220773428223 0.239792166313555
-0.118854960433987 -0.086509094832428 0.0630483446830573 0.196689175256802
-0.163352829931565 -0.0726682179565223 0.125558639178051 0.105653110234819
-0.175495833144277 -0.0750706454612608 0.138590241471808 0.0284705757010822
-0.189978265158617 -0.106550822104367 0.157076677305152 -0.0367080203671834
-0.157419015601237 -0.185779707306314 0.191269583268425 -0.0457780613330897
-0.0388534891403394 -0.244583637666623 0.247050703102327 0.0175360273903347
0.0953497285398168 -0.242583872497876 0.261354425693245 0.0739885321984915
0.211848638486059 -0.183987150196863 0.223217614473044 0.104788245301462
0.3024689687117 -0.088092938116172 0.224359310071604 0.0368684614756931
0.306396162018924 0.030957455024925 0.027066837080457 0.0373423289868565
0.255641708053738 -0.028717004687564 -0.0580578147982293 -0.128864846351926
0.211809356252503 -0.0923480074058146 -0.250267171443485 -0.101403798544944
0.115525372386451 -0.17465821327296 -0.287623553043185 0.0534420537520464
-0.00866457305685963 -0.203994287309442 -0.194521007749858 0.161847433522698
-0.0999034329124876 -0.164352545019311 -0.0733010072217029 0.195317819715487
-0.151577128795455 -0.11999039382275 0.00705599713468831 0.157535314462
-0.194273282165298 -0.104420128006177 0.0556250923380913 0.0733144857818444
-0.202650665963047 -0.105957441913999 0.0619323044143803 -0.00220251692912851
-0.218925122834001 -0.134835032099562 0.0867026379110803 -0.0786906874747926
-0.185889936450739 -0.220144751725235 0.136728567499441 -0.107517157244943
-0.0512076224715618 -0.290988948710455 0.236168748155843 -0.0416600976769515
0.120221095266293 -0.294651105377024 0.263603755812916 0.0585625217411134
0.270899006229981 -0.208338715944601 0.180992421750491 0.119295651462209
0.359078783520932 -0.0736891768061665 0.107451573205981 0.0443540466908024
0.330387070639316 0.0498459798396784 -0.11109866351314 0.0122861734590759
0.309385368371315 -0.0313571928278011 -0.142704832995585 -0.132837048720728
0.262292578708254 -0.130093204933145 -0.280032038652066 -0.104297529857019
0.126759544932656 -0.226247542142322 -0.278987554772169 0.0183758231103752
-0.0186022055959977 -0.240818848079199 -0.205368766253592 0.096442143306958
-0.115188642736668 -0.183537254788748 -0.115949678838152 0.133131315979586
-0.164074806774459 -0.131715694699872 -0.0592861103038177 0.106240120191855
-0.19429494945836 -0.121765839219424 -0.0231931052714072 0.0307366088488672
-0.1952776278957 -0.124072915153488 -0.0178518452223814 -0.0401277498241773
-0.205800930985614 -0.149567420326581 0.0187716908295786 -0.121434472436164
-0.167786344364101 -0.226842261298107 0.0854883768610388 -0.160924089592211
-0.0322005364153093 -0.29051165965897 0.21972618152241 -0.0893887105424648
0.149010082722836 -0.285028980641845 0.251445130976328 0.0519952637223114
0.297385472748118 -0.182324895447145 0.129865956031196 0.13329763032311
0.361436624935353 -0.0349065015020359 -0.0163407318563953 0.0456599858255307
0.297842102736502 0.0575737524794692 -0.244222033685323 -0.00314580108984587
0.299812939511975 -0.028565164709305 -0.225111100460594 -0.115028248904475
0.253941137912023 -0.136990378969817 -0.288521858289104 -0.0947102665462255
0.109655794264141 -0.225424637900793 -0.254035093998155 -0.0244627190552181
-0.0245334482246852 -0.228522023829325 -0.216226900680405 0.0221385257509173
-0.109827889179515 -0.168891749039356 -0.164949594557752 0.0655929232458472
-0.149494884480985 -0.121761212805863 -0.12817803256361 0.0540129243389786
-0.165484613864724 -0.120603381942832 -0.0977631653108773 -0.0142964233774374
-0.157642899326794 -0.12661907043084 -0.0851669139381216 -0.0827302538467963
-0.15490315952075 -0.149181001408 -0.0290793078366843 -0.164993439996644
-0.109168425271029 -0.206498279851591 0.0583170806235264 -0.202882040092359
0.0147014048102913 -0.246624663478778 0.206912640641117 -0.118526425880077
0.175013132107773 -0.219139693073651 0.226684306221324 0.0509982791344059
0.28668153672293 -0.111271934928775 0.0748766115752055 0.131459962774234
0.311576259014829 0.0181576200409318 -0.125716570416787 0.0297192559490328
0.210899697901241 0.057180189946339 -0.343738226105745 -0.00706248128221664
0.230043269612581 -0.0125667514282519 -0.281571694411903 -0.0854565900683645
0.191665999766925 -0.10593154377339 -0.275322465719233 -0.0821230222904431
0.0740757094104501 -0.168237042404278 -0.226091739250527 -0.0644945538448696
-0.0189514121227402 -0.166095251267321 -0.227734468414635 -0.0386134334794772
-0.0796490688702201 -0.122088140504129 -0.209522930518215 0.0101140685412758
-0.10772305298495 -0.0917607187958278 -0.187613005274604 0.00917423499566452
-0.110972240403863 -0.102802027185807 -0.155687762074654 -0.0555383630435125
-0.0980576490177924 -0.109732917439908 -0.127983153374797 -0.126390413878438
-0.0852100495768293 -0.125228878388639 -0.0464095973058186 -0.207006799835518
-0.0404073701585122 -0.15975950681119 0.060453607571804 -0.232335352921842
0.0545849642914581 -0.172705253507016 0.206782551077103 -0.129967130590376
0.175763414395893 -0.126436122454832 0.197831876683761 0.0489277042899846
0.237077462438702 -0.0260131523236223 0.0276442219111115 0.107863545975776
0.218756001718803 0.0660955321852478 -0.202149913009875 -0.00559143636774605
0.087785919897731 0.0594194350878348 -0.390388573744574 -0.00478049187398644
0.123043555643133 0.0173518918230739 -0.299804072263311 -0.0603417404538523
0.100358085612052 -0.0441853844439832 -0.253500210867722 -0.0781684527514708
0.0371427086517179 -0.0735139415731425 -0.211960671228787 -0.0919854324037285
0.00256757213850968 -0.0719577362782302 -0.23825057231735 -0.0682658052313727
-0.0250338829279082 -0.0573299510771953 -0.239677630231021 -0.019954428365083
-0.0438414635544968 -0.0511460735824451 -0.223704727034317 -0.0200840147233128
-0.0402717898576077 -0.0691963228979377 -0.187493117405145 -0.0878183870320758
-0.0309651262985909 -0.0716361386780743 -0.141958662372935 -0.162462106169818
-0.0207968301040067 -0.0782732244679131 -0.0379536501292539 -0.237983640721473
0.0065886813299685 -0.09332249649195 0.084651898683072 -0.244161403534435
0.0583158865599363 -0.0938697919631433 0.212809428927603 -0.127169029503495
0.137497820932471 -0.0478360450012909 0.174622739361998 0.0417226937334053
0.152294897859095 0.035218873949765 0.00120387289833956 0.0732675052253245
0.0985927344712507 0.087200283010045 -0.235262546592824 -0.0495100821948102
0.0233060935512844 -0.0626660956412882 0.25484815640686 0.0738331250333829
-0.0429308489190167 -0.0405888531339117 0.0728329883430156 -0.0997660198928167
-0.0525142063106335 0.001860953490477 -0.136654679388629 -0.0823008444018203
-0.0168792963010735 0.013900055867529 -0.240862283886044 0.0693025480542308
-0.018478456126978 -0.000253710732843865 -0.154633662644577 0.212890607141384
-0.0211785997440006 0.000857715364805826 -0.0123160031665712 0.240907545239199
-0.0221856899546017 0.00864161565263652 0.104150005510398 0.210030305678957
-0.0379252551899839 0.0126389982867634 0.18208132218618 0.136447422910804
-0.0434942892021553 0.00858158483566479 0.212275453562731 0.0800402452477893
-0.0477581804142244 -0.00811381649155029 0.226276231587366 0.0553219094530759
-0.0360620141613647 -0.0353908686650874 0.229377730499728 0.0919513952928247
-0.00896459181452774 -0.0423974243691813 0.210408064722508 0.136431006099387
-0.0112985846648473 -0.0456766451323973 0.212196943634994 0.129986276962827
0.00673131489700961 -0.0636753345405054 0.257978902793367 0.133033794886246
0.0666827476985297 -0.0681695173225132 0.354944428535914 0.0747072242763934
0.125468967005554 -0.0216676960750928 0.21296847210199 0.0911365405955151
0.0504103536936622 -0.028190064891146 0.059149637322223 -0.0872402621776026
0.0254696576566672 -0.012355443768345 -0.150937523586331 -0.0825213854613051
0.0320319261588932 -0.0300150446325307 -0.248473554877153 0.0589545022326649
-0.00318898006571423 -0.0626578670879472 -0.171103982213662 0.197212531345241
-0.0402041362331104 -0.0599703675883188 -0.0350247793691309 0.235641423546189
-0.0655708761309032 -0.045408973105151 0.07855357352914 0.209347824141165
-0.100144629519965 -0.0395495330244912 0.155543102633166 0.132922966627859
-0.108335251380754 -0.0455585489599533 0.183659612068996 0.0691692432962618
-0.113913295262665 -0.0727230258244411 0.203247571173547 0.0275536687758263
-0.0830432158214423 -0.127497915535224 0.219588675900096 0.0479279304190079
-0.000935255328817562 -0.151033607035372 0.225911321737787 0.103641203081686
0.066108268354504 -0.138615272053254 0.223540149053999 0.119627325185785
0.126917135900616 -0.108876548559832 0.229028240066508 0.127319232588586
0.197252733282057 -0.0624397808759645 0.298019931591396 0.0709291134722761
0.213923873936657 0.0246735025766308 0.136533543185502 0.0811039317372484
0.148407115147371 -0.00920909560537931 0.0255387129555526 -0.0996742858068578
0.117910413643251 -0.0304849910497832 -0.179475921630514 -0.096000032855371
0.085776951281232 -0.0839267640136198 -0.258273177100059 0.04493367772426
0.0123327138082651 -0.128668030849032 -0.181797567006984 0.172489322480794
-0.0569993166693686 -0.118732060717044 -0.0558665451876303 0.211527824765989
-0.102244936133639 -0.0945882730356626 0.0421268794910929 0.187625613678539
-0.147524428940085 -0.0851322640854814 0.10711577149664 0.111126441721838
-0.157997540586071 -0.0893147659638679 0.131489479159952 0.0432155865390587
-0.167365560687193 -0.11924876812186 0.156789087058593 -0.0133449274028976
-0.130452076942421 -0.191668377066332 0.19054870846214 -0.0127566258792426
-0.013619096452181 -0.237049130710669 0.236149221461077 0.0502372055226297
0.112517060513053 -0.223754052983607 0.23497301677291 0.104496940958324
0.219500073676726 -0.153109529809362 0.193099483703013 0.131641548531293
0.296059616456673 -0.0554961465458808 0.204075526539485 0.0678135418547928
0.275861861765867 0.0619311646650347 0.0287151860338216 0.0532395873753878
0.236315129671346 0.00363401597153188 -0.0307133001618379 -0.11995851737788
0.206031961972397 -0.0593158219044895 -0.211755174715133 -0.110619364375218
0.128419446311158 -0.146267314289354 -0.261007885903121 0.023491655614328
0.0184527209493483 -0.19031438660204 -0.186776698188478 0.130654753972952
-0.0731749204158795 -0.164616604299909 -0.0820031387744536 0.167341440893441
-0.129334478676339 -0.128533713305306 -0.00517895356991547 0.145973584267508
-0.173336755289285 -0.117916049035141 0.0439634943474966 0.0741963639855635
-0.180472091686997 -0.121401654164449 0.0614571256199917 0.00804945242121994
-0.192501763359198 -0.148030270030538 0.0950917392930034 -0.0585451174369661
-0.153686748434843 -0.225364473209869 0.14578343458427 -0.0755833926131307
-0.0214855501180356 -0.281007279124749 0.232909423449903 -0.00651646395299458
0.141607919345775 -0.270291136402567 0.237528465878379 0.0919830839738079
0.276776444468477 -0.171900307195398 0.149626515665167 0.142549873175175
0.349363665119628 -0.0356896328933642 0.0872656842875652 0.0632989504199458
0.296351372637646 0.0821514583590533 -0.0966757376415239 0.0200879697233
0.285083991118642 0.00735223823671676 -0.107621388346684 -0.128708720847478
0.257621602447311 -0.0878219735492616 -0.23474807051355 -0.113522692618298
0.145162414175715 -0.192707864437564 -0.247108144520235 -0.00735468036305196
0.0144942255801605 -0.226144377573612 -0.189366859561106 0.0697609795901732
-0.0846366571382434 -0.184302109215295 -0.114331337361182 0.104654880772701
-0.139390806999394 -0.139949892933513 -0.0622073007523832 0.0929497813634029
-0.172401170788583 -0.134754825759502 -0.0264950652444464 0.0276236078090212
-0.171722540370826 -0.137094552416716 -0.0111284422526889 -0.0356265839583263
-0.177580862894129 -0.159637722981312 0.0346229650230055 -0.104878699292002
-0.134456217862873 -0.228864362778699 0.102184346485669 -0.130311540545874
-0.00310566784593757 -0.278365650363326 0.22125444293372 -0.0537346539188613
0.167375301875025 -0.258462747608049 0.227059050177211 0.0835883648684621
0.298564964472576 -0.143567545767457 0.09753917386226 0.149347273218857
0.3481129578518 0.00169360148403126 -0.0327831689861077 0.050453320864169
0.264018670014098 0.0845152096150175 -0.218685557381534 -0.00762755949458776
0.276520247410908 0.00897770636142326 -0.186205024209637 -0.119614960875339
0.250225054009569 -0.0956396395578474 -0.243139054116898 -0.105275953472031
0.12937866235316 -0.1939732141712 -0.219341272960839 -0.0452871034277076
0.00593464869084709 -0.214995422884036 -0.19231011218676 -0.000621536025772955
-0.0801915549524174 -0.168686286151113 -0.153572457941501 0.0382580759841988
-0.126833246137595 -0.128648259652467 -0.121483042074789 0.0379888567509988
-0.145614941580486 -0.13067838727435 -0.0923094299804986 -0.0208317317362705
-0.135253238731955 -0.135290137370259 -0.0711841210514929 -0.0823994638104397
-0.128895605507591 -0.153396712190016 -0.00808819566287278 -0.151721785576384
-0.081956873427672 -0.203124910012296 0.0778665997213246 -0.174737847851079
0.036091777885704 -0.230451853847615 0.210542648544995 -0.0839040547166101
0.185495448361617 -0.192417933909079 0.204550046257046 0.0774134426954726
0.281625320904526 -0.0767131189601451 0.0458939664417292 0.137843444940142
0.295795946203972 0.0479753308367995 -0.135657977796465 0.0218393583985623
0.185769564498533 0.075283912539427 -0.31260210173522 -0.0248316854700953
0.210910272697414 0.0145826941053127 -0.244333984811655 -0.0983510809252384
0.189520899108798 -0.0744295300244183 -0.23474946308763 -0.0962490285803963
0.0898447641065366 -0.146285474359219 -0.19257763797383 -0.0803882915633168
0.0036571156747483 -0.156269879229913 -0.198849979407036 -0.0583604492914544
-0.0565468706333339 -0.12243670800253 -0.191798782206399 -0.0152032334617424
-0.0901976920650574 -0.0957374055968931 -0.174082025378114 -0.00818551134436845
-0.0962025546577188 -0.108173476686128 -0.142263982284797 -0.0659223046248256
-0.081069034109346 -0.112756533458883 -0.107479366653179 -0.127330882352851
-0.0666102745511515 -0.12430688350919 -0.0223388332303903 -0.194134472902846
-0.0220417013803222 -0.151546974186384 0.0821566265038613 -0.204520755337228
0.0664466723888548 -0.156683306195043 0.209211578001441 -0.0969443142830048
0.176728534821235 -0.104810368993371 0.177706633605781 0.0704629037969287
0.22556793589399 -0.00184584998426138 0.00372065534389191 0.107387882317128
0.202047430367616 0.0851441417646142 -0.202769587592688 -0.022887046149681
0.0728483470597829 0.0634778126875793 -0.360157749302513 -0.0338709457677265
0.10940389128415 0.0301163988429041 -0.268909036119268 -0.0791284380395288
0.0989416879807831 -0.0282307762450126 -0.220688154489706 -0.0941643701284511
0.043451680056547 -0.062626810540026 -0.180907739883192 -0.105486237674829
0.0115928086641446 -0.066628450220593 -0.209273324871233 -0.0870584872530945
-0.0137133954600617 -0.0560321633193667 -0.219021966200495 -0.0431827132470172
-0.0345210784475051 -0.0508256438627093 -0.205871356654067 -0.0380565404054345
-0.0323525939825017 -0.0692312283910779 -0.169385183266896 -0.0992031251628161
-0.0216522381245011 -0.069845075817585 -0.118696345883624 -0.163360795511587
-0.0105637566714547 -0.0737964401711804 -0.0125004085754749 -0.224453664615598
0.0147468693080095 -0.0848293212938936 0.10442289633253 -0.216543680373481
0.0616254931939462 -0.0808996110346335 0.21441115833929 -0.0953604043802503
0.133664163183869 -0.0346983375939963 0.158310926602205 0.0591448701758804
0.139763056058238 0.0487727798698824 -0.0132437452063423 0.0688026785883889
0.0862490101816544 0.094204793425668 -0.22684031489198 -0.0712372128516512
0.0225017344853718 -0.0594077252598008 0.24311357906271 0.0699958499177268
-0.0400841142375721 -0.039167126329735 0.070845895651618 -0.0973108614289402
-0.0495713485318888 0.0013268144206449 -0.130677266424943 -0.0825150338499152
-0.0159110935696057 0.0132776036765665 -0.232413055734365 0.0634750332374309
-0.0180926832187818 -1.49001404291301E-05 -0.151056962433589 0.201832597530134
-0.0208894854769682 0.00126622666374107 -0.0153934599857474 0.228732981954793
-0.0220187509124041 0.00733204571319597 0.0983262122891623 0.20022620028347
-0.0373099802011533 0.0112641508759811 0.176051174977819 0.129419710780339
-0.0414690795079279 0.00840105439008169 0.205200807752045 0.0766603878204804
-0.0460572254962434 -0.00817553093281929 0.217318268434862 0.0546800029002269
-0.034601254554818 -0.0345467959146908 0.219543531736249 0.0907279829843971
-0.00811287262092893 -0.0412096648041757 0.20084811510434 0.134230363961906
-0.0102207032484826 -0.04362577077635 0.2012193674303 0.127422621185225
0.0085804549483859 -0.0609126251257803 0.245805666468601 0.132744631178857
0.0651481329560153 -0.065304910576995 0.341006840440115 0.0758795971254354
0.119403049011885 -0.0189252298812417 0.203546684163179 0.0860606802531993
0.0485296888795779 -0.0258471932755397 0.0581817895427338 -0.0861394041320051
0.0255044701409626 -0.0112144014027251 -0.14384618298466 -0.0822294906125915
0.0308587507671446 -0.0278717621732452 -0.238578140169102 0.0534212864012648
-0.00263313606038259 -0.0592526989491174 -0.167025897560942 0.18582091931398
-0.0382348879797913 -0.0571832234076803 -0.0361415699986373 0.223600459476644
-0.0636041950589416 -0.0445327174906093 0.0748223529990035 0.199173612469252
-0.0966524717378988 -0.0381764128163387 0.150622274744361 0.126229422779142
-0.104341817869768 -0.0428124025318707 0.178137431555665 0.0664580804232821
-0.109163389170967 -0.0692234087683997 0.196010691205718 0.0274634953660436
-0.0796148930873324 -0.121815079104309 0.211190321855759 0.0483338022674657
0.000705242085749362 -0.145197614153138 0.217243923768997 0.101877655859957
0.0645077590380397 -0.132738140159739 0.211957455554269 0.117736892937283
0.124240112310692 -0.103631701066917 0.218619762068248 0.126359699541286
0.190342818948807 -0.059738598542396 0.285471734171199 0.0703999184237442
0.204207688581249 0.0261125442871284 0.130396806199491 0.0756987403989777
0.142224601159597 -0.00671362874696438 0.0268035254458009 -0.099303377373984
0.114268577484749 -0.0276095993251605 -0.170767809741166 -0.0959237154475841
0.0824805793349753 -0.0791265266633994 -0.249002521882126 0.0392336263444141
0.012382304895262 -0.1225036969031 -0.177199023797578 0.161920677118149
-0.0536661344269161 -0.113055174366588 -0.0566471572557949 0.200617951218985
-0.0982869230366345 -0.0911369545306801 0.0395715754278872 0.177979411866133
-0.142603897085221 -0.0816293108777059 0.104728242779338 0.105389448719568
-0.152058965025178 -0.0856117780229678 0.126651671162673 0.0416842406929122
-0.16096844823439 -0.114115226533044 0.151608101920602 -0.0122472454357841
-0.125505151422522 -0.182771573025553 0.184272425220201 -0.00896847932503879
-0.0112355206023733 -0.22670754933714 0.226668578717947 0.0518562912526098
0.109388435344554 -0.214246336721602 0.223771313571309 0.102465953924023
0.212537787459459 -0.146717085482142 0.18323548521337 0.129796765712271
0.284685520911548 -0.052106044177283 0.195028801533988 0.0664478317948572
0.263650653662468 0.0619021717600642 0.0277956812565064 0.0488001437353497
0.225973595456749 0.00578762031394349 -0.0260700446528379 -0.119639778648518
0.198846983298872 -0.0551038116915662 -0.200866994491171 -0.109113389740273
0.124109475799698 -0.1389789766214 -0.251158577782556 0.0183134241583743
0.0180514341092716 -0.181272292593235 -0.181339048169464 0.121172260593718
-0.0688432523273802 -0.156764067862866 -0.0802598230120506 0.157343938378224
-0.123947063468504 -0.123619389882809 -0.00562841906407574 0.138629263884115
-0.167526746215463 -0.11287523969278 0.0425548603878064 0.070784190691141
-0.173751255763565 -0.115905429288199 0.0598442558314184 0.0075473431023466
-0.184203814234736 -0.14051488786379 0.0926812519320399 -0.0563371229292118
-0.147766981098317 -0.214754090806612 0.142609001566607 -0.068271738312184
-0.0197750346821239 -0.269066767795681 0.224335552062918 -0.00285009074839987
0.137471576438544 -0.258937954312834 0.226795110794146 0.0883829837155369
0.267175577705626 -0.162853752734339 0.141021835352461 0.139004724973379
0.335707674201568 -0.0327407758529871 0.0826346550164299 0.0617372830372951
0.282106585991342 0.0807038918803234 -0.0918127765807498 0.0158685140564767
0.272809100731245 0.010007039039435 -0.0997450026170402 -0.128129430072224
0.248999829931696 -0.082275935454555 -0.223372681758985 -0.112029293429914
0.140101970996659 -0.18192078577811 -0.237181988993339 -0.0118012934589675
0.0135239701401711 -0.215514333872995 -0.182946774265557 0.0634714328223274
-0.0799644870758232 -0.175845747260937 -0.11110227385532 0.0981497236048223
-0.132849769521283 -0.134715654991614 -0.0597414204041837 0.088370372073554
-0.166318724437243 -0.12867869603148 -0.025293317444281 0.0265420835698885
-0.165676602226541 -0.131787941596928 -0.00973909736584749 -0.0330123701401989
-0.169578206257766 -0.152306705723964 0.0343044435873488 -0.101074534470379
-0.129591747587735 -0.217655327987142 0.100497189050036 -0.121881725696912
-0.00202818350414012 -0.265174733546316 0.213500819097761 -0.0484818966844308
0.162302889735065 -0.247323799720808 0.216917856290769 0.0815032733171951
0.287917077090316 -0.135828681766137 0.0909849439570768 0.143699937658364
0.333977943345179 0.0031012333226091 -0.0334747065063143 0.0488878109349104
0.252157420267531 0.0833278021469731 -0.209307319625401 -0.0111008583688084
0.264124751673924 0.0116376726027388 -0.175872636719094 -0.118569675977448
0.242009253238286 -0.0899024987760853 -0.230213599817996 -0.103730937827369
0.125301137033723 -0.184382101182982 -0.210640189561385 -0.0477257894407363
0.00657932653226665 -0.205283761253538 -0.185245219781963 -0.00456638892899714
-0.0752193424278122 -0.16224776373333 -0.147732553534065 0.0349769572128715
-0.120401722397637 -0.123225641746002 -0.117025368245106 0.0363737911570756
-0.140602349311958 -0.125557473188071 -0.0883115315717197 -0.0190561449132121
-0.1304273659625 -0.129531983757146 -0.0672396846459257 -0.0774124845485085
-0.123153842819563 -0.145240364816245 -0.00597955266325235 -0.145039745914832
-0.078160498301754 -0.192862975221905 0.0780386237449339 -0.1649135940544
0.0354334779228874 -0.21928853985429 0.202913873801532 -0.0775708301941962
0.179250920017081 -0.184115495472643 0.19544434785013 0.0752490618441985
0.270876483518492 -0.0717205951029812 0.0409054173753223 0.132727115676677
0.283254594209091 0.0485692318904182 -0.131234034857065 0.0209051537530378
0.176078964615085 0.0743024242234146 -0.29919497403898 -0.0280057990573091
0.201781072478836 0.0165773048570862 -0.23238431203712 -0.0983144467369883
0.182884249494637 -0.0695696884473002 -0.222792458758624 -0.0944803867741496
0.0870249123139231 -0.138027196914906 -0.184221110459495 -0.0823169785556202
0.00356791557684544 -0.148929733914481 -0.191111352111599 -0.060238164261863
-0.0529742098220369 -0.117366819417924 -0.183630654945006 -0.0162989130999055
-0.0856972032898678 -0.0922767416848121 -0.166486746831905 -0.00771220391215083
-0.0935888191881191 -0.103807392858147 -0.136807013156348 -0.0618701980706881
-0.0779252952098483 -0.108640122150391 -0.102041654994221 -0.12104720908326
-0.0626400405534371 -0.117437189465541 -0.019633812186703 -0.184765100014918
-0.0209918347371612 -0.143262745713028 0.0811006645477087 -0.193348253339208
0.0637430531075107 -0.14791528725625 0.201562893348655 -0.0893135412529432
0.171405367315884 -0.100105664581506 0.170410141493744 0.068598090292152
0.216433588490865 0.000642812972243304 0.00178701457839191 0.102106240187869
0.19300393549336 0.0829599338181818 -0.194329298330279 -0.0218700106887353
0.0682059429604471 0.0618250219575328 -0.345459069670748 -0.0362056002938132
0.103581620443988 0.0297852406634789 -0.255706176631353 -0.0784818371103112
0.0958090187451917 -0.0262648053195969 -0.20901976061116 -0.0920180842771292
0.0425497599822517 -0.0593057810717878 -0.173637952882631 -0.106065760512971
0.0109201957560043 -0.063371835628102 -0.20044578168976 -0.0871616456778976
-0.0114731887959948 -0.0536521732064864 -0.209990708786249 -0.0425924994910469
-0.0317699855098569 -0.0483553394487477 -0.198217836818401 -0.0356569604293765
-0.0320299503741894 -0.0660589501140576 -0.163248695424369 -0.0930666342975278
-0.02087672260953 -0.0680199235680903 -0.113202577706921 -0.155531979417708
-0.0100211261203423 -0.0696164293409015 -0.0103486592895249 -0.212912021830609
0.0141711499466837 -0.079807906911636 0.101841552053582 -0.204719864399786
0.0595614110842631 -0.0764111098208957 0.206634647614545 -0.0882684524831869
0.12878849650944 -0.0319194426603674 0.152951819179548 0.0588648716296374
0.133311250649713 0.0482166487938893 -0.0148107512211734 0.0661976869479534
0.0819705208726346 0.0907161356641446 -0.216431716773288 -0.0679175004080311
0.0230894049777672 -0.057821957960682 0.240110856984673 0.0736574951357127
-0.038178440950612 -0.039141484579384 0.0725729757043966 -0.0974800694888811
-0.0496918034076205 -0.000236174677285841 -0.127316412507267 -0.0877607057694884
-0.0157728828119151 0.0123873589043424 -0.233139481217979 0.0574386867390095
-0.0183475743248801 -0.000720551380807833 -0.1547578759665 0.196245207258887
-0.0209823715186376 0.00122605640876874 -0.0215885117017245 0.224574083258573
-0.0225537749231719 0.00623749231714976 0.0945501689149707 0.198564646668785
-0.0379756148603055 0.011252391809703 0.174144496273352 0.129018963437366
-0.040698723286156 0.00780642144897535 0.203211753153073 0.0792866994088454
-0.0454104965406017 -0.00876833827898023 0.215795156718085 0.0585844757520552
-0.0342407136505437 -0.0348605945686845 0.218161380759755 0.0955491008463874
-0.0071257976266863 -0.0420421398217903 0.197599937619549 0.139683590191418
-0.00889015211509841 -0.0440720722386077 0.196182397996407 0.1336623493261
0.010501337235141 -0.0601272198785493 0.241986993602433 0.139543464173645
0.0658519193501049 -0.063997690133621 0.338031789438615 0.0824266946958903
0.118722112254776 -0.0161367426494698 0.199441970346701 0.0875216822728634
0.0491533795586786 -0.0243660207951645 0.0602348477582599 -0.0875323411647027
0.0256414357789476 -0.0106935220923748 -0.140643167591627 -0.0871817721737761
0.0317635762460431 -0.0273222809431033 -0.239799136099809 0.0469997788246761
-0.00182625778081677 -0.058963801356634 -0.170381102403225 0.180260322444428
-0.0374886005515946 -0.0567306519947638 -0.0421683100761768 0.219096185332542
-0.0630638467874886 -0.0463514281400334 0.0712511440549694 0.197763318062686
-0.0963082992046679 -0.0395370479539191 0.149031467487103 0.12575579848753
-0.103026118748317 -0.0438368971867345 0.177457995119482 0.0682970934283562
-0.10793188936787 -0.0700711537635505 0.195391738608923 0.0307205485150607
-0.0779274571247432 -0.1216823014975 0.210753801691257 0.0530746752494205
0.00308338134984697 -0.144294797451245 0.214281969032241 0.108129556001637
0.066923007681406 -0.13127619353774 0.207046478133763 0.12246998820803
0.127031443009546 -0.100700442554203 0.214394855200048 0.132595276965484
0.190129845219219 -0.0559946761046217 0.283103795464115 0.076453566745984
0.201979122532322 0.0304298721955335 0.128126546024243 0.0753129580408612
0.141555659688056 -0.00294658713688429 0.0300019565562696 -0.10207257003641
0.115103514054397 -0.0250811568078062 -0.167091482738759 -0.100775009882423
0.0838050557846693 -0.0770361638193719 -0.24929398962195 0.0322044252199482
0.013821365005528 -0.121143753436505 -0.179797831708384 0.155973672770733
-0.0518404277029907 -0.112905299943706 -0.060894781164764 0.196316799599694
-0.0971617219610401 -0.092809712448336 0.0368550551549786 0.176070595188292
-0.141299798651717 -0.0827702799832161 0.103696900592608 0.10413380383652
-0.150169976833221 -0.0869624542658095 0.126447253153225 0.0425811835734239
-0.158231056916466 -0.114052004685614 0.152355820853694 -0.0104198798393363
-0.122527191575654 -0.182825766459313 0.185184394580024 -0.00452068047083488
-0.00815864499163949 -0.225618904061691 0.22599728225257 0.0578782151455845
0.113737760770925 -0.211044734804654 0.219213216502462 0.10683087815068
0.215325288732854 -0.142050115242125 0.178581625943609 0.135212820000631
0.284188637581867 -0.0476064083079176 0.192263474832707 0.0702836183210628
0.259705083652619 0.0677626949800611 0.0268705807549624 0.0458061724643282
0.223412999186953 0.0111412020740083 -0.0219476168847902 -0.12343073523318
0.199742585274363 -0.051540695776279 -0.196734800887463 -0.114420826102851
0.126164959831443 -0.13537861306936 -0.250673623347075 0.0108173756456891
0.0205093940144917 -0.179876530919722 -0.18434564369614 0.115145228421267
-0.0656651843884851 -0.156571507101123 -0.0834816063773799 0.153283215069619
-0.121700442274704 -0.125159524359513 -0.00790373104307838 0.136443735302048
-0.16595248224438 -0.114383547416521 0.0425913212642488 0.0696320331596992
-0.172219662445214 -0.117142868468257 0.0596905810298511 0.00849807444202221
-0.180644966998713 -0.140860639587443 0.0943807924988165 -0.0547406184171176
-0.143990871824874 -0.213314419965203 0.145170372186542 -0.0643888653070031
-0.0145402016922157 -0.266913652326215 0.22376152733777 0.00339909433232421
0.14159841886868 -0.255597723211305 0.222748955862117 0.0929686245311261
0.269508606906952 -0.15776163268928 0.136096277523233 0.142397309001633
0.334205477707999 -0.0273062585599988 0.0799653510143632 0.0635302976112567
0.277594365518119 0.0865568535840532 -0.091475237707496 0.0116860925870721
0.270462863589412 0.0161152071675225 -0.0938861790208022 -0.132428514585761
0.249782828387653 -0.0772735296253317 -0.217912669041217 -0.11745120193603
0.142561661409195 -0.17783938749679 -0.235747021430474 -0.0188537891288079
0.0166173519600327 -0.213312908417666 -0.184846980613293 0.0562577205602937
-0.0759836898924073 -0.175433478989966 -0.112184215961546 0.0942558508050428
-0.12988436280431 -0.13571753081907 -0.0607895931464389 0.0862681862304874
-0.165726801215609 -0.129785904795602 -0.0246951086302675 0.0260790152836502
-0.163295669349599 -0.132679729223437 -0.00853552894203753 -0.0320795893996701
-0.165993045643668 -0.151460035159123 0.0369780184703575 -0.0995785616879957
-0.126133790011476 -0.21546159528699 0.104617480204406 -0.117604765196008
0.00257209464078481 -0.26213709480056 0.213946638054638 -0.0423058259511708
0.165917283511744 -0.243284572983144 0.213000549749724 0.084823336891871
0.289428226495497 -0.129686697166067 0.0866186704102586 0.145869700822217
0.331176188506125 0.00915658360307896 -0.0349507463663848 0.0485711968839931
0.2484108486644 0.0893030814622251 -0.206711856466188 -0.0170638620658967
0.26158218771163 0.0172823986187604 -0.170349321363839 -0.124450406195646
0.243482704088356 -0.0844070880430794 -0.224430421677616 -0.1092373586051
0.127694856508554 -0.179344941835249 -0.208712573060647 -0.0548327088609287
0.00918542623933197 -0.202750905961261 -0.186208301301415 -0.0103708397291662
-0.0723042788338207 -0.162134764115979 -0.147636362442702 0.0310197005572929
-0.117534490741298 -0.124008008647362 -0.116712782498715 0.0344255555465551
-0.139255399768273 -0.125511547604595 -0.0873502392931696 -0.0198112268149418
-0.128392729637648 -0.130472317854716 -0.0649607125839937 -0.0769850493358559
-0.119499789657092 -0.144821787693084 -0.00250300029486309 -0.143658827900876
-0.0753740205705508 -0.190624450774322 0.0829866674713611 -0.160195237914802
0.0385585726878555 -0.216000283516224 0.204540674301058 -0.071398336261754
0.181354527832085 -0.180091213760603 0.193064811640886 0.0783951953086797
0.270881952075834 -0.0666659434093092 0.0363663720815679 0.133684358975321
0.280352056574489 0.053071399260911 -0.131729278905204 0.0194179944638225
0.172862395772799 0.0782903927925017 -0.297033945408322 -0.0353089820355603
0.198570901850559 0.0207560539719854 -0.22622020126285 -0.104102639280564
0.18393837211596 -0.0659834233656714 -0.216775008107184 -0.0994739545921489
0.0892342876900219 -0.134435223364411 -0.18218801916516 -0.0884256474259299
0.00569515019426578 -0.147253722430814 -0.190641715484328 -0.0661022204864855
-0.0499909000487533 -0.117003681174378 -0.182578055631902 -0.0203774279355055
-0.0831053504503207 -0.0925689972288806 -0.165878891703304 -0.00986444060134749
-0.0926701815584486 -0.10398116875091 -0.135661866614043 -0.0609759889716566
-0.0771481621847146 -0.109214056345576 -0.0996039407233221 -0.119342967420181
-0.060269226923849 -0.116803401551129 -0.0160451571961853 -0.183318942647814
-0.0184375812025976 -0.141110790915012 0.0858404965620826 -0.188751136097099
0.0658033199949356 -0.143819422722769 0.203675051753925 -0.0838307424387879
0.172207168258165 -0.0961061718849627 0.169463138385524 0.0713059756562965
0.215100089950351 0.0049065024262174 -0.00210750507367974 0.102592588617185
0.190273834934863 0.0860485111802295 -0.193301199835401 -0.0238012029034157
0.0658230056473846 0.0634061326790999 -0.343028354715595 -0.0441267542006437
0.101753685143831 0.0316660008079516 -0.250841136531101 -0.0842311130510853
0.0962953189079456 -0.0242603242574405 -0.203960521919771 -0.097595500520529
0.04305096474782 -0.0570953788993884 -0.171181298349883 -0.111781007960923
0.0118806779012495 -0.0620064030944925 -0.199632875692941 -0.092855470627253
-0.00985850160522365 -0.0536001811610615 -0.207917284443501 -0.0462186907554843
-0.0305774604362871 -0.0483145789087314 -0.196472295273946 -0.0374545364585493
-0.0315480724769661 -0.0661207783707124 -0.16161656484232 -0.0925536613833492
-0.0202890782593939 -0.0684749612078405 -0.109633825906387 -0.15395517600793
-0.00791962045548548 -0.0689860078189769 -0.00575322150008153 -0.210108797632967
0.0151150821184152 -0.0785256363010953 0.106026625311433 -0.199163118633781
0.0603300259496181 -0.0737541884869431 0.208060088091365 -0.0822639729845055
0.128842515419283 -0.0296440478049755 0.151595016064588 0.0618205328526169
0.131141619624069 0.0506915727122267 -0.0172939338554479 0.0657051624507041
0.0793425712542353 0.091840615663724 -0.21294781268994 -0.0702068128034918
