TRXV5
3
4
4
9
string Extension=J
integer IsArchMeasurement=1
integer IsSpherical=1
string Generator=SPM
string GeneratorVersion=1.3.1 Dev
double ArchRadius=0.449999988079071
integer FrequencyAxisIndex=0
integer AzimuthAxisIndex=1
integer ElevationAxisIndex=2
Frequency
5 136 690000000 960000000 LIN
Azimuth
7 8 0 2.74889357189107 LIN
Elevation
7 15 -2.74889357189107 2.74889357189107 LIN
Polar H Real Part
13
Polar H Imaginary Part
14
Polar V Real Part
13
Polar V Imaginary Part
14
Polar H Magnitude (dB)
12 0xC0000002 0 1
Polar H Phase
7 0xC0000003 0 1
Polar V Magnitude (dB)
12 0xC0000002 2 3
Polar V Phase
7 0xC0000003 2 3
-0.000928640365600586 0.00308132171630859 -0.0313453674316406 -0.0639572143554687
-0.00303745269775391 -0.00392508506774902 -0.0115528106689453 -0.0274314880371094
-0.0086216926574707 0.00153875350952149 0.0168514251708984 0.000274658203125
-0.00328445434570313 0.00728750228881836 0.042999267578125 -0.00810623168945313
0.00292062759399414 0.00485897064208984 0.0465507507324219 -0.0258026123046875
0.0032188892364502 0.00104427337646484 0.0390090942382813 -0.0470542907714844
0.00326633453369141 -0.00399017333984375 0.0222816467285156 -0.0554084777832031
0.00153183937072754 -0.00335454940795898 0.0067901611328125 -0.0479736328125
0.00147604942321777 -0.00381207466125488 -0.0016021728515625 -0.0354270935058594
0.00496053695678711 -0.00234413146972656 -0.006072998046875 -0.0243167877197266
0.00487947463989258 0.00140047073364258 -0.0189342498779297 -0.0156345367431641
-0.00182390213012695 0.00481510162353516 -0.0245609283447266 -0.0116367340087891
-0.00743198394775391 -0.00208520889282227 -0.0333957672119141 -0.0147800445556641
-0.000492572784423829 -0.00729274749755859 -0.0497283935546875 -0.0162124633789063
-0.000769615173339843 -0.00346922874450684 -0.0483055114746094 -0.0155754089355469
0.0144176483154297 0.0237407684326172 -0.0250396728515625 -0.0594825744628906
0.0138998031616211 0.0145502090454102 -0.0037994384765625 -0.0220127105712891
0.00870800018310547 0.0132856369018555 0.0211830139160156 0.000591278076171876
0.0151071548461914 0.0128364562988281 0.0457077026367188 -0.00854873657226563
0.0198516845703125 0.00347518920898438 0.0469131469726563 -0.0249786376953125
0.0182571411132813 -0.0101089477539063 0.0380897521972656 -0.0463752746582031
0.0127754211425781 -0.0199356079101562 0.0198173522949219 -0.0513381958007813
0.0103626251220703 -0.0187339782714844 0.00362396240234375 -0.0425949096679688
0.00998687744140625 -0.0213527679443359 -0.00534248352050781 -0.0294246673583984
0.0161952972412109 -0.0186843872070313 -0.0100116729736328 -0.0208930969238281
0.0205974578857422 -0.00969505310058594 -0.0222072601318359 -0.0126972198486328
0.0183124542236328 -0.00128746032714844 -0.0255279541015625 -0.0105094909667969
0.0129384994506836 0.00237464904785156 -0.03277587890625 -0.0135498046875
0.0188636779785156 0.00468826293945313 -0.0447769165039063 -0.0124969482421875
0.0183048248291016 0.011932373046875 -0.0428428649902344 -0.009765625
0.0279312133789063 0.041534423828125 -0.0145683288574219 -0.0485191345214844
0.0295467376708984 0.0319042205810547 0.00612449645996094 -0.0119857788085937
0.0260772705078125 0.0235328674316406 0.0272712707519531 0.00311279296875
0.0337772369384766 0.0170841217041016 0.0472221374511719 -0.00771713256835938
0.0360107421875 0.000682830810546875 0.0446014404296875 -0.0232048034667969
0.0317897796630859 -0.0201759338378906 0.03387451171875 -0.0422439575195313
0.0207424163818359 -0.0325984954833984 0.0147628784179688 -0.0411148071289063
0.0164642333984375 -0.0305099487304688 -0.00061607360839844 -0.0299282073974609
0.0167121887207031 -0.0351753234863281 -0.00828838348388672 -0.0173711776733399
0.0249843597412109 -0.0339088439941406 -0.0139360427856445 -0.0113706588745117
0.0324573516845703 -0.0207290649414062 -0.0259342193603516 -0.00506210327148438
0.0338211059570313 -0.00900840759277344 -0.0271453857421875 -0.00744056701660156
0.0314655303955078 0.00463485717773438 -0.031402587890625 -0.0126476287841797
0.0366363525390625 0.0142669677734375 -0.0351829528808594 -0.00664520263671876
0.0337982177734375 0.024932861328125 -0.0319919586181641 -0.000333786010742188
0.0368270874023438 0.0533638000488281 5.72204589843746E-05 -0.0321884155273438
0.0440940856933594 0.0443801879882813 0.0173835754394531 0.00122451782226563
0.0425872802734375 0.0295906066894531 0.0319061279296875 0.00712776184082032
0.0489349365234375 0.0162887573242188 0.0461463928222656 -0.00519561767578125
0.0466041564941406 -0.003997802734375 0.0387420654296875 -0.01885986328125
0.0394744873046875 -0.0295333862304688 0.0254020690917969 -0.0333404541015625
0.0239677429199219 -0.0412864685058594 0.00801849365234375 -0.0260372161865234
0.0207633972167969 -0.0371131896972656 -0.00422477722167969 -0.0131769180297852
0.0203666687011719 -0.043243408203125 -0.0106401443481445 -0.00107002258300781
0.0291061401367187 -0.0422859191894531 -0.0174732208251953 0.00184822082519531
0.0393218994140625 -0.0270843505859375 -0.0286178588867188 0.00424766540527344
0.0441551208496094 -0.0142250061035156 -0.0277252197265625 -0.00299644470214844
0.0454483032226563 0.00586318969726562 -0.0288944244384766 -0.011016845703125
0.0491714477539063 0.0222663879394531 -0.0219383239746094 -0.002777099609375
0.0441131591796875 0.0353202819824219 -0.0166997909545898 0.0118856430053711
0.0405998229980469 0.0559196472167969 0.015355110168457 -0.0155429840087891
0.0521736145019531 0.0490036010742187 0.0300426483154297 0.0130233764648438
0.0518722534179687 0.0290565490722656 0.0354423522949219 0.0101089477539063
0.0564918518066406 0.012237548828125 0.0416831970214844 -0.00124359130859375
0.0502967834472656 -0.0106849670410156 0.0298080444335938 -0.0124988555908203
0.0397911071777344 -0.0354499816894531 0.0161151885986328 -0.0210399627685547
0.0233497619628906 -0.043548583984375 0.00160026550292969 -0.00771856307983399
0.02105712890625 -0.0388450622558594 -0.0074162483215332 0.00573158264160156
0.02081298828125 -0.0448226928710937 -0.0130586624145508 0.0167217254638672
0.030059814453125 -0.0438194274902344 -0.0214519500732422 0.0162391662597656
0.0418205261230469 -0.0280189514160156 -0.0313224792480469 0.0143566131591797
0.0492477416992188 -0.0145606994628906 -0.0283279418945312 0.00147438049316406
0.051727294921875 0.00890731811523438 -0.0239105224609375 -0.00918197631835937
0.0536651611328125 0.0291481018066406 -0.00641298294067382 0.00369977951049805
0.0455551147460938 0.04217529296875 -0.000194549560546873 0.0268707275390625
0.0385322570800781 0.0505256652832031 0.03070068359375 -0.000841140747070309
0.0523834228515625 0.0443458557128906 0.040985107421875 0.0206336975097656
0.0525245666503906 0.0231513977050781 0.036773681640625 0.01129150390625
0.05413818359375 0.00439071655273438 0.0340499877929687 0.00240898132324219
0.0449638366699219 -0.0149765014648438 0.0203151702880859 -0.00380706787109375
0.0323905944824219 -0.03662109375 0.00712823867797852 -0.00584220886230469
0.0180244445800781 -0.0394287109375 -0.00314903259277344 0.0108785629272461
0.0175037384033203 -0.0348072052001953 -0.00928878784179687 0.0238094329833984
0.0190086364746094 -0.0394515991210938 -0.0152816772460937 0.0325355529785156
0.0276985168457031 -0.0378341674804688 -0.0262660980224609 0.0289764404296875
0.03924560546875 -0.0228004455566406 -0.0339622497558594 0.0221824645996094
0.047271728515625 -0.0110626220703125 -0.0291957855224609 0.00575447082519531
0.0485916137695313 0.0136833190917969 -0.0188179016113281 -0.00642204284667968
0.0489921569824219 0.0326728820800781 0.0078420639038086 0.0109443664550781
0.0392494201660156 0.0440902709960937 0.0146636962890625 0.0431671142578125
0.0281982421875 0.03692626953125 0.043121337890625 0.00798416137695313
0.0434494018554688 0.0330810546875 0.0490341186523438 0.0227394104003906
0.0420494079589844 0.0138435363769531 0.0355987548828125 0.0103034973144531
0.040740966796875 -0.00147247314453125 0.0270957946777344 0.00586318969726562
0.0313453674316406 -0.0166511535644531 0.0141162872314453 0.00456047058105469
0.0195121765136719 -0.0297451019287109 0.00193023681640625 0.00838804244995117
0.00978660583496094 -0.0281200408935547 -0.00512504577636719 0.0261898040771484
0.0110244750976563 -0.0239353179931641 -0.0106430053710938 0.0376052856445313
0.0128517150878906 -0.0288143157958984 -0.0183944702148437 0.0444068908691406
0.0205593109130859 -0.0270366668701172 -0.0313529968261719 0.0376319885253906
0.0313568115234375 -0.0155620574951172 -0.0375823974609375 0.0275039672851563
0.0380744934082031 -0.00525283813476563 -0.030853271484375 0.00839996337890625
0.0386924743652344 0.0155296325683594 -0.015315055847168 -0.00240898132324218
0.0367774963378906 0.0315666198730469 0.0162086486816406 0.0201396942138672
0.0260581970214844 0.0389518737792969 0.0245170593261719 0.0585174560546875
0.0121383666992188 0.0201034545898438 0.0505943298339844 0.0115470886230469
0.0263576507568359 0.0184211730957031 0.0525093078613281 0.0194091796875
0.0254364013671875 0.0042724609375 0.0336933135986328 0.00869560241699219
0.0210151672363281 -0.00542831420898438 0.0225257873535156 0.00948715209960938
0.0131969451904297 -0.0122442245483398 0.0115728378295898 0.0112323760986328
0.00477409362792969 -0.0176315307617188 0.00104713439941406 0.0189495086669922
0.000988006591796874 -0.0123567581176758 -0.00351715087890625 0.0369949340820313
0.00209426879882813 -0.0104923248291016 -0.00936126708984375 0.0461883544921875
0.00411701202392578 -0.0142230987548828 -0.0208740234375 0.0516586303710938
0.0090780258178711 -0.0145196914672852 -0.036651611328125 0.0436134338378906
0.0173101425170898 -0.00908946990966797 -0.0411415100097656 0.0290603637695313
0.0229473114013672 -0.00282478332519531 -0.0335865020751953 0.0108566284179688
0.0238609313964844 0.0119476318359375 -0.015049934387207 0.00170040130615234
0.0215644836425781 0.0225143432617188 0.0183734893798828 0.0288295745849609
0.0100460052490234 0.0269184112548828 0.0272674560546875 0.0703125
0.000328302383422852 0.00330495834350586 -0.0348587036132813 -0.0623626708984375
-0.00310707092285156 -0.0036168098449707 -0.0130195617675781 -0.0259437561035156
-0.00819492340087891 0.00231122970581055 0.0175132751464844 -0.00101661682128906
-0.00196504592895508 0.00732898712158203 0.0437583923339844 -0.0110969543457031
0.00313043594360352 0.00474071502685547 0.0458335876464844 -0.0289306640625
0.00346803665161133 0.000235080718994141 0.0363197326660156 -0.0505485534667969
0.00350713729858398 -0.00507545471191406 0.0174026489257813 -0.0573844909667969
0.0018463134765625 -0.00415444374084473 0.00234222412109374 -0.0491256713867187
0.00163555145263672 -0.00395298004150391 -0.00458145141601562 -0.0362167358398437
0.00520849227905274 -0.00279998779296875 -0.00769805908203125 -0.0250377655029297
0.00522041320800781 0.00142955780029297 -0.0207862854003906 -0.0148048400878906
-0.0010828971862793 0.00489330291748047 -0.0254497528076172 -0.0103664398193359
-0.00744009017944336 -0.00114727020263672 -0.0350494384765625 -0.0137977600097656
-0.00149297714233398 -0.00712871551513672 -0.0517234802246094 -0.0134658813476562
-0.0013585090637207 -0.00332975387573242 -0.051025390625 -0.012451171875
0.017242431640625 0.0237884521484375 -0.0282402038574219 -0.0580291748046875
0.0156717300415039 0.0138568878173828 -0.00500297546386718 -0.0216274261474609
0.0101299285888672 0.0129051208496094 0.0222492218017578 -0.000946044921874999
0.0167341232299805 0.0119495391845703 0.0461616516113281 -0.0115966796875
0.0204524993896484 0.00194740295410156 0.0461158752441406 -0.0288543701171875
0.0182666778564453 -0.0122604370117188 0.0360565185546875 -0.0495109558105469
0.0118255615234375 -0.0215549468994141 0.0153694152832031 -0.0531349182128906
0.00907325744628906 -0.0195083618164063 -0.000476837158203125 -0.0425071716308594
0.00931549072265625 -0.0221652984619141 -0.00799942016601563 -0.0297946929931641
0.0159568786621094 -0.02093505859375 -0.0123138427734375 -0.0209636688232422
0.0204505920410156 -0.011322021484375 -0.0234928131103516 -0.0114421844482422
0.0181770324707031 -0.00263214111328125 -0.0268764495849609 -0.00938987731933593
0.0132598876953125 0.00201225280761719 -0.0345058441162109 -0.0117778778076172
0.0195178985595703 0.00370407104492187 -0.0469932556152344 -0.00963592529296875
0.0195350646972656 0.0109577178955078 -0.04559326171875 -0.00706863403320312
0.0319671630859375 0.040496826171875 -0.01678466796875 -0.0473175048828125
0.0329456329345703 0.0300884246826172 0.00529003143310547 -0.0118436813354492
0.0288219451904297 0.0221080780029297 0.0282421112060547 0.00194168090820313
0.0355644226074219 0.0148086547851563 0.0478363037109375 -0.0108070373535156
0.0359077453613281 -0.0018463134765625 0.0439834594726563 -0.0264358520507813
0.0306377410888672 -0.0232124328613281 0.0312423706054688 -0.0449676513671875
0.0182266235351563 -0.0349235534667969 0.0115318298339844 -0.0425682067871094
0.0151424407958984 -0.0320625305175781 -0.00306892395019532 -0.0295600891113281
0.014434814453125 -0.0373001098632813 -0.0101470947265625 -0.0168123245239258
0.0229644775390625 -0.0364418029785156 -0.0157175064086914 -0.0107259750366211
0.0318679809570312 -0.0229644775390625 -0.0275154113769531 -0.0037841796875
0.0336837768554688 -0.0114364624023438 -0.028228759765625 -0.00622177124023438
0.0320091247558594 0.00265312194824219 -0.0332450866699219 -0.0105171203613281
0.0381622314453125 0.0122451782226563 -0.0368537902832031 -0.00509643554687499
0.0364646911621094 0.0229644775390625 -0.0334300994873047 0.00195693969726563
0.0421638488769531 0.0514335632324219 -0.0020599365234375 -0.0321178436279297
0.0479507446289063 0.0413284301757812 0.0183391571044922 0.00122261047363282
0.04541015625 0.0273818969726563 0.03326416015625 0.00614166259765625
0.0509796142578125 0.0131263732910156 0.0463218688964844 -0.00738143920898437
0.0474281311035156 -0.00824356079101562 0.03814697265625 -0.0215072631835938
0.0372962951660156 -0.0328598022460938 0.023223876953125 -0.0355186462402344
0.0214653015136719 -0.0432319641113281 0.005706787109375 -0.0259857177734375
0.0180892944335937 -0.0397262573242188 -0.00565910339355469 -0.0124950408935547
0.0170745849609375 -0.0455322265625 -0.0116386413574219 0.000114440917968746
0.026458740234375 -0.0452919006347656 -0.0189971923828125 0.00301742553710937
0.0382652282714844 -0.0306816101074219 -0.0295486450195313 0.00638580322265625
0.0441398620605469 -0.0172576904296875 -0.0290946960449219 -0.00147056579589843
0.0462150573730469 0.00307083129882813 -0.0307521820068359 -0.00913619995117188
0.0511093139648438 0.0190773010253906 -0.0231590270996094 -0.0013275146484375
0.0474281311035156 0.0325202941894531 -0.0170831680297852 0.0135107040405273
0.046173095703125 0.0537033081054688 0.015345573425293 -0.0164527893066406
0.0558280944824219 0.045196533203125 0.0313339233398438 0.0116825103759766
0.0553741455078125 0.0260772705078125 0.036651611328125 0.009368896484375
0.0585289001464844 0.00787734985351563 0.04217529296875 -0.0027618408203125
0.0499610900878906 -0.0139122009277344 0.0297889709472656 -0.0142230987548828
0.0371665954589844 -0.0387725830078125 0.0146560668945313 -0.0222396850585938
0.0196266174316406 -0.0456428527832031 0.00107669830322266 -0.00827836990356445
0.0179939270019531 -0.04132080078125 -0.00782108306884765 0.00702095031738281
0.0177268981933594 -0.0469551086425781 -0.0126934051513672 0.0181465148925781
0.0273094177246094 -0.0465812683105469 -0.0215091705322266 0.0174064636230469
0.0408287048339844 -0.031646728515625 -0.0317058563232422 0.0163440704345703
0.0490570068359375 -0.0188789367675781 -0.0294895172119141 0.00311279296875
0.0531539916992188 0.0054473876953125 -0.0254478454589844 -0.00789070129394532
0.0560836791992188 0.0257186889648438 -0.00668525695800781 0.00422000885009766
0.0496368408203125 0.0397262573242188 0.000671386718750005 0.0273914337158203
0.0425987243652344 0.0480232238769531 0.0317478179931641 -0.00229454040527343
0.0561294555664063 0.0405693054199219 0.0437774658203125 0.0190887451171875
0.0548858642578125 0.0204696655273437 0.0380706787109375 0.00981903076171875
0.0552177429199219 0.00106048583984375 0.035614013671875 0.00131607055664063
0.0438919067382813 -0.0191001892089844 0.0205707550048828 -0.004852294921875
0.0294761657714844 -0.0387229919433594 0.00646352767944336 -0.00626850128173828
0.0148658752441406 -0.0408821105957031 -0.0021982192993164 0.011993408203125
0.0146980285644531 -0.0360183715820313 -0.00798988342285156 0.0249118804931641
0.0157203674316406 -0.0414581298828125 -0.0136909484863281 0.0343360900878906
0.0242958068847656 -0.03997802734375 -0.0248489379882812 0.030975341796875
0.0386009216308594 -0.0267410278320313 -0.0332756042480469 0.0254020690917969
0.0474357604980469 -0.0145301818847656 -0.0296611785888672 0.00754547119140625
0.0504226684570313 0.0104827880859375 -0.0205326080322266 -0.00532341003417968
0.0521278381347656 0.030181884765625 0.00798416137695313 0.0103883743286133
0.0437240600585938 0.0418510437011719 0.0163459777832031 0.0431671142578125
0.0318393707275391 0.0348148345947266 0.0447769165039063 0.00574493408203125
0.0459022521972656 0.0298004150390625 0.0518913269042969 0.020233154296875
0.0436897277832031 0.010833740234375 0.0368690490722656 0.00911331176757813
0.0412826538085938 -0.00534820556640625 0.0281200408935547 0.00504684448242188
0.0303306579589844 -0.0187244415283203 0.0144872665405273 0.00407314300537109
0.0170364379882813 -0.031707763671875 0.00231075286865234 0.00921058654785156
0.00731849670410156 -0.0293197631835938 -0.00275230407714844 0.0274848937988281
0.0084991455078125 -0.0249691009521484 -0.00740814208984375 0.0400848388671875
0.0105953216552734 -0.0297451019287109 -0.0156288146972656 0.0469741821289062
0.0182361602783203 -0.028900146484375 -0.03009033203125 0.0406951904296875
0.0304584503173828 -0.0177898406982422 -0.0369949340820313 0.0302734375
0.0382614135742188 -0.00830078125 -0.0306606292724609 0.0112152099609375
0.0398483276367187 0.0134162902832031 -0.0164289474487305 -0.00116825103759765
0.0395240783691406 0.0291938781738281 0.0173549652099609 0.0188751220703125
0.0294265747070313 0.0373764038085937 0.0274887084960938 0.0578422546386719
0.0143451690673828 0.0183620452880859 0.0528945922851562 0.00890350341796875
0.0286464691162109 0.0162277221679688 0.0546798706054688 0.0169601440429688
0.0251865386962891 0.00260162353515625 0.0346584320068359 0.00751495361328125
0.0213966369628906 -0.00727081298828125 0.0234870910644531 0.00867652893066406
0.0124597549438477 -0.013946533203125 0.0122814178466797 0.0109043121337891
0.00293922424316406 -0.0176734924316406 0.0024871826171875 0.0193576812744141
5.43594360351564E-05 -0.012420654296875 -0.000911712646484375 0.0371589660644531
0.00147819519042969 -0.0101041793823242 -0.00553131103515625 0.0481681823730469
0.0024871826171875 -0.0140047073364258 -0.017364501953125 0.0538520812988281
0.00725269317626953 -0.0155363082885742 -0.0343246459960938 0.0464248657226563
0.0168418884277344 -0.0105514526367187 -0.0402488708496094 0.0322341918945313
0.0230216979980469 -0.00454521179199219 -0.033660888671875 0.0138072967529297
0.0249691009521484 0.0102901458740234 -0.0155315399169922 0.0028829574584961
0.0232791900634766 0.0206317901611328 0.0202407836914063 0.0272808074951172
0.0126113891601563 0.0258712768554688 0.0318946838378906 0.0690727233886719
0.000859975814819336 0.00382256507873535 -0.0367355346679687 -0.0592231750488281
-0.00308871269226074 -0.00330924987792969 -0.0142421722412109 -0.0246906280517578
-0.00728464126586914 0.00237846374511719 0.0172348022460938 -0.00175857543945312
-0.00143194198608398 0.00719738006591797 0.0420646667480469 -0.0142669677734375
0.00384283065795898 0.00394582748413086 0.0436286926269531 -0.0318412780761719
0.00398063659667969 -0.000532865524291992 0.0330810546875 -0.0521392822265625
0.00332260131835937 -0.00579214096069336 0.013427734375 -0.0578384399414063
0.00239133834838867 -0.00399875640869141 -0.00127410888671874 -0.0478096008300781
0.00175809860229492 -0.00449371337890625 -0.00713729858398438 -0.0353813171386719
0.00554752349853516 -0.00342750549316406 -0.0097198486328125 -0.0248069763183594
0.00563812255859375 0.00104379653930664 -0.0207443237304687 -0.0138225555419922
-0.000634670257568359 0.00542688369750976 -0.0260028839111328 -0.00995254516601562
-0.00763654708862305 5.53131103515635E-05 -0.0352287292480469 -0.0124855041503906
-0.00210809707641602 -0.00650310516357422 -0.0524368286132813 -0.0108871459960937
-0.00131845474243164 -0.00245475769042969 -0.0515594482421875 -0.00908660888671874
0.0191364288330078 0.0223178863525391 -0.0300254821777344 -0.0549736022949219
0.0161762237548828 0.0126094818115234 -0.00604057312011719 -0.0204620361328125
0.010685920715332 0.0120525360107422 0.0222434997558594 -0.00109672546386719
0.0174436569213867 0.0102109909057617 0.0446739196777344 -0.0137367248535156
0.0203838348388672 0.000385284423828125 0.0439720153808594 -0.030853271484375
0.0170745849609375 -0.0134601593017578 0.032135009765625 -0.0510215759277344
0.0103130340576172 -0.0223274230957031 0.011505126953125 -0.0531387329101563
0.00862503051757813 -0.0206394195556641 -0.00372695922851563 -0.0409584045410156
0.00800514221191406 -0.0229988098144531 -0.00994491577148437 -0.0285072326660156
0.0142440795898438 -0.0219249725341797 -0.0133514404296875 -0.0205516815185547
0.0196876525878906 -0.0121002197265625 -0.024383544921875 -0.0102729797363281
0.0179824829101563 -0.00302886962890625 -0.0269069671630859 -0.00803375244140625
0.0132637023925781 0.00174617767333984 -0.0350704193115234 -0.0105342864990234
0.0187931060791016 0.00258827209472656 -0.0472679138183594 -0.00701522827148437
0.0201854705810547 0.00995254516601563 -0.0460433959960938 -0.00379562377929687
0.0347442626953125 0.0379867553710937 -0.0182723999023437 -0.0451774597167969
0.0338001251220703 0.0278434753417969 0.00541973114013672 -0.0108146667480469
0.0297718048095703 0.0207653045654297 0.0279006958007813 0.00114059448242188
0.0362472534179688 0.0116119384765625 0.0464439392089844 -0.0123634338378906
0.0355491638183594 -0.004608154296875 0.0420913696289063 -0.0284233093261719
0.0282421112060547 -0.0252876281738281 0.02783203125 -0.0454254150390625
0.0159797668457031 -0.0357704162597656 0.00872802734375001 -0.0420608520507813
0.0129814147949219 -0.0331935882568359 -0.00563240051269531 -0.0280475616455078
0.0119209289550781 -0.0377922058105469 -0.0112752914428711 -0.0157527923583984
0.0198478698730469 -0.0370254516601562 -0.01666259765625 -0.00948429107666016
0.0296363830566406 -0.0247287750244141 -0.0275707244873047 -0.00210380554199219
0.0328655242919922 -0.0133857727050781 -0.0284976959228516 -0.00460624694824219
0.0321540832519531 0.00113296508789063 -0.0340633392333984 -0.00873565673828125
0.0377006530761719 0.0102005004882813 -0.0373039245605469 -0.00267028808593751
0.0372543334960937 0.02044677734375 -0.0336685180664063 0.00396728515625
0.0452041625976563 0.0481796264648438 -0.00253295898437499 -0.0310726165771484
0.0496101379394531 0.0372352600097656 0.0183067321777344 0.000728607177734377
0.0463523864746094 0.0237846374511719 0.0335960388183594 0.0052490234375
0.0514984130859375 0.00923919677734375 0.0455856323242188 -0.009033203125
0.0456428527832031 -0.01068115234375 0.0358505249023438 -0.0231857299804688
0.0343837738037109 -0.0348567962646484 0.0204391479492188 -0.0358428955078125
0.0180435180664063 -0.0439491271972656 0.00405693054199219 -0.0257167816162109
0.0156974792480469 -0.0397300720214844 -0.00654315948486328 -0.0111455917358398
0.014129638671875 -0.0465316772460938 -0.0115680694580078 0.000853538513183591
0.0226707458496094 -0.0461349487304688 -0.0190410614013672 0.00372123718261718
0.0359764099121094 -0.0324325561523438 -0.0290069580078125 0.00834846496582031
0.0430183410644531 -0.0196800231933594 -0.0289402008056641 1.7166137695308E-05
0.0452194213867188 0.000507354736328125 -0.0313396453857422 -0.00720596313476563
0.0508995056152344 0.0158424377441406 -0.0234584808349609 0.000349044799804689
0.0487709045410156 0.0293807983398438 -0.0165586471557617 0.0149030685424805
0.0490036010742188 0.0498275756835938 0.0152969360351563 -0.0161800384521484
0.0580329895019531 0.0408935546875 0.0318565368652344 0.0108375549316406
0.0554428100585938 0.0227775573730469 0.0365829467773438 0.00826644897460938
0.0584335327148437 0.00385284423828125 0.0414886474609375 -0.00453567504882813
0.0485649108886719 -0.0172462463378906 0.0280857086181641 -0.0149040222167969
0.0333480834960938 -0.0396003723144531 0.0120716094970703 -0.0221080780029297
0.0166358947753906 -0.0454750061035156 0.000447750091552735 -0.00690078735351563
0.014984130859375 -0.0414848327636719 -0.00693464279174805 0.00786161422729492
0.0141372680664063 -0.0476531982421875 -0.0111274719238281 0.0185222625732422
0.0229835510253906 -0.0476570129394531 -0.0205249786376953 0.0188064575195312
0.0380439758300781 -0.03387451171875 -0.0300731658935547 0.0180721282958984
0.0467033386230469 -0.0218658447265625 -0.0293388366699219 0.00495719909667969
0.0513801574707031 0.00283432006835938 -0.0259647369384766 -0.00533294677734376
0.0568580627441406 0.0219497680664063 -0.00744819641113281 0.00445795059204102
0.0517807006835938 0.0356597900390625 0.00104141235351563 0.0276393890380859
0.0454597473144531 0.0433082580566406 0.0320816040039063 -0.00375747680664062
0.05670166015625 0.03643798828125 0.0447235107421875 0.0167121887207031
0.055084228515625 0.016204833984375 0.0382499694824219 0.00862884521484375
0.0544624328613281 -0.00255203247070313 0.0349788665771484 -0.000127792358398438
0.0420074462890625 -0.0209770202636719 0.0206794738769531 -0.00484085083007813
0.0255775451660156 -0.0392189025878906 0.00587177276611328 -0.00621795654296875
0.0118255615234375 -0.0404052734375 -0.00120830535888672 0.0117511749267578
0.0123519897460938 -0.0355720520019531 -0.00627708435058593 0.0255241394042969
0.0124092102050781 -0.0408821105957031 -0.0109138488769531 0.0348968505859375
0.0211029052734375 -0.0411186218261719 -0.0227413177490234 0.0320301055908203
0.03570556640625 -0.0292549133300781 -0.0317363739013672 0.0265655517578125
0.0451126098632812 -0.0179100036621094 -0.0289211273193359 0.00984954833984375
0.0498085021972656 0.00741958618164063 -0.0207500457763672 -0.00355911254882813
0.0529365539550781 0.0263786315917969 0.00765609741210938 0.00952434539794922
0.0455589294433594 0.0380783081054688 0.0174369812011719 0.0416336059570313
0.0334110260009766 0.0317115783691406 0.0453147888183594 0.00379180908203125
0.0469207763671875 0.0255584716796875 0.0526237487792969 0.0174446105957031
0.0438652038574219 0.00788497924804688 0.0366668701171875 0.0079803466796875
0.0400886535644531 -0.00770950317382813 0.0280475616455078 0.00484848022460937
0.0281524658203125 -0.0200252532958984 0.0143098831176758 0.00378322601318359
0.0141830444335937 -0.0316505432128906 0.00304365158081055 0.00878238677978515
0.00548934936523438 -0.0287208557128906 -0.000288009643554685 0.0273590087890625
0.00722503662109375 -0.0249557495117188 -0.00449371337890625 0.0394248962402344
0.00791549682617188 -0.0293064117431641 -0.0124893188476562 0.0469589233398438
0.0154609680175781 -0.0290203094482422 -0.0272064208984375 0.0421638488769531
0.0284538269042969 -0.0196475982666016 -0.0352706909179688 0.03204345703125
0.0365638732910156 -0.0112037658691406 -0.0297508239746094 0.0127964019775391
0.0399665832519531 0.0109634399414063 -0.0163860321044922 -0.000114440917968746
0.0404777526855469 0.0263099670410156 0.0178642272949219 0.0172061920166016
0.0316944122314453 0.0345001220703125 0.0291786193847656 0.0551719665527344
0.0143699645996094 0.0167570114135742 0.0531158447265625 0.00574874877929688
0.0290317535400391 0.0142173767089844 0.0553359985351563 0.0131034851074219
0.0247364044189453 0.0007781982421875 0.0349769592285156 0.00575447082519531
0.0195941925048828 -0.008453369140625 0.0237579345703125 0.00839614868164062
0.0109319686889648 -0.0141563415527344 0.0127677917480469 0.0104904174804688
0.00132656097412109 -0.016758918762207 0.00367546081542969 0.0194606781005859
-0.00117206573486328 -0.0108528137207031 0.002716064453125 0.0366287231445313
0.000809669494628906 -0.00956439971923828 -0.00191879272460938 0.0472488403320313
0.00177001953125 -0.0133075714111328 -0.0132980346679687 0.0543899536132813
0.00562858581542969 -0.0151853561401367 -0.0308799743652344 0.0476188659667969
0.0150899887084961 -0.0116519927978516 -0.0382919311523438 0.03460693359375
0.0215988159179688 -0.00612640380859375 -0.0322551727294922 0.0149192810058594
0.0242347717285156 0.00892066955566406 -0.015009880065918 0.00403976440429687
0.0235614776611328 0.0194892883300781 0.021148681640625 0.0248088836669922
0.0142917633056641 0.0239753723144531 0.0342254638671875 0.0660591125488281
0.0015561580657959 0.00383138656616211 -0.0365753173828125 -0.0560188293457031
-0.00255274772644043 -0.0033104419708252 -0.0138320922851562 -0.0230140686035156
-0.00656509399414063 0.00251293182373047 0.0168542861938477 -0.00210475921630859
-0.000705242156982422 0.00702762603759766 0.0401611328125 -0.0150375366210937
0.00401139259338379 0.00327968597412109 0.0412559509277344 -0.032470703125
0.00371909141540527 -0.000679492950439453 0.0306930541992188 -0.0515632629394531
0.00296497344970703 -0.00647735595703125 0.0110702514648437 -0.0561294555664063
0.0025177001953125 -0.00461435317993164 -0.00269317626953125 -0.0453758239746094
0.00215339660644531 -0.00433874130249024 -0.00856208801269531 -0.0339546203613281
0.00562334060668945 -0.00384950637817383 -0.0102195739746094 -0.0244159698486328
0.00649023056030273 0.000702857971191406 -0.0212783813476563 -0.0128555297851563
6.19888305664046E-06 0.0055088996887207 -0.0251617431640625 -0.0086517333984375
-0.00680255889892578 0.000567436218261717 -0.0347843170166016 -0.0119571685791016
-0.00205326080322266 -0.00605583190917969 -0.0509414672851562 -0.00946807861328126
-0.00141692161560059 -0.001930832862854 -0.05078125 -0.00724411010742189
0.0197868347167969 0.0214252471923828 -0.0298538208007813 -0.0517158508300781
0.0165319442749023 0.0118503570556641 -0.00562286376953125 -0.0186996459960937
0.0111818313598633 0.0115394592285156 0.0213642120361328 -0.00193595886230469
0.0178050994873047 0.00886344909667969 0.0427703857421875 -0.0143241882324219
0.0198383331298828 -0.000680923461914063 0.042236328125 -0.0312118530273438
0.0165987014770508 -0.0134782791137695 0.0294685363769531 -0.049652099609375
0.00918388366699219 -0.0225086212158203 0.00975799560546875 -0.0511550903320313
0.00776481628417969 -0.0204982757568359 -0.00542068481445313 -0.0390815734863281
0.007415771484375 -0.0227470397949219 -0.0108451843261719 -0.0270404815673828
0.013641357421875 -0.021697998046875 -0.0145130157470703 -0.0198822021484375
0.0191745758056641 -0.0127601623535156 -0.0242176055908203 -0.00936317443847656
0.0179920196533203 -0.00351333618164063 -0.0269241333007812 -0.007568359375
0.0129842758178711 0.00168609619140625 -0.0346889495849609 -0.00939369201660157
0.0179176330566406 0.00213813781738281 -0.0461311340332031 -0.00524139404296874
0.0196037292480469 0.00941085815429688 -0.0453376770019531 -0.00226974487304687
0.0355377197265625 0.0359077453613281 -0.0173912048339844 -0.0425148010253906
0.0340366363525391 0.0254077911376953 0.00533771514892578 -0.00990009307861328
0.0294513702392578 0.0189533233642578 0.0276393890380859 0.000873565673828126
0.03607177734375 0.0100631713867188 0.044708251953125 -0.0123176574707031
0.0347270965576172 -0.00561904907226563 0.0399055480957031 -0.02862548828125
0.0266971588134766 -0.0253372192382813 0.0251922607421875 -0.0448493957519531
0.0141849517822266 -0.0347747802734375 0.0067901611328125 -0.040283203125
0.0113525390625 -0.032562255859375 -0.0063018798828125 -0.0262107849121094
0.0106735229492188 -0.0372695922851563 -0.0115394592285156 -0.0146360397338867
0.0180702209472656 -0.0368080139160156 -0.0174160003662109 -0.00952243804931641
0.0285129547119141 -0.0252647399902344 -0.0270805358886719 -0.00126838684082031
0.0315799713134766 -0.0139312744140625 -0.0276947021484375 -0.00387763977050781
0.0306415557861328 0.000574111938476563 -0.0333499908447266 -0.00749778747558594
0.0363922119140625 0.00923919677734375 -0.0365333557128906 -0.00143432617187501
0.0373573303222656 0.0188446044921875 -0.0331592559814453 0.00498008728027344
0.0453338623046875 0.0448226928710937 -0.001556396484375 -0.0291461944580078
0.0489692687988281 0.0349578857421875 0.0179901123046875 0.001251220703125
0.0452041625976563 0.0222015380859375 0.0329093933105469 0.00506401062011719
0.0505218505859375 0.0073089599609375 0.0439300537109375 -0.00902557373046875
0.0443801879882813 -0.0120964050292969 0.0348320007324219 -0.0226993560791016
0.0322380065917969 -0.0344810485839844 0.0187530517578125 -0.0345916748046875
0.015777587890625 -0.0432281494140625 0.00330924987792969 -0.0244503021240234
0.0136909484863281 -0.0395469665527344 -0.00672340393066406 -0.00922870635986328
0.0117034912109375 -0.045257568359375 -0.01153564453125 0.00235843658447265
0.0201797485351563 -0.0456161499023438 -0.019073486328125 0.00418853759765625
0.0336952209472656 -0.0327262878417969 -0.0283050537109375 0.00887870788574218
0.0409164428710938 -0.0209007263183594 -0.0285511016845703 0.000732421874999994
0.0438766479492188 -8.392333984375E-05 -0.0304164886474609 -0.00561714172363281
0.0498046875 0.0149154663085938 -0.0231685638427734 0.00127029418945312
0.0480804443359375 0.0269775390625 -0.0168542861938476 0.0145359039306641
0.049224853515625 0.0465087890625 0.0150966644287109 -0.0158281326293945
0.0564651489257813 0.0376052856445313 0.0317859649658203 0.0109767913818359
0.0542564392089844 0.0206642150878906 0.0363273620605469 0.00808334350585938
0.0563735961914063 0.00189971923828125 0.0404701232910156 -0.00403594970703125
0.045928955078125 -0.017791748046875 0.0272941589355469 -0.0148181915283203
0.0309982299804688 -0.0391159057617188 0.0110301971435547 -0.0205020904541016
0.01409912109375 -0.0446662902832031 0.000549793243408204 -0.0063934326171875
0.0136260986328125 -0.040252685546875 -0.0066380500793457 0.00872421264648437
0.0122642517089844 -0.0462455749511719 -0.0105075836181641 0.0193462371826172
0.0207061767578125 -0.0464897155761719 -0.0201854705810547 0.0192070007324219
0.0356864929199219 -0.0337753295898437 -0.0293960571289062 0.0186882019042969
0.0446929931640625 -0.0227890014648438 -0.0280399322509766 0.00518417358398437
0.0500335693359375 0.00127792358398437 -0.0256080627441406 -0.00440788269042969
0.0554313659667969 0.0203208923339844 -0.00752830505371093 0.00471830368041992
0.0512962341308594 0.0324058532714844 0.00109672546386719 0.0262737274169922
0.0452461242675781 0.0405082702636719 0.0317745208740234 -0.0039215087890625
0.0565910339355469 0.0328559875488281 0.0435333251953125 0.0157546997070313
0.05316162109375 0.0149345397949219 0.0375289916992188 0.00888824462890625
0.0527381896972656 -0.00490188598632813 0.0339870452880859 0.000215530395507812
0.0397682189941406 -0.0214576721191406 0.0197544097900391 -0.00514030456542969
0.02410888671875 -0.038604736328125 0.0049901008605957 -0.00519084930419922
0.0102691650390625 -0.0391464233398438 -6.96182250976548E-05 0.0117912292480469
0.0107879638671875 -0.0350971221923828 -0.00475120544433594 0.0254001617431641
0.0102615356445312 -0.03985595703125 -0.00934028625488281 0.03448486328125
0.0187530517578125 -0.0405502319335938 -0.0220375061035156 0.0318126678466797
0.0337638854980469 -0.0292148590087891 -0.0300235748291016 0.0265178680419922
0.0430526733398438 -0.018707275390625 -0.0281200408935547 0.00997734069824219
0.0481643676757813 0.00568771362304688 -0.0204849243164062 -0.00226593017578125
0.0518302917480469 0.0242881774902344 0.006744384765625 0.00925731658935547
0.0458602905273438 0.0348701477050781 0.0172004699707031 0.0398368835449219
0.0334014892578125 0.0288639068603516 0.0448112487792969 0.00260162353515625
0.0459823608398437 0.0236434936523437 0.0519027709960937 0.016265869140625
0.0426597595214844 0.00691986083984375 0.0360527038574219 0.00777053833007813
0.0388107299804688 -0.00897216796875 0.0279026031494141 0.00511741638183594
0.0264911651611328 -0.0210132598876953 0.0144748687744141 0.00433921813964844
0.0122966766357422 -0.0305690765380859 0.00301361083984375 0.00941848754882812
0.00419998168945313 -0.0268974304199219 0.000606536865234378 0.0260276794433594
0.0062255859375 -0.0237331390380859 -0.00227737426757813 0.038421630859375
0.00671768188476563 -0.0284767150878906 -0.010101318359375 0.0463333129882812
0.0137901306152344 -0.0279293060302734 -0.0250244140625 0.0414657592773438
0.0261497497558594 -0.0202732086181641 -0.0329914093017578 0.0322322845458984
0.0351409912109375 -0.0119400024414063 -0.0289897918701172 0.0133419036865234
0.0389251708984375 0.00878143310546875 -0.0161495208740234 0.00106334686279297
0.0400161743164063 0.0246162414550781 0.0174369812011719 0.0164165496826172
0.0324363708496094 0.0317974090576172 0.0287322998046875 0.0521812438964844
0.0151634216308594 0.0150146484375 0.0522918701171875 0.00441360473632813
0.0279521942138672 0.0117092132568359 0.0543060302734375 0.0126876831054688
0.0244197845458984 -0.000436782836914063 0.0341434478759766 0.00546836853027344
0.01885986328125 -0.00909423828125 0.0235748291015625 0.00851631164550781
0.00984859466552734 -0.0138568878173828 0.0129613876342773 0.0104274749755859
0.000429153442382813 -0.0156869888305664 0.00391578674316406 0.0192012786865234
-0.00119876861572266 -0.0101604461669922 0.00434494018554688 0.0358772277832031
0.000680923461914063 -0.0088348388671875 -8.39233398437479E-05 0.0455436706542969
0.00156211853027344 -0.0120258331298828 -0.0107498168945312 0.0526390075683594
0.00451755523681641 -0.0143852233886719 -0.028594970703125 0.0472297668457031
0.0143423080444336 -0.0117692947387695 -0.036407470703125 0.0347251892089844
0.0207729339599609 -0.00661277770996094 -0.0307693481445312 0.0156173706054688
0.0240135192871094 0.00766944885253906 -0.0150957107543945 0.00457382202148438
0.0232868194580078 0.0178050994873047 0.0211353302001953 0.0233860015869141
0.0147991180419922 0.0220012664794922 0.033905029296875 0.0626945495605469
0.00143718719482422 0.00451898574829102 -0.0348091125488281 -0.0544281005859375
-0.00232672691345215 -0.00276970863342285 -0.0130023956298828 -0.0220661163330078
-0.00607967376708984 0.00250720977783203 0.0167274475097656 -0.00148868560791016
0.000300407409667969 0.00680065155029297 0.0395965576171875 -0.0136299133300781
0.00408339500427246 0.00362968444824219 0.04095458984375 -0.0312080383300781
0.00390982627868652 -0.00108098983764648 0.0300788879394531 -0.0506134033203125
0.00318527221679687 -0.0070500373840332 0.0103836059570312 -0.0546684265136719
0.00262355804443359 -0.00464105606079102 -0.00281524658203125 -0.0443115234375
0.00307512283325195 -0.00448036193847656 -0.00933647155761719 -0.0329017639160156
0.00632619857788086 -0.00420284271240234 -0.0106601715087891 -0.0236244201660156
0.00624608993530274 0.000178337097167969 -0.0211772918701172 -0.0132598876953125
0.000575542449951172 0.00605630874633789 -0.0250453948974609 -0.00926971435546875
-0.00651836395263672 0.000540733337402343 -0.03387451171875 -0.0128860473632813
-0.00300741195678711 -0.00564384460449219 -0.0507316589355469 -0.00972366333007813
-0.00109851360321045 -0.00127303600311279 -0.0503425598144531 -0.00777053833007813
0.0197372436523438 0.0211601257324219 -0.0281867980957031 -0.0506820678710937
0.0160713195800781 0.0116519927978516 -0.00519180297851562 -0.0180377960205078
0.0116758346557617 0.0111494064331055 0.0213050842285156 -0.00140571594238281
0.01806640625 0.00857353210449219 0.0424156188964844 -0.0138053894042969
0.0191535949707031 -0.000802993774414062 0.0412216186523438 -0.0295143127441406
0.0157966613769531 -0.0136432647705078 0.0294532775878906 -0.0492210388183594
0.0090179443359375 -0.0226364135742188 0.00983428955078126 -0.0498542785644531
0.00812530517578125 -0.0204372406005859 -0.00512313842773437 -0.0372390747070312
0.00761985778808594 -0.0227241516113281 -0.0111522674560547 -0.0260963439941406
0.0137424468994141 -0.0213718414306641 -0.0147972106933594 -0.01959228515625
0.0193653106689453 -0.0127773284912109 -0.0241966247558594 -0.00901603698730469
0.0175857543945312 -0.00343704223632812 -0.0265293121337891 -0.00745964050292969
0.0131034851074219 0.00229072570800781 -0.0344276428222656 -0.00960159301757812
0.0177001953125 0.00325202941894531 -0.0465660095214844 -0.0052337646484375
0.0194816589355469 0.00949478149414063 -0.044921875 -0.00233840942382812
0.0348777770996094 0.0354499816894531 -0.0158119201660156 -0.0411796569824219
0.0336933135986328 0.0251598358154297 0.0052480697631836 -0.00946235656738281
0.0285568237304687 0.0192089080810547 0.0266284942626953 0.00214576721191406
0.0359458923339844 0.00965499877929688 0.0439872741699219 -0.0116844177246094
0.0336952209472656 -0.00572776794433594 0.038726806640625 -0.0269851684570313
0.0260677337646484 -0.0250492095947266 0.0248451232910156 -0.0437774658203125
0.0137500762939453 -0.0350399017333984 0.0066375732421875 -0.0387535095214844
0.0115680694580078 -0.0318546295166016 -0.00644111633300781 -0.02459716796875
0.0104522705078125 -0.0364761352539062 -0.0121498107910156 -0.0136699676513672
0.018157958984375 -0.0366401672363281 -0.0185089111328125 -0.00934410095214844
0.0288658142089844 -0.0251350402832031 -0.0268268585205078 -0.00115585327148437
0.0309944152832031 -0.0133438110351563 -0.0281925201416016 -0.00385856628417968
0.0306739807128906 0.0014495849609375 -0.0330657958984375 -0.00752258300781249
0.0358047485351563 0.0094146728515625 -0.0367622375488281 -0.00154876708984375
0.0368881225585938 0.0192718505859375 -0.0334320068359375 0.00467872619628907
0.0452156066894531 0.0442733764648438 -0.000837326049804685 -0.0284481048583984
0.0480384826660156 0.0343017578125 0.0182266235351563 0.00208663940429688
0.0450592041015625 0.0224876403808594 0.03167724609375 0.00634956359863281
0.0501060485839844 0.00677871704101563 0.0439453125 -0.00783920288085938
0.0433540344238281 -0.0115432739257813 0.0337963104248047 -0.0219078063964844
0.0317516326904297 -0.0338306427001953 0.0181980133056641 -0.0328483581542969
0.0160980224609375 -0.0416641235351563 0.00368499755859375 -0.0238075256347656
0.0133743286132812 -0.0393714904785156 -0.00665712356567383 -0.0085911750793457
0.0116195678710937 -0.0443611145019531 -0.0114612579345703 0.00293540954589844
0.0195579528808594 -0.0446357727050781 -0.0198783874511719 0.00389480590820312
0.0335063934326172 -0.0330085754394531 -0.0283718109130859 0.00893211364746093
0.0401420593261719 -0.0210113525390625 -0.0285987854003906 0.000535964965820317
0.0421714782714844 0.00048065185546875 -0.030914306640625 -0.00549888610839844
0.049407958984375 0.015106201171875 -0.0233879089355469 0.00148963928222656
0.0468406677246094 0.0263175964355469 -0.0177478790283203 0.0152931213378906
0.0485115051269531 0.0457878112792969 0.0168657302856445 -0.0150213241577148
0.0559654235839844 0.0368881225585937 0.0314445495605469 0.0114498138427734
0.0531539916992188 0.0211524963378906 0.0353546142578125 0.00885772705078125
0.0559196472167969 0.00140380859375 0.0402641296386719 -0.00350189208984375
0.0457572937011719 -0.0177001953125 0.0260963439941406 -0.0136852264404297
0.0303497314453125 -0.0377998352050781 0.0106658935546875 -0.0203227996826172
0.013763427734375 -0.0432167053222656 0.000561714172363282 -0.00591087341308594
0.0130233764648438 -0.0392837524414063 -0.0055084228515625 0.00876426696777344
0.0114212036132812 -0.045684814453125 -0.0104637145996094 0.0195026397705078
0.0195503234863281 -0.0456886291503906 -0.0203380584716797 0.0189018249511719
0.0345935821533203 -0.0333709716796875 -0.0293064117431641 0.0184879302978516
0.0436935424804688 -0.0226783752441406 -0.0283336639404297 0.00511741638183593
0.0498809814453125 0.00217819213867188 -0.0250682830810547 -0.00350189208984375
0.0543136596679688 0.0198135375976563 -0.0079207420349121 0.00492525100708008
0.0509910583496094 0.0318450927734375 -0.000297546386718744 0.0274085998535156
0.0447769165039063 0.0398139953613281 0.0322113037109375 -0.00386238098144531
0.0550346374511719 0.0323829650878906 0.0435676574707031 0.0167655944824219
0.0517463684082031 0.0151824951171875 0.0376129150390625 0.00930023193359375
0.0517425537109375 -0.00412368774414063 0.0341129302978516 0.00146293640136719
0.0394554138183594 -0.0210647583007813 0.0193996429443359 -0.00400733947753906
0.0230560302734375 -0.0376968383789063 0.00490379333496094 -0.0041646957397461
0.0096282958984375 -0.0375480651855469 9.15527343750018E-05 0.0117902755737305
0.0101451873779297 -0.0341148376464844 -0.00417327880859375 0.0247478485107422
0.0101776123046875 -0.0385513305664063 -0.00926780700683594 0.0344715118408203
0.01849365234375 -0.0394020080566406 -0.0222702026367188 0.0320835113525391
0.0327548980712891 -0.0286178588867187 -0.0303230285644531 0.0267925262451172
0.0420341491699219 -0.0185928344726563 -0.0282478332519531 0.0100440979003906
0.0477867126464844 0.00544357299804688 -0.0207786560058594 -0.00194168090820312
0.0506401062011719 0.023895263671875 0.006378173828125 0.00918197631835938
0.0449447631835937 0.0335845947265625 0.01544189453125 0.0393829345703125
0.0331478118896484 0.0275669097900391 0.0446586608886719 0.00277328491210938
0.0450325012207031 0.0229377746582031 0.050537109375 0.0159568786621094
0.0414619445800781 0.00621414184570313 0.0358963012695313 0.00848388671875
0.03753662109375 -0.0094146728515625 0.0278205871582031 0.00624275207519531
0.0255908966064453 -0.0205135345458984 0.0148153305053711 0.00522422790527344
0.0120258331298828 -0.0291004180908203 0.0033416748046875 0.00950527191162109
0.00412750244140625 -0.0269889831542969 0.00167655944824219 0.0259227752685547
0.00605583190917969 -0.0230026245117188 -0.00174713134765625 0.0383453369140625
0.00677108764648437 -0.0265483856201172 -0.00931930541992188 0.0457992553710938
0.0130577087402344 -0.0270805358886719 -0.025390625 0.0413627624511719
0.0262413024902344 -0.0201702117919922 -0.0331077575683594 0.0317859649658203
0.0343780517578125 -0.0123291015625 -0.0289497375488281 0.0128974914550781
0.0377006530761719 0.009185791015625 -0.016571044921875 0.00101280212402344
0.0397529602050781 0.0233879089355469 0.0161056518554688 0.0158834457397461
0.0322284698486328 0.0310764312744141 0.0272026062011719 0.0517921447753906
0.015294075012207 0.0138607025146484 0.0519142150878906 0.00451278686523438
0.0272274017333984 0.0115547180175781 0.0536346435546875 0.0130577087402344
0.0238552093505859 -4.00543212890625E-05 0.0340862274169922 0.00638008117675781
0.0189228057861328 -0.00926589965820313 0.0239200592041016 0.00999259948730469
0.00968456268310547 -0.0144519805908203 0.0133676528930664 0.0114707946777344
4.29153442382808E-05 -0.0154142379760742 0.00399589538574219 0.0195446014404297
-0.00142765045166016 -0.00960922241210938 0.00399208068847656 0.0345611572265625
0.000234603881835938 -0.00801372528076172 0.000587463378906252 0.0440216064453125
0.00137996673583984 -0.0109224319458008 -0.0103874206542969 0.0512771606445313
0.00503444671630859 -0.0137443542480469 -0.0286979675292969 0.0462188720703125
0.0136604309082031 -0.0115394592285156 -0.0355186462402344 0.0340118408203125
0.0193729400634766 -0.00676727294921875 -0.0303382873535156 0.0155696868896484
0.0230503082275391 0.00751304626464844 -0.014948844909668 0.00411415100097656
0.0232124328613281 0.0169887542724609 0.0195789337158203 0.0228290557861328
0.0143833160400391 0.0212459564208984 0.0329971313476563 0.0614433288574219
0.00208330154418945 0.00491857528686524 -0.0326576232910156 -0.0555305480957031
-0.00253057479858398 -0.00298714637756348 -0.0126667022705078 -0.0219631195068359
-0.00627660751342773 0.00285100936889648 0.0170469284057617 -0.0010986328125
0.0002593994140625 0.00651407241821289 0.0405998229980469 -0.012939453125
0.00425004959106445 0.00305104255676269 0.0420303344726563 -0.0312767028808594
0.00450944900512695 -0.00162982940673828 0.0313453674316406 -0.0508689880371094
0.00358915328979492 -0.00733470916748047 0.0116806030273437 -0.0549507141113281
0.00353908538818359 -0.00615692138671875 -0.00252914428710938 -0.044342041015625
0.00379276275634766 -0.00508832931518555 -0.00896453857421875 -0.0338420867919922
0.00586843490600586 -0.00420475006103516 -0.0110301971435547 -0.0252361297607422
0.00734519958496094 0.000754356384277344 -0.0209636688232422 -0.0143833160400391
0.000723838806152343 0.00631523132324219 -0.0257625579833984 -0.0105056762695313
-0.00641441345214844 0.000706672668457032 -0.0341682434082031 -0.0146350860595703
-0.00281620025634766 -0.00497341156005859 -0.0516204833984375 -0.0111083984375
-0.00130128860473633 -0.000729322433471679 -0.0516471862792969 -0.00872039794921876
0.0195350646972656 0.0214500427246094 -0.02606201171875 -0.0521087646484375
0.0163021087646484 0.0123043060302734 -0.00435638427734375 -0.0177688598632813
0.0121269226074219 0.0117597579956055 0.0218067169189453 -0.000640869140624999
0.0181674957275391 0.00848197937011719 0.0432205200195313 -0.0128555297851563
0.019683837890625 -0.000467300415039063 0.0424728393554687 -0.0292739868164062
0.0163383483886719 -0.0138158798217773 0.0300025939941406 -0.0491714477539063
0.00995254516601563 -0.0229091644287109 0.00997161865234375 -0.049713134765625
0.00868797302246094 -0.0214061737060547 -0.00467300415039063 -0.036956787109375
0.00816726684570313 -0.0234432220458984 -0.0119247436523437 -0.0264396667480469
0.0143852233886719 -0.0219078063964844 -0.0155143737792969 -0.0204010009765625
0.0204238891601563 -0.0128078460693359 -0.0246944427490234 -0.00988578796386719
0.0183162689208984 -0.00287246704101563 -0.0262184143066406 -0.00905799865722656
0.0128259658813477 0.00323677062988281 -0.0345993041992188 -0.0107078552246094
0.0172958374023438 0.00409889221191406 -0.0472602844238281 -0.006439208984375
0.0191326141357422 0.0106658935546875 -0.0470085144042969 -0.00288391113281249
0.0348243713378906 0.0359268188476563 -0.0145988464355469 -0.04144287109375
0.0333824157714844 0.0263271331787109 0.00591707229614258 -0.00811052322387695
0.0296249389648437 0.0201835632324219 0.0273704528808594 0.00363540649414063
0.0363922119140625 0.00995635986328125 0.0450057983398438 -0.0103759765625
0.034332275390625 -0.00542068481445313 0.0402488708496094 -0.0262222290039062
0.0262355804443359 -0.0239276885986328 0.0252418518066406 -0.0427742004394531
0.0144977569580078 -0.0348663330078125 0.00736618041992188 -0.0393562316894531
0.0127849578857422 -0.0328922271728516 -0.00561332702636719 -0.0238227844238281
0.011383056640625 -0.0371551513671875 -0.0122737884521484 -0.0131635665893555
0.0192527770996094 -0.036865234375 -0.0190525054931641 -0.00971221923828125
0.028778076171875 -0.0250205993652344 -0.0282135009765625 -0.00160408020019531
0.032196044921875 -0.0132579803466797 -0.0286197662353516 -0.00515365600585937
0.0312118530273438 0.00244903564453125 -0.034423828125 -0.00844573974609375
0.0358963012695313 0.0108718872070313 -0.0380859375 -0.00191879272460938
0.0364418029785156 0.0200653076171875 -0.0346889495849609 0.00500106811523438
0.0456123352050781 0.0455513000488281 0.000782012939453128 -0.0281085968017578
0.0473785400390625 0.0349769592285156 0.0187091827392578 0.00376319885253907
0.0457611083984375 0.0241012573242188 0.0327129364013672 0.00743675231933594
0.050628662109375 0.00801467895507813 0.0445365905761719 -0.00672531127929687
0.0446014404296875 -0.01092529296875 0.0346775054931641 -0.0207901000976563
0.0318527221679688 -0.0334148406982422 0.0191707611083984 -0.0329761505126953
0.0165596008300781 -0.0420303344726563 0.00318145751953125 -0.02374267578125
0.0146446228027344 -0.0399017333984375 -0.00612354278564453 -0.00803375244140625
0.0124969482421875 -0.0450592041015625 -0.0122652053833008 0.00349140167236328
0.0207290649414062 -0.0452804565429688 -0.0209922790527344 0.00502204895019531
0.0343284606933594 -0.0330047607421875 -0.0295219421386719 0.00827789306640625
0.0404510498046875 -0.0207366943359375 -0.028961181640625 4.00543212890625E-05
0.0435104370117188 0.00244140625 -0.0313720703125 -0.00633049011230468
0.0498008728027344 0.0158805847167969 -0.0243244171142578 0.000957489013671872
0.0479660034179688 0.0280303955078125 -0.0193634033203125 0.0153522491455078
0.0489387512207031 0.0462532043457031 0.0178146362304688 -0.0142631530761719
0.054962158203125 0.0383796691894531 0.0321426391601563 0.013580322265625
0.0539970397949219 0.0222244262695313 0.0361595153808594 0.0111236572265625
0.0564498901367187 0.00238800048828125 0.0410385131835938 -0.00164413452148438
0.0466804504394531 -0.0169754028320313 0.0266036987304688 -0.0125236511230469
0.0310287475585938 -0.0380172729492188 0.0110797882080078 -0.0192928314208984
0.014617919921875 -0.0422592163085938 0.000150680541992189 -0.00500631332397461
0.0137748718261719 -0.0398521423339844 -0.00546169281005859 0.01007080078125
0.0118293762207031 -0.0458488464355469 -0.0107345581054688 0.0193080902099609
0.02056884765625 -0.045623779296875 -0.0213699340820312 0.0192432403564453
0.0360832214355469 -0.03411865234375 -0.0306930541992188 0.0185794830322266
0.0449066162109375 -0.022796630859375 -0.0290489196777344 0.005096435546875
0.0505409240722656 0.00344085693359375 -0.0267047882080078 -0.00387001037597656
0.0550193786621094 0.0207557678222656 -0.00898170471191406 0.00454807281494141
0.0509910583496094 0.03271484375 -0.00170326232910156 0.0271034240722656
0.0447807312011719 0.0398025512695313 0.0339012145996094 -0.00291824340820312
0.05474853515625 0.0324783325195312 0.0441055297851563 0.0180244445800781
0.0521812438964844 0.0157012939453125 0.0378684997558594 0.0113716125488281
0.0522422790527344 -0.00342941284179688 0.0349197387695313 0.00385856628417969
0.0398674011230469 -0.020599365234375 0.0195560455322266 -0.00243949890136719
0.0236167907714844 -0.0370826721191406 0.00503730773925782 -0.0027766227722168
0.0110740661621094 -0.0374641418457031 7.43865966796873E-05 0.0130167007446289
0.0109214782714844 -0.0342655181884766 -0.00443649291992187 0.0263919830322266
0.0100212097167969 -0.0403480529785156 -0.0102653503417969 0.0354118347167969
0.0185050964355469 -0.03875732421875 -0.0231094360351563 0.0323734283447266
0.0332584381103516 -0.0294189453125 -0.0317726135253906 0.0271282196044922
0.0435104370117188 -0.0189056396484375 -0.0293960571289062 0.00961303710937499
0.0475616455078125 0.00658035278320313 -0.0211734771728516 -0.00214576721191406
0.0512199401855469 0.0250663757324219 0.00556755065917969 0.0101041793823242
0.0455322265625 0.0344429016113281 0.0140342712402344 0.0403938293457031
0.0322132110595703 0.0282268524169922 0.0465278625488281 0.00363922119140625
0.0449333190917969 0.023040771484375 0.0517311096191406 0.0180740356445313
0.0428314208984375 0.00783538818359375 0.0367546081542969 0.0106582641601563
0.0382919311523437 -0.00912857055664062 0.0285320281982422 0.00771141052246094
0.0259132385253906 -0.0198554992675781 0.0143556594848633 0.00662517547607422
0.0127773284912109 -0.0289936065673828 0.00319480895996094 0.0107955932617187
0.00377464294433594 -0.0253334045410156 0.000505447387695313 0.0269947052001953
0.00637626647949219 -0.022979736328125 -0.0020751953125 0.0385093688964844
0.00721168518066406 -0.0271186828613281 -0.0109748840332031 0.046173095703125
0.0128498077392578 -0.0275707244873047 -0.027252197265625 0.0422134399414062
0.0256843566894531 -0.0198192596435547 -0.0334300994873047 0.0318622589111328
0.0345993041992188 -0.01129150390625 -0.02972412109375 0.0131511688232422
0.0381278991699219 0.00959014892578125 -0.0169544219970703 0.0013132095336914
0.039642333984375 0.0246391296386719 0.0155811309814453 0.0164279937744141
0.0318145751953125 0.0306949615478516 0.0258560180664063 0.0532264709472656
0.0155677795410156 0.0138206481933594 0.054168701171875 0.00554656982421875
0.0269012451171875 0.0123805999755859 0.0546035766601563 0.0143356323242188
0.0248794555664063 -2.09808349609375E-05 0.0345516204833984 0.00777053833007812
0.0197467803955078 -0.00922966003417969 0.0244007110595703 0.0110416412353516
0.00946140289306641 -0.0137424468994141 0.0137186050415039 0.011897087097168
0.000105857849121092 -0.0151405334472656 0.0039215087890625 0.02056884765625
-0.00176143646240234 -0.00897789001464844 0.00453567504882813 0.0354995727539062
0.000494956970214844 -0.00796794891357422 2.28881835937474E-05 0.0454788208007813
0.000487327575683593 -0.0110340118408203 -0.0109481811523438 0.0511589050292969
0.0043487548828125 -0.0136222839355469 -0.0294952392578125 0.0461158752441406
0.0137758255004883 -0.0116872787475586 -0.03662109375 0.0338249206542969
0.0201530456542969 -0.00609779357910156 -0.0315017700195312 0.0152378082275391
0.0230751037597656 0.00831031799316406 -0.0153417587280273 0.0041494369506836
0.0225563049316406 0.0174217224121094 0.0193023681640625 0.0223503112792969
0.0147266387939453 0.0214824676513672 0.0305900573730469 0.0631446838378906
0.0018315315246582 0.00575160980224609 -0.0333099365234375 -0.0583076477050781
-0.00255179405212402 -0.00274825096130371 -0.0130767822265625 -0.0226535797119141
-0.00565862655639648 0.00274562835693359 0.0186882019042969 -0.0008544921875
0.000506401062011718 0.00673055648803711 0.0421371459960938 -0.01348876953125
0.00485658645629883 0.00297355651855469 0.0438232421875 -0.0317192077636719
0.00512313842773438 -0.0017852783203125 0.0323524475097656 -0.0529708862304688
0.00355672836303711 -0.00870370864868164 0.0114898681640625 -0.0569534301757812
0.00401496887207031 -0.00658082962036133 -0.003143310546875 -0.0449028015136719
0.00406694412231445 -0.00590324401855469 -0.0102195739746094 -0.0342254638671875
0.00775814056396484 -0.00463247299194336 -0.0124645233154297 -0.0259952545166016
0.00796031951904297 0.00124073028564453 -0.0215930938720703 -0.0153484344482422
0.00128984451293945 0.00654029846191406 -0.0264339447021484 -0.0114688873291016
-0.00650644302368164 0.00164031982421875 -0.0362510681152344 -0.0158882141113281
-0.00345087051391601 -0.00487041473388672 -0.0544891357421875 -0.0119705200195312
-0.00139987468719482 -0.00047612190246582 -0.0544815063476563 -0.00897979736328124
0.0208415985107422 0.0234470367431641 -0.0262336730957031 -0.0538406372070313
0.0171680450439453 0.0129308700561523 -0.00437545776367188 -0.0174102783203125
0.0126132965087891 0.0124082565307617 0.0231590270996094 0.000869750976562501
0.0193233489990234 0.00867080688476562 0.0453414916992188 -0.0127105712890625
0.0214271545410156 -0.00105857849121094 0.0440788269042969 -0.0303764343261719
0.0175266265869141 -0.0140724182128906 0.0308914184570312 -0.0504188537597656
0.0100994110107422 -0.0244941711425781 0.0101127624511719 -0.051300048828125
0.00946235656738281 -0.0229110717773438 -0.00506591796875 -0.0377006530761719
0.00859832763671875 -0.0246543884277344 -0.0127124786376953 -0.0266914367675781
0.0153331756591797 -0.0229625701904297 -0.0175876617431641 -0.0206718444824219
0.0211753845214844 -0.0130367279052734 -0.0258445739746094 -0.010833740234375
0.0201778411865234 -0.0026092529296875 -0.0279808044433594 -0.00970268249511719
0.0139808654785156 0.00377368927001953 -0.0364341735839844 -0.0118331909179687
0.0180187225341797 0.00447845458984375 -0.0493736267089844 -0.00701522827148438
0.0199851989746094 0.0115146636962891 -0.0491371154785156 -0.00305938720703124
0.0367279052734375 0.0380020141601562 -0.0135498046875 -0.0438652038574219
0.0351791381835938 0.0270957946777344 0.00659370422363281 -0.0074162483215332
0.0309391021728516 0.0216236114501953 0.0288600921630859 0.00476646423339844
0.0384941101074219 0.00999069213867188 0.0472259521484375 -0.00987625122070312
0.0358772277832031 -0.00592041015625 0.0415077209472656 -0.0264015197753906
0.0277023315429688 -0.0250816345214844 0.02581787109375 -0.0443344116210937
0.0151290893554688 -0.0364952087402344 0.007537841796875 -0.0405082702636719
0.0137557983398437 -0.0353775024414063 -0.00590324401855468 -0.0239105224609375
0.0116043090820313 -0.0392379760742187 -0.0137062072753906 -0.0130100250244141
0.0195388793945312 -0.0388908386230469 -0.0207176208496094 -0.00948143005371094
0.0307331085205078 -0.0262393951416016 -0.0294361114501953 -0.00223731994628907
0.0342769622802734 -0.0132160186767578 -0.0307197570800781 -0.00535011291503907
0.0321197509765625 0.00327491760253906 -0.0360221862792969 -0.00844573974609375
0.0375137329101563 0.0116615295410156 -0.0399398803710938 -0.00206375122070312
0.0381965637207031 0.0214424133300781 -0.0365829467773438 0.0060272216796875
0.0471878051757813 0.0469551086425781 0.00177001953125 -0.0288105010986328
0.0500602722167969 0.0369415283203125 0.0199871063232422 0.00464439392089844
0.0474853515625 0.0253829956054688 0.0343875885009766 0.00918769836425782
0.0526351928710938 0.00781631469726563 0.0471038818359375 -0.00493621826171875
0.0466079711914063 -0.0116081237792969 0.0359687805175781 -0.0205726623535156
0.0334377288818359 -0.0340976715087891 0.0186443328857422 -0.0335578918457031
0.0168075561523438 -0.0442237854003906 0.00423812866210937 -0.0238666534423828
0.0146217346191406 -0.0418586730957031 -0.00615596771240234 -0.00708532333374024
0.0125923156738281 -0.0471229553222656 -0.012333869934082 0.00398635864257812
0.0208015441894531 -0.0473518371582031 -0.0224857330322266 0.00515174865722656
0.0356826782226563 -0.0345687866210938 -0.0315876007080078 0.00884437561035156
0.0431060791015625 -0.0213661193847656 -0.0315761566162109 1.90734863281534E-06
0.045745849609375 0.00222396850585938 -0.0332317352294922 -0.00560188293457031
0.0514335632324219 0.0170555114746094 -0.0263404846191406 0.00137138366699219
0.0504646301269531 0.0288200378417969 -0.0211124420166016 0.0162906646728516
0.0506553649902344 0.04766845703125 0.0195198059082031 -0.0143489837646484
0.0575637817382813 0.0386734008789063 0.0336246490478516 0.0149688720703125
0.0567359924316406 0.0244941711425781 0.03826904296875 0.013427734375
0.0587997436523437 0.0021820068359375 0.0434150695800781 -0.0001220703125
0.0490341186523438 -0.01837158203125 0.0287227630615234 -0.0113658905029297
0.0323677062988281 -0.0395164489746094 0.0109043121337891 -0.0189075469970703
0.0158920288085938 -0.0449676513671875 0.00036907196044922 -0.00481414794921875
0.0148963928222656 -0.0419464111328125 -0.00553226470947265 0.0113363265991211
0.0120620727539063 -0.0470161437988281 -0.0113887786865234 0.0206966400146484
0.0206565856933594 -0.0480690002441406 -0.0238285064697266 0.0205917358398438
0.0374794006347656 -0.035919189453125 -0.0327014923095703 0.0191860198974609
0.0465774536132813 -0.0235824584960938 -0.0311069488525391 0.00504112243652344
0.05242919921875 0.00368881225585938 -0.0278759002685547 -0.00343894958496094
0.0572280883789062 0.0223159790039063 -0.0102510452270508 0.0059356689453125
0.0529975891113281 0.033966064453125 -0.00221824645996093 0.0293045043945313
0.0461921691894531 0.0411567687988281 0.0350017547607422 -0.00192832946777344
0.0574874877929687 0.0333213806152344 0.0462875366210938 0.02032470703125
0.0551185607910156 0.0174446105957031 0.0389747619628906 0.0136299133300781
0.0551490783691406 -0.00429153442382813 0.0368270874023438 0.00499343872070313
0.0413665771484375 -0.0214576721191406 0.02069091796875 -0.00183486938476563
0.0245475769042969 -0.0383453369140625 0.00503969192504883 -0.00211000442504883
0.0108261108398438 -0.038970947265625 -0.000256538391113281 0.0132207870483398
0.0115318298339844 -0.0358085632324219 -0.00382041931152344 0.0277233123779297
0.00980758666992187 -0.0406951904296875 -0.0100212097167969 0.0361404418945313
0.0184783935546875 -0.0399627685546875 -0.0246715545654297 0.0343723297119141
0.0348320007324219 -0.0308380126953125 -0.0333805084228516 0.0282802581787109
0.0450515747070313 -0.0197944641113281 -0.0313720703125 0.00970077514648438
0.0500679016113281 0.00722885131835938 -0.0223350524902344 -0.00163078308105468
0.0538215637207031 0.0259819030761719 0.00438880920410157 0.0103425979614258
0.0474281311035156 0.0352401733398438 0.0138778686523438 0.0429420471191406
0.0337066650390625 0.0289402008056641 0.0485610961914063 0.00553512573242188
0.0466499328613281 0.0232124328613281 0.0540428161621094 0.0195732116699219
0.0435142517089844 0.0076446533203125 0.0383682250976562 0.0118827819824219
0.0399436950683594 -0.0086669921875 0.0308132171630859 0.00915336608886719
0.0266742706298828 -0.0206775665283203 0.0152425765991211 0.00730800628662109
0.0125408172607422 -0.0297012329101563 0.00272560119628906 0.0124368667602539
0.0045928955078125 -0.0261459350585938 0.00131416320800781 0.028228759765625
0.00623703002929688 -0.0238437652587891 -0.00197601318359375 0.0398750305175781
0.00685882568359375 -0.02740478515625 -0.0103645324707031 0.0473213195800781
0.0130577087402344 -0.0282802581787109 -0.0277023315429688 0.0437774658203125
0.0266284942626953 -0.0208263397216797 -0.0357742309570313 0.0335578918457031
0.0357780456542969 -0.0123176574707031 -0.0313987731933594 0.0136775970458984
0.0396537780761719 0.0099945068359375 -0.0175495147705078 0.00137042999267578
0.0414619445800781 0.024993896484375 0.0159883499145508 0.0172014236450195
0.0337791442871094 0.0312519073486328 0.0256195068359375 0.0561294555664062
0.0155420303344727 0.0141925811767578 0.0561370849609375 0.00580978393554688
0.0279541015625 0.0116424560546875 0.0570945739746094 0.0159492492675781
0.0254135131835938 -0.00020599365234375 0.0361900329589844 0.009613037109375
0.0193080902099609 -0.00963401794433594 0.0264911651611328 0.0124530792236328
0.00964736938476563 -0.0146284103393555 0.0147247314453125 0.013336181640625
-0.00136184692382813 -0.0152950286865234 0.00512123107910156 0.0220222473144531
-0.00128364562988281 -0.00884056091308594 0.005035400390625 0.03656005859375
0.00115394592285156 -0.00773048400878906 0.00162887573242187 0.0465011596679688
0.000900268554687499 -0.0108280181884766 -0.012054443359375 0.0532989501953125
0.00461578369140625 -0.012852668762207 -0.0305747985839844 0.048492431640625
0.0133934020996094 -0.0114984512329102 -0.0390129089355469 0.0352859497070312
0.0207157135009766 -0.00704383850097656 -0.0335502624511719 0.0154266357421875
0.0240116119384766 0.00829124450683594 -0.0162181854248047 0.00372886657714844
0.0237941741943359 0.0176429748535156 0.0191211700439453 0.0233917236328125
0.0154953002929688 0.0206813812255859 0.0308990478515625 0.06597900390625
0.00176095962524414 0.00656461715698242 -0.0357742309570312 -0.061431884765625
-0.00246405601501465 -0.00166153907775879 -0.0134086608886719 -0.0231723785400391
-0.00588083267211914 0.00419855117797852 0.0191688537597656 -0.000324249267578125
0.00117349624633789 0.00640869140625 0.0440330505371094 -0.0159645080566406
0.00529813766479492 0.00295066833496094 0.0451278686523438 -0.034576416015625
0.00580072402954102 -0.00257158279418945 0.0321197509765625 -0.0565414428710937
0.0035247802734375 -0.00962162017822266 0.0107421875 -0.0610771179199219
0.00460481643676758 -0.00840616226196289 -0.00473785400390625 -0.0470161437988281
0.00492238998413086 -0.00731754302978516 -0.01171875 -0.035430908203125
0.00820636749267578 -0.00556421279907227 -0.0145378112792969 -0.0273361206054688
0.0088644027709961 0.000468254089355469 -0.0238571166992188 -0.0159225463867188
0.00277042388916016 0.00713205337524414 -0.0288295745849609 -0.0130271911621094
-0.00699138641357422 0.00153160095214844 -0.0391960144042969 -0.0178718566894531
-0.0038454532623291 -0.0041344165802002 -0.0570144653320313 -0.0118026733398437
-0.00196301937103271 0.000414490699768066 -0.0582237243652344 -0.00754928588867187
0.0218105316162109 0.0245304107666016 -0.0271720886230469 -0.0559272766113281
0.0182380676269531 0.0137882232666016 -0.00561428070068359 -0.0169658660888672
0.0145397186279297 0.0125055313110352 0.0249786376953125 0.0012054443359375
0.0214138031005859 0.00824165344238281 0.0477485656738281 -0.01446533203125
0.0221290588378906 -0.00257301330566406 0.0452499389648437 -0.032928466796875
0.0182743072509766 -0.0160636901855469 0.0304450988769531 -0.0532493591308594
0.0102252960205078 -0.0269546508789063 0.00933837890625001 -0.0538749694824219
0.00937652587890625 -0.0252170562744141 -0.00739669799804687 -0.0382766723632813
0.00842475891113281 -0.0266819000244141 -0.0156745910644531 -0.0268878936767578
0.0149707794189453 -0.0253772735595703 -0.0198345184326172 -0.0215606689453125
0.0218219757080078 -0.0142822265625 -0.0281467437744141 -0.0107517242431641
0.0214405059814453 -0.00258827209472656 -0.0313205718994141 -0.0107822418212891
0.0148725509643555 0.00389671325683594 -0.0398368835449219 -0.0124931335449219
0.01934814453125 0.00457000732421875 -0.0533866882324219 -0.00531768798828126
0.0209159851074219 0.0125045776367188 -0.0527381896972656 -0.00195312499999999
0.0399665832519531 0.0391921997070313 -0.0153045654296875 -0.0451736450195312
0.0384521484375 0.028472900390625 0.00738143920898438 -0.00715875625610351
0.0330734252929688 0.0217189788818359 0.0306396484375 0.00498008728027344
0.0406227111816406 0.00951766967773438 0.0491943359375 -0.0111160278320313
0.0378684997558594 -0.00844573974609375 0.0432014465332031 -0.0284271240234375
0.0291938781738281 -0.027923583984375 0.0266914367675781 -0.0457878112792969
0.0151901245117187 -0.0403671264648438 0.00670242309570313 -0.042022705078125
0.0126724243164062 -0.0380096435546875 -0.00766754150390625 -0.02484130859375
0.0106964111328125 -0.0409965515136719 -0.0146675109863281 -0.0124750137329102
0.0186767578125 -0.0416412353515625 -0.0230484008789063 -0.00809288024902344
0.032012939453125 -0.0289878845214844 -0.0325756072998047 -0.00100898742675781
0.0352554321289063 -0.0147628784179688 -0.0334491729736328 -0.00554466247558593
0.0348587036132812 0.00312995910644531 -0.0396728515625 -0.00749588012695312
0.0395088195800781 0.0115509033203125 -0.0431556701660156 -0.000270843505859375
0.0401878356933594 0.021514892578125 -0.040008544921875 0.00737762451171875
0.0496749877929687 0.0482978820800781 0.0024566650390625 -0.0300388336181641
0.0530052185058594 0.036102294921875 0.0218181610107422 0.00505638122558594
0.0514030456542969 0.02593994140625 0.0362968444824219 0.0103759765625
0.0552520751953125 0.00571060180664063 0.0486068725585938 -0.0061187744140625
0.0477714538574219 -0.0142326354980469 0.0379104614257813 -0.0214042663574219
0.035400390625 -0.0379447937011719 0.0180072784423828 -0.0341396331787109
0.0175361633300781 -0.0471916198730469 0.00288009643554688 -0.0241947174072266
0.0138740539550781 -0.04644775390625 -0.00649404525756836 -0.00798988342285157
0.0112724304199219 -0.0498580932617188 -0.0131721496582031 0.00515174865722656
0.0203018188476563 -0.0512542724609375 -0.0242443084716797 0.00758552551269531
0.0368118286132812 -0.0377159118652344 -0.0337142944335937 0.0110969543457031
0.0443572998046875 -0.0234336853027344 -0.0339298248291016 9.15527343750056E-05
0.0491256713867187 0.0031585693359375 -0.0350112915039063 -0.00457382202148438
0.0545272827148437 0.0174293518066406 -0.0285606384277344 0.00274658203125
0.0532073974609375 0.0300750732421875 -0.0216255187988281 0.0189037322998047
0.055084228515625 0.0482215881347656 0.0216236114501953 -0.014678955078125
0.0622444152832031 0.0387001037597656 0.03656005859375 0.0152664184570313
0.0595436096191406 0.0250167846679688 0.0405616760253906 0.0142745971679688
0.0618095397949219 0.000713348388671875 0.0453262329101563 -0.000965118408203125
0.0504570007324219 -0.0216484069824219 0.0298614501953125 -0.0120277404785156
0.03240966796875 -0.0417098999023438 0.0110282897949219 -0.01812744140625
0.0154876708984375 -0.0474090576171875 0.000898838043212891 -0.00442886352539063
0.0139732360839844 -0.0445022583007813 -0.00608634948730468 0.0118465423583984
0.0103569030761719 -0.0497550964355469 -0.0118350982666016 0.0222702026367188
0.0194549560546875 -0.0515518188476563 -0.0256195068359375 0.0224971771240234
0.0375404357910156 -0.0392227172851563 -0.0335540771484375 0.0220146179199219
0.0489692687988281 -0.0263786315917969 -0.0345439910888672 0.00652885437011719
0.0551795959472656 0.002410888671875 -0.0304107666015625 -0.00279426574707031
0.0612297058105469 0.02105712890625 -0.0120210647583008 0.00666332244873047
0.0573005676269531 0.0345344543457031 -0.00259780883789062 0.0315074920654297
0.0494499206542969 0.0413017272949219 0.0375633239746094 -0.00365829467773437
0.060333251953125 0.0335617065429687 0.0490188598632813 0.0205612182617188
0.0579490661621094 0.0171012878417969 0.0417709350585938 0.0149726867675781
0.0572242736816406 -0.00651168823242188 0.0401573181152344 0.00584030151367188
0.0418472290039063 -0.0241012573242188 0.0215606689453125 -0.00184059143066406
0.0250892639160156 -0.0407333374023438 0.00620603561401367 -0.000410556793212893
0.009857177734375 -0.0408592224121094 0.00143241882324219 0.0153665542602539
0.0109481811523437 -0.03765869140625 -0.00396919250488281 0.0292644500732422
0.00883865356445312 -0.0413703918457031 -0.0114784240722656 0.03924560546875
0.0170059204101563 -0.0422554016113281 -0.0259475708007812 0.0363655090332031
0.0333595275878906 -0.0338058471679688 -0.0349082946777344 0.0312976837158203
0.0453453063964844 -0.022735595703125 -0.0334434509277344 0.0118579864501953
0.053009033203125 0.00636672973632813 -0.0239772796630859 -0.000743865966796874
0.0577735900878906 0.0244979858398437 0.00620746612548828 0.0106754302978516
0.0503883361816406 0.0350151062011719 0.0141754150390625 0.0448532104492188
0.0363616943359375 0.0292396545410156 0.0518112182617188 0.00419235229492188
0.049072265625 0.0219650268554688 0.0574951171875 0.0194587707519531
0.0452651977539063 0.00719451904296875 0.0388069152832031 0.0135688781738281
0.0411758422851563 -0.0108680725097656 0.03240966796875 0.0102138519287109
0.0268077850341797 -0.021881103515625 0.0157632827758789 0.00808048248291015
0.0124568939208984 -0.0322837829589844 0.00305366516113281 0.0134057998657227
0.0035858154296875 -0.0269622802734375 0.00295448303222656 0.0303611755371094
0.00437545776367187 -0.0242481231689453 -0.00119781494140625 0.0421524047851563
0.00577545166015625 -0.0284671783447266 -0.0107498168945312 0.0500717163085938
0.0111846923828125 -0.0290565490722656 -0.0280570983886719 0.0469779968261719
0.0256118774414062 -0.0238704681396484 -0.0373687744140625 0.0366706848144531
0.0355072021484375 -0.0149116516113281 -0.0329723358154297 0.0148983001708984
0.0412559509277344 0.00935745239257812 -0.0189571380615234 0.00257682800292969
0.0442695617675781 0.0240631103515625 0.0164127349853516 0.0180473327636719
0.0366096496582031 0.0310897827148437 0.0275077819824219 0.0585174560546875
0.0168209075927734 0.0122756958007813 0.0604476928710938 0.00472640991210938
0.0297966003417969 0.0105552673339844 0.0603828430175781 0.014556884765625
0.0263252258300781 -0.00147628784179687 0.0377311706542969 0.0111045837402344
0.0190582275390625 -0.0114879608154297 0.0275554656982422 0.0129680633544922
0.00920486450195313 -0.0155811309814453 0.0169200897216797 0.0147628784179688
-0.000822067260742188 -0.0156078338623047 0.00655174255371094 0.0247211456298828
-0.001190185546875 -0.00905418395996094 0.00702667236328125 0.037689208984375
0.000964641571044921 -0.00773811340332031 0.0036773681640625 0.0478897094726563
0.000569343566894532 -0.0109720230102539 -0.01080322265625 0.0555648803710938
0.00290107727050781 -0.0138435363769531 -0.0304183959960937 0.0518264770507813
0.0137395858764648 -0.0126495361328125 -0.03912353515625 0.0389938354492188
0.0209159851074219 -0.00826072692871094 -0.0354461669921875 0.0175285339355469
0.0244770050048828 0.00824165344238281 -0.0188179016113281 0.00457191467285157
0.0250186920166016 0.0173187255859375 0.0207328796386719 0.0241680145263672
0.0160331726074219 0.0195808410644531 0.0333175659179688 0.0685653686523437
0.0020747184753418 0.00859212875366211 -0.03924560546875 -0.0592613220214844
-0.00288224220275879 4.43458557128905E-05 -0.0160999298095703 -0.0222492218017578
-0.004913330078125 0.0040125846862793 0.0210723876953125 -0.00188636779785156
0.00172805786132812 0.00571870803833008 0.0442771911621094 -0.0194969177246094
0.00663566589355469 0.00312709808349609 0.0448951721191406 -0.0374794006347656
0.0056300163269043 -0.00290918350219727 0.028533935546875 -0.0608291625976562
0.00467967987060547 -0.0103511810302734 0.00856781005859375 -0.0621528625488281
0.00454425811767578 -0.0101356506347656 -0.00897216796875 -0.0482902526855469
0.00399398803710938 -0.010188102722168 -0.0148239135742188 -0.0373649597167969
0.00854396820068359 -0.0061039924621582 -0.0184192657470703 -0.0280590057373047
0.00892734527587891 -0.000585556030273438 -0.0267410278320313 -0.0144538879394531
0.00364065170288086 0.0075840950012207 -0.0310897827148437 -0.0120983123779297
-0.00657463073730469 0.00155067443847656 -0.0415077209472656 -0.0139808654785156
-0.00449275970458984 -0.00444650650024414 -0.0599098205566406 -0.0069580078125
-0.00351476669311523 0.00266313552856445 -0.0615882873535156 -0.00358581542968749
0.0243339538574219 0.0252780914306641 -0.0319175720214844 -0.0560150146484375
0.0205650329589844 0.0132999420166016 -0.00502490997314453 -0.0166568756103516
0.0166873931884766 0.0117654800415039 0.0264472961425781 0.00183296203613281
0.0220623016357422 0.0065460205078125 0.0484428405761719 -0.0155181884765625
0.0236644744873047 -0.00294876098632812 0.046051025390625 -0.0356788635253906
0.0190811157226563 -0.0185317993164063 0.0278968811035156 -0.0552406311035156
0.00942802429199218 -0.0293407440185547 0.00537490844726563 -0.0559768676757813
0.00878715515136719 -0.0265541076660156 -0.0099639892578125 -0.0395622253417969
0.00764846801757812 -0.0286235809326172 -0.0182991027832031 -0.0270919799804688
0.0140419006347656 -0.0253410339355469 -0.0215129852294922 -0.0205116271972656
0.0220394134521484 -0.0168590545654297 -0.0310726165771484 -0.00957679748535156
0.0230541229248047 -0.00482749938964844 -0.0335903167724609 -0.00986862182617188
0.0145454406738281 0.00606346130371094 -0.0417137145996094 -0.00884628295898438
0.0198993682861328 0.00403213500976562 -0.0552902221679687 -0.00119400024414063
0.0221118927001953 0.0122222900390625 -0.0571136474609375 0.00275421142578126
0.0424537658691406 0.0399589538574219 -0.0171928405761719 -0.0460128784179688
0.0396881103515625 0.0263633728027344 0.00661897659301758 -0.00444555282592773
0.0356674194335938 0.0204887390136719 0.0339946746826172 0.00426483154296875
0.0420303344726563 0.00581741333007812 0.0519180297851563 -0.0126075744628906
0.0386085510253906 -0.00965499877929688 0.0427742004394531 -0.0332069396972656
0.027679443359375 -0.0315628051757813 0.0239830017089844 -0.0488014221191406
0.0126609802246094 -0.0426673889160156 0.0042266845703125 -0.0426597595214844
0.00997543334960938 -0.041107177734375 -0.0087127685546875 -0.0228137969970703
0.00810241699218749 -0.04510498046875 -0.0180149078369141 -0.0118999481201172
0.0176925659179688 -0.0446586608886719 -0.0245590209960938 -0.00680923461914063
0.0305633544921875 -0.0296916961669922 -0.0352668762207031 0.000350952148437492
0.0359268188476563 -0.018646240234375 -0.0338878631591797 -0.00252342224121093
0.0348167419433594 0.00157546997070313 -0.0415420532226563 -0.00557327270507812
0.040283203125 0.00958251953125 -0.0437812805175781 0.00303649902343749
0.0415763854980469 0.020965576171875 -0.0411643981933594 0.01202392578125
0.0546493530273437 0.0460586547851562 0.00233268737792969 -0.0307331085205078
0.0573196411132813 0.034210205078125 0.0223636627197266 0.00533103942871094
0.0545272827148437 0.0244941711425781 0.0378303527832031 0.00852203369140625
0.0590667724609375 0.00293731689453125 0.0506324768066406 -0.009033203125
0.0487327575683594 -0.0167236328125 0.0368614196777344 -0.0254478454589844
0.0333213806152344 -0.0393562316894531 0.0146560668945313 -0.0349349975585938
0.0148887634277344 -0.0499725341796875 0.00289535522460937 -0.0253582000732422
0.0120201110839844 -0.0502510070800781 -0.00594520568847656 -0.00514793395996094
0.0073089599609375 -0.0519561767578125 -0.0128002166748047 0.00657272338867187
0.0165023803710938 -0.0538253784179687 -0.0252285003662109 0.00829315185546874
0.0361213684082031 -0.0418510437011719 -0.0361595153808594 0.0119743347167969
0.0425758361816406 -0.0270919799804688 -0.0371246337890625 0.00266265869140625
0.050445556640625 -0.0006256103515625 -0.0369110107421875 -0.00347518920898438
0.0565185546875 0.0140342712402344 -0.0299453735351562 0.00652503967285156
0.0576248168945312 0.0274848937988281 -0.0213642120361328 0.0203742980957031
0.05853271484375 0.0487632751464844 0.0198440551757813 -0.0202484130859375
0.0633811950683594 0.0367698669433594 0.0389862060546875 0.0157012939453125
0.0637245178222656 0.0199165344238281 0.0424728393554688 0.0155143737792969
0.0641441345214844 -0.00252151489257813 0.0464019775390625 -0.00214767456054688
0.0503120422363281 -0.0241127014160156 0.0276241302490234 -0.0102729797363281
0.0303840637207031 -0.0437774658203125 0.00964832305908203 -0.0170488357543945
0.0140953063964844 -0.0493888854980469 0.000317573547363283 -0.00444746017456055
0.0112838745117187 -0.0483169555664063 -0.00389480590820312 0.0128641128540039
0.0082855224609375 -0.0505409240722656 -0.0107383728027344 0.0253791809082031
0.0167427062988281 -0.053985595703125 -0.0259685516357422 0.0254306793212891
0.0373497009277344 -0.0425643920898438 -0.0343074798583984 0.0249233245849609
0.0506439208984375 -0.0307502746582031 -0.0353507995605469 0.00864410400390625
0.0573616027832031 -0.0016021728515625 -0.0316123962402344 -0.000743865966796874
0.0647315979003906 0.0187187194824219 -0.0124235153198242 0.00823783874511719
0.0588798522949219 0.0331306457519531 -0.00176048278808593 0.0322113037109375
0.0535354614257812 0.0399055480957031 0.0410003662109375 -0.00559616088867187
0.06329345703125 0.0291557312011719 0.0529098510742188 0.0172309875488281
0.0613441467285156 0.0146141052246094 0.0443458557128906 0.0155410766601563
0.0588912963867187 -0.0112152099609375 0.043182373046875 0.00388717651367187
0.0437126159667969 -0.0281867980957031 0.0226840972900391 0.000442504882812498
0.0223312377929688 -0.0417900085449219 0.00650882720947266 0.000988960266113279
0.00821304321289062 -0.0422554016113281 0.000842094421386721 0.0158176422119141
0.00931167602539062 -0.0406074523925781 -0.00127029418945313 0.0298805236816406
0.00701522827148438 -0.0436973571777344 -0.00772857666015625 0.0424156188964844
0.0172805786132813 -0.0446128845214844 -0.0260162353515625 0.042877197265625
0.0325126647949219 -0.0353736877441406 -0.0332527160644531 0.0336952209472656
0.0466232299804688 -0.0266532897949219 -0.0325164794921875 0.0146827697753906
0.0543746948242188 0.00577545166015625 -0.0243949890136719 0.00272941589355469
0.0605583190917969 0.021514892578125 0.005462646484375 0.0116968154907227
0.0542793273925781 0.0328102111816406 0.0170326232910156 0.0490798950195312
0.040985107421875 0.0267219543457031 0.051788330078125 0.000419616699218752
0.0507469177246094 0.019317626953125 0.0593833923339844 0.0165138244628906
0.0466880798339844 0.00404739379882813 0.0411262512207031 0.0123291015625
0.0432052612304688 -0.0134506225585938 0.0345191955566406 0.0103015899658203
0.0282993316650391 -0.0256118774414063 0.0191059112548828 0.00806427001953125
0.00979804992675781 -0.0334548950195313 0.0072317123413086 0.0153665542602539
0.00145530700683594 -0.0287609100341797 0.00571060180664062 0.0327281951904297
0.00447845458984375 -0.0226860046386719 0.0042266845703125 0.0428733825683594
0.00515556335449218 -0.0290298461914063 -0.0073089599609375 0.0529327392578125
0.00966644287109375 -0.0328083038330078 -0.0270042419433594 0.0515556335449219
0.0230484008789063 -0.0244045257568359 -0.035736083984375 0.0416755676269531
0.0347728729248047 -0.0178089141845703 -0.0333843231201172 0.0183525085449219
0.0456886291503906 0.0074310302734375 -0.0194225311279297 0.00333595275878906
0.0465545654296875 0.02215576171875 0.0178604125976563 0.0180492401123047
0.0389595031738281 0.029052734375 0.0297622680664062 0.0592269897460938
0.0174713134765625 0.0122919082641602 0.0632820129394531 0.001678466796875
0.0319423675537109 0.00807762145996094 0.0619239807128906 0.0118675231933594
0.0272312164306641 -0.00380516052246094 0.040069580078125 0.00835800170898437
0.0207691192626953 -0.0137538909912109 0.0298213958740234 0.0118522644042969
0.00576972961425781 -0.0181999206542969 0.0196304321289063 0.0144081115722656
-0.00308990478515625 -0.0144414901733398 0.00825691223144531 0.0232009887695313
-0.00238800048828125 -0.00687789916992188 0.0087890625 0.0368499755859375
0.00047159194946289 -0.00651931762695312 0.00823593139648438 0.0489616394042969
-0.000725746154785156 -0.0107688903808594 -0.00885391235351563 0.0589408874511719
0.000489234924316407 -0.0148372650146484 -0.0293960571289062 0.054534912109375
0.010767936706543 -0.0130405426025391 -0.03753662109375 0.0440330505371094
0.0198459625244141 -0.0102825164794922 -0.0341682434082031 0.0221939086914063
0.0271968841552734 0.00502777099609375 -0.0186519622802734 0.006103515625
0.0275058746337891 0.0157756805419922 0.02294921875 0.022979736328125
0.0170469284057617 0.0174427032470703 0.0376701354980469 0.0696487426757812
0.00339937210083008 0.0086674690246582 -0.0407371520996094 -0.05792236328125
-0.00243186950683594 -2.93254852294918E-05 -0.0162429809570313 -0.0203628540039062
-0.00409936904907227 0.0050816535949707 0.0209579467773438 -0.00342369079589844
0.00159978866577148 0.0058436393737793 0.0442619323730469 -0.0207977294921875
0.00678348541259766 0.000777721405029297 0.0432281494140625 -0.0410232543945313
0.00612545013427734 -0.00437545776367188 0.02642822265625 -0.0619888305664063
0.00193309783935547 -0.0121364593505859 0.00350189208984374 -0.0633316040039063
0.00354766845703125 -0.0106744766235352 -0.00965499877929687 -0.0466880798339844
0.00487232208251953 -0.0104770660400391 -0.0185108184814453 -0.0339164733886719
0.00906658172607422 -0.0081033706665039 -0.0208606719970703 -0.0265483856201172
0.00975990295410156 -0.000797271728515625 -0.0291042327880859 -0.0145587921142578
0.00489568710327149 0.00774002075195312 -0.0325355529785156 -0.0109500885009766
-0.00677919387817383 0.00466203689575195 -0.0439033508300781 -0.0136604309082031
-0.00629472732543945 -0.00210380554199219 -0.0613479614257813 -0.00590515136718749
-0.00128078460693359 0.00303316116333008 -0.0621376037597656 -0.000495910644531245
0.0266895294189453 0.0239391326904297 -0.0335884094238281 -0.0540199279785156
0.0209178924560547 0.0124988555908203 -0.00535011291503906 -0.0153217315673828
0.0173110961914063 0.0124931335449219 0.0267219543457031 0.000123977661132813
0.02301025390625 0.00545120239257813 0.0475387573242188 -0.0188331604003906
0.0227642059326172 -0.00578880310058594 0.043060302734375 -0.03802490234375
0.0178127288818359 -0.0201053619384766 0.0251121520996094 -0.0579643249511719
0.00811958312988281 -0.0308761596679687 0.00333404541015625 -0.0559959411621094
0.00632667541503906 -0.0287666320800781 -0.0106430053710938 -0.037445068359375
0.00669097900390625 -0.0300045013427734 -0.0192375183105469 -0.0245227813720703
0.01446533203125 -0.0295295715332031 -0.0245609283447266 -0.0190238952636719
0.0228004455566406 -0.0183734893798828 -0.0322055816650391 -0.0084381103515625
0.0226764678955078 -0.00593948364257813 -0.0349845886230469 -0.00713920593261718
0.0164213180541992 0.00422000885009766 -0.0427589416503906 -0.00839614868164063
0.0189380645751953 0.0051422119140625 -0.0560951232910156 0.00133514404296875
0.0229606628417969 0.0110282897949219 -0.055450439453125 0.00600814819335937
0.0460281372070313 0.0370025634765625 -0.0186347961425781 -0.0451316833496094
0.0424995422363281 0.0244255065917969 0.00856256484985352 -0.00577354431152344
0.038726806640625 0.0193061828613281 0.0337982177734375 0.00361824035644531
0.043792724609375 0.004150390625 0.0517234802246094 -0.0150909423828125
0.0386009216308594 -0.0130043029785156 0.0408897399902344 -0.0322685241699219
0.0277786254882813 -0.0342006683349609 0.0217628479003906 -0.0481338500976562
0.0103111267089844 -0.0435600280761719 0.00229263305664062 -0.0413780212402344
0.00838470458984375 -0.0425262451171875 -0.00946426391601563 -0.0232925415039063
0.00746536254882813 -0.0454330444335937 -0.0176219940185547 -0.00923538208007813
0.0155906677246094 -0.0453224182128906 -0.0273513793945313 -0.00596237182617188
0.0299205780029297 -0.0339622497558594 -0.0349521636962891 0.002532958984375
0.0364608764648438 -0.0196456909179688 -0.0363540649414063 -0.00139999389648437
0.0348014831542969 0.00108146667480469 -0.0417289733886719 -0.00315093994140624
0.041290283203125 0.0084686279296875 -0.0446319580078125 0.00566864013671875
0.0447731018066406 0.0179939270019531 -0.0421028137207031 0.0146293640136719
0.0574531555175781 0.0445823669433594 0.000694274902343752 -0.0312023162841797
0.0579452514648437 0.032012939453125 0.0231971740722656 0.00555419921875
0.0562973022460938 0.0212135314941406 0.0406265258789062 0.00934219360351563
0.0590591430664063 2.288818359375E-05 0.0510711669921875 -0.0092010498046875
0.0481834411621094 -0.0205116271972656 0.037353515625 -0.0244255065917969
0.0308647155761719 -0.0432090759277344 0.0150890350341797 -0.0346508026123047
0.0114250183105469 -0.0510177612304688 0.000499725341796875 -0.0235347747802734
0.00875091552734375 -0.0495376586914063 -0.00606203079223633 -0.00438451766967774
0.00502777099609375 -0.0525741577148437 -0.0141925811767578 0.00803470611572265
0.0143623352050781 -0.0556716918945313 -0.0262317657470703 0.0117645263671875
0.0325736999511719 -0.0443458557128906 -0.0359306335449219 0.0162925720214844
0.0434074401855469 -0.0304794311523438 -0.0377693176269531 0.00491714477539062
0.0503616333007813 -0.00299072265625 -0.0374603271484375 -0.000194549560546876
0.0587158203125 0.0109710693359375 -0.0299625396728516 0.00775718688964844
0.0581855773925781 0.0240020751953125 -0.0228061676025391 0.0237979888916016
0.0621910095214844 0.0428962707519531 0.0204639434814453 -0.0189361572265625
0.0673904418945313 0.0322608947753906 0.0400238037109375 0.0133247375488281
0.0654335021972656 0.0185813903808594 0.0449752807617188 0.0133018493652344
0.0640296936035156 -0.007293701171875 0.0471343994140625 -0.00341415405273438
0.0490303039550781 -0.0276374816894531 0.0305805206298828 -0.0139026641845703
0.0276985168457031 -0.0480918884277344 0.00916385650634766 -0.0174026489257813
0.00961685180664063 -0.0503005981445312 0.00157809257507324 -0.00318479537963868
0.00762557983398437 -0.0485877990722656 -0.00352287292480469 0.013819694519043
0.005615234375 -0.0520782470703125 -0.0105323791503906 0.0268535614013672
0.0131034851074219 -0.0539131164550781 -0.0240345001220703 0.0296440124511719
0.0331268310546875 -0.0446662902832031 -0.0338363647460938 0.0276031494140625
0.0462417602539063 -0.0342636108398438 -0.0357284545898438 0.0105667114257812
0.0570411682128906 -0.00302886962890625 -0.0320510864257812 0.00139427185058593
0.0658721923828125 0.0141563415527344 -0.0111455917358398 0.00969886779785156
0.06292724609375 0.0272331237792969 -0.00129318237304687 0.0353126525878906
0.0560836791992188 0.036041259765625 0.039306640625 -0.0066375732421875
0.0645980834960938 0.0258102416992188 0.0529327392578125 0.01702880859375
0.0629501342773438 0.01177978515625 0.0456466674804688 0.0136184692382813
0.0564765930175781 -0.0129013061523438 0.04217529296875 0.0031280517578125
0.0399551391601563 -0.02978515625 0.0233383178710938 -0.00259590148925781
0.0191307067871094 -0.0430335998535156 0.00557613372802734 0.000428199768066404
0.00537109375 -0.0423393249511719 0.00365638732910157 0.0152177810668945
0.00536346435546875 -0.0401115417480469 0.00105476379394531 0.0307445526123047
0.00358200073242187 -0.0443916320800781 -0.00651168823242188 0.0428085327148438
0.0111236572265625 -0.0461997985839844 -0.0230712890625 0.0419883728027344
0.0302352905273438 -0.0383453369140625 -0.0337982177734375 0.0365486145019531
0.0436744689941406 -0.0289268493652344 -0.033843994140625 0.0159378051757812
0.0554237365722656 0.00025177001953125 -0.0242195129394531 0.00359153747558593
0.0624542236328125 0.0179481506347656 0.00483322143554688 0.0118007659912109
0.05474853515625 0.0293006896972656 0.0183563232421875 0.0463600158691406
0.0388984680175781 0.02447509765625 0.0543289184570313 -0.00289535522460937
0.0516891479492188 0.01666259765625 0.0627937316894531 0.0152206420898438
0.0482864379882813 0.00150299072265625 0.0437660217285156 0.0112953186035156
0.0401268005371094 -0.0163497924804688 0.0356101989746094 0.00873565673828125
0.023712158203125 -0.0267715454101563 0.0203170776367188 0.00876998901367187
0.00704193115234375 -0.0313320159912109 0.00745010375976562 0.0157747268676758
-0.000314712524414066 -0.0278778076171875 0.00819015502929688 0.0302028656005859
0.003021240234375 -0.0256538391113281 0.00460433959960937 0.0424842834472656
0.00197982788085937 -0.0277805328369141 -0.00514602661132812 0.0541229248046875
0.00712776184082031 -0.0291576385498047 -0.0245285034179688 0.0527915954589844
0.0217208862304688 -0.0256080627441406 -0.0358848571777344 0.0433120727539062
0.0353507995605469 -0.0194549560546875 -0.0348129272460938 0.0199337005615234
0.0439605712890625 0.00592422485351563 -0.0197525024414062 0.00400543212890625
0.0473594665527344 0.0181007385253906 0.0171012878417969 0.016265869140625
0.0402603149414063 0.0257072448730469 0.0323410034179688 0.0574150085449219
0.0188522338867188 0.0103645324707031 0.0629997253417969 -0.002838134765625
0.0312061309814453 0.00524711608886719 0.0637435913085938 0.00962066650390625
0.0274124145507813 -0.00514602661132813 0.0406951904296875 0.00832366943359375
0.0175857543945313 -0.0157070159912109 0.0312385559082031 0.0122814178466797
0.00554847717285157 -0.0181255340576172 0.0205154418945313 0.0152263641357422
-0.0042724609375 -0.0134649276733398 0.0120353698730469 0.0244045257568359
-0.00392723083496094 -0.00815534591674805 0.012451171875 0.036773681640625
-0.00128650665283203 -0.0082554817199707 0.00930023193359375 0.0481491088867188
-0.000330924987792969 -0.00941371917724609 -0.00414657592773437 0.058441162109375
0.000643730163574219 -0.0127201080322266 -0.0270919799804687 0.0574111938476563
0.0101461410522461 -0.0138788223266602 -0.03692626953125 0.0440864562988281
0.0196037292480469 -0.0113048553466797 -0.0348033905029297 0.0220508575439453
0.0259456634521484 0.00400161743164063 -0.0191249847412109 0.00579452514648437
0.0267963409423828 0.0125961303710937 0.0215969085693359 0.0211181640625
0.0188980102539063 0.0166893005371094 0.039764404296875 0.06695556640625
0.00413322448730469 0.00997638702392578 -0.0416297912597656 -0.0568962097167969
-0.00144743919372559 0.000561237335205078 -0.0151138305664063 -0.0191421508789063
-0.0035252571105957 0.00468683242797852 0.0215740203857422 -0.00300788879394531
0.00352287292480469 0.00540733337402344 0.042816162109375 -0.0212020874023437
0.00667142868041992 0.000527381896972656 0.0411758422851563 -0.0417633056640625
0.00629711151123047 -0.00574207305908203 0.023773193359375 -0.061767578125
0.00178909301757813 -0.0131340026855469 0.00112152099609375 -0.0614471435546875
0.00311851501464844 -0.0124425888061523 -0.0113067626953125 -0.0455513000488281
0.00539112091064453 -0.011383056640625 -0.0190048217773437 -0.0321407318115234
0.00879096984863281 -0.00856399536132813 -0.0220985412597656 -0.0252513885498047
0.010991096496582 -0.00181198120117187 -0.0295810699462891 -0.0137042999267578
0.00583600997924805 0.00754213333129883 -0.0331153869628906 -0.0103321075439453
-0.00636959075927734 0.00513315200805664 -0.0441398620605469 -0.013397216796875
-0.00565338134765625 -0.00102138519287109 -0.0608749389648438 -0.00386428833007813
-0.0013129711151123 0.00385355949401855 -0.0612525939941406 0.00155258178710938
0.0275897979736328 0.0248985290527344 -0.0333328247070313 -0.0519752502441406
0.0214042663574219 0.0123424530029297 -0.00499248504638672 -0.0143861770629883
0.0182304382324219 0.0121269226074219 0.0272235870361328 -0.000555038452148437
0.0237789154052734 0.0045013427734375 0.0466995239257813 -0.0199356079101563
0.0234451293945313 -0.00725173950195313 0.0417404174804688 -0.0384140014648438
0.0170230865478516 -0.0213680267333984 0.0229339599609375 -0.0568618774414062
0.005523681640625 -0.0308990478515625 0.000843048095703129 -0.0541305541992188
0.0051422119140625 -0.0302791595458984 -0.0113296508789063 -0.0361595153808594
0.00576210021972656 -0.0310821533203125 -0.0209941864013672 -0.0225315093994141
0.0132827758789063 -0.0297698974609375 -0.0263690948486328 -0.0168018341064453
0.0221271514892578 -0.0192966461181641 -0.0334529876708984 -0.00665283203125
0.0232276916503906 -0.00645065307617188 -0.0346450805664063 -0.00661468505859374
0.0163383483886719 0.00478363037109375 -0.0432014465332031 -0.00712203979492188
0.0186843872070313 0.00587844848632813 -0.0541648864746094 0.00258255004882812
0.0232696533203125 0.0118579864501953 -0.0550498962402344 0.0080108642578125
0.0466880798339844 0.0359268188476563 -0.0186347961425781 -0.0424995422363281
0.0425567626953125 0.0223846435546875 0.00867414474487305 -0.00440692901611328
0.0398712158203125 0.0177040100097656 0.0339698791503906 0.00429725646972656
0.0431365966796875 0.0014190673828125 0.0503196716308594 -0.0157585144042969
0.0381240844726562 -0.0151443481445312 0.04058837890625 -0.03265380859375
0.0256195068359375 -0.0339984893798828 0.0196990966796875 -0.0475654602050781
0.00852584838867188 -0.0438804626464844 0.000988006591796878 -0.0403327941894531
0.00682067871093751 -0.0423736572265625 -0.00974082946777344 -0.0214424133300781
0.00474166870117188 -0.0461807250976563 -0.0183429718017578 -0.00712776184082032
0.0133934020996094 -0.0456619262695313 -0.0278568267822266 -0.00291633605957031
0.0292167663574219 -0.0338344573974609 -0.0360832214355469 0.00494384765625
0.0353279113769531 -0.0202293395996094 -0.0363006591796875 -0.000644683837890627
0.0359115600585937 0.000270843505859375 -0.0413856506347656 -0.00168228149414063
0.0406913757324219 0.00815963745117188 -0.0439567565917969 0.00735473632812499
0.0438041687011719 0.0175590515136719 -0.0417823791503906 0.0161819458007813
0.0582084655761719 0.0420875549316406 0.000495910644531254 -0.0299549102783203
0.0588188171386719 0.0293045043945312 0.0249156951904297 0.00528907775878906
0.0563888549804688 0.0194053649902344 0.0406570434570313 0.00930023193359375
0.0585556030273437 -0.00244140625 0.0511970520019531 -0.0105056762695313
0.0469131469726563 -0.0229682922363281 0.0359916687011719 -0.0234413146972656
0.0291175842285156 -0.043731689453125 0.0141353607177734 -0.0328350067138672
0.00925064086914062 -0.0514183044433594 0.000907897949218752 -0.0219955444335938
0.00649261474609375 -0.0485420227050781 -0.00659799575805664 -0.00300312042236328
0.00392913818359375 -0.0532989501953125 -0.0145225524902344 0.0100688934326172
0.0122489929199219 -0.054534912109375 -0.0263671875 0.0131034851074219
0.0315361022949219 -0.0441703796386719 -0.0358390808105469 0.0173377990722656
0.0425300598144531 -0.031707763671875 -0.0368614196777344 0.00728225708007812
0.0498504638671875 -0.00392913818359375 -0.0377578735351562 0.00147628784179687
0.0567817687988281 0.00956344604492187 -0.0294361114501953 0.00931358337402343
0.0572395324707031 0.0219764709472656 -0.0224590301513672 0.0257339477539063
0.0619926452636719 0.0407562255859375 0.0205135345458984 -0.0176868438720703
0.0661888122558594 0.0287055969238281 0.0403404235839844 0.0130233764648438
0.0652008056640625 0.01617431640625 0.0450019836425781 0.0135993957519531
0.0626869201660156 -0.00903701782226563 0.0482940673828125 -0.00355911254882813
0.0474624633789063 -0.0291252136230469 0.0298824310302734 -0.0129413604736328
0.0260963439941406 -0.0472679138183594 0.00989818572998047 -0.0162696838378906
0.00794601440429688 -0.0504570007324219 0.0010981559753418 -0.00275945663452149
0.00581741333007813 -0.0477066040039063 -0.00270938873291016 0.0149669647216797
0.00307083129882813 -0.0519485473632813 -0.00919914245605469 0.0277881622314453
0.0106925964355469 -0.0539283752441406 -0.0238285064697266 0.0298614501953125
0.0314826965332031 -0.0459747314453125 -0.0335140228271484 0.0288581848144531
0.0443916320800781 -0.0344734191894531 -0.0355110168457031 0.0129623413085938
0.0564384460449219 -0.00506973266601562 -0.0313873291015625 0.00347137451171875
0.0642166137695313 0.0120887756347656 -0.0116786956787109 0.0106544494628906
0.0612640380859375 0.0247650146484375 -0.00126647949218749 0.0356788635253906
0.0560798645019531 0.0330810546875 0.0396842956542969 -0.007965087890625
0.0641746520996094 0.0226554870605469 0.0535125732421875 0.0168571472167969
0.0618171691894531 0.009429931640625 0.0461463928222656 0.0139427185058594
0.0558738708496094 -0.0154838562011719 0.0420188903808594 0.002349853515625
0.0380439758300781 -0.0313339233398438 0.0242271423339844 -0.00131034851074219
0.0173187255859375 -0.0433311462402344 0.00762271881103516 0.00218629837036133
0.00363540649414062 -0.0419578552246094 0.00426483154296875 0.0160894393920898
0.00312423706054687 -0.0389938354492188 0.00205039978027344 0.0306262969970703
0.00258636474609375 -0.0426292419433594 -0.00580596923828125 0.0425910949707031
0.00943374633789062 -0.0443496704101563 -0.0223884582519531 0.0436515808105469
0.0277824401855469 -0.0383949279785156 -0.0327835083007813 0.0385971069335937
0.0410003662109375 -0.0301017761230469 -0.0334014892578125 0.0179691314697266
0.0541877746582031 -0.00192642211914063 -0.0251216888427734 0.00457191467285156
0.0607414245605469 0.0156135559082031 0.00468730926513672 0.0117597579956055
0.0556983947753906 0.0261497497558594 0.0182456970214844 0.0465621948242188
0.0402069091796875 0.02056884765625 0.0530052185058594 -0.0043487548828125
0.0503501892089844 0.0126762390136719 0.0613517761230469 0.0139198303222656
0.048370361328125 -0.000392913818359375 0.0441055297851563 0.0109176635742188
0.0390243530273438 -0.0183296203613281 0.0367622375488281 0.00783157348632812
0.0216865539550781 -0.0272274017333984 0.0213947296142578 0.00860404968261719
0.00482940673828125 -0.0302333831787109 0.00871467590332031 0.01641845703125
-0.00026893615722656 -0.0268173217773437 0.00843620300292969 0.0298614501953125
0.0009002685546875 -0.0245704650878906 0.00666427612304687 0.0412063598632813
0.000957489013671876 -0.0271568298339844 -0.00346755981445313 0.0531120300292969
0.00580024719238281 -0.0289268493652344 -0.0223312377929687 0.053192138671875
0.02081298828125 -0.0263824462890625 -0.0334053039550781 0.0439414978027344
0.0325660705566406 -0.0206489562988281 -0.03314208984375 0.0212974548339844
0.042938232421875 0.00188064575195312 -0.0199756622314453 0.00600051879882813
0.0465774536132812 0.0155601501464844 0.0170869827270508 0.0158491134643555
0.0403060913085938 0.0231399536132813 0.0330314636230469 0.0565681457519531
0.0191593170166016 0.00771713256835938 0.0612754821777344 -0.005035400390625
0.0298614501953125 0.00286674499511719 0.0635643005371094 0.00794219970703125
0.0265922546386719 -0.006103515625 0.0410842895507812 0.00761795043945313
0.0167703628540039 -0.0161418914794922 0.0328960418701172 0.0121517181396484
0.00409889221191406 -0.0178432464599609 0.0220870971679687 0.0139369964599609
-0.0064849853515625 -0.0121631622314453 0.0131702423095703 0.0243492126464844
-0.00464677810668945 -0.00646877288818359 0.0142021179199219 0.0362205505371094
-0.00126791000366211 -0.00662755966186523 0.00975799560546874 0.0461387634277344
-0.00182104110717773 -0.00833606719970703 -0.002838134765625 0.0581817626953125
-0.000125885009765625 -0.0111579895019531 -0.0248031616210937 0.0573577880859375
0.0086822509765625 -0.0137081146240234 -0.0352287292480469 0.0452537536621094
0.0177078247070312 -0.0112724304199219 -0.0338573455810547 0.0223617553710938
0.0248146057128906 0.00299644470214844 -0.0189552307128906 0.00694465637207031
0.0260238647460938 0.0103282928466797 0.0217781066894531 0.0201644897460938
0.0184192657470703 0.0142478942871094 0.0401954650878906 0.065338134765625
0.0051727294921875 0.0110692977905273 -0.0406150817871094 -0.0566444396972656
-7.30752944946288E-05 0.00151181221008301 -0.0139179229736328 -0.0186500549316406
-0.00203895568847656 0.00531768798828125 0.0220680236816406 -0.00283050537109375
0.00430536270141602 0.00514411926269531 0.0431327819824219 -0.0210914611816406
0.00781726837158203 -0.000247955322265625 0.0405845642089844 -0.0415115356445313
0.00657320022583008 -0.00713253021240234 0.0232086181640625 -0.0615806579589844
0.00181007385253906 -0.015009880065918 0.000705718994140619 -0.0615234375
0.00280189514160156 -0.0138216018676758 -0.0119438171386719 -0.044464111328125
0.00518131256103516 -0.0130720138549805 -0.0202522277832031 -0.0312614440917969
0.0101890563964844 -0.00998306274414063 -0.02301025390625 -0.0244216918945313
0.0119686126708984 -0.00147438049316406 -0.0304374694824219 -0.0132484436035156
0.00684547424316406 0.00748777389526367 -0.0331459045410156 -0.0104961395263672
-0.00535106658935547 0.00675773620605469 -0.0447883605957031 -0.0137367248535156
-0.00588274002075195 0.00078582763671875 -0.0606117248535156 -0.00355529785156251
-0.000523090362548828 0.00479316711425781 -0.0612411499023437 0.00218963623046875
0.0283737182617188 0.0254135131835938 -0.0316314697265625 -0.0508537292480469
0.0228557586669922 0.0125350952148438 -0.00360012054443359 -0.0135030746459961
0.0194931030273437 0.0113945007324219 0.0287570953369141 -0.000137329101562499
0.0245838165283203 0.00400352478027344 0.0471878051757813 -0.0191268920898438
0.0237102508544922 -0.00778579711914062 0.0412979125976562 -0.0377159118652344
0.0171890258789063 -0.0225276947021484 0.0226364135742187 -0.0560874938964844
0.00490951538085938 -0.0321102142333984 0.000614166259765625 -0.0530738830566406
0.00423812866210938 -0.0309219360351562 -0.0117263793945312 -0.0349407196044922
0.00539970397949219 -0.0325145721435547 -0.0209388732910156 -0.0210971832275391
0.0133495330810547 -0.0305538177490234 -0.0272426605224609 -0.0153980255126953
0.0224895477294922 -0.0193099975585938 -0.034576416015625 -0.00583839416503907
0.0238304138183594 -0.00612449645996094 -0.0356216430664063 -0.00682449340820313
0.0165996551513672 0.00606822967529297 -0.0431594848632813 -0.00733184814453125
0.0182647705078125 0.00677490234375 -0.0547447204589844 0.00326156616210938
0.0231342315673828 0.0129489898681641 -0.0549125671386719 0.00972747802734375
0.0469818115234375 0.0356826782226563 -0.0171928405761719 -0.0419769287109375
0.042755126953125 0.0222091674804688 0.00996589660644532 -0.00402736663818359
0.0406303405761719 0.0178298950195312 0.0356864929199219 0.00493621826171875
0.0431900024414063 0.00117111206054688 0.0506248474121094 -0.0153388977050781
0.0377693176269531 -0.0157928466796875 0.0403938293457031 -0.031646728515625
0.0255241394042969 -0.0351943969726563 0.0193519592285156 -0.0462226867675781
0.0078125 -0.0447044372558594 0.000804901123046877 -0.0386543273925781
0.00533676147460938 -0.0436668395996094 -0.00965499877929688 -0.0202560424804688
0.00415802001953125 -0.0466156005859375 -0.0184364318847656 -0.00567245483398438
0.0133323669433594 -0.0459785461425781 -0.0281620025634766 -0.00164222717285157
0.0289211273193359 -0.0348396301269531 -0.0365715026855469 0.00593185424804688
0.0357742309570312 -0.0209617614746094 -0.0372200012207031 0.000141143798828126
0.0362930297851563 0.0006103515625 -0.0418052673339844 -0.0013275146484375
0.0407142639160156 0.00876617431640625 -0.0441703796386719 0.00785064697265624
0.043212890625 0.0180435180664063 -0.041412353515625 0.0178070068359375
0.0593376159667969 0.0416412353515625 0.00144004821777344 -0.0284957885742188
0.0587959289550781 0.0290031433105469 0.025482177734375 0.00654983520507813
0.057281494140625 0.0193557739257813 0.0418014526367188 0.0112800598144531
0.0576553344726563 -0.00342178344726563 0.0515594482421875 -0.00910186767578125
0.0463790893554687 -0.0237083435058594 0.0359458923339844 -0.0227890014648438
0.02838134765625 -0.0444450378417969 0.0150947570800781 -0.0313053131103516
0.00879669189453124 -0.0515098571777344 0.00132179260253906 -0.0208053588867188
0.0061187744140625 -0.0490570068359375 -0.00575160980224609 -0.00272035598754883
0.00362396240234375 -0.0532379150390625 -0.0147848129272461 0.0117521286010742
0.0118484497070313 -0.0539169311523437 -0.026611328125 0.0149974822998047
0.0307273864746094 -0.04461669921875 -0.0358810424804688 0.0181884765625
0.0422134399414063 -0.0318107604980469 -0.0373191833496094 0.00773239135742187
0.0498886108398438 -0.0039825439453125 -0.0375862121582031 0.0023651123046875
0.0572166442871094 0.00940704345703125 -0.0291156768798828 0.0100975036621094
0.0569801330566406 0.0217208862304688 -0.0232563018798828 0.0268592834472656
0.0620155334472656 0.0402336120605469 0.0208282470703125 -0.0171699523925781
0.0655288696289063 0.0281829833984375 0.04058837890625 0.0146598815917969
0.0652999877929688 0.0163803100585937 0.0456581115722656 0.0147323608398438
0.0625381469726563 -0.01019287109375 0.0492019653320313 -0.0021209716796875
0.0466880798339844 -0.0293960571289063 0.0309314727783203 -0.0122261047363281
0.0255546569824219 -0.047119140625 0.0108051300048828 -0.0141029357910156
0.0062713623046875 -0.0500411987304688 0.00215041637420654 -0.00126898288726807
0.00398635864257812 -0.0470352172851563 -0.0017404556274414 0.0155363082885742
0.00237274169921876 -0.0514144897460938 -0.00927543640136718 0.0290927886962891
0.00992202758789063 -0.0528602600097656 -0.0240383148193359 0.0315132141113281
0.0301742553710938 -0.0452156066894531 -0.0342197418212891 0.0306148529052734
0.0436134338378906 -0.0353317260742188 -0.0355186462402344 0.0135993957519531
0.0569038391113281 -0.00584793090820313 -0.0310745239257812 0.0043487548828125
0.0640869140625 0.0112648010253906 -0.0113210678100586 0.0109176635742188
0.0612831115722656 0.0246734619140625 -0.00192642211914062 0.0369453430175781
0.05548095703125 0.0315818786621094 0.0390586853027344 -0.0079498291015625
0.0624427795410156 0.0213432312011719 0.0532073974609375 0.0170249938964844
0.0618476867675781 0.008697509765625 0.046875 0.015167236328125
0.055511474609375 -0.0156974792480469 0.0429534912109375 0.00336837768554687
0.0368576049804688 -0.0318031311035156 0.0254383087158203 9.72747802734355E-05
0.0162429809570313 -0.0417404174804688 0.00884056091308594 0.00411510467529297
0.00259780883789063 -0.0410957336425781 0.00507545471191406 0.0164365768432617
0.002899169921875 -0.0383415222167969 0.00244522094726562 0.0309658050537109
0.0019683837890625 -0.0423355102539063 -0.00506591796875 0.0434684753417969
0.00848007202148438 -0.0434150695800781 -0.0222663879394531 0.0441246032714844
0.026641845703125 -0.0387916564941406 -0.0326614379882813 0.0395278930664062
0.0409660339355469 -0.0311279296875 -0.0336761474609375 0.0179309844970703
0.0533256530761719 -0.00238418579101563 -0.0251216888427734 0.00506973266601562
0.0600128173828125 0.01397705078125 0.00506687164306641 0.0126819610595703
0.0547256469726563 0.0250282287597656 0.0172996520996094 0.0477142333984375
0.0401992797851563 0.0192604064941406 0.0529136657714844 -0.00414276123046875
0.0494003295898438 0.0117721557617188 0.0607528686523437 0.014892578125
0.0473594665527344 -5.7220458984375E-05 0.0450820922851563 0.0129852294921875
0.037933349609375 -0.0186004638671875 0.0373077392578125 0.00949478149414063
0.0206966400146484 -0.0274276733398438 0.0224723815917969 0.00911521911621094
0.00392723083496094 -0.0296154022216797 0.0103721618652344 0.0178337097167969
-0.00147628784179688 -0.0248489379882813 0.00962638854980469 0.0298728942871094
0.000543594360351563 -0.0239887237548828 0.006927490234375 0.0413398742675781
0.000345230102539061 -0.0259418487548828 -0.00292587280273437 0.0536689758300781
0.0052032470703125 -0.0283107757568359 -0.0221977233886719 0.0533828735351563
0.0195140838623047 -0.0260543823242188 -0.0332908630371094 0.0443458557128906
0.0311489105224609 -0.0215072631835938 -0.0332012176513672 0.0215721130371094
0.0420417785644531 0.00121307373046875 -0.0199985504150391 0.00650787353515625
0.0457839965820313 0.0144462585449219 0.0163135528564453 0.0160026550292969
0.0392227172851563 0.0212631225585938 0.0315208435058594 0.0578384399414062
0.0183944702148438 0.00664520263671875 0.0608329772949219 -0.00568771362304688
0.0288028717041016 0.00143241882324219 0.062896728515625 0.0078125
0.0257835388183594 -0.00725936889648437 0.04193115234375 0.00873947143554687
0.015380859375 -0.0163240432739258 0.0338249206542969 0.0127849578857422
0.00213050842285156 -0.01739501953125 0.023406982421875 0.0141506195068359
-0.00712108612060547 -0.0107822418212891 0.014862060546875 0.0238552093505859
-0.00396442413330078 -0.00476741790771484 0.0150852203369141 0.0349655151367188
-0.00144433975219727 -0.00515508651733399 0.00989913940429688 0.0458526611328125
-0.00190496444702148 -0.00655174255371094 -0.00269699096679687 0.0582695007324219
-0.000669479370117186 -0.0100326538085938 -0.0247344970703125 0.0579261779785156
0.00718498229980469 -0.0125150680541992 -0.0350837707519531 0.0457572937011719
0.016301155090332 -0.0118179321289063 -0.0341987609863281 0.0230331420898437
0.0241622924804688 0.00279808044433594 -0.0191936492919922 0.006622314453125
0.0244827270507813 0.00973892211914063 0.0207901000976563 0.0195655822753906
0.0183238983154297 0.0124416351318359 0.0389747619628906 0.0651092529296875
0.00651931762695313 0.0128946304321289 -0.0395278930664062 -0.0581092834472656
0.000743150711059571 0.00189828872680664 -0.0131893157958984 -0.018280029296875
-0.00130701065063476 0.00506877899169922 0.0236148834228516 -0.002593994140625
0.00544309616088867 0.00489664077758789 0.0442008972167969 -0.0210304260253906
0.00837230682373047 -0.00126552581787109 0.04180908203125 -0.0420875549316406
0.00755834579467773 -0.00869131088256836 0.0231552124023437 -0.0628738403320313
0.00125885009765625 -0.0162429809570313 0.000263214111328121 -0.06182861328125
0.00234031677246094 -0.0153322219848633 -0.0121841430664062 -0.04473876953125
0.00588226318359375 -0.0152769088745117 -0.0206584930419922 -0.0313835144042969
0.0106897354125977 -0.0112924575805664 -0.0245132446289063 -0.0245208740234375
0.0131301879882812 -0.00264644622802734 -0.0316219329833984 -0.0134620666503906
0.00815010070800781 0.00791120529174805 -0.0349807739257813 -0.0110530853271484
-0.00569725036621094 0.00792026519775391 -0.0457839965820312 -0.0145378112792969
-0.00623750686645508 0.00271987915039062 -0.0617904663085938 -0.00409698486328126
-0.000421047210693359 0.00680351257324219 -0.0616493225097656 0.00243759155273437
0.0295181274414063 0.0268993377685547 -0.0308494567871094 -0.0523262023925781
0.0242195129394531 0.0132541656494141 -0.00280094146728516 -0.01275634765625
0.0212802886962891 0.0122737884521484 0.0297412872314453 0.000802993774414063
0.0254135131835938 0.00298690795898438 0.0484275817871094 -0.0188560485839844
0.0245590209960938 -0.00911712646484375 0.042327880859375 -0.0375823974609375
0.017547607421875 -0.0244522094726562 0.0229606628417969 -0.0561676025390625
0.00485992431640625 -0.0337677001953125 0.00071334838867187 -0.0530242919921875
0.00411033630371094 -0.0327682495117188 -0.0119857788085938 -0.0349464416503906
0.00576210021972657 -0.0343685150146484 -0.0213451385498047 -0.0201530456542969
0.0145320892333984 -0.0319442749023438 -0.0285835266113281 -0.0148868560791016
0.0242462158203125 -0.0196857452392578 -0.0358314514160156 -0.00580978393554688
0.0255393981933594 -0.00580024719238281 -0.0371360778808594 -0.00660324096679687
0.0175991058349609 0.00676918029785156 -0.0446548461914063 -0.00725173950195313
0.0190906524658203 0.00855445861816406 -0.0557861328125 0.00368118286132812
0.0236339569091797 0.0145168304443359 -0.0566482543945313 0.0103492736816406
0.0484619140625 0.0373306274414063 -0.0155715942382812 -0.0424003601074219
0.0442695617675781 0.0233535766601563 0.0116157531738281 -0.00323390960693359
0.0424995422363281 0.0180931091308594 0.0376167297363281 0.00661087036132813
0.0448417663574219 0.00083160400390625 0.0525741577148438 -0.01458740234375
0.0381050109863281 -0.0165786743164063 0.041595458984375 -0.0313301086425781
0.0257568359375 -0.036865234375 0.0200729370117188 -0.0457496643066406
0.00751113891601563 -0.0465850830078125 0.00171661376953125 -0.0384063720703125
0.0048370361328125 -0.0447769165039063 -0.00962066650390625 -0.0195980072021484
0.0045928955078125 -0.048492431640625 -0.0190715789794922 -0.00358200073242188
0.0139198303222656 -0.0477943420410156 -0.0291271209716797 -0.000837326049804692
0.0304222106933594 -0.0359077453613281 -0.0384292602539063 0.00693893432617187
0.0378570556640625 -0.0210762023925781 -0.0393600463867188 0.000675201416015628
0.0376129150390625 0.00225067138671875 -0.0430068969726563 -0.0013427734375
0.0418968200683594 0.0111236572265625 -0.0446319580078125 0.00904464721679688
0.0443496704101563 0.0196762084960938 -0.0422172546386719 0.0198631286621094
0.0599632263183594 0.0427703857421875 0.00192070007324219 -0.0286579132080078
0.0594024658203125 0.0285911560058594 0.0273380279541016 0.00790214538574219
0.059295654296875 0.02008056640625 0.0442848205566406 0.0127410888671875
0.0591621398925781 -0.00405120849609375 0.0536117553710938 -0.00767898559570313
0.0474853515625 -0.0250663757324219 0.0374908447265625 -0.0219612121582031
0.02899169921875 -0.0450286865234375 0.0163154602050781 -0.0302333831787109
0.00863265991210938 -0.0523147583007813 0.00186538696289063 -0.0202865600585938
0.00473785400390626 -0.0500221252441406 -0.00581502914428711 -0.00168371200561524
0.0022430419921875 -0.0548057556152344 -0.0143795013427734 0.0139570236206055
0.0112876892089844 -0.0554084777832031 -0.0284976959228516 0.0169792175292969
0.0311088562011719 -0.0452117919921875 -0.0371437072753906 0.0203018188476562
0.0434494018554688 -0.0323219299316406 -0.0391654968261719 0.0078582763671875
0.051727294921875 -0.00391006469726563 -0.0391464233398438 0.00252532958984375
0.0579261779785156 0.0107421875 -0.0293617248535156 0.0117511749267578
0.0573234558105469 0.0223503112792969 -0.0237922668457031 0.0293941497802734
0.0632133483886719 0.0404052734375 0.0218944549560547 -0.0167102813720703
0.0659408569335938 0.0279006958007813 0.0425987243652344 0.0164031982421875
0.0672645568847656 0.0164108276367188 0.048309326171875 0.0169029235839844
0.0633163452148438 -0.0109786987304688 0.0511360168457031 -0.00101089477539063
0.0468292236328125 -0.0307884216308594 0.0329341888427734 -0.0106487274169922
0.025634765625 -0.0470695495605469 0.0125551223754883 -0.0124177932739258
0.00603866577148437 -0.0508689880371094 0.00339651107788086 0.000509977340698239
0.00420379638671875 -0.04815673828125 -0.00114250183105469 0.0163888931274414
0.001922607421875 -0.0516204833984375 -0.00954055786132813 0.0316562652587891
0.0089263916015625 -0.0538253784179688 -0.0247726440429688 0.0341167449951172
0.0302238464355469 -0.0461883544921875 -0.0350131988525391 0.0323772430419922
0.0438575744628906 -0.0359344482421875 -0.0364990234375 0.0143585205078125
0.0572853088378906 -0.00517654418945313 -0.0319652557373047 0.00514221191406251
0.064910888671875 0.0118484497070313 -0.0120153427124023 0.012455940246582
0.06146240234375 0.0243949890136719 -0.00207138061523437 0.0399131774902344
0.0560302734375 0.03125 0.0402030944824219 -0.00739669799804687
0.0622634887695312 0.0206069946289062 0.054534912109375 0.0189208984375
0.0629348754882813 0.00892257690429688 0.0488815307617188 0.0172805786132813
0.055877685546875 -0.0167579650878906 0.0454216003417969 0.00579452514648437
0.0370140075683594 -0.03216552734375 0.0266399383544922 0.000642776489257811
0.0159912109375 -0.042266845703125 0.0105056762695313 0.00435638427734375
0.002349853515625 -0.0407180786132812 0.00620651245117188 0.0176753997802734
0.00228118896484375 -0.0385475158691406 0.003021240234375 0.0322418212890625
0.00139617919921875 -0.0415191650390625 -0.00463104248046875 0.0460357666015625
0.00824356079101563 -0.0436286926269531 -0.0230941772460937 0.0465736389160156
0.0265884399414063 -0.0391693115234375 -0.0332412719726563 0.0417060852050781
0.0398178100585938 -0.0315055847167969 -0.035186767578125 0.0195808410644531
0.0534400939941406 -0.00283432006835938 -0.0254592895507813 0.00560379028320312
0.060638427734375 0.0134124755859375 0.00469207763671875 0.013920783996582
0.0555992126464844 0.0246086120605469 0.0176734924316406 0.050262451171875
0.0399055480957031 0.0185890197753906 0.0542869567871094 -0.00377655029296875
0.0494270324707031 0.0104789733886719 0.0618324279785156 0.0158309936523438
0.0484542846679688 -0.001434326171875 0.046905517578125 0.0142288208007813
0.0371627807617188 -0.0198135375976563 0.0389442443847656 0.0106048583984375
0.0197086334228516 -0.0279178619384766 0.0239429473876953 0.0104465484619141
0.00422859191894531 -0.0290889739990234 0.0125694274902344 0.0180072784423828
-0.00224876403808594 -0.0239791870117187 0.0107803344726563 0.0304737091064453
4.57763671874989E-05 -0.0226402282714844 0.007232666015625 0.0429000854492188
0.00103569030761719 -0.0250816345214844 -0.00260543823242187 0.0560493469238281
0.00490760803222656 -0.0270004272460938 -0.0235214233398437 0.0559883117675781
0.0187950134277344 -0.0262489318847656 -0.0341987609863281 0.0460395812988281
0.03070068359375 -0.0217266082763672 -0.0343647003173828 0.0227584838867188
0.0415878295898438 0.0009918212890625 -0.0210494995117187 0.00646781921386719
0.0454483032226562 0.0138664245605469 0.0160560607910156 0.016815185546875
0.0395355224609375 0.0202484130859375 0.0315780639648438 0.0603218078613281
0.01824951171875 0.00551414489746094 0.0616416931152344 -0.00518798828125
0.0289707183837891 0.000156402587890625 0.0640106201171875 0.00893020629882813
0.0263824462890625 -0.00828170776367187 0.0438919067382813 0.0102958679199219
0.0147743225097656 -0.0168867111206055 0.0352973937988281 0.0133094787597656
0.0013427734375 -0.0172672271728516 0.0248317718505859 0.0140647888183594
-0.00780868530273438 -0.0093536376953125 0.0165367126464844 0.0245380401611328
-0.00465679168701172 -0.00359916687011719 0.0157356262207031 0.0352058410644531
-0.00172853469848633 -0.00418496131896973 0.01080322265625 0.0461654663085937
-0.00118255615234375 -0.00529050827026367 -0.00241851806640625 0.05987548828125
-0.00167322158813477 -0.00846195220947266 -0.025482177734375 0.059234619140625
0.00739097595214844 -0.0120553970336914 -0.0361747741699219 0.0460052490234375
0.0159320831298828 -0.0118255615234375 -0.0353813171386719 0.0233154296875
0.0237808227539063 0.00274085998535156 -0.0200691223144531 0.00751304626464844
0.0234851837158203 0.00879669189453125 0.0202159881591797 0.0197868347167969
0.0179080963134766 0.0112133026123047 0.0390434265136719 0.0668220520019531
0.00862598419189453 0.0149116516113281 -0.0405960083007813 -0.0600814819335937
0.00234699249267578 0.00274825096130371 -0.0125503540039062 -0.0183238983154297
0.00142717361450195 0.00558614730834961 0.0258216857910156 -0.00262832641601562
0.00655841827392578 0.00434446334838867 0.0463829040527344 -0.0222816467285156
0.00946807861328125 -0.00209426879882813 0.042449951171875 -0.0438346862792969
0.00745487213134766 -0.0108146667480469 0.0232696533203125 -0.0649795532226563
0.000766754150390625 -0.0187034606933594 -0.000598907470703125 -0.0639839172363281
0.00189208984375 -0.0172090530395508 -0.0131034851074219 -0.0455818176269531
0.00532150268554688 -0.017730712890625 -0.0216102600097656 -0.0307445526123047
0.0115833282470703 -0.0138320922851562 -0.0268821716308594 -0.0242462158203125
0.0150270462036133 -0.00290966033935547 -0.0341644287109375 -0.0128078460693359
0.0103988647460937 0.00818824768066406 -0.0374679565429688 -0.0119171142578125
-0.0044097900390625 0.00974464416503906 -0.0490188598632813 -0.0150718688964844
-0.0052189826965332 0.00515985488891602 -0.0641593933105469 -0.0040283203125
7.34329223632814E-05 0.00889110565185547 -0.0646247863769531 0.00391387939453124
0.0322151184082031 0.0287914276123047 -0.0315399169921875 -0.0539512634277344
0.0260391235351563 0.0136928558349609 -0.00114631652832031 -0.0128812789916992
0.0238380432128906 0.0117435455322266 0.0327568054199219 0.00120735168457031
0.0276813507080078 0.00164794921875 0.0515098571777344 -0.0197677612304688
0.0259304046630859 -0.0109367370605469 0.0438575744628906 -0.038787841796875
0.0173168182373047 -0.0267791748046875 0.0231361389160156 -0.0576553344726563
0.003662109375 -0.0366554260253906 0.00062179565429688 -0.0536537170410156
0.00272560119628906 -0.0348606109619141 -0.0123863220214844 -0.0348644256591797
0.00489044189453125 -0.0378379821777344 -0.0220832824707031 -0.0187435150146484
0.0149421691894531 -0.0350570678710938 -0.0303325653076172 -0.0136642456054687
0.0265998840332031 -0.0219993591308594 -0.0388755798339844 -0.00395584106445313
0.0281925201416016 -0.00670623779296875 -0.0399055480957031 -0.00621414184570313
0.0194931030273438 0.00890159606933594 -0.0473175048828125 -0.00719833374023437
0.021148681640625 0.0109672546386719 -0.0577201843261719 0.00506973266601562
0.0249500274658203 0.0167865753173828 -0.0580482482910156 0.0128250122070312
0.0515861511230469 0.0392875671386719 -0.0155181884765625 -0.0428504943847656
0.0468711853027344 0.0233421325683594 0.013545036315918 -0.00218868255615234
0.045318603515625 0.0184326171875 0.0410423278808594 0.00747299194335938
0.0474739074707031 -0.00054931640625 0.0551567077636719 -0.014678955078125
0.0402297973632813 -0.0193290710449219 0.0436935424804688 -0.0320243835449219
0.0259819030761719 -0.0397109985351563 0.0209770202636719 -0.0460281372070313
0.00651931762695313 -0.0487213134765625 0.001556396484375 -0.0384025573730469
0.00379180908203125 -0.0476150512695313 -0.00900650024414063 -0.01861572265625
0.00337982177734375 -0.0519218444824219 -0.0191612243652344 -0.00197410583496094
0.0138740539550781 -0.0507164001464844 -0.0320415496826172 0.00231170654296875
0.0319938659667969 -0.0380935668945313 -0.0407142639160156 0.00909805297851563
0.0396766662597656 -0.0224647521972656 -0.0416183471679688 0.00178909301757813
0.0398521423339844 0.00288009643554688 -0.0449333190917969 -0.000488281249999992
0.0438995361328125 0.0120582580566406 -0.0457611083984375 0.0110359191894531
0.04559326171875 0.0208358764648438 -0.0439376831054688 0.0234794616699219
0.0632743835449219 0.0436592102050781 0.00317955017089844 -0.0290050506591797
0.0619125366210938 0.0293807983398437 0.0300083160400391 0.00937652587890625
0.0631637573242187 0.0194587707519531 0.0483589172363281 0.0144233703613281
0.0616455078125 -0.00603103637695313 0.0573387145996094 -0.0083160400390625
0.0480880737304688 -0.0267562866210938 0.0399703979492188 -0.0218544006347656
0.0292625427246094 -0.0474281311035156 0.0176563262939453 -0.0298061370849609
0.00744247436523438 -0.055023193359375 0.00305557250976562 -0.0190582275390625
0.00402069091796875 -0.052276611328125 -0.00521945953369141 0.000137805938720701
0.00182723999023438 -0.0573463439941406 -0.0142488479614258 0.0170783996582031
0.0115814208984375 -0.0578689575195313 -0.0291690826416016 0.0202713012695313
0.032440185546875 -0.0479736328125 -0.0395240783691406 0.0233116149902344
0.0445709228515625 -0.0340995788574219 -0.041290283203125 0.0102462768554687
0.0539131164550781 -0.00388717651367188 -0.0406570434570312 0.00432586669921875
0.0604095458984375 0.0109176635742188 -0.0299606323242187 0.0138759613037109
0.0604820251464844 0.0236167907714844 -0.0242576599121094 0.0331020355224609
0.0651206970214844 0.0404701232910156 0.0238018035888672 -0.0160617828369141
0.0680885314941406 0.0280380249023438 0.0455665588378906 0.0174064636230469
0.0704803466796875 0.0159835815429688 0.0522575378417969 0.0188140869140625
0.0654640197753906 -0.0122795104980469 0.0548591613769531 -0.000236511230468751
0.0479850769042969 -0.0321388244628906 0.0348377227783203 -0.0100421905517578
0.0258102416992187 -0.0489311218261719 0.0136499404907227 -0.011622428894043
0.005645751953125 -0.0521812438964844 0.00434589385986328 0.000812530517578122
0.00332260131835938 -0.0493011474609375 -0.000108718872070314 0.0187778472900391
0.00148773193359375 -0.0539894104003906 -0.00835800170898438 0.0358695983886719
0.00882339477539063 -0.0552406311035156 -0.0259132385253906 0.0376434326171875
0.0302963256835938 -0.0487861633300781 -0.0368576049804688 0.0361595153808594
0.0447540283203125 -0.0382461547851563 -0.0386428833007813 0.0169563293457031
0.0596389770507813 -0.006500244140625 -0.0338821411132812 0.0063018798828125
0.0672035217285156 0.0112571716308594 -0.0117740631103516 0.0144233703613281
0.0642013549804688 0.0249366760253906 -0.00210189819335938 0.0438652038574219
0.057952880859375 0.0309066772460937 0.0420494079589844 -0.00727081298828125
0.0640525817871094 0.0204124450683594 0.0576171875 0.0206298828125
0.0653343200683594 0.007171630859375 0.0533981323242188 0.0193748474121094
0.056976318359375 -0.0179214477539063 0.0485305786132813 0.006134033203125
0.0366630554199219 -0.0333786010742188 0.0293216705322266 0.00138092041015625
0.0163116455078125 -0.0426750183105469 0.0123071670532227 0.00557804107666015
0.001739501953125 -0.0410232543945313 0.0074462890625 0.0187568664550781
0.0016937255859375 -0.0386199951171875 0.00483131408691406 0.0342502593994141
0.000606536865234375 -0.0418891906738281 -0.00296783447265625 0.0497894287109375
0.00680160522460938 -0.0436172485351563 -0.0231208801269531 0.0512275695800781
0.0260086059570313 -0.0405654907226563 -0.03466796875 0.0455169677734375
0.0400199890136719 -0.0334320068359375 -0.0365715026855469 0.0221214294433594
0.055389404296875 -0.00400161743164063 -0.0266304016113281 0.00718116760253906
0.0620384216308594 0.0121917724609375 0.00583171844482422 0.0150671005249023
0.0568962097167969 0.0237579345703125 0.0183181762695313 0.0547599792480469
0.0410041809082031 0.0173225402832031 0.0555305480957031 -0.00423049926757812
0.0494384765625 0.00936508178710937 0.0649032592773438 0.0169944763183594
0.0499153137207031 -0.00286483764648438 0.050018310546875 0.0158271789550781
0.0377006530761719 -0.0204696655273437 0.0421905517578125 0.0116043090820312
0.0188808441162109 -0.0284347534179687 0.0266876220703125 0.0105342864990234
0.0036163330078125 -0.0284366607666016 0.0142097473144531 0.0189895629882812
-0.00247573852539062 -0.0235767364501953 0.0121173858642578 0.0314044952392578
-0.000278472900390627 -0.0223522186279297 0.00897598266601563 0.0444259643554688
-8.20159912109399E-05 -0.0244884490966797 -0.00127029418945312 0.059417724609375
0.00399589538574219 -0.0260772705078125 -0.0233116149902344 0.0598335266113281
0.0176887512207031 -0.0262889862060547 -0.0351943969726563 0.0496444702148437
0.0298957824707031 -0.0225753784179688 -0.0355148315429688 0.0245590209960937
0.0427284240722656 0.0001678466796875 -0.0219650268554687 0.007568359375
0.0465583801269531 0.01226806640625 0.0169620513916016 0.0177898406982422
0.0405006408691406 0.0194358825683594 0.0329933166503906 0.064300537109375
0.0185546875 0.00339698791503906 0.063873291015625 -0.00618362426757812
0.0278949737548828 -0.00158119201660156 0.0666580200195313 0.0088653564453125
0.0260486602783203 -0.0104560852050781 0.0465126037597656 0.0105094909667969
0.0139350891113281 -0.0182285308837891 0.0387420654296875 0.0144805908203125
-0.000694274902343751 -0.0172824859619141 0.0272140502929688 0.0140838623046875
-0.00803470611572265 -0.0074925422668457 0.0189609527587891 0.0246124267578125
-0.00502443313598633 -0.001922607421875 0.0173835754394531 0.0357322692871094
-0.00205683708190918 -0.00266861915588379 0.0117073059082031 0.0480537414550781
-0.000818967819213867 -0.00316953659057617 -0.001251220703125 0.0626144409179688
-0.00135993957519531 -0.00687313079833984 -0.0254173278808594 0.0623970031738281
0.00573444366455078 -0.01141357421875 -0.0372505187988281 0.0501518249511719
0.0143070220947266 -0.011601448059082 -0.0363197326660156 0.0254325866699219
0.0231437683105469 0.00115394592285156 -0.0212955474853516 0.00849151611328125
0.0233554840087891 0.00713729858398437 0.0205860137939453 0.0203685760498047
0.0176372528076172 0.00991439819335938 0.0402908325195312 0.0703964233398438
0.0105876922607422 0.0177230834960937 -0.04327392578125 -0.0610313415527344
0.00468254089355469 0.00332021713256836 -0.0118064880371094 -0.0186042785644531
0.00304651260375977 0.0047001838684082 0.0282669067382813 -0.00403022766113281
0.00879764556884765 0.00301933288574219 0.0478401184082031 -0.0253753662109375
0.0109052658081055 -0.00427341461181641 0.042327880859375 -0.0470085144042969
0.0072174072265625 -0.0137939453125 0.0211219787597656 -0.0677413940429688
-0.0010833740234375 -0.0209598541259766 -0.00308609008789062 -0.0653762817382813
0.000543594360351561 -0.0202827453613281 -0.0156135559082031 -0.0457611083984375
0.0040435791015625 -0.0214996337890625 -0.0239086151123047 -0.0296630859375
0.0124912261962891 -0.0169095993041992 -0.0300636291503906 -0.0227546691894531
0.0172271728515625 -0.00514411926269531 -0.0373344421386719 -0.0111122131347656
0.0132665634155273 0.00788402557373047 -0.0403938293457031 -0.0105667114257813
-0.00244712829589844 0.0122823715209961 -0.0518875122070312 -0.0138092041015625
-0.00440597534179688 0.00845956802368164 -0.066680908203125 -0.00183486938476562
0.00102710723876953 0.0116662979125977 -0.0658454895019531 0.00729751586914064
0.0362892150878906 0.0299263000488281 -0.0325927734375 -0.0546226501464844
0.0294361114501953 0.0131874084472656 5.34057617187523E-05 -0.0125331878662109
0.0267982482910156 0.01092529296875 0.0354461669921875 9.53674316406257E-05
0.0300006866455078 -0.000579833984375 0.0537452697753906 -0.0226936340332031
0.0270633697509766 -0.0137042999267578 0.0448112487792969 -0.0417976379394531
0.0167331695556641 -0.0306262969970703 0.02215576171875 -0.0587272644042969
0.00131607055664062 -0.0393218994140625 -0.00104904174804687 -0.0546722412109375
0.000514984130859377 -0.0376853942871094 -0.0132427215576172 -0.0342521667480469
0.0025787353515625 -0.0417442321777344 -0.0239810943603516 -0.0166893005371094
0.0142173767089844 -0.0384178161621094 -0.0332050323486328 -0.0113201141357422
0.0275726318359375 -0.0242481231689453 -0.0412216186523438 -0.001220703125
0.0308170318603516 -0.0084075927734375 -0.042572021484375 -0.00419616699218751
0.0220241546630859 0.00969314575195313 -0.0504913330078125 -0.00491714477539062
0.0227622985839844 0.0125694274902344 -0.058990478515625 0.00741958618164063
0.0268955230712891 0.0184421539306641 -0.0589752197265625 0.0171318054199219
0.0563697814941406 0.0391960144042969 -0.0166778564453125 -0.0431442260742187
0.0507850646972656 0.0223655700683594 0.0161323547363281 -0.00172805786132812
0.049957275390625 0.0165977478027344 0.0446586608886719 0.00671768188476563
0.0500984191894531 -0.00376510620117188 0.0589332580566406 -0.0171585083007813
0.0408706665039063 -0.0224075317382812 0.0450706481933594 -0.0341110229492188
0.0251693725585938 -0.0432853698730469 0.0209388732910156 -0.0465888977050781
0.00384902954101562 -0.0520591735839844 0.00170516967773437 -0.038421630859375
0.000724792480468749 -0.0499916076660156 -0.00967693328857422 -0.0168514251708984
0.000816345214843748 -0.0553855895996094 -0.0190563201904297 0.00118827819824218
0.0121307373046875 -0.0539703369140625 -0.0330848693847656 0.00651168823242188
0.032073974609375 -0.0415306091308594 -0.0424575805664063 0.0138320922851563
0.0411376953125 -0.0249595642089844 -0.0437278747558594 0.00479507446289062
0.042572021484375 0.00284957885742187 -0.0471839904785156 0.00241470336914062
0.0463180541992188 0.0123786926269531 -0.0468025207519531 0.0143356323242187
0.0481986999511719 0.0217552185058594 -0.0437393188476563 0.0276374816894531
0.0675735473632813 0.043548583984375 0.00386810302734375 -0.0286884307861328
0.0648117065429688 0.0274391174316406 0.033416748046875 0.00968360900878906
0.0664520263671875 0.0168838500976562 0.0530204772949219 0.0142402648925781
0.063751220703125 -0.00896453857421875 0.0604362487792969 -0.00933837890625
0.0487251281738281 -0.03021240234375 0.0421867370605469 -0.02301025390625
0.0278587341308594 -0.0510025024414063 0.0189857482910156 -0.0297431945800781
0.00487899780273438 -0.05712890625 0.00337982177734375 -0.0189228057861328
0.00127410888671875 -0.0547103881835937 -0.00409340858459473 0.00245070457458496
-0.00111007690429688 -0.0594215393066406 -0.0118808746337891 0.0210323333740234
0.00910568237304687 -0.0605201721191406 -0.0297126770019531 0.0249862670898438
0.0318489074707031 -0.0512123107910156 -0.0404281616210937 0.0282974243164063
0.0455589294433594 -0.0373611450195313 -0.043304443359375 0.0134468078613281
0.0563316345214844 -0.00550460815429688 -0.0421257019042969 0.00733947753906251
0.0629806518554688 0.0101242065429688 -0.0301856994628906 0.0167636871337891
0.0625953674316406 0.02276611328125 -0.0229988098144531 0.0384750366210938
0.0694046020507813 0.0386848449707031 0.0243568420410156 -0.0162792205810547
0.0705108642578125 0.0268173217773438 0.0491905212402344 0.0182952880859375
0.0737075805664063 0.013580322265625 0.0569114685058594 0.0181236267089844
0.0667610168457031 -0.0154457092285156 0.058349609375 -0.0012969970703125
0.0469207763671875 -0.0351219177246094 0.037628173828125 -0.0108146667480469
0.0245285034179688 -0.0517997741699219 0.0165004730224609 -0.0111865997314453
0.00281143188476562 -0.0529708862304688 0.00623703002929688 0.00222158432006836
0.000659942626953129 -0.0502281188964844 0.00152015686035156 0.0209922790527344
-0.000938415527343749 -0.0551681518554688 -0.00545883178710937 0.0392913818359375
0.00619888305664063 -0.05682373046875 -0.0249404907226562 0.04290771484375
0.0289726257324219 -0.0513534545898438 -0.0367088317871094 0.0415916442871094
0.0443878173828125 -0.0414199829101563 -0.0404586791992188 0.0215492248535156
0.0605697631835938 -0.00887298583984375 -0.0348014831542969 0.00922584533691406
0.0692787170410156 0.008941650390625 -0.0111169815063477 0.0166778564453125
0.0663833618164063 0.0230140686035156 -0.000102996826171867 0.0479850769042969
0.060821533203125 0.0290412902832031 0.0437965393066406 -0.00757980346679687
0.0651206970214844 0.0177078247070313 0.0617790222167969 0.0207862854003906
0.0680046081542969 0.0042877197265625 0.0572128295898438 0.0193862915039063
0.0572052001953125 -0.0207710266113281 0.0522613525390625 0.0065155029296875
0.03521728515625 -0.0353164672851563 0.0320339202880859 0.00109291076660156
0.0149497985839844 -0.0437469482421875 0.0147619247436523 0.00661182403564453
0.000488281250000004 -0.0409164428710938 0.0100116729736328 0.0207862854003906
0.000350952148437496 -0.0387992858886719 0.0076141357421875 0.03643798828125
-0.000354766845703127 -0.0423011779785156 -0.000274658203125003 0.0536880493164062
0.00482177734375 -0.0440025329589844 -0.0211372375488281 0.0562820434570312
0.0244903564453125 -0.0420265197753906 -0.0339546203613281 0.0501976013183594
0.0390548706054687 -0.035247802734375 -0.0375251770019531 0.0263023376464844
0.0564193725585938 -0.00638580322265625 -0.0271148681640625 0.00982856750488281
0.0636100769042969 0.009857177734375 0.00615024566650391 0.0166568756103516
0.0588111877441406 0.0214576721191406 0.0210380554199219 0.0578575134277344
0.042327880859375 0.0147628784179688 0.0573539733886719 -0.00516891479492188
0.0500640869140625 0.00711441040039063 0.0687599182128906 0.0171356201171875
0.0505332946777344 -0.0059967041015625 0.0542564392089844 0.0157699584960938
0.0368728637695312 -0.0226821899414062 0.0458259582519531 0.0112571716308594
0.0165252685546875 -0.0288887023925781 0.0292472839355469 0.0102176666259766
0.0025177001953125 -0.0277976989746094 0.0168170928955078 0.018951416015625
-0.00256919860839844 -0.0218124389648438 0.0144252777099609 0.0321121215820313
-0.000967025756835935 -0.0208759307861328 0.0123443603515625 0.0457229614257813
-0.000333786010742189 -0.0232181549072266 0.00237655639648438 0.062957763671875
0.00299835205078125 -0.0251998901367188 -0.0209159851074219 0.0643501281738281
0.0166568756103516 -0.0261154174804688 -0.0337905883789062 0.054718017578125
0.0282840728759766 -0.0238018035888672 -0.0354270935058594 0.0285530090332031
0.0424308776855469 -0.00173568725585937 -0.0227565765380859 0.0103302001953125
0.0468330383300781 0.00983810424804688 0.0179958343505859 0.0185070037841797
0.0412864685058594 0.0167808532714844 0.03631591796875 0.0667495727539063
0.0181694030761719 0.000741958618164063 0.0653076171875 -0.008758544921875
0.0274486541748047 -0.00403213500976563 0.0700492858886719 0.00766372680664062
0.0254936218261719 -0.0134086608886719 0.0496330261230469 0.0102653503417969
0.0113487243652344 -0.0193576812744141 0.0421562194824219 0.0138397216796875
-0.0032806396484375 -0.0166807174682617 0.0304336547851563 0.0133609771728516
-0.00910854339599609 -0.00574588775634766 0.0223426818847656 0.023773193359375
-0.0037992000579834 0.000965833663940429 0.0200080871582031 0.0348701477050781
-0.00206351280212402 -0.00029599666595459 0.0149803161621094 0.0483245849609375
-0.000553011894226074 -0.00166046619415283 0.00220108032226563 0.0653076171875
-0.00176906585693359 -0.00456523895263672 -0.0234222412109375 0.0668525695800781
0.00497913360595703 -0.00969600677490234 -0.0363388061523437 0.0542678833007813
0.0134086608886719 -0.0116100311279297 -0.0373573303222656 0.0291252136230469
0.0228328704833984 0.000478744506835937 -0.0225067138671875 0.0101909637451172
0.0220813751220703 0.00473403930664063 0.0212135314941406 0.0206718444824219
0.0170249938964844 0.00743675231933594 0.04351806640625 0.0729446411132812
0.0146846771240234 0.0189113616943359 -0.0453910827636719 -0.0603561401367188
0.00737953186035156 0.0036468505859375 -0.0113639831542969 -0.0185985565185547
0.00542926788330078 0.00385904312133789 0.0296344757080078 -0.00610542297363281
0.0103931427001953 0.000682830810546875 0.0477066040039063 -0.0287322998046875
0.0111789703369141 -0.00635433197021484 0.040435791015625 -0.0495223999023438
0.00604438781738281 -0.0168113708496094 0.0172920227050781 -0.0686531066894531
-0.00312042236328125 -0.0232028961181641 -0.00693511962890624 -0.0651817321777344
-0.00209808349609375 -0.0220203399658203 -0.0178184509277344 -0.0443992614746094
0.00199127197265625 -0.0245208740234375 -0.0258636474609375 -0.0271053314208984
0.0118007659912109 -0.0202617645263672 -0.0316886901855469 -0.0198955535888672
0.018463134765625 -0.00757026672363281 -0.0394210815429688 -0.00799560546875
0.0159130096435547 0.00640296936035156 -0.0423126220703125 -0.00823974609375
0.000471115112304687 0.0143346786499023 -0.0543479919433594 -0.0108070373535156
-0.00198078155517578 0.0110721588134766 -0.067138671875 0.00143432617187499
0.00350379943847656 0.0146169662475586 -0.0652732849121094 0.0116539001464844
0.0407218933105469 0.0303878784179687 -0.0338249206542969 -0.0532989501953125
0.0322399139404297 0.0123214721679687 0.00153541564941406 -0.0124359130859375
0.0293483734130859 0.0084075927734375 0.0376815795898438 -0.00204086303710937
0.0310077667236328 -0.00332450866699219 0.0539398193359375 -0.0253410339355469
0.0260410308837891 -0.016937255859375 0.0432395935058594 -0.0440940856933594
0.0146961212158203 -0.0333690643310547 0.0200538635253906 -0.0594367980957031
-0.00221633911132813 -0.0410995483398438 -0.00333023071289063 -0.0545501708984375
-0.002655029296875 -0.0391845703125 -0.0145149230957031 -0.0321769714355469
-0.000747680664062502 -0.0439834594726563 -0.0239543914794922 -0.0133247375488281
0.0123329162597656 -0.0418281555175781 -0.0343570709228516 -0.00685501098632812
0.0281162261962891 -0.0278034210205078 -0.0419502258300781 0.00334167480468751
0.0325031280517578 -0.0102653503417969 -0.0441780090332031 -0.000625610351562499
0.0246868133544922 0.0105457305908203 -0.0514335632324219 -0.00160217285156249
0.0253829956054688 0.0141105651855469 -0.0586929321289063 0.0113029479980469
0.0293769836425781 0.0204029083251953 -0.0573005676269531 0.0219001770019531
0.0598030090332031 0.0381088256835937 -0.0164070129394531 -0.0415115356445312
0.0532341003417969 0.0198402404785156 0.0188980102539063 -0.00200080871582031
0.0519485473632813 0.0127716064453125 0.0484275817871094 0.00443267822265625
0.0502052307128906 -0.00775527954101562 0.0599021911621094 -0.0200996398925781
0.0397720336914063 -0.0256462097167969 0.0449180603027344 -0.0359268188476563
0.0217857360839844 -0.0463829040527344 0.0203742980957031 -0.0464706420898438
-0.000236511230468744 -0.0537338256835937 0.000156402587890628 -0.0374679565429688
-0.00274658203125 -0.0510406494140625 -0.00878047943115235 -0.0153064727783203
-0.00312042236328125 -0.0568046569824219 -0.0171709060668945 0.0047464370727539
0.00932312011718751 -0.0560417175292969 -0.0328502655029297 0.0112686157226563
0.03082275390625 -0.0442886352539063 -0.042724609375 0.018218994140625
0.0414924621582031 -0.0276756286621094 -0.0448150634765625 0.00901031494140625
0.0447540283203125 0.00196075439453125 -0.0479621887207031 0.00603866577148438
0.0483131408691406 0.01202392578125 -0.045196533203125 0.0179023742675781
0.0504684448242188 0.0213661193847656 -0.0415840148925781 0.0327568054199219
0.0706863403320313 0.04046630859375 0.00434303283691407 -0.0284614562988281
0.0669021606445313 0.024017333984375 0.0366020202636719 0.00952911376953125
0.0694541931152344 0.0137786865234375 0.0567893981933594 0.0114860534667969
0.0638046264648438 -0.0130424499511719 0.0622825622558594 -0.0122642517089844
0.0469894409179688 -0.0332832336425781 0.0431060791015625 -0.0243606567382813
0.0253791809082031 -0.0529708862304688 0.0196895599365234 -0.0296993255615234
0.000839233398437501 -0.0573883056640625 0.00421714782714844 -0.0176200866699219
-0.00219345092773437 -0.0548553466796875 -0.00187325477600098 0.00405836105346679
-0.00500106811523437 -0.06060791015625 -0.00931358337402344 0.0243644714355469
0.00477981567382812 -0.0615081787109375 -0.0279388427734375 0.0307102203369141
0.0289726257324219 -0.0536308288574219 -0.0390853881835938 0.0342559814453125
0.0440635681152344 -0.0406455993652344 -0.0431976318359375 0.0190277099609375
0.0573081970214844 -0.00732421875 -0.0424003601074219 0.011199951171875
0.0644187927246094 0.00810623168945312 -0.0281887054443359 0.0197124481201172
0.0644187927246094 0.0206985473632813 -0.0198287963867187 0.0428123474121094
0.0705184936523438 0.0357284545898438 0.0257835388183594 -0.0164318084716797
0.071441650390625 0.0223770141601563 0.0527610778808594 0.0176162719726563
0.0751266479492187 0.00933074951171875 0.060760498046875 0.01690673828125
0.0664787292480469 -0.0190238952636719 0.0609169006347656 -0.00362777709960938
0.0447540283203125 -0.0373764038085938 0.0392112731933594 -0.0118560791015625
0.0219192504882813 -0.0526161193847656 0.0182209014892578 -0.0112972259521484
0.000301361083984372 -0.0530815124511719 0.00815105438232422 0.00302362442016601
-0.001983642578125 -0.0495262145996094 0.00472831726074219 0.0227832794189453
-0.00467681884765625 -0.054656982421875 -0.00122451782226563 0.0420761108398438
0.00297927856445312 -0.0566749572753906 -0.0217857360839844 0.0479965209960937
0.0263710021972656 -0.0527420043945313 -0.0344314575195313 0.0465621948242188
0.0419807434082031 -0.0438156127929688 -0.039276123046875 0.0259628295898438
0.0607757568359375 -0.0121803283691406 -0.0343837738037109 0.0129623413085938
0.0699615478515625 0.00553512573242188 -0.00936698913574219 0.0192718505859375
0.0673294067382813 0.0196189880371094 0.0036468505859375 0.0513038635253906
0.0612564086914063 0.0251197814941406 0.0447006225585938 -0.00809860229492187
0.0645256042480469 0.0140380859375 0.0647621154785156 0.0194511413574219
0.0682144165039063 0.0008544921875 0.0612258911132813 0.0177536010742188
0.0553245544433594 -0.023590087890625 0.0550804138183594 0.00381088256835937
0.0324897766113281 -0.0363121032714844 0.0346946716308594 0.000190734863281248
0.0128440856933594 -0.0436286926269531 0.0177383422851563 0.00618171691894531
-0.00123214721679688 -0.0395317077636719 0.0122604370117188 0.0210361480712891
-0.00157928466796875 -0.0374679565429688 0.0103569030761719 0.0375747680664063
-0.0032501220703125 -0.040679931640625 0.0054168701171875 0.0559844970703125
0.0023193359375 -0.0430221557617188 -0.0167350769042969 0.0609512329101563
0.0210952758789063 -0.0412940979003906 -0.030853271484375 0.055389404296875
0.0360221862792969 -0.037109375 -0.0362358093261719 0.0306282043457031
0.0551490783691406 -0.0093536376953125 -0.0274143218994141 0.0133953094482422
0.0630378723144531 0.00582504272460938 0.00752067565917969 0.0180511474609375
0.0587272644042969 0.0180587768554688 0.025115966796875 0.0608177185058594
0.0422172546386719 0.01123046875 0.057586669921875 -0.00665283203125
0.0487594604492188 0.00275421142578125 0.0709686279296875 0.014678955078125
0.0486831665039063 -0.00948715209960938 0.0571823120117188 0.0142898559570313
0.0337314605712891 -0.0244636535644531 0.0490455627441406 0.0096282958984375
0.0138645172119141 -0.0285816192626953 0.0316944122314453 0.00866508483886718
0.0013580322265625 -0.0256137847900391 0.0208663940429688 0.0180377960205078
-0.00307846069335937 -0.0195426940917969 0.017333984375 0.0317230224609375
-0.00169944763183594 -0.0186901092529297 0.0156517028808594 0.0464973449707031
-0.00058937072753906 -0.0211429595947266 0.00765228271484375 0.0641288757324219
0.00197792053222656 -0.0231342315673828 -0.0167694091796875 0.0679435729980469
0.014068603515625 -0.0252342224121094 -0.0303421020507813 0.0583724975585937
0.0253734588623047 -0.0245552062988281 -0.0349578857421875 0.0322284698486328
0.0408363342285156 -0.00429534912109375 -0.0228347778320312 0.0124378204345703
0.0453262329101563 0.00639724731445313 0.0186939239501953 0.0192470550537109
0.0404396057128906 0.0132102966308594 0.04052734375 0.0683746337890625
0.0167913436889648 -0.00164890289306641 0.0648269653320313 -0.011077880859375
0.0256023406982422 -0.00645637512207031 0.0707778930664063 0.00539398193359375
0.0227756500244141 -0.0160427093505859 0.052001953125 0.00888824462890625
0.00788116455078125 -0.0201740264892578 0.0450057983398438 0.0118904113769531
-0.00573921203613281 -0.0142498016357422 0.0325546264648438 0.0115928649902344
-0.00907707214355469 -0.00248527526855469 0.0248870849609375 0.0219154357910156
-0.00263261795043945 0.0041191577911377 0.0217418670654297 0.03387451171875
-0.000357151031494141 0.0022425651550293 0.0174598693847656 0.0478591918945313
0.000654101371765137 0.00119471549987793 0.00678253173828125 0.0662384033203125
-0.00106954574584961 -0.00143992900848389 -0.0194282531738281 0.0699882507324219
0.00310373306274414 -0.00788736343383789 -0.033050537109375 0.057830810546875
0.0106887817382813 -0.0111713409423828 -0.0361328125 0.03253173828125
0.0199508666992188 -0.000600814819335938 -0.0224456787109375 0.0121593475341797
0.0203895568847656 0.00323677062988281 0.0216960906982422 0.0202770233154297
0.0151462554931641 0.00418853759765625 0.0475692749023437 0.0730133056640625
0.0181465148925781 0.0199699401855469 -0.0459136962890625 -0.0583076477050781
0.00962734222412109 0.00345325469970703 -0.0104141235351563 -0.0185146331787109
0.00791454315185547 0.0030217170715332 0.0300064086914062 -0.00812149047851562
0.011235237121582 -0.00113201141357422 0.0464744567871094 -0.0305976867675781
0.0104598999023438 -0.00915336608886719 0.0373916625976562 -0.0500297546386719
0.00341987609863281 -0.0194263458251953 0.0144004821777344 -0.0674934387207031
-0.00652885437011719 -0.02392578125 -0.00951385498046875 -0.0625190734863281
-0.00552749633789063 -0.0228633880615234 -0.0186882019042969 -0.0412445068359375
-0.00100135803222656 -0.0266208648681641 -0.0256595611572266 -0.0240287780761719
0.0105724334716797 -0.0234851837158203 -0.0323448181152344 -0.0159149169921875
0.0191688537597656 -0.0107135772705078 -0.0395660400390625 -0.00474166870117188
0.0186595916748047 0.00443649291992188 -0.04351806640625 -0.00532531738281251
0.00387287139892578 0.0146780014038086 -0.0545921325683594 -0.00841140747070311
0.00103378295898438 0.0135154724121094 -0.0655441284179688 0.00360870361328126
0.00623321533203125 0.0170841217041016 -0.0624809265136719 0.0140762329101562
0.0430831909179688 0.0295639038085938 -0.0336456298828125 -0.0508346557617188
0.0338382720947266 0.0100669860839844 0.00316905975341797 -0.0126047134399414
0.0312767028808594 0.00632476806640625 0.0390853881835938 -0.00485992431640625
0.0310401916503906 -0.00644683837890625 0.0526008605957031 -0.0279121398925781
0.0247383117675781 -0.0196876525878906 0.04156494140625 -0.0439186096191406
0.0120773315429687 -0.0358390808105469 0.0181427001953125 -0.0585174560546875
-0.00620651245117187 -0.0412788391113281 -0.00391387939453125 -0.0517807006835938
-0.00632858276367188 -0.0393104553222656 -0.0142574310302734 -0.0293178558349609
-0.00436019897460937 -0.0447235107421875 -0.0221042633056641 -0.00995254516601563
0.00987625122070313 -0.0435371398925781 -0.0336437225341797 -0.00212860107421875
0.0277843475341797 -0.0302772521972656 -0.0410423278808594 0.00699996948242187
0.0334281921386719 -0.0123844146728516 -0.0442276000976562 0.00279617309570312
0.0273246765136719 0.0109748840332031 -0.0511207580566406 0.000732421875000003
0.0272026062011719 0.0157623291015625 -0.0567054748535156 0.0135231018066406
0.0310516357421875 0.0208148956298828 -0.0532455444335938 0.0250778198242188
0.0616035461425781 0.0356178283691406 -0.0158653259277344 -0.0399932861328125
0.0538215637207031 0.0175437927246094 0.021026611328125 -0.00302886962890625
0.0527725219726562 0.0093994140625 0.0496025085449219 0.002227783203125
0.0494575500488281 -0.0106239318847656 0.059783935546875 -0.0218696594238281
0.0374526977539062 -0.027862548828125 0.0438003540039063 -0.0361671447753906
0.0187416076660156 -0.0477180480957031 0.0200233459472656 -0.0458831787109375
-0.00342178344726562 -0.0526580810546875 0.00135040283203125 -0.0357093811035156
-0.00605392456054687 -0.050201416015625 -0.00679206848144531 -0.0126180648803711
-0.00732803344726562 -0.0565986633300781 -0.0143289566040039 0.00781059265136718
0.00620269775390626 -0.05731201171875 -0.0306911468505859 0.0157279968261719
0.0292472839355469 -0.0458793640136719 -0.0403404235839844 0.022705078125
0.0411567687988281 -0.0295372009277344 -0.0438613891601563 0.0132408142089844
0.0453529357910156 0.000972747802734375 -0.0468826293945313 0.00902938842773438
0.0489692687988281 0.01141357421875 -0.0424728393554687 0.0199851989746094
0.0518379211425781 0.0213470458984375 -0.0371131896972656 0.0360183715820312
0.0711135864257812 0.037353515625 0.00550460815429688 -0.0271701812744141
0.066375732421875 0.0206756591796875 0.0393829345703125 0.00821304321289063
0.06866455078125 0.00963973999023438 0.0587997436523438 0.00935745239257813
0.0624427795410156 -0.0163040161132813 0.0631675720214844 -0.0144157409667969
0.0437698364257813 -0.0345077514648438 0.0433540344238281 -0.0254478454589844
0.0220832824707031 -0.0538864135742188 0.0203189849853516 -0.0287017822265625
-0.00223159790039063 -0.056121826171875 0.00583648681640625 -0.0162906646728516
-0.00564575195312501 -0.0524559020996094 0.00106096267700195 0.00592422485351562
-0.00789260864257813 -0.0589828491210937 -0.00531768798828125 0.0267982482910156
0.00239944458007812 -0.0604095458984375 -0.0242538452148438 0.0346031188964844
0.0267066955566406 -0.0536422729492187 -0.0357246398925781 0.038421630859375
0.04144287109375 -0.0413665771484375 -0.0413055419921875 0.022247314453125
0.0562782287597656 -0.00870132446289063 -0.0407485961914063 0.0145950317382813
0.0634994506835938 0.0065765380859375 -0.0256805419921875 0.0218296051025391
0.0637245178222656 0.0191307067871094 -0.0159454345703125 0.0454597473144531
0.0700569152832031 0.0324172973632813 0.0262508392333984 -0.0155105590820312
0.0689010620117188 0.0188407897949219 0.054595947265625 0.0162010192871094
0.0738525390625 0.005706787109375 0.0629005432128906 0.0144157409667969
0.0636024475097656 -0.021240234375 0.0619354248046875 -0.00474166870117188
0.0416107177734375 -0.03814697265625 0.0399589538574219 -0.0127601623535156
0.0192718505859375 -0.0519561767578125 0.0195388793945313 -0.0112018585205078
-0.00132369995117187 -0.0507621765136719 0.010106086730957 0.0031747817993164
-0.00394439697265625 -0.0467720031738281 0.00810623168945313 0.0232086181640625
-0.0071868896484375 -0.052642822265625 0.003570556640625 0.0436058044433594
0.000484466552734374 -0.0544891357421875 -0.0171699523925781 0.0506553649902344
0.0225372314453125 -0.0512123107910156 -0.0303192138671875 0.0509986877441406
0.0388031005859375 -0.0442924499511719 -0.0368118286132813 0.0301094055175781
0.0588035583496094 -0.0131301879882812 -0.0327587127685547 0.0158596038818359
0.0678901672363281 0.00294113159179687 -0.00722312927246093 0.0204639434814453
0.0653495788574219 0.0169029235839844 0.00683975219726563 0.053253173828125
0.0591163635253906 0.0212478637695313 0.0441207885742188 -0.00800323486328125
0.0612983703613281 0.0109481811523437 0.0661430358886719 0.017822265625
0.0653724670410156 -0.00341796875 0.06268310546875 0.0154800415039063
0.0523490905761719 -0.0252876281738281 0.0565147399902344 0.00253677368164062
0.0297985076904297 -0.0347709655761719 0.0357894897460938 -0.000988006591796877
0.0110206604003906 -0.0413093566894531 0.0199604034423828 0.0056610107421875
-0.00195693969726562 -0.0373992919921875 0.0142459869384766 0.0201396942138672
-0.00240325927734375 -0.0347499847412109 0.0141372680664063 0.03729248046875
-0.00372314453125 -0.0385398864746094 0.0100898742675781 0.0559768676757812
0.00109481811523438 -0.0400772094726563 -0.0117683410644531 0.06304931640625
0.0184707641601562 -0.0397453308105469 -0.0262794494628906 0.0580787658691406
0.0318641662597656 -0.0371894836425781 -0.0339908599853516 0.0337867736816406
0.0522308349609375 -0.0109710693359375 -0.0259933471679687 0.0154857635498047
0.06005859375 0.00326919555664063 0.00922012329101563 0.018463134765625
0.05596923828125 0.0145301818847656 0.02862548828125 0.0608673095703125
0.0398674011230469 0.008087158203125 0.0569534301757813 -0.00726318359375
0.0444908142089844 0.00042724609375 0.07080078125 0.0127639770507813
0.0451850891113281 -0.0113334655761719 0.058380126953125 0.0127029418945313
0.0302219390869141 -0.0237464904785156 0.050445556640625 0.00761032104492187
0.0111465454101562 -0.0257968902587891 0.0331096649169922 0.00690650939941406
0.000469207763671874 -0.0225582122802734 0.0226688385009766 0.0167922973632813
-0.00179958343505859 -0.0166282653808594 0.0192222595214844 0.0302066802978516
-2.86102294921918E-06 -0.0164165496826172 0.0180816650390625 0.0449142456054688
0.000446319580078127 -0.0184383392333984 0.0120124816894531 0.0634651184082031
0.00191307067871094 -0.0201168060302734 -0.01177978515625 0.0693473815917969
0.0118198394775391 -0.0228977203369141 -0.0261039733886719 0.0608139038085937
0.0226325988769531 -0.0228633880615234 -0.0327568054199219 0.0353202819824219
0.0372276306152344 -0.0051727294921875 -0.02191162109375 0.0144271850585937
0.0414772033691406 0.00436782836914063 0.0193080902099609 0.0185661315917969
0.0372314453125 0.0101051330566406 0.0429229736328125 0.0673713684082031
0.0137920379638672 -0.00419425964355469 0.0622024536132812 -0.013031005859375
0.0218296051025391 -0.00846481323242188 0.0702095031738281 0.00400161743164062
0.0190582275390625 -0.0170688629150391 0.0526657104492188 0.00757980346679688
0.00482368469238281 -0.0190067291259766 0.0467796325683594 0.00919723510742187
-0.00833415985107422 -0.010655403137207 0.0333480834960938 0.00883865356445313
-0.00866889953613281 0.00101280212402344 0.0260639190673828 0.0185298919677734
-0.00103330612182617 0.00642299652099609 0.0229682922363281 0.0313987731933594
0.00195884704589844 0.00470113754272461 0.0193138122558594 0.0452957153320313
0.00262641906738281 0.00330138206481934 0.0105018615722656 0.0641975402832031
-0.00021052360534668 0.00146257877349854 -0.0151596069335938 0.0701942443847656
0.00251579284667969 -0.00510931015014648 -0.0291976928710938 0.0596122741699219
0.00844955444335938 -0.00902080535888672 -0.0338096618652344 0.0342369079589844
0.0176067352294922 -0.000703811645507813 -0.0223541259765625 0.0136013031005859
0.0169057846069336 0.00200939178466797 0.0205001831054688 0.0192108154296875
0.0117473602294922 0.00236797332763672 0.0496139526367187 0.0715103149414062
0.0217361450195313 0.02044677734375 -0.0434150695800781 -0.0573959350585938
0.0126447677612305 0.00316333770751953 -0.00792884826660156 -0.0191287994384766
0.00943470001220703 0.00111484527587891 0.0297889709472656 -0.00944328308105469
0.011927604675293 -0.00404644012451172 0.0442466735839844 -0.0307464599609375
0.010157585144043 -0.0116901397705078 0.0357704162597656 -0.04888916015625
0.001708984375 -0.0214691162109375 0.0135498046875 -0.0651054382324219
-0.0099639892578125 -0.0247459411621094 -0.00914764404296875 -0.0600128173828125
-0.00736618041992187 -0.0237789154052734 -0.0168380737304688 -0.0390586853027344
-0.00386810302734375 -0.0279541015625 -0.0237960815429687 -0.0218696594238281
0.00859642028808594 -0.0258579254150391 -0.0313777923583984 -0.0128993988037109
0.0198860168457031 -0.0131206512451172 -0.0391349792480469 -0.00227355957031249
0.0199527740478516 0.00241851806640625 -0.0424842834472656 -0.00387191772460937
0.00754356384277344 0.0156135559082031 -0.0540275573730469 -0.00758361816406249
0.00471401214599609 0.0155553817749023 -0.0642776489257813 0.00293350219726563
0.00862884521484375 0.0192527770996094 -0.0590286254882813 0.0135498046875
0.0446968078613281 0.0294342041015625 -0.0308151245117187 -0.0501060485839844
0.0349159240722656 0.00930213928222656 0.00509738922119141 -0.0130453109741211
0.0316200256347656 0.00417327880859375 0.0397491455078125 -0.00540924072265625
0.0303134918212891 -0.00858688354492187 0.0517196655273437 -0.0273704528808594
0.0232868194580078 -0.0210132598876953 0.0406646728515625 -0.0425491333007813
0.0089874267578125 -0.036895751953125 0.0184326171875 -0.0557365417480469
-0.00810623168945313 -0.0413589477539063 -0.00320816040039063 -0.0492477416992188
-0.0084228515625 -0.0393486022949219 -0.0120353698730469 -0.0270023345947266
-0.00693893432617188 -0.0454521179199219 -0.0191841125488281 -0.00809288024902344
0.00839614868164062 -0.0447273254394531 -0.0314865112304688 0.000629425048828117
0.0272769927978516 -0.0319728851318359 -0.0399017333984375 0.0103645324707031
0.03466796875 -0.0139541625976563 -0.0428924560546875 0.00436019897460938
0.0297527313232422 0.0120449066162109 -0.0499343872070312 0.0021209716796875
0.0292091369628906 0.0171966552734375 -0.0539169311523438 0.0134315490722656
0.0324935913085938 0.0229377746582031 -0.0501937866210938 0.0255470275878906
0.0611228942871094 0.03521728515625 -0.0128707885742188 -0.0389595031738281
0.0527534484863281 0.0163383483886719 0.0227317810058594 -0.00311279296875
0.0524482727050781 0.00800704956054688 0.0501976013183594 0.00107192993164063
0.0483894348144531 -0.0123214721679688 0.0591201782226563 -0.0218315124511719
0.0350093841552734 -0.0286693572998047 0.0442581176757813 -0.0351181030273438
0.0161399841308594 -0.0475578308105469 0.0216026306152344 -0.0435218811035156
-0.00580978393554688 -0.0515174865722656 0.00250053405761718 -0.0339260101318359
-0.00787353515625001 -0.0489387512207031 -0.00442028045654297 -0.0110492706298828
-0.00849914550781249 -0.0557022094726563 -0.0111045837402344 0.00913047790527343
0.00514602661132813 -0.05712890625 -0.0271110534667969 0.0186920166015625
0.0287551879882813 -0.0463790893554688 -0.0379295349121094 0.0256462097167969
0.0413856506347656 -0.0297660827636719 -0.0416374206542969 0.0151557922363281
0.0463752746582031 0.00252151489257813 -0.0454521179199219 0.01025390625
0.0496482849121094 0.0129432678222656 -0.0402259826660156 0.0203742980957031
0.0512580871582031 0.0224456787109375 -0.0335922241210938 0.0366363525390625
0.0688552856445313 0.0361785888671875 0.00769996643066406 -0.0255718231201172
0.0640106201171875 0.0202255249023438 0.0407485961914063 0.007781982421875
0.0673141479492188 0.0084686279296875 0.0590438842773438 0.00813674926757813
0.0598869323730469 -0.0170326232910156 0.0631179809570312 -0.0139846801757813
0.0415534973144531 -0.0343437194824219 0.043548583984375 -0.0240745544433594
0.0199737548828125 -0.0524368286132812 0.0218677520751953 -0.0278186798095703
-0.00238037109375 -0.0540771484375 0.00811958312988281 -0.014765739440918
-0.00561141967773438 -0.05120849609375 0.00347089767456055 0.00640058517456054
-0.00912857055664063 -0.0572662353515625 -0.00116729736328125 0.0270462036132813
0.0014190673828125 -0.0591087341308594 -0.0207633972167969 0.036346435546875
0.02532958984375 -0.0526771545410156 -0.0327339172363281 0.0405845642089844
0.0411720275878906 -0.0406761169433594 -0.0387916564941406 0.0251502990722656
0.055877685546875 -0.0079803466796875 -0.0386123657226563 0.0159645080566406
0.0623970031738281 0.00731277465820313 -0.0232028961181641 0.0219669342041016
0.0617332458496094 0.0197067260742188 -0.0125198364257813 0.0466995239257812
0.0667877197265625 0.0310630798339844 0.0277633666992188 -0.0138607025146484
0.0654792785644531 0.018768310546875 0.05609130859375 0.0161972045898438
0.0710906982421875 0.00447845458984375 0.0638656616210938 0.01397705078125
0.0608062744140625 -0.0208663940429688 0.0625152587890625 -0.00513458251953125
0.0394668579101563 -0.0356826782226563 0.04107666015625 -0.012176513671875
0.0175399780273438 -0.0502166748046875 0.0217266082763672 -0.0101051330566406
-0.00116729736328124 -0.0483627319335938 0.0121488571166992 0.00426673889160156
-0.00343704223632812 -0.0445365905761719 0.0107078552246094 0.0235881805419922
-0.00679397583007813 -0.0504493713378906 0.007659912109375 0.043212890625
0.000820159912109376 -0.0518455505371094 -0.0134201049804688 0.0527839660644531
0.0220718383789063 -0.0493354797363281 -0.0266532897949219 0.0519256591796875
0.037139892578125 -0.0420875549316406 -0.0348281860351563 0.0322475433349609
0.0565567016601562 -0.0125541687011719 -0.0312461853027344 0.0176486968994141
0.0649833679199219 0.0037078857421875 -0.00512504577636718 0.021209716796875
0.0623207092285156 0.01708984375 0.00995635986328125 0.0546531677246094
0.0551834106445313 0.0203514099121094 0.0443801879882813 -0.0059661865234375
0.0575637817382813 0.0107574462890625 0.0664634704589844 0.01812744140625
0.0614547729492187 -0.00308990478515625 0.06353759765625 0.0146675109863281
0.0494728088378906 -0.0233688354492188 0.0577468872070312 0.0022125244140625
0.0276165008544922 -0.0321788787841797 0.036956787109375 -0.0017547607421875
0.0109748840332031 -0.0384025573730469 0.0216712951660156 0.00572776794433593
-0.000728607177734379 -0.0347213745117188 0.0160255432128906 0.0200538635253906
-0.000774383544921873 -0.0316448211669922 0.0156784057617187 0.0362701416015625
-0.0021820068359375 -0.0351181030273438 0.0133323669433594 0.0551109313964844
0.00157928466796875 -0.036376953125 -0.00864410400390625 0.0633316040039062
0.0176277160644531 -0.0366363525390625 -0.0225334167480469 0.0585289001464844
0.0302200317382813 -0.0338897705078125 -0.0314064025878906 0.0355300903320312
0.0489616394042969 -0.0101318359375 -0.0248126983642578 0.0167312622070313
0.0557098388671875 0.00295639038085938 0.0102062225341797 0.0190792083740234
0.0514259338378906 0.01373291015625 0.0298004150390625 0.0614814758300781
0.0352554321289063 0.0064544677734375 0.0552597045898438 -0.00518417358398438
0.0399284362792969 0.0003814697265625 0.0705032348632813 0.0141143798828125
0.0415306091308594 -0.0113296508789062 0.0586433410644531 0.0124435424804688
0.0275440216064453 -0.0221652984619141 0.0515365600585937 0.00699615478515625
0.00954818725585938 -0.0223922729492188 0.0340709686279297 0.00569534301757812
0.00137710571289063 -0.0193424224853516 0.0228099822998047 0.0148811340332031
-7.91549682617172E-05 -0.0147075653076172 0.0197353363037109 0.0287342071533203
0.00146865844726562 -0.0138406753540039 0.0192680358886719 0.0437545776367188
0.00223636627197265 -0.0155982971191406 0.0143508911132813 0.0616073608398438
0.00286197662353515 -0.0167112350463867 -0.00924682617187499 0.0691642761230469
0.0119667053222656 -0.0188236236572266 -0.0234146118164063 0.0605430603027344
0.0203514099121094 -0.0200138092041016 -0.0301361083984375 0.0361442565917969
0.0339088439941406 -0.00409507751464844 -0.0212326049804688 0.0158252716064453
0.0371170043945313 0.00381088256835938 0.0192108154296875 0.0185165405273438
0.0324497222900391 0.00912284851074219 0.0431327819824219 0.0676727294921875
0.0104007720947266 -0.00539398193359375 0.0595436096191406 -0.0113410949707031
0.017451286315918 -0.00949859619140625 0.0686264038085938 0.00500869750976563
0.0150651931762695 -0.0170412063598633 0.0529556274414062 0.00747299194335937
0.00175189971923828 -0.0162725448608398 0.0472259521484375 0.00812911987304687
-0.00879478454589844 -0.00757312774658203 0.0340499877929688 0.00707054138183594
-0.00686120986938477 0.00432777404785156 0.0253887176513672 0.0162353515625
0.00185537338256836 0.00788497924804688 0.0217761993408203 0.0302486419677734
0.00372076034545898 0.00632143020629883 0.0193214416503906 0.0434722900390625
0.00553178787231445 0.00541257858276367 0.0109939575195312 0.0622406005859375
0.00234651565551758 0.00431299209594727 -0.012664794921875 0.0690345764160156
0.00250792503356934 -0.00155425071716309 -0.026580810546875 0.0585975646972656
0.00684547424316406 -0.00601005554199219 -0.031951904296875 0.0347747802734375
0.0143594741821289 0.000240325927734375 -0.0226402282714844 0.0140380859375
0.012603759765625 0.00223922729492187 0.0197067260742188 0.0200405120849609
0.00733089447021484 0.00136995315551758 0.048065185546875 0.0702400207519531
0.0255584716796875 0.022247314453125 -0.0405731201171875 -0.0597381591796875
0.015507698059082 0.00200843811035156 -0.006622314453125 -0.0207023620605469
0.0112733840942383 -0.00104522705078125 0.0303611755371094 -0.00982093811035156
0.012293815612793 -0.00701999664306641 0.0446968078613281 -0.0304832458496094
0.00908565521240234 -0.0137481689453125 0.036224365234375 -0.0472450256347656
-0.00077056884765625 -0.0234699249267578 0.0151634216308594 -0.0631637573242188
-0.0116939544677734 -0.0262584686279297 -0.00720977783203125 -0.0589599609375
-0.009765625 -0.0252819061279297 -0.0152359008789062 -0.0387687683105469
-0.00716018676757812 -0.0299339294433594 -0.0217094421386719 -0.0207042694091797
0.00726509094238281 -0.0285682678222656 -0.0302066802978516 -0.0114402770996094
0.0199375152587891 -0.0158805847167969 -0.0384864807128906 -0.00104522705078126
0.0224189758300781 0.000324249267578125 -0.043060302734375 -0.00416564941406251
0.0108737945556641 0.0157365798950195 -0.0544891357421875 -0.00872039794921875
0.00814056396484375 0.0176715850830078 -0.0640678405761719 0.000278472900390623
0.0117073059082031 0.0215320587158203 -0.0580673217773438 0.0112800598144531
0.0471153259277344 0.0310440063476562 -0.0270614624023438 -0.0513572692871094
0.0363235473632813 0.00928878784179688 0.00823783874511719 -0.0141935348510742
0.0330219268798828 0.00284957885742188 0.0405006408691406 -0.00606536865234375
0.0307235717773437 -0.0103797912597656 0.0527534484863281 -0.0263099670410156
0.0221805572509766 -0.0226001739501953 0.0418930053710938 -0.0411834716796875
0.00696182250976563 -0.0379219055175781 0.0209312438964844 -0.0541954040527344
-0.00975799560546875 -0.0415534973144531 -0.000583648681640628 -0.048095703125
-0.00986099243164063 -0.0400924682617188 -0.00888442993164062 -0.0263214111328125
-0.00868988037109375 -0.0466575622558594 -0.0161781311035156 -0.00689792633056641
0.00740814208984375 -0.0468978881835938 -0.0291290283203125 0.00258636474609375
0.0285816192626953 -0.0338211059570313 -0.0387191772460937 0.0118675231933594
0.0363616943359375 -0.0149307250976562 -0.0428123474121094 0.00538253784179688
0.0327644348144531 0.0129318237304687 -0.0498542785644531 0.00125503540039063
0.0321121215820313 0.0197811126708984 -0.0533218383789063 0.0116233825683594
0.0345268249511719 0.0259456634521484 -0.0474815368652344 0.0244979858398438
0.061767578125 0.03729248046875 -0.00894546508789062 -0.0389289855957031
0.0530662536621094 0.0171279907226563 0.0258827209472656 -0.00351905822753906
0.0526199340820313 0.00717544555664063 0.0519371032714844 0.001007080078125
0.0478439331054688 -0.0127143859863281 0.0606613159179688 -0.0209617614746094
0.0347671508789062 -0.0288238525390625 0.0458526611328125 -0.0329475402832031
0.0155181884765625 -0.0483322143554688 0.0245742797851563 -0.0421218872070313
-0.006134033203125 -0.0517768859863281 0.00613975524902344 -0.0327739715576172
-0.0077972412109375 -0.049285888671875 -0.000718116760253907 -0.0104551315307617
-0.00913238525390625 -0.0565147399902344 -0.00745773315429687 0.0100002288818359
0.00529098510742188 -0.0576896667480469 -0.0249519348144531 0.0209770202636719
0.0297393798828125 -0.0473480224609375 -0.0362586975097656 0.0274848937988281
0.0433235168457031 -0.0300102233886719 -0.04132080078125 0.0161018371582031
0.0490798950195312 0.00393295288085937 -0.0447349548339844 0.0111274719238281
0.0513496398925781 0.0162315368652344 -0.0382537841796875 0.0189056396484375
0.0516433715820313 0.0258712768554688 -0.0304450988769531 0.0365791320800781
0.0677947998046875 0.0387382507324219 0.0116100311279297 -0.0247097015380859
0.0629920959472656 0.0218544006347656 0.04327392578125 0.00845718383789063
0.0659103393554688 0.00864410400390625 0.0608024597167969 0.00913619995117188
0.0597152709960938 -0.0153732299804688 0.0643386840820313 -0.0127601623535156
0.0411109924316406 -0.0326766967773438 0.0458564758300781 -0.0230140686035156
0.0200462341308594 -0.0518379211425781 0.0252799987792969 -0.0267543792724609
-0.00181961059570313 -0.0533828735351563 0.0111217498779297 -0.0143775939941406
-0.00537109375 -0.0495223999023437 0.00679254531860352 0.00701904296875
-0.008270263671875 -0.0566215515136719 0.002197265625 0.0280971527099609
0.00242233276367187 -0.0587196350097656 -0.0178070068359375 0.0385818481445312
0.0272712707519531 -0.0525741577148437 -0.0307693481445313 0.0424308776855469
0.0422401428222656 -0.039337158203125 -0.0373687744140625 0.0265693664550781
0.0565528869628906 -0.0054473876953125 -0.0377044677734375 0.016448974609375
0.0623855590820313 0.00991058349609375 -0.0213909149169922 0.0223140716552734
0.0604515075683594 0.0229682922363281 -0.00989532470703124 0.0473136901855469
0.0641441345214844 0.0327606201171875 0.0297622680664063 -0.01202392578125
0.063018798828125 0.0207633972167969 0.0579719543457031 0.0176315307617188
0.0691604614257813 0.00608062744140625 0.0652046203613281 0.0147972106933594
0.0601806640625 -0.0180778503417969 0.0640106201171875 -0.00423812866210938
0.0395393371582031 -0.0336494445800781 0.04327392578125 -0.0109748840332031
0.01947021484375 -0.0483818054199219 0.0244636535644531 -0.00975227355957031
0.000831604003906247 -0.0470962524414063 0.0147161483764648 0.0047311782836914
-0.00133132934570312 -0.0433464050292969 0.0133609771728516 0.0238552093505859
-0.00435638427734374 -0.049468994140625 0.0103034973144531 0.0437469482421875
0.00255203247070313 -0.0503730773925781 -0.0108528137207031 0.0541496276855469
0.0235023498535156 -0.0466461181640625 -0.0251617431640625 0.0531387329101563
0.0373764038085938 -0.0394134521484375 -0.0331974029541016 0.0332355499267578
0.0561294555664063 -0.009796142578125 -0.0302009582519531 0.0187931060791016
0.0631523132324219 0.00653457641601563 -0.00388908386230469 0.0218582153320313
0.0596427917480469 0.0194244384765625 0.0116653442382813 0.056671142578125
0.0514106750488281 0.0211029052734375 0.0457229614257813 -0.0029754638671875
0.0538063049316406 0.0126571655273437 0.0675621032714844 0.0207366943359375
0.0587272644042969 -0.000530242919921875 0.0650978088378906 0.0162239074707031
0.0484123229980469 -0.0204353332519531 0.0588722229003906 0.00338363647460937
0.0279426574707031 -0.0290241241455078 0.0383720397949219 -0.000705718994140627
0.013031005859375 -0.03643798828125 0.0235099792480469 0.00486564636230468
0.0022735595703125 -0.0332736968994141 0.0175266265869141 0.0204582214355469
0.00144577026367188 -0.0303115844726563 0.0175819396972656 0.0358238220214844
0.000728607177734375 -0.0339527130126953 0.0153465270996094 0.0546989440917969
0.00367164611816407 -0.0342750549316406 -0.00676345825195312 0.064056396484375
0.0186481475830078 -0.0331096649169922 -0.021453857421875 0.0594062805175781
0.0300483703613281 -0.0305156707763672 -0.029693603515625 0.0363655090332031
0.0473251342773438 -0.00726699829101563 -0.0235557556152344 0.0178661346435547
0.0527420043945313 0.00568771362304688 0.0111732482910156 0.0202808380126953
0.0485992431640625 0.0152854919433594 0.0304603576660156 0.0646934509277344
0.0318546295166016 0.006622314453125 0.0555953979492187 -0.00182342529296875
0.0363540649414063 0.00162506103515625 0.0705947875976563 0.0170745849609375
0.0373001098632813 -0.00921249389648438 0.0596961975097656 0.0143013000488281
0.0262279510498047 -0.0192604064941406 0.0528640747070313 0.00794219970703125
0.0103874206542969 -0.0189933776855469 0.0345706939697266 0.00554656982421875
0.00366687774658203 -0.0164632797241211 0.0237083435058594 0.0145034790039063
0.00331878662109375 -0.0121955871582031 0.01971435546875 0.0290279388427734
0.00439357757568359 -0.0117387771606445 0.0192527770996094 0.0433998107910156
0.00570583343505859 -0.0138559341430664 0.0149497985839844 0.0608482360839844
0.00569057464599609 -0.0135383605957031 -0.00743484497070313 0.0689544677734375
0.0128383636474609 -0.0152425765991211 -0.0220298767089844 0.0609016418457031
0.0196609497070313 -0.0160999298095703 -0.0296630859375 0.0361137390136719
0.0313873291015625 -0.00144004821777344 -0.0209178924560547 0.0161533355712891
0.0329704284667969 0.00529861450195312 0.0191078186035156 0.0206451416015625
0.0283088684082031 0.00918769836425781 0.0426445007324219 0.0702171325683594
0.00695180892944336 -0.00702190399169922 0.0587272644042969 -0.00798797607421875
0.0134954452514648 -0.00904273986816406 0.0677070617675781 0.00838851928710938
0.0112714767456055 -0.0158004760742188 0.0538406372070313 0.00910186767578125
0.000162124633789063 -0.0135707855224609 0.048248291015625 0.00873565673828125
-0.00925254821777344 -0.0042877197265625 0.033355712890625 0.0058441162109375
-0.00450038909912109 0.00669431686401367 0.0247955322265625 0.0155162811279297
0.00530624389648438 0.0103445053100586 0.0206851959228516 0.0293159484863281
0.00665283203125 0.00854110717773438 0.0177688598632813 0.0427970886230469
0.0087428092956543 0.0071406364440918 0.0105628967285156 0.06170654296875
0.0046696662902832 0.00665473937988281 -0.0126876831054687 0.0689277648925781
0.00349116325378418 0.0025031566619873 -0.0262069702148438 0.0583992004394531
0.00609779357910156 -0.00263881683349609 -0.0320091247558594 0.0350227355957031
0.0112895965576172 0.00244522094726562 -0.0228023529052734 0.0143165588378906
0.00752019882202148 0.0031890869140625 0.0180416107177734 0.02154541015625
0.0034339427947998 0.00125265121459961 0.0456619262695313 0.0729446411132813
0.0301704406738281 0.0227317810058594 -0.0384140014648438 -0.06439208984375
0.0190296173095703 0.000680923461914062 -0.00501441955566406 -0.0229892730712891
0.0132656097412109 -0.00341606140136719 0.0312042236328125 -0.0103073120117188
0.0132379531860352 -0.0104789733886719 0.0457572937011719 -0.0306854248046875
0.00824451446533203 -0.0167837142944336 0.0385398864746094 -0.04656982421875
-0.00389480590820313 -0.0264339447021484 0.018280029296875 -0.0637588500976563
-0.0149917602539062 -0.0283908843994141 -0.00485992431640626 -0.0601654052734375
-0.0124893188476562 -0.0269737243652344 -0.0129127502441406 -0.0394439697265625
-0.0104808807373047 -0.0324192047119141 -0.0192432403564453 -0.0213527679443359
0.00595664978027344 -0.031829833984375 -0.0284919738769531 -0.0111465454101563
0.0213298797607422 -0.0197486877441406 -0.0384483337402344 -0.000507354736328126
0.0251388549804688 -0.00269889831542969 -0.0442276000976563 -0.00374603271484374
0.0151376724243164 0.0165596008300781 -0.05694580078125 -0.0102653503417969
0.0127544403076172 0.0188770294189453 -0.0660057067871094 -0.00311279296875
0.0162277221679688 0.02392578125 -0.0573692321777344 0.00769805908203126
0.0505332946777344 0.0340652465820313 -0.023345947265625 -0.0548133850097656
0.0391578674316406 0.00902938842773438 0.01092529296875 -0.016047477722168
0.0352668762207031 0.0014495849609375 0.0425605773925781 -0.00606536865234375
0.0315570831298828 -0.0128040313720703 0.0549278259277344 -0.0262069702148438
0.0223522186279297 -0.0246562957763672 0.0457534790039062 -0.0405006408691406
0.00541687011718749 -0.0403060913085937 0.0247688293457031 -0.0551338195800781
-0.0120162963867188 -0.0435333251953125 0.00352096557617188 -0.0492630004882813
-0.011260986328125 -0.0416679382324219 -0.00609016418457032 -0.0273246765136719
-0.0107002258300781 -0.0497665405273438 -0.0124855041503906 -0.00699901580810547
0.00678253173828125 -0.0501136779785156 -0.0274238586425781 0.00411224365234375
0.0302886962890625 -0.0374488830566406 -0.0379829406738281 0.0134239196777344
0.040069580078125 -0.0171623229980469 -0.0436210632324219 0.00551986694335937
0.0372695922851563 0.0143890380859375 -0.0512008666992188 0.000682830810546885
0.0365409851074219 0.0231056213378906 -0.0535354614257812 0.00938796997070313
0.0380401611328125 0.0303611755371094 -0.0471916198730469 0.0220489501953125
0.0635833740234375 0.0412025451660156 -0.00443649291992187 -0.0409278869628906
0.0549736022949219 0.0190010070800781 0.0295925140380859 -0.00497817993164062
0.0550003051757813 0.0077362060546875 0.0543632507324219 0.00152206420898438
0.0494766235351563 -0.0133895874023438 0.0638275146484375 -0.0196342468261719
0.0352668762207031 -0.0286331176757813 0.0490608215332031 -0.0325279235839844
0.0150527954101563 -0.0496749877929687 0.0292167663574219 -0.0421218872070313
-0.00609207153320313 -0.0533332824707031 0.00998306274414063 -0.0336666107177734
-0.00818634033203125 -0.0510520935058594 0.00304031372070312 -0.0107269287109375
-0.0100440979003906 -0.0585861206054688 -0.00373554229736328 0.0111799240112305
0.00607681274414062 -0.0608749389648437 -0.0223388671875 0.0222339630126953
0.032196044921875 -0.0499076843261719 -0.0354652404785156 0.0304069519042969
0.047210693359375 -0.0313529968261719 -0.0412483215332031 0.0177879333496094
0.0535736083984375 0.00676727294921875 -0.0455474853515625 0.0111656188964844
0.0552520751953125 0.0198860168457031 -0.0379219055175781 0.0184555053710937
0.0540504455566406 0.030914306640625 -0.0293006896972656 0.0360488891601563
0.0682525634765625 0.0430107116699219 0.0160884857177734 -0.0246925354003906
0.06243896484375 0.0253219604492188 0.0479698181152344 0.00935745239257813
0.0678939819335938 0.0113525390625 0.06414794921875 0.0104866027832031
0.0615921020507813 -0.0144577026367188 0.0687217712402344 -0.0115203857421875
0.0430145263671875 -0.0321159362792969 0.049774169921875 -0.0223617553710938
0.0215377807617188 -0.0525779724121094 0.0301322937011719 -0.0265159606933594
-0.000679016113281252 -0.0547332763671875 0.0147600173950195 -0.0139732360839844
-0.0030059814453125 -0.0517921447753906 0.00992298126220703 0.00693607330322265
-0.00725936889648437 -0.0591850280761719 0.00576210021972656 0.0288295745849609
0.00395965576171876 -0.0608139038085938 -0.0145683288574219 0.0414199829101562
0.0299644470214844 -0.0528488159179687 -0.0287857055664062 0.0452156066894531
0.0453376770019531 -0.0393104553222656 -0.0372734069824219 0.0281257629394531
0.0601577758789063 -0.00238800048828125 -0.0382080078125 0.0177803039550781
0.0651016235351563 0.0144309997558594 -0.0206184387207031 0.0225906372070313
0.0618019104003906 0.0280380249023438 -0.00740814208984375 0.0498504638671875
0.06243896484375 0.0378494262695312 0.0343799591064453 -0.00982284545898437
0.061737060546875 0.0246009826660156 0.0620574951171875 0.0200920104980469
0.0696830749511719 0.00991439819335938 0.0686798095703125 0.0166358947753906
0.0622901916503906 -0.0159187316894531 0.0682258605957031 -0.002410888671875
0.0421943664550781 -0.0314483642578125 0.0466575622558594 -0.0115280151367188
0.02178955078125 -0.0478439331054688 0.0286197662353516 -0.009735107421875
0.003143310546875 -0.0476188659667969 0.0183563232421875 0.00505256652832031
0.0010528564453125 -0.0442924499511719 0.0164508819580078 0.0239906311035156
-0.00198745727539062 -0.0504035949707031 0.0137557983398438 0.0448532104492188
0.00459671020507813 -0.0516128540039063 -0.00833892822265624 0.0565261840820313
0.026458740234375 -0.0462417602539063 -0.0238800048828125 0.0561180114746094
0.0398483276367188 -0.0381126403808594 -0.0323085784912109 0.0349788665771484
0.0578842163085938 -0.00649642944335938 -0.0291271209716797 0.0197372436523438
0.0636558532714844 0.010589599609375 -0.00142669677734375 0.0232353210449219
0.0586433410644531 0.0236930847167969 0.0135879516601563 0.0600700378417969
0.0491943359375 0.0242500305175781 0.0495223999023438 0.000465393066406251
0.0507049560546875 0.0164566040039062 0.0711288452148438 0.0250320434570313
0.0579719543457031 0.00303268432617187 0.0683097839355469 0.0192642211914063
0.0495109558105469 -0.0170745849609375 0.0629425048828125 0.0043182373046875
0.0304317474365234 -0.025909423828125 0.0410575866699219 -0.000652313232421877
0.0160942077636719 -0.0342998504638672 0.0265560150146484 0.00568199157714843
0.00548553466796875 -0.0327072143554688 0.019561767578125 0.0207309722900391
0.00515937805175782 -0.0299148559570313 0.0196495056152344 0.0370101928710938
0.00464630126953125 -0.0337734222412109 0.0172309875488281 0.0562019348144531
0.00783729553222656 -0.0333442687988281 -0.00418853759765624 0.0664596557617187
0.0215415954589844 -0.03021240234375 -0.0197677612304688 0.0618515014648438
0.0320816040039063 -0.0273513793945312 -0.029388427734375 0.0377006530761719
0.0474662780761719 -0.00337982177734375 -0.0230655670166016 0.0190258026123047
0.0502510070800781 0.00966262817382813 0.0124797821044922 0.0216140747070313
0.0452194213867188 0.018768310546875 0.0320396423339844 0.0696296691894531
0.0281448364257813 0.00819587707519531 0.0584144592285156 0.00284194946289063
0.0324916839599609 0.00448417663574219 0.0736312866210938 0.0222244262695313
0.03570556640625 -0.00627517700195313 0.0632400512695313 0.0166244506835938
0.0255680084228516 -0.0151958465576172 0.055877685546875 0.00962066650390625
0.0113048553466797 -0.0149478912353516 0.0361709594726563 0.0056915283203125
0.00686454772949219 -0.0141658782958984 0.0241127014160156 0.0141506195068359
0.00765705108642578 -0.0117950439453125 0.0196666717529297 0.0305862426757813
0.00902938842773438 -0.0103750228881836 0.0192184448242188 0.0444564819335938
0.0103025436401367 -0.0137767791748047 0.0149421691894531 0.0618362426757813
0.00931739807128906 -0.0113153457641602 -0.0065765380859375 0.0713272094726562
0.0151863098144531 -0.0116434097290039 -0.0219650268554688 0.0626411437988281
0.0204124450683594 -0.0116825103759766 -0.0297813415527344 0.0378227233886719
0.0290660858154297 0.0023193359375 -0.0205173492431641 0.0174903869628906
0.0294685363769531 0.00887870788574219 0.0191974639892578 0.0231456756591797
0.0235805511474609 0.0114040374755859 0.0432586669921875 0.076324462890625
0.00312519073486328 -0.00780439376831055 0.0599555969238281 -0.00316619873046875
0.00934696197509766 -0.00831413269042969 0.0705032348632813 0.01287841796875
0.00762462615966797 -0.014251708984375 0.056793212890625 0.0111083984375
-0.00181388854980469 -0.0110855102539063 0.0507240295410156 0.00942230224609375
-0.009063720703125 -0.000381469726562502 0.0341358184814453 0.00552177429199219
-0.00226688385009766 0.0101289749145508 0.0245819091796875 0.0153350830078125
0.00864410400390625 0.0114164352416992 0.0194892883300781 0.0303897857666016
0.010310173034668 0.0101947784423828 0.0162887573242188 0.0449676513671875
0.0133457183837891 0.00854969024658203 0.00969696044921875 0.0622367858886719
0.00866985321044922 0.00852155685424805 -0.0132942199707031 0.0698738098144531
0.00508642196655274 0.00607776641845703 -0.0274581909179688 0.059051513671875
0.00527858734130859 0.00163030624389648 -0.0330123901367188 0.0357551574707031
0.00883769989013672 0.00543022155761719 -0.0237293243408203 0.0159950256347656
0.00308513641357422 0.00567626953125 0.0175132751464844 0.0236339569091797
-0.00156974792480469 0.0011371374130249 0.044769287109375 0.078125
0.037078857421875 0.0236053466796875 -0.037689208984375 -0.0713882446289063
0.0237693786621094 -0.00168037414550781 -0.00304603576660156 -0.0277805328369141
0.0163278579711914 -0.00730609893798828 0.03326416015625 -0.0123863220214844
0.0123844146728516 -0.0152177810668945 0.0481033325195313 -0.0313529968261719
0.00652313232421875 -0.0206336975097656 0.04168701171875 -0.048431396484375
-0.00844001770019531 -0.0301074981689453 0.0205001831054688 -0.0665245056152344
-0.0194320678710938 -0.0305328369140625 -0.00319290161132813 -0.0629196166992188
-0.0169925689697266 -0.0292911529541016 -0.01055908203125 -0.0422096252441406
-0.0150527954101562 -0.03570556640625 -0.0174064636230469 -0.0227603912353516
0.0024261474609375 -0.0365104675292969 -0.0274829864501953 -0.0110378265380859
0.0209999084472656 -0.0249881744384766 -0.0386466979980469 0.000801086425781242
0.0284900665283203 -0.00643157958984375 -0.0462188720703125 -0.00408554077148438
0.0202960968017578 0.0152149200439453 -0.0602493286132813 -0.0113525390625
0.0186138153076172 0.0200824737548828 -0.0698356628417969 -0.00577545166015625
0.0228843688964844 0.0274448394775391 -0.0607261657714844 0.00521850585937499
0.0569801330566406 0.0370216369628906 -0.0210418701171875 -0.0616378784179688
0.0439720153808594 0.00895309448242188 0.0143718719482422 -0.0197124481201172
0.0379104614257813 -0.00048065185546875 0.0456123352050781 -0.00804519653320313
0.0334300994873047 -0.0165138244628906 0.0588874816894531 -0.0273246765136719
0.0211811065673828 -0.027587890625 0.0497856140136719 -0.0416145324707031
0.00227737426757812 -0.0439338684082031 0.0293846130371094 -0.0573577880859375
-0.0150718688964844 -0.0460205078125 0.00673294067382813 -0.0514068603515625
-0.014129638671875 -0.044464111328125 -0.0017242431640625 -0.0289764404296875
-0.0146751403808594 -0.0535163879394531 -0.00910568237304688 -0.00784683227539063
0.0052032470703125 -0.0556678771972656 -0.0252265930175781 0.00476264953613281
0.0317459106445313 -0.042633056640625 -0.0377197265625 0.0153961181640625
0.0447616577148438 -0.0206108093261719 -0.0445175170898438 0.00732040405273438
0.0440559387207031 0.0149688720703125 -0.0540237426757813 0.00128173828125
0.0430831909179687 0.0259284973144531 -0.0560188293457031 0.00762939453125
0.044708251953125 0.0346260070800781 -0.046905517578125 0.0208702087402344
0.0688400268554688 0.0447616577148438 0.000328063964843756 -0.0452232360839844
0.0589141845703125 0.0209503173828125 0.0347118377685547 -0.00654029846191406
0.0573883056640625 0.0075225830078125 0.0601158142089844 0.0005645751953125
0.0510978698730469 -0.0149345397949219 0.0694427490234375 -0.0205459594726563
0.0364341735839844 -0.0316619873046875 0.05487060546875 -0.0336265563964844
0.0138740539550781 -0.0530357360839844 0.0342445373535156 -0.044219970703125
-0.00771713256835938 -0.0564117431640625 0.0149078369140625 -0.0350589752197266
-0.00880813598632813 -0.0536384582519531 0.00721359252929687 -0.0125637054443359
-0.0119171142578125 -0.0628166198730469 0.000887870788574219 0.0104303359985352
0.00491333007812499 -0.0658416748046875 -0.0188350677490234 0.0240669250488281
0.0346755981445312 -0.05419921875 -0.0333595275878906 0.0327720642089844
0.0518417358398438 -0.0344161987304688 -0.04132080078125 0.0202407836914063
0.0605392456054688 0.00728607177734375 -0.04608154296875 0.0120811462402344
0.0621452331542969 0.0238075256347656 -0.0385513305664062 0.0180320739746094
0.0592269897460938 0.0362548828125 -0.0272865295410156 0.0373687744140625
0.0711822509765625 0.0477371215820312 0.0226783752441406 -0.0263195037841797
0.066253662109375 0.028961181640625 0.0535736083984375 0.00815582275390625
0.0705795288085938 0.0133743286132813 0.0697517395019531 0.0099945068359375
0.06463623046875 -0.014068603515625 0.0749130249023438 -0.0118637084960937
0.045928955078125 -0.0331459045410156 0.05621337890625 -0.0231285095214844
0.0226821899414062 -0.0550994873046875 0.0357131958007813 -0.0282173156738281
-4.57763671875016E-05 -0.0582618713378906 0.0200519561767578 -0.0159549713134766
-0.00291824340820313 -0.0543174743652344 0.0145635604858398 0.00669574737548828
-0.00645828247070312 -0.0629158020019531 0.0110950469970703 0.0294456481933594
0.00537872314453125 -0.0644378662109375 -0.0106048583984375 0.043731689453125
0.0336723327636719 -0.0563850402832031 -0.0264091491699219 0.0490989685058594
0.0502090454101563 -0.04132080078125 -0.0367660522460938 0.0309829711914062
0.0658683776855469 -0.00064849853515625 -0.0378379821777344 0.0189666748046875
0.0701217651367188 0.0187492370605469 -0.0191154479980469 0.0230159759521484
0.0648002624511719 0.03326416015625 -0.00466918945312499 0.0517807006835938
0.0634841918945313 0.042236328125 0.0408439636230469 -0.009521484375
0.062286376953125 0.0299034118652344 0.0687408447265625 0.0222091674804688
0.0719680786132813 0.0134429931640625 0.0752029418945313 0.0170135498046875
0.0658531188964844 -0.0135841369628906 0.07525634765625 -0.0032501220703125
0.0457305908203125 -0.0308723449707031 0.0513801574707031 -0.0122222900390625
0.0248527526855469 -0.0495071411132812 0.03277587890625 -0.0116062164306641
0.00644302368164062 -0.0506591796875 0.0222892761230469 0.00459480285644531
0.00414276123046875 -0.0461692810058594 0.0203895568847656 0.0242214202880859
0.000389099121093751 -0.0522499084472656 0.0182647705078125 0.0465354919433594
0.0083770751953125 -0.0538139343261719 -0.0037689208984375 0.0595359802246094
0.0299835205078125 -0.04730224609375 -0.0206794738769531 0.0600166320800781
0.04425048828125 -0.03851318359375 -0.0311622619628906 0.0382499694824219
0.0616683959960937 -0.00323867797851562 -0.0293769836425781 0.0217494964599609
0.06622314453125 0.0142707824707031 4.76837158203179E-05 0.0238304138183594
0.060089111328125 0.0297355651855469 0.0184097290039063 0.0650482177734375
0.0478668212890625 0.0281562805175781 0.0549087524414063 0.00321197509765625
0.0507736206054688 0.020416259765625 0.0780105590820313 0.02740478515625
0.0588035583496094 0.00690841674804687 0.0743179321289063 0.0213546752929688
0.052642822265625 -0.0141716003417969 0.0682106018066406 0.00489425659179688
0.0339889526367188 -0.0234222412109375 0.0439605712890625 -0.00167465209960938
0.0205249786376953 -0.0350513458251953 0.0292205810546875 0.00542640686035156
0.0101261138916016 -0.0342826843261719 0.0234088897705078 0.0218105316162109
0.00971412658691406 -0.0314426422119141 0.0226249694824219 0.038360595703125
0.00835418701171875 -0.0354118347167969 0.0209693908691406 0.0583992004394531
0.0109386444091797 -0.0336341857910156 -0.00106430053710937 0.0700607299804687
0.0257778167724609 -0.0297183990478516 -0.0185661315917969 0.06488037109375
0.0352630615234375 -0.0246734619140625 -0.0283317565917969 0.0410728454589844
0.0482521057128906 0.0001983642578125 -0.0230941772460938 0.0212764739990234
0.0504913330078125 0.0134429931640625 0.0149860382080078 0.0245723724365234
0.0442008972167969 0.0230178833007813 0.0365829467773438 0.075347900390625
0.0252246856689453 0.0104331970214844 0.0628280639648438 0.00672531127929688
0.0296173095703125 0.00760269165039063 0.0799636840820313 0.026123046875
0.0343685150146484 -0.00338935852050781 0.0691032409667969 0.0193367004394531
0.0269832611083984 -0.0121326446533203 0.0608711242675781 0.0085906982421875
0.0137434005737305 -0.0129737854003906 0.0389747619628906 0.00518417358398438
0.0110626220703125 -0.0129194259643555 0.0262317657470703 0.0138969421386719
0.0122175216674805 -0.012115478515625 0.0215091705322266 0.0313320159912109
0.013422966003418 -0.0108766555786133 0.0209693908691406 0.0466270446777344
0.015385627746582 -0.0127191543579102 0.0169410705566406 0.0649948120117188
0.0142965316772461 -0.00970840454101563 -0.00556945800781249 0.0736083984375
0.0193195343017578 -0.00909233093261719 -0.0210800170898438 0.0655975341796875
0.0224552154541016 -0.00838088989257813 -0.0287322998046875 0.0402069091796875
0.0282783508300781 0.00722694396972656 -0.0204238891601563 0.0196552276611328
0.0266799926757813 0.0129299163818359 0.0208511352539063 0.0258541107177734
0.0201072692871094 0.0148963928222656 0.046173095703125 0.0830230712890625
-0.00149917602539062 -0.00837612152099609 0.0640144348144531 0.00154495239257812
0.00581645965576172 -0.00661516189575195 0.0747604370117188 0.0164413452148438
0.00341224670410156 -0.0115604400634766 0.062347412109375 0.0126991271972656
-0.00332784652709961 -0.00689888000488281 0.054901123046875 0.00886917114257813
-0.00842428207397461 0.00331974029541016 0.0356521606445313 0.00452804565429688
0.000616073608398438 0.0130243301391602 0.0239925384521484 0.0146541595458984
0.0143260955810547 0.0128984451293945 0.0184822082519531 0.0323486328125
0.0158166885375977 0.011469841003418 0.0161628723144531 0.04681396484375
0.0191745758056641 0.00964736938476563 0.00888824462890625 0.0657691955566406
0.0142126083374023 0.0114545822143555 -0.0128173828125 0.0725936889648438
0.00860786437988281 0.0107421875 -0.0277290344238281 0.0612716674804688
0.00646877288818359 0.00653409957885742 -0.0339927673339844 0.037689208984375
0.00542831420898438 0.0102243423461914 -0.0252113342285156 0.0186061859130859
-0.00203418731689453 0.00860929489135742 0.0176525115966797 0.0270347595214844
-0.0070796012878418 0.00250101089477539 0.0469741821289062 0.0863571166992187
0.0455207824707031 0.0223426818847656 -0.04052734375 -0.0795059204101563
0.028472900390625 -0.00638580322265625 -0.00427627563476563 -0.0323314666748047
0.0181217193603516 -0.0129108428955078 0.0348796844482422 -0.0157566070556641
0.0114917755126953 -0.0207500457763672 0.0499992370605469 -0.0347328186035156
0.00264358520507812 -0.0251331329345703 0.0443916320800781 -0.0512313842773438
-0.0148544311523437 -0.0320930480957031 0.0215606689453125 -0.0708847045898438
-0.0266208648681641 -0.0307388305664062 -0.00257492065429688 -0.0672950744628906
-0.0229969024658203 -0.0303726196289063 -0.009857177734375 -0.0453681945800781
-0.0221672058105469 -0.0370826721191406 -0.0159664154052734 -0.0246925354003906
-0.00238418579101563 -0.0407829284667969 -0.0274505615234375 -0.0106658935546875
0.0200958251953125 -0.0319309234619141 -0.0389633178710938 0.00290679931640626
0.030029296875 -0.0124683380126953 -0.04913330078125 -0.00259017944335938
0.0274028778076172 0.0132293701171875 -0.0651397705078125 -0.01055908203125
0.0267848968505859 0.0199031829833984 -0.07513427734375 -0.00667572021484376
0.0307483673095703 0.0291233062744141 -0.0635833740234375 0.00282669067382812
0.06573486328125 0.03662109375 -0.0201530456542969 -0.0677909851074219
0.049224853515625 0.006011962890625 0.0162429809570313 -0.0251960754394531
0.0407333374023438 -0.00468063354492187 0.0494651794433594 -0.0105781555175781
0.0331707000732422 -0.021087646484375 0.0626945495605469 -0.0309066772460937
0.0198631286621094 -0.0311107635498047 0.0536460876464844 -0.0457496643066406
-0.00252532958984375 -0.04736328125 0.0323066711425781 -0.061614990234375
-0.0206832885742188 -0.0484085083007812 0.00973129272460938 -0.0560760498046875
-0.0191383361816406 -0.0469398498535156 0.00101089477539063 -0.0326881408691406
-0.0199966430664063 -0.0564651489257813 -0.00592899322509766 -0.0100851058959961
0.000846862792968754 -0.0610275268554688 -0.0221023559570312 0.00567626953125
0.0319633483886719 -0.0501708984375 -0.0358924865722656 0.0182952880859375
0.0488662719726562 -0.0270843505859375 -0.0452537536621094 0.00939178466796875
0.0525665283203125 0.0127639770507813 -0.0568275451660156 0.00305175781250001
0.0530891418457031 0.0261688232421875 -0.0590667724609375 0.00749969482421876
0.053314208984375 0.0383110046386719 -0.0473670959472656 0.0196380615234375
0.076751708984375 0.04815673828125 0.00356292724609375 -0.0508995056152344
0.0640525817871094 0.020782470703125 0.0389900207519531 -0.0110206604003906
0.0616455078125 0.00548553466796875 0.0643577575683594 -0.00225067138671875
0.0539588928222656 -0.0187873840332031 0.07470703125 -0.02459716796875
0.0365066528320313 -0.0352249145507813 0.0605697631835938 -0.0373115539550781
0.0119247436523438 -0.0561981201171875 0.0392417907714844 -0.0492973327636719
-0.0111808776855469 -0.0594367980957031 0.0192489624023438 -0.0395774841308594
-0.0121078491210938 -0.056915283203125 0.0119514465332031 -0.0153226852416992
-0.0153236389160156 -0.06683349609375 0.00644588470458984 0.00902175903320312
0.0024871826171875 -0.0720901489257813 -0.0140266418457031 0.0260887145996094
0.0362586975097656 -0.0616493225097656 -0.0299797058105469 0.0365447998046875
0.0562629699707031 -0.0403861999511719 -0.0403938293457031 0.0229835510253906
0.068359375 0.0061187744140625 -0.0473861694335938 0.0145606994628906
0.0717315673828125 0.0251617431640625 -0.0388832092285156 0.0183563232421875
0.0679168701171875 0.0410728454589844 -0.0249862670898437 0.0373725891113281
0.0773162841796875 0.0524673461914063 0.028167724609375 -0.0296669006347656
0.0708770751953125 0.0311126708984375 0.0602455139160156 0.00577163696289063
0.0761642456054688 0.0135116577148438 0.0767745971679688 0.0080413818359375
0.0686721801757813 -0.0164222717285156 0.0815887451171875 -0.015899658203125
0.0483551025390625 -0.0352020263671875 0.0606575012207031 -0.02716064453125
0.023040771484375 -0.0591354370117188 0.0403022766113281 -0.0325889587402344
-0.00081253051757812 -0.0614013671875 0.0255680084228516 -0.0188198089599609
-0.003570556640625 -0.057769775390625 0.0205841064453125 0.00413703918457031
-0.00815200805664062 -0.0670700073242187 0.0173206329345703 0.0286712646484375
0.00447082519531251 -0.0697021484375 -0.00479888916015625 0.0462532043457031
0.036376953125 -0.0628089904785156 -0.0219650268554687 0.0526847839355469
0.0551795959472656 -0.0459060668945312 -0.0344772338867188 0.0346488952636719
0.073486328125 -0.00098419189453125 -0.0371627807617187 0.0223655700683594
0.0775909423828125 0.0208740234375 -0.0169467926025391 0.0238418579101563
0.0722885131835938 0.038604736328125 0.00113677978515626 0.0540237426757813
0.0673103332519531 0.0473747253417969 0.0490989685058594 -0.00996017456054687
0.0665740966796875 0.0332794189453125 0.077667236328125 0.0204544067382813
0.0768280029296875 0.0155105590820313 0.08258056640625 0.0163650512695313
0.071258544921875 -0.0144195556640625 0.0818099975585938 -0.00609588623046875
0.0496292114257813 -0.0318527221679687 0.0567970275878906 -0.0144424438476563
0.0274238586425781 -0.0529289245605469 0.0378379821777344 -0.0142402648925781
0.00780487060546875 -0.0540733337402344 0.0275115966796875 0.00268173217773437
0.00585556030273437 -0.0499038696289063 0.0251483917236328 0.0230445861816406
0.00157928466796875 -0.0568199157714844 0.0257682800292969 0.0470123291015625
0.00969696044921876 -0.0572586059570313 0.00233459472656251 0.0629959106445313
0.0333099365234375 -0.0507545471191406 -0.0156097412109375 0.0639266967773438
0.049560546875 -0.0402145385742187 -0.0284576416015625 0.0417404174804688
0.0677261352539063 -0.00191497802734375 -0.0270175933837891 0.0248146057128906
0.071868896484375 0.0174407958984375 0.00418853759765625 0.0255985260009766
0.0639266967773438 0.0338973999023438 0.0253944396972656 0.0687141418457031
0.048309326171875 0.0328483581542969 0.0634880065917969 0.00520706176757813
0.0518112182617188 0.0255966186523438 0.0869064331054688 0.0287857055664063
0.0617485046386719 0.0107383728027344 0.082611083984375 0.0199737548828125
0.0559654235839844 -0.0120353698730469 0.0756683349609375 0.002655029296875
0.0377540588378906 -0.0235252380371094 0.048736572265625 -0.00327682495117188
0.0246009826660156 -0.0365486145019531 0.0326881408691406 0.00348472595214844
0.0142173767089844 -0.0376091003417969 0.0272560119628906 0.0212821960449219
0.013336181640625 -0.0338058471679688 0.0273094177246094 0.0392112731933594
0.0127677917480469 -0.0388832092285156 0.0265083312988281 0.058685302734375
0.0161666870117188 -0.0358924865722656 0.0044097900390625 0.0731582641601563
0.0304298400878906 -0.0309162139892578 -0.0129165649414062 0.0694351196289063
0.03936767578125 -0.0245475769042969 -0.025421142578125 0.0447578430175781
0.0510635375976563 0.004058837890625 -0.0207118988037109 0.0241355895996094
0.0519142150878906 0.0179176330566406 0.0193080902099609 0.0261135101318359
0.0447235107421875 0.0280265808105469 0.0448226928710938 0.081207275390625
0.0219154357910156 0.0128288269042969 0.0707931518554687 0.00994873046875
0.0283126831054688 0.0110702514648438 0.0889511108398437 0.0282516479492187
0.0340404510498047 0.00112152099609375 0.0762176513671875 0.01861572265625
0.0283203125 -0.00793266296386719 0.0667533874511719 0.00682830810546875
0.0172929763793945 -0.00948524475097656 0.0416717529296875 0.0035400390625
0.0154848098754883 -0.012385368347168 0.0282459259033203 0.0133705139160156
0.0177326202392578 -0.0135993957519531 0.0241794586181641 0.0329456329345703
0.0191631317138672 -0.0125808715820313 0.0243606567382813 0.0480079650878906
0.0219268798828125 -0.015289306640625 0.0213356018066406 0.0671539306640625
0.0203590393066406 -0.0111675262451172 -0.000885009765624992 0.0779800415039063
0.0249919891357422 -0.00655364990234375 -0.0175704956054688 0.0687751770019531
0.0261821746826172 -0.00443649291992187 -0.0276145935058594 0.0437507629394531
0.0290775299072266 0.0122432708740234 -0.0196285247802734 0.0227317810058594
0.0243473052978516 0.0179481506347656 0.0249862670898438 0.0279884338378906
0.0168895721435547 0.0187263488769531 0.0537643432617188 0.0901031494140625
-0.0076146125793457 -0.00679683685302734 0.0690422058105469 0.0047454833984375
0.00108814239501953 -0.00442838668823242 0.082305908203125 0.0190811157226563
0.000322818756103515 -0.00862550735473633 0.0679168701171875 0.012176513671875
-0.00427746772766113 -0.00240993499755859 0.0594558715820312 0.00665283203125
-0.00661849975585937 0.00804853439331055 0.0365409851074219 0.00270843505859375
0.00672531127929688 0.0160007476806641 0.0244846343994141 0.0148963928222656
0.0201587677001953 0.0123577117919922 0.0197906494140625 0.0345096588134766
0.0222110748291016 0.0103740692138672 0.0171432495117188 0.0494880676269531
0.0260982513427734 0.00921630859375 0.0111351013183594 0.0682907104492187
0.0207843780517578 0.0117588043212891 -0.0108871459960937 0.0764694213867187
0.0140438079833984 0.0144538879394531 -0.0265998840332031 0.0648422241210938
0.00970649719238281 0.0111865997314453 -0.0340957641601563 0.0410385131835938
0.00485420227050781 0.0158348083496094 -0.0254611968994141 0.0212612152099609
-0.00598716735839844 0.0137758255004883 0.0197677612304688 0.0305156707763672
-0.0129423141479492 0.00558853149414062 0.0521011352539062 0.0940475463867188
0.0539169311523437 0.0179939270019531 -0.0463180541992188 -0.0860137939453125
0.0318431854248047 -0.0134315490722656 -0.00662231445312499 -0.0370979309082031
0.0193386077880859 -0.0194015502929688 0.0351104736328125 -0.0194873809814453
0.00792884826660156 -0.0270519256591797 0.0503349304199219 -0.0391159057617188
-0.00183486938476562 -0.0284423828125 0.0453567504882812 -0.0555152893066406
-0.0222949981689453 -0.0316238403320313 0.0214080810546875 -0.074554443359375
-0.0338306427001953 -0.0280666351318359 -0.0033416748046875 -0.071014404296875
-0.0306034088134766 -0.0287227630615234 -0.0107841491699219 -0.0487289428710937
-0.0299339294433594 -0.036407470703125 -0.0148525238037109 -0.0274810791015625
-0.0095977783203125 -0.0436248779296875 -0.026397705078125 -0.0107078552246094
0.0157661437988281 -0.0365486145019531 -0.0370941162109375 0.00511932373046875
0.0303401947021484 -0.0193519592285156 -0.0506591796875 -0.000251770019531262
0.0339832305908203 0.00726509094238281 -0.0692901611328125 -0.00798034667968751
0.0351524353027344 0.0168571472167969 -0.081085205078125 -0.0067901611328125
0.0404510498046875 0.0283164978027344 -0.0663642883300781 0.00131607055664063
0.0749053955078125 0.0348587036132812 -0.0217437744140625 -0.07586669921875
0.0548362731933594 0.000759124755859375 0.0163078308105469 -0.0300273895263672
0.0420303344726563 -0.010772705078125 0.0511245727539063 -0.014434814453125
0.0324840545654297 -0.0271854400634766 0.0651626586914063 -0.0352554321289063
0.01702880859375 -0.0356369018554687 0.0557022094726563 -0.0504188537597656
-0.00905609130859375 -0.0479316711425781 0.0341072082519531 -0.0669784545898438
-0.0266571044921875 -0.0477409362792969 0.0112342834472656 -0.0613059997558594
-0.0247879028320312 -0.0479965209960938 0.00226211547851563 -0.0378265380859375
-0.027496337890625 -0.0576210021972656 -0.00229549407958985 -0.0134258270263672
-0.00589752197265626 -0.064666748046875 -0.0183467864990234 0.00524330139160156
0.0289230346679687 -0.0571136474609375 -0.0326328277587891 0.0204734802246094
0.0503158569335938 -0.0350723266601563 -0.0434646606445313 0.0115013122558594
0.0605697631835938 0.008026123046875 -0.0581283569335937 0.00659561157226562
0.0640029907226562 0.022552490234375 -0.0616302490234375 0.00868988037109375
0.0641555786132813 0.0380783081054688 -0.0476646423339844 0.0181007385253906
0.08673095703125 0.0480880737304688 0.0046234130859375 -0.057464599609375
0.0704421997070313 0.0177764892578125 0.0424995422363281 -0.0167007446289063
0.0662002563476563 0.00252151489257813 0.0684547424316406 -0.00683212280273438
0.0555610656738281 -0.0229225158691406 0.079010009765625 -0.02996826171875
0.0356636047363281 -0.0387077331542969 0.0629501342773438 -0.0425033569335938
0.00730514526367187 -0.0586280822753906 0.0427017211914063 -0.0546607971191406
-0.0157432556152344 -0.0617446899414063 0.0228767395019531 -0.044830322265625
-0.0167884826660156 -0.0593986511230469 0.0150871276855469 -0.0205097198486328
-0.022552490234375 -0.0703353881835938 0.0111322402954102 0.00612163543701171
-0.0029296875 -0.07696533203125 -0.00792694091796875 0.0255393981933594
0.0347747802734375 -0.0699272155761719 -0.0244827270507813 0.0393562316894531
0.0597305297851563 -0.0492362976074219 -0.0382614135742187 0.0262222290039062
0.0777740478515625 0.00115203857421875 -0.0469741821289062 0.017486572265625
0.0813369750976563 0.0228958129882812 -0.0389213562011719 0.0185432434082031
0.0784683227539063 0.04156494140625 -0.0211944580078125 0.0364952087402344
0.0854949951171875 0.0540008544921875 0.0338554382324219 -0.0357208251953125
0.0767822265625 0.0313568115234375 0.0667800903320313 0.000675201416015627
0.0808486938476563 0.0123825073242188 0.0821533203125 0.0034332275390625
0.0719985961914063 -0.0203628540039063 0.086029052734375 -0.0221939086914063
0.0495758056640625 -0.0382614135742188 0.0655632019042969 -0.0327796936035156
0.021392822265625 -0.0630264282226563 0.0448989868164063 -0.0381317138671875
-0.00233459472656251 -0.0663642883300781 0.0288162231445312 -0.0233707427978516
-0.004791259765625 -0.0622406005859375 0.0251502990722656 8.20159912109337E-05
-0.0119857788085938 -0.0708847045898438 0.0242214202880859 0.0252399444580078
0.00220489501953124 -0.0746841430664063 0.00313949584960938 0.04638671875
0.0362739562988281 -0.0692024230957031 -0.0152664184570312 0.0549201965332031
0.0599021911621094 -0.0526237487792969 -0.0295982360839844 0.0364799499511719
0.0800628662109375 -0.00374603271484375 -0.0359344482421875 0.0245285034179687
0.0869598388671875 0.0182571411132813 -0.0140876770019531 0.0232887268066406
0.0804443359375 0.0411834716796875 0.00838851928710938 0.0536727905273437
0.0723114013671875 0.0515670776367188 0.0546302795410156 -0.0137062072753906
0.0722732543945312 0.0362930297851562 0.08563232421875 0.0163726806640625
0.08251953125 0.0172882080078125 0.09051513671875 0.0129318237304688
0.0753097534179687 -0.014892578125 0.0868301391601563 -0.0110549926757813
0.0533828735351563 -0.0337753295898438 0.0605316162109375 -0.0189895629882813
0.029998779296875 -0.0565986633300781 0.0426063537597656 -0.0173797607421875
0.00928878784179687 -0.0588645935058594 0.0325870513916016 -0.00123405456542969
0.00555801391601562 -0.0545501708984375 0.0306472778320313 0.0208263397216797
0.00259399414062499 -0.0614013671875 0.0325508117675781 0.0453681945800781
0.00916290283203125 -0.0618362426757813 0.0105819702148438 0.0627822875976563
0.0363883972167969 -0.05633544921875 -0.00773239135742188 0.0660591125488281
0.0528564453125 -0.0422477722167969 -0.0229339599609375 0.044036865234375
0.0735931396484375 -0.00189208984375 -0.0246238708496094 0.0274200439453125
0.0783462524414063 0.0193939208984375 0.00790023803710938 0.0250129699707031
0.0693435668945313 0.0379714965820313 0.0345535278320313 0.069000244140625
0.050079345703125 0.0363693237304687 0.0740509033203125 0.00366973876953125
0.0535011291503906 0.0294418334960938 0.0961532592773438 0.0261917114257813
0.0653953552246094 0.0141067504882813 0.0896072387695313 0.01708984375
0.0613212585449219 -0.0123062133789063 0.0803680419921875 -0.00197601318359375
0.0423431396484375 -0.0230751037597656 0.0522994995117187 -0.0068817138671875
0.027801513671875 -0.04083251953125 0.0363426208496094 0.000743865966796873
0.0171279907226562 -0.0431098937988281 0.0302600860595703 0.0201606750488281
0.0172195434570313 -0.0389595031738281 0.0307655334472656 0.037384033203125
0.0168800354003906 -0.043548583984375 0.0334205627441406 0.0589332580566406
0.0194664001464844 -0.0392723083496094 0.0124893188476563 0.073150634765625
0.034759521484375 -0.0315933227539063 -0.00672912597656249 0.071441650390625
0.0449638366699219 -0.0240936279296875 -0.0194969177246094 0.0473213195800781
0.0556869506835938 0.00635528564453125 -0.0180168151855469 0.0261974334716797
0.0540771484375 0.0212745666503906 0.0233097076416016 0.0257492065429687
0.0453376770019531 0.033111572265625 0.0547409057617188 0.0825271606445313
0.0206222534179688 0.0175533294677734 0.079254150390625 0.0118179321289063
0.0283775329589844 0.0151214599609375 0.0990829467773438 0.0264129638671875
0.0355873107910156 0.00523757934570313 0.0826950073242187 0.016204833984375
0.0324306488037109 -0.00520133972167969 0.071441650390625 0.0023193359375
0.0214061737060547 -0.00760650634765625 0.0424957275390625 -0.00011444091796875
0.0217361450195313 -0.0150585174560547 0.0295696258544922 0.0125770568847656
0.0242328643798828 -0.0166587829589844 0.0272445678710937 0.0319919586181641
0.0245532989501953 -0.0165214538574219 0.0281944274902344 0.0488128662109375
0.0276336669921875 -0.0200748443603516 0.0268478393554688 0.06805419921875
0.0267658233642578 -0.0138111114501953 0.00644683837890626 0.0782394409179688
0.0314159393310547 -0.00573348999023438 -0.012298583984375 0.0711288452148438
0.0312213897705078 -0.0013885498046875 -0.0245742797851563 0.0468711853027344
0.0309429168701172 0.0174655914306641 -0.0170040130615234 0.0264205932617188
0.0250968933105469 0.0240612030029297 0.0295829772949219 0.0303955078125
0.0152187347412109 0.0248222351074219 0.0640640258789063 0.0949554443359375
-0.0129814147949219 -0.00378990173339844 0.0753402709960938 0.00623321533203125
-0.00212955474853516 -0.000280022621154785 0.09100341796875 0.0190582275390625
-0.00318121910095215 -0.00298166275024414 0.0736465454101563 0.0090789794921875
-0.00421953201293945 0.00297760963439941 0.0628128051757813 0.00386428833007813
-0.00266933441162109 0.0127134323120117 0.0384864807128906 0.000789642333984376
0.0138692855834961 0.0168943405151367 0.024200439453125 0.015411376953125
0.0272560119628906 0.0101165771484375 0.0214080810546875 0.0370254516601563
0.0288486480712891 0.00808143615722656 0.019744873046875 0.052093505859375
0.0335655212402344 0.00613212585449219 0.014434814453125 0.070343017578125
0.0283775329589844 0.0112133026123047 -0.00741577148437501 0.0777740478515625
0.0209693908691406 0.0174579620361328 -0.0229072570800781 0.0680694580078125
0.0152435302734375 0.0164737701416016 -0.0313758850097656 0.0448951721191406
0.00637245178222656 0.0231857299804687 -0.0239009857177734 0.0242233276367188
-0.00835227966308594 0.0216579437255859 0.0228919982910156 0.033935546875
-0.0190200805664063 0.0110340118408203 0.0599517822265625 0.0992507934570312
0.0626335144042969 0.0120391845703125 -0.0516204833984375 -0.0912704467773438
0.0344944000244141 -0.0198078155517578 -0.0102577209472656 -0.0411415100097656
0.0181446075439453 -0.0255546569824219 0.0341758728027344 -0.0216064453125
0.00406455993652344 -0.0304679870605469 0.0503196716308594 -0.0404090881347656
-0.00694084167480469 -0.0299720764160156 0.0440330505371094 -0.0588493347167969
-0.0295944213867187 -0.0293140411376953 0.0190048217773437 -0.0773849487304688
-0.0393257141113281 -0.0254936218261719 -0.00435638427734375 -0.0751953125
-0.0353660583496094 -0.025634765625 -0.011474609375 -0.0509109497070313
-0.0362358093261719 -0.0332794189453125 -0.0145206451416016 -0.0317459106445313
-0.0173912048339844 -0.0448837280273438 -0.0237789154052734 -0.0103988647460938
0.011322021484375 -0.0430183410644531 -0.0365333557128906 0.00560760498046874
0.0292205810546875 -0.0268001556396484 -0.0499305725097656 0.00159454345703125
0.0387420654296875 0.00130081176757813 -0.0703811645507813 -0.00589752197265626
0.0431175231933594 0.011474609375 -0.0868377685546875 -0.00428771972656249
0.0485687255859375 0.0232200622558594 -0.071319580078125 -0.000434875488281261
0.0832138061523438 0.0298309326171875 -0.0227584838867188 -0.0812454223632813
0.0548629760742188 -0.00445556640625 0.0156021118164063 -0.0371665954589844
0.0435638427734375 -0.0165138244628906 0.0501022338867187 -0.0210304260253906
0.0278759002685547 -0.0311050415039063 0.0648307800292969 -0.0392112731933594
0.0114212036132812 -0.0358238220214844 0.0567855834960938 -0.0539779663085938
-0.0143928527832031 -0.0478515625 0.03338623046875 -0.0731887817382813
-0.0323448181152344 -0.0470314025878906 0.0118675231933594 -0.0659332275390625
-0.0306587219238281 -0.0469245910644531 0.00408554077148437 -0.0418205261230469
-0.0345420837402344 -0.0567169189453125 -0.000419616699218752 -0.0181961059570313
-0.0141639709472656 -0.0647773742675781 -0.0133295059204102 0.00281715393066406
0.0246963500976563 -0.0649147033691406 -0.0287799835205078 0.0202598571777344
0.0498123168945312 -0.0441513061523437 -0.0432243347167969 0.0143089294433594
0.0656967163085938 0.000499725341796875 -0.0596847534179687 0.00971603393554689
0.0734634399414063 0.0172271728515625 -0.063568115234375 0.00759124755859375
0.0746002197265625 0.0344009399414063 -0.0488243103027344 0.0170097351074219
0.0951156616210937 0.0442962646484375 0.00537109375000001 -0.0666160583496094
0.0728912353515625 0.0156784057617188 0.0438270568847656 -0.0245590209960938
0.0666122436523437 0.00060272216796875 0.0709686279296875 -0.0139694213867188
0.0553474426269531 -0.0283737182617188 0.0793914794921875 -0.0356979370117188
0.032073974609375 -0.0402259826660156 0.0663337707519531 -0.0460166931152344
0.0019989013671875 -0.059356689453125 0.0441207885742188 -0.0593948364257813
-0.0196342468261719 -0.0612945556640625 0.0257377624511719 -0.04998779296875
-0.0218658447265625 -0.0597610473632813 0.0194664001464844 -0.0261974334716797
-0.02734375 -0.072967529296875 0.0169076919555664 -0.000233650207519536
-0.00784301757812501 -0.0785598754882813 -0.00217437744140625 0.0233345031738281
0.029876708984375 -0.0762786865234375 -0.0176887512207031 0.0402755737304687
0.0587997436523438 -0.055145263671875 -0.0340938568115234 0.0259056091308594
0.0849533081054688 -0.00476837158203125 -0.0436363220214844 0.0197639465332031
0.0909652709960938 0.0197601318359375 -0.0369186401367187 0.0186309814453125
0.0878219604492188 0.0419235229492188 -0.0166130065917969 0.0335006713867188
0.093231201171875 0.0561676025390625 0.0411415100097656 -0.0425148010253906
0.0818862915039063 0.031951904296875 0.0706405639648438 -0.0076751708984375
0.0863800048828125 0.01019287109375 0.0867996215820313 -0.000137329101562499
0.0740127563476563 -0.0251998901367187 0.0902786254882812 -0.0244293212890625
0.048553466796875 -0.0406761169433594 0.0687065124511719 -0.0381698608398438
0.0181808471679688 -0.0666465759277344 0.0470848083496094 -0.0421714782714844
-0.00355911254882812 -0.0671310424804688 0.0341148376464844 -0.0312118530273438
-0.00708389282226563 -0.0636863708496094 0.0247879028320313 -0.00775718688964844
-0.0157699584960937 -0.0736236572265625 0.0309772491455078 0.0163173675537109
-0.00228118896484375 -0.0783309936523438 0.0101470947265625 0.042572021484375
0.037322998046875 -0.076385498046875 -0.00697708129882812 0.0539169311523437
0.0610504150390625 -0.0568008422851563 -0.0237007141113281 0.0375823974609375
0.0876922607421875 -0.0092926025390625 -0.0306262969970703 0.0258083343505859
0.0955581665039062 0.0186767578125 -0.012603759765625 0.0227489471435547
0.0914993286132813 0.041595458984375 0.0127029418945313 0.0497856140136719
0.077728271484375 0.0538787841796875 0.0636787414550781 -0.0175514221191406
0.0759124755859375 0.0386123657226563 0.0927963256835938 0.0107498168945313
0.0860214233398437 0.0172195434570312 0.093475341796875 0.0049285888671875
0.079620361328125 -0.0176773071289063 0.0914382934570313 -0.016265869140625
0.0534477233886719 -0.0375137329101563 0.0620803833007813 -0.0238609313964844
0.0295600891113281 -0.0603485107421875 0.0449981689453125 -0.0243110656738281
0.010009765625 -0.0644340515136719 0.0359573364257813 -0.00545501708984375
0.00757980346679687 -0.0575485229492188 0.0364418029785156 0.0155868530273437
-0.0018463134765625 -0.0668907165527344 0.0362091064453125 0.0390472412109375
0.00920867919921875 -0.0650596618652344 0.0194129943847656 0.0595169067382812
0.0383224487304688 -0.06109619140625 0.000785827636718751 0.0624237060546875
0.0550193786621094 -0.0492057800292969 -0.0156440734863281 0.0444679260253906
0.079833984375 -0.003387451171875 -0.0188713073730469 0.0288639068603516
0.082855224609375 0.0210113525390625 0.0117835998535156 0.0245895385742188
0.0767440795898438 0.0416641235351563 0.0464019775390625 0.0670814514160156
0.0521697998046875 0.0438766479492187 0.0814971923828125 7.62939453125269E-06
0.0567131042480469 0.0336532592773438 0.103790283203125 0.0219650268554688
0.0681381225585938 0.014892578125 0.0959701538085938 0.0130233764648438
0.0665321350097656 -0.0114936828613281 0.0848922729492188 -0.0059661865234375
0.0478286743164063 -0.0260429382324219 0.0531234741210938 -0.0111160278320313
0.0312309265136719 -0.0439453125 0.03814697265625 -0.003692626953125
0.0182838439941406 -0.0477333068847656 0.0340003967285156 0.0147743225097656
0.017822265625 -0.0446395874023438 0.0384941101074219 0.0353279113769531
0.0180091857910156 -0.0498695373535156 0.040435791015625 0.054534912109375
0.0231208801269531 -0.0441970825195313 0.0182342529296875 0.0690956115722656
0.0387992858886719 -0.0357780456542969 0.000244140624999998 0.0714035034179688
0.05010986328125 -0.0267219543457031 -0.0158882141113281 0.0465888977050781
0.0597496032714844 0.0083770751953125 -0.0109596252441406 0.0263862609863281
0.0594482421875 0.0278244018554688 0.0291538238525391 0.0260238647460938
0.0487022399902344 0.0379104614257813 0.0655059814453125 0.083984375
0.0175914764404297 0.0207672119140625 0.0858154296875 0.0103073120117188
0.0278453826904297 0.0208702087402344 0.106666564941406 0.025787353515625
0.0368728637695313 0.0112686157226563 0.08685302734375 0.010986328125
0.0363845825195313 -0.00215911865234375 0.0750961303710938 -0.002685546875
0.0275211334228516 -0.00950431823730469 0.0420417785644531 -0.000141143798828126
0.0281715393066406 -0.0160636901855469 0.0312786102294922 0.0116691589355469
0.0293312072753906 -0.0225276947021484 0.0329189300537109 0.0310230255126953
0.0293731689453125 -0.0203323364257812 0.0310134887695313 0.0473136901855469
0.0326480865478516 -0.0287971496582031 0.0334510803222656 0.0661811828613281
0.0343647003173828 -0.0180339813232422 0.0132522583007812 0.0796279907226563
0.0368919372558594 -0.00849151611328125 -0.00654983520507813 0.0694618225097656
0.0382461547851563 0.00168991088867188 -0.0175361633300781 0.0469703674316406
0.0359725952148437 0.0219535827636719 -0.0149803161621094 0.0263519287109375
0.0235462188720703 0.0310020446777344 0.0336742401123047 0.0284328460693359
0.0158367156982422 0.0288238525390625 0.0752105712890625 0.0961227416992188
-0.0161657333374023 0.000768661499023434 0.0819473266601563 0.00672149658203125
-0.00784587860107422 0.00473880767822266 0.0985565185546875 0.0190505981445313
-0.00182676315307617 0.00379538536071777 0.0779190063476563 0.0063629150390625
0.000556468963623046 0.00795888900756836 0.0648612976074219 -0.00321197509765625
0.00337505340576172 0.0151176452636719 0.0374794006347656 -0.00107192993164062
0.0212764739990234 0.0152797698974609 0.0243206024169922 0.0176677703857422
0.0302200317382813 0.0078582763671875 0.0227470397949219 0.040740966796875
0.0366134643554688 0.00191497802734375 0.0219383239746094 0.0521011352539063
0.0390281677246094 0.000804901123046875 0.0175552368164063 0.0706329345703125
0.0362052917480469 0.007476806640625 -0.0028533935546875 0.078826904296875
0.0283145904541016 0.0167350769042969 -0.022613525390625 0.0707321166992188
0.0207729339599609 0.0214748382568359 -0.0277900695800781 0.0458831787109375
0.00832748413085937 0.0303287506103516 -0.022979736328125 0.0265960693359375
-0.0106449127197266 0.0290107727050781 0.0278968811035156 0.0350894927978516
-0.0197963714599609 0.0184001922607422 0.0675430297851563 0.0989761352539063
0.0663948059082031 0.00409698486328125 -0.0567703247070312 -0.0966110229492188
0.0336761474609375 -0.0276527404785156 -0.0138511657714844 -0.0454864501953125
0.0133914947509766 -0.0320816040039063 0.0326995849609375 -0.0239009857177734
-0.00284576416015625 -0.0344810485839844 0.0499000549316406 -0.0441398620605469
-0.0143890380859375 -0.0304794311523438 0.0451736450195312 -0.06072998046875
-0.0362548828125 -0.025360107421875 0.020263671875 -0.08135986328125
-0.0443992614746094 -0.0202484130859375 -0.00585174560546875 -0.0781936645507813
-0.0405654907226562 -0.02142333984375 -0.0121383666992187 -0.0566596984863281
-0.0430335998535156 -0.0291328430175781 -0.0153179168701172 -0.0347995758056641
-0.0241889953613281 -0.0427169799804688 -0.0230255126953125 -0.0130939483642578
0.00442123413085937 -0.0465126037597656 -0.0340328216552734 0.0043792724609375
0.0247535705566406 -0.0333805084228516 -0.0517730712890625 0.00304031372070313
0.0400848388671875 -0.00642013549804688 -0.0747146606445313 -0.00196075439453124
0.0494842529296875 0.0041046142578125 -0.0902099609375 -0.00322723388671874
0.05816650390625 0.0179023742675781 -0.0766754150390625 -0.00405120849609374
0.0900192260742187 0.02471923828125 -0.0269546508789063 -0.0902099609375
0.0596504211425781 -0.0106430053710938 0.0133438110351563 -0.0429153442382813
0.042205810546875 -0.0212974548339844 0.0514678955078125 -0.0224533081054687
0.0245628356933594 -0.0347366333007813 0.0664138793945313 -0.0431365966796875
0.0081634521484375 -0.0381698608398438 0.0591697692871094 -0.0573196411132813
-0.0205154418945313 -0.0455360412597656 0.0360183715820312 -0.0764312744140625
-0.0376052856445313 -0.0428123474121094 0.01226806640625 -0.0716781616210938
-0.0350799560546875 -0.04400634765625 0.003936767578125 -0.0472908020019531
-0.0413398742675781 -0.0538749694824219 0.00126266479492187 -0.0237846374511719
-0.0196609497070312 -0.0673294067382813 -0.0115280151367188 0.000960350036621088
0.0194435119628906 -0.0683250427246094 -0.0245418548583984 0.0198936462402344
0.0482826232910156 -0.0503387451171875 -0.0408821105957031 0.01416015625
0.0705795288085938 -0.00661468505859375 -0.0582199096679687 0.01019287109375
0.0800857543945313 0.0121841430664063 -0.0666160583496094 0.00900268554687501
0.0839157104492188 0.0322952270507813 -0.0503959655761719 0.0116691589355469
0.101799011230469 0.0447235107421875 0.006591796875 -0.0738983154296875
0.0780487060546875 0.01141357421875 0.0443649291992188 -0.0314369201660156
0.06915283203125 -0.0053253173828125 0.0710678100585938 -0.0169448852539063
0.0529632568359375 -0.0316734313964844 0.0822601318359375 -0.03973388671875
0.0326194763183594 -0.0425262451171875 0.06793212890625 -0.0513420104980469
-0.00116729736328125 -0.0600662231445312 0.0449295043945313 -0.0666236877441406
-0.0239791870117188 -0.0607719421386719 0.0252342224121094 -0.0589370727539063
-0.0252265930175781 -0.0598411560058594 0.0186290740966797 -0.0323772430419922
-0.032806396484375 -0.0712509155273438 0.017125129699707 -0.00721073150634766
-0.0132369995117188 -0.081146240234375 0.00138282775878906 0.0191841125488281
0.027557373046875 -0.081817626953125 -0.0140609741210938 0.0371856689453125
0.0597801208496094 -0.0643577575683594 -0.0304813385009766 0.0254974365234375
0.0898590087890625 -0.0113525390625 -0.0416984558105469 0.0203781127929688
0.100074768066406 0.014739990234375 -0.03662109375 0.0171279907226562
0.099090576171875 0.0388870239257813 -0.016754150390625 0.0299949645996094
0.0995330810546875 0.05621337890625 0.04107666015625 -0.0505294799804688
0.08697509765625 0.0308609008789062 0.0733718872070313 -0.0144119262695313
0.0891036987304687 0.00922393798828125 0.0885848999023437 -0.00618743896484375
0.0760498046875 -0.0273513793945313 0.092529296875 -0.0315399169921875
0.0511093139648438 -0.0440139770507813 0.0702552795410156 -0.0413131713867188
0.0177192687988281 -0.0679550170898438 0.0506095886230469 -0.0502166748046875
-0.00766754150390624 -0.0702323913574219 0.0342521667480469 -0.0372085571289063
-0.00913619995117188 -0.0672988891601562 0.0302448272705078 -0.0116977691650391
-0.0184478759765625 -0.0763092041015625 0.0332813262939453 0.0125160217285156
-0.00476837158203125 -0.0818099975585938 0.0153236389160156 0.0384750366210937
0.0341873168945313 -0.0811843872070313 -0.00298309326171875 0.0517997741699219
0.0612373352050781 -0.0655784606933594 -0.0195159912109375 0.0355339050292969
0.0941314697265625 -0.0134735107421875 -0.0265884399414062 0.0258502960205078
0.1029052734375 0.0149612426757813 -0.00857353210449218 0.0200958251953125
0.0972518920898438 0.0435867309570313 0.0178260803222656 0.0465164184570313
0.0831375122070312 0.05816650390625 0.0697402954101562 -0.0251922607421875
0.0821609497070313 0.0420455932617188 0.0971221923828125 0.004486083984375
0.0933837890625 0.0180511474609375 0.0986175537109375 0.00272369384765625
0.0845260620117188 -0.0208053588867188 0.0948410034179687 -0.021087646484375
0.0591049194335937 -0.0397529602050781 0.06494140625 -0.0269126892089844
0.0319633483886719 -0.0653648376464844 0.047271728515625 -0.0282974243164063
0.00799560546874999 -0.0681610107421875 0.0387992858886719 -0.011383056640625
0.00621795654296874 -0.063934326171875 0.0377731323242188 0.0099945068359375
-0.000572204589843751 -0.0724105834960938 0.0431251525878906 0.0329551696777344
0.00905609130859376 -0.070159912109375 0.0245132446289063 0.0550041198730469
0.0405464172363281 -0.0654792785644531 0.0049591064453125 0.0630645751953125
0.0599784851074219 -0.052276611328125 -0.0130882263183594 0.0427818298339844
0.0862503051757813 -0.00479888916015625 -0.0147438049316406 0.0269718170166016
0.0899810791015625 0.02056884765625 0.01666259765625 0.0208168029785156
0.0820388793945313 0.0446090698242188 0.0498733520507813 0.0639495849609375
0.0558509826660156 0.0474014282226563 0.0902328491210938 -0.00336456298828125
0.0613250732421875 0.0373306274414063 0.112617492675781 0.0170974731445313
0.0748519897460938 0.0186691284179688 0.100845336914063 0.0082244873046875
0.0728378295898438 -0.0124740600585938 0.0872116088867188 -0.0129165649414063
0.0511627197265625 -0.0270957946777344 0.0566787719726563 -0.0129852294921875
0.0351715087890625 -0.0488510131835937 0.0407066345214844 -0.00582504272460938
0.0215682983398437 -0.0535926818847656 0.0382881164550781 0.013275146484375
0.0202865600585938 -0.0503425598144531 0.0382881164550781 0.0314292907714844
0.0196113586425781 -0.0558128356933594 0.0436782836914063 0.0503463745117188
0.02520751953125 -0.0487861633300781 0.0231819152832031 0.0680885314941406
0.0448493957519531 -0.0407752990722656 0.00482559204101563 0.0676116943359375
0.0561637878417969 -0.0282325744628906 -0.0108680725097656 0.04656982421875
0.0668907165527344 0.010955810546875 -0.00789451599121093 0.0264511108398438
0.0633010864257813 0.0308036804199219 0.0345497131347656 0.0223922729492188
0.0531005859375 0.0436477661132813 0.0722274780273438 0.0803909301757813
0.0169181823730469 0.0292186737060547 0.0984725952148437 0.00794219970703125
0.0279407501220703 0.0259914398193359 0.114097595214844 0.0207366943359375
0.0397529602050781 0.0147323608398437 0.0936355590820313 0.00855255126953125
0.0418243408203125 -0.0003814697265625 0.07745361328125 -0.0057220458984375
0.0334053039550781 -0.00760841369628906 0.0439491271972656 -0.00440597534179688
0.0324211120605469 -0.0208854675292969 0.0326519012451172 0.0101642608642578
0.0314407348632812 -0.0289535522460937 0.0330352783203125 0.0322170257568359
0.0327644348144531 -0.0281562805175781 0.0335311889648438 0.0466995239257813
0.0358963012695312 -0.0331802368164063 0.0342788696289063 0.0658607482910156
0.0374679565429688 -0.0241889953613281 0.0143280029296875 0.0758743286132813
0.0451545715332031 -0.0104751586914063 -0.00414657592773437 0.0696601867675781
0.0457572937011719 -0.000110626220703125 -0.0155105590820313 0.046356201171875
0.0400352478027344 0.0285263061523438 -0.00954818725585938 0.0270748138427734
0.0280075073242188 0.0386009216308594 0.039276123046875 0.0289230346679688
0.0148391723632812 0.0384140014648438 0.0826644897460938 0.0952911376953125
-0.0221824645996094 0.00683975219726562 0.0928955078125 0.00899505615234375
-0.00899219512939453 0.0119123458862305 0.104942321777344 0.0163726806640625
-0.00266265869140625 0.0103273391723633 0.0825119018554688 0.003662109375
0.00451469421386719 0.0139942169189453 0.0646514892578125 -0.00439453125
0.00920295715332031 0.0182361602783203 0.0351753234863281 -0.00207901000976562
0.0275058746337891 0.0135002136230469 0.0234603881835938 0.0165500640869141
0.0382843017578125 0.00139999389648438 0.0240821838378906 0.040313720703125
0.0401535034179688 -0.00356674194335938 0.0248336791992188 0.05499267578125
0.0450859069824219 -0.00703048706054688 0.0198593139648438 0.0729446411132812
0.0420494079589844 0.001922607421875 -0.00248718261718749 0.0785675048828125
0.0385169982910156 0.0156936645507812 -0.0192070007324219 0.0682106018066406
0.0280628204345703 0.0213184356689453 -0.025604248046875 0.0478172302246094
0.0119285583496094 0.036895751953125 -0.019195556640625 0.0294933319091797
-0.00841522216796875 0.0383415222167969 0.0310401916503906 0.037353515625
-0.0252056121826172 0.0254688262939453 0.076507568359375 0.105300903320313
0.0724639892578125 -0.0029144287109375 -0.063140869140625 -0.103355407714844
0.033233642578125 -0.0354385375976563 -0.0190887451171875 -0.04931640625
0.0102119445800781 -0.0383071899414063 0.0319156646728516 -0.0257949829101563
-0.0100746154785156 -0.0371437072753906 0.0502166748046875 -0.0454368591308594
-0.0201759338378906 -0.0293388366699219 0.0467567443847656 -0.0640945434570313
-0.0425033569335938 -0.0207366943359375 0.0203857421875 -0.0851364135742188
-0.0490493774414063 -0.0144004821777344 -0.00641632080078126 -0.083831787109375
-0.0453453063964844 -0.0173568725585938 -0.0137062072753906 -0.0608634948730469
-0.0485916137695313 -0.0242996215820312 -0.0162811279296875 -0.0398025512695313
-0.0303001403808594 -0.0402259826660156 -0.0225276947021484 -0.0163745880126953
-0.00204467773437501 -0.0488090515136719 -0.0329952239990234 0.00425148010253905
0.0213432312011719 -0.0390739440917969 -0.0527458190917969 0.00348281860351562
0.0423355102539063 -0.0141487121582031 -0.0767593383789063 -0.000122070312500015
0.0543022155761719 -0.00317001342773438 -0.097320556640625 -0.00256347656249999
0.06494140625 0.0119132995605469 -0.084869384765625 -0.00605010986328126
0.0980987548828125 0.020416259765625 -0.0315704345703125 -0.0992431640625
0.0605125427246094 -0.0162467956542969 0.0102119445800781 -0.0483436584472656
0.0411109924316406 -0.0259933471679688 0.051544189453125 -0.0252876281738281
0.020416259765625 -0.0383949279785156 0.0683212280273438 -0.0457344055175781
0.00429153442382812 -0.0387382507324219 0.0614891052246094 -0.061798095703125
-0.0246086120605469 -0.0430145263671875 0.0364990234375 -0.0828399658203125
-0.0414085388183594 -0.0407752990722656 0.0116043090820313 -0.079437255859375
-0.0398902893066406 -0.0421562194824219 0.00286483764648438 -0.0540390014648438
-0.0464973449707031 -0.0522994995117188 0.000860214233398435 -0.0301437377929688
-0.0256843566894531 -0.0669212341308594 -0.0104484558105469 -0.0030813217163086
0.0130233764648438 -0.0739974975585938 -0.0224857330322266 0.017181396484375
0.0459175109863281 -0.0587348937988281 -0.040435791015625 0.0130729675292969
0.0754318237304688 -0.0147323608398437 -0.0588951110839844 0.0114974975585937
0.0884552001953125 0.004608154296875 -0.0701065063476562 0.00839996337890623
0.09405517578125 0.0280532836914063 -0.0552902221679687 0.00897979736328124
0.112480163574219 0.0428085327148438 0.00640869140625 -0.0837936401367188
0.0825347900390625 0.0087127685546875 0.0435104370117188 -0.0377426147460938
0.0723800659179688 -0.0086517333984375 0.0728683471679688 -0.0196762084960938
0.0538368225097656 -0.0350189208984375 0.0850296020507813 -0.0446319580078125
0.0309829711914063 -0.0446739196777344 0.070648193359375 -0.0572357177734375
-0.00304794311523438 -0.0614051818847656 0.0477981567382813 -0.073577880859375
-0.0274505615234375 -0.0626983642578125 0.0265426635742187 -0.0658111572265625
-0.0287322998046875 -0.0611038208007813 0.0183334350585937 -0.0389671325683594
-0.0372848510742188 -0.0722427368164063 0.0195655822753906 -0.0139560699462891
-0.0193862915039062 -0.0828704833984375 0.00417709350585937 0.0146865844726562
0.0237884521484375 -0.0883865356445313 -0.0103855133056641 0.0333518981933594
0.058807373046875 -0.0724716186523438 -0.0286712646484375 0.0245914459228516
0.09539794921875 -0.018646240234375 -0.0413856506347656 0.0207366943359375
0.1092529296875 0.00839996337890625 -0.0388259887695312 0.0154495239257812
0.109382629394531 0.0382308959960938 -0.018341064453125 0.0262489318847656
0.109634399414063 0.0583877563476563 0.0436935424804688 -0.0607872009277344
0.0932540893554688 0.0311050415039062 0.0753097534179688 -0.0208740234375
0.0957794189453125 0.00786590576171875 0.0911331176757812 -0.00972747802734375
0.0808792114257813 -0.0307159423828125 0.0962142944335937 -0.0370864868164063
0.0529632568359375 -0.0476112365722656 0.0732803344726563 -0.046356201171875
0.017486572265625 -0.0720367431640625 0.0518608093261719 -0.0561447143554688
-0.00981903076171875 -0.0743789672851562 0.0364227294921875 -0.0438385009765625
-0.0127334594726562 -0.070556640625 0.0314083099365234 -0.017974853515625
-0.0226593017578125 -0.0810470581054688 0.0358657836914063 0.00655364990234375
-0.00816345214843749 -0.0863876342773438 0.0182132720947266 0.0333385467529297
0.032501220703125 -0.0883102416992188 0.00156021118164063 0.0477142333984375
0.0639801025390625 -0.0737075805664062 -0.0174713134765625 0.0338516235351562
0.101791381835938 -0.0173492431640625 -0.0250988006591797 0.0255260467529297
0.112838745117188 0.012451171875 -0.00725650787353515 0.0174627304077148
0.108291625976563 0.0445175170898438 0.0209884643554688 0.0435791015625
0.092010498046875 0.0621795654296875 0.0760955810546875 -0.0334854125976562
0.0877456665039062 0.0433578491210938 0.102020263671875 -0.0024261474609375
0.101142883300781 0.0186538696289063 0.102668762207031 -0.0014190673828125
0.09149169921875 -0.0238876342773438 0.0979080200195313 -0.0265350341796875
0.0638923645019531 -0.0443992614746094 0.0678863525390625 -0.031005859375
0.0313491821289063 -0.071044921875 0.0491790771484375 -0.0333366394042969
0.00669097900390624 -0.0747451782226563 0.0411796569824219 -0.0167579650878906
0.00512313842773437 -0.0696601867675781 0.0384864807128906 0.00598526000976562
-0.00173187255859374 -0.0785293579101563 0.04608154296875 0.0275650024414062
0.00858306884765624 -0.0761260986328125 0.0269432067871094 0.0508651733398437
0.0412521362304688 -0.0732345581054688 0.00957870483398437 0.0590019226074219
0.0649490356445313 -0.0591316223144531 -0.0093994140625 0.0402183532714844
0.0933074951171875 -0.00658416748046875 -0.0118312835693359 0.0261306762695313
0.0996322631835937 0.021453857421875 0.0205516815185547 0.0171184539794922
0.0904541015625 0.0486297607421875 0.0562896728515625 0.061126708984375
0.0602645874023438 0.0535888671875 0.0995101928710937 -0.00923919677734375
0.0663223266601563 0.0428390502929688 0.120109558105469 0.012237548828125
0.0826492309570313 0.0225372314453125 0.105903625488281 0.00479888916015625
0.0803985595703125 -0.0135498046875 0.0914077758789063 -0.016143798828125
0.0578384399414062 -0.0304985046386719 0.0570449829101563 -0.0159683227539063
0.0385322570800781 -0.0554466247558594 0.0423164367675781 -0.00856399536132813
0.0222206115722656 -0.0610694885253906 0.0411872863769531 0.0105552673339844
0.0216064453125 -0.0572357177734375 0.0412063598632812 0.0288200378417969
0.020111083984375 -0.0643463134765625 0.0464591979980469 0.0476188659667969
0.0267715454101562 -0.0565528869628906 0.0266151428222656 0.0645942687988281
0.0498008728027344 -0.0457077026367188 0.00843811035156251 0.065765380859375
0.0621490478515625 -0.0310096740722656 -0.00732040405273437 0.0436439514160156
0.07476806640625 0.0129165649414063 -0.00501060485839843 0.0255336761474609
0.0711593627929688 0.0349197387695313 0.0392227172851563 0.0203208923339844
0.0578384399414063 0.0504798889160156 0.0814971923828125 0.0794601440429688
0.0196609497070312 0.0357284545898438 0.108139038085938 0.00521087646484375
0.0311717987060547 0.0333766937255859 0.124275207519531 0.0183639526367188
0.0455818176269531 0.0205192565917969 0.0993118286132812 0.00482940673828125
0.049835205078125 9.1552734375E-05 0.0802383422851563 -0.0084686279296875
0.0397491455078125 -0.00821685791015625 0.0453758239746094 -0.004547119140625
0.0376777648925781 -0.0270767211914063 0.0341968536376953 0.010528564453125
0.0340995788574219 -0.0361480712890625 0.0362586975097656 0.0327796936035156
0.035064697265625 -0.0359611511230469 0.03668212890625 0.0471687316894531
0.0386123657226563 -0.0426979064941406 0.0376625061035156 0.0645751953125
0.04156494140625 -0.03094482421875 0.0157089233398437 0.074462890625
0.0526351928710938 -0.014801025390625 -0.00191879272460937 0.069183349609375
0.0536651611328125 -0.001007080078125 -0.0125312805175781 0.0461158752441406
0.0473213195800781 0.0331459045410156 -0.00630760192871093 0.0273952484130859
0.0334510803222656 0.0459098815917969 0.0452919006347656 0.0281105041503906
0.0167160034179687 0.0469436645507813 0.0918350219726563 0.0967025756835938
-0.0246295928955078 0.0146350860595703 0.103530883789063 0.007568359375
-0.00933074951171875 0.0192718505859375 0.114669799804688 0.0144424438476563
-0.000150680541992189 0.0179557800292969 0.0863113403320313 -5.34057617187489E-05
0.0111513137817383 0.0167655944824219 0.0666275024414063 -0.00618362426757813
0.0146846771240234 0.0181121826171875 0.0344867706298828 -0.00150299072265625
0.0336627960205078 0.00901603698730469 0.0249652862548828 0.0185070037841797
0.0426750183105469 -0.0054931640625 0.0269813537597656 0.0440406799316406
0.0437355041503906 -0.0099945068359375 0.0263442993164063 0.058197021484375
0.0497283935546875 -0.0153045654296875 0.021942138671875 0.0756912231445313
0.0470619201660156 -0.00497055053710937 -0.00131225585937499 0.079833984375
0.0449905395507813 0.0118179321289062 -0.018310546875 0.0695762634277344
0.0373039245605469 0.0222091674804688 -0.0239486694335937 0.0484275817871094
0.0175209045410156 0.0435256958007812 -0.0162181854248047 0.0309200286865234
-0.0063934326171875 0.0474739074707031 0.0362129211425781 0.0392875671386719
-0.02593994140625 0.0343494415283203 0.0845565795898438 0.109428405761719
0.0777816772460938 -0.01171875 -0.0731887817382813 -0.110260009765625
0.0312843322753906 -0.0439491271972656 -0.0253219604492188 -0.0529670715332031
0.00512313842773437 -0.044219970703125 0.0310916900634766 -0.0274658203125
-0.0178184509277344 -0.0381622314453125 0.0513191223144531 -0.0482635498046875
-0.0265617370605469 -0.0268573760986328 0.0485992431640625 -0.069183349609375
-0.0474967956542969 -0.0142784118652344 0.0193634033203125 -0.0917434692382813
-0.0529861450195313 -0.00820541381835937 -0.0091552734375 -0.0905380249023438
-0.0490226745605469 -0.011993408203125 -0.0168647766113281 -0.0673866271972656
-0.0545997619628906 -0.0179252624511719 -0.0195541381835938 -0.0449180603027344
-0.0380668640136719 -0.0377349853515625 -0.0240421295166016 -0.0198078155517578
-0.0096893310546875 -0.0505294799804688 -0.0332698822021484 0.00266265869140625
0.0161895751953125 -0.0444869995117188 -0.0543251037597656 0.00442504882812499
0.0432357788085938 -0.0229949951171875 -0.0812454223632813 0.00221252441406248
0.0584144592285156 -0.0135345458984375 -0.105911254882813 0.000114440917968771
0.0727005004882812 0.00400543212890625 -0.095977783203125 -0.00643157958984376
0.107536315917969 0.0142440795898438 -0.0391693115234375 -0.109695434570313
0.0629539489746094 -0.0235862731933594 0.00587081909179688 -0.0545234680175781
0.0401191711425781 -0.0308494567871094 0.0526313781738281 -0.0286788940429688
0.0162239074707031 -0.0410995483398438 0.0704879760742188 -0.0515213012695312
-0.00030517578125 -0.0396614074707031 0.0638046264648438 -0.0680274963378906
-0.03021240234375 -0.039764404296875 0.0370101928710938 -0.0906982421875
-0.0462379455566406 -0.0380973815917969 0.00961303710937499 -0.0885391235351563
-0.0449676513671875 -0.0399284362792969 0.000431060791015619 -0.0616493225097656
-0.0531044006347656 -0.0496940612792969 -0.000923156738281257 -0.0372848510742188
-0.0329055786132813 -0.0676689147949219 -0.00991153717041016 -0.00823307037353516
0.0072479248046875 -0.078826904296875 -0.0210685729980469 0.0145263671875
0.0419120788574219 -0.0668983459472656 -0.04144287109375 0.01226806640625
0.0799407958984375 -0.0244522094726562 -0.0604362487792969 0.0134468078613281
0.0967636108398438 -0.0042572021484375 -0.075927734375 0.00919342041015624
0.105491638183594 0.0218658447265625 -0.0630760192871094 0.00731658935546876
0.123931884765625 0.0394973754882813 0.00244903564453126 -0.096221923828125
0.088165283203125 0.004302978515625 0.0413475036621094 -0.0457763671875
0.076385498046875 -0.0125579833984375 0.0757293701171875 -0.0235366821289063
0.0531387329101562 -0.0392684936523437 0.0885848999023438 -0.0505828857421875
0.030029296875 -0.0476036071777344 0.07366943359375 -0.0638809204101563
-0.00709915161132813 -0.0622749328613281 0.0494461059570313 -0.0829010009765625
-0.0320091247558594 -0.0637168884277344 0.0256500244140625 -0.075714111328125
-0.03350830078125 -0.0630035400390625 0.0170783996582031 -0.0464973449707031
-0.0446395874023438 -0.0734405517578125 0.0193157196044922 -0.0211887359619141
-0.0260162353515625 -0.0870437622070313 0.006195068359375 0.00975036621093749
0.018646240234375 -0.095733642578125 -0.00755882263183593 0.0297355651855469
0.0571823120117187 -0.082244873046875 -0.0280036926269531 0.0225353240966797
0.102287292480469 -0.02777099609375 -0.0401611328125 0.0218009948730469
0.119949340820313 0.00054168701171875 -0.0413970947265625 0.0143547058105469
0.123306274414062 0.0346298217773437 -0.0215530395507813 0.0230064392089844
0.122596740722656 0.0585403442382812 0.04559326171875 -0.0717391967773438
0.101890563964844 0.0290603637695312 0.0772705078125 -0.0291519165039062
0.103782653808594 0.0045623779296875 0.0953445434570313 -0.015106201171875
0.0851287841796875 -0.036865234375 0.100555419921875 -0.0440673828125
0.0552597045898438 -0.052520751953125 0.0762405395507813 -0.0528030395507813
0.0152740478515625 -0.0769271850585938 0.053070068359375 -0.0649337768554688
-0.014617919921875 -0.079742431640625 0.0365524291992188 -0.0528411865234375
-0.0167160034179688 -0.0759429931640625 0.0316276550292969 -0.0249061584472656
-0.0281906127929687 -0.086639404296875 0.0368232727050781 -0.00045394897460938
-0.0130462646484375 -0.0913162231445313 0.0213241577148438 0.0286865234375
0.029571533203125 -0.0974960327148438 0.00576782226562501 0.0451164245605469
0.0644989013671875 -0.0837936401367188 -0.0153484344482422 0.0312881469726562
0.109855651855469 -0.0259552001953125 -0.0230960845947266 0.0247821807861328
0.124359130859375 0.0065765380859375 -0.00738143920898437 0.0142860412597656
0.121833801269531 0.04461669921875 0.0223274230957031 0.0409126281738281
0.104377746582031 0.0659561157226563 0.0826034545898437 -0.0440139770507812
0.097869873046875 0.0461273193359375 0.108154296875 -0.0098419189453125
0.111671447753906 0.0178451538085937 0.108604431152344 -0.00677490234375
0.0990676879882812 -0.0299301147460937 0.103271484375 -0.0327529907226563
0.0680923461914063 -0.0498046875 0.0710678100585937 -0.0360260009765625
0.0313339233398437 -0.0787429809570313 0.0516166687011719 -0.0393600463867188
0.00427246093750001 -0.0820236206054688 0.0426177978515625 -0.0234298706054688
0.00205993652343749 -0.0761642456054688 0.0403633117675781 0.00068283081054687
-0.00676727294921875 -0.0867691040039063 0.0486564636230469 0.0224113464355469
0.00578308105468751 -0.0841903686523438 0.0302085876464844 0.0465927124023437
0.0417633056640625 -0.0823898315429688 0.0127487182617188 0.0558509826660156
0.0694770812988281 -0.0677413940429688 -0.00677871704101562 0.037322998046875
0.1031494140625 -0.011077880859375 -0.00859642028808593 0.0242023468017578
0.110923767089844 0.0200576782226563 0.0232429504394531 0.0137577056884766
0.10260009765625 0.0524139404296875 0.0627212524414063 0.0583686828613281
0.0689849853515625 0.0605049133300781 0.110275268554687 -0.0182723999023437
0.0750579833984375 0.0481033325195313 0.129379272460938 0.00528717041015625
0.09307861328125 0.0243377685546875 0.112190246582031 -0.00115966796875
0.089202880859375 -0.0182876586914062 0.0962295532226563 -0.0213851928710938
0.064483642578125 -0.0364456176757813 0.0599861145019531 -0.0189132690429688
0.0400238037109375 -0.0643463134765625 0.0448379516601563 -0.0116348266601563
0.0211715698242188 -0.070556640625 0.0436134338378906 0.00786590576171875
0.0207862854003906 -0.0662040710449219 0.0434608459472656 0.0269317626953125
0.0179061889648437 -0.0742645263671875 0.0502510070800781 0.0447959899902344
0.0271148681640625 -0.0648384094238281 0.0298309326171875 0.0623931884765625
0.0544624328613281 -0.0547103881835938 0.0117263793945313 0.0644760131835938
0.0693893432617187 -0.03802490234375 -0.00429534912109375 0.0418052673339844
0.0854339599609375 0.012969970703125 -0.00147438049316406 0.0232524871826172
0.081298828125 0.0383758544921875 0.0437088012695313 0.0163459777832031
0.0667800903320313 0.0576286315917969 0.0910873413085937 0.077972412109375
0.023040771484375 0.0436058044433594 0.121932983398437 -0.00122833251953125
0.0368309020996094 0.0401229858398438 0.135383605957031 0.0128021240234375
0.0537605285644531 0.0251350402832031 0.106285095214844 -0.000389099121093748
0.058013916015625 -0.00134658813476563 0.0839004516601563 -0.012939453125
0.04632568359375 -0.012115478515625 0.0476341247558594 -0.00557327270507813
0.0412979125976563 -0.0347633361816406 0.0369529724121094 0.0103492736816406
0.0358810424804687 -0.0460090637207031 0.0407333374023438 0.0332489013671875
0.0368614196777344 -0.0450057983398438 0.039947509765625 0.0481071472167969
0.0395889282226563 -0.0529022216796875 0.041412353515625 0.0650253295898437
0.0446357727050781 -0.0392608642578125 0.0183944702148438 0.0744476318359375
0.059722900390625 -0.0213966369628906 0.000133514404296872 0.0688743591308594
0.0632553100585938 -0.0052337646484375 -0.0102958679199219 0.0455245971679688
0.0575981140136719 0.0372238159179688 -0.00288009643554687 0.0263214111328125
0.0409889221191406 0.0536079406738281 0.0516014099121094 0.0266265869140625
0.0214118957519531 0.0562896728515625 0.103324890136719 0.098236083984375
-0.0262775421142578 0.0223884582519531 0.116806030273438 0.00464630126953125
-0.00943946838378906 0.0270919799804687 0.125885009765625 0.0105133056640625
0.00413703918457031 0.0249252319335938 0.092376708984375 -0.004608154296875
0.0176887512207031 0.0196876525878906 0.069488525390625 -0.0098419189453125
0.0216808319091797 0.0176296234130859 0.0348987579345703 -0.0013885498046875
0.0389175415039063 0.00337600708007813 0.0267505645751953 0.0220375061035156
0.0469741821289062 -0.0137100219726562 0.0316810607910156 0.0473175048828125
0.0459136962890625 -0.0179901123046875 0.0300025939941406 0.061370849609375
0.0530357360839844 -0.0249290466308594 0.02508544921875 0.080108642578125
0.0517463684082031 -0.0120429992675781 -0.000473022460937489 0.0833740234375
0.0531196594238281 0.00674057006835937 -0.0175094604492187 0.0714950561523438
0.0463600158691406 0.0207672119140625 -0.0229415893554687 0.0491676330566406
0.0258064270019531 0.0496330261230469 -0.0138816833496094 0.0314502716064453
-0.00183105468749999 0.0571632385253906 0.0432167053222656 0.0401763916015625
-0.0260963439941406 0.0446052551269531 0.0972518920898438 0.113426208496094
0.0810317993164063 -0.0233154296875 -0.0889205932617188 -0.116531372070312
0.02655029296875 -0.0532264709472656 -0.0346412658691406 -0.055023193359375
-0.00272750854492188 -0.0496292114257812 0.0306339263916016 -0.0299091339111328
-0.0269088745117188 -0.0378494262695313 0.0513763427734375 -0.0535926818847656
-0.0336894989013672 -0.02435302734375 0.048858642578125 -0.0761566162109375
-0.0521736145019531 -0.00631332397460938 0.016632080078125 -0.099090576171875
-0.0572547912597656 0.000133514404296881 -0.0153884887695313 -0.0978622436523438
-0.0530853271484375 -0.00457382202148438 -0.0234832763671875 -0.07281494140625
-0.0594215393066406 -0.00955963134765626 -0.0253791809082031 -0.0503921508789063
-0.0443572998046875 -0.0328292846679688 -0.0264701843261719 -0.0234031677246094
-0.0182952880859375 -0.0505638122558594 -0.0346794128417969 0.00130271911621093
0.00854110717773438 -0.0494537353515625 -0.0564308166503906 0.00687789916992187
0.0415840148925781 -0.0339279174804688 -0.0849533081054688 0.00745391845703126
0.0615768432617187 -0.0253868103027344 -0.115814208984375 0.00706481933593749
0.07916259765625 -0.00701141357421875 -0.109184265136719 -0.00154113769531248
0.1165771484375 0.0038604736328125 -0.0513153076171875 -0.119331359863281
0.0634346008300781 -0.0326766967773438 -0.00167846679687499 -0.0605239868164063
0.0377044677734375 -0.0374946594238281 0.0526885986328125 -0.0328712463378906
0.0100135803222656 -0.0435600280761719 0.071685791015625 -0.058013916015625
-0.00496673583984375 -0.0390777587890625 0.0648880004882813 -0.0772247314453125
-0.0354461669921875 -0.0362472534179688 0.035125732421875 -0.100868225097656
-0.0519523620605469 -0.033660888671875 0.00375366210937499 -0.0990066528320313
-0.0503692626953125 -0.036407470703125 -0.0050048828125 -0.0692214965820313
-0.0608329772949219 -0.045562744140625 -0.00582122802734376 -0.04425048828125
-0.0415611267089844 -0.0665779113769531 -0.0111150741577148 -0.0126152038574219
-0.0022125244140625 -0.0830612182617187 -0.0208187103271484 0.0115776062011719
0.0361557006835937 -0.076202392578125 -0.0419349670410156 0.0131492614746094
0.0823974609375 -0.036468505859375 -0.0621376037597656 0.0158843994140625
0.104133605957031 -0.0178985595703125 -0.0826797485351563 0.0135498046875
0.118141174316406 0.0109939575195313 -0.0721817016601562 0.00894165039062501
0.13739013671875 0.0320892333984375 -0.00555419921874999 -0.109001159667969
0.09405517578125 -0.002685546875 0.0370750427246094 -0.0544967651367188
0.0799407958984375 -0.0190887451171875 0.0777359008789063 -0.0305938720703125
0.0517997741699219 -0.0456314086914063 0.0911026000976562 -0.059356689453125
0.0277137756347656 -0.0515556335449219 0.0758514404296875 -0.0743560791015625
-0.0125465393066406 -0.062652587890625 0.04766845703125 -0.0936431884765625
-0.0384178161621094 -0.0638427734375 0.0213241577148438 -0.0868301391601563
-0.0399246215820313 -0.0631294250488281 0.013397216796875 -0.0545730590820313
-0.0539932250976563 -0.0740890502929688 0.0159320831298828 -0.0294914245605469
-0.0359420776367188 -0.0884475708007813 0.00602006912231445 0.00398254394531249
0.0102386474609375 -0.104286193847656 -0.00597763061523438 0.026275634765625
0.0523834228515625 -0.0943679809570312 -0.0280170440673828 0.0215225219726562
0.107780456542969 -0.0406417846679687 -0.0397491455078125 0.022430419921875
0.130035400390625 -0.0128402709960937 -0.044158935546875 0.0157470703125
0.138755798339844 0.0257339477539062 -0.0257930755615234 0.0217933654785156
0.138114929199219 0.055145263671875 0.0426254272460938 -0.0862960815429687
0.112396240234375 0.0253372192382812 0.0775299072265625 -0.0392837524414063
0.113426208496094 -0.000885009765625 0.100189208984375 -0.0225296020507812
0.0881423950195313 -0.04541015625 0.1038818359375 -0.0537261962890625
0.0561370849609375 -0.0601654052734375 0.078277587890625 -0.0618438720703125
0.010345458984375 -0.0826644897460938 0.0527725219726563 -0.075164794921875
-0.0209426879882812 -0.0851287841796875 0.0340003967285156 -0.0633544921875
-0.0236129760742187 -0.0799407958984375 0.0296268463134766 -0.0327472686767578
-0.0379638671875 -0.090606689453125 0.0366706848144531 -0.00845718383789063
-0.0218429565429688 -0.0971603393554688 0.0226554870605469 0.0224113464355469
0.023345947265625 -0.107536315917969 0.00876617431640625 0.0403823852539062
0.0625457763671875 -0.0967483520507813 -0.0140171051025391 0.0290336608886719
0.118049621582031 -0.0376358032226563 -0.0210018157958984 0.0237102508544922
0.137199401855469 -0.00405120849609375 -0.00706481933593749 0.0119295120239258
0.138389587402344 0.0387496948242187 0.0239295959472656 0.0362014770507812
0.118804931640625 0.0665130615234375 0.0870895385742188 -0.05889892578125
0.110588073730469 0.0445938110351563 0.113319396972656 -0.0211105346679687
0.12420654296875 0.0129928588867188 0.114814758300781 -0.0144805908203125
0.106147766113281 -0.0399932861328125 0.107254028320313 -0.0427703857421875
0.0712432861328125 -0.0592575073242188 0.0742721557617187 -0.0441970825195313
0.0286026000976562 -0.08807373046875 0.0521965026855469 -0.0476341247558594
-0.00152587890625 -0.0916061401367187 0.0432014465332031 -0.0316276550292969
-0.00362396240234375 -0.0844573974609375 0.0406227111816406 -0.00477218627929688
-0.0142745971679688 -0.094879150390625 0.0508956909179688 0.0151329040527344
-0.000579833984375003 -0.0925750732421875 0.0332565307617188 0.0418777465820312
0.0396575927734375 -0.0937576293945313 0.0172004699707031 0.0526084899902344
0.0704574584960938 -0.0806427001953125 -0.00436592102050781 0.0344085693359375
0.113639831542969 -0.0206375122070313 -0.00621223449707031 0.0216255187988281
0.124786376953125 0.0141448974609375 0.0264129638671875 0.00845146179199219
0.118293762207031 0.05096435546875 0.0698471069335938 0.0539131164550781
0.0807723999023438 0.0645675659179688 0.119827270507813 -0.0311660766601563
0.0861129760742188 0.050689697265625 0.138343811035156 -0.005859375
0.106613159179688 0.022857666015625 0.119537353515625 -0.008575439453125
0.0980758666992188 -0.0268096923828125 0.1004638671875 -0.0292892456054688
0.069854736328125 -0.0445098876953125 0.0634765625 -0.0236167907714844
0.0389480590820313 -0.0745391845703125 0.0482635498046875 -0.0170822143554688
0.017120361328125 -0.0812606811523437 0.0465927124023437 0.00284194946289062
0.0170211791992187 -0.0762863159179688 0.0470390319824219 0.0235252380371094
0.0123748779296875 -0.0861587524414063 0.0545158386230469 0.0402488708496094
0.024200439453125 -0.0759048461914063 0.033660888671875 0.0596466064453125
0.0564231872558594 -0.0658035278320313 0.0150184631347656 0.0615730285644531
0.075225830078125 -0.0488815307617188 -0.00188827514648437 0.0388069152832031
0.0973358154296875 0.0090484619140625 0.00157356262207032 0.0210933685302734
0.09423828125 0.0380096435546875 0.0496292114257813 0.0110015869140625
0.0798797607421875 0.0616302490234375 0.103340148925781 0.073974609375
0.0295753479003906 0.0506935119628906 0.135292053222656 -0.0118942260742187
0.0438728332519531 0.0453376770019531 0.147140502929688 0.002349853515625
0.0640411376953125 0.0277824401855469 0.113479614257813 -0.00850677490234375
0.0674057006835938 -0.00601959228515625 0.0874557495117188 -0.0190963745117188
0.0527114868164063 -0.0184440612792969 0.0495376586914063 -0.00698089599609375
0.0431709289550781 -0.0446052551269531 0.0405654907226563 0.00882339477539062
0.0348396301269531 -0.057220458984375 0.0452194213867188 0.0319023132324219
0.0349617004394531 -0.0560379028320313 0.0454216003417969 0.047882080078125
0.0370635986328125 -0.065521240234375 0.0476951599121094 0.0650634765625
0.0445785522460938 -0.0509490966796875 0.021514892578125 0.0750350952148438
0.0656585693359375 -0.0323829650878906 0.00250625610351563 0.0693206787109375
0.072723388671875 -0.0126571655273438 -0.00792312622070312 0.0440711975097656
0.0696525573730469 0.0381622314453125 0.000276565551757815 0.025238037109375
0.0521430969238281 0.0592422485351563 0.0592460632324219 0.0224800109863281
0.0299339294433594 0.064239501953125 0.1185302734375 0.096038818359375
-0.0261344909667969 0.0324363708496094 0.131546020507812 -0.00386810302734375
-0.00619125366210937 0.0365562438964844 0.138748168945313 0.0023040771484375
0.0102558135986328 0.0313472747802734 0.098052978515625 -0.0116653442382812
0.0260658264160156 0.0195560455322266 0.0721282958984375 -0.01416015625
0.0290279388427734 0.0150699615478516 0.0360603332519531 -0.000514984130859374
0.0440483093261719 -0.00457000732421875 0.0307331085205078 0.023406982421875
0.0492630004882813 -0.0237236022949219 0.0377998352050781 0.0499916076660156
0.048370361328125 -0.0282707214355469 0.0364990234375 0.0644950866699219
0.0540351867675781 -0.0365028381347656 0.0318450927734375 0.0829086303710938
0.0546455383300781 -0.0228652954101563 0.00252532958984375 0.0867080688476563
0.0615043640136719 -0.001251220703125 -0.0157089233398438 0.0747299194335937
0.0568161010742187 0.0166168212890625 -0.021026611328125 0.050048828125
0.0355682373046875 0.0545883178710938 -0.0107250213623047 0.0324516296386719
0.00591659545898438 0.0668373107910156 0.0516510009765625 0.039215087890625
-0.02252197265625 0.0562477111816406 0.113189697265625 0.115776062011719
0.0820770263671875 -0.0375289916992188 -0.108139038085937 -0.115959167480469
0.0177116394042969 -0.0623779296875 -0.0450782775878906 -0.053802490234375
-0.0131607055664062 -0.0532417297363281 0.0281486511230469 -0.0322399139404297
-0.0365142822265625 -0.0339889526367188 0.049072265625 -0.0588417053222656
-0.0400428771972656 -0.0179443359375 0.0453338623046875 -0.0838775634765625
-0.0541572570800781 0.00391006469726562 0.00986480712890625 -0.106109619140625
-0.0578422546386719 0.0102157592773438 -0.02630615234375 -0.103424072265625
-0.0543556213378906 0.00496292114257812 -0.0321044921875 -0.0766677856445313
-0.0621376037597656 0.000865936279296878 -0.0338134765625 -0.0529327392578125
-0.0506935119628906 -0.0253067016601563 -0.0301475524902344 -0.0254096984863281
-0.0287590026855469 -0.0477409362792969 -0.0363998413085938 0.00102996826171875
-0.000740051269531248 -0.0519371032714844 -0.0585060119628906 0.0108489990234375
0.0363883972167969 -0.0444450378417969 -0.0875396728515625 0.01446533203125
0.0601234436035156 -0.0396652221679688 -0.123489379882812 0.0188064575195313
0.082855224609375 -0.02142333984375 -0.120979309082031 0.00855255126953123
0.122970581054688 -0.0112075805664063 -0.0697860717773438 -0.124237060546875
0.06024169921875 -0.0425605773925781 -0.0120201110839844 -0.0635833740234375
0.0329627990722656 -0.0441169738769531 0.0515213012695312 -0.0384254455566406
0.0023651123046875 -0.0448799133300781 0.0702133178710938 -0.0665931701660156
-0.0109596252441406 -0.0370712280273438 0.0618972778320312 -0.0868606567382812
-0.0399246215820313 -0.0296440124511719 0.0279693603515625 -0.110435485839844
-0.0566291809082031 -0.0274505615234375 -0.00655364990234375 -0.106788635253906
-0.0555267333984375 -0.0297737121582031 -0.01416015625 -0.0750045776367188
-0.0677909851074219 -0.0376853942871094 -0.01361083984375 -0.0499801635742187
-0.0515098571777344 -0.0611343383789063 -0.0147294998168945 -0.0170621871948242
-0.0139236450195313 -0.0846405029296875 -0.0215435028076172 0.00951385498046874
0.0256805419921875 -0.0836029052734375 -0.0431098937988281 0.0143051147460937
0.0808029174804688 -0.0513153076171875 -0.0621795654296875 0.0205116271972656
0.106689453125 -0.035614013671875 -0.0879058837890625 0.0204238891601563
0.127235412597656 -0.004913330078125 -0.0810546875 0.0143356323242188
0.14886474609375 0.01873779296875 -0.0196533203125 -0.119041442871094
0.0977020263671875 -0.0133514404296875 0.0296096801757813 -0.0619659423828125
0.0816802978515625 -0.0287017822265625 0.0771865844726563 -0.0379562377929688
0.0477142333984375 -0.052001953125 0.0897674560546875 -0.0704803466796875
0.0235633850097656 -0.0545501708984375 0.0731048583984375 -0.0852127075195313
-0.0183219909667969 -0.0622749328613281 0.0409393310546875 -0.1053466796875
-0.0466423034667969 -0.0618972778320312 0.0119400024414062 -0.0970916748046875
-0.0481491088867187 -0.0606918334960938 0.00558090209960938 -0.0622749328613281
-0.0643882751464844 -0.0697898864746094 0.0104446411132812 -0.0372734069824219
-0.0475311279296875 -0.0870437622070313 0.00461053848266601 -0.00222539901733399
-0.00254821777343749 -0.109230041503906 -0.00479888916015625 0.0224361419677734
0.0419540405273438 -0.105537414550781 -0.0272159576416016 0.0206203460693359
0.108543395996094 -0.0574874877929688 -0.0383453369140625 0.0233421325683594
0.136390686035156 -0.0313644409179688 -0.0469627380371094 0.0174560546875
0.151687622070313 0.0097198486328125 -0.0298633575439453 0.0220832824707031
0.153640747070313 0.0452423095703125 0.034515380859375 -0.100883483886719
0.121963500976562 0.01568603515625 0.0739059448242188 -0.05029296875
0.120231628417969 -0.0123443603515625 0.101448059082031 -0.0324935913085938
0.0879974365234375 -0.05670166015625 0.103401184082031 -0.0658111572265625
0.0536537170410156 -0.0679054260253906 0.0770187377929688 -0.0734024047851563
0.00341796875000001 -0.087127685546875 0.0481033325195313 -0.0865936279296875
-0.0305938720703125 -0.087493896484375 0.0277328491210937 -0.0734100341796875
-0.0332260131835938 -0.0816726684570312 0.0250282287597656 -0.0392799377441406
-0.0499954223632813 -0.0913162231445312 0.0335731506347656 -0.018096923828125
-0.0341415405273438 -0.0997238159179688 0.0233249664306641 0.0158271789550781
0.0116500854492188 -0.115997314453125 0.01092529296875 0.0353813171386719
0.0546798706054688 -0.110450744628906 -0.0130767822265625 0.0262928009033203
0.120719909667969 -0.053924560546875 -0.0179557800292969 0.0221500396728516
0.14581298828125 -0.0205535888671875 -0.00715255737304686 0.00963020324707031
0.154388427734375 0.026275634765625 0.0246524810791016 0.0322971343994141
0.134689331054688 0.0604171752929688 0.0853729248046875 -0.075408935546875
0.123054504394531 0.0374984741210938 0.11444091796875 -0.0351028442382813
0.135467529296875 0.0023193359375 0.117759704589844 -0.0262374877929687
0.109619140625 -0.0533370971679688 0.107353210449219 -0.0545883178710937
0.070892333984375 -0.070159912109375 0.0733642578125 -0.0535507202148438
0.02166748046875 -0.096221923828125 0.0502433776855469 -0.0572700500488281
-0.0119705200195312 -0.0982589721679687 0.0402717590332031 -0.0400009155273438
-0.0133743286132813 -0.09033203125 0.0398902893066406 -0.0107460021972656
-0.02655029296875 -0.10052490234375 0.051055908203125 0.00725936889648437
-0.0108642578125 -0.0987167358398437 0.0356903076171875 0.0356254577636719
0.0314865112304688 -0.105323791503906 0.0200462341308594 0.0471649169921875
0.0664825439453125 -0.0945358276367188 -0.00274848937988281 0.0308189392089844
0.120635986328125 -0.0344161987304688 -0.00279045104980468 0.0184555053710938
0.1358642578125 0.0014495849609375 0.0285625457763672 0.00238227844238281
0.134727478027344 0.0433197021484375 0.0755691528320313 0.0460662841796875
0.094970703125 0.0632553100585937 0.125244140625 -0.05010986328125
0.0991592407226563 0.047698974609375 0.144912719726563 -0.0217437744140625
0.119468688964844 0.0146865844726563 0.123649597167969 -0.0212173461914063
0.103439331054687 -0.039337158203125 0.1015625 -0.0401382446289063
0.0715103149414062 -0.0562057495117187 0.0637435913085938 -0.0296249389648438
0.0335769653320312 -0.0852508544921875 0.0484199523925781 -0.0239410400390625
0.00819396972656249 -0.0911712646484375 0.0484161376953125 -0.00351715087890626
0.00839996337890625 -0.0849990844726563 0.0496253967285156 0.0188674926757812
0.00201416015625 -0.0952606201171875 0.0575447082519531 0.0342254638671875
0.0172119140625 -0.0855712890625 0.0372428894042969 0.0554428100585937
0.0533905029296875 -0.0798721313476562 0.01904296875 0.058349609375
0.0768356323242188 -0.062042236328125 -9.53674316406196E-05 0.0356864929199219
0.108375549316406 -0.0001983642578125 0.00453376770019532 0.0172519683837891
0.107704162597656 0.0322265625 0.0540847778320313 0.00270843505859375
0.0953140258789063 0.0603485107421875 0.11431884765625 0.064300537109375
0.0395164489746094 0.0547752380371094 0.144882202148438 -0.0302734375
0.054595947265625 0.0485649108886719 0.1563720703125 -0.0135498046875
0.075714111328125 0.025726318359375 0.117042541503906 -0.0198440551757813
0.0746917724609375 -0.0140533447265625 0.0887832641601563 -0.0276260375976563
0.0572242736816406 -0.0272712707519531 0.050933837890625 -0.0112380981445313
0.0411758422851563 -0.0558395385742188 0.0433273315429688 0.00596237182617187
0.0288467407226563 -0.0688705444335937 0.0509986877441406 0.0283012390136719
0.02874755859375 -0.0669326782226563 0.0507583618164063 0.0455818176269531
0.0291824340820312 -0.0778045654296875 0.0534934997558594 0.061676025390625
0.0412521362304687 -0.0625038146972656 0.0265884399414062 0.073944091796875
0.0671730041503906 -0.0457649230957031 0.00652694702148438 0.0684394836425781
0.07855224609375 -0.024658203125 -0.00537872314453124 0.0424690246582031
0.083038330078125 0.03424072265625 0.00399017333984376 0.0225391387939453
0.0659370422363281 0.0603446960449219 0.0661697387695312 0.014862060546875
0.0420951843261719 0.0698509216308594 0.134147644042969 0.0866622924804688
-0.0225334167480469 0.0420379638671875 0.14300537109375 -0.0194854736328125
0.000160217285156251 0.0442047119140625 0.148178100585938 -0.0122222900390625
0.0193214416503906 0.0354957580566406 0.100685119628906 -0.0222091674804687
0.0345745086669922 0.0174713134765625 0.072509765625 -0.0201568603515625
0.0355949401855469 0.0101318359375 0.037750244140625 -0.00153732299804687
0.0462684631347656 -0.0142555236816406 0.0352516174316406 0.0245437622070312
0.0474166870117188 -0.0347671508789063 0.04632568359375 0.0494537353515625
0.045318603515625 -0.0388870239257813 0.0444259643554688 0.0645790100097656
0.0496597290039063 -0.0494270324707031 0.0403213500976562 0.0839691162109375
0.0540008544921875 -0.0350341796875 0.0078887939453125 0.0901641845703125
0.0664482116699219 -0.0131378173828125 -0.0120925903320313 0.0775909423828125
0.0659103393554687 0.00799179077148437 -0.0179367065429687 0.0506782531738281
0.049224853515625 0.0557022094726563 -0.00665855407714843 0.0323944091796875
0.0174636840820313 0.0745849609375 0.0607643127441406 0.0344619750976563
-0.0152778625488281 0.066497802734375 0.132087707519531 0.110275268554688
0.0771942138671875 -0.0513534545898438 -0.125495910644531 -0.107940673828125
0.00715255737304687 -0.0666542053222656 -0.0546455383300781 -0.0481681823730469
-0.0235862731933594 -0.0529518127441406 0.0247859954833984 -0.0336818695068359
-0.0444488525390625 -0.0277442932128906 0.0449638366699219 -0.0626869201660156
-0.0436477661132813 -0.0105323791503906 0.0389862060546875 -0.0887680053710938
-0.0525245666503906 0.0139694213867188 0.000419616699218747 -0.108970642089844
-0.0554428100585937 0.0200958251953125 -0.0373764038085938 -0.103950500488281
-0.0521469116210938 0.0136032104492187 -0.0421142578125 -0.0761947631835937
-0.0606498718261719 0.0114212036132812 -0.0427665710449219 -0.0525474548339844
-0.0532341003417969 -0.0154876708984375 -0.0345077514648438 -0.0257072448730469
-0.0363960266113281 -0.0413169860839844 -0.0376510620117188 0.00119400024414062
-0.0111122131347656 -0.0513343811035156 -0.0582771301269531 0.0147438049316406
0.028289794921875 -0.0522270202636719 -0.0865631103515625 0.0223464965820312
0.0537948608398437 -0.0523414611816406 -0.125518798828125 0.0324325561523438
0.0813751220703125 -0.0363311767578125 -0.128219604492188 0.022979736328125
0.123924255371094 -0.0269393920898438 -0.0879974365234375 -0.12188720703125
0.0540313720703125 -0.0508537292480469 -0.0224075317382812 -0.0628814697265625
0.0253181457519531 -0.0490760803222656 0.0474166870117187 -0.0427818298339844
-0.00509262084960937 -0.0430335998535156 0.0646133422851563 -0.0736923217773438
-0.0151786804199219 -0.0330696105957031 0.0554275512695312 -0.095245361328125
-0.0421714782714844 -0.022430419921875 0.017578125 -0.116554260253906
-0.0586357116699219 -0.0187416076660156 -0.0193252563476562 -0.110404968261719
-0.0574989318847656 -0.0222511291503906 -0.0240554809570313 -0.0772018432617188
-0.0713272094726563 -0.027740478515625 -0.0227775573730469 -0.052093505859375
-0.0586738586425781 -0.0529136657714844 -0.0187206268310547 -0.0201072692871094
-0.0258712768554687 -0.0812149047851562 -0.0227298736572266 0.00728225708007812
0.0131607055664063 -0.087127685546875 -0.0423774719238281 0.0153160095214844
0.073394775390625 -0.0640869140625 -0.0602188110351562 0.0242881774902344
0.103485107421875 -0.0525283813476563 -0.0893783569335938 0.0290451049804687
0.129013061523438 -0.0234603881835938 -0.086761474609375 0.0232467651367188
0.1549072265625 0.00128173828125 -0.0364837646484375 -0.122467041015625
0.0967483520507813 -0.0248794555664063 0.0194282531738281 -0.0662155151367188
0.0789718627929688 -0.0383834838867188 0.0738067626953125 -0.0449676513671875
0.0409278869628906 -0.0566062927246094 0.0837173461914063 -0.0792770385742188
0.0184707641601562 -0.0559730529785156 0.0666961669921875 -0.0946121215820313
-0.0237617492675781 -0.0588760375976563 0.0304107666015625 -0.113365173339844
-0.0537223815917969 -0.0565376281738281 -0.000648498535156253 -0.101974487304687
-0.0543708801269531 -0.0550384521484375 -0.00331497192382812 -0.0656204223632812
-0.0728302001953125 -0.06219482421875 0.00228881835937499 -0.0418891906738281
-0.0574722290039062 -0.0813751220703125 0.00128889083862304 -0.00674962997436524
-0.0165023803710937 -0.108657836914062 -0.00502777099609375 0.0177536010742187
0.0286712646484375 -0.111900329589844 -0.0268630981445312 0.0197181701660156
0.102287292480469 -0.073272705078125 -0.0355949401855469 0.02362060546875
0.134933471679688 -0.050628662109375 -0.0481910705566406 0.0204925537109375
0.157867431640625 -0.009796142578125 -0.0336742401123047 0.0249366760253906
0.163192749023438 0.0286712646484375 0.021759033203125 -0.110710144042969
0.126235961914063 0.00246429443359375 0.0658988952636719 -0.0597953796386719
0.123176574707031 -0.0263137817382813 0.0984878540039063 -0.0423583984375
0.0831756591796875 -0.0669326782226563 0.0975418090820313 -0.0766525268554688
0.0483169555664063 -0.0741729736328125 0.0712738037109375 -0.0824737548828125
-0.00551605224609375 -0.0878219604492187 0.03912353515625 -0.0954208374023438
-0.041229248046875 -0.0853195190429688 0.0174942016601562 -0.07989501953125
-0.0423812866210937 -0.079742431640625 0.0181655883789063 -0.0444297790527344
-0.062347412109375 -0.0869293212890625 0.0273857116699219 -0.0248699188232422
-0.0453262329101562 -0.097076416015625 0.0210552215576172 0.00918006896972656
-0.00223541259765625 -0.11944580078125 0.0112934112548828 0.0291175842285156
0.0418243408203125 -0.119140625 -0.0125274658203125 0.0230617523193359
0.117912292480469 -0.0703811645507813 -0.0156669616699219 0.0191764831542969
0.146942138671875 -0.0394744873046875 -0.00832509994506835 0.0064554214477539
0.16351318359375 0.008270263671875 0.0240135192871094 0.028350830078125
0.14715576171875 0.0481719970703125 0.0777511596679688 -0.0904083251953125
0.131240844726562 0.025634765625 0.110130310058594 -0.0490798950195312
0.14202880859375 -0.0125579833984375 0.115829467773438 -0.0369720458984375
0.106170654296875 -0.0673370361328125 0.102622985839844 -0.0656967163085938
0.0662994384765625 -0.080047607421875 0.0696220397949219 -0.0611038208007813
0.011505126953125 -0.100944519042969 0.0441474914550781 -0.0653114318847656
-0.0244369506835937 -0.0999526977539063 0.0342483520507813 -0.0471725463867188
-0.02410888671875 -0.0915374755859375 0.0369300842285156 -0.0167388916015625
-0.0401840209960937 -0.100227355957031 0.04754638671875 -0.00123977661132813
-0.0226058959960938 -0.100296020507812 0.03546142578125 0.0293197631835937
0.0200119018554688 -0.112785339355469 0.0214424133300781 0.0406341552734375
0.05694580078125 -0.10614013671875 -0.00256729125976562 0.0263462066650391
0.121772766113281 -0.049407958984375 -0.00154590606689452 0.0142326354980469
0.141357421875 -0.0144195556640625 0.02740478515625 -0.00461196899414063
0.14617919921875 0.030029296875 0.0789947509765625 0.0358963012695313
0.106826782226563 0.0569686889648437 0.122726440429688 -0.0685195922851563
0.109054565429687 0.0400619506835937 0.14349365234375 -0.03900146484375
0.128097534179688 0.00304412841796875 0.122566223144531 -0.033721923828125
0.103721618652344 -0.0528945922851563 0.0986328125 -0.050750732421875
0.0688514709472656 -0.0671653747558594 0.0622291564941406 -0.0364456176757813
0.0245819091796875 -0.09271240234375 0.0465621948242188 -0.0299415588378906
-0.00391387939453126 -0.0965499877929688 0.0477676391601562 -0.00993728637695313
-0.00244903564453126 -0.0899200439453125 0.0504837036132812 0.0131721496582031
-0.0114288330078125 -0.10003662109375 0.0587806701660156 0.0266494750976562
0.00651550292968749 -0.0912246704101563 0.0388298034667969 0.0494728088378906
0.0450057983398438 -0.0905075073242188 0.0215339660644531 0.0528945922851563
0.072540283203125 -0.0758895874023438 0.00123023986816406 0.0316429138183594
0.114486694335938 -0.0125274658203125 0.0066051483154297 0.0118045806884766
0.117744445800781 0.0218048095703125 0.0546455383300781 -0.00680923461914062
0.108131408691406 0.05316162109375 0.12078857421875 0.0506057739257813
0.0499305725097656 0.0559806823730469 0.146881103515625 -0.050048828125
0.0647010803222656 0.0467987060546875 0.157852172851563 -0.0322418212890625
0.0857620239257813 0.019561767578125 0.116012573242188 -0.0328750610351563
0.0783004760742188 -0.0239410400390625 0.0864410400390625 -0.035980224609375
0.0581512451171875 -0.0366172790527344 0.0505828857421875 -0.0150299072265625
0.0356369018554687 -0.0647506713867188 0.0448951721191406 0.00160598754882812
0.0190505981445313 -0.077301025390625 0.0552253723144531 0.0227279663085937
0.0197067260742188 -0.0749282836914063 0.0561752319335938 0.0404281616210937
0.0180892944335938 -0.0863494873046875 0.05816650390625 0.0557327270507812
0.0330886840820313 -0.0717697143554687 0.0310440063476563 0.0711517333984375
0.0633583068847656 -0.0589141845703125 0.0101737976074219 0.0657005310058594
0.0791702270507813 -0.0369949340820313 -0.00320053100585937 0.0391159057617188
0.09381103515625 0.0257339477539063 0.00701713562011719 0.0186424255371094
0.0789718627929688 0.05645751953125 0.069091796875 0.00482559204101563
0.0553627014160156 0.0699386596679688 0.145278930664063 0.072235107421875
-0.0155220031738281 0.0494537353515625 0.148117065429687 -0.03802490234375
0.00860595703125 0.0489616394042969 0.151260375976563 -0.0299835205078125
0.0293540954589844 0.0366897583007813 0.099700927734375 -0.0328140258789063
0.0414009094238281 0.0121116638183594 0.0703659057617188 -0.0258102416992188
0.0401077270507813 0.00392532348632813 0.0380325317382813 -0.00289535522460937
0.0448417663574219 -0.0243797302246094 0.0398826599121094 0.0219535827636719
0.0419502258300781 -0.0453262329101563 0.0536918640136719 0.0458526611328125
0.0389785766601563 -0.0480537414550781 0.0524978637695313 0.0618820190429688
0.0412368774414062 -0.0600433349609375 0.0484237670898438 0.0813522338867188
0.0491676330566406 -0.0456199645996094 0.01422119140625 0.0901947021484375
0.0668754577636719 -0.0261344909667969 -0.00693511962890625 0.07781982421875
0.0712203979492188 -0.00322723388671875 -0.0145492553710938 0.0496711730957031
0.061798095703125 0.0517692565917969 -0.00273323059082031 0.0312118530273438
0.0306396484375 0.0761871337890625 0.0668716430664063 0.0267143249511719
-0.00497436523437501 0.073638916015625 0.146957397460938 0.096832275390625
0.0696372985839844 -0.0613670349121094 -0.136466979980469 -0.0961380004882812
-0.003173828125 -0.0677757263183594 -0.0608406066894531 -0.0414886474609375
-0.0323677062988281 -0.050140380859375 0.0212039947509766 -0.0336647033691406
-0.0492134094238281 -0.0202217102050781 0.0411720275878906 -0.0637130737304688
-0.0443115234375 -0.00271987915039063 0.0330429077148438 -0.0909652709960937
-0.0484886169433594 0.0215530395507813 -0.00693511962890626 -0.108795166015625
-0.0501060485839844 0.0275650024414063 -0.04669189453125 -0.100471496582031
-0.0475883483886719 0.0203971862792969 -0.0494384765625 -0.0728988647460938
-0.0552978515625 0.019744873046875 -0.0493888854980469 -0.049041748046875
-0.0524673461914062 -0.00671386718750001 -0.0380973815917969 -0.0254974365234375
-0.0408515930175781 -0.0333633422851563 -0.0381088256835938 0.00181198120117187
-0.01922607421875 -0.0478935241699219 -0.0560646057128906 0.0164604187011719
0.0184669494628906 -0.0569496154785156 -0.082977294921875 0.02685546875
0.044830322265625 -0.0604629516601562 -0.123260498046875 0.0430145263671875
0.0757064819335938 -0.0481414794921875 -0.129318237304688 0.0363388061523437
0.119621276855469 -0.0410614013671875 -0.10125732421875 -0.114570617675781
0.0456123352050781 -0.0558815002441406 -0.0312652587890625 -0.0587921142578125
0.0179519653320313 -0.05047607421875 0.0433464050292969 -0.0451087951660156
-0.0113296508789063 -0.038909912109375 0.0582351684570313 -0.0769882202148438
-0.0180149078369141 -0.0284061431884766 0.04754638671875 -0.0986785888671875
-0.0414924621582031 -0.015380859375 0.00769805908203124 -0.118247985839844
-0.0577239990234375 -0.0111236572265625 -0.0303115844726563 -0.1090087890625
-0.0567550659179687 -0.0152587890625 -0.0329513549804688 -0.075531005859375
-0.07122802734375 -0.0184860229492188 -0.0310325622558594 -0.0509719848632812
-0.0610694885253906 -0.0445594787597656 -0.0229454040527344 -0.0214080810546875
-0.0340347290039063 -0.0745697021484375 -0.0242977142333984 0.00506210327148437
0.00218963623046876 -0.0858917236328125 -0.041351318359375 0.0158920288085937
0.063385009765625 -0.0726394653320313 -0.056854248046875 0.0257072448730469
0.094635009765625 -0.0662002563476563 -0.0876998901367188 0.0352630615234375
0.126197814941406 -0.0390243530273438 -0.0891799926757812 0.0315399169921875
0.154159545898438 -0.0137939453125 -0.050872802734375 -0.121047973632812
0.091888427734375 -0.0335922241210938 0.00944519042968751 -0.0661048889160156
0.074005126953125 -0.0454330444335938 0.0692520141601563 -0.0489540100097656
0.0346107482910156 -0.0581932067871094 0.0759506225585938 -0.084259033203125
0.0134468078613281 -0.0553817749023438 0.0586013793945312 -0.099090576171875
-0.0275650024414062 -0.0541419982910156 0.020111083984375 -0.1162109375
-0.0568923950195312 -0.0500068664550781 -0.0119400024414063 -0.103019714355469
-0.0575485229492188 -0.0484085083007812 -0.0118026733398437 -0.0654296875
-0.0765380859375 -0.05340576171875 -0.00606918334960938 -0.0439910888671875
-0.0631866455078125 -0.073211669921875 -0.00308036804199219 -0.0103321075439453
-0.0277175903320312 -0.10394287109375 -0.00675010681152344 0.0138559341430664
0.01605224609375 -0.113105773925781 -0.0270767211914063 0.0176620483398437
0.0929946899414063 -0.0835952758789063 -0.0334434509277344 0.0219135284423828
0.127906799316406 -0.0663681030273438 -0.0481452941894531 0.021728515625
0.156890869140625 -0.0266876220703125 -0.0360298156738281 0.0278701782226563
0.166839599609375 0.014434814453125 0.00939941406250002 -0.115158081054688
0.125648498535156 -0.00850677490234375 0.0566024780273438 -0.0646209716796875
0.120765686035156 -0.0378265380859375 0.0925827026367188 -0.0483779907226562
0.07598876953125 -0.0734634399414063 0.089996337890625 -0.082489013671875
0.0423965454101563 -0.0771636962890625 0.0643234252929688 -0.0881195068359375
-0.0119781494140625 -0.0861663818359375 0.0298538208007812 -0.0991363525390625
-0.0490264892578125 -0.080780029296875 0.00806427001953125 -0.0829010009765625
-0.0494918823242187 -0.0750579833984375 0.0113868713378906 -0.0463066101074219
-0.0697860717773437 -0.0796432495117188 0.019775390625 -0.0288848876953125
-0.0543289184570313 -0.0910491943359375 0.017460823059082 0.00417041778564453
-0.01434326171875 -0.117904663085938 0.00903701782226562 0.0234966278076172
0.0292587280273437 -0.122146606445313 -0.012969970703125 0.0197849273681641
0.110725402832031 -0.0823516845703125 -0.0143632888793945 0.0156822204589844
0.143295288085938 -0.0555572509765625 -0.0098285675048828 0.00447368621826172
0.16558837890625 -0.008758544921875 0.0219593048095703 0.0255470275878906
0.153671264648438 0.03521728515625 0.066986083984375 -0.100318908691406
0.13458251953125 0.0137481689453125 0.10205078125 -0.0586090087890625
0.142837524414063 -0.0254669189453125 0.11083984375 -0.04510498046875
0.099365234375 -0.0766525268554688 0.0961456298828125 -0.0719451904296875
0.0602264404296875 -0.0863189697265625 0.0642547607421875 -0.0667152404785156
0.00238800048828125 -0.10205078125 0.0374984741210937 -0.0698051452636719
-0.035064697265625 -0.0976791381835937 0.0272407531738281 -0.0509147644042969
-0.0332794189453125 -0.0897293090820313 0.0330657958984375 -0.0202579498291016
-0.0510101318359375 -0.0964431762695313 0.0422554016113281 -0.00652313232421876
-0.0325393676757813 -0.0972747802734375 0.0327129364013672 0.0225067138671875
0.00762939453125001 -0.114295959472656 0.0202064514160156 0.0344333648681641
0.0460357666015625 -0.112075805664063 -0.00296783447265625 0.0227108001708984
0.118377685546875 -0.0614013671875 -0.000435829162597649 0.00864505767822265
0.141082763671875 -0.0283203125 0.0248203277587891 -0.0106658935546875
0.151397705078125 0.0164031982421875 0.077545166015625 0.0271530151367188
0.115646362304688 0.0484085083007813 0.115020751953125 -0.0830917358398438
0.115745544433594 0.031341552734375 0.137519836425781 -0.0524215698242188
0.131813049316406 -0.008697509765625 0.117813110351563 -0.0425872802734375
0.0998153686523438 -0.063262939453125 0.092681884765625 -0.05706787109375
0.0635833740234375 -0.0750579833984375 0.05859375 -0.0402069091796875
0.0150527954101562 -0.0965194702148438 0.0434112548828125 -0.0336723327636719
-0.01531982421875 -0.0974960327148437 0.0450706481933594 -0.0155029296875
-0.0127182006835937 -0.090545654296875 0.049346923828125 0.00800704956054687
-0.0237503051757812 -0.0995254516601563 0.0563888549804688 0.0199317932128906
-0.00364685058593751 -0.0931320190429688 0.0386390686035156 0.0435333251953125
0.0352020263671875 -0.0966262817382813 0.0215034484863281 0.0473670959472656
0.0655059814453125 -0.0843505859375 0.000345230102539069 0.0269832611083984
0.116058349609375 -0.023956298828125 0.0072011947631836 0.0072178840637207
0.122810363769531 0.0106048583984375 0.0522804260253906 -0.0157508850097656
0.1160888671875 0.0442962646484375 0.122016906738281 0.0378494262695313
0.0577964782714844 0.0537033081054688 0.143280029296875 -0.0667572021484375
0.0718841552734375 0.0429534912109375 0.154083251953125 -0.0476837158203125
0.0926513671875 0.0123367309570313 0.111503601074219 -0.041534423828125
0.0785903930664063 -0.0331649780273438 0.0819244384765625 -0.04119873046875
0.0562629699707031 -0.0443458557128906 0.0497589111328125 -0.0174560546875
0.028656005859375 -0.07098388671875 0.04541015625 -0.00196456909179688
0.00872802734375 -0.0814056396484375 0.0561370849609375 0.0170249938964844
0.0102005004882813 -0.0781402587890625 0.0584449768066406 0.0351982116699219
0.00593566894531251 -0.089202880859375 0.0600051879882812 0.0492744445800781
0.0241851806640625 -0.0768661499023437 0.0321617126464844 0.0664520263671875
0.0569610595703125 -0.0681610107421875 0.0119361877441406 0.0615653991699219
0.0770645141601563 -0.0482254028320312 -0.00252914428710937 0.0352668762207031
0.100334167480469 0.0165786743164063 0.00879287719726563 0.0136175155639648
0.0884628295898438 0.0500259399414062 0.0689811706542969 -0.00480270385742187
0.065185546875 0.0665664672851563 0.148956298828125 0.05755615234375
-0.00771331787109376 0.0542373657226562 0.146621704101562 -0.0540771484375
0.0171127319335937 0.0508613586425781 0.148956298828125 -0.0439605712890625
0.0385589599609375 0.0349082946777344 0.0946121215820313 -0.0398178100585938
0.0456314086914063 0.0057373046875 0.0672340393066406 -0.0291709899902344
0.0419998168945313 -0.00311279296875 0.0382270812988281 -0.003021240234375
0.0408134460449219 -0.032073974609375 0.0425910949707031 0.01934814453125
0.0340156555175781 -0.0524635314941406 0.058319091796875 0.0409088134765625
0.0319709777832031 -0.0541954040527344 0.0576972961425781 0.0567092895507812
0.0320549011230469 -0.066680908203125 0.0540084838867188 0.0758590698242187
0.0416412353515625 -0.0536613464355469 0.0183639526367188 0.0879287719726563
0.0634574890136719 -0.0364952087402344 -0.00368499755859375 0.07623291015625
0.0716552734375 -0.0138397216796875 -0.0121917724609375 0.0478973388671875
0.0710372924804688 0.0453338623046875 0.00031852722167969 0.0281734466552734
0.0421295166015625 0.0749435424804688 0.0700035095214844 0.0180587768554688
0.00532531738281251 0.076019287109375 0.1544189453125 0.0830078125
0.062225341796875 -0.0682830810546875 -0.142318725585938 -0.085968017578125
-0.0115547180175781 -0.0661163330078125 -0.0642967224121094 -0.0341720581054688
-0.0393333435058594 -0.0458641052246094 0.0196857452392578 -0.0327835083007813
-0.0512428283691406 -0.0124588012695313 0.0379638671875 -0.0632972717285156
-0.043914794921875 0.00344467163085937 0.0288314819335937 -0.0911941528320313
-0.0434112548828125 0.0274810791015625 -0.0114898681640625 -0.107254028320312
-0.0443305969238281 0.0322456359863281 -0.0522232055664062 -0.0967559814453125
-0.0430831909179688 0.0246925354003906 -0.0546226501464844 -0.0695533752441406
-0.0502433776855469 0.0249862670898438 -0.0543212890625 -0.0458602905273438
-0.0501861572265625 -0.000648498535156257 -0.0408096313476563 -0.0250740051269531
-0.0423812866210937 -0.0263786315917969 -0.0388717651367188 0.00116348266601563
-0.02471923828125 -0.0441627502441406 -0.0549964904785156 0.0173225402832031
0.0100555419921875 -0.0587272644042969 -0.0800018310546875 0.0294723510742187
0.0359916687011719 -0.0661849975585938 -0.12005615234375 0.0505294799804688
0.0697669982910156 -0.0559577941894531 -0.128799438476563 0.0465240478515625
0.113822937011719 -0.0504913330078125 -0.109519958496094 -0.106742858886719
0.0383529663085938 -0.0578460693359375 -0.0370445251464844 -0.05438232421875
0.0120086669921875 -0.0507164001464844 0.0398597717285156 -0.0445671081542969
-0.0148754119873047 -0.0351009368896484 0.0540008544921875 -0.077850341796875
-0.0190086364746094 -0.0242481231689453 0.0420303344726563 -0.100250244140625
-0.0392379760742188 -0.0102310180664062 0.00147247314453125 -0.118316650390625
-0.0559616088867188 -0.00585937500000001 -0.0381011962890625 -0.106895446777344
-0.0551872253417969 -0.0103416442871094 -0.0391464233398437 -0.0728607177734375
-0.068511962890625 -0.0117721557617187 -0.0374488830566406 -0.0492782592773437
-0.0619888305664062 -0.036956787109375 -0.0266914367675781 -0.0220756530761719
-0.0387649536132812 -0.06842041015625 -0.0255641937255859 0.00358772277832031
-0.00624847412109375 -0.0826797485351563 -0.0406875610351563 0.0145454406738281
0.0544891357421875 -0.0771713256835937 -0.0543403625488281 0.0253486633300781
0.0857009887695313 -0.0742568969726563 -0.0863571166992188 0.0399017333984375
0.121246337890625 -0.0508346557617188 -0.0899658203125 0.0387420654296875
0.152114868164063 -0.0260162353515625 -0.0610885620117187 -0.117820739746094
0.0875396728515625 -0.0392074584960938 0.00153732299804688 -0.0646209716796875
0.0690803527832031 -0.0496292114257813 0.0644989013671875 -0.0508460998535156
0.0291938781738281 -0.0577545166015625 0.0711822509765625 -0.0865554809570313
0.0105171203613281 -0.0538902282714844 0.0530853271484375 -0.101669311523438
-0.0289649963378906 -0.0500564575195313 0.012298583984375 -0.116905212402344
-0.058380126953125 -0.0448226928710937 -0.0202560424804688 -0.101837158203125
-0.0589065551757813 -0.0438613891601563 -0.0177421569824219 -0.0647354125976563
-0.0779876708984375 -0.0460739135742187 -0.0127983093261719 -0.043365478515625
-0.0661849975585938 -0.0658378601074219 -0.00758075714111329 -0.0126485824584961
-0.0344085693359375 -0.0986785888671875 -0.00944137573242187 0.010746955871582
0.00659179687499999 -0.111053466796875 -0.0270519256591797 0.0151176452636719
0.0846023559570312 -0.090667724609375 -0.0317611694335937 0.0194969177246094
0.120399475097656 -0.07708740234375 -0.0488243103027344 0.0231361389160156
0.154159545898437 -0.039764404296875 -0.0377082824707031 0.0304985046386719
0.16778564453125 0.00177001953125 -0.000785827636718742 -0.116836547851563
0.123619079589844 -0.0166397094726562 0.0484504699707031 -0.0665435791015625
0.117805480957031 -0.0460052490234375 0.0882949829101563 -0.0513839721679688
0.0692672729492187 -0.07684326171875 0.0845489501953125 -0.0855484008789063
0.0373611450195312 -0.0791091918945313 0.0588455200195313 -0.0905227661132813
-0.016510009765625 -0.0836410522460938 0.0223770141601563 -0.101104736328125
-0.0539398193359375 -0.0764694213867188 2.28881835937477E-05 -0.0830535888671875
-0.0532302856445312 -0.071044921875 0.00608444213867187 -0.0469856262207031
-0.0740509033203125 -0.0731887817382812 0.0134048461914062 -0.0301780700683594
-0.0592269897460938 -0.0853271484375 0.0130271911621094 0.0011749267578125
-0.0231170654296875 -0.113990783691406 0.00606346130371094 0.0194149017333984
0.0189437866210937 -0.122604370117188 -0.014312744140625 0.0161600112915039
0.103309631347656 -0.0904006958007813 -0.0145235061645508 0.0114355087280273
0.137626647949219 -0.0667190551757813 -0.0120038986206055 0.00256538391113281
0.16522216796875 -0.020751953125 0.0196495056152344 0.0240440368652344
0.156814575195313 0.0251312255859375 0.058013916015625 -0.107192993164063
0.135368347167969 0.00568389892578125 0.094635009765625 -0.0639572143554688
0.142120361328125 -0.035491943359375 0.106285095214844 -0.0491485595703125
0.0941848754882812 -0.0829544067382812 0.0909957885742188 -0.0755691528320313
0.0548019409179688 -0.0901107788085937 0.0600929260253906 -0.0687637329101563
-0.0044097900390625 -0.101478576660156 0.0322036743164063 -0.0719146728515625
-0.0422134399414062 -0.0950927734375 0.0217094421386719 -0.0530738830566406
-0.0395965576171875 -0.0874786376953125 0.0292434692382813 -0.0225963592529297
-0.0580520629882813 -0.0910263061523438 0.03717041015625 -0.00991439819335938
-0.0394363403320312 -0.0941925048828125 0.0294284820556641 0.018524169921875
-0.00106811523437501 -0.114151000976563 0.0168361663818359 0.0300464630126953
0.0377960205078125 -0.115234375 -0.00497245788574219 0.01824951171875
0.114479064941406 -0.0699691772460938 -0.00158596038818359 0.00394225120544433
0.139366149902344 -0.0390853881835937 0.0217399597167969 -0.0151596069335938
0.153289794921875 0.0058746337890625 0.0754623413085938 0.0218658447265625
0.120513916015625 0.0416259765625 0.107757568359375 -0.092926025390625
0.117828369140625 0.0245513916015625 0.130889892578125 -0.0610580444335938
0.133529663085938 -0.0176544189453125 0.112541198730469 -0.0482177734375
0.0958175659179687 -0.0704879760742188 0.0882720947265625 -0.06072998046875
0.05963134765625 -0.080047607421875 0.0567588806152344 -0.0422744750976563
0.00857543945312499 -0.0982894897460938 0.0404891967773438 -0.0372200012207031
-0.02337646484375 -0.096588134765625 0.0420494079589844 -0.0189476013183594
-0.0201873779296875 -0.0897293090820313 0.0478858947753906 0.00498199462890625
-0.032623291015625 -0.0976409912109375 0.05316162109375 0.0155830383300781
-0.0113677978515625 -0.0926513671875 0.0363693237304688 0.03973388671875
0.0271072387695313 -0.0992050170898438 0.0191268920898437 0.0427627563476562
0.0586318969726563 -0.0899276733398438 -0.000900268554687495 0.0233573913574219
0.1163330078125 -0.0330352783203125 0.00703811645507813 0.00188970565795898
0.124595642089844 0.0017242431640625 0.0498390197753906 -0.0212478637695312
0.121414184570312 0.0367889404296875 0.120651245117188 0.0291748046875
0.0640487670898438 0.0511131286621094 0.137351989746094 -0.078826904296875
0.0772476196289063 0.0392913818359375 0.148696899414063 -0.0577545166015625
0.0969085693359375 0.00605010986328125 0.106727600097656 -0.0463943481445313
0.0776901245117188 -0.0401382446289063 0.0787582397460938 -0.0438766479492188
0.0542945861816406 -0.0504570007324219 0.0487518310546875 -0.0182418823242188
0.0216598510742187 -0.0745697021484375 0.0452766418457031 -0.004638671875
0.000335693359374995 -0.0831985473632813 0.0566787719726563 0.0131607055664062
0.00269317626953124 -0.0797348022460938 0.0591201782226563 0.0313072204589844
-0.00371551513671875 -0.089996337890625 0.0600776672363281 0.0443878173828125
0.0162353515625 -0.0795974731445313 0.0322914123535156 0.0634613037109375
0.0503616333007813 -0.0743255615234375 0.0114669799804688 0.0585212707519531
0.0726547241210938 -0.055908203125 -0.00359535217285155 0.0321483612060547
0.104110717773438 0.0087890625 0.00848484039306641 0.00927257537841797
0.0947189331054688 0.0435333251953125 0.067169189453125 -0.0116767883300781
0.0725021362304688 0.0632095336914063 0.150054931640625 0.0469818115234375
-0.0005645751953125 0.0565147399902344 0.14312744140625 -0.06622314453125
0.0243759155273438 0.05126953125 0.145355224609375 -0.0541534423828125
0.0458106994628906 0.0322151184082031 0.0900497436523438 -0.0441741943359375
0.0485763549804688 3.4332275390625E-05 0.065216064453125 -0.0309600830078125
0.0430946350097656 -0.009063720703125 0.0391044616699219 -0.0027618408203125
0.0371131896972656 -0.0383377075195313 0.0452880859375 0.0172004699707031
0.026611328125 -0.0567169189453125 0.06201171875 0.0363273620605469
0.0244827270507813 -0.05743408203125 0.060760498046875 0.0523109436035156
0.0229263305664062 -0.0696334838867188 0.056396484375 0.071380615234375
0.0349044799804688 -0.057952880859375 0.0211410522460937 0.0858230590820313
0.059112548828125 -0.0438804626464844 -0.00264739990234374 0.074005126953125
0.07110595703125 -0.0220184326171875 -0.0114288330078125 0.0453529357910156
0.077423095703125 0.0388717651367188 0.00201797485351563 0.0247592926025391
0.0513153076171875 0.07196044921875 0.0707931518554688 0.0108108520507813
0.0143814086914062 0.07696533203125 0.1568603515625 0.072296142578125
0.05615234375 -0.0736618041992188 -0.147628784179688 -0.07928466796875
-0.0175209045410156 -0.064788818359375 -0.0669288635253906 -0.0284233093261719
-0.0456123352050781 -0.0425529479980469 0.0190315246582031 -0.0312614440917969
-0.0531845092773438 -0.00680923461914063 0.0371360778808594 -0.063232421875
-0.043060302734375 0.00864791870117189 0.026458740234375 -0.0918121337890625
-0.0390815734863281 0.0316696166992188 -0.01470947265625 -0.106918334960937
-0.0395660400390625 0.0354461669921875 -0.0564956665039062 -0.0953826904296875
-0.0396842956542969 0.0274696350097656 -0.0588722229003906 -0.0674476623535156
-0.0449600219726563 0.0290374755859375 -0.0581817626953125 -0.04345703125
-0.0472640991210938 0.00428771972656249 -0.0438423156738281 -0.0246200561523438
-0.0436363220214844 -0.0208625793457031 -0.0405426025390625 0.000396728515625005
-0.0292091369628906 -0.0403709411621094 -0.0547561645507813 0.0169830322265625
0.00305557250976563 -0.0597152709960937 -0.0785446166992188 0.0308456420898438
0.0284538269042969 -0.0701637268066406 -0.118881225585938 0.05670166015625
0.0648422241210938 -0.0631866455078125 -0.129142761230469 0.0552902221679688
0.110336303710938 -0.0587310791015625 -0.117416381835937 -0.10302734375
0.0334281921386719 -0.0589027404785156 -0.0417861938476563 -0.0498085021972656
0.0068359375 -0.0504837036132813 0.038665771484375 -0.04473876953125
-0.0175762176513672 -0.0312099456787109 0.052093505859375 -0.0785598754882813
-0.0195560455322266 -0.0213184356689453 0.03936767578125 -0.101936340332031
-0.0370025634765625 -0.00676345825195312 -0.00315093994140624 -0.118934631347656
-0.0533409118652344 -0.00210952758789062 -0.0440750122070313 -0.105110168457031
-0.0537986755371094 -0.0069122314453125 -0.044281005859375 -0.071533203125
-0.0666656494140625 -0.00691604614257811 -0.0423431396484375 -0.04766845703125
-0.0615348815917969 -0.0320358276367188 -0.0310077667236328 -0.0228557586669922
-0.0420150756835937 -0.063323974609375 -0.0286350250244141 0.001983642578125
-0.0123443603515625 -0.0803985595703125 -0.0419578552246094 0.0130538940429687
0.0474777221679688 -0.0808792114257812 -0.0539016723632812 0.0241775512695313
0.0787582397460938 -0.0813980102539063 -0.0863265991210938 0.043243408203125
0.117973327636719 -0.059844970703125 -0.0913772583007812 0.04473876953125
0.15093994140625 -0.0345458984375 -0.068939208984375 -0.116371154785156
0.0845794677734375 -0.0430221557617187 -0.00412368774414061 -0.0625343322753906
0.065277099609375 -0.0531463623046875 0.0629806518554688 -0.0516624450683594
0.0255470275878906 -0.0569076538085938 0.0684661865234375 -0.0881423950195313
0.00911712646484375 -0.0531425476074219 0.049560546875 -0.103683471679688
-0.0297966003417969 -0.0476112365722656 0.00702667236328125 -0.118461608886719
-0.0598716735839844 -0.041107177734375 -0.027069091796875 -0.101799011230469
-0.059906005859375 -0.0410995483398438 -0.0231246948242187 -0.0645256042480469
-0.0784759521484375 -0.0408554077148438 -0.018707275390625 -0.0428543090820313
-0.0682640075683594 -0.061126708984375 -0.0118684768676758 -0.0138664245605469
-0.0388946533203125 -0.0951004028320313 -0.0122776031494141 0.00841426849365234
-0.000785827636718743 -0.110549926757813 -0.0293216705322266 0.0129528045654297
0.0788192749023438 -0.09613037109375 -0.0321884155273437 0.0161323547363281
0.114601135253906 -0.0850372314453125 -0.0497207641601562 0.023956298828125
0.15289306640625 -0.049468994140625 -0.039520263671875 0.0335159301757813
0.169326782226562 -0.00714111328125 -0.00984954833984374 -0.118850708007813
0.122810363769531 -0.0223617553710938 0.0423507690429688 -0.0670661926269531
0.116142272949219 -0.0521926879882813 0.0862655639648438 -0.0528793334960937
0.0655364990234375 -0.0794754028320313 0.0817413330078125 -0.0876617431640625
0.0348358154296875 -0.0808563232421875 0.0563735961914063 -0.0925827026367188
-0.0199813842773438 -0.0819015502929688 0.017822265625 -0.10247802734375
-0.0576400756835938 -0.073272705078125 -0.00585174560546875 -0.0828323364257813
-0.0566558837890625 -0.0686416625976563 0.00204086303710938 -0.0477371215820313
-0.077667236328125 -0.0687713623046875 0.00789642333984374 -0.030609130859375
-0.0627975463867187 -0.0810775756835938 0.00871229171752929 -0.000571250915527349
-0.0292739868164063 -0.111991882324219 0.00225734710693359 0.0165634155273437
0.0122528076171875 -0.123764038085938 -0.0167360305786133 0.0136384963989258
0.0990371704101563 -0.0967178344726563 -0.01568603515625 0.00705623626708984
0.133773803710938 -0.076141357421875 -0.0143260955810547 0.00112152099609375
0.166122436523438 -0.0308074951171875 0.0174522399902344 0.0238208770751953
0.160720825195313 0.01708984375 0.0507431030273438 -0.112312316894531
0.136756896972656 -9.1552734375E-05 0.08892822265625 -0.0674591064453125
0.141799926757813 -0.0433502197265625 0.103752136230469 -0.0520095825195313
0.0895919799804688 -0.0882949829101563 0.0885086059570313 -0.0777587890625
0.0521011352539063 -0.0942306518554688 0.058685302734375 -0.0714340209960938
-0.00927734374999999 -0.101730346679687 0.0281753540039063 -0.0743789672851563
-0.048095703125 -0.0931396484375 0.0170974731445312 -0.0544357299804688
-0.044769287109375 -0.0860748291015625 0.0267829895019531 -0.0239353179931641
-0.06396484375 -0.0879440307617188 0.0320701599121094 -0.0116424560546875
-0.044769287109375 -0.0922012329101563 0.0256233215332031 0.0164566040039062
-0.0071868896484375 -0.11370849609375 0.0130519866943359 0.0269794464111328
0.0316238403320313 -0.117904663085937 -0.0079202651977539 0.0151872634887695
0.112480163574219 -0.0779495239257813 -0.00297999382019042 -0.000799655914306646
0.138641357421875 -0.0475997924804688 0.0191555023193359 -0.0189895629882813
0.156768798828125 -0.0024261474609375 0.0737152099609375 0.018218994140625
0.125762939453125 0.036376953125 0.102035522460938 -0.100639343261719
0.121902465820312 0.0197601318359375 0.126419067382813 -0.0673370361328125
0.135932922363281 -0.02532958984375 0.110618591308594 -0.0513687133789063
0.0934295654296875 -0.07684326171875 0.0861358642578125 -0.0627365112304688
0.0570297241210937 -0.0853042602539063 0.0565299987792969 -0.0443649291992188
0.00262451171875 -0.100425720214844 0.0380630493164062 -0.0391883850097656
-0.0309219360351562 -0.096038818359375 0.039947509765625 -0.0210647583007813
-0.026763916015625 -0.09075927734375 0.0469703674316406 0.00280761718749999
-0.039886474609375 -0.0955734252929688 0.0508918762207031 0.0131378173828125
-0.0170745849609375 -0.0923843383789063 0.0340843200683594 0.0382881164550781
0.0213088989257813 -0.102310180664063 0.0162353515625 0.040863037109375
0.0543594360351562 -0.0952682495117188 -0.00363349914550781 0.0204868316650391
0.117362976074219 -0.040252685546875 0.00495910644531251 -0.00271844863891602
0.128089904785156 -0.005279541015625 0.0468635559082031 -0.0266914367675781
0.127166748046875 0.0318756103515625 0.120170593261719 0.0238113403320313
0.0700645446777344 0.0492591857910156 0.134353637695313 -0.0889968872070312
0.0827255249023438 0.036895751953125 0.14581298828125 -0.0655364990234375
0.102569580078125 0.000518798828125 0.103927612304688 -0.0492706298828125
0.077423095703125 -0.046630859375 0.0768890380859375 -0.0459747314453125
0.05340576171875 -0.0561981201171875 0.0501136779785156 -0.0193099975585938
0.0169525146484375 -0.0782852172851563 0.0457420349121094 -0.00702667236328125
-0.00694274902343749 -0.0838546752929688 0.0569992065429688 0.00996780395507812
-0.00427246093750001 -0.0808029174804688 0.0601158142089844 0.0284194946289063
-0.0108642578125 -0.0906448364257813 0.059173583984375 0.04205322265625
0.0103378295898437 -0.0818710327148438 0.0320167541503906 0.0620803833007813
0.0452117919921875 -0.0790481567382813 0.00997161865234375 0.0568313598632812
0.07037353515625 -0.06231689453125 -0.00514602661132812 0.0299968719482422
0.1090087890625 0.00135040283203125 0.00803804397583009 0.00538301467895508
0.100692749023438 0.0388717651367187 0.066009521484375 -0.0176506042480469
0.0792999267578125 0.0609588623046875 0.150772094726563 0.0401611328125
0.00484085083007812 0.0585250854492188 0.141815185546875 -0.076568603515625
0.0303230285644531 0.0513458251953125 0.143692016601562 -0.0624237060546875
0.0524368286132812 0.0292739868164062 0.0881271362304688 -0.0463943481445313
0.0507965087890625 -0.00511550903320313 0.0641899108886719 -0.0315589904785156
0.0439605712890625 -0.01434326171875 0.0408668518066406 -0.00199508666992188
0.0334739685058594 -0.0423164367675781 0.0478248596191406 0.0162696838378906
0.0205955505371094 -0.0596656799316406 0.0645484924316406 0.0332794189453125
0.0186691284179687 -0.0601577758789063 0.0634651184082031 0.0493087768554687
0.0161666870117188 -0.0719528198242187 0.0581741333007813 0.0694923400878906
0.028717041015625 -0.0616111755371094 0.0219039916992187 0.0853805541992188
0.0550422668457031 -0.0504493713378906 -0.00231170654296875 0.0736160278320313
0.0703659057617187 -0.0290603637695312 -0.0127449035644531 0.0438194274902344
0.0833206176757813 0.0340347290039063 0.00328254699707032 0.0216312408447266
0.0593681335449219 0.0695724487304688 0.0713348388671875 0.0054931640625
0.0210342407226562 0.0779495239257813 0.16015625 0.065643310546875
0.0507278442382813 -0.0793991088867187 -0.15521240234375 -0.073455810546875
-0.0240249633789062 -0.064483642578125 -0.07049560546875 -0.0222320556640625
-0.0520591735839844 -0.0388755798339844 0.0189380645751953 -0.0317401885986328
-0.0551490783691406 -6.48498535156305E-05 0.0364456176757813 -0.0643501281738281
-0.0427436828613281 0.0136680603027344 0.02435302734375 -0.0943145751953125
-0.0346221923828125 0.0363044738769531 -0.018035888671875 -0.108283996582031
-0.0351829528808594 0.0393791198730469 -0.062530517578125 -0.0944290161132812
-0.0362930297851563 0.0305213928222656 -0.0646896362304687 -0.0658454895019531
-0.0409317016601562 0.0325660705566406 -0.0627937316894531 -0.0407485961914062
-0.0452919006347656 0.0085296630859375 -0.0481452941894531 -0.0243797302246094
-0.0445632934570313 -0.0158157348632812 -0.0430755615234375 0.000373840332031254
-0.0342445373535156 -0.0365943908691406 -0.0563697814941406 0.0175704956054687
-0.00441741943359374 -0.0612678527832031 -0.0791015625 0.0322113037109375
0.0208206176757813 -0.0748672485351563 -0.118804931640625 0.0631027221679687
0.0598068237304687 -0.0704727172851563 -0.1302490234375 0.0652999877929687
0.107635498046875 -0.0671234130859375 -0.126922607421875 -0.09906005859375
0.0289955139160156 -0.0610504150390625 -0.0467720031738281 -0.0457420349121094
0.00212478637695312 -0.0505447387695312 0.0381278991699219 -0.0458946228027344
-0.020599365234375 -0.0277156829833984 0.0506057739257812 -0.0814590454101563
-0.0200366973876953 -0.0182762145996094 0.0363540649414063 -0.105522155761719
-0.0354347229003906 -0.00307083129882812 -0.00800323486328126 -0.121414184570313
-0.0523452758789063 0.00220489501953124 -0.0513534545898437 -0.105056762695313
-0.0532264709472656 -0.00398254394531251 -0.050323486328125 -0.0707626342773437
-0.0654487609863281 -0.00273513793945312 -0.0484390258789063 -0.045989990234375
-0.0618667602539062 -0.0277214050292969 -0.0355453491210938 -0.0232315063476563
-0.04522705078125 -0.0594978332519531 -0.0315093994140625 0.001312255859375
-0.0179595947265625 -0.0790863037109375 -0.0444869995117188 0.012725830078125
0.0413589477539063 -0.0852813720703125 -0.0549964904785156 0.0237655639648437
0.0717926025390625 -0.089141845703125 -0.08734130859375 0.0477828979492188
0.115562438964844 -0.0702056884765625 -0.0930404663085937 0.0527267456054687
0.151626586914063 -0.0446929931640625 -0.0792312622070312 -0.11553955078125
0.0826339721679688 -0.0474929809570312 -0.0101242065429687 -0.0604209899902344
0.0623550415039063 -0.0573692321777344 0.0618667602539063 -0.0536117553710938
0.0220870971679687 -0.0568351745605469 0.06671142578125 -0.0914306640625
0.0071868896484375 -0.0534782409667969 0.0464248657226562 -0.1082763671875
-0.0304031372070312 -0.0456504821777344 0.00119018554687501 -0.121246337890625
-0.0617256164550781 -0.0368728637695312 -0.0344390869140625 -0.101638793945313
-0.0619049072265625 -0.038482666015625 -0.0282630920410156 -0.0643386840820313
-0.080596923828125 -0.0365066528320313 -0.0242805480957031 -0.0423126220703125
-0.0708541870117188 -0.0569381713867188 -0.0165586471557617 -0.0145492553710938
-0.0442886352539062 -0.0918960571289063 -0.0169820785522461 0.00700950622558593
-0.00759124755859376 -0.110466003417969 -0.0320510864257812 0.0114383697509766
0.072540283203125 -0.102867126464844 -0.0337314605712891 0.0143909454345703
0.10906982421875 -0.095123291015625 -0.0520133972167969 0.0259361267089844
0.152313232421875 -0.0616455078125 -0.04095458984375 0.0378608703613281
0.17303466796875 -0.01739501953125 -0.0186691284179687 -0.121650695800781
0.123924255371094 -0.0290069580078125 0.0369529724121094 -0.0688400268554688
0.115318298339844 -0.0598220825195313 0.0857009887695313 -0.0558700561523438
0.06170654296875 -0.08319091796875 0.0795059204101563 -0.0919647216796875
0.031890869140625 -0.083709716796875 0.0540924072265625 -0.0977554321289063
-0.0238189697265625 -0.0821685791015625 0.0123138427734375 -0.106246948242188
-0.0630111694335938 -0.0706787109375 -0.0117950439453125 -0.084381103515625
-0.0607185363769531 -0.0669288635253906 -0.00204086303710938 -0.0483741760253906
-0.0829315185546875 -0.065155029296875 0.00271224975585937 -0.0310287475585938
-0.0678863525390625 -0.0780792236328125 0.00448465347290039 -0.00182247161865235
-0.0352630615234375 -0.110862731933594 -0.00102901458740235 0.0150327682495117
0.00455474853515626 -0.125572204589844 -0.0203952789306641 0.0117912292480469
0.0953445434570313 -0.105308532714844 -0.0175228118896484 0.00349330902099609
0.130584716796875 -0.0865859985351563 -0.0170021057128906 -0.000457763671875005
0.1689453125 -0.042449951171875 0.0168094635009766 0.0242652893066406
0.1666259765625 0.0091705322265625 0.043670654296875 -0.119033813476562
0.140151977539063 -0.00708770751953125 0.08441162109375 -0.0723037719726563
0.143905639648438 -0.0527191162109375 0.103256225585938 -0.0561599731445313
0.0869293212890625 -0.0951919555664063 0.0874099731445313 -0.0822372436523438
0.0486831665039062 -0.099822998046875 0.0577468872070313 -0.075653076171875
-0.0152664184570312 -0.1033935546875 0.0242462158203125 -0.07763671875
-0.055877685546875 -0.0917205810546875 0.0134086608886719 -0.05633544921875
-0.0512466430664063 -0.0855712890625 0.0242977142333984 -0.0256614685058594
-0.0710296630859375 -0.0853195190429687 0.0292205810546875 -0.0127525329589844
-0.05078125 -0.091064453125 0.0227165222167969 0.0156269073486328
-0.0145339965820313 -0.115570068359375 0.0101947784423828 0.0260543823242187
0.0250701904296875 -0.121650695800781 -0.0111446380615234 0.0131769180297851
0.111618041992188 -0.0867080688476562 -0.00538396835327148 -0.00509023666381837
0.138664245605469 -0.0580520629882813 0.0155735015869141 -0.0226230621337891
0.162063598632813 -0.0120086669921875 0.0738906860351563 0.0159530639648438
0.132347106933594 0.030487060546875 0.0969161987304688 -0.110923767089844
0.126724243164063 0.0140304565429688 0.122940063476562 -0.0747146606445312
0.140045166015625 -0.0338668823242188 0.110054016113281 -0.0554275512695313
0.0916213989257812 -0.0845565795898438 0.0860824584960938 -0.0662612915039063
0.0548934936523437 -0.0914764404296875 0.0569267272949219 -0.0475959777832031
-0.00406646728515624 -0.10321044921875 0.0363044738769531 -0.0422286987304688
-0.0391998291015625 -0.0969314575195313 0.0385246276855469 -0.023895263671875
-0.0336151123046875 -0.091156005859375 0.0476188659667969 0.000587463378906244
-0.0480575561523437 -0.094940185546875 0.0489845275878906 0.0118865966796875
-0.0240554809570313 -0.0932388305664062 0.0323486328125 0.03759765625
0.0144805908203125 -0.106590270996094 0.0143241882324219 0.0396499633789062
0.0499038696289062 -0.101127624511719 -0.00639152526855468 0.0185127258300781
0.119720458984375 -0.0492172241210938 0.00290632247924805 -0.00703620910644532
0.132011413574219 -0.0133132934570313 0.0439949035644531 -0.0320587158203125
0.133766174316406 0.0251388549804688 0.122314453125 0.0180206298828125
0.0769805908203125 0.0471420288085938 0.131217956542969 -0.100563049316406
0.088592529296875 0.0344009399414063 0.144119262695313 -0.0750885009765625
0.108451843261719 -0.00577545166015625 0.103591918945313 -0.0537490844726562
0.0778656005859375 -0.0532455444335938 0.0777053833007812 -0.0485763549804688
0.0522193908691406 -0.0630836486816406 0.052001953125 -0.0216102600097656
0.0113983154296875 -0.0819168090820312 0.0464248657226563 -0.00942993164062501
-0.0147933959960938 -0.0864944458007812 0.0582466125488281 0.00656127929687499
-0.0109176635742187 -0.0830154418945313 0.0625152587890625 0.0260505676269531
-0.0194244384765625 -0.0917510986328125 0.0597801208496094 0.0404891967773438
0.003265380859375 -0.0842971801757813 0.0317955017089844 0.0622787475585938
0.0398483276367188 -0.084930419921875 0.00875473022460938 0.0565452575683594
0.0682029724121094 -0.0695610046386719 -0.00709915161132812 0.0280170440673828
0.114089965820313 -0.00621795654296875 0.00697755813598633 0.00122308731079101
0.108268737792969 0.0331039428710938 0.0646324157714844 -0.0241584777832031
0.0872802734375 0.0585784912109375 0.155014038085938 0.032989501953125
0.010986328125 0.0607032775878906 0.140823364257813 -0.0885467529296875
0.0375709533691406 0.0518341064453125 0.142913818359375 -0.0722808837890625
0.0593719482421875 0.0264167785644531 0.08709716796875 -0.0504074096679687
0.0534019470214844 -0.0105438232421875 0.0653915405273438 -0.0329666137695313
0.0445556640625 -0.0195846557617188 0.043914794921875 -0.00266265869140625
0.0295257568359375 -0.0474166870117188 0.050628662109375 0.0135841369628906
0.0141792297363281 -0.0627365112304688 0.0685577392578125 0.0296401977539062
0.0131950378417969 -0.06304931640625 0.0678825378417969 0.0475807189941406
0.0089874267578125 -0.07452392578125 0.0616035461425781 0.0679244995117188
0.0229835510253906 -0.06475830078125 0.0239410400390625 0.0869216918945313
0.0513877868652344 -0.0565109252929688 -0.00235748291015625 0.07440185546875
0.0698280334472656 -0.0366630554199219 -0.0131568908691406 0.0431785583496094
0.090362548828125 0.028228759765625 0.00313377380371094 0.0183391571044922
0.0675010681152344 0.0678901672363281 0.072906494140625 -0.000801086425781246
0.0291671752929688 0.0794296264648438 0.16656494140625 0.0593414306640625
0.0436553955078125 -0.0869064331054688 -0.164703369140625 -0.063262939453125
-0.0317420959472656 -0.0628128051757813 -0.0726394653320313 -0.015106201171875
-0.0587387084960938 -0.0336990356445313 0.0181140899658203 -0.0317516326904297
-0.0566635131835938 0.00715255737304687 0.0349159240722656 -0.0668983459472656
-0.0409431457519531 0.0197982788085938 0.0205459594726563 -0.0973739624023438
-0.0293006896972656 0.0405921936035156 -0.02325439453125 -0.110061645507813
-0.0295753479003906 0.0430450439453125 -0.0697479248046875 -0.09234619140625
-0.0323047637939453 0.0341072082519531 -0.0710830688476563 -0.0626296997070312
-0.0361251831054688 0.0362091064453125 -0.0692024230957031 -0.0367927551269531
-0.0426216125488281 0.0133781433105469 -0.0529136657714844 -0.0227851867675781
-0.0447654724121094 -0.0104713439941406 -0.0464935302734375 0.0012054443359375
-0.0386085510253906 -0.0318870544433594 -0.0578384399414063 0.0198135375976563
-0.0131072998046875 -0.0614013671875 -0.0793533325195313 0.0363616943359375
0.0111618041992188 -0.0785598754882813 -0.117027282714844 0.0727386474609375
0.0535659790039063 -0.0788421630859375 -0.129837036132812 0.0788116455078125
0.103652954101563 -0.0780105590820313 -0.138397216796875 -0.0924530029296875
0.0233154296875 -0.0636062622070313 -0.0525588989257813 -0.0407333374023438
-0.00447463989257812 -0.0497055053710938 0.0363349914550781 -0.0480003356933594
-0.0234317779541016 -0.0233783721923828 0.0481338500976563 -0.085174560546875
-0.0205593109130859 -0.0149383544921875 0.0313339233398438 -0.109619140625
-0.0335769653320313 0.000886917114257808 -0.0153427124023438 -0.123367309570312
-0.0502967834472656 0.00661087036132813 -0.060546875 -0.103683471679687
-0.052734375 -0.000133514404296873 -0.0576057434082031 -0.0683937072753906
-0.0643997192382812 0.00287628173828124 -0.0551071166992188 -0.0429878234863281
-0.0622634887695313 -0.0221710205078125 -0.0406112670898438 -0.0220603942871094
-0.0497512817382813 -0.0551795959472656 -0.0355453491210938 0.00153732299804686
-0.0249786376953125 -0.0767974853515625 -0.0467720031738281 0.0135154724121094
0.03192138671875 -0.089691162109375 -0.0560989379882812 0.0252876281738281
0.062774658203125 -0.097198486328125 -0.08709716796875 0.054840087890625
0.111427307128906 -0.0825653076171875 -0.09295654296875 0.0627517700195313
0.150909423828125 -0.057403564453125 -0.0915756225585937 -0.113479614257813
0.0794219970703125 -0.0544357299804687 -0.0157890319824219 -0.0585250854492188
0.0578346252441406 -0.0628089904785156 0.06060791015625 -0.0573196411132813
0.0180206298828125 -0.0570793151855469 0.0634231567382813 -0.0968246459960938
0.00440597534179688 -0.0537681579589844 0.0410003662109375 -0.113685607910156
-0.0326499938964844 -0.0427742004394531 -0.00747680664062501 -0.124259948730469
-0.0638809204101563 -0.0322189331054687 -0.0429000854492188 -0.101081848144531
-0.0646743774414063 -0.0340309143066406 -0.0344200134277344 -0.0635108947753906
-0.0834197998046875 -0.0305557250976563 -0.0307807922363281 -0.0404014587402344
-0.0744705200195313 -0.0519485473632813 -0.0215415954589844 -0.0140113830566406
-0.0513687133789063 -0.0887680053710938 -0.0206813812255859 0.00734138488769531
-0.0166015625 -0.110420227050781 -0.0355720520019531 0.010833740234375
0.0648269653320312 -0.110069274902344 -0.0362434387207031 0.0125236511230469
0.101081848144531 -0.105995178222656 -0.0528678894042969 0.0290679931640625
0.15106201171875 -0.0761260986328125 -0.0411224365234375 0.0430030822753906
0.175765991210938 -0.030792236328125 -0.03094482421875 -0.1241455078125
0.124298095703125 -0.0377044677734375 0.0303115844726562 -0.069732666015625
0.112945556640625 -0.0701446533203125 0.0849685668945313 -0.060943603515625
0.0562057495117187 -0.0882186889648438 0.0772933959960937 -0.0985565185546875
0.027313232421875 -0.0877227783203125 0.0497055053710938 -0.103347778320313
-0.0292282104492187 -0.0813522338867188 0.00463867187499999 -0.109413146972656
-0.0690460205078125 -0.0662689208984375 -0.0194778442382812 -0.08465576171875
-0.0674514770507813 -0.0637435913085938 -0.00656127929687501 -0.048919677734375
-0.0885086059570313 -0.059722900390625 -0.00214576721191407 -0.0311031341552734
-0.0737152099609375 -0.0739364624023438 0.000702261924743648 -0.00210106372833252
-0.0439453125 -0.10931396484375 -0.00471687316894531 0.014836311340332
-0.0052642822265625 -0.127593994140625 -0.0239105224609375 0.0106449127197266
0.088592529296875 -0.115364074707031 -0.0204715728759766 0.000434875488281246
0.125251770019531 -0.0985641479492188 -0.0197162628173828 -0.000375747680664071
0.16998291015625 -0.05682373046875 0.0171031951904297 0.0245380401611328
0.1724853515625 -0.003021240234375 0.0335311889648438 -0.126876831054688
0.143280029296875 -0.0164947509765625 0.0784683227539063 -0.0774993896484375
0.144180297851563 -0.06475830078125 0.103111267089844 -0.0616455078125
0.0814666748046875 -0.102081298828125 0.0847625732421875 -0.0886154174804688
0.0428009033203125 -0.106170654296875 0.0550308227539063 -0.0813446044921875
-0.0226287841796875 -0.104240417480469 0.0186614990234375 -0.081024169921875
-0.0643386840820312 -0.0887374877929688 0.0084075927734375 -0.0578498840332031
-0.0597305297851562 -0.0833511352539063 0.0218486785888672 -0.0280055999755859
-0.0792007446289063 -0.0809555053710938 0.0256690979003906 -0.0141620635986328
-0.058319091796875 -0.0885162353515625 0.0198535919189453 0.0142440795898437
-0.0233688354492187 -0.116683959960937 0.00740242004394531 0.0251789093017578
0.0157012939453125 -0.127105712890625 -0.0146713256835937 0.0121841430664062
0.107841491699219 -0.0981521606445313 -0.00887489318847656 -0.00946998596191407
0.137603759765625 -0.0700302124023438 0.0116100311279297 -0.0254421234130859
0.166702270507813 -0.024566650390625 0.0751113891601563 0.01141357421875
0.139259338378906 0.0218353271484375 0.0895538330078125 -0.122894287109375
0.132408142089844 0.00615692138671875 0.118423461914063 -0.084075927734375
0.143630981445313 -0.04583740234375 0.109550476074219 -0.0626449584960938
0.088104248046875 -0.0941238403320313 0.0845718383789063 -0.0723037719726563
0.0496444702148438 -0.100028991699219 0.0561447143554688 -0.0524482727050781
-0.0123748779296875 -0.10516357421875 0.0345077514648438 -0.0459098815917969
-0.0488357543945312 -0.0952682495117188 0.0366325378417969 -0.0269088745117188
-0.0425033569335937 -0.0908279418945313 0.0472450256347656 -0.00300216674804688
-0.0577850341796875 -0.09259033203125 0.0482597351074219 0.00956726074218749
-0.0324325561523438 -0.0930023193359375 0.0318603515625 0.037078857421875
0.00594329833984374 -0.109825134277344 0.0123939514160156 0.0393180847167969
0.0428619384765625 -0.107795715332031 -0.00979709625244141 0.0170650482177734
0.120803833007813 -0.06134033203125 0.00047492980957032 -0.0115594863891602
0.135215759277344 -0.0247116088867188 0.0402488708496094 -0.0382232666015625
0.1414794921875 0.015533447265625 0.1251220703125 0.0101852416992188
0.084747314453125 0.0440902709960938 0.125518798828125 -0.114364624023438
0.0960617065429688 0.0292739868164063 0.140396118164063 -0.0868072509765625
0.11407470703125 -0.0147552490234375 0.102912902832031 -0.0597763061523438
0.0767745971679688 -0.0623703002929687 0.077423095703125 -0.0535354614257813
0.0494308471679688 -0.070648193359375 0.0530509948730469 -0.0246467590332031
0.00358581542968749 -0.0860443115234375 0.0470237731933594 -0.0131492614746094
-0.0244522094726562 -0.0864334106445313 0.0597686767578125 0.00215530395507812
-0.019561767578125 -0.0841445922851563 0.0652732849121094 0.0218086242675781
-0.029510498046875 -0.0912551879882813 0.0619735717773438 0.0380020141601562
-0.00504302978515624 -0.0863494873046875 0.0338249206542969 0.0630950927734375
0.0332870483398437 -0.0907974243164063 0.00888824462890625 0.0571937561035156
0.0635757446289062 -0.0779190063476563 -0.00971031188964843 0.0278739929199219
0.119041442871094 -0.016998291015625 0.0050797462463379 -0.00305843353271484
0.115257263183594 0.0250473022460937 0.062957763671875 -0.0315971374511719
0.0972518920898438 0.0536956787109375 0.160247802734375 0.0238494873046875
0.0188674926757813 0.06219482421875 0.136810302734375 -0.10369873046875
0.045684814453125 0.0513763427734375 0.140190124511719 -0.0850677490234375
0.067230224609375 0.0206985473632813 0.0860443115234375 -0.0546875
0.0548896789550781 -0.0177726745605469 0.0658035278320313 -0.0361366271972656
0.0443611145019531 -0.0266304016113281 0.0468521118164063 -0.00457382202148438
0.0244407653808594 -0.0526695251464844 0.0541610717773438 0.0100288391113281
0.00661849975585937 -0.0658721923828125 0.0724334716796875 0.0246124267578125
0.005767822265625 -0.0660476684570312 0.0727615356445313 0.0429611206054688
0.000129699707031258 -0.0765304565429688 0.0663833618164063 0.0657234191894531
0.0161361694335938 -0.0684814453125 0.0279083251953125 0.08843994140625
0.04620361328125 -0.0636405944824219 -0.00034332275390625 0.076507568359375
0.068115234375 -0.0448226928710938 -0.0134925842285156 0.0430107116699219
0.0980224609375 0.0199127197265625 0.00368499755859376 0.0152692794799805
0.0780563354492187 0.0632400512695312 0.073760986328125 -0.00799560546874999
0.0389251708984375 0.07989501953125 0.174850463867188 0.04888916015625
0.033203125 -0.0925369262695313 -0.171920776367188 -0.049072265625
-0.0391845703125 -0.0593338012695312 -0.074127197265625 -0.00640106201171875
-0.0638999938964844 -0.0252799987792969 0.0163249969482422 -0.0321426391601562
-0.0557937622070312 0.0158195495605469 0.0317230224609375 -0.0689964294433594
-0.0377845764160156 0.0261039733886719 0.0140533447265625 -0.0988845825195313
-0.0223541259765625 0.0438270568847656 -0.030548095703125 -0.110069274902344
-0.0225791931152344 0.0452003479003906 -0.0782546997070313 -0.0866851806640625
-0.0272254943847656 0.0364303588867188 -0.0775680541992188 -0.0560302734375
-0.0301513671875 0.0388984680175781 -0.0731124877929688 -0.030364990234375
-0.0388908386230469 0.0177268981933594 -0.0573196411132813 -0.0191688537597656
-0.044708251953125 -0.00395202636718751 -0.0483932495117188 0.00407409667968751
-0.042144775390625 -0.0256385803222656 -0.0586776733398438 0.0230560302734375
-0.0227546691894531 -0.0585517883300781 -0.0774002075195313 0.0413284301757812
0.000335693359375004 -0.0795440673828125 -0.111045837402344 0.0836334228515625
0.0441207885742187 -0.086273193359375 -0.123825073242188 0.093414306640625
0.0944747924804688 -0.0889205932617188 -0.149078369140625 -0.080047607421875
0.01605224609375 -0.0647392272949219 -0.0559234619140625 -0.0327568054199219
-0.0109367370605469 -0.0474319458007813 0.0334129333496094 -0.0495223999023438
-0.0254268646240234 -0.0185585021972656 0.0424880981445312 -0.0885543823242188
-0.0207901000976562 -0.0110950469970703 0.0230789184570313 -0.112800598144531
-0.0300788879394531 0.0045013427734375 -0.0255279541015625 -0.123565673828125
-0.0468101501464844 0.0113906860351562 -0.070159912109375 -0.0981216430664063
-0.050933837890625 0.00522994995117187 -0.0644340515136719 -0.0632133483886719
-0.0616264343261719 0.00801849365234376 -0.0607490539550781 -0.0368080139160156
-0.06195068359375 -0.0158119201660156 -0.0458259582519531 -0.0193099975585938
-0.0531730651855469 -0.0482063293457031 -0.0386276245117188 0.00344467163085937
-0.0324859619140625 -0.072021484375 -0.0489730834960937 0.0152473449707031
0.0206375122070312 -0.0919265747070312 -0.0560417175292969 0.027099609375
0.0501708984375 -0.10308837890625 -0.083770751953125 0.0622329711914062
0.101982116699219 -0.0950698852539063 -0.0884552001953125 0.0736846923828125
0.1455078125 -0.0732574462890625 -0.104660034179688 -0.105903625488281
0.0736618041992188 -0.0606765747070312 -0.0220069885253906 -0.0538978576660156
0.0513496398925781 -0.0667228698730469 0.0572395324707031 -0.0607337951660156
0.0124282836914062 -0.0568084716796875 0.056732177734375 -0.10198974609375
0.000480651855468752 -0.0527801513671875 0.0320510864257813 -0.117767333984375
-0.0343589782714844 -0.0395584106445313 -0.0178070068359375 -0.124641418457031
-0.0647468566894531 -0.0253982543945313 -0.0536270141601562 -0.097381591796875
-0.0668678283691406 -0.0283699035644531 -0.0416488647460937 -0.0604896545410156
-0.084503173828125 -0.0227508544921875 -0.0369377136230469 -0.0367965698242188
-0.0773696899414063 -0.044525146484375 -0.0261554718017578 -0.0123538970947266
-0.0582962036132813 -0.0826339721679687 -0.0240898132324219 0.00786781311035156
-0.0270462036132812 -0.106971740722656 -0.0383872985839844 0.0124473571777344
0.052490234375 -0.116432189941406 -0.037994384765625 0.0123939514160156
0.0882720947265625 -0.115921020507813 -0.0526885986328125 0.0329437255859375
0.14410400390625 -0.0922088623046875 -0.0386886596679687 0.0487136840820313
0.17401123046875 -0.047393798828125 -0.0446090698242187 -0.122688293457031
0.12115478515625 -0.0482177734375 0.0230865478515625 -0.0702438354492187
0.105972290039063 -0.0802383422851563 0.081695556640625 -0.06658935546875
0.04864501953125 -0.0916900634765625 0.0707550048828125 -0.104110717773437
0.0199050903320312 -0.0903549194335938 0.041107177734375 -0.108161926269531
-0.0354537963867187 -0.07830810546875 -0.00572967529296874 -0.10943603515625
-0.0739212036132812 -0.0587844848632813 -0.0285263061523438 -0.0830154418945313
-0.0726852416992187 -0.0574722290039063 -0.0119552612304688 -0.0485496520996094
-0.0935821533203125 -0.0505599975585938 -0.00774765014648438 -0.0294952392578125
-0.079681396484375 -0.06634521484375 -0.00311779975891114 -0.0018916130065918
-0.0529403686523438 -0.104171752929688 -0.00838088989257813 0.0146656036376953
-0.0170135498046875 -0.125984191894531 -0.0277442932128906 0.0107707977294922
0.0775604248046875 -0.124359130859375 -0.0247249603271484 -0.00131416320800782
0.114471435546875 -0.111328125 -0.0226211547851562 -0.000150680541992198
0.166183471679688 -0.0739898681640625 0.0176544189453125 0.02410888671875
0.173919677734375 -0.0191497802734375 0.0196533203125 -0.131340026855469
0.14300537109375 -0.028778076171875 0.0699691772460938 -0.0826339721679688
0.139999389648438 -0.0790634155273438 0.0997085571289063 -0.06903076171875
0.0727005004882813 -0.10992431640625 0.0797042846679688 -0.0957565307617188
0.03375244140625 -0.111076354980469 0.0494003295898437 -0.0869140625
-0.0321197509765625 -0.10198974609375 0.0109329223632812 -0.08251953125
-0.0727462768554688 -0.081787109375 0.00190353393554687 -0.0584335327148438
-0.0675506591796875 -0.0783233642578125 0.0185146331787109 -0.0298252105712891
-0.0868377685546875 -0.0728912353515625 0.0220260620117187 -0.0151710510253906
-0.0658416748046875 -0.0815658569335938 0.0177993774414062 0.0140800476074219
-0.0342330932617187 -0.114051818847656 0.00503349304199218 0.0252418518066406
0.00366210937500001 -0.128067016601563 -0.0184211730957031 0.0115318298339844
0.09942626953125 -0.109588623046875 -0.0133676528930664 -0.0119800567626953
0.130439758300781 -0.08380126953125 0.00640678405761719 -0.0285606384277344
0.167037963867188 -0.040802001953125 0.0750808715820313 0.00506591796875
0.144287109375 0.010223388671875 0.0758514404296875 -0.132820129394531
0.134864807128906 -0.0052337646484375 0.109405517578125 -0.0931549072265625
0.141799926757813 -0.0603790283203125 0.106315612792969 -0.0700531005859375
0.0805130004882813 -0.102546691894531 0.0809173583984375 -0.0792388916015625
0.0410537719726563 -0.106918334960938 0.053558349609375 -0.0579032897949219
-0.0234756469726562 -0.104591369628906 0.0296516418457031 -0.0487556457519531
-0.0595626831054687 -0.089630126953125 0.0337257385253906 -0.0299644470214844
-0.0522842407226562 -0.0864105224609375 0.046783447265625 -0.00718307495117188
-0.0672531127929688 -0.086578369140625 0.0469169616699219 0.00652313232421874
-0.0416259765625 -0.0894088745117188 0.0319290161132813 0.0355491638183594
-0.0050201416015625 -0.111557006835938 0.01116943359375 0.0388145446777344
0.0324859619140625 -0.11322021484375 -0.0122642517089844 0.0164012908935547
0.116600036621094 -0.074432373046875 -0.00438308715820312 -0.0155467987060547
0.134010314941406 -0.0381622314453125 0.0344963073730469 -0.0441856384277344
0.146224975585938 0.0025634765625 0.124794006347656 -0.0005645751953125
0.0917587280273438 0.0374298095703125 0.113616943359375 -0.128494262695313
0.101432800292969 0.0216598510742188 0.131538391113281 -0.099334716796875
0.116325378417969 -0.0273818969726562 0.0994873046875 -0.0669708251953125
0.0723037719726563 -0.0708847045898438 0.074615478515625 -0.0597076416015625
0.0430984497070313 -0.0783233642578125 0.052825927734375 -0.0292701721191406
-0.00611877441406251 -0.0867996215820313 0.046051025390625 -0.0168647766113281
-0.0354232788085937 -0.0835723876953125 0.0594902038574219 -0.00357055664062501
-0.0291824340820313 -0.082183837890625 0.0667991638183594 0.0158348083496094
-0.0399169921875 -0.088165283203125 0.0640640258789063 0.0335807800292969
-0.0143814086914062 -0.0855636596679688 0.0368614196777344 0.0616493225097656
0.0233230590820312 -0.09490966796875 0.009613037109375 0.0575447082519531
0.0561752319335938 -0.085662841796875 -0.0101394653320312 0.0269432067871094
0.119697570800781 -0.030181884765625 0.00230979919433594 -0.00735044479370117
0.119773864746094 0.01361083984375 0.0580253601074219 -0.0392570495605469
0.105522155761719 0.0450286865234375 0.162002563476562 0.0098419189453125
0.0271492004394531 0.0617752075195313 0.126708984375 -0.118721008300781
0.0534934997558594 0.0474166870117188 0.132087707519531 -0.098541259765625
0.073028564453125 0.012603759765625 0.0821456909179688 -0.0601882934570313
0.0542716979980469 -0.0256500244140625 0.0649909973144531 -0.0405082702636719
0.0423316955566406 -0.0337104797363281 0.0487594604492188 -0.00822830200195313
0.0170936584472656 -0.0555877685546875 0.0561676025390625 0.00597381591796875
-0.0028839111328125 -0.0659942626953125 0.0753860473632813 0.01763916015625
-0.00271987915039062 -0.0664825439453125 0.0767745971679687 0.0371856689453125
-0.0095367431640625 -0.0755844116210938 0.071563720703125 0.0607376098632812
0.00698089599609374 -0.06976318359375 0.03369140625 0.0878067016601563
0.0383758544921875 -0.0695915222167969 0.002838134765625 0.0776443481445313
0.063140869140625 -0.053955078125 -0.0128250122070313 0.0435104370117188
0.102500915527344 0.0089874267578125 0.00324821472167969 0.0120697021484375
0.0868911743164063 0.0556640625 0.072021484375 -0.0171661376953125
0.0495834350585938 0.0764541625976563 0.180038452148437 0.0339813232421875
0.0209808349609375 -0.0937652587890625 -0.171890258789063 -0.0332489013671875
-0.0454444885253906 -0.0528831481933594 -0.07147216796875 0.00233459472656249
-0.0658187866210938 -0.0157432556152344 0.0142345428466797 -0.0314483642578125
-0.0525016784667969 0.0231170654296875 0.027496337890625 -0.0689620971679688
-0.0329704284667969 0.0302524566650391 0.00803375244140624 -0.097137451171875
-0.0142936706542969 0.0440711975097656 -0.0371322631835938 -0.105583190917969
-0.0153923034667969 0.0452537536621094 -0.0830154418945312 -0.0777206420898438
-0.021728515625 0.0373115539550781 -0.0801849365234375 -0.0481033325195313
-0.0239105224609375 0.0393791198730469 -0.0744476318359375 -0.0222549438476562
-0.0336437225341797 0.0203762054443359 -0.0589485168457031 -0.0138587951660156
-0.0415992736816406 0.00185012817382812 -0.0493621826171875 0.00632858276367188
-0.0436897277832031 -0.0189743041992187 -0.0573959350585938 0.025604248046875
-0.03045654296875 -0.0529708862304687 -0.0730972290039062 0.0448532104492188
-0.0105972290039062 -0.0761871337890625 -0.101394653320312 0.0902557373046875
0.0318603515625 -0.0889739990234375 -0.111846923828125 0.10284423828125
0.081512451171875 -0.09576416015625 -0.15325927734375 -0.0652923583984375
0.00852203369140624 -0.06396484375 -0.0572700500488281 -0.0246200561523438
-0.0165596008300781 -0.0426597595214844 0.0293388366699219 -0.0499382019042969
-0.0260505676269531 -0.0123825073242188 0.035675048828125 -0.089080810546875
-0.0197696685791016 -0.00743675231933594 0.0152587890625 -0.111259460449219
-0.0258197784423828 0.0066375732421875 -0.0340728759765625 -0.118537902832031
-0.0416755676269531 0.0155143737792969 -0.076446533203125 -0.0893020629882813
-0.0471382141113281 0.00928497314453126 -0.0685997009277344 -0.0555229187011719
-0.0571861267089844 0.0125885009765625 -0.0633316040039063 -0.0298500061035156
-0.058929443359375 -0.0100059509277344 -0.0487709045410156 -0.01495361328125
-0.0535240173339844 -0.0404930114746094 -0.0403366088867188 0.0059661865234375
-0.0378913879394531 -0.064178466796875 -0.0493392944335938 0.0174331665039062
0.00944519042968751 -0.089263916015625 -0.0545539855957031 0.0288848876953125
0.0358963012695313 -0.103256225585937 -0.0769195556640625 0.0672836303710938
0.0885696411132812 -0.1026611328125 -0.0803298950195313 0.0808258056640625
0.133102416992188 -0.08465576171875 -0.113212585449219 -0.0933990478515625
0.0652885437011719 -0.0639991760253906 -0.0266761779785156 -0.0476837158203125
0.0423812866210937 -0.0678787231445313 0.0521240234375 -0.0630149841308594
0.0077362060546875 -0.0533599853515625 0.0484619140625 -0.103248596191406
-0.00335693359375 -0.0500335693359375 0.0223922729492187 -0.116989135742187
-0.0339679718017578 -0.0348186492919922 -0.0276336669921875 -0.119644165039063
-0.0634689331054688 -0.0185089111328125 -0.0606231689453125 -0.0891265869140625
-0.0660896301269531 -0.0217361450195313 -0.0462532043457031 -0.0548629760742188
-0.082794189453125 -0.0150070190429688 -0.0410003662109375 -0.0316390991210937
-0.076507568359375 -0.0358657836914063 -0.0297889709472656 -0.00940895080566406
-0.0626907348632813 -0.0736770629882813 -0.0262241363525391 0.00905609130859374
-0.0353622436523438 -0.099822998046875 -0.0398597717285156 0.0135536193847656
0.0394210815429687 -0.116485595703125 -0.039520263671875 0.0128936767578125
0.0729598999023438 -0.118988037109375 -0.0498199462890625 0.0357627868652344
0.130828857421875 -0.103927612304688 -0.0349807739257812 0.0519752502441406
0.164764404296875 -0.06182861328125 -0.0570220947265625 -0.115928649902344
0.112693786621094 -0.0565872192382812 0.0149917602539062 -0.0667572021484375
0.0960617065429688 -0.08709716796875 0.0757980346679688 -0.069976806640625
0.0389556884765625 -0.09149169921875 0.0614166259765625 -0.106590270996094
0.0118484497070313 -0.0895919799804688 0.0325241088867187 -0.109107971191406
-0.0392379760742188 -0.0722427368164063 -0.0149459838867187 -0.106307983398438
-0.0759506225585937 -0.0500030517578125 -0.0357513427734375 -0.0772781372070312
-0.0750503540039063 -0.0491867065429687 -0.016754150390625 -0.0457496643066406
-0.0939254760742188 -0.0403213500976563 -0.0118141174316406 -0.0267391204833984
-0.0809173583984375 -0.05694580078125 -0.00667476654052735 -5.24520874023462E-05
-0.0595550537109375 -0.0958099365234375 -0.0109395980834961 0.0154027938842773
-0.0272064208984375 -0.1199951171875 -0.0304241180419922 0.0116996765136719
0.0636444091796875 -0.127273559570313 -0.0279636383056641 -0.00193405151367188
0.0991134643554688 -0.116920471191406 -0.0245456695556641 0.00130271911621093
0.15533447265625 -0.0875701904296875 0.0183849334716797 0.0229454040527344
0.168502807617188 -0.03338623046875 0.00440216064453126 -0.12933349609375
0.136810302734375 -0.039703369140625 0.0592117309570313 -0.08380126953125
0.129234313964844 -0.0896759033203125 0.0932159423828125 -0.0741195678710937
0.0610809326171875 -0.11212158203125 0.070892333984375 -0.0990066528320313
0.0228958129882812 -0.111495971679688 0.0417327880859375 -0.0889816284179688
-0.0392532348632813 -0.0955734252929688 0.00344848632812499 -0.0806884765625
-0.077667236328125 -0.0716705322265625 -0.00375747680664063 -0.0567359924316406
-0.0725021362304688 -0.0697860717773437 0.0147552490234375 -0.0298480987548828
-0.0903854370117188 -0.0619735717773437 0.0180606842041016 -0.0151138305664063
-0.0707244873046875 -0.0729827880859375 0.0153827667236328 0.0139379501342773
-0.0429840087890625 -0.107093811035156 0.00329017639160156 0.0246009826660156
-0.00759124755859375 -0.124244689941406 -0.0215778350830078 0.0117111206054687
0.0867843627929688 -0.1163330078125 -0.0184459686279297 -0.0133399963378906
0.118446350097656 -0.0927276611328125 0.00140190124511719 -0.0296573638916016
0.159698486328125 -0.0553436279296875 0.0718994140625 -0.000549316406250003
0.143020629882813 -0.0028839111328125 0.0595703125 -0.136283874511719
0.132667541503906 -0.0156173706054687 0.0965118408203125 -0.0982894897460938
0.134880065917969 -0.0720138549804688 0.0987014770507813 -0.0748291015625
0.0699386596679688 -0.107231140136719 0.0734024047851563 -0.0837326049804687
0.0303115844726563 -0.109245300292969 0.0483665466308594 -0.0611495971679688
-0.0318450927734375 -0.0998687744140625 0.0243568420410156 -0.0493659973144531
-0.06658935546875 -0.0803146362304688 0.0293121337890625 -0.0322608947753906
-0.0594635009765625 -0.0793533325195313 0.043853759765625 -0.01123046875
-0.0738525390625 -0.0771560668945313 0.0440559387207031 0.00389480590820312
-0.0486679077148437 -0.0821914672851563 0.0309429168701172 0.0339717864990234
-0.0153350830078125 -0.107353210449219 0.0102348327636719 0.038116455078125
0.0212783813476563 -0.113487243652344 -0.0157413482666016 0.0161962509155273
0.107521057128906 -0.0839767456054688 -0.00971698760986328 -0.0174121856689453
0.127227783203125 -0.0490951538085938 0.0268592834472656 -0.0468482971191406
0.14410400390625 -0.0108642578125 0.120124816894531 -0.01116943359375
0.094970703125 0.028900146484375 0.096832275390625 -0.135223388671875
0.103279113769531 0.0126876831054687 0.1177978515625 -0.106941223144531
0.1131591796875 -0.039154052734375 0.0918426513671875 -0.072113037109375
0.064422607421875 -0.0770797729492188 0.0692481994628906 -0.0631370544433594
0.0344009399414063 -0.0816802978515625 0.0501289367675781 -0.0329093933105469
-0.0148239135742188 -0.0842514038085938 0.0434188842773438 -0.0202484130859375
-0.0429611206054688 -0.0768661499023437 0.0572929382324219 -0.00867080688476563
-0.0381317138671875 -0.0768508911132813 0.06561279296875 0.00973129272460937
-0.0479660034179688 -0.08001708984375 0.0629234313964844 0.0286483764648437
-0.0226287841796875 -0.08056640625 0.0379409790039062 0.0592765808105469
0.0134048461914063 -0.0950164794921875 0.010711669921875 0.0561485290527344
0.0466079711914063 -0.0896759033203125 -0.0125312805175781 0.0261306762695312
0.11505126953125 -0.0418167114257813 -0.00150775909423827 -0.0100431442260742
0.11962890625 0.00206756591796875 0.0510520935058594 -0.0446319580078125
0.109169006347656 0.034271240234375 0.15771484375 -0.0037384033203125
0.0345726013183594 0.058563232421875 0.111686706542969 -0.127601623535156
0.05914306640625 0.0415077209472656 0.118934631347656 -0.107162475585937
0.0751113891601563 0.0034637451171875 0.0759735107421875 -0.063262939453125
0.0511512756347656 -0.0316658020019531 0.0610809326171875 -0.043670654296875
0.0370330810546875 -0.0383262634277344 0.0483932495117188 -0.0113372802734375
0.00880813598632812 -0.0559120178222656 0.0557823181152344 0.000556945800781247
-0.0115509033203125 -0.0623397827148438 0.0746612548828125 0.00974273681640625
-0.0105018615722656 -0.0637702941894531 0.0778579711914063 0.0282669067382813
-0.0184249877929688 -0.0714111328125 0.0734634399414063 0.053802490234375
-0.00105667114257813 -0.0671920776367188 0.0385208129882813 0.0839385986328125
0.0291213989257813 -0.071502685546875 0.0060272216796875 0.075775146484375
0.0560722351074219 -0.0593833923339844 -0.012176513671875 0.04248046875
0.102890014648438 -0.00373077392578125 0.00185489654541016 0.00883102416992188
0.0916976928710938 0.0450592041015625 0.0667610168457031 -0.0247154235839844
0.0573234558105469 0.0700836181640625 0.177902221679687 0.01806640625
0.01123046875 -0.0914840698242188 -0.166641235351563 -0.021484375
-0.0475502014160156 -0.0465888977050781 -0.0671043395996094 0.00778961181640626
-0.0650672912597656 -0.00866699218750001 0.0132560729980469 -0.0291595458984375
-0.0475273132324219 0.0281600952148437 0.0249176025390625 -0.0666007995605469
-0.0279636383056641 0.0329418182373047 0.00460052490234374 -0.0934295654296875
-0.00887680053710937 0.0418243408203125 -0.0395736694335938 -0.100341796875
-0.00941848754882812 0.0426864624023438 -0.08343505859375 -0.07012939453125
-0.017059326171875 0.0364723205566406 -0.079833984375 -0.041259765625
-0.0187492370605469 0.0375289916992188 -0.0725173950195313 -0.0167465209960937
-0.0286083221435547 0.0208168029785156 -0.0590400695800781 -0.0107383728027344
-0.03704833984375 0.00506210327148438 -0.0492515563964844 0.00793075561523438
-0.0424575805664063 -0.0124969482421875 -0.0555076599121094 0.0266799926757812
-0.0341758728027344 -0.0465850830078125 -0.0680770874023438 0.0453987121582031
-0.017730712890625 -0.0704498291015625 -0.0917282104492187 0.090850830078125
0.0225906372070313 -0.0876693725585938 -0.100234985351562 0.106468200683594
0.0696487426757813 -0.0971832275390625 -0.151473999023438 -0.0526580810546875
0.00270843505859375 -0.0598106384277344 -0.0555267333984375 -0.0176925659179688
-0.0195121765136719 -0.0373497009277344 0.0261611938476562 -0.0477104187011719
-0.0248317718505859 -0.00736618041992187 0.0312881469726563 -0.0862960815429688
-0.01776123046875 -0.00394630432128906 0.00983428955078124 -0.107566833496094
-0.02203369140625 0.00746345520019531 -0.0379486083984375 -0.112297058105469
-0.0361213684082031 0.0163116455078125 -0.07830810546875 -0.0809402465820313
-0.0436286926269531 0.0107421875 -0.0694541931152344 -0.0489273071289062
-0.0520401000976563 0.0146293640136719 -0.0631370544433594 -0.0241203308105469
-0.0538482666015625 -0.00635910034179687 -0.0496482849121094 -0.0111961364746094
-0.0514907836914063 -0.0342826843261719 -0.0410690307617188 0.00659942626953124
-0.0396461486816406 -0.0572662353515625 -0.048980712890625 0.018585205078125
0.00206756591796874 -0.0837020874023438 -0.0524673461914063 0.0286445617675781
0.0254058837890625 -0.0989608764648438 -0.0705032348632813 0.067779541015625
0.0760269165039063 -0.104042053222656 -0.072235107421875 0.082763671875
0.121109008789063 -0.0887985229492188 -0.115882873535156 -0.08233642578125
0.0575790405273438 -0.0638313293457031 -0.0282630920410156 -0.0406646728515625
0.0354080200195313 -0.0658226013183594 0.0474433898925781 -0.0615425109863281
0.0045623779296875 -0.04888916015625 0.0418472290039063 -0.100791931152344
-0.00478744506835937 -0.047119140625 0.0165023803710938 -0.11346435546875
-0.0324630737304687 -0.0315799713134766 -0.0321044921875 -0.112648010253906
-0.0592689514160156 -0.0141410827636719 -0.063568115234375 -0.08123779296875
-0.0634536743164063 -0.0170516967773437 -0.0474891662597656 -0.0494003295898438
-0.0775909423828125 -0.00942230224609376 -0.0422859191894531 -0.0264205932617188
-0.0725860595703125 -0.0299758911132812 -0.0316333770751953 -0.00690078735351562
-0.0621414184570313 -0.065887451171875 -0.0282249450683594 0.0106868743896484
-0.0388259887695313 -0.0912551879882813 -0.0419235229492188 0.0141410827636719
0.0291366577148437 -0.111709594726562 -0.0400123596191406 0.0125579833984375
0.0599365234375 -0.116744995117188 -0.04754638671875 0.0363578796386719
0.1171875 -0.107696533203125 -0.0311164855957031 0.0528488159179688
0.153488159179688 -0.069671630859375 -0.0637130737304687 -0.106277465820312
0.103927612304687 -0.0594711303710937 0.0096435546875 -0.06109619140625
0.0859527587890625 -0.0879135131835938 0.0695533752441406 -0.0697746276855469
0.0321884155273438 -0.087646484375 0.0543441772460938 -0.104583740234375
0.00653076171875 -0.08575439453125 0.0254058837890625 -0.105812072753906
-0.0406646728515625 -0.0662879943847656 -0.019561767578125 -0.100189208984375
-0.0738449096679688 -0.0425567626953125 -0.0388870239257813 -0.0708389282226563
-0.0739822387695313 -0.0424728393554687 -0.019561767578125 -0.0427513122558594
-0.0910568237304688 -0.0328292846679688 -0.0143947601318359 -0.0232963562011719
-0.0789718627929688 -0.0492706298828125 -0.00868701934814454 0.00153303146362305
-0.0614242553710938 -0.0867385864257812 -0.0130367279052734 0.0160627365112305
-0.0331954956054688 -0.111915588378906 -0.0328865051269531 0.0119304656982422
0.0521926879882812 -0.124267578125 -0.0309028625488281 -0.0024261474609375
0.08624267578125 -0.116676330566406 -0.0256423950195312 0.00170898437499999
0.14239501953125 -0.0933685302734375 0.0176658630371094 0.0213623046875
0.159423828125 -0.042083740234375 -0.00610351562499998 -0.12353515625
0.128768920898437 -0.0448760986328125 0.0509185791015625 -0.08062744140625
0.118919372558594 -0.0933990478515625 0.0860061645507813 -0.0743484497070313
0.0522232055664063 -0.109519958496094 0.0632858276367188 -0.0985260009765625
0.015899658203125 -0.108261108398438 0.0357208251953125 -0.0874099731445313
-0.0429840087890625 -0.0884552001953125 -0.00101470947265625 -0.0768203735351563
-0.0778121948242188 -0.0627365112304687 -0.00797271728515626 -0.0526962280273438
-0.0730361938476563 -0.0619125366210938 0.0114059448242187 -0.0298576354980469
-0.0901641845703125 -0.0532684326171875 0.0144758224487305 -0.0135278701782227
-0.07080078125 -0.0653915405273438 0.0128622055053711 0.0143003463745117
-0.046905517578125 -0.0992889404296875 0.000585556030273434 0.0243320465087891
-0.0146026611328125 -0.117530822753906 -0.0249958038330078 0.0118350982666016
0.0762863159179688 -0.115959167480469 -0.0226364135742187 -0.0134124755859375
0.107139587402344 -0.094757080078125 -0.00301361083984374 -0.0289726257324219
0.149871826171875 -0.0628814697265625 0.0674285888671875 -0.00387954711914063
0.138099670410156 -0.0105819702148438 0.0464859008789063 -0.133293151855469
0.127059936523438 -0.0214004516601563 0.0849761962890625 -0.096649169921875
0.1259765625 -0.0777053833007813 0.0918960571289063 -0.07574462890625
0.0603866577148437 -0.106239318847656 0.0664138793945313 -0.08306884765625
0.022125244140625 -0.106681823730469 0.0437698364257813 -0.0609893798828125
-0.036865234375 -0.0925827026367188 0.0203056335449219 -0.0479240417480469
-0.0683517456054688 -0.0717926025390625 0.0254306793212891 -0.0316581726074219
-0.0621109008789063 -0.071746826171875 0.0404853820800781 -0.0129241943359375
-0.0750503540039063 -0.0675125122070313 0.0406265258789063 0.0022430419921875
-0.0507965087890625 -0.0746231079101563 0.0290737152099609 0.0322265625
-0.0213165283203125 -0.101280212402344 0.00856018066406249 0.0369338989257812
0.0133056640625 -0.109588623046875 -0.0179481506347656 0.0157012939453125
0.0979080200195312 -0.0874404907226562 -0.0139446258544922 -0.0179595947265625
0.119010925292969 -0.054107666015625 0.0202178955078125 -0.0467910766601563
0.139083862304688 -0.0194473266601563 0.112686157226563 -0.0162811279296875
0.0951614379882813 0.0223922729492188 0.082916259765625 -0.134849548339844
0.101112365722656 0.006866455078125 0.104804992675781 -0.106613159179688
0.108367919921875 -0.0450668334960938 0.0850067138671875 -0.0718841552734375
0.0574417114257813 -0.0782318115234375 0.0638160705566406 -0.0635719299316406
0.0272140502929687 -0.0818099975585938 0.0472297668457031 -0.0338935852050781
-0.0202865600585938 -0.0786285400390625 0.0401153564453125 -0.0214614868164063
-0.0473098754882813 -0.0692062377929688 0.0539703369140625 -0.0113716125488281
-0.0421524047851563 -0.07049560546875 0.0631484985351563 0.0056304931640625
-0.051971435546875 -0.0723419189453125 0.0603179931640625 0.0244293212890625
-0.0269699096679687 -0.0740737915039063 0.0381546020507813 0.055572509765625
0.005157470703125 -0.091339111328125 0.0102729797363281 0.0541458129882813
0.0380401611328125 -0.08935546875 -0.0136547088623047 0.0249290466308594
0.108314514160156 -0.0491104125976563 -0.00536918640136718 -0.011174201965332
0.115180969238281 -0.006103515625 0.0436859130859375 -0.0467567443847656
0.108238220214844 0.0258331298828125 0.14947509765625 -0.012176513671875
0.0386428833007813 0.0537452697753906 0.0977020263671875 -0.128181457519531
0.061065673828125 0.0361671447753906 0.106376647949219 -0.107757568359375
0.0740127563476563 -0.00311279296875 0.0699272155761719 -0.0628547668457031
0.0466728210449219 -0.0354652404785156 0.0577926635742188 -0.0443763732910156
0.0318984985351563 -0.0407905578613281 0.0479393005371094 -0.0135231018066406
0.00331878662109375 -0.0537109375 0.0533294677734375 -0.0022125244140625
-0.0164642333984375 -0.0578651428222656 0.0719528198242188 0.00495147705078125
-0.0156898498535156 -0.0588874816894531 0.075347900390625 0.0225296020507812
-0.0239830017089844 -0.0655975341796875 0.0720062255859375 0.0477218627929688
-0.00706100463867187 -0.0630264282226563 0.0400314331054687 0.08013916015625
0.0216445922851562 -0.0711288452148437 0.00778198242187501 0.0726852416992188
0.0484848022460938 -0.0614089965820313 -0.0120201110839844 0.040771484375
0.0985336303710938 -0.012115478515625 -6.72340393066347E-05 0.00607919692993164
0.0920181274414063 0.036651611328125 0.0604438781738281 -0.0285987854003906
0.0609054565429688 0.0633430480957031 0.170303344726562 0.00726318359375
0.004974365234375 -0.087371826171875 -0.160873413085938 -0.0155487060546875
-0.0484809875488281 -0.0422630310058594 -0.0627822875976563 0.0108146667480469
-0.0632400512695313 -0.00372314453124999 0.0130519866943359 -0.0270786285400391
-0.04345703125 0.0308570861816406 0.0241966247558594 -0.0638465881347656
-0.0240707397460937 0.0338287353515625 0.0048675537109375 -0.0899887084960938
-0.0051422119140625 0.0392227172851562 -0.0394973754882812 -0.0968093872070313
-0.00569915771484375 0.0396842956542969 -0.0811767578125 -0.0652236938476562
-0.0140609741210937 0.0346431732177734 -0.077911376953125 -0.0374603271484375
-0.0157546997070312 0.0349578857421875 -0.0705490112304688 -0.013580322265625
-0.0250453948974609 0.02001953125 -0.0589714050292969 -0.00860214233398437
-0.0336666107177734 0.00728607177734375 -0.0495643615722656 0.00837707519531249
-0.0405769348144531 -0.00867080688476563 -0.0546646118164063 0.0263328552246094
-0.0357246398925781 -0.0409431457519531 -0.0649261474609375 0.0437660217285156
-0.0213775634765625 -0.0654869079589844 -0.0856094360351562 0.089141845703125
0.0162277221679687 -0.084808349609375 -0.0925216674804688 0.105415344238281
0.0615234375 -0.0948867797851563 -0.147735595703125 -0.0459136962890625
-0.000541687011718756 -0.0559844970703125 -0.0527000427246094 -0.0134506225585937
-0.0202217102050781 -0.0326442718505859 0.0254096984863281 -0.045623779296875
-0.0230083465576172 -0.00382804870605468 0.0295257568359375 -0.0830459594726563
-0.0153846740722656 -0.00222873687744141 0.00825500488281249 -0.103446960449219
-0.0183219909667969 0.00749588012695312 -0.0384445190429688 -0.107658386230469
-0.0319976806640625 0.015655517578125 -0.0770492553710938 -0.0752792358398438
-0.0400962829589844 0.0107994079589844 -0.0684738159179687 -0.0446357727050781
-0.0480232238769531 0.0145111083984375 -0.0619468688964844 -0.0209541320800781
-0.0498237609863281 -0.00555419921875001 -0.0501632690429688 -0.00915527343750001
-0.0479660034179688 -0.0308189392089844 -0.0421333312988281 0.0070953369140625
-0.0388259887695313 -0.0518035888671875 -0.0493011474609375 0.0181388854980469
-0.00168609619140625 -0.078094482421875 -0.0517425537109375 0.0271720886230469
0.01885986328125 -0.0939254760742188 -0.0666084289550781 0.0665283203125
0.0679244995117187 -0.102104187011719 -0.0672760009765625 0.0820693969726563
0.112091064453125 -0.0890960693359375 -0.115303039550781 -0.0750961303710938
0.052154541015625 -0.0620002746582031 -0.0274314880371094 -0.0356826782226563
0.0313453674316406 -0.0626792907714844 0.0452919006347656 -0.0592384338378906
0.003814697265625 -0.04437255859375 0.0390777587890625 -0.096832275390625
-0.00438308715820312 -0.0436515808105469 0.01416015625 -0.108955383300781
-0.0295333862304688 -0.0295639038085938 -0.033721923828125 -0.107902526855469
-0.0550689697265625 -0.0124969482421875 -0.0629196166992188 -0.07562255859375
-0.0604248046875 -0.0151519775390625 -0.0482597351074219 -0.04583740234375
-0.0736923217773438 -0.00726318359374999 -0.0422821044921875 -0.0235176086425781
-0.0689468383789063 -0.0271987915039063 -0.0331954956054688 -0.005279541015625
-0.059326171875 -0.0601463317871094 -0.0303878784179688 0.0106163024902344
-0.0393753051757813 -0.0852127075195313 -0.0429267883300781 0.0144081115722656
0.02386474609375 -0.106758117675781 -0.0412788391113281 0.0111579895019531
0.0519485473632813 -0.111465454101563 -0.0456771850585938 0.0359115600585937
0.107780456542969 -0.106712341308594 -0.0285682678222656 0.0522270202636719
0.145126342773438 -0.0710296630859375 -0.0666656494140625 -0.0996627807617188
0.0975341796875 -0.0583877563476563 0.00789260864257813 -0.05572509765625
0.0798110961914063 -0.086151123046875 0.0669136047363281 -0.0679397583007813
0.02899169921875 -0.0829849243164063 0.0507888793945313 -0.101493835449219
0.0048370361328125 -0.0818099975585938 0.0229644775390625 -0.102523803710938
-0.0389747619628906 -0.0628700256347656 -0.02166748046875 -0.0953598022460937
-0.0704727172851563 -0.03863525390625 -0.0394172668457031 -0.06634521484375
-0.0712432861328125 -0.0394287109375 -0.0203857421875 -0.0401115417480469
-0.0872802734375 -0.0288162231445313 -0.0163402557373047 -0.0209598541259766
-0.0750885009765625 -0.045196533203125 -0.0106449127197266 0.00278377532958984
-0.0606689453125 -0.0805892944335938 -0.0150947570800781 0.0161209106445312
-0.0337905883789063 -0.104934692382812 -0.035736083984375 0.0122642517089844
0.0460205078125 -0.120201110839844 -0.0334205627441406 -0.0028228759765625
0.0783309936523438 -0.112617492675781 -0.0266819000244141 0.00193214416503905
0.133476257324219 -0.094512939453125 0.0168628692626953 0.0213394165039062
0.152420043945313 -0.0449371337890625 -0.011566162109375 -0.117713928222656
0.122444152832031 -0.0449981689453125 0.045379638671875 -0.0751953125
0.111923217773438 -0.093353271484375 0.0828323364257813 -0.0721817016601563
0.04754638671875 -0.105972290039063 0.0599365234375 -0.0953140258789063
0.0123138427734375 -0.104469299316406 0.0328750610351563 -0.0850372314453125
-0.0427703857421875 -0.0835113525390625 -0.0030059814453125 -0.072998046875
-0.0753097534179688 -0.057220458984375 -0.00935363769531251 -0.049774169921875
-0.0720672607421875 -0.056976318359375 0.00919151306152343 -0.0287284851074219
-0.0872421264648438 -0.048187255859375 0.0122165679931641 -0.0122413635253906
-0.0682563781738281 -0.0599250793457031 0.0102682113647461 0.0146722793579102
-0.0472869873046875 -0.09320068359375 -0.00242996215820313 0.0241546630859375
-0.0175857543945313 -0.112106323242187 -0.0282020568847656 0.0120792388916016
0.069366455078125 -0.113021850585937 -0.0263576507568359 -0.0139923095703125
0.0996551513671875 -0.0926513671875 -0.00632667541503906 -0.0279121398925781
0.14263916015625 -0.064666748046875 0.0637092590332032 -0.00417709350585938
0.13397216796875 -0.0140533447265625 0.0384902954101563 -0.128273010253906
0.122238159179688 -0.0234832763671875 0.0780792236328125 -0.09271240234375
0.119537353515625 -0.0790176391601562 0.0877685546875 -0.0742111206054688
0.0556564331054688 -0.103950500488281 0.063018798828125 -0.0810089111328125
0.0179977416992187 -0.103904724121094 0.0405540466308594 -0.0596771240234375
-0.037750244140625 -0.0877685546875 0.0185356140136719 -0.0457420349121094
-0.0676689147949219 -0.0656013488769531 0.0233612060546875 -0.0306777954101563
-0.0620765686035156 -0.0664405822753906 0.0380630493164062 -0.0133209228515625
-0.0739212036132813 -0.061614990234375 0.0374031066894531 0.003021240234375
-0.0505409240722656 -0.0698471069335938 0.0272789001464844 0.0323085784912109
-0.0230865478515625 -0.0960922241210938 0.00591278076171875 0.0369529724121094
0.00933074951171876 -0.105339050292969 -0.0213966369628906 0.0158462524414063
0.0917129516601563 -0.0876083374023438 -0.0179901123046875 -0.0177249908447266
0.112884521484375 -0.0549468994140625 0.0157890319824219 -0.0465774536132813
0.133750915527344 -0.023040771484375 0.107048034667969 -0.017608642578125
0.0938568115234375 0.0189208984375 0.07330322265625 -0.130989074707031
0.0990371704101563 0.00370025634765625 0.0958023071289063 -0.103141784667969
0.104667663574219 -0.0483932495117188 0.0811920166015625 -0.0700225830078125
0.0526580810546875 -0.0778045654296875 0.0606193542480469 -0.0619697570800781
0.0229721069335938 -0.0805206298828125 0.0453872680664063 -0.0336456298828125
-0.0228118896484375 -0.0748443603515625 0.0384750366210938 -0.0213356018066406
-0.0482177734375 -0.0633277893066406 0.0513534545898438 -0.01226806640625
-0.0432395935058594 -0.0652618408203125 0.0595741271972656 0.0029144287109375
-0.0527229309082031 -0.0668907165527344 0.0567550659179688 0.023162841796875
-0.0282020568847656 -0.0700111389160156 0.0360450744628906 0.0546302795410156
0.00112915039062501 -0.0874862670898438 0.00856018066406249 0.0531082153320313
0.0327835083007813 -0.086944580078125 -0.0164604187011719 0.0247230529785156
0.102706909179688 -0.0512313842773438 -0.00899410247802734 -0.0120840072631836
0.110893249511719 -0.0090484619140625 0.0386848449707031 -0.0467414855957031
0.106407165527344 0.0213623046875 0.141830444335938 -0.014923095703125
0.0411224365234375 0.0511398315429688 0.0887985229492188 -0.12530517578125
0.0614433288574219 0.0327491760253906 0.097869873046875 -0.104682922363281
0.0735702514648437 -0.00714111328125 0.0670928955078125 -0.0598487854003906
0.0433921813964844 -0.0366744995117188 0.0555610656738281 -0.0428619384765625
0.0282516479492188 -0.0417709350585938 0.046905517578125 -0.0138778686523438
0.000183105468749997 -0.0511817932128906 0.0521316528320313 -0.00336456298828125
-0.0194969177246094 -0.0532264709472656 0.0689353942871094 0.00275802612304687
-0.0184783935546875 -0.0553779602050781 0.0724716186523438 0.0194091796875
-0.0261726379394531 -0.0605239868164063 0.0689277648925781 0.0449600219726562
-0.0095672607421875 -0.0589981079101563 0.0391464233398438 0.076873779296875
0.0168533325195313 -0.0684967041015625 0.00676727294921875 0.0709457397460938
0.0432891845703125 -0.0611495971679687 -0.0139541625976562 0.0396156311035156
0.0952377319335938 -0.0163955688476563 -0.00335979461669921 0.00443935394287109
0.0904388427734375 0.03179931640625 0.0549659729003906 -0.030364990234375
0.0622825622558594 0.058746337890625 0.162994384765625 0.0032806396484375
0.00146484375 -0.0857086181640625 -0.158370971679688 -0.0144500732421875
-0.0493316650390625 -0.0397453308105469 -0.0602912902832031 0.0125503540039062
-0.0622406005859375 -0.000125885009765627 0.0134868621826172 -0.0254631042480469
-0.0405464172363281 0.0330314636230469 0.0259208679199219 -0.0628166198730469
-0.0213394165039062 0.0341167449951172 0.00595855712890626 -0.08941650390625
-0.0030517578125 0.0370292663574219 -0.0381317138671875 -0.096588134765625
-0.00365447998046875 0.0372390747070313 -0.0792312622070313 -0.0641021728515625
-0.0126991271972656 0.0334644317626953 -0.0771331787109375 -0.0355911254882812
-0.0139617919921875 0.0335903167724609 -0.0695533752441406 -0.0128440856933594
-0.0226478576660156 0.0186328887939453 -0.0598106384277344 -0.00849151611328125
-0.0311450958251953 0.00721168518066406 -0.0508346557617188 0.00798416137695313
-0.0391693115234375 -0.00604629516601563 -0.0549430847167969 0.0254745483398437
-0.036956787109375 -0.0379753112792969 -0.064422607421875 0.0412559509277344
-0.023834228515625 -0.0628204345703125 -0.0835418701171875 0.086456298828125
0.0123214721679687 -0.0837936401367188 -0.0898590087890625 0.104164123535156
0.0575027465820312 -0.0937271118164063 -0.146499633789063 -0.04351806640625
-0.0024871826171875 -0.05364990234375 -0.0503311157226563 -0.0110397338867187
-0.0210533142089844 -0.0298690795898437 0.0254058837890625 -0.0437202453613281
-0.0210247039794922 -0.00083160400390625 0.0302352905273438 -0.0812454223632813
-0.0130596160888672 -0.00111103057861328 0.00901794433593751 -0.101287841796875
-0.0154085159301758 0.00654315948486328 -0.0374298095703125 -0.105995178222656
-0.0292491912841797 0.0145931243896484 -0.0761260986328125 -0.073822021484375
-0.0377731323242187 0.0107231140136719 -0.0680389404296875 -0.043548583984375
-0.0459175109863281 0.0139198303222656 -0.061981201171875 -0.0199775695800781
-0.0473518371582031 -0.00593566894531251 -0.0517120361328125 -0.00879287719726563
-0.0451622009277344 -0.0293464660644531 -0.0446014404296875 0.0074615478515625
-0.0374603271484375 -0.0483360290527344 -0.0510902404785156 0.0175399780273438
-0.00344085693359376 -0.0748825073242188 -0.0523872375488281 0.0249977111816406
0.0157012939453125 -0.0903396606445313 -0.0657386779785156 0.06451416015625
0.0637359619140625 -0.101051330566406 -0.0648422241210938 0.0813751220703125
0.107521057128906 -0.088348388671875 -0.115127563476562 -0.072265625
0.0495681762695313 -0.0595054626464844 -0.0269832611083984 -0.0319995880126953
0.0296440124511719 -0.0601615905761719 0.0453262329101563 -0.0576133728027344
0.00399398803710938 -0.0415420532226563 0.0393829345703125 -0.0948257446289062
-0.00360107421875 -0.041778564453125 0.01434326171875 -0.107192993164063
-0.0273590087890625 -0.0288906097412109 -0.032562255859375 -0.106056213378906
-0.0518875122070313 -0.0123062133789062 -0.0621414184570313 -0.0740432739257813
-0.0577507019042969 -0.0142097473144531 -0.0479888916015625 -0.0444107055664062
-0.071319580078125 -0.00688171386718749 -0.0427436828613281 -0.0223388671875
-0.0655975341796875 -0.0269584655761719 -0.0346469879150391 -0.00400352478027344
-0.0567893981933594 -0.0579910278320313 -0.0329818725585938 0.0114173889160156
-0.0384674072265625 -0.0817184448242188 -0.0459938049316406 0.0136680603027344
0.0219802856445312 -0.103561401367188 -0.0427284240722656 0.00947570800781249
0.0489883422851562 -0.107635498046875 -0.0465850830078125 0.034271240234375
0.103813171386719 -0.106529235839844 -0.0281906127929688 0.0518836975097656
0.141204833984375 -0.0706787109375 -0.0679779052734375 -0.0965118408203125
0.0946502685546875 -0.0570068359375 0.00727081298828125 -0.0518684387207031
0.077423095703125 -0.084716796875 0.0670852661132813 -0.0661048889160156
0.028564453125 -0.0802688598632813 0.0504379272460937 -0.0994644165039063
0.00473785400390625 -0.079681396484375 0.0228958129882813 -0.101036071777344
-0.0372962951660156 -0.0612030029296875 -0.0213165283203125 -0.0936355590820313
-0.0676383972167969 -0.036956787109375 -0.039337158203125 -0.0640830993652344
-0.0699691772460938 -0.0376625061035156 -0.0215263366699219 -0.0393409729003906
-0.0848388671875 -0.027740478515625 -0.017669677734375 -0.0194664001464844
-0.0727920532226563 -0.0443649291992188 -0.0130624771118164 0.00397682189941406
-0.0585784912109375 -0.0783920288085938 -0.0185623168945313 0.0168476104736328
-0.033935546875 -0.102561950683594 -0.0386466979980469 0.0121421813964844
0.0437240600585938 -0.117202758789063 -0.0361671447753906 -0.00380325317382814
0.075164794921875 -0.108757019042969 -0.0278568267822266 0.00165748596191406
0.130149841308594 -0.093780517578125 0.0156097412109375 0.0214786529541016
0.149887084960938 -0.045074462890625 -0.01458740234375 -0.114433288574219
0.120689392089844 -0.0438156127929688 0.0442276000976563 -0.0709228515625
0.109039306640625 -0.0924606323242188 0.0823211669921875 -0.071136474609375
0.0462722778320312 -0.103797912597656 0.059173583984375 -0.09356689453125
0.0113754272460937 -0.102615356445313 0.0323486328125 -0.0838165283203125
-0.04180908203125 -0.0815963745117188 -0.00342559814453125 -0.0713348388671875
-0.0730972290039062 -0.0548629760742188 -0.00948333740234376 -0.0489921569824219
-0.0706787109375 -0.055206298828125 0.0083770751953125 -0.028076171875
-0.0850143432617187 -0.0459976196289063 0.0102901458740234 -0.0109024047851563
-0.0660667419433594 -0.0586814880371094 0.00838279724121093 0.0155105590820312
-0.046417236328125 -0.0905380249023438 -0.00537872314453125 0.0247669219970703
-0.0171432495117188 -0.108978271484375 -0.0321693420410156 0.0120410919189453
0.0675277709960938 -0.111618041992188 -0.0295486450195312 -0.0143585205078125
0.09619140625 -0.0904159545898438 -0.00833892822265625 -0.0276165008544922
0.140090942382813 -0.0646438598632813 0.0618858337402344 -0.00440597534179688
0.132614135742187 -0.0144882202148437 0.0344085693359375 -0.125350952148437
0.121040344238281 -0.0229721069335938 0.0749740600585938 -0.088714599609375
0.117637634277344 -0.0798187255859375 0.087158203125 -0.0721893310546875
0.0536270141601563 -0.102218627929687 0.0621337890625 -0.0794677734375
0.0169448852539063 -0.103187561035156 0.041229248046875 -0.0587005615234375
-0.0375747680664063 -0.0856170654296875 0.0181884765625 -0.0446281433105469
-0.0666275024414063 -0.0622673034667969 0.0221710205078125 -0.0304889678955078
-0.0619010925292969 -0.0640106201171875 0.0364799499511719 -0.0131759643554688
-0.0731201171875 -0.0589599609375 0.0355873107910156 0.00357437133789062
-0.0493545532226563 -0.0676536560058594 0.0249443054199219 0.033456802368164
-0.0240020751953125 -0.0936508178710938 0.00321578979492187 0.0371322631835937
0.00838470458984375 -0.10345458984375 -0.0249900817871094 0.0161933898925781
0.089263916015625 -0.0878524780273437 -0.0217151641845703 -0.0181636810302734
0.110771179199219 -0.053955078125 0.0131340026855469 -0.04595947265625
0.132034301757813 -0.0234909057617188 0.104347229003906 -0.0172805786132813
0.0942459106445313 0.0184097290039063 0.0693511962890625 -0.127822875976562
0.0992965698242187 0.00400543212890625 0.09307861328125 -0.099761962890625
0.103439331054688 -0.05023193359375 0.0808639526367188 -0.0678558349609375
0.051116943359375 -0.077880859375 0.0600090026855469 -0.0609512329101563
0.0214309692382812 -0.080535888671875 0.0454139709472656 -0.0332489013671875
-0.0232925415039063 -0.0730514526367188 0.0381317138671875 -0.0203819274902344
-0.0486373901367188 -0.060333251953125 0.0495529174804688 -0.0124893188476563
-0.0441169738769531 -0.0631294250488281 0.0578536987304687 0.00312042236328125
-0.0528984069824219 -0.0637779235839844 0.0551567077636719 0.0237693786621094
-0.0285530090332031 -0.0673561096191406 0.0342369079589844 0.0547409057617187
-0.000701904296875001 -0.0855636596679688 0.0062255859375 0.0534629821777344
0.0315170288085937 -0.0862960815429688 -0.0196189880371094 0.024383544921875
0.101066589355469 -0.0530014038085938 -0.0126686096191406 -0.0128583908081055
0.110092163085938 -0.01019287109375 0.0357513427734375 -0.0468025207519531
0.106063842773438 0.0202178955078125 0.139541625976563 -0.0149688720703125
0.0427360534667969 0.0499076843261719 0.0844192504882813 -0.122764587402344
0.0630035400390625 0.030975341796875 0.0945587158203125 -0.101890563964844
0.0735931396484375 -0.0104446411132813 0.0672073364257813 -0.0579605102539063
0.0416984558105469 -0.0385208129882813 0.0556793212890625 -0.0420913696289063
0.0266342163085938 -0.0426406860351562 0.0475883483886719 -0.013946533203125
-0.00078964233398437 -0.0496788024902344 0.0515289306640625 -0.00395584106445313
-0.0212554931640625 -0.0502281188964844 0.0675849914550781 0.00142669677734375
-0.0202865600585938 -0.05322265625 0.0709381103515625 0.0184783935546875
-0.0276527404785156 -0.0582199096679688 0.0675201416015625 0.0447578430175781
-0.0110282897949219 -0.05670166015625 0.0375442504882813 0.076568603515625
0.0140571594238281 -0.067047119140625 0.0049896240234375 0.0706024169921875
0.0408096313476563 -0.0613517761230469 -0.0167884826660156 0.038543701171875
0.0938186645507812 -0.0186691284179687 -0.00573062896728515 0.00271320343017578
0.0905303955078125 0.0292282104492187 0.0522041320800781 -0.0311508178710937
0.0631027221679688 0.0569381713867188 0.160324096679688 0.0029144287109375
-0.0018157958984375 -0.0860748291015625 -0.159957885742187 -0.0130615234375
-0.0513420104980469 -0.038360595703125 -0.0589218139648438 0.0143928527832031
-0.0628395080566406 0.00288772583007812 0.0146446228027344 -0.024383544921875
-0.0386276245117188 0.0355415344238281 0.0279426574707031 -0.0632095336914063
-0.0191612243652344 0.0356979370117188 0.00750732421875 -0.09088134765625
-0.000946044921874998 0.0366287231445313 -0.0379638671875 -0.0985488891601563
-0.00213241577148437 0.0356216430664063 -0.0804367065429688 -0.0644073486328125
-0.0112724304199219 0.0333309173583984 -0.0774612426757813 -0.0353469848632813
-0.0131549835205078 0.0329647064208984 -0.07073974609375 -0.0124359130859375
-0.0214939117431641 0.0178318023681641 -0.0622444152832031 -0.00833892822265626
-0.0294208526611328 0.00833892822265626 -0.0536956787109375 0.00837707519531251
-0.0389976501464844 -0.00407409667968751 -0.0574836730957031 0.025238037109375
-0.0384788513183594 -0.03582763671875 -0.0654945373535156 0.0400352478027344
-0.0263671875 -0.0610275268554688 -0.08355712890625 0.0863494873046875
0.00930786132812499 -0.0844268798828125 -0.0892181396484375 0.10595703125
0.0548782348632813 -0.0942306518554688 -0.148605346679688 -0.041473388671875
-0.0043792724609375 -0.0527572631835937 -0.04937744140625 -0.00870513916015625
-0.0217361450195313 -0.0276393890380859 0.026458740234375 -0.04327392578125
-0.0191898345947266 0.00147819519042969 0.0317916870117187 -0.081695556640625
-0.0115575790405273 0.000298500061035156 0.010009765625 -0.102981567382813
-0.0137729644775391 0.00568580627441406 -0.037841796875 -0.1077880859375
-0.0275917053222656 0.0132255554199219 -0.0770950317382813 -0.0736083984375
-0.0366096496582031 0.0100936889648437 -0.0692863464355469 -0.0426483154296875
-0.0447921752929688 0.0139503479003906 -0.0636444091796875 -0.018951416015625
-0.0461654663085938 -0.00650787353515624 -0.0543441772460938 -0.00804519653320312
-0.0438232421875 -0.0286712646484375 -0.0475616455078125 0.007720947265625
-0.0375709533691406 -0.0476493835449219 -0.0545005798339844 0.0173988342285156
-0.00489044189453125 -0.0736618041992188 -0.0541343688964844 0.0234947204589844
0.01409912109375 -0.0887908935546875 -0.0665779113769531 0.0642662048339844
0.0611190795898438 -0.102508544921875 -0.0652999877929688 0.082977294921875
0.105964660644531 -0.0898971557617187 -0.118125915527344 -0.0705947875976562
0.0484542846679688 -0.0589256286621094 -0.0265598297119141 -0.0293979644775391
0.028350830078125 -0.0593414306640625 0.0470809936523438 -0.0572509765625
0.0053558349609375 -0.0394058227539063 0.0405960083007813 -0.0961990356445313
-0.00260162353515625 -0.0413703918457031 0.0144119262695313 -0.108627319335938
-0.0261287689208984 -0.0297203063964844 -0.0335540771484375 -0.10699462890625
-0.0506706237792969 -0.0130119323730469 -0.0632781982421875 -0.0736846923828125
-0.0574874877929688 -0.0147209167480469 -0.0499687194824219 -0.0447654724121094
-0.0706405639648438 -0.0069122314453125 -0.0448493957519531 -0.0212516784667969
-0.06500244140625 -0.0277824401855469 -0.0369415283203125 -0.0031890869140625
-0.0558662414550781 -0.0578765869140625 -0.035675048828125 0.0121955871582031
-0.0383071899414063 -0.0812454223632812 -0.0498313903808594 0.0146369934082031
0.020751953125 -0.102973937988281 -0.04583740234375 0.0087127685546875
0.0468292236328125 -0.106948852539063 -0.0474281311035156 0.0342559814453125
0.103317260742187 -0.107688903808594 -0.0280799865722656 0.0528755187988281
0.140457153320313 -0.0724945068359375 -0.0714187622070313 -0.0951004028320313
0.0942306518554688 -0.056610107421875 0.00714111328125001 -0.0493431091308594
0.0768356323242188 -0.0852203369140625 0.0679893493652344 -0.0666351318359375
0.0291824340820313 -0.0793533325195313 0.0519332885742188 -0.10015869140625
0.00521087646484376 -0.0800857543945313 0.0232772827148438 -0.102409362792969
-0.0364646911621094 -0.0615806579589844 -0.021820068359375 -0.0941238403320313
-0.0669212341308594 -0.0373115539550781 -0.0401344299316406 -0.0643768310546875
-0.0698318481445312 -0.0377426147460938 -0.0226211547851563 -0.0395851135253906
-0.0843734741210938 -0.026702880859375 -0.0195655822753906 -0.0186004638671875
-0.0717697143554688 -0.0445632934570312 -0.0149660110473633 0.00496959686279297
-0.0579299926757812 -0.0778961181640625 -0.0217113494873047 0.0183963775634766
-0.0345458984375 -0.102272033691406 -0.0434112548828125 0.0130691528320312
0.0435256958007812 -0.117912292480469 -0.0396804809570313 -0.0048065185546875
0.0744094848632813 -0.1085205078125 -0.0299205780029297 0.00101661682128906
0.130638122558594 -0.0957489013671875 0.0160045623779297 0.0218677520751953
0.150604248046875 -0.047088623046875 -0.0178909301757812 -0.113677978515625
0.121551513671875 -0.0442428588867187 0.0436210632324219 -0.0692481994628906
0.109626770019531 -0.0944976806640625 0.0840682983398438 -0.0716171264648438
0.0464401245117188 -0.103569030761719 0.0605316162109375 -0.0945816040039063
0.0103988647460937 -0.103836059570313 0.0331649780273438 -0.085357666015625
-0.0417251586914063 -0.0814743041992188 -0.00357818603515625 -0.0714569091796875
-0.0735321044921875 -0.0543670654296875 -0.0103607177734375 -0.0487518310546875
-0.0717315673828125 -0.0551376342773437 0.00748062133789062 -0.0285511016845703
-0.0857391357421875 -0.0449600219726562 0.00850391387939453 -0.00955581665039063
-0.0654258728027344 -0.0584182739257812 0.00703620910644531 0.0170783996582031
-0.0471878051757812 -0.0904464721679688 -0.00814437866210938 0.0263633728027344
-0.0179824829101562 -0.109268188476563 -0.0364952087402344 0.013458251953125
0.0672607421875 -0.113288879394531 -0.0330238342285156 -0.0152206420898438
0.097198486328125 -0.0903701782226563 -0.0108070373535156 -0.02838134765625
0.141510009765625 -0.0668792724609375 0.0622787475585938 -0.00440216064453125
0.134841918945313 -0.0154800415039063 0.031402587890625 -0.125144958496094
0.123046875 -0.0229339599609375 0.0747909545898438 -0.0868759155273438
0.119041442871094 -0.0825271606445313 0.08892822265625 -0.0731048583984375
0.0540924072265625 -0.103668212890625 0.0637283325195313 -0.0803680419921875
0.015533447265625 -0.104690551757812 0.0413017272949219 -0.0599555969238281
-0.0384292602539063 -0.0849075317382813 0.0177345275878906 -0.0446853637695313
-0.0681381225585938 -0.0617485046386719 0.0218124389648437 -0.0308437347412109
-0.0631141662597656 -0.063690185546875 0.0351486206054687 -0.0147590637207031
-0.0746841430664062 -0.0579071044921875 0.0348110198974609 0.00456809997558593
-0.0492630004882813 -0.0669059753417969 0.0238494873046875 0.03472900390625
-0.025390625 -0.093658447265625 0.000385284423828121 0.0384521484375
0.00711822509765626 -0.104293823242187 -0.0297565460205078 0.0166530609130859
0.0898208618164063 -0.0896224975585938 -0.0251731872558594 -0.0186309814453125
0.111572265625 -0.0549850463867188 0.0105781555175781 -0.0466842651367187
0.134490966796875 -0.025787353515625 0.105232238769531 -0.0177764892578125
0.0970458984375 0.0177383422851563 0.0673904418945313 -0.128684997558594
0.102012634277344 0.00286865234375 0.09234619140625 -0.09906005859375
0.105079650878906 -0.0535049438476563 0.0820236206054688 -0.068511962890625
0.0509185791015625 -0.0800857543945313 0.0612258911132813 -0.0612411499023438
0.0198822021484375 -0.082611083984375 0.0471343994140625 -0.0339469909667969
-0.024810791015625 -0.0726089477539063 0.038116455078125 -0.0204353332519531
-0.0495376586914062 -0.0588493347167969 0.0496597290039063 -0.0131492614746094
-0.0453414916992188 -0.062042236328125 0.0578231811523437 0.00191497802734375
-0.0541572570800781 -0.0621871948242187 0.0545539855957031 0.024444580078125
-0.0297203063964844 -0.0662956237792969 0.0335502624511719 0.0569725036621094
-0.00208282470703126 -0.0857696533203125 0.00371932983398438 0.0549736022949219
0.0297775268554688 -0.0875091552734375 -0.0236778259277344 0.0252246856689453
0.102188110351562 -0.055572509765625 -0.0150384902954102 -0.0139646530151367
0.112236022949219 -0.0116119384765625 0.0331611633300781 -0.0476646423339844
0.108680725097656 0.0189361572265625 0.139976501464844 -0.0155181884765625
0.0463218688964844 0.0500755310058594 0.0830535888671875 -0.1239013671875
0.0660438537597656 0.0309104919433594 0.0938262939453125 -0.101127624511719
0.0753860473632813 -0.0134201049804688 0.0687026977539063 -0.0571784973144531
0.0413360595703125 -0.0405616760253906 0.0571861267089844 -0.0416946411132813
0.0248908996582031 -0.0448799133300781 0.0496139526367188 -0.0141410827636719
-0.00332260131835938 -0.0494384765625 0.05322265625 -0.00372314453125
-0.0226097106933594 -0.0487632751464844 0.0677947998046875 0.000522613525390622
-0.0220870971679688 -0.0521354675292969 0.0712966918945313 0.0176010131835937
-0.029541015625 -0.0568084716796875 0.0672798156738281 0.0450592041015625
-0.0123023986816406 -0.0560264587402344 0.0376739501953125 0.078521728515625
0.0121116638183594 -0.067291259765625 0.00286865234375001 0.0721664428710937
0.0402450561523438 -0.0628547668457031 -0.0194091796875 0.0392189025878906
0.0952072143554687 -0.0220565795898437 -0.00857210159301757 0.00220775604248047
0.0930252075195313 0.0275421142578125 0.0502815246582031 -0.0323295593261719
0.0658302307128906 0.0569915771484375 0.161376953125 0.0019073486328125
-0.00736236572265624 -0.0867385864257813 -0.1632080078125 -0.00801086425781253
-0.0549812316894531 -0.0361442565917969 -0.0576858520507813 0.0174102783203125
-0.0638847351074219 0.00696945190429686 0.0156841278076172 -0.0241985321044922
-0.0364456176757812 0.0389366149902344 0.0287094116210938 -0.0651092529296875
-0.0162277221679688 0.0376014709472656 0.00710296630859375 -0.0938262939453125
0.00182342529296875 0.0356101989746094 -0.0405731201171875 -0.101036071777344
0.000131607055664062 0.0343723297119141 -0.0836715698242188 -0.0638351440429687
-0.00921440124511719 0.0333995819091797 -0.080047607421875 -0.0335769653320312
-0.0113925933837891 0.0327682495117188 -0.0733184814453125 -0.01007080078125
-0.0203323364257813 0.0179920196533203 -0.0652008056640625 -0.00591278076171874
-0.0279273986816406 0.00903892517089843 -0.0565032958984375 0.0103111267089844
-0.0387306213378906 -0.000858306884765623 -0.0590667724609375 0.0269088745117187
-0.0416412353515625 -0.0329208374023437 -0.0666847229003906 0.04071044921875
-0.0296554565429688 -0.0596923828125 -0.0839004516601562 0.0890884399414063
0.00373840332031251 -0.0864105224609375 -0.0876083374023437 0.110977172851563
0.0507583618164062 -0.0972747802734375 -0.15313720703125 -0.037567138671875
-0.00706100463867187 -0.0515098571777344 -0.0491294860839844 -0.0056610107421875
-0.0235500335693359 -0.0251884460449219 0.0277824401855469 -0.044036865234375
-0.0177974700927734 0.00451278686523438 0.0318603515625 -0.0841140747070313
-0.00950908660888672 0.00151824951171875 0.00830841064453126 -0.105728149414063
-0.011601448059082 0.00444889068603516 -0.0410308837890625 -0.110084533691406
-0.0262374877929688 0.0125598907470703 -0.08026123046875 -0.072662353515625
-0.0358467102050781 0.0109977722167969 -0.0721054077148437 -0.0413055419921875
-0.0441207885742187 0.0147857666015625 -0.0663833618164062 -0.0166740417480469
-0.0457305908203125 -0.00708389282226563 -0.0575180053710938 -0.0061492919921875
-0.0434112548828125 -0.0282783508300781 -0.0502777099609375 0.00960159301757813
-0.0386466979980469 -0.0455818176269531 -0.0576820373535156 0.0191535949707031
-0.00778961181640626 -0.0725021362304688 -0.0568161010742188 0.0236930847167969
0.0103378295898437 -0.0887069702148438 -0.0670127868652344 0.0661849975585937
0.0578079223632813 -0.106315612792969 -0.0634536743164063 0.0866546630859375
0.1036376953125 -0.0947189331054688 -0.124053955078125 -0.0670394897460938
0.0471458435058594 -0.0596389770507812 -0.0266323089599609 -0.0269393920898438
0.0272293090820313 -0.0590362548828125 0.0477714538574219 -0.0594863891601563
0.006134033203125 -0.0383453369140625 0.0403900146484375 -0.0986175537109375
-0.00271224975585938 -0.0414848327636719 0.0128631591796875 -0.111282348632813
-0.0258579254150391 -0.0302009582519531 -0.0364913940429688 -0.108085632324219
-0.0502510070800781 -0.0127944946289063 -0.0665206909179688 -0.0731201171875
-0.05804443359375 -0.0141983032226562 -0.0525627136230469 -0.0434417724609375
-0.0712356567382813 -0.00521087646484375 -0.0476341247558594 -0.0188140869140625
-0.0648574829101563 -0.0269432067871094 -0.0400199890136719 -0.000976562499999996
-0.0572967529296875 -0.0573692321777344 -0.0397453308105469 0.0140876770019531
-0.04095458984375 -0.08038330078125 -0.0539970397949219 0.0165138244628906
0.018035888671875 -0.104225158691406 -0.0491294860839844 0.00811386108398436
0.0442428588867188 -0.108139038085938 -0.0490226745605469 0.0351524353027344
0.100639343261719 -0.113082885742188 -0.0274581909179687 0.0551643371582031
0.140548706054688 -0.0780487060546875 -0.0776748657226562 -0.09405517578125
0.0948562622070312 -0.0594329833984375 0.00662612915039064 -0.0478706359863281
0.0748519897460938 -0.08807373046875 0.0688056945800781 -0.069580078125
0.0283279418945312 -0.0798110961914063 0.051422119140625 -0.103790283203125
0.00354766845703125 -0.0811920166015625 0.0214157104492188 -0.105377197265625
-0.0374984741210937 -0.0615959167480469 -0.02435302734375 -0.0951309204101563
-0.0672874450683594 -0.0363235473632813 -0.0433883666992188 -0.064544677734375
-0.071441650390625 -0.0365524291992188 -0.0252342224121094 -0.0390243530273438
-0.0861129760742187 -0.0247726440429688 -0.0217800140380859 -0.0166797637939453
-0.073089599609375 -0.04400634765625 -0.0172529220581055 0.00702953338623046
-0.060211181640625 -0.0777969360351563 -0.0244903564453125 0.0202922821044922
-0.0369110107421875 -0.102363586425781 -0.0477333068847656 0.0150375366210937
0.0406417846679687 -0.12042236328125 -0.0434494018554688 -0.00476837158203125
0.0724029541015625 -0.11126708984375 -0.0324058532714844 0.00130081176757812
0.130508422851563 -0.102180480957031 0.016632080078125 0.0219974517822266
0.153076171875 -0.0522003173828125 -0.0237274169921875 -0.11407470703125
0.123489379882813 -0.0477523803710938 0.0429801940917969 -0.068817138671875
0.10894775390625 -0.09967041015625 0.0851058959960938 -0.0751953125
0.0450210571289063 -0.106521606445313 0.0597763061523437 -0.0977630615234375
0.00791168212890626 -0.106910705566406 0.0319595336914063 -0.0876922607421875
-0.0445632934570313 -0.081329345703125 -0.00505828857421876 -0.0726699829101563
-0.074676513671875 -0.0526275634765625 -0.0125961303710938 -0.0496330261230469
-0.0747756958007813 -0.0539321899414063 0.00508117675781249 -0.0298099517822266
-0.0878067016601563 -0.0430984497070312 0.00734996795654296 -0.00902748107910157
-0.0676727294921875 -0.0580062866210938 0.00583839416503906 0.0189476013183594
-0.0492706298828125 -0.090301513671875 -0.0111522674560547 0.0291099548339844
-0.0216217041015625 -0.110023498535156 -0.040496826171875 0.0156402587890625
0.06524658203125 -0.116874694824219 -0.0375328063964844 -0.0149726867675781
0.096923828125 -0.0942764282226563 -0.0137233734130859 -0.0294609069824219
0.142929077148438 -0.07293701171875 0.0630149841308594 -0.00545501708984376
0.138740539550781 -0.0204620361328125 0.02630615234375 -0.127273559570313
0.126571655273438 -0.0265350341796875 0.0735397338867188 -0.0875091552734375
0.120002746582031 -0.088348388671875 0.0899124145507813 -0.076873779296875
0.0522384643554687 -0.107154846191406 0.0630874633789063 -0.0833282470703125
0.0122146606445313 -0.108230590820313 0.0409812927246094 -0.0624313354492188
-0.0411300659179687 -0.086151123046875 0.0172500610351563 -0.045440673828125
-0.0698204040527344 -0.0598373413085938 0.0205821990966797 -0.0316963195800781
-0.066741943359375 -0.0624732971191406 0.0345630645751953 -0.0161018371582031
-0.077178955078125 -0.0560989379882812 0.034210205078125 0.00518417358398437
-0.0517082214355469 -0.0671348571777344 0.0235557556152344 0.0368576049804687
-0.0283355712890625 -0.094024658203125 -0.00167083740234375 0.0410079956054687
0.00464630126953125 -0.1064453125 -0.0333728790283203 0.0188999176025391
0.0895538330078125 -0.0946044921875 -0.0291614532470703 -0.0187816619873047
0.112953186035156 -0.0596847534179688 0.00760269165039063 -0.0485992431640625
0.138198852539063 -0.0302886962890625 0.106498718261719 -0.0208358764648438
0.101600646972656 0.014434814453125 0.0633392333984375 -0.132232666015625
0.105934143066406 0.0004730224609375 0.0908889770507813 -0.100669860839844
0.107147216796875 -0.05926513671875 0.0828704833984375 -0.071746826171875
0.049591064453125 -0.0836639404296875 0.0616188049316406 -0.0641555786132813
0.0172195434570312 -0.0860366821289063 0.0479812622070312 -0.0363082885742188
-0.0278396606445312 -0.073272705078125 0.03912353515625 -0.0211753845214844
-0.0525779724121094 -0.0573463439941406 0.0497703552246094 -0.0147285461425781
-0.0488471984863281 -0.0610084533691406 0.0580635070800781 -0.000347137451171879
-0.0580215454101563 -0.0610122680664062 0.0557670593261719 0.0239906311035156
-0.031890869140625 -0.0668830871582031 0.0348854064941406 0.058502197265625
-0.00554656982421876 -0.086639404296875 0.00258255004882812 0.0573310852050781
0.0272369384765625 -0.090301513671875 -0.0270404815673828 0.0276355743408203
0.102691650390625 -0.061370849609375 -0.0191116333007812 -0.0137119293212891
0.115348815917969 -0.0157928466796875 0.0308799743652344 -0.0501670837402344
0.113250732421875 0.0155715942382812 0.142547607421875 -0.019866943359375
0.0507316589355469 0.0491828918457031 0.080322265625 -0.127738952636719
0.0701713562011719 0.0291671752929688 0.0918045043945312 -0.103866577148438
0.0777359008789063 -0.0179519653320313 0.0696907043457031 -0.0593757629394531
0.0400505065917969 -0.043731689453125 0.05902099609375 -0.0435371398925781
0.0227088928222656 -0.0471458435058594 0.05133056640625 -0.0154991149902344
-0.00586318969726562 -0.0500335693359375 0.0547218322753906 -0.00473785400390625
-0.0253257751464844 -0.0471649169921875 0.0689430236816406 -0.00174713134765625
-0.0244865417480469 -0.0514907836914062 0.0721588134765625 0.0151824951171875
-0.0331535339355469 -0.055450439453125 0.0697402954101562 0.0448760986328125
-0.0144081115722656 -0.0558280944824219 0.0397109985351563 0.0807952880859375
0.0088653564453125 -0.0681686401367188 0.00267028808593751 0.0753021240234375
0.0372543334960938 -0.0663070678710938 -0.0224761962890625 0.0413131713867187
0.0964736938476562 -0.0275497436523437 -0.0112161636352539 0.00220966339111328
0.0971908569335938 0.02398681640625 0.0488166809082031 -0.035247802734375
0.0711288452148437 0.0557174682617188 0.164886474609375 -0.0031280517578125
-0.014129638671875 -0.0864181518554687 -0.165634155273438 7.62939453124599E-05
-0.0579833984375 -0.0318756103515625 -0.0555381774902344 0.020660400390625
-0.0638504028320313 0.0128517150878906 0.0168342590332031 -0.0239372253417969
-0.0327949523925781 0.042724609375 0.0280876159667969 -0.0679435729980469
-0.0120964050292969 0.0389175415039063 0.0040740966796875 -0.0956192016601563
0.00485038757324219 0.0340518951416016 -0.0446853637695313 -0.101707458496094
0.00248908996582031 0.0329608917236328 -0.0868759155273437 -0.0610733032226563
-0.00711441040039063 0.0329322814941406 -0.0822601318359375 -0.0295791625976562
-0.00914382934570312 0.0328273773193359 -0.075439453125 -0.00642395019531251
-0.0190219879150391 0.0179100036621094 -0.0679359436035156 -0.00245285034179688
-0.0261096954345703 0.0100364685058594 -0.0589523315429688 0.0132560729980469
-0.0380973815917969 0.00268173217773438 -0.0604171752929687 0.0295906066894531
-0.0437469482421875 -0.028717041015625 -0.0668411254882813 0.0418128967285156
-0.0343055725097656 -0.0570220947265625 -0.081024169921875 0.0928573608398438
-0.00228118896484375 -0.0867919921875 -0.0821456909179687 0.116249084472656
0.04400634765625 -0.0999374389648438 -0.157333374023437 -0.0293731689453125
-0.0104217529296875 -0.0498847961425781 -0.0483856201171875 -0.00227737426757813
-0.0245475769042969 -0.0217514038085938 0.0269241333007813 -0.0451164245605469
-0.015284538269043 0.00719261169433594 0.0297164916992188 -0.0863189697265625
-0.00697422027587891 0.00222539901733398 0.00479125976562501 -0.107795715332031
-0.00997161865234375 0.00409793853759766 -0.0463638305664063 -0.109931945800781
-0.024658203125 0.0118198394775391 -0.0848007202148437 -0.069793701171875
-0.0349159240722656 0.0116062164306641 -0.0750885009765625 -0.0376815795898438
-0.0430870056152344 0.0159339904785156 -0.0690155029296875 -0.0127029418945312
-0.0455436706542969 -0.00582885742187501 -0.0598907470703125 -0.00288772583007812
-0.0435562133789063 -0.0266838073730469 -0.0534133911132813 0.0132942199707031
-0.0395851135253906 -0.0429573059082031 -0.0601806640625 0.0218849182128906
-0.0112686157226562 -0.0709991455078125 -0.0581626892089844 0.0247802734375
0.00563812255859374 -0.08837890625 -0.0656700134277344 0.0693855285644531
0.05108642578125 -0.109901428222656 -0.0597991943359375 0.0907745361328125
0.0986175537109375 -0.100593566894531 -0.129318237304687 -0.0604019165039063
0.0436935424804688 -0.0609893798828125 -0.0266551971435547 -0.0240936279296875
0.0241241455078125 -0.0591506958007812 0.046356201171875 -0.06195068359375
0.00611495971679688 -0.0367279052734375 0.037384033203125 -0.101028442382813
-0.00229644775390625 -0.0409011840820313 0.00872039794921874 -0.113578796386719
-0.0255146026611328 -0.0298900604248047 -0.0412826538085938 -0.107933044433594
-0.0500984191894531 -0.0116806030273437 -0.0709686279296875 -0.0705490112304688
-0.0584297180175781 -0.011932373046875 -0.0559005737304688 -0.0409698486328125
-0.0708999633789063 -0.00228881835937501 -0.0499343872070313 -0.015838623046875
-0.0655517578125 -0.0253524780273438 -0.0424385070800781 0.00177764892578124
-0.0584869384765625 -0.0553779602050781 -0.0417442321777344 0.0177650451660156
-0.0436553955078125 -0.0784988403320313 -0.057342529296875 0.0202064514160156
0.0134811401367188 -0.104965209960937 -0.0518989562988281 0.00886154174804686
0.0390853881835937 -0.1090087890625 -0.0492286682128906 0.0373039245605469
0.0948562622070313 -0.119461059570313 -0.0248069763183594 0.0575218200683594
0.137542724609375 -0.0857315063476563 -0.08465576171875 -0.088409423828125
0.0925216674804688 -0.0628509521484375 0.00505065917968751 -0.0457839965820313
0.0712432861328125 -0.0915374755859375 0.0674285888671875 -0.0736923217773438
0.0264205932617188 -0.0807266235351563 0.0486526489257813 -0.106582641601563
0.000259399414062492 -0.0819778442382813 0.0174713134765625 -0.107528686523438
-0.0394783020019531 -0.0607681274414063 -0.0288772583007813 -0.0944747924804688
-0.0690956115722656 -0.0338592529296875 -0.0471878051757812 -0.0626983642578125
-0.0737838745117188 -0.0339584350585937 -0.0284385681152344 -0.0382423400878906
-0.08721923828125 -0.0209426879882813 -0.0236244201660156 -0.0146007537841797
-0.0742645263671875 -0.0416946411132813 -0.0186176300048828 0.009185791015625
-0.0631790161132812 -0.07562255859375 -0.0270576477050781 0.0233325958251953
-0.04144287109375 -0.100196838378906 -0.0512466430664062 0.0192756652832031
0.0355148315429688 -0.122833251953125 -0.0472984313964844 -0.00379943847656251
0.067596435546875 -0.114273071289063 -0.0343570709228515 0.00203704833984374
0.125831604003906 -0.109970092773438 0.0177364349365234 0.0216121673583984
0.152450561523437 -0.0607147216796875 -0.031494140625 -0.111854553222656
0.123176574707031 -0.0527801513671875 0.0407257080078125 -0.0682563781738281
0.10516357421875 -0.106109619140625 0.0836029052734375 -0.0800018310546875
0.0409088134765625 -0.107620239257813 0.0571823120117187 -0.101470947265625
0.00289154052734376 -0.108161926269531 0.0285110473632813 -0.0907211303710938
-0.0471572875976563 -0.0807723999023438 -0.008514404296875 -0.072357177734375
-0.0776290893554688 -0.0498504638671875 -0.0158462524414063 -0.0488204956054688
-0.0779647827148438 -0.0504684448242187 0.00272178649902343 -0.0303859710693359
-0.0905380249023437 -0.0391082763671875 0.0060734748840332 -0.00754785537719727
-0.069610595703125 -0.0555000305175781 0.00516510009765624 0.0207786560058594
-0.053466796875 -0.0885467529296875 -0.0129623413085938 0.0318183898925781
-0.0268402099609375 -0.110588073730469 -0.0438690185546875 0.0194435119628906
0.0608749389648438 -0.121574401855469 -0.0418319702148437 -0.0142555236816406
0.0936050415039062 -0.0990982055664062 -0.0173187255859375 -0.0298652648925781
0.141510009765625 -0.081207275390625 0.0630455017089844 -0.00870132446289063
0.14031982421875 -0.0273895263671875 0.018402099609375 -0.127906799316406
0.127937316894531 -0.0327987670898438 0.0701065063476563 -0.0890579223632813
0.117057800292969 -0.097076416015625 0.0877456665039063 -0.0824737548828125
0.0482711791992188 -0.110877990722656 0.0613784790039063 -0.08709716796875
0.00653076171875001 -0.110443115234375 0.0391311645507812 -0.0653953552246094
-0.0457992553710938 -0.0839080810546875 0.0162086486816406 -0.0463409423828125
-0.0728683471679688 -0.0561981201171875 0.0185375213623047 -0.0328960418701172
-0.0703353881835938 -0.0591583251953125 0.032684326171875 -0.0177478790283203
-0.0812225341796875 -0.0516586303710938 0.0340309143066406 0.00484085083007812
-0.054718017578125 -0.0645294189453125 0.0242080688476562 0.0374679565429687
-0.0331344604492188 -0.0926971435546875 -0.00228118896484375 0.0439109802246094
-0.0018463134765625 -0.10772705078125 -0.0367584228515625 0.0225715637207031
0.0864181518554688 -0.101486206054688 -0.0331974029541016 -0.0183124542236328
0.112236022949219 -0.0656585693359375 0.0034027099609375 -0.0502510070800781
0.13885498046875 -0.0378265380859375 0.10626220703125 -0.0265274047851563
0.105522155761719 0.0095672607421875 0.0559234619140625 -0.134910583496094
0.109703063964844 -0.00493621826171875 0.0869674682617188 -0.103652954101563
0.106163024902344 -0.067352294921875 0.0816574096679688 -0.0760955810546875
0.0456314086914063 -0.0878219604492187 0.0602989196777344 -0.0670318603515625
0.0118865966796875 -0.0883102416992187 0.0471458435058594 -0.0392913818359375
-0.0320892333984375 -0.0718231201171875 0.0392265319824219 -0.0225105285644531
-0.0556297302246094 -0.0541267395019531 0.0489654541015625 -0.01776123046875
-0.0524559020996094 -0.0588874816894531 0.0573768615722656 -0.00325775146484375
-0.0613632202148438 -0.0571784973144531 0.0566596984863281 0.0229835510253906
-0.0349502563476562 -0.0647354125976563 0.03741455078125 0.0593605041503906
-0.0106124877929688 -0.086151123046875 0.00312423706054687 0.0596923828125
0.0222930908203125 -0.0933151245117187 -0.0296840667724609 0.0299949645996094
0.101364135742188 -0.0680694580078125 -0.0224227905273437 -0.0133914947509766
0.116294860839844 -0.0218429565429688 0.0261459350585938 -0.052642822265625
0.117347717285156 0.0105743408203125 0.142913818359375 -0.0268707275390625
0.0563812255859375 0.0462532043457031 0.0734100341796875 -0.131927490234375
0.0742034912109375 0.0247650146484375 0.0885086059570313 -0.106979370117188
0.078369140625 -0.0249176025390625 0.0691184997558594 -0.062530517578125
0.0374794006347656 -0.0472831726074219 0.0586471557617188 -0.0465965270996094
0.0191497802734375 -0.0497169494628906 0.0521926879882813 -0.0187759399414063
-0.00883102416992188 -0.0495796203613281 0.0552330017089844 -0.00693130493164063
-0.0280990600585937 -0.045013427734375 0.0691795349121094 -0.0054473876953125
-0.028228759765625 -0.049530029296875 0.072906494140625 0.0108413696289062
-0.0367050170898438 -0.0531578063964844 0.0724029541015625 0.0427093505859375
-0.017669677734375 -0.0542030334472656 0.0432357788085938 0.0810012817382812
0.00368118286132812 -0.0687522888183594 0.00405120849609374 0.0773544311523438
0.0335273742675781 -0.0691070556640625 -0.0234184265136719 0.0432472229003906
0.0963668823242188 -0.034515380859375 -0.0136566162109375 0.0019989013671875
0.100875854492187 0.0179595947265625 0.0456657409667969 -0.0384559631347656
0.0761260986328125 0.05242919921875 0.166839599609375 -0.0108489990234375
-0.0209121704101563 -0.0832595825195313 -0.163009643554687 0.008514404296875
-0.0594940185546875 -0.0268478393554688 -0.0523452758789063 0.0235786437988281
-0.0617332458496094 0.0181655883789062 0.0169258117675781 -0.0237674713134766
-0.0279617309570312 0.0450782775878906 0.0265083312988281 -0.068023681640625
-0.00730133056640625 0.03875732421875 0.000679016113281255 -0.094818115234375
0.0075531005859375 0.0315284729003906 -0.0489578247070313 -0.0998382568359375
0.00450325012207031 0.0306930541992187 -0.0884475708007812 -0.0562515258789063
-0.00432014465332031 0.0318374633789063 -0.0825729370117188 -0.0248336791992188
-0.00668907165527344 0.0316143035888672 -0.074859619140625 -0.00174713134765626
-0.0171308517456055 0.0170497894287109 -0.0682754516601563 0.00123214721679687
-0.0242481231689453 0.0109367370605469 -0.0589370727539063 0.0168800354003906
-0.035919189453125 0.00564193725585937 -0.0600357055664063 0.0317573547363281
-0.0449485778808594 -0.0244522094726562 -0.0662307739257813 0.04217529296875
-0.0376625061035156 -0.0527839660644531 -0.0760116577148438 0.0943069458007813
-0.00908660888671874 -0.0848617553710938 -0.0744705200195313 0.118217468261719
0.0358734130859375 -0.0994491577148438 -0.156890869140625 -0.0203704833984375
-0.0134849548339844 -0.0469627380371094 -0.0458030700683594 0.000839233398437495
-0.0251502990722656 -0.0177898406982422 0.0255165100097656 -0.045166015625
-0.0124893188476563 0.0092782974243164 0.02679443359375 -0.0864181518554688
-0.0047307014465332 0.00286531448364258 0.00080108642578125 -0.106460571289063
-0.00850152969360352 0.00294828414916992 -0.0504150390625 -0.1065673828125
-0.0232677459716797 0.0115528106689453 -0.0865325927734375 -0.064849853515625
-0.0329360961914063 0.0123310089111328 -0.0760040283203125 -0.0331268310546875
-0.0403671264648438 0.0169525146484375 -0.0690727233886719 -0.00758361816406249
-0.0439109802246094 -0.00434112548828126 -0.0610733032226563 0.00150680541992188
-0.0425186157226562 -0.0249977111816406 -0.0543289184570313 0.0167655944824219
-0.0400199890136719 -0.0392189025878906 -0.0608177185058594 0.02471923828125
-0.0145912170410156 -0.0675315856933594 -0.0587043762207031 0.0250434875488281
0.000549316406249997 -0.085296630859375 -0.06207275390625 0.0701904296875
0.04315185546875 -0.1103515625 -0.0541152954101563 0.0922164916992188
0.0901336669921875 -0.102684020996094 -0.131240844726563 -0.0509033203125
0.0399703979492188 -0.0601806640625 -0.0257949829101562 -0.0206108093261719
0.0210418701171875 -0.0573348999023437 0.0437240600585938 -0.0629806518554688
0.00603103637695313 -0.0352935791015625 0.0335464477539063 -0.101364135742188
-0.00279617309570312 -0.0402984619140625 0.00446319580078126 -0.112213134765625
-0.0250740051269531 -0.0296669006347656 -0.0456008911132813 -0.104873657226563
-0.0491180419921875 -0.0104942321777344 -0.07391357421875 -0.0658721923828125
-0.0573234558105469 -0.00991821289062499 -0.0577049255371094 -0.0373420715332031
-0.0690193176269531 0.000556945800781258 -0.0512962341308594 -0.0116920471191406
-0.064910888671875 -0.0228118896484375 -0.0431442260742188 0.00506973266601562
-0.0588226318359375 -0.0522537231445312 -0.0430755615234375 0.0209007263183594
-0.0457687377929688 -0.0738983154296875 -0.05853271484375 0.0233993530273438
0.008453369140625 -0.102447509765625 -0.0538291931152344 0.0097808837890625
0.0332183837890625 -0.107818603515625 -0.0487327575683594 0.03826904296875
0.0863113403320313 -0.122039794921875 -0.0215568542480469 0.0576362609863281
0.13031005859375 -0.0915679931640625 -0.0887603759765625 -0.0811843872070313
0.0881423950195313 -0.064361572265625 0.00424957275390626 -0.0429039001464844
0.0659408569335938 -0.0925216674804688 0.06402587890625 -0.0759429931640625
0.0232162475585938 -0.0796356201171875 0.0438003540039062 -0.107940673828125
-0.00299072265625001 -0.0799636840820313 0.0126724243164063 -0.107292175292969
-0.0405464172363281 -0.0584030151367188 -0.0328826904296875 -0.0916519165039063
-0.0680770874023438 -0.0307121276855469 -0.0501480102539062 -0.0593109130859375
-0.07342529296875 -0.0304946899414063 -0.0312652587890625 -0.0357933044433594
-0.0858993530273438 -0.0169677734375 -0.024749755859375 -0.0113677978515625
-0.074005126953125 -0.037994384765625 -0.0195770263671875 0.0118026733398437
-0.0648040771484375 -0.0714187622070312 -0.0279998779296875 0.0269737243652344
-0.0451431274414062 -0.0962905883789063 -0.0533447265625 0.0231056213378906
0.0299835205078125 -0.122482299804688 -0.0498580932617188 -0.00288772583007812
0.0611114501953125 -0.114875793457031 -0.0358963012695312 0.00274658203125
0.118400573730469 -0.115097045898437 0.0182571411132813 0.0200672149658203
0.146652221679688 -0.0676422119140625 -0.0383071899414062 -0.105995178222656
0.119224548339844 -0.0571517944335938 0.0373764038085938 -0.0664825439453125
0.0986862182617188 -0.109901428222656 0.0785751342773438 -0.0828628540039062
0.03631591796875 -0.107833862304688 0.0526504516601563 -0.102973937988281
-0.00254058837890625 -0.106475830078125 0.024444580078125 -0.0906448364257813
-0.0500946044921875 -0.0770950317382813 -0.011199951171875 -0.0704116821289063
-0.0776901245117188 -0.04534912109375 -0.0183525085449219 -0.0473175048828125
-0.0791702270507813 -0.0462417602539062 4.19616699218691E-05 -0.0293083190917969
-0.091064453125 -0.0331344604492188 0.00511789321899414 -0.00689220428466797
-0.0704574584960938 -0.0516738891601563 0.00486564636230468 0.0221786499023438
-0.056365966796875 -0.0843276977539063 -0.0137290954589844 0.0344676971435547
-0.03192138671875 -0.106529235839844 -0.0463905334472656 0.0230712890625
0.055023193359375 -0.123130798339844 -0.045166015625 -0.0132789611816406
0.0876617431640625 -0.1014404296875 -0.0208663940429687 -0.0286865234375
0.135185241699219 -0.0876541137695312 0.0614700317382813 -0.0119781494140625
0.138336181640625 -0.0342941284179688 0.010528564453125 -0.124687194824219
0.126487731933594 -0.0379562377929688 0.0656890869140625 -0.088531494140625
0.110984802246094 -0.102157592773438 0.0831069946289063 -0.0847396850585938
0.0420074462890625 -0.111930847167969 0.0568008422851562 -0.0890731811523438
0.000534057617187504 -0.109024047851563 0.0361251831054688 -0.066375732421875
-0.048614501953125 -0.0803604125976563 0.0142288208007812 -0.0452766418457031
-0.07379150390625 -0.05145263671875 0.0161609649658203 -0.0329952239990234
-0.0728607177734375 -0.054351806640625 0.0296592712402344 -0.0189323425292969
-0.08251953125 -0.0457611083984375 0.0324230194091797 0.00473213195800781
-0.0562782287597656 -0.0608482360839844 0.0246009826660156 0.0376739501953125
-0.037017822265625 -0.089263916015625 -0.00233840942382813 0.0457839965820312
-0.00737762451171876 -0.105499267578125 -0.0385398864746094 0.02581787109375
0.0803298950195313 -0.1051025390625 -0.0371360778808594 -0.0172157287597656
0.1087646484375 -0.0699386596679688 -0.00199508666992187 -0.0496292114257813
0.13580322265625 -0.0448532104492188 0.102882385253906 -0.0313949584960938
0.106346130371094 0.0034637451171875 0.0466995239257812 -0.133567810058594
0.109779357910156 -0.0103530883789063 0.081268310546875 -0.103294372558594
0.1015625 -0.0736236572265625 0.0777435302734375 -0.0787200927734375
0.0408935546875 -0.0889739990234375 0.05731201171875 -0.0688018798828125
0.00582122802734376 -0.0877151489257813 0.0456008911132813 -0.0412788391113281
-0.035858154296875 -0.068817138671875 0.0380058288574219 -0.0235481262207031
-0.0571022033691406 -0.049530029296875 0.0465812683105469 -0.0194740295410156
-0.0559768676757812 -0.0544013977050781 0.0545616149902344 -0.00643157958984375
-0.0637245178222656 -0.0520515441894531 0.0561447143554687 0.0209083557128906
-0.0375251770019531 -0.0618247985839844 0.0385818481445313 0.0584182739257812
-0.0150299072265625 -0.0835342407226563 0.00354766845703125 0.0617790222167969
0.0164642333984375 -0.0927810668945313 -0.0306129455566406 0.0324134826660156
0.0966110229492188 -0.0736541748046875 -0.0255203247070312 -0.0128879547119141
0.114799499511719 -0.0279312133789063 0.0211372375488281 -0.0538253784179688
0.116676330566406 0.00353240966796875 0.138763427734375 -0.0338897705078125
0.0594024658203125 0.0420761108398438 0.065216064453125 -0.131919860839844
0.076568603515625 0.020538330078125 0.0818710327148437 -0.107536315917969
0.07611083984375 -0.0310745239257812 0.0667190551757813 -0.0645828247070312
0.0339164733886719 -0.0487442016601563 0.0570487976074219 -0.0484161376953125
0.0148811340332031 -0.0505905151367188 0.0516891479492188 -0.0211563110351563
-0.0123558044433594 -0.048095703125 0.0550346374511719 -0.0096893310546875
-0.0299224853515625 -0.0416297912597656 0.0677452087402344 -0.0088043212890625
-0.0308914184570313 -0.0461883544921875 0.0711822509765625 0.007110595703125
-0.0400390625 -0.048431396484375 0.07305908203125 0.0386123657226562
-0.0203170776367188 -0.0515251159667969 0.04644775390625 0.07965087890625
-0.000675201416015626 -0.0670852661132813 0.00572204589843749 0.07818603515625
0.0275421142578125 -0.0701789855957031 -0.0240707397460938 0.0447769165039062
0.0931320190429688 -0.0407638549804688 -0.0157995223999023 0.00195789337158203
0.101593017578125 0.0114974975585938 0.0407676696777344 -0.041046142578125
0.0790481567382813 0.0470657348632813 0.163818359375 -0.019683837890625
-0.0253219604492187 -0.0787124633789063 -0.158294677734375 0.0131988525390625
-0.0587234497070312 -0.0226211547851563 -0.048492431640625 0.0239601135253906
-0.0583000183105469 0.0211753845214844 0.0178318023681641 -0.0226192474365234
-0.0234184265136719 0.04559326171875 0.0257301330566406 -0.0672721862792969
-0.00415802001953125 0.0374259948730469 -8.39233398437403E-05 -0.0932693481445313
0.00865745544433594 0.0284786224365234 -0.049835205078125 -0.0977630615234375
0.00468063354492187 0.0279788970947266 -0.0876007080078125 -0.052520751953125
-0.00359344482421875 0.0306529998779297 -0.0806884765625 -0.021636962890625
-0.00489234924316407 0.0300979614257813 -0.0733184814453125 0.000946044921875017
-0.0159482955932617 0.0165271759033203 -0.0676155090332031 0.00366210937500001
-0.021759033203125 0.0106716156005859 -0.0587615966796875 0.0185279846191406
-0.0333442687988281 0.00788497924804688 -0.0593070983886719 0.0320510864257813
-0.0442352294921875 -0.0202102661132813 -0.0655517578125 0.04119873046875
-0.0386390686035156 -0.0487899780273437 -0.0724411010742187 0.09222412109375
-0.0131378173828125 -0.0813751220703125 -0.0687103271484375 0.116508483886719
0.0299911499023438 -0.0962753295898438 -0.1531982421875 -0.014373779296875
-0.0144157409667969 -0.0430564880371094 -0.0432853698730469 0.00243759155273437
-0.0238819122314453 -0.014373779296875 0.0253944396972656 -0.0438880920410156
-0.00977516174316406 0.0109157562255859 0.0257034301757813 -0.0851211547851563
-0.00232005119323731 0.00290656089782715 -0.000518798828125011 -0.104179382324219
-0.00687599182128906 0.00124073028564453 -0.0512466430664062 -0.1033935546875
-0.0217342376708984 0.010284423828125 -0.0858306884765625 -0.06072998046875
-0.0312843322753906 0.0121707916259766 -0.075225830078125 -0.0295944213867188
-0.0378456115722656 0.0164566040039062 -0.0678062438964844 -0.00460815429687499
-0.0421371459960938 -0.00449371337890624 -0.06072998046875 0.00391387939453124
-0.0407257080078125 -0.023895263671875 -0.0541839599609375 0.0187301635742187
-0.0385246276855469 -0.0362281799316406 -0.0606231689453125 0.0266304016113281
-0.0153732299804687 -0.0638008117675781 -0.0589752197265625 0.0242729187011719
-0.00209808349609376 -0.081329345703125 -0.059814453125 0.0688285827636719
0.0370407104492187 -0.108863830566406 -0.0501785278320313 0.0908279418945313
0.0828704833984375 -0.101249694824219 -0.129783630371094 -0.0447769165039063
0.0372734069824219 -0.0574913024902344 -0.0242252349853516 -0.0182037353515625
0.0189704895019531 -0.0541954040527344 0.0421676635742188 -0.0619544982910156
0.0074462890625 -0.0329380035400391 0.0312957763671875 -0.0991287231445313
-0.002197265625 -0.0388870239257813 0.00215911865234376 -0.108955383300781
-0.0237350463867188 -0.0289554595947266 -0.046630859375 -0.100746154785156
-0.0466804504394531 -0.010101318359375 -0.0735397338867188 -0.0617141723632812
-0.0555496215820313 -0.00846481323242187 -0.0579833984375 -0.0338821411132812
-0.0659828186035156 0.00168228149414063 -0.0507965087890625 -0.00864791870117187
-0.0629920959472656 -0.0212173461914062 -0.0433845520019531 0.00752258300781251
-0.0570106506347656 -0.0498085021972656 -0.0433273315429688 0.0231552124023437
-0.0455513000488281 -0.0697288513183594 -0.059051513671875 0.0252265930175781
0.006256103515625 -0.0989151000976563 -0.0558052062988281 0.0100059509277344
0.0295867919921875 -0.104049682617188 -0.0474967956542969 0.0380172729492188
0.0792922973632812 -0.121284484863281 -0.0194778442382812 0.0558280944824219
0.122871398925781 -0.0915298461914062 -0.0897216796875 -0.0741348266601563
0.0846328735351563 -0.063568115234375 0.00442123413085938 -0.0397186279296875
0.06146240234375 -0.0905990600585938 0.0608367919921875 -0.0745315551757813
0.0221939086914062 -0.0764846801757813 0.0413436889648437 -0.106025695800781
-0.00392150878906249 -0.0777130126953125 0.0105056762695313 -0.104682922363281
-0.0399627685546875 -0.0563163757324219 -0.0336837768554688 -0.0878067016601563
-0.0666580200195313 -0.0288047790527344 -0.0507125854492188 -0.0553741455078125
-0.0721435546875 -0.0277175903320312 -0.0319938659667969 -0.0338916778564453
-0.0832748413085938 -0.0143356323242187 -0.0255317687988281 -0.00954246520996094
-0.0720062255859375 -0.0360336303710938 -0.0202045440673828 0.0136528015136719
-0.0633468627929688 -0.0686111450195313 -0.0284442901611328 0.0288753509521484
-0.0453948974609375 -0.0915985107421875 -0.0545654296875 0.0256004333496094
0.0259933471679687 -0.119384765625 -0.0526275634765625 -0.00230026245117188
0.0570907592773438 -0.111968994140625 -0.0366744995117187 0.00348663330078125
0.111572265625 -0.115020751953125 0.0178756713867188 0.0188999176025391
0.140960693359375 -0.069976806640625 -0.0416259765625 -0.0993576049804687
0.11578369140625 -0.0574493408203125 0.0359954833984375 -0.0632095336914063
0.0929489135742188 -0.108932495117188 0.0748062133789063 -0.0820999145507812
0.0334243774414063 -0.105369567871094 0.049652099609375 -0.1015625
-0.00497436523437499 -0.103309631347656 0.0224151611328125 -0.0889205932617187
-0.0497970581054688 -0.0736846923828125 -0.0124320983886719 -0.0678482055664063
-0.0760116577148438 -0.0424041748046875 -0.0197868347167969 -0.0445709228515625
-0.0782241821289063 -0.042694091796875 -0.00258827209472657 -0.0278873443603516
-0.0887527465820313 -0.0298004150390625 0.00326490402221679 -0.00544357299804688
-0.069091796875 -0.0494613647460938 0.00396919250488281 0.0234603881835937
-0.0558395385742188 -0.0804824829101563 -0.0145034790039063 0.0363845825195312
-0.0328140258789062 -0.102142333984375 -0.0479202270507813 0.0262298583984375
0.049957275390625 -0.121566772460938 -0.0479278564453125 -0.01214599609375
0.0834579467773437 -0.100028991699219 -0.0234527587890625 -0.0273933410644531
0.129615783691406 -0.0892410278320313 0.0589752197265625 -0.013763427734375
0.134475708007813 -0.0378952026367188 0.00607299804687501 -0.118698120117187
0.123825073242188 -0.0397186279296875 0.06231689453125 -0.0849609375
0.105613708496094 -0.103843688964844 0.078582763671875 -0.0844192504882813
0.0385360717773438 -0.109161376953125 0.0538253784179688 -0.0879592895507813
-0.0027618408203125 -0.106529235839844 0.0335807800292969 -0.0660018920898438
-0.0491485595703125 -0.0767440795898437 0.0130996704101562 -0.0443153381347656
-0.0727462768554688 -0.0483779907226562 0.0142135620117187 -0.031829833984375
-0.072418212890625 -0.0505828857421875 0.0270195007324219 -0.0186176300048828
-0.0811386108398438 -0.0419769287109375 0.0314655303955078 0.00460052490234375
-0.055389404296875 -0.0576553344726562 0.0244255065917969 0.0379104614257812
-0.0379562377929688 -0.0857315063476563 -0.00276565551757813 0.0469818115234375
-0.00991058349609376 -0.101669311523438 -0.0401649475097656 0.027679443359375
0.0756149291992188 -0.105400085449219 -0.0401115417480469 -0.0163421630859375
0.103874206542969 -0.0707778930664063 -0.00485610961914062 -0.0481910705566406
0.131950378417969 -0.0477676391601563 0.0986709594726563 -0.033660888671875
0.104728698730469 -0.00063323974609375 0.0410003662109375 -0.128707885742188
0.108688354492187 -0.0133056640625 0.077362060546875 -0.100387573242188
0.0972976684570313 -0.0765762329101563 0.0739288330078125 -0.0778579711914063
0.0368423461914063 -0.0882110595703125 0.0554428100585938 -0.0680389404296875
0.00284576416015625 -0.0868988037109375 0.0437240600585938 -0.040863037109375
-0.03680419921875 -0.0658454895019531 0.0374069213867188 -0.0235404968261719
-0.0564994812011719 -0.0457916259765625 0.0444259643554688 -0.0200729370117188
-0.0560188293457031 -0.0504837036132812 0.0517120361328125 -0.00724411010742188
-0.0635604858398437 -0.0478096008300781 0.0546340942382812 0.0195541381835937
-0.0379829406738281 -0.0587081909179687 0.0387687683105469 0.0573883056640625
-0.017364501953125 -0.0802536010742188 0.00313186645507813 0.0620231628417969
0.0123748779296875 -0.0900726318359375 -0.0321788787841797 0.0345382690429688
0.09173583984375 -0.076019287109375 -0.0279121398925781 -0.0124645233154297
0.111862182617188 -0.0311431884765625 0.0168609619140625 -0.053009033203125
0.115676879882813 -0.00025177001953125 0.134086608886719 -0.0368881225585937
0.0606880187988281 0.0380096435546875 0.0590133666992188 -0.128196716308594
0.0765838623046875 0.0168075561523438 0.0774307250976562 -0.104606628417969
0.0733261108398437 -0.0348129272460938 0.0640830993652344 -0.0637359619140625
0.0306358337402344 -0.0492744445800781 0.0555267333984375 -0.0479316711425781
0.0119056701660156 -0.0497512817382813 0.050872802734375 -0.0224571228027344
-0.0140419006347656 -0.0459060668945313 0.0544204711914063 -0.0105705261230469
-0.0303268432617188 -0.0382041931152344 0.0652542114257813 -0.0100898742675781
-0.0317153930664063 -0.0430793762207031 0.0687522888183594 0.00470733642578125
-0.0403556823730469 -0.0443687438964844 0.0709152221679687 0.0364913940429687
-0.0215911865234375 -0.048309326171875 0.0465621948242188 0.0772323608398437
-0.00333023071289062 -0.0637168884277344 0.00582122802734375 0.0779876708984375
0.0238838195800781 -0.0687217712402344 -0.0248069763183594 0.0453033447265625
0.0889358520507813 -0.0446319580078125 -0.0176105499267578 0.00152778625488281
0.0995407104492188 0.00687408447265625 0.0366401672363281 -0.0405082702636719
0.0801315307617188 0.0430068969726563 0.158462524414062 -0.0234222412109375
-0.0271148681640625 -0.0749664306640625 -0.155364990234375 0.0133819580078125
-0.0579605102539063 -0.0205535888671875 -0.0467414855957031 0.0233535766601562
-0.0561752319335938 0.0230522155761719 0.0194072723388672 -0.0211296081542969
-0.0206680297851563 0.045013427734375 0.0270118713378906 -0.0658607482910156
-0.00179672241210938 0.0367660522460938 0.00155639648437501 -0.0924835205078125
0.00894355773925781 0.0264797210693359 -0.048309326171875 -0.0968170166015625
0.00421905517578125 0.0264720916748047 -0.08563232421875 -0.0515060424804687
-0.00292015075683594 0.0296840667724609 -0.0786285400390625 -0.0205917358398437
-0.00470542907714844 0.0288829803466797 -0.0714874267578125 0.00190734863281251
-0.0154323577880859 0.0155420303344727 -0.0671577453613281 0.00447845458984374
-0.0204715728759766 0.00988578796386719 -0.0587501525878906 0.0189208984375
-0.0311470031738281 0.00848579406738281 -0.0602951049804688 0.0316009521484375
-0.0434722900390625 -0.0177192687988281 -0.0662918090820313 0.0394134521484375
-0.0380439758300781 -0.0457267761230469 -0.071441650390625 0.0898513793945313
-0.0155029296875 -0.0790328979492188 -0.0665969848632813 0.113327026367187
0.0270309448242188 -0.0925827026367188 -0.150909423828125 -0.0128631591796875
-0.0145606994628906 -0.0402717590332031 -0.0413742065429688 0.00347137451171875
-0.0222759246826172 -0.0118980407714844 0.0261383056640625 -0.0424385070800781
-0.00647163391113281 0.0114517211914063 0.0265579223632812 -0.08343505859375
-0.000189304351806641 0.00242543220520019 0.00103759765624999 -0.102134704589844
-0.00588464736938477 5.53131103515617E-05 -0.0500106811523437 -0.102363586425781
-0.0215625762939453 0.00884437561035157 -0.0847015380859375 -0.0595932006835938
-0.0297470092773438 0.011627197265625 -0.073822021484375 -0.028411865234375
-0.0365142822265625 0.0156059265136719 -0.0667381286621094 -0.00373077392578125
-0.0411567687988281 -0.00510787963867188 -0.0606880187988281 0.00494003295898438
-0.0388603210449219 -0.0239982604980469 -0.0551719665527344 0.0194854736328125
-0.0360450744628906 -0.0344161987304687 -0.0620536804199219 0.02685546875
-0.0149497985839844 -0.0610427856445312 -0.0607719421386719 0.02252197265625
-0.00244140625 -0.0776443481445312 -0.0596733093261719 0.0671272277832031
0.0345077514648438 -0.105934143066406 -0.0486297607421875 0.088470458984375
0.0793380737304688 -0.0973892211914063 -0.127265930175781 -0.0416107177734375
0.0362014770507813 -0.054229736328125 -0.022552490234375 -0.0166225433349609
0.0190315246582031 -0.0512657165527344 0.0420608520507812 -0.059783935546875
0.00875473022460938 -0.0307998657226563 0.0319595336914063 -0.098236083984375
-0.000442504882812497 -0.0377578735351563 0.00379180908203124 -0.107154846191406
-0.022247314453125 -0.0292034149169922 -0.0451431274414063 -0.0991592407226563
-0.0455665588378906 -0.010223388671875 -0.0730056762695312 -0.0597991943359375
-0.0547370910644531 -0.00880050659179688 -0.0573196411132813 -0.0323371887207031
-0.0632972717285156 0.00115203857421875 -0.0504188537597656 -0.00698089599609375
-0.0610008239746094 -0.0222549438476562 -0.0440788269042969 0.00896072387695312
-0.0548324584960938 -0.0497283935546875 -0.0443229675292969 0.0244979858398437
-0.0432472229003906 -0.0681037902832031 -0.0606765747070313 0.0267219543457031
0.00634765625 -0.0961532592773438 -0.0578651428222656 0.00853347778320311
0.0290451049804688 -0.100425720214844 -0.0485458374023438 0.0368728637695312
0.0769195556640625 -0.118682861328125 -0.0195045471191406 0.0545158386230469
0.119377136230469 -0.08831787109375 -0.0887298583984375 -0.070098876953125
0.0832138061523438 -0.0606613159179687 0.00594711303710938 -0.0373802185058594
0.0600509643554687 -0.0882110595703125 0.0602645874023438 -0.072021484375
0.0233535766601562 -0.0736312866210937 0.0408248901367188 -0.104248046875
-0.00251007080078126 -0.0755767822265625 0.010955810546875 -0.102424621582031
-0.0380744934082031 -0.0554161071777344 -0.0324020385742188 -0.0864105224609375
-0.0646896362304688 -0.0286102294921875 -0.0504112243652344 -0.0536422729492188
-0.071136474609375 -0.0272598266601563 -0.0328712463378906 -0.0319995880126953
-0.0808334350585937 -0.0137786865234375 -0.0256996154785156 -0.0075531005859375
-0.0701904296875 -0.0360946655273438 -0.0210437774658203 0.0150890350341797
-0.0612983703613281 -0.0677909851074219 -0.0298633575439453 0.0304279327392578
-0.0435028076171875 -0.0893478393554688 -0.0560684204101563 0.0271720886230469
0.02630615234375 -0.117301940917969 -0.0557518005371094 -0.00314331054687501
0.0560302734375 -0.1087646484375 -0.0377998352050781 0.00313949584960937
0.108619689941406 -0.113174438476563 0.0173168182373047 0.0180988311767578
0.138504028320313 -0.0681991577148438 -0.041717529296875 -0.0946884155273438
0.11480712890625 -0.0558853149414063 0.0366477966308594 -0.0596580505371094
0.0913314819335938 -0.106613159179688 0.0739517211914062 -0.0798110961914063
0.0336761474609375 -0.102981567382813 0.0495529174804688 -0.100028991699219
-0.00431060791015625 -0.100914001464844 0.022247314453125 -0.0878448486328125
-0.0482406616210938 -0.0721817016601563 -0.0118064880371094 -0.0665054321289063
-0.0739822387695313 -0.04150390625 -0.0200576782226563 -0.0432701110839844
-0.0767364501953125 -0.0413970947265625 -0.00367164611816407 -0.0265293121337891
-0.0862045288085938 -0.0284423828125 0.00229287147521972 -0.00393199920654297
-0.066802978515625 -0.0487289428710938 0.00305938720703125 0.0248470306396484
-0.0543289184570312 -0.0790252685546875 -0.0162811279296875 0.0382194519042969
-0.0316085815429688 -0.0998687744140625 -0.0499992370605469 0.0271453857421875
0.0493392944335938 -0.119850158691406 -0.0509033203125 -0.0122604370117188
0.0824508666992188 -0.0972747802734375 -0.0253562927246094 -0.0272560119628906
0.1273193359375 -0.0879745483398437 0.0568504333496094 -0.01373291015625
0.132041931152344 -0.0375213623046875 0.00469970703125002 -0.11376953125
0.122955322265625 -0.0393218994140625 0.0624542236328125 -0.0816421508789063
0.103469848632813 -0.102020263671875 0.0777435302734375 -0.0816726684570313
0.0381240844726563 -0.107627868652344 0.0535736083984375 -0.086700439453125
-0.00321960449218751 -0.104331970214844 0.03350830078125 -0.06494140625
-0.0485153198242188 -0.0750045776367188 0.0139884948730469 -0.0433616638183594
-0.0706405639648438 -0.0464248657226563 0.0128288269042969 -0.0306491851806641
-0.0713424682617188 -0.0491409301757813 0.0253028869628906 -0.017852783203125
-0.0792312622070313 -0.0398178100585938 0.0298023223876953 0.00559616088867187
-0.0544509887695313 -0.0569725036621094 0.0229988098144531 0.0385894775390625
-0.03656005859375 -0.0834503173828125 -0.00480651855468751 0.0487518310546875
-0.00969696044921875 -0.099395751953125 -0.0422134399414062 0.0296821594238281
0.0739898681640625 -0.104103088378906 -0.0425910949707031 -0.0160484313964844
0.102531433105469 -0.06890869140625 -0.00692367553710937 -0.0477752685546875
0.130546569824219 -0.0477218627929688 0.096221923828125 -0.0336380004882813
0.103836059570312 -0.00160980224609375 0.039398193359375 -0.124183654785156
0.108604431152344 -0.013519287109375 0.0766983032226563 -0.0965423583984375
0.0952606201171875 -0.07684326171875 0.0731735229492187 -0.0749969482421875
0.035980224609375 -0.086669921875 0.0547714233398438 -0.0664443969726563
0.00177764892578124 -0.0843124389648437 0.0432243347167969 -0.0402793884277344
-0.0358963012695313 -0.0640907287597656 0.0374107360839844 -0.0231246948242188
-0.055206298828125 -0.0446586608886719 0.0429115295410156 -0.0189170837402344
-0.0554428100585938 -0.0490837097167969 0.0491714477539063 -0.00647354125976563
-0.0621681213378906 -0.0459480285644531 0.0525703430175781 0.0199737548828125
-0.0372848510742188 -0.0572128295898438 0.0369453430175781 0.0581932067871094
-0.0165939331054688 -0.0782089233398438 0.00105667114257813 0.063446044921875
0.0115509033203125 -0.0879135131835938 -0.0348129272460937 0.0352439880371094
0.0892257690429687 -0.0764846801757812 -0.0305881500244141 -0.0125179290771484
0.110092163085938 -0.0313186645507813 0.0144195556640625 -0.0518951416015625
0.114341735839844 -0.00133514404296875 0.130668640136719 -0.0366134643554688
0.0607452392578125 0.03558349609375 0.0567092895507813 -0.123802185058594
0.0771408081054688 0.0150146484375 0.0773468017578125 -0.100387573242188
0.071563720703125 -0.0358505249023438 0.0633010864257813 -0.0615577697753906
0.0294380187988281 -0.0486984252929688 0.0552444458007812 -0.0469741821289063
0.0108566284179687 -0.0489006042480469 0.0503730773925781 -0.0221710205078125
-0.0140342712402344 -0.0439338684082031 0.0544242858886719 -0.0102119445800781
-0.0297317504882813 -0.0360832214355469 0.0632438659667969 -0.0104751586914063
-0.0318107604980469 -0.0410232543945313 0.0655288696289063 0.00493621826171875
-0.0398216247558594 -0.0417938232421875 0.0687675476074219 0.0361099243164063
-0.0213203430175781 -0.0470809936523438 0.0456008911132813 0.07757568359375
-0.00384140014648438 -0.0618057250976563 0.00443267822265624 0.078399658203125
0.0216636657714844 -0.0674972534179688 -0.0270881652832031 0.0459861755371094
0.0862655639648438 -0.04547119140625 -0.0199756622314453 0.00101852416992187
0.0982894897460938 0.00589752197265625 0.0341148376464844 -0.0405731201171875
0.080230712890625 0.0411605834960938 0.154388427734375 -0.023162841796875
-0.0282058715820312 -0.0729904174804688 -0.156768798828125 0.0122222900390625
-0.0589523315429688 -0.0197639465332031 -0.0463294982910156 0.0231552124023437
-0.0551490783691406 0.0236587524414063 0.0213165283203125 -0.0205459594726563
-0.01837158203125 0.0455665588378906 0.0299339294433594 -0.0659751892089844
-0.000377655029296876 0.0360984802246094 0.0046234130859375 -0.0939865112304688
0.00902938842773438 0.0248355865478516 -0.0472259521484375 -0.0987091064453125
0.00442886352539062 0.0257663726806641 -0.0853042602539062 -0.0526885986328125
-0.00240898132324219 0.0293083190917969 -0.0785293579101563 -0.0215072631835938
-0.004150390625 0.0283164978027344 -0.0720443725585938 0.00153350830078125
-0.0155019760131836 0.0142478942871094 -0.0690727233886719 0.00418853759765627
-0.0195884704589844 0.00887680053710937 -0.0608749389648438 0.0186500549316406
-0.0299167633056641 0.00907325744628907 -0.0623016357421875 0.0314483642578125
-0.0431861877441406 -0.0166053771972656 -0.0696258544921875 0.0376930236816406
-0.0388336181640625 -0.0455284118652344 -0.0739059448242188 0.0882720947265625
-0.0169601440429688 -0.0788192749023438 -0.0677642822265625 0.111976623535156
0.0262603759765625 -0.09039306640625 -0.15142822265625 -0.01385498046875
-0.014404296875 -0.038787841796875 -0.0406303405761719 0.00303649902343749
-0.0214996337890625 -0.0104331970214844 0.0279998779296875 -0.0413551330566406
-0.00405216217041016 0.0125255584716797 0.029205322265625 -0.0830459594726563
0.00178372859954834 0.00215637683868408 0.00389862060546874 -0.103187561035156
-0.00536203384399414 -0.00144767761230469 -0.0486221313476563 -0.104286193847656
-0.0210742950439453 0.00785446166992187 -0.084228515625 -0.0598602294921875
-0.0301704406738281 0.0103874206542969 -0.0736770629882813 -0.0288619995117188
-0.0360450744628906 0.0140304565429687 -0.0674400329589844 -0.00318145751953125
-0.0406951904296875 -0.00677108764648438 -0.0622100830078125 0.00532913208007813
-0.03790283203125 -0.0256423950195312 -0.0572624206542969 0.0198707580566406
-0.0345401763916016 -0.0345878601074219 -0.064910888671875 0.0270957946777344
-0.0138282775878906 -0.0599327087402344 -0.0650672912597656 0.0208549499511719
-0.00159454345703125 -0.07659912109375 -0.0623207092285156 0.0659027099609375
0.03350830078125 -0.105216979980469 -0.0498886108398438 0.087310791015625
0.0792617797851563 -0.0954742431640625 -0.128005981445312 -0.0411224365234375
0.0370292663574219 -0.0525436401367188 -0.0217056274414062 -0.0161666870117188
0.0209617614746094 -0.0497550964355469 0.0441436767578125 -0.0588722229003906
0.0115833282470703 -0.0298652648925781 0.0341644287109375 -0.0977706909179688
0.00168228149414063 -0.0384140014648438 0.00624084472656251 -0.108245849609375
-0.0206851959228516 -0.0303993225097656 -0.0433883666992188 -0.101142883300781
-0.0449333190917969 -0.0119705200195313 -0.0725936889648438 -0.059814453125
-0.0543746948242187 -0.00926589965820313 -0.0580940246582031 -0.032806396484375
-0.0633621215820312 -0.000221252441406254 -0.0509071350097656 -0.0059967041015625
-0.06048583984375 -0.0238685607910156 -0.0452766418457031 0.00955581665039063
-0.0536613464355469 -0.0511665344238281 -0.0467147827148438 0.0255966186523437
-0.0412330627441406 -0.0684967041015625 -0.0642929077148438 0.0273590087890625
0.00836181640625 -0.0959243774414063 -0.0620918273925781 0.00711059570312498
0.0299224853515625 -0.0992660522460938 -0.0508155822753906 0.0357513427734375
0.0769424438476563 -0.117996215820313 -0.02020263671875 0.0542335510253906
0.11993408203125 -0.0861434936523438 -0.0890884399414062 -0.0687179565429688
0.085418701171875 -0.0585403442382813 0.00737380981445313 -0.0361404418945313
0.0616073608398438 -0.0854873657226563 0.0620193481445313 -0.0713424682617188
0.0259246826171875 -0.073272705078125 0.0434646606445312 -0.104507446289062
-0.000732421875000005 -0.076141357421875 0.0133514404296875 -0.102943420410156
-0.03594970703125 -0.0569496154785156 -0.0310745239257812 -0.087615966796875
-0.0637931823730469 -0.0299072265625 -0.0503196716308594 -0.0535545349121094
-0.0709228515625 -0.0284194946289063 -0.0336685180664063 -0.0313034057617188
-0.0802764892578125 -0.0155181884765625 -0.0266761779785156 -0.00679206848144531
-0.0692901611328125 -0.0376815795898438 -0.0227012634277344 0.0163993835449219
-0.0598335266113281 -0.0689773559570312 -0.0327033996582031 0.0327472686767578
-0.0417556762695313 -0.0894927978515625 -0.059906005859375 0.0287437438964844
0.0278778076171875 -0.1170654296875 -0.0598068237304688 -0.00458526611328126
0.058380126953125 -0.106689453125 -0.0404090881347656 0.00280761718749999
0.110015869140625 -0.112449645996094 0.0167255401611328 0.0180950164794922
0.139213562011719 -0.0661544799804687 -0.0416030883789062 -0.0929031372070313
0.117378234863281 -0.0538558959960937 0.0388603210449219 -0.0578727722167969
0.0930633544921875 -0.10528564453125 0.0750808715820313 -0.0788955688476563
0.0361328125 -0.10235595703125 0.0517044067382813 -0.100120544433594
-0.00279998779296874 -0.101638793945313 0.0240478515625 -0.0883331298828125
-0.0465164184570312 -0.0737457275390625 -0.0102806091308594 -0.0671119689941406
-0.0733108520507813 -0.0427093505859375 -0.0204849243164063 -0.0423774719238281
-0.0770111083984375 -0.0421905517578125 -0.00472640991210938 -0.0257949829101563
-0.0857925415039063 -0.0297393798828125 0.00184440612792968 -0.00269007682800293
-0.0661201477050781 -0.0502700805664062 0.00151062011718749 0.0264358520507813
-0.052764892578125 -0.0805130004882813 -0.0182762145996094 0.0407562255859375
-0.03009033203125 -0.100166320800781 -0.0535926818847656 0.0298995971679687
0.05120849609375 -0.120498657226563 -0.0552635192871094 -0.0133514404296875
0.0844345092773437 -0.0961532592773437 -0.0277805328369141 -0.0273609161376953
0.12908935546875 -0.0875396728515625 0.056793212890625 -0.0137100219726563
0.133338928222656 -0.036651611328125 0.00487518310546876 -0.111610412597656
0.126174926757813 -0.0379638671875 0.0645904541015625 -0.0790176391601563
0.105339050292969 -0.10211181640625 0.0790939331054687 -0.080352783203125
0.0396041870117187 -0.1077880859375 0.0549392700195312 -0.086212158203125
-0.00246429443359376 -0.104850769042969 0.035064697265625 -0.0650444030761719
-0.0468063354492187 -0.0759353637695313 0.0152549743652344 -0.0431632995605469
-0.0701026916503906 -0.0469856262207031 0.0130119323730469 -0.0294818878173828
-0.0718002319335938 -0.0494537353515625 0.0240097045898437 -0.0168190002441406
-0.07867431640625 -0.0401535034179687 0.0285110473632812 0.00676345825195312
-0.0533943176269531 -0.0578956604003906 0.0223426818847656 0.0409011840820312
-0.0356292724609375 -0.0841064453125 -0.00793838500976563 0.0519142150878906
-0.0086822509765625 -0.099578857421875 -0.0460624694824219 0.0318756103515625
0.0749588012695313 -0.104682922363281 -0.046356201171875 -0.0173301696777344
0.104507446289062 -0.06854248046875 -0.00891113281249999 -0.0472602844238281
0.132408142089844 -0.0477523803710938 0.096466064453125 -0.0328521728515625
0.105072021484375 -0.00121307373046875 0.0404281616210938 -0.12139892578125
0.11077880859375 -0.0137939453125 0.0791778564453125 -0.0939865112304688
0.097076416015625 -0.0776138305664063 0.0749435424804688 -0.0733642578125
0.0366134643554688 -0.0874099731445313 0.0559005737304688 -0.0665435791015625
0.0019378662109375 -0.08544921875 0.0445938110351563 -0.0402565002441406
-0.0360107421875 -0.0642433166503906 0.0383262634277344 -0.0225105285644531
-0.0551071166992188 -0.0445213317871094 0.0426139831542969 -0.0184783935546875
-0.055755615234375 -0.0488739013671875 0.0483322143554688 -0.005584716796875
-0.0617256164550781 -0.0448226928710938 0.0509529113769531 0.0216560363769531
-0.0363197326660156 -0.05718994140625 0.0363960266113281 0.0600852966308594
-0.0157470703125 -0.07781982421875 -0.00155639648437501 0.0666618347167969
0.011932373046875 -0.087615966796875 -0.0382652282714844 0.0375099182128906
0.089752197265625 -0.0775222778320313 -0.0336627960205078 -0.0137653350830078
0.11175537109375 -0.0313491821289063 0.0125923156738281 -0.0519332885742188
0.116554260253906 -0.00107574462890625 0.131050109863281 -0.035430908203125
0.0614089965820312 0.0362281799316406 0.0587997436523438 -0.121559143066406
0.0784454345703125 0.015045166015625 0.0792312622070313 -0.0982894897460938
0.0722427368164063 -0.0372238159179688 0.0661506652832031 -0.0596771240234375
0.0293769836425781 -0.0495567321777344 0.0574913024902344 -0.0466728210449219
0.0100021362304688 -0.0496292114257813 0.0516128540039062 -0.021759033203125
-0.0145606994628906 -0.0443153381347656 0.0553970336914063 -0.0100898742675781
-0.0293502807617188 -0.0355224609375 0.063201904296875 -0.0096282958984375
-0.0322189331054687 -0.0404167175292969 0.0646133422851563 0.00554656982421875
-0.0399894714355469 -0.0412788391113281 0.0680770874023438 0.0373725891113281
-0.0207176208496094 -0.0464973449707031 0.0441665649414062 0.0793609619140625
-0.00432205200195312 -0.061126708984375 0.00220489501953125 0.0805435180664063
0.0208740234375 -0.066802978515625 -0.0306167602539062 0.0469207763671875
0.08648681640625 -0.0466995239257813 -0.0222492218017578 0.000516891479492186
0.0995941162109375 0.00473785400390625 0.0328140258789063 -0.0397834777832031
0.0816421508789063 0.0409011840820312 0.155227661132812 -0.02264404296875
-0.0305557250976563 -0.0733489990234375 -0.161407470703125 0.01287841796875
-0.0606117248535156 -0.0190467834472656 -0.0474586486816406 0.0243072509765625
-0.0562019348144531 0.0260238647460938 0.0243568420410156 -0.0205497741699219
-0.0161323547363281 0.0473403930664063 0.0329704284667969 -0.0685081481933594
0.00104141235351562 0.0363693237304688 0.00652313232421874 -0.0982818603515625
0.00873374938964844 0.0242862701416016 -0.0486907958984375 -0.103782653808594
0.00392532348632813 0.0256328582763672 -0.0876312255859375 -0.054595947265625
-0.00187873840332031 0.029296875 -0.0806045532226563 -0.022186279296875
-0.00397682189941406 0.0282840728759766 -0.0738296508789063 0.00209808349609377
-0.015772819519043 0.0139608383178711 -0.071746826171875 0.0046234130859375
-0.0197181701660156 0.00843620300292969 -0.0643310546875 0.0198135375976562
-0.0294303894042969 0.00992393493652343 -0.06597900390625 0.0327415466308594
-0.0436630249023438 -0.015960693359375 -0.0740585327148438 0.0374298095703125
-0.0401802062988281 -0.04498291015625 -0.0769729614257813 0.0899581909179688
-0.0198440551757812 -0.079833984375 -0.0698013305664063 0.1146240234375
0.0259323120117188 -0.0908355712890625 -0.156539916992188 -0.012786865234375
-0.0149650573730469 -0.0375633239746094 -0.0413856506347656 0.00399780273437499
-0.0209369659423828 -0.0089569091796875 0.0307502746582031 -0.041778564453125
-0.00176525115966797 0.0127954483032227 0.0316162109375 -0.0860595703125
0.00315070152282715 0.00158786773681641 0.00585174560546876 -0.107711791992188
-0.00484514236450195 -0.00311613082885742 -0.0493850708007812 -0.108749389648438
-0.0216140747070312 0.00726890563964844 -0.0868988037109375 -0.0616073608398438
-0.0301017761230469 0.010589599609375 -0.0761642456054688 -0.0292129516601563
-0.037139892578125 0.0134849548339844 -0.0699577331542969 -0.00252151489257813
-0.0417060852050781 -0.0078125 -0.0655517578125 0.00638198852539062
-0.0384063720703125 -0.0272254943847656 -0.0607986450195312 0.0215263366699219
-0.0342063903808594 -0.0353431701660156 -0.0697250366210938 0.0291900634765625
-0.0131072998046875 -0.0613517761230469 -0.0699195861816406 0.020416259765625
-0.0012664794921875 -0.0770950317382813 -0.06536865234375 0.0674095153808594
0.0332870483398437 -0.107635498046875 -0.0517730712890625 0.0895538330078125
0.0804367065429688 -0.096099853515625 -0.132667541503906 -0.0412826538085937
0.038970947265625 -0.0521278381347656 -0.0211009979248047 -0.0156211853027344
0.0222892761230469 -0.0495071411132813 0.0466194152832031 -0.0598487854003906
0.0144462585449219 -0.0304584503173828 0.0371627807617188 -0.101341247558594
0.00359725952148437 -0.039154052734375 0.00778961181640625 -0.112533569335938
-0.0207195281982422 -0.0331134796142578 -0.0447769165039063 -0.104988098144531
-0.0458984375 -0.0132064819335937 -0.0750350952148437 -0.0609054565429688
-0.055328369140625 -0.00994873046875 -0.0601158142089844 -0.0326919555664062
-0.0650825500488281 -0.00119400024414061 -0.0532150268554688 -0.00543212890625001
-0.0619125366210938 -0.0260810852050781 -0.0482749938964844 0.0113296508789062
-0.0544624328613281 -0.0545425415039062 -0.0500450134277344 0.0282135009765625
-0.0416450500488281 -0.0701828002929688 -0.0691566467285156 0.0300636291503906
0.00963592529296876 -0.09857177734375 -0.0676651000976562 0.00678634643554687
0.03173828125 -0.10028076171875 -0.0542984008789062 0.0359649658203125
0.0790176391601563 -0.121589660644531 -0.0217094421386719 0.0550498962402344
0.123184204101563 -0.087860107421875 -0.092742919921875 -0.0685653686523438
0.0887298583984375 -0.0593338012695313 0.00885391235351563 -0.0353202819824219
0.064544677734375 -0.0878753662109375 0.06561279296875 -0.0723876953125
0.0282211303710937 -0.074676513671875 0.0460662841796875 -0.107734680175781
0.000534057617187503 -0.0782852172851563 0.014923095703125 -0.107749938964844
-0.0360145568847656 -0.0595817565917969 -0.0313796997070312 -0.090606689453125
-0.0650711059570313 -0.0320663452148437 -0.0520248413085938 -0.0544166564941406
-0.0730361938476562 -0.02874755859375 -0.035675048828125 -0.0313339233398438
-0.0827484130859375 -0.0157470703125 -0.0280532836914063 -0.00578689575195313
-0.0709304809570313 -0.0406036376953125 -0.0245418548583984 0.0187721252441406
-0.0609970092773438 -0.0722427368164063 -0.0352973937988281 0.0353469848632813
-0.0418930053710938 -0.0929489135742188 -0.065032958984375 0.031890869140625
0.029144287109375 -0.12066650390625 -0.0658378601074219 -0.0049896240234375
0.0611038208007812 -0.109085083007813 -0.0442047119140625 0.00207901000976562
0.112899780273438 -0.115882873535156 0.016413688659668 0.017430305480957
0.143280029296875 -0.0671539306640625 -0.0431442260742188 -0.0936813354492187
0.122482299804688 -0.054412841796875 0.0414047241210938 -0.0577316284179688
0.096954345703125 -0.109138488769531 0.0783309936523438 -0.08026123046875
0.0382232666015625 -0.105003356933594 0.0537948608398438 -0.103172302246094
-0.0020599365234375 -0.104804992675781 0.0253067016601563 -0.0915756225585938
-0.0468215942382812 -0.0766677856445313 -0.00899505615234375 -0.0698776245117188
-0.0743408203125 -0.0441741943359375 -0.0209884643554687 -0.0429420471191406
-0.079315185546875 -0.043426513671875 -0.00603675842285156 -0.0254917144775391
-0.0876388549804687 -0.0301513671875 0.00081098079681396 -0.00160503387451172
-0.0677413940429687 -0.0522041320800781 0.000522613525390618 0.0289878845214844
-0.0534515380859375 -0.0833511352539063 -0.0207862854003906 0.0444679260253906
-0.0301742553710938 -0.103294372558594 -0.0585556030273438 0.0334320068359375
0.0530471801757813 -0.124710083007813 -0.061248779296875 -0.0139656066894531
0.0882720947265625 -0.0982513427734375 -0.0306777954101562 -0.0283088684082031
0.133888244628906 -0.090240478515625 0.0582466125488281 -0.015167236328125
0.138595581054688 -0.0373306274414062 0.0048370361328125 -0.113052368164063
0.132064819335938 -0.039154052734375 0.0675201416015625 -0.079345703125
0.109573364257813 -0.106742858886719 0.0829544067382813 -0.0814666748046875
0.041595458984375 -0.111213684082031 0.0571517944335938 -0.0887985229492188
-0.00220489501953124 -0.1085205078125 0.0366020202636719 -0.0668106079101563
-0.0477828979492187 -0.0790634155273438 0.016265869140625 -0.0443954467773438
-0.0718231201171875 -0.0486221313476562 0.0128078460693359 -0.0299777984619141
-0.0745315551757812 -0.0511550903320313 0.0237464904785156 -0.0159053802490234
-0.0800704956054688 -0.0410919189453125 0.0284976959228516 0.00834274291992187
-0.0544471740722656 -0.0602684020996094 0.0217666625976562 0.0445098876953125
-0.0361709594726563 -0.086669921875 -0.00925064086914062 0.0557899475097656
-0.00852203369140625 -0.102882385253906 -0.0508537292480469 0.03558349609375
0.0773162841796875 -0.109130859375 -0.0517349243164063 -0.0177879333496094
0.108680725097656 -0.0710067749023438 -0.0118484497070312 -0.0496025085449219
0.137275695800781 -0.049224853515625 0.0987701416015625 -0.0347442626953125
0.109245300292969 -0.00127410888671875 0.0414276123046875 -0.123100280761719
0.116409301757813 -0.0150146484375 0.0824050903320313 -0.0952377319335937
0.100242614746094 -0.0816574096679687 0.0782852172851563 -0.0748977661132813
0.0377197265625 -0.0905075073242188 0.0589485168457031 -0.0684394836425781
0.00135040283203125 -0.0887832641601563 0.047027587890625 -0.0419921875
-0.0367507934570313 -0.0665664672851563 0.040374755859375 -0.0234336853027344
-0.0561676025390625 -0.0456657409667969 0.0434646606445313 -0.018585205078125
-0.0582199096679688 -0.0497283935546875 0.0479927062988281 -0.00492477416992188
-0.0640945434570313 -0.0453605651855469 0.0521697998046875 0.0234375
-0.0373725891113281 -0.0590934753417969 0.036956787109375 0.0638923645019531
-0.0167236328125 -0.0796356201171875 -0.00289154052734375 0.0705718994140625
0.0123062133789063 -0.0901412963867187 -0.0422172546386719 0.0405845642089844
0.09197998046875 -0.0814590454101563 -0.0387229919433594 -0.013885498046875
0.115890502929688 -0.033294677734375 0.0113449096679688 -0.0540924072265625
0.12115478515625 -0.00255584716796875 0.134292602539063 -0.0366058349609375
0.0643463134765625 0.0364189147949219 0.0605010986328125 -0.123161315917969
0.0818634033203125 0.0138168334960937 0.08355712890625 -0.0996475219726563
0.0742568969726563 -0.0405044555664063 0.0699043273925781 -0.0607109069824219
0.029022216796875 -0.0515098571777344 0.0604019165039063 -0.0475311279296875
0.00963592529296876 -0.0515785217285156 0.054840087890625 -0.0228538513183594
-0.015594482421875 -0.0447998046875 0.0578193664550781 -0.009765625
-0.0303421020507813 -0.0360565185546875 0.0650100708007813 -0.0100822448730469
-0.0347328186035156 -0.0410919189453125 0.0655097961425781 0.00659942626953125
-0.0416259765625 -0.0408554077148437 0.06878662109375 0.0392303466796875
-0.0216140747070313 -0.0470199584960938 0.0456924438476563 0.0830917358398438
-0.00429534912109375 -0.0622825622558594 0.000312805175781259 0.0854110717773438
0.0207138061523437 -0.0683403015136719 -0.0344696044921875 0.0504913330078125
0.0880050659179688 -0.0494842529296875 -0.0262088775634766 0.000467300415039057
0.103370666503906 0.0036468505859375 0.03179931640625 -0.0418167114257813
0.0849151611328125 0.041046142578125 0.159454345703125 -0.0228729248046875
-0.0348663330078125 -0.0731201171875 -0.168075561523438 0.0181121826171875
-0.064056396484375 -0.0164794921875 -0.0480384826660156 0.0268363952636719
-0.0570144653320313 0.0300559997558594 0.0269966125488281 -0.0219249725341797
-0.0137405395507812 0.04840087890625 0.0347747802734375 -0.0728530883789063
0.003692626953125 0.0365486145019531 0.00653839111328125 -0.104148864746094
0.00887298583984375 0.0240535736083984 -0.052093505859375 -0.108024597167969
0.00446701049804687 0.0264530181884766 -0.0919036865234375 -0.0548553466796875
-0.000204086303710937 0.0299320220947266 -0.08416748046875 -0.0215072631835938
-0.00334548950195312 0.0286808013916016 -0.0772171020507813 0.00410461425781249
-0.0160017013549805 0.0141611099243164 -0.0760345458984375 0.00679779052734376
-0.0197048187255859 0.00870132446289063 -0.0677604675292969 0.02288818359375
-0.0286865234375 0.0112419128417969 -0.06939697265625 0.036102294921875
-0.0450553894042969 -0.0133781433105469 -0.0784683227539063 0.0401229858398438
-0.0431747436523438 -0.0442886352539062 -0.078948974609375 0.0943450927734375
-0.024505615234375 -0.0806045532226563 -0.0702056884765625 0.119941711425781
0.0239028930664063 -0.09246826171875 -0.16290283203125 -0.00836181640625002
-0.016143798828125 -0.0372886657714844 -0.0416946411132813 0.00541687011718751
-0.0208282470703125 -0.00698471069335937 0.0331878662109375 -0.0437545776367188
0.0012960433959961 0.0134449005126953 0.0326766967773438 -0.0904693603515625
0.00558376312255859 0.000629425048828125 0.00504302978515626 -0.113075256347656
-0.00522756576538086 -0.00431537628173828 -0.0537033081054688 -0.11285400390625
-0.021942138671875 0.00659942626953125 -0.0913009643554687 -0.0620040893554688
-0.0306739807128906 0.0106925964355469 -0.0794448852539063 -0.0278091430664062
-0.0382652282714844 0.014190673828125 -0.0727920532226563 -2.28881835937499E-05
-0.0435714721679688 -0.00870513916015626 -0.0695037841796875 0.00931930541992187
-0.0399169921875 -0.0285797119140625 -0.0643272399902344 0.0252952575683594
-0.0346221923828125 -0.0362930297851562 -0.0736846923828125 0.0327224731445313
-0.0146522521972656 -0.06207275390625 -0.0760498046875 0.0224609375
-0.00299835205078125 -0.0785293579101563 -0.0679779052734375 0.0705184936523438
0.0303421020507812 -0.111038208007813 -0.0521163940429687 0.0934982299804688
0.0811843872070313 -0.0995330810546875 -0.139213562011719 -0.0373306274414063
0.0394439697265625 -0.0531501770019531 -0.0211067199707031 -0.0140419006347656
0.0227737426757812 -0.0503273010253906 0.0489082336425781 -0.0630874633789063
0.0168323516845703 -0.0316143035888672 0.0370407104492188 -0.10662841796875
0.00500869750976562 -0.04150390625 0.00641632080078125 -0.118064880371094
-0.0212249755859375 -0.0349636077880859 -0.0484848022460937 -0.1090087890625
-0.0472564697265625 -0.0135993957519531 -0.078857421875 -0.0614852905273438
-0.0578422546386719 -0.00999069213867188 -0.0637626647949219 -0.031646728515625
-0.0671615600585938 -0.000873565673828139 -0.0561065673828125 -0.00335311889648438
-0.0646705627441406 -0.0266532897949219 -0.0513229370117188 0.0143470764160156
-0.0576133728027344 -0.0562324523925781 -0.0533180236816406 0.0321884155273438
-0.0428390502929688 -0.0724334716796875 -0.0739212036132813 0.0347137451171875
0.00791931152343749 -0.102577209472656 -0.0749053955078125 0.00823211669921874
0.031005859375 -0.103790283203125 -0.0575675964355469 0.0384101867675781
0.0775375366210938 -0.127059936523438 -0.0213050842285156 0.0571556091308594
0.125801086425781 -0.0923385620117187 -0.098052978515625 -0.0664215087890625
0.0920867919921875 -0.0623626708984375 0.00941467285156251 -0.0358695983886719
0.0658721923828125 -0.0915985107421875 0.0672988891601563 -0.0766067504882813
0.0298538208007813 -0.0781326293945313 0.0457992553710938 -0.113456726074219
7.62939453124395E-06 -0.082000732421875 0.0137252807617187 -0.112716674804688
-0.0382118225097656 -0.0624961853027344 -0.0341644287109375 -0.0946426391601563
-0.0676765441894531 -0.0325851440429687 -0.0556907653808594 -0.0541954040527344
-0.075958251953125 -0.0286483764648438 -0.0386428833007813 -0.0306472778320313
-0.08538818359375 -0.0153427124023437 -0.0303802490234375 -0.00368690490722657
-0.0738601684570312 -0.041900634765625 -0.0257129669189453 0.0216884613037109
-0.0646591186523437 -0.0744781494140625 -0.0376930236816406 0.0400390625
-0.0444259643554688 -0.095611572265625 -0.06951904296875 0.0374526977539063
0.0281143188476563 -0.127044677734375 -0.0735855102539063 -0.00374603271484376
0.0615615844726563 -0.114227294921875 -0.047760009765625 0.00302124023437499
0.11444091796875 -0.122901916503906 0.0170993804931641 0.0175228118896484
0.148300170898438 -0.0723419189453125 -0.0475845336914063 -0.092926025390625
0.127975463867188 -0.0591964721679688 0.0425376892089844 -0.0591316223144531
0.0988006591796875 -0.115776062011719 0.08123779296875 -0.083953857421875
0.0388870239257813 -0.109886169433594 0.0532684326171875 -0.108604431152344
-0.004364013671875 -0.108940124511719 0.0245132446289062 -0.0965499877929688
-0.0501632690429687 -0.079498291015625 -0.01116943359375 -0.072540283203125
-0.0774688720703125 -0.0446929931640625 -0.0233688354492188 -0.0429573059082031
-0.0837478637695313 -0.0432662963867187 -0.00758552551269532 -0.0254306793212891
-0.0917892456054688 -0.0294723510742187 -0.000230520963668829 0.000238835811614988
-0.0710067749023437 -0.05340576171875 0.00108146667480468 0.0317478179931641
-0.0575027465820312 -0.0856704711914063 -0.0220718383789063 0.0498428344726562
-0.0328750610351562 -0.106880187988281 -0.0628852844238281 0.0395622253417969
0.0524215698242188 -0.131271362304688 -0.0685272216796875 -0.0129318237304688
0.09039306640625 -0.103668212890625 -0.0345630645751953 -0.0291709899902344
0.136848449707031 -0.0976104736328125 0.0588531494140625 -0.0174102783203125
0.14434814453125 -0.0418853759765625 0.00223541259765626 -0.113807678222656
0.138229370117188 -0.044708251953125 0.06964111328125 -0.0828628540039063
0.111656188964844 -0.114883422851563 0.085235595703125 -0.0865325927734375
0.0413131713867188 -0.116874694824219 0.0578765869140625 -0.0940704345703125
-0.00521087646484374 -0.113075256347656 0.03668212890625 -0.071685791015625
-0.0512619018554687 -0.0818405151367188 0.0162353515625 -0.0473480224609375
-0.0754547119140625 -0.0492019653320312 0.0126533508300781 -0.0305538177490234
-0.078704833984375 -0.0503082275390625 0.0228424072265625 -0.0164299011230469
-0.0845184326171875 -0.0403823852539062 0.0286159515380859 0.00983810424804687
-0.0577125549316406 -0.06182861328125 0.0234107971191406 0.0469322204589844
-0.0389785766601563 -0.089385986328125 -0.00966262817382813 0.0613784790039062
-0.010986328125 -0.10601806640625 -0.0549087524414062 0.0413970947265625
0.0772171020507813 -0.116790771484375 -0.05889892578125 -0.01708984375
0.112289428710938 -0.0759735107421875 -0.015655517578125 -0.051361083984375
0.141998291015625 -0.055572509765625 0.100830078125 -0.0385589599609375
0.115150451660156 -0.0046234130859375 0.0402755737304688 -0.126121520996094
0.12255859375 -0.0195770263671875 0.085479736328125 -0.0998077392578125
0.102806091308594 -0.0897598266601563 0.0803604125976563 -0.0782928466796875
0.0369949340820312 -0.0955123901367188 0.0601882934570313 -0.0723800659179688
-0.0018310546875 -0.092193603515625 0.0480918884277344 -0.045166015625
-0.0399017333984375 -0.0688400268554688 0.042694091796875 -0.0257377624511719
-0.0594444274902344 -0.04559326171875 0.0448379516601562 -0.0198745727539063
-0.0624542236328125 -0.0491600036621094 0.0489578247070312 -0.0054473876953125
-0.067474365234375 -0.0446357727050781 0.0537071228027344 0.0240898132324219
-0.0397109985351563 -0.0605125427246094 0.0395469665527344 0.0664558410644531
-0.0187301635742187 -0.0821075439453125 -0.00257110595703126 0.0759124755859375
0.0106887817382813 -0.0934906005859375 -0.0462188720703125 0.0457344055175781
0.09228515625 -0.0876007080078125 -0.0440864562988281 -0.0133438110351563
0.120231628417969 -0.0381393432617188 0.00801086425781251 -0.0562248229980469
0.126739501953125 -0.0067291259765625 0.138328552246094 -0.0424880981445313
0.0688362121582031 0.0352058410644531 0.0602569580078125 -0.127418518066406
0.087890625 0.01043701171875 0.0849075317382813 -0.105018615722656
0.0764999389648438 -0.0466461181640625 0.0730438232421875 -0.0636978149414063
0.0292205810546875 -0.0538978576660156 0.062591552734375 -0.0511817932128906
0.00679779052734375 -0.0542755126953125 0.0569534301757812 -0.0259437561035156
-0.0175056457519531 -0.0458755493164062 0.0610733032226563 -0.0125541687011719
-0.0325241088867188 -0.0359840393066406 0.0667877197265625 -0.01190185546875
-0.0366592407226562 -0.0407943725585938 0.0669097900390625 0.005828857421875
-0.044342041015625 -0.0401649475097656 0.0712203979492188 0.0399322509765625
-0.0233421325683594 -0.0483589172363281 0.0496368408203125 0.0860137939453125
-0.00627899169921875 -0.0639991760253906 0.00132751464843751 0.0910415649414063
0.0188751220703125 -0.071533203125 -0.0374069213867187 0.055206298828125
0.0886383056640625 -0.0556564331054688 -0.0307273864746094 0.00070381164550781
0.107353210449219 -0.0004119873046875 0.0297279357910156 -0.0439796447753906
0.09112548828125 0.0394363403320313 0.1649169921875 -0.028350830078125
-0.0399703979492187 -0.0709075927734375 -0.171737670898438 0.0277557373046875
-0.0666275024414063 -0.0118904113769531 -0.0478172302246094 0.030181884765625
-0.0559768676757813 0.0347251892089844 0.0292301177978516 -0.0232772827148437
-0.00929641723632812 0.0491676330566406 0.0345306396484375 -0.0771560668945313
0.0065460205078125 0.0358352661132813 0.00313568115234376 -0.109413146972656
0.0102863311767578 0.0232276916503906 -0.0588455200195312 -0.1107177734375
0.00588798522949219 0.025970458984375 -0.0964279174804688 -0.0525360107421875
0.0013885498046875 0.0303897857666016 -0.0864181518554688 -0.0175018310546875
-0.00231742858886719 0.0285987854003906 -0.0787811279296875 0.00819396972656252
-0.0155038833618164 0.0141630172729492 -0.0790328979492188 0.0115737915039063
-0.0190849304199219 0.00841903686523437 -0.0696830749511719 0.0274467468261719
-0.027069091796875 0.0129318237304688 -0.070953369140625 0.0406723022460937
-0.0458831787109375 -0.0103378295898438 -0.0808486938476563 0.0438690185546875
-0.0461387634277344 -0.0424385070800781 -0.078125 0.0996017456054688
-0.0306243896484375 -0.0802841186523438 -0.0665206909179687 0.124992370605469
0.0196380615234375 -0.0936126708984375 -0.168243408203125 0.000747680664062471
-0.0182552337646484 -0.0348453521728516 -0.0416679382324219 0.0085601806640625
-0.0205039978027344 -0.00455856323242187 0.0337753295898438 -0.0465354919433594
0.00437164306640625 0.0129966735839844 0.03125 -0.0950088500976563
0.00768089294433594 -0.00106477737426758 0.00109100341796874 -0.117897033691406
-0.00490140914916992 -0.00556230545043945 -0.0600509643554688 -0.115058898925781
-0.0216770172119141 0.00699806213378906 -0.096099853515625 -0.0589218139648438
-0.0301856994628906 0.0118179321289063 -0.082489013671875 -0.0243606567382813
-0.0381736755371094 0.0153923034667969 -0.0750274658203125 0.0043182373046875
-0.044921875 -0.00839233398437501 -0.0720138549804688 0.0135116577148438
-0.0418968200683594 -0.0288238525390625 -0.0665855407714844 0.0303611755371094
-0.0356407165527344 -0.0354766845703125 -0.0760116577148438 0.0383224487304688
-0.0167160034179688 -0.0628128051757813 -0.0801010131835938 0.026336669921875
-0.006072998046875 -0.0791168212890625 -0.06793212890625 0.07470703125
0.024749755859375 -0.114089965820313 -0.0496597290039062 0.0975112915039063
0.0784149169921875 -0.104354858398437 -0.144760131835937 -0.029937744140625
0.039398193359375 -0.0546493530273438 -0.0210037231445313 -0.0125923156738281
0.0225677490234375 -0.0510978698730469 0.0489768981933594 -0.0665359497070313
0.0180416107177734 -0.0332794189453125 0.034332275390625 -0.111198425292969
0.00484848022460938 -0.0439872741699219 0.00203704833984374 -0.122573852539063
-0.0225296020507813 -0.0368576049804688 -0.0547256469726563 -0.110542297363281
-0.0486869812011719 -0.01318359375 -0.0834426879882813 -0.05865478515625
-0.0595321655273437 -0.00788497924804689 -0.0669059753417969 -0.0280265808105469
-0.0687332153320313 0.0021209716796875 -0.0581817626953125 0.000797271728515622
-0.0676612854003906 -0.0260581970214844 -0.0527191162109375 0.0189018249511719
-0.0613975524902344 -0.0561676025390625 -0.0546493530273438 0.037353515625
-0.0459060668945312 -0.0724029541015625 -0.0761642456054688 0.0415191650390625
0.00364685058593751 -0.105354309082031 -0.0809249877929688 0.0120773315429687
0.028228759765625 -0.106910705566406 -0.0593109130859375 0.0415534973144531
0.0730819702148438 -0.133712768554687 -0.0200614929199219 0.0584602355957031
0.125526428222656 -0.0989303588867188 -0.103431701660156 -0.0608444213867187
0.092437744140625 -0.0672531127929688 0.00930023193359375 -0.0350246429443359
0.0644454956054688 -0.0963211059570313 0.06671142578125 -0.0810089111328125
0.0292129516601563 -0.0809555053710938 0.0424118041992187 -0.118415832519531
-0.00225067138671875 -0.0848388671875 0.00932312011718751 -0.116920471191406
-0.0407943725585938 -0.0641098022460938 -0.0397415161132813 -0.0962295532226563
-0.0697479248046875 -0.0310745239257813 -0.0591964721679688 -0.0526199340820312
-0.0789947509765625 -0.0264129638671875 -0.0412063598632813 -0.0286865234375
-0.0881729125976563 -0.01202392578125 -0.0319557189941406 -0.000656127929687503
-0.0777206420898437 -0.04071044921875 -0.0260753631591797 0.0252876281738281
-0.0696563720703125 -0.074554443359375 -0.0381851196289063 0.0454635620117187
-0.0486297607421875 -0.0960845947265625 -0.0721511840820313 0.045074462890625
0.0229263305664062 -0.131675720214844 -0.0806655883789063 0.00067138671875
0.0593414306640625 -0.119033813476563 -0.0509262084960938 0.00514221191406249
0.111465454101563 -0.131523132324219 0.0172338485717774 0.0162744522094726
0.149948120117187 -0.0811004638671875 -0.05328369140625 -0.0902252197265625
0.129837036132813 -0.0669937133789063 0.0423316955566406 -0.0614166259765625
0.0959243774414063 -0.123771667480469 0.0799331665039063 -0.09002685546875
0.0359268188476562 -0.115081787109375 0.0500564575195313 -0.11395263671875
-0.00901031494140624 -0.112503051757813 0.0215911865234375 -0.100700378417969
-0.053863525390625 -0.080657958984375 -0.0147247314453125 -0.0746002197265625
-0.08111572265625 -0.043487548828125 -0.0260353088378906 -0.0422897338867188
-0.087982177734375 -0.0401077270507812 -0.0100536346435547 -0.0242881774902344
-0.0950469970703125 -0.0261077880859375 -0.00105452537536622 0.00190746784210205
-0.075225830078125 -0.0532455444335937 0.00175666809082031 0.0344600677490234
-0.0624542236328125 -0.0864334106445313 -0.0219535827636719 0.0549736022949219
-0.0373458862304688 -0.108192443847656 -0.0650978088378906 0.0471076965332031
0.0471267700195313 -0.13787841796875 -0.0758590698242187 -0.00879669189453127
0.0887985229492188 -0.1104736328125 -0.039459228515625 -0.0282669067382813
0.136093139648438 -0.107452392578125 0.0585250854492188 -0.0214576721191406
0.147567749023437 -0.049652099609375 -0.00312805175781248 -0.11419677734375
0.142059326171875 -0.0532379150390625 0.0687637329101563 -0.0864486694335938
0.109329223632813 -0.124519348144531 0.0846328735351562 -0.091278076171875
0.0373992919921875 -0.121681213378906 0.0552902221679688 -0.0990524291992188
-0.0112762451171875 -0.116584777832031 0.0345993041992188 -0.0750885009765625
-0.0559539794921875 -0.082305908203125 0.0147018432617187 -0.0495414733886719
-0.0792083740234375 -0.04766845703125 0.0115680694580078 -0.0314235687255859
-0.0830917358398438 -0.0475692749023438 0.0215015411376953 -0.0168838500976563
-0.0883407592773438 -0.037017822265625 0.0285320281982422 0.009979248046875
-0.0611915588378906 -0.0614585876464844 0.0261116027832031 0.0488967895507812
-0.0437850952148438 -0.0910873413085938 -0.00848388671875001 0.0664787292480469
-0.0151748657226562 -0.1083984375 -0.0569877624511719 0.0483322143554687
0.0733718872070312 -0.123779296875 -0.0653343200683594 -0.014129638671875
0.112846374511719 -0.0838394165039063 -0.0208549499511719 -0.0513725280761719
0.143951416015625 -0.0648193359375 0.100692749023438 -0.0449981689453125
0.119026184082031 -0.0106353759765625 0.0360565185546875 -0.129180908203125
0.127052307128906 -0.0277252197265625 0.0836639404296875 -0.104652404785156
0.100730895996094 -0.0988006591796875 0.0802993774414063 -0.083770751953125
0.0338821411132813 -0.100326538085938 0.0583572387695313 -0.0770797729492188
-0.00692749023437499 -0.0951309204101563 0.0471611022949219 -0.0490646362304688
-0.0444259643554687 -0.0694236755371094 0.042999267578125 -0.0291023254394531
-0.0628623962402344 -0.0438346862792969 0.0449028015136719 -0.0220985412597656
-0.0664138793945312 -0.0468826293945313 0.0487709045410156 -0.00698089599609375
-0.071014404296875 -0.0416183471679688 0.0549468994140625 0.0235443115234375
-0.0434608459472656 -0.060546875 0.0434417724609375 0.0676727294921875
-0.0225753784179688 -0.0837020874023438 -0.000389099121093746 0.0814361572265625
0.00643920898437501 -0.09564208984375 -0.0480232238769531 0.0527229309082031
0.0903396606445313 -0.095458984375 -0.0496711730957031 -0.0108489990234375
0.122352600097656 -0.0456619262695313 0.00335693359375001 -0.0580940246582031
0.130386352539063 -0.014007568359375 0.138526916503906 -0.050079345703125
0.0739288330078125 0.0321578979492188 0.055908203125 -0.131004333496094
0.091522216796875 0.00498199462890625 0.0838623046875 -0.110008239746094
0.075347900390625 -0.0538558959960938 0.0735015869140625 -0.068603515625
0.0264129638671875 -0.0579452514648438 0.0632247924804688 -0.0559005737304688
0.00392532348632813 -0.0562210083007813 0.0579299926757812 -0.0295753479003906
-0.0205421447753906 -0.0462417602539062 0.0630531311035156 -0.0160636901855469
-0.0343399047851563 -0.0347576141357422 0.0682182312011719 -0.0152969360351563
-0.0402870178222656 -0.0391845703125 0.0676345825195313 0.00352096557617187
-0.0468635559082031 -0.0376968383789062 0.0744400024414062 0.0381546020507812
-0.0258903503417969 -0.0475692749023438 0.0542755126953125 0.0870590209960938
-0.00968551635742188 -0.0644264221191406 0.0041046142578125 0.0960693359375
0.0155868530273437 -0.0735626220703125 -0.0378379821777344 0.0608863830566406
0.086822509765625 -0.0621490478515625 -0.034759521484375 0.00242424011230469
0.110107421875 -0.0070343017578125 0.0263557434082031 -0.046905517578125
0.0958251953125 0.0347137451171875 0.166976928710938 -0.0373382568359375
-0.0439910888671875 -0.0667953491210938 -0.1700439453125 0.0367889404296875
-0.0667495727539063 -0.00683212280273438 -0.045562744140625 0.0331535339355469
-0.0530548095703125 0.03900146484375 0.0304203033447266 -0.0254898071289063
-0.00498580932617187 0.0488395690917969 0.0331344604492188 -0.0802154541015625
0.00942039489746094 0.0345726013183594 -0.000663757324218762 -0.111259460449219
0.0108165740966797 0.0218887329101563 -0.064666748046875 -0.109588623046875
0.00702857971191407 0.0248317718505859 -0.0989456176757813 -0.0489501953125
0.00338172912597656 0.0294399261474609 -0.0871200561523437 -0.013641357421875
-0.000638961791992191 0.0275650024414063 -0.07818603515625 0.0121612548828125
-0.0153684616088867 0.0142860412597656 -0.0793914794921875 0.0159912109375
-0.0186595916748047 0.0092620849609375 -0.0699462890625 0.0318794250488281
-0.0248947143554688 0.0142383575439453 -0.071075439453125 0.04437255859375
-0.0457344055175781 -0.0075225830078125 -0.0816650390625 0.0477981567382812
-0.0486831665039062 -0.0389938354492188 -0.0750198364257813 0.102287292480469
-0.0361404418945312 -0.0766448974609375 -0.0608139038085938 0.126930236816406
0.0153045654296875 -0.0925140380859375 -0.16790771484375 0.010009765625
-0.0189380645751953 -0.0327816009521484 -0.0400123596191406 0.0111732482910156
-0.0187797546386719 -0.00191497802734375 0.0331802368164063 -0.0486488342285156
0.00723457336425781 0.0118389129638672 0.02825927734375 -0.0973281860351563
0.00885963439941406 -0.00258636474609375 -0.00343322753906249 -0.11993408203125
-0.00499868392944336 -0.00661468505859375 -0.065704345703125 -0.113800048828125
-0.0215110778808594 0.00705337524414062 -0.0987548828125 -0.0547409057617187
-0.0295238494873047 0.0123119354248047 -0.0841293334960938 -0.019927978515625
-0.0371665954589844 0.0162582397460938 -0.0749893188476563 0.00887298583984376
-0.0454139709472656 -0.00721359252929688 -0.0722427368164063 0.0186614990234375
-0.0430526733398437 -0.0281753540039062 -0.0668258666992188 0.035003662109375
-0.0358963012695313 -0.0341606140136719 -0.076019287109375 0.043609619140625
-0.0192489624023438 -0.0607833862304688 -0.0825958251953125 0.0301589965820313
-0.00913238525390626 -0.077911376953125 -0.0660476684570313 0.0777206420898438
0.017974853515625 -0.114181518554688 -0.0455703735351563 0.0984573364257812
0.0740432739257813 -0.106269836425781 -0.145233154296875 -0.0208892822265625
0.0376129150390625 -0.0549278259277344 -0.0202999114990234 -0.0106048583984375
0.02105712890625 -0.0507736206054688 0.0474281311035156 -0.069091796875
0.0186920166015625 -0.0345706939697266 0.0305633544921875 -0.11334228515625
0.00403976440429688 -0.0447196960449219 -0.00293731689453126 -0.124420166015625
-0.0235939025878906 -0.037445068359375 -0.06005859375 -0.108444213867187
-0.0490913391113281 -0.0123710632324219 -0.0857315063476563 -0.0548477172851563
-0.0590248107910156 -0.00568008422851563 -0.0687370300292969 -0.02471923828125
-0.0685462951660156 0.00426483154296875 -0.0582160949707031 0.0050506591796875
-0.0692176818847656 -0.0237388610839844 -0.0528602600097656 0.0230903625488281
-0.0641059875488281 -0.0551071166992187 -0.0546607971191406 0.0427284240722656
-0.0482559204101562 -0.0714950561523438 -0.0765914916992188 0.048065185546875
-0.000755310058593748 -0.105628967285156 -0.0849990844726563 0.0170211791992187
0.0248641967773437 -0.107208251953125 -0.0595245361328125 0.0442085266113281
0.0661087036132812 -0.136344909667969 -0.0180473327636719 0.0583229064941406
0.121482849121094 -0.104263305664063 -0.1058349609375 -0.0531387329101562
0.0910720825195313 -0.07061767578125 0.00901222229003907 -0.0347042083740234
0.060821533203125 -0.098876953125 0.0642471313476563 -0.084381103515625
0.0271987915039062 -0.082489013671875 0.0380859375 -0.121025085449219
-0.0051422119140625 -0.0852813720703125 0.00376129150390626 -0.118667602539063
-0.0433540344238281 -0.0635147094726563 -0.0443649291992188 -0.09478759765625
-0.071075439453125 -0.0291976928710937 -0.0614509582519531 -0.0489692687988281
-0.080108642578125 -0.0226821899414063 -0.0435104370117188 -0.0249671936035156
-0.088714599609375 -0.008697509765625 -0.0328960418701172 0.00287437438964844
-0.0796127319335938 -0.038299560546875 -0.0261459350585938 0.0279026031494141
-0.0730438232421875 -0.072845458984375 -0.0371246337890625 0.0504989624023437
-0.0519180297851562 -0.0949554443359375 -0.0718154907226563 0.0520782470703125
0.0172348022460938 -0.133285522460937 -0.0854263305664063 0.00614166259765626
0.0552597045898438 -0.121368408203125 -0.0533981323242188 0.00737380981445312
0.104576110839844 -0.136787414550781 0.0169858932495117 0.0143766403198242
0.147293090820312 -0.087677001953125 -0.0564346313476562 -0.0849151611328125
0.12841796875 -0.0736083984375 0.0410270690917969 -0.0613479614257813
0.0908584594726563 -0.128852844238281 0.0774688720703125 -0.0936813354492188
0.0321502685546875 -0.116371154785156 0.0457534790039063 -0.116775512695313
-0.0139312744140625 -0.112922668457031 0.0167083740234375 -0.102043151855469
-0.0572433471679688 -0.0791702270507813 -0.0186386108398437 -0.0744552612304688
-0.0839385986328125 -0.0407485961914063 -0.027679443359375 -0.0403709411621094
-0.089630126953125 -0.0359268188476562 -0.0116195678710938 -0.0218372344970703
-0.0962600708007813 -0.0219345092773438 -0.00203609466552735 0.00391530990600586
-0.0775604248046875 -0.0508575439453125 0.00279998779296875 0.0360298156738281
-0.0663375854492187 -0.0847015380859375 -0.0200119018554688 0.0590972900390625
-0.041778564453125 -0.106887817382813 -0.0648612976074219 0.0542030334472656
0.040313720703125 -0.140960693359375 -0.0814208984375 -0.00383758544921877
0.0847930908203125 -0.115089416503906 -0.0430679321289062 -0.0264816284179688
0.130661010742188 -0.113449096679687 0.0568733215332031 -0.025115966796875
0.146453857421875 -0.05755615234375 -0.00738525390624999 -0.111228942871094
0.140716552734375 -0.0614013671875 0.0662612915039063 -0.0889358520507813
0.103485107421875 -0.131599426269531 0.081451416015625 -0.0953140258789063
0.0328750610351563 -0.123764038085937 0.0510025024414063 -0.102119445800781
-0.0164642333984375 -0.116958618164063 0.0311737060546875 -0.0779190063476563
-0.0602798461914063 -0.0802841186523437 0.0127105712890625 -0.0502471923828125
-0.0808868408203125 -0.0442886352539063 0.0100193023681641 -0.0313167572021484
-0.0857925415039063 -0.04315185546875 0.0201492309570312 -0.016143798828125
-0.0899276733398438 -0.032470703125 0.0288639068603516 0.0111618041992187
-0.0638847351074219 -0.0592536926269531 0.0280952453613281 0.0492782592773438
-0.0476150512695312 -0.089111328125 -0.00638580322265625 0.0705795288085938
-0.020050048828125 -0.107620239257813 -0.0574455261230469 0.0550956726074219
0.06732177734375 -0.128074645996094 -0.0708541870117188 -0.0101242065429687
0.110206604003906 -0.0896987915039063 -0.0258865356445313 -0.0504188537597656
0.14117431640625 -0.0723876953125 0.0974197387695313 -0.0504684448242188
0.1202392578125 -0.0176239013671875 0.0306549072265625 -0.127960205078125
0.126991271972656 -0.035919189453125 0.0801162719726563 -0.107437133789063
0.0959243774414063 -0.106582641601563 0.0777511596679688 -0.0875320434570313
0.0292892456054687 -0.102989196777344 0.0553665161132812 -0.0795059204101563
-0.0126113891601563 -0.0957794189453125 0.0448570251464844 -0.051544189453125
-0.0480384826660156 -0.06719970703125 0.0419807434082031 -0.0311660766601563
-0.0647010803222656 -0.041290283203125 0.0440483093261719 -0.0238304138183594
-0.0688705444335937 -0.0432929992675781 0.04730224609375 -0.00799942016601563
-0.0725173950195313 -0.0377883911132813 0.0557441711425781 0.0226478576660156
-0.0455780029296875 -0.0584297180175781 0.046234130859375 0.0670700073242188
-0.0265655517578125 -0.0826950073242188 0.0024871826171875 0.0843887329101563
0.00218963623046875 -0.096405029296875 -0.0474395751953125 0.0582008361816406
0.0850906372070313 -0.100852966308594 -0.0543975830078125 -0.00782775878906251
0.120803833007813 -0.0525131225585938 -0.00168609619140624 -0.0575180053710938
0.130661010742188 -0.0211868286132813 0.135589599609375 -0.0574111938476563
0.0766220092773437 0.0278396606445312 0.0514144897460938 -0.131278991699219
0.0926971435546875 -0.00142669677734375 0.079986572265625 -0.113258361816406
0.0722732543945313 -0.0601425170898438 0.072113037109375 -0.0719451904296875
0.0231819152832031 -0.0590972900390625 0.0616874694824219 -0.0590133666992188
-9.15527343749953E-05 -0.05633544921875 0.0568771362304688 -0.032470703125
-0.02398681640625 -0.0446357727050781 0.0632553100585938 -0.0192985534667969
-0.0360336303710938 -0.0328636169433594 0.0676994323730469 -0.0180091857910156
-0.0425567626953125 -0.0356826782226563 0.0672874450683594 0.00110244750976562
-0.0485153198242188 -0.0341873168945312 0.075836181640625 0.0361480712890625
-0.028167724609375 -0.0465011596679688 0.0584182739257813 0.0856475830078125
-0.0124778747558594 -0.0643157958984375 0.00795745849609375 0.098602294921875
0.012115478515625 -0.0741424560546875 -0.0372543334960938 0.0651473999023438
0.0824432373046875 -0.0681838989257813 -0.0374794006347656 0.00452804565429688
0.110092163085938 -0.0141983032226563 0.0218658447265625 -0.0479087829589844
0.09844970703125 0.0285720825195313 0.164566040039063 -0.0454864501953125
-0.0453262329101562 -0.0623359680175781 -0.166763305664063 0.042236328125
-0.0660133361816406 -0.00255584716796875 -0.0428848266601563 0.0342674255371094
-0.0497703552246094 0.0411872863769531 0.0313472747802734 -0.0265865325927734
-0.00206756591796875 0.0472335815429688 0.032470703125 -0.0816192626953125
0.0113391876220703 0.0325660705566406 -0.00296783447265624 -0.112419128417969
0.0107536315917969 0.0205459594726563 -0.067291259765625 -0.108253479003906
0.00762176513671875 0.0238208770751953 -0.0988388061523438 -0.0454330444335938
0.00477027893066406 0.0279521942138672 -0.0857696533203125 -0.0108718872070313
0.000293731689453124 0.0264205932617188 -0.0768051147460938 0.0142593383789062
-0.0150337219238281 0.0133943557739258 -0.0788345336914063 0.0191650390625
-0.0181427001953125 0.00866127014160156 -0.0691680908203125 0.0350379943847656
-0.0230827331542969 0.0148448944091797 -0.0701828002929688 0.0462074279785156
-0.0443878173828125 -0.00519180297851563 -0.08184814453125 0.0491790771484375
-0.0488662719726563 -0.0355873107910156 -0.0722122192382812 0.10272216796875
-0.0391769409179688 -0.0727996826171875 -0.0567626953125 0.125518798828125
0.0128097534179687 -0.089385986328125 -0.164535522460938 0.0164337158203125
-0.018768310546875 -0.0297603607177734 -0.0386848449707031 0.0126228332519531
-0.0167417526245117 -0.00043296813964844 0.03375244140625 -0.0495834350585938
0.0096435546875 0.0107622146606445 0.0266647338867187 -0.0981979370117187
0.00986576080322266 -0.00412845611572266 -0.00615692138671876 -0.120277404785156
-0.00539493560791015 -0.00815725326538086 -0.0689544677734375 -0.111808776855469
-0.0213890075683594 0.00626945495605468 -0.09857177734375 -0.0514450073242188
-0.0284271240234375 0.0121860504150391 -0.0831451416015625 -0.0165328979492187
-0.0364341735839844 0.0161628723144531 -0.0732192993164063 0.0114059448242187
-0.0458145141601563 -0.00650787353515626 -0.0720672607421875 0.0220794677734375
-0.0436515808105469 -0.0273971557617187 -0.066009521484375 0.0387649536132812
-0.0347900390625 -0.0335903167724609 -0.075958251953125 0.0466232299804687
-0.01971435546875 -0.0592842102050781 -0.0843734741210938 0.0327301025390625
-0.0107650756835937 -0.075927734375 -0.0646286010742188 0.078369140625
0.0130844116210937 -0.111572265625 -0.0428085327148438 0.0972824096679688
0.0704498291015625 -0.1051025390625 -0.1436767578125 -0.01361083984375
0.0364418029785156 -0.0541915893554688 -0.0195198059082031 -0.00911521911621094
0.0212287902832031 -0.0499687194824219 0.0465011596679688 -0.0697402954101563
0.0198993682861328 -0.034637451171875 0.0279922485351563 -0.113082885742188
0.00421142578125 -0.0458106994628906 -0.00598907470703125 -0.123634338378906
-0.0243453979492188 -0.037811279296875 -0.06280517578125 -0.106857299804688
-0.0487022399902344 -0.0121421813964844 -0.0864105224609375 -0.0513916015625
-0.0582962036132813 -0.00482940673828125 -0.0685462951660156 -0.0205764770507813
-0.0676383972167969 0.00529098510742188 -0.0571823120117188 0.00824737548828124
-0.0685615539550781 -0.0231399536132813 -0.0524787902832031 0.0258903503417969
-0.0652122497558594 -0.0535850524902344 -0.0539131164550781 0.04583740234375
-0.0486297607421875 -0.0700645446777344 -0.0756759643554688 0.0519485473632813
-0.00328826904296876 -0.104347229003906 -0.0868988037109375 0.0204238891601563
0.0227584838867188 -0.106773376464844 -0.0596427917480469 0.0457572937011719
0.0604705810546875 -0.135726928710938 -0.0170440673828125 0.0571823120117187
0.117706298828125 -0.105514526367187 -0.105239868164062 -0.0468826293945312
0.089569091796875 -0.0716171264648438 0.00927543640136719 -0.0334205627441406
0.0585708618164062 -0.0988540649414063 0.0621185302734375 -0.0848770141601563
0.0266265869140625 -0.0826950073242188 0.0344772338867187 -0.121200561523437
-0.00594329833984376 -0.0853958129882813 0.00118255615234374 -0.118255615234375
-0.0443992614746094 -0.0631752014160156 -0.04681396484375 -0.0931320190429688
-0.0710296630859375 -0.028289794921875 -0.0619316101074219 -0.0462455749511719
-0.0798797607421875 -0.020843505859375 -0.0433235168457031 -0.0225181579589844
-0.088043212890625 -0.00669860839843749 -0.0318546295166016 0.00583839416503906
-0.08026123046875 -0.0364837646484375 -0.0254611968994141 0.0298194885253906
-0.07379150390625 -0.0712738037109375 -0.0363121032714844 0.0534782409667969
-0.0531005859375 -0.0935897827148438 -0.0712203979492188 0.0566482543945312
0.0134429931640625 -0.132514953613281 -0.0882568359375 0.0103836059570312
0.0526046752929688 -0.121322631835938 -0.0543937683105469 0.00916671752929688
0.0996017456054687 -0.138031005859375 0.0162515640258789 0.0128259658813476
0.14434814453125 -0.091064453125 -0.0578384399414063 -0.0798416137695312
0.126113891601563 -0.0770950317382813 0.0397109985351563 -0.0607986450195313
0.0868606567382813 -0.131156921386719 0.0748367309570313 -0.0940704345703125
0.0298690795898438 -0.116691589355469 0.0420989990234375 -0.1168212890625
-0.0163040161132813 -0.112091064453125 0.0136871337890625 -0.102142333984375
-0.0591506958007813 -0.0782394409179688 -0.0203475952148438 -0.0726318359375
-0.0831756591796875 -0.0389022827148437 -0.0282402038574219 -0.0385589599609375
-0.0895156860351562 -0.033538818359375 -0.0127944946289063 -0.0200634002685547
-0.0947341918945313 -0.0190505981445312 -0.00178337097167969 0.00650835037231445
-0.078155517578125 -0.049285888671875 0.00367736816406249 0.0371780395507813
-0.067901611328125 -0.0830535888671875 -0.0189743041992188 0.0620956420898437
-0.0436935424804688 -0.105461120605469 -0.063934326171875 0.059295654296875
0.0362396240234375 -0.14111328125 -0.0848770141601563 0.00128173828124998
0.0823822021484375 -0.116233825683594 -0.0456581115722656 -0.0240936279296875
0.126373291015625 -0.116783142089844 0.0540428161621094 -0.0273017883300781
0.144744873046875 -0.0621795654296875 -0.00922393798828124 -0.106613159179688
0.138938903808594 -0.0666046142578125 0.064208984375 -0.0877609252929688
0.0991134643554688 -0.135032653808594 0.0788726806640625 -0.0957412719726563
0.0298538208007812 -0.124313354492187 0.0484466552734375 -0.101287841796875
-0.02032470703125 -0.115829467773437 0.0288467407226563 -0.0775833129882813
-0.062255859375 -0.07794189453125 0.0111160278320312 -0.0505294799804688
-0.0816268920898437 -0.042388916015625 0.00950622558593749 -0.0308647155761719
-0.0859375 -0.0400924682617188 0.0188560485839844 -0.0151576995849609
-0.0889358520507812 -0.0292892456054688 0.0289421081542969 0.0119724273681641
-0.0646896362304687 -0.0575828552246094 0.0289192199707031 0.049407958984375
-0.0494842529296875 -0.0875930786132813 -0.00400543212890626 0.0728530883789063
-0.021636962890625 -0.106277465820313 -0.0563468933105469 0.0601921081542969
0.0621414184570313 -0.129325866699219 -0.0743026733398438 -0.00551605224609375
0.107498168945313 -0.0925827026367188 -0.0295257568359375 -0.04840087890625
0.137527465820313 -0.0763397216796875 0.0938186645507813 -0.0531463623046875
0.120368957519531 -0.0219039916992188 0.0281295776367188 -0.124801635742188
0.125991821289063 -0.041290283203125 0.07720947265625 -0.107391357421875
0.0907516479492187 -0.1099853515625 0.0757522583007813 -0.0883712768554688
0.0252227783203125 -0.103141784667969 0.0533676147460938 -0.0803375244140625
-0.01617431640625 -0.0948028564453125 0.0441818237304687 -0.051971435546875
-0.0501174926757813 -0.0653305053710937 0.0415878295898438 -0.0315132141113281
-0.0650863647460938 -0.0390777587890625 0.0427398681640625 -0.024444580078125
-0.0691184997558594 -0.0398406982421875 0.0461883544921875 -0.00750350952148438
-0.0721588134765625 -0.0344009399414062 0.0550956726074219 0.0223579406738281
-0.0464744567871094 -0.0570335388183594 0.04791259765625 0.0664482116699219
-0.0284805297851563 -0.0812606811523438 0.00466156005859376 0.0861434936523437
-9.91821289062588E-05 -0.0950698852539063 -0.0468025207519531 0.0625076293945312
0.0801010131835938 -0.102638244628906 -0.0574417114257812 -0.00486755371093751
0.118751525878906 -0.0565719604492187 -0.00543975830078124 -0.0565910339355469
0.128929138183594 -0.0255355834960938 0.131423950195313 -0.06097412109375
0.0779571533203125 0.0236663818359375 0.0483856201171875 -0.12957763671875
0.0925521850585938 -0.006134033203125 0.0776290893554688 -0.112983703613281
0.0676765441894531 -0.0635108947753906 0.0704345703125 -0.0732650756835938
0.0205726623535156 -0.0595321655273437 0.0601730346679688 -0.0602188110351563
-0.00244903564453125 -0.05560302734375 0.0560951232910156 -0.0336456298828125
-0.0251388549804687 -0.0440711975097656 0.0625038146972656 -0.02154541015625
-0.0365104675292969 -0.0310897827148437 0.0663566589355469 -0.0200920104980469
-0.0429458618164063 -0.0329513549804687 0.0655364990234375 0.000286102294921873
-0.0487861633300781 -0.0312538146972656 0.0755233764648438 0.0351104736328125
-0.0281982421875 -0.0448684692382813 0.0597991943359375 0.0836639404296875
-0.0146217346191406 -0.0626754760742187 0.0100784301757812 0.0994720458984375
0.00888061523437501 -0.0725784301757813 -0.0366706848144531 0.068878173828125
0.0782241821289063 -0.070068359375 -0.0402336120605469 0.00659942626953125
0.108024597167969 -0.018890380859375 0.0179977416992188 -0.0473861694335937
0.0988082885742188 0.0239334106445313 0.160507202148438 -0.0498199462890625
-0.0457725524902344 -0.0594100952148438 -0.164703369140625 0.044403076171875
-0.065093994140625 -0.000751495361328132 -0.041717529296875 0.0353927612304688
-0.04718017578125 0.0423240661621094 0.0331172943115234 -0.0271224975585937
-0.00043869018554687 0.0456466674804688 0.0334854125976562 -0.0826416015625
0.0122661590576172 0.0303382873535156 -0.002777099609375 -0.114143371582031
0.0109748840332031 0.0202846527099609 -0.0687713623046875 -0.108932495117188
0.00787162780761719 0.0228500366210938 -0.0981903076171875 -0.045074462890625
0.00507926940917969 0.0271663665771484 -0.085174560546875 -0.0101776123046875
5.72204589843829E-06 0.0258846282958984 -0.0760879516601563 0.0146102905273438
-0.0157861709594727 0.0134716033935547 -0.0794677734375 0.020660400390625
-0.0180320739746094 0.00825309753417969 -0.0696449279785156 0.0367012023925781
-0.0211429595947266 0.0143146514892578 -0.0710906982421875 0.0472793579101563
-0.0430450439453125 -0.00373458862304688 -0.0835113525390625 0.0495071411132812
-0.0488243103027344 -0.03369140625 -0.0717544555664062 0.102531433105469
-0.0403900146484375 -0.0693588256835938 -0.0564727783203125 0.123863220214844
0.0123291015625 -0.0871658325195313 -0.162826538085937 0.019378662109375
-0.0181617736816406 -0.0274238586425781 -0.0373992919921875 0.0135269165039062
-0.0150737762451172 0.00109672546386718 0.0345344543457031 -0.0500640869140625
0.0117340087890625 0.00961780548095703 0.027252197265625 -0.099273681640625
0.0115032196044922 -0.00582790374755859 -0.0061492919921875 -0.121482849121094
-0.00550079345703125 -0.00879383087158203 -0.0699920654296875 -0.112190246582031
-0.0210628509521484 0.00573348999023438 -0.0986328125 -0.0502777099609375
-0.0281181335449219 0.01165771484375 -0.0825271606445313 -0.0153350830078125
-0.0358085632324219 0.0155792236328125 -0.0730056762695312 0.0128555297851563
-0.0463409423828125 -0.00707244873046876 -0.0721817016601563 0.0237045288085938
-0.0437355041503906 -0.0277862548828125 -0.0665817260742188 0.0410118103027344
-0.0340747833251953 -0.0342235565185547 -0.076416015625 0.048583984375
-0.0193367004394531 -0.0586585998535156 -0.0869140625 0.03399658203125
-0.0104446411132813 -0.074188232421875 -0.06494140625 0.0783462524414063
0.011993408203125 -0.1090087890625 -0.0427017211914062 0.0956039428710938
0.0697402954101563 -0.103935241699219 -0.14190673828125 -0.0106048583984375
0.036529541015625 -0.0526695251464844 -0.0179042816162109 -0.00787734985351563
0.0230445861816406 -0.049163818359375 0.0463600158691406 -0.0699806213378906
0.0220680236816406 -0.0355567932128906 0.0278854370117188 -0.113510131835938
0.00527572631835938 -0.0466690063476562 -0.0059356689453125 -0.124496459960938
-0.0245132446289063 -0.0386199951171875 -0.0637969970703125 -0.105819702148438
-0.0490188598632813 -0.0126457214355469 -0.0862655639648437 -0.0496673583984375
-0.05780029296875 -0.0048675537109375 -0.0676345825195313 -0.0192909240722656
-0.0673713684082031 0.00519180297851563 -0.0565986633300781 0.0100250244140625
-0.0693588256835938 -0.0234336853027344 -0.0527191162109375 0.0283584594726563
-0.0655364990234375 -0.0536727905273438 -0.0538406372070313 0.049041748046875
-0.047821044921875 -0.0703048706054687 -0.0760574340820313 0.0549697875976563
-0.00354766845703124 -0.1041259765625 -0.0902557373046875 0.0222930908203125
0.022552490234375 -0.105796813964844 -0.0603828430175781 0.0455818176269531
0.0582275390625 -0.134590148925781 -0.0174751281738281 0.0560646057128906
0.117256164550781 -0.105987548828125 -0.103668212890625 -0.043670654296875
0.0890350341796875 -0.0721969604492188 0.0104618072509766 -0.0318946838378906
0.0584945678710937 -0.0987091064453125 0.0622940063476563 -0.0849151611328125
0.0276870727539062 -0.08306884765625 0.0337677001953125 -0.121009826660156
-0.00574493408203126 -0.0861053466796875 0.00074005126953125 -0.118698120117188
-0.0443878173828125 -0.06390380859375 -0.0474319458007812 -0.0919265747070313
-0.0715103149414063 -0.02850341796875 -0.0619010925292969 -0.0452804565429687
-0.079437255859375 -0.0199966430664063 -0.04339599609375 -0.0201301574707031
-0.087646484375 -0.0059661865234375 -0.0315914154052734 0.00734329223632813
-0.0805816650390625 -0.0369949340820313 -0.0250797271728516 0.0321979522705078
-0.0745697021484375 -0.0708389282226562 -0.0361518859863281 0.0567512512207031
-0.0528945922851562 -0.0935745239257813 -0.0712661743164063 0.061004638671875
0.012359619140625 -0.132057189941406 -0.0917205810546875 0.01336669921875
0.0524978637695313 -0.121139526367188 -0.0568809509277344 0.0105209350585938
0.0975265502929687 -0.137092590332031 0.0149364471435547 0.0117483139038086
0.14361572265625 -0.092071533203125 -0.0558624267578125 -0.0760955810546875
0.126075744628906 -0.0785369873046875 0.0407600402832031 -0.0596466064453125
0.0857162475585938 -0.132217407226563 0.074737548828125 -0.0935897827148438
0.029998779296875 -0.116233825683594 0.041107177734375 -0.116455078125
-0.0165328979492188 -0.112297058105469 0.0127029418945313 -0.102508544921875
-0.0594482421875 -0.078094482421875 -0.0209503173828125 -0.0724105834960938
-0.0838470458984375 -0.0386505126953125 -0.0282249450683594 -0.0378379821777344
-0.0896682739257813 -0.03228759765625 -0.0125503540039063 -0.018096923828125
-0.09454345703125 -0.018463134765625 -0.00167131423950196 0.00833559036254883
-0.07818603515625 -0.0493545532226563 0.00377655029296874 0.0387840270996094
-0.0683135986328125 -0.0830078125 -0.0185508728027344 0.0650596618652344
-0.0434188842773438 -0.1053466796875 -0.06451416015625 0.0636062622070313
0.0349807739257813 -0.140457153320313 -0.0880813598632813 0.00429534912109373
0.0822296142578125 -0.116943359375 -0.0484390258789062 -0.0229682922363281
0.124870300292969 -0.117080688476563 0.0521812438964844 -0.0280685424804688
0.144607543945313 -0.0641021728515625 -0.00859069824218749 -0.103950500488281
0.138893127441406 -0.0688323974609375 0.0647430419921875 -0.086822509765625
0.0965042114257812 -0.136566162109375 0.0784988403320313 -0.0957489013671875
0.0290908813476563 -0.124702453613281 0.0472183227539063 -0.101478576660156
-0.0217971801757813 -0.115676879882813 0.0279388427734375 -0.07830810546875
-0.0626068115234375 -0.0781173706054687 0.0112571716308594 -0.0501441955566406
-0.0818405151367188 -0.0412826538085937 0.00903701782226562 -0.0298748016357422
-0.0857391357421875 -0.038482666015625 0.0186176300048828 -0.0135993957519531
-0.0887222290039063 -0.0279998779296875 0.0284938812255859 0.01385498046875
-0.0649757385253906 -0.0578765869140625 0.0291900634765625 0.0507659912109375
-0.0501022338867187 -0.0878143310546875 -0.00402069091796876 0.0759353637695313
-0.022186279296875 -0.106307983398438 -0.056182861328125 0.0642890930175781
0.06060791015625 -0.129524230957031 -0.0777740478515625 -0.00266265869140624
0.107101440429687 -0.0936203002929687 -0.0320701599121094 -0.0468177795410156
0.137115478515625 -0.0770339965820313 0.0919952392578125 -0.0537796020507813
0.120262145996094 -0.0243988037109375 0.0284423828125 -0.122344970703125
0.125503540039063 -0.0443649291992188 0.0779037475585938 -0.105964660644531
0.08819580078125 -0.112236022949219 0.075592041015625 -0.087890625
0.0244293212890625 -0.103073120117188 0.052947998046875 -0.0799560546875
-0.017578125 -0.09429931640625 0.0437774658203125 -0.0527229309082031
-0.0511817932128906 -0.0649681091308594 0.041778564453125 -0.0320587158203125
-0.0648536682128906 -0.0384674072265625 0.0420150756835937 -0.0242538452148438
-0.0695075988769531 -0.0383415222167969 0.0454597473144531 -0.00679779052734375
-0.0717697143554688 -0.0333633422851562 0.0552558898925781 0.0241317749023437
-0.0463066101074219 -0.0568809509277344 0.0481910705566406 0.067138671875
-0.029510498046875 -0.0806198120117188 0.0052032470703125 0.0888595581054688
-0.000572204589843757 -0.0946731567382813 -0.046905517578125 0.0659599304199219
0.07794189453125 -0.103500366210938 -0.0607147216796875 -0.00243759155273439
0.118080139160156 -0.0586776733398438 -0.00850296020507812 -0.0553741455078125
0.128517150878906 -0.0274658203125 0.12921142578125 -0.0619354248046875
0.07891845703125 0.0212173461914063 0.0485458374023438 -0.127967834472656
0.092132568359375 -0.00992584228515625 0.0769424438476563 -0.112030029296875
0.0654373168945313 -0.0650749206542969 0.0713272094726563 -0.0730514526367188
0.0192985534667969 -0.0597991943359375 0.06024169921875 -0.0603103637695313
-0.00438308715820312 -0.0551567077636719 0.0564193725585938 -0.034393310546875
-0.0263710021972656 -0.042205810546875 0.062957763671875 -0.0217475891113281
-0.0361709594726562 -0.0309028625488281 0.0656700134277344 -0.0204734802246094
-0.0427589416503906 -0.0316162109375 0.0647087097167969 0.000816345214843748
-0.0472259521484375 -0.0299415588378906 0.0749740600585938 0.0357894897460938
-0.0282135009765625 -0.0438346862792969 0.059478759765625 0.0838851928710938
-0.0156478881835938 -0.0616416931152344 0.0110244750976563 0.101325988769531
0.00840759277343749 -0.071868896484375 -0.0372467041015625 0.0718765258789063
0.0757827758789063 -0.0712661743164063 -0.0428123474121094 0.00780868530273437
0.107398986816406 -0.021636962890625 0.0153732299804688 -0.0471534729003906
0.0987319946289063 0.0218048095703125 0.158523559570312 -0.0513458251953125
-0.0461158752441406 -0.0582847595214844 -0.166534423828125 0.0461578369140625
-0.0649299621582031 0.0013885498046875 -0.0411605834960938 0.0364036560058594
-0.0461044311523437 0.0443801879882813 0.0350437164306641 -0.0288200378417969
0.000904083251953125 0.0445442199707031 0.0356826782226563 -0.0858001708984375
0.014007568359375 0.0298728942871094 -0.00315093994140626 -0.117835998535156
0.0105991363525391 0.0197372436523438 -0.0706787109375 -0.111648559570313
0.00792694091796875 0.0228614807128906 -0.09918212890625 -0.04656982421875
0.00562095642089844 0.0266399383544922 -0.0853652954101563 -0.0101470947265625
5.91278076171886E-05 0.0255641937255859 -0.077301025390625 0.0149917602539063
-0.0162029266357422 0.0131912231445313 -0.08099365234375 0.0223159790039062
-0.0178375244140625 0.00795936584472656 -0.0708389282226563 0.0384902954101562
-0.0199699401855469 0.0134525299072266 -0.0737533569335938 0.0487899780273437
-0.042816162109375 -0.00307846069335937 -0.0870285034179688 0.0503997802734375
-0.0493507385253906 -0.0328445434570313 -0.073822021484375 0.102920532226562
-0.0412940979003906 -0.0680351257324219 -0.0580215454101562 0.123703002929688
0.0129470825195313 -0.0866165161132812 -0.164306640625 0.021240234375
-0.0170249938964844 -0.0262622833251953 -0.0366783142089844 0.0147171020507812
-0.0130987167358398 0.00207233428955078 0.0360794067382813 -0.0512580871582031
0.0139694213867187 0.0086517333984375 0.0290069580078125 -0.101020812988281
0.0128002166748047 -0.00672531127929688 -0.00608062744140624 -0.124923706054688
-0.00550270080566406 -0.0103673934936523 -0.0713577270507813 -0.114021301269531
-0.0217418670654297 0.00496673583984375 -0.09912109375 -0.05035400390625
-0.0280704498291016 0.0109062194824219 -0.0825653076171875 -0.0154037475585938
-0.0367012023925781 0.0153999328613281 -0.0740280151367188 0.0135345458984375
-0.0472259521484375 -0.00758743286132812 -0.0736923217773438 0.026092529296875
-0.0445404052734375 -0.0285873413085938 -0.0676612854003906 0.0434417724609375
-0.0331764221191406 -0.0354995727539062 -0.0786972045898438 0.0508956909179687
-0.0189208984375 -0.0589141845703125 -0.091339111328125 0.0353775024414062
-0.0101318359375 -0.0739212036132813 -0.0672683715820313 0.0794143676757812
0.0114212036132813 -0.108833312988281 -0.0444793701171875 0.0956039428710938
0.07110595703125 -0.103805541992188 -0.14263916015625 -0.00901794433593749
0.0386123657226563 -0.0520744323730469 -0.0170021057128906 -0.00712394714355469
0.0240364074707031 -0.0494804382324219 0.0480728149414062 -0.0713424682617188
0.0247001647949219 -0.0367889404296875 0.0291366577148438 -0.115615844726563
0.00663375854492188 -0.0488929748535156 -0.00585174560546875 -0.128028869628906
-0.0248298645019531 -0.0405311584472656 -0.0653610229492187 -0.107696533203125
-0.0496826171875 -0.0140609741210938 -0.0868988037109375 -0.0503463745117188
-0.0587997436523437 -0.00553512573242188 -0.0675697326660156 -0.0181427001953125
-0.0684242248535156 0.00503921508789064 -0.0574722290039063 0.0112495422363281
-0.0712203979492188 -0.02398681640625 -0.0537605285644531 0.0302314758300781
-0.0669631958007813 -0.0548477172851563 -0.0550041198730469 0.0517921447753906
-0.04754638671875 -0.0727462768554687 -0.0781631469726562 0.0584030151367188
-0.00323486328125001 -0.105361938476563 -0.0954437255859375 0.0251312255859375
0.023956298828125 -0.106269836425781 -0.0636100769042969 0.0463371276855469
0.0594253540039063 -0.1346435546875 -0.0188064575195312 0.054931640625
0.11944580078125 -0.106681823730469 -0.103530883789062 -0.0419769287109375
0.0912628173828125 -0.0727996826171875 0.0121402740478516 -0.0314693450927734
0.0602874755859375 -0.100143432617188 0.0647048950195312 -0.0862045288085938
0.0302200317382813 -0.084564208984375 0.0351486206054687 -0.122291564941406
-0.00499725341796875 -0.0882415771484375 0.000320434570312496 -0.121864318847656
-0.0454330444335937 -0.0662765502929688 -0.0482177734375 -0.0931472778320313
-0.0727157592773438 -0.0297927856445313 -0.0626411437988281 -0.04498291015625
-0.080535888671875 -0.020782470703125 -0.0431785583496094 -0.019561767578125
-0.0887603759765625 -0.00672149658203124 -0.031463623046875 0.00932884216308594
-0.0817108154296875 -0.0385513305664063 -0.0258731842041016 0.0341129302978516
-0.0762252807617188 -0.0730209350585938 -0.0369033813476563 0.0604362487792969
-0.0527267456054687 -0.0957565307617188 -0.072723388671875 0.06494140625
0.0131683349609375 -0.134239196777344 -0.0969314575195312 0.0161056518554688
0.054656982421875 -0.122665405273438 -0.0597267150878906 0.0103836059570312
0.0987701416015625 -0.138298034667969 0.0136051177978516 0.0107345581054687
0.147232055664063 -0.0941009521484375 -0.0550613403320313 -0.0743026733398438
0.128997802734375 -0.079986572265625 0.0429763793945313 -0.0584907531738281
0.08685302734375 -0.134376525878906 0.0764312744140625 -0.094696044921875
0.0320510864257812 -0.119056701660156 0.0418930053710938 -0.118026733398438
-0.0172805786132813 -0.114974975585938 0.0131988525390625 -0.104766845703125
-0.0605697631835938 -0.0801773071289063 -0.020904541015625 -0.0731201171875
-0.08502197265625 -0.0397262573242187 -0.0285568237304688 -0.037841796875
-0.0908279418945313 -0.03271484375 -0.0129604339599609 -0.0165996551513672
-0.09600830078125 -0.0185699462890625 -0.00110054016113282 0.0105476379394531
-0.0792922973632813 -0.0513229370117188 0.003387451171875 0.0409622192382813
-0.0697174072265625 -0.08477783203125 -0.0183448791503906 0.0692367553710938
-0.0427474975585937 -0.107879638671875 -0.0657157897949219 0.067962646484375
0.035369873046875 -0.14312744140625 -0.093292236328125 0.00750732421875001
0.0846099853515625 -0.118927001953125 -0.0516624450683594 -0.0224990844726563
0.127067565917969 -0.118919372558594 0.0512046813964844 -0.0290489196777344
0.147903442382813 -0.0661163330078125 -0.00691986083984374 -0.10321044921875
0.141098022460938 -0.0713653564453125 0.0676956176757813 -0.0861892700195313
0.0969161987304687 -0.139633178710938 0.0808029174804688 -0.0961990356445313
0.029937744140625 -0.1268310546875 0.048309326171875 -0.102157592773438
-0.0228195190429688 -0.117340087890625 0.0287857055664063 -0.0798797607421875
-0.0641403198242188 -0.0801162719726562 0.0119857788085937 -0.0504264831542969
-0.0834808349609375 -0.042633056640625 0.00888824462890624 -0.0298004150390625
-0.0868759155273438 -0.0387191772460938 0.0185337066650391 -0.0120124816894531
-0.0889892578125 -0.028717041015625 0.0292091369628906 0.0156650543212891
-0.0653114318847656 -0.0598678588867187 0.0295372009277344 0.0530548095703125
-0.0506134033203125 -0.0893096923828125 -0.00389862060546876 0.0802764892578125
-0.0213623046875 -0.108207702636719 -0.0575103759765625 0.0692100524902344
0.0609970092773438 -0.131683349609375 -0.082366943359375 0.00026702880859374
0.109306335449219 -0.0960235595703125 -0.0349807739257813 -0.0465431213378906
0.139617919921875 -0.0788955688476563 0.0917282104492188 -0.0552749633789063
0.123245239257813 -0.02630615234375 0.030487060546875 -0.12261962890625
0.127403259277344 -0.0469741821289062 0.0799179077148438 -0.106575012207031
0.0879974365234375 -0.11553955078125 0.0782546997070313 -0.0886688232421875
0.0248031616210938 -0.105079650878906 0.0542221069335937 -0.080780029296875
-0.0191574096679688 -0.0957260131835938 0.0449905395507813 -0.0530662536621094
-0.0525550842285156 -0.0654182434082031 0.0431556701660156 -0.0326004028320313
-0.0664329528808594 -0.0391883850097656 0.0427207946777344 -0.0245742797851563
-0.0702400207519531 -0.0379142761230469 0.0457267761230469 -0.0050506591796875
-0.0717315673828125 -0.033203125 0.0559806823730469 0.0256996154785156
-0.0466766357421875 -0.0580863952636719 0.0484390258789063 0.0695228576660156
-0.0292892456054687 -0.08221435546875 0.00569915771484376 0.0935592651367188
-0.000160217285156256 -0.0958786010742188 -0.048431396484375 0.0705795288085938
0.0779800415039063 -0.105751037597656 -0.0651702880859375 -0.000667572021484392
0.119758605957031 -0.060943603515625 -0.0109519958496094 -0.055084228515625
0.131401062011719 -0.0290374755859375 0.129928588867188 -0.0627593994140625
0.0805511474609375 0.0200424194335938 0.05059814453125 -0.127632141113281
0.0932540893554688 -0.0118560791015625 0.0798797607421875 -0.112266540527344
0.0642776489257813 -0.0673179626464844 0.074188232421875 -0.0735931396484375
0.0186843872070313 -0.0605316162109375 0.0622940063476562 -0.0613670349121094
-0.00565338134765625 -0.0552635192871094 0.0577468872070313 -0.0354995727539063
-0.0271224975585938 -0.0425033569335938 0.0645484924316406 -0.02264404296875
-0.0364837646484375 -0.0308570861816406 0.0666999816894531 -0.0208587646484375
-0.042999267578125 -0.0308685302734375 0.064971923828125 0.00188827514648437
-0.0475616455078125 -0.0294723510742188 0.0761489868164063 0.0370407104492188
-0.0289993286132812 -0.044891357421875 0.0602493286132813 0.0866470336914063
-0.015594482421875 -0.0620155334472656 0.0109329223632813 0.106094360351563
0.00859832763671874 -0.0724639892578125 -0.0381317138671875 0.0754776000976563
0.0758056640625 -0.0727462768554688 -0.0462760925292969 0.009613037109375
0.107757568359375 -0.023529052734375 0.0133399963378906 -0.0469131469726563
0.100723266601562 0.0207748413085937 0.15997314453125 -0.052520751953125
-0.0480194091796875 -0.0577735900878906 -0.170089721679688 0.05096435546875
-0.0654182434082031 0.00392532348632813 -0.0408859252929688 0.0387649536132813
-0.0447540283203125 0.0467491149902344 0.0378456115722656 -0.0309829711914062
0.0021209716796875 0.0450477600097656 0.0366134643554688 -0.09033203125
0.0149955749511719 0.0289669036865234 -0.00447082519531251 -0.123741149902344
0.0110511779785156 0.0199966430664063 -0.0744247436523437 -0.115821838378906
0.00848007202148438 0.022552490234375 -0.102088928222656 -0.0471572875976562
0.00640869140625 0.0267620086669922 -0.0875473022460938 -0.00989532470703124
-4.00543212890631E-05 0.0259780883789063 -0.0794448852539062 0.0158843994140625
-0.0173454284667969 0.0138750076293945 -0.0837020874023438 0.02508544921875
-0.0184402465820312 0.00836753845214844 -0.072906494140625 0.0413970947265625
-0.0199451446533203 0.0131740570068359 -0.076690673828125 0.0518264770507812
-0.0429153442382813 -0.00201797485351562 -0.0915603637695313 0.05291748046875
-0.0507049560546875 -0.0317802429199219 -0.0759811401367188 0.106468200683594
-0.0437088012695313 -0.0674858093261719 -0.0596923828125 0.12579345703125
0.0124969482421875 -0.0876998901367187 -0.167724609375 0.0246734619140625
-0.0165519714355469 -0.0252513885498047 -0.0368270874023438 0.016387939453125
-0.0115280151367187 0.00261116027832031 0.038177490234375 -0.0536880493164063
0.0162038803100586 0.00771141052246094 0.0296249389648438 -0.105560302734375
0.0142927169799805 -0.00915431976318359 -0.00715637207031249 -0.130683898925781
-0.00555801391601563 -0.0110530853271484 -0.0757827758789063 -0.117538452148438
-0.0217952728271484 0.00417709350585937 -0.102607727050781 -0.0516891479492188
-0.028839111328125 0.0107593536376953 -0.0839004516601562 -0.0143280029296875
-0.0380477905273438 0.0156402587890625 -0.0755844116210938 0.0156173706054687
-0.0493927001953125 -0.00768280029296876 -0.0764541625976563 0.0293350219726563
-0.0467605590820313 -0.0296478271484375 -0.0699348449707031 0.0475082397460937
-0.0336074829101563 -0.0376205444335938 -0.0823593139648438 0.0554275512695313
-0.0194625854492187 -0.0604591369628906 -0.0967864990234375 0.0391616821289062
-0.0100555419921875 -0.0750350952148438 -0.0697250366210938 0.0819778442382813
0.0110015869140625 -0.110122680664062 -0.0458984375 0.0972213745117188
0.0730361938476563 -0.10687255859375 -0.145339965820313 -0.00628662109375002
0.0404815673828125 -0.0527496337890625 -0.016087532043457 -0.00583267211914063
0.0260581970214844 -0.0507659912109375 0.0502700805664063 -0.0743026733398438
0.0271492004394531 -0.0391960144042969 0.0296859741210938 -0.119926452636719
0.00749588012695313 -0.0520896911621094 -0.007843017578125 -0.133277893066406
-0.026153564453125 -0.0431442260742188 -0.0686798095703125 -0.110801696777344
-0.0515480041503906 -0.0145301818847656 -0.0896453857421875 -0.05078125
-0.0606117248535156 -0.00576019287109376 -0.0690765380859375 -0.0177536010742188
-0.0704498291015625 0.00493621826171876 -0.0584030151367188 0.0136260986328125
-0.0736846923828125 -0.0250625610351563 -0.0556526184082031 0.0335159301757812
-0.0705795288085937 -0.0572662353515625 -0.0562858581542969 0.0566062927246094
-0.0489730834960938 -0.07562255859375 -0.0810012817382813 0.0636978149414063
-0.00368499755859375 -0.108627319335938 -0.101600646972656 0.0293045043945312
0.0246353149414063 -0.109596252441406 -0.066009521484375 0.0487289428710937
0.0597381591796875 -0.138137817382813 -0.0207290649414062 0.0560684204101562
0.12298583984375 -0.110275268554688 -0.105728149414063 -0.0400772094726562
0.0947265625 -0.0754852294921875 0.0137290954589844 -0.0309829711914063
0.0618972778320312 -0.103462219238281 0.0667953491210938 -0.0891876220703125
0.0322952270507813 -0.0882949829101563 0.0354537963867187 -0.126190185546875
-0.00580596923828124 -0.0922470092773437 -0.00149536132812499 -0.126220703125
-0.0472068786621094 -0.0691299438476562 -0.0505523681640625 -0.095550537109375
-0.075286865234375 -0.0308685302734375 -0.0647201538085937 -0.0454177856445313
-0.083740234375 -0.0208892822265625 -0.0439338684082031 -0.0181808471679688
-0.09136962890625 -0.00586700439453124 -0.0321693420410156 0.0118370056152344
-0.0850830078125 -0.0397109985351563 -0.0263748168945313 0.0378952026367187
-0.0800323486328125 -0.0753021240234375 -0.0373001098632813 0.0660171508789063
-0.0544509887695312 -0.0996017456054688 -0.0746307373046875 0.0710678100585938
0.0120162963867187 -0.138923645019531 -0.10357666015625 0.0209197998046875
0.0559844970703125 -0.127220153808594 -0.0632133483886719 0.0124130249023437
0.100921630859375 -0.143142700195313 0.0125589370727539 0.00988769531249999
0.151016235351563 -0.0989227294921875 -0.0557937622070313 -0.07379150390625
0.132408142089844 -0.0847396850585938 0.045166015625 -0.0590286254882813
0.0881118774414063 -0.139236450195313 0.0790328979492188 -0.0981597900390625
0.03369140625 -0.123985290527344 0.0426712036132813 -0.121673583984375
-0.0186614990234375 -0.118736267089844 0.0120620727539063 -0.108512878417969
-0.0633926391601562 -0.0831451416015625 -0.0219497680664063 -0.0744476318359375
-0.0889434814453125 -0.0407791137695312 -0.0302047729492187 -0.0379219055175781
-0.0940933227539062 -0.0327987670898438 -0.0128688812255859 -0.0156698226928711
-0.0986480712890625 -0.0181350708007813 -0.000828742980957037 0.0124177932739258
-0.0823516845703125 -0.0531005859375 0.00385665893554687 0.0440864562988281
-0.0730972290039063 -0.08709716796875 -0.017669677734375 0.0753402709960937
-0.0446701049804688 -0.111610412597656 -0.0671615600585938 0.0747909545898438
0.0352630615234375 -0.147872924804688 -0.0992279052734375 0.011627197265625
0.0867919921875 -0.124351501464844 -0.055755615234375 -0.0215110778808594
0.130630493164063 -0.12353515625 0.0510520935058594 -0.0314521789550781
0.152572631835938 -0.071044921875 -0.00682830810546874 -0.10382080078125
0.144927978515625 -0.0761260986328125 0.0707855224609375 -0.088134765625
0.0971527099609375 -0.146087646484375 0.0838699340820313 -0.099334716796875
0.0305404663085937 -0.132095336914063 0.049041748046875 -0.105743408203125
-0.0252532958984375 -0.121086120605469 0.0285415649414063 -0.08294677734375
-0.0673828125 -0.0817489624023438 0.0122795104980469 -0.0519905090332031
-0.0870132446289062 -0.043304443359375 0.00919151306152344 -0.0309066772460938
-0.0898971557617187 -0.0388259887695313 0.0190963745117187 -0.0106430053710938
-0.092315673828125 -0.0283126831054688 0.0312824249267578 0.0176906585693359
-0.0687713623046875 -0.0618972778320312 0.0309410095214844 0.0561752319335937
-0.0534896850585937 -0.0920333862304688 -0.00243377685546875 0.0863189697265625
-0.0224456787109375 -0.111930847167969 -0.0587692260742188 0.0757293701171875
0.0612564086914063 -0.13726806640625 -0.088623046875 0.0040130615234375
0.112358093261719 -0.101318359375 -0.0392227172851563 -0.0463638305664062
0.143798828125 -0.0833740234375 0.092437744140625 -0.0585250854492188
0.127510070800781 -0.03070068359375 0.0321578979492188 -0.124526977539063
0.13079833984375 -0.0517425537109375 0.0830230712890625 -0.109146118164063
0.088043212890625 -0.121002197265625 0.0805511474609375 -0.0917434692382813
0.0241928100585938 -0.109214782714844 0.0558319091796875 -0.0831146240234375
-0.0221633911132813 -0.0982894897460937 0.0457763671875 -0.0558662414550781
-0.0546722412109375 -0.0665779113769531 0.0444374084472656 -0.034393310546875
-0.0692481994628906 -0.0397758483886719 0.0438880920410156 -0.0253257751464844
-0.072235107421875 -0.0375747680664063 0.0468597412109375 -0.00410079956054688
-0.0738449096679687 -0.032745361328125 0.0581283569335937 0.0275115966796875
-0.0486602783203125 -0.0600814819335938 0.0511398315429688 0.0732192993164063
-0.0314483642578125 -0.0842208862304688 0.00705718994140624 0.09912109375
-0.000648498535156249 -0.0990447998046875 -0.0495147705078125 0.0771484375
0.0785598754882813 -0.109832763671875 -0.0706329345703125 0.00286102294921875
0.122520446777344 -0.0654449462890625 -0.0141220092773437 -0.05596923828125
0.13604736328125 -0.0318832397460938 0.132637023925781 -0.06634521484375
0.084320068359375 0.0175247192382812 0.052490234375 -0.129722595214844
0.0951156616210938 -0.0152511596679688 0.082977294921875 -0.115478515625
0.0639266967773437 -0.0716018676757813 0.0779800415039063 -0.0761947631835938
0.0179519653320313 -0.0630645751953125 0.0647659301757813 -0.0641441345214844
-0.00781250000000001 -0.0567054748535156 0.0600624084472656 -0.0375289916992188
-0.0287399291992188 -0.0428962707519531 0.0673408508300781 -0.0246009826660156
-0.0379638671875 -0.0306739807128906 0.0682182312011719 -0.0220909118652344
-0.04449462890625 -0.0305709838867188 0.0667991638183594 0.00260162353515625
-0.0484466552734375 -0.0289115905761719 0.0782928466796875 0.0384368896484375
-0.0302886962890625 -0.0460853576660156 0.0633926391601563 0.0897979736328125
-0.0166664123535156 -0.06304931640625 0.012664794921875 0.111579895019531
0.00846862792968749 -0.074371337890625 -0.0391311645507812 0.0815277099609375
0.0758514404296875 -0.0758209228515625 -0.0506515502929687 0.0120468139648437
0.110015869140625 -0.02728271484375 0.0110549926757813 -0.0473899841308594
0.105384826660156 0.01934814453125 0.163238525390625 -0.0560150146484375
-0.00228383254286833 0.0604784995825643 -0.1293443207757 -0.120412967907337
0.0483350669209395 0.0450120682464667 -0.0505215360983839 -0.0293178603189062
0.0629516165632471 0.0129868265219854 0.045894096560871 0.00512032801290839
0.0341009502732025 -0.0253248626539364 0.0925426137110509 -0.016377810567245
0.0113570771887922 -0.0193195443556054 0.111530345540545 -0.0745795674795073
0.0141173672031685 -0.00754176334611067 0.0693853106058962 -0.121721337373817
0.022131062211904 -0.0167891220834292 0.00740865964400675 -0.117560949223873
0.0210824867485255 -0.0215280716122078 -0.0334709071720359 -0.091129874105402
0.0282749418240498 -0.0145815148113594 -0.0507322543244924 -0.0717498983501522
0.0269150226513029 0.00275783395519357 -0.061919840940186 -0.064621176210125
0.0221891718707262 0.00754405992971186 -0.0753055625923933 -0.0514949232885806
0.0271467621190931 0.00578974516302581 -0.0880527054324368 -0.0512074315578842
0.0371427489674676 0.0283110354817114 -0.0945324214056093 -0.05275968780528
0.0112514645142312 0.0517427876550404 -0.124579548864453 -0.0147284259520452
-0.0280433480019148 0.0606401281538615 -0.129079714664222 0.0333312632398363
-0.0596673122573126 0.0292143003345478 -0.107138042650551 -0.121786168437771
-0.00723007805900964 0.0255039896958218 -0.0281130570972117 -0.0243508994464426
0.0059517863324495 0.0125192913604883 0.0740139824621036 0.00611440982307136
-0.00830218631240453 -0.0103193009186624 0.110200595022023 -0.0215482087214582
-0.0169851153193769 0.0100624131773913 0.122019154437917 -0.079067207717962
-0.000537457591152419 0.025901429666435 0.0765544764844617 -0.122448247463854
0.0215019381204666 0.0219729290537537 0.0175439537421258 -0.11960752720498
0.0318672231357962 0.0153987215691175 -0.0254069449815629 -0.0921794011204898
0.0414388549062365 0.0254089205218612 -0.0443117202815888 -0.0703089256104861
0.0297555033958563 0.04263781901078 -0.0566570198327709 -0.0562949173113986
0.0129742550704783 0.054271348722781 -0.0729788885876421 -0.0439414025824937
-0.00888912300018542 0.0499963733770627 -0.0871669072765677 -0.0490220547606268
-0.0200701426817298 0.0557067513815412 -0.0836043144551514 -0.058828811553919
-0.0476985244287843 0.047850671946192 -0.102821705531619 -0.0156881071188617
-0.0897004978126762 0.0404167698642082 -0.10464580698055 0.031214645588653
-0.109508431696863 -0.00636371963621843 -0.0703096502615133 -0.109691304391788
-0.0688736006044544 -0.00152565849509506 0.000314954442980076 -0.00302721204317467
-0.0623009742719861 0.014414300845881 0.108188176462637 0.0213202272339252
-0.0575642545300953 0.0145255824303199 0.133644304879561 -0.0200553635662838
-0.0437479763530496 0.0469611881342284 0.130268496739106 -0.0798169365018166
-0.0131172316088501 0.0613531003837719 0.0795484513119471 -0.11342390261011
0.0188183602830889 0.0586170964108054 0.0260234832387181 -0.107736856245366
0.0390637051825668 0.0496647644527264 -0.012764863201213 -0.0803576064616562
0.0496021010760697 0.0599176938499976 -0.0319271754026685 -0.0554822776702918
0.0300110400966705 0.0738059680762774 -0.0463218341236668 -0.0355496307104032
0.00813821401101991 0.0905207706618109 -0.0705503405999531 -0.0250914823762261
-0.0327559642987271 0.0869135943849555 -0.0887232382929266 -0.0395147824075614
-0.0642976459435348 0.0806779014305628 -0.0761498801188792 -0.0634782050330166
-0.0957650830517521 0.042159501541334 -0.074961971485891 -0.023868112831066
-0.137323488270805 0.017064487939493 -0.062614976217824 0.0295963438650531
-0.144582021518141 -0.0411752461589494 -0.0223132755884518 -0.0866610813565197
-0.124838210875284 -0.0284807450603539 0.0348391039672102 0.0255614364823263
-0.129533100442751 0.017718029533063 0.138864005221824 0.0432335732147946
-0.104861648708646 0.04502631147406 0.155121184948067 -0.010301584022355
-0.0645406159263662 0.0859605366854979 0.13371486886443 -0.0706894937510893
-0.0216914813994388 0.0926165517754582 0.0787370537433443 -0.0913956483433657
0.0151597663647613 0.0886932327659771 0.0343951052364319 -0.0814340204370174
0.0409016978341088 0.0766016985266625 0.0016503314239447 -0.057287514712171
0.0497854811318741 0.0843870659746276 -0.0163806277397889 -0.0313396805654323
0.0235671195863982 0.0930030623383476 -0.0333195420532776 -0.00747270267116048
7.21056465712508E-05 0.109818810714492 -0.0673267010496161 -0.00108983444881841
-0.0505466307473311 0.106381281407849 -0.0893752475588268 -0.0268595069201944
-0.0966990022519189 0.0928105054733644 -0.0699011301376316 -0.0657420005392085
-0.128960843114759 0.0307908252331451 -0.043966840280031 -0.03541006083529
-0.163563710479442 -0.0102917084114028 -0.0113137968418754 0.0284950229835053
-0.155919304462694 -0.0658132454816928 0.0312902629499187 -0.0598106722088159
-0.16007413106526 -0.0504088739642872 0.0744940882714045 0.0494817556524367
-0.177333967643855 0.0190197524986284 0.1599696477207 0.0608882108453545
-0.137052288690723 0.0692794180715127 0.162566932839239 0.00385521314061883
-0.0756931674931949 0.112937986451401 0.128670516746221 -0.0489677657966518
-0.0246230462770116 0.110909645175578 0.0750422280468149 -0.056795826940081
0.0109705525925773 0.105674823546983 0.0417919269389768 -0.0452008752010335
0.0370265513176008 0.0915423612672256 0.0156343894048828 -0.025500144234082
0.0416309631987215 0.097087586775446 -0.00287649250986192 -0.000457927286626599
0.00924655925426001 0.0995437326623975 -0.0240085748352476 0.0245650276854513
-0.0153026653863745 0.112231899328895 -0.065958103360414 0.0245606716287893
-0.068236534439023 0.105012016946315 -0.08953523787156 -0.0148090960983293
-0.120206164189635 0.0844485664566864 -0.0610385227387339 -0.0649917007918693
-0.145603366598247 0.00729400235254593 -0.0137507805762431 -0.0441755867920396
-0.164687505777363 -0.0407721176478435 0.040625935807645 0.0322976759548419
-0.139129929952453 -0.0772473581503494 0.0818034229621447 -0.0357347132208452
-0.163997595151582 -0.0615495998817527 0.111998838614653 0.0605606822107542
-0.188722798657232 0.015876622476154 0.163993390286147 0.068076528817746
-0.141965338274582 0.0770328841609267 0.153152372759709 0.0183128492057931
-0.0736080550315711 0.117720233610807 0.114246481200262 -0.0199473396045545
-0.0239101655228574 0.110571462391014 0.070371927246305 -0.0159826910925206
0.00552233548572513 0.104752338631851 0.048132039122749 -0.00486365182162914
0.0282116454440264 0.0926718627682646 0.0263109199694228 0.00864556501207928
0.0266366210210027 0.0957770023660914 0.0052757416223687 0.0329630561559857
-0.00878785967248288 0.0932654484133773 -0.0219076096193198 0.0560813096955608
-0.0326481955836957 0.0996381269127571 -0.0710355101412034 0.0475514903351414
-0.0827218814336194 0.0851263804075439 -0.0887417958836831 -0.00380453180509815
-0.132484587827264 0.0590764495800475 -0.0510455926437277 -0.0587831227879351
-0.143339667102402 -0.0236130048296561 0.0128576806647298 -0.043156898732798
-0.142030555522409 -0.069432069092709 0.0851521171389663 0.0446433006540827
-0.0966732487675318 -0.0747249662997667 0.118925321662133 -0.0203721870733342
-0.134772404764966 -0.0620651701099297 0.136859309607872 0.0563214969771052
-0.161146871895063 0.00940993774123674 0.150718508837655 0.0643567921460217
-0.118258366985119 0.0655268729474228 0.131590276319894 0.0306717279731282
-0.0601264179851415 0.095905409012172 0.0951715437251782 0.0115967371379796
-0.0222264970618438 0.0885150790758548 0.0654976566321077 0.022820902594943
-0.00150103920933902 0.0860233463302671 0.0527179315411337 0.0318312789393864
0.0154487132981978 0.0782405427148596 0.0322446930628396 0.0407307785462358
0.010621588462735 0.0805770510270135 0.00592416146357231 0.0644391972676888
-0.0210198190652757 0.0752703224029524 -0.029677800105344 0.0828695144636689
-0.0422880033711185 0.076594579173117 -0.0813084424171348 0.0642256410846465
-0.0844709008195478 0.057420580258254 -0.0899539323255555 0.00549923793211263
-0.126904373516236 0.0273086506555122 -0.0426701718832574 -0.0450114945294054
-0.123328670085274 -0.0523746596711972 0.0306151301262488 -0.0285741591310933
-0.0996600321965897 -0.0875552610686416 0.116216916387124 0.066434273159912
-0.035975849706762 -0.0630335266431183 0.133836989265762 -0.014907861641557
-0.0808768568116003 -0.0545274944226256 0.142073600603126 0.0423487858498047
-0.104141005823375 -0.000767032851659582 0.125530535916883 0.0583802332021133
-0.0734596561158839 0.0362295996575747 0.106887333452466 0.0414593152003533
-0.0413879978648471 0.0525268292554905 0.0788835289301435 0.0366687341031378
-0.0217550073649482 0.0514795910626212 0.0615985880951287 0.0498491055698856
-0.0115797663657099 0.0523786729299678 0.0532402512096499 0.0583724045290566
0.00164908507584281 0.0526054579351683 0.0332373258829688 0.0656048630384692
-0.00155083495636949 0.0549019762495823 0.00129093439175736 0.090180309039801
-0.0225801059950751 0.0497878028136787 -0.041660547605949 0.101151133131325
-0.0358115468046021 0.0500715320606651 -0.0942334272837832 0.074226317273822
-0.0681356053321634 0.0335273468042017 -0.0923250057488841 0.0144462600562677
-0.102186933932274 0.00416188508181594 -0.0406594403449175 -0.026170695537384
-0.0879187026731318 -0.0649123207496956 0.0357394606884674 -0.00597776243318175
-0.0455061138237946 -0.0884496830088165 0.129920175356929 0.0919749468149055
0.00106095744729815 0.0611030635184158 -0.137561680368689 -0.115701914983185
0.0510036543062692 0.0421254319924865 -0.052337404602384 -0.0256794747456523
0.063407236898623 0.00893944920661675 0.0484470633216719 0.00484525420553341
0.0320077208269086 -0.0267107204300662 0.0957968179644644 -0.019403725256128
0.00895040059607777 -0.0185987101407211 0.111852745430554 -0.0816881746944286
0.0140883379878558 -0.00731192163814623 0.0657234561756729 -0.128135431011661
0.0218277591047551 -0.0169683924018225 0.00346619447715973 -0.120044167206289
0.0201560862562679 -0.0223165151946 -0.0366473418016823 -0.0909483522533551
0.0279263743487995 -0.0156385422114328 -0.0551770552409509 -0.0717614761846088
0.0283613038456608 0.00171389501853486 -0.0668248615485722 -0.0631522456359676
0.0224249360862191 0.00721380805533888 -0.07956452008142 -0.0492265111121938
0.0263644935283401 0.00484041908725226 -0.0933768640583318 -0.0491215407960819
0.0389630357267503 0.0263258572593772 -0.100777018024038 -0.0518184348998504
0.0137639759882251 0.0506181705803226 -0.127896749009035 -0.0115881323048668
-0.0243547794785489 0.062057284543325 -0.129964553242526 0.0363427994021763
-0.0587271304953432 0.0311730086695378 -0.114214698782211 -0.117974361731514
-0.00637534390966875 0.0234673369138256 -0.0302430816016726 -0.0218600973774721
0.005442888720928 0.011128443342599 0.0763348600460309 0.00393614697411808
-0.0110465639743818 -0.0101553117730327 0.112669548780989 -0.0259580608394885
-0.0188098898222461 0.0120003885011364 0.122494956353111 -0.0864128198814503
2.45293582250648E-05 0.027580561992301 0.0734359901343034 -0.128983924179319
0.0218433450276454 0.0222531021687504 0.0132284074637405 -0.122310957502475
0.0326210282597339 0.0146204761113313 -0.0282838081924842 -0.0918979287764609
0.0429600308149245 0.0244777132178259 -0.0492966884094863 -0.0691405025872474
0.0322311485351097 0.0428463115148171 -0.0615833153241447 -0.0539332094890153
0.0154149781423181 0.0554172317061187 -0.0777347836455374 -0.0410215132723517
-0.00795542107739507 0.0515664054745231 -0.092957683820557 -0.0460412393340949
-0.0181826239645813 0.0571049562547102 -0.0906955028942789 -0.0579522973939917
-0.0467669262550909 0.048791306886005 -0.106021252993487 -0.0131517964827442
-0.0885380145260961 0.0437334492880865 -0.105134054779361 0.0332764829938686
-0.111803804751118 -0.00336771450296576 -0.076963213561499 -0.10674708278159
-0.070499756673886 -0.00120735217056409 5.48448005998877E-05 -0.00093747758909548
-0.063479776282469 0.0158266667962675 0.111098088939679 0.0180252993934725
-0.0608057226319615 0.0168089354227291 0.136145282256251 -0.0251062848502279
-0.0446310274572821 0.0509220930186859 0.130221310102888 -0.0877856160463914
-0.0118153944650042 0.0641822365465994 0.0766013522433555 -0.119258892206713
0.0206131502180296 0.0600492176621399 0.0222453153188199 -0.109965070079705
0.041567131235841 0.0493867120411757 -0.0158808545781198 -0.0803951315668961
0.0532455829244106 0.0592893879490099 -0.0356324255995996 -0.0544753968063269
0.0336362066254049 0.0750196439867375 -0.0499320787963956 -0.0336314344401663
0.0123229150941519 0.0920499492435573 -0.0751438881044184 -0.0214872843294532
-0.0310892522269052 0.0907427060402309 -0.0947224710669228 -0.0356082020492666
-0.0621162387904184 0.0844213183083616 -0.0846743974315147 -0.0622487453638783
-0.0965217082460298 0.0456951038636897 -0.0779896989756244 -0.0221576425471347
-0.138531081186999 0.0219720500538703 -0.063573895150506 0.0298925388796425
-0.149084281847129 -0.0368084108814 -0.0270373679362614 -0.0848294329462594
-0.128612184532448 -0.0255283550609934 0.0364597266822944 0.0268857879907092
-0.131753390107276 0.0229529560054422 0.143352173723671 0.0389535788199722
-0.107689547544093 0.0498360164508152 0.157793656205224 -0.0159499805828998
-0.0634439221356598 0.0910242358500677 0.13378106786156 -0.0785519739640504
-0.0193152534787036 0.096368179858072 0.0766500153214535 -0.0961087513287146
0.0189985255109605 0.0904421389595464 0.0306868434400768 -0.0840590052821888
0.0450514544183305 0.0766974106559118 -0.000804712615166209 -0.0568160329415795
0.0542772284937915 0.0836420041977833 -0.0195446330653794 -0.0295764476359777
0.0279918683567021 0.0947784020082686 -0.0359654687156767 -0.00505556546248337
0.00431544552760493 0.112338311034051 -0.0706286802622723 0.00412347323697705
-0.0486700367348914 0.111534360492815 -0.0950574163386727 -0.0218790400422766
-0.0950244447269641 0.0984274477748315 -0.0784702357443105 -0.0644683852079897
-0.130801562063791 0.0359044360832802 -0.0483248904504377 -0.0355780191588803
-0.167340215924821 -0.00454167383409341 -0.0113763159143167 0.0272500448564169
-0.162087857739067 -0.0606364048387595 0.0284548090324386 -0.0588597716758469
-0.165630267986583 -0.045419926181751 0.0783764745194423 0.0496689612316158
-0.179704252831416 0.0266154066020285 0.165259704335301 0.0568594835813385
-0.139296269333232 0.0760730103584 0.165713648848547 -0.0013152743418745
-0.0726155388622579 0.1195925932656 0.129313799633132 -0.0570329895142569
-0.0213981189501558 0.115330186945221 0.0747868315433487 -0.0607396106081312
0.016238860433056 0.10792994118976 0.039497253385724 -0.0474796385615382
0.0417284528057944 0.0919774621837857 0.0143965320516508 -0.025428703132741
0.046422528422696 0.0971589463406304 -0.00401860506590621 0.00123900787093642
0.0132508394655818 0.102417234133546 -0.0243839271796761 0.0268364517274854
-0.0110569524713014 0.114990485065534 -0.0686081633689912 0.0302006610801856
-0.0665378208443125 0.109984967681764 -0.0945784800058616 -0.00880069302920702
-0.11870381284125 0.0909372482480897 -0.0699848946647618 -0.0641963444133597
-0.149411460781765 0.0131978079189034 -0.0180254944645291 -0.0456484428030948
-0.170084202607943 -0.0349918147547 0.0415822537497887 0.0293104387528999
-0.146409936013129 -0.072525716467612 0.081246274021987 -0.0367079994829041
-0.170533187839624 -0.0557233205418776 0.116329022221814 0.0592664988720149
-0.190984435644549 0.025502343322236 0.170575663503583 0.0631503163579801
-0.143468529767438 0.0849330199332329 0.157364227203398 0.0128917581289475
-0.0694291528055711 0.123630682669669 0.115501783069259 -0.0252081937531658
-0.0202361429096774 0.114135341763685 0.0711214905611004 -0.0185152101491729
0.0108653162753021 0.106961567113267 0.0478134904091445 -0.0067068285082983
0.033005149756337 0.0926799537067992 0.0261392369689918 0.00935128149419859
0.0312755861913824 0.0960490507059093 0.00567420814595503 0.0348127534827173
-0.00560276661385228 0.0964000925153387 -0.0216039048360072 0.0594613748314311
-0.0294318985744694 0.10300915529931 -0.0723178638016677 0.0539254040854258
-0.0817097927274329 0.0899221816698853 -0.0934218513845907 0.00206268763807824
-0.132233046391038 0.0655346426335797 -0.0590614831002664 -0.0578806592675987
-0.148353808822257 -0.0183760649995781 0.00870830339441901 -0.0452199825114294
-0.148381487953495 -0.0651068963644994 0.0879647339589848 0.0408037944136669
-0.103123589628221 -0.0713377945769241 0.11962664399841 -0.0229969489851752
-0.140909834180103 -0.0568032100591069 0.14203698843702 0.0542445234189608
-0.16301436066385 0.0184928514687294 0.156865843230943 0.0608401950850778
-0.11762434332245 0.0715345224271944 0.135027775180302 0.0268523303056394
-0.0562660778243856 0.100498583866783 0.097514523792901 0.00811388258513529
-0.0187121131598328 0.0908799985123329 0.0676984462381707 0.0211269079132435
0.00220292559333999 0.087564551216327 0.0542030959740153 0.0302538481379636
0.0198885262645973 0.0790332119399978 0.0334605503842743 0.041432300982044
0.0140695964683488 0.0813308320020987 0.00703794214158927 0.0670293697174274
-0.0185460855810804 0.0783916269138438 -0.0279864537615743 0.0865511571781496
-0.0395268222395515 0.0794624460888704 -0.0825447492831893 0.071341539960477
-0.0844984421952526 0.0611833793306344 -0.0938276316551879 0.0116010378985556
-0.127018971319419 0.0337837953342051 -0.0490900638859214 -0.044465637895753
-0.128152678450271 -0.0472549241576654 0.0280038576780044 -0.0313328127582052
-0.106147575305301 -0.0854848102895922 0.120215203972541 0.0618999733896243
-0.0408451089950615 -0.0619511278949772 0.13565056067786 -0.0183311747416865
-0.0854618211242399 -0.0509479144095423 0.147171187679151 0.0388722897742723
-0.105095566307766 0.00525244494867269 0.131882927002106 0.0553569509465839
-0.0728971451715798 0.0401296565268231 0.112030808967185 0.038168952021982
-0.0387348698377649 0.0557847870045323 0.083084605089124 0.0337540417741584
-0.0194321833590384 0.0520916576764966 0.065147551914181 0.0484273364533938
-0.00920996346094138 0.0542623629562615 0.0568068797977691 0.0568367122396072
0.00422329388261777 0.0524233417677596 0.0347508848193849 0.0656733814860364
0.000762306460513978 0.0547102461655064 0.00352803301740795 0.0926245681782436
-0.0207397027405945 0.0516555547779041 -0.0389838862897947 0.105718819018738
-0.0344530613604381 0.0521656416841489 -0.0945316102131414 0.0820653686610461
-0.0677575382759563 0.0368158575791535 -0.0956680031313634 0.0200608047168271
-0.102701566929193 0.00951411021131859 -0.0461898151602693 -0.0259763863465088
-0.0921649005186496 -0.061353669822854 0.0344050332942997 -0.00905557253100787
-0.0513269641236505 -0.0879645925557391 0.136162894116218 0.0871486826410467
0.00439885378183677 0.0592908364531895 -0.141019455390205 -0.109514531657037
0.0520291492047974 0.0385153672290875 -0.0533078309849644 -0.0218379705554893
0.0628090964543149 0.00575354206881369 0.050305551953716 0.00373188958584291
0.0296240363780524 -0.0272823450802855 0.0972498734708549 -0.02276840709726
0.00691289448201665 -0.0175745273798405 0.110562512503842 -0.0866218465768414
0.0136949995805343 -0.00751127092897279 0.0613724557295835 -0.131943247568789
0.0202322413491625 -0.0176329785986563 0.000461560963467264 -0.120085368834784
0.0185303415892281 -0.0228578438970625 -0.0383897625525188 -0.0895964577210406
0.0269642099035555 -0.0165701456715675 -0.0576761752916667 -0.0696747894638267
0.0285308068412402 0.000674091877030591 -0.0702736475466242 -0.0607511384908319
0.0227069406894139 0.00690289693395124 -0.0816685974564776 -0.0461874954973351
0.0253656255801162 0.00422218941408918 -0.0965346528847366 -0.0458990787250043
0.0395383015000323 0.0241135275742606 -0.104609632931609 -0.0495643652101203
0.0157761220646922 0.0487336912970272 -0.128092271074725 -0.00912433656407068
-0.021117109860448 0.0615245635429903 -0.129071057268486 0.0383116144307425
-0.0565554606002768 0.0324210907562177 -0.118755113428431 -0.112491225761237
-0.00648623253012 0.0217405842785135 -0.0311167152772645 -0.0187078600161259
0.00457074770819078 0.00921582050368624 0.0768297461340149 0.00264150183275377
-0.013787864105437 -0.00954890722457832 0.113392186572454 -0.0293092694559859
-0.020026457164132 0.014469841175275 0.119687951985238 -0.0918136573755393
0.000554330136445666 0.0285590913544131 0.0687754912185072 -0.13220600259388
0.0225384672182516 0.0219071314708359 0.00956777795796132 -0.12268821274201
0.0324801809631298 0.0139393306550359 -0.0306565998218223 -0.0909626610115675
0.043640072382126 0.0232347489549667 -0.0519703080357416 -0.0670777763462527
0.0340993219221504 0.042255870749642 -0.0644562934362234 -0.0517306128030581
0.0172835810626825 0.0553637235671207 -0.0802614950840723 -0.0378323026398037
-0.0080022153742527 0.0528133664866835 -0.0965704143002356 -0.0422423716627529
-0.0164121833179637 0.0573850833071449 -0.0960738947744328 -0.0559213092201218
-0.0451969155854729 0.0488534650088143 -0.106751604865918 -0.0111996046500961
-0.0859433146725171 0.0457903298780286 -0.105227763085977 0.0342042942976042
-0.111415396531202 -0.000494555347148446 -0.0807687397517517 -0.101810477527825
-0.0710003987246631 -0.000510810644489692 -0.000387097316053233 0.000820850879273969
-0.0640829713135445 0.0165579951705036 0.111861624930169 0.0149508221756679
-0.06248316292264 0.0184808801076326 0.136032162469709 -0.0286774020893181
-0.0447049056641404 0.0530550324210701 0.127256604529273 -0.0928599522906905
-0.0106023710993282 0.0660086745837916 0.0722576873172245 -0.122063310899585
0.0223936088128133 0.0599872115626975 0.0181117487448564 -0.110583477860109
0.0427693624765294 0.0484111834200398 -0.0176215007907456 -0.078676161310712
0.0552999127248609 0.0576733770308777 -0.037887009226382 -0.0522057237922501
0.0361986820390493 0.0743137479956419 -0.0524814501605173 -0.030501101608043
0.0154934337302457 0.0922581607744699 -0.0768602502226371 -0.0174315095384058
-0.0294433139787836 0.0925709477981311 -0.0986246682657733 -0.0309845728110779
-0.0598846660740005 0.0865582707621954 -0.0909292270062405 -0.0597371029147796
-0.0959410439632886 0.048110914907547 -0.080444142812785 -0.0207759407339863
-0.13738568115287 0.0262435287280132 -0.0631594499829081 0.0295707226965566
-0.150520435552562 -0.0322207488816495 -0.0301256417767835 -0.0810488372714531
-0.130429560987525 -0.0225377042728836 0.037908074698045 0.0279618169929781
-0.131274993722614 0.0264042408386434 0.145045620168867 0.0352046998840139
-0.108405112692302 0.0529700192549864 0.157138379764941 -0.020130534917109
-0.0619309926585544 0.0936553403351384 0.130939626892454 -0.0834228708353384
-0.0168444667457001 0.0982647713079503 0.0734130332987265 -0.0984279856782125
0.0214494351262036 0.0908581170530266 0.0269094031039494 -0.0846019159915772
0.0469106661092074 0.0755170572435766 -0.00233057492946758 -0.055538086348954
0.0576842601131519 0.0820777843102148 -0.0210111278387524 -0.0276366477836036
0.030745854136608 0.0949389353505039 -0.0374009262189427 -0.00199719094928962
0.00843620079220054 0.113079913432792 -0.0724443854654196 0.00875499710296705
-0.0463744717146439 0.113899262427837 -0.0988226356454597 -0.0170777641473282
-0.0918192821556984 0.101282485935382 -0.0852400167458936 -0.0620055423753788
-0.130973977288095 0.0392657103248696 -0.0510902377992436 -0.0354660114429822
-0.167428347250016 0.000522223822681653 -0.0117201771012747 0.0252573556897281
-0.165460732609374 -0.054880636771461 0.0263630653491184 -0.0572171645692225
-0.168015271808713 -0.039740946582333 0.0798612222715625 0.0490345250733213
-0.178780296835341 0.033743635711829 0.167834897471156 0.0523010348266543
-0.138348689442173 0.0809426560192937 0.165350299523849 -0.0060116491564105
-0.0690324870944279 0.122562224264008 0.126756310486221 -0.0617144457734743
-0.0179280467484619 0.117442327500515 0.0728510614223548 -0.0631729111340466
0.0198630650845719 0.108010161081426 0.0370417649664507 -0.0481793093459942
0.0447067766696437 0.0899916129016377 0.0128947584234371 -0.0242823242433322
0.0500373217426739 0.0953564184709125 -0.00473018682724228 0.00267327090197248
0.0161595063998348 0.10294238672999 -0.0250710116470425 0.0295962437890482
-0.00671216777271587 0.116322544089642 -0.0691792845062306 0.0349386579877005
-0.0644995094644614 0.113251279573328 -0.0970999072084095 -0.00337721553255551
-0.115904281294528 0.0951568739419096 -0.0766027778662393 -0.0606722134990226
-0.149770027310286 0.0175998533725588 -0.0219323613554135 -0.0460218124119131
-0.172035616811651 -0.0298166808438308 0.0413031062550463 0.0259599401996768
-0.150821192901511 -0.0672378500277793 0.0797033973605493 -0.0364450159101242
-0.173549539236421 -0.0496101940221401 0.118677224475025 0.0575956117356345
-0.189956564276367 0.0334347584398441 0.173100456447312 0.0581613927413681
-0.141586018207421 0.0901865980991744 0.157824224679782 0.00939889316418854
-0.0651876881089152 0.126453936372959 0.114154889545699 -0.0295328803082638
-0.0160916750613078 0.115593513034886 0.0706989436231118 -0.0207713713522397
0.0148851280171722 0.107121586325121 0.0466527238191605 -0.00810652086116829
0.0362281361117696 0.0910537484642882 0.0256670760943606 0.00926944020047677
0.0346505982251988 0.0947678073971606 0.00580870385173132 0.0360671083397546
-0.00279757825425422 0.0972227285910763 -0.0208682762467196 0.0614379212791168
-0.025477988182075 0.104310316038014 -0.071886338646812 0.0592459122752355
-0.0802395063197886 0.0934926709151243 -0.0957828145515792 0.00723903425319937
-0.129591581206368 0.0705857162818941 -0.0656283806645318 -0.0556424683948528
-0.149479634952328 -0.0129927834001786 0.00515325728074355 -0.0464639041087814
-0.151726266861006 -0.0600016799807032 0.0874950684308631 0.0359183659187094
-0.108154302252016 -0.0673350482099377 0.119142525802851 -0.0240016487340436
-0.144305759048371 -0.0508765879372976 0.144565284432209 0.0519490594987367
-0.162140000876856 0.0253324321003738 0.159686997252677 0.0566198626067772
-0.115697345846907 0.0766233345433946 0.136446415822668 0.023235685012065
-0.0519471251349994 0.102238776300071 0.0977990184293041 0.00396501293464411
-0.0155145676347773 0.0917054123753868 0.0689730108777283 0.0188496193704954
0.00589058480366406 0.0877860789278005 0.0549660115786504 0.0287295434059389
0.0224569088832796 0.077655595661256 0.0339426387944258 0.0406552757339182
0.0169542071686938 0.079781823870014 0.00852886277293193 0.0674477894949118
-0.0164658595110673 0.0796169274639068 -0.0259661134760593 0.0890017872984312
-0.0367916211433624 0.0806732097086212 -0.0810288484866585 0.0765749917514822
-0.0831853971482093 0.0651361284461941 -0.0954709615719797 0.0164487591335927
-0.12482429731128 0.0384764532889129 -0.0546694593056789 -0.0430773722492575
-0.130151937101331 -0.0419353093798102 0.0246017053538692 -0.0330530519121802
-0.11041450146105 -0.0816221174240242 0.12145220343232 0.0560769143053168
-0.0447031861261379 -0.0599662165153779 0.134978230142064 -0.0201651435201261
-0.0877213242848725 -0.0469058916361019 0.149606023627476 0.0362632323714704
-0.104071055109075 0.0108358227867099 0.13553949504047 0.051301202714921
-0.071408849229191 0.043163410748113 0.113731808268003 0.0355723353986597
-0.0356856930460458 0.056600434305931 0.0843717021421906 0.0308040040669854
-0.017080944518571 0.0527123136670698 0.0676320939682671 0.0463755313352942
-0.00660027499302542 0.0542389853178769 0.0582334410119054 0.0547041997008791
0.00661043665020231 0.0514599602001149 0.0360998532273696 0.0648040039973953
0.00254227503348977 0.0542258997541133 0.00575962019336807 0.0931920505219666
-0.019015465457495 0.0528749906626666 -0.036357714836442 0.108195828702669
-0.0321651471986003 0.0531034360864095 -0.0931476738683753 0.0871710550732497
-0.0670143845285713 0.0396167692257434 -0.0971083766776726 0.0244412916637439
-0.100581539883108 0.0137916049704237 -0.0501218021790376 -0.0247154140088249
-0.0944556733983001 -0.0566567903417193 0.0315982479771526 -0.0107001687783248
-0.0558158441675229 -0.0855493297354011 0.137866271080752 0.0820143315213828
0.0236343146875771 0.0551003183512133 -0.169835255135192 -0.0592560898408249
0.0610408881006523 0.0174249896855221 -0.059433103212648 -0.00146701072849534
0.0598139492770027 -0.0171285941970602 0.0491412363738316 -0.00842213997445201
0.0172448677737601 -0.0347775578005931 0.0886285957794614 -0.0515042568408627
0.00136066767263786 -0.0177358323179352 0.0789266880342515 -0.117841792414173
0.0114508369703452 -0.0124487677460464 0.0147622162803214 -0.144596286198596
0.0137444746310387 -0.0239283124787016 -0.0390243322960002 -0.113355729981997
0.00907864394618122 -0.0263070522423036 -0.0638695481589107 -0.0713141359295873
0.0194332747475011 -0.023344717223866 -0.0762067576993394 -0.0471331883440727
0.0271917759546143 -0.00804758137972367 -0.0864490054020335 -0.0348288720902723
0.0233566004566978 -0.000315856874301746 -0.0920326880801188 -0.0168396642078607
0.0247446065392065 -0.00307037432374742 -0.10681309487964 -0.0131946777250001
0.0440710360483495 0.00958321760824444 -0.116877293286468 -0.0153344805095485
0.0311265071399221 0.039994864161554 -0.123555402785559 0.027384772492158
0.000124497212563032 0.0632365524007887 -0.108970225806624 0.069975120796704
-0.0451373607528272 0.0494031133663011 -0.146895916879695 -0.0697227053512196
-0.00031955071054416 0.0217772599825402 -0.0350024491077059 -0.0069568067410127
0.00584350063216177 0.00565254970943021 0.0744442943220284 -0.0213389287894716
-0.0174873090832975 -0.00312734287276144 0.101069802010209 -0.0641206086496407
-0.0141978236838221 0.020839259379898 0.0852964672508955 -0.126519772669674
0.0104569782102145 0.0261820250566885 0.0204230674516822 -0.148024864730168
0.028117241466061 0.0133596740545941 -0.0322976204888813 -0.119172392142849
0.0340734791321736 0.00340241897750923 -0.0578953613766825 -0.0743843291073786
0.0479518585353224 0.00842249626765614 -0.0702388610840025 -0.0458693271472224
0.0454166925351584 0.0294117168983937 -0.0788300003186781 -0.0279888826140361
0.0341366351451469 0.0466503378265613 -0.0892060344067536 -0.00978293245380049
0.00871654650900477 0.0530964467013669 -0.105370811918676 -0.0101565746732331
0.00146977711693588 0.0583972928354587 -0.109667036834325 -0.0234852712351872
-0.0272529333238644 0.0599377777304676 -0.104580235496672 0.0207337962982833
-0.0672252095152867 0.0685839913267112 -0.0873351780456438 0.0618957122165805
-0.109786245817602 0.0365295887037723 -0.105362333938767 -0.0728525705715088
-0.0693792988942027 0.0225764049803359 0.00327830175893264 -0.000182654343205764
-0.0564584939055843 0.0356488273348452 0.11207473937622 -0.0240596501869058
-0.0537510192646638 0.0399549561353357 0.122087842108472 -0.0737915294003289
-0.0247597572001705 0.0649799651484599 0.0904571205077711 -0.131365964321674
0.0116518889598503 0.0648433112734429 0.0265305971972353 -0.139865164880017
0.0411621692100719 0.0501945128073464 -0.0207278718066479 -0.111221914029327
0.0537791350262705 0.0321355592799408 -0.042841652701358 -0.0669716476923979
0.0697260765395829 0.0366362353267788 -0.0534824515757608 -0.0354089480781026
0.0577877229749955 0.0597622941415314 -0.0614948363747139 -0.0122748164893256
0.0440149662505466 0.0824141057285037 -0.0805688355307144 0.00849988684486698
0.0010014800279407 0.0978085880156146 -0.103548237995194 0.000660079260017825
-0.0300245802046081 0.0997286802818152 -0.106191099320253 -0.0281670692024917
-0.075695690715483 0.0756513038916662 -0.0818693695374081 0.00477433634917818
-0.122733355761993 0.0656178848086703 -0.0490086279762538 0.0468775617217035
-0.158377446972989 0.020135296556896 -0.0485073719692796 -0.0691314505458159
-0.132941466186256 0.0221879952220628 0.0507877456377692 0.0113552300336021
-0.115876509964578 0.0682860183151743 0.150823731001446 -0.0193135718098314
-0.0843088766056134 0.0885328711882891 0.143592956228527 -0.0754885935630011
-0.0269464293692834 0.107672371207762 0.0947794335182408 -0.12476522627903
0.0161534332519966 0.0972953592984622 0.0340709736756309 -0.118819494391962
0.0504001694658848 0.0802394018421904 -0.00423933014606449 -0.0906587035900405
0.0671819399334049 0.0557137310511364 -0.0214906482846226 -0.0500720311772722
0.0795607006861111 0.0590319352678622 -0.0299721570494287 -0.0178896907538663
0.059136777365784 0.0809613174682144 -0.0384036440558531 0.0092739718654988
0.0441983723944799 0.103252614557822 -0.0679063061907944 0.031030178392512
-0.00839853752710843 0.123184936050367 -0.0992767363527089 0.01435751523899
-0.0555206307479462 0.123635517717717 -0.100788731209674 -0.031419964210567
-0.112270464749545 0.0795571756196355 -0.0589170679623757 -0.0162424768270929
-0.160130527162055 0.0503494013814696 -0.00272208364207829 0.0299701413856614
-0.180420830375791 0.0028036417834854 0.0142117122784929 -0.0633967411822928
-0.174889400182773 0.0196976832739203 0.0993736598936539 0.0176115414912507
-0.157204217705415 0.0917464079265932 0.177942903200551 -0.0136677640845509
-0.101914163611657 0.124944921414009 0.155070626226626 -0.0663505759198677
-0.0244580101636521 0.137065641833055 0.0960577554217277 -0.103304825462571
0.0214487815044987 0.11530540224984 0.0443541760247537 -0.0846671471191589
0.0544597993830626 0.0975210062397801 0.0167358795263989 -0.0602754951279991
0.0697883663986035 0.0700667901443851 0.00180274633246733 -0.0256406582101119
0.0764160351662421 0.0729888188297741 -0.00530671425762136 0.00580317793381149
0.04793366150932 0.0935950036478892 -0.0161635108484302 0.0354520575720634
0.0299441878722254 0.111605290068927 -0.0553587416478332 0.0550753011873903
-0.0255061720815892 0.128407839254632 -0.0930612868006196 0.0267462613870638
-0.0801726573900468 0.125352636671865 -0.0916344437463378 -0.0322924860257887
-0.136518717015501 0.0654788978688927 -0.0347466344309997 -0.0345484511751258
-0.174833015068436 0.0235765991442294 0.0471002081345851 0.0162276200265438
-0.169513889309994 -0.013125291956209 0.0713766633534279 -0.0603146439572195
-0.182766523095312 0.012948333082613 0.139924490731182 0.0127585913300015
-0.167359060614584 0.0956424522021919 0.184993444814254 -0.00944954798689681
-0.101009836595715 0.134659373866503 0.151233191458551 -0.0498684290104435
-0.0188309872105485 0.139110656497955 0.0937907425441437 -0.0686319609734259
0.022390879706357 0.113604736391954 0.0563567358071056 -0.0447436830305471
0.0497372597565114 0.0980296719851481 0.0392912582857618 -0.0257473170000333
0.0622888445937336 0.0731051282122741 0.0248703006898799 0.00208148866576584
0.0624660712997578 0.0771763459728899 0.0149886395652553 0.0336402815118534
0.0287526677451497 0.0936935914769945 -0.00185013462250004 0.0640671864969098
0.008405216139908 0.105811561682191 -0.049685809789358 0.0785444861963804
-0.0471632763641155 0.114363528880056 -0.0884700149839771 0.0366189043058281
-0.099864394339616 0.106740936001808 -0.07933075192381 -0.0302801521973459
-0.146462101371836 0.0363112581955089 -0.0103458454740928 -0.0426989342879589
-0.165559917742729 -0.0113186085931322 0.0923949066793171 0.0122747184990561
-0.12827414289383 -0.0281685206030311 0.112021640280446 -0.059067760969564
-0.154263846738409 0.00212616894169137 0.161321721364198 0.000849086050826474
-0.142419424045087 0.0800530023682929 0.171964349234878 -0.00670888190622252
-0.0808555710526302 0.112947114584017 0.13645648857794 -0.0282345478848699
-0.0139598598115937 0.112524684991876 0.0901751822865132 -0.03034460479137
0.0156637074603164 0.0912861267494559 0.0685233725162102 -0.00588926392416661
0.0353298003250617 0.0819553701491527 0.0588526197830046 0.00613923358579006
0.0452201113896526 0.0643636731944538 0.0428458597354611 0.0281771550102558
0.041151814535454 0.0690050514349686 0.0281353950405994 0.06206765668989
0.00977624938891744 0.0807253954475958 0.00206917335760057 0.0916444423228728
-0.00927714116837879 0.0874867944176086 -0.0521365795563687 0.0981170279148839
-0.0585157123555374 0.0879392028361558 -0.0852889993603142 0.0451943307070243
-0.105192589271882 0.0755717648437283 -0.0652122406125184 -0.0218177172604344
-0.1366324712996 0.00284065727560448 0.0114203821927897 -0.0357172283152432
-0.132265474729077 -0.043426966019283 0.128876373291162 0.0207867273723087
-0.0642927636799988 -0.042307185163294 0.126824561051691 -0.0589747583027916
-0.098817282997448 -0.0132207981041432 0.160022985860543 -0.0132020756724579
-0.0922940961744578 0.0458629483048742 0.147355173680612 0.000773596800210425
-0.0504249494144115 0.065276125732153 0.119171321535391 -0.00695476613783415
-0.0134791448041053 0.064316428774754 0.0877851474735294 0.000259490877183714
0.00171439593251531 0.0550350032088439 0.0777042745775548 0.0203925022958424
0.0116504563286356 0.054458333626156 0.0724751350616365 0.0303367560107781
0.0221818241984531 0.0457604108151103 0.0531403409032994 0.0496518327032485
0.0192917611163887 0.0487992469726551 0.0335570613335779 0.0866982796426534
-0.00100575407208574 0.055524314209002 -0.00179146287951513 0.112876851843159
-0.0134518682224521 0.0595414620627361 -0.0598097420318695 0.110948715153835
-0.0509539482955489 0.0580171846958475 -0.0842080387427768 0.0531859195709441
-0.0894121991971569 0.0442845529939304 -0.055799320712764 -0.00673085738425624
-0.106522334509334 -0.0220631183738645 0.0250887513097186 -0.0179156902214897
-0.081309860351811 -0.0637538532347234 0.151369498411867 0.0387845325942482
0.024614862796675 0.0541664777743134 -0.170736956625161 -0.058544348930429
0.0599526371609573 0.0166146045824298 -0.0589764676775479 0.000712286985975241
0.0581299844793637 -0.0177376265601552 0.0514145640549103 -0.00822845440498718
0.0165892999039463 -0.0340163751828688 0.0910116193627052 -0.0527681405499107
0.00116648767374816 -0.0158225688898796 0.0798853060541375 -0.120329882178152
0.0113302114002573 -0.0118902742749973 0.0147831039232354 -0.147075817726392
0.0135089008538887 -0.0235120956680426 -0.0381706483759758 -0.115468524188439
0.00875623058919929 -0.0255745536439979 -0.0629751734184933 -0.072615302948708
0.0190152680282287 -0.0234651749121685 -0.0773497226193511 -0.0475103942529501
0.0275085106133078 -0.00843806278261567 -0.0879210054316018 -0.034499700220217
0.0235446233978078 -3.06250471933675E-05 -0.0933700978910681 -0.0169321006049785
0.0237643088501359 -0.00212536821711878 -0.109180705477261 -0.0122629975332572
0.0442878997450942 0.00912436693977518 -0.120081576047483 -0.0159708291995957
0.0310709887646199 0.0396208471820915 -0.125493440120617 0.0260306248676495
0.000936063495809643 0.0627420894060902 -0.11208469337788 0.0683976290306674
-0.0454568093331321 0.0484193853287986 -0.14739459686055 -0.0691774171587462
-0.00209271720662961 0.0205748875588898 -0.0340017128279796 -0.00571373206320681
0.0042543251529196 0.00507078301941897 0.0761415024481009 -0.0213901563844286
-0.0197049200628007 -0.00193643582582102 0.103069151794143 -0.0649572834409779
-0.014516561900308 0.0232931381259558 0.0863388536591908 -0.128691718401448
0.0107318973818079 0.0275950720172555 0.0212585819279245 -0.149769875456687
0.0283234757965254 0.0147772378104049 -0.0319767130467424 -0.120183708290851
0.0336649081643431 0.00421422049187802 -0.0565354878416659 -0.074878045886238
0.047669317197758 0.00896714852725034 -0.0708585194536472 -0.0455132855946219
0.0463342368800868 0.0303674669662166 -0.0804226911106846 -0.0274473265334731
0.0345967691276045 0.04783769723013 -0.0905946449808756 -0.00896431925987489
0.00811352343177178 0.0551961791430927 -0.108116057871439 -0.00910379497104012
0.000852728129174542 0.0583473955558211 -0.114094843739445 -0.0225378648515309
-0.028194080448006 0.0601073266028661 -0.10652378876988 0.019481291747904
-0.0673878968900908 0.0681728029986975 -0.0899405825633911 0.0606804722879425
-0.110627810979595 0.0358354705050421 -0.104913325739886 -0.0713091987228674
-0.0717469056914589 0.0208027366613748 0.00462125840372927 0.00180724633899338
-0.0580831216086289 0.0350324768684656 0.113797926146675 -0.0232281698659267
-0.0564130971276587 0.0414873543921955 0.123905476088997 -0.0741380540623856
-0.0257731894838134 0.0675828429688939 0.091005771344076 -0.133123266452039
0.0113005555240458 0.0671654304924161 0.0268605762167612 -0.14129848055591
0.0412585921157704 0.0517279177168905 -0.0202694020671612 -0.111258364423876
0.054244323054657 0.032862457645014 -0.0420479862354699 -0.0669963024010927
0.0695815389264546 0.0371954386678953 -0.0537772976693004 -0.0344658518836236
0.0588547000813936 0.0608329482302212 -0.0629200549561321 -0.0107990741300472
0.0445608881793925 0.083488374853149 -0.0818165716274001 0.0104130176147687
0.00075964813753305 0.100516789436376 -0.105963714486912 0.00257897420358841
-0.030881146335392 0.100353630141089 -0.110280846709644 -0.026780965020691
-0.0773254755269089 0.0759711722491138 -0.0843782783568288 0.00392626511567983
-0.12382049996219 0.0654147580954879 -0.0517994752012384 0.0459098517964294
-0.160129871022398 0.0196801861401942 -0.0482210707207834 -0.0669153707783123
-0.135612420713833 0.0213404445685445 0.0519578639630691 0.0134909659775371
-0.117240742579397 0.0686122748679737 0.152432882578774 -0.0189562885763498
-0.087000211447387 0.0897094305985442 0.145294241234949 -0.0747301066228006
-0.0281843013597517 0.110679566339362 0.0948518806503944 -0.125924735917437
0.0162714264767964 0.100129227996391 0.0344732404917859 -0.119804246510984
0.0515014463818526 0.0815926731395675 -0.00407165746528578 -0.0902236480664604
0.067066434449753 0.0565983315820572 -0.0209480564688731 -0.0489376348660477
0.0798634686663066 0.0597428471086589 -0.0296527159924706 -0.0164851011699158
0.059784008105948 0.082704836009723 -0.0392826010555203 0.0111445476753796
0.044561923669563 0.104965201011993 -0.0683733471208392 0.0339607838112498
-0.00895965744568049 0.126344478212391 -0.100940956989728 0.0160515791990936
-0.0561519842781309 0.124906321962505 -0.105356367626637 -0.0293939768710994
-0.114277439532773 0.0800389918194839 -0.0615288882248969 -0.017021792222669
-0.162341325383679 0.050747551489532 -0.0046641685832266 0.0287315423709065
-0.182119505510026 0.00369807693767098 0.0153829345073456 -0.0612359464699883
-0.177581633621877 0.0196064295633142 0.101612275580881 0.0191346351239044
-0.158797615153433 0.0924605408676708 0.180322545533103 -0.0131110291164429
-0.103898761558031 0.12676979436713 0.156490510168126 -0.0665095035616659
-0.0245186749641466 0.139054488906698 0.0958091025537425 -0.104163846168712
0.0214990459315156 0.118079548877697 0.0452797818916728 -0.0853412809220974
0.0557198613216976 0.0984365528639567 0.0166076733747175 -0.0594166856271724
0.07000445569089 0.0705297996399041 0.00252536471001204 -0.0247044617086167
0.0771753260166471 0.073545897705287 -0.0049405317454463 0.00741772353959038
0.0486194910103993 0.0951752704850951 -0.0166277689903384 0.0375100412281991
0.030350053314192 0.112982180827007 -0.0561502015126569 0.0586077347542173
-0.0267950329755635 0.13065128597416 -0.0952872775388522 0.0296381162560792
-0.0809165570845905 0.126868158870455 -0.0962141100372236 -0.0300018142690984
-0.138760770369767 0.0662632005072742 -0.0376304379988384 -0.0347946683996059
-0.177013626343589 0.0238289991187147 0.0455733346470884 0.0151913256287677
-0.172134723425107 -0.0115582169575165 0.0735975413087781 -0.0573986577848762
-0.184798256240504 0.0136369657414343 0.142631767832689 0.0144765256687295
-0.167401223237882 0.0972057921867787 0.187789507188606 -0.00969061012167889
-0.102444867044288 0.136730078353163 0.153079466177039 -0.0493354845440096
-0.0187105276430744 0.140972246846446 0.0938186147394716 -0.0691988112330824
0.0225944932724369 0.115292298167512 0.0573721335877853 -0.0439919640290388
0.0508942309598505 0.0991690149330043 0.0394208013064717 -0.0246211128964482
0.0624806368610705 0.0736506249429095 0.0249003416497487 0.00272968771400625
0.0625381592854084 0.0774703881134482 0.0148773829978274 0.035714718711793
0.0289903576941578 0.0957213789414144 -0.00176391544553505 0.0664079854391692
0.0083675395819872 0.107393915244313 -0.0500709432756779 0.0819301813304946
-0.0477656652484037 0.116490395048637 -0.0904735945793134 0.0398552264956363
-0.100433550495544 0.10779345397483 -0.0839112898280889 -0.0286842975241328
-0.148343086822228 0.0364956261831167 -0.0121513854462815 -0.0421385153830573
-0.167778054228744 -0.0109952013879636 0.0920011888581212 0.0115480297378635
-0.130447983646852 -0.0267716527023505 0.114085364870286 -0.0566508546631783
-0.155503858922601 0.00352138336454814 0.164018271371942 0.00148162120264241
-0.142644897212195 0.0813731791131136 0.174941130342335 -0.00613659859728811
-0.081502973974957 0.114042161315313 0.138182284598237 -0.0276967131695875
-0.0137834024765897 0.113739410643035 0.0904506506872765 -0.0301545041709688
0.0163103742095723 0.0920163491884966 0.0697099634380914 -0.00568177074723927
0.0359090432169928 0.082762714152738 0.0594530406382884 0.0073111677293223
0.0458153319580663 0.0643649996550167 0.042455540502291 0.0297824870524089
0.0409093414307283 0.0691851850420067 0.0273613216632415 0.0639900711144248
0.0100992717294736 0.0819390569627732 0.0024208005048496 0.0939618016352388
-0.00979157247856861 0.0879726374667226 -0.0526317026700224 0.101300523141139
-0.0596863672352404 0.0894612653118984 -0.0876687397187699 0.0471666312912475
-0.105181171422792 0.0762223740268819 -0.0691032772304415 -0.0203265774498114
-0.138279664664676 0.00419842917049008 0.0103180526491616 -0.0354097741563124
-0.134819533586525 -0.0430778139486799 0.128773412444222 0.0203983471399811
-0.0660474461691155 -0.0404746949767015 0.129581697766919 -0.0573652778632225
-0.0999638336251873 -0.0122507584618642 0.162507559660809 -0.0120143559587942
-0.0914806566889845 0.0468227247506313 0.150196005603291 0.000155279094430263
-0.050318889318756 0.0663960763868943 0.121546935380234 -0.00665380923898041
-0.0125501768451839 0.0647999721455474 0.0890282231787483 0.000577511002706141
0.00218091490282436 0.0553367372176411 0.0792264639384718 0.0205275883653677
0.0123301857608764 0.0547022717979006 0.0724077957923523 0.0308787022087128
0.0223209340546349 0.0456457454393326 0.0530931972110244 0.0508641034264383
0.0189883574104571 0.048336081061917 0.0327904524583166 0.0882922614580222
-0.00042145433233412 0.0554910999794974 -0.00193400820325554 0.114791944060674
-0.0136357782085602 0.0598735629498929 -0.0596078312122492 0.11372402110586
-0.0516078097174904 0.0585866119678537 -0.0867167806135224 0.055641091084493
-0.0890407126831232 0.0444222600469223 -0.0590092390085612 -0.00547108613518018
-0.107148972481889 -0.0214002671991755 0.0234628824419634 -0.0176365130206507
-0.0831874762839993 -0.0635729600940268 0.151886253764506 0.0382856071631398
0.025260317215991 0.0538424813463686 -0.174926436829197 -0.0591127404022385
0.0602293407784697 0.0163616950677109 -0.0585870904508027 0.00194562939991226
0.057791219168613 -0.0188356846511134 0.0545004428883375 -0.00799030251001701
0.0160448866771792 -0.0330555748229616 0.0954242024139163 -0.0553171339783039
0.000821313843670343 -0.0146147480406591 0.0830213501897603 -0.125065064172818
0.0119738156336764 -0.0117081392480305 0.0153683658078712 -0.152191272099293
0.0134554072578326 -0.0241589469102612 -0.0385528272339218 -0.119597386269396
0.00826642951761357 -0.0254855888727833 -0.0639709273207847 -0.0760986492710924
0.0192254916625161 -0.0237217512082159 -0.0803279099263991 -0.0488396671354304
0.028531373358936 -0.00887370232806951 -0.0909320736120232 -0.0350800336986405
0.0245950743469826 0.000666620706356337 -0.0965698212538731 -0.0175800892177887
0.02386686677977 -0.0016373425851655 -0.113242767890805 -0.012085442980845
0.0444752466416969 0.00868430649510189 -0.125485587812261 -0.0160243340179697
0.0307895667575429 0.0402221001935049 -0.130058218841939 0.0251510970814228
0.00201473084413995 0.0637017797782753 -0.117200598465632 0.0684745442739672
-0.0470785259620649 0.0482812284562485 -0.150285871978985 -0.0694970531281657
-0.00402179509447544 0.0190695002243767 -0.0341291090453567 -0.00405925129168023
0.00254714392373229 0.00471359409178174 0.0803981825720518 -0.0214305559293364
-0.0218173949798495 -0.000522936312586472 0.107606490421361 -0.066465415241079
-0.0157226585168915 0.0260942670091132 0.0888743429696665 -0.133594573864055
0.0105736801499528 0.0299011755914197 0.0220537581335113 -0.154407585159811
0.0287606372704247 0.0160983387199211 -0.0319519963143249 -0.123906723849743
0.0341680829877468 0.00525179971220742 -0.0576819158157061 -0.0778915545367645
0.0491340303981169 0.00924793535400014 -0.0738840782308921 -0.0462287689888039
0.0475630315743242 0.0310774696859672 -0.0834991869348498 -0.0268910860854201
0.0362837615431931 0.0496501639811062 -0.0938161647412556 -0.00791396434147312
0.00761254016287622 0.0579508131345718 -0.112228720498691 -0.00753682977194279
0.0004609661626991 0.0599333350788214 -0.120152675567261 -0.0224655223045421
-0.0304510127426577 0.0612525031995779 -0.110779196931848 0.0185093935566137
-0.0689986884457151 0.0691432713794101 -0.095170012006423 0.0601915203646803
-0.11406511842505 0.0360276438342297 -0.107242909588529 -0.0711207371177547
-0.0757339462353624 0.0202902617130027 0.00576031792839975 0.00313596440311022
-0.0617474756575642 0.0355206435740097 0.118309951646908 -0.0230867948649303
-0.0605467844744115 0.0437248418935681 0.128787336227003 -0.0751676399398927
-0.0269374453554141 0.0714709596481459 0.0938730784679858 -0.1373234930172
0.0116289097005443 0.0709643984980585 0.0286130579260786 -0.146222076152438
0.042349223823267 0.0545188954685617 -0.0205800825662718 -0.114605427025077
0.0556074358504453 0.0344826812136453 -0.0423877347963366 -0.0684530175741555
0.0718645653183653 0.0383683026639828 -0.0555093577618448 -0.034484120515402
0.0606218100494002 0.0641167182272709 -0.0645006255717503 -0.0098303546270508
0.046356065941328 0.0862187809589948 -0.0844457398623359 0.011895935147592
0.00018894103355545 0.104355418303741 -0.110528132646939 0.00490133834528512
-0.0323674236470516 0.103311186165984 -0.116412311705305 -0.0258459244113048
-0.0810587864373666 0.078509810634991 -0.0882386732409446 0.00267202163911925
-0.128080667784312 0.0670581058076631 -0.0556801129962745 0.0454400259366955
-0.165090580097026 0.0199518651221198 -0.0482921119955103 -0.0664412940712465
-0.141235944039932 0.0212710585658872 0.0545029788259781 0.0153017785099103
-0.121920732340312 0.0700628890421904 0.157770018851028 -0.0185174923373717
-0.0919598427957267 0.0935527964060488 0.150339499139279 -0.0756571744318482
-0.0298916872715489 0.114782432848502 0.0975625249424931 -0.129466020356137
0.0164124039809741 0.104174744331985 0.0364010594931918 -0.122581825031272
0.052489943317633 0.0854352130280417 -0.00374108677099415 -0.0917986203364458
0.0685714194266489 0.0582421836199671 -0.0209786872879111 -0.0497414065154378
0.0824937327571955 0.0610999034096234 -0.030584367088889 -0.01591041856116
0.061809670506142 0.0863949866901147 -0.040312443012866 0.0134796752689439
0.0459566049188652 0.108317589178001 -0.0710258970914065 0.0372808940048604
-0.0102735852456698 0.13126434707307 -0.105917542491177 0.019695027902659
-0.0590812133194941 0.129117066108338 -0.111377885520339 -0.0278560429790952
-0.119870404717724 0.0823662781519483 -0.0654572228718665 -0.0177932548698279
-0.167934195888174 0.052054819064344 -0.00696097009037336 0.0286448866282036
-0.188817168929806 0.00442927592309806 0.0171030458499034 -0.0605458280009376
-0.184538753210242 0.0191046737299844 0.105922492856984 0.0218609224354453
-0.164088714448377 0.0942919526678982 0.186261549638362 -0.0126226756476221
-0.108742417430144 0.13125556243485 0.161947643645586 -0.0667083402024422
-0.0257666952553285 0.143814622037263 0.0985316374648968 -0.106225726378795
0.0225707920385184 0.121887388019855 0.0467240623377935 -0.0877436561806022
0.0571846548278957 0.102534595695714 0.0176836425104935 -0.0600229342765907
0.0717564608124448 0.0727782293587204 0.00388688183706745 -0.0239454844018956
0.0792524065795543 0.0754479920933848 -0.00548409495085675 0.00911256367177566
0.0501325203555229 0.0995945579079892 -0.0173012894399114 0.040425931752925
0.0312639497042266 0.116293871200242 -0.0574905997299742 0.0629001825468781
-0.0285137421646616 0.136374866557109 -0.0991760132765721 0.0334461141678583
-0.0837833262019093 0.131085519744218 -0.102623772669471 -0.028530788004413
-0.144611621089503 0.0683968937881172 -0.0408251797024602 -0.0350023697114758
-0.183818923424524 0.0248708883589091 0.0449405056600115 0.014764904130563
-0.178377988256893 -0.0106725173467318 0.0767968859986571 -0.0564086275769176
-0.191447804508403 0.014237626152513 0.148467632822264 0.0170413042257207
-0.171896448627415 0.100269726018093 0.193961176204399 -0.009510374508094
-0.106558246611847 0.141189407256097 0.158600108598293 -0.0495168946211717
-0.0188625157251832 0.145073491048527 0.0955160823759958 -0.0702352677621747
0.0236094564105151 0.119166657253825 0.0599407178448522 -0.0453545920287479
0.0530882613987526 0.102270482920649 0.0397435447242004 -0.0242131632755149
0.0644425924372189 0.0756839230834139 0.0259719154185236 0.00498770788981485
0.0639435353572591 0.0798204957501981 0.0154502135538584 0.0379416712596879
0.0301301630680034 0.100114744095766 -0.0022424030152017 0.0701743829855
0.00842781526953341 0.110656118964434 -0.0511410371348285 0.0871253779754175
-0.0508062552537549 0.121459689413863 -0.0947320776848617 0.0436126518587992
-0.104035546294882 0.111015110610891 -0.089282545489671 -0.0266925211171045
-0.15411298801304 0.0388407116854787 -0.0145902691810163 -0.0428765359197273
-0.174183345631488 -0.0102882997472471 0.0930304407747204 0.0111519584288858
-0.135454844631148 -0.0256635494354374 0.119315429324306 -0.0558299468730538
-0.16084850131128 0.00457496027420984 0.170566479782125 0.00324853784135814
-0.145526591625464 0.0842161005106742 0.180869450170127 -0.00550833049278414
-0.0843094205634193 0.118135877104254 0.143266634006987 -0.0275695844366553
-0.0131538731787882 0.117045733678081 0.0925467997901702 -0.0307416153170466
0.0173993948071592 0.0949178799405569 0.0726308655996377 -0.00532793670649933
0.0378882203441004 0.0851540645448972 0.0603556282808747 0.00841046883742633
0.0469120355699232 0.0655975473198463 0.0434149372445479 0.0321652382593271
0.042379003599549 0.0702689002848932 0.0278787106660015 0.0678361134689278
0.0101184256286895 0.0850650555369501 0.00184849536822439 0.0983101757092981
-0.00981210518807518 0.0906200472252557 -0.0539461436803432 0.106280173327878
-0.0622928847578785 0.0935402329972546 -0.0912927738375389 0.051818563908985
-0.107899336624987 0.0780292193974397 -0.0742779394278611 -0.0189185947344865
-0.142430310285673 0.00394562576175384 0.00861695382942411 -0.0362197956807976
-0.140467881226285 -0.0435359850788445 0.131459859240281 0.0204599661791621
-0.0689309760142205 -0.0402434735571045 0.136103837425136 -0.0564302332390293
-0.102713964860152 -0.0109611408420855 0.169451802606252 -0.0111662141935375
-0.0929526313202528 0.0487143668523871 0.156573303969014 0.000644936038999953
-0.0516576180212384 0.0685907159956787 0.127013496418932 -0.00647394306097727
-0.0123837080456114 0.0660624080108325 0.0922235070798779 0.000664728720435502
0.0019677216816463 0.0566550120592896 0.0826725965748455 0.0217630172674191
0.0130244735374777 0.0556898059809651 0.0740545711746964 0.0321997683077772
0.0231872964522265 0.0463065183177718 0.0542611926039465 0.053529881423058
0.0192484593752522 0.0490184594710002 0.033661910533684 0.0927377375130992
-0.00104628537946082 0.0579449590016513 -0.00195041063823479 0.119044201737019
-0.0141502432904059 0.0606451576834745 -0.0617190398273733 0.119433997125926
-0.053237166552842 0.0611641832267969 -0.090628192538265 0.0586338815577745
-0.0907464285426272 0.0451533361856367 -0.0635573410167684 -0.00449356439996752
-0.110381663951956 -0.0213302292007817 0.0229339158193995 -0.0178332633946197
-0.0868364664945698 -0.0641346838241019 0.155227223544525 0.0389569817860021
0.0275587813877595 0.0541371594504825 -0.181903802371591 -0.0578371817527834
0.0610805990847143 0.0152585718607511 -0.0594262777205611 0.00407985679701288
0.0580764249018731 -0.0205621911220064 0.058447872589842 -0.00906606420085619
0.0153765494125807 -0.0335430988721986 0.0997695417231422 -0.0600276249564013
0.00145088338916552 -0.013269799660833 0.0847706868269619 -0.133728643958515
0.0121053664113681 -0.0122159551605028 0.0128742700584632 -0.159936948441108
0.0132724045563263 -0.024973447250953 -0.0415408037482084 -0.12500043854836
0.00767984385982454 -0.0259041775669898 -0.0670074486126893 -0.0796044858995406
0.0187805784366236 -0.0243868935654164 -0.0848768299674333 -0.0492411055556859
0.0293390013003102 -0.0100852025633395 -0.0963134574958442 -0.0344888472839325
0.0261625216704077 0.00059805680478052 -0.101938180146183 -0.0160190138228449
0.0246389300746587 -0.000896109675596166 -0.119069323101209 -0.0098039718480047
0.0452248991432395 0.00738291914716675 -0.133154731911842 -0.0141528898296471
0.0322862747659365 0.0410716838435162 -0.136128244210667 0.0266482033321469
0.00449392268584326 0.0651110497510458 -0.123173123233177 0.0712369278240561
-0.0483209754939292 0.0496459370058526 -0.156712852614036 -0.0683808071584655
-0.0062015490071935 0.0196279263671259 -0.0336765642882257 -0.002190464791111
-9.83247043960978E-05 0.00457356992748102 0.0844554633183605 -0.0223602199630004
-0.0244482418634566 0.00124241896208852 0.112415476606697 -0.0708096096159203
-0.0164325145088925 0.0299035407746378 0.0912347498284888 -0.141669293119458
0.0116389784483531 0.0322421203130563 0.0201753893570955 -0.162881256438634
0.0302188461207869 0.0163634444842478 -0.034558872242031 -0.12893006524491
0.0350746047639506 0.0059466673341164 -0.0594936563428021 -0.0807675481185153
0.0505958152729786 0.00956463259110215 -0.0778461099303057 -0.0462827547674885
0.0501404313333362 0.0322297907395406 -0.0877940653810598 -0.0256076287256194
0.0388774129903596 0.0512754985879338 -0.098457169718271 -0.00546108581662484
0.00852843342339559 0.0613628107204027 -0.118557991944329 -0.00463931040252252
0.000127549624659969 0.0614901570225218 -0.128230540965364 -0.0196712500593521
-0.0317824614661549 0.0642831009331392 -0.116870494444041 0.0199762185363544
-0.070364878557227 0.0725797242829993 -0.100251666959964 0.0627994337477618
-0.119015261866577 0.0391216231906844 -0.110698969014891 -0.0708874034314279
-0.080391854675376 0.0214941933776226 0.00762646822885018 0.00492846384553212
-0.0652797907491387 0.0371725894166842 0.123382853695754 -0.0252611062591855
-0.0645029098222257 0.0483112285008317 0.134527737348635 -0.079120016244656
-0.027809443856421 0.0770077440006211 0.0957059178645151 -0.144578246022211
0.0134061830313422 0.0754284257548965 0.0273102572582294 -0.152738566285183
0.045105258595188 0.0565405126920597 -0.021866452047013 -0.118403076545515
0.0578538925291874 0.0354448837909377 -0.0439851443684228 -0.0707146714015943
0.0747848899405999 0.0391227937266746 -0.0581477693146535 -0.0342456026028793
0.0650068979877137 0.0661793687785026 -0.068131501375319 -0.00773998595235075
0.0500499439630322 0.0892855973883001 -0.0885101696932172 0.0161432901233041
0.00134615174951117 0.110621636821956 -0.116835285361005 0.00895783488299395
-0.0329049134412582 0.108084900489336 -0.124601993871498 -0.0225656155699265
-0.0851052445657109 0.0827977134038212 -0.0936994950187464 0.00386376491716672
-0.132492680895807 0.0714558984446143 -0.0599173126297713 0.0477303091328786
-0.172689220304366 0.0236772600152209 -0.049557227698485 -0.0660811639170851
-0.149423091828404 0.023796728305761 0.0589208176808209 0.0167803538125458
-0.127251003325518 0.073375436838371 0.164334407939052 -0.0204717631628975
-0.0969232562097905 0.1004091797692 0.157184461292794 -0.0803008391630243
-0.0298831339153631 0.121407087927377 0.0987237052781386 -0.135307625484465
0.0193632229539843 0.109703619774538 0.0354545389952325 -0.128300202126694
0.0566102687682781 0.0885637504675515 -0.00535688670087531 -0.0949240194112196
0.0725800003849505 0.0598338154590519 -0.021119564735947 -0.0510498434772523
0.0865947382490877 0.0621374591722308 -0.0320012549356437 -0.0142402203487866
0.06676000205942 0.0900951421143618 -0.0423346684687603 0.0160622517515392
0.0499884853902343 0.112275411350331 -0.0727447889594662 0.0424311147966507
-0.00850467077613565 0.138353742436309 -0.111113792068709 0.0250117557646407
-0.0598225188184456 0.13584875523359 -0.119509879461846 -0.0239984724792466
-0.124548689990707 0.0888462128160345 -0.0696549999683082 -0.0176048976913577
-0.174482878321174 0.0573905684389958 -0.00932441005397478 0.0283970961880545
-0.197208626167758 0.0088460525525088 0.0189509217665926 -0.0606463512883688
-0.193046264200882 0.0237446397145987 0.11207127875274 0.0225686892689168
-0.169163503352905 0.100731402475315 0.194234740796748 -0.015162687818865
-0.113626119655787 0.139879356607116 0.169068152151267 -0.0708134094309007
-0.0248903973347723 0.150965401593497 0.10015668815569 -0.11205266090292
0.0257105451850466 0.128550533506334 0.0478471347913652 -0.0917555269968797
0.0617375824291525 0.105996525313245 0.0170970085771722 -0.0610834333442177
0.0760314160239296 0.0744407669883298 0.00378401514732548 -0.0239876504654469
0.0834267630370043 0.077312457685209 -0.00501158602160602 0.0111446155108842
0.0551281365322209 0.104181621327267 -0.0167955833894829 0.0441897787521755
0.0346496110003876 0.121527475859933 -0.0580437907504201 0.0692146482800823
-0.0280404843417238 0.144267330972195 -0.104507438601879 0.03939056042968
-0.0853925979456451 0.138361136403884 -0.110320784262288 -0.0244693511155306
-0.150916685632919 0.074175712760375 -0.044657802314129 -0.0357175070946429
-0.19213933310788 0.0293912641009887 0.0445637751980555 0.0139183107516635
-0.186718015774269 -0.00693908488584065 0.0817525723701146 -0.0576914392494586
-0.200784476603591 0.019334159077198 0.156020051543362 0.0165474620388344
-0.177560219371145 0.107314252670133 0.202413192741646 -0.0121419725878702
-0.109346835023369 0.15010607728569 0.165366215502093 -0.0532369326694854
-0.0175262100406241 0.15185169871253 0.0981928863184479 -0.0738279076236682
0.0272725554522047 0.124767683930946 0.0622734406708866 -0.0476221300482937
0.0570127914157803 0.106027254487962 0.0417111968446507 -0.024569863764691
0.0680352063782518 0.0774516386791427 0.0275302430594827 0.00628558226387165
0.0676610052841585 0.0815647714930063 0.0169041589081137 0.0415998449148361
0.0336505688038944 0.104668947885215 -0.000291927308779237 0.0745290047278681
0.0105594861762109 0.115920757130043 -0.0510897670148923 0.0937179157487598
-0.0512975482624472 0.129143014988301 -0.0983287989395228 0.0503670416962215
-0.106263578903131 0.117746325027387 -0.096307786468924 -0.0234070550811672
-0.160666144028295 0.0436744306760081 -0.0179616914371279 -0.0433463406358105
-0.18344357540186 -0.00684879145700842 0.0952427272245788 0.00920502171450141
-0.142513304001665 -0.0224843441194484 0.126068072071919 -0.0571001645576868
-0.168783469128278 0.0083737911265823 0.180007292478573 0.00146122267737701
-0.149449780427503 0.0907093474312752 0.189863130774092 -0.00849290984600384
-0.0860547299995896 0.12460031334769 0.150017270153958 -0.0304341051105528
-0.0116085680312836 0.121299104369108 0.0957470173122092 -0.0329362683821973
0.019711847514618 0.0990684158022681 0.0769546936981969 -0.00645598848760354
0.0410244206233083 0.0877490057320166 0.0632030758889183 0.00871613776024673
0.0498397504562983 0.0671616113453877 0.045553273664416 0.034204213973413
0.0450034301998567 0.0721768115471342 0.0307155751150713 0.0714021461729607
0.0126444636555052 0.0892162381225755 0.00445780533076535 0.10375734556385
-0.00941734631728799 0.0949426979415312 -0.0538516348428985 0.114511098772142
-0.063662473357578 0.0983516835253314 -0.095683429290432 0.0583844942934043
-0.111095320938148 0.0834752385664641 -0.0801673984275744 -0.0163443188570324
-0.149373852155395 0.00773458995204541 0.00689153985073141 -0.0366768633514089
-0.148201375719384 -0.0420048054813097 0.136583868696379 0.0185046987384475
-0.0729241359439832 -0.039233028675411 0.142561188860946 -0.058882001803579
-0.107155806628904 -0.00883189705688434 0.178326233798295 -0.0139858552164244
-0.09443537236169 0.0524961285391754 0.164063937889737 -0.00170240637315833
-0.0526213805979056 0.0716196740295257 0.133146375556354 -0.00842424478083939
-0.0110256424424347 0.0684811618059398 0.0960650249577922 -0.000897466187081644
0.00368007280198945 0.0583573825513638 0.0871543942426707 0.0217610009165016
0.0148305097546847 0.0578290355191698 0.0776996465085199 0.0324777597586846
0.0244145691147777 0.047388203248595 0.0569200467760542 0.0565663917202222
0.0208074062357543 0.0504644368416339 0.0361560320500214 0.0973462828127862
5.3671564346101E-05 0.0606401150706004 0.000328078794335784 0.12562288858907
-0.013642954096976 0.0636829998193425 -0.0617658236449392 0.126843962410863
-0.0548769995029052 0.0651710023319092 -0.0946486677486731 0.0653517121125769
-0.0925539210273431 0.0484748026142407 -0.0686298731789549 -0.00204216569394601
-0.114820389778809 -0.0192892204416909 0.0221954599083297 -0.0182150163061053
-0.0926782626762076 -0.0642640428056072 0.162375208000906 0.0374655257984155
0.0301886453128552 0.0529892398516845 -0.189634193592259 -0.0521203577833702
0.0620910536941092 0.0132536396220991 -0.0591262348534094 0.00744482804697824
0.057256129826995 -0.0233853874897783 0.0621081796286003 -0.0107778937351525
0.0138937029114748 -0.0338452160541891 0.103101132142831 -0.0653622277001564
0.00163176191496012 -0.0115196253785962 0.0832698712326038 -0.14237816759707
0.0119540166129582 -0.0123183599882028 0.00707474454473011 -0.167493967391918
0.0125684981580833 -0.0258442159499047 -0.0472342861445738 -0.129195958618819
0.00691090055777441 -0.0254438063285975 -0.0712891595517487 -0.0818776598246851
0.0183530875531573 -0.0253940817949657 -0.0894509256066769 -0.047779612371085
0.0299386481954609 -0.0113926857265137 -0.101512756599683 -0.0316274972124087
0.0270062464477353 -0.000496156446156167 -0.106561596585087 -0.0122118044014552
0.0249249964518476 -0.00134765696694996 -0.124439398781732 -0.00440641689480155
0.0461172986918783 0.00509862148660338 -0.140473392853295 -0.00897351614969291
0.0351822673575428 0.0411510763500211 -0.141661400492106 0.0311437786372406
0.00804411021476399 0.0653669961267495 -0.127523155689866 0.0774990851129154
-0.0487257341546596 0.0519896491906373 -0.163210185919533 -0.0643347881155905
-0.0078978768856661 0.0196173074321625 -0.0335279983917077 -0.000374777546378003
-0.00201148545463482 0.00477253962371686 0.0873815510426659 -0.0251736570254551
-0.0266448355873061 0.0040498640788849 0.115558699233132 -0.076654295367372
-0.0151359550402471 0.0331112780767293 0.0898094796243296 -0.150346147797881
0.013561482359631 0.0340034394532078 0.0149700352873419 -0.170101932942018
0.0323540131323404 0.0162148515953704 -0.0399487045164619 -0.133200277199246
0.0363243204345218 0.00582290104777413 -0.0637359958960276 -0.0829236039994121
0.0522504080360743 0.00829123866400954 -0.0816094203605967 -0.0440862487511568
0.0535943370743629 0.0317869858285371 -0.092436376914752 -0.0220430168674366
0.0420524663136084 0.0519135002820385 -0.102400208233583 -0.000872698900981122
0.011316128915386 0.064621945884981 -0.123684489259348 0.00175553217306297
0.0012660737494407 0.0639200432206539 -0.135177884671966 -0.014881241708727
-0.0316758082568714 0.0679465518838714 -0.121019420069485 0.0236288704208788
-0.0697212394394699 0.0762524390717783 -0.104352462828659 0.06818258564753
-0.122300896605916 0.0435867153945702 -0.116209859235886 -0.0675486397949785
-0.0849880405206991 0.0248595471677372 0.00953688578958173 0.00605146355297542
-0.0681564842550285 0.0406889867317328 0.127683358432373 -0.0298311968394531
-0.0673406772469228 0.0535124240838179 0.137644126489139 -0.0853779222207916
-0.0261282414527272 0.0821825007007754 0.0938614437913785 -0.152595701792349
0.0166854185726277 0.0783495328646937 0.0225652478031007 -0.159080518836375
0.0488138833590216 0.0577298451439825 -0.0269809320876892 -0.121901737332874
0.0607945225285939 0.0354023333858829 -0.046770819800166 -0.0720583080293135
0.0790800123478479 0.0376338804973463 -0.0605829045041082 -0.0318505597344756
0.0703501068877225 0.0669396306791895 -0.0708195465785005 -0.00354812925948747
0.054897172554552 0.0914033332729151 -0.0904129919422805 0.0222951583639144
0.00602503738548392 0.116142920567658 -0.121231345567096 0.0161134566375869
-0.0306768463731721 0.113333895261475 -0.132148293330606 -0.0167913048941917
-0.0858854958688432 0.0895746314483947 -0.0983697154556779 0.00665891722128504
-0.134810946397013 0.0785615721817555 -0.0629684680799992 0.0501008750201699
-0.177867026355682 0.0309114349908013 -0.0513701523907594 -0.0651756106872396
-0.155260336879294 0.029586888582872 0.0623459833464558 0.0167375791757505
-0.130602593253865 0.0804639887046762 0.170040806475522 -0.0258431512558962
-0.09843000321653 0.108685319206147 0.160887105362533 -0.0869982912484226
-0.0269183519224181 0.128561687999982 0.0968730250992639 -0.143343515874501
0.0236482417329105 0.114359666183289 0.0326296752301287 -0.133854435853349
0.0624854081816174 0.0902693090472897 -0.00859897719195004 -0.0975357564337695
0.0766851642982211 0.0598202451634117 -0.0225311382336153 -0.0515301795979413
0.0918046733443881 0.0610135478183335 -0.0335098410007838 -0.0123131977609125
0.073334244763982 0.0922963556087657 -0.0428426215980789 0.0207859864499777
0.0555198561567867 0.1150264950189 -0.0736936727017916 0.0487302735627386
-0.00403958031691373 0.146255971025777 -0.114485904197493 0.0329864850572811
-0.05780678236385 0.142600473446789 -0.127235216504264 -0.0176870377633725
-0.127563167490741 0.0972546899906484 -0.0748961622375982 -0.015463550870705
-0.179316351977377 0.0666692420099994 -0.0111181467486137 0.0295680968713062
-0.205272482230727 0.0176220342668751 0.020030510027076 -0.0607429341986177
-0.200667017135948 0.0312658849548029 0.117760759620246 0.0203178175939405
-0.172422429420621 0.109865354225452 0.201058980371181 -0.0211596263514012
-0.115101379935304 0.150040496397323 0.173961262011099 -0.0777239566988316
-0.0207876406473115 0.157917812545887 0.0990084644821442 -0.118192103990754
0.0310518835116381 0.133276055887969 0.0467966262768517 -0.0962299066123157
0.0686598395009123 0.107974942829897 0.0160631253541988 -0.0628194823212878
0.0811391073876702 0.0742606067692718 0.0041932150758177 -0.0241758066493781
0.0892105584531003 0.0770091493816504 -0.00391273450209885 0.013555778320444
0.0613056941482226 0.107192785072254 -0.0155685505404553 0.0484703105137032
0.0396844510385299 0.125143856488103 -0.0569959840024828 0.0761440774975499
-0.024151180200733 0.152312697347068 -0.106693137918689 0.0480322831480708
-0.0838545019333936 0.146779603868637 -0.117309854238319 -0.0183589286075144
-0.154358926316117 0.0835435469715717 -0.0491148358894817 -0.0352190042225224
-0.198802857375244 0.0393342134546436 0.0445236730219097 0.0122959153476487
-0.19428818816208 0.00123823287069458 0.0846951149667655 -0.0597823756056316
-0.208198449335843 0.0285571589667936 0.163957168546808 0.0127288662249743
-0.179700824018034 0.117206985482451 0.209443679944333 -0.0188949854192353
-0.110387274588936 0.15986044253652 0.170911002247559 -0.0595814133935171
-0.0130039944619618 0.157779521675915 0.0983605957482824 -0.0786099812300995
0.0330665399815834 0.128006636601689 0.0629952521030889 -0.0508504043804245
0.0638786183546036 0.107203339401764 0.0423433061990328 -0.0255184995744839
0.072659934965625 0.0768949465928288 0.0292446654459464 0.00672019261907774
0.0729451851087882 0.0815596639469612 0.019542811486298 0.0434676818186381
0.0396444880026489 0.108507949130347 0.00314791844189705 0.0789110227684062
0.0149697576388693 0.119348323626663 -0.0489895649263529 0.10191737122846
-0.0485746566322239 0.137154162130682 -0.101169412519677 0.0589720829100448
-0.105800071914718 0.125995362680495 -0.103669889032954 -0.0174145500322683
-0.165227371282311 0.0519690479066897 -0.0211073070837871 -0.0438644201987039
-0.191388891790398 0.00107797532894667 0.0973045237386589 0.00617550280836645
-0.148281883147475 -0.0162659940531934 0.130815947667894 -0.0615002925850905
-0.174411479465427 0.0160459387540745 0.18799176855115 -0.00373701565077244
-0.150505199871525 0.0984451630515412 0.196535438371241 -0.0148070409829154
-0.0853630497589562 0.133103177115726 0.155510381477369 -0.0356843148199116
-0.00774968043631013 0.125496276113787 0.0980717427328514 -0.0362361815727931
0.024188475967942 0.100859904575532 0.0801116202076179 -0.00871033288162346
0.0464611408763856 0.0894716422079966 0.065569694512542 0.00825114686726769
0.053437832941457 0.0674897687663663 0.0493169715260239 0.0351111913851415
0.0490645222621539 0.0728755928561527 0.0347758564263245 0.0745959164702696
0.0165528276692207 0.0932533793887188 0.00914884822745577 0.108454020231335
-0.0065870015757321 0.0985951916110449 -0.0516604442147071 0.121718886931695
-0.0632908514657982 0.1058750966547 -0.0982459916718661 0.066568504925803
-0.111842732603392 0.0901561927241857 -0.0860958870638581 -0.011138356462768
-0.154524044746877 0.0139897017652308 0.00465054224029503 -0.0376478720920814
-0.155913177742567 -0.0365932712095326 0.140282844866647 0.0139154380907139
-0.0776358457710273 -0.0362483720176621 0.148681682800864 -0.0631158618010984
-0.111117285002847 -0.00429755626289923 0.185990979802359 -0.0203976228230843
-0.0950354607558467 0.0570672454399873 0.170875979370751 -0.00772597738517881
-0.0519902766755328 0.0761367258848162 0.138757947633302 -0.0133316203451865
-0.00850883910326548 0.0709651162591991 0.0995521069686921 -0.00318248568547283
0.00565654109823403 0.0596947515477922 0.0920287057636784 0.0192893885288636
0.0181367070546066 0.0583565002461615 0.0811907630718951 0.0316339211514099
0.0265019330586243 0.0471731123746005 0.0612546639363963 0.0581863408204725
0.022657591136669 0.05045960807358 0.0407250236691142 0.100779008624715
0.00244889792515404 0.0625970306476474 0.00417112635753285 0.13167329462344
-0.0118191018332821 0.065388141020868 -0.0598064769919446 0.135531939905483
-0.0545865125687226 0.0696053179250764 -0.0972303758235492 0.0729149478947883
-0.0934808525477427 0.0534009816133968 -0.0732697657737161 0.00280047142628642
-0.119008267862521 -0.0149725637558806 0.021203542802011 -0.019647773185105
-0.098805998616005 -0.0620559062575681 0.168498053715247 0.0321404735082246
0.0352868847925824 0.0476127160967137 -0.197430516411065 -0.0235554914298011
0.0618552817299358 0.00365633127911519 -0.0584985034513967 0.0187245949675427
0.052894130949052 -0.0331588333924556 0.0624598474316233 -0.0169209004677089
0.00985265756459029 -0.0373793611352103 0.0964978664599102 -0.0802784122638521
0.00128187601752342 -0.0146709656534112 0.0632644785278992 -0.157033035939513
0.00819206953794504 -0.0174031329486667 -0.0178641183976788 -0.167733483780423
0.00596626966773453 -0.0293357162502896 -0.066996902922416 -0.123028434646989
0.00170545967093406 -0.0257771076191014 -0.0820139529239486 -0.0733843927997274
0.0134023664768881 -0.0271641542462068 -0.0962581943951476 -0.0366391012669506
0.0279208033666753 -0.014759914064528 -0.107613174694948 -0.0187741809822373
0.0271752525800559 -0.00330830606142631 -0.109855995306659 0.000945571805871229
0.0260196329219441 -0.00261694630430294 -0.127368234849604 0.0108275037191613
0.0469676516877009 0.000543637704977562 -0.145634064578784 0.00766402876368673
0.0423964264626198 0.0370278280307268 -0.140474166236891 0.0459902997645033
0.0184684240052428 0.0641415988897834 -0.120706818770314 0.0899840185524697
-0.0441853922706873 0.0600118416613771 -0.171594995693818 -0.0419831435046355
-0.0067117046208577 0.0216666635287108 -0.0327488103787568 0.00425152551908828
-0.00217553472787073 0.00406237188562427 0.0851957368591383 -0.0380119469412734
-0.0260345877563839 0.00805809466451528 0.107363758722388 -0.0956622731233351
-0.00943548807284557 0.0329329457164444 0.0665355413672433 -0.166686734283453
0.0163742713658716 0.0289795666852863 -0.0113344929780307 -0.171882069022141
0.0332054451954709 0.0114191684070472 -0.0611393479277774 -0.128285833847678
0.0355169064760415 0.00179463624606926 -0.074842618914716 -0.074435169765624
0.0536071340650542 0.00152735027714841 -0.0882961530102174 -0.0333078509095917
0.0591723300170342 0.0258297171778767 -0.0975663638213415 -0.0106799301632858
0.0503413800996785 0.0472332615097379 -0.104810860780262 0.0122441520730233
0.0217043496613318 0.0671375123207391 -0.125720376344415 0.0160403151920044
0.0101158628668883 0.0657776285347673 -0.140240873624835 0.00134112017750625
-0.0214254988904429 0.0738010932071187 -0.120500057006622 0.0378659260285028
-0.0597215292196146 0.0863563260398259 -0.0968160901208984 0.0804767477092958
-0.118715661492211 0.0642867533822545 -0.122031915586342 -0.0551290042270811
-0.0824473657710351 0.0391828946692885 0.0124191646595562 0.000842329269242257
-0.0623798010279441 0.0506982298058205 0.124215385024797 -0.051697244474072
-0.0580775357173049 0.0646030532637202 0.127007040126005 -0.110530423997443
-0.0129615892981215 0.0840989362766331 0.069059002539607 -0.170194471388761
0.0270188984333136 0.0734750162879239 -0.00368904928725143 -0.162256559800843
0.0581547518251607 0.0505127811624269 -0.0471981399201402 -0.119600224737023
0.0640771686845906 0.0279120904585915 -0.0567562314760085 -0.0656640504099889
0.0849477094377113 0.0269667265673589 -0.0651749231541687 -0.0231937587248441
0.0818934494868556 0.0585315602781888 -0.0739396411334568 0.00547447047729155
0.0693957003004145 0.0840231071111478 -0.0899032294146724 0.0337285971972699
0.0242602904794389 0.120369066606607 -0.121253593666042 0.0301703517287946
-0.0151097276605728 0.120519829877924 -0.135915083724896 -0.000923554318173801
-0.0742395384673479 0.10380379022875 -0.0983282288996079 0.0204399298608624
-0.125824085594035 0.0979345316941825 -0.0564544074530973 0.0591959906182065
-0.175923870297635 0.0614389869429314 -0.0555937550405417 -0.0633069410706549
-0.150168111887829 0.0561261841652472 0.0684488974067665 0.000560489039597194
-0.117306741174627 0.0996677446009988 0.166331716109749 -0.0587841773005765
-0.0800803446631733 0.124652850978922 0.148379037644643 -0.118531347399961
-0.00668490608004483 0.129963970487879 0.0712505093596643 -0.160804695573219
0.0398593406287789 0.108356971091242 0.00918103267297726 -0.139399843670105
0.0781015208097363 0.0812263917739304 -0.0258753825974016 -0.0980667254111105
0.083957882239339 0.04964071378861 -0.0299386434088725 -0.047759798290021
0.101922547751102 0.0487771065946179 -0.0342891689265787 -0.00690991554671699
0.0898529459838041 0.0838039119616685 -0.0418375259895737 0.025807701087603
0.0734071733818348 0.108410386420137 -0.068995885278109 0.0591453114346132
0.0195583626924524 0.151735771331852 -0.11251604237568 0.0458893323136052
-0.0374848956449107 0.15445186358827 -0.129736630163691 -0.00247059467362313
-0.115073079068723 0.117179063130679 -0.0762633118273098 -0.00407051230697233
-0.173547712344241 0.0913619948287551 -0.00613572777879385 0.0340768124203211
-0.203107717272769 0.0517900517515432 0.0178848734116081 -0.0704509219237105
-0.194265976188422 0.0646652172310085 0.125228985950427 -0.00517970132355712
-0.153330040042779 0.136350381211648 0.197211215449775 -0.0622128216517792
-0.0882169391161312 0.168938443687723 0.160583268957283 -0.113887975808196
0.00394216121428218 0.158581213796678 0.0760305073168141 -0.135069758395855
0.0509063080688841 0.125998531474774 0.0283700297188329 -0.102845601905947
0.0882539617810633 0.0978941952297007 0.0028793849801705 -0.0678269153603163
0.0900532370664816 0.0631070682419528 0.000662989704355423 -0.0231793606393805
0.102069622971655 0.0637613245379084 -0.00258336127997626 0.0160342824195966
0.0801227080073844 0.100382324470909 -0.0109891758057559 0.0507148223915551
0.0591724031884988 0.120643846751287 -0.049130653051345 0.0844163580451398
-0.000142059477685093 0.161722118692175 -0.102893906875069 0.0604312329906476
-0.0637245508102593 0.161797781324362 -0.119328180754497 -0.00359214083667352
-0.145381238480365 0.107643050443683 -0.0524667819228562 -0.0259247181011247
-0.197638671455912 0.0665131350458988 0.0476121392941864 0.0117049623693772
-0.193850519107551 0.0338928836512304 0.0834544604088606 -0.0784173586211207
-0.200207167958645 0.0620567994124411 0.170473862808107 -0.0204231826189887
-0.158567002537225 0.144767993917167 0.205887151483568 -0.0611063533813467
-0.0813680750978407 0.178562668550476 0.159575506883758 -0.0944164000507264
0.0127922947910113 0.157678647376046 0.0808059206914211 -0.0949872174262743
0.0520751614754528 0.121286392259738 0.0520357877400039 -0.059596917186567
0.0840372989013198 0.0983308365704382 0.0351259411456423 -0.03359478380472
0.083111945995828 0.0670538680397931 0.0300317175607345 0.00401368693929764
0.0868779600082387 0.0709707914262857 0.0252320940997942 0.0430851518123829
0.0585342361943445 0.104724879794838 0.0116187170616754 0.0797090275626951
0.0332908702802371 0.119310034063324 -0.0374182478435064 0.109118014825526
-0.0273340989889449 0.149583631970345 -0.0948075797452034 0.071161036209542
-0.0884296371439894 0.143847044107349 -0.104045863857328 -0.00392258283165344
-0.16046612104949 0.0770859435802762 -0.0259216689317082 -0.0374169236045394
-0.195092282180645 0.0263758044000085 0.0990988605143623 -3.71911906381894E-06
-0.150692215063111 0.00767575647600566 0.128682689944281 -0.0841774459005893
-0.168038525326674 0.0447357565891459 0.191874566462215 -0.0392362655591369
-0.13135867255619 0.121461636197511 0.193866802838252 -0.053515468856951
-0.0612917196244812 0.146290736996144 0.14868050917844 -0.0666979803076435
0.0134220778378363 0.124582181733894 0.0882117616568204 -0.0514290947919793
0.0409846380780517 0.0956556002615865 0.0756604902073177 -0.020285988047254
0.0637707634419726 0.0825226495758351 0.0641112094916832 -0.00321005621031038
0.0628537391430207 0.0597674432687849 0.0535328822416692 0.0305468449952137
0.0611765017563148 0.0662451804859922 0.0437948663673824 0.0725484892587117
0.0331494679020754 0.0925044614989841 0.0215515485606213 0.108879592983956
0.00939428351691005 0.100196666279696 -0.0367426760423757 0.12998903841139
-0.0461280396899898 0.119929988393336 -0.0902258181914281 0.0787568411821989
-0.0990224432863627 0.108106689469725 -0.0866605813294066 0.00136914828045899
-0.153565886059432 0.037338202853038 0.000937942477284472 -0.0341896984988202
-0.164184532179282 -0.0162012143712458 0.142855705359861 0.00220436813119145
-0.0823740324379581 -0.0246683718059213 0.144690543175469 -0.0860715734956801
-0.107763618097831 0.013135352002912 0.187414772109394 -0.0528377214555546
-0.0828987082481402 0.0709265824448305 0.170636875622061 -0.0386524796531497
-0.0370544650362262 0.0839699186878687 0.136893391722101 -0.0386855297341427
0.00426968445249701 0.0700606567563056 0.0973586739804861 -0.0190557794286329
0.0170298364533725 0.0567334714778267 0.0940108803446959 0.00531781270484447
0.0294569228966932 0.0559996175155489 0.0846319727220823 0.0189224926514922
0.0333474153750957 0.0426661969247214 0.0683992629688949 0.0515954406136254
0.0320748624356991 0.0474879290283874 0.0535956405342286 0.0980215742809683
0.0137090321227195 0.0631001929381389 0.0205492788742312 0.13275279358172
-0.00103912191470449 0.0679768087445396 -0.0440951104057309 0.144027668540161
-0.0432971294232711 0.081147537089918 -0.0887858527233427 0.0852500867514487
-0.0857334133587251 0.0674239471549835 -0.0730188045160648 0.0134231136272564
-0.121232513536287 0.00266652572609627 0.0186480622350152 -0.018569990931957
-0.109294506038056 -0.0498792261372977 0.171846603763481 0.0166019328921445
0.0364941929606929 0.0449024384090546 -0.19805608423786 -0.0179700842162486
0.0607337354201505 0.00225507209313319 -0.057431528749704 0.0202337782699051
0.0504005689080995 -0.0333412608485612 0.0642845618375521 -0.0186830542670523
0.00824641634543177 -0.0362717276470906 0.0973923937577388 -0.0838829089665219
0.00230914636322828 -0.0137002739004982 0.0601385976991734 -0.160079476200638
0.00809661736331493 -0.0169656770186578 -0.0230733337414367 -0.168292478766889
0.0042168957686454 -0.0291505085886387 -0.070306124158695 -0.122018767315872
0.000958304050608856 -0.0246698403662856 -0.0839834003929062 -0.073399666062709
0.012891031070606 -0.0270945844629088 -0.0975553605108243 -0.0339616539334658
0.0274942140769534 -0.0154897619151602 -0.109116615077916 -0.0158997649910725
0.0272574485968471 -0.00409624420400405 -0.110279923362598 0.00401105556137353
0.0255706785999895 -0.00247515384777413 -0.126911209973824 0.014810736978292
0.0459232271923594 -0.000343671624162592 -0.147408903312834 0.0116659611400261
0.0432299348297148 0.0355399636367833 -0.141953269228473 0.0487141277367994
0.0204239975441379 0.061660077429829 -0.120458066758087 0.0921876985069462
-0.0430480654711547 0.0599883990913365 -0.171395516143245 -0.0372496212647282
-0.00805558305718125 0.0222038492043506 -0.0319882191285895 0.00572025900296968
-0.00406127514924048 0.00530194641009738 0.085865517700665 -0.0395768946670314
-0.0265832373967326 0.0107508074090455 0.10826761943136 -0.0986552137724104
-0.00758135896220439 0.0355233542325862 0.0636552161913783 -0.168902488418435
0.0178168967291525 0.030299084347443 -0.0160499934673775 -0.172342523210594
0.0332998725971032 0.0101800470307127 -0.0646076845496302 -0.127257244473868
0.0355982293408154 0.00194714173220597 -0.0765411644411005 -0.0742593474503806
0.0533242517385197 0.000826093035593706 -0.0883395606748782 -0.0311178927328233
0.0604803178371238 0.0244275633003028 -0.0979743246233582 -0.00721755440227651
0.0518231644615747 0.0461816842058901 -0.104547515031114 0.0159260215826925
0.0239709925030312 0.0675355688892102 -0.125971800927811 0.0206786185712037
0.0104862183858434 0.0662187936532173 -0.141609434035218 0.00630351352340427
-0.020033953880648 0.0745637741447199 -0.12159360938984 0.0405976531221426
-0.0575538997321622 0.0865748944368289 -0.0977258563552356 0.0826067552139485
-0.117635712063642 0.0668343152780693 -0.122004813752105 -0.0510213807292662
-0.0828116527695361 0.0416986036467251 0.0132250497579701 0.000759156463127364
-0.0632618494849185 0.0525790787450122 0.124428664517758 -0.0546962480633687
-0.0578911098685532 0.06864618478304 0.126920188264157 -0.113849143447784
-0.0104763223986016 0.0867518301044916 0.0650866348698933 -0.17180312384515
0.0295085844045519 0.0749902151850775 -0.00743795609986894 -0.162823215725577
0.059697340690052 0.0496323119916103 -0.0503181790981636 -0.118171064563015
0.0653660282597919 0.0277035448324905 -0.0577488951952006 -0.0651953883512893
0.085691230198641 0.0255664694956976 -0.0651610263613421 -0.0201449963156418
0.0842202046128223 0.0577217608041497 -0.0733747578672885 0.00874057357307143
0.0720805771972492 0.0828813171403893 -0.0886389834410389 0.0377040284682973
0.0280672736895442 0.121142552368492 -0.120628265078484 0.0357376077154261
-0.0130993701966492 0.122155906791132 -0.137500146585022 0.00487216714123761
-0.07246235792662 0.106557291836158 -0.100096419167564 0.0226514884615686
-0.123630844413407 0.0997791835794182 -0.0577739594388663 0.0609900580516417
-0.174252006808011 0.0657119515762254 -0.0550950317108265 -0.0613375061911833
-0.151165353754184 0.060266785621513 0.0694119658325518 -0.000363209765475046
-0.116831147414922 0.103349453417719 0.16651428402095 -0.0619116551663426
-0.0784614228315128 0.130065853582303 0.14825881151032 -0.121663509530998
-0.00365910250009415 0.132155810901453 0.0679926044702686 -0.16237070368821
0.0432947051615018 0.109124381975731 0.00648083757795362 -0.139690199315766
0.0808092029893099 0.0791552690478348 -0.0280511499023284 -0.0968269697238032
0.0853071769423398 0.0485341750110493 -0.0299956899359063 -0.0474344728135836
0.102582498051979 0.0460511353746741 -0.0341867111067033 -0.00488701909186604
0.0929239909023623 0.0823564716818563 -0.0406871670316782 0.0283318232290992
0.0765782632635772 0.107717983333331 -0.0667867934261112 0.0626608512326748
0.02394946662603 0.153403316824365 -0.111777088711983 0.0520190966263565
-0.0343986684135202 0.156471601114454 -0.13069032829585 0.00384058568662032
-0.113252529556642 0.121476031260284 -0.0782433074057815 -0.00203938548085262
-0.171528186601437 0.0958311966747513 -0.00801057727627975 0.034425213422851
-0.201984680609446 0.0576563313128905 0.018568849916394 -0.0703091679837393
-0.19440881908554 0.0708255183308792 0.126393772071364 -0.0081111110480551
-0.151898121481101 0.140651682286674 0.197415282839906 -0.0657179011156669
-0.0860194642824241 0.174010891176415 0.160870558133454 -0.117025151317503
0.00775749475726773 0.159716031804298 0.0732734038554423 -0.135396143206077
0.0541380571977775 0.126484547420419 0.026205140798519 -0.10360123567663
0.0920516161790392 0.0955130639636606 0.00166470309312392 -0.0663609523199153
0.0922122313712396 0.0615923409596985 0.00106559612123547 -0.0232584972859452
0.103586619536175 0.0614700747734888 -0.00109461538989513 0.0172998453824298
0.0847103831736774 0.0999987675306112 -0.00820589951459501 0.0521491259397866
0.0625489345030331 0.120071817131387 -0.0461329864611341 0.0881501884093388
0.00480517903282494 0.163796513700632 -0.10117447429525 0.0657860438261601
-0.0597995183067081 0.164471957762632 -0.120202452691695 0.00230680783686809
-0.143813803788046 0.112353345345832 -0.054758991243 -0.0238369512935986
-0.1965137444225 0.0723446831344458 0.0462185407420448 0.01068415993711
-0.192863147156967 0.0403872626058537 0.0848885422447292 -0.0798669581668192
-0.200561930941811 0.0689168696071819 0.171869692343389 -0.0244204830659503
-0.155844309430147 0.14909712840853 0.205972321620932 -0.0650205279442706
-0.077598953599292 0.183132850291024 0.159446113141385 -0.0982439738215176
0.0159513633104473 0.157851179444234 0.0792225675067158 -0.094947252157773
0.0555166983072531 0.12064125810587 0.0515310877015153 -0.0607321840954001
0.0874686679714056 0.0956428440966908 0.0342767802609137 -0.032880885515994
0.0847644160964392 0.0651614392620922 0.0308377955604613 0.00464910610361057
0.0882854250910554 0.0692144138787244 0.0266745073401347 0.0441994433727826
0.0622340805923009 0.104032651594422 0.0152932112183294 0.0805862355766817
0.0360100977886656 0.118909458825461 -0.0335326740568727 0.112396466325089
-0.023079691840399 0.152490661192068 -0.0935400255514606 0.0765757560378346
-0.0853949904684803 0.146689343196583 -0.104777735370853 0.0020210524667848
-0.158982185253299 0.0820934927721849 -0.0278930552571888 -0.036466391958183
-0.194618847347004 0.0328004027402262 0.0977452236322286 -0.00241158880642875
-0.150246696122906 0.0136604278712639 0.129777078915581 -0.0870762804074943
-0.167481460501849 0.0497059497667456 0.193089124166917 -0.0438584394228196
-0.128925173929031 0.125118138139622 0.194437383873839 -0.0578310905661934
-0.0579210365813019 0.149951073908683 0.148662050934682 -0.070886496496772
0.016139649852019 0.124579879373646 0.0880512085493813 -0.0524593872666237
0.0428712422365266 0.0951291498067335 0.0766594199115955 -0.0221383563719511
0.0667870232529713 0.0803337856213183 0.0641543264640503 -0.0036246069227661
0.064565731789444 0.0579945764533129 0.0548928644911628 0.0305890407167712
0.0626659399991536 0.0647419441166746 0.0460819842449108 0.0735902193424016
0.0362121540137348 0.0925012425708661 0.025571785948826 0.109710144990372
0.0113765587441808 0.100810618556345 -0.0335934048996563 0.133550262759252
-0.0427775798759253 0.122526033321325 -0.0889984328051274 0.0834811277068724
-0.0963299680116117 0.109560596753604 -0.0877231410850805 0.0058627496009314
-0.152385568940199 0.0416681847368751 -0.00109859181600701 -0.0335978782909325
-0.164990944688099 -0.0104995290748804 0.141732034602526 -0.000589136162473782
-0.0822287677737356 -0.021135601261131 0.146127176440318 -0.0890960159294616
-0.107788859757656 0.0165628347921081 0.188340825648653 -0.0576591421149402
-0.0808478968769385 0.0722560643676222 0.171258030097509 -0.0428495830270755
-0.0349660445243267 0.0850571343886057 0.137062217640696 -0.0427713318760302
0.00581175749681422 0.0692348818270732 0.09782250380765 -0.0204840540798218
0.0173389821140104 0.0562006352280907 0.0952424795686021 0.00322330599410045
0.0312525360728448 0.0548345358476416 0.0853200135224608 0.017765338101401
0.0342312629028541 0.0416946251724183 0.0696484763561468 0.0513563721819469
0.0324094407047492 0.0462350226626344 0.0560804997421945 0.0984882505008908
0.0159433807496833 0.0629462597946947 0.0243649254334634 0.133319760488835
0.00025284524326775 0.067914964215395 -0.0407168540152174 0.148043839787783
-0.0406462885450806 0.0827359424611746 -0.0875746228083547 0.090252923600567
-0.0834186308572689 0.0683862603547478 -0.0736758459342349 0.0174535815408144
-0.120298884277476 0.00592468865793848 0.0171181616218831 -0.0181739629362873
-0.110522337033734 -0.0454788434953081 0.17214217556541 0.0121854270771023
0.0364135585558743 0.0435713386637547 -0.19887029756608 -0.0165768168022049
0.0607629520958507 0.00217007773231607 -0.0567480810725845 0.0211294480143956
0.0498340750727962 -0.0325703393304436 0.0665257913723394 -0.0196557523265596
0.00853418703878911 -0.0360020158456942 0.0997827415161204 -0.0868012576911669
0.00329028025063135 -0.0129922420386663 0.0596997981726194 -0.163584404277981
0.00826955984970946 -0.0165487749603264 -0.0242861384576251 -0.170165413576765
0.00369884270904934 -0.028455910264798 -0.0717039007385299 -0.124032994733508
0.00150394172347172 -0.0238866137277482 -0.0857134347172104 -0.0753661382198467
0.0124156587370939 -0.0262533493120306 -0.0982478839432754 -0.0337846082781417
0.0275049598271283 -0.016053286545865 -0.110908388493169 -0.014662487716042
0.0279892088062412 -0.00430268976947032 -0.111865462586509 0.00493823054494731
0.0259393857212779 -0.00208790986522651 -0.128274275844447 0.0159945161020764
0.0450450014800836 -0.000335361797899488 -0.150663543538478 0.0124783226874156
0.0436199524017137 0.0349976265869097 -0.145010450094132 0.04880020003787
0.0206726074690676 0.0602010861030149 -0.12376452994582 0.0925808467807835
-0.0434459176545563 0.0595996988887967 -0.172185786928691 -0.036768254388356
-0.00940433774175763 0.0224616196484271 -0.0315422701964613 0.00575474921117936
-0.00553749730218081 0.00635292453335505 0.088557274792747 -0.0400539973051962
-0.027483669628451 0.0134036892164261 0.110873951743777 -0.101410895981373
-0.00660401186779477 0.0371892666002772 0.0638254098557332 -0.170975518704415
0.0190913136565079 0.032017469123069 -0.0173505758512534 -0.173759783942613
0.0335958162758308 0.0115850029709949 -0.0660114079952802 -0.128237191480651
0.036678175482397 0.00269343214533941 -0.0777916292023425 -0.076031075530491
0.0544015034236928 0.00091925627828625 -0.0887520302002363 -0.0307571979203208
0.0614383930855098 0.0248778427078282 -0.0990005528713821 -0.00625881857182684
0.0528113285277535 0.0464280750047699 -0.105483080270553 0.0174048914057928
0.0246333771425768 0.0693185230438229 -0.126581961286375 0.0221928215774672
0.0101851184710872 0.067287826193604 -0.144974759500437 0.0080078277877499
-0.0206102840323003 0.0751365746136778 -0.124724932682025 0.0411563944224234
-0.0576598357204087 0.0862991320013729 -0.101174809960517 0.0828215883166841
-0.118847645107189 0.0676974776907634 -0.121852029805099 -0.0509662445739143
-0.0852269413426959 0.0421333206585455 0.0136785429624922 0.00144040218783935
-0.0657747502226193 0.054022542848836 0.126923592226321 -0.0540188429283745
-0.059329489324935 0.0720523703690752 0.130183026137276 -0.116081311541616
-0.0101187421105903 0.0892407611174499 0.0659108663545647 -0.173602013718052
0.0310840408138914 0.0773720013466295 -0.00791172211262594 -0.164412593004205
0.0609569178356399 0.0505660785478517 -0.0509709153912207 -0.118535717266053
0.0666452391929742 0.0288548274922112 -0.0578174449951201 -0.0670306096635125
0.0869026301245166 0.0251139567289357 -0.0652713958895851 -0.0201289752842277
0.0866543443817833 0.0578902812563346 -0.0739314335631096 0.00959880488510322
0.0728759623656901 0.0836357931032165 -0.0892056759968424 0.0399666426979561
0.0294681349544025 0.123207671042886 -0.122073243001988 0.038771279286489
-0.0137070185198356 0.123990146888564 -0.140149833175118 0.00659290434450545
-0.0738334361729204 0.108085175601469 -0.103206574242877 0.0225642394241721
-0.124502872275529 0.101380279939592 -0.0604480878581846 0.061571088885358
-0.175291485854089 0.0675939219109885 -0.0544283461082313 -0.0614499003937582
-0.153865917025767 0.0615610481305978 0.0713706462744182 -0.000368381342070747
-0.119823330145878 0.105022724131314 0.169645700079814 -0.0613709027159478
-0.0810153313143835 0.134423062128954 0.151803033374094 -0.12381822044991
-0.00355531240674967 0.135306672933443 0.0689032099830447 -0.163020760985881
0.0446345670442258 0.111692661401956 0.00653270238668635 -0.141058703028613
0.0823050424415786 0.0802553808832952 -0.028309894009214 -0.0959454555917141
0.0868137936710884 0.0498744932975873 -0.0294692941203316 -0.048718346200085
0.103933221319397 0.0466692388999255 -0.0332991701832393 -0.00428199801768152
0.0953908126330248 0.0831876976759429 -0.0404956999986898 0.0299110692307496
0.0775329039799025 0.109076038492038 -0.0665235650047969 0.0650373044064788
0.0260121733242716 0.156204902585683 -0.112615127833023 0.055444002830403
-0.0348729977070388 0.158403490999087 -0.133867917839391 0.00689641003652487
-0.114417505295158 0.123957031549807 -0.0814316965210436 -0.00179636816725887
-0.173393596343678 0.0977665177613993 -0.00993839724376349 0.0349708806607693
-0.202760397556978 0.0592102542969355 0.019904509863811 -0.0705879052029639
-0.197394557632479 0.0728801433492659 0.12905771872808 -0.007893062108154
-0.154611317186251 0.142272798612802 0.200430131576549 -0.0651686299988879
-0.0869489068499764 0.179507860241542 0.164243080256826 -0.119261034000408
0.0080543001145445 0.163323637362958 0.0744164150094408 -0.136099563134861
0.0556465316667615 0.128950484621815 0.0272260875996842 -0.104323775646938
0.0942092656547819 0.0961166538230485 0.00130455716904482 -0.0654920694982353
0.09357791873047 0.0630511046812556 0.00213679070669797 -0.0235913399316254
0.104455165883703 0.0619952052562052 0.000114253380110766 0.0183018448787539
0.0874107113944832 0.100838946035232 -0.00793281807030631 0.0534921308036742
0.0636248766841086 0.122164400655617 -0.0446460401935726 0.091342288512852
0.00677862242951462 0.166735609344146 -0.102105410229719 0.0701114490812763
-0.0606357588350799 0.166845763914714 -0.122381563420038 0.00535850425216704
-0.144657097173054 0.115063247390968 -0.0571821747782096 -0.0234892307430833
-0.197706835493911 0.0743930742914844 0.0445355058249266 0.0105570838723283
-0.194291305185649 0.0420757444698833 0.0870066101954487 -0.0798622576571035
-0.202408830990456 0.0718965805350173 0.174660187361891 -0.0253532608856923
-0.15876182361861 0.151327895157198 0.209698455943447 -0.0648567038130537
-0.0783793397418076 0.187671875272861 0.1630868607387 -0.0999992966659151
0.0171266648025374 0.160470057915817 0.0812968654390825 -0.0952830057827439
0.0565150051286767 0.122654943183018 0.0530876370441861 -0.0615975723375267
0.0891804364023017 0.0953263393039572 0.034631171474494 -0.0322592212639128
0.0861159238147953 0.0656123725169773 0.032804802008472 0.00471613140794414
0.088649493135228 0.0688127534287438 0.0279439044268964 0.0458669585282663
0.0647044921565166 0.105646767179345 0.0159720249036803 0.0822194161752691
0.03687149464999 0.121161653320982 -0.0322283729806904 0.115787259033816
-0.0221416457597178 0.15541724249104 -0.0938644369092447 0.080398126890253
-0.0861354610942927 0.148479180334763 -0.106947295265769 0.00498345206274827
-0.160335802524634 0.0848691285755688 -0.0291021288048329 -0.0359495791987766
-0.196305920804798 0.0345220423322057 0.09691659977924 -0.00272534005565025
-0.151173967794551 0.0155585953096902 0.133413195308717 -0.0874437246666419
-0.169245676720918 0.0526005395276624 0.196306363894164 -0.0451387622469055
-0.130659817454652 0.126458718967836 0.197585698084719 -0.0578072917117434
-0.0579488416110765 0.1532301219559 0.151758229740437 -0.0722499964020538
0.0168711324773667 0.125951772372384 0.090191122620719 -0.0517532203255855
0.043701919923937 0.0964222738832618 0.0787496817518049 -0.0229146040056201
0.068124317321803 0.0800684781395819 0.0650644602076757 -0.00208073361780754
0.0651445912498004 0.0581922239324686 0.0571624327425007 0.0320840551807266
0.0628584115835033 0.0641182116810314 0.0469052404735371 0.0753374800844201
0.0381099021777382 0.0932106698492902 0.02623435204014 0.111073334878545
0.0114055453187855 0.10223837120711 -0.0317174327783138 0.136588534233877
-0.0419197292324003 0.124823596813567 -0.0896176586103174 0.0879043307005303
-0.0968718845260385 0.111208193218932 -0.0891454109927469 0.00905442799745593
-0.153805077462617 0.0430941527048137 -0.00225907386669617 -0.0332518029547428
-0.166849268917817 -0.0086604826217061 0.142354597532235 -0.00165847191355396
-0.0830029306044497 -0.0197299086324532 0.149545446636941 -0.0902523354445159
-0.108107867885831 0.0180462630347931 0.191491440212949 -0.0593448106540842
-0.0811692655287608 0.0731295053564887 0.174319763238491 -0.0432922644061103
-0.0347200740004059 0.0873165152540785 0.139909556204895 -0.0451887509046395
0.00635092504138456 0.070024664803548 0.0996165068674165 -0.0207218733338845
0.017190105779343 0.0564939761581101 0.0978691352553055 0.00294026754637576
0.0323627568610417 0.0547271748915607 0.0860241509394582 0.0185208739673023
0.0345896817215274 0.0421445352139891 0.0717838850877772 0.0529006738860358
0.0325546623028483 0.0462500447975289 0.0574608476343467 0.100444405917468
0.0168460531669494 0.0630689093449731 0.0247451159640566 0.135123843015537
0.000566691117343268 0.0684832231582535 -0.0399071716148798 0.151119326414487
-0.0398482388550708 0.0840409608689754 -0.0890033436898219 0.0930295413088944
-0.083704773731896 0.0692297570071751 -0.0751605435258094 0.0199930881134904
-0.120933903078544 0.00693162384523019 0.0167701944127756 -0.0183525759228256
-0.112117937615898 -0.0444730921449219 0.172780829112287 0.0117007843839374
0.0365934454413688 0.0432548996448638 -0.204258752264987 -0.0172441035177288
0.0619963453692585 0.00284652006104833 -0.0582097181740443 0.0212903169544404
0.050503436676885 -0.0322268180397623 0.0706465236259852 -0.0204816645493767
0.00892282419269029 -0.0354183309691137 0.105336458246972 -0.0910152429059659
0.00461997877262914 -0.0126468543583422 0.0629546720162451 -0.170069850515638
0.00949359902470522 -0.0161716730042021 -0.0247741097818062 -0.175539660658139
0.00382126533520865 -0.0285481922768109 -0.0736307351191721 -0.128852098131861
0.00183356413297323 -0.0236343702530277 -0.0889990882716559 -0.0797958278407061
0.0136815131499577 -0.0263594361859042 -0.101641372568172 -0.0362341293178788
0.0284684617076082 -0.0165893864726754 -0.115166878967509 -0.0160706529227124
0.0291445548048092 -0.00464774141414079 -0.115676832260743 0.00429498547652119
0.0271563554112489 -0.00101278756581825 -0.132746117062928 0.0156986200607253
0.0456554115470955 0.000311443276397832 -0.157313017361618 0.0128701781317452
0.0445249662032058 0.0353737537256779 -0.151663767920833 0.0495870972379946
0.0205632035863509 0.0604545692230019 -0.13092358426399 0.0939155674599491
-0.0456276085087738 0.0595344111472142 -0.176401935988242 -0.0379853005296
-0.0108869756901077 0.023194283020584 -0.0318893973335015 0.00649299414096103
-0.00732409242919267 0.00792727729744636 0.0934734207635661 -0.0408932367868979
-0.0292492738118469 0.0155766584993718 0.117581277183074 -0.105416517387107
-0.00637131507972925 0.0397399416814574 0.0679555546100693 -0.176947656370185
0.0204697361974336 0.0338828382897955 -0.0171419370582205 -0.179625345920066
0.0342791645588802 0.0128588793858594 -0.0671272525353852 -0.132548224259774
0.0388005225160467 0.0040975199389848 -0.0800396957606931 -0.0811698507398068
0.0554653744360891 0.00192985098687437 -0.0908842294995633 -0.0321852365684988
0.063346309767098 0.0262601391444189 -0.102140603550534 -0.00629267494718461
0.0541077086056466 0.0483580826430495 -0.109025310530752 0.0176817787463143
0.0259043197921929 0.0724424445461038 -0.131082167973508 0.0232703347578622
0.00975217699962231 0.0699971017712374 -0.151228569794681 0.00863577079751146
-0.0222330906282827 0.0768074927208851 -0.13108465677267 0.0412620943661725
-0.0604369691531852 0.0868300464684438 -0.107522941370239 0.0844739145994336
-0.122369697225186 0.0674835355327151 -0.124305677183863 -0.0528657391591744
-0.0898426426278935 0.043632018664832 0.0147294185373524 0.00229557263974983
-0.0703024537997726 0.0560470318864428 0.133254956397965 -0.0547186983449667
-0.0632774313401884 0.077267265208591 0.137549905062794 -0.119594917601623
-0.0105642435222716 0.0941607368189909 0.0700173639321245 -0.178106664488151
0.0326138047653694 0.081278860172525 -0.006768203815837 -0.169413308964333
0.0628728481704863 0.0527317044728786 -0.0516779628700094 -0.121798507011026
0.0691853292816665 0.0309591481370235 -0.0591640850912474 -0.0712881365944362
0.0892793464930187 0.0274627790018407 -0.0662911071214334 -0.0212711344396225
0.0898452128082898 0.0606825525941653 -0.0763918618245063 0.0102917505788443
0.0746842485260729 0.0877058995542156 -0.0915693718566232 0.0417531501693768
0.0306340860615329 0.129155860786847 -0.125654469651249 0.0406338194552667
-0.0152689914449374 0.128143520318663 -0.146364286602951 0.00869653842413254
-0.0771756613497419 0.111503607704997 -0.108334845369164 0.0228913460829977
-0.129654319853094 0.102718878851656 -0.0651729419030276 0.0632896755689455
-0.180917050536409 0.0678283230040558 -0.0539829211005244 -0.0636372340502207
-0.160721016346383 0.0628927063625741 0.0736490909498016 0.000865777953452819
-0.126395637748432 0.108226823102478 0.177408858400013 -0.0618842177066021
-0.0852381617919581 0.141384708457916 0.159545246719562 -0.128025728433094
-0.00442168394519311 0.14183563678755 0.0733301066177495 -0.167123040570571
0.046193200835377 0.117773337493006 0.00787684100567103 -0.145013507100814
0.0855801364619084 0.0833465880623001 -0.0277416984797636 -0.0977918027713974
0.0899210987335529 0.0526989013169109 -0.0299506958151509 -0.0513854980304016
0.107116784266181 0.0493460823042716 -0.0338769566116347 -0.00424318119507649
0.099781455213986 0.0871154988964837 -0.0414025168049783 0.0309203624121814
0.0793632105744076 0.11381906490943 -0.0679112118302941 0.0688265980255469
0.0258498947259312 0.163015174997936 -0.115565671782519 0.0584700911014132
-0.0372967190581382 0.164147873615302 -0.13906695819309 0.00830727741102298
-0.119469610368683 0.127590413384134 -0.0858478762228095 -0.00192057830714588
-0.179711575942431 0.0998108161905467 -0.0125874662220233 0.0358962475116947
-0.209267698653979 0.0606424558313117 0.0230296654408423 -0.0726101629555233
-0.205233084797305 0.0751078504871463 0.133919002150424 -0.00661400570154569
-0.162096343601801 0.146918796569538 0.208543470341618 -0.0651550887396428
-0.0917353118082788 0.187467678387968 0.171964093957296 -0.122599685223911
0.00778254536519668 0.170017064212143 0.0787711165366426 -0.138661855792049
0.0578733199791594 0.134986904517052 0.0296157725893054 -0.107733944497283
0.09674931966206 0.0993479771854321 0.00268848509655688 -0.0651746755366373
0.0973416484495173 0.0658464475000839 0.00359307079222065 -0.024530166662264
0.107052733344786 0.0648326383089498 0.000400717278728834 0.0193610592703583
0.0908341697118744 0.104616930714464 -0.00792121808266053 0.0563096666609064
0.0648497830873774 0.127795217372967 -0.0456264225083793 0.0952103401227327
0.00603025127495737 0.173982306377025 -0.104871415374624 0.0742340771253533
-0.0640862190148624 0.172474809363468 -0.12695274436333 0.00725619370405271
-0.150136723904343 0.118910047864416 -0.0602486914445273 -0.0244299699505554
-0.204904793131849 0.0758813285769178 0.044124707463103 0.0112445080168985
-0.19999983309178 0.0436512814250441 0.0922927307753143 -0.0821415858777449
-0.209668085898444 0.0737960346085167 0.180566702373825 -0.0247954175312514
-0.165443353001889 0.156148061266801 0.21828023674933 -0.0650949053926591
-0.0818235866188135 0.195389962235771 0.170486443415573 -0.103103760733607
0.01678156101031 0.16664934399271 0.0857922074142961 -0.0964444470581394
0.0580669245108698 0.128678113699131 0.0562588884159571 -0.0631220413582871
0.0924640981709362 0.0984265297129324 0.0366486721705938 -0.0299765714893327
0.0890670042699914 0.0690592197883527 0.0345771075574461 0.00544690833636293
0.0904098892811622 0.0723329242863225 0.0297882228585693 0.0483028159923753
0.0673969428352249 0.10927889862118 0.0164620683576515 0.0852126469207856
0.0380720630204866 0.126127129836612 -0.0325885811616463 0.120824238580432
-0.02325684448505 0.161501902069264 -0.0969822421273322 0.0859219991092594
-0.0897785697087487 0.153096330912636 -0.110859059521299 0.00720507802276692
-0.165308411191212 0.0864883169384923 -0.0313964142857174 -0.0369914005136917
-0.203247405378985 0.0354250737663951 0.0985975136147172 -0.00242406103466736
-0.154905882126911 0.0158135523335523 0.139978274947253 -0.0893690961508568
-0.174558801268932 0.0545750823044507 0.203816177049399 -0.0455930195742218
-0.135907216180432 0.1303292678206 0.205261062905129 -0.0583894994761838
-0.0603855354150935 0.159122876234911 0.158401113299324 -0.0747701900845947
0.0172758990651042 0.130209434207485 0.0944880158409494 -0.0521919673186364
0.0441813882854013 0.100201255461965 0.0824339007175892 -0.023028321681625
0.0704811585195575 0.0821727995118112 0.0676873714748197 2.63646470912546E-05
0.0672500714193039 0.0611401414981573 0.0600783599603568 0.0337661635008462
0.0634092567440236 0.0670372463487398 0.0492908197977419 0.0797325635433368
0.0400581079300096 0.0964836169703405 0.0268310419541856 0.115265221956646
0.0108707194257792 0.106158285702114 -0.0325467054950819 0.14302118380994
-0.0438885158396623 0.129266959892599 -0.0930258598751325 0.0927736987044577
-0.100841289537981 0.114104732124126 -0.0927286979931874 0.011157000800999
-0.158489557068547 0.0444625634829528 -0.00302479507827242 -0.0342671688445939
-0.171867370536821 -0.00878921351974231 0.145722252734962 -0.00100810928218898
-0.0850692257233367 -0.0201711520951541 0.157361508357611 -0.0913142517083481
-0.110753143110756 0.0191272309673587 0.198910161152646 -0.0601086627960024
-0.0844248470705287 0.0748460842110566 0.181879455495625 -0.0432709303100072
-0.0363151866657082 0.0906631467622503 0.14623427512522 -0.0466113250217545
0.00624470591762339 0.0715389903836021 0.103693670081146 -0.020259801999986
0.0169185543911108 0.0584979756311416 0.102313584413727 0.00312628179115893
0.0333003864628561 0.0557247599776501 0.0886259805209417 0.0211727063330596
0.0352896255187823 0.0436487028918223 0.0745231517359291 0.0565932566424655
0.0326478717642035 0.0475921242786502 0.0589480353738805 0.105951499871574
0.0175556237916347 0.0653733513836267 0.0248804582353802 0.139866782772748
2.04379934002894E-05 0.070668529579551 -0.0416952327872098 0.157625266232389
-0.0411682009329284 0.086464408420822 -0.0922739457049404 0.0979360320695799
-0.086737816781757 0.0703918629334924 -0.0780183636593733 0.0215659487250557
-0.123234568055962 0.00646940938841004 0.016395898258058 -0.0186176772793656
-0.115062766428454 -0.0451827813841911 0.1777066521823 0.012187908826293
0.0377510204070584 0.0438897622367843 -0.215484339764153 -0.0166854504974557
0.0646356473060124 0.0023703490797277 -0.060894370066842 0.0240680656299571
0.0530099006236751 -0.0331493920493013 0.0762922127458463 -0.0226302600700212
0.0091601064909368 -0.035732539923992 0.112085792506552 -0.099084166918779
0.00612299248870093 -0.0127253448214004 0.0656090566183868 -0.181747874571901
0.0104544749374608 -0.0166785835557989 -0.0276584548798117 -0.185843194633678
0.00371150436761364 -0.0292475188301261 -0.0785020593814696 -0.137190022252564
0.00260881522880976 -0.0244678107062541 -0.0952195191242153 -0.0861137191223674
0.0142563682584287 -0.0270947415283974 -0.107515665363477 -0.0383471166293313
0.0297880609952146 -0.0174645944693616 -0.12249151119047 -0.0151008298403633
0.0305948735433345 -0.00498615622855094 -0.122869245541636 0.0048010166408545
0.0291226279164255 -0.000408443341250187 -0.140866525942918 0.016410292280444
0.0481870069864056 0.000696841090037969 -0.169128287847399 0.0152333678528647
0.0462297838518922 0.0362472057046465 -0.161726758283096 0.0524113698002386
0.0216891129720455 0.0619230747643313 -0.140847114355215 0.099120492217043
-0.0488616181321945 0.0617669953170971 -0.185623409907957 -0.0382455756170239
-0.012744637815719 0.0244184495166908 -0.0340393149541259 0.00761787908482371
-0.00918588921831061 0.00925534877972692 0.100649364695114 -0.0442721660013088
-0.0308157875741631 0.0191770406263094 0.125547047763295 -0.113960222497685
-0.00577725386763112 0.0435304299927265 0.0714629546561927 -0.1890199819756
0.0228209895490312 0.0373180327784465 -0.0182638296829375 -0.190146634846673
0.0367263605959239 0.0142068506854453 -0.0712322036540352 -0.140169092376641
0.0412697949634955 0.00502450181836839 -0.0856436546543188 -0.0872421217565419
0.0596919471085881 0.00260513567310322 -0.0965151394306268 -0.0343700259618557
0.0678417086670875 0.0275519739097785 -0.108663867287372 -0.00508560939793539
0.057721862203468 0.0510879750332934 -0.115191700000831 0.0199452757524035
0.0282974719986299 0.0777584901264938 -0.138759670549655 0.0258276196289579
0.0101756588741681 0.0748751744188889 -0.162299788691535 0.0111502825866602
-0.024126074304505 0.0816059223955795 -0.140344382670875 0.0438815515211443
-0.0643651857965216 0.0911490858623341 -0.115539296717539 0.089673168959394
-0.129489574402977 0.0714797717960703 -0.130131584609051 -0.0543892187840841
-0.0960979085424869 0.0459725572926065 0.0156597233150684 0.0031749923170861
-0.0760675592471007 0.0606390874666278 0.142879953018554 -0.0580786583196168
-0.0666396715588615 0.0851798962282138 0.147329564240098 -0.129499811900962
-0.0102798378780352 0.101897152932023 0.0744709705825496 -0.189401847572272
0.03658081067019 0.088134975299717 -0.00711849040893361 -0.179707065279033
0.0669352020639377 0.0561028800207182 -0.0543374794360091 -0.127023325858791
0.0744710254912569 0.0335627527414778 -0.0630543015724935 -0.0764079267750696
0.0947278687073348 0.0293845831262305 -0.0695734483152089 -0.0225841926627905
0.0962161624627162 0.0639357142475729 -0.0807150827445266 0.0119990543521323
0.0801629933907409 0.0929304599141299 -0.09606490694242 0.0455454100410123
0.0334264162237688 0.138124658718501 -0.13271356798887 0.0446780906324718
-0.0157245874614107 0.136860149296788 -0.157229503009418 0.0115018272254323
-0.0818096721704194 0.118890357258161 -0.117199466810127 0.0240802494020075
-0.137343398434322 0.108589287501126 -0.0710099941695554 0.0670911909920687
-0.191768484160994 0.0724175340342393 -0.0560128920303606 -0.0659299434086462
-0.170600325266508 0.0680251759216248 0.0785034787556702 0.00149885204257253
-0.135782607236155 0.116419653696695 0.189395237104727 -0.0657076416927611
-0.0899232701170192 0.15386853940687 0.170403675081488 -0.13671832964761
-0.00306882107327799 0.15184327729873 0.0781917142649337 -0.176805203315322
0.0516003666778092 0.126144067385251 0.00839831209771053 -0.153368930088634
0.09099822468786 0.0884682080313196 -0.0285474185567425 -0.101144703627918
0.0962475299358963 0.0561275726975625 -0.0314818153888427 -0.0553775560542462
0.113444808791823 0.0521244809641008 -0.0347353240182302 -0.00438881717397178
0.107316520155423 0.0915413627755594 -0.0441459252847488 0.0339905933306765
0.0853858833276877 0.121147268388837 -0.0703060064935303 0.0740463171103975
0.0292590851648376 0.174716468172579 -0.121742183838614 0.0649783330252523
-0.0395353867493412 0.175274718608746 -0.148877480856312 0.0122984679114357
-0.125937700301732 0.136430606770887 -0.0930331833692988 -0.00164772214509785
-0.190031507977778 0.106364441400947 -0.0158392553614877 0.038165631097366
-0.220597974501682 0.064897922692815 0.025224634621255 -0.076349479648378
-0.217571085803493 0.0815302403352942 0.142043764637088 -0.00729380153076838
-0.172973212534384 0.157293122863769 0.222786132048187 -0.0694401985920398
-0.0971525767813489 0.202141097960084 0.183232646408929 -0.130964298743066
0.00901054823400825 0.181347752425443 0.0841829579566061 -0.146606283574016
0.0627953878719314 0.144233682009055 0.0316725447120407 -0.113975035365274
0.103570503936175 0.104258633329133 0.00369642546253789 -0.0662388047799621
0.10389780205649 0.0700445774695776 0.003802493302455 -0.0265757876597689
0.11325087954866 0.0691876203295162 0.00197536551482708 0.0212552597110071
0.0981822808044414 0.11090532738502 -0.00777705175258947 0.0602046220593935
0.0694961152708573 0.135832601004772 -0.0460455862676965 0.102710901649311
0.00871815802931064 0.185642520396192 -0.10996177357656 0.0814819012492063
-0.0674683204139325 0.183936523689504 -0.135963239241393 0.0110018758793464
-0.15914050595352 0.127345746920814 -0.0659754812224786 -0.0253469313315226
-0.217582003443753 0.0816674094176473 0.0446585466671973 0.0116324819659366
-0.211026739547493 0.0473137277717473 0.0986836911945308 -0.0869002647299855
-0.222847461733258 0.0798102639192465 0.191747968405111 -0.0265886376609177
-0.175886887650043 0.166830127668854 0.232529097122481 -0.0689883747338509
-0.0865858358180934 0.210138996608136 0.181349123739541 -0.111313488870717
0.0187806726905198 0.177081541896112 0.0914881220387468 -0.101881615563088
0.063145121687994 0.137392325532374 0.0603851938595804 -0.0676851571649233
0.0987972156740134 0.102977213572401 0.0400842900460028 -0.029613218234622
0.0953182051875887 0.0723864564507652 0.0374792800654843 0.00551505510408007
0.0961654528717866 0.0768993210599629 0.0330523493557793 0.052590105478777
0.0734785631962404 0.116412333072164 0.0181174150083127 0.0910485731651115
0.040292012024291 0.134335699361219 -0.0319931783126033 0.130187316749731
-0.0232440536082779 0.172534074643308 -0.101448133033927 0.0938144980983631
-0.0947715329913128 0.163048017931454 -0.118264108577425 0.010229237526761
-0.175287663161935 0.0935360572888155 -0.035204707867314 -0.0385693126689826
-0.215263672153068 0.0391247621984806 0.10310108074892 -0.00287971315935697
-0.164023857306262 0.0185190560560694 0.149673851757545 -0.0949138641830957
-0.184556676785734 0.0594205287825706 0.216764877098004 -0.049048583550369
-0.143782206577721 0.139118045498656 0.219351088059052 -0.0619115734845765
-0.0628620912710652 0.170360749114381 0.16836090595554 -0.0808578010825627
0.0189499547501604 0.137560848885684 0.100799205306833 -0.0550033134824238
0.0474921828299727 0.106740138927679 0.0885868661005039 -0.0253110090143684
0.0754283510957663 0.0853552033199234 0.0718092091271874 0.00203914702451056
0.0723976435106843 0.0645524395435858 0.0643654685431684 0.0364521982685149
0.0674318787142768 0.0708573500057475 0.0534137772663348 0.0855427516843475
0.0434294885091275 0.102330682737508 0.0289513778953732 0.122953467304118
0.0124327076554625 0.11306645128926 -0.0328490011851066 0.153291656637309
-0.0459377249743719 0.138272926828825 -0.0975507142999862 0.101230811186048
-0.106668763170026 0.121816419992547 -0.0989258147579346 0.0137953424555935
-0.166620195446862 0.0477596374177365 -0.0047274729336774 -0.0364808993409955
-0.182807187188085 -0.0073871785153968 0.153586132497763 -0.00154288335933495
-0.0897682614017419 -0.0201102319595629 0.16839195687258 -0.0968509542111733
-0.116692303338993 0.0211025023302569 0.211298962265316 -0.0646958561205241
-0.0890563483829894 0.0800486429851991 0.194023409297056 -0.0473171942246737
-0.037279082113836 0.0960466571372742 0.154794458108292 -0.0513771407135853
0.0070025973819142 0.07509050295273 0.111311737248948 -0.0214368175503088
0.0180034878769629 0.0625605534311964 0.109209205045993 0.00213313749069643
0.0363575578900295 0.0578781993499924 0.0941909928970978 0.0229082326513339
0.0379243063205163 0.0458043925812669 0.0796201008413336 0.0610849963396432
0.0341177980250536 0.0502162444533742 0.0640549419360168 0.112940094142408
0.0191002269793408 0.0689637113929622 0.0265454480290251 0.148794122570342
0.000349150582725397 0.0737666282371523 -0.0437244441365606 0.168440754296494
-0.0426468673462487 0.091949603838181 -0.0980554105152715 0.106166026482231
-0.0912197732725526 0.0746739696016426 -0.0837009426639033 0.025017763326723
-0.129319169318383 0.00773394413042359 0.016303000835695 -0.0197641260385659
-0.122114614160557 -0.0463358062147585 0.186934170127615 0.0113660814689573
0.0411588616620616 0.0420479643452749 -0.23088451166119 0.00118713452791752
0.0662387632337273 -0.00397840029542273 -0.0619667964357601 0.0362014129533143
0.0510490902628349 -0.0420300523064921 0.0831209067006383 -0.0271623701254107
0.0063964918948838 -0.0403922013493182 0.114212137934717 -0.115699325809149
0.00492100098275221 -0.0170448632499215 0.0537956093275849 -0.199549427341446
0.00762496526566385 -0.0196571798958052 -0.0454034796707566 -0.193942557439829
-0.000997083553628607 -0.0312148279241505 -0.0959599320944 -0.137242713692203
4.19568712937859E-05 -0.0251749787094415 -0.110612806123098 -0.0838567946635458
0.012520911114381 -0.0299062430071683 -0.121154454761598 -0.0323738547183079
0.0305814172819891 -0.0223528724419248 -0.136695890190954 -0.00480878461114162
0.0325053696715046 -0.0104558317977798 -0.134248498335406 0.0167910299470832
0.0318541506654076 -0.00545824822600961 -0.153878744011694 0.0312155025601282
0.0512803941686423 -0.00751186285718412 -0.18706127697874 0.0337137732907703
0.0529648185699585 0.0300264745513571 -0.175864595002006 0.0680146511188685
0.0272879631840909 0.0618324437119646 -0.147019569699613 0.112501019454971
-0.0459176452143992 0.0719773307615063 -0.202578332440857 -0.0316162011071692
-0.012154054929856 0.0279331980356686 -0.0362042587799758 0.0115069082752767
-0.00909969123698117 0.0107012572557673 0.103735052001093 -0.0568226765359542
-0.0287760109490963 0.0242004842087432 0.123049980994069 -0.136142432184616
-0.00100260254971432 0.0441943157999291 0.0561245017090693 -0.208059602466524
0.0265807436088885 0.0359822909400735 -0.0379670209474184 -0.19951093972591
0.0400574474361113 0.0109028925238337 -0.0910641232015011 -0.140522691602804
0.0440305736861049 0.00253728387681222 -0.100196876671357 -0.0854927577871957
0.0632031261441858 -0.00409126347024876 -0.107303347212708 -0.0286153506263861
0.0760601949830372 0.0208159417586463 -0.121305512865059 0.00554399336100098
0.0667079796558144 0.0459375079556941 -0.125081892343921 0.0319841989048363
0.0412542215342301 0.0776492978689277 -0.152576887803289 0.0396358018243065
0.0190569694038671 0.0762644522694221 -0.179676800521556 0.0261898664181716
-0.0185905832101993 0.0873660960563792 -0.148061131960258 0.0573980028478194
-0.0638747812009942 0.102081274948711 -0.11452976631456 0.102917286293379
-0.127607345603151 0.0918518824726864 -0.145179289280804 -0.0586523610588179
-0.0967871511640826 0.0598251279002447 0.0150199470044748 -0.00241033353495476
-0.0732397804523326 0.0730628204490741 0.143480565250486 -0.0819277961047474
-0.0579540054294202 0.0980391040129759 0.14014243262436 -0.157903545188709
0.000918704192008015 0.105781492562559 0.0558196054159545 -0.209338260953863
0.0461573990126797 0.0877944278540962 -0.0278111750584395 -0.18778651012053
0.0779654545346734 0.0510954907758024 -0.0748025171488385 -0.128369154031438
0.0811580477340005 0.02861515815269 -0.0753264618335598 -0.074922590710632
0.103752173377903 0.0207488685698372 -0.0769704825299653 -0.0184215118767953
0.110706897942943 0.056113490558774 -0.0895610279532409 0.0216954915333239
0.094419295914999 0.0880402184934294 -0.1030619639232 0.0584981522479504
0.0532730719095324 0.140954365331665 -0.145081063230848 0.058652400771968
-0.0015736118559189 0.145809371953806 -0.172558548749767 0.0223235782976915
-0.0769510217666491 0.134775492164388 -0.119732979581184 0.0335881524785016
-0.141635554936182 0.128814235683726 -0.0633699851512819 0.0775339591542532
-0.190273369990656 0.0992765307047608 -0.0667822910314829 -0.0809630161191556
-0.170955126919836 0.0904909559832937 0.0801488889765287 -0.0142778339375606
-0.128662368237011 0.138326030483687 0.187924466650027 -0.0989199592705206
-0.0727498790811446 0.171952348004618 0.158097505155817 -0.171956176982238
0.0131947439680798 0.158106221980588 0.0576311805067738 -0.194836592744563
0.0663613589169882 0.127568830074037 -0.0103264232293608 -0.161430194195952
0.107721399003911 0.0811056689646097 -0.0479334938737047 -0.102560468818098
0.107118356456466 0.0496619261413522 -0.0392742993347794 -0.0555308058680515
0.126160127978483 0.0423894184059382 -0.037531066006734 -0.00136352878145721
0.124850989160304 0.0845193059847709 -0.0476334888053057 0.0419703845221332
0.102600272800539 0.117223264128606 -0.0716627164468622 0.0873220623498358
0.0527721883419543 0.179570812713044 -0.131200931456673 0.0788503797558576
-0.0223305507204566 0.189230520096964 -0.162346990186506 0.0203826661355847
-0.122745254036464 0.159432689347754 -0.0932526869345465 0.00421553549424521
-0.199456607333197 0.132573689811787 -0.00177713871584701 0.0445109667493031
-0.221627283494078 0.0948799839372996 0.0195744012870965 -0.0998463317926252
-0.21653291384293 0.109355006477476 0.146104503750108 -0.0320114432830187
-0.161573585719673 0.186051806539326 0.219074408789565 -0.109436224061385
-0.0724753043785031 0.223882828978894 0.1682062736078 -0.1682536018329
0.029749068703414 0.187379518686337 0.0646319817438755 -0.162333748293107
0.0804255911590714 0.144751293539278 0.0169793500549477 -0.120753268961266
0.123397210273243 0.0962520268793868 -0.0112602228984602 -0.0687808315404382
0.11632966292579 0.0635513014176324 0.00206985907949002 -0.0277294029461126
0.127993584868936 0.0597969976507264 0.00440780140788111 0.0230773207142189
0.117752683508258 0.105966027542074 -0.00605536483699857 0.0666501616930274
0.0873784263798152 0.134307898600616 -0.0429533216719046 0.116791516449509
0.0313878549180551 0.195199659371531 -0.115727914360923 0.096492845645236
-0.0514587966022901 0.201901317184343 -0.146952784065893 0.017470721812863
-0.158589139976425 0.15280008351096 -0.0638260161378968 -0.0231401031316846
-0.230823474205113 0.109277250390414 0.0620116221035039 0.0138442392527838
-0.213392584609262 0.0744089072380811 0.0980235992733099 -0.114355877172955
-0.221616618019491 0.108249747282585 0.198084761506619 -0.0574349310751457
-0.162751115610731 0.196003008764723 0.228791580922025 -0.110271153220786
-0.0596711327209057 0.230176579706947 0.167065393408487 -0.145558609823076
0.040237645305412 0.181253138856359 0.0768501854096349 -0.114716537710819
0.0811926878396802 0.136930916826025 0.0520554172160937 -0.0741673940481759
0.118665272808388 0.0951572295692651 0.0305679000158397 -0.0329500297981608
0.107901335124987 0.0679653954839442 0.0409779486580483 0.00401358488975034
0.110647288889097 0.0703891337164244 0.0411011107991847 0.0544584415303912
0.0911499306833447 0.114761470095651 0.0257024498955531 0.0978612241358336
0.0560709997362593 0.136703370014453 -0.0249316065554376 0.144690561970218
-0.00401740660669839 0.184697858451142 -0.104085653005651 0.108472021011551
-0.0829455569204641 0.182761967797647 -0.126429861201249 0.0156391387099268
-0.179199178386498 0.119074443884721 -0.030592214709427 -0.0388342349637692
-0.23209217293327 0.0648890058987598 0.123628366959419 -0.00429908560154888
-0.16796141310112 0.0383845905233953 0.153987689533903 -0.123068379237536
-0.184108973682241 0.0815846874772541 0.223559611490208 -0.0815456275525127
-0.131945028123718 0.162393119609197 0.217067515230409 -0.0987616724120284
-0.0410046533737367 0.185258673805837 0.1583699253156 -0.110258449278419
0.0362413070101927 0.139636634347599 0.0938493487100062 -0.0653550438789774
0.061802500672071 0.106922446161724 0.0867657762931808 -0.0329590246913803
0.0918599923263772 0.0797244767752186 0.0695873778859102 -0.00254122221932841
0.0827672547936623 0.0604888800714975 0.0721883919285372 0.0343216786658603
0.0792528583496139 0.0670490178929633 0.0675415873688081 0.0889398671986863
0.0576304071657012 0.102949170844887 0.0408673212935564 0.131386092998286
0.0233624483192297 0.117007447652135 -0.0231019480094029 0.170002824417828
-0.0320282152076059 0.150424078791589 -0.0978166671374688 0.116699789887989
-0.0999866452709403 0.139429210256025 -0.103755419730991 0.0191226138104607
-0.173525371839781 0.0684542947713008 0.00108681121434309 -0.0363328651221699
-0.200131866676834 0.0121150667291689 0.174593613232361 -0.00621469968627451
-0.0965342477063463 -0.0111579953321772 0.175753913885659 -0.121199439379886
-0.118163128728809 0.0330664952225114 0.218842491978263 -0.0936668087767141
-0.0815645360355451 0.0928066734049745 0.196133604673917 -0.0755135262788544
-0.0244080279967663 0.104141169204144 0.153061854454305 -0.0741544043128274
0.0173118370325629 0.0748887548960059 0.111893428673723 -0.0327984921055361
0.026176797242071 0.0626168113196011 0.113662773728994 -0.00727602169502555
0.0466662151065221 0.0551586281196558 0.0978374717908619 0.0157371357518094
0.0450095383401964 0.0445062939943048 0.0918656647354401 0.0583120272098648
0.0417561567338675 0.0491834139514027 0.0803392299958531 0.117972975874844
0.0273917953782374 0.0701848247364261 0.0401347907807758 0.159954056310496
0.00627220177857133 0.0768106192993735 -0.0320675528108496 0.188619810577883
-0.0343657173244041 0.100357716131282 -0.0985304302009525 0.123074325025128
-0.0883481488937048 0.0880098189373248 -0.085808066263128 0.0312038166494011
-0.137753147948272 0.0214615711644957 0.0231336970764906 -0.0200212077120688
-0.137737876256301 -0.0356555451506409 0.207466348032628 0.0058164446198232
0.0443321895788475 0.0405126076683047 -0.241467292130906 0.0167127911538694
0.0680248830405874 -0.00834804085794807 -0.0610047729183549 0.0431357622809587
0.0502782283591076 -0.0463791667134799 0.0869341139288856 -0.0353169069724058
0.00454732892265083 -0.0412852875474791 0.112701228850996 -0.131348081657057
0.00598963165349834 -0.0181972344534715 0.0431453668272037 -0.215194803443631
0.00711008433143604 -0.0205228485790619 -0.0600442097435942 -0.201361877548798
-0.0036572079104212 -0.0310448706789 -0.110283021973003 -0.139445522801892
-0.00102792232639462 -0.0255284219750222 -0.123688716627211 -0.0821238033035493
0.0114678437602475 -0.0317568325339884 -0.130407807040197 -0.0263859908902788
0.0299039125075425 -0.0260253235967856 -0.14426797348018 0.00498573462634553
0.0330590419106792 -0.0131590917124536 -0.141283238918315 0.0257475877883053
0.0343789280493204 -0.00744826857639956 -0.161872683765146 0.04303671935762
0.0531099675503123 -0.0106951178682127 -0.19621128588589 0.0494209561626399
0.0560061559501328 0.0284036310287612 -0.182252579947482 0.0834185016860634
0.0320206281275489 0.0617338111595174 -0.150697383566968 0.128294857471965
-0.0453747950632547 0.0780196848357356 -0.213607375004884 -0.0201160555235357
-0.0125295861209197 0.0305788734623365 -0.0354197131704331 0.0157877065073523
-0.010209710979569 0.0134834202030064 0.106722366329252 -0.0679524026428328
-0.0281151313109461 0.029618500145499 0.121799030140073 -0.153746812359929
0.0035257452242134 0.0479166814023562 0.045844279553042 -0.22377638827069
0.0316437851674991 0.0370122146248409 -0.0529382154609758 -0.207472131007149
0.0430665330516684 0.00976894248916513 -0.104438771577971 -0.143314756460912
0.0471582144783061 0.00011111342791491 -0.112655953048232 -0.0848898638380322
0.0675936430496716 -0.00771577522526953 -0.115179544797803 -0.0236582306390693
0.0814308969654331 0.0164904147133472 -0.127352453443044 0.0145240431043344
0.0735254333669931 0.0440472864303069 -0.130547911352587 0.0422332527787649
0.0495640182714479 0.0801512875480933 -0.159185724227334 0.0526766702563111
0.0247344313008956 0.0794441948890955 -0.189286033778106 0.041439425340542
-0.0155059586618986 0.0936460383513497 -0.154751389982517 0.070237985819199
-0.0613890443659501 0.111077061793289 -0.116661872285663 0.115917240042673
-0.12971955320269 0.104231460530392 -0.155511452573087 -0.0525417775955005
-0.0990523334588945 0.0696267263352063 0.0164976573043755 -0.00257698917812399
-0.0747097065910216 0.0837749190292075 0.147534320663166 -0.0961724080431179
-0.0538942324607853 0.110382995724044 0.137712837067865 -0.177497284655
0.00921343447647285 0.113188129465627 0.0462986906979851 -0.224456333970786
0.0568595679956204 0.0907331294837345 -0.0410964060723122 -0.197037357754636
0.0861112274881382 0.0493317193091216 -0.085695601123156 -0.130551740234558
0.0884711460437929 0.0252063659838706 -0.0850856601039386 -0.0757453549768822
0.111807296124728 0.0147411880032897 -0.0826825466095086 -0.0150161044102447
0.12197277835116 0.0513504609530618 -0.0922979238585489 0.0297238155987636
0.10529400381527 0.0870448938814551 -0.103933204489583 0.068686925189382
0.0668170172741166 0.146093406900273 -0.148771179020493 0.0731155994006174
0.00729773443603222 0.154368740695639 -0.18205976996946 0.0384902511525156
-0.0738992633330736 0.147495874365367 -0.126957417829625 0.0444175681852054
-0.142274757412337 0.145659499700086 -0.0636579349837252 0.0859832210713085
-0.195523537603952 0.116779269586592 -0.0739850870878086 -0.0800523827512319
-0.176171732667597 0.106715260936798 0.0844139167644525 -0.018941848202494
-0.128207711517994 0.156516514752559 0.192637462665723 -0.117426695910313
-0.0641755005400818 0.189928972385895 0.156667241160226 -0.192779425350975
0.0258580275102987 0.167333194538489 0.0498268804709258 -0.209748294428091
0.08089682555266 0.131057581783503 -0.0204663454029952 -0.169989469775594
0.119473660851285 0.0785514671720652 -0.0545248816896582 -0.104331796141847
0.117211220386036 0.0458438752960963 -0.0453030664565968 -0.0562429235369804
0.136522270420207 0.0367753659206335 -0.0390402176255835 0.000855410530605802
0.138758677031007 0.0808617955128069 -0.046564176339117 0.0485908018079574
0.116628926782023 0.117685525735738 -0.0684318314495647 0.0984455162637663
0.0693526621771329 0.188030317433203 -0.132624929907399 0.0941004916504607
-0.0118208661783234 0.202314644815979 -0.170975369719069 0.0356914726241406
-0.119928811897366 0.176810945774234 -0.0999805148515532 0.0108895033959072
-0.20221502877009 0.153573734127271 -0.00163922607439212 0.0471163591147875
-0.227236816232919 0.114586775043656 0.016058830473151 -0.104958104398376
-0.22292627766288 0.130384322082299 0.152630969788477 -0.0420192563457483
-0.159647759472416 0.208257779158476 0.225526929667206 -0.12943570494704
-0.0605084588803803 0.24353737043173 0.167246733210645 -0.189467928833182
0.0439563588722431 0.196679498596409 0.0592039373310628 -0.174807452686574
0.0972863444051917 0.148780108435086 0.0105046052743816 -0.129158017859339
0.136421535143975 0.0935854068322917 -0.0128089870393453 -0.0704363243551796
0.127354663786947 0.0590689402559236 0.000626910821579441 -0.0296032490414915
0.139918486647194 0.0550941851288819 0.00715749466834056 0.0242101447516088
0.132719267306002 0.103360295607672 -0.00123406482014858 0.0716880887072216
0.102052460212884 0.13778267731267 -0.0349287727226057 0.126910601271016
0.0470787471188786 0.205309149217433 -0.114269332772368 0.112032262889315
-0.0416273004096351 0.217199038963472 -0.154802619054488 0.0317192796865347
-0.158060197241243 0.172407552880307 -0.070900141407038 -0.0194429527020739
-0.237103354399125 0.132359702307608 0.065182619114925 0.01058495190205
-0.219425828409834 0.0928331922724965 0.0980517337489884 -0.126345919759213
-0.22622052464219 0.129105138274679 0.204803009081392 -0.0721143916606304
-0.159094878248088 0.219418408929822 0.23632772896963 -0.131757459390407
-0.0467349276411564 0.249434888702372 0.166780982225526 -0.164984941556895
0.054361333195681 0.189378819354868 0.0754721028443853 -0.125788761102591
0.0957503878841938 0.140942388386059 0.0510314877319398 -0.0819454884923556
0.130951676710578 0.091582744005776 0.0335793227266898 -0.0349436509959933
0.118787386788011 0.0632621115981466 0.0441381835916071 0.00176296365449574
0.122385107582139 0.0670277489118838 0.0487096076786095 0.0545639180123058
0.105680052153318 0.114459891498928 0.0335805530393244 0.102420473377923
0.0678023638327494 0.141803015646706 -0.0139875407622876 0.15571729340894
0.00918684384089954 0.196606964353358 -0.101381172833919 0.124311090350138
-0.0756661319721315 0.198845334052006 -0.132975115618196 0.0273343139341815
-0.180530986417855 0.137260923690927 -0.0370950568490523 -0.03842000159815
-0.241263628898249 0.0856560429433714 0.128564343740526 -0.0131794372362891
-0.174392075691997 0.0517649577932588 0.156168060040738 -0.138697617700848
-0.188336098006989 0.0990834424920263 0.230316740415136 -0.0994173032640168
-0.129222089404074 0.181186854370521 0.224441667973132 -0.118871865986203
-0.0300421416461843 0.19922525218752 0.159912603742656 -0.126431475533676
0.0473382637817337 0.144872992219191 0.096366853535379 -0.075002412837891
0.0732868028875958 0.109490083344992 0.0902569256847353 -0.0406658292679875
0.101499593062428 0.0773222025070713 0.0757156317042183 -0.00574813025906164
0.0913718780491899 0.0578693292579312 0.0794387996224125 0.03136853873876
0.0883540714187395 0.0660722528929328 0.0780009030258882 0.0901997724300289
0.0678940610774599 0.104465420671988 0.051597729571231 0.137652231393207
0.0327468428463805 0.122431108173776 -0.0112099688013209 0.182673272133389
-0.0231791941058272 0.161657019394906 -0.0950606855652089 0.132050001934222
-0.0965440508010431 0.154359627609819 -0.108552390649771 0.0289331130883994
-0.178906455496012 0.0839777253473938 -0.00262499249621681 -0.0381815002671249
-0.210704645113227 0.027167033728658 0.182375649813323 -0.0180735131389495
-0.101898456779447 -0.00463098488596536 0.179834775582852 -0.138742260144894
-0.121660413432995 0.0428886206179498 0.225240436146319 -0.113365361598497
-0.079813954951635 0.103912310915905 0.203835521685501 -0.0928948768710707
-0.0183360483535211 0.111472914194959 0.155531353000734 -0.0890536901538645
0.0226361169099448 0.077280842258374 0.117353508855425 -0.0412830689323222
0.0316640032347982 0.0647251475672342 0.120690200952233 -0.0158029460769236
0.0529109014618829 0.0546919921522872 0.105224748677679 0.0126549764412068
0.0505940357226562 0.0425415171757145 0.101847905858609 0.0564523628375422
0.0464608216262391 0.0495701968256021 0.0943164498924794 0.120651112020093
0.0339703091563762 0.0710201310105265 0.0528779602351902 0.167835639532724
0.0107355497633285 0.0805878111841429 -0.020288056480174 0.202542637190477
-0.0288113773512289 0.10861264564222 -0.0944657428246441 0.138814055846437
-0.0873662585897826 0.0981059797804526 -0.0899038037880777 0.0406502144006793
-0.143258050416051 0.0314602103544736 0.0213436929707265 -0.021853427716635
-0.147572298375316 -0.0270183552260913 0.21842323901876 -0.00877541720657695
0.0459609956797811 0.0377019956702826 -0.243551640651999 0.0343569873995333
0.0676254965676788 -0.0126392762542751 -0.0574936161535645 0.0487898957677437
0.047776023151789 -0.0500788255227416 0.0875287725404346 -0.0442612683081711
0.00268625945762251 -0.0416443506320203 0.105332898995159 -0.145103042612026
0.00596606641242624 -0.0191041344313697 0.0281323069860359 -0.224228276860589
0.00639668105135598 -0.0218602343803557 -0.0764038954362742 -0.202383624860223
-0.00602126071659822 -0.0311373936594089 -0.124128444665856 -0.135525026627487
-0.00285892180405392 -0.0255627103526232 -0.134162206114944 -0.0762556691206278
0.00930535417703947 -0.0334190506955965 -0.136069922760997 -0.017334847585255
0.0284637435641241 -0.0285488743583258 -0.147287646604692 0.0160595001562281
0.0328527917680652 -0.0160026393640525 -0.143867113551463 0.0364665049182344
0.0353760566553849 -0.0099954220665845 -0.163562017391269 0.0569605656744771
0.052921241174697 -0.0150704574893425 -0.198545998539319 0.0672274050985717
0.0579207399145552 0.0250069110348286 -0.181908853709598 0.0981281640548994
0.0365885819419065 0.0589225781193641 -0.147592369412531 0.14218077597732
-0.0421458997702694 0.082473677631997 -0.217365031383158 -0.00433233089116621
-0.011980620517973 0.0330515154176933 -0.033329718928351 0.0198592447447736
-0.0105160810911267 0.0162907297027745 0.105609928522371 -0.0785926700136986
-0.0256416790881065 0.0341134065288594 0.113738379241669 -0.167657504423605
0.00856707151503231 0.049248113966377 0.0307646997730771 -0.233459873984106
0.0368621400872142 0.0359581664780933 -0.0687654293396832 -0.209292987167938
0.0451048702043818 0.00824814456989766 -0.116272115005887 -0.139066435481109
0.0486572448724149 -0.00318318292006024 -0.122639427869189 -0.0794042633455288
0.0689175990228932 -0.0129915938420342 -0.119878652680804 -0.0159815447827259
0.0855631579286251 0.0112377105401449 -0.128745661548257 0.0247093295814674
0.078947173459692 0.0396533972450297 -0.130807687441074 0.0528524419314005
0.0575184272384511 0.0787501000754955 -0.158945501193266 0.0663723347869984
0.0301940141161732 0.0800107432260475 -0.191052560067158 0.0599297229653999
-0.0103428945957654 0.0973609519749907 -0.154148579862044 0.0835401169177335
-0.055655642770079 0.116849637290696 -0.113608980742456 0.127806468106295
-0.12633647615622 0.115662623972312 -0.160751773045097 -0.0420686112662701
-0.098493899871602 0.0790552118868103 0.0179092624989138 -0.00150307163696672
-0.0708742011516289 0.0937553801758299 0.145468790633264 -0.110207639836481
-0.045734424023609 0.119168556808924 0.128729336827669 -0.193291811770307
0.0189302042424691 0.116651634365891 0.0322008075038441 -0.234055143670724
0.0667895396453438 0.0893210651085314 -0.0557070530214679 -0.19931930688172
0.091890848715257 0.0449295816575816 -0.0945312417038892 -0.127606546643484
0.0933583529137403 0.0193773846048943 -0.0936684023280527 -0.0720779018325914
0.116354378446983 0.00703682706467923 -0.0855015165528473 -0.00918076921178077
0.129141867437814 0.0436321029526274 -0.0912943213845004 0.0383287741583506
0.114726570137117 0.0818026531796616 -0.100022143518504 0.0788098085686349
0.0812431756192344 0.145188975792881 -0.146764435692291 0.0871145769157227
0.0179957788679024 0.158741081491004 -0.183984439715107 0.0563599865355425
-0.0655062240130189 0.157586631344959 -0.128426193385514 0.0556078674752647
-0.135295271501776 0.158833443923142 -0.0613634680853587 0.0932463039777435
-0.191751395787213 0.133245587474046 -0.0802831870595927 -0.0759556867723269
-0.173684801417139 0.12283605990146 0.0863168471038712 -0.0232503807576051
-0.121283113845678 0.172172486330164 0.190863119372848 -0.134502453934311
-0.0512019819319153 0.202063547325684 0.147021117936272 -0.20962791657002
0.0395029505705042 0.171386847859667 0.0372231214192094 -0.218434744753198
0.0947045738759673 0.128700754947028 -0.032866428375937 -0.172666778622835
0.128231183872484 0.0726674298076228 -0.0598099727507696 -0.102970612916419
0.12362093675278 0.0384184136784514 -0.051186504234401 -0.0554653346927573
0.14306450401117 0.0269128789476956 -0.0393501951237896 0.00343964058731353
0.149568358531397 0.0717346932825293 -0.0431783243756669 0.0536108903931926
0.127988059551458 0.11295135716488 -0.061300744021001 0.105870348543912
0.0866084740255725 0.188495968028991 -0.127296270636864 0.107541364939104
0.0020664688516504 0.209303525119461 -0.173052625571877 0.0535378784492865
-0.110671742523556 0.190582153850948 -0.103303478400887 0.0200203168997798
-0.196735118538237 0.173010165421217 -0.00024753806831619 0.048818372294604
-0.223961066167217 0.133203118572824 0.0102090074965726 -0.10781730592734
-0.219861743618756 0.150332175040445 0.154232522475244 -0.0524266667654716
-0.148351509643093 0.22866688873953 0.223390153098045 -0.149724415918472
-0.0427442339669806 0.256950763390816 0.157382682783629 -0.20693632046229
0.0606956019277944 0.199849223905221 0.0499939081178538 -0.183703757532909
0.111614245730213 0.146074072597545 0.00266452125575867 -0.133100845342455
0.1462018933161 0.0852915822694322 -0.01409320138835 -0.069824234001092
0.135100019242158 0.0505916394276956 -0.00204438494720805 -0.0304297756601822
0.14796079699113 0.0459601197781189 0.00996069850541672 0.0240864394603029
0.144751915848734 0.0955039710318992 0.00551271987500188 0.0747949164306595
0.11486611280157 0.135235747147709 -0.0239311614412827 0.132647476457278
0.0664254389642084 0.207756146147463 -0.107294464102496 0.124504747833251
-0.0265859586209257 0.227385433180421 -0.156108935472569 0.0468882649926369
-0.149461410812297 0.189206379142264 -0.0756447487081896 -0.013591684392478
-0.2336718293504 0.154575241317618 0.0649740404975235 0.00666232061477378
-0.217899555309564 0.111544060064105 0.093591431225663 -0.135157912644029
-0.222993881693979 0.149249889901561 0.205459721501243 -0.0880159701978723
-0.146991816010663 0.237569557082576 0.233377875439733 -0.152530132023322
-0.0286642251957278 0.260085767467314 0.158869170560948 -0.182240120269985
0.0692041086831313 0.190796130086563 0.070085284244695 -0.1338101879415
0.110004118336438 0.137766400119193 0.0464989671717353 -0.0880861170074846
0.140426128757502 0.0835938447413815 0.0359774664651382 -0.0367899426687801
0.126062701484274 0.0550684571856037 0.0455559277465567 -0.0013420112919689
0.130081172677086 0.0597994069788825 0.0547583087994613 0.0532677820000216
0.117612436500513 0.108644389183576 0.0433002411460388 0.104169967622975
0.0807345029142838 0.141397695259554 -0.000602026989536464 0.161008304724351
0.0260834341553362 0.202143244569871 -0.0926566238164005 0.135580892661903
-0.0631931622284394 0.21080386707273 -0.134433339201326 0.0408015162831204
-0.175719442550365 0.154023534752571 -0.0422472323820836 -0.0351190938659033
-0.241225250539197 0.107032688093232 0.128672538432741 -0.0228185871763857
-0.173602395782399 0.0666933342035655 0.151392064263569 -0.152207705687763
-0.185054378529161 0.115274344480903 0.228474144708272 -0.117793898845099
-0.117555292208679 0.196001722176448 0.222403496721451 -0.138490345461012
-0.0151975106491441 0.207260749327345 0.154944178726137 -0.14300885809472
0.0585574041344893 0.14505406370359 0.0944927282984824 -0.0845748569739167
0.083743044243172 0.10722014339085 0.0909763847770562 -0.0491665200817756
0.108746614384275 0.0707775367919109 0.0807355786702327 -0.00999725743718806
0.0976530882485678 0.0511357261517392 0.0847223072888711 0.0273417423887411
0.0958147903370744 0.0611019843193787 0.0883312187044529 0.087149644900533
0.0783002120413449 0.101137901500626 0.0637616888805488 0.138471014157415
0.0418320713703432 0.123916178625716 0.00482754074700321 0.188571480713555
-0.0106482237797973 0.168176387161447 -0.0864256616523885 0.143867966430584
-0.0875011755531399 0.1648590945488 -0.109707468201641 0.0403252502120974
-0.177275779970209 0.0988263234981812 -0.0071973703729272 -0.0391020430574803
-0.21356384907011 0.0450932973141478 0.183618763044057 -0.032425574041149
-0.103671102634955 0.00340286845099415 0.175862757895538 -0.153792777916686
-0.121193975886892 0.0527412405891086 0.22286294692294 -0.13212592149211
-0.0739792427296993 0.112148781894215 0.203244608398631 -0.111001234027247
-0.0101222486326611 0.115888343623477 0.152705025775755 -0.103229205439291
0.0275493492631062 0.0772512914275556 0.118122997195034 -0.0510410268026455
0.0379647827970238 0.0641284241982776 0.123276586340529 -0.0257132868089541
0.0568207700021432 0.0509253520565674 0.11113094734104 0.00687870825141726
0.0549710194038541 0.0391213804379497 0.109208007815695 0.0509314353335487
0.0516050540079597 0.046865901241708 0.10718105022277 0.117274637552335
0.0401480014827465 0.0695351635281309 0.0670095694221385 0.169956462369857
0.0170439380790245 0.0816666305465952 -0.0043911361304584 0.210307880162522
-0.0203694514708826 0.113117432004586 -0.0862626797603392 0.150511673897961
-0.0820961447388799 0.106249478511415 -0.0898272917526561 0.0495268300484019
-0.143861612330402 0.0419275368591563 0.0189797201495229 -0.025245914417321
-0.152717223406074 -0.0143949995924357 0.221190646185599 -0.0252683101992497
0.0454928190887846 0.0356721355880052 -0.239250910210929 0.0463943904210479
0.0658694746738665 -0.0147858892339078 -0.051752482656167 0.051601861489285
0.0448138513199186 -0.0515064795899185 0.0860107117532066 -0.0509181934978712
0.00175716847223878 -0.0409871058812158 0.0975659385652554 -0.152271773243668
0.00635974838636989 -0.0198015010161916 0.0158239872802657 -0.226862367584029
0.00599412682327608 -0.0222125272980152 -0.0871515080999519 -0.198586709153802
-0.00783341329909356 -0.0290743101740843 -0.132103240104076 -0.130127851096199
-0.003416300990908 -0.0249111517674853 -0.140050694983029 -0.0698157826138762
0.00738757728366778 -0.0337713851440653 -0.137083516495446 -0.0100765740105133
0.0265913831264825 -0.0298440364327034 -0.147296163826866 0.0245195547480996
0.0317014604535714 -0.0175651303420412 -0.142925371007311 0.0448610767012099
0.0360594241441575 -0.011266855673177 -0.161101771013622 0.0653859379189077
0.0510848865511897 -0.0178426946233405 -0.194648343791882 0.0807706393197565
0.0585482208598069 0.0223141490309672 -0.177846644853681 0.10742586495774
0.0383990540470276 0.0552707223750999 -0.142345406513095 0.15079702724982
-0.0392163632899033 0.0853459362480051 -0.21572491447169 0.00562789894486239
-0.0122668123693898 0.0344571477440223 -0.0304058221948749 0.0222322019915214
-0.0103623966819079 0.0190385813758495 0.102384905089867 -0.0857977897703872
-0.0221603991658624 0.0371951572216699 0.105081018179542 -0.174950068460268
0.0130473202099333 0.0493479420363003 0.0192320683257142 -0.236138768363326
0.0403900486887145 0.0338139658845999 -0.0796896293633653 -0.206011055037652
0.0457396422104361 0.00696342516172882 -0.123113560395369 -0.134181411017718
0.0488150099018995 -0.00535857140276018 -0.128471250456984 -0.0734901664506225
0.0685415643034519 -0.0165299179538873 -0.120850414790173 -0.0091497064080944
0.0861041626680753 0.00638717016295924 -0.126959563285455 0.0323274597957672
0.0810171922809182 0.0362570963796195 -0.127703178744532 0.0603082367142519
0.0634087359960415 0.0757796578235415 -0.156065354977795 0.075983888410146
0.0336869637963078 0.0792366214439335 -0.188083541050933 0.0725174557509487
-0.00603986958878861 0.0985927579996333 -0.151520551741365 0.0925483112313163
-0.0504980157370973 0.118758855961943 -0.108993553114106 0.134275308709026
-0.121257247185221 0.122194548617575 -0.160792760998143 -0.0339178739362769
-0.0958967526466955 0.0856291714234937 0.0196466530854302 -0.00146833980796227
-0.0668808519420992 0.0997338306907596 0.140172839448547 -0.119035853647628
-0.0379894864525262 0.124363349578207 0.119326533235684 -0.201564847228951
0.0266214827891099 0.116807035255012 0.0210103912878133 -0.236700103950947
0.0735234237486171 0.0860127749929065 -0.0656311514383169 -0.196878198929526
0.0949706965724867 0.0410215014145434 -0.099535839508783 -0.12422098228633
0.0946431063370229 0.0144562847353354 -0.0987487631919573 -0.0676658598060175
0.116863303083325 0.000164025816584029 -0.0856570542701947 -0.00475086670424544
0.131958159341945 0.036378910093211 -0.0882708637789777 0.0437447761337856
0.119656488271779 0.0766148578404909 -0.0954155062836945 0.0845192095206702
0.0908540285720358 0.141605715812923 -0.141527050898455 0.0960770078797796
0.0258081192636302 0.158410060367626 -0.18078955486475 0.0696292396866519
-0.0579715471800226 0.161816534650081 -0.127032129172598 0.0631465440253642
-0.128237269686463 0.165605699155872 -0.0588538369602882 0.0971691779719405
-0.184786046287731 0.142941342395265 -0.0822092899073889 -0.0712595087818256
-0.169677272519911 0.132851643151737 0.0862609273966139 -0.0261806565857899
-0.112469604699857 0.18177793392378 0.184762041869912 -0.146264649231816
-0.0385537755455664 0.207008116596057 0.136027266089907 -0.218318644687533
0.0495656395978105 0.171152313137404 0.0270913673961232 -0.221603938233844
0.103582999576216 0.124072196674773 -0.0416578217013846 -0.172072259266856
0.131948443820551 0.0664549267042642 -0.061532390074227 -0.100373967088696
0.126448717095597 0.0309949989844365 -0.05474407609081 -0.052991955303647
0.145346446332208 0.0189652399087501 -0.0387402725222373 0.00502764894213612
0.15459386842778 0.0634666065068269 -0.0395069927380999 0.0568761356999489
0.135663076042325 0.106923284846025 -0.0537626788561415 0.108952698919651
0.0996947537801653 0.184698557996936 -0.121195580758935 0.116011087757357
0.0131522238550746 0.210510333347957 -0.169454983082811 0.0664504372187594
-0.101360368810644 0.197878919990791 -0.104029800770649 0.0266452336053807
-0.187777941483131 0.183916798382307 0.000116360541535488 0.0498083515798489
-0.21679780590422 0.145529447968994 0.00680418051437013 -0.107821965908756
-0.212788324457322 0.163042294999009 0.152797642567495 -0.0587467828703422
-0.136885222354255 0.238611676471823 0.216796519019389 -0.16330307642031
-0.0279763102443062 0.261496182275817 0.147225580740281 -0.215681896318179
0.0716586668574129 0.198429804934073 0.0414844304397883 -0.187020661386522
0.121814423528444 0.140111964039449 -0.00416029605475953 -0.134253302211625
0.151315657253111 0.0778498256651422 -0.0139656202177084 -0.0700654820494543
0.138190942543368 0.0427555043722021 -0.00424586288999199 -0.030110300513111
0.15113942221204 0.0376158004353812 0.0118086429870214 0.0232573337611152
0.150972222632829 0.0872591601079131 0.0101937061587035 0.0753496369162381
0.122592905698607 0.129631655919154 -0.0154659789088962 0.133428868384075
0.0796533817002735 0.205656601664677 -0.0992125664352405 0.131749277630687
-0.014467939443377 0.229908965562669 -0.153343078096548 0.0584128611250669
-0.139920400616255 0.198610503811717 -0.0779869297520828 -0.00824614642085566
-0.224930680495085 0.168055807486592 0.063095531723501 0.00387285514315898
-0.211427861288757 0.123225539722261 0.0880861275661556 -0.139059083631573
-0.215877282749609 0.162778385562402 0.202397229541339 -0.0976598853455592
-0.133598321785797 0.248364056577969 0.22661843629237 -0.166825036674139
-0.0124639051083469 0.263841218340425 0.148924086084142 -0.191624300071433
0.079666813827328 0.188835875603467 0.0634958491785121 -0.138340459702215
0.119057691137435 0.131458077496844 0.042495983337962 -0.0913754929679084
0.144214625529881 0.0758579308441018 0.0380336498681315 -0.0389946879435704
0.129111803716501 0.0474280216523785 0.0458407820875096 -0.00341957336888324
0.133921669136666 0.0521453940370836 0.0583240606124974 0.0506299127030777
0.124640234750565 0.10189562538907 0.049573239244512 0.102488540610269
0.0889531279396238 0.139123583120029 0.0109446581297986 0.161422495898297
0.0390169586844634 0.201991089049123 -0.0845375103219488 0.142361560154894
-0.0519127697438627 0.215631104501189 -0.131591057300173 0.050505101599069
-0.168117204898864 0.164908915160937 -0.0455850275204778 -0.0327788851529172
-0.234844629308772 0.122002320453845 0.125077660528082 -0.0293779640370473
-0.169828885001401 0.0771728110525007 0.146163618956539 -0.159580563794992
-0.17975438423719 0.125968220018629 0.223220792736211 -0.129475592398086
-0.106800529503946 0.203513871546948 0.216726867626789 -0.151623554282215
-0.00299603317303807 0.209617127921266 0.14664084347734 -0.151197413048201
0.0658874330337215 0.142618070740018 0.0911423697145152 -0.0900958450244692
0.090406202596581 0.102721792410556 0.0890096046839033 -0.0544195253319921
0.111509819559586 0.0641411853441666 0.0834807897062561 -0.0137036909227549
0.100101863441208 0.0448911542777065 0.0868563975522645 0.0236959816598607
0.0993171010446662 0.0554675945291552 0.0937124228994779 0.0830407003461173
0.084914390482218 0.0963370917488687 0.0723406633630727 0.136224712735243
0.048783669120375 0.123035400461069 0.0170965220365988 0.188779931284288
0.000385548208749986 0.169830771002363 -0.0776716055377485 0.150542592407251
-0.0784580221086722 0.170843164229599 -0.107790792370549 0.0480075299999747
-0.17160825482542 0.108466729457789 -0.0108875129658618 -0.0379448846970105
-0.210745984133301 0.0588708014059645 0.179418940069118 -0.0423802245818226
-0.103310339179863 0.0100874998737936 0.170299594809701 -0.16232890398344
-0.117559580282456 0.0599153889658034 0.216244787370988 -0.143608287394061
-0.0674420678446508 0.116614988924111 0.198489963767403 -0.122600011931563
-0.00395196267750101 0.115985734560387 0.14630774732247 -0.112348334976678
0.03095950047916 0.0753024195374581 0.116103642801123 -0.0578758415877219
0.0412239378202136 0.0624349835748884 0.122025203136822 -0.0331439240795787
0.0586112848002506 0.0470891251130109 0.114497064927676 0.00214697545847709
0.0569391523516609 0.03545813252119 0.112799883489257 0.0458859221721355
0.0540959047544307 0.0436056436124688 0.115030967667555 0.111937575057577
0.0441664475988309 0.0667841253534103 0.076705193122589 0.167475133044411
0.0208220838376928 0.0811775479708234 0.00857625883686078 0.211234284668244
-0.0131393836016989 0.11452208987489 -0.0777767452660921 0.156614635211754
-0.0760767880192016 0.111023279251938 -0.0875738011107543 0.0555906090007331
-0.141575371594726 0.0495490060489661 0.0162426513096403 -0.0257099039511888
-0.15256636014674 -0.00437910692232869 0.217520054679961 -0.037582639954044
0.0452800994616433 0.0352688564665029 -0.236737865531372 0.0513877053182687
0.0646639977281755 -0.0155462672511854 -0.0491915144649764 0.0530108105848766
0.0432100796790639 -0.0515317545099941 0.085053229837909 -0.055104123486179
0.000696099195621686 -0.041371032530102 0.0930417181164905 -0.156640537350947
0.00711819392730661 -0.0210735588528855 0.00927045236143583 -0.228306217050411
0.00629129902177425 -0.0223105712321615 -0.0929981446330407 -0.197019073989198
-0.00792388998027337 -0.0278444049890386 -0.136988261064365 -0.127744545830042
-0.0038629503925316 -0.0242916310432896 -0.144151320325218 -0.0669287041980704
0.00706888879575474 -0.033447600155896 -0.138457337955385 -0.00678699644265244
0.0257918682760502 -0.0301596138382337 -0.146958457418038 0.0291966698553119
0.0312897064061471 -0.0192561696760365 -0.143600545841994 0.0496010037093126
0.0361641550966606 -0.0131140332306038 -0.16078588886412 0.0712799659047094
0.0498547558003736 -0.019029538531425 -0.192732587037351 0.0879738337531303
0.0579799079517429 0.0210802258846225 -0.176132211164638 0.112843060043361
0.0382181126568211 0.0530307954772353 -0.14110146697989 0.155392148545983
-0.0384010681862034 0.0869386791646617 -0.215102249981432 0.0105739254702235
-0.0126156080276161 0.0361944904292163 -0.027460227433829 0.0234810861860425
-0.00954730308875264 0.021619981267116 0.100771651965358 -0.0901405555315568
-0.0198868332997326 0.0386550023700192 0.0996985573676592 -0.180083781611726
0.0159490575119689 0.0494032714646284 0.0130819677447936 -0.238371696174251
0.042825742351039 0.0325783830653939 -0.0861759440400107 -0.204767022055676
0.0470833107529544 0.00658211267139668 -0.127446440821864 -0.132549898314641
0.0492285196096049 -0.00607387725670773 -0.132320609935791 -0.0707183171010404
0.0683219152138456 -0.0188529892864508 -0.12173177346782 -0.00663385768372277
0.086972982178063 0.00405422488301424 -0.125680973310483 0.0365022549020365
0.0824424975153139 0.0344721534941413 -0.126582970743687 0.0644736357174372
0.0672859841143197 0.0741341413504566 -0.154623960197843 0.0817619024774988
0.0354127187765854 0.0791403369031692 -0.186174480202199 0.0810453020881592
-0.00440763744058258 0.0998753718831459 -0.150970035005799 0.097343443917375
-0.0488185365949091 0.119907082053027 -0.107915755569551 0.138618408847469
-0.118962013729051 0.12563345490095 -0.160997033440922 -0.0301007110436798
-0.0956103676011253 0.0895655759065062 0.0212633137733574 -0.001664561691588
-0.0643863605745525 0.104540051717089 0.13793780935442 -0.124201293425247
-0.0332929595576642 0.127572010616316 0.114227614583341 -0.206252894195846
0.0317134061786329 0.117912989766679 0.0150881804653462 -0.239291645061773
0.0779946197904375 0.0840471810397017 -0.0715323432451382 -0.196814797351202
0.096654085986 0.0394085365688834 -0.101825208785569 -0.12361942214487
0.0959854208611619 0.0119468734236966 -0.101835415431039 -0.0650598485476986
0.118064453155584 -0.0030548459598128 -0.0861141168957177 -0.00290626367382236
0.134462374482594 0.0321729669784581 -0.0867766799439274 0.0467073098134263
0.122901905960011 0.0739195519119637 -0.0932156949496511 0.0873807386413986
0.0970461820330718 0.139415728791519 -0.138989508374809 0.101609110641684
0.0300017208474329 0.159693925460329 -0.178508729967642 0.0778689668237241
-0.0542884759767557 0.164908918160975 -0.127365727760958 0.0680183045347036
-0.124741154701107 0.16999880684858 -0.0586127105641988 0.0996744758157638
-0.181648323453753 0.147876300322757 -0.0827926276781973 -0.0699676153901507
-0.168227300005137 0.139451665002081 0.0877367892056126 -0.0279679791813765
-0.107597733190631 0.1879626427382 0.181593031721818 -0.152929666319111
-0.0319251541758728 0.21105325378552 0.13029808750833 -0.223347523102469
0.055985055404938 0.171938783313632 0.0222241781186049 -0.223759883618269
0.109186849183905 0.121359796951088 -0.0465769584585895 -0.172284318422771
0.13528262495722 0.0633962310573975 -0.0622880459266787 -0.101445936323705
0.127365737058312 0.0275094372619645 -0.0573978890770858 -0.0510449938544632
0.146889962181988 0.0140627074364961 -0.0386998094437131 0.00632639845315279
0.158216563741295 0.058970583695473 -0.036748505310109 0.0583114508001159
0.140280125129595 0.104341159103405 -0.0500251539930053 0.110270192382095
0.10654601949582 0.182113866827909 -0.117048690974436 0.121572127835006
0.0187182377931055 0.2123615021895 -0.167728635106103 0.0741445978424188
-0.0966589875709062 0.202381551476377 -0.105211091089787 0.0308331146879014
-0.184208446608115 0.190951420250974 -0.00047497653001764 0.0507936196130635
-0.213220314329242 0.151158135097389 0.00598002970340594 -0.108597925611823
-0.209813819774385 0.170642373142509 0.152592457523769 -0.0618993989227996
-0.130496295595435 0.245264667512293 0.213322226393304 -0.171367633724852
-0.0186467761882039 0.26481675378997 0.141014318702583 -0.22146245448889
0.0783616896027119 0.199649078260105 0.0371789675568906 -0.190053447338647
0.128586137229926 0.136636841894853 -0.00775877569228074 -0.135143957509661
0.153753443443886 0.0741208802001857 -0.0119783378514417 -0.0715540624399348
0.139810752992207 0.0385309415409786 -0.00489985231139626 -0.0292242119679445
0.153533898940767 0.0328518138632238 0.0129680226952252 0.0231264154996426
0.15498593361428 0.0825922159819547 0.0136182738280329 0.0760439809833739
0.128355918017831 0.12812548577457 -0.00939262638608762 0.134382012301504
0.0878474726958769 0.204409340042365 -0.0948454031853613 0.136288313477637
-0.00784974846569483 0.232747457411336 -0.151188821685114 0.0665206360011273
-0.135793981310228 0.203862985908828 -0.0805213199631192 -0.00482951843427574
-0.221031106526649 0.176347498042717 0.061314675449138 0.00256690057544639
-0.208161881906772 0.12965208081279 0.0868155331275591 -0.141344485619071
-0.212714455170653 0.170515456397648 0.200626874778139 -0.102203244104715
-0.126905959402014 0.254288316961439 0.223642189283605 -0.174602519267236
-0.00447679682525931 0.266003602330282 0.143326726518574 -0.196224144491118
0.0858523130660148 0.188290447315484 0.0611053884081682 -0.14139262716202
0.124715231976078 0.129220039258503 0.0403102556826317 -0.0935925332007115
0.147081099100057 0.0726442339271967 0.0410740934676606 -0.0416300337026398
0.130642615822023 0.043421312165997 0.0464958120381598 -0.00395271853440919
0.13636579491468 0.047388867794273 0.0610069631605754 0.0491517892711429
0.128957442221652 0.0978892938988235 0.0540518815305405 0.102535975789184
0.094112639264058 0.137683352307285 0.0173859601074477 0.160971353026786
0.047231792125604 0.201992567923114 -0.0796449423592889 0.146954608982535
-0.0457434004293157 0.218091774090901 -0.130417788244187 0.0573263827872377
-0.164240523659248 0.170634457041596 -0.0487023342818721 -0.030298852857269
-0.231839081333791 0.13042655749621 0.122780041364536 -0.0322112254776487
-0.167629180934588 0.0819743337933662 0.144339075965291 -0.163653123238187
-0.176360608903229 0.132665926570466 0.221696413251033 -0.13529883964799
-0.100798250816711 0.208114510408287 0.213497181551318 -0.15926011663827
0.0036437495948765 0.210637753126254 0.141857898879061 -0.155700726295889
0.0694351586642964 0.142210741045278 0.0898275519588385 -0.0928673288871048
0.0947696138014931 0.100906521797568 0.0879236385098091 -0.0576634510151943
0.113460184656058 0.0613189279787018 0.0874839582748515 -0.0161707188112124
0.101307913733543 0.0415529602481178 0.0890447820055813 0.0220541191018178
0.101596665956238 0.0520701981162225 0.0974249416219819 0.0804549265838468
0.0881059245979318 0.093899883594053 0.077391187401676 0.136324136900515
0.0530984290605122 0.122990364079719 0.0248850772964567 0.189411469665646
0.00705788859982671 0.170256074113178 -0.0726520649939632 0.154697838345138
-0.0739479473775355 0.17360741103596 -0.106542197951583 0.0539676414715821
-0.169480885621878 0.113742914168168 -0.0138856298234224 -0.0372922052459269
-0.208494441785039 0.0670996459748741 0.177614980037345 -0.0464663814611926
-0.102954042319096 0.0137078332790631 0.169546626589652 -0.166891377962426
-0.116697130478284 0.0635351052220902 0.2143465858102 -0.149295509901577
-0.0637530254098012 0.118746088694341 0.196454245083675 -0.129866507700946
-4.14432687093971E-05 0.117018917497842 0.142499799309977 -0.116966814352661
0.0319663048716648 0.0751666525473378 0.115335207546632 -0.0613475451067003
0.043164606706962 0.0620447175541376 0.122420616940035 -0.0369777048844663
0.0599181850330309 0.0453933904906103 0.117909974172275 -0.000765604440301042
0.0573486131052986 0.0332570040853476 0.115989280427149 0.0442498499383751
0.0555321514577985 0.0417335894853885 0.118776247474833 0.109075690132228
0.0465248206958404 0.0650629451305931 0.0826997621986812 0.167567175140135
0.0231342242618187 0.0816845604346992 0.0162347018555973 0.212194247309032
-0.00909063682913769 0.114747842575883 -0.0731166414727995 0.161280033358108
-0.0727092230080485 0.112777825409379 -0.0865681383048215 0.0599451066697503
-0.139956458779787 0.0534534491839844 0.0136401691038293 -0.026186038186513
-0.152315811568443 0.000861265061021766 0.214841131233356 -0.0432941889144263
0.0487476323762961 0.0256382411150999 -0.234688134738042 0.10691399317066
0.0601900160793032 -0.027001185187981 -0.0360566655697212 0.0665408952304184
0.0317168553976362 -0.0588701021886787 0.0804506534510829 -0.0746726479627046
-0.00828220767416664 -0.0427379443091667 0.0660499924546031 -0.181895521186696
8.80149106168363E-06 -0.0252017624923155 -0.0368748070218217 -0.236642732683108
-0.000393027603671955 -0.0225357265594638 -0.133004288841466 -0.182776977931401
-0.0144933377948859 -0.0242491435334994 -0.163064440693425 -0.103642328077006
-0.00870284447309606 -0.022409405837555 -0.160675338189325 -0.0382309469123585
-0.000819046902688571 -0.0342625047510402 -0.144339909672624 0.0217451183512761
0.0180054415120079 -0.0349391883092214 -0.145119347800767 0.0638974301238288
0.0243485003346729 -0.0246006451818354 -0.137157798238571 0.0836136135215518
0.0306787578512401 -0.0218566510842564 -0.148858653941849 0.111052726170019
0.0412475766094056 -0.0292033690249871 -0.177800255829804 0.136611096167953
0.0587692360677168 0.00781735592956856 -0.159965332263075 0.157293209449576
0.044715649865501 0.0450737530458611 -0.118935140694963 0.188753417121241
-0.0214441008657352 0.091356988285853 -0.226651914491839 0.0585644465771801
-0.00501545671319476 0.0400678317124901 -0.0245602213906422 0.0303454616307868
-0.0041508721808339 0.0233915565780272 0.0815707899651167 -0.113629222575455
-0.0101259028240353 0.0406395047720447 0.0615785800713588 -0.205594825397712
0.0240593646995662 0.0429038435978444 -0.0387940935487453 -0.244139377038584
0.0471732828820826 0.0237589139117793 -0.128623420460701 -0.188681698450929
0.046660149965125 -0.00292474566374739 -0.154401373942674 -0.106696712442818
0.0477020433874792 -0.0146790835545952 -0.149103444955945 -0.0438560181217988
0.0627312242747682 -0.0317741995203615 -0.12812532272835 0.018100906999318
0.0854559324487627 -0.0133777030468354 -0.12387444403816 0.0670666190076659
0.0850572738190844 0.0180158601090318 -0.11685698314008 0.0958921469284098
0.0789491862884922 0.0577488812290939 -0.142838338973343 0.120340123960542
0.0471728810092277 0.0700368829701272 -0.176428824771692 0.127396854874081
0.0141282145788403 0.100475480611043 -0.13728080943569 0.130343008370074
-0.0275618934144554 0.131688760036384 -0.0853838929398859 0.157846675466026
-0.0911254344557696 0.143778896613858 -0.184361222218241 0.00287330903769646
-0.0754371881983133 0.1093390766597 0.0169992846835809 -0.00675990916878112
-0.039700078423654 0.115946361111227 0.104513836758879 -0.156236629521953
-0.00307622956279102 0.129185618496475 0.063703862615276 -0.233615778651516
0.0542235038776356 0.106698025916965 -0.0388219671026041 -0.2410109136589
0.092491865222139 0.0674933345170351 -0.113648848036943 -0.179576205985434
0.102899236687267 0.0179492482545764 -0.127241613356501 -0.0977296801258956
0.0968814772952241 -0.00577832584180345 -0.116956762220559 -0.044441897069137
0.114604574272554 -0.0263633306649824 -0.0911438819310879 0.0143160756681096
0.138444287412449 0.00547998174472504 -0.0817978044148847 0.0692132589320096
0.13294025916867 0.0496410659084287 -0.0773095452990374 0.111649429455169
0.121485187952864 0.115967466088137 -0.124085116149997 0.137765078229613
0.0589412461272796 0.150076432652437 -0.17262303463894 0.122371657603705
-0.0210012712039065 0.176159385057968 -0.119427123356284 0.0909764986816583
-0.0916078402006556 0.198633794482251 -0.0408626983603111 0.103501457425176
-0.147015048367153 0.177048234840538 -0.114988509872704 -0.0562779737070481
-0.134946264194285 0.172527248368134 0.0756512106653345 -0.0488421706844106
-0.0637827510317891 0.205566608847546 0.13570491676818 -0.192966399816291
0.0181521420535355 0.209841285392894 0.0702351191715468 -0.251214483380487
0.0896216670109636 0.155893080260568 -0.0305857780648787 -0.223420566123709
0.13159790565344 0.0974035031635331 -0.0838637816260143 -0.156494314610426
0.145461983017262 0.0321386640774257 -0.083096539081139 -0.0804077865898678
0.130985737142547 0.00322801438114429 -0.0682214287079116 -0.0384465841231065
0.146930365841291 -0.0153498041128523 -0.0410978869472737 0.0137045138500277
0.167989664291499 0.0263105726793941 -0.0288391357550635 0.0707729926388881
0.156154219819832 0.0764335234041381 -0.0283766778615743 0.125848077668603
0.140379362405408 0.157179731848869 -0.0972601492852194 0.153216809530397
0.0591760704033364 0.203896429573436 -0.163876524375903 0.114526587547294
-0.054566788903651 0.222832122859484 -0.104964846896208 0.0451891095741526
-0.14557506910173 0.232235673095005 0.0102603979633998 0.0378075041715903
-0.177625070440312 0.186787972399112 -0.0317155454885014 -0.115877469257637
-0.170002861158999 0.211538169409781 0.134142782482004 -0.0987128270272224
-0.0732457616133702 0.266630303437102 0.159795639679678 -0.216800682032489
0.0421815396825062 0.259147239532703 0.0781242570916267 -0.247559612892396
0.118181694067672 0.178250694615039 -0.00770846561135766 -0.188179158785722
0.153407948638145 0.108841995197449 -0.036675941328314 -0.125235022570205
0.165809324568544 0.0381099590492921 -0.0263968579982577 -0.0584102414353928
0.145314455676274 0.0111263485493473 -0.010982654806696 -0.0274248086150765
0.156474399399731 0.00135774078240612 0.015855666350204 0.0202698088730365
0.170562294901753 0.0506108064032154 0.0273027330287292 0.0767291602749692
0.150147449009596 0.10214919853642 0.0182826324512743 0.141176383228102
0.125899634127787 0.183273288167312 -0.0711593403407738 0.162723702676229
0.0379291669481979 0.22862100406904 -0.149917573290071 0.101870862484917
-0.0913500894101126 0.232780803564373 -0.0860410902274538 0.000514029036674573
-0.183567495348625 0.225351736363859 0.0666899205050301 -0.0252457810394911
-0.175568940402587 0.165271476879716 0.0471627336545839 -0.168978577840852
-0.17180534094698 0.21070093414825 0.175414684904801 -0.150677728826789
-0.0675221558273573 0.273062811795997 0.168791390633967 -0.22180781763866
0.0566511350255508 0.257100897734468 0.0859627220986258 -0.22113106226975
0.12317317178719 0.165697408396318 0.0279553516051 -0.143967534228917
0.148908461164991 0.100812130354872 0.0212161721706097 -0.09287304813012
0.159015753732682 0.0377719868517057 0.0336065160537469 -0.038549071514905
0.137249941402825 0.0180906103678214 0.0465904116586223 -0.0121081458293818
0.143401621873608 0.0196525308197877 0.0711496067365463 0.036921471901531
0.14739169784135 0.0713582002905181 0.0751358512807201 0.094832210723708
0.118933399596899 0.119050674837231 0.052296614391201 0.161056195652831
0.0853007907661251 0.18944856030365 -0.0529974248995093 0.169308659440939
-0.0016067830709706 0.221973744770827 -0.129733523060966 0.0861553412972135
-0.126664342606744 0.205446817976958 -0.0569451613722217 -0.0323979650278183
-0.202045191726859 0.182290543979552 0.124423207735956 -0.0713191143150562
-0.14488867871422 0.111710341780249 0.107123012587498 -0.204455363572629
-0.144985575483814 0.16558467109436 0.191873760698687 -0.1897213487688
-0.0531503852417217 0.222042969686619 0.166533897995469 -0.204338838230392
0.0510167126278011 0.201137456883476 0.0971195840535518 -0.180792300660927
0.0975095629845634 0.124042380128086 0.0688017903985708 -0.103005103370266
0.113827391434208 0.0784167866623336 0.0767923980397226 -0.0691053836140221
0.124689996292337 0.0339766403089345 0.0855054564749305 -0.024773025070377
0.107795568195385 0.0213268843884083 0.0954160295044601 0.00550961459165263
0.110504363490936 0.0311843801550958 0.116537085256633 0.0615699881805619
0.10674287824717 0.0756752875198302 0.107366814213016 0.124033908303888
0.0753871016388604 0.112757124171556 0.0663782778087149 0.189318485275696
0.0393759198044577 0.166279680625176 -0.0435825535468734 0.174958448675098
-0.0377458082229253 0.183859428392817 -0.104304407004842 0.0758933355681483
-0.142569489577244 0.149575836991135 -0.0206801887440645 -0.0453911540276369
-0.191020069216018 0.112145066075721 0.178157930415336 -0.0943195315139543
-0.0952743429625903 0.0336517455040556 0.138301931170528 -0.214127005171698
-0.101086051530336 0.0852511878739451 0.184610072004642 -0.20335266184916
-0.0369120673401321 0.127131954544659 0.163321005894117 -0.174286264472023
0.026300395849879 0.111143497811285 0.112693218331112 -0.144865424708922
0.0463541791567552 0.0656182616950259 0.102640463793887 -0.081354952790563
0.0548142484369798 0.0502561484897184 0.116163156005728 -0.0588158019603937
0.0686170315411236 0.0301160551860203 0.119527922225693 -0.0187323995817944
0.0629094012145951 0.020789611390144 0.127311629243048 0.0216667599921599
0.063289913860329 0.0307064024386911 0.145343233493371 0.0868842905010139
0.0587208223562061 0.0561865358515582 0.121218880195749 0.155663221226164
0.0372692047754794 0.077589489647167 0.0634895616869921 0.214884900810095
0.0122392079442413 0.114943905862506 -0.0417039202415951 0.181908259935344
-0.0489003020961579 0.124442185146391 -0.0799462691199848 0.0777436908532235
-0.127134309506573 0.0826067079899468 0.010548902808612 -0.0363584402619628
-0.148335582938273 0.035479247240839 0.216944563887883 -0.0936636467957263
0.05117890984566 0.0265826246418413 -0.242123430186714 0.116646800010217
0.0624961676943138 -0.0292086759878408 -0.0350895119093669 0.0700968578851787
0.0325349299900804 -0.0616843168926917 0.0808178600818686 -0.081008031395032
-0.00895212967024175 -0.044329725422722 0.0624147318110631 -0.192126914027687
-0.00056098380595127 -0.0271330046855913 -0.0451000787576173 -0.24708836180056
-0.000402519059178801 -0.0240372020763798 -0.143857624993306 -0.188164466444777
-0.0149176243800467 -0.0237675452005407 -0.174486206371853 -0.103983283354571
-0.00843052793582395 -0.0230687941196852 -0.171013461385141 -0.0355199760322314
-0.00169266639877833 -0.0352488932481197 -0.151863562179639 0.0265766264640547
0.0179065977766758 -0.036809447862265 -0.150450158737822 0.0706797769963796
0.0247968398434494 -0.0261600482649578 -0.141399113162185 0.0922599322664097
0.0315761480583718 -0.0250822291686946 -0.153658058974012 0.12164912061936
0.0416777518417152 -0.0307324761238117 -0.181728397288602 0.149130555244244
0.0610058793413136 0.00747234212769079 -0.164176672988542 0.168841831850735
0.0462779043918208 0.0461414217363675 -0.121563863282185 0.20133968077458
-0.0204167823251156 0.0962129582260131 -0.235165746454566 0.0655993250821811
-0.00434810680239681 0.0430498637278474 -0.0235504136675956 0.0323924392408414
-0.00254394431947945 0.0262688674650858 0.0814444703288134 -0.121197353752782
-0.00823163751105719 0.0429677493750018 0.0582751637892222 -0.21707754411339
0.0276716361596207 0.0438743384980849 -0.0468469995741532 -0.255395674314433
0.0509800871223485 0.0227765633147509 -0.139868304322705 -0.194714600349588
0.05018169503241 -0.00375428878024859 -0.165559324774616 -0.107995505262908
0.0502779247204817 -0.0162923939695488 -0.159516794193504 -0.0422013904410882
0.0647806126234698 -0.0349932663840341 -0.134804326274865 0.0224117283140902
0.0897936952290795 -0.0167841538525958 -0.127427394790833 0.073152846989304
0.0901211911664525 0.0163400327670908 -0.120291300853884 0.103505824185643
0.0845986407453109 0.0569974137501575 -0.145716410659914 0.131728819760525
0.0511110093542773 0.0735893037141613 -0.17997126532638 0.139395552963515
0.016747824730409 0.105747633982142 -0.141463878939375 0.140775182131535
-0.0266579928909801 0.138850409530765 -0.0879485090980733 0.167977982601043
-0.0916921174979233 0.151887126600568 -0.192148703273364 0.00705264879155956
-0.0764235060532631 0.117086055106658 0.0189042542370716 -0.00743370025731325
-0.0367222770824058 0.123798942041734 0.104025314097138 -0.166626059696334
0.00248460549576172 0.136005246394369 0.0598983280458563 -0.245591573357852
0.0616214776343997 0.110873673118001 -0.0471472589412324 -0.25220592038255
0.100334737297948 0.0669762648559064 -0.123625085240099 -0.184829192866092
0.10957680405867 0.0157714325401022 -0.135884627633958 -0.101021785790455
0.101543801514269 -0.00829956750618863 -0.12456830436193 -0.0434725232091859
0.11866830883888 -0.0314029659641428 -0.0960351214648264 0.017344647925286
0.146038557521595 0.000534564888755641 -0.0831349929501789 0.0746780716545439
0.141800963490497 0.0487061392147761 -0.0783014428238401 0.118825392692835
0.131787081270726 0.116946834148861 -0.125441091529742 0.150163824437602
0.0659324570183013 0.15659843400291 -0.175870620213347 0.134297468931562
-0.0175797234628565 0.186492422492168 -0.124744233030878 0.0998316450246854
-0.0910300886555108 0.211466414975295 -0.0419769614009381 0.110300162324457
-0.149832676341666 0.188709498551968 -0.119847863968905 -0.0566545106299737
-0.137150482309313 0.185290416136658 0.0794783101129295 -0.0531049469286576
-0.0596461743126054 0.218902702791038 0.135851674047323 -0.205198119593675
0.026186037288823 0.220127574942212 0.0663435870635274 -0.264516511106539
0.100221706430416 0.161647696344223 -0.0379999701825554 -0.233645580602405
0.141748752879538 0.0977909816025946 -0.0922692522509726 -0.161466482197442
0.154003595397723 0.0299720945365653 -0.0886563716529282 -0.0844558549149363
0.137490113151117 1.13759707361929E-05 -0.0732742103161257 -0.0387264420400745
0.153479601870402 -0.020363929763841 -0.0432226254372972 0.0154279262820381
0.177276923965845 0.0223075400597777 -0.0269996520759258 0.0742686723210843
0.167148692959897 0.0764676297776841 -0.0256017989235512 0.131810828256263
0.152685561251921 0.159999410597303 -0.0971101722604521 0.164615959495312
0.0685757389045863 0.213814673001505 -0.166563124855255 0.126677194208678
-0.0508555475339439 0.235805544780804 -0.1104513947796 0.0518928390303059
-0.145016809552763 0.248274368758631 0.00968845800987979 0.0399958544053922
-0.180401219171865 0.199158377914789 -0.0340154261737647 -0.121228395233727
-0.171974221929769 0.227348548974844 0.138680328275711 -0.106952178152524
-0.067616049116063 0.282297274612852 0.159566389549701 -0.231013274898455
0.0532997496998164 0.271502821343317 0.0740776472118161 -0.260756443539384
0.130636496801534 0.184624053254379 -0.0134172712169653 -0.197949907399704
0.16543620623836 0.109029355892616 -0.0422359660635939 -0.129997347186426
0.175438889759285 0.0360666005913561 -0.0277284284324265 -0.0636355148735274
0.152114585578922 0.00799794798861474 -0.0113636496605727 -0.0282964133891731
0.164046266859594 -0.0035458818947689 0.0169500940459144 0.0212609115177141
0.181054422199038 0.0472337731531267 0.0320223392074025 0.0797225439156418
0.161913010716005 0.103559599913085 0.0238986360458404 0.14600601742744
0.139101287040727 0.187810653695049 -0.0695375790978032 0.174455850337379
0.0465883245214266 0.240183423478786 -0.152009080892318 0.112528320081052
-0.0892108303003727 0.247453533897044 -0.0918958012915152 0.00515705921463087
-0.18515504911585 0.242659249322256 0.0670644416259051 -0.0266796722090101
-0.178723373302983 0.177160922765158 0.0476768810234987 -0.178529387885076
-0.173873151706297 0.226418640320646 0.180340483528409 -0.162852698795232
-0.0615922270603625 0.289511142260309 0.168961751583964 -0.236666908872574
0.0675717853121336 0.268617697153085 0.0832807133406396 -0.232654587386567
0.135400777039754 0.171728806836393 0.0250658093739785 -0.151682164476529
0.160064918343627 0.101296532305353 0.0195577321947053 -0.0976721291133957
0.167840930219563 0.0350804583407414 0.0363827367595424 -0.0442055740615694
0.143777162806254 0.014668170255031 0.0495590797430757 -0.0138770945284627
0.1510664392025 0.0159931057333338 0.0762857360971505 0.0368469731061515
0.15710097351288 0.0701515635332426 0.0823837516747844 0.0973938899874985
0.129001511497167 0.121623369009088 0.0602727081049316 0.167589014897674
0.0960358259898607 0.195286602826954 -0.0492208504946139 0.180182788087694
0.0052118857111029 0.233599851327392 -0.131422851762668 0.0955312038266243
-0.126829428063807 0.218964927898996 -0.0628797159608471 -0.0300668418221258
-0.205007648309137 0.197399965072465 0.126209715406113 -0.0769218828455547
-0.147514882317255 0.121008174786584 0.109521986777476 -0.217145852825776
-0.146296265167088 0.177744666511113 0.196639313067331 -0.203614105454428
-0.0479913421697553 0.235281501676744 0.167402580746152 -0.219161917742382
0.0598705980781267 0.209900093779086 0.0964968028350325 -0.190813499215132
0.10608697079328 0.128185517627861 0.0692720343793616 -0.109609512230447
0.12184731102485 0.0789054561275932 0.0789793625153088 -0.0739552966780443
0.130729407694819 0.0320747346891188 0.0917940624111601 -0.0307087403327167
0.112937270603226 0.018765654050122 0.101649181691691 0.00310661119987365
0.116306390909785 0.0294523466523914 0.12443988916329 0.0613624159548562
0.113811179152484 0.0754084052142967 0.117292339965296 0.12767880084509
0.0829405161797788 0.116207364684212 0.0759176404187336 0.195222308585732
0.0470243758644039 0.171878488836097 -0.0395853790891963 0.185751235048584
-0.0340658829894503 0.194169228476167 -0.106476009328338 0.0842802061298074
-0.145299431995222 0.160114826234454 -0.0250749306729973 -0.0448465452625536
-0.195989365372661 0.12478093984345 0.182213624242602 -0.102305755989808
-0.0976678509771788 0.0381413387545705 0.142103539321732 -0.227880496828549
-0.102185180556871 0.0923947121507896 0.188128677972742 -0.21793434585971
-0.0347348417264511 0.134718174790076 0.166042005390247 -0.187243689331017
0.030781765255885 0.115696113847672 0.113498263931016 -0.152988467845189
0.0502433940259292 0.0682744927671261 0.105388958883525 -0.0868704930415562
0.0589589639185326 0.0516889287270278 0.120556791865739 -0.0646496964777915
0.0719923909183599 0.0299151191618033 0.127253572259415 -0.0237093106387289
0.0653450041272289 0.0198207793446422 0.135609663467382 0.0200240698549022
0.0666615086330389 0.0297092310476024 0.155787001093373 0.0868920459085168
0.0625179742697922 0.0565952511437972 0.132150213838412 0.160460887165838
0.0413793620577803 0.0808539299375711 0.073888124625286 0.22363277620564
0.0166550271112418 0.118326352499634 -0.0377436467483362 0.193203145127697
-0.0477741885492185 0.131200132627226 -0.0811040788744258 0.0853508156737049
-0.129996690485288 0.0891626650893177 0.00771053801413832 -0.0369623761880633
-0.152419010531322 0.0422169680492235 0.222767394352618 -0.103567782491369
0.0545781754144932 0.0258793110482024 -0.247300944336752 0.135891466148191
0.0640598044754501 -0.0335588805617756 -0.0323105406346092 0.074703675155863
0.0317406967169588 -0.0671533787466093 0.0791097040846103 -0.0893496471373277
-0.0112957403518078 -0.04584896560097 0.0541970420394217 -0.205184824369476
-0.00238430960520949 -0.029834366200782 -0.0615098151924939 -0.257979330510168
-0.0010136700540198 -0.0259179840227986 -0.162425784725727 -0.190306815948309
-0.0150563170998654 -0.0232421158633061 -0.191234512015914 -0.098951398517651
-0.00947375218226355 -0.0232386442434452 -0.184476191826122 -0.0269025213548972
-0.00377769017980202 -0.0370274917884743 -0.159504923252334 0.0362346446688759
0.0165644423727421 -0.0402070978326072 -0.154672172300694 0.0832083771707759
0.0244218148729665 -0.0289137954365245 -0.143863628552903 0.105101437251644
0.0314765313064725 -0.0286513125252793 -0.154172877054671 0.137559844483901
0.0411247750713531 -0.0337109244787818 -0.181013874291925 0.16812774282545
0.0638074959920549 0.00519171237865747 -0.164050446485935 0.187038283987536
0.0498619457030082 0.0453756827776137 -0.119270712261647 0.219150571080198
-0.0163056749274745 0.101479013829866 -0.242363465293087 0.0812434217779269
-0.00198170385093585 0.046133216377932 -0.0219915834596459 0.0349705737247009
0.000630937730062986 0.0283361382151921 0.0774431571996951 -0.1311716218853
-0.00413717055194229 0.0466240542839097 0.047815793795996 -0.231369009328436
0.0328121207530959 0.0436148129427228 -0.0638109199651916 -0.266013614669968
0.0564304887851248 0.0204624395199094 -0.158207606916637 -0.196840179592776
0.0539999433744007 -0.00642087717546474 -0.181537122485014 -0.105018613311631
0.0525584017137777 -0.019816654414258 -0.172041807093873 -0.0347032971548717
0.0662366173364971 -0.0407664833888595 -0.141618588983002 0.0310501054600029
0.0935486267669335 -0.0233204055451149 -0.129607436689167 0.0841454065577958
0.0962677786477848 0.0125486564113 -0.120996579531141 0.116127153718763
0.0923639025520517 0.0538318044350624 -0.145813609510249 0.149071746178376
0.0580899531488424 0.0756365815662901 -0.179322225267837 0.158024396003441
0.0238505414064747 0.111463646375231 -0.141499409907023 0.156746124548372
-0.0205141181786284 0.147855395320486 -0.0858270736620992 0.182364604423855
-0.0888409148638064 0.163754708863715 -0.200650318591309 0.0183235509471533
-0.0737756240606441 0.128120972148313 0.0207719047338299 -0.00837340493020065
-0.0297375547981316 0.133401236077613 0.0983965122919934 -0.179665230637535
0.0125092737715446 0.144031016752488 0.0478458683864107 -0.261380512198318
0.0728322499973213 0.113252710574192 -0.0650488767788925 -0.263432355462468
0.110759561548876 0.0636286809357046 -0.141367283358325 -0.187681832077782
0.117714564066014 0.0106913404318696 -0.149579076692981 -0.0998967233273003
0.107134359750694 -0.0139609173060919 -0.134912532863671 -0.0382234470914469
0.122791040028904 -0.040464418283954 -0.101126154898291 0.023959362572554
0.153822910597112 -0.00828049407736875 -0.0829744414310895 0.0825834957270719
0.152841725238978 0.043069316607984 -0.0751078098945301 0.128957094881046
0.146047773766364 0.11372111833777 -0.12279604884937 0.166811893261189
0.079315791930124 0.162584474349581 -0.17518130918445 0.153105280410466
-0.00776789850910744 0.19839623498753 -0.126359670214111 0.113756729074947
-0.083300304132932 0.22813699311375 -0.0408145820303151 0.119109816074733
-0.147301453454777 0.205247600635356 -0.127885292110083 -0.0529119824163815
-0.134069046119953 0.203089880531188 0.0814131988958754 -0.0596958358222209
-0.047906785958389 0.235237684749466 0.129297550430283 -0.223055641519859
0.0429215226527555 0.230949610691411 0.0539106640967017 -0.2805803007153
0.117160481100891 0.164597125014673 -0.0537445492796519 -0.243798746968502
0.156440182839675 0.0938382222772972 -0.106389241734298 -0.164367226484661
0.165367137737835 0.0231079193982438 -0.0982935243108421 -0.0861244970473476
0.144876722998587 -0.00792100811266354 -0.0796633661901598 -0.0364739873368136
0.159457902219662 -0.0310709903897843 -0.0450116672125153 0.0191860808951269
0.188258398421391 0.0118540205225503 -0.0229949525996841 0.0792419848883203
0.182244085768335 0.070647195415833 -0.0198572528994574 0.139287469890025
0.171087242193468 0.157935818684028 -0.0914786365438128 0.180526457503254
0.0858280631460235 0.222103402084703 -0.16624204172617 0.144711239701157
-0.0396838399597549 0.252449736438977 -0.114434203432844 0.0630944887515444
-0.137647673861215 0.270552463530076 0.0101747336700505 0.0430390918415743
-0.179170265391646 0.218355350886753 -0.0413863139603758 -0.125238648305588
-0.167341884834069 0.249650158186066 0.140460748121693 -0.120410451679654
-0.0527402851123136 0.302351644144355 0.152748559202863 -0.251365211354996
0.0739591831244816 0.282609731677366 0.0623640742625405 -0.27691691054635
0.150064256992823 0.187029464507653 -0.0253972305752533 -0.206263498070862
0.181777207193623 0.104810412438172 -0.0521303704258298 -0.133329119321053
0.187510481210405 0.0273637144198956 -0.0320493627366478 -0.0681183577674997
0.160824428011143 -0.000333036181322298 -0.0135454150480865 -0.0293644988810087
0.171923704922318 -0.0137804583940328 0.0193529530174176 0.0215438749330021
0.1935853819357 0.0386663933162589 0.0389817051285515 0.0816581254491985
0.178280890556457 0.0991502141454664 0.0334035595604771 0.151226032122678
0.158887473890475 0.188577988155439 -0.0617437463026147 0.188521682582451
0.0641596392843102 0.251604305356659 -0.151993171506372 0.128398999344536
-0.0787070991373504 0.265716730495041 -0.0977430259667444 0.0132247811183994
-0.179005149375209 0.267226600091557 0.066744826843231 -0.0307661778959098
-0.178360630159838 0.195048206500241 0.0417274076606739 -0.191009003688249
-0.168973590345665 0.248872097161511 0.180386591528318 -0.181214063576614
-0.046230185953934 0.308526511152363 0.162412858730043 -0.257378376893602
0.0884272703337867 0.279269504527563 0.0737344556212285 -0.248120341810477
0.153615928411093 0.17377334465275 0.0173690029671695 -0.159365338477915
0.175239794650932 0.0965710339966393 0.014874106219992 -0.103392329720516
0.178225839398481 0.0272983265120914 0.0374275259864066 -0.0510568676331241
0.151539497157059 0.00749301289588633 0.0527158550357321 -0.0169743085594828
0.158993972618908 0.0074651956044129 0.083128074441168 0.0345483762198774
0.169658670215001 0.0635627740378182 0.0941298710205566 0.0972637551792897
0.144680727296025 0.120681999062118 0.0731110488293601 0.170804110650918
0.11364683220955 0.198701510853307 -0.0402968227547667 0.194330425601981
0.0197420666454183 0.246388240031111 -0.131962590946403 0.110347334634685
-0.120014736246837 0.237686184993735 -0.0684737698216436 -0.0259985327791532
-0.202770816531951 0.220756520392271 0.126784404885922 -0.0872417452176243
-0.148173425076823 0.135207138203002 0.105398528869127 -0.235314742092969
-0.142156040181492 0.196039032737765 0.194215136198312 -0.225412586391276
-0.0351933380210603 0.250338316721028 0.161984510069266 -0.239940862471065
0.0760469953055885 0.217658624367689 0.0900502305651021 -0.204760353652566
0.119903490571557 0.129300912201303 0.0671028765142691 -0.118340061907615
0.133545972594451 0.0757587864904916 0.0790933930522917 -0.0819443032636724
0.139182323544994 0.0261112977125987 0.0969528254937653 -0.0396161652150612
0.118907772453235 0.0136351428557749 0.108854172795674 -0.00232003080977725
0.123172540875726 0.0234335813929521 0.135204152051721 0.0574024839612834
0.123965846788593 0.0724211823399584 0.13213556883648 0.12685343720283
0.0951972309263251 0.117724201386852 0.0920550323312261 0.200226556828761
0.0600306319835947 0.17735323102254 -0.030154946677999 0.199379942430375
-0.0241597628530053 0.206314436403186 -0.105603686189479 0.0953922543282665
-0.143608154855461 0.176912700519159 -0.0310920876296395 -0.0436064152433433
-0.196847841560599 0.144029963052779 0.184486495351584 -0.116709879074165
-0.0997648350816317 0.0459436156035923 0.13911826253039 -0.248317021924763
-0.101476881131624 0.103617995079082 0.185140344354056 -0.239683601368611
-0.0279515091661649 0.143782430686272 0.161633673453111 -0.206698386072888
0.0393132070946189 0.120737562518387 0.110115156412663 -0.166080755365036
0.0562722805564489 0.0697458079810169 0.10710181082084 -0.0971919353910193
0.0651782827380548 0.0509553482242871 0.123598159079575 -0.0755885213229029
0.0775208178213076 0.0269337944464376 0.134771028849473 -0.0334804790558217
0.0690659638810354 0.016911017156472 0.146056246790349 0.0137191700973276
0.0711302354770828 0.0271593437174349 0.169646708805232 0.0826054726216005
0.0683061553178685 0.0551934318182043 0.149703776395756 0.161587841184414
0.0484948405787068 0.0825912628235935 0.0912500665881951 0.229759178848261
0.0246742139413524 0.122768895657021 -0.0277780696656391 0.206276525293576
-0.0425291999797617 0.140533376578339 -0.0800782809979925 0.0952972360762646
-0.130892291562416 0.100675730232313 0.00393832455199134 -0.0371425719757571
-0.156694170577928 0.0538260525975359 0.226738146452708 -0.119401793411649
0.057595537066837 0.0228037654192669 -0.241811118630238 0.157503367243758
0.0634682509868074 -0.0383766878503895 -0.0266103065406863 0.0791480643419948
0.0281352634748071 -0.0715270035663412 0.0732157370580993 -0.096698512952399
-0.0143767888073754 -0.0468918787739336 0.0388990015703874 -0.214245379186371
-0.00495658297667395 -0.0312954618482454 -0.0843324402440313 -0.260349564877559
-0.00276545715163321 -0.0273350624139484 -0.181476659301264 -0.182561505195543
-0.0153137712797846 -0.022211889053567 -0.205362102637361 -0.0857875610492874
-0.0102184652260035 -0.0225298223736656 -0.193946035320585 -0.0124688766190798
-0.00606008880979632 -0.0368504388502044 -0.16224915553066 0.0499683043131294
0.0137512294386846 -0.0420469335202733 -0.153032357163165 0.097626121718953
0.0226038085509566 -0.0317768849163518 -0.13975641293223 0.120298942147167
0.0296268095622655 -0.0322787831674327 -0.145975279960896 0.153621698617102
0.0391789444700875 -0.0366873431862487 -0.171692602301888 0.186779832495856
0.0656489099164727 0.000567235224015954 -0.154642384655345 0.203982600534535
0.0532679090175352 0.042213925539655 -0.107913623616147 0.234531519248562
-0.00968316215372364 0.105113969068417 -0.24146640428423 0.10229922879306
0.00138103542454504 0.0481544812349539 -0.0192763364373744 0.0378543138323648
0.00430051992648144 0.0287181129006804 0.0673718562417013 -0.140003601796433
0.000831812316221356 0.047756414777398 0.0306171045744862 -0.240160010325097
0.0379368400030201 0.0419637195449087 -0.0876222660988458 -0.268589021336723
0.0603619855844982 0.0153331263674288 -0.178085391464058 -0.189867155938484
0.0572408734522861 -0.0106155985593997 -0.195669001281655 -0.0941730527155131
0.0537171462093374 -0.0242603475844239 -0.181079729948907 -0.02165807385128
0.0644602191309971 -0.0468163395664244 -0.144282271187814 0.0430852029962744
0.0941852763253327 -0.0313110916793561 -0.126523363701249 0.0963178266765721
0.100405788188134 0.00541513338541907 -0.115833982490669 0.128863075543738
0.0989493390207953 0.04734150974578 -0.135619018585224 0.165350927780931
0.0658377366119142 0.0741902018263473 -0.170483882747852 0.177395555927637
0.033426944031149 0.112751657431917 -0.134593467847823 0.17294237839507
-0.00919155439012942 0.153104240698268 -0.076412473713642 0.194792258425312
-0.0791286353298458 0.17424761812225 -0.203235191932651 0.0332944786477407
-0.0661262720728056 0.137999493751789 0.0213766448410781 -0.0103170723069611
-0.0185307797556029 0.139367438717849 0.0852124454906211 -0.190464849959307
0.026078841243491 0.146746630877896 0.0283533110242044 -0.270500689424455
0.0856156502054459 0.110394598219931 -0.0876768163278932 -0.265425541722434
0.120284228338481 0.0557959379874704 -0.160177213832264 -0.180738981041051
0.12331754394887 0.00210839784550045 -0.162262788513148 -0.0920601695713106
0.109535329285711 -0.0224875924855923 -0.143152595174455 -0.0281029808091499
0.122592404180302 -0.0514814825503873 -0.102720078703874 0.0332552489397204
0.157754054882256 -0.0213355534899797 -0.0783594265956413 0.0901080103223065
0.161589107641529 0.0311865197597022 -0.0679195313827747 0.137521466933101
0.159044981987614 0.104415747858504 -0.110078082149034 0.182498146476389
0.0951133510086003 0.161668051468527 -0.16618620851831 0.171448042815525
0.00864642641104216 0.205100945180297 -0.121903466014791 0.127377100210921
-0.0654848453889681 0.240947916203966 -0.0355653740654539 0.126448091186904
-0.136238375325019 0.220700263012181 -0.134581408967769 -0.0446520096644847
-0.121506228324524 0.219148134219942 0.0793787751626657 -0.0678738211851752
-0.0289892554773963 0.245165072901262 0.113171718041426 -0.236165827933318
0.0646251623437625 0.233485787462269 0.0327174335741326 -0.290957928554956
0.135938206152077 0.159348607739226 -0.0749007491258672 -0.245734883461637
0.169906913642696 0.0831160278232655 -0.122099646435978 -0.15951569872495
0.172307978029128 0.010240629671884 -0.107687225050638 -0.0823887562473268
0.149160998397865 -0.0187971559601113 -0.0851489395391594 -0.0310960436452891
0.160403333388053 -0.0450668881720402 -0.0450483239072324 0.0238503862749307
0.194742782570226 -0.00398719494451666 -0.0169846099707978 0.0823910121109454
0.194069352976186 0.0572927332529296 -0.0100084070993365 0.143454961308492
0.189173029986054 0.147031905607353 -0.0771944830903463 0.19444380517975
0.106939250024285 0.222430463319102 -0.157337387413203 0.162723376859138
-0.0197343950366493 0.262450323997145 -0.113883133417775 0.0755161341512671
-0.116841044436438 0.288180454392308 0.0109343486069637 0.0447591202647151
-0.166941705188043 0.237393861940572 -0.0510396335254845 -0.126050777912036
-0.151538188741692 0.269910166023267 0.134575340930604 -0.134038810052814
-0.0273510600754305 0.314222989864887 0.135293259953573 -0.267655023374137
0.100448261393074 0.285023758253625 0.0420950443371416 -0.288071310517919
0.171853999589926 0.180970074837781 -0.0430335201312056 -0.20934254993467
0.196685637530976 0.0924497690486916 -0.0637584299957746 -0.13170013662719
0.195802866163986 0.0129960171122776 -0.0377425227796635 -0.0700026397018396
0.164882432579372 -0.0126357624818135 -0.0158687567993443 -0.0290278102924675
0.174487805890483 -0.0281351612285295 0.0221495245132554 0.0213302629016836
0.202042724600087 0.0232944877669518 0.0472679514886341 0.0793820347299489
0.192657144250786 0.0876740930345118 0.0460028804600768 0.150817134541494
0.178781526803587 0.179281452807993 -0.0455011456678007 0.200142127300231
0.0877847126909716 0.253288989517621 -0.143809149166701 0.145334860915426
-0.0586116643022889 0.279349742839335 -0.100404526112081 0.0236322893646154
-0.159175355157134 0.288773328166058 0.0638937380470968 -0.0355067308399303
-0.167338667327088 0.213567081190983 0.0293558324205238 -0.199638640230409
-0.152008014105986 0.269636805319613 0.170098104221522 -0.200035948381936
-0.020685019262348 0.320608689993585 0.145249411128445 -0.27528217013198
0.11493393279525 0.279530350503821 0.0564049133802146 -0.258827518639929
0.173517986193622 0.166258166193818 0.00591864380482161 -0.164637388237395
0.188801935892419 0.0848145982337068 0.00779874471801642 -0.106117786834447
0.1858168921314 0.0138218486151086 0.0354488767909405 -0.0588093427908123
0.155689937951495 -0.00416641892828147 0.0542817661392738 -0.0226110606289396
0.162962453722314 -0.00583902467835992 0.0882819830787396 0.0290054038400105
0.178895759569071 0.0507746411565967 0.104607100601135 0.0916666483065852
0.159934059717779 0.112172674196222 0.0883379196221713 0.168305911151906
0.133461778065295 0.193605288958066 -0.0235066256955226 0.204083261079938
0.0417334929210666 0.252037025923061 -0.125080905904063 0.124194311129145
-0.103591635204626 0.253335202508697 -0.0741984930160375 -0.0189987553542212
-0.186625145302963 0.243685647455089 0.121250676284749 -0.0982140022650979
-0.140869963606332 0.150171885637695 0.0911623962902239 -0.249930262454704
-0.129242674242942 0.212435265194167 0.180215500358531 -0.245800957419402
-0.014308660456186 0.260059502222474 0.145416715999846 -0.258002995305932
0.0969988621635489 0.217916015469273 0.0760847275993697 -0.215806416475411
0.134761072850402 0.124131837641919 0.0598209015140084 -0.126599213311481
0.143570881985145 0.0672547917766701 0.075354476089291 -0.0899635711585298
0.14501185322063 0.0160713337091489 0.0980984321005915 -0.0512515684993149
0.122942144837981 0.004596784423727 0.113060852508634 -0.0113361175951889
0.127616207421607 0.0141742231947491 0.14449364485206 0.0484262130261432
0.132533476688528 0.0633652214484842 0.146388440211241 0.119614843806093
0.10853595302497 0.113568531813086 0.110394325106 0.19691656936284
0.0767840203089996 0.175856325203477 -0.0132515113625611 0.208351732179509
-0.00720465469252249 0.213849064458256 -0.100025538974554 0.107491933469491
-0.131850703377188 0.192075592358245 -0.0372675111037882 -0.0403487086707369
-0.18763540745725 0.163576857318945 0.178764480528774 -0.132988342115484
-0.0975617374431198 0.0552956644731943 0.125715648069689 -0.266430789541087
-0.0947350472844285 0.114285677698461 0.169318217654534 -0.260549502750555
-0.0165240999454517 0.15013354698168 0.148658037112757 -0.224324219508059
0.050240530865723 0.121371594174331 0.0997921415338183 -0.178205980896051
0.0639624566235408 0.0677027323580329 0.10268224019175 -0.107342405736578
0.0715504413097991 0.0472278277558962 0.121637750289868 -0.08629179559009
0.0809403274228903 0.0217599999487969 0.137609519997573 -0.0474355276876267
0.0714963371797141 0.0121483199047464 0.152871132670158 0.00192275716445763
0.0746919926204176 0.0220244121985009 0.181950688901923 0.071335417514153
0.0741095379490932 0.050786694437643 0.167523752792956 0.153982354675658
0.0569311600504263 0.0810759871945554 0.112341798681394 0.227715223260661
0.0351557004255505 0.122437960952115 -0.011076992940268 0.215207685555191
-0.0320935470968842 0.146189954101053 -0.0743960313137172 0.105188270376398
-0.126538301488605 0.112541986302716 -0.000291092388571877 -0.0363476941198076
-0.154156937123637 0.0694432276439328 0.222746745276446 -0.139465173197468
0.0583577032161101 0.0188722255658379 -0.227452551349985 0.170875267766773
0.0601647020644527 -0.0417987016228574 -0.0201960915488531 0.0801667042954164
0.0229150954622779 -0.0729233660081507 0.0654068660594458 -0.0991903918288983
-0.017026455099802 -0.0453718192425941 0.0239502178303172 -0.214203448777308
-0.00730984492697724 -0.0306910344415636 -0.101689563120328 -0.252041803143883
-0.00408024949663236 -0.0281649431780391 -0.192778662411925 -0.168278350809088
-0.0150499632180951 -0.0211327940022695 -0.209445674738701 -0.0693550198313359
-0.0107163712541778 -0.02166819083386 -0.194721636458705 0.00266553714466885
-0.00818109114082548 -0.0354003011035872 -0.15843887030701 0.0616501689887214
0.0106623813315667 -0.0419979780240174 -0.145268456359882 0.107526087895713
0.0202812101193438 -0.0326642058790203 -0.129756421274525 0.128703243325945
0.0263269513737946 -0.0342570997903228 -0.132181816159143 0.162110896544771
0.035711745892971 -0.0375345454187434 -0.155637349452211 0.196655712985203
0.0648710016487734 -0.00323878830562411 -0.140434834383582 0.212251909916536
0.0544572788686692 0.0373098913701251 -0.0931795491402056 0.240439234494214
-0.0032932115305134 0.104525287578494 -0.231530165768201 0.116290797284444
0.00431729503895037 0.04783358746179 -0.0153080475766854 0.0384914027548442
0.00650085249621784 0.0276474492270291 0.0576325850255333 -0.140907160598739
0.0059954921106805 0.0470861324896885 0.0136240419233997 -0.238648121895592
0.041384209788544 0.0386350419581386 -0.105870793961409 -0.259735037110421
0.0613292678287287 0.00980315932859574 -0.189359820958539 -0.174779924748922
0.0574457426759587 -0.014369823621637 -0.201566288821848 -0.079256604159701
0.0527183887617362 -0.027252802016075 -0.182623208982442 -0.00840564966445659
0.0601483932293397 -0.0500700394662986 -0.140419141367112 0.0530408766778412
0.0909749857503207 -0.0370931022384234 -0.118897907506338 0.103617746588036
0.0997423905203514 -0.00190007677242082 -0.105293839933796 0.135348939655537
0.100745308485469 0.0393943397920441 -0.120807491353977 0.173212611293504
0.0702045187568401 0.0702563614216279 -0.155442297771422 0.187540396094572
0.0413127372654728 0.10965089131392 -0.122553866064934 0.180281151185008
0.00149832450755641 0.150982090670965 -0.0650814097705237 0.198988647376217
-0.0678624827413512 0.177366282819967 -0.198783917461538 0.0456549954859907
-0.056759176915209 0.141567964420255 0.0209574300120756 -0.0114154078625278
-0.00725006296205119 0.13917027156664 0.071497202535324 -0.192055228097427
0.0385014313537921 0.142846374542687 0.00974490850131787 -0.268413566225989
0.0942361891058796 0.102733932630435 -0.105421871784201 -0.25628656372556
0.12412230094877 0.045484768853958 -0.171255963570645 -0.167067377808674
0.123613575502306 -0.00689414062165453 -0.168228773948968 -0.0811421767305015
0.108197069951535 -0.0297223302107903 -0.144826181495332 -0.0172191068424382
0.117629634930049 -0.0588401031979729 -0.0999117526841975 0.0400746526308539
0.15455367333913 -0.0323717564350897 -0.0715389386544606 0.0943608748954045
0.163185102153937 0.0195832392451746 -0.0582224937507087 0.140710512799033
0.164866194891456 0.0912998769364515 -0.0937893242118823 0.188645189725795
0.106577941731472 0.154722276080384 -0.150970041771376 0.181779712414849
0.0235834864481844 0.202502376986483 -0.113054582198448 0.135953815184455
-0.0475006997260284 0.241856608866114 -0.0296732329860326 0.128866363823625
-0.121114387917508 0.227675703460519 -0.135912200055093 -0.0355070946716584
-0.105170753999791 0.225840371401172 0.0739132514571861 -0.0717503672267081
-0.0095654595823694 0.244441492071977 0.0948073333720876 -0.239752062169436
0.0825182714192064 0.226956792130239 0.0123674360132681 -0.288393480558201
0.147677082662815 0.148775410782533 -0.0911894669438508 -0.237133606328788
0.175556753223909 0.0694025326797001 -0.131712155276614 -0.148432325615802
0.173231511093025 -0.00187493331568912 -0.112987949201295 -0.0763697284473716
0.146766812135922 -0.0285922633818501 -0.0869545921896614 -0.025084693030987
0.154653556866215 -0.0557274419229893 -0.0429939411928755 0.0270270392995302
0.192285910195333 -0.0177250638496237 -0.0111172251671165 0.0817746952310579
0.197684039306011 0.0431854309456128 -0.000416586181203802 0.142211483613851
0.197799034670119 0.130971914830886 -0.0603184831280311 0.198241833462448
0.123174701107792 0.213806838163445 -0.142477488696362 0.171945713658842
0.000412724824197569 0.261536262824224 -0.108752726054462 0.0845014371321535
-0.093242778450558 0.292831131213028 0.0116006116896964 0.0449133138239533
-0.149483737783181 0.245883559554867 -0.0587095252585998 -0.121706202661897
-0.130664156398321 0.277269701800144 0.122833738479943 -0.14083441627271
-0.00320176102193315 0.31281289230046 0.113925182571799 -0.271897151707132
0.122251410732277 0.274535174077494 0.0214351835313845 -0.285589598731767
0.184838296507209 0.166826574234422 -0.0563303647166192 -0.203641918191963
0.202305765981956 0.0766530930296014 -0.0713168557224721 -0.124788210347888
0.194497794709339 -0.000820194403238106 -0.042061709357035 -0.0691833881698405
0.16291218304815 -0.0229264709422635 -0.0174916692852964 -0.0284144625006571
0.169594639995325 -0.0401242272504768 0.0234469297271288 0.019486291700906
0.201535444791798 0.00828966849194767 0.0524478526978801 0.0743596172378578
0.198277038349224 0.0724647898123129 0.0553616694053747 0.145670492098872
0.190357168995581 0.163275712639599 -0.0282727971653784 0.202108085595088
0.106401361333473 0.245455865359024 -0.13127318854415 0.153799773657113
-0.0377118568699839 0.280850495925688 -0.0987147698041215 0.0325893844796951
-0.134216108974946 0.296202797991724 0.0588237846942134 -0.038286929053208
-0.151344302728799 0.222655581359018 0.0160050630063986 -0.199700932786545
-0.131141346965959 0.277480135945149 0.153272576618422 -0.208042551672511
0.00507053980592355 0.31761198305816 0.122374845850908 -0.280442303085761
0.135730565214392 0.269076396214242 0.0373558175684429 -0.259148323495146
0.185178954806494 0.152822626516089 -0.00480077883941677 -0.162441441453648
0.194084621305631 0.0701265258966179 0.00124113797880029 -0.104803103009192
0.184707775678721 0.000654365263057664 0.0314667574259939 -0.0632959690839229
0.154032281145913 -0.0143195944996495 0.0526058821297433 -0.0268923011552152
0.159960904945022 -0.0162034343924686 0.0905029205497234 0.0222957588983065
0.181233238899024 0.0367127389168389 0.110715899396741 0.0829315870154485
0.167750994268785 0.0999259671620458 0.099010261166786 0.159288838945709
0.146756983728985 0.181208851354975 -0.00778520138651665 0.204133394539106
0.0606041602748331 0.246341184432015 -0.114713516499199 0.131963832992132
-0.0837280436999625 0.257556892933899 -0.0759554743688848 -0.0111223305798348
-0.164116908056472 0.253388391810871 0.111480727643904 -0.104362985038396
-0.128496691672958 0.158298096626353 0.0746307501017921 -0.253990084871821
-0.111852692806528 0.219371451442489 0.160044694387641 -0.254730480774044
0.00584356812243475 0.257550450744725 0.124591501747471 -0.263687498267256
0.112803427073814 0.208544988977606 0.0609399880576631 -0.217593482199128
0.143489415592069 0.114122849345183 0.0512249989028408 -0.128550375027368
0.148302084408144 0.0559507964633976 0.0690837824861247 -0.0936462139790049
0.144584634324794 0.00538819906318562 0.0947535688586285 -0.0600700350840205
0.120923986071196 -0.00341772607567792 0.112794810314208 -0.0203236251974247
0.126738060186547 0.00509304507158949 0.147066498195216 0.0374175641990381
0.136012428928157 0.0533565751637994 0.154008641093563 0.107117626975862
0.116280068652708 0.104811806122545 0.122867963159587 0.185815450147694
0.0887949417498848 0.167840421043602 0.0030837666206404 0.207616607864732
0.00871419399140583 0.211455771180797 -0.0913134208202186 0.114233165177794
-0.11744433657505 0.198853770416655 -0.0402105452173038 -0.0344763259334004
-0.17081250567467 0.175165144262308 0.166038008369761 -0.143011708561084
-0.0923895086241332 0.061835955102295 0.108181231259677 -0.27223470270323
-0.0844700587151634 0.119962827339615 0.149275868006998 -0.267780110459973
-0.0048277733853735 0.149060367995339 0.130906656214784 -0.231528962745876
0.0591732722672443 0.116803396194067 0.0861522217576166 -0.182728015422439
0.0680733390539244 0.0639676037419468 0.0952585305097462 -0.113526779466657
0.0749717707310464 0.0419078266558394 0.115003833596099 -0.094650453571071
0.0815897409730606 0.0157196584877136 0.134335937790873 -0.0587881129044681
0.0707880213470917 0.00710825682900479 0.153747364507565 -0.00977202763210842
0.0748294356939126 0.0169077243222207 0.185522900499899 0.057342650175716
0.0763684655315505 0.0450778616619574 0.177353497981512 0.140922137075558
0.0621140109306094 0.0760155123062503 0.127873161450751 0.216839454262535
0.0428507306791011 0.117825457637598 0.00458931503419909 0.213792762898661
-0.0211999274049447 0.146767340639154 -0.0664958409473778 0.109497358954278
-0.116794492397249 0.119942946174901 -0.0035952901411996 -0.0340311358266128
-0.144639815185395 0.0797485061179809 0.209167372117941 -0.152790660292907
0.0577432598660607 0.0163526982493499 -0.184075396005966 0.205303482273158
0.0519884320830702 -0.0474825339881014 -0.00110408849435945 0.0801628305767637
0.00939243227971315 -0.0741392465695649 0.0494213970032395 -0.111223438412828
-0.0274032208716492 -0.0419639698531719 -0.0125853757394595 -0.215744361275575
-0.0173097836020281 -0.0272426710436128 -0.143320756252483 -0.230043160636733
-0.0101790781703565 -0.024239319531552 -0.216424386025897 -0.134334083380356
-0.0165890456996555 -0.0164804117840272 -0.218838530404782 -0.0358324178232557
-0.0129706432326491 -0.0179694796129876 -0.189961420631219 0.0349754281917327
-0.0123259646728383 -0.030875956306439 -0.146139144728474 0.0882148520110125
0.00391113403428896 -0.0405389901318018 -0.122242369555972 0.131286958807035
0.0150812313393983 -0.0325667258938189 -0.103397970418647 0.149045610087238
0.0181645241656631 -0.0343700251709433 -0.0983639702568645 0.179489761472528
0.0281099644640238 -0.0380031912871121 -0.114500153858986 0.21704703217817
0.0588256395324009 -0.0105811509731753 -0.098873834714312 0.22886380438803
0.0563853656263417 0.0325574952004541 -0.0551343790009959 0.247194977803428
0.0087188184389857 0.104956249841014 -0.201374305852708 0.158554889986164
0.011281143618139 0.046124342862029 -0.00712968515089092 0.0422520963592988
0.00882626043664436 0.0232622562712976 0.0312794171941476 -0.14217328805374
0.00913570571614851 0.0408944535219772 -0.0277174233368271 -0.231276445533993
0.039566225901275 0.0309646702471618 -0.145640954272085 -0.231871298005838
0.0585654689685911 0.00190826815794357 -0.212008693052293 -0.139382129645097
0.0537736631900741 -0.0215242652064885 -0.209309890652019 -0.0459440990111062
0.0475847916505931 -0.0321028080178002 -0.179927680065963 0.0232252597813251
0.0520678317863037 -0.0550013563804236 -0.130440298312959 0.0778773753970757
0.0829392755246601 -0.0486671281477721 -0.0985008379240131 0.12487833434324
0.0962267410574815 -0.0125809799580938 -0.0795266028164856 0.150876981559456
0.101526864766645 0.0256148807296672 -0.0870477384791817 0.187708547213958
0.0754720287898616 0.0601014515442498 -0.115251269892301 0.210647850411066
0.0539898048687883 0.1009940072329 -0.088804575858589 0.195107470881785
0.021198244961044 0.149429041512423 -0.0354340687474904 0.2030416411233
-0.0437759437616218 0.180752746984948 -0.185709037830877 0.0877447914875354
-0.0327202913972309 0.142959456149615 0.0159203223107036 -0.0095334392856663
0.0117913321220626 0.129491627515111 0.0331265257035644 -0.186625094898452
0.0548818117939107 0.125874478150073 -0.0389553801802244 -0.251804909784562
0.10047965632865 0.0840069330746169 -0.1410935960876 -0.223750582576946
0.124369209126898 0.0274680342845973 -0.188281502953071 -0.133037749293156
0.11762357531913 -0.0247479072151043 -0.17414335395955 -0.0510861904549172
0.100682029564121 -0.0419704179860445 -0.143590240383243 0.00739786546702972
0.105431319598629 -0.0720144287728107 -0.0933332071972204 0.0590866594682759
0.145191639928034 -0.0534371905000445 -0.0542072278339246 0.108815307311308
0.160371533428829 -0.000445757680380687 -0.0330130633223994 0.147648155369235
0.170971987209813 0.0661557947855591 -0.0596306754338452 0.198121787075201
0.121489238532756 0.135594019479519 -0.113044790201018 0.206063759787337
0.0518454546992286 0.191746394561024 -0.0891577971089394 0.150049278357935
-0.0131400085238152 0.242601956400365 -0.0125320217284638 0.129525067009336
-0.0876288664302598 0.234174202582875 -0.143525838337121 0.000355358087925303
-0.0671557959039577 0.228653751484828 0.0534045543597182 -0.0742661237052513
0.0247306106036074 0.228167048106968 0.0452373646752732 -0.229217032270702
0.10985992131727 0.197695477275092 -0.0403716020472019 -0.264696154748499
0.158700292310468 0.119422132381292 -0.120397986723825 -0.203940738404668
0.177333226220094 0.0420735217356678 -0.14436780940845 -0.119222822301178
0.164595070142366 -0.0280130014568617 -0.116701659574269 -0.0547551629950239
0.138635524042461 -0.0460937284746012 -0.0878351418860401 -0.00927750428836397
0.141770955730181 -0.0750142262835644 -0.0396152916162636 0.0368856760640853
0.184550019392679 -0.0459755284764704 0.00167782372470244 0.0854280372263082
0.197073163704816 0.0173215895194046 0.0224847969813089 0.138290410459872
0.209877437633648 0.100671027500728 -0.0254999924557737 0.200203935018654
0.145455641569536 0.188946590640994 -0.10752397141241 0.196286768566356
0.037859191589513 0.251317023076098 -0.094549437863732 0.0996523846168959
-0.0489945732703407 0.296134627293229 0.013830077312622 0.0415959738963209
-0.112251709719835 0.253328276264158 -0.0863201263156974 -0.094987081688954
-0.0842729171744069 0.279321232220207 0.0871620553705249 -0.147655495052335
0.0409954598645214 0.290186955263202 0.0572133790033146 -0.259210867557585
0.154520575942063 0.235719902393979 -0.0307012957741414 -0.258995595411533
0.197767926917273 0.130240265309039 -0.0786071271640681 -0.175545280683959
0.20490280633149 0.0446915687440424 -0.0800919231708985 -0.106363940041195
0.185858573689831 -0.0303212816278762 -0.044823652212533 -0.0587034869423487
0.154117204668656 -0.0434323317492723 -0.0198648679686576 -0.0238228812869724
0.158384145470259 -0.0627740171020683 0.0245269889890289 0.0179644091606759
0.197293252828551 -0.0224443569211799 0.0617869339348869 0.0674127072535448
0.202482413987908 0.0454060492863934 0.0771278199407823 0.130920212916125
0.207929399877856 0.132828012827561 0.00488845316047038 0.197719286076083
0.133499640778433 0.221505484421301 -0.100439611129335 0.176856345975232
0.00518941612834539 0.274221944297377 -0.0942484057259504 0.0464942821822914
-0.0876967225105903 0.303497791192609 0.0460383128050659 -0.0461572701125212
-0.116764969092365 0.229972408359231 -0.0281541124464164 -0.1846131526201
-0.0850787198682906 0.278100361053863 0.103484564374129 -0.217990082594972
0.0490768379743769 0.293953756279547 0.0648478428439277 -0.268596573615644
0.167185742646675 0.228306366502942 -0.00896406949662673 -0.234582133479223
0.196841754153481 0.11639895303744 -0.0208484893594213 -0.144702054038586
0.196439714081727 0.0386750874509386 -0.00566191978375558 -0.0995255596874203
0.176137209868578 -0.0278952453399597 0.0288437809061333 -0.0654320848532398
0.146399706379838 -0.0341256978034634 0.0490249162339233 -0.0342788805557787
0.152187796764286 -0.0392759930754537 0.0911310348975589 0.00810047237714418
0.182028912647114 0.00830189454634135 0.120204278240988 0.0646716611468964
0.176431837034952 0.0756867186065658 0.122936355866452 0.136213215875931
0.168549300893033 0.156465272584855 0.0268218329411201 0.195740057843944
0.090133659706776 0.227816138661538 -0.0889646133159904 0.151993934476068
-0.0427873977489927 0.258266745118673 -0.0790830260772366 0.000769542619592339
-0.121260687181633 0.265644283699101 0.0876538990983002 -0.118760586963786
-0.103198097293534 0.16326722166339 0.0199111637266387 -0.250155430324667
-0.0756692850351287 0.220299544553187 0.103414551694823 -0.266445445077736
0.0409330936345854 0.237172068255692 0.0710262399637309 -0.257326863889201
0.13712144502896 0.175727824442093 0.0209132984396837 -0.20363401662472
0.151721410812434 0.0853181771296177 0.0375342758125566 -0.124462608486697
0.14991711213928 0.0317022564594623 0.0603326394045276 -0.101303238464839
0.137808713411454 -0.0180497081515847 0.0904455291824673 -0.073197516396092
0.116282239613861 -0.0192075902378695 0.108878125957424 -0.0380928934787143
0.1232398280737 -0.0139006018739346 0.149343722356964 0.0122111281494952
0.140799211771417 0.0311981482833083 0.166924959633852 0.0799392893316194
0.127975051907693 0.0867821006331063 0.151761386109521 0.157416583500514
0.110301640737673 0.151455500887281 0.0378877472564868 0.197640284955026
0.0360359567608402 0.200889820178918 -0.0704890282349403 0.12933915047766
-0.0826739322953307 0.207061217933243 -0.0473457386040283 -0.028320914175763
-0.138388520551312 0.189614265551851 0.134508456103355 -0.165160724591149
-0.0806671986104135 0.0657196186450031 0.0514415288399738 -0.279405244794693
-0.06422180376835 0.122246379752618 0.0916143667781371 -0.281171039512316
0.0157839244112499 0.13685857408384 0.083101581398272 -0.23540137516293
0.0719453476007604 0.0977361270778048 0.0521688986964716 -0.181878629979533
0.0731499556777453 0.0483661878457581 0.0777716619795875 -0.121491982933889
0.0771259326493174 0.0283359678511864 0.101282982850323 -0.109739014221119
0.0791436941036629 0.000888431263693072 0.127769561743124 -0.0787691849272301
0.0690201561602633 -0.00316757136731292 0.15033071598054 -0.0352523149105768
0.0750479543719356 0.00434836330900363 0.191120903792051 0.0252005444128962
0.0815043028528264 0.0320170770831767 0.196587158738281 0.106665689751147
0.0719498539908757 0.0667011979314863 0.161844313329064 0.187043214640352
0.058154787190031 0.110010916361182 0.0413673219905583 0.203943056291311
-0.00120325537838417 0.142464815231654 -0.0471668104420961 0.119511334239839
-0.0938495828184365 0.131912038165571 -0.010727412443898 -0.0337914329139902
-0.125357694192744 0.0940471734007618 0.17610749628662 -0.180408415620605
0.0577822957501076 0.0160087196221016 -0.183751348355612 0.201976283629946
0.0519226653724174 -0.0463203372813173 -0.000143980270266613 0.0790523544226857
0.00941431824862753 -0.0732193161009706 0.0508853750836546 -0.108618176627273
-0.0267041310538182 -0.0416859595268097 -0.0115755754198722 -0.213549655501735
-0.0172055147175564 -0.0269129325825571 -0.142369012208954 -0.229548443677972
-0.01041320412654 -0.0247088144496098 -0.214821149487773 -0.134372319323955
-0.0150077686106595 -0.0170325066481743 -0.217596306831426 -0.0357978028804238
-0.0117182218974534 -0.0179652041840644 -0.190926911492322 0.0358686645211849
-0.0113508711859132 -0.0301208793677444 -0.146407773368314 0.0881016148437671
0.00421897035958491 -0.0396956621114317 -0.122279903320295 0.131346715930301
0.0147278471815139 -0.0318381735592547 -0.102874199358329 0.147722707105479
0.0179947059398892 -0.0334970346498696 -0.0985941429338797 0.176747231029463
0.0285427404373259 -0.0360667212903577 -0.113200514965281 0.214880982978252
0.0581173816422372 -0.00993928828350252 -0.0999713672975057 0.227152236779099
0.054116780279456 0.0324635163179049 -0.0579445870451995 0.247198604999239
0.0085559148499549 0.103682027393187 -0.200941238079048 0.155141240739002
0.0109284001753069 0.046471710523885 -0.00612726204916223 0.041870088948111
0.00892537314791373 0.0230775425367196 0.0329040004717132 -0.139609940951084
0.00999515383112132 0.0405229098678365 -0.0261778325966791 -0.228743740957498
0.0400453661284063 0.0307718842469291 -0.144148307952398 -0.23107995791032
0.0586111157183155 0.0013304951112485 -0.209649914791763 -0.139377708962933
0.0542008975906867 -0.0217182933294016 -0.208180253298795 -0.0452809682445291
0.0490155787926067 -0.0316730848952375 -0.180351940014388 0.0234242230438766
0.0523093839871872 -0.0538859047179776 -0.130974927453169 0.077490214724714
0.0824470022096879 -0.0474414093599265 -0.0995940501782122 0.123798873836923
0.0961464923529489 -0.0126754602137082 -0.0796237180376645 0.149058863175094
0.100254909996192 0.0257043469191887 -0.0862104465120155 0.184982104813119
0.0755487442785499 0.0608201442010416 -0.114377547422968 0.208483950003662
0.0530024707796775 0.100675404163158 -0.0893544580226701 0.194665738509741
0.0194805456693984 0.147059759453841 -0.0389618812471139 0.203029991417015
-0.044721095551996 0.179779756336391 -0.185454656522815 0.0862531395110446
-0.0337059582186224 0.14236506999171 0.0162390655964813 -0.00940308546555946
0.0120985992893621 0.128439744394543 0.034126574639813 -0.182636200418037
0.0560424197472066 0.124810401098947 -0.0372315285715265 -0.248745456152196
0.101607007455576 0.0833713381366667 -0.139917346739801 -0.222852921577307
0.124553801527485 0.0262767479406268 -0.186017033600829 -0.132501292264263
0.117903129603478 -0.025241198534854 -0.173231357662134 -0.0516583976705639
0.10180726439916 -0.0409275576340771 -0.14423994626073 0.00788133325579083
0.104769611852642 -0.070501608799756 -0.0937466934250962 0.0592505251053376
0.144691934168801 -0.0529806283047257 -0.0556931247182261 0.10702637684261
0.159907532451969 -0.000330231527569334 -0.0340950250607899 0.146016420791397
0.169580719421438 0.0666243414308569 -0.0576238737220588 0.195399603586935
0.121750093542398 0.13600480779947 -0.111752382384358 0.204417301344137
0.0504696899162582 0.19057076372226 -0.0894184669805698 0.150844775129767
-0.0137491940736003 0.239216202078649 -0.0152439471399017 0.129966967609029
-0.0885413492332652 0.232254908332136 -0.142916856163229 0.000583676262674756
-0.0671004553428686 0.227728249975237 0.0537622601089642 -0.0722159985475013
0.025207608130512 0.225965106119116 0.0459209530189218 -0.224656988420739
0.110757174257784 0.195587230904438 -0.0384015909150878 -0.261347072911728
0.159975200414803 0.117922305119743 -0.118510682482864 -0.202409618081343
0.177396698104776 0.0410922808506855 -0.141328727328875 -0.11886414905397
0.164682800624546 -0.0278172827074327 -0.116624335895775 -0.0560543401688305
0.138961032457208 -0.0452139328764665 -0.0881512652002763 -0.00946453191343961
0.140690582025709 -0.0729558311904492 -0.0396282701910661 0.0363406677370263
0.184005051961173 -0.0449756121570086 0.000225324438024811 0.0846458875768017
0.196848515755757 0.017228926138291 0.0216056198334792 0.136830635721711
0.207740502616847 0.100243877975682 -0.0234964638661177 0.198270826801249
0.145760484542748 0.187980553755564 -0.106561828513166 0.195213985332877
0.0372959777368413 0.249171643684135 -0.0946019774891312 0.101468246436156
-0.0494556249036637 0.292474234795669 0.0110668759292635 0.0430867715720297
-0.112581497954188 0.25132091513672 -0.0854346840615415 -0.0934730013228034
-0.0845710303835116 0.277924985913511 0.0868274929223349 -0.14414313240232
0.0410692530312769 0.288020037964108 0.0578679627670307 -0.254559841605949
0.155069334471731 0.234290508658694 -0.0287267425434963 -0.256163433121045
0.198169950119958 0.128938660550018 -0.0765685255492546 -0.173859128442542
0.204534915774689 0.0437595902277294 -0.0771051218968125 -0.106040109283599
0.184936182852934 -0.0298654765988739 -0.044999645629622 -0.0611110848215039
0.154723519797104 -0.0425763215443644 -0.0199182160728493 -0.0247926784522113
0.157060982335481 -0.0609856219776961 0.024631809650556 0.0176778518644607
0.196188075862882 -0.021502093147042 0.0603886882994886 0.0668587757401516
0.202063023192667 0.0452209537209395 0.0758726230817414 0.129677986735815
0.205906440958246 0.132274228525744 0.00750527816556437 0.195848145414968
0.133951044381703 0.219336940379634 -0.100493186766481 0.175695859523737
0.00445644172921852 0.271628101126737 -0.0941186448224522 0.0489736397274712
-0.0865992854817328 0.299255874512522 0.0441636135407243 -0.0442837976867558
-0.11629568874954 0.227522379312787 -0.0269734342921727 -0.182096339752518
-0.0848593898503477 0.275942352447693 0.103329999788244 -0.213745155384879
0.0494040299860757 0.29086564480257 0.064105589250781 -0.264030263927106
0.167553085613993 0.226397917569556 -0.00800444754778473 -0.231589170569553
0.197365807374711 0.115066112725531 -0.0187733549469104 -0.143580404009003
0.195902000925706 0.0378273352770147 -0.00394472595751509 -0.0988555847718798
0.175479034198924 -0.0273871480158623 0.0280051071169303 -0.067472601775407
0.146181689677662 -0.0328623105759199 0.0491273634227661 -0.0351656875992188
0.150783989660058 -0.0375934773760403 0.0910841218744782 0.00818768291820224
0.181294356062282 0.00830035811332917 0.118571642228514 0.0634270758952198
0.177031562610097 0.0741733461150439 0.12076398536002 0.134895863773141
0.166694378067138 0.155529929776403 0.0277383064644614 0.19399984609128
0.0906418059590993 0.225690767645426 -0.0883793309281517 0.15131878737441
-0.0425034998588716 0.256476310931495 -0.0785043460665542 0.00295761844408792
-0.119601669902663 0.261695774906087 0.08552453738954 -0.116333685380951
-0.1020862418936 0.162431852785001 0.0221633201271976 -0.24826506317195
-0.0749701588590227 0.218746843120508 0.102884280381492 -0.261263486661703
0.0417404995774112 0.234456104387344 0.0712113591426427 -0.253224011901589
0.137664015562309 0.173956419968453 0.0216962959409368 -0.20102101943713
0.152272712997472 0.0849857844704552 0.0386824125569929 -0.122901545674674
0.150041352770465 0.0312405742523126 0.0614803609694075 -0.100514601923279
0.13654487773857 -0.0170432178121004 0.0902389038868599 -0.0753339602735808
0.115756486385425 -0.0188864591534608 0.109486024099663 -0.0395694181085495
0.121644289424987 -0.0127558728325082 0.149635712970461 0.0121336401165692
0.139707539642841 0.0306901917473657 0.165772455733653 0.079162841251593
0.12830638379668 0.0858397373949413 0.149774235856834 0.156382744107207
0.1091871037491 0.150894155790142 0.038636568459746 0.195803945090402
0.0357367601300546 0.198866414189805 -0.0707243668716004 0.129014508794008
-0.0824360097789879 0.205361520151525 -0.0469211714002658 -0.026454878944628
-0.135140622550299 0.186940519235651 0.132935924211638 -0.162170121806435
-0.0792866330069923 0.0657145659698528 0.0543041421809734 -0.277458861094686
-0.0629183866180707 0.120976631738166 0.0916832980991461 -0.276460326838436
0.0162826795269126 0.135716576173033 0.0825314575969931 -0.232765867987637
0.0729639636866352 0.0975263912616806 0.0523273874479849 -0.179239080960001
0.0735708545409453 0.04862679017176 0.078984103810146 -0.120545755620312
0.0773942784065986 0.0281159296020851 0.101197119381834 -0.109813625300082
0.0781088348893794 0.00137266649785006 0.127977694787858 -0.0807183025864285
0.0681847225973309 -0.00238422418563873 0.150977789323181 -0.036509411736665
0.0739576965343488 0.00503990837870547 0.191280796761441 0.0239127534359507
0.0802728719332032 0.0322759961401839 0.195732717994435 0.106517931531271
0.0718311143724142 0.0663804093839275 0.15974263949503 0.185619461407476
0.0573674942498996 0.108878104554701 0.0410317304354141 0.202640627593797
-0.00103181491593584 0.140708710263711 -0.047976359952327 0.119305772017263
-0.0935881570608795 0.129726214463898 -0.0110427560278748 -0.0317828487691012
-0.122095970539518 0.093008451068714 0.174036823409271 -0.177559037900335
0.0596902900609914 0.0173286428300542 -0.19333490905816 0.203811717973975
0.0542888388508016 -0.0468997852283281 -0.000779587610901366 0.0808708959361782
0.0106713034712655 -0.0753644972073857 0.0558453723858134 -0.109866987781713
-0.0260510672010425 -0.04315633161247 -0.00700445150985319 -0.219779788533272
-0.0174543654041108 -0.0279387033292099 -0.143466338908774 -0.23954799715507
-0.0104514342662495 -0.0261649050877898 -0.219459578616138 -0.143493755914434
-0.0141630646940774 -0.0182356497397877 -0.224090592349611 -0.0391928829423253
-0.0102462816370133 -0.0189983906006551 -0.199286635315857 0.0349695938071762
-0.00923347985411706 -0.0304244774278819 -0.15504441103346 0.0892536441104127
0.00528613585073427 -0.0404210822070785 -0.129333778168947 0.133972194154432
0.015462875103291 -0.032375996146687 -0.108463967521894 0.14995136739683
0.0194208484506163 -0.0339338229120368 -0.104626094778093 0.17811166424264
0.0307836489993126 -0.0355140347647127 -0.119607228247685 0.218618925418969
0.0591313080611053 -0.0087200869365219 -0.107621597412877 0.232806468237774
0.0534948400419333 0.0351794545793206 -0.0668203133765142 0.254769426939573
0.00656656199298573 0.106898745298793 -0.210688943279561 0.156395508133171
0.00979019787252718 0.0493929043758676 -0.00611317699948181 0.0425859757524165
0.0090696549636255 0.0246356581493483 0.0379790615121842 -0.141906344215443
0.0108755148781933 0.0421392167231579 -0.0225432902794951 -0.235985503001604
0.0419347631305992 0.0325313493764896 -0.145042232192692 -0.241322555107846
0.0606836036414426 0.00202149732440199 -0.213586161511671 -0.147994744199761
0.0579584350247171 -0.0222835339287597 -0.214866940340098 -0.0505108117553361
0.0521814359894149 -0.0319459537382145 -0.188557433844066 0.0222391014203743
0.0558158095640558 -0.0533611219301321 -0.138530407821016 0.0784211860795684
0.0869345784387249 -0.0476066444349328 -0.105594357376907 0.126312245925886
0.0991282642355066 -0.0112292234290132 -0.0850187167004534 0.152146960042218
0.103113080874553 0.028779911133725 -0.0912133107021534 0.187828692486281
0.078403427839408 0.0652308832333844 -0.120776849955403 0.212393745409253
0.0522807491624424 0.104719842837375 -0.0958243485401662 0.200503449849568
0.0162560721357301 0.152035719543844 -0.0463063986053566 0.210069701276781
-0.0493788914947111 0.184259081015411 -0.193640583559432 0.0858789400792331
-0.0378959775415279 0.147897336564487 0.0180409703819735 -0.0084125958198387
0.0111230834154945 0.132890053379095 0.0402109054837137 -0.186199542959546
0.0579095063493902 0.129076319088803 -0.0332278601991805 -0.257251899434003
0.105352583938823 0.0874090890718225 -0.139652183731127 -0.232461593305783
0.12881708893901 0.0281467839545185 -0.188729721149919 -0.140373615331936
0.123662098425683 -0.0243663270641597 -0.178692772345683 -0.0574964326417595
0.107318142928629 -0.0408665833637469 -0.150512578418471 0.00599987406055866
0.109962438656949 -0.0700929264072886 -0.0990505693397342 0.0594872604465129
0.151017282707267 -0.0521381618134705 -0.0606976148080354 0.109968318752569
0.165690314318969 0.00166886493222469 -0.0380244693744862 0.149984399111698
0.173894786994164 0.071798672419887 -0.0613467615930326 0.199062710223215
0.1254243520046 0.142085515096134 -0.118511854318055 0.209300902986549
0.0482468540418261 0.196629269472217 -0.0951068303544324 0.156568281385345
-0.0186100354647489 0.24569187791893 -0.0200962009962344 0.136290722421359
-0.0956366146831827 0.237709159359099 -0.147508596692104 -0.000312482227866748
-0.0740238634543008 0.234967102869101 0.0569481503533466 -0.0723551538776177
0.0239764819356074 0.233568281555466 0.0522565869573339 -0.228552670418537
0.113617515667506 0.203425820650963 -0.0342171562937232 -0.269428354118989
0.165761999057464 0.124439976477284 -0.117998590069115 -0.211167988204813
0.183664874442488 0.0439633257823624 -0.14289343732053 -0.125746294416189
0.171272494626359 -0.0269384699439907 -0.119979019407575 -0.0613891379000256
0.145882023362524 -0.0446770857465932 -0.0914231498345672 -0.0113218357042066
0.146775845759381 -0.0718281030747848 -0.0417620081449464 0.0369670354099804
0.191006992966339 -0.0438142020441615 -0.00249313774644077 0.0875964850967319
0.204252355787272 0.0200210406679079 0.0186236873601084 0.141518099040058
0.213247350141937 0.10713442269093 -0.026371302692236 0.202871468330645
0.149795026186131 0.196273424306109 -0.112433075958838 0.199468824358238
0.0341047264958728 0.257034862033368 -0.0988146479013544 0.104780985856133
-0.055411452234645 0.299741915766847 0.00886596392193486 0.046708074681577
-0.120509938459507 0.25749142085358 -0.0859319965575522 -0.0967051792288354
-0.0918960331266312 0.28662196918571 0.0922210463306673 -0.144998935316021
0.039434940787419 0.296687022887282 0.0645950955849035 -0.258173138438448
0.158590337355675 0.243775718217359 -0.0239277650926718 -0.263078034224466
0.204673874114032 0.135970488170234 -0.0745324666014328 -0.180899552499059
0.211816826599699 0.0468765222632109 -0.0765008204519639 -0.111290364320415
0.191685702305103 -0.0282426343177895 -0.0459282007083826 -0.0656715295981835
0.161164871490827 -0.0413390568164013 -0.0201656754630752 -0.0273692058001726
0.162855436684442 -0.0591562621922399 0.0250568928691617 0.0176598874471471
0.202992738200331 -0.0203029939884223 0.0603761260927689 0.0697072424395917
0.208982524742793 0.048669815233145 0.0747848160926232 0.135026120808151
0.210833077758163 0.139895075018895 0.00594826489677222 0.201201211660294
0.136841676528208 0.22894109903937 -0.105086454337006 0.18150045625346
-0.000288045622250865 0.279796984422749 -0.0974588207846457 0.0513726936923935
-0.0934861967865869 0.305839455909659 0.0446347985510195 -0.0431158795070829
-0.123221848292031 0.233660670316216 -0.0225039776296567 -0.187458867344841
-0.0917052365215039 0.283793920016203 0.111428426972799 -0.215679277327378
0.0479512124725497 0.30058715463073 0.0710178039042874 -0.268422866044519
0.17134763818106 0.235758666299498 -0.00341422976940476 -0.237995644558563
0.203711803384714 0.122055315721221 -0.0159732880736428 -0.148663837087209
0.202865087790131 0.0414239905082031 -0.00038558891199029 -0.102959421898235
0.181039080762556 -0.0251080391453699 0.0298043799356346 -0.0722834605749846
0.152067853840845 -0.031474099440253 0.0516087363911624 -0.037723296374699
0.155839519244635 -0.0358497532045459 0.0939907289733299 0.00905361675851961
0.186443032522042 0.0117072152138824 0.121164541613864 0.0675020801240567
0.182664328533073 0.0789431540527762 0.121141628707642 0.140611045410053
0.170573699647999 0.163114395435351 0.0278096848693769 0.199406544903046
0.0912620009393576 0.234090645235195 -0.0933078713107935 0.155920891461935
-0.0487203508134092 0.263725811612208 -0.0805745012987133 0.00399696319344764
-0.126700345996824 0.266065416370504 0.0886993699703814 -0.116794719054962
-0.107508719849339 0.166156922223111 0.0286440860744603 -0.255414798867391
-0.0806455640920421 0.224291981143931 0.111796374976251 -0.26455501198246
0.0405068994654495 0.241944937750218 0.0771293162527299 -0.257461798489815
0.141412144100168 0.182339456002955 0.0262093444776673 -0.205250217745559
0.157529464934658 0.0894579919301773 0.044150335718883 -0.126281698090824
0.15503486949053 0.03369644560339 0.066692748419038 -0.103601213004129
0.14114203661114 -0.0149609333615952 0.0945678517183313 -0.0787812803892707
0.119834113718113 -0.0172996545066254 0.114526230570719 -0.0417425266538212
0.125986874155795 -0.0108509429060658 0.15521362530257 0.0130734008799083
0.143558431294695 0.0341638222764252 0.170615504968377 0.0839745779344327
0.131841357751392 0.0903276527584087 0.150685296477535 0.162636142965592
0.110493410033815 0.15737045395186 0.037898216277967 0.202287588342577
0.03485918619981 0.205625027412612 -0.0747656315483152 0.133562870046294
-0.0884283155557971 0.210232700950243 -0.0480290549978276 -0.0259670177139997
-0.140662083898496 0.189578105878045 0.13885925524652 -0.163842446074801
-0.0816194959033799 0.0668894332713535 0.0629218092266083 -0.285440334137744
-0.0657346447242611 0.123050076164122 0.100074291613013 -0.280324341991456
0.0158686340951093 0.139556957214728 0.0883806053683642 -0.237123960831532
0.0751873594096138 0.101653969581256 0.057569642468183 -0.183014441482811
0.0759771948163744 0.0511195385765973 0.0853502445084295 -0.122131040949323
0.0799829833059753 0.0295831232835331 0.108135631108848 -0.112199524938076
0.0799116000106444 0.00254248395111518 0.134643044051912 -0.0838892440479735
0.0693770679376714 -0.00124105744288976 0.157941223972402 -0.0375293624909826
0.0761235285649504 0.00687230077813808 0.197652040035049 0.027328659167018
0.082368818707712 0.0347300072673252 0.200950514709049 0.113044063640123
0.0738127327837437 0.0689483716193327 0.161739989698883 0.192641767764181
0.0563350845582622 0.112583198867296 0.0404145386743559 0.209582915193689
-0.00383196638365877 0.144192537539702 -0.0514982914377367 0.122900710286138
-0.0983885159628788 0.132646977332864 -0.0113510594319823 -0.0318584011425856
-0.125253720479126 0.0929887609537256 0.181231920570232 -0.179504384979697
0.0642593552848598 0.0176108918418174 -0.20857244884082 0.217492862579854
0.0585430420384287 -0.0493929148948286 0.000480248747505843 0.0863976510106923
0.0110004121891911 -0.0803555585532182 0.0618731284771964 -0.117092056478039
-0.0277448988570656 -0.0461205950487893 -0.00655977393949488 -0.235201928950223
-0.0181928009125746 -0.0298978659944413 -0.154366883594254 -0.258026850039866
-0.0114365541803299 -0.0285441316595538 -0.235600238457803 -0.155985095783233
-0.0136100094663662 -0.0200362687591046 -0.240296372372481 -0.0419808470603056
-0.0102152940109327 -0.0203800799234919 -0.215626539862291 0.0387836833741677
-0.0086707181757852 -0.0324396333864038 -0.168491834857307 0.0967235476048975
0.00651435280013904 -0.0429863804903702 -0.139738534055752 0.143932090963329
0.016093486577244 -0.0339574455021955 -0.116982356732459 0.16005977213628
0.0207718718154629 -0.0362755065912724 -0.113318691026665 0.189728753652078
0.0339135617891442 -0.0377168968458613 -0.127944141463671 0.233333541054575
0.0624623902204287 -0.00864713518455802 -0.117159322224039 0.248954288125737
0.0558413888653523 0.0383740671565185 -0.075292321340386 0.274937009708397
0.00669433388223254 0.114003189752936 -0.227088674416606 0.167194543411478
0.0102185595670002 0.053694543604461 -0.00541311294289397 0.0454021168729785
0.0103161213959003 0.0268075835188672 0.043177390822829 -0.15123641531033
0.0131866972740272 0.0448707381995015 -0.0221153330074363 -0.252782017585678
0.0464904054698667 0.0342443711395834 -0.155401948662457 -0.260265039932143
0.0653420404388322 0.00104317296750935 -0.229015792244302 -0.160129565343484
0.0638461125867159 -0.0245490214552028 -0.231194560907042 -0.0546127069609559
0.057760386829594 -0.0342132278061472 -0.203999825354952 0.0256322131561953
0.0612560613135486 -0.0571236220566853 -0.150747021481903 0.0850493669995837
0.0938509070240327 -0.0506115183758264 -0.11482861502204 0.136294383954535
0.106707761225178 -0.0124059261006564 -0.0920401528270965 0.162876341241046
0.110796085674385 0.0314475272425154 -0.0976044909299432 0.199875707531971
0.0856517390063639 0.0703163424497749 -0.129220819089194 0.227790780411566
0.0552635974297535 0.11298955486301 -0.103576863322194 0.214904445749015
0.0160252679623259 0.163025501608657 -0.0527751986731786 0.227424784598923
-0.0538900276514607 0.196439472176471 -0.20808161970577 0.0937063459020872
-0.041339121916293 0.159817125213075 0.0204090766961079 -0.0082107867439027
0.0126133155673967 0.14275948026997 0.045134227836466 -0.19698504122863
0.0635349800097141 0.138501420623641 -0.0336242040205878 -0.274513131924079
0.115051761137661 0.093417062933922 -0.15018822730115 -0.251066354996582
0.138502165193604 0.0290618535998559 -0.201304377449066 -0.152030180173008
0.133616238391905 -0.026569563907968 -0.192822719301668 -0.0626846536604797
0.117274573288029 -0.0442153593766072 -0.16278584754856 0.00746668805183848
0.119842111572528 -0.0739118929237143 -0.107781971155805 0.0639402730321284
0.162951750362772 -0.0558544231566391 -0.0660227626961773 0.11813687149162
0.178586598252493 0.00188763490596986 -0.0420789768214287 0.161076672140637
0.18644790206997 0.0779903351245646 -0.0649016829464654 0.211737340987683
0.135798476517123 0.153136832637927 -0.125534319880365 0.224087969954568
0.0506339469234041 0.211466624157496 -0.101657277489426 0.168873270880651
-0.0214086237938488 0.26311788020351 -0.0240554782558204 0.147852494373517
-0.10329031290114 0.254689517953523 -0.157852863963063 0.000927524077736728
-0.0801195124242804 0.253159129491794 0.0624860685989476 -0.0757638989762187
0.0263441218811395 0.250128175022655 0.0575524936053061 -0.242159944601492
0.123373808481288 0.217528766367651 -0.0346816279277961 -0.288195673459233
0.18010366457692 0.132455295640514 -0.125871838291148 -0.227235454364533
0.198314302214805 0.0460560315347051 -0.151736521692939 -0.136438874653399
0.184148151266877 -0.0288106320984011 -0.129986341097063 -0.067497155916025
0.157915737267942 -0.0475402410669354 -0.0991992691886083 -0.0124208576096229
0.158461160046993 -0.0758534218230837 -0.0460904151596501 0.0393403139646832
0.205854702941055 -0.0467026047013076 -0.00382968907064775 0.093698683312417
0.219961068367386 0.0206260471821605 0.01874198826419 0.152032751808922
0.228751554012692 0.115848812597216 -0.0262932673180157 0.216069751375982
0.162001763415566 0.21031221780484 -0.119491263147054 0.215333759989943
0.0355245103911006 0.2757851875649 -0.105694560419116 0.113902028383997
-0.0599304473036468 0.320020126342097 0.00707103039910087 0.0518810994826041
-0.129700733611543 0.276179875744166 -0.0899878290343323 -0.101661730691271
-0.0988487329512813 0.308067899814957 0.10078225582373 -0.152684335848405
0.043518847984978 0.316942593778065 0.070782449013005 -0.273412316674881
0.172749254674922 0.2604164086235 -0.0239324422190973 -0.28053179533091
0.222106350966967 0.144993338253201 -0.0788596594495728 -0.194757182896749
0.228303704207772 0.0491135452560492 -0.0799895093392128 -0.120560910366847
0.206517017827796 -0.0296535884059201 -0.0499012239604993 -0.0731336057376703
0.174201397059204 -0.0442355626227991 -0.0229293474369104 -0.0300937389024293
0.175369640820361 -0.0622312852824695 0.0268471009187612 0.0183054287909278
0.218845929793067 -0.0214386632687389 0.0640019591973653 0.0755372623365039
0.226112950598354 0.0512926483249474 0.0792288995159059 0.144110053054128
0.226952484761496 0.150969527455332 0.00820193817202254 0.213936105445593
0.14861919914856 0.244786849416764 -0.112657044533084 0.194873290002749
-0.00103167048344191 0.300779472237358 -0.103938962687728 0.0571650269656794
-0.100311723243055 0.326727389191408 0.0461061746066352 -0.0440335531815393
-0.132085529805608 0.250664116560439 -0.0222477184776823 -0.200091379164771
-0.0976024252413447 0.30544937091626 0.120638826198385 -0.227094981498635
0.0516450028031606 0.321178090430651 0.0778734228904705 -0.28486110179458
0.186464669526238 0.251930265957221 -0.00201545863192187 -0.25322706976615
0.220524381063629 0.129850468450667 -0.0151714588612189 -0.15993838211362
0.218385570036827 0.0430441833917066 0.00144348089062147 -0.1113978968454
0.194640363566869 -0.0268168368600914 0.0317587634765277 -0.0803311985262273
0.163902439084593 -0.0337579732733438 0.0550176542198849 -0.04264908827568
0.168004905806398 -0.0372945928170824 0.100945832914485 0.00821331666653679
0.201104347884987 0.0126430016333652 0.12948238301828 0.0726636904620473
0.196988289111779 0.0841910521842968 0.129073672739841 0.150582564539018
0.182916139408539 0.175107360847884 0.0309337207935432 0.213264253317399
0.0990482865152712 0.250515982408756 -0.099474225047816 0.168931655256018
-0.0527052567205899 0.28247503039499 -0.0859737989320133 0.0064293358956288
-0.134776025179825 0.284020175162081 0.0943074639743412 -0.123605152701037
-0.114623482932512 0.177968908326748 0.034615243522064 -0.273185903035619
-0.0847870533019069 0.240324039181071 0.121551913842233 -0.279686475026976
0.0443179059016732 0.258026960500064 0.0838042234353865 -0.273658872904427
0.153180969302919 0.194774439142409 0.0291043362963627 -0.218752026331451
0.17029553210223 0.095947478214611 0.049206484354187 -0.135929869852464
0.167583006032875 0.0354489420397296 0.0739811110564748 -0.112386858795789
0.15130290376012 -0.0153868396674667 0.100886536549888 -0.0881411394814331
0.128699247465461 -0.0178714937671219 0.123151639869503 -0.0474248746899451
0.135076337654255 -0.0108859996202763 0.16695929662022 0.0133507334346477
0.154036129682542 0.0366858132237925 0.182662973018818 0.0909107661723745
0.142426025082905 0.0964770811808757 0.161008154689275 0.174226251762434
0.118672527422978 0.168694354305376 0.0417458990778594 0.216168905131062
0.0384850185387594 0.218555340558235 -0.0795129200460198 0.144462439764623
-0.0956029146760004 0.225101015802037 -0.051412244653256 -0.0257490223925011
-0.149137988217808 0.202165866063124 0.147831409379052 -0.174094567584841
-0.0861486818792898 0.0715809361446755 0.0716427498975472 -0.306907439147682
-0.0700755828209398 0.131731582912493 0.108856329343236 -0.297117507802703
0.0175596671389439 0.148820457986387 0.0950557996214722 -0.252147100722615
0.0823750122835041 0.108466269331787 0.0619768754943185 -0.194485878648077
0.0824913025091967 0.0552312139618324 0.0937791836450194 -0.131086120183664
0.0863334315427959 0.0313845125083834 0.117659317799278 -0.121417704661448
0.0853415655678661 0.00355265831109352 0.144870460979649 -0.0928210500889036
0.0742424879544861 -0.000828895653205096 0.170840433923509 -0.0432555774984473
0.0812761791127448 0.00787442135505544 0.212897937141474 0.0284634811334519
0.0877249338645444 0.0377486650558081 0.216527352573386 0.12127073059181
0.0793128476345805 0.0738864799218776 0.172275952414935 0.206742933052916
0.0611523423846504 0.120778676756644 0.0432966491623033 0.224472701558467
-0.00381415662491202 0.153638682544985 -0.0551159409681157 0.133012483180101
-0.105494198344925 0.141483859502992 -0.012507696125894 -0.0318463159287294
-0.132194634082163 0.0990602366682667 0.194073823178029 -0.191276492618741
0.0705998256731281 0.0150166623690601 -0.218931753901946 0.24632841409343
0.0615576626172211 -0.0562490895351916 0.00576738455328759 0.0935802910811015
0.00852124723488916 -0.0876476608493075 0.0658812987409497 -0.131119207859915
-0.0315149272312241 -0.0491945487806021 -0.0156625675957019 -0.257274924386103
-0.0209963267970485 -0.0318102651499333 -0.181012118199039 -0.276595575224698
-0.0142899732688528 -0.030657603429548 -0.266392509001381 -0.161438333687779
-0.0144999070106791 -0.022519706483613 -0.265151104161133 -0.0350298558548638
-0.0101879150767805 -0.0221588311802997 -0.23583183826711 0.0545842632883346
-0.00927709781739045 -0.0356407191232875 -0.183138546028401 0.115698314592059
0.00575071291442289 -0.0470869977434301 -0.147794995193898 0.164571388116279
0.0162285023736653 -0.0373039153569323 -0.122593712794057 0.179377687945049
0.0215319088945999 -0.0400987190889666 -0.117596449402794 0.210493980744961
0.0362612303730477 -0.041899303718051 -0.129417573799216 0.259955232371678
0.0672138268488426 -0.0106585009957833 -0.117446465171533 0.276576933540595
0.0618141233016394 0.0407213003393829 -0.0738487593047575 0.306260088883696
0.0114320963613979 0.122963537675127 -0.241231806655887 0.193318959024461
0.0134374918967875 0.0602216017950816 -0.00224645246896075 0.0495708732088462
0.0128241712489722 0.0292667028271782 0.0433208629767139 -0.166125768270819
0.0177431254099015 0.0481058913392672 -0.0339510711004245 -0.275755030987804
0.0541552659920225 0.0348697337860641 -0.182562714986884 -0.279203856374267
0.0717585882533244 -0.00237136423417737 -0.257736953924368 -0.166741305090374
0.0697127401181029 -0.0305283909015316 -0.255176727396593 -0.0501951073035294
0.0636028216249882 -0.0403828856367063 -0.223646733815628 0.0387017557089686
0.0665457449728037 -0.0653086971549809 -0.163598571236762 0.101820150826006
0.101623257624244 -0.0593335990246764 -0.120793404943161 0.154763813161959
0.116488714152175 -0.0176769860536453 -0.0951955645926527 0.181787469192019
0.122768953640409 0.0299684456037799 -0.0983347930083144 0.221408091538688
0.097932668070929 0.0736490685513648 -0.130230682373449 0.25436052754642
0.063527730792629 0.121936973529949 -0.104180877410888 0.240350092337573
0.0236228992618771 0.178166950397265 -0.05084843764232 0.253463493580728
-0.0513802827057123 0.216561671561816 -0.223460568850011 0.111982778186036
-0.0380418361436584 0.178339375975832 0.023360216973166 -0.0096200521562564
0.0209903587612186 0.156059382491143 0.0425935606871843 -0.215929624624782
0.077405879878004 0.148374024975267 -0.0474142656525398 -0.298401892341628
0.13263808682149 0.0958214685999784 -0.175111657458462 -0.269202663118499
0.153613379984695 0.0243570905914108 -0.226835925109316 -0.159004113472713
0.146499620957596 -0.0354779281683366 -0.214908921690563 -0.0612870238432048
0.128188059614166 -0.0538205272044059 -0.180253668306394 0.0169633819523691
0.129000482198882 -0.0858375188290563 -0.116640585214026 0.0759771866175381
0.177128978028589 -0.068152684348667 -0.0687250411262624 0.133074594972623
0.195873723675418 -0.00603342355749327 -0.0406530137262966 0.177931255085173
0.208622143407301 0.0781070359219326 -0.0612287800807022 0.233016697276585
0.157541290486463 0.161615801061383 -0.126423967359516 0.250808583339978
0.0634388271137453 0.229618014786084 -0.103380896697837 0.189962543775287
-0.0127066536346674 0.288907884254974 -0.0224203793891336 0.164938522118959
-0.102720844927906 0.282388997285822 -0.171060364986454 0.00941011602542558
-0.07717322268383 0.281976897856105 0.0663585767602558 -0.0839097846408713
0.0408685248067058 0.272237894876066 0.0553216602671804 -0.264683639409078
0.146536119474784 0.232123653261061 -0.0487234579352979 -0.312450735627343
0.205707604767189 0.135727667591599 -0.147856900677457 -0.244760127938213
0.219369510310973 0.0400419005173098 -0.170001935739804 -0.144048656970951
0.201599231778166 -0.0395120580038365 -0.14555332608905 -0.0701813847680084
0.172622296623069 -0.059766116292286 -0.111084661897694 -0.00866251099723645
0.171746032487392 -0.0893709194385613 -0.0499633302835629 0.0456241893538836
0.224577367561494 -0.0605856189965998 -0.001534796504466 0.103941572360587
0.241786640685826 0.012603859150734 0.0264558129305646 0.165621668018263
0.256454180189542 0.117422467752364 -0.0180741805907787 0.235612929100747
0.188714929163342 0.222912798727052 -0.12022813144999 0.241058060305555
0.0488662412209876 0.300420795734001 -0.109984460972976 0.131659262673231
-0.0519006611661483 0.352164149764802 0.00824988065962981 0.0589077795049698
-0.130529672247456 0.307304957018365 -0.100465182243301 -0.106341538224674
-0.0945994594140499 0.342669573035853 0.105658229503848 -0.168442708155949
0.0623916589188454 0.344856266403817 0.0677556393008925 -0.299308311577098
0.202687246587322 0.275925051079535 -0.0371864614824152 -0.30467091323814
0.252369496646341 0.146543126421414 -0.0938395649778026 -0.211403179194128
0.253136631952047 0.0422843075896028 -0.090599503053251 -0.130011529571355
0.225565827892577 -0.0415534389354866 -0.0597879961159114 -0.0803882753149286
0.190031440060854 -0.0563987820158018 -0.0281968003156444 -0.0327089471215417
0.190037719982549 -0.0745518872451094 0.029265216963633 0.0186858328197833
0.239270320686601 -0.033505940876188 0.072470234041628 0.0801963847321787
0.250015543507509 0.045530569592271 0.0915676804980081 0.154729763279354
0.256503344349721 0.155918670147659 0.0191731252092599 0.232132437132353
0.174729339673161 0.260896197170341 -0.112583348853925 0.219258696200406
0.0108695479556532 0.328988031852181 -0.109963367141078 0.069551158021211
-0.0947020240614401 0.361102456389965 0.0473960291185195 -0.0481982671860146
-0.133339627847094 0.279430329126701 -0.0289171020962871 -0.216682313701585
-0.093290172877224 0.338353750458178 0.12550026228517 -0.250335822849578
0.0719834735738164 0.346802003342075 0.0745686545118927 -0.311490753847896
0.216661562396305 0.265796580078028 -0.0125257359839161 -0.275723588971952
0.249376646307975 0.131138033536076 -0.0221609635956225 -0.175449612925259
0.242571700313972 0.0362900287656003 -0.000806934948339125 -0.123798650210448
0.21274215838043 -0.0374131513590718 0.0301540577364631 -0.0922482631665413
0.178912182847707 -0.0441751269574216 0.0571348183408904 -0.0508503373545319
0.182244492055168 -0.0472194142893058 0.111148651349514 0.00414167242766037
0.22074712494273 0.00430918664883159 0.145076883496248 0.0739192094370211
0.220390608167273 0.0826584058433878 0.146204699558802 0.15867165374801
0.209431770090354 0.184466114870535 0.0445841782485127 0.230433292182628
0.120127133718237 0.268680134369296 -0.1005909768706 0.190682030575664
-0.0465745542871871 0.311393936699012 -0.0930597342216846 0.0139025085581329
-0.133697656663204 0.315498671260482 0.096582394378297 -0.137476673470165
-0.116644145841401 0.200025935231688 0.0306946264778111 -0.300424586609149
-0.0819362033868925 0.266566948175269 0.123835639637841 -0.307558612012057
0.0605731830099066 0.279200403829266 0.0818217020237682 -0.300585139653353
0.17837795309077 0.204366565945386 0.0230556423860068 -0.239687410095811
0.192335021448005 0.0965832317528894 0.049956664205721 -0.151150724086895
0.185411170120675 0.030824979844593 0.0778231623537404 -0.127935413996921
0.165390614502889 -0.023032377888993 0.106086490178459 -0.103737654521459
0.140084005809212 -0.0252592933673348 0.132303666799913 -0.0594562663053928
0.147683817075016 -0.017259108033295 0.183731698361726 0.00644284809642619
0.169781600790504 0.0335224035325172 0.204878260205041 0.0918505314761359
0.161169483730708 0.098506235132458 0.18234708343183 0.183623811538088
0.137570590187591 0.17874652146652 0.0557666680627146 0.233847676936824
0.0520639999608012 0.236785413505291 -0.0802982275588256 0.163124387294686
-0.0952609333710731 0.250504553250339 -0.056810456660218 -0.0233962544829561
-0.15231245069569 0.226615563402181 0.153413705623895 -0.196050411036789
-0.089942666311315 0.0820050972680253 0.0699192892064845 -0.339889284135067
-0.0695157991242752 0.146707588560153 0.108494637494718 -0.326268961679701
0.0263811613190858 0.161280539393368 0.0937588646896845 -0.277816932646868
0.097324154092072 0.11408430243767 0.0599816148838783 -0.214288356848924
0.0936542053795684 0.0567164076298876 0.0998070996035643 -0.147948905037598
0.0969086946461543 0.0300431034021001 0.12489186141753 -0.13974601718418
0.0934132922865876 0.000551397553336551 0.154051318013527 -0.110873733546686
0.0810644656129931 -0.00381585841640674 0.184470272928456 -0.0585102450831348
0.0890214647327136 0.00512575511628558 0.23489611492506 0.0203294387654534
0.0970981577079409 0.0373984743233383 0.24326753034185 0.123286575708921
0.0905878635276163 0.0768597308961287 0.196724654890901 0.218714355875584
0.0721283822864401 0.12953867318195 0.0572688295084121 0.243906057219567
0.00244701784677625 0.16676492295592 -0.0547561607877544 0.148942003342051
-0.108830293173489 0.159400630204575 -0.0151735132218804 -0.0329556254248189
-0.137172378019507 0.113305315375109 0.202689196274862 -0.216414627501931
0.0728622442331842 0.0333275015515818 -0.264749422056982 0.229279732092043
0.0744748919863818 -0.048361117961813 -0.00271973203111365 0.0979446709382011
0.0211514282076448 -0.091780824611788 0.0915419003655532 -0.13671129211779
-0.030377612190378 -0.0569234866094038 0.0199014935201131 -0.284238773419385
-0.0236735551526696 -0.0348679294190021 -0.160505227102558 -0.324462430024574
-0.0143342603226349 -0.0334000532240361 -0.267182859850067 -0.212293335507918
-0.0116954450132579 -0.0268292191809576 -0.283527964706946 -0.0757496345172434
-0.00672933201686654 -0.0243469512534317 -0.264623096250793 0.0286460974632236
-0.00269304825471513 -0.0395097678528039 -0.215314943025129 0.103481810018813
0.0136839329498979 -0.0479588466705351 -0.18131583636424 0.159890847038508
0.0224962389707321 -0.0353928564959804 -0.15693656887343 0.177018012174718
0.0264413458547872 -0.0381922927408507 -0.156702014269254 0.211153879837234
0.0443130540862336 -0.0363400387394292 -0.173861271255261 0.261635005943344
0.0700869998825794 0.00443113019939131 -0.167569097258603 0.276748075346582
0.0600835084095085 0.0607415885563965 -0.134154498028806 0.315173711681736
-0.00898767546593748 0.137059957077942 -0.284232432874687 0.174258513966761
0.00574646065881306 0.0664532856957375 -0.00730550243770329 0.0544097181067476
0.00705240081783304 0.0317240192692373 0.0726952501669223 -0.168941501839642
0.00689037395983954 0.0513539014251297 0.00380913151572152 -0.298418843132055
0.0467807848186432 0.0471022421949049 -0.156672659850562 -0.324394378639673
0.0735341340918447 0.0102002703357753 -0.254547260033403 -0.216536087583871
0.0785489035052852 -0.023106631431969 -0.269361873666 -0.0888551823719595
0.0765531537315134 -0.0306048321491499 -0.249012450127779 0.0129928553072483
0.0831869061940311 -0.0588946074288168 -0.193453623883122 0.092565919905962
0.118883912089026 -0.0463377587735998 -0.152708136851106 0.154953668277169
0.128292347141556 0.00458821990764085 -0.131756010484833 0.182990479782447
0.124918865799723 0.0539617118727106 -0.144780263716382 0.223261330809888
0.0896317692701658 0.09843812736485 -0.175069047876687 0.252826848625519
0.0442354130916467 0.146455360984327 -0.147796685594248 0.234911053008718
-0.00636931438020631 0.205292891383412 -0.0948318310563269 0.256265597707675
-0.0911191415589269 0.224426693228661 -0.255443106014764 0.0956683438611171
-0.0674062659597246 0.182166796154361 0.0263546584218714 -0.000960545616457853
-0.00507515095999345 0.165168761880981 0.0799013103456819 -0.213699700928134
0.055855727294121 0.164668535436656 -0.00530285127495364 -0.316558302650663
0.120323378784981 0.123045407390802 -0.14471447392497 -0.310483115981573
0.157666513077346 0.0509751575674431 -0.218995439392785 -0.203644976202269
0.160681261800562 -0.0168473505360775 -0.221202748203302 -0.0939945963771995
0.147689407161451 -0.0337054156308389 -0.197933683259762 -0.00549102005704257
0.153597852387376 -0.070340203538223 -0.140250137185315 0.071750513845384
0.201725171276418 -0.0438484057916026 -0.0953819833938793 0.139891224501147
0.212685765841162 0.0318605637799946 -0.0756401966385679 0.18536928982767
0.210845706961794 0.119233415682985 -0.112034414980354 0.238986386634235
0.138174718044567 0.204530880714543 -0.17169081752021 0.247224948915199
0.0258478846342633 0.261173284316115 -0.139112901636669 0.177931595625421
-0.0656100902748116 0.319188938625001 -0.0461496600164954 0.161214740409072
-0.156984072039041 0.283479969718922 -0.186874647645854 -0.00304973059390101
-0.123932066902787 0.284353070819172 0.082342322971817 -0.0700976846006912
-0.00297771552230251 0.289087829336207 0.100537446892596 -0.255518308810236
0.116296646758667 0.261124253656332 -0.00350460059930321 -0.325402946717944
0.192659331487169 0.175318926271056 -0.11213924906854 -0.27886801291519
0.226346048777755 0.0770269505016373 -0.157522561715248 -0.178087224106207
0.220292934593778 -0.0132593466548726 -0.144283135858908 -0.0938785079594362
0.195674663314136 -0.0329560210829989 -0.120146777074011 -0.0242800301203511
0.199208193483197 -0.0667510254877065 -0.0630804422343583 0.0476863878419327
0.251768918844858 -0.0294509498841339 -0.019285732091786 0.118183267378162
0.259886004379173 0.0602615794670209 -0.00399193970784426 0.180160024964532
0.257364919961748 0.169744161253355 -0.0685858754003002 0.24648590556147
0.159776640558942 0.276324669120768 -0.163686768424235 0.236690841935597
-0.00175687725916931 0.335085847045855 -0.13592828895477 0.111634877161906
-0.120338138176526 0.381465781714923 0.00807543026209386 0.04964269246046
-0.190121308973518 0.302233636869905 -0.09544351597752 -0.113641467400082
-0.152725799359863 0.343090565328441 0.135589437921256 -0.152754985668351
0.00814571588829305 0.368289614938004 0.119828727213371 -0.285883782582242
0.168906237735669 0.315153121168306 0.0106015610214579 -0.309842868755735
0.240913860772827 0.194069335534531 -0.0557293108855805 -0.234866154135612
0.262710978029695 0.0835956345214901 -0.0722419744035456 -0.152533737881572
0.246281888392661 -0.0112533039185683 -0.0484546869722283 -0.0931122368217755
0.214224070321665 -0.0258458995545806 -0.0268266705342351 -0.0393670527187678
0.21627293350607 -0.0483295855123282 0.0262490209691378 0.0280374354184151
0.264224149461329 0.0022514258309872 0.0636230567385852 0.101638849726333
0.263484234815651 0.0966306185367818 0.0676719163731927 0.176791427491765
0.252529951165659 0.211767608823544 -0.0288733412962309 0.246247163285191
0.138673838255415 0.313504424500622 -0.152019134401705 0.21424647572437
-0.0473509733309176 0.357473844156563 -0.126373180721169 0.0449180655169078
-0.16798844695506 0.380954473047452 0.069820942176126 -0.0591272421313623
-0.189946066888053 0.269885276680423 -0.00299634369413006 -0.221847062813748
-0.152054438423685 0.337409586551466 0.167784012778158 -0.238046443480102
0.0175717394726801 0.372239656938193 0.129336956272279 -0.297199121755845
0.185799710170076 0.306239322345697 0.0349386385095245 -0.275042424675311
0.241259225991925 0.175102321746671 0.0168338272972133 -0.188051836113428
0.252701758948109 0.0750618947698653 0.0236871983873055 -0.134079269052476
0.233131417768964 -0.00810129294724006 0.0506634632160473 -0.0942594660360855
0.199846676524562 -0.0155560861965888 0.0677688662296276 -0.0471528392851663
0.203681224783844 -0.0205151838985261 0.117506207060378 0.0217851834260399
0.238629988004418 0.040837157455221 0.142790691089111 0.104140319614613
0.225172419332188 0.131630969337508 0.127040585940835 0.186824459010193
0.198476913524789 0.234618993174576 0.000421729136918658 0.245574677066425
0.0781024844505362 0.311037644277221 -0.133748940672833 0.184807271547962
-0.104606879536824 0.327526592480934 -0.0980104202049887 -0.0110525858973102
-0.201871354117134 0.323330538209506 0.138543566969047 -0.144655884515442
-0.159560321569045 0.186992045185082 0.0743400020935233 -0.306294270925301
-0.129295257255961 0.26355649248472 0.175377568263065 -0.300807112843011
0.0168906480957698 0.298431464503669 0.133318276411737 -0.289556197707515
0.155269821309064 0.235153417840824 0.0665674789521294 -0.236259655773353
0.185930370487297 0.129217801099733 0.087659379119255 -0.154244152287973
0.193401460001772 0.0587003796661503 0.108235778385894 -0.127881701428312
0.180105833388558 1.17182083132399E-05 0.133966292778283 -0.0967684774742189
0.155279579199191 -0.00259265860368144 0.150700565522458 -0.0477214045986242
0.160743707954756 0.00581142694486213 0.196693263937134 0.032589066037522
0.178967808821903 0.0635723999552511 0.20656561385584 0.128259042023516
0.158145800193485 0.138298492678264 0.165066380798604 0.218024097732754
0.121838178042253 0.218090270876007 0.0159439725145789 0.251293581226957
0.00938707063843665 0.264238517709278 -0.107223379081708 0.158759942000023
-0.145501459139388 0.253500868743957 -0.0525106817238094 -0.0427112568768951
-0.205608383254185 0.220560212744819 0.207825608556414 -0.193977500659401
-0.111953476177274 0.065709276298468 0.123984635671785 -0.348232002217806
-0.0987535395048041 0.138705738071288 0.163220290048882 -0.326812092610251
-0.000888770269234927 0.169430736829684 0.141191191378889 -0.272169146936644
0.0834501628044084 0.129200788920131 0.0993990046135939 -0.212321488789222
0.0886892843244765 0.0713759296617707 0.135387044899058 -0.144860400926057
0.0981569856261574 0.0451569908008003 0.158119588711442 -0.134426428736212
0.100033102712787 0.0142269931330452 0.185476191289369 -0.0999207333075478
0.0874888400015254 0.00948960382850478 0.207191990716752 -0.03835237621083
0.0937862751492106 0.0196765247993333 0.251452128034357 0.0539202069592844
0.0996728786799862 0.0569261068047841 0.245648530933646 0.166749905600695
0.0853451285178592 0.101988423956229 0.178618753649645 0.257678350350398
0.0576046057953604 0.153200815049646 0.0197636808973655 0.26331045995681
-0.0306782405096008 0.179903723871262 -0.0773840352157221 0.150050665231731
-0.143533700482129 0.152945242257015 -0.00633882574372811 -0.0423350934183271
-0.16697935137474 0.0969347667569469 0.260938995493437 -0.203173700480465
0.0770572530422077 0.0247592619665177 -0.24675369527506 0.266358831301725
0.0713205664266947 -0.0570868391236508 0.00919180907942686 0.0992621376902384
0.0112816884789414 -0.0959480012758409 0.0806227573712869 -0.152378043393788
-0.0369336632558021 -0.0553059936612297 -0.0102634889156499 -0.29549984273051
-0.0274564236651187 -0.0328169891394565 -0.203719947544798 -0.31522556575488
-0.0192093477302168 -0.0322867146274394 -0.301695576227514 -0.189486333358775
-0.0141258682229777 -0.0277501731186169 -0.301104129035801 -0.0452760133240678
-0.00805033824798602 -0.0249192634962006 -0.269740947385185 0.0625563998276268
-0.00595548191444445 -0.0415238495620741 -0.211513935619831 0.135642660790729
0.00954333319496265 -0.0504551982698632 -0.169695141297922 0.186220417758337
0.0194946781538653 -0.037940271118656 -0.143360822606713 0.199252138304085
0.0227339920282535 -0.0423009046490761 -0.138989839312778 0.233382459246097
0.0422295992540646 -0.0420340455191505 -0.148356547317608 0.287044363672532
0.0722256784849146 -0.00125160982113138 -0.142017186213316 0.301897508252912
0.0677131461745613 0.0555383602724185 -0.106321376087066 0.341470798450131
0.00470738812538704 0.141210857077539 -0.271242846212391 0.21258245274138
0.0135876962755659 0.0694469177202757 -0.00108461193481929 0.0557340697381375
0.0115647119969723 0.0322848133018527 0.0588063184411356 -0.182762549883747
0.0148214337954976 0.0517844056728333 -0.0280110382816419 -0.30748050673391
0.0546643166412553 0.0423696784196437 -0.19945750523289 -0.317184156737419
0.0765982613047069 0.00169830654142547 -0.288412485664515 -0.195412760758675
0.0790765398830943 -0.0337909587790626 -0.288648762089864 -0.0608629342701349
0.076847572388657 -0.0413769378817555 -0.255841832685916 0.045294579829691
0.0801149004305904 -0.0702846861115948 -0.190145027287681 0.120855031617463
0.117999225705515 -0.0611924088446474 -0.140813716787259 0.178165723932726
0.132916181521697 -0.00905471519535087 -0.116506281643876 0.202755512086399
0.135317446008146 0.0412372344065244 -0.124657327323385 0.244302993380409
0.10536485146512 0.0912319639315404 -0.150797220214657 0.278126359741857
0.060937406734234 0.147077459155067 -0.125033277371972 0.258441297862023
0.0161231059701152 0.211898393397906 -0.0720576274460643 0.276247633755048
-0.0704151795633889 0.240735519493769 -0.250755726748694 0.128986997869092
-0.0483274296537857 0.196966146465296 0.0288129610461565 -0.00406218671002367
0.0152378822602587 0.171200876465153 0.0604506629318857 -0.22692952044592
0.077830020217597 0.162200394492625 -0.0401102214271208 -0.324815588880575
0.140223064345686 0.110825994892345 -0.185330889870678 -0.303472928284705
0.168468333227982 0.034023636203595 -0.249349497725566 -0.186556124771606
0.165344206524936 -0.0367637306076139 -0.24044249402263 -0.0718106251031675
0.150163214312619 -0.052293338533283 -0.205914067714934 0.0199408687482363
0.151499480235201 -0.0903376964823513 -0.137063527259625 0.0927997155455048
0.203841301392957 -0.0693139010235833 -0.0832316141836875 0.156251778739613
0.223305591838682 0.00837112847009806 -0.0586097420903976 0.200262916406266
0.231972621527116 0.0991087825313275 -0.0876100963840674 0.256942108000126
0.166915209478558 0.19461118106402 -0.146426203434732 0.27372654014199
0.0548098564446467 0.267973242208605 -0.122120061202048 0.199180582768492
-0.0307520407172012 0.335622922272797 -0.0321275232703801 0.174174409377459
-0.130634840159203 0.309287943916071 -0.189888477075268 0.0196767417146404
-0.0956350121182216 0.307831952098911 0.0787865259693221 -0.0799152567656455
0.0311526740537759 0.297873632680842 0.0775063213160966 -0.271746905294954
0.151328283460633 0.255015757272894 -0.0383713137476664 -0.332965419926603
0.220241292333547 0.15621107529313 -0.148493712577248 -0.275629436754669
0.242753530084436 0.0524170608067795 -0.18247618358685 -0.167447343440171
0.227082242188256 -0.0391571566168736 -0.16114592166476 -0.0810197361760287
0.200360966974568 -0.0565846286615174 -0.127641205018397 -0.00918564285287442
0.199076786792211 -0.0909974303504372 -0.0610207328245185 0.0579259765116017
0.257603985355049 -0.0590421063927751 -0.0065272160099786 0.125566092736777
0.27594295499257 0.0322075585100736 0.0144905152322276 0.186972824067912
0.286808831628773 0.145728804155443 -0.0423937778153285 0.259505150843301
0.197354475949514 0.265091843662206 -0.138548882351055 0.262750579581553
0.0358608382228423 0.345557789229294 -0.1264076745451 0.132131980396068
-0.0798204031714499 0.40452350275982 0.0124005044959305 0.0518407011762478
-0.162323164630634 0.332848542802411 -0.107962500430128 -0.105121544197224
-0.117589473455978 0.371390098543534 0.125178946150021 -0.170376861138165
0.051397651913733 0.377211376097918 0.0940063602576492 -0.304544618412569
0.211524171348255 0.303428079580842 -0.0226761245611661 -0.318376163327093
0.271727818528783 0.169944383558558 -0.0846943401545919 -0.236876980377623
0.281037624441873 0.0545485453114136 -0.0908086361404792 -0.151152508840405
0.253467499402338 -0.0401135968189345 -0.0621511224785491 -0.0916809992361024
0.218551408484257 -0.0518047727563019 -0.0333045220554492 -0.0361814483851527
0.218747958282216 -0.0742843427754898 0.0290668391900739 0.0270958944825336
0.272971616116475 -0.0283360544053351 0.0772547170638431 0.0985039256421819
0.284020919362207 0.0698212802611555 0.0875384919096849 0.175269063489121
0.286265841085385 0.188896719591605 -0.000535619574159634 0.254434586028892
0.179273752090794 0.305935373748461 -0.129638309550854 0.238586770588819
-0.00958728733102752 0.374445977008495 -0.123588329688234 0.0627484512502098
-0.128230200224324 0.410069152199819 0.0635190045754381 -0.066860364086236
-0.164078148370559 0.29990131387292 -0.0240905977137618 -0.22784203253323
-0.117321831848723 0.36552755185206 0.150033113773461 -0.261377010834529
0.0624557936035478 0.379106797526612 0.101864420228833 -0.31789529255108
0.228342748793961 0.291613409018832 0.00512852482250001 -0.285046358219421
0.27011928009214 0.151201975505044 -0.00420208586780054 -0.196889607601356
0.269863136627587 0.0469375255777265 0.0108149518622547 -0.14325057423887
0.239277015931343 -0.0350745309031914 0.0402491402307706 -0.104656776815008
0.2052628522322 -0.0390342019944901 0.0631701364084167 -0.0566472523565762
0.208520366758007 -0.0439477632206329 0.122365678091684 0.00951968075004556
0.250318301154948 0.014402888097055 0.15925145107418 0.0909897265162006
0.248011772637296 0.109460454847044 0.150363895312679 0.178801766077128
0.232896493916991 0.218225710233374 0.0286692343227449 0.251618927794062
0.116584209502943 0.310286237129681 -0.114974338648579 0.206536919583304
-0.0719275703507346 0.350255186338312 -0.100739803918652 0.00177189686069414
-0.169469459002572 0.353672870863636 0.125084357426508 -0.163396430431682
-0.14146674283535 0.211069310813309 0.0459975011054985 -0.32458706739542
-0.101908315916191 0.285272269080526 0.150160387978587 -0.327252647111176
0.0520788416679373 0.3041822614235 0.107049626387662 -0.310120887712774
0.188438250316867 0.223048859434298 0.042534948553593 -0.248113870160911
0.207866745437223 0.110392124873599 0.0735457803696294 -0.169626230774571
0.206474427988204 0.0381049869787079 0.0975751261989916 -0.145773040837804
0.186254325913676 -0.0213398359923109 0.126031476626626 -0.11804018827372
0.159518572004766 -0.0203035600355142 0.148623090022634 -0.0666503805110679
0.166852650626803 -0.012219834415119 0.205724385726285 0.0106556523061935
0.191710710868498 0.0452217153771243 0.228001242725199 0.108739679493119
0.17996904231992 0.123823701869413 0.192896767674283 0.206310398147872
0.151866958921747 0.209648553744113 0.0457561870826951 0.256273141120611
0.0404180938497823 0.26964223521509 -0.0913254034615242 0.177443688735568
-0.120769634696225 0.277396884904846 -0.0578062828857198 -0.0362192506691274
-0.183184583596692 0.248383493514381 0.190918348824512 -0.221832286431372
-0.10674701155303 0.0806935707523951 0.0917927712768493 -0.375324445393425
-0.0852924018888082 0.153501505720526 0.134850408260222 -0.352877797775414
0.0195059042450288 0.173606611027766 0.116034234311595 -0.294110813332809
0.101711627434531 0.121843464938617 0.0789257507407095 -0.227591454287373
0.100241423680062 0.0622657206622483 0.124159409803761 -0.166044686210255
0.106793577207921 0.0345203996952408 0.148997842962951 -0.158247062148632
0.104861080768997 0.00291986943722873 0.179870799430596 -0.126905429977214
0.0905995997876533 0.000104923951042618 0.208270171302235 -0.0655228178819197
0.0987320726614142 0.00983136691790807 0.265325882135243 0.0264786701953986
0.109021399099272 0.0480476231341871 0.273030593562721 0.143207025133002
0.0998796105269343 0.0949666341514418 0.211813812115369 0.246438440231647
0.0766830942767471 0.150343380683757 0.0506874538078986 0.269458382695155
-0.011762643752077 0.187167044257549 -0.0621401850435745 0.164354912966766
-0.129463112580299 0.172911786946934 -0.0111577552316827 -0.0414797635625276
-0.157822042393398 0.116817477516236 0.244137437100793 -0.238247701646139
0.0760771598016777 0.0170220148264034 -0.219567607630542 0.286535123250458
0.0653407907180316 -0.0621603115622746 0.0177934278493553 0.0955895383138816
0.00209532201430359 -0.0950563945184456 0.0677073428999604 -0.159639282178499
-0.0412005658465744 -0.0514274869314952 -0.0352291090519828 -0.292101163325651
-0.0299097095941425 -0.0295867045949687 -0.232269863489043 -0.292967197601185
-0.0223081813244363 -0.0294111064607379 -0.31829551639392 -0.160309576873442
-0.0165338687774668 -0.0274352449101408 -0.303352504156046 -0.0159905601769302
-0.00860210861547434 -0.0246008006907277 -0.260829585946042 0.0895412161509781
-0.00857610582575238 -0.0411570491927457 -0.197111730787935 0.157254473075341
0.00526020862048855 -0.0504058851576936 -0.151198840828284 0.201136623512978
0.0161335989218118 -0.0384546243598404 -0.125337070680265 0.210002067617885
0.0182375179192324 -0.0436538839695065 -0.117652390937966 0.243843731596202
0.0385420586589553 -0.0457526767440646 -0.12039008500121 0.295121761647445
0.0716768436433332 -0.00630260620953903 -0.11474726210968 0.309494337290918
0.07170555371572 0.0490680371688186 -0.0772215556762438 0.35022590816998
0.0157479550384408 0.139113268292468 -0.248533478299691 0.235875225878832
0.0199707987268984 0.0690582760396363 0.00473768896458706 0.0545819571176161
0.0154434819828467 0.0315444429861376 0.043563095718639 -0.186589386402633
0.0201168232544298 0.0490966483211009 -0.0537011303995053 -0.302164630073359
0.0590369460708397 0.036252464094814 -0.227757006860823 -0.294614599781409
0.0764151501361604 -0.00529340805928683 -0.305565702452139 -0.167484173018989
0.0762215615601806 -0.0423397781383204 -0.292108446164592 -0.0330476367316045
0.0737697583475996 -0.0490353707349183 -0.248938791542081 0.0709041579075483
0.0740064821237431 -0.0776607602819278 -0.177312962821169 0.140612184784422
0.112385146949691 -0.0720932669769367 -0.123888602320344 0.190913261523566
0.13171357316374 -0.0210953751205198 -0.0986956684140295 0.212390525099962
0.137835855447219 0.0290490622079607 -0.101131491757922 0.252339005770418
0.113245941808882 0.0802392009661335 -0.122457659382852 0.288024310270339
0.0738978635041612 0.142016044644486 -0.100656929873643 0.26522520559013
0.0349336425127776 0.20774098913465 -0.0486474205695961 0.28311191461363
-0.0496365451239816 0.244438908880133 -0.234676468260782 0.151458951531433
-0.0298503327372312 0.201036331142103 0.0288483978913036 -0.00625386049492137
0.0310750529987319 0.167833425085675 0.0421134212566 -0.230627075182132
0.093021268913919 0.152034235821628 -0.06673828703393 -0.31705663235302
0.15032867473325 0.0953598193942416 -0.212723640587055 -0.283359648973071
0.170051182221413 0.0173728789222583 -0.265043866555718 -0.162846477136665
0.160618009643958 -0.0528081571520736 -0.245597637941332 -0.04894716481967
0.145417798880897 -0.0671183379223603 -0.202085091336526 0.0408003203402233
0.142601199830335 -0.10370641317148 -0.127375286894733 0.108048945786887
0.196390929264969 -0.087610624104364 -0.0682025997640098 0.164288763884964
0.223312997098995 -0.0116583301082806 -0.0410396406010444 0.204153165516143
0.240138265410115 0.0769907801448221 -0.0639971659538269 0.260482122557574
0.183853821523224 0.175465436905466 -0.118517719883191 0.283760975537276
0.0779296414235276 0.261528304816557 -0.100641291226659 0.20834405369906
-0.000219676771754929 0.333338979835027 -0.0180779567113832 0.17734281131849
-0.102706690700904 0.317804258307963 -0.183272051275163 0.0379011125017254
-0.0654445543833578 0.314764200663383 0.0722565599726953 -0.0853882272235996
0.0590872055245746 0.291012878882044 0.055045058706428 -0.274474971654056
0.17432348980984 0.236209295525761 -0.0658690878594549 -0.324007549212224
0.233865437243616 0.131794712486434 -0.172997906946203 -0.259711825632055
0.244911835143008 0.0283779748422573 -0.1968855536521 -0.151460703355568
0.222061472073489 -0.0607310771241776 -0.168532177597872 -0.0652990259944085
0.194133773324815 -0.075912890410147 -0.127557298614645 0.00452598773027935
0.189185341977982 -0.109528917536436 -0.0552619240642223 0.0659560090414484
0.249728224745958 -0.0831573033027004 0.00497135837672488 0.126393456527631
0.277429400667091 0.00660217931006858 0.0297183702722038 0.185877602286368
0.29941099059562 0.117454501490786 -0.0184618737943568 0.259284621237277
0.22152130243229 0.24229989353017 -0.111957951153304 0.273014334351209
0.0661364631849675 0.340380640815004 -0.111686553218701 0.142846413449145
-0.040599937129784 0.406429352378549 0.014684536535688 0.0525758333759276
-0.130762697784695 0.344238823292553 -0.112899189588828 -0.0939963606674788
-0.0814720787560152 0.379430006192772 0.111098807055396 -0.178834274798253
0.0865819547458933 0.366805392329157 0.0683790065241815 -0.307606626697492
0.238327683106123 0.278301782123233 -0.049102871338113 -0.310978058635461
0.286750219179869 0.141243099155793 -0.106402135618368 -0.22666906920905
0.283608239857146 0.0265441666981787 -0.103939945207893 -0.143420298661168
0.248625578442383 -0.0648879052934604 -0.071457165129747 -0.0856767139917808
0.212783616691276 -0.0725076523188137 -0.0366383970679336 -0.0312276035342586
0.210321274798472 -0.0944672344563833 0.031213336990017 0.025685547590538
0.269323360556479 -0.053880645525141 0.0852011759765494 0.0914319084455457
0.289471092450647 0.0420357339797918 0.101465320985283 0.166760068868613
0.303008734334543 0.158979623285172 0.0226267528021216 0.250754714538257
0.206986670894167 0.283958892718471 -0.104568170271886 0.248686217678329
0.0241009770226091 0.372519728556654 -0.114128443093839 0.0739021426030708
-0.0875611453962924 0.414670373864695 0.0555417212116149 -0.0700783723500605
-0.135859958383612 0.312362243095393 -0.0408766321210002 -0.224245592243522
-0.0816689153779314 0.371834605291522 0.127419214688419 -0.270985813740093
0.0970479806259657 0.367931687088 0.0752446646872575 -0.321203427624676
0.254200839413492 0.265643012258757 -0.0187065779963179 -0.280076657193343
0.282576662960708 0.122795988360571 -0.0225200606841815 -0.194778250966316
0.271883138665827 0.0200823923385018 -0.00229129782154172 -0.144993664439448
0.234719084436182 -0.0582186368175633 0.0285233546624822 -0.108729524173943
0.199516448354585 -0.0577155295343858 0.0567428910777205 -0.0612104778759556
0.202747445505638 -0.0634754133803598 0.12177967723395 -0.00114384483366493
0.249764549338108 -0.00950414801279705 0.167107313729498 0.0762797242386799
0.257460341650804 0.0849671560570577 0.165136814882496 0.164441661540774
0.252361546600303 0.194355017034792 0.0526410971086262 0.245418408012666
0.144615633356358 0.294563297008609 -0.0930642728297241 0.215727779966245
-0.0381708931066976 0.353249241416405 -0.0983566361985733 0.0120785856672782
-0.132824421664034 0.36283736081508 0.108020115821971 -0.171568797509515
-0.120887489977241 0.221536313013347 0.0192272731178071 -0.327732922889799
-0.0746923179688883 0.291071598869478 0.122739436691499 -0.336159988501077
0.0805514797984074 0.294121088678092 0.0796901646007859 -0.31488702914831
0.208264425532055 0.200756371059497 0.0203419289715316 -0.247093674676623
0.216338622752914 0.0890410642425902 0.0578832191177909 -0.175662163115568
0.208060358178358 0.0165760496370296 0.0842747109040659 -0.156094166979192
0.182795133697956 -0.038696593919955 0.113049041240394 -0.130717270352572
0.156716943230302 -0.0348401331660082 0.139799784007186 -0.0801876314664431
0.164234118467374 -0.0279937245555169 0.2047894137472 -0.00804676662859009
0.194671198959757 0.0268836851341976 0.237083697459129 0.0866403648301332
0.190672628435683 0.104854697722408 0.209313731527302 0.187915788474715
0.170402671604988 0.192725882675506 0.0691929652599581 0.249025943363191
0.0647202852303621 0.26148946195688 -0.0727024325354677 0.185462262031783
-0.0935698698714027 0.2858572762086 -0.059379685813843 -0.0288098810880576
-0.156476321850047 0.26021521089886 0.167532607367929 -0.236706628809794
-0.0968327883649185 0.0893429881210627 0.060232554459052 -0.383223840015615
-0.0691302278272018 0.158882957286574 0.106277548662468 -0.361485031784246
0.035885644858448 0.168696783989436 0.0894760877907833 -0.299028333193343
0.113195303922392 0.108705154209609 0.0588833725149069 -0.230393837700267
0.105494609333183 0.0517713939261598 0.10887877016591 -0.17733871144641
0.109506275822085 0.0233572787246969 0.134009188525702 -0.17281881055279
0.104352007164138 -0.00715892525000378 0.166080046695524 -0.144327746810181
0.0893589200695721 -0.00807217285570801 0.199664885478382 -0.0854507966396987
0.0979165176953936 0.00052036016306788 0.265473134140973 0.000251083384784995
0.111843278185953 0.0377627982231179 0.285491893030365 0.116115140526098
0.108305285011019 0.08348413454368 0.232668111122547 0.225132871475845
0.0898613416988105 0.140218800651359 0.0760074775112835 0.261896991865079
0.00540507404575255 0.185291444049917 -0.0462475295447749 0.169060301694345
-0.111416881979418 0.182215995708826 -0.0143621336382165 -0.0385826629041819
-0.142441751384166 0.127908139052519 0.218344805350348 -0.257238669746498
0.0740900473148075 0.0123979940431066 -0.199976428078124 0.292991485510991
0.0611591999542247 -0.0636141875815458 0.0224897471073628 0.092116298708727
-0.00291656526693177 -0.092024656482711 0.0591073170109874 -0.162169683176732
-0.0428117890044831 -0.0481653517089957 -0.0492067887604067 -0.286566705391475
-0.030529938084435 -0.0273429768425488 -0.245371722994786 -0.273862962468253
-0.0230901961249544 -0.0268144101142914 -0.323747334870528 -0.138761203816607
-0.0179323796590772 -0.0269188412626138 -0.29827933791166 0.000422695404971888
-0.0088299189003448 -0.0249138778983859 -0.251271130664269 0.10536455485823
-0.00996886492926195 -0.0403387246342009 -0.184406587764173 0.168748249698493
0.00370406104485051 -0.0498947125334802 -0.138646509218696 0.206910645922862
0.0145354594813329 -0.0379476658586805 -0.113220252122337 0.213225959911062
0.0155287352921152 -0.0434790369800379 -0.104012114918589 0.245743171012112
0.0355419445212015 -0.0467045568852388 -0.101877533202149 0.294766946535259
0.0709479566553557 -0.00833470961571158 -0.0972594653269912 0.308039550731195
0.0718739238082297 0.0446103406489894 -0.0590976536208085 0.351266059127089
0.0209909242614094 0.135718061231602 -0.230381140152268 0.245902294755093
0.0239376045522481 0.0680694973316327 0.00770933005851079 0.0527729270131458
0.0172562494277429 0.0304861599876175 0.0344942940080981 -0.186681991363322
0.0234479529624653 0.0464230254715444 -0.0675459017526372 -0.294388819255822
0.0608113426044828 0.0311582558404128 -0.241246130653552 -0.276365642188094
0.0749567901345165 -0.009506351661295 -0.310623689976034 -0.146924801239561
0.0727157263047539 -0.046672252431712 -0.28985272681618 -0.0162137162491059
0.0713940347682778 -0.0535527274065529 -0.240421320954089 0.0861696317004531
0.0691078771985075 -0.0811148262542276 -0.166230388070285 0.151085021397676
0.107478191053124 -0.0770830232152464 -0.112201956976211 0.195588225499607
0.128866151527807 -0.0273798926123475 -0.0866530129093236 0.215024741084624
0.137546830103995 0.021201947748052 -0.0866329216825079 0.25337262705622
0.115762181875513 0.0712959494371603 -0.103006869739775 0.288956326734282
0.0800677042451362 0.137329849872644 -0.0847871629935725 0.265208603838019
0.0443564019745548 0.201346023117034 -0.0350093529490534 0.284788103267724
-0.037384807624889 0.2432446935362 -0.22030015363255 0.162766892522819
-0.0177621071715768 0.200911097007589 0.028738780548269 -0.00734068521223405
0.0412597627633588 0.162625263372031 0.0317791142311064 -0.228387876653788
0.101121566697196 0.142356553290125 -0.0814003400946792 -0.308264454566489
0.154261186665466 0.0834283116414383 -0.225464841419243 -0.266002159117028
0.168289273422838 0.00660260158665086 -0.270595766098562 -0.145024260279551
0.15560745895127 -0.0621735424114883 -0.24540119083815 -0.0341134905802427
0.140487896459888 -0.075456691796263 -0.195601652255406 0.0540723865801603
0.135435438683939 -0.110624922452574 -0.118792281989895 0.115828787812088
0.188899967652273 -0.0978430288215895 -0.058143490191478 0.166183230156887
0.219853876920937 -0.0242264421225527 -0.0303761042737994 0.205071702473097
0.240732183921937 0.0627024153299819 -0.0482628865419231 0.259296045627837
0.190586610674186 0.161283409612242 -0.0980701551700027 0.285488399108672
0.0912078401452263 0.255057485465577 -0.086756127760345 0.209188800025936
0.0170612233386581 0.326173196722388 -0.00981464426264177 0.178097558272228
-0.0845976699372991 0.318708354926138 -0.175306785507609 0.0474808967314716
-0.0468753886286913 0.313858559701065 0.0679967850774821 -0.0869871526990196
0.0753008492362386 0.281450853785879 0.043239550689037 -0.27122106865492
0.185681028899031 0.220591644123518 -0.0805985522250508 -0.313899942620583
0.238314458029886 0.114369208378367 -0.185385618725619 -0.24431448663243
0.242265348191845 0.0127044788558149 -0.202229366392095 -0.138522525721947
0.215306311915303 -0.0737664832766866 -0.170779443380855 -0.0547753181402647
0.187624739701209 -0.0861905834357571 -0.124326964638139 0.0136231202702004
0.180522088056734 -0.119252357149709 -0.0504094411144856 0.0704164696856663
0.242019440610834 -0.0967142616433204 0.0121326689456915 0.125010297089461
0.27426843079772 -0.0100502667978734 0.0389819114782131 0.182756906818929
0.30174052617448 0.0983587093372687 -0.00379068249487801 0.254587579827745
0.231031227786738 0.224278288819992 -0.0925383462435366 0.27409856091138
0.0833261299234595 0.333331041437411 -0.0998002202642497 0.145864342356908
-0.0178859704806437 0.398659308426508 0.0160297543326888 0.0531430643038351
-0.11051022645261 0.346236464209639 -0.112755565776069 -0.0863773375306002
-0.0594692902393765 0.377014257447304 0.101708890838319 -0.180984814343012
0.106924113111115 0.353990215985146 0.0545269977053444 -0.304521472538355
0.250890090282729 0.257857324395103 -0.0637354168993189 -0.300948323441899
0.289934116465236 0.120239031946146 -0.117111611001323 -0.2165814184599
0.280537816660138 0.00813511443188172 -0.110278902206773 -0.13671313407995
0.241534549578692 -0.0785721268660275 -0.0764763679756466 -0.0806928239818741
0.205698082092101 -0.0841302974842531 -0.0376790814705871 -0.0276748961585268
0.202025264549804 -0.105178322675088 0.0329503980388138 0.0251966829028575
0.261886245314757 -0.0685407569695181 0.0899187528643777 0.0858663533125054
0.287418753911305 0.0240617801870531 0.108747443527559 0.161090502206977
0.30863822352658 0.139543140894766 0.0363885952596325 0.244098362858818
0.218856796504002 0.265896343395088 -0.0866195663602275 0.250482364841809
0.0443580235131278 0.365951738100839 -0.106820262523532 0.0794867070607144
-0.0632836511078439 0.409425863758827 0.049384792318675 -0.0704605444470218
-0.115533335805548 0.314113380418254 -0.04903683805234 -0.219158663540527
-0.0590523211015899 0.36954866753443 0.11363392166865 -0.272727068928897
0.117112849375472 0.354803779097531 0.0592289804737649 -0.318089521152331
0.265440909810272 0.243470523566671 -0.0316057729337505 -0.272106466355469
0.284720331871628 0.102910577721009 -0.0328917468537029 -0.190035427662835
0.268115174382219 0.00265815497239014 -0.0103407877389444 -0.143908024008987
0.228070540605346 -0.0710432464400138 0.0210125968114901 -0.109748198727592
0.193259946745342 -0.0684109254535233 0.0526380782151649 -0.0633216185807294
0.196038846250255 -0.0747642442046196 0.120459992780222 -0.0069314778966837
0.246586231170291 -0.0240961894226401 0.169152291342705 0.0657649778344208
0.259570556236062 0.0669747517479386 0.16987900316177 0.154557690531334
0.260750464850111 0.175677240609702 0.0659097824063117 0.237051806336295
0.15789597459376 0.280169253372519 -0.0771609972343185 0.217975759045986
-0.0182992245813807 0.350360877629586 -0.0940761540172189 0.0181055335171361
-0.108754625510588 0.360190984424402 0.0949019882437868 -0.173763294440857
-0.105635078970541 0.225209833941306 0.00449998369490484 -0.325080568732562
-0.0570319144750391 0.290255453700842 0.10603353836078 -0.337872931548917
0.0965634304050791 0.283129813043116 0.0640043186863593 -0.31201215003982
0.216470530634527 0.183170601681713 0.0085482662348562 -0.241722195574724
0.218358815613513 0.0732879535103844 0.0473510727444758 -0.175613929078819
0.206052452629398 0.00394842449240507 0.0741777189429623 -0.160287982684103
0.178121578960407 -0.049521162845847 0.102994756042912 -0.136260578757811
0.151520682117715 -0.0424662916510949 0.132312672608935 -0.0873033062909007
0.159666619523635 -0.0369802076541373 0.200855743807351 -0.0195368153850418
0.193975854797304 0.0150703243513348 0.23938234315645 0.0721072196355813
0.194431465269154 0.0907056932039512 0.216135675001387 0.174750070798002
0.179239356298244 0.178579109686353 0.0816681250350638 0.240436672542538
0.0772804196214678 0.251936879348864 -0.0596397057765421 0.186327453153208
-0.0761468607699304 0.28561486819863 -0.0588445287091815 -0.0241467449693747
-0.136913451877774 0.260830788848447 0.149746342872292 -0.240821037125136
-0.0890674612688578 0.0938028776733798 0.0402197703969294 -0.382995905067367
-0.0586211064086442 0.159159309602281 0.0869547620370956 -0.360992029524251
0.0453823742862257 0.162444815486732 0.0730921008948421 -0.297380313202267
0.117771014539394 0.098096974508432 0.0461431328125536 -0.227805134242791
0.106967893185513 0.044200610154288 0.0969594365207964 -0.181031054240345
0.109104587754529 0.01559170323249 0.121843752282186 -0.179153121891417
0.101528086093351 -0.0138315596917059 0.154654205873246 -0.15380946017686
0.0865849467574923 -0.0117708610084969 0.190826004410845 -0.0965308152184955
0.0956859510974043 -0.00529133202725052 0.261050130544954 -0.0138842090452239
0.112276252975424 0.0311328861482846 0.288257205933804 0.0971123798412454
0.11166255213021 0.0745160223023694 0.241154950100876 0.20959253227958
0.0961485519214377 0.131810799382875 0.0888292946109187 0.254055191676391
0.0140419549908774 0.181346937696649 -0.0360092479448522 0.169131043249392
-0.0986450461867661 0.183804774735162 -0.0158985901250101 -0.0358260372719628
-0.13058689045258 0.131120883900998 0.198846866929333 -0.264531271523354
0.0733444221455764 0.0100141736921246 -0.190785027279393 0.300416032228842
0.0596609952042405 -0.064290473722046 0.0258906804589525 0.0908374756718426
-0.00579248883015142 -0.0910279876056559 0.0542363133928963 -0.166211058380829
-0.0446583078404751 -0.0470086765666327 -0.0571392969112528 -0.286068643475769
-0.0305218637573136 -0.0256470595448213 -0.255208502780019 -0.265960590352568
-0.02376065684156 -0.0252468207293469 -0.330412265788047 -0.127792232289544
-0.0189584686522482 -0.0271669965255457 -0.300061200599349 0.0112684272466147
-0.0084442973049843 -0.0257608830708917 -0.247443200270863 0.115844445771229
-0.0112777370103015 -0.0404876801075182 -0.178203003248953 0.178211454806908
0.00257049019430715 -0.0504574366649449 -0.133071772909379 0.212760685847579
0.0132335985743824 -0.0376309581498912 -0.107664253556453 0.217595975458478
0.013967116386839 -0.0437913415288928 -0.0972591599261866 0.249669618989686
0.0342519982694048 -0.0477963666888201 -0.0922437170637939 0.295500852670849
0.0712985835784296 -0.00940822166891071 -0.0893134942363642 0.309402048582713
0.0724270361024107 0.0424704236609126 -0.0509600449080142 0.356459032626842
0.023581496922225 0.136163567258851 -0.221448509410699 0.253815492725611
0.0266095481486027 0.0683960318024018 0.00997156319766264 0.0527277815312139
0.0193303149909787 0.0308807736205239 0.0298929472636175 -0.18878321658804
0.0251691502681065 0.0452208088053476 -0.0753595936671525 -0.293595749021377
0.0629687953999526 0.0285752404763206 -0.251118539787158 -0.267912064006714
0.07540949329419 -0.0114799532289503 -0.317776089222664 -0.137087724977468
0.07137321783188 -0.0502398733519291 -0.292047722323 -0.00573732066985314
0.0711362965480532 -0.0573276238260601 -0.237001201988236 0.0963997039689531
0.0674523532048867 -0.084301143414182 -0.160248027154673 0.159845396853089
0.106559870927429 -0.0809937416027313 -0.106469224764208 0.200506542577258
0.129089403643237 -0.0314866248111287 -0.0808539875160389 0.219484173917435
0.138282194352454 0.0170718242622038 -0.0785210571598643 0.255873089503684
0.118247010444567 0.067234027880962 -0.0932898950335356 0.290474131472723
0.0844349863768371 0.136498344571075 -0.0768267968770859 0.266829682957506
0.0495347733175669 0.199270707814479 -0.0279749544179456 0.288929425648657
-0.0309725806795791 0.245725330007319 -0.212820572506412 0.170379855437912
-0.0107948182266091 0.20309540470732 0.0293101766975663 -0.00716800266455615
0.047605714335018 0.161454083577978 0.0264204223731385 -0.229773635312434
0.106236380336888 0.138808495998975 -0.0884317683032158 -0.305700522203964
0.157954989833339 0.0766052781348179 -0.234272414556211 -0.257671542166843
0.169749233785666 0.000474571279004194 -0.276300214081335 -0.13623837149444
0.153809184334657 -0.0688254149469996 -0.248152925434174 -0.0250978946703571
0.139760402697767 -0.0816355562267138 -0.192877682478996 0.0625404875447445
0.132083369585094 -0.115616065444304 -0.113842895530392 0.123011765778909
0.187737635946047 -0.105080106773271 -0.0523090527881693 0.170045835522598
0.219764309858487 -0.0315845608412398 -0.0241577945889963 0.208688321332826
0.244416657330041 0.0548163585721389 -0.0395455344765821 0.2595944722714
0.195335400428067 0.154198936244184 -0.0875489859414957 0.288996566738789
0.0987396619246709 0.253178103289169 -0.0817636588401191 0.2111269748139
0.0267831609285929 0.324296053907046 -0.0063182945402926 0.181872307299195
-0.0760610534481043 0.322797047117198 -0.171207425904508 0.0536211226915947
-0.0369865283727038 0.316449977972435 0.0673713635459635 -0.0880853663521608
0.0847698086762865 0.278940864552127 0.0375884290682449 -0.272602762919895
0.193163004383488 0.213156991529375 -0.0874147442668812 -0.311041167139816
0.242810160983929 0.104659014430186 -0.193903712089061 -0.237966441272139
0.244643934771556 0.00350758941799794 -0.206971745504818 -0.133050965452775
0.213989796357512 -0.0823028055673461 -0.173777155877 -0.0486787714350518
0.186645807931605 -0.0939044027863881 -0.123677240742273 0.0189176503882705
0.177378056623497 -0.125938565818464 -0.0462356760759706 0.0745328162042814
0.240783631218551 -0.105180034855269 0.0169803164271309 0.125918210525873
0.27556942232516 -0.0199100332282651 0.0445452021477194 0.183702508439215
0.306965931183747 0.0888526518472761 0.00497026174361941 0.25304228020518
0.237752779557041 0.215922663966639 -0.0816534568388833 0.277592893327386
0.0933255092649693 0.331808736944728 -0.0944703068978355 0.149438429201557
-0.00585004434741346 0.398273301451906 0.0166706083179161 0.0555080920412881
-0.0998490333447333 0.351196912310487 -0.112308351923967 -0.0834052358574615
-0.0467267117524625 0.380310170597542 0.0980748607133953 -0.183563267332155
0.119393000839525 0.349578160008682 0.0479220392495107 -0.305009561297688
0.26035371922516 0.248048532418258 -0.0701890322987478 -0.297457447964572
0.294462294449738 0.108771902356723 -0.125308849762629 -0.212016275759894
0.28227015244584 -0.00230688779189421 -0.11539464311337 -0.133946670150167
0.239651386317747 -0.0881088358838616 -0.080692207395891 -0.078560099648049
0.204330325570277 -0.0916542877183491 -0.0382920684744113 -0.0257604650913372
0.198714520919481 -0.113311918422539 0.0347688131656191 0.026401880037893
0.26231818113285 -0.0779938797279778 0.0941861285080055 0.0836761065952273
0.289969043357912 0.0135863410066031 0.114345133283268 0.160198191098104
0.315699844948487 0.128438076379176 0.0443859792198971 0.241190530779059
0.227134445576125 0.258088878013142 -0.0761126401426199 0.253794609798588
0.0557248851610418 0.36686056945137 -0.102976273191031 0.0828104264962769
-0.04993815673258 0.408989735073717 0.0456490583349048 -0.0705866747849613
-0.105190518139471 0.319153714890773 -0.0530685702013504 -0.21954199026183
-0.0469453712572795 0.372760127126959 0.108375699568303 -0.276156481290951
0.130378114862375 0.349495582464966 0.0529733543500519 -0.31914658323376
0.27317786944745 0.232663179150846 -0.0373598057345885 -0.269530316988666
0.288987959765081 0.0916759627144659 -0.039157189182477 -0.188272336388757
0.269378855335777 -0.00755243413380645 -0.0151132341694059 -0.144967379791563
0.226451358265806 -0.0804529446004237 0.0160278318008133 -0.111060631749826
0.191883080817677 -0.0751219002057985 0.050355819415009 -0.0646436870134126
0.193543782158038 -0.0811293101873791 0.121936670736039 -0.00997866469112226
0.247476654548603 -0.0332361303744659 0.17301420508397 0.0600619695566593
0.262880254970165 0.0575732425792253 0.176082399140745 0.151415635704591
0.267790608335963 0.165821433509863 0.0737031273920213 0.234127773067887
0.166627518069812 0.274686908501261 -0.0689603707567871 0.221428705403708
-0.00790418765554994 0.351626849558141 -0.0920876603382685 0.0217051596129325
-0.0975364802137745 0.360959953017185 0.0882261854848152 -0.175866261409449
-0.0971287342391146 0.22949952977508 -0.00309881044992004 -0.328007677726168
-0.0468242355078951 0.291571546187951 0.0980934710065762 -0.34104286688469
0.106179450972869 0.278990849417998 0.0564448181481895 -0.31255993061908
0.222674185281405 0.173995083768328 0.00262387652981514 -0.240669267621461
0.220972173568523 0.065437746447215 0.0420888413825154 -0.177964667631911
0.206727552284772 -0.00477382087998073 0.068926466119071 -0.163815092026223
0.17692350838605 -0.0564405045413613 0.0977205907963849 -0.141321749156379
0.150363885610196 -0.0473368476187147 0.129792966134499 -0.0925674592765089
0.157990126470793 -0.0429109297495564 0.201274038700275 -0.0258353125017852
0.195206298842159 0.00888352097294301 0.242818499692152 0.0627281616095005
0.198628282982756 0.082883439841249 0.221960647099193 0.170236052658868
0.185918238468311 0.171674593736725 0.0908671854470112 0.237587926960881
0.0847941111659594 0.249246597098063 -0.0521702727974334 0.189269147329303
-0.0672154559555017 0.288774358258951 -0.058699499384027 -0.0218310293970334
-0.1284413508549 0.262346161785448 0.14127356967519 -0.245556535616453
-0.0842164746870504 0.0967697261148488 0.0307254081777862 -0.387649638142585
-0.0527553317534668 0.160561073140223 0.0780971498013592 -0.364794915954016
0.0521444211627241 0.160195020646829 0.065222251131405 -0.298713547469823
0.121000963846923 0.0922635900503319 0.0402697183452605 -0.227768326569089
0.109170191809778 0.0400671294750636 0.0925169669893307 -0.185448764376702
0.10980479425369 0.010864757880603 0.116292333954257 -0.185061606515263
0.101220590909473 -0.0172387871098046 0.148735818389853 -0.161216072202714
0.0862085970391005 -0.0138030333722674 0.186945839689577 -0.104079959146111
0.0952901835428861 -0.00799921357204103 0.262240708160705 -0.0244910033410376
0.114059684402079 0.027754619485663 0.292952984585076 0.0866133497372206
0.11393165875372 0.069989887472534 0.248275592349584 0.203692103840028
0.100641178612256 0.127778316628728 0.098501853196017 0.25094321096859
0.0194904989101542 0.180625269414157 -0.0302041520919699 0.170839535970577
-0.0924844963087744 0.186240776410639 -0.016798041389642 -0.0345917955264192
-0.125287185938354 0.131947095147595 0.189558114108572 -0.270587179060642
0.07727103604103 -0.0224858566013811 -0.0364162114387903 0.361745647555043
0.0276292205991031 -0.0860855642791303 0.0646352123784611 0.0689829749526908
-0.0462403367402342 -0.0788036545131452 -0.0318047199101771 -0.178693171272347
-0.0631405859588563 -0.0177818377571044 -0.190217569367098 -0.237849628589054
-0.0386290023242299 -0.00365266278982671 -0.360216874584558 -0.119860684473798
-0.0314897358794793 -0.00951073277287063 -0.363521007075737 0.0410249203565271
-0.0306715629193784 -0.0168846751898152 -0.27147961898824 0.152178510204453
-0.0179918625622206 -0.0218310571779976 -0.169677734399451 0.225622405942376
-0.028911584999737 -0.0331407749921988 -0.0757378538443257 0.248975317103167
-0.019411332955433 -0.0475662950954347 -0.0193965836615223 0.2581268967245
-0.00398650026601327 -0.0396067349675407 0.00396709214963343 0.249313958637115
-0.00851071220185973 -0.0415733854487268 0.0300990783489109 0.272750471848787
0.00847175745870143 -0.0569462462738617 0.0551703374944804 0.309566715586032
0.0608732195038323 -0.0376741879969618 0.0574023710019791 0.327474737550943
0.0881718154722568 0.00757418770183394 0.111918014745248 0.36180110439432
0.0852531225058853 0.116592201267753 -0.0818354485372722 0.33803300738591
0.0560197347753173 0.0501489927488667 0.0364812738998831 0.0430920211782691
0.0297247820299017 0.0214123070895844 -0.0577420978755524 -0.187554257034527
0.0402801938518803 0.0334147868500317 -0.203753404374612 -0.234966843041256
0.0704850811784948 0.00248464353667143 -0.353887489773753 -0.125751581701054
0.0653071203138961 -0.0426518646247329 -0.354108737828706 0.0241048188695129
0.041656652630184 -0.0784520829507023 -0.269309113915817 0.131099810578427
0.0433462830353697 -0.0876260670448675 -0.167959488961687 0.202322715569911
0.0237528492094297 -0.109190427750894 -0.065843597075866 0.225055324420544
0.0628147058334794 -0.124893280500383 0.00162419731326723 0.236488585946506
0.108014622347427 -0.0877686003568755 0.0310149120213172 0.244643759256344
0.135005534966758 -0.0443412573774794 0.0502570212246112 0.27973440453966
0.139898245380379 0.0119382573147317 0.0497218083008344 0.310451889917791
0.141217149073902 0.0917447023008797 0.0425518434263843 0.283303757831418
0.144520039431361 0.165815398718703 0.0937990443590572 0.284752591646199
0.0809502514038497 0.241885062707208 -0.108343590706872 0.260201749853604
0.0795945048158755 0.189994199352918 0.03062251632814 -0.0192241227399178
0.11153467506467 0.128860173914921 -0.0714539934431355 -0.22303338205508
0.154303094968809 0.0813639638084568 -0.214298488998725 -0.239777380048736
0.177419572320707 0.00372412878970103 -0.33043053960818 -0.127550910801629
0.157089363859934 -0.07509202470338 -0.314494047952891 0.00255577393284615
0.108853126701427 -0.133304811107196 -0.236186580606707 0.0896517503907986
0.0970861160686562 -0.141042544107884 -0.143315208501228 0.150301937333955
0.0702102649312487 -0.168417009844955 -0.03995690834131 0.169153399065145
0.127486008180363 -0.184739170089709 0.0388117858942191 0.183997342709408
0.194052631985451 -0.131246649643856 0.0791952283614232 0.212053766679325
0.250339794709846 -0.0600550957026749 0.0885222389902387 0.27335300362954
0.25209465085332 0.0575019702321387 0.0511496337359909 0.310281391716907
0.210508000250478 0.194065347617547 0.00928757383752931 0.236301642008661
0.18442290022498 0.29380939099513 0.0580509407611107 0.172234396640429
0.0711016484527397 0.333342453254003 -0.120387359465633 0.135844927219102
0.104525288732217 0.305416737973959 0.0308015199384173 -0.109248095005725
0.197384961856958 0.219446132255199 -0.0751263535123216 -0.267140228364678
0.265686447889104 0.109209350151915 -0.209746765233322 -0.24503849021775
0.266867256095719 -0.00996086320132986 -0.281940430733086 -0.131061887186275
0.226036380966094 -0.106837728581274 -0.248481998814554 -0.0280539461265576
0.157413402254325 -0.172726705226922 -0.177406391466708 0.031053509849743
0.134402954226515 -0.172988053646407 -0.0999699283324022 0.0771335540618681
0.107648277695353 -0.198145770783114 -0.00127810395816355 0.0925812154707052
0.175985462390654 -0.210250660921957 0.0824804030802847 0.111857555308969
0.251788489223606 -0.146640258425267 0.130804300106158 0.160299924505729
0.323739158239867 -0.060300763196279 0.127153678821316 0.2517387514598
0.320707243372817 0.0958260713881507 0.0504715847791315 0.299874716613383
0.241337897125603 0.267914852701197 -0.0346748661003215 0.185490068444655
0.189873511434214 0.376269222976162 0.0168281275264845 0.0423171261989936
0.0593462008889639 0.369629528662657 -0.128117454950273 -0.0167410066012683
0.121548512112018 0.368578299419723 0.0172032147801772 -0.211138734376826
0.257564602388218 0.268787993305457 -0.0767707335558626 -0.302333201203455
0.339873676058478 0.110654675900095 -0.183765288268459 -0.242056112810616
0.31479911864839 -0.0303372132734729 -0.206217868649534 -0.143267597984314
0.257350719108393 -0.129810423511119 -0.164687133155505 -0.0749356439279553
0.178506279201693 -0.189370071098312 -0.105319049789662 -0.0412014335332632
0.152046086317326 -0.178338881578118 -0.0438959073549575 -0.00509947563117477
0.134145854255257 -0.195968297580316 0.0498077606852651 0.0100754139145991
0.209086033104947 -0.194746278822036 0.132977735429573 0.0363436817393947
0.281245781093282 -0.123055241407834 0.182042401211679 0.107004234041111
0.350048220630614 -0.027815991878033 0.15627805247005 0.224544985383664
0.329946977534024 0.139782316792893 0.042702385218749 0.276636525858999
0.222452316083386 0.315982381301856 -0.074487633840008 0.126897671125738
0.154704634419163 0.407834354920799 -0.0140726242520907 -0.0912764212832207
0.0392316502832526 0.343586623774727 -0.137339859116566 -0.17132138582918
0.116151531919452 0.362638951765514 -0.0177929616597603 -0.301350943038521
0.266772512342345 0.264718236456136 -0.0785050090909005 -0.31721797013934
0.345846689839904 0.0895845037600593 -0.140459729487132 -0.232814742404793
0.302291662523631 -0.0439183021048323 -0.116522418721564 -0.16234609562908
0.242043564165171 -0.130374524855805 -0.0785094561059068 -0.131777347779844
0.170439286832419 -0.176586476367149 -0.03276202811173 -0.117339804968555
0.147526719332913 -0.156888540549015 0.018268857043384 -0.0832791437044781
0.143207102406185 -0.163936263092208 0.110491032038541 -0.0649388257653961
0.216044905302236 -0.145378991169354 0.19260318046913 -0.0230204524396763
0.275044010368593 -0.0699488784883865 0.232819079183692 0.0693935930551682
0.324876045591399 0.0278749505215861 0.175299986766593 0.202187502657006
0.280784284679343 0.182299403662308 0.0329183455032203 0.241902600012479
0.156642957897757 0.331303530448907 -0.0914815507185879 0.0628626865682056
0.0865086031667395 0.38430074725417 -0.0195994647965397 -0.210825047959213
0.00629122964657242 0.257033031330445 -0.144854131618931 -0.296812885671333
0.0805230328926278 0.289313539371596 -0.0603862021372251 -0.357417140123798
0.215249777685828 0.209624800496675 -0.0757005046111373 -0.312953072204404
0.27363393749561 0.0585471415874058 -0.0936400296469126 -0.224705256967805
0.227913931041785 -0.038905941736682 -0.0395643708933463 -0.189444176040991
0.185739343059018 -0.0996811354014626 -0.0117611440574552 -0.188634501421741
0.136129934771862 -0.131699252886385 0.025939452056461 -0.183067879364972
0.119756960712264 -0.111563324393892 0.0760938426274837 -0.146416782412368
0.127640703364168 -0.111490590650691 0.174928812352082 -0.118367012578047
0.187489378185042 -0.0833420163847621 0.255151468327544 -0.0543250095949336
0.225899778855278 -0.0156782398770229 0.281423138831813 0.0611479452110988
0.25201916572558 0.0717335189791092 0.189349528153832 0.193138058253538
0.192624922992006 0.196361331917132 0.0321808624019967 0.20251914305465
0.0716016998144581 0.298352426204456 -0.0783476080819793 0.00538347642004123
0.00904859206086631 0.305349359367727 0.00253227928076728 -0.301170912074899
-0.0400007495769702 0.12928474931427 -0.145623893755772 -0.37133839760055
0.0179770147201571 0.173513035739513 -0.0936764129450003 -0.370936193950162
0.112802818598394 0.125005151356981 -0.0682967647315647 -0.302274499763941
0.14556046567568 0.0299089907377137 -0.0606940615839946 -0.229474932280151
0.113732649488717 -0.0120720088279424 7.11854851622625E-05 -0.217076199478715
0.103767743978829 -0.0411807878786748 0.0204289838418468 -0.22771731281683
0.0842247015699293 -0.0620339627375612 0.0618477643192384 -0.223165401413614
0.073576664670054 -0.0503993284430595 0.121727445539545 -0.184739981426066
0.0856130151749125 -0.0498346167698215 0.230186513514352 -0.146869507626754
0.120416451921642 -0.0275473783733022 0.309546024269493 -0.0580933533596904
0.14063970055277 0.0116046674635505 0.321192292569999 0.0752493542970032
0.152797925371401 0.0726784568790091 0.20199596158455 0.195273186463057
0.100516479665324 0.162768358476374 0.0455048971315822 0.171323177266602
0.00138788479922088 0.21439540138037 -0.0409520397369766 -0.0270306440261022
-0.0524191564828612 0.18063440353664 0.0437507687228465 -0.344288396088725
0.0782021076569236 -0.0267365951336883 -0.0152356147691947 0.378056392334775
0.024771537284153 -0.0914958160643906 0.0716779072891366 0.0678509637552045
-0.0520387906098196 -0.0786106689067426 -0.0435732987293828 -0.185207723410061
-0.0666784874690846 -0.0146766454211373 -0.212216008050346 -0.238108517702012
-0.039925426820737 -0.00270347012363052 -0.380469604414159 -0.101647141610848
-0.0325204243061068 -0.00858821752556763 -0.376871989369961 0.0660759810581927
-0.0332014355393081 -0.0151621754393941 -0.273771874474389 0.17478397338094
-0.0203048946874671 -0.0231130451481583 -0.161476746049745 0.245584089606075
-0.032214698220209 -0.0331251981336892 -0.0615589311771762 0.265483266820359
-0.0228882648655564 -0.0489737558139334 -0.00499013117451589 0.271447290556271
-0.00539750744587507 -0.0403262076929857 0.0172937408305224 0.260470332874713
-0.0114763499201475 -0.041758607387153 0.0469949798986096 0.281547735112921
0.00504376630677161 -0.0596595614755578 0.0735227737821951 0.31715072416987
0.062107130437343 -0.0419535814145683 0.0753793398594345 0.338344440531754
0.0910227855880354 0.00377508029063627 0.138228867494275 0.373662233190159
0.0948344739376498 0.117503974461724 -0.062378842600214 0.356685285912876
0.0621969048572407 0.0490449972069765 0.0416963875634875 0.0432487906699996
0.0329938322911872 0.0202519443509073 -0.0695485755884811 -0.193251984516273
0.0437867806505791 0.0319335242649208 -0.22414864798628 -0.234406247851859
0.0736922916939845 -0.00290322962421123 -0.374892879291147 -0.107808837295475
0.0662903441332602 -0.048969593706279 -0.367734206582448 0.0477524880681061
0.0380845826664134 -0.0849334448865234 -0.273604527925467 0.153311426856633
0.0395693184691504 -0.0957244662093814 -0.160899441271789 0.221970667711493
0.0185549745327794 -0.11599775800321 -0.0529303060504355 0.239839794751218
0.0582054170051517 -0.134865367474605 0.0165091432650626 0.247783159131319
0.108273272590202 -0.0974667135144149 0.0467347294301823 0.254308495483961
0.138505250303299 -0.0538147523195325 0.0688779310214904 0.287251741644661
0.145652111157855 0.00438016014076901 0.0699205570853848 0.318505547772228
0.153839008677685 0.0880721644851051 0.0589011299565203 0.292722038216284
0.158084341023732 0.16498286162058 0.114887809995138 0.295650396821383
0.098487738833122 0.248503617496741 -0.0944735410864054 0.27613062648092
0.0944126790440767 0.193104469072998 0.0321848454146133 -0.0216735017136909
0.124823968990434 0.126550875442166 -0.0856499811342307 -0.229006439464248
0.16479560272559 0.075200761007297 -0.234702915684323 -0.238222053487298
0.185429255334475 -0.00899458394697852 -0.351068439762132 -0.111416552178056
0.159469705756374 -0.0888052999527742 -0.327315154087036 0.0223446729871515
0.105033388217602 -0.146308377227482 -0.241148918901165 0.108361793770956
0.0924945689231318 -0.155006350126381 -0.138643981640465 0.165311134527595
0.0632623880220932 -0.180767255727399 -0.0285660768869178 0.179658349116231
0.122196289675591 -0.202347395039689 0.0522354332034709 0.190968315849762
0.195353969979035 -0.147820537853553 0.0958358628036693 0.218092925214258
0.25822215329048 -0.078005428336525 0.107366091756129 0.278397475417276
0.26470729370511 0.0449341177518475 0.0734049914986923 0.317144839473184
0.230866436168388 0.191289887566191 0.0219435298888958 0.245205595830074
0.207015864564037 0.295599254855434 0.0709625270192909 0.179543531462857
0.0940064439230957 0.343499096993512 -0.114723947199089 0.146805055241742
0.126113174859907 0.312331522670278 0.0278897325650338 -0.11548396335114
0.218130920217313 0.214841307524192 -0.0911372469663212 -0.274538425707182
0.28208459998036 0.0966890899339005 -0.229566178611671 -0.243969469224736
0.276819451269532 -0.0286737836037715 -0.299858650992426 -0.118452963587024
0.22917608395354 -0.126639341434534 -0.259777145233698 -0.0145181170542831
0.153237428414011 -0.190994378171942 -0.183575218674204 0.0438265002399725
0.130403452994078 -0.190677225380823 -0.0977938427584544 0.0860260281094767
0.100613317985184 -0.213719315468287 0.00755009856989138 0.0975150958664187
0.170994837276433 -0.23202488875114 0.093743378019734 0.111948742249377
0.254304487698387 -0.168846561890119 0.147607380459712 0.160683481427897
0.335384487469046 -0.0828548515149113 0.146364402924864 0.253365717392773
0.338649953934658 0.0808198696929743 0.0727432180772952 0.307682152654638
0.267778167396191 0.267039406811431 -0.0252624491100763 0.194956420961787
0.217772521122971 0.380748672645125 0.0198888755664848 0.0454949492941798
0.0853769435883322 0.382110261387166 -0.132315903027403 -0.0121204255755436
0.148353911121525 0.376690671202216 0.00788633063900316 -0.22097747456627
0.283715392975707 0.263157766588352 -0.0937696740037731 -0.310911637719935
0.359729563250819 0.0927918399731909 -0.202360226367536 -0.241984074965343
0.325642811074248 -0.0523750439744471 -0.221422720049897 -0.134861063229945
0.260112969651546 -0.152217270586089 -0.175103677279186 -0.068141900123129
0.173923874896835 -0.209928197909591 -0.112686858923111 -0.0360971445798746
0.14851566868363 -0.196617735013765 -0.0448253909445894 -0.00286191885658855
0.127838866982051 -0.212319311810492 0.0553868368062986 0.00698004389166352
0.205978468973416 -0.218271845561742 0.141661156270339 0.030241767570652
0.28519777052641 -0.146003653075026 0.198292678570786 0.101369428838652
0.364705852997663 -0.0517454397892497 0.174245645986186 0.223697939074691
0.350824366028832 0.126087727229155 0.0645684274178566 0.284079521234082
0.250479423965506 0.318272878160894 -0.0692082040252215 0.136603265881022
0.18344010007713 0.414354744044577 -0.0205544201788715 -0.0917747728037409
0.0626099982464259 0.355039404659389 -0.150680062509801 -0.172895270707343
0.142574706509899 0.370226779105528 -0.0338485511897388 -0.312916802827691
0.292664354506639 0.257087646193555 -0.0970824381900948 -0.326131582471277
0.36387812252339 0.070393429282271 -0.156505832798374 -0.234295402998723
0.311016873032754 -0.0654176105736015 -0.129327822874148 -0.161185819237715
0.244166246278704 -0.152411483529549 -0.0889258936398475 -0.133363099152999
0.166519706128255 -0.194974441713199 -0.0418954260502607 -0.120949580872739
0.145386670123248 -0.172935842749175 0.0140327642921965 -0.088457888931579
0.138935774332017 -0.179410780146987 0.112838001863222 -0.0747990833754705
0.216422117909825 -0.167232838855789 0.199264420033193 -0.0357889456401303
0.281937928229734 -0.0909952820371258 0.24872246370304 0.0599775534128639
0.340075869781526 0.00812987959493791 0.193685533428562 0.199417136462868
0.302895401451079 0.173289781814834 0.0517367486564759 0.247955546998164
0.182920404285726 0.336371622870127 -0.0907181854806453 0.0711040870251562
0.110296752915485 0.392639037039363 -0.0341626359324896 -0.21648804877227
0.0235704882365075 0.266716839677353 -0.167569556503097 -0.304273848091316
0.101081622465204 0.295935226359308 -0.081078869484175 -0.369878009683513
0.235597249878192 0.203364498704085 -0.0941683687854625 -0.321654550082144
0.286706025652397 0.0428390095529144 -0.107946031017252 -0.2286486920193
0.235122151107213 -0.055570624496517 -0.0513941615728633 -0.195061242572395
0.186473848282791 -0.116150929793207 -0.0230852459406408 -0.195553751678991
0.133113911981465 -0.146629367129464 0.0148754283053316 -0.193050326967877
0.119197513047742 -0.123354001629069 0.0701572106498573 -0.158225290080385
0.126396652639782 -0.12370458663172 0.176100254357259 -0.135217282084194
0.190237470686092 -0.0990485244574017 0.262593936899332 -0.0730710176491358
0.233529351476262 -0.0308821805552801 0.298286629491062 0.0489358263225685
0.266612694424718 0.0579539002614964 0.208592709235482 0.189250025392361
0.212725335536938 0.193308585449004 0.0469682120183712 0.208274343438582
0.0919625114902917 0.306547192093756 -0.0797620333117801 0.01079760299027
0.0253352527564076 0.315128658486618 -0.0161510647622948 -0.312009487310893
-0.0320205515981581 0.135466855146034 -0.173855325936698 -0.380786751799004
0.0290602188571581 0.177997715358109 -0.118074319178287 -0.382298155453184
0.124775395767053 0.121873988422608 -0.0860989193929453 -0.310995983508248
0.152048556396661 0.0204562109185085 -0.0748613643406206 -0.23473598763111
0.118410442064706 -0.0198766785733445 -0.0117203992719173 -0.22676361935416
0.104686767386308 -0.0501569874097997 0.00767527094317418 -0.239531904504396
0.0831101305902806 -0.0697463771888652 0.0495419106293676 -0.238112035537732
0.0742576091232163 -0.0559322829976114 0.115372494073064 -0.20112136046741
0.0853968457405091 -0.0559545929300244 0.230332021541687 -0.16842382724627
0.124110529717339 -0.0366748424269975 0.31894171939466 -0.0804820851118724
0.145768681021226 0.00301951318369318 0.340282646538486 0.0601297787683225
0.162564682344827 0.0660686642489163 0.221899476437832 0.190818134725497
0.113797892495324 0.163778994461188 0.0578870622488927 0.176663895399857
0.0132076605769203 0.222446452664824 -0.0435263057315184 -0.0247960525766133
-0.0444146419202569 0.189567433821558 0.0232130108821367 -0.360443990284655
0.0766119702547819 -0.0333375376584719 0.0190718963789922 0.388556011429339
0.018060942433443 -0.0961253317173303 0.0794977543710494 0.0630705796524199
-0.0590605881804031 -0.07620421660612 -0.0603041235555712 -0.18715252652165
-0.0697351123548153 -0.00891978498715683 -0.237145630389042 -0.227947667110492
-0.0415927996795983 -0.000350011112324029 -0.39843938110378 -0.0704466582625861
-0.0336993403790151 -0.00594185784329028 -0.381486530490039 0.101521875124209
-0.0358279149286699 -0.0124654195038465 -0.266814907721172 0.203583432760785
-0.0236789142967315 -0.0235096160491013 -0.142365416557817 0.267145128889221
-0.0355773886596613 -0.0321523208323556 -0.0384041915568567 0.2784394264304
-0.027440243258231 -0.0488678475699735 0.0185687294221633 0.280825686052242
-0.00793613497341079 -0.040170012610007 0.0389102279195479 0.267514817096858
-0.0155295670132819 -0.0412016300718146 0.0719451896405702 0.284876736327263
-0.000237962751848324 -0.061087320347682 0.100512902609395 0.316856301700721
0.0612292090501102 -0.0480148124580317 0.102699099210453 0.340813135204587
0.0918781611473423 -0.00242011319079222 0.174164977957895 0.376963871955912
0.106682310502893 0.11354683350876 -0.0311935662691875 0.369724063113321
0.0686615028743349 0.0450798860387127 0.0472983989169464 0.040591181465841
0.0364545210569158 0.0172708395926077 -0.0874267561007334 -0.193276880648881
0.0475948708037753 0.029181931780353 -0.248685388786598 -0.2233533486956
0.0742453746150458 -0.0110040197724318 -0.393026466372062 -0.0778703160216768
0.0639060148238507 -0.0575238350796278 -0.373066207329871 0.0812836999278939
0.0320206707982152 -0.0910914784571518 -0.267866538207939 0.182518394816255
0.0322075436458821 -0.103673930029288 -0.14419638587787 0.242346984344321
0.00920642777570216 -0.121726205999287 -0.0306673233247812 0.251125497458201
0.0479189476227698 -0.144975743306462 0.038811966658763 0.255002354619051
0.104346082759909 -0.109380507957014 0.06944660763263 0.258438458460225
0.138066625966739 -0.0665874164152121 0.0939989447271257 0.28833779831038
0.148993673219283 -0.00699934328365734 0.099167481434035 0.317763578483864
0.16622249190252 0.0785818124775002 0.0834270076371643 0.295738877733787
0.174916709770128 0.156987040732081 0.143908258894385 0.297557083661124
0.1221897554747 0.247201292228559 -0.070424196643123 0.290723316172938
0.11403001901098 0.190365098277665 0.0334744699093481 -0.0247005813112901
0.139158030345553 0.117354948989411 -0.104734944442984 -0.229139196004988
0.174809869331278 0.0616928953076017 -0.258758572901816 -0.226346713905406
0.187879985866639 -0.0271091338490656 -0.368172792521583 -0.083694935424007
0.156096504227537 -0.106450610251397 -0.334351525866753 0.0519667091094153
0.0947619945380236 -0.16026217881458 -0.237590739433818 0.133960965297208
0.0816873582849219 -0.169650260352211 -0.126386912648958 0.182032800969157
0.0494209592632716 -0.191389703957416 -0.0102183269227598 0.186917084985676
0.107382939668121 -0.220181051933392 0.070958239953658 0.192656295519377
0.188709664938678 -0.169963137846919 0.118157607320672 0.217117521133444
0.259091411193768 -0.102977276102632 0.133219142861052 0.275551865039802
0.274537119712299 0.0243909338464957 0.102409980999875 0.31722970358909
0.254076590549348 0.178354761050471 0.0432958569597226 0.250221442137362
0.236041554085253 0.285144976523812 0.0884204815173305 0.18256651669198
0.126414955175088 0.344048451306502 -0.102728544761574 0.158846236075344
0.15653656388381 0.310328049137234 0.0212337798193651 -0.120809929905129
0.241121715415894 0.200197514346859 -0.113866125612714 -0.275533900368321
0.297095529151203 0.0743507801711761 -0.252956183121502 -0.232913910256632
0.280963749124947 -0.0541586842839553 -0.316204717073348 -0.0952942483070994
0.22362261863127 -0.151315766592214 -0.268028927921194 0.00760889261764418
0.140046603102014 -0.210676197729089 -0.183862560527565 0.0624944973859842
0.117693740637825 -0.209115597536947 -0.0923550171655021 0.097123692823848
0.0848615729009483 -0.228253980004327 0.0187024509403084 0.0986653193256511
0.155193241731298 -0.255944416791979 0.10667673683395 0.108240966985939
0.246869437573241 -0.196172488118949 0.167873080580903 0.153693872015453
0.338199017733902 -0.116338317056933 0.170095957205622 0.24780314240528
0.35338336138202 0.0544333557222965 0.102932449899679 0.306524267695472
0.298627148314211 0.253531047312092 -0.00922951938972957 0.202378575442478
0.253896392931062 0.371534313685002 0.0241018181583176 0.0485961060805532
0.120551372889672 0.384212830308605 -0.134551634904867 -0.00308692168307991
0.183537686844539 0.374789125748828 -0.00826456273132924 -0.227399806940213
0.312401208997968 0.243417137935826 -0.12005002590333 -0.312413990960117
0.375807053946974 0.0638817466488814 -0.223756017580106 -0.233183597009016
0.328366954619875 -0.0837686408204164 -0.23636224683211 -0.118562367666599
0.252949517614998 -0.180664841584582 -0.184285730677262 -0.0549247970753329
0.160106088569879 -0.231549562824428 -0.119004155262654 -0.0273776041058079
0.136404097983858 -0.216363625046206 -0.045468759996246 0.000240223857378779
0.112458043638083 -0.229155211687513 0.0596627970217754 0.00180745332658656
0.191255813849637 -0.244528552064849 0.148815961774528 0.0194035410868612
0.280815641726015 -0.175970210917674 0.214019854082103 0.0883822296118965
0.370004237538441 -0.0865673622762977 0.197351904436211 0.213959966655935
0.371009288623784 0.0997960850992977 0.0919272928253962 0.283108821968499
0.284653457652067 0.306390386318286 -0.0585931423558118 0.146321079829193
0.220385497511892 0.407900639747235 -0.0295047015467287 -0.0890675995664614
0.0962160918597316 0.357617631875441 -0.16872578497841 -0.166786157665955
0.177457125771585 0.367913506816682 -0.058574475185106 -0.319322497797515
0.321369478620868 0.236314917234151 -0.124061224448036 -0.327278513792933
0.377740713458073 0.0410326835160778 -0.177133205928715 -0.22802979008331
0.313779785476109 -0.0952177060452025 -0.144944377326101 -0.153618155528875
0.236848917488238 -0.178455838381086 -0.101804907124002 -0.129895105389641
0.152888951336892 -0.216282657281323 -0.0540795971741313 -0.119917887418949
0.13504544366493 -0.191099258836581 0.00666081761958036 -0.092738255429416
0.126823357984677 -0.196050013762717 0.111665542747426 -0.0875435639625798
0.207080216667503 -0.192720956709299 0.202091135145594 -0.0539093390197394
0.281832303606501 -0.118970177053487 0.262483211106105 0.0412442700418935
0.350162774781042 -0.023408053228884 0.214559614717652 0.188482762634683
0.324924460671102 0.152687729937962 0.0765600800122922 0.248830533539696
0.216728046800562 0.330497298569248 -0.0859805487041102 0.0806101110742527
0.145661609163765 0.391603724074148 -0.0550505240714699 -0.217205619526008
0.0490414017395526 0.269681658028643 -0.197673617015284 -0.301273224010671
0.129526990607243 0.294701109046166 -0.112816663221453 -0.373985528961334
0.258214042923356 0.186224733171131 -0.120839830714131 -0.322907106378149
0.295758891284773 0.0178453091372258 -0.12730960549355 -0.225749795813838
0.235793216802583 -0.078887764826973 -0.0679557026360272 -0.195759917593644
0.180814970976352 -0.136569500540139 -0.039211885521255 -0.201010572881642
0.123221614549557 -0.16270610781942 -0.00224935739914954 -0.200491548722067
0.112716348035879 -0.13711741669445 0.0579630150270246 -0.169153780671499
0.118272975680934 -0.13679585267469 0.170007917103503 -0.155130906537024
0.186268825038182 -0.120642532731836 0.263186251498747 -0.0981091776153596
0.236029217393442 -0.052462279292025 0.313299885610213 0.0246821072700709
0.278061670445081 0.035067379394613 0.228659598632092 0.176093588777823
0.234024888660161 0.179891529172128 0.0681578334389899 0.209317104100139
0.12024286086912 0.306491101263307 -0.0799636579540508 0.0183135174599782
0.0517255802109084 0.319294948484692 -0.0454501848356779 -0.317036853276148
-0.0203284468322995 0.139922080310502 -0.211285252582595 -0.380485162446133
0.0453586765275863 0.179723443301162 -0.152470624006004 -0.383510594770133
0.136719930136264 0.112780280965319 -0.11232635193745 -0.312333379390302
0.155792048976116 0.00677372248643309 -0.0943330082725677 -0.234253208114012
0.119582966240428 -0.0315685207347587 -0.0309124539631434 -0.232448021107616
0.102360052981795 -0.0611159520419303 -0.0125118670896583 -0.248560265834426
0.0792117432297195 -0.078659316019565 0.0278010984906326 -0.250157893390515
0.0729165315528871 -0.0631563233367404 0.0991372114226861 -0.217396433669503
0.0828150893473709 -0.0638039326667743 0.222137818097 -0.194489424024727
0.123947445955406 -0.0494422555090264 0.319692335117893 -0.110726808433936
0.148770929420252 -0.00927675222536669 0.355683935375585 0.0323234452559828
0.171850476024541 0.0528225150822171 0.243200016235038 0.176592756061941
0.130736556329667 0.158067409890301 0.0749907942774852 0.17714991526529
0.0311770391268175 0.226091114430633 -0.0455305420152141 -0.0207479442303163
-0.0310012836411658 0.196246292969986 -0.008662198042244 -0.370250601665312
0.0720785994157498 -0.0390482029107829 0.0542979416856867 0.382285716457918
0.00947486479327896 -0.0973107712695889 0.0854086288843013 0.0556969121247322
-0.0650083699362946 -0.0705456657349432 -0.0756155812907019 -0.181796087757555
-0.0696445630886176 -0.0018017080237659 -0.256171286106362 -0.208118318365604
-0.0423737425833459 0.00323493449333534 -0.40057084978617 -0.0350378790537444
-0.0341905617342878 -0.00369453679358644 -0.370775813572506 0.13675265812011
-0.0363234333330992 -0.00879346896745799 -0.247821350522217 0.227915638212336
-0.0266169884363828 -0.0220618080578419 -0.116489535002293 0.279910743590341
-0.0386210636288936 -0.0298918828364512 -0.0105909781921436 0.280958551603808
-0.0318613927823698 -0.0467727172818764 0.0436629107762575 0.279726012619011
-0.0102142102613022 -0.0389673426105395 0.0614592610252885 0.264424212208764
-0.0184768472335806 -0.0387494250950208 0.0947788847469778 0.276173644821196
-0.00572950995319894 -0.0597483987478989 0.12570216036011 0.304132116536707
0.057722915153608 -0.053139759794376 0.129155158893318 0.330831265161674
0.0899334195029358 -0.00867198411118368 0.208464394099445 0.362859857900549
0.115588328346885 0.10478279037174 0.00416630974887 0.368684833864675
0.0723264902221082 0.0393767377330027 0.0517197382083128 0.0365145222351301
0.0382259799431227 0.0126502533287687 -0.102870155040089 -0.186236379386205
0.049690738525754 0.0254557050194697 -0.266362431126713 -0.202182789343673
0.0720820442293343 -0.0183755799449691 -0.395870266912776 -0.0423863996566101
0.0581513883223657 -0.0640630069234356 -0.364155112013499 0.115307826244756
0.0230639806073212 -0.0938840448297853 -0.249948077321676 0.206014968606142
0.0219211721249358 -0.107827476393919 -0.120418923964369 0.254475640232116
-0.00218048405151291 -0.123095094838313 -0.00519074883183623 0.25261415615367
0.0342568051927956 -0.150387123989726 0.0629314099004522 0.251665737042255
0.0952104559417689 -0.11876897208589 0.0917687581942506 0.252728095664716
0.132083924369258 -0.0784464858162987 0.117748528195739 0.277467705711949
0.147834824180069 -0.0193619746124899 0.12533258291031 0.3044821671213
0.173422183546524 0.0646769478836076 0.106407939131261 0.287054503626469
0.185766007731581 0.14191312134542 0.170290376992376 0.287469597961813
0.143783013660704 0.235790110704894 -0.042165799841999 0.293663421301274
0.13030903993659 0.179491667684677 0.0332130525240432 -0.027268068371641
0.14876881098479 0.102724072064094 -0.123120325170293 -0.220441933547926
0.179250071573435 0.0460579717122831 -0.274999300988338 -0.204575253774116
0.183614151734798 -0.0449839054717135 -0.371910626510273 -0.0495901161530936
0.145218417177042 -0.121651030249792 -0.327230182658107 0.0812567585769775
0.0798022652942983 -0.169066167151764 -0.224022001346856 0.155912467731293
0.0654131548307483 -0.178366344919466 -0.108152718440284 0.192593689395479
0.0320629604913795 -0.195907385582315 0.00904318312185786 0.186655722912875
0.0861320397763716 -0.230803449826073 0.0888137447041377 0.186830179648616
0.173988636250156 -0.186460403234532 0.137871355095047 0.207038401778596
0.249543142878949 -0.126476882529322 0.155324097387936 0.262334731122975
0.275622055222082 0.000768076109330556 0.130293537582354 0.302829738743554
0.269930071447444 0.15587926322865 0.0639647869037737 0.244847972173898
0.258076308221936 0.263413426110858 0.105223984167698 0.178254690646553
0.1563315570243 0.331558780743456 -0.0858593097106201 0.165193683417343
0.183709208629513 0.295309395646619 0.0132030920109926 -0.12222233968646
0.257163713915939 0.175843413467274 -0.135251850849887 -0.265728252658192
0.301151195328588 0.0481766066277403 -0.269990051964104 -0.210901687976409
0.273156152603131 -0.0803176176296663 -0.320716441651495 -0.0649887412641986
0.209097689690852 -0.17296826307682 -0.264211878339114 0.0312943997180537
0.119709438812259 -0.223295649576197 -0.177215948635381 0.0790250356044528
0.0984161983828597 -0.221361532533029 -0.0822073033944992 0.104292546587427
0.0638447621953256 -0.235741711697214 0.0307457862271077 0.0955958428494556
0.130408775112102 -0.270714081789533 0.117515615861956 0.098925545227748
0.229418810873035 -0.218818578525252 0.181896602175277 0.139309413654538
0.326446748866686 -0.147734703840584 0.190007896980993 0.230515103579401
0.356417789989833 0.0236522173709162 0.130187383289492 0.291543161369591
0.319905444881712 0.226560695125326 0.00906303628679787 0.201979196636398
0.283151727965744 0.347340059019888 0.0294425244371194 0.0504667394421609
0.155012654091534 0.369893321882 -0.131929622937025 0.00694271702733119
0.215672877315348 0.356870844265118 -0.0254285911325119 -0.225461103365042
0.331109870761527 0.212586917715408 -0.144099805098724 -0.302156045104488
0.377737967116431 0.0298298658073815 -0.240638116840473 -0.213274268396046
0.31845915173181 -0.114002518943335 -0.243899570831519 -0.0958327205307757
0.235029190831392 -0.204629246303668 -0.187578146573993 -0.0393154838451128
0.137380752450212 -0.246420727055369 -0.120209899915385 -0.0163592026795045
0.116147102355835 -0.230330752771777 -0.0454892144527579 0.004110120577469
0.0917176437350542 -0.238507416383106 0.0619785052780962 -0.00491892796710557
0.167726624571044 -0.262911892630631 0.151007102222805 0.00646704961516274
0.264480628203784 -0.20209258753872 0.223605897686338 0.0689684892459437
0.360419633337845 -0.122410946874396 0.213623467673694 0.195910915554833
0.378093512758035 0.066948820597279 0.118945271748788 0.269990959564759
0.311592432893563 0.281046229240632 -0.0439369441299284 0.150291033500708
0.252664244498267 0.386505585611322 -0.0370202932561748 -0.0826167927360407
0.127835700185156 0.345609095633083 -0.181454800073653 -0.15290861806114
0.209670995282554 0.349706226163421 -0.0840934774942031 -0.312678959306728
0.338798499238535 0.20495751480678 -0.149758393900016 -0.316023415848686
0.378088261686006 0.00610459523144996 -0.194394429082439 -0.211369457736937
0.302086021782676 -0.124449551397147 -0.156391740580251 -0.139853023042706
0.219232951382568 -0.20088855275743 -0.111483400029673 -0.122236389351134
0.132209558768966 -0.230535152247615 -0.0649312819666216 -0.115675575593741
0.117758886848659 -0.204372241199999 -0.00186969271077781 -0.0938187325660281
0.108940894894369 -0.205979072759262 0.104526884413478 -0.0989279983828125
0.187646078283673 -0.212772030122837 0.196909110238502 -0.0715498483002755
0.270321900230836 -0.145164229055774 0.268115422673206 0.0182078092321345
0.345694152105926 -0.0570170009906684 0.229414880285979 0.168551498666259
0.33735670171147 0.122929620520823 0.0998722582218961 0.2387710356015
0.245855598725523 0.311085968294721 -0.0767018831761169 0.0883188573079524
0.176754444028705 0.375863084754357 -0.0747987266944118 -0.207368176030826
0.0731511300926479 0.261954986348234 -0.222859634550551 -0.283660829505956
0.154873975407608 0.28157093698465 -0.144937892359342 -0.362119049918658
0.271419641591724 0.160433131367 -0.147077830138151 -0.311561456518067
0.294530375545939 -0.00893793630540512 -0.144787673746447 -0.213872624371441
0.227736227716274 -0.100589996768326 -0.0841191144613064 -0.189063532144858
0.166834482244319 -0.153324220502808 -0.056408009869588 -0.199036808180825
0.107043604150105 -0.173659915739175 -0.0213186362235222 -0.200015467852861
0.101164040892514 -0.147418025367166 0.0417101486537511 -0.174284342664731
0.105709860015345 -0.146042043703421 0.155537246625596 -0.171395746894059
0.173760865302818 -0.13857386441838 0.253401396197996 -0.121041130234576
0.230198241766128 -0.07467958954632 0.315266078991145 -0.00435181114954424
0.27936408271013 0.00869440682134744 0.241988888388224 0.155164251924791
0.24863961117579 0.158215348068395 0.0880320433381358 0.201124655024046
0.146625413259371 0.294781039134638 -0.0766076522542374 0.0258541209768482
0.0780561150660057 0.311673815033821 -0.0744984719337791 -0.308767350842578
-0.0066624104047004 0.138751279698597 -0.246226539939352 -0.362635558111836
0.0607082772729256 0.173191308393786 -0.184889932825779 -0.368970335167344
0.144905157251528 0.098580566707563 -0.137203763757827 -0.301015931757512
0.15423927485887 -0.00764533919497275 -0.112894012380343 -0.225007306893857
0.116250925744556 -0.0433056768784695 -0.0502749113061691 -0.230227277657528
0.0955924289561733 -0.0707095878096872 -0.0338392782497233 -0.248910652822467
0.0710240611241322 -0.0849543285919885 0.00398518735912904 -0.253213326066046
0.0679776761361995 -0.0693168935066262 0.078526965177087 -0.226431076733744
0.0766502729368719 -0.0700096894535639 0.203116461824363 -0.215245619151527
0.118888109729895 -0.0607117423345435 0.307943018670492 -0.139722760351908
0.14622301862311 -0.0227995801585215 0.358636422703806 0.000198660001071385
0.174897980170551 0.036325858661566 0.256779569660985 0.155824160316453
0.144519906006161 0.145225231453036 0.0912122226921855 0.169364137316976
0.0498696217157037 0.221581710394559 -0.0464288183844932 -0.0166725759190532
-0.0138398429889717 0.196163974768751 -0.0438144497913347 -0.366267341707332
0.0663474577438384 -0.0410959470612273 0.080076809934353 0.36730895013217
0.00227368413986413 -0.0957515641283177 0.0869392328848904 0.0489194814082762
-0.0671818985897745 -0.0642398027652946 -0.085224457228164 -0.173113227933362
-0.0674768309964539 0.00351470352991302 -0.263341873680932 -0.187154366922045
-0.0416423186070966 0.00584453040340546 -0.391453741089901 -0.00764637446413578
-0.0338455587736503 -0.00160766675371366 -0.351074095206994 0.160045604179462
-0.0362083081007479 -0.00585368988978654 -0.22582942783779 0.2405529416468
-0.0282364295317997 -0.0199460677668863 -0.0922995293747434 0.280890666140433
-0.0405389966324304 -0.0272078288886918 0.0106686049474236 0.275283457537662
-0.0346573380622331 -0.044042205030981 0.0623415852626434 0.271029124248897
-0.0117477392440813 -0.0373247421509508 0.0761353108631454 0.254635396332944
-0.0196775503493133 -0.034993939637815 0.109862383975752 0.262014745625909
-0.00972571906848513 -0.0568058623663864 0.139813084848534 0.285807461366759
0.0536174256310487 -0.0558286750483094 0.144133065108807 0.314777146647435
0.0854573195569702 -0.0124101556969766 0.229273482466156 0.342498433242169
0.118866163408298 0.0951788088432938 0.0300202242106226 0.357330229488277
0.0728704830371674 0.033208004532499 0.0537520108160831 0.031985510596941
0.0380527714382009 0.00845629874427299 -0.111391801984741 -0.175344457707868
0.0508187086405853 0.0216900576528229 -0.272264351132065 -0.181698525396354
0.0676043810694301 -0.0232848831499953 -0.386317357872934 -0.014892556205843
0.0517548557266372 -0.0676134948884373 -0.346079156774774 0.137754266547409
0.0164814741847535 -0.0931338092000233 -0.22888714905079 0.219930915941814
0.0129545225777314 -0.108165042513559 -0.0980897308434884 0.256333480262398
-0.0105228327954287 -0.120297292926529 0.0147993156561113 0.246211325592173
0.0222332124481268 -0.149827236033356 0.0787480544842243 0.243286827682466
0.086113735782399 -0.122518267690261 0.10735822668763 0.241515456660843
0.124709016864915 -0.0848675397893948 0.131796905188597 0.262423798778675
0.142239138642008 -0.0272020929969073 0.140747424457709 0.285217430421496
0.174078924151905 0.0519727700354504 0.121075779838887 0.2732739586772
0.188316606149292 0.127714373395373 0.188033243334873 0.272671676756389
0.155257362866816 0.219550075294247 -0.0193323517518161 0.28635129331295
0.138513068775224 0.166287060090903 0.0321456156800117 -0.0287067379421239
0.150611152712569 0.088190649641975 -0.13305826645133 -0.207280479697155
0.177803291905392 0.0328783665763623 -0.280569570665192 -0.182382792257685
0.173773236480195 -0.056915326464992 -0.362979860136293 -0.0233452391584844
0.13222342624648 -0.130092422521204 -0.312365673950619 0.1016773706004
0.0654319054605952 -0.171105984308693 -0.207037500226748 0.167846004112569
0.0510524553502138 -0.180590048160565 -0.0909500924341664 0.195183091469329
0.0177168642611287 -0.194111154795895 0.0238867260158319 0.180357577460181
0.0672077977652924 -0.232020451869617 0.100663077640262 0.177443864182192
0.157748562308081 -0.194745646431563 0.150242418026453 0.193851258623828
0.234811711007275 -0.140482902136736 0.167586892620972 0.244835902843569
0.269052618286827 -0.0165845762314194 0.146912196655348 0.282724283198318
0.274218589883728 0.13565362760105 0.0779700630872204 0.233687351377843
0.2666122167735 0.240751812402727 0.116693801819922 0.170475996817218
0.174971270594102 0.310813248412504 -0.0700241224290627 0.164583813554309
0.198240963812507 0.275997409849403 0.00683754118273929 -0.119425337180796
0.260487480022858 0.152449204309534 -0.147424093721963 -0.250873781293298
0.295950241796974 0.0261658030717275 -0.274262669933179 -0.189664690823651
0.259083637815606 -0.0974999507041021 -0.313714220989682 -0.0417838057705536
0.190787236799528 -0.18483252125255 -0.255077017737289 0.0468936309181136
0.101198192702964 -0.226578195860684 -0.166093162897955 0.0889037256370819
0.0806040560836638 -0.225027129384289 -0.0727158189221621 0.107625406745778
0.0462277809739896 -0.234347863776944 0.0382063591473881 0.0891806470184591
0.106898750623433 -0.274029341795588 0.122908640028275 0.0897707007966816
0.20939840072721 -0.23027206517278 0.189565633644827 0.124105496896065
0.307899636606281 -0.166783529758059 0.198647603669415 0.212798639592787
0.349865213238174 0.000117402518205401 0.14601797183783 0.271725327516172
0.32838385974995 0.20072399010244 0.0227532551177414 0.195899972242228
0.296188896082277 0.319406145325071 0.0331323212939942 0.0508180805321231
0.176143065243914 0.348959885545621 -0.125748970583387 0.0130798892916472
0.233510818544302 0.33326003412445 -0.0377053599973583 -0.217857432438387
0.334291130912927 0.183441597740523 -0.158933004017514 -0.285360847366921
0.3692891698614 0.00403243476671851 -0.245997845410827 -0.193301174522679
0.301685128550711 -0.132942238908214 -0.241834607806726 -0.076482140258199
0.214098656108279 -0.217298835315429 -0.18449586210576 -0.0272251659280271
0.116330189381792 -0.2505623494899 -0.117988359485068 -0.00820445298985336
0.0973376106062107 -0.234353912623965 -0.043777334181711 0.00727850219396614
0.0732988187246403 -0.238704026962811 0.0611335124134799 -0.0104628006778431
0.144106919782605 -0.268945193425496 0.148990400222908 -0.00338631905272302
0.244501206226244 -0.215845438290602 0.224820224356645 0.0526009474959324
0.343131869616592 -0.145120023769594 0.219376949624065 0.177194541587696
0.373486024145959 0.0400237354970793 0.133348251584779 0.251632989919827
0.322484005414545 0.253962315743624 -0.0321658165175865 0.14949106350668
0.269999751673195 0.358232929167109 -0.0414032265766609 -0.0749900853660904
0.148365215328793 0.326162295464484 -0.184996655180495 -0.139002674618928
0.227317505255262 0.327563265284135 -0.101389232523897 -0.298826928882736
0.34077700640393 0.175176403137653 -0.165396769504201 -0.298363087343341
0.367592898013542 -0.0189097703726277 -0.200354788291698 -0.193567302002911
0.285890092979033 -0.142445923442614 -0.159628913741464 -0.125270292975684
0.198122859766959 -0.212253854075237 -0.116756518395022 -0.114168701430732
0.112268074330043 -0.23429660007757 -0.0714758095372947 -0.10890969773084
0.10095287112654 -0.208878176124812 -0.00880285902342866 -0.0908812228955352
0.0923433741173273 -0.207765327356413 0.0957665145925135 -0.105144218982839
0.166874027417881 -0.221996321879502 0.187660401520161 -0.0830447003924926
0.252797719241362 -0.160234692880333 0.264689649022692 -0.000809493735864806
0.332899614669807 -0.0805559688017108 0.233646616993569 0.14948853304332
0.336849801705635 0.0966901377062896 0.114213617616177 0.22287244885526
0.259600142998625 0.287019327110316 -0.0679919359609358 0.0908031438493305
0.195527921697332 0.353471242236312 -0.0871686639339186 -0.194253237136146
0.0899813491647206 0.247761578971404 -0.235842689720725 -0.263479821909988
0.169773570149143 0.263196503927269 -0.163313992275293 -0.34422832319363
0.273281082158788 0.137232181341142 -0.162095743785772 -0.293687908094441
0.284485060322993 -0.0290847416488221 -0.1522766715802 -0.19854659378836
0.213758856876993 -0.114317944907021 -0.0937379560627194 -0.178383569836315
0.150998068210854 -0.162537434785928 -0.0684011485657634 -0.193135376425837
0.0917425252832685 -0.176877886821232 -0.0359756779438509 -0.195285786365109
0.0889698117207711 -0.152206842448955 0.0275489030422284 -0.172484995546453
0.0933237095567691 -0.149194967392542 0.139820355263166 -0.178942391992409
0.158521524030397 -0.147902912015604 0.238812809740866 -0.135812341922202
0.218641870590106 -0.0890161978690907 0.308829379133073 -0.0255534648820506
0.271720393362924 -0.0125829614354683 0.245369228330182 0.136165178109541
0.25287536004148 0.136632459987258 0.100484449099257 0.188328177632696
0.161603753232886 0.277225987370915 -0.0715563635203672 0.0300001096237385
0.0957464895125061 0.296778831953692 -0.0945043094987829 -0.292552470179651
0.00336367962976518 0.133919450446103 -0.264486469341363 -0.338344360409086
0.0709035368362679 0.163796247412775 -0.204626687335051 -0.347201480755746
0.146398316353248 0.0860450372580617 -0.152285674256509 -0.285176892097935
0.147837475277398 -0.0177969826156348 -0.122797256808914 -0.210808054651595
0.1095398231824 -0.0511000818626613 -0.0647189130510231 -0.220876237370076
0.0870935724597911 -0.0761933259475646 -0.0499496270576165 -0.24310027107887
0.0630290635369734 -0.0875617282404789 -0.0157301324647188 -0.248205821324949
0.0630308131937185 -0.0725833233206213 0.0593256299443653 -0.225550742468644
0.070298605040212 -0.07200546708225 0.18250588207692 -0.22468584486401
0.110738766440457 -0.067841401823965 0.290386065551941 -0.157093519948748
0.140371996974988 -0.0323303297197295 0.350559769489458 -0.0248822583585275
0.172167348451389 0.0233021703026003 0.259542998754757 0.135601478472859
0.149864816766628 0.130754243073223 0.101187037882419 0.159452677798434
0.0628983368803458 0.212072519207305 -0.0452198310791535 -0.012944682990303
-0.000748728564590719 0.190576432578743 -0.0685904927547184 -0.351407717535932
0.0692734223679956 -0.0400729627020379 0.0700956531473614 0.35621922106789
0.00434601555691895 -0.0942395935162596 0.0820173103190957 0.0500271285055074
-0.0655115141906157 -0.064543155894692 -0.0810863855666334 -0.166949657388699
-0.0649118854902365 0.0054630588187444 -0.255630075358941 -0.185267607211859
-0.0382498730010126 0.00970568693759919 -0.377729483341498 -0.00888979981081338
-0.0320724342725738 0.00029444393898966 -0.33991114920969 0.154771893857825
-0.0369133640911823 -0.00418018082438068 -0.221679763032726 0.23554617357248
-0.0289770076893581 -0.0201197301973677 -0.0874155297490408 0.273708404523835
-0.0399659958751826 -0.0249363409118079 0.0136121803866689 0.268811564491654
-0.033133675995582 -0.0425001949357916 0.0633350341020669 0.264798018777846
-0.00870540899623638 -0.0360541630417117 0.0736199042816579 0.248677283485092
-0.0153910301165141 -0.029355070295363 0.103759194855358 0.253362608738043
-0.0065558177273856 -0.0504915355423494 0.129668904597288 0.27527187789824
0.0549751444407211 -0.0493772394057441 0.134080906098472 0.310489652642356
0.0876022578149996 -0.00919013079455139 0.215294701368248 0.342386117513305
0.117863740853905 0.0971005574200895 0.0281896992566232 0.344389540148799
0.070391914964301 0.0350090280572131 0.0539257762975882 0.029725955128466
0.034886303978888 0.0104890520191711 -0.10279945550318 -0.173974692010375
0.048848153674118 0.0249438656082917 -0.259798808583805 -0.183690939694967
0.0681470381774681 -0.0169435554628512 -0.370798231730967 -0.0206048313632844
0.0524338307215764 -0.0637669937111552 -0.334722947972247 0.129132944796718
0.0155231570415883 -0.0901550014818033 -0.224118990646833 0.213055948532803
0.0139794268222855 -0.108140628494671 -0.0917733990593574 0.249612038432635
-0.00980640815194497 -0.117932261355656 0.0187329316749264 0.239721014162025
0.0231143387617252 -0.148319888428965 0.0821422875273115 0.236355970791841
0.088889115102524 -0.121379751744463 0.109149629466151 0.23700818105477
0.126485595432988 -0.0782678945985289 0.130970156468669 0.256043223246451
0.142839818822144 -0.0197675694111304 0.133170827120009 0.278891494209437
0.173257822046061 0.0572765042481601 0.111579821797691 0.273524185099104
0.188216016812911 0.126413832932625 0.174211752428318 0.278071129741171
0.14883414354319 0.222866012879649 -0.012927919999503 0.274235507902307
0.131055691299808 0.169163516077976 0.0374971877967931 -0.0322821611945699
0.142517914474784 0.0927367295123334 -0.11942636315026 -0.210576641092357
0.171119137642195 0.0383679688792474 -0.263411580628764 -0.188940193920752
0.171715784885389 -0.0473698149213589 -0.346489613785713 -0.033320533550034
0.1316686434156 -0.124540660101313 -0.303396736836328 0.0908070533382101
0.0651273520464878 -0.165924384662165 -0.203189421811179 0.159629603799107
0.0530880054016855 -0.180783127284267 -0.0856239214645882 0.188486601420664
0.0189051900799908 -0.190528414526995 0.0281104027761009 0.174586294308091
0.0666441272101012 -0.231166112297883 0.10527734478394 0.172527815436082
0.160315396163503 -0.193703923701451 0.15485180444588 0.19164435508983
0.234933939007164 -0.133169816359166 0.172381722120737 0.241146329020312
0.268029721442179 -0.00874156628050877 0.141458899214507 0.278859676730683
0.270664356008567 0.138514011280534 0.069089203264673 0.237842593554375
0.264450504983933 0.236143294865177 0.104986922230773 0.179459755412535
0.165582042929784 0.313964737273447 -0.0562220887307825 0.15468543901621
0.185410740917868 0.278605369086951 0.0180373872986611 -0.123540633240588
0.248258385371103 0.158523240982667 -0.130143758204345 -0.257692329185013
0.285816385941479 0.0341433784586899 -0.25366637287964 -0.19906270997097
0.255095919262349 -0.0857774425934427 -0.298753159267926 -0.0548738741411237
0.188996311858649 -0.177558560817697 -0.248018025365211 0.0359856754791952
0.100830987537113 -0.221476086160996 -0.163951006812514 0.0798192286518881
0.0833372830588534 -0.224822228709229 -0.0685298640034842 0.102658407197143
0.0471105226710466 -0.231609400128496 0.0420662693090383 0.0858767048204618
0.10572002092172 -0.27414649373249 0.127121966310184 0.0866656665497823
0.212359565182468 -0.229389354306385 0.195414805937503 0.124171229721849
0.306277543543269 -0.161360285847524 0.206484764549863 0.212721377140446
0.347050117970493 0.00752235505260185 0.14306825561654 0.271391097276069
0.323549368947248 0.202372815271227 0.0149604788199402 0.200931104789799
0.291886507328992 0.310748285929293 0.02493483064173 0.0635586850555283
0.163784806466594 0.351795630122005 -0.105948409182924 0.00571146941100609
0.218152166298381 0.337253025511247 -0.0230253054016067 -0.221867240180275
0.319171533592116 0.192470327346993 -0.137491233373519 -0.292789989988065
0.356580066572175 0.0141047950132552 -0.224761804463599 -0.204888592766774
0.296577877962305 -0.120741217027352 -0.228774440275519 -0.0912538091443774
0.211098458362487 -0.209405502510257 -0.179598594921287 -0.0379958810962558
0.117005678139987 -0.244391176846883 -0.117621597122401 -0.0161038295626147
0.100971031902791 -0.23406803233586 -0.041629411358673 0.00436221548352189
0.0749540689521724 -0.236781838218348 0.0645940172267556 -0.0122708365982337
0.141815957055281 -0.268564934284126 0.15229227216656 -0.00402699843892033
0.246002127103588 -0.216003823325903 0.231339001002495 0.056524488281155
0.33993112812752 -0.140240290723922 0.228302644324678 0.180466069818585
0.369017890889831 0.0465855417562979 0.1317436167037 0.252969856125355
0.317031321767336 0.253784803823382 -0.0388202637962012 0.154311584476208
0.265680465771514 0.347902888040189 -0.0460182950694301 -0.0600434009337666
0.136529262536614 0.329652980689851 -0.162912497622599 -0.143722500697147
0.21191099204814 0.332286091224119 -0.0834959013731166 -0.301020265372437
0.326212245365449 0.185036591117607 -0.144473400237756 -0.306158271206753
0.354598373679089 -0.00925674199275289 -0.180904602636626 -0.204702039734343
0.280428834172576 -0.130001327830792 -0.150016411610366 -0.136239344567349
0.195900042129115 -0.205206476880568 -0.114102365582965 -0.120716107801768
0.112287664193894 -0.229735383367649 -0.0730745299985139 -0.115071301606056
0.104582288540063 -0.209260431524783 -0.0078748169766276 -0.0907464425595335
0.0940718787207146 -0.20617883801628 0.0967364774372409 -0.104128141833553
0.165065725518113 -0.222370021738513 0.18896644739648 -0.0812459250984108
0.25411381052077 -0.161645820284592 0.267403494334617 0.0044203376894045
0.329233907836411 -0.0789072614815281 0.239239631476738 0.156136843866024
0.332525769683801 0.101490803649685 0.11110967379212 0.225190574431996
0.253949901482325 0.285114324482485 -0.0734537490799866 0.0952656869727347
0.191291089734178 0.343030603537341 -0.0880874712621062 -0.179231488339414
0.0800536146963638 0.251114388246808 -0.214173576428934 -0.264711653209624
0.157466551239137 0.267289871355316 -0.145999324594989 -0.344316464945428
0.260679284030066 0.145462070881024 -0.143616466914721 -0.298889330796714
0.274017572026188 -0.0203846176079098 -0.137155962236211 -0.204731016001925
0.209334014680875 -0.105818071927189 -0.0870879696126276 -0.184343748352327
0.14752036542293 -0.156558893561986 -0.0668674554856979 -0.195365441267516
0.0919277504556593 -0.174039211747527 -0.038178325880282 -0.197358410303268
0.0923933835285604 -0.151560941256399 0.0261396530294166 -0.170412928108292
0.0949378257733325 -0.148526934084987 0.137873651320634 -0.176245842525381
0.158020007268218 -0.149408409039181 0.236464369637951 -0.133229814266384
0.219505576752812 -0.0900004030969018 0.307774516541094 -0.0194863730048134
0.268961016702369 -0.011452849402678 0.247084984911843 0.143690410035688
0.248924780003761 0.138638790074588 0.0957858762537927 0.191826587941818
0.157261563991419 0.274209322583624 -0.0758264108678162 0.0335939673400682
0.0933304396692893 0.286867433788087 -0.0930030947582426 -0.278399215509277
-0.00262769381456882 0.135783808969243 -0.247872285218498 -0.337626417873784
0.0630563827194938 0.166873623633479 -0.188256335411424 -0.345004548906418
0.137412947155477 0.0912696124349385 -0.136197699493035 -0.284485291349613
0.140738261207877 -0.0129573876409239 -0.110907768996226 -0.211587554766583
0.105528793530023 -0.046082396179135 -0.0596969097676976 -0.220164085834453
0.0839384092112575 -0.0728097959992699 -0.0488911829940527 -0.240853846238346
0.0626639092608622 -0.0869921182705297 -0.0177271503878999 -0.246854095888758
0.0653186242810847 -0.07255972202374 0.0564027234357473 -0.220381967039496
0.0723766927999416 -0.0727486839169138 0.177507945254139 -0.220558936138655
0.11071902741888 -0.0696266069445589 0.28418211907382 -0.154105563406713
0.141213847181277 -0.0325603615082031 0.344658997032853 -0.0197081767483386
0.171939954391944 0.0233005360031784 0.25683773891953 0.141588260695762
0.14725483184513 0.131579682080279 0.0948173051868471 0.161679530920588
0.0600510887233629 0.208222247857193 -0.0492604331609074 -0.0108167980759359
-0.00222449160696783 0.182909770188954 -0.0642910771312668 -0.338450953384375
0.0674442996084832 -0.039715328203413 0.0786171324517324 0.352226098279733
0.00240991316592049 -0.0932249194590292 0.0842157525622915 0.0480070546025631
-0.0671832630728101 -0.0629280026774814 -0.083741665147408 -0.166121702034456
-0.0639597310973891 0.00731357744054578 -0.259377125818432 -0.182034191114481
-0.0380422644871152 0.0115641535393313 -0.375234771057263 -0.00217822316292932
-0.0317867839810967 0.00136191634463907 -0.334776255055258 0.163415010324052
-0.0367595780882525 -0.00283398366589253 -0.215939915146845 0.24310869582688
-0.0297887340766338 -0.0197700606670804 -0.0792041775375874 0.27608325693919
-0.0409138610994699 -0.0244872456400865 0.020824149688404 0.268329079866516
-0.034764005279486 -0.0419193556068153 0.069700736899484 0.265486687594904
-0.008300326258123 -0.0358766174675403 0.0788568738121226 0.248732677217713
-0.0148527354276546 -0.027764816963249 0.1070993968321 0.250207743072111
-0.0073196726258004 -0.0490667014601542 0.131517695662339 0.271375147059917
0.0546785604660069 -0.0499989705862384 0.138114485834935 0.309259562783057
0.0870616681248891 -0.00884464011688872 0.22468193250957 0.341762487725865
0.118772428343762 0.095131919081262 0.0369217496283857 0.341586089999853
0.0713173419287497 0.0348479090260631 0.056264783466764 0.0292799668793933
0.0345209658449524 0.0084688976820479 -0.105835342122418 -0.173021741374261
0.0497625394797444 0.0237996183461937 -0.262979853357398 -0.180458522916743
0.0671311189572446 -0.0180973314583984 -0.368457073016615 -0.014251432254109
0.0507100252779514 -0.065070508710031 -0.331008495862466 0.137279114445029
0.0135225249418494 -0.0911017338068347 -0.217720526086597 0.219717280769442
0.0106378579939399 -0.109730625118503 -0.0845212136079612 0.251270737031214
-0.0130091176135695 -0.117764378149449 0.025783283303589 0.238655069738745
0.0186390996393136 -0.14970029295247 0.0884400265090628 0.236221325401798
0.0877717877257126 -0.12383167650136 0.114096758026173 0.236055692384865
0.125875613503702 -0.0811108986652483 0.134886117986725 0.253307003877908
0.14281563369156 -0.021527141444046 0.136143126661358 0.272964454969995
0.175552179350825 0.0542571059617601 0.114740608760496 0.271391857674473
0.190126145086125 0.124644957716023 0.182643400288447 0.276972965009922
0.153328776773134 0.218401023724503 -0.00568749252601824 0.272173447644774
0.134563947866388 0.167193425722629 0.0384672929939456 -0.0326151107751248
0.142554966321076 0.0877778588459994 -0.122480167064784 -0.208122170875763
0.172570524546198 0.034119213427839 -0.266135977988913 -0.18495981229738
0.170862433974652 -0.051222520065759 -0.34486720201244 -0.0263432473585839
0.127819017578627 -0.128319696671905 -0.300566840121333 0.096932636355388
0.0607699649291841 -0.168463517488435 -0.198419796564865 0.163870348332522
0.047993199995754 -0.183833451613802 -0.0805019157748501 0.191098076716671
0.0147927928154791 -0.191891936524558 0.0339847666236446 0.172793898577624
0.0603164641345725 -0.233943559808023 0.110410206138201 0.17171709185582
0.15783357947587 -0.198210298303448 0.159447879287001 0.188504851268976
0.232463474318534 -0.139551414191323 0.175011610647955 0.238334677896
0.268285885832629 -0.0129108191508936 0.145449887366775 0.272460397747287
0.274901752763474 0.134492071168347 0.0728052433912713 0.236425626641161
0.267475748049297 0.231620521173579 0.110763977214403 0.180409335255192
0.170815941833356 0.308916298162044 -0.050647163999246 0.153323594901765
0.19139094318808 0.276350541012714 0.0176146185893819 -0.122963052740516
0.248661074652139 0.152368142472944 -0.133604852279001 -0.254565405053424
0.286096316009846 0.0276155299973389 -0.255642122281793 -0.19532577705025
0.253066248724271 -0.0913934310036832 -0.297320772360245 -0.0490860224153071
0.184054961011959 -0.182976988614935 -0.247228190593089 0.0405308130581668
0.0950729365461517 -0.224575649509785 -0.161844315113001 0.0834216148507761
0.0777356575814354 -0.229268756219222 -0.0651347032608214 0.104291030034957
0.0423872723876075 -0.232582422784246 0.0454919150258739 0.083107889597822
0.0982258960798239 -0.27737285098602 0.130444751687915 0.083994351340929
0.208440729158293 -0.236015488473849 0.199549075843816 0.120587936614632
0.303198627829905 -0.16950883742052 0.209709875234664 0.209231120736658
0.348156537393008 0.000404923723192563 0.147343161742244 0.26457499346377
0.329148414068689 0.196519665926716 0.0188518094158372 0.200675243808544
0.296877686872652 0.306312956353489 0.0274623168269568 0.0656135484583883
0.170556347653648 0.346029433286692 -0.103606417462422 0.00594063978308402
0.224879478294761 0.334108366708289 -0.0248399710965176 -0.220191814279497
0.320801016947354 0.184201613396454 -0.142304761625338 -0.290177733307683
0.357076743370415 0.00540502142084278 -0.226371440203748 -0.200925085168221
0.294194321680366 -0.127490598460039 -0.228124076570209 -0.0855038499210557
0.205150271035635 -0.21563323587196 -0.181330896578937 -0.0346643275795451
0.110109013555585 -0.249008613922565 -0.11853336418173 -0.0146962535715574
0.0948433759194477 -0.239003140224716 -0.0410047541864127 0.00579323056666876
0.0704156242301041 -0.238186711973166 0.0649656112261572 -0.0150487808603051
0.135079129966477 -0.273515583816236 0.153663402277435 -0.00687461511031721
0.241932924177065 -0.223314110695905 0.233249433192331 0.0505807448869416
0.335348105727502 -0.150356127042853 0.230818570537184 0.177024652119223
0.370533196249548 0.0386716605476697 0.135207192895345 0.246544584318372
0.322390595977265 0.248421447198283 -0.0344087259184567 0.154825716820728
0.270982016242392 0.341969427246256 -0.0467791785723966 -0.0561907907522507
0.142628590453661 0.32325826998498 -0.163869072262324 -0.141797239199673
0.2189904923767 0.328272802428049 -0.0880082851589071 -0.29872687989408
0.327431671294407 0.177284102151116 -0.149342089332947 -0.302690129819891
0.353649902841726 -0.0169367626140508 -0.182383193752556 -0.200732391649597
0.277210540898662 -0.137545550538418 -0.150276667883123 -0.132137358025979
0.189289365343056 -0.210312696119057 -0.118265758584484 -0.120104965688669
0.106279901161226 -0.233667856049299 -0.0769649876641791 -0.114323151512024
0.100140587086217 -0.213896130667929 -0.0103797069435721 -0.0901176350149597
0.0905569995269777 -0.208875255729166 0.0945837770288891 -0.107310618934101
0.159122927371583 -0.22719586367088 0.187472877389302 -0.0858657658534086
0.251571603167618 -0.168871871367246 0.268940449671368 -0.00203586689987467
0.326214311980608 -0.0884234815883317 0.242521165874526 0.152823137576734
0.334240090741421 0.0937224675187131 0.11486613202818 0.220209229193643
0.259839351172947 0.280447040798551 -0.0699931467543359 0.0963919242267114
0.196778283715587 0.337589166283154 -0.0924192769540655 -0.174969246257082
0.0848883637678939 0.246170721679685 -0.218928770311674 -0.261718592586162
0.162736097640329 0.263688699255532 -0.151743666300139 -0.339804853233587
0.261701206414988 0.139011158109295 -0.147989422474804 -0.296024413079331
0.272838203814725 -0.0266685350165666 -0.138616552487739 -0.202289436385109
0.206498532850817 -0.111273640792429 -0.0892214904093918 -0.181248637880735
0.142506175147029 -0.161034376702732 -0.0728975711039761 -0.196304671955179
0.0870780376337907 -0.176729653083616 -0.0450822078977727 -0.198155886321121
0.0888785324473224 -0.15567448413648 0.021769525793599 -0.17065907876474
0.0934342509339701 -0.151037747857829 0.133138103262626 -0.18088624643684
0.15347408266634 -0.153700348609234 0.233564102573158 -0.138007677154364
0.217362979811844 -0.0960775869787935 0.307768958034102 -0.0259599667672342
0.267267699139489 -0.019003599032336 0.250211157238143 0.14026646911751
0.251233126886212 0.133459422021396 0.099404098835047 0.187431661777471
0.163720531760709 0.271320753491932 -0.0748171931879289 0.0346674598149992
0.0989251892290246 0.282746636670864 -0.0995486184360865 -0.273367530247422
-0.000127105007401998 0.133008388112827 -0.255340232056974 -0.332747602513149
0.0665454966099733 0.164217748907839 -0.195772027410913 -0.33998809273509
0.138495229306962 0.0879008625746228 -0.140553663900816 -0.281775768564268
0.139223466377798 -0.0159610591091021 -0.113207621814179 -0.207908028870613
0.103900806985043 -0.0494415859386528 -0.0638442360625038 -0.218612584687936
0.0808910895396748 -0.0748563167100476 -0.0558814103341539 -0.241813716492495
0.060332568607656 -0.0880838981320982 -0.0268680831951083 -0.247939190710575
0.0637998373495548 -0.0747546400735308 0.0502243723040998 -0.222500438125216
0.0721871665247377 -0.0736063354777053 0.171434953205709 -0.225408428473192
0.108403838981525 -0.0720053722844279 0.280417981540126 -0.160880060664653
0.139858789616418 -0.0357156016668885 0.344390687217179 -0.0278949308600614
0.170672744569629 0.0190049582611811 0.259192708560239 0.137825475130466
0.149236629100921 0.12757091646462 0.0976847027364623 0.159223307565639
0.0639247919796686 0.206673815133209 -0.0489885333004633 -0.0102265365488087
0.00192871343715282 0.180608366051953 -0.0730454427728905 -0.335007084375915
0.0673086055319904 -0.0408638100339026 0.0901536877810649 0.357239670629038
0.000499344399986313 -0.0946394666071347 0.0890014276242718 0.0477962863672292
-0.0702678674770124 -0.0626015345241596 -0.0900046420641399 -0.170222999391194
-0.0640150034885113 0.0094499009590287 -0.272027595191454 -0.182313195439384
-0.0380361659705916 0.013153352368528 -0.383565918279437 0.00541408733847494
-0.0319918199716102 0.00299838317024326 -0.33827794562563 0.177557951372238
-0.0374255185443908 -0.00292398075652118 -0.213938441321175 0.257830993670307
-0.0309592369927669 -0.0196190109202149 -0.0716433034502315 0.285849369834745
-0.0429118808549749 -0.0239744533864873 0.0299767843281454 0.274407383198921
-0.0370977952203805 -0.0416189506223648 0.0788710476504619 0.27255854926443
-0.00862543309002324 -0.0370452245737035 0.0854569597414415 0.254321952135924
-0.015018916625769 -0.027676551407639 0.115322885256345 0.253751547284065
-0.00814100198534547 -0.0488181211559508 0.13830129007926 0.273960980849737
0.0554328934279389 -0.0524473870464548 0.146113441170035 0.315228586546161
0.0894825988776448 -0.00880860585553901 0.241734580443545 0.346368365972522
0.123615879758062 0.095745057919064 0.0469633236059189 0.34721196196526
0.0745841878540026 0.0347623622776314 0.0597926433983805 0.0287004456453467
0.0345147257452676 0.00737413809655266 -0.111917007443259 -0.1759342828912
0.0530728095843263 0.0225834741939898 -0.274561035958216 -0.18029142173841
0.0687267982445644 -0.0197685922615956 -0.3766319606142 -0.00640162441639944
0.0501079607456873 -0.0680491107008322 -0.335637814510119 0.15044951439573
0.0113999116160873 -0.0946475525377549 -0.216202626229694 0.232190419009734
0.00735753510304899 -0.114162077683538 -0.0782766217925522 0.260644299658099
-0.0161854896945176 -0.1209329952843 0.0345263301144237 0.244130545831891
0.0143575351830683 -0.15447069408949 0.0983703115222532 0.242381528109875
0.0877112316510788 -0.130495664498002 0.122751386324747 0.240291069717554
0.127656827426563 -0.0869972661649032 0.142699461108363 0.257150650769466
0.146853889710992 -0.0246712592052049 0.142716114099051 0.274407921794541
0.18264957456953 0.0519353069877489 0.123183415942724 0.276028652852236
0.198085204264571 0.124839394082427 0.196171955886185 0.282190570674942
0.161295660123194 0.22054567596027 0.00258509532493788 0.277217187608738
0.143017883988278 0.169974097585347 0.0411026316241029 -0.0336567081062083
0.146712439920638 0.0856854897108709 -0.12912468967257 -0.211169091936212
0.178542173618924 0.0299795544479768 -0.276185528819294 -0.186213445714443
0.174029748690528 -0.0564940947940548 -0.352267037077229 -0.0197725550856427
0.127416097122578 -0.136026764442049 -0.305593259044573 0.108640417911465
0.0575745583848467 -0.176108238123507 -0.19840598591268 0.173932322570454
0.0430775432337614 -0.192138783197354 -0.0754970307845943 0.197580718009241
0.0104852284430677 -0.197815257011249 0.040830913025094 0.175667241090325
0.054533275111547 -0.243010936237967 0.119616265121399 0.174114435342179
0.157868539303968 -0.209992871644968 0.168838678283971 0.190114803231563
0.235405125697047 -0.150843772647655 0.184286744078917 0.240598408351859
0.276304699736971 -0.020185251391514 0.152894537515969 0.2723185444751
0.286882728166046 0.131787409324941 0.0797535630970184 0.240472428130979
0.27927689172037 0.231963186835996 0.120179910783445 0.184986797519673
0.181436674394434 0.311241697071502 -0.0458953074910079 0.156621289883246
0.203398238971749 0.279886419259991 0.0170369442033605 -0.125682385906226
0.257002705212048 0.149378439666737 -0.141283091031799 -0.257599510119282
0.29539273875587 0.0206181370299147 -0.26547443785607 -0.196306304409833
0.257437359380322 -0.101000507908342 -0.303385268517602 -0.0428161936596311
0.182440037574222 -0.193451546200695 -0.252548892065384 0.0476404501569071
0.090242523312199 -0.234334164021308 -0.163899378654181 0.0889292951901764
0.0719812543450827 -0.239815410645301 -0.0629512412567541 0.10908461520627
0.0384018476561733 -0.241375661274398 0.0498949910947597 0.0831704219271181
0.0926433865599275 -0.288607977069263 0.137607540647773 0.0834998611499351
0.208434302950539 -0.249084705263545 0.208840239218248 0.118076379494209
0.306935405324029 -0.183860094328812 0.218957600985913 0.211172318838955
0.357573742363631 -0.00810877925433606 0.155305479150487 0.263752295970596
0.34449558232631 0.195251236446503 0.0244332428727034 0.204167438730996
0.310968978935118 0.307581337626415 0.0312426306238697 0.0691411749751781
0.182527164619422 0.34771611307654 -0.104146097511507 0.00680039521580481
0.239709601923449 0.337595381827101 -0.0288995521711975 -0.223466419750541
0.33048902697271 0.180491261784228 -0.151067907536841 -0.293348500451775
0.365912949670931 -0.00443061233706417 -0.23470417753743 -0.202197310198185
0.298261220890408 -0.139252915344139 -0.233616121250673 -0.0816168398256834
0.20370483620525 -0.227740778688889 -0.188030872492437 -0.0317309260514551
0.104863816427278 -0.259558424066209 -0.123231003501348 -0.0132248835519861
0.0905374160016733 -0.250835594672 -0.0413573195920797 0.00741682938848731
0.0670927984115499 -0.247601679141546 0.066820369182304 -0.0185349967296187
0.128969259038064 -0.285834435081972 0.158625706067246 -0.0112699253882678
0.243343556518717 -0.237961611869483 0.241836868669065 0.0458891801221689
0.339616918433177 -0.16478584732291 0.240185286677178 0.17765013034528
0.381873847946144 0.0297530489242876 0.143394221563987 0.246215013041385
0.338866986787692 0.248238906902414 -0.0315107606651533 0.158663578287608
0.284504172294659 0.343852757205633 -0.0487439895926684 -0.0537911004613935
0.153359212380296 0.325805788405467 -0.170208920236729 -0.143044531209751
0.232931538288992 0.330943779629185 -0.0954516181988431 -0.301949087781518
0.337652407930054 0.172976892866752 -0.158938133906334 -0.305666062235803
0.362303228813368 -0.027687139146658 -0.188487048227277 -0.203399134454641
0.280476525817504 -0.149477694870533 -0.15531261087962 -0.131679940377284
0.186988846252834 -0.222679621270649 -0.125388487275478 -0.121448235095013
0.1014893909365 -0.243572905336725 -0.0843695170731901 -0.116671807864304
0.0957721743811918 -0.224319192018015 -0.0128574792209985 -0.092000027139103
0.0881424795451395 -0.217687578684857 0.0940570096720799 -0.113888115089135
0.156075681078645 -0.239263287961587 0.190652486256112 -0.0926110209032823
0.253583101746345 -0.181598539232391 0.276555479508288 -0.00889591856813833
0.331378376320065 -0.100863632749093 0.252749711592986 0.152254803381265
0.345892811179219 0.0869781935997641 0.122974332173298 0.219555498095695
0.275567347715602 0.281867245778671 -0.0697966214465256 0.100035344358256
0.20982330337516 0.340466891107312 -0.0997795890713419 -0.174563194279395
0.0930483992791584 0.247382871884188 -0.23001249732876 -0.264218491488939
0.174141987394468 0.265946282864879 -0.162581754149178 -0.343865723993513
0.269914693416198 0.135516012143127 -0.156898656438492 -0.298929230118329
0.278374155005363 -0.0347894983037328 -0.144153322792032 -0.203916732072432
0.209175401010617 -0.120441348971695 -0.0940089319175039 -0.183454912537619
0.140503094139212 -0.169631511820763 -0.0818111071759352 -0.20122911105524
0.0837431527199042 -0.184540272893529 -0.0551142643903522 -0.20321458607733
0.0871374609840581 -0.164235225195649 0.0172707174381537 -0.175096028494832
0.0922631040417977 -0.157783292693139 0.131734050845863 -0.190026462699868
0.151926671936847 -0.162475058878977 0.235827765725322 -0.148479963538018
0.220880939889523 -0.105393799290766 0.316204326517656 -0.0359361732951249
0.272390582180729 -0.0275517477016169 0.260923457134077 0.138902228179108
0.261118663299876 0.129392325442839 0.106274818311061 0.188669108485423
0.174572651850689 0.274466506792649 -0.0757948593474486 0.0363623457781031
0.1075690789128 0.286254152336442 -0.110770613138622 -0.276124309209674
0.00335411668876074 0.134199541735698 -0.269550257699737 -0.335479688117972
0.0725453961544194 0.166388660079354 -0.207939423430823 -0.342091264131784
0.143349013179095 0.0861576199814736 -0.149896533541326 -0.284309250087882
0.141404058815636 -0.0200216434764133 -0.117905556488633 -0.210781437467278
0.104768531929233 -0.0548379947471977 -0.0692446555724541 -0.222266247380421
0.0800516722632017 -0.0794863047865601 -0.065688328098472 -0.248965135839709
0.0589018109778152 -0.0922225868642209 -0.0379970730148976 -0.254542455628504
0.0640021035180506 -0.0795466378661317 0.044690062171518 -0.228360973484246
0.0732202240013583 -0.0778824274905201 0.168464139149999 -0.236824297226278
0.108640578368274 -0.0768872660138301 0.282778568253036 -0.173074561278814
0.142713262512613 -0.0410838144988572 0.352896548223762 -0.0384881164103629
0.174627798298206 0.0141067576278803 0.270402861209536 0.13646122644757
0.155855685905112 0.126503659580733 0.104105121885102 0.160954234696369
0.0703776217649984 0.209853300259861 -0.0508164565681578 -0.00950465988507139
0.00558848890214284 0.182979045659486 -0.0858141289613679 -0.339852533130591
0.0679918132592756 -0.0430649433067719 0.109952788183067 0.365541890097234
-0.00313370065464057 -0.0976416943582162 0.0955675395067251 0.0457308988730156
-0.0767549466129322 -0.0606146733761114 -0.102120458829295 -0.173729833948405
-0.0648011046015915 0.0125063880952154 -0.29276201764528 -0.17769824483616
-0.0378015206168871 0.0164084148329814 -0.398555292067975 0.0227271062546042
-0.0326066724212225 0.00524986971505282 -0.341712257826417 0.203128217426488
-0.0382402055042981 -0.00090362591820415 -0.207381017379017 0.281448858038063
-0.033463269771141 -0.0194246234532121 -0.058435025945924 0.300270579333974
-0.0464537274051319 -0.0219615112922464 0.0470407942598638 0.284657974601371
-0.0409392918369632 -0.0416361717950822 0.0968247848784991 0.281823241679509
-0.00937614397263738 -0.0388252817298426 0.100688279614293 0.262724201723343
-0.0156530312754762 -0.0271437175804837 0.129746671487017 0.257986638671717
-0.00989623753953856 -0.0493939850844587 0.1525909303933 0.276976075571463
0.0557603144275649 -0.0572272408514523 0.165284281912498 0.322944306283446
0.0930665468148564 -0.0116531669413826 0.271689246894285 0.351147998451618
0.132486849259159 0.0948712964915795 0.0668941468295685 0.35651606068806
0.0807712649244944 0.0340942683046732 0.0655764696697629 0.0278623949229947
0.0352036475835511 0.00627264085548312 -0.124778828400582 -0.178354516463001
0.0574787458161193 0.019938117041026 -0.295800389092828 -0.176324385011185
0.0716485841204814 -0.0241085667565512 -0.391028662704504 0.00996782727172375
0.0487856417150142 -0.073855061258835 -0.340456708490005 0.174572487807455
0.00687899105778669 -0.099555286197005 -0.211698290039349 0.253959146606793
0.00119542627484029 -0.120925907789232 -0.0670462902530353 0.274921795228576
-0.0224832389895051 -0.125832863794189 0.050118716178419 0.252199788432366
0.00673509253799199 -0.162461572530034 0.116420360240155 0.249098757685257
0.0867860963362635 -0.141533314122227 0.139418495047497 0.245826859778576
0.129723393892202 -0.0968867468059042 0.159314627170984 0.261202565207681
0.153047975974802 -0.0317808391421582 0.158159668191195 0.276958468058778
0.194079651914438 0.0461191577455042 0.138906465657821 0.283178972024525
0.212293388227567 0.122364590263973 0.220914067696652 0.2853430610796
0.177449698051156 0.221683976923907 0.0174258912234063 0.285267770339798
0.158991943865546 0.171560419215555 0.0429812442675287 -0.0360211450692937
0.154718017268127 0.0823122696624039 -0.144425521236093 -0.213911301988599
0.188412411824599 0.0212588182902033 -0.296651069381443 -0.182206440734305
0.179206575233422 -0.0690638009531286 -0.365932414424503 -0.00481957416434098
0.125067893182924 -0.148677035867835 -0.312130547426895 0.128529479722799
0.0498200210292446 -0.187212139782326 -0.196894207227219 0.190952873953589
0.0339753912911651 -0.204283576169592 -0.0672258148685575 0.209719680565094
0.00122948808368362 -0.207642661765211 0.0523633529361665 0.179843943636815
0.0434678499701655 -0.256151455337971 0.134968445117012 0.177017040940599
0.155203641048141 -0.228220268222193 0.185984761181666 0.190771864454618
0.238645481069979 -0.169834195437199 0.202490196139823 0.243882482496707
0.287749417762135 -0.0336376209867536 0.168558364775868 0.274370637441865
0.307211114245637 0.125199653903592 0.0933323865060414 0.246841510319733
0.301565253110647 0.230202437464375 0.136430196490639 0.18798528814395
0.202036542462242 0.313589429987033 -0.0385547866443586 0.162805117853775
0.226880927070509 0.283090636193784 0.0145469775568062 -0.130488381487568
0.271154113405824 0.143160904680278 -0.158087363531199 -0.261209036204424
0.309289827076994 0.00568621990823911 -0.284450057940051 -0.193928762295079
0.264047739568521 -0.118680878921019 -0.31607701719082 -0.0304414204243788
0.179730459371627 -0.211832638477625 -0.260516337899813 0.0623450016790593
0.080785502361348 -0.249706813311629 -0.166987071158582 0.100482270645164
0.0615139054864247 -0.256033096357613 -0.0589771118997792 0.116721575538965
0.0286023258779149 -0.254413869470627 0.0571172567031291 0.0824368587320994
0.0798679685760651 -0.30585703413576 0.149399037599218 0.0809685343593961
0.206492827480006 -0.273013548110747 0.224057679131112 0.112663245831377
0.309967942825849 -0.208469122373929 0.238054672867752 0.211157717640549
0.373997273997178 -0.0260596488530465 0.171352254797376 0.264736936963462
0.369479254168596 0.187851014017629 0.0343013470225884 0.210771182599926
0.337506290878275 0.305565790713148 0.0372982574545188 0.0726418230925161
0.203653396006423 0.350966584516704 -0.106466844582448 0.00957318256262039
0.267848763556293 0.341466949958901 -0.0375463123014158 -0.230338388076656
0.349916777726565 0.172872214511061 -0.169162794388221 -0.297619569456567
0.381027878842199 -0.0226788927974555 -0.25164392283562 -0.201416648984752
0.304509358267401 -0.16067778055971 -0.243753484812382 -0.073170470190602
0.198924003807105 -0.248230671691825 -0.197524878196312 -0.0237747414716414
0.09446101386525 -0.277096940764606 -0.130501898630783 -0.00861743746397258
0.0799162994741637 -0.268377336184148 -0.042075740028594 0.0100196921878132
0.0576552413408492 -0.26264552199241 0.0689347320865575 -0.0242714738226823
0.119242921263877 -0.304902405693136 0.166389096156747 -0.0194637314210462
0.243300278367379 -0.262230629610225 0.255384408917268 0.0353602248491644
0.345805194233768 -0.191213806539602 0.259430272309744 0.175295034649457
0.399288313052371 0.0121718442166685 0.158902080598127 0.246928406495361
0.367871735459985 0.242859552479514 -0.025687770824178 0.165470157090764
0.312566202457067 0.346011887286027 -0.0531417402236256 -0.051539235362985
0.173276583370247 0.328599323751611 -0.182107116913526 -0.142618550762867
0.260223418771355 0.334338205127888 -0.111102132123955 -0.309020593881546
0.357828593836994 0.164256349709013 -0.177735135544917 -0.309900919299862
0.375310389721394 -0.0466672709067837 -0.203527586901522 -0.203795399233561
0.284943971823455 -0.17085644926816 -0.165052560648506 -0.129025998449968
0.18220521049003 -0.24139227212885 -0.137428234418449 -0.120454904172072
0.0914417902347724 -0.259868036975004 -0.0973311446272732 -0.11812420906048
0.0870042437946472 -0.241252479004592 -0.0180814652225226 -0.0946400646678324
0.0814310952033155 -0.232421676663051 0.0923737597105412 -0.124748052260223
0.148699961539479 -0.257689333634958 0.196335007025611 -0.106331088695617
0.255503382235256 -0.204096027793211 0.288719406806501 -0.0242504991825864
0.338071331556064 -0.123230365671089 0.270799042848119 0.148564499676379
0.364716651961995 0.0733608026155991 0.137167829107737 0.22110764385867
0.301108123038769 0.281606661960754 -0.0675319001508572 0.106346493996663
0.234396905547824 0.344027130399053 -0.113137351598635 -0.173369578141004
0.10728089811112 0.250557507730085 -0.2516669577649 -0.265135348270776
0.194474872742352 0.267980281860981 -0.18439298530384 -0.348016230414577
0.285932335112912 0.12840576800921 -0.175621135006327 -0.302374675723302
0.287227541891496 -0.0508555670323445 -0.156699635491796 -0.205855242916634
0.210693670696837 -0.138008291636944 -0.103726393492014 -0.18599685003536
0.136184119270162 -0.184446212255262 -0.0961084378602877 -0.206169780402635
0.0758057912081808 -0.19709880493099 -0.0714482431965968 -0.209072466471798
0.0813667691836356 -0.177596909844148 0.0083629235597079 -0.183140905835473
0.0891369274189761 -0.170076720105844 0.126605559025138 -0.20556921337524
0.149246057549729 -0.177542046012354 0.238666197522157 -0.166390322131849
0.223470047920428 -0.122105157749068 0.328337153273439 -0.0533320471698654
0.280733504039359 -0.0440464464986255 0.278990800407843 0.134093787686735
0.278062218950357 0.121004426377839 0.119322991349665 0.189982170866778
0.19613360990556 0.277228927623742 -0.0776663716266898 0.040997776816647
0.12497553396186 0.29197365938061 -0.131032417633043 -0.278720154958435
0.00905716217383032 0.136945209197573 -0.297177756878984 -0.336900077912101
0.0839566612184153 0.168453655053629 -0.231552987229418 -0.344362520047649
0.152299178628545 0.0827563630277857 -0.167281118204274 -0.288893008810372
0.144456006909735 -0.0283340758848796 -0.129918184710598 -0.213798204027142
0.104791593519494 -0.0631589043400829 -0.0810048496226122 -0.227919037899262
0.0772281120025543 -0.0863461266230494 -0.0824750275348253 -0.257345304517877
0.0558402268583304 -0.0991286305222364 -0.0566576852046507 -0.263045873325975
0.0626099317919713 -0.0874667765696571 0.0330899642529732 -0.24076219177226
0.0731083423744594 -0.0849693535936542 0.162508420453488 -0.255677100899347
0.108900634244051 -0.0855277658523017 0.285327213602124 -0.195319839920003
0.145482672241298 -0.0500942778235257 0.365771058330423 -0.0583026939063594
0.181237793473105 0.00572999539007015 0.289113257638567 0.129869465507373
0.167811821678675 0.12384514180504 0.116094912799003 0.162573764828759
0.0831358065725818 0.215430072254016 -0.0532188025389952 -0.0079133542656373
0.0136456973687769 0.188065670656443 -0.108497504357258 -0.346308897252822
0.0662033942958982 -0.047505626010145 0.143131987456832 0.366503258685889
-0.0100279136848643 -0.0993219321679237 0.10390302359258 0.0394707226864099
-0.0833353648357094 -0.0553256411546104 -0.120666388275906 -0.172046806123684
-0.0641023152442226 0.0177921341418678 -0.318564646614619 -0.16142261617325
-0.0364770294064282 0.0195409362413937 -0.409058636692637 0.0527890576285542
-0.0320077445372107 0.00877771868039325 -0.335736079954264 0.237373808520919
-0.0387522801192741 0.00201046289710455 -0.188968869007051 0.309289802854806
-0.0364743893289289 -0.0174264059029966 -0.0347175707663674 0.314915060737753
-0.0494730010967156 -0.019071800536935 0.0730129238666404 0.290858447371701
-0.0448440901321413 -0.0395217217309666 0.124551616629644 0.285384425526917
-0.0117915092484102 -0.039682455916222 0.124460013518995 0.266225470159981
-0.0169563830469616 -0.0262084264239193 0.151930934126976 0.256248739942038
-0.0126993301182196 -0.0493121581659009 0.175473689847827 0.273931974665183
0.0543655224708585 -0.0640891537449069 0.193993560588736 0.322372467737809
0.0961027126169864 -0.0176877769157846 0.31140380119358 0.342029391427432
0.143694928507947 0.0889350491709078 0.0973295221175064 0.360812409734754
0.0880311769825319 0.0297779586857644 0.0720878150091712 0.0241371984945187
0.035835928347456 0.00471879496162838 -0.143204169030871 -0.174785473024678
0.0623580065258182 0.0147684907796251 -0.320422474657172 -0.160161158005608
0.0729816613334923 -0.0313630511379395 -0.403115079676597 0.0393412508503935
0.0445962730208385 -0.0805921002625704 -0.336318090890903 0.208037373060058
-0.00124362235017035 -0.104193934577441 -0.195954077107296 0.28036214998708
-0.00966002652614359 -0.126007942953231 -0.0450973338731969 0.288524326921527
-0.0337222284879582 -0.128503368413789 0.0740030711353005 0.255634501667437
-0.00663522391704043 -0.168777205077751 0.142211896856877 0.250068326760977
0.0795017707700174 -0.15519429132152 0.163848898492829 0.244796380605895
0.127538708813746 -0.111252884788398 0.183795867306498 0.257894072999794
0.1574864630922 -0.0439352729572042 0.180807817306487 0.271980201492114
0.205940419954683 0.03249972476977 0.165012634654467 0.282140027615632
0.230023969226756 0.11134280667802 0.253476932929476 0.278163291307764
0.199575020516344 0.215221745719175 0.0416195245693611 0.290965915201924
0.179725491405921 0.165106842876883 0.0453401077869063 -0.040010755965376
0.164274025729467 0.0736269471084789 -0.16494736002756 -0.209571119130208
0.19715125120525 0.00473970278406538 -0.320690169839876 -0.167371473665468
0.180051900329246 -0.0866955257589806 -0.377249873369994 0.0233860278276081
0.117117602022251 -0.16451836613503 -0.311565001854133 0.158324407312586
0.035511265161099 -0.197939183584564 -0.187442957496306 0.213392984407404
0.0162759977036114 -0.215028128895914 -0.0509043037446891 0.221659313961083
-0.0150146724407397 -0.215911776307094 0.0697629346117113 0.180246173759036
0.0231393135859332 -0.268932737855184 0.156268266740962 0.172648782279259
0.144018526660398 -0.250969827881757 0.207576496090423 0.182993982013495
0.233444278587791 -0.196121360857454 0.228230685387754 0.237564559761024
0.296420179923163 -0.0575528149752696 0.191848332952329 0.267837012120335
0.329897773495951 0.105119491114576 0.114766008536431 0.247575037063526
0.330024559675487 0.21545207748818 0.158071652838647 0.185715805753466
0.231597197656409 0.307337940941296 -0.0259735535987737 0.168208337568268
0.259445839549335 0.275553132787761 0.00821158669229492 -0.13527098173769
0.289446539535685 0.127987337323921 -0.181835310656261 -0.256965150751
0.319878902294432 -0.0199368471014519 -0.307758830096542 -0.179872198384276
0.263381420098579 -0.145972196975472 -0.326027150231755 -0.00744853886657633
0.167132826335356 -0.234555450997551 -0.263372554447341 0.0859813354311028
0.0622033455609434 -0.265400102602654 -0.165549358337417 0.116628005427776
0.0406570429579698 -0.271500332163914 -0.0505292780470695 0.125119869622895
0.00932014033652654 -0.267454915107643 0.0667507028648464 0.0786062829294993
0.0570442037863156 -0.3238251854435 0.162907757078966 0.0717898997448517
0.192048270914634 -0.30164342704005 0.241160860308661 0.0999791251952223
0.303349080095541 -0.242032737939605 0.263268102912151 0.201197769900274
0.385236971264871 -0.0560785468544498 0.194206144878406 0.257402566112414
0.400138907834457 0.165994932666836 0.0516998882433974 0.21486699421137
0.373059387641701 0.29063789150468 0.0457113377320829 0.07466369524969
0.235923621196795 0.345474864590343 -0.107294940664047 0.0151555860551164
0.305703968248122 0.332189836713869 -0.0535382076832348 -0.234135098153614
0.372842239354297 0.151414834113658 -0.195517090570375 -0.293722780008033
0.392149139507953 -0.0550779209174768 -0.273936753103405 -0.189946345226699
0.302541171401934 -0.191821577723076 -0.254133494095153 -0.0567252262857037
0.183565780024862 -0.274055095367333 -0.204938966084208 -0.00884890587529426
0.0732301382390046 -0.293917999144801 -0.137884861994699 0.00215870533567435
0.0583648805848205 -0.28638066804016 -0.0419709842164805 0.013568870932878
0.0392115392555572 -0.278200249841969 0.0697059443202484 -0.0331851549131027
0.0968759876615154 -0.326423340216918 0.172199271726233 -0.0335654817160553
0.23012225666667 -0.293813597009336 0.267981301511947 0.0162319618198062
0.340616128541753 -0.227249865229175 0.282578569308569 0.162341679475664
0.415581117144334 -0.0199356478739429 0.180721687976033 0.240295974596867
0.400998695985406 0.22338074337402 -0.013113164238802 0.172051127650357
0.35007759712571 0.332656990728975 -0.0585976211483415 -0.0464416357139465
0.202580135752232 0.32406310963372 -0.19757520082836 -0.136056871677398
0.297367386848206 0.324969299887035 -0.135922465677842 -0.309083680707405
0.380980218356201 0.142101524244223 -0.203792304554657 -0.305991720254398
0.383601201517949 -0.0785412225849069 -0.224693388945267 -0.196164870115961
0.281344044629974 -0.201562455483403 -0.176551341382858 -0.119621122008859
0.16635749115599 -0.265707712133607 -0.151559571505875 -0.113806782073737
0.0713047137847982 -0.276145387633014 -0.113415037016778 -0.11347894465302
0.0690724126692112 -0.258976798015186 -0.026501051558166 -0.0963258751110043
0.0656270175951339 -0.248672399429507 0.0851498400957483 -0.13860542890156
0.131374940443567 -0.279162027662124 0.194600088539786 -0.12629456635116
0.24727458563611 -0.234633652885949 0.297605940435696 -0.0485490561817161
0.338370365143246 -0.156656095792848 0.293159826915503 0.133610353065756
0.383315980995192 0.0461409134424961 0.15745752897949 0.214948632589639
0.336504373661314 0.266526996036631 -0.0620145718612765 0.114286253884376
0.267738481731325 0.336829200955285 -0.131718218936186 -0.167428417155791
0.128528683527433 0.248218647705783 -0.279747799913437 -0.256743271311491
0.223841852107569 0.261248815798814 -0.214385395152249 -0.34335850362201
0.304215896816116 0.109331449567286 -0.202169979065489 -0.298859224817049
0.291698145595725 -0.0764218561451882 -0.175319577505727 -0.201734991598508
0.206274795327142 -0.160858246019809 -0.118558292930469 -0.184636446740575
0.123443449502008 -0.201963313694712 -0.117048038035455 -0.205808808468326
0.0608166025126144 -0.210083690965611 -0.0953435954680196 -0.20881499392064
0.0683592433608995 -0.191665655311096 -0.00711362911900277 -0.189606499423205
0.0785927970362612 -0.184252443021078 0.112922603682517 -0.223766574171616
0.138938880426162 -0.196717482029409 0.233447118650613 -0.191880226882925
0.220815596788223 -0.146183231595324 0.336335752271036 -0.0829367487370782
0.284963045014925 -0.0691017968309671 0.300960501555581 0.117594106593807
0.296499590841886 0.102965448614572 0.138152129870712 0.185524944476773
0.225733432197282 0.271232553487704 -0.0775857504759865 0.0480400933068457
0.151287998693706 0.289981533843094 -0.159381197284448 -0.273987849513426
0.0192110120950738 0.138365942366497 -0.333648399027488 -0.326228556911131
0.099830235365645 0.1657976204856 -0.263633931272555 -0.335379706828173
0.16287357800209 0.0725018371156111 -0.192887898083687 -0.284161206105917
0.145516826438466 -0.0408531233640249 -0.148013434198294 -0.21164740825686
0.101879798110463 -0.0747020133012652 -0.0991667675668098 -0.229989149582288
0.0714902824243144 -0.0951629761823549 -0.107520482668741 -0.259692772883893
0.0482938772940719 -0.106515004218984 -0.0835254425817785 -0.266547314706553
0.0572848117664543 -0.0963328763425965 0.0136312272201773 -0.251168292861204
0.0693364891702526 -0.0949018802509364 0.145198784376931 -0.277735434751031
0.104775009695941 -0.0976608116100709 0.279399088630445 -0.225325522515517
0.14574126607811 -0.0638058504369378 0.374272141319897 -0.0911527666930733
0.186482224517443 -0.00930752642812734 0.310400711651242 0.112687755298556
0.182749828305632 0.11418596450895 0.133073794517329 0.158286645406173
0.103246423365938 0.215290657234736 -0.0569685258039986 -0.0044611019671569
0.0280787676322082 0.190655454646733 -0.143186658020173 -0.344581397276657
0.0834378072546706 -0.0183795516958523 -0.0203424132549843 0.398408219076098
0.0319669319907211 -0.0966646553798567 0.0806314690975961 0.0841518264813269
-0.0553703187231274 -0.0821029959581334 -0.039603951974582 -0.204845633213037
-0.0633562683358029 -0.00621905298390553 -0.22952425129356 -0.27895095704021
-0.037306518053692 0.00776183518204191 -0.399538172432998 -0.12010101360374
-0.0299936120684789 -0.00199719726133931 -0.405355240072392 0.0806624508788309
-0.0366463896576874 -0.0100995687573962 -0.298624940990146 0.20797521963507
-0.0258376387135235 -0.0302821890744461 -0.156169210723383 0.275718032894766
-0.0356477109928063 -0.0364891185479749 -0.0467211065803509 0.297145885611199
-0.0236329084102117 -0.0536634717336544 0.00170619836093265 0.312186468460207
0.00806321926718058 -0.041271916172166 0.00595351292520283 0.295827143482565
-0.000250069138917794 -0.027482186900362 0.0311690629754279 0.296458820646151
0.0111893335999133 -0.0466023619888885 0.043295208926714 0.324419317914031
0.0798631405203609 -0.0323903030205222 0.039654612834947 0.386159228740484
0.0968932529915209 0.0244479650721292 0.135958649057532 0.457978115126317
0.0983804922477233 0.139194175094619 -0.0554913606930555 0.371157447322332
0.0709369546127182 0.0642378469241414 0.0582119904960777 0.0508910640668902
0.0307444720386932 0.0226191848729132 -0.0604064802214645 -0.220914562864334
0.0534250126455866 0.0418199775315565 -0.231511615781518 -0.284339118778706
0.0855113345079969 0.00542944688443293 -0.388908275197481 -0.133719381311308
0.0764508334219648 -0.054332955098907 -0.397937698040094 0.0514194409767151
0.0403537417395363 -0.0944043513340258 -0.296137633012528 0.177454838086676
0.0435387144128237 -0.122559820465267 -0.15601280888754 0.245812763229472
0.0225774202558289 -0.132033584305652 -0.0322975195117439 0.263982441139508
0.0619032770034559 -0.15946884547539 0.0348324512371375 0.286316068370255
0.139643286994147 -0.113124499756895 0.0565581625218902 0.293324783353735
0.167108621452512 -0.048028528026672 0.0651533878925872 0.313362400650557
0.166226914687287 0.0291231278505876 0.0503919925194523 0.32806760172008
0.180790114639198 0.118766586604517 0.0263582991144387 0.338172065422819
0.168037043052311 0.197069017372541 0.107775019004061 0.374374246871397
0.0970868122015568 0.280587759214978 -0.0756679450311743 0.281682944705251
0.100104541393008 0.228988274773143 0.059382330174053 -0.0235787735626408
0.121060256782891 0.141102860912638 -0.0653521788952391 -0.266639999604567
0.180683604327649 0.0883038904489365 -0.228436240598649 -0.29412867860283
0.205579899825672 -0.00137054437134409 -0.359678070333288 -0.143045073434363
0.176425135929156 -0.103298059194816 -0.356581344306431 0.0141952864439248
0.112556012927015 -0.168582773167071 -0.261204416435029 0.118766830927143
0.104478567906489 -0.196423996784331 -0.135398989786508 0.181128919528205
0.0746851817548072 -0.206799383806753 -0.00405845892537127 0.192316165823503
0.129061016273584 -0.241829267866482 0.0797444950199416 0.221036134824441
0.239085775584825 -0.177809248445488 0.125909574026127 0.253776053569017
0.298832748821243 -0.0849005753047044 0.119256628570292 0.314281635299688
0.300797309146817 0.0744758689672388 0.0640780515172343 0.331258493665559
0.26524819235482 0.236827094389259 -0.00747385457106638 0.286098325702679
0.21844487068378 0.333850878501796 0.0585210571867119 0.245372982558611
0.0865823401228242 0.380561398840745 -0.0840692645363284 0.136758326342114
0.128216907887678 0.366312852502951 0.0652388477192095 -0.131171560064127
0.213331026320297 0.244537631003978 -0.0613809463033115 -0.321452568114358
0.302632627768502 0.114468323009137 -0.210870662363165 -0.30524358186276
0.306926408872356 -0.0212898810897941 -0.300696449899164 -0.154677830941711
0.250654500363674 -0.148378599821185 -0.284845568539533 -0.0343106809223309
0.16369699201815 -0.221521108188937 -0.203877201504698 0.0383613885526269
0.149868472309005 -0.239642826236799 -0.0962611734523442 0.0917906933279661
0.11673326724722 -0.24464189488584 0.0328883297975851 0.0975748807513459
0.180762754612197 -0.280374971870565 0.127575995859233 0.130708581670435
0.304152336244296 -0.207781719589666 0.192752839562699 0.191190236935757
0.380844931295075 -0.100271776766689 0.169920145064552 0.295954844024537
0.382647819475942 0.111414611321597 0.0730816595524763 0.325538023982175
0.303645138817062 0.320019410039449 -0.0534270568232083 0.228791536653262
0.226649189721783 0.419614314614229 0.00195907212044522 0.0934770121587123
0.0737665653350834 0.418956569546315 -0.0947276895677001 -0.0392586535248624
0.148872329443541 0.439620246952053 0.047949059156181 -0.250608237296773
0.281809335629985 0.301340369440179 -0.0583689467361061 -0.363580315451935
0.383132440581963 0.112430854353937 -0.1756077544773 -0.301621584640319
0.360102290894183 -0.0500605096582673 -0.216047423003083 -0.172147025286616
0.280846754771898 -0.177733094370341 -0.192590048248303 -0.0975313152635802
0.186435189375276 -0.244754953866673 -0.132305988992132 -0.0574859479967142
0.172810572008304 -0.246091984548371 -0.0444991409077736 -0.00611087464431833
0.148857153776483 -0.244010722067091 0.0792778793812684 -0.00380279019640905
0.218618917450339 -0.267104276293334 0.177142516014958 0.0378163439314287
0.335812899100858 -0.18568158952481 0.25202812659605 0.1252184098732
0.407702431810798 -0.0727638034019878 0.205497814818283 0.270242608086016
0.395414201375481 0.157056170590627 0.067930163125825 0.303692653907126
0.281929520865119 0.373379582493605 -0.0966176681330239 0.160047980875852
0.186801852000907 0.448692360622912 -0.0416710674101528 -0.064290295673222
0.0515561145435621 0.38659384410495 -0.117448256204062 -0.216589629231189
0.143191208680244 0.42884641037033 0.0024226352576731 -0.354594338473115
0.293097759747502 0.295442302163435 -0.0617654286348745 -0.378681777824451
0.384507809599264 0.0864492809555578 -0.126967811164443 -0.286029939339939
0.342574599867845 -0.0682121466148022 -0.118063524878178 -0.198076624977773
0.260613378533973 -0.177116884077717 -0.100331438362349 -0.172406298824462
0.176114954325385 -0.228665498128391 -0.0627452571563233 -0.152304258617778
0.170753297573345 -0.216116199425742 0.0130722932674235 -0.100868777680661
0.161317972803318 -0.206050795417406 0.134682233648443 -0.0952545686357294
0.231966345863929 -0.21051638196259 0.233462196158208 -0.0375427933139348
0.326472198652735 -0.123598768316176 0.304373634443775 0.0788773812571715
0.377572626543213 -0.0094486355859014 0.22586530056816 0.250514018211024
0.336493155117826 0.203376838005569 0.0559048993990192 0.272380678816503
0.203519515835649 0.385573547349287 -0.117284850701445 0.0836201050743781
0.109948907023305 0.417805334767799 -0.0552661841322902 -0.209464749455387
0.0144424530933946 0.287219059767049 -0.146172826934891 -0.361828034504605
0.101665465994225 0.340135141515978 -0.0562654743318156 -0.416359387616829
0.236165262389814 0.233126419134856 -0.0630751670603337 -0.368338986565953
0.297004870987716 0.0522838100666039 -0.0793736682271386 -0.2681408310908
0.253683013779384 -0.0614125765572474 -0.0365849969683383 -0.230754203920252
0.193435900808275 -0.136489983052259 -0.0280336347395742 -0.241513693666499
0.139558930261359 -0.172366925626818 -0.00619945746589842 -0.233028165135252
0.143007432904779 -0.15348311249206 0.067984584741692 -0.177867720141215
0.146218909961807 -0.141977449745029 0.193757450829204 -0.16074130276796
0.205786132038089 -0.130948436734264 0.293869567584118 -0.0819257952819129
0.265854567911946 -0.0510508628059645 0.350454839211413 0.062955618020742
0.293146129184911 0.0490869123891634 0.236493204907293 0.239087568405028
0.232521182251383 0.219571708653819 0.0492838378364418 0.236210170251019
0.0988076950499302 0.343173692408604 -0.10255497884136 0.0130543225915468
0.0206782797404964 0.327464007627892 -0.032689603204727 -0.321551668969577
-0.0407419558065377 0.141172881022531 -0.170556969585503 -0.445154027055787
0.0257286400037214 0.200127317227874 -0.104461369357406 -0.424066433469482
0.120214381444539 0.139333837453587 -0.0580268095369304 -0.346954396537562
0.147136501636266 0.0244564921478718 -0.0478484228468714 -0.260485307260329
0.121460994556934 -0.0244997414485255 0.00247897764184345 -0.259107334508045
0.10141264531685 -0.0575396284581729 0.00519067239970449 -0.287201237902442
0.0859090218639358 -0.0816728290782595 0.0286440814424364 -0.279738383433736
0.0930237576452394 -0.0680971066456519 0.111983182661274 -0.225701277319642
0.101637163956095 -0.0624434844609222 0.243183387103549 -0.197692949559798
0.135952299763207 -0.052135514958129 0.346323110322135 -0.0942588129579154
0.162436139453016 -0.00353162599315806 0.384382786940763 0.0704853415586822
0.178625588665291 0.0654648099216325 0.24346408168422 0.237592133559398
0.121383933853411 0.182015001486131 0.0559274085640454 0.207678033157891
0.00694367183327576 0.240865375738048 -0.0588579048576447 -0.0285633772570784
-0.0522679673869238 0.184665078042703 0.0151331415033055 -0.380855198201026
0.0804140167002161 -0.0226839602146467 0.0132696277014645 0.391747768770037
0.0244320574841643 -0.097331794928092 0.0887495133032215 0.0771775662961223
-0.0597818621830999 -0.0747466824497719 -0.0565196871070699 -0.196441194498097
-0.0617708846652864 -0.00135379510025063 -0.25147259894109 -0.255326365947703
-0.034613465967331 0.0106988581486353 -0.402294140026634 -0.0866505609063873
-0.0276940847795237 0.000521804265024498 -0.389879618330351 0.114993761874284
-0.0357991240228656 -0.00754666361859046 -0.273018406673117 0.233136214955953
-0.0280946311611074 -0.0278550297637993 -0.128785120453304 0.283511748929662
-0.0376575165572967 -0.0322786907881286 -0.018722977555871 0.296508815820217
-0.0276073437765932 -0.0508157752991785 0.0291140138898257 0.309204353583163
0.00545038787676098 -0.0420433208294921 0.029838109079893 0.292423195240574
-0.000700354177016633 -0.0256604798623783 0.0537163693688537 0.287525152774121
0.00862942726405853 -0.0455663966738046 0.0650445876195019 0.313693503990168
0.0771193000562927 -0.0386656450541185 0.0687572094425411 0.376558186592057
0.0985253510465612 0.0170630015179134 0.174279712603226 0.439544208212223
0.108039961212763 0.130179538342437 -0.0227536928161231 0.367380881255669
0.0773090324553981 0.0576640606492972 0.0641306073798399 0.0471326145438466
0.0316673724084404 0.020626536957699 -0.0769011065682447 -0.211057817299296
0.0572042048864686 0.0351671829566918 -0.251232547983548 -0.25953098107046
0.0849870329473365 -0.00312545524451276 -0.392522318383636 -0.100132879889471
0.0714336895970033 -0.0605092675025866 -0.385043423788917 0.0855147154274756
0.0320092695445637 -0.0975960755406241 -0.273209719244878 0.200884427804456
0.0316343749749988 -0.125315798748373 -0.130951995855529 0.255235630868716
0.0113293875985863 -0.132485065899296 -0.00694506586908535 0.261335937356431
0.0470763612885148 -0.16239582505019 0.0601491078461198 0.280167636043713
0.129820707239051 -0.125468688963261 0.0801897647588786 0.285398603140013
0.161429995497 -0.0613783970985684 0.0892936073145495 0.301832123035569
0.167514163282673 0.0146636371109013 0.0730357270479963 0.315814795038561
0.18921849744463 0.101932642455833 0.052553813183677 0.329947285796132
0.182062200611019 0.18110290301916 0.139434586729226 0.358916026520237
0.117191043234894 0.267486943309844 -0.04796100469784 0.280075571545047
0.119545774271996 0.217238103802928 0.0599289227037911 -0.0263556984486706
0.129480171294581 0.129348104674426 -0.0853128132992153 -0.254993348527328
0.185525964907226 0.0694809910127222 -0.248525276393924 -0.271165174010109
0.202865085110842 -0.0203125976611519 -0.363216036548112 -0.111124673845828
0.16439519384923 -0.117167914341581 -0.34759673082972 0.0452258954281365
0.0950909307475923 -0.17528394772778 -0.246135016990857 0.139247020516477
0.0846585123161183 -0.203640257348343 -0.116057858321592 0.188996825346957
0.0557168307104988 -0.210216098863562 0.0135821001919491 0.187949857399852
0.104723069112902 -0.249294563453041 0.100164486350597 0.211188445227917
0.220841465544623 -0.198631383152707 0.145836940043179 0.240616845995409
0.286592330256445 -0.109670253706055 0.143403830736878 0.298862302240456
0.303548965203075 0.0474787941782341 0.0868871749621873 0.318006455848085
0.281959131905442 0.2110779564052 0.0158823620417441 0.281073781916853
0.242846770630511 0.311073950315315 0.079607444709926 0.237909255974668
0.114755662152809 0.364676023179436 -0.0686040481813108 0.139337105364898
0.158721696961761 0.349043191645942 0.0565674050776675 -0.131897799707496
0.228781847721692 0.223384812997493 -0.085261844142194 -0.308558498901593
0.307303100644061 0.0848499192508008 -0.231294780437992 -0.28292392643226
0.299531948220287 -0.0498738042061123 -0.306706225928862 -0.12621388341502
0.232576992884919 -0.167672734969087 -0.280614056025361 -0.00929591970541257
0.139650854204912 -0.231934997600348 -0.197290223717164 0.0547805015555955
0.124852042589884 -0.250106048419082 -0.0862604995297679 0.0986492753753087
0.0948630423876492 -0.252282498601863 0.0409207877577882 0.0909501437302431
0.152549820643889 -0.291526947790289 0.139161594003588 0.117805186876344
0.282406892377456 -0.23333628174701 0.207265457587386 0.171608428263105
0.365285364573617 -0.132701756430851 0.192820549303057 0.277671492794
0.387869621062607 0.0764789410078422 0.0950041130309417 0.31009694771365
0.328525228653062 0.291233531256554 -0.0338820100254137 0.228511695327886
0.25761544562927 0.394116341232674 0.00987028757627677 0.0940084626196512
0.1056142710738 0.404086590552891 -0.0944764115907968 -0.0332825409940254
0.184265582743444 0.418752556629172 0.030840616146157 -0.248408304203429
0.300222834604351 0.273551962633431 -0.0858418551416128 -0.350992028763703
0.385863532526145 0.0761767285955401 -0.196012504893291 -0.28267294953319
0.350051531258677 -0.0814528036824417 -0.222419731543363 -0.151448993391602
0.259009960195983 -0.199710464200674 -0.19636032595208 -0.0798764550685943
0.159224358162863 -0.256747390605436 -0.137194123150073 -0.0445422926888054
0.146773237233548 -0.258674289073728 -0.0435923054068707 -0.00211981999115122
0.124467703990208 -0.254412342555952 0.0774977686579281 -0.0127616851812429
0.190444703223366 -0.282459099885852 0.179890503301612 0.0214912553005013
0.314775550055611 -0.214925563953115 0.259880906831984 0.101467172827034
0.394131961601431 -0.10817001176326 0.226677160172215 0.249909567167373
0.402717823934816 0.120225939211159 0.0895875890562562 0.289688115169684
0.311231938063982 0.344021008506768 -0.0813493505823349 0.164989689282337
0.221562353544864 0.424222794270855 -0.0469372873021744 -0.0571184444747346
0.0816817475370337 0.373622361031102 -0.131664460950781 -0.205414624841818
0.177897810161099 0.409881828810122 -0.0235329076822961 -0.345332328544123
0.310898622402716 0.266140648569291 -0.0900379791361305 -0.365316889451744
0.384929049322436 0.0510620913845177 -0.146575068364962 -0.270887071236676
0.329792725471025 -0.0981916361165744 -0.128808792145276 -0.184599818491732
0.23887180099921 -0.197470031389555 -0.111060996271472 -0.161559514903968
0.150945338174859 -0.240313783508624 -0.0775132185556439 -0.144362844104288
0.146800749301349 -0.228910226889309 0.00473416577673847 -0.100108352300328
0.140102098310001 -0.218038200032043 0.124090402706098 -0.106927214041004
0.209573265611803 -0.22785877616014 0.227919152164036 -0.0582226862498649
0.310396106472467 -0.152344306596402 0.306682399031267 0.0515526189974679
0.368705864696612 -0.043749797910302 0.245428001468564 0.227588982833584
0.348906621642635 0.170557950789277 0.076108989500294 0.25955104922787
0.233544865852712 0.363007108811234 -0.108174478297537 0.0908683563703721
0.143349938965162 0.399743012514797 -0.0733801771677289 -0.197495842397682
0.037634535221544 0.278625037717419 -0.172239912585522 -0.344115722678661
0.128733471238617 0.324071994998013 -0.0859604997137923 -0.401441180949858
0.249512217709366 0.208752430463746 -0.0898232345566432 -0.355675819784051
0.295360783522024 0.0254875535515261 -0.0974711284682676 -0.256352737570154
0.243571748014742 -0.0839202361906371 -0.0510959176459798 -0.223583132566479
0.176501394743614 -0.150171026689989 -0.0482628117277765 -0.236459036931479
0.119967527056892 -0.180886689166312 -0.0287692637307493 -0.227428484336216
0.125435366006654 -0.164309460416385 0.0523754733357216 -0.179910121961214
0.130613797805881 -0.153494490734503 0.175316728776897 -0.176653531706031
0.189394039690738 -0.146767451178898 0.282497918532602 -0.106694968528612
0.255871484451118 -0.0756747182944912 0.350477197131115 0.0313161969753054
0.289906672181537 0.0214623514963052 0.254673243900769 0.216500113858966
0.247518604869872 0.19492826434367 0.0675427755115295 0.225042997908874
0.126884086856775 0.328658999700444 -0.100131172673591 0.020775980702625
0.047486159333155 0.316929673440974 -0.0620815136106126 -0.307797840928848
-0.0294300471390083 0.140126390270397 -0.204567100202033 -0.424416418686047
0.0413259691684821 0.192440607923797 -0.134768936237316 -0.404418727828888
0.129052655106818 0.12598456099058 -0.0829120199772365 -0.33554452544486
0.145814789938118 0.0117329131719886 -0.0669667321059329 -0.251925490654164
0.11580246567057 -0.0355670838307428 -0.0155200332948964 -0.255750103398199
0.092763019701434 -0.0644254450202984 -0.0195201665404207 -0.284632404385822
0.0757940925691377 -0.0866195416484234 0.000950525665365518 -0.276921231670848
0.0848263005710837 -0.0758364525226685 0.0896590458764858 -0.230506672619517
0.0934665402089832 -0.0714864849997172 0.221621570214824 -0.215294700812225
0.128441289062708 -0.0630646243604596 0.331690807120674 -0.123936779598317
0.156883722938025 -0.0182378440629896 0.383957562583863 0.0351289536718688
0.178366197263197 0.0478137050632616 0.261209806606136 0.213551699899872
0.134832836425779 0.167707778337652 0.0725009236973881 0.198102978039091
0.0277956142769418 0.234822299458937 -0.061513479984986 -0.023604035188787
-0.0365846939119458 0.183449288924907 -0.0201934790012966 -0.369751870201323
0.0777729675780133 -0.0253974363099856 0.0390061778070566 0.378514820575776
0.0201755123955964 -0.0962646184276627 0.0946777754557054 0.0699731139241333
-0.0619876643303682 -0.0678353001226316 -0.0668930440326829 -0.185323753505271
-0.0591608870000056 0.00231888013345152 -0.261334363955266 -0.231136264321538
-0.0316056704081472 0.0120546699683071 -0.397435745049053 -0.0587554135563819
-0.0251324869591243 0.00212382034788736 -0.36912933350633 0.138743674166033
-0.0340957317712447 -0.00527228846701676 -0.247807924080427 0.245897650436239
-0.0282683298522385 -0.0256736093806157 -0.105600254695039 0.284075546556405
-0.0381710050362591 -0.028377131278148 0.00319408785296134 0.289802302462258
-0.0302607511598156 -0.0477104240230978 0.0515089250807132 0.300192388101693
0.0034929075521834 -0.0421768677205231 0.047267034631053 0.284385426375015
-0.000384506546195866 -0.0247379052335582 0.0684904776545325 0.275160122551892
0.00658000818267009 -0.044757159701846 0.0788913833700803 0.298989290110823
0.0733130093407868 -0.04342320799808 0.0887243862984465 0.361746020947468
0.0977714744558578 0.0108188026327241 0.199416745969682 0.41481754141112
0.113266413890086 0.120333085394684 0.00263574775975015 0.356547699519314
0.0808200388508078 0.0508374742599196 0.0694363178351395 0.0424982962674016
0.0326200310041273 0.0188048902516131 -0.0873631943549489 -0.198260263712489
0.0580963980559282 0.0290629815151519 -0.261495767164131 -0.235813547077787
0.0833331638069163 -0.00956441343683435 -0.386643054470227 -0.073369816245939
0.0660344342982614 -0.0643796012683232 -0.366595386226681 0.108439556751635
0.0247724923384147 -0.0971020870750872 -0.250111878036808 0.213897674816508
0.0215438511566204 -0.125050203706427 -0.108756884317016 0.255993808924049
0.00269103047600247 -0.129554765571206 0.0119151086020306 0.25434611021415
0.034145379272584 -0.161724285717146 0.0798923549839144 0.270017505355762
0.118635739392147 -0.133123547872527 0.0970001267197172 0.27357074884839
0.154593092204918 -0.0704762400936071 0.105312855250396 0.287392643762625
0.165654018631715 0.0038083522522505 0.0860348660094831 0.299933124262151
0.191782111553195 0.0871246349894287 0.0714380321030986 0.317744665262512
0.189370843280425 0.164520996005149 0.16076210613821 0.340293268276784
0.129823263140244 0.252265915997459 -0.0269691598620737 0.27285358846243
0.13273642113672 0.202618655271108 0.0607903949395385 -0.0282209103716035
0.133257503075662 0.117861863977366 -0.0977143905743061 -0.24049749183302
0.184682188964646 0.0536523109654672 -0.25891373010388 -0.247591116364672
0.19673436814953 -0.0349024985922821 -0.358998493343175 -0.0850840538810924
0.15171748863539 -0.126104273524843 -0.333019108533877 0.0672084331252645
0.0791319932779524 -0.177704559311644 -0.229168760722585 0.151975890284479
0.0669788066302515 -0.205103877456119 -0.0987127553610144 0.191064568633863
0.0403688185934948 -0.208735016063396 0.0263021601042559 0.180666675483577
0.084129160892475 -0.250031514388221 0.114500700401082 0.199304167917787
0.202129381248014 -0.2112610733472 0.158743387303325 0.22501111920478
0.272388523001387 -0.126670808308996 0.159502244409348 0.281355345740819
0.300178335240529 0.0266552033530077 0.100328819942856 0.300902201708089
0.289850649459193 0.187425610851561 0.0327343801136442 0.271603972882624
0.256344454198834 0.286633105409225 0.093938503166515 0.227589904493173
0.1329031211288 0.347075385135054 -0.0560554504317861 0.137599357593232
0.179343112947229 0.329231751692273 0.0512345126137102 -0.131033163746689
0.235702528691021 0.20278390202355 -0.100699159939146 -0.293415872289286
0.304296654826234 0.0610893592665794 -0.242968471500204 -0.260796150589894
0.288969553778141 -0.0701886353682085 -0.303359546773426 -0.103577459912952
0.213872603800703 -0.179685584044439 -0.271696891860841 0.00914205155975966
0.11891085178572 -0.235422286601179 -0.188551443953022 0.0666098870075594
0.102347185214704 -0.253603292998393 -0.0756579197870057 0.101376517540328
0.0744735192508252 -0.252886730678608 0.0466569233941364 0.0839520618811212
0.127080051139866 -0.294441056572853 0.146097655573669 0.104995964845945
0.258948042472262 -0.25004060262858 0.214666890416505 0.15347564192411
0.346492214844034 -0.155407821521482 0.207022227460374 0.257252699209003
0.38311989240499 0.048611964499323 0.108639863781046 0.292954475151699
0.34094538059455 0.262272082764968 -0.0184406744810381 0.223131475473702
0.276395522009725 0.36575172878506 0.0165256848088613 0.0927376141945251
0.126253136981944 0.383910045928773 -0.0924045896208854 -0.028576479400194
0.207208969517037 0.395474681601293 0.018191642209733 -0.241543635507513
0.308224516903001 0.247182945040176 -0.104159190639491 -0.333991801857295
0.380520268305364 0.0477437534597684 -0.207384997363884 -0.262595376574852
0.334766464182175 -0.104769593240574 -0.222300910780486 -0.132641792552587
0.237510368333876 -0.212503373500111 -0.194164749682175 -0.0659351766033764
0.135731876793267 -0.259628309996537 -0.137689435018547 -0.0342249953298579
0.12259335019611 -0.26293367965197 -0.0417552916430921 0.000727406570456056
0.103193212627744 -0.256042915122164 0.074805675270396 -0.0195611607727839
0.165091921939004 -0.28804618827942 0.178360201621363 0.00802248662073448
0.291171817198945 -0.234402126893587 0.261503283254481 0.0804601152429718
0.375162796681231 -0.133366887871107 0.238627506363067 0.227741647609874
0.400972203960613 0.0891499535410096 0.102515896158314 0.273161806879291
0.326708822718074 0.314028646005224 -0.0690742755327969 0.164315038793774
0.242914152540554 0.39742719358698 -0.0496043880593654 -0.0491747318839719
0.100826181851876 0.355844967821416 -0.139294012914813 -0.193279815102316
0.201071247863053 0.385873193189377 -0.0404090771718674 -0.332933392239302
0.318218517464183 0.238701572090878 -0.108493962470501 -0.348083120598701
0.376786217018931 0.0228453984317574 -0.158569438803654 -0.253928736682308
0.314249619555215 -0.119837350652645 -0.132545251545682 -0.171641078919869
0.21710099216647 -0.208136862655569 -0.117690143864663 -0.151122491930391
0.128357712055144 -0.242611649780748 -0.0866310745590145 -0.134572466214721
0.125196567300755 -0.233960195637289 -0.00120599713090464 -0.0969432853334133
0.120118201186316 -0.222715365567169 0.113069785419786 -0.113887137215903
0.185913645859839 -0.235628234127941 0.219365590096514 -0.0730067775243877
0.290366981080409 -0.173062300146933 0.303297563627843 0.0282485006383638
0.353636718406029 -0.0687963074146325 0.255150277773641 0.205461385551819
0.351267636856523 0.142053590471918 0.0887317923885418 0.244700893351039
0.252964554977102 0.336934081310983 -0.0998896885876532 0.0949449865551809
0.165276798533564 0.37732464080411 -0.0853444607625045 -0.182654415661097
0.052632650982585 0.266411772895667 -0.189170586897601 -0.325039978048744
0.14644204107825 0.305279759689101 -0.105668514535157 -0.3820001667586
0.25544142583291 0.187046314580507 -0.108225849467646 -0.338452993360336
0.288064263909346 0.00432870802587205 -0.109221091987075 -0.243017849263096
0.230427175968284 -0.0988060414772255 -0.0602819123201457 -0.214597952336442
0.160191683224219 -0.157693544443735 -0.0616654671398485 -0.228482526742414
0.102358933171668 -0.183231408271314 -0.0456751732973546 -0.218217866168309
0.109251899775709 -0.169556809027735 0.0386530978063062 -0.177793322828645
0.116049960673459 -0.158548937638504 0.158214506157409 -0.184586399532053
0.17331798113675 -0.156054594198928 0.267241939458364 -0.124585258966187
0.242130937340664 -0.0928801818325315 0.343246634298245 0.0060997581435468
0.281413399055044 0.000375659134362136 0.263927426414832 0.193654174794831
0.253229463713291 0.171725532898377 0.0791003066168321 0.212532047021582
0.145643664233061 0.310446827922441 -0.0968295905646974 0.0267912897283616
0.0660696559458373 0.301904999761669 -0.0820719834182834 -0.290198218846373
-0.0207190965382142 0.13646464226367 -0.2254430624685 -0.399199495657092
0.0526909956493397 0.182976404203203 -0.15368199486521 -0.38276594204778
0.132448426578287 0.11380706463517 -0.0997606636818015 -0.319619989340125
0.14174058772629 0.00220332019674682 -0.0790699650279921 -0.240042472961687
0.108634316916246 -0.0425325085538761 -0.0292535216596378 -0.249021597110462
0.0849627719503731 -0.0678458297340913 -0.0386580675730494 -0.276986025482934
0.066644871360298 -0.0881854276664376 -0.0196787787607822 -0.268412116352503
0.0770949007494792 -0.0799653085504197 0.0716690101723047 -0.228976605809436
0.0857109257635233 -0.0765725136136921 0.19934159564508 -0.225057775931202
0.119544020654589 -0.0700760294335017 0.313820059307902 -0.143803103722175
0.150185253585238 -0.0284512664186111 0.375671022025361 0.00717622360512984
0.175108028938782 0.0339968654213053 0.270360906134456 0.190695106473706
0.141362369851863 0.152684531294233 0.0833257294854027 0.186840811301818
0.0423361327966429 0.225614599979807 -0.0627529114649717 -0.0183056118324311
-0.0253530310604777 0.178441891852819 -0.0459672126512595 -0.353645990503211
0.0756381883181798 -0.0276545760268882 0.0583569001033452 0.365570942316728
0.0162421328629873 -0.0959740549831852 0.0995773963128695 0.0636259971574818
-0.0622179562850269 -0.0627770987550853 -0.0727869443005295 -0.175876892761012
-0.0568091333023113 0.00481251727224948 -0.267336325573391 -0.211606318602609
-0.0291722056537313 0.0126174957444758 -0.391473991044941 -0.0375932964098714
-0.0228368007499359 0.00231878032233773 -0.351371594668512 0.154853688013569
-0.0323084763587031 -0.00427292771427751 -0.225439284682778 0.254683833365324
-0.0286648444921343 -0.0243208220267231 -0.0864028662373328 0.282416940358812
-0.0376034079727627 -0.025378761347768 0.0197956707640072 0.282981081330865
-0.0321296649160161 -0.0449505103725741 0.0683498941515304 0.292417138146191
0.0019472682005139 -0.0424683701592398 0.0600790818498288 0.277054303938199
-2.92076101282689E-05 -0.0240757576518535 0.0778355526947949 0.265016500154421
0.00508015242628411 -0.0431408802048759 0.0871143257119563 0.287405874554508
0.0698719298872186 -0.0459718563901057 0.103299651230463 0.349558560360047
0.0966919436083378 0.006026519225145 0.217613527113666 0.394238926521674
0.116653496984481 0.11225149011681 0.021804406479074 0.346183167793974
0.0834072847461476 0.0443767418430319 0.0737269091450454 0.0383657283950959
0.0331365443898818 0.0169386513863124 -0.0935398375109983 -0.187060975735927
0.0579076404409092 0.0236090458464911 -0.267190122341619 -0.2161929814419
0.0815792756749847 -0.0156514003852758 -0.382021820342036 -0.0522006905097027
0.0617830136249516 -0.0673530457085973 -0.349675368560995 0.125605977848886
0.0187782932664028 -0.097142201962931 -0.23045822547365 0.223614953886028
0.014058494229436 -0.124312096941434 -0.0916213908446345 0.255191559048752
-0.0033237947191555 -0.127685481117964 0.0262157077781188 0.246986354921775
0.0242314539688668 -0.159955227011933 0.0955965397595551 0.259631562323681
0.109172236522836 -0.138239879521335 0.109188336335743 0.263431050730284
0.148805118642933 -0.0778298578714449 0.116017968176736 0.27479398277162
0.163090267251089 -0.00470654553484106 0.0939013725170049 0.288163505659582
0.193423697521245 0.0754141017615072 0.0835465240823555 0.306154232363813
0.194233634670968 0.151318082339721 0.175292077398025 0.323818451376617
0.138281901989716 0.239555252298575 -0.0122231182840615 0.26520525717603
0.141585177717413 0.191207603030462 0.0624065223781311 -0.0299296327322776
0.135856404963522 0.109103422110815 -0.105136228327875 -0.228010729705327
0.182023249437739 0.0415617896079193 -0.264324362798278 -0.228792772586862
0.190144446931332 -0.0463387545186944 -0.352874148057078 -0.0651301375597442
0.141632789991283 -0.131766135569247 -0.318912105450365 0.0829302165737878
0.0674659589189212 -0.177613613918167 -0.214681205817963 0.160814663759391
0.0529368562864027 -0.205209739210775 -0.0860563199756991 0.191370428182464
0.0284537037717956 -0.207552959420742 0.035970750363494 0.174361630271015
0.0680525478404957 -0.249401865000054 0.124328441600385 0.18872329286511
0.186122757252214 -0.220260685114962 0.168489635321587 0.212057013918123
0.259894598147165 -0.139341987145088 0.169755272884774 0.265742449703651
0.295366861003716 0.0101492763407739 0.108365946516075 0.287864041017598
0.295683948994084 0.168101577837077 0.0443001484269534 0.262696946978093
0.265372342056371 0.266407437708093 0.104016857914401 0.218117340326309
0.145086788696688 0.33166222670945 -0.0462048449904758 0.135078529489929
0.192566897699142 0.312039320658039 0.0485404011264987 -0.12922199110878
0.239287508233025 0.187395808292561 -0.110527897667683 -0.279309734005647
0.300183107845201 0.0420041156915528 -0.248710255822801 -0.242274247836938
0.2778046852632 -0.0863143006181897 -0.298528068290789 -0.0856839371244997
0.199436764051532 -0.187449044169265 -0.262626507478838 0.0229875688950118
0.102326929990355 -0.235971893542635 -0.180270203985614 0.0752926748910026
0.0847192372848946 -0.254252532003102 -0.0676634422411631 0.102455915397867
0.0594155671594453 -0.251981899272079 0.049426969044886 0.0779512639351394
0.1073765713557 -0.295346727216912 0.150407977515772 0.094318477388911
0.238904241414677 -0.26152361497067 0.219282279825264 0.13841920615814
0.330572258711767 -0.171475160563076 0.216336956012278 0.240416667543302
0.378599506382799 0.0272981895976756 0.115624081352678 0.279164803906915
0.348464380233995 0.239972973253079 -0.00751118403915595 0.217613331713441
0.288541668815529 0.342542336131663 0.0209923184095119 0.092202713997669
0.13969286155036 0.368933244865616 -0.0901101169714009 -0.0251286954928195
0.224493897263094 0.375630863412926 0.0106273162085018 -0.235376344796115
0.312222161352939 0.226325972088908 -0.114944100015654 -0.318507111954652
0.372452221224275 0.0257334397731843 -0.214213471769002 -0.246859581467955
0.32076880206006 -0.122691634916813 -0.21996599659563 -0.119027401027605
0.220181792269204 -0.220040821379399 -0.190838627323147 -0.0557292799748694
0.116843860797218 -0.260253922774097 -0.136789891657894 -0.0254660625808378
0.103460733857693 -0.264668703947674 -0.0391746759263843 0.0025697707639419
0.0867698346278688 -0.256925082888054 0.071129270386098 -0.0244165715926122
0.144277220254332 -0.290795762050893 0.176690563007878 -0.00271457406564509
0.270745305182823 -0.248214546631918 0.26075691546768 0.0645689289315306
0.357645379715374 -0.152217710841029 0.246564267789328 0.210392270085221
0.397397734157702 0.0655993003752472 0.110560556186608 0.260236120556109
0.338133814696232 0.290658938074995 -0.0594149283392857 0.162503641524256
0.257062883578351 0.374202830903303 -0.0507303093300513 -0.0417115588830409
0.114206059417297 0.341378864442793 -0.144472504480368 -0.183117428825052
0.216469221256463 0.365927702267848 -0.0509839747215854 -0.321404747886684
0.321713943827338 0.217827069899683 -0.120859230292918 -0.332768839615451
0.368320023476907 0.00232866137967058 -0.164923007145125 -0.239738808754803
0.299795647129702 -0.135585272639959 -0.133969142149867 -0.162003383631986
0.199544690701964 -0.214442659650835 -0.121647203497209 -0.143629130111344
0.110474759466505 -0.243320915864527 -0.0932686054203563 -0.126278123182109
0.108257792044171 -0.236368023415738 -0.00503730938869969 -0.0946533912997787
0.105106028227194 -0.224967827214774 0.103385433808951 -0.118065186992507
0.167680148884299 -0.241066657149481 0.21116881267601 -0.0844295097483638
0.27199014866756 -0.186718680026691 0.298533171113673 0.0110299421656581
0.339520187186897 -0.0873979937181639 0.262108545530643 0.187303175949562
0.350925631045359 0.118341052809072 0.0963719807452676 0.232705188018529
0.266812975193173 0.315456580998407 -0.093480131966967 0.0973184131392315
0.178990437397865 0.357456573850405 -0.0925291379094817 -0.169825577279169
0.0631978345084785 0.256495331668931 -0.200189419600492 -0.308438530759063
0.158942902483451 0.289655425255733 -0.11797516009261 -0.366385947212604
0.257030073302574 0.16922542543924 -0.119958585664528 -0.32381980885687
0.280612395097269 -0.0112422831222319 -0.11622075328877 -0.230328821415128
0.218433860529945 -0.11063634766228 -0.0657726786803419 -0.208150497783488
0.146747818174969 -0.161711150896756 -0.0720916394361694 -0.222806101981131
0.0886418492283471 -0.183660236061258 -0.0578523867855826 -0.21002738356046
0.0963418093112106 -0.172484206147863 0.0290432053638334 -0.175041586233483
0.103287753222721 -0.162071523578092 0.143780663363222 -0.188960671513431
0.159624234000437 -0.161977982073646 0.254784640741888 -0.136730418189802
0.22941785494883 -0.104650302309386 0.335923720619434 -0.0130199358808077
0.272478202837218 -0.0156947828266803 0.269469975371821 0.175284909686941
0.255246654673476 0.152642831632096 0.0869487098256245 0.201864013871181
0.159752415385535 0.294360558562354 -0.0940876415794472 0.0312472291183462
0.078575488360977 0.289059909358566 -0.0953518540098899 -0.274302465952622
-0.0143648348814632 0.132785583714925 -0.240984902695744 -0.37858255089069
0.0596139350789574 0.174774657193569 -0.165709879620149 -0.364533027998032
0.13404571642507 0.104031044020598 -0.111227168101511 -0.307496081893792
0.137391040285537 -0.00502004814210087 -0.0864301651985829 -0.230028310501785
0.102507720337861 -0.0474424160942942 -0.038142689866632 -0.242861569250772
0.0784154500572646 -0.0695678294368298 -0.0526619498028254 -0.270950052306146
0.0592344951212384 -0.0884442068935348 -0.0354447398258163 -0.260212687819634
0.0699283709819752 -0.0829371568618875 0.0587761629573249 -0.226584758738646
0.0788692365689498 -0.0794825420773918 0.182248773659304 -0.23097974080421
0.112274422568872 -0.0748222854971258 0.297581749460773 -0.157666298619035
0.143179754534911 -0.0360593655164655 0.366839373286039 -0.0142677944252876
0.170777220757183 0.0233266032647252 0.275250122766961 0.171450096358659
0.145087801109245 0.141349589240327 0.0903906830651453 0.177203324303235
0.0531819407455267 0.217149808553198 -0.0637346081791848 -0.0136448284440577
-0.0170507759552031 0.172669730827404 -0.0638512575797266 -0.337463983651991
0.0742658664116693 -0.0296831053719503 0.0731183057685361 0.356310820023938
0.0128580360668826 -0.0963092798139058 0.105292849229695 0.0574023639242747
-0.0625357402505781 -0.0588728833600125 -0.0773000353785311 -0.168074076882998
-0.054911158357397 0.006215881026299 -0.271907381667033 -0.194219480184263
-0.0270279216974849 0.0127422803500763 -0.388566283938679 -0.0199765583455657
-0.0207001329586644 0.00191937027444794 -0.336550304840547 0.170119774895563
-0.0310797897848796 -0.00323138950955818 -0.205792045854161 0.261227775570424
-0.028868077559084 -0.0236975900205815 -0.0706630429594115 0.282884670255949
-0.0366124535464891 -0.0237068886530573 0.0349351619875259 0.276596049277869
-0.0339655165143174 -0.0422638169804261 0.083589791632103 0.285229680694651
0.000279258865004614 -0.042941830552726 0.0718746562204508 0.271892296709288
0.000634128359633947 -0.0243878576867708 0.0863659480644468 0.256354411678045
0.00420189825104264 -0.0427010876395533 0.0941170082202992 0.278941795438591
0.0665428298759924 -0.0492626497195145 0.113881592790321 0.33872479609237
0.0960845197399036 0.00122164054392873 0.231944273695134 0.376622559119518
0.119383474822011 0.105336881381064 0.0379700299494152 0.337258136964722
0.0852714794059581 0.0376998119868754 0.0789959124523152 0.0335432073915045
0.0338686210245719 0.0152912576654385 -0.097458973694892 -0.178650219146021
0.0580925125118625 0.0195498186926684 -0.271695070346494 -0.198670295670227
0.0800230690105788 -0.0209441011797826 -0.377826160162038 -0.0328516914671013
0.0582661994501352 -0.0704818621671831 -0.335148833756588 0.140119897255326
0.0141815890890599 -0.0967789310757473 -0.213426285483483 0.230488685875476
0.00705987680127065 -0.12450265459127 -0.0771059571841717 0.255193276871003
-0.00893980290863886 -0.126056896789232 0.0380365371657775 0.241714471515957
0.0156706156948827 -0.1587299166208 0.108854202477372 0.251506087373261
0.100425818259567 -0.143351260464921 0.120111179869484 0.255146419715002
0.143511695912523 -0.0846977852052463 0.125174540447951 0.264631118574128
0.161434309166149 -0.0125161797052285 0.101337366602661 0.279195080263118
0.194445512670588 0.0653660337089671 0.0949227725298558 0.296326485247311
0.198675900489127 0.139440019162093 0.188815046367222 0.311539128442109
0.145869892282502 0.229775843509611 0.00237638290116535 0.259157663093562
0.149828659980844 0.180473436975394 0.0659038559378085 -0.033048934285673
0.138124977863159 0.101435465451195 -0.110658648773117 -0.217194735980742
0.180853885892852 0.0310706129566837 -0.269500934674163 -0.211946849246537
0.184356579038083 -0.0579431759426012 -0.347923794015779 -0.0483390938288647
0.132361136842707 -0.13762036466148 -0.307390922025161 0.0958981939015921
0.0573217376808952 -0.178204955515977 -0.201554664201063 0.168509719018207
0.0406945839882439 -0.206044225810823 -0.0737932848947118 0.1919627138859
0.01756309441744 -0.206353606743756 0.0441037668831824 0.169101015387371
0.0538589746639455 -0.248146853722585 0.134695323968029 0.178440720004612
0.171985826197803 -0.228147543526302 0.175381236374206 0.200955843860872
0.249500396737781 -0.150571844470768 0.179384773152666 0.253017283077518
0.29287198132746 -0.00455686820033659 0.115200348423193 0.277790511175249
0.300554448186223 0.152659052566466 0.0547233213423934 0.255299237936837
0.274483877664576 0.249218421803154 0.113400494026283 0.211058750288733
0.156025377350417 0.318924919384959 -0.0379006369958548 0.132650913665878
0.205951766924889 0.296967088105406 0.0475986819216404 -0.129214068213802
0.243215707616123 0.174187751125734 -0.117712900156313 -0.267217811672111
0.295502599966965 0.025432721085549 -0.254262562958045 -0.225912499655793
0.268324148128241 -0.100727329846773 -0.294418436238787 -0.0715615498303521
0.185730520214175 -0.195086080828361 -0.254777422036055 0.0334066787176521
0.0876095335872834 -0.236530173296199 -0.17328521060671 0.0828592474573903
0.0687625461089875 -0.256114098147551 -0.0607303910621132 0.103885864535323
0.0452267016535307 -0.252115244470465 0.0523360137017155 0.0733579809461753
0.0906669052142921 -0.295876718556369 0.155170358855876 0.0840610935135318
0.222916014587703 -0.27190498315984 0.222941582402789 0.125515427767938
0.316382605690071 -0.186019851361112 0.224212493317706 0.225743313910332
0.374912824351549 0.00744623699653981 0.12247018484426 0.268553856536103
0.356544392507398 0.218687704589952 0.00184380320398118 0.213496729720366
0.30015374957497 0.322485258776743 0.026213359242104 0.0913360629982106
0.150895552304432 0.357324042374443 -0.0881633451308167 -0.0223598384632084
0.240120241175108 0.358762915901232 0.00525651276466854 -0.232068437814009
0.316441860488845 0.209680256650571 -0.124797622940379 -0.30609794222901
0.366894276725588 0.0057176156339312 -0.219273322820443 -0.231893988916838
0.308807724608355 -0.138451078243493 -0.217790871289478 -0.10798309187276
0.204410784560503 -0.228366479238082 -0.188839716535046 -0.0479606843918011
0.101069004418013 -0.260909925374769 -0.136541044773154 -0.017294639210043
0.0871058337858114 -0.266347789747826 -0.03703738396875 0.00391585661859318
0.0713619308116521 -0.258699676717176 0.0685601706311563 -0.0282903831390481
0.125877876012658 -0.293837958979684 0.1758168185806 -0.0128762751539525
0.253117411146429 -0.260787448610314 0.260432848376666 0.0503197929007217
0.343640275373648 -0.168255485349778 0.254605491757976 0.194314228127745
0.395573693145792 0.0442763268072887 0.116179339805907 0.249239157071117
0.349402342319688 0.269353806443078 -0.0518077145077751 0.162017976091104
0.268369796877643 0.35427805549936 -0.0503780189716374 -0.0358606986705158
0.126415246063726 0.32969649476905 -0.149528677635197 -0.173909291000954
0.231278587762254 0.349510107379375 -0.0606136678605836 -0.313367908439213
0.325426390423224 0.200588065228814 -0.131340337969946 -0.320071382952818
0.360937903211517 -0.0169253123427058 -0.170699331044148 -0.227406870557581
0.287291421673337 -0.149584461467191 -0.134131892268893 -0.154972437600889
0.185361597345869 -0.220568283790433 -0.125647553594282 -0.138252372072764
0.0951266635306485 -0.243192174460412 -0.0988414787105302 -0.118147294313268
0.0920723979674295 -0.238500921735595 -0.0079111015434952 -0.0927834805359637
0.0905256776187899 -0.226614079949952 0.0953988646997554 -0.122088030737186
0.151415695634698 -0.246088404813287 0.204222916116611 -0.0943963069267019
0.256543180201169 -0.19971851147519 0.295715323624036 -0.00539043401375122
0.327846503969919 -0.10346889613121 0.269228763131573 0.171011014070308
0.350773998547964 0.0990198220943136 0.103256138351738 0.222531808961446
0.278543983528292 0.295700158929049 -0.0881264991112736 0.099693169129789
0.191959337385974 0.341472631097087 -0.0985485318318241 -0.158836451353693
0.0722105357859124 0.247655020459919 -0.210547334497294 -0.294160020742653
0.169733437957617 0.277298327898012 -0.127781529231904 -0.353703866091287
0.259760229467785 0.154877216651758 -0.13052983757938 -0.311584199654231
0.274476458438925 -0.0257236565892558 -0.122184719395567 -0.220034522191139
0.208900992064864 -0.119934722079316 -0.071332226994677 -0.203415304191208
0.135250044055713 -0.165198911245149 -0.0817628012395522 -0.217956402578509
0.077205599449779 -0.183719117352673 -0.0692232320404522 -0.202745707347225
0.0841837530674538 -0.175059742561806 0.0223012825531006 -0.173564913226162
0.092295159386938 -0.164919390441072 0.131219205077923 -0.193782569879732
0.147396021440599 -0.167756749299614 0.242952713333974 -0.146719011626233
0.217880819877608 -0.116111724014781 0.330165260629266 -0.0311854939723143
0.264923546448963 -0.0302119993553881 0.275059661038289 0.158702839318706
0.258773271923495 0.136451038046041 0.093058030140969 0.192991912001971
0.171241932612922 0.280789309123393 -0.0918318906492888 0.0355483624556583
0.0881653912322124 0.277957163859302 -0.106017641231124 -0.260205863833683
-0.00908740746476251 0.129990677368864 -0.254459063558253 -0.361364776379672
0.0661147283142328 0.168294575141794 -0.175364398331911 -0.350227182847111
0.135359075891816 0.095913820065135 -0.121089802831313 -0.296346165384654
0.134828638733176 -0.0112571753150341 -0.0923779828781342 -0.221012823219756
0.0974786633468304 -0.051790071565765 -0.0463237526798384 -0.239358732823171
0.0735655842963544 -0.0709204849929634 -0.0662083018831486 -0.265234978476751
0.0535093999273391 -0.0885370429924489 -0.0498067070958087 -0.253906607509496
0.0639317645840217 -0.0856636833170772 0.0474105124678533 -0.225117539633997
0.0723192055934028 -0.0823792298015359 0.166438063499028 -0.235404447202655
0.105633117067103 -0.0791753833469926 0.282994131797162 -0.170104653414667
0.137102850002332 -0.0424553562318047 0.359238498689657 -0.0330011103771109
0.167260847698533 0.014294172482279 0.279675823068908 0.156342681712233
0.14912318586587 0.130642719779222 0.0967545514010648 0.169309430278402
0.0616380398686403 0.208862127048638 -0.0635844288653534 -0.00910688470705062
-0.0108872363371094 0.168150208081694 -0.0788632232113084 -0.324072829185804
0.071601180941252 -0.0177839596659668 0.0185742613629586 0.357713651920141
0.0253055937264266 -0.0903282625685249 0.100786779308085 0.0720683240796438
-0.0470060211684414 -0.0658243816221268 -0.0415522052916019 -0.175153928373995
-0.0477573716120731 -0.00310316285399952 -0.231622367951289 -0.231434954579722
-0.0219931040092887 0.00438247694369834 -0.373211345052102 -0.0792685391231285
-0.0159947578191657 -0.00433789573467485 -0.353302380947484 0.108204908721554
-0.0262513180108927 -0.0077017735501427 -0.243361953120513 0.220514886361844
-0.023040647358944 -0.0292848186407724 -0.115211470600474 0.261209287316382
-0.0301008388142537 -0.0310977942701272 -0.0111384976278407 0.273972318604598
-0.0243175655256309 -0.0468180963740547 0.032131282856586 0.288481223386452
0.00851468975142134 -0.0423644454655339 0.0229545616587219 0.275876629601436
0.0089201711597073 -0.023544556913357 0.0353144505329685 0.263563390386012
0.0149550538339891 -0.038663694372705 0.0401195140028313 0.288064910042084
0.0769982047200422 -0.0352467789176767 0.0546134433737878 0.356209630586456
0.0932022424182471 0.0186026670048802 0.162504278628287 0.420386855273495
0.0918600808475896 0.118121500048888 -0.0140184265689925 0.335643295171187
0.0749393130892131 0.0483643907100786 0.0746649731206233 0.0475950360486548
0.0329563097857779 0.0198367036217419 -0.0620326425979171 -0.185100193813936
0.0560075658521263 0.0264246085787327 -0.231033669848304 -0.234369700257782
0.0848986637348164 -0.0107837128754286 -0.361400334139881 -0.0912767218167969
0.0705189034866998 -0.0608289265375547 -0.347394450902161 0.0829983238696151
0.0305154713215366 -0.0904541048065889 -0.245097172592612 0.188745860001153
0.0272323611031811 -0.122792216098688 -0.116939981558833 0.233414147312683
0.0140499189596996 -0.124905216939005 -0.00130451318691858 0.239703142409882
0.0421982629083609 -0.150658915400299 0.0648859002560659 0.258136321562737
0.122929380913604 -0.122566693335331 0.0766753395801635 0.263956896490738
0.156624396509745 -0.0553289824775382 0.0772418630242102 0.276493429827982
0.162548523577582 0.0205676595808125 0.0525166514467842 0.29055682061107
0.180446421602421 0.0989953727861359 0.0416230898392968 0.312813775524286
0.168182220662408 0.170556412734186 0.131918425575407 0.346552540901573
0.0964860007327278 0.240872753927802 -0.0367074839678362 0.255132331332591
0.115820146647334 0.193602291124751 0.0664088654750144 -0.0177778996003814
0.118856445053191 0.11993586592532 -0.0714641191641439 -0.221884442443107
0.168448730181117 0.0560922397091585 -0.226854737194388 -0.244597650741181
0.190506364082371 -0.0282242115079602 -0.330339255471418 -0.100338684235118
0.152148188468222 -0.112753497802674 -0.312007576445812 0.0457477884808112
0.0836807218028341 -0.162510206997339 -0.222808290093021 0.130316111939877
0.0739602534933506 -0.196886343285155 -0.102915456003437 0.172930060195456
0.0530087039761934 -0.198224709723507 0.0167971998405065 0.168984009218687
0.0931585226059029 -0.231161833436177 0.103477155443495 0.191152079907763
0.207008253559514 -0.192939933891732 0.142369710769225 0.217299820962299
0.269275264165535 -0.0996656450455952 0.135450716335485 0.271687841162838
0.288973795026551 0.0527964307895568 0.0706802567498235 0.290949615867686
0.267216211144547 0.204432815758635 0.00965153749239772 0.267467964647991
0.221583847730881 0.290474190723737 0.0766788869530269 0.234264329468924
0.0923310326722219 0.328914624566423 -0.0562970751638233 0.126519749347922
0.152964012148692 0.315203716530821 0.0594290698311235 -0.112479409902048
0.209035130423712 0.206256597849314 -0.0722204158375433 -0.268486866028785
0.278697967464037 0.0693870777286017 -0.208979305222732 -0.253364253472617
0.277362637885061 -0.055796497817871 -0.275174533501174 -0.114490060288482
0.212319544023257 -0.158673239238409 -0.251182482027765 -0.00553450168729947
0.122452816184078 -0.213478212104333 -0.180804353204292 0.0513426995764068
0.108540521033035 -0.239988075362993 -0.0751598803725741 0.0900684135073127
0.0876653906399278 -0.236702289465581 0.0408562893252208 0.0785142044343419
0.136472274926979 -0.269995086813373 0.139909800521576 0.102466243743804
0.262510681430619 -0.227288020257812 0.202954938200816 0.149661335366636
0.338958571812453 -0.12238522348305 0.188010297238166 0.252294384661149
0.367473408251094 0.0801567926784622 0.0818801857928954 0.28295837400315
0.308598549930865 0.279177108741898 -0.0349356006209326 0.217548603909903
0.231417139454069 0.365956265387595 0.0119590478773469 0.0997367990779688
0.0850792291282487 0.363122869814515 -0.0813102935596396 -0.031436216314121
0.178349692684469 0.378551087494773 0.0322984986640581 -0.217722788056024
0.274334774209877 0.253056942449864 -0.074045791371769 -0.305069792115078
0.348048692535145 0.0619226943996675 -0.172667505331626 -0.251555154698979
0.320540208918097 -0.0842286310425983 -0.195944719459248 -0.137521797882781
0.234384924057913 -0.186689440148437 -0.173787505993203 -0.0731448475064738
0.136865640995262 -0.23432844798958 -0.128018860288052 -0.0409308233677731
0.127527754746065 -0.24866577548859 -0.0356043768776543 -0.00225242962849253
0.114137904546642 -0.237486864734321 0.07308839462889 -0.0170311898262737
0.16974360423399 -0.262792572085724 0.176123782461321 0.0129177471000385
0.289732897198308 -0.210413437872867 0.253207359654388 0.0828068709004326
0.358440294865231 -0.101963099093233 0.22499598613594 0.227162594198737
0.379568824898551 0.119391395934169 0.081201136044926 0.263910413503589
0.292661257352191 0.325038235534328 -0.0804790980345191 0.158214849658718
0.196425626631841 0.391884473355223 -0.041180437414879 -0.0416330421855067
0.0666357389799632 0.33422779710224 -0.116912166640886 -0.189489568385435
0.172550248745397 0.367940113092518 -0.0188795540695956 -0.30742583391013
0.284420843668259 0.245549335037734 -0.0781678892935752 -0.318568085423637
0.344438116552188 0.0411708216985766 -0.125721645591691 -0.239304088469361
0.300270149630887 -0.0969969347012195 -0.107281284156316 -0.170468539987138
0.214349597280098 -0.180518699552698 -0.097540567290623 -0.152476186305691
0.128413607315625 -0.218384962052534 -0.0752077192647504 -0.133294167480088
0.127986820188672 -0.2195612725814 0.00854212870785884 -0.0918735453881601
0.125608183073144 -0.203360071352131 0.115188888090591 -0.103237379951776
0.185157666097679 -0.212670199218397 0.217399707903733 -0.0595589760197594
0.280947433416365 -0.150355748952324 0.296334167255183 0.0372438217320976
0.331809930748196 -0.0420313813724219 0.243721766822589 0.208612660049363
0.324762937831053 0.162318241493832 0.0716984209315465 0.236666628033631
0.218002048430946 0.33907203186291 -0.105972787895657 0.0902421952110788
0.122796306538979 0.363808338315713 -0.0665864096057517 -0.172379907598119
0.031264001045705 0.247101229015913 -0.158054841033355 -0.316812521792633
0.125470912346412 0.289329478264955 -0.0762854210267918 -0.359126870413522
0.226849445535434 0.19010987398196 -0.0773131678414719 -0.312882300548124
0.265298145746488 0.0199749373112538 -0.0795277314195515 -0.226250592925961
0.219224324094271 -0.079943039977824 -0.0369559311757569 -0.20791752076104
0.157583408755024 -0.134535517240097 -0.0437805225307982 -0.224957006017922
0.101108938595651 -0.163091061116967 -0.0324489243812546 -0.209941460102096
0.109858761585232 -0.158047682704472 0.0509668315486391 -0.164924261817945
0.117049372177117 -0.142387914084074 0.160727206654286 -0.166306959456073
0.167968462576139 -0.137705725822117 0.262409326406361 -0.1020235228358
0.228672162362863 -0.0749046580121085 0.33147757627887 0.0206255983157265
0.257556337145571 0.0178482893631069 0.250279408740792 0.201162847597705
0.225644944315435 0.182206396093508 0.0654768066138169 0.207088239199352
0.116320348007047 0.302064251553473 -0.100136680887561 0.0255041872668039
0.0329950314141026 0.284630985656843 -0.0568471216455941 -0.275134631442856
-0.0246458754626797 0.121645975862321 -0.1915408192221 -0.39040480066917
0.0428686161925199 0.169636285804759 -0.118505301546452 -0.36581230760387
0.118281536256581 0.113805758540298 -0.0693666638956167 -0.30137725175286
0.130114993600486 0.0114392051499322 -0.0508109875656072 -0.224886891940886
0.102422870855151 -0.0310523212648246 -0.00709718077425202 -0.240617646651612
0.0824140046096841 -0.053569901514504 -0.0221485354321765 -0.270186430785016
0.0637311592109091 -0.0753153914099683 -0.00467026608609442 -0.256121167110352
0.0757716591008496 -0.0737892598500738 0.0845451251587755 -0.210168021510422
0.0832539985094523 -0.0659386199663129 0.201442940250792 -0.199761904414634
0.113706785358989 -0.0591449068256822 0.303475627055824 -0.115605552060119
0.138400876349931 -0.0166836881578187 0.35690601493342 0.0263501647542533
0.15686526977759 0.0421775957078567 0.251037934150846 0.200119557862059
0.11956948595419 0.155567965902953 0.0707753785668068 0.184952490774929
0.0216392923456748 0.213324924280672 -0.0652010620145212 -0.0161546140255103
-0.0437555901958322 0.159978691753917 -0.0192910725433961 -0.332944833440063
0.0692271156701391 -0.0195984715617212 0.0328857093042127 0.347153546496981
0.0208725803528692 -0.0910356961475804 0.104303114631605 0.0645620294144424
-0.0481970838879312 -0.0630715672363174 -0.0459210732984819 -0.169372499151642
-0.0455918031959648 -0.00242177381551745 -0.235122369417422 -0.215246619952846
-0.0209791381624349 0.00411915721383792 -0.368037051605133 -0.0618692485684491
-0.0150792770413177 -0.0056980671379362 -0.338749079495718 0.121919387561733
-0.0244588457922712 -0.00745308105191852 -0.224359035905622 0.225368602507634
-0.0237424724161775 -0.028667548926394 -0.10027639660598 0.261048373280865
-0.0294566308659153 -0.0295545065517418 0.0025087385738134 0.267394810771816
-0.0252063999720285 -0.0441308524626229 0.0462121101319263 0.27954381527884
0.00721577902418285 -0.0417594748687767 0.0327925853608807 0.270358881865036
0.00885329795789955 -0.023506035866554 0.043189762443183 0.255317784046267
0.0142844461640018 -0.0376845479067533 0.0474476095343588 0.279585489426927
0.0747936773791906 -0.0382067062476828 0.0647031312466653 0.344337775876316
0.0915741859429279 0.0128262114705944 0.178099790137989 0.403386005744241
0.0941830335920462 0.111627320178152 0.00148906739192455 0.325739379979081
0.0757187453813738 0.0426189000199493 0.0792109147455662 0.0418890831666537
0.0326697319833494 0.0175389530038683 -0.0647792588009711 -0.176860159627652
0.0555677804524246 0.0221562998821702 -0.233024864881267 -0.218395548208734
0.0821282302933621 -0.0159048384971997 -0.354860850757664 -0.0733770889438188
0.0666069459096753 -0.0647760261137498 -0.333432765653343 0.095930874594543
0.0263310964780302 -0.0906266813494084 -0.227902381630803 0.195065564712682
0.0204927128213478 -0.121782026648388 -0.102072981364611 0.233070438156781
0.00868899904629875 -0.123835039590142 0.0108623836553476 0.233315449500732
0.0335955187910643 -0.148511950094592 0.0770513324773858 0.249486567913101
0.114569408198786 -0.126874023111798 0.0868063304054298 0.255860825429564
0.151345338598366 -0.0623400606030662 0.0854146264326941 0.265481810365022
0.160850276212746 0.0129673434784109 0.0591064790337183 0.281135729367229
0.181793854340557 0.0889499816844883 0.0513710137486511 0.302299917414829
0.170927706948541 0.157764362739745 0.144371150525947 0.332871883534755
0.102701338093251 0.230956968894115 -0.0244142295148097 0.248436561852908
0.12242469323686 0.183017608426876 0.0689877039149265 -0.0210574053866919
0.121216046664708 0.111805760522558 -0.075065298295417 -0.211681424633945
0.166562257602118 0.0465371993802198 -0.228336776875015 -0.229434999602207
0.183601919478411 -0.0378043519306917 -0.325338784815864 -0.0839536435148791
0.143644319581217 -0.119215178324892 -0.301403786347509 0.0568880376595601
0.0744192069202343 -0.161842720630148 -0.210066524306651 0.13699112035627
0.0609650020173693 -0.196996630655531 -0.091363323216026 0.17294160780944
0.043257336393598 -0.196515780741056 0.0250644846590951 0.164060046850076
0.0797186406263281 -0.229228040035651 0.111812248096468 0.180880776261459
0.192424401890857 -0.200201607316845 0.150207100185189 0.20638335640112
0.258688231635849 -0.110938567816559 0.143871073953202 0.258660448542497
0.285665077573142 0.0389666083395142 0.0779384224425565 0.280777390985189
0.272161555504083 0.187320533735448 0.0183846768822524 0.259845362873291
0.22751125579888 0.271914526229205 0.0858092283627141 0.226749064664389
0.10296533504408 0.316810541170462 -0.0481289544477606 0.12339866955063
0.164092220799249 0.299965288120773 0.0585319451960716 -0.113102021220203
0.212375330088193 0.193226833802349 -0.0783026149696406 -0.255969330441415
0.272663729309561 0.0543247921845453 -0.211005923931249 -0.238104620932225
0.266842823354677 -0.0682493287187682 -0.27004084611225 -0.100634042759083
0.199314952057181 -0.165957463272475 -0.243257349473189 0.00382203541709254
0.108910553230473 -0.213536519795417 -0.173526322342853 0.0579849977222683
0.0929119352262254 -0.240988786491197 -0.0675413758420175 0.0902435883535482
0.0741984477018506 -0.235973061396379 0.0442651590511561 0.0740767098145053
0.119515667515085 -0.270611916078719 0.143026093595866 0.0923284259552816
0.245227975560319 -0.236436918991356 0.205954507203909 0.137365825408818
0.325175081151185 -0.137062124294514 0.195407165698966 0.236740054618374
0.363105444458176 0.0601696139233516 0.0889838556639298 0.272115008581012
0.31712472593286 0.259422895038302 -0.02681375077786 0.211951585503408
0.240299081390549 0.34495362860468 0.0172298469089083 0.098828862118422
0.0959140966868819 0.349645149301697 -0.0785649475126727 -0.0293235392679543
0.190918792437257 0.361654392684543 0.0279354958068967 -0.214746324684869
0.27777943073131 0.234723030160661 -0.0816680015766916 -0.291030872290533
0.341072750581537 0.0446533349206863 -0.175983262932341 -0.237942899306336
0.30790700917303 -0.0984724659039516 -0.19224987494605 -0.127632610751032
0.220382931105141 -0.193180119123673 -0.171504861358583 -0.0668452815791434
0.122499722626442 -0.234033180711843 -0.127345693221681 -0.0333689424088124
0.110548473187532 -0.249163804888012 -0.0328758277081592 -0.00208004148169057
0.0992979030338788 -0.23778506037909 0.0715153225736543 -0.0211679946880832
0.151851360647825 -0.26371548490638 0.174340025693325 0.00238101661587776
0.270397429461858 -0.221435644653738 0.252122466267974 0.0688302364527681
0.345260774060425 -0.116049421773745 0.230524869373994 0.210264824213232
0.37548945154501 0.0979630706065688 0.0870488127093085 0.253223495211968
0.301907319959721 0.304324260223854 -0.0720777654407003 0.156647392598012
0.206002799283444 0.370923421503054 -0.0410180733156754 -0.0356678828378045
0.0767248239444387 0.321058801234021 -0.120456723208517 -0.181369413394693
0.185218747510131 0.351930482374815 -0.0263409285507039 -0.299216832861237
0.286162417173027 0.227265097456801 -0.0863420818031029 -0.305077843631433
0.337897132051076 0.0245924857755455 -0.129311962164076 -0.227104238577777
0.287377359044804 -0.109536140375051 -0.107780354804503 -0.164049741489475
0.200442032265465 -0.186446458392774 -0.102148545223948 -0.147226737352387
0.114568935218525 -0.217301833238633 -0.0801468087015967 -0.125477613319227
0.11299873200873 -0.220105163415531 0.00581174991316306 -0.0906246629713562
0.112274694603564 -0.204304337315711 0.107766985600639 -0.106248796244102
0.168682117954861 -0.216012539017417 0.210584831164076 -0.0691746754813397
0.264996242986516 -0.161905551275092 0.29034539318153 0.0220740617182685
0.320038470636215 -0.0573144173805116 0.247546096845148 0.19225994866847
0.323205271936447 0.142034005848149 0.077767657840044 0.22671324888689
0.22809566611723 0.320188996250033 -0.100068013599769 0.0920033497295473
0.132479917837992 0.347481903385394 -0.0717519208394663 -0.161422610777759
0.0396708770986219 0.237642180180172 -0.165586431883997 -0.302833592487456
0.135071533975024 0.27668843421466 -0.085901388223139 -0.346805666312608
0.229932581409265 0.176330786270144 -0.0866265271124786 -0.300500881640484
0.258168274500529 0.00697111371824386 -0.0832894916549345 -0.216696222823973
0.208868972285601 -0.0884675130752957 -0.040923601414329 -0.203795985101075
0.147416678227639 -0.13811033363513 -0.0538396387424793 -0.220181197862836
0.0908184086924066 -0.16234169525802 -0.0424583377836765 -0.202565422118388
0.0979709180432866 -0.160316037076693 0.0437223573407784 -0.164128341769956
0.106810659251106 -0.14477355929876 0.148820217872576 -0.169633825140767
0.156041018383258 -0.141808175398767 0.251214987996364 -0.112177445376334
0.217786431994239 -0.0840534000865054 0.324330895252364 0.00422866614833637
0.249629848173564 0.00532786589266224 0.254540310596886 0.184341986110195
0.227369893680998 0.166552524057499 0.0710486060803927 0.197687080108118
0.126514125979884 0.288609019645321 -0.0969885653085061 0.0294604854405735
0.0418530170615401 0.274194635660738 -0.0670792973960211 -0.261598173569212
-0.0197192962057241 0.118221653087808 -0.202880118275507 -0.371232464186382
0.0484200959206269 0.163353890141836 -0.12746278924528 -0.351330818186386
0.120071334337275 0.106773157166594 -0.0780837150566591 -0.290224057541813
0.126457637721706 0.00521974763456438 -0.0551675924218833 -0.21587721976284
0.097032811365207 -0.034877059032875 -0.0148316632614974 -0.236570446555391
0.0785303183831793 -0.0550614773681898 -0.0360370325602336 -0.264926243247867
0.0589648082303483 -0.075621380884474 -0.0189846675171026 -0.249063428572915
0.0692915192922701 -0.0761614164134359 0.0745024389010617 -0.209182453855449
0.0773577065164132 -0.0681583562569428 0.186872073919163 -0.204611581148667
0.106591690004884 -0.0625065677028665 0.289445958755149 -0.127684786186261
0.132306940459422 -0.0218921219597966 0.347473386647897 0.00940172674847582
0.152486236238788 0.0338059672651603 0.255370396713668 0.184074601978491
0.122493202014288 0.145367386517882 0.0751789532902425 0.175642619086623
0.0300380919126341 0.205989101037607 -0.0649580153723004 -0.0118269973363138
-0.0376837581508857 0.156763323560427 -0.0334505770380571 -0.320128969806542
0.0675286713692191 -0.0202895452009803 0.0428160003207434 0.335748031423947
0.0169669424429078 -0.0904237576321987 0.107415997425659 0.0579387293047566
-0.0487315205937317 -0.0604356140336558 -0.0471206176590279 -0.164413700806076
-0.0445727536839699 -0.00121001514189299 -0.232909335021411 -0.203146349916754
-0.0202141443630713 0.00386074627610257 -0.361358478838997 -0.0480710965450669
-0.014645148578267 -0.00719671684955616 -0.326051674239006 0.128347285491055
-0.0228168495031751 -0.00812134453070876 -0.20893919996624 0.226278374942449
-0.0244239294368042 -0.0284479815608672 -0.0880190048784465 0.257904907489326
-0.0287110879418521 -0.0292629258715589 0.0130060556590758 0.260864529460597
-0.0255250887327363 -0.0424059914734856 0.0552283944352292 0.271743932133462
0.00597961438854983 -0.0419679132780921 0.0404162153585366 0.265021161763396
0.00873116783561629 -0.023953128531872 0.0468613567550983 0.247997695050783
0.0140068617247401 -0.0367169266850591 0.0499474928080269 0.271840896376245
0.0721287165074428 -0.0403940590929273 0.0700282215030935 0.335106341370193
0.0891529015810198 0.0098832337168812 0.185279421685433 0.387475998816741
0.0942585866947478 0.10658539111758 0.0111403494165008 0.316642065593446
0.0752271446092506 0.0383438878145786 0.0825099181389177 0.0364487985459929
0.0321831641157881 0.0158639698118162 -0.0650883556337607 -0.170513261247221
0.0543281655443351 0.0189506347277945 -0.2308628363065 -0.206454558943388
0.0790056924783973 -0.0194151046149896 -0.347835153514896 -0.0605920516880463
0.0625245664182146 -0.0674268729731247 -0.321415362149995 0.102700439037747
0.0228881468719718 -0.0900353216639444 -0.213616669321227 0.197049269647811
0.0149281062387273 -0.120817615075179 -0.0909463051033991 0.230857465236894
0.00453930300315171 -0.122263200502602 0.0194464171770958 0.226967397154771
0.0289160830770517 -0.145663375208609 0.0846388927015019 0.239887798238183
0.107855355890236 -0.129115519308912 0.0924258886119257 0.248166116391448
0.146040090606559 -0.0665153506481122 0.0898983762849767 0.257005698838458
0.158493565338279 0.00834247311403651 0.0621536958653094 0.272754970229581
0.181313974031051 0.0808542743289987 0.0555681274948279 0.294498386838201
0.169859086995314 0.148146858497745 0.153082453106591 0.320805700079262
0.106040952594107 0.223060835429949 -0.0157116556628346 0.241854566784558
0.125517128017324 0.174492137808677 0.0717358653178957 -0.0250746336240997
0.120870745328965 0.105497020394975 -0.0756680001435273 -0.202628408127209
0.16289255486919 0.0390036381036685 -0.22666559369243 -0.217231681314509
0.177461247849808 -0.044753197871788 -0.317687648968947 -0.0741491408703125
0.135661516585274 -0.122726901178202 -0.290482699821221 0.063194555487134
0.0673767066347579 -0.16101158087863 -0.199251461194685 0.140217245722524
0.0514681338098574 -0.195000912969527 -0.0819762492509004 0.171189686616003
0.0353554180969679 -0.194469834604942 0.0305419942090653 0.158659071273735
0.0704754163114321 -0.22635128835441 0.116842402531577 0.17146440270985
0.180968072663894 -0.203552867914733 0.153220348266755 0.197924314448301
0.248739451211374 -0.118260251494704 0.148068057668436 0.247414388343437
0.281030402285999 0.0285019408059172 0.0800978176852313 0.271801436994357
0.272977400382199 0.174557371277493 0.0242185564859568 0.252115511840272
0.227504413754738 0.256474275404512 0.0913378885786278 0.22001787245672
0.106684457732997 0.306024544066235 -0.0422762109454939 0.120391989798316
0.170406623329163 0.287333974822002 0.0587857484375548 -0.113437682184979
0.212822542030302 0.18262235675809 -0.0788787106707957 -0.245775220025383
0.267487397397246 0.0441126303736456 -0.209113911144531 -0.226752592842805
0.257796018451102 -0.0771393358962672 -0.263310708339302 -0.092592425704287
0.188556943783668 -0.169831521871015 -0.236391886985926 0.00889625925366029
0.0992992031753679 -0.211351817130075 -0.167182021656262 0.0620516572484346
0.0805428225590057 -0.239351421058769 -0.0612515529022538 0.0893903265199817
0.0645492451780035 -0.233676121940199 0.0458373823796173 0.0702059327543311
0.10741050111521 -0.267489071061995 0.144543182101378 0.0840316377234424
0.230198002035174 -0.241700638156188 0.205990280554258 0.127000988848234
0.311642267885696 -0.144754132899592 0.19836416995243 0.223774834896313
0.357834617693147 0.0466918184879024 0.0906456603562302 0.262166644030343
0.319857475783393 0.24404186689723 -0.022085178422343 0.206849114641112
0.243049135557769 0.326863397403085 0.0211465340582224 0.0978935468168208
0.101346572526348 0.339068380473791 -0.0762488909288106 -0.0286472371542959
0.199257281512431 0.34711651445748 0.0256775592897352 -0.211377003257768
0.277380750243495 0.221840640100219 -0.0837725038564585 -0.279477541617072
0.334460006157588 0.032393492342386 -0.174776276515897 -0.226779741649119
0.296082393483008 -0.107111536547596 -0.187683777800443 -0.120885254023655
0.208353035972179 -0.196613199429509 -0.168924650059871 -0.0626171800655722
0.11168921601166 -0.231660281640802 -0.125721833210459 -0.0280869916212002
0.0979031578763681 -0.247748620212605 -0.0310153645958417 -0.00228199110120743
0.0883621164411453 -0.235295886931258 0.0696555988774941 -0.0242422187247953
0.138295684134719 -0.262463834103442 0.171580613797295 -0.00473855791420629
0.255041737396892 -0.226556255126662 0.247820015454065 0.0588142283103357
0.332447254349503 -0.126829060794377 0.231961011011175 0.197015350659465
0.37078666674303 0.0834608890109284 0.0894169106076181 0.2434758004339
0.306158472409251 0.287552668055977 -0.0677368768534927 0.153563619118683
0.209568486181733 0.353963872911977 -0.0396507453798078 -0.0307568877071441
0.0824218576455479 0.309778744332313 -0.120659474411223 -0.174637912165384
0.191912582933324 0.33732228354541 -0.0295358977188367 -0.292349470129745
0.286112298588794 0.212679707658417 -0.0897177160863605 -0.292700339207919
0.329497964488335 0.0129562349879318 -0.128579904791284 -0.218162420025976
0.27540166362962 -0.116962869795957 -0.106271658580286 -0.158937553329504
0.188679864378987 -0.188876580700132 -0.104814205487754 -0.143404130442723
0.104074711952186 -0.21528096025536 -0.0836473604311672 -0.119166007894626
0.100090377867486 -0.218892354933328 0.0041715355878038 -0.0903929526307587
0.102295294213808 -0.203310393531731 0.101779900404875 -0.10787487101308
0.155775038130573 -0.216181287730791 0.204152816156073 -0.075768208010956
0.251401828716837 -0.167693223071298 0.28475933504646 0.0108880991248762
0.308017608131274 -0.0666102062097835 0.248915791649659 0.17804870297147
0.319864873161469 0.128052723176759 0.0797909031955987 0.217509856456529
0.233794251517458 0.303807303188911 -0.0955477282557913 0.0919637714366446
0.137318733225253 0.333447602547993 -0.0734513080576565 -0.15208144154014
0.0430347156286662 0.229986702933868 -0.168349517301702 -0.291711189962847
0.140835177877906 0.265579535089223 -0.0889852102914174 -0.336002255540001
0.22882289578458 0.16535252249604 -0.0891274909211715 -0.28918536021818
0.251177023882224 -0.00137876728129441 -0.0832976256816729 -0.208138094514802
0.200121185091186 -0.0937379264341356 -0.0431848706558177 -0.200182438670547
0.139668268483758 -0.139262889854963 -0.0611060504442466 -0.214922671955107
0.0834497351137443 -0.160248899359036 -0.0501086895479036 -0.195302451243021
0.0884674507988074 -0.159572993060529 0.0388548107386852 -0.16308482531808
0.0982297066736948 -0.144127381034757 0.139886042276277 -0.171300173338526
0.145844489195392 -0.143513633933802 0.241382767056848 -0.118598611092056
0.207478236550411 -0.0891241730407267 0.315109872601724 -0.00670972139924056
0.241719921010573 -0.00345187182851419 0.254988590543312 0.170193920714027
0.226221218922059 0.154068903230328 0.0727960238215442 0.19028710919845
0.13203515749278 0.276702714798856 -0.094229389389951 0.0314093626602855
0.0472942838079657 0.265112102313709 -0.0728495321074018 -0.249986050661539
-0.0181471942694189 0.114286064141562 -0.205863869317709 -0.356100117917577
0.0519370205489928 0.157842950042082 -0.130481985984477 -0.338782064024765
0.120017797930344 0.100920181664274 -0.0826709045800006 -0.279476175766746
0.123294045280912 0.0015645602153853 -0.0568604817515223 -0.208496307329897
0.0932161657639015 -0.0370358022066054 -0.0191619330384617 -0.233130777343904
0.0751315456697163 -0.0556468803746513 -0.0459221608057694 -0.258420132543472
0.0545477641087951 -0.0746151279629323 -0.0281170782472608 -0.241234655962323
0.0634689220395288 -0.0766084132828759 0.0660749173204874 -0.208284954877924
0.0728556992691373 -0.0685291185127253 0.175578060877582 -0.205561184562217
0.100928519563863 -0.0644583082574302 0.276871491166275 -0.133331478954006
0.127202152793708 -0.0253265514714558 0.338788477611061 -0.00261203332384146
0.147799632374294 0.0288656853190986 0.255077625657681 0.17010374504872
0.12335706253575 0.137572623770877 0.0770942740246567 0.168326352092685
0.0341411885549978 0.199313765425363 -0.0649049866870811 -0.00873891495354026
-0.0338498469843367 0.153341409062167 -0.0429164278210654 -0.307506586685443
0.0667818893437679 -0.020655301802659 0.0476815468823955 0.329624746871425
0.0141296776912294 -0.0898860761464828 0.109709709913457 0.0530044239156532
-0.0492536299993045 -0.0588214713420857 -0.0459894539720625 -0.162975472502912
-0.0439141874722945 -0.00085089289020085 -0.231409669476174 -0.196903013562198
-0.0194796936596088 0.00295534186396747 -0.356488358065461 -0.040980675366556
-0.0146242873904987 -0.00822642739674325 -0.317635357231456 0.1327155609645
-0.0219020341953596 -0.00979925050099864 -0.198217083613529 0.225185132428182
-0.0242893510315777 -0.0286459845309177 -0.0813784160045859 0.255854812497596
-0.0285492290985376 -0.0295361389268736 0.0187065353445156 0.255708328713768
-0.0254329436382659 -0.0406492355590468 0.0606021358002207 0.267277992742331
0.00567498414001494 -0.0418803509280338 0.0435529795733455 0.262462266462858
0.00911885596011639 -0.0241038763104993 0.0477819926961323 0.243395647148896
0.0147111473677291 -0.0361771384159034 0.0490998036012491 0.267466936849534
0.0704796676043558 -0.0416799901441766 0.0703469986195928 0.330167493212329
0.0868864907002321 0.00804981525607517 0.190053613033498 0.376987251705203
0.0943241026354579 0.104026511058016 0.0168961771026974 0.31018781751779
0.0743671048901063 0.0358232694848732 0.0851633417615534 0.031939831361135
0.0313428373888256 0.015429991460162 -0.0638298811731014 -0.167236871451165
0.0530995645047313 0.0169365336465878 -0.228486567552287 -0.200902713466392
0.0773797582762253 -0.0215064129141013 -0.342687810788931 -0.0551886871210899
0.0595846201367831 -0.06967700633547 -0.31309870954872 0.106306548852606
0.021763843286629 -0.0910501234105851 -0.204504826239207 0.196615185352243
0.0112770606053762 -0.120849174904948 -0.0842960833785557 0.229051806117807
0.00236044707798326 -0.122031979868259 0.0246196677460174 0.222007647257499
0.0257253874189902 -0.144460077065265 0.0897757507589933 0.234663878244135
0.103970061190275 -0.130456229008538 0.0959518716035585 0.244386067924706
0.143195600741011 -0.0696098577645104 0.0909401619506158 0.250454699534136
0.157996664076719 0.00499212770628185 0.0613408567066333 0.268141238049081
0.181194577275832 0.0759191199559836 0.0562815221279818 0.289680270529121
0.168279776961797 0.142133338185896 0.155320942903934 0.313420405990422
0.106400969361222 0.218518884127407 -0.010818721562321 0.236788844363899
0.127174476236523 0.168860130038371 0.0740768363942778 -0.0272356910394862
0.12003677653959 0.101974677731734 -0.0731639095500285 -0.197729834875665
0.159881554541952 0.0352408786764872 -0.224089254693296 -0.2121818286814
0.173334081680067 -0.0486229195309285 -0.311873088908787 -0.0691050063539526
0.130846114672682 -0.125273202184634 -0.284164216786394 0.066490531931688
0.0637076031448428 -0.160792211096731 -0.192307138007324 0.14018230611525
0.0455988183779737 -0.194399308896516 -0.0768636191466068 0.169432868066195
0.0306544714248003 -0.193738040207092 0.0336559544860103 0.155003328618865
0.0649747238574842 -0.224256169891451 0.120336112832435 0.165634752723878
0.174267106831519 -0.206839604513966 0.155175707105314 0.192421523183599
0.242715071687397 -0.122591402550305 0.148645336111536 0.240838018191007
0.279026894000629 0.0224845660448484 0.0793606719505655 0.266076091713149
0.273915443273026 0.16649160494137 0.0249528194021065 0.248550718836071
0.226016765827154 0.247683123897822 0.0954903164102187 0.215759012811996
0.107503094021958 0.300526416422784 -0.0387484495050801 0.117324400556516
0.173228427033185 0.279720794590128 0.0608964635169251 -0.114855498815763
0.211921174277027 0.176820077805758 -0.0772173399211776 -0.239750562563236
0.263582583474872 0.038461462716367 -0.206842643604488 -0.221147552154795
0.251836377911392 -0.0826068074003967 -0.258478114405593 -0.0887962633857284
0.182656540968609 -0.172919048353597 -0.232455912374959 0.0108419148422328
0.093842086637272 -0.210305877403562 -0.16324182122968 0.0641798009627329
0.0725815797826687 -0.238064750076594 -0.0582901422603883 0.0881126955815128
0.0583703278928735 -0.232743796489558 0.0472931427074082 0.0676401326610439
0.0998828983661601 -0.265796534480444 0.145809630024825 0.0778212093203289
0.220508139056949 -0.245192977942726 0.205511134025296 0.121315312867565
0.303107729932722 -0.151286156908299 0.199705887060315 0.21602303980798
0.353878541375191 0.0392265566025979 0.0897440528016773 0.257054687980962
0.320475047732347 0.233881966193731 -0.0198821545589514 0.20408813364336
0.242840871465204 0.317386483366303 0.0239131030780488 0.0973811260924373
0.102090338996759 0.331714160058664 -0.074302021581774 -0.0287095168341939
0.202364866291319 0.338174177333057 0.0268240917447106 -0.210540091273966
0.27689390133078 0.213790083570989 -0.0818781946631878 -0.272289621789882
0.328295230434774 0.0258512721853212 -0.172096611921986 -0.222049831263055
0.289524700323459 -0.112193314986727 -0.183424194384063 -0.119349883361006
0.201083133155396 -0.198701587223979 -0.167308414062196 -0.061156683676031
0.105616107312449 -0.230823423254831 -0.124914603847482 -0.0248579699170213
0.0890791796186526 -0.246109129771441 -0.0301005806519102 -0.00326765346591467
0.0816822212495124 -0.235267139366205 0.0684460870958728 -0.0259805167390421
0.130708909454556 -0.261142005302401 0.170161612609834 -0.0096898571044752
0.245527538221725 -0.231107655226016 0.24624232009766 0.0527170790880495
0.32264956596147 -0.131988784552324 0.233102709776403 0.18830647334553
0.366023062881611 0.0724836240362316 0.0886313200839157 0.237968966960264
0.307682291650603 0.277271615673313 -0.0646084871551141 0.15184842067411
0.208748025529464 0.344295068447153 -0.0380957043678655 -0.0276303886542828
0.0833913696944731 0.304204576490129 -0.119960823183835 -0.172318838741773
0.196088396373104 0.32895629336422 -0.0289919378649633 -0.289248690914879
0.285391540368812 0.205946288252812 -0.0877899033704145 -0.285541363097165
0.324393915664884 0.00584464069780507 -0.125966383455558 -0.212643423975836
0.268460122780391 -0.12104305470195 -0.103923120589756 -0.158557554456303
0.182695745727122 -0.190475049885255 -0.106661732634172 -0.141171127650347
0.0985300589300369 -0.21329267676538 -0.0858457212472066 -0.114693766381923
0.0921506517041311 -0.217579400340064 0.00320940108609356 -0.0910553639961865
0.0958994337655287 -0.202171303021538 0.0985098093693836 -0.109887316139627
0.149176647140508 -0.215911042025459 0.199890030542321 -0.0801159738782264
0.242315710333658 -0.171338302698838 0.280187061513417 0.00538130742603662
0.300422833006534 -0.0721653228247893 0.249351569674217 0.169555260294937
0.316406672107696 0.118575196913808 0.0785440837752439 0.212319137358518
0.237033327492544 0.295347215851707 -0.0936119569530694 0.0913566532210481
0.137580540510958 0.324593882763523 -0.0740574345292842 -0.145827334134447
0.0432343381200911 0.225026988596605 -0.167894395236238 -0.285415381530077
0.143497084217702 0.258618262184451 -0.0884979229285159 -0.331008379090635
0.228227332702714 0.159002620488467 -0.088506090033704 -0.281972758305084
0.247024786234826 -0.00625085601737594 -0.081654616066668 -0.203801566190613
0.194640947677014 -0.096696487062009 -0.0431532920415473 -0.199583829451371
0.135280663555699 -0.139998795471538 -0.0654485089081539 -0.212109309263759
0.0789490495974066 -0.158898389295816 -0.0542736613890177 -0.190060557817594
0.0822780462508284 -0.158692579239524 0.0356126325061354 -0.162725775442494
0.0932903184980785 -0.143761713276779 0.134523773695855 -0.17255740469867
0.140204855712127 -0.143784865104234 0.234891627131649 -0.122286756543145
0.200942750399822 -0.0918276146215245 0.31078654323419 -0.0128367854617545
0.235714689951518 -0.00770263768185443 0.254485949731835 0.161892837582235
0.224597660650519 0.146713853476297 0.0720025418545632 0.18461607550121
0.134711039414503 0.269037459445391 -0.0923690982563397 0.0330577641639082
0.0484487925870163 0.259034909549017 -0.0750422720185678 -0.241063849920568
-0.0175433837827127 0.112029820089574 -0.20541179822586 -0.34947130360275
0.0536499046013021 0.154092118452311 -0.130135163122944 -0.33259948068538
0.120539546856075 0.096847676470364 -0.0836433042028167 -0.273395541983816
0.121670610737812 -0.00117581876066419 -0.0551616167482385 -0.204318406113683
0.0908384393445196 -0.038440999314276 -0.0210182482476966 -0.232172077038606
0.0736715524478585 -0.056051914812245 -0.0518765635676384 -0.254381028045766
0.0526280809291226 -0.0734308201806321 -0.034318281778856 -0.236778050810664
0.0596772807611449 -0.0765742343463428 0.0615416062114107 -0.208157335118104
0.069648580847552 -0.0686469959108535 0.168550994538346 -0.206791969914398
0.0972418196433843 -0.0650606099181997 0.269716614246307 -0.137219563043393
0.123695143843987 -0.0258151979563516 0.332209131832784 -0.00900876587422677
0.144555368897669 0.0261420251725144 0.253708678025387 0.162317802413484
0.123458313787442 0.13280994201087 0.0768882261162644 0.16318057065112
0.03664916091875 0.194450837598065 -0.0641010608230287 -0.00680561057719739
-0.0330541741807924 0.151846480955914 -0.0469900568975516 -0.298695888548434
0.067332283069596 -0.0208720315906919 0.0527423490129582 0.331092940055633
0.0121372867614364 -0.0906599750981214 0.113708618836608 0.0495530816292485
-0.0503637215501162 -0.0578360732289468 -0.0467885236225827 -0.164612947388105
-0.0442214136812374 -0.000634404675656985 -0.233968260553926 -0.196484727624711
-0.0197013074402627 0.00269385520702667 -0.359741500855011 -0.036551993689227
-0.0156796172916397 -0.0102699410380574 -0.31599320824993 0.137960667570455
-0.0221305411830927 -0.0113887920297679 -0.193689363773976 0.226800808813391
-0.0249541771933471 -0.0292533512890939 -0.0767634748581163 0.259153047893041
-0.0290300674458964 -0.0305018963411234 0.0232643838744554 0.256897115663495
-0.0258198215099394 -0.0404203458723215 0.0661083141123758 0.268188477284471
0.00575330855354328 -0.0429821688262378 0.0484193717638186 0.265426688808641
0.00936159575120571 -0.0249058584737663 0.0483882945601719 0.244436491859926
0.0162307692415329 -0.0365091697627136 0.0484196864869634 0.269655125190766
0.0709560840342668 -0.044262672200536 0.0713846738317035 0.333562030788493
0.0864161449388498 0.00650099608430182 0.195409589539575 0.376444870587241
0.0952039082329516 0.104957520683754 0.0212266503087488 0.311737586643393
0.0751864439964232 0.0345936973251251 0.0892297944610086 0.0289290578179633
0.0311006181840685 0.0152974938471472 -0.0628567754201515 -0.168015703888771
0.0532052022699141 0.0161330190279422 -0.230741057200128 -0.201289989580175
0.0764727000469183 -0.024026687739859 -0.344590443368915 -0.0518306750155463
0.0585262460552502 -0.0724334523293049 -0.312048563217717 0.111061254370162
0.0205325734367675 -0.0934980415872491 -0.201049411818625 0.199601742248076
0.00815487390443205 -0.12277597834113 -0.0804930488344556 0.231369106175203
0.000519946556638945 -0.123952619185873 0.0291161381687145 0.222128273600773
0.0242489944840466 -0.145813180460146 0.0957173532335096 0.233993068020084
0.102703457691805 -0.134656964443721 0.0998276896961489 0.245932597656271
0.14317128180653 -0.0728085260851138 0.0933293229643004 0.250218093373334
0.160395551062392 0.00255739213297146 0.060235134980585 0.270137782615
0.184924214157362 0.0732248761575251 0.0575428380070109 0.292483045964591
0.168929307545914 0.140785503728275 0.161652763524937 0.314207218033316
0.10827810312043 0.219026319751373 -0.00701726374731323 0.23661544254746
0.130677317582774 0.167968377099822 0.0773981478394185 -0.0312992935516863
0.121251877117153 0.101844763534804 -0.0716552957976903 -0.19803889816116
0.160985003174752 0.0327560397037713 -0.225997762270439 -0.212860275963108
0.173255938336729 -0.0527733179753936 -0.313570997787019 -0.0669964927336691
0.128697281371149 -0.130044774357827 -0.283689515643572 0.0695511256402565
0.0618401810177527 -0.164157092142833 -0.190678731641363 0.143563662484476
0.0409805484980487 -0.196890571125871 -0.0739984471086909 0.170812783766825
0.027398704944465 -0.196604508624842 0.0377171337884561 0.154391663989854
0.0617856280335666 -0.227351357494199 0.124523299204219 0.163795143257487
0.170764367665641 -0.212581553732877 0.159161759895221 0.191889983720168
0.242061362509916 -0.128507677343015 0.15160760608508 0.238823321009816
0.282190208687317 0.0184430110738519 0.0785707073931456 0.267720094684949
0.279661755708711 0.163175101917917 0.025849190686069 0.249592164384066
0.228521858265529 0.246332530976334 0.0995433120357738 0.216217930830087
0.109929653152084 0.301525184013829 -0.0365899222290496 0.116589446381937
0.179944632193885 0.278697926907643 0.0638460641234143 -0.118931040504764
0.214882508445829 0.175806748823756 -0.0756249434928731 -0.238603492817872
0.265226039663233 0.0353689038796083 -0.208098559135272 -0.222132680930277
0.2510558741058 -0.0882195579216468 -0.258994019361192 -0.0890101178553882
0.179983838753629 -0.178883981726897 -0.23276208245852 0.012098832336002
0.0909702384368015 -0.21364480336988 -0.163809103161503 0.0674238103284147
0.0670085648260366 -0.241076672665459 -0.0567979518524306 0.0882692739199414
0.0545383698807588 -0.236298947238704 0.0492753383135382 0.0654561273773728
0.0957790912773585 -0.270007717423278 0.149081622158859 0.0740820217008508
0.216676689000121 -0.252147788612005 0.209301574424658 0.118883058728556
0.30164521675586 -0.157962991783038 0.202366205740133 0.213105224241486
0.357292163604805 0.0311504937791286 0.0895685936507178 0.258460764044278
0.327797734829794 0.229418948113285 -0.0195066473288753 0.205170586541018
0.243718513062128 0.315825315277404 0.0272523976179867 0.0992363599301229
0.102864194353997 0.333286634497247 -0.0735039535124997 -0.0300616818296088
0.209561758799157 0.337056893524182 0.0280996799988282 -0.215294354317193
0.281314730108168 0.212447915116837 -0.0804260956216389 -0.271558506635052
0.330049148906371 0.0209899339585002 -0.172456844186508 -0.222426115112985
0.288751444717622 -0.118666076095401 -0.183751267571627 -0.12032708137641
0.198972954492103 -0.205056941959056 -0.169563688713613 -0.0614181261048213
0.103110836551383 -0.233323325148603 -0.126797688056037 -0.0220266860424509
0.083617164811439 -0.248922507699633 -0.0299007616201656 -0.00496976499841247
0.0779076454328257 -0.238083512863026 0.0691572896779329 -0.0286830837554005
0.12729677497872 -0.265346485601094 0.171386421249585 -0.014462982716947
0.24168273130757 -0.238611719736021 0.24883895674632 0.0490921191684756
0.321271165468184 -0.138368779843142 0.237129471004152 0.184734266435956
0.369792826108786 0.0662549020315296 0.0880419967576522 0.239208959736519
0.315777585441687 0.274221937847195 -0.0654744218874282 0.152846787706323
0.212253538573771 0.342967441637324 -0.0373110981814579 -0.0252157403587642
0.0842739751044982 0.30592170856006 -0.120801474922499 -0.173776422409342
0.202222428831568 0.32805815329694 -0.0292878477918549 -0.293350909234502
0.290537198732622 0.202833785393858 -0.0870591093282247 -0.283846128018663
0.325276757073202 0.000729463703859905 -0.125251573941863 -0.21303516261881
0.268224250442736 -0.127591380277514 -0.103681364887134 -0.161294569213167
0.181569084145529 -0.196114071086142 -0.110337745087531 -0.142328235169971
0.0964667972363007 -0.215454048696781 -0.0890430133061627 -0.112446156258468
0.0876352296911545 -0.220441194947403 0.00213926454739158 -0.0936929360353277
0.0925173578135455 -0.205135530226297 0.0982112240401652 -0.113249265388786
0.145677411249896 -0.219842479568745 0.199920912160554 -0.0856399242028627
0.239213428784752 -0.17666436776445 0.281991765885203 0.000636928592591751
0.29881126135875 -0.0777596690905753 0.253779096325327 0.164776847377957
0.319453012366011 0.114842396921565 0.0784712784204591 0.212430480656454
0.242699569462052 0.292836317746231 -0.0940518297466991 0.0930575394924688
0.138377428810968 0.323522710581852 -0.0752622048217786 -0.14276937066183
0.0436795773555087 0.225694336035325 -0.170131802899935 -0.287073771377343
0.148571803434501 0.257481189093033 -0.0900140411598708 -0.334655134679515
0.231959319311168 0.156941539988688 -0.0884690447032016 -0.280704112670276
0.247903719746503 -0.00993914448189537 -0.0805221153926597 -0.203955710362077
0.193456236101955 -0.10132641382191 -0.0439571197140781 -0.202841991232522
0.13363831135148 -0.143633244868867 -0.0705517022247243 -0.213710682419727
0.0767897933135789 -0.160281407515817 -0.058907826402678 -0.189042297601986
0.0785191724747257 -0.160535206483536 0.0335408079589339 -0.166810002767267
0.0905783810240742 -0.145802465376897 0.132483129827404 -0.176742211142055
0.137979708967468 -0.146704101468739 0.234226132065824 -0.127821102028405
0.198829041547971 -0.0953779126676019 0.310884611088306 -0.0183694944389724
0.234883121394323 -0.011213777702078 0.258462847047515 0.157671613030938
0.226495520977762 0.143331756103328 0.0726933537319797 0.184352543578995
0.139303089670463 0.268254087350696 -0.0931688823310348 0.0342111618925527
0.0491536620198733 0.259694095747637 -0.0783109676339165 -0.238218381552923
-0.0181737685856739 0.112685272611837 -0.20837293559681 -0.349289204626711
0.0563341724781853 0.15402221730064 -0.1321017474937 -0.334164755492911
0.122799625184655 0.0957386931484382 -0.0842106391518402 -0.273130726587287
0.121789976935003 -0.00308186010986044 -0.0537945059216527 -0.204663792842954
0.0901514527374291 -0.0399541966685396 -0.0224312713370646 -0.234831278912966
0.0736748142372274 -0.0574869725271091 -0.0584794191483549 -0.255617118227048
0.05211255471899 -0.0744136183345101 -0.0398719644527874 -0.235943710543547
0.0575837579243492 -0.0777332160743596 0.0586772555207507 -0.211866369154041
0.0684946102980946 -0.0699639669912449 0.16596895020552 -0.210781229619533
0.0956947495308945 -0.0669811593644335 0.267649303312206 -0.141868983822086
0.123563708062388 -0.0271850564734413 0.332145158393297 -0.0143627324651251
0.143973823183961 0.0250409233793318 0.258152357322809 0.158449911498895
0.124739505903803 0.131023188856201 0.0769160167002851 0.162564067404718
0.0387493841638854 0.194308844854969 -0.0658199858080715 -0.00588776408586133
-0.0321662621036434 0.152943282598526 -0.0516524489115925 -0.296475730348268
0.0460435457143841 -0.0547448863862782 0.24812517624832 0.226200108350225
-0.0441503818343437 -0.0794068411333002 0.120386979063836 -0.0376425604345506
-0.0762673722912093 -0.0162408521231886 -0.142625634933397 -0.105721673243765
-0.0373422539630872 0.0263663052747927 -0.315311821473307 -0.010883060021101
-0.013605953018107 0.0153074758889914 -0.309332367585649 0.196908248346241
-0.0185724536455032 0.0015072742630235 -0.165705829931678 0.309176889057698
-0.0232105578513944 0.00312884950254638 -0.0108206621335112 0.305233412425892
-0.0394312066837592 -0.00781954421875435 0.10330831292718 0.255449893810616
-0.0420482317331363 -0.00608345803444701 0.182748041634959 0.189166528017297
-0.044788461127842 -0.0166549612693523 0.225613223776382 0.174843532962156
-0.0200530915509777 -0.0385675044290795 0.208944752472 0.183423462308334
-0.00521791081534503 -0.026877997346049 0.192379105563861 0.168563670042514
-0.00562416479709262 -0.0400986929824321 0.2099915421104 0.189091921899842
0.0324818815667219 -0.0816632033897898 0.278243126038643 0.226479160931481
0.0784060009706996 -0.0449500329896401 0.40563756126532 0.181364641769499
0.141157811855183 0.0325782643921794 0.218046551316304 0.226332289182126
0.0799965074713265 -0.0177822519759174 0.0930328293398272 -0.0387966578257148
0.032863022926985 -0.00566112198601625 -0.152215586397454 -0.100677290484476
0.049463405822799 -0.0169543376632451 -0.312474156295223 -0.0211949777848908
0.0463105278789251 -0.0645642119727028 -0.307080719543022 0.17168666361071
0.00154440451147713 -0.0933891012089792 -0.179271400520387 0.281362952064141
-0.0407000251396067 -0.0878884711507608 -0.0354301471815527 0.286846211824732
-0.0718473558533018 -0.103956657597736 0.0828662457716496 0.23540078566049
-0.0785168233659069 -0.100757029506801 0.166790738141893 0.158428762441735
-0.0731495665104503 -0.134708296026356 0.227921740128204 0.12817560646575
-0.00191729059913683 -0.176510063054646 0.235735211406788 0.133383886740925
0.0743268130668941 -0.152416544151497 0.231462861799247 0.144973365274818
0.14164838644318 -0.103352537395018 0.217854782475841 0.181237315429536
0.203785611305946 -0.0595312975450021 0.236820672744305 0.204955247389924
0.234562516325224 0.00987415062191036 0.32940598603602 0.151361138764346
0.218093994147878 0.121213108218538 0.156776760123085 0.182154110092286
0.202777066624118 0.0551956840083806 0.0518529329524137 -0.0776571625641653
0.156937622721588 0.0103534786121328 -0.170626248547014 -0.121250958277498
0.145029298854362 -0.0671787140904672 -0.311361169656303 -0.03765254806137
0.105072809370377 -0.145548081676241 -0.29163325805224 0.137006413421453
0.0220915195166881 -0.182906449240374 -0.181488891391278 0.227774169873172
-0.0514951804091438 -0.16888358105395 -0.0626779151657197 0.234485308645852
-0.093044054230602 -0.183987439107472 0.0491159599073093 0.18322808315985
-0.102784449607229 -0.177417455388473 0.130299261205345 0.0988977075284803
-0.0953562200090993 -0.225391909581363 0.205386174270298 0.0520278066559548
0.00286427596669977 -0.285696465395837 0.247448486284417 0.0525412811496138
0.120383628707277 -0.2615806389825 0.270920483773804 0.0979157377004326
0.252573441543389 -0.170707683933246 0.230041585268401 0.168457988267436
0.34163639931375 -0.048825441735075 0.180240022784112 0.194834027056174
0.352516957401911 0.0577024601355467 0.209083998929367 0.113685875560963
0.267423876690259 0.187685925192499 0.0630749303650007 0.102906316843586
0.307312449072573 0.114270345558926 -0.00961286598999882 -0.137143022850907
0.27761743836388 0.0134764393608098 -0.192695986521724 -0.15441302238303
0.228699338956067 -0.127096007916046 -0.300152921690242 -0.0615200494506146
0.145981858294573 -0.221320379773641 -0.261403878738528 0.0826492420651506
0.0333349363552621 -0.253613136002388 -0.176923971703212 0.147884456271599
-0.059307213616186 -0.226041806325206 -0.0910393260177168 0.15585897122751
-0.0996421668745194 -0.236035653834504 0.00998141479199813 0.106147190778087
-0.106200432706988 -0.226840790066107 0.083457504159721 0.0202146739874547
-0.0955525692970054 -0.282400617745575 0.167578073114453 -0.0353574372248994
0.0142288882772045 -0.347319417488351 0.239422066514249 -0.0380448268495451
0.150676970498547 -0.323987766217796 0.295571424959867 0.0436615788173628
0.325130239353323 -0.208325307282378 0.2319213962052 0.1533400806366
0.424704996732034 -0.0258136661924324 0.111471632393417 0.189943906779545
0.409812730829791 0.102528913442025 0.0693120231105115 0.0668936190221415
0.278460247003955 0.218390723587663 -0.0563335711431962 0.00870776708362197
0.365025058427908 0.143165282856984 -0.0951590534278228 -0.191513315401595
0.354000973388705 0.00223963721794791 -0.213771355799247 -0.179524710957025
0.272503165704085 -0.177092785901131 -0.269432406642517 -0.087823564673934
0.157024145542497 -0.268737121025757 -0.221207648305061 0.00865812696469522
0.0315774153274289 -0.286018534433563 -0.172846322270819 0.0489726716042894
-0.0619881784132338 -0.248417272686517 -0.118400616898596 0.0603261562049473
-0.0913208020851595 -0.252614318851238 -0.027112719058661 0.0145408284302094
-0.0884482959778139 -0.243926942371546 0.0391660630054007 -0.0680063678618735
-0.0679993230269184 -0.298091203998558 0.12873474865537 -0.121127052763687
0.0438895622891915 -0.352523416256606 0.224993522290584 -0.118720967446721
0.177724253289621 -0.320235010738644 0.30540688504888 -0.00219852330584074
0.355990276680571 -0.187698355760333 0.218214527208664 0.137629852882118
0.442134470804869 0.0191315487008625 0.0396033382681349 0.177032396582603
0.400686636968397 0.143413397901878 -0.0647941846847781 0.00657796448402837
0.245024301478461 0.20540047181457 -0.185989865039573 -0.0760662788385664
0.352169139996794 0.139453726256243 -0.190468062263247 -0.218145139569441
0.353621157756119 -0.0110920474487978 -0.226321142875726 -0.186395239527497
0.257234127404282 -0.190048477649026 -0.226042246087238 -0.110265317199568
0.135507049789472 -0.263153659820563 -0.183523315452869 -0.074046877694991
0.0235046927235846 -0.266955403182004 -0.17729748865649 -0.0518653444357014
-0.0570665328808958 -0.229175977513958 -0.145722914301003 -0.0357134086117229
-0.0699217412324098 -0.231871408055019 -0.0581098713554537 -0.0766491198543206
-0.0561170944007119 -0.226339392133783 0.00785429953140029 -0.153827291783172
-0.0238635906934854 -0.272854172556278 0.107071503387578 -0.196183513987264
0.0818281329432952 -0.300523603779745 0.22178051743279 -0.179983517769784
0.198879965655697 -0.254543906027123 0.306941037618384 -0.028736714356792
0.346024942609048 -0.114810241855008 0.19378545431843 0.120927236671657
0.392627212109258 0.0829394691374158 -0.023969729656202 0.145444008955904
0.326335927982491 0.176189156361925 -0.169960019770219 -0.0667686797727493
0.164548404644897 0.161745785766504 -0.300725040692839 -0.131589632941784
0.267318884296992 0.116756035232883 -0.268518396716647 -0.212333501874941
0.278984811117565 -0.0138798388221943 -0.230003138656644 -0.180923243022021
0.189101317431511 -0.154481136378254 -0.184296795102771 -0.128034559355492
0.0914387800202763 -0.196895758812279 -0.162420787227291 -0.143254892528834
0.0173337870150197 -0.196557730439189 -0.191044972092444 -0.13148920549806
-0.0384164013966249 -0.173542979266929 -0.168999793818199 -0.116126008705411
-0.0395559908252813 -0.178184726340323 -0.0789704196501083 -0.155027538897434
-0.0200697644115844 -0.177403581444037 -0.00535622482204407 -0.225909795650534
0.0163887299080953 -0.20848276320765 0.108129877553316 -0.251253085456598
0.102163534837888 -0.207988654711919 0.233822746084453 -0.212982927577328
0.187700139609432 -0.158947221242774 0.306035042753143 -0.0386805479773623
0.285846658322214 -0.0278324324845484 0.171732949859088 0.101270549147408
0.289910400292349 0.130160753834483 -0.0610597222816756 0.0947235281127007
0.209066176403829 0.18108389717125 -0.229985412669256 -0.144319829896118
0.0469236426160208 0.103939368336453 -0.377103362406221 -0.150676521085926
0.132853335594366 0.0889846991128904 -0.308227247744501 -0.185417547695941
0.153702189320714 0.00180358635844913 -0.227921941044629 -0.173647323527482
0.0934192488900493 -0.074164803032078 -0.166642763706571 -0.140118403002295
0.0463062467879216 -0.0852120784080158 -0.165546090585332 -0.179414034435066
0.0227615395259244 -0.090447033883646 -0.207475581158658 -0.169081727267204
-0.00506787950178577 -0.0897740443704129 -0.18395718265937 -0.165548884904152
-0.00366725229962765 -0.0981828848870957 -0.0873349415063225 -0.20769621051952
0.0106958066312491 -0.101696489857954 -0.00161955749661009 -0.27462289389399
0.0344142899717144 -0.116354741913716 0.126459963835841 -0.283826294612195
0.084839647380104 -0.102889067378855 0.254736402934036 -0.221798095875899
0.13645423489408 -0.0714099250507621 0.306479293069784 -0.038621609291695
0.19270511755553 0.0290936109640921 0.163334406868845 0.0803670174436455
0.157726487621451 0.135285310210681 -0.0626101850646316 0.041426600777822
0.0728444666872344 0.145524531990976 -0.241171389697394 -0.209621382688613
0.0448442137750376 -0.0594488672119082 0.268808150967129 0.219033985004122
-0.0497240159819175 -0.0789515009073895 0.121777743122267 -0.0495318767578051
-0.0785190838553235 -0.0126586853986861 -0.15199087154509 -0.103152281770259
-0.0366753576215871 0.0292739735736346 -0.325163125990451 0.00428120035371944
-0.0137733417171442 0.0163758748012861 -0.308024105734111 0.218701007870007
-0.0203836837381415 0.0031848635762613 -0.153707954303434 0.325989739293524
-0.0253183812860742 0.00343122772875199 0.0050656829025849 0.311385138436166
-0.0422087744631627 -0.00619155408155291 0.121464343311368 0.256862463873955
-0.0437815929173582 -0.00463084336781907 0.199924920083577 0.183794614393954
-0.0465436675298115 -0.0158722698643158 0.243441042441905 0.167306325040241
-0.0225441835701838 -0.0396858945212647 0.226292676759177 0.178985250191711
-0.00619324087964546 -0.0279426104748401 0.204813150402748 0.16572704027668
-0.00737161993695342 -0.0422036335604531 0.224097557945387 0.188520097838297
0.0275090676560731 -0.0856496651194553 0.298765961833692 0.221613312028985
0.0780500800899172 -0.0489132842142688 0.425091962770487 0.164009395258114
0.148148384174416 0.0273691209130629 0.237048424079331 0.220035495317593
0.0809537610613423 -0.022772362782636 0.0939601833537041 -0.0480885437083302
0.0344911674843053 -0.00645982442519768 -0.159653013431883 -0.0983140892052743
0.0500575786600038 -0.0200442447922093 -0.3239770781113 -0.00671895211120913
0.0431815128903113 -0.0693265185363949 -0.307294159034383 0.193391867002191
-0.00551992466973331 -0.0964808115453696 -0.168770771868237 0.297779437098525
-0.0478832404538994 -0.088360668896516 -0.020371563623438 0.294878937541371
-0.0815810567515259 -0.10305284207927 0.0980550352183116 0.236925252582286
-0.0873139203545408 -0.0997453372138939 0.180195433320924 0.152985944514971
-0.0824080017295253 -0.135250698438059 0.242049375289617 0.118241010840732
-0.0121785074286258 -0.183364331437154 0.252233975056068 0.125803696236289
0.0683189412315533 -0.161947336444459 0.243509452068738 0.138109356662246
0.140171375603086 -0.114793906446755 0.232900338281326 0.180136992547522
0.20681500059578 -0.0733030269178422 0.25417223663393 0.201407955825282
0.241397276970811 -0.000109171922715368 0.346427732486231 0.137605319784717
0.231209674591933 0.115378152379482 0.170389424446592 0.177621675446702
0.211954026267475 0.0451283132185356 0.0500309666909558 -0.0864935054580723
0.163730106210972 0.00321951193240392 -0.179526366023666 -0.119564283680312
0.145415917699666 -0.0771352821807883 -0.324123771211134 -0.0248162381864008
0.0984965756994047 -0.156533925342827 -0.294042771776144 0.155057160624597
0.0106461531812859 -0.190049925492766 -0.175834118832043 0.242820736079236
-0.0635461838890489 -0.171204619048298 -0.0517593958159463 0.244441185057696
-0.108201186459627 -0.184163034139443 0.0601104901230231 0.185325319898037
-0.11710229280039 -0.177353371510779 0.139298659611029 0.0932417240504578
-0.111124056714216 -0.227624609691923 0.214552596365775 0.0405353433566354
-0.0145142791269538 -0.296174589516537 0.259199443412989 0.0410007709176249
0.108500643425958 -0.277145639358852 0.282922109229747 0.0873684750085114
0.251562059375275 -0.19165311249394 0.244521876626164 0.165877657554571
0.349933382761672 -0.0706544444573834 0.195636217530815 0.193004349722961
0.364175238033241 0.0419783909343807 0.222852058334937 0.105755278207314
0.28530937169354 0.18283443789108 0.0693813172973154 0.100142851550571
0.323350200114659 0.100358982479357 -0.0171157928449799 -0.145298885583242
0.287253451244202 5.63157475645974E-05 -0.202728427929557 -0.152535667100647
0.228327011905665 -0.14321464283701 -0.312994403820403 -0.0501189560309076
0.136744141628698 -0.237039163415684 -0.26599649883961 0.0969583432860559
0.0179542858213637 -0.263390300520708 -0.175143569325541 0.160841769946582
-0.074548483295906 -0.230966736975885 -0.0840159277463138 0.165862356730689
-0.117474938265695 -0.236828777607951 0.0155262783154075 0.108088803617223
-0.122990125068186 -0.227768700978571 0.0860923714718045 0.0144631848119574
-0.115454223586174 -0.286338960060863 0.169787491812766 -0.0472954956587698
-0.00705655283985212 -0.360225738734372 0.245971737424833 -0.051952917438594
0.135968381442731 -0.342263018791033 0.305851744095501 0.0287341851281743
0.324202232173913 -0.234174341437968 0.245332566540302 0.149866819054418
0.438385897022848 -0.0520941577756579 0.123864167099524 0.191300517599586
0.425371417750805 0.0855401678913491 0.0771110957455412 0.064448409913018
0.297914335965757 0.213703909566692 -0.0591990329141021 0.0089899171370645
0.384883741798288 0.126734147488837 -0.108624070776843 -0.195771647206151
0.364822376427063 -0.0149847101749399 -0.224675124275744 -0.177803556058551
0.270581885931053 -0.197319340107985 -0.281393963626625 -0.078640797186117
0.144833412480267 -0.286174268554164 -0.228197134882392 0.0181103537607124
0.014767696211052 -0.297883237433799 -0.177436545389266 0.0588242482933147
-0.0779894804782086 -0.253437162296018 -0.117633031516276 0.0701984009463664
-0.109582458591374 -0.255023973013399 -0.028331479228165 0.0158953115266923
-0.105433504947763 -0.245790806177946 0.0349757472835491 -0.0737425980989017
-0.0878787774188453 -0.3036821860015 0.124695714437467 -0.133913229604485
0.022979394390964 -0.365890212160052 0.226059221953558 -0.135812810915431
0.163960637913552 -0.33875561834016 0.313166936560997 -0.0199189751594553
0.357727547224937 -0.212675016229237 0.230218138942661 0.133494593100344
0.45697225573876 -0.00504075545545919 0.0485912160425175 0.182116207775114
0.417004810538632 0.129563888810226 -0.0643192180504497 0.0101420156988631
0.262110382075228 0.202640686143855 -0.195980057175558 -0.0709189962125382
0.370687953204461 0.123023170605219 -0.208741008175929 -0.217556774923499
0.364634788392527 -0.0300821178366417 -0.238881474896824 -0.183420113503248
0.254300886067262 -0.21062353708076 -0.236598586524549 -0.104095003231308
0.122724816921044 -0.279555752447565 -0.193199803927642 -0.069718436354526
0.00716715432925744 -0.278033326588793 -0.187790266477384 -0.0448798937413946
-0.0717432008536467 -0.233748048883964 -0.150772369296833 -0.0274089279803322
-0.0857848405151032 -0.234768019983073 -0.0655097451355986 -0.0772393667209407
-0.0708147796241129 -0.229799547618561 -0.00206115628436517 -0.159781210614438
-0.0418036115704245 -0.279804007271631 0.0977161714197633 -0.208876742656343
0.065402937074743 -0.314017572456539 0.218828665484373 -0.197085543330771
0.188012850456476 -0.272247062441811 0.313335684182099 -0.0478007784535972
0.348454723902397 -0.136002602184696 0.204081438407666 0.117067161697679
0.408192789739811 0.0628588797996613 -0.0176814812481896 0.15257366065913
0.342600460995058 0.165850125745386 -0.175675554755967 -0.0583823227870375
0.176830753828812 0.161497018049146 -0.316968033968077 -0.122262915806921
0.281921356387747 0.10446121567167 -0.288532798303708 -0.208495095177281
0.286515352606072 -0.0299933526928358 -0.242725060385929 -0.177253786769403
0.185268185706827 -0.169575505614528 -0.194546744019087 -0.126034352454956
0.0815564065088559 -0.2081545565352 -0.175456767543594 -0.142059058541978
0.00595617243722538 -0.204491027353855 -0.205810381115467 -0.125198404499865
-0.0482141205516687 -0.176567027783898 -0.179718774891226 -0.108130280087232
-0.0517997301196561 -0.180200085746024 -0.0910051091888913 -0.15633922496586
-0.0301852437968411 -0.181379517271431 -0.0192459189669723 -0.23451828867947
0.00402944561539187 -0.214858103244419 0.096171710274591 -0.265401185677564
0.0924656663585972 -0.219196042281119 0.229295487563125 -0.231607132311658
0.183268483687415 -0.172683990070002 0.31286377235639 -0.0580798589970367
0.291537865135173 -0.0443147108632237 0.180420140003439 0.0969312030048439
0.304800298584586 0.117793859298045 -0.0586673340798957 0.101191301903078
0.223519560912589 0.176228623745327 -0.241574840115632 -0.134126222525035
0.0530336520287667 0.106121599006906 -0.396938432315428 -0.138840043215018
0.141245767158323 0.0843467793583051 -0.326773199378297 -0.176714051868251
0.158221924296224 -0.00756612377341395 -0.240728692250947 -0.169019720160071
0.0912045153360307 -0.0819101880359323 -0.175765891514501 -0.138781703115572
0.042063250060307 -0.0901819127746991 -0.180310526936671 -0.178726123019054
0.0185786319167295 -0.0951895142416462 -0.224902280126815 -0.161890409547877
-0.00940224537478695 -0.0922734769272762 -0.198073686172849 -0.158255378568179
-0.00922908163176605 -0.10012358079506 -0.102742083294218 -0.210109031213837
0.00504859932036473 -0.10429838674646 -0.0178612287228505 -0.284534752066444
0.0283132041207073 -0.120842905702612 0.113761354985728 -0.298355800226453
0.0819956571964907 -0.109566463411191 0.25020340139528 -0.242133316805364
0.13602617522062 -0.0791815110832704 0.312752751752631 -0.0561230315548388
0.198704776231314 0.019658644032007 0.170167961593781 0.0753822508572252
0.168172320434588 0.130982922505244 -0.062844091808636 0.0472951175773567
0.0813278448833995 0.146806674295359 -0.256635630095738 -0.199752574073885
0.0415033723205881 -0.0637233349920668 0.289736474536262 0.199228630213623
-0.056617280433123 -0.0753509426635496 0.119187697948238 -0.0631704683864855
-0.0789149646661646 -0.00602296376743729 -0.161094486391078 -0.0951075413875005
-0.0343766855493958 0.0319312910648241 -0.328058895259156 0.0288344382107453
-0.0128453921431027 0.0180747940649465 -0.294793232754061 0.245124797207501
-0.0214493533518534 0.00513455227445328 -0.130052073116614 0.340502573210965
-0.0266151166065399 0.00446698940939049 0.0292629792787425 0.312808130331418
-0.0447054366233445 -0.00341214832960989 0.144367668058125 0.249857994071322
-0.0456011477926452 -0.00222730261649273 0.216026108965205 0.16988914920658
-0.0477159114894526 -0.0131245323198476 0.260849959742384 0.150248486762456
-0.026156671775679 -0.0391674810713625 0.244673261934049 0.165636474677057
-0.00840251523195026 -0.0284459820605049 0.217262187937655 0.155122666891127
-0.0102087290667273 -0.0433812103945482 0.240216871100862 0.179431744858795
0.0202654357655101 -0.0889245938182667 0.320728266780506 0.204076101063812
0.075709969999484 -0.0532502276865028 0.441410540941954 0.13065205590051
0.15257791857344 0.0178783025624776 0.257620901951653 0.203592853116798
0.0801787489584988 -0.0293815922622984 0.0905596429741628 -0.0606129238366485
0.0356608931616218 -0.00853222171261481 -0.167067484726527 -0.0903111321381567
0.0491941397677353 -0.0237213102722593 -0.328104893353528 0.0166872279533572
0.0371829836741304 -0.0731253645687771 -0.296281159035138 0.218172595750421
-0.0148089366973099 -0.0969227523703831 -0.148176753908818 0.313689029101699
-0.057055275997014 -0.087501241824238 0.00194292371986746 0.298449135698319
-0.0919115759005015 -0.0978620705916036 0.117954110048754 0.231918688120165
-0.0968615386377684 -0.0947495864246061 0.193738286574875 0.139998045327465
-0.0944401189685745 -0.130811883051193 0.253971061362751 0.0991675711524158
-0.027759217773327 -0.185762107512177 0.266606209006009 0.108512446211704
0.0561971480111131 -0.169693564790024 0.255702115773529 0.123736067526696
0.133555644360696 -0.129092378550865 0.248363785320741 0.17033692632325
0.20316851721947 -0.0921840001175239 0.273288507694416 0.186735183451362
0.243276940726586 -0.0154994839494678 0.361433505852652 0.11069019620854
0.243884965340696 0.101862850469247 0.185187755066518 0.165466027648798
0.218041587993677 0.0290498487795734 0.0431813998300078 -0.0962448603080615
0.167331626553124 -0.00883812773043205 -0.187032513308733 -0.110883484249454
0.141094986592647 -0.0886422797016287 -0.330221113618331 -0.00199527317997685
0.0863521342439288 -0.166368827185728 -0.28561950799842 0.178025834589102
-0.00630594174984002 -0.192796907657065 -0.16029748602546 0.257992523282236
-0.0790022049674299 -0.169570313883117 -0.0332583540477154 0.250264275653461
-0.125434831660102 -0.177339503697458 0.0751281908359713 0.182291334426304
-0.132783751839012 -0.170300510041333 0.146540534820068 0.0825288176409576
-0.13114570912626 -0.221852293233388 0.219654835998608 0.0230839432441601
-0.0396439523367165 -0.298887450623784 0.266813462523876 0.020888767669499
0.0875944056062003 -0.289199277166466 0.290821113761638 0.0671951349172733
0.239905035935155 -0.21546953930819 0.258499479315128 0.154509604912275
0.349570373519994 -0.100824220279197 0.21110277605567 0.182935269588574
0.37092596184835 0.0172804603828037 0.233278451636061 0.0879942800134998
0.303059055972738 0.166710512657169 0.0765681477496087 0.0951023168671347
0.335094580580601 0.0755180281248538 -0.0292582698182805 -0.149413359564773
0.292890002489837 -0.0212044938123403 -0.21214445480149 -0.143766724003833
0.220101950972296 -0.162230829806823 -0.320058832830372 -0.0286571937238259
0.118460923776737 -0.251306937230698 -0.262441723488235 0.116668616540625
-0.00496128097506055 -0.268834846730224 -0.167472211009824 0.175181082976824
-0.0942178846925125 -0.227985387239729 -0.0707901657767504 0.174899599068849
-0.139339223144095 -0.229730591452433 0.0233103076384027 0.108070272448611
-0.142723382764948 -0.220547914947914 0.0864697240653153 0.00631093416580689
-0.140493262472422 -0.280276672026274 0.166800880598055 -0.0627714816236976
-0.0377683730993696 -0.364801024496283 0.245792002276785 -0.0727857931809837
0.109898719253592 -0.356967199748618 0.309383522165596 0.00597333538036784
0.308824990931752 -0.264152698094046 0.258176180397253 0.137837309377116
0.440151762297677 -0.0888509229234441 0.138250467632571 0.185797314731425
0.435335291159004 0.0567786535519146 0.0834457373380238 0.0588610033000747
0.319044170971055 0.197986832461032 -0.0605448703139453 0.0119473021864961
0.399408424435311 0.096759809407128 -0.126366905788374 -0.19338305737295
0.369200582556973 -0.0432834420549317 -0.235401007900969 -0.167661473149596
0.258546395004301 -0.220745695843179 -0.290999290384289 -0.0612420632862258
0.122184457361465 -0.302415295771138 -0.229969840799041 0.0326438925709968
-0.0108053038826994 -0.303534103196498 -0.177084931168945 0.0725022735420796
-0.0993839535789326 -0.250313468661816 -0.111998646192679 0.0811198903664761
-0.132563981647049 -0.248864983785297 -0.0292158841472312 0.017958032122882
-0.126276260349694 -0.240263712823023 0.0278734069092316 -0.0788724597306118
-0.114813487480386 -0.300512490941592 0.113548740424552 -0.146236461999261
-0.00723862972765861 -0.372941011948718 0.219339204349846 -0.155391755417154
0.137936257948879 -0.355378990374565 0.314732364889957 -0.0440694006685906
0.344411989967372 -0.244929852184371 0.241395481635907 0.121827481495784
0.462410702612772 -0.0439769334788014 0.0607936983029149 0.182025969981734
0.430043738899277 0.103462434529646 -0.0617431471576285 0.0153259296863418
0.281761994594954 0.188507428746371 -0.206131190998202 -0.059261580478764
0.385608638620692 0.0949010656934169 -0.228603087381903 -0.207043954447912
0.368508201809005 -0.0587256954398692 -0.251402031611517 -0.172488901387219
0.239678833874491 -0.232981045986096 -0.24597348933867 -0.0909954014791783
0.100178951726084 -0.292520629615583 -0.201238443170648 -0.0590475841602281
-0.0165868030838194 -0.282200160625996 -0.19575262025903 -0.0312705677867097
-0.0908804361455902 -0.231975295229379 -0.153065510285118 -0.0148862735126715
-0.106274475895062 -0.230456430880069 -0.0740580714271288 -0.0735969260739642
-0.0893392388233007 -0.22673603610906 -0.0168752009139184 -0.163153962445053
-0.0655435686304219 -0.279375172058256 0.0813402916953796 -0.219633775438232
0.040746521706287 -0.322283780027328 0.206500542094416 -0.216871892714458
0.168178136691312 -0.288865720868219 0.311608922283463 -0.0735661447089542
0.340134192856602 -0.166614264048646 0.213540092593738 0.105977601924871
0.418782673512422 0.0299140068990319 -0.00849659274008275 0.156928248329375
0.358143240753448 0.14328653641277 -0.179284583009703 -0.04558676095421
0.191037414689487 0.152828783042175 -0.332664301172589 -0.102793895578854
0.293470967868062 0.0828259350414079 -0.308436072285797 -0.190050587727885
0.287565805269609 -0.0527116014541883 -0.254688285487523 -0.164425137105861
0.173490398524951 -0.186299301540298 -0.204247836816938 -0.116320023485154
0.064309523882323 -0.216985549515012 -0.188458808504243 -0.134741842058319
-0.0113565657388224 -0.207571758695083 -0.21986313941944 -0.110458236456411
-0.0630198160398908 -0.174970074893031 -0.188713379657027 -0.0939919530797949
-0.0661354092949583 -0.177802631163981 -0.10628288968291 -0.152302487697768
-0.0447145354539841 -0.179768569435589 -0.0394205491398322 -0.236796155257205
-0.0138619946848494 -0.216079944042695 0.0756839461709789 -0.275839279493452
0.0761098208087709 -0.228099854148465 0.21505396654411 -0.251864671298327
0.171350087452763 -0.186398593444451 0.311393446561988 -0.0836990432684701
0.290260976251258 -0.0674891911184025 0.187276568254196 0.0870543939835679
0.316481303383514 0.0956456235856549 -0.053016386405891 0.108648389034647
0.237884063344386 0.162380297725069 -0.251690315060281 -0.115993096171899
0.0609502895308453 0.10574054466909 -0.413190050085125 -0.112728770209719
0.149380143888934 0.0742580213918708 -0.343813402869709 -0.155213424996956
0.158748469844991 -0.0210835237789058 -0.25384324774547 -0.155707365690555
0.0844220243898774 -0.0901565857696051 -0.186100106714998 -0.131222272242015
0.034045411366063 -0.0944733882561548 -0.196999218440523 -0.170781589900641
0.0108697385174151 -0.0978792310278053 -0.240617690230282 -0.145427511623536
-0.0167748099348456 -0.0932078092028813 -0.211708204539871 -0.143844793904916
-0.0182671984244458 -0.0995286417964478 -0.121672184802097 -0.20547839878219
-0.00317545336182595 -0.105105046270881 -0.0422281751733215 -0.286673381156569
0.01886042460627 -0.123149964239993 0.0912125038565103 -0.310806168431255
0.0748965413408124 -0.11721931452119 0.234707243354061 -0.2636100531591
0.131019196907391 -0.0892390239487343 0.310894336948412 -0.0809833217567829
0.201295542440554 0.00464195325727739 0.175891393976493 0.0648893351470085
0.179690581636398 0.120620971864726 -0.0608800726050018 0.0539899579593287
0.0930640476354908 0.142655137827577 -0.272029299884659 -0.180249771584758
0.0362562544486484 -0.0654666077024143 0.301336060701437 0.172394338567494
-0.0620305273957981 -0.069213166058137 0.110835474511075 -0.0762229634480688
-0.0772051091432236 -0.000550811474524229 -0.166004796852373 -0.0831432744039983
-0.0312125961807383 0.0342642114960022 -0.321430724263822 0.0528442911613551
-0.0107711843478342 0.0185903304254527 -0.271177515537199 0.266195109236577
-0.0214739605895368 0.00754814871091374 -0.101611938510749 0.346543684395293
-0.0276705133877365 0.00632148650130438 0.0522631733142745 0.303727363713339
-0.045713672348861 0.000643010670651246 0.16260779682357 0.235054724952671
-0.0457344615006837 0.00106262295356131 0.225869123485769 0.149794460026078
-0.0478933571903347 -0.00997847974740727 0.270394701280754 0.126513887855289
-0.0291692850644531 -0.0379374255986709 0.255943269684449 0.144636819168584
-0.0098986445698279 -0.0277195078552581 0.224476511923076 0.139653852361625
-0.0130530645946503 -0.0426556921383097 0.252376841969415 0.163166284918217
0.0112100628361117 -0.0888792218493665 0.332594176234373 0.177359745078567
0.0704389228843682 -0.0568244341455933 0.441568630176596 0.0942776694108292
0.152868401290248 0.00621013632620299 0.26924355963246 0.178706439291083
0.0770993755665922 -0.0352002869493291 0.0828592340736072 -0.0709783152878564
0.0357826292235536 -0.0109436146836033 -0.170354144264809 -0.0794717026797902
0.046335410233934 -0.0275575013084234 -0.321843117351741 0.0408196583572478
0.0303456871821252 -0.0752484705971965 -0.275646484959831 0.238721606690591
-0.0234583010282806 -0.0940767373200836 -0.122429119248835 0.320044307648083
-0.0645322271799949 -0.0819608820406944 0.0244918574044632 0.292428482234781
-0.100078289218673 -0.0884061211200039 0.135514174329045 0.219567790335624
-0.103298479543238 -0.0863209981113078 0.201304135459936 0.121790022883195
-0.103910877192919 -0.122082760659547 0.259296338975487 0.0773611458252507
-0.0433479521597491 -0.182503145075135 0.272806835642958 0.0860117014760568
0.0419200569183377 -0.17251662413699 0.259159949465226 0.104041006010478
0.121982180847148 -0.139140754352132 0.25858805702854 0.154232314244489
0.192544469891363 -0.106952924636775 0.284106255680004 0.164112924176733
0.238261380348187 -0.0317108993976732 0.362655738863674 0.0800756949820107
0.250357555774628 0.0838804735848789 0.195674157067306 0.146999061921737
0.217849073204614 0.00993563355812861 0.0333723014304241 -0.10142218470511
0.166401315493011 -0.0209902463674156 -0.190323968040887 -0.0994464314836378
0.131912921669796 -0.0982411305876851 -0.325398091978844 0.0226248332331502
0.0707921539775075 -0.171101616893451 -0.267490647394743 0.197026641585688
-0.0237274277049274 -0.189570491118854 -0.138809182659675 0.267316994292334
-0.0922620651486095 -0.161496309753938 -0.0124859316896545 0.248633262569137
-0.139397485487502 -0.164244189335881 0.0878378004382935 0.174317380988606
-0.144726568612219 -0.157684590733105 0.149103357989318 0.0683976557158028
-0.14806812463025 -0.208566775672272 0.217297350758605 0.0041851662460188
-0.0654568699312643 -0.293912512895068 0.266403760381081 -0.000941918947895801
0.0622673033949619 -0.292376533165764 0.290038874661798 0.0449437367597095
0.220042447557011 -0.232594078985669 0.267226877851434 0.137297800090417
0.33631674216209 -0.12784815665736 0.221926925200383 0.165740188794745
0.366272548560142 -0.00886352349827338 0.235960384335972 0.0675684644519781
0.31446201839412 0.145028540523882 0.0819407836457167 0.0863921842097455
0.336944082692425 0.0465486301340176 -0.0418841210139587 -0.148200777247806
0.288964043790831 -0.0439770726968182 -0.217135103098762 -0.130825943581878
0.203608382189488 -0.177997000413252 -0.317816232932452 -0.00505267200824455
0.0949818140306072 -0.257021999230436 -0.249225952106664 0.133886357845199
-0.0287850021374515 -0.264963417445071 -0.152911516382007 0.185537488436483
-0.112439491728219 -0.21807962241022 -0.0555470777306968 0.177471398813611
-0.157248919096022 -0.214734017763842 0.0302847382143448 0.105025457881626
-0.158295644161094 -0.206731753741134 0.0832295736918163 -0.001053871352958
-0.161987305942237 -0.265303249738114 0.157076179762777 -0.0762754886228038
-0.0688619627008091 -0.358229948278392 0.237515613792796 -0.0922429165589114
0.0783290764661238 -0.360858374878878 0.303973218858994 -0.0181438197921887
0.282917034908817 -0.285677571000154 0.26463484783953 0.120062841916664
0.426846166596319 -0.125815503348157 0.148735503579288 0.174679142245099
0.433181839104974 0.0261272533746564 0.0876250415668515 0.0507134499159034
0.332788658685866 0.173726753402231 -0.0604211491052216 0.0150709424999637
0.401845344170955 0.0620331412029857 -0.14029672973414 -0.183169050900607
0.362464709019957 -0.0703390178086957 -0.241798697831329 -0.152904920539939
0.23678872965992 -0.238517461969701 -0.290699412397294 -0.0393022644496443
0.0943792943526769 -0.307717005515616 -0.223693448882615 0.0467206548128081
-0.0375027027089916 -0.298404706333505 -0.171694714054453 0.084837395495701
-0.118535833703238 -0.239636870332053 -0.10207223098669 0.0883382825830092
-0.151437069546895 -0.234342988238275 -0.0285260502079716 0.0196737356136759
-0.143325669783861 -0.226854495937482 0.0180206601496365 -0.0810487075377404
-0.138025384456441 -0.287088315726743 0.0981489806395583 -0.15435344854047
-0.0394783543061949 -0.367429632587823 0.204759596287016 -0.171207138961823
0.107308751211798 -0.360695831447498 0.304788920658882 -0.0687758019767838
0.31998690547177 -0.270124489173294 0.24674400305443 0.105838019571816
0.452575240085997 -0.0820353270765293 0.0726906747807954 0.176806545803836
0.429728223506281 0.0717853382893796 -0.0582103569022819 0.0190618160211519
0.294063269642006 0.167686253493253 -0.209229124110011 -0.0436244533966911
0.388366226499038 0.0618555758463631 -0.242380880461777 -0.188051808686523
0.357988714585234 -0.0862817545609779 -0.257204131033936 -0.155793364654289
0.216765104803278 -0.249610250393301 -0.248185344780187 -0.073130426837967
0.0727248755840779 -0.296539014330568 -0.203426265228399 -0.0464829921298665
-0.0413409756865689 -0.277801925473791 -0.197283731336136 -0.0157051430009068
-0.108363839112401 -0.221663602177396 -0.150002639584898 -0.00229696537175814
-0.124538483130043 -0.21809320507139 -0.0802795735262965 -0.067162835799627
-0.106067636208987 -0.216043193734901 -0.0322063329960645 -0.161191273865452
-0.0884494788663854 -0.269434296208599 0.0604255242893945 -0.223347065647241
0.0123723360515726 -0.321487705258176 0.187500070997147 -0.231597509954335
0.142786082806073 -0.296856825512568 0.300891050470974 -0.0978416754853759
0.322579668710565 -0.19129488249411 0.217819166375705 0.0919850988889407
0.415079542593047 -0.00503965673460962 0.00228606764641716 0.158074588335657
0.36225625433028 0.116029434438124 -0.177770919025548 -0.0302431224313397
0.201330446233836 0.138930078908049 -0.336467481216995 -0.0771441708680931
0.295132716304317 0.0575865574296629 -0.318620822172549 -0.163390637988793
0.279009789126015 -0.0743675924330807 -0.261457740743268 -0.147500434444798
0.154354111688461 -0.1969709053848 -0.208197710420072 -0.102248634743507
0.0444865972705871 -0.218964076419979 -0.196941562309669 -0.121542780917056
-0.029639956333165 -0.203940954412091 -0.226709687295721 -0.0917325604713575
-0.075725764988733 -0.167804077040634 -0.191721296746216 -0.0770272020917605
-0.0808050761185867 -0.169082361420968 -0.118774570367151 -0.14179808469936
-0.0578711133256994 -0.173692423495793 -0.0604086030710611 -0.230910518971496
-0.0315670778348182 -0.211340700119244 0.0514038179492573 -0.277506607177686
0.0558479916907038 -0.231136241004964 0.191687244212323 -0.265848870117704
0.153863509597429 -0.19609233649418 0.299114011109846 -0.107130657547279
0.279153868267411 -0.0889422593376423 0.190581405129904 0.0741187543682651
0.319109787705117 0.0681648237467552 -0.0448855792773531 0.113345476600757
0.245708583678272 0.143197419875061 -0.254286948990289 -0.0938863813382728
0.0688572667367392 0.101375254801819 -0.417218134132699 -0.0814944571722065
0.152017027717097 0.0600869193741935 -0.351015604696668 -0.126634083754681
0.154049981164887 -0.0335910361353333 -0.260830030577083 -0.137375409012645
0.0750126607103633 -0.0951037526912527 -0.191880060035126 -0.119523236848687
0.0247623951453545 -0.0952612032595803 -0.208901265389611 -0.156124846732391
0.00185966517955257 -0.0977200233689075 -0.249742703456401 -0.123783388629266
-0.0233619606680532 -0.0899866131789766 -0.218436139903807 -0.123567672754188
-0.0260764914527914 -0.095920581521712 -0.138624941121773 -0.194160179724851
-0.0111076554927322 -0.103132441467675 -0.066540726193781 -0.279439869708882
0.00817125928683004 -0.121806729866715 0.0647134199646967 -0.311754536450995
0.0640734992218877 -0.120957374283039 0.210907235514045 -0.277922722265108
0.121961952752388 -0.096830420602317 0.300167742343654 -0.103764066747734
0.197979536022505 -0.0108088865886787 0.177586638270543 0.0523012583363937
0.185943978828931 0.105265383737228 -0.0570725057042367 0.0597939387578482
0.101947887112383 0.133883391990511 -0.279390351617451 -0.154704842122079
0.031242564810196 -0.0661473373291314 0.302351158477836 0.145199988198941
-0.0640910069924043 -0.0619898464636282 0.099580518423531 -0.0836183196821801
-0.0739952085835073 0.00358449501003817 -0.164945196400071 -0.0720550820014726
-0.0276730864584655 0.0347976972557561 -0.306818455533984 0.0685131270309012
-0.00948297215683098 0.0181564478566435 -0.245387530975683 0.27396253785223
-0.0204095776518677 0.00886526069117195 -0.0760118684011753 0.341331727355711
-0.0277722991304311 0.00756989887581275 0.0680578177930053 0.289796007879118
-0.04494667975298 0.00374370680853684 0.172477720318262 0.217007085179304
-0.0451423423816045 0.00306013279015188 0.228467560507827 0.131148327321172
-0.0462364078861658 -0.00803243156596601 0.270513363446228 0.103883104754629
-0.0311178057393761 -0.0362295567776355 0.258988835619256 0.124705675583295
-0.010972462833943 -0.0267170699921551 0.225348662958902 0.125578902442102
-0.0151973341918587 -0.041694987519736 0.255496710386475 0.147542869807194
0.00402192827541434 -0.0852584252336194 0.333386767187967 0.152692317761383
0.0660905566412328 -0.0570351615881422 0.430446743953379 0.0633023347075346
0.149548906007661 -0.00230825045358626 0.271252146608452 0.154915892483144
0.0721244997912981 -0.0391026193938145 0.0732158615985487 -0.0761166617192426
0.0350566323967189 -0.0130283406688845 -0.16906735750021 -0.069984369592262
0.0433373711243306 -0.0292259721346156 -0.308844096734145 0.0579688400270996
0.0243767849099188 -0.0750581825609912 -0.251405103807186 0.246560359823135
-0.0295135027409302 -0.088960530494335 -0.0991120689643042 0.317650108313958
-0.0686377790375799 -0.075554930685867 0.0414265289394742 0.280440754126077
-0.103654998043965 -0.0785720460885707 0.144613825446183 0.204319917153437
-0.106100395555624 -0.0778593781471044 0.201620443774942 0.105316941727452
-0.107977254046503 -0.112858416179688 0.255528128772883 0.0565415760812034
-0.0548928858142262 -0.175239578504808 0.27164374393338 0.0659540217276795
0.0295003578475143 -0.169441299871245 0.256119703081173 0.088607975268279
0.109799385572782 -0.143526455965991 0.260635784212574 0.137568422844521
0.178827650069034 -0.115375776973735 0.284874934441657 0.142972205182425
0.229586165067635 -0.0436103243664997 0.352721397872103 0.0552567902865886
0.249417471872914 0.0671982365492421 0.197248526835274 0.12980984059088
0.211630061221193 -0.00470737760813744 0.0240777552887857 -0.102486158878571
0.161249781375893 -0.0311604924959485 -0.188490453942345 -0.0902181899983053
0.121922778151565 -0.103421695168893 -0.313185514148749 0.0398390863745681
0.0564939884485926 -0.170596973378363 -0.246786430950327 0.205672754995331
-0.0366381421166139 -0.181921781429485 -0.119095288515239 0.266743368119854
-0.101012979298258 -0.151246473133899 0.00415476394590288 0.239708693366385
-0.146475009046626 -0.149627852895892 0.0960668346950788 0.163460223631782
-0.150650903586403 -0.144149452248667 0.146817642977625 0.0566945594908507
-0.157299042889174 -0.193904834492275 0.20992630022541 -0.0113220190411229
-0.0843583360176335 -0.28142159261247 0.258875533908814 -0.0188474900821527
0.0418912323342778 -0.287515345985291 0.280938582794542 0.0276052875075284
0.198450834855515 -0.240483347035811 0.267629861451852 0.120628672837514
0.31728994211587 -0.146349811293262 0.224197864147259 0.147599578572976
0.353801430412538 -0.027391155970453 0.23231297086406 0.0510322461051794
0.315981429733108 0.12282510246305 0.0829841634459222 0.0778763526221673
0.329403430384061 0.0224768847901287 -0.0513124061196756 -0.14233861006088
0.278833858094224 -0.0602079561735094 -0.215903497327546 -0.119422413193839
0.186624654104467 -0.184117708111991 -0.307516761892047 0.0131026143583197
0.0741120211541104 -0.255775418655756 -0.233262739814154 0.142343191172979
-0.0465776167914315 -0.254438761391548 -0.138402847204045 0.189484273714736
-0.123284512143763 -0.205608899317992 -0.0418775317942617 0.174305422381786
-0.167446962023148 -0.197389470841779 0.0350692381868817 0.0994837780072129
-0.166331160583565 -0.190969622775348 0.0780094162124108 -0.00615341525387768
-0.175055326554319 -0.246678168515616 0.146120662366066 -0.0843629220071111
-0.0924830393557151 -0.343852194917866 0.2248757656101 -0.105050700402599
0.0521666137465548 -0.355099456204034 0.291400352911415 -0.0349118939475293
0.256165168503835 -0.296115049393328 0.264216167193399 0.104466223630297
0.405266921135702 -0.150387928819618 0.153946870813763 0.162393711970036
0.419804016038135 0.00240863407593686 0.088444245374531 0.0430883210743493
0.335061719868781 0.150344017716178 -0.0590652636149473 0.0173396290820785
0.392286383752042 0.0325959167022049 -0.147921596657724 -0.169625201747895
0.348320619599806 -0.0912988585636703 -0.241359093350043 -0.139946230935169
0.214116358140982 -0.245540333681945 -0.282432250819903 -0.0228444221545524
0.0699240544161646 -0.304527830748525 -0.214635071281408 0.0561670109057332
-0.0581068785674683 -0.286743793596056 -0.162481986218655 0.0927369495574184
-0.130514429486449 -0.226365967542651 -0.0918880958071457 0.0912369176675273
-0.162723487072906 -0.215912521556241 -0.0275287536033415 0.0217068048563241
-0.153090550848155 -0.211949942659301 0.00915619508958766 -0.0796406842049953
-0.153327507676927 -0.269267351005094 0.0840920971585239 -0.155575450159694
-0.064382891939619 -0.353896199066608 0.187867502484474 -0.181036975344336
0.0811323380583533 -0.355347813868166 0.288079023706743 -0.08584552332976
0.291095716955218 -0.282454014630399 0.245025012868235 0.0911458984475572
0.434405542593732 -0.108674688508911 0.079421112277383 0.169109476784191
0.420242858701625 0.0463783382592836 -0.0540467391515908 0.0219421251523262
0.297231029763326 0.146513934880638 -0.206657327588537 -0.0313183368052248
0.378637857935156 0.033502072443653 -0.246483256476892 -0.167708689109981
0.343118600127609 -0.10602910506785 -0.256694830694871 -0.142005371819226
0.193867266383409 -0.254271200010375 -0.243264241749103 -0.0593319136708014
0.0504346398425543 -0.291509572718922 -0.200170699110343 -0.0367026341188977
-0.0599702636477114 -0.266323935251223 -0.19396935005587 -0.00240719011405704
-0.119513650170845 -0.209329311057784 -0.143700754490537 0.00613521252001235
-0.134806316687436 -0.202122864111735 -0.0835252511874834 -0.0604114232658276
-0.115671228808874 -0.203273947535173 -0.0448746710949937 -0.154472295204
-0.102837651702852 -0.254963229672843 0.0432383246897273 -0.219538782460841
-0.0103978453438062 -0.312027935484815 0.1671147255479 -0.236554939627609
0.119575037313098 -0.295380790977153 0.283252091470247 -0.114632031877786
0.298391677154353 -0.204231372375777 0.215252728209202 0.0790751254137823
0.401228680412484 -0.0329256668647577 0.0103325419051199 0.155143323017545
0.3566716304853 0.0926908929001323 -0.17177795241604 -0.018956559519004
0.205111675255561 0.12429986383571 -0.331614900953146 -0.0554232049773371
0.288629044942724 0.0362370283329912 -0.317625954567617 -0.140022448486881
0.266160871638323 -0.0900902150634014 -0.259983183313919 -0.131811531550131
0.136223014053818 -0.200502245895811 -0.206532192827581 -0.0906201408095643
0.0276955999171698 -0.213878198602872 -0.199521946790137 -0.110105578125566
-0.0428450101056161 -0.196799536337746 -0.226676780725342 -0.0746251504428039
-0.0844058933897582 -0.158563824280959 -0.189205226926776 -0.0633439963587222
-0.0894440071278758 -0.157360693030526 -0.126090979916173 -0.13104557441875
-0.0667415930134208 -0.163981757847274 -0.0756692250384338 -0.220207133392635
-0.0451751974758334 -0.202283747014177 0.031376043620755 -0.271563205953152
0.0387433741383517 -0.227139725096184 0.170424032297368 -0.270918666746507
0.137007126057105 -0.198091032542634 0.280848164156927 -0.12226381975494
0.263875758195841 -0.103335334594954 0.188514026805239 0.0632755923758449
0.312662021816197 0.046466886101555 -0.0377769047732539 0.114712280349671
0.245321179829715 0.125429844384303 -0.248442088316554 -0.0752820199388888
0.0735805140037975 0.0959607232009496 -0.409072803483872 -0.0554599211066278
0.150455461623249 0.0486219536325013 -0.345086676168331 -0.101866145986265
0.145768199930637 -0.0424545393044706 -0.259516288184591 -0.12064027292953
0.0652564461469278 -0.0958543198422621 -0.190991279618064 -0.108357432967995
0.0167474005144046 -0.0928611693572695 -0.213720603495541 -0.141661872086821
-0.00533418960322615 -0.0956899836317663 -0.249859822189664 -0.10446721998436
-0.0283225228158545 -0.0866017711029639 -0.218753943978408 -0.105884602222608
-0.0311259927428918 -0.0901505606157651 -0.148652907540215 -0.179346205068375
-0.0163725282471804 -0.0983775878299168 -0.0847734180350923 -0.267685322776908
-0.00033379688633285 -0.117358048766818 0.0429807361680286 -0.305750365412248
0.0546666640654031 -0.120690720492858 0.18744586926377 -0.282068675610169
0.112076218459538 -0.0999728263634413 0.28203715704191 -0.119037413370254
0.190248377330553 -0.0224371076778742 0.173236409375536 0.0428645600601092
0.185787763440769 0.090905983203408 -0.0515293655982487 0.0636153734078781
0.106094933898094 0.124012985980629 -0.275837049364031 -0.131082229755349
0.0570723581174567 -0.0467438404796083 0.208195066798612 0.242195961058156
-0.0319070483056862 -0.0803250775603417 0.115684069711116 -0.0365996289172683
-0.0671828312910265 -0.0263364758058728 -0.120155245818786 -0.126513933466948
-0.036672204856597 0.01954559636405 -0.302579753800795 -0.0546317848627128
-0.0122187208474076 0.0106469425437456 -0.324077314794147 0.151739912875393
-0.0215336847411167 -0.000919175017909031 -0.197439767180031 0.276498504652429
-0.0289096918776179 -0.00494581541783894 -0.0507875410883897 0.283971040145265
-0.0422643306610595 -0.0128639962653002 0.0738618894682485 0.258888097521057
-0.0403329467486506 -0.0148301185806109 0.154308174801335 0.201525778000111
-0.0371419424970902 -0.0265721510699883 0.204719664229525 0.195062873298263
-0.0125071283658682 -0.0470287804590209 0.183018753347768 0.209073966252037
0.00343787166146215 -0.030468562273502 0.150674271843855 0.20151574752127
0.00513663071152754 -0.046115607159569 0.171067770798532 0.230983680310873
0.0373608157726913 -0.0764468812525693 0.246893849094862 0.259578076568447
0.0867364151835057 -0.0287902794166876 0.362625836117174 0.225732852491521
0.138280688590255 0.0627580745528232 0.180260454611603 0.224669859808744
0.0792695764144296 -0.00512136056162842 0.0912168683641254 -0.0475817289881223
0.0375280400393757 0.00200060961002537 -0.123797186668677 -0.133682304628585
0.0505889623927128 -0.00769037361651006 -0.302833322917946 -0.0706007332049146
0.0539541559457184 -0.0585434671230533 -0.323106208239093 0.121713649906883
0.00717267940687323 -0.090688904471926 -0.213801858492589 0.244501034788987
-0.0337489134911189 -0.093879824478261 -0.0721139741068254 0.264334238206011
-0.0647899304924496 -0.108799973564468 0.0530314119970036 0.236809390606307
-0.0657951275130512 -0.109807770650365 0.140621244125018 0.167281946523727
-0.055442871096739 -0.142707511020079 0.209901578581976 0.14427331648241
0.0142683694926654 -0.181276080422177 0.217096482913345 0.159832265781366
0.0913661329242037 -0.14553387319227 0.195000254204958 0.178141599696947
0.155611791617105 -0.0966613629907328 0.18283689097616 0.225686847065164
0.205856794844101 -0.0449867683379425 0.209841237613759 0.240935807126541
0.229661961409436 0.0403300290702948 0.293170080054894 0.194675226227284
0.200758448739228 0.168689801760469 0.128526482812571 0.161334668652195
0.188369906746466 0.0809225534867621 0.0602821984676254 -0.0970090666303834
0.157659651518485 0.0359340296878104 -0.133710441042138 -0.169870655419316
0.148873581765741 -0.0411193021604255 -0.303448685922679 -0.0933468754181138
0.118811376332593 -0.129677792460585 -0.307188588168207 0.0822916267610738
0.0365080620021439 -0.175517143558358 -0.215900580198829 0.188872801669996
-0.0333869842578306 -0.172906458912015 -0.0912477785828503 0.21449927102031
-0.077737564619054 -0.188738214938113 0.024537174951131 0.18344747679372
-0.0815516489591042 -0.18724048062457 0.110074132675912 0.103337326221291
-0.0718044311032615 -0.232330998636515 0.194673175812652 0.0651273024786967
0.0246677527399078 -0.2882187845143 0.237005159297294 0.0790090834250378
0.14363662116068 -0.24697479020813 0.24249959478069 0.132185319909119
0.270708631096771 -0.155431870111583 0.197739249235159 0.214430819781302
0.341905495347732 -0.0259742482129235 0.155245912310005 0.229196729719951
0.336065850567658 0.0971391694240623 0.182969765751217 0.150309928651136
0.238732291221061 0.248409555549361 0.0498207374994667 0.0636580012387939
0.281470475781703 0.151492025126562 0.0106560312921311 -0.167555698729955
0.274164165563026 0.0564899686808354 -0.147496578179645 -0.214843997383854
0.238412501105966 -0.0865570514346362 -0.290968276733608 -0.121767767433771
0.166619899377921 -0.198179725285592 -0.275142948092217 0.0283675563123568
0.0549708713961889 -0.243924150111976 -0.206850426138372 0.110580259013194
-0.031879990815217 -0.230028462797925 -0.107773031095357 0.137364232596288
-0.0786242622767819 -0.239821231252371 -0.00622585924999778 0.103567677501626
-0.0792713025458685 -0.235205834556908 0.0719277182323797 0.01989544641964
-0.0692631355475105 -0.286650517108391 0.164882242205699 -0.0253982817138046
0.0382334942529745 -0.347325240185098 0.240614742982508 -0.0126958994336887
0.176714913520534 -0.304292757352541 0.277662758346259 0.0778996633996571
0.342063416114417 -0.186596219751314 0.201569706198523 0.199243990789251
0.422663314961303 0.00119158007462129 0.0882136128959077 0.22066088824099
0.383408769913756 0.146709323956969 0.0563463816328639 0.0921099084049232
0.243997047633051 0.280921134221886 -0.0523206247209793 -0.0482016625987747
0.33342163825953 0.187916141062459 -0.0646491509843773 -0.231939703120415
0.348117132742347 0.0553247907557752 -0.16414576866764 -0.248369316485118
0.286186085186902 -0.128895409132422 -0.25677695476133 -0.148118540235663
0.18213239188085 -0.241405697127663 -0.22748970573238 -0.043579800658167
0.0573969140273306 -0.276241647170656 -0.193757471340422 0.014783298592124
-0.0303559852255001 -0.250680907667355 -0.120859865385828 0.0433749651512854
-0.0668230001007174 -0.255299624983912 -0.0335912407155229 0.00912046756833303
-0.0597473591847773 -0.248811610627584 0.0381571063888619 -0.0712953477174513
-0.0440044770942332 -0.298377661938496 0.136357835718978 -0.112716174505423
0.0657803777183239 -0.346493647546358 0.235905086205292 -0.0936358291993795
0.202376802454821 -0.294070895709214 0.293942934899642 0.0324408588272579
0.368965159281671 -0.161779978198665 0.189241063665464 0.180246199739904
0.43298244378691 0.0482401020519237 0.0170018996275362 0.201781253632961
0.367617238915288 0.186454162443967 -0.0655834873303118 0.0186686582395293
0.211485480332082 0.262007339941351 -0.166215706590314 -0.144082238064616
0.318866200082446 0.182662950286188 -0.153663541770211 -0.266935382124182
0.346813957322605 0.0402016491364656 -0.178687728456703 -0.254775274608636
0.271177857621429 -0.144607076621037 -0.207515754974841 -0.16484501450505
0.158583478956381 -0.236787800419894 -0.179188044304451 -0.12044707683457
0.0477160686440896 -0.258483187081158 -0.184041834317884 -0.0824083310653356
-0.0270802884407605 -0.231610851550185 -0.134269708424923 -0.051513104573121
-0.0474783001142644 -0.232428466696961 -0.0531158366248136 -0.0851681281469213
-0.0300873578202952 -0.226690152205479 0.0172855839182546 -0.1574372545412
-0.00390946857143474 -0.266210489158822 0.124252703038604 -0.184334080358575
0.099075708760077 -0.288355305777882 0.239377607950432 -0.150425374658974
0.214050220409667 -0.225931518095967 0.300021891704077 0.00546279266287627
0.348345403346116 -0.0869798302447833 0.165799784534009 0.159731269234606
0.375265370000223 0.107463971219207 -0.043365856478543 0.163330586058548
0.291726716466872 0.208514352248777 -0.156754780372713 -0.0662035838450328
0.135225703777152 0.2024573282977 -0.26848640243353 -0.203337889419265
0.239701807063971 0.148565536359637 -0.227756043088557 -0.263391613109885
0.271184539113625 0.0236396058681853 -0.185267983383496 -0.241178328759537
0.19812227881381 -0.119743502370388 -0.159340672711646 -0.175731461541892
0.108233030956799 -0.176087572701234 -0.146856869033742 -0.184058737328687
0.0362361098672718 -0.190025679519456 -0.182686977208473 -0.157029464774332
-0.0146225777114311 -0.173613873027164 -0.147549334068943 -0.130519828739289
-0.0223605569665091 -0.174312045949246 -0.0653388869503884 -0.164354217724884
-0.000454605723741112 -0.173458483629499 0.0141526917655613 -0.226942364565353
0.0296012198499877 -0.197855710652244 0.133690107819478 -0.234146071573081
0.113349883299273 -0.194098331481646 0.254908559175827 -0.177484689045276
0.194387732095818 -0.131633708136368 0.300622815397966 -0.00188093966064209
0.280211444994296 -0.00464689723127074 0.14450751747291 0.134453480386124
0.267599892309075 0.150059697174148 -0.0751564469619763 0.106848227575324
0.176302771851608 0.199380554940658 -0.202888316003795 -0.151896450286109
0.0269958956083131 0.12005595444808 -0.337172417604736 -0.218757166185141
0.11224298751537 0.103954334811318 -0.266083396514482 -0.232682475637776
0.145162071958729 0.0186436094522483 -0.186315118045397 -0.222054720869087
0.0942360342218512 -0.0565357446531563 -0.134556384281638 -0.180913944539117
0.0515234638299764 -0.0722441802709956 -0.142001780532222 -0.214971349065857
0.0320241861795532 -0.0861565021341132 -0.187800764151692 -0.191812781997222
0.00807627829402244 -0.0884075081664219 -0.156162557458369 -0.179037655555702
0.0050497667713272 -0.0918261095631031 -0.0670046951836773 -0.21694069121185
0.0205739673154753 -0.0948703639690186 0.0243754203426557 -0.271130409901542
0.0389691311917165 -0.106003701555848 0.155922543448094 -0.258866076764969
0.090397960952612 -0.092366034475778 0.273941308879346 -0.179404324636444
0.137238312371269 -0.0521919159333277 0.300018542330797 0.00293637404708122
0.183581430793474 0.043700522776059 0.137599460647778 0.109685992117759
0.137022390231053 0.147474335697498 -0.0724094931572699 0.0503776973985939
0.0498224874710794 0.14946467801965 -0.203812367545392 -0.218317948569452
0.0551322426090199 -0.0477025814142457 0.213866236594295 0.228631404597534
-0.0342237103196266 -0.0768259436521662 0.110445500604504 -0.0421566667519453
-0.0662259183165638 -0.0242791191022106 -0.122188334183012 -0.121969453117117
-0.035476716374013 0.0203924499314054 -0.299763753774709 -0.0445240894495603
-0.0111352795436983 0.0102083007860893 -0.312838489965682 0.161638123664156
-0.0216458879230311 3.13315315850632E-05 -0.182602173371154 0.280021783497462
-0.0299707486021734 -0.00367855130923608 -0.0402892006295692 0.281091320386997
-0.0432071752626652 -0.0112592163707161 0.0837717333627007 0.252194881673124
-0.0407288887125601 -0.0138204451122815 0.160619081876012 0.192687437348025
-0.0370487759444452 -0.0257291682847902 0.210540129273606 0.183653129683161
-0.0149292734237866 -0.0470945443771603 0.189924724895218 0.200143778633528
0.0023770657147131 -0.0306326144070725 0.153475292934387 0.196717762650413
0.00379082361721756 -0.0466236501361639 0.177723562393333 0.224329483651943
0.0334216675039077 -0.0755180276725757 0.251722563105888 0.246714163327952
0.0851865014141163 -0.0293144864632248 0.36228139249738 0.208924040846624
0.139656759786122 0.0568536508952579 0.184948844209339 0.212871026445705
0.0780285060361845 -0.00837517469476334 0.0860280773738969 -0.0521290789777291
0.0384914596220676 -6.86148654343724E-05 -0.125707737010357 -0.130996988546727
0.0501352683527898 -0.00919400961915096 -0.299948863410904 -0.0604143377250364
0.0500473457356489 -0.0607526555806593 -0.313290599363298 0.130672303636177
0.00278806076635821 -0.0899095954141894 -0.200199626362097 0.249008448159673
-0.0384585535903366 -0.0914893459780742 -0.0612822531257316 0.262239482487013
-0.069165715907988 -0.104259474828288 0.0619393098800395 0.23138704980234
-0.0698140414387712 -0.106995486505433 0.144597104365274 0.159774237085455
-0.0603978750856715 -0.139746036428018 0.212759337651607 0.133375393482529
0.00527937659051796 -0.180411760181084 0.220568450582706 0.148976865974937
0.084678578501463 -0.147619405369845 0.196343081945836 0.171314765687637
0.150156227535338 -0.102399044085383 0.18835153328783 0.219600692730458
0.200621720750137 -0.0516854824974879 0.214161147070199 0.229903587739132
0.22818816961723 0.0339158209474205 0.293648763771905 0.180602868002
0.206322203041291 0.159526957689341 0.130940273973744 0.152992500909217
0.188732623612097 0.0715864557475683 0.0539019628183283 -0.099181318654526
0.15806870181771 0.0284987644577425 -0.136551733237203 -0.166063577224779
0.145598773277012 -0.0461332183634945 -0.300896052337527 -0.083286792381357
0.11108411264023 -0.133463259332977 -0.299994878093446 0.0906699647296194
0.0273412618063479 -0.175220199170451 -0.206169806706402 0.194412532977384
-0.0411704505588534 -0.170464877575073 -0.0826275407020659 0.213382544691381
-0.085044222384376 -0.182874054748567 0.0311527179497934 0.179672659550485
-0.0876730993245912 -0.182440578514154 0.111046351253681 0.0973285519323964
-0.0799480939923131 -0.227696004500078 0.193540911226472 0.0553299727689873
0.0105820714363429 -0.28639690905235 0.237683360240284 0.0676871665789032
0.132199977639431 -0.249964816650328 0.242280931312053 0.123095060947391
0.261269978215595 -0.16584019269451 0.203055607167314 0.20820298663165
0.336219040760672 -0.0392201857220591 0.159845735097046 0.221451379208386
0.335082628452234 0.0867636496285137 0.184373705361356 0.141570451967021
0.246932600907716 0.237268182575299 0.0502096646813096 0.0591174770179898
0.282578584050521 0.137435443449305 0.00331943990212065 -0.166386099635492
0.274392547424071 0.0446939047371101 -0.150587992859124 -0.212104349985336
0.231742154617462 -0.0941244913494469 -0.289403944813521 -0.111608455800853
0.155126346996853 -0.202167148695059 -0.269683757059662 0.0349351628806966
0.0424023837267181 -0.242931329384665 -0.200758306975997 0.116692984839647
-0.0424930577042842 -0.226645795017878 -0.100914434496655 0.138476137323314
-0.087775555056907 -0.232890483848033 -0.00293076619805214 0.102121057030102
-0.0872295720408144 -0.22989931824747 0.0695947007731369 0.0170146788828964
-0.0806884096473961 -0.280078953687609 0.160076034315525 -0.0320300456606905
0.0215242102020335 -0.345704730879672 0.236578475231562 -0.0219171540699934
0.162426240438857 -0.307384026125905 0.273285520464694 0.0676135151566504
0.330367871856176 -0.198620977324574 0.20444925550806 0.192115919321304
0.416514350304232 -0.0171079350845947 0.092583213208561 0.215629490152901
0.384933051626563 0.133842781742773 0.0571991229080007 0.0886093250880802
0.254746099071575 0.269898718334922 -0.0545793778974831 -0.0468215796401236
0.336521846211749 0.170211668110407 -0.0726590809433397 -0.2263427023738
0.347117940633099 0.0407239049706295 -0.168535481371912 -0.243764127411336
0.278151479685629 -0.137778657100603 -0.256474473923059 -0.138398304008975
0.168196649317246 -0.246247316773609 -0.226141473440447 -0.0381516377287891
0.0430895235829319 -0.275571792421275 -0.192113780509519 0.0218388252869635
-0.0415345682378902 -0.247933040712741 -0.11715880195963 0.0465597704582342
-0.077586985571246 -0.248613419823036 -0.0334003531870122 0.0103263759407558
-0.0685921663859155 -0.244381411553764 0.031376865979341 -0.0717879265953812
-0.0551244378923442 -0.292182719568912 0.128407378474633 -0.116390610283335
0.0485796661928619 -0.345409825738815 0.228539311258291 -0.102239400459661
0.18813447063915 -0.298513358224868 0.288796776607772 0.0206559134121656
0.357179209264949 -0.175032662401457 0.192172528204993 0.174771876472543
0.42801578385671 0.0291998113361072 0.0223237709008814 0.200135258544047
0.367843557069769 0.17491468872836 -0.0629208730494572 0.0204481406734055
0.220656596899711 0.25176940155902 -0.170058435091624 -0.136418754519985
0.321897666585262 0.166021599054113 -0.160879589517689 -0.256955388997103
0.345561467563958 0.0258709900228344 -0.183370656517197 -0.249672364951274
0.261785941045511 -0.152867123239205 -0.208400151294058 -0.158481685308193
0.145591297730534 -0.239445940704938 -0.181262869397118 -0.11666139575415
0.0349268212498457 -0.257440147978255 -0.186762543174809 -0.0743338996952263
-0.0369529643321122 -0.228533417853485 -0.133758097543623 -0.0470846206311112
-0.0563781712615184 -0.226148010297846 -0.0573937734364862 -0.0819181487581715
-0.0378527200128652 -0.223712420832767 0.00805895091849757 -0.155494438747776
-0.0158964774705696 -0.262400667867801 0.11441445767952 -0.187335335144269
0.0843341635606624 -0.288877388206747 0.229701927285475 -0.158656482755823
0.203035755873937 -0.230516528078286 0.293224848508063 -0.00610283564306977
0.338135515529791 -0.0990888272603963 0.167495119581971 0.154475760468544
0.373908424644756 0.0914094720339676 -0.0383033154658647 0.165217015096814
0.293162050846049 0.197243249316053 -0.154650716090028 -0.0596253020669441
0.142430309422719 0.195702007925098 -0.271668974498989 -0.193051242490991
0.240742349589618 0.135816461663069 -0.232934516013388 -0.250998171662879
0.268247515876473 0.012938076104692 -0.189366075596318 -0.235273436978238
0.190457866188473 -0.12491691668456 -0.16106737632678 -0.170594157729423
0.0986337239787044 -0.17752408992915 -0.15265123960732 -0.180353447329898
0.0266275171138437 -0.189243332496353 -0.188368160664829 -0.148050533466689
-0.0220532911276207 -0.171883240262112 -0.150140287313445 -0.124116425181731
-0.0295163137424711 -0.170214792108516 -0.0716735348113959 -0.160696418893817
-0.00750653112196027 -0.171152120508641 0.0019537855017682 -0.224503484832602
0.0204837317623332 -0.19526643281178 0.121511690847992 -0.235522334833084
0.102425005743257 -0.195419784235602 0.244197825195205 -0.185840681961945
0.187337850187434 -0.1367803338027 0.295481742263437 -0.0135420061044297
0.274534175384147 -0.0149013286293944 0.145708621609044 0.13017711300439
0.268196513241491 0.137284813355157 -0.0711108539609128 0.110514422974881
0.180331706230139 0.191399408303052 -0.202932504743202 -0.141883874687307
0.0324257294604465 0.118006673918558 -0.340405340756644 -0.205452221255583
0.114050066914519 0.0970145499897677 -0.269008723784104 -0.21990003936267
0.143103980884124 0.0129371151374697 -0.190780066372683 -0.213867091915691
0.0894431135064293 -0.0590364724628087 -0.13625769692374 -0.17666715450608
0.04713816882687 -0.0723695621350167 -0.148710592282813 -0.210195762925961
0.0274551980889941 -0.086376580349329 -0.194238001523109 -0.181308214883656
0.00403889483997199 -0.0881068850461161 -0.160666449713474 -0.171332365653085
0.00073141949554725 -0.0897103824766575 -0.0766191249224615 -0.21237712181335
0.0161027403427968 -0.0942109338289259 0.0102351415067881 -0.268451099424111
0.033704669579588 -0.104615316121899 0.143474531541767 -0.259493759172738
0.0848890924225692 -0.0940973996546392 0.26302618733001 -0.187808974978883
0.133761188524521 -0.0557957269578122 0.293588370166396 -0.00777305368645732
0.181209087011939 0.0362521804333166 0.137888080511577 0.105515547393959
0.140082185426969 0.140188623464453 -0.0700642030575732 0.0555367627300154
0.05368346828583 0.146258555225782 -0.206693602406017 -0.206197744404508
0.0524535035796663 -0.0497252797004908 0.221449408911641 0.215444260678246
-0.0374580807301754 -0.0745111516056166 0.105341091021579 -0.0474115649317138
-0.066229270663401 -0.0213474761416776 -0.125876321283243 -0.117771162278786
-0.0336209719519797 0.0223282901107638 -0.298994895070961 -0.0330032263302782
-0.0105627832158126 0.00979587024451064 -0.302536137601166 0.17491551874943
-0.0213227502153025 0.000766099267571814 -0.166352123498473 0.287332956978459
-0.0315229244637637 -0.00194354336734481 -0.0271649171616819 0.280875324125359
-0.0444910784856542 -0.00865014212129073 0.0971902186177171 0.246582936629115
-0.0420925649312611 -0.0121857144649117 0.169205096970141 0.183339214276284
-0.0378279173336649 -0.0251098368225696 0.219532903542792 0.170522538699735
-0.0174343386991107 -0.0462783951466194 0.199253948123687 0.190888412711743
0.00179267967386991 -0.0315081684953985 0.160928141352567 0.191447922362371
0.00121998681798218 -0.0471834772437468 0.188307930426423 0.217678137666292
0.0290398099016961 -0.0747778517483809 0.261219223700646 0.233655434317287
0.084663059913063 -0.0314640147409419 0.366413614036373 0.19232021272073
0.142799167314623 0.0502675180404523 0.19206466556582 0.201244123803948
0.077287916555531 -0.0124926978819142 0.0815612057495238 -0.0568183449071296
0.038809538377209 -0.00324468316475035 -0.130072038171697 -0.127528771855446
0.0494676455690522 -0.0119304926486177 -0.299995842684961 -0.0475899745880646
0.0463216658922283 -0.0632357598124257 -0.304013981778281 0.143772809933403
-0.00269188064528294 -0.0894878130706272 -0.18546349612629 0.256682885411679
-0.044628518226126 -0.08937154603389 -0.0492748899946904 0.263455672399783
-0.0754008764064787 -0.10061971864193 0.0740705544281429 0.227466808341873
-0.0749482190344101 -0.103962766308619 0.150872710261719 0.1511933912615
-0.0675773425541935 -0.136594485377383 0.218172205474491 0.120540034870085
-0.00562281980935144 -0.181209067644664 0.227394155112487 0.137272106382844
0.077319776020183 -0.152419015213522 0.201576535296299 0.164116993648863
0.144056286826005 -0.110801948434826 0.198873498391367 0.212756244325561
0.196809836675773 -0.0607081080518719 0.221848762011585 0.21847187913139
0.229459341293578 0.0252873157094845 0.297955315674964 0.16639875016619
0.21472018012855 0.149649456015206 0.13622783221767 0.144690139727305
0.190632163852555 0.0606502715520078 0.0476586124152328 -0.101751442220356
0.160420137359436 0.0192387144956743 -0.141612966782375 -0.163089422658885
0.142800487745461 -0.0532111172366108 -0.302540451172155 -0.0703668237193352
0.102024466473641 -0.139354935214535 -0.293139361325852 0.103309560474555
0.0164754721388477 -0.175909629119608 -0.194917017221291 0.203187065298291
-0.0515926790334044 -0.168150521793359 -0.072210755672508 0.214798169971184
-0.0952950438397108 -0.177004806405182 0.0403983403374817 0.177282242331838
-0.0976407385246009 -0.179073150741897 0.114202075218198 0.0919009957098175
-0.0925590234716196 -0.222877740365993 0.194152355745375 0.0442962909754782
-0.00654904277245073 -0.286862045842173 0.240263943226718 0.0551894187615443
0.11903037774675 -0.256279857562414 0.244786204231427 0.113014312597412
0.250703659704931 -0.179766497595658 0.211369473355279 0.200412518437476
0.331696073964613 -0.0562974179017521 0.167136470437366 0.213296413418925
0.337683261890289 0.0730106864327023 0.18932928458497 0.132161955249137
0.259037232757003 0.2236342368007 0.0511804478961803 0.0564966578458732
0.288502288885801 0.12123288092218 -0.00588134722359532 -0.165768753103136
0.276317108731612 0.0288718098503497 -0.158846706709098 -0.20797379577127
0.225919317374627 -0.105519820438819 -0.292074627914569 -0.0998211742442479
0.142399717006829 -0.21020122281552 -0.266527356351258 0.0449735610798884
0.0268705192132397 -0.243812807333009 -0.194916974320423 0.125525518938136
-0.0556344327940151 -0.224235257355222 -0.0930799699470949 0.142064033511806
-0.100315742967452 -0.226979715907356 0.00234022919151088 0.102697107401106
-0.0990017885903153 -0.226651480722652 0.0680215465483952 0.0138625548938417
-0.0955213217897474 -0.27497371232939 0.156321348366323 -0.0407981316213714
0.000742559694234268 -0.345312382801835 0.233985805892643 -0.0347450057059856
0.14575389907312 -0.315091272743467 0.272678919832719 0.0548427392215326
0.31765431773315 -0.216503564338764 0.213323433866568 0.184998209310254
0.41273753202453 -0.0392517595001512 0.100869406151941 0.212596590484978
0.388282437093834 0.11936318058161 0.0610339687707905 0.0853291563019648
0.26835096073349 0.256413931859732 -0.0584192003188239 -0.0446413185846503
0.340215168195885 0.151262989628328 -0.0835928477521746 -0.221897141988824
0.348638145498984 0.0209267454933317 -0.177114402264489 -0.239375451131243
0.268451702689937 -0.15176536858798 -0.259536432193989 -0.128069936217887
0.152967675806392 -0.253670391905623 -0.226717485569494 -0.031341452946842
0.026380499282657 -0.276621731855326 -0.19188540021702 0.0311493590073015
-0.0559979928696436 -0.245641896171918 -0.114496643859416 0.0509028960644661
-0.0908332550504725 -0.242390668945892 -0.0339093652601143 0.0120749315535149
-0.0816231031409922 -0.241244782324246 0.0253617360401748 -0.071848440019511
-0.0714341339811449 -0.288510609429507 0.119745977848576 -0.122864654391379
0.0276726648121315 -0.34677891614152 0.222012515894611 -0.114102305284457
0.171159781131663 -0.307394628106552 0.285417081554334 0.00741483438519093
0.345015815652194 -0.192456735994068 0.198938891943796 0.168579970016481
0.426042774767201 0.00703970315083671 0.0300888862058227 0.201067247324576
0.373794081686547 0.159374682308717 -0.0616122276143399 0.0236789517237026
0.23322307316449 0.240464846969807 -0.176718991464292 -0.128954781189936
0.326630578601598 0.146841776460685 -0.171375497690691 -0.247517155449356
0.345552129043623 0.00712296701467618 -0.193094546547579 -0.244052127559463
0.251962776934569 -0.165252720710507 -0.211891614514303 -0.150649108406628
0.131063301092156 -0.245945400277518 -0.186746036238988 -0.111852232782021
0.0194745641696414 -0.257911654529894 -0.191148454325021 -0.0644968649526224
-0.0493888320729078 -0.226280915143708 -0.135396037522863 -0.0412428726110205
-0.0690147035435605 -0.221242915272872 -0.0624896497133105 -0.0788932149906599
-0.0496606655119418 -0.222193629688012 -0.00226852179247649 -0.154396750180349
-0.0297249840553612 -0.259544690836253 0.10241310744324 -0.191609922027369
0.0672835175836085 -0.292585613622327 0.220180882605448 -0.170754026077153
0.189700553693759 -0.240121160943399 0.289985106430596 -0.0202026448218698
0.32985741040742 -0.11681137596913 0.17288726312803 0.149076174826354
0.376249301545808 0.0715553150951085 -0.030965119674289 0.168385586623931
0.300280129150153 0.185429805908273 -0.156042020813759 -0.0518667182082626
0.152750456414895 0.187611477220361 -0.280934757244938 -0.179789648749148
0.245087564305239 0.122283327613881 -0.242073938462473 -0.238480449387346
0.266764309664677 -0.00126631482560952 -0.198800018904023 -0.227737298008865
0.181543286523685 -0.133411325200416 -0.165488184592275 -0.165048913939384
0.0874141647757571 -0.180661533946124 -0.161384883980299 -0.175777931708076
0.0152681009126579 -0.189613591767878 -0.196351930996738 -0.137549107908457
-0.0320455582619434 -0.171036584378683 -0.155443005177336 -0.117640390766169
-0.0386580528692567 -0.166516046422256 -0.0818328822984238 -0.156654742140312
-0.0153945873054632 -0.170495735570422 -0.0122432733473284 -0.22325157196053
0.00908679137535473 -0.194447374150267 0.107796726496303 -0.240672505338438
0.0906302394782335 -0.199285513915859 0.233072438259005 -0.197769611565971
0.179224548009282 -0.144907409646484 0.290928032467588 -0.0273889846395523
0.27073968327478 -0.0297329756862889 0.149960174397352 0.126121968936076
0.273181674879424 0.122973921316517 -0.0661731723012148 0.115754635352671
0.187606190319685 0.184062136632049 -0.207034135989573 -0.130730247416745
0.0392522829981726 0.115845421017822 -0.348446996050605 -0.190669928698945
0.116984174408243 0.0903726671663708 -0.275050415755806 -0.20652312916471
0.141294539391297 0.00519780485637625 -0.19875212640076 -0.205972554828344
0.0852538099903294 -0.0623787892790306 -0.141626136297058 -0.173554179496648
0.0423492350290488 -0.0731166321485436 -0.160342995376325 -0.205615385768046
0.0217800493021278 -0.0876210633159213 -0.202621872338602 -0.170583549020637
-0.00125429970148004 -0.0885252805567933 -0.168176249843604 -0.162500539015025
-0.0033622285766234 -0.0877349411220907 -0.0884105733432975 -0.207450350865633
0.0109705008426798 -0.0943542675923732 -0.00574160021889351 -0.266195554127072
0.0278564168681111 -0.10477079687009 0.128904540584945 -0.26527815948175
0.0791740136368774 -0.097392824321478 0.252174747508628 -0.200347600350807
0.129999592673136 -0.0620834152657214 0.290636777100754 -0.0220502928852621
0.180307018856039 0.0265288317535371 0.14072080083904 0.100866655182339
0.145862476940238 0.132735008807251 -0.0666029720246641 0.0610230193263513
0.0605235482340698 0.143391363997947 -0.213313615618712 -0.194327698536778
0.0486262848934689 -0.0517428555023947 0.23119981170743 0.195772476100936
-0.0416007421772697 -0.0702964474706587 0.0992202263324229 -0.0537835288482418
-0.0661960564683121 -0.0175023673250931 -0.13081803820992 -0.109853762996451
-0.0312952203185358 0.0242129397062132 -0.296684346944203 -0.014772908630232
-0.0099301702623573 0.00969108809396535 -0.284337063576188 0.191505452274065
-0.0208623421348158 0.00222735201358607 -0.141984713762279 0.291712463343432
-0.0323713882793033 0.000665290185740212 -0.00812337532025727 0.277331269531744
-0.044548016226781 -0.00553758508614188 0.112829955572455 0.23516617906167
-0.0423783976146378 -0.00987584066148562 0.179880985894015 0.167906768873497
-0.0391725342684502 -0.0230876466239573 0.228207017320445 0.151324210411202
-0.0215259625739241 -0.0447875017948022 0.20977181806831 0.174214960670282
-0.000417433400061319 -0.0311731222100923 0.169681318276294 0.181818626487332
-0.00203718516491445 -0.0471341449270116 0.200740341721595 0.203337824226815
0.0241193327040327 -0.0737808609598287 0.270280689682325 0.212995699813297
0.0830090757424787 -0.0349692912808265 0.371486425072569 0.164674938298094
0.144466039189444 0.0405337214563739 0.200691267073694 0.184106593716893
0.0748954296054654 -0.018061939387692 0.0748583909568036 -0.0608054595324512
0.0388552606797928 -0.00710807972399745 -0.135303433491141 -0.119687643355423
0.0481938783884767 -0.0147901151297586 -0.299072630874393 -0.0295766675774279
0.0395744853692813 -0.0663218881396043 -0.288731856913963 0.160658939722496
-0.00993179161760404 -0.0878464058193812 -0.164843597579631 0.263606807642797
-0.0518873619534426 -0.0843629513126987 -0.0311499188496946 0.262243653238321
-0.0817288149287457 -0.0933115284547443 0.0889450676179861 0.218372469697344
-0.0820552397683908 -0.0981506088225735 0.158615403977916 0.138667953641424
-0.0770495194884875 -0.130608323870228 0.222025745976422 0.102333414133569
-0.0196684271859478 -0.178017606029844 0.233696781475165 0.119733149461765
0.0656904766822652 -0.155886310119937 0.208148526237639 0.151513003434791
0.133349671295651 -0.119369035436254 0.210626756394736 0.198281494739666
0.189732850885032 -0.0727217045956559 0.230119216174965 0.201195772007822
0.228833988298765 0.0115087765359048 0.301582851738888 0.144096587047519
0.222303557350324 0.132539217484177 0.141467837481157 0.133571369934763
0.190563404524432 0.0453320136119114 0.0391623789718588 -0.102601049900205
0.159235796638912 0.00653666978457107 -0.149585021531857 -0.155233101266677
0.136817337675622 -0.0617117298259949 -0.301309356781888 -0.0517105809808333
0.0895775552596213 -0.144147450790246 -0.280429311167207 0.118837073835777
0.0016416904550769 -0.173460617632271 -0.178266366792316 0.211492046330966
-0.0641879498304387 -0.16148649563008 -0.0567242816908295 0.216318909936628
-0.106845181257046 -0.167374197475844 0.052524708758963 0.171462863466514
-0.10928631592792 -0.170230656673068 0.117358008373502 0.0828898282327058
-0.106740351153243 -0.213793063978454 0.193062892854408 0.0294656392913818
-0.029032018343758 -0.281462180113075 0.239685946593124 0.037440453625431
0.0991316510576431 -0.26176485533701 0.245977713039247 0.0971030595379279
0.23300432749353 -0.194505516681978 0.22163172442198 0.18585314262334
0.321655231059609 -0.0790555568635112 0.176640211676042 0.201023646406983
0.337667680694989 0.051945295001158 0.192733042967242 0.117601586006327
0.271204715763879 0.20334599084082 0.0521985188406537 0.05274851360868
0.29053302886039 0.0976108268870147 -0.0176449348254222 -0.161995203355408
0.274890765808578 0.00745658820020059 -0.169035171632064 -0.199108106147855
0.214850321450511 -0.119432064428735 -0.29225986899279 -0.0813697773464404
0.123368878486716 -0.216547851756973 -0.258682370127695 0.0587517021632737
0.00728522230646075 -0.241079008773879 -0.184041551946477 0.136192285807048
-0.0721921223851771 -0.217185653503626 -0.0830583983439142 0.144855814041137
-0.116279337276406 -0.215805322797883 0.00964948185819357 0.100958104695836
-0.114162371805281 -0.217409242368003 0.0659995066395926 0.0108250033722399
-0.113708127087654 -0.265286043156407 0.149005918763072 -0.0513314642427939
-0.0265446061408269 -0.340262856458739 0.227467728567946 -0.0506853233038004
0.121401401592275 -0.320906910507566 0.269683314888875 0.0379461735785926
0.296435108397601 -0.235980807227725 0.221852823026034 0.171719840981857
0.403140231532295 -0.067273999180012 0.111188864571615 0.204117650446576
0.390440636405864 0.092665449027762 0.0648119282981108 0.08068306052951
0.282585920764714 0.235223207743967 -0.0614001647216012 -0.0390731568450181
0.344609613862585 0.12348042630233 -0.0974498382564961 -0.211987439629529
0.345128702068793 -0.00384460339613105 -0.189764585590096 -0.227993354366965
0.254237906141813 -0.167874667088748 -0.261176502897246 -0.111858325848923
0.130776998834141 -0.259998388670221 -0.226553518096973 -0.0194147017771964
0.00438780924948794 -0.273519366516946 -0.187675324355936 0.0439305652668257
-0.0739785410666775 -0.238347833426216 -0.109256563813962 0.0571075641375705
-0.107188092674781 -0.231625385752536 -0.0329142900364229 0.0144050940874574
-0.098182328727333 -0.233651854858476 0.0174627925409484 -0.0706852687450417
-0.0908610247065851 -0.278934900721765 0.107994474958492 -0.128807625993348
0.000475452784783388 -0.343027687710653 0.210073215637634 -0.12852487177585
0.147176260006298 -0.314766978854674 0.278822681769709 -0.010671197649789
0.324957441004272 -0.214175683133556 0.206560621273792 0.155911985345056
0.420308994109622 -0.0237164248974797 0.0415181186053229 0.197726545574987
0.378005093462468 0.134698995627271 -0.0582892349576494 0.0273122605837485
0.246828185703699 0.221015230429277 -0.183388184239051 -0.114880837755794
0.329700943863534 0.121193640116411 -0.184927981137029 -0.231983104401406
0.340604045459006 -0.0175078565282937 -0.204811624751056 -0.230840763902951
0.235957972744727 -0.179289608930395 -0.21655441119153 -0.137201884843477
0.110524487654892 -0.250522086809117 -0.19252630735275 -0.101753258452882
-0.00143741207084717 -0.254505598773768 -0.19445207587764 -0.0501796340385328
-0.0668571581203592 -0.220129739163301 -0.136528086332588 -0.0323247585043507
-0.0836757661701523 -0.212077412689019 -0.0681456700502549 -0.073416087639529
-0.0649494351825044 -0.216010187451636 -0.0158472605377223 -0.150663065882408
-0.0481026047153045 -0.253536010085992 0.0864152693781815 -0.19551290380657
0.0439117478531746 -0.291627787575725 0.204268607278674 -0.183893941198083
0.169729676599269 -0.249213157424634 0.280974898698485 -0.0384565282002089
0.314795653062391 -0.137968905985621 0.17914222153708 0.138498886058656
0.372960319370738 0.0436240746618452 -0.0193420163512234 0.170231053861911
0.308208236696743 0.165071256099403 -0.156015397643453 -0.0404785856874855
0.164396118866338 0.174278166240513 -0.287653881860356 -0.159662445213812
0.247202689933076 0.102417648140543 -0.251238191979239 -0.219530078862598
0.262085782754019 -0.0193713898066627 -0.208950900994816 -0.213909816463084
0.168616657495175 -0.143406652522713 -0.171940886343638 -0.155017840782879
0.0729435485894679 -0.182190564121755 -0.172337230882968 -0.166231969632217
0.000548480293793295 -0.1868273604833 -0.203904074300304 -0.121545065491179
-0.0446490224108287 -0.165726354070267 -0.160720058270016 -0.105338512281711
-0.049471621306329 -0.15962048762667 -0.0927036253103164 -0.14813914876725
-0.027472542695392 -0.167159307496838 -0.0294796813534301 -0.217059100938108
-0.00485075844206027 -0.190556664911457 0.0889384767927289 -0.242857973585755
0.0745182043935587 -0.201944854543871 0.215366183561442 -0.210590143012144
0.165966855612977 -0.154249664090416 0.2818971821812 -0.0456736415339615
0.261604194517124 -0.0473376985583493 0.154571347611828 0.116574066866502
0.27625936041255 0.101572370868017 -0.0561240037218689 0.120119068019861
0.197539866906988 0.170812507862616 -0.210921579926113 -0.114216568718268
0.0475988632138543 0.11123635171503 -0.354203878994939 -0.16646982185768
0.119441676800846 0.0811034854310569 -0.281507673942374 -0.185616705353394
0.137844985546549 -0.00444880389836804 -0.207572804619582 -0.191631351826959
0.0784958324710017 -0.0661410334544332 -0.148808029056362 -0.164379937661104
0.0363728946976666 -0.0738902660979704 -0.172645986829208 -0.193976843468173
0.0145256880963956 -0.0873814451409663 -0.21162431105187 -0.153805113567605
-0.00880129906033243 -0.0869370707084009 -0.176782938427976 -0.149095162472482
-0.00915619204409186 -0.0843516627501848 -0.103296924793374 -0.197577390652522
0.00438018061773953 -0.0931589601471606 -0.0255759465385603 -0.260178621973953
0.0195298536558051 -0.103381125840061 0.109092572986044 -0.269345142494029
0.0718134959022382 -0.100377215278005 0.233547923912508 -0.213573056742906
0.122931370081019 -0.0694705468426643 0.282712317835657 -0.0401146716446326
0.17759414149697 0.0144633281268894 0.143849923610813 0.0924498239540144
0.152189640232057 0.120633881327735 -0.0606140764873625 0.066702432961172
0.0690160361489346 0.137882978893054 -0.22032381016002 -0.175481645648119
0.0437332621539978 -0.0518046385695819 0.23205496680467 0.172123677527737
-0.0446585278964677 -0.0635951532190524 0.0910469573457905 -0.05743165842465
-0.0643851319637589 -0.0134672082755179 -0.130870742110921 -0.097987139761958
-0.0276345187420811 0.02506436474476 -0.284484220354705 0.00255272440614154
-0.00899226761890858 0.00960285644211568 -0.25866121576139 0.201011053837557
-0.0200401565406321 0.00311707853339267 -0.115354811720677 0.286364484082918
-0.0312428752342464 0.00341418795403708 0.00947122990071342 0.265602140188255
-0.0435480188289714 -0.00213568262291015 0.124355854674021 0.217001769114289
-0.0424008184299841 -0.00688619657126067 0.18259884595506 0.148861528167289
-0.0389509298211982 -0.0201053087989819 0.227403519704249 0.128228441666845
-0.0233617791954368 -0.0418412268964079 0.212846906128955 0.15435753442684
-0.00178239740005805 -0.0311102398659069 0.174038145678984 0.166624277576031
-0.00526990092147289 -0.0450074527987253 0.205734211454595 0.182590141567927
0.0184785593161957 -0.0708963964869468 0.268980140514486 0.186857861022252
0.0786220919713879 -0.0379892431428463 0.36333465125957 0.135050237676747
0.141558281583479 0.0295240019405035 0.202815843009588 0.163402515425771
0.0692130287243535 -0.0225102689839253 0.0674347577594012 -0.0617965859321935
0.0362531931646801 -0.0104422495733089 -0.136406772020796 -0.108815713267846
0.045420006048839 -0.0169131240227775 -0.286514997245522 -0.0109369210418044
0.0323856178559129 -0.0661518460886842 -0.265500013725442 0.171287025527463
-0.0165032394377373 -0.083188148702389 -0.139448108915316 0.261045180878006
-0.0566953004875881 -0.0766128821414789 -0.0130420956013654 0.252107181932196
-0.0855236951329229 -0.082913932664465 0.100490255368636 0.202801967722879
-0.0862302447069098 -0.0890611512890604 0.159794037175607 0.12233728078485
-0.0827700858256643 -0.12036197394572 0.217951720587783 0.0813901971828171
-0.0320083779519542 -0.169257088047639 0.231941490672013 0.099497357578648
0.0522492597166235 -0.154233882166761 0.208026333470982 0.133857984998997
0.118649907822817 -0.123571084363912 0.214365018019743 0.177598162924454
0.175578225471171 -0.0811894710075712 0.230382006952067 0.179055078975677
0.220259323101173 -0.00216941520127267 0.294739008783028 0.120283256978455
0.221849332125452 0.11224449924587 0.142691077487425 0.11934716730871
0.183494711060386 0.0300878129323796 0.0301526283342996 -0.099943686057777
0.152326538277451 -0.00604831158903899 -0.152336323649191 -0.142527476787281
0.12638985619277 -0.0685243250797949 -0.290470639838359 -0.0322496085179277
0.0736228419688646 -0.14352191754297 -0.260579915432774 0.130322859907546
-0.0115687564193918 -0.164898384602033 -0.156214043755329 0.212971709230152
-0.0741108774248113 -0.149530086155004 -0.03988033962163 0.210348214606813
-0.114509224605899 -0.151582783200683 0.0620642016786671 0.160609572442441
-0.117207341783126 -0.156701162319181 0.116553938733497 0.0730744141936948
-0.117514940190089 -0.196659283803142 0.18446820582036 0.0150981395561855
-0.049221244379746 -0.267940200037879 0.231686472017177 0.0195912977351602
0.0766065844220954 -0.257728418444459 0.240050133206324 0.0801049011868432
0.20896316089513 -0.202558319208559 0.224116457159158 0.166119432742278
0.301887992917729 -0.0973947261764325 0.179226179507516 0.183389070566655
0.327352681710384 0.0301593972549417 0.190417360577986 0.101118484517848
0.273886590363034 0.176170459140414 0.0527017107751101 0.0476331283237348
0.28214782605837 0.0729680476863983 -0.0269946850218188 -0.152965666174016
0.262559845138998 -0.0129366528324263 -0.173918985398001 -0.183682655955663
0.19739860706416 -0.128375238665276 -0.282576051818961 -0.0615946562968578
0.1011894383132 -0.214808103183308 -0.244334886772261 0.0702552312931186
-0.011499613710098 -0.230430170406718 -0.167746581391811 0.141939538329129
-0.085690592314948 -0.201863574930775 -0.0697105657567034 0.143960349965151
-0.126158350080749 -0.197971235250841 0.0160906839432131 0.0956854813123919
-0.126090096566452 -0.201154168319219 0.0627424931203326 0.00714638532911999
-0.127783313036853 -0.245840911123777 0.137180678394359 -0.0588707645441339
-0.0511148736699268 -0.322903879722745 0.213361868786856 -0.0649441096162081
0.0937134917762115 -0.316268980971836 0.258385488673703 0.0215112501975531
0.265752441953175 -0.245638143278663 0.223896945613439 0.152673304859264
0.378441942834785 -0.0920253134514801 0.118432199989629 0.190090063802016
0.378915654986491 0.0666980644767467 0.0665625776460463 0.0739385066913527
0.286306759463194 0.20468665691636 -0.061655662428012 -0.0317957068149419
0.335242246036858 0.0949548023306589 -0.106077520230833 -0.194951333868502
0.329576399365937 -0.0283049617826575 -0.195630087204601 -0.209427401107244
0.231354052220936 -0.178184208902704 -0.255621167641038 -0.0933213215738728
0.105641149754829 -0.256362761166861 -0.219149644552208 -0.00762724037261469
-0.0167103391239619 -0.260295980311994 -0.177808124951741 0.0536860988381665
-0.0892338580557092 -0.222531725549349 -0.100818640992768 0.0620612673126803
-0.118730023749044 -0.213789416620659 -0.0307768863458166 0.016086581077886
-0.110828204376631 -0.218363402534627 0.0107125402684173 -0.0678441716763451
-0.107061511058164 -0.259991249167779 0.0929750669251744 -0.129929284347466
-0.0245689043962438 -0.327083173700933 0.191402959950093 -0.137323242416959
0.118469248385015 -0.311155420818132 0.26361835553524 -0.0267085051644628
0.293112871216818 -0.227231514024109 0.207275308372077 0.139481596295579
0.398260212140539 -0.051062101489265 0.0519345638603768 0.189195571709377
0.37062730069805 0.107351362499461 -0.05406570929086 0.0303932615029478
0.251254004027914 0.194528568892121 -0.183028360048563 -0.0976804730765569
0.321401574226924 0.0944884644579561 -0.190136920283716 -0.209279988871716
0.323836160924872 -0.0408881862776226 -0.209901835768155 -0.210340226283246
0.21343817013628 -0.187405074090752 -0.213664824335856 -0.120354043134428
0.0874521660752585 -0.24614190334871 -0.193167582190217 -0.0885783875253332
-0.020480790921764 -0.242848292247087 -0.189924441907123 -0.0346433752422637
-0.0802358486224919 -0.20548622130694 -0.133288894969138 -0.0222888652685672
-0.0947042490253459 -0.19563696737754 -0.0704307040391754 -0.0654574888626448
-0.0775765644839595 -0.202887523821628 -0.0268797687097128 -0.141563381358873
-0.0636279186064813 -0.238038604807233 0.0679252850540878 -0.192745561323585
0.0207597543079509 -0.28124943747704 0.182356463469042 -0.18982697611824
0.145233142253286 -0.249577580611577 0.264336690118121 -0.0533129682546592
0.288832731966302 -0.152458318730752 0.18049765957909 0.124442526045854
0.359460641057549 0.0172563175665815 -0.00872672824201147 0.166296399367108
0.305383092984501 0.139836624141887 -0.151114069026565 -0.0284780979666107
0.168724955248167 0.155351727673277 -0.285469247534631 -0.135039876486292
0.242183391357655 0.0812806893248146 -0.252652335644807 -0.194056619057428
0.247994975502566 -0.0371627542997259 -0.213219083559631 -0.193965984459043
0.150436108769417 -0.148220471701616 -0.172203156008016 -0.14150144532813
0.0567140075464283 -0.178104238095637 -0.177581376404927 -0.151036365537088
-0.0140296492065245 -0.178123983626446 -0.203167832138932 -0.10212932218998
-0.0554590673991157 -0.154811652703761 -0.161712414750045 -0.0912571377743462
-0.0575697742556245 -0.148525289094622 -0.0999100149138672 -0.135547818997003
-0.0382239363030432 -0.157802244275057 -0.0449322759054046 -0.203744159067214
-0.0179404789097155 -0.180695715987928 0.0676449734472085 -0.238111629689274
0.056508194664299 -0.196908418244183 0.190431988932206 -0.216309396138148
0.147812480854685 -0.15767452381437 0.265322254788862 -0.0607462500498764
0.245227475263304 -0.0619018974613599 0.154764701966707 0.105137995353043
0.269498340538089 0.0791035886106674 -0.0463137170803427 0.120785853580242
0.199688188462906 0.151108554830015 -0.207472684088857 -0.0950414855051399
0.0527900339939986 0.102826828491631 -0.348315994635756 -0.137319388320294
0.118165541793042 0.0690093599654102 -0.279008685786736 -0.161045987745219
0.13032844941557 -0.0137381721389341 -0.209577959762599 -0.17192547333394
0.0700193945716883 -0.0679856350299557 -0.15092460716615 -0.152580042477245
0.0299157897229556 -0.0717359589111459 -0.180344315952026 -0.176736403700654
0.00702857293951843 -0.0841221940732963 -0.212576823396109 -0.132857673906334
-0.015057281127464 -0.0826497987964021 -0.17958482032207 -0.1320816109137
-0.0133773897825547 -0.0788313709147279 -0.11376823872107 -0.181530205869148
-0.00165115876327338 -0.0892304853604019 -0.0443592565228932 -0.245514650716903
0.0118027893901869 -0.0989242110907615 0.0852074168726872 -0.264030657024157
0.0615515672652893 -0.100226202627327 0.208957946368708 -0.219113577789449
0.112412329548488 -0.0739873544394679 0.267160272963373 -0.0553370604263166
0.169095303323821 0.00175807166445229 0.142555507355349 0.0815192578633825
0.153094177339152 0.105346084665243 -0.0530163801958117 0.0695261670427713
0.0743958259619638 0.127739978604564 -0.219574790485517 -0.152505652376537
0.0368512707937918 -0.0557371066691767 0.234927895933568 0.135307769425445
-0.0487892763720011 -0.0540176590508097 0.0794254870210356 -0.063616882655781
-0.0624997878461658 -0.00414835550429086 -0.132137300601173 -0.0758849065391091
-0.0226746322704398 0.0255170195098608 -0.264006453856312 0.041763555872496
-0.00869609411478252 0.00865013205905777 -0.211867502744217 0.222147598547176
-0.0178757832914114 0.00591543810717101 -0.0705573426713187 0.281310317897641
-0.0281725604257464 0.00925113138207862 0.0431040513242841 0.249778703534882
-0.04108046671406 0.00416744149800548 0.144010586173259 0.1840460111564
-0.0404027254605778 -0.00186930089081102 0.187822354868643 0.115403757670032
-0.0400124621485721 -0.0154158202185228 0.22741722144288 0.0879562433196565
-0.0287865335285969 -0.0377313435606197 0.216884886925117 0.117736150684179
-0.00528887342837093 -0.0309739810795996 0.183715839445883 0.136687902956194
-0.0109633175420291 -0.0432115442977413 0.214362966861683 0.144650977766513
0.00875197780093111 -0.0701222796729592 0.272013292476644 0.135159473826675
0.0691031942808663 -0.0494526722129386 0.356658970427654 0.0810988469702225
0.141318277107027 0.00797333452521576 0.19714132130496 0.126311703653627
0.0605924230922 -0.028985396110611 0.0523728804044934 -0.0653545625829138
0.0306946100530725 -0.0149869945493177 -0.143534244628805 -0.0859490437477538
0.0395457620279148 -0.0213538024391472 -0.270791193089325 0.0293320213802544
0.0201790583177087 -0.0660540672064375 -0.22573310289597 0.196472915065497
-0.0260126552757271 -0.0732777402795979 -0.098510868954243 0.262774139559163
-0.0610068280050981 -0.0612375733362903 0.0180850315865028 0.240933522946705
-0.0907492306611943 -0.0651703062905465 0.120113859344413 0.173604744037226
-0.0924369302880188 -0.0722368313713875 0.161479095915201 0.0937026231944917
-0.0933087676857952 -0.101268692510936 0.20918643570132 0.0454036688179165
-0.0545166661162905 -0.15276254704087 0.223667883784412 0.0637230062875852
0.0277179275698461 -0.151053537148434 0.20911705752092 0.099129706957684
0.0919121008792023 -0.132586500531318 0.222087230227579 0.1344292559717
0.150502047425767 -0.0996604349719882 0.24061951170175 0.128867252502125
0.202023387253735 -0.0344597222588653 0.297123200810947 0.0768155701408769
0.229753181208859 0.0754788929750242 0.127337229604912 0.0875250722149752
0.172699145803947 0.00536005538027774 0.00980628612431604 -0.0968298738093128
0.138187426820409 -0.0256452651717106 -0.167297608363537 -0.116531334233036
0.10901598690907 -0.0782775010124002 -0.279393509929802 0.00973411399089544
0.048528721286397 -0.142371157604208 -0.23086524469236 0.159317268296079
-0.0317670828756859 -0.149835698507121 -0.123234388237696 0.222107101602978
-0.0874304122161384 -0.127042943375637 -0.0159495295859496 0.205186103045819
-0.126087307130853 -0.124904006634982 0.0783980118856682 0.139856435537081
-0.130623605827214 -0.130535278587453 0.113716434501392 0.0529621532221876
-0.135643581102052 -0.166518695047801 0.167028796093347 -0.0122452061740466
-0.0844204495112744 -0.240185771807355 0.210745183058362 -0.011786017223093
0.036481928902878 -0.248887903094823 0.229253506594946 0.0415248090951358
0.161839482315812 -0.217701196533964 0.230151115695779 0.118271897830609
0.262068878304398 -0.12955302711347 0.19890880191023 0.136127553588469
0.302484283165219 -0.0183759133744888 0.199504204359786 0.0737650533200123
0.287307989644114 0.129141178367915 0.0292814768200143 0.0288213251414324
0.26914569563342 0.0334728745365768 -0.0531427472725377 -0.138407890838876
0.239713289936059 -0.0464260664106834 -0.197325510795693 -0.152266690865025
0.167109431690706 -0.142697079499195 -0.280367137580403 -0.018406765818516
0.0657906487745234 -0.211425247872368 -0.227368439412394 0.103032208936632
-0.0400473728000894 -0.210203880027299 -0.145042790387116 0.160318454090149
-0.105249199226921 -0.173688436518033 -0.0538420890240228 0.146542001276893
-0.143238670275183 -0.166173590305155 0.0267978445406259 0.0858678046059433
-0.14490239590291 -0.170660451696347 0.0542544138231775 -0.000657666256584989
-0.151079567039203 -0.209025898544887 0.111376183143305 -0.0741083048740802
-0.0940338083200296 -0.290547198193916 0.181873313931256 -0.0870553998075304
0.0437081006099489 -0.303846313462239 0.236823539280887 -0.0173464724270583
0.209270156241576 -0.265310896807325 0.227974351451492 0.104888942475873
0.333064551789309 -0.134678212802363 0.146899045305406 0.150479808837456
0.354835530836203 0.00913912247768096 0.0827170412419804 0.0644181244380239
0.302515806836119 0.15409421603806 -0.0892834173205805 -0.033178178161469
0.320300248986196 0.047998413333355 -0.133791320717397 -0.168827950847441
0.299066122709066 -0.0690320671635368 -0.225432065146204 -0.173911723992137
0.192809635941435 -0.190927002170819 -0.2614393060917 -0.0521437064511176
0.0646532552691794 -0.250511552254873 -0.216068403943774 0.0272995379903162
-0.0484582008225277 -0.23727101376748 -0.166898202838522 0.0804046811317847
-0.111071375979506 -0.192722809423731 -0.0947000337318273 0.0732530153292306
-0.138307467255957 -0.18184243495582 -0.0274786179550484 0.0181898202739677
-0.133370732508191 -0.187836357842153 -0.00397028645152474 -0.0634206440020324
-0.133997079035153 -0.2244356856903 0.0611305838772462 -0.13477693645184
-0.0706292160249686 -0.297324983073601 0.152010917138094 -0.153281192978598
0.0671750811231888 -0.302545392630666 0.236297234654727 -0.0638514575995311
0.236681445167996 -0.251673384694016 0.211902915470787 0.094237508680039
0.355685542028208 -0.0991690339071396 0.0872845406464677 0.158539136225298
0.352000778816015 0.0485602031856095 -0.0361104453768925 0.0398714762738665
0.266149074960096 0.150099550679042 -0.207168208802935 -0.0795485374283259
0.306818617112104 0.0493434197344743 -0.213975194848589 -0.171216048505084
0.29188717782204 -0.0789648989366222 -0.238581105362706 -0.17130656165324
0.174186415744676 -0.197698893569382 -0.225611573063238 -0.0830464570658773
0.0499216457229319 -0.237872460811034 -0.202607462704331 -0.0516338449819557
-0.0501115349620727 -0.220355923283402 -0.189438145813643 -0.000943129107771416
-0.10127772133641 -0.178571147887803 -0.135883113709818 -0.0029128387921677
-0.113023017703684 -0.169511472528399 -0.075733810914741 -0.0518304490188966
-0.100432411643819 -0.177717470548054 -0.0481913838571127 -0.127618902724166
-0.0913552401400014 -0.208645151025532 0.0303864595767228 -0.189881812108751
-0.0224864014386211 -0.259994233250166 0.138003799248334 -0.20184800543974
0.0983513547441729 -0.248286053934395 0.235279169234173 -0.0889672528510207
0.242111203648461 -0.181941753922581 0.186591194490686 0.0858472059070823
0.327884121445769 -0.0310999066029607 0.0300971670033497 0.148962224530201
0.295562391322017 0.0877339802926606 -0.135743244024679 -0.00251199920297461
0.181504476861576 0.124404422589758 -0.30032491257935 -0.0995671363592522
0.231373102716113 0.0472897163291587 -0.266705150875521 -0.149420119712672
0.222556530544912 -0.0657812844737278 -0.235801758451392 -0.154621194344857
0.121771042731197 -0.153812626297763 -0.187959087293847 -0.108880472155391
0.0307803530443542 -0.171588612458668 -0.195570485847766 -0.113265378140946
-0.0360724415731525 -0.161770340376982 -0.208514960297526 -0.0643951871058129
-0.0721585780326853 -0.13526284858553 -0.169476995896604 -0.0646427851976587
-0.0720016541854835 -0.129860061470413 -0.112705026108713 -0.112491126199451
-0.0573725678269782 -0.141151203381874 -0.0713059368052076 -0.183577491752791
-0.0407143516281525 -0.161220992727005 0.0264489685186476 -0.232678424483496
0.0232229170934682 -0.187044276551587 0.144622471299752 -0.227329885251051
0.113195815866179 -0.164899719421761 0.237338085922806 -0.0955108808139167
0.214732068325927 -0.0921971642821509 0.161210749018201 0.0734226848683358
0.255802856872659 0.0372553233662527 -0.0133213736442147 0.116142674668387
0.200945485660592 0.113964814709921 -0.199649545077415 -0.0576068950878708
0.0626218656552711 0.0902499393787301 -0.347777132421366 -0.0931054129116299
0.115837800947888 0.0507966736281329 -0.282057977407278 -0.116521918518446
0.116599778442392 -0.0283847793820037 -0.223738121366627 -0.134656794195245
0.0558690599496884 -0.0702801188713186 -0.166290637851893 -0.122824885490604
0.0191700333533681 -0.070112742241005 -0.197509724183073 -0.139601345808935
-0.0050480581441295 -0.0778371177603087 -0.218500214653813 -0.0942680510997159
-0.0259371703764743 -0.0735588234558808 -0.189598130074126 -0.100490742756562
-0.0217824252217694 -0.0712195546401593 -0.130960013175002 -0.152780917989036
-0.013938720651854 -0.0807189056352908 -0.0750508596834233 -0.222717433144494
-0.00241340847887639 -0.0900448846022054 0.0415084182841427 -0.258208784301033
0.0408628858934253 -0.099300651664674 0.163653271132595 -0.231785016412769
0.0916952934218377 -0.0822688156627507 0.241731470867913 -0.0881989112206808
0.15435848589321 -0.0223332843236815 0.146796717985719 0.0562423178510259
0.15329806394047 0.0758117207587539 -0.0297562152021415 0.0728864749880359
0.0830804291389053 0.107975348309402 -0.221749915367092 -0.110457845589022
0.0355654048936679 -0.0516667730137095 0.220650453878618 0.12709091356628
-0.0456293459266642 -0.049476733307883 0.0754922869377874 -0.0598147724024712
-0.0588814463290319 -0.00436352746807091 -0.124645157359514 -0.073355172733192
-0.0210572076847801 0.0238827456659203 -0.248539513055566 0.0374319224534603
-0.00811559881544623 0.00821943362911498 -0.197523210487193 0.207817417797193
-0.0171105222062878 0.00565194149602213 -0.0657256288610053 0.262868033410133
-0.0266106769729646 0.00863826534893205 0.0414306082975015 0.236266378638217
-0.0388077944277953 0.00441151649907271 0.136451298982941 0.172022321039063
-0.0390950178352353 -0.00200668089203536 0.176672796290139 0.108058174092792
-0.0382641001966623 -0.0155090967463566 0.212839289147617 0.0821412204218196
-0.028049516791842 -0.0359581323745403 0.205302418854174 0.11071863593567
-0.00458747806700758 -0.0296355566139636 0.173476438448919 0.131888503284133
-0.0100659468349408 -0.0408867426130465 0.201531637900682 0.136720464783557
0.00911222724122755 -0.0655017053778037 0.253527069253335 0.128715603685836
0.0664811225315093 -0.0462143325326887 0.333697159985584 0.0778949945337878
0.133689237410174 0.00755750183728534 0.185009625165426 0.119022254092558
0.0562522610491895 -0.0270210308517107 0.0508627472250532 -0.061133805354072
0.0273307118810576 -0.0147560949760082 -0.134427652128599 -0.0828128410875082
0.0370067072533493 -0.0212041135137685 -0.254068915506728 0.0254691339067842
0.0182620452581201 -0.0615242622299998 -0.210988196940262 0.184475762096954
-0.0251035676148568 -0.0688670707694591 -0.092573975608538 0.246215290512981
-0.0578417508431624 -0.0572835392500688 0.0173550167821994 0.226217859269473
-0.0859187483475527 -0.0606175397374621 0.114055543356538 0.162293289873889
-0.0885324252591295 -0.0680698895474225 0.152293165049684 0.0882331446911392
-0.0882389775320727 -0.0953147174182648 0.195593613511589 0.0423055923349943
-0.0532360690124674 -0.143287976054195 0.211227347621861 0.0580414228850333
0.025142194927555 -0.142475480302763 0.196873774849196 0.0955125825417657
0.0855348101499898 -0.125135153692158 0.20913994997023 0.127548017330111
0.141215866555666 -0.093769818927336 0.224607888884971 0.123802742766866
0.191286838512578 -0.0316312648003263 0.277633970949933 0.074034535834403
0.216391820525001 0.0698834925511338 0.120540236034274 0.0835456933848895
0.161218997146854 0.00449316844722047 0.0106591198217733 -0.0901476998381193
0.128245764510722 -0.0256556521491345 -0.157480504416259 -0.111954868501344
0.101166769423616 -0.0745374383386137 -0.263429026913295 0.00677513284807978
0.0438305786016971 -0.13354028966307 -0.216479289895006 0.149348541034814
-0.0319739975824828 -0.139885366511892 -0.115928587163733 0.209508312786883
-0.0834784577354532 -0.11834393433182 -0.0139292052013037 0.192742756895996
-0.12029081403345 -0.116690567684228 0.0752967064552557 0.130930006885394
-0.124930244806766 -0.122665270571663 0.107555830916611 0.050735952396879
-0.128260279529533 -0.156676598765948 0.155619720837343 -0.0118963155951645
-0.0819943774280875 -0.225115789072606 0.198659874327058 -0.0117745767382587
0.0321351432260689 -0.235175137872106 0.215700709647824 0.0417755589524306
0.150632091973919 -0.205045992005419 0.217180160820729 0.113417652512123
0.245675118877118 -0.122758028373129 0.186464154108368 0.130492188287511
0.28596644764651 -0.0162083605497724 0.187356252945753 0.0706634501021919
0.270993933879263 0.120449349668718 0.0283929270546347 0.0282363685747576
0.25086654736569 0.0313435846752964 -0.0484174135464544 -0.128820807732281
0.223195316749672 -0.0451041863318302 -0.186283605678689 -0.145637811984198
0.15556206053794 -0.134675491546338 -0.262637650067945 -0.020082905679647
0.0597290673143608 -0.198359586452128 -0.214395042078283 0.095522286592691
-0.0403429760877698 -0.196211478710002 -0.136533909388848 0.151153214829796
-0.101165275299544 -0.162267371009057 -0.05029541837152 0.138232839752525
-0.13615471742757 -0.155011659537966 0.0253459482083422 0.0795944639608196
-0.138810509650611 -0.160450737488693 0.0507350262017855 0.000272312525798614
-0.144280145432986 -0.196193344186217 0.104128298073358 -0.0695747339079986
-0.0918495123555864 -0.271783375830785 0.170482248194166 -0.0833450797338004
0.0380255640223249 -0.286237942228275 0.223012558239026 -0.0146535504512049
0.19297032293384 -0.249929797634676 0.215635584001956 0.100895652665842
0.311908567075907 -0.128067298824376 0.137439380895965 0.143938599637403
0.335259043775043 0.0102017079885443 0.0782716223663153 0.0618903684667642
0.285180464352114 0.144272644981481 -0.0829076600229653 -0.0303578562742059
0.299646139724797 0.0439728408118721 -0.124299728640161 -0.156805781218067
0.278990650120398 -0.0670716431137964 -0.210729232044921 -0.165140605897027
0.179402849703766 -0.180768379384135 -0.244520774888816 -0.0510415849950019
0.0589856938336157 -0.2353193842477 -0.204889517230015 0.0249134155696486
-0.0483323252060051 -0.222319743482956 -0.157763376121761 0.0772605291598612
-0.107460187125099 -0.180012651228708 -0.0893870681611156 0.0690985028464212
-0.131123507527511 -0.170188691782852 -0.0260774411439926 0.0165001512228137
-0.128309791853106 -0.176483903993798 -0.00460777504553576 -0.0581258865348595
-0.128000570864484 -0.210277652983268 0.0555586022276466 -0.126609912905249
-0.0701163198792551 -0.278421080212729 0.141728436630414 -0.145176856969861
0.0595915291209102 -0.284799800233218 0.220760439431934 -0.0585148998972481
0.219450737984638 -0.236674410657509 0.200144684719225 0.0919403997143127
0.332800940279051 -0.0947934513051134 0.0831228507643426 0.152028719648233
0.331627045940068 0.04644240705913 -0.0333287880181319 0.0390213763039393
0.251045270851683 0.140211029029089 -0.194027763362846 -0.0740284329181565
0.287432559005347 0.0456575967806017 -0.198839456949878 -0.159242363321239
0.272959403552544 -0.075778802382388 -0.224756035193606 -0.162979576550571
0.162281928139715 -0.186750840764869 -0.211542678755773 -0.0818623016402333
0.0451345253964558 -0.223792996332398 -0.193583696567437 -0.0498431193246409
-0.0491460337383608 -0.205965998236434 -0.178932314358238 0.000344863921932609
-0.0978927871292951 -0.166680867758646 -0.12838870683419 -0.00242067639717613
-0.10764323969009 -0.158156023085393 -0.0726027907020598 -0.0491699258278047
-0.0967396900856605 -0.167208248402155 -0.0461171279794497 -0.117811099138966
-0.087413503882802 -0.195449469692514 0.027569919079718 -0.178304816882368
-0.0237373267690602 -0.244235921452821 0.127933636397046 -0.190046189969648
0.0904919519497785 -0.234268596649019 0.220345332560812 -0.0836428826426164
0.225818259959575 -0.170543516982898 0.176288951873183 0.0837018348672814
0.30816665477072 -0.0309975552476248 0.0282099272849246 0.141942972973297
0.279414794896521 0.0838897503593841 -0.127439737655204 -0.00120941469142841
0.170967094888061 0.116740442803692 -0.28253992122785 -0.093922400144905
0.216644514976046 0.0445917516054463 -0.249008940211518 -0.13977818664771
0.207357247117925 -0.0627108710826137 -0.220722810040947 -0.146918979300193
0.113288385347955 -0.14438610875944 -0.175983495393653 -0.106213984568651
0.0274961696897775 -0.160851477188369 -0.186201929214334 -0.107406749219142
-0.0351470138067238 -0.151119769188841 -0.196967167477395 -0.0589875532010479
-0.0695107183939684 -0.12613008261195 -0.161077402972689 -0.060136300700201
-0.067973410768035 -0.121984867596413 -0.107546794369765 -0.105414235371989
-0.0550794285275095 -0.132728965224103 -0.0686876191882495 -0.171136696308364
-0.0395326366053597 -0.150241067526057 0.0233703405014264 -0.21790556421173
0.0197679200561196 -0.175729473678779 0.135000025096709 -0.214201013514375
0.104823795667523 -0.154673520107951 0.223028234823898 -0.0889318893999141
0.20009920050456 -0.0861953834701188 0.152039016477327 0.0716935934885742
0.239257181216373 0.0337730510512188 -0.010976779113962 0.110498508730094
0.189111953201912 0.106902912831224 -0.187265811373645 -0.0536926988014799
0.0589784782873516 0.0842626051771393 -0.327919678323112 -0.0893744592477561
0.10838019550213 0.0480200754968922 -0.263335193891173 -0.110513260337568
0.108273569873386 -0.0274181775672633 -0.209479194314406 -0.128029011585528
0.0517447176114611 -0.0656805137845441 -0.156979210425089 -0.11923773271318
0.0178854553586544 -0.0652751007305619 -0.189129961066105 -0.131832765582878
-0.00553763500532558 -0.0731484751911951 -0.205952923367911 -0.087142499998227
-0.0249353031083409 -0.0680858089191854 -0.179515124863229 -0.0945273021313159
-0.0199149483998968 -0.0667951903637416 -0.125275269324058 -0.143069317738151
-0.0134852476452607 -0.0758273993919893 -0.0722354872061245 -0.207100753886006
-0.00216634855034333 -0.0835001417310026 0.0375880811535976 -0.242114824635248
0.0380140591007836 -0.0934455280586956 0.152836040180119 -0.218106042644129
0.0853887412299436 -0.077792739476966 0.226576005233708 -0.0835709806262189
0.143409393586882 -0.0203687341848872 0.137385383121065 0.0556897877979296
0.143601172648953 0.0702652507273877 -0.0266774427512063 0.0699840327453455
0.0791596231999602 0.101520910194772 -0.20694915622638 -0.103374365287596
0.0368767109855334 -0.0488711768759398 0.210054068088684 0.128297309100152
-0.0422604193864544 -0.0486236116569753 0.0757842563837482 -0.0563679254259896
-0.0576925821436604 -0.00623679045699041 -0.117841956006597 -0.0762370211050394
-0.0203404571040163 0.0217326423596266 -0.242590316483719 0.0279856312006734
-0.00775934363915822 0.00717513004023519 -0.194964171059191 0.195188205759959
-0.0171435432430227 0.00483531170532231 -0.0695835060801067 0.252532381808584
-0.0262732776360661 0.00807462124271718 0.0343614143213749 0.229125474738507
-0.0383912125178486 0.003363028741121 0.129076035549442 0.169724436652672
-0.0390086521345826 -0.00301808000996526 0.168715906183263 0.109342994804868
-0.0370372944486317 -0.0165805618380667 0.203173421324434 0.0839088432956375
-0.026595203884677 -0.034894640832932 0.196585977112253 0.112233337314665
-0.00366312844140432 -0.0294058654854731 0.165292220715689 0.13421961763249
-0.00872329654039693 -0.0399901416110951 0.191476385640909 0.138348979909105
0.0106802601705207 -0.0630338172106878 0.240287654961678 0.13338389340328
0.0669588344771797 -0.043159983884234 0.319462290685588 0.086502636235697
0.129707125667864 0.0108269944809656 0.17615884295017 0.121260096887497
0.055026279320072 -0.024284900787391 0.0521029314787807 -0.0576623205265115
0.0259280818624328 -0.0134706506835763 -0.127537821692772 -0.0859066341922273
0.0363912104746588 -0.019843147205423 -0.247529286503621 0.0156944676175802
0.0185157989445408 -0.0589165081313411 -0.207131187306206 0.171498498376355
-0.0236147873469342 -0.0667832021249424 -0.0954566951720501 0.236377831293147
-0.0555282079108996 -0.0562883028380141 0.0120506509955469 0.219509656874034
-0.0827863801011215 -0.059809289506393 0.107027800280246 0.159254560030111
-0.0854808706362171 -0.0682578290839517 0.145239813677588 0.0900371331633889
-0.0840441193758023 -0.0955437926818729 0.187513612720542 0.0454450257256577
-0.0497222354266863 -0.139786384714523 0.203793667146765 0.0614959993666901
0.026790695107434 -0.137905366272295 0.188319465381119 0.100182766461335
0.0851004907423808 -0.119008342492313 0.199884603272659 0.130182678658886
0.139086197496039 -0.0871164991182186 0.213383091722239 0.128244297770939
0.187543949687294 -0.0249365151353739 0.265498399569485 0.0809259857630943
0.208548431084766 0.07335215352991 0.115585540912748 0.0849425796242406
0.15464314832582 0.0092738141857367 0.0147175035470029 -0.0857941283584748
0.12291648765533 -0.0222120165652654 -0.149465104185287 -0.114614782260752
0.0990911122138858 -0.0699927936496108 -0.254784117585725 -0.00243792039720571
0.0449257359498058 -0.127487727708218 -0.212815187051113 0.137362146411643
-0.0287647197251816 -0.135212537679461 -0.116879503162716 0.20090980502359
-0.0795113006217213 -0.115546446344125 -0.0170941594000517 0.18668986528072
-0.115377002399075 -0.114878147821232 0.070024054610012 0.127887355131951
-0.119752300748744 -0.121577334901831 0.102826947104015 0.0525590871640409
-0.122334112125234 -0.155652918819154 0.150103391558805 -0.00699130589305375
-0.0767499881022755 -0.218889592296368 0.192697783971884 -0.00709238058593005
0.0350550534740593 -0.22678637599155 0.207544573691629 0.0477902550341633
0.149162308990125 -0.195170151995745 0.208052803153579 0.117357177679146
0.240455424371623 -0.112984122993674 0.176093904329038 0.134108786334174
0.278077276218646 -0.00714088944417302 0.179411523956512 0.0755768019851692
0.260014150273513 0.123199269616068 0.0278366179123294 0.0287753765774721
0.241650174475125 0.0367088724189811 -0.0414129375520073 -0.124770063506079
0.215552748096105 -0.0391027920442185 -0.176102645383095 -0.148467543086591
0.153247623774294 -0.127669251977005 -0.253020004551804 -0.0290885490202377
0.0606095849070952 -0.189887569547978 -0.209803639365518 0.0860975745991445
-0.0365607435326202 -0.189853148264995 -0.135783859841941 0.144545132439853
-0.0955920327256952 -0.158450669343062 -0.0508882008839788 0.132741168162157
-0.130032098881697 -0.152315690290482 0.023349211876374 0.0775363255904925
-0.132636953628118 -0.158982817430906 0.0494603040165295 0.00264513656148471
-0.137067678762666 -0.193146420435056 0.101349614806681 -0.0643172569944358
-0.0861886934217115 -0.265110592562956 0.166370873711384 -0.0773244158495189
0.0416934686146367 -0.276774065790987 0.215099404722312 -0.00657105231682613
0.191680058013293 -0.237126003813691 0.207036384998095 0.105795551343907
0.305159847380031 -0.115928886094401 0.129437465634979 0.145804018118915
0.325489835943179 0.0200608343692889 0.0744347714803267 0.0635758313509317
0.273541911309048 0.14736817367331 -0.077817465644352 -0.0309318164521878
0.287911539835875 0.0499484605195723 -0.113795386361201 -0.1529526608085
0.269696961712275 -0.0585327052458982 -0.200518113544082 -0.168249259835603
0.176975946186667 -0.170975036209947 -0.235966402053418 -0.0595636690993834
0.0611883829695322 -0.226241687146938 -0.200106672678218 0.0175416255182112
-0.0437979016779266 -0.214578120781064 -0.154470970836777 0.0716791799375034
-0.101344727422624 -0.175716528156423 -0.0873380330894341 0.0645751388711776
-0.124808633109112 -0.167468619889872 -0.0257983228093723 0.014498334122763
-0.121819191475583 -0.174095563896741 -0.00283922233686606 -0.0554700131769735
-0.120922789083719 -0.207020780686609 0.0558946086447715 -0.120497974688378
-0.0643453068806501 -0.270567439014216 0.140161048115932 -0.138436432342232
0.0627893980291083 -0.274711012650633 0.214777395132653 -0.049000369750244
0.215828961390277 -0.223380977165875 0.192967126475349 0.0964247746577706
0.324037683387467 -0.084458151320803 0.0765051649561437 0.151345090364082
0.321754434920872 0.0544443786943761 -0.0327204740076505 0.0378218812043019
0.240398911772885 0.141202937593104 -0.185194714399081 -0.0767618788900447
0.275862834956337 0.0512547853251693 -0.185883754740958 -0.157949114149665
0.263824719358609 -0.0668184811903343 -0.212896533001681 -0.165850689055054
0.161037732455119 -0.176774801063544 -0.201759231173959 -0.089053887715736
0.0477669177437559 -0.214871433546738 -0.187998545710276 -0.0541899799232587
-0.0441843498139219 -0.19958150380112 -0.173053671550521 -0.00249501997096964
-0.0921899967432751 -0.162160149981159 -0.124083816499704 -0.00491747640905493
-0.101250381916316 -0.155510175266394 -0.0706721402762452 -0.0496080676036412
-0.0914359749387699 -0.164093434834009 -0.0425928812118209 -0.114267768616957
-0.0813311758698996 -0.190591006735351 0.029100315251759 -0.17098496728728
-0.0195696075009068 -0.236412775672442 0.127218704108749 -0.182090374403742
0.0913633875416677 -0.22449493751129 0.214758123976169 -0.0732388521928818
0.220947818907153 -0.159000716905962 0.169292168649811 0.0888198652565807
0.29793868349725 -0.0232625983785565 0.024763864792258 0.14035721658426
0.268992327262451 0.0893513380290655 -0.122505334376574 -0.0040557513241845
0.16250659371209 0.11647682019463 -0.270134086206763 -0.0993259424571093
0.207588316431616 0.048665483804136 -0.236057602351583 -0.141581706072738
0.200927871385164 -0.0558936620809177 -0.210192896524703 -0.149582808631008
0.111816321355624 -0.136954876794121 -0.16751244184797 -0.111529584452884
0.0299006515731592 -0.154772564743677 -0.180688677243927 -0.109484628671018
-0.0318614277641874 -0.146885457144357 -0.189167859941886 -0.0608862985451041
-0.065810311167674 -0.122251038402292 -0.155162581564145 -0.0621539030536001
-0.0631058822773308 -0.119456042619713 -0.103537670620578 -0.105063728535134
-0.0510374050966241 -0.129375919774014 -0.0637256149303375 -0.16594216237088
-0.0348913906884478 -0.146409483421609 0.026320388284111 -0.209298998339395
0.0223249337109453 -0.168900548883739 0.134008026753144 -0.204428022372917
0.10416541852186 -0.147135577688267 0.217247285818989 -0.079750504764893
0.194691820515288 -0.077379761997546 0.145992708039647 0.0766893239254835
0.230049553675391 0.0382079059573899 -0.0127404293995029 0.108434395405675
0.180794984677791 0.108747692895554 -0.17897678190758 -0.0562868413104532
0.0553044272574952 0.0827957465870153 -0.314472883299541 -0.0958076632799904
0.103051372134266 0.0489997088988279 -0.251075719524953 -0.114429661729755
0.104519664350024 -0.0238526344820751 -0.199076311226801 -0.130712357192635
0.0509636569838338 -0.0613006044627118 -0.148824856137921 -0.123817261863544
0.018848831362701 -0.0624555939077605 -0.182419823968935 -0.132127579319903
-0.00415922697178977 -0.0707327970414982 -0.197727176309577 -0.089641099843452
-0.0233808075484542 -0.0656236400407204 -0.172697263756893 -0.094751259923646
-0.0174249559307877 -0.0652376976692626 -0.119583172730324 -0.141083052503314
-0.0109782639236884 -0.0736107261083662 -0.0665564531203876 -0.201416774656559
0.000425310884036776 -0.0800873895201076 0.0416987517826859 -0.232789166431244
0.0389480486910511 -0.089531150374416 0.151747255002101 -0.206241053616647
0.0837902383617389 -0.0725523578573584 0.22091326895116 -0.0732625269247219
0.137906629952736 -0.0157812265636814 0.131828606229356 0.0605597432445839
0.137121607372614 0.0714975887637781 -0.0267524079532219 0.068293629583391
0.0740694394108763 0.100522613835579 -0.196685393872695 -0.104963123983003
0.0389229458491129 -0.0482455117262222 0.208666135873003 0.135612351872887
-0.0406293983400835 -0.0496155919567397 0.0793128582415263 -0.0563064434907553
-0.0582840533429405 -0.00744267874779528 -0.116491288104212 -0.0815210079049998
-0.0211368467531179 0.0204534245071479 -0.246996254812413 0.0195146874034447
-0.00782641363696585 0.00616807284815306 -0.200745173468293 0.190119566140879
-0.0178289504386108 0.00421824684564277 -0.0763870510371245 0.252614593310225
-0.0264535104783857 0.00785674726801757 0.0291503605316633 0.232257089899082
-0.0388036251369469 0.00288057976620165 0.126861640148425 0.174530256221883
-0.0395799124326107 -0.00438091141793606 0.167666575571931 0.115758629865473
-0.0379339375122726 -0.0193518660629716 0.202570212872274 0.0905556268478547
-0.0262355791137584 -0.0360892494860599 0.195742574442794 0.117720981578766
-0.00201259616738827 -0.0303084507128055 0.164124381899536 0.142166216743077
-0.00817393291246727 -0.0402898665723867 0.189156859973292 0.145978259521168
0.0128373074796619 -0.0629808639911089 0.237144197607814 0.142549758077944
0.0701585708936632 -0.0417360127546697 0.318211275261647 0.0990549728171575
0.131221150141934 0.014078725885248 0.175085029664093 0.126939738123916
0.0558009905231156 -0.0224165542354906 0.0556245970422745 -0.057443919772849
0.0252927180455165 -0.0133877348993416 -0.126128642882411 -0.0927301721195968
0.0365255473647978 -0.0195085232258687 -0.250670606882152 0.007192951718487
0.0199897481032237 -0.0596843761991299 -0.212962193877973 0.165681746517477
-0.0231290181107663 -0.0674187299166305 -0.101293237708173 0.235874168938522
-0.0552279096622668 -0.0577317401322685 0.0067015278110614 0.222313445428501
-0.082366870106115 -0.0618925191385992 0.104744906670269 0.163000818894925
-0.085912442630965 -0.0714841301765218 0.144426100049982 0.0958670285293728
-0.0838383616080737 -0.0992413822145319 0.187159725846922 0.0509820098884578
-0.0477936239731161 -0.141432161290481 0.203668640660278 0.0671040820711114
0.0303972679383373 -0.138418478887083 0.187444869466801 0.108753443799842
0.0882931586332111 -0.117556294358411 0.198560019149978 0.138620877872487
0.141998567173534 -0.0839219466553053 0.210522123968238 0.137699584062349
0.190786414575083 -0.0198631166974172 0.264634121185984 0.0925527798626246
0.208593508247852 0.0793817269083889 0.115320706644513 0.0890336914376162
0.154576660539865 0.0138860858298177 0.0191260051957914 -0.0857517973513914
0.122907446318129 -0.0193015277507847 -0.147366315669333 -0.122753862307351
0.101257814976609 -0.068519463022951 -0.256467709441587 -0.0124874930541178
0.0472522183582506 -0.127301165311979 -0.217611385186712 0.130718085726615
-0.0271332181804388 -0.135911727229008 -0.122499568814063 0.199232451963178
-0.0782844133787832 -0.117499610039991 -0.021260571718525 0.187459542523419
-0.113860032562168 -0.117787736103189 0.0675052196720853 0.130381331495191
-0.120077091698277 -0.126295194366777 0.102814496452226 0.0566522584307867
-0.121602346369968 -0.160148780294944 0.150848431206011 -0.00315080357097076
-0.0736437680854069 -0.221658877111216 0.194555154296585 -0.00344086569152036
0.0404910757020907 -0.228407335360255 0.20849804878813 0.0563412207554999
0.154788497931449 -0.192409553468442 0.207965880328352 0.126247593421716
0.245887650003767 -0.10719376717028 0.173583938582295 0.142327127475846
0.281660913445469 0.00168564299573317 0.178766308885434 0.0832185638008278
0.259372689055878 0.130478187832544 0.0288753234502613 0.0305841973740781
0.241051436749969 0.0438346902882222 -0.0352918482432712 -0.125393343530016
0.215764245248876 -0.0335576847443503 -0.172988327027445 -0.156433818669736
0.156585609544477 -0.125173407667328 -0.254605110297969 -0.0394733521441422
0.0651102243484004 -0.189780469894507 -0.214342495582561 0.0791021691141156
-0.0335041720284299 -0.191105990217183 -0.140019970907136 0.142737230481362
-0.094223054235126 -0.161289749726895 -0.0543763324997722 0.132089925648371
-0.12872247135967 -0.156234165754346 0.0213997618761587 0.0781000042167891
-0.131935588727913 -0.164722038909265 0.0500082026955819 0.00529641795117771
-0.134927607593419 -0.19985367773919 0.102499388801763 -0.0616503311804068
-0.0823082113144905 -0.267739581018093 0.169421334188004 -0.0753147504211215
0.0477577455474814 -0.278124492947308 0.217386732051863 0.00194618344299474
0.197341739269233 -0.233637087387175 0.207305171342869 0.114670016870869
0.309681515355122 -0.109697953754299 0.126679441617818 0.153389334002086
0.329342480443936 0.030365620130502 0.0737844078407594 0.0676573601552758
0.272549828183726 0.155373064740426 -0.0765393004559052 -0.0327735025553183
0.287091272986032 0.0588273628354505 -0.106584504344769 -0.156113346636243
0.271574380345105 -0.0517937438230218 -0.197284466487395 -0.177175727178717
0.182085018813088 -0.16823600245434 -0.235424177169387 -0.0705627899775256
0.0661069886268074 -0.226093589856884 -0.203284096860167 0.010628677439649
-0.0401709893202981 -0.216832945562159 -0.157227018161487 0.0694267999267901
-0.0991122306253289 -0.178540585607207 -0.0898369227278946 0.0638140063513458
-0.123492480122772 -0.170991151263821 -0.0272127720609903 0.0140833723741616
-0.121225301271228 -0.179012000669898 -0.00182784795711306 -0.0548381606557083
-0.11824094075147 -0.211232639197297 0.0581502287459515 -0.119221134583744
-0.0605859746935354 -0.273301107930894 0.142889114500518 -0.136688087120546
0.068980567121302 -0.274988711324972 0.217205736019498 -0.0424612931268042
0.222146560351399 -0.218638737863373 0.193673687558219 0.104938758648436
0.328723633163435 -0.0768109854461069 0.0734684562955967 0.157549051864753
0.324134900205689 0.0654474989711067 -0.0332095695848004 0.0385365747488442
0.238987588789004 0.149262450011817 -0.183264424307638 -0.0824402656780448
0.276031389441866 0.0598072581138115 -0.180279232874825 -0.163200952846442
0.265123124923369 -0.0607682680696756 -0.209494369782327 -0.17485688023102
0.165377253160132 -0.174385043667658 -0.201276735363956 -0.0992498583010273
0.052614087873038 -0.214664708092155 -0.190002793512846 -0.0614509197079474
-0.0413513344486844 -0.201290983139836 -0.174080059222993 -0.00614009581098543
-0.0901031049042832 -0.164707147658115 -0.12519039018324 -0.00780339447192715
-0.0990644889008253 -0.158832802665208 -0.0712733401449344 -0.0517195653634436
-0.0894171537237481 -0.168364815447361 -0.0408355961845149 -0.115340551557731
-0.0779486526430432 -0.193848082138369 0.0325428058885755 -0.170636512273804
-0.016206754578362 -0.237696184138405 0.131673627083345 -0.180454964430644
0.0967313087284581 -0.223898423300781 0.217870250300434 -0.0674373926900572
0.225193727909372 -0.153947029351122 0.169637158409567 0.0966850126096674
0.300469923792435 -0.0155415836589944 0.021573463504966 0.143868979355731
0.270289211947987 0.0981832866338047 -0.122473126462722 -0.00680360884439774
0.161532124954475 0.121870063229329 -0.269405057554775 -0.108049190843
0.207181591381542 0.0544869637354931 -0.230802374261832 -0.148155171478026
0.201917076979723 -0.0506608580853776 -0.207526028815933 -0.157984645136176
0.11498354031554 -0.134480035467668 -0.166199710413149 -0.120738221373583
0.0334921506224802 -0.154287151855657 -0.18104677981477 -0.116018230889801
-0.0291898899330665 -0.148487246120995 -0.18934788526088 -0.0662752671781785
-0.0634582229479277 -0.123938658874858 -0.155070415124381 -0.0665932386704529
-0.0607804552331133 -0.122393579662776 -0.103649151131207 -0.108524632050196
-0.0494970460911454 -0.131513853523226 -0.0617759226834437 -0.16820752443698
-0.031669342090499 -0.147313911827959 0.0309849109747093 -0.209971768903622
0.0252847032764694 -0.169594029507249 0.139519796130674 -0.203025862707123
0.107453945647657 -0.144978779250572 0.220564081025546 -0.0736390778802006
0.196508283885277 -0.0712352469706655 0.146366679986536 0.0841520412279276
0.230879188257069 0.0447331871507517 -0.0151200165947397 0.110636975676665
0.179830494396081 0.114891763117313 -0.178244730728855 -0.0608003861474163
0.0530657014514819 0.0850454866555982 -0.315025922754804 -0.10635382454143
0.102162007117943 0.0528833946052738 -0.247352260799658 -0.122898673044495
0.104134681101106 -0.020930774147959 -0.196557923426674 -0.138610489379015
0.0522720039637729 -0.0598314609471686 -0.14731559322093 -0.132479859959855
0.0203415114010584 -0.0619380690010045 -0.181819517869806 -0.138725161586038
-0.00294713082646323 -0.0710469125717143 -0.197096459507177 -0.0952405125962368
-0.0219790084996539 -0.0658626002603159 -0.172238986883777 -0.0999663973913548
-0.015055228523435 -0.0665652211302234 -0.119281698047768 -0.145462119059551
-0.00960288158721681 -0.0742056699593848 -0.0625962323006769 -0.203618882971019
0.0026604257248553 -0.0798257504162557 0.0462305826940384 -0.233043450912153
0.0409343724556849 -0.0893103849999164 0.158059197361019 -0.204094990468523
0.0859507528448564 -0.0704009358423939 0.224097401841222 -0.0662763938427913
0.138580110933562 -0.0108129030723076 0.132131226081546 0.0671716283410674
0.135587379581594 0.0750107411296537 -0.0275095515897133 0.0684132480319064
0.0713896300573236 0.102452064558424 -0.194490270738708 -0.110666441089888
0.0415164054309457 -0.0503524671965374 0.216875732471767 0.141893905045205
-0.0411597034398541 -0.0510902035221277 0.083526788816978 -0.0599370458429359
-0.0604469505270021 -0.00776790787851606 -0.120741625932153 -0.0879755393019348
-0.0219224696755498 0.020958393550578 -0.259656124694638 0.0188996038161191
-0.00829038113366222 0.00517293185751092 -0.209325594104818 0.196137900763666
-0.0186805923320029 0.00432408098123416 -0.078864305927331 0.261811127222726
-0.0274530646425887 0.00844593593152326 0.0299916436492352 0.2425471416668
-0.03976553608155 0.00343596620038026 0.132308836559069 0.18167437541114
-0.0423072798882158 -0.00508543108590796 0.175318068541952 0.121999379829076
-0.0403976154972178 -0.0201314188054181 0.21018398879694 0.0941931926825055
-0.027348655849648 -0.0373972493094749 0.20371167666753 0.123680058715957
-0.00151749544558802 -0.031933603075084 0.171738899784056 0.15155410750111
-0.00784571433785047 -0.0421167147952436 0.196371216486513 0.153711568981208
0.0138315078552438 -0.0649452950111626 0.2451942207468 0.15236928356111
0.0740172595473675 -0.0439228674775981 0.330592233632977 0.107271897216403
0.137656250543987 0.0142713115392039 0.18276479105352 0.133810804758816
0.0586274778468425 -0.0228817325885408 0.0600813024503165 -0.060303319195124
0.0257891413911433 -0.0131802704038859 -0.130919108151105 -0.0999285585350333
0.0378963852268733 -0.0204954422729633 -0.263133362292036 0.00515371368643339
0.0201849271229099 -0.0626688595652476 -0.22208434100796 0.170187809374928
-0.0250435083763287 -0.0696915880527658 -0.105106830362076 0.244918541364091
-0.058088147793494 -0.0596929076745155 0.00753277882868744 0.231522401990715
-0.0865615378361493 -0.0642678170780505 0.109537831802135 0.170489398908347
-0.0909403776420678 -0.0749030032575065 0.150828175090353 0.10075397681209
-0.0889996179900568 -0.103811355018191 0.194542179901663 0.0537412458894718
-0.0509782037066097 -0.147271002786314 0.212048451789503 0.0692155608283683
0.0315123711018302 -0.144922459720389 0.195895683339847 0.115973577852898
0.0920036753178738 -0.122227171860023 0.207337917601253 0.146173562516308
0.149090981069309 -0.0873592928681561 0.217814844093923 0.146903228312377
0.200037074899239 -0.0195818726326933 0.275533368924699 0.0992862675373528
0.217860871968238 0.082672881258079 0.121553603061677 0.0944707299402359
0.160719823301998 0.0153842151964714 0.0232901113706787 -0.0897311998726126
0.126643714184187 -0.0189794668805781 -0.15317087889021 -0.130675553979348
0.105121071095892 -0.0709535099463596 -0.26955316804082 -0.0160664541347757
0.0486112407290317 -0.132647978190093 -0.227600377732908 0.133782762438539
-0.0290442099278717 -0.140849918737046 -0.127006708129519 0.207607714329398
-0.0823555151593359 -0.122056270932068 -0.0217633594627087 0.195416311372841
-0.120219405824354 -0.122555478938041 0.070833110844277 0.135949056049077
-0.12718854639908 -0.132032549685337 0.107091218890486 0.0601218756244727
-0.127979189503098 -0.167384294049205 0.15603846686805 -0.00203937968191079
-0.0783269217236217 -0.230613915718197 0.201339315968638 -0.00383140672492047
0.0401249441909956 -0.238242177872569 0.217361040352492 0.0616368916790089
0.160757426634629 -0.200468747627415 0.217343312876659 0.133841099649719
0.256348792134714 -0.112121606674903 0.180602439834724 0.152803406342562
0.295700214400956 0.00380403499034851 0.186751942819595 0.0899220438394714
0.271225603879334 0.136544567048367 0.0319552898039845 0.0325358194933517
0.249680207947222 0.0464396871924338 -0.0328138680706052 -0.130009799227893
0.223203520847279 -0.0336831268614603 -0.179963552274072 -0.166736827091596
0.162717275523395 -0.130164231999315 -0.266767286901385 -0.045634365710583
0.0667406280764421 -0.19748992892432 -0.224754054064613 0.0799652253326544
-0.036314192666774 -0.197807547809858 -0.145044824062733 0.14823530090062
-0.099445859648654 -0.166941450393686 -0.0553248120306563 0.137719486594171
-0.135847581207248 -0.162552406013331 0.0218605614857941 0.0815002782372316
-0.140409976493376 -0.171071013182917 0.0520624316902953 0.00619168950207803
-0.142366571916197 -0.207847064248037 0.105824518238808 -0.0632518451678453
-0.0886835610696267 -0.278230142061984 0.175130917948308 -0.0790130139391384
0.0486531967017483 -0.289165391179486 0.226674657835389 0.00462404440229329
0.204790766677114 -0.242878522638399 0.217032210348692 0.122501686643601
0.322873033923372 -0.115211782497121 0.132501679152865 0.163200570821534
0.344599028676937 0.0333300686426097 0.0778674889386164 0.0723733677356792
0.283920942939635 0.161930297576515 -0.0776887470845137 -0.0338893387968051
0.29908509576494 0.0619893622158457 -0.106813598431824 -0.161364717714098
0.280921985216547 -0.0527392993329979 -0.204748261783488 -0.186916514422711
0.188485796506059 -0.174921947702342 -0.246003328677302 -0.0779582245424017
0.0669958810443566 -0.235291533537315 -0.213765273587188 0.00924291416447346
-0.0439287958522798 -0.224884431847478 -0.163396887158578 0.0726753362781545
-0.105002809530044 -0.184697051007065 -0.0927904338702277 0.0659199143212965
-0.129360086411965 -0.177778795957198 -0.0295820476086965 0.0147032476927964
-0.128306496706111 -0.186337507621107 -0.00281224975162604 -0.0556508999506045
-0.12544725652759 -0.219828004281495 0.059078302194096 -0.123381555209635
-0.0659114739383274 -0.2832675826932 0.147456470443679 -0.143425693195196
0.0696047072989742 -0.286397400118648 0.226656162341806 -0.0416057982800421
0.230714373432959 -0.2271011804733 0.203696683268934 0.112950655366132
0.343372940712033 -0.0811048148062808 0.0764040194698717 0.167336141092259
0.338969786973706 0.0697882022887666 -0.0335034308086341 0.0410911556810409
0.248971634403438 0.15580660059737 -0.190182148551849 -0.086838683546565
0.287123241856152 0.0630308235513267 -0.182747967586947 -0.169794578657769
0.274768206390116 -0.0620378825478565 -0.217793702493834 -0.184190456885593
0.171598466234385 -0.180606725112563 -0.210423821987867 -0.107465748939667
0.0540356981333738 -0.223619149602291 -0.200242249546077 -0.0652226753529604
-0.0441389471144221 -0.20953026962995 -0.181350634255097 -0.00690650608363565
-0.094917452039473 -0.170349777373201 -0.130838004491834 -0.00916031559565172
-0.10469134671991 -0.165656022472877 -0.0760520555028147 -0.0537676357172961
-0.0950404617577411 -0.17543222337193 -0.0440733453729396 -0.118970192451668
-0.0831478356955315 -0.201976785284374 0.03273510637249 -0.177042977942619
-0.0193697311932739 -0.246515639714657 0.135961595418003 -0.188591067715332
0.0993916861454427 -0.231783796030386 0.226079596585767 -0.0674772527963647
0.234194079170258 -0.159181829529829 0.178829957107125 0.10432467911118
0.313451234274897 -0.0161611303099632 0.0230752688568266 0.152722475863445
0.28241637458697 0.104003694377905 -0.12690980225686 -0.00616667647150229
0.167980423605353 0.127341912840879 -0.280058705857588 -0.114627493024897
0.215057866369254 0.0575409891873088 -0.236789577246282 -0.155299853325496
0.208674838457589 -0.0518766800056302 -0.215064864897605 -0.166770715065115
0.120281066128424 -0.1390730708032 -0.174439743686433 -0.1311755081636
0.0344140508344085 -0.160206454451283 -0.19053272014893 -0.122496280482825
-0.0316571766951951 -0.154030868892488 -0.197554886207283 -0.0693546537962556
-0.0673411934472198 -0.128614707037814 -0.162012946904228 -0.0687983749437791
-0.0639414894342755 -0.126927995286192 -0.109488899611241 -0.112003406503232
-0.0520470398199424 -0.136820543473572 -0.0653057997960351 -0.173886319628631
-0.0331434364288103 -0.153515414113809 0.0302533676043614 -0.218499057071713
0.0248492606998397 -0.176593282960426 0.144380985128487 -0.211609346501946
0.111777671666574 -0.149699828448692 0.229455108864283 -0.0742548257067887
0.204481760293969 -0.0730986382491051 0.153559516329003 0.0907985085601654
0.240263368899578 0.0462047972946591 -0.0152411832472356 0.11639108341127
0.187880732644743 0.12051542851993 -0.184961082555761 -0.0638346003566138
0.0563069676248236 0.0879171731885426 -0.32920834619168 -0.114959903663273
0.106197350191289 0.054959896363338 -0.255655078187265 -0.129973404991015
0.106585475161568 -0.0210659745984509 -0.204003129494572 -0.1454463586449
0.0547858673862191 -0.0614056105233133 -0.154449055020547 -0.142182192456749
0.0215024693811937 -0.0638328496580955 -0.190580401033664 -0.145198403292038
-0.00420304108963282 -0.0744303828213147 -0.205632020072284 -0.0995062617812923
-0.0228828776585974 -0.0678743196195245 -0.179752749252297 -0.105207263579797
-0.0149505986096689 -0.0693324092379579 -0.126145628506172 -0.150621156566554
-0.00979967841300707 -0.0767881590142915 -0.066858032774247 -0.210843315513853
0.00372157006019578 -0.0824781119336899 0.0475737149980935 -0.241759263695156
0.0422980392492232 -0.0926795734157183 0.164269507531245 -0.212319021387488
0.0895103373681453 -0.0720807026170388 0.233088114710982 -0.0680056442988788
0.143702009415197 -0.0103178912027553 0.137897984835056 0.0734179610378314
0.141025948792648 0.0781731785798755 -0.0282506097138259 0.0725443564223158
0.0744359383420489 0.106482515495574 -0.202066761479388 -0.115821573237474
0.0338862582227058 -0.0610162767154773 0.253883564220197 0.118073805881143
-0.050662337686374 -0.0465043633661969 0.080455977863632 -0.0774615648936522
-0.0626951782446051 0.00172399936664143 -0.139056356328892 -0.0749402483678618
-0.0181811889553294 0.0213971269321816 -0.266083940774841 0.0649010148824979
-0.0105665690672632 0.00260324269601431 -0.183205340869728 0.23895713008088
-0.019840919010834 0.00502512235538613 -0.0380055571478921 0.286315112968921
-0.027898473238369 0.0121777622351281 0.0771689584314092 0.25101054800821
-0.0432442352628488 0.0109599249073317 0.167213879689336 0.166793180460601
-0.0463362290349624 0.00314305487650583 0.203794796610719 0.099722351640929
-0.0471790083441967 -0.0141452235751783 0.234195484682195 0.0652715703868758
-0.0369058361003994 -0.0334498391080859 0.233353623770363 0.0982052568175361
-0.00781195387294172 -0.0352559888727711 0.203698975930652 0.134804985622492
-0.0150195309177028 -0.0419808672276801 0.228641419831685 0.130806018780721
0.00294644643061652 -0.0695215206551272 0.276398001489571 0.122307817408485
0.0684934269996123 -0.0589777726070154 0.361851846638333 0.0649460722484376
0.147127456691783 -0.00860105540274867 0.207096498916985 0.117020267672084
0.0582698176720131 -0.0309995906447354 0.0526492789312165 -0.0724205811351577
0.0259024578786382 -0.0169321412442111 -0.156431354470194 -0.083160336932525
0.0375589761474458 -0.0300038714615663 -0.275336988343171 0.0524854793905265
0.00884348717475499 -0.0717304351983688 -0.201636941638493 0.217730737846866
-0.0375941340565604 -0.0702475035880138 -0.0669445159221052 0.275748896215688
-0.0696919401288674 -0.0532841342735574 0.0504780184482739 0.245142812358283
-0.101540604903941 -0.0520731675165074 0.142706200104335 0.159012020857762
-0.108426403028336 -0.0611399217443711 0.175282953942994 0.081984855525906
-0.110452604418482 -0.0921547903496414 0.209659205334471 0.0262491635632604
-0.0779055084800651 -0.140963705615445 0.231592335752008 0.0420968470424352
0.00971697912596065 -0.155672848517563 0.222441388418715 0.0949138295864389
0.0738127747272483 -0.140240474529157 0.237332987555524 0.121530421365093
0.138016171079753 -0.113538288292486 0.247688436587943 0.11777945548977
0.20143940553332 -0.0526592590111551 0.304544926569751 0.06450896880697
0.244252740154028 0.0488893012560339 0.126591067773451 0.0875391011797147
0.171958348768131 -0.00717976455044924 0.00481352902367378 -0.0953091496436142
0.130118997234857 -0.0380679525886505 -0.189625471816623 -0.109308581288931
0.0997070198852537 -0.0917853814289817 -0.288244917479044 0.0339029923360388
0.0283168670960904 -0.147982029175539 -0.215523129169274 0.184426372999049
-0.0537204143770561 -0.142363818347964 -0.0953946720875158 0.243958319383687
-0.10522600073023 -0.113974083180266 0.0134927124446323 0.214509142941402
-0.145252661309108 -0.107333868855203 0.0962786402275122 0.129845068978595
-0.155136075970098 -0.115103097791271 0.12295721123041 0.0475873319380605
-0.160269253828364 -0.150970329584066 0.160377644177939 -0.0246511907070123
-0.119287414329848 -0.22117137728079 0.209316610459736 -0.0318642316137011
0.00422822710354545 -0.252445936530957 0.23494347248817 0.0356256343842948
0.131606140307522 -0.231609795781079 0.245170479905608 0.106901745724922
0.244106455661393 -0.155682210440996 0.209283232104723 0.126851028659956
0.303797236369313 -0.0429444266074438 0.210843549037717 0.0673347245427007
0.311684337942211 0.0956070016336748 0.0150175350487711 0.0375561292943226
0.270540017363323 0.011673182728498 -0.0634082056388238 -0.127312650915987
0.229512084582159 -0.0689663677786787 -0.227888742256817 -0.13920513944184
0.151002150885176 -0.161426802592453 -0.293773061707524 0.00623983018040408
0.0375634900012839 -0.216740267351467 -0.223109843939343 0.131265170821055
-0.0697072539096932 -0.200741394782925 -0.123317286226393 0.188265750557545
-0.129226280099148 -0.158197887889718 -0.0325474852480961 0.161061129684584
-0.167142114622966 -0.147067849027832 0.0368526697135802 0.0816343787198485
-0.174692910466434 -0.152695706229268 0.055550066980374 0.000336494595165071
-0.181219552357055 -0.19016632174914 0.0976778816499064 -0.0795493063987373
-0.136974733720982 -0.268069318241783 0.168799468279445 -0.106098046221148
0.00325146776908506 -0.305450891215196 0.235253681347511 -0.0254633098661253
0.16988969121486 -0.282990220574525 0.24236562225901 0.0941430745818709
0.312280548667043 -0.169208224446016 0.161297886615946 0.143485244475435
0.35868247201242 -0.0192762928811542 0.0945184637118822 0.064622479804647
0.331393928188183 0.120370476771255 -0.114085368992062 -0.0151650533268705
0.325396771280185 0.0199926819974115 -0.148527858696903 -0.147658223911436
0.286993715352407 -0.0976843017689397 -0.260043012184465 -0.153319664175737
0.172473434856538 -0.211506964569383 -0.279250178322995 -0.0299269971280013
0.0339573655883269 -0.255576669950918 -0.2243466192962 0.0579300046837044
-0.0814180006529046 -0.226001805105912 -0.154269642996758 0.112722663772209
-0.137041814031928 -0.176005706676445 -0.0862657583394971 0.091954145595596
-0.16370396554358 -0.16423476943134 -0.0282387267328326 0.0211896619906024
-0.163892754981604 -0.170989502699048 -0.0120019889078744 -0.0558485429714547
-0.164865536073111 -0.20593441797047 0.0396105178863561 -0.134985600455333
-0.114411781395601 -0.277168741263635 0.129019389510336 -0.168864328371887
0.0264923266605666 -0.304921894307353 0.227805788061332 -0.0733427267513655
0.198100981729466 -0.27073567541487 0.226676858931255 0.0864032481796357
0.338270054768182 -0.137762891687825 0.105097119853421 0.155791036333434
0.359575413777416 0.019029320725758 -0.0261047956306959 0.0490436847395699
0.294464752191868 0.11894266703262 -0.239635689884351 -0.0545014964717803
0.313078308274678 0.0228458580865969 -0.228377888381342 -0.142668577303409
0.280317267262287 -0.106820368157373 -0.27225239226035 -0.14680635290408
0.154312770835262 -0.214257256733231 -0.247342126618442 -0.0673416995493803
0.0233731089429346 -0.241550963613282 -0.222747337712626 -0.0221024658253288
-0.0793918059525521 -0.21013598419841 -0.187149584410164 0.0325122155407683
-0.124514200132123 -0.162384428208796 -0.13960457006382 0.0202481956104466
-0.134581706811565 -0.155597084388322 -0.0879875339538069 -0.0422013921259743
-0.12721932299 -0.164916793771422 -0.0666718727370938 -0.114887456318599
-0.116577822422265 -0.193144449759026 0.00288333637865706 -0.187528224146599
-0.0597282468715328 -0.246504885729857 0.109381884829178 -0.215294243148262
0.0659764760930288 -0.253519421260071 0.222219738030869 -0.101954649836951
0.212922855243629 -0.200535944728622 0.200516676415925 0.0803241867189117
0.318383568388402 -0.0668677579972784 0.0480975482022493 0.148808251522979
0.306885298065536 0.0626882495477958 -0.131561895910297 0.0135905865774288
0.204008418331041 0.10291059986824 -0.332780028559704 -0.070564919866743
0.237664030753504 0.0271412075217012 -0.280906337931289 -0.121225474324105
0.212522280283373 -0.0861399733650208 -0.263020435062372 -0.131035953701999
0.106754850232931 -0.162690196249725 -0.211008520913329 -0.100060585497438
0.013719419039413 -0.172809533418483 -0.223121093974968 -0.0854490317997153
-0.0566725927917177 -0.155345004775086 -0.215643187544578 -0.0324828862709611
-0.0875775653596739 -0.123282144189574 -0.184241626737249 -0.0395445097539044
-0.0852357933047004 -0.122875885229328 -0.132964320726635 -0.0967399239352874
-0.0756787099970621 -0.132766813980754 -0.0980992737787025 -0.16903247967324
-0.0570794189784089 -0.15070163703887 -0.00542166994195977 -0.230165433737325
-0.00149771781876984 -0.181672761736154 0.114368466304533 -0.241002826423197
0.0910951919726372 -0.170007578839824 0.22426418276963 -0.110898504042042
0.196763893156837 -0.10803852391152 0.172897852306803 0.0705229613529956
0.253476193861198 0.00940964894008704 0.00441233198469477 0.119214063292346
0.212008429192161 0.0945138458041283 -0.201811395930579 -0.0376471919130089
0.0782683835831806 0.080821656080325 -0.374869458729979 -0.0672480337741505
0.122477310173122 0.0405665547043829 -0.292614960022289 -0.0951080792719121
0.110085765438626 -0.0379942752753654 -0.243616305171934 -0.116259119940779
0.0503163617029578 -0.071837128791176 -0.190717195594863 -0.119581283203347
0.0157473429356072 -0.0713959207093923 -0.227121108651591 -0.114615430405761
-0.0151424285135497 -0.0767307681762469 -0.231613814967244 -0.066824164465386
-0.0324784005755168 -0.0668816976656947 -0.211051640912943 -0.0762592968542049
-0.0243155405265968 -0.0707031070622125 -0.156789753486736 -0.134444162959596
-0.021180959064384 -0.0782370194252496 -0.105563368238831 -0.207142452902601
-0.0060803781817265 -0.0841340158930041 0.00931722381407886 -0.258569809327331
0.0291000065019535 -0.098865849112549 0.135290889889365 -0.245641268106083
0.0808752333118173 -0.0868656672949091 0.230908864973438 -0.105967210143857
0.144653229670944 -0.0330590149926891 0.155321206417028 0.0542142038422525
0.155809139843095 0.0578425954345491 -0.0152157093118714 0.0772811858081047
0.0929813266787204 0.097842771448143 -0.227828146659051 -0.0898617566489021
0.0295380896751545 -0.0652251753716041 0.269262769391683 0.098031228290113
-0.0537882838271993 -0.0425956411392823 0.0749874085554531 -0.0881274199734151
-0.0630924082486556 0.00799315490351863 -0.148346562360356 -0.0669824356515516
-0.0166449850098175 0.0223877905851219 -0.266709775988196 0.0887782765413882
-0.0110118621653261 0.00267663821284994 -0.165739107288767 0.257378416632075
-0.0201117752686968 0.00719002569863308 -0.0122350326768436 0.292346796463573
-0.0268532980646961 0.0147455258460807 0.101134891301922 0.247969930887251
-0.0428511290071599 0.0151249920641512 0.186080131109427 0.154402354828971
-0.047767770456896 0.00730183237930075 0.216867451544777 0.0838354445029793
-0.050494865265163 -0.00994255280533003 0.242838020398475 0.0456154258253089
-0.0403540798842984 -0.030168384533333 0.24506108835103 0.0801956963045174
-0.0108700354617304 -0.0360055940744984 0.219252384957634 0.121433406667618
-0.0190038641653388 -0.0413153331621447 0.242967289704912 0.113742122045941
-0.002576573338231 -0.0702351823016835 0.290392249656232 0.102286386841825
0.0652182385112855 -0.0665217062847566 0.372893332028155 0.0368858428105965
0.148810258639462 -0.0228241574733338 0.221921256163975 0.10095378062328
0.0565855726203729 -0.0362284031308642 0.0479740291464186 -0.0799000090596172
0.024555243580107 -0.018301961121759 -0.166580726886016 -0.07406101953807
0.0355249428742258 -0.0336962573248571 -0.275788314327994 0.0768566377628566
0.0019765301310485 -0.0734822274461595 -0.186628371371344 0.236983462869657
-0.0444708498780118 -0.0669072606693127 -0.0428390243233984 0.285309129989769
-0.0759289243411669 -0.0475360989884421 0.0740748989894687 0.243965474828627
-0.107715606089029 -0.043466760363907 0.159138924439508 0.148589241233881
-0.116853099144608 -0.0514335504941018 0.186424195657668 0.0685765384044527
-0.121605467573726 -0.0833568841138355 0.213650966688862 0.0094774036392659
-0.091715741863862 -0.13512970519896 0.238485855538993 0.0234764344523452
-0.00448788395173821 -0.159049839561132 0.235137044130545 0.0792252144276518
0.0628653473930729 -0.149577935160905 0.251468024380986 0.10380909067192
0.130065314903642 -0.127136071916729 0.261419406699488 0.100994199905169
0.200859366708209 -0.0704492080285648 0.315585363246444 0.0417956077183197
0.252841399179621 0.0263696219013377 0.138213660785166 0.0770698868034107
0.173315574481664 -0.0222272898360519 -0.000490397236037318 -0.0982456137897121
0.12828387464853 -0.0485746183489639 -0.202358809092851 -0.0973693696764839
0.0929399622259346 -0.10170352866205 -0.290765115411094 0.058000747918453
0.0148891855578665 -0.152406695948406 -0.202705358970853 0.204331990523377
-0.0673835070695096 -0.138435086722146 -0.0747536668653253 0.255204520787607
-0.116759379869105 -0.105410003474073 0.0332459156887255 0.216155765714988
-0.157909777512301 -0.0951325992844205 0.109700325219834 0.123248549516822
-0.169533037119662 -0.101791559362986 0.129601147811268 0.0380754034034757
-0.178317909952392 -0.138289041131848 0.159869456190854 -0.0382153810776179
-0.141963830506333 -0.212260404836438 0.206565730156794 -0.0505851585350954
-0.0187452249826778 -0.255719259368746 0.242636011751699 0.0179057378867816
0.113128097934145 -0.246179269559264 0.258788430467107 0.0879092419332909
0.233851425345342 -0.179525606813387 0.223897165599761 0.113304174751711
0.305810068523316 -0.0696737317439022 0.221166953670542 0.0521524724223531
0.325240536025217 0.0683218552678394 0.0212048597769266 0.0357357613168872
0.275660071518622 -0.0117941602610137 -0.0710985260523078 -0.124576807376591
0.226173865792043 -0.089072359324741 -0.243515075446696 -0.123377473235471
0.138710975513668 -0.177040798602266 -0.298421702572646 0.0290893033339778
0.0181661775810054 -0.222991704422948 -0.215783598475198 0.151700349679084
-0.0896002464925048 -0.195308073038453 -0.107687381229627 0.201666867428303
-0.145759800145904 -0.147478783872267 -0.018598203873775 0.16585551633877
-0.183797151187633 -0.13297867841251 0.0446887829038593 0.0802249822708039
-0.193634075388315 -0.13848981669961 0.0567153572257883 -0.00329716164013462
-0.203398141919533 -0.175875678485214 0.0912980206472956 -0.0880242292487768
-0.164557503683062 -0.257859082803843 0.15982858160462 -0.12213308419547
-0.0245787250083095 -0.309683513851559 0.237248346897204 -0.0433332522159189
0.1465484743113 -0.300390749415181 0.256075880583966 0.075916595568349
0.300829791907841 -0.199609039057957 0.177996195540065 0.13418182613043
0.364052118213618 -0.0508706007111408 0.104018253417635 0.0584942851083743
0.347038026901165 0.0913610530952821 -0.11559156988981 -0.00589055525224912
0.331104469743208 -0.00763499455297069 -0.157814383418482 -0.138035184623159
0.281861555465499 -0.122906710597133 -0.276564427515055 -0.135012876092795
0.155686557244748 -0.229107874680375 -0.287373458318674 -0.00859002980190436
0.0106504606144974 -0.261525786197086 -0.224201088514645 0.0776784006835266
-0.104079546385627 -0.22085034821152 -0.146274596355368 0.128253680063002
-0.15587866093004 -0.164530971867671 -0.0788303270844701 0.100392388793667
-0.181295783097362 -0.150755935593117 -0.0272611778078305 0.024313721374749
-0.184233762017543 -0.157409128954863 -0.0174854016626132 -0.0538526510112732
-0.187761076530316 -0.192891860024387 0.0269961211481504 -0.138669087519747
-0.142621982556731 -0.268405921931961 0.113870202857731 -0.181818213625975
-0.00138083651803437 -0.310251304179172 0.224602301098508 -0.0920788411191614
0.176138474577979 -0.29171940416179 0.240107001405684 0.06963735943684
0.329167434122708 -0.169938841562461 0.122178673097491 0.151400033620596
0.367697008023452 -0.0114119550800843 -0.0208493221924081 0.0520349140987901
0.308950592560704 0.0944733972932925 -0.24626405588792 -0.0342356500107709
0.319052361344182 -0.00452756279770237 -0.240190998171113 -0.126891986664249
0.27375163106734 -0.131584519196966 -0.288413271777463 -0.12713486139461
0.136715482301709 -0.230032061323401 -0.258313638239217 -0.049308617729602
0.00113551101144583 -0.246464789852174 -0.230356558620711 -0.00253702452317709
-0.100241089413974 -0.204594666908796 -0.187704020577613 0.0495136882508814
-0.14126235370649 -0.152466182922006 -0.140377356381324 0.0326812863750954
-0.150993222550838 -0.145341519203604 -0.0941993727538312 -0.0338093197049809
-0.145478907660562 -0.154660773467835 -0.0789201449750946 -0.108658771693671
-0.137046993493322 -0.184739290116712 -0.0151182409793386 -0.188397461890978
-0.0839862255374896 -0.24320817541756 0.0897593948381429 -0.227236187146944
0.0435164791483896 -0.261371949206063 0.216614923909952 -0.121170754110501
0.197367667572866 -0.220464765392743 0.213283140397884 0.0662247622352419
0.315505467903184 -0.0965999638381606 0.0641977178987534 0.148484227285058
0.317581021023219 0.0367886833520591 -0.130990226555769 0.0257055433644659
0.216430642979726 0.0862907805804845 -0.343822903679295 -0.0443374735189025
0.243488967356878 0.00696150145614586 -0.291643306700714 -0.101454933559705
0.206750131286095 -0.104398715821049 -0.277918397003016 -0.1121196965699
0.0936996923777272 -0.173395455311629 -0.224818568277181 -0.0860328542857299
-0.00105890229682333 -0.176347270340046 -0.23577882875765 -0.0668197447974841
-0.0726644086692547 -0.150950499270051 -0.222273520932509 -0.0139400491142724
-0.100754083220864 -0.116203136347635 -0.192197133308611 -0.023725774265327
-0.0979826906976526 -0.11646960927538 -0.144940613958973 -0.084874438651237
-0.0891009721803609 -0.127328648812207 -0.116208176379031 -0.160419101008846
-0.0713360812425023 -0.147828069498059 -0.0267301622224644 -0.232126956448299
-0.0192070105000324 -0.182748104220412 0.0933240455066395 -0.253492169979948
0.0772946603850578 -0.179165622611328 0.218004208459647 -0.130949694628398
0.189324602357061 -0.124726036360837 0.184087574488861 0.0588622964959626
0.256319392096434 -0.0136810035566098 0.0165157298975026 0.12116713295189
0.223724808201299 0.0771463993786782 -0.207324008987663 -0.0209414768406678
0.0857396930845109 0.0749422098594806 -0.388335003670811 -0.0371980071777032
0.127054028863654 0.0304003020906187 -0.302855050508872 -0.0737080259048597
0.107701744065193 -0.0472858894554625 -0.256839853650025 -0.09786201921414
0.0447510726344697 -0.0761805799470923 -0.206056582701877 -0.106882240735951
0.0100709031275064 -0.0732138727433337 -0.242198727122826 -0.0953695601382916
-0.0231767173800982 -0.0751093744950685 -0.241653457857032 -0.0474847461941074
-0.0397320138954065 -0.0650973155104384 -0.221739762704794 -0.0575197140699759
-0.0309195822017602 -0.0696103436775433 -0.172476691287479 -0.121605313876729
-0.0279927355105096 -0.0768816962284502 -0.127065110107271 -0.199512467132637
-0.0135526823291839 -0.0848144175750348 -0.0141215707812536 -0.261447407768207
0.0202854042301359 -0.101921131487017 0.115336998471614 -0.260424417279048
0.0744406089551477 -0.0947890772545021 0.225204290167278 -0.126180367407817
0.143702497008498 -0.0450978256254623 0.16415842015719 0.0441108425927021
0.16186270115185 0.0449915812525648 -0.00771159955286012 0.0809600580405007
0.102141386633903 0.0908293207814578 -0.238037906345958 -0.0707824233210181
0.023753633588165 -0.0664711925497459 0.269104668156713 0.0721374470986456
-0.0544639223899081 -0.0370692562149399 0.0643113224570581 -0.0927492267585306
-0.059197134152659 0.0126069736253328 -0.150177990091304 -0.0551047688834082
-0.0138545548802386 0.0221981076212834 -0.251649031281013 0.106532379189196
-0.0110945320749036 0.00273657434704911 -0.139628849907406 0.260689040984865
-0.018607025810016 0.0085322273792363 0.0118099546157508 0.28282443421916
-0.0247801598100345 0.015797447194633 0.119229219915284 0.231250936886992
-0.0396863917018265 0.0182059823038321 0.193486146630791 0.133654184762031
-0.0458984516347569 0.0116803349083235 0.217754122996514 0.0637865458461871
-0.0508749749195493 -0.00482396419076802 0.237448925559012 0.0255389858550375
-0.0409502736259378 -0.0265932294167723 0.24404933851735 0.058874061593175
-0.013492987689844 -0.0347899686965827 0.222899100251807 0.101985994082574
-0.0207221635215684 -0.0388432323108726 0.243497309621305 0.091122245972396
-0.00786462471587906 -0.0669304916211309 0.288208860010134 0.0786734100703998
0.058242015977089 -0.0698166938858585 0.362699947769171 0.008850634622425
0.141653693089303 -0.0355527175630425 0.224418073316208 0.0797740356627703
0.0520222034147326 -0.0397700961232873 0.0412457857596779 -0.0821817328662225
0.0230274055496964 -0.0189370256588759 -0.167651755374314 -0.0598974604951648
0.0317151296012047 -0.0360632052958542 -0.261946974574072 0.0951131421009422
-0.00517251344048219 -0.0715740003092047 -0.161604964801475 0.242183035596912
-0.0486879300218957 -0.0603517585911356 -0.017992109778787 0.277925398946055
-0.077405844491134 -0.0393243759113354 0.0917423069822584 0.229179771382974
-0.107719092881412 -0.0321315259257603 0.166806650852291 0.130972592186782
-0.118731982550246 -0.0396786423025464 0.186932623219525 0.0516982531620437
-0.125808338904596 -0.0699630325627316 0.207371705881154 -0.00620369491621571
-0.100238483226317 -0.12240611748982 0.231807385239348 0.00367576094013243
-0.0175213645862481 -0.152880603902408 0.234722844011877 0.0598828598953523
0.0489602883214156 -0.149571340853335 0.2516207814927 0.0807383767532083
0.114756187211951 -0.132505021753012 0.260512471922901 0.0788797393608255
0.1896131989737 -0.0839500735018111 0.309055228368527 0.017287953202016
0.246492274651413 0.00431401494083617 0.142332098300542 0.0626135420741969
0.165123917068472 -0.0347346370256003 -0.00583956504256034 -0.0967482154908742
0.120041889444684 -0.0556849975072934 -0.203552383570546 -0.0801290514215277
0.0813225894226884 -0.106005693565619 -0.278774342429014 0.0782412955364768
0.000612652339304517 -0.147802046517004 -0.180720061456995 0.212517997776245
-0.0771756335836521 -0.12684254381988 -0.0500132470614068 0.251925375637204
-0.121415716767344 -0.091365420425604 0.0498187397213884 0.205339740771582
-0.1604447997767 -0.0781276747337993 0.116649581107513 0.109989169183035
-0.173645816369916 -0.0829764775712706 0.129359960774258 0.0272488698246011
-0.185209900432518 -0.118076044857486 0.151025012199474 -0.0477507201872291
-0.155880007047286 -0.193311071892916 0.195164630740476 -0.0650494961749877
-0.0394435949799523 -0.245478112298999 0.23735359488178 -9.78314815660552E-05
0.0890312792945261 -0.247012032132909 0.258824659291113 0.0654727810648413
0.209605196593153 -0.192074091943532 0.226484702051546 0.0937636338989715
0.291129002481726 -0.0906162851588152 0.219995444616195 0.0335755218460952
0.319075122929468 0.0383949104074672 0.0263276638999248 0.0326050156160634
0.264724439196362 -0.0332848773196403 -0.0741156712709715 -0.116605998199493
0.210839268708317 -0.102356202933101 -0.245137674538641 -0.101686549155714
0.119428025886512 -0.181744332173941 -0.287595414057331 0.0510745239045112
-0.00231405929478404 -0.216150504021845 -0.197528837880239 0.163113386506844
-0.102802480529493 -0.178981785574406 -0.0878273698549824 0.203028076752386
-0.152704320901981 -0.129097927198449 -0.00432259666376601 0.161290969757509
-0.189110330850307 -0.112301732762608 0.0498285171245354 0.0738715752584385
-0.199930901068491 -0.116356725847619 0.0553784158766715 -0.00698833420438129
-0.212713463016922 -0.152164278698283 0.0809413660883974 -0.0904870430162311
-0.181605523443037 -0.233964442878379 0.142922189794435 -0.129620860591089
-0.0504628007973744 -0.295979104920372 0.226207497332722 -0.0584926243065905
0.116163535788968 -0.301275208100235 0.255632700224516 0.0543644905799714
0.273835540538766 -0.21769051532022 0.184016470982096 0.117026631408772
0.348640523473598 -0.0776759286881612 0.107097059175981 0.0492192351828589
0.342723741307912 0.0591639344588924 -0.109637019743171 0.00255189935157708
0.318420655770266 -0.0330050682924468 -0.158761998030994 -0.122102750622175
0.262433765829888 -0.140328373494804 -0.277946809073619 -0.111053300626816
0.131137957193712 -0.233839034624988 -0.280215014044032 0.0135982858316208
-0.0124579594592616 -0.253378861367413 -0.21205767108559 0.0926248882770899
-0.120230650447059 -0.202014914091337 -0.131065181864447 0.135649310310555
-0.164929496700454 -0.145207531534075 -0.0680470132548302 0.102845784940531
-0.188847272340929 -0.12960857808469 -0.0245652706193835 0.0268125716850566
-0.192236127209439 -0.135600485489377 -0.0216146399599782 -0.0495500869555035
-0.198527459167681 -0.169763041770445 0.0145845895270583 -0.13428876110776
-0.16156120546831 -0.245739120348922 0.0929939748767141 -0.184346644657048
-0.027299357984179 -0.298553858959731 0.209808550932373 -0.105218671913059
0.145171069814269 -0.293587472797516 0.239367883613256 0.0487914444818753
0.302805351422584 -0.191182506441302 0.132433913226727 0.137248964928566
0.355865942737039 -0.040120679699244 -0.0140664670724794 0.0526735815021344
0.307486490755093 0.06490879396213 -0.239543848584557 -0.0145980891584841
0.307647853075549 -0.0291444346530735 -0.23723992652549 -0.106491487749294
0.253058423943138 -0.147214742353094 -0.288106748691375 -0.102766287737064
0.113141637550816 -0.233110351046947 -0.255359044948231 -0.0286041978049839
-0.0193485523155982 -0.237522490659737 -0.224328762370479 0.0163735296145508
-0.114603785735658 -0.187061844489283 -0.177255766633863 0.063372533625564
-0.149450302680086 -0.134266860373798 -0.133712910909878 0.0433094512858146
-0.158596530527373 -0.127142281286362 -0.0943321151100971 -0.0234257057474683
-0.154457370028507 -0.136063862996034 -0.0849426600997534 -0.0967302724168139
-0.148679003524597 -0.166006856016351 -0.0303793692190102 -0.178483763562704
-0.103173261901689 -0.225655535376165 0.0657560703630276 -0.226126099547821
0.0203716659935375 -0.254893060268512 0.200064348336873 -0.132780366923799
0.171699958915757 -0.227630394360274 0.213271713316276 0.0487273159617126
0.295424569710995 -0.11944913992096 0.0760436618329024 0.138981094074015
0.310384905782981 0.0110219063333963 -0.123248824822778 0.0357108898656369
0.216207578303213 0.0648528630662411 -0.33527410035988 -0.017003000670573
0.234888607912915 -0.0117881488885821 -0.286798376091753 -0.0779422119805094
0.190797610562666 -0.115650882561783 -0.275474906324217 -0.0877703338962593
0.0762273105003503 -0.174513367725047 -0.226053805225789 -0.0662412321189868
-0.0158930561082848 -0.169757329228167 -0.234273615338619 -0.0444167161865201
-0.0834422684963494 -0.138161704584389 -0.217523335843159 0.00468387085052879
-0.107071534086425 -0.103129990458196 -0.188477858564639 -0.00656864569739639
-0.104382431999086 -0.104521422545418 -0.14922494974342 -0.0694631576409561
-0.0965787615087385 -0.11476515796553 -0.125798284899269 -0.143474964891338
-0.0810024873813408 -0.135963594973775 -0.0452724380869217 -0.219922484474332
-0.0345403880483489 -0.173394414496777 0.0678591844848877 -0.25159699305023
0.0596002893552947 -0.178473907847428 0.200321813745122 -0.142205986720932
0.172449796153014 -0.134121310970114 0.184753421961489 0.0438217926519034
0.245515506442404 -0.0341130716755254 0.0275651557392834 0.116045081607681
0.221536973125658 0.0571911465313681 -0.201307849701985 -0.00250755242879929
0.0892902950207185 0.0647520870587651 -0.378719288462113 -0.00691065850227342
0.125366968985112 0.0195118027703766 -0.297762250590921 -0.0505633624426845
0.0992845637964217 -0.0524500681252797 -0.254940713882664 -0.0760406636555088
0.0377159987231924 -0.0764792178907597 -0.209058596865883 -0.0888229444783184
0.00436962506539002 -0.071156756291593 -0.2422613841951 -0.07229925998641
-0.0291056684799132 -0.0695694913250585 -0.238830504802749 -0.0269412494207069
-0.0435587745855152 -0.0593231888764555 -0.220364712450987 -0.03681809937602
-0.0350909451409146 -0.0650204414042739 -0.178038253459847 -0.10169865680088
-0.0325585584333282 -0.0710533386678172 -0.139765022860289 -0.17966646633233
-0.0193083580286685 -0.0807317929390888 -0.0358085225182813 -0.249914815206774
0.0109063087365942 -0.100082165006145 0.0887145641134077 -0.259492373742939
0.0645258926167821 -0.0975876471940808 0.207760293146706 -0.138269057039545
0.134673901422511 -0.0532809389021484 0.163128963699969 0.031641595894392
0.15912415476413 0.0296406614061527 0.00025769811058088 0.0789376176777356
0.104884499978947 0.0787877818366001 -0.235699544173811 -0.0489736738914654
0.0198900877143819 -0.0646225248653272 0.258321767561099 0.0565269989095688
-0.0519290747275539 -0.0332314659667983 0.0572647052655618 -0.0917650461594483
-0.0541817798808611 0.0139394608804024 -0.144969463552278 -0.0467591776545966
-0.0126538579964276 0.0207751584452173 -0.233958237387422 0.110819765153225
-0.0111082865482014 0.00276278419647406 -0.121234639079566 0.249346625946544
-0.0167592259660217 0.00894776101982432 0.0246320842896792 0.264741584624844
-0.0220007163085718 0.0160301378370292 0.123516834087289 0.212852036252555
-0.0366003486198159 0.0188325071337988 0.189436401357923 0.117598697541874
-0.0437813512941154 0.0139622576025373 0.209405800252029 0.0507426452429206
-0.0490216910846328 -0.00214598988703405 0.225343107955702 0.0153914828230969
-0.0395925651751178 -0.0235712655872938 0.233143269506857 0.0462646017894427
-0.0145225412141624 -0.0328737477835559 0.215463270462765 0.0885628898694477
-0.0210595650217171 -0.0365238743291209 0.232393428902313 0.0778204711763766
-0.00956299522084881 -0.0623531315032914 0.274495913943505 0.0649396325903264
0.0524389556891119 -0.0683325894589464 0.344077270176758 -0.0033030693127456
0.132600556102542 -0.0401424052272869 0.217639792974959 0.0639366431439714
0.0476518787170062 -0.0393474405146679 0.0363726801406115 -0.0807276196380527
0.02169938383725 -0.0183338202262793 -0.161809294954197 -0.0513858380883117
0.0280126662409588 -0.0360750862582851 -0.243849553165543 0.100242750712851
-0.00872964241020737 -0.0670194947557435 -0.143369176681268 0.233305630239502
-0.0489397908799713 -0.0541597684638135 -0.00420414399133514 0.262129109190985
-0.0740121087123416 -0.0335528341974253 0.0983898435790132 0.212421179712939
-0.103150951537012 -0.0255512674071535 0.164313431865005 0.115574098936703
-0.114223089742627 -0.0312138759971824 0.179497389686273 0.0411501944058333
-0.122582413534007 -0.0600304159359343 0.195307142435341 -0.0143150690268794
-0.0998938149885309 -0.111221906687826 0.218002953381547 -0.00534356881122937
-0.0235352547003126 -0.143991658472185 0.225710670372539 0.0486687229869778
0.0398611236327129 -0.143313725701188 0.240746565087533 0.0669677353699277
0.103106116963941 -0.129629054450217 0.249642931121441 0.0670587735147722
0.176710606704139 -0.0865464500509873 0.29354149120786 0.0064347182096804
0.232289304319598 -0.00743714974988612 0.139240666435001 0.0518867236727283
0.154464407409191 -0.0391714281297171 -0.00720409957992298 -0.092517787198421
0.111299526431959 -0.0569311155853606 -0.19638926842714 -0.0698591294859217
0.0719531740831206 -0.10347569996542 -0.260157978611663 0.0839641468764216
-0.00671504328475607 -0.139349237652543 -0.162258650098056 0.205538435640341
-0.0785587961053847 -0.115525408851718 -0.0365928041488765 0.239068694168192
-0.119112687171474 -0.0805493510305607 0.0570373360648239 0.191408266887724
-0.15561420457782 -0.0658508633686093 0.115421820070473 0.0985823704474416
-0.1687250549854 -0.0690789817477235 0.124509938498 0.0206075934857634
-0.181102010900874 -0.102771782649405 0.140585064964775 -0.049565035567164
-0.155534217637141 -0.173851778518777 0.180218909660127 -0.0681638811018887
-0.0487046288141583 -0.229388777589095 0.22536255358374 -0.00830888325509832
0.0729934306992613 -0.236137071296673 0.247782456429737 0.0526841232860226
0.1899211775463 -0.189677570208175 0.219067828316492 0.0809878746698508
0.272806091127131 -0.0970689197775173 0.210834622846149 0.023609972492684
0.302079017784439 0.0219653752244196 0.0287177637608684 0.0272749873733549
0.24811087042284 -0.0419361210521318 -0.0716290477307773 -0.109243653832928
0.194522357889448 -0.103923557091177 -0.236131391719273 -0.0884883979502653
0.10406690012671 -0.176440645464372 -0.271120694256618 0.0583961115286546
-0.0121981791769475 -0.203424810939649 -0.180508400000853 0.160679890244363
-0.105918218708797 -0.162492746058474 -0.0732195937115237 0.194905922453005
-0.150763841182561 -0.114059984962062 0.00352971278791857 0.15184094585101
-0.184012772590369 -0.0970164173565784 0.0503321112968225 0.0680109749256605
-0.194687260355836 -0.0998615354240328 0.0533167573189734 -0.00790647164992045
-0.208956475293093 -0.132731904307614 0.0726126950104956 -0.0871213371425769
-0.182141142760014 -0.211789455278401 0.127323032429141 -0.126890568914876
-0.0603954956117141 -0.27686572203177 0.212578044659036 -0.0627526174242121
0.0964922093700875 -0.288363774562206 0.245709506064208 0.0414443021269977
0.247800491300089 -0.216314058649582 0.180997603263661 0.104609208170365
0.327575750541137 -0.0862220374628746 0.105082791045588 0.042204686697423
0.325025504220553 0.0405939999220641 -0.100493587276507 0.00530292776544939
0.298682752005911 -0.0454424655426856 -0.151075874927465 -0.11166952537093
0.240941335546798 -0.14172961508348 -0.26653404882552 -0.0953610684684137
0.113397058358966 -0.225944699461523 -0.264893612204384 0.0225736604435003
-0.0234992279742185 -0.237660589255616 -0.197044895671854 0.0957892390067764
-0.122289105832582 -0.183103977877184 -0.117357058840678 0.133315068595962
-0.162205107403998 -0.128015841932811 -0.0603336938965423 0.100248172729138
-0.184438488160005 -0.113667009706347 -0.0224363827705625 0.026762347543478
-0.188661137661187 -0.117793761439612 -0.0216226629232039 -0.0439972445886681
-0.196555493370177 -0.149884239325293 0.00849539144461605 -0.125363724205854
-0.164415663671405 -0.223154568810797 0.0774869324422587 -0.175483985033535
-0.0393632818241136 -0.279525384351024 0.194941179341992 -0.105958669376953
0.124627063394121 -0.28218218147539 0.230915365984357 0.0369353312356617
0.276468118402965 -0.192778986661367 0.132718311682436 0.124654963714997
0.334553642222368 -0.0522144950494013 -0.00970465560450629 0.0502317502800651
0.291715931368988 0.0479974203604809 -0.225525983732513 -0.00553272639579024
0.288171084511718 -0.0405734600498668 -0.224596942199015 -0.0935435280270304
0.23248441966944 -0.147978018127181 -0.275528023476407 -0.086879671033366
0.0971549913794937 -0.224390024136991 -0.243107203383902 -0.0179670258505586
-0.0289931425199845 -0.223151198452074 -0.211695039585206 0.0249824673605898
-0.117273588119705 -0.169169899266014 -0.164458613803692 0.0671334283733429
-0.147640571452799 -0.119039796736874 -0.125146357623973 0.047005453996688
-0.155922765577783 -0.112578960398273 -0.0911136343910926 -0.0170654841820283
-0.152526025824149 -0.120397435112086 -0.0850551199138812 -0.0862625576676744
-0.148412693359331 -0.148879402379324 -0.0361258271821223 -0.165543336366628
-0.107503831293507 -0.206272042855277 0.050715201359349 -0.213657197917756
0.00755239672604638 -0.240491701606246 0.183738573324159 -0.131886058224286
0.152495240742634 -0.220234519782199 0.205127140994437 0.0380649192920006
0.271845074763512 -0.124849185082959 0.0798431449961449 0.128971595658911
0.293615472807683 -0.00223484036532639 -0.113463939233379 0.0389076351179912
0.20630434300706 0.051438717765414 -0.316306749683979 -0.00356508291316569
0.220630490439919 -0.0211565077721388 -0.271346201238369 -0.0648359777655475
0.174646564099411 -0.115729875785942 -0.263285176891859 -0.0735811891415028
0.0651643182451584 -0.167150669257883 -0.217147074577467 -0.0551416444999608
-0.0220740617556223 -0.159673384544115 -0.223614246248934 -0.0322979287923037
-0.0854131001005128 -0.12437009973698 -0.204844684921192 0.0135549944811881
-0.106058283240638 -0.0918976534590445 -0.178802094824683 0.002937856718604
-0.103092790992466 -0.0938430018481973 -0.144018959857934 -0.0581951341614936
-0.0968043607947024 -0.103400222435777 -0.125438334024915 -0.12755729031968
-0.0831563045855701 -0.124310452943726 -0.0524387206853534 -0.204040668897937
-0.0412391576915358 -0.160505328735047 0.052125248873261 -0.237913898563066
0.0490655632827378 -0.170790412832581 0.183255167398836 -0.140975446375455
0.157199844162506 -0.131695584420582 0.177976085305177 0.0344136266639692
0.228473742471586 -0.0423483959850568 0.0322805157283471 0.108954168989635
0.211139050442001 0.0448363207664324 -0.189241540545325 0.00610867323417952
0.0863917695319714 0.0567043987265841 -0.359177987149478 0.00821150628295994
0.119208639599079 0.0131791690887509 -0.281467670247765 -0.0388313713739658
0.0912815183469398 -0.0522745195328981 -0.243095609126522 -0.0628072956959315
0.0326515869422882 -0.073199056979118 -0.202372216126951 -0.0765728148466743
0.00107594592182205 -0.0671873471750287 -0.232208994578238 -0.0570402482690435
-0.0313374348995719 -0.0624222742878235 -0.227876849561263 -0.0151144160917116
-0.044369103306055 -0.0536656414027036 -0.211146096049958 -0.0244747518338323
-0.0359211200174578 -0.0604095708586822 -0.173895520576265 -0.0869750279597982
-0.0332930698191 -0.0655130408797911 -0.139759484961324 -0.161084623954602
-0.0213061559937837 -0.0756821830191351 -0.0450867488936779 -0.232088893805448
0.00553885803302148 -0.0940978518179242 0.0722681972618719 -0.247329824782908
0.0560917482057913 -0.0939272172111696 0.190905978141869 -0.138024026709018
0.124911432237749 -0.0545796340833946 0.157243572758887 0.024671976640756
0.150276877089892 0.0216560349953955 0.00469523689606896 0.0747657513237414
0.101368077124828 0.070709431338418 -0.22434393070344 -0.0365795235383859
0.0186831566007017 -0.062402578923842 0.250037179831476 0.0517375706328966
-0.0486978699309635 -0.0317023123672714 0.0541290613850763 -0.0893148410034451
-0.0508820649577476 0.0128605547459855 -0.139774423919113 -0.0458029947458085
-0.0127668973549384 0.0192294904687848 -0.22514579756914 0.107030527719102
-0.011488033738149 0.00244041551574397 -0.116024287469205 0.237646194700171
-0.016093596895233 0.00842727188968397 0.0262085676445823 0.251906885213515
-0.0214546571644837 0.0152799995770294 0.121104662082915 0.202335924446391
-0.0346585073653817 0.0179069855097967 0.184123771452104 0.111262122771984
-0.0417224181906923 0.0145593443754527 0.202542494698705 0.0477341865765068
-0.0476230194225843 -0.00108495946832483 0.21633350620014 0.0147577598710002
-0.0377943909304155 -0.0230654370149098 0.223618444124189 0.0443035864125878
-0.0143357190790479 -0.0317195336099096 0.208731112624973 0.0859493856485605
-0.0203296894801102 -0.0353266314353324 0.222857437692376 0.0751065006360119
-0.00837066247853005 -0.0593316780060016 0.263498859891167 0.0636120478430964
0.0506804421636885 -0.0662016788140966 0.330853866493489 -0.00224340670251572
0.126107129626163 -0.0396452256487822 0.210460633916928 0.0593950211185674
0.0459541907452477 -0.0380744773614699 0.0358917850322247 -0.0790381886570989
0.021484573722453 -0.0179030135686142 -0.156246022771467 -0.0501899292413492
0.0262597585168798 -0.0346273392837481 -0.235500834381594 0.095969474425767
-0.00937087920238559 -0.0642840355930647 -0.137112324728783 0.222540291480521
-0.0469016427749931 -0.0512783711080729 -0.0017385321576678 0.249728945174519
-0.0714964370440553 -0.0316687337003507 0.0963784725440908 0.202006970562265
-0.0994408263671062 -0.0237807320580252 0.159028811392436 0.110153961467167
-0.110695544445871 -0.0282479515199963 0.174171249133136 0.0387751096214397
-0.11937587304781 -0.0557996004987919 0.188129616522218 -0.012596942653072
-0.0967041932783279 -0.106478796288856 0.208470586140336 -0.00478562904544926
-0.024135493948252 -0.138523676570911 0.217665517112871 0.0482077829444236
0.0380605076016058 -0.137153335330174 0.23193205595116 0.0651116975140412
0.0991068995771579 -0.124489323629027 0.240867258891598 0.0653468395002709
0.170359464203113 -0.0832932802063009 0.283360160241959 0.00690369676528689
0.221650947418444 -0.00866311870344265 0.136259001066522 0.0473640038241703
0.147763984333289 -0.0380089506067701 -0.00425796313745774 -0.091190279554664
0.106680915631296 -0.0541919969052303 -0.18918589961606 -0.06769702529456
0.0684875107108017 -0.0993662555424426 -0.250257302757861 0.0805301502830485
-0.00862321928312833 -0.13299221591019 -0.156323266831151 0.19733524592266
-0.075977334664862 -0.108793952820522 -0.0328607388655783 0.228687193479849
-0.114464518942993 -0.0757484128214044 0.0566004830465678 0.182345557961359
-0.150260225392625 -0.0620930602364752 0.112276960325591 0.0941127981144981
-0.163296427531283 -0.0647556843229671 0.121011734783446 0.0199172101220934
-0.176218581627751 -0.0963110331225342 0.135793691223276 -0.0466706824004576
-0.15095899904192 -0.165275475977065 0.171062137991539 -0.0650756854475063
-0.0479396473334836 -0.219473047671943 0.216693532798543 -0.00668560831553369
0.0690401882464641 -0.225895423630839 0.239339086065481 0.0509731084590355
0.18185095766967 -0.1820116260178 0.211550796600807 0.0784780688298318
0.262924296528194 -0.0932635790263411 0.203874122155316 0.0229051715146742
0.288583589194337 0.0182033042033034 0.0294507451191088 0.0245134239630854
0.237370575252102 -0.0407705729865021 -0.0651901151835857 -0.10730950512711
0.18664686883358 -0.0989317767333707 -0.227319589288507 -0.0867491820162447
0.0989119264463207 -0.169219424457311 -0.260372067926306 0.0560450242797548
-0.0144711862254124 -0.194678990119612 -0.173049033737311 0.153956400727714
-0.102848618213457 -0.153488408763495 -0.0686645873221913 0.186733716697733
-0.145643228851173 -0.107298992915112 0.00499519966089276 0.145206981654546
-0.178420000227028 -0.0909500434749492 0.0488685431466941 0.0649471453036996
-0.188536986990493 -0.0936072902241535 0.0513650690595618 -0.00710304518107298
-0.203638552971837 -0.124705767079067 0.0707449543448533 -0.0818687798402545
-0.177426686082426 -0.199613469553748 0.120205058169531 -0.120535739308273
-0.0596679042184735 -0.264112552210327 0.204731068061881 -0.0592078532759861
0.0912938558954256 -0.276551307434 0.237313352500402 0.0395534241618119
0.236166169274724 -0.207465977336107 0.175705813825522 0.100540169769086
0.31595141574061 -0.0835058460211771 0.102614348613791 0.0397272565571914
0.311046641019604 0.0363124239700722 -0.095377863809571 0.00301983473928069
0.286166044107494 -0.0439455622235221 -0.141446246732627 -0.110311838902799
0.231261244493789 -0.135390167032129 -0.256355057524588 -0.0932824941558641
0.107274713327027 -0.217294831959385 -0.255168373309798 0.0212118083139858
-0.0251681168307765 -0.227841251430538 -0.189130205047941 0.0928933894258237
-0.1184429605474 -0.172603890016917 -0.11156870366003 0.128241725635648
-0.156542358166989 -0.120350024171389 -0.0568378666912599 0.0966583712745961
-0.178399324080926 -0.106709062909449 -0.0215074268937169 0.026737351814189
-0.182653970342221 -0.111698264555771 -0.0208749819273077 -0.0408904199903111
-0.191262118744876 -0.141017576971692 0.00808538482466371 -0.11860651357101
-0.160058031391061 -0.211188265660012 0.0717434049058559 -0.166916066105883
-0.0397241710300676 -0.267306271083823 0.187690342185675 -0.100558545460312
0.118597324983708 -0.268871908963728 0.223435317763127 0.0359913175127659
0.263447878788068 -0.18525235511436 0.130309234837346 0.119434369735702
0.322505334487931 -0.0505218876123751 -0.00813189898903496 0.0475736248674349
0.279137754928494 0.0437287735186489 -0.214846528947654 -0.00660463730635841
0.276744386633573 -0.0398159187572226 -0.213214169949562 -0.092552661675428
0.222555858050874 -0.141143845400194 -0.264461433443179 -0.0851821944220093
0.0914298928866106 -0.214917538525761 -0.234076536550131 -0.0184887682784614
-0.0302465400607018 -0.213264754061572 -0.203192207100336 0.024829403643282
-0.114041782777036 -0.159714824050313 -0.157749614220481 0.0660630282515192
-0.142835084375192 -0.111308271895218 -0.119676732414248 0.0460080929672076
-0.151055175127113 -0.106451070249123 -0.0884895412318992 -0.0148729366373629
-0.146897757082652 -0.113901045644047 -0.0818985672509762 -0.0800223450933539
-0.144058466680144 -0.141171790885619 -0.0346568428237203 -0.157023469053558
-0.105462108896126 -0.195635714307372 0.0462332470987931 -0.203071748119381
0.00629559721508761 -0.229711161384255 0.17663378166767 -0.12595287301403
0.144964464434963 -0.210809636530071 0.200156567942743 0.0368259173065433
0.258885621307216 -0.120882111346645 0.0782321333147499 0.122909808534705
0.281948902905438 -0.00200795516344574 -0.108004755151148 0.0369809076446316
0.197625977998175 0.0477551377365422 -0.304032349030158 -0.00381965595651697
0.211889657978707 -0.0207171063852677 -0.258827704483305 -0.0647311803542449
0.166918692284754 -0.110051715115117 -0.252679522768982 -0.0715742805252726
0.0613877115122288 -0.160304344321361 -0.209152636867563 -0.0530029985709842
-0.0226640153692051 -0.152678696266967 -0.214900708353439 -0.029386463062886
-0.0832316794427832 -0.116984394100632 -0.196719222495993 0.0147602870391357
-0.10252446895679 -0.0860196205558628 -0.173043479807946 0.00479152062649164
-0.100334140129096 -0.089360128023507 -0.140733554925135 -0.0535351804408377
-0.0929177369579251 -0.0979621268641528 -0.121023617725054 -0.119515903391448
-0.0809036387339923 -0.118277869592832 -0.0516032568779302 -0.193374943605491
-0.0401882593788441 -0.151781117953539 0.0470526276508542 -0.226924176225225
0.0457722738735678 -0.163542577561499 0.176258598398731 -0.134400832656976
0.149930440942182 -0.125805878458154 0.172303080966523 0.0338499635298689
0.217837150623255 -0.0413625800456608 0.0327715125397586 0.104124371747384
0.202109778879106 0.0429971881635531 -0.18120859295059 0.00633299714989631
0.0833830209068669 0.053374482014161 -0.345477811955533 0.00698124699291465
0.11391091156001 0.012273070822451 -0.271335705191102 -0.0397757782690618
0.0872501813572095 -0.0492760472792715 -0.232688890387013 -0.0613955442396573
0.0310537781440884 -0.0708031495922808 -0.195892837113881 -0.0736346138036041
0.000778916681349814 -0.0645257512329382 -0.223476544088025 -0.0545518486799185
-0.0304616762709756 -0.0589019615817071 -0.219274751798347 -0.0126435533499863
-0.0431916651734727 -0.0502226923520952 -0.203256135537896 -0.0214721854121416
-0.0357471455917985 -0.0584944616749324 -0.168909325962991 -0.0810356599835373
-0.0320123434207799 -0.0626920861750184 -0.135590544703989 -0.151935762397201
-0.0208932599306165 -0.0719445150492974 -0.0440745191237343 -0.222174228917375
0.00447404406501586 -0.0891285842348323 0.0676791248725144 -0.235810039752478
0.052623561200191 -0.0899477144235206 0.182294508891055 -0.1314185946407
0.119607700707978 -0.0517444652606328 0.151999561132444 0.0252274350428085
0.143021650547577 0.020621530541388 0.00565719477882503 0.0719537011837358
0.0971035475648151 0.0681572223045501 -0.215112727555237 -0.0337078334634816
0.0253886024663067 -0.0596175793009662 0.244822070361724 0.084922491998711
-0.0423357270138261 -0.0384919609023032 0.0689288784773655 -0.0832594757545634
-0.0503486421532916 0.00428059575067456 -0.131533273609044 -0.0679216257455689
-0.0155618639777931 0.0152241288657322 -0.234319664017143 0.0738450702766869
-0.0138951975841186 -0.000672866869517081 -0.145772968203949 0.216214958598887
-0.0157203854077044 0.00375035117308833 -0.00910676599172308 0.249658033094509
-0.0221033979997369 0.0119228237037776 0.0966633660880171 0.214313886694574
-0.0353428583867819 0.0125842078555895 0.165330434937645 0.136802930382029
-0.0409581215944119 0.00685764499153769 0.194120687011913 0.0778832692892255
-0.0447864732945605 -0.00883850705676858 0.211341591749773 0.0488945747390065
-0.031654670413183 -0.0298901878854594 0.214275713400872 0.0797511579160187
-0.00670419753653061 -0.036696969052069 0.194112572465651 0.11993462468102
-0.0102915972434007 -0.0405748554955954 0.206485217330536 0.11063335035951
0.00374474275242812 -0.0615417712195247 0.247178447661194 0.10719890323029
0.0617080506673529 -0.060711357284371 0.329505252896805 0.054673504699947
0.127747975791018 -0.0235073350547024 0.199913690947875 0.0933642756876668
0.0510527833412104 -0.0305802552543259 0.047534733164323 -0.0720810815211268
0.0248608691355395 -0.0144806122627687 -0.147421569673865 -0.0702223068843103
0.0303616784249636 -0.0308443339148022 -0.242622689798251 0.0649905549136002
-0.00174300277340986 -0.0634215585910408 -0.163146971950653 0.200313124514482
-0.0373733763398807 -0.0580921408913083 -0.0325010116779963 0.244639716395991
-0.0642828842740847 -0.0418701478536276 0.0726418661740768 0.212314435135719
-0.0937477705327088 -0.0383593312161308 0.141054850386669 0.130771109466589
-0.102130463670979 -0.044955245264732 0.166949924171885 0.065614140892894
-0.107546563507469 -0.0727885485956322 0.185897204053987 0.0190950512167895
-0.0760985308948456 -0.119735056490817 0.205240072860996 0.0305050451189415
0.000256122843463232 -0.141882792073532 0.208687004971323 0.084621492845975
0.0606612640240636 -0.130677085374904 0.215424002081528 0.102046345033568
0.118065170211253 -0.107256860228919 0.22242956486403 0.102739172115409
0.182299822586117 -0.0573113757244098 0.280663017145736 0.0539801988109748
0.217202070009195 0.0196152431426685 0.122704302267065 0.0770019929222544
0.150265550903393 -0.0157806139443247 0.00772991650723348 -0.0855612812094764
0.113263290494001 -0.0372284198455978 -0.178705197175268 -0.0871322513476125
0.0812139676127571 -0.0869855729334269 -0.255760488953425 0.0510760623111471
0.0107933344924259 -0.129728456190908 -0.17656710989853 0.175723435202296
-0.0568253678399993 -0.117431562606131 -0.0572212196692669 0.220551959988732
-0.10049486659267 -0.0909909750081948 0.0356927674158321 0.189457126155109
-0.137908585437044 -0.0831994615855765 0.0970527211163132 0.108860715359745
-0.148373587908391 -0.0872566409398689 0.117218325414382 0.0389811382417514
-0.157831279945419 -0.120195186580462 0.139332852220529 -0.0208930701451043
-0.121293590120593 -0.184714992036804 0.176157229867304 -0.0321184033524428
-0.0116742891745038 -0.224692854037485 0.215054919933846 0.0327792558817148
0.104670688549804 -0.212728459478548 0.223853083293022 0.0886132564335384
0.207144027454475 -0.149962195513388 0.190733450747225 0.109402555359691
0.274445883979524 -0.0504384945226649 0.198110994685304 0.0552593729100475
0.280102329915245 0.0545878431268758 0.0157103406246777 0.0436886132770194
0.237862279739419 -0.00525069727015759 -0.0522164349356769 -0.106749032147395
0.197557773044375 -0.0696593534007 -0.214540691332195 -0.105560099746255
0.12236479700993 -0.14966729938872 -0.261966187522224 0.0288246600921118
0.0153599986184261 -0.190233577163949 -0.187044614293428 0.13427085713711
-0.0764104499250876 -0.163880464472912 -0.084362969899576 0.176573988734088
-0.126618673316801 -0.126638657110491 -0.0107277615372175 0.147037751255678
-0.161264286182517 -0.115722827687197 0.0391287795679396 0.0708025326675346
-0.169470467456945 -0.118596100839523 0.0518240660339331 0.00260855231941068
-0.180247312735188 -0.15141113762147 0.0796318639337091 -0.0647487615941509
-0.142066268882285 -0.221217031439696 0.133384745755589 -0.0940181614909164
-0.0173666198066997 -0.270232075740071 0.211308995292479 -0.0211734198530607
0.133198008334014 -0.25808801529783 0.223591654833028 0.0773118056862003
0.263667590869144 -0.166661101662101 0.150393587835267 0.123742478571453
0.324633824164647 -0.0311313137077396 0.0934391550021639 0.0546459511233864
0.299538508197652 0.0745117126161741 -0.107231137385107 0.00772255647318449
0.286328250981354 -0.00144251509195267 -0.128212982264057 -0.118127188474156
0.246260582630643 -0.0980007077970975 -0.241311549154712 -0.112057081566863
0.13797197343464 -0.194839671244751 -0.251500955453012 -0.00194586023648769
0.0101174422972432 -0.224045298264389 -0.193360420357564 0.0743370625671953
-0.0895271103901623 -0.184118870853984 -0.118188223658054 0.113156718301113
-0.136841831147696 -0.14119747756513 -0.0658204691217237 0.0919657267878191
-0.1598034439735 -0.131765472468948 -0.0258301908446489 0.0231744197475629
-0.161960253035093 -0.134444506770211 -0.0150772957096916 -0.041403032313419
-0.166509645223686 -0.165427923022827 0.023830630647555 -0.109906626264646
-0.124902313761651 -0.228278366461271 0.0920416001470627 -0.14705715999871
0.00203836814397744 -0.269718509079831 0.200294063406824 -0.065200618138084
0.157862868870252 -0.246871847968801 0.211011683026926 0.0708809032453746
0.285946117176859 -0.14001730631179 0.102935070729347 0.133772742742057
0.324265044993363 0.00318359403663328 -0.0177480998228886 0.043375766583664
0.268018619069581 0.07729826187052 -0.22401417125997 -0.0197345116754991
0.276298769293989 0.00120087412250771 -0.202397355332218 -0.111162436757261
0.23891438383441 -0.105110492544092 -0.250406120373682 -0.105222286095121
0.123090648342733 -0.195385970096186 -0.225337439112086 -0.0380331844438468
0.00369672375026369 -0.211597066179795 -0.197968386378299 0.00530515434260745
-0.0866994873463086 -0.170049512627317 -0.156047998548414 0.0451607503873678
-0.124170713091497 -0.129926426871092 -0.122155331020131 0.0347451858149213
-0.133334444748829 -0.12735282363976 -0.0853284728702587 -0.0275559817501412
-0.127732645334329 -0.131526084244613 -0.0699252916069636 -0.0884727751443518
-0.121505896501192 -0.157781301466474 -0.0129420531301122 -0.155239540187051
-0.0750065361813908 -0.20503104569556 0.072406558673289 -0.187801878680376
0.040254097778108 -0.225613924609307 0.192542369559616 -0.0919298481797732
0.175036186357283 -0.18414552452964 0.188047078882025 0.0679264401415224
0.271477745599413 -0.0764589773601276 0.0537407142051059 0.128420078995141
0.276189126632031 0.0450586452584813 -0.115581054880948 0.016915926103455
0.188751914508085 0.0715959256354484 -0.31064651967812 -0.0342911645484752
0.210576970758898 0.00975030160494214 -0.251801415047915 -0.0927343438077015
0.179716141525021 -0.0817210177008967 -0.240432311514482 -0.0946735688908153
0.0853191221600018 -0.147012038164615 -0.19680632370847 -0.0724561347999085
0.0019155634856806 -0.152450099131295 -0.202871801413155 -0.0510438130336595
-0.062832043122858 -0.123867438441175 -0.190864780626911 -0.0112730868601946
-0.089028775127957 -0.0988506420639116 -0.170441691577513 -0.013721523654712
-0.0861566393909061 -0.103507902653556 -0.131734952637877 -0.0724362884448304
-0.0771875572026126 -0.108800414333142 -0.102875013603244 -0.133560835970194
-0.0623148994402585 -0.126525513553477 -0.0233777068946758 -0.19503203409599
-0.0185203921056166 -0.153427484105543 0.078116005285439 -0.212551282340083
0.0685917923613562 -0.154851289477827 0.192937656826767 -0.102486102503503
0.167171240722993 -0.101291284556104 0.163305747597904 0.0606059996718399
0.218135095234427 -0.00443693830496397 0.0135324543399384 0.102209222231644
0.189577072024322 0.0777841904380092 -0.182320870414856 -0.0245378154945698
0.0755562413546569 0.0628271143530881 -0.349576142883434 -0.0362718097728483
0.110104993905252 0.0276156415035884 -0.267297787453711 -0.0741230703713253
0.0922894071066964 -0.034136764946719 -0.221832205987053 -0.0878054757665315
0.0415112021643286 -0.0639688347431762 -0.181469546296293 -0.0949133037245336
0.0111635259322314 -0.0635418620581276 -0.209852870153881 -0.0798871141869911
-0.0196279547486145 -0.0587979269089459 -0.212216763310097 -0.0418179361188761
-0.0359332361111706 -0.0538904773616252 -0.199114628215529 -0.0445928724005704
-0.0264223957526713 -0.06348377408154 -0.155259628168252 -0.103947718339541
-0.0230357055019757 -0.0659216752389861 -0.112674207725553 -0.167556462419006
-0.0112840731024036 -0.0741792839056106 -0.0115252447482746 -0.223105242338314
0.0163988678790619 -0.0868799623652197 0.101079078212206 -0.220034415567498
0.0646137084288582 -0.0819217726090473 0.199656391867054 -0.0998247740082339
0.125977103452353 -0.0326829964109097 0.145126328479832 0.0487000178815131
0.135446257724533 0.0426592369527214 -0.00614527322719344 0.0671373343994562
0.0814744658949237 0.085102349881089 -0.209166791759895 -0.0695492076196654
0.024797863503399 -0.0617911758719636 0.252300171985881 0.0818138933961731
-0.0431014968424699 -0.0398088244528434 0.0706561324072887 -0.0872837809254029
-0.0512437278902982 0.00404070633861209 -0.134588897811549 -0.0706374129938691
-0.0161801075815322 0.0155707174213324 -0.239159358578534 0.0770085207777361
-0.0152190857303503 -0.000159508307695012 -0.147845371374527 0.219589321946545
-0.0167525088987629 0.0038733263262214 -0.00554008875389843 0.251843720220429
-0.022364790448317 0.0122269848717519 0.102239196275033 0.21591178151222
-0.0364810965015018 0.0125916226723074 0.173032648943017 0.137143858915806
-0.0417601878143646 0.00785442179579931 0.200974928413714 0.077918223426893
-0.0468627613899404 -0.00829106999373894 0.216884836038218 0.0493920952104916
-0.0325507898055134 -0.0314167687532089 0.219845453709674 0.0805802268796636
-0.00718068259375669 -0.0382993944633776 0.200572286070861 0.122412549854238
-0.0109080468749129 -0.0415581252433148 0.210481641115251 0.112893968937776
0.00429338238655911 -0.0621763993170565 0.252649057455601 0.109840818446856
0.0639605632449485 -0.0627173991746439 0.338076787239645 0.0566053114672707
0.129342726655386 -0.025003746804135 0.206890929275486 0.0907164541781047
0.0520480770572502 -0.0316335224603982 0.0498122177376702 -0.076590651517983
0.0253807592332271 -0.0149851441413672 -0.151469323804807 -0.072786208345664
0.0307559767207462 -0.0314538351620956 -0.247476624510608 0.0670753365448016
-0.00336436888699783 -0.0648621185529242 -0.165970709888452 0.204638291860348
-0.0389330539303714 -0.0586720923126611 -0.0306570392151585 0.24804549702883
-0.0665289981277649 -0.0420137831010228 0.0769356687334667 0.21459064002708
-0.0962527445813574 -0.0384058821419783 0.147705721506352 0.132809412932313
-0.105681830518496 -0.0437224551512444 0.173488004794809 0.0651098811150312
-0.111933513012431 -0.0722812677061958 0.191569246933129 0.0196817306511904
-0.0798402773726421 -0.121706753076576 0.209970273312175 0.031169519900524
-0.00157023792914631 -0.145685167359647 0.214220890391046 0.086285258110652
0.0614447959420917 -0.134010168774229 0.220949914155437 0.103041844918513
0.120660573677672 -0.10989645025007 0.228212096616213 0.104996140194824
0.187669103509241 -0.060189396431193 0.2886649135349 0.054253994825802
0.221208908502536 0.0169359992192641 0.127666456406317 0.0746717404564743
0.152989784205696 -0.0172510673805607 0.0102681537470342 -0.0905206916159157
0.115980366434099 -0.0386053043459636 -0.183052344692651 -0.0893666964649509
0.0820302559699206 -0.0895498933040616 -0.260855527417429 0.0528316487207955
0.00824686568891697 -0.131709492945812 -0.179967759795306 0.179827978271352
-0.0599856342443586 -0.118150765079941 -0.0553561211427538 0.224193702305251
-0.104130226723811 -0.0912409325410235 0.0401622571464417 0.191851955833645
-0.14289965894897 -0.0830177961342008 0.101933895460193 0.109761866649832
-0.15364051077103 -0.0869174738028304 0.121564887713234 0.0390088819566168
-0.16349909607919 -0.119591525741695 0.143116344602897 -0.0211511970173335
-0.126907591026349 -0.186836411816173 0.178780409595473 -0.031867055825186
-0.0146142948489993 -0.230077308450626 0.221727184731689 0.0328979535358877
0.105040596634528 -0.218512236511006 0.230923711982563 0.0892469259788189
0.209883633139899 -0.15501266002641 0.196759392256628 0.111478517193859
0.282556469101573 -0.0541829700292185 0.204118476522727 0.0543342370912799
0.285337920480191 0.0527555075006462 0.0184863006316528 0.0424002146814383
0.242285484429624 -0.00765782144211354 -0.0506012643085388 -0.111995257108329
0.202309775495022 -0.0724429436875526 -0.219657412907915 -0.108311076151108
0.122926746425316 -0.154382582002528 -0.26761491701192 0.0299891869356947
0.0121140841758346 -0.193613085862394 -0.190119472348458 0.137931422713831
-0.0799228142724382 -0.165147675436264 -0.0838471097072744 0.178821283504181
-0.13134351916682 -0.12671762223248 -0.00815653731024731 0.1490660496578
-0.16758521326514 -0.116319471677644 0.0410262910300179 0.0723349059482168
-0.175964325665766 -0.118055415905052 0.0541531655979344 0.00311413705025823
-0.188136260230323 -0.151234508763067 0.0818964124105989 -0.0653634390008553
-0.14944019203775 -0.22422029088023 0.133771469935181 -0.0947628635232244
-0.0213907915783341 -0.275650678584591 0.216399858058772 -0.021771705138054
0.133957650611304 -0.264261672041661 0.231347953403483 0.0779186862496286
0.268083453408327 -0.172505829254019 0.156008434767758 0.12464149255183
0.33361534959815 -0.0347696039386525 0.0965761530061678 0.0541952532205054
0.305768369510016 0.0739074099337322 -0.108123342266331 0.00645192820070126
0.29227814393703 -0.00412128172462447 -0.128617447902123 -0.122917478101161
0.251470697242952 -0.101153200460161 -0.247142911439216 -0.114419239641235
0.138418905268004 -0.200324419615825 -0.2566305160654 -0.00194724221871152
0.00623777270588718 -0.228169035826194 -0.196743805676385 0.0765860193382614
-0.0933412415705802 -0.18487517931465 -0.119021382566411 0.116144077240242
-0.141221618609215 -0.140680050771604 -0.0654811962646716 0.0945829870258356
-0.166260800465463 -0.13202312098614 -0.0259545363012048 0.0246249281689639
-0.167697267094747 -0.134954632395809 -0.0151566154814715 -0.0405968394098175
-0.174290187850938 -0.164687360693874 0.0240245208251147 -0.11143398104473
-0.13138160684785 -0.22989744160843 0.0919940084972526 -0.14854880178854
-0.00154628259247618 -0.275275644613652 0.20461132236277 -0.0661848425129977
0.159924884611122 -0.25208027746933 0.21905134099243 0.0711602169706887
0.290388576507112 -0.145236031324665 0.107400461410494 0.135206420194537
0.333738323790119 0.000765387512258295 -0.0167618676247756 0.0438857090434428
0.273804764556867 0.0767287075109778 -0.228832518869229 -0.0198542442253267
0.28222194613497 -0.00151891907805307 -0.20475306699406 -0.114685723799287
0.243147325077644 -0.108174344413805 -0.256331217448574 -0.107574897077799
0.122966348470265 -0.200632280675432 -0.230527217349179 -0.039012067024427
6.05655710838805E-05 -0.215644967324575 -0.20180135468604 0.00634299253625791
-0.0899054825319736 -0.170346143824994 -0.158638315201585 0.047199901498643
-0.129028066338035 -0.130030543975142 -0.124168838070397 0.03766312132004
-0.139113439512543 -0.128190488465203 -0.088966387789877 -0.0255480226002363
-0.132725501880298 -0.132822646336373 -0.0725735795930356 -0.088319607168147
-0.127951615794128 -0.158565664088339 -0.0142011400308232 -0.156898864095539
-0.079164273529066 -0.206389239305913 0.0710254344745825 -0.19015603694661
0.0377066102309961 -0.230565546045092 0.196783088243557 -0.0941639583613738
0.17815257773253 -0.189549239190908 0.195760016681225 0.0681109233488286
0.276037751134596 -0.079971746185936 0.0568116258263548 0.12985261238979
0.283610664990154 0.0440556832721954 -0.117591088520025 0.0178165180761706
0.192405687829205 0.0706993937115148 -0.317847811419164 -0.0339074448869295
0.215822034096166 0.00816086122129889 -0.25709275562513 -0.0951194460026526
0.183364598041432 -0.0844060632290543 -0.246163711237361 -0.0966689435473204
0.0853386123909884 -0.150697590412187 -0.201287880597663 -0.074505417980151
-0.000698581633922769 -0.155823816096765 -0.207219658471634 -0.0520028634525015
-0.0655173400792668 -0.123474829589517 -0.194798471126317 -0.00978432617105847
-0.0928227206776991 -0.0984534431372926 -0.174280780891151 -0.0113062433469655
-0.0903085464287398 -0.104808591849276 -0.136465178327441 -0.0708844577900475
-0.0806385591148395 -0.110180345639089 -0.106728552149751 -0.13309086182432
-0.0660839856726958 -0.12746006547447 -0.0258105782025806 -0.197795899191161
-0.0214303530662658 -0.156147780250785 0.07700141304734 -0.215888327856314
0.0678843783283715 -0.158511496392025 0.197657985186453 -0.104940392729207
0.170282276347767 -0.103502973934155 0.169885734924564 0.0618972791666263
0.221725487525471 -0.00661065667016206 0.0153200356392042 0.10406260117778
0.1951756591563 0.0784928201559616 -0.186045063416945 -0.0230169773047984
0.0775663703713683 0.0626417861956925 -0.359571355229262 -0.0355784406864463
0.112744851017428 0.0270914943546528 -0.273039741427253 -0.0751837709516832
0.0943466475849409 -0.0345559240233914 -0.226770906596178 -0.0892932014580156
0.0419965080350026 -0.0654835847466457 -0.186996887418655 -0.0973069278880555
0.0105388476251131 -0.0658334683191033 -0.215132020877679 -0.0797441310781378
-0.0213364772462475 -0.0581551595058068 -0.21820292568534 -0.040258881449836
-0.0372347281689691 -0.053235402708625 -0.204710487026328 -0.0429074353899827
-0.02869475113328 -0.0649641701561316 -0.16186853746568 -0.102853749697598
-0.0236192777573047 -0.0667025343562766 -0.116745314526391 -0.167844126635473
-0.0115796308722313 -0.0751129490107621 -0.0142054438573397 -0.226737104792665
0.0151630086381304 -0.0884419830751274 0.0991840126990978 -0.223625899674918
0.0642486174854666 -0.0840768311038337 0.204070862281638 -0.102650289375184
0.12811201668836 -0.0339798346059018 0.150716682185466 0.0506151062511066
0.138103529887187 0.0430475354093238 -0.00520114458427336 0.0686451343913829
0.0837019953774977 0.0865967771230875 -0.214004187561845 -0.0677902628955761
0.0225026756349607 -0.0650453138815105 0.262488277191357 0.0695290080013987
-0.0459449379854199 -0.0392866179751204 0.0686168067984126 -0.094233016618919
-0.0527144594935501 0.00537552165527716 -0.141178830147425 -0.0682452988019807
-0.0158583272200528 0.0163916646232205 -0.241678878229992 0.0894653089674731
-0.0165296706856208 0.000353332057561388 -0.142775646933402 0.231218910041375
-0.0176546658346285 0.00405907551557682 0.00660983300815768 0.255611593466185
-0.022430632739102 0.0131630950349619 0.116874180722773 0.214049126969666
-0.0368275064863706 0.0146220973927147 0.18683957453515 0.130623724850435
-0.0425203299854452 0.0106788020242891 0.212659015575066 0.0693708948809148
-0.0484128094031101 -0.00522202454122324 0.226111476236954 0.0401240214943811
-0.0355068655464989 -0.0310332967534363 0.230210693394526 0.0732377646671428
-0.00990345864938183 -0.0391914156888814 0.212049733542958 0.117107893826556
-0.0131086734121744 -0.0420714781736362 0.220873219255626 0.10681625844914
0.00197033429464739 -0.0635115947993171 0.264235341133924 0.104129233585975
0.063335204420662 -0.0678239066361957 0.350021601736821 0.0438091159806284
0.130397345096494 -0.0322150815122948 0.217379702134478 0.0806180217803862
0.0513565399088479 -0.0350210032546961 0.0492248505482827 -0.0832503423579071
0.0248097880656872 -0.0167501468959164 -0.159097267497858 -0.0696201322489814
0.0299453166610351 -0.0337839124839105 -0.251864897653521 0.0797994392366475
-0.0081891927790624 -0.0655849262182082 -0.161692498390421 0.216558403541898
-0.0434506397529257 -0.0581679075468139 -0.0189530104276069 0.252476741601059
-0.0701349420162817 -0.0394598163600153 0.0909694783782123 0.213683922723398
-0.101574769661375 -0.0341894637841983 0.159914999456132 0.127967460714393
-0.110798083872662 -0.0386236729048571 0.183313667238306 0.0575681207289759
-0.118961771272328 -0.0674385142958852 0.199262334670837 0.0118660463063643
-0.0884638784305264 -0.12036256881016 0.216806657154239 0.0233213040684629
-0.0088491372332594 -0.14966602904721 0.225053475136128 0.080303291602965
0.0570355865634803 -0.141014627778977 0.232479848696413 0.0959779811234569
0.118871841711361 -0.117708595735713 0.239608517033898 0.0984519310395881
0.191472067058151 -0.0708832971941688 0.299688123035423 0.0428092330562211
0.226851144848861 0.0069635387141234 0.135603787436506 0.0675478603110179
0.155585575511701 -0.0250458023448846 0.0092729999262774 -0.0966632569777795
0.117227000729934 -0.0448424002632526 -0.192514645858266 -0.0861657253261794
0.0793598235426145 -0.0952569313702169 -0.266497918694288 0.0649845447647395
0.000910643554594396 -0.134740149682959 -0.17735053386335 0.191184289879183
-0.0671075488159361 -0.117100092882142 -0.0457325788933102 0.22994170423798
-0.111436291040495 -0.0880128737988759 0.0513498677799712 0.192155062022349
-0.151361246111127 -0.0771685175273207 0.111937162175862 0.107206140182825
-0.162314264466032 -0.0803728628627106 0.128240058166647 0.0337302773398394
-0.175734168508292 -0.112890482619957 0.148230319717828 -0.0278670124770257
-0.140223577843324 -0.184881054891621 0.181668523227891 -0.0391922718330605
-0.0271933089580674 -0.234870154055958 0.230579451862439 0.0246571968836367
0.0977150782256915 -0.228443465139048 0.2423834787119 0.080881356709648
0.209120421638852 -0.168227534863108 0.20734207802264 0.105227484534706
0.289596875990732 -0.0696990451779779 0.21320259036979 0.0456833279080066
0.293255294399849 0.0410051754910071 0.0222714287849091 0.0394860443610048
0.247998921020504 -0.0194862252821767 -0.0538204075730604 -0.116219523651711
0.203932841753556 -0.0828107069675317 -0.230457055402798 -0.103379960645905
0.117791532096924 -0.163875503894941 -0.27342771506248 0.0410228885968414
0.00162990499424591 -0.198149673908124 -0.189873277883277 0.14856172901125
-0.0898585087406333 -0.163040184802449 -0.0771478636229705 0.185709203388485
-0.1407740544396 -0.122338433506321 -0.000285079007926842 0.152321939866935
-0.178930222827238 -0.109526870154307 0.0468230566447547 0.0724021689974592
-0.187389376499006 -0.111177962199012 0.0572992576369389 0.000678490127085107
-0.201695009848837 -0.143280237158215 0.0830608792039961 -0.0701667338231652
-0.164940624238436 -0.220411016169679 0.132842555735365 -0.100183785552198
-0.0358464993100728 -0.280863016450123 0.222466471151485 -0.0306626798396167
0.124859977614602 -0.276713868469123 0.243547986096575 0.0681729540737483
0.266805633417946 -0.189292303534085 0.166625926374176 0.120684251483673
0.343205127038555 -0.0523425117936755 0.102622333325062 0.0490559823082329
0.315073592504443 0.0611244648125536 -0.109251797990634 0.00882418605576041
0.298754871548936 -0.0186270235168019 -0.134228140455518 -0.123781473144045
0.25371335673662 -0.114891011357429 -0.258630433280703 -0.108132383980574
0.131328490156869 -0.212287066673089 -0.263608923488014 0.0083550932815505
-0.00532718215360596 -0.233139519193899 -0.198500234286324 0.0860661587828047
-0.104290720343256 -0.182422032472233 -0.116004138422121 0.123099500906464
-0.151812927698835 -0.135587832433577 -0.0616054507936779 0.0992116079705505
-0.177972452438067 -0.126107688605016 -0.0251794607643081 0.0273586792060362
-0.18012126380416 -0.12792435911126 -0.0171042587583269 -0.0400100314633567
-0.188398648598776 -0.157876226992936 0.0202645980358693 -0.114243095787823
-0.147382210518079 -0.227495805637859 0.0862703617735669 -0.15348714950268
-0.0161051511671888 -0.281476243729536 0.207981657748546 -0.0768130522442447
0.152397704296917 -0.266550686204688 0.230761773484308 0.0627741018716369
0.291043980992293 -0.162070704263246 0.117763662920778 0.132818171248107
0.343928593033471 -0.015931614578796 -0.014674869463834 0.0446248421318861
0.283245666715499 0.0661252491797198 -0.234920524935039 -0.0122004669155673
0.28859257712008 -0.0149832928406948 -0.212694714602287 -0.111610446027791
0.245066310677501 -0.121463830836445 -0.267805885215447 -0.0999186513322626
0.11544258147274 -0.211578047029313 -0.238183606460133 -0.0313249253383534
-0.0121037426790274 -0.221014691505497 -0.206080832370887 0.0142706418544535
-0.0999838985346926 -0.167954292682143 -0.159713114123494 0.0547804209155121
-0.138677633184324 -0.125051376320045 -0.125579937213251 0.0442656411748949
-0.149540038117654 -0.123388853649093 -0.0925927587316775 -0.020083213355049
-0.142711795763205 -0.128555893285025 -0.0780371866768685 -0.0852836188360885
-0.139517080966158 -0.153640673296766 -0.0213639821507791 -0.158854750440515
-0.0925510763773659 -0.206349445554565 0.0630757816063118 -0.195397443672819
0.0265835923030565 -0.237371215160198 0.198317346529665 -0.104282822969116
0.174493040620238 -0.201083214928586 0.206784799381797 0.0606419107014971
0.27873989381231 -0.0945803381285669 0.0659815083790219 0.129889190443083
0.294452277109063 0.0312026282215024 -0.119056407014486 0.0233513351535074
0.199470613971405 0.0632281614221175 -0.327913515670076 -0.0209525956198512
0.220444544298403 -0.00216250884626534 -0.266075424441047 -0.0879960888885735
0.18415849314507 -0.0943111497608555 -0.25607569713452 -0.0893020599221539
0.0790694427882711 -0.15820243908343 -0.210559486208389 -0.0685907291051277
-0.00910075037574934 -0.158997712640325 -0.215082212381442 -0.0447236831850656
-0.0720396426565411 -0.121763286917248 -0.200139853093245 -0.000380052961989973
-0.100029034235753 -0.0944199384768456 -0.180065649183807 -0.00171548008314669
-0.0985146625997618 -0.102759205456229 -0.144484571823132 -0.0643678159430464
-0.0883345220487706 -0.108746608545718 -0.116133587265688 -0.128942925473644
-0.0751857801989241 -0.126429103582873 -0.0358148741731222 -0.200009511265457
-0.0301752741095367 -0.15670625972214 0.0679997003722877 -0.222083165706776
0.0609123965083291 -0.164972893824042 0.197795014665924 -0.115225421423744
0.170622678291896 -0.112716592747027 0.179672983146272 0.0562144767927653
0.226435477991122 -0.0165544046839857 0.0216007359265662 0.105236107625302
0.204134950967874 0.0713803554790324 -0.191240215903493 -0.0144423244106666
0.0820564038312635 0.0598474404700026 -0.370952092734014 -0.0200255423728954
0.116191431751331 0.0217003044875039 -0.283038376654669 -0.0657112344372211
0.0959275347596194 -0.038567133964216 -0.236539723763541 -0.0833517779271464
0.0393672775082164 -0.0686426027448594 -0.196180587018794 -0.0925612344846015
0.00693575825149807 -0.0677574103891447 -0.224087512501313 -0.0729113384435366
-0.0235090547894632 -0.0572561682950814 -0.225911845305526 -0.0307377831150992
-0.0404301058831239 -0.0524086871289093 -0.212718225287435 -0.0318356848376599
-0.0334383440201295 -0.0663880123243452 -0.172480768253059 -0.0953567522465951
-0.0271766207034737 -0.0678510764771871 -0.128932585863965 -0.164190330759867
-0.0159095795992234 -0.0765030105337953 -0.0264081768251577 -0.230151131721689
0.0108511565719548 -0.0904561422739605 0.0906781921920523 -0.232020225949834
0.0615120595395341 -0.0887237125062923 0.204495700496217 -0.113000633733484
0.131091620734723 -0.0403001176524608 0.158957198822233 0.0460915703619517
0.14309989329853 0.0387233761811316 -0.00197682378651615 0.0697874542082375
0.0892853546997632 0.0855143768518252 -0.222321027475843 -0.0581819979119859
0.0173141560939018 -0.0666650496338691 0.26585704364939 0.0473481245522798
-0.0488320831937269 -0.0358807547478251 0.0620641353604669 -0.101596021406489
-0.0524314410756642 0.00854523152859243 -0.145474307229505 -0.0595035961238813
-0.0143751549930991 0.0177001376955046 -0.235653871914822 0.105336535150704
-0.0174906892728303 0.00254317245260022 -0.126401651272295 0.239161422767897
-0.0181133506254321 0.00524003938122059 0.0240909889067687 0.250015741866059
-0.0206334902380975 0.0141852951264069 0.132644687049502 0.20218791529871
-0.0357490807888367 0.0172384525575274 0.197736788604226 0.114292865668231
-0.0418822810523852 0.0142088992592985 0.217923445540857 0.0530997820981735
-0.0482464343362404 -0.00118673819710218 0.228881176875214 0.0241439427403051
-0.0382036492737566 -0.0286553429570096 0.234994080343495 0.0573380381178505
-0.0130569076479847 -0.0386071234176151 0.221334453176336 0.102675339841298
-0.0158987809248194 -0.0411165606111564 0.226224250922535 0.0923403774677225
-0.00122755110942894 -0.0631270377027604 0.269730395849169 0.0864042850874605
0.0581568315733295 -0.0721977239656491 0.353559305069155 0.0199606651973718
0.126571621584206 -0.0414064483114134 0.222327957650761 0.0617796384470148
0.0478127782197492 -0.0383732587578214 0.0446823367378026 -0.089853677733125
0.0235067513778209 -0.0185223073348095 -0.163303727039905 -0.0605343490358461
0.027301285789817 -0.0352299417366675 -0.245515206493643 0.0952536142255907
-0.0132997233437739 -0.0631720650995785 -0.146145514179301 0.225327665534914
-0.0479579731405745 -0.0537615270687951 -0.00106386764992977 0.249973543882945
-0.0726767433674471 -0.0343626750721057 0.107143469302456 0.203564166958703
-0.104859565019818 -0.0256477636745801 0.17154712855343 0.113493288998041
-0.113837550203188 -0.0297980268557814 0.188365426536127 0.0431934584424196
-0.124020743141827 -0.0573618878332923 0.200537914116837 -0.00289903169670822
-0.0980221642095247 -0.113568147914423 0.217983162275739 0.00897988980570279
-0.020124309622602 -0.148240804830285 0.230913617045238 0.0644739827197784
0.047269790102088 -0.143918070320647 0.237891118178394 0.0785886225391399
0.110947739381175 -0.12518196444588 0.245857181698712 0.0824730944766778
0.1866035684055 -0.0847689529731461 0.302270623348977 0.0204457594688226
0.224903051863965 -0.00872379617653669 0.140287660796752 0.0540270036274365
0.15242328987076 -0.0357517699484157 0.00432688243263776 -0.100547070244751
0.113574805911198 -0.0520391951880385 -0.19829044791684 -0.0741407561056554
0.0712108474576015 -0.100074178045842 -0.260381093183116 0.0823158863625847
-0.00955812976389976 -0.132692785856202 -0.163461566372787 0.201047990184118
-0.075999325126406 -0.110356839441212 -0.0291150627454658 0.229327530704332
-0.116827714044025 -0.0786303335317961 0.0653805432067896 0.185407563997826
-0.157491084428564 -0.0646581136501052 0.120874107164997 0.0976516556468009
-0.169176924767436 -0.0662517772059898 0.131836548435778 0.0238158349371112
-0.184174195058456 -0.0971150637003711 0.147058519035423 -0.0381256874431152
-0.154629888860717 -0.172691450189435 0.179055974035272 -0.0497171031473576
-0.0445029330260093 -0.231529632776177 0.231820614834507 0.00937602831287596
0.0814941053854565 -0.233719371484841 0.247824625533604 0.062104532362998
0.196762721229988 -0.181940989104624 0.214271831963129 0.0907491995264692
0.284895296225608 -0.0918338075394025 0.216342734332168 0.0286917725480539
0.293416169451006 0.0207251935028777 0.0259074095232949 0.0345645976641297
0.24379669199662 -0.036684401323245 -0.0593236073775212 -0.116313162661313
0.197460663703095 -0.0969628024699551 -0.237117220648622 -0.0881463181380007
0.1046592242765 -0.171087387852569 -0.269800316838577 0.0590706594719463
-0.0142430292406703 -0.195659564808254 -0.178328982713737 0.159405378427399
-0.10094218724554 -0.154556936569351 -0.0629748751182618 0.188569102159454
-0.148750757407033 -0.109989892951098 0.0111302985153786 0.149576195671729
-0.186556011755787 -0.0942613625828961 0.0528325041111232 0.0678319776069206
-0.195450591744162 -0.0955007102557093 0.0583623083273008 -0.00347757799476195
-0.212551624780393 -0.125058131579963 0.0794440815904339 -0.0755763476494646
-0.182307454029241 -0.205235633398679 0.125474326844847 -0.10697521267846
-0.057336667486545 -0.275926259681028 0.219953393004672 -0.045305941630372
0.105510071461544 -0.284458413365546 0.247856422566324 0.0494467819057481
0.25210329132813 -0.207363761028982 0.175371438222895 0.10747079133723
0.338650714879626 -0.0775046994900651 0.105312442917777 0.0400691568218845
0.317126981023021 0.0384642185390137 -0.107176862632213 0.014465441489849
0.29457432762048 -0.0397843156318809 -0.139732100052252 -0.118108406379552
0.244557032781501 -0.132145245960998 -0.266119253223592 -0.0915058214519564
0.114253768976594 -0.219685997140671 -0.261974422780242 0.0247403532414811
-0.0243188161222607 -0.230414947878195 -0.192050112011457 0.0974332299332805
-0.11626193307513 -0.172568509400585 -0.106701024500513 0.12966013334921
-0.160834896150563 -0.121934399728792 -0.054040850435853 0.101565199220313
-0.187733344587543 -0.110520266440318 -0.0223408078138514 0.0291557336918044
-0.189410185277539 -0.113399723925599 -0.0187563843122118 -0.0379104971450755
-0.20021402221215 -0.139909771213388 0.0138299533196201 -0.113820623946164
-0.165188743865932 -0.213613916059526 0.0759684836781775 -0.155603551706507
-0.0378095570249979 -0.277459275790813 0.202529946040184 -0.089720815780407
0.13353900028772 -0.275620788124868 0.235958546713961 0.0444944936196968
0.277796657250028 -0.181862443026877 0.126930972483772 0.122720591571239
0.34209039328645 -0.0420518163215315 -0.0122296076818749 0.0444941964421838
0.285570494671961 0.0453783152323418 -0.234007974040424 0.00327930845568546
0.285196581638448 -0.0357539403005366 -0.216541573507597 -0.0995073422560194
0.236173069646181 -0.137874271283403 -0.273410160822933 -0.0816392760190925
0.0979901725293791 -0.217993678219503 -0.23923880853803 -0.016100698332856
-0.0293832897998743 -0.21738336951972 -0.204360314062529 0.0268494162826993
-0.111026800772196 -0.15783854738641 -0.155292086015229 0.0657926787970502
-0.146349170883733 -0.112432035113356 -0.121592217092602 0.0527229384430179
-0.159631141497923 -0.11127912496604 -0.0935056501914029 -0.0120496192112338
-0.15297558562421 -0.116382339409024 -0.0834329582679789 -0.077450734104388
-0.151424636417015 -0.140082160049143 -0.0328086650063037 -0.155446252934584
-0.108239089111733 -0.196306261516238 0.0484461726880514 -0.195164895530663
0.00857400950051 -0.236698870906372 0.190959420073758 -0.116858587763841
0.159990875575042 -0.211787193387338 0.212262246361572 0.0446086899689659
0.270033955229252 -0.113806478123717 0.0739557196179299 0.122888618726644
0.294875740195179 0.0090749203991686 -0.117071996707797 0.0327282243250142
0.201987124401182 0.0489713328555994 -0.327962485732933 0.00154755042514269
0.218804153101104 -0.0188053191791365 -0.269790506950557 -0.0709382869454991
0.177610907370238 -0.105537786211916 -0.260930377925664 -0.0719582014715949
0.0663586135384213 -0.162405296758366 -0.214273620137643 -0.055811224358452
-0.0219345180126149 -0.157036125894881 -0.216268832572056 -0.0302061058450751
-0.0796024340069375 -0.11410514388531 -0.199828439906097 0.0141133089851032
-0.105781049805211 -0.0853892209617141 -0.178657382854975 0.011705577566522
-0.106965715657243 -0.094596683974503 -0.148883343482939 -0.0511603270017046
-0.0959611429606275 -0.101112602164875 -0.125490642121443 -0.117520614084216
-0.0844192169522004 -0.118462229536063 -0.0504679796128388 -0.19542517238458
-0.0425226449944355 -0.152534135466766 0.0511276145870443 -0.223003345559784
0.0479630467293669 -0.167344976699236 0.189249598853054 -0.128060625240388
0.162725893504686 -0.124354168378722 0.185338578940976 0.0427238909533832
0.223619903507922 -0.031689045905241 0.0284672880906447 0.101852776265656
0.208523942945286 0.0564457310733203 -0.190631027430758 0.000653529825030866
0.0847866282369759 0.0532317696855993 -0.371686687055888 0.00648091710873483
0.116545125405175 0.0128920412072904 -0.286746158257098 -0.0472637993051629
0.0930628090992775 -0.0440824074502053 -0.240861488326106 -0.0666542451831503
0.0336175486959665 -0.0704223903801666 -0.202463563828049 -0.0803179077765424
0.00107877955235087 -0.0687423269860063 -0.227996210901745 -0.0578161671108368
-0.0262758538637388 -0.0538758418368604 -0.227767629994644 -0.0142529995208306
-0.0437283066339244 -0.0472552374644583 -0.214444532400473 -0.0143921457230905
-0.0388933406316793 -0.0636143252622875 -0.180018222756801 -0.0802738485625648
-0.0317559848133236 -0.0660395827676796 -0.140473744505106 -0.151676761288994
-0.0215894466437064 -0.074248744496974 -0.0437394899476422 -0.224996226299763
0.00372070805964473 -0.0898885139083008 0.0725427428426365 -0.234793272448258
0.0541067691300138 -0.0915925738274121 0.195688851001519 -0.126460271984191
0.128473192196021 -0.0485711906817059 0.163680177156064 0.035320597883047
0.144667374041714 0.0280176005267313 0.00314160627236101 0.0692881148746674
0.095891898339024 0.0788388101512669 -0.224736980387051 -0.0398770614230817
0.0117806406113421 -0.0643596239921821 0.256727026364275 0.0262740610977221
-0.0486719695091632 -0.0310528406973602 0.053472014413502 -0.103363287675519
-0.0500185359533634 0.0113932626955806 -0.143379960474052 -0.0501195926810768
-0.0125998828736142 0.0174883431195503 -0.21908515607441 0.114612799879766
-0.0171093665266214 0.00366391813256547 -0.106582055401886 0.235456456843042
-0.0180349687740596 0.00650613795243673 0.0367067133145821 0.234898583098577
-0.0190568335437506 0.0138971265103575 0.13912651117986 0.182435990221321
-0.0338796631763164 0.0187184269022452 0.198067351518468 0.0948998044656207
-0.0389969973904525 0.0168464644083235 0.21361956256064 0.0351322653873421
-0.0459653226919528 0.00213816390500442 0.221657965665223 0.00853200321832041
-0.0391205249919368 -0.0251364126174001 0.229697682563995 0.0404311529207822
-0.0144696548050651 -0.0360070161805404 0.218428864265179 0.0850480555682703
-0.0175234516796743 -0.0387844824848539 0.220982665081336 0.0756242410504986
-0.00421109210948433 -0.0599098694060343 0.263193224239348 0.0691012536696885
0.0520441979466448 -0.0734359964008461 0.340481821423437 -0.00214648322767376
0.117901448320969 -0.0467669887714115 0.215996417481433 0.0419674241965728
0.0434502734452887 -0.0389704882837404 0.0381222564307187 -0.0915582633236575
0.0216067012718637 -0.0179931879996044 -0.16031233908849 -0.0498793389938204
0.0237925867206845 -0.0353145900116256 -0.228967780473493 0.105404594675012
-0.0167209458873457 -0.058912131959834 -0.127651236836656 0.22296758668744
-0.0496754556016875 -0.0475351798983975 0.0131558966283879 0.2357313982849
-0.0715911287797294 -0.0286838987418162 0.114975895349682 0.185485946874261
-0.101981470663139 -0.0174047850107076 0.173331603523261 0.0960823011978018
-0.110624994552397 -0.0198135706808476 0.185049130268067 0.0284207987311745
-0.121982910384745 -0.0453984078776974 0.193240982947163 -0.0151641706869758
-0.101944383936982 -0.101787793674006 0.210469272508634 -0.00311591608369518
-0.0287980559400905 -0.140002800685919 0.226082857972076 0.0482967058371405
0.0363060773827572 -0.14040679220078 0.231781380247002 0.0613742253687987
0.100025774802632 -0.126783823787992 0.239689997115351 0.0661357169746058
0.173845862632867 -0.0940384683873913 0.291608863709117 0.00159211361183763
0.213245753906744 -0.0213074432187176 0.138029003945451 0.0402875128860255
0.14277431451188 -0.0426600003523427 -0.000233702166743765 -0.10119608556819
0.105720263555152 -0.0559195999399732 -0.195283332465274 -0.0607479536714942
0.0620886990441148 -0.10010937427699 -0.244526869744945 0.0929908959193731
-0.0180853047947458 -0.124446495783062 -0.145322240304285 0.201127081372298
-0.079142268191748 -0.100026206253543 -0.0145343585945995 0.218676488779486
-0.116617297656301 -0.0676258592398275 0.0746161366100609 0.170841970917966
-0.155612792980213 -0.0507184507614171 0.123655264557971 0.0841221003882876
-0.166526070129807 -0.0516547838172313 0.129174899215266 0.0137082205657906
-0.182474494914477 -0.0788061609613483 0.139930825585604 -0.0461452742212579
-0.160042370687316 -0.153858673047175 0.168631990339689 -0.0573618728451622
-0.0581455547507074 -0.217147828901015 0.223948391474691 -0.00418169767624716
0.0638098619792062 -0.229448607525137 0.241060063518537 0.0435488551847427
0.177594796297939 -0.186258843550301 0.210366243918006 0.0743646385853464
0.267625414567893 -0.105878634329122 0.208217559954959 0.013889065173713
0.281231484797339 0.00102679789737587 0.0272034508469874 0.028890825715937
0.229862697766203 -0.0494342316811647 -0.0610445855144307 -0.112696224597006
0.183579903449 -0.103817167730181 -0.232989476675061 -0.0717321688241524
0.0889794003464706 -0.16973928038587 -0.254848825570527 0.0707350864849616
-0.0265318010026826 -0.184881327040639 -0.161284848800296 0.161586679324952
-0.106220151878914 -0.13960212278888 -0.0494356715065227 0.181973194248849
-0.149044791516343 -0.0955536324248276 0.0200538949270458 0.140509752761602
-0.18602889628414 -0.0770764310797011 0.0569167774645595 0.060866446238754
-0.194400592917069 -0.0779205091900897 0.0561154437975112 -0.00793630014413919
-0.211906072808242 -0.102153538390346 0.0725890739449289 -0.0770436990725292
-0.188817980551398 -0.182830630890716 0.113660167129203 -0.10748439368628
-0.0732483191647609 -0.259548766915161 0.208704951809687 -0.0558299021444092
0.0832857210030049 -0.278166879039105 0.241193783579412 0.0306779066641331
0.228999385458225 -0.213498921480495 0.173639678208756 0.0917646405091179
0.319680498559805 -0.0974338310952786 0.103054919249064 0.0308821569875488
0.304506757362535 0.0175219123949301 -0.099982911343309 0.0184791899995106
0.278200796917702 -0.0556305778925559 -0.138037776316502 -0.10839226082523
0.226265276193719 -0.140807084766599 -0.25939189077127 -0.0721772097527273
0.0942229836084522 -0.216427289334247 -0.249265119628436 0.0384663423187372
-0.038246315346818 -0.217516953672305 -0.177605900041032 0.102973279681682
-0.121753540918216 -0.156428273524208 -0.0940926000438248 0.12848836521054
-0.161116178502974 -0.105492909767832 -0.044849709257808 0.0997984883667954
-0.188513986063816 -0.0923737799402361 -0.0190079748364208 0.0298863875181469
-0.188931073853005 -0.0949466374893986 -0.0194515814442049 -0.0345923537927601
-0.200547741340912 -0.117946660003017 0.00681859778378523 -0.110373796186196
-0.172281514675399 -0.191725120047936 0.063336361096486 -0.150957538972631
-0.0545951764455779 -0.261090582298081 0.189230364266488 -0.0973265006108479
0.110954811072622 -0.272157629740247 0.229574148771752 0.0263262586706887
0.254003173005574 -0.190498623644352 0.127933603270533 0.108652643684014
0.32482173969258 -0.0626882857482332 -0.00967075423676901 0.0423382863594257
0.27429725097269 0.0256305581414682 -0.222486996413108 0.016009714399955
0.269012001343571 -0.0523139995236584 -0.211718302676177 -0.0846168795148384
0.217940132311535 -0.145775930787896 -0.266741448309009 -0.0627009393209648
0.0794608634078293 -0.21414668956898 -0.229706389729937 -0.00324880979580251
-0.042863862616521 -0.205141492648707 -0.193803960325241 0.0362696012938368
-0.115113502341632 -0.143298452821432 -0.144787148596652 0.071720265631197
-0.14664596595919 -0.0964441477477006 -0.112644461615646 0.0577577096895914
-0.161127045413852 -0.0950923940578791 -0.0906424979431173 -0.00456796213614639
-0.154501412823927 -0.101296003583048 -0.0843427718330155 -0.0672132096019585
-0.153251878646426 -0.121146547209556 -0.0398485173499694 -0.145914812584357
-0.11655850569054 -0.17831568534583 0.0348746509822267 -0.186887224359907
-0.00835223384368723 -0.225510749669176 0.176001723988104 -0.122128252090433
0.140039357207137 -0.212915494279552 0.207630297247391 0.0285556470839629
0.25032955378985 -0.125068435492318 0.077311699134581 0.111598715813739
0.283380051237507 -0.00988883270983178 -0.110211487545554 0.0376684574003902
0.195147827182037 0.0336028633091878 -0.313179588504585 0.0207826376292265
0.206729141765566 -0.0312695201920844 -0.26103316649124 -0.0535124275673853
0.16418136271272 -0.11174407068163 -0.253987436448098 -0.0526603182839886
0.0527595064170906 -0.15855618772575 -0.208501235212256 -0.0422109208036512
-0.0323119843766557 -0.148055416740588 -0.209407675021875 -0.0178119307100752
-0.0827511641784032 -0.103686151666347 -0.189983470088318 0.0256896409193662
-0.105854719726579 -0.0735655783680383 -0.170511181103195 0.0233185129536226
-0.110163192295214 -0.083157785947306 -0.146338627543551 -0.0375173659054121
-0.0986960060090229 -0.0907669039337483 -0.126602537757996 -0.102260819650631
-0.0884786769215569 -0.106040558960098 -0.0592671805787969 -0.181679783845747
-0.0504495774890468 -0.140930932419687 0.0351790372455038 -0.213250887940319
0.0340680833847286 -0.161691491321615 0.174052309784014 -0.132868889450321
0.148454448481681 -0.128583342855768 0.181536396325832 0.0284805027231287
0.21169747743775 -0.0441440297759921 0.0326631429353206 0.094931792191077
0.203135114591823 0.0406652985632628 -0.182161279889423 0.012362711896381
0.0837968606791827 0.0450455562479985 -0.35557238064384 0.0283255405279206
0.111405502457526 0.00481947417772568 -0.275713271895064 -0.0281851093801892
0.0867039187064971 -0.0477328507915407 -0.234084485845801 -0.0495638927062482
0.0274575025493726 -0.0689243245112579 -0.198586202596189 -0.0658178308481999
-0.00338504067783525 -0.0648633706531875 -0.221605248066796 -0.0432563875069598
-0.0276998179414604 -0.0491250617581241 -0.219711677246622 0.000945109773055234
-0.0444863979135484 -0.0414696573892511 -0.20589627989581 0.000754906042983984
-0.0424099744867072 -0.058172219442014 -0.178676741071034 -0.0628089104116913
-0.0349578092198062 -0.0612950895131375 -0.143634357328908 -0.133071352527666
-0.0251258069993174 -0.0688246044043052 -0.055420884575492 -0.210470648481418
-0.00209486028290462 -0.0846615877820975 0.0554715070848412 -0.227298177999568
0.0450577804624999 -0.0900113913199908 0.179966831167546 -0.131676788566451
0.119803029542089 -0.0542443451311531 0.160528957839999 0.0234073675997984
0.139600720793789 0.0185309439532217 0.00620660358664563 0.0659005909899068
0.0956192827358668 0.0696545003765811 -0.216492356092408 -0.0226747766136142
0.0169412401101456 -0.0573388276271496 0.237320763431732 0.0456007873853174
-0.0404932860607511 -0.0336887884065324 0.0585841193291901 -0.0961393175229579
-0.0466422984749073 0.00426155630561242 -0.1292440421751 -0.0648191271187935
-0.0146750685277415 0.01325124938617 -0.212747854767209 0.0805359354762255
-0.0172616162217676 0.00175166938462104 -0.122140362133276 0.203782097470244
-0.0192710249698269 0.00205367747527207 0.00914326030555197 0.218198535506632
-0.0196161320318116 0.00934569544060677 0.11274992964449 0.181135084729962
-0.033779432998375 0.0139207882720422 0.177481754267401 0.107900395888411
-0.0387698485309374 0.0109582133339071 0.200086627547649 0.0546981238805439
-0.044002281995522 -0.00334056105807324 0.210057125660696 0.0318816071223218
-0.0359480125969274 -0.0293842996282296 0.21540349183059 0.0651645107903826
-0.0122080673747918 -0.0382973011246596 0.200744194602733 0.107021911771496
-0.0137773797381293 -0.0414908292888996 0.200945294423771 0.0995162019610108
0.00229437278532574 -0.0582438733538436 0.244425432598287 0.0977655894697794
0.0551995964161096 -0.066177936491959 0.329015673115751 0.0386974997848877
0.112082689630943 -0.0289566766831441 0.200018890340149 0.0622202184468223
0.0439141503516192 -0.0301023682919028 0.047539006834434 -0.0841177630025891
0.0227655713808634 -0.0141973815236111 -0.141982253491182 -0.0630180947837722
0.025838335363026 -0.030419627030638 -0.218788983087366 0.0726250741283723
-0.00854966372770932 -0.0562026242211492 -0.13738001570682 0.191125865810115
-0.0420327092946939 -0.0516774817619634 -0.0108472666326267 0.215386139324287
-0.0635741616249833 -0.0355186045604379 0.0900130024093629 0.181731949961145
-0.0946575817010328 -0.0273550312553763 0.153139143563118 0.106146678393958
-0.102600197079613 -0.0313557635880263 0.173633646140308 0.0464514664317611
-0.110031307177697 -0.0563563325907653 0.187212447077755 0.00779591251018345
-0.0865854632063667 -0.10778798391949 0.202532266483253 0.0251112268657602
-0.0150185370070832 -0.137826457133515 0.212024664595376 0.07457299156687
0.047416162044581 -0.132745875534351 0.210504654404401 0.088269596489259
0.107089513776609 -0.110264273783584 0.217603972506542 0.0949607830574417
0.174549169977848 -0.0732643075236665 0.27728374101396 0.0391641619186329
0.196345695823177 0.00410158914162081 0.130143460074144 0.0596898813168927
0.134508864359294 -0.0215181025195641 0.0170743692562149 -0.0933282846540543
0.104803620843643 -0.0386159784336906 -0.168752159141123 -0.0732472777934119
0.0697812425399688 -0.084434390303301 -0.229111174301804 0.0611520906826201
-0.000732259670668529 -0.117705062014268 -0.149116404376115 0.169517786595786
-0.0622138790720566 -0.102870676345473 -0.0326747226068592 0.195117448955248
-0.101576357667738 -0.0763947576174077 0.0552844121777447 0.164144756484775
-0.141492551939178 -0.0641304346552449 0.107065918253824 0.0908961771002348
-0.151471115113709 -0.06702778203578 0.122664174282887 0.0274576362108336
-0.163032586840734 -0.0931067869079098 0.141096303157679 -0.024493699370173
-0.135533381764636 -0.162004815576466 0.170724516004052 -0.0265982222918723
-0.0339599093625177 -0.213055989523768 0.216087548927791 0.0267308777364949
0.0816240739938258 -0.213455641085497 0.219757392923754 0.0745470148042094
0.186825976793646 -0.158542201109205 0.185364344300562 0.101808903806454
0.264779312432906 -0.0754890713798467 0.191802467407979 0.044197169661247
0.255566530733322 0.0324776052619576 0.0306639546326915 0.0440552366451014
0.214895940032677 -0.0173876213189004 -0.0357772535237171 -0.10627525245197
0.18196442864778 -0.0733013160370654 -0.197683101764805 -0.0837644622633422
0.103133152788244 -0.144818652076277 -0.232795251033418 0.0415891086918845
-0.00087979056472886 -0.174318160521213 -0.157958834453427 0.131588360861596
-0.0814563691201251 -0.142540614903511 -0.0594114944625692 0.15636485740609
-0.12897615320757 -0.104618130375513 0.0076467331284036 0.131519705898997
-0.168474125978438 -0.0918086491244312 0.0462189197306634 0.0628743609724375
-0.174739372813592 -0.0939937099114052 0.0559605776827083 0.00173320485509709
-0.187839635456506 -0.117308543802704 0.081655689902909 -0.0598340090240926
-0.15924505598575 -0.190809212291706 0.12484632930021 -0.0782374156565399
-0.0444320973258973 -0.252576830375532 0.208857343833552 -0.0233291767453549
0.104796288993319 -0.257951149453885 0.220756793554726 0.0629195464002144
0.237466464642864 -0.179869710236493 0.145642681615521 0.11530329792285
0.314429248342707 -0.0618137032896225 0.0857908448495985 0.0504201852510293
0.275051948443156 0.0497693032372621 -0.086736205811513 0.0238181956243725
0.259727806245291 -0.0177094479206973 -0.10599975587791 -0.107778127768341
0.225789086728858 -0.102241845228 -0.219390192278631 -0.0851738979394623
0.114970144330673 -0.187028987986698 -0.222729445510954 0.0112550572186104
-0.0068586400984192 -0.206037685781382 -0.165280482892731 0.0763375760006652
-0.0928360677562071 -0.159570056081668 -0.0950358206324538 0.103192199825774
-0.13878642826476 -0.1154444992346 -0.0486294757828891 0.0880124256110122
-0.168778168566817 -0.10649583276344 -0.0221002171068066 0.0272941542816705
-0.168249813180426 -0.109251828810761 -0.0132250829977096 -0.0307007435216243
-0.175196353189369 -0.129380180889277 0.0227230258508242 -0.0963372980545264
-0.142174482421464 -0.196247190672493 0.0811395750495955 -0.124158942053575
-0.0261983422284587 -0.251832580438555 0.194036299365835 -0.0646037163809118
0.130114019372379 -0.248286106950705 0.209249016005442 0.0567394063323183
0.258728463810689 -0.155659422693707 0.0992347988908949 0.126281644077285
0.316173357877396 -0.0277579160634644 -0.0247566785842172 0.0487796059961143
0.24676799878654 0.0535275410802257 -0.199768408206793 0.00912381031432975
0.250349395891631 -0.0149710501188876 -0.176862598452253 -0.0928672809960352
0.218203989233186 -0.107296963636498 -0.22587501506746 -0.0772005044946659
0.100433109677179 -0.18646892223071 -0.200796969094884 -0.0250333425408171
-0.0126248510241689 -0.195157072158767 -0.173816717545 0.0134217990034809
-0.0875575984721676 -0.146334699895494 -0.136808281416227 0.0462353403703274
-0.125985802596341 -0.105212928630547 -0.108179389790866 0.0431057102246921
-0.143609163107263 -0.105956610808605 -0.0858227387983148 -0.0121618274133672
-0.134714247844653 -0.110934671989941 -0.0713929692687188 -0.0679331743229726
-0.130797723694055 -0.127671506384893 -0.0189912976220274 -0.135622745155452
-0.0910545494959284 -0.178053725731153 0.0565546685000702 -0.162887827646916
0.0136107014953572 -0.212492394121867 0.182536632785827 -0.0911407620314176
0.152326750692447 -0.189107178598518 0.189129106968735 0.0543430525861588
0.249169919564708 -0.0932016362401973 0.0518493693491722 0.120574012344484
0.271224891722366 0.0191337822168334 -0.120084146378928 0.0313083026913934
0.17404749120665 0.0523941348023806 -0.287087794333997 0.0010991111340909
0.191383112443949 -0.00445794162142537 -0.228577653823252 -0.0691270127304617
0.164879155370585 -0.0825760975239829 -0.21846401707662 -0.0690679048728299
0.0691500239156739 -0.13949205519257 -0.179289514026122 -0.0597349238851178
-0.0102250781294647 -0.141352638234619 -0.184370435385176 -0.0379376058432274
-0.0614688377274795 -0.10567907292982 -0.175672025693391 0.000914887912482748
-0.090137828502147 -0.0786025272535318 -0.159112779734161 0.00656513439033191
-0.0965733219489275 -0.0891665833626166 -0.135063025054842 -0.0479706748954572
-0.0827462487309619 -0.0954269083672941 -0.108889708025665 -0.106024110556798
-0.071337056989327 -0.106642569781192 -0.0357441896196023 -0.1721791882994
-0.0322839986823481 -0.135559752788033 0.0568396997334917 -0.190760027675495
0.0468018792918381 -0.147220357780613 0.179462268339556 -0.103068507986928
0.151573491953703 -0.109003581988098 0.165337566150515 0.0492940576764935
0.204133545206216 -0.0199548633898649 0.0115165534228539 0.0961216672981502
0.19004334896981 0.0596130082972866 -0.185145605530617 -0.00308820784978093
0.0710055910153249 0.0499925871858842 -0.33107970893312 -0.00099918849677733
0.100381286199088 0.017641860807465 -0.249712036998697 -0.0490375504867316
0.0861266438781065 -0.0330923112686221 -0.205328072013646 -0.0667981429368921
0.0345297919521659 -0.0598919522642499 -0.171330176493979 -0.0812553936107438
0.00515102042666047 -0.0610311074299206 -0.19701000876211 -0.0620457402567664
-0.0169819773470622 -0.0489210156848869 -0.202394908291862 -0.0220722922341588
-0.0358314987165846 -0.0428013380146345 -0.191693879627883 -0.0177998117626201
-0.0353247175600321 -0.0592657685572086 -0.162402566978787 -0.0755181134505236
-0.0259869058230759 -0.0613615670283563 -0.121969177544749 -0.137048266407989
-0.0161067072045897 -0.0657878476112065 -0.030831495311243 -0.200017404741098
0.00644323046995988 -0.078125801395241 0.075990640421956 -0.204073875244205
0.0493114880097289 -0.0786763770612234 0.185032223036795 -0.103007884618395
0.117843987015474 -0.041271332117137 0.147275047209552 0.0410471593505132
0.129316302821134 0.0323838255678 -0.00725174383606139 0.0634289167677092
0.0856551900403617 0.0768330040392691 -0.210507067243213 -0.0440323289421179
0.0165258338625005 -0.0549011208931667 0.22563723601051 0.0437630962605124
-0.0379056306448825 -0.0322272426718209 0.0573781444894948 -0.0936803593151761
-0.0445847958103293 0.00400675190368564 -0.123330505964371 -0.0655748610749468
-0.0137896416972075 0.0126466554558239 -0.204929831950578 0.0735368664089356
-0.016355076077426 0.0010257706682693 -0.120556646097313 0.192924730995211
-0.0189878060501996 0.00244215571012339 0.00450951913950318 0.207481476943794
-0.0193416868797384 0.00764448379446537 0.106296865996996 0.172480435133447
-0.0329605956590546 0.0126842220386734 0.170750201143607 0.102077588711949
-0.0369215282349721 0.0110588481547318 0.192921311362563 0.0521740940813278
-0.0422376800451742 -0.00388592436243078 0.20149098415133 0.0320864943148359
-0.034331572238693 -0.0286264078241026 0.205989268397504 0.0653003570335288
-0.0113178582225047 -0.037544986469271 0.191877580783038 0.105484945608154
-0.0123267433457598 -0.0400555755905092 0.191222283138575 0.0990221957887757
0.0041261856013111 -0.0560899026960095 0.232925823076904 0.098487656360713
0.054128609390289 -0.0636720437105065 0.316268742605196 0.0405299713657222
0.10767013964423 -0.0265972848723404 0.191068864184819 0.0593876873725148
0.0427654297579825 -0.0273836382437945 0.0468217690450201 -0.0828293708500812
0.0225238279258638 -0.0133760652566994 -0.13556445326908 -0.0640858028721577
0.0248840324659948 -0.0284642555715599 -0.210786878140006 0.0661834696973375
-0.00769494769066565 -0.0537212821514145 -0.135442540591037 0.180038505997667
-0.0400533806133346 -0.0487501396167202 -0.0141489020821712 0.203879563816045
-0.0617744273233725 -0.0354874241956777 0.084416789963601 0.172773950169763
-0.0911804640443615 -0.0266850743087751 0.147716035600058 0.100330903887757
-0.0984384527458469 -0.0304638184659728 0.167456197034816 0.0449234105776478
-0.10554008587719 -0.0539966090386477 0.180849406401407 0.00905345237372533
-0.0826379562971364 -0.103554147293966 0.194954407806557 0.0272915352482032
-0.0127437579321926 -0.132013100971514 0.203252024500516 0.0753356755453481
0.0472569550792574 -0.126684894046294 0.199947440419131 0.0881484619739977
0.104772261034179 -0.104851951060354 0.208056751403585 0.0948702133103082
0.168222582349899 -0.0688959393622105 0.265867792932895 0.0406117800351621
0.187357680371683 0.00666150224443811 0.124185024106886 0.0562787235538698
0.129165606719935 -0.0181764344960921 0.0181728739112412 -0.0922245270187534
0.101653377860887 -0.0356010385088819 -0.160624266907537 -0.0735724462643019
0.0676374080312024 -0.0794459154061329 -0.221162097537881 0.0547215184177232
0.000127797198860649 -0.112190345376865 -0.14530739156685 0.15950592123585
-0.0586995776957751 -0.0976324211424708 -0.033644109225062 0.184824546858805
-0.097265964627472 -0.0747384237478672 0.0514151865226933 0.15683450287854
-0.13649411452028 -0.0620561676090961 0.103818566145591 0.0858878076741758
-0.145929091823514 -0.0642445923183029 0.119004040898484 0.027239998867545
-0.155609010712918 -0.0888234711690984 0.137083481440993 -0.0233178570557235
-0.129690385001476 -0.155006019276202 0.165912527023057 -0.0224462297900615
-0.0306226063966774 -0.203833733820919 0.208342838766308 0.028759931387054
0.0811733053596948 -0.204057145711433 0.209073145084886 0.0739274402559948
0.181638064764063 -0.151196406252149 0.175790557375537 0.100765461687192
0.255248110326138 -0.0705914236094675 0.183157917755157 0.0441156855680474
0.243918369016848 0.0340761755487062 0.029268031330479 0.0399499974957397
0.205905176564109 -0.0137356483261415 -0.0318528581913566 -0.106471074982236
0.176322073595772 -0.0673780396947489 -0.18814702532071 -0.0844174359833802
0.100381972582682 -0.136909507112155 -0.224544204101642 0.035400439266166
0.000345450673319134 -0.16603142831874 -0.153811710033739 0.1235002650542
-0.0766683105820524 -0.13644950222903 -0.0593779677249944 0.147670357797515
-0.123200007580313 -0.101562341407021 0.00637495137832494 0.124955054906739
-0.16182797488176 -0.0880023062576523 0.04472841901925 0.0599047976812518
-0.168001327152564 -0.0904304309318151 0.0548780121428474 0.00201432792832569
-0.178735102870585 -0.111523741902779 0.0799783237915702 -0.057825615828576
-0.152002511780707 -0.182544510550112 0.123449966657042 -0.0726795629528025
-0.0398823443307356 -0.242514842497599 0.201013113828357 -0.0187162719827405
0.102658831101865 -0.247047208710015 0.209791090416652 0.0629770494559924
0.230202156023157 -0.170138288808195 0.137716686988261 0.112672111186209
0.301593951923511 -0.0563309645303791 0.0805171058637278 0.0490247705945852
0.262782842230904 0.0511570198134495 -0.082805486981432 0.0196950531134323
0.24820693257576 -0.0140291121495012 -0.0991718287542814 -0.107488839667859
0.218993085309188 -0.0953734487413719 -0.208200371591219 -0.0853036605999616
0.111631592822576 -0.177404984034637 -0.214430385870149 0.00619852128260484
-0.00544472769348475 -0.196575918246768 -0.160624400158806 0.0694862990279123
-0.0875769323578197 -0.152760536376932 -0.0923345557051255 0.0961664089579436
-0.13193344071089 -0.111089348096659 -0.0475808028893855 0.0832721864634117
-0.162770955077052 -0.102642446948562 -0.020991448236315 0.0261661285627423
-0.161859352981212 -0.105308627667515 -0.0115161150702945 -0.0289741708727449
-0.166520152218752 -0.123870909315083 0.0231394649893365 -0.0929015952899876
-0.135822242973744 -0.18687775398434 0.0809426634235456 -0.116039163909892
-0.0237385132854041 -0.240500846651128 0.187433738677285 -0.0585430757756281
0.127352125289043 -0.237706800217908 0.199991218642608 0.0564075614401862
0.250007574337448 -0.147032522118258 0.0930523900430349 0.122103240904271
0.30272211581075 -0.0230735906164398 -0.025446428832577 0.0465363310432599
0.235286824625938 0.0549459604890497 -0.191415840696716 0.00516446276894084
0.239236779714478 -0.0115213815760151 -0.166816857426127 -0.0936475820280781
0.211371885631357 -0.100663191165967 -0.214519737179304 -0.0765777893541407
0.0978392492901075 -0.176842057238738 -0.192715503501927 -0.0287590190781815
-0.0112671257661585 -0.186363168138945 -0.167713208266732 0.00862931949411206
-0.0821786298775379 -0.140410573240849 -0.131272261957671 0.0419530904691289
-0.11972227147133 -0.101601198304745 -0.103890016124364 0.0405713314615276
-0.137808730993593 -0.101690131982119 -0.0819800158897625 -0.010838305297191
-0.128748178466325 -0.10687785575435 -0.0671375494072452 -0.0643459351689077
-0.123915525941188 -0.121604166894275 -0.0172035136112928 -0.130323745572065
-0.0867437740238855 -0.168532415803303 0.0568876378374478 -0.153096789985464
0.0150467109098578 -0.202488148071636 0.176243855079079 -0.0840797395380271
0.147873357399487 -0.181069283847891 0.180781457527061 0.0534894294031601
0.239416756592006 -0.0866677269606526 0.0466781757019103 0.116376551146645
0.259705173411554 0.0201555996585473 -0.115775112631855 0.0296053447562221
0.165352165574784 0.0527537320407495 -0.274666666601588 -0.00328364757514585
0.182774422205141 -0.00177786688061331 -0.216509404459938 -0.0706183832024235
0.159095041579393 -0.0773544268516026 -0.207045374023072 -0.0686996167540416
0.0677614941384889 -0.131669645304202 -0.171947439634046 -0.0619473723241506
-0.00905886694502701 -0.135072593640528 -0.177708454793063 -0.0407043187109022
-0.0572479994672895 -0.101539266474762 -0.168455532000103 -0.00127796301626838
-0.0852999183314852 -0.0759926332807752 -0.152430567486318 0.0053897095721092
-0.0926479145199489 -0.0858154560804642 -0.129592049115017 -0.0449795213569487
-0.0798284397307175 -0.0916351150575394 -0.10298636506958 -0.10080283432034
-0.0662435394460062 -0.101613248172439 -0.0328116642124667 -0.164744844948161
-0.0310239625207507 -0.128462140068795 0.0583536492051617 -0.179619589953247
0.0460199055371147 -0.139486191434573 0.173794578386222 -0.0952936849248969
0.147170257483078 -0.103583505424865 0.158732709314658 0.0486206141283962
0.195968762025781 -0.0171894712292008 0.0085868532470356 0.0920980721512281
0.181312855032749 0.0592194945353878 -0.177123378667234 -0.00365778889578788
0.0663522585534162 0.0490028279565563 -0.317387884934668 -0.00512122344918526
0.0947866277747271 0.017990919590693 -0.237740860518987 -0.0497784472899493
0.0837946224365508 -0.0307396548790358 -0.195319895413944 -0.0673644961028772
0.0333992518880083 -0.055978433632346 -0.164220307558412 -0.0826452054790566
0.00466379291353086 -0.0578566243320464 -0.188934860585424 -0.0635483902696244
-0.0153249664697122 -0.0473258767623123 -0.193788821212712 -0.0227930262779611
-0.0336854197596119 -0.0404934467859024 -0.183197227382095 -0.017171790458266
-0.0342965389087098 -0.0566291515113887 -0.156833551065913 -0.0705199148061107
-0.0242366172861529 -0.0594453558534832 -0.114754697964806 -0.131411119860016
-0.0146887261924483 -0.0625112990727646 -0.0275922940290693 -0.190148837694567
0.00604632862983859 -0.0737616464517607 0.075303418552526 -0.192293711012247
0.0480721527099628 -0.0738587339655425 0.17874274936398 -0.0950723630760809
0.11391868478064 -0.0386295869852522 0.141647716658526 0.0413932588612402
0.123700931224493 0.032836232586513 -0.00871816135399873 0.0611326722822198
0.0810803349638137 0.0743276794617636 -0.200599770203108 -0.0427030228771596
0.0173921108850595 -0.0532372748275702 0.223072624162109 0.0466736314998239
-0.0365574964548886 -0.0326113631784801 0.0588950333889651 -0.0942501241249821
-0.0444633291189454 0.00286633491641887 -0.120564636235327 -0.0707803049894764
-0.0140066700128611 0.0121417692126615 -0.206123278018722 0.0677059945963823
-0.0161269213898933 0.000923391877878785 -0.125057414069147 0.188170364868325
-0.0192125718226505 0.00237982047717509 -0.00190336472983641 0.204266257898169
-0.0202541103049237 0.00701715821309543 0.102072217984487 0.171398672128897
-0.0334843254158378 0.0122672390468904 0.169091147734054 0.102296125487704
-0.0362526606170913 0.010184611083316 0.19218981830874 0.054937418887876
-0.0423019833295364 -0.00452558418290465 0.200783434581042 0.0365252231294429
-0.0339973182348719 -0.0291245059666334 0.203921804998792 0.0701520446676437
-0.00992934570027252 -0.0375584035937508 0.188543538249756 0.111099701291942
-0.0111586626176892 -0.04050210789704 0.186521848216772 0.104531798586853
0.00625310655209657 -0.0556566694360881 0.230031832262867 0.106248034138831
0.0551278644749033 -0.062337174034686 0.313939522475393 0.0489806441164009
0.106998499530502 -0.0230015974014216 0.187748388274252 0.0613733880354336
0.0435004072384834 -0.0260613887595527 0.0486409768590358 -0.0847621065424009
0.0228992619080363 -0.0123648910754473 -0.132631781451762 -0.0692141033993834
0.0260426009281971 -0.0276782886567219 -0.211854335921062 0.0598689898494216
-0.00684476028950997 -0.0534980391062471 -0.139885011317262 0.174923696187606
-0.0388138592831518 -0.04871400758861 -0.0203049386302859 0.200512770631579
-0.0613614247576929 -0.0368954042033598 0.0809809173601033 0.17168282132447
-0.0907490624191013 -0.0281360639156235 0.14686727650593 0.100652160177604
-0.0974930593039337 -0.0318943152731602 0.166934163938682 0.0468406432893274
-0.103853318439704 -0.0553084740514718 0.180214872529565 0.0125824131200935
-0.0811329150735916 -0.103361546116751 0.194334339910959 0.0329620296101099
-0.00958654632891647 -0.131819749115553 0.20098084756135 0.0814172511024498
0.049497488110496 -0.125833926460581 0.195700807578672 0.0932393956138248
0.107969277238123 -0.102125033078889 0.204919892274818 0.101071379851612
0.168610477370677 -0.0655134343525414 0.262931547828966 0.0464449154187899
0.186079921948072 0.0112571174583353 0.121856770463123 0.0559772593519041
0.12886812739458 -0.0144520435015268 0.0208450140060366 -0.0952084733711481
0.102361826409625 -0.0331753206199465 -0.157135815625467 -0.0788132509509594
0.0693189181373851 -0.077641631527435 -0.221864786991646 0.0478837436896008
0.00190237793863577 -0.110847671757256 -0.150235867138293 0.153451755888629
-0.0564081088753598 -0.0982414406160375 -0.0391514752948419 0.180593367855249
-0.0960508501864974 -0.0763210418504504 0.0477270740809564 0.155014089861458
-0.135563019956792 -0.0632837894079806 0.102724815061249 0.0856139805282837
-0.144340438243988 -0.0661085905319952 0.119046866808525 0.0284624584883282
-0.153172139218559 -0.0903334453131997 0.137352884006409 -0.020889780017416
-0.126662831552701 -0.154762104133624 0.167399286433255 -0.0177548502283746
-0.0259552374230463 -0.203348189590302 0.207559218929494 0.0352140418316559
0.0853756753795835 -0.201557122322408 0.204830925359593 0.0791093055319675
0.184758514452822 -0.146755792848501 0.172234692607748 0.105926104931865
0.255422972820003 -0.0657594780219297 0.180761502311048 0.0482191919580121
0.240986851195591 0.0400963867850349 0.0279744222204715 0.0378283046479005
0.204427391678244 -0.00806295235954135 -0.0272687772300319 -0.109399385182712
0.177375033519418 -0.0631131246657485 -0.183849434452936 -0.0897197128724393
0.102806931036366 -0.133555723705472 -0.224156583928024 0.0285091824191043
0.0034852923225331 -0.164584700258615 -0.157680921149425 0.117309306717638
-0.0734852015555699 -0.136526702821092 -0.0627460385083751 0.144076954271033
-0.120606193615158 -0.103083551389228 0.00383191451111602 0.122701469677174
-0.160571037566221 -0.090030127638703 0.0444749141830965 0.0591037519224243
-0.165999291743889 -0.0924924726606159 0.0554749213502231 0.00320348759048533
-0.175755855968905 -0.113459493167256 0.081507173021974 -0.0562627267784628
-0.148929400764794 -0.182093531253571 0.126140228719354 -0.0679439792866278
-0.035644052247879 -0.240884631390754 0.201621718930678 -0.0124352921575451
0.108378734797426 -0.243859132971496 0.206444524684925 0.0671889693046737
0.23262900725902 -0.164788274468655 0.133297098320226 0.117525158849342
0.300639094156699 -0.0511044281463394 0.0773596941561516 0.0509608582146722
0.259318066928442 0.0573136591211826 -0.0827478661730317 0.0154550043915169
0.246412272090694 -0.00741500144142651 -0.0932658262250089 -0.112954785557406
0.219847035361742 -0.0902333257464785 -0.203795406800382 -0.091173612455449
0.115087718155451 -0.172909480993602 -0.213177018654548 -0.000942037245869805
-0.00202144851860295 -0.195488554660704 -0.163166913937179 0.063657767202458
-0.0833454791614163 -0.152656437713032 -0.0942795803201974 0.0920219893352219
-0.129408269150597 -0.112648800792901 -0.0489784230820005 0.0813589501156306
-0.16119497525563 -0.104465777999126 -0.0202478141108745 0.0255131148842574
-0.159575781195402 -0.107102226767921 -0.010008804820717 -0.0284788508149654
-0.162766962503782 -0.124291954512841 0.0255848063556647 -0.0921340749579895
-0.132104816535465 -0.185773808278604 0.0853278351118434 -0.112279307580122
-0.0188718132865813 -0.238716624464925 0.189008498459312 -0.0529297047448409
0.131865396525015 -0.233881963668135 0.197326460519083 0.0597870441277655
0.25176899688586 -0.141046492400507 0.0879015049461185 0.124959704188853
0.302071324463172 -0.0170375457760161 -0.0269632917395061 0.0469268193394096
0.232421393976831 0.0609796267747085 -0.190061983662681 -0.00139125924852922
0.238525021290068 -0.00516169136906869 -0.161247878845062 -0.0993846518776141
0.21342614714006 -0.0957749573722025 -0.209298841359228 -0.0829386425623327
0.101296811419165 -0.17212666262543 -0.191906287366863 -0.0358191135950547
-0.00778651549949692 -0.184714989423807 -0.168722403786212 0.00269110340250832
-0.078761664694292 -0.141066262022942 -0.13174360071278 0.0381026873032137
-0.116711905816862 -0.102722207564562 -0.103943276098396 0.0390882296211087
-0.136864500280391 -0.102707322675247 -0.0805849244960921 -0.0113745377885212
-0.127188478801878 -0.107989499422611 -0.0651604737188906 -0.0638144051054813
-0.119930472454625 -0.121929898075078 -0.0131738007312294 -0.129574657614093
-0.0829433120863604 -0.167458615587583 0.0626342011166226 -0.149293953795324
0.0184875699543607 -0.19891870862445 0.178268610210998 -0.07866977473039
0.151021505394999 -0.177335460088971 0.178383930408357 0.0566028875738791
0.240125264383875 -0.0812292503601319 0.0420254397726051 0.117830235498623
0.257163371035686 0.0261672503374514 -0.116709790024626 0.0282769193900358
0.162937072356902 0.0567026746233798 -0.272753034836793 -0.010948271978215
0.180874390180243 0.00266556151800036 -0.212135585171329 -0.0762842647181216
0.160993193914377 -0.0731550244904577 -0.202631307123768 -0.0752706221852361
0.070279301472248 -0.12802624855633 -0.170286683666429 -0.0680018694250618
-0.0070088351257903 -0.133851534012004 -0.177175917454527 -0.0464977480705384
-0.0546127508087979 -0.101962597932893 -0.167578024226901 -0.00569834384033934
-0.0831328932698068 -0.0768349220939285 -0.151495849485425 0.00322067430368318
-0.0920957511174667 -0.0870982190898305 -0.128333039561938 -0.0450854874486615
-0.0782654778363541 -0.0922275990146994 -0.100168130529122 -0.100747289183599
-0.0638753937729426 -0.101349745806553 -0.0287467111515029 -0.163326741302537
-0.0281063043001905 -0.126606470196465 0.0628501901105588 -0.175751562934263
0.048505455411311 -0.136200395853015 0.175869885156136 -0.0899905588178582
0.148623898602619 -0.0999927032309829 0.156697793054528 0.0519989607431727
0.194635883652211 -0.0125453776857436 0.00540869882207655 0.0924661000006787
0.179033809672043 0.062635162067962 -0.176148788156336 -0.00627772579329161
0.0637351472375519 0.0511235903767525 -0.315368604329524 -0.0136516269116297
0.0937568865985519 0.0200514439225822 -0.233617847957625 -0.0564425439780537
0.0848173189395201 -0.028421690643182 -0.190031326392611 -0.0726566670530578
0.0345796092173051 -0.0545119189932806 -0.162049911544062 -0.0888483181058453
0.00567249599094386 -0.056833218216041 -0.187863564316712 -0.0694032834344279
-0.0136491006302379 -0.0470239120955187 -0.192531834424413 -0.0265775231874222
-0.0315293424898986 -0.0402507617329937 -0.181600904087739 -0.0189452430552816
-0.034228447786411 -0.0563442392259069 -0.154249271621068 -0.0707987747285191
-0.0237746020588432 -0.0596724679032342 -0.111616467888805 -0.129631161259602
-0.0130204672449796 -0.0618470878909733 -0.0230555265694857 -0.188663886915083
0.00790391899025468 -0.0726264485616333 0.08071230632625 -0.187710483400612
0.0489526054525574 -0.0709098630463382 0.180264502936377 -0.0888222020998913
0.113724031760338 -0.036160931562908 0.141083297130607 0.0446103785392233
0.121684315522839 0.0360204776334462 -0.0117673755771755 0.0611558146452541
0.0783414371365051 0.0759555964682461 -0.198128068306066 -0.0451194670568775
