TRXV5
3
4
4
9
string Extension=J
integer IsArchMeasurement=1
integer IsSpherical=1
string Generator=SPM
string GeneratorVersion=1.3.1 Dev
double ArchRadius=0.449999988079071
integer FrequencyAxisIndex=0
integer AzimuthAxisIndex=1
integer ElevationAxisIndex=2
Frequency
5 136 690000000 960000000 LIN
Azimuth
7 8 0 2.74889357189107 LIN
Elevation
7 15 -2.74889357189107 2.74889357189107 LIN
Polar H Real Part
13
Polar H Imaginary Part
14
Polar V Real Part
13
Polar V Imaginary Part
14
Polar H Magnitude (dB)
12 0xC0000002 0 1
Polar H Phase
7 0xC0000003 0 1
Polar V Magnitude (dB)
12 0xC0000002 2 3
Polar V Phase
7 0xC0000003 2 3
0.00119566917419434 0.00356006622314453 -0.0371055603027344 -0.0680046081542969
-0.00214290618896484 -0.00495576858520508 -0.0138111114501953 -0.0276813507080078
-0.00903511047363281 -0.000286102294921876 0.0190811157226563 -0.000278472900390625
-0.00420665740966797 0.00688695907592773 0.0476951599121094 -0.0126838684082031
0.00172615051269531 0.00518274307250977 0.0502967834472656 -0.0326461791992188
0.00303745269775391 0.00158238410949707 0.0390205383300781 -0.0557594299316406
0.00268363952636719 -0.00450658798217773 0.0177116394042969 -0.0641250610351563
0.000876903533935546 -0.0036921501159668 0.00060653686523438 -0.0538520812988281
0.000703811645507813 -0.00364971160888672 -0.00794219970703125 -0.0395736694335938
0.0043175220489502 -0.00185084342956543 -0.0111484527587891 -0.0281467437744141
0.00384426116943359 0.00173473358154297 -0.0238761901855469 -0.0179195404052734
-0.00345206260681152 0.00429320335388184 -0.0286808013916016 -0.0119285583496094
-0.00909805297851563 -0.00445747375488281 -0.0390777587890625 -0.0135383605957031
0.000222206115722657 -0.00958156585693359 -0.0598640441894531 -0.0124969482421875
0.000149250030517578 -0.00458908081054688 -0.0626220703125 -0.0109596252441406
0.0210456848144531 0.0246105194091797 -0.028961181640625 -0.0632286071777344
0.0197620391845703 0.0134449005126953 -0.00469017028808593 -0.0224590301513672
0.0119533538818359 0.0110759735107422 0.0248661041259766 1.71661376953132E-05
0.0172367095947266 0.0106325149536133 0.0510215759277344 -0.0121307373046875
0.0209217071533203 0.00135993957519531 0.0513191223144531 -0.0313224792480469
0.0184898376464844 -0.0133476257324219 0.0388526916503906 -0.0550384521484375
0.0110416412353516 -0.0229015350341797 0.0165824890136719 -0.0586776733398438
0.00889968872070313 -0.0213947296142578 -0.00193405151367187 -0.0475082397460938
0.00850677490234375 -0.0240879058837891 -0.0105819702148437 -0.0331192016601563
0.0150890350341797 -0.0222816467285156 -0.0152072906494141 -0.0235347747802734
0.0197734832763672 -0.0124378204345703 -0.0270309448242188 -0.0143184661865234
0.0174160003662109 -0.00439262390136719 -0.0290393829345703 -0.0108547210693359
0.0139713287353516 -0.00116443634033203 -0.0384750366210938 -0.0111160278320312
0.0227756500244141 0.000932693481445313 -0.0539970397949219 -0.00740051269531251
0.0227813720703125 0.0096435546875 -0.0566253662109375 -0.00498580932617188
0.0376663208007813 0.0426025390625 -0.0152740478515625 -0.0513114929199219
0.0390472412109375 0.0313262939453125 0.00699234008789063 -0.0113821029663086
0.0330772399902344 0.0209255218505859 0.0310859680175781 0.00380516052246094
0.0388565063476563 0.0127677917480469 0.0532646179199219 -0.0102157592773438
0.0385093688964844 -0.00396347045898438 0.049346923828125 -0.0283699035644531
0.0315704345703125 -0.0266513824462891 0.0347862243652344 -0.0493698120117188
0.0174102783203125 -0.0386543273925781 0.0127525329589844 -0.0469741821289062
0.0144081115722656 -0.0356254577636719 -0.00415420532226563 -0.0335636138916016
0.0134048461914062 -0.0403556823730469 -0.0127315521240234 -0.0190029144287109
0.0226097106933594 -0.0392227172851563 -0.0183849334716797 -0.0133552551269531
0.0320930480957031 -0.0257186889648438 -0.0301437377929687 -0.00608444213867187
0.0346145629882813 -0.0137424468994141 -0.0301380157470703 -0.00664520263671875
0.0348434448242188 -0.00110816955566406 -0.0365104675292969 -0.00967788696289063
0.0426445007324219 0.0098876953125 -0.0431404113769531 -0.00272369384765625
0.0421142578125 0.0224876403808594 -0.0430183410644531 0.00453567504882813
0.0480575561523438 0.0542221069335938 0.00194931030273438 -0.0355644226074219
0.0552177429199219 0.0441474914550781 0.0211048126220703 0.00213050842285157
0.0519638061523438 0.0264663696289063 0.036895751953125 0.0079345703125
0.0558624267578125 0.0108833312988281 0.0522994995117188 -0.00638961791992187
0.0510597229003906 -0.0105018615722656 0.0436592102050781 -0.0223121643066406
0.0392875671386719 -0.0380439758300781 0.0274543762207031 -0.0390472412109375
0.0213813781738281 -0.0483207702636719 0.00727272033691406 -0.0300750732421875
0.0181808471679688 -0.0441932678222656 -0.00645160675048828 -0.0146570205688477
0.0167579650878906 -0.0505256652832031 -0.0133237838745117 -0.00181293487548829
0.026763916015625 -0.0496597290039063 -0.0207023620605469 0.00157928466796874
0.0397415161132813 -0.0345535278320313 -0.0318241119384766 0.00453758239746094
0.0464057922363281 -0.0211410522460938 -0.0306606292724609 -0.00238800048828125
0.0506134033203125 -0.00049591064453125 -0.0327949523925781 -0.00882720947265625
0.0577278137207031 0.017822265625 -0.0275993347167969 0.00106239318847656
0.0535736083984375 0.0328826904296875 -0.0237445831298828 0.0168991088867188
0.0519447326660156 0.0565071105957031 0.0219383239746094 -0.0185127258300781
0.0636062622070312 0.0479621887207031 0.0366744995117188 0.0139083862304688
0.0614128112792969 0.0262527465820313 0.0406150817871094 0.0117263793945313
0.0640487670898438 0.00623703002929687 0.0470161437988281 -0.00169754028320312
0.0544662475585938 -0.0171928405761719 0.0345840454101563 -0.0138053894042969
0.0396156311035156 -0.0447578430175781 0.0186538696289063 -0.0237903594970703
0.0197639465332031 -0.0512428283691406 0.00236701965332031 -0.00914382934570313
0.0175094604492188 -0.0457649230957031 -0.00778436660766601 0.00593805313110351
0.0176849365234375 -0.0526542663574219 -0.0140705108642578 0.0182571411132812
0.0281791687011719 -0.052490234375 -0.0231685638427734 0.0174961090087891
0.0427818298339844 -0.0362052917480469 -0.0329837799072266 0.0158538818359375
0.0522956848144531 -0.0224838256835938 -0.0309333801269531 0.00297355651855468
0.0589027404785156 0.0035400390625 -0.0271358489990234 -0.00743103027343749
0.0633811950683594 0.0258407592773437 -0.00949859619140624 0.00575733184814453
0.05621337890625 0.0403175354003906 -0.0038604736328125 0.0311489105224609
0.0470199584960938 0.0511283874511719 0.0401954650878906 -0.00412368774414062
0.0620193481445313 0.043792724609375 0.049468994140625 0.0206184387207031
0.0601310729980469 0.0206489562988281 0.0421485900878906 0.0121421813964844
0.0600547790527344 -0.000213623046875 0.0395050048828125 0.00325775146484375
0.048828125 -0.0214881896972656 0.0253047943115234 -0.00372695922851563
0.0315170288085938 -0.0444183349609375 0.0101613998413086 -0.00633907318115235
0.0147781372070313 -0.0464706420898438 -0.00048828125 0.011927604675293
0.014373779296875 -0.0403823852539063 -0.00786018371582031 0.0263729095458984
0.0156974792480469 -0.0471611022949219 -0.0140533447265625 0.0355186462402344
0.026153564453125 -0.0457229614257813 -0.0264205932617188 0.0325546264648438
0.0415229797363281 -0.0307464599609375 -0.0354766845703125 0.0255241394042969
0.0513877868652344 -0.0175895690917969 -0.0314559936523438 0.00737571716308594
0.0564994812011719 0.0094146728515625 -0.0215129852294922 -0.00510978698730469
0.0583381652832031 0.0312919616699219 0.00700950622558594 0.0125646591186523
0.0485992431640625 0.0435676574707031 0.0144767761230469 0.0475654602050781
0.033447265625 0.0376014709472656 0.0553550720214844 0.00422286987304688
0.0502471923828125 0.0327377319335938 0.0588455200195313 0.0207633972167969
0.048248291015625 0.012298583984375 0.0413818359375 0.0101547241210938
0.0455741882324219 -0.00449752807617188 0.032318115234375 0.00662803649902344
0.0342559814453125 -0.0207767486572266 0.0183734893798828 0.00630760192871094
0.018951416015625 -0.0362930297851563 0.00583171844482422 0.0103902816772461
0.00748634338378906 -0.0336933135986328 -0.000589370727539064 0.0296897888183594
0.00830841064453125 -0.0290756225585938 -0.006561279296875 0.041961669921875
0.0108509063720703 -0.0343761444091797 -0.0162849426269531 0.0504226684570313
0.0202083587646484 -0.0335903167724609 -0.0317916870117188 0.0434684753417969
0.0339145660400391 -0.0215282440185547 -0.0395851135253906 0.0322456359863281
0.0425567626953125 -0.0104522705078125 -0.0326881408691406 0.0116004943847656
0.0455780029296875 0.0140762329101562 -0.0172224044799805 -0.00141143798828125
0.0444107055664063 0.0316276550292969 0.0181007385253906 0.0217113494873047
0.0330009460449219 0.0392951965332031 0.0268669128417969 0.0634422302246094
0.0132999420166016 0.0200786590576172 0.0637435913085938 0.0061492919921875
0.0300121307373047 0.0201683044433594 0.0621871948242188 0.0173263549804688
0.0277309417724609 0.00471305847167969 0.0386581420898438 0.00740432739257813
0.0242633819580078 -0.0062713623046875 0.0266132354736328 0.0104084014892578
0.0156412124633789 -0.0148983001708984 0.0158700942993164 0.013066291809082
0.00471878051757813 -0.0208606719970703 0.00573348999023437 0.0216064453125
8.48770141601547E-05 -0.0153436660766602 0.00188446044921875 0.0408973693847656
0.0013427734375 -0.0123529434204102 -0.00472259521484376 0.0516586303710938
0.00325393676757813 -0.0176639556884766 -0.0183448791503906 0.0581932067871094
0.00921058654785156 -0.0188674926757813 -0.0371971130371094 0.0502128601074219
0.0193347930908203 -0.0125789642333984 -0.0433425903320312 0.0348777770996094
0.0265102386474609 -0.00510406494140625 -0.0361518859863281 0.0144920349121094
0.0280990600585937 0.0124549865722656 -0.0164108276367188 0.00336170196533203
0.0249595642089844 0.0242557525634766 0.0214576721191406 0.0304183959960938
0.0126018524169922 0.0280780792236328 0.0323257446289062 0.0760116577148438
0.00217318534851074 0.00369763374328613 -0.0411262512207031 -0.0653266906738281
-0.00254440307617187 -0.00475549697875977 -0.0158367156982422 -0.0266819000244141
-0.00912952423095703 0.000346183776855469 0.0202655792236328 -0.00180816650390625
-0.00382661819458008 0.007232666015625 0.0474281311035156 -0.016571044921875
0.00343513488769531 0.00465679168701172 0.0492630004882813 -0.0366401672363281
0.0033104419708252 0.000516414642333984 0.0353317260742188 -0.059783935546875
0.00267744064331055 -0.0054316520690918 0.0122489929199219 -0.0662803649902344
0.00126338005065918 -0.00384664535522461 -0.00423812866210937 -0.0541725158691406
0.000849246978759765 -0.0042271614074707 -0.0111007690429688 -0.0394554138183594
0.00493907928466797 -0.00311422348022461 -0.0136280059814453 -0.0277500152587891
0.00430941581726074 0.00110816955566406 -0.0259037017822266 -0.0160999298095703
-0.00297975540161133 0.00505447387695313 -0.030029296875 -0.0107192993164063
-0.00904178619384766 -0.00347805023193359 -0.0405197143554687 -0.0121612548828125
-0.00104141235351563 -0.00950241088867188 -0.0617446899414062 -0.00836944580078126
-0.000571250915527343 -0.00445032119750977 -0.0655479431152344 -0.00639724731445311
0.02392578125 0.0234718322753906 -0.0321388244628906 -0.0614738464355469
0.0214309692382813 0.0116729736328125 -0.00616264343261718 -0.0215549468994141
0.0133056640625 0.00986766815185547 0.0253314971923828 -0.00108909606933594
0.0189723968505859 0.0091094970703125 0.0512657165527344 -0.0158348083496094
0.0216407775878906 -0.00122833251953125 0.0500717163085938 -0.0348663330078125
0.017481803894043 -0.0156135559082031 0.0352058410644531 -0.0586471557617188
0.00954246520996094 -0.0246257781982422 0.0117454528808594 -0.0608978271484375
0.00753974914550781 -0.0226192474365234 -0.00640869140625 -0.0470657348632813
0.00691986083984375 -0.0248031616210938 -0.0141086578369141 -0.0324554443359375
0.0140132904052734 -0.0239067077636719 -0.0176124572753906 -0.0232982635498047
0.0194530487060547 -0.0138301849365234 -0.0291881561279297 -0.012786865234375
0.0173587799072266 -0.00533294677734375 -0.0309944152832031 -0.00942993164062499
0.01397705078125 -0.00199127197265625 -0.0400657653808594 -0.00936508178710938
0.0229339599609375 0.0001068115234375 -0.0558128356933594 -0.00395584106445314
0.0240821838378906 0.00809669494628906 -0.058624267578125 -0.000610351562500007
0.0420646667480469 0.0406570434570313 -0.0181922912597656 -0.0509300231933594
0.0424308776855469 0.0284996032714844 0.00658988952636719 -0.0108318328857422
0.0355644226074219 0.0186500549316406 0.0319957733154297 0.00242233276367188
0.0402755737304688 0.00957489013671875 0.0537109375 -0.0129318237304688
0.0386390686035156 -0.00727462768554688 0.0481605529785156 -0.0322685241699219
0.0292301177978516 -0.0296478271484375 0.0315322875976563 -0.0520248413085937
0.0149269104003906 -0.0405311584472656 0.00870132446289063 -0.0485649108886719
0.0117721557617188 -0.0374031066894531 -0.00774383544921875 -0.0331974029541016
0.0102958679199219 -0.042388916015625 -0.0153331756591797 -0.0183391571044922
0.0196380615234375 -0.0416450500488281 -0.0208797454833984 -0.0124244689941406
0.0308017730712891 -0.0284976959228516 -0.0314750671386719 -0.00406074523925781
0.0338211059570313 -0.0169696807861328 -0.0316696166992188 -0.00525093078613282
0.0346641540527344 -0.00358200073242188 -0.0383567810058594 -0.00742721557617187
0.0441627502441406 0.00752639770507812 -0.044219970703125 0.000473022460937492
0.0447959899902344 0.019744873046875 -0.0445709228515625 0.00814437866210938
0.0536575317382812 0.0511016845703125 0.000854492187500004 -0.0355987548828125
0.059783935546875 0.0398712158203125 0.0225143432617188 0.00194549560546875
0.0546760559082031 0.0230369567871094 0.0379867553710938 0.00715255737304688
0.0568275451660156 0.00663375854492187 0.052947998046875 -0.00896453857421875
0.0503273010253906 -0.0152206420898437 0.0423736572265625 -0.0252609252929688
0.0366287231445312 -0.0414772033691406 0.0241012573242188 -0.0412101745605469
0.01690673828125 -0.0507125854492187 0.00469017028808594 -0.0304889678955078
0.0144386291503906 -0.0465965270996094 -0.00836181640625 -0.0137233734130859
0.0126075744628906 -0.0526351928710938 -0.0144329071044922 -0.000363349914550782
0.0225715637207031 -0.0533180236816406 -0.0223140716552734 0.00287246704101562
0.0371017456054688 -0.0381622314453125 -0.0333919525146484 0.00688552856445312
0.0449142456054687 -0.0252838134765625 -0.0322341918945313 0.000190734863281252
0.0513725280761719 -0.00412750244140625 -0.0343589782714844 -0.00631332397460937
0.0590744018554688 0.0136909484863281 -0.0284214019775391 0.00369644165039063
0.0574531555175781 0.0293159484863281 -0.0247993469238281 0.0192680358886719
0.0577392578125 0.0533981323242188 0.0219173431396484 -0.0200099945068359
0.0680580139160156 0.0435600280761719 0.0380630493164063 0.0122032165527344
0.0645103454589844 0.0217742919921875 0.0418128967285156 0.0101890563964844
0.0654335021972656 0.00104522705078125 0.048095703125 -0.00371551513671875
0.0538101196289062 -0.0221481323242188 0.0342845916748047 -0.0159511566162109
0.0360031127929688 -0.0479927062988281 0.0164833068847656 -0.0250873565673828
0.0158882141113281 -0.0529212951660156 0.00184154510498047 -0.00936317443847657
0.0143585205078125 -0.0480270385742188 -0.00783252716064453 0.00741291046142578
0.0132980346679688 -0.0546112060546875 -0.0128879547119141 0.0199413299560547
0.0235328674316406 -0.0552597045898438 -0.0234622955322266 0.0195045471191406
0.0404129028320313 -0.0399932861328125 -0.0330047607421875 0.0181522369384766
0.05108642578125 -0.0271835327148438 -0.0314369201660156 0.00516700744628905
0.0588912963867188 -0.000804901123046875 -0.0288524627685547 -0.00536346435546875
0.0659828186035156 0.0201416015625 -0.0101690292358398 0.00690269470214844
0.0608367919921875 0.0366973876953125 -0.00301742553710937 0.0328502655029297
0.0523147583007813 0.04693603515625 0.0413970947265625 -0.00711822509765625
0.06622314453125 0.0392341613769531 0.0523414611816406 0.0182838439941406
0.06219482421875 0.0165290832519531 0.0439224243164063 0.0106315612792969
0.0608482360839844 -0.00490951538085937 0.0408973693847656 0.00154495239257812
0.0465965270996094 -0.025390625 0.0258216857910156 -0.00449562072753906
0.0281829833984375 -0.0469741821289063 0.0096282958984375 -0.0067586898803711
0.0105705261230469 -0.0473442077636719 0.00036907196044922 0.0121955871582031
0.0113754272460937 -0.0419273376464844 -0.00547409057617187 0.0272102355957031
0.0112762451171875 -0.0485763549804688 -0.012054443359375 0.0379753112792969
0.0219039916992187 -0.0485115051269531 -0.0252323150634766 0.0349769592285156
0.03875732421875 -0.0344429016113281 -0.034820556640625 0.0286312103271484
0.0503654479980469 -0.02276611328125 -0.0316410064697266 0.00999259948730469
0.0579147338867187 0.00503921508789063 -0.0227947235107422 -0.00382041931152344
0.0613441467285156 0.0271377563476562 0.00699043273925782 0.0119905471801758
0.0529594421386719 0.0401229858398438 0.0165328979492188 0.0474052429199219
0.0370407104492187 0.0343894958496094 0.0570564270019531 0.000499725341796877
0.0533294677734375 0.0290145874023438 0.0615882873535156 0.0178260803222656
0.0492095947265625 0.00872802734375 0.0426750183105469 0.00867462158203125
0.0452804565429688 -0.00914764404296875 0.0337810516357422 0.00638961791992187
0.032012939453125 -0.0236377716064453 0.0197086334228516 0.00557136535644531
0.0156059265136719 -0.0380744934082031 0.00629329681396485 0.0101289749145508
0.0046234130859375 -0.0339126586914063 0.00187873840332031 0.0299434661865234
0.00574874877929687 -0.0297966003417969 -0.00341415405273437 0.0434303283691406
0.00725555419921875 -0.0353813171386719 -0.0124778747558594 0.0517196655273438
0.0167198181152344 -0.0354042053222656 -0.0292091369628906 0.0469551086425781
0.0316505432128906 -0.0247669219970703 -0.0381736755371094 0.0352821350097656
0.042449951171875 -0.0143013000488281 -0.0329990386962891 0.0138416290283203
0.0466499328613281 0.0105514526367188 -0.0178184509277344 0.000591278076171873
0.0472640991210938 0.0286521911621094 0.0190353393554688 0.0197544097900391
0.0369186401367188 0.0372314453125 0.0309867858886719 0.0623588562011719
0.0153217315673828 0.0185127258300781 0.0663299560546875 0.001953125
0.0319671630859375 0.017425537109375 0.0647392272949219 0.0136909484863281
0.0283966064453125 0.00227546691894531 0.0397491455078125 0.00643157958984375
0.0239753723144531 -0.00861358642578125 0.0283870697021484 0.00929450988769531
0.0141849517822266 -0.0166568756103516 0.0172080993652344 0.0127019882202148
0.00223350524902344 -0.0209007263183594 0.00744438171386719 0.0223140716552734
-0.00179576873779297 -0.014094352722168 0.00575637817382812 0.0409049987792969
0.0001983642578125 -0.0121278762817383 -0.000205993652343748 0.052581787109375
0.00112724304199219 -0.0175666809082031 -0.01361083984375 0.0601463317871094
0.00731086730957031 -0.0194530487060547 -0.0342979431152344 0.0534400939941406
0.0191612243652344 -0.0142955780029297 -0.0419349670410156 0.0387306213378906
0.0262317657470703 -0.00771331787109375 -0.0358619689941406 0.0168342590332031
0.0292987823486328 0.010101318359375 -0.0167455673217773 0.00433254241943359
0.0269737243652344 0.0225162506103516 0.0232925415039062 0.0275917053222656
0.0153827667236328 0.0267848968505859 0.037078857421875 0.0740814208984375
0.00247597694396973 0.00338315963745117 -0.0435523986816406 -0.0618057250976563
-0.00189685821533203 -0.00482940673828125 -0.0166416168212891 -0.0249691009521484
-0.00852870941162109 0.00126838684082031 0.0203094482421875 -0.00271034240722656
-0.00227975845336914 0.00713968276977539 0.0457000732421875 -0.01904296875
0.0033869743347168 0.00459957122802734 0.0463943481445313 -0.0393257141113281
0.0035407543182373 0.00038909912109375 0.0311622619628906 -0.0609169006347656
0.0028834342956543 -0.00612974166870117 0.00761795043945313 -0.0649681091308594
0.00150346755981445 -0.00480175018310547 -0.00862884521484376 -0.0521354675292969
0.00137424468994141 -0.00449562072753906 -0.0140914916992188 -0.0379219055175781
0.0050048828125 -0.00285053253173828 -0.0156803131103516 -0.0271930694580078
0.00454998016357422 0.00134992599487305 -0.0268135070800781 -0.0144290924072266
-0.00243282318115234 0.00527334213256836 -0.0303401947021484 -0.00916290283203124
-0.00921058654785156 -0.00232601165771485 -0.0404624938964844 -0.0104751586914062
-0.00179195404052734 -0.00909900665283203 -0.0617523193359375 -0.00502777099609375
-0.000853538513183594 -0.00416231155395508 -0.0657691955566406 -0.00139617919921875
0.0254440307617187 0.02178955078125 -0.0344047546386719 -0.0576820373535156
0.0220279693603516 0.0101795196533203 -0.00690650939941406 -0.0202407836914063
0.0144977569580078 0.00909137725830078 0.0253772735595703 -0.00206184387207031
0.0195159912109375 0.00724601745605469 0.0496978759765625 -0.0177688598632812
0.0210971832275391 -0.00235748291015625 0.0473556518554688 -0.0377235412597656
0.0159416198730469 -0.0164203643798828 0.0306396484375 -0.0596656799316406
0.00780487060546875 -0.0255050659179688 0.00676345825195312 -0.0596351623535156
0.0060882568359375 -0.0229434967041016 -0.01019287109375 -0.0447120666503906
0.00543785095214844 -0.0250720977783203 -0.0166549682617188 -0.0304660797119141
0.0126285552978516 -0.0244522094726563 -0.0192699432373047 -0.0220680236816406
0.0184822082519531 -0.0150299072265625 -0.029632568359375 -0.0106487274169922
0.0171604156494141 -0.00580024719238281 -0.0307331085205078 -0.00812339782714844
0.0134172439575195 -0.00261878967285156 -0.0399398803710938 -0.00711822509765625
0.0220413208007812 -0.00124931335449219 -0.0553398132324219 -0.000240325927734386
0.0236778259277344 0.00642204284667969 -0.0585517883300781 0.00376129150390624
0.0446701049804688 0.0364952087402344 -0.0198631286621094 -0.0475692749023437
0.0437736511230469 0.0241928100585938 0.00672245025634766 -0.0102567672729492
0.0361175537109375 0.0158309936523438 0.0323162078857422 0.00116729736328125
0.0404739379882813 0.00597000122070313 0.0519523620605469 -0.0157928466796875
0.0370368957519531 -0.010162353515625 0.0454444885253906 -0.0338592529296875
0.0266990661621094 -0.0310077667236328 0.0267410278320313 -0.0530242919921875
0.0117835998535156 -0.0409317016601562 0.00454330444335938 -0.0473403930664062
0.00916671752929688 -0.0375480651855469 -0.0100822448730469 -0.0310134887695313
0.00737762451171875 -0.0421295166015625 -0.0170450210571289 -0.016667366027832
0.0162239074707031 -0.04217529296875 -0.0221023559570313 -0.0108489990234375
0.0287208557128906 -0.0302391052246094 -0.0318641662597656 -0.00241279602050782
0.0318794250488281 -0.0187301635742188 -0.0318546295166016 -0.00345420837402344
0.0337753295898438 -0.00483512878417969 -0.0384750366210937 -0.00513839721679687
0.04339599609375 0.00426101684570312 -0.0441169738769531 0.00308227539062501
0.0447196960449219 0.016387939453125 -0.0439643859863281 0.0113258361816406
0.0573234558105469 0.046173095703125 -0.000196456909179681 -0.0342655181884766
0.0609588623046875 0.0343666076660156 0.0221729278564453 0.00138473510742188
0.0551185607910156 0.0192985534667969 0.0383491516113281 0.00583648681640625
0.056671142578125 0.00189971923828125 0.0518264770507813 -0.0113983154296875
0.0487594604492188 -0.018463134765625 0.040191650390625 -0.027130126953125
0.0325508117675781 -0.0423316955566406 0.0209388732910156 -0.0414009094238281
0.0130729675292969 -0.0499801635742188 0.0023651123046875 -0.0288410186767578
0.0110015869140625 -0.046356201171875 -0.00928211212158203 -0.0121841430664063
0.00831985473632813 -0.0521202087402344 -0.0149574279785156 0.00184440612792968
0.0177764892578125 -0.0537109375 -0.0229244232177734 0.00461578369140625
0.0340957641601563 -0.0399818420410156 -0.0321540832519531 0.00864601135253905
0.0426063537597656 -0.0282478332519531 -0.0318813323974609 0.00148200988769531
0.0495872497558594 -0.00664138793945313 -0.0350914001464844 -0.00350189208984376
0.0587806701660156 0.00997161865234375 -0.028228759765625 0.00536537170410156
0.0584030151367188 0.0245552062988281 -0.0246410369873047 0.0210208892822266
0.060455322265625 0.0477447509765625 0.0209426879882813 -0.0208625793457031
0.0690879821777344 0.0375633239746094 0.0389060974121094 0.0109825134277344
0.064300537109375 0.0172805786132813 0.0421714782714844 0.00928497314453125
0.0641899108886719 -0.00364303588867188 0.0474929809570313 -0.00516510009765625
0.0507850646972656 -0.025299072265625 0.0328464508056641 -0.0172195434570313
0.0313148498535156 -0.0487060546875 0.0144023895263672 -0.0247917175292969
0.0112953186035156 -0.0524559020996094 0.000894069671630861 -0.00853824615478516
0.0105400085449219 -0.0477447509765625 -0.00709962844848633 0.00861358642578125
0.00862884521484375 -0.0539093017578125 -0.0118694305419922 0.0205345153808594
0.0187339782714844 -0.0554275512695312 -0.0226650238037109 0.0207748413085938
0.0363960266113281 -0.04229736328125 -0.0318431854248047 0.0206069946289062
0.0484161376953125 -0.0306587219238281 -0.0311145782470703 0.00677490234374999
0.0577163696289063 -0.004791259765625 -0.0294189453125 -0.00312614440917969
0.0653343200683594 0.0165061950683594 -0.0104475021362305 0.00727176666259766
0.0619125366210937 0.0315208435058594 -0.00216865539550781 0.0328083038330078
0.0543251037597656 0.0422630310058594 0.0410614013671875 -0.00876617431640625
0.0666236877441406 0.0333328247070313 0.0528640747070313 0.0153427124023438
0.0612754821777344 0.0120925903320313 0.0440711975097656 0.00960922241210937
0.0591506958007813 -0.00920486450195313 0.0410270690917969 0.000392913818359375
0.0439834594726563 -0.0283088684082031 0.0253410339355469 -0.00522613525390625
0.0236930847167969 -0.0475616455078125 0.00873374938964844 -0.00669956207275391
0.00728607177734375 -0.0466041564941406 0.00187778472900391 0.0121269226074219
0.007476806640625 -0.0412445068359375 -0.00385093688964844 0.0278167724609375
0.00726699829101562 -0.0478057861328125 -0.00980758666992188 0.038238525390625
0.0175094604492187 -0.0486640930175781 -0.0231590270996094 0.0357208251953125
0.0357856750488281 -0.0371055603027344 -0.0328540802001953 0.0300998687744141
0.0473823547363281 -0.0259284973144531 -0.0308589935302734 0.0115318298339844
0.0567207336425781 0.0015106201171875 -0.0226364135742187 -0.00139617919921875
0.0617561340332031 0.0223274230957031 0.00721359252929688 0.0113735198974609
0.0549583435058594 0.0353012084960938 0.0179901123046875 0.0462188720703125
0.0391921997070312 0.0306968688964844 0.0566864013671875 -0.00279998779296875
0.0540885925292969 0.0240821838378906 0.0623970031738281 0.0145225524902344
0.0484390258789062 0.005859375 0.0427665710449219 0.00714874267578125
0.0442008972167969 -0.0121307373046875 0.0335960388183594 0.00526809692382812
0.030029296875 -0.0259170532226562 0.0195884704589844 0.00465011596679687
0.0121078491210938 -0.037322998046875 0.00722980499267578 0.00981998443603515
0.00116539001464844 -0.0330238342285156 0.00465202331542969 0.0295658111572266
0.0037078857421875 -0.0283470153808594 0.000419616699218751 0.04296875
0.00431442260742188 -0.0345478057861328 -0.00852584838867188 0.05206298828125
0.0132293701171875 -0.0358123779296875 -0.0262260437011719 0.047393798828125
0.02984619140625 -0.02618408203125 -0.0356178283691406 0.0373115539550781
0.0399818420410156 -0.0174407958984375 -0.0321769714355469 0.0157642364501953
0.0462265014648438 0.00647735595703125 -0.0180587768554687 0.00169944763183594
0.0484123229980469 0.0242385864257812 0.0192165374755859 0.0178260803222656
0.0386505126953125 0.0335655212402344 0.0327911376953125 0.05902099609375
0.0171442031860352 0.0164070129394531 0.0661201477050781 -0.00216293334960937
0.0321636199951172 0.01495361328125 0.0650405883789063 0.00958251953125
0.0281715393066406 0.00070953369140625 0.0399436950683594 0.00447845458984375
0.0229682922363281 -0.0106525421142578 0.0287971496582031 0.00841903686523437
0.0123519897460938 -0.016697883605957 0.017822265625 0.0117359161376953
0.000356674194335937 -0.0205879211425781 0.00905036926269531 0.0217094421386719
-0.00300312042236328 -0.0132598876953125 0.00879287719726562 0.0392951965332031
-0.00101566314697266 -0.0115346908569336 0.00435638427734375 0.0513267517089844
-0.000504493713378906 -0.0159568786621094 -0.00863265991210938 0.0596122741699219
0.00469398498535156 -0.0191593170166016 -0.0298728942871094 0.0547599792480469
0.0170106887817383 -0.015284538269043 -0.0390815734863281 0.0402717590332031
0.0249767303466797 -0.00955009460449219 -0.0340137481689453 0.0190162658691406
0.0297164916992188 0.00822830200195313 -0.0167112350463867 0.00564861297607422
0.0276145935058594 0.0201950073242188 0.0240077972412109 0.0250129699707031
0.0173358917236328 0.0246219635009766 0.0399169921875 0.0706558227539063
0.00311970710754395 0.00400209426879883 -0.0424346923828125 -0.0580978393554688
-0.00194740295410156 -0.00449895858764648 -0.0162334442138672 -0.0224456787109375
-0.00743341445922851 0.00136566162109375 0.0194225311279297 -0.00345230102539063
-0.00194168090820312 0.00693845748901367 0.0439338684082031 -0.0196266174316406
0.00360369682312012 0.00385403633117676 0.0434341430664063 -0.0391197204589844
0.00375604629516602 -0.000436544418334961 0.0276641845703125 -0.0596961975097656
0.00271940231323242 -0.0067291259765625 0.00471878051757813 -0.0631561279296875
0.00259494781494141 -0.00476741790771484 -0.0101470947265625 -0.0490036010742188
0.0019526481628418 -0.00457906723022461 -0.0159683227539062 -0.0363006591796875
0.00546646118164062 -0.00353336334228516 -0.0169391632080078 -0.0255832672119141
0.00507545471191406 0.0011448860168457 -0.0261688232421875 -0.0136051177978516
-0.00152873992919922 0.00589942932128906 -0.0298252105712891 -0.00826454162597657
-0.00870656967163086 -0.00150775909423828 -0.0396957397460938 -0.00924682617187499
-0.00227069854736328 -0.00831890106201172 -0.0599136352539063 -0.00292205810546874
-0.0010826587677002 -0.00324511528015137 -0.0638008117675781 0.0011749267578125
0.0260448455810547 0.0197677612304688 -0.0339775085449219 -0.0541114807128906
0.0218219757080078 0.00888633728027344 -0.00675201416015625 -0.0182285308837891
0.0143709182739258 0.00805854797363281 0.0249671936035156 -0.00217628479003906
0.0194950103759766 0.00588798522949219 0.0476951599121094 -0.0191383361816406
0.0201873779296875 -0.00384712219238281 0.0443687438964844 -0.0379524230957031
0.0151891708374023 -0.0164403915405273 0.0274620056152344 -0.0583381652832031
0.00728607177734375 -0.0252132415771484 0.00434494018554687 -0.057159423828125
0.00580215454101563 -0.0226631164550781 -0.0113945007324219 -0.0419158935546875
0.00455856323242188 -0.0245342254638672 -0.0177822113037109 -0.0284900665283203
0.0111904144287109 -0.0238094329833984 -0.0208225250244141 -0.0210094451904297
0.0177230834960938 -0.0151023864746094 -0.0297260284423828 -0.00985336303710938
0.016392707824707 -0.00615501403808594 -0.0303554534912109 -0.00708198547363281
0.0128154754638672 -0.00199317932128906 -0.03924560546875 -0.00591278076171874
0.0205116271972656 -0.00156974792480469 -0.053955078125 0.00171661376953125
0.0231094360351562 0.00580024719238281 -0.0573387145996094 0.00621795654296876
0.0448188781738281 0.0337409973144531 -0.0189971923828125 -0.0448074340820313
0.0429649353027344 0.0222854614257813 0.0063018798828125 -0.0090799331665039
0.0355682373046875 0.0143775939941406 0.0317764282226563 0.00117301940917969
0.0397262573242187 0.00392913818359375 0.0497779846191406 -0.0161323547363281
0.0352401733398438 -0.0113716125488281 0.042755126953125 -0.0341415405273438
0.0246429443359375 -0.0305576324462891 0.0242729187011719 -0.051483154296875
0.010223388671875 -0.0396652221679688 0.00266265869140625 -0.0452957153320312
0.00793075561523438 -0.0371932983398438 -0.0110836029052734 -0.0279388427734375
0.00588226318359375 -0.0408744812011719 -0.0173492431640625 -0.0146970748901367
0.0146865844726563 -0.0415534973144531 -0.0230140686035156 -0.00963401794433594
0.0262832641601562 -0.0297718048095703 -0.0315151214599609 -0.00104713439941406
0.0306129455566406 -0.0190372467041016 -0.0317420959472656 -0.00268936157226563
0.0322837829589844 -0.00543594360351562 -0.0376625061035156 -0.00403976440429687
0.0415382385253906 0.00322723388671875 -0.0429878234863281 0.00470733642578124
0.043853759765625 0.0146827697753906 -0.04351806640625 0.01318359375
0.0577278137207031 0.0419960021972656 1.90734863281269E-05 -0.0326137542724609
0.0596733093261719 0.0306625366210938 0.022186279296875 0.00188255310058594
0.0538406372070313 0.0167236328125 0.0374183654785156 0.0057830810546875
0.0551338195800781 -0.000270843505859375 0.0497283935546875 -0.0117454528808594
0.0458602905273438 -0.0195503234863281 0.0385017395019531 -0.0267524719238281
0.0293159484863281 -0.0419578552246094 0.0187911987304688 -0.0398406982421875
0.0106277465820313 -0.0485153198242188 0.00162696838378906 -0.027923583984375
0.00909423828125 -0.0451736450195313 -0.0100545883178711 -0.0100135803222656
0.00574874877929687 -0.050811767578125 -0.0146903991699219 0.00294017791748046
0.0155296325683594 -0.0519142150878906 -0.0229988098144531 0.00545692443847656
0.0312728881835938 -0.0400543212890625 -0.0319366455078125 0.0099964141845703
0.0401725769042969 -0.0288429260253906 -0.0315418243408203 0.00198173522949218
0.0467147827148438 -0.00772857666015625 -0.0345306396484375 -0.00217628479003906
0.05718994140625 0.00804901123046875 -0.0278186798095703 0.00634193420410157
0.0575599670410156 0.0211181640625 -0.0236949920654297 0.0224227905273437
0.0604705810546875 0.0437240600585938 0.0209941864013672 -0.0203704833984375
0.0677871704101563 0.0336494445800781 0.0380630493164063 0.010406494140625
0.0624961853027344 0.0150527954101562 0.0421142578125 0.008697509765625
0.0617256164550781 -0.00592422485351563 0.0462112426757813 -0.00549697875976563
0.0478897094726562 -0.0258522033691406 0.0308818817138672 -0.0167999267578125
0.0278739929199219 -0.0479545593261719 0.0125236511230469 -0.0241146087646484
0.00855636596679688 -0.0501632690429688 0.00106954574584961 -0.00757217407226563
0.00824737548828125 -0.0458641052246094 -0.00624465942382812 0.00918292999267578
0.00564193725585938 -0.0526084899902344 -0.0111522674560547 0.0210819244384766
0.0155868530273438 -0.0543327331542969 -0.0224170684814453 0.0209331512451172
0.0338211059570313 -0.0424880981445312 -0.0313568115234375 0.0212249755859375
0.0448417663574219 -0.0314865112304688 -0.0302886962890625 0.00754737854003906
0.0550575256347656 -0.00589752197265625 -0.0289688110351562 -0.00179862976074219
0.0642585754394531 0.0134963989257813 -0.0106019973754883 0.00808238983154297
0.06060791015625 0.0275802612304688 -0.00231742858886718 0.0324611663818359
0.0543556213378906 0.0381355285644531 0.0407371520996094 -0.00970077514648437
0.064971923828125 0.0295181274414062 0.0518074035644531 0.0140113830566406
0.0601997375488281 0.00984954833984375 0.0429725646972656 0.0091400146484375
0.0570068359375 -0.0111923217773437 0.0401992797851563 0.000419616699218749
0.0412788391113281 -0.0286674499511719 0.024261474609375 -0.00486564636230469
0.0206260681152344 -0.0456199645996094 0.00848770141601563 -0.00626850128173828
0.00522994995117187 -0.0442161560058594 0.00227737426757813 0.0117464065551758
0.00582504272460937 -0.0397453308105469 -0.00255393981933594 0.0273666381835937
0.00459671020507812 -0.0463638305664063 -0.00775527954101563 0.0376853942871094
0.0147590637207031 -0.0475845336914063 -0.0221900939941406 0.0357627868652344
0.0331878662109375 -0.0370712280273438 -0.0317955017089844 0.0301246643066406
0.0449600219726562 -0.0274238586425781 -0.0299892425537109 0.0123176574707031
0.0548553466796875 -0.0006561279296875 -0.0227069854736328 -0.000106811523437495
0.0607070922851562 0.0196113586425781 0.00650310516357422 0.0109319686889648
0.0549201965332031 0.0314369201660156 0.0174827575683594 0.0445976257324219
0.0393486022949219 0.0274887084960938 0.0557365417480469 -0.00503158569335937
0.0525398254394531 0.02130126953125 0.0610618591308594 0.01214599609375
0.0474510192871094 0.00338363647460938 0.0421562194824219 0.00732803344726563
0.0422897338867188 -0.013519287109375 0.0333118438720703 0.004974365234375
0.0277099609375 -0.0260848999023437 0.0193367004394531 0.0051116943359375
0.00984954833984375 -0.0357704162597656 0.00737380981445313 0.00987052917480469
-2.67028808593726E-05 -0.0309677124023438 0.00573348999023437 0.0280055999755859
0.00238609313964844 -0.0270786285400391 0.00220489501953125 0.0413436889648438
0.00231361389160157 -0.0327377319335938 -0.00625228881835937 0.0504150390625
0.0106353759765625 -0.0345592498779297 -0.0235595703125 0.0471687316894531
0.0265083312988281 -0.0265598297119141 -0.0335769653320312 0.0371055603027344
0.0378990173339844 -0.0188179016113281 -0.0306396484375 0.01654052734375
0.0448150634765625 0.00505447387695313 -0.0179538726806641 0.00252723693847657
0.0470046997070313 0.0221099853515625 0.0188522338867188 0.0167484283447266
0.0390281677246094 0.03033447265625 0.0323028564453125 0.0566139221191406
0.0168743133544922 0.0146112442016602 0.0645866394042969 -0.00453948974609375
0.0313854217529297 0.0121040344238281 0.0636177062988281 0.0072784423828125
0.0273456573486328 -0.000711441040039063 0.0392990112304688 0.00405502319335938
0.022125244140625 -0.0112361907958984 0.0288887023925781 0.00892257690429687
0.0108966827392578 -0.0171403884887695 0.0178890228271484 0.0111942291259766
-0.00175857543945312 -0.0191059112548828 0.0100746154785156 0.0207843780517578
-0.00389194488525391 -0.0117950439453125 0.0107383728027344 0.0373725891113281
-0.00167751312255859 -0.0103235244750977 0.00598526000976563 0.0491485595703125
-0.00104904174804688 -0.0147647857666016 -0.0057830810546875 0.0579490661621094
0.00352859497070312 -0.0181980133056641 -0.0271072387695312 0.0539474487304688
0.0153169631958008 -0.0154285430908203 -0.0364151000976563 0.0407066345214844
0.0233726501464844 -0.0100326538085938 -0.0324821472167969 0.0199451446533203
0.0281600952148438 0.00665473937988281 -0.0162439346313477 0.00565433502197266
0.0273380279541016 0.0182628631591797 0.0232868194580078 0.0229911804199219
0.017669677734375 0.0223789215087891 0.0396385192871094 0.0663719177246094
0.00321841239929199 0.00391411781311035 -0.040008544921875 -0.0563201904296875
-0.0019218921661377 -0.00423574447631836 -0.0153656005859375 -0.0215930938720703
-0.00715065002441406 0.00180530548095703 0.0192222595214844 -0.00317955017089844
-0.0010838508605957 0.00680732727050781 0.04339599609375 -0.0189285278320313
0.00396513938903809 0.0035865306854248 0.0427360534667969 -0.0386276245117187
0.00401663780212402 -0.000236272811889648 0.026947021484375 -0.0585212707519531
0.00306415557861328 -0.00726890563964844 0.00423049926757812 -0.0607109069824219
0.00292015075683594 -0.00530862808227539 -0.0103225708007812 -0.0472946166992187
0.00251102447509766 -0.0046844482421875 -0.0160598754882812 -0.0350837707519531
0.00564002990722656 -0.00368738174438477 -0.0178356170654297 -0.0258445739746094
0.00559711456298828 0.000986099243164063 -0.0260162353515625 -0.0141010284423828
-0.00139665603637695 0.00647497177124023 -0.0294361114501953 -0.00920867919921875
-0.00835752487182617 -0.000794887542724609 -0.0390892028808594 -0.0105133056640625
-0.00287151336669922 -0.0076904296875 -0.0594406127929688 -0.00273513793945312
-0.000780820846557618 -0.00226306915283203 -0.0635528564453125 0.00133895874023438
0.0259208679199219 0.0198841094970703 -0.0318756103515625 -0.0529899597167969
0.0213737487792969 0.00869178771972656 -0.00591373443603515 -0.0170602798461914
0.0140810012817383 0.00785350799560547 0.025054931640625 -0.00156211853027344
0.0194549560546875 0.00588417053222656 0.0466842651367188 -0.0177383422851563
0.0201416015625 -0.00374794006347656 0.043426513671875 -0.0366401672363281
0.0147771835327148 -0.015803337097168 0.0268783569335937 -0.0568313598632813
0.00625038146972656 -0.0247020721435547 0.0038299560546875 -0.0551109313964844
0.00611114501953125 -0.0227870941162109 -0.0117683410644531 -0.0398178100585938
0.00480270385742188 -0.0247898101806641 -0.0181846618652344 -0.0267887115478516
0.0117282867431641 -0.0237331390380859 -0.0213680267333984 -0.0207576751708984
0.0181503295898438 -0.0148849487304688 -0.0293598175048828 -0.00896835327148438
0.0164022445678711 -0.00576591491699219 -0.0304145812988281 -0.00775718688964844
0.0126199722290039 -0.00107765197753906 -0.0389633178710938 -0.00708770751953125
0.0195674896240234 -0.00118064880371094 -0.0536613464355469 0.00171279907226562
0.0228862762451172 0.00655746459960938 -0.0575942993164063 0.00658035278320313
0.0450859069824219 0.0330924987792969 -0.0171012878417969 -0.0441513061523438
0.0424079895019531 0.0211296081542969 0.00701045989990235 -0.00719165802001953
0.0351161956787109 0.0141830444335938 0.0319728851318359 0.0022735595703125
0.0386276245117188 0.0041046142578125 0.0496063232421875 -0.0155487060546875
0.0349864959716797 -0.0111255645751953 0.0418701171875 -0.0327224731445312
0.0237083435058594 -0.0299015045166016 0.02349853515625 -0.0504608154296875
0.009521484375 -0.0389442443847656 0.00233078002929688 -0.04290771484375
0.00795745849609375 -0.0361709594726563 -0.0110340118408203 -0.0258502960205078
0.00588607788085937 -0.0403594970703125 -0.0174884796142578 -0.0131807327270508
0.0139884948730469 -0.0412025451660156 -0.0240135192871094 -0.00965118408203125
0.0262432098388672 -0.0297393798828125 -0.0320606231689453 -0.00143051147460938
0.0294322967529297 -0.0182552337646484 -0.0318717956542969 -0.00337982177734375
0.0312824249267578 -0.00493621826171875 -0.0372581481933594 -0.00400543212890626
0.0401382446289063 0.00342559814453125 -0.0429878234863281 0.00534820556640626
0.0422859191894531 0.014190673828125 -0.0435104370117188 0.0144195556640625
0.0570869445800781 0.0408782958984375 0.00153732299804688 -0.0316448211669922
0.0585556030273438 0.0291786193847656 0.0221576690673828 0.00351142883300781
0.0523262023925781 0.0163612365722656 0.0373954772949219 0.0070037841796875
0.0546035766601563 -0.00089263916015625 0.0490188598632813 -0.0100822448730469
0.0446968078613281 -0.0192031860351563 0.0374984741210938 -0.02557373046875
0.028533935546875 -0.0406455993652344 0.0179595947265625 -0.0377960205078125
0.0101394653320312 -0.0470657348632813 0.00114059448242187 -0.0263881683349609
0.00835800170898437 -0.0445632934570313 -0.00948524475097656 -0.00813007354736328
0.00514984130859375 -0.0494842529296875 -0.014613151550293 0.00342941284179687
0.0148162841796875 -0.0513381958007813 -0.0239086151123047 0.00556564331054687
0.03094482421875 -0.039764404296875 -0.0321407318115234 0.00979423522949219
0.0389328002929688 -0.0284271240234375 -0.0318527221679688 0.00264549255371093
0.0457382202148437 -0.00745391845703125 -0.0339336395263672 -0.00141334533691406
0.055999755859375 0.00752639770507812 -0.02801513671875 0.00687789916992188
0.0559234619140625 0.0212669372558594 -0.0250358581542969 0.0221138000488281
0.0604324340820313 0.0424232482910156 0.0217571258544922 -0.0197257995605469
0.0659866333007812 0.0320930480957031 0.0381011962890625 0.0109672546386719
0.0612678527832031 0.0153579711914063 0.0413780212402344 0.0104827880859375
0.0604248046875 -0.0066375732421875 0.0455245971679688 -0.00440216064453125
0.0467529296875 -0.0256919860839844 0.0305328369140625 -0.0152778625488281
0.0274887084960938 -0.0463409423828125 0.0122241973876953 -0.0227394104003906
0.00814437866210938 -0.0484962463378906 0.00132608413696289 -0.00644302368164063
0.0070343017578125 -0.0447425842285156 -0.00604343414306641 0.00989341735839843
0.00505828857421875 -0.0503730773925781 -0.0107879638671875 0.0216121673583984
0.0147438049316406 -0.052459716796875 -0.0231685638427734 0.021087646484375
0.0323143005371094 -0.0423698425292969 -0.0313262939453125 0.0203590393066406
0.0441207885742187 -0.0307388305664063 -0.0312271118164063 0.00675773620605468
0.0540504455566406 -0.00645065307617188 -0.0289669036865234 -0.000854492187500005
0.0626258850097656 0.013397216796875 -0.0107898712158203 0.00799751281738281
0.0598983764648438 0.0267219543457031 -0.00420188903808594 0.0328102111816406
0.0534591674804687 0.0364723205566406 0.0411491394042969 -0.00925445556640625
0.0634498596191406 0.0281639099121094 0.0510406494140625 0.0146369934082031
0.05877685546875 0.0103912353515625 0.0427207946777344 0.010528564453125
0.0557212829589844 -0.0113449096679687 0.040191650390625 0.00199127197265625
0.0402946472167969 -0.0281867980957031 0.0241413116455078 -0.00400352478027344
0.0196380615234375 -0.0444412231445312 0.00859785079956055 -0.00451993942260742
0.00450515747070312 -0.0427970886230469 0.00297069549560547 0.0119428634643555
0.00561141967773438 -0.0384941101074219 -0.00189018249511719 0.0274486541748047
0.003631591796875 -0.0441169738769531 -0.00768661499023438 0.0373306274414063
0.0133285522460937 -0.0459632873535156 -0.022491455078125 0.035614013671875
0.0317039489746094 -0.0367546081542969 -0.0312671661376953 0.0302181243896484
0.043487548828125 -0.0273284912109375 -0.0296230316162109 0.0121364593505859
0.0537757873535156 -0.000896453857421875 -0.0220890045166016 0.000591278076171875
0.0592880249023437 0.0189208984375 0.00560379028320313 0.0113658905029297
0.0534172058105469 0.029876708984375 0.0163421630859375 0.0437583923339844
0.0380821228027344 0.0267677307128906 0.0558280944824219 -0.0049591064453125
0.051666259765625 0.0199775695800781 0.0594863891601562 0.0128326416015625
0.046478271484375 0.00440216064453125 0.0412445068359375 0.0081634521484375
0.0416336059570313 -0.013397216796875 0.0336265563964844 0.00684356689453125
0.0267333984375 -0.0249958038330078 0.0197830200195313 0.005340576171875
0.00906753540039063 -0.0342807769775391 0.00723457336425781 0.00997257232666015
-7.62939453124994E-05 -0.0287837982177734 0.005828857421875 0.0277194976806641
0.00200271606445312 -0.026336669921875 0.00209808349609375 0.0406608581542969
0.00189590454101563 -0.0314731597900391 -0.00603866577148437 0.0492897033691406
0.0103282928466797 -0.0335426330566406 -0.0236701965332031 0.0463447570800781
0.0258998870849609 -0.026519775390625 -0.0331077575683594 0.0364227294921875
0.0368156433105469 -0.0191421508789063 -0.0303993225097656 0.0158309936523437
0.0435295104980469 0.00529861450195313 -0.0181102752685547 0.00211906433105469
0.0469474792480469 0.0220375061035156 0.0175333023071289 0.0162334442138672
0.0379791259765625 0.0287094116210938 0.0299530029296875 0.0557174682617188
0.0165987014770508 0.0134773254394531 0.0640335083007813 -0.00506973266601562
0.0308685302734375 0.0116462707519531 0.0627822875976563 0.00775146484375
0.0269947052001953 -0.000606536865234375 0.0382232666015625 0.00558853149414062
0.0210189819335938 -0.0109653472900391 0.0286769866943359 0.00991249084472656
0.0101547241210938 -0.0167913436889648 0.0184707641601563 0.0126247406005859
-0.00167274475097656 -0.0178985595703125 0.0100765228271484 0.0209980010986328
-0.00406360626220703 -0.0110054016113281 0.0116310119628906 0.0362777709960938
-0.00127315521240234 -0.00899124145507813 0.00658798217773438 0.0474014282226563
-0.00212669372558594 -0.0139560699462891 -0.004364013671875 0.0563621520996094
0.00330066680908203 -0.0173473358154297 -0.026519775390625 0.0531387329101563
0.0137996673583984 -0.0151195526123047 -0.0359725952148438 0.0401115417480469
0.0221290588378906 -0.0100212097167969 -0.0324821472167969 0.0189666748046875
0.0273399353027344 0.0065155029296875 -0.01611328125 0.00575160980224609
0.0272312164306641 0.01715087890625 0.0224571228027344 0.0221519470214844
0.0171451568603516 0.0211639404296875 0.0372734069824219 0.0650291442871094
0.00307226181030273 0.00452089309692383 -0.0389938354492188 -0.05780029296875
-0.00220870971679688 -0.00408744812011719 -0.0152187347412109 -0.0209064483642578
-0.00702190399169922 0.00212860107421875 0.0200634002685547 -0.00215911865234375
-0.00131797790527344 0.00674724578857422 0.0437965393066406 -0.018280029296875
0.00422263145446777 0.0032660961151123 0.0435867309570313 -0.0383758544921875
0.00456523895263672 -0.00114107131958008 0.0285415649414063 -0.0589027404785156
0.00324153900146484 -0.00750112533569336 0.0046844482421875 -0.0605201721191406
0.00329208374023438 -0.00626659393310547 -0.0103034973144531 -0.0468597412109375
0.00323915481567383 -0.00482416152954101 -0.0171127319335937 -0.0346355438232422
0.00590705871582031 -0.00388288497924805 -0.0184993743896484 -0.026214599609375
0.00609970092773438 0.00121879577636719 -0.0271034240722656 -0.0141811370849609
-0.000876426696777344 0.00673961639404297 -0.0303440093994141 -0.0103073120117187
-0.00921154022216797 -0.000543594360351564 -0.0393905639648438 -0.0123977661132812
-0.00316810607910156 -0.00772905349731445 -0.0598983764648438 -0.00365447998046875
-0.000963211059570313 -0.00156855583190918 -0.0653266906738281 0.00235748291015626
0.0259513854980469 0.0204181671142578 -0.0297660827636719 -0.0530433654785156
0.0217380523681641 0.00896072387695313 -0.0059061050415039 -0.0162038803100586
0.0144844055175781 0.00870895385742188 0.0258007049560547 -0.000160217285156249
0.0197544097900391 0.00573158264160156 0.0474090576171875 -0.0169563293457031
0.0200767517089844 -0.00396537780761719 0.0442924499511719 -0.0365142822265625
0.0147542953491211 -0.0166158676147461 0.0279426574707031 -0.0564460754394531
0.00722885131835938 -0.0252532958984375 0.00443267822265625 -0.0551071166992188
0.00641250610351562 -0.0236835479736328 -0.01202392578125 -0.0389366149902344
0.00526809692382813 -0.0253372192382813 -0.0184230804443359 -0.0268211364746094
0.0122756958007812 -0.0240192413330078 -0.0227470397949219 -0.0213985443115234
0.0185203552246094 -0.0145511627197266 -0.0303840637207031 -0.0103034973144531
0.0170669555664063 -0.00501155853271484 -0.0313968658447266 -0.00842475891113281
0.012089729309082 -0.000819206237792969 -0.0392913818359375 -0.00777435302734375
0.0198917388916016 -0.000638961791992188 -0.0543899536132812 0.00103378295898438
0.0220909118652344 0.00675010681152344 -0.0582427978515625 0.00746536254882811
0.0452079772949219 0.0340309143066406 -0.0155754089355469 -0.0441017150878906
0.0426673889160156 0.0220413208007812 0.00783681869506836 -0.00671100616455078
0.0355033874511719 0.0141754150390625 0.0322685241699219 0.00430679321289063
0.0396652221679688 0.00403594970703125 0.050384521484375 -0.0132293701171875
0.0349617004394531 -0.0107612609863281 0.0430145263671875 -0.0320472717285156
0.0241508483886719 -0.0301513671875 0.0235404968261719 -0.0494918823242188
0.00967025756835937 -0.0385169982910156 0.00288009643554687 -0.0423431396484375
0.008758544921875 -0.0367164611816406 -0.0112094879150391 -0.0253963470458984
0.00585174560546875 -0.0409164428710938 -0.0185356140136719 -0.0131187438964844
0.0147209167480469 -0.0404281616210938 -0.025604248046875 -0.00904273986816407
0.0266304016113281 -0.0294647216796875 -0.03326416015625 -0.001251220703125
0.0305709838867188 -0.0176887512207031 -0.0322780609130859 -0.00404548645019532
0.0313396453857422 -0.00362777709960938 -0.0377578735351563 -0.00493240356445312
0.0404472351074219 0.0041046142578125 -0.0438346862792969 0.00531768798828126
0.042755126953125 0.01531982421875 -0.0447921752929687 0.0146522521972656
0.0565605163574219 0.0421218872070313 0.00333023071289063 -0.0312519073486328
0.058074951171875 0.0303802490234375 0.0233402252197266 0.004638671875
0.0524787902832031 0.0180625915527344 0.0387802124023438 0.00908660888671875
0.0541915893554687 -1.52587890625E-05 0.0502395629882813 -0.00890731811523438
0.044891357421875 -0.0197563171386719 0.0387153625488281 -0.0241432189941406
0.0285568237304688 -0.0408554077148438 0.0183258056640625 -0.0371360778808594
0.0102272033691406 -0.0477943420410156 0.00123214721679687 -0.0256271362304688
0.00870895385742187 -0.0442314147949219 -0.00920581817626953 -0.0077810287475586
0.00559234619140626 -0.0500259399414063 -0.0150203704833984 0.00422382354736328
0.0145835876464844 -0.0509147644042969 -0.0249290466308594 0.00567436218261719
0.0305976867675781 -0.03961181640625 -0.0334606170654297 0.00934600830078124
0.0393257141113281 -0.0277519226074219 -0.0330162048339844 0.00123596191406249
0.0460395812988281 -0.00584030151367188 -0.0350990295410156 -0.00186538696289062
0.0561027526855469 0.0081024169921875 -0.0288658142089844 0.00703048706054688
0.0557403564453125 0.0211448669433594 -0.0264682769775391 0.0236339569091797
0.0598487854003906 0.0424346923828125 0.0240478515625 -0.0186767578125
0.0656089782714844 0.0324478149414063 0.038360595703125 0.0128746032714844
0.0611534118652344 0.0166015625 0.0429153442382813 0.0125503540039063
0.0607795715332031 -0.00606536865234375 0.0472793579101563 -0.00205230712890625
0.0477142333984375 -0.0257225036621094 0.0318546295166016 -0.0138339996337891
0.0270195007324219 -0.0462493896484375 0.0120563507080078 -0.0212001800537109
0.00864410400390625 -0.0481300354003906 0.00124692916870117 -0.00634765625
0.0076751708984375 -0.0449867248535156 -0.00591087341308593 0.0112066268920898
0.00513076782226563 -0.0513114929199219 -0.0114536285400391 0.0221385955810547
0.0145339965820313 -0.0528335571289063 -0.0244770050048828 0.0217990875244141
0.0328178405761719 -0.0423812866210938 -0.0339450836181641 0.0208053588867187
0.0439682006835938 -0.0309257507324219 -0.0317020416259766 0.00665283203125
0.0538902282714844 -0.00487518310546875 -0.0291423797607422 -0.000789642333984382
0.0637168884277344 0.0133247375488281 -0.0120468139648437 0.00872039794921875
0.0600776672363281 0.0265617370605469 -0.00539398193359374 0.0340003967285156
0.0537223815917969 0.0364112854003906 0.0425338745117188 -0.00921249389648437
0.0637626647949219 0.0288505554199219 0.0517654418945313 0.0164299011230469
0.0588531494140625 0.0111961364746094 0.042938232421875 0.0118827819824219
0.0567054748535156 -0.0106277465820313 0.0411186218261719 0.0029144287109375
0.0404853820800781 -0.0279159545898438 0.0245838165283203 -0.00373268127441406
0.0194435119628906 -0.0436553955078125 0.00812625885009766 -0.00405025482177735
0.00539016723632812 -0.0421218872070312 0.00358486175537109 0.0121250152587891
0.00589370727539063 -0.0384483337402344 -0.00130653381347656 0.0277347564697266
0.00406646728515625 -0.043792724609375 -0.00785446166992188 0.0370559692382813
0.0131034851074219 -0.0463752746582031 -0.0233535766601562 0.0358963012695313
0.0317230224609375 -0.0373268127441406 -0.0325832366943359 0.0304489135742187
0.0439567565917969 -0.0271186828613281 -0.0314807891845703 0.0116977691650391
0.0535469055175781 0.000232696533203125 -0.0227260589599609 0.0010223388671875
0.0602455139160156 0.0187339782714844 0.00452041625976563 0.0117063522338867
0.0537033081054688 0.030029296875 0.0141181945800781 0.0458717346191406
0.0379905700683594 0.0255279541015625 0.0571212768554688 -0.004241943359375
0.051422119140625 0.019744873046875 0.06011962890625 0.01458740234375
0.0472373962402344 0.0045928955078125 0.0421562194824219 0.00979232788085938
0.0418663024902344 -0.0133132934570313 0.0350513458251953 0.00797843933105469
0.0261096954345703 -0.0256080627441406 0.0202999114990234 0.00667381286621094
0.00858497619628907 -0.0344886779785156 0.00758647918701172 0.0114755630493164
-0.000648498535156248 -0.0281772613525391 0.00732040405273438 0.0276069641113281
0.00185966491699219 -0.0258140563964844 0.002197265625 0.041046142578125
0.00157546997070313 -0.0308818817138672 -0.00641250610351563 0.0486793518066406
0.00935554504394531 -0.033294677734375 -0.0249252319335937 0.0472640991210938
0.0252895355224609 -0.0266647338867188 -0.0344352722167969 0.0375175476074219
0.0359916687011719 -0.0188369750976562 -0.0317230224609375 0.0155277252197266
0.0436897277832031 0.00515365600585938 -0.0183887481689453 0.00254440307617188
0.0473175048828125 0.021484375 0.0171012878417969 0.017024040222168
0.0389633178710938 0.0283050537109375 0.028411865234375 0.0570945739746094
0.0170822143554688 0.013484001159668 0.0652198791503906 -0.00409317016601562
0.0306835174560547 0.0114917755126953 0.0636367797851562 0.0091094970703125
0.0280227661132813 -0.000318527221679688 0.0392417907714844 0.00709152221679687
0.0209980010986328 -0.0116977691650391 0.0292949676513672 0.0110511779785156
0.0101184844970703 -0.0167341232299805 0.0190887451171875 0.0130481719970703
-0.00227546691894531 -0.0177745819091797 0.0108375549316406 0.0214385986328125
-0.00381565093994141 -0.010655403137207 0.0113182067871094 0.0357131958007813
-0.00187206268310547 -0.00942134857177734 0.0068817138671875 0.0469589233398437
-0.00257205963134766 -0.0133495330810547 -0.00572967529296875 0.05596923828125
0.00232982635498047 -0.0166654586791992 -0.0274429321289063 0.0532417297363281
0.0140714645385742 -0.0151834487915039 -0.0368690490722656 0.0402374267578125
0.0219326019287109 -0.0112495422363281 -0.0332393646240234 0.0188560485839844
0.0280971527099609 0.00659942626953125 -0.0170354843139648 0.00542354583740234
0.0275821685791016 0.017303466796875 0.0215778350830078 0.0222072601318359
0.0174732208251953 0.0208816528320313 0.0354270935058594 0.0669517517089844
0.00294780731201172 0.00565958023071289 -0.0387229919433594 -0.0599441528320312
-0.00113296508789063 -0.00391864776611328 -0.0150737762451172 -0.0214786529541016
-0.00672435760498047 0.0018763542175293 0.0211658477783203 -0.00174140930175781
-0.000644207000732423 0.00637531280517578 0.0455665588378906 -0.0186271667480469
0.00506210327148438 0.00350475311279297 0.0448188781738281 -0.0396995544433594
0.00519704818725586 -0.0013279914855957 0.0290412902832031 -0.0611801147460937
0.00324726104736328 -0.00896072387695313 0.00438308715820313 -0.062652587890625
0.00366306304931641 -0.00752735137939453 -0.0113449096679687 -0.0475234985351563
0.00446844100952148 -0.00588703155517578 -0.0182876586914063 -0.0351905822753906
0.00728082656860351 -0.00445127487182617 -0.0203475952148438 -0.0274944305419922
0.00694084167480469 0.00127029418945313 -0.0285129547119141 -0.0156517028808594
-0.000733375549316406 0.00739765167236328 -0.0314712524414063 -0.0114669799804687
-0.00928306579589844 -7.05718994140619E-05 -0.0419502258300781 -0.0133476257324219
-0.0041508674621582 -0.00743865966796875 -0.0624465942382813 -0.00371170043945313
-0.00119543075561523 -0.00121033191680908 -0.0678672790527344 0.00284957885742187
0.0268325805664063 0.0220127105712891 -0.0297660827636719 -0.0555496215820312
0.0224189758300781 0.00901222229003906 -0.00451564788818359 -0.0155267715454102
0.0152969360351562 0.00847148895263672 0.0269031524658203 0.000562667846679688
0.0207939147949219 0.00552177429199219 0.0496101379394531 -0.0176048278808594
0.0210342407226562 -0.004180908203125 0.0460739135742188 -0.0374641418457031
0.0159759521484375 -0.0171222686767578 0.0273017883300781 -0.0583000183105469
0.00737571716308594 -0.0268592834472656 0.00330734252929687 -0.0563240051269531
0.00681877136230469 -0.0249347686767578 -0.0130691528320312 -0.0387115478515625
0.00601959228515625 -0.0268821716308594 -0.0208282470703125 -0.0268478393554687
0.0127582550048828 -0.0249805450439453 -0.0248184204101563 -0.0209331512451172
0.0196380615234375 -0.0153675079345703 -0.0328254699707031 -0.0106849670410156
0.0180320739746094 -0.0047760009765625 -0.0327911376953125 -0.00946617126464844
0.0126028060913086 -0.000225067138671875 -0.0411300659179688 -0.00875473022460937
0.0198383331298828 -0.000555038452148438 -0.0563774108886719 0.00223159790039062
0.0226249694824219 0.00860595703125 -0.0615806579589844 0.00878143310546874
0.0465507507324219 0.0354194641113281 -0.0150299072265625 -0.0454292297363281
0.0441741943359375 0.0219612121582031 0.00880050659179688 -0.0059213638305664
0.0368499755859375 0.0152702331542969 0.0338287353515625 0.00516891479492188
0.04083251953125 0.003448486328125 0.0532073974609375 -0.01318359375
0.0367965698242188 -0.0119743347167969 0.0448532104492188 -0.0324020385742188
0.0251102447509766 -0.030975341796875 0.0246238708496094 -0.0507011413574219
0.0106964111328125 -0.0412445068359375 0.00255203247070313 -0.0435295104980469
0.00821685791015625 -0.0387916564941406 -0.0116748809814453 -0.0247898101806641
0.0066375732421875 -0.0423088073730469 -0.0198955535888672 -0.0128307342529297
0.0144424438476562 -0.0429229736328125 -0.0276832580566406 -0.00905036926269531
0.0275917053222656 -0.0303840637207031 -0.0348930358886719 -0.00139236450195312
0.0316619873046875 -0.0184726715087891 -0.0349674224853516 -0.00497245788574219
0.0324649810791016 -0.00322532653808594 -0.03955078125 -0.00493621826171875
0.0417861938476563 0.00451278686523438 -0.04571533203125 0.00627517700195313
0.0439529418945312 0.0155868530273437 -0.0481796264648437 0.0167121887207031
0.0593795776367188 0.0420570373535156 0.00386238098144532 -0.0325984954833984
0.0606117248535156 0.0306434631347656 0.0241165161132813 0.00574874877929688
0.0553207397460938 0.0186691284179688 0.0403785705566406 0.0106773376464844
0.0567054748535156 -0.00106430053710938 0.0532951354980469 -0.00819778442382813
0.0466079711914062 -0.0206336975097656 0.0399856567382813 -0.024169921875
0.0295219421386719 -0.0423316955566406 0.0186653137207031 -0.0382843017578125
0.010833740234375 -0.0492095947265625 0.00135231018066406 -0.0261631011962891
0.00858688354492187 -0.0467605590820313 -0.00951194763183594 -0.00659751892089844
0.00558471679687499 -0.0511970520019531 -0.0160923004150391 0.0049142837524414
0.0148468017578125 -0.0530357360839844 -0.027984619140625 0.00703430175781249
0.0326194763183594 -0.0417861938476563 -0.0362586975097656 0.0106925964355469
0.0407905578613281 -0.0284957885742187 -0.0345344543457031 0.00152969360351562
0.0479049682617188 -0.00588607788085938 -0.0365142822265625 -0.0019073486328125
0.0580520629882813 0.00851058959960938 -0.0309276580810547 0.00800704956054688
0.0583915710449219 0.0221900939941406 -0.0285072326660156 0.0260505676269531
0.0616531372070313 0.0429344177246094 0.0252475738525391 -0.0193424224853516
0.0687179565429688 0.03326416015625 0.0403594970703125 0.0144577026367188
0.0640983581542969 0.0163459777832031 0.0441207885742188 0.01409912109375
0.0629425048828125 -0.00661849975585937 0.04949951171875 -0.000888824462890626
0.0486335754394531 -0.0263481140136719 0.0329704284667969 -0.0135040283203125
0.0278244018554687 -0.0468215942382813 0.0128097534179688 -0.0208930969238281
0.00872802734375 -0.0502471923828125 0.00124549865722656 -0.00570011138916016
0.00785064697265625 -0.0465469360351562 -0.00634670257568359 0.0121288299560547
0.00460052490234375 -0.0521621704101563 -0.0123443603515625 0.0235252380371094
0.0141029357910156 -0.054718017578125 -0.02667236328125 0.0230140686035156
0.033203125 -0.0444488525390625 -0.035797119140625 0.0219001770019531
0.0446357727050781 -0.03289794921875 -0.0336990356445313 0.00725555419921875
0.0562705993652344 -0.00540924072265625 -0.0304412841796875 -0.000488281250000006
0.0657997131347656 0.0135612487792969 -0.0128355026245117 0.00965404510498047
0.0625572204589844 0.0273094177246094 -0.0066070556640625 0.0366897583007813
0.0554962158203125 0.0373115539550781 0.0446357727050781 -0.00957489013671875
0.0658226013183594 0.0282974243164062 0.0537757873535156 0.0172233581542969
0.0612449645996094 0.0118598937988281 0.0458412170410156 0.0147438049316406
0.0581626892089844 -0.0114898681640625 0.0433349609375 0.00474166870117188
0.0414543151855469 -0.02947998046875 0.0260524749755859 -0.00202178955078125
0.0196037292480469 -0.0452690124511719 0.00830698013305664 -0.00308036804199219
0.0044097900390625 -0.0428047180175781 0.00268745422363281 0.0138120651245117
0.00514984130859375 -0.0395164489746094 -0.0010223388671875 0.029541015625
0.00305938720703125 -0.0447807312011719 -0.0088043212890625 0.0396575927734375
0.0122947692871094 -0.0478363037109375 -0.0253028869628906 0.0376663208007813
0.03179931640625 -0.038787841796875 -0.0348739624023438 0.0320663452148438
0.044921875 -0.0288162231445312 -0.0333175659179688 0.0122566223144531
0.0555610656738281 -0.000308990478515625 -0.0238246917724609 0.000785827636718751
0.0626907348632813 0.0191421508789063 0.00442981719970704 0.0124197006225586
0.0565185546875 0.0299186706542969 0.0132064819335938 0.0489578247070313
0.04022216796875 0.0253486633300781 0.0597457885742188 -0.00437164306640625
0.0533485412597656 0.0198822021484375 0.06292724609375 0.0149917602539063
0.0487747192382813 0.00443267822265625 0.043609619140625 0.0111770629882812
0.0428466796875 -0.0143241882324219 0.036651611328125 0.00909423828125
0.0271949768066406 -0.0269641876220703 0.0217323303222656 0.00870895385742187
0.00786018371582031 -0.0350055694580078 0.00864601135253906 0.0127401351928711
0.000143051147460937 -0.0290164947509766 0.00722885131835937 0.0290031433105469
0.00160598754882813 -0.0261268615722656 0.00347900390625 0.0417442321777344
0.00100898742675781 -0.0307235717773437 -0.00693511962890625 0.0509414672851563
0.0081329345703125 -0.0338363647460938 -0.0257225036621094 0.0490226745605469
0.0258312225341797 -0.0286846160888672 -0.0364990234375 0.0386581420898437
0.0368423461914063 -0.0200767517089844 -0.0330638885498047 0.0162601470947266
0.0453872680664063 0.005523681640625 -0.0188694000244141 0.00324630737304688
0.0488395690917969 0.0213623046875 0.0164546966552734 0.0171337127685547
0.0403327941894531 0.0282936096191406 0.0284500122070313 0.0600662231445313
0.0175695419311523 0.0127172470092773 0.0692939758300781 -0.00516891479492188
0.0312480926513672 0.0109634399414063 0.0655784606933594 0.0095672607421875
0.0291996002197266 -0.000606536865234375 0.0407333374023438 0.00834274291992188
0.0216121673583984 -0.0124835968017578 0.0316486358642578 0.0128593444824219
0.00934791564941406 -0.0185337066650391 0.0209770202636719 0.0153045654296875
-0.00352287292480469 -0.0175876617431641 0.0115699768066406 0.0226001739501953
-0.00395488739013672 -0.00960159301757813 0.0132675170898437 0.0375595092773437
-0.00130653381347656 -0.00898170471191406 0.00803756713867188 0.0484733581542969
-0.00248813629150391 -0.0122747421264648 -0.00625991821289063 0.0577888488769531
0.0012054443359375 -0.0165128707885742 -0.0283393859863281 0.0543975830078125
0.0136957168579102 -0.0163478851318359 -0.03924560546875 0.042205810546875
0.0224952697753906 -0.0109329223632812 -0.0349407196044922 0.0189952850341797
0.0279369354248047 0.00640487670898438 -0.0181598663330078 0.00537872314453125
0.0284843444824219 0.0169296264648438 0.0214309692382813 0.0228614807128906
0.0183677673339844 0.0201892852783203 0.0360145568847656 0.0695991516113281
0.00415945053100586 0.00685358047485352 -0.0414543151855469 -0.062164306640625
-0.00150156021118164 -0.00361704826354981 -0.0160732269287109 -0.0208663940429688
-0.00677108764648437 0.00224065780639649 0.0219497680664062 -0.0019073486328125
0.000365257263183593 0.00658321380615234 0.0470085144042969 -0.021087646484375
0.00501108169555664 0.00325870513916016 0.0462875366210938 -0.0427207946777344
0.00570297241210938 -0.00244235992431641 0.0274085998535156 -0.0649185180664063
0.00316715240478516 -0.0103788375854492 0.00201797485351563 -0.0648460388183594
0.00420379638671875 -0.00916671752929688 -0.0125541687011719 -0.0482063293457031
0.00456094741821289 -0.00801515579223633 -0.0217704772949219 -0.0357933044433594
0.00767850875854492 -0.00529813766479492 -0.0235347747802734 -0.0279693603515625
0.0080103874206543 0.00153398513793945 -0.0316944122314453 -0.0158405303955078
3.09944152832033E-05 0.0085897445678711 -0.0339794158935547 -0.0117511749267578
-0.00972461700439453 0.0015869140625 -0.0441169738769531 -0.014007568359375
-0.00506401062011719 -0.00714540481567383 -0.0643768310546875 -0.00217056274414062
-0.000752627849578857 0.000380039215087891 -0.0715866088867188 0.00643920898437501
0.0290203094482422 0.0220050811767578 -0.0318870544433594 -0.0568618774414063
0.0246677398681641 0.00886154174804688 -0.00548362731933594 -0.0149688720703125
0.0161838531494141 0.00889778137207031 0.0283184051513672 0.000844955444335938
0.0208702087402344 0.00388145446777344 0.0511245727539063 -0.0188674926757813
0.0228366851806641 -0.00505828857421875 0.046600341796875 -0.0391769409179688
0.0165958404541016 -0.0186290740966797 0.0261116027832031 -0.0618209838867188
0.00747108459472657 -0.0289096832275391 0.00214004516601562 -0.0586090087890625
0.00675773620605469 -0.0272083282470703 -0.0146369934082031 -0.0393714904785156
0.00514793395996094 -0.0284500122070313 -0.0234928131103516 -0.0262413024902344
0.0134735107421875 -0.0274925231933594 -0.0284137725830078 -0.021209716796875
0.0216789245605469 -0.0165004730224609 -0.0364036560058594 -0.0101737976074219
0.0194263458251953 -0.00460433959960938 -0.0358352661132813 -0.00982666015625
0.0127077102661133 0.000599861145019531 -0.0440826416015625 -0.00886154174804687
0.0205421447753906 -0.000148773193359375 -0.0591697692871094 0.00418090820312499
0.0246524810791016 0.00771331787109375 -0.0647811889648438 0.0125579833984375
0.0498580932617188 0.0347328186035156 -0.0157394409179687 -0.0464591979980469
0.0476150512695313 0.0215682983398438 0.00928211212158203 -0.00485897064208984
0.0391731262207031 0.0149917602539063 0.0363616943359375 0.00568008422851563
0.0427207946777344 0.0011749267578125 0.0552597045898438 -0.0148200988769531
0.0382957458496094 -0.0131797790527344 0.0457611083984375 -0.0343170166015625
0.0245285034179688 -0.0336399078369141 0.0228157043457031 -0.0527000427246094
0.009674072265625 -0.0441741943359375 0.000785827636718747 -0.0445632934570313
0.00724029541015625 -0.0414962768554688 -0.0127773284912109 -0.0244712829589844
0.0050811767578125 -0.0444564819335938 -0.0221271514892578 -0.0105915069580078
0.0141067504882813 -0.044677734375 -0.03009033203125 -0.00712394714355469
0.0285491943359375 -0.0330066680908203 -0.0385627746582031 9.15527343749935E-05
0.0321903228759766 -0.0189628601074219 -0.0381393432617188 -0.0039520263671875
0.0342922210693359 -0.0035858154296875 -0.0414772033691406 -0.00426483154296876
0.0434303283691406 0.003814697265625 -0.0479240417480469 0.00823974609375001
0.0468788146972656 0.0154991149902344 -0.0505485534667969 0.0208854675292969
0.0609245300292969 0.0421333312988281 0.00508880615234375 -0.0341968536376953
0.0653800964355469 0.02801513671875 0.0266437530517578 0.0058441162109375
0.0590705871582031 0.0186805725097656 0.0420913696289063 0.0117149353027344
0.0586433410644531 -0.00413894653320313 0.0557899475097656 -0.0077667236328125
0.0485572814941406 -0.0225296020507812 0.0413322448730469 -0.02703857421875
0.0293464660644531 -0.0458755493164063 0.0167198181152344 -0.0388755798339844
0.00974655151367188 -0.0517082214355469 0.000812530517578123 -0.0245895385742188
0.00677108764648437 -0.0485687255859375 -0.0101661682128906 -0.00571346282958985
0.0031585693359375 -0.05389404296875 -0.0194606781005859 0.00643730163574218
0.0135612487792969 -0.0561981201171875 -0.0299625396728516 0.00888061523437499
0.0323333740234375 -0.0449180603027344 -0.0395965576171875 0.0125732421875
0.0408287048339844 -0.032012939453125 -0.0381317138671875 0.0020751953125
0.0497016906738281 -0.0068206787109375 -0.0389938354492188 -0.000377655029296881
0.0602836608886719 0.00681686401367188 -0.0333709716796875 0.0111141204833984
0.0608139038085938 0.0201492309570313 -0.0305500030517578 0.0309524536132813
0.0676803588867188 0.0417251586914063 0.0267162322998047 -0.0202083587646484
0.0717926025390625 0.0307159423828125 0.0422019958496094 0.0154342651367188
0.0673332214355469 0.0165786743164063 0.0467147827148438 0.0153427124023438
0.0659103393554688 -0.0100517272949219 0.0519943237304688 -0.000953674316406251
0.0501251220703125 -0.0294227600097656 0.0341415405273438 -0.0130748748779297
0.0265846252441406 -0.0502815246582031 0.0118961334228516 -0.0213661193847656
0.007110595703125 -0.0532150268554687 0.000792026519775391 -0.00440502166748047
0.00620269775390625 -0.0492706298828125 -0.00572681427001953 0.013951301574707
0.00223922729492187 -0.0541191101074219 -0.0134658813476563 0.0258941650390625
0.0119667053222656 -0.0570793151855469 -0.0280246734619141 0.0263557434082031
0.032257080078125 -0.0479507446289063 -0.0377578735351563 0.0242843627929688
0.0456466674804687 -0.0364837646484375 -0.0361595153808594 0.00840377807617186
0.0578994750976563 -0.00661087036132813 -0.0327091217041016 0.00111198425292968
0.0682296752929688 0.0110702514648437 -0.0147647857666016 0.0114707946777344
0.0665054321289062 0.0262413024902344 -0.00710678100585937 0.0391654968261719
0.0601768493652344 0.0355300903320313 0.0475273132324219 -0.0119285583496094
0.0682563781738281 0.0262565612792969 0.0575027465820313 0.0182533264160156
0.0651016235351563 0.0106086730957031 0.0483894348144531 0.0160446166992188
0.0595932006835938 -0.0143928527832031 0.0466384887695313 0.00429534912109375
0.0421562194824219 -0.0325698852539063 0.0287990570068359 -0.00172042846679688
0.0187530517578125 -0.0466461181640625 0.00872945785522461 -0.00240373611450196
0.002716064453125 -0.0446701049804688 0.00349235534667969 0.0145835876464844
0.00409698486328125 -0.0409202575683594 -0.000295639038085934 0.0314674377441406
0.000885009765625004 -0.0467147827148438 -0.00890350341796875 0.0417251586914063
0.0101318359375 -0.0491447448730469 -0.0260047912597656 0.0414848327636719
0.0308189392089844 -0.0432968139648438 -0.0367584228515625 0.0347747802734375
0.0460014343261719 -0.0316238403320313 -0.035064697265625 0.0137290954589844
0.0579490661621094 -0.00266265869140625 -0.0258159637451172 0.0019683837890625
0.0663948059082031 0.0166130065917969 0.0046072006225586 0.0136728286743164
0.0594596862792969 0.0281448364257812 0.0138435363769531 0.0523872375488281
0.0415687561035156 0.0236167907714844 0.0634994506835938 -0.00732803344726562
0.0548477172851563 0.0178413391113281 0.0669212341308594 0.0136566162109375
0.0515060424804687 0.00304031372070312 0.0475997924804688 0.0116424560546875
0.0434722900390625 -0.0163345336914063 0.0385627746582031 0.0105056762695312
0.0269355773925781 -0.0288619995117188 0.0238208770751953 0.00812530517578125
0.00583267211914062 -0.0354461669921875 0.00993728637695313 0.0134372711181641
-0.00192451477050781 -0.0288200378417969 0.00956153869628906 0.0307941436767578
-0.000160217285156253 -0.0260829925537109 0.00560379028320313 0.0428047180175781
-0.000616073608398435 -0.0319080352783203 -0.00583267211914063 0.0531425476074219
0.00594139099121094 -0.0347423553466797 -0.0267601013183594 0.0527763366699219
0.0246200561523438 -0.0315818786621094 -0.0369224548339844 0.042449951171875
0.03662109375 -0.0218544006347656 -0.035186767578125 0.0185661315917969
0.046905517578125 0.0032501220703125 -0.0191154479980469 0.00271987915039063
0.0522193908691406 0.0186119079589844 0.0176811218261719 0.0188865661621094
0.0422286987304688 0.0273780822753906 0.0306396484375 0.0625152587890625
0.0190505981445313 0.0107364654541016 0.0716094970703125 -0.00942230224609375
0.0330715179443359 0.00885200500488281 0.0693702697753906 0.00751113891601563
0.0303478240966797 -0.00287055969238281 0.0442352294921875 0.00780105590820313
0.0206794738769531 -0.0139904022216797 0.0341510772705078 0.0131149291992187
0.008880615234375 -0.0200443267822266 0.0238761901855469 0.0156154632568359
-0.00511741638183593 -0.01837158203125 0.0144081115722656 0.0242481231689453
-0.00506210327148437 -0.0103111267089844 0.0155258178710938 0.0380058288574219
-0.00291252136230469 -0.0080866813659668 0.0101203918457031 0.050262451171875
-0.00303173065185547 -0.0121536254882812 -0.00446701049804687 0.0604591369628906
-0.000569343566894532 -0.0162715911865234 -0.0283546447753906 0.0585899353027344
0.0125408172607422 -0.0176372528076172 -0.0393295288085937 0.0443458557128906
0.0227222442626953 -0.0121612548828125 -0.0372962951660156 0.0208091735839844
0.0292758941650391 0.00525474548339844 -0.0183429718017578 0.00592803955078125
0.0301971435546875 0.0144634246826172 0.0235080718994141 0.0226593017578125
0.0200157165527344 0.0186843872070313 0.0391006469726563 0.0714340209960938
0.00603103637695312 0.00960922241210938 -0.0432815551757813 -0.0606765747070312
-0.000724554061889649 -0.00246047973632813 -0.0159015655517578 -0.0197105407714844
-0.00632190704345703 0.00275230407714844 0.0221958160400391 -0.00286865234375
0.00136184692382812 0.0086979866027832 0.0480804443359375 -0.02276611328125
0.00545310974121094 0.00255537033081055 0.0452041625976563 -0.0471878051757812
0.00699949264526367 -0.00470542907714844 0.0236701965332031 -0.0674476623535156
0.00276374816894531 -0.0120029449462891 -0.00125503540039063 -0.0656929016113281
0.00328540802001953 -0.0104904174804687 -0.0169754028320313 -0.0482025146484375
0.00512218475341797 -0.00957870483398438 -0.0245418548583984 -0.0339393615722656
0.0102348327636719 -0.00717353820800781 -0.0270099639892578 -0.0279064178466797
0.00950908660888672 0.00135421752929688 -0.0334644317626953 -0.0145587921142578
0.00257110595703125 0.00974845886230469 -0.0382118225097656 -0.0113677978515625
-0.00961875915527344 0.00215530395507812 -0.0492706298828125 -0.0126075744628906
-0.00550031661987305 -0.00608062744140625 -0.0672187805175781 0.000610351562499987
-0.00237298011779785 0.00101423263549805 -0.0741119384765625 0.0116043090820312
0.0304489135742188 0.0215721130371094 -0.033447265625 -0.0570755004882812
0.0260162353515625 0.0068817138671875 -0.00441360473632812 -0.013697624206543
0.018341064453125 0.00680160522460938 0.0310573577880859 -0.00101852416992187
0.0225906372070313 0.002593994140625 0.0521278381347656 -0.0235023498535156
0.0222911834716797 -0.00670242309570313 0.0473060607910156 -0.04315185546875
0.0169029235839844 -0.0211086273193359 0.0243606567382812 -0.0644607543945312
0.006500244140625 -0.0305824279785156 -0.00310516357421875 -0.0575103759765625
0.00550270080566406 -0.0283107757568359 -0.0164299011230469 -0.0385208129882813
0.00558280944824219 -0.0309524536132813 -0.0287036895751953 -0.02294921875
0.0120143890380859 -0.0273780822753906 -0.0310249328613281 -0.0194454193115234
0.0196266174316406 -0.0186004638671875 -0.0391197204589844 -0.00826263427734376
0.0208797454833984 -0.00513839721679688 -0.0382881164550781 -0.00799942016601562
0.0127983093261719 0.00192832946777344 -0.0455360412597656 -0.00616836547851563
0.0192737579345703 -0.000352859497070313 -0.0603523254394531 0.00780105590820313
0.0251808166503906 0.00742721557617187 -0.0659713745117188 0.0176124572753906
0.05267333984375 0.0342636108398438 -0.0189895629882812 -0.0479049682617188
0.0503158569335938 0.0190696716308594 0.00994014739990235 -0.00560665130615234
0.0416145324707031 0.0120773315429688 0.0380706787109375 0.00627899169921875
0.0450477600097656 -0.0011749267578125 0.0564079284667969 -0.0165481567382813
0.0372543334960938 -0.0161209106445313 0.0449066162109375 -0.0387840270996094
0.0228900909423828 -0.0335102081298828 0.0206832885742188 -0.0549201965332031
0.00642013549804688 -0.0449981689453125 -4.95910644531289E-05 -0.0436286926269531
0.00516510009765625 -0.0433082580566406 -0.0149002075195312 -0.0216484069824219
0.00177764892578125 -0.0472793579101563 -0.0237674713134766 -0.0072021484375
0.0120697021484375 -0.0474777221679687 -0.0361747741699219 -0.00451278686523438
0.0273857116699219 -0.0360298156738281 -0.0396041870117188 0.00259017944335938
0.0334415435791016 -0.0207786560058594 -0.0401458740234375 -0.0020599365234375
0.0331058502197266 -0.00548744201660156 -0.0444831848144531 -0.00124359130859374
0.0431327819824219 0.0003662109375 -0.048065185546875 0.0136032104492188
0.0482330322265625 0.0132293701171875 -0.0517005920410156 0.0252037048339844
0.0669021606445313 0.0405006408691406 0.00426101684570313 -0.0353431701660156
0.0683670043945313 0.0248985290527344 0.0286312103271484 0.00510978698730469
0.0616073608398437 0.0140190124511719 0.04498291015625 0.0127334594726563
0.0583992004394531 -0.00709152221679688 0.0571746826171875 -0.0105972290039062
0.048614501953125 -0.0241966247558594 0.04058837890625 -0.0264320373535156
0.027130126953125 -0.0480079650878906 0.0151863098144531 -0.0401344299316406
0.00728607177734375 -0.0517120361328125 -0.00103569030761719 -0.0259971618652344
0.004669189453125 -0.050933837890625 -0.0084834098815918 -0.00445032119750977
-0.00180816650390625 -0.0543556213378906 -0.0184478759765625 0.00989913940429688
0.00882720947265625 -0.0586662292480469 -0.03192138671875 0.0105781555175781
0.0255813598632813 -0.0486526489257813 -0.0392227172851563 0.01519775390625
0.03955078125 -0.0334358215332031 -0.0419502258300781 0.00664901733398437
0.0507659912109375 -0.0104713439941406 -0.0404167175292969 0.000690460205078116
0.0633087158203125 0.00400924682617188 -0.0329265594482422 0.0127849578857422
0.0626106262207031 0.0164833068847656 -0.0323009490966797 0.033538818359375
0.0697402954101563 0.0380439758300781 0.0257682800292969 -0.0227432250976562
0.074462890625 0.0249557495117187 0.0457420349121094 0.0146255493164063
0.0693473815917969 0.0112495422363281 0.0497398376464844 0.0159454345703125
0.0656890869140625 -0.0148696899414063 0.0557022094726563 -0.00470352172851563
0.0489692687988281 -0.0331764221191406 0.0367851257324219 -0.0151214599609375
0.0251235961914063 -0.0531082153320313 0.0122241973876953 -0.0205211639404297
0.00452804565429687 -0.0554924011230469 0.0017387866973877 -0.00306725502014161
0.00266647338867188 -0.0499992370605469 -0.00498199462890625 0.0146903991699219
-0.00072097778320313 -0.0556221008300781 -0.0134601593017578 0.028533935546875
0.00615692138671875 -0.0581474304199219 -0.0269432067871094 0.0276737213134766
0.0286026000976563 -0.0527572631835937 -0.0376968383789063 0.0296096801757813
0.0438270568847656 -0.0398139953613281 -0.0386886596679688 0.0120162963867188
0.0607948303222656 -0.0105171203613281 -0.0329933166503906 0.00238037109375
0.071502685546875 0.00733184814453125 -0.0134983062744141 0.0140504837036133
0.0677223205566406 0.02264404296875 -0.00532913208007812 0.0451126098632812
0.0613784790039063 0.0319480895996094 0.0483589172363281 -0.0156364440917969
0.0725860595703125 0.0205154418945313 0.0607528686523438 0.0144233703613281
0.0662117004394531 0.006683349609375 0.0503005981445313 0.0142135620117188
0.0598526000976563 -0.019378662109375 0.04876708984375 0.00362777709960937
0.0410537719726563 -0.0360107421875 0.0296745300292969 -0.00402069091796875
0.015533447265625 -0.0471115112304687 0.00842952728271485 -0.000917911529541018
-0.00160598754882813 -0.0436973571777344 0.00625038146972656 0.0157060623168945
0.00111770629882812 -0.0417327880859375 0.00267410278320312 0.0331916809082031
-0.00387954711914063 -0.0466156005859375 -0.006195068359375 0.0448455810546875
0.00796127319335937 -0.0506591796875 -0.0261306762695313 0.0443000793457031
0.0279045104980469 -0.0465812683105469 -0.0366554260253906 0.0389900207519531
0.0416450500488281 -0.0347633361816406 -0.0356636047363281 0.0167617797851562
0.0596580505371094 -0.00512313842773438 -0.0260639190673828 0.00414085388183594
0.0680694580078125 0.0106544494628906 0.00400352478027344 0.0130805969238281
0.0627555847167969 0.0245018005371094 0.0168952941894531 0.0556831359863281
0.0423011779785156 0.0207977294921875 0.0654640197753906 -0.0113945007324219
0.0572662353515625 0.0150337219238281 0.0679435729980469 0.01141357421875
0.0527191162109375 -0.000457763671875 0.0470008850097656 0.0114898681640625
0.0430641174316406 -0.0214958190917969 0.0419044494628906 0.00903701782226562
0.0260295867919922 -0.0304222106933594 0.025543212890625 0.00848579406738281
0.00514984130859375 -0.0371513366699219 0.0116415023803711 0.0155038833618164
-0.00511741638183594 -0.0288410186767578 0.01220703125 0.0302276611328125
-0.00358009338378906 -0.0281486511230469 0.010589599609375 0.0450553894042969
-0.00319480895996094 -0.0309562683105469 -0.00350189208984375 0.0535888671875
0.00387954711914062 -0.0354232788085938 -0.0245704650878906 0.0572395324707031
0.0198974609375 -0.0341815948486328 -0.0381622314453125 0.0467910766601563
0.0360183715820313 -0.0260047912597656 -0.0361404418945313 0.0198211669921875
0.0487785339355469 -0.00086212158203125 -0.0203723907470703 0.00244522094726563
0.0547409057617188 0.0153694152832031 0.0189323425292969 0.0189666748046875
0.0459785461425781 0.0238609313964844 0.0337867736816406 0.0636825561523438
0.0205116271972656 0.00995635986328125 0.0748367309570312 -0.01348876953125
0.0352516174316406 0.0082244873046875 0.0706329345703125 0.00432586669921875
0.0317878723144531 -0.00656700134277344 0.0456924438476562 0.00710296630859375
0.0207176208496094 -0.0153560638427734 0.037445068359375 0.01263427734375
0.00664901733398438 -0.0202217102050781 0.0258731842041016 0.0162200927734375
-0.00940322875976562 -0.0175037384033203 0.0160121917724609 0.0250968933105469
-0.00649881362915039 -0.00852251052856445 0.0178489685058594 0.0367088317871094
-0.00327396392822266 -0.00890254974365234 0.0133247375488281 0.0493583679199219
-0.00518226623535156 -0.01202392578125 0.000881195068359381 0.0628089904785156
-0.00104427337646485 -0.0151605606079102 -0.0259895324707031 0.0608100891113281
0.0122890472412109 -0.0189380645751953 -0.0380859375 0.0496826171875
0.0221805572509766 -0.0157203674316406 -0.036468505859375 0.0261116027832031
0.0319690704345703 0.00371170043945313 -0.0197124481201172 0.00766754150390625
0.0305156707763672 0.0127220153808594 0.0229282379150391 0.0205097198486328
0.0201568603515625 0.0168781280517578 0.04193115234375 0.0719528198242188
0.00580120086669922 0.00967884063720703 -0.0465278625488281 -0.0588569641113281
-0.000738382339477539 -0.00190997123718262 -0.0168170928955078 -0.01861572265625
-0.00594186782836914 0.00384187698364258 0.0241127014160156 -0.00354194641113281
0.00153779983520508 0.00685644149780273 0.0465316772460938 -0.0266914367675781
0.00667858123779297 0.0014958381652832 0.0422554016113281 -0.0483016967773438
0.00738286972045898 -0.00496959686279297 0.0198554992675781 -0.0690574645996094
0.0017995834350586 -0.0136823654174805 -0.00568389892578125 -0.0657424926757813
0.00303554534912109 -0.0123672485351562 -0.0198593139648438 -0.0456008911132813
0.0053558349609375 -0.0110692977905273 -0.0274372100830078 -0.0311679840087891
0.00973701477050781 -0.00754356384277344 -0.0291118621826172 -0.024444580078125
0.00980186462402344 3.52859497070312E-05 -0.0365791320800781 -0.0126075744628906
0.00388717651367187 0.0102348327636719 -0.0376853942871094 -0.00971984863281251
-0.00951576232910156 0.00404739379882812 -0.048858642578125 -0.0112648010253906
-0.00741672515869141 -0.00384521484375 -0.0663833618164063 0.00480270385742189
-0.00195693969726563 0.00308895111083984 -0.0723953247070313 0.0174331665039063
0.0328483581542969 0.0210781097412109 -0.0365867614746094 -0.0543746948242187
0.026458740234375 0.00690460205078125 -0.00474262237548828 -0.0137662887573242
0.0190277099609375 0.00662040710449219 0.0309982299804687 -0.000888824462890624
0.0236587524414063 0.00204277038574219 0.0513343811035156 -0.0237464904785156
0.0221481323242188 -0.00940322875976563 0.0440902709960938 -0.0455245971679688
0.0148639678955078 -0.0234355926513672 0.01995849609375 -0.0636520385742188
0.00326156616210937 -0.0325164794921875 -0.00497817993164062 -0.0571441650390625
0.00271797180175781 -0.0310020446777344 -0.0182075500488281 -0.0352935791015625
0.00317764282226562 -0.0321197509765625 -0.0287303924560547 -0.0210666656494141
0.0115833282470703 -0.0301876068115234 -0.0341529846191406 -0.0158462524414062
0.0201740264892578 -0.0195484161376953 -0.0399246215820313 -0.00543975830078126
0.0202198028564453 -0.00572776794433594 -0.0398483276367187 -0.00578689575195312
0.0126628875732422 0.00135421752929688 -0.0470771789550781 -0.00464248657226563
0.0184669494628906 -0.00083160400390625 -0.060150146484375 0.0118942260742188
0.0253391265869141 0.00798225402832031 -0.0650901794433594 0.0235977172851563
0.0548133850097656 0.0306472778320313 -0.0194625854492187 -0.0451698303222656
0.0510940551757813 0.0156631469726563 0.0114269256591797 -0.00383663177490234
0.0431861877441406 0.0109062194824219 0.0398292541503906 0.00440216064453125
0.0438957214355469 -0.00480270385742188 0.0558204650878906 -0.0195083618164063
0.0363616943359375 -0.019439697265625 0.0426864624023438 -0.0385513305664063
0.0214118957519531 -0.0386810302734375 0.0177001953125 -0.0535774230957031
0.0041046142578125 -0.0467948913574219 -0.00329971313476562 -0.0423812866210938
0.0019683837890625 -0.0443572998046875 -0.0156459808349609 -0.0210971832275391
-0.000194549560546875 -0.0477218627929688 -0.0253944396972656 -0.00543785095214844
0.0093231201171875 -0.0478477478027344 -0.0351352691650391 -0.00181770324707031
0.0248374938964844 -0.0370368957519531 -0.0422897338867188 0.00567626953124999
0.0319137573242188 -0.0237922668457031 -0.0413360595703125 -0.000274658203124997
0.0332813262939453 -0.00606918334960937 -0.0440406799316406 0.000381469726562508
0.0432205200195313 -0.000530242919921875 -0.0473289489746094 0.0157546997070312
0.0477523803710938 0.0107307434082031 -0.0506591796875 0.0308113098144531
0.0685081481933594 0.0365104675292969 0.00280189514160156 -0.033782958984375
0.0682640075683594 0.0215263366699219 0.0296401977539063 0.00616645812988281
0.0619850158691406 0.0101585388183594 0.0464859008789063 0.00992202758789063
0.059234619140625 -0.0127601623535156 0.0569534301757813 -0.0133056640625
0.0456275939941406 -0.0299072265625 0.0399665832519531 -0.0292205810546875
0.0241775512695313 -0.0500221252441406 0.0136756896972656 -0.0384483337402344
0.00274658203125 -0.0539054870605469 -0.00209808349609375 -0.0237903594970703
0.000770568847656253 -0.0519142150878906 -0.00940418243408203 -0.00247764587402344
-0.00369644165039063 -0.0550346374511719 -0.0191936492919922 0.0131492614746094
0.00628662109375 -0.05780029296875 -0.0321712493896484 0.0153026580810547
0.0278663635253906 -0.0496177673339844 -0.0407752990722656 0.0193405151367187
0.039764404296875 -0.0371437072753906 -0.0397567749023438 0.0068359375
0.0496177673339844 -0.0122947692871094 -0.0399589538574219 0.00388717651367187
0.0609512329101562 -6.103515625E-05 -0.0315284729003906 0.0173110961914062
0.0645904541015625 0.0137519836425781 -0.0286178588867188 0.0381088256835937
0.0699119567871094 0.0347900390625 0.0264854431152344 -0.0247116088867187
0.0758438110351563 0.0212783813476563 0.0456962585449219 0.0118904113769531
0.070953369140625 0.00775909423828125 0.0516815185546875 0.01470947265625
0.0649452209472656 -0.0178031921386719 0.0553855895996094 -0.00457763671875
0.0459556579589844 -0.0365829467773438 0.0352249145507813 -0.0165481567382813
0.0205192565917969 -0.0533790588378906 0.0113487243652344 -0.0197257995605469
0.000461578369140622 -0.0524826049804688 0.00136733055114746 -0.00376248359680176
-0.00114059448242188 -0.04974365234375 -0.0027313232421875 0.0165843963623047
-0.00556564331054687 -0.055450439453125 -0.0110893249511719 0.0312023162841797
0.00334167480468749 -0.0587730407714844 -0.0280342102050781 0.0326080322265625
0.0257530212402344 -0.0525550842285156 -0.0378036499023438 0.0314407348632813
0.0404586791992188 -0.0420455932617188 -0.03857421875 0.0140609741210938
0.0577850341796875 -0.0143699645996094 -0.0337848663330078 0.00513648986816406
0.070343017578125 0.00299072265625 -0.0135908126831055 0.0151910781860352
0.0689239501953125 0.0172996520996094 -0.00445556640625 0.045379638671875
0.0640335083007813 0.0284233093261719 0.0465469360351563 -0.017547607421875
0.0704879760742188 0.0167312622070313 0.0608367919921875 0.0134658813476563
0.06640625 0.00255584716796875 0.052581787109375 0.0149002075195313
0.0580291748046875 -0.0227928161621094 0.0488471984863281 0.00303268432617187
0.0370140075683594 -0.0377082824707031 0.0309944152832031 -0.003265380859375
0.012176513671875 -0.0480613708496094 0.0110054016113281 4.86373901367158E-05
-0.00339889526367188 -0.0447235107421875 0.00671100616455078 0.016270637512207
-0.00250625610351563 -0.0407943725585938 0.00395011901855469 0.0317726135253906
-0.00489425659179688 -0.0458145141601563 -0.00529861450195313 0.0449333190917969
0.00170516967773437 -0.0489959716796875 -0.0237770080566406 0.0470161437988281
0.0238380432128906 -0.0456771850585938 -0.0344734191894531 0.0413246154785156
0.0399360656738281 -0.0387382507324219 -0.0353050231933594 0.0197105407714844
0.0578765869140625 -0.0100784301757812 -0.0269374847412109 0.00579071044921874
0.0688743591308594 0.00740432739257813 0.00568103790283203 0.0142765045166016
0.062286376953125 0.0196762084960938 0.0187034606933594 0.0551986694335937
0.0449104309082031 0.0173683166503906 0.0633277893066406 -0.0170097351074219
0.0573158264160156 0.00946426391601563 0.0685844421386719 0.00856781005859375
0.0529365539550781 -0.00318145751953125 0.0487556457519531 0.0110206604003906
0.0421409606933594 -0.0235977172851562 0.0430107116699219 0.00789642333984375
0.0226345062255859 -0.0331001281738281 0.0269699096679688 0.00807762145996094
0.000663757324218748 -0.0356864929199219 0.0132722854614258 0.0153188705444336
-0.00579071044921875 -0.0278587341308594 0.0146007537841797 0.0293254852294922
-0.00398445129394532 -0.0250377655029297 0.0104446411132812 0.0432624816894531
-0.00554656982421875 -0.0283718109130859 1.90734863281245E-05 0.0555343627929688
0.00076866149902344 -0.0332889556884766 -0.0211105346679688 0.0567817687988281
0.0181159973144531 -0.0335216522216797 -0.0347099304199219 0.0480575561523438
0.0324230194091797 -0.0275020599365234 -0.03424072265625 0.0240993499755859
0.0475616455078125 -0.0037994384765625 -0.0206489562988281 0.00656127929687501
0.0532569885253906 0.0102653503417969 0.0194492340087891 0.0166072845458984
0.0462646484375 0.018646240234375 0.0355682373046875 0.0637397766113281
0.0203647613525391 0.00869178771972656 0.0721054077148438 -0.019317626953125
0.033111572265625 0.00206184387207031 0.070068359375 0.000537872314453125
0.0302696228027344 -0.00753974914550781 0.0456924438476563 0.00708389282226562
0.0193271636962891 -0.0189781188964844 0.0388450622558594 0.0106201171875
0.0040435791015625 -0.0215091705322266 0.0276317596435547 0.0140895843505859
-0.00963783264160156 -0.0157299041748047 0.0197792053222656 0.0231189727783203
-0.00795555114746094 -0.00716066360473633 0.0213508605957031 0.0352935791015625
-0.00331783294677734 -0.00689268112182617 0.0159797668457031 0.0477104187011719
-0.00534248352050781 -0.00869131088256836 0.00224685668945313 0.0613937377929688
-0.00361537933349609 -0.01409912109375 -0.0234260559082031 0.0620384216308594
0.00827598571777344 -0.0181484222412109 -0.0361595153808594 0.0498886108398438
0.0191020965576172 -0.0152988433837891 -0.0356864929199219 0.0269203186035156
0.0295486450195313 0.00150108337402344 -0.0197868347167969 0.00680732727050781
0.0307712554931641 0.00924491882324219 0.0234088897705078 0.0193748474121094
0.0214061737060547 0.0133857727050781 0.04510498046875 0.0701904296875
0.00657272338867188 0.0105609893798828 -0.0460357666015625 -0.0565719604492187
-8.76188278198242E-05 -0.00115370750427246 -0.0160627365112305 -0.0166893005371094
-0.00386667251586914 0.00439929962158203 0.0245933532714844 -0.00370407104492188
0.00284147262573242 0.00615406036376953 0.0448493957519531 -0.0262832641601563
0.00727605819702148 0.000497817993164062 0.0396842956542969 -0.0491981506347656
0.00745153427124024 -0.00634860992431641 0.017425537109375 -0.0681190490722656
0.00173473358154297 -0.0147914886474609 -0.0081024169921875 -0.0636100769042969
0.00263309478759766 -0.013667106628418 -0.0199737548828125 -0.0436782836914063
0.00579738616943359 -0.0128631591796875 -0.0283298492431641 -0.0284805297851562
0.0104856491088867 -0.00907421112060547 -0.0317230224609375 -0.0226840972900391
0.0109939575195312 -0.000771522521972656 -0.0371017456054688 -0.0116958618164063
0.00485992431640625 0.00950527191162109 -0.0387191772460937 -0.00894165039062501
-0.00924110412597656 0.00596809387207031 -0.0491104125976563 -0.0100746154785156
-0.00826644897460938 -0.00170564651489258 -0.0647239685058594 0.00663757324218751
-0.00113224983215332 0.00422072410583496 -0.07037353515625 0.0199203491210937
0.0337543487548828 0.021148681640625 -0.0358848571777344 -0.0523147583007813
0.0259571075439453 0.00613594055175781 -0.00417900085449218 -0.0115547180175781
0.0201416015625 0.00634002685546875 0.0317668914794922 -0.000461578369140625
0.0235557556152344 0.000385284423828125 0.0501937866210938 -0.0245361328125
0.02252197265625 -0.0110664367675781 0.0415000915527344 -0.0451812744140625
0.0147686004638672 -0.0242557525634766 0.0169715881347656 -0.0622749328613281
0.00208282470703125 -0.0328578948974609 -0.00692367553710938 -0.0547637939453125
0.00148773193359375 -0.0312728881835938 -0.0192279815673828 -0.0333690643310547
0.003082275390625 -0.0326881408691406 -0.0288200378417969 -0.0180873870849609
0.0113029479980469 -0.0304889678955078 -0.0351676940917969 -0.0129928588867188
0.0203189849853516 -0.0196437835693359 -0.0412788391113281 -0.00408935546875
0.0210952758789063 -0.00660514831542969 -0.0404167175292969 -0.00508117675781251
0.013188362121582 0.0023651123046875 -0.0462532043457031 -0.00328445434570313
0.0177669525146484 0.000370025634765625 -0.0576095581054688 0.0138740539550781
0.0247344970703125 0.00806045532226563 -0.0634040832519531 0.0266189575195313
0.0552864074707031 0.0290603637695313 -0.01873779296875 -0.0438690185546875
0.0500335693359375 0.0138282775878906 0.012232780456543 -0.00304889678955078
0.0429344177246094 0.00942611694335938 0.0403594970703125 0.00458526611328125
0.0429801940917969 -0.00597000122070312 0.0554084777832031 -0.0203590393066406
0.0357131958007813 -0.0220947265625 0.0418281555175781 -0.0383682250976563
0.0206031799316406 -0.0385475158691406 0.0150833129882812 -0.0514030456542969
0.00223159790039063 -0.0465660095214844 -0.00453948974609375 -0.0403633117675781
-0.000213623046875001 -0.0445976257324219 -0.0153579711914063 -0.0185604095458984
-0.00116348266601562 -0.0471839904785156 -0.0252971649169922 -0.00292015075683594
0.00804519653320312 -0.0472373962402344 -0.0353775024414063 0.00111770629882812
0.0243110656738281 -0.0372810363769531 -0.0426216125488281 0.00771713256835937
0.0318202972412109 -0.0235614776611328 -0.0409622192382813 0.00164413452148437
0.0330562591552734 -0.00551795959472656 -0.0446395874023438 0.00251007080078124
0.0410728454589844 -0.00037384033203125 -0.04656982421875 0.0180473327636719
0.0470809936523438 0.00990676879882813 -0.0479965209960937 0.0339698791503906
0.0681343078613281 0.0328636169433594 0.00261878967285157 -0.0334911346435547
0.0665245056152344 0.0181770324707031 0.0301513671875 0.00629997253417969
0.0618820190429687 0.00938796997070313 0.0475997924804688 0.010467529296875
0.0583534240722656 -0.0136985778808594 0.0580940246582031 -0.0127830505371094
0.0435295104980469 -0.0314445495605469 0.0389938354492188 -0.0273971557617188
0.0215721130371094 -0.0486373901367187 0.0135307312011719 -0.0359458923339844
0.00101089477539063 -0.053375244140625 -0.00207328796386719 -0.0222759246826172
-0.00100326538085937 -0.0503654479980469 -0.00975608825683594 -0.000507354736328127
-0.00498199462890624 -0.0540580749511719 -0.0183181762695313 0.0150432586669922
0.003662109375 -0.0562591552734375 -0.0322647094726563 0.0185222625732422
0.02459716796875 -0.0489768981933594 -0.0407867431640625 0.0216903686523437
0.0370140075683594 -0.0374259948730469 -0.0410842895507812 0.00873184204101563
0.0480766296386719 -0.0131797790527344 -0.0398292541503906 0.00594711303710938
0.0591239929199219 -0.000957489013671875 -0.0309219360351562 0.0181522369384766
0.0622711181640625 0.0113945007324219 -0.0271568298339844 0.0406608581542969
0.0706787109375 0.031219482421875 0.0257949829101563 -0.0243759155273437
0.0731887817382813 0.0177993774414062 0.0473747253417969 0.0126953125
0.0701522827148438 0.006317138671875 0.0525474548339844 0.0138473510742188
0.0620536804199219 -0.0203628540039063 0.0554389953613281 -0.00487518310546875
0.0429649353027344 -0.0375213623046875 0.0354957580566406 -0.0151443481445313
0.0173683166503906 -0.0518074035644531 0.0108890533447266 -0.0176715850830078
-0.001129150390625 -0.0518646240234375 0.00190854072570801 -0.00237512588500977
-0.00286483764648438 -0.04864501953125 -0.00261020660400391 0.0168228149414063
-0.006378173828125 -0.0523796081542969 -0.0107288360595703 0.0319957733154297
0.000972747802734377 -0.0557899475097656 -0.0268363952636719 0.0344409942626953
0.0235519409179687 -0.0519905090332031 -0.0369911193847656 0.0333976745605469
0.0389060974121094 -0.0433540344238281 -0.0379600524902344 0.0162010192871094
0.0552482604980469 -0.0159988403320313 -0.0330524444580078 0.0070343017578125
0.0679054260253906 -0.000110626220703125 -0.0126838684082031 0.0163698196411133
0.0680427551269531 0.0138206481933594 -0.00318908691406249 0.0471000671386719
0.0623054504394531 0.0244598388671875 0.0462226867675781 -0.0183792114257813
0.068603515625 0.0135574340820313 0.0594406127929688 0.0126380920410156
0.0657005310058594 0.000640869140625 0.0529823303222656 0.0144271850585937
0.0554275512695313 -0.02435302734375 0.0501937866210937 0.001861572265625
0.0338973999023438 -0.0385780334472656 0.0307941436767578 -0.00248527526855469
0.00883102416992187 -0.0466575622558594 0.0121126174926758 0.00117778778076172
-0.00461578369140625 -0.0422096252441406 0.00782012939453125 0.0153913497924805
-0.0039215087890625 -0.0394210815429688 0.00574302673339844 0.0320682525634766
-0.0069732666015625 -0.0426368713378906 -0.00319671630859375 0.0458908081054688
-0.000865936279296874 -0.0473251342773438 -0.02215576171875 0.0482101440429688
0.0210304260253906 -0.0457305908203125 -0.0335578918457031 0.0428504943847656
0.0371932983398438 -0.0387115478515625 -0.0356636047363281 0.0205764770507812
0.0559043884277344 -0.0122489929199219 -0.0267143249511719 0.0068511962890625
0.0650787353515625 0.00414276123046875 0.00524139404296875 0.0149917602539063
0.0610923767089844 0.0162086486816406 0.0195388793945313 0.0548629760742188
0.0438232421875 0.0149078369140625 0.0605392456054688 -0.01806640625
0.0551986694335937 0.00640106201171875 0.0675926208496094 0.00673675537109375
0.0507965087890625 -0.00573348999023438 0.0496978759765625 0.0099945068359375
0.0382270812988281 -0.0254936218261719 0.0440483093261719 0.00805282592773437
0.0185260772705078 -0.0331134796142578 0.0284175872802734 0.00739860534667969
-0.00258445739746094 -0.0327491760253906 0.0151662826538086 0.0146856307983398
-0.00753211975097656 -0.0259513854980469 0.0156574249267578 0.0283927917480469
-0.00494766235351562 -0.0241584777832031 0.0120086669921875 0.0419425964355469
-0.00634574890136719 -0.0261516571044922 0.00203704833984375 0.0561065673828125
-0.00205039978027344 -0.0313396453857422 -0.0202217102050781 0.0578193664550781
0.0158710479736328 -0.0325050354003906 -0.0325393676757813 0.0486907958984375
0.0301342010498047 -0.0285129547119141 -0.0338268280029297 0.024749755859375
0.0450706481933594 -0.00543212890625 -0.0208969116210937 0.00704002380371094
0.0516738891601563 0.007293701171875 0.0181751251220703 0.0164375305175781
0.0446929931640625 0.0154800415039063 0.0365791320800781 0.0623970031738281
0.0194416046142578 0.00538825988769531 0.0693283081054687 -0.0222091674804687
0.0321788787841797 0.000375747680664063 0.0686912536621094 -0.00140762329101563
0.0298271179199219 -0.00941276550292969 0.0457420349121094 0.00635528564453125
0.0174808502197266 -0.0198612213134766 0.0391921997070312 0.011138916015625
0.00160789489746094 -0.0205230712890625 0.0290431976318359 0.0131149291992187
-0.0111074447631836 -0.0133333206176758 0.0216312408447266 0.0223541259765625
-0.00823450088500976 -0.00492095947265625 0.0222282409667969 0.0329532623291016
-0.00443887710571289 -0.00549697875976563 0.0177688598632812 0.0446624755859375
-0.00628376007080078 -0.00693607330322266 0.00353240966796875 0.0599136352539063
-0.00528526306152344 -0.012476921081543 -0.02044677734375 0.0619125366210937
0.00605964660644531 -0.0175724029541016 -0.0335655212402344 0.0508384704589844
0.017547607421875 -0.0164079666137695 -0.0347728729248047 0.026458740234375
0.0282135009765625 -0.000728607177734375 -0.0199794769287109 0.00789451599121094
0.0292034149169922 0.00648880004882812 0.0224704742431641 0.0187950134277344
0.0203571319580078 0.011199951171875 0.0452651977539062 0.0678253173828125
0.007537841796875 0.0120258331298828 -0.0446968078613281 -0.0568695068359375
0.000430583953857422 -0.000560402870178223 -0.0138578414916992 -0.016261100769043
-0.00275135040283203 0.00460624694824219 0.0255107879638672 -0.00388717651367187
0.00426006317138672 0.0054774284362793 0.0456504821777344 -0.0262451171875
0.00862741470336914 -0.000386714935302734 0.0387649536132813 -0.0487747192382812
0.00779438018798828 -0.00841379165649414 0.0167312622070313 -0.067047119140625
0.00102519989013672 -0.0165786743164063 -0.00812149047851563 -0.0624351501464844
0.00231552124023438 -0.0149812698364258 -0.0199775695800781 -0.0415802001953125
0.00505924224853516 -0.0145854949951172 -0.0285243988037109 -0.026763916015625
0.0114498138427734 -0.0101757049560547 -0.0322971343994141 -0.02166748046875
0.0123214721679688 -0.00105762481689453 -0.0387840270996094 -0.0110397338867187
0.00658512115478516 0.00959873199462891 -0.0391616821289063 -0.00868988037109376
-0.00851297378540039 0.00719499588012695 -0.0496902465820313 -0.0108222961425781
-0.00810480117797852 0.000295639038085936 -0.0643196105957031 0.00650024414062499
-0.00130891799926758 0.00597620010375977 -0.0689773559570313 0.0210037231445313
0.0343132019042969 0.0218429565429687 -0.0338973999023438 -0.0516891479492188
0.0265312194824219 0.00649070739746094 -0.00222492218017578 -0.0108451843261719
0.0209407806396484 0.00650978088378906 0.0329380035400391 -0.000690460205078125
0.0242347717285156 -0.0006103515625 0.0508270263671875 -0.0240898132324219
0.0222549438476563 -0.0117721557617188 0.0412101745605469 -0.0442314147949219
0.0146408081054688 -0.0251388549804687 0.0168724060058594 -0.0606765747070313
0.00161170959472656 -0.0341396331787109 -0.00692367553710938 -0.0529289245605469
0.00100135803222656 -0.0320224761962891 -0.0186214447021484 -0.0317058563232422
0.00314521789550782 -0.0338077545166016 -0.0288753509521484 -0.0160121917724609
0.0116767883300781 -0.03167724609375 -0.0356979370117187 -0.0118904113769531
0.0219573974609375 -0.0195846557617187 -0.0421371459960938 -0.00260925292968749
0.0223770141601563 -0.00569915771484375 -0.0417366027832031 -0.00495910644531249
0.0138559341430664 0.00397872924804688 -0.0467491149902344 -0.00356674194335937
0.0172176361083984 0.00226497650146484 -0.0572738647460937 0.0139389038085938
0.0242271423339844 0.00937652587890625 -0.0619010925292969 0.0289192199707031
0.0545845031738281 0.0292282104492188 -0.0174942016601562 -0.0436325073242188
0.0488624572753906 0.01324462890625 0.0138559341430664 -0.00153827667236328
0.0437774658203125 0.00842666625976563 0.0417747497558594 0.0056915283203125
0.0428619384765625 -0.00652694702148438 0.056396484375 -0.0192184448242188
0.0349826812744141 -0.0228328704833984 0.0419998168945312 -0.0373268127441406
0.0205345153808594 -0.039520263671875 0.0156097412109375 -0.0491065979003906
0.00138473510742187 -0.0465126037597656 -0.00458908081054688 -0.0386505126953125
-0.00048446655273438 -0.0445175170898438 -0.0143556594848633 -0.0164670944213867
-0.0013275146484375 -0.0476646423339844 -0.02490234375 3.81469726562346E-06
0.00794219970703126 -0.047210693359375 -0.0356712341308594 0.00352096557617188
0.0243911743164063 -0.036529541015625 -0.0436859130859375 0.00923538208007812
0.0319995880126953 -0.0233421325683594 -0.0423088073730469 0.00267791748046876
0.0330734252929688 -0.00381088256835938 -0.0440254211425781 0.00249481201171875
0.0403861999511719 0.00116729736328125 -0.0453529357910156 0.0189018249511719
0.0461311340332031 0.0107498168945313 -0.0468711853027344 0.0362281799316406
0.0676841735839844 0.0322418212890625 0.00345420837402344 -0.0330753326416016
0.0659255981445313 0.0174102783203125 0.0311565399169922 0.00816154479980469
0.0615158081054688 0.00893402099609375 0.0499076843261719 0.0121574401855469
0.0570907592773438 -0.0140609741210937 0.0578956604003906 -0.0119705200195313
0.0425224304199219 -0.0313644409179688 0.0398902893066406 -0.0266799926757813
0.0213165283203125 -0.0484390258789063 0.0136375427246094 -0.0336227416992188
-0.000141143798828122 -0.0527153015136719 -0.00190925598144531 -0.0204620361328125
-0.00228118896484375 -0.050018310546875 -0.00864744186401367 0.000981330871582027
-0.005340576171875 -0.0531654357910156 -0.0180263519287109 0.0173568725585938
0.0033416748046875 -0.0561180114746094 -0.0322666168212891 0.0200958251953125
0.02349853515625 -0.0487747192382813 -0.04083251953125 0.0229110717773438
0.0364952087402344 -0.0376663208007813 -0.0414161682128906 0.0102958679199219
0.0476341247558594 -0.0121002197265625 -0.0399894714355469 0.00630569458007812
0.05792236328125 -0.00092315673828125 -0.0297164916992188 0.0196857452392578
0.06103515625 0.0121002197265625 -0.0264244079589844 0.042999267578125
0.0699996948242188 0.0292434692382813 0.0267219543457031 -0.0238761901855469
0.07159423828125 0.0166778564453125 0.0477828979492188 0.0136528015136719
0.0691070556640625 0.00524139404296875 0.0539398193359375 0.0158233642578125
0.0611381530761719 -0.0208854675292969 0.0565109252929688 -0.00381851196289063
0.0416641235351563 -0.0375480651855469 0.0359535217285156 -0.0145378112792969
0.0166854858398438 -0.0511817932128906 0.0124540328979492 -0.0160398483276367
-0.00229644775390625 -0.0506057739257812 0.0027158260345459 -0.00102663040161133
-0.003448486328125 -0.047698974609375 -0.00177764892578125 0.0175533294677734
-0.00696563720703125 -0.0506706237792969 -0.00973892211914063 0.0338497161865234
-0.000205993652343751 -0.055023193359375 -0.0270729064941406 0.0363616943359375
0.0215873718261719 -0.0512275695800781 -0.0373115539550781 0.0351181030273437
0.0373153686523438 -0.0428581237792969 -0.0389518737792969 0.0166435241699219
0.0551261901855469 -0.0158958435058594 -0.0335292816162109 0.00805282592773437
0.0668563842773438 -0.000835418701171875 -0.0119771957397461 0.0174751281738281
0.0654640197753906 0.0133781433105469 -0.00312042236328124 0.0494041442871094
0.0608024597167969 0.0223617553710938 0.0450286865234375 -0.0182723999023437
0.0663528442382813 0.0119056701660156 0.0596656799316406 0.0139427185058594
0.0647659301757813 -2.6702880859375E-05 0.0547103881835938 0.0157852172851563
0.0539093017578125 -0.0247421264648438 0.0512237548828125 0.00276947021484375
0.0320014953613281 -0.0381965637207031 0.0319995880126953 -0.0018463134765625
0.0082550048828125 -0.0450515747070313 0.0131092071533203 0.00194931030273437
-0.0055999755859375 -0.0407676696777344 0.00844764709472656 0.015772819519043
-0.00528335571289062 -0.037811279296875 0.00596809387207031 0.0317325592041016
-0.00764083862304688 -0.0405845642089844 -0.00310516357421875 0.0467872619628906
-0.00121307373046875 -0.045013427734375 -0.0223350524902344 0.0492324829101562
0.0190773010253906 -0.04473876953125 -0.0338020324707031 0.0442924499511719
0.0345191955566406 -0.0391426086425781 -0.035919189453125 0.0220527648925781
0.0542221069335937 -0.0125236511230469 -0.02679443359375 0.00758552551269531
0.0630683898925781 0.00226593017578125 0.00484752655029297 0.0159082412719727
0.0593795776367188 0.0142173767089844 0.01873779296875 0.0563850402832031
0.0431785583496094 0.0121612548828125 0.060455322265625 -0.0182418823242188
0.0529823303222656 0.00461578369140625 0.0669822692871094 0.0080718994140625
0.0504570007324219 -0.00635910034179687 0.0510215759277344 0.0122718811035156
0.0367469787597656 -0.0252456665039063 0.045562744140625 0.0080718994140625
0.0163288116455078 -0.0331172943115234 0.0293540954589844 0.007232666015625
-0.00297355651855468 -0.0305500030517578 0.0170927047729492 0.0147457122802734
-0.00854110717773438 -0.0239334106445313 0.0156383514404297 0.0279693603515625
-0.00520896911621094 -0.0223007202148438 0.012664794921875 0.0411338806152344
-0.00670623779296875 -0.0242385864257812 0.00160217285156249 0.0562171936035156
-0.00276947021484375 -0.0291385650634766 -0.019927978515625 0.0583229064941406
0.0130176544189453 -0.03179931640625 -0.0326042175292969 0.049652099609375
0.0282115936279297 -0.0288887023925781 -0.0344257354736328 0.0250015258789063
0.0437583923339844 -0.0066375732421875 -0.0214996337890625 0.00724601745605469
0.0493583679199219 0.00563812255859375 0.01690673828125 0.0167045593261719
0.0427093505859375 0.0136260986328125 0.0352249145507813 0.0632858276367188
0.0195045471191406 0.00259971618652344 0.06768798828125 -0.0219078063964844
0.0307960510253906 -0.00172615051269531 0.0680198669433594 -0.00081634521484375
0.0281829833984375 -0.01031494140625 0.0467720031738281 0.00667953491210938
0.0158405303955078 -0.0206241607666016 0.0409164428710938 0.0112838745117187
-0.000226974487304686 -0.0203571319580078 0.03082275390625 0.012481689453125
-0.0119524002075195 -0.01043701171875 0.022857666015625 0.0213775634765625
-0.00811576843261719 -0.00321531295776367 0.0225486755371094 0.0313034057617188
-0.00504064559936523 -0.00378751754760742 0.0171699523925781 0.043365478515625
-0.0056767463684082 -0.00494909286499023 0.00371551513671876 0.0595283508300781
-0.00578117370605469 -0.0102605819702148 -0.0199241638183594 0.0615310668945312
0.00431919097900391 -0.0163955688476563 -0.0336570739746094 0.0507965087890625
0.0152416229248047 -0.0164003372192383 -0.0347557067871094 0.0271358489990234
0.0261440277099609 -0.00153923034667969 -0.0205802917480469 0.0077667236328125
0.0272941589355469 0.00546455383300781 0.0213127136230469 0.0187835693359375
0.0197849273681641 0.00933837890625 0.0440330505371094 0.0678176879882813
0.00941658020019531 0.013885498046875 -0.0432586669921875 -0.058502197265625
0.00211548805236816 0.000694870948791504 -0.0119590759277344 -0.0159273147583008
-0.00117850303649902 0.00423717498779297 0.0273571014404297 -0.00370979309082031
0.00570964813232422 0.00502109527587891 0.0464630126953125 -0.026702880859375
0.00929737091064453 -0.001373291015625 0.0398788452148437 -0.0487899780273437
0.00819778442382812 -0.0102033615112305 0.0167083740234375 -0.0672760009765625
0.000932693481445313 -0.0183448791503906 -0.00841140747070313 -0.0616531372070313
0.00232124328613281 -0.0174474716186523 -0.0195999145507813 -0.041229248046875
0.00630378723144531 -0.0175056457519531 -0.0290431976318359 -0.0255908966064453
0.0123462677001953 -0.0129833221435547 -0.0335483551025391 -0.0205345153808594
0.0144100189208984 -0.00159645080566406 -0.0395240783691406 -0.0105056762695313
0.0082244873046875 0.00986766815185547 -0.0414161682128906 -0.00998687744140626
-0.00821971893310547 0.00932025909423828 -0.0513572692871094 -0.0114898681640625
-0.00777149200439453 0.00241947174072266 -0.0642280578613281 0.00604629516601563
-0.000836372375488281 0.00801229476928711 -0.0693473815917969 0.022796630859375
0.0354957580566406 0.0236091613769531 -0.0326881408691406 -0.0528335571289063
0.0278167724609375 0.00671005249023438 -0.000593185424804686 -0.00987625122070313
0.0223064422607422 0.00679969787597656 0.0358695983886719 0.00032806396484375
0.0259208679199219 -0.00136375427246094 0.0526580810546875 -0.0237655639648438
0.0232810974121094 -0.0122776031494141 0.0420722961425781 -0.0439529418945313
0.0148601531982422 -0.0271072387695313 0.0176277160644531 -0.059906005859375
0.000751495361328125 -0.0358390808105469 -0.005950927734375 -0.0522308349609375
0.000644683837890626 -0.0343608856201172 -0.0184650421142578 -0.0301742553710938
0.003082275390625 -0.0361328125 -0.0285091400146484 -0.0135860443115234
0.0127143859863281 -0.0336246490478516 -0.0373992919921875 -0.0100784301757813
0.0230064392089844 -0.0204639434814453 -0.0440254211425781 -0.00168609619140626
0.0236911773681641 -0.00567436218261719 -0.0432052612304688 -0.00465393066406249
0.0143270492553711 0.00582313537597656 -0.0484046936035156 -0.00394058227539063
0.0179557800292969 0.00442123413085938 -0.0571479797363281 0.0145072937011719
0.0245437622070313 0.0116252899169922 -0.0616111755371094 0.0310516357421875
0.0563163757324219 0.0305671691894531 -0.0155868530273437 -0.0433921813964844
0.0500907897949219 0.0132904052734375 0.0160388946533203 -0.00047016143798828
0.0448570251464844 0.0088348388671875 0.0443649291992188 0.00698089599609375
0.0445137023925781 -0.0075531005859375 0.0577774047851563 -0.0180320739746094
0.0350074768066406 -0.0228061676025391 0.0431098937988281 -0.0362892150878906
0.0199012756347656 -0.0401992797851563 0.0166549682617188 -0.0487251281738281
0.000930786132812502 -0.0478897094726563 -0.0034332275390625 -0.0372047424316406
-0.00114059448242187 -0.0457916259765625 -0.0141801834106445 -0.0147171020507813
-0.00128936767578125 -0.0489425659179688 -0.0246162414550781 0.00251007080078125
0.00859832763671875 -0.048583984375 -0.0377197265625 0.00570297241210936
0.0254554748535156 -0.0373725891113281 -0.0447044372558594 0.0113639831542969
0.0332622528076172 -0.0236721038818359 -0.0444297790527344 0.00302505493164062
0.0338916778564453 -0.00260162353515625 -0.0456695556640625 0.00271224975585938
0.0407371520996094 0.00249862670898437 -0.045379638671875 0.019744873046875
0.0464706420898438 0.0126457214355469 -0.0469131469726562 0.03936767578125
0.0688438415527344 0.0328140258789062 0.00519943237304688 -0.032196044921875
0.0654716491699219 0.0168342590332031 0.0335330963134766 0.00979423522949219
0.062530517578125 0.008209228515625 0.0529518127441406 0.01446533203125
0.0575752258300781 -0.0148811340332031 0.0607948303222656 -0.0109748840332031
0.0426445007324219 -0.0322227478027344 0.0419273376464844 -0.0259971618652344
0.0211181640625 -0.0489692687988281 0.0150737762451172 -0.0328845977783203
9.91821289062445E-05 -0.0530052185058594 -0.000726699829101561 -0.0188789367675781
-0.0025634765625 -0.0505409240722656 -0.00777101516723633 0.0024714469909668
-0.00497055053710938 -0.053955078125 -0.0176277160644531 0.0207080841064453
0.00283050537109375 -0.0561981201171875 -0.0336513519287109 0.0233955383300781
0.0243759155273438 -0.0489616394042969 -0.0431442260742188 0.0252265930175781
0.0374526977539062 -0.0373153686523437 -0.0431594848632813 0.0112800598144531
0.0484504699707031 -0.011474609375 -0.0407447814941406 0.00679779052734374
0.0578155517578125 9.5367431640625E-05 -0.0293693542480469 0.0212001800537109
0.06085205078125 0.0126953125 -0.0263671875 0.0469017028808594
0.0689964294433594 0.0296211242675781 0.0272941589355469 -0.0233917236328125
0.07098388671875 0.0165557861328125 0.0493621826171875 0.0159072875976562
0.06976318359375 0.00547409057617188 0.0565452575683594 0.0181617736816406
0.0608596801757813 -0.0208396911621094 0.0589370727539063 -0.00234603881835938
0.0417633056640625 -0.0376167297363281 0.0385589599609375 -0.0129203796386719
0.0165786743164063 -0.0504608154296875 0.0142717361450195 -0.0140285491943359
-0.00239181518554687 -0.0505104064941406 0.00458526611328125 0.000635623931884763
-0.00419998168945313 -0.0473899841308594 -0.000333786010742187 0.0197467803955078
-0.00703811645507812 -0.0510215759277344 -0.0097503662109375 0.0364494323730469
-0.000263214111328125 -0.0544357299804688 -0.0279121398925781 0.0386848449707031
0.0216178894042969 -0.0505828857421875 -0.0386581420898437 0.0372657775878906
0.0374984741210938 -0.0431442260742188 -0.0403022766113281 0.0176963806152344
0.0551109313964844 -0.0157737731933594 -0.0347213745117188 0.00839042663574219
0.0661773681640625 -0.000942230224609375 -0.0125389099121094 0.0191574096679688
0.0653800964355469 0.0131721496582031 -0.00308990478515625 0.0529861450195312
0.0606002807617188 0.0216827392578125 0.0457572937011719 -0.0178298950195313
0.0655479431152344 0.0111427307128906 0.0616798400878906 0.0157432556152344
0.0657005310058594 -0.000530242919921875 0.0575180053710938 0.0181083679199219
0.0535469055175781 -0.0253982543945312 0.0538063049316406 0.0043792724609375
0.0309906005859375 -0.038360595703125 0.0334720611572266 -0.00087547302246094
0.00787353515625 -0.0441970825195312 0.0151338577270508 0.00308418273925781
-0.00592422485351563 -0.038787841796875 0.00999355316162109 0.0169868469238281
-0.00524139404296875 -0.036834716796875 0.0069732666015625 0.0336933135986328
-0.00732040405273438 -0.039459228515625 -0.00222396850585938 0.0500144958496094
-0.00234603881835937 -0.0438270568847656 -0.0227851867675781 0.0520210266113281
0.0179634094238281 -0.0440254211425781 -0.03509521484375 0.0460586547851563
0.0343704223632813 -0.0391387939453125 -0.03668212890625 0.0232048034667969
0.0534782409667969 -0.0136451721191406 -0.0273571014404297 0.00792884826660156
0.0626602172851563 0.00164794921875 0.00516319274902344 0.0176219940185547
0.0593338012695312 0.0138664245605469 0.0185127258300781 0.0601654052734375
0.0427169799804688 0.0117721557617188 0.0602264404296875 -0.0182151794433594
0.0510139465332031 0.00352859497070312 0.0677375793457031 0.00964736938476563
0.0505218505859375 -0.00667572021484375 0.0532608032226563 0.0139312744140625
0.0361099243164063 -0.0260391235351563 0.0474929809570313 0.0101318359375
0.0148429870605469 -0.0323352813720703 0.0314121246337891 0.00839424133300781
-0.00330543518066407 -0.0290927886962891 0.0183277130126953 0.0159969329833984
-0.00797271728515625 -0.0216121673583984 0.0167217254638672 0.0277462005615234
-0.00534629821777344 -0.0205020904541016 0.0130996704101562 0.0420112609863281
-0.00678062438964843 -0.0230236053466797 0.00233078002929687 0.0587005615234375
-0.00339698791503906 -0.0272769927978516 -0.0209007263183594 0.0603828430175781
0.0124225616455078 -0.0310573577880859 -0.0338706970214844 0.0510330200195312
0.0267696380615234 -0.0287590026855469 -0.0350284576416016 0.0259056091308594
0.0427055358886719 -0.00698471069335937 -0.0223579406738281 0.00819015502929687
0.0483970642089844 0.00457000732421875 0.0167427062988281 0.017420768737793
0.0427284240722656 0.0126686096191406 0.0352745056152344 0.0664138793945312
0.0181751251220703 0.00191307067871094 0.0674362182617188 -0.0233001708984375
0.0301895141601563 -0.00302505493164063 0.0688323974609375 0.000438690185546875
0.0284137725830078 -0.0116062164306641 0.0481414794921875 0.00861740112304688
0.0143260955810547 -0.0212593078613281 0.0431175231933594 0.0128288269042969
-0.00289535522460938 -0.0200271606445313 0.0322322845458984 0.0122489929199219
-0.0125417709350586 -0.00887966156005859 0.0244808197021484 0.0205802917480469
-0.00904369354248047 -0.000896453857421874 0.0229396820068359 0.0304241180419922
-0.00498151779174805 -0.00155019760131836 0.0172805786132812 0.0436058044433594
-0.00532388687133789 -0.00294256210327148 0.00343322753906251 0.0606193542480469
-0.00641632080078125 -0.00806236267089844 -0.0210304260253906 0.0632095336914063
0.00302791595458984 -0.0153818130493164 -0.0343246459960938 0.0518913269042969
0.0142908096313477 -0.0157747268676758 -0.0355148315429688 0.0275840759277344
0.0251941680908203 -0.00238609313964844 -0.0219345092773438 0.00793266296386719
0.0256824493408203 0.00368309020996094 0.0209999084472656 0.0192031860351563
0.0188770294189453 0.00709342956542969 0.04327392578125 0.070587158203125
0.0112018585205078 0.0164775848388672 -0.0435104370117187 -0.0612106323242188
0.0040743350982666 0.00111722946166992 -0.0108394622802734 -0.0161476135253906
0.00090789794921875 0.00470685958862305 0.0300483703613281 -0.00388908386230469
0.00741291046142578 0.00419521331787109 0.0488395690917969 -0.0280113220214844
0.0102128982543945 -0.00290203094482422 0.0407524108886719 -0.0501632690429688
0.00854110717773438 -0.0132694244384766 0.0166168212890625 -0.0690498352050781
1.90734863281475E-06 -0.0213356018066406 -0.00848388671874999 -0.0631256103515625
0.00153732299804687 -0.0202369689941406 -0.0209465026855469 -0.0410308837890625
0.00613021850585938 -0.0205478668212891 -0.0299701690673828 -0.0245342254638672
0.0140171051025391 -0.0150423049926758 -0.0360679626464844 -0.0195541381835938
0.0171413421630859 -0.00267887115478516 -0.0430641174316406 -0.00916290283203124
0.0110721588134766 0.0105180740356445 -0.0439872741699219 -0.00976562500000001
-0.00727176666259766 0.0121212005615234 -0.0536308288574219 -0.01190185546875
-0.00732755661010742 0.00552511215209961 -0.0661277770996094 0.00645828247070313
-0.000213623046875 0.0110673904418945 -0.0695838928222656 0.0247421264648438
0.0383529663085938 0.0253639221191406 -0.0323982238769531 -0.05462646484375
0.0300388336181641 0.00711250305175781 0.00231266021728516 -0.00937366485595703
0.0250377655029297 0.00619888305664063 0.0389518737792969 0.00061798095703125
0.0273780822753906 -0.00294876098632813 0.0552253723144531 -0.0249404907226562
0.0241832733154297 -0.0148429870605469 0.0443267822265625 -0.0449447631835938
0.0150718688964844 -0.0300636291503906 0.0175743103027344 -0.0605278015136719
-0.000194549560546874 -0.0386161804199219 -0.00649261474609375 -0.0523643493652344
-0.000373840332031247 -0.0368232727050781 -0.0184059143066406 -0.0295314788818359
0.00265884399414063 -0.0398826599121094 -0.0293521881103516 -0.0116329193115234
0.0134773254394531 -0.0359878540039063 -0.03961181640625 -0.00734329223632813
0.0255680084228516 -0.0221691131591797 -0.0468559265136719 0.000423431396484368
0.0272064208984375 -0.00596427917480469 -0.0459442138671875 -0.00383758544921875
0.0160417556762695 0.00831890106201172 -0.0513725280761719 -0.00335311889648438
0.0186004638671875 0.00763130187988281 -0.0580520629882813 0.015716552734375
0.0259132385253906 0.0139026641845703 -0.0624427795410156 0.0347442626953125
0.0590286254882812 0.0315780639648437 -0.0150718688964844 -0.0444869995117188
0.0522575378417969 0.0132827758789062 0.0190105438232422 0.000547409057617188
0.0480880737304688 0.00815200805664063 0.0489044189453125 0.0078277587890625
0.0456504821777344 -0.00925064086914063 0.06201171875 -0.0184211730957031
0.0361099243164063 -0.0249977111816406 0.0450782775878906 -0.0370635986328125
0.0199966430664063 -0.0433349609375 0.0177497863769531 -0.0477027893066406
-0.000286102294921875 -0.0500335693359375 -0.00263214111328125 -0.0369491577148438
-0.0017242431640625 -0.0477409362792969 -0.0137195587158203 -0.01312255859375
-0.0021820068359375 -0.0522804260253906 -0.0244159698486328 0.00569725036621093
0.00847625732421875 -0.0510025024414063 -0.0393600463867188 0.00949478149414062
0.0273857116699219 -0.0396194458007813 -0.0479202270507813 0.0145492553710937
0.0355949401855469 -0.0237770080566406 -0.0471229553222656 0.00482940673828125
0.0354385375976563 -0.00135421752929687 -0.0475578308105469 0.00341796874999999
0.041656494140625 0.00448226928710938 -0.0458145141601563 0.0217819213867187
0.0478324890136719 0.014617919921875 -0.0468177795410156 0.0439262390136719
0.0699539184570312 0.0335006713867187 0.00624275207519532 -0.0328807830810547
0.0667228698730469 0.0168914794921875 0.0370826721191406 0.0111808776855469
0.0653877258300781 0.00761032104492188 0.0581550598144531 0.0155220031738281
0.0588722229003906 -0.01617431640625 0.0652084350585938 -0.0105209350585938
0.0428924560546875 -0.0340042114257813 0.0445060729980469 -0.0260772705078125
0.0209617614746094 -0.0512504577636719 0.0175457000732422 -0.0315876007080078
-0.000545501708984374 -0.0544471740722656 0.00128841400146484 -0.0173435211181641
-0.00438690185546875 -0.051422119140625 -0.00673341751098633 0.00495767593383789
-0.00662612915039062 -0.0562248229980469 -0.0167827606201172 0.0244083404541016
0.00260162353515625 -0.0574150085449219 -0.0352783203125 0.0276947021484375
0.0252151489257812 -0.0506248474121094 -0.0456581115722656 0.0298118591308594
0.0382957458496094 -0.0383567810058594 -0.0457077026367187 0.0145072937011719
0.0502853393554688 -0.0113677978515625 -0.0424537658691406 0.00850677490234375
0.059417724609375 0.000240325927734375 -0.029632568359375 0.0232715606689453
0.0621376037597656 0.0131950378417969 -0.0256690979003906 0.0517654418945313
0.0706100463867188 0.0291976928710938 0.0282688140869141 -0.0231781005859375
0.0715484619140625 0.0157470703125 0.0527191162109375 0.0174331665039063
0.0720748901367188 0.0041961669921875 0.0618515014648438 0.0200462341308594
0.0623779296875 -0.0223655700683594 0.0635108947753906 -0.00193023681640625
0.0411033630371094 -0.039520263671875 0.0410003662109375 -0.0123291015625
0.0163726806640625 -0.0512580871582031 0.0169095993041992 -0.0130043029785156
-0.00314712524414062 -0.0502777099609375 0.00585317611694336 0.00191020965576172
-0.00515365600585938 -0.0469779968261719 0.000553131103515626 0.0221157073974609
-0.00778579711914063 -0.0513381958007812 -0.00829315185546874 0.0409736633300781
-0.00138473510742188 -0.0543479919433594 -0.0283317565917969 0.0441246032714844
0.0210037231445312 -0.0516624450683594 -0.0404434204101562 0.0416336059570313
0.0372886657714844 -0.0446586608886719 -0.0431442260742188 0.0209197998046875
0.0562324523925781 -0.0167694091796875 -0.035797119140625 0.0101165771484375
0.0670318603515625 -0.00134658813476563 -0.0111274719238281 0.0213508605957031
0.0667648315429688 0.0130424499511719 -0.00210189819335937 0.0587272644042969
0.0611763000488281 0.0201606750488281 0.0474472045898438 -0.0179710388183594
0.0660781860351563 0.00981521606445312 0.0649986267089844 0.0175628662109375
0.0661354064941406 -0.00157928466796875 0.0613479614257813 0.0196380615234375
0.0534591674804687 -0.0265960693359375 0.0577278137207031 0.00533676147460937
0.0304679870605469 -0.03887939453125 0.0368614196777344 -0.000957489013671878
0.00703048706054688 -0.0434913635253906 0.0177078247070312 0.00448417663574218
-0.00632476806640625 -0.038421630859375 0.0117588043212891 0.0180931091308594
-0.00615310668945312 -0.0357551574707031 0.00796127319335938 0.0358428955078125
-0.00814056396484375 -0.0386772155761719 -0.000663757324218746 0.0541114807128906
-0.00351715087890625 -0.0426216125488281 -0.022918701171875 0.0566978454589844
0.0162315368652344 -0.0439796447753906 -0.03533935546875 0.0504646301269531
0.0332183837890625 -0.0406646728515625 -0.0386772155761719 0.025726318359375
0.0537528991699219 -0.0145835876464844 -0.0285511016845703 0.00965118408203125
0.0633735656738281 0.00017547607421875 0.00560379028320313 0.0192508697509766
0.0597801208496094 0.0125465393066406 0.0197906494140625 0.0646591186523438
0.0431251525878906 0.0096282958984375 0.0610771179199219 -0.01849365234375
0.0510177612304688 0.00217437744140625 0.0705718994140625 0.0111083984375
0.0508537292480469 -0.0088653564453125 0.0570793151855469 0.0154953002929688
0.0353775024414063 -0.0272407531738281 0.0512847900390625 0.0102920532226562
0.013214111328125 -0.0318889617919922 0.0348587036132813 0.00825881958007812
-0.00433921813964844 -0.0278491973876953 0.0215167999267578 0.0164146423339844
-0.00854301452636719 -0.0196952819824219 0.0181465148925781 0.0285530090332031
-0.00573348999023438 -0.0188140869140625 0.0145225524902344 0.0438804626464844
-0.00662994384765625 -0.0202274322509766 0.00365447998046875 0.0616912841796875
-0.00413894653320313 -0.024932861328125 -0.0206184387207031 0.0637283325195313
0.0108203887939453 -0.0298480987548828 -0.0336799621582031 0.0544281005859375
0.0250873565673828 -0.0293178558349609 -0.0369529724121094 0.0284881591796875
0.0424919128417969 -0.00865936279296875 -0.0232372283935547 0.00933647155761719
0.0486946105957031 0.00286483764648438 0.0176429748535156 0.0189075469970703
0.0418701171875 0.0104598999023438 0.03619384765625 0.0709686279296875
0.0180549621582031 -0.00118064880371094 0.0681953430175781 -0.0240364074707031
0.0291843414306641 -0.004974365234375 0.0706100463867188 0.00139617919921875
0.0278110504150391 -0.0145778656005859 0.0514984130859375 0.00973892211914062
0.0122947692871094 -0.0228214263916016 0.0461044311523438 0.0125961303710937
-0.00483512878417969 -0.0201530456542969 0.0353813171386719 0.0122413635253906
-0.0137977600097656 -0.00596904754638672 0.0275382995605469 0.0208511352539063
-0.00825309753417969 0.00227069854736328 0.0244712829589844 0.0305423736572266
-0.00484800338745117 0.00107955932617187 0.0184822082519531 0.0445709228515625
-0.00533723831176758 0.00046396255493164 0.00520324707031249 0.0629463195800781
-0.00637722015380859 -0.00514554977416992 -0.0217666625976562 0.0665283203125
0.0014801025390625 -0.0136451721191406 -0.0354080200195313 0.0550079345703125
0.0122385025024414 -0.0160598754882813 -0.0376472473144531 0.0294342041015625
0.0244541168212891 -0.00333786010742188 -0.0234489440917969 0.0091094970703125
0.0248622894287109 0.00242233276367188 0.0208473205566406 0.0186519622802734
0.0174102783203125 0.00510883331298828 0.0445175170898438 0.0742568969726563
0.0151004791259766 0.0194187164306641 -0.0451545715332031 -0.0625724792480469
0.00690746307373047 0.00137996673583984 -0.00953197479248047 -0.0163402557373047
0.00359296798706055 0.00432467460632324 0.0326614379882813 -0.00523567199707031
0.0097665786743164 0.00275421142578125 0.050445556640625 -0.0309066772460937
0.0115966796875 -0.00571537017822266 0.0403633117675781 -0.0532989501953125
0.00794315338134766 -0.0169363021850586 0.0145645141601562 -0.0711288452148438
-0.00200080871582031 -0.0244026184082031 -0.0110206604003906 -0.0635719299316406
-0.000360488891601565 -0.0232772827148438 -0.0224418640136719 -0.0406761169433594
0.00464057922363281 -0.0247859954833984 -0.0314712524414063 -0.0223350524902344
0.0146694183349609 -0.0194053649902344 -0.0390090942382813 -0.0163383483886719
0.0193424224853516 -0.00444602966308594 -0.0458221435546875 -0.00671005249023437
0.0147848129272461 0.010472297668457 -0.0472640991210938 -0.00832366943359374
-0.00436496734619141 0.0149106979370117 -0.0572433471679687 -0.0104293823242187
-0.00573921203613281 0.00954151153564453 -0.0671958923339844 0.00794219970703126
0.00175571441650391 0.014617919921875 -0.0691642761230469 0.0289535522460937
0.0424461364746094 0.0265121459960937 -0.0336570739746094 -0.0550041198730469
0.0327854156494141 0.0066070556640625 0.00500202178955078 -0.00968551635742188
0.0278663635253906 0.00456047058105469 0.042877197265625 -0.00106430053710937
0.0292034149169922 -0.00501632690429687 0.0578384399414062 -0.0275726318359375
0.0249576568603516 -0.0179157257080078 0.0444526672363281 -0.0471267700195313
0.0135078430175781 -0.0337371826171875 0.0176200866699219 -0.0617599487304688
-0.00304031372070313 -0.04156494140625 -0.00701904296875 -0.0521125793457031
-0.00296783447265625 -0.0394172668457031 -0.0190715789794922 -0.0278110504150391
0.000431060791015626 -0.0433273315429687 -0.0295886993408203 -0.00785636901855469
0.0133438110351563 -0.0399589538574219 -0.0416221618652344 -0.00281906127929688
0.0274772644042969 -0.0249519348144531 -0.0496177673339844 0.00439834594726563
0.0296745300292969 -0.00678634643554687 -0.0490036010742188 -0.00118637084960938
0.0188274383544922 0.0102405548095703 -0.0535507202148438 -0.00150299072265626
0.0200672149658203 0.0103836059570313 -0.0583534240722656 0.0186614990234375
0.0279998779296875 0.0166225433349609 -0.0609169006347656 0.040191650390625
0.0630569458007813 0.0317230224609375 -0.0144424438476563 -0.0449104309082031
0.0548171997070312 0.0116081237792969 0.0223464965820313 0.00111198425292969
0.0506401062011719 0.00580978393554688 0.05389404296875 0.00689315795898438
0.0476646423339844 -0.0120773315429688 0.0651817321777344 -0.0208396911621094
0.0359306335449219 -0.0281028747558594 0.0473976135253906 -0.0386543273925781
0.0185394287109375 -0.0458869934082031 0.0189552307128906 -0.0481224060058594
-0.00284576416015625 -0.0520553588867187 -0.00246429443359375 -0.0361480712890625
-0.00492858886718751 -0.0499191284179688 -0.0128669738769531 -0.0107536315917969
-0.00505447387695313 -0.0547218322753906 -0.0234737396240234 0.0103015899658203
0.00743484497070313 -0.0543785095214844 -0.0404891967773437 0.0150833129882813
0.0278167724609375 -0.0418968200683594 -0.0501632690429688 0.0197067260742187
0.0374488830566406 -0.0262603759765625 -0.0499038696289063 0.0081329345703125
0.038330078125 -0.00075531005859375 -0.0497283935546875 0.00621414184570312
0.043304443359375 0.0056610107421875 -0.0450782775878906 0.0250167846679688
0.0496749877929688 0.0152091979980469 -0.0444984436035156 0.0502815246582031
0.0736160278320313 0.0321502685546875 0.00724983215332031 -0.0330429077148438
0.0689849853515625 0.0150642395019531 0.0413017272949219 0.0122642517089844
0.0679855346679688 0.00513839721679688 0.0634841918945313 0.0147628784179687
0.0603370666503906 -0.0190963745117188 0.0691146850585938 -0.012359619140625
0.0421943664550781 -0.0367774963378906 0.0465774536132812 -0.0267906188964844
0.019805908203125 -0.0535812377929688 0.0189151763916016 -0.0312385559082031
-0.00379180908203125 -0.0555305480957031 0.00272655487060547 -0.0159893035888672
-0.00640869140625 -0.0526695251464844 -0.00469541549682617 0.00741767883300781
-0.00885391235351562 -0.0577316284179688 -0.0146369934082031 0.0290336608886719
0.000541687011718747 -0.0596809387207031 -0.034881591796875 0.0336704254150391
0.0241508483886719 -0.0526809692382813 -0.0459709167480469 0.0358085632324219
0.0387229919433594 -0.0405654907226563 -0.0480804443359375 0.018798828125
0.0514030456542969 -0.0121498107910156 -0.0438804626464844 0.0119552612304687
0.0610885620117188 -0.000583648681640625 -0.0285129547119141 0.0265598297119141
0.0644912719726562 0.0126228332519531 -0.0230751037597656 0.0581245422363281
0.0730133056640625 0.0270309448242187 0.0298023223876953 -0.0238742828369141
0.0726394653320312 0.0137786865234375 0.0575370788574219 0.0187492370605469
0.0743865966796875 0.00135040283203125 0.0674018859863281 0.0196952819824219
0.0622673034667969 -0.0255584716796875 0.067840576171875 -0.0025634765625
0.0397148132324219 -0.0412712097167969 0.0442237854003906 -0.013458251953125
0.0152778625488281 -0.052276611328125 0.0193653106689453 -0.0126705169677734
-0.00507354736328125 -0.0504684448242187 0.00797891616821289 0.00285196304321289
-0.0069427490234375 -0.0474777221679688 0.00313377380371094 0.024932861328125
-0.0103950500488281 -0.0509262084960937 -0.00512313842773438 0.0453529357910156
-0.00363922119140625 -0.0546226501464844 -0.0271835327148437 0.0508651733398438
0.0186080932617187 -0.053558349609375 -0.0402183532714844 0.0476760864257813
0.0358467102050781 -0.046783447265625 -0.0435256958007813 0.0262718200683594
0.0565910339355469 -0.0184326171875 -0.0367164611816406 0.0129928588867187
0.0678901672363281 -0.0033111572265625 -0.00984954833984375 0.0240955352783203
0.0680007934570313 0.0109329223632813 0.00146865844726563 0.064697265625
0.0622215270996094 0.017974853515625 0.0485076904296875 -0.0187911987304688
0.0660552978515625 0.00714874267578125 0.0686721801757812 0.0182266235351562
0.0676307678222656 -0.00445938110351563 0.067047119140625 0.019622802734375
0.0525283813476563 -0.0284233093261719 0.0619659423828125 0.0049591064453125
0.0279884338378906 -0.0396995544433594 0.0402870178222656 -0.0018310546875
0.006103515625 -0.0430068969726563 0.0210857391357422 0.00445175170898437
-0.00752639770507813 -0.0361900329589844 0.0140457153320312 0.0189876556396484
-0.00684547424316407 -0.034393310546875 0.0115013122558594 0.0379066467285156
-0.008636474609375 -0.0377311706542969 0.003631591796875 0.0576972961425781
-0.00455856323242187 -0.0411415100097656 -0.0206336975097656 0.0625038146972656
0.0140953063964844 -0.0445709228515625 -0.0347061157226563 0.0567703247070313
0.0306777954101563 -0.0414543151855469 -0.0393714904785156 0.0305328369140625
0.0529098510742188 -0.0172576904296875 -0.0294990539550781 0.0124378204345703
0.063323974609375 -0.00307083129882813 0.00728225708007813 0.0208625793457031
0.0602149963378906 0.00978469848632813 0.0240135192871094 0.0699920654296875
0.0426597595214844 0.00645065307617187 0.061676025390625 -0.0197944641113281
0.0496406555175781 -0.000904083251953125 0.0740966796875 0.0107803344726563
0.0506134033203125 -0.0126152038574219 0.06207275390625 0.0153350830078125
0.0333194732666016 -0.0290946960449219 0.0553092956542969 0.00983047485351562
0.0100536346435547 -0.0316371917724609 0.0383453369140625 0.0065765380859375
-0.00556755065917969 -0.0253162384033203 0.0244655609130859 0.0152969360351562
-0.00838565826416015 -0.0168781280517578 0.0210838317871094 0.0279769897460938
-0.00598812103271484 -0.016240119934082 0.0170516967773438 0.0450096130371094
-0.0065155029296875 -0.0181427001953125 0.00797653198242187 0.0642547607421875
-0.00524711608886719 -0.0223369598388672 -0.0184211730957031 0.0688285827636719
0.00781631469726563 -0.0288677215576172 -0.0328369140625 0.0598602294921875
0.0225200653076172 -0.0295333862304688 -0.0372238159179688 0.0321540832519531
0.0417098999023438 -0.0104637145996094 -0.0250301361083984 0.0122585296630859
0.0470619201660156 -0.00014495849609375 0.0185470581054688 0.0200824737548828
0.0413284301757813 0.00714874267578125 0.0399246215820313 0.0747528076171875
0.0166091918945313 -0.00333023071289063 0.06805419921875 -0.0269660949707031
0.027801513671875 -0.0084228515625 0.0729217529296875 0.000350952148437499
0.0261745452880859 -0.0171585083007813 0.0554237365722656 0.00980758666992187
0.009307861328125 -0.0237045288085938 0.0504379272460938 0.0121536254882812
-0.00813102722167969 -0.0177173614501953 0.0389366149902344 0.0100326538085937
-0.0145626068115234 -0.00203418731689453 0.0309238433837891 0.0183925628662109
-0.00723648071289062 0.00583076477050781 0.0264205932617188 0.0293121337890625
-0.00432300567626953 0.00433063507080078 0.0203094482421875 0.0446052551269531
-0.00420856475830078 0.00340485572814941 0.00835418701171875 0.0655021667480469
-0.00642299652099609 -0.00143146514892578 -0.0196456909179688 0.0703659057617188
-0.000855445861816406 -0.011627197265625 -0.0342216491699219 0.0594520568847656
0.0100002288818359 -0.0156660079956055 -0.0379257202148438 0.0327224731445313
0.0222568511962891 -0.00413703918457031 -0.0250816345214844 0.0105438232421875
0.0223751068115234 0.000492095947265625 0.0208473205566406 0.0197963714599609
0.0158605575561523 0.00232791900634766 0.0476303100585937 0.0767822265625
0.0194835662841797 0.0212726593017578 -0.0475997924804687 -0.0613861083984375
0.00976753234863281 0.00179958343505859 -0.00793552398681641 -0.0169439315795898
0.00616312026977539 0.00307416915893555 0.0345439910888672 -0.00827598571777344
0.0117044448852539 -0.000281333923339844 0.0501785278320313 -0.0346755981445313
0.0118312835693359 -0.009033203125 0.0379676818847656 -0.0553970336914062
0.00619125366210938 -0.0203628540039062 0.010986328125 -0.0713653564453125
-0.00536346435546875 -0.0267963409423828 -0.0135345458984375 -0.062744140625
-0.00361824035644531 -0.0255775451660156 -0.0233192443847656 -0.0379753112792969
0.00143051147460937 -0.0287628173828125 -0.0318565368652344 -0.0185604095458984
0.0136222839355469 -0.0231819152832031 -0.0404396057128906 -0.0121383666992187
0.0215244293212891 -0.00810432434082031 -0.04754638671875 -0.00226211547851561
0.018157958984375 0.00835227966308594 -0.0493698120117188 -0.00515747070312501
-0.000898361206054688 0.0175180435180664 -0.0590362548828125 -0.00823974609374999
-0.00327587127685547 0.0133085250854492 -0.06744384765625 0.0107803344726562
0.00474357604980469 0.0180778503417969 -0.0664176940917969 0.0331192016601562
0.0462074279785156 0.0265045166015625 -0.0341720581054688 -0.0541839599609375
0.035308837890625 0.00511550903320312 0.00724983215332031 -0.0100069046020508
0.0297889709472656 0.00247573852539063 0.0454254150390625 -0.0036468505859375
0.0305156707763672 -0.00831031799316406 0.0584564208984375 -0.0305595397949219
0.0240192413330078 -0.0209236145019531 0.0430717468261719 -0.04913330078125
0.0109939575195313 -0.0371818542480469 0.0154914855957031 -0.0619125366210937
-0.00672149658203125 -0.0426788330078125 -0.00838088989257812 -0.0511016845703125
-0.006622314453125 -0.0413742065429688 -0.0183200836181641 -0.0250701904296875
-0.003631591796875 -0.0461502075195312 -0.027862548828125 -0.00371742248535157
0.01104736328125 -0.0433425903320313 -0.041778564453125 0.00263595581054687
0.0282974243164062 -0.0284214019775391 -0.0500831604003906 0.00992965698242187
0.0322761535644531 -0.00910758972167969 -0.0508804321289063 0.00302886962890624
0.0220623016357422 0.0119056701660156 -0.0547523498535156 0.00200653076171874
0.0227832794189453 0.0127792358398438 -0.057342529296875 0.0217132568359375
0.0299911499023437 0.0186252593994141 -0.056671142578125 0.0452690124511719
0.0657463073730469 0.0304222106933594 -0.0146636962890625 -0.0436210632324219
0.0561256408691406 0.00938796997070313 0.0263042449951172 0.000431060791015626
0.0524711608886719 0.0020904541015625 0.0579719543457031 0.00392532348632813
0.047393798828125 -0.015869140625 0.0666084289550781 -0.0240364074707031
0.0346565246582031 -0.0310077667236328 0.0471458435058594 -0.0404739379882813
0.0152931213378906 -0.0488739013671875 0.0187454223632813 -0.0480690002441406
-0.00692367553710938 -0.053131103515625 -0.00229454040527344 -0.034454345703125
-0.00867843627929688 -0.050750732421875 -0.0103816986083984 -0.0076751708984375
-0.00854492187499999 -0.0563812255859375 -0.0203723907470703 0.0152873992919922
0.00490570068359376 -0.0564231872558594 -0.0386085510253906 0.0212287902832031
0.0274848937988281 -0.0447044372558594 -0.0492706298828125 0.0265312194824219
0.0381965637207031 -0.0280990600585938 -0.0504989624023438 0.0140190124511719
0.0401115417480469 -0.000164031982421875 -0.0504074096679688 0.0105819702148438
0.0447921752929688 0.00654983520507813 -0.0430183410644531 0.0282669067382812
0.0507240295410156 0.0156326293945313 -0.0397720336914062 0.0556983947753906
0.07537841796875 0.0295639038085937 0.00786590576171876 -0.0326366424560547
0.0691795349121094 0.0118141174316406 0.0453033447265625 0.010498046875
0.06866455078125 0.00188064575195313 0.0679931640625 0.0119056701660156
0.0591964721679688 -0.0222015380859375 0.0716781616210938 -0.0153121948242188
0.0400161743164063 -0.0389556884765625 0.0477218627929688 -0.0286140441894531
0.0164451599121094 -0.0546531677246094 0.0205020904541016 -0.0310478210449219
-0.00677108764648437 -0.055328369140625 0.00433349609375 -0.0153837203979492
-0.00935363769531251 -0.0521697998046875 -0.00208091735839844 0.0100584030151367
-0.0126228332519531 -0.0572547912597656 -0.00976371765136719 0.0337924957275391
-0.00173187255859375 -0.0597419738769531 -0.03155517578125 0.0403480529785156
0.0219535827636719 -0.0541419982910156 -0.0438308715820312 0.0422325134277344
0.0370216369628906 -0.0426750183105469 -0.0476951599121094 0.0243453979492188
0.0514450073242188 -0.0135459899902344 -0.0438346862792969 0.0158195495605469
0.0604705810546875 -0.00109100341796875 -0.0258827209472656 0.0294017791748047
0.0643768310546875 0.0115776062011719 -0.0175590515136719 0.0633621215820313
0.0731964111328125 0.0240325927734375 0.0304317474365234 -0.0234699249267578
0.0719757080078125 0.0099029541015625 0.0619277954101563 0.0172309875488281
0.074066162109375 -0.00274658203125 0.0724639892578125 0.0172119140625
0.0605697631835938 -0.0281486511230469 0.0710906982421875 -0.0056915283203125
0.0372352600097656 -0.0419692993164063 0.0461692810058594 -0.0150032043457031
0.0126266479492188 -0.0523872375488281 0.0216541290283203 -0.0127086639404297
-0.0074920654296875 -0.0487709045410156 0.0105171203613281 0.00377273559570312
-0.00943756103515625 -0.0453109741210938 0.00713539123535156 0.0265522003173828
-0.0122108459472656 -0.0498695373535156 0.000953674316406246 0.0496177673339844
-0.0064697265625 -0.0527153015136719 -0.0236320495605469 0.0564041137695312
0.0160331726074219 -0.0531196594238281 -0.0369796752929687 0.0541648864746094
0.0328445434570313 -0.0472145080566406 -0.0428276062011719 0.0316925048828125
0.0552215576171875 -0.0200157165527344 -0.0364570617675781 0.0174751281738281
0.0661697387695313 -0.00612258911132813 -0.00732612609863281 0.0264625549316406
0.0673408508300781 0.00821304321289063 0.00691986083984375 0.0684852600097656
0.0610237121582031 0.014373779296875 0.0487289428710938 -0.0188560485839844
0.0635986328125 0.00403976440429688 0.0721359252929687 0.0165252685546875
0.0661849975585938 -0.00876998901367188 0.0717544555664063 0.0176315307617188
0.0498428344726563 -0.0299949645996094 0.0660972595214844 0.00226974487304687
0.0245170593261719 -0.0386810302734375 0.0430335998535156 -0.0032196044921875
0.00461959838867188 -0.0409088134765625 0.0232887268066406 0.00372505187988281
-0.0081787109375 -0.0338878631591797 0.0172023773193359 0.0196037292480469
-0.00767898559570313 -0.0317440032958984 0.0150527954101562 0.0390739440917969
-0.0101089477539063 -0.0346164703369141 0.00878524780273438 0.060455322265625
-0.00661849975585938 -0.0384559631347656 -0.0165023803710937 0.0674858093261719
0.0108604431152344 -0.0427970886230469 -0.0313911437988281 0.0623397827148437
0.0267868041992188 -0.0418663024902344 -0.0384407043457031 0.0354156494140625
0.0505218505859375 -0.0188026428222656 -0.0292282104492187 0.0157814025878906
0.0604896545410156 -0.00580215454101563 0.00879287719726563 0.0218563079833984
0.0585784912109375 0.00584793090820313 0.0288772583007813 0.072479248046875
0.040771484375 0.00289154052734375 0.0611801147460938 -0.0219535827636719
0.0469436645507813 -0.00479888916015625 0.076171875 0.00975799560546875
0.0474624633789063 -0.0160980224609375 0.0651092529296875 0.0135383605957031
0.0294971466064453 -0.0293140411376953 0.0588340759277344 0.007568359375
0.00708961486816406 -0.0294284820556641 0.0406265258789063 0.00485992431640625
-0.00580406188964844 -0.0219860076904297 0.0273590087890625 0.0136165618896484
-0.00756454467773438 -0.013585090637207 0.0227260589599609 0.0278663635253906
-0.0052490234375 -0.0131187438964844 0.0206146240234375 0.0444068908691406
-0.00556182861328125 -0.0148735046386719 0.0126686096191406 0.0656471252441406
-0.00544166564941406 -0.0181598663330078 -0.0140762329101563 0.0729293823242188
0.00570106506347656 -0.0255298614501953 -0.0291824340820313 0.0640678405761719
0.0183544158935547 -0.0285930633544922 -0.0359344482421875 0.0368385314941406
0.0376510620117188 -0.0122909545898438 -0.0247573852539062 0.0138816833496094
0.0438423156738281 -0.00314712524414062 0.0198574066162109 0.0201053619384766
0.0394363403320313 0.00333404541015625 0.0449447631835938 0.0761642456054687
0.0140180587768555 -0.00649833679199219 0.0652503967285156 -0.0299530029296875
0.0243053436279297 -0.0111656188964844 0.0731887817382813 -0.0017852783203125
0.0227279663085938 -0.0203075408935547 0.0577621459960938 0.00836944580078125
0.00492286682128906 -0.0229988098144531 0.0538825988769531 0.00988006591796875
-0.0113201141357422 -0.0145778656005859 0.0408172607421875 0.00729751586914062
-0.0138540267944336 0.00216293334960938 0.0326194763183594 0.0151519775390625
-0.00465965270996094 0.0096893310546875 0.0278549194335938 0.0274581909179688
-0.00229740142822266 0.00753974914550781 0.0229873657226563 0.0435562133789063
-0.00171756744384766 0.00643587112426758 0.0124664306640625 0.0653076171875
-0.0056614875793457 0.00264406204223633 -0.01556396484375 0.073150634765625
-0.00234603881835938 -0.0076899528503418 -0.0312004089355469 0.0632667541503906
0.00639247894287109 -0.0137882232666016 -0.0373344421386719 0.0366439819335937
0.0199470520019531 -0.00519752502441406 -0.0258331298828125 0.0134315490722656
0.0183391571044922 -0.00133514404296875 0.0211353302001953 0.0195789337158203
0.0122060775756836 -0.000895500183105469 0.0515518188476563 0.0771942138671875
0.0240154266357422 0.0218162536621094 -0.0473251342773437 -0.0603485107421875
0.0128097534179687 0.00128364562988281 -0.00667762756347656 -0.0176506042480469
0.00872898101806641 0.00129461288452148 0.0348987579345703 -0.0102939605712891
0.0129995346069336 -0.00311660766601563 0.0481910705566406 -0.0365257263183594
0.0114707946777344 -0.0121021270751953 0.0358314514160156 -0.055908203125
0.00326156616210937 -0.0234260559082031 0.00897598266601563 -0.0698356628417969
-0.00947952270507813 -0.0282630920410156 -0.0154533386230469 -0.0601081848144531
-0.00716590881347656 -0.0268535614013672 -0.0230712890625 -0.0350685119628906
-0.0023040771484375 -0.0315570831298828 -0.0302715301513672 -0.0148811340332031
0.0116405487060547 -0.0270347595214844 -0.0397377014160156 -0.00733566284179688
0.0221157073974609 -0.0121612548828125 -0.0478439331054688 0.00201797485351562
0.0213222503662109 0.00608634948730469 -0.0504417419433594 -0.00184249877929688
0.00398635864257813 0.0192031860351563 -0.0596351623535156 -0.00570297241210938
0.00100040435791016 0.0162353515625 -0.0653724670410156 0.0115852355957031
0.00878524780273438 0.0205631256103516 -0.0610466003417969 0.034759521484375
0.0489768981933594 0.0257797241210938 -0.0330467224121094 -0.0524063110351563
0.0369224548339844 0.00345993041992188 0.00961112976074219 -0.0109357833862305
0.03131103515625 -0.000234603881835938 0.0468902587890625 -0.00626373291015625
0.0300521850585938 -0.0119915008544922 0.0569877624511719 -0.0327796936035156
0.0223197937011719 -0.0232887268066406 0.0413703918457031 -0.0493431091308594
0.00733184814453125 -0.039215087890625 0.0144081115722656 -0.0596809387207031
-0.0106239318847656 -0.0430564880371094 -0.00796127319335937 -0.0482864379882813
-0.0102195739746094 -0.0415229797363281 -0.0163612365722656 -0.0216903686523438
-0.00748062133789062 -0.047576904296875 -0.0253124237060547 -0.000244140625000007
0.00857543945312499 -0.045806884765625 -0.0396080017089844 0.00798797607421874
0.0280094146728516 -0.031280517578125 -0.0485801696777344 0.0152053833007813
0.0343532562255859 -0.0113658905029297 -0.050323486328125 0.00687789916992188
0.0256233215332031 0.0131111145019531 -0.0542144775390625 0.00467681884765625
0.0255184173583984 0.0152015686035156 -0.0536231994628906 0.0231094360351563
0.0320854187011719 0.020172119140625 -0.0506858825683594 0.0476417541503906
0.0672149658203125 0.0284194946289063 -0.0127754211425781 -0.0418853759765625
0.055755615234375 0.00725936889648438 0.0293769836425781 -0.0006561279296875
0.0526580810546875 -0.000492095947265625 0.0599822998046875 0.00110244750976563
0.0461654663085938 -0.01837158203125 0.0664596557617188 -0.0261344909667969
0.0319480895996094 -0.0327091217041016 0.0464706420898438 -0.0404739379882813
0.0119857788085938 -0.049560546875 0.0190963745117188 -0.0465431213378906
-0.0104827880859375 -0.0524368286132813 -0.000841140747070313 -0.0321617126464844
-0.0115814208984375 -0.0493507385253906 -0.00762939453125 -0.00523853302001953
-0.0120620727539062 -0.055908203125 -0.0162868499755859 0.0182228088378906
0.00218582153320313 -0.056793212890625 -0.0355911254882813 0.02655029296875
0.0261383056640625 -0.0460777282714844 -0.0464935302734375 0.0314826965332031
0.0380134582519531 -0.0298919677734375 -0.0491561889648438 0.018585205078125
0.0417556762695313 0.000278472900390625 -0.0488433837890625 0.0136222839355469
0.0463104248046875 0.00748443603515625 -0.0393180847167969 0.0300064086914063
0.0508460998535156 0.0162353515625 -0.0331535339355469 0.0578651428222656
0.0746688842773438 0.0270309448242188 0.00988578796386719 -0.0313529968261719
0.0673637390136719 0.0091400146484375 0.0487556457519531 0.00951766967773438
0.0673370361328125 -0.002044677734375 0.0701713562011719 0.00896835327148438
0.0567398071289062 -0.0250205993652344 0.0722808837890625 -0.0173873901367188
0.0363578796386719 -0.0398750305175781 0.0483131408691406 -0.0295829772949219
0.0128173828125 -0.0543594360351563 0.0221061706542969 -0.0301990509033203
-0.009368896484375 -0.0534286499023438 0.00651168823242187 -0.0134830474853516
-0.01214599609375 -0.0499839782714844 0.00186061859130859 0.0117082595825195
-0.0144538879394531 -0.0563545227050781 -0.00412750244140625 0.035675048828125
-0.00400161743164062 -0.0584335327148438 -0.0267219543457031 0.0452995300292969
0.0201606750488281 -0.053497314453125 -0.0397682189941406 0.0475196838378906
0.0357284545898438 -0.0423240661621094 -0.0452728271484375 0.0284576416015625
0.0508155822753906 -0.0127754211425781 -0.0420570373535156 0.0191230773925781
0.0596580505371094 -0.00176239013671875 -0.0218963623046875 0.031341552734375
0.0627975463867188 0.0106391906738281 -0.010467529296875 0.0658645629882813
0.07098388671875 0.0210189819335938 0.0312576293945313 -0.0232944488525391
0.0679473876953125 0.00788116455078125 0.0642509460449219 0.0152854919433594
0.0708236694335938 -0.0053863525390625 0.0751266479492188 0.0140914916992187
0.05712890625 -0.0284271240234375 0.0719680786132813 -0.00762176513671875
0.0338668823242188 -0.0409088134765625 0.0470046997070312 -0.0159492492675781
0.0105094909667969 -0.0506324768066406 0.0244922637939453 -0.0125236511230469
-0.00809478759765625 -0.0461349487304687 0.0132684707641602 0.00461196899414062
-0.00985336303710938 -0.042816162109375 0.0112285614013672 0.0272941589355469
-0.0128326416015625 -0.0470466613769531 0.00647354125976562 0.0504875183105469
-0.00720596313476562 -0.0497093200683594 -0.0178146362304688 0.0600318908691406
0.0134963989257812 -0.0506706237792969 -0.0320549011230469 0.0583343505859375
0.0304222106933594 -0.0459175109863281 -0.0405311584472656 0.0360183715820313
0.0523910522460938 -0.0205612182617188 -0.0341663360595703 0.0203704833984375
0.0626373291015625 -0.00744247436523438 -0.00430297851562499 0.0276870727539063
0.0639152526855469 0.0060577392578125 0.01251220703125 0.0707626342773438
0.057525634765625 0.0107345581054688 0.0482330322265625 -0.0188331604003906
0.0589141845703125 0.00191116333007812 0.07366943359375 0.0153350830078125
0.0617790222167969 -0.0105552673339844 0.073822021484375 0.0154342651367188
0.0462913513183594 -0.0300178527832031 0.0680427551269531 0.000534057617187498
0.0218734741210938 -0.0359611511230469 0.0436820983886719 -0.00494766235351563
0.00341796875 -0.0375823974609375 0.0260715484619141 0.00299263000488281
-0.00678062438964844 -0.0302753448486328 0.0195236206054687 0.0187091827392578
-0.00712776184082031 -0.0285358428955078 0.0188446044921875 0.0379066467285156
-0.00922203063964844 -0.0314254760742188 0.0143356323242188 0.0603866577148437
-0.00655174255371094 -0.0339527130126953 -0.0106964111328125 0.070037841796875
0.00828170776367188 -0.038818359375 -0.026458740234375 0.0649986267089844
0.0233116149902344 -0.0395126342773438 -0.0352783203125 0.0387191772460937
0.0464439392089844 -0.0191802978515625 -0.0276737213134766 0.0188331604003906
0.0563316345214844 -0.00830841064453125 0.0108890533447266 0.0229358673095703
0.0541877746582031 0.00369644165039062 0.0337066650390625 0.0739974975585937
0.0364875793457031 -0.000537872314453125 0.0592041015625 -0.02154541015625
0.04180908203125 -0.00653076171875 0.0763397216796875 0.00897216796875
0.0425567626953125 -0.0177230834960938 0.0673370361328125 0.0118370056152344
0.0252799987792969 -0.0280361175537109 0.0608444213867188 0.00553131103515625
0.00442695617675781 -0.0255222320556641 0.0419692993164063 0.00290298461914062
-0.00560188293457031 -0.0175104141235352 0.0289459228515625 0.0112342834472656
-0.00492572784423828 -0.00985622406005859 0.0240249633789063 0.0258445739746094
-0.00324916839599609 -0.00905609130859375 0.0228996276855469 0.0431671142578125
-0.00346660614013672 -0.0110816955566406 0.0172386169433594 0.0646324157714844
-0.00441741943359375 -0.0140953063964844 -0.00881195068359374 0.074188232421875
0.00369834899902344 -0.0217342376708984 -0.0250129699707031 0.0663070678710938
0.0151576995849609 -0.025848388671875 -0.0331764221191406 0.0401268005371094
0.0338935852050781 -0.0119667053222656 -0.0241508483886719 0.0167217254638672
0.0385284423828125 -0.00452423095703125 0.0199775695800781 0.019805908203125
0.0342788696289063 0.000951766967773438 0.0482711791992188 0.0761947631835938
0.0105733871459961 -0.00889778137207031 0.0618057250976563 -0.0297203063964844
0.0191802978515625 -0.0129108428955078 0.0723190307617188 -0.002227783203125
0.0179634094238281 -0.0216312408447266 0.0590858459472656 0.00722885131835937
0.0008544921875 -0.021575927734375 0.0557174682617188 0.00685882568359375
-0.0141668319702148 -0.0103874206542969 0.0409088134765625 0.00408554077148437
-0.0121488571166992 0.00628471374511719 0.0324039459228516 0.0121212005615234
-0.00171184539794922 0.0127706527709961 0.0274448394775391 0.0246963500976563
0.000911712646484374 0.0105218887329102 0.0242462158203125 0.0410079956054688
0.00174808502197266 0.0102424621582031 0.0153694152832031 0.0633926391601562
-0.00328159332275391 0.00688600540161133 -0.0109329223632812 0.0735321044921875
-0.00289368629455566 -0.00328707695007324 -0.0272941589355469 0.0643806457519531
0.00412178039550781 -0.0104427337646484 -0.0348167419433594 0.0387458801269531
0.0158395767211914 -0.00442886352539063 -0.0252590179443359 0.0154361724853516
0.0134792327880859 -0.00217723846435547 0.0198001861572266 0.0187454223632813
0.00786685943603516 -0.00272321701049805 0.0533905029296875 0.076263427734375
0.0284042358398438 0.0226249694824219 -0.0448722839355469 -0.0604248046875
0.0162429809570313 0.000112533569335938 -0.00466346740722656 -0.0190162658691406
0.0111989974975586 -0.000812530517578125 0.0350589752197266 -0.0121135711669922
0.0133304595947266 -0.00618171691894531 0.0466804504394531 -0.0367965698242188
0.0101003646850586 -0.0148353576660156 0.0346031188964844 -0.0535545349121094
7.62939453125051E-06 -0.0261821746826172 0.00855636596679687 -0.06695556640625
-0.0124912261962891 -0.029327392578125 -0.0144691467285156 -0.0575180053710938
-0.0106010437011719 -0.027587890625 -0.0207881927490234 -0.0330314636230469
-0.00594329833984375 -0.0334625244140625 -0.0271492004394531 -0.0126438140869141
0.00949859619140625 -0.0303554534912109 -0.0374794006347656 -0.004669189453125
0.0230522155761719 -0.0154018402099609 -0.04608154296875 0.00454330444335938
0.0234870910644531 0.00347137451171875 -0.0497665405273438 -0.000396728515624989
0.00815582275390625 0.0194358825683594 -0.0589523315429688 -0.00504302978515626
0.00528907775878906 0.0187911987304687 -0.0635719299316406 0.0103340148925781
0.0122585296630859 0.0231723785400391 -0.05731201171875 0.033111572265625
0.0512962341308594 0.026519775390625 -0.029754638671875 -0.0522880554199219
0.0378074645996094 0.0022735595703125 0.0119333267211914 -0.0124263763427734
0.0323047637939453 -0.00206375122070313 0.0471458435058594 -0.00811386108398438
0.0296039581298828 -0.0139560699462891 0.0564079284667969 -0.0330123901367188
0.0207920074462891 -0.0251750946044922 0.0412673950195312 -0.0472869873046875
0.00445938110351562 -0.0404701232910156 0.0152206420898438 -0.0572090148925781
-0.0136337280273438 -0.0432929992675781 -0.005950927734375 -0.0458602905273438
-0.0126190185546875 -0.0416221618652344 -0.0128536224365234 -0.0200405120849609
-0.0102958679199219 -0.0488243103027344 -0.0213718414306641 0.00224685668945312
0.00714492797851562 -0.0478401184082031 -0.0360374450683594 0.0109291076660156
0.0289344787597656 -0.0335483551025391 -0.0465660095214844 0.018707275390625
0.0363616943359375 -0.0127182006835938 -0.0492706298828125 0.00940322875976562
0.0292110443115234 0.0140361785888672 -0.0533409118652344 0.00576400756835937
0.0285301208496094 0.0174179077148437 -0.0512580871582031 0.0222702026367188
0.0340347290039063 0.0235729217529297 -0.0456695556640625 0.0465583801269531
0.0663528442382813 0.02850341796875 -0.00911331176757812 -0.0411109924316406
0.05499267578125 0.00716400146484375 0.0321445465087891 -0.00180435180664062
0.051727294921875 -0.00145721435546875 0.0608711242675781 -0.000850677490234375
0.0446815490722656 -0.0195808410644531 0.0667152404785156 -0.0262527465820313
0.0299224853515625 -0.0329780578613281 0.0470046997070313 -0.0391654968261719
0.00980377197265625 -0.0497169494628906 0.0209770202636719 -0.0443458557128906
-0.0116806030273438 -0.0511703491210937 0.00253486633300781 -0.0305995941162109
-0.0130157470703125 -0.0486335754394531 -0.00414609909057617 -0.00392007827758789
-0.0142593383789062 -0.0555305480957031 -0.0110969543457031 0.0199432373046875
0.00114059448242188 -0.0568618774414063 -0.0309829711914062 0.0301723480224609
0.02667236328125 -0.0468406677246094 -0.0432167053222656 0.0354385375976563
0.0396385192871094 -0.0300750732421875 -0.0469398498535156 0.0208778381347656
0.04351806640625 0.00173187255859375 -0.0472335815429688 0.014801025390625
0.0466842651367188 0.0100936889648438 -0.0361747741699219 0.0292854309082031
0.0508804321289063 0.0187034606933594 -0.0279731750488281 0.0580215454101562
0.0721511840820312 0.02728271484375 0.0130405426025391 -0.0301952362060547
0.0645866394042969 0.00971603393554688 0.0512733459472656 0.00842666625976563
0.0652046203613281 -0.00220108032226563 0.0717544555664063 0.007171630859375
0.0540847778320313 -0.0244979858398438 0.0734710693359375 -0.0180435180664063
0.0341377258300781 -0.0376319885253906 0.0497283935546875 -0.0283660888671875
0.0123100280761719 -0.0531234741210938 0.0244140625 -0.0284671783447266
-0.00964736938476562 -0.0518646240234375 0.00983333587646485 -0.0125398635864258
-0.0119056701660156 -0.0482978820800781 0.00591373443603515 0.0124912261962891
-0.0147438049316406 -0.0539588928222656 0.000743865966796877 0.0370330810546875
-0.00357818603515625 -0.0565834045410156 -0.0220870971679688 0.0479850769042969
0.020294189453125 -0.0522804260253906 -0.0354804992675781 0.04974365234375
0.0357322692871094 -0.0410079956054688 -0.04254150390625 0.0314521789550781
0.0507774353027344 -0.0110931396484375 -0.0400962829589844 0.0205917358398438
0.0582351684570313 0.00079345703125 -0.0185832977294922 0.0309829711914063
0.0608596801757813 0.0127601623535156 -0.00629043579101563 0.0666084289550781
0.0671806335449219 0.0207061767578125 0.0334987640380859 -0.0204429626464844
0.0640296936035156 0.00839614868164063 0.066162109375 0.0157546997070312
0.0675430297851562 -0.00421524047851562 0.076507568359375 0.0137786865234375
0.0547447204589844 -0.0269775390625 0.0735321044921875 -0.00841522216796875
0.0316085815429688 -0.0378189086914063 0.04852294921875 -0.0159797668457031
0.0106277465820313 -0.0477180480957031 0.0270061492919922 -0.0126190185546875
-0.00641632080078125 -0.04345703125 0.0161218643188477 0.00471782684326172
-0.00860977172851562 -0.0395317077636719 0.0144119262695313 0.0267467498779297
-0.0116310119628906 -0.0444107055664063 0.0113105773925781 0.0501632690429688
-0.00620651245117188 -0.0469245910644531 -0.0126304626464844 0.0619850158691406
0.0136909484863281 -0.0474472045898438 -0.0282669067382813 0.0600509643554687
0.0287055969238281 -0.0431289672851563 -0.0374069213867187 0.0380592346191406
0.05059814453125 -0.0180587768554688 -0.0322246551513672 0.0222187042236328
0.0595970153808594 -0.0056610107421875 -0.0019378662109375 0.0280380249023438
0.0597267150878906 0.00741195678710937 0.0162353515625 0.0715713500976562
0.0533256530761719 0.0106315612792969 0.0480613708496094 -0.0160255432128906
0.0539436340332031 0.00256729125976562 0.0744400024414062 0.0165557861328125
0.0578536987304688 -0.00992202758789063 0.0750274658203125 0.0150680541992187
0.0431251525878906 -0.0273628234863281 0.0688896179199219 -0.000457763671875002
0.0213050842285156 -0.0326671600341797 0.0451278686523438 -0.00559234619140625
0.00442123413085937 -0.0342235565185547 0.0273876190185547 0.00192642211914062
-0.003753662109375 -0.0274887084960938 0.0207099914550781 0.0183086395263672
-0.00486946105957031 -0.0253810882568359 0.021026611328125 0.0375175476074219
-0.00630950927734375 -0.0277271270751953 0.0179862976074219 0.0596084594726563
-0.00441169738769531 -0.0303287506103516 -0.0066070556640625 0.0706100463867188
0.00868606567382812 -0.0346145629882813 -0.0223846435546875 0.0659294128417969
0.0210418701171875 -0.0355567932128906 -0.03265380859375 0.0406494140625
0.0425033569335938 -0.0168113708496094 -0.0257930755615234 0.0204925537109375
0.0507583618164063 -0.00617218017578125 0.0122814178466797 0.0236930847167969
0.0490531921386719 0.0038299560546875 0.035858154296875 0.0747146606445313
0.031585693359375 -0.00105476379394531 0.0569267272949219 -0.0185966491699219
0.0365409851074219 -0.00603103637695313 0.0760269165039063 0.0102615356445313
0.0376739501953125 -0.0166015625 0.0677871704101563 0.0118598937988281
0.0225753784179688 -0.0245857238769531 0.0618362426757813 0.00537490844726562
0.00363731384277344 -0.0211601257324219 0.0419769287109375 0.000663757324218749
-0.00303077697753906 -0.0134944915771484 0.0293083190917969 0.0102958679199219
-0.00137424468994141 -0.00718545913696289 0.025115966796875 0.0249252319335937
6.67572021484376E-05 -0.00655984878540039 0.0236320495605469 0.0418663024902344
-0.000151157379150391 -0.00859212875366211 0.0194320678710938 0.0634498596191406
-0.00156211853027344 -0.0104408264160156 -0.005462646484375 0.0743942260742188
0.00403022766113281 -0.0164117813110352 -0.0215606689453125 0.0665321350097656
0.0133934020996094 -0.0214710235595703 -0.0310440063476562 0.040283203125
0.0295772552490234 -0.0101966857910156 -0.022613525390625 0.0183010101318359
0.0328598022460938 -0.00457572937011719 0.0198783874511719 0.0213470458984375
0.0284843444824219 7.62939453125E-06 0.0485153198242188 0.0766448974609375
0.00644683837890625 -0.0102834701538086 0.0581855773925781 -0.0273284912109375
0.0146598815917969 -0.0132150650024414 0.0708236694335937 -0.000488281250000001
0.0125770568847656 -0.0211334228515625 0.0597686767578125 0.00697708129882812
-0.00211143493652344 -0.0181255340576172 0.05609130859375 0.00593948364257813
-0.0138721466064453 -0.00539112091064453 0.0407943725585938 0.00156784057617187
-0.00988101959228515 0.00978374481201172 0.0315494537353516 0.00999832153320313
0.00226783752441406 0.0147266387939453 0.0260391235351563 0.0232372283935547
0.00436019897460937 0.0126733779907227 0.0232620239257813 0.0394706726074219
0.00609874725341797 0.0125761032104492 0.0154876708984375 0.061004638671875
-0.000102996826171874 0.00989723205566406 -0.00908660888671875 0.0724716186523437
-0.00188446044921875 0.000876545906066895 -0.0246849060058594 0.0638351440429688
0.00251054763793945 -0.00655031204223633 -0.0329704284667969 0.0390167236328125
0.0114736557006836 -0.00231742858886719 -0.0252571105957031 0.0166740417480469
0.00864410400390625 -0.00195550918579102 0.0180511474609375 0.0201148986816406
0.00282549858093262 -0.00338363647460938 0.0512466430664063 0.0764694213867188
0.0334072113037109 0.0234012603759766 -0.0415267944335937 -0.0637741088867188
0.0195178985595703 -0.0008392333984375 -0.0021820068359375 -0.0212078094482422
0.0132122039794922 -0.00361919403076172 0.0354728698730469 -0.01312255859375
0.0135354995727539 -0.0104169845581055 0.0469856262207031 -0.0363349914550781
0.00899505615234375 -0.0178794860839844 0.0357894897460937 -0.0522117614746094
-0.00320816040039063 -0.0287437438964844 0.0108222961425781 -0.0656242370605469
-0.0162086486816406 -0.0306835174560547 -0.0117683410644531 -0.0566177368164062
-0.0139064788818359 -0.0295982360839844 -0.0180435180664063 -0.0324726104736328
-0.00999832153320313 -0.035614013671875 -0.0242652893066406 -0.0120334625244141
0.00768089294433594 -0.0339241027832031 -0.0359687805175781 -0.00304031372070313
0.0239696502685547 -0.0191802978515625 -0.0457954406738281 0.00624847412109375
0.0262317657470703 0.000295639038085938 -0.0504341125488281 8.39233398437488E-05
0.0127754211425781 0.0198230743408203 -0.0594253540039063 -0.00627517700195313
0.0101547241210937 0.0205898284912109 -0.0639114379882812 0.00708770751953126
0.0167236328125 0.0256843566894531 -0.0555191040039062 0.0302085876464844
0.05419921875 0.0287742614746094 -0.02545166015625 -0.0540504455566406
0.0400276184082031 0.00236892700195313 0.0154705047607422 -0.0139579772949219
0.0333328247070313 -0.00357437133789063 0.0482521057128906 -0.00872421264648438
0.0296001434326172 -0.0163002014160156 0.057403564453125 -0.0325431823730469
0.0196437835693359 -0.0270843505859375 0.0434150695800781 -0.0457763671875
0.0023345947265625 -0.0422248840332031 0.0192718505859375 -0.0560111999511719
-0.0156326293945313 -0.043975830078125 -0.00269317626953125 -0.0450248718261719
-0.0145187377929688 -0.042236328125 -0.00919723510742188 -0.01947021484375
-0.0126419067382813 -0.0498619079589844 -0.0171241760253906 0.00283718109130859
0.00580978393554688 -0.0503997802734375 -0.0335502624511719 0.0130462646484375
0.0297012329101563 -0.0365104675292969 -0.0447807312011719 0.0206756591796875
0.0390701293945313 -0.0145187377929688 -0.0488700866699219 0.0101509094238281
0.0331077575683594 0.0157527923583984 -0.0534324645996094 0.00573348999023437
0.0320758819580078 0.0206489562988281 -0.0503807067871094 0.0198478698730469
0.0369033813476563 0.0268363952636719 -0.0430717468261719 0.0450019836425781
0.0669975280761719 0.031402587890625 -0.00432205200195312 -0.041778564453125
0.0554084777832031 0.00752639770507812 0.0358161926269531 -0.00258255004882812
0.0516891479492188 -0.00262069702148438 0.0623779296875 -0.0007476806640625
0.0443840026855469 -0.0199470520019531 0.0682716369628906 -0.0254745483398438
0.0295982360839844 -0.0332450866699219 0.0491905212402344 -0.0376319885253906
0.00859451293945312 -0.0499496459960938 0.0253372192382813 -0.0434226989746094
-0.0126571655273437 -0.0513954162597656 0.00676536560058594 -0.0296268463134766
-0.0131378173828125 -0.0492630004882813 0.000774145126342772 -0.00406336784362793
-0.0142059326171875 -0.0565032958984375 -0.00625228881835937 0.02056884765625
0.001953125 -0.0588493347167969 -0.0271644592285156 0.0319957733154297
0.0282440185546875 -0.0483551025390625 -0.0407295227050781 0.0375747680664063
0.0420150756835938 -0.0298690795898438 -0.0460968017578125 0.0224685668945312
0.0469703674316406 0.00443267822265625 -0.0466194152832031 0.0156784057617188
0.0493507385253906 0.0138778686523438 -0.0345458984375 0.0282993316650391
0.0518226623535156 0.0230827331542969 -0.0245819091796875 0.0581512451171875
0.0702285766601562 0.0298004150390625 0.0170383453369141 -0.0289211273193359
0.0628623962402344 0.0117454528808594 0.0545730590820313 0.00912857055664063
0.0642051696777344 -0.00154876708984375 0.0740585327148438 0.00797271728515625
0.0539283752441406 -0.0225791931152344 0.0759048461914063 -0.0168609619140625
0.0347213745117188 -0.0363731384277344 0.0524368286132813 -0.0271415710449219
0.01239013671875 -0.0522117614746094 0.0290374755859375 -0.0276470184326172
-0.00820541381835938 -0.0513839721679688 0.0141048431396484 -0.011530876159668
-0.0107383728027344 -0.0478172302246094 0.0100879669189453 0.0127983093261719
-0.0136680603027344 -0.0537910461425781 0.00516891479492187 0.0375595092773438
-0.00272750854492188 -0.0560646057128906 -0.0181121826171875 0.0503768920898437
0.0220909118652344 -0.0516548156738281 -0.033172607421875 0.0526695251464844
0.0376930236816406 -0.0396919250488281 -0.0410881042480469 0.0334091186523437
0.05242919921875 -0.00783157348632813 -0.0394630432128906 0.0219917297363281
0.0582962036132813 0.00464630126953125 -0.0170021057128906 0.0314311981201172
0.0594329833984375 0.0165481567382813 -0.00239181518554688 0.0684051513671875
0.0639190673828125 0.0236587524414063 0.0364608764648438 -0.0182991027832031
0.0603370666503906 0.0109138488769531 0.0689888000488281 0.0170135498046875
0.0650138854980469 -0.0019378662109375 0.0789413452148437 0.0147705078125
0.0543708801269531 -0.0240211486816406 0.0765609741210938 -0.00677490234375
0.0326461791992188 -0.0351448059082031 0.0515213012695313 -0.015533447265625
0.0125160217285156 -0.04608154296875 0.0305976867675781 -0.0123004913330078
-0.00374221801757812 -0.0425643920898438 0.0194969177246094 0.00524711608886718
-0.00609970092773438 -0.0385513305664063 0.0182266235351563 0.0273895263671875
-0.00922775268554688 -0.0433158874511719 0.0150604248046875 0.0506439208984375
-0.00361251831054688 -0.0455284118652344 -0.00953292846679688 0.0641555786132813
0.0156326293945312 -0.0450477600097656 -0.0250968933105469 0.0625724792480469
0.0303268432617188 -0.0406074523925781 -0.0354995727539063 0.0395355224609375
0.0500640869140625 -0.0147132873535156 -0.0312252044677734 0.0234088897705078
0.0576744079589844 -0.00227737426757813 -0.000127792358398437 0.0288505554199219
0.0571365356445313 0.0110359191894531 0.018798828125 0.0743331909179688
0.0483932495117188 0.0122947692871094 0.050750732421875 -0.01220703125
0.0493850708007813 0.0056915283203125 0.07647705078125 0.0196456909179688
0.0540199279785156 -0.00681304931640625 0.0768814086914063 0.016387939453125
0.0425224304199219 -0.023406982421875 0.0716323852539063 0.000656127929687499
0.0213794708251953 -0.0283851623535156 0.046539306640625 -0.005035400390625
0.00711441040039063 -0.0314655303955078 0.0299224853515625 0.00168800354003906
-0.000511169433593751 -0.0261344909667969 0.0232734680175781 0.0186424255371094
-0.00093269348144531 -0.0238857269287109 0.0226364135742188 0.0371551513671875
-0.00269126892089844 -0.0265483856201172 0.0205802917480469 0.0593795776367187
-0.00151252746582031 -0.0277748107910156 -0.00356292724609375 0.0718460083007813
0.0107975006103516 -0.0302886962890625 -0.0202560424804688 0.0671005249023438
0.0217971801757813 -0.0314903259277344 -0.0309944152832031 0.0419654846191406
0.0405731201171875 -0.0131492614746094 -0.0248813629150391 0.0219192504882812
0.0466804504394531 -0.00320053100585937 0.01336669921875 0.0249862670898438
0.0445213317871094 0.00572967529296875 0.0372161865234375 0.0786895751953125
0.026336669921875 -0.00070953369140625 0.0581932067871094 -0.0140876770019531
0.031494140625 -0.00368499755859375 0.0771255493164063 0.0141143798828125
0.0340709686279297 -0.0138931274414063 0.0703048706054688 0.0143203735351563
0.0206508636474609 -0.021026611328125 0.0638923645019531 0.00504302978515625
0.0043182373046875 -0.0170421600341797 0.0430831909179688 0.000408172607421874
-0.000841140747070313 -0.0102214813232422 0.0304603576660156 0.00934982299804688
0.00247716903686523 -0.00514650344848633 0.0250167846679688 0.0249061584472656
0.00427150726318359 -0.00489521026611328 0.0244178771972656 0.0415802001953125
0.00472927093505859 -0.00658798217773438 0.0205192565917969 0.0632362365722656
0.0019068717956543 -0.00661802291870117 -0.00355529785156251 0.07476806640625
0.00588893890380859 -0.0114173889160156 -0.0201072692871094 0.066864013671875
0.0124711990356445 -0.0168056488037109 -0.0304222106933594 0.0416183471679688
0.0262050628662109 -0.00661087036132813 -0.0223770141601562 0.0193309783935547
0.0272140502929688 -0.0019378662109375 0.0199775695800781 0.02313232421875
0.0228080749511719 0.00213623046875 0.0485153198242188 0.08074951171875
0.00166797637939453 -0.0117263793945313 0.0581245422363281 -0.0227546691894531
0.00954723358154297 -0.0124740600585938 0.070648193359375 0.00347900390625
0.00796127319335937 -0.0192718505859375 0.0612983703613281 0.00883865356445312
-0.00486660003662109 -0.0153064727783203 0.057891845703125 0.00582504272460937
-0.0135831832885742 -0.00112628936767578 0.0408515930175781 0.000476837158203125
-0.0075674057006836 0.0137395858764648 0.0304470062255859 0.00809097290039063
0.00682163238525391 0.0167160034179688 0.0239524841308594 0.0232124328613281
0.00867748260498047 0.0144920349121094 0.0216636657714844 0.0389213562011719
0.0103988647460937 0.0143461227416992 0.0147857666015625 0.0600776672363281
0.00344753265380859 0.0131521224975586 -0.00901031494140625 0.0723190307617187
-0.000481128692626953 0.00614023208618164 -0.0247726440429688 0.0625572204589844
0.00137984752655029 -0.00209474563598633 -0.0329818725585938 0.0394515991210938
0.00789213180541992 0.000528812408447266 -0.0257186889648437 0.0171184539794922
0.00270295143127441 -0.000357389450073242 0.0165939331054688 0.0222911834716797
-0.00276732444763184 -0.00297784805297852 0.0493698120117188 0.0797882080078125
0.0394935607910156 0.0255241394042969 -0.0390052795410156 -0.0689620971679688
0.0242099761962891 -0.00387763977050781 -0.00026702880859375 -0.0246162414550781
0.016148567199707 -0.00734996795654297 0.0374221801757813 -0.0145530700683594
0.0144243240356445 -0.0149602890014648 0.0493698120117188 -0.0365943908691406
0.00739288330078125 -0.0219192504882812 0.03802490234375 -0.0524444580078125
-0.00779151916503906 -0.0323600769042969 0.0142440795898437 -0.0663795471191406
-0.0201530456542969 -0.0327510833740234 -0.00899505615234375 -0.0577812194824219
-0.0173873901367188 -0.0311031341552734 -0.0150794982910156 -0.0335102081298828
-0.0140495300292969 -0.0387191772460938 -0.0218067169189453 -0.012664794921875
0.00506973266601562 -0.0386962890625 -0.0342807769775391 -0.00174331665039063
0.0247230529785156 -0.0239963531494141 -0.04632568359375 0.00722885131835937
0.0291862487792969 -0.00261688232421875 -0.0517196655273438 -0.000423431396484386
0.0184669494628906 0.0191116333007813 -0.0624198913574219 -0.00801849365234374
0.0162734985351563 0.0225429534912109 -0.0657882690429688 0.00299835205078125
0.0218086242675781 0.0292491912841797 -0.055755615234375 0.0264053344726563
0.0595054626464844 0.0313873291015625 -0.0209274291992187 -0.0584983825683594
0.0439262390136719 0.00170516967773438 0.0190563201904297 -0.0164604187011719
0.0357894897460938 -0.00589752197265625 0.0517425537109375 -0.009307861328125
0.0305519104003906 -0.0193595886230469 0.0607223510742188 -0.0319786071777344
0.0191688537597656 -0.0293655395507813 0.0467987060546875 -0.0452919006347656
-0.000400543212890628 -0.0448532104492188 0.0236053466796875 -0.0566749572753906
-0.0186958312988281 -0.0458831787109375 0.00147628784179688 -0.0463409423828125
-0.0166702270507812 -0.0445976257324219 -0.00478744506835938 -0.0201873779296875
-0.0152931213378906 -0.0535850524902344 -0.0122394561767578 0.00327682495117187
0.00495147705078125 -0.0548629760742188 -0.0305061340332031 0.014892578125
0.0324325561523438 -0.04046630859375 -0.0441741943359375 0.0229377746582031
0.0424880981445313 -0.0167579650878906 -0.0494155883789062 0.0113716125488281
0.0388107299804688 0.0171127319335938 -0.0553855895996094 0.00495910644531251
0.0377731323242188 0.0241241455078125 -0.0522270202636719 0.0175857543945313
0.041473388671875 0.0319328308105469 -0.0420989990234375 0.0430335998535156
0.0702476501464844 0.0355873107910156 0.00131225585937501 -0.0452003479003906
0.057373046875 0.0094757080078125 0.0406112670898438 -0.00381851196289062
0.0537948608398437 -0.00177764892578125 0.0663909912109375 -0.00118637084960938
0.0457305908203125 -0.0215187072753906 0.0725784301757813 -0.0243911743164063
0.0300788879394531 -0.0339851379394531 0.0545501708984375 -0.0366706848144531
0.00832366943359375 -0.0522651672363281 0.0309677124023438 -0.0438690185546875
-0.0133781433105469 -0.0524749755859375 0.0118331909179688 -0.0301570892333984
-0.0137405395507813 -0.0505638122558594 0.00562810897827148 -0.00400972366333008
-0.0155906677246094 -0.0590095520019531 -0.000816345214843753 0.0211181640625
0.0023040771484375 -0.061676025390625 -0.0237846374511719 0.0351829528808594
0.030975341796875 -0.0513458251953125 -0.0390663146972656 0.0399017333984375
0.0462570190429688 -0.0314559936523438 -0.0457878112792969 0.0247230529785156
0.0517120361328125 0.00650405883789063 -0.0473556518554688 0.0157928466796875
0.0540428161621094 0.017852783203125 -0.0339336395263672 0.0278968811035156
0.0552406311035156 0.0291633605957031 -0.0220985412597656 0.0584449768066406
0.0714645385742188 0.0352554321289063 0.0231857299804688 -0.0292835235595703
0.0633010864257813 0.0148887634277344 0.0594825744628906 0.00991058349609375
0.0651969909667969 0.00132369995117187 0.079010009765625 0.00891876220703125
0.0560150146484375 -0.021820068359375 0.0807037353515625 -0.015106201171875
0.0360603332519531 -0.0356559753417969 0.0578575134277344 -0.0266838073730469
0.0134239196777344 -0.0528678894042969 0.0347690582275391 -0.0287246704101562
-0.00670623779296875 -0.0520858764648438 0.0195789337158203 -0.0119895935058594
-0.00867080688476563 -0.0487556457519531 0.0152626037597656 0.0125503540039062
-0.0124053955078125 -0.0563697814941406 0.0105361938476563 0.0381851196289063
-0.000488281250000003 -0.0584259033203125 -0.0141181945800781 0.0529365539550781
0.0252914428710937 -0.0531082153320313 -0.0310821533203125 0.0556259155273438
0.0415840148925781 -0.0397682189941406 -0.0405731201171875 0.0355148315429687
0.0564384460449219 -0.00492477416992188 -0.0388908386230469 0.0235557556152344
0.0621871948242187 0.00969314575195312 -0.0153255462646484 0.0314044952392578
0.0609169006347656 0.0221977233886719 0.000556945800781249 0.0705108642578125
0.0618782043457031 0.0278129577636719 0.0414695739746094 -0.0160713195800781
0.0597648620605469 0.0150794982910156 0.0745010375976563 0.0207595825195313
0.0659561157226563 0.00150299072265625 0.0832061767578125 0.0165481567382813
0.0559310913085938 -0.020538330078125 0.08160400390625 -0.00563812255859375
0.0357246398925781 -0.0327682495117188 0.0555496215820312 -0.0151023864746094
0.0149955749511719 -0.045257568359375 0.0349769592285156 -0.0123481750488281
-0.000297546386718746 -0.0429115295410156 0.0243110656738281 0.00531578063964844
-0.00286865234375 -0.0393180847167969 0.021453857421875 0.0268287658691406
-0.00608444213867187 -0.0441856384277344 0.0191993713378906 0.0523262023925781
-0.000171661376953123 -0.0457878112792969 -0.00634002685546875 0.0671920776367187
0.0190773010253906 -0.0435752868652344 -0.0234489440917969 0.0654487609863281
0.0331230163574219 -0.0386924743652344 -0.0343513488769531 0.0422439575195312
0.05230712890625 -0.0106239318847656 -0.0306205749511719 0.0254859924316406
0.0582160949707031 0.00275039672851563 0.00217819213867188 0.0310344696044922
0.0560417175292969 0.0163841247558594 0.0227890014648438 0.0792465209960938
0.0441322326660156 0.0157928466796875 0.0549087524414063 -0.00810623168945312
0.0458869934082031 0.009429931640625 0.08172607421875 0.0239028930664063
0.0532646179199219 -0.00220108032226563 0.0819320678710938 0.019378662109375
0.0429420471191406 -0.0198135375976563 0.0764312744140625 0.00188446044921875
0.0239887237548828 -0.0247402191162109 0.0501594543457031 -0.00547409057617188
0.0109786987304688 -0.0295772552490234 0.0332965850830078 0.00186538696289062
0.00428009033203125 -0.0258388519287109 0.0259056091308594 0.0190544128417969
0.003662109375 -0.023223876953125 0.0262527465820312 0.0380210876464844
0.00269699096679687 -0.0264434814453125 0.0235214233398438 0.0604972839355469
0.00294685363769531 -0.0255279541015625 -0.000885009765624992 0.07525634765625
0.0145931243896484 -0.0274105072021484 -0.0193367004394531 0.0702781677246094
0.0235671997070313 -0.0279350280761719 -0.0308418273925781 0.0445137023925781
0.0402450561523437 -0.00848007202148437 -0.0247364044189453 0.0239906311035156
0.0443687438964844 0.00084686279296875 0.0154190063476563 0.0279312133789062
0.0413665771484375 0.009918212890625 0.0395736694335937 0.0841445922851563
0.0221443176269531 0.00156593322753906 0.0612602233886719 -0.00929641723632813
0.0277557373046875 -0.00157928466796875 0.0806655883789063 0.0191421508789063
0.0311870574951172 -0.00994682312011719 0.0749435424804688 0.016876220703125
0.0205116271972656 -0.0163707733154297 0.0681877136230469 0.00569915771484375
0.0056753158569336 -0.0127334594726563 0.0452499389648438 -0.000419616699218751
0.00380039215087891 -0.0074005126953125 0.0316238403320312 0.00899505615234375
0.00761651992797852 -0.00366544723510742 0.0259666442871094 0.0253143310546875
0.00884056091308594 -0.00297832489013672 0.0250701904296875 0.0426902770996094
0.00987911224365234 -0.00505924224853516 0.02081298828125 0.0638618469238281
0.00678062438964844 -0.00439548492431641 -0.00291442871093749 0.0769577026367188
0.00844764709472656 -0.00697946548461914 -0.0201988220214844 0.0690765380859375
0.0135946273803711 -0.0116071701049805 -0.0304145812988281 0.0432052612304688
0.0232448577880859 -0.0016632080078125 -0.0224857330322266 0.0209140777587891
0.0226573944091797 0.00189399719238281 0.020111083984375 0.0263042449951172
0.0182399749755859 0.00398445129394531 0.0490875244140625 0.0875778198242188
-0.00361728668212891 -0.0114450454711914 0.0597267150878906 -0.0184745788574219
0.00457191467285156 -0.0117177963256836 0.07342529296875 0.00843048095703125
0.00326347351074219 -0.0162086486816406 0.0651435852050781 0.0106964111328125
-0.00693130493164062 -0.0112199783325195 0.0607376098632813 0.00612258911132813
-0.0138044357299805 0.00280666351318359 0.041351318359375 -0.00083160400390625
-0.00485420227050781 0.0180301666259766 0.0303230285644531 0.00778007507324219
0.0110931396484375 0.0188407897949219 0.0233039855957031 0.0237808227539063
0.0132875442504883 0.0161447525024414 0.0200538635253906 0.040771484375
0.015955924987793 0.0165338516235352 0.0135231018066406 0.0623626708984375
0.00816631317138672 0.0166149139404297 -0.00907135009765625 0.07379150390625
0.0025482177734375 0.0107326507568359 -0.0250167846679687 0.063995361328125
0.00196599960327148 0.00271987915039063 -0.0334548950195313 0.0405349731445312
0.0044865608215332 0.00411510467529297 -0.0265464782714844 0.01885986328125
-0.0031580924987793 0.00270295143127441 0.016204833984375 0.0250434875488281
-0.00820398330688477 -0.00261402130126953 0.0488662719726563 0.0863723754882813
0.0485572814941406 0.0255928039550781 -0.0387954711914063 -0.0771560668945312
0.0294857025146484 -0.00641059875488281 0.00100898742675781 -0.0298385620117188
0.0192222595214844 -0.0127201080322266 0.0395050048828125 -0.0167045593261719
0.0141220092773438 -0.0208663940429688 0.0517616271972656 -0.0385856628417969
0.00465774536132813 -0.0267219543457031 0.0409889221191406 -0.0548019409179688
-0.0139045715332031 -0.0359840393066406 0.0167655944824219 -0.0696296691894531
-0.0270061492919922 -0.0345325469970703 -0.00744247436523438 -0.0608711242675781
-0.0228080749511719 -0.0339813232421875 -0.0127143859863281 -0.036224365234375
-0.0209732055664062 -0.042083740234375 -0.0194473266601563 -0.0134773254394531
0.000816345214843748 -0.0436172485351563 -0.0333080291748047 -0.00112915039062501
0.0249366760253906 -0.0307235717773437 -0.0462837219238281 0.0103034973144531
0.0332260131835938 -0.00807952880859375 -0.0547142028808594 0.000629425048828115
0.0254554748535156 0.0180950164794922 -0.0670852661132813 -0.00893020629882811
0.0247364044189453 0.0237598419189453 -0.0709609985351562 0.000808715820312513
0.0301723480224609 0.0328216552734375 -0.0579566955566406 0.0240135192871094
0.0672798156738281 0.0336647033691406 -0.0178947448730469 -0.0655059814453125
0.0494842529296875 0.000213623046875 0.0229530334472656 -0.0210971832275391
0.0393180847167969 -0.00932693481445312 0.0554771423339844 -0.0113105773925781
0.0312080383300781 -0.0240402221679688 0.0654640197753906 -0.0341224670410156
0.0174369812011719 -0.0340595245361328 0.05230712890625 -0.0471000671386719
-0.00450897216796875 -0.0486717224121094 0.0283660888671875 -0.0590324401855469
-0.0233802795410156 -0.0487823486328125 0.00643920898437499 -0.0485572814941406
-0.020782470703125 -0.0472831726074219 -0.000442504882812503 -0.0228557586669922
-0.0207748413085937 -0.0573043823242188 -0.0083613395690918 0.00228500366210937
0.00206375122070313 -0.06097412109375 -0.0280590057373047 0.0169239044189453
0.0334358215332031 -0.0469856262207031 -0.0426368713378906 0.0260848999023438
0.0480117797851563 -0.021728515625 -0.0504264831542969 0.0131301879882813
0.0474090576171875 0.0168380737304688 -0.0577926635742188 0.00552749633789063
0.0469474792480469 0.0262985229492188 -0.0538749694824219 0.0158271789550781
0.0496139526367188 0.0373420715332031 -0.041107177734375 0.0431938171386719
0.0770263671875 0.04010009765625 0.00702285766601562 -0.0494346618652344
0.0624885559082031 0.00974273681640625 0.0467338562011719 -0.00647354125976562
0.0571441650390625 -0.00309371948242188 0.07281494140625 -0.00211334228515625
0.0478324890136719 -0.0243492126464844 0.0790481567382813 -0.0266189575195313
0.0302772521972656 -0.0369415283203125 0.0604705810546875 -0.0387992858886719
0.005645751953125 -0.0554351806640625 0.037139892578125 -0.0469169616699219
-0.0164604187011719 -0.0562705993652344 0.0173988342285156 -0.0323028564453125
-0.0159149169921875 -0.0538101196289063 0.0111627578735352 -0.00584983825683594
-0.0183525085449219 -0.0630874633789063 0.00452804565429687 0.0210170745849609
0.00088882446289063 -0.0674095153808594 -0.01898193359375 0.0373802185058594
0.0341415405273438 -0.0570335388183594 -0.0365676879882813 0.0447769165039062
0.0518798828125 -0.0348854064941406 -0.0460662841796875 0.0272941589355469
0.0603370666503906 0.00818252563476563 -0.0481758117675781 0.017669677734375
0.0624160766601563 0.0216827392578125 -0.0337924957275391 0.0278129577636719
0.0623703002929688 0.0351753234863281 -0.0189704895019531 0.0608596801757813
0.074127197265625 0.0395965576171875 0.0308265686035156 -0.0312976837158203
0.0668258666992188 0.0190658569335938 0.067718505859375 0.00931167602539063
0.0685501098632813 0.00345230102539063 0.0858535766601562 0.0088043212890625
0.0586509704589844 -0.0220451354980469 0.0878677368164063 -0.0173797607421875
0.0388069152832031 -0.0368385314941406 0.0643348693847656 -0.028289794921875
0.0141410827636719 -0.0552597045898438 0.0414009094238281 -0.0309371948242188
-0.00676727294921876 -0.0556640625 0.0252914428710937 -0.0145320892333984
-0.00870895385742188 -0.0517578125 0.0212669372558594 0.0117359161376953
-0.0123405456542969 -0.0596389770507813 0.016387939453125 0.0390777587890625
0.000885009765625001 -0.0622177124023438 -0.00922012329101562 0.05718994140625
0.0290260314941406 -0.0560722351074219 -0.0278549194335938 0.060577392578125
0.0466499328613281 -0.0419654846191406 -0.039459228515625 0.0386962890625
0.0623931884765625 -0.00293731689453125 -0.0388565063476562 0.0254936218261719
0.0673561096191406 0.0133399963378906 -0.0130825042724609 0.0328369140625
0.0653038024902344 0.0282783508300781 0.00569915771484375 0.0749435424804688
0.0634956359863281 0.0332679748535156 0.0507659912109375 -0.0152473449707031
0.0609550476074219 0.0207443237304688 0.0832901000976563 0.022003173828125
0.0674896240234375 0.0054931640625 0.091888427734375 0.0177993774414063
0.0597457885742188 -0.0193214416503906 0.0898895263671875 -0.00627899169921875
0.0384445190429688 -0.0323219299316406 0.0614204406738281 -0.0165023803710938
0.0183982849121094 -0.0464324951171875 0.0407333374023438 -0.0141220092773438
0.00231552124023438 -0.0455970764160156 0.0293560028076172 0.0047454833984375
0.000602722167968753 -0.040679931640625 0.0274257659912109 0.0280399322509766
-0.00365447998046875 -0.0471916198730469 0.0255470275878906 0.0538368225097656
0.00258255004882812 -0.0475502014160156 -0.000122070312500004 0.0716781616210938
0.0231094360351562 -0.0450973510742187 -0.0192070007324219 0.0699195861816406
0.037567138671875 -0.0377655029296875 -0.0325241088867188 0.0459136962890625
0.0554237365722656 -0.00749588012695313 -0.0294933319091797 0.0273036956787109
0.0611495971679687 0.00685501098632812 0.00598907470703125 0.0332794189453125
0.0570640563964844 0.0217399597167969 0.028472900390625 0.0853271484375
0.042449951171875 0.0199203491210938 0.0629463195800781 -0.0054473876953125
0.0451164245605469 0.01434326171875 0.0898818969726563 0.027252197265625
0.0531196594238281 0.00226593017578125 0.0895156860351563 0.02117919921875
0.0454864501953125 -0.0156135559082031 0.0842666625976563 0.00193023681640625
0.0277900695800781 -0.0218925476074219 0.0555763244628906 -0.00576019287109375
0.015380859375 -0.0290431976318359 0.0384407043457031 0.000232696533203123
0.00887298583984375 -0.0273113250732422 0.0301837921142578 0.019775390625
0.00824546813964843 -0.0242748260498047 0.0301170349121094 0.0387001037597656
0.00776863098144532 -0.0272064208984375 0.0278244018554687 0.0638427734375
0.00822067260742188 -0.0263824462890625 0.00426483154296875 0.0792617797851563
0.0184440612792969 -0.0254917144775391 -0.0156097412109375 0.0736770629882813
0.0268192291259766 -0.0245532989501953 -0.0290412902832031 0.0478324890136719
0.0413665771484375 -0.00456619262695313 -0.023101806640625 0.0265769958496094
0.0430717468261719 0.00566482543945312 0.0188922882080078 0.0297813415527344
0.0386581420898438 0.01458740234375 0.0459976196289063 0.0928192138671875
0.0173473358154297 0.00371837615966797 0.0675773620605469 -0.00452041625976563
0.0235366821289063 0.00307464599609375 0.0888671875 0.02325439453125
0.0279445648193359 -0.00566864013671875 0.0823135375976563 0.0184860229492188
0.0213546752929688 -0.0115718841552734 0.0753631591796875 0.00562286376953125
0.00856924057006836 -0.00786399841308594 0.0485801696777344 -0.000408172607421875
0.0083308219909668 -0.00531435012817383 0.0334644317626953 0.00850296020507813
0.01336669921875 -0.00343132019042969 0.0272903442382813 0.0267505645751953
0.0150070190429687 -0.00345039367675781 0.0269088745117188 0.0444145202636719
0.0169534683227539 -0.00489139556884766 0.0237312316894531 0.0666160583496094
0.0124588012695313 -0.00250053405761719 0.000526428222656243 0.080352783203125
0.0130786895751953 -0.00307083129882812 -0.0179290771484375 0.0721664428710938
0.0155849456787109 -0.00652122497558594 -0.0295257568359375 0.0463485717773438
0.0224208831787109 0.00290298461914063 -0.0219669342041016 0.0239830017089844
0.0188407897949219 0.00687789916992188 0.0235958099365234 0.0293121337890625
0.0129499435424805 0.0075836181640625 0.054290771484375 0.0958480834960938
-0.0102357864379883 -0.012481689453125 0.0640068054199219 -0.0144004821777344
-0.00140094757080078 -0.00971698760986328 0.0795669555664063 0.01275634765625
-0.00174236297607422 -0.0136032104492188 0.0713043212890625 0.0121307373046875
-0.00844049453735352 -0.0059971809387207 0.0666770935058594 0.00529861450195313
-0.0136528015136719 0.00820159912109375 0.0428428649902344 -0.00216293334960937
0.000255584716796875 0.0217514038085938 0.0304298400878906 0.00677490234375
0.0182819366455078 0.020172119140625 0.0224723815917969 0.0250186920166016
0.0202064514160156 0.01849365234375 0.0203819274902344 0.0423431396484375
0.0232467651367188 0.017913818359375 0.0140113830566406 0.0646743774414063
0.0150833129882813 0.0192966461181641 -0.00827789306640625 0.0770034790039063
0.00640392303466797 0.0163850784301758 -0.0252799987792969 0.0664176940917969
0.00388717651367188 0.00892066955566406 -0.0353164672851563 0.0434837341308594
0.00162029266357422 0.0103521347045898 -0.0281333923339844 0.0218105316162109
-0.00927066802978515 0.00712299346923828 0.0165023803710938 0.0298748016357422
-0.0162563323974609 -0.00151252746582031 0.0513992309570313 0.0954742431640625
0.0601882934570313 0.0232124328613281 -0.041473388671875 -0.086822509765625
0.0353469848632813 -0.0135879516601563 0.00112915039062501 -0.0359992980957031
0.0210094451904297 -0.0197467803955078 0.0414657592773438 -0.0205078125
0.0120830535888672 -0.0280990600585937 0.0534248352050781 -0.0430374145507812
0.000286102294921872 -0.0323371887207031 0.0434989929199219 -0.058197021484375
-0.0218009948730469 -0.0387687683105469 0.0174102783203125 -0.073486328125
-0.0353927612304687 -0.0349235534667969 -0.0067291259765625 -0.0643730163574219
-0.0306472778320313 -0.0345821380615234 -0.011199951171875 -0.0393142700195312
-0.0298385620117187 -0.0440139770507813 -0.0172796249389648 -0.0154762268066406
-0.00577926635742187 -0.0494461059570312 -0.0319499969482422 6.86645507812515E-05
0.0224990844726562 -0.0386199951171875 -0.0457725524902344 0.0135498046875
0.0355224609375 -0.0161857604980469 -0.0575141906738281 0.00329971313476562
0.0336074829101563 0.0150012969970703 -0.0720977783203125 -0.0075531005859375
0.0342845916748047 0.0227336883544922 -0.0765609741210937 0.000129699707031256
0.0407447814941406 0.0336952209472656 -0.0606193542480469 0.0230636596679688
0.0775909423828125 0.0338516235351563 -0.0158615112304687 -0.0746841430664063
0.0555992126464844 -0.00433349609375 0.0266094207763672 -0.0272750854492188
0.0418739318847656 -0.01593017578125 0.0594863891601563 -0.0153274536132813
0.0302276611328125 -0.0303058624267578 0.0693283081054688 -0.0385856628417969
0.0139884948730469 -0.0385322570800781 0.0563201904296875 -0.0518722534179688
-0.0115280151367187 -0.0517196655273438 0.0314903259277344 -0.0646705627441406
-0.0306816101074219 -0.050537109375 0.009857177734375 -0.0532302856445313
-0.027252197265625 -0.0493850708007813 0.00321578979492187 -0.0260200500488281
-0.0283355712890625 -0.0600013732910156 -0.00371861457824707 0.000458240509033199
-0.00298690795898437 -0.0672760009765625 -0.0235729217529297 0.0182228088378906
0.033355712890625 -0.0562553405761719 -0.0399360656738281 0.0301551818847656
0.052703857421875 -0.0301437377929688 -0.0510063171386719 0.0159759521484375
0.0572891235351563 0.0147590637207031 -0.0606956481933594 0.00820159912109376
0.0579071044921875 0.0273056030273438 -0.0561752319335937 0.0162506103515625
0.0610923767089844 0.0400733947753906 -0.0397224426269531 0.0433578491210937
0.08612060546875 0.0416259765625 0.0124168395996094 -0.0573692321777344
0.0678520202636719 0.00850296020507813 0.0534515380859375 -0.0123825073242188
0.0614547729492188 -0.00698089599609375 0.0788497924804688 -0.0060577392578125
0.0489692687988281 -0.0294609069824219 0.0865325927734375 -0.0312042236328125
0.0292205810546875 -0.0408935546875 0.0666351318359375 -0.0437431335449219
0.00160598754882812 -0.0591354370117188 0.0426368713378906 -0.0521316528320313
-0.0204315185546875 -0.0587196350097656 0.022979736328125 -0.0373153686523438
-0.0199356079101563 -0.0568428039550781 0.017247200012207 -0.00966072082519532
-0.0233955383300781 -0.0673980712890625 0.0119113922119141 0.0195884704589844
-0.002716064453125 -0.074127197265625 -0.0129737854003906 0.0398902893066406
0.0345230102539063 -0.0650825500488281 -0.0318565368652344 0.0494537353515625
0.0566139221191406 -0.0422172546386719 -0.0441970825195313 0.0314903259277344
0.0700416564941406 0.00562286376953125 -0.0489540100097656 0.0216331481933594
0.0727005004882813 0.0232772827148437 -0.0324726104736328 0.028778076171875
0.07208251953125 0.0394439697265625 -0.0137786865234375 0.0625114440917969
0.0817489624023437 0.0438690185546875 0.0388908386230469 -0.0364799499511719
0.0713958740234375 0.0196990966796875 0.0770950317382812 0.00531005859375
0.07318115234375 0.00318145751953125 0.0938720703125 0.0057373046875
0.0624351501464844 -0.0246391296386719 0.0969467163085937 -0.0218887329101562
0.0400772094726563 -0.0394477844238281 0.0710678100585938 -0.0327682495117188
0.0139694213867188 -0.0587196350097656 0.0478172302246094 -0.0364227294921875
-0.00785064697265626 -0.0591812133789063 0.0322017669677734 -0.0178985595703125
-0.00984954833984375 -0.0551948547363281 0.0280227661132813 0.00906562805175781
-0.0142936706542969 -0.0645065307617188 0.0258979797363281 0.03826904296875
-0.00111770629882813 -0.0679512023925781 -0.000648498535156243 0.0601348876953125
0.0309867858886719 -0.0626907348632813 -0.0212135314941406 0.0655364990234375
0.0516929626464844 -0.0465736389160156 -0.0360374450683594 0.0436897277832031
0.0708465576171875 -0.00344085693359375 -0.0368309020996094 0.0297927856445313
0.0754928588867187 0.0158462524414063 -0.00933265686035156 0.0336036682128906
0.0727005004882813 0.033599853515625 0.01409912109375 0.0787277221679688
0.0657615661621094 0.0384941101074219 0.0601043701171875 -0.0185127258300781
0.0634918212890625 0.0248641967773438 0.0940170288085938 0.0193099975585938
0.0716629028320313 0.0080718994140625 0.101661682128906 0.0152053833007813
0.0639305114746094 -0.0188713073730469 0.09918212890625 -0.0106735229492188
0.0420379638671875 -0.0326347351074219 0.0688858032226563 -0.0204544067382813
0.020782470703125 -0.0488052368164063 0.0472755432128906 -0.0182838439941406
0.0041961669921875 -0.0488128662109375 0.035736083984375 0.0017852783203125
0.00233078002929687 -0.0441818237304688 0.0338726043701172 0.0262222290039062
-0.00177764892578125 -0.0504722595214844 0.034515380859375 0.053375244140625
0.00510406494140625 -0.0518760681152344 0.0090789794921875 0.0742950439453125
0.0269203186035156 -0.0473556518554688 -0.01220703125 0.0748519897460938
0.0422554016113281 -0.0394172668457031 -0.0288848876953125 0.0503349304199219
0.0609893798828125 -0.00589370727539063 -0.0258979797363281 0.0321025848388672
0.0648651123046875 0.0104446411132812 0.0114459991455078 0.0339298248291016
0.0607833862304688 0.026947021484375 0.0391311645507813 0.0907974243164063
0.0413093566894531 0.0251541137695312 0.073028564453125 -0.00624847412109375
0.0447235107421875 0.0205612182617188 0.1016845703125 0.0271987915039063
0.0554580688476562 0.00699234008789062 0.0999603271484375 0.0200576782226563
0.0498580932617188 -0.0129318237304688 0.0932464599609375 -0.00177001953125
0.0321216583251953 -0.0203647613525391 0.0609550476074219 -0.00954818725585938
0.0209579467773438 -0.0304698944091797 0.0422477722167969 -0.00242233276367188
0.01434326171875 -0.0302162170410156 0.0354843139648438 0.0183868408203125
0.0136833190917969 -0.0270214080810547 0.0354881286621094 0.0385360717773438
0.012664794921875 -0.0303020477294922 0.0358505249023437 0.0632858276367188
0.0126972198486328 -0.0278778076171875 0.0118942260742188 0.0820465087890625
0.0242252349853516 -0.0250053405761719 -0.00952148437500001 0.07794189453125
0.0312328338623047 -0.0230770111083984 -0.024658203125 0.0519332885742188
0.0434837341308594 -3.4332275390625E-05 -0.0200538635253906 0.0297222137451172
0.0439682006835938 0.0102348327636719 0.0250701904296875 0.0322856903076172
0.0376472473144531 0.0200080871582031 0.0566177368164062 0.0993576049804687
0.0123348236083984 0.00704002380371094 0.0759429931640625 -0.00339508056640625
0.0203952789306641 0.00772285461425781 0.099151611328125 0.0251998901367188
0.0268783569335937 -0.000467300415039062 0.0912551879882813 0.0177383422851563
0.022613525390625 -0.00685691833496094 0.08203125 0.00254058837890625
0.0118646621704102 -0.00421810150146484 0.0516700744628906 -0.00413131713867188
0.0146493911743164 -0.00352382659912109 0.0365982055664063 0.006256103515625
0.0215072631835938 -0.00530242919921875 0.0316638946533203 0.0279579162597656
0.0226345062255859 -0.00501060485839844 0.0307579040527344 0.0449333190917969
0.0251922607421875 -0.00678062438964844 0.0298080444335937 0.069183349609375
0.0205516815185547 -0.00168418884277344 0.00620269775390626 0.0834884643554688
0.0191669464111328 -0.00018310546875 -0.013702392578125 0.0766372680664063
0.0188407897949219 -0.0016632080078125 -0.0270805358886719 0.0507888793945312
0.0215702056884766 0.0102062225341797 -0.0200138092041016 0.0273113250732422
0.0147533416748047 0.0135698318481445 0.0278301239013672 0.0327510833740234
0.00829410552978516 0.0121984481811523 0.0640640258789062 0.103958129882813
-0.0182037353515625 -0.0109977722167969 0.0695419311523438 -0.0112342834472656
-0.00699663162231445 -0.00633525848388672 0.0885086059570313 0.0150985717773438
-0.00662994384765625 -0.00890827178955078 0.078765869140625 0.0106353759765625
-0.0103607177734375 0.000483512878417969 0.0716705322265625 0.00156402587890625
-0.010319709777832 0.0142679214477539 0.0450706481933594 -0.00456619262695312
0.00747871398925781 0.0253887176513672 0.0303173065185547 0.00565338134765625
0.02642822265625 0.0204982757568359 0.0236091613769531 0.0265655517578125
0.0282020568847656 0.0175991058349609 0.0212135314941406 0.0448417663574219
0.0329113006591797 0.0172576904296875 0.0163955688476562 0.0679664611816406
0.02398681640625 0.0205612182617188 -0.0052947998046875 0.0801925659179688
0.0130329132080078 0.0216960906982422 -0.0233154296875 0.0704498291015625
0.00673103332519531 0.0154399871826172 -0.0345077514648438 0.0478897094726563
-0.000307083129882812 0.0176849365234375 -0.0285072326660156 0.0259437561035156
-0.0150527954101562 0.0140190124511719 0.0187625885009766 0.034210205078125
-0.0238704681396484 0.00316619873046875 0.0585174560546875 0.104049682617187
0.0707778930664063 0.0164947509765625 -0.0462722778320312 -0.0948486328125
0.0391502380371094 -0.0231590270996094 -0.00153732299804687 -0.0426368713378906
0.0205249786376953 -0.0286483764648438 0.0415725708007813 -0.0253982543945313
0.00650787353515625 -0.0354499816894531 0.0530433654785156 -0.0474510192871094
-0.00686264038085938 -0.0359649658203125 0.0436325073242187 -0.0625877380371094
-0.032501220703125 -0.0379753112792969 0.0164718627929688 -0.0787734985351563
-0.0452613830566406 -0.03173828125 -0.00733566284179688 -0.0679130554199219
-0.0392265319824219 -0.0327529907226563 -0.0104598999023437 -0.0429000854492188
-0.040374755859375 -0.0424690246582031 -0.0159263610839844 -0.0183887481689453
-0.0161628723144531 -0.0524253845214844 -0.029693603515625 0.00147819519042968
0.0173759460449219 -0.0466995239257813 -0.0437393188476563 0.015838623046875
0.0352935791015625 -0.0253105163574219 -0.058990478515625 0.00678634643554687
0.0412445068359375 0.00777435302734375 -0.0775070190429688 -0.00387573242187501
0.0457382202148438 0.0176544189453125 -0.0824966430664063 0.00132751464843751
0.0539016723632813 0.0313758850097656 -0.0626449584960938 0.0215263366699219
0.0899505615234375 0.0298690795898438 -0.0166091918945313 -0.0831985473632813
0.0603179931640625 -0.0119361877441406 0.0278244018554688 -0.0353279113769531
0.043182373046875 -0.02301025390625 0.0624122619628906 -0.0213890075683594
0.0266761779785156 -0.0384368896484375 0.0723419189453125 -0.0444869995117188
0.00896453857421875 -0.042999267578125 0.0586700439453125 -0.05712890625
-0.0204544067382813 -0.0522079467773438 0.0337142944335937 -0.0696868896484375
-0.0387229919433594 -0.0483016967773438 0.0118865966796875 -0.0588035583496094
-0.0352134704589844 -0.0493927001953125 0.00609779357910156 -0.0306568145751953
-0.0373420715332031 -0.0601844787597656 0.00198101997375488 -0.00336432456970215
-0.0123291015625 -0.0712509155273438 -0.0183677673339844 0.0191898345947266
0.0291786193847656 -0.0656356811523438 -0.0347423553466797 0.032135009765625
0.0543289184570313 -0.0403709411621094 -0.0497894287109375 0.0206031799316406
0.0669174194335938 0.0081329345703125 -0.0620841979980469 0.0113639831542969
0.0697441101074219 0.0233993530273437 -0.0578041076660156 0.0162849426269531
0.0739364624023437 0.0393447875976562 -0.0373573303222656 0.0426139831542969
0.09674072265625 0.0401611328125 0.0156059265136719 -0.065765380859375
0.0737838745117187 0.0044097900390625 0.0585212707519531 -0.0214042663574219
0.0629768371582031 -0.0125503540039063 0.0836029052734375 -0.0127029418945312
0.0485115051269531 -0.0343856811523438 0.0916061401367188 -0.03887939453125
0.0259971618652344 -0.0443687438964844 0.0698432922363281 -0.0492668151855469
-0.00432586669921875 -0.0601463317871094 0.0463790893554688 -0.0595245361328125
-0.0265846252441406 -0.0595016479492188 0.0274543762207031 -0.0444374084472656
-0.0246963500976563 -0.0578460693359375 0.0213985443115234 -0.0152091979980469
-0.0308914184570313 -0.0695457458496094 0.0189285278320312 0.0157604217529297
-0.00980377197265625 -0.079010009765625 -0.00427627563476563 0.0399932861328125
0.0317611694335938 -0.0736312866210938 -0.023834228515625 0.0521087646484375
0.0597686767578125 -0.0516700744628906 -0.0403251647949219 0.0353965759277344
0.0791549682617187 0.0006561279296875 -0.0473556518554687 0.0252227783203125
0.0840301513671875 0.0204010009765625 -0.0310802459716797 0.0289974212646484
0.0841827392578125 0.040008544921875 -0.00605773925781249 0.0628204345703125
0.0903701782226563 0.0455093383789063 0.0469932556152344 -0.0449714660644531
0.0762863159179687 0.0198822021484375 0.0856094360351563 -0.00344085693359375
0.0776901245117188 0.00067138671875 0.102996826171875 -0.0010528564453125
0.0643119812011719 -0.0283660888671875 0.102569580078125 -0.029052734375
0.0401687622070313 -0.0427894592285156 0.0766372680664063 -0.0395660400390625
0.0116004943847656 -0.062347412109375 0.0530662536621094 -0.0429191589355469
-0.0112876892089844 -0.0615959167480469 0.03857421875 -0.0249671936035156
-0.0118865966796875 -0.0577468872070313 0.0338592529296875 0.00275421142578125
-0.017852783203125 -0.0664939880371094 0.0349979400634766 0.0335159301757812
-0.0038299560546875 -0.07196044921875 0.00976181030273438 0.0597190856933594
0.0308380126953125 -0.0691032409667969 -0.0116424560546875 0.0675468444824219
0.0547828674316406 -0.0533523559570313 -0.0299186706542969 0.0464286804199219
0.0791015625 -0.0061798095703125 -0.0326442718505859 0.0336589813232422
0.0846328735351563 0.0146102905273438 -0.00377845764160156 0.0342521667480469
0.0799789428710938 0.0358963012695313 0.0254898071289063 0.077972412109375
0.0711593627929688 0.0423126220703125 0.0706939697265625 -0.0243301391601562
0.0664291381835938 0.0276947021484375 0.105438232421875 0.013031005859375
0.0760955810546875 0.00860595703125 0.11187744140625 0.00917816162109375
0.068634033203125 -0.0202102661132813 0.106330871582031 -0.0177536010742188
0.0461845397949219 -0.0335311889648437 0.0733871459960938 -0.0270309448242188
0.0220680236816406 -0.0509223937988281 0.0512351989746094 -0.0239067077636719
0.005340576171875 -0.0525016784667969 0.042205810546875 -0.00374603271484375
0.00407028198242187 -0.0490455627441406 0.0412940979003906 0.0215301513671875
-0.000640869140624995 -0.0542373657226563 0.0440864562988281 0.049560546875
0.00595474243164063 -0.0551528930664062 0.0202865600585938 0.07391357421875
0.0300521850585938 -0.0517234802246094 -0.00214385986328125 0.0759353637695312
0.0464553833007812 -0.0430068969726563 -0.0219802856445312 0.0539970397949219
0.0664291381835938 -0.00515365600585938 -0.0212364196777344 0.035308837890625
0.0703887939453125 0.0128402709960937 0.0188388824462891 0.0328559875488281
0.0651473999023438 0.0319137573242188 0.0516815185546875 0.0920944213867188
0.0410346984863281 0.030303955078125 0.0835952758789063 -0.0088958740234375
0.047119140625 0.0249671936035156 0.114143371582031 0.0236968994140625
0.0575065612792969 0.0111732482910156 0.110382080078125 0.0144119262695313
0.0541763305664062 -0.01055908203125 0.100257873535156 -0.00881195068359375
0.03759765625 -0.0192184448242188 0.0645217895507813 -0.0145683288574219
0.0251007080078125 -0.0322437286376953 0.0466995239257813 -0.00691604614257813
0.0183506011962891 -0.0335559844970703 0.0413131713867188 0.0149116516113281
0.0173683166503906 -0.0310039520263672 0.0420341491699219 0.036041259765625
0.0167617797851563 -0.0349693298339844 0.0452995300292969 0.0609283447265625
0.0187816619873047 -0.0313892364501953 0.0223464965820313 0.0810317993164063
0.0293292999267578 -0.0254840850830078 -0.00115966796875 0.079559326171875
0.0374526977539063 -0.0204849243164063 -0.0186653137207031 0.0548629760742188
0.0471954345703125 0.00444412231445313 -0.0153980255126953 0.0322227478027344
0.0452995300292969 0.0162429809570313 0.0329017639160156 0.0328617095947266
0.038177490234375 0.0265159606933594 0.0706710815429688 0.101486206054688
0.00776290893554687 0.0117588043212891 0.0850067138671875 -0.00475311279296875
0.0185966491699219 0.0145149230957031 0.110366821289063 0.023406982421875
0.0273075103759766 0.00621795654296875 0.0999908447265625 0.013946533203125
0.0255870819091797 -0.00105476379394531 0.0886001586914063 -0.00341033935546875
0.0175561904907227 -0.000773429870605469 0.0552597045898438 -0.00885772705078125
0.0232887268066406 -0.00420951843261719 0.0382461547851563 0.0040130615234375
0.0291576385498047 -0.0099945068359375 0.0351600646972656 0.0262184143066406
0.0291728973388672 -0.00883293151855469 0.0356292724609375 0.0445365905761719
0.0327873229980469 -0.0114994049072266 0.0360527038574219 0.067169189453125
0.0287952423095703 -0.00545883178710938 0.0129318237304687 0.0841751098632813
0.0283985137939453 0.0019683837890625 -0.006866455078125 0.076873779296875
0.0258941650390625 0.0032196044921875 -0.02105712890625 0.0535812377929688
0.0233917236328125 0.0174541473388672 -0.0159187316894531 0.0312232971191406
0.0131816864013672 0.0222911834716797 0.0346641540527344 0.0344257354736328
0.00323295593261719 0.0198097229003906 0.0761260986328125 0.108360290527344
-0.0271987915039062 -0.00646591186523437 0.07537841796875 -0.0103912353515625
-0.01318359375 0.000209808349609377 0.0966720581054687 0.01361083984375
-0.0109624862670898 -0.00116157531738281 0.0849685668945313 0.00710296630859375
-0.00844717025756836 0.00806760787963867 0.0771255493164063 -0.00267791748046875
-0.00541496276855469 0.0199451446533203 0.0450592041015625 -0.00997161865234375
0.0161018371582031 0.0279216766357422 0.0295791625976563 0.00443649291992188
0.0345115661621094 0.01812744140625 0.0244617462158203 0.0281162261962891
0.0376014709472656 0.0145034790039063 0.0242271423339844 0.0470428466796875
0.0422706604003906 0.012725830078125 0.0203399658203125 0.069732666015625
0.0331077575683594 0.0201816558837891 -0.00109863281249999 0.0819549560546875
0.0222911834716797 0.0249748229980469 -0.0191497802734375 0.0736160278320312
0.0126934051513672 0.0230522155761719 -0.0309982299804688 0.0512504577636719
-0.00038909912109375 0.0271511077880859 -0.0262832641601563 0.0308189392089844
-0.0202369689941406 0.0243415832519531 0.0222625732421875 0.0383033752441406
-0.0316314697265625 0.0100326538085938 0.068511962890625 0.110527038574219
0.0801010131835938 0.00583648681640625 -0.054901123046875 -0.100593566894531
0.0406570434570313 -0.0334815979003906 -0.00479888916015624 -0.0468635559082031
0.0174827575683594 -0.0387382507324219 0.0413398742675781 -0.0282745361328125
-0.00156784057617188 -0.0406036376953125 0.0517921447753906 -0.0526542663574219
-0.0152702331542969 -0.0368804931640625 0.0437774658203125 -0.0657920837402344
-0.0420265197753906 -0.0336227416992187 0.0159835815429688 -0.0807037353515625
-0.0544013977050781 -0.0249099731445312 -0.00798416137695313 -0.0702438354492187
-0.0470085144042969 -0.0265960693359375 -0.0117950439453125 -0.0453224182128906
-0.0503120422363281 -0.0372657775878906 -0.0117607116699219 -0.0219345092773438
-0.0251274108886719 -0.0523185729980469 -0.0251216888427734 0.00136756896972656
0.00866317749023438 -0.0519065856933594 -0.0389289855957031 0.0178260803222656
0.0330238342285156 -0.0347423553466797 -0.0586128234863281 0.011383056640625
0.0475692749023438 -0.00143814086914063 -0.08074951171875 0.000915527343750007
0.0553855895996094 0.00945663452148438 -0.08697509765625 0.00198364257812499
0.0664176940917969 0.0258560180664063 -0.0671615600585938 0.0218849182128906
0.101310729980469 0.0224761962890625 -0.0177459716796875 -0.0932693481445313
0.0643577575683594 -0.0202178955078125 0.0265159606933594 -0.0450668334960938
0.0407676696777344 -0.0298080444335938 0.0625190734863281 -0.02740478515625
0.020294189453125 -0.0430984497070313 0.0727157592773438 -0.0494155883789063
0.001251220703125 -0.045013427734375 0.0590286254882813 -0.0639152526855469
-0.0287590026855469 -0.0494728088378906 0.0355758666992188 -0.0755386352539063
-0.0478019714355469 -0.0463027954101563 0.012420654296875 -0.0629158020019531
-0.0436592102050781 -0.04595947265625 0.00830459594726562 -0.0363311767578125
-0.0460014343261719 -0.0587158203125 0.0049595832824707 -0.00870370864868165
-0.0217361450195312 -0.0711669921875 -0.0133609771728516 0.0178813934326172
0.02215576171875 -0.071868896484375 -0.0284347534179688 0.0333099365234375
0.0517005920410156 -0.0502815246582031 -0.0448989868164063 0.02081298828125
0.07257080078125 -0.00255584716796875 -0.0602760314941406 0.0170249938964844
0.0807342529296875 0.0158538818359375 -0.0576210021972656 0.0172882080078125
0.0879287719726563 0.03558349609375 -0.0354537963867187 0.0395927429199219
0.105598449707031 0.0380706787109375 0.0164794921875 -0.0775833129882813
0.07818603515625 -0.0031890869140625 0.0604362487792969 -0.0324745178222656
0.06512451171875 -0.0164337158203125 0.085296630859375 -0.0195693969726563
0.0448188781738281 -0.0408973693847656 0.0951080322265625 -0.0455398559570312
0.0212020874023437 -0.0459632873535156 0.0723953247070313 -0.0552444458007813
-0.0108642578125 -0.0605621337890625 0.0500717163085937 -0.0661125183105469
-0.0303001403808594 -0.0569114685058594 0.0296630859375 -0.0516815185546875
-0.0301933288574219 -0.0584449768066406 0.0248584747314453 -0.0203933715820313
-0.0363578796386719 -0.0677680969238281 0.0262737274169922 0.00858879089355468
-0.01690673828125 -0.0805206298828125 0.00341033935546875 0.0377349853515625
0.0278549194335938 -0.079803466796875 -0.0150260925292969 0.0521278381347656
0.0584144592285156 -0.0601119995117187 -0.0330276489257812 0.0376853942871094
0.0856781005859375 -0.0052642822265625 -0.0436515808105469 0.0258140563964844
0.0959854125976562 0.0151901245117187 -0.0290946960449219 0.0270404815673828
0.0956039428710938 0.0388107299804688 -0.00078582763671875 0.0577125549316406
0.0967178344726562 0.0455474853515625 0.0521621704101563 -0.0551719665527344
0.0815277099609375 0.0175704956054688 0.0895233154296875 -0.0144729614257813
0.0813369750976563 -0.00139617919921875 0.104621887207031 -0.0102767944335938
0.0666770935058594 -0.0311813354492187 0.107902526855469 -0.0365447998046875
0.0411453247070313 -0.0468864440917969 0.0772933959960938 -0.0461807250976563
0.00785446166992188 -0.0634346008300781 0.0560646057128906 -0.0491676330566406
-0.0142593383789063 -0.062164306640625 0.0421333312988281 -0.0318145751953125
-0.0154151916503906 -0.0592613220214844 0.0389862060546875 -0.00475311279296875
-0.0231170654296875 -0.0687179565429688 0.0435142517089844 0.0273361206054687
-0.00861358642578125 -0.0742568969726563 0.0216789245605469 0.056793212890625
0.0319595336914062 -0.0737838745117188 -0.0014190673828125 0.0652198791503906
0.0551605224609375 -0.0616073608398438 -0.0231552124023437 0.0473556518554687
0.0849380493164063 -0.011138916015625 -0.02667236328125 0.0348548889160156
0.0936203002929688 0.0115737915039063 -0.000328063964843743 0.0324859619140625
0.0923309326171875 0.0390853881835938 0.0341949462890625 0.0752792358398438
0.075408935546875 0.0459747314453125 0.07818603515625 -0.0328292846679688
0.0716705322265625 0.0308456420898438 0.113914489746094 0.00485992431640625
0.0836181640625 0.0111007690429687 0.11810302734375 -0.00107574462890625
0.0717620849609375 -0.0224990844726562 0.114288330078125 -0.0268020629882813
0.0467300415039063 -0.0368385314941406 0.076873779296875 -0.0337066650390625
0.0239067077636719 -0.0570831298828125 0.056427001953125 -0.0310592651367188
0.00680160522460938 -0.0563888549804687 0.0464706420898438 -0.0104255676269531
0.0046234130859375 -0.0501136779785156 0.0459671020507813 0.0151252746582031
-0.000175476074218745 -0.0585975646972656 0.0517997741699219 0.0431175231933594
0.00661087036132812 -0.05810546875 0.0305252075195313 0.069122314453125
0.0316581726074219 -0.055938720703125 0.0067901611328125 0.0733108520507813
0.0504913330078125 -0.0446891784667969 -0.0150413513183594 0.0532608032226562
0.0703048706054688 -0.0072174072265625 -0.0143718719482422 0.0340003967285156
0.0768585205078125 0.014678955078125 0.0260848999023438 0.0313854217529297
0.0683403015136719 0.0366668701171875 0.0651626586914063 0.0880584716796875
0.0422134399414063 0.0375099182128906 0.094879150390625 -0.016510009765625
0.0472450256347656 0.032012939453125 0.121932983398438 0.0144729614257813
0.06292724609375 0.0152626037597656 0.11749267578125 0.00888824462890625
0.0619773864746094 -0.00749588012695313 0.105842590332031 -0.0154342651367188
0.0432090759277344 -0.02081298828125 0.0680160522460938 -0.0208320617675781
0.0307807922363281 -0.0353813171386719 0.0487136840820312 -0.01190185546875
0.0218276977539063 -0.0428085327148438 0.0450820922851563 0.0100631713867187
0.0214691162109375 -0.0365943908691406 0.0474014282226563 0.0309104919433594
0.0211181640625 -0.0412330627441406 0.0501785278320313 0.0556259155273438
0.0240402221679688 -0.0339241027832031 0.03106689453125 0.0770111083984375
0.0356559753417969 -0.0275726318359375 0.00830841064453124 0.0779342651367188
0.0429420471191406 -0.0211753845214844 -0.00960540771484374 0.0537910461425781
0.0508804321289062 0.0083160400390625 -0.00864601135253906 0.0329856872558594
0.0493202209472656 0.02294921875 0.037994384765625 0.0314292907714844
0.0388908386230469 0.0307807922363281 0.0850601196289063 0.101875305175781
0.00484085083007812 0.0202865600585937 0.0930252075195313 -0.0080413818359375
0.0148830413818359 0.02130126953125 0.119247436523438 0.0209197998046875
0.0296669006347656 0.0131950378417969 0.106399536132813 0.00795745849609375
0.0329647064208984 0.00376701354980469 0.0929107666015625 -0.0137786865234375
0.0255699157714844 -0.0008392333984375 0.0559654235839844 -0.0130195617675781
0.0294132232666016 -0.00469589233398438 0.0397758483886719 0.00150299072265625
0.0337638854980469 -0.0169124603271484 0.0401229858398438 0.0245513916015625
0.03662109375 -0.01434326171875 0.0414009094238281 0.0403251647949219
0.0387840270996094 -0.0179328918457031 0.0412025451660156 0.063568115234375
0.036163330078125 -0.00853347778320312 0.0226898193359375 0.0804977416992187
0.0356674194335938 0.00294113159179688 -8.39233398437538E-05 0.0769424438476563
0.0325832366943359 0.00702857971191406 -0.0156326293945312 0.0541229248046875
0.0266017913818359 0.0240440368652344 -0.0104122161865234 0.0340099334716797
0.0120143890380859 0.0294704437255859 0.0403785705566406 0.0352134704589844
0.000591278076171876 0.0277786254882813 0.0901107788085938 0.111167907714844
-0.0352745056152344 0.00206375122070312 0.0823287963867188 -0.0100860595703125
-0.0181198120117188 0.00706100463867188 0.105567932128906 0.0107498168945313
-0.0114936828613281 0.00746536254882813 0.09149169921875 0.002593994140625
-0.00540637969970703 0.0165615081787109 0.0776214599609375 -0.0103683471679687
0.00152587890625 0.0251636505126953 0.0434799194335938 -0.0129852294921875
0.0277462005615234 0.0256385803222656 0.0301399230957031 0.00623703002929688
0.0450782775878906 0.0125617980957031 0.0253181457519531 0.0295562744140625
0.0465736389160156 0.00809097290039063 0.0248641967773438 0.04815673828125
0.0516357421875 0.00672531127929687 0.0223922729492187 0.0687637329101563
0.0430679321289063 0.0144004821777344 0.0035247802734375 0.0823287963867188
0.0315456390380859 0.0249309539794922 -0.0163726806640625 0.0735549926757813
0.0223598480224609 0.027740478515625 -0.0269126892089844 0.0523223876953125
0.00143051147460937 0.0380668640136719 -0.0239944458007813 0.0336246490478516
-0.0222873687744141 0.0350856781005859 0.0277252197265625 0.0402450561523438
-0.0377311706542969 0.0200386047363281 0.0787582397460938 0.113182067871094
0.087646484375 -0.004852294921875 -0.0606460571289063 -0.107826232910156
0.0391120910644531 -0.0432853698730469 -0.0113677978515625 -0.0530548095703125
0.0113639831542969 -0.0457572937011719 0.0369529724121094 -0.0315742492675781
-0.0103263854980469 -0.0459861755371094 0.0508575439453125 -0.0526885986328125
-0.0247039794921875 -0.0361251831054688 0.0426254272460937 -0.0674934387207031
-0.0510749816894531 -0.0272445678710937 0.0149459838867187 -0.0833206176757813
-0.0594711303710937 -0.0186195373535156 -0.00827026367187501 -0.0742340087890625
-0.0537757873535156 -0.0220108032226563 -0.0115966796875 -0.0496978759765625
-0.0589942932128906 -0.0308837890625 -0.0133209228515625 -0.0248584747314453
-0.0352439880371094 -0.0491828918457031 -0.0241355895996094 0.000427246093749997
0.000556945800781255 -0.0572929382324219 -0.0359611511230469 0.0181198120117187
0.0279006958007812 -0.0421905517578125 -0.0580635070800781 0.0114822387695312
0.0494804382324219 -0.0115470886230469 -0.0811843872070313 0.00452423095703124
0.0620803833007813 -0.000827789306640625 -0.091583251953125 0.00508117675781252
0.0755615234375 0.0180892944335938 -0.0686531066894531 0.0207557678222656
0.108192443847656 0.0139923095703125 -0.0225067138671875 -0.102409362792969
0.0634994506835938 -0.0291862487792969 0.0238761901855469 -0.050994873046875
0.0381278991699219 -0.0372047424316406 0.0625534057617188 -0.0315208435058594
0.0142440795898438 -0.0469512939453125 0.07330322265625 -0.0539016723632813
-0.00447082519531249 -0.0441398620605469 0.0605239868164063 -0.0667839050292969
-0.0366935729980469 -0.044891357421875 0.034515380859375 -0.0811386108398438
-0.0520286560058594 -0.03887939453125 0.0135993957519531 -0.0697288513183594
-0.0485954284667969 -0.0409317016601562 0.00977325439453124 -0.042144775390625
-0.0539207458496094 -0.0537147521972656 0.00812625885009765 -0.0152645111083984
-0.0300674438476563 -0.0718154907226563 -0.0071096420288086 0.0136451721191406
0.0155487060546875 -0.0777816772460938 -0.0236434936523438 0.0321846008300781
0.0491828918457031 -0.0592880249023438 -0.0435409545898438 0.0223960876464844
0.0784683227539063 -0.0115737915039062 -0.0594749450683594 0.0177192687988281
0.0895919799804688 0.00751495361328125 -0.0596771240234375 0.0172958374023437
0.098968505859375 0.0291213989257812 -0.03411865234375 0.0374412536621094
0.114669799804688 0.0326461791992187 0.018157958984375 -0.089202880859375
0.079742431640625 -0.00589752197265625 0.0607376098632813 -0.0415763854980469
0.064239501953125 -0.0229682922363281 0.0875167846679688 -0.0260772705078125
0.0418128967285156 -0.042205810546875 0.094879150390625 -0.0520553588867188
0.017822265625 -0.0473136901855469 0.07470703125 -0.0631942749023438
-0.0152091979980469 -0.0576591491699219 0.0492477416992188 -0.0732269287109375
-0.0360488891601562 -0.0563087463378906 0.0327415466308594 -0.059295654296875
-0.0349311828613281 -0.0559272766113281 0.0279922485351563 -0.0296669006347656
-0.0433006286621094 -0.0667228698730469 0.0295181274414062 0.000818252563476558
-0.0238189697265625 -0.0815200805664063 0.00932502746582031 0.0320014953613281
0.0218658447265625 -0.0867691040039063 -0.00876617431640624 0.0483932495117187
0.0572967529296875 -0.0680274963378906 -0.0281181335449219 0.0354652404785156
0.0920944213867188 -0.014862060546875 -0.0389137268066406 0.0282630920410156
0.102737426757813 0.0081329345703125 -0.0259304046630859 0.0245323181152344
0.107612609863281 0.0366058349609375 0.00558853149414063 0.0548591613769531
0.105194091796875 0.0455551147460938 0.0559616088867188 -0.0670242309570313
0.0851364135742188 0.0167236328125 0.094512939453125 -0.024627685546875
0.0819625854492188 -0.00421905517578125 0.109336853027344 -0.0155563354492188
0.0659027099609375 -0.0341606140136719 0.111381530761719 -0.0452499389648438
0.03887939453125 -0.0457420349121094 0.0813980102539063 -0.0538330078125
0.00689697265624999 -0.0635986328125 0.0578079223632812 -0.0584068298339844
-0.0155029296875 -0.0642471313476563 0.044525146484375 -0.0404586791992188
-0.0159149169921875 -0.0605316162109375 0.0419540405273437 -0.0131187438964844
-0.0262832641601563 -0.0707931518554687 0.04754638671875 0.0173187255859375
-0.0109786987304688 -0.0771331787109375 0.0270004272460938 0.048614501953125
0.0276107788085937 -0.0814285278320313 0.00572204589843751 0.0631217956542969
0.0568885803222656 -0.0662956237792969 -0.0161781311035156 0.0442466735839844
0.0913314819335938 -0.0150299072265625 -0.0210723876953125 0.0341548919677734
0.100425720214844 0.009857177734375 0.00537109375 0.0285015106201172
0.098724365234375 0.038177490234375 0.0446090698242188 0.0705413818359375
0.080322265625 0.0502471923828125 0.0855941772460938 -0.043426513671875
0.074981689453125 0.03271484375 0.119400024414063 -0.00621795654296875
0.0852203369140625 0.012359619140625 0.12152099609375 -0.00655364990234375
0.0758895874023438 -0.0226364135742188 0.115097045898438 -0.0347442626953125
0.0511016845703125 -0.0382499694824219 0.0788040161132813 -0.0406646728515625
0.0255088806152344 -0.0587043762207031 0.0588493347167969 -0.0388946533203125
0.00616455078125 -0.0610466003417969 0.0503349304199219 -0.0186653137207031
0.00452041625976563 -0.0558662414550781 0.0500602722167969 0.00734710693359375
-0.00167465209960938 -0.0637931823730469 0.0569801330566406 0.0355300903320312
0.00759506225585938 -0.0633163452148438 0.0372123718261719 0.0620918273925781
0.0344696044921875 -0.0604095458984375 0.0147056579589844 0.0694007873535156
0.0541839599609375 -0.0487060546875 -0.00609207153320313 0.0500602722167969
0.0784378051757813 -0.00662994384765625 -0.00655174255371093 0.0342197418212891
0.0825347900390625 0.01605224609375 0.0318279266357422 0.0266742706298828
0.0760879516601563 0.0390167236328125 0.07684326171875 0.08544921875
0.0438880920410156 0.0430183410644531 0.103706359863281 -0.023101806640625
0.0500297546386719 0.0381660461425781 0.131874084472656 0.00750732421875
0.0668411254882813 0.0212059020996094 0.122627258300781 0.000457763671875001
0.0670280456542969 -0.00882720947265625 0.1087646484375 -0.0250091552734375
0.0490150451660156 -0.020660400390625 0.0685615539550781 -0.0253791809082031
0.0355186462402344 -0.0403823852539063 0.0515213012695313 -0.0172767639160156
0.0247688293457031 -0.0475006103515625 0.0487022399902344 0.00360870361328125
0.0256767272949219 -0.0420761108398438 0.0503616333007813 0.0256500244140625
0.023040771484375 -0.0481452941894531 0.0565032958984375 0.0495414733886719
0.0272598266601563 -0.0411148071289063 0.037872314453125 0.0714797973632813
0.0420303344726563 -0.0320968627929688 0.0142364501953125 0.0734024047851563
0.0494308471679688 -0.0219573974609375 -0.00426483154296875 0.0519294738769531
0.05816650390625 0.0119743347167969 -0.00241661071777344 0.0313072204589844
0.0516738891601563 0.0286674499511719 0.04632568359375 0.0275764465332031
0.0411720275878906 0.0406990051269531 0.0968704223632813 0.0973281860351563
0.00242805480957031 0.0288257598876953 0.104682922363281 -0.01239013671875
0.0159683227539063 0.0302371978759766 0.129409790039063 0.0138473510742188
0.0335102081298828 0.0227069854736328 0.111839294433594 0.0013427734375
0.0391006469726563 0.00618743896484375 0.0950775146484375 -0.0166854858398438
0.0318965911865234 0.00174903869628906 0.0536422729492188 -0.0174827575683594
0.0388870239257813 -0.011749267578125 0.0394935607910156 -0.000923156738281251
0.0412101745605469 -0.0231666564941406 0.0404472351074219 0.0220947265625
0.0405960083007813 -0.0224571228027344 0.041839599609375 0.0402870178222656
0.0454597473144531 -0.0281295776367188 0.0460395812988281 0.06182861328125
0.0427131652832031 -0.0165596008300781 0.0258560180664063 0.0763931274414063
0.04473876953125 -0.000789642333984375 0.00449371337890626 0.0736312866210937
0.0416069030761719 0.00775527954101562 -0.0115737915039062 0.0526809692382813
0.0335559844970703 0.0328750610351563 -0.00565719604492187 0.0316944122314453
0.0151748657226563 0.0417098999023438 0.0469970703125 0.0325469970703125
-0.000583648681640622 0.0397872924804688 0.100563049316406 0.110145568847656
-0.0397911071777344 0.01019287109375 0.0914382934570313 -0.0120086669921875
-0.0220947265625 0.0173435211181641 0.1126708984375 0.009033203125
-0.00963020324707031 0.0183429718017578 0.09429931640625 -0.0032501220703125
0.0016021728515625 0.023590087890625 0.0772171020507813 -0.0153656005859375
0.00995826721191406 0.0288238525390625 0.0415306091308594 -0.0133018493652344
0.0368461608886719 0.0219955444335938 0.02783203125 0.00536537170410156
0.0513839721679688 0.00468826293945313 0.0268039703369141 0.0302505493164062
0.0522003173828125 -0.00028228759765625 0.0275726318359375 0.0472984313964844
0.057769775390625 -0.00442886352539063 0.0251731872558594 0.0683555603027344
0.0528144836425781 0.00757598876953125 0.00551605224609376 0.0788726806640625
0.0424461364746094 0.0232582092285156 -0.0135421752929688 0.0715866088867188
0.0306739807128906 0.0293827056884766 -0.0228843688964844 0.0545616149902344
0.00812530517578125 0.0457305908203125 -0.018402099609375 0.0345401763916016
-0.01971435546875 0.0475425720214844 0.0338325500488281 0.0427932739257812
-0.04205322265625 0.0306396484375 0.0886459350585938 0.116874694824219
0.0943374633789063 -0.0167236328125 -0.0683822631835938 -0.116523742675781
0.0368232727050781 -0.0548553466796875 -0.0167732238769531 -0.0578231811523438
0.00552749633789063 -0.0540885925292969 0.0354804992675781 -0.0340576171875
-0.0208015441894531 -0.0476799011230469 0.0499305725097656 -0.0542640686035156
-0.0336036682128906 -0.0349655151367187 0.044036865234375 -0.0705108642578125
-0.0587844848632812 -0.0193672180175781 0.0148086547851562 -0.0864410400390625
-0.0650825500488281 -0.00960922241210939 -0.0088653564453125 -0.0789642333984375
-0.0598297119140625 -0.0146636962890625 -0.0112419128417969 -0.0543289184570312
-0.0655441284179687 -0.023468017578125 -0.0130691528320313 -0.0289306640625
-0.0437583923339844 -0.0453834533691406 -0.0219173431396484 -0.00245285034179688
-0.00892257690429688 -0.059417724609375 -0.0342140197753906 0.0168991088867187
0.0210189819335938 -0.0498008728027344 -0.0586013793945313 0.01318359375
0.0503692626953125 -0.0233078002929688 -0.0834884643554688 0.0073699951171875
0.0677871704101563 -0.0128021240234375 -0.0979843139648438 0.006256103515625
0.0859756469726563 0.00762939453125 -0.0746383666992188 0.0196609497070312
0.116294860839844 0.0048828125 -0.02734375 -0.115364074707031
0.0626258850097656 -0.0384063720703125 0.0205726623535156 -0.0594024658203125
0.033233642578125 -0.04473876953125 0.0618476867675781 -0.0361175537109375
0.00622177124023437 -0.0495643615722656 0.0737686157226563 -0.0586395263671875
-0.01171875 -0.0423698425292969 0.0623245239257813 -0.0710678100585938
-0.0425376892089844 -0.0393829345703125 0.0359420776367187 -0.086669921875
-0.0564613342285156 -0.0336875915527344 0.0148391723632812 -0.0776138305664063
-0.0537986755371094 -0.03680419921875 0.00999069213867188 -0.0496330261230469
-0.0613632202148438 -0.0486297607421875 0.00925827026367187 -0.0219688415527344
-0.037994384765625 -0.0698089599609375 -0.00410652160644532 0.00926017761230469
0.00705718994140625 -0.0818405151367188 -0.0191287994384766 0.0291233062744141
0.0448188781738281 -0.0672225952148438 -0.0422019958496094 0.0220184326171875
0.081878662109375 -0.0217742919921875 -0.0590667724609375 0.0187950134277344
0.0981521606445313 -0.00293731689453125 -0.0620231628417969 0.0167465209960937
0.110404968261719 0.022064208984375 -0.0352363586425781 0.0336112976074219
0.123634338378906 0.0276107788085938 0.0168533325195312 -0.10272216796875
0.081634521484375 -0.0124740600585937 0.0598526000976563 -0.0510978698730469
0.0628089904785156 -0.0272598266601563 0.0898971557617188 -0.0319061279296875
0.0375633239746094 -0.0464591979980469 0.09765625 -0.0584640502929687
0.0141105651855469 -0.0473403930664063 0.07733154296875 -0.0698471069335938
-0.0196800231933594 -0.0555534362792969 0.0513839721679688 -0.0811233520507812
-0.0399703979492188 -0.0535087585449219 0.0338783264160156 -0.0685005187988281
-0.039520263671875 -0.0542984008789063 0.0295486450195313 -0.0378913879394531
-0.0492095947265625 -0.0661048889160156 0.0319709777832031 -0.00818252563476563
-0.0288238525390625 -0.0824661254882812 0.0150108337402344 0.02581787109375
0.017486572265625 -0.091949462890625 -0.00300216674804688 0.0441703796386719
0.0557098388671875 -0.0772247314453125 -0.0255146026611328 0.0324077606201172
0.0981597900390625 -0.023895263671875 -0.0357894897460938 0.0277328491210937
0.1134033203125 0.00101470947265625 -0.0250530242919922 0.0229568481445313
0.119140625 0.031982421875 0.00841903686523438 0.0504646301269531
0.113914489746094 0.0466156005859375 0.058837890625 -0.0818405151367188
0.08917236328125 0.0149612426757812 0.096771240234375 -0.0349044799804688
0.0865554809570313 -0.0054931640625 0.112869262695313 -0.0228118896484375
0.0669784545898438 -0.0380668640136719 0.114189147949219 -0.0538330078125
0.0394973754882813 -0.0478591918945312 0.0842056274414063 -0.0613632202148438
0.00483322143554687 -0.0652236938476563 0.0600967407226563 -0.0676307678222656
-0.0172271728515625 -0.0652503967285156 0.0467872619628906 -0.0508308410644531
-0.0191192626953125 -0.06304931640625 0.0441246032714844 -0.0205154418945313
-0.02880859375 -0.0730667114257813 0.0511550903320313 0.00819396972656249
-0.015289306640625 -0.0810089111328125 0.0326385498046875 0.0421104431152344
0.0261764526367187 -0.0868072509765625 0.0121803283691406 0.0563087463378906
0.0581893920898438 -0.0736083984375 -0.0114898681640625 0.040557861328125
0.097747802734375 -0.0212936401367188 -0.0147857666015625 0.0312080383300781
0.110755920410156 0.0054473876953125 0.0102329254150391 0.0237655639648438
0.109931945800781 0.0382843017578125 0.0514144897460938 0.0655479431152344
0.0875396728515625 0.0554046630859375 0.0927200317382813 -0.0564193725585937
0.0803375244140625 0.0367050170898438 0.125358581542969 -0.0151443481445313
0.09259033203125 0.0138397216796875 0.127731323242188 -0.0124130249023438
0.0824966430664063 -0.0252838134765625 0.119537353515625 -0.0430374145507813
0.0551300048828125 -0.0411605834960938 0.0813446044921875 -0.0473403930664063
0.0262832641601562 -0.0633163452148438 0.060272216796875 -0.0464973449707031
0.00630950927734375 -0.0668983459472656 0.0523719787597656 -0.0261459350585938
0.0043182373046875 -0.0617752075195313 0.0522804260253906 -0.000411987304687504
-0.0021820068359375 -0.070526123046875 0.0611419677734375 0.0258293151855469
0.00646209716796876 -0.0689811706542969 0.0421676635742188 0.0552558898925781
0.0368537902832031 -0.0666351318359375 0.0201797485351563 0.0637626647949219
0.0585403442382813 -0.0542564392089844 -0.0022125244140625 0.0450592041015625
0.0859909057617187 -0.00771331787109375 -0.00176239013671874 0.0300159454345703
0.0904617309570313 0.0173797607421875 0.0375900268554688 0.0219917297363281
0.0842819213867187 0.04461669921875 0.0868453979492187 0.0798263549804688
0.0481986999511719 0.0524215698242188 0.11297607421875 -0.0326919555664063
0.0556907653808594 0.0449371337890625 0.140853881835938 0.000350952148437503
0.0756072998046875 0.0262527465820313 0.12939453125 -0.0064544677734375
0.0760040283203125 -0.00821685791015625 0.112747192382813 -0.0319747924804688
0.05560302734375 -0.0240745544433594 0.0700531005859375 -0.0304908752441406
0.0400199890136719 -0.0464706420898438 0.0533180236816406 -0.0219535827636719
0.0279731750488281 -0.0550727844238281 0.0509796142578125 -0.00110626220703125
0.0270156860351562 -0.0509033203125 0.0526580810546875 0.0200347900390625
0.0254974365234375 -0.0576324462890625 0.060272216796875 0.0430335998535156
0.0300636291503906 -0.0479164123535156 0.0410499572753906 0.06536865234375
0.0485153198242188 -0.0376663208007813 0.018585205078125 0.06829833984375
0.0568962097167969 -0.0246925354003906 -0.000232696533203119 0.047454833984375
0.0663070678710938 0.0155982971191406 0.00395202636718751 0.0291652679443359
0.0587615966796875 0.0352859497070313 0.0538063049316406 0.0238227844238281
0.0454788208007812 0.0493125915527344 0.109222412109375 0.0950775146484375
0.00193405151367188 0.039337158203125 0.115257263183594 -0.0178146362304687
0.0189018249511719 0.040130615234375 0.139617919921875 0.00750732421875
0.0395927429199219 0.030029296875 0.118995666503906 -0.004974365234375
0.0483360290527344 0.00941848754882812 0.09716796875 -0.0239334106445313
0.0414505004882813 0.00107955932617188 0.055267333984375 -0.0190315246582031
0.0456352233886719 -0.01806640625 0.0414657592773438 -0.00360870361328125
0.0458335876464844 -0.0326919555664063 0.0427474975585938 0.0199661254882813
0.0456047058105469 -0.0324974060058594 0.0437545776367188 0.037933349609375
0.04931640625 -0.0383567810058594 0.0474014282226563 0.0588531494140625
0.0498733520507813 -0.0248565673828125 0.0278167724609375 0.0732879638671875
0.0558395385742188 -0.0059661865234375 0.0064239501953125 0.0701713562011719
0.0525169372558594 0.00719070434570313 -0.00595092773437499 0.049957275390625
0.0419387817382812 0.0400390625 -0.000593185424804688 0.0305442810058594
0.0213775634765625 0.0527839660644531 0.0543785095214844 0.0319862365722656
0.000736236572265629 0.0503501892089844 0.113731384277344 0.109397888183594
-0.0442123413085938 0.0219459533691406 0.101676940917969 -0.0142440795898438
-0.0226116180419922 0.0281925201416016 0.122650146484375 0.00555419921875
-0.00655174255371094 0.0287704467773438 0.100570678710938 -0.00814056396484375
0.0101032257080078 0.0285148620605469 0.0791854858398438 -0.0195999145507812
0.0184459686279297 0.0289115905761719 0.0403366088867187 -0.0137786865234375
0.0452423095703125 0.0170516967773437 0.0275650024414063 0.00621986389160156
0.0577354431152344 -0.00366973876953125 0.0286960601806641 0.0323143005371094
0.0579719543457031 -0.00928497314453125 0.0286788940429688 0.0485458374023438
0.0642738342285156 -0.0151443481445312 0.0275039672851563 0.0704803466796875
0.0596504211425781 -0.00159835815429688 0.00664520263671876 0.0783004760742187
0.0534439086914063 0.0193443298339844 -0.0123062133789062 0.0720291137695313
0.042022705078125 0.0304298400878906 -0.0201454162597656 0.0532035827636719
0.0156326293945312 0.0552864074707031 -0.0146865844726562 0.0360527038574219
-0.0174674987792969 0.0607452392578125 0.039947509765625 0.044708251953125
-0.0438919067382812 0.0440559387207031 0.0992050170898438 0.121315002441406
0.0986480712890625 -0.0319366455078125 -0.0814743041992188 -0.125221252441406
0.0314369201660156 -0.067626953125 -0.02508544921875 -0.0625534057617187
-0.00420761108398437 -0.0608978271484375 0.0338058471679688 -0.0361061096191406
-0.0328292846679688 -0.0481910705566406 0.0500144958496094 -0.0576629638671875
-0.0424728393554688 -0.0299758911132812 0.0444412231445313 -0.074981689453125
-0.0649833679199219 -0.00889587402343749 0.0144424438476562 -0.0912399291992188
-0.0694236755371094 0.000938415527343754 -0.0104522705078125 -0.0843658447265625
-0.0648155212402344 -0.00562667846679686 -0.0137825012207031 -0.0592002868652344
-0.0717315673828125 -0.0135650634765625 -0.0149402618408203 -0.0350131988525391
-0.0528526306152344 -0.0397911071777344 -0.0208568572998047 -0.00555610656738282
-0.0193939208984375 -0.0599861145019531 -0.0330085754394531 0.015106201171875
0.012298583984375 -0.0562705993652344 -0.0596466064453125 0.0150299072265625
0.049774169921875 -0.0358695983886719 -0.0861892700195313 0.0107803344726562
0.0712356567382813 -0.0273666381835938 -0.1055908203125 0.00996398925781251
0.0944900512695313 -0.0060882568359375 -0.0820770263671875 0.0208511352539063
0.124488830566406 -0.00689697265625 -0.0368499755859375 -0.128746032714844
0.0607643127441406 -0.0489273071289063 0.0143241882324219 -0.0681495666503906
0.0276756286621094 -0.0507545471191406 0.0619583129882813 -0.0411720275878906
-0.00321578979492188 -0.0511894226074219 0.0754776000976563 -0.0645065307617188
-0.018768310546875 -0.0397300720214844 0.0641326904296875 -0.0788421630859375
-0.0483894348144531 -0.0318145751953125 0.0363006591796875 -0.0952529907226563
-0.0615501403808594 -0.0266494750976563 0.0136184692382813 -0.0875473022460938
-0.0589981079101563 -0.0312881469726562 0.00857162475585938 -0.0582466125488281
-0.0688362121582031 -0.0425529479980469 0.00891685485839843 -0.0301780700683594
-0.0466461181640625 -0.0674057006835938 -0.00190067291259766 0.00401639938354492
-0.00174713134765624 -0.0863113403320313 -0.0162734985351563 0.0256462097167969
0.0392913818359375 -0.0763702392578125 -0.0409736633300781 0.0211944580078125
0.085296630859375 -0.033416748046875 -0.0588569641113281 0.0202674865722656
0.105598449707031 -0.0164947509765625 -0.0655708312988281 0.0164947509765625
0.123237609863281 0.0115814208984375 -0.0386772155761719 0.0319175720214844
0.134040832519531 0.0207748413085937 0.0120849609375 -0.119331359863281
0.0841522216796875 -0.019195556640625 0.0570831298828125 -0.0616950988769531
0.062408447265625 -0.0315628051757813 0.0916061401367187 -0.0385665893554687
0.033477783203125 -0.0485267639160156 0.100418090820313 -0.0672149658203125
0.01116943359375 -0.0471954345703125 0.07958984375 -0.079254150390625
-0.0239143371582031 -0.0522804260253906 0.0526809692382813 -0.091522216796875
-0.0434455871582031 -0.05126953125 0.032928466796875 -0.0798721313476563
-0.0446090698242187 -0.0525131225585938 0.0286293029785156 -0.0482254028320312
-0.0560035705566406 -0.0645599365234375 0.0324516296386719 -0.0185012817382813
-0.0366134643554688 -0.0831222534179688 0.0183448791503906 0.0185337066650391
0.0105056762695313 -0.0982742309570313 0.00130081176757813 0.0385398864746094
0.052459716796875 -0.0872879028320313 -0.0232715606689453 0.0292243957519531
0.103507995605469 -0.0348129272460938 -0.0334701538085937 0.0258045196533203
0.122482299804688 -0.00988006591796875 -0.0244636535644531 0.0203285217285156
0.132888793945313 0.0253372192382813 0.0104751586914063 0.0447120666503906
0.125114440917969 0.044769287109375 0.0593490600585938 -0.099578857421875
0.0953598022460938 0.0126571655273437 0.0977706909179688 -0.0467987060546875
0.0913772583007813 -0.00839996337890625 0.117080688476563 -0.0306549072265625
0.0679969787597656 -0.0424690246582031 0.117912292480469 -0.064483642578125
0.0397987365722656 -0.050048828125 0.0865478515625 -0.0703582763671875
0.00300216674804688 -0.0669670104980469 0.06121826171875 -0.078460693359375
-0.020660400390625 -0.0689620971679688 0.0479087829589844 -0.0623970031738281
-0.0224342346191406 -0.06524658203125 0.0444793701171875 -0.0300674438476563
-0.0344467163085938 -0.0761947631835937 0.0531578063964844 -0.00249099731445313
-0.0194244384765625 -0.0852813720703125 0.0366477966308594 0.0337066650390625
0.0222854614257812 -0.0944442749023437 0.0164604187011719 0.0495796203613281
0.0586090087890625 -0.0830535888671875 -0.00787734985351562 0.0355873107910156
0.10595703125 -0.0292892456054688 -0.0105972290039062 0.0273399353027344
0.120040893554688 -0.00067138671875 0.0136947631835938 0.0183162689208984
0.12420654296875 0.0367050170898438 0.0584526062011719 0.0591621398925781
0.0979537963867187 0.0593490600585938 0.0975723266601563 -0.0735855102539063
0.0886077880859375 0.039337158203125 0.131439208984375 -0.027923583984375
0.102104187011719 0.0138320922851563 0.1334228515625 -0.0223541259765625
0.088897705078125 -0.0300216674804688 0.123794555664063 -0.053192138671875
0.0599937438964844 -0.0449104309082031 0.0837249755859375 -0.0550918579101563
0.0270957946777344 -0.0687713623046875 0.0622825622558594 -0.05523681640625
0.004669189453125 -0.0740509033203125 0.0539665222167969 -0.0362396240234375
0.00244903564453125 -0.0689964294433594 0.0529823303222656 -0.0085601806640625
-0.00511932373046876 -0.077301025390625 0.0638923645019531 0.0167350769042969
0.0048370361328125 -0.0751571655273438 0.0464744567871094 0.0472030639648438
0.038055419921875 -0.0752105712890625 0.0242118835449219 0.0582771301269531
0.0631103515625 -0.0625228881835938 0.00206756591796875 0.0396270751953125
0.0952377319335938 -0.0107879638671875 0.00377655029296875 0.0251197814941406
0.100555419921875 0.0166549682617187 0.0434989929199219 0.0150642395019531
0.095916748046875 0.0484848022460938 0.0982513427734375 0.0738525390625
0.0558967590332031 0.0619659423828125 0.121772766113281 -0.0468292236328125
0.0640792846679688 0.052398681640625 0.1502685546875 -0.0107879638671875
0.0864334106445313 0.03082275390625 0.136367797851563 -0.0150527954101563
0.0856170654296875 -0.0117111206054687 0.1171875 -0.0417022705078125
0.0638389587402344 -0.0283546447753906 0.0721282958984375 -0.0367965698242188
0.0434951782226563 -0.0553817749023438 0.0550804138183594 -0.028839111328125
0.029022216796875 -0.064910888671875 0.0534934997558594 -0.00760269165039063
0.0268592834472656 -0.0611381530761719 0.0541572570800781 0.0147018432617187
0.0251922607421875 -0.0687980651855469 0.0630111694335938 0.0369453430175781
0.0316925048828125 -0.0570945739746094 0.0444145202636719 0.0593223571777344
0.054290771484375 -0.0456809997558594 0.022216796875 0.0629234313964844
0.0658340454101563 -0.030059814453125 0.0037689208984375 0.0421676635742188
0.076568603515625 0.017791748046875 0.00880813598632813 0.0244407653808594
0.0685157775878906 0.0408935546875 0.0611343383789063 0.0172996520996094
0.0539321899414063 0.0580825805664063 0.122909545898437 0.0905303955078125
0.00446701049804688 0.0507278442382813 0.126853942871094 -0.0283737182617187
0.0235710144042969 0.0512123107910156 0.150711059570313 -0.000946044921874997
0.0491600036621094 0.0374794006347656 0.126319885253906 -0.0133514404296875
0.0599899291992188 0.00941848754882813 0.100730895996094 -0.0310134887695312
0.0510406494140625 -0.00234603881835938 0.0558547973632812 -0.0223846435546875
0.0520477294921875 -0.0279998779296875 0.0429306030273438 -0.00632476806640625
0.04852294921875 -0.0442085266113281 0.0454063415527344 0.0178070068359375
0.04779052734375 -0.0438919067382813 0.0467987060546875 0.0354461669921875
0.0511856079101563 -0.051300048828125 0.05096435546875 0.0556449890136719
0.0545692443847656 -0.035430908203125 0.0294761657714844 0.0701522827148438
0.0652389526367188 -0.0136680603027344 0.00863265991210938 0.0679512023925781
0.0641975402832031 0.0036163330078125 -0.00300598144531249 0.0455780029296875
0.0529632568359375 0.0458450317382813 0.00481605529785156 0.0284328460693359
0.02911376953125 0.0634269714355469 0.0631904602050781 0.0283241271972656
0.00498962402343749 0.0635719299316406 0.128486633300781 0.108261108398438
-0.0464057922363281 0.0350151062011719 0.111648559570313 -0.0205307006835937
-0.0218086242675781 0.0403861999511719 0.133537292480469 7.62939453125025E-05
-0.000453948974609377 0.0390396118164062 0.105552673339844 -0.0149917602539063
0.0202522277832031 0.0319042205810547 0.0802993774414063 -0.0251007080078125
0.0288944244384766 0.0284614562988281 0.0392074584960938 -0.0142288208007812
0.0538368225097656 0.00933456420898438 0.0280628204345703 0.00714874267578125
0.0626373291015625 -0.0152091979980469 0.0317916870117188 0.0335559844970703
0.0615653991699219 -0.0203628540039062 0.0313186645507813 0.0506591796875
0.06842041015625 -0.0278892517089844 0.0305023193359375 0.0717697143554688
0.0656318664550781 -0.0123138427734375 0.0069732666015625 0.0789642333984375
0.0644950866699219 0.0121994018554688 -0.0118637084960937 0.07177734375
0.0546379089355469 0.0286598205566406 -0.0175628662109375 0.0526084899902344
0.0265426635742188 0.0626907348632813 -0.0105323791503906 0.0364608764648438
-0.010650634765625 0.0750808715820313 0.0486221313476562 0.0454444885253906
-0.0433769226074219 0.0587120056152344 0.113815307617188 0.125999450683594
0.100868225097656 -0.049957275390625 -0.100074768066406 -0.130935668945312
0.0212936401367187 -0.079498291015625 -0.0368194580078125 -0.0643310546875
-0.0173377990722656 -0.06689453125 0.0313606262207031 -0.038848876953125
-0.046173095703125 -0.0446014404296875 0.0489006042480469 -0.0615234375
-0.0519142150878906 -0.0224876403808594 0.0448684692382813 -0.0816650390625
-0.0692100524902344 0.00365829467773438 0.01171875 -0.0975418090820313
-0.0716400146484375 0.0136260986328125 -0.015411376953125 -0.0911788940429688
-0.0679244995117188 0.00600051879882813 -0.018096923828125 -0.0654830932617188
-0.0765457153320313 -0.000328063964843765 -0.0192451477050781 -0.0402565002441406
-0.0606918334960937 -0.0308876037597656 -0.0212535858154297 -0.00926589965820312
-0.0317153930664063 -0.0580596923828125 -0.0326309204101563 0.0131893157958984
0.00173187255859374 -0.0612945556640625 -0.0608749389648438 0.0177116394042969
0.0452651977539063 -0.0488929748535156 -0.0886459350585938 0.0167236328125
0.071380615234375 -0.0442352294921875 -0.113677978515625 0.0174102783203125
0.101272583007813 -0.0236587524414063 -0.0900421142578125 0.0262374877929688
0.130874633789063 -0.0233001708984375 -0.05322265625 -0.141769409179688
0.0555877685546875 -0.0599365234375 0.004119873046875 -0.0762176513671875
0.0193672180175781 -0.0570945739746094 0.0604972839355469 -0.0473175048828125
-0.0136756896972656 -0.0497474670410156 0.0751266479492188 -0.0725784301757813
-0.0258522033691406 -0.03515625 0.0642318725585938 -0.0881423950195313
-0.0529823303222656 -0.0229911804199219 0.0335617065429687 -0.105033874511719
-0.0648078918457031 -0.0176124572753906 0.00828552246093749 -0.0980606079101563
-0.0636940002441406 -0.023345947265625 0.0045013427734375 -0.0672035217285156
-0.0750198364257812 -0.0334930419921875 0.00554275512695312 -0.0388679504394531
-0.0565032958984375 -0.0623092651367188 -0.00122714042663575 -0.00259518623352051
-0.013946533203125 -0.0881805419921875 -0.0149707794189453 0.0216178894042969
0.0299530029296875 -0.0850372314453125 -0.0409584045410156 0.0205879211425781
0.0851821899414062 -0.0489501953125 -0.057220458984375 0.0223388671875
0.1107177734375 -0.0338516235351563 -0.070281982421875 0.0192642211914062
0.13446044921875 -0.0040283203125 -0.0423431396484375 0.03118896484375
0.144622802734375 0.0090484619140625 0.000770568847656272 -0.137542724609375
0.0845794677734375 -0.02813720703125 0.0510787963867188 -0.0737762451171875
0.0612602233886719 -0.0376472473144531 0.0930862426757813 -0.0484695434570313
0.028045654296875 -0.0510330200195313 0.101081848144531 -0.0793609619140625
0.00677490234375 -0.046478271484375 0.0796356201171875 -0.09014892578125
-0.0281791687011719 -0.0481758117675781 0.0501022338867188 -0.103866577148438
-0.0482406616210937 -0.0477371215820313 0.0288848876953125 -0.0932464599609375
-0.0493927001953125 -0.0489120483398437 0.0254287719726562 -0.0585479736328125
-0.0630874633789062 -0.06072998046875 0.0310115814208984 -0.0294075012207031
-0.0456466674804688 -0.0819854736328125 0.0202846527099609 0.00950050354003906
0.000671386718749996 -0.104225158691406 0.00330924987792969 0.03265380859375
0.0461959838867188 -0.0978469848632813 -0.0218029022216797 0.0257797241210937
0.106864929199219 -0.0492706298828125 -0.0301227569580078 0.0245685577392578
0.130935668945313 -0.0247039794921875 -0.0252113342285156 0.0171794891357422
0.148086547851562 0.01263427734375 0.0124359130859375 0.0404129028320313
0.138778686523438 0.038848876953125 0.05316162109375 -0.120155334472656
0.101860046386719 0.0075225830078125 0.0962142944335938 -0.062103271484375
0.0972671508789063 -0.0140838623046875 0.120979309082031 -0.0427093505859375
0.0688667297363281 -0.0483856201171875 0.120018005371094 -0.0777740478515625
0.0396995544433594 -0.0539970397949219 0.0874099731445313 -0.08306884765625
-0.000278472900390623 -0.0688896179199219 0.0594482421875 -0.0915298461914063
-0.0257949829101563 -0.0714874267578125 0.043701171875 -0.0756454467773438
-0.02783203125 -0.0678939819335938 0.0423393249511719 -0.0410728454589844
-0.0423507690429688 -0.0782928466796875 0.0517959594726563 -0.0144615173339844
-0.0272598266601562 -0.0887527465820313 0.0386085510253906 0.0239791870117187
0.016021728515625 -0.102882385253906 0.0197486877441406 0.042022705078125
0.0551834106445312 -0.094635009765625 -0.00616836547851562 0.0305156707763672
0.111473083496094 -0.0413360595703125 -0.00693893432617187 0.0229873657226562
0.130622863769531 -0.0108566284179687 0.0162906646728516 0.0111618041992188
0.139434814453125 0.0299301147460938 0.0660133361816406 0.0509986877441406
0.111412048339844 0.0605850219726563 0.0980453491210938 -0.0943527221679688
0.0991058349609375 0.0393447875976563 0.134529113769531 -0.0442123413085938
0.113555908203125 0.0105667114257812 0.139175415039063 -0.034759521484375
0.095062255859375 -0.0378570556640625 0.126792907714844 -0.0679092407226563
0.0627021789550781 -0.0522346496582031 0.085052490234375 -0.0661468505859375
0.0252456665039062 -0.0762786865234375 0.060791015625 -0.0675468444824219
0.000251770019531251 -0.0818328857421875 0.0521125793457031 -0.0480079650878906
-0.00164794921875 -0.0758895874023438 0.0526618957519531 -0.0176277160644531
-0.0112991333007812 -0.085693359375 0.0649642944335938 0.00614547729492187
9.15527343749989E-05 -0.0827484130859375 0.0491065979003906 0.0383834838867187
0.0359268188476563 -0.0850143432617188 0.0275497436523438 0.05035400390625
0.064117431640625 -0.074066162109375 0.00463294982910157 0.0329418182373047
0.104690551757813 -0.0182723999023438 0.00785064697265626 0.0192546844482422
0.113075256347656 0.01251220703125 0.0485954284667969 0.00642013549804688
0.111152648925781 0.0482101440429688 0.110275268554688 0.0636520385742188
0.0666961669921875 0.0684547424316406 0.12762451171875 -0.0661697387695312
0.0746383666992188 0.0572891235351563 0.1583251953125 -0.02667236328125
0.100776672363281 0.0314788818359375 0.142745971679688 -0.0282745361328125
0.0960464477539062 -0.0189743041992187 0.119522094726563 -0.0545730590820313
0.0698928833007813 -0.0369758605957031 0.0733795166015625 -0.0449371337890625
0.0448760986328125 -0.0667495727539063 0.0552024841308594 -0.03729248046875
0.0261383056640625 -0.077056884765625 0.0537338256835938 -0.0158157348632813
0.02484130859375 -0.0724868774414063 0.0555572509765625 0.00798034667968749
0.0206451416015625 -0.0810546875 0.0656166076660156 0.0285072326660156
0.0305404663085938 -0.0684089660644531 0.0471763610839844 0.0527305603027344
0.058135986328125 -0.0573272705078125 0.024383544921875 0.0576362609863281
0.0737457275390625 -0.0405120849609375 0.00588226318359376 0.0360603332519531
0.0897903442382813 0.0154266357421875 0.0134506225585938 0.0177707672119141
0.0817337036132813 0.0440139770507813 0.0678062438964844 0.00795745849609375
0.0670204162597656 0.0648689270019531 0.139518737792969 0.0810546875
0.0116043090820313 0.0637321472167969 0.136146545410156 -0.0439071655273437
0.0334396362304688 0.0611000061035156 0.161209106445313 -0.015380859375
0.0633583068847656 0.0423431396484375 0.13232421875 -0.02490234375
0.0726089477539063 0.00527191162109375 0.10235595703125 -0.0416488647460937
0.0598831176757813 -0.009735107421875 0.0558280944824219 -0.026702880859375
0.0561981201171875 -0.0400505065917969 0.0445213317871094 -0.0097808837890625
0.0480194091796875 -0.0585403442382813 0.0484428405761719 0.0130996704101562
0.047393798828125 -0.0578765869140625 0.0491981506347656 0.0324440002441406
0.0497474670410156 -0.0669631958007813 0.0545845031738281 0.0524139404296875
0.0557327270507813 -0.048675537109375 0.0313186645507812 0.066864013671875
0.0727005004882813 -0.0265350341796875 0.010955810546875 0.06494140625
0.0759048461914063 -0.0045928955078125 -0.00144958496093749 0.0418815612792969
0.0682029724121094 0.0486946105957031 0.00990104675292969 0.0237483978271484
0.0424270629882812 0.0727310180664063 0.0722885131835938 0.0214462280273438
0.0138473510742188 0.076141357421875 0.147109985351563 0.102645874023438
-0.044677734375 0.0502395629882812 0.122184753417969 -0.0313568115234375
-0.0157585144042969 0.0543403625488281 0.145156860351563 -0.011566162109375
0.00962829589843751 0.0482597351074219 0.110221862792969 -0.0245361328125
0.0326824188232422 0.0326213836669922 0.0806045532226563 -0.0316390991210938
0.0394210815429688 0.0247879028320313 0.0382919311523438 -0.0156593322753906
0.0611724853515625 -0.00217437744140625 0.0300331115722656 0.0084991455078125
0.065032958984375 -0.0294532775878906 0.0358200073242188 0.0353927612304688
0.0630645751953125 -0.0342178344726563 0.0345687866210938 0.0513343811035156
0.06866455078125 -0.0443916320800781 0.0344696044921875 0.0731353759765625
0.0687789916992188 -0.0264816284179688 0.00859832763671875 0.0803756713867187
0.0751953125 0.00101470947265625 -0.0105819702148437 0.0732955932617187
0.0688209533691406 0.0221595764160156 -0.0158042907714844 0.0511054992675781
0.0414924621582031 0.0689849853515625 -0.006195068359375 0.0354499816894531
0.000534057617187508 0.0879974365234375 0.0587997436523437 0.0429000854492188
-0.0387115478515625 0.0759811401367188 0.133125305175781 0.1258544921875
0.09564208984375 -0.0706558227539062 -0.122238159179688 -0.129829406738281
0.00598144531249999 -0.0878524780273438 -0.0490837097167969 -0.0624847412109375
-0.0328445434570313 -0.0679054260253906 0.0281410217285156 -0.0407524108886719
-0.05902099609375 -0.0360374450683594 0.0463371276855469 -0.0651321411132813
-0.0578422546386719 -0.0111312866210938 0.0409164428710937 -0.0873641967773438
-0.0689620971679688 0.0190200805664063 0.0062255859375 -0.102676391601563
-0.0687141418457031 0.0282783508300781 -0.0239486694335938 -0.0963134765625
-0.0664901733398437 0.01947021484375 -0.0248947143554688 -0.0696830749511719
-0.0764846801757813 0.0152969360351562 -0.02557373046875 -0.0434036254882812
-0.0665283203125 -0.0191383361816406 -0.0229244232177734 -0.0123291015625
-0.0440330505371094 -0.0510978698730469 -0.0327033996582031 0.0125846862792969
-0.0117530822753906 -0.0620956420898438 -0.0601997375488281 0.0214691162109375
0.0353584289550781 -0.0613288879394531 -0.0896759033203125 0.023956298828125
0.0646247863769531 -0.0620498657226563 -0.118476867675781 0.0280685424804688
0.101974487304688 -0.0441055297851563 -0.0957260131835938 0.034698486328125
0.131721496582031 -0.0432815551757813 -0.0750732421875 -0.147872924804688
0.0451812744140625 -0.0697593688964844 -0.00845336914062501 -0.0799407958984375
0.00864791870117187 -0.0602760314941406 0.0571823120117188 -0.0538978576660156
-0.024322509765625 -0.045166015625 0.071380615234375 -0.081268310546875
-0.0319042205810547 -0.0273799896240234 0.0597381591796875 -0.097930908203125
-0.0544166564941406 -0.0114326477050781 0.0268936157226563 -0.114570617675781
-0.0653190612792969 -0.00640487670898437 -0.000961303710937509 -0.107345581054688
-0.0654792785644531 -0.0130119323730469 -0.00379180908203125 -0.0745468139648438
-0.0791168212890625 -0.0216140747070313 -0.00141525268554688 -0.04669189453125
-0.0646781921386719 -0.0534934997558594 -0.00263214111328125 -0.00914287567138672
-0.0273284912109375 -0.0853652954101563 -0.0143442153930664 0.0166568756103516
0.01702880859375 -0.0906448364257813 -0.0403861999511719 0.0202293395996094
0.078643798828125 -0.0642242431640625 -0.056304931640625 0.0235519409179687
0.108451843261719 -0.0542221069335938 -0.0729827880859375 0.02349853515625
0.140426635742188 -0.0254745483398438 -0.0455398559570312 0.0329551696777344
0.151336669921875 -0.0077667236328125 -0.0189056396484375 -0.150924682617188
0.0814590454101563 -0.0379409790039063 0.039764404296875 -0.0850372314453125
0.0562973022460938 -0.0437965393066406 0.08941650390625 -0.0589675903320313
0.02081298828125 -0.0520133972167969 0.0969009399414063 -0.0922622680664063
0.00297927856445313 -0.0438270568847656 0.0744552612304688 -0.102165222167969
-0.0310401916503906 -0.0421943664550781 0.0420684814453125 -0.116096496582031
-0.0520744323730469 -0.0420570373535156 0.018402099609375 -0.105445861816406
-0.0540580749511719 -0.0433540344238281 0.0174751281738281 -0.0687789916992188
-0.0705032348632813 -0.0532608032226563 0.0246963500976563 -0.0399208068847656
-0.055328369140625 -0.0768814086914063 0.0192451477050781 0.00053024291992187
-0.0119705200195312 -0.105667114257813 0.00418281555175781 0.0249767303466797
0.034576416015625 -0.107368469238281 -0.0213737487792969 0.0219936370849609
0.1043701171875 -0.0651931762695313 -0.0270252227783203 0.021392822265625
0.132476806640625 -0.0443267822265625 -0.0257949829101562 0.0146141052246094
0.157989501953125 -0.006317138671875 0.0130081176757813 0.0344009399414063
0.150054931640625 0.027587890625 0.0386962890625 -0.139717102050781
0.106918334960938 -0.00051116943359375 0.0884017944335938 -0.0774002075195313
0.0997314453125 -0.021942138671875 0.119155883789062 -0.05718994140625
0.0660820007324219 -0.0545578002929688 0.115776062011719 -0.0930404663085938
0.037567138671875 -0.057403564453125 0.08197021484375 -0.0960540771484375
-0.00443267822265625 -0.0691642761230469 0.0507125854492187 -0.10455322265625
-0.0320205688476563 -0.07122802734375 0.034332275390625 -0.0886383056640625
-0.0343284606933594 -0.0675010681152344 0.0357933044433594 -0.0520591735839844
-0.0509185791015625 -0.076812744140625 0.0473213195800781 -0.0264320373535156
-0.03704833984375 -0.0886993408203125 0.0379791259765625 0.0128173828125
0.0049591064453125 -0.1077880859375 0.0206985473632813 0.0335502624511719
0.0472869873046875 -0.105804443359375 -0.00547027587890625 0.0239067077636719
0.113121032714844 -0.0561370849609375 -0.0041360855102539 0.0161066055297852
0.136940002441406 -0.0272216796875 0.0166530609130859 0.0026102066040039
0.152801513671875 0.015899658203125 0.0705413818359375 0.03857421875
0.126091003417969 0.0554046630859375 0.08941650390625 -0.116477966308594
0.110176086425781 0.034088134765625 0.131637573242188 -0.0630111694335938
0.123176574707031 0.00234222412109375 0.139312744140625 -0.05145263671875
0.09759521484375 -0.0484848022460938 0.123329162597656 -0.0835494995117188
0.0632743835449219 -0.0603294372558594 0.0804443359375 -0.0782318115234375
0.0212860107421875 -0.0828018188476563 0.0550994873046875 -0.079437255859375
-0.00738525390625001 -0.0882568359375 0.0457725524902344 -0.0604171752929688
-0.0096893310546875 -0.0809097290039063 0.0483055114746094 -0.0277061462402344
-0.0218048095703125 -0.0900039672851563 0.0621757507324219 -0.00584793090820313
-0.00767517089843749 -0.0885696411132812 0.0489730834960938 0.0279464721679687
0.0298995971679687 -0.0950775146484375 0.0283927917480469 0.0418434143066406
0.062103271484375 -0.0859451293945312 0.00456047058105469 0.024932861328125
0.111198425292969 -0.02996826171875 0.0106010437011719 0.0102243423461914
0.122581481933594 0.00262451171875 0.0509986877441406 -0.00645828247070313
0.125740051269531 0.0416259765625 0.119636535644531 0.0479583740234375
0.0817794799804687 0.0714263916015625 0.1253662109375 -0.0893707275390625
0.0894012451171875 0.057769775390625 0.160232543945313 -0.0471038818359375
0.115562438964844 0.02545166015625 0.144317626953125 -0.0447998046875
0.103462219238281 -0.03076171875 0.116950988769531 -0.0688018798828125
0.0737762451171875 -0.0474777221679688 0.0702629089355469 -0.0545845031738281
0.0415725708007812 -0.0783233642578125 0.0522842407226563 -0.0461807250976563
0.017852783203125 -0.0883255004882813 0.0515937805175781 -0.0255203247070313
0.016998291015625 -0.0822296142578125 0.0541801452636719 -6.1035156250005E-05
0.0117340087890625 -0.09149169921875 0.0657005310058594 0.0190773010253906
0.0246658325195313 -0.079437255859375 0.0474891662597656 0.0440177917480469
0.056640625 -0.0704345703125 0.0256385803222656 0.0506057739257812
0.0760955810546875 -0.0532684326171875 0.00680732727050782 0.0283355712890625
0.101638793945312 0.00864410400390625 0.016545295715332 0.00939750671386719
0.0959930419921875 0.0413970947265625 0.0725173950195313 -0.0054931640625
0.0821304321289063 0.0669479370117188 0.152786254882813 0.064910888671875
0.0239105224609375 0.0740203857421875 0.139091491699219 -0.06524658203125
0.046905517578125 0.0665664672851563 0.16729736328125 -0.0352783203125
0.0787811279296875 0.0421524047851563 0.132705688476563 -0.0408096313476563
0.0824050903320312 -0.00363922119140625 0.0998764038085938 -0.0525894165039063
0.0665016174316406 -0.0197601318359375 0.0543136596679688 -0.031707763671875
0.05548095703125 -0.0541648864746094 0.0446243286132812 -0.0144462585449219
0.042449951171875 -0.0731887817382813 0.0502662658691406 0.00806045532226562
0.041107177734375 -0.0710296630859375 0.0507469177246094 0.0282058715820313
0.0415573120117188 -0.0817947387695313 0.0573387145996094 0.0463218688964844
0.0524673461914063 -0.0631523132324219 0.0329627990722656 0.0626716613769531
0.0756378173828125 -0.0414276123046875 0.0115318298339844 0.0612258911132812
0.0841522216796875 -0.0177383422851562 4.57763671875026E-05 0.0360183715820313
0.0841751098632812 0.0457763671875 0.0129127502441406 0.0177783966064453
0.05963134765625 0.0773468017578125 0.079742431640625 0.0105438232421875
0.0285568237304688 0.0855560302734375 0.164688110351563 0.0891571044921875
-0.0376472473144531 0.066162109375 0.128135681152344 -0.0472793579101562
-0.00560760498046875 0.0657310485839844 0.151397705078125 -0.027496337890625
0.0245399475097656 0.0540847778320312 0.110504150390625 -0.03692626953125
0.0456352233886719 0.0285606384277344 0.0781326293945313 -0.0389328002929688
0.0486869812011719 0.0171699523925781 0.037017822265625 -0.0167770385742188
0.0639152526855469 -0.0166244506835938 0.0321006774902344 0.00753402709960937
0.0624465942382813 -0.0457038879394531 0.0406074523925781 0.0339279174804688
0.0587081909179688 -0.0494384765625 0.0398674011230469 0.051025390625
0.0632743835449219 -0.0610389709472656 0.039886474609375 0.071929931640625
0.0667572021484375 -0.0422859191894531 0.0114364624023438 0.0810699462890625
0.0796661376953125 -0.0152130126953125 -0.00876617431640625 0.0737686157226563
0.0788421630859375 0.010162353515625 -0.0136985778808594 0.0487022399902344
0.05902099609375 0.069122314453125 -0.00165367126464844 0.0332393646240234
0.0179061889648438 0.097900390625 0.068817138671875 0.0366172790527344
-0.02783203125 0.0908432006835938 0.153335571289063 0.11773681640625
0.08355712890625 -0.0871810913085938 -0.141082763671875 -0.119598388671875
-0.0114288330078125 -0.0902481079101563 -0.0599403381347656 -0.0555496215820313
-0.0478248596191406 -0.0629425048828125 0.0237236022949219 -0.0408287048339844
-0.067474365234375 -0.0232810974121094 0.0420112609863281 -0.0667228698730469
-0.0594749450683594 0.00172424316406249 0.0354156494140625 -0.0913162231445313
-0.06304931640625 0.0321998596191406 -9.15527343750001E-05 -0.104560852050781
-0.0612754821777344 0.040069580078125 -0.0321121215820313 -0.0974273681640625
-0.0605964660644531 0.03094482421875 -0.0329856872558594 -0.0702590942382813
-0.0705795288085938 0.0290756225585938 -0.0321235656738281 -0.0436973571777344
-0.066680908203125 -0.00580215454101563 -0.0250644683837891 -0.0143547058105469
-0.051849365234375 -0.0397872924804688 -0.0326633453369141 0.0113124847412109
-0.024322509765625 -0.0579185485839844 -0.0579948425292969 0.0241355895996094
0.0217056274414063 -0.0689735412597656 -0.0859375 0.0294570922851562
0.0516815185546875 -0.0759811401367187 -0.11773681640625 0.0395431518554688
0.094207763671875 -0.0632171630859375 -0.0968856811523437 0.0450286865234375
0.124443054199219 -0.061920166015625 -0.097412109375 -0.144485473632813
0.03173828125 -0.0751876831054688 -0.02227783203125 -0.07928466796875
-0.00353622436523437 -0.0591316223144531 0.0506324768066406 -0.05853271484375
-0.0321617126464844 -0.036376953125 0.0644454956054688 -0.0870437622070313
-0.03363037109375 -0.0179481506347656 0.0516128540039062 -0.104598999023438
-0.0512771606445313 0.000213623046874989 0.0168380737304688 -0.119400024414063
-0.0620841979980469 0.0035400390625 -0.0134201049804688 -0.111175537109375
-0.0629119873046875 -0.00306320190429688 -0.0140380859375 -0.0781478881835937
-0.0776748657226563 -0.00889587402343749 -0.0101356506347656 -0.051239013671875
-0.0681724548339844 -0.0421066284179687 -0.00638103485107422 -0.014892578125
-0.037933349609375 -0.07781982421875 -0.0153646469116211 0.0121049880981445
0.0029449462890625 -0.0906524658203125 -0.0389556884765625 0.0192604064941406
0.0674591064453125 -0.076385498046875 -0.0540542602539062 0.024139404296875
0.0990524291992188 -0.0714874267578125 -0.0735702514648438 0.0275115966796875
0.137710571289063 -0.0477828979492188 -0.046905517578125 0.0351715087890625
0.150482177734375 -0.02587890625 -0.041778564453125 -0.155136108398438
0.0746612548828125 -0.0458297729492188 0.0249252319335938 -0.090057373046875
0.0496444702148438 -0.0476455688476563 0.0824508666992188 -0.0674972534179688
0.0136756896972656 -0.0489730834960937 0.0879135131835938 -0.101387023925781
-2.288818359375E-05 -0.0398139953613281 0.0646286010742187 -0.111427307128906
-0.0310859680175781 -0.0359649658203125 0.0298538208007813 -0.123725891113281
-0.0534133911132812 -0.035064697265625 0.00450134277343751 -0.11175537109375
-0.0554885864257813 -0.0366401672363281 0.006591796875 -0.0746002197265625
-0.0737838745117188 -0.043609619140625 0.0147590637207031 -0.0479660034179688
-0.0618133544921875 -0.0688705444335938 0.0143709182739258 -0.00751686096191407
-0.024505615234375 -0.102104187011719 0.00249481201171875 0.0178565979003906
0.0208206176757812 -0.110336303710938 -0.0217380523681641 0.01812744140625
0.0955047607421875 -0.07867431640625 -0.0253868103027344 0.0168018341064453
0.126777648925781 -0.0627975463867188 -0.027618408203125 0.0118446350097656
0.159622192382813 -0.0270538330078125 0.0115718841552734 0.0284519195556641
0.15576171875 0.012786865234375 0.018157958984375 -0.15093994140625
0.106895446777344 -0.00972747802734375 0.0752334594726563 -0.0886993408203125
0.098968505859375 -0.0310134887695313 0.112113952636719 -0.0687942504882813
0.0610084533691406 -0.0592460632324219 0.105728149414062 -0.104949951171875
0.0342330932617187 -0.0593490600585937 0.0718994140625 -0.105934143066406
-0.00845718383789063 -0.0679779052734375 0.0389785766601562 -0.113868713378906
-0.0382728576660156 -0.0686187744140625 0.02099609375 -0.0962295532226563
-0.0402145385742187 -0.0642051696777344 0.0256919860839844 -0.0590400695800781
-0.0583724975585937 -0.0713729858398438 0.0381317138671875 -0.0356941223144531
-0.0449600219726563 -0.0845565795898438 0.0335445404052734 0.00363731384277343
-0.00627136230468751 -0.108993530273438 0.0177288055419922 0.0249309539794922
0.03558349609375 -0.11212158203125 -0.0070648193359375 0.0174179077148437
0.108551025390625 -0.0696640014648438 -0.00379371643066406 0.00805854797363281
0.136138916015625 -0.0438919067382812 0.0139093399047852 -0.00626945495605469
0.158721923828125 -0.0021514892578125 0.0710296630859375 0.0259628295898438
0.1368408203125 0.0460357666015625 0.0731124877929688 -0.133781433105469
0.117279052734375 0.02545166015625 0.121116638183594 -0.0791015625
0.129051208496094 -0.00907135009765625 0.132301330566406 -0.0652542114257813
0.095184326171875 -0.0586395263671875 0.113380432128906 -0.0966796875
0.0609817504882812 -0.0675773620605469 0.0726165771484375 -0.0878753662109375
0.014373779296875 -0.087249755859375 0.0448760986328125 -0.0879135131835938
-0.0170364379882813 -0.09014892578125 0.03509521484375 -0.0684471130371094
-0.0181198120117188 -0.0822982788085938 0.0409698486328125 -0.0352401733398438
-0.0321121215820313 -0.0907669067382813 0.0548858642578125 -0.0162086486816406
-0.0171966552734375 -0.0895538330078125 0.0448379516601563 0.018157958984375
0.0204010009765625 -0.100547790527344 0.0257606506347656 0.0328598022460937
0.054443359375 -0.0952911376953125 0.00179481506347657 0.0178718566894531
0.113365173339844 -0.0424346923828125 0.00994873046875001 0.000295639038085935
0.128143310546875 -0.00965118408203125 0.0482101440429688 -0.0194625854492188
0.1365966796875 0.0297622680664063 0.121742248535156 0.0298538208007813
0.0955963134765625 0.0685958862304687 0.113983154296875 -0.108833312988281
0.101303100585938 0.0527496337890625 0.152877807617188 -0.066650390625
0.12652587890625 0.0146560668945313 0.138320922851563 -0.0599365234375
0.105133056640625 -0.04327392578125 0.108604431152344 -0.0808792114257813
0.0727920532226563 -0.0588226318359375 0.0645828247070313 -0.0612373352050781
0.034027099609375 -0.0873947143554688 0.0457725524902344 -0.0536384582519531
0.0066680908203125 -0.0954208374023438 0.0455780029296875 -0.0328178405761719
0.00675201416015624 -0.0884628295898438 0.0498619079589844 -0.00641632080078126
-0.00125885009765624 -0.097503662109375 0.0611228942871094 0.00993347167968749
0.0152740478515625 -0.086334228515625 0.0441131591796875 0.0362129211425781
0.0501556396484375 -0.081634521484375 0.0234756469726563 0.0434761047363281
0.0743942260742188 -0.0658340454101563 0.00371932983398438 0.0215682983398437
0.109519958496094 -0.0021514892578125 0.0156040191650391 -0.000553131103515625
0.108131408691406 0.0336456298828125 0.071441650390625 -0.019989013671875
0.0962753295898438 0.0629653930664063 0.158309936523438 0.044525146484375
0.0379562377929687 0.0777435302734375 0.133537292480469 -0.084686279296875
0.0618095397949219 0.0673789978027344 0.164352416992188 -0.054962158203125
0.0932159423828125 0.035888671875 0.127586364746094 -0.0546493530273438
0.0892105102539063 -0.0157623291015625 0.0929336547851562 -0.062286376953125
0.0693626403808594 -0.031890869140625 0.0506744384765625 -0.0355186462402344
0.0496940612792969 -0.0659675598144531 0.0417823791503906 -0.019378662109375
0.0313034057617188 -0.0846405029296875 0.0493736267089844 0.00263977050781249
0.030242919921875 -0.0805892944335938 0.0512008666992187 0.0233001708984375
0.0283432006835938 -0.0919036865234375 0.0566291809082031 0.0396881103515625
0.0433425903320313 -0.0740509033203125 0.0325698852539063 0.0577316284179687
0.072509765625 -0.0564193725585938 0.0112228393554688 0.0564994812011719
0.0867156982421875 -0.0325469970703125 -0.000986099243164058 0.0304374694824219
0.097564697265625 0.037200927734375 0.0139760971069336 0.00985622406005859
0.0762939453125 0.0750808715820313 0.081939697265625 -0.002960205078125
0.044342041015625 0.088836669921875 0.175018310546875 0.06939697265625
-0.0248184204101562 0.0779342651367188 0.125900268554688 -0.0635452270507813
0.00803375244140625 0.0728225708007813 0.150863647460938 -0.0444488525390625
0.0396728515625 0.054107666015625 0.105705261230469 -0.04754638671875
0.0550460815429687 0.0200119018554687 0.0728378295898438 -0.0437698364257813
0.0541038513183594 0.00683975219726563 0.0351333618164063 -0.0168056488037109
0.0608444213867188 -0.0309219360351563 0.0336704254150391 0.00658607482910156
0.0532341003417969 -0.0591239929199219 0.0442161560058594 0.0311088562011719
0.0493125915527344 -0.06103515625 0.0437355041503906 0.0488128662109375
0.051513671875 -0.074310302734375 0.0437088012695312 0.0691604614257813
0.0589828491210938 -0.05596923828125 0.0134124755859375 0.0801467895507813
0.0790939331054687 -0.0310592651367188 -0.00573730468749999 0.071929931640625
0.0841827392578125 -0.00494384765625 -0.0124359130859375 0.0455436706542969
0.0753631591796875 0.0631790161132813 0.00185394287109375 0.0286540985107422
0.0367279052734375 0.0999374389648438 0.0750579833984375 0.0260009765625
-0.011749267578125 0.100593566894531 0.168045043945313 0.101318359375
0.068695068359375 -0.0973892211914063 -0.152175903320313 -0.1060791015625
-0.0258865356445312 -0.0861587524414062 -0.0662498474121094 -0.0463600158691406
-0.0583381652832031 -0.0541877746582031 0.0202102661132813 -0.0393486022949219
-0.0704116821289063 -0.0104598999023438 0.0386085510253906 -0.066436767578125
-0.0569839477539063 0.0119667053222656 0.030517578125 -0.0914306640625
-0.05322265625 0.041748046875 -0.00508117675781251 -0.10369873046875
-0.0509185791015625 0.0471000671386719 -0.0385589599609375 -0.0949935913085938
-0.0513038635253906 0.0379676818847656 -0.0388145446777344 -0.0688438415527344
-0.0605545043945312 0.0380096435546875 -0.0371780395507813 -0.042755126953125
-0.062408447265625 0.00519943237304687 -0.0273475646972656 -0.0161838531494141
-0.0547218322753906 -0.0289421081542969 -0.0326938629150391 0.00977325439453125
-0.0329513549804687 -0.05047607421875 -0.0546760559082031 0.0245361328125
0.00824737548828126 -0.0705947875976562 -0.0815200805664063 0.03216552734375
0.0371780395507813 -0.0832595825195313 -0.113876342773437 0.0476531982421875
0.0824127197265625 -0.0767745971679688 -0.09417724609375 0.0516204833984375
0.112762451171875 -0.0742263793945313 -0.113616943359375 -0.136558532714844
0.0191879272460937 -0.0746841430664063 -0.0330886840820313 -0.0745925903320313
-0.0127983093261719 -0.0544357299804688 0.0442695617675781 -0.0590400695800781
-0.0360031127929688 -0.0262985229492188 0.0572967529296875 -0.0889968872070312
-0.0320186614990234 -0.00966835021972656 0.0437240600585937 -0.106369018554688
-0.0443840026855469 0.00796127319335939 0.00875091552734374 -0.120223999023437
-0.0552330017089844 0.0101509094238281 -0.0235137939453125 -0.110824584960938
-0.0572433471679688 0.00432968139648437 -0.0221481323242188 -0.078704833984375
-0.0721206665039063 0.000526428222656265 -0.0180854797363281 -0.0517082214355469
-0.0672683715820313 -0.0314483642578125 -0.011077880859375 -0.0190849304199219
-0.0440597534179688 -0.0681686401367188 -0.0176486968994141 0.00785446166992187
-0.00789642333984376 -0.0862197875976563 -0.0391273498535156 0.0165901184082031
0.0544357299804688 -0.0816268920898438 -0.0509223937988281 0.0221061706542969
0.0858154296875 -0.08233642578125 -0.0727157592773437 0.02972412109375
0.128585815429688 -0.0636215209960938 -0.0476837158203125 0.0353889465332031
0.1441650390625 -0.0395660400390625 -0.060882568359375 -0.153106689453125
0.0658912658691406 -0.0490036010742188 0.0114212036132812 -0.089385986328125
0.0425682067871094 -0.0480079650878906 0.0740432739257813 -0.070831298828125
0.00901031494140625 -0.0444793701171875 0.07763671875 -0.104751586914063
-0.000341415405273439 -0.0346107482910156 0.0552215576171875 -0.11456298828125
-0.0290336608886719 -0.0301933288574219 0.0191802978515625 -0.125770568847656
-0.051971435546875 -0.0293388366699219 -0.00775909423828126 -0.112716674804688
-0.0539970397949219 -0.0304069519042969 -0.0027618408203125 -0.0761566162109375
-0.072662353515625 -0.0353851318359375 0.00485992431640624 -0.0506515502929687
-0.0638809204101563 -0.0598869323730469 0.00811767578125 -0.0133352279663086
-0.0326156616210938 -0.0950927734375 -0.00162792205810547 0.012394905090332
0.00909423828125 -0.108192443847656 -0.0238857269287109 0.0134010314941406
0.084564208984375 -0.086944580078125 -0.0249252319335937 0.0116004943847656
0.116813659667969 -0.0749740600585938 -0.029327392578125 0.0085010528564453
0.154800415039063 -0.0436248779296875 0.00867080688476563 0.0231723785400391
0.155776977539063 -0.0004425048828125 -0.002197265625 -0.153961181640625
0.103225708007813 -0.0162887573242187 0.0606613159179688 -0.0931854248046875
0.0958404541015625 -0.0364761352539062 0.102470397949219 -0.0755386352539062
0.0556564331054688 -0.0600814819335938 0.0942001342773438 -0.110580444335938
0.0316123962402344 -0.0588264465332031 0.0624847412109375 -0.10955810546875
-0.0102386474609375 -0.0647392272949219 0.027557373046875 -0.116104125976562
-0.0414314270019531 -0.0649070739746094 0.00820922851562499 -0.098846435546875
-0.0427513122558594 -0.0603370666503906 0.0160102844238281 -0.0618438720703125
-0.0620269775390625 -0.0661125183105469 0.027435302734375 -0.0406417846679688
-0.0498275756835937 -0.0785598754882813 0.0262260437011719 -0.00302314758300782
-0.0146942138671875 -0.10552978515625 0.0122566223144531 0.0183963775634766
0.025115966796875 -0.113121032714844 -0.0113964080810547 0.0119810104370117
0.101394653320313 -0.0778884887695313 -0.00592947006225585 0.000495910644531244
0.130027770996094 -0.05596923828125 0.00939178466796876 -0.0131874084472656
0.158004760742188 -0.0168609619140625 0.0663032531738281 0.0154685974121094
0.1427001953125 0.035369873046875 0.055023193359375 -0.142257690429688
0.119651794433594 0.0179672241210938 0.107063293457031 -0.0880813598632813
0.129646301269531 -0.0189132690429688 0.1219482421875 -0.0738296508789063
0.090911865234375 -0.06549072265625 0.102340698242188 -0.103187561035156
0.057098388671875 -0.072265625 0.0633392333984375 -0.0912399291992188
0.00878906250000001 -0.0880355834960938 0.0341339111328125 -0.0916671752929688
-0.0251083374023438 -0.089385986328125 0.0243759155273438 -0.07135009765625
-0.0246047973632813 -0.0810775756835937 0.0324630737304688 -0.0387840270996094
-0.0401763916015625 -0.08770751953125 0.0452461242675781 -0.0216293334960938
-0.0239105224609375 -0.0883026123046875 0.0379295349121094 0.010711669921875
0.0118408203125 -0.102767944335938 0.0201854705810547 0.026153564453125
0.0465164184570313 -0.100082397460938 -0.00284767150878906 0.0120344161987305
0.111114501953125 -0.051666259765625 0.00638389587402344 -0.00788164138793946
0.128952026367187 -0.0208206176757813 0.0421028137207031 -0.0299568176269531
0.14111328125 0.0189208984375 0.117835998535156 0.0149917602539063
0.105186462402344 0.0623397827148438 0.09967041015625 -0.121162414550781
0.109062194824219 0.0458526611328125 0.14154052734375 -0.07977294921875
0.132736206054688 0.00423431396484375 0.128944396972656 -0.0696258544921875
0.103614807128906 -0.0539321899414063 0.0981521606445313 -0.0868301391601562
0.0699539184570313 -0.0659027099609375 0.0573348999023438 -0.064453125
0.0257644653320312 -0.091827392578125 0.0380592346191406 -0.0570755004882813
-0.00403594970703126 -0.09796142578125 0.0379981994628906 -0.0368537902832031
-0.00263214111328125 -0.0904541015625 0.04449462890625 -0.00983810424804688
-0.0125732421875 -0.09832763671875 0.0545768737792969 0.00366592407226562
0.00613403320312499 -0.0889663696289063 0.0382423400878906 0.0304069519042969
0.0421142578125 -0.0885467529296875 0.0185966491699219 0.0378341674804687
0.0692672729492188 -0.0750045776367188 -0.00129890441894531 0.0158538818359375
0.113388061523438 -0.0126800537109375 0.0123119354248047 -0.00835990905761719
0.115135192871094 0.025146484375 0.0664138793945313 -0.0314903259277344
0.106216430664063 0.0560760498046875 0.156234741210938 0.0271759033203125
0.0512161254882813 0.0784912109375 0.122032165527344 -0.0978546142578125
0.0734100341796875 0.0642776489257813 0.155105590820313 -0.0686187744140625
0.102531433105469 0.027557373046875 0.11907958984375 -0.0630416870117188
0.0906906127929688 -0.0270843505859375 0.0842666625976563 -0.0661849975585938
0.0686149597167969 -0.0422134399414063 0.0465621948242188 -0.0369606018066406
0.0418853759765625 -0.0748748779296875 0.0384788513183594 -0.0219039916992188
0.0190811157226562 -0.0902252197265625 0.046356201171875 -0.00154495239257813
0.0191192626953125 -0.0857391357421875 0.0486907958984375 0.0194435119628906
0.015350341796875 -0.0966339111328125 0.0537910461425781 0.0343704223632812
0.032928466796875 -0.0809326171875 0.0295524597167969 0.0536651611328125
0.06591796875 -0.0670661926269531 0.00909042358398438 0.052703857421875
0.0842132568359375 -0.0446929931640625 -0.00470161437988281 0.0255680084228516
0.106109619140625 0.026702880859375 0.0121498107910156 0.00229644775390625
0.0892105102539063 0.0685348510742188 0.0789566040039063 -0.0150527954101563
0.0582122802734375 0.0876235961914063 0.175689697265625 0.0510101318359375
-0.0109176635742188 0.0831069946289063 0.119544982910156 -0.0755615234375
0.0214996337890625 0.0741424560546875 0.145523071289063 -0.05615234375
0.0523757934570313 0.04962158203125 0.0982666015625 -0.05413818359375
0.0608291625976563 0.00976181030273438 0.066650390625 -0.0458145141601562
0.0565986633300781 -0.00333786010742188 0.0339698791503906 -0.0158634185791016
0.0546798706054687 -0.0413894653320313 0.0345954895019531 0.00548744201660156
0.0420494079589844 -0.0671958923339844 0.0459938049316406 0.028106689453125
0.038665771484375 -0.0679130554199219 0.0455970764160156 0.0460548400878906
0.0380020141601563 -0.0813980102539063 0.0452728271484375 0.0653839111328125
0.048980712890625 -0.0649070739746094 0.0138397216796875 0.0780792236328125
0.0737075805664063 -0.0439987182617188 -0.00560760498046874 0.0701141357421875
0.0842971801757812 -0.0187225341796875 -0.0124931335449219 0.0418853759765625
0.0863189697265625 0.0532608032226563 0.00328445434570313 0.0233840942382813
0.0533905029296875 0.0967025756835938 0.0768508911132813 0.015838623046875
0.00400543212890626 0.10382080078125 0.173736572265625 0.085174560546875
0.0549392700195312 -0.102310180664063 -0.158370971679688 -0.0955352783203125
-0.0358352661132813 -0.0803451538085938 -0.0691566467285156 -0.038970947265625
-0.0653152465820313 -0.0454063415527344 0.019134521484375 -0.0368843078613281
-0.069915771484375 0.00028991699218749 0.0377044677734375 -0.0647659301757813
-0.0527458190917969 0.0199012756347656 0.028350830078125 -0.0906600952148438
-0.0439338684082031 0.0464668273925781 -0.0064544677734375 -0.102828979492188
-0.041259765625 0.0503425598144531 -0.0417861938476562 -0.0936431884765625
-0.0435600280761719 0.0413780212402344 -0.042144775390625 -0.0673789978027344
-0.0514907836914062 0.0431785583496094 -0.0402450561523438 -0.0410957336425781
-0.0564804077148438 0.0121345520019531 -0.0299263000488281 -0.0177173614501953
-0.0537986755371094 -0.0192070007324219 -0.0334224700927734 0.00749015808105468
-0.0379295349121094 -0.0434226989746094 -0.0533638000488281 0.0231170654296875
-0.00284957885742188 -0.0697555541992188 -0.0780105590820313 0.0319442749023437
0.0247268676757813 -0.0852890014648438 -0.110099792480469 0.051544189453125
0.0715103149414062 -0.0842132568359375 -0.0913314819335938 0.0558090209960937
0.101982116699219 -0.081390380859375 -0.12420654296875 -0.128158569335938
0.0101699829101562 -0.071380615234375 -0.039947509765625 -0.0683250427246094
-0.0195083618164063 -0.0481986999511719 0.0403633117675781 -0.0578575134277344
-0.0366363525390625 -0.0174331665039063 0.0534439086914062 -0.0882644653320313
-0.0286617279052734 -0.00324630737304687 0.0387496948242187 -0.106201171875
-0.0371170043945313 0.0127716064453125 0.00336456298828124 -0.119117736816406
-0.0486297607421875 0.01422119140625 -0.030120849609375 -0.109596252441406
-0.0510292053222656 0.00784301757812501 -0.0281524658203125 -0.07745361328125
-0.0651931762695313 0.00625610351562499 -0.0247955322265625 -0.0513992309570312
-0.063385009765625 -0.0239753723144531 -0.0158119201660156 -0.0210895538330078
-0.0454559326171875 -0.0599212646484375 -0.0210952758789063 0.0046844482421875
-0.0149307250976563 -0.080169677734375 -0.0400581359863281 0.0137786865234375
0.0438766479492188 -0.0832290649414063 -0.0505104064941406 0.0189399719238281
0.0743865966796875 -0.0872039794921875 -0.0725021362304688 0.0301361083984375
0.11907958984375 -0.0738677978515625 -0.0490074157714844 0.0366744995117188
0.137458801269531 -0.0475234985351563 -0.0747833251953125 -0.148101806640625
0.0587844848632813 -0.0489883422851563 0.0015716552734375 -0.0862884521484375
0.0378074645996094 -0.0462379455566406 0.0681991577148438 -0.071258544921875
0.00684738159179688 -0.0389938354492188 0.070892333984375 -0.105682373046875
0.00086402893066406 -0.0309104919433594 0.04840087890625 -0.114830017089844
-0.024871826171875 -0.0264072418212891 0.011993408203125 -0.125480651855469
-0.0487861633300781 -0.0255775451660156 -0.0163726806640625 -0.111495971679688
-0.0508842468261719 -0.0268592834472656 -0.0106658935546875 -0.075531005859375
-0.0691909790039063 -0.0302467346191406 -0.00380706787109376 -0.0512428283691406
-0.0630607604980469 -0.053955078125 0.002105712890625 -0.0159692764282227
-0.035675048828125 -0.0882644653320313 -0.00711297988891602 0.0085158348083496
0.00216674804687499 -0.1044921875 -0.0273246765136719 0.00914192199707031
0.0757675170898438 -0.08984375 -0.0266971588134766 0.00543594360351562
0.10772705078125 -0.08184814453125 -0.0329570770263672 0.00566482543945312
0.148284912109375 -0.054290771484375 0.00521278381347657 0.0202102661132812
0.15325927734375 -0.009002685546875 -0.017303466796875 -0.152999877929688
0.100151062011719 -0.0190887451171875 0.04876708984375 -0.0932235717773438
0.0925750732421875 -0.0393600463867187 0.0945510864257813 -0.076995849609375
0.0524024963378906 -0.059051513671875 0.0862503051757813 -0.112030029296875
0.03106689453125 -0.0580635070800781 0.0544815063476562 -0.110687255859375
-0.0104637145996094 -0.0638160705566406 0.0191192626953125 -0.116233825683594
-0.0421791076660156 -0.0617866516113281 -0.000755310058593763 -0.0980300903320313
-0.0431175231933594 -0.0579719543457031 0.00815200805664063 -0.0619354248046875
-0.0623245239257812 -0.061279296875 0.0184745788574219 -0.0418701171875
-0.0510406494140625 -0.0741500854492188 0.0190105438232422 -0.00684356689453126
-0.0192718505859375 -0.101829528808594 0.00636100769042969 0.014225959777832
0.01849365234375 -0.111488342285156 -0.0167150497436523 0.00762367248535156
0.0956039428710938 -0.082763671875 -0.00960063934326171 -0.00682544708251954
0.124481201171875 -0.0634689331054688 0.00408363342285157 -0.0190315246582031
0.155319213867188 -0.0262908935546875 0.0611763000488281 0.00841522216796875
0.14520263671875 0.028472900390625 0.03924560546875 -0.144912719726563
0.120216369628906 0.0130615234375 0.095458984375 -0.0922393798828125
0.129913330078125 -0.0250015258789063 0.114265441894531 -0.076873779296875
0.0874404907226563 -0.0688018798828125 0.0931854248046875 -0.105018615722656
0.0550689697265625 -0.0746917724609375 0.0568084716796875 -0.092437744140625
0.00481414794921876 -0.0889968872070313 0.0266265869140625 -0.0927963256835938
-0.0299758911132812 -0.08795166015625 0.0158233642578125 -0.0718536376953125
-0.0283126831054688 -0.0802383422851563 0.0260963439941406 -0.039215087890625
-0.0446319580078125 -0.0850372314453125 0.0361785888671875 -0.0236701965332031
-0.0286483764648437 -0.0864105224609375 0.0305614471435547 0.00807571411132812
0.00623321533203124 -0.102378845214844 0.0131549835205078 0.0227012634277344
0.040435791015625 -0.102714538574219 -0.00949192047119141 0.00760173797607421
0.108795166015625 -0.0574798583984375 0.00134849548339845 -0.0149774551391602
0.128173828125 -0.028045654296875 0.0351676940917969 -0.0360908508300781
0.142990112304688 0.0113067626953125 0.111915588378906 0.00540924072265625
0.112678527832031 0.0572280883789063 0.085784912109375 -0.127128601074219
0.114021301269531 0.0407791137695313 0.130752563476563 -0.08563232421875
0.135932922363281 -0.00460052490234375 0.12042236328125 -0.0734710693359375
0.101364135742187 -0.06109619140625 0.0901947021484375 -0.0886764526367187
0.0674362182617188 -0.0720748901367188 0.0526199340820313 -0.0650634765625
0.0198745727539063 -0.0949859619140625 0.0328598022460937 -0.0579986572265625
-0.0127029418945313 -0.0984268188476563 0.0313644409179688 -0.0380821228027344
-0.00949859619140626 -0.0904006958007813 0.0391044616699219 -0.0109519958496094
-0.020294189453125 -0.0975723266601563 0.0472297668457031 0.00173187255859374
-5.34057617187466E-05 -0.089569091796875 0.0322628021240234 0.0280113220214844
0.035125732421875 -0.0917434692382812 0.0126266479492188 0.0344676971435547
0.064117431640625 -0.0808334350585938 -0.00675201416015625 0.0119762420654297
0.115249633789062 -0.019805908203125 0.00790596008300782 -0.0150003433227539
0.119232177734375 0.0178451538085938 0.0598297119140625 -0.0392646789550781
0.112457275390625 0.0509490966796875 0.151016235351563 0.0157470703125
0.0612869262695313 0.0762710571289063 0.112159729003906 -0.105247497558594
0.0817489624023438 0.0608673095703125 0.146087646484375 -0.0766448974609375
0.110099792480469 0.0196533203125 0.111602783203125 -0.0663833618164063
0.0913314819335938 -0.0360260009765625 0.0786666870117188 -0.06683349609375
0.0662879943847656 -0.0490684509277344 0.0441017150878906 -0.0366020202636719
0.03411865234375 -0.080291748046875 0.0357284545898438 -0.0229682922363281
0.00925445556640625 -0.0921249389648438 0.0433502197265625 -0.00329589843750001
0.0106277465820313 -0.0868911743164063 0.0464248657226563 0.018310546875
0.00441741943359376 -0.0976409912109375 0.049774169921875 0.0320320129394531
0.024688720703125 -0.083282470703125 0.0253448486328125 0.052001953125
0.05853271484375 -0.073699951171875 0.00437927246093751 0.0498542785644531
0.0805206298828125 -0.0532760620117187 -0.00904464721679687 0.0223007202148437
0.111434936523438 0.0177688598632813 0.00908851623535157 -0.00318622589111328
0.0982818603515625 0.0618972778320313 0.0743865966796875 -0.02374267578125
0.068756103515625 0.085357666015625 0.173248291015625 0.0394287109375
0.000938415527343751 0.0852127075195313 0.113510131835937 -0.08197021484375
0.03271484375 0.0733413696289063 0.139495849609375 -0.0636825561523438
0.06231689453125 0.0439071655273437 0.0923919677734375 -0.05560302734375
0.0634651184082031 0.00100326538085938 0.06280517578125 -0.0450286865234375
0.0567169189453125 -0.0114059448242187 0.0341281890869141 -0.0140438079833984
0.048248291015625 -0.0485916137695312 0.0347385406494141 0.00473403930664062
0.0319366455078125 -0.0716171264648437 0.0466804504394531 0.025665283203125
0.0291748046875 -0.071136474609375 0.0461196899414063 0.0444488525390625
0.02655029296875 -0.08404541015625 0.0445518493652344 0.0629806518554688
0.0395698547363281 -0.0689315795898438 0.0129241943359375 0.0771560668945313
0.0670967102050781 -0.0520858764648438 -0.00772094726562499 0.06854248046875
0.0814285278320313 -0.0283203125 -0.0155525207519531 0.0392684936523438
0.0938339233398438 0.044342041015625 0.00281715393066407 0.0187091827392578
0.0650482177734375 0.091278076171875 0.076507568359375 0.00782012939453125
0.0165863037109375 0.103973388671875 0.175445556640625 0.073974609375
0.044586181640625 -0.10540771484375 -0.163864135742188 -0.089202880859375
-0.0434951782226563 -0.0751419067382813 -0.0711746215820313 -0.0330352783203125
-0.0704193115234375 -0.0380325317382813 0.0192222595214844 -0.0349998474121094
-0.0688667297363281 0.00911331176757813 0.0391387939453125 -0.0644378662109375
-0.0488700866699219 0.0258255004882812 0.0277862548828125 -0.0911788940429688
-0.0362892150878906 0.0492439270019531 -0.00714111328125001 -0.103408813476563
-0.0338058471679688 0.0517997741699219 -0.0441055297851563 -0.094268798828125
-0.0375595092773438 0.043212890625 -0.0447502136230469 -0.0674781799316406
-0.043670654296875 0.0452728271484375 -0.0437126159667969 -0.0413284301757812
-0.0510520935058594 0.0167160034179687 -0.0322685241699219 -0.019622802734375
-0.0519294738769531 -0.0128974914550781 -0.0353775024414063 0.0055084228515625
-0.0414848327636719 -0.0369949340820313 -0.0540924072265625 0.0214805603027344
-0.0112838745117187 -0.0676994323730469 -0.077117919921875 0.0305099487304687
0.0142822265625 -0.086883544921875 -0.109260559082031 0.053466796875
0.0620346069335937 -0.090240478515625 -0.090911865234375 0.0579910278320313
0.0940399169921875 -0.0854568481445313 -0.132591247558594 -0.123046875
0.00371170043945312 -0.0679435729980469 -0.0446968078613281 -0.0638046264648438
-0.0237693786621094 -0.0432090759277344 0.0387496948242188 -0.0571327209472656
-0.0362777709960937 -0.0103378295898438 0.0517349243164062 -0.0880813598632813
-0.0253582000732422 0.00157546997070313 0.0371475219726562 -0.106391906738281
-0.0307731628417969 0.0149135589599609 0.000785827636718741 -0.120513916015625
-0.0434989929199219 0.0157127380371094 -0.0345916748046875 -0.110023498535156
-0.0466537475585938 0.00968933105468749 -0.0330886840820313 -0.077880859375
-0.0595550537109375 0.00850677490234374 -0.0297889709472656 -0.0513229370117188
-0.0601692199707031 -0.0202369689941406 -0.0202217102050781 -0.0230274200439453
-0.0455970764160156 -0.0544891357421875 -0.0247058868408203 0.00261878967285156
-0.0187606811523437 -0.0757827758789063 -0.0426979064941406 0.0111160278320312
0.03656005859375 -0.0839157104492187 -0.0516891479492187 0.0149459838867187
0.0655288696289063 -0.0909347534179688 -0.0740585327148438 0.029693603515625
0.1121826171875 -0.080780029296875 -0.0505485534667969 0.0366172790527344
0.132858276367187 -0.052490234375 -0.0857086181640625 -0.145599365234375
0.05487060546875 -0.0479850769042969 -0.00540924072265624 -0.0837478637695313
0.0348930358886719 -0.0438156127929688 0.0648269653320313 -0.0713348388671875
0.00712776184082032 -0.0344181060791016 0.0682754516601562 -0.105926513671875
0.00319862365722656 -0.0284290313720703 0.045166015625 -0.115325927734375
-0.0209865570068359 -0.0248203277587891 0.00769042968750001 -0.126045227050781
-0.0458145141601563 -0.0242538452148438 -0.0226669311523438 -0.11151123046875
-0.0485115051269531 -0.0254783630371094 -0.0164794921875 -0.07537841796875
-0.0665473937988281 -0.027496337890625 -0.00997924804687501 -0.0512237548828125
-0.0614547729492187 -0.0499191284179688 -0.0039215087890625 -0.0183258056640625
-0.0370025634765625 -0.0843124389648438 -0.0123214721679688 0.00644683837890624
-0.00235748291015625 -0.101654052734375 -0.0319499969482422 0.00649261474609374
0.0704421997070312 -0.0917510986328125 -0.0302810668945313 0.000411987304687496
0.100860595703125 -0.0864486694335938 -0.0364227294921875 0.00323867797851562
0.144119262695313 -0.0614471435546875 0.00170516967773438 0.0180301666259766
0.152862548828125 -0.0139312744140625 -0.02923583984375 -0.153152465820313
0.0992584228515625 -0.0201263427734375 0.0410919189453125 -0.0927963256835938
0.0922164916992188 -0.040252685546875 0.0913619995117188 -0.07763671875
0.0514335632324219 -0.0579795837402344 0.0819320678710938 -0.11236572265625
0.0324440002441406 -0.0582733154296875 0.0513916015625 -0.111503601074219
-0.00943756103515625 -0.063262939453125 0.0138626098632813 -0.117256164550781
-0.0427742004394531 -0.0611610412597656 -0.00814819335937501 -0.098236083984375
-0.0433998107910156 -0.0574417114257812 0.0024566650390625 -0.0615081787109375
-0.0630874633789063 -0.0594100952148437 0.0112762451171875 -0.0420722961425781
-0.05206298828125 -0.071441650390625 0.0121297836303711 -0.00819587707519532
-0.021942138671875 -0.0998001098632813 -0.000278472900390627 0.0124912261962891
0.01434326171875 -0.111106872558594 -0.0224323272705078 0.00459861755371093
0.0927505493164063 -0.0859756469726563 -0.0150938034057617 -0.0123424530029297
0.121559143066406 -0.0687179565429687 -0.0014057159423828 -0.0231685638427734
0.155242919921875 -0.0327301025390625 0.0571250915527344 0.00370407104492187
0.148513793945313 0.0243682861328125 0.02801513671875 -0.14764404296875
0.122856140136719 0.0105743408203125 0.0869064331054688 -0.0940628051757813
0.131790161132813 -0.028839111328125 0.109725952148438 -0.0780868530273437
0.08673095703125 -0.071441650390625 0.0891952514648438 -0.105911254882813
0.0550994873046875 -0.0774307250976563 0.0537490844726563 -0.0930862426757812
0.0029754638671875 -0.0899887084960937 0.0208358764648437 -0.0933685302734375
-0.0339431762695312 -0.0879135131835938 0.00962066650390624 -0.0721588134765625
-0.031341552734375 -0.0807113647460938 0.0203857421875 -0.0388641357421875
-0.0485687255859375 -0.0840225219726563 0.0299816131591797 -0.0235729217529297
-0.0311355590820313 -0.0858688354492188 0.0234012603759766 0.00723075866699218
0.00263977050781251 -0.103324890136719 0.00704193115234375 0.0213088989257812
0.036865234375 -0.104385375976563 -0.0156698226928711 0.00518321990966796
0.109230041503906 -0.0629043579101563 -0.00398063659667968 -0.0208301544189453
0.12884521484375 -0.0329971313476563 0.0286788940429688 -0.0418853759765625
0.146469116210938 0.00592041015625 0.108123779296875 -0.0008697509765625
0.119651794433594 0.0545425415039063 0.0759735107421875 -0.131134033203125
0.119728088378906 0.0377960205078125 0.123794555664063 -0.0899429321289063
0.140495300292969 -0.0105438232421875 0.116249084472656 -0.0746002197265625
0.101005554199219 -0.06683349609375 0.08636474609375 -0.0894851684570313
0.067047119140625 -0.0774765014648438 0.0509986877441406 -0.0651168823242188
0.0154647827148437 -0.0977859497070313 0.0286064147949219 -0.0588951110839844
-0.0185928344726563 -0.0994186401367188 0.0270042419433594 -0.0381050109863281
-0.0145797729492187 -0.0917587280273438 0.03546142578125 -0.0112380981445313
-0.0268783569335938 -0.0977325439453125 0.04180908203125 0.00183105468749999
-0.00562286376953125 -0.0906448364257813 0.0265350341796875 0.0281944274902344
0.0318984985351563 -0.0952606201171875 0.0071868896484375 0.0341758728027344
0.0613250732421875 -0.085784912109375 -0.0129013061523437 0.0099954605102539
0.118522644042969 -0.0258712768554688 0.00270271301269532 -0.0210132598876953
0.124313354492188 0.0124740600585937 0.0538444519042969 -0.0456008911132813
0.119148254394531 0.0478591918945312 0.148117065429687 0.0084228515625
0.0705337524414063 0.0757293701171875 0.105155944824219 -0.110237121582031
0.089813232421875 0.0583572387695313 0.141342163085938 -0.081390380859375
0.117057800292969 0.0123825073242188 0.107437133789063 -0.0678634643554687
0.0921707153320313 -0.043182373046875 0.0754928588867188 -0.066741943359375
0.06591796875 -0.0556869506835938 0.0435256958007813 -0.0358810424804688
0.0287322998046875 -0.0844268798828125 0.0339412689208984 -0.0234756469726563
0.00136566162109375 -0.094635009765625 0.0409202575683594 -0.00389480590820313
0.00409698486328126 -0.0892868041992187 0.0452003479003906 0.0180282592773437
-0.0034637451171875 -0.098602294921875 0.0464057922363281 0.0321998596191406
0.01824951171875 -0.0861282348632813 0.0211601257324219 0.053314208984375
0.0536956787109375 -0.07891845703125 -0.000343322753906251 0.0505828857421875
0.0785903930664062 -0.0602264404296875 -0.0140705108642578 0.0203819274902344
0.116920471191406 0.0111160278320313 0.00572347640991212 -0.00811290740966797
0.106674194335937 0.0568313598632812 0.0716629028320313 -0.0299072265625
0.07745361328125 0.0833663940429688 0.172515869140625 0.0324554443359375
0.00994873046874999 0.0862045288085937 0.110023498535156 -0.0872039794921875
0.0422210693359375 0.0724029541015625 0.136878967285156 -0.0685195922851563
0.070709228515625 0.0386810302734375 0.0890350341796875 -0.0562896728515625
0.0660820007324219 -0.00604629516601563 0.0615959167480469 -0.0435600280761719
0.0566864013671875 -0.0184364318847656 0.0351600646972656 -0.0121803283691406
0.0423927307128906 -0.0537796020507812 0.0356674194335938 0.004638671875
0.0239028930664063 -0.0743560791015625 0.0473670959472656 0.024749755859375
0.0218124389648438 -0.073394775390625 0.0466041564941406 0.0443534851074219
0.01763916015625 -0.0853652954101562 0.0433197021484375 0.0633583068847656
0.0320587158203125 -0.0720367431640625 0.010711669921875 0.0787353515625
0.0618133544921875 -0.0588569641113281 -0.0101089477539062 0.068572998046875
0.0792617797851562 -0.0364303588867188 -0.0184860229492187 0.0373153686523438
0.100502014160156 0.0368728637695313 0.00176525115966797 0.0145530700683594
0.0751571655273437 0.0867538452148438 0.0761489868164063 0.00102233886718751
0.0271148681640625 0.104568481445313 0.17816162109375 0.0673675537109375
0.0354995727539063 -0.109230041503906 -0.171783447265625 -0.0839080810546875
-0.050628662109375 -0.0714035034179687 -0.0736923217773438 -0.0276260375976562
-0.07598876953125 -0.0307159423828125 0.0195045471191406 -0.0345993041992188
-0.0681686401367188 0.0174751281738281 0.0407829284667969 -0.0660362243652344
-0.0450859069824219 0.0308723449707031 0.0278549194335938 -0.0935821533203125
-0.0295143127441406 0.052093505859375 -0.00751495361328124 -0.106857299804688
-0.0276298522949219 0.0538749694824219 -0.0475006103515625 -0.0958099365234375
-0.0319252014160156 0.0455474853515625 -0.0485916137695313 -0.0688972473144531
-0.0369148254394531 0.0469589233398438 -0.0469856262207031 -0.0409164428710938
-0.0468177795410156 0.0201377868652344 -0.0359611511230469 -0.0210685729980469
-0.0504989624023438 -0.00736618041992187 -0.0384292602539063 0.00400161743164063
-0.0445823669433594 -0.0311775207519531 -0.0562934875488281 0.0200424194335937
-0.0197639465332031 -0.0659294128417969 -0.0787429809570313 0.0300750732421875
0.00455474853515626 -0.0884552001953125 -0.110145568847656 0.0568161010742187
0.0541763305664062 -0.096466064453125 -0.0917510986328125 0.0619659423828125
0.0876388549804688 -0.0910263061523438 -0.143875122070313 -0.119705200195313
-0.00186920166015625 -0.06524658203125 -0.0498847961425781 -0.0597953796386719
-0.0278816223144531 -0.0377044677734375 0.0374870300292969 -0.0572395324707031
-0.0349712371826172 -0.0034332275390625 0.0515213012695313 -0.08978271484375
-0.0221500396728516 0.00481986999511719 0.0356369018554688 -0.108970642089844
-0.0254917144775391 0.0167942047119141 -0.00200653076171874 -0.123863220214844
-0.0384407043457031 0.0172042846679687 -0.0404586791992188 -0.11175537109375
-0.0426902770996094 0.01092529296875 -0.0385055541992188 -0.0788726806640625
-0.0552177429199219 0.0105056762695313 -0.0352821350097656 -0.0513496398925781
-0.0574569702148437 -0.0167427062988281 -0.0250740051269531 -0.0241508483886719
-0.0454177856445313 -0.0504989624023438 -0.0294628143310547 0.00109863281249999
-0.0224685668945312 -0.0721817016601563 -0.0471725463867187 0.00981140136718749
0.0300750732421875 -0.0848236083984375 -0.0547256469726563 0.0122909545898437
0.0574874877929688 -0.0945892333984375 -0.0773239135742188 0.0308990478515625
0.107109069824219 -0.0886688232421875 -0.0531196594238281 0.0379257202148438
0.130790710449219 -0.0586090087890625 -0.098297119140625 -0.144271850585937
0.0524330139160156 -0.0470809936523438 -0.0124664306640625 -0.0812149047851563
0.03277587890625 -0.0420379638671875 0.0632400512695313 -0.0722274780273438
0.00741386413574219 -0.030670166015625 0.0663070678710938 -0.108718872070313
0.00625801086425781 -0.0267009735107422 0.0424346923828125 -0.118522644042969
-0.01776123046875 -0.0243587493896484 0.00287628173828124 -0.129402160644531
-0.0445404052734375 -0.0234603881835938 -0.0298309326171875 -0.1126708984375
-0.0475044250488281 -0.0255203247070312 -0.021942138671875 -0.0768280029296875
-0.0654754638671875 -0.0266380310058594 -0.0161781311035156 -0.05157470703125
-0.0611991882324219 -0.0481147766113281 -0.0100555419921875 -0.0193214416503906
-0.0387420654296875 -0.0825653076171875 -0.0179767608642578 0.00566673278808593
-0.0062103271484375 -0.101310729980469 -0.0377998352050781 0.00506591796874999
0.0665435791015625 -0.09521484375 -0.0355720520019531 -0.00390243530273438
0.0961761474609375 -0.0919189453125 -0.0415687561035156 0.00209808349609375
0.142257690429688 -0.070037841796875 -0.00177574157714843 0.0162715911865234
0.155441284179688 -0.0194091796875 -0.0421142578125 -0.153762817382812
0.0996856689453125 -0.0216827392578125 0.0336151123046875 -0.0924911499023438
0.0928421020507813 -0.0427322387695313 0.08917236328125 -0.079498291015625
0.0518684387207031 -0.0584754943847656 0.0797042846679688 -0.115371704101563
0.03387451171875 -0.0602645874023438 0.0483779907226563 -0.11468505859375
-0.00948715209960938 -0.0644035339355469 0.00873565673828124 -0.120132446289063
-0.0446510314941406 -0.0612716674804688 -0.0148162841796875 -0.0990829467773438
-0.0448226928710938 -0.0585517883300781 -0.00270843505859375 -0.0621376037597656
-0.0645408630371094 -0.0587043762207031 0.00477981567382812 -0.0418510437011719
-0.0538787841796875 -0.0714645385742188 0.00594949722290039 -0.00836801528930665
-0.0246734619140625 -0.100349426269531 -0.00640583038330078 0.01251220703125
0.0106430053710937 -0.113174438476563 -0.0292606353759766 0.00324058532714843
0.0915298461914062 -0.092041015625 -0.0217514038085937 -0.0179653167724609
0.120185852050781 -0.0744705200195313 -0.00796127319335936 -0.0271492004394531
0.157241821289062 -0.0402984619140625 0.053253173828125 0.000209808349609372
0.154327392578125 0.0192718505859375 0.0166778564453125 -0.15069580078125
0.127159118652344 0.00748443603515625 0.0804595947265625 -0.0955657958984375
0.135696411132813 -0.0348129272460938 0.107810974121094 -0.0805206298828125
0.0869064331054688 -0.0758590698242188 0.0871047973632813 -0.109153747558594
0.05535888671875 -0.0825576782226563 0.0520477294921875 -0.0955657958984375
0.000633239746093757 -0.0930252075195312 0.0159149169921875 -0.0952224731445313
-0.03851318359375 -0.088592529296875 0.00382232666015625 -0.0724029541015625
-0.0349349975585938 -0.0822906494140625 0.0163002014160156 -0.0393714904785156
-0.0529403686523437 -0.0841140747070313 0.0238418579101562 -0.0232925415039063
-0.035247802734375 -0.086456298828125 0.0174732208251953 0.0082559585571289
-0.000816345214843748 -0.1055908203125 0.000665664672851564 0.0221786499023437
0.0338516235351563 -0.108818054199219 -0.0226421356201172 0.00401115417480468
0.110794067382813 -0.0694122314453125 -0.0115509033203125 -0.0263404846191406
0.131828308105469 -0.039520263671875 0.0223274230957031 -0.0478248596191406
0.15185546875 0.0005950927734375 0.105613708496094 -0.00640106201171875
0.127815246582031 0.052001953125 0.0673751831054688 -0.136856079101563
0.126899719238281 0.0346221923828125 0.118400573730469 -0.0943756103515625
0.1473388671875 -0.0179901123046875 0.114250183105469 -0.0773544311523438
0.101890563964844 -0.0739898681640625 0.08465576171875 -0.091552734375
0.0667266845703125 -0.0842056274414063 0.0501289367675781 -0.0671272277832031
0.0112838745117188 -0.1021728515625 0.025146484375 -0.0605545043945313
-0.0256195068359375 -0.101242065429688 0.0231094360351563 -0.0384292602539063
-0.0205612182617188 -0.09417724609375 0.0334339141845703 -0.0110950469970703
-0.0334091186523438 -0.0987701416015625 0.0380439758300781 0.00256729125976562
-0.0106430053710937 -0.0928268432617188 0.0215568542480469 0.0302352905273437
0.0277175903320312 -0.0996475219726563 0.00153732299804688 0.0357894897460937
0.0593795776367188 -0.0918197631835938 -0.0194339752197266 0.00909805297851562
0.123329162597656 -0.033782958984375 -0.00338554382324218 -0.0256385803222656
0.131584167480469 0.00653076171875 0.0489006042480469 -0.0516281127929688
0.12799072265625 0.044891357421875 0.148117065429687 0.001617431640625
0.0799331665039063 0.0746383666992188 0.09954833984375 -0.116943359375
0.0990753173828125 0.0559005737304688 0.138046264648438 -0.0877685546875
0.125236511230469 0.00534820556640625 0.105941772460938 -0.07012939453125
0.0934906005859375 -0.051300048828125 0.074188232421875 -0.0681915283203125
0.0653266906738281 -0.0636558532714844 0.0451126098632813 -0.0355949401855469
0.0226669311523438 -0.089508056640625 0.0333442687988281 -0.0243301391601563
-0.007049560546875 -0.096649169921875 0.0397834777832031 -0.00423812866210938
-0.00315093994140625 -0.091827392578125 0.0452079772949219 0.0185127258300781
-0.0111160278320312 -0.100326538085937 0.04473876953125 0.0340156555175781
0.0124282836914063 -0.0890731811523437 0.0179023742675781 0.0562171936035156
0.0496978759765625 -0.085174560546875 -0.0043182373046875 0.052825927734375
0.076568603515625 -0.0679779052734375 -0.019378662109375 0.0202674865722656
0.123344421386719 0.0028839111328125 0.00143909454345704 -0.0127706527709961
0.115806579589844 0.0517807006835938 0.0685043334960938 -0.0362472534179688
0.08819580078125 0.0828628540039063 0.175689697265625 0.025604248046875
0.0199203491210937 0.0879440307617188 0.107955932617188 -0.0932998657226563
0.0521011352539062 0.0716476440429688 0.135986328125 -0.075164794921875
0.0792388916015625 0.0329818725585938 0.0882034301757813 -0.05767822265625
0.0686225891113281 -0.0136833190917969 0.0626258850097656 -0.0427932739257812
0.0567893981933594 -0.0250701904296875 0.0380516052246094 -0.0115776062011719
0.0370521545410156 -0.0593452453613281 0.0374107360839844 0.00482559204101562
0.0160903930664063 -0.077301025390625 0.0493278503417969 0.0248527526855469
0.0149002075195312 -0.0760116577148438 0.0490798950195313 0.0455856323242187
0.00946044921875 -0.0875701904296875 0.0442352294921875 0.0655860900878906
0.0250930786132813 -0.0752639770507813 0.00980377197265626 0.08258056640625
0.0565986633300781 -0.0651893615722656 -0.0126419067382812 0.0716552734375
0.0777664184570313 -0.0443878173828125 -0.0216255187988281 0.037567138671875
0.107414245605469 0.0295028686523437 6.86645507812557E-05 0.0111875534057617
0.085601806640625 0.0826873779296875 0.0760879516601563 -0.00425720214843749
0.0377197265625 0.105766296386719 0.183975219726562 0.0616912841796875
0.0238113403320312 -0.113883972167969 -0.182968139648438 -0.0752105712890625
-0.0582847595214844 -0.0661201477050781 -0.0769577026367188 -0.02105712890625
-0.0816268920898438 -0.0211410522460937 0.0198211669921875 -0.0344028472900391
-0.0661163330078125 0.026458740234375 0.0414390563964844 -0.06890869140625
-0.041046142578125 0.0367698669433594 0.0269012451171875 -0.0970840454101563
-0.0219764709472656 0.054412841796875 -0.0101776123046875 -0.111190795898438
-0.0204429626464844 0.0551834106445313 -0.0531997680664062 -0.0980987548828125
-0.0258865356445312 0.046875 -0.0544776916503906 -0.0691490173339844
-0.0299873352050781 0.0487594604492188 -0.0517196655273438 -0.0400772094726563
-0.042205810546875 0.0238571166992187 -0.0398674011230469 -0.0216064453125
-0.0489921569824219 -0.00124359130859375 -0.0421524047851563 0.00422668457031249
-0.0475807189941406 -0.0249366760253906 -0.05902099609375 0.0214881896972656
-0.0284614562988281 -0.0635147094726563 -0.0811309814453125 0.0311279296875
-0.0066986083984375 -0.0891647338867188 -0.1112060546875 0.0624618530273438
0.0440292358398438 -0.10369873046875 -0.0919952392578125 0.0675506591796875
0.0798568725585938 -0.0972747802734375 -0.157577514648437 -0.113449096679688
-0.00790023803710938 -0.062347412109375 -0.0561180114746094 -0.0552291870117188
-0.0314407348632813 -0.0314407348632813 0.0365562438964844 -0.0585594177246094
-0.0335903167724609 0.0031585693359375 0.0499343872070313 -0.0940017700195313
-0.0184726715087891 0.00905990600585938 0.0330429077148438 -0.113861083984375
-0.0197620391845703 0.0185127258300781 -0.00676727294921874 -0.127792358398438
-0.0346565246582031 0.0188522338867188 -0.0483245849609375 -0.113105773925781
-0.039398193359375 0.0118637084960937 -0.045379638671875 -0.0794219970703125
-0.05194091796875 0.0122871398925781 -0.0414962768554688 -0.0510406494140625
-0.0558815002441406 -0.01397705078125 -0.0304164886474609 -0.0252532958984375
-0.0467529296875 -0.0466156005859375 -0.0344161987304688 0.00139427185058594
-0.0266761779785156 -0.0696983337402344 -0.0518684387207031 0.00980377197265626
0.0228805541992188 -0.0858612060546875 -0.0597343444824219 0.0110092163085937
0.048614501953125 -0.0987319946289063 -0.0811843872070313 0.0338058471679687
0.100212097167969 -0.09820556640625 -0.0553665161132813 0.0408744812011719
0.127906799316406 -0.0662002563476563 -0.11407470703125 -0.141159057617188
0.0499114990234375 -0.0475616455078125 -0.02020263671875 -0.0788955688476563
0.0310249328613281 -0.0404891967773438 0.0612030029296875 -0.0747833251953125
0.00826835632324219 -0.0275287628173828 0.063140869140625 -0.11358642578125
0.00854110717773438 -0.0262699127197266 0.03851318359375 -0.12322998046875
-0.0150966644287109 -0.0245246887207031 -0.00404357910156251 -0.132881164550781
-0.04364013671875 -0.0226211547851562 -0.0384902954101563 -0.11407470703125
-0.047027587890625 -0.0251235961914062 -0.0290374755859375 -0.0768585205078125
-0.0655326843261719 -0.0251617431640625 -0.0234031677246094 -0.0505256652832031
-0.0616493225097656 -0.0457687377929688 -0.0160427093505859 -0.0194358825683594
-0.041717529296875 -0.0807647705078125 -0.0233478546142578 0.00591278076171874
-0.0113601684570313 -0.101264953613281 -0.0438385009765625 0.00518798828125
0.061309814453125 -0.0998611450195312 -0.0425262451171875 -0.00694656372070313
0.0901718139648438 -0.0987701416015625 -0.0476264953613281 0.00162506103515625
0.140266418457031 -0.0808639526367188 -0.00485992431640624 0.0153284072875976
0.157562255859375 -0.0277862548828125 -0.0581512451171875 -0.154541015625
0.100975036621094 -0.0253219604492187 0.0254592895507813 -0.0929183959960938
0.0939407348632813 -0.0460205078125 0.0869903564453125 -0.0837783813476563
0.0521202087402344 -0.0599365234375 0.0755767822265625 -0.121353149414062
0.0349922180175781 -0.0629005432128906 0.0434494018554687 -0.119148254394531
-0.0101699829101563 -0.0660362243652344 0.000633239746093758 -0.122879028320313
-0.0479621887207031 -0.0607528686523438 -0.02349853515625 -0.099578857421875
-0.0478439331054687 -0.0586776733398438 -0.00913619995117188 -0.0630531311035156
-0.0679550170898438 -0.0580520629882813 -0.00122833251953125 -0.0417709350585938
-0.0568618774414062 -0.0707168579101563 0.000967025756835934 -0.00763988494873047
-0.0289077758789063 -0.10150146484375 -0.0119209289550781 0.0138816833496094
0.00582122802734376 -0.115997314453125 -0.0362167358398438 0.00370407104492187
0.0891342163085938 -0.0987777709960938 -0.0296802520751953 -0.0215530395507813
0.117759704589844 -0.0829315185546875 -0.0152130126953125 -0.0301780700683594
0.159622192382813 -0.0503692626953125 0.0501785278320313 -0.00442886352539063
0.161529541015625 0.011993408203125 0.00254821777343752 -0.154434204101563
0.133232116699219 0.002288818359375 0.0730438232421875 -0.10028076171875
0.13983154296875 -0.0435256958007813 0.106216430664063 -0.0852508544921875
0.0867156982421875 -0.0821151733398438 0.0830459594726563 -0.114418029785156
0.0545883178710938 -0.0887985229492188 0.0477447509765625 -0.100120544433594
-0.00402069091796875 -0.0963821411132813 0.00907135009765624 -0.09747314453125
-0.0447006225585938 -0.0893325805664063 -0.00309753417968751 -0.0723724365234375
-0.0407257080078125 -0.0838851928710938 0.0123748779296875 -0.0397720336914063
-0.0591201782226563 -0.0839691162109375 0.0192184448242188 -0.0226535797119141
-0.0399398803710937 -0.0871200561523438 0.0131111145019531 0.00953102111816406
-0.0052642822265625 -0.109268188476563 -0.0043182373046875 0.0242538452148437
0.029205322265625 -0.114204406738281 -0.0299835205078125 0.00477790832519531
0.111747741699219 -0.078521728515625 -0.0196342468261719 -0.0303859710693359
0.134147644042969 -0.048797607421875 0.014404296875 -0.0529823303222656
0.15869140625 -0.0083160400390625 0.103645324707031 -0.0137939453125
0.138458251953125 0.0464706420898437 0.0563812255859375 -0.143295288085938
0.13568115234375 0.02862548828125 0.112167358398438 -0.100975036621094
0.153884887695313 -0.0280914306640625 0.112625122070313 -0.0826034545898438
0.101341247558594 -0.0836257934570313 0.0818023681640625 -0.0961227416992188
0.0643539428710938 -0.09320068359375 0.04779052734375 -0.070526123046875
0.00405120849609376 -0.106735229492187 0.0205535888671875 -0.0622520446777344
-0.034576416015625 -0.102432250976563 0.0189323425292969 -0.0390777587890625
-0.0279998779296875 -0.0960540771484375 0.031646728515625 -0.0113964080810547
-0.0418853759765625 -0.099395751953125 0.0349655151367188 0.00384902954101562
-0.0170745849609375 -0.0947265625 0.0189113616943359 0.032693862915039
0.0217056274414062 -0.105049133300781 -0.00292205810546875 0.0388298034667969
0.0555343627929687 -0.0992813110351563 -0.0258522033691406 0.00967597961425781
0.127662658691406 -0.0442581176757813 -0.0106906890869141 -0.0295619964599609
0.137786865234375 -0.00225830078125 0.0423202514648438 -0.0590553283691406
0.138038635253906 0.0383529663085938 0.148681640625 -0.0078277587890625
0.0912094116210938 0.0721282958984375 0.0916213989257813 -0.124504089355469
0.10980224609375 0.0515594482421875 0.133743286132812 -0.0962600708007813
0.134017944335938 -0.00531768798828125 0.104660034179688 -0.074249267578125
0.093414306640625 -0.0620498657226563 0.07379150390625 -0.071258544921875
0.0635299682617188 -0.0728225708007813 0.045013427734375 -0.0382080078125
0.015228271484375 -0.0948944091796875 0.0313701629638672 -0.0257358551025391
-0.016632080078125 -0.098388671875 0.0391998291015625 -0.00512313842773438
-0.011566162109375 -0.09417724609375 0.0458526611328125 0.0189666748046875
-0.0211105346679687 -0.100975036621094 0.0445404052734375 0.0354804992675781
0.00445556640624999 -0.0919342041015625 0.0169639587402344 0.0604743957519531
0.0436248779296875 -0.0915298461914063 -0.00711441040039062 0.0564842224121094
0.0734786987304688 -0.0770492553710938 -0.0248908996582031 0.0215053558349609
0.130203247070313 -0.0079345703125 -0.00352287292480468 -0.0165433883666992
0.12628173828125 0.0437850952148437 0.0646133422851563 -0.0442428588867188
0.100845336914062 0.0798568725585938 0.17950439453125 0.015869140625
0.0310211181640625 0.0886917114257813 0.103446960449219 -0.101066589355469
0.0628585815429688 0.0690155029296875 0.134635925292969 -0.0841598510742188
0.0878219604492188 0.0248336791992188 0.08795166015625 -0.0602264404296875
0.06982421875 -0.0223464965820313 0.0636138916015625 -0.0444107055664063
0.0555953979492188 -0.03314208984375 0.0411262512207031 -0.0120010375976563
0.0300865173339844 -0.064453125 0.0397262573242188 0.00350570678710937
0.00613403320312501 -0.07952880859375 0.0516548156738281 0.0239639282226563
0.00646209716796875 -0.0783920288085938 0.0526390075683594 0.0455741882324219
-0.000602722167968742 -0.0886306762695313 0.0469017028808594 0.067230224609375
0.01763916015625 -0.0775604248046875 0.0107498168945312 0.0873794555664062
0.0507965087890625 -0.072296142578125 -0.0142593383789062 0.075836181640625
0.07489013671875 -0.0535507202148438 -0.0254974365234375 0.0398826599121094
0.114944458007812 0.0194244384765625 -0.0024576187133789 0.00797414779663086
0.0977630615234375 0.0764236450195313 0.07635498046875 -0.011749267578125
0.0503463745117188 0.105461120605469 0.191635131835938 0.0523681640625
0.0100479125976563 -0.115325927734375 -0.191375732421875 -0.0614013671875
-0.0657196044921875 -0.0585861206054688 -0.0781936645507813 -0.0129776000976563
-0.0844039916992188 -0.00991058349609376 0.0194244384765625 -0.034881591796875
-0.0616111755371094 0.0360107421875 0.039886474609375 -0.0723037719726563
-0.0347862243652344 0.0422019958496094 0.0232772827148437 -0.100700378417969
-0.0133781433105469 0.0550727844238281 -0.0154342651367188 -0.114364624023438
-0.0120964050292969 0.054931640625 -0.0605621337890625 -0.0969085693359375
-0.0194053649902344 0.0476264953613281 -0.0612068176269531 -0.067047119140625
-0.0228195190429688 0.0492134094238281 -0.0562705993652344 -0.0376853942871094
-0.0369148254394531 0.0270156860351563 -0.0442581176757813 -0.02105712890625
-0.0458984375 0.00474166870117187 -0.0449104309082031 0.00579452514648437
-0.0485763549804688 -0.0173606872558594 -0.0611915588378906 0.023956298828125
-0.0370025634765625 -0.0574111938476563 -0.0821533203125 0.0352249145507812
-0.0182342529296875 -0.0858993530273438 -0.109298706054687 0.0695877075195313
0.0308303833007813 -0.108383178710938 -0.0894775390625 0.0743255615234375
0.06982421875 -0.1025390625 -0.1717529296875 -0.101318359375
-0.013916015625 -0.0585136413574219 -0.0615463256835937 -0.0479621887207031
-0.0343246459960938 -0.0239906311035156 0.0333595275878906 -0.059783935546875
-0.0305347442626953 0.00974655151367188 0.0456619262695313 -0.0977935791015625
-0.0134687423706055 0.0116415023803711 0.02703857421875 -0.116676330566406
-0.0139446258544922 0.0184822082519531 -0.0146942138671875 -0.130104064941406
-0.0294818878173828 0.0197296142578125 -0.0576858520507812 -0.111625671386719
-0.0357017517089844 0.0133743286132813 -0.0531997680664063 -0.0772018432617188
-0.0475578308105469 0.0136451721191406 -0.0482330322265625 -0.04803466796875
-0.0533027648925781 -0.01055908203125 -0.0365333557128906 -0.0237808227539063
-0.0472145080566406 -0.0422630310058594 -0.038421630859375 0.00304031372070313
-0.0308380126953125 -0.06500244140625 -0.05615234375 0.0119361877441406
0.0142059326171875 -0.0850753784179688 -0.0639457702636719 0.0127105712890625
0.0373153686523438 -0.100227355957031 -0.082977294921875 0.038787841796875
0.0898056030273438 -0.107337951660156 -0.0559196472167969 0.044158935546875
0.1220703125 -0.0752105712890625 -0.1302490234375 -0.131637573242188
0.0458908081054688 -0.0478858947753906 -0.0286331176757812 -0.0738983154296875
0.02911376953125 -0.0390434265136719 0.0568618774414063 -0.0779647827148438
0.00970077514648438 -0.024566650390625 0.05712890625 -0.118370056152344
0.0109424591064453 -0.0265541076660156 0.0312728881835937 -0.126045227050781
-0.0129680633544922 -0.0251884460449219 -0.0135879516601563 -0.134498596191406
-0.0426292419433594 -0.0210914611816406 -0.0485000610351563 -0.111366271972656
-0.0472488403320313 -0.0234489440917969 -0.0376434326171875 -0.0750732421875
-0.0653724670410156 -0.0222816467285156 -0.030364990234375 -0.0488853454589844
-0.0626068115234375 -0.0425529479980469 -0.0216636657714844 -0.0180320739746094
-0.0454330444335937 -0.0779571533203125 -0.0281352996826172 0.00876808166503905
-0.0178451538085937 -0.0995635986328125 -0.0501785278320313 0.00774765014648436
0.053314208984375 -0.104446411132813 -0.0496978759765625 -0.00698471069335938
0.0808639526367188 -0.104576110839844 -0.0528106689453125 0.003448486328125
0.133476257324219 -0.0922470092773438 -0.0082263946533203 0.0146293640136719
0.156463623046875 -0.0385284423828125 -0.07574462890625 -0.148956298828125
0.10113525390625 -0.0294418334960938 0.0153045654296875 -0.0911636352539062
0.0929107666015625 -0.0516281127929688 0.0826873779296875 -0.087738037109375
0.0505790710449219 -0.0623550415039063 0.0685043334960937 -0.126625061035156
0.0337486267089844 -0.0665512084960938 0.0360107421875 -0.12274169921875
-0.0120925903320312 -0.0672149658203125 -0.00924682617187499 -0.123985290527344
-0.0512428283691406 -0.0588836669921875 -0.0329666137695312 -0.09722900390625
-0.0517463684082031 -0.0572700500488281 -0.0158538818359375 -0.0613517761230469
-0.07220458984375 -0.0550384521484375 -0.00775909423828125 -0.0400810241699219
-0.0604782104492188 -0.0677604675292969 -0.00465822219848633 -0.00613975524902344
-0.0349884033203125 -0.0999679565429688 -0.0158767700195313 0.0166349411010742
-0.00209045410156251 -0.117263793945312 -0.0424880981445313 0.00656890869140624
0.0829315185546875 -0.106719970703125 -0.0387725830078125 -0.0226097106933594
0.112503051757813 -0.0919647216796875 -0.0240364074707031 -0.0309257507324219
0.157424926757813 -0.0631256103515625 0.0461540222167969 -0.00933456420898438
0.16668701171875 0.00091552734375 -0.0145111083984375 -0.153579711914063
0.136505126953125 -0.00560760498046875 0.0627975463867188 -0.102157592773437
0.140312194824219 -0.05401611328125 0.101814270019531 -0.0908660888671875
0.0830535888671875 -0.08892822265625 0.0765457153320313 -0.119926452636719
0.0508041381835938 -0.0954208374023438 0.0410079956054688 -0.103858947753906
-0.00973510742187499 -0.0983047485351562 0.00099945068359374 -0.0981521606445313
-0.0521392822265625 -0.0866546630859375 -0.0110092163085938 -0.07135009765625
-0.0479812622070313 -0.082183837890625 0.00761795043945312 -0.0386734008789063
-0.0663528442382813 -0.0805282592773438 0.0142822265625 -0.0215549468994141
-0.0462875366210938 -0.0855712890625 0.00950145721435547 0.0117321014404297
-0.0130996704101563 -0.110580444335938 -0.00787162780761719 0.0278816223144531
0.0215988159179688 -0.117927551269531 -0.0367240905761719 0.00768661499023437
0.108261108398438 -0.0892486572265625 -0.0290756225585937 -0.0319194793701172
0.133094787597656 -0.0596466064453125 0.00462722778320313 -0.0560264587402344
0.162338256835937 -0.0202789306640625 0.0995330810546875 -0.0226287841796875
0.147018432617188 0.0369110107421875 0.040924072265625 -0.146636962890625
0.142333984375 0.0195159912109375 0.102546691894531 -0.106422424316406
0.156906127929688 -0.0427398681640625 0.108131408691406 -0.0885086059570313
0.0970230102539063 -0.0933074951171875 0.076416015625 -0.101524353027344
0.0587387084960938 -0.102073669433594 0.0437393188476563 -0.0734405517578125
-0.00517272949218751 -0.109046936035156 0.0148963928222656 -0.0630226135253906
-0.0449066162109375 -0.100189208984375 0.0145263671875 -0.03857421875
-0.0375289916992188 -0.0951080322265625 0.0293941497802734 -0.0111656188964844
-0.05181884765625 -0.096405029296875 0.0326347351074219 0.00450325012207031
-0.0254669189453125 -0.0939865112304688 0.0170211791992187 0.0358543395996094
0.0134201049804688 -0.109169006347656 -0.00507736206054687 0.0426979064941406
0.0482864379882812 -0.106094360351563 -0.0318622589111328 0.0131740570068359
0.127479553222656 -0.0568618774414063 -0.0197525024414062 -0.0318107604980469
0.141357421875 -0.0142364501953125 0.0327568054199219 -0.0645904541015625
0.14666748046875 0.027862548828125 0.146713256835938 -0.0196075439453125
0.102745056152344 0.0658111572265625 0.0808029174804688 -0.130874633789063
0.118370056152344 0.0428924560546875 0.125442504882813 -0.104812622070313
0.138336181640625 -0.0194091796875 0.101089477539063 -0.0795822143554687
0.09002685546875 -0.0730209350585937 0.0706939697265625 -0.0745315551757813
0.0583114624023437 -0.082427978515625 0.0441513061523438 -0.0409088134765625
0.005859375 -0.0976715087890625 0.0291023254394531 -0.0269126892089844
-0.0283737182617187 -0.096832275390625 0.0379676818847656 -0.00585937500000001
-0.021575927734375 -0.0939178466796875 0.0469169616699219 0.0172462463378906
-0.0315399169921875 -0.0992813110351562 0.0446510314941406 0.0359458923339844
-0.00487518310546875 -0.091827392578125 0.0179252624511719 0.0640296936035156
0.0347900390625 -0.09716796875 -0.0079803466796875 0.0605506896972656
0.067352294921875 -0.0849075317382813 -0.0294170379638672 0.0242691040039062
0.132682800292969 -0.0217208862304687 -0.0101604461669922 -0.0187835693359375
0.134033203125 0.0320510864257813 0.0580024719238281 -0.0510711669921875
0.112846374511719 0.07177734375 0.180709838867188 0.001800537109375
0.0426788330078125 0.0861358642578125 0.0960693359375 -0.108551025390625
0.073394775390625 0.0632705688476562 0.128952026367188 -0.0936203002929688
0.0940170288085938 0.0137557983398438 0.0853347778320313 -0.0642166137695313
0.0680580139160156 -0.0323524475097656 0.0631942749023438 -0.0472679138183594
0.0521621704101563 -0.0418319702148438 0.0423355102539063 -0.0137825012207031
0.0219459533691406 -0.0683364868164063 0.0405540466308594 0.00186538696289062
-0.00460052490234376 -0.0789718627929687 0.0542373657226563 0.0212440490722656
-0.00338745117187499 -0.0787429809570313 0.0567092895507813 0.0440330505371094
-0.0107040405273438 -0.0877838134765625 0.0509071350097656 0.0669898986816406
0.00794982910156249 -0.0789566040039063 0.014190673828125 0.09130859375
0.0421905517578125 -0.0779953002929687 -0.01300048828125 0.0803146362304688
0.0692024230957031 -0.0622482299804687 -0.0273895263671875 0.0420417785644531
0.119178771972656 0.00597381591796875 -0.00544452667236327 0.00620174407958984
0.108100891113281 0.0667877197265625 0.07421875 -0.0203018188476563
0.06414794921875 0.10101318359375 0.197723388671875 0.038665771484375
-0.0035247802734375 -0.111785888671875 -0.194122314453125 -0.0450439453125
-0.0698165893554688 -0.0489616394042969 -0.0767364501953125 -0.00465393066406249
-0.0830078125 0.00194549560546874 0.0178108215332031 -0.0337982177734375
-0.0543212890625 0.0431404113769531 0.0370635986328125 -0.0737533569335938
-0.02734375 0.0449943542480469 0.0184707641601562 -0.10125732421875
-0.00534439086914062 0.0530853271484375 -0.02105712890625 -0.114471435546875
-0.00460433959960938 0.0523567199707031 -0.0667648315429688 -0.0930862426757812
-0.0132408142089844 0.0459442138671875 -0.0654449462890625 -0.0624732971191406
-0.0155067443847656 0.0472068786621094 -0.0591468811035156 -0.0332756042480469
-0.0300998687744141 0.0280590057373047 -0.0469589233398438 -0.0182762145996094
-0.04132080078125 0.00910568237304688 -0.0466575622558594 0.00714492797851562
-0.0480804443359375 -0.0105247497558594 -0.0615730285644531 0.0266571044921875
-0.0431365966796875 -0.0492591857910156 -0.0809173583984375 0.0378570556640625
-0.0279464721679688 -0.0790557861328125 -0.104156494140625 0.0746383666992187
0.0169143676757813 -0.107498168945313 -0.0836334228515625 0.0778350830078125
0.05743408203125 -0.103248596191406 -0.178192138671875 -0.0843505859375
-0.0184059143066406 -0.05224609375 -0.0642204284667969 -0.0391998291015625
-0.0344295501708984 -0.0164031982421875 0.029541015625 -0.0594635009765625
-0.0252456665039063 0.0152950286865234 0.0402145385742188 -0.0980606079101563
-0.00845718383789063 0.012904167175293 0.02069091796875 -0.116325378417969
-0.00818252563476563 0.0164928436279297 -0.0223846435546875 -0.128494262695313
-0.0242595672607422 0.0184593200683594 -0.066009521484375 -0.106285095214844
-0.0320663452148438 0.0135955810546875 -0.0595321655273437 -0.0724868774414063
-0.0429916381835937 0.0144424438476562 -0.0530281066894531 -0.0432090759277344
-0.0493698120117188 -0.00777435302734376 -0.0405387878417969 -0.0209503173828125
-0.0462226867675781 -0.0371513366699219 -0.0415229797363281 0.00541687011718749
-0.0338020324707031 -0.05908203125 -0.0583648681640625 0.0155372619628906
0.00668334960937501 -0.0815200805664062 -0.0664215087890625 0.014923095703125
0.026763916015625 -0.09783935546875 -0.08197021484375 0.0428695678710937
0.0770034790039062 -0.110809326171875 -0.0545463562011719 0.0463714599609375
0.112083435058594 -0.0806427001953125 -0.141815185546875 -0.117172241210937
0.04180908203125 -0.0466194152832031 -0.0348930358886719 -0.0665397644042969
0.027069091796875 -0.0363273620605469 0.0513763427734375 -0.0781326293945312
0.0111789703369141 -0.0221271514892578 0.04901123046875 -0.118064880371094
0.0125865936279297 -0.02655029296875 0.0225906372070312 -0.125389099121094
-0.0107555389404297 -0.0257720947265625 -0.0225753784179687 -0.130805969238281
-0.0409126281738281 -0.0194091796875 -0.05718994140625 -0.105270385742188
-0.046295166015625 -0.0223617553710938 -0.04425048828125 -0.07049560546875
-0.0642356872558594 -0.0192489624023438 -0.0360794067382813 -0.0440940856933594
-0.0616188049316406 -0.0389823913574219 -0.0265083312988281 -0.0154209136962891
-0.0478363037109375 -0.0726470947265625 -0.0311088562011719 0.0110015869140625
-0.0232620239257813 -0.0950546264648438 -0.0535659790039062 0.0113525390625
0.0444412231445313 -0.1038818359375 -0.0556488037109375 -0.00500106811523439
0.069854736328125 -0.105705261230469 -0.0566978454589844 0.00604248046874999
0.122550964355469 -0.099609375 -0.0105533599853516 0.0145950317382812
0.151229858398438 -0.047760009765625 -0.0898208618164062 -0.137786865234375
0.09783935546875 -0.0334396362304688 0.0060882568359375 -0.0859832763671875
0.0897293090820313 -0.0546722412109375 0.0754013061523438 -0.0894622802734375
0.0479621887207031 -0.0629959106445313 0.0594558715820313 -0.127311706542969
0.0310935974121094 -0.0687294006347656 0.0278396606445313 -0.122467041015625
-0.0137939453125 -0.0667037963867188 -0.0178298950195312 -0.120079040527344
-0.0530052185058594 -0.05517578125 -0.04156494140625 -0.0912628173828125
-0.0536994934082031 -0.054351806640625 -0.021820068359375 -0.0575370788574219
-0.074066162109375 -0.050140380859375 -0.0134201049804688 -0.0358390808105469
-0.0628547668457031 -0.0632553100585938 -0.0085749626159668 -0.00340461730957032
-0.0401840209960938 -0.0963668823242188 -0.0185565948486328 0.0197315216064453
-0.00911712646484376 -0.114486694335938 -0.04736328125 0.0103378295898437
0.0738754272460938 -0.110382080078125 -0.0467987060546875 -0.0207176208496094
0.103157043457031 -0.0966110229492188 -0.0312957763671875 -0.0293350219726563
0.150527954101563 -0.073211669921875 0.0406265258789063 -0.0132637023925781
0.16595458984375 -0.0109100341796875 -0.029632568359375 -0.145706176757813
0.135154724121094 -0.0137557983398438 0.0517807006835938 -0.0995254516601563
0.136459350585938 -0.0631866455078125 0.0944900512695313 -0.0936279296875
0.07684326171875 -0.0928573608398438 0.0671157836914063 -0.121185302734375
0.0445556640625 -0.098876953125 0.0335845947265625 -0.104415893554687
-0.01580810546875 -0.0959625244140625 -0.00730895996093751 -0.0950927734375
-0.0574417114257813 -0.0818328857421875 -0.0171585083007813 -0.0668220520019531
-0.0528335571289062 -0.0787429809570313 0.00305938720703125 -0.0364036560058594
-0.0704421997070313 -0.0751571655273437 0.00991058349609374 -0.0193424224853516
-0.050811767578125 -0.0803146362304688 0.0062713623046875 0.0143260955810547
-0.0199432373046875 -0.108108520507813 -0.0101509094238281 0.0307464599609375
0.0132217407226563 -0.118118286132812 -0.0411415100097656 0.0114517211914063
0.10101318359375 -0.0968780517578125 -0.0380172729492187 -0.0301742553710937
0.12677001953125 -0.0680084228515625 -0.00547027587890624 -0.0560798645019531
0.160064697265625 -0.0319061279296875 0.0921173095703125 -0.0294876098632813
0.150497436523438 0.0250091552734375 0.025909423828125 -0.143310546875
0.144439697265625 0.0090789794921875 0.0905685424804688 -0.108009338378906
0.153671264648438 -0.0555267333984375 0.10113525390625 -0.0913238525390625
0.08953857421875 -0.100196838378906 0.0685348510742188 -0.102775573730469
0.0505218505859375 -0.106452941894531 0.0379867553710938 -0.074127197265625
-0.01385498046875 -0.107391357421875 0.00957107543945312 -0.060760498046875
-0.05303955078125 -0.0941543579101562 0.00985336303710937 -0.0367088317871094
-0.0449752807617188 -0.0912017822265625 0.0275764465332031 -0.0108375549316406
-0.0591201782226562 -0.0901031494140625 0.0300693511962891 0.00552177429199218
-0.0319900512695313 -0.0903091430664063 0.0160484313964844 0.0378150939941406
0.00449371337890625 -0.108695983886719 -0.00590896606445313 0.0459785461425781
0.039154052734375 -0.108566284179688 -0.0361862182617188 0.0170822143554688
0.122642517089844 -0.0675125122070312 -0.027923583984375 -0.0308322906494141
0.139808654785156 -0.0254669189453125 0.0224037170410156 -0.0665016174316406
0.149581909179687 0.01641845703125 0.139480590820313 -0.0297012329101563
0.109756469726563 0.0560150146484375 0.0663604736328125 -0.131019592285156
0.123161315917969 0.0322113037109375 0.114112854003906 -0.108917236328125
0.136848449707031 -0.0329055786132813 0.0945663452148438 -0.0820388793945313
0.0826797485351563 -0.0810928344726563 0.0654220581054688 -0.0762557983398438
0.0492630004882813 -0.0880126953125 0.0412940979003906 -0.0427589416503906
-0.00381469726562499 -0.0965118408203125 0.0266914367675781 -0.0265464782714844
-0.0381927490234375 -0.0914764404296875 0.036163330078125 -0.00676727294921876
-0.030181884765625 -0.0897674560546875 0.0466232299804688 0.0160255432128906
-0.0407867431640625 -0.093414306640625 0.0452079772949219 0.0354728698730469
-0.0130996704101563 -0.0892868041992188 0.0193519592285156 0.0656166076660156
0.0252685546875 -0.0984344482421875 -0.00777816772460938 0.0638656616210938
0.0581588745117188 -0.09014892578125 -0.0317592620849609 0.0275993347167969
0.13037109375 -0.0342254638671875 -0.017059326171875 -0.0196456909179688
0.135795593261719 0.01898193359375 0.0496025085449219 -0.0563430786132813
0.120567321777344 0.0613174438476563 0.175979614257813 -0.010986328125
0.0530853271484375 0.080078125 0.0847015380859375 -0.110519409179688
0.0799102783203125 0.0544815063476562 0.118568420410156 -0.0993423461914063
0.0958328247070313 0.0018157958984375 0.0811843872070313 -0.065521240234375
0.0633277893066406 -0.0404815673828125 0.0613784790039063 -0.0490379333496094
0.0462226867675781 -0.0472259521484375 0.0430641174316406 -0.0157890319824219
0.0129127502441406 -0.0678253173828125 0.0404891967773437 -0.000110626220703129
-0.0139694213867187 -0.0750732421875 0.0552024841308594 0.0184402465820312
-0.0120773315429688 -0.075531005859375 0.0589065551757812 0.0403480529785156
-0.0204238891601563 -0.08319091796875 0.0541343688964844 0.0652694702148438
-0.000480651855468745 -0.0754928588867188 0.0189743041992187 0.0924606323242187
0.0326156616210938 -0.079498291015625 -0.010162353515625 0.0828018188476562
0.0606880187988281 -0.0678901672363281 -0.0279083251953125 0.0438270568847656
0.118209838867188 -0.00704193115234375 -0.00842046737670898 0.0041961669921875
0.113334655761719 0.0535354614257813 0.0685920715332032 -0.0271453857421875
0.0745391845703125 0.0921859741210937 0.196441650390625 0.0223388671875
-0.0132293701171875 -0.104972839355469 -0.190475463867188 -0.03375244140625
-0.0706024169921875 -0.0404586791992188 -0.0729522705078125 0.00102996826171875
-0.0786666870117188 0.00972747802734377 0.0175247192382812 -0.0328159332275391
-0.0476150512695313 0.0466117858886719 0.0354080200195312 -0.0729217529296875
-0.0212135314941406 0.044891357421875 0.01715087890625 -0.09942626953125
0.000362396240234378 0.0489387512207031 -0.0238189697265625 -0.112586975097656
0.000251770019531252 0.0478096008300781 -0.0686187744140625 -0.0888519287109375
-0.0089263916015625 0.0431022644042969 -0.067413330078125 -0.0589942932128906
-0.0111160278320312 0.0436134338378906 -0.0597152709960937 -0.0305671691894531
-0.0248050689697266 0.0268783569335938 -0.0484771728515625 -0.0170669555664063
-0.0367507934570313 0.0112571716308594 -0.0474472045898438 0.00788497924804688
-0.0447769165039063 -0.00487518310546875 -0.0612297058105469 0.0273895263671875
-0.044403076171875 -0.041839599609375 -0.0784378051757813 0.0381546020507812
-0.033294677734375 -0.07110595703125 -0.0991744995117187 0.0751953125
0.00747680664062499 -0.103263854980469 -0.0789718627929688 0.0775222778320312
0.0473556518554687 -0.0988998413085937 -0.177871704101563 -0.071380615234375
-0.0204887390136719 -0.0455894470214844 -0.0635910034179688 -0.0316925048828125
-0.0319862365722656 -0.0101509094238281 0.0273590087890625 -0.0570602416992187
-0.0199794769287109 0.0186882019042969 0.0364227294921875 -0.0960617065429687
-0.00333309173583984 0.0130739212036133 0.0167083740234375 -0.113082885742188
-0.00381851196289063 0.013422966003418 -0.0264205932617187 -0.124832153320313
-0.0195274353027344 0.0159988403320313 -0.0686874389648438 -0.100204467773437
-0.0282325744628906 0.0124740600585938 -0.0619049072265625 -0.0673370361328125
-0.0391845703125 0.0128860473632813 -0.0547370910644531 -0.0395164489746094
-0.0450820922851563 -0.00704956054687499 -0.0430870056152344 -0.0191116333007813
-0.0431861877441406 -0.0339698791503906 -0.0432090759277344 0.00751495361328125
-0.0332298278808594 -0.0535392761230469 -0.0601081848144531 0.0173912048339844
0.00191497802734375 -0.0756759643554688 -0.0677337646484375 0.0159683227539062
0.0191268920898437 -0.0921707153320312 -0.0810089111328125 0.04400634765625
0.0655975341796875 -0.109054565429687 -0.0536727905273437 0.0465965270996094
0.103324890136719 -0.0801620483398438 -0.14532470703125 -0.103164672851563
0.0381851196289063 -0.0432586669921875 -0.037200927734375 -0.0582389831542969
0.0272159576416016 -0.0328941345214844 0.0475387573242187 -0.0755157470703125
0.0132408142089844 -0.0194358825683594 0.0430831909179687 -0.115859985351563
0.0145797729492188 -0.0271415710449219 0.0187301635742188 -0.121986389160156
-0.00791168212890625 -0.0269088745117188 -0.0265655517578125 -0.126258850097656
-0.0381813049316406 -0.01904296875 -0.0609817504882812 -0.098541259765625
-0.0444869995117188 -0.021484375 -0.0475730895996094 -0.0653495788574219
-0.0611534118652344 -0.0183296203613281 -0.039154052734375 -0.0400238037109375
-0.0589752197265625 -0.036376953125 -0.0292778015136719 -0.0126171112060547
-0.0469398498535156 -0.0688018798828125 -0.0334434509277344 0.0130519866943359
-0.0246124267578125 -0.08990478515625 -0.0563125610351562 0.0136184692382812
0.0383682250976563 -0.100852966308594 -0.05938720703125 -0.00294876098632814
0.0617218017578125 -0.102752685546875 -0.0592002868652344 0.00792694091796874
0.111930847167969 -0.100486755371094 -0.0138969421386719 0.0137100219726562
0.143844604492188 -0.051116943359375 -0.0963592529296875 -0.124778747558594
0.0940399169921875 -0.0337677001953125 0.000854492187500005 -0.0784912109375
0.0861968994140625 -0.0550613403320313 0.07037353515625 -0.0871810913085938
0.0461387634277344 -0.0614738464355469 0.0526504516601563 -0.124542236328125
0.0297622680664062 -0.0686149597167969 0.0217208862304688 -0.118354797363281
-0.0146446228027344 -0.0656547546386719 -0.0230484008789063 -0.114273071289063
-0.0519828796386719 -0.0522804260253906 -0.0449905395507812 -0.0848770141601563
-0.0536460876464844 -0.0519218444824219 -0.0252456665039063 -0.053466796875
-0.0732574462890625 -0.046478271484375 -0.0170822143554688 -0.0321006774902344
-0.0615501403808594 -0.0597000122070313 -0.0115203857421875 -0.000830650329589849
-0.0414810180664063 -0.0918426513671875 -0.0212116241455078 0.02215576171875
-0.0125274658203125 -0.110176086425781 -0.0511131286621094 0.0138359069824219
0.0675277709960938 -0.109405517578125 -0.0524787902832031 -0.017913818359375
0.0945968627929688 -0.0961837768554687 -0.0370063781738281 -0.0264816284179688
0.141921997070313 -0.0766143798828125 0.0344085693359375 -0.0147590637207031
0.160964965820313 -0.01666259765625 -0.039306640625 -0.134880065917969
0.131782531738281 -0.017669677734375 0.0433578491210938 -0.09375
0.131111145019531 -0.06756591796875 0.0882949829101563 -0.0925521850585938
0.0718460083007813 -0.0928955078125 0.060699462890625 -0.118682861328125
0.0400924682617188 -0.0993576049804688 0.0280532836914063 -0.100799560546875
-0.0190200805664063 -0.0932998657226563 -0.0117721557617188 -0.0893783569335938
-0.0590972900390625 -0.0767135620117188 -0.0203933715820313 -0.0612525939941406
-0.0545120239257812 -0.0741958618164063 0.000303268432617187 -0.0338840484619141
-0.07257080078125 -0.0700302124023438 0.00656414031982422 -0.0159587860107422
-0.0517959594726563 -0.0769729614257813 0.00446701049804687 0.0170202255249023
-0.0240325927734375 -0.104209899902344 -0.0116119384765625 0.0336284637451172
0.00844573974609376 -0.11474609375 -0.0447769165039063 0.0152587890625
0.0946731567382813 -0.0986480712890625 -0.0452003479003906 -0.0276870727539063
0.120437622070313 -0.0705413818359375 -0.0127105712890625 -0.0539360046386719
0.155120849609375 -0.0380706787109375 0.084320068359375 -0.0326461791992188
0.149612426757812 0.0171051025390625 0.01556396484375 -0.134742736816406
0.142562866210938 0.0028533935546875 0.0803604125976563 -0.103691101074219
0.147735595703125 -0.0622711181640625 0.0949935913085938 -0.0903778076171875
0.082275390625 -0.101966857910156 0.0625 -0.100868225097656
0.0441207885742188 -0.107658386230469 0.0342178344726563 -0.07244873046875
-0.0183868408203125 -0.103584289550781 0.00521469116210937 -0.0570259094238281
-0.056243896484375 -0.0871963500976563 0.00765228271484375 -0.0330162048339844
-0.0485382080078125 -0.0859451293945313 0.0251846313476563 -0.0102081298828125
-0.0619888305664062 -0.0838699340820313 0.0276355743408203 0.00723838806152343
-0.0347900390625 -0.085601806640625 0.0153045654296875 0.0400733947753906
-0.000785827636718746 -0.105636596679688 -0.00684738159179687 0.0487442016601562
0.03369140625 -0.107368469238281 -0.0390129089355469 0.0200233459472656
0.116561889648437 -0.072662353515625 -0.0346412658691406 -0.0284767150878906
0.135009765625 -0.031829833984375 0.0141181945800781 -0.0653648376464844
0.148513793945313 0.0083770751953125 0.130325317382813 -0.0347747802734375
0.112823486328125 0.0482254028320312 0.056640625 -0.125930786132813
0.123970031738281 0.0243301391601562 0.103828430175781 -0.106803894042969
0.133125305175781 -0.0414505004882813 0.0893707275390625 -0.0809783935546875
0.0757064819335938 -0.083648681640625 0.0611038208007813 -0.0753250122070313
0.0427780151367188 -0.0896530151367188 0.0390548706054688 -0.0422592163085938
-0.0104217529296875 -0.0923004150390625 0.0236778259277344 -0.0249309539794922
-0.0426483154296875 -0.084442138671875 0.0348243713378906 -0.00564384460449219
-0.0349502563476563 -0.0841598510742188 0.0458412170410156 0.0150642395019531
-0.0453643798828125 -0.0865478515625 0.0441093444824219 0.0356979370117187
-0.0176849365234375 -0.083465576171875 0.0199775695800781 0.0668258666992188
0.0181961059570312 -0.0961227416992188 -0.00728988647460937 0.0657577514648438
0.0505905151367188 -0.0904541015625 -0.0338611602783203 0.0296306610107422
0.124702453613281 -0.0416259765625 -0.0219211578369141 -0.0188102722167969
0.134040832519531 0.0100173950195312 0.0414466857910156 -0.057647705078125
0.122756958007813 0.0518951416015625 0.1676025390625 -0.0188446044921875
0.0587387084960938 0.0735244750976563 0.07635498046875 -0.108062744140625
0.0828399658203125 0.0465087890625 0.109817504882813 -0.0985946655273438
0.0944290161132812 -0.00690460205078125 0.0772247314453125 -0.0643234252929688
0.05792236328125 -0.0442771911621094 0.0588722229003906 -0.048980712890625
0.0400581359863281 -0.0503044128417969 0.0427474975585938 -0.0167350769042969
0.00634384155273438 -0.0654716491699219 0.0397415161132813 -0.000576019287109379
-0.0195045471191406 -0.0692405700683594 0.0545425415039063 0.0169601440429688
-0.01751708984375 -0.0699043273925781 0.0592918395996094 0.0382080078125
-0.0258636474609375 -0.0760879516601563 0.054473876953125 0.063873291015625
-0.00641632080078125 -0.0711212158203125 0.0209426879882813 0.0920639038085938
0.0247650146484375 -0.0782699584960937 -0.00890350341796874 0.0829238891601563
0.0531349182128906 -0.0695381164550781 -0.0293502807617187 0.0451126098632813
0.113128662109375 -0.0161972045898437 -0.0119333267211914 0.00331878662109375
0.113395690917969 0.043121337890625 0.0621681213378906 -0.0306434631347656
0.0792465209960938 0.0840606689453125 0.189498901367188 0.0127716064453125
-0.0180435180664063 -0.0988388061523438 -0.1851806640625 -0.0287017822265625
-0.0693283081054688 -0.0351676940917969 -0.0696220397949219 0.00413131713867189
-0.0744171142578125 0.01446533203125 0.018524169921875 -0.0307521820068359
-0.0417060852050781 0.0480194091796875 0.0357666015625 -0.0717697143554688
-0.0173187255859375 0.0438919067382813 0.0177154541015625 -0.0984420776367188
0.0031890869140625 0.0447998046875 -0.0234909057617188 -0.112236022949219
0.00329208374023438 0.0433464050292969 -0.0686264038085937 -0.0874404907226563
-0.00634002685546875 0.0403594970703125 -0.0672187805175781 -0.0577011108398437
-0.008880615234375 0.0395011901855469 -0.0597305297851563 -0.0294303894042969
-0.0214061737060547 0.0244007110595703 -0.050048828125 -0.0166969299316406
-0.0325775146484375 0.0115795135498047 -0.0488319396972656 0.00813674926757813
-0.0415382385253906 -0.00177001953125 -0.0615158081054688 0.0264892578125
-0.04486083984375 -0.03594970703125 -0.0779647827148438 0.0368881225585938
-0.0349006652832031 -0.0651321411132813 -0.0971755981445313 0.073333740234375
0.0012969970703125 -0.0986328125 -0.0771026611328125 0.0746612548828125
0.0415496826171875 -0.0946426391601563 -0.175247192382813 -0.06427001953125
-0.0202255249023437 -0.0406341552734375 -0.0616302490234375 -0.0263481140136719
-0.0289535522460938 -0.0053558349609375 0.0269584655761719 -0.0540351867675781
-0.0152111053466797 0.0203723907470703 0.0356903076171875 -0.0939788818359375
6.77108764648432E-05 0.0125398635864258 0.0175247192382813 -0.110885620117187
-0.000597000122070313 0.0107975006103516 -0.0266876220703125 -0.122917175292969
-0.0165529251098633 0.0134124755859375 -0.0684051513671875 -0.0968170166015625
-0.0263576507568359 0.0100460052490234 -0.0627861022949219 -0.0646858215332031
-0.0369453430175781 0.0105514526367187 -0.0555343627929688 -0.0372085571289063
-0.0412521362304688 -0.00823211669921875 -0.0449562072753906 -0.0179481506347656
-0.0398712158203125 -0.0324554443359375 -0.0452537536621094 0.00800323486328124
-0.030975341796875 -0.0497970581054688 -0.0617523193359375 0.0177345275878906
0.000656127929687496 -0.0709304809570313 -0.0696296691894531 0.0156059265136719
0.0157928466796875 -0.086669921875 -0.0808868408203125 0.0436019897460938
0.0591964721679688 -0.105674743652344 -0.0544815063476563 0.0449409484863281
0.0981903076171875 -0.077362060546875 -0.144668579101563 -0.09478759765625
0.0372734069824219 -0.0392570495605469 -0.037139892578125 -0.0520973205566406
0.0278530120849609 -0.0295467376708984 0.0467300415039063 -0.0726776123046875
0.0164299011230469 -0.0174922943115234 0.0412750244140625 -0.11199951171875
0.0169429779052734 -0.0266399383544922 0.0178909301757813 -0.118736267089844
-0.006103515625 -0.028533935546875 -0.0275344848632813 -0.123016357421875
-0.0353813171386719 -0.0201263427734375 -0.0617218017578125 -0.0947952270507813
-0.0427017211914063 -0.0221443176269531 -0.047943115234375 -0.0620384216308594
-0.0596466064453125 -0.0188713073730469 -0.0405387878417969 -0.0373458862304688
-0.0560531616210937 -0.0367050170898438 -0.0311393737792969 -0.0107898712158203
-0.0444793701171875 -0.0665016174316406 -0.0352745056152344 0.0146331787109375
-0.0239486694335938 -0.086181640625 -0.0588150024414063 0.0151405334472656
0.0362396240234375 -0.0968246459960937 -0.0629119873046875 -0.00252914428710937
0.057861328125 -0.0976715087890625 -0.061614990234375 0.0089111328125
0.106643676757812 -0.0982131958007813 -0.016392707824707 0.0130329132080078
0.140083312988281 -0.0502471923828125 -0.098358154296875 -0.115219116210938
0.09210205078125 -0.0310516357421875 -0.00123596191406249 -0.0716323852539063
0.085693359375 -0.0533370971679688 0.06842041015625 -0.0840530395507813
0.0472450256347656 -0.0591773986816406 0.0500640869140625 -0.120742797851563
0.0306243896484375 -0.0676155090332031 0.0207672119140625 -0.115341186523438
-0.0130767822265625 -0.0649147033691406 -0.02410888671875 -0.110145568847656
-0.0506439208984375 -0.0510940551757813 -0.0453720092773437 -0.0804061889648438
-0.0529747009277344 -0.0509109497070312 -0.0268096923828125 -0.0505447387695313
-0.0712966918945313 -0.045501708984375 -0.0191745758056641 -0.0289745330810547
-0.0593109130859375 -0.0583305358886719 -0.0137577056884766 0.0021371841430664
-0.04022216796875 -0.0898284912109375 -0.0234451293945313 0.0239048004150391
-0.0126495361328125 -0.107292175292969 -0.0540199279785156 0.0158958435058594
0.06536865234375 -0.106651306152344 -0.0571784973144531 -0.0165367126464844
0.0912246704101563 -0.093231201171875 -0.0411911010742187 -0.0248947143554688
0.137832641601563 -0.0760574340820313 0.0294380187988281 -0.0146274566650391
0.158096313476563 -0.01806640625 -0.0427398681640625 -0.126495361328125
0.130050659179688 -0.0172958374023437 0.0394973754882813 -0.0865859985351562
0.128738403320313 -0.0677719116210938 0.0862808227539063 -0.0893325805664063
0.0706939697265625 -0.090972900390625 0.0578460693359375 -0.115409851074219
0.0387344360351562 -0.0987167358398437 0.0268020629882813 -0.0977020263671875
-0.0188827514648437 -0.09185791015625 -0.0132293701171875 -0.0855941772460938
-0.0580902099609375 -0.0732421875 -0.0217475891113281 -0.0575065612792969
-0.054779052734375 -0.072784423828125 -0.000841140747070316 -0.0314846038818359
-0.07122802734375 -0.0676651000976562 0.00491237640380859 -0.0130252838134766
-0.0505752563476562 -0.0746688842773438 0.0030059814453125 0.0196380615234375
-0.024444580078125 -0.101982116699219 -0.0138435363769531 0.0364570617675781
0.00743865966796875 -0.112205505371094 -0.048309326171875 0.0175285339355469
0.09210205078125 -0.0976486206054688 -0.0502853393554687 -0.0252609252929688
0.117042541503906 -0.069732666015625 -0.0181388854980469 -0.0518531799316406
0.152206420898437 -0.0391387939453125 0.077911376953125 -0.0327682495117188
0.148849487304688 0.0140228271484375 0.0112991333007813 -0.126747131347656
0.141403198242188 0.0005645751953125 0.0756683349609375 -0.0978851318359375
0.145065307617188 -0.0651092529296875 0.0929183959960938 -0.087188720703125
0.0790863037109375 -0.101356506347656 0.0600357055664063 -0.097625732421875
0.0410690307617188 -0.107452392578125 0.0331954956054688 -0.0702857971191406
-0.020263671875 -0.1002197265625 0.00397872924804687 -0.0530891418457031
-0.0563812255859375 -0.0834274291992188 0.00656890869140625 -0.0299263000488281
-0.0492324829101563 -0.0830841064453125 0.0240631103515625 -0.00816535949707032
-0.0621719360351562 -0.0804214477539063 0.0258731842041016 0.0101108551025391
-0.03533935546875 -0.0822219848632813 0.0136528015136719 0.0428009033203125
-0.00353240966796875 -0.103294372558594 -0.008209228515625 0.0507965087890625
0.0306930541992188 -0.105804443359375 -0.0419807434082031 0.0227317810058594
0.113357543945312 -0.0738296508789063 -0.039459228515625 -0.0263786315917969
0.1324462890625 -0.0337448120117188 0.00835800170898439 -0.0637321472167969
0.14691162109375 0.00518798828125 0.123497009277344 -0.0350189208984375
0.113914489746094 0.0437240600585938 0.05218505859375 -0.119140625
0.123573303222656 0.02032470703125 0.098876953125 -0.101654052734375
0.130577087402344 -0.0457611083984375 0.088134765625 -0.0777511596679688
0.0717926025390625 -0.084869384765625 0.0600128173828125 -0.0729217529296875
0.0387802124023438 -0.0901031494140625 0.0384178161621094 -0.0400581359863281
-0.0133056640625 -0.0891952514648438 0.0230064392089844 -0.0225315093994141
-0.044342041015625 -0.0792312622070312 0.0338115692138672 -0.00407409667968751
-0.0372390747070313 -0.0800857543945313 0.0448837280273438 0.0151290893554687
-0.0465927124023437 -0.0821914672851563 0.0426712036132813 0.0371971130371094
-0.01910400390625 -0.0799331665039063 0.0192985534667969 0.0684890747070312
0.014373779296875 -0.093719482421875 -0.00792694091796875 0.0671730041503906
0.0465850830078125 -0.0893173217773437 -0.0366172790527344 0.0318107604980469
0.12078857421875 -0.0457305908203125 -0.0264606475830078 -0.0173797607421875
0.131965637207031 0.00553131103515625 0.0360336303710938 -0.0562744140625
0.122879028320313 0.0473403930664063 0.16033935546875 -0.0200653076171875
0.06109619140625 0.0685043334960938 0.0730667114257813 -0.102516174316406
0.0840606689453125 0.0413360595703125 0.105224609375 -0.0951461791992188
0.0923309326171875 -0.0120468139648438 0.0769424438476563 -0.0617141723632813
0.0537681579589844 -0.0465316772460938 0.0587539672851563 -0.0473518371582031
0.0362815856933594 -0.0517005920410156 0.0427055358886719 -0.0164642333984375
0.0023956298828125 -0.0628166198730469 0.0388755798339844 0.000316619873046871
-0.0220108032226563 -0.0642967224121094 0.0536384582519531 0.0167922973632812
-0.0198593139648438 -0.0660896301269531 0.0587501525878906 0.0373954772949219
-0.0280303955078125 -0.0708770751953125 0.0536842346191406 0.0638847351074219
-0.00823211669921874 -0.0667076110839844 0.0209426879882812 0.0930252075195313
0.0203781127929687 -0.075897216796875 -0.00958251953125 0.0833740234375
0.0483741760253906 -0.0687026977539063 -0.0308151245117188 0.045654296875
0.109329223632813 -0.0199508666992188 -0.0157880783081055 0.00287437438964844
0.111839294433594 0.0372161865234375 0.05712890625 -0.0316085815429688
0.081512451171875 0.0777587890625 0.184539794921875 0.0098724365234375
-0.0209884643554688 -0.0947799682617188 -0.184906005859375 -0.0274505615234375
-0.0693397521972656 -0.0321540832519531 -0.0679054260253906 0.0057525634765625
-0.072601318359375 0.0176010131835938 0.019989013671875 -0.0295639038085938
-0.0382232666015625 0.0493392944335938 0.0386734008789062 -0.0718002319335938
-0.0139236450195312 0.0436210632324219 0.0206298828125 -0.0998458862304688
0.00528335571289062 0.0416221618652344 -0.0219497680664063 -0.115150451660156
0.00458908081054688 0.0404014587402344 -0.0681838989257813 -0.0887527465820313
-0.00525665283203125 0.0380401611328125 -0.0681991577148438 -0.0582847595214844
-0.00797653198242188 0.037200927734375 -0.06072998046875 -0.0306167602539062
-0.0199165344238281 0.0221290588378906 -0.0522575378417969 -0.0174331665039062
-0.0297985076904297 0.0109920501708984 -0.0516014099121094 0.00720596313476562
-0.0396537780761719 7.62939453124913E-05 -0.0637435913085937 0.0259628295898438
-0.0439720153808594 -0.0325965881347656 -0.0800323486328125 0.0348434448242187
-0.0358963012695313 -0.0616645812988281 -0.099029541015625 0.0709609985351562
-0.00214385986328125 -0.0957794189453125 -0.07965087890625 0.0725479125976563
0.0403060913085938 -0.0903701782226563 -0.175750732421875 -0.0621185302734375
-0.0201148986816406 -0.0375251770019531 -0.060394287109375 -0.02410888671875
-0.0264987945556641 -0.00242614746093749 0.0289382934570313 -0.0528030395507812
-0.01171875 0.0217971801757813 0.0373992919921875 -0.092681884765625
0.00315666198730469 0.0118942260742188 0.0197982788085938 -0.111297607421875
0.00136375427246094 0.00836801528930664 -0.024627685546875 -0.1246337890625
-0.0147771835327148 0.010197639465332 -0.068634033203125 -0.097930908203125
-0.0248775482177734 0.00773048400878906 -0.0635948181152344 -0.0647087097167969
-0.0363311767578125 0.00826644897460937 -0.0569267272949219 -0.0376167297363281
-0.0396308898925781 -0.0108451843261719 -0.0474967956542969 -0.0177955627441406
-0.0372123718261719 -0.0328712463378906 -0.0481681823730469 0.00811767578125
-0.0291023254394531 -0.0485267639160156 -0.0649795532226563 0.0178489685058594
0.001861572265625 -0.0676841735839844 -0.07281494140625 0.0143203735351562
0.0152740478515625 -0.0833892822265625 -0.084228515625 0.0423049926757812
0.05755615234375 -0.102775573730469 -0.0577926635742187 0.0434188842773438
0.0972213745117188 -0.073944091796875 -0.146331787109375 -0.0915679931640625
0.0381813049316406 -0.0357398986816406 -0.0367393493652344 -0.0479698181152344
0.0303173065185547 -0.0267105102539063 0.0479202270507813 -0.0707855224609375
0.0198612213134766 -0.0160388946533203 0.0433502197265625 -0.110832214355469
0.0202121734619141 -0.0274734497070313 0.0194625854492187 -0.117919921875
-0.00358772277832031 -0.0304279327392578 -0.0267715454101563 -0.12322998046875
-0.0337696075439453 -0.0232467651367187 -0.0615234375 -0.0939483642578125
-0.0412368774414063 -0.024627685546875 -0.0488929748535156 -0.0617942810058594
-0.058563232421875 -0.0211677551269531 -0.0420494079589844 -0.0366325378417969
-0.0540580749511719 -0.0386428833007812 -0.0333099365234375 -0.00971603393554687
-0.04205322265625 -0.0673751831054688 -0.0384979248046875 0.0154991149902344
-0.0216827392578125 -0.0855560302734375 -0.0629234313964844 0.0161056518554687
0.0375595092773438 -0.0949249267578125 -0.0674400329589844 -0.00235748291015626
0.05792236328125 -0.0947036743164063 -0.0654449462890625 0.00872421264648438
0.105560302734375 -0.0955352783203125 -0.0199546813964844 0.0127277374267578
0.14031982421875 -0.0476837158203125 -0.0996017456054687 -0.111968994140625
0.0931396484375 -0.02813720703125 -0.000709533691406243 -0.0659065246582031
0.0879898071289063 -0.0518951416015625 0.07061767578125 -0.081939697265625
0.049957275390625 -0.0579719543457031 0.0519332885742187 -0.118896484375
0.032928466796875 -0.0688438415527344 0.0223617553710938 -0.114067077636719
-0.0109825134277344 -0.06719970703125 -0.0236968994140625 -0.109443664550781
-0.0484809875488281 -0.0531730651855469 -0.046142578125 -0.07904052734375
-0.0518836975097656 -0.05303955078125 -0.0268402099609375 -0.0492477416992188
-0.0710678100585938 -0.047393798828125 -0.0204410552978516 -0.0273475646972656
-0.0574417114257812 -0.0598106384277344 -0.0153589248657227 0.00365352630615234
-0.0380706787109375 -0.0908737182617188 -0.0264568328857422 0.0259552001953125
-0.010528564453125 -0.107147216796875 -0.0582199096679688 0.0174026489257812
0.0667495727539063 -0.106224060058594 -0.0619277954101563 -0.0157737731933594
0.0922164916992187 -0.0909805297851563 -0.0454483032226562 -0.0246963500976563
0.137977600097656 -0.0742034912109375 0.0262031555175781 -0.0141735076904297
0.159347534179688 -0.0170745849609375 -0.0442123413085938 -0.121360778808594
0.132034301757813 -0.015777587890625 0.0397872924804688 -0.0810089111328125
0.131462097167969 -0.0675201416015625 0.0879669189453125 -0.0867233276367188
0.072357177734375 -0.090362548828125 0.0589523315429688 -0.113372802734375
0.0401611328125 -0.0999221801757812 0.0278472900390625 -0.0965194702148438
-0.0178680419921875 -0.0927886962890625 -0.0131149291992188 -0.08367919921875
-0.0573348999023438 -0.0741806030273437 -0.0217361450195313 -0.0552978515625
-0.0546951293945312 -0.0737762451171875 -0.00152206420898438 -0.0304317474365234
-0.0712966918945313 -0.0682144165039062 0.00313949584960937 -0.0101699829101563
-0.0496368408203125 -0.0759048461914063 0.000930786132812495 0.0222969055175781
-0.0227127075195312 -0.102767944335938 -0.0160064697265625 0.0388908386230469
0.00841522216796874 -0.113029479980469 -0.0522956848144531 0.0203514099121094
0.093505859375 -0.0975341796875 -0.0552864074707031 -0.0243644714355469
0.118247985839844 -0.0687255859375 -0.02239990234375 -0.0507888793945313
0.153640747070313 -0.038177490234375 0.0746536254882813 -0.0312881469726562
0.150665283203125 0.0144500732421875 0.0102081298828125 -0.121658325195313
0.143356323242188 0.0010833740234375 0.0755767822265625 -0.092254638671875
0.14715576171875 -0.066497802734375 0.0945816040039063 -0.0853118896484375
0.080230712890625 -0.101577758789063 0.0610809326171875 -0.0957412719726563
0.0408706665039063 -0.10870361328125 0.0333633422851563 -0.0684814453125
-0.0200958251953125 -0.100212097167969 0.00372695922851563 -0.0505714416503906
-0.0565414428710938 -0.082366943359375 0.00653648376464843 -0.0275135040283203
-0.0496978759765625 -0.0831680297851563 0.0232467651367187 -0.00685691833496094
-0.0622787475585938 -0.0802536010742188 0.0251636505126953 0.0130844116210937
-0.0342941284179688 -0.0824050903320312 0.012664794921875 0.0457496643066406
-0.0029296875 -0.103599548339844 -0.0103416442871094 0.0532455444335938
0.0309982299804688 -0.106552124023437 -0.0461502075195313 0.0247955322265625
0.114250183105469 -0.0748214721679688 -0.0441970825195313 -0.0251693725585938
0.133583068847656 -0.0337295532226563 0.00486373901367188 -0.0626182556152344
0.14892578125 0.0051727294921875 0.120536804199219 -0.0336380004882813
0.116600036621094 0.0423736572265625 0.0517501831054688 -0.114616394042969
0.125579833984375 0.0194168090820313 0.0986404418945313 -0.0962677001953125
0.131912231445313 -0.0485382080078125 0.0897216796875 -0.0760116577148438
0.0711593627929688 -0.0858001708984375 0.0604629516601563 -0.0713348388671875
0.037506103515625 -0.0913925170898437 0.0395050048828125 -0.0391960144042969
-0.0143356323242187 -0.0887298583984375 0.0232963562011719 -0.0198421478271484
-0.0449676513671875 -0.0777435302734375 0.0338802337646484 -0.00254249572753907
-0.0380630493164063 -0.0792617797851563 0.0454444885253906 0.0172233581542969
-0.046844482421875 -0.08074951171875 0.0416793823242188 0.0401763916015625
-0.0191116333007813 -0.079345703125 0.0177536010742188 0.07196044921875
0.0130996704101563 -0.0928115844726562 -0.0105133056640625 0.0696830749511719
0.0464859008789063 -0.0893402099609375 -0.0399703979492188 0.0330238342285156
0.120841979980469 -0.0463104248046875 -0.0307731628417969 -0.0169773101806641
0.132720947265625 0.00437164306640625 0.0328445434570313 -0.05596923828125
0.125030517578125 0.0463333129882813 0.158706665039063 -0.01873779296875
0.063934326171875 0.0662918090820313 0.074310302734375 -0.0990524291992187
0.0856475830078125 0.039398193359375 0.105674743652344 -0.0911331176757813
0.0932769775390625 -0.0156402587890625 0.0797042846679688 -0.0592193603515625
0.0518302917480469 -0.0480079650878906 0.0607414245605469 -0.0457344055175781
0.0341072082519531 -0.05255126953125 0.0445022583007813 -0.0156898498535156
0.000354766845703118 -0.0612068176269531 0.0393409729003906 0.00212478637695312
-0.023651123046875 -0.0610694885253906 0.0540847778320313 0.0176734924316406
-0.0217437744140625 -0.06396484375 0.0591392517089844 0.0386772155761719
-0.0288658142089844 -0.06866455078125 0.0535926818847656 0.0659446716308594
-0.00906372070312501 -0.0645637512207031 0.0195388793945313 0.0959548950195313
0.01806640625 -0.074432373046875 -0.0120315551757813 0.0855255126953125
0.0462112426757812 -0.0687370300292969 -0.0341758728027344 0.0464553833007812
0.108680725097656 -0.0224151611328125 -0.01910400390625 0.00255966186523437
0.111701965332031 0.0348129272460938 0.0541801452636719 -0.032318115234375
0.0829544067382813 0.07647705078125 0.183059692382812 0.010406494140625
-0.023773193359375 -0.093963623046875 -0.189773559570313 -0.0269012451171875
-0.0711288452148438 -0.0300216674804688 -0.0679359436035156 0.00706100463867188
-0.0719985961914063 0.0209503173828125 0.0222949981689453 -0.0294151306152344
-0.035491943359375 0.0506973266601563 0.0412979125976562 -0.0746002197265625
-0.0112800598144531 0.044403076171875 0.0230255126953125 -0.104026794433594
0.00681686401367187 0.0407180786132813 -0.0219955444335938 -0.120956420898438
0.00592803955078125 0.0385398864746094 -0.07135009765625 -0.0926513671875
-0.00374984741210938 0.0373725891113281 -0.0710906982421875 -0.0602340698242188
-0.00793838500976563 0.0359725952148438 -0.0636253356933594 -0.0323371887207031
-0.0186901092529297 0.0203075408935547 -0.0558738708496094 -0.0189552307128906
-0.0281562805175781 0.0108604431152344 -0.0559310913085937 0.00772857666015624
-0.0386962890625 0.00133895874023438 -0.0677337646484375 0.0266304016113281
-0.0454826354980469 -0.0306816101074219 -0.0838775634765625 0.0336074829101562
-0.0374755859375 -0.0602493286132813 -0.103836059570313 0.0711517333984375
-0.004913330078125 -0.096099853515625 -0.083892822265625 0.07244873046875
0.0396041870117188 -0.0896682739257813 -0.180908203125 -0.0617828369140625
-0.0197277069091797 -0.0345268249511719 -0.060760498046875 -0.0219764709472656
-0.0242290496826172 0.000436782836914065 0.0314407348632813 -0.0522804260253906
-0.00768280029296875 0.0232162475585938 0.0407333374023438 -0.094970703125
0.00645160675048828 0.0113334655761719 0.0220413208007812 -0.114692687988281
0.00322818756103516 0.00515842437744141 -0.0250396728515625 -0.129318237304688
-0.0139808654785156 0.00710582733154297 -0.0711288452148437 -0.101119995117188
-0.0244598388671875 0.00519180297851562 -0.0664482116699219 -0.0665435791015625
-0.0365829467773438 0.00639343261718749 -0.0600395202636719 -0.0383453369140625
-0.0389785766601563 -0.0133094787597656 -0.0510711669921875 -0.01800537109375
-0.0356521606445313 -0.034881591796875 -0.0523414611816406 0.00924682617187499
-0.0276565551757813 -0.049560546875 -0.0698699951171875 0.0187492370605469
0.0026397705078125 -0.0675277709960938 -0.077850341796875 0.0134124755859375
0.0156631469726562 -0.0823287963867188 -0.0891036987304688 0.0429534912109375
0.0568008422851563 -0.103141784667969 -0.0624542236328125 0.0436477661132813
0.0990447998046875 -0.0736160278320313 -0.1514892578125 -0.089996337890625
0.0400772094726563 -0.0330162048339844 -0.0368385314941406 -0.0457763671875
0.0338516235351563 -0.0248756408691406 0.0511398315429688 -0.0711746215820313
0.0243930816650391 -0.0149040222167969 0.0464096069335937 -0.113143920898438
0.0237770080566406 -0.029144287109375 0.02203369140625 -0.121513366699219
-0.00177955627441407 -0.0339450836181641 -0.0270843505859375 -0.126976013183594
-0.0330810546875 -0.0264129638671875 -0.0631942749023438 -0.0961380004882813
-0.0417137145996094 -0.0276565551757813 -0.0513801574707031 -0.0630722045898438
-0.0596122741699219 -0.0233955383300781 -0.0450172424316406 -0.0360832214355469
-0.0539779663085938 -0.0417976379394531 -0.0368309020996094 -0.00913238525390625
-0.0409507751464844 -0.0702285766601563 -0.0420799255371094 0.0176162719726562
-0.0204238891601562 -0.0879745483398437 -0.0681495666503906 0.0179214477539062
0.0395050048828125 -0.0962905883789063 -0.0731430053710938 -0.00253295898437501
0.0600357055664063 -0.094818115234375 -0.0707778930664063 0.00934600830078126
0.108238220214844 -0.0970001220703125 -0.0246448516845703 0.0127887725830078
0.14471435546875 -0.0473175048828125 -0.104484558105469 -0.109909057617187
0.0974655151367188 -0.0262832641601563 -0.00131988525390624 -0.0635261535644531
0.0928573608398438 -0.0525054931640625 0.0739517211914063 -0.0825881958007812
0.054931640625 -0.0584678649902344 0.0544509887695313 -0.121086120605469
0.0363388061523438 -0.072479248046875 0.0237274169921875 -0.116752624511719
-0.00981140136718749 -0.07049560546875 -0.0237808227539063 -0.1114501953125
-0.0488700866699219 -0.0559844970703125 -0.047607421875 -0.0802001953125
-0.0532951354980469 -0.0565338134765625 -0.0282325744628906 -0.049835205078125
-0.073394775390625 -0.0498504638671875 -0.0230255126953125 -0.0259933471679688
-0.0582008361816406 -0.063812255859375 -0.0180149078369141 0.00553894042968749
-0.037841796875 -0.09417724609375 -0.0293331146240234 0.0291919708251953
-0.0095062255859375 -0.110305786132813 -0.0633583068847656 0.0201911926269531
0.0699844360351563 -0.108283996582031 -0.0686111450195313 -0.0150566101074219
0.0956802368164063 -0.091796875 -0.0504226684570312 -0.0244102478027344
0.14288330078125 -0.0754547119140625 0.0225410461425781 -0.0144824981689453
0.165679931640625 -0.0169677734375 -0.0470809936523437 -0.11944580078125
0.137420654296875 -0.0143585205078125 0.040252685546875 -0.078460693359375
0.137016296386719 -0.0699462890625 0.0914306640625 -0.0879669189453125
0.0764999389648438 -0.093231201171875 0.0612945556640625 -0.114822387695313
0.0421524047851563 -0.104080200195313 0.0293807983398437 -0.0982894897460938
-0.0175094604492187 -0.0963897705078125 -0.0133819580078125 -0.0844345092773438
-0.0583572387695312 -0.0765914916992188 -0.0221786499023438 -0.0552749633789063
-0.0561904907226562 -0.0766448974609375 -0.00193595886230469 -0.0298995971679688
-0.0737533569335938 -0.0706329345703125 0.00214433670043945 -0.00821399688720703
-0.0494155883789063 -0.0782241821289063 -0.000570297241210939 0.0256462097167969
-0.0231094360351563 -0.106269836425781 -0.0188941955566406 0.0421333312988281
0.00962829589843751 -0.117118835449219 -0.0574264526367188 0.0234146118164063
0.0973663330078125 -0.101234436035156 -0.0614051818847656 -0.0233612060546875
0.122688293457031 -0.07012939453125 -0.0268020629882812 -0.0508651733398438
0.1595458984375 -0.038665771484375 0.07330322265625 -0.031890869140625
0.157669067382813 0.0141448974609375 0.00950622558593752 -0.120651245117187
0.1492919921875 0.0013580322265625 0.0774383544921875 -0.0899124145507813
0.152786254882813 -0.0706634521484375 0.0984649658203125 -0.0861892700195313
0.082855224609375 -0.104698181152344 0.063629150390625 -0.09698486328125
0.04150390625 -0.113670349121094 0.0352821350097656 -0.0697288513183594
-0.020782470703125 -0.103408813476563 0.00410842895507813 -0.0499305725097656
-0.058197021484375 -0.083343505859375 0.00722312927246093 -0.0270309448242188
-0.0522613525390625 -0.0852737426757813 0.0241336822509766 -0.00574302673339844
-0.0645523071289063 -0.0818634033203125 0.0250015258789063 0.0160465240478516
-0.03460693359375 -0.085113525390625 0.0120201110839844 0.0505409240722656
-0.00315093994140624 -0.106338500976563 -0.0130081176757812 0.0577774047851562
0.0322799682617187 -0.10992431640625 -0.0515937805175781 0.0283126831054687
0.118217468261719 -0.0785064697265625 -0.0504798889160156 -0.0246353149414062
0.138565063476563 -0.035308837890625 0.00158691406250001 -0.063323974609375
0.155776977539063 0.0049896240234375 0.122108459472656 -0.0340805053710938
0.122383117675781 0.0423660278320312 0.05316162109375 -0.113075256347656
0.131309509277344 0.0185317993164063 0.101448059082031 -0.0958404541015625
0.136299133300781 -0.0535430908203125 0.0941848754882813 -0.0765380859375
0.0717926025390625 -0.0894699096679688 0.0637893676757813 -0.0716552734375
0.03662109375 -0.0951309204101563 0.0414505004882813 -0.0391464233398438
-0.015411376953125 -0.0904388427734375 0.0246429443359375 -0.0185432434082031
-0.0467681884765625 -0.0770187377929688 0.0353202819824219 -0.000785827636718755
-0.0403671264648438 -0.0804672241210938 0.0468177795410156 0.0181922912597656
-0.0490951538085938 -0.0813369750976563 0.04315185546875 0.0445289611816406
-0.01947021484375 -0.0801620483398438 0.0182571411132812 0.076873779296875
0.0127944946289062 -0.0957489013671875 -0.0130386352539062 0.0743637084960937
0.0466690063476563 -0.0920486450195313 -0.0448074340820312 0.0365066528320312
0.124244689941406 -0.0499420166015625 -0.0355072021484375 -0.0160942077636719
0.137260437011719 0.002685546875 0.0306549072265625 -0.0574150085449219
0.130615234375 0.0462417602539063 0.1617431640625 -0.019012451171875
0.0683135986328125 0.0667877197265625 0.0770416259765625 -0.0980148315429688
0.0899200439453125 0.0386810302734375 0.109024047851563 -0.0905685424804688
0.0958709716796875 -0.019500732421875 0.0838775634765625 -0.0595703125
0.0515289306640625 -0.0508956909179688 0.0644645690917969 -0.0461769104003906
0.0321578979492187 -0.0554313659667969 0.0471305847167969 -0.0157203674316406
-0.0010986328125 -0.0617332458496094 0.0414276123046875 0.00363922119140625
-0.0256233215332031 -0.0601463317871094 0.0566940307617188 0.0193405151367188
-0.0235595703125 -0.0632057189941406 0.0616340637207031 0.0400123596191406
-0.0304718017578125 -0.0679779052734375 0.0550308227539063 0.0704574584960938
-0.00980377197265625 -0.0641365051269531 0.020111083984375 0.101211547851563
0.0167160034179687 -0.0751724243164063 -0.01373291015625 0.0899505615234375
0.0455780029296875 -0.0709152221679688 -0.0381546020507813 0.0497512817382812
0.110649108886719 -0.0254974365234375 -0.023162841796875 0.00269889831542968
0.115882873535156 0.0326309204101563 0.0534629821777344 -0.0331993103027344
0.0873947143554687 0.0764083862304687 0.187164306640625 0.0110321044921875
-0.0295257568359375 -0.0936203002929688 -0.197540283203125 -0.021728515625
-0.0735015869140625 -0.0259323120117187 -0.0682868957519531 0.00988006591796875
-0.071746826171875 0.0258560180664063 0.0241775512695312 -0.0299854278564453
-0.0317268371582031 0.0545578002929687 0.0433883666992187 -0.079559326171875
-0.0080718994140625 0.0456619262695313 0.0233840942382813 -0.110649108886719
0.00890350341796875 0.0393638610839844 -0.0251846313476562 -0.127944946289063
0.00728988647460937 0.0366096496582031 -0.076812744140625 -0.096038818359375
-0.00242233276367188 0.0370292663574219 -0.0767898559570312 -0.0618667602539063
-0.00654220581054687 0.0354690551757812 -0.069000244140625 -0.0326499938964844
-0.0179061889648438 0.0193462371826172 -0.0605010986328125 -0.0190963745117187
-0.026580810546875 0.0111408233642578 -0.0602226257324219 0.00945663452148438
-0.0377311706542969 0.00337982177734375 -0.0721206665039063 0.0290069580078125
-0.0470352172851562 -0.0278778076171875 -0.0887298583984375 0.0347137451171875
-0.0405654907226563 -0.05877685546875 -0.10833740234375 0.0755233764648438
-0.01019287109375 -0.0974044799804688 -0.0882110595703125 0.0760269165039062
0.0374298095703125 -0.0912857055664063 -0.190200805664062 -0.057464599609375
-0.0201511383056641 -0.0321464538574219 -0.0619544982910156 -0.0191841125488281
-0.0228824615478516 0.00356864929199218 0.033111572265625 -0.0541496276855469
-0.00330734252929687 0.0252323150634766 0.0416259765625 -0.0997161865234375
0.0101613998413086 0.0104875564575195 0.0217742919921875 -0.120872497558594
0.00534248352050781 0.00257539749145508 -0.02911376953125 -0.135459899902344
-0.0136547088623047 0.00475025177001953 -0.076934814453125 -0.103607177734375
-0.0243492126464844 0.00412178039550781 -0.0716934204101563 -0.0678024291992188
-0.0373992919921875 0.00525283813476562 -0.0655288696289063 -0.0384368896484375
-0.0399894714355469 -0.01507568359375 -0.0558662414550781 -0.0174751281738281
-0.0358352661132813 -0.0360603332519531 -0.0568580627441406 0.0118064880371094
-0.0279579162597656 -0.0499382019042969 -0.0753326416015625 0.021636962890625
0.00201034545898437 -0.0680809020996094 -0.084075927734375 0.0153427124023437
0.01446533203125 -0.0831375122070313 -0.0951004028320313 0.04638671875
0.0556793212890625 -0.106788635253906 -0.0670166015625 0.0463218688964844
0.101203918457031 -0.0763626098632813 -0.160797119140625 -0.08624267578125
0.0424880981445312 -0.0317878723144531 -0.0379791259765625 -0.0434150695800781
0.0376319885253906 -0.0247993469238281 0.0528564453125 -0.074432373046875
0.0290069580078125 -0.0157508850097656 0.0463409423828125 -0.116897583007812
0.0270156860351562 -0.0324211120605469 0.0210494995117188 -0.126953125
-0.001312255859375 -0.0379791259765625 -0.0307083129882813 -0.131065368652344
-0.0343093872070312 -0.0292453765869141 -0.0689849853515625 -0.0989456176757813
-0.0436859130859375 -0.0305900573730469 -0.0563583374023438 -0.0637130737304687
-0.0625686645507813 -0.0248947143554688 -0.0498924255371094 -0.0357627868652344
-0.0560455322265625 -0.0443077087402344 -0.0407600402832031 -0.00753021240234375
-0.042572021484375 -0.0734481811523438 -0.0460319519042969 0.0209922790527344
-0.02166748046875 -0.0913009643554688 -0.0739364624023438 0.0222930908203125
0.0403976440429688 -0.0997161865234375 -0.0803146362304688 -0.000617980957031243
0.0613479614257813 -0.0977859497070313 -0.0768966674804687 0.0117034912109375
0.110610961914063 -0.102005004882813 -0.0288562774658203 0.01409912109375
0.1502685546875 -0.0513458251953125 -0.112037658691406 -0.107223510742188
0.102973937988281 -0.027069091796875 -0.00212097167968749 -0.0618133544921875
0.0983657836914063 -0.0553512573242188 0.0767974853515625 -0.0874176025390625
0.0590782165527344 -0.0622138977050781 0.0541305541992188 -0.125869750976563
0.0379486083984375 -0.0777816772460938 0.0235443115234375 -0.121376037597656
-0.0106964111328125 -0.0757064819335938 -0.027496337890625 -0.11431884765625
-0.0513801574707031 -0.0588722229003906 -0.0519180297851563 -0.0816650390625
-0.0566062927246094 -0.0597953796386719 -0.0319061279296875 -0.0502700805664063
-0.07684326171875 -0.0517425537109375 -0.0260982513427734 -0.024566650390625
-0.0613212585449219 -0.0669097900390625 -0.0200176239013672 0.00825691223144531
-0.04052734375 -0.0985260009765625 -0.0324440002441406 0.0332698822021484
-0.0114822387695313 -0.115631103515625 -0.0691299438476563 0.0257835388183594
0.0724029541015625 -0.114738464355469 -0.0758132934570313 -0.0129547119140625
0.099151611328125 -0.0963973999023438 -0.0567741394042969 -0.0233879089355469
0.148956298828125 -0.081085205078125 0.0202350616455078 -0.0151767730712891
0.174179077148438 -0.0209808349609375 -0.0525360107421875 -0.11767578125
0.145477294921875 -0.016937255859375 0.0407638549804688 -0.0776443481445313
0.143341064453125 -0.0767669677734375 0.094757080078125 -0.0931549072265625
0.0795211791992188 -0.0988082885742188 0.0616989135742187 -0.119674682617188
0.0421066284179688 -0.11114501953125 0.0288314819335938 -0.102088928222656
-0.01983642578125 -0.101387023925781 -0.0150070190429688 -0.0848236083984375
-0.0619583129882812 -0.0789947509765625 -0.0251083374023438 -0.0550384521484375
-0.0601043701171875 -0.0800552368164062 -0.00362968444824219 -0.0301170349121094
-0.0785675048828125 -0.072723388671875 0.00125074386596679 -0.00626802444458008
-0.0526809692382812 -0.0816116333007813 -0.000627517700195316 0.0294265747070312
-0.0261001586914063 -0.11102294921875 -0.0203170776367187 0.0474166870117187
0.00810241699218751 -0.123504638671875 -0.0632133483886719 0.0289154052734375
0.100311279296875 -0.108299255371094 -0.0681800842285156 -0.0206832885742187
0.127891540527344 -0.0756149291992188 -0.0328140258789062 -0.0512657165527344
0.167999267578125 -0.0445098876953125 0.0731353759765625 -0.0345916748046875
0.16668701171875 0.0108795166015625 0.00700378417968751 -0.120330810546875
0.158218383789063 -0.00225830078125 0.079010009765625 -0.090301513671875
0.158187866210938 -0.079925537109375 0.102439880371094 -0.09100341796875
0.083831787109375 -0.111679077148438 0.06494140625 -0.101219177246094
0.0403213500976563 -0.120376586914062 0.035736083984375 -0.0727157592773438
-0.0238265991210938 -0.106948852539062 0.00378799438476562 -0.0497474670410156
-0.0619430541992187 -0.0853424072265625 0.00668525695800781 -0.0261363983154297
-0.056793212890625 -0.087310791015625 0.0248527526855469 -0.00560760498046876
-0.0698318481445312 -0.083282470703125 0.0262165069580078 0.0189590454101562
-0.0374526977539063 -0.0880355834960937 0.0130462646484375 0.055145263671875
-0.00596618652343751 -0.111007690429687 -0.0138893127441406 0.0637245178222656
0.0303497314453125 -0.115684509277344 -0.0557594299316406 0.0337257385253906
0.122222900390625 -0.0853958129882813 -0.056640625 -0.0231094360351563
0.144668579101563 -0.0406341552734375 -0.00334548950195311 -0.0650901794433594
0.164840698242188 0.0008087158203125 0.123672485351563 -0.0378952026367188
0.131446838378906 0.0390167236328125 0.053192138671875 -0.114891052246094
0.139488220214844 0.0151901245117188 0.10369873046875 -0.0977325439453125
0.140548706054687 -0.0622634887695312 0.0981369018554688 -0.0809402465820313
0.0718917846679688 -0.0959625244140625 0.0655975341796875 -0.07501220703125
0.0340499877929688 -0.101715087890625 0.0432701110839844 -0.0411758422851563
-0.0192031860351562 -0.0927963256835938 0.0258331298828125 -0.0172386169433594
-0.0507965087890625 -0.0776519775390625 0.0369720458984375 -0.00032424926757813
-0.0444564819335937 -0.0814590454101563 0.0489425659179688 0.0193214416503906
-0.0537261962890625 -0.0820236206054688 0.0464096069335938 0.0472488403320312
-0.021575927734375 -0.0820388793945313 0.0205612182617188 0.083465576171875
0.010223388671875 -0.0980987548828125 -0.0133590698242187 0.080810546875
0.0454940795898437 -0.0976791381835938 -0.0483551025390625 0.041839599609375
0.128105163574219 -0.0566787719726562 -0.0411415100097656 -0.0147933959960938
0.143783569335938 -0.00177001953125 0.0275688171386719 -0.0595512390136719
0.139900207519531 0.04327392578125 0.166900634765625 -0.023468017578125
0.0748214721679688 0.0648422241210938 0.079742431640625 -0.100563049316406
0.0961380004882813 0.0352325439453125 0.113189697265625 -0.0938262939453125
0.0988693237304688 -0.0264968872070313 0.087554931640625 -0.0629501342773438
0.0503311157226562 -0.055389404296875 0.0674018859863281 -0.0491714477539063
0.0296134948730469 -0.0589256286621094 0.0503692626953125 -0.0168495178222656
-0.00388717651367187 -0.0627899169921875 0.0444717407226563 0.00445938110351562
-0.0284080505371094 -0.0591392517089844 0.0600700378417969 0.0196914672851562
-0.0265884399414063 -0.0633049011230469 0.0654258728027344 0.0407295227050781
-0.034393310546875 -0.0679359436035156 0.0601272583007812 0.0743179321289063
-0.0122528076171875 -0.065460205078125 0.022979736328125 0.107948303222656
0.0137100219726562 -0.0768280029296875 -0.0142440795898437 0.0966796875
0.0438919067382813 -0.0744476318359375 -0.0413818359375 0.054534912109375
0.113548278808594 -0.0318222045898438 -0.0268459320068359 0.00369834899902344
0.121688842773437 0.0291824340820312 0.0522727966308594 -0.0360641479492188
0.0945968627929688 0.0756683349609375 0.194488525390625 0.0062255859375
-0.036468505859375 -0.092071533203125 -0.204299926757813 -0.01214599609375
-0.0760574340820313 -0.020355224609375 -0.06781005859375 0.0141143798828125
-0.070037841796875 0.0322914123535156 0.0258121490478516 -0.0318279266357422
-0.0269622802734375 0.0578575134277344 0.0427780151367187 -0.0840530395507813
-0.0035247802734375 0.0462303161621094 0.0204849243164063 -0.116996765136719
0.0121955871582031 0.0369758605957031 -0.0318984985351562 -0.133781433105469
0.00954818725585938 0.0344867706298828 -0.0846939086914062 -0.0969467163085938
-0.000144958496093754 0.0362052917480469 -0.083251953125 -0.0601806640625
-0.00457572937011719 0.0351047515869141 -0.0745773315429688 -0.03125
-0.016937255859375 0.0193386077880859 -0.0657997131347656 -0.0171546936035156
-0.0249118804931641 0.0115261077880859 -0.0637016296386719 0.012939453125
-0.036773681640625 0.00648498535156251 -0.075439453125 0.0329666137695313
-0.0487098693847656 -0.0237388610839844 -0.09295654296875 0.0383377075195313
-0.0443267822265625 -0.0556564331054688 -0.110794067382813 0.0814971923828125
-0.0170364379882813 -0.0972900390625 -0.0904541015625 0.080413818359375
0.0336685180664062 -0.092376708984375 -0.198760986328125 -0.0478363037109375
-0.0206317901611328 -0.0287666320800781 -0.0632781982421875 -0.0150184631347656
-0.019775390625 0.00644111633300781 0.0330963134765625 -0.0570220947265625
0.00210762023925781 0.0262069702148438 0.0401535034179687 -0.104354858398438
0.0143089294433594 0.00808238983154297 0.0186691284179688 -0.126083374023438
0.00669384002685547 -0.000688076019287109 -0.0353927612304687 -0.140190124511719
-0.0137748718261719 0.00279521942138672 -0.0856246948242188 -0.103782653808594
-0.0249843597412109 0.00224113464355469 -0.078704833984375 -0.0659027099609375
-0.0382652282714844 0.00467681884765624 -0.0717926025390625 -0.0356903076171875
-0.0413780212402344 -0.016143798828125 -0.0607719421386719 -0.0146369934082031
-0.0367355346679687 -0.03778076171875 -0.0602798461914063 0.01593017578125
-0.029388427734375 -0.0498199462890625 -0.0798110961914063 0.0269927978515625
-0.000205993652343746 -0.0687522888183594 -0.08929443359375 0.0188827514648437
0.0120773315429687 -0.0838394165039063 -0.0988845825195313 0.0525665283203125
0.0514450073242187 -0.110549926757813 -0.0708999633789063 0.0505447387695312
0.101325988769531 -0.0803451538085938 -0.170028686523438 -0.0782623291015625
0.0448684692382812 -0.0316925048828125 -0.0401115417480469 -0.0395660400390625
0.041015625 -0.0257377624511719 0.0524749755859375 -0.0779876708984375
0.0332546234130859 -0.0175895690917969 0.0439453125 -0.122184753417969
0.0287399291992188 -0.0369796752929688 0.0172653198242188 -0.131500244140625
-0.00172805786132813 -0.0419921875 -0.0375823974609375 -0.134635925292969
-0.0366325378417969 -0.0314559936523438 -0.0762786865234375 -0.0981369018554688
-0.0460624694824219 -0.0317840576171875 -0.0622825622558594 -0.0626373291015625
-0.0654067993164063 -0.0244026184082031 -0.0550918579101563 -0.0329818725585938
-0.059539794921875 -0.0453605651855469 -0.0440673828125 -0.00415420532226563
-0.0462188720703125 -0.07568359375 -0.0484237670898438 0.0257759094238281
-0.0250778198242188 -0.09368896484375 -0.0786285400390625 0.0281829833984375
0.0390243530273437 -0.103630065917969 -0.0867919921875 0.00325775146484375
0.060028076171875 -0.101470947265625 -0.0826950073242187 0.0164566040039062
0.109474182128906 -0.108634948730469 -0.0327739715576172 0.0163707733154297
0.153701782226563 -0.0579071044921875 -0.121635437011719 -0.100234985351563
0.107460021972656 -0.0305633544921875 -0.00308990478515625 -0.0592575073242188
0.101814270019531 -0.0616378784179688 0.0755844116210938 -0.0930252075195313
0.0611000061035156 -0.0671310424804688 0.0514297485351563 -0.131217956542969
0.0377120971679687 -0.0842437744140625 0.0191574096679687 -0.125350952148438
-0.0132827758789062 -0.0797882080078125 -0.0330963134765625 -0.1156005859375
-0.0557403564453125 -0.0606346130371094 -0.0575790405273437 -0.0805206298828125
-0.061370849609375 -0.0611572265625 -0.0363349914550781 -0.0497093200683594
-0.0821685791015625 -0.05072021484375 -0.0289707183837891 -0.0223960876464844
-0.0659980773925781 -0.0677986145019531 -0.0218677520751953 0.0117206573486328
-0.0453567504882812 -0.100875854492188 -0.0331611633300781 0.0378761291503906
-0.0164108276367188 -0.120048522949219 -0.0740509033203125 0.0322799682617188
0.0707778930664063 -0.1212158203125 -0.0828857421875 -0.00842285156249999
0.09954833984375 -0.102882385253906 -0.0635528564453125 -0.019866943359375
0.1513671875 -0.0896148681640625 0.0166025161743164 -0.0159397125244141
0.180679321289063 -0.0293121337890625 -0.05975341796875 -0.11419677734375
0.1519775390625 -0.0229339599609375 0.0397109985351563 -0.07733154296875
0.145950317382813 -0.086700439453125 0.0946044921875 -0.0995407104492188
0.079071044921875 -0.106132507324219 0.0591506958007813 -0.124786376953125
0.0389556884765625 -0.118812561035156 0.0257034301757813 -0.105422973632813
-0.0241165161132812 -0.10528564453125 -0.0189971923828125 -0.0850143432617188
-0.0674591064453125 -0.0797271728515625 -0.0283470153808594 -0.0541610717773438
-0.0669479370117187 -0.0809097290039063 -0.00576400756835938 -0.0295162200927734
-0.08514404296875 -0.0717544555664063 0.000275611877441401 -0.00368833541870118
-0.0583877563476563 -0.0835723876953125 -0.000305175781250004 0.0332145690917969
-0.031585693359375 -0.114082336425781 -0.02032470703125 0.0527420043945312
0.0025177001953125 -0.128631591796875 -0.0664520263671875 0.0362434387207031
0.1002197265625 -0.117172241210938 -0.0749359130859375 -0.0164031982421875
0.1304931640625 -0.0835494995117188 -0.0399665832519531 -0.0500564575195313
0.173782348632813 -0.0536041259765625 0.070831298828125 -0.0383224487304688
0.17498779296875 0.0017547607421875 0.00204467773437501 -0.119140625
0.166366577148437 -0.0102691650390625 0.0788040161132813 -0.0921783447265625
0.160842895507813 -0.0919036865234375 0.10211181640625 -0.0984268188476563
0.0816116333007813 -0.119979858398438 0.0629653930664063 -0.1060791015625
0.0346298217773437 -0.127822875976563 0.0344161987304688 -0.0752639770507813
-0.0296096801757813 -0.109970092773437 0.00268173217773437 -0.0491523742675781
-0.0680389404296875 -0.0847091674804688 0.00625228881835937 -0.0257434844970703
-0.0637130737304688 -0.0879592895507813 0.0250263214111328 -0.00598907470703126
-0.0766983032226562 -0.0820465087890625 0.0283184051513672 0.0211353302001953
-0.0424880981445312 -0.0894622802734375 0.0161628723144531 0.0595893859863281
-0.0113983154296875 -0.114578247070313 -0.0128059387207031 0.0692672729492187
0.0260086059570313 -0.122116088867188 -0.0589599609375 0.0407829284667969
0.123847961425781 -0.095733642578125 -0.0625724792480469 -0.0187530517578125
0.149398803710938 -0.04925537109375 -0.0101776123046875 -0.0654830932617188
0.172897338867188 -0.0078277587890625 0.1241455078125 -0.0443115234375
0.1397705078125 0.0320358276367187 0.0509490966796875 -0.116371154785156
0.1468505859375 0.0067596435546875 0.103935241699219 -0.101188659667969
0.142486572265625 -0.0738525390625 0.098114013671875 -0.0882186889648438
0.0691909790039063 -0.103378295898438 0.0655746459960938 -0.0797348022460938
0.0291213989257812 -0.106834411621094 0.0437698364257813 -0.0439643859863281
-0.0250015258789063 -0.09423828125 0.0274734497070313 -0.0170154571533203
-0.0560684204101563 -0.0761489868164062 0.0392303466796875 -0.000305175781250005
-0.0511550903320313 -0.081298828125 0.0515289306640625 0.0185432434082031
-0.060150146484375 -0.0805892944335938 0.050750732421875 0.0488014221191406
-0.0262603759765625 -0.0830917358398438 0.0254287719726562 0.0878829956054688
0.00473022460937501 -0.101875305175781 -0.010986328125 0.0870132446289063
0.0411911010742188 -0.102806091308594 -0.0508804321289063 0.0480003356933594
0.130050659179688 -0.0661392211914063 -0.0454673767089844 -0.0120925903320312
0.14892578125 -0.0100250244140625 0.0231399536132813 -0.0620803833007812
0.148941040039063 0.0369415283203125 0.169723510742187 -0.0318450927734375
0.0828933715820313 0.0602798461914062 0.0797805786132813 -0.104454040527344
0.102561950683594 0.02972412109375 0.113655090332031 -0.099151611328125
0.0998611450195313 -0.0350723266601563 0.0901565551757813 -0.0690231323242188
0.047637939453125 -0.0601844787597656 0.069244384765625 -0.0535392761230469
0.0261001586914062 -0.0625686645507813 0.0519828796386719 -0.0193710327148438
-0.00788116455078126 -0.0635643005371094 0.0473823547363281 0.00428390502929687
-0.0316505432128906 -0.0572776794433594 0.0640945434570313 0.0187263488769531
-0.031219482421875 -0.0624580383300781 0.0700416564941406 0.0393104553222656
-0.0392723083496094 -0.0660209655761719 0.0661468505859375 0.0753250122070313
-0.0154685974121094 -0.0647125244140625 0.0293502807617188 0.113616943359375
0.00904846191406249 -0.07904052734375 -0.0115890502929687 0.103012084960938
0.0400390625 -0.0785751342773438 -0.0426712036132812 0.0603675842285156
0.114852905273438 -0.0400543212890625 -0.0304374694824219 0.00583457946777344
0.127296447753906 0.0217056274414063 0.0499534606933594 -0.0401115417480469
0.103492736816406 0.0713119506835938 0.200454711914063 -0.0031890869140625
-0.0425872802734375 -0.0866622924804687 -0.2056884765625 -0.00154113769531251
-0.0762557983398438 -0.014678955078125 -0.066253662109375 0.0181655883789063
-0.0662117004394531 0.0375823974609375 0.0263786315917969 -0.0322837829589844
-0.0208816528320312 0.0591888427734375 0.0405731201171875 -0.08740234375
0.00118255615234375 0.0455780029296875 0.0159454345703125 -0.119850158691406
0.0143680572509766 0.0341396331787109 -0.0389480590820312 -0.135482788085937
0.0108966827392578 0.0313091278076172 -0.0912628173828125 -0.0942764282226563
0.00195693969726562 0.0341262817382813 -0.0872802734375 -0.0562744140625
-0.00288200378417968 0.0336055755615234 -0.0783462524414063 -0.0269622802734375
-0.0160007476806641 0.0183429718017578 -0.0689010620117188 -0.0140571594238281
-0.0229110717773438 0.0112514495849609 -0.0651702880859375 0.0173835754394531
-0.0338706970214844 0.00906181335449218 -0.076171875 0.036712646484375
-0.0494270324707031 -0.0191268920898438 -0.094818115234375 0.04168701171875
-0.047271728515625 -0.0512771606445313 -0.110008239746094 0.087493896484375
-0.0233840942382813 -0.0941238403320313 -0.0897979736328125 0.0848464965820312
0.0282669067382813 -0.0916519165039063 -0.202285766601563 -0.03546142578125
-0.0201568603515625 -0.025390625 -0.0623550415039063 -0.0106430053710937
-0.0158100128173828 0.00919151306152344 0.0320320129394531 -0.0582084655761719
0.00722122192382813 0.0254688262939453 0.0365982055664062 -0.1070556640625
0.01715087890625 0.00581550598144531 0.013671875 -0.128593444824219
0.00741815567016602 -0.00408220291137695 -0.0428314208984375 -0.14068603515625
-0.013514518737793 0.000172615051269533 -0.0919418334960938 -0.100967407226563
-0.0249710083007813 0.00136756896972657 -0.0836639404296875 -0.0620880126953125
-0.0378608703613281 0.00533676147460937 -0.0760269165039063 -0.0313034057617187
-0.0425148010253906 -0.0161819458007812 -0.0642547607421875 -0.0110054016113281
-0.0375022888183594 -0.0379486083984375 -0.0618171691894531 0.0205039978027344
-0.0303153991699219 -0.0490798950195313 -0.0812530517578125 0.0320968627929688
-0.0017852783203125 -0.0675315856933594 -0.0927276611328125 0.022979736328125
0.00886535644531249 -0.0822296142578125 -0.0997238159179688 0.0581588745117188
0.0457992553710938 -0.111846923828125 -0.0719528198242187 0.0543060302734375
0.098114013671875 -0.0838699340820313 -0.1749267578125 -0.06622314453125
0.0460548400878906 -0.0315055847167969 -0.0402183532714844 -0.0350914001464844
0.0432815551757813 -0.0270805358886719 0.0501480102539063 -0.0805816650390625
0.0363960266113281 -0.0194511413574219 0.0395965576171875 -0.124641418457031
0.0295181274414063 -0.0411567687988281 0.0121688842773438 -0.133201599121094
-0.00293350219726562 -0.0451698303222656 -0.0440750122070313 -0.133712768554688
-0.0382003784179687 -0.0324745178222656 -0.0825042724609375 -0.0943679809570313
-0.0485649108886719 -0.0317192077636719 -0.0670166015625 -0.0587387084960938
-0.0678939819335938 -0.0230827331542969 -0.05828857421875 -0.0285224914550781
-0.0618019104003906 -0.0450973510742187 -0.0467262268066406 -0.00082015991210938
-0.048980712890625 -0.0758895874023438 -0.0494804382324219 0.0303993225097656
-0.028778076171875 -0.09381103515625 -0.0808486938476563 0.0350112915039062
0.035858154296875 -0.106277465820313 -0.0910797119140625 0.00820922851562501
0.0569000244140625 -0.103713989257812 -0.0853652954101562 0.021881103515625
0.104965209960938 -0.113861083984375 -0.035430908203125 0.0184326171875
0.152862548828125 -0.06524658203125 -0.126937866210938 -0.0898818969726562
0.109672546386719 -0.0338973999023438 -0.00462722778320312 -0.0552406311035156
0.101699829101563 -0.0671463012695313 0.0727386474609375 -0.0967025756835938
0.061798095703125 -0.0711898803710938 0.0462493896484375 -0.133438110351563
0.03509521484375 -0.0884246826171875 0.0145416259765625 -0.12664794921875
-0.0166397094726563 -0.081817626953125 -0.0381622314453125 -0.113929748535156
-0.0590248107910156 -0.0597381591796875 -0.0616989135742188 -0.0768280029296875
-0.0655708312988281 -0.0602645874023438 -0.040252685546875 -0.0467910766601563
-0.0858078002929688 -0.0479278564453125 -0.0313186645507813 -0.0189685821533203
-0.0690269470214844 -0.0668716430664063 -0.0226268768310547 0.0148639678955078
-0.0499725341796875 -0.101249694824219 -0.0333518981933594 0.0426750183105469
-0.0212631225585937 -0.120368957519531 -0.0753555297851563 0.0395965576171875
0.0675735473632812 -0.126823425292969 -0.0872879028320312 -0.00274658203125001
0.0966720581054688 -0.107833862304688 -0.0686149597167969 -0.0152587890625
0.149078369140625 -0.0978851318359375 0.0123767852783203 -0.0159025192260742
0.1822509765625 -0.0390167236328125 -0.066009521484375 -0.106544494628906
0.1544189453125 -0.03021240234375 0.0378265380859375 -0.0752105712890625
0.144561767578125 -0.09576416015625 0.090179443359375 -0.104774475097656
0.0762100219726563 -0.111564636230469 0.0539474487304688 -0.127410888671875
0.0335006713867188 -0.122611999511719 0.0221099853515625 -0.106597900390625
-0.0295639038085937 -0.105842590332031 -0.0225982666015625 -0.0833358764648438
-0.0720672607421875 -0.0776290893554688 -0.0310554504394531 -0.0513725280761719
-0.0726242065429687 -0.0791702270507813 -0.00767898559570313 -0.0281581878662109
-0.0903244018554687 -0.0684738159179688 0.000314235687255854 -0.00148570537567139
-0.0622100830078125 -0.0822830200195313 0.00105285644531249 0.0360221862792969
-0.037322998046875 -0.114738464355469 -0.0189208984375 0.0571174621582031
-0.00353240966796874 -0.130378723144531 -0.0678596496582031 0.0433807373046875
0.097259521484375 -0.124710083007813 -0.0799713134765625 -0.0113449096679688
0.128974914550781 -0.0909194946289063 -0.0453872680664062 -0.0466690063476563
0.17462158203125 -0.0633697509765625 0.0668678283691406 -0.0411224365234375
0.178878784179688 -0.00885009765625 -0.00329589843749999 -0.114761352539062
0.169357299804688 -0.0194091796875 0.0763778686523438 -0.0925064086914063
0.157791137695313 -0.103225708007813 0.097930908203125 -0.103408813476563
0.0767822265625 -0.125999450683594 0.0593032836914063 -0.1083984375
0.0278854370117188 -0.13153076171875 0.0318222045898438 -0.0763778686523438
-0.035369873046875 -0.109588623046875 0.00191879272460937 -0.0472259521484375
-0.0728988647460938 -0.081787109375 0.00498390197753906 -0.0244140625
-0.0695571899414063 -0.085601806640625 0.0247917175292969 -0.00598907470703126
-0.082061767578125 -0.07861328125 0.0303535461425781 0.0221290588378906
-0.0466842651367188 -0.0891265869140625 0.019805908203125 0.062347412109375
-0.0168685913085937 -0.114814758300781 -0.010345458984375 0.0741119384765625
0.0197219848632813 -0.124946594238281 -0.0595779418945313 0.0475425720214844
0.121337890625 -0.104362487792969 -0.0670166015625 -0.0142288208007813
0.148910522460938 -0.0577545166015625 -0.0158424377441406 -0.0644683837890625
0.176666259765625 -0.01806640625 0.120246887207031 -0.0506439208984375
0.1448974609375 0.0225982666015625 0.04754638671875 -0.115653991699219
0.150253295898438 -0.00213623046875 0.101707458496094 -0.103485107421875
0.139083862304688 -0.0847320556640625 0.0957565307617188 -0.0931015014648438
0.0636978149414063 -0.108383178710938 0.062744140625 -0.0823974609375
0.0220489501953125 -0.109832763671875 0.0428962707519531 -0.0452728271484375
-0.03057861328125 -0.093231201171875 0.0275592803955078 -0.0164299011230469
-0.0603408813476562 -0.0728530883789063 0.0403366088867187 -0.000122070312500004
-0.0561141967773438 -0.078643798828125 0.0526351928710937 0.0167579650878906
-0.0652847290039063 -0.0767745971679687 0.05419921875 0.0487022399902344
-0.0303421020507812 -0.081787109375 0.0310134887695313 0.0904617309570313
-0.000122070312499999 -0.10162353515625 -0.00812530517578125 0.0917510986328125
0.0356521606445313 -0.106033325195313 -0.0514678955078125 0.0546150207519531
0.127548217773438 -0.0753555297851563 -0.0492706298828125 -0.00836563110351564
0.150405883789063 -0.0192718505859375 0.0172653198242188 -0.062591552734375
0.154220581054688 0.02825927734375 0.167617797851563 -0.0408172607421875
0.0880889892578125 0.0542144775390625 0.07769775390625 -0.106178283691406
0.105331420898437 0.0221176147460937 0.111495971679688 -0.102706909179688
0.0972213745117188 -0.0432586669921875 0.0886611938476563 -0.0730514526367188
0.0433540344238281 -0.0630760192871094 0.0684661865234375 -0.0564651489257813
0.0207748413085937 -0.0637550354003906 0.0524978637695313 -0.021881103515625
-0.0122299194335937 -0.0623817443847656 0.0491943359375 0.00295639038085937
-0.0346908569335938 -0.0536117553710938 0.0662765502929688 0.0165138244628906
-0.0352134704589844 -0.0594863891601563 0.0724716186523438 0.036712646484375
-0.0435142517089844 -0.0621299743652344 0.071624755859375 0.073974609375
-0.0189476013183594 -0.0626106262207031 0.0357513427734375 0.115486145019531
0.0041656494140625 -0.07781982421875 -0.0078582763671875 0.107177734375
0.0343475341796875 -0.08056640625 -0.0425529479980469 0.0649528503417969
0.112800598144531 -0.0482559204101563 -0.0324859619140625 0.00798797607421875
0.1285400390625 0.0131759643554687 0.0460128784179688 -0.0425529479980469
0.108963012695312 0.064666748046875 0.200927734375 -0.0139923095703125
-0.0462417602539062 -0.0811080932617188 -0.204116821289063 0.00579833984374995
-0.074615478515625 -0.0100479125976562 -0.0635414123535156 0.0192604064941406
-0.06103515625 0.0402793884277344 0.0274372100830078 -0.0326423645019531
-0.0159416198730469 0.0584602355957031 0.0391006469726563 -0.0883865356445313
0.00410842895507812 0.0428810119628906 0.0137710571289062 -0.120643615722656
0.0149517059326172 0.0306129455566406 -0.0437393188476562 -0.135604858398438
0.0108089447021484 0.0289974212646484 -0.0948410034179688 -0.0922470092773438
0.0026397705078125 0.0324935913085938 -0.0895233154296875 -0.053558349609375
-0.00196075439453125 0.0322990417480469 -0.0805435180664063 -0.023956298828125
-0.0156040191650391 0.0170297622680664 -0.0711135864257813 -0.0117721557617188
-0.0213489532470703 0.0106201171875 -0.06597900390625 0.0191154479980469
-0.0316200256347656 0.0101051330566406 -0.0768051147460938 0.039093017578125
-0.0477981567382812 -0.0153961181640625 -0.0961227416992187 0.0433807373046875
-0.0479049682617188 -0.0472030639648438 -0.10919189453125 0.0896377563476563
-0.0271072387695312 -0.0901260375976563 -0.0900726318359375 0.0861663818359375
0.025054931640625 -0.0879592895507813 -0.201278686523437 -0.0269622802734375
-0.0182838439941406 -0.0217857360839844 -0.0607948303222656 -0.00802993774414063
-0.0118379592895508 0.0108003616333008 0.0318946838378906 -0.058074951171875
0.0112113952636719 0.0242500305175781 0.0349273681640625 -0.107063293457031
0.0192337036132813 0.00330734252929688 0.0118637084960938 -0.128684997558594
0.00701904296875 -0.00712871551513672 -0.0465011596679688 -0.139450073242188
-0.0143337249755859 -0.00175380706787109 -0.09521484375 -0.0972747802734375
-0.0252552032470703 -2.67028808593745E-05 -0.0855255126953125 -0.0584564208984375
-0.0378608703613281 0.005035400390625 -0.0776519775390625 -0.0270156860351562
-0.0424690246582031 -0.0167312622070313 -0.0661964416503906 -0.00837326049804689
-0.0373725891113281 -0.0380477905273438 -0.0619392395019531 0.0233573913574219
-0.0296134948730469 -0.0481758117675781 -0.0820770263671875 0.0359115600585938
-0.00180816650390625 -0.0660209655761719 -0.0948410034179688 0.0253677368164062
0.00780487060546874 -0.0801773071289063 -0.099700927734375 0.0609970092773437
0.0413284301757813 -0.110397338867188 -0.0735702514648438 0.056060791015625
0.0953903198242188 -0.0830078125 -0.175338745117187 -0.0563812255859375
0.0475120544433594 -0.0298957824707031 -0.0395278930664063 -0.0310897827148438
0.0457344055175781 -0.0277595520019531 0.0485763549804687 -0.080780029296875
0.0394363403320313 -0.0211753845214844 0.0372314453125 -0.124771118164063
0.0299644470214844 -0.0436897277832031 0.00993347167968749 -0.132095336914063
-0.0039215087890625 -0.0473594665527344 -0.0471725463867187 -0.131820678710938
-0.0394172668457031 -0.0333900451660156 -0.0851821899414062 -0.0908050537109375
-0.0504798889160156 -0.0322303771972656 -0.0694656372070313 -0.0553665161132812
-0.0688018798828125 -0.0223731994628906 -0.0600433349609375 -0.0244789123535156
-0.0628890991210938 -0.04461669921875 -0.0480690002441406 0.0019378662109375
-0.050506591796875 -0.0754165649414062 -0.0497169494628906 0.033050537109375
-0.03009033203125 -0.0926589965820313 -0.081329345703125 0.0393295288085938
0.0342864990234375 -0.106727600097656 -0.09368896484375 0.01129150390625
0.055328369140625 -0.103790283203125 -0.0872039794921875 0.0257720947265625
0.102157592773438 -0.115226745605469 -0.0383682250976562 0.0204315185546875
0.151016235351563 -0.0679168701171875 -0.127815246582031 -0.0809783935546875
0.110542297363281 -0.0350189208984375 -0.00381088256835937 -0.0517082214355469
0.10205078125 -0.0698013305664063 0.0693588256835938 -0.0973968505859375
0.0619735717773438 -0.0733642578125 0.043426513671875 -0.132797241210938
0.0331497192382812 -0.0909194946289063 0.0127105712890625 -0.125419616699219
-0.01849365234375 -0.082916259765625 -0.0405044555664063 -0.110984802246094
-0.0606040954589844 -0.0596733093261719 -0.0640640258789062 -0.0728912353515625
-0.0683670043945312 -0.0595130920410156 -0.0422477722167969 -0.0438079833984375
-0.08770751953125 -0.0461654663085938 -0.0326614379882813 -0.0152034759521484
-0.0702095031738281 -0.0663642883300781 -0.0230789184570313 0.0175495147705078
-0.05267333984375 -0.100753784179688 -0.0332412719726563 0.0456352233886719
-0.0240249633789063 -0.120407104492188 -0.0756912231445313 0.0441055297851562
0.0650634765625 -0.129119873046875 -0.090545654296875 0.000999450683593761
0.0948410034179688 -0.109718322753906 -0.0717086791992187 -0.0110321044921875
0.146942138671875 -0.102691650390625 0.00874423980712891 -0.0152015686035156
0.181442260742188 -0.044036865234375 -0.0672683715820312 -0.0985794067382813
0.155364990234375 -0.0340118408203125 0.0377273559570313 -0.0716705322265625
0.142669677734375 -0.100921630859375 0.0867843627929688 -0.105552673339844
0.0748825073242187 -0.11419677734375 0.05126953125 -0.127212524414063
0.030059814453125 -0.124839782714844 0.019744873046875 -0.105911254882813
-0.0321884155273438 -0.105690002441406 -0.0232391357421875 -0.0798721313476563
-0.074005126953125 -0.0764007568359375 -0.0320510864257813 -0.0483512878417969
-0.0755157470703125 -0.0774002075195313 -0.00959014892578125 -0.0267562866210938
-0.0920639038085938 -0.0652084350585938 -0.000112473964691168 0.000819206237792965
-0.064788818359375 -0.081695556640625 0.00193023681640624 0.0380935668945312
-0.0400543212890625 -0.113960266113281 -0.0181007385253906 0.0603179931640625
-0.00688171386718751 -0.130294799804688 -0.0683250427246094 0.0483512878417969
0.0945892333984375 -0.128570556640625 -0.0830154418945313 -0.00688171386718749
0.127403259277344 -0.0942153930664063 -0.0498237609863281 -0.0430335998535156
0.1739501953125 -0.0688323974609375 0.0623741149902344 -0.0417633056640625
0.17913818359375 -0.0153350830078125 -0.00495147705078125 -0.108993530273438
0.170333862304688 -0.0250091552734375 0.0754776000976563 -0.0904769897460938
0.153640747070312 -0.108963012695312 0.0941696166992188 -0.105110168457031
0.0728988647460938 -0.128349304199219 0.0566253662109375 -0.108741760253906
0.0228042602539063 -0.132888793945313 0.0306777954101562 -0.0762863159179688
-0.0389938354492188 -0.108657836914062 0.00190353393554688 -0.0453224182128906
-0.07464599609375 -0.0792160034179688 0.00518608093261718 -0.0219497680664063
-0.0725479125976563 -0.0830535888671875 0.0237903594970703 -0.00435829162597657
-0.0843429565429688 -0.0751953125 0.0306873321533203 0.0226802825927734
-0.0491180419921875 -0.0876922607421875 0.0222091674804687 0.063751220703125
-0.0202102661132812 -0.113815307617188 -0.00875854492187501 0.0769119262695312
0.0152206420898438 -0.124710083007813 -0.0598869323730469 0.0527610778808594
0.117843627929687 -0.109291076660156 -0.0698051452636718 -0.0106163024902344
0.148162841796875 -0.0631561279296875 -0.0205307006835937 -0.0617637634277344
0.177383422851563 -0.024871826171875 0.116294860839844 -0.0535202026367188
0.145904541015625 0.0157928466796875 0.045989990234375 -0.112068176269531
0.150543212890625 -0.008026123046875 0.100471496582031 -0.102500915527344
0.134246826171875 -0.0908126831054688 0.0923614501953125 -0.0939559936523438
0.0587844848632812 -0.110252380371094 0.0610275268554688 -0.0825042724609375
0.0173721313476563 -0.110038757324219 0.0424079895019531 -0.0454330444335938
-0.0332489013671875 -0.0913772583007812 0.0293903350830078 -0.0156135559082031
-0.0615653991699219 -0.0693321228027344 0.0411796569824219 -0.000160217285156254
-0.0587387084960938 -0.0752716064453125 0.0525321960449219 0.0157737731933594
-0.0673828125 -0.0729904174804688 0.0561294555664062 0.0483818054199219
-0.0323867797851562 -0.0805740356445313 0.0342178344726563 0.0914306640625
-0.00337219238281249 -0.100578308105469 -0.0058746337890625 0.0942611694335938
0.0312118530273438 -0.106376647949219 -0.0515632629394531 0.0583305358886719
0.124267578125 -0.080902099609375 -0.0515213012695312 -0.00580978393554688
0.149444580078125 -0.024871826171875 0.012939453125 -0.0617027282714844
0.156158447265625 0.021484375 0.163711547851563 -0.045135498046875
0.0900039672851562 0.0482025146484375 0.0767364501953125 -0.104927062988281
0.1060791015625 0.0163955688476563 0.109611511230469 -0.102638244628906
0.0939483642578125 -0.0485000610351562 0.0870361328125 -0.074737548828125
0.0396041870117187 -0.064117431640625 0.0677146911621094 -0.0576972961425781
0.0175743103027344 -0.063934326171875 0.0533180236816406 -0.0226707458496094
-0.0145835876464844 -0.0606651306152344 0.0510826110839844 0.00275802612304687
-0.0362777709960938 -0.0505905151367188 0.0681495666503906 0.0157432556152344
-0.0368232727050781 -0.0564613342285156 0.0730514526367188 0.0345458984375
-0.0450096130371094 -0.0579605102539062 0.0744400024414063 0.0721969604492188
-0.0207939147949219 -0.0603752136230469 0.0400314331054688 0.115875244140625
0.00119018554687499 -0.0757217407226562 -0.00569915771484375 0.109619140625
0.0302963256835938 -0.0803298950195313 -0.0422592163085937 0.0679855346679688
0.1085205078125 -0.0531997680664063 -0.0344219207763672 0.00952148437499999
0.127853393554688 0.0071258544921875 0.0419960021972656 -0.0437088012695312
0.112022399902344 0.0584182739257812 0.198043823242188 -0.020477294921875
-0.04730224609375 -0.077392578125 -0.2034912109375 0.00834655761718748
-0.0731887817382813 -0.00785827636718749 -0.0627212524414063 0.0202598571777344
-0.0584297180175781 0.0413360595703125 0.0290565490722656 -0.0322265625
-0.0125045776367188 0.0577774047851562 0.0401687622070312 -0.0891876220703125
0.006378173828125 0.0410537719726563 0.0149459838867188 -0.122085571289063
0.0146045684814453 0.0280933380126953 -0.0445785522460938 -0.1373291015625
0.00987434387207031 0.0270652770996094 -0.096649169921875 -0.0918045043945313
0.00281906127929688 0.0307235717773438 -0.0909957885742188 -0.05267333984375
-0.001922607421875 0.0309524536132812 -0.0824203491210938 -0.022979736328125
-0.014958381652832 0.0154762268066406 -0.073211669921875 -0.01092529296875
-0.0201835632324219 0.00916481018066406 -0.0671844482421875 0.0203361511230469
-0.0301399230957031 0.00995445251464844 -0.078857421875 0.0402069091796875
-0.0466995239257813 -0.0137443542480469 -0.0990982055664062 0.0435791015625
-0.0468482971191406 -0.0446739196777344 -0.110588073730469 0.0905075073242187
-0.0294036865234375 -0.0880966186523438 -0.09271240234375 0.086212158203125
0.0245132446289062 -0.0849685668945313 -0.201141357421875 -0.0233917236328125
-0.0161781311035156 -0.0195674896240234 -0.059295654296875 -0.00617599487304689
-0.00849151611328125 0.0113420486450195 0.0328445434570313 -0.0576667785644531
0.0151596069335938 0.0229568481445313 0.0351943969726563 -0.107475280761719
0.0210800170898438 0.000486373901367188 0.01263427734375 -0.129486083984375
0.00711631774902344 -0.0102052688598633 -0.047760009765625 -0.140869140625
-0.0152730941772461 -0.00373077392578125 -0.0974655151367187 -0.0965957641601563
-0.0255718231201172 -0.00107383728027343 -0.0873794555664062 -0.0576095581054687
-0.0382080078125 0.00369644165039063 -0.0793304443359375 -0.0256118774414063
-0.0426483154296875 -0.0183181762695312 -0.06781005859375 -0.00658035278320311
-0.0365829467773438 -0.0394210815429688 -0.0635223388671875 0.024688720703125
-0.0279922485351562 -0.0484123229980469 -0.0842056274414063 0.0379714965820312
-0.000576019287109379 -0.0652923583984375 -0.0984954833984375 0.0265579223632813
0.00852966308593751 -0.078857421875 -0.102165222167969 0.0629501342773438
0.0408401489257813 -0.109001159667969 -0.0764923095703125 0.0574417114257812
0.0954742431640625 -0.0811233520507813 -0.175308227539063 -0.0518035888671875
0.0498886108398437 -0.028594970703125 -0.0378341674804688 -0.0286712646484375
0.0490226745605469 -0.0275840759277344 0.0488052368164063 -0.0800933837890625
0.0427131652832031 -0.0225372314453125 0.0374679565429687 -0.124114990234375
0.031280517578125 -0.0459518432617188 0.0110702514648438 -0.132949829101563
-0.0039520263671875 -0.0498313903808594 -0.0475540161132813 -0.132316589355469
-0.04058837890625 -0.0351409912109375 -0.0868759155273437 -0.0889511108398438
-0.0513572692871094 -0.0336151123046875 -0.0707321166992187 -0.0542449951171875
-0.0691642761230469 -0.0231781005859375 -0.0614356994628906 -0.0222091674804688
-0.0634269714355469 -0.0462875366210938 -0.0497398376464844 0.00387954711914063
-0.0506668090820313 -0.07745361328125 -0.0508460998535156 0.0353851318359375
-0.029632568359375 -0.093414306640625 -0.08367919921875 0.0420684814453125
0.0352401733398438 -0.107635498046875 -0.0973587036132813 0.0132217407226563
0.0562820434570313 -0.102882385253906 -0.0901870727539062 0.0275955200195313
0.102806091308594 -0.114997863769531 -0.0410919189453125 0.0216064453125
0.151779174804688 -0.0679779052734375 -0.1275634765625 -0.0752792358398438
0.114128112792969 -0.034820556640625 -0.00235748291015624 -0.0485954284667969
0.104225158691406 -0.0712814331054688 0.0691070556640625 -0.0970611572265625
0.0642547607421875 -0.0748138427734375 0.0436630249023438 -0.132781982421875
0.0338134765625 -0.0933685302734375 0.0129623413085938 -0.125381469726563
-0.019134521484375 -0.0848236083984375 -0.0401153564453125 -0.110153198242188
-0.0613975524902344 -0.0614585876464844 -0.0650100708007812 -0.0707855224609375
-0.0701980590820313 -0.0609512329101562 -0.043212890625 -0.0431594848632813
-0.0884475708007813 -0.0465011596679687 -0.0332050323486328 -0.0132923126220703
-0.0720291137695313 -0.06793212890625 -0.0240516662597656 0.0197830200195313
-0.0532073974609375 -0.102561950683594 -0.033721923828125 0.0487174987792969
-0.02423095703125 -0.121391296386719 -0.0774002075195312 0.0478363037109375
0.0660324096679688 -0.131095886230469 -0.0947952270507812 0.00286102294921876
0.0958251953125 -0.109748840332031 -0.0746994018554688 -0.00879669189453126
0.148361206054688 -0.103164672851563 0.00573062896728516 -0.013819694519043
0.18292236328125 -0.045562744140625 -0.0663909912109375 -0.0928497314453125
0.159027099609375 -0.0348663330078125 0.0395126342773438 -0.0688819885253906
0.143386840820313 -0.10308837890625 0.0861663818359375 -0.105705261230469
0.0755767822265625 -0.116020202636719 0.051055908203125 -0.126937866210937
0.0293350219726563 -0.12725830078125 0.0206298828125 -0.105377197265625
-0.0327682495117187 -0.107002258300781 -0.0222702026367188 -0.0783233642578125
-0.0745849609375 -0.0768890380859375 -0.0321540832519531 -0.0464668273925781
-0.0779190063476562 -0.0784988403320312 -0.00993347167968751 -0.0250034332275391
-0.0939865112304688 -0.0651931762695313 -5.43594360351619E-05 0.00253963470458984
-0.06573486328125 -0.082733154296875 0.0020751953125 0.0404205322265625
-0.040985107421875 -0.115585327148438 -0.018341064453125 0.0631256103515625
-0.00762176513671876 -0.13177490234375 -0.0699310302734375 0.0524978637695312
0.0947723388671875 -0.1319580078125 -0.0862884521484375 -0.00505065917968752
0.128311157226563 -0.0956802368164062 -0.0530509948730469 -0.0408973693847656
0.17608642578125 -0.0714111328125 0.0598640441894531 -0.041259765625
0.180587768554688 -0.018218994140625 -0.00302124023437498 -0.10479736328125
0.172531127929688 -0.0270233154296875 0.0771560668945313 -0.087890625
0.154037475585938 -0.112152099609375 0.0937347412109375 -0.103836059570313
0.072601318359375 -0.130096435546875 0.056549072265625 -0.108108520507813
0.021484375 -0.134124755859375 0.0312728881835937 -0.0751113891601563
-0.0396804809570313 -0.10931396484375 0.00334548950195312 -0.0433006286621094
-0.0755081176757812 -0.0788803100585938 0.00608825683593749 -0.0205154418945313
-0.0749282836914063 -0.0836944580078125 0.0235462188720703 -0.00401687622070313
-0.085601806640625 -0.0741043090820313 0.0314769744873047 0.0241909027099609
-0.0497894287109375 -0.0880661010742188 0.0232620239257812 0.0655784606933594
-0.021636962890625 -0.115264892578125 -0.00872039794921875 0.0803451538085937
0.0147247314453125 -0.125686645507813 -0.061676025390625 0.0563011169433594
0.117851257324219 -0.1126708984375 -0.073028564453125 -0.00877380371093751
0.148712158203125 -0.06488037109375 -0.0233116149902344 -0.06024169921875
0.179428100585937 -0.0275115966796875 0.114463806152344 -0.0532302856445313
0.14715576171875 0.0131072998046875 0.0480117797851562 -0.109039306640625
0.152099609375 -0.0109405517578125 0.103080749511719 -0.100883483886719
0.133537292480469 -0.0942459106445313 0.0924758911132813 -0.093414306640625
0.0569839477539062 -0.110725402832031 0.06170654296875 -0.0827407836914063
0.0150833129882813 -0.11083984375 0.0432357788085937 -0.0447006225585938
-0.0341339111328125 -0.0911483764648438 0.0319232940673828 -0.0142326354980469
-0.0621299743652344 -0.0683555603027344 0.0424118041992187 0.00106048583984375
-0.0602264404296875 -0.0746841430664063 0.0531387329101562 0.0165672302246094
-0.0683364868164063 -0.0712966918945312 0.0576248168945312 0.0496101379394531
-0.0327911376953125 -0.08062744140625 0.0363845825195313 0.09332275390625
-0.00409698486328126 -0.100044250488281 -0.0052642822265625 0.0976104736328125
0.0301971435546875 -0.106147766113281 -0.0529441833496094 0.0614204406738281
0.123336791992188 -0.0832901000976563 -0.0543403625488281 -0.00431442260742187
0.1500244140625 -0.0272979736328125 0.010223388671875 -0.0610771179199219
0.158172607421875 0.018035888671875 0.162673950195313 -0.0462493896484375
0.0908584594726563 0.0452651977539063 0.0793685913085938 -0.103500366210938
0.106376647949219 0.013336181640625 0.112144470214844 -0.10205078125
0.0920028686523438 -0.0510635375976563 0.0880661010742188 -0.0745468139648438
0.0376167297363281 -0.0644607543945313 0.06884765625 -0.058319091796875
0.0151252746582031 -0.0639190673828125 0.0542182922363281 -0.0233573913574219
-0.015533447265625 -0.0593719482421875 0.0533561706542969 0.0037689208984375
-0.03631591796875 -0.0491142272949219 0.0698585510253906 0.0157585144042969
-0.0376853942871094 -0.0550308227539062 0.0738372802734375 0.0345382690429687
-0.0462112426757813 -0.0564346313476562 0.0757522583007813 0.0728683471679688
-0.0209846496582031 -0.0595970153808594 0.0420074462890625 0.117835998535156
0.000228881835937495 -0.0747756958007813 -0.00550842285156251 0.11199951171875
0.0283355712890625 -0.0793609619140625 -0.0436630249023437 0.0703659057617188
0.106468200683594 -0.0552825927734375 -0.0371284484863281 0.0107040405273437
0.1279296875 0.00428009033203125 0.039306640625 -0.0434379577636719
0.113510131835938 0.0548171997070313 0.196975708007813 -0.0220184326171875
-0.0484695434570313 -0.075439453125 -0.208572387695313 0.00836181640625002
-0.0737228393554687 -0.0068817138671875 -0.063812255859375 0.0206985473632812
-0.0572052001953125 0.0428390502929688 0.0319023132324219 -0.0328941345214844
-0.00991439819335937 0.0582351684570313 0.043243408203125 -0.0916748046875
0.0075225830078125 0.040496826171875 0.017578125 -0.1270751953125
0.0140914916992188 0.0270042419433594 -0.0458984375 -0.143234252929688
0.00887870788574219 0.0261764526367188 -0.100196838378906 -0.0948104858398438
0.00213623046875 0.03082275390625 -0.094268798828125 -0.0539703369140625
-0.00211143493652343 0.0304241180419922 -0.0855941772460938 -0.0240020751953125
-0.0161514282226563 0.0151214599609375 -0.0772552490234375 -0.0115203857421875
-0.0203571319580078 0.007965087890625 -0.0704803466796875 0.0202484130859375
-0.0282249450683594 0.00989723205566407 -0.08294677734375 0.04156494140625
-0.0462074279785156 -0.0125350952148438 -0.105010986328125 0.0443344116210937
-0.04718017578125 -0.0444831848144531 -0.116012573242188 0.0922393798828125
-0.0311965942382812 -0.0879058837890625 -0.0986404418945312 0.0881195068359375
0.0257720947265625 -0.0830154418945313 -0.20574951171875 -0.0224456787109375
-0.0143547058105469 -0.0183010101318359 -0.0603713989257813 -0.00507354736328126
-0.00572395324707031 0.0115041732788086 0.0351524353027344 -0.0580635070800781
0.0187854766845703 0.0224552154541016 0.0386505126953125 -0.109748840332031
0.0228347778320312 -0.00108146667480469 0.015533447265625 -0.1339111328125
0.00680732727050781 -0.0123186111450195 -0.0478973388671875 -0.145797729492188
-0.0168685913085938 -0.00594615936279297 -0.100227355957031 -0.0992050170898438
-0.0273303985595703 -0.00336265563964844 -0.090301513671875 -0.0582809448242188
-0.0396499633789063 0.00207138061523438 -0.0830917358398438 -0.0254669189453125
-0.0437049865722656 -0.0206794738769531 -0.0722732543945313 -0.00703430175781252
-0.0376815795898438 -0.0426063537597656 -0.0664405822753906 0.026031494140625
-0.02740478515625 -0.0501136779785156 -0.0886993408203125 0.040008544921875
0.00139999389648438 -0.0663986206054687 -0.104583740234375 0.0270309448242188
0.0103988647460938 -0.0791854858398437 -0.107337951660156 0.0647201538085938
0.0419921875 -0.109832763671875 -0.0820083618164063 0.0591278076171875
0.0991973876953125 -0.0800933837890625 -0.178497314453125 -0.0500335693359375
0.05426025390625 -0.0270500183105469 -0.0374221801757813 -0.02740478515625
0.0534286499023437 -0.0285263061523437 0.0514144897460938 -0.0808181762695312
0.0474433898925781 -0.024505615234375 0.0403366088867188 -0.126945495605469
0.0335769653320313 -0.0493659973144531 0.0141143798828125 -0.136093139648437
-0.00392913818359375 -0.0535888671875 -0.0473861694335938 -0.136260986328125
-0.0422134399414062 -0.0378837585449219 -0.089385986328125 -0.0904159545898438
-0.05413818359375 -0.0362014770507812 -0.0733795166015625 -0.054168701171875
-0.0715484619140625 -0.0252761840820312 -0.0640029907226562 -0.0216102600097656
-0.0654449462890625 -0.0491371154785156 -0.0527877807617188 0.00516891479492188
-0.0516433715820313 -0.0813980102539063 -0.0533332824707031 0.0376434326171875
-0.0287628173828125 -0.0971527099609375 -0.088104248046875 0.045318603515625
0.038116455078125 -0.110893249511719 -0.103805541992187 0.01409912109375
0.0596542358398437 -0.104072570800781 -0.0952224731445313 0.0294570922851562
0.106613159179688 -0.117263793945313 -0.0454177856445312 0.0232505798339844
0.157089233398438 -0.0670166015625 -0.129150390625 -0.073516845703125
0.120452880859375 -0.0338668823242188 -0.000442504882812492 -0.0472221374511719
0.10986328125 -0.0728988647460938 0.071258544921875 -0.0970230102539063
0.069427490234375 -0.0778121948242188 0.0465621948242188 -0.135025024414063
0.035858154296875 -0.0973968505859375 0.01568603515625 -0.128761291503906
-0.01885986328125 -0.0893936157226563 -0.03985595703125 -0.113235473632813
-0.0638961791992187 -0.0638847351074219 -0.0663528442382813 -0.0709991455078125
-0.07330322265625 -0.0636978149414062 -0.045074462890625 -0.042083740234375
-0.0918350219726563 -0.048736572265625 -0.0345573425292969 -0.0123252868652344
-0.0734939575195312 -0.071624755859375 -0.0257434844970703 0.0218315124511719
-0.0542068481445313 -0.107269287109375 -0.0357017517089844 0.0515708923339844
-0.0239105224609375 -0.125709533691406 -0.0819854736328125 0.0521392822265625
0.0694046020507813 -0.136138916015625 -0.0999908447265625 0.00408172607421874
0.101203918457031 -0.112319946289063 -0.0795364379882813 -0.00699615478515626
0.153900146484375 -0.105514526367188 0.00321197509765626 -0.0135936737060547
0.189056396484375 -0.0454254150390625 -0.0652084350585938 -0.091217041015625
0.166259765625 -0.0352325439453125 0.04315185546875 -0.0673789978027344
0.149520874023438 -0.106735229492188 0.0884323120117188 -0.105621337890625
0.079254150390625 -0.119369506835938 0.053253173828125 -0.129074096679688
0.0309295654296875 -0.131935119628906 0.0228500366210938 -0.1077880859375
-0.0328369140625 -0.111297607421875 -0.020599365234375 -0.0801849365234375
-0.077117919921875 -0.0800857543945313 -0.0322303771972656 -0.0454673767089844
-0.081146240234375 -0.0814971923828125 -0.0105075836181641 -0.0240459442138672
-0.0968551635742188 -0.0673446655273438 -0.000162601470947271 0.00410008430480957
-0.0667953491210937 -0.0864639282226563 0.00205612182617188 0.0432548522949219
-0.0422592163085938 -0.119911193847656 -0.0196380615234375 0.0669097900390625
-0.007232666015625 -0.136146545410156 -0.0735092163085938 0.0566482543945312
0.0992965698242188 -0.136329650878906 -0.0921859741210937 -0.00378417968750002
0.133819580078125 -0.0980148315429688 -0.056732177734375 -0.0404777526855469
0.1826171875 -0.0739898681640625 0.0588150024414063 -0.0414237976074219
0.186752319335938 -0.0191650390625 -0.000747680664062488 -0.103599548339844
0.179244995117187 -0.028228759765625 0.0819778442382813 -0.0866317749023438
0.1585693359375 -0.11651611328125 0.0965042114257813 -0.105148315429688
0.074981689453125 -0.133773803710938 0.0589828491210938 -0.110008239746094
0.0214462280273438 -0.138809204101563 0.0333099365234375 -0.076690673828125
-0.040557861328125 -0.112625122070313 0.00581741333007812 -0.0434608459472656
-0.077117919921875 -0.0816268920898438 0.0074310302734375 -0.0190372467041016
-0.0774688720703125 -0.0856475830078125 0.0243873596191406 -0.00288963317871094
-0.0883560180664063 -0.075897216796875 0.0322437286376953 0.0258255004882813
-0.05084228515625 -0.0912857055664063 0.0241737365722656 0.0696754455566406
-0.0220413208007812 -0.118026733398437 -0.00928497314453126 0.08453369140625
0.0155105590820312 -0.129234313964844 -0.065155029296875 0.0603790283203125
0.1217041015625 -0.117202758789063 -0.077484130859375 -0.00773620605468749
0.153976440429688 -0.0673065185546875 -0.0264244079589844 -0.0603065490722656
0.186065673828125 -0.029632568359375 0.11517333984375 -0.0538253784179688
0.151763916015625 0.0116119384765625 0.0526962280273438 -0.108169555664063
0.158233642578125 -0.0131072998046875 0.108146667480469 -0.100234985351563
0.136360168457031 -0.0981292724609375 0.095428466796875 -0.09344482421875
0.0579605102539062 -0.113945007324219 0.0644607543945313 -0.0837020874023438
0.0142440795898438 -0.114349365234375 0.0454788208007813 -0.0457611083984375
-0.0353546142578125 -0.0935745239257813 0.0341701507568359 -0.0132656097412109
-0.0636482238769531 -0.0694808959960938 0.0451202392578125 0.002410888671875
-0.0627288818359375 -0.07598876953125 0.0540542602539062 0.0186653137207031
-0.0705184936523438 -0.0723648071289063 0.0591278076171875 0.0520248413085937
-0.03302001953125 -0.0823440551757813 0.0377044677734375 0.0983810424804687
-0.00408935546875001 -0.10247802734375 -0.006256103515625 0.102836608886719
0.030548095703125 -0.108352661132813 -0.0560531616210938 0.0659294128417969
0.126228332519531 -0.0869827270507813 -0.0588874816894531 -0.00367355346679688
0.154098510742188 -0.028961181640625 0.00780105590820313 -0.0614471435546875
0.163543701171875 0.0166778564453125 0.165206909179688 -0.047088623046875
0.093017578125 0.04425048828125 0.0845947265625 -0.103515625
0.109809875488281 0.0115737915039063 0.118141174316406 -0.102767944335938
0.0932540893554688 -0.0539016723632813 0.0921783447265625 -0.074371337890625
0.0373420715332031 -0.0656776428222656 0.071929931640625 -0.0588150024414063
0.015106201171875 -0.0651397705078125 0.0568084716796875 -0.0231895446777344
-0.016448974609375 -0.0600433349609375 0.0567283630371094 0.0049285888671875
-0.0365753173828125 -0.04864501953125 0.0726852416992188 0.0167160034179688
-0.0392265319824219 -0.0551872253417969 0.0758056640625 0.03619384765625
-0.0463790893554688 -0.0565719604492188 0.07818603515625 0.0757217407226562
-0.0209617614746094 -0.0598526000976562 0.0437698364257813 0.1229248046875
0.000564575195312508 -0.0748367309570312 -0.00677490234375 0.117477416992187
0.0283889770507813 -0.0800247192382813 -0.04718017578125 0.074066162109375
0.107833862304688 -0.0577239990234375 -0.0397224426269531 0.0111923217773437
0.130218505859375 0.00318145751953125 0.0379219055175781 -0.04400634765625
0.117469787597656 0.054534912109375 0.20086669921875 -0.0222930908203125
-0.051361083984375 -0.0749664306640625 -0.219039916992187 0.0119476318359375
-0.0765380859375 -0.00508117675781251 -0.0663871765136719 0.0229721069335938
-0.0576019287109375 0.0450630187988281 0.0354995727539062 -0.0346183776855469
-0.00714874267578125 0.0594749450683594 0.0465469360351563 -0.0969314575195313
0.00908279418945312 0.04083251953125 0.0190887451171875 -0.135276794433594
0.0138645172119141 0.0265350341796875 -0.0501251220703125 -0.15234375
0.00885009765625 0.0265769958496094 -0.107192993164063 -0.09869384765625
0.00243759155273438 0.0314807891845703 -0.100471496582031 -0.0559768676757812
-0.00223922729492188 0.0305156707763672 -0.09161376953125 -0.0240707397460938
-0.0167865753173828 0.0141000747680664 -0.083404541015625 -0.011688232421875
-0.0207805633544922 0.00709152221679688 -0.0752792358398437 0.0226593017578125
-0.0282478332519531 0.0101375579833984 -0.0890426635742188 0.045379638671875
-0.0468292236328125 -0.0115928649902344 -0.112655639648438 0.0472030639648437
-0.0491447448730469 -0.044708251953125 -0.122848510742188 0.09747314453125
-0.0345840454101563 -0.089111328125 -0.106849670410156 0.0928268432617188
0.02734375 -0.0839157104492188 -0.215560913085938 -0.0190887451171875
-0.0133018493652344 -0.0177364349365234 -0.0625877380371094 -0.00373840332031249
-0.00249385833740234 0.0117769241333008 0.0385551452636719 -0.0613365173339844
0.02288818359375 0.0212211608886719 0.0412521362304688 -0.115440368652344
0.025634765625 -0.00373077392578125 0.017486572265625 -0.14227294921875
0.00643539428710938 -0.0154867172241211 -0.0519256591796875 -0.154815673828125
-0.0187740325927734 -0.00765228271484375 -0.107131958007813 -0.102828979492187
-0.0290279388427734 -0.00445175170898438 -0.0969009399414063 -0.0596847534179687
-0.0423622131347656 0.00118637084960937 -0.088592529296875 -0.0253829956054688
-0.0467376708984375 -0.0226058959960937 -0.0779876708984375 -0.00579833984375001
-0.0394706726074219 -0.0460014343261719 -0.0712203979492188 0.0289382934570313
-0.0274810791015625 -0.0535850524902344 -0.094818115234375 0.0448989868164063
0.00294876098632812 -0.0697555541992188 -0.113174438476562 0.0300979614257812
0.0118026733398437 -0.08233642578125 -0.11468505859375 0.069549560546875
0.04327392578125 -0.114128112792969 -0.089202880859375 0.0631561279296875
0.104850769042969 -0.0825881958007813 -0.186569213867188 -0.0481109619140625
0.0601654052734375 -0.027862548828125 -0.0384445190429687 -0.0261878967285156
0.0594253540039062 -0.0310554504394531 0.0542678833007812 -0.0845565795898438
0.0527381896972656 -0.0281791687011719 0.0424423217773438 -0.132919311523438
0.0364341735839844 -0.0544204711914063 0.01495361328125 -0.144012451171875
-0.00461959838867188 -0.0587654113769531 -0.050445556640625 -0.143478393554688
-0.0457344055175781 -0.04168701171875 -0.0954132080078125 -0.0929794311523438
-0.0589637756347656 -0.0390777587890625 -0.0784225463867188 -0.05535888671875
-0.076873779296875 -0.0269775390625 -0.0684661865234375 -0.0204734802246094
-0.0701141357421875 -0.0531425476074219 -0.0566978454589844 0.00702667236328125
-0.0552291870117187 -0.0874786376953125 -0.0571517944335938 0.0413589477539063
-0.0304489135742188 -0.103012084960938 -0.0943832397460938 0.0512619018554687
0.041595458984375 -0.118118286132812 -0.11297607421875 0.0168609619140625
0.0634307861328125 -0.110031127929687 -0.102500915527344 0.0331344604492188
0.111740112304688 -0.123481750488281 -0.0510215759277344 0.025421142578125
0.166778564453125 -0.0703125 -0.134468078613281 -0.0721817016601563
0.129249572753906 -0.0363922119140625 0.00102996826171876 -0.0464668273925781
0.117904663085938 -0.0782089233398438 0.0752944946289063 -0.101608276367188
0.074066162109375 -0.0837783813476562 0.048492431640625 -0.141632080078125
0.0379791259765625 -0.105117797851563 0.017059326171875 -0.135978698730469
-0.0208282470703125 -0.0964584350585938 -0.0408706665039063 -0.11871337890625
-0.0686454772949219 -0.0683746337890625 -0.0699691772460937 -0.0728912353515625
-0.0794754028320312 -0.067413330078125 -0.0482940673828125 -0.0422515869140625
-0.0983963012695313 -0.0511093139648437 -0.0368080139160156 -0.0111274719238281
-0.0783538818359375 -0.0767364501953125 -0.0272407531738281 0.0246410369873047
-0.0584564208984375 -0.114242553710938 -0.0378265380859375 0.0564918518066406
-0.0254135131835937 -0.133262634277344 -0.087738037109375 0.0586929321289062
0.073211669921875 -0.145904541015625 -0.109375 0.00696563720703124
0.106697082519531 -0.118545532226562 -0.0863265991210938 -0.00556945800781252
0.162857055664063 -0.112945556640625 0.000120162963867198 -0.0135154724121094
0.199966430664063 -0.0487518310546875 -0.0669937133789063 -0.0909881591796875
0.17767333984375 -0.03851318359375 0.0466957092285156 -0.0685920715332031
0.157913208007813 -0.115310668945313 0.09228515625 -0.109878540039063
0.0838088989257813 -0.127655029296875 0.055694580078125 -0.135017395019531
0.0311279296875 -0.140777587890625 0.0244216918945313 -0.113273620605469
-0.0363311767578125 -0.118400573730469 -0.02117919921875 -0.0831756591796875
-0.0820236206054688 -0.084625244140625 -0.03338623046875 -0.046295166015625
-0.0878143310546875 -0.084869384765625 -0.0114192962646484 -0.0234813690185547
-0.103500366210938 -0.070098876953125 -0.000776290893554694 0.00571727752685546
-0.0720596313476562 -0.0919189453125 0.00209808349609374 0.0472373962402344
-0.0459747314453125 -0.127555847167969 -0.02081298828125 0.0731582641601562
-0.0081329345703125 -0.144287109375 -0.0795059204101563 0.063812255859375
0.103927612304688 -0.14727783203125 -0.10107421875 -0.00183868408203124
0.141952514648438 -0.104705810546875 -0.0625495910644531 -0.0403823852539063
0.194122314453125 -0.0807037353515625 0.0593986511230469 -0.0434722900390625
0.197723388671875 -0.0219268798828125 0.002227783203125 -0.10498046875
0.191650390625 -0.0325164794921875 0.0887451171875 -0.0893096923828125
0.16632080078125 -0.12603759765625 0.101249694824219 -0.109031677246094
0.078155517578125 -0.142379760742188 0.0617141723632813 -0.114501953125
0.0211029052734375 -0.147445678710938 0.0356216430664062 -0.0805816650390625
-0.0435562133789062 -0.119522094726562 0.00756072998046875 -0.0449981689453125
-0.0826263427734375 -0.0849990844726562 0.00924110412597656 -0.0188312530517578
-0.0845947265625 -0.0888442993164063 0.0249271392822266 -0.00185012817382813
-0.0945663452148438 -0.07916259765625 0.0343856811523437 0.0287342071533203
-0.0536346435546875 -0.0963287353515625 0.0268096923828125 0.07476806640625
-0.0233001708984375 -0.125259399414063 -0.009613037109375 0.091827392578125
0.0151214599609375 -0.136589050292969 -0.0701141357421875 0.0675582885742187
0.127281188964844 -0.126701354980469 -0.0852890014648437 -0.00621032714843749
0.162734985351563 -0.072845458984375 -0.031158447265625 -0.062255859375
0.19775390625 -0.0350341796875 0.118522644042969 -0.0570907592773437
0.160888671875 0.0096588134765625 0.057830810546875 -0.111480712890625
0.167343139648437 -0.0169525146484375 0.115951538085938 -0.104949951171875
0.14190673828125 -0.106674194335938 0.100898742675781 -0.0973587036132812
0.0591888427734375 -0.120956420898438 0.0672531127929688 -0.0877304077148438
0.0133132934570313 -0.120979309082031 0.0487098693847656 -0.04803466796875
-0.0388717651367188 -0.0980300903320313 0.0378913879394531 -0.012939453125
-0.0669326782226562 -0.0721664428710938 0.0486564636230469 0.00284957885742187
-0.0678787231445313 -0.0787734985351562 0.0578575134277344 0.0200691223144531
-0.0748291015625 -0.0746688842773438 0.0633125305175781 0.0551528930664062
-0.0352401733398438 -0.0864791870117187 0.0413894653320313 0.104576110839844
-0.00572204589843749 -0.107078552246094 -0.00713348388671874 0.110542297363281
0.0314178466796875 -0.114151000976563 -0.0603103637695313 0.0732879638671875
0.131446838378906 -0.0942153930664062 -0.0644721984863281 -0.00220108032226563
0.161788940429687 -0.033447265625 0.00562667846679688 -0.0637474060058594
0.174285888671875 0.013916015625 0.171493530273438 -0.0504608154296875
0.09808349609375 0.0434722900390625 0.0921173095703125 -0.107749938964844
0.115951538085938 0.0095367431640625 0.126197814941406 -0.108100891113281
0.0963516235351563 -0.0590972900390625 0.0977325439453125 -0.0782241821289063
0.0371780395507812 -0.0687141418457031 0.0769500732421875 -0.0628433227539063
0.01300048828125 -0.068634033203125 0.0598793029785156 -0.0251617431640625
-0.01837158203125 -0.0623855590820312 0.0617294311523437 0.00551605224609375
-0.0380439758300781 -0.0497703552246094 0.0784835815429688 0.0169143676757812
-0.0425491333007813 -0.05682373046875 0.079742431640625 0.0378341674804687
-0.0492706298828125 -0.05712890625 0.0835952758789063 0.079559326171875
-0.0217361450195312 -0.0617713928222656 0.0484085083007813 0.130584716796875
-0.000450134277343751 -0.0775909423828125 -0.00721740722656251 0.126144409179688
0.0283279418945313 -0.0838394165039063 -0.05078125 0.0811767578125
0.11163330078125 -0.0625762939453125 -0.0448570251464844 0.012939453125
0.13641357421875 0.00032806396484375 0.0376930236816406 -0.0463485717773437
0.123641967773438 0.0538864135742188 0.208938598632813 -0.025634765625
-0.0564117431640625 -0.0736770629882813 -0.23138427734375 0.0223846435546875
-0.0789947509765625 -0.00117492675781251 -0.0688362121582031 0.0278358459472656
-0.0571861267089844 0.0493011474609375 0.038299560546875 -0.0381507873535156
-0.00288772583007813 0.06072998046875 0.04742431640625 -0.105125427246094
0.0120086669921875 0.0405845642089844 0.0165252685546875 -0.146697998046875
0.0146923065185547 0.02618408203125 -0.0591583251953125 -0.161941528320313
0.00948715209960937 0.026397705078125 -0.118026733398438 -0.10040283203125
0.00394630432128906 0.0314464569091797 -0.109748840332031 -0.0556182861328125
-0.00143241882324219 0.031402587890625 -0.099700927734375 -0.0211639404296875
-0.0178146362304688 0.0141963958740234 -0.0916900634765625 -0.00903320312499998
-0.0214385986328125 0.00675964355468751 -0.0806350708007813 0.0272064208984375
-0.0272254943847656 0.0110244750976563 -0.0935897827148438 0.051910400390625
-0.0477218627929688 -0.00949478149414063 -0.12054443359375 0.0543670654296875
-0.0523223876953125 -0.0445060729980469 -0.129180908203125 0.1077880859375
-0.04083251953125 -0.0904388427734375 -0.113059997558594 0.102684020996094
0.0277633666992188 -0.0865020751953125 -0.227859497070313 -0.00999450683593746
-0.0115890502929688 -0.0163755416870117 -0.0654449462890625 5.7220458984376E-05
6.58035278320316E-05 0.0119590759277344 0.0403633117675781 -0.0653343200683594
0.0284290313720703 0.0186328887939453 0.0413665771484375 -0.123916625976563
0.0280799865722656 -0.00761795043945312 0.014556884765625 -0.15338134765625
0.00554466247558594 -0.0185222625732422 -0.0608978271484375 -0.163528442382812
-0.0210704803466797 -0.00922203063964844 -0.117233276367187 -0.104080200195313
-0.0325851440429688 -0.004486083984375 -0.105323791503906 -0.0582504272460938
-0.0453033447265625 0.00164794921875 -0.0957565307617188 -0.0223159790039063
-0.0511817932128906 -0.0243797302246094 -0.08477783203125 -0.00248718261718751
-0.0440025329589844 -0.0493240356445313 -0.0763397216796875 0.034149169921875
-0.0297470092773437 -0.0569114685058594 -0.100814819335938 0.0524978637695313
0.00225830078125 -0.0746612548828125 -0.122421264648438 0.0363616943359375
0.011138916015625 -0.0862884521484375 -0.121337890625 0.078826904296875
0.04180908203125 -0.12042236328125 -0.095458984375 0.0707931518554687
0.109931945800781 -0.0885086059570312 -0.197845458984375 -0.0408477783203125
0.0657386779785156 -0.030059814453125 -0.0399551391601562 -0.0242233276367187
0.0643653869628906 -0.035919189453125 0.055267333984375 -0.090576171875
0.0577278137207031 -0.0342903137207031 0.0411529541015625 -0.14208984375
0.0376472473144531 -0.0618972778320313 0.012481689453125 -0.1549072265625
-0.00742721557617187 -0.0645370483398437 -0.058319091796875 -0.151199340820312
-0.0501861572265625 -0.0438575744628906 -0.103782653808594 -0.0941314697265625
-0.0649642944335938 -0.0396842956542969 -0.0857086181640625 -0.0537643432617188
-0.083648681640625 -0.0268783569335937 -0.074615478515625 -0.0176544189453125
-0.0767822265625 -0.0555419921875 -0.0614967346191406 0.0109596252441406
-0.0622177124023438 -0.0924224853515625 -0.0603408813476563 0.0473670959472656
-0.034942626953125 -0.1092529296875 -0.099884033203125 0.060943603515625
0.0405731201171875 -0.128059387207031 -0.122528076171875 0.0235671997070313
0.0657196044921875 -0.117973327636719 -0.109855651855469 0.0408782958984375
0.114692687988281 -0.134666442871094 -0.0565719604492187 0.0301780700683594
0.176483154296875 -0.07879638671875 -0.142913818359375 -0.0671539306640625
0.140029907226563 -0.0429763793945313 0.00138092041015626 -0.0470809936523438
0.124443054199219 -0.089691162109375 0.0759735107421875 -0.107658386230469
0.0782623291015625 -0.09368896484375 0.0467529296875 -0.151092529296875
0.0366363525390625 -0.115280151367188 0.014007568359375 -0.145416259765625
-0.0256271362304687 -0.103675842285156 -0.0470657348632813 -0.1243896484375
-0.0751953125 -0.0717010498046875 -0.0759201049804688 -0.0732345581054688
-0.0884933471679688 -0.0689010620117187 -0.0536270141601563 -0.0412559509277344
-0.107200622558594 -0.0516357421875 -0.0409126281738281 -0.00812911987304688
-0.0866241455078125 -0.0793609619140625 -0.0289344787597656 0.0286235809326172
-0.066986083984375 -0.120613098144531 -0.0394172668457031 0.0633735656738281
-0.0317230224609375 -0.142120361328125 -0.0930023193359375 0.0690536499023437
0.0732421875 -0.1590576171875 -0.119819641113281 0.0132522583007812
0.111251831054688 -0.130020141601563 -0.0941009521484375 -0.000663757324218738
0.16961669921875 -0.1260986328125 -0.00307178497314452 -0.0125722885131836
0.212539672851562 -0.05877685546875 -0.0716552734375 -0.0900115966796875
0.189605712890625 -0.0485992431640625 0.0498886108398438 -0.0716323852539063
0.164337158203125 -0.129913330078125 0.0946121215820313 -0.117431640625
0.0855865478515625 -0.139755249023438 0.05462646484375 -0.143539428710938
0.0277557373046875 -0.152694702148438 0.0226669311523438 -0.121223449707031
-0.04248046875 -0.126182556152344 -0.0239410400390625 -0.087127685546875
-0.0902099609375 -0.0875473022460938 -0.0353126525878906 -0.0460243225097656
-0.0985260009765625 -0.0868301391601562 -0.0133190155029297 -0.0227317810058594
-0.113395690917969 -0.0703506469726563 -0.000988006591796882 0.00771617889404296
-0.0802993774414063 -0.0964126586914063 0.00457763671875 0.0515174865722656
-0.0535888671875 -0.134895324707031 -0.0198516845703125 0.0804901123046875
-0.01409912109375 -0.154159545898438 -0.0832672119140625 0.0747909545898437
0.104965209960938 -0.162460327148438 -0.110458374023438 0.00403594970703123
0.148422241210938 -0.117340087890625 -0.070343017578125 -0.03863525390625
0.203781127929688 -0.0944366455078125 0.0585060119628906 -0.04705810546875
0.210586547851563 -0.0312042236328125 0.00122833251953125 -0.107315063476563
0.204055786132812 -0.0439910888671875 0.0931167602539063 -0.0955886840820313
0.172195434570313 -0.142105102539063 0.104171752929688 -0.116958618164063
0.0776214599609375 -0.154296875 0.0613174438476562 -0.122932434082031
0.01544189453125 -0.157913208007813 0.035491943359375 -0.0866546630859375
-0.0514068603515625 -0.125625610351563 0.00849533081054687 -0.0473251342773438
-0.09014892578125 -0.0873794555664063 0.0105171203613281 -0.0191116333007813
-0.093658447265625 -0.0906753540039062 0.0268802642822266 -0.00116539001464844
-0.103500366210938 -0.07940673828125 0.0375518798828125 0.0305671691894531
-0.061492919921875 -0.101631164550781 0.0316390991210938 0.0799713134765625
-0.02978515625 -0.132919311523438 -0.00687408447265624 0.100006103515625
0.0113983154296875 -0.146652221679688 -0.0732421875 0.0784835815429687
0.129928588867188 -0.141189575195313 -0.0939254760742187 -0.00170135498046875
0.1710205078125 -0.0842132568359375 -0.0375328063964844 -0.0627479553222656
0.209945678710938 -0.04638671875 0.12127685546875 -0.0644912719726563
0.171478271484375 0.0025177001953125 0.0610809326171875 -0.117340087890625
0.177520751953125 -0.02691650390625 0.121452331542969 -0.113845825195313
0.146148681640625 -0.121017456054688 0.104286193847656 -0.105445861816406
0.0577468872070312 -0.130386352539063 0.069366455078125 -0.094268798828125
0.00792694091796876 -0.129013061523438 0.0505943298339844 -0.0525665283203125
-0.0451736450195313 -0.102775573730469 0.0422744750976563 -0.0149459838867188
-0.0738983154296875 -0.073944091796875 0.053192138671875 0.00226593017578125
-0.0759429931640625 -0.079864501953125 0.0619621276855469 0.0196113586425781
-0.0822830200195313 -0.0754928588867188 0.0694122314453125 0.0571556091308594
-0.0405044555664063 -0.090911865234375 0.0492019653320312 0.110755920410156
-0.00917816162109376 -0.113822937011719 -0.00295257568359375 0.120353698730469
0.028717041015625 -0.121414184570312 -0.0633316040039063 0.0827178955078125
0.134750366210938 -0.106491088867187 -0.0714111328125 0.00107574462890625
0.170135498046875 -0.0430450439453125 0.00148391723632813 -0.0670356750488281
0.185653686523438 0.0051116943359375 0.177734375 -0.0596923828125
0.105987548828125 0.0408248901367187 0.0973358154296875 -0.115646362304688
0.123115539550781 0.00258636474609375 0.132102966308594 -0.118247985839844
0.0981369018554688 -0.068359375 0.102645874023437 -0.0850601196289063
0.03594970703125 -0.0742645263671875 0.080291748046875 -0.069366455078125
0.00990295410156251 -0.0731964111328125 0.0641670227050781 -0.0285491943359375
-0.0224151611328125 -0.0643692016601563 0.068267822265625 0.00378036499023437
-0.0418167114257812 -0.0500411987304688 0.084991455078125 0.01483154296875
-0.0469818115234375 -0.0567703247070313 0.0866775512695313 0.0376052856445312
-0.0543670654296875 -0.0571136474609375 0.0915985107421875 0.0814285278320313
-0.0247879028320312 -0.064849853515625 0.0573272705078125 0.137138366699219
-0.00321960449218749 -0.0811386108398438 -0.0036163330078125 0.136528015136719
0.02685546875 -0.0883941650390625 -0.0527572631835938 0.09051513671875
0.113609313964844 -0.07159423828125 -0.0497970581054687 0.0152664184570312
0.143341064453125 -0.0064239501953125 0.0357322692871094 -0.0499725341796875
0.133651733398438 0.0499420166015625 0.219146728515625 -0.0353240966796875
-0.0617713928222656 -0.0696182250976563 -0.239212036132812 0.0390777587890625
-0.0810470581054688 0.00487518310546876 -0.0693283081054688 0.0340385437011719
-0.0546913146972656 0.0545272827148438 0.0400009155273438 -0.0425949096679688
0.00261688232421875 0.0603523254394531 0.0455093383789062 -0.11346435546875
0.0155410766601562 0.0390739440917969 0.0095367431640625 -0.156539916992188
0.0156307220458984 0.0250339508056641 -0.0720062255859375 -0.167831420898438
0.0105705261230469 0.0261249542236328 -0.130317687988281 -0.0980300903320313
0.00576591491699219 0.0313873291015625 -0.118461608886719 -0.050079345703125
-0.000406265258789062 0.0310554504394531 -0.106452941894531 -0.0153274536132812
-0.0187759399414062 0.0146369934082031 -0.0984725952148438 -0.0028533935546875
-0.0222702026367187 0.00686836242675781 -0.0840301513671875 0.0336761474609375
-0.0267238616943359 0.011993408203125 -0.0965499877929688 0.060455322265625
-0.0483551025390625 -0.00656127929687501 -0.125320434570313 0.064697265625
-0.0562400817871094 -0.04205322265625 -0.130264282226563 0.121086120605469
-0.0481109619140625 -0.0883560180664063 -0.115028381347656 0.114250183105469
0.0260009765625 -0.08892822265625 -0.237472534179687 0.00613403320312495
-0.0104656219482422 -0.0152225494384766 -0.066986083984375 0.00526428222656249
0.00398349761962891 0.011296272277832 0.039459228515625 -0.07049560546875
0.0332412719726563 0.015045166015625 0.03753662109375 -0.131607055664063
0.0289592742919922 -0.0121803283691406 0.0069732666015625 -0.162643432617187
0.00358200073242188 -0.0218658447265625 -0.0738983154296875 -0.169204711914063
-0.0234584808349609 -0.00951957702636718 -0.129150390625 -0.100662231445312
-0.0349788665771484 -0.00418472290039062 -0.114578247070313 -0.0535125732421875
-0.0483551025390625 0.00328826904296875 -0.102485656738281 -0.0153656005859375
-0.0559959411621094 -0.0236701965332031 -0.0912399291992188 0.00427246093749999
-0.0492477416992188 -0.0505828857421875 -0.079254150390625 0.0411605834960938
-0.0333480834960937 -0.0589370727539063 -0.103759765625 0.0632705688476563
-0.000701904296875004 -0.0788345336914063 -0.128349304199219 0.04705810546875
0.00838470458984376 -0.090240478515625 -0.124282836914062 0.0912017822265625
0.0367202758789063 -0.126487731933594 -0.0987548828125 0.0812454223632812
0.112419128417969 -0.096343994140625 -0.207015991210938 -0.0267486572265625
0.0703964233398438 -0.0351104736328125 -0.0415000915527344 -0.0209579467773438
0.0678367614746094 -0.04278564453125 0.0534591674804688 -0.0964508056640625
0.0605201721191406 -0.0417289733886719 0.0360870361328125 -0.15045166015625
0.0361099243164062 -0.0698738098144531 0.005157470703125 -0.163650512695313
-0.0121383666992188 -0.0701484680175781 -0.0697479248046875 -0.155197143554688
-0.0562095642089844 -0.0445709228515625 -0.113883972167969 -0.0908584594726562
-0.0712966918945313 -0.0389022827148438 -0.0933685302734375 -0.04962158203125
-0.0893936157226563 -0.0238418579101562 -0.080078125 -0.0113372802734375
-0.08477783203125 -0.0546798706054687 -0.0652961730957031 0.0171470642089844
-0.0711669921875 -0.0945205688476563 -0.0616226196289063 0.0545806884765625
-0.0428237915039063 -0.113967895507813 -0.102104187011719 0.0723495483398437
0.0355377197265625 -0.137939453125 -0.130645751953125 0.0336227416992187
0.0635452270507813 -0.126945495605469 -0.114654541015625 0.0507125854492188
0.112319946289062 -0.146896362304687 -0.0598487854003906 0.0361251831054687
0.1820068359375 -0.0913543701171875 -0.14996337890625 -0.056793212890625
0.146148681640625 -0.0536956787109375 0.00114059448242188 -0.0463829040527344
0.126388549804688 -0.102882385253906 0.0746688842773438 -0.116050720214844
0.0780563354492188 -0.104927062988281 0.0410614013671875 -0.15911865234375
0.0323638916015625 -0.125602722167969 0.00727844238281251 -0.153152465820313
-0.0333480834960938 -0.109413146972656 -0.0557937622070312 -0.127731323242188
-0.0837631225585938 -0.0720977783203125 -0.0829010009765625 -0.0705642700195313
-0.0979843139648438 -0.06719970703125 -0.0582847595214844 -0.0382919311523438
-0.116142272949219 -0.047454833984375 -0.0438652038574219 -0.00397109985351562
-0.0969924926757813 -0.0798568725585938 -0.0292377471923828 0.0330944061279297
-0.0780487060546875 -0.123809814453125 -0.0379676818847656 0.0701942443847656
-0.041290283203125 -0.1478271484375 -0.0939483642578125 0.0819778442382813
0.0670928955078125 -0.173385620117188 -0.128166198730469 0.0237274169921875
0.110397338867188 -0.142303466796875 -0.10028076171875 0.00679779052734374
0.171096801757813 -0.143203735351563 -0.0067615509033203 -0.0120706558227539
0.220611572265625 -0.074798583984375 -0.0769195556640625 -0.0854873657226562
0.198226928710938 -0.063995361328125 0.0504150390625 -0.0747833251953125
0.164642333984375 -0.14825439453125 0.0928268432617188 -0.126220703125
0.0818328857421875 -0.152542114257813 0.0495147705078125 -0.15185546875
0.0194854736328125 -0.163009643554688 0.017425537109375 -0.127792358398438
-0.0521926879882812 -0.131324768066406 -0.0288543701171875 -0.0896148681640625
-0.100181579589844 -0.0873260498046875 -0.0381088256835938 -0.0445747375488281
-0.109344482421875 -0.084320068359375 -0.0152797698974609 -0.0213909149169922
-0.12384033203125 -0.06689453125 -0.00106620788574219 0.0104951858520508
-0.090484619140625 -0.0972061157226563 0.00812530517578124 0.0550880432128906
-0.0647659301757813 -0.139503479003906 -0.0158233642578125 0.0875473022460937
-0.0237579345703125 -0.161346435546875 -0.08331298828125 0.0868759155273437
0.0993804931640625 -0.178955078125 -0.11871337890625 0.013641357421875
0.149322509765625 -0.132431030273438 -0.078399658203125 -0.0343246459960938
0.208633422851563 -0.112457275390625 0.0551834106445313 -0.0519523620605469
0.21990966796875 -0.0472564697265625 -0.00133514404296873 -0.108078002929688
0.21160888671875 -0.061126708984375 0.09417724609375 -0.103927612304688
0.170822143554688 -0.161788940429688 0.102958679199219 -0.126144409179687
0.072265625 -0.167007446289063 0.0574111938476563 -0.130393981933594
0.00610351562500001 -0.167556762695313 0.0324249267578125 -0.0923538208007813
-0.0622940063476563 -0.129463195800781 0.00777053833007812 -0.0498046875
-0.099945068359375 -0.0871429443359375 0.0116615295410156 -0.01995849609375
-0.104660034179687 -0.0883712768554688 0.0281581878662109 -0.00164985656738282
-0.113883972167969 -0.0759506225585938 0.0407600402832031 0.0312271118164063
-0.0707244873046875 -0.103668212890625 0.0390701293945313 0.082733154296875
-0.0393524169921875 -0.138229370117188 -0.00112152099609375 0.107833862304687
0.0029754638671875 -0.154205322265625 -0.0728530883789063 0.0901031494140625
0.126724243164063 -0.15789794921875 -0.101692199707031 0.00655364990234376
0.174209594726563 -0.100082397460938 -0.0450897216796875 -0.0616912841796875
0.2176513671875 -0.0637969970703125 0.120445251464844 -0.0740203857421875
0.180801391601563 -0.0100250244140625 0.0606765747070313 -0.123756408691406
0.184616088867188 -0.041900634765625 0.122390747070313 -0.12469482421875
0.144134521484375 -0.137588500976563 0.104331970214844 -0.114616394042969
0.052032470703125 -0.140045166015625 0.0675430297851563 -0.101814270019531
-0.00125885009765624 -0.135444641113281 0.0501747131347656 -0.0573921203613281
-0.0542221069335938 -0.104827880859375 0.0453605651855469 -0.017242431640625
-0.0811614990234375 -0.07257080078125 0.0584259033203125 -0.00131988525390625
-0.0848388671875 -0.0776138305664063 0.0662498474121094 0.0181999206542969
-0.0905380249023438 -0.0729217529296875 0.0761184692382812 0.0564498901367187
-0.0474319458007813 -0.0927886962890625 0.0590362548828125 0.113616943359375
-0.0162353515625 -0.118659973144531 0.00411224365234376 0.128913879394531
0.0229034423828125 -0.128303527832031 -0.0621719360351563 0.0937576293945313
0.133346557617188 -0.121475219726563 -0.0778961181640625 0.00691223144531249
0.175018310546875 -0.05682373046875 -0.00492095947265624 -0.0685348510742188
0.195358276367188 -0.0081787109375 0.179519653320313 -0.0729217529296875
0.113021850585938 0.033966064453125 0.09869384765625 -0.125518798828125
0.12762451171875 -0.006561279296875 0.133399963378906 -0.130706787109375
0.0965194702148438 -0.0791015625 0.10394287109375 -0.0947113037109375
0.0319061279296875 -0.079620361328125 0.0803909301757813 -0.0770111083984375
0.00502777099609374 -0.0766830444335938 0.0658912658691406 -0.0336112976074219
-0.027984619140625 -0.0660400390625 0.0736083984375 -0.000503540039062504
-0.0458946228027344 -0.0493736267089844 0.091705322265625 0.00998687744140625
-0.0532913208007813 -0.055145263671875 0.0924224853515625 0.0340728759765625
-0.0599250793457031 -0.0547866821289063 0.100631713867187 0.080169677734375
-0.0290679931640625 -0.06591796875 0.0693359375 0.140426635742187
-0.00759124755859374 -0.0835494995117188 0.00445556640624999 0.14593505859375
0.0221405029296875 -0.0925064086914062 -0.050628662109375 0.0999679565429688
0.112373352050781 -0.0819168090820313 -0.053680419921875 0.0201454162597656
0.147842407226562 -0.017578125 0.0318984985351563 -0.0541419982910156
0.142608642578125 0.041290283203125 0.225067138671875 -0.0507354736328125
-0.0650444030761719 -0.0636329650878906 -0.238754272460937 0.055999755859375
-0.0802459716796875 0.0114517211914063 -0.0674400329589844 0.0395965576171875
-0.0502548217773437 0.0588150024414063 0.0398521423339844 -0.0461807250976562
0.00707626342773438 0.05792236328125 0.041046142578125 -0.119224548339844
0.0182533264160156 0.0369338989257813 0.00112915039062499 -0.162322998046875
0.0164813995361328 0.0238437652587891 -0.0858917236328125 -0.168045043945313
0.0114688873291016 0.0251331329345703 -0.139442443847656 -0.0917434692382813
0.00725364685058594 0.030670166015625 -0.124259948730469 -0.043121337890625
0.00119400024414062 0.0306396484375 -0.110641479492188 -0.00817108154296873
-0.0191249847412109 0.0150413513183594 -0.103286743164062 0.00382995605468749
-0.0226020812988281 0.00707626342773438 -0.0846405029296875 0.0402450561523438
-0.0249958038330078 0.0126724243164063 -0.0950393676757812 0.0681381225585938
-0.0479164123535156 -0.00346374511718749 -0.125923156738281 0.0741348266601563
-0.058502197265625 -0.0384407043457031 -0.126876831054688 0.131668090820313
-0.0538482666015625 -0.0842514038085938 -0.113189697265625 0.123817443847656
0.023681640625 -0.0897674560546875 -0.239471435546875 0.023284912109375
-0.00906753540039062 -0.014643669128418 -0.0658378601074219 0.0107841491699219
0.0064239501953125 0.01055908203125 0.03753662109375 -0.0739517211914063
0.0362014770507813 0.0100860595703125 0.0315628051757812 -0.136543273925781
0.0293369293212891 -0.0168876647949219 -0.00173950195312502 -0.16802978515625
0.00142097473144531 -0.0244903564453125 -0.0864410400390625 -0.169082641601563
-0.0257568359375 -0.00970268249511719 -0.137916564941406 -0.094146728515625
-0.0363883972167969 -0.003448486328125 -0.119682312011719 -0.0455322265625
-0.0499458312988281 0.00486373901367188 -0.106170654296875 -0.00783538818359376
-0.059722900390625 -0.022003173828125 -0.0944442749023438 0.0115966796875
-0.0539360046386719 -0.0504264831542969 -0.0793991088867188 0.0482177734375
-0.0370140075683594 -0.0594940185546875 -0.1025390625 0.0725326538085938
-0.0044403076171875 -0.0810394287109375 -0.131233215332031 0.0573883056640625
0.00463867187500001 -0.092315673828125 -0.122276306152344 0.101066589355469
0.0299911499023438 -0.129486083984375 -0.0984115600585937 0.0899276733398438
0.111686706542969 -0.103271484375 -0.209121704101563 -0.0114288330078125
0.072906494140625 -0.0400466918945313 -0.0413398742675781 -0.0163078308105469
0.0689582824707031 -0.0493049621582031 0.0503921508789063 -0.100921630859375
0.0608940124511719 -0.04913330078125 0.0291595458984375 -0.154403686523438
0.032958984375 -0.0758056640625 -0.0037841796875 -0.167999267578125
-0.0177764892578125 -0.0727386474609375 -0.0806121826171875 -0.154525756835938
-0.0617523193359375 -0.0436782836914063 -0.121223449707031 -0.0841903686523437
-0.0765457153320313 -0.0360488891601563 -0.0981292724609375 -0.0424652099609375
-0.0939178466796875 -0.0195236206054687 -0.0826797485351563 -0.00467681884765624
-0.09051513671875 -0.0523452758789063 -0.066864013671875 0.0228691101074219
-0.079864501953125 -0.09344482421875 -0.0602684020996094 0.06146240234375
-0.0499954223632813 -0.1148681640625 -0.100090026855469 0.0831756591796875
0.028167724609375 -0.144882202148437 -0.134513854980469 0.0451431274414062
0.05841064453125 -0.13348388671875 -0.115249633789063 0.0610275268554687
0.10638427734375 -0.156494140625 -0.0621414184570312 0.0418281555175781
0.18316650390625 -0.1041259765625 -0.152664184570313 -0.045013427734375
0.148773193359375 -0.0643310546875 0.000564575195312506 -0.0447883605957031
0.124313354492187 -0.114418029785156 0.0701904296875 -0.1209716796875
0.0741653442382813 -0.113510131835938 0.0331878662109375 -0.163131713867188
0.0244598388671875 -0.132362365722656 -0.000488281250000015 -0.157058715820313
-0.0419769287109375 -0.111831665039063 -0.0640792846679688 -0.126625061035156
-0.09124755859375 -0.0699081420898438 -0.0877151489257813 -0.0656814575195313
-0.105323791503906 -0.062255859375 -0.0615615844726563 -0.0330429077148438
-0.122650146484375 -0.04168701171875 -0.0455322265625 0.00120544433593749
-0.104789733886719 -0.0768890380859375 -0.0282859802246094 0.0374069213867187
-0.0884857177734375 -0.123619079589844 -0.0349349975585938 0.0764389038085937
-0.05169677734375 -0.14990234375 -0.0911636352539063 0.0925140380859375
0.0572967529296875 -0.182937622070313 -0.132377624511719 0.034820556640625
0.105453491210938 -0.153305053710938 -0.104072570800781 0.015380859375
0.166000366210938 -0.157608032226563 -0.0106134414672851 -0.0102472305297852
0.223419189453125 -0.09100341796875 -0.0786972045898437 -0.0786285400390625
0.2001953125 -0.0799102783203125 0.0493698120117188 -0.07708740234375
0.159210205078125 -0.1639404296875 0.08770751953125 -0.132347106933594
0.07470703125 -0.162368774414063 0.04193115234375 -0.15618896484375
0.0089263916015625 -0.169509887695313 0.0102386474609375 -0.1312255859375
-0.0628433227539063 -0.132789611816406 -0.0337295532226563 -0.089385986328125
-0.108314514160156 -0.0844192504882813 -0.0405158996582031 -0.0424880981445313
-0.118682861328125 -0.078826904296875 -0.0168933868408203 -0.0190315246582031
-0.131317138671875 -0.059600830078125 -0.000227928161621103 0.0128087997436523
-0.098846435546875 -0.09527587890625 0.0116806030273437 0.0568008422851563
-0.0758819580078125 -0.139190673828125 -0.0109405517578125 0.093231201171875
-0.0341949462890625 -0.16455078125 -0.0803985595703125 0.0978775024414063
0.0898895263671875 -0.190811157226563 -0.123138427734375 0.0237350463867187
0.146453857421875 -0.145004272460938 -0.08367919921875 -0.0277023315429688
0.206069946289063 -0.130111694335938 0.0504074096679688 -0.0551223754882813
0.223037719726563 -0.06341552734375 -0.00321197509765623 -0.108024597167969
0.213531494140625 -0.0782623291015625 0.092559814453125 -0.109512329101563
0.162933349609375 -0.17840576171875 0.097625732421875 -0.13311767578125
0.0630645751953125 -0.175094604492187 0.0512542724609375 -0.134963989257813
-0.00552368164062502 -0.172149658203125 0.0281829833984375 -0.0958480834960938
-0.0720138549804687 -0.129440307617188 0.007080078125 -0.0506134033203125
-0.108177185058594 -0.0832595825195313 0.0122795104980469 -0.0203685760498047
-0.113380432128906 -0.0831375122070313 0.0292415618896484 -0.00222587585449219
-0.121879577636719 -0.0701675415039063 0.0436820983886719 0.0310440063476563
-0.0790176391601563 -0.102180480957031 0.0455093383789063 0.0827178955078125
-0.0495223999023438 -0.139396667480469 0.00534057617187499 0.111907958984375
-0.00642395019531251 -0.158370971679688 -0.0690841674804688 0.100143432617187
0.118392944335938 -0.170440673828125 -0.106216430664063 0.0151596069335937
0.172683715820313 -0.114395141601563 -0.0522193908691406 -0.0585975646972656
0.21826171875 -0.0811920166015625 0.115325927734375 -0.0820083618164063
0.184341430664063 -0.0233612060546875 0.0583114624023438 -0.128387451171875
0.185897827148438 -0.0575408935546875 0.120025634765625 -0.133476257324219
0.136062622070313 -0.1512451171875 0.101104736328125 -0.121681213378906
0.0436859130859375 -0.146270751953125 0.0635299682617188 -0.107078552246094
-0.0111770629882813 -0.138168334960938 0.048095703125 -0.06109619140625
-0.0626602172851563 -0.103866577148438 0.0471687316894531 -0.0206108093261719
-0.0873336791992188 -0.0686569213867188 0.0605430603027344 -0.00506210327148438
-0.0919723510742188 -0.0732650756835937 0.0686607360839844 0.0150871276855469
-0.0969467163085938 -0.066864013671875 0.0808944702148437 0.0540084838867187
-0.0542526245117188 -0.0926132202148438 0.0680084228515625 0.112579345703125
-0.0237579345703125 -0.119941711425781 0.0124053955078125 0.133193969726563
0.0154190063476562 -0.132072448730469 -0.0577545166015625 0.103012084960937
0.12689208984375 -0.133316040039063 -0.0817794799804687 0.0136032104492187
0.175186157226563 -0.0700531005859375 -0.0115966796875 -0.0690460205078125
0.198257446289063 -0.0231475830078125 0.176467895507813 -0.0850067138671875
0.117195129394531 0.0260696411132813 0.0968017578125 -0.133064270019531
0.129158020019531 -0.0180587768554688 0.130020141601563 -0.141769409179688
0.09161376953125 -0.0881500244140625 0.101913452148438 -0.102310180664063
0.0270919799804687 -0.0826339721679688 0.077972412109375 -0.0832443237304688
-0.00185394287109375 -0.0782546997070313 0.0656585693359375 -0.0379600524902344
-0.0334815979003906 -0.0646514892578125 0.0769882202148438 -0.0053253173828125
-0.0487556457519531 -0.0471687316894531 0.0954513549804688 0.00392913818359375
-0.0573921203613281 -0.0517845153808594 0.096588134765625 0.0294723510742187
-0.06390380859375 -0.0504913330078125 0.108192443847656 0.07586669921875
-0.0331993103027344 -0.0652198791503906 0.0806808471679688 0.139175415039063
-0.0119400024414062 -0.0841522216796875 0.0137481689453125 0.150405883789062
0.0166168212890625 -0.0943374633789063 -0.0469131469726563 0.107894897460938
0.106727600097656 -0.0911941528320312 -0.0560874938964844 0.0245895385742188
0.147994995117188 -0.02825927734375 0.0272674560546875 -0.0562515258789063
0.146957397460938 0.030792236328125 0.223297119140625 -0.06488037109375
-0.065521240234375 -0.0582351684570313 -0.235824584960938 0.0674591064453125
-0.0782394409179687 0.0156326293945313 -0.0651016235351562 0.043609619140625
-0.0459632873535156 0.0609016418457031 0.0398635864257812 -0.0482559204101562
0.0106124877929687 0.0553817749023437 0.0380630493164062 -0.122665405273438
0.0201454162597656 0.0345211029052734 -0.00521850585937499 -0.165939331054688
0.0160446166992188 0.0226478576660156 -0.0946044921875 -0.166915893554688
0.0117912292480469 0.0239086151123047 -0.14447021484375 -0.08563232421875
0.00839424133300781 0.0289268493652344 -0.127197265625 -0.0361557006835938
0.00193023681640625 0.0297279357910156 -0.111991882324219 -0.00222015380859375
-0.0193901062011719 0.0151214599609375 -0.105735778808594 0.00997924804687502
-0.0226383209228516 0.00712966918945313 -0.0853652954101563 0.0449371337890625
-0.0234909057617187 0.0125770568847656 -0.0937118530273437 0.073577880859375
-0.0463829040527344 -0.00219345092773438 -0.125274658203125 0.0801925659179688
-0.0589675903320313 -0.0356216430664063 -0.123161315917969 0.137969970703125
-0.0578384399414062 -0.0793914794921875 -0.110824584960938 0.129951477050781
0.022796630859375 -0.0890350341796875 -0.236221313476562 0.03570556640625
-0.0063924789428711 -0.0137548446655273 -0.0643730163574219 0.0152511596679687
0.00978183746337891 0.00939846038818359 0.035888671875 -0.07568359375
0.0377349853515625 0.00598526000976562 0.0278472900390625 -0.138870239257813
0.0289077758789062 -0.020416259765625 -0.007568359375 -0.17095947265625
-0.000514984130859376 -0.0260791778564453 -0.09478759765625 -0.167831420898438
-0.0277309417724609 -0.00974845886230469 -0.142547607421875 -0.0875701904296875
-0.0382308959960938 -0.00264739990234375 -0.122390747070313 -0.0390167236328125
-0.0510482788085938 0.00617980957031251 -0.108139038085938 -0.00149536132812499
-0.0621261596679688 -0.0204353332519531 -0.095794677734375 0.0173492431640625
-0.0572547912597656 -0.0495986938476563 -0.0790176391601563 0.0532073974609375
-0.0387115478515625 -0.059783935546875 -0.100776672363281 0.0792083740234375
-0.00626373291015626 -0.0822296142578125 -0.132057189941406 0.0654373168945312
0.002105712890625 -0.0924911499023438 -0.1197509765625 0.108413696289063
0.025299072265625 -0.129425048828125 -0.0969924926757813 0.0954742431640625
0.11083984375 -0.107566833496094 -0.206695556640625 0.000503540039062478
0.0746688842773438 -0.04376220703125 -0.0400276184082031 -0.0128707885742188
0.0695762634277344 -0.0538291931152344 0.047607421875 -0.102424621582031
0.0603523254394531 -0.0545768737792969 0.02447509765625 -0.155624389648438
0.0293426513671875 -0.0803375244140625 -0.010406494140625 -0.170135498046875
-0.022491455078125 -0.0740890502929688 -0.0882568359375 -0.152694702148438
-0.0651512145996094 -0.0427360534667969 -0.124839782714844 -0.0789566040039062
-0.0802230834960938 -0.033477783203125 -0.09967041015625 -0.036529541015625
-0.0967330932617188 -0.0156097412109375 -0.0836029052734375 0.000778198242187504
-0.0949783325195313 -0.050018310546875 -0.0670127868652344 0.0279617309570313
-0.0853958129882812 -0.0919647216796875 -0.058868408203125 0.0663642883300781
-0.0550003051757812 -0.115165710449219 -0.0973052978515625 0.0907821655273437
0.0224456787109375 -0.147918701171875 -0.13616943359375 0.0535125732421875
0.0548248291015625 -0.137077331542969 -0.114883422851563 0.0676956176757812
0.100555419921875 -0.161163330078125 -0.062957763671875 0.0459556579589844
0.181838989257813 -0.112808227539062 -0.150863647460938 -0.0354461669921875
0.149002075195312 -0.0732421875 0.00103378295898439 -0.0431594848632813
0.121353149414063 -0.122856140136719 0.0661697387695313 -0.123092651367188
0.0710525512695312 -0.119544982910156 0.027618408203125 -0.164108276367188
0.0186386108398438 -0.136024475097656 -0.006256103515625 -0.15789794921875
-0.0481491088867188 -0.112754821777344 -0.0700836181640625 -0.124282836914063
-0.0965957641601563 -0.0678558349609375 -0.0898895263671875 -0.0617828369140625
-0.110626220703125 -0.0585861206054687 -0.0628128051757812 -0.0287666320800781
-0.126220703125 -0.0363922119140625 -0.0452423095703125 0.00587463378906249
-0.109970092773438 -0.073333740234375 -0.0274658203125 0.0406265258789062
-0.0957794189453125 -0.121124267578125 -0.0324020385742188 0.079803466796875
-0.058441162109375 -0.14971923828125 -0.0871810913085938 0.100639343261719
0.048675537109375 -0.188705444335938 -0.134651184082031 0.0443191528320313
0.10107421875 -0.15997314453125 -0.105621337890625 0.0223770141601562
0.1605224609375 -0.1661376953125 -0.0137529373168945 -0.00873756408691407
0.222671508789062 -0.102813720703125 -0.078033447265625 -0.0727005004882813
0.199188232421875 -0.0908660888671875 0.049163818359375 -0.077606201171875
0.15289306640625 -0.174209594726563 0.0837783813476563 -0.13519287109375
0.069427490234375 -0.167999267578125 0.0357513427734375 -0.156829833984375
0.000900268554687505 -0.171951293945313 0.00576019287109376 -0.13165283203125
-0.0703125 -0.131973266601563 -0.0369491577148438 -0.0873947143554688
-0.114433288574219 -0.080963134765625 -0.0403594970703125 -0.0406112670898438
-0.123420715332031 -0.0745697021484375 -0.0167655944824219 -0.0168390274047852
-0.135482788085938 -0.0539016723632812 0.00030803680419921 0.0152177810668945
-0.104888916015625 -0.0923538208007813 0.0145149230957031 0.0578994750976562
-0.0835647583007813 -0.137992858886719 -0.0068359375 0.0958786010742187
-0.0413665771484375 -0.165115356445312 -0.0753097534179687 0.105888366699219
0.0811767578125 -0.197677612304688 -0.126014709472656 0.032440185546875
0.141311645507813 -0.1541748046875 -0.0877227783203125 -0.0217437744140625
0.201583862304687 -0.141494750976563 0.0459632873535156 -0.0564651489257813
0.222747802734375 -0.07611083984375 -0.00367736816406249 -0.10528564453125
0.211593627929688 -0.0908966064453125 0.0904464721679688 -0.112136840820313
0.155487060546875 -0.188446044921875 0.093658447265625 -0.136222839355469
0.056488037109375 -0.179931640625 0.0466156005859375 -0.136016845703125
-0.0149078369140625 -0.173736572265625 0.024932861328125 -0.0963211059570313
-0.0790939331054688 -0.128028869628906 0.00657653808593749 -0.0510025024414063
-0.113418579101562 -0.0795440673828125 0.0138568878173828 -0.0210189819335938
-0.118499755859375 -0.0775375366210938 0.0293159484863281 -0.00164031982421875
-0.125419616699219 -0.0638961791992187 0.0455741882324219 0.03125
-0.0843276977539063 -0.1004638671875 0.049896240234375 0.08172607421875
-0.0561752319335938 -0.138786315917969 0.010955810546875 0.115318298339844
-0.0128021240234375 -0.159332275390625 -0.0643692016601563 0.107192993164063
0.110107421875 -0.178497314453125 -0.108795166015625 0.0228118896484375
0.169158935546875 -0.124298095703125 -0.0573997497558594 -0.0544471740722656
0.2154541015625 -0.09381103515625 0.109764099121094 -0.0861663818359375
0.185470581054688 -0.03424072265625 0.0577468872070313 -0.130058288574219
0.18328857421875 -0.0684814453125 0.116920471191406 -0.138832092285156
0.127609252929688 -0.159835815429688 0.0969467163085938 -0.125473022460938
0.036773681640625 -0.14825439453125 0.0599746704101562 -0.108650207519531
-0.0191192626953125 -0.138092041015625 0.0467796325683594 -0.062469482421875
-0.0681915283203125 -0.101287841796875 0.0490188598632813 -0.0223731994628906
-0.0913543701171875 -0.0660018920898438 0.0623321533203125 -0.00821685791015625
-0.0957717895507813 -0.0679244995117187 0.07012939453125 0.0129203796386719
-0.100257873535156 -0.0623321533203125 0.084869384765625 0.0515518188476562
-0.0582656860351562 -0.0915603637695313 0.0741806030273438 0.110237121582031
-0.0293655395507812 -0.120048522949219 0.019195556640625 0.135467529296875
0.0100860595703125 -0.133338928222656 -0.0540237426757812 0.109092712402344
0.119743347167969 -0.140060424804688 -0.0844573974609375 0.01922607421875
0.172714233398438 -0.08001708984375 -0.0172348022460937 -0.0671958923339844
0.19793701171875 -0.0342254638671875 0.170745849609375 -0.092315673828125
0.119178771972656 0.0192718505859375 0.095733642578125 -0.137802124023438
0.127151489257813 -0.02642822265625 0.126312255859375 -0.147857666015625
0.0850677490234375 -0.0936508178710938 0.0994720458984375 -0.107078552246094
0.0223236083984375 -0.0834732055664063 0.07586669921875 -0.0868072509765625
-0.006378173828125 -0.0780029296875 0.0650138854980469 -0.0407752990722656
-0.0367698669433594 -0.0621376037597656 0.0794677734375 -0.00897979736328125
-0.05059814453125 -0.0448226928710938 0.097747802734375 -0.00127410888671875
-0.0592002868652344 -0.0477714538574219 0.0985870361328125 0.0252838134765625
-0.0652580261230469 -0.047210693359375 0.112373352050781 0.0712432861328125
-0.0355148315429687 -0.0642051696777344 0.086944580078125 0.136123657226563
-0.0155715942382813 -0.0836410522460938 0.0208740234375 0.153396606445313
0.0135421752929687 -0.0945205688476563 -0.0429916381835938 0.113265991210938
0.101531982421875 -0.0963592529296875 -0.0579605102539062 0.0285110473632812
0.145538330078125 -0.0366668701171875 0.0219268798828125 -0.0567855834960938
0.147918701171875 0.02252197265625 0.2193603515625 -0.0750274658203125
-0.065216064453125 -0.0551376342773438 -0.234756469726562 0.0751037597656249
-0.076171875 0.018768310546875 -0.0629539489746094 0.0467033386230469
-0.0425148010253906 0.0622482299804687 0.0407638549804687 -0.0506172180175781
0.0122833251953125 0.0526351928710937 0.0371780395507813 -0.126594543457031
0.0210380554199219 0.0329456329345703 -0.00938415527343749 -0.170211791992188
0.0159034729003906 0.0221347808837891 -0.101791381835938 -0.168258666992187
0.0114536285400391 0.0236873626708984 -0.148284912109375 -0.082244873046875
0.00887298583984375 0.0280933380126953 -0.129043579101563 -0.0325698852539062
0.00156211853027344 0.0291786193847656 -0.114532470703125 0.00102996826171878
-0.0203418731689453 0.0150318145751953 -0.108543395996094 0.0138626098632813
-0.023406982421875 0.00657272338867188 -0.0862503051757813 0.0482406616210937
-0.0225181579589844 0.0116310119628906 -0.0945053100585938 0.0767745971679688
-0.0451316833496094 -0.00106048583984376 -0.126304626464844 0.0854110717773438
-0.0589065551757812 -0.0339889526367188 -0.1220703125 0.143310546875
-0.0594253540039063 -0.075714111328125 -0.111518859863281 0.134849548339844
0.0238723754882812 -0.0889968872070313 -0.235153198242188 0.0433197021484374
-0.00372314453125 -0.0132303237915039 -0.062896728515625 0.0183753967285156
0.0125236511230469 0.00766468048095703 0.0363311767578125 -0.0772323608398438
0.039459228515625 0.00203704833984375 0.026275634765625 -0.14178466796875
0.0286026000976563 -0.0239582061767578 -0.01153564453125 -0.1746826171875
-0.00241661071777344 -0.0277767181396484 -0.101181030273437 -0.167877197265625
-0.0296535491943359 -0.0100765228271484 -0.146087646484375 -0.0845184326171875
-0.0396652221679687 -0.00253677368164063 -0.123741149902344 -0.0354080200195313
-0.0530509948730469 0.00732040405273437 -0.109275817871094 0.00297546386718749
-0.0642166137695313 -0.0197639465332031 -0.09814453125 0.021728515625
-0.0605659484863281 -0.0493125915527344 -0.079010009765625 0.0569229125976563
-0.0401496887207031 -0.0611038208007813 -0.101173400878906 0.0839920043945312
-0.00768280029296876 -0.0838470458984375 -0.134170532226563 0.07122802734375
0.00147247314453124 -0.0932159423828125 -0.119636535644531 0.114051818847656
0.0234146118164062 -0.129409790039063 -0.0987472534179687 0.0999526977539062
0.112113952636719 -0.111167907714844 -0.2052001953125 0.00785827636718746
0.0772628784179688 -0.046173095703125 -0.0385932922363281 -0.0102462768554688
0.070831298828125 -0.0582275390625 0.046875 -0.104270935058594
0.0611915588378906 -0.0594444274902344 0.0224761962890625 -0.157470703125
0.027679443359375 -0.0847702026367188 -0.0130157470703125 -0.173095703125
-0.0255126953125 -0.0764007568359375 -0.09326171875 -0.1527099609375
-0.0689735412597656 -0.0427055358886719 -0.127059936523438 -0.0757598876953125
-0.0833206176757813 -0.0322189331054688 -0.100685119628906 -0.0325164794921875
-0.100135803222656 -0.0136032104492187 -0.0845718383789062 0.00558471679687501
-0.0985794067382813 -0.0485458374023438 -0.068084716796875 0.0316810607910156
-0.0906524658203125 -0.0916519165039063 -0.0583915710449219 0.0702247619628906
-0.0584335327148438 -0.116447448730469 -0.09625244140625 0.0969924926757813
0.01910400390625 -0.151824951171875 -0.138908386230469 0.0604324340820313
0.0538253784179687 -0.140533447265625 -0.11578369140625 0.0735092163085938
0.098541259765625 -0.164520263671875 -0.0648994445800781 0.0493011474609375
0.183914184570313 -0.119674682617188 -0.148788452148438 -0.0293731689453125
0.15118408203125 -0.07861328125 0.00263214111328126 -0.0420074462890625
0.120994567871094 -0.129096984863281 0.0653305053710938 -0.124641418457031
0.070465087890625 -0.124343872070313 0.025238037109375 -0.16534423828125
0.0149612426757812 -0.14056396484375 -0.00953674316406249 -0.160415649414063
-0.0529251098632813 -0.114852905273438 -0.0731277465820313 -0.123741149902344
-0.101165771484375 -0.0668563842773438 -0.0907745361328125 -0.0588836669921875
-0.114891052246094 -0.0561599731445313 -0.0630416870117188 -0.0253791809082031
-0.130020141601562 -0.0329971313476563 -0.0449676513671875 0.00965118408203125
-0.114334106445313 -0.072845458984375 -0.0270767211914063 0.0434837341308594
-0.101791381835937 -0.1212158203125 -0.0310287475585938 0.0840682983398438
-0.063201904296875 -0.151657104492188 -0.0856399536132812 0.107452392578125
0.0450439453125 -0.193634033203125 -0.137298583984375 0.0509490966796875
0.099884033203125 -0.165359497070313 -0.107612609863281 0.0273208618164063
0.158599853515625 -0.172760009765625 -0.0163888931274414 -0.00649166107177736
0.224594116210938 -0.110992431640625 -0.0756378173828125 -0.0690841674804688
0.200775146484375 -0.0994415283203125 0.0499954223632813 -0.07763671875
0.150115966796875 -0.182357788085938 0.0825271606445313 -0.136383056640625
0.066741943359375 -0.172988891601563 0.0333709716796875 -0.15777587890625
-0.00447082519531249 -0.17547607421875 0.003631591796875 -0.133529663085938
-0.0755081176757813 -0.133224487304687 -0.0376129150390625 -0.087799072265625
-0.118865966796875 -0.079986572265625 -0.0406570434570313 -0.0402145385742188
-0.128074645996094 -0.0716094970703125 -0.0166501998901367 -0.0143041610717774
-0.13897705078125 -0.0503387451171875 0.00133323669433593 0.0176677703857422
-0.108871459960937 -0.0916213989257813 0.0159797668457031 0.0592231750488281
-0.0891342163085937 -0.138473510742188 -0.00467681884765626 0.0992584228515625
-0.0465545654296875 -0.166915893554688 -0.0732269287109375 0.112464904785156
0.075927734375 -0.203659057617188 -0.129135131835938 0.0393829345703125
0.14056396484375 -0.160903930664063 -0.0907974243164063 -0.018035888671875
0.201263427734375 -0.149383544921875 0.0423126220703125 -0.0567665100097656
0.224685668945313 -0.0843658447265625 -0.000755310058593743 -0.105049133300781
0.211959838867188 -0.099853515625 0.0919113159179688 -0.113937377929688
0.150344848632813 -0.19671630859375 0.0928878784179688 -0.137870788574219
0.052093505859375 -0.183670043945312 0.0450286865234375 -0.136543273925781
-0.0208282470703125 -0.175582885742188 0.0240859985351563 -0.0972518920898438
-0.0843429565429688 -0.127853393554687 0.00761032104492187 -0.0507621765136719
-0.117546081542969 -0.0781936645507812 0.0144443511962891 -0.0223026275634766
-0.123313903808594 -0.0746231079101562 0.0309066772460937 -0.00114059448242188
-0.12890625 -0.0607528686523438 0.0475616455078125 0.0324211120605469
-0.088470458984375 -0.100509643554687 0.053131103515625 0.0822601318359375
-0.0612258911132812 -0.13983154296875 0.0145721435546875 0.118537902832031
-0.016754150390625 -0.161468505859375 -0.0620346069335938 0.114250183105469
0.105453491210938 -0.1842041015625 -0.111518859863281 0.028411865234375
0.168685913085938 -0.131103515625 -0.0610389709472656 -0.0515022277832031
0.2156982421875 -0.101455688476562 0.106246948242188 -0.0884857177734375
0.186798095703125 -0.04180908203125 0.059539794921875 -0.13189697265625
0.182998657226562 -0.0768890380859375 0.116973876953125 -0.142196655273438
0.122726440429687 -0.166229248046875 0.09649658203125 -0.127723693847656
0.0333404541015625 -0.150726318359375 0.0585861206054688 -0.110588073730469
-0.0238494873046875 -0.138938903808594 0.0465965270996094 -0.0637931823730469
-0.072509765625 -0.100067138671875 0.0513381958007812 -0.0237884521484375
-0.0944442749023437 -0.0646286010742187 0.0646400451660156 -0.0103416442871094
-0.0987091064453125 -0.0650558471679688 0.071624755859375 0.01220703125
-0.102119445800781 -0.0593185424804688 0.0872573852539063 0.0514678955078125
-0.06097412109375 -0.091583251953125 0.0780715942382813 0.110267639160156
-0.0323410034179687 -0.121391296386719 0.0236740112304688 0.139564514160156
0.00752258300781251 -0.135185241699219 -0.0513839721679688 0.115058898925781
0.11627197265625 -0.145263671875 -0.0871734619140625 0.024078369140625
0.17144775390625 -0.086517333984375 -0.0213775634765625 -0.0657005310058594
0.199005126953125 -0.041351318359375 0.168304443359375 -0.0964813232421875
0.120285034179688 0.0140457153320313 0.097198486328125 -0.141708374023438
0.126541137695312 -0.031585693359375 0.126312255859375 -0.152450561523438
0.0807571411132813 -0.0972747802734375 0.099395751953125 -0.110122680664062
0.0199356079101562 -0.0842742919921875 0.0752639770507813 -0.0887527465820313
-0.00953674316406251 -0.0775146484375 0.0662040710449219 -0.0419349670410156
-0.0393943786621094 -0.0615196228027344 0.0825881958007813 -0.0106964111328125
-0.0522842407226563 -0.0442695617675781 0.0995635986328125 -0.00492095947265625
-0.0605926513671875 -0.0456428527832031 0.0998764038085938 0.0237960815429688
-0.0660476684570313 -0.0442237854003906 0.115768432617188 0.070343017578125
-0.0369949340820313 -0.0639991760253906 0.0924606323242188 0.135971069335938
-0.0174407958984375 -0.083587646484375 0.025482177734375 0.157012939453125
0.011444091796875 -0.0946197509765625 -0.041259765625 0.118064880371094
0.09814453125 -0.0992507934570313 -0.0601882934570313 0.0312576293945312
0.144500732421875 -0.04144287109375 0.0183143615722656 -0.0569229125976563
0.14990234375 0.01702880859375 0.217437744140625 -0.080902099609375
-0.0657463073730469 -0.0539665222167969 -0.23736572265625 0.082244873046875
-0.0752182006835938 0.021270751953125 -0.0622978210449219 0.0505142211914063
-0.0410614013671875 0.06396484375 0.0426445007324219 -0.0532646179199219
0.013458251953125 0.0514755249023438 0.0377273559570312 -0.132171630859375
0.0222434997558594 0.0313644409179688 -0.0125274658203125 -0.177703857421875
0.0166568756103516 0.0224380493164063 -0.109375 -0.17254638671875
0.0118503570556641 0.0240821838378906 -0.15423583984375 -0.081573486328125
0.00914573669433594 0.0280570983886719 -0.132682800292969 -0.0305862426757812
0.00183868408203125 0.0293903350830078 -0.118667602539063 0.00444030761718751
-0.0215167999267578 0.0155963897705078 -0.11309814453125 0.018035888671875
-0.0244865417480469 0.00670433044433594 -0.088653564453125 0.0520477294921875
-0.0216999053955078 0.0106658935546875 -0.0968856811523437 0.0811004638671875
-0.0451316833496094 -0.000797271728515618 -0.130294799804688 0.0904541015625
-0.0605392456054687 -0.0326461791992187 -0.123977661132813 0.149551391601562
-0.0607833862304688 -0.0742111206054687 -0.115402221679688 0.140388488769531
0.0259628295898438 -0.0908966064453125 -0.237640380859375 0.0500946044921875
-0.00144767761230469 -0.0134563446044922 -0.0623970031738281 0.0215034484863281
0.0151519775390625 0.00617027282714844 0.0374984741210938 -0.07977294921875
0.0410652160644531 -0.00150680541992188 0.026092529296875 -0.146347045898438
0.0289096832275391 -0.0272254943847656 -0.0143890380859375 -0.1815185546875
-0.00381851196289063 -0.0297088623046875 -0.1077880859375 -0.171340942382812
-0.0317726135253906 -0.0102481842041016 -0.15155029296875 -0.0836334228515625
-0.0418548583984375 -0.00237274169921875 -0.127059936523438 -0.0327911376953125
-0.0557022094726563 0.00797653198242186 -0.112297058105469 0.00621795654296877
-0.0679435729980469 -0.0196952819824219 -0.101676940917969 0.0261077880859375
-0.063751220703125 -0.0505027770996094 -0.0810546875 0.0614547729492188
-0.0424613952636719 -0.0637779235839844 -0.102607727050781 0.0898056030273437
-0.00894165039062501 -0.0873489379882813 -0.138748168945313 0.076751708984375
0.00128936767578125 -0.0956954956054688 -0.121871948242188 0.120018005371094
0.0230636596679688 -0.132057189941406 -0.102401733398438 0.105255126953125
0.116447448730469 -0.115951538085937 -0.206466674804687 0.013336181640625
0.0810928344726563 -0.0493087768554688 -0.0373878479003906 -0.00830078125
0.07415771484375 -0.0633926391601563 0.0479354858398438 -0.106727600097656
0.0632247924804688 -0.0644989013671875 0.02215576171875 -0.161773681640625
0.0268936157226562 -0.0898208618164063 -0.016204833984375 -0.1793212890625
-0.0286712646484375 -0.0800094604492188 -0.0986175537109375 -0.155380249023438
-0.073516845703125 -0.0434799194335938 -0.131423950195313 -0.0751876831054688
-0.0877838134765625 -0.0317916870117188 -0.103294372558594 -0.0303955078125
-0.104103088378906 -0.0122756958007812 -0.08612060546875 0.00910949707031251
-0.103462219238281 -0.0490264892578125 -0.0704193115234375 0.0356369018554687
-0.0959930419921875 -0.0934524536132812 -0.059539794921875 0.0753097534179688
-0.0622940063476563 -0.120536804199219 -0.0975418090820313 0.103485107421875
0.017120361328125 -0.157760620117188 -0.143905639648437 0.067626953125
0.0546417236328125 -0.14599609375 -0.118721008300781 0.0789566040039063
0.0993194580078125 -0.170455932617188 -0.0689582824707031 0.0532035827636719
0.189682006835938 -0.127151489257813 -0.148529052734375 -0.0257415771484375
0.156036376953125 -0.084686279296875 0.00505447387695313 -0.0405387878417969
0.123176574707031 -0.137222290039063 0.0662155151367188 -0.127403259277344
0.071197509765625 -0.131858825683594 0.0242156982421875 -0.168853759765625
0.0122222900390625 -0.147125244140625 -0.0121002197265625 -0.1654052734375
-0.0577239990234375 -0.118545532226563 -0.076416015625 -0.125984191894531
-0.107032775878906 -0.068145751953125 -0.0933609008789063 -0.0586700439453125
-0.120681762695312 -0.0556182861328125 -0.0636558532714844 -0.0234870910644531
-0.135017395019531 -0.0311431884765625 -0.044891357421875 0.0130882263183594
-0.119773864746094 -0.0736465454101563 -0.027252197265625 0.0462532043457031
-0.108283996582031 -0.123527526855469 -0.0301513671875 0.0892715454101562
-0.0676727294921875 -0.156402587890625 -0.0848770141601563 0.115043640136719
0.042022705078125 -0.201446533203125 -0.14276123046875 0.0589447021484375
0.10107421875 -0.173248291015625 -0.111343383789063 0.032012939453125
0.161544799804688 -0.180419921875 -0.0199432373046875 -0.00499153137207032
0.230316162109375 -0.120025634765625 -0.0743484497070313 -0.0677719116210938
0.205673217773438 -0.107818603515625 0.0533905029296875 -0.0785980224609375
0.150527954101563 -0.1925048828125 0.0842361450195313 -0.140037536621094
0.066192626953125 -0.180740356445313 0.0338897705078125 -0.160797119140625
-0.00907897949218752 -0.181884765625 0.00228881835937501 -0.137474060058594
-0.0811920166015625 -0.1370849609375 -0.038543701171875 -0.0890579223632813
-0.12603759765625 -0.080169677734375 -0.0413131713867188 -0.0402946472167969
-0.134895324707031 -0.0707244873046875 -0.0158281326293945 -0.012965202331543
-0.144973754882812 -0.0489959716796875 0.00270652770996093 0.0203533172607422
-0.114784240722656 -0.0933685302734375 0.0172042846679687 0.0620498657226563
-0.09515380859375 -0.141708374023437 -0.0025482177734375 0.104827880859375
-0.0504302978515625 -0.172088623046875 -0.0720367431640625 0.120651245117188
0.074066162109375 -0.2127685546875 -0.134574890136719 0.0466537475585937
0.1427001953125 -0.169036865234375 -0.0949172973632812 -0.014373779296875
0.205078125 -0.158279418945313 0.0400924682617188 -0.0577888488769531
0.230712890625 -0.09375 0.00154113769531252 -0.106636047363281
0.2154541015625 -0.108779907226562 0.0949935913085938 -0.117637634277344
0.149444580078125 -0.206314086914063 0.0950775146484375 -0.141128540039063
0.0506134033203125 -0.190322875976563 0.0453338623046875 -0.139060974121094
-0.0258026123046875 -0.180770874023438 0.0241317749023437 -0.100143432617188
-0.09051513671875 -0.129951477050781 0.00890350341796875 -0.0521697998046875
-0.123733520507812 -0.0788345336914062 0.0157794952392578 -0.0236358642578125
-0.128578186035156 -0.0737457275390625 0.0327835083007812 -0.00030136108398438
-0.13348388671875 -0.05902099609375 0.0504302978515625 0.0338897705078125
-0.0928802490234375 -0.102561950683594 0.0561141967773437 0.08514404296875
-0.06622314453125 -0.143936157226563 0.0181808471679688 0.124427795410156
-0.0196685791015625 -0.166854858398437 -0.0601348876953125 0.121353149414063
0.104385375976563 -0.192779541015625 -0.117401123046875 0.0349502563476562
0.170791625976563 -0.13916015625 -0.0656700134277344 -0.0501060485839844
0.220962524414063 -0.109786987304688 0.10601806640625 -0.0913848876953125
0.191131591796875 -0.049591064453125 0.06341552734375 -0.1361083984375
0.185287475585937 -0.08453369140625 0.120269775390625 -0.147308349609375
0.12078857421875 -0.174423217773437 0.0989151000976563 -0.131973266601563
0.031097412109375 -0.155670166015625 0.059722900390625 -0.112960815429688
-0.028839111328125 -0.142288208007813 0.0485267639160156 -0.0655593872070313
-0.0769805908203125 -0.101554870605469 0.0549850463867187 -0.0258255004882813
-0.098663330078125 -0.0639801025390625 0.0675239562988281 -0.0134010314941406
-0.10321044921875 -0.0642471313476563 0.0743789672851562 0.012115478515625
-0.105400085449219 -0.0584335327148438 0.0915756225585938 0.0519790649414062
-0.0644454956054688 -0.0942459106445312 0.0830078125 0.11273193359375
-0.035980224609375 -0.124237060546875 0.028106689453125 0.145217895507813
0.0059967041015625 -0.139335632324219 -0.0500030517578125 0.122543334960938
0.11553955078125 -0.1513671875 -0.091705322265625 0.0289764404296875
0.174484252929687 -0.093017578125 -0.0251998901367187 -0.0652503967285156
0.204193115234375 -0.0479278564453125 0.169784545898438 -0.100616455078125
0.123908996582031 0.0095977783203125 0.100967407226563 -0.147598266601563
0.127822875976563 -0.0368423461914063 0.129135131835938 -0.158523559570313
0.078765869140625 -0.101921081542969 0.102226257324219 -0.114341735839844
0.01873779296875 -0.0862579345703125 0.07769775390625 -0.09246826171875
-0.012603759765625 -0.0788040161132812 0.0686569213867188 -0.0440597534179688
-0.0421257019042969 -0.0613441467285156 0.0873641967773438 -0.0132217407226563
-0.0546684265136719 -0.0448150634765625 0.103355407714844 -0.00788116455078125
-0.0621337890625 -0.0448989868164063 0.104095458984375 0.0232391357421875
-0.0676231384277344 -0.0437583923339844 0.120689392089844 0.0706558227539063
-0.0388641357421875 -0.0656242370605469 0.0982284545898438 0.138900756835938
-0.0189285278320313 -0.0856170654296875 0.0300445556640625 0.163253784179688
0.0108871459960938 -0.096710205078125 -0.0398025512695313 0.124931335449219
0.097412109375 -0.103691101074219 -0.0637283325195312 0.0350074768066406
0.146591186523437 -0.046539306640625 0.0157432556152344 -0.0572242736816406
0.153472900390625 0.0129852294921875 0.2203369140625 -0.0859832763671875
-0.0677947998046875 -0.0528450012207031 -0.243072509765625 0.0932159423828125
-0.0756759643554687 0.0247802734375 -0.0623703002929688 0.055328369140625
-0.038543701171875 0.0663566589355469 0.0446815490722656 -0.0576934814453125
0.0151214599609375 0.0509414672851563 0.0369338989257813 -0.139961242675781
0.0243721008300781 0.0306205749511719 -0.019317626953125 -0.187545776367188
0.0174522399902344 0.0225715637207031 -0.12103271484375 -0.178085327148438
0.0121192932128906 0.0242710113525391 -0.16314697265625 -0.0803375244140625
0.00938987731933594 0.0283336639404297 -0.138954162597656 -0.02764892578125
0.00166511535644531 0.0303173065185547 -0.124595642089844 0.00854492187500002
-0.0231552124023438 0.0167598724365234 -0.119140625 0.0236740112304688
-0.0254783630371094 0.0069122314453125 -0.0919036865234375 0.0575714111328125
-0.0223865509033203 0.0102386474609375 -0.100257873535156 0.0880584716796875
-0.0459976196289062 -0.000457763671874992 -0.1356201171875 0.0983810424804688
-0.0624771118164062 -0.0316963195800781 -0.1260986328125 0.15966796875
-0.0646438598632813 -0.0736007690429688 -0.119613647460938 0.15057373046875
0.0273361206054687 -0.0950546264648438 -0.243392944335938 0.0600891113281249
0.00104713439941406 -0.0144367218017578 -0.0624809265136719 0.0254325866699219
0.0185565948486328 0.00405120849609375 0.0383682250976563 -0.0847930908203125
0.0434455871582031 -0.00543975830078125 0.02435302734375 -0.154327392578125
0.0292434692382813 -0.0319404602050781 -0.0201416015625 -0.190841674804688
-0.00621223449707032 -0.0322723388671875 -0.119293212890625 -0.176620483398438
-0.0354347229003906 -0.0106086730957031 -0.160446166992188 -0.08245849609375
-0.0455474853515625 -0.00168228149414062 -0.132720947265625 -0.0290069580078125
-0.0590744018554688 0.00978851318359376 -0.117568969726563 0.0119857788085938
-0.072509765625 -0.0189208984375 -0.106613159179688 0.0323715209960937
-0.0695075988769531 -0.0512809753417969 -0.0838699340820313 0.0682830810546875
-0.04559326171875 -0.0675010681152344 -0.105140686035156 0.0987091064453125
-0.011383056640625 -0.0920867919921875 -0.14501953125 0.086151123046875
0.000450134277343754 -0.100013732910156 -0.125106811523438 0.129692077636719
0.0219345092773437 -0.136947631835938 -0.106666564941406 0.113739013671875
0.120536804199219 -0.124702453613281 -0.210723876953125 0.0215148925781249
0.0858993530273438 -0.0550155639648438 -0.0365257263183594 -0.00538635253906251
0.0764007568359375 -0.0707778930664063 0.048187255859375 -0.11187744140625
0.0651626586914063 -0.0719223022460938 0.019622802734375 -0.169143676757812
0.0247116088867188 -0.097137451171875 -0.02166748046875 -0.188201904296875
-0.0338287353515625 -0.0844497680664063 -0.107711791992188 -0.159637451171875
-0.079986572265625 -0.0434494018554687 -0.138595581054688 -0.0740814208984375
-0.0937728881835938 -0.0297088623046875 -0.107429504394531 -0.0270767211914063
-0.110466003417969 -0.00936126708984373 -0.0890045166015625 0.0140228271484375
-0.110847473144531 -0.0488433837890625 -0.0739212036132813 0.0422592163085938
-0.1044921875 -0.0947723388671875 -0.0607452392578125 0.0818252563476563
-0.068939208984375 -0.126121520996094 -0.0982666015625 0.113471984863281
0.0128936767578125 -0.166229248046875 -0.151168823242188 0.078033447265625
0.05450439453125 -0.154739379882813 -0.122093200683594 0.0877151489257812
0.10076904296875 -0.180633544921875 -0.073089599609375 0.059326171875
0.196456909179687 -0.13922119140625 -0.151473999023438 -0.021881103515625
0.162612915039063 -0.094085693359375 0.00732421875000001 -0.0405845642089844
0.124801635742188 -0.149307250976563 0.0669937133789063 -0.133659362792969
0.0716552734375 -0.141937255859375 0.0227203369140625 -0.176361083984375
0.00753784179687501 -0.15618896484375 -0.0166778564453125 -0.1729736328125
-0.0651016235351562 -0.123825073242188 -0.082733154296875 -0.12982177734375
-0.115676879882813 -0.068511962890625 -0.0982437133789063 -0.0579376220703125
-0.129287719726563 -0.0537567138671875 -0.0659942626953125 -0.0215301513671875
-0.143325805664062 -0.0281219482421875 -0.0464096069335938 0.0169830322265625
-0.128860473632813 -0.074432373046875 -0.0284767150878906 0.0517539978027344
-0.118545532226563 -0.125999450683594 -0.028900146484375 0.0966110229492188
-0.075286865234375 -0.163665771484375 -0.0844268798828125 0.125907897949219
0.03759765625 -0.212982177734375 -0.149322509765625 0.0688934326171875
0.10198974609375 -0.1844482421875 -0.116867065429687 0.0387649536132812
0.164657592773438 -0.193283081054688 -0.023712158203125 -0.00337409973144532
0.238540649414063 -0.134750366210938 -0.0743026733398438 -0.06768798828125
0.211837768554688 -0.119964599609375 0.0567779541015625 -0.0817794799804688
0.150787353515625 -0.206695556640625 0.0850372314453125 -0.146484375
0.06585693359375 -0.192306518554688 0.03173828125 -0.16705322265625
-0.0159759521484375 -0.191146850585938 -0.000366210937499998 -0.14373779296875
-0.090545654296875 -0.141357421875 -0.0407485961914063 -0.0916824340820313
-0.135826110839844 -0.0806121826171875 -0.0433807373046875 -0.0407638549804688
-0.14447021484375 -0.0688323974609375 -0.0155696868896484 -0.0119247436523438
-0.1536865234375 -0.04571533203125 0.00464439392089843 0.0230808258056641
-0.124282836914062 -0.0952911376953125 0.0196647644042969 0.0659446716308594
-0.105422973632812 -0.146255493164063 0.00164794921875 0.112327575683594
-0.05706787109375 -0.180191040039063 -0.070648193359375 0.131027221679688
0.070281982421875 -0.225906372070312 -0.140899658203125 0.056365966796875
0.145126342773438 -0.182327270507813 -0.101814270019531 -0.00964355468750001
0.210662841796875 -0.172607421875 0.0374679565429688 -0.0596771240234375
0.238967895507813 -0.107208251953125 0.00316619873046877 -0.110542297363281
0.221054077148438 -0.121917724609375 0.0986557006835938 -0.123329162597656
0.1480712890625 -0.221771240234375 0.0968475341796875 -0.148529052734375
0.04833984375 -0.201461791992188 0.0451812744140625 -0.145584106445312
-0.03460693359375 -0.18792724609375 0.0240249633789062 -0.104827880859375
-0.099334716796875 -0.133499145507813 0.010223388671875 -0.0548133850097656
-0.133277893066406 -0.078216552734375 0.0166950225830078 -0.0256805419921875
-0.137481689453125 -0.0721054077148438 0.0354881286621094 -0.000102996826171879
-0.141525268554688 -0.0572052001953125 0.0553741455078125 0.0356254577636719
-0.101707458496094 -0.10595703125 0.0615463256835938 0.0886764526367188
-0.074554443359375 -0.148269653320313 0.0238113403320312 0.131599426269531
-0.0250396728515625 -0.175338745117188 -0.05792236328125 0.132217407226563
0.101882934570313 -0.205337524414063 -0.123153686523438 0.0434722900390625
0.17529296875 -0.151351928710938 -0.071807861328125 -0.0478134155273438
0.228607177734375 -0.123092651367188 0.105400085449219 -0.0972518920898438
0.198074340820313 -0.05950927734375 0.0661163330078125 -0.143386840820313
0.189193725585938 -0.0961761474609375 0.124176025390625 -0.155990600585938
0.118026733398438 -0.186264038085938 0.101631164550781 -0.139404296875
0.0284881591796875 -0.163558959960938 0.0610733032226563 -0.118522644042969
-0.0360565185546875 -0.147445678710938 0.050628662109375 -0.0696525573730469
-0.0844955444335937 -0.103057861328125 0.0592803955078125 -0.0289382934570313
-0.106758117675781 -0.0639877319335938 0.0706863403320313 -0.0158920288085938
-0.109626770019531 -0.0632476806640625 0.0795669555664063 0.0114059448242187
-0.111778259277344 -0.0570831298828125 0.0982208251953125 0.05340576171875
-0.0707168579101562 -0.0968551635742188 0.090606689453125 0.116630554199219
-0.0417709350585938 -0.129890441894531 0.0345916748046875 0.153396606445313
0.0034942626953125 -0.146377563476563 -0.0480117797851563 0.132102966308594
0.11505126953125 -0.161697387695313 -0.0973739624023438 0.03509521484375
0.179183959960937 -0.102737426757813 -0.030120849609375 -0.0650215148925781
0.211578369140625 -0.0579681396484375 0.171524047851562 -0.109085083007812
0.128868103027344 0.0045318603515625 0.104507446289063 -0.156982421875
0.130500793457031 -0.0432281494140625 0.132583618164063 -0.169021606445313
0.0771942138671875 -0.108436584472656 0.105995178222656 -0.122077941894531
0.0168914794921875 -0.0900344848632813 0.0793304443359375 -0.09832763671875
-0.0167617797851563 -0.08062744140625 0.0723953247070313 -0.0480499267578125
-0.0460166931152344 -0.0614585876464844 0.0930023193359375 -0.0173568725585938
-0.0586013793945313 -0.0442390441894531 0.108970642089844 -0.0128173828125
-0.0657730102539063 -0.0438041687011719 0.110084533691406 0.0217208862304687
-0.0708465576171875 -0.043212890625 0.128547668457031 0.0709915161132813
-0.0424461364746094 -0.0672760009765625 0.106292724609375 0.142730712890625
-0.0222549438476562 -0.0889053344726562 0.0369873046875 0.171768188476563
0.0101089477539062 -0.101333618164063 -0.037322998046875 0.133628845214844
0.097015380859375 -0.109443664550781 -0.0682640075683594 0.0404052734375
0.149993896484375 -0.0529327392578125 0.0123519897460938 -0.05902099609375
0.159881591796875 0.0077362060546875 0.225204467773438 -0.095855712890625
0.0192979032805613 0.0674634709760274 -0.212194639644471 -0.160602219315562
0.0736795916651409 0.0372466208088886 -0.0800665082474597 -0.0438887619033822
0.0760060982092991 -0.000994817579389143 0.0712975671571884 -0.00412013371706051
0.0312122985468784 -0.0362460114852174 0.136453670595958 -0.0415019321304368
0.00823994136653869 -0.0207782853067566 0.162598381783897 -0.127578494556453
0.0165191007625 -0.00676109045410663 0.102482014383195 -0.196900149995804
0.0255032466534488 -0.0185534094492786 0.0141836245229343 -0.191049690530882
0.0246439357186442 -0.0244763023339069 -0.0452849007453613 -0.151701530759862
0.0343457755601236 -0.0170176860711905 -0.0668564431218919 -0.119329925806339
0.0362286992127192 0.00415559531555959 -0.0810670237683949 -0.0971919057926301
0.0283040683851273 0.0131762969443386 -0.1008793732726 -0.0616106303314297
0.0277624465614895 0.0092653505329074 -0.135557856092936 -0.0538086712633348
0.0442545653485348 0.026962984209879 -0.160308379909156 -0.0619969982782615
0.0211448839304104 0.0579217961610909 -0.199584676491745 -0.0302811257522049
-0.0194210344738149 0.0780401530731962 -0.187826542584081 0.0047981113028461
-0.068190615907453 0.0159930329898713 -0.185388052873438 -0.162744940784918
-0.00964077394851228 0.00232791056657796 -0.0555541981142612 -0.0411671829474642
-0.011659338959569 -0.0090642340900863 0.10147359055273 -0.00449164618408117
-0.0389029661562853 -0.0185329404086886 0.154196791170583 -0.0446149344738492
-0.0424931828115096 0.0240362833123238 0.175628613245425 -0.127769501886542
-0.0116866674903409 0.0476165096556024 0.112238009233264 -0.192994212537456
0.0199796771389497 0.0445733594536041 0.0267254171246778 -0.188875954902967
0.0389695218412108 0.036154485162477 -0.0353332364418936 -0.149800945353968
0.0534773059175838 0.0485567049327939 -0.0600417555160816 -0.112924742751424
0.0402612741013504 0.0687095911374104 -0.0730530672036187 -0.0822411122969177
0.0156703545202087 0.0867434208818172 -0.0969242763078089 -0.0464121115216193
-0.0251855674411806 0.0793336202401892 -0.136585046231166 -0.0445670048482197
-0.0433971911178096 0.0733898888855063 -0.152131304664688 -0.0675412236596205
-0.0709487366546936 0.0533958055930943 -0.176287922860603 -0.0333416313978597
-0.11546320859726 0.0443719983230229 -0.159992738080285 -0.000184135528335984
-0.148149915078116 -0.0399288606191632 -0.136650964131966 -0.141371269827446
-0.102462460979987 -0.0370091424015878 -0.0158086931806803 -0.0126183966819568
-0.111915966649556 -0.00986260065113551 0.143561597013384 0.0125933733890174
-0.114372151147347 0.0127523422218084 0.180532201100846 -0.0422024665496145
-0.0881234266293693 0.0769710227296137 0.182420777059993 -0.125284705995196
-0.0352725975401669 0.102339748099832 0.11167223341124 -0.174018659639869
0.0133136220856565 0.103942168430087 0.0361362449960045 -0.164971022986827
0.0486281143917414 0.0918542226914718 -0.0200593310847671 -0.125505521230662
0.0661197931488658 0.105047494674758 -0.0433261479521834 -0.0867505825321802
0.0394861985980234 0.119683355020268 -0.0577609164230381 -0.0483535567545942
0.00642695546872812 0.143824139426986 -0.0904921685369174 -0.0150840830102986
-0.0617752343902258 0.136897744548065 -0.137933662739594 -0.0242839410721657
-0.112348071799794 0.113893784537977 -0.14446799893349 -0.0691844040203971
-0.147632122841208 0.0484780911607463 -0.141296019887793 -0.0440842716428556
-0.192750154990266 0.00796320997603228 -0.104762317445825 -0.00273680720959283
-0.208803695099666 -0.0874422776367615 -0.0678441495416217 -0.102705929222177
-0.189371691174095 -0.0694923697524225 0.0368619712176771 0.029405588944534
-0.209431896704711 0.000414157106956532 0.187596256753244 0.0390207501262274
-0.181121179465031 0.0582218189631015 0.205151681015714 -0.0322982728968954
-0.119029517382453 0.133054868259344 0.180553816869327 -0.111856656375496
-0.0480068346911967 0.14939508359766 0.103448607568411 -0.137350005077917
0.00878805456510102 0.14970375282791 0.0431888858106269 -0.120247580801567
0.051778453941598 0.132959042058533 -0.0018058802777034 -0.0834316094921215
0.0665869278425617 0.144287720853071 -0.0221858811481238 -0.0446964295333254
0.0278887229848087 0.151895477777405 -0.0386527632158267 -0.001311302952242
-0.0082802375517424 0.175786682258698 -0.0834398279861797 0.0248744012711142
-0.0916321819402339 0.1663056668886 -0.13651757170675 0.000280995405370764
-0.161811741656793 0.132871788335573 -0.135339333786324 -0.0681687401210042
-0.201115910986918 0.0331775140180089 -0.0990249801495294 -0.0588280768544447
-0.238841528806522 -0.0316064616844586 -0.0322453352027407 -0.000610741680680762
-0.236473449220514 -0.117700936357414 0.0143808613012651 -0.0564299524601613
-0.247606459721815 -0.0872662117793523 0.10019705589132 0.0678177325274796
-0.275765766291956 0.0162085826809551 0.221468680175587 0.0624379325968759
-0.22067850123201 0.10085314822606 0.216685214272444 -0.0139414499708026
-0.127308243337094 0.174607095921402 0.167417226483494 -0.081687290247222
-0.0487443253607471 0.175746645417582 0.0931859058909145 -0.083530896450487
0.00566557155314048 0.172915343992547 0.0503174036738002 -0.0604784016802186
0.0473526349909471 0.153914572563947 0.0160842395226408 -0.0298049365441042
0.0539009696988506 0.162667949208704 -0.00304593170456457 0.0076211828301447
0.0047535224030788 0.162628704274096 -0.0254802262175306 0.050896002781246
-0.0339280422467184 0.179390320707679 -0.0819289293411834 0.0659866253251944
-0.118678758782182 0.161091746648519 -0.135477602743947 0.020798744474811
-0.195168911785715 0.12099759619655 -0.120837202604128 -0.0649638357216124
-0.227129064921401 0.00188525961658905 -0.0530340326286595 -0.0680601984690521
-0.248212332467566 -0.0755192168349484 0.044879775629927 0.0106486468992205
-0.221985425576051 -0.124788283237966 0.0947406488571643 -0.0165432241665749
-0.258532162336122 -0.087673688861696 0.162054060272219 0.0876193400403919
-0.286158860030538 0.0292314821266944 0.233832300628072 0.0728753481949267
-0.216101563505435 0.120341128678338 0.20691542720937 0.00599675021080791
-0.114522042770465 0.181608574089202 0.145007158523964 -0.0380052724405853
-0.041496360065095 0.172540721891132 0.0837456782180542 -0.0204461224931653
0.00243233967303165 0.167824950732079 0.0574467817734957 0.00399796116487713
0.0363226625225517 0.150385302165882 0.0304894759886424 0.0273156210689428
0.0331529149250444 0.15685005406349 0.00743717229665172 0.0632471412775871
-0.0219930335985748 0.15063732524906 -0.0252495669352037 0.101870720850881
-0.0596283212748347 0.155946760931702 -0.0920153076698083 0.102171569523339
-0.136086353740164 0.127923358699955 -0.134481040287643 0.0363961645634382
-0.206958924235071 0.0839608774893344 -0.103188405562674 -0.0565829765668038
-0.222495121410591 -0.0377592448679044 -0.00794114802092393 -0.0634319033049707
-0.221189595738468 -0.111749637659973 0.114702162151513 0.0357858533377746
-0.166272729731477 -0.112228946948294 0.157971167611074 0.00920020003985349
-0.215782614239612 -0.0743663411237482 0.206778320668731 0.0862874827389325
-0.237149941310021 0.031676916105036 0.222644670596691 0.0708052676360243
-0.168509088408033 0.106992144920357 0.182748581598229 0.0243070196343791
-0.0848386283744747 0.147319205662083 0.120846913661859 0.00690281399166942
-0.0320740959721972 0.136433841402619 0.0767031555160382 0.037151738334161
-0.00352493928660023 0.134069576552039 0.0637197682741009 0.0609386821209512
0.021020920540192 0.123584699728617 0.0392676067548872 0.0786706678734515
0.0116730594802983 0.127654245010627 0.00666442119086088 0.114575405972184
-0.0381682473244092 0.118474966363926 -0.039791082869479 0.143094746982178
-0.0694364863141314 0.115138288895177 -0.112942504755569 0.124265432632428
-0.129286457444338 0.0831214423990325 -0.136916978365683 0.0445518379791307
-0.187686555873297 0.0425440330893949 -0.0854102500923893 -0.0410301528156744
-0.188619421897211 -0.0695628074430291 0.0260952621159402 -0.0406642516004859
-0.163604830544713 -0.130824083850187 0.16678940911805 0.0736341852206966
-0.0780018302280723 -0.0871905941654285 0.190743666749804 0.0194721175826605
-0.13190871314773 -0.0576595929200467 0.223072035356867 0.070103779595188
-0.145540713223656 0.0179378946364636 0.195705196148925 0.0660606189253896
-0.096705163513273 0.0612312847959472 0.15568937020574 0.0389394704111311
-0.0527789560645243 0.0799129628930729 0.102039129820157 0.0416397977346766
-0.0273658666377335 0.0761919233888962 0.0735789195429248 0.0764299999599484
-0.0142498170429135 0.0791764828378611 0.0662981735768435 0.100732181565136
0.00349343599232298 0.0765255884115817 0.0409075677114524 0.116617992039698
-0.00278040473391719 0.0806328786482463 -0.00193046454546049 0.153053155430857
-0.0345058024383053 0.0734303892692836 -0.0608187734734516 0.169100114343925
-0.0523414003570653 0.0702473579268761 -0.134820751824072 0.134014814802961
-0.0937885423539751 0.0476889056241058 -0.138676562989801 0.0493556435533575
-0.140183762622832 0.0143334306160797 -0.0753616371010551 -0.0198624932284184
-0.133381611439976 -0.0778089914604322 0.0435015204298558 -0.00679810320639743
-0.0879280670312493 -0.122983296596074 0.196031327044068 0.116642402852703
0.0232969090434836 0.0666259173096314 -0.226890789032757 -0.149683903809418
0.0759930123917671 0.0321558201557667 -0.0851209159065689 -0.037419182566856
0.0760762879460942 -0.00613924381021826 0.0751197024636246 -0.00739746680975205
0.028953196115227 -0.0374332026877478 0.141107776785429 -0.0507033935852923
0.00585668431874752 -0.0195452341887288 0.16095149607067 -0.143659609435657
0.0167960266589812 -0.00687709707599608 0.092363539443483 -0.2115948848824
0.0255191743754626 -0.0199487225019185 0.00243155036279707 -0.197608057802657
0.023526974739163 -0.0259985682608249 -0.0552408283041245 -0.152848457476814
0.0347545480757247 -0.0191153894310483 -0.0779405460261347 -0.118935043883224
0.038391348210855 0.0028161886862354 -0.091776967895434 -0.0956009702860891
0.030074763732149 0.012568459635765 -0.108503374532187 -0.0582125805813431
0.0282061945038567 0.00913001729374897 -0.144619255073084 -0.0473535052022852
0.0462512333793682 0.0252249258105495 -0.171051781569101 -0.0551053202214082
0.0249233306774009 0.0571274263072825 -0.207471976675458 -0.0198824166093907
-0.014990112937237 0.0790222084329743 -0.196016029641256 0.0139900520232488
-0.0708515546962201 0.0190819523050583 -0.199496754154612 -0.153581310501279
-0.0129075270769732 0.00116799526637218 -0.0597174006247722 -0.0353435856699565
-0.0155061271477337 -0.00809225199916088 0.105001143921019 -0.00934582060537984
-0.0437283818140185 -0.0149692007813377 0.158144231231887 -0.0537497987290793
-0.0434217569963358 0.0299133268031861 0.174435214754197 -0.144042975733983
-0.00873835258743897 0.0515344216937808 0.103223434908844 -0.2073400901827
0.0239939500277654 0.0461038971199671 0.0156927996025701 -0.196652041144023
0.0426839030168822 0.0359405837132243 -0.0450169580880717 -0.149861543745893
0.0588663932296779 0.0476629845647045 -0.0697902364076018 -0.112487048125171
0.0461927585628847 0.0690177657404761 -0.0831242286330045 -0.0797099259641948
0.0215665208794582 0.0897828748730589 -0.103816544481521 -0.0422303442538811
-0.0223454569436735 0.0854898148747299 -0.145005574778493 -0.0368131203136315
-0.0407652255223271 0.0786600793538634 -0.163702045471746 -0.0606929183822002
-0.0711533541867558 0.0580607622546617 -0.184986422942995 -0.0240083355681839
-0.116646053175978 0.0513354218913623 -0.168095453337661 0.00725891352155199
-0.157198973642079 -0.0330015584397126 -0.147294628932589 -0.13310078902786
-0.110096149188869 -0.0334580445837106 -0.0170484499846944 -0.00838736953915348
-0.11805910664179 -0.00271102235046569 0.149125617058368 0.00602903340326334
-0.119874307874706 0.0211356539185384 0.184851324132186 -0.052452648458013
-0.08682743236005 0.0873787969725801 0.180973670918357 -0.14141656168335
-0.0307039574159873 0.110202015630413 0.104724132526199 -0.186345720095274
0.0212289466097334 0.107750486508704 0.0263370934222358 -0.171598836987962
0.0564010398652543 0.0917220122935227 -0.0281214481244999 -0.125867836000994
0.0762980196233591 0.104814332992718 -0.051300437247485 -0.0856820850134749
0.0490055414646372 0.122091790092687 -0.0639695527318008 -0.0451292806535665
0.0167950954976626 0.149012963469482 -0.095859616723757 -0.00928338517659524
-0.0565816700901084 0.147301648915207 -0.14509592974576 -0.0150071661615278
-0.108731204091669 0.12544232483828 -0.157457012233075 -0.0620048465398754
-0.151067048134591 0.0586702467950237 -0.149935263918647 -0.0366443974742566
-0.198999600232578 0.0187726495128358 -0.111484919988902 0.00270086240312639
-0.223400043860019 -0.0776680373466666 -0.0736538323521372 -0.0965241583088986
-0.201790352372809 -0.0607027571437798 0.040631852450449 0.0325821290967152
-0.217480921309104 0.0147762045698098 0.195914472218417 0.0307811705761332
-0.186418168186715 0.0720968984897297 0.209683245672451 -0.0428596447832752
-0.114614959439395 0.146704112493015 0.179496303166642 -0.126761570832887
-0.0405913589734237 0.159209607304132 0.0995921275036427 -0.147624365713045
0.019258756178726 0.15504625874173 0.0368302830402433 -0.125730419431783
0.0632629329723031 0.134445442424151 -0.00674504511626552 -0.0835476665542935
0.0795544699243369 0.14449024381929 -0.0264754808412723 -0.0431879158348903
0.0387545798700318 0.156833798125581 -0.04163702991324 0.00216888155708834
0.00339332749926621 0.182410541445672 -0.0860445138188665 0.032103470598791
-0.0851477129142877 0.17930136773195 -0.142089066023387 0.0108049351557325
-0.159456582216515 0.147696369271471 -0.147954212892093 -0.0606170250848484
-0.207287643575485 0.0458074008887142 -0.108013952931601 -0.0540856292137631
-0.249385450485277 -0.0191952786664268 -0.0370531540776823 0.0005179186001488
-0.254292311632771 -0.106035312633021 0.0134982962932224 -0.0543552611183366
-0.26266650861704 -0.0744931807923442 0.108441704030185 0.0674707393323952
-0.283403455458504 0.0355623485624126 0.231461015882443 0.0529549735420077
-0.2242307473628 0.118175984672969 0.221587154075124 -0.024161809941127
-0.120970943141553 0.188775696986388 0.168007402764804 -0.0934350668384908
-0.0396156709358663 0.18695590007986 0.0923151820472445 -0.0906398491448693
0.0180920914414279 0.17999968011682 0.0478284269236366 -0.0645196284170895
0.0597742195214507 0.155684681785248 0.0146498991743008 -0.0295332483175605
0.0671030881234699 0.164170402706003 -0.00367537604722706 0.00997912647929651
0.0153548479176393 0.169787413304781 -0.0242470892347956 0.0551952544489996
-0.0229264432037265 0.187061084056745 -0.0818815320304325 0.0752665488715424
-0.113883563444899 0.175299236652175 -0.139259382529198 0.0327192598100839
-0.194336672943587 0.138127577996515 -0.13316525595851 -0.0572131563970339
-0.235908962886921 0.0163946622391568 -0.0609846604629947 -0.066091388206667
-0.262813201136963 -0.0623124204467173 0.0436639509426205 0.00801147037483584
-0.239266994381844 -0.113592720830403 0.0996646371025781 -0.0185742731935789
-0.27249717593421 -0.0724109631913394 0.173623047636843 0.0839956075911553
-0.292783880906354 0.0502561266964746 0.245481581637297 0.0627830119241811
-0.217645747479395 0.137745729904941 0.21341619129912 -0.00320647437607747
-0.105673346577178 0.194638002153241 0.147047579312559 -0.0479164645552845
-0.0317598176099156 0.181266402864378 0.0865915501038131 -0.0245284862030378
0.0145181504445514 0.174151888796326 0.0596869107357744 0.000810961145481525
0.0483384500607973 0.152442793992636 0.0331337751997491 0.0280224929516723
0.0449982059431378 0.159156196983531 0.0102983550061605 0.0662265864308499
-0.0133898331262064 0.158787089691354 -0.0206427017563301 0.108196042005742
-0.0509536625658276 0.165416205638374 -0.089451709662848 0.113077507972013
-0.134105416505962 0.141695400867577 -0.137917890995074 0.0481853164198631
-0.20754937825298 0.100934613021238 -0.113679656065591 -0.0507921158285953
-0.233400939624141 -0.0244566861564467 -0.0153954532264656 -0.0648587561454071
-0.236714091408659 -0.100765344572131 0.117504017994592 0.0292098031687246
-0.1807246414349 -0.102836128314571 0.166134937440757 0.0041490130478339
-0.22681228832443 -0.0608218917816339 0.220194961572253 0.0782561885614999
-0.241119111703635 0.0490382278935344 0.234947522265957 0.0614328232139504
-0.168292365147075 0.121067923087873 0.190511488506645 0.0167293789774281
-0.0763721741637769 0.157126988999058 0.124769895325802 0.000737522336389851
-0.0242214733875412 0.142444811736032 0.0837670903355789 0.0353182635427719
0.0061994129241536 0.138973079651088 0.0702758932853849 0.0587468226328616
0.0303321241304218 0.124774728216367 0.0447855056834659 0.0800727866980041
0.0203493534847118 0.130074707453621 0.0134569676177423 0.119094025744659
-0.0323179861446894 0.125670594232279 -0.0322507814505535 0.151415360062567
-0.0637981456562524 0.122949593500786 -0.109403268647811 0.138111111491261
-0.129492341456263 0.094342714924538 -0.139150051256934 0.0567176704688682
-0.189963901605011 0.0557409537462874 -0.0942887945805004 -0.0369219656454788
-0.199102372270159 -0.0590076867812737 0.0218735480596654 -0.0432954139510145
-0.178613896561864 -0.123123480080406 0.174619274073108 0.0650002487326331
-0.0873841896423223 -0.0830032352692455 0.200632392680636 0.0112451815841979
-0.138623271214298 -0.0489809341179557 0.23650318906108 0.0602456483727409
-0.146569652299788 0.0285214137511582 0.207113988000333 0.0571846682971803
-0.0957522823943501 0.0689207043642435 0.163294893587836 0.0324497585381436
-0.0479842523425002 0.0850742132718223 0.108814845303076 0.037394147214021
-0.0233470271701361 0.079874515238776 0.0823108059865504 0.0755151760247159
-0.008900587563754 0.0820462062112686 0.0761256099397851 0.0993416304636027
0.0083782634938808 0.0781820405793772 0.0493717104469988 0.117883506229187
0.00170973256631458 0.0820089367451484 0.00724623145526529 0.158389285803438
-0.0317518199958451 0.0781611462326426 -0.0523783633746415 0.179153562512577
-0.0500869054680499 0.0751500787051516 -0.131835402090994 0.148528871502875
-0.0948081894755681 0.0541657670726159 -0.141062546741417 0.0609815626237323
-0.141635306264589 0.0240562324625169 -0.0824713477864925 -0.0159733594565554
-0.141374109449497 -0.0710172075834 0.041715509765704 -0.0101454201356173
-0.0987222946286872 -0.120208323138543 0.207131122635936 0.107662670058399
0.0265726663680387 0.0644822242115933 -0.236903681966114 -0.137200566344553
0.0760197054020815 0.027339571577326 -0.0874806564761135 -0.0301524208333923
0.0744407991515301 -0.00996266355044293 0.0770562605684452 -0.010553991073636
0.0257054213467448 -0.0371868734520484 0.142649233371024 -0.059396268474992
0.00428605268943296 -0.0181156120886262 0.155429900187764 -0.156269078060694
0.0167436748364905 -0.00731607545749234 0.0810624203975211 -0.220129024808252
0.0248112032551051 -0.0206430818700708 -0.00761803462878003 -0.200630817742113
0.0221347127233712 -0.026946366381248 -0.0634218403689814 -0.151203301332726
0.0342881188141458 -0.0204757114569641 -0.086811297576484 -0.115949199370331
0.039635345587857 0.000807528076475385 -0.10054895683993 -0.0918424953801162
0.0315939100683371 0.0117712201137117 -0.113732198055181 -0.053660212842768
0.0276060095324133 0.00889423179554234 -0.149900625831068 -0.0399533873622478
0.0472665913463222 0.0230102939398794 -0.177684740778452 -0.0471420718164444
0.0271250430861771 0.054634944088614 -0.211397746951837 -0.0103140112261745
-0.0103247099713059 0.0785430626472879 -0.200690474779494 0.0224359955882117
-0.0723503004476269 0.0215368529509311 -0.208317824101829 -0.141366755698628
-0.0155610347190642 0.000689328312696358 -0.0614247885878617 -0.0290452666391994
-0.0180789630933665 -0.00667689143923855 0.106563475056443 -0.0136387618997474
-0.0475543666816941 -0.0099872945770945 0.158998781660066 -0.0618536577461734
-0.0433812162907235 0.0350971724416782 0.168946951389308 -0.156793175618933
-0.00605743323628039 0.0547502144823335 0.0926422451936949 -0.216223882225252
0.0272626340265233 0.0465260883088558 0.0052725076802145 -0.198970081509972
0.0454090831266595 0.0348167093342523 -0.0528452776299117 -0.148522945477136
0.0635142173579087 0.0450772745348522 -0.0783559444611546 -0.108877906418735
0.0511761143180119 0.068267314553154 -0.0904147024592205 -0.0752472960657111
0.0278018420785934 0.0903192426022741 -0.108640618925827 -0.0366142987941821
-0.0183183367439047 0.089174086499966 -0.149667040287627 -0.0282666320298481
-0.0374950377051046 0.082073644932472 -0.171673777705067 -0.0520274937360298
-0.0708187458150069 0.0615601184154424 -0.189024969307412 -0.0151461586650714
-0.115703041148379 0.056428044673894 -0.173149973801084 0.0152800069750279
-0.163184431402141 -0.0254223587543032 -0.15360304155113 -0.122955245782432
-0.115619946987683 -0.0291914100852206 -0.0173143031148169 -0.00389054859863387
-0.122122898923863 0.00424406228340732 0.151678949919427 0.000656404524242763
-0.123426550665255 0.0301438263563968 0.18456471189601 -0.0604359521289166
-0.0841874788260189 0.0964766145183688 0.175878009449398 -0.154017360899562
-0.0248313592486938 0.11539063996936 0.0958884585258792 -0.194614629197921
0.0280216429265851 0.109459289005665 0.0172155506357825 -0.174351559773082
0.0634726747045576 0.0906027525405156 -0.0344165098079303 -0.124063895518016
0.0841461630578661 0.102164993237523 -0.0575696540335529 -0.0819165145522366
0.0566979374241159 0.122085332219665 -0.0692059495667428 -0.0409245117720816
0.0263130664004317 0.150692814518797 -0.0987453080927118 -0.00312965122116774
-0.0492547380475267 0.15451423460349 -0.148752649945893 -0.00520327484664534
-0.103298237759264 0.133810535133538 -0.165856583846714 -0.052558456848666
-0.152109443609466 0.066602272882749 -0.155788337359628 -0.0287633000864754
-0.201651313729864 0.0291202299707754 -0.116214252200687 0.00786393959914133
-0.232692648837269 -0.0654689285046637 -0.0768511643815187 -0.0897030466629619
-0.209868508777096 -0.0507847133954567 0.043597825062096 0.0344712226426346
-0.220446136930066 0.0275309853629779 0.199814262036577 0.0237944446997482
-0.187626688202704 0.0852471036852962 0.210876236154649 -0.051489482346876
-0.107981340046396 0.157808991787265 0.174861766622837 -0.139228010431068
-0.0321880122243869 0.166380679383485 0.0931435898942774 -0.154525836452274
0.0295056848840227 0.157515433452362 0.0294781996427647 -0.128404743308157
0.0729208771427362 0.132263378410681 -0.0113759235892006 -0.0823794040150486
0.0900213641672538 0.142215768012338 -0.0300258091620511 -0.0399510206655817
0.0489943240332903 0.157790186908155 -0.0435710340195672 0.00550143890588095
0.0145699357018155 0.185561303471885 -0.0864913437595906 0.0392261620468963
-0.076876775929323 0.188480704257139 -0.144323350393243 0.0206980553588842
-0.153257494218033 0.159521200287761 -0.156524198515271 -0.0512899532947374
-0.20901929060175 0.0585632375680166 -0.114211534780966 -0.0476526585160202
-0.255226171515779 -0.00559026231513669 -0.0409043855930508 0.00217289028230102
-0.26532490283025 -0.0915499189436009 0.0134959300831044 -0.0517761611076321
-0.271433172730071 -0.0599270000839275 0.114959555745025 0.0655097333968551
-0.285450279482325 0.0535058317808774 0.236544529749691 0.04443863469968
-0.222663097476271 0.132757072523476 0.223425439145567 -0.0330264727991721
-0.111498894054217 0.199858812193621 0.164627457569038 -0.104127870453402
-0.0294646164785345 0.193035353066119 0.0897810900015981 -0.0960300523338882
0.0292399274214351 0.181943969320382 0.0446799963253156 -0.0668568724093272
0.0706987412264401 0.154385303497773 0.0138902929972996 -0.028825306453192
0.0786393360120435 0.162387283284776 -0.00371091748346103 0.0120569705112532
0.0254765247976656 0.172688775173993 -0.021977485800778 0.0586869682686608
-0.0112656555181885 0.191990160794481 -0.0795839618117634 0.0830750456506484
-0.106655444352286 0.185862113010999 -0.139612539624118 0.0431482887539564
-0.188851526425898 0.151877988716419 -0.141358687084171 -0.0489053063839413
-0.239499633184916 0.0303032651259119 -0.0682266030500707 -0.0631965467585512
-0.271265610474769 -0.0481492055726287 0.0415032604550869 0.00519599553915264
-0.251068125629293 -0.0994974130240566 0.102653100991061 -0.0199463667385944
-0.28028754775958 -0.0574895175284578 0.181791759847044 0.0778129373352912
-0.292251312665303 0.0686713557963405 0.251491117188275 0.0526320413474615
-0.213766846075729 0.152728067666688 0.215715702160867 -0.0121710802479314
-0.095137794924491 0.20354568416294 0.146500002909068 -0.0556784805078311
-0.0217784205304395 0.186373863554148 0.0876260380377173 -0.0286727824685967
0.0255820273267104 0.176067390375617 0.0601445694249122 -0.00176372006519678
0.0587224242105645 0.151309532527029 0.0352775185543035 0.0280173018105359
0.055526122000124 0.157808661276111 0.0142479220478978 0.0684145787307302
-0.00443472019410996 0.162590130597739 -0.0152947169906589 0.111436426398747
-0.0421148798026546 0.171088361400565 -0.0848002657308651 0.122088601356928
-0.128850478412796 0.15314346420297 -0.137457939228819 0.0583266237473483
-0.204031713385958 0.114567108563253 -0.121568280696891 -0.0427829975464636
-0.237862258769031 -0.0110657389945684 -0.0217053633203765 -0.0633540000255109
-0.247243762855862 -0.0884465064949425 0.117271162289554 0.0228695383786495
-0.190715372545696 -0.0920597356479416 0.171654146672835 -0.00226896421473135
-0.232599530486536 -0.0472255223480571 0.228388857892684 0.0691267262299733
-0.239140079529567 0.064791593255314 0.240757349133287 0.0512475471816148
-0.164064458675882 0.13165533092186 0.192962941938498 0.00862814401771714
-0.0678306948037282 0.163004857254819 0.126784383375963 -0.0049498072420138
-0.016186629916314 0.145774104933944 0.0881114910619527 0.0323691127711168
0.0150233131473935 0.140083810754352 0.0742210744894106 0.0554484055002335
0.038743046510276 0.123770662228719 0.0500165427879596 0.0791865334706292
0.0285548809687195 0.12952671044932 0.0201366691012731 0.120509773760542
-0.0254738630881808 0.130256790303898 -0.0243971121280912 0.155761327663812
-0.057691008073031 0.128350979288086 -0.103077148123026 0.148272580887968
-0.127436745559959 0.103119272284118 -0.138776476070293 0.0666286488245749
-0.188416374946216 0.0671889530268361 -0.101093460345283 -0.0306838705300005
-0.204811325851392 -0.0478823491791384 0.0171357234772809 -0.0450387720190898
-0.188477991335408 -0.113576602508012 0.17796665162374 0.0555693839460759
-0.0940575961333188 -0.0767216058344869 0.206644593147051 0.00267651897679627
-0.141701222212273 -0.0403230943674496 0.243800741564262 0.0501009606440539
-0.144630400856225 0.0381847948128178 0.212931853292838 0.0479981358559641
-0.0923522018128008 0.0741858217827053 0.167514205634004 0.0257461125145117
-0.0426206660377472 0.087895285067014 0.112206383450163 0.0333470385241953
-0.0186617505561713 0.0811361553643854 0.0899737010801981 0.0730926920825336
-0.00414752589408844 0.0828934128672471 0.0826028438187159 0.0960353003622411
0.0130439105964866 0.0777613825133403 0.0561287198839305 0.117128619757092
0.00621112347918233 0.0815850803783841 0.0157254124057352 0.161352892059842
-0.0277629166504265 0.0807835388330447 -0.0429441758195355 0.185093411787788
-0.0464147842599726 0.0784974335622129 -0.12519814232019 0.160106767183317
-0.0940532478029338 0.0594107900854376 -0.140971905602562 0.0705385573623944
-0.140524859242945 0.0311934787267603 -0.0872856335596776 -0.0113998631923622
-0.14604248569869 -0.0625747806953338 0.038743538304591 -0.0130726159922755
-0.10731778450818 -0.114225760798914 0.213404720469503 0.0967465616670485
0.0454653695919209 0.0524703575812638 -0.272267253410061 -0.0493734924344069
0.0792236193208324 -0.00107952046468632 -0.0946763004817467 0.0058169834241022
0.0654017892300327 -0.0361968690932254 0.0713470776255751 -0.0313177885581473
0.0106479690670571 -0.0426314855173062 0.119940168118466 -0.103751116484615
-0.000749604666228094 -0.0174216619671485 0.0961437061960895 -0.202629861224303
0.0149305322185298 -0.0148053133379203 -0.00151728671708407 -0.236990334996509
0.0164619831275022 -0.0296924729413255 -0.0793073558098698 -0.186340558733572
0.0111263647633319 -0.032227116780939 -0.111656399926661 -0.119562325653533
0.0253065682029129 -0.0310617193390095 -0.122613937155066 -0.0791952195312432
0.0380467615076837 -0.0125257704644862 -0.128314683010354 -0.0521751918006764
0.0340818726947735 0.000652999875114241 -0.126221382841083 -0.0119038330347407
0.0291036855272224 0.000661962471476521 -0.155814327194983 0.0120622274404497
0.0512445365054974 0.00653363882540577 -0.186745485635486 0.0133102497092839
0.044384464369877 0.0426161073274603 -0.204615974740334 0.0574764506509222
0.016289877281473 0.0766092987386575 -0.183251433279797 0.0822861485621537
-0.0664192171244261 0.0472454315642835 -0.242811932682684 -0.0644220988802305
-0.018587555970671 0.00680162485963231 -0.065884724081791 -0.00487429249812531
-0.0217128221929759 0.000553480869243981 0.0998169850174953 -0.0487923157761007
-0.0487111655451449 0.00974303837998061 0.134438593044006 -0.115846599603488
-0.0272163934016038 0.0494218882885252 0.107495150716507 -0.210081058649294
0.0156285899744535 0.0522707524406507 0.00997443842735525 -0.238569458310176
0.0432554638552451 0.0344632253692994 -0.0676764729036542 -0.190925303169924
0.0543948326169304 0.0172546868452911 -0.101869072846238 -0.120156972372894
0.0752447787931592 0.0210651394522137 -0.112775947366817 -0.0745994725832899
0.0724054785257184 0.0480086206515659 -0.114247517106896 -0.0410583234334832
0.0576797507266525 0.0756323150461492 -0.11792974868375 0.00138437724895442
0.0131535240495923 0.092766090905443 -0.151453176031656 0.0220314804773716
-0.00818712011981028 0.0916396553927467 -0.180891669899487 0.00739843678787433
-0.0464959057260114 0.0828519975988131 -0.184102582165769 0.0481026824378473
-0.0926709033136961 0.0907710247590507 -0.158305438643384 0.0708731267411698
-0.171755647446319 0.0359379012458883 -0.180055688855403 -0.0671168443119309
-0.125242893817468 0.0154322152988235 -0.00997416304045203 0.000973580660584208
-0.115741011194366 0.0491084672409221 0.147684877091943 -0.0560263993360384
-0.105527488108826 0.0767175697317668 0.159142704615901 -0.126732238454218
-0.0444018029976132 0.120735184431369 0.113012326819144 -0.211658209915787
0.0180195489528585 0.116748787381512 0.019248603930074 -0.219839372960304
0.0668605190061724 0.0946921549952036 -0.0477061426024533 -0.173558822061407
0.0900647502946155 0.0630819232747793 -0.0768024223616889 -0.10309107338011
0.114222541899426 0.0668255941853063 -0.0845126603610336 -0.0558112106698348
0.0963685535899906 0.0974709081836642 -0.0837363386642991 -0.0160819421259792
0.0773733544918813 0.133066230407983 -0.0978814019268547 0.0291228411176049
0.00570642967055631 0.164858975200105 -0.14241391555956 0.0421745074923252
-0.0534534254622023 0.162213937543576 -0.174252558131723 0.00645424611452174
-0.121955183949205 0.115590966465588 -0.155628878158196 0.025964500147683
-0.185285972828455 0.0934435316321568 -0.106077727694464 0.0490296421350395
-0.252940590211302 0.0230321046563374 -0.092313076136477 -0.0624948676303432
-0.221431565468503 0.0293314891877387 0.0639964815439285 0.0131068963397358
-0.199379257433282 0.106808293330383 0.201537067678724 -0.0564996983835033
-0.145384019541712 0.152467777780054 0.184252865995292 -0.130935133316138
-0.0451585495988138 0.186953117287514 0.113893068657985 -0.197731181516095
0.0288638239031631 0.167363784838816 0.0298738779695556 -0.181434602559828
0.0849685535564926 0.141054512438038 -0.0199217921576493 -0.135067925912241
0.113307573037969 0.0990066583635716 -0.0413109618590206 -0.0721098920411766
0.133727256661163 0.10221603000484 -0.0443489392023921 -0.0251052735673663
0.10082648422696 0.134498840842795 -0.0430128865165315 0.0190301845320096
0.0784592062286111 0.169625691532741 -0.0716811401153502 0.0644843367667676
-0.00822566957709761 0.206994266668608 -0.129603106657848 0.0648145860084793
-0.091109956627557 0.203313491104818 -0.16393388495217 0.00513250153297757
-0.179493883753316 0.128636065146227 -0.122598689815739 -0.00448506180229564
-0.248660110512581 0.0786318673938456 -0.0362124535550331 0.0221439368619952
-0.293400627208515 0.00988557385067327 0.00962749801883508 -0.0577462413677076
-0.282349753562705 0.0433694514931553 0.144270845210371 0.0162248233904091
-0.250674050511047 0.154361208604748 0.244271573661932 -0.0541802614584865
-0.159516039027135 0.210144090327269 0.200270079503799 -0.120489215653574
-0.0333568980068996 0.226646984076564 0.114155161755871 -0.161846973536161
0.0403686800821329 0.191876164149242 0.0464743329918481 -0.124907002007448
0.0940648201853874 0.164808011189961 0.0155286938552535 -0.0837490426336317
0.118646631268751 0.119404234033995 0.000245470912307188 -0.030254682181141
0.130041557792144 0.124876623502144 -0.00143032151418204 0.0152790969992835
0.0841829049266657 0.155779168419411 -0.0046212929005725 0.0614531895506635
0.0551886398762901 0.184819944254656 -0.049110366159708 0.103522102040716
-0.0376977144094366 0.214986490854186 -0.116048005088255 0.084778567826773
-0.12670934963593 0.208331206213733 -0.148012331844487 0.00265459173422288
-0.21788964239504 0.111971939762837 -0.0840475290422321 -0.0324616904011451
-0.278482313736479 0.0440222794965231 0.041555348428145 0.000604606826071152
-0.280668160086964 -0.00276742932367795 0.104256675469063 -0.0574395684493553
-0.288189667400619 0.0494098960356714 0.212673241075402 0.00419588295796801
-0.25060086005324 0.170951313187653 0.260873005586755 -0.0512771246412729
-0.143120608813661 0.223685319789069 0.199046680908585 -0.0972750288755674
-0.0164943146685777 0.224279731812481 0.113633114580337 -0.108549522480658
0.0455447115238473 0.182863668503024 0.0685343465429828 -0.0605860173637901
0.0884615724810294 0.160320958307806 0.0539449130206207 -0.0278132707794741
0.106338302108316 0.120755826867545 0.0400421433532635 0.0155928200447198
0.106045469564105 0.128476752282542 0.0350160318230714 0.0615836099449391
0.0526874684764604 0.156846032016801 0.0212676107987663 0.109156693531056
0.0193603879496478 0.175124825548582 -0.0395018876166821 0.141769665243128
-0.071250133404359 0.190713703671824 -0.109294269965274 0.0990226540671302
-0.1543595548779 0.17775614391086 -0.126853000569246 0.0025522757673591
-0.230489472601943 0.0731844008859637 -0.0405380919251088 -0.047618079745825
-0.268003190551268 -0.00242981849623816 0.117972633913983 -0.00680327603972927
-0.218488874773771 -0.017969042197285 0.174855945012387 -0.0623663800301925
-0.237346387643221 0.0406315029857005 0.252600552298242 -0.0184924484833945
-0.200840663716778 0.147109696769823 0.248864163172941 -0.0461140901797712
-0.103387581021601 0.18554867802945 0.184542118849532 -0.0668455834759151
-0.00532584384052988 0.176382438507261 0.113863015050188 -0.051565056584556
0.0365697601264188 0.142760006265902 0.0921092894730157 -0.00209784888093224
0.0651714489352468 0.129524248686031 0.0887050118804278 0.0221804984695661
0.0777175333919059 0.102264195241409 0.0723875659503405 0.0578699056520981
0.0711859940357188 0.111786948076684 0.0578868800092945 0.10846556973287
0.0209532839158563 0.13268455389128 0.0284248143181873 0.154027388568099
-0.010704918041669 0.141241835493011 -0.0463835608522462 0.173029689693338
-0.0866164101574753 0.142147682210979 -0.107697378575003 0.10769842705447
-0.154278165077035 0.126695681844733 -0.104534065120881 0.00666265217228098
-0.210176922694205 0.0260150291373922 0.00107417184244636 -0.0432260481067181
-0.220999100149647 -0.0456717354773881 0.183120174042095 0.00403515754969649
-0.118149324660106 -0.0391733429602331 0.206898757932889 -0.0677500584376778
-0.148084537454422 0.0132908116607048 0.257412218364758 -0.0401638535981915
-0.120790352042403 0.0871829057082524 0.221524151592501 -0.0346527252021118
-0.0583570360138866 0.104218231906564 0.167345664227541 -0.0374709946122631
-0.00804239023002309 0.0973490636645473 0.116231013960787 -0.00867029113278519
0.01159445890412 0.0829789831034159 0.109793312778947 0.0360064337396812
0.0258515662045437 0.0813590277660892 0.111974407875804 0.0575774501001135
0.0385120984410252 0.0680750479930262 0.0923559595289457 0.0906865558652783
0.0335084407398373 0.0742502123657281 0.0684529002510136 0.147124790803649
0.00206583896228008 0.0863877765743878 0.0212187517054145 0.188330509654389
-0.0178137235776352 0.0893756504195099 -0.0624522813567863 0.193035878506722
-0.0691275839378341 0.0888185496598872 -0.109321534874761 0.112549143826121
-0.120973567657796 0.0757461581850352 -0.0864050122543578 0.0201484728220727
-0.159005463269921 -0.00888785643096419 0.0314368631807858 -0.02171793562107
-0.142520503979469 -0.072956538172673 0.229040681889628 0.0288555251420747
0.0462827802159637 0.050929050377477 -0.276640521992229 -0.0426265762774578
0.0780124617532896 -0.00298476554255118 -0.093528036297639 0.0104214639545486
0.0637801803785688 -0.0378739538500371 0.0741174020518503 -0.0333144481460696
0.00999339104441225 -0.0417234679599415 0.121535989093886 -0.109620633646878
-0.00033084817684674 -0.0154684439849062 0.0931552411785013 -0.210266034918124
0.0154212806573612 -0.0150947473617839 -0.0086065599691514 -0.242218637916604
0.0163786375797308 -0.0299693718379742 -0.0845317448586905 -0.188758931864581
0.01079527897888 -0.0320840998187374 -0.115628439609004 -0.12017419521831
0.0250368839293218 -0.0314737447302333 -0.128241774436879 -0.0774054433372205
0.0393480466464918 -0.0135646446206293 -0.13404191739116 -0.0494325810474739
0.035664641288616 0.000700861212828389 -0.130999486960546 -0.00998097032857578
0.0295017552386566 0.00150988532603566 -0.160046979324413 0.0164092483424418
0.0519804034004811 0.00564397371176757 -0.191515857269141 0.0182116530338137
0.04505263771394 0.041758522624 -0.208087855400462 0.0624007668455933
0.0182582146756538 0.0764910006919769 -0.188397300145703 0.0877048401668078
-0.0678783580531825 0.0494034967248144 -0.245819784111611 -0.0587787423601636
-0.0219069751792705 0.00749974162037228 -0.0647281254559778 -0.0011230406578654
-0.0244720056836163 0.0028546631636389 0.102065139318698 -0.0505448586333075
-0.0502638283955498 0.014214253219579 0.136128952882441 -0.121067013870093
-0.0257608567994662 0.0544753778870103 0.105128793850655 -0.218063583172101
0.0176786532417418 0.054967336482208 0.00379181646460828 -0.243867658510457
0.0460042343504211 0.0347533572216432 -0.0727256292406207 -0.192915530264899
0.0563540348391157 0.0164100023053252 -0.105192405190592 -0.119910015600191
0.0777118310750699 0.0199372248871932 -0.117733763201207 -0.0717717263059679
0.0749272441166198 0.0475558928251376 -0.119038711583878 -0.0373670451587841
0.0618505889918611 0.0764011875912928 -0.121126524553016 0.00456124225503285
0.0158700426322253 0.0961480863650264 -0.15483346861071 0.0266999700339511
-0.00671039107868841 0.0933757460146936 -0.186536594720716 0.0139950136376413
-0.0471565843464868 0.0854540610806711 -0.187379888801443 0.0530222450091073
-0.0936055970567697 0.0938730883104917 -0.163913602131371 0.0760535139978874
-0.176260182368496 0.0409750849399285 -0.181183764259542 -0.0619890069501532
-0.130618865873617 0.0187653439384601 -0.00786099499460333 0.00378387211058617
-0.118302885934043 0.053947000176292 0.151178020070938 -0.0587812721091184
-0.107214258197446 0.0839034776837367 0.160848954654306 -0.131132441152101
-0.0414758644628355 0.127257547437132 0.110091198980426 -0.218664119701563
0.0226249225072635 0.120825429172916 0.0143963520390551 -0.224797953173285
0.0714330127031676 0.0961237860615211 -0.0522451760290786 -0.174305407849309
0.0940832596170774 0.0623306518536289 -0.0797036726155702 -0.102549393475453
0.118607995146837 0.0645327388606931 -0.0871768138302419 -0.0525361314117938
0.100762294591313 0.098188952122894 -0.0865104611127602 -0.012194798339848
0.0828415161124099 0.133842657499924 -0.100181489675783 0.0332249615628024
0.0105858927556899 0.169705843371082 -0.145052117947675 0.0479527250601353
-0.0503373213392239 0.166955516825132 -0.179894392106536 0.0128914293032704
-0.123413353301248 0.121799775319008 -0.159567128546422 0.0305053723379298
-0.187979600618865 0.099506543963137 -0.110737885609904 0.0532281897950156
-0.258992797556487 0.0308240783827323 -0.0911424486657407 -0.058755822693135
-0.228420763284428 0.0354440966028897 0.0676013058741471 0.0142044785041342
-0.201911493270659 0.114852341871316 0.20596797636881 -0.0593110706403334
-0.145996036661043 0.161527208080431 0.187292227506448 -0.135249272766356
-0.0407786176020137 0.193115309334141 0.111636056040981 -0.204146065014057
0.03454577065719 0.171950629262628 0.0266697286047513 -0.185470756404453
0.0925430292304521 0.142335956034907 -0.0228638796143741 -0.136042768226701
0.118894643327827 0.0980100978047642 -0.0421376687074004 -0.0709673878608659
0.139530997692232 0.0997691678264659 -0.0454722399959078 -0.0225380465303253
0.107772890957626 0.135442966790969 -0.0441837325852956 0.0222490317287548
0.0853092417272485 0.171460695754676 -0.0718607073202303 0.0691931201550928
-0.0029486588898849 0.213843057496202 -0.130204870212661 0.0710481865661952
-0.0876001778354045 0.211086235197418 -0.16917865052777 0.0124022319642924
-0.1820530292321 0.136465726980669 -0.126362988653638 5.05775988314889E-05
-0.253233571872057 0.0874225458205904 -0.0399299350049753 0.0245641748751457
-0.29965028019837 0.0196839449634733 0.0124807047858224 -0.0565569749163617
-0.288592746793761 0.0516902920897679 0.150039460900963 0.0153441037499833
-0.250943556919142 0.164919420011156 0.248589288139125 -0.0584261482328932
-0.158823958822289 0.220008677893197 0.203650881921318 -0.124413487408678
-0.0277089923112996 0.232720468350179 0.112236567985534 -0.166456183922806
0.0470112593463579 0.195673279879883 0.0455539013930592 -0.128517602534261
0.101653911700089 0.166067022478105 0.0144741943804305 -0.0841510053274808
0.124871895608777 0.117849680890991 0.00120609557470079 -0.0296829563987188
0.136654909411503 0.122687341680107 -0.000800908340098895 0.0169681947383252
0.090906123666739 0.158524444357801 -0.00283967897491618 0.0645162184529813
0.0615137179653448 0.18741006309727 -0.0469701461213161 0.107922408715829
-0.0324923532301339 0.222362465814824 -0.117167689475205 0.0905503258581911
-0.124578494686882 0.216436729648369 -0.152565884161837 0.00951040360659129
-0.220700316376826 0.121541659903272 -0.0877714352978955 -0.0291911517198894
-0.284970430612436 0.0528854222674437 0.0393925083393423 0.000846973052795085
-0.287317402963398 0.00729909148662474 0.109608443034025 -0.0589770245220513
-0.29327023487844 0.0583508406939605 0.21930188805077 0.00144147382375173
-0.24989525213949 0.180370566922808 0.265972040752782 -0.0561351930115491
-0.141172033323974 0.233209599084466 0.202548273905313 -0.100975350038844
-0.0102440655418257 0.229118545152968 0.113220618006733 -0.111697853738249
0.0520306818392653 0.186888595390148 0.070390415618026 -0.0627615561008999
0.0955475079505757 0.16075530384343 0.0543857434367973 -0.0281073284648554
0.112404424022134 0.119239429445727 0.0425652678750823 0.0161363922663349
0.112114122756165 0.127490926563341 0.0373270450521819 0.0635650303962583
0.0589552592584909 0.160074057410667 0.0248208481640143 0.111681291515508
0.024667429748196 0.178564976607549 -0.0356623463731849 0.147065995900709
-0.0683637190508761 0.197917981760378 -0.108612089759858 0.105505349345955
-0.152513344747331 0.185014414743713 -0.131933955980361 0.00850282350684264
-0.233570773368808 0.0815614108658082 -0.0437734680452574 -0.0459463456417247
-0.275084835138506 0.00600976150285215 0.118137423160742 -0.00915666148459613
-0.223043923097751 -0.00973573189970149 0.181069641719222 -0.066052791487276
-0.241167938843712 0.0484382846636535 0.25938349364921 -0.0233498859124199
-0.199791251923331 0.155445110440506 0.254070210541218 -0.0519988284609046
-0.100760011005556 0.191871196959267 0.188451810533431 -0.0707472308530045
5.00655199293285E-05 0.178413523987128 0.115167402684752 -0.0549387506640108
0.0413001531396014 0.144857759972211 0.0956481757211901 -0.00413001314843816
0.0706503904129782 0.130587916344048 0.0912847662124312 0.0209539929728991
0.0823307606143197 0.101547554376004 0.0752716340725501 0.0588896073573225
0.0754020682418152 0.11120194965626 0.062303072354283 0.110477394560953
0.0257412763792517 0.135698683542268 0.0333295619247562 0.15728904476822
-0.00790926654833106 0.144579316902738 -0.0414228850160732 0.1788849570423
-0.0851050989654239 0.14924981182507 -0.107167632852095 0.114500965042819
-0.15362734934842 0.1327234255925 -0.109022707913365 0.012506673729918
-0.213397799761887 0.0322138746586902 -0.00190041015816016 -0.0426480015328394
-0.227341073590516 -0.0389120713425394 0.185635337211386 -8.25739343977383E-06
-0.121310958074558 -0.0343947068719248 0.213315097219741 -0.0725593650903436
-0.148714574573759 0.018567262941777 0.264553600605556 -0.046986864390458
-0.11856613096833 0.0915506204835953 0.226810807710461 -0.0406614475124193
-0.0564925683628492 0.106573774033565 0.171489573811039 -0.0414461082250566
-0.00500667075528993 0.0980444699144675 0.119165936297804 -0.0109360457404074
0.0139619442837797 0.0835895229605307 0.115136075438405 0.0341919961166003
0.0288732873569031 0.0822457946375473 0.11624101481849 0.0558280328956963
0.0407618923404759 0.0678168819783233 0.0962419136904077 0.0908088446215965
0.0354702747377384 0.0741678943300234 0.0735850478004303 0.14918320420005
0.00424472109850209 0.088006369474747 0.0264166960670914 0.192396745084275
-0.0162047859616379 0.0914225646370574 -0.0582194861782902 0.199141910457425
-0.0689765109553105 0.0922528451352401 -0.110048907277161 0.118828829162423
-0.120597872421919 0.0794571037773438 -0.0900549251975751 0.0246875275461069
-0.160627747498765 -0.00486361142690166 0.0300927788177919 -0.0219933237713303
-0.146703188036524 -0.0695105039907395 0.232348173035282 0.0237545183881471
0.0482717985576122 0.0505097580495211 -0.285402364191976 -0.0356166106503623
0.078048034885297 -0.00439117348971439 -0.0942117401877774 0.0147956177832453
0.0632932119932016 -0.0396544066030643 0.0776839136842681 -0.0365697192736622
0.00928413661080434 -0.0418101823495238 0.124390649666241 -0.117538786224331
0.000515599379358023 -0.0132914979060413 0.091618329603127 -0.222237489851029
0.0161355391584379 -0.0153827482836975 -0.0159685214415212 -0.252179398715883
0.0164373995846209 -0.0316822329816986 -0.0923685978683471 -0.194318289404455
0.010291043417805 -0.0328844469779439 -0.122807004243969 -0.122790797148488
0.025221451874255 -0.0329336537959455 -0.136954289207977 -0.0760076682349744
0.0407718518184986 -0.0155776969044626 -0.142028423128854 -0.046844813439299
0.0376546286530676 0.000524537133236634 -0.137356974823239 -0.00731732221553052
0.0314542042755834 0.00257505377248916 -0.166370117402814 0.0218707814501692
0.053005962836316 0.00493064323109495 -0.200324900334103 0.0242127865863475
0.0461472920294427 0.0425831315525218 -0.215711909740754 0.0689988992298645
0.0203624499670655 0.0773361590761337 -0.198028654803104 0.0960007037008405
-0.0713461580493085 0.0526407171331831 -0.252920538642373 -0.0530892647384854
-0.0256960681149218 0.00870490260287307 -0.0641877716778782 0.00242251978527778
-0.0270386108579468 0.00459385324417621 0.106791244725815 -0.0542453364591829
-0.0523237512017744 0.0192791844727854 0.140209622436384 -0.128441917453694
-0.0238147790671548 0.0599763540113713 0.103572027047547 -0.229679748783903
0.0204596539823914 0.057837213020949 -0.00210202679963797 -0.253524077490563
0.0496845332978893 0.0356356697963865 -0.0796079558482304 -0.198690939676642
0.0590251086347815 0.0160714358768603 -0.111307293669661 -0.122316543322911
0.0815254219187799 0.0181380569796267 -0.124702505637208 -0.0700903856741038
0.0800997960949254 0.0480323465366199 -0.125673076983024 -0.034061628596282
0.0672266166928795 0.0776164661644635 -0.127348256375165 0.00834818566116011
0.019342468285784 0.101560566219884 -0.161254550834429 0.0332111480395213
-0.00556674558883552 0.0978605585661472 -0.195353678637105 0.0212649899091904
-0.0490501865508169 0.0910281110261976 -0.194580358971921 0.0598932501644478
-0.0953525170113733 0.0989306230543178 -0.172727954425838 0.0839026775711579
-0.183938905136173 0.0479121967039365 -0.186068924151329 -0.058072166192797
-0.138647120542607 0.0228445775563377 -0.00549162720820085 0.0061984827313361
-0.12344584692578 0.0598837245610231 0.156743049966206 -0.062414268524912
-0.110634273948738 0.0930888826113 0.16589465873895 -0.138785195924747
-0.0389928258895404 0.136515315165577 0.109363705863545 -0.230677069616346
0.0273506206092419 0.127022253010162 0.00984356549392106 -0.234391156115733
0.0789506141716873 0.098478384848511 -0.0585358024100329 -0.179214273192767
0.100358697001564 0.0622052418871668 -0.0833588874948061 -0.104503386641773
0.125902382229639 0.0633481645570912 -0.0923794032177473 -0.0508094698179278
0.108915607610786 0.100187430613026 -0.0912575899478325 -0.00843479032519933
0.090462145279199 0.137207440841127 -0.103633679786727 0.0387640183137903
0.01595566612969 0.178672988415062 -0.150095382075039 0.0552522243984203
-0.0484067855161494 0.175658905608585 -0.188214166849991 0.0207402594122347
-0.127670900814879 0.130999259716988 -0.16605481665851 0.0364142071945513
-0.194365628248408 0.108523094669935 -0.11803333821453 0.0588073241081045
-0.270197085751374 0.0404645217239866 -0.0912171467168847 -0.0569109836743264
-0.239163645927913 0.0433535479973306 0.0735024159323601 0.0159994518029045
-0.207603134942572 0.125948797212485 0.214081182207859 -0.0650492388244163
-0.150046384704548 0.174630387492942 0.193498840866791 -0.142547832737334
-0.0369214130815509 0.204245358244804 0.111513900114103 -0.214399424623055
0.0416702693352448 0.179929202098607 0.0242187474734737 -0.192886297036959
0.101050998923147 0.146567547111789 -0.026871015308199 -0.139440530871228
0.127222560190854 0.0975580779090425 -0.0437816651092278 -0.0721360121475728
0.148298582167124 0.0990603318227315 -0.0470052500044692 -0.020082896669462
0.116996862387209 0.139826346922128 -0.0455857667298591 0.0259145562657527
0.0937591641060265 0.175772049173931 -0.0728519449658435 0.075626756788713
0.00298748763869169 0.224330634879282 -0.134111252531251 0.0790531845534295
-0.0863332156446304 0.223240022159454 -0.177550365697882 0.0206235710154272
-0.188210704774103 0.147995165413087 -0.132107999803372 0.0046554127534534
-0.263270738695789 0.0984745932725084 -0.0443672989035732 0.0274832410342222
-0.312230760428278 0.0300926919712209 0.0167510737987231 -0.0570750621843084
-0.299866358128036 0.0622747442775083 0.159110151681966 0.0145558037773424
-0.256752527138464 0.177927737988212 0.258355042085257 -0.0643274261984522
-0.161402567232611 0.23496404890615 0.210675799138562 -0.131879547494767
-0.0222452547307259 0.244205453792282 0.112327839125238 -0.174127217941723
0.0555370028621167 0.204441990422618 0.0460130021465568 -0.13385902829853
0.111889738562776 0.169357422552755 0.0134701280506859 -0.086188587771605
0.13343362151191 0.1186620543124 0.0019516357710709 -0.029288093444279
0.145370783970635 0.122950610490597 0.00068285052364961 0.0197989928756607
0.100113753036637 0.164419626623519 -0.00108969044550748 0.0686147991448192
0.0700618842890464 0.193330990469448 -0.0459258268796243 0.115395720200545
-0.0281198046078938 0.235034276307751 -0.119698309507198 0.0997578847582232
-0.123453930709052 0.229716650732837 -0.160246105792395 0.017697304420673
-0.228435564780364 0.133211560227426 -0.0928639966160596 -0.0266021527414306
-0.296814751949692 0.0647476050792044 0.0384212517410167 0.000889589263718061
-0.299002112405777 0.018274697035505 0.117847192104969 -0.0614698291375505
-0.303781019721371 0.0693316369487429 0.230610188779684 -0.00270084600239209
-0.254067326968989 0.194433095327267 0.275960987095594 -0.0639655559843059
-0.142021945900278 0.247235764143787 0.209739489269811 -0.10803727502431
-0.00428951463133125 0.237931298096155 0.114799429842778 -0.117171666907168
0.0594997707758026 0.192611067116001 0.0735292940891564 -0.0658195994401744
0.10597880443707 0.164603474418721 0.0566057956499646 -0.0293786462477496
0.120434601415478 0.120056190099724 0.0457793200941279 0.0170577092543942
0.120516725521194 0.128313639327578 0.0415113277368044 0.0668349153355048
0.0666949474404986 0.166629319491453 0.0290995059063314 0.117138066366633
0.0304505800905088 0.185520680258119 -0.0322859336714752 0.155477256557407
-0.0658616725474482 0.210188785066089 -0.110749900965299 0.1149375757065
-0.153777565193804 0.19733950325497 -0.138490234021529 0.0154349843395319
-0.241893822819742 0.0914632164070197 -0.0482595021657211 -0.0448526321460826
-0.288321795503544 0.0157031708454495 0.120403037360336 -0.0107544010938056
-0.232107282025916 -0.00157980413225586 0.191580515335125 -0.0720255092874182
-0.248602667719624 0.0578315682039181 0.271794792640842 -0.0305316707061656
-0.200861157854598 0.166576685928598 0.264481087052317 -0.0589549619200279
-0.100597215436711 0.202076145395429 0.19582811928134 -0.0757743358930299
0.00521948325196164 0.185204567457983 0.118566139109275 -0.0576636288578114
0.0474673948757882 0.149673276588395 0.102089725882889 -0.0062705545489512
0.0784623753196404 0.133135757015051 0.0956159846841228 0.020449992105508
0.088335254879706 0.101898232432792 0.0805573409699445 0.0603675884347064
0.0810436418753129 0.1128224609421 0.0683241631285102 0.115076639725488
0.0308179985294615 0.141998784732001 0.0397131356722211 0.163958252612971
-0.0044764193842802 0.150677808700657 -0.0380545608293965 0.188334031217145
-0.085463997305944 0.158742173827629 -0.109262469591244 0.123713265836556
-0.155987050878664 0.141933938208898 -0.1147960701502 0.0186481268086141
-0.220685876160974 0.0396586731528897 -0.00370732524990287 -0.0424174390603479
-0.238422090996424 -0.0329329028434146 0.191090824715085 -0.00361103148920723
-0.126821767209219 -0.0299299909170331 0.224636338698991 -0.0799041727157781
-0.152945587377034 0.0235440250614005 0.27581661487241 -0.0549132309011323
-0.11932692269668 0.097239133938066 0.236801666822959 -0.0466307050315378
-0.056413551125387 0.111471498523842 0.178454062951055 -0.0458391341381674
-0.00268544490515965 0.100756189269192 0.124474057006857 -0.0126690731978929
0.0168803729818394 0.0860303740039824 0.122850749160971 0.0327935543497489
0.0323905196612616 0.0837239167209201 0.122772931273941 0.0551083858153693
0.0435892589267095 0.0685336137632911 0.10260155153261 0.092791665854606
0.0380900826220463 0.0751359544378219 0.0809443902782367 0.154168552496621
0.00698998531718462 0.0925316878507577 0.0332524707356021 0.19974945365305
-0.0149124664732943 0.0951962360653139 -0.05479840698609 0.208915100158982
-0.0703175713069016 0.0985380487688015 -0.112636351642009 0.127740978226288
-0.122830893404524 0.0837827728477342 -0.0952351983332559 0.0295301024216667
-0.165769154576279 -0.000480116104099484 0.0287295704453539 -0.0226822387164178
-0.154655845644165 -0.0664558201079013 0.241135720405555 0.0195559168003461
0.0514212043823017 0.0492892325369718 -0.298869479012099 -0.0241390916466506
0.0794078467772615 -0.0074951067826113 -0.0952299267368748 0.0214120231460161
0.062148036569956 -0.0428793758560538 0.0823072730392164 -0.0409538050801032
0.00847083566701425 -0.0417918661123041 0.126865101772259 -0.129449194774714
0.000950763091622772 -0.0121782526294349 0.0858775459908017 -0.238825954596112
0.0167484940087187 -0.0161425460847992 -0.0295222497268872 -0.265371574818677
0.0159463507195757 -0.0336304943836879 -0.105888097747043 -0.2007270950396
0.00944053454042748 -0.0337163674949372 -0.13385695330325 -0.124432366802652
0.0251093092641051 -0.0353917057304647 -0.148364040546807 -0.0718016780606236
0.0423576627638873 -0.0186764969715844 -0.152962895870882 -0.041444196724935
0.0404039076347839 -0.00104186357966441 -0.146382556143499 -0.00141366325026887
0.0331260810782456 0.00292090061036328 -0.17427718604839 0.0313121628495306
0.0551386475954993 0.00268841234532937 -0.210389627565013 0.0356387517582278
0.0491940258610419 0.0433203203872454 -0.224630970319129 0.0800549419420616
0.0251122103852225 0.0784087604483364 -0.2082400508149 0.11028675428901
-0.0747704172751582 0.0582604890991113 -0.265000875227806 -0.0428243705432807
-0.0304470496387512 0.0114347350563982 -0.0640542824921757 0.00740700245949354
-0.0304329739152505 0.00832776365541383 0.11117527276868 -0.0599684066373202
-0.0552576371873782 0.0251903011068547 0.143689690982022 -0.139412762829857
-0.020920406740484 0.0668976246304915 0.0977501848712827 -0.246629981168042
0.0249642949232816 0.0612976899407913 -0.0143540999821512 -0.26703945173387
0.0547422421056108 0.0351969990784821 -0.0926767465428116 -0.204932954398574
0.0633102374079134 0.0148366567611355 -0.121369133257066 -0.124143881693658
0.0867829939723911 0.0153479433070114 -0.134449626860085 -0.0662661452694099
0.0871234282372164 0.0464112233076104 -0.135073806829714 -0.0283589948790451
0.0746935382903876 0.0786393009593853 -0.134176710804463 0.0158234128523865
0.0258838161920826 0.107315034382611 -0.168147226721015 0.0434417166553233
-0.00160430827750887 0.103950511114609 -0.205020806691987 0.0328354517359846
-0.049400955541901 0.0986602740032114 -0.202221685253585 0.0711221309229139
-0.096609016210213 0.107676890095544 -0.18146009523092 0.0971204913755129
-0.192673692915572 0.0587143851930599 -0.193424962255512 -0.0512610885350803
-0.147674756522781 0.0315708772733066 -0.00277646204599399 0.00944197948621355
-0.128711310615858 0.0709365907756493 0.163552992070831 -0.0705130672502251
-0.113504195946497 0.105739215491907 0.171161974842034 -0.151249042163732
-0.0335790573672153 0.1475418187611 0.103733847973212 -0.245982403889576
0.0368367821323289 0.13400368491619 0.000358866639475944 -0.247011196424363
0.0886377227499127 0.100249841616402 -0.0681234175911912 -0.185207353727928
0.108556195209425 0.0611364758658192 -0.0906483225340656 -0.106249345096191
0.135541596850019 0.0602623093231114 -0.0983834686993878 -0.0469934222754536
0.120764159470129 0.101026348572573 -0.0963138817151283 -0.00253370296593584
0.102114324199938 0.139393952951755 -0.10793669694669 0.0468970836854034
0.0258086176826898 0.189013945264419 -0.155160883736066 0.0670082557784946
-0.0430219366838056 0.187976443780372 -0.198277977367764 0.0335904740138252
-0.130400333898865 0.145377902850487 -0.173248194172192 0.0462738877927363
-0.200283379727028 0.123061918692496 -0.12518068825896 0.0690676072309719
-0.282866344650098 0.0563258245544784 -0.0941095007583726 -0.0537385744307024
-0.251281674438915 0.0582701779753876 0.0806716279706204 0.0146881412311319
-0.212795640912097 0.142839124540866 0.22320130367294 -0.0746426481415801
-0.150720863453326 0.192101350103817 0.199183095389258 -0.155641745617656
-0.0289010104863796 0.217985466256086 0.10675759250929 -0.228376956527585
0.0533654087756682 0.189140739152975 0.0179466131962535 -0.203698036677313
0.114748047638672 0.148673069128278 -0.0337027840687928 -0.144028072788438
0.137606083583592 0.0965306456045649 -0.0470402966263707 -0.0730779386459738
0.161096644005738 0.0963378014850247 -0.0499018402768206 -0.0172601059464302
0.13121870439226 0.141759440356747 -0.0462601438903468 0.0316719280753586
0.107231114140194 0.180121458247751 -0.0732797046729975 0.0847732265808308
0.0148030104813353 0.237895932586605 -0.137556953086158 0.0920234169584935
-0.0795810007300313 0.239536392776842 -0.186402586548822 0.0329944021966936
-0.192671689419673 0.166029536692208 -0.13920755436779 0.0118071774516594
-0.273562594106013 0.117260825753362 -0.0484643730158475 0.0328341507257402
-0.327163553874591 0.0493689808129883 0.0199052289381128 -0.0589359342093443
-0.314338090214864 0.0799992749592265 0.170426006288962 0.0100026748556268
-0.261871281080243 0.198878627476976 0.269717280680406 -0.0762490935862658
-0.160627808401704 0.256030278093356 0.21771024584183 -0.144304029337627
-0.0116273322783321 0.258579607778004 0.110669488957601 -0.186417833395096
0.0687519691309147 0.212907220764591 0.0436362946604394 -0.141779103884506
0.127740519612781 0.172710937193221 0.011121173310164 -0.0897969922717441
0.146055579719116 0.117532870278048 0.0027769890433248 -0.0298988737206876
0.158576131231567 0.120784627131339 0.00244050922914596 0.0222630176272548
0.115119945823625 0.169054605165016 0.00243263163046583 0.0735794674057997
0.0826552428074992 0.199913676571457 -0.0418831512988912 0.125091261178196
-0.0178245499375228 0.250231535251839 -0.121056436497991 0.112547963841325
-0.118867704664263 0.248164919053515 -0.169100643032527 0.02984145347204
-0.234902769095164 0.15181467459158 -0.0994426060708418 -0.0220342157101746
-0.310905254441799 0.0834084738030035 0.0374153546433426 0.00050763268468809
-0.313141975114008 0.0362117800574289 0.125865192251854 -0.0687912643711199
-0.316441146443857 0.0880776184261988 0.244948229499876 -0.0117678876466759
-0.256574142468884 0.21584210738696 0.2875574916845 -0.0761666272708875
-0.138895458846301 0.266694357778287 0.218462383546257 -0.120145877300703
0.00670742249677051 0.250022856128514 0.115906192797199 -0.125564616577551
0.0723781408207771 0.200264371198141 0.0766393535623386 -0.0720429942378832
0.119886272527832 0.166961856630545 0.059021058380088 -0.031940920183197
0.132155412881773 0.11887522225478 0.0504886075401021 0.0171333593350719
0.132674945986389 0.127852915697704 0.0474459767060096 0.0695204881905501
0.0796494751175152 0.172695293696958 0.0365888186491075 0.122653917640077
0.0408880793480263 0.193434459921303 -0.02606004676108 0.166360552473875
-0.0591480704826535 0.225932024692994 -0.111457113862011 0.128024434128218
-0.15139314757919 0.215243667796975 -0.146727137060407 0.0266894112583826
-0.251108768787014 0.108621406388177 -0.0534158722339075 -0.0426543395647183
-0.302449418960951 0.0327537698924164 0.123951097142308 -0.015803079002964
-0.243615996217284 0.0121585025889492 0.20279119999587 -0.0832573077188767
-0.257668984432172 0.0727234910750536 0.28602267341392 -0.0435467811942997
-0.202346712100898 0.182993325350544 0.275765098980223 -0.0729368226655677
-0.0979106804494449 0.216263036396555 0.204650545850323 -0.0861458696511998
0.0138201014374248 0.192549371139367 0.123319526269411 -0.0638210956402688
0.0563985570874137 0.154140806704292 0.109301738215837 -0.0100777523719993
0.0898959012943129 0.135136035041623 0.101448382300808 0.0179801096041907
0.0979197108033279 0.101899706254656 0.0878200501651666 0.0608046272122613
0.0903949381080793 0.113982831316786 0.0774868179263969 0.117863997662203
0.0398290511656849 0.148711463879247 0.049939214729166 0.170950840255054
0.00267889284606776 0.158300288967919 -0.0302383947970701 0.200720783801651
-0.0829604583346457 0.172206549169572 -0.110098448028037 0.136555977375131
-0.157210538216846 0.15636683110926 -0.121644216298381 0.02753988620248
-0.230166420988651 0.0524990373119908 -0.0069428393805563 -0.0429123700896634
-0.252596289881622 -0.0212159691525908 0.199194515371796 -0.0117704820815769
-0.133573967936371 -0.0230715343159827 0.236888830940977 -0.0936299919691184
-0.15772866414074 0.0324257591816433 0.289639825982983 -0.0701079511663466
-0.11889249007796 0.106246421588506 0.247198559508739 -0.0605555706513974
-0.054533936261237 0.118501767700133 0.18745540083701 -0.0553327461802884
0.00183184446692345 0.104293110907431 0.131793678069059 -0.0177656808228348
0.0209661963306315 0.089346870894699 0.133436455983199 0.0293305598531052
0.0384054429953577 0.0857232031844375 0.131586160076138 0.0527905107062943
0.0488070473720181 0.068803043868306 0.112050878854953 0.0935765626382822
0.0434024847881287 0.0764159362226366 0.0913150712008361 0.159233655023998
0.0112590025575623 0.0967638888695556 0.0444638658826494 0.208612387525632
-0.0113182209251052 0.100609891004564 -0.0475751627904532 0.223204865350842
-0.0695955338793701 0.10801143495378 -0.11360777106591 0.14068566163293
-0.124198322343747 0.0926038992990387 -0.100504539913748 0.0379464349925729
-0.173619045804417 0.00683241048223667 0.0276707949154191 -0.0237834866830522
-0.16540226178552 -0.0606217581775246 0.253199294797977 0.0093940783750559
0.0548864506294824 0.0469693067704489 -0.309883940541402 -0.00576664240117953
0.078862903664195 -0.0115189072055752 -0.094170240206734 0.0293629535354348
0.060286589436306 -0.0467639318159824 0.0849232821129864 -0.0472637558090102
0.0065135074470689 -0.0418559750888436 0.125850331527199 -0.142610848764071
0.002735318932414 -0.0109620291946396 0.0729388449065686 -0.255863210694642
0.0163262468447993 -0.0173747611038362 -0.0497316697995577 -0.274313142625223
0.0142004507932974 -0.0360282255041551 -0.123481005337074 -0.202844499651188
0.00744750650035549 -0.0345455292288435 -0.146658801562526 -0.122421221918946
0.0234830858803493 -0.0381700055672198 -0.159398753115838 -0.0639657198784215
0.0428332449839732 -0.0221872366138727 -0.162939968229261 -0.031575067546861
0.0425072376169591 -0.00356267423569218 -0.153065025011381 0.00816782511037258
0.035585925747881 0.00176080333906284 -0.179213682886648 0.0446426406946054
0.0562217587070743 -9.41871627390019E-05 -0.21801896643958 0.0503789411051542
0.0533217320362439 0.0422284937527928 -0.229922567546475 0.0971303625118
0.0315788801831526 0.0778720492223227 -0.213477534280133 0.129535261720338
-0.0755898079292158 0.065513928181732 -0.275191366963028 -0.0269083265284337
-0.0339049829571347 0.0153816544515185 -0.0634670744567941 0.012803230604765
-0.032944594555145 0.0125585042275143 0.113733874820171 -0.0680803034195577
-0.0561347813704295 0.032926406648498 0.143589229024649 -0.15371889743287
-0.0157538331601209 0.0732288982799576 0.0863309180350713 -0.263462773954059
0.0314810614591037 0.0640558190002839 -0.0334983377739784 -0.277000545077657
0.0600665857700893 0.0335533763156165 -0.109552330590729 -0.207597925307167
0.0671974990451963 0.0126592216065883 -0.132365758932813 -0.122066104682738
0.0913996543482315 0.00976975344864252 -0.143619168297161 -0.0580060924444846
0.0948600458601789 0.0432411639192515 -0.142859576711733 -0.0185367002664786
0.0837086338229628 0.0764249634611432 -0.139308653284044 0.0253838398297389
0.0351377190434039 0.111889108082137 -0.172157358238593 0.058278700680967
0.00398066444679929 0.108609249233022 -0.212510421534423 0.049176862030052
-0.0457095171301157 0.107520487315905 -0.206940224070652 0.0868522834772189
-0.0937667230815185 0.117338677244612 -0.186856792813943 0.114841119639247
-0.198549640787881 0.0749408401298595 -0.200820545044535 -0.0399781150996034
-0.154940159192636 0.0438010571293386 0.000942693752444716 0.0112543390141098
-0.1308301198555 0.0838595100997667 0.167339513837374 -0.0818115935072531
-0.112439045237546 0.120714094900863 0.172017364003066 -0.165956199795569
-0.024143179961853 0.157773017204825 0.09243870570257 -0.26251079121388
0.0485921505601403 0.138720493277775 -0.0159235525928065 -0.256891199290792
0.100962847383689 0.0981365630029972 -0.0827505922828375 -0.1875844916904
0.117306547605656 0.0564069755538805 -0.0992314979896234 -0.104383938334409
0.144987003713681 0.052655692493369 -0.104874026381584 -0.0401606217784176
0.134167841639789 0.0972972216682959 -0.100457925769006 0.00582794207286909
0.116373381007599 0.137863130378768 -0.109067984672318 0.0570247297907183
0.0407969674215374 0.196776674342699 -0.157454698545638 0.0818042404469941
-0.0332632945897551 0.199417226248431 -0.204614163122193 0.0511112073891179
-0.127253689783799 0.161691459135119 -0.178134987154523 0.0596373659474366
-0.200964263279464 0.142478836383568 -0.12885791338801 0.0820665182858302
-0.291900009230789 0.079529786491811 -0.0960782378137137 -0.0495437303338112
-0.260615283605968 0.0783990752306466 0.0875428355106531 0.0121091499879201
-0.213904826638585 0.162996008421399 0.228193465677057 -0.0890490876313305
-0.14657920507877 0.21332282589144 0.201218310595126 -0.172441381266027
-0.0144753645863248 0.230508022956668 0.0971858539802104 -0.243164252744666
0.0696718045094211 0.194529642395236 0.00626448562845004 -0.213094035169707
0.131544470241208 0.146798392386753 -0.0433019553553218 -0.146439600612199
0.150125813671229 0.0910145331061636 -0.0514041177484001 -0.0731454555417952
0.174339060481707 0.0876788099003985 -0.0516349464012474 -0.0129070387176442
0.148309000327869 0.139632695957768 -0.0455749673529786 0.0376211389762869
0.124666064340522 0.180647526324424 -0.0702571503149336 0.0941473438428426
0.0325180543692847 0.249496968755626 -0.136415207433693 0.107190461105631
-0.0672103648818434 0.255714108587422 -0.192578421514083 0.0503172074809269
-0.190879266380449 0.188358289656544 -0.145001790974359 0.022641446607836
-0.277206337921707 0.141727270037296 -0.0512280959852828 0.0391665424615534
-0.337935448162709 0.076170852337915 0.0227365078322128 -0.0617166602028248
-0.323274959961048 0.105363389459356 0.180483041226972 0.000663332207364232
-0.259257746543684 0.224311298350987 0.277159611256933 -0.0938984737118427
-0.152147241819423 0.280342231724592 0.220775726586316 -0.161874897882955
0.00588049578868743 0.269882281107388 0.103925079235855 -0.198241649526522
0.0873195115656066 0.218172025714434 0.0385952124114173 -0.150261013354567
0.146297473324579 0.170316559120361 0.00616417208833273 -0.0926539197222274
0.160493084775889 0.111544516068862 0.00358782898876569 -0.0309564266302182
0.173437811379612 0.11402588185262 0.00567943565164663 0.0247991106887915
0.133472513856024 0.168511828541996 0.0076995312800516 0.0779029800170024
0.0995099685254207 0.202815468730402 -0.034520625052984 0.134698133893302
-0.00150702283683538 0.264425022332506 -0.118245938088169 0.127975083962432
-0.107220337816347 0.267094364197142 -0.174650284689461 0.0462579582435678
-0.235679540816562 0.176309111406313 -0.10501252615449 -0.0148899947211029
-0.318446897587999 0.11074025559259 0.0361669081318462 0.00025659346538244
-0.322811302308096 0.0610977188266422 0.132315474343069 -0.0792682468504512
-0.323742322122504 0.112803327206959 0.255751132654805 -0.0267118184531395
-0.252972306200276 0.240784636769619 0.295226357649372 -0.0954527171161081
-0.130164878237307 0.288555763816621 0.222885100689709 -0.136164346468815
0.0235582402199879 0.25946982344004 0.113491561389857 -0.135346093135799
0.0898198581382185 0.203486242285483 0.0773928677976794 -0.0792633789843311
0.138336625663933 0.16446644872437 0.0598561594156526 -0.0359042272348313
0.145076144838827 0.113784471795315 0.0553190446146974 0.0158850238115265
0.146525131395013 0.12281137257991 0.0551076634390529 0.0706173927085787
0.0967918601690592 0.175848957839793 0.0471504382729435 0.126095837749347
0.0549355409156325 0.199484192345381 -0.0148038955880413 0.176522218981166
-0.0458899659631417 0.241675604645247 -0.107030587168481 0.142793901387233
-0.143107799952113 0.234160367128373 -0.151033206985364 0.0410074238245934
-0.254144176789223 0.131478096896918 -0.058215306672875 -0.0393053479984394
-0.313799983344705 0.056760780242461 0.125495549488003 -0.023254060601326
-0.251926716128005 0.0323929133907367 0.210545427496509 -0.0993217432393011
-0.262914135639417 0.0934253827159465 0.297066180678616 -0.0635638596722177
-0.197770534545266 0.202683734810293 0.283047807521282 -0.091481631299144
-0.0893874648667649 0.231954906919398 0.210111169314852 -0.101352445215001
0.0269041081399642 0.198259809327731 0.125328744404867 -0.0723018803583279
0.0698242845294653 0.156269396189226 0.116182329603188 -0.0180837967045244
0.103316215443267 0.133560537927101 0.107832523847985 0.0127735997345695
0.108422818291946 0.0986456839725656 0.0974114444700908 0.0584590469867408
0.101293703923116 0.110642827709086 0.0897595090473339 0.119003439489774
0.0535021263965301 0.153073396796876 0.0638450220090446 0.17493586708215
0.013027963492627 0.164913227578643 -0.0176815385928168 0.213071751940397
-0.0749322478997682 0.18762692691314 -0.10521568790788 0.151943775272357
-0.152588707777057 0.172162875152981 -0.125318897018725 0.0403505542936108
-0.235904463025891 0.0715628155640118 -0.0105663843557421 -0.0425829075145716
-0.264081743341107 -0.00251531071554409 0.204751922592907 -0.0241108725984799
-0.139055739002794 -0.0132135045041501 0.244801821143057 -0.113006960092005
-0.160973725800664 0.0434596056118626 0.29793048261964 -0.0920957511613692
-0.115392110299428 0.116547098172193 0.254316791061384 -0.0769262502061037
-0.0503653071015824 0.126839911047749 0.193726294533745 -0.0688327873203075
0.00835588338466793 0.106815896090679 0.137514535823486 -0.026071242668904
0.0279953260005402 0.089756491044048 0.142939407913886 0.0217440109012189
0.0459902031395521 0.086471697595125 0.140159115310417 0.0467700137750097
0.0543803855140226 0.0676836054972568 0.123284019880789 0.0917868678475032
0.0499153965126687 0.0761020550561381 0.1072291687622 0.160909510111806
0.0191453499152332 0.100753721088526 0.0611269306749156 0.21468575315306
-0.00544707931529559 0.105101328533829 -0.0346058049987962 0.237491323074358
-0.0662177218310799 0.117773443283834 -0.108984263278959 0.155857948287017
-0.123103365968094 0.103497406409902 -0.103936716391466 0.0482480379805268
-0.178823634974351 0.0190793934152375 0.0265606567074732 -0.0254629490528924
-0.17589020950776 -0.0500461292439656 0.262513129502468 -0.00587068777907828
0.0573985168595232 0.0387338440846379 -0.310093368120665 0.0502888736326382
0.0739813461892284 -0.0231243010331146 -0.087914315578687 0.0494209236241468
0.0504121592163727 -0.0580965714793792 0.0801914480600749 -0.0583264125948231
0.000289939247509146 -0.0449689228024169 0.104916867768906 -0.165160312912499
0.00158869964479316 -0.0166284162284907 0.0284919613764181 -0.270311858986467
0.00885237960667727 -0.0250455057909103 -0.0994713945576622 -0.263848813701963
0.00355771915608131 -0.0403689978682299 -0.160381000459186 -0.18045527875982
-0.000274917585133615 -0.0344803964066432 -0.166986550168864 -0.0984582527731398
0.0150757372643665 -0.0407782397819165 -0.171267116811175 -0.0382075460094118
0.0389953055542382 -0.0285067716510209 -0.172429616613202 -0.0058463786501142
0.0426094354165597 -0.00956009261052264 -0.155129084901497 0.0320193372495524
0.0390842091314042 -0.00190758244030879 -0.175787130177865 0.0719476793177846
0.0576290451178182 -0.00624656154679787 -0.215077934653145 0.0841413285203646
0.0635012562860412 0.0352388244655571 -0.219882849076328 0.131109603731265
0.0451449341399493 0.0733263516312665 -0.198467027952547 0.160890935995874
-0.0693334521346639 0.0843912708696858 -0.275903044350349 0.0164136373955418
-0.0334400590134672 0.0260196967273197 -0.0584406012047506 0.0222922322367267
-0.0310946698070151 0.0193353015367541 0.104007689157911 -0.0892389687413154
-0.0478796244903032 0.0432989375956473 0.120072494523839 -0.18311009258259
-0.00118674196543026 0.0707281213451521 0.0370684961516479 -0.282043353746137
0.0391508559076752 0.0533900621584384 -0.0856092219208035 -0.269411043349203
0.0649002556792664 0.0204091561560594 -0.149434851574481 -0.188768839628286
0.066668246112555 0.00219368070432632 -0.152836694557561 -0.0998696866515403
0.0932056392850207 -0.00523660949717131 -0.153946322884992 -0.03443989993698
0.104493867285795 0.0278349218818909 -0.150201130149949 0.00463072588246611
0.0984380072970418 0.0631076859224305 -0.139125873882921 0.0475401612197543
0.0591617887323995 0.110185118724926 -0.166526767908134 0.0821277503996665
0.0243317390282782 0.112374629049325 -0.207234269496542 0.0807806484513731
-0.0257623008959698 0.118313725305215 -0.195485969985397 0.118970604111514
-0.0755245698418059 0.135293153009057 -0.170348252064043 0.144678131882188
-0.188676446614713 0.118531153159977 -0.20051433723518 -0.0149866815471703
-0.147822866565596 0.0780626125322075 0.00576767894456461 0.00364199203253605
-0.114612290562728 0.108830485918428 0.153513340563337 -0.118612754146454
-0.0868107714904976 0.143211280766588 0.144391832812654 -0.205085979851975
0.00585600567695595 0.157075325796848 0.0400491425576044 -0.282325374427594
0.0710296701892326 0.125400803896356 -0.0664112898460194 -0.252351647853618
0.119736096334544 0.0787479930638488 -0.12109257833966 -0.175201217396615
0.124401601906895 0.0366374892178261 -0.116424292362292 -0.0867075470911207
0.155761188593338 0.0268839325433907 -0.111849975760142 -0.0224542319075569
0.155516887350349 0.0759450038756148 -0.104483162345948 0.0218144468333199
0.142016287427517 0.118646213053 -0.104398513757714 0.0745753310339981
0.0813397986073277 0.195824419733872 -0.148331920985425 0.102050229464683
0.00418819728613376 0.209682633867559 -0.197062889737233 0.0800428251317781
-0.0994600336756549 0.1873620111112 -0.167986863363541 0.0896873150687559
-0.180852251428555 0.178669503325011 -0.114295567734307 0.10638651245949
-0.278806400794432 0.141104300817783 -0.096183638336592 -0.0465472569943039
-0.244470464677162 0.13074943605385 0.0935026883336571 -0.0159395597902712
-0.181733068437372 0.203243260325083 0.210946939100632 -0.142597276464885
-0.101716572856143 0.242622826578159 0.169261972587259 -0.220587042375558
0.0286066676304346 0.228118851828755 0.0452215405287595 -0.262534886373695
0.103101682375778 0.177419144858339 -0.0374807509685048 -0.212748093177424
0.16297313562228 0.121831043815829 -0.0761336864274415 -0.142141787486217
0.163617824894763 0.0650969837470257 -0.0639459817400507 -0.0622034210940317
0.191585551353585 0.056587779038461 -0.052989333167034 -0.00244065858616332
0.17860313526562 0.115188219682878 -0.0437243710527266 0.0451453477454313
0.157794639174986 0.158925517394067 -0.0589161427159624 0.106158532357099
0.0826458555521129 0.250418503744325 -0.123428425303881 0.123849507020461
-0.0208089523978031 0.272760098130574 -0.183118510964091 0.0775782587532826
-0.158745651985393 0.225572612927509 -0.137791433833237 0.0489098386053522
-0.25933529128528 0.19134825845705 -0.040872816521025 0.0541871833048286
-0.322864487266689 0.145102198952389 0.0215519211259192 -0.0811530489230084
-0.298912943500486 0.169427098270747 0.184604900643557 -0.0468361449260687
-0.213951732192399 0.272364125705532 0.256340446353698 -0.160039470530152
-0.0940285094479179 0.309600909774648 0.187556384469703 -0.215619023973745
0.0555177857295571 0.2646682449763 0.0584464327714119 -0.218644099792334
0.125859454794829 0.198347142749376 0.00465682314970484 -0.15524866569929
0.183868959253135 0.142248900531809 -0.0169424836157675 -0.0973260931433667
0.178012738080607 0.0832883341512997 -0.00233649940177828 -0.0289817757172057
0.196934095616027 0.0818831349926771 0.00927905595594016 0.0263185842134267
0.169132067382716 0.147039205728974 0.017668716336629 0.0772920725714634
0.138205369463582 0.186176369726488 -0.0164197825119093 0.140486611628021
0.0512428625152409 0.271307144129698 -0.100369039065162 0.141925799312834
-0.0583799835614713 0.290381979819014 -0.164102088379719 0.0703699073423566
-0.20671012822027 0.220902186588272 -0.102547862964107 0.00669875381035533
-0.305570332965223 0.166352604226059 0.0421874183361 0.00383701760137431
-0.308842720088113 0.1259516576486 0.127897107960774 -0.117193036114531
-0.296110296986577 0.175263484295233 0.254530588812429 -0.0887958513120081
-0.203374108099744 0.286449968347416 0.273473145317761 -0.165329344206195
-0.0693013644079667 0.313032975799363 0.191750983097616 -0.189954384850453
0.0717438263499236 0.250568325535319 0.0804818672156031 -0.15611464669567
0.126632334827808 0.184914533779213 0.0573235724328062 -0.0919792054920125
0.174817178280595 0.138209880386874 0.047213035544247 -0.0498245310951639
0.164411392764237 0.0890048959847775 0.0578676857819761 0.00804347791730445
0.171827892556676 0.0967422355055861 0.0671864750002954 0.0647511729854968
0.133877615033665 0.160208663170682 0.0653852015279843 0.119056685940466
0.0931289862321537 0.190376439822222 0.010586961346057 0.179265849521622
0.00210792914716348 0.257178604228805 -0.0867479536884516 0.15625315699787
-0.100914142854269 0.262891365291161 -0.140381370612952 0.0629908814849424
-0.233960394965055 0.178425715101734 -0.0597515033893549 -0.0244716401788392
-0.30948073251937 0.111318096596137 0.127421111108148 -0.0326877054096108
-0.241670668221454 0.0801387246976342 0.201463354184451 -0.147956348945139
-0.237906395504276 0.141096373739121 0.288877956748217 -0.130155061585556
-0.155033211958408 0.23670533797145 0.262243419275035 -0.155438370714967
-0.0401425584603742 0.248239969590814 0.186141289189301 -0.149976982719593
0.0647664056463051 0.189909308169204 0.106582011607203 -0.0937042061832306
0.0990436670384812 0.141090618379039 0.109285223335919 -0.0378273586465143
0.133666734434117 0.113048022572314 0.105951015259762 -0.00837330869155304
0.125513410205804 0.0790444197885842 0.106840167295599 0.0444539873752718
0.124715467759856 0.0920284470342063 0.108617002884912 0.108376852723153
0.0854359842292411 0.143871200024151 0.0905804065187535 0.166614762898413
0.0446361998555204 0.163668268647938 0.0137767111655891 0.215677708389959
-0.0376443105166578 0.206004537044661 -0.0823188135059738 0.16619786669131
-0.121672365077354 0.201052528215193 -0.115615050888157 0.0602303564701695
-0.225327198118632 0.112433657665861 -0.0137668221809843 -0.0347683737002376
-0.268966811083264 0.0414256716238498 0.204962493830007 -0.0460864614088143
-0.13769514758123 0.0116441490683406 0.232063128310535 -0.16216028078753
-0.146382014150119 0.0694735193366198 0.284449650463952 -0.154527825553046
-0.0907238885755429 0.133650082585582 0.238347805421101 -0.130476662963623
-0.0230146871640055 0.134300731659873 0.179714040507918 -0.109978733862908
0.0301532304458933 0.102133723326338 0.130764115597759 -0.0500865572037078
0.0463528487723493 0.0821031416001119 0.145417858283309 -0.00439754841145382
0.0666356193480266 0.0769539120294407 0.146327903324804 0.0195323709780125
0.0673267216065147 0.0574734297146239 0.137645654977218 0.0724508817328726
0.0663674549726323 0.0672159104587126 0.13306430695463 0.146635539333468
0.0412023083604377 0.09758344723266 0.0936657386613271 0.207335389540923
0.0156738825589251 0.107057023958069 0.000922817704431272 0.243449446313185
-0.0423951516583238 0.133294327145049 -0.0864205039547439 0.172428897843212
-0.103897315058069 0.125265842296695 -0.0943111912270541 0.0656346732583471
-0.175750217672938 0.0492454691342859 0.024574391996408 -0.0247525705657686
-0.18659407690043 -0.0227608852653981 0.262535398136198 -0.038065331562308
0.0584534478674235 0.0344856817079147 -0.305706799112657 0.0671102629657465
0.0712839022948684 -0.0252040650786809 -0.0835085895758477 0.0540122707666196
0.0468953180459945 -0.0585046031288515 0.0795760241390105 -0.0630354105368109
-0.00105767189241447 -0.0440586075702928 0.0991841161013436 -0.171968929219235
0.00304651836127315 -0.0162539108679038 0.0139083692791765 -0.273579746662734
0.00856906289845409 -0.0247680548833121 -0.115885632285824 -0.257432521773802
0.000837681747159365 -0.0403395355738794 -0.172284878872808 -0.171842533698413
-0.0015806339044413 -0.0332030771507244 -0.173686528477612 -0.0914830301073733
0.0130564081608691 -0.0407790325471831 -0.173131143897233 -0.0282349453040166
0.036933999987629 -0.0309673405102522 -0.173844596202425 0.00532303572842817
0.0426895018344925 -0.0128211541922085 -0.154922459647815 0.041319189260377
0.0396369201255029 -0.00363725719168934 -0.171317510914524 0.0816203007021212
0.0564161976110589 -0.00821247477646661 -0.2120798303961 0.0961952046909911
0.0652871921825757 0.031364048405938 -0.215283282558308 0.143018634498144
0.04795574874448 0.0690659299731942 -0.192871551269103 0.173614116913031
-0.0659660299210655 0.0882275661299588 -0.272497339534115 0.03177327820979
-0.0339697047729648 0.0303548146759872 -0.0554331118049425 0.0253792514478143
-0.0307226751309292 0.0233999855701446 0.10237529567792 -0.0948245996738485
-0.044869897166499 0.0486471629938754 0.113835751963534 -0.190676094601655
0.00526388450953082 0.0724795607918697 0.0218098874303727 -0.2846490752997
0.0440992170218124 0.0525317954699434 -0.101074830920784 -0.26520623285426
0.0663401743217929 0.0170453488638264 -0.160403176796548 -0.179783121360476
0.0678386666341804 -0.0009156456702412 -0.158250478755471 -0.0933977148370613
0.0931340089274582 -0.0104262798882902 -0.155010299337818 -0.0250340820958054
0.107226875107086 0.022264379005333 -0.150857824213937 0.0143219041832522
0.102334148546935 0.0576138150720531 -0.137105344478193 0.0558984414732351
0.0667495455141509 0.107707259019533 -0.161726636328794 0.0916743216563024
0.0308590095563205 0.11259939205719 -0.203754696101141 0.0931667327865484
-0.019557959208049 0.120855912068663 -0.190622420541613 0.130229254636469
-0.0689353114035642 0.13939191177899 -0.16457765158658 0.157111445928576
-0.182737692682102 0.130431202513471 -0.197783044765343 -0.00437651472578941
-0.145659171091061 0.0882831354480121 0.00840825980630671 0.00382339734319019
-0.109948061337343 0.117380525510942 0.150032468418987 -0.125364505343175
-0.0791538161664775 0.152101590849022 0.137402370697693 -0.21406982740868
0.0166276700738366 0.158853213899912 0.0261074360037402 -0.284841446571009
0.0801694656803824 0.123354999879661 -0.0798462567525658 -0.248556451644883
0.12601457180291 0.0713567138337971 -0.130980752318799 -0.166903945590471
0.127750367132914 0.0302725484445293 -0.120707559530556 -0.0821582813197572
0.157247333661975 0.0175682976325786 -0.111309468632978 -0.0150024166303725
0.161666954129357 0.0665219868827018 -0.102466512779418 0.0288895126873349
0.149652319211418 0.110853806009864 -0.100569755463637 0.0816068789878304
0.0948842165775429 0.192848169390603 -0.141832987166886 0.111711246262358
0.0158550463760024 0.211174921613184 -0.192999821925789 0.0931757125054574
-0.0896255483006475 0.195185533935142 -0.164082985135652 0.0999775459344782
-0.171060457297278 0.189880641805092 -0.11090839066624 0.115371338293853
-0.270655338330187 0.159017498917352 -0.0940702670097909 -0.0426997395897196
-0.238859855449938 0.147096050674647 0.0950124289813237 -0.0202690845400756
-0.172047933170766 0.215542409635725 0.20687878978789 -0.152263017091884
-0.0889384020245595 0.253542798774753 0.161754288614514 -0.230061223549833
0.0423135126565269 0.228680827207824 0.0325783817197029 -0.2645816163301
0.115502781366338 0.173150673122209 -0.0486741605162256 -0.210743138744348
0.171434932088679 0.111396143165666 -0.0828244364629742 -0.136247518911958
0.168891450189683 0.0560427822654158 -0.0656038118444516 -0.0604913811111556
0.1951790970166 0.0448856314249996 -0.0520661666669736 0.00111003497659385
0.188041511384359 0.105642069320266 -0.0400868496313695 0.0486012070967638
0.167663703237588 0.150538354383898 -0.0524592852492899 0.110841546168456
0.0989048332975854 0.247318266260986 -0.115526145842811 0.133043360502978
-0.00498980444569767 0.275005105847505 -0.178330329595863 0.0903366532869849
-0.147061349756762 0.23702254057423 -0.13595410239392 0.0574570805700254
-0.248153083327449 0.207768809545025 -0.0399163578296182 0.0593788647478837
-0.313259068804578 0.165584983170426 0.0216855197598031 -0.0841448905627752
-0.290888886730417 0.188141000784096 0.183939616744958 -0.0569730010392741
-0.200308226974984 0.285281477655856 0.250713270080674 -0.17082092659007
-0.0765653803170596 0.319698258203928 0.179736037697288 -0.226090823715548
0.0713759697260394 0.263209506300601 0.0489459435574538 -0.220372647880155
0.138132744114261 0.193466674454959 -0.00147192858162248 -0.156532975689475
0.193679862710884 0.130536848177136 -0.0212561927149844 -0.0944394060118865
0.183119222322203 0.0733042377398718 -0.00157053473879706 -0.0297463625627432
0.200941561461898 0.0704506020254443 0.0131743949103142 0.0265652335597345
0.180872893865025 0.136677305003501 0.0229086612695768 0.0766699263327972
0.14922131303428 0.179102740022471 -0.00799684130538265 0.14277624115941
0.069240187796635 0.270834980799269 -0.0921463245157731 0.150247219052865
-0.0417747716204582 0.294983479575896 -0.159535322630448 0.0827133779057647
-0.194930399789796 0.235401822285602 -0.102745467847029 0.0129369441542126
-0.29619543255209 0.185228799151989 0.0403582521645272 0.00328422281017344
-0.300049252027804 0.14618984333243 0.125910345341624 -0.126515491621932
-0.287508567395514 0.193547915512419 0.25208282837389 -0.102885786478159
-0.189452289943302 0.298609553773683 0.267048182586302 -0.177572649337936
-0.0521247535279518 0.320941726117153 0.185713153265047 -0.200586697773958
0.0863824095003724 0.248008693446667 0.0742643809940994 -0.159317626651971
0.137363665780001 0.178093130733099 0.0547947186661703 -0.0958084596824421
0.184594432264537 0.126640321727558 0.046020637637025 -0.0503521925982685
0.169140378884485 0.078943714242742 0.0604415697613271 0.00504511655635213
0.176605466474645 0.0856995239458198 0.0722026484866677 0.0617632515414307
0.146344292738072 0.152511249348347 0.0734840720452287 0.115605830750325
0.104468735698872 0.185884199932999 0.0211210210889056 0.179973061016261
0.0178819039184435 0.258923227420531 -0.0769635438827554 0.163508658892369
-0.0859443741929227 0.269950329624503 -0.136280141308948 0.0739511101752856
-0.22383892509527 0.192997123510119 -0.0611837726833252 -0.0201521975714271
-0.302874977851191 0.130812826800528 0.124391698548638 -0.0380928796328919
-0.235478744639146 0.0960715172503765 0.198231818830555 -0.16113219232066
-0.229964489322997 0.155485545079016 0.283469118175229 -0.147164928366632
-0.143188616601739 0.244278502386259 0.256493608014555 -0.167996166908554
-0.0267959280306764 0.252521532175717 0.180968534029114 -0.159841725830589
0.0749108033164524 0.186536797590947 0.10405066841146 -0.098763400879497
0.106811600085492 0.13541535874921 0.109518927447269 -0.0450344796189496
0.141240272630516 0.104523489642531 0.106561892628284 -0.0137311599871283
0.128963205265888 0.0718469804359908 0.11140900791821 0.0387212363267736
0.129420788195187 0.0847302680214617 0.116187159871189 0.103270594300573
0.0960670552878618 0.139965008775526 0.100819524589589 0.160983388798389
0.0542253900842698 0.162075384194195 0.0269741330129577 0.216927974134991
-0.025186361387312 0.209890731645658 -0.0738921837008618 0.173360014590433
-0.110448493105284 0.208162955423066 -0.111823812644269 0.0696297288714713
-0.218411519748661 0.12583827570652 -0.0155023537258871 -0.0333871081786596
-0.266291354518371 0.0588678010620513 0.201734551563038 -0.056586635509475
-0.135518795902929 0.0199510126064317 0.2270359218024 -0.177142989563305
-0.14192087940356 0.0784144145787942 0.277876586938883 -0.171362429738173
-0.0836320311293203 0.138197288663052 0.233525586775311 -0.143065086156786
-0.0158887190367619 0.137203154035391 0.17642673186607 -0.12056779861085
0.0350206652260932 0.100618356747905 0.130729415388594 -0.056973062805623
0.0498547305463979 0.0790228890393568 0.148342567667006 -0.0141301336906401
0.0709867466526525 0.0728103281759132 0.14822010318994 0.0116986271360557
0.0696791816434097 0.0536753135223813 0.143789784573193 0.0663238335799276
0.0691451498660205 0.0628036941087999 0.141856538557743 0.140414674271175
0.0479004033532436 0.0957175342707723 0.10625002652671 0.202074307591129
0.021770347052266 0.10633177668485 0.0146654247412587 0.245072296551695
-0.0343204939869724 0.136595023691391 -0.0777508385702082 0.179473895047512
-0.0973693966932429 0.130111972412885 -0.0909959082302996 0.0731678974959113
-0.17164096978796 0.0587532028398204 0.022334038793909 -0.0253426470719911
-0.186976990805204 -0.0110577436581529 0.25959522437909 -0.0525766150139482
0.0583517566019338 0.0318557909676001 -0.303419481690555 0.0774750696760379
0.0707645451953264 -0.02586089482311 -0.0812142151596669 0.0569495976875585
0.045154201022815 -0.0577986948720094 0.0803011540392299 -0.0670688778058853
-0.00160317915499337 -0.042980245920038 0.0961947076194739 -0.179643149331617
0.00447886105597328 -0.0164824311043383 0.00390561733434316 -0.277092620467449
0.00870384166474585 -0.0242115557514638 -0.126394133369072 -0.254393273142181
-0.000732832765053608 -0.0398071824848861 -0.180132417819558 -0.167302170716828
-0.0016055521262909 -0.0331306303217608 -0.179260226554914 -0.0874780774471152
0.0123763568775166 -0.0407812334183639 -0.175573548888347 -0.0217394628239586
0.0360504150034893 -0.0323452509593141 -0.176476023641078 0.0123942390446129
0.043034829438792 -0.0147854360421161 -0.155323460497037 0.0469609081421742
0.0406968961089615 -0.00442551446406535 -0.169757679187586 0.0869225794872774
0.0565573722618299 -0.0084465359650151 -0.211992300616001 0.103828824829281
0.0663792913637891 0.0294703990970245 -0.213393833885798 0.151533487754941
0.0494580720038584 0.0657269568310687 -0.191310819851543 0.183464178268596
-0.0643688305243175 0.0915620105099472 -0.270241163044 0.0401430437850555
-0.0339514043424351 0.0340278714777603 -0.0538059800118089 0.0276906708392875
-0.0304279314846037 0.0275837300945936 0.102438180938185 -0.0986311192303582
-0.0426062227115494 0.0536405201604423 0.111751030932532 -0.197424181465789
0.00985890763964112 0.0737426431346321 0.0134010448605717 -0.288368106357401
0.0479096655721915 0.0522336677513339 -0.111088546289479 -0.262351287841791
0.0681605222829363 0.0152027638973227 -0.168029730117651 -0.175012266704765
0.0696021524582319 -0.0032118970497967 -0.163449692126612 -0.0901134286385754
0.0935654246411741 -0.0136756009548713 -0.156043892026124 -0.019258184208111
0.109644160499952 0.0181343783200848 -0.151856803559694 0.0207314521125775
0.105563423631682 0.0544908187377901 -0.136194648000648 0.0617689855681705
0.0722935126071175 0.107426694860354 -0.15914290559238 0.0983804930886722
0.0348178763206768 0.11360486593231 -0.202795128533507 0.101695994530265
-0.0158564499463826 0.122933518372945 -0.18970311865162 0.138119797650539
-0.0654070671093418 0.141843721749196 -0.163212302312532 0.165992103092639
-0.17907175282796 0.138425406634726 -0.196136105719223 0.000785539587995876
-0.144147013355817 0.0964390146788087 0.00970296854142055 0.00392479252944832
-0.107995763825045 0.124410181129695 0.150479006447803 -0.130257848642058
-0.0737636985418222 0.160666681018183 0.135248148933122 -0.220961264885462
0.0239719301224618 0.161423462637692 0.0186565050454085 -0.287629256464341
0.0872781554550021 0.123103695562417 -0.0889866178902978 -0.248055353452225
0.130331982833556 0.0669813511332244 -0.13702276737683 -0.162299150400314
0.130909137673669 0.02608823152203 -0.12376511105873 -0.0807474122320038
0.158617627667403 0.0122445665322672 -0.111268502303559 -0.0111770357437438
0.166810257804348 0.0611322007152752 -0.102567853456693 0.0340720919893862
0.154851385863696 0.106426383553396 -0.0976549528807596 0.0865208547180791
0.103599423295847 0.191510979941228 -0.138204821536229 0.11885224184514
0.0239818952272963 0.213480426299413 -0.191867244590403 0.101533424914069
-0.0834583130415195 0.200935013449519 -0.163656764450187 0.106364804057545
-0.166535148072137 0.197540204683604 -0.109807525863519 0.122783806889977
-0.26592028631447 0.170539131552788 -0.092691025038861 -0.0415128638753413
-0.236760521864415 0.158506606690985 0.0964134529505346 -0.0236931442276832
-0.167396501704064 0.225023400895954 0.206754618427083 -0.158099749524135
-0.0807822478483144 0.26357679817625 0.160145900571612 -0.237970830026584
0.0519987631756019 0.231479029312712 0.0270384022851669 -0.266456414182376
0.124056173225466 0.172159958981681 -0.0546402655338015 -0.210580205393701
0.17790261550832 0.104601104265991 -0.0874660486113767 -0.133002850262873
0.172782182763006 0.0506885208320379 -0.066836356492252 -0.0601834815088423
0.197487133714621 0.0372150621343735 -0.0507629804395107 0.00330434925689649
0.195177156198598 0.0984803249999042 -0.038624738979128 0.0512662773907501
0.174902298248876 0.146643558825681 -0.0478444468444613 0.114432538312586
0.111011426599617 0.247006151270803 -0.111234493469016 0.139525695965242
0.00507698354650558 0.278617570177284 -0.176428129312589 0.09920558925145
-0.139851796934847 0.246012211482335 -0.136481743750505 0.0625564303176958
-0.242476731519152 0.218803093800482 -0.0395471747417965 0.0635078408717828
-0.307421075538086 0.179003508096543 0.022487958332828 -0.087643176914308
-0.287035111517816 0.200897568396362 0.185288061515335 -0.0632563987117693
-0.193222149616732 0.296125983762175 0.250678965115771 -0.17816493985956
-0.066420215412157 0.328549180869248 0.178052993129914 -0.234405506427808
0.0815170800512676 0.264717861735352 0.0452678400216372 -0.221793618264494
0.147969407975322 0.190657857930828 -0.00524710380948531 -0.157792850730065
0.199937537063008 0.122171911807716 -0.0235332032263566 -0.0914806692004593
0.187754630768083 0.0672634860094791 -0.00102116421060683 -0.0313076261721269
0.204158320434957 0.0625468977463541 0.0156386597889197 0.026431029014804
0.189529493622412 0.130892747805316 0.025626619430854 0.0766124580247518
0.157150619066586 0.175928032956024 -0.00133720079911711 0.145524575314985
0.0819064324400144 0.272007103170298 -0.0866656938337354 0.156177251208306
-0.0311364209789993 0.299706744947991 -0.157329216133362 0.0911154149559914
-0.187781868706452 0.245447176412476 -0.103695852889829 0.0172162064076007
-0.291058258604343 0.199327499078012 0.0401095700349745 0.00412775588931843
-0.294877707594525 0.159354138875596 0.126168966731891 -0.133451288538542
-0.282712790914736 0.206652725485295 0.252505776159679 -0.112221584515218
-0.181057573801452 0.306945341901622 0.266502967390795 -0.185396003243844
-0.0406305523974531 0.328943358138279 0.18409682975154 -0.209023177427377
0.0960252807020752 0.24820859650086 0.0732867021355614 -0.161222983046393
0.145775358474181 0.176170769716291 0.0547952426332316 -0.0995283077033802
0.190548776069305 0.118046409259076 0.0461088619742534 -0.050007177608692
0.173940870047384 0.0732233090470406 0.0633372340123857 0.00264561753743403
0.18013782070919 0.0791904034889473 0.0758928660861975 0.0603190248177376
0.154688724872903 0.147708525830286 0.0782374671970145 0.113727370314291
0.112251540393507 0.18496994828201 0.0296660881774369 0.181541801415344
0.030060505190182 0.261910469984911 -0.0712044091409524 0.169476524874957
-0.0767540570691849 0.275359783793723 -0.133435977270148 0.0815145910441283
-0.217906553758133 0.203146412034748 -0.0627727838790314 -0.0179982126972028
-0.299099442942378 0.144074750037875 0.122790233557493 -0.0410874361939726
-0.231151507456285 0.105861223197891 0.197233168412209 -0.17131893311363
-0.22554206111073 0.16518056587623 0.281836296270013 -0.157954561702949
-0.136160086125436 0.250699428239988 0.254919878382587 -0.175807245751514
-0.0178294457228631 0.257742159065922 0.180292507129625 -0.168016511495961
0.0819262765587139 0.185478284991468 0.104503541555961 -0.101966492518265
0.111972313490738 0.133181106437523 0.111324770278233 -0.0501304135458897
0.146175024135686 0.0982244547184542 0.108128676973202 -0.0152690604864121
0.132649417716633 0.0677175129063744 0.115378630100519 0.0357059039557348
0.13230484621248 0.0799030093955405 0.121493873228314 0.101286207257988
0.10362943595946 0.136864505605607 0.107572330223754 0.158011017853518
0.0601958954987288 0.162173114418307 0.0360728502641979 0.218195231927823
-0.0168384962648813 0.213442289446953 -0.067759129060071 0.179594874275874
-0.104161942753231 0.212934667378667 -0.109536950795406 0.0754767811781802
-0.21520242498482 0.135359260168829 -0.0171173943004451 -0.032572297768942
-0.264018125597914 0.070011526288285 0.199705130373008 -0.0625506333395719
-0.133198946024046 0.0257908986141437 0.225359502224374 -0.188034456577521
-0.139195577968163 0.0835929082836512 0.275541951783529 -0.18217337048233
-0.0797780343232208 0.140918946919341 0.232650227730416 -0.15136504501502
-0.0114520446613481 0.139838082207267 0.175173209356811 -0.127757690376885
0.0387737153184546 0.0991331440948489 0.132193764545673 -0.0613970881715472
0.052056756047496 0.0780169139123489 0.151015110564618 -0.0202399672469129
0.0745899351462587 0.069572269519024 0.150618701559484 0.0078621895089182
0.0722650538263456 0.0515006640922917 0.148833514627561 0.0625313278755826
0.0711692371671734 0.0598202171730195 0.148120652833273 0.137624176129573
0.0524556713603225 0.0936325673358387 0.113661445482572 0.199053330085331
0.0251502918797368 0.105984987546607 0.0243530356070923 0.247448687970303
-0.0288973137540332 0.138961351847071 -0.0728268943452398 0.185829071779555
-0.0936208363304202 0.133543699411344 -0.0885392103341138 0.0788855937524597
-0.169741274760315 0.0650806102621614 0.0210684780061604 -0.0260219647816937
-0.187539887198933 -0.00291636117768209 0.258604509536773 -0.0610582766501392
0.0584926526346008 0.0302368933214154 -0.306522895523306 0.0871514376354472
0.0714163126131621 -0.0269995233218651 -0.0806216562023728 0.0614049934658562
0.0456722748235197 -0.0577347720912571 0.0833606696330065 -0.0716200163036773
-0.00122238436411272 -0.042112101465036 0.0964852347533361 -0.189047138563432
0.00630928192358989 -0.0166472465044312 -0.00298353629313321 -0.285599117534143
0.0096036775422754 -0.0243569241704045 -0.137029003490268 -0.256761561068131
-0.00170663301449345 -0.0398968181434186 -0.189885841005701 -0.166790633505994
-0.00149915852670888 -0.0333628970506836 -0.187691884964549 -0.0865736277731264
0.0123844673068476 -0.0411262377327372 -0.180902668895873 -0.0179097506439352
0.0358555409033519 -0.0344107316127437 -0.181273933436919 0.0190656249102155
0.0443061806721338 -0.0167629726020633 -0.159336916139589 0.0514714734432725
0.0420533527447883 -0.0042987817753145 -0.17234189728689 0.0923485345275013
0.0578288629420166 -0.00931147874482816 -0.216998807786956 0.112304291248615
0.0678526142451095 0.0279089737038637 -0.217887603266609 0.159955516140139
0.0505436273554932 0.064560677142912 -0.194202374718789 0.194694794598568
-0.0649566335800603 0.0952274729685506 -0.27388152688144 0.0470025067562024
-0.034923008711906 0.0374396623364232 -0.0535187197410094 0.0303453287736183
-0.0306454357368479 0.0319671658863764 0.105697382021192 -0.104371946624274
-0.0405796196059795 0.0597648135882967 0.113110002539501 -0.208845516770698
0.0143486154124853 0.0769607454629269 0.00740505650141827 -0.2968651459304
0.0534145374876993 0.0537110036042473 -0.120853384020041 -0.266193592950917
0.0708828533569892 0.0134821656137306 -0.176552221029319 -0.1742250757435
0.0725550695119138 -0.00460731617679811 -0.170925992076995 -0.0907602915050876
0.0959579585599497 -0.0163174366185196 -0.160553439339837 -0.0160369170720474
0.113376033925801 0.0155126414972708 -0.155755942610607 0.0267406742829262
0.109884707094404 0.0529412908402379 -0.138805738326144 0.0675163301065286
0.0785647404166804 0.108916144021105 -0.160887165688045 0.104681513707673
0.0390587022884787 0.117052400608172 -0.20732546608248 0.110616723702275
-0.0139160543649234 0.127731408695201 -0.192755489057911 0.146176664621689
-0.0651897761347786 0.145997118951568 -0.165993681344473 0.176591785830218
-0.180280506425712 0.146768643965228 -0.198414976169901 0.00444078303633039
-0.146622221337243 0.104457332371754 0.011526017097596 0.00449237517220322
-0.108555229091161 0.13310130414441 0.154286406886429 -0.13701724127576
-0.0702737945152584 0.170764764795809 0.137587370624416 -0.232481007626378
0.0306307097852673 0.167337046272814 0.0137200748743176 -0.295361158982635
0.0961602952873801 0.124984293119693 -0.0968601320427112 -0.25157143091288
0.135795725298556 0.0643877955500397 -0.142509968239467 -0.161402953192828
0.13646990502244 0.023471996460827 -0.129253507621796 -0.0820561715777357
0.16354934947203 0.00822961280031645 -0.113602597157089 -0.00889613873640898
0.174482557515608 0.0581579813403628 -0.104298464891108 0.0387163630667999
0.162050646827354 0.105370822109265 -0.0975880409235729 0.0919973474892083
0.112936951846149 0.194851455067475 -0.138420767271542 0.125981000049419
0.0299462650513243 0.219890547343876 -0.194673315151816 0.110814139226295
-0.0807621468557818 0.209764711523351 -0.166504660066091 0.113893556042728
-0.166458116705327 0.206326891314137 -0.111728130587469 0.131014913690854
-0.268041794946379 0.182066759038606 -0.0932598257800529 -0.041895280527404
-0.240041053268844 0.170511582866051 0.0998489272399529 -0.0256322167046104
-0.16743757744087 0.237321039327472 0.211795393602545 -0.166012178701637
-0.0749112186040025 0.276573132953772 0.162011060465199 -0.249559265453991
0.0613281042870351 0.238553394485074 0.0238549681228213 -0.274074036310147
0.13525619738238 0.175115635631475 -0.0604806399829559 -0.214637625307954
0.18536654576077 0.101125275340916 -0.09046330977599 -0.131273906540274
0.179927218058058 0.0472288141708548 -0.0697047609981711 -0.0620027685612387
0.203595840689703 0.033035522681216 -0.0504415215427447 0.00435515605064012
0.204752420830515 0.0951281451392736 -0.0382582818809788 0.0541303018463116
0.18379737437396 0.146131715778297 -0.0452155705637908 0.119387476976359
0.122075013515003 0.251470355900732 -0.1093091766932 0.147125674536699
0.0132697444345411 0.287263142474576 -0.177912739509837 0.107937985481055
-0.137103673726691 0.257325188154561 -0.139225272020972 0.0684297006310671
-0.243337570736356 0.231752057127842 -0.0409351938007318 0.0679971010311497
-0.309368409131761 0.19175320943462 0.0241965827859572 -0.0925960855157169
-0.289901204626364 0.215881110277738 0.189650250627215 -0.0686284387592366
-0.192674016444639 0.310466447786953 0.256414668411031 -0.187469027070155
-0.0588841279667683 0.344205155282755 0.181034775021158 -0.246706590831197
0.0919544516992524 0.271561471527342 0.0441943073459293 -0.228057315010439
0.158938968106963 0.193178806220666 -0.00729016120296866 -0.162839589661326
0.209461340068269 0.119110963846046 -0.023278169951637 -0.0914551978570557
0.19569387707766 0.0643127257185401 -0.000611188116488971 -0.0334505739096071
0.21047706170245 0.058914287160888 0.0180514793376389 0.0270422260207998
0.200158788677027 0.128573348500442 0.0288460908044082 0.077803781520799
0.166678049864112 0.177514253181964 0.00397674614370024 0.150080944145057
0.0929778967378462 0.278394515487024 -0.0833719962082806 0.164354765351756
-0.0237822160099923 0.308935829349112 -0.157593511415198 0.0990153648960115
-0.185908571485861 0.258281175385522 -0.106997837240016 0.0202128915309998
-0.292014151113442 0.213075960104517 0.0395983271854375 0.00467051537365506
-0.295748257367297 0.170847833170357 0.129099454638524 -0.142980534230174
-0.284592035210204 0.220326048891529 0.256682878161635 -0.12134447164213
-0.179343677287865 0.321758592462668 0.272501662684704 -0.19567275812639
-0.0325139605589952 0.341804001190281 0.187162357531637 -0.220075585017728
0.105280976922346 0.25290517225022 0.0740570371520671 -0.166382786582868
0.155680815205729 0.17742854739138 0.0558696767295555 -0.10442071928981
0.199075721192892 0.115035227747711 0.0488456008791211 -0.0500974369353828
0.181074808581925 0.0700685720083844 0.0665027856568232 -0.000111295115927629
0.185912455117434 0.0762248845685085 0.0811738637914149 0.0606323378858221
0.164525596047444 0.146514367143379 0.0834318579430466 0.114182094455104
0.119954932144585 0.187932622156215 0.0364707501108605 0.186413708467477
0.038893117791261 0.268754074304819 -0.0674455905635586 0.178000308694005
-0.071546995466345 0.284190907505034 -0.133915116352815 0.0887638363304423
-0.217464204699032 0.215737189930453 -0.0652536820783606 -0.0168609380891794
-0.302062659617256 0.157230534167719 0.12387843866469 -0.0439249221288149
-0.232432760466167 0.115343937778417 0.200724447692818 -0.18232679987777
-0.226724281021281 0.176281388575039 0.286038694235253 -0.168909501017301
-0.1343455686602 0.260990501891649 0.259902572415136 -0.185493483986778
-0.0114836015907147 0.266782966486046 0.183145620760181 -0.177754862541621
0.0886743027859886 0.188477727994911 0.108079722872578 -0.10620570843366
0.118415692071464 0.134911356346797 0.115651387260621 -0.0559529275580452
0.152537765912459 0.0958015509910642 0.112020511631191 -0.0168623052167677
0.138884405839519 0.0659646681832715 0.12107245454394 0.0332166164137341
0.136867118066479 0.0783899535748976 0.129030306134598 0.101085437510299
0.111226196568354 0.137198321526168 0.114145743416141 0.159164835162623
0.06585208201357 0.165781117588056 0.0437280850598821 0.224655141522443
-0.0101536447859981 0.220231609713248 -0.0640047684543203 0.188020548101316
-0.1016812123786 0.220457422599603 -0.10913985721978 0.0817654273513361
-0.215729228410526 0.144305141036651 -0.0187727488204278 -0.0330350476743631
-0.268346916949341 0.0798453996337172 0.202177036013901 -0.0684590331644402
-0.134854600418616 0.0303855294475224 0.229317793693121 -0.200305132336849
-0.139654611829699 0.0887699200843934 0.277857058041419 -0.195272756487554
-0.0794937322212394 0.146150693301328 0.237277491089574 -0.160610178479479
-0.00792050476081574 0.144566958797578 0.178300078082828 -0.137623876592408
0.0420343215601331 0.100209007976342 0.136515463514128 -0.0658036901236779
0.0543207291372013 0.0791109917211353 0.156977508283906 -0.0260147249459719
0.0783821772170849 0.0675989428412944 0.155225232196348 0.00503693936754506
0.0758028748692691 0.0507421998768404 0.155812066727233 0.0611526532364178
0.073437709263632 0.0600100154293004 0.156437825080391 0.138278667913146
0.0570828137168982 0.0946399894624106 0.120975745836717 0.201541403274122
0.0281655719224563 0.108969518964745 0.0313406534171736 0.255430770852111
-0.0255021352066733 0.143911577128255 -0.0698933058366437 0.194157756899352
-0.0937835037434085 0.138422639109355 -0.0888639985619429 0.0848784989928003
-0.170388026033245 0.0700679582209426 0.020216499545915 -0.0269644870397544
-0.190912175260778 0.00246835356720965 0.262205339674987 -0.0688889674216621
0.0593493356412812 0.0291047929022101 -0.316084911176622 0.102413013994019
0.0733025400505299 -0.0299021097406568 -0.08105092582071 0.0680536257083313
0.0473090599430869 -0.0608836307608683 0.0863656901151046 -0.079464535731269
-0.0016726376772912 -0.0431165047933764 0.0955284669396654 -0.204726447821989
0.0080267335072689 -0.0179378708666525 -0.0130823701739246 -0.30063515024953
0.0104145471513225 -0.026005651694895 -0.153376374337725 -0.263577150141767
-0.00321108832911317 -0.0408870224275922 -0.204790381705533 -0.168742898109299
-0.00176858765137005 -0.0348724097137815 -0.202083054023949 -0.0851465005664923
0.0124232646988691 -0.0435104082909249 -0.191265085800033 -0.0125557474384661
0.0365685183366915 -0.037217774936597 -0.19017219109237 0.0275464488556721
0.0457259289631545 -0.0195522462457504 -0.166662731648494 0.0594824379697788
0.0452396122997311 -0.00547038071004138 -0.178476493376725 0.101722214579322
0.060950072944243 -0.0106577184813981 -0.226273339503756 0.125783826759895
0.0708843869163267 0.0265503556995792 -0.224285053857594 0.175860177241835
0.0537164460594614 0.0643169289977259 -0.200742745455562 0.212268059440694
-0.0664221780288826 0.102030022241104 -0.282940685985049 0.0583415394407359
-0.0364585940659925 0.042234799557702 -0.0538158997214023 0.0355618701361992
-0.030649930804003 0.037489946338328 0.110554468719605 -0.113767332914301
-0.0386975989605314 0.0675839903473225 0.11336800505408 -0.22547978281285
0.0201582498804972 0.0813559365825058 -0.00214192423953483 -0.312463043511388
0.0610925687644933 0.0548321486263052 -0.136143989033506 -0.274227670586391
0.0752533761583251 0.0121823131618101 -0.190062523703402 -0.176017712139968
0.0773441921621309 -0.00763887937377212 -0.183584599112153 -0.0909732152820559
0.100978523776809 -0.0199225188173204 -0.168101168402933 -0.0113592670778074
0.120369981052523 0.0120741520563814 -0.162383683302066 0.035021325436971
0.117401081596472 0.0515229136740012 -0.143793758081062 0.0755623642770923
0.0877978932325844 0.112066396008889 -0.165660598094766 0.114769838716778
0.0452906987346954 0.122384675800495 -0.215250721878142 0.12463860594811
-0.0115763957880644 0.134402479170427 -0.19835357503774 0.160583651641676
-0.0645482417275407 0.155309145103636 -0.170270925443106 0.193467054973892
-0.185078266118967 0.16019117372217 -0.205814548126686 0.010381452549617
-0.151217200635753 0.116108933608883 0.0134654654871902 0.00616067092226895
-0.109266001253548 0.146403907819823 0.160817163025781 -0.14850712832428
-0.0655030973624222 0.186562286802638 0.138799307218547 -0.251560219815532
0.0406989806859907 0.176110486144551 0.0062163789919964 -0.31089324377834
0.109013182273008 0.128947477815712 -0.10968364971884 -0.261039653177013
0.145546463792446 0.0625051206748728 -0.153305857482716 -0.162175134304203
0.145569741989033 0.0196753112043282 -0.139388068219927 -0.0835871162056716
0.172517574809543 0.00294609093211911 -0.118991057274789 -0.00552059652340018
0.185609868391695 0.0541519208596518 -0.107761362152935 0.0452472165195902
0.174298163393973 0.105285121179099 -0.0987310941210156 0.100348182197549
0.12751444743012 0.201964846273072 -0.140408306540599 0.136879388152193
0.0400967642153814 0.23097551904083 -0.200839962819683 0.124430856440022
-0.0781072693757144 0.223976170744357 -0.172965477187865 0.125657969107931
-0.168614749414143 0.222655923766461 -0.113964352700238 0.143487539953047
-0.273461562549735 0.200589838195823 -0.0968919963704996 -0.0423788055646044
-0.246501887544904 0.188989286914672 0.105557930624049 -0.0284088259668417
-0.168895738387077 0.258267958321979 0.2207177991644 -0.180422452476645
-0.0668815849735608 0.29778360587663 0.165116181733702 -0.26989289409966
0.0745143458137855 0.250160745203322 0.018643101544394 -0.288747823120601
0.151655210344672 0.180325189199977 -0.068988605668857 -0.22409016955487
0.198500419515956 0.0986885904234952 -0.0965504971810867 -0.131696252144069
0.192417481710305 0.0424344488601407 -0.0754738479075365 -0.0648959936545298
0.214676663757812 0.0281206898112579 -0.05123467123651 0.00591561760114293
0.220544922366112 0.09266429973926 -0.038085747276142 0.0588952175233761
0.199200952239334 0.14770535479962 -0.0419995906949888 0.127556955319008
0.139853518133592 0.261289487418093 -0.108435536154492 0.159105958773001
0.0245609405009062 0.301756695781388 -0.182869316402026 0.120695867329349
-0.134322536489061 0.27624082783929 -0.145528168713845 0.077163483298153
-0.247857290216105 0.252532463281054 -0.0418695762296303 0.0751482493267959
-0.315977094398432 0.212649703904698 0.0239502310801883 -0.0993270778262605
-0.296921563223057 0.237519870367566 0.197889088503845 -0.0772804424658192
-0.192691387164848 0.334920139162944 0.266735946659819 -0.204319010948029
-0.0473855510183637 0.367206019031521 0.185301766936288 -0.266928753354746
0.107487393885029 0.282781558895551 0.041765004926499 -0.240977175496075
0.176639311578095 0.198741824559856 -0.0117544331020535 -0.17103230568319
0.223743868303499 0.115461923996263 -0.0237046144890976 -0.092576136903535
0.209319001738539 0.0589016669095273 -0.00148049974119758 -0.0374064935449967
0.222957701675948 0.0544737725070628 0.0216030814074218 0.0275330648723993
0.217424148688184 0.126620155639146 0.0330690410852081 0.0813998855755373
0.181966778824036 0.181196213854395 0.0109474609338812 0.158406871687614
0.110363460880272 0.289948182764994 -0.0802706854339552 0.176658385054959
-0.0135574610182912 0.327020411250666 -0.161982495285767 0.11094641203282
-0.184536905136482 0.278923122544728 -0.112710605224332 0.0252700215378293
-0.299620198032057 0.235064655921548 0.040704988168726 0.00572571405089129
-0.302522075225618 0.190569091609719 0.132702770908153 -0.15508869551543
-0.290197254480452 0.242187171747074 0.265546870836395 -0.135659107704263
-0.177352844181127 0.345775298069333 0.282830142192228 -0.213529871380167
-0.020216955210881 0.363112086029756 0.1910392805585 -0.239076143807516
0.119673873743596 0.262579636395618 0.0756890856919413 -0.177035993473064
0.17146919373474 0.182193050273636 0.0565583821143294 -0.112926591318346
0.212556759798234 0.111451997892612 0.052772307634338 -0.0520298219397787
0.193802931746348 0.0657235743767849 0.0709057135182431 -0.00382078449992526
0.19759516236975 0.0735111002926725 0.0888896876961033 0.0610433667164213
0.180402282517393 0.14740314375133 0.0908486725044806 0.117522769041658
0.133721275574379 0.193842786240461 0.046217541733169 0.195515099428914
0.0522729819328191 0.28248071843528 -0.0631838205291224 0.190677616950614
-0.0655754596853977 0.302039849451149 -0.137130044935796 0.0989534694985628
-0.220236671629108 0.234818680383042 -0.0698109221957117 -0.0155567060929093
-0.311549668755287 0.176655371497274 0.127604730704514 -0.0488197254591064
-0.23745563755768 0.130194419140627 0.206808254867199 -0.199493660285716
-0.230615431300183 0.193278668479134 0.295085112885094 -0.187660027895555
-0.132960762136137 0.280066467710718 0.269789261298713 -0.203511803988149
-0.00135074853678123 0.282379888076267 0.188299432586369 -0.194531268313027
0.0997594728428731 0.194694025574668 0.112719427198586 -0.11587586715159
0.130643963718515 0.137969602769687 0.121066669301416 -0.0650453549147033
0.163530429610594 0.0922144141615979 0.119854836341666 -0.019971088075454
0.148860669172859 0.0631510845355656 0.1301300819858 0.0305209066700249
0.146102010227238 0.0777526271448413 0.140474327983122 0.102019138257443
0.123082062482444 0.139461365467935 0.124708007490273 0.163358431926349
0.0755984613865988 0.171848998701017 0.0547758199159955 0.235191175109025
-0.0013693638787331 0.232743184098932 -0.0600662986193316 0.201750137448767
-0.0995255481862848 0.23546385797344 -0.112050249558467 0.0907531660389567
-0.220351249869024 0.158737417340965 -0.021120415611174 -0.0344010069640335
-0.277500068943841 0.0945512959342159 0.20886313776364 -0.0781349905141026
-0.138816548753843 0.037647244707316 0.236415878297742 -0.220022494305613
-0.142004998982379 0.0975301525129835 0.285855419571558 -0.214950000231831
-0.078681527368329 0.155689034265191 0.244651164362014 -0.176369379500037
-0.00286025130610861 0.152069655513325 0.182176488044511 -0.152028185283213
0.047216143814674 0.102947748213605 0.143696525561207 -0.0743961127754806
0.0591824434638323 0.0817681083535296 0.165557208479868 -0.0349808601354427
0.0842920657301017 0.0671255709336305 0.164910234530176 0.000971904546351627
0.0812753827974807 0.0502161580099348 0.16761653536266 0.0594887070247346
0.0780837519516858 0.0605103033447662 0.170290290801153 0.14061840950376
0.0638060058876728 0.0962259945999303 0.132759214245675 0.20714677467223
0.0334542200954205 0.112832568384848 0.0419037661089699 0.267726963181353
-0.0207159428915967 0.152038204962307 -0.0663623886895109 0.208064868580136
-0.0933496645195215 0.148098275103638 -0.0904224868659197 0.0925248581162591
-0.175863370804734 0.0785243595529339 0.0195958792295245 -0.0294437532610748
-0.198456973508217 0.00994917087972256 0.271421246470026 -0.0815576703246916
0.0624997377256079 0.026020314272713 -0.320976612950203 0.14177969354041
0.0708308789359143 -0.0381090409492974 -0.0743539760712896 0.0857638209966954
0.0395188541267631 -0.0700523382447858 0.0880181719334622 -0.0903767662637915
-0.00691223999548226 -0.0469057857614131 0.0809454182045954 -0.226362356571999
0.00341119189316679 -0.0238194133757598 -0.0488209788859962 -0.314151382687574
0.00353886037867168 -0.0285485126866169 -0.188037751369899 -0.256694673896164
-0.0116849149573904 -0.0415499277972513 -0.232978347276248 -0.149190628477748
-0.00583785850529421 -0.0344245984615505 -0.224616965974568 -0.0657576297069379
0.00748749855537079 -0.0468236041681035 -0.2072623283042 0.0102738613797914
0.0337241366273816 -0.045522930949093 -0.202732332594194 0.0551231080420903
0.0446180464155316 -0.0292025731113945 -0.174166483693624 0.0848205696851268
0.0473335498802331 -0.015594135201868 -0.183805993685338 0.131680649177855
0.0618199503814113 -0.0235974963991912 -0.233063657499746 0.16563968989491
0.0753613044506301 0.0140083661594349 -0.226326874085536 0.213225655914559
0.0601654558214648 0.0591973214662331 -0.196075909563407 0.24446068223099
-0.0548215821679306 0.119562230077301 -0.295526058161866 0.0825055514243396
-0.0318021032199829 0.0520413918431491 -0.0531284398335239 0.0420698964418865
-0.0263946023933279 0.0435800980714199 0.101724877489209 -0.13528797046173
-0.0273410863539838 0.0739690419659032 0.0897056800098775 -0.255471941536078
0.0304310089276241 0.0776643876038717 -0.0435340124123657 -0.326400727531791
0.0673681762354125 0.0480776962070083 -0.176012228137999 -0.268380666897697
0.0787641573032687 0.000875608834769979 -0.223990368916136 -0.156661425120509
0.0791086218301729 -0.0169500830616166 -0.205675690153054 -0.0726050297750262
0.102960529462489 -0.0356843455902207 -0.181828907272916 0.00790874614369935
0.128308836609096 -0.00619698510933221 -0.173417804656622 0.0597940018966307
0.128596925824502 0.0349447720217772 -0.14895520361649 0.0998388369843265
0.109147669944132 0.101347940713742 -0.171080598932958 0.142103980628252
0.0637399601998687 0.118353483994744 -0.221874849771726 0.156622544072897
0.00245207100829671 0.140856426413768 -0.19282195397423 0.191049077122794
-0.0553775405426968 0.172065377639954 -0.155293373076634 0.220241686675527
-0.165574327888818 0.196656464317475 -0.223432103849155 0.0143960275084625
-0.139282556587255 0.143954788213627 0.00965033129551366 -0.00362412192684707
-0.0913888638625504 0.169103573321121 0.142099283069777 -0.184939670391765
-0.035209665358188 0.20174937260487 0.104030755802042 -0.290142866850792
0.0657534535774008 0.17277015606261 -0.0410071970407502 -0.323772157168154
0.127738696007819 0.118479766254019 -0.150341323635443 -0.255052255163886
0.161340712625916 0.0417497053154398 -0.189023290858229 -0.145644739626951
0.15310179971083 0.00224389986851056 -0.157880170322063 -0.069625843061644
0.180104258716257 -0.0221577921234041 -0.127722487723919 0.00763831651740476
0.203252276645967 0.0278057561777373 -0.114747809395416 0.0647463442545223
0.194852389522086 0.0835588646109291 -0.0987075150075432 0.12189459510198
0.163522231966114 0.18882917263206 -0.143497354134741 0.161871447140115
0.0731406372449687 0.233880621920167 -0.207781468946304 0.149847176983896
-0.0562296704283768 0.246218530570179 -0.161960152190185 0.147806716430002
-0.15776645521656 0.258663858876937 -0.0916543186897043 0.161364015174731
-0.249401336809629 0.248919646744922 -0.11785664935132 -0.057735972521419
-0.226495169227369 0.231036213718328 0.0977443522876835 -0.0550841351037152
-0.135161933768256 0.292677171866467 0.192037968140528 -0.231773342602951
-0.0179374118032853 0.317519200647643 0.120236219417726 -0.314142684043631
0.111277618018575 0.244658687688943 -0.0299019503820386 -0.299537252152446
0.180163379528246 0.166139485951515 -0.106559796152502 -0.220083314707466
0.222611745652184 0.0701433302478647 -0.129176752767603 -0.11870066427597
0.204310717623934 0.0204338755596507 -0.0869409825284654 -0.0575241691334511
0.22780428352281 -0.00305557171294668 -0.0543162976599625 0.0116939223876499
0.244111018080255 0.0631764868016848 -0.0391294844518491 0.0703467609196501
0.225796076814244 0.125051913578886 -0.0349014065631602 0.143425754620621
0.18491852369504 0.249730834528918 -0.107022575911226 0.180550124615691
0.066424545086398 0.310800273735919 -0.187732335309661 0.140804435661626
-0.108072249721376 0.310417170759015 -0.133467558332442 0.0904671446270519
-0.238412704982253 0.301852033443036 -0.0156759754920614 0.0820734013287258
-0.290629590412364 0.266185384196721 0.00290111072189737 -0.132634711755452
-0.270189327860178 0.28693050255186 0.186653783267358 -0.120290339517163
-0.147718769647823 0.375929481067983 0.230887073202851 -0.263355779778649
0.0130500586315426 0.385521134270367 0.13446613555563 -0.311982800079475
0.149863725064168 0.274592851010697 -0.000598988834530892 -0.250055286723086
0.209235694280725 0.182510202837815 -0.0406513258180345 -0.170867452214212
0.251815049355422 0.0828463659325352 -0.0495252633182334 -0.0851285393022608
0.224143665088284 0.0345137613457362 -0.00483629790232075 -0.0365557655111458
0.239584400711126 0.0234707063389023 0.0269947029801185 0.0260846930324625
0.245490586424472 0.0999199313178089 0.0399959226556956 0.0846467476370159
0.212918475202383 0.162858423874349 0.0261893070933333 0.169237292818518
0.157874877406407 0.284856587619063 -0.0732649158444136 0.195582787634388
0.0296922219508954 0.342014503976612 -0.164739942793215 0.12552990811035
-0.161228016229226 0.320986342968391 -0.100649148076735 0.0317357420565066
-0.294422001992158 0.290558572692218 0.0682817444178247 0.00119917418539852
-0.279177300459054 0.240121110546816 0.112447798347758 -0.201460487906425
-0.262663868550025 0.288157627721257 0.251368291663044 -0.188683722004974
-0.129881913881849 0.382164538806733 0.244513799292853 -0.273251509597581
0.0394517220290956 0.375663813084646 0.144017153962471 -0.280359659490638
0.160782704518652 0.250442119182636 0.0435659630009437 -0.186144407988209
0.202417316203764 0.165351154913548 0.0385540753150681 -0.118083410640325
0.239990913717892 0.0802315353692772 0.0362075856068335 -0.0534484197758519
0.209493200500399 0.0441116213304027 0.0753087135821723 -0.0107165815525265
0.216244929524462 0.0479218533807014 0.103926211317801 0.0543609505090018
0.209103768482142 0.127134884274124 0.107109474642938 0.116083668763944
0.163812811141517 0.183161283163245 0.0698157563343013 0.204125605393793
0.0954076642250526 0.286232280514131 -0.0513941318640425 0.2068908594598
-0.0278390686644258 0.324357706770445 -0.136340694760473 0.108948561000672
-0.203390010501983 0.277793599437866 -0.0594461256602445 -0.014140797320678
-0.313083880414492 0.230466568374263 0.154292890471014 -0.0621492918966535
-0.22311664184565 0.166203182298284 0.190185967378734 -0.249691322113034
-0.20815733314744 0.226815841912188 0.277923042302571 -0.243647689805882
-0.0938278995408467 0.306448383974366 0.237586207051185 -0.25795206814652
0.0459223304564101 0.288401055224965 0.151485320518376 -0.231058529246048
0.130064672900835 0.183442453561223 0.0944557809399256 -0.127698905320319
0.154757656593919 0.124484505878762 0.113200940823766 -0.0772686460601063
0.186497109571421 0.0681425759177301 0.11276198614638 -0.0296593551970898
0.162033067379528 0.0460807479901708 0.142144072775844 0.0175628514822411
0.163014924683578 0.0601823268723314 0.164931567097342 0.092132878587539
0.148022040726555 0.12705878510767 0.149860600265988 0.161993842961809
0.099261492578497 0.168249971077275 0.0848396466292195 0.245661810401607
0.0305536270724731 0.241590109867643 -0.0447673018260041 0.219101680828319
-0.0731378732136878 0.258588786802751 -0.107786648676319 0.0998271242587404
-0.21341885746542 0.198160716171732 -0.0114078789900029 -0.0364655541220177
-0.286106111710321 0.139141298250101 0.233604651569716 -0.0990442208284854
-0.136633856380329 0.0553646455738157 0.22559785029353 -0.266070480722257
-0.1325446839286 0.114694682011225 0.270563425398073 -0.265164238013902
-0.0577894140274989 0.169641966459086 0.224388923854303 -0.220893704118436
0.0222448302419075 0.15347717280273 0.161443329361311 -0.183200927864576
0.0632714543622905 0.0953882892942524 0.13669629934756 -0.0915242574526066
0.073035172955992 0.0751031493973321 0.166574147809964 -0.0553889045169941
0.0997508741747855 0.05436053899082 0.166552763912459 -0.0169013869179848
0.0919099759094007 0.0405198555819235 0.18480513473313 0.042738710028738
0.0894465347141199 0.0519181503568699 0.200847977760796 0.130589506053555
0.0786502140931955 0.0906344595323597 0.165178788911304 0.207846731779366
0.0466066241710029 0.112457352531494 0.076491849971142 0.282010074406009
-0.00251485353913633 0.159858038572646 -0.0491067965543831 0.229344673821965
-0.0802863920388042 0.165754556721932 -0.0841386824590035 0.103016132112401
-0.175720298255095 0.105667410932352 0.0280615522278092 -0.0332285713394283
-0.210905457003211 0.0397772324642264 0.292948135075776 -0.107244923898427
0.0642748217051121 0.0222618086589867 -0.317606127723007 0.175212324318579
0.0690355296385229 -0.0437726961483916 -0.0659970515148118 0.096801335107699
0.0355774514531593 -0.0746961647622315 0.0847373463613962 -0.103888590324805
-0.00930296813465659 -0.0477094299880526 0.0632311860574641 -0.245258748556405
0.00352940911816748 -0.0256933120208866 -0.0793042979930472 -0.322311643281839
0.00214448295836703 -0.0305177707768326 -0.218642247695529 -0.249398924968918
-0.0157771098922396 -0.040509475504428 -0.256058688279347 -0.134918342581461
-0.00918571457750766 -0.0351729627910719 -0.24178196251434 -0.0478809357105318
0.00391295765369398 -0.049757650198628 -0.214984035985452 0.0300695100885839
0.0304843014967988 -0.0502063251391522 -0.206103417948836 0.0773641357196821
0.0434476490379485 -0.0347465029827586 -0.17513339004105 0.103755292406458
0.0496653777654961 -0.020545001431663 -0.180460869962181 0.153721073731688
0.0624739917719995 -0.0294936046361438 -0.228723364091103 0.195087321139511
0.0781521872150439 0.00922322220156435 -0.217035757695134 0.242389629651803
0.0660165095279436 0.0550448234413706 -0.184625658909183 0.275287995198203
-0.0475780894932089 0.129939404952884 -0.296752123614711 0.109921634430688
-0.0296451873793676 0.0589339448476589 -0.0481621061368482 0.0493735877165242
-0.0226206565633748 0.0506554309103951 0.0956490837462465 -0.151333830984181
-0.0183907394238509 0.0812767878905629 0.0705819893945387 -0.275879471942573
0.0413121361325163 0.0777061877809149 -0.0742080094759813 -0.336191622959645
0.0770768198562471 0.0431210567301232 -0.206138638162957 -0.262987101791558
0.0824621190246096 -0.0052697286681812 -0.245286197180395 -0.143673788880601
0.0812504766370304 -0.0249480063697261 -0.222569945183914 -0.0571865379709457
0.104105087603093 -0.0472833404927735 -0.188507284526928 0.0249766137637429
0.133681414759454 -0.0188785397199285 -0.174015153797733 0.079201292826108
0.137081498592547 0.0248079328632518 -0.147168841544163 0.117612819672123
0.125041274331064 0.0958581460950323 -0.165507319157238 0.163174225683192
0.0776114301911231 0.118303587329105 -0.217093170621856 0.186060044805693
0.0138825491708441 0.148160622065452 -0.18420729673249 0.216598071211389
-0.0435667134149145 0.183774200720673 -0.143703476970073 0.245915220139417
-0.15458163225174 0.219414730352617 -0.228397569060314 0.0329462704112255
-0.133045059742288 0.164471582158578 0.0124854957033128 -0.00269913109075789
-0.0794347021994304 0.187935466440822 0.134215880935283 -0.206035961394219
-0.0144542428285818 0.21593328991745 0.0832801563484339 -0.313159720721475
0.0868931642877722 0.174556424205261 -0.0695838182597638 -0.334060045574329
0.147128752258916 0.110619007892595 -0.178280924870554 -0.252519847860543
0.171807298501313 0.0284365070728381 -0.205477306932861 -0.134651137052882
0.160333844358027 -0.0125147201432806 -0.171735289074119 -0.0592847541867422
0.185348014587302 -0.0401202229202732 -0.131876192723946 0.0192726276154671
0.215114364175783 0.00942417102106696 -0.112639743709138 0.0790303846093683
0.210697813325637 0.0693709881954182 -0.0915936091982319 0.134871524672073
0.190179099073608 0.181726946672228 -0.133847438450703 0.182318637759881
0.0980697392732345 0.238232145148739 -0.201623974494693 0.177810377823485
-0.0363451734141612 0.262561172596375 -0.156137843798894 0.169176319750328
-0.142110198825444 0.285171712508324 -0.082223400553127 0.179090875655354
-0.236308597158382 0.28157026524729 -0.125636286340883 -0.0514844253247005
-0.215353805495402 0.262185032846646 0.0986519165323518 -0.0646237648966964
-0.114177894425676 0.320182719776365 0.182229438908078 -0.257993674975738
0.0144317637896669 0.33474493432356 0.0974796382281616 -0.339617450791203
0.140881088234931 0.2454239125528 -0.054789025286848 -0.309310969065626
0.205990931119604 0.15594699120096 -0.129207440103656 -0.220702235446183
0.237703109502499 0.0521959021748685 -0.139479056316022 -0.112382233185319
0.214818278579775 0.000254588864565109 -0.0969835319440105 -0.0526554793604842
0.237817440520186 -0.024675509271471 -0.054701170567123 0.0169258241331713
0.261870608162731 0.0411171697906978 -0.0332766656470844 0.0779126075275149
0.246968405903737 0.109571905340514 -0.0220601980620757 0.152320732237224
0.218142507184455 0.243605483808495 -0.0937510513634932 0.197535462226086
0.0981698231370909 0.31818916138219 -0.182199074772563 0.166089998542388
-0.0838157871905001 0.334570337938448 -0.131842897109549 0.107262165564426
-0.221380494682315 0.337355263622211 -0.0100580532234221 0.0891076379899982
-0.276298826458867 0.302819609566727 -0.0068910444856631 -0.139662575545208
-0.25548705779781 0.32438803757454 0.184331864478934 -0.139677614719906
-0.119196095700827 0.407466002337052 0.219971840268887 -0.295481485112262
0.0521925963641642 0.40254819181378 0.113211979939697 -0.33748179708839
0.182047078134271 0.273029449053563 -0.0197099063497571 -0.261270248972915
0.237728202662671 0.169659227571316 -0.0566750204299922 -0.174961717140337
0.268556605549226 0.0620326067964353 -0.0529636182707405 -0.0843720337829406
0.236386918767447 0.0141749196042328 -0.00876436247559263 -0.0393119717351644
0.252604467094992 0.00146973113578389 0.0314947022620787 0.0242444312122381
0.26632572645068 0.0798341286044209 0.0496657126532795 0.0858958420661468
0.237241006190034 0.150617813174782 0.0442922555077357 0.173417490337302
0.193500797204587 0.283169581557226 -0.0573761251404252 0.209976014933214
0.0629376989837381 0.355088468354199 -0.158793060117791 0.14764264975741
-0.1378791973797 0.348894882974346 -0.104083195305811 0.0432926179116936
-0.279240696090713 0.331130701500533 0.0700757526561027 -0.00270581948106345
-0.266834089829223 0.274081702884112 0.100873213443745 -0.220089911494363
-0.246560597920955 0.324771779506637 0.244778321900312 -0.21694525843871
-0.100729089684399 0.412163875691347 0.23403090053902 -0.307489086694986
0.0777200315926401 0.38977264506082 0.125501754581583 -0.306087253238288
0.190378289861078 0.247587285899148 0.0317786712388994 -0.198781618800468
0.227861775399787 0.153053572981196 0.030285733974899 -0.127997054411298
0.255533098592429 0.0596219454592343 0.0383621885521365 -0.05811868390936
0.221693613528514 0.0240444613978161 0.0782883166546075 -0.0187619489345376
0.230363762395785 0.0291913023317512 0.114416071994228 0.0462715461151662
0.230986209654831 0.110885323044262 0.122310904666159 0.112120035923566
0.186955612361615 0.176252485946928 0.0933252744971132 0.206329276862402
0.12796046333873 0.290380320311755 -0.0328198084300398 0.221646939713655
0.00173169406456688 0.340838523337346 -0.131412147036802 0.127916395344532
-0.185568697494923 0.308142005467599 -0.064288907511842 -0.00882359465073544
-0.304037945208618 0.271233552690803 0.154042697350434 -0.0782626495637692
-0.215142724744297 0.193731985450592 0.178358481415975 -0.277903124916375
-0.196086932739481 0.254930177707831 0.267209226511169 -0.277270633403005
-0.0692938317315097 0.328502306420728 0.226269129489379 -0.290074198202204
0.0750542321357553 0.297002173520054 0.137212864831138 -0.25484127849803
0.150993739497275 0.179351342140113 0.0888931670154981 -0.141684891235248
0.173157850782997 0.115420357304902 0.112260565632818 -0.0925108901495722
0.19814657403213 0.052507981694957 0.119930774087635 -0.0405693160803109
0.173183032156177 0.0309934820509246 0.150381117133254 0.00447535386378727
0.175410157626401 0.046898739276947 0.181400588419727 0.0810702970419786
0.166351904432771 0.117228914611245 0.170703612269672 0.156230441483081
0.119022371135993 0.166619092104554 0.112254643256888 0.248433660753304
0.0558776890907947 0.249571969961849 -0.0244794802742294 0.233493325928832
-0.0523308384163595 0.276572346477095 -0.10338303343497 0.114890590010903
-0.203566319786449 0.224099221423806 -0.0170955062395379 -0.0368607707594588
-0.284236353493068 0.173029384579986 0.232510513659862 -0.123913897564037
-0.135592974378235 0.0700222383827077 0.2127925969075 -0.296831716676943
-0.126991647690482 0.130752055944806 0.257404237998686 -0.300437067000681
-0.0446847553819683 0.181811023706215 0.215828646050808 -0.250563048795245
0.0381126990568025 0.157754887867919 0.150851831996764 -0.205379281198425
0.0722401162232423 0.0940029077450521 0.135530445392674 -0.109276494159782
0.0828391171532592 0.0723360089422585 0.169167063496488 -0.0745134942545931
0.107154636061961 0.0457567219745062 0.173833055409382 -0.0315003980533339
0.0987349768107028 0.032936237093085 0.197322653468812 0.0266824965376605
0.098358334098662 0.0456162749161315 0.223411502937033 0.116971590046896
0.0907404232372409 0.0860464010744837 0.190427332908849 0.20284231084311
0.0579342318055571 0.11303554272953 0.106579771387622 0.287963198316139
0.0134652218807745 0.166728189230035 -0.0295775868301939 0.244964829487662
-0.0683546031422543 0.179650381870828 -0.0786541296320884 0.115661403908719
-0.173400914395473 0.123828024677454 0.0242032650447815 -0.0373252650632879
-0.213984839474857 0.0618235011500903 0.292050549425327 -0.139145338160162
0.0636560144421191 0.0183717240040073 -0.300554410472737 0.203176273828789
0.064800699734882 -0.048501183239817 -0.0539989004199158 0.103137183845589
0.0295315519060678 -0.0775035429122948 0.0763470841109399 -0.114340032723911
-0.0118341188831574 -0.0471595309504419 0.0399792836674746 -0.25547694253645
0.0031084830712696 -0.027840966700182 -0.110849185210941 -0.318041484535344
0.000706053388161137 -0.0311359659069061 -0.243103804181368 -0.229589571105367
-0.0194053363028827 -0.0378671147665216 -0.27123900237903 -0.111505232283961
-0.0123441404832807 -0.034151743210148 -0.250441929459286 -0.0251186733354406
-0.00102603389791499 -0.050355526435063 -0.213768725837178 0.0518525738174085
0.025558080688887 -0.0531325881549085 -0.200186479282946 0.0989698951268991
0.0405547643087157 -0.0392985207131303 -0.169225246927691 0.12204031205723
0.0500395254169949 -0.0260750581828383 -0.169302685805165 0.17161175388044
0.0596080033011786 -0.0355156274116769 -0.211720644185949 0.22102828790731
0.0783405324045322 0.00320188720189104 -0.196445946481444 0.265033577259374
0.0699622654098057 0.048175147783374 -0.161819752822546 0.296646619543239
-0.0368948742276804 0.136916170767541 -0.286272388306402 0.136252615749201
-0.0247651781016968 0.0649204291979701 -0.0404968226567531 0.0547382830331437
-0.0170058742521549 0.0555099153113801 0.0836778893280714 -0.164040051395807
-0.0071882384785641 0.0847044151901571 0.0457519561625868 -0.287268651673667
0.0522457265906477 0.0736445701324216 -0.10581580538105 -0.333438341910733
0.0842770436716725 0.0351502099135379 -0.232286062249998 -0.245584699784286
0.0831471301208424 -0.0127020464523027 -0.258787410711132 -0.122727087512272
0.0800772461013779 -0.0333283135867673 -0.231610692676939 -0.0364734046101947
0.100971378327023 -0.0581181195984615 -0.187912205838425 0.0431919564091282
0.133126072175552 -0.032431223283069 -0.166930221044592 0.0978351789891363
0.141054011787042 0.0120669879096243 -0.137532241529587 0.132241082855436
0.137700035186703 0.0833902709424801 -0.152382937067746 0.18084031848899
0.0898115364161429 0.112332745183251 -0.200488075769907 0.211253853206536
0.0274436913882613 0.150208202807167 -0.16527808465124 0.236153509659354
-0.027946908186323 0.189381865022503 -0.122077384343948 0.264199138897456
-0.135815471939036 0.236230636887895 -0.224938644484058 0.0531207985505992
-0.119480587843217 0.181184513015566 0.0152754698439543 -0.00221923344031859
-0.0606367766851114 0.200772289033408 0.118024988455236 -0.222842672689173
0.0103941242302393 0.221135974397393 0.0547242857411135 -0.325859532560982
0.107331569996864 0.167923337885855 -0.0995407209163696 -0.331927893789054
0.161928619008986 0.0957894428365059 -0.202924356310345 -0.238008604577251
0.176044019758066 0.0123353786101749 -0.216351971717976 -0.118476541287446
0.160132011723019 -0.0289407624247212 -0.180153031795856 -0.0432520222809582
0.183357084751012 -0.0600205767980523 -0.131034875678137 0.0322610074186499
0.218728213524042 -0.0129280290824339 -0.105418349660151 0.0912448762685105
0.220659699652333 0.0498111369985873 -0.0787972656495869 0.144225253480606
0.212404327762234 0.163892935564237 -0.117196394395953 0.196622321358528
0.12211732881342 0.230991895917346 -0.185956666186647 0.201975618633539
-0.0116921639168275 0.270937512453576 -0.142011257107541 0.186743062923597
-0.11659183078186 0.301005212124115 -0.0668933206820889 0.191111311549513
-0.210300849897627 0.30672502411579 -0.129214678427266 -0.04143566297272
-0.192390709427 0.287315410175657 0.0960162119465812 -0.0726595021743316
-0.0827515890489513 0.337668108650257 0.162483805467992 -0.279560659965621
0.0506242423557782 0.338777139845751 0.0681030207592262 -0.353602889687859
0.167608689062997 0.234980152350603 -0.0821428630344344 -0.308989982946998
0.225824304881483 0.135548770844942 -0.150501272081573 -0.211181546767362
0.24483819737997 0.0287583542264729 -0.145947424278694 -0.102206400670571
0.216332671974225 -0.0214702208137272 -0.103590927559411 -0.0440878650144371
0.236937510594461 -0.0488158632329917 -0.0530927889900783 0.0219170801510059
0.268569382244305 0.0146533100060995 -0.024593466445065 0.0824465907694054
0.261337716259405 0.0879448932781891 -0.00642399255438702 0.154735958368489
0.246689565862704 0.224058178524768 -0.0746514504081907 0.2085750747384
0.130235138328727 0.312747734656157 -0.166528999766045 0.188355393363203
-0.0525013630291522 0.347178646488969 -0.123646561791175 0.122446499844842
-0.190063348556419 0.364107939560831 -0.00192304637561886 0.0931879306857362
-0.249153612281918 0.331176471073194 -0.0181292509459574 -0.14119340189691
-0.227066015106671 0.352785582659623 0.174498887112349 -0.156061454997617
-0.0798589778480687 0.425973503710406 0.197013416662864 -0.321004232918452
0.0950055930705906 0.403445555512989 0.083376889730831 -0.352955299423338
0.211947528067796 0.258939555420154 -0.0427606954982567 -0.262387798798643
0.25850818558045 0.147623005765454 -0.0727489946458096 -0.173249124366544
0.275742933504649 0.0360001017890305 -0.0550684688947227 -0.0818256330883792
0.238865750835515 -0.0108321853784656 -0.0134120115537692 -0.0390309737897706
0.254880344513941 -0.0238235736923649 0.0350994323847602 0.0206024299558322
0.277613960886172 0.0522919816070221 0.0601432699678968 0.0829362113734182
0.255298396586062 0.129943668367045 0.0636011067241287 0.16890346399627
0.226225736954998 0.267072360588044 -0.0362666742342128 0.218127911956879
0.0987070706475051 0.353421754417763 -0.144834823088711 0.166311040986167
-0.104904900845696 0.366591991932969 -0.101189617470333 0.0546974039263496
-0.24845328535779 0.364207222605235 0.0695861718841816 -0.00760375877685257
-0.241346329792314 0.301250881516547 0.0833082465791462 -0.232502559523763
-0.217840925594563 0.35104981521606 0.227904604573909 -0.240102833756262
-0.0601227579190067 0.427627582797081 0.208674609123829 -0.333676579195613
0.119074953484869 0.386148288912409 0.0983833160796779 -0.321268297553512
0.216051505180535 0.232760414551435 0.015901948234168 -0.205243200606535
0.247249971207802 0.132186719574392 0.0193591632232929 -0.134484173348494
0.261701004070726 0.0348420405016165 0.0397200902693802 -0.0643937141872841
0.224841212325168 0.00131711195908557 0.0767840996397267 -0.0267607553433246
0.234970796538513 0.00614485807519788 0.120854965711559 0.0351185952844627
0.24471099420737 0.087681672345404 0.134707912583082 0.102494542510032
0.207785659220965 0.160432156444267 0.11587344149581 0.197801463388886
0.160529715522889 0.28062968279931 -0.0102470846420303 0.226507947210851
0.0350083367618688 0.344137169938188 -0.119769405522954 0.143780882212658
-0.157980412028964 0.328340628713491 -0.0670177121566502 -0.00179458549451313
-0.278044424941345 0.304694523669569 0.146062963348877 -0.0921082268054256
-0.196184825547851 0.215012747097579 0.154912330523963 -0.297527951900875
-0.173097537899009 0.275089556258321 0.244200008322909 -0.303293714973176
-0.037148884098198 0.338876989530148 0.20375016383111 -0.314128030435945
0.105228662004721 0.293193902122272 0.114929846676287 -0.270388247103987
0.16947135072596 0.167476507758872 0.0788692919893617 -0.153458638222596
0.186515124236049 0.0993184058921105 0.105313742163586 -0.105777214081918
0.202983528769849 0.0329078482972445 0.121858609664183 -0.0531111295922139
0.176205778701543 0.0129079608671822 0.153171326369636 -0.00969219200614008
0.182040049700218 0.0294593783756884 0.191779266639575 0.0629553266249844
0.179338991701707 0.0998368678926418 0.187713992264393 0.14164333703701
0.136741285510306 0.157958588193017 0.138982807770612 0.239190770962128
0.0828405977610132 0.247051241678174 -0.00117968787846895 0.23838843775772
-0.0254381526538971 0.284245773776369 -0.0929307951217249 0.127128592286863
-0.183555341258091 0.244915344016354 -0.0222808131394736 -0.0350322841143088
-0.266885937970067 0.203466720408092 0.220532415164065 -0.146094979651181
-0.128092524569832 0.0839785090439334 0.18831211304973 -0.321732382470032
-0.115252463925327 0.143221626295648 0.231008070058967 -0.326621906490497
-0.0276090611846728 0.187307983345357 0.195806516370628 -0.273651163546477
0.0524011973921051 0.155889033129908 0.131740873952987 -0.221937240332391
0.0800420744481192 0.0876349108694327 0.127601401597502 -0.124066216649499
0.0906686194009691 0.0654392137148697 0.164288189842907 -0.0935192325100251
0.111389719000991 0.0354475276890138 0.176200967764827 -0.0482021887787276
0.10208988883186 0.0225592858344975 0.202797465508624 0.00788213843796935
0.103715680669292 0.0358585287138053 0.237429007475514 0.0964998596998639
0.0996788980571994 0.0769352405125765 0.212737862557451 0.187798033610397
0.069024637684411 0.10945207437909 0.136858903054594 0.281273211267148
0.0309747762632805 0.166466060698635 -0.0056982348424618 0.250214471094958
-0.0512364953397444 0.187506558519678 -0.0685148810995542 0.12504932714773
-0.163042521439329 0.140422318088786 0.0190564146858688 -0.0393800026603467
-0.207994910771893 0.0843567565535502 0.278617538504771 -0.167551347004821
0.0620945189146982 0.0157101931438413 -0.279094803572075 0.219310449027929
0.0604710901765427 -0.0501101077530403 -0.0421986970951087 0.104156660742981
0.0248287604342363 -0.0770719933864938 0.0665223969045851 -0.120268112439701
-0.0131212715688051 -0.0466825560711746 0.019985852539884 -0.255860513534305
0.00235106756192727 -0.0294958922469516 -0.133208599901561 -0.305673315425259
-0.000384903616478922 -0.0318172239354216 -0.256825820819801 -0.208258758443463
-0.0211424451475923 -0.0340123605664602 -0.277075463981217 -0.0902510380014754
-0.0137900640769932 -0.0324252141395303 -0.25042601682834 -0.00545315978790523
-0.00428890470614424 -0.0491536614241773 -0.207086978056721 0.0665308922909193
0.020836264779875 -0.0540250428071865 -0.189919937204056 0.113354335080022
0.0367626932234157 -0.0421668759128262 -0.159899598714717 0.133359279475487
0.0481390328037369 -0.030115872973745 -0.155626975948399 0.18219499574267
0.0556997994141608 -0.0391225985637533 -0.192164159327227 0.235513590872536
0.0764886372631718 -0.00119917481509152 -0.174279321770573 0.275991512668645
0.069476062755868 0.0418360564344079 -0.13874238169401 0.306843533963915
-0.027115101797732 0.139054303319073 -0.270521902677542 0.153080782643176
-0.0199714829462626 0.0683681074569321 -0.0323891028191367 0.0570293800215284
-0.010774567446514 0.0590089704851838 0.0716126650138968 -0.170050890614903
0.00226222881828124 0.0847374690792584 0.0234324812712185 -0.288549539618914
0.0592584610513523 0.0680117983963136 -0.1282574478746 -0.322315794801715
0.0874402563824292 0.0266904545027518 -0.246797738869891 -0.225065781687162
0.0817227663543809 -0.0180576068640882 -0.263934285197788 -0.103085449079528
0.0768772081673562 -0.0392497480334509 -0.232977684108809 -0.0188902049154444
0.0952262652848813 -0.0655989901625031 -0.181857648310431 0.056740130542634
0.129345105451999 -0.04175642288832 -0.156638737984609 0.109582560690101
0.140560817645733 0.00164174767533509 -0.127021300687981 0.140862409909987
0.143984216309572 0.0704876099474755 -0.137336202506924 0.190183080589555
0.0966644734126292 0.105078772344012 -0.18058506219523 0.22501670423004
0.0380383114277296 0.146945416027563 -0.146278170796103 0.246327194346008
-0.0149473408177714 0.189125172959225 -0.101525912953506 0.271610450175201
-0.116475556480272 0.24387531415359 -0.21631165710778 0.0661055972630029
-0.105672601595689 0.189949018008776 0.0181851384530324 -0.00280553265751733
-0.0433909802379423 0.205607831757989 0.101049820810287 -0.229743834132757
0.0303844730539032 0.218113631155886 0.0312792147779641 -0.32701959779831
0.120886360810276 0.157341529824751 -0.121973798989383 -0.32240402894033
0.170004959537656 0.080751266657447 -0.217622096464726 -0.22100812304658
0.174782933405243 -0.000948300384465259 -0.21959002968101 -0.102945674024651
0.15591940560949 -0.0415904097769201 -0.182454225210286 -0.028890479195989
0.176739417389907 -0.0738802602669756 -0.126847615946258 0.0410833941488656
0.214885421796773 -0.0302328272823982 -0.0951864514790692 0.0986888468081575
0.221835735488424 0.0329765388835744 -0.0670497790280249 0.14805748748871
0.224404127922362 0.144530072984607 -0.101655415947953 0.202659338013012
0.137757785476665 0.219584460734978 -0.166562825710761 0.215383545817036
0.0085011937316482 0.269764699741193 -0.126324899424796 0.195631814077161
-0.0931025158737526 0.306592528414937 -0.0519905956598132 0.195033977921218
-0.1844632361076 0.317736796315601 -0.128439267385938 -0.0333076688931937
-0.169329474353342 0.299720862845637 0.0924050922787893 -0.077593487583732
-0.0543855999284932 0.34259951482578 0.141020370367805 -0.289372548767941
0.0793084870022132 0.331798223840446 0.0421496418737245 -0.354870131901076
0.185167647890064 0.219550929568974 -0.101432693388802 -0.301304803579633
0.235897461421709 0.114812906188546 -0.163452446806024 -0.197765942672741
0.242976117084148 0.0101752370541639 -0.147189136943025 -0.0937924092210359
0.211130571653174 -0.0391262265597318 -0.106411408086494 -0.0353701396356464
0.23002944274495 -0.0678462037769781 -0.0507432633769925 0.0250820893423592
0.267104718652742 -0.008357496594895 -0.0170482520965259 0.0837281049382458
0.265661668181845 0.067824097745756 0.00602839503299143 0.151879209162709
0.263018981786223 0.200991668712931 -0.0579662877590446 0.211951039788355
0.152991962163355 0.300021971651005 -0.14893851712559 0.200435168686705
-0.0257546965607795 0.34797588940222 -0.113432515155083 0.131382670464935
-0.159924326933152 0.374299485565498 0.00461007400880103 0.0939107987048051
-0.21956237611909 0.343892748740107 -0.0259555826306101 -0.139165472772926
-0.197967658756631 0.366113680478074 0.163211020967796 -0.16551937049249
-0.0441661958926695 0.428699809307184 0.172044143706966 -0.332343389613614
0.127978627028112 0.391732712068564 0.057812406437866 -0.355608346210688
0.230214051239638 0.240502618239001 -0.0589769090545916 -0.258468121141548
0.269036157391114 0.123917253162502 -0.0845443271844912 -0.166429212888003
0.273855092042734 0.0144758231982709 -0.0548129299109238 -0.0807192664127126
0.233363342203871 -0.0301287724164146 -0.0167673656464196 -0.0372291086748425
0.249642058409687 -0.0447620194135103 0.0359598835641491 0.017038690222374
0.278082684203718 0.028565450622945 0.0664871610640636 0.077646450986359
0.263727856317005 0.109773573858373 0.0757601824697534 0.160717221639141
0.24572569005993 0.244942008836449 -0.0177669070663692 0.217452582571675
0.124611028169706 0.341869207112991 -0.12957724893358 0.177187421607226
-0.0761933329065966 0.371074003117395 -0.0965151289267322 0.0627310610625815
-0.216584084674794 0.379238986860775 0.0666823823911427 -0.0106100800170889
-0.21378187979538 0.314206886665509 0.0675071379197102 -0.236066067608752
-0.188908806274633 0.36366151500247 0.208507132773731 -0.252552213533759
-0.0251694455802017 0.428037506373365 0.183418321623075 -0.346173702726089
0.149038399614896 0.373099879943372 0.0744576583357886 -0.325065967291606
0.231002513411328 0.214379349972912 0.00254995902844096 -0.20563681145147
0.255558745210459 0.109962714959436 0.00961110569006006 -0.135734200552347
0.259340441702821 0.0144425077972209 0.0404440868583485 -0.0697082772302343
0.220632779231637 -0.0171757121209568 0.0739610581754748 -0.0322519190668535
0.232172332344452 -0.0136264201160243 0.122197126697187 0.0247788483238135
0.247777325073504 0.0658114640195248 0.142098696128173 0.0917369125367699
0.218814992107616 0.144005342133013 0.131110127921986 0.185199954521772
0.182314687773108 0.263557725498752 0.00774791611234795 0.224461774941715
0.0613373044738166 0.338178187994468 -0.106440771499992 0.151865348117463
-0.13032486613292 0.336789500734777 -0.0678632097745945 0.0034681537937192
-0.24913279185502 0.32327493931403 0.135517405221188 -0.100712970551692
-0.175649416769924 0.225621176931394 0.133832403594864 -0.306148767723204
-0.150563126338116 0.284714481846618 0.219291181896192 -0.315782998671404
-0.0111715118257739 0.337501961253391 0.179064301178724 -0.326619193082057
0.126983366062638 0.281802784510747 0.093375849722947 -0.275739165038773
0.178891153702442 0.15398218904704 0.0675116972348892 -0.158618211528701
0.192843380704047 0.0834852300815662 0.0965112270292679 -0.114115156921
0.200630280076062 0.016908863109694 0.121881277308229 -0.064001832863233
0.173695423653413 -0.00191815677362194 0.150668783479188 -0.0211041538581048
0.181031939043021 0.0141377503736379 0.194397515957797 0.0472221863477086
0.184559329320768 0.082735968088189 0.19693291963558 0.126637582471106
0.147827104757318 0.145807192611278 0.156596487744401 0.224576578508776
0.102723216482441 0.236262596969013 0.0174017723695439 0.236324427021508
-0.00338572749097271 0.281821016654439 -0.0823107210435336 0.133908107839273
-0.162738071538153 0.255400310904496 -0.0270483330545704 -0.0321767362725536
-0.245813802373534 0.222788986271318 0.204511250058528 -0.159315520431678
-0.119071067762352 0.0916321639962246 0.164800370814708 -0.330582661064567
-0.103560641825824 0.149454306798973 0.204474376794003 -0.339624142898356
-0.0137650036745597 0.186998229460165 0.173658165447043 -0.285738258061038
0.0635040770420476 0.150028144833758 0.113661512814431 -0.228374898079116
0.0836888711059222 0.0813256482195344 0.118416453127811 -0.132501211008127
0.0947894317181204 0.0576691034480507 0.155536236385162 -0.106231323004322
0.110530674349485 0.0257602874351374 0.174027879847287 -0.0614329797351172
0.101284256325121 0.0135488218334478 0.202263327638027 -0.00715932607959369
0.104345215887661 0.0272301358850861 0.242262693029736 0.0758331202199557
0.103648660031536 0.0672012231904813 0.224240513818205 0.17075368252129
0.0768196814692824 0.103558488958566 0.157141748215008 0.26652837487658
0.0448647944001006 0.161737271645913 0.012576498091239 0.248469263471428
-0.0369683887102974 0.188223498737083 -0.0581704462652088 0.129622882425502
-0.15021035215633 0.149781402812315 0.0137519740391609 -0.0401966918433569
-0.196731882010962 0.0994718120158718 0.259225674747239 -0.184602157592155
0.0607519428130959 0.0150851235030406 -0.26485044397083 0.227481379045935
0.0581388669382966 -0.0500151543976632 -0.0346662683295172 0.103190304271515
0.0222110213288413 -0.0761876834835236 0.0596615979009694 -0.124217108935881
-0.0138877186725936 -0.0457780119114694 0.00691166208892368 -0.255002564823396
0.0018086757647916 -0.0308992115327914 -0.14582066972777 -0.296637131689537
-0.00102974376085776 -0.0319958149361976 -0.263243975537015 -0.193227101770713
-0.0210642029846901 -0.0319584697101872 -0.279963809335583 -0.076089296804125
-0.014688877195025 -0.0313210946847573 -0.25030398996636 0.00709754912840509
-0.00602040492355795 -0.0483660981593654 -0.202490187012982 0.0764001705920148
0.01864880356761 -0.0539885462569836 -0.18289753030479 0.122817319587051
0.0340102828813679 -0.0436459231821364 -0.153393937418327 0.141042135637286
0.0471153552649392 -0.0341337153108801 -0.146277718078296 0.188856485442603
0.0530274489903256 -0.0409972558310914 -0.177644909172967 0.243057383693759
0.0752677783694466 -0.0030475784239568 -0.160493936908822 0.281220928907395
0.0681642672035682 0.0381626303898036 -0.123430799251819 0.312683567350681
-0.020472193160124 0.140439932579602 -0.259383973627539 0.160444534454574
-0.0155636935649414 0.0711711727442261 -0.0270180053355621 0.0571677577464602
-0.00537762673541501 0.0607684824649457 0.0621514480634767 -0.172835135110696
0.0093557712260744 0.0830325576621527 0.00936245358994735 -0.287817080387172
0.0633092158734483 0.0632078769519941 -0.141950233040346 -0.313851819229986
0.0891388423384744 0.0204621667855585 -0.254850870960268 -0.211371512917357
0.0812001344455746 -0.0215995738056359 -0.266163917340676 -0.0916227963860277
0.0740135902079602 -0.0428817214308928 -0.233290243357538 -0.00688415596236593
0.0909121781775437 -0.0702912742125315 -0.177782372173033 0.0647582167872721
0.126288878000747 -0.0479092655020073 -0.149682693484402 0.116772194738843
0.139676500620887 -0.00494929695167718 -0.120198893213902 0.146298972379221
0.147220645630478 0.0618093444222519 -0.127034318618698 0.19554734510164
0.10048733368797 0.100123974577923 -0.166481426558498 0.232554848803653
0.0439810546746408 0.145695022427503 -0.133729459776014 0.251338024676195
-0.00700705095409896 0.18856286283544 -0.0884677740006049 0.275715549715273
-0.103035127714127 0.247388086883045 -0.20996207828119 0.0729252914633081
-0.0950502576439612 0.195149582318079 0.0211771196402016 -0.00354465002505276
-0.0301046039285869 0.208146480600201 0.0893683290262366 -0.234100195418248
0.0443370943605727 0.215045855328314 0.0158176996442539 -0.32656222419768
0.129962007324066 0.149889716113157 -0.135010514998563 -0.315174851883925
0.174016512528181 0.069702375878828 -0.226305339198065 -0.209195931975727
0.173837628816376 -0.0097139226721362 -0.220630641480558 -0.0946995311184635
0.152249926245663 -0.0490600628456783 -0.183404739754312 -0.0197878461597654
0.170703426414262 -0.0832519484114558 -0.123628933812312 0.0462207520689075
0.211799359709262 -0.0414757150688624 -0.0888597022331842 0.102358502376257
0.222620112711023 0.021999154560359 -0.0608172907270642 0.149485375393112
0.231261125978453 0.130213648851054 -0.0910465596686384 0.206092369220763
0.147644656662789 0.211697440733906 -0.151772725412296 0.222411976635998
0.0218504384357195 0.26796008016826 -0.116966700684764 0.200466191591559
-0.0773258249873615 0.30937467473191 -0.0423740140346272 0.197427202763969
-0.166650695216385 0.322218630423921 -0.127145911883851 -0.028892645023459
-0.153589433465124 0.307080456782332 0.091142350754308 -0.0800658215055819
-0.0344296155349062 0.34516487280688 0.126663315105195 -0.294759402189803
0.0985165029238 0.325330010877313 0.0251969619108458 -0.354387102130455
0.197004783110907 0.20928434782529 -0.1140650799737 -0.295522204616914
0.241176626456548 0.100041775860387 -0.171986412060387 -0.189174297224215
0.241359427982365 -0.00175358951725672 -0.147389134769886 -0.090335190942226
0.206171588714478 -0.0498019101414593 -0.107686577955973 -0.0297247834745316
0.223721158296807 -0.0793605749884684 -0.0497523081342453 0.0265170306731626
0.264072396852118 -0.0224831320658681 -0.0116298620238339 0.0838936846465174
0.268572772563312 0.0542964323627545 0.0128991087296694 0.148959809731039
0.272644019518179 0.184245013951824 -0.0468897519653127 0.213850944563865
0.167220892764871 0.290680256494598 -0.135716100023291 0.20757898149524
-0.00807336204635307 0.347132462349986 -0.106958653606929 0.136879584712385
-0.139178261768003 0.379605078454826 0.00834393697959534 0.0948266534366263
-0.199477713864903 0.350096455481995 -0.0302680609186333 -0.137270538040724
-0.179147126050959 0.375018250750168 0.156939155854964 -0.170393480483182
-0.0208961289326618 0.429036337627695 0.155550103979679 -0.338700748182405
0.150071071425616 0.382373902251177 0.0398481609711902 -0.355310800176755
0.242366726060433 0.228514071592848 -0.0699025279884053 -0.255615624702071
0.274607383497059 0.107330897957846 -0.0916354642871305 -0.161927108006456
0.271563357833063 5.10667731675068E-05 -0.0552040035921897 -0.0827138375012878
0.228398486041562 -0.041799249843427 -0.0178980374182935 -0.0353957435073113
0.243665513680173 -0.0574581706446605 0.0366999004731472 0.0148276974461502
0.276558707020327 0.0125112691637986 0.0704133968165829 0.0736971958328872
0.268478697621599 0.0958246988412675 0.0828722416500127 0.153937999745522
0.258194974210803 0.22894292883121 -0.00742657096057272 0.216655802243055
0.14233614578152 0.333708819509285 -0.117773628401453 0.183388587482846
-0.0560695911244298 0.372002747821413 -0.0942899046815227 0.067718258255144
-0.194122162704267 0.387162657404036 0.065086563654837 -0.0123474582755975
-0.195198777218959 0.319209467064597 0.0579367123706074 -0.237854571067868
-0.169224542143283 0.37024331069486 0.196734438526412 -0.258897243272554
-0.00356696568621983 0.426373408428418 0.166129029016014 -0.352520269321798
0.167913503504145 0.362913360452603 0.0585670915488173 -0.325924599847177
0.240744675579507 0.202631385610995 -0.00654921164090508 -0.205561221781325
0.259785797550893 0.0949715360637986 0.00281522906181328 -0.135902194948159
0.255564565097935 0.00134975234077259 0.0408346274471749 -0.0757955361558468
0.216268433885696 -0.0285192716148235 0.0723811759388173 -0.0354901825201214
0.227916132317392 -0.0260918140617603 0.12239909629106 0.0187215163346995
0.249242570990762 0.0509371966225527 0.145800319092191 0.0840779739476502
0.225872391936479 0.132419822606153 0.139263376059039 0.175042319274606
0.195952705456826 0.25041348263421 0.0189933433050391 0.222375950434516
0.0788292704038244 0.332339723637085 -0.0967234179827836 0.157293488914477
-0.112313807551594 0.340697776341209 -0.0688924341264231 0.00827655143722099
-0.228850571220922 0.333696346260703 0.128446122512398 -0.103520444498272
-0.161589301045341 0.230411956747242 0.120232702932398 -0.30973873428577
-0.135005516703709 0.289865863552896 0.203450071336715 -0.322456787644397
0.00629641101184144 0.33520764192805 0.162568742751193 -0.333885329522456
0.140446161984126 0.273687689670154 0.0796532760839935 -0.276871370879207
0.184593348191583 0.145111965021798 0.0600309730832174 -0.161796813152433
0.195815913976805 0.0725150560523671 0.0900991194398946 -0.119003696804956
0.198271280765279 0.00691266230337996 0.121666822864157 -0.072564527086965
0.169790520429505 -0.010870053192946 0.149169277904178 -0.0284293299620235
0.179394755161901 0.0043524482477314 0.195005215234076 0.0370648873782158
0.187313401710104 0.0721576274362588 0.201790385739458 0.11679262986818
0.155290226289515 0.137984723456403 0.167287612643206 0.213464082594359
0.115261124196589 0.228406118568461 0.0284972775076445 0.233566982672127
0.0107076306586048 0.280002508610469 -0.0744634681066613 0.13746891607952
-0.148496367972068 0.260281163310414 -0.0302355582021768 -0.0291501904455479
-0.229582726454101 0.232946651311484 0.193206496357617 -0.165611496491512
-0.111966988839151 0.0964421374893632 0.150754342302159 -0.336507581257698
-0.0957443659891114 0.153043972278449 0.18679442909797 -0.343459556902973
-0.00433410251628019 0.185738854161612 0.159132509718496 -0.292866641363011
0.0701572310296483 0.146013600783868 0.101455407630284 -0.230872155937477
0.086154583539111 0.0773306861202023 0.111266450850409 -0.137205428122465
0.096282475610979 0.0524317351045817 0.148424511745104 -0.114388170710837
0.109311323507505 0.0210698645106367 0.173015817197125 -0.0706107222924711
0.0994822173782808 0.00767192404256374 0.201204869639606 -0.0168357000918995
0.103948197932762 0.0211338355142615 0.244571475069948 0.0632704092044053
0.105572985647603 0.0601193864005123 0.230849294191646 0.159800719627672
0.081322386588416 0.099004911934121 0.170518278499485 0.256147066582889
0.0526236524725281 0.156505586481888 0.0249558881809417 0.246181172919737
-0.0270059664568476 0.187670163440638 -0.0520972964247464 0.132223329169687
-0.140857723543453 0.154478835494586 0.00927197144192888 -0.0392850055112506
-0.187279247868336 0.10837449177917 0.245302303559635 -0.192700928208279
0.0603501374834688 0.00432492916537523 -0.216109556856946 0.293396052186789
0.0464632412726575 -0.0597882415553165 -0.00738089153214404 0.112524022557775
0.00567555752861529 -0.0785326271042813 0.037063651106254 -0.141149235191418
-0.026246046779118 -0.04376382130766 -0.0471484461720736 -0.261895636225063
-0.010657298217119 -0.0325788652541206 -0.21216674390745 -0.266771323256894
-0.0106584794014806 -0.0288681877470177 -0.304065497544112 -0.137714148745033
-0.0284304453991662 -0.0232022509545893 -0.29284317606199 -0.0176920733215325
-0.0206556603842451 -0.0260478538802454 -0.248501364825343 0.0636715137393284
-0.0179794176749296 -0.0447993317338437 -0.187611698029409 0.123865413646792
0.00448670430792093 -0.0555574580957509 -0.155481025416733 0.169217335188709
0.0206946460670581 -0.0471602294278924 -0.121486785588671 0.181031799319489
0.0340157477265563 -0.0437181941835674 -0.103503450017774 0.227891589419268
0.0375129334140814 -0.0491682181159392 -0.118936428298211 0.291857408877931
0.0677773775543973 -0.0178374774659007 -0.0967386269366423 0.326652799611971
0.0698552995789088 0.0261675769575821 -0.0594327244450097 0.346057528881415
0.00978480471828847 0.139806885762304 -0.235568677874737 0.227212338031828
0.00237796648310522 0.0737912582363201 -0.0158221755246433 0.0641934070927616
0.0108431339823389 0.0588205260268 0.0190472888659166 -0.185788204501864
0.028175007322485 0.0733271164665526 -0.0609827379019369 -0.289662753725589
0.0715389446471579 0.0439834622466654 -0.21379322836528 -0.27814851783214
0.0887807064658812 0.00111467217779455 -0.299118899492756 -0.150456139901701
0.0718407968009843 -0.0388492728999124 -0.280678226983136 -0.0294654410916568
0.0627964960872028 -0.0560061117232293 -0.234150688184606 0.0468250693739478
0.0711060911633729 -0.0868930461388848 -0.166837266340222 0.106697237088171
0.110534745881959 -0.0740324609437268 -0.12492305029224 0.157080692737962
0.13057479221545 -0.0326479211220239 -0.0879488194055875 0.179817065751269
0.152338148280541 0.0265536033860493 -0.0846853407133235 0.231378453932184
0.114775380536575 0.0756553565955781 -0.115993089016192 0.279958194356144
0.073223699251034 0.134444577337788 -0.0803391764729407 0.282696032907778
0.0317550285062916 0.192504651709385 -0.033087236978802 0.290058697564067
-0.0456211831489019 0.256412973600556 -0.212845436097217 0.128688426360096
-0.0457176400705879 0.210741969525783 0.0126518750332742 -0.00659333749105949
0.0215947291540091 0.20486755115886 0.0225529346646746 -0.247426515659796
0.0937823307003356 0.189859162636837 -0.0709920629940063 -0.322428888839708
0.156622500490938 0.112958840674578 -0.208206158567201 -0.273753701909018
0.18158919292646 0.0294775367071571 -0.268983840688133 -0.149398626053725
0.163111274000839 -0.0499904357311626 -0.235091322722659 -0.0361914600287345
0.13629699618588 -0.0788082057617746 -0.18680506817919 0.0227749001883555
0.145561442989434 -0.116602012530499 -0.118019882792338 0.0763757111588689
0.195075076678753 -0.0863882770503046 -0.0686075249298558 0.129651448788411
0.217062095869792 -0.0233114987627265 -0.0270704997816684 0.168927360442277
0.248622087283461 0.0747347645069879 -0.0471019261459252 0.235876269166899
0.185467561658225 0.172291925216949 -0.109048434211529 0.267848406186995
0.0812501836771751 0.25981366700996 -0.0784703282751273 0.221330623985111
-0.00776114894352431 0.326339148488033 -0.00537989429030893 0.193362085870438
-0.0903596567921859 0.340015176539931 -0.157829293240744 0.00568440315420857
-0.0772245217195977 0.331198205145312 0.0604720882738857 -0.0990436101750816
0.0494716040208218 0.335834483072823 0.0370650314989882 -0.310099787731538
0.172034789138661 0.281480013777874 -0.0740647967765213 -0.344658134189442
0.235731861146424 0.156059002457243 -0.182514113720729 -0.25203054790867
0.254047734694971 0.0434009359454946 -0.209310038177878 -0.137738054913546
0.229478638894529 -0.0596997650662391 -0.15969078144236 -0.0433489081041914
0.189029762454623 -0.0903865628247767 -0.113364242002769 -0.00395994011924767
0.196899182406377 -0.125594179158123 -0.0479578508725938 0.0393711630020793
0.251581524917408 -0.0801529018991454 0.00416405968763473 0.0930270219452329
0.26880093613576 -0.00333725749920282 0.0457154760626528 0.151429556997812
0.302255083305552 0.118186314872008 -0.00251957651137403 0.231954731482921
0.222925574084063 0.243813470065193 -0.100118425522706 0.247729662670987
0.0712930133438983 0.343444291927718 -0.08595020995425 0.149913494064182
-0.0492387693333097 0.409435272174072 0.0229477839256882 0.0722897918716558
-0.115017449295338 0.372569893463942 -0.0858797067491402 -0.128928509463184
-0.0861646300669859 0.39991010519402 0.103153161203391 -0.204781461339352
0.0799592326854168 0.412215529711927 0.0510744610399225 -0.355835656556592
0.23479796204807 0.32430277813636 -0.0613132525088197 -0.342762049036244
0.283546807788079 0.164539953172433 -0.127535512470149 -0.218750387397823
0.288231777112607 0.0433189342805824 -0.122358936754306 -0.126092443011116
0.259097710019676 -0.0647919590686656 -0.0648785266933499 -0.0540121114280618
0.212356532350849 -0.0878031533578068 -0.0248106597835706 -0.0299239541299353
0.221826183578246 -0.109019394791411 0.0357907416734991 0.00809337707868479
0.272033093932761 -0.0481431557820656 0.084756887875128 0.0629688058581593
0.27928387687764 0.0373622826571689 0.11772033287686 0.138613495760666
0.299023755604983 0.165613498627333 0.0373174499858884 0.224557526711421
0.208738283468856 0.289793327955057 -0.0891748149905506 0.217349023119012
0.0312501299285403 0.377956757426304 -0.0894781055101845 0.0753024847368429
-0.0996373570659058 0.427877269557413 0.0582669372352193 -0.0501836059252512
-0.116766876189879 0.34282458942405 -0.0164369592964744 -0.253169911573117
-0.0789991809476889 0.392498247498473 0.124476596441932 -0.304053596331424
0.0958677081640218 0.404416746449258 0.0594978017658572 -0.370863996106615
0.24692283848499 0.301752956016203 -0.0339378375825727 -0.315748871409305
0.276452289238803 0.140281685253039 -0.0506682337915246 -0.183518821989077
0.271842230561721 0.0330674097739332 -0.0220481259599779 -0.122255405932279
0.245035011503335 -0.0611659448865158 0.0315735284640906 -0.0692271439080606
0.202446231031856 -0.0729028072576604 0.0658045380172405 -0.0496506101931528
0.214139835020189 -0.0745594167521265 0.124376469820689 -0.00924735613502846
0.253808572433644 -0.00481421914110638 0.163498141728926 0.0543658791263564
0.245704676630144 0.0816303152722247 0.179380369413037 0.145794944860481
0.244262812816286 0.200402971602414 0.0659702201841071 0.223309299598224
0.14668908928184 0.302126590001849 -0.0748453511516661 0.184102761638746
-0.0303242077475908 0.358956454213404 -0.0752960194868122 0.0080029732042692
-0.144416436098514 0.381118496733234 0.104500534335177 -0.155065215652398
-0.10258010594361 0.250801220340177 0.036400632505253 -0.343758063782877
-0.0657307469318381 0.307054178535721 0.12044974180622 -0.371514544533361
0.0833316749429655 0.316425060995209 0.0670107764924012 -0.355390772174496
0.198693279689963 0.222920814401579 0.00346071986704852 -0.275379336055321
0.209476708166441 0.0973103897982064 0.026636420106287 -0.160322828609604
0.204261134614205 0.0259452614651625 0.0682111193438558 -0.129109742201569
0.190592521816871 -0.041599527202403 0.111891721239271 -0.0870507960142838
0.16251386646645 -0.0460586906427249 0.143860962197808 -0.0604103929502045
0.174237666215596 -0.0347424201932728 0.203594290425517 -0.00763435529236498
0.198101482607486 0.0294765843713031 0.228219031368894 0.0734658448768832
0.179659240534477 0.102620251246473 0.217769055170085 0.176541924996807
0.159350413865569 0.196704877907348 0.0794260879692374 0.230301560439608
0.0703474359453778 0.266667382868866 -0.0537695359009924 0.155887075398356
-0.0839084794412001 0.28796482997652 -0.0418411936226543 -0.0369643257936748
-0.166635887531743 0.281007518383019 0.158800617248239 -0.227202830918863
-0.0838918268251955 0.112810797082022 0.0698274522568031 -0.381998953714303
-0.0596003016056551 0.166278518911565 0.103866811231843 -0.392023187586482
0.036601790211344 0.175622123095844 0.0818893431779127 -0.322464887552516
0.100133798132234 0.118765960375507 0.0428682891833092 -0.242802330257792
0.0995129008490903 0.05410911824272 0.0816889454591851 -0.155143070167813
0.104339691076813 0.0277345761298617 0.125264181752005 -0.142064318983667
0.109406746530294 -0.00741634495827182 0.160271665859758 -0.10175074214558
0.0975500947902468 -0.013824007495067 0.197233823012376 -0.0611506790975379
0.105967888077816 -0.00195703815053746 0.259610754041642 0.00701174751222538
0.115992380846223 0.036781197579461 0.270129417465301 0.108192908930465
0.099846710255842 0.0815014212638187 0.230925425990536 0.218106170004835
0.0831813991711512 0.141666313712307 0.0806628851249569 0.243586714556861
0.0137145408106857 0.186069859895482 -0.029174436293237 0.143994781121384
-0.101785228522199 0.182307680023697 -0.00167374566089397 -0.0515619850675321
-0.153377727729919 0.148396636467343 0.207781318201779 -0.259177107874173
0.0631505632903225 0.00323653002901722 -0.209511563284613 0.311769183375539
0.0471946044010677 -0.0629650719482264 -0.0012722789876308 0.115123191330336
0.00429169496134974 -0.0819367488042438 0.0302489998669034 -0.146922365195494
-0.0283448667938699 -0.0451832245952736 -0.0616430592336572 -0.267991410674805
-0.0128542641827749 -0.0349846541964788 -0.231006902980218 -0.265875764506472
-0.0118043252993984 -0.0302100574344897 -0.319579615204571 -0.12741272219052
-0.0288701489892361 -0.0229726096548513 -0.304486165727425 -0.0033997083808826
-0.0216413519406894 -0.0261667373439711 -0.255442540646491 0.079106919898583
-0.0201591411179171 -0.0448435888404818 -0.188885467919209 0.137824554438264
0.00170201455535499 -0.0576971764367492 -0.152438642432003 0.183119921937896
0.01883373243966 -0.0498111197284047 -0.117424835233573 0.195022721180858
0.0331481663490196 -0.0481449147845384 -0.0958925044017579 0.241472092650369
0.0364827093878352 -0.0512592004827075 -0.107853973187523 0.306884450373304
0.0693757932668696 -0.0207303878126917 -0.0851550582598419 0.340989562587573
0.0715131293891711 0.0248845323826546 -0.0463298312482685 0.362096443903243
0.0170352072877072 0.143636374733299 -0.233261479824821 0.243270812311962
0.00774307422682049 0.0777371858330935 -0.011757122682231 0.0663201771330752
0.0175432364205639 0.0603228653152168 0.00982164489375266 -0.191185802487383
0.0345939728694724 0.0732907927338558 -0.0762871447425588 -0.29578916218652
0.0769836184125492 0.0405355922907402 -0.234174204773293 -0.278836331631259
0.0924702189014347 -0.00502999523553625 -0.315889658163172 -0.142619106932472
0.073888968699969 -0.0439690302814827 -0.292592009471027 -0.0167630745953813
0.0626870279224093 -0.0609602681550541 -0.240443488281862 0.0602461564094526
0.0688030823805058 -0.0936141961102875 -0.168346674421011 0.11899429079282
0.110875756991454 -0.0828418240968189 -0.121670209740709 0.168377175298619
0.13333747806439 -0.0405858053311791 -0.083023937123807 0.190544326999163
0.158219561246705 0.018140203136868 -0.0764567271785 0.24463028096777
0.123217119995503 0.0734136817265306 -0.104792611954867 0.294992383342248
0.082636775717445 0.137327320474634 -0.07039858376549 0.295902421328073
0.0412335422671797 0.19822772111238 -0.0218258701348566 0.302879076518402
-0.0356597209697001 0.266026568496611 -0.214042573671733 0.140493662161567
-0.0356748731141161 0.221667908378399 0.0145055576331023 -0.00802675046595317
0.0360840691502676 0.210892163144192 0.0102763281556638 -0.25554103046099
0.109649374385308 0.190416187310275 -0.0894669205843594 -0.329517160751842
0.169622892363154 0.107790983912488 -0.228116369657592 -0.274544714680781
0.18987918777749 0.0189380764081918 -0.28499325229475 -0.141427517586252
0.166771489176629 -0.0605184227984479 -0.245636106133698 -0.0292897359109461
0.137452266088447 -0.0877014614435655 -0.193188457254097 0.0332539082570248
0.142632446041547 -0.128319994286659 -0.119305668237982 0.085127108008723
0.197579875310558 -0.100395092045731 -0.0642318126817282 0.136781739651756
0.22459263189384 -0.035986361168625 -0.0210853614036242 0.175883688529655
0.260898499210926 0.0625125730158064 -0.0370491559110484 0.247106816833159
0.201852857437942 0.170016679911349 -0.0981320465709684 0.282286288900598
0.097763367517144 0.26562744268082 -0.0711552770042283 0.233459828793661
0.0093296489584219 0.338978066837415 0.00201597265896314 0.201441607505278
-0.0775031309535498 0.353658400172325 -0.161905589404645 0.0121760218421902
-0.0628115144653438 0.34655101741326 0.0597673193800055 -0.105372124818404
0.0706890230561997 0.344607755528301 0.0223705397498444 -0.320808368913823
0.195411179728844 0.281574019971848 -0.0926618647682015 -0.352387186549288
0.25398606324606 0.148943200294467 -0.201119119039083 -0.253081641643029
0.265687330646433 0.0297755500381866 -0.223358265263698 -0.131326585239582
0.234231613092125 -0.073521398675437 -0.167847861916542 -0.0411174418165369
0.190513960795561 -0.102212185666017 -0.117533137713067 0.00158302358481825
0.196133687077349 -0.140078718424989 -0.0478550894491959 0.0437706070373984
0.255631986927422 -0.0964754384203309 0.00947919691144426 0.0959185640959673
0.27940499379612 -0.0172280889093219 0.0532941363160792 0.153462361809421
0.317811631028557 0.10464398807052 0.00969941316625058 0.241090248885458
0.244323087673396 0.241521668004296 -0.0894789596845982 0.260615590257025
0.0914973494991 0.352338607388772 -0.0820836094985716 0.160586009646228
-0.028867162071787 0.426775783751612 0.0263132944361445 0.0756210934520964
-0.101303833914319 0.387710732455757 -0.0935452992192152 -0.130754161297652
-0.0689887294803002 0.418486875211997 0.099347602942044 -0.216689396077609
0.107537125477049 0.421763339837544 0.0350918513807923 -0.368622178890307
0.260770014631358 0.322775725287159 -0.0791329008333099 -0.350084447406103
0.304619432730466 0.155398089104609 -0.142171570147885 -0.220053452421205
0.300677113489437 0.0281965600294005 -0.132897953562774 -0.124102139566396
0.264313472970647 -0.0803097687844995 -0.0699902751448299 -0.05736757457991
0.213522415576895 -0.10128706499608 -0.0261930684490208 -0.0299300196383941
0.22230624960108 -0.124689152382608 0.0376145264190388 0.00704470418231546
0.278358152206841 -0.0661774410711676 0.0910837464712942 0.061167214513129
0.291851375046153 0.0239748411089611 0.127112509190884 0.136394056129737
0.317466794129497 0.152847318941383 0.05006499628985 0.232003688622118
0.231763379260964 0.289615241208582 -0.0801375447408764 0.229261213808961
0.0519309624172033 0.389726636255167 -0.0893238600384353 0.0841605925140315
-0.0788494315799093 0.448077397374058 0.0570763836141025 -0.0527868094225954
-0.104097599207471 0.35754172977934 -0.0275658197648148 -0.263033623600695
-0.0607472832681657 0.410414659757845 0.115454222025853 -0.319995912077931
0.121924507680707 0.413565352081194 0.043070660711737 -0.384654738971784
0.273190976983122 0.298650777584887 -0.0492856156706111 -0.322806877924979
0.295942325307948 0.131095600465022 -0.0609597136475033 -0.187923804604277
0.28278926848714 0.0191784382867048 -0.0285643443627756 -0.124970589085029
0.248938425973731 -0.0746142859144867 0.0299020550457526 -0.0783213281564341
0.204412565077884 -0.0846841431451083 0.0668213489129734 -0.0552715620670445
0.216138698397648 -0.0884817163820597 0.128294401213856 -0.0157656796763247
0.261525495434161 -0.0194832631722454 0.172030669205633 0.0480754158636983
0.260434194809298 0.0707073547150861 0.191078490996542 0.140261411975994
0.262615866083507 0.192850575516491 0.0790976104571199 0.228142289153198
0.168286972802492 0.305069955778886 -0.0669838008017305 0.193762717566488
-0.0129021717924747 0.372336191164958 -0.0790407902131978 0.0149984049355053
-0.126639494671764 0.401110244589393 0.0997717146883159 -0.16347519008526
-0.0933759554547574 0.261996629566653 0.0226738052344216 -0.3585898249432
-0.0512879460148916 0.320776067748913 0.107355289407351 -0.388988896541922
0.103587177701227 0.322540716726879 0.0512861779721856 -0.369944123194227
0.217220789259846 0.220894982241464 -0.00864555711157439 -0.282804661262003
0.22257798754507 0.0908565449478602 0.0208815114650862 -0.16688177347863
0.212995596129232 0.0153595951538104 0.0641820663643653 -0.136077825807232
0.193885759294717 -0.052244173611551 0.112859436315139 -0.100213315107206
0.163801929706338 -0.0556202586059961 0.147305728426398 -0.0707531954041297
0.177779420883907 -0.0455083892446891 0.209764516082938 -0.0185555042534818
0.205836942405391 0.0192742665890233 0.240451998639751 0.0643107936803024
0.192276346860564 0.0966910800179373 0.23343875543654 0.170659071898278
0.175920235954226 0.193989547336345 0.0936781023536375 0.234936892832897
0.0870335668530138 0.271941067650895 -0.0476094531183645 0.164173608976433
-0.0732236247265676 0.301219559328959 -0.0466184331168378 -0.0335382352689515
-0.155729756770966 0.298082435309142 0.152706815721258 -0.239936222201996
-0.0799929824245322 0.119103839499118 0.0558342538434056 -0.399741335245699
-0.0531628412105698 0.175155311425234 0.0880011196148604 -0.409442752820766
0.0470114467732476 0.179911706573256 0.0685317212640753 -0.336968615606606
0.10968283486592 0.118814277221115 0.0333275404672869 -0.251492291721917
0.105151234981161 0.0525176750133336 0.0783199801500871 -0.164482187780812
0.108759939242829 0.024274744401377 0.122121223298836 -0.153822787810123
0.111847401756237 -0.0125992180656507 0.163247727660176 -0.116221993074259
0.0982628921082085 -0.0192418458593349 0.203102936477466 -0.0729659928573077
0.107833135559931 -0.00801292191236107 0.269096524790165 -0.00496996290668024
0.121212806632166 0.0316949793666412 0.285347858833211 0.099028930847772
0.108010083414894 0.0792215045475959 0.250605110068097 0.213166873991261
0.0929988377873697 0.140892301719212 0.0959809698335815 0.248711649280426
0.0230620707433255 0.191036640842462 -0.0229825900954949 0.151026589082308
-0.0963417568222682 0.192492592531629 -0.00661628945553551 -0.050583361972361
-0.148460442693907 0.160316121916939 0.201327325984381 -0.275197919643318
0.0665127458841875 -1.04787215228861E-05 -0.193030594926189 0.336927687449499
0.0450409384487826 -0.0686472871972103 0.00845425437778531 0.1183509573287
-0.000619098488510415 -0.0864080853717761 0.0198383159851294 -0.152262238516032
-0.0323004043501296 -0.0455855819209543 -0.0850061260727032 -0.271408515179848
-0.0170480410354295 -0.0366295923207733 -0.259984448967663 -0.257865865595388
-0.014407918830806 -0.0321388404492083 -0.34052799561708 -0.108112792029572
-0.0296669087753177 -0.0215553758425153 -0.316215715884773 0.0229334568526507
-0.023652937679677 -0.025512838837365 -0.260306141555689 0.104267047701595
-0.0244507603490804 -0.0448352260022048 -0.185907999522798 0.158656075838586
-0.0026855582675951 -0.0596446814510415 -0.14380908974375 0.202624719049865
0.0156728633909187 -0.0530424576717798 -0.107207655952962 0.212449556335424
0.0291004797241989 -0.0535086510225001 -0.0803778324907227 0.258316110232414
0.0338143138790618 -0.0550970866322903 -0.0871015549234779 0.325343799935463
0.0705988439136615 -0.0251338119071037 -0.0616962305830204 0.358836383131437
0.0748695637647118 0.0215530908335146 -0.0205529383537837 0.380151158889166
0.0290735403708647 0.147085803238228 -0.222886282774665 0.269205090240642
0.01513954982367 0.0801431270130187 -0.00543676531085116 0.0691132156797158
0.025863365848193 0.0593189042927618 -0.00530747048319572 -0.197303214606151
0.0441378404351911 0.0710284143601208 -0.102680753726039 -0.300290969378631
0.0840768958638162 0.0342776022315123 -0.265190580750799 -0.27086931293349
0.0960509194057476 -0.0148618138923777 -0.3386516071149 -0.122291358379947
0.0747718084991252 -0.0517908937557207 -0.305802413200248 0.00541085362920806
0.0606994418183714 -0.0679966168264592 -0.246971376886429 0.0831756224637168
0.0632756502888516 -0.102243904855349 -0.166037831890039 0.137479614460413
0.108073791539626 -0.095225952349902 -0.112945244988855 0.183907171853372
0.135843683451581 -0.0531105553101091 -0.0718020828644055 0.205077586030117
0.164258264291209 0.00424330791586745 -0.0587307642852345 0.260906354277747
0.134319682423714 0.067303112460131 -0.0836321428177887 0.313322699433282
0.0980299151629469 0.136886743701872 -0.0502219810119218 0.311572511666115
0.0583407007543201 0.203091270423811 0.000437160401449664 0.317341402310365
-0.0161956337349862 0.277472558111592 -0.210802287465541 0.160265618999302
-0.0183886760992854 0.23295427179507 0.0165929811383079 -0.0102470568017624
0.057632973920803 0.214323529777887 -0.00944572128964391 -0.263617263298862
0.131333266665365 0.186675005253998 -0.117369188318891 -0.33366724137071
0.186557816729639 0.0966380959515386 -0.258793138060614 -0.266805837353197
0.198965928540405 0.0020094239781519 -0.306059319855308 -0.123932009904163
0.169638050078716 -0.0764382231348525 -0.258856869570102 -0.0125518509774245
0.135665738231955 -0.101763045741958 -0.198251684358744 0.0507496929843951
0.136837337753396 -0.145225860804665 -0.117803593707849 0.0984190276755157
0.196007392046528 -0.120729241851172 -0.055502728885007 0.146670210481051
0.230106285620557 -0.0565177056687843 -0.00958646724237974 0.184123276999715
0.275270647050802 0.0418639530833581 -0.0179137273972893 0.26036032096699
0.224294926884276 0.161113377109413 -0.0773095564546146 0.298977540167059
0.123261802317976 0.268444503831011 -0.055756668938828 0.248550568256404
0.038550082894729 0.351031492513418 0.0170686892517549 0.210118962099405
-0.0540851195789943 0.370792252290153 -0.166252881383892 0.0229621031425605
-0.036160920288637 0.3643075729162 0.0564005104143289 -0.114375153311173
0.105293184299145 0.350281248512196 -0.0024362133417398 -0.331680468236348
0.228048022786946 0.274304570404315 -0.12338776288403 -0.356557048766341
0.277886578675846 0.132335011020334 -0.227840689161966 -0.246873843503933
0.278252970848687 0.00760159384560291 -0.241496563132338 -0.11823831974099
0.23790428556761 -0.0954061208949887 -0.178248940448346 -0.0327608157880174
0.188870673542464 -0.121346725625316 -0.122137630218474 0.0111276432580457
0.190107336470432 -0.161393673736813 -0.0471027558742194 0.050049715801595
0.256512729238416 -0.122074098363593 0.0172415060883471 0.0976126874481423
0.289380808218399 -0.0420786272188369 0.0653746921438081 0.154290190469827
0.337918908328463 0.0801150503082651 0.0299304085397545 0.250770436798624
0.275027077291479 0.230110945336184 -0.0702797601150407 0.277088070714224
0.12488859016902 0.357826255376815 -0.072739835041772 0.174945043161887
0.0074441820768576 0.443532065760763 0.0317576907299433 0.0783993996298454
-0.0765294792333287 0.408938937919654 -0.105906630118478 -0.12998715885857
-0.037405263112329 0.438773530993341 0.0871530912962046 -0.232279682764652
0.148331119751257 0.427030251442315 0.0064695390503516 -0.382407813371329
0.299649075996134 0.312787795152338 -0.108630337953934 -0.355256075829674
0.331547611235861 0.135709504961746 -0.164293361985126 -0.217541485027103
0.314937023952691 0.00338450564246936 -0.147196384593149 -0.117674841771483
0.266959453983692 -0.104324518647627 -0.0782424430276867 -0.0590253998181805
0.212479743999516 -0.120935734630743 -0.0297354118088631 -0.0297584823824738
0.218434201236359 -0.147317918136937 0.0394808501189828 0.00435755455494425
0.282607295065313 -0.0922435621125478 0.0992230171373477 0.0551079367195609
0.30641777670929 -0.000428350231985491 0.140088198218137 0.130864863795288
0.342520160278304 0.130240331774542 0.0715331877798261 0.237735219380636
0.265572754661767 0.280194604346256 -0.0641208764590294 0.243827346794991
0.0855882926967153 0.398827934307685 -0.0862436545736577 0.0969049051181202
-0.0420803487012933 0.469333618170356 0.0540209242080684 -0.0570428621596721
-0.0802576181484054 0.376786172918122 -0.0478794701664992 -0.271754817883069
-0.0299202282696625 0.429848261158908 0.0951788374586982 -0.339893729259472
0.162145550014689 0.418183136730723 0.0143153018588305 -0.400931831700607
0.308178553746158 0.287322032279813 -0.075567478185932 -0.329296252902792
0.318988903140502 0.112307853021485 -0.0771514734874639 -0.189954529208732
0.295621002550818 -0.0035483687229676 -0.0390404945104502 -0.126650612042324
0.25115131358321 -0.0967941565071713 0.0237825000234366 -0.0885215984059662
0.203349505883871 -0.103425186992828 0.0654586470596259 -0.064242425634378
0.214582518348029 -0.109850400760345 0.1318235961699 -0.0262041204849645
0.268540618235235 -0.0420972647367178 0.183121989098253 0.0352893732260555
0.27714975391668 0.0512021870933345 0.20752274008807 0.129231868615375
0.288621554481059 0.17609747889083 0.100675365775525 0.231109617666242
0.201200105272029 0.302026427084169 -0.0534765747731676 0.206111742485479
0.0175344519470599 0.385901249739081 -0.0813765558247494 0.0239996687769695
-0.0953480207285905 0.424692620766538 0.0900004586879077 -0.175072068176636
-0.075507385923803 0.277590869000596 -0.00220594893026621 -0.375359337066791
-0.0261116942507975 0.335644513323 0.0804560947264008 -0.410821230125831
0.134190603231617 0.325770254297864 0.0235528462680026 -0.385417164164393
0.244550926792451 0.212046027930949 -0.0306291146689108 -0.291476152540344
0.239692547769962 0.0770310019135351 0.00898430979456566 -0.173889173014357
0.222458214484701 -0.00172837762237525 0.0556252131043053 -0.146776997014097
0.195818673643857 -0.069634272640764 0.108599115897387 -0.117569729849876
0.163802476017108 -0.0701403796687645 0.148762979589051 -0.0866402224601641
0.178474639772263 -0.060973606116831 0.216677050713625 -0.0361921255556263
0.213491761267603 0.00222199518213454 0.25514108852132 0.0466314962652313
0.208383879914193 0.0838804965704018 0.253317461958621 0.15732003527521
0.198018547187711 0.184763395254248 0.116166380566996 0.236999368832569
0.112766650942144 0.274043628919146 -0.0360183670772504 0.173575482319761
-0.0513376832962872 0.317089756882687 -0.0522307469758302 -0.0276998546444436
-0.133707242573004 0.320540235127858 0.138121959896224 -0.259054288974047
-0.0729758558147532 0.12894637658806 0.028252889502523 -0.420360737007607
-0.0398696151182488 0.185057378182464 0.0591438272252162 -0.430293014149872
0.0634456290290376 0.183098219282488 0.0439575823514415 -0.352804727765373
0.123213976460631 0.115061500259767 0.0157094154418613 -0.261601189623469
0.113903864383628 0.0476015656851293 0.0695778178333919 -0.176502463670773
0.115418186682136 0.01648833444472 0.114764597587512 -0.169731938585802
0.11407617308143 -0.0222046318430287 0.160754017494548 -0.136865184812541
0.0996386037488533 -0.0272610161373882 0.206571556392075 -0.0935636872627636
0.110508713020172 -0.0161268275894823 0.278337431415285 -0.0271994411240474
0.126723818225694 0.0230016226337329 0.304169328588452 0.0798228644545496
0.118702261621149 0.0729794467693272 0.275828284679105 0.199349474979562
0.107004021680404 0.136906369682541 0.119409065360669 0.251198646827279
0.0391529851108049 0.195966635124147 -0.0120790466676039 0.158614116264308
-0.0847236947880716 0.205235185043592 -0.0120548856106984 -0.0485232651217383
-0.138643153902685 0.176810623589951 0.186139248137038 -0.298504235155794
0.0678609397290565 -0.00590194679486126 -0.16150275263681 0.357404552774098
0.0395331362406213 -0.0734997215178279 0.0216033447928616 0.117975508650717
-0.00818472992823249 -0.088789550082116 0.00559737088097307 -0.153096854305564
-0.036601118775602 -0.0436195072168027 -0.111795034010342 -0.264450313239219
-0.0218284750521119 -0.0358505002513694 -0.289101584616408 -0.234589145476571
-0.0180680143045591 -0.0324186481253291 -0.353776997887494 -0.0746917323800525
-0.0296989469652108 -0.0194114978595732 -0.316719345028641 0.0556340084100268
-0.0250463289983314 -0.0239370973457426 -0.252696727168086 0.133410539474329
-0.0289102678035466 -0.0427904493972027 -0.172606496202257 0.17995467452099
-0.0083009255524794 -0.0599341488333677 -0.124497237493816 0.219679468176522
0.0103413953182141 -0.0551886266134166 -0.0869212872612841 0.226575023829513
0.0227795677111155 -0.0572556858159008 -0.0538496077790909 0.268675003723076
0.0292939677429676 -0.0576092609834821 -0.0548257639043972 0.336604539949519
0.0692816059897258 -0.0318249067398087 -0.028718076767555 0.367200450717842
0.0763052684495987 0.0153579852412365 0.0156283571303342 0.387540171374997
0.0436960616218103 0.145651677146667 -0.197580249522265 0.291116838340647
0.02470126457002 0.0795180515948457 0.00330907747216878 0.0693719441615538
0.0338900708915671 0.055261741187927 -0.0238798079319137 -0.195674331167818
0.0530758910011737 0.0653924457909093 -0.132550237184592 -0.29126790748256
0.0884116421468741 0.0242811616120167 -0.295189679724309 -0.246802742037481
0.0952683963828798 -0.0267981945565705 -0.353314782279352 -0.0890670969236545
0.0716040548030643 -0.0604604372464612 -0.308404473533834 0.0361554581514441
0.0550945556284912 -0.0749875330725683 -0.241768658081849 0.110719598456178
0.0528769964958139 -0.109335617998811 -0.154275250022561 0.156544127635238
0.0985790801031005 -0.107239240009177 -0.0956672369251867 0.197432439066001
0.132004522140659 -0.0675403799777494 -0.0524315798538202 0.214861053440099
0.164847994625195 -0.0132815225897939 -0.0322238790625611 0.269922828919227
0.143465669360333 0.0550354353598697 -0.0516861375274695 0.323338670185139
0.113588189881063 0.128900259668183 -0.020092823635712 0.319533990430495
0.0807325281936276 0.198437401712631 0.0295299811542845 0.321315474677925
0.00969221371562041 0.279920831022721 -0.19672743131604 0.181321466249299
0.00586277048624528 0.236666916590484 0.0175826417228316 -0.0125964938681458
0.0826982828869671 0.208035958334797 -0.0349676694452492 -0.261717808260636
0.154031942525171 0.172796438681548 -0.151587667415132 -0.323871862225764
0.199327645676831 0.0768732148974523 -0.288415599367808 -0.243168583151847
0.200650617237761 -0.0209105999257369 -0.321187441520775 -0.0931278002296275
0.164538135971763 -0.0949948707707702 -0.263896750145858 0.0126991720622901
0.127024373798199 -0.116310000900986 -0.195638682631259 0.0721986248258037
0.1215175952755 -0.159500973277763 -0.109007254262233 0.112207176222997
0.185756714589578 -0.143203360073601 -0.0417255416149033 0.152879622139396
0.227281336618152 -0.0811362087175038 0.00784368744373284 0.187814548771634
0.280556513642098 0.0126844902834348 0.0100208867902811 0.265040745259477
0.244449210198968 0.139177777730372 -0.046584205577636 0.308930891737634
0.153641804012497 0.258425793261669 -0.0323334563167656 0.256770036250989
0.0767636712739232 0.349599944858285 0.0370121049928667 0.211983042083331
-0.0173861859411186 0.378053494631891 -0.16610366578619 0.0383726872645962
0.000859628106389234 0.371609204470663 0.0458971237053786 -0.12122662473806
0.144464286834363 0.340272482984179 -0.0348226849475375 -0.33163483220652
0.26158277087087 0.250914095261803 -0.158653250527673 -0.345862030257967
0.296316952138841 0.102783850893086 -0.254987861234821 -0.22585994601911
0.281989937107277 -0.0235512512277959 -0.254156057972008 -0.0939532218586966
0.230652878045441 -0.121136974807282 -0.185291663216857 -0.0174818527152636
0.178382391490316 -0.141051455396469 -0.122775889016315 0.0234888551751855
0.173111807567663 -0.181668732061364 -0.0423143016271824 0.0566529384974736
0.245114142391306 -0.150878804668632 0.0273372100275132 0.0962336127657911
0.287861533651573 -0.0728882142841413 0.0789181371116131 0.150124397606636
0.349366235841474 0.0439126299677323 0.0569827276437153 0.250578832313856
0.302768910364874 0.204078901238192 -0.0410983499953084 0.285910947632353
0.164289141407291 0.348200282669605 -0.055758737332935 0.184887780340795
0.0561278165117387 0.445290492111506 0.0391200029191666 0.0777465057587952
-0.0366082190363971 0.418217636629147 -0.120365339311076 -0.122221030969109
0.00910050622742318 0.445682798366305 0.0651579453280684 -0.242519007108859
0.19679190715425 0.414144791876274 -0.0310991327506652 -0.383557935678636
0.336604349078615 0.282560228731894 -0.143819741831894 -0.346550502444827
0.350643069475801 0.10099101832661 -0.187781317468252 -0.202766033032866
0.318166051291804 -0.0317826469071996 -0.158735687541637 -0.102812804076697
0.259262230871917 -0.132422411900667 -0.0869836031314308 -0.0551587442563718
0.202194232986233 -0.143171561677646 -0.0326717189951394 -0.0280411625102482
0.202581316200096 -0.170518003194695 0.0404216428681692 0.000892809960276453
0.274988647141546 -0.123707817308073 0.104975682067981 0.0445100177357149
0.310417489998855 -0.0336690044362172 0.152272271313863 0.117971919014447
0.35844445552384 0.0939113761864611 0.0976962998332677 0.233156383639496
0.298982681324752 0.255096612667049 -0.0388217330096235 0.251995756771721
0.128823767636767 0.393900501986984 -0.0776836202726772 0.108343981873893
0.00995445726235141 0.47472298855164 0.0474690388549554 -0.0613326911240309
-0.0441835651260393 0.386591064594768 -0.0749039411139033 -0.270884769867784
0.0151849447442633 0.434652351445611 0.0611229426365796 -0.350927637284308
0.209117839429517 0.402666259843103 -0.0254448553730253 -0.402418319937134
0.3430517568885 0.256633255366048 -0.107788087354716 -0.323356979872165
0.336030880453094 0.0798826711065505 -0.096431761968871 -0.18364212557474
0.297706269256869 -0.0356040295216903 -0.0507934623318028 -0.123372335478734
0.243699425410266 -0.123655524968482 0.013798465632692 -0.0965098874360854
0.194073103560224 -0.124419210670038 0.0598604257161887 -0.0731800242246327
0.203450118588142 -0.131954390552741 0.130439504526243 -0.0394865868915513
0.266030949470037 -0.0720369091136481 0.187375898234712 0.0162075871586287
0.286072913250065 0.0215605492554856 0.219752409068411 0.108754020806867
0.308206164053251 0.145315758857025 0.126945836488704 0.224069967968903
0.235365981432866 0.283332982301487 -0.0325951338720184 0.212902431055732
0.0573607926042028 0.386466638303925 -0.0791474625932989 0.0356315822486634
-0.0477340166100608 0.435210194115431 0.0724717538274483 -0.184294916171824
-0.0489006775706754 0.286374624642695 -0.0390485101951495 -0.379909025775371
0.00817056461932012 0.340071390770662 0.0394928581319235 -0.421438772440594
0.169390818162905 0.313253872931904 -0.0144992200587981 -0.389154578516741
0.269877505012101 0.188077832619 -0.058085842405812 -0.28998103333836
0.25148908855211 0.0533561571949685 -0.00697512715125695 -0.177402230583385
0.224734265866426 -0.0249443732154787 0.0424685938777324 -0.153848796918384
0.189946146798562 -0.0897885452104879 0.0971313405863813 -0.134263702393093
0.156773663975352 -0.086476486219595 0.141764301165254 -0.104446258359777
0.171706149221864 -0.0794511817033149 0.215278810982393 -0.0585191571068147
0.214661153028582 -0.0200582434220347 0.261582626116341 0.0207175006914719
0.219706652749922 0.0622806263243238 0.269843757944483 0.131969353826681
0.218889453173275 0.163751090988912 0.142723932719458 0.227743265401583
0.142529427866745 0.263883259785742 -0.0187577200582975 0.179371612561353
-0.0191558352586702 0.323128043608285 -0.0561828417079455 -0.0197392160201345
-0.0979493015533615 0.334928847722146 0.113177873563563 -0.273309052239314
-0.0599875546595873 0.136544549462061 -0.0115210985970153 -0.42877938012794
-0.0209735037700322 0.18980302646688 0.0147989981747305 -0.43740199335805
0.0831874616889606 0.178164225651132 0.00845269056566667 -0.358741825113454
0.137775334610501 0.104189861354645 -0.00867109721396868 -0.263922352166331
0.120391319274189 0.0379062445577887 0.0546881886653392 -0.185115994218638
0.11801302384363 0.00469967768326615 0.098877602930267 -0.18350061873643
0.112372934528985 -0.0337546129820736 0.148275860727192 -0.158985126461918
0.096135594386287 -0.0367670140243091 0.200717921460878 -0.117736819349278
0.108504266357133 -0.0273407642660209 0.278681858616167 -0.0568906596923306
0.12925419913863 0.0103290561494324 0.315164451637011 0.0487330184265675
0.127292703991672 0.0612514270740538 0.297344741412146 0.173163643366679
0.120935987225186 0.12582077733155 0.147049394723239 0.241827731227789
0.0592181860257956 0.192892405274816 0.00355016163215714 0.161006157001241
-0.0652607852843512 0.215023678812025 -0.0174013012084277 -0.0445019202529831
-0.118954832047 0.191338792672392 0.157268277929567 -0.317809819026327
0.0664804666959342 -0.0115931887758244 -0.124746641301026 0.358934196900131
0.0329575794566054 -0.0743645698328695 0.0325735142884988 0.111657272351977
-0.0165825476671935 -0.086723661045666 -0.00659205932671243 -0.147717331846632
-0.0392566954927834 -0.0401663731785891 -0.131354555943869 -0.246227467171847
-0.0253630531462423 -0.033061305547852 -0.301273379083155 -0.202060821174023
-0.0207910501044832 -0.0314122692649969 -0.350277098773384 -0.041172604048388
-0.0291908314916509 -0.0173820021737463 -0.302296966095102 0.0849268867459783
-0.0253760107419136 -0.0212383713984696 -0.23383782435833 0.154506932937056
-0.0309389839575503 -0.038402684153342 -0.152259076176713 0.191755959648339
-0.0138851401457732 -0.056904060053961 -0.101775443425561 0.225803844195204
0.00456668045146111 -0.0542397882429923 -0.0636783969767662 0.228559928251168
0.0156849270419925 -0.0575280972857854 -0.0279988347866109 0.264329955727379
0.023732633302688 -0.0574310516820576 -0.0215632174551573 0.3297811823977
0.0652332365181256 -0.0366615857870454 0.00403809500126128 0.35756016610814
0.0744796179196679 0.0087146931967624 0.048914203729871 0.376484860387034
0.0557590314574827 0.137439155314187 -0.165787766295623 0.29841807893732
0.0313070510395551 0.075754788777791 0.0106662746027351 0.0658240184648731
0.0387861894468497 0.0490075822994474 -0.0391672084810848 -0.185300993042547
0.0586350184750675 0.0565156424425746 -0.153583052859183 -0.269876901119646
0.0885131863439595 0.0139393880790898 -0.309098162201902 -0.212821639240403
0.0894008797720161 -0.0367552535390879 -0.351155433909479 -0.0541920665177925
0.0657482507740925 -0.0669242899437211 -0.296677984097147 0.06422018935294
0.047990569298743 -0.0781873676039846 -0.225078438266788 0.130968947591679
0.040594526995673 -0.109920293263418 -0.136359859304506 0.167294105760676
0.0859385093281483 -0.112802877003505 -0.0755232308909512 0.199554508455007
0.121919825488775 -0.0787741565557977 -0.0330065946548186 0.214744049095149
0.158017319189483 -0.0288218832898349 -0.0053564834434712 0.264140010162062
0.145734837528953 0.0404719227398135 -0.0198421610968479 0.317182065491909
0.123167508601924 0.11437659342244 0.00777260903566183 0.311408200348969
0.096282250432693 0.184644522691642 0.0569667517755973 0.311797064827699
0.034351683624444 0.271118840246743 -0.17520197944491 0.191670128158546
0.0271484708824323 0.229544980586836 0.0170020564110767 -0.0144921180431907
0.10085011214026 0.192316672327366 -0.0561736247868846 -0.248439564534218
0.167168167212066 0.150865628557238 -0.174489373438356 -0.299632200709303
0.202553534683949 0.0535937760676973 -0.301784065180709 -0.210015058188431
0.192859606211246 -0.0409860322382266 -0.318678716813165 -0.060587835295994
0.151822955174698 -0.109132025365991 -0.256052816778284 0.0354665436423955
0.113866952298503 -0.124617221861953 -0.184672759236302 0.0881712802465615
0.102518896883285 -0.164868419836209 -0.0961763800731404 0.119717637070905
0.166816288555183 -0.156258303670748 -0.0277335862167374 0.151752017797966
0.213902005336715 -0.100725452933954 0.0229493699857322 0.182678773660483
0.272005427463063 -0.0149669848538182 0.0356137833806927 0.2556835835269
0.252012648176256 0.112773957440357 -0.0169109446794989 0.303183831187837
0.174074496507678 0.236054109624304 -0.00858515707127057 0.253921830234021
0.107634674053309 0.329250802101988 0.0531541298630416 0.204680308056296
0.0153865130648956 0.368254451301752 -0.15788581255459 0.0506918470308425
0.0362900758529279 0.360217145223404 0.0343316709292901 -0.121562121147057
0.173312643409306 0.314941026435809 -0.0621504455841685 -0.315716653143182
0.278605723924399 0.217789259771519 -0.182472181289683 -0.320774769864918
0.299500518680587 0.0702556046664449 -0.267888734082458 -0.19556572367598
0.271653898002109 -0.0512535479167868 -0.254128212556488 -0.0673849486507947
0.213269561984651 -0.139770969663094 -0.183335410699669 -0.00188350444363303
0.161022335561252 -0.153169455617394 -0.117280026118989 0.0339616752215633
0.149723025827569 -0.19074799888178 -0.0355556294210128 0.0589148772998273
0.223576940297172 -0.170294096719607 0.0332807028097427 0.0901691839426704
0.274414799329964 -0.0993071248693346 0.0885609725191016 0.139796262732699
0.34097842020355 0.00860782553157759 0.0806889679127578 0.237556596138363
0.314173761166693 0.168833136181368 -0.0132475342060087 0.279543964611193
0.19247622601928 0.321562953016615 -0.0377702598517679 0.186548315749151
0.0965839959303698 0.423629209811873 0.0434793072388778 0.0742886617377422
0.00133463170150081 0.408275557749335 -0.128942028179188 -0.108778558713756
0.049977127411953 0.431008895504436 0.0411401225412938 -0.24086011355584
0.23063392480635 0.380475395551095 -0.0631079079845421 -0.366006719549643
0.355782914933175 0.240301875797415 -0.168977834809251 -0.322214213702492
0.352005221470637 0.0633839866585554 -0.199153469856391 -0.179637245532692
0.306406926564274 -0.0618168962086836 -0.161966243003809 -0.0846758985318643
0.238752901941374 -0.153222911927618 -0.0913559431905139 -0.0477844311878841
0.183140835094483 -0.157319323276947 -0.0350085635690096 -0.0248607573969839
0.178983296389845 -0.183004051252565 0.0394908899479186 -0.00194003806177083
0.253990030442793 -0.145910210015892 0.104971815485614 0.0328890167067889
0.299318800955385 -0.0632801378342038 0.156259003294223 0.101440269586941
0.355503957661692 0.0558797848252668 0.118518926552486 0.217216709279173
0.315838278195605 0.219148516748759 -0.0148449717773879 0.247281828253512
0.162395813027099 0.368338375436166 -0.0657942319402189 0.113940970331172
0.0565688380422667 0.456124187263483 0.0395080705172062 -0.0615484990172162
-0.00759583471428934 0.377925494042888 -0.0975495510614489 -0.256713841565011
0.0542724060341895 0.419518108354845 0.028151189480715 -0.34395612626953
0.241423475437659 0.369106408690307 -0.0607945376068229 -0.384828284934357
0.358432563035027 0.2155776332165 -0.132532611984153 -0.303492856386058
0.335961167301243 0.0446078254287028 -0.109254320122102 -0.169536663024253
0.28601325663678 -0.0639175709818496 -0.0591735797670351 -0.115702754642581
0.224083867338474 -0.142577611293822 0.00234418780242455 -0.098138257407178
0.17719512344151 -0.137986706722329 0.0512953402846813 -0.07795454943254
0.183652694033057 -0.146118077568666 0.123446234678305 -0.0515404977653322
0.250129230595777 -0.0954250294555877 0.182323347748694 -0.00187683517455613
0.280571745132537 -0.00675552189316662 0.220624587328654 0.086004894185481
0.312166485444635 0.11078798662153 0.145220196037465 0.206102721170571
0.257073870031467 0.251382239724413 -0.0125928901930922 0.20912819535452
0.0916138798517616 0.368901131052737 -0.0735569478024134 0.0442411721759814
-0.00328269327170526 0.423302800141936 0.0525602460220462 -0.182198244003391
-0.0216453684180223 0.281849239438142 -0.0717963449392495 -0.365655620749325
0.0393069481251318 0.327854317971702 -0.000203953355008739 -0.408779983952693
0.195117256207673 0.286311641200943 -0.0485685113466946 -0.373618779531768
0.280785011599251 0.157332574861885 -0.0810343568720296 -0.275203133352456
0.2511743624119 0.028664210049953 -0.0216796445262397 -0.171510973067566
0.216514932724001 -0.0455010051977867 0.028270991693993 -0.154110006870117
0.175039688177239 -0.104248265954235 0.0802296866540344 -0.142988110550162
0.144091862512958 -0.0974931213032537 0.129002424090447 -0.116665365030974
0.158555091217963 -0.0920476622092155 0.204178276995507 -0.0776472106431861
0.205818206765674 -0.0398310814194043 0.255001584802437 -0.00494815812534473
0.220273747550455 0.0390550127820498 0.272676511923104 0.102949014671613
0.226600919831961 0.136713990905325 0.159741444639452 0.207967407043435
0.164199069297516 0.241996484755991 -0.00255197315783084 0.175575466691927
0.0108945815117754 0.314849733549719 -0.0559554023709231 -0.0108629147907585
-0.0616172071431832 0.33068710360293 0.0841023198046364 -0.272927390095546
-0.0454723880423891 0.137026401263433 -0.0492385945463375 -0.416956034232947
-0.00177780250509947 0.185405862792957 -0.0252253158008003 -0.423497929441998
0.0982826615392106 0.164740921891707 -0.0242593373307233 -0.347413248825087
0.144170048489916 0.089383453790925 -0.0319551976929867 -0.255130153828638
0.122118154621762 0.0264108894231996 0.0373693316142937 -0.184866617726983
0.1158661224944 -0.00643302599353939 0.0804378735598397 -0.18828009206028
0.104762719628881 -0.0420616986654936 0.129504946096079 -0.17144434472976
0.0890056674605526 -0.0437152202600829 0.184581615360977 -0.134784376912999
0.101773677320962 -0.0357525167320384 0.265563590759369 -0.0808791978578954
0.125346722853075 -0.00231870167447971 0.310241604556936 0.0184644480297065
0.130001506799703 0.0475396783315405 0.302903587295013 0.139999837962227
0.127879555298791 0.109826330021919 0.165204508401413 0.221718894705718
0.0750868657962146 0.180034133724794 0.0167639482931974 0.156689050675283
-0.0439841109578511 0.213219078204519 -0.0214388500099499 -0.0386197843248396
-0.095011191654606 0.195031525191576 0.123284341886362 -0.320185016357572
0.0639027870090255 -0.0135588555405584 -0.0423970490366297 0.358341408614104
0.0206447696592581 -0.0739953376049336 0.0566641006421729 0.0951521067360802
-0.0323424826858873 -0.0782627602448552 -0.0320107032003523 -0.142998024417043
-0.0492806235339621 -0.0295562220813954 -0.170844451928547 -0.212589762139108
-0.0347971631779714 -0.0210226732095276 -0.327522428669633 -0.136425911593955
-0.0259345900172437 -0.0222147676782723 -0.341672715142536 0.0239920542186511
-0.0276807449375006 -0.0101474124662202 -0.276736205710959 0.135249350267752
-0.0256855620286898 -0.0149363232945457 -0.194545765397149 0.19155723480215
-0.0331894928164239 -0.0293784698007492 -0.108278561835912 0.213873887421675
-0.0215643123027808 -0.0496155049015092 -0.0512566529430047 0.235419419405504
-0.00314545934462381 -0.0496735322321386 -0.0151811927599448 0.229404082481282
0.00456866779963322 -0.0530459774788057 0.024335643381439 0.253858100784196
0.0140386745403656 -0.0532641352222946 0.0453107700528311 0.314005560901787
0.0539007638570813 -0.0400179187602984 0.0720259647128613 0.334994551549407
0.073130337341924 0.00209311875860257 0.110360168347834 0.347717157351818
0.0743100828751874 0.125876164679387 -0.0943022544297588 0.317222900045502
0.04343593274636 0.0649396714602798 0.0256403710253309 0.0622738476673351
0.0405014160139786 0.0367644012862651 -0.06790278162207 -0.162390943319497
0.0575282085057052 0.0411523098387486 -0.193639472347171 -0.221553889518688
0.0787540088048086 0.00231587136560654 -0.327865655856664 -0.140648205397745
0.0767848804806785 -0.0457487830729664 -0.339180066685477 0.0114621332246016
0.05060735184251 -0.0723905826002949 -0.270794623923552 0.113933501020863
0.0345313939170454 -0.0793377445660108 -0.189144709543505 0.167606333582382
0.0220856310003585 -0.108672530889553 -0.0982176831056536 0.18962899548689
0.0631403704904836 -0.119781906142299 -0.0308415151552861 0.209112812714909
0.104038620319089 -0.0900672025581504 0.0108468974853431 0.211488626823296
0.143526328621046 -0.0496493731221783 0.04360552801081 0.249528980881305
0.142217982211839 0.0191995148333348 0.0450428254747232 0.30461147215731
0.134382496556493 0.0901111306556813 0.0637362479430279 0.291420821130611
0.121525640871705 0.1634140331265 0.10492657240966 0.285089720195064
0.0725413554725784 0.251710806976148 -0.126165998927165 0.226769431778882
0.0640179305881059 0.207472259669553 0.0142216533763584 -0.00859212785085464
0.120940224302533 0.157284862183718 -0.0940667500622221 -0.208098508725501
0.173744303378534 0.107570157463719 -0.216498641883619 -0.235559608717804
0.190958768815352 0.0189117106609453 -0.313463714135609 -0.136266590949399
0.17268980890768 -0.0674710214006526 -0.306167605239759 -0.00110757234454886
0.123308898720327 -0.126569338510516 -0.23266031067625 0.078417963881129
0.0890768293281124 -0.133182686873976 -0.157264472459519 0.119474936057441
0.0701678767693198 -0.170151832137764 -0.0683890703606469 0.137781740050044
0.130981873081632 -0.174695725575067 0.00514854988887782 0.15621269888984
0.186642135920821 -0.125057029182079 0.0560350688426006 0.170967664193649
0.254642913646857 -0.0554897234694471 0.0783590686009247 0.235161870682663
0.25207575812302 0.0697534044859743 0.0457179079536485 0.291960589340414
0.20227173125202 0.194295962160974 0.0356789112110171 0.23985995001461
0.155423508072367 0.2960781320238 0.0816288827500655 0.185532366768202
0.068220369766609 0.34254742420166 -0.138809062312517 0.0960559974069726
0.0916926664762919 0.325451692630186 0.00918641151647896 -0.10789623276287
0.207255354982498 0.256925907500187 -0.109911679352723 -0.259923567198487
0.287880769905344 0.147732099634919 -0.224143888055246 -0.245934057480321
0.284305072598691 0.0168594344233347 -0.272048784020373 -0.1278797700535
0.245265315715093 -0.0912180460458008 -0.241277786221606 -0.0195164465815959
0.174693010754272 -0.166214174770458 -0.166261919538746 0.0283078752533386
0.128363241326591 -0.167161822260236 -0.103674458395467 0.0547054105058318
0.109110723117771 -0.202739901151264 -0.0225290542012744 0.068777231627262
0.182420429793731 -0.198324692257387 0.0510768492446069 0.0865236615176322
0.244627236677794 -0.133492508287152 0.109043125553904 0.116797173045019
0.32437838961946 -0.0458981995806398 0.116587674736503 0.209900433952077
0.319742100410991 0.110910927002342 0.0434551598557328 0.272383875087735
0.234209747414939 0.268708862358033 -0.00639065658655685 0.18315147883182
0.160094998946876 0.382984483569905 0.0491277970114986 0.0637244130562025
0.0599014426421032 0.378811267933157 -0.14304875262094 -0.05667776129961
0.114545510050919 0.387248534316773 -0.00766611735372599 -0.217549234105839
0.268971387810887 0.307855968101137 -0.118594884304468 -0.301813571623024
0.362228800394869 0.155167342091263 -0.207089595493999 -0.245919047632827
0.33291332357851 0.000186890196931633 -0.199401803079981 -0.12641601643077
0.275566722267012 -0.108113366912478 -0.154612668112538 -0.0549731629290125
0.195080672677215 -0.182939970872226 -0.08480332373184 -0.0329876496989725
0.148228515845811 -0.17514226027079 -0.0353547964988431 -0.0175941897544053
0.137985111816564 -0.200472743579063 0.0371734457683459 -0.00473818112138343
0.215266904259534 -0.18081776551256 0.106996670259047 0.0176284709714702
0.273354912496691 -0.103726317563546 0.165181479156569 0.0675954843129732
0.346349884110781 -0.00386325362716448 0.146957525718416 0.182941517091504
0.327543648063022 0.15668852442784 0.03516988767717 0.241904337667893
0.213783990476275 0.316990872061224 -0.046778947575131 0.120602775153002
0.126220158215777 0.418330803146262 0.0212416819234948 -0.0632053585213002
0.0453042842565642 0.349689155569828 -0.144251122715628 -0.203138931209217
0.115990706179751 0.375130645137998 -0.0407334895570126 -0.312933692950694
0.277499050017905 0.295177913198555 -0.118793907909184 -0.321804948348545
0.361145894649984 0.132834066230631 -0.167250311908345 -0.235553591316901
0.315378153359151 -0.0153761134551272 -0.11307373172892 -0.135445650617502
0.256486165204541 -0.106983962138166 -0.0636370568985072 -0.103354279782425
0.18271586068244 -0.170500113786346 -0.00454159308793396 -0.0989177837558236
0.145547921907184 -0.155655320976525 0.036564382760461 -0.0843863711596145
0.147903067354575 -0.166908009334598 0.107925479031514 -0.0684435562517844
0.220252765935405 -0.132862379981417 0.172334535418979 -0.0311714025395977
0.265421623729692 -0.0489121118898384 0.222859731151433 0.0390608330202699
0.315083466098792 0.054938309369416 0.170043273698203 0.165514987961008
0.276351530946782 0.195212723424162 0.0280913459327066 0.206127850661741
0.146766927557662 0.327932546648192 -0.0673132707353411 0.0559441717871919
0.0637713344461 0.394585945912287 0.0125534388993739 -0.179885188514787
0.017307518642944 0.260283150616744 -0.14189275943381 -0.315546961307093
0.0851906360073198 0.293465356448072 -0.0809949375091002 -0.371357666750935
0.221356876142646 0.227758936530477 -0.107878507589112 -0.319047418028511
0.28025882616054 0.0922622852656384 -0.116524187473307 -0.225515145288799
0.234366486378381 -0.0170222578317162 -0.0358581731838263 -0.156009889267
0.193860576358333 -0.0789983201747262 0.00843649965608594 -0.155604846667419
0.143543269791866 -0.12728949915949 0.0598247075524992 -0.155415150492786
0.119384609224256 -0.113884567745928 0.102984786839171 -0.13544438625803
0.132492336922602 -0.113811296955014 0.179105164015666 -0.11029786393588
0.18779336322381 -0.0732947897604891 0.24050794986773 -0.0497977628616005
0.21562159712658 0.00330805147606517 0.274922242796986 0.0443095323366829
0.238228222579023 0.0940469054145113 0.186394016689452 0.163515464657035
0.188435169290301 0.200259469203124 0.0301595284568751 0.172095964217593
0.0625581015360851 0.291350099980528 -0.0595952335030575 -0.000314956597789396
-0.00495520927729262 0.315403710950984 0.0274988488072435 -0.270509112804251
-0.0268089765235802 0.12861026448288 -0.131016737313988 -0.375029493764712
0.0226794457241768 0.169402938532768 -0.108048563100844 -0.386550374314676
0.11256040458975 0.132045411506941 -0.084626472605651 -0.309210256764063
0.144356373713369 0.0550132775347347 -0.0717537292276724 -0.224997949770479
0.114760000722764 0.00253723761939503 0.00913909726822271 -0.181117356746211
0.105659833052546 -0.0257984105513342 0.0467226138577003 -0.19586456390533
0.088506154648639 -0.058195639747475 0.0983406635930416 -0.191047065712145
0.076365894179791 -0.0553411885451581 0.152320548131732 -0.163940226030143
0.0900477686159706 -0.0520121561051555 0.238016083307426 -0.12734531477485
0.118853799169745 -0.0242946544596558 0.298789663055865 -0.0407523370330924
0.132267871994726 0.0251391043390131 0.312828040623674 0.0727709396568878
0.14082972592767 0.0851829081906967 0.194988043875011 0.175551704698369
0.0964390952083162 0.156724284354028 0.0439812950657187 0.148460195200758
-0.00613032350232746 0.20562942787126 -0.0302901608510223 -0.0330335539322845
-0.0576893409957235 0.192088423969791 0.0579244524283738 -0.322149828912911
0.0626968667077009 -0.0148580398975098 -0.0356851030303889 0.345992775269664
0.0192952935261631 -0.0715164984669909 0.0579558447403223 0.0899230081001813
-0.0328521359910868 -0.075504807468138 -0.0306682806764631 -0.137812938760376
-0.0483775902174482 -0.0279914183055885 -0.168069957302269 -0.202602348029249
-0.0347057427009568 -0.019390626811665 -0.319561970804211 -0.126530982144316
-0.0262078785868753 -0.0212460484432776 -0.330553249203473 0.028209723539076
-0.0263530983621781 -0.0106030697673687 -0.263265168814933 0.137862720441363
-0.0242927400978135 -0.0146550220169528 -0.184902114642148 0.191899799694455
-0.0315393777697418 -0.0275279559959982 -0.101874803694805 0.211475094098372
-0.0211210632545187 -0.0473290257958754 -0.0446355682191991 0.230526718351174
-0.00431733078403957 -0.0478471774036196 -0.0103186815231483 0.223679940784156
0.00339636545682305 -0.0509590477368236 0.0271875686598735 0.243707120045624
0.0137996339528166 -0.0509020629281022 0.049535202447658 0.30134646565426
0.0512723588752142 -0.0391167717962015 0.074890535055264 0.322759211998126
0.0695854228517177 0.00230945506758948 0.111623717080592 0.336944071152278
0.0752009880514898 0.120142695923743 -0.087140035470318 0.308391517553496
0.0441869277301284 0.0629199178759905 0.0266555199053442 0.0586260178082853
0.0405196243681865 0.0338645319765638 -0.065956796137295 -0.155767408708393
0.0575164697715148 0.036560319019617 -0.190343706849686 -0.211026525644156
0.0769521826383877 -0.000679622462360934 -0.320623482479311 -0.130074305344561
0.0723144607843476 -0.0471005013801075 -0.328395549079844 0.0167412684656676
0.0482242142356022 -0.0725578942601531 -0.259902123413933 0.116032255882448
0.033029121540409 -0.0782588209160089 -0.180732332514258 0.168228437194768
0.0201796718599438 -0.104623654193795 -0.0922304964930668 0.186542198699926
0.0591265506310435 -0.117502118005586 -0.0273205113406306 0.20402161459216
0.098848791543661 -0.0900232256611188 0.0133922363055574 0.205239406464288
0.137548109877115 -0.0508219938435955 0.046560937871782 0.23993271623898
0.140000888901705 0.0155491491486684 0.0489695222213584 0.292470234273344
0.131732090625439 0.0842798615908076 0.0670230051947616 0.281050493311377
0.120135503012548 0.155190312542232 0.106092145575646 0.276960833087736
0.0754124909873384 0.242549139659087 -0.118695830781086 0.221659569518842
0.0663329773998098 0.200355540455964 0.0150907278707902 -0.00928220892102088
0.121080048114512 0.148682248272024 -0.0916267980419126 -0.198321207775785
0.171838427967978 0.0986063298081178 -0.212397840422864 -0.224739091963012
0.186873548081663 0.0124835379057613 -0.305737657086106 -0.126186564291938
0.165850806228821 -0.070798924545691 -0.294545933503153 0.00406311723981174
0.116967077561325 -0.126167927008437 -0.224349788702443 0.0803065489234771
0.084615151897506 -0.131686545473354 -0.151197990016973 0.119888542308574
0.0654132463713269 -0.165131073302668 -0.0642971503302326 0.135668239100469
0.124155817431018 -0.172476503971478 0.00662838040010808 0.15173492859387
0.178907557681369 -0.125774497598013 0.056674143572043 0.16634597071796
0.244489811667475 -0.0599601117980627 0.0812257896818894 0.225096373475744
0.2474889653886 0.0608601612666756 0.0498500030304482 0.281306473195234
0.19929325630704 0.182381482369289 0.0390732859228788 0.233257461384349
0.154925710134507 0.281665185693172 0.081726095294389 0.18037446374694
0.0729120908144106 0.329953939793938 -0.133337851902274 0.0968947239570627
0.0953678594385896 0.313602538854386 0.00822647469617662 -0.103644978481671
0.206483922390833 0.241952021472246 -0.108492885124516 -0.247865540009355
0.283329099419378 0.13511558461281 -0.219596593595482 -0.233749061538802
0.277038686309209 0.00756121499973872 -0.264644847247313 -0.119825114509629
0.235064300207542 -0.095070709782939 -0.232136542910194 -0.0158419804516622
0.164991435793649 -0.165334732270948 -0.162060961619779 0.0295547246220747
0.121790424089655 -0.165222219491087 -0.100286316662314 0.0550030122981489
0.102604049227267 -0.196666963932833 -0.0207288333465167 0.0670382714527582
0.17233720092045 -0.195585680539521 0.0498173516355392 0.0831532850778123
0.234582242919148 -0.135901122376861 0.106211998241671 0.112993147565073
0.312320298777399 -0.0508689631522408 0.11737553843457 0.199362720325945
0.313188383119468 0.0998252187307277 0.047886584818603 0.262824867230975
0.231712297036957 0.254747539842212 -0.00243910458773909 0.179183893456407
0.162084691353455 0.364470731396594 0.0474778412056521 0.0631852529320628
0.0650172731649513 0.365719676546042 -0.13965673119491 -0.0515279721260473
0.118758532252203 0.373060927764349 -0.0106195897279955 -0.208351482064043
0.268218939445542 0.289593295708652 -0.117593694891217 -0.287883187774359
0.35472039808145 0.140819049297276 -0.202915843039911 -0.233984278729027
0.324153886333658 -0.00898429117146892 -0.195085870389239 -0.119266054242581
0.264713159164058 -0.112024378869703 -0.149004609002616 -0.0516499780941306
0.18458162846209 -0.181615064355438 -0.0855247185098279 -0.0326171541971472
0.14072667642768 -0.172572767552705 -0.0358263579348256 -0.0170939546185056
0.12978465592894 -0.195109285692302 0.0359447130783382 -0.00576344406644726
0.204214996905701 -0.180559875836065 0.102378075414538 0.0157363103256436
0.263395183487122 -0.108474867673635 0.159298704652754 0.0634712772248868
0.334408566880189 -0.0115079889923575 0.147206641877645 0.172481552983513
0.320985393395222 0.14254351686499 0.0387323231961422 0.234472186465937
0.212527374560699 0.300660369224062 -0.0419047524922839 0.119981699620337
0.129994986042693 0.398089661212571 0.0188902542147678 -0.059061426818534
0.0513622477390139 0.337855713098181 -0.142621862960065 -0.193682044334787
0.119773580194318 0.360434938446254 -0.0441015568632706 -0.299001652614813
0.275232317059928 0.277530764130187 -0.118592089695469 -0.307016239090918
0.353532162830346 0.118924044301404 -0.164323045609592 -0.224954148973008
0.3065977438178 -0.0232540299891037 -0.110218349904996 -0.129955324875419
0.246577168550113 -0.11071606796656 -0.062492874629684 -0.100444255228308
0.172978498156874 -0.168536441968476 -0.00889568489161916 -0.0984332854325582
0.137862151345262 -0.153898921754975 0.0325773879300085 -0.084356198218288
0.139446281967646 -0.163464925992276 0.10274677457513 -0.0693983076942693
0.210123613667635 -0.133092892458285 0.165541088989837 -0.0332410657438688
0.256482649749657 -0.0548467199412438 0.213922886868474 0.0347278312319717
0.305370764625978 0.0457838243061981 0.169064500080652 0.155653258917152
0.272396921676906 0.181446730247867 0.0310221326111077 0.200267276695471
0.148079666757996 0.313658290625683 -0.0633121755575252 0.0574268543048379
0.0706454897319081 0.37683486545791 0.0082537693588189 -0.17243619170963
0.0221755705301734 0.251708949460322 -0.142510681198844 -0.303349265859963
0.0885388205566688 0.281902335372966 -0.0836409626234791 -0.354634751120904
0.219121427461499 0.213736223129119 -0.108745720776184 -0.304929867884046
0.275180576661095 0.0823759296814933 -0.115702927832246 -0.215440818299982
0.228772427226477 -0.0225867776849461 -0.0354017229242579 -0.151207958732043
0.185970930133904 -0.0815945099960082 0.00678787547772596 -0.152451624219145
0.135903659273732 -0.125806010869828 0.0528768992842882 -0.154804436351469
0.114007699635564 -0.112046204867716 0.096214955590831 -0.136388153554888
0.125543192508852 -0.111401602684569 0.170827208755174 -0.111653625937144
0.180250305340645 -0.0749017693983175 0.231598248704822 -0.0524605679835742
0.208618632029269 -0.00288803286132263 0.265876910795797 0.0381043806002444
0.232209887753176 0.0862675473954862 0.184374722952001 0.154533143461182
0.186780846804271 0.188736276151074 0.0321102988354405 0.167201430052285
0.0652392921012301 0.279761310432114 -0.0569152548144906 0.0030354978009419
0.00246152664260439 0.301767075703472 0.0211024421016671 -0.260025671651003
-0.0228434595158304 0.124384702248096 -0.132554234317192 -0.36208669679267
0.0257824437681584 0.162480256508342 -0.109809577059637 -0.36815614189364
0.112033761569123 0.124803823388683 -0.0874199232194811 -0.296582228925668
0.142336348141696 0.0496763885433205 -0.0719617293462234 -0.215733262201094
0.113002027955679 -0.000608763933309544 0.00706693070657464 -0.17678152842854
0.102102047652519 -0.0276584979729117 0.0423896638194787 -0.19227239976034
0.0839278847824556 -0.057151229674428 0.0899298169823717 -0.190077164168965
0.0729630186220046 -0.0545707296170557 0.14381556966557 -0.165435091302271
0.0851461184420956 -0.0511026109596998 0.226846687453382 -0.129420241628958
0.114145565754284 -0.0257563144453608 0.287696789589685 -0.0457306088956795
0.12875116507286 0.0209342920656905 0.302683775897083 0.0643756145882907
0.137845269034477 0.0790386277527545 0.192252082911551 0.165875775809882
0.0961491223990155 0.148846654729934 0.0445060100686558 0.143815330157325
-0.00175829765616992 0.198511925681158 -0.0294625715639701 -0.0293534851275521
-0.0499290697245795 0.184602441064174 0.0496078913080263 -0.311379574439482
0.0638336594776293 -0.0164766496485527 -0.0359522591240593 0.345609148072731
0.0197804470101802 -0.0717252799347236 0.0591647542878365 0.088030556205545
-0.0334429099146312 -0.0749213949127911 -0.0284299324215848 -0.137699476873538
-0.0482937636280518 -0.0283561427361139 -0.167557442490815 -0.203169855279586
-0.0346511848918835 -0.0189885527519122 -0.321743955208266 -0.12591882575214
-0.027087317435209 -0.0216635324117235 -0.331876426161525 0.0292106737076037
-0.0257638127103528 -0.0119916303059442 -0.2633137235483 0.139404173991507
-0.0237198379740468 -0.0151963011438759 -0.184693879067118 0.195530372003493
-0.0302429517954213 -0.0277881301411486 -0.101988014643067 0.214540566080521
-0.0205032171591544 -0.0471334413487426 -0.0448548494924594 0.232126319705164
-0.0046827847962336 -0.0475854133154902 -0.00976100995685869 0.223961158324421
0.00369081106697622 -0.050749884477078 0.0268668037999132 0.243198024245839
0.0154047723967406 -0.0511321410516659 0.0505553953015466 0.30087173628543
0.0511589448283819 -0.0390311348153663 0.0751763075733002 0.323581882911328
0.0686827810529818 0.00339128731945494 0.112051767850239 0.33954720783334
0.075597289712534 0.119185796094365 -0.0873970876160818 0.309459877495513
0.0451080662373728 0.0637724060260004 0.0283999535778272 0.0573695540681734
0.041625190706753 0.0330900509937406 -0.0637688004661115 -0.15602939308041
0.0581462065432642 0.035412737212751 -0.189859384349838 -0.211660239292797
0.0776833420651765 -0.00195530539239111 -0.322539212427635 -0.130685867218757
0.0717758218583721 -0.0490479491742187 -0.327638809205328 0.0176316188992523
0.048213823478504 -0.0744242299407753 -0.259484100984805 0.117268610562708
0.0339881931804724 -0.0795708037129104 -0.181030561656775 0.171409743241505
0.0209726471778264 -0.10489416353306 -0.0927473745241719 0.189606167103843
0.0590966825433314 -0.118493873324944 -0.0266153178947097 0.206363882901992
0.0982747195172297 -0.0907485772533509 0.0138016814398378 0.206243157743351
0.137089288451037 -0.0512890704126406 0.0468113434736988 0.238932168669283
0.142166077819318 0.0139852573939047 0.0501543515162484 0.29207308713011
0.131746207044966 0.0838478782071647 0.068050296872857 0.282301165224854
0.119534453462618 0.155860668003286 0.106008817810973 0.279682760981756
0.0772437526120501 0.24201142792763 -0.119412837142789 0.223478272797931
0.068023018761586 0.202234926544193 0.0165864801136314 -0.00993311385727151
0.12255973016256 0.146862970659232 -0.0895403448593522 -0.197989445519685
0.17328369497712 0.0955034880568268 -0.210986434523158 -0.22491877164325
0.18832074334752 0.00918061909465925 -0.307285104197213 -0.12650001776845
0.164670345803621 -0.0735633768967562 -0.294153565535958 0.00420345327260296
0.116829849041551 -0.128335863003942 -0.225404445171611 0.080860944569415
0.0850652363984076 -0.133432526101511 -0.152054483271121 0.122932552805146
0.0657643676186668 -0.165214273126269 -0.064456418873434 0.137135864864058
0.123248581236428 -0.173666840297613 0.0062081469745745 0.153298635186785
0.178767703402795 -0.128437089168681 0.0565498389723227 0.16718160372771
0.244377482413929 -0.0600734286790469 0.0821290017848547 0.223038259649964
0.24978655159571 0.0588183488504564 0.0512987019294271 0.280782195263593
0.200522612399934 0.181408053407569 0.0400995413562964 0.234695919154049
0.156014059798289 0.280742734089966 0.0818343571655549 0.182861702948589
0.0743362405645285 0.330030212204698 -0.133255731141585 0.0982899791961729
0.0974175171018823 0.315499506457871 0.0100653590711375 -0.103522679372693
0.208742550027757 0.24020415192484 -0.106075248409595 -0.247182421191066
0.285948223581115 0.1312467593294 -0.219052761530623 -0.233935217222576
0.279622958385252 0.0032584609644849 -0.265242454358692 -0.120163339022472
0.235018247081301 -0.0991538156669973 -0.231523779954309 -0.0162856378904623
0.164271704143221 -0.167240998193119 -0.164037180247094 0.0290568888935426
0.122363337089072 -0.167079411869537 -0.101436138857762 0.0560284582564396
0.102517902212821 -0.196660052005578 -0.0211412474382914 0.0673722473630899
0.171935494281597 -0.198030429805801 0.0487938236730662 0.0849153969447593
0.2341664509339 -0.13954710690266 0.106631586304145 0.114369660382283
0.311898114706358 -0.0521691228655808 0.119445033713208 0.197118665147359
0.316364986729465 0.0959834716358055 0.0485490584812936 0.26290166513843
0.233211952988695 0.253455590994373 -0.000154245570248276 0.180581563722391
0.163079138033978 0.362760959139745 0.0476917687079639 0.0660126806812475
0.0675873804322813 0.36632018016249 -0.139280937958846 -0.0493271169548549
0.121085301269416 0.373271737807132 -0.00909341552880434 -0.207613148747331
0.270689949180802 0.286331150968806 -0.11587906164896 -0.286401936946554
0.357880937222536 0.136197149470467 -0.201642817018105 -0.233383801179779
0.325975437731045 -0.0134768674084997 -0.194700386044215 -0.120190776900124
0.264486079248178 -0.116108471074046 -0.148035476760064 -0.0532815347790224
0.183881464166484 -0.182629002882963 -0.0879259119721772 -0.034132738623226
0.140666156231588 -0.174036576942509 -0.0378692018271838 -0.0179203453933215
0.129316088708851 -0.19465637227859 0.0352778183844412 -0.00689392326442024
0.203604379806992 -0.181822334259823 0.101880724976969 0.0166333741508805
0.263444933162443 -0.112285130411247 0.158617920408893 0.0647078316068704
0.335184205578448 -0.0137583861644821 0.149034523573712 0.170323251495715
0.324581600730695 0.140186020725364 0.0400447071965567 0.235389691822897
0.214702665054565 0.299367454375042 -0.0410200666156371 0.121698400895993
0.132432808882549 0.39615396918353 0.0181968543016416 -0.0572191411401281
0.0525579430617905 0.338080275525295 -0.142240815480317 -0.193121764790991
0.122595691511779 0.361081193049477 -0.0425828149494059 -0.296977405776574
0.277564834236328 0.273958965080354 -0.11737091392037 -0.305034642063145
0.356899517163566 0.114924323064811 -0.163684109176749 -0.223950972790588
0.307998193365455 -0.0275563833584681 -0.109809268670037 -0.131308658920366
0.246559782193452 -0.114161832553561 -0.0615204406552026 -0.102925720244976
0.172343998977013 -0.169516461349498 -0.0122842368358045 -0.101272291033915
0.137496991347286 -0.155084703456631 0.0310516303313266 -0.0867176084157531
0.138970161446092 -0.163025507554016 0.102007226600802 -0.0710403887341625
0.209879136140316 -0.135020051403468 0.164995680849047 -0.0330880360317773
0.257371866075909 -0.0587377671481958 0.213915689194973 0.0351996503005728
0.306549356758095 0.0439128879101355 0.17067764234939 0.154405393064745
0.274567783392377 0.178536189044484 0.0328738655873328 0.20163699991195
0.149792089881374 0.312423448926411 -0.0620535952772689 0.0597119747926286
0.0721619655548835 0.373372808141308 0.00721868844651856 -0.171114852843994
0.0241344357964345 0.251295565946401 -0.141249327988827 -0.304125613881236
0.0900940950152177 0.28073436885124 -0.0813341498153049 -0.352370376076186
0.221269608610699 0.211989854578612 -0.108108376424801 -0.303738638744813
0.277992625206186 0.0792369264058963 -0.114705219950141 -0.214928016470977
0.229940206899643 -0.0253712034631171 -0.0351024965225203 -0.152706903012177
0.186753172818775 -0.0841660275173181 0.007213686124818 -0.155062667875041
0.135293852022276 -0.126424324165232 0.0497930040612168 -0.158378697282458
0.113650478019832 -0.112881625451269 0.0944777931864687 -0.13997346382731
0.125774240505476 -0.111619598427905 0.170170643489913 -0.114198933773962
0.179400401861319 -0.0758593471911189 0.231797124014621 -0.05372419885911
0.209705473957765 -0.00524522799019704 0.265155787898048 0.0378937098071678
0.232734745771579 0.0844809272378708 0.18564380315275 0.153353934418307
0.187998498481992 0.18629463033753 0.0326896386366611 0.168467814959008
0.066578489192695 0.27969389244134 -0.055973271762499 0.00528285819059847
0.00433946053032035 0.299640692126942 0.0200541348289263 -0.259972379167054
-0.0214215760896498 0.124650335852175 -0.131632344435246 -0.36439063223041
0.0271900755544486 0.162037206918064 -0.10920968383237 -0.365095922706624
0.113721000346586 0.123247995332399 -0.087180803488889 -0.295690682355785
0.14433488797678 0.0475125466958807 -0.0714368122135735 -0.215266966220253
0.114456680971348 -0.0018979165227456 0.00849802006775303 -0.17864303749676
0.102976199009918 -0.0291179012983818 0.0419025885096492 -0.195414177695243
0.0831795362641846 -0.0570835605955802 0.0873262770777097 -0.194166143069836
0.0718404550856299 -0.054284601256819 0.142401926208839 -0.17024728658076
0.085198643142211 -0.0515749591392744 0.226405483805459 -0.131493342092545
0.113690914451718 -0.0256927435045378 0.288230338366671 -0.0466186502340589
0.129376518069745 0.0193286899259346 0.303152386422261 0.0633778877099457
0.13757149956095 0.0791979384990889 0.193767359835812 0.165390883390571
0.0962910105202702 0.14744177365672 0.0444191111497657 0.145740338049414
-0.00151374598620928 0.198553616362313 -0.028891963434937 -0.0277384646862411
-0.047717476603837 0.182527896500348 0.0484551479926318 -0.310387813477339
0.0656043066038195 -0.019366595848362 -0.0327296127738848 0.359449488613839
0.0200437864648062 -0.0746475224613118 0.0635457372267697 0.0882310489773188
-0.0364116241394069 -0.0773490388754118 -0.028428602688698 -0.144336960918125
-0.0505514134384333 -0.0286153797921637 -0.175467939520208 -0.209072468126627
-0.0359526371977851 -0.0200295152144009 -0.336605690475374 -0.125744890409185
-0.0291686183290915 -0.0218535692163848 -0.344783638286638 0.0345784145590937
-0.0264074295892596 -0.0139912183092272 -0.269798230957667 0.149521881775537
-0.0237104456120328 -0.0160282062186648 -0.188142943508994 0.210030533797693
-0.0299913842437064 -0.0291085068254859 -0.102878073643554 0.227218606023009
-0.0217534491095281 -0.0490581959607322 -0.0425436020929086 0.243721676246533
-0.00576577553602916 -0.0486582188054212 -0.00742432741439537 0.232694039545629
0.00347133898233706 -0.0525793847394678 0.0291580671910727 0.250864522466635
0.0161332852418399 -0.0538559606248443 0.0561165564330883 0.310259810483171
0.0523659165295009 -0.0397156176258957 0.0820763250026076 0.333285588629295
0.0707287112649926 0.00457682047318683 0.121566258310713 0.353432701275508
0.0808073576275921 0.121461904522361 -0.0868402960066061 0.323922826315444
0.0485235625653273 0.0658653072077702 0.0314661291895793 0.0574097586255159
0.0441255997358988 0.0329377252437449 -0.0647068450988925 -0.161043160596143
0.0616984638589627 0.0342314189526566 -0.199009271257248 -0.217689962246119
0.0815487821700902 -0.0049044945653264 -0.337473803051157 -0.131559474138601
0.0729858728893676 -0.0530010249625024 -0.340243490321843 0.0217150108578789
0.0491842904233233 -0.0795749328765604 -0.268013082560773 0.126853346804631
0.0349388216910325 -0.0844766317804298 -0.185628918499618 0.184162281754003
0.0213115682048435 -0.109578917352786 -0.0941252985326686 0.200560291583246
0.0604024854010666 -0.124334054261186 -0.0255190691089745 0.216158933235118
0.101017719871785 -0.0957385308368853 0.0166771564743695 0.21478452043869
0.142066457159194 -0.0554880363414082 0.0509023312254086 0.245241519467129
0.149091400508528 0.0113414703506927 0.0567485540869934 0.30146703147307
0.137666888474111 0.08557656695512 0.0752727354341615 0.291810626781659
0.126411089344334 0.160385627568859 0.113733948033101 0.291176327909875
0.082984085984396 0.249324450873908 -0.120146496886568 0.235280484701176
0.0750557611965002 0.209439979018602 0.018069967911297 -0.0108608660620085
0.130740277061645 0.148785603796367 -0.0919997829202992 -0.203654941123478
0.183245200203169 0.0936584501612474 -0.221201148635399 -0.230627597570373
0.196667292062397 0.00367520800465862 -0.322026297512093 -0.127861759452517
0.170025964343391 -0.0808759410523848 -0.305213067503471 0.00755899698207023
0.119243123456622 -0.136296639895776 -0.233840998957984 0.0874630097427936
0.0872965043096549 -0.141110896049654 -0.15655408055627 0.131785499901528
0.0665135467802235 -0.171896338010869 -0.0655554132209797 0.14529712737526
0.125633697403871 -0.183189893413721 0.00784844857811202 0.160956495376437
0.183274880223445 -0.136732491541973 0.0604969516985928 0.174532174532905
0.253298054330505 -0.0662134310088877 0.088404849601956 0.228383880426711
0.261665746578242 0.0549203260581857 0.0576272771308377 0.290407716019971
0.210409718449491 0.185710740555328 0.0462826383840801 0.243275969262944
0.165106361079026 0.288340587726453 0.0870968641458619 0.191644002028685
0.0824768616616909 0.340667356690737 -0.135752364122036 0.105450059944891
0.107593030434336 0.326625740917008 0.0104745947163577 -0.106818448787148
0.221413763710859 0.243166983740073 -0.110910170661146 -0.253719467194924
0.299337635048313 0.127998525316731 -0.229194301282042 -0.240021027490243
0.291604413997213 -0.00486964088936456 -0.276840710250566 -0.121498253660662
0.241288514711597 -0.109078774426218 -0.23996091944653 -0.0161345212028687
0.167994994286536 -0.176618265823338 -0.172131516072832 0.0319385668924316
0.124311840053376 -0.176230644316124 -0.10555612855249 0.060934811380767
0.103508201604424 -0.205100979731429 -0.021428639521173 0.0713164395028851
0.175044666947287 -0.208741587468955 0.0516892535120332 0.0890483476812071
0.241027299610387 -0.149977421176293 0.111156618058332 0.119060192573808
0.324534970747606 -0.0599237481161193 0.126680581139845 0.200909195105299
0.331210066646087 0.0926310193632914 0.0551900233036916 0.272247537021666
0.244542952848977 0.258986169729411 0.00399674390895984 0.189042323576549
0.174761682425663 0.371732665457258 0.0497375694631968 0.0703190150132216
0.0763163865496492 0.378402371358429 -0.142894311374422 -0.0491454350505881
0.132966323574778 0.387009849717316 -0.00945526140435763 -0.213115761231983
0.285925421943731 0.289964749819508 -0.121557484330567 -0.293762314111439
0.374855929099257 0.131940841688308 -0.211203591865327 -0.239360296875058
0.339314630947312 -0.0229697862879553 -0.203838435938625 -0.12320015638113
0.272280276783281 -0.127193710294034 -0.15345137070598 -0.0554542632474296
0.187556290936891 -0.192947879355597 -0.0954206104630857 -0.0363289802530904
0.143760258458644 -0.184142757743148 -0.0412051508745174 -0.0184698251478581
0.131507758015932 -0.203002896972754 0.0359655123801199 -0.00788351545304557
0.208339273471046 -0.193057469507825 0.105063656690297 0.0168645891033327
0.271446093736994 -0.122846077857109 0.165398466879459 0.0663012615177752
0.347968153434126 -0.0198813992472199 0.157421123995712 0.17268446424552
0.340045901218937 0.136956277475463 0.0459887308624275 0.244584229435427
0.22575078213677 0.307919151145381 -0.0387301224760288 0.128551583019388
0.143199413233863 0.406424861869032 0.0174543935068144 -0.057339830622232
0.0608161624781907 0.34950848977341 -0.148163907721898 -0.197955476495854
0.132883963966084 0.372498482534039 -0.0450345443514116 -0.3054722944288
0.292652036171161 0.278073415912587 -0.123322150420141 -0.31282749885858
0.373434550470464 0.110256072322087 -0.172016729516363 -0.230162528621118
0.320533964196097 -0.0361674362157909 -0.114697765434596 -0.136664282713677
0.253803138810877 -0.124259816013935 -0.0644005511766872 -0.108769344090636
0.176127330183628 -0.178158250155192 -0.0176036460364721 -0.107213093662185
0.140900578605 -0.163345952891547 0.0284957502412328 -0.0921617927733193
0.141989893481392 -0.170935175840746 0.104195045691204 -0.0762600960999471
0.214919794563792 -0.144309768687097 0.170269392003721 -0.0361619949459742
0.265463005496668 -0.0668289815656807 0.221536935475072 0.0340564969610911
0.319971159464461 0.0400264548194488 0.179767023177476 0.155696396480625
0.288398335948289 0.178381201940516 0.0374236757841713 0.210413055467044
0.159258273622398 0.322045111379223 -0.062248792332781 0.0648255298133607
0.0820154264318116 0.384273119896418 0.00452637812905841 -0.175442324519818
0.0298258022636785 0.2599984424084 -0.148808277881517 -0.31484080701188
0.0993711454435533 0.290132999904684 -0.0859887185469674 -0.362232329094886
0.232800338155731 0.213999402886908 -0.11408445433998 -0.311498490261193
0.291246343950401 0.0755159604596403 -0.120897229281932 -0.22103417834718
0.239824451206207 -0.0320517669278779 -0.0372239533653905 -0.159638122612946
0.192377456394805 -0.0923571594493647 0.00557015049971019 -0.163535407888997
0.13864987729504 -0.132088856290898 0.0457954519798281 -0.168333143431521
0.116066731697815 -0.118889985593116 0.0932840989756141 -0.149513274887086
0.128565131354667 -0.117420812186595 0.174077787533333 -0.122967562646431
0.184990819414988 -0.0819174889525583 0.23975955154923 -0.0593289110662693
0.218268813140146 -0.010706677363278 0.27442706369066 0.0359628424258175
0.243491280670779 0.0832663835835933 0.195763352492417 0.155472858024793
0.198570141451896 0.189133789691037 0.0368983156913756 0.175217777528207
0.0733705640564735 0.288795820293078 -0.0572666775895217 0.00785977626287138
0.0101982443698934 0.307928652375204 0.01666741052233 -0.268547567007558
-0.0196612443405291 0.12864050077522 -0.139754729385799 -0.378367773935146
0.0311303356877545 0.166280157660773 -0.114607255280246 -0.375204161683146
0.119772371120777 0.124489320616676 -0.0934522275723381 -0.303184182757483
0.151937981927499 0.0456388608244228 -0.0759104117490468 -0.222129923591013
0.119568307214037 -0.0043613881849401 0.00774131676131559 -0.187295482930316
0.106831067109228 -0.0329087212088499 0.0411901791945613 -0.205494775600139
0.0854295315220149 -0.0601110761462453 0.0854379473501779 -0.205633445978143
0.073568998311924 -0.0568725935065531 0.143311726039042 -0.18224011907642
0.0870339488932297 -0.0541313457950548 0.232712568037674 -0.14287538589548
0.116524430744486 -0.0280345112273145 0.299302093956684 -0.0539075302806322
0.134318051300234 0.0169694291036065 0.313988251677476 0.0619776971218952
0.144150623781675 0.0793925161099216 0.203589600074224 0.168958364746147
0.101972655769292 0.149941564192498 0.0488784111340531 0.151801432753779
0.00208351593997136 0.206441574106431 -0.0298466420001576 -0.0268478355615324
-0.0450162646362256 0.187524965337443 0.0448978985281153 -0.322090548466053
0.0672895804331956 -0.0252423195060868 -0.0167948642927453 0.380746751649169
0.017878646711515 -0.0799089917608746 0.0722617878588162 0.0873184740236244
-0.0421438459027793 -0.0796839337193131 -0.0349641126502874 -0.153224375539183
-0.0543359903050553 -0.0280757524971975 -0.195053405142302 -0.213030649847817
-0.0385632686254162 -0.0192099884043271 -0.36408703237493 -0.115056621570415
-0.03268547277929 -0.0218778895311389 -0.363787396025473 0.0540789737369996
-0.0284840950759803 -0.0148778734026619 -0.275906364688765 0.173248556776817
-0.0247394180390286 -0.0170461777754253 -0.185945732292583 0.23493860639164
-0.0325967482128764 -0.0303858694644376 -0.0966135776489861 0.250132191683292
-0.0246609626982083 -0.0507330401627583 -0.0320268267344367 0.261341157140184
-0.00875218094841195 -0.0499345902878928 0.00345355466041481 0.246873837272946
0.000891710170425948 -0.056068802386448 0.0415124059424766 0.263610020622775
0.0154734839924838 -0.0578974310627708 0.0759618821263347 0.322500629251039
0.0539598785387157 -0.0438434912887931 0.103562550504648 0.347027719324208
0.0752894085871595 0.0022706225791036 0.145584412279039 0.369682165011583
0.0901940472750314 0.122767116252975 -0.074231886296273 0.346549114185171
0.0562163284861432 0.0676503636877476 0.037223784289565 0.0572986509315592
0.0484572960022668 0.0316942642143229 -0.07372343106344 -0.168032559461402
0.0673989272376488 0.0313041126454016 -0.219337380907504 -0.220334463999755
0.0864578473013257 -0.0117784084473358 -0.364809753972418 -0.12093803850304
0.073264934184841 -0.0602425733023464 -0.359275028750883 0.0404308460537224
0.0474543718189895 -0.0884879829793062 -0.276140519561767 0.14793348899581
0.0335363984097311 -0.0926878313043101 -0.185151771896881 0.207955377522322
0.0180060323569504 -0.117061784949654 -0.0889870552022135 0.220228285955167
0.0572652839240602 -0.135223716202284 -0.0148913772080317 0.231560407587396
0.101098204983713 -0.106180285668242 0.0280214701741758 0.226459987728394
0.147611003121745 -0.0657986290453698 0.0657614798281541 0.255723351523835
0.159892284501497 0.00247957060244157 0.0754672081680627 0.313453880065242
0.150205683068586 0.0841092266631859 0.0949588481510836 0.304046622712996
0.141767298914323 0.16313544680642 0.135423146585559 0.304442800237673
0.100565365753205 0.257448291129729 -0.112520760006518 0.255734817535768
0.0917306946503795 0.218471237325416 0.0203126340892634 -0.0135391013344343
0.146560395175071 0.148886602806575 -0.104465560074863 -0.210054711816929
0.198628160381742 0.0866823227115765 -0.24421990190921 -0.233356595054364
0.209214621602521 -0.0105970965611459 -0.347933189975684 -0.117566344894115
0.173568890917649 -0.0960714873995077 -0.322296050235611 0.0217634979807504
0.118488788729955 -0.151606459786506 -0.24389953618838 0.10486764750676
0.0850969607194874 -0.155440748299769 -0.158055318295302 0.150673868080473
0.0619998315847061 -0.185635106500986 -0.0617676238557114 0.159365304590451
0.123028035657595 -0.200815558220304 0.0165783205771046 0.171171071632172
0.185913590893515 -0.155080239530305 0.0718281101324785 0.182917381955733
0.264253346053318 -0.0841280556222459 0.104489294866578 0.235220746916105
0.281115944869575 0.0408468460991617 0.0771964401505742 0.303349012662386
0.231005173786875 0.184974336804917 0.063136544756819 0.254609057752146
0.190248423105999 0.294918807652476 0.102503621596927 0.20021621267549
0.10457672400818 0.355386246246111 -0.135826950154857 0.118826125163851
0.132281023435245 0.340558828696294 0.00814294035467215 -0.113224488639026
0.248214145020593 0.243143296212062 -0.12568274017905 -0.261564667714425
0.323672507987869 0.115691301256622 -0.252665013172628 -0.242230588538831
0.308468588264539 -0.0254386433978404 -0.30084193397858 -0.115215688005268
0.248215265107649 -0.131148667917302 -0.253835341415247 -0.00615358350778655
0.167574366586553 -0.197032228361072 -0.182798544186847 0.0428946635292849
0.122635803140381 -0.194853962536038 -0.109813945504598 0.071397573708733
0.0993811763025841 -0.221764478247436 -0.0195741482452501 0.0774899443332844
0.173234862024983 -0.231720915478874 0.0586932188452626 0.0934304540185103
0.245534993160831 -0.172349326816862 0.122844853559675 0.121277815030759
0.340970889154585 -0.0815246109161989 0.144270583089282 0.202754918325107
0.355239913204643 0.0762805719281307 0.074417755897263 0.284626189878055
0.271850708029736 0.260155662279361 0.015910743567528 0.200404329498484
0.204578204375121 0.382596365227645 0.0568062012377775 0.0736226072239635
0.100597520817014 0.394513897268902 -0.150973264478958 -0.0431361020422508
0.162144075852732 0.401271387166026 -0.0176944955733931 -0.223851596025734
0.318243858936277 0.28864886870922 -0.139062961385438 -0.302256283345708
0.404230344720211 0.115423234281076 -0.234622555137061 -0.241851080059399
0.357243061464853 -0.0461267350848494 -0.222883449336884 -0.121279542500214
0.279219310750181 -0.15186142035317 -0.164735986828726 -0.0533704059704897
0.187879687584634 -0.214469644635938 -0.105675871788909 -0.0337842061275459
0.141691305974478 -0.20291309272525 -0.046749374683872 -0.0166550260448786
0.129015147195902 -0.221081056325755 0.0364098545020983 -0.00985679484961212
0.209050897003603 -0.215776896615178 0.112023173621398 0.0142145747600684
0.279808362861046 -0.145497410160499 0.177102881093479 0.0627666861557432
0.367868339257203 -0.0413615311913867 0.174888991167148 0.171635812061414
0.36676600886138 0.122984415500911 0.0624941471755136 0.256662597828351
0.254573722092433 0.312616296618464 -0.032181358614181 0.139118008764812
0.173696806038095 0.418694207716102 0.015280234476369 -0.0592487004046307
0.0835725668458683 0.365232511819475 -0.163555080035421 -0.202545203371667
0.162109696835553 0.385532179401424 -0.0593964507182239 -0.318828365573842
0.324497001183006 0.2748317388066 -0.142852458454642 -0.322448086183269
0.401069115038915 0.0927593134738029 -0.191704369095307 -0.233915958118387
0.337423295519134 -0.0590865615959345 -0.128371054930196 -0.140223286203705
0.260456477015214 -0.14757951406328 -0.0733748939977932 -0.114624673901774
0.177106248353666 -0.198371567356735 -0.0278404488313395 -0.11350366917758
0.139376265974337 -0.181133086841275 0.0221028789102099 -0.0990951215514338
0.141628399234214 -0.187453528746398 0.104510325527731 -0.0868537162301329
0.219076345400263 -0.164338313774708 0.177876275231397 -0.0465017433655979
0.277179307843978 -0.0867236598070132 0.235135429787265 0.0260846773050271
0.340320967414147 0.023667249890591 0.198517306186527 0.15346672194535
0.314533952556947 0.170047451592308 0.0518730131728595 0.221087722974697
0.185268033744256 0.331194325029805 -0.0606508289260567 0.0733958153850177
0.106734323011052 0.398302440024577 -0.00437158715189551 -0.183637378830501
0.0458623268289169 0.272132103462464 -0.1712014861436 -0.32693720738068
0.121038758492637 0.299821119044588 -0.105891311701528 -0.375315031245011
0.2576880918653 0.211289838304018 -0.134687442845918 -0.321215655923133
0.312569725352625 0.0608453082427215 -0.138256126947834 -0.226378704505285
0.251726663338619 -0.0492890300230597 -0.0467539678003696 -0.169323250905967
0.198110919637192 -0.109244341751577 -0.00267173223209079 -0.176270619078475
0.139235460241238 -0.146539074198863 0.0362594571304644 -0.182252994476421
0.115681511523694 -0.131399400831824 0.0872212833312267 -0.164943849854816
0.129424980730722 -0.129707700872043 0.176527773912848 -0.139850136290716
0.190338398484614 -0.0967292212431216 0.250290776400607 -0.0746138517617368
0.22969783749892 -0.0243691653975814 0.290364996406588 0.0248241973033735
0.262605858207059 0.0733842868268156 0.214851979834411 0.153139990018282
0.219273807973675 0.186340888491138 0.0493302084801748 0.185383227387598
0.0925559823682355 0.300378796947961 -0.0589542114108591 0.0135445628084409
0.028566263684534 0.321558550732836 0.00278716528018985 -0.283059162736716
-0.0127656316544302 0.135717257875876 -0.166343693358131 -0.395757976371909
0.0419230148493902 0.173102603627528 -0.136189455579249 -0.387969678700975
0.133623788716448 0.123891465752773 -0.112131416590023 -0.314320322077327
0.163778900559221 0.0376609616930076 -0.0905159216135977 -0.229967757354929
0.126977650752986 -0.0123831131323117 -0.000294214585309497 -0.200978406995595
0.111048159111188 -0.0414015374764928 0.032126092984725 -0.221591283610276
0.0871105070087584 -0.0673066202232821 0.0764035020624317 -0.225067922697932
0.0742618334989494 -0.0635352448413404 0.138057954165223 -0.202402625408832
0.0884487749892655 -0.0615218328230557 0.237014960427004 -0.163752526942183
0.121259368640588 -0.0356344319041688 0.313660872112134 -0.0730313086798232
0.142802958003178 0.0100009396329299 0.333917382683943 0.049207916743573
0.156235782886111 0.0747606263335398 0.223129304995945 0.167281896400166
0.114864748036185 0.152540485465072 0.0600434724922332 0.159664037409637
0.0125479192590239 0.216838704527803 -0.0318475579672592 -0.0240845134247078
-0.0362412381976076 0.198036760464414 0.0290363325856287 -0.340720949506716
0.0770979372161712 -0.0113628888155589 -0.0657705039537308 0.385593336423054
0.0312067300808635 -0.0786023587987828 0.0648006724507012 0.0949482706906044
-0.0332928841057834 -0.0867608393778191 -0.0162813712146561 -0.169029078199012
-0.0558232179953117 -0.0334490515181103 -0.177301347366227 -0.251614235289296
-0.0406730821004755 -0.0189429001136745 -0.368043956641325 -0.164465685765489
-0.0329730834923165 -0.0229285884196626 -0.388196895017161 0.0110083175957202
-0.0276903418520944 -0.0199522840947059 -0.311235342142834 0.14583546026662
-0.0217412263374626 -0.0204391096807058 -0.223912761891674 0.225105146626898
-0.0281982455744063 -0.0376573845450787 -0.130388041788486 0.254057056715234
-0.0174265560188876 -0.0548496486812212 -0.0629011930241625 0.269852403505895
5.72056620213417E-05 -0.0506637539270536 -0.0274860121683604 0.257687633769206
0.00706412796602951 -0.0550327763974017 0.00792631003501879 0.28165945734892
0.0251876917453429 -0.0543837172015181 0.0373093361948235 0.343004810573829
0.0622183151124725 -0.0296566204301343 0.0570286768993475 0.370201279767466
0.0827399804160891 0.0199226910054724 0.0922931822469515 0.406095919886812
0.0771283300893795 0.143189292255945 -0.119940455350341 0.349953047913404
0.049347026616489 0.0766442828336187 0.0340066419447265 0.0642170236773872
0.0424930133329022 0.038542358182368 -0.0484844772756107 -0.182514608831776
0.0591905771946892 0.0415847637492184 -0.195159351935654 -0.255775451329593
0.0861065997934728 0.00487862154211165 -0.361486703110604 -0.171946139308899
0.0814234505486987 -0.0485677676108964 -0.378304802191478 -0.00482247512161059
0.0601049102865709 -0.0846900855851204 -0.306271379543473 0.120223845228936
0.0509833790620939 -0.0894309355408195 -0.219032293779848 0.196079981520632
0.0373086978816008 -0.118907640209417 -0.117739551483183 0.225316846126715
0.0802730660290515 -0.130903315944599 -0.042396712517067 0.244479257100876
0.124101932853222 -0.0913810237881016 -0.00335016866387531 0.243207494468785
0.161936028833994 -0.0442486863644085 0.0268317083647776 0.279144516182776
0.164104930965221 0.0325066069823361 0.0354981056045672 0.332379659782833
0.142536241595455 0.116849457508202 0.0509296105309638 0.319979744674939
0.126911369821171 0.201525396981514 0.0908940372229874 0.327061623394394
0.0654537949835277 0.282250154993991 -0.146591214212323 0.257805485896065
0.0643624946837 0.23430661368901 0.027384288631871 -0.006010500099467
0.124425067567942 0.171406320444574 -0.068485009672763 -0.222717726370888
0.184405252836202 0.113364451021852 -0.211227677392639 -0.265756714999375
0.211103028722976 0.0230796819897007 -0.336451934590047 -0.169655758024089
0.190186621592121 -0.0723925343940503 -0.334581439987133 -0.0202041353770671
0.140822754558653 -0.139771504756687 -0.263065189709928 0.0785826261244408
0.114565880562118 -0.146351489665655 -0.184172362036619 0.138790845002908
0.0927031031001756 -0.182111841783405 -0.0825747652703412 0.166546547912699
0.157814974184201 -0.190229355153927 -0.00179636975155847 0.188617174654898
0.221561578483802 -0.128624602628043 0.0446584665881205 0.204678783563884
0.287228725821614 -0.0472747026195611 0.0641837198338896 0.265328050047678
0.284407834443748 0.09279417350125 0.0357319596383509 0.320595749698262
0.211084870509368 0.23443658297757 0.0224846206496045 0.26077262704806
0.156853445442411 0.349193278997638 0.0733565290304201 0.206576599084589
0.0535249790107355 0.380149901156622 -0.150116218802177 0.118845953847448
0.0864270066545307 0.36230828506028 0.0289845757546501 -0.105863189953879
0.212047462888605 0.280861460210372 -0.076890286968213 -0.27202934796465
0.307099502100519 0.159319985457373 -0.212492216169299 -0.270638393491822
0.314728484124588 0.0203031352292824 -0.281650446758053 -0.16190412969679
0.272183716297517 -0.0983389027349187 -0.256991043997466 -0.0429975053044004
0.19822996420881 -0.179328415467306 -0.19007216490484 0.0210148203084872
0.159911274437532 -0.180607131043728 -0.123742046246749 0.0622535360480842
0.136710521032655 -0.214577975770618 -0.0281943455479736 0.0855354362520002
0.215047688524988 -0.214704003652008 0.0513561512831386 0.113253710121507
0.286934901075947 -0.137222616428021 0.102941336276045 0.148438396489762
0.367187099241221 -0.0335212483871245 0.105147402002439 0.238230241182943
0.35559955814174 0.141841791838271 0.0333177326830394 0.300629708895474
0.241646763102547 0.317797426430445 -0.0205513452428265 0.195577746778087
0.156815467415772 0.44179047433207 0.0457825730638106 0.0634898293054626
0.0410976866285568 0.417580981872928 -0.144142689046517 -0.0490508274927267
0.106639278158058 0.428127117766931 0.0186020666827729 -0.221295872564644
0.276023415037655 0.336190216364913 -0.0809921850289676 -0.312007262368227
0.38696902868567 0.168828984271028 -0.187821174451005 -0.266253959145385
0.367988356031562 0.0034545819647471 -0.197248694288973 -0.161108162653427
0.307811340590014 -0.116846486283998 -0.157522434528387 -0.0818930051151717
0.222208559365299 -0.19507893218179 -0.0996718042539248 -0.0503461208206228
0.180614023597957 -0.187000553313632 -0.0480972358966912 -0.0223601859386798
0.166811803465811 -0.209447134825131 0.0395006888306811 0.000380328473762553
0.24891668630003 -0.194275726465964 0.114857213482839 0.0367666048081502
0.318737053016487 -0.104422173220551 0.164286902551661 0.0927866250682265
0.391470203906432 0.0119416651092001 0.138891507925001 0.209169857778623
0.358937074592892 0.191528955631764 0.0266168877904244 0.26955407042805
0.214375041896063 0.367642703731034 -0.0604445439140445 0.125552629296095
0.116097422082951 0.47354784070359 0.0247835852540122 -0.0820384931569043
0.0253339265808639 0.383600415863682 -0.136407537771791 -0.214723196487646
0.106694086499077 0.412334363003757 -0.0117268489153801 -0.324674084948086
0.282812539237912 0.323139420598154 -0.0833144103524117 -0.332518602837438
0.387656231906512 0.144668083793763 -0.144887413382645 -0.253150856697574
0.349117561923329 -0.0124489203176122 -0.0982770413624606 -0.170509831885292
0.287955187965905 -0.116190202382123 -0.0554170711755877 -0.134048485444433
0.209004662955717 -0.179274848682987 -0.00867900905187089 -0.124974764625637
0.174616531389232 -0.164740955720256 0.0342728318563857 -0.100731620791801
0.174963362547916 -0.172580063050236 0.119088612033174 -0.0731845753508106
0.252189811142597 -0.139545465883394 0.190229803631779 -0.0195171601637449
0.306274248606157 -0.0433826920723668 0.228429202285775 0.0602872004892371
0.353903056631843 0.0749187009545082 0.165485824860296 0.188889672614694
0.296484936574035 0.232212274243795 0.020602630681445 0.230446032270286
0.140186919513733 0.373903218587639 -0.0781910165269359 0.0535258135168812
0.050000355563824 0.438429490184158 0.0249057146876945 -0.212047172483717
-0.00166926971031613 0.281411539514571 -0.127914708864612 -0.348504505081259
0.0752352144960018 0.32008898023593 -0.0537674306340933 -0.392486960738217
0.225038680873558 0.24953474992149 -0.0788286798077374 -0.334766936131279
0.303350766047372 0.100555497697543 -0.0949006298402747 -0.242698872964784
0.260161419767157 -0.0162373411229517 -0.013716433121297 -0.189604318503047
0.218155831933866 -0.0862842194348204 0.0250284177556802 -0.189203189724934
0.163149114596107 -0.131892344917203 0.0652505563907767 -0.188373341162505
0.141492540211247 -0.117979014359674 0.109913079916744 -0.161261827452504
0.153500599229287 -0.114317824774925 0.200268530309631 -0.121900459779794
0.213040724543794 -0.0737143263000095 0.268443064807496 -0.0423886623209437
0.247040004408813 0.0136731678221088 0.288683197183596 0.0625345714610652
0.265799290792688 0.116037166274724 0.185337954813567 0.187789479699002
0.194533122060046 0.232035240340215 0.023890097662984 0.193439656807817
0.0486486641789682 0.327427405659052 -0.0644142824115836 -0.00562775351573695
-0.0224173686294639 0.342644214883426 0.0489535527285701 -0.308653456158475
-0.041583971894617 0.1327117937592 -0.115111628835571 -0.424877428881376
0.0125580780473753 0.180167492046545 -0.086829475782162 -0.412427505398278
0.1122637349114 0.142821962165346 -0.0655371933463987 -0.329063126170255
0.156598583241332 0.0573449943414862 -0.054098638705259 -0.24488987816499
0.127155655776434 0.00414496059658013 0.0328964729886656 -0.214032522249275
0.118484588537347 -0.029303075652504 0.0644504519195924 -0.2302904464234
0.0985464233551193 -0.058031750435461 0.10980973648543 -0.22832538643184
0.0863200179152306 -0.054170731330468 0.167233042405745 -0.19465178776728
0.100252310654663 -0.0501457180473427 0.267100511590081 -0.142145010634154
0.132505280785179 -0.0193691947729426 0.334391358853883 -0.0365116699323058
0.150091358043151 0.0351565458827232 0.334589096472108 0.0920100628013655
0.15361330708179 0.102650730111643 0.199380999346918 0.201774201389084
0.0911719578258367 0.178793474244767 0.040900920453638 0.16902408797753
-0.0206555894566375 0.227132776022187 -0.0296717010066797 -0.0369341532710628
-0.0702062093224973 0.199050939713476 0.084947089173466 -0.357451643361536
0.0736441229108908 -0.0200806751613596 -0.0228874738033255 0.390694498307099
0.023196825436216 -0.0812003284110463 0.0747997852270274 0.084923959717595
-0.0423834323507648 -0.082022484346075 -0.0335085374892494 -0.169192067461853
-0.0593332179730044 -0.0274948759021319 -0.202363992475763 -0.232602087810741
-0.04176576445808 -0.0140382091647131 -0.384189143129421 -0.121896607705765
-0.0356751188861935 -0.0181670837245944 -0.386327762707299 0.0542321729610473
-0.0301294246049203 -0.0178762861090577 -0.291809944133644 0.17975796485199
-0.0230497293615971 -0.0191025990912509 -0.194526004810252 0.250620085813143
-0.0312513359668392 -0.0355685593707194 -0.0997773827501202 0.270487958479272
-0.0228275086417034 -0.0530611087429514 -0.0326586207292879 0.277238735457596
-0.00520541781528214 -0.0496072794739665 -8.05092000530485E-05 0.260217045850306
0.00100494298164276 -0.0551301639022765 0.0371198298639217 0.279411554837992
0.0198313941388338 -0.0572346021950768 0.0739586538306773 0.334653520958473
0.0599991427561255 -0.0350513305001077 0.094772462813589 0.359475275952124
0.0843733716518527 0.0114754607011794 0.134964218127975 0.396116952315754
0.0907134523143867 0.133872113740865 -0.0790835267733049 0.361966391557301
0.059119798419348 0.0716274499831339 0.0406498625809564 0.0581689421262792
0.0474489087962256 0.0333045456035101 -0.0661899431553241 -0.178130899225799
0.063739787873231 0.033079176836598 -0.220779800478004 -0.234692083117345
0.086363858695286 -0.00633188454860068 -0.379555322356707 -0.130025074840031
0.0751375641580573 -0.0573952840095213 -0.3781496315434 0.0372464176626916
0.049769932778281 -0.0924510681809396 -0.291422552777808 0.153978755365486
0.0412187126407557 -0.0958608184119635 -0.193623915703894 0.222109161496556
0.0244905935223507 -0.123841729462198 -0.0917385553118557 0.241043476485725
0.0656683431297555 -0.140003564662926 -0.0150278336611955 0.249525161066561
0.113788765677485 -0.104955788422802 0.0215663913079557 0.244409725985547
0.156685905496348 -0.0621733023730823 0.0553175389016515 0.274331709116027
0.168211449550817 0.0123912496348664 0.0719143983456109 0.324682209696211
0.155656054676956 0.1023483021685 0.0855629557763099 0.309857835554139
0.148051101759065 0.185920751971158 0.12595511321778 0.318032888580885
0.0947213553202294 0.272263934463992 -0.114646201181208 0.272913582756913
0.0915294052663269 0.22650315335321 0.0277199880301512 -0.00975194300957431
0.143392290808732 0.154346279685787 -0.0889870513651768 -0.215228486562524
0.196082678253193 0.0903655403787727 -0.237907899525067 -0.241649031036184
0.211535008505366 -0.00431899720785486 -0.355249257903855 -0.130447788027426
0.179648074064637 -0.0943178072579168 -0.335368167009578 0.0159150393558232
0.124278752512843 -0.156316502765777 -0.25491162693379 0.108543699544792
0.0981398775635714 -0.159623305489993 -0.166147099663429 0.16177725120934
0.0724067501386575 -0.192768492001793 -0.0633381729442424 0.177721583318374
0.135645553999102 -0.20759558493806 0.0194075095932776 0.190091043674771
0.206000393724565 -0.151922187992873 0.0663231825769685 0.200923116075106
0.280780955226411 -0.0788310192460575 0.0917076054849222 0.25544818277103
0.292873931214764 0.0582005369834041 0.0722566441703924 0.313398711426134
0.235740944883793 0.210938469170183 0.0521294938700562 0.255559567255133
0.194699845202599 0.327830100240649 0.0943736346822696 0.199681308573814
0.0937797023232963 0.371232316564816 -0.133574071484168 0.134479272102435
0.128234576858828 0.35076605581007 0.0194802567411552 -0.109450193622892
0.242865799403558 0.25275819709291 -0.10232720324093 -0.26145282265018
0.322135020788108 0.120570514634242 -0.238655265137437 -0.246340478346552
0.314110082556345 -0.0183677280043325 -0.300520735951528 -0.129522548519135
0.258346671434191 -0.129747542279737 -0.261313686656035 -0.0160508242886091
0.176818402712471 -0.202356385061412 -0.189096310925562 0.0420830459999605
0.138708554786038 -0.198833994234445 -0.115834140761735 0.0780411491310407
0.113016600827129 -0.228692852812717 -0.0189823840156297 0.0907856075863723
0.189514530986062 -0.238299650316473 0.0639393935587339 0.108530904743478
0.270488319589885 -0.169177067118229 0.11835924423007 0.138770130991253
0.362601043085391 -0.075822804058511 0.128606979001238 0.224994016522351
0.369257562728076 0.0983406399001512 0.06786499886496 0.294523441079305
0.274366528804925 0.289817223581511 0.00245895152750176 0.195974517341518
0.204919794727531 0.418815847194272 0.0517875879464061 0.0605138147090207
0.0859481969124295 0.409868623827269 -0.145561669970252 -0.0336722465314415
0.154565780114453 0.413055825022992 -0.00236058541548422 -0.221818960126341
0.311699839040681 0.301629577323443 -0.110456568438091 -0.300952722182948
0.403064100272668 0.121193632303273 -0.213659442502116 -0.243755371547574
0.365602427341482 -0.0406404804617678 -0.215103602387805 -0.139046713372456
0.292401369122646 -0.152048676004454 -0.166224495391955 -0.0666530578756266
0.19899546459722 -0.219513036605146 -0.107264216951926 -0.0395473910029605
0.158472094167873 -0.20673373091295 -0.0505934559915535 -0.0150737086593083
0.143386707425374 -0.226404363167684 0.0388334795807954 -0.00255668719284799
0.226374412247529 -0.221958436513868 0.119436423013517 0.0256956332218868
0.305653438260079 -0.140952712100156 0.173137900216918 0.0774179750315073
0.391933854332405 -0.033829644730738 0.15892627698089 0.1917947713302
0.377937708444251 0.146961433383583 0.0574336004530312 0.264896919356744
0.252993401200075 0.342341168455493 -0.044253889705164 0.131153602726266
0.169513714579467 0.45515884600835 0.0151885581747074 -0.0825593147240775
0.0678831928166367 0.37783317545162 -0.155938326161521 -0.201169052843411
0.151866927799135 0.396600574572815 -0.0436441441524243 -0.321185591897498
0.317898608340527 0.286926130911031 -0.114454985344989 -0.320910553602185
0.401404607750977 0.0966032571569889 -0.169403270886665 -0.236047221932028
0.344839507379465 -0.0547192780107311 -0.117233969348063 -0.160092492638684
0.271850634585853 -0.149536168949047 -0.0701964717093937 -0.130387125655002
0.187284878760883 -0.202673210609089 -0.026114190552067 -0.123797352417713
0.154592245475157 -0.183724394818824 0.0208160209997413 -0.102905702021938
0.154471595670549 -0.190901035933541 0.109589991883098 -0.0858374671410076
0.23493819353817 -0.16827372313185 0.187150429572521 -0.03979906040992
0.300277111060202 -0.0792606578438507 0.233418892699844 0.0373750581897841
0.361253142010043 0.0328800723923878 0.18399627284877 0.169830486700918
0.319544258977377 0.194146079674745 0.0475805723367805 0.227466589923297
0.180598030038973 0.357291141194967 -0.0698898565599686 0.0623602767030778
0.0985218831893342 0.427028952028848 0.000700756265219898 -0.212372238368616
0.0303633047342743 0.278882894717321 -0.163615549044488 -0.335466811996555
0.11052998267884 0.308491894659264 -0.0915194606757677 -0.384668167083101
0.251574721519877 0.220569867814215 -0.111472978896761 -0.322699998888395
0.311678217332152 0.0627515253701503 -0.118653288328007 -0.229875302034343
0.25650652269338 -0.0472854703267109 -0.0354181096752409 -0.18921579201144
0.206309334774672 -0.112157781935682 0.00296594270291795 -0.194294444157405
0.148097327280823 -0.15037356806032 0.0404059685065927 -0.196967818633387
0.126885786234964 -0.132553442689614 0.0892475721886838 -0.172693009369738
0.139580592643369 -0.130593507004006 0.183963346765237 -0.144467585761028
0.203337273681188 -0.0967380669822105 0.263058732880095 -0.0727204339490488
0.247733255849873 -0.0157878503259767 0.293540641854287 0.0318976246576852
0.277063699279406 0.0833233955209536 0.205164087275557 0.165487442136758
0.217336389069722 0.207556749940022 0.0464878648678447 0.189698334948272
0.0842106023055642 0.319710657836259 -0.0628846448163879 0.00221110122283433
0.0171669921576429 0.339050264657666 0.0138888110118036 -0.311336507759932
-0.0259557961759365 0.135963645374162 -0.160814539980833 -0.414326396192592
0.0327700476305213 0.176364635229467 -0.127351262035229 -0.400998417132199
0.127135913862844 0.128006273138349 -0.0989975398040653 -0.318114592403775
0.162202199527753 0.0370143829607073 -0.0788762284527978 -0.236505688231071
0.127665983310247 -0.0117469112502638 0.00835888016462171 -0.219423113706772
0.114169670839422 -0.0433228440529261 0.0379108835623644 -0.239325404020288
0.0915183303378066 -0.0688572557379392 0.0812303866143685 -0.241348976930203
0.0794265788014106 -0.0631434086048935 0.142110167189334 -0.213416366748894
0.0934917086174352 -0.0603525201836987 0.24834574845729 -0.171336393191579
0.129695926029458 -0.0334134445331715 0.328341048097078 -0.0744636045301922
0.153649973619703 0.0168682763662616 0.342094379809653 0.0559549993620803
0.16411283119808 0.0843398962101941 0.219517709377251 0.179138163810655
0.109294441658316 0.166940918715653 0.0594470095048381 0.164598849039837
0.00502358181819617 0.226490968577653 -0.0325089319251308 -0.0322345988581495
-0.0466637981741173 0.201654856463301 0.0450234609039299 -0.362913928457924
0.0671222148609046 -0.0246876725661588 0.0117273039546589 0.376515794120162
0.0158793644808076 -0.0788835973772503 0.0789579392025706 0.0735945118681755
-0.0476133730481645 -0.0744208402466617 -0.0455319900358028 -0.161593841492956
-0.0588600236171771 -0.0214505936847099 -0.212880525537908 -0.207244524157975
-0.0413791184131896 -0.00943124847252554 -0.378926908950402 -0.0826422209409475
-0.0359054228280909 -0.0135974617141344 -0.366386740197676 0.0868995933534168
-0.031075664919113 -0.0156553226838256 -0.263602091449279 0.19818782949029
-0.0230726349598808 -0.0179129164726556 -0.162079286988508 0.259256974446106
-0.0330751465848561 -0.0321877232053693 -0.0696196639137824 0.271154677105796
-0.0257325799697299 -0.0490225658667859 -0.00635324827809591 0.269960859114701
-0.00842877230349096 -0.0466949834330842 0.0202952755249163 0.250181869940019
-0.00423346215818072 -0.0528197454912041 0.0574256801609997 0.265232342529217
0.014454638754682 -0.0568441932704191 0.0987060421511681 0.312167858606382
0.0558992796838054 -0.037302611751729 0.118942951823881 0.334422803966091
0.0820661716136068 0.00425683931281039 0.162457894767743 0.371613748332914
0.096660250726739 0.120755655690236 -0.0435903326237673 0.352881498331561
0.0642320292115738 0.0643462927298137 0.043867419504853 0.0512584967516364
0.0488197677610925 0.0271634644340333 -0.0764866899282515 -0.167176653252501
0.063868568628029 0.0243275164291541 -0.230260987130334 -0.206383066313574
0.0817780927439826 -0.0149019627205672 -0.375228699653246 -0.0901254893549607
0.0666924589164206 -0.0614699816188863 -0.359813103562922 0.0688666592699863
0.0392074647147325 -0.0935265704030252 -0.265459037410908 0.17357409116855
0.0314003245652936 -0.0974419624247388 -0.16423571009358 0.231633114803958
0.0130404945250994 -0.121602985248752 -0.0646954438251641 0.242231196331746
0.0510754729280624 -0.140463819678193 0.00801347994568389 0.242787964506472
0.100810839984672 -0.10992976382051 0.0410118549115041 0.234104887890423
0.144813770349666 -0.0732475172182967 0.074337262461663 0.257721863525767
0.161431794339789 -0.00394766249805444 0.0969466782232339 0.302807268165414
0.158101121433901 0.0860107896319142 0.10660582059887 0.287703998678885
0.157408505951013 0.164579912531897 0.147520663372445 0.29718959099178
0.113179546490286 0.253424109006427 -0.0841141200307166 0.270863762223149
0.1086295405462 0.208995270810927 0.0264281654193666 -0.0122641191545992
0.151486822466708 0.134071080406951 -0.100553746343061 -0.19979624447399
0.194667464211312 0.066943456570689 -0.246571031395464 -0.21219517632599
0.201771625056007 -0.0248894130069664 -0.352066761307131 -0.0934545067327251
0.163649890355246 -0.106434088023162 -0.321382214012815 0.0438500518668422
0.104808103920267 -0.161621712142337 -0.235257572774045 0.125638566495052
0.0806035598252971 -0.163038329088001 -0.143428343425131 0.171217579249791
0.0531269353085599 -0.191552976092171 -0.0427162213474429 0.177638816846143
0.112591652772262 -0.21195177787131 0.035693534905728 0.181736553043194
0.184217080174076 -0.164497547486933 0.0803487360672243 0.189697420696287
0.262958379753952 -0.100662008618461 0.107550417384875 0.236681182256163
0.285008386143227 0.0282924651558856 0.0962131063983634 0.291787287427257
0.244511327306759 0.182325940140218 0.0714767170362329 0.238542848787691
0.213378059785182 0.295482833538446 0.107922922484644 0.185932822792494
0.120424332013557 0.347947290239537 -0.113915727531656 0.139314158367351
0.15369942606425 0.32527513033971 0.0116731081507417 -0.106753472593702
0.254085905898458 0.218639098688817 -0.116086430305854 -0.243085137727817
0.31826679948345 0.0846275520190576 -0.2478798179474 -0.215736019260476
0.298578086666904 -0.0479337593159347 -0.299771690889316 -0.0981471264560379
0.234932033073167 -0.14824085454254 -0.252700638693607 0.00590594650662734
0.15127339652185 -0.209894545153582 -0.178670158439564 0.0574134297490439
0.115848267258183 -0.204350545723857 -0.103098759111186 0.0868824499594537
0.0882548895867851 -0.229830886594566 -0.0090271201442785 0.0912191893439648
0.160252655753825 -0.245641326388957 0.0718776189232018 0.100433783103035
0.244441484898026 -0.186944789346596 0.125407400827035 0.12572658743829
0.340862225179385 -0.10521082162806 0.141299107312867 0.202841757199959
0.361136952903136 0.0600591647680232 0.0916891009093493 0.275161176592858
0.288417742009323 0.254998015928229 0.0202449553016476 0.186677659498236
0.231669683937121 0.380152893638127 0.0546638848689766 0.0555481614455136
0.117331484604752 0.384937966086915 -0.13982714284166 -0.0214207825871598
0.184006686783984 0.382293433899322 -0.0186050058948274 -0.21261576897167
0.324391971317151 0.258468634600491 -0.126583173239385 -0.279472284927849
0.395090511460026 0.0776845260742924 -0.222626425947099 -0.214941587308505
0.345474768247177 -0.0740425119798651 -0.219499142277812 -0.114260191570556
0.265209595534223 -0.173126625922997 -0.166069294881483 -0.0509485038934991
0.171011191483071 -0.228237680750252 -0.108326228342371 -0.0278271854713385
0.133888479480839 -0.212691935301953 -0.0494586325946924 -0.00810380686951425
0.116908108948288 -0.230287899525385 0.0374639350372424 -0.00416979998356971
0.196347717995953 -0.233165046001137 0.117562531094574 0.0154560754964289
0.280232971723496 -0.162658889698978 0.172978049747609 0.0615510031243599
0.371677741911788 -0.0679885092203635 0.168820042953337 0.169247251577482
0.373484317992 0.105935072399888 0.0788828811676277 0.24831474027646
0.272536957299189 0.305984003803176 -0.0302616278378988 0.128392335949562
0.200624176622507 0.417832091368924 0.00765625502878038 -0.079238075604924
0.0974006983097187 0.355400572420952 -0.164788555863464 -0.181933991791441
0.179763708895612 0.366551444860371 -0.0654226660199737 -0.30442893487026
0.328226729380694 0.244556676088614 -0.13272776579054 -0.297957428950413
0.39139795164869 0.054796864209632 -0.180483818412948 -0.210054603833922
0.324583899313987 -0.0859340084907931 -0.126989405605698 -0.143669281730806
0.246665683357735 -0.168262425264093 -0.0801913400484805 -0.120827983915331
0.161758073641964 -0.211748501805637 -0.0384567961507524 -0.116335499419556
0.131654549322696 -0.189167254611171 0.0102956774148992 -0.099036671504725
0.131754269799298 -0.1967668892224 0.0971977742527768 -0.0903671691517622
0.21062319274232 -0.181893789009041 0.177269964591192 -0.0539303135139777
0.280701581564137 -0.103781490378955 0.227352392831089 0.0179836057171538
0.348843515545406 -0.00228180034697928 0.191499884769705 0.145091423365124
0.321012173815679 0.156751936102581 0.0668217119908329 0.213337945563142
0.203665358477777 0.326771440903397 -0.0597431738036348 0.0652865476308502
0.130594628940135 0.395860789738143 -0.0180462525244802 -0.201943640071761
0.0538749237213022 0.263840926155098 -0.183977906297906 -0.310550464700337
0.132253304180334 0.284579762996406 -0.117221946631455 -0.361008734711766
0.259116956085885 0.186941075567528 -0.129900096138168 -0.298811462470934
0.30317773294161 0.0308584976793878 -0.13121074590378 -0.208670372455403
0.241251548246399 -0.069515721442627 -0.0502194438270216 -0.179360942274949
0.187144321359254 -0.12664598191715 -0.0154116107569618 -0.188354554199124
0.128327017211427 -0.157783241028022 0.0194223946846865 -0.192232877856175
0.109821984187758 -0.137440747497846 0.068891485057705 -0.172129471977951
0.12197446532937 -0.138176702876638 0.163852303830206 -0.152758366115203
0.18656049082098 -0.110559710646766 0.245752983354803 -0.0926049076119462
0.235646619819728 -0.0383967825684228 0.282602182800517 0.00819798104481463
0.272431230294263 0.054954684218483 0.21076507853102 0.141435499384265
0.22509701526801 0.179055494357867 0.0617235027382586 0.178895372545264
0.108307266491088 0.29794096830236 -0.0585281422791248 0.00801989538903026
0.046385472138214 0.318822524857986 -0.0140656979547686 -0.298371082703713
-0.0119061508550403 0.131603900997558 -0.188791108029451 -0.386538540423829
0.0456505294059869 0.165524470199946 -0.152110041392383 -0.374135156925453
0.133017945017501 0.109953275861493 -0.119414551318809 -0.295649660672635
0.157843362819975 0.0192353306941395 -0.093481461077081 -0.21875027068626
0.121134882949648 -0.0235283823272411 -0.0101863984984377 -0.212430377188303
0.105519646830834 -0.0522680721326882 0.0140236141225593 -0.234710438748426
0.0810799085518777 -0.0748931967345692 0.0543011202937124 -0.240165048763759
0.0703301262155993 -0.0668677124494807 0.115764664789602 -0.217042666889512
0.0840876599599765 -0.0657688956661949 0.222315364478816 -0.186062501979608
0.12088322425918 -0.0425445259241106 0.309370378476908 -0.101086363780964
0.148029541531508 0.00142675989645009 0.332140276061481 0.0256833847716958
0.163570559216971 0.0657529985355948 0.226530235458983 0.152776233686833
0.117239366044043 0.150119994674188 0.0708984142938948 0.153059494592824
0.0246459062041985 0.215328887458052 -0.0327273645250913 -0.0271447663959027
-0.0265614423530648 0.192770368586327 0.010745448111516 -0.350044134258391
0.0618038798382214 -0.0261642013995018 0.0290811076767934 0.357876564738679
0.012749687263096 -0.075525907153685 0.0771351333810822 0.065701131758454
-0.0479361948744075 -0.0679210464184834 -0.0513064546633145 -0.154113103567576
-0.0573884345656549 -0.0178813525877901 -0.21174846723308 -0.189886400793907
-0.039479832713292 -0.00738214072842756 -0.364483199620595 -0.0592905047287702
-0.0338828160703079 -0.0107728146304686 -0.345859566979141 0.101739253921443
-0.0309486040959641 -0.0142433655841901 -0.24191974447761 0.202036484159978
-0.0228402605311293 -0.0176892275656443 -0.139833733496017 0.256350335550064
-0.03280969209951 -0.0300035615051942 -0.0505900571084754 0.263829128621013
-0.0258394705800669 -0.0460970063650114 0.00631040144999599 0.259312661317796
-0.00966915899906859 -0.0435936687660622 0.0300895049393653 0.239345483511983
-0.00655828226447561 -0.0500870405621811 0.0660930482516416 0.251153914081816
0.0114899021536907 -0.0554452703664058 0.107355016971901 0.290598195684472
0.0531912558815522 -0.0373565922101638 0.125801955652896 0.311498505164428
0.077416212947981 0.000813460125561022 0.172130110243105 0.349113934318735
0.0968274409900199 0.11144099709577 -0.0237824937702924 0.33847003385719
0.0655031318833696 0.0586877493293357 0.0440963645065674 0.0464801647373179
0.0483689922503512 0.0230362738223795 -0.07981493211821 -0.158213639820383
0.0618405377633878 0.0194054538893469 -0.227538655076216 -0.188188437495653
0.077418779379873 -0.0195120149250813 -0.361416688265112 -0.0676209049128856
0.0604095487354499 -0.0619679609623986 -0.340188579810306 0.0836736330515361
0.0318396765835999 -0.0921689765993988 -0.244728787945686 0.178974324410112
0.0255388802140081 -0.0959302621725737 -0.142758689553214 0.230531748605276
0.00673880898232321 -0.116942223001996 -0.0472978912386154 0.235402968285934
0.0424761765385331 -0.137223215506654 0.0198808283529789 0.232422722441491
0.0911434721379804 -0.109611941358173 0.0502684142483651 0.222870747749967
0.134568727595086 -0.0761621704706199 0.0820304543906426 0.242036511169489
0.153539478223213 -0.0128256607763066 0.106111057897418 0.281660027813185
0.156019501462793 0.0751626325379693 0.113920967505001 0.268124963077152
0.156922677993363 0.14908365566249 0.154373422532881 0.279234153405267
0.118432156761613 0.236589789145215 -0.0653136315138913 0.261344543228814
0.11464656595335 0.19521145046168 0.0259598856612892 -0.0133445820830268
0.150877213182053 0.119075654661723 -0.103025921027143 -0.187772934829949
0.187897307162242 0.0529129710981584 -0.242731708247487 -0.19188336387794
0.190516832047309 -0.0358947765820676 -0.339478171787334 -0.0714943000988461
0.149721468169996 -0.110018897759801 -0.304901060108841 0.0573456061453912
0.0908115220193191 -0.160014523544652 -0.218965107874857 0.13303297858302
0.0685918876486934 -0.160940255057038 -0.126369212656452 0.171666366819588
0.0410369055561401 -0.186384054447259 -0.0300617621868578 0.173783987361665
0.0965463419283621 -0.208400150985315 0.0439879801158604 0.173607977979003
0.168304539785217 -0.166895150699995 0.0859505897309131 0.179157331540352
0.245826852069369 -0.108949437190917 0.113049584263134 0.219990457583757
0.27166399193345 0.0116641905421789 0.105828425367277 0.272516472203462
0.241883389505872 0.163897737027514 0.0782677210724854 0.22212252176295
0.216472620400081 0.269060625921582 0.111496895343687 0.174621314114936
0.130993492108742 0.326321270931392 -0.0997123920894972 0.136757117019854
0.163438221483183 0.30236000107224 0.00781959619159547 -0.10255890550085
0.252658850418139 0.193855478408071 -0.119095240363133 -0.227843536916518
0.306206181442611 0.0635848157017615 -0.243199683769313 -0.194961284610282
0.280622377402514 -0.0622405082940468 -0.290053101083676 -0.0780234110466265
0.215748858454178 -0.153793725349586 -0.241078792460723 0.0175688379902429
0.133324749837191 -0.208928353346793 -0.168451220919465 0.0644794141422316
0.100254971813715 -0.201035719475612 -0.0923608404811834 0.0891597901925002
0.0725840999014617 -0.223782432733847 -0.00217108033141562 0.0888565733086684
0.140580198884739 -0.243200924809417 0.0748791919282477 0.093101471063775
0.224268845700594 -0.190886752062572 0.126485663081789 0.116201588821116
0.320095903855287 -0.118353710778775 0.143134860022149 0.186256836034651
0.345133383582137 0.0376479361543617 0.101493263211587 0.256937822834772
0.28743961320331 0.230485519970402 0.0288502568767849 0.174830166011949
0.237358064292018 0.348889560228305 0.0543423671676965 0.0525180296667815
0.129705863405009 0.361556005340156 -0.131917225259971 -0.0158054304436479
0.194762025604346 0.3547951652463 -0.0252939214741821 -0.202263828675286
0.320404518554836 0.228670175735271 -0.129981743205951 -0.261467389466131
0.379794893290401 0.0527658310128824 -0.220076235871398 -0.194266747564143
0.323853139917296 -0.0896340515943312 -0.214085955908518 -0.0981653192822471
0.242521310849245 -0.179053028285619 -0.162393808710686 -0.0419016612900177
0.151258488336113 -0.226941604597787 -0.106010609778882 -0.0200415472207937
0.117114561221124 -0.210143442081971 -0.0470383431249918 -0.00431711756054155
0.100302491985558 -0.225172677602663 0.0372089606671303 -0.00450056122819367
0.176299410355475 -0.232499921626135 0.11428407005235 0.00963611975051523
0.259873959615895 -0.170273302356264 0.169147052605007 0.05358315347152
0.35206260373497 -0.08474739210829 0.167084408217429 0.151669521231446
0.359394439466562 0.0812217780545566 0.0878619524705097 0.231391286654835
0.273761042982426 0.280052003083961 -0.0210864355420088 0.122905285995152
0.209024930339743 0.384238382544618 0.00273767576780149 -0.0735036855214578
0.110498390577428 0.333150714894806 -0.163898318791885 -0.167337244298334
0.189288481169415 0.339617402947944 -0.0738937384632122 -0.288680922513948
0.323917692337953 0.215239228732246 -0.136893765224157 -0.279104552444917
0.374435584320562 0.0306562539536291 -0.178668531027031 -0.1919048555544
0.304475513634745 -0.099273336237931 -0.12807753403794 -0.130913701157816
0.225615102194019 -0.174375146728548 -0.0835612794380864 -0.113089510099667
0.143096761710675 -0.209990534735415 -0.0435867886142309 -0.10897217462733
0.116080689751748 -0.187510561579071 0.00495993538790182 -0.0939371453436694
0.114870910115422 -0.194293414377879 0.0891885299753606 -0.089952737447693
0.191595481305769 -0.184112945429137 0.167493865866337 -0.0597735955222126
0.262259020725387 -0.114503634278879 0.218713242318069 0.00889474961429058
0.33285623494062 -0.0205557725653299 0.187797031662884 0.128990353768336
0.312583321284289 0.132633225027188 0.0743407998967576 0.20043686993243
0.208700854813316 0.301452686526907 -0.0521915031874182 0.0652861632719535
0.142896427977563 0.367298053820953 -0.0274164045346826 -0.190301317058446
0.0652469423166588 0.24840250140673 -0.189472182641088 -0.290592648761228
0.138984533283117 0.264091917052224 -0.125446030485904 -0.34055360117969
0.255876565622332 0.163935148660781 -0.1351519098688 -0.279036320012723
0.288882745043805 0.0121526936273423 -0.131520185669987 -0.192765981996236
0.225810497197676 -0.0793028612090541 -0.0568542114368128 -0.169217544390995
0.17145422385427 -0.130835337640028 -0.0247415739813585 -0.181173625666968
0.114528298353459 -0.157040291123675 0.00691562773666114 -0.18520448830717
0.0975555479664818 -0.136044175558136 0.0561241557143214 -0.166872700126638
0.108651940674329 -0.137544736034516 0.148621157672539 -0.153409039319405
0.172135274944845 -0.114332250322557 0.230415969590566 -0.101150911727465
0.222134422301657 -0.0498812739576059 0.271754370721401 -0.00354327411761147
0.261927351082268 0.0366165803251973 0.20768103873935 0.124659815364689
0.221643791190631 0.158755710805634 0.0683675136793947 0.167423367113387
0.117476656178403 0.278553230529797 -0.0543666998060637 0.0106819681662399
0.0585347803379638 0.297523305180683 -0.028641655491109 -0.282095607207742
-0.00467063872695107 0.125651775151023 -0.199098707474568 -0.362485212080493
0.0517088703186485 0.154452841699503 -0.159756987346976 -0.351289284430718
0.131465048631249 0.0971325061568943 -0.124336938365326 -0.276338435404533
0.150134760757121 0.00933312371423346 -0.0972388090096134 -0.204292362776878
0.114034868968768 -0.0292622318405984 -0.0206994231748143 -0.203436342637155
0.097744839544755 -0.056129283182505 0.00102587241443682 -0.226687343637785
0.073416314502457 -0.0752410259654539 0.0378320983607775 -0.232711280968477
0.0635874755317781 -0.0657177670895096 0.0980432130954927 -0.212396893184319
0.0761542130286929 -0.0663717376366245 0.202521645478023 -0.188033975168653
0.11349433954317 -0.0459421727449286 0.289437845622809 -0.112118735991695
0.140900405561284 -0.00678063080732236 0.318627929988381 0.00989909246188946
0.158786204193195 0.0534579987498079 0.222955678761364 0.13538377577031
0.117815587886694 0.137870421485171 0.074909081422096 0.143375348025206
0.0329093302995859 0.20243214605812 -0.0317714342676831 -0.0236990688784995
-0.0168949515074763 0.18135805871576 -0.00661385616489635 -0.333096552176909
0.0589084365786765 -0.0258981991036147 0.0370836743836799 0.348322126397733
0.0122123131705371 -0.0737504731840853 0.0769731123276721 0.0615480673344938
-0.0470235880388096 -0.0645073601500419 -0.0532981591036734 -0.151121537440898
-0.0562235120017694 -0.0161090235362541 -0.209743421406508 -0.182121957086007
-0.0377396976727788 -0.00697817278157755 -0.356265030361902 -0.0488094949512906
-0.0326268442704648 -0.00910070388831536 -0.33470087464963 0.10837492998139
-0.0314418242579491 -0.0131923198471296 -0.230536699922896 0.202287887146108
-0.0224087869754695 -0.0180243522308088 -0.128225168583191 0.253914575494345
-0.0324199049345616 -0.0284873962425634 -0.0395448238421221 0.259397612381167
-0.0257455280453058 -0.0448291916861495 0.0125123351019362 0.25316747616925
-0.0101310802007588 -0.0418753319756429 0.0339602674953097 0.233417401748601
-0.00781504544354425 -0.0479113766940181 0.0694147414918298 0.243538764872914
0.00999552622726029 -0.0545762887269384 0.108707219955013 0.278645884127823
0.0530679187360055 -0.0371303686264861 0.125771399762071 0.299594652137137
0.0750765126009137 -0.000413859402581609 0.1752608750882 0.339676286394572
0.0957830655303024 0.107714607137656 -0.0138468681950887 0.329730185025959
0.0670152551145269 0.0559116479446442 0.0448927854568272 0.0436833332948784
0.0485085143475647 0.020762627002899 -0.0799034124706973 -0.154185421900277
0.0597592869965607 0.0162548276232354 -0.225048007810353 -0.180313185698437
0.0739968946309626 -0.0220344526370593 -0.353888661619565 -0.0560161371428378
0.0573672168938154 -0.061821209628941 -0.329823812051606 0.0900560566046605
0.0279070965820101 -0.0913061934089846 -0.23435635105202 0.181325030658953
0.0225545234469598 -0.0953484911243473 -0.131311608753155 0.228749938676956
0.00385567577543724 -0.115114929757247 -0.0372411534610329 0.231741797515294
0.0382776878268376 -0.135238317129219 0.0250691462238188 0.227406228956847
0.0869492548133514 -0.108931988886938 0.0534101011797931 0.217781730043402
0.129329101016428 -0.0772977473137256 0.0845476115647806 0.23453573796081
0.148655263701768 -0.0162763183530776 0.108879705926416 0.270844027987803
0.154753724632902 0.071064733731346 0.114643568792672 0.257170246339519
0.155158539779804 0.14211900974883 0.156633392326125 0.271492694096885
0.119748666420042 0.229410191804905 -0.0561279565942752 0.25568087650853
0.116962924929098 0.186706929164813 0.0257583651218542 -0.0135809206612303
0.149893145788553 0.110934453990773 -0.102280563850192 -0.182570518143552
0.183388347170236 0.0456082130638764 -0.239140183001099 -0.183426298812789
0.183720911199342 -0.0413386985538298 -0.332567022526024 -0.0602174700690224
0.143045983906037 -0.111583857495384 -0.295954119599742 0.0631816743561274
0.0838305290108848 -0.158627186887893 -0.209751600661297 0.135555861020161
0.0626356113268125 -0.15968743027033 -0.116445223807528 0.170617499857082
0.0357453850463041 -0.182209426163778 -0.0222296458364134 0.171675075677741
0.0890562313275246 -0.206357685300185 0.0481837941766655 0.169199441450627
0.160448954453463 -0.166308859653859 0.0886521923611899 0.174706949622537
0.238279475757515 -0.112104584622498 0.113406315764019 0.211621264239174
0.263833912590004 0.00471739170299683 0.110164338459216 0.261510029090304
0.240037035228058 0.155549571345209 0.0801732557160317 0.213894445009421
0.215317546114245 0.257936070058733 0.113130730562089 0.169834137773865
0.134481531392722 0.315891793521178 -0.0914274534029831 0.134104704306181
0.166756350629857 0.291207536736329 0.00729148500679522 -0.100125531487037
0.249839805588073 0.181346828087925 -0.118301010657715 -0.22137513592379
0.298766494945103 0.0528463300978457 -0.238978504771366 -0.184678347187918
0.270701732883505 -0.0701242248491985 -0.284155303642639 -0.0687387455070206
0.205411755810585 -0.155881400785364 -0.23552214021905 0.0223978692899097
0.123518361058884 -0.2073829060503 -0.163602567599347 0.0677256121520563
0.0926443069736345 -0.199798845123261 -0.0861897322658417 0.0896082943544984
0.0652346696528035 -0.2200470468047 0.00260576681155276 0.0877100174025527
0.131157160890721 -0.241759087360307 0.0760282316374183 0.0900032729280033
0.214189516969175 -0.192309881972342 0.127152606890099 0.113353308316841
0.310442307370595 -0.123958037426063 0.142519411893325 0.177512557047888
0.335930577958096 0.0279605908630423 0.105673633319681 0.246938867341635
0.284493064182608 0.219191768385337 0.0315730631167434 0.169319402078906
0.237043579364122 0.333220513340481 0.0541904601340896 0.0518095012138459
0.135239499497043 0.350041544243655 -0.127394732766173 -0.0141072180426179
0.197316955014137 0.34128878125843 -0.0264140860016115 -0.197612789794276
0.317070869969606 0.21190273247145 -0.129957965524185 -0.253778504174444
0.368705759414447 0.0408898450373768 -0.215810954201495 -0.185645708086478
0.311560570224286 -0.0968942427045716 -0.210780867042213 -0.0908120231186509
0.231268716359015 -0.181402392129869 -0.159550253434316 -0.0378937756784795
0.14111850005333 -0.226002899027703 -0.104667908432421 -0.0165091323996679
0.108936824306115 -0.207439756596211 -0.0447714676402918 -0.00268256727723047
0.0918541340880701 -0.222060932348454 0.0380478588031753 -0.00408969007136096
0.16609131076056 -0.23241649118654 0.112718825126051 0.00655389529429724
0.248633018775641 -0.173639260081302 0.167590499952757 0.050599832157545
0.342407200455025 -0.0925889342591516 0.165442568943432 0.143775411966675
0.350214009399992 0.0706338109615461 0.093402699763805 0.22322661486505
0.273104055184306 0.267988092130913 -0.0175177878278914 0.119602068030952
0.210265538707105 0.367367726680281 0.000695368779144625 -0.0705720662274743
0.116160918677169 0.322778099539736 -0.162510671659029 -0.16230503540124
0.192572496436038 0.326805842079242 -0.0760745715799761 -0.280272926091062
0.319754743664645 0.200259840899868 -0.136539796646034 -0.269098871218265
0.363771369166736 0.0195565386347415 -0.17481141878592 -0.183421978365462
0.292456721068064 -0.105455582547419 -0.127148152525964 -0.123523782552496
0.214869227195053 -0.176429248619272 -0.0851620437421352 -0.108973088833127
0.134204275103658 -0.208867146865101 -0.046817767830324 -0.105217610141266
0.108824456883449 -0.184472997654472 0.00264157621901365 -0.0919537064712988
0.107065782853944 -0.191588339834672 0.0864843888244613 -0.0889062646066169
0.182150982749956 -0.185423962353371 0.162757049492044 -0.063152927870901
0.251998717040592 -0.119508751385978 0.214977126464651 0.00565534936803137
0.324123776595761 -0.0298485433300446 0.185039828356726 0.121077156377044
0.305879283135778 0.121533650711235 0.0792902759648461 0.193466931813449
0.210825283186861 0.289417909255198 -0.0482370338793509 0.0643765522164894
0.145744105237802 0.35161222245769 -0.031946432599608 -0.183754808380064
0.070130082973028 0.239934600022689 -0.191581136848292 -0.281427307905732
0.142345370614045 0.253642436139569 -0.127562469962422 -0.330726473916091
0.251353879502666 0.152089994223413 -0.134768009717907 -0.269918307263763
0.280537000775769 0.00342573652265358 -0.130066229693337 -0.184524740584377
0.217474725097478 -0.0835402443426631 -0.0585896445250618 -0.163958100329661
0.162814650402194 -0.133029647432698 -0.0295919151576899 -0.176879698679294
0.107500717487496 -0.156113110581066 -0.000106841746663548 -0.180998284056509
0.0921880015531592 -0.134530762021848 0.0498033492824389 -0.164333816633233
0.101835097647261 -0.136432385130838 0.141081848662001 -0.153295727432063
0.165601676275111 -0.116938315003246 0.222253425718712 -0.104834835600559
0.214406395362299 -0.055609674998316 0.266064877756352 -0.0079682167773765
0.255977079170395 0.0282841450575175 0.204181782387695 0.115747938848803
0.218921843883063 0.149729036902818 0.0712676456432968 0.161951489237785
0.119822728832104 0.268480081845458 -0.0518021810571414 0.0118617075596634
0.0619383842731702 0.28571277314558 -0.0348478145328593 -0.27305907628241
-0.000243869638966309 0.12131587179137 -0.202194829626614 -0.351777697938732
0.0538781966844086 0.148768738351195 -0.161571195185855 -0.340917206787912
0.129775212349658 0.090732531816349 -0.124778070496256 -0.266451552548971
0.14548567556556 0.00376387231568701 -0.0973316543988876 -0.196051766942411
0.110338613029266 -0.0319204992182605 -0.0246751155807483 -0.198534835088883
0.0934801027084525 -0.0576693685063237 -0.00591568560444462 -0.222546690831253
0.0693319703061868 -0.0753148350571937 0.0292747023284806 -0.229190883183426
0.0604289307660833 -0.0648580050744365 0.0895127102543492 -0.209618690919646
0.0721087040716425 -0.0652109484082659 0.192654209033255 -0.188702766057984
0.110218892017186 -0.0474680330264944 0.279690484916139 -0.117231841847087
0.135877380066259 -0.0112597071649725 0.311917007476993 0.00358525589628266
0.155501222815667 0.0479192944020378 0.220655593395693 0.127038414822173
0.11768281774248 0.131554548076604 0.0763492123567536 0.138926221261339
0.0362079886452978 0.195895429962557 -0.0307168103259966 -0.0214121822466249
-0.0129909536514394 0.174149725427111 -0.0157982663710013 -0.323431046383719
0.0462660552481873 -0.0509279285861879 0.185593594535927 0.29648297101441
-0.0195484284709844 -0.0729229088463525 0.0950923014961763 0.0201275111023452
-0.0697991194983826 -0.0360506409726854 -0.118949901510489 -0.111622508377336
-0.0556545442775036 0.0140702744169613 -0.274329871909726 -0.069564683701844
-0.0328752269743467 0.0140277978446959 -0.341028781341202 0.120155060770721
-0.0301227558807048 0.0072952991638393 -0.251844831879165 0.25015543837505
-0.0345040184629071 0.00204138540576481 -0.117538883341762 0.286889640452413
-0.0277596906974924 -0.00913810985469486 0.00282071278194079 0.285797313532955
-0.0426411576148171 -0.0119224049624256 0.0851112986558739 0.2501645499891
-0.0422530375700693 -0.0296866607571509 0.128032700562312 0.22130036600729
-0.0258560286391164 -0.0332054954300647 0.136027700356354 0.194326225221893
-0.0263726297796243 -0.0353437686651226 0.172436387296988 0.186646283342173
-0.0146523711094361 -0.0507483343383237 0.220845391502618 0.198355470314119
0.0334341027778858 -0.0536382905283895 0.242668415899242 0.217695075773858
0.0710444860691302 -0.0326874948823851 0.308187055888229 0.238398871066023
0.135602697553369 0.0556352776446339 0.1382254958225 0.302173455366766
0.0841318165451849 0.0202380045416877 0.0622246007205393 0.0170779813232873
0.0513235290354532 7.68100805358194E-05 -0.139059045119955 -0.106630796789071
0.0594034309808975 -0.0069795120052605 -0.281678389378551 -0.0645624973107833
0.0596653723488818 -0.0480172372128289 -0.341091638423071 0.107338680386683
0.0275187295303725 -0.0794412481170444 -0.254521888068488 0.228518243110878
-0.0146448364297675 -0.0932538861674264 -0.128867394846836 0.265924264856018
-0.0191845120078156 -0.100454113825718 -0.0104818262518168 0.264305608273034
-0.0474042596232164 -0.106413965594501 0.0774438035663143 0.224206555628748
-0.0239774918240387 -0.141449282975746 0.131213983534411 0.19162382062121
0.0335843493348903 -0.138509842674406 0.152218242080296 0.175001920661633
0.0841400845200213 -0.123798181310723 0.188935143847729 0.178138107587802
0.128956956909569 -0.0771142068096402 0.217890653001484 0.196522984716436
0.174565732485299 -0.000735395252067995 0.210203655894055 0.189782775635686
0.211796558357995 0.0599533476194485 0.25218827804949 0.186775968739988
0.206893059625772 0.156628427349873 0.0722666943451881 0.254537410300132
0.183318827674008 0.117226743019036 0.0239231425183351 -0.0271166918453432
0.179519916339523 0.0385584755266071 -0.164590858402677 -0.126088622768649
0.180551873492879 -0.0339063254546281 -0.289246015239976 -0.0645924492950672
0.148145349098693 -0.111552329790755 -0.323048676450904 0.0898535265561766
0.0818682888097841 -0.161623198868417 -0.236415343458189 0.185440293465812
0.00532774907188889 -0.178400457616676 -0.127616418200833 0.210963180301107
-0.00995446226269507 -0.176480649114494 -0.0232624981002915 0.204666606234021
-0.0466246085205796 -0.181553860351275 0.0642646303070598 0.162538222948604
-0.00866906245734704 -0.228775525574023 0.127780955661368 0.128663067116
0.0753903067680306 -0.224478240992508 0.168250585823555 0.123007451288877
0.165262705743292 -0.205103180802311 0.210631024674286 0.150799076381543
0.243910204937185 -0.108925419858644 0.216415201937752 0.193010940179699
0.290554093443023 0.0371310595515896 0.157189082714338 0.169262606820537
0.320982973208301 0.1372591903993 0.161030108456304 0.116464603890761
0.254500347259862 0.230504554628433 -0.00919761474814399 0.160965459632992
0.269960231038801 0.190943154266857 -0.0279526765699362 -0.0977945570046069
0.297603201008125 0.0604879925842882 -0.1897447760634 -0.15756700429262
0.284232349237652 -0.0762665663375728 -0.285673007722831 -0.0710217975268157
0.212417367113599 -0.174783789336061 -0.282984985275039 0.0566164241755812
0.117266750184102 -0.228620800621924 -0.200702225137736 0.119440222312222
0.0204823930556008 -0.2393059066193 -0.1158411605142 0.126962990103621
0.000829009385438219 -0.224864989170588 -0.0332364175621986 0.117627124364259
-0.0364905478705111 -0.228550193976834 0.0490623001002627 0.0763166598802952
0.013791539356839 -0.279298786866974 0.118113559014015 0.044954682119725
0.112914193832999 -0.27286344395485 0.176758516156945 0.0524288963588032
0.22507279626769 -0.24900201581877 0.224610035775781 0.111737409944188
0.320189325278808 -0.118392806544544 0.206515645443998 0.184233419410465
0.359098748957203 0.0745838902830731 0.0910503871647637 0.15234386716453
0.375938335069311 0.195270509095356 0.0512896278971716 0.0343442073922671
0.267753782302918 0.26306819129264 -0.105623132556622 0.0422007476745306
0.317741897750344 0.224223044786977 -0.100039217852592 -0.170659571153009
0.370659125334977 0.0613188636039348 -0.211730065640678 -0.184410098295407
0.34103388887821 -0.117211990788813 -0.262229127056624 -0.0846265750028863
0.23646539769201 -0.217122557213709 -0.227562074340245 0.00197508295454802
0.127905520468196 -0.263378304698283 -0.160270259853962 0.0299163178947575
0.0277596463646511 -0.263771984770824 -0.102067314130205 0.0230143900560752
0.0121981116037151 -0.238920818609306 -0.0383487090016634 0.0160929492898986
-0.0128128854526576 -0.241898002797842 0.0385063045818086 -0.0219713589545902
0.0486327821988431 -0.286553022257671 0.113607782554253 -0.0455682358024128
0.152390322493174 -0.271856985852544 0.184438599159678 -0.0197412210702582
0.267193221252074 -0.235734071504942 0.229783886862004 0.0737932104363084
0.352115043880688 -0.0867979607699772 0.183610971501909 0.170566939767365
0.369581505290621 0.12303170464918 0.0235033787158357 0.128983701545309
0.36673673431856 0.237563263130616 -0.0532867959510924 -0.054379902782169
0.237504061701354 0.247392945257046 -0.203966759480428 -0.0767771345350798
0.305760870861893 0.214952710144676 -0.183063105064048 -0.224033703601518
0.366555397024815 0.0491665923602725 -0.225126519211576 -0.195647713854765
0.326365189245395 -0.134295943909271 -0.225788730347025 -0.100697169401059
0.214590534354593 -0.216839313603325 -0.168943352078104 -0.0656856680203921
0.114713779383359 -0.251492815409979 -0.126763055566961 -0.0674673205113962
0.0289872112393212 -0.245901176783339 -0.0898532108026592 -0.0827367918688176
0.0214942137022758 -0.217003516862528 -0.0373730703515748 -0.0849274699705497
0.0144346592371057 -0.221173501260906 0.0411168606389084 -0.119937244134856
0.0852826399768951 -0.25055077597316 0.124478817577012 -0.129628037044974
0.178956507113169 -0.223772242330899 0.204203759765259 -0.0801202362462771
0.278769663138603 -0.171905711050739 0.233414881213519 0.0462383900057095
0.334149959354341 -0.0210134558336456 0.155041378498058 0.149597128470387
0.321385049991953 0.16983762434218 -0.0292593273760015 0.0903565743366476
0.298095029186041 0.253521041292309 -0.130704680388054 -0.146781381936084
0.161360319462047 0.193226762331755 -0.286868904816502 -0.172147184039609
0.231470205744948 0.172603594842583 -0.254453903370884 -0.244741551676243
0.286045355202389 0.0341431944219864 -0.227913280858947 -0.192928439913933
0.245288559010561 -0.113356197303903 -0.188949492207306 -0.11967340772251
0.156200943799274 -0.165333289875802 -0.126600856056537 -0.129683783341459
0.0859966633482811 -0.190037328081271 -0.107828918021559 -0.151747093149483
0.0279238143382656 -0.186786776015646 -0.0835113377245166 -0.170654439354542
0.0275979376284369 -0.162429007362309 -0.0293103986947526 -0.171107843273998
0.0344339084631426 -0.168035282652952 0.0598721784032518 -0.202655021967435
0.0996965835119336 -0.180597008814169 0.156842601913144 -0.193989407178529
0.172824234334778 -0.148029862475116 0.240777240617291 -0.117041224034894
0.244269436321553 -0.0884054158557537 0.241913504083489 0.0306738582683363
0.266139092050037 0.0427759281859996 0.132864686877929 0.122427661647832
0.228641873464482 0.190736850687563 -0.0539405996860112 0.0402115192072205
0.189606763798743 0.230357086090315 -0.168382299663523 -0.230198012024834
0.0485692186961196 0.114838959638431 -0.334276744884806 -0.231077779614139
0.108975177833027 0.115837533953705 -0.292423054024341 -0.236920203147145
0.151791670647033 0.0304160643383987 -0.222092135267425 -0.188513855127296
0.1268354845808 -0.0559740478745986 -0.169094601583906 -0.139143965624009
0.082485747192185 -0.073333532321546 -0.111827610363529 -0.172059119709655
0.0562556870560493 -0.0919275279619928 -0.106781290084337 -0.200304972868407
0.0295646786217134 -0.0974555386267735 -0.0790285741904869 -0.22390691266359
0.0283972311015795 -0.0836410446542286 -0.0165183791755017 -0.228931815163896
0.0380399949895548 -0.0908992283015958 0.0873273262110321 -0.257708128181841
0.0796675557158231 -0.0932763020342524 0.199648068317506 -0.231101226059134
0.120012539705656 -0.0717628080504275 0.283566727376638 -0.13115035602387
0.163075364971343 -0.0254380802322496 0.256601178542905 0.0274320798656534
0.166537420376648 0.0716708448012939 0.125891569674026 0.0959322847022766
0.119122231149422 0.16122751157162 -0.0456232068149967 -0.00322466921799148
0.0670252888768925 0.162237605753583 -0.165851813669515 -0.287634504822044
0.0444368072702162 -0.0535001540851479 0.204523787111902 0.291494060597302
-0.0227010963715297 -0.0744199773810808 0.0976856557772628 0.0153272077952893
-0.0719416072777018 -0.0336765830895041 -0.126923919483332 -0.109807322126905
-0.0562632181846975 0.0171430540472702 -0.283758458875192 -0.059963743159822
-0.0330947775010117 0.0150907986097073 -0.340926807777815 0.138301089628612
-0.0299813597814022 0.00844793951220786 -0.243821523482146 0.268281338121893
-0.0353242016958125 0.00438277636888662 -0.1058621416933 0.29818786355731
-0.0297944565981655 -0.00888516774518427 0.0188236748586195 0.290589707635448
-0.0441300980572807 -0.0111402987836044 0.101600206827613 0.250652793642995
-0.0449107989909295 -0.0288110431446203 0.142550865784172 0.220558685914402
-0.0269200054081863 -0.0324755249052672 0.147206559418729 0.193504089912067
-0.0286280322579132 -0.0342980809953452 0.183956867750272 0.182363582705431
-0.0174763940453815 -0.0510306149797949 0.231540773303048 0.191006367373808
0.0326976641455455 -0.056700299660587 0.254958504659489 0.212262033676142
0.0704647281295671 -0.0354764630277729 0.327402291268093 0.230636727140859
0.140995522985546 0.0510618848238213 0.156458613616916 0.300472425427733
0.0867401374352847 0.0160958777627218 0.0650853073288347 0.0139406503684705
0.052595136959977 -0.00349479031252431 -0.146667345757488 -0.103961075283002
0.0599308965513605 -0.009623025017099 -0.29053199163546 -0.0546987401357042
0.0574646211267648 -0.0527943239565717 -0.340468640253988 0.126716706913304
0.0240552046907376 -0.0832893185306208 -0.248740929995805 0.245947035027276
-0.0202143132562147 -0.094362138140647 -0.118482934321051 0.277605893552687
-0.0258043778333845 -0.102635884792922 0.00401495643033739 0.269017437282986
-0.053768373797534 -0.106704238165314 0.0925876669691452 0.224585741848201
-0.0320269120698513 -0.143551383435488 0.144243952608603 0.190722979585571
0.0282395795649368 -0.142663559803518 0.164369681618844 0.172770804139423
0.0799072897367475 -0.130299562307881 0.199875999455112 0.17357318848727
0.127229272665036 -0.083792873698322 0.229986566685269 0.189055561512931
0.179906886109486 -0.00900832839691297 0.220255164895578 0.184506584139514
0.217285100971382 0.0524211963875164 0.26861832563034 0.180998244286875
0.218415499771615 0.151169801262652 0.0875040041771248 0.254088806977269
0.192665983827408 0.110944348815606 0.0247913022292484 -0.0298584684763562
0.184253691249201 0.0291814381989103 -0.172889021780383 -0.122781278336726
0.181227145393916 -0.0430965429317278 -0.297424320048878 -0.0552195083573872
0.143562786214114 -0.12217308256206 -0.323110397214647 0.107898744218767
0.0750308619660174 -0.169533473776269 -0.231529811865879 0.200716941111696
-0.00391760879937075 -0.182658731964747 -0.119357871281441 0.22218466672155
-0.0198347854367669 -0.181036574597274 -0.0123519236900157 0.209399663954957
-0.0569099828327551 -0.183307087967343 0.0764174490773759 0.161660993911689
-0.0210934513892168 -0.233939847236198 0.137988122390455 0.126086203627795
0.0662791054854067 -0.232953622730291 0.179034198616172 0.119018499486724
0.159018147690333 -0.217948892533469 0.220415212245545 0.144203158806576
0.242777092402787 -0.121174093643505 0.228731299343679 0.184485864153422
0.298848227610052 0.0248753834332036 0.166211837486961 0.164944341782563
0.331720518811852 0.125338659371014 0.171515445402978 0.113334841216524
0.2714053769551 0.222916592915213 -0.000673602608862129 0.162828283373694
0.2839354007591 0.181464960065759 -0.0308920385910855 -0.099160243981449
0.304554516472595 0.0461110270541186 -0.200094146439905 -0.15432753749018
0.284228491251713 -0.0914325218085954 -0.293071075531179 -0.0625858158727217
0.205470781449633 -0.190035428195133 -0.284754839229309 0.0716092863425115
0.107434360667026 -0.239348131022809 -0.199118161570993 0.131240477265181
0.00830535275246266 -0.245168144573065 -0.111419625044292 0.135170671870714
-0.0111546527554943 -0.230910768744894 -0.027449999241178 0.121196854987188
-0.0481452952287009 -0.231234974104097 0.0561037160168938 0.0741732260989168
-0.0014474047064735 -0.286895270606958 0.124161526462993 0.0407045010975059
0.102142043628976 -0.284443613328459 0.185309333396963 0.0461586642034846
0.216534556244028 -0.266551020138451 0.233449361446273 0.103613361374684
0.319983719418906 -0.135646601606135 0.219083168858026 0.176796391098081
0.370516189444433 0.0603226301457883 0.100066103069317 0.151437974332936
0.389650831581452 0.181591832154162 0.0547924593621412 0.034859258548791
0.285799039594121 0.253849919556108 -0.104815928287937 0.0457010008943705
0.334607418860449 0.214165454215315 -0.107723081712891 -0.170803793429283
0.378756618876466 0.0434408929189109 -0.22285874595306 -0.180609210543844
0.339463835048038 -0.135910473764785 -0.269496112585404 -0.0770837659554061
0.228182806008302 -0.233759331765127 -0.23065633164053 0.0130567645870864
0.116418889241017 -0.275416983831696 -0.162191080827229 0.0379159551949512
0.0150121599667069 -0.271047658087182 -0.102840533272956 0.0285027372014537
0.000689092229824881 -0.245448958015041 -0.0377153435820153 0.0181709159777141
-0.0250870102976183 -0.24623469103024 0.040126630363262 -0.0254450939846125
0.0344477481158991 -0.296078467206149 0.114464440305472 -0.051712749025247
0.141847937567293 -0.28475166102994 0.19008091926979 -0.0287299382289332
0.260011612318634 -0.255360793804551 0.236890014875222 0.0654577171450461
0.354362626768538 -0.104717494552815 0.196063872031044 0.163106992572053
0.382701171297585 0.108755663833839 0.03055644908272 0.130644956499212
0.381928312164659 0.224828736559838 -0.0561868020264786 -0.0508948991893127
0.25426020548272 0.239659427345111 -0.211301937514429 -0.0703750726850519
0.322931946369875 0.204245543434679 -0.195040083213335 -0.22075698029594
0.374184249957022 0.0308796179791197 -0.23738134761225 -0.191684299142199
0.324319353607739 -0.153108518040076 -0.23249546958429 -0.0949967526759817
0.207248416738257 -0.231769159061488 -0.174326374403904 -0.0587111456672158
0.103317692710858 -0.26231987689096 -0.132145481830091 -0.0637545177092321
0.0167136445888737 -0.25234822895516 -0.0967501664189465 -0.0796867719440188
0.011399665607252 -0.22317305821143 -0.0420386269987257 -0.0847230672121199
0.00369741667835252 -0.225393681495957 0.0371857919192877 -0.125654231332962
0.0733497621819535 -0.261446833374519 0.121596905110155 -0.138268720502947
0.170793506559855 -0.237871629541137 0.207257650029643 -0.0919562391059873
0.275378199224 -0.190919034709608 0.238546416311374 0.03662700244468
0.33910641383478 -0.0368413588780239 0.166270509970893 0.14347565943792
0.335998422757847 0.158338246931519 -0.0252198594623115 0.0930713443492216
0.312787258424112 0.24335447681501 -0.140556386196925 -0.141065670562476
0.173898228966256 0.187465540000206 -0.302244868780815 -0.163866621265858
0.243986994795533 0.164126495027981 -0.269207261831059 -0.23907676621496
0.291206610998476 0.0203995816096724 -0.239047931705375 -0.189206553835
0.243330487357627 -0.127551402919141 -0.196427101432515 -0.114963664485272
0.149874111608116 -0.17718422942463 -0.134229628937466 -0.126861489338165
0.0769978842719104 -0.198148640769948 -0.117068122403418 -0.150448284149064
0.0187653770542188 -0.191969888644167 -0.0948419835014679 -0.169843079398
0.0211297113033238 -0.167099679022096 -0.0388196189832661 -0.173246048762515
0.0266386193461163 -0.172361269358139 0.0516725868900329 -0.210051227053848
0.0925765177265304 -0.189872455691069 0.150063322272055 -0.205583584891898
0.167720500627433 -0.159648577253333 0.242165527025309 -0.130541303492691
0.243931332214481 -0.103367850817163 0.248065885647395 0.0202768184513898
0.272704598656941 0.0321179913915712 0.142183526888172 0.118517685307113
0.241892366890559 0.183643830878165 -0.0520400888676706 0.0433836438816808
0.201145346390682 0.225021850170124 -0.183458496335138 -0.224808599868423
0.0548282183964577 0.113324262002728 -0.353494716747101 -0.221690736141709
0.116101768684312 0.112487009016444 -0.309080475676709 -0.229459663640072
0.154610626845726 0.0227501301331714 -0.232881406819959 -0.184097867791432
0.125410497403461 -0.0636371982190054 -0.176765065464689 -0.135342085293282
0.0802163206940507 -0.0795496845713165 -0.12234234695299 -0.172195035744169
0.0520260279183104 -0.0970212493606336 -0.119062994324499 -0.200138104415798
0.02498987872794 -0.100348210967957 -0.0933418757856714 -0.22473605284045
0.0260218598194273 -0.0863883945779719 -0.0286920286921014 -0.232323754368749
0.0347064886708854 -0.0932201592222893 0.0758823492417146 -0.267391919651794
0.0763627889914556 -0.0994615630480728 0.19098915853548 -0.245487676685163
0.11740592802109 -0.079072754807173 0.283957447334573 -0.146128595986606
0.163543692631293 -0.0340361319165913 0.262345979160191 0.0166942853275948
0.172815673184558 0.064981660718702 0.133669348583362 0.0928030250369498
0.12783275241659 0.158222482213558 -0.046293870285573 -0.000674551842457978
0.0737269130981154 0.161286219760998 -0.184146122870743 -0.28337261086353
0.0407443239343143 -0.0555619727846849 0.228500679936668 0.276878790856069
-0.0281767822262855 -0.0740709251062337 0.0997977834024494 0.00809232095468807
-0.0743411106408693 -0.0294515658982216 -0.13622150462782 -0.102079355105529
-0.0552849747767888 0.0222158242662902 -0.291217842987194 -0.0418856118590862
-0.0330715322288928 0.0174099774022204 -0.331887553268616 0.164301999866212
-0.0295174490986013 0.0099432871359928 -0.22524989333184 0.289408744028061
-0.0352662762091419 0.00751819930665302 -0.0834050481741677 0.308537816026244
-0.0319210311041701 -0.00695636833776311 0.0425674069628001 0.290851543067439
-0.0458083069238459 -0.00805234185677679 0.123170800059481 0.24400281055231
-0.0477857365796637 -0.0263286800643091 0.160665585019297 0.212964362866291
-0.0282721426843543 -0.0308442136216332 0.162737263898822 0.185947350002684
-0.0306631119504943 -0.0316862704569508 0.198030413043257 0.170427441458289
-0.0214437701111991 -0.0495031513221297 0.243807149245667 0.175288948912232
0.0300953562307008 -0.0601507308837103 0.269596963505539 0.197798145799612
0.067844874048834 -0.0393574076261885 0.350010675861411 0.210801663059343
0.145839370364195 0.0419229708337251 0.180823595795225 0.289366981177082
0.0892725115688548 0.00873118957657342 0.0672528679236771 0.00873268774404032
0.0526574647612561 -0.00875785412076051 -0.154768054791998 -0.0957949287416273
0.0592811419338269 -0.013852242382485 -0.296336774682373 -0.0367922558430453
0.0516500034736146 -0.0578318264699371 -0.332763116895891 0.152537508359623
0.0174646799676241 -0.085995374941192 -0.232007435304794 0.266608825126564
-0.0279405002026985 -0.0939424212453047 -0.0978008952877731 0.28971355018838
-0.0348476668252243 -0.102320417699568 0.0259752359989393 0.270085210080595
-0.0626859210294723 -0.104063560302795 0.112563338985541 0.217526785199897
-0.0440393527647999 -0.143309829952422 0.161147084567029 0.181782893411362
0.0189085423166035 -0.146548119628242 0.178949553573205 0.162935740315305
0.0710973298762024 -0.137080606176255 0.213053149658962 0.160366066191834
0.121241760952127 -0.0929682758174802 0.243730468515072 0.17204053692075
0.181374689725604 -0.0220422365444162 0.233046419072519 0.171226059428623
0.22196741554559 0.038239932293586 0.285616282816403 0.164649573154136
0.231475814477604 0.135779754136024 0.108180443838356 0.246904041372795
0.202807418642789 0.0964660060705151 0.0241444845873395 -0.0325309660377051
0.186565686181842 0.0147032898809797 -0.182880819708014 -0.113910544762804
0.177589767259102 -0.0570618937878671 -0.302768470626906 -0.0363780834290887
0.132848462221822 -0.134122293920065 -0.314996916955962 0.132200734528238
0.0615625610684559 -0.177131117633032 -0.217838848407587 0.219721998930394
-0.0184484384670605 -0.183764262180172 -0.102655495904582 0.232892303748131
-0.0347904985919166 -0.182015635369782 0.00462626771745493 0.210051846116337
-0.0717301284964642 -0.18088160795793 0.0913095239805844 0.155568550254492
-0.0409304514824235 -0.234939236106133 0.150534118734208 0.117092001513254
0.0499873908139723 -0.240627911482532 0.191387135050566 0.107423075523012
0.143792717679897 -0.231504057423612 0.23223657997873 0.129171419174024
0.234895569172128 -0.139505861275513 0.24295918865898 0.166662993784823
0.304217462301056 0.00373226737239337 0.178610358705196 0.155208263641677
0.341939217338091 0.102497529166408 0.182423651653149 0.10389879197981
0.289694602703407 0.20326014096412 0.0124849605461291 0.161328758986277
0.299989351199598 0.161578203100324 -0.0367403121790474 -0.0990296186256659
0.308778623987828 0.0227043396302292 -0.211396655511324 -0.143967548108181
0.277961050651887 -0.113073585036653 -0.298539598168351 -0.04366690764378
0.190841422349242 -0.206428801523985 -0.279327748840098 0.0933407649068004
0.0891555886118471 -0.250151691198666 -0.189953491938098 0.146566801040411
-0.0116242700544277 -0.247429705533912 -0.101523711633043 0.145440305605918
-0.0294390813015474 -0.233015319040684 -0.0178561946635988 0.123185280527343
-0.0663666727094925 -0.22943267313053 0.0639087057850696 0.068753117048965
-0.0247909177848379 -0.290237966305709 0.129773130373294 0.0322251652206373
0.0807633725464211 -0.295546027197941 0.192393968529594 0.0328357074419275
0.197561560991977 -0.285357762801613 0.241533772395419 0.0888836059791581
0.311885248546014 -0.160053809666583 0.233298266895449 0.158602099407457
0.378586176624474 0.0339630704129577 0.111428983057035 0.145502112516556
0.403814971817626 0.15367475915822 0.0590874940737955 0.0340341759187829
0.30710134033199 0.233838284638551 -0.101606520063427 0.0515950079577544
0.352548929467579 0.189769048906523 -0.119331378526463 -0.165883101868407
0.381112408150232 0.0143305737033088 -0.236195466434288 -0.168301792854311
0.330195400415984 -0.161600234208545 -0.275349129869891 -0.0605111631542148
0.210535378846282 -0.252685208591134 -0.228640132284457 0.0298905730154687
0.0953198057739607 -0.286629377042272 -0.16012479436601 0.0496903270129984
-0.00728144007218573 -0.274569793265377 -0.101177706017645 0.0371059783923683
-0.0186951531498596 -0.248557211363322 -0.0369330966990789 0.020133536314512
-0.0439283074858513 -0.245269549535332 0.0398592790124192 -0.0305773152233848
0.0100681223067093 -0.302095615534964 0.112490963106711 -0.0604659640539477
0.1205187826139 -0.298612101124918 0.192801204064494 -0.043141430545721
0.241841926077938 -0.277715617033386 0.242300844071913 0.0493539701683498
0.348145186600359 -0.130765424535715 0.21004336659896 0.147323953464058
0.394930261535413 0.0820175468723447 0.040394760686547 0.12862688972216
0.398278754091593 0.198137805120649 -0.0597877312159191 -0.0446709719106913
0.274857705006563 0.220579121700816 -0.218077490062829 -0.0572903961989158
0.339640287311657 0.18230753213669 -0.21100752773474 -0.210158942734662
0.376296934787265 0.00269720296198084 -0.251263736306207 -0.178273940140956
0.312979448239932 -0.177356447314208 -0.239153618000367 -0.0807792395361949
0.189223464506212 -0.249676694800094 -0.178718043559082 -0.0472112080506256
0.0828998444526167 -0.272655151430281 -0.137920468998229 -0.0554536969223507
-0.00419625832690143 -0.256002150058481 -0.10380738104853 -0.0725660609614415
-0.00470537202300724 -0.227385451105565 -0.0493688718035119 -0.0824441986682162
-0.0135422124154742 -0.227104261105447 0.0292156668983177 -0.13007722334732
0.0520445022123844 -0.269885140940557 0.112574297382357 -0.148381497201424
0.153215122293089 -0.252721656454583 0.205057735038793 -0.108112315112332
0.261325798686489 -0.213766513452366 0.242914210728164 0.0200641673374429
0.338314407371264 -0.0620415901691411 0.17950327964964 0.130524291240383
0.35029803653322 0.135970413116537 -0.0174471097728106 0.0953893890057447
0.329907368156016 0.221041005110019 -0.151693896548365 -0.129196082699691
0.189144970285896 0.173677606184044 -0.317469366788725 -0.145026850039801
0.257370619174033 0.147657835677388 -0.287922312153331 -0.222662860197045
0.292773723929899 -0.00158549612189691 -0.253594898001713 -0.174371109461297
0.233951647634785 -0.146399124513655 -0.204412924675001 -0.103478210705602
0.136945055797849 -0.190454596587146 -0.144207665987508 -0.118952064195264
0.0620489199932907 -0.206338149137894 -0.130122932918802 -0.144257437183751
0.00339875336868876 -0.194774142682427 -0.109122680883066 -0.163411699777188
0.00917430912739239 -0.170895672159593 -0.0530417379275475 -0.171377069844456
0.01378062676649 -0.17476047436857 0.0361536114839795 -0.216412239102049
0.0772173948185889 -0.199738112492232 0.135748772355855 -0.218617276982844
0.155145376898672 -0.173684270137792 0.235901062910953 -0.150104800404602
0.236693279449278 -0.123306708443086 0.250411345555864 0.00376070173770595
0.277221873255609 0.011096165506994 0.153016297014584 0.108091103583205
0.256769184737498 0.167808006027761 -0.0483265070099182 0.0473971006394401
0.2166506860979 0.210600033280524 -0.202532413490204 -0.21035869509734
0.0633771341102419 0.107955960386113 -0.374356492291741 -0.198101497842744
0.124669180606031 0.104125904157834 -0.327640483742289 -0.209915990395393
0.156107016161242 0.0111718151780709 -0.24605142198084 -0.170254425340913
0.119465634336042 -0.0731084759654538 -0.18647996342081 -0.124167353427776
0.0742848407249033 -0.0866317325041524 -0.136306620849856 -0.165069356831687
0.0438951506338143 -0.101620069348663 -0.135729243853581 -0.193946068886721
0.0167354352815594 -0.102670610786378 -0.113461743903924 -0.219469338470807
0.0210061358274442 -0.0891625143472063 -0.0483004004695856 -0.231420794542804
0.0280442202144641 -0.0957222344591131 0.0552335194468284 -0.276425184151127
0.0691270370897891 -0.106829903589567 0.172979445826318 -0.261386098008044
0.111284889947719 -0.08779036920923 0.276820990960147 -0.16894166957727
0.161627176385035 -0.046653067262954 0.265193183758681 -0.00149569751742972
0.178740214255518 0.0530489410888816 0.142468172368466 0.0841648680421089
0.139332560781285 0.149889394201151 -0.0458732664345505 0.00226521359363814
0.0846697167369736 0.156375478912185 -0.20657997067726 -0.269531859335662
0.0348705780091028 -0.0564023879075026 0.245635343371286 0.25061727762886
-0.033507868985006 -0.0703838457544218 0.0985012018059958 -0.000634762158814005
-0.0745580815648312 -0.0234351740804108 -0.141168193348929 -0.0907352475238453
-0.0519208196074593 0.0265126717943278 -0.289272720877812 -0.0200019494605764
-0.031334577183924 0.0196660674395622 -0.309562790413487 0.186235929276495
-0.0288157521911135 0.01213189971688 -0.196760699829582 0.300637084761479
-0.0336514545665709 0.0103554283014915 -0.0569886661874397 0.309164235101949
-0.0326871251763241 -0.00452783586684587 0.0666131760922867 0.280295987705023
-0.0465005504741407 -0.00471597011882974 0.142019429212884 0.227163822865154
-0.0491741716747056 -0.0222370084347734 0.175531057462905 0.196843991704802
-0.0291492131678178 -0.02824669409463 0.174031975072545 0.170140459579577
-0.0318118777990832 -0.0278386868262247 0.206239166873114 0.151603390107153
-0.0245382501898782 -0.0463141083751389 0.249281118922835 0.15279321302294
0.0256285030714371 -0.0616313445845303 0.276279334568482 0.174808205952215
0.0635111580735486 -0.0420126655595977 0.36117106445074 0.180619767542358
0.145760344203259 0.030107182652816 0.200531780829971 0.266337155774519
0.0881541997177006 0.00164440019159004 0.0670769917874044 0.00193153518700473
0.049929487817494 -0.0138861374521898 -0.159194658112722 -0.083563575611753
0.0564133753204122 -0.017994479737461 -0.292904897267493 -0.0148788821316838
0.0447419250577086 -0.0605937335519544 -0.310674209407462 0.174192878652023
0.008995154199191 -0.086188770413726 -0.204871628040026 0.279494773370151
-0.0356421500123866 -0.0891626615262153 -0.0713196982095169 0.291754643909243
-0.0440085313692203 -0.0979636749270447 0.0479552989834591 0.26164719601339
-0.0697711106778258 -0.0970658862204015 0.129317193675469 0.202523822099494
-0.0551767665668946 -0.137508302621662 0.174057320964357 0.166027015011508
0.0078099923400448 -0.145557155117042 0.189685015842986 0.147053242564514
0.0588120223133428 -0.139170123156491 0.219371205561536 0.14035308763305
0.111417435709709 -0.0991983467767956 0.248866918497034 0.148216632879974
0.177025127681745 -0.0362985796350325 0.239654304657174 0.150564617638068
0.218472423072205 0.0212918422843487 0.295352269038897 0.140844687146085
0.2368104250341 0.114838807549886 0.125899137083112 0.230666424724675
0.206131396961506 0.0782092454403238 0.0223561481730609 -0.0349555731138981
0.181784702027857 -0.00159625929318827 -0.186968054918808 -0.0992893636782653
0.169019867480298 -0.0693136023944969 -0.298766031942737 -0.0149916630228179
0.116909252873618 -0.141707620128506 -0.295991352151267 0.152923286273237
0.0448779498526544 -0.1793202066323 -0.195247496774957 0.231856410351398
-0.0333760337956674 -0.178276359118286 -0.0803735634939755 0.23637103605204
-0.050368069276894 -0.17634197874966 0.0225393392622031 0.205374506833945
-0.0847885008516977 -0.171389609245392 0.103782264632227 0.143069281890531
-0.0601395698471379 -0.227946001898905 0.158459356633438 0.103282013292929
0.0300361829521748 -0.240575248422228 0.197978095897149 0.0907767384891645
0.12202400525566 -0.238997533833076 0.235850568456597 0.109397564837284
0.218233046850172 -0.153574816876313 0.24905531695489 0.141113121283093
0.299197779276647 -0.0203204130083182 0.18624609558492 0.138697459280276
0.340258890509853 0.0746925983408636 0.188926631787857 0.0887791240758948
0.299882652699433 0.175640151054647 0.0258417400906696 0.153892967655348
0.305753185909076 0.13461003198097 -0.0416923212469547 -0.0951082332941035
0.300567560140712 -0.00323769232931333 -0.217402047137954 -0.126213177269087
0.261921028462986 -0.1321803573629 -0.294804506846998 -0.0228819827532828
0.167542122421896 -0.21719619151206 -0.263697822025821 0.112562412637164
0.0648341704901175 -0.252741734347241 -0.173641547132449 0.157342438643748
-0.0322609274109381 -0.241590807071238 -0.0866776259866849 0.149588053875298
-0.0487511858630913 -0.227043252245143 -0.0069208483203592 0.121425880455385
-0.0833768601960486 -0.219126523732124 0.0693103756521597 0.0600034903353389
-0.0498954383004515 -0.282709494955951 0.131781044634277 0.0210109881476108
0.0555197485129079 -0.296840400595083 0.193880938801976 0.0167822516556389
0.170338794056617 -0.296651603933319 0.242163456334691 0.0686062213590569
0.292201931033085 -0.179392755273263 0.23952623034333 0.133756691101015
0.37459729084608 0.00358571885694497 0.120320397505023 0.132611367911499
0.404115837950461 0.120020993381591 0.0626533580226097 0.0304293075288693
0.317996045037757 0.202633503930156 -0.0946285580887158 0.0560255203948616
0.3592540549238 0.158818063614678 -0.127583451715136 -0.154035554122983
0.371333216890102 -0.0166702317953859 -0.243343853269196 -0.148458663131405
0.308473610943793 -0.183978072643418 -0.272953020659673 -0.0400310480316926
0.18459760754101 -0.264103311522427 -0.219453119772206 0.0467575503132991
0.0682776244602807 -0.289047959445384 -0.152260749570236 0.0593868977209504
-0.0302472137175843 -0.267919698285715 -0.0956298409743822 0.044274377307361
-0.0391608814083063 -0.243479319006788 -0.0343723307601121 0.0227199815291485
-0.0625282911755662 -0.236200902911548 0.0376121953938494 -0.0349768865603779
-0.0160595986263324 -0.296980991450602 0.107029919554635 -0.0677939999868755
0.0929483992136809 -0.302284275571851 0.187673960136508 -0.0582908363199415
0.212588149956659 -0.293201052903019 0.239996215103432 0.0312943054621933
0.32993307677476 -0.155306578657282 0.216373190818346 0.124218645332987
0.393447820944011 0.0494902832731348 0.0503241722857915 0.122266316412958
0.403135498283574 0.162746366223056 -0.0606466123413255 -0.0366875036459456
0.284841425210925 0.192085994250521 -0.218118362639483 -0.0403463570883632
0.346086612083007 0.15179159646824 -0.220758943006398 -0.190476249759795
0.365263603427904 -0.0275759523827919 -0.258751955198288 -0.157012886274162
0.290335951610785 -0.19799554129416 -0.239124992725341 -0.0628709811843793
0.163585378778588 -0.25992910696144 -0.177249995999 -0.0319889353091197
0.05742728406851 -0.274070345281205 -0.139559347042335 -0.0453079970287885
-0.0256270554081474 -0.249984098162909 -0.10740171261422 -0.0630893147355791
-0.0234793163096213 -0.22352076821027 -0.0551785057763904 -0.0767657723914655
-0.031129162205671 -0.220273287284025 0.0187019201637304 -0.13111907523431
0.026329188463768 -0.269135048581501 0.0992457959913713 -0.15379360714381
0.128525671308546 -0.26020432307833 0.194093204011759 -0.122473035540313
0.23683187660559 -0.231284078967183 0.238701338291562 0.0024821682581734
0.324953142207879 -0.0868716736453647 0.185535521780913 0.111086788559746
0.354074995428362 0.105478786056074 -0.00867455445650615 0.0937730257849499
0.337465541758477 0.190643698617247 -0.158073876215508 -0.111399491121011
0.197957945995041 0.15302574046768 -0.322679108726261 -0.117853268947578
0.263284092127218 0.123553811965202 -0.298391469954144 -0.196634086775084
0.284002584234607 -0.024955215123542 -0.259856315093084 -0.153218589556502
0.215006371608757 -0.161351046897583 -0.206021184098721 -0.0868408327092966
0.118067033275696 -0.197940549567073 -0.15019245313478 -0.105778457161989
0.042882517197849 -0.207056775414196 -0.140038275592308 -0.133266976705882
-0.0130417826388243 -0.190669407433993 -0.121702991711522 -0.151494940741652
-0.00441410314751469 -0.169463719505322 -0.0667418544292331 -0.162965119428141
5.29524925460701E-05 -0.171330355610326 0.0173458358989012 -0.215217582142063
0.0578666863019879 -0.202000145036856 0.115516466135578 -0.224058929935362
0.137069192314154 -0.182543171212098 0.22069673852696 -0.16641393229105
0.220434704272972 -0.14006595101342 0.244977544128358 -0.014781323151779
0.271445385270673 -0.0100111263009987 0.159074751920257 0.0919621429758749
0.26408297539331 0.143966237206393 -0.0428337717919961 0.0496774914867214
0.226333327228102 0.189019361688934 -0.213924109781035 -0.187192620753293
0.069832277352854 0.0984514703289343 -0.384477393228496 -0.165296319533723
0.129701767605032 0.090924049646593 -0.337174247661605 -0.180206226102639
0.151711966982342 -0.0011028120207743 -0.252671660173846 -0.14896567223345
0.109156583865798 -0.080462178298222 -0.190545633230592 -0.107911532408592
0.0648947227879159 -0.0916888136484756 -0.146208104887205 -0.151851820249279
0.0337180760465004 -0.102625570063545 -0.149622496098022 -0.181613375693248
0.00763446751898758 -0.100996214092584 -0.130834783653249 -0.205483818336401
0.0141614276769123 -0.089495049295383 -0.0667353657016396 -0.221547878633201
0.0205925717805301 -0.0948708042807728 0.0313011571823379 -0.274707729974018
0.0577161114639577 -0.110344485517201 0.148848556083951 -0.269439460035137
0.101055703857438 -0.0940083638771439 0.258478252423141 -0.188161260677233
0.154365995426697 -0.0585220408516951 0.259746448059713 -0.0209141096757525
0.178595792691935 0.0375808898900237 0.146879900290728 0.0716480566585535
0.146787047851465 0.136119653246373 -0.0435121972886115 0.00593536413399673
0.0937062085596128 0.145512565883829 -0.223900765986713 -0.245426017733108
0.0298173627314612 -0.0546169540251664 0.249736721655542 0.224011531157544
-0.0366019147957189 -0.0658636329208679 0.0944795983939839 -0.00657807062708037
-0.0726990548797865 -0.0187299424346661 -0.139898360442845 -0.0797669464896669
-0.0473258926902005 0.0285539441118695 -0.27912139267682 -0.00397739385078076
-0.029716010796853 0.0215167831314074 -0.284328923019494 0.194315021445066
-0.0269517701196192 0.0131948948625093 -0.168983832225688 0.300806040609061
-0.0311619063352147 0.0123304171963114 -0.0358467631271367 0.300345448738203
-0.0323371314943441 -0.00210388910367617 0.0821568049877051 0.264004542818251
-0.0451421835224948 -0.00187094759886042 0.151074032388372 0.208489282855549
-0.0490983805269894 -0.0186507586272772 0.181283233802439 0.178964298757646
-0.0289887194219768 -0.025711899647633 0.177366818081696 0.155005134939354
-0.0313730474993808 -0.0239102466615487 0.204818276063794 0.133695024413476
-0.0261196619838276 -0.0420451065419668 0.244310320401062 0.131791175400299
0.0213281574749318 -0.0613084857826586 0.272666037558588 0.15388976171441
0.0582960884416212 -0.041836621347003 0.359279392200379 0.152631890803017
0.141153540132563 0.0215806395463553 0.207739459409972 0.240742490173666
0.0841438179483282 -0.00373475994719693 0.0654269877774103 -0.00270287229344761
0.0460055135046636 -0.0170264051420098 -0.157134521146584 -0.0717840475680151
0.0531838532879144 -0.0200442321930255 -0.28183197106168 0.000172223527396338
0.0378110466018453 -0.0599279273925718 -0.28624895812649 0.183373806978774
0.00244747412256248 -0.0835190665605365 -0.178605562266543 0.279285837034031
-0.0393363253256687 -0.0834013069392922 -0.0502356289914379 0.28385549383076
-0.0492021798971824 -0.0912773595436931 0.063727747881994 0.246074094031272
-0.0732547054844429 -0.0890355527799509 0.138173705755666 0.184578272394786
-0.0622896957514488 -0.128550864204488 0.177916743865025 0.14950072661226
-0.000800602724628839 -0.14053897477742 0.191536467809803 0.130555222586207
0.0484612996870514 -0.136847052836507 0.217152742088597 0.122997895949929
0.101365671795364 -0.100888349396237 0.243304482342299 0.126336173876312
0.168083831552869 -0.0449601490923111 0.236849372535411 0.132179024265351
0.210356278751101 0.00942556318934078 0.293396845853291 0.118632891852063
0.233216790843233 0.0957235924314909 0.134354724757034 0.211484393780121
0.201763619844257 0.0633059534607867 0.020928150667547 -0.0360905623956504
0.172189520224295 -0.0133767327490284 -0.184577859901275 -0.0863116521812968
0.157005670407568 -0.0759586231811072 -0.287332607860841 0.000609664126317496
0.10249438385983 -0.142038931729155 -0.272539978132762 0.162598275906604
0.0305317437590559 -0.174797499436004 -0.172838320093265 0.232675491041097
-0.0437475323232307 -0.169110136232382 -0.0618868964122456 0.231070408922164
-0.0601461180258468 -0.167028790480419 0.0344874501778111 0.194908449646396
-0.0918410657881624 -0.159092384142076 0.109269933699924 0.128772879025553
-0.0733132357666176 -0.214802863212253 0.159537746741226 0.0898894603051646
0.0152899531309446 -0.232886689095205 0.196068815405111 0.0749556273186891
0.10275323324945 -0.236329262257817 0.230577976874757 0.0925871489527099
0.200739699131024 -0.159134193433744 0.243333531887403 0.120080700198293
0.286079666196909 -0.036718074208439 0.18545768423709 0.122605890622091
0.328738650385401 0.053484768170431 0.189011133431089 0.0759976586023864
0.296112369608174 0.149278916695077 0.0344484134711873 0.144172290849314
0.300773049378416 0.111252456497495 -0.0438033960814847 -0.0902105647493411
0.284873025806842 -0.0213597262153776 -0.215285606100442 -0.110339867668721
0.24231176609587 -0.141855564694829 -0.283151801274264 -0.00751381303967604
0.146466642495558 -0.21719252135736 -0.243623990340114 0.122500343374506
0.045590422560429 -0.246356342161124 -0.157005243142698 0.160001235497117
-0.0461360915808932 -0.229057650558762 -0.0731920925363824 0.147661117100386
-0.0618741696303959 -0.216029902067343 0.000935702573697881 0.116284342717744
-0.0926618939549765 -0.204500213859485 0.0712064540145213 0.0512117044072019
-0.0657905889738189 -0.267628684682847 0.128784333768608 0.0122759947087475
0.0358255891029306 -0.287867893951282 0.188609468484614 0.00364752773152194
0.144488555054092 -0.29532259933591 0.235471656814029 0.0539540427086601
0.269452227560356 -0.188261182953465 0.234177838454369 0.111857403767425
0.359981997581077 -0.018061008884027 0.12225699538964 0.120795876095089
0.391440285535736 0.0924759357279189 0.0639464023097492 0.0276524666214585
0.315280291513409 0.174160987687417 -0.0869732219311477 0.0571017012801646
0.353085218482229 0.131374895187601 -0.129600652270115 -0.141561218600696
0.351686713164285 -0.0382026244491636 -0.241027998207194 -0.130386838197196
0.283868424921165 -0.193781843945011 -0.262755495128556 -0.0257176630237133
0.159239772813071 -0.263386072737047 -0.205901113001012 0.0569317074128558
0.0466761356194005 -0.281238288515557 -0.142894847884983 0.0644284881955677
-0.0461584442121652 -0.25429115012736 -0.0891896390845938 0.0473176376891088
-0.0531242822081262 -0.232377452711218 -0.0316530960498818 0.024294685314188
-0.0734003818231812 -0.222129293539687 0.0342164884990746 -0.0372489582170951
-0.0355258289065657 -0.283941253670423 0.0994208206477322 -0.0716007237222102
0.0705856068567985 -0.296481706681865 0.178209672490338 -0.0675617625667
0.184168574204215 -0.294763518388282 0.231777801783977 0.0184524640027236
0.306411690184901 -0.167816011071131 0.212674073762201 0.104132597024716
0.380278278846716 0.0247383546027397 0.0553885937671833 0.113636152191592
0.391805145512263 0.132821444274752 -0.0584509124489264 -0.0290546706522876
0.283106385371905 0.164681279544123 -0.211221288752139 -0.027773478502721
0.339570032189732 0.125385005383488 -0.221234909767874 -0.170783303006192
0.345810202531431 -0.0475678434013785 -0.255798876929951 -0.136792125527086
0.265199535396833 -0.205999153410614 -0.231188390719603 -0.0478685255127397
0.140640431448341 -0.257882176129043 -0.170130671100389 -0.0212619868565009
0.0367923722281468 -0.266118329107575 -0.13776294235207 -0.0369216847246249
-0.0403059021614087 -0.237728676211385 -0.107713436074135 -0.0542520342679335
-0.0367264693559967 -0.213680609534972 -0.0583245386971303 -0.0693569883306953
-0.0419918539524577 -0.209123755341509 0.00995958957220943 -0.128024893042669
0.00804994619933552 -0.259345461035354 0.0867645611087419 -0.153102353793554
0.106719744431235 -0.257517865368171 0.18060319839207 -0.129976405209857
0.211406010950583 -0.236903828919451 0.228455764626832 -0.00949572240174335
0.306236310139848 -0.102322948982224 0.183448974082332 0.0933861834859475
0.345067467168624 0.0805724830821156 -0.00289228108417611 0.08985067596728
0.331559658247673 0.163284905796788 -0.156680035042354 -0.0953555841351491
0.197761985237472 0.132608769440216 -0.315892466018059 -0.0951791228984336
0.258370167345993 0.102972443836859 -0.295726820712629 -0.171079938774416
0.267958511538021 -0.0398689296710611 -0.257077327749634 -0.133266285338013
0.195288681302256 -0.166431543351726 -0.201285908750713 -0.072066589444088
0.100405528926229 -0.196831087236534 -0.149425376339079 -0.093185628536097
0.0271482090439484 -0.200849854952234 -0.143203432062184 -0.121571826890455
-0.024797046140158 -0.181340650262909 -0.127388978856743 -0.137712794427781
-0.0144471647846141 -0.1628397108561 -0.0743557551530827 -0.151109543817221
-0.00966129666734415 -0.163858818006731 0.00321349135818919 -0.20762014901224
0.0418476830584557 -0.196962296870145 0.0975767966841153 -0.221368976121708
0.119674358762258 -0.18363732246783 0.203124653964554 -0.173605253539388
0.201106185060162 -0.147671029903456 0.233674291705871 -0.0262072154812629
0.258592527796552 -0.0263675105585287 0.157935853638834 0.0780437926914967
0.26077216869019 0.122642113993427 -0.0371996938592424 0.049370973291536
0.225860188643434 0.1673532190723 -0.215678238746922 -0.164353273684323
0.0718633625855145 0.0885899360798089 -0.379581521315295 -0.136374471975271
0.128793647641807 0.0791122642959203 -0.332340473878005 -0.153421404453005
0.143463649272045 -0.00967385637468672 -0.248982420722047 -0.129768495990314
0.0990068825053107 -0.0829702717009071 -0.186814842032701 -0.0933813166717394
0.0560101626464704 -0.0920500763398704 -0.148993191228172 -0.13823392853608
0.024960235554182 -0.100302904494845 -0.155853578255049 -0.166853359415414
0.00145364348443399 -0.0969041970771304 -0.140035427451825 -0.188996471900379
0.00889921272858159 -0.087319128298835 -0.0783275943140259 -0.207462840896277
0.0152479740065607 -0.09174394843867 0.0125753527602522 -0.264823813902288
0.0482647935012289 -0.108502940294072 0.126607941115311 -0.266775180956131
0.0908693927650607 -0.0953829932642539 0.236463231104692 -0.196790677293939
0.142510818398425 -0.0649751507688294 0.247325320058815 -0.0333237687386847
0.172532078927807 0.0250065361094833 0.14481266800662 0.0597170408000252
0.148011450798799 0.122067800501293 -0.0410682183226007 0.00809967551278113
0.0968371576563379 0.133314047507949 -0.22879674624144 -0.219924407137288
0.03214982768229 -0.0546106632492836 0.230555140712132 0.218373229979609
-0.0338593428266726 -0.0646855989011365 0.0896971366765076 -0.00293088175631609
-0.0702749518148486 -0.0193150777278282 -0.131866659337152 -0.0774242199889069
-0.0444623598867883 0.0279195536401475 -0.267729951341719 -0.00937765751422408
-0.0252026694856799 0.0220277315900714 -0.272342042248406 0.180776547055133
-0.0241419657244848 0.0131282841658173 -0.164055315596053 0.283976604370217
-0.0305158757500766 0.0132774566167541 -0.0365811568744224 0.28860825450853
-0.0321800402234023 -0.00204270345796912 0.0787796944477913 0.251603017367003
-0.042759369604499 -0.000950858073305819 0.145258364882788 0.199276378349329
-0.0460405346827298 -0.0180778420962169 0.174395545653016 0.172271863606164
-0.0254401933918627 -0.0255527891328538 0.168368208977951 0.150299831276493
-0.024745862490899 -0.0217315646142098 0.191184456659282 0.129508662728412
-0.0203363274989645 -0.038279210024717 0.226272096664876 0.129242089906383
0.0259356176879651 -0.0560987768015121 0.256362704191299 0.155907692157379
0.0607036576896129 -0.0394982740875932 0.339556098640831 0.158868751248334
0.137736103842995 0.0235707604142562 0.194845025630473 0.229828627608422
0.0809102020281053 -0.00119658089072484 0.063173077368325 -0.00379829282343009
0.043705356258013 -0.0136435951702564 -0.147615833863966 -0.075898682156865
0.0527007145076828 -0.0156472710901821 -0.269531043423727 -0.00919484393154739
0.041120493263203 -0.0538090321590103 -0.273862350306412 0.165907054752882
0.00575293655352163 -0.0793833184308486 -0.174470645702758 0.260673299629052
-0.0365709855124416 -0.0795073889242739 -0.0515119507884018 0.270520201481225
-0.0469785818391056 -0.0908001391702426 0.0603670945969356 0.233643599970676
-0.0690059242817404 -0.0858214955921531 0.133642449564692 0.174775629868674
-0.059548931791952 -0.12558607548336 0.173835670317644 0.141872434183996
0.00296824762794085 -0.138163667026812 0.187094078607054 0.12545533177979
0.0529804089757141 -0.129681658234267 0.209904900670402 0.11759862899552
0.10362983510041 -0.0930175169227812 0.230181526498136 0.125699610793725
0.16712046557651 -0.0389317705533296 0.22313206778416 0.137279056053817
0.205800045124908 0.0100619162592349 0.278791520903528 0.129021830789407
0.224799463431475 0.100076539893401 0.130001136290037 0.196176068999508
0.192158565629151 0.0683986916842635 0.0230152935232399 -0.0414316505320039
0.164198981845496 -0.00472986416222046 -0.17320411718539 -0.0956021713126351
0.15229226849463 -0.0657007959544242 -0.273484579215559 -0.0146659995086636
0.104578409512928 -0.130257517328462 -0.262376882843987 0.14154013554463
0.0335411769843212 -0.166036601114071 -0.16996606547641 0.21423292501596
-0.0392519952675985 -0.16194156788899 -0.0641465031493281 0.217900526844148
-0.0558014972226198 -0.165463302664391 0.0331414279169871 0.183796394867142
-0.0867093091489083 -0.155060490370305 0.106801170102322 0.120501313975918
-0.0700082590000459 -0.209815634385025 0.157142839135383 0.0835426449020249
0.0188554810170883 -0.229049528097591 0.19605162617159 0.0713642132411375
0.105505274173728 -0.226087856918455 0.228459625600134 0.0877286348864569
0.200632374893574 -0.148423029805836 0.233718846748025 0.120253540033018
0.280480063999966 -0.0296066252759156 0.175180071689981 0.129315630231793
0.318073983805849 0.0513115398050431 0.179624247877711 0.0888053703117527
0.28316367465004 0.155190708904861 0.0385033967132117 0.127259857196786
0.285298305864985 0.119654652115234 -0.0369207529547463 -0.0980282096325868
0.273392197386247 -0.00792022547201217 -0.201560911893608 -0.123575210371136
0.234562765042341 -0.125361123052652 -0.268295013535908 -0.0268365453830338
0.147735399940189 -0.201135820323521 -0.236262580222782 0.100583332701689
0.0490149658948089 -0.234912088415435 -0.156250053742892 0.143443939280308
-0.0410969106493292 -0.22139011933315 -0.0765054345821358 0.137179792642257
-0.0568165511041418 -0.21371492701752 0.000471684279000502 0.108571554419029
-0.087027222381158 -0.200242568906112 0.0709288722001093 0.0457127232388104
-0.0631011890435185 -0.262061669673868 0.128691983696172 0.00820335528455281
0.0387621538949632 -0.283073306613278 0.190971495487356 0.00241919250906664
0.145155554902821 -0.282259348007106 0.236772546991812 0.0506387858358945
0.266674708335799 -0.175800156402311 0.227955860091078 0.113468031717086
0.350262010451035 -0.0112042891087672 0.115607481340121 0.127621494273412
0.377065705133161 0.0899468712916492 0.061768849381241 0.041088172966858
0.300722831849383 0.181230081691515 -0.0744210532731052 0.0403724413120261
0.335771691462368 0.141826696534291 -0.116732894571578 -0.150593815753813
0.338213512314082 -0.0202580954642699 -0.22564014521977 -0.146087174509618
0.274681773624413 -0.173005763532997 -0.248640540632734 -0.0457507341411297
0.161085060001502 -0.245067477189622 -0.200841815757301 0.0379422281173092
0.0493836643080762 -0.268851629764681 -0.143119233887648 0.0524150359669504
-0.0400515732072594 -0.245953283238605 -0.0912042134018701 0.0398696593641699
-0.0477368438253042 -0.229482510156757 -0.0308064218242159 0.0203133417771481
-0.0683063635402453 -0.217646027805197 0.0360214817732894 -0.0392349974965839
-0.0338825707274896 -0.277679624399264 0.101256600829129 -0.0720647494983264
0.0726057952029503 -0.291601665753525 0.182351809709301 -0.0652305852143288
0.18277707583809 -0.281416821900922 0.236017748720158 0.0175563885217162
0.302398218810644 -0.155912256175128 0.208201373598415 0.107783441636324
0.368326261153702 0.0299734607647152 0.0515839219909551 0.119998128573397
0.375624565138454 0.127755975883109 -0.0544006628326812 -0.015699309186625
0.269202899375463 0.173454341005233 -0.191923479082229 -0.0432659386844171
0.32382059194986 0.136336768051134 -0.204376360962865 -0.179508095248122
0.332825455177951 -0.0297959866606912 -0.239287878778676 -0.152319360255293
0.258005815429213 -0.185600484370715 -0.218250872268886 -0.0656405747300676
0.142390490149217 -0.241084970194361 -0.166475180796115 -0.0354929513977113
0.0400941803279626 -0.254449366931666 -0.137189485299445 -0.043909410429214
-0.0351027916732296 -0.230526055348762 -0.109161348698873 -0.0572492489366056
-0.0312437184143377 -0.211509568406324 -0.0560956126455054 -0.0685658186145682
-0.0384054888414533 -0.204930228999731 0.0124516937261737 -0.124846245937652
0.00804554626426853 -0.25345613972618 0.0884439102362315 -0.149719764803298
0.107102057113068 -0.252839706792041 0.184817035876478 -0.123087009385664
0.206814140493563 -0.226598046726731 0.233496049603895 -0.00591270922732152
0.299670747704722 -0.0930991366621168 0.179690314604677 0.0976926951759446
0.332619254431893 0.0833795457219076 -0.0055219310065629 0.0949736140816437
0.316112293209725 0.156070080877138 -0.147090842545209 -0.083082338663556
0.187464328351863 0.13939917141067 -0.293679474031157 -0.106511755169472
0.245701853504674 0.112157911062256 -0.276480789656999 -0.179832028000157
0.258773720026163 -0.025307607564345 -0.241018630460507 -0.145633449422558
0.189990772155316 -0.14977070874455 -0.189322743501719 -0.0852286714037336
0.100880477656514 -0.183323334276248 -0.144566119059594 -0.0998500327218157
0.028348291977704 -0.191580841395588 -0.140631383793543 -0.122486272434746
-0.0217421832985211 -0.176821102509303 -0.126878184201221 -0.135803233385368
-0.0105594113909002 -0.161323757222494 -0.0715105719097547 -0.145823059392196
-0.00682253413922812 -0.160888870204523 0.00546302593051814 -0.20055951230509
0.0407783347670322 -0.193545048099486 0.0982132699369612 -0.213353639691184
0.118778508126079 -0.179334055786832 0.203375429906252 -0.163441602454307
0.195693300988457 -0.141343626109791 0.236078836614425 -0.0197229821906214
0.25161459856663 -0.0202393343489306 0.152467091412433 0.0830170198197946
0.250190796131267 0.121995945115313 -0.0394011356256485 0.0536650007110961
0.213437126297907 0.15961213092086 -0.202409118289799 -0.153197366565684
0.0665284426500897 0.0921261445679222 -0.357278285416379 -0.143639541369343
0.121997334115602 0.0842201099790234 -0.312556604101091 -0.159430279308352
0.137898984442091 -9.95366371365058E-05 -0.232609237159257 -0.136913852758884
0.0950406725863242 -0.0738318164705873 -0.174977899891741 -0.0988379321172506
0.0553103295304323 -0.08462398113034 -0.142200764725047 -0.138167651979693
0.0243237911788963 -0.0944780519085588 -0.15020342873541 -0.164440604968633
0.00250204261916985 -0.0944071126094397 -0.136713763021291 -0.183317145904843
0.0115716688548696 -0.0866567628445651 -0.0751136944324876 -0.198669857966943
0.016690527709391 -0.090933588375317 0.0135530576074957 -0.254230943532101
0.0472762477588881 -0.107169999151134 0.123295323446709 -0.254662253405854
0.0899239014553815 -0.0943787564879976 0.232409877243606 -0.183814483062611
0.140007781681741 -0.062655578985786 0.244466091108022 -0.0242792645274035
0.167435917265049 0.0276924828329504 0.139038991609239 0.0652431288167663
0.1404214732061 0.119531170082703 -0.042256503066579 0.0116363028799831
0.0889153517250651 0.126524441966142 -0.21348896004765 -0.210211683479998
0.0310277113837879 -0.0522973770377795 0.228589927222639 0.209545485378886
-0.0334915359410126 -0.0626074295951773 0.0884974222833178 -0.00453796474898382
-0.0694426949632943 -0.017881620906 -0.130736409158435 -0.0759749030289135
-0.0421233944468995 0.0282681798746967 -0.264087764229822 -0.00662914766275285
-0.023923197841656 0.0225299510220725 -0.264306335964363 0.179567194612792
-0.0232976025391224 0.0136620081383122 -0.155052628823717 0.280317444747103
-0.0293188639072534 0.0135248349382247 -0.0302152996237392 0.284533264941823
-0.0317421117946753 -0.0011500951171549 0.0830040576627058 0.244098918838598
-0.0424761157237515 0.000377978057795529 0.146700274979429 0.192882007849085
-0.0462151692847423 -0.0167160879813329 0.175129460393374 0.167077344088986
-0.024796647276912 -0.0253517910974641 0.167503460413634 0.147094619608874
-0.0234140397976619 -0.0206411792339563 0.18831315091109 0.125495615809548
-0.0200249210933107 -0.036742933531439 0.219987578445603 0.124825272884723
0.0249391174356943 -0.0560331904211997 0.251362441091868 0.152010116095844
0.06040677238098 -0.0377564121134182 0.338370933630895 0.152175746086318
0.1351761907549 0.0221861145824523 0.193942767035731 0.221117962976629
0.0800007923527778 -0.00121913262642717 0.0629312936712361 -0.00523209136847318
0.0414044926842533 -0.0145272408103094 -0.145820429611025 -0.0742302017066923
0.0512991724755824 -0.0160449938453011 -0.265419820320182 -0.00798132799306462
0.0394414405499325 -0.0526122434734042 -0.265988653764569 0.164344064499969
0.00396329174339021 -0.0777741534557738 -0.166796164835029 0.257886739654245
-0.0371676107992837 -0.0778066314868349 -0.0456870681547905 0.266233787935177
-0.0486044768518751 -0.0888413158430138 0.0639462554148616 0.228143758285353
-0.0696377029775247 -0.0833618850681402 0.135253982550694 0.168700708107264
-0.0609075676086341 -0.122111659535188 0.17434518216885 0.137101977430922
0.00202295121231876 -0.136925272188443 0.185838585939719 0.121819897518842
0.0510701533094337 -0.128897713264069 0.20582937224012 0.114299333259836
0.101207035781816 -0.0917078213994013 0.223786568494431 0.119780654420408
0.164384356950889 -0.0400967189392788 0.219713842255969 0.133195579519356
0.202324372486934 0.00855942682529387 0.277912376293701 0.124245298488082
0.221172838823378 0.0949075076640228 0.130206613975919 0.18871134759101
0.190016902221646 0.0656484986475946 0.0236043149673445 -0.0414096866875747
0.158671187815269 -0.00692122666678947 -0.170261750503147 -0.0923615943490853
0.148359908428021 -0.0667065813002744 -0.268503687145616 -0.0135322331015954
0.10025619304718 -0.128688585509829 -0.25487630788452 0.140958589860107
0.0295383215657667 -0.163883719166866 -0.163858793001272 0.212024222603631
-0.0418311776182967 -0.158870359552436 -0.0590880400051124 0.214321279069595
-0.0587857170152777 -0.162057082937374 0.0358700264111612 0.179271402040039
-0.0870191105891588 -0.15101437683461 0.107227317996479 0.115398155745847
-0.0731984377905105 -0.20551755097703 0.157623921754077 0.0798471512511299
0.0155336461850788 -0.226635453003832 0.194552108934338 0.0669922912670596
0.100598638435619 -0.223421016352089 0.225109915729664 0.0852088115808524
0.195780690658888 -0.147599113464569 0.227233704170677 0.113735249321235
0.275993330482131 -0.0323095430896311 0.172372150710363 0.125299160899655
0.311654868011294 0.048590644036406 0.180362232102271 0.0857904345654648
0.277950718290543 0.147781632004435 0.0395230996356175 0.122363118305971
0.282257317625329 0.114380853101915 -0.0348006447754557 -0.0958708140870273
0.265384444674842 -0.0109015260630818 -0.19797596351717 -0.120110715966445
0.227813120517884 -0.12619531376625 -0.263448135910374 -0.0254616864678633
0.14151508468812 -0.199142167921387 -0.229050565786686 0.0998209381927302
0.0427038191444738 -0.231386680579712 -0.152270225401252 0.142091791840638
-0.0444796384156203 -0.216803502823023 -0.073581869181726 0.134660803367072
-0.060539671534753 -0.210128224636631 0.00245097297755381 0.106271678256854
-0.0877345367904737 -0.195838104632489 0.0702667953523159 0.0424855007985217
-0.0673718473314373 -0.256290168327048 0.128177167640621 0.00633785087754019
0.0342324634124623 -0.279645611167534 0.189570726085871 -0.000674597937863928
0.138014687463094 -0.279987205796048 0.23241236620047 0.0486967472304746
0.260572613441044 -0.176496278548392 0.222537253308476 0.107605055410199
0.344634451874782 -0.0146352951435907 0.114776106977265 0.123678437286179
0.370024184545744 0.0844425412477922 0.0632923876225583 0.0407225158719849
0.294689345462594 0.172499895078895 -0.0713153947217787 0.0387857277046968
0.331304133054756 0.13556848695886 -0.114749306836004 -0.146168638318571
0.328855736776201 -0.023477467837956 -0.222343987842739 -0.141510403269475
0.267153922079372 -0.174026381833973 -0.243434679886243 -0.0442466042053609
0.154109804768785 -0.242537905704276 -0.194676368376165 0.0391419976245418
0.0429163954626905 -0.26405976779194 -0.141266822540553 0.0527071873015668
-0.0440356462146465 -0.240754641555449 -0.0902253833280885 0.0400232021476177
-0.0514244331829586 -0.226138507243503 -0.02956367131903 0.0207149848365776
-0.0695018067615387 -0.213393332059705 0.0345816772649728 -0.0398981903415557
-0.0380156710457826 -0.271732741576538 0.0998190698544559 -0.0726299113463659
0.0675858865892266 -0.288595704584724 0.179502957561807 -0.0675435782061437
0.173988479616844 -0.280090114450492 0.232085989044689 0.0160108418708315
0.294589569395107 -0.156960804269705 0.20290354517627 0.101787844229767
0.362724544179127 0.0249909944617475 0.0512303248957148 0.116592162913304
0.368859530787926 0.121252219155741 -0.0520949569516472 -0.0132413024831216
0.264573671049442 0.164249917026665 -0.188653867863356 -0.0414304703909293
0.319361485412379 0.130150304592941 -0.201123186647482 -0.173447546419539
0.324217072701675 -0.0325573335329355 -0.235910481088692 -0.147244522531128
0.249571640895582 -0.185433993654702 -0.213366685638638 -0.0640473486636507
0.134852975972792 -0.238416298434464 -0.161731154574261 -0.032822266927107
0.0334467514337328 -0.250049343577589 -0.137356356055761 -0.041803956033753
-0.0391616816130038 -0.22590128836387 -0.109891980083209 -0.054788977420962
-0.0354730773233231 -0.20804877950548 -0.0553875981753238 -0.0657075371467142
-0.0397793826292881 -0.200504481609658 0.00979584788975381 -0.123686382706815
0.00288449471227843 -0.249261392786849 0.0859666020195462 -0.147939038614871
0.101945159534888 -0.250334079421109 0.180594466471135 -0.12460071371202
0.198096916253652 -0.22628377879979 0.229722525076534 -0.00662728379312173
0.292292315118357 -0.0951908558857885 0.175532536519854 0.0921247740048077
0.328306365336741 0.0778264770189233 -0.00400739988518813 0.0925963624214
0.310917818545314 0.149549191701944 -0.144966609508066 -0.0776034982770129
0.183829201790616 0.131848805029231 -0.289298610721234 -0.10256458284219
0.242235402302316 0.106449224284087 -0.272027364510955 -0.172602865859973
0.251533473195896 -0.0273090131793502 -0.236644798859999 -0.14050190166126
0.183322868918765 -0.14995972032002 -0.184465337197327 -0.0825921220907589
0.0952970131113556 -0.182257702078714 -0.14170375542074 -0.0962522488788078
0.0236663523323137 -0.18819710933912 -0.142014078442638 -0.118484867203442
-0.0247172240706642 -0.172806311588062 -0.129183408037968 -0.132298531205144
-0.013333912516089 -0.159713775971956 -0.0725728451522998 -0.141488598353533
-0.00791733643229962 -0.158664380802568 0.00172464305820469 -0.197330997724712
0.0363022407717338 -0.190104085122864 0.0933329770633707 -0.210151519754478
0.113382242837822 -0.178393987805754 0.198416325529475 -0.163468775742931
0.188264223738392 -0.142303806600787 0.231999935333356 -0.0200972147009481
0.246366126289257 -0.0233216899267792 0.150097098627128 0.0789594254251241
0.247397345843269 0.117034461099577 -0.0375625567340396 0.0529034958480741
0.210665071011519 0.153612923668096 -0.200766241210568 -0.145327359511804
0.0654403468548455 0.0877993728595412 -0.353144504495264 -0.136958451041627
0.120257030904091 0.0808825887009634 -0.308331913026936 -0.15189238289039
0.134275767322343 -0.00187857741488154 -0.22861071759067 -0.131866025958469
0.0909909754920091 -0.073720949897187 -0.171436010496252 -0.0961670514284943
0.0517295309276196 -0.0844943673972956 -0.140699655478108 -0.133929506790664
0.0217371010483177 -0.0925443889631915 -0.152779593532843 -0.160008961031577
0.000576689931528143 -0.0925675706980773 -0.13995927316478 -0.178018061896413
0.00965451644071306 -0.0864656091672518 -0.0771840005852272 -0.192830532354357
0.0161738348741983 -0.0898312357185714 0.00840397743324966 -0.249291157483917
0.0442389599868242 -0.105705727933001 0.116828212781049 -0.251926175965302
0.0865943629476149 -0.0938230734888338 0.224965991089723 -0.183765011773575
0.135755908853466 -0.0634946162386173 0.240196320229205 -0.0260455156049184
0.164347921532409 0.024807888366315 0.136810046176025 0.0620221494352107
0.138961409004166 0.116002456737484 -0.0410577031606831 0.0112159817440757
0.0873386418366104 0.121602759467562 -0.212636877626649 -0.200241837494517
0.0307110951496545 -0.051377871800581 0.232239364917625 0.206109300803635
-0.0340730448034657 -0.0621831051216014 0.0899871639437781 -0.00656234743303973
-0.0705448282244603 -0.0170654909997138 -0.132669881166659 -0.0759156842433242
-0.0409243175789738 0.0286914631392845 -0.267884730929829 -0.00425248279600891
-0.0230586684345005 0.0232357541676567 -0.262009363422916 0.181748553544018
-0.0230163262542064 0.0145485833595976 -0.149698364489981 0.285215140354423
-0.0288211904303265 0.0134751222068709 -0.0235920613939333 0.287412273864496
-0.0321098705169172 -0.00121638281771408 0.0885471873177293 0.243213971609856
-0.0430861076283318 0.0012356692782804 0.152626338585866 0.190422986806993
-0.0465597432789506 -0.0160519894063847 0.18046446126153 0.16643042367473
-0.0247362591492423 -0.0262293409061736 0.171429021926052 0.146630890746862
-0.0226188170659824 -0.0204845650170709 0.19032562828029 0.1244317255705
-0.0198305739722278 -0.0361089857751333 0.220329202423379 0.123313063522096
0.0247741207540897 -0.0569518314115384 0.254441310984106 0.151184218955869
0.0610704756037427 -0.0380609595851295 0.345272655928748 0.148221626578984
0.13648398104805 0.0208167489680747 0.198348085853699 0.21684979213575
0.0814809532187794 -0.00225517958193791 0.0646706127064238 -0.00693271586526363
0.0397913897014297 -0.0148330224892094 -0.14806577503076 -0.0735253376810552
0.0516168040954416 -0.0181395889490815 -0.268403056785194 -0.00573895735964347
0.0392499719194004 -0.0535575271213774 -0.264167278125331 0.167179616071225
0.00245006065391444 -0.0779125566203643 -0.162549282318483 0.262323552004573
-0.0390783633882477 -0.0779626671190537 -0.0399767054358285 0.268507446297406
-0.0509526509302309 -0.0893651911867733 0.0696201172265245 0.227315917826622
-0.0717754297800646 -0.0827447851356616 0.13945008908078 0.166017430786229
-0.0643472967103539 -0.122063218195315 0.179395902112749 0.136067273510175
-0.000105788463309111 -0.139100590169981 0.190146732012071 0.120450076383704
0.049507937340033 -0.131018163254582 0.208409773987216 0.113443060995941
0.101461640181198 -0.0939983232270053 0.223497835512772 0.118115067628086
0.165862455269144 -0.0437475782591086 0.220946592917416 0.131712922907817
0.204197238422596 0.00673382470787329 0.283956119131973 0.12037392078133
0.222444023004791 0.0922625113376983 0.133488053404156 0.185429882028702
0.193047636158886 0.063063829593433 0.0244193793583004 -0.0423151559870174
0.15740590580402 -0.00916676784889247 -0.172418229244399 -0.0912296873068138
0.148309945156586 -0.0702200090445378 -0.27080774620959 -0.0113331283661387
0.0987734450982594 -0.131218338570852 -0.252792036875404 0.144510703416897
0.0259454581564243 -0.165218321231737 -0.16119985601971 0.216283693169822
-0.045743083530614 -0.159363039316142 -0.0552302998856592 0.215876085147096
-0.0632269074729125 -0.163286168257371 0.0406890963150456 0.179195255454804
-0.0901747985772927 -0.151047670288691 0.110824433901998 0.112970283339624
-0.0777824182981163 -0.205653343740983 0.161839834882249 0.0777256788049972
0.0128800409635776 -0.229984525905942 0.197651350374979 0.0653297407828005
0.0969592642050008 -0.227892754909511 0.227008684790226 0.0835386638099218
0.195706606316682 -0.152144134325504 0.227086731620899 0.110592133195517
0.278609003871794 -0.0372077630089538 0.174140335196486 0.124107646472426
0.314093680132999 0.0454405815437656 0.184958055273445 0.0838550302622408
0.280165702280588 0.14415248168307 0.0429645317946632 0.120204544201992
0.286874225612245 0.111789120662262 -0.0348038714169878 -0.0967714310333384
0.26442655656068 -0.0143426853250072 -0.200068384358769 -0.118178328907232
0.227117439748907 -0.131688179460473 -0.264942135553383 -0.0238524385722076
0.139496183308216 -0.202711840082484 -0.226886728394289 0.103359920331615
0.037845890230079 -0.233589506069236 -0.151007726146691 0.145486595326266
-0.049792896957129 -0.217300810967924 -0.0716493405406314 0.136506804366334
-0.0662314292535515 -0.211316588883513 0.00567324325556585 0.107030151954702
-0.0910228723889182 -0.196407048695304 0.0721678297698927 0.0402703335219094
-0.0740868656690172 -0.256648124875377 0.131045940137492 0.00433042344296889
0.0299683771795062 -0.284516511183562 0.191254906370111 -0.00394140373136239
0.132415361866862 -0.284923993463874 0.235933638463309 0.0474972164242083
0.259726616774985 -0.181719869221285 0.222193356963743 0.103657491711175
0.348458931953502 -0.0206122737157243 0.115889755329672 0.122881818520476
0.37291069332593 0.08011760003839 0.065883040753546 0.0414569955500133
0.296914682416983 0.167354493506857 -0.070918932641872 0.0378596117502334
0.336363987138463 0.131463692823218 -0.115453916530223 -0.146145476058845
0.327913250352237 -0.0277891203323255 -0.223783112256383 -0.139444560639733
0.265311735421327 -0.180090451589491 -0.244178317457784 -0.0431807920205305
0.150508637717847 -0.247478099788724 -0.193554942401748 0.0413541365875764
0.03741182371644 -0.266917563196762 -0.142515853243305 0.0550335138552816
-0.0504154805187853 -0.241760094077933 -0.0919933191919861 0.0410263649409664
-0.0579715013540985 -0.227990898629603 -0.0288497097071944 0.0220221319590957
-0.0733902766002247 -0.213969171137275 0.0343132471526156 -0.0420580820572855
-0.0447740830030034 -0.272926483222294 0.100298534412601 -0.0745919975650776
0.0625469309131442 -0.292440187658086 0.180654534368014 -0.0717904584643823
0.168848976194632 -0.285823273130934 0.235495176811324 0.0152450972452322
0.294586137643075 -0.163210544051772 0.203405455003354 0.0974290412663087
0.367241745104403 0.0197261730934743 0.0530129540573762 0.116357000553909
0.37140931715543 0.116840854688474 -0.0513257515085644 -0.0108523101068529
0.265855784838927 0.159800215387637 -0.189486117980227 -0.0401331404010398
0.323619607797642 0.125746954285245 -0.203651105163552 -0.172068202520491
0.323644468320208 -0.0375705851082311 -0.238024862213941 -0.145573035596667
0.247520443632053 -0.191071396813171 -0.214097343142771 -0.0634201862344334
0.131711895383029 -0.243130687064157 -0.161430913861016 -0.0308866143784236
0.0280991936576803 -0.251920883477098 -0.140239332446288 -0.0396673587410936
-0.0445404874359152 -0.226378264956866 -0.114316663632153 -0.0532519601067968
-0.0402777920523752 -0.210348977744815 -0.056943624764487 -0.0651838180114068
-0.0429528642007924 -0.202580356910922 0.0076022706561593 -0.125857462305884
-0.00279324957483704 -0.250798497186694 0.0849458236598608 -0.150196580329414
0.0967453056577976 -0.255555887078635 0.180830207653364 -0.129043726004258
0.194539047617075 -0.231475866318041 0.231870474094873 -0.00840426832735231
0.292346250931969 -0.100637481765801 0.176302921008188 0.0887877831304761
0.332638322099115 0.07264487916189 -0.00305367417664339 0.0931023346944209
0.312881659558253 0.14544622237868 -0.146202614743127 -0.0735198929911251
0.185210240883918 0.128399844786208 -0.29307573487405 -0.0993927194232406
0.245418820922765 0.10282866464579 -0.27457749742574 -0.169019702681012
0.25119010130651 -0.031336786796673 -0.238542057835286 -0.138552017043077
0.180947539364867 -0.153515592670067 -0.184942118386663 -0.0816496624323787
0.0919898020811988 -0.185616285851798 -0.142160803169866 -0.0954790671096156
0.0192713174675229 -0.189487787017285 -0.147161764258532 -0.117535318581304
-0.0284832805295978 -0.173283433293233 -0.135208245154342 -0.129649399276014
-0.0170903730960835 -0.161154642766147 -0.075381412320752 -0.140090730266159
-0.0102248357784336 -0.160503759783025 -0.00228348894017456 -0.19892710508399
0.0322472436823588 -0.191969220695917 0.0912167307300517 -0.21341740103128
0.110790559454789 -0.18216710260399 0.197400815195371 -0.168635443502454
0.185815905312648 -0.146625950140131 0.23396296993319 -0.0227512245607848
0.247115559355181 -0.0270960792909577 0.151122094383633 0.076543898152781
0.250759143206724 0.113864184987965 -0.0370427932233576 0.0533763750047454
0.211983148479786 0.150430027284538 -0.204084506439934 -0.140123570271829
0.0656376086517992 0.0861611325702183 -0.358314999379916 -0.131962565401428
0.121900936957363 0.0789343378922048 -0.310516696781324 -0.147411078366865
0.134051396255526 -0.00407573019513706 -0.230804236360896 -0.130090402458981
0.0896087948390478 -0.0752383387772659 -0.172008767361947 -0.0955677564214599
0.0501766180883666 -0.0863753278279105 -0.143120645010086 -0.132637367606915
0.0192087781797068 -0.0925467826168005 -0.158349748753361 -0.158022410381139
-0.00133529094146572 -0.0928232795161817 -0.147443499129917 -0.1754310481476
0.00774008738379525 -0.0879462006193047 -0.0821029202500089 -0.191862414374462
0.0156435814543552 -0.0915219204262644 0.00283727465768655 -0.250455819836349
0.0427513556809622 -0.10723392864693 0.113009986547032 -0.255181548379072
0.0852310954690117 -0.0956685094459882 0.224581962819313 -0.188937913240705
0.1342719396999 -0.066275796171867 0.242987645192634 -0.0278227947398207
0.164470238799518 0.0222035905270953 0.138756864133757 0.0614100287579499
0.140964746334116 0.114417318632607 -0.0414778789632279 0.0118736426350582
0.0884393325130929 0.119879579798538 -0.217580899784214 -0.196190503895646
0.0303387090466757 -0.0521056333137931 0.244265328439547 0.200511677882592
-0.0357342887274862 -0.0621040646509926 0.0924430280184066 -0.0108567115547414
-0.0726830778695578 -0.0138260317395655 -0.139385509684965 -0.0732384528760959
-0.0401124272401822 0.0301732451669821 -0.275299464597142 0.00472556643873806
-0.0221318929768105 0.0249874227822061 -0.261571980444404 0.193000762427038
-0.0218434164959127 0.0160518414357132 -0.140834404217942 0.29617737062986
-0.0284693230510651 0.0149080347551966 -0.011042417319256 0.294461930686568
-0.0331543882010953 0.00038594542613557 0.100319547158047 0.244331159163485
-0.0437124510946307 0.00296075321321358 0.163854098017778 0.188225773396518
-0.0482343031312838 -0.0141710648456428 0.192310388646571 0.163947807726555
-0.0257991686850989 -0.0265785221862331 0.180839475606096 0.145777082868987
-0.0235660466165708 -0.0198008875814275 0.197580224755609 0.121052008260856
-0.0202863381915261 -0.0359464595044414 0.226378805164447 0.119508144888452
0.0239510116899488 -0.0599345910444845 0.263725261141902 0.148674831464482
0.0621342723071252 -0.0400144307319442 0.359783914167638 0.138140057871162
0.139886469374432 0.0169600019260589 0.209399816069976 0.213015883807516
0.0844244185721234 -0.00522220074094293 0.0670549960795085 -0.00976372661454044
0.0391020308367286 -0.0162558225820836 -0.154264905250459 -0.0706481655248637
0.0525616379469439 -0.0213655148675322 -0.27616153239966 0.00297221861593829
0.0385131773160807 -0.0563318959009906 -0.263956891017959 0.179287521239323
-0.00056155307292202 -0.0798976222279963 -0.154650612588644 0.273668059621754
-0.0433978538905191 -0.0784262158140079 -0.0285220557008545 0.275209377876103
-0.0566380829091612 -0.0894671076570182 0.0808006706177841 0.228529643428175
-0.0763047366950916 -0.0822453421845787 0.149955749687087 0.163038870054081
-0.0708836044573746 -0.122061539652525 0.190622798889365 0.132874694545858
-0.004958562545914 -0.143828031324904 0.199125682685734 0.117243033140648
0.0461091759781376 -0.135870373985937 0.2160847132584 0.109457059035422
0.101109254648481 -0.0996201769953262 0.228850281362047 0.113160374500148
0.168943135295488 -0.0503483329598783 0.229569694343659 0.128766612498084
0.209999758709959 0.00101840249737268 0.29684133234963 0.112641392224522
0.229456797759161 0.08598078761848 0.142775218877885 0.182796739082948
0.201076753723211 0.0577538092261251 0.0257641162841193 -0.0448865837522327
0.15864148810373 -0.0143100715408115 -0.179001529235633 -0.0883104114471445
0.148555528035456 -0.0785750271664084 -0.2781031326009 -0.00373107965278165
0.0959224366440496 -0.138147365875736 -0.252052630645662 0.154975324327861
0.0195202239737626 -0.169783119963988 -0.155475371111186 0.227072196932098
-0.0537119816956662 -0.161258822174965 -0.0475245224765003 0.221865267203301
-0.0729170234102813 -0.164677769165211 0.0496469708566848 0.180137874991384
-0.0980128635067553 -0.151643750327972 0.11806155654613 0.109893410740891
-0.0885283510247056 -0.206667709715019 0.170333743106679 0.0734601659828578
0.00419100233214294 -0.237660162514983 0.205564874271873 0.0595225420137988
0.0906873429099861 -0.236752194614453 0.234991454711829 0.0800583556104211
0.195137181059171 -0.162323771736863 0.231879329685463 0.105557252042104
0.284738042551808 -0.0484980266411009 0.181355415023289 0.12161350481769
0.323430498265182 0.0358718318219512 0.193490963704288 0.0793856709985819
0.289222438590547 0.136760724805401 0.0478335371409185 0.118687024971422
0.298582621742013 0.10434563063966 -0.0365109383686024 -0.0981179118560537
0.267006435726678 -0.0227271048084727 -0.207582509539309 -0.114808538473528
0.2264714471068 -0.143039760861679 -0.270963843662515 -0.017433965111687
0.134450255829814 -0.213285490786475 -0.227061509205507 0.112290062103831
0.0282981329186421 -0.240157616918269 -0.149333698396148 0.154361157213248
-0.0603458707166249 -0.22004629828138 -0.068733212068164 0.141500221901012
-0.0780530356343181 -0.214154707006286 0.0107718828292453 0.108162265573941
-0.100625828700283 -0.197701830244417 0.0752151526880204 0.036640381347422
-0.0870229789222684 -0.25943800644545 0.135938928179538 -0.00110296388861279
0.0198229329081794 -0.293753890118323 0.197199817371963 -0.0116433152051023
0.124076775278997 -0.297444436809701 0.243546104369093 0.0416177393006735
0.259138450581244 -0.195399739659475 0.226912303655715 0.0981981921771048
0.357181398340165 -0.0336310940590797 0.12200154666283 0.120826298305747
0.383265062896499 0.0688900748702805 0.0702976068945478 0.0409576916327295
0.306970370883296 0.160222379136001 -0.0702985764895118 0.0387073917892457
0.349464952481746 0.122544107815302 -0.12035100553038 -0.144662008902207
0.331897437849888 -0.0388710191262098 -0.232551695426194 -0.13538637869886
0.26384467660313 -0.194086963422211 -0.251122836696672 -0.0376617736263706
0.144680098591189 -0.25917573387121 -0.193445950901233 0.0484890132587616
0.0262149552023257 -0.273376253135264 -0.143647027932788 0.0613421013608242
-0.0624095579255748 -0.24473103724342 -0.0939763977568679 0.0459487493102674
-0.069939306962581 -0.231443570558322 -0.0280581333228218 0.0231980036815797
-0.0827469973154857 -0.217582315391438 0.0330834127655471 -0.0455904002474446
-0.0579727901131232 -0.27639465003808 0.101259613532407 -0.081022229690881
0.0518418415763882 -0.303786527627231 0.182835488222073 -0.079819223782859
0.160079526281557 -0.299097175278506 0.242549993788554 0.00885095500912619
0.294174165061638 -0.177439652679849 0.208108322117016 0.0924698227010575
0.377444980285368 0.00671431434645217 0.057143513576179 0.116593509744261
0.38264637716463 0.10694483783465 -0.0513285862563597 -0.00754695037652707
0.275026525426178 0.152402223351408 -0.194573660554994 -0.036577856628975
0.336452385594588 0.115810433436206 -0.211156080526287 -0.168407632148602
0.326336648410684 -0.0488281940624187 -0.245848672725081 -0.140147696473832
0.245479806491853 -0.20439971845006 -0.220297867783568 -0.0595988313900696
0.124112549030619 -0.254153994324749 -0.164058976445396 -0.0268237159485055
0.0172141765560054 -0.258203274598673 -0.14603244752896 -0.0350277378136546
-0.0562229904696423 -0.229399699191011 -0.121456561081761 -0.0490205496236316
-0.0514718864090138 -0.214203724883872 -0.0610866828654207 -0.0638714214637209
-0.0516225533341053 -0.206397480012214 0.00240609855061235 -0.129589847982293
-0.0143457943261359 -0.256135726993225 0.081710228836955 -0.15743979034586
0.0885240862581084 -0.26626838320913 0.18019600547063 -0.138791427339253
0.187541982650186 -0.245175202366912 0.238590996730813 -0.0152753715436027
0.294421269252852 -0.114449382994871 0.180930761144956 0.0844887038218118
0.344127982819719 0.0627374376189968 -0.000490325535571163 0.0946071899898193
0.324044535955459 0.137023939998936 -0.151400257622195 -0.0675164563418276
0.191373101821834 0.123179468335045 -0.302094013783334 -0.0918932362611629
0.255245885189856 0.0959530245353922 -0.284339934945333 -0.16302505739789
0.253808625997723 -0.0405046373073845 -0.246718135609274 -0.133404551966339
0.178282139431736 -0.163504832990006 -0.190157874995577 -0.0789227400048908
0.0864170628549307 -0.193848295536585 -0.1474044363307 -0.0931631201587286
0.0111529847747686 -0.193604468909498 -0.15629384247742 -0.114466202486356
-0.0372740895808517 -0.175987868971405 -0.146262763917261 -0.125584989817376
-0.0255452320219471 -0.16553508291071 -0.0830392527066436 -0.139250014729054
-0.0169649441966301 -0.164885808922852 -0.0104568613484726 -0.203371721010037
0.0244069452286116 -0.196988239966482 0.0849243984458834 -0.221221040083247
0.105070688219951 -0.191126087364121 0.195928880010807 -0.180402482066756
0.183148731441356 -0.157231424799292 0.240882565930327 -0.0306994053868867
0.250802037904216 -0.0371498094093137 0.156390326016705 0.0724343809308351
0.261167323355861 0.106611470235691 -0.0371620303923513 0.0552598611335708
0.220848674146871 0.145778387917677 -0.213769603532183 -0.132640497934701
0.0685287232230619 0.0841205158725789 -0.370106382722272 -0.122389503019803
0.126720513070466 0.0756985578204957 -0.320332615754709 -0.138120803340417
0.136478961262894 -0.00888923960406338 -0.238444676489607 -0.125128325965318
0.0879151367331451 -0.0795620342569308 -0.176610144152849 -0.0932958493580205
0.0463396060138443 -0.0905964466745192 -0.149602407978376 -0.131830722145811
0.0152336033193523 -0.0950447248348372 -0.170082785351299 -0.155621374329243
-0.00576289720749221 -0.0946698469232955 -0.16084383823027 -0.171657308948227
0.00427878186456233 -0.0907840989431733 -0.09193342087584 -0.191899461891878
0.0126314421907864 -0.0948404589413786 -0.00808403622208699 -0.255874084143918
0.0390806265306559 -0.11060663643871 0.105732961935809 -0.265146178877361
0.0826685186523894 -0.100811225712788 0.222593339710618 -0.20140036288732
0.133702067713408 -0.0722997774971328 0.249005333440458 -0.0367688042945068
0.16874055631431 0.0167187863068846 0.144028056444548 0.0579226596661978
0.148011726378036 0.111732667168449 -0.0423888825927717 0.0137051312200437
0.0931491980242028 0.118409177572976 -0.230383512154423 -0.189102438093807
0.0283210307034282 -0.0534983858221837 0.259368729303913 0.186450391120679
-0.0389674635501368 -0.06081731441962 0.0947288076335754 -0.017160922598106
-0.0742609010008151 -0.00916817464163316 -0.146772069463971 -0.0658969062952718
-0.0382068669606957 0.0322762193297154 -0.280289697804517 0.0222947346498495
-0.0197287719637889 0.0260702275356261 -0.253989477249292 0.211036635187755
-0.0202344391143757 0.0172503208741574 -0.122011688012707 0.309343307097069
-0.0274404727576805 0.0167676622910895 0.0114833337187062 0.299279252709513
-0.0338917869545839 0.00260782129232354 0.119150978806717 0.239338480534694
-0.0442791946183072 0.00629437312258298 0.180685867351824 0.17913398547516
-0.0498324253324891 -0.0112048198884026 0.208199358482517 0.154508234713184
-0.0272618036373356 -0.0261727607332838 0.193606648192264 0.137986613416096
-0.0238274041703368 -0.0186226059421549 0.206263193567458 0.111542607475536
-0.0219132405758942 -0.0351148393743738 0.233902708767949 0.10830405408788
0.0210291525931713 -0.0629861806347968 0.2762499379815 0.136082322277937
0.0620335637124513 -0.0439705969573595 0.376304147342213 0.116174695695076
0.142981844201994 0.00949094055621516 0.225498988235568 0.199956371161432
0.0871126927644007 -0.0112218299854638 0.0691532543837333 -0.015175061458147
0.037959579352774 -0.0183769280228592 -0.160980050995202 -0.0620332292894969
0.0515936745909364 -0.0262815384323424 -0.281180477854992 0.0198467323533648
0.0351434026116829 -0.0603196318409742 -0.255596933802015 0.196453440472502
-0.00620657956255358 -0.0813493536874151 -0.1388058292605 0.287422910355602
-0.0499632206264919 -0.0770103918539258 -0.00912541244732954 0.280637784868357
-0.0650712025198378 -0.0876920024297616 0.0981914087699079 0.224796761040907
-0.0824409656585365 -0.0785273981852006 0.164340219220791 0.153952245304003
-0.0810864441175878 -0.119226382399771 0.204773978696568 0.122444398301452
-0.0144855309525705 -0.147044125011092 0.210284366421666 0.107501492611895
0.0389299457792639 -0.141469411897224 0.225772666145257 0.0987776783873871
0.0974543422875948 -0.107535380788423 0.235355916286168 0.10142169581201
0.169222354215032 -0.0631586854038794 0.240526029300184 0.117760181624917
0.213794634102806 -0.0120302619207895 0.310397607070326 0.0944251557520955
0.237631465757709 0.0729996224144258 0.156099530781078 0.173636752077755
0.209909853662524 0.0455283018026065 0.0256327504764779 -0.0480345087400322
0.158736272709987 -0.023214367030503 -0.187292110092303 -0.0786092629354858
0.144979553803123 -0.0905354595122129 -0.283997916641593 0.0120216227332544
0.0884103319868511 -0.147141839999269 -0.245401881387284 0.171237720057853
0.00746911233254708 -0.17375320193401 -0.142831690250807 0.240120831917439
-0.0664153573184073 -0.160302503896366 -0.0330869157143508 0.227967368565981
-0.0869105881245685 -0.162366325454921 0.0628206403814472 0.178431360410485
-0.109486250963551 -0.148083182839825 0.127360891871125 0.101531787032392
-0.104799790087151 -0.203574244387654 0.17947261935226 0.0628289055458839
-0.011726436743046 -0.243619712419217 0.2132242177539 0.0475412275454073
0.075667131544195 -0.2474134624515 0.244367172352939 0.0672808987669544
0.187963873956722 -0.177896795872275 0.238341650548561 0.0930624976264961
0.288291892322131 -0.0679107316809452 0.190330704079974 0.112325424414425
0.330669607096277 0.01685595590697 0.203338030608897 0.0679614892815706
0.300465876618284 0.120158570444943 0.0560033998234585 0.115170442580008
0.31042121556645 0.0851474808883773 -0.0408132641506471 -0.0979210958519046
0.267963317360067 -0.0390676477254463 -0.215922889293752 -0.104496601447239
0.220057797620065 -0.161171273230727 -0.277682309904352 -0.00182968304238455
0.12217246918868 -0.225929223642896 -0.221191364016344 0.126716708253137
0.0111053751304816 -0.24532832476899 -0.140414575972436 0.166173524707526
-0.077745075511808 -0.219184710990137 -0.0613838521279888 0.148344430097035
-0.0963956279285988 -0.212294285517599 0.018667532955132 0.108818132809423
-0.115826459620639 -0.195779374111881 0.0787970877127542 0.0305403007690954
-0.106361854025008 -0.257743649833721 0.139777195521226 -0.0113860896540095
-0.00037975863028426 -0.301688776900906 0.199798648280992 -0.0241774595923853
0.104717633079392 -0.310838632697175 0.251599074800308 0.0282350458145022
0.251201265107259 -0.215765375136933 0.232552051892663 0.0849030261130786
0.361898439012375 -0.0579728529199982 0.129923227738664 0.115196239494945
0.393127408966484 0.0460559450002166 0.0752533912027767 0.0377509770475887
0.319217807595957 0.142549495599976 -0.0695433637319355 0.0414549019466393
0.364088760408106 0.101201458657363 -0.128699491002907 -0.140671944782107
0.332487121388318 -0.0589261256814188 -0.242214024873133 -0.123476871375918
0.253862161530166 -0.214600388834422 -0.257178272547055 -0.0243327423143322
0.128722529096075 -0.272686430019884 -0.191417222840274 0.0591928840178637
0.00703727302459064 -0.279002021758984 -0.141326034941354 0.0719267765254915
-0.0810966943684844 -0.243907435365335 -0.0937592262783835 0.0539005467425061
-0.0884938803210608 -0.230759228013393 -0.0264532553442148 0.0253995207343144
-0.0990864417463823 -0.217099342679872 0.0296507281319668 -0.0501204429938862
-0.0787135088111138 -0.276763125662334 0.0992118242382387 -0.0896299658858879
0.0323584832810483 -0.314206726181901 0.181237372760159 -0.0939768673547787
0.140767238806996 -0.315244471510211 0.248450268294655 -0.00596843188689205
0.287809566009743 -0.200130142419458 0.213545214980725 0.0802104796055896
0.385059250116367 -0.01810102404977 0.0645875073022281 0.114491677304653
0.394577512511107 0.0839432234512694 -0.0516965212315122 -0.0024501218998148
0.286018289028635 0.136216122930483 -0.199903686888711 -0.0265504865399071
0.349664394601146 0.0956808400670339 -0.221794217850326 -0.15792057109569
0.32701252999048 -0.0689447020279293 -0.256679709733838 -0.127515345751803
0.234289778119885 -0.22412136577261 -0.226499504146143 -0.0488594997163671
0.108678491820597 -0.267006764837644 -0.165610897857119 -0.0187838708174693
-0.00196411559156243 -0.262497393278518 -0.150970200159649 -0.0264852069652514
-0.07357003390396 -0.228399575786894 -0.128592683599343 -0.0397044286965412
-0.0688177707320427 -0.214225352749193 -0.0653191514610524 -0.0600288919472958
-0.0665037275494844 -0.206957900689001 -0.00707744713647592 -0.132305051058565
-0.0322333803310932 -0.258574508204598 0.0733555879475621 -0.165875835979681
0.0708458132515071 -0.277899053530476 0.174980078075711 -0.153886845388197
0.171728861001876 -0.261301582787309 0.243985385074993 -0.0299540736268146
0.291465608333673 -0.135581619261122 0.18753752567546 0.073717466833785
0.354683021343445 0.0404039959643177 0.00439902243158063 0.0955131205400639
0.336312927582303 0.117769306415697 -0.157450332332929 -0.0556050443413073
0.199633998900446 0.111619989583952 -0.312729303727527 -0.0755122695760146
0.265247841187473 0.0797667189522332 -0.296372617331773 -0.146879657013547
0.253685999646022 -0.0569916044259038 -0.256892963297799 -0.120471201910994
0.169311899117236 -0.177448358141364 -0.196748241637824 -0.0699418981879687
0.0734519447488314 -0.20309037926356 -0.153542258210486 -0.0869248433156306
-0.00349748657290601 -0.196578355350886 -0.16783093903177 -0.105506107731475
-0.0512415759731363 -0.175155282628175 -0.159163788729783 -0.114993856479799
-0.0387532045491501 -0.166869597366292 -0.0933881477997072 -0.135193885159613
-0.0284479371993076 -0.167003032817445 -0.0257417598160072 -0.206534315053724
0.0101979428306898 -0.201869381577046 0.0719046213395111 -0.230508156153302
0.0923228539000473 -0.201867024442318 0.187668763948088 -0.196440114206989
0.173285803047132 -0.17106999304644 0.244168110306098 -0.0451272173276388
0.251436886477092 -0.0546032284672315 0.162731499125992 0.0629537672235721
0.27316844720081 0.0907388662591918 -0.0349592101706827 0.0586003076910752
0.231475140868985 0.132206044919861 -0.2250632896668 -0.117072208555657
0.0727556105250481 0.0796977302054425 -0.383389059506622 -0.10089905029951
0.133011095015281 0.068132869679557 -0.331343606597778 -0.120486847707484
0.136851763715567 -0.0173807132129048 -0.248182905249767 -0.113473411033942
0.0831027463263262 -0.0859496404111396 -0.183115900545956 -0.085325250781991
0.0392634037422643 -0.0944766691954145 -0.159268715734013 -0.12589366212016
0.00816379581709991 -0.0964721009610167 -0.184598510588992 -0.146084431965058
-0.0127706683480263 -0.0947118861109412 -0.176968462044578 -0.160867461824276
-0.00261474890735537 -0.0926712214829945 -0.106887578587264 -0.187960467751749
0.00621965233256406 -0.0977198785399543 -0.0259118323307252 -0.258757969477615
0.0318489731770715 -0.115126341474094 0.0890630915707647 -0.276762308592817
0.0767265588562228 -0.107711704700187 0.212317913267455 -0.220475025709052
0.129238594507521 -0.0819751398661152 0.251356568802646 -0.0526996982697458
0.171641116718948 0.0061008599894126 0.150497917503329 0.0493241143490898
0.157615093539134 0.103403606451932 -0.0435770260890397 0.0163754251342597
0.100367787549017 0.112877276013834 -0.246180479307523 -0.173158319368328
0.048699851094641 -0.0382598421160519 0.155274899608434 0.276837865475218
-0.00979565582060094 -0.0717202438633768 0.0946519606990155 0.0264834069725758
-0.0619564950267267 -0.0365145998780683 -0.103372785657178 -0.118491070809799
-0.0435751748987802 0.0144068383802134 -0.263207046289137 -0.0961661752445101
-0.0233611713613171 0.0161879392779838 -0.316680467431748 0.0833921158056194
-0.0216028296188104 0.00821557663586894 -0.238547717837327 0.226584438269238
-0.0304252331823524 0.00546978022412355 -0.113298081798649 0.273820219402596
-0.0303000585653829 -0.0121818683204001 0.0107614809517636 0.262005792367307
-0.0403802407259885 -0.0123428545279577 0.0912189089281965 0.23307625344361
-0.0391073472173249 -0.0306679300428818 0.125400161419713 0.223032100407188
-0.0120226040165812 -0.0356788138294315 0.116344213279831 0.204093800553536
-0.00885594172467964 -0.0256778156371334 0.13533168222389 0.186075441873083
-0.00151616684002881 -0.039070970064637 0.16054372193281 0.198447102327979
0.0490895028905732 -0.0464765757524084 0.190237775489192 0.246597368723671
0.0754616212244669 -0.014319288227206 0.288661317643308 0.276600230735725
0.125375598410754 0.0659095080370041 0.120501250844405 0.272360492367135
0.0841693647984429 0.0250492133746069 0.0684809641377181 0.0139272758570777
0.0428420220499695 0.00297412108524175 -0.120063094258964 -0.124071161144196
0.0595749400500773 -0.00110447928084703 -0.264626611075476 -0.101968213918951
0.0619261361275008 -0.0383144245833478 -0.315972552248438 0.0668073463745047
0.0306995751420027 -0.0754500239554299 -0.247024927005563 0.199910291140248
-0.0130378241214929 -0.0882776881671288 -0.125438280640684 0.247594242207587
-0.0221141981586047 -0.107375437185217 -0.0031779209780375 0.23977663688709
-0.0407491599207288 -0.105534732035583 0.0862338960090947 0.203707243236606
-0.0243231024222518 -0.141166896128425 0.136575690649013 0.190948009176725
0.0493251057418702 -0.141169410349325 0.148898959718063 0.182088595411054
0.0971352214789219 -0.110747312092872 0.163006617499402 0.182222635071277
0.136843349846288 -0.054111229085737 0.168153104260589 0.193424409319713
0.1829275597472 0.0154644798713271 0.164498666819069 0.216950579521196
0.199258218049838 0.0777890819406678 0.236279579976752 0.228148503503113
0.183131233775385 0.164007561970109 0.0707253939947728 0.215290625866711
0.172478663966621 0.128642227249526 0.041035572388677 -0.0371722754342421
0.153762317482798 0.0485138446820145 -0.137630490507671 -0.153009288817957
0.168677298067551 -0.0198437529841277 -0.265015568435511 -0.112526603839805
0.145008460962157 -0.0941117548415492 -0.298910047920203 0.0458566284389282
0.0798929853627017 -0.153136262412901 -0.233483681186436 0.155735621953869
0.00541571313139525 -0.170792617085817 -0.126859210799462 0.190439426251422
-0.0118714330481562 -0.186070744438769 -0.0172943307440303 0.184095386434755
-0.0368089436010277 -0.180105770980437 0.0748156424264221 0.140214741325708
-0.0127066474386162 -0.227306554147134 0.139640165005841 0.126402980456427
0.0903629322921582 -0.228973756737956 0.178638985651205 0.127697265930116
0.17244354572149 -0.191466176798582 0.197203702799437 0.160715975933927
0.248198130566578 -0.0786528491701277 0.176149195394651 0.188057972882748
0.29152360368621 0.0594506376376612 0.120749685325107 0.192836185856236
0.291495040962652 0.151453646356905 0.15040529029588 0.158030748493011
0.219760466169151 0.235168782279721 0.00583248575731066 0.118180354512953
0.248865272360713 0.208662947310833 0.00136716277271793 -0.113059304771453
0.259374715622515 0.0820272226536633 -0.154473246534702 -0.191890902022702
0.265274979791546 -0.0516307169735556 -0.255152475378289 -0.125349622756692
0.207810479646515 -0.150836526183081 -0.260189628198621 0.0129769240998651
0.112250742642709 -0.215661421904343 -0.202914168729649 0.0896206071559697
0.0183974110031138 -0.229569121707928 -0.121042910823283 0.107152734952711
0.000337560287514355 -0.235525940777318 -0.02877052021838 0.103132080795735
-0.0237917175685475 -0.224884980415528 0.0593291535080692 0.0570071604499106
0.00565685474731032 -0.276821855603542 0.13427892158745 0.0442000203455952
0.124572793968364 -0.277519512194924 0.198328330675999 0.0565172935657947
0.224000091119169 -0.236943370006136 0.222927188497229 0.128557106268344
0.319800389995808 -0.0877552546098172 0.176384778060042 0.179577983762432
0.353850400841875 0.0994177501452586 0.064103312560764 0.170326453297427
0.335186365278944 0.203731538153283 0.0473268784247232 0.0738146351111724
0.227019843117194 0.264131256862974 -0.0763947636707165 -0.00218579342732227
0.289805298647801 0.246951213127254 -0.0614493680006259 -0.189323083062327
0.326307535068625 0.0910419073531219 -0.171257830661867 -0.22112721855255
0.318376321888299 -0.085559955516348 -0.227995779050509 -0.138548029566758
0.231936058381417 -0.190287150490023 -0.207459372829704 -0.0355315930117385
0.121125371382211 -0.247716766621177 -0.164762535705855 0.00469290390278032
0.0249907377766708 -0.253646356170014 -0.111939955021566 0.0098861499434599
0.0140347336681811 -0.249030595678689 -0.0352613991217659 0.0107566529398833
-0.00120406240105667 -0.237330920366452 0.0479297100331687 -0.0345478934926964
0.0383963340017113 -0.284056047708951 0.129512382995795 -0.0427859945077899
0.156974090470131 -0.275948858394968 0.211266843036216 -0.0138092643557441
0.256771745911567 -0.226308246683675 0.235838959949171 0.0974208379050082
0.346158151463204 -0.0577829845829892 0.16256534364149 0.167204051647729
0.357308327260243 0.145199621985397 0.00441722768804835 0.140346249905211
0.319586565544784 0.23801871251054 -0.0496549381024029 -0.0194010376000949
0.201111216253304 0.245720676418294 -0.165842393369219 -0.118589324676955
0.279707905381082 0.236354774339082 -0.138658574673373 -0.244090043638407
0.325883965303523 0.0796672271940453 -0.182744387075802 -0.231738798303744
0.302655737353228 -0.101783733025042 -0.189590163715349 -0.147164933788105
0.210357680151596 -0.193202160776263 -0.150742454527392 -0.094851395468713
0.105334934206066 -0.236786439964404 -0.131795787645733 -0.0866871636179083
0.0250150877342405 -0.237079350367637 -0.103075976009606 -0.0881085659285639
0.0255843349500613 -0.226500360951027 -0.0358144337685374 -0.0806815883499156
0.0233423253950573 -0.216447666204598 0.0486688363322494 -0.122688842415199
0.0728185833783094 -0.249118172380347 0.137085196111596 -0.120614781224647
0.177069204835781 -0.226849536646333 0.228617871161609 -0.0677305866902488
0.262427073880464 -0.165977854140126 0.2411313377372 0.0742132874828637
0.320923797224216 0.00125212845502927 0.141092396798011 0.150669563057492
0.303810012780968 0.184047849014956 -0.0436071723406009 0.0963580464585276
0.252819272354715 0.244306225475303 -0.12095236936828 -0.114893287024864
0.134253325802183 0.188307558124651 -0.249697220662192 -0.207902454095862
0.210124180750212 0.186844705799103 -0.209058106846548 -0.263476181313261
0.255053228291605 0.0600459447282047 -0.183759669300219 -0.222691038473395
0.224875026169169 -0.0869845962328349 -0.151885599190212 -0.151512828388507
0.150296567947489 -0.149768585030677 -0.109303437770231 -0.14822585979271
0.0765871413185412 -0.177399556499972 -0.111448923567248 -0.165298072933214
0.0231749044838062 -0.179620781861348 -0.0988992637153582 -0.168542864080851
0.0327560052362935 -0.169077833706001 -0.0303819371147432 -0.159006082906579
0.0411345904827572 -0.163560594000152 0.0607395584946464 -0.195899639692668
0.0882326621084597 -0.180737894276164 0.159768112992831 -0.178710907944497
0.165557549646539 -0.148676250978432 0.255330324819532 -0.0991962134368021
0.226380234284891 -0.0854408637148613 0.24633402001998 0.0631524368041665
0.250658267635577 0.0575861144366323 0.121857265159803 0.130919919146699
0.209318894282587 0.195453650927894 -0.0636905029691914 0.042242193855262
0.152232520358644 0.213971486014545 -0.154101454041753 -0.202812811004559
0.0330330138218179 0.106620147360152 -0.303285782712026 -0.257161820289774
0.0947290312241928 0.120729703175174 -0.249648929658015 -0.25036508429268
0.132493601135972 0.045980756727255 -0.176541593430326 -0.210307778806775
0.109514830817831 -0.0391802785113198 -0.130301482101178 -0.157281494061228
0.0736833141741341 -0.0652843323867147 -0.0934568679837725 -0.183444248535136
0.0447170046992391 -0.0809232899525858 -0.107360191815012 -0.210100495220297
0.0245907042833607 -0.091432962001658 -0.0947260148743216 -0.215744494609934
0.0354666281684076 -0.087225644900932 -0.0199269750931688 -0.21073524050802
0.043532685252487 -0.0876259076213749 0.0811906572560996 -0.241458987389908
0.0734683327179694 -0.0927150058390179 0.192438201671294 -0.210769580351506
0.112832070326339 -0.0681392915791509 0.284718021935626 -0.11006242523365
0.15150701198492 -0.023137632314237 0.253468398038977 0.0607570850992834
0.152773437874774 0.0781798019971405 0.11586410139426 0.113195345978124
0.0984017084987005 0.15803560010055 -0.0525921891446226 -0.00121762731024114
0.0415174751106751 0.141586370230201 -0.147084947638652 -0.26243110549994
0.0456697260167839 -0.0392788326198313 0.168493978161181 0.256473036226778
-0.012881019864933 -0.0691964848447469 0.0954970760795418 0.0188197479791938
-0.0617451690583897 -0.0309461860775471 -0.107350685672068 -0.107535399870952
-0.0414251090892308 0.0162268054370236 -0.262423611059974 -0.075437060133912
-0.0213118564690927 0.0171114207846156 -0.301646685317285 0.100284870002505
-0.0198202610771376 0.00854951331005906 -0.214350673021957 0.235010627431072
-0.0283549929065612 0.00683833252675223 -0.0885186481613336 0.272500286404273
-0.0302566423361875 -0.00918353506063661 0.0287386583162681 0.252605289873041
-0.0395000466157613 -0.00891803291531282 0.105285290621625 0.219066124729975
-0.0396793157314071 -0.0267232898248508 0.139061116452578 0.208113549609875
-0.0136262262147122 -0.0345020401552291 0.126780541170788 0.192264989540155
-0.00896216779608133 -0.0243953950466606 0.141413017018633 0.171479545959205
-0.00283122921439875 -0.03759758905181 0.164789569530695 0.1815312828292
0.0452964635984022 -0.048655402533675 0.198717337478328 0.227743983969295
0.073504402764606 -0.0175291713675797 0.299276392342874 0.247670472583759
0.126175836594966 0.0565004522789946 0.134385951080164 0.253817495930219
0.0851098049913203 0.0181830867588946 0.0700324823139412 0.00864735233420702
0.0412850248361757 2.01518599793015E-05 -0.123007928040011 -0.111573956685984
0.0571662761168663 -0.0061597735723454 -0.263303388873062 -0.0819598282324267
0.0572836555431596 -0.0421504143777593 -0.300737841876216 0.0840962194947622
0.0245449737955092 -0.0754188194365944 -0.223967037363085 0.210419279006189
-0.0187288245681227 -0.0845760266329086 -0.102665696465075 0.248205130291195
-0.0294146788870258 -0.102861971600855 0.0137575469090915 0.2310644935035
-0.0463598836779922 -0.0993391663814227 0.0981595984023884 0.189851302591696
-0.0336913015476106 -0.134870376270222 0.147630340791681 0.17578422353082
0.038137796186712 -0.142019023942943 0.15780974263972 0.167695969031797
0.0871915109084333 -0.114183494352949 0.168516968757004 0.165861996768002
0.130005625922403 -0.0616777546562482 0.170644775637244 0.176632321268233
0.179391557690178 0.00211638786132429 0.171901073069088 0.200005976729143
0.198692475027588 0.0627505458446421 0.245873920472567 0.204355634385612
0.187464826542314 0.147542146093686 0.0834593346994215 0.20194323465668
0.176741927073901 0.112667581736075 0.0402009047276297 -0.0389983336922178
0.151848543494363 0.0379226623679113 -0.141855104713523 -0.139231108143721
0.161754990829379 -0.0319988468946841 -0.262923363693097 -0.0932796755687483
0.133548775167307 -0.102115546199227 -0.285127257112325 0.0630097518633495
0.0662395145087823 -0.153701955217517 -0.214027044978608 0.166000254832467
-0.00688874965631721 -0.16521666832416 -0.109406731152454 0.192662029087574
-0.0259837546018717 -0.179345076422546 -0.00320098860225148 0.177888640806514
-0.0485051421278146 -0.171701460692793 0.0825762833914647 0.130042254759576
-0.0292964932669894 -0.219207090903973 0.146197746858785 0.113228032272506
0.0717365073572717 -0.230113645952305 0.18380919366916 0.112394798735196
0.153930488105254 -0.197883707012038 0.201833482019603 0.143161302724793
0.235674202391027 -0.0934378061565454 0.178850886525021 0.170598901488622
0.287614384485073 0.0384216753632645 0.128367277806918 0.179044497899378
0.29298551567459 0.127923937034103 0.157170314356519 0.142694618226537
0.226471295211071 0.212922948228678 0.0138929691732051 0.111234524269958
0.255712951081882 0.185230603093397 -0.00333760025952681 -0.109731855922477
0.255399022870174 0.0634768963211957 -0.160813500383614 -0.175274925213489
0.252635595230263 -0.0688018888675861 -0.254246354781298 -0.106309420265532
0.19028516199131 -0.160787605324709 -0.250253674433093 0.0290624454725406
0.0927091053011339 -0.216963315299723 -0.188697668169998 0.0999828574993723
0.000759323072969357 -0.222212181495901 -0.109382655908024 0.112139840156412
-0.0178563173167525 -0.228580458214862 -0.0196714808576502 0.101070145560398
-0.0393653136932348 -0.216539200861853 0.0609254123008449 0.0497319828512833
-0.0144128365301044 -0.268218484698612 0.135149918623526 0.0327610698447984
0.100044278140149 -0.280070081753721 0.197006041554153 0.0411731976722735
0.19999868771901 -0.245566077018674 0.225224514161288 0.110454918944795
0.304774722604593 -0.106660649947915 0.178700201774827 0.162012924969631
0.350326483743996 0.0726241226182789 0.0725351260728023 0.160158417078766
0.337675194138884 0.175926589215869 0.0513328085679138 0.0691188209119808
0.235398924651564 0.240458630337293 -0.0731052206465978 0.000409492937399484
0.297830684293425 0.21926726383515 -0.068793731722921 -0.180293200399448
0.320817419073437 0.0681303148181558 -0.178202171744318 -0.203346653441751
0.300767538137441 -0.105180654567794 -0.228737549474776 -0.121555535459509
0.211681626461448 -0.20169948813183 -0.201011801964191 -0.0223120547698075
0.0986333264472615 -0.248215680132538 -0.158392204735916 0.0149616550811516
0.00582630540692515 -0.246496423723723 -0.108199446478816 0.01717293351599
-0.0056621260937702 -0.24224356736227 -0.0329461787715695 0.0126065374753562
-0.0182232456251985 -0.2307400410294 0.0437388633529009 -0.0377150283381671
0.0166285125104757 -0.277450249809483 0.12403041508354 -0.051070344411051
0.132342070074896 -0.28070090651742 0.205071020261292 -0.0273469841014268
0.231258051793514 -0.237217711374575 0.236875142217144 0.0784633769074621
0.33199569784089 -0.0801338523881799 0.16529397696723 0.150404972632002
0.357249458913311 0.115655283734245 0.0120549408729356 0.134842688366117
0.324931498124994 0.209661913125972 -0.048851683401409 -0.0136170585170194
0.207605413502863 0.223717683363486 -0.168179934094215 -0.105626102245024
0.286475215419722 0.209195422454249 -0.146667690981338 -0.227611641454028
0.319492997379064 0.0562957923797407 -0.189961449769813 -0.212463841357329
0.285760302866641 -0.11843327862234 -0.191890696948097 -0.131466562377444
0.18952166536606 -0.202398972447169 -0.148966069299392 -0.0829617505090633
0.0848090697585039 -0.235696230055754 -0.133136840119849 -0.0762620492271761
0.00636151395215275 -0.229713513110704 -0.107596516092641 -0.0771858901712997
0.0071653488106495 -0.22144548108881 -0.039555685460924 -0.0762537847053134
0.00705395898484243 -0.211205239921077 0.0373921078576615 -0.123208432375474
0.0517515967060772 -0.245978901019711 0.125482117519381 -0.126998093640576
0.154701306469889 -0.233623412144536 0.218415858053026 -0.0820497062555613
0.240500882350614 -0.179166079940304 0.240973581897212 0.0565966956329649
0.311389114694296 -0.0211148052120818 0.14383827777486 0.135849442745215
0.307769805921828 0.157670595051365 -0.0366953551978146 0.0957866789941114
0.260242437501904 0.218224904622958 -0.124461540436596 -0.100489079575807
0.139375194821008 0.172384275605793 -0.255271462390566 -0.185678666234277
0.215112719281968 0.165894140629125 -0.215798933019025 -0.240779063192853
0.249595414137186 0.0410168579048914 -0.190149246258494 -0.204361870316939
0.211450563018023 -0.0986834107983542 -0.155391354551613 -0.138207893765049
0.134033368636431 -0.155638616948156 -0.112921147321387 -0.138375387010913
0.0602074908672379 -0.175632755005605 -0.119410163683262 -0.153398331975876
0.00866155100966335 -0.174548233672894 -0.108970905437272 -0.153992229889952
0.0185352525794233 -0.166883796117076 -0.0398453593377337 -0.151259376866047
0.0274730213566925 -0.161585197933748 0.0444073800986775 -0.193898756398
0.0721625028826859 -0.18053043055093 0.143214256631921 -0.18384215872277
0.14783603592299 -0.155884268116535 0.241797359138092 -0.114901885823624
0.211422103264773 -0.0981857111163923 0.245148690003296 0.0451378794955806
0.246072309260534 0.0382037420246922 0.125539996329373 0.118268519156523
0.215646613094297 0.174750818621629 -0.0595455909725453 0.045716540544937
0.160294298359076 0.194630729485849 -0.163268414131059 -0.180993693689633
0.0374297660725399 0.0999942817036213 -0.311567448666888 -0.228830856933555
0.0991122699559255 0.109031287917759 -0.254035374649083 -0.225008633710869
0.130377707760455 0.035200729473172 -0.181765363473484 -0.192097342001046
0.102803316639481 -0.0447316627569519 -0.134764256871319 -0.145022070365632
0.0655252540321599 -0.0687575889525601 -0.101393545240076 -0.173861290683507
0.0369565136014214 -0.0808202087692041 -0.119498709900973 -0.196997379398567
0.0171866697733006 -0.0890737366630183 -0.108598869954548 -0.20078727779267
0.0272564741848343 -0.0865167875137197 -0.0336513137514383 -0.200894855453684
0.0354583537049657 -0.087861166797198 0.0607759082569378 -0.239295290255015
0.0642223402436052 -0.0952126501497499 0.171305828955985 -0.217434126861291
0.103218909282087 -0.0738971357509329 0.268538094686031 -0.126383605799192
0.143718378457069 -0.0323580165485165 0.251106308935288 0.0422813500588165
0.152167836998446 0.0651659176021544 0.11919093690695 0.101237045927058
0.106092558187014 0.146298239856346 -0.0518047971550668 0.00283348429035298
0.0485280079173571 0.133335437781818 -0.161170842491571 -0.239904446296258
0.043464621598873 -0.0391166368816297 0.173038983561011 0.237704646808352
-0.0146372518266086 -0.0667231528107918 0.0951145069481214 0.0131073511136941
-0.0594526536407082 -0.0268944811157375 -0.10693507982197 -0.0974693783681815
-0.0386338118887825 0.0167825657043377 -0.256074260798678 -0.0592899789443061
-0.0186429360396734 0.0168041322829152 -0.286218990463457 0.109082102763061
-0.0174223532827559 0.00822281873459881 -0.193331413280073 0.23497523105126
-0.0255330520864398 0.00755112050588997 -0.0697842270520005 0.265501818325241
-0.02935959012355 -0.00825483556601841 0.0403573876860563 0.239312153974735
-0.0374846892240956 -0.00664102205281011 0.112837795504831 0.204609524337513
-0.0396502025768234 -0.0240407566773016 0.145259456638662 0.193885565574118
-0.0140159762437787 -0.0336387243186367 0.131336354621985 0.180265989677082
-0.00826915690444569 -0.0232768638238401 0.142391416933685 0.158642836667108
-0.00339713788758819 -0.0361191013396372 0.162563269619218 0.167939935365478
0.0417449051005199 -0.0498065659831003 0.199907560601831 0.210711855674095
0.0710226210738122 -0.0201600434859725 0.300278005703246 0.22138620596166
0.123892715779593 0.0490320549095312 0.140881125604116 0.235659689374166
0.0841420872112782 0.0121942538165207 0.0702612689270695 0.00436198199266991
0.0400225953372955 -0.00171286112241491 -0.121746217660454 -0.100726383905471
0.0543310470726432 -0.00993551470475152 -0.257237818534732 -0.0660861374580609
0.0532186977691392 -0.0441883834835474 -0.285451537536207 0.0941617798601151
0.0199987563868963 -0.0744429469682375 -0.203503475182263 0.211822417051456
-0.0217189847535451 -0.0803113028242128 -0.0848652603042164 0.242604381286831
-0.0340703112067628 -0.0977175021985518 0.025334344357448 0.219914184506989
-0.0493803599897787 -0.0935886100184239 0.104301935130495 0.176590927498512
-0.0393773427408553 -0.127932644208611 0.152875987735373 0.162275800270773
0.0297939507971815 -0.140234540065402 0.160205994352107 0.154859493426155
0.078579800253207 -0.114089679486261 0.168794541824146 0.152360663044261
0.123021142107411 -0.0655364024980781 0.167550561784509 0.162944729793115
0.173654686980383 -0.00658194512630966 0.172559278907519 0.184762758961794
0.194520916993835 0.0514722198314698 0.246294347790926 0.184184707225117
0.185473175101784 0.132551668705841 0.0886660543219435 0.187969036900253
0.176018052554202 0.0985339676226517 0.0403210878813417 -0.0403451064817603
0.146487723501939 0.0307085486055951 -0.140983547947645 -0.12650473645439
0.152979207458044 -0.0390696590635446 -0.257792599044228 -0.0774595849893604
0.123143963411249 -0.105950379633127 -0.269852572111096 0.0721074166562715
0.055591411773408 -0.150985926615828 -0.195928924787017 0.168422763701183
-0.0158672818042377 -0.157863459607258 -0.0948146050786409 0.189382627508034
-0.0348735203040221 -0.171466571198717 0.00610928894299229 0.169757996228156
-0.0551824673537954 -0.163029547425867 0.0852956699393409 0.119347569658016
-0.0396311232915689 -0.20898047818466 0.148244346379177 0.101144495507341
0.0570629997549826 -0.226746089349287 0.182571621207835 0.0996265822538344
0.138323995667194 -0.198105384849216 0.20035726702634 0.128029032709552
0.223229307904857 -0.101451434018191 0.175531626349221 0.156091588380705
0.279675824542849 0.0230452591431856 0.130461026382279 0.165708772224495
0.287659804412129 0.108797940311026 0.157859522573085 0.130100671680221
0.225160560248802 0.193983316551226 0.0182774041415541 0.103607407387511
0.255192972557675 0.16541796533718 -0.00437803832629399 -0.106296372119699
0.247116718087748 0.0502766047924026 -0.160449151901864 -0.161078421003736
0.238154859150882 -0.0790143371381666 -0.249049021915829 -0.0918704834927256
0.174368418023907 -0.165061513621346 -0.23726144690166 0.0379143776024925
0.0777794183222165 -0.212574088812307 -0.175290828636086 0.103815131446896
-0.0106336415338877 -0.212731342669103 -0.099869122209652 0.11325359901999
-0.0304049686700589 -0.218123140731963 -0.0138558950601114 0.0975695528384434
-0.0486709966680864 -0.207286315402023 0.0606624949946623 0.0437519117957488
-0.0276480290926567 -0.256935400506346 0.133196364134809 0.0239050172866244
0.0815714613311464 -0.276303956848972 0.192801645496458 0.0299715188346636
0.179161880712639 -0.245665056997324 0.222429267467625 0.0953705346928738
0.288463766412822 -0.117986819809619 0.175643389673915 0.147433507726957
0.342112482036214 0.0532866215744719 0.075750427467071 0.149466150464809
0.332181295188391 0.153340818075932 0.0540643670088855 0.0652671587332571
0.234516575346894 0.220231996470153 -0.0699065021771931 0.00183722340887267
0.29744107806187 0.196155105242214 -0.0704339145611224 -0.169853473156408
0.309815406067875 0.0518910357893561 -0.178634147908872 -0.187491537659456
0.282673357093116 -0.116085591466897 -0.224639563286188 -0.106761757371359
0.192326734913567 -0.205353649760012 -0.191125277096834 -0.0140992908492311
0.0815447734360749 -0.242451853793641 -0.150386312285399 0.0203399481086222
-0.00775224921158145 -0.235533994042393 -0.104103819921501 0.0222000371647078
-0.0188035690658823 -0.232635688683489 -0.029891473064427 0.0132199276114625
-0.0291092852496299 -0.22074478156495 0.0397266279002347 -0.0398988987908086
0.00119803691289564 -0.266769248640754 0.118232188227669 -0.0563418840881995
0.111603912145476 -0.278696099391521 0.197180257083991 -0.0369301368565936
0.209353591673415 -0.239843803020833 0.233121822326072 0.064924830426469
0.315239469715702 -0.0937824685023174 0.161856709122742 0.136903961654126
0.350182929749254 0.0941537750329967 0.0171598655657402 0.128672982264467
0.321035759728656 0.184562433185909 -0.0466102940155975 -0.00864016591476857
0.20758426113403 0.204818630863661 -0.165992572258189 -0.0955197620748238
0.28551426634257 0.187038392065093 -0.147531879933143 -0.211375120185455
0.308479989949066 0.0403918269838042 -0.190093206735986 -0.194883414349135
0.267889685603746 -0.128644013311293 -0.189239246843275 -0.118120774364846
0.171089501072242 -0.205129175909612 -0.144578343609274 -0.0745741730281568
0.068812306524187 -0.229677730959091 -0.130936647325321 -0.0684584650655757
-0.00666189686155541 -0.219539042130298 -0.108090495793627 -0.0678460570643435
-0.0061724900524871 -0.212621355318189 -0.0407641353598142 -0.0707727736484308
-0.00488587079272266 -0.20372316079446 0.0288247859552735 -0.120799518293055
0.0367475461707136 -0.238231813165657 0.115413395178802 -0.128714314068777
0.134679481137568 -0.233509353075282 0.206897930538467 -0.0903192692952366
0.220019160744425 -0.183548604419138 0.236118013261849 0.0431548453792763
0.29761177070033 -0.036301626222992 0.141931973536312 0.12334671192136
0.303715711239569 0.135867373859932 -0.0315510274082438 0.0933626478849817
0.258674985967716 0.196506144400896 -0.12341219360105 -0.0872706634638291
0.140464021892471 0.157999746242745 -0.253111607704765 -0.167657870135788
0.213908503059071 0.148221875363493 -0.215130395655258 -0.220629314410503
0.239645030370403 0.0286191428275007 -0.190586491901619 -0.187668433597894
0.197266805847299 -0.105062606460763 -0.154336144742622 -0.125940062861133
0.120033704879215 -0.156450392126694 -0.112285804116519 -0.129862405025119
0.0483339368544153 -0.170339891891536 -0.122879007666987 -0.142980877106112
-0.00138364691419973 -0.166642331578559 -0.113577465674818 -0.141323844666504
0.00869006529557223 -0.161205354517421 -0.0452803527340972 -0.142608496826416
0.0172966199725823 -0.156728707048434 0.0321780427923858 -0.188563210404842
0.0592585482407818 -0.176581899469832 0.128419257239833 -0.184374294866704
0.133352566914698 -0.157786611595507 0.226836789809131 -0.122256354264816
0.196109397978802 -0.104972689241888 0.239123851908431 0.0320084563695482
0.237482640774145 0.0238983501091645 0.12453289411332 0.106463198587843
0.21589685994204 0.156998856294211 -0.0559338426665505 0.0471012937456759
0.161405949835533 0.178082579689551 -0.163615234486081 -0.162392218850216
0.0389752323943644 0.0936781604615281 -0.308986976536926 -0.205954267339348
0.0990204835863034 0.0993812461540552 -0.250804435413675 -0.204864380423742
0.125328154781066 0.0278874580450463 -0.181534992193888 -0.176835557314342
0.0959431355677806 -0.0472726246274369 -0.134163448342325 -0.133747313494186
0.0583443072065242 -0.0688421336030868 -0.103900180087226 -0.163541234251645
0.0313886834487426 -0.0777689223966726 -0.125907902915954 -0.184238168086375
0.0116812997064795 -0.0853548477749979 -0.11522401966099 -0.186087117959146
0.0212800435074729 -0.0845952472648583 -0.0420539099444925 -0.190794199011001
0.029355175016835 -0.086221813442766 0.045541012752256 -0.231944052313217
0.056312888600417 -0.0939417721551706 0.153928315152133 -0.216604009202403
0.0941930158066129 -0.0759389563806531 0.250619229483844 -0.134895043928052
0.134227516233249 -0.0378704897517121 0.244565640308329 0.0287682247581906
0.149018743541277 0.0550101980597137 0.118551199841526 0.091572235731191
0.108292158087566 0.134903663947966 -0.0508138767050608 0.00630808275769362
0.0507328790124229 0.124304116273533 -0.164454467761076 -0.218584802678711
0.0420558900723551 -0.0384898183388816 0.174292926989625 0.222441402851512
-0.0152056090007643 -0.0655936837531859 0.0949678892457462 0.0085974622668763
-0.0572123031794401 -0.0245811616457234 -0.104593707716363 -0.090742548038782
-0.0371904924118779 0.0170574383374227 -0.249385065229746 -0.0486387939918389
-0.0169279396139635 0.0157675209793573 -0.274206592129648 0.11429333701799
-0.0157480080843448 0.00773877571154189 -0.17751964956058 0.232729500238043
-0.0243868655597985 0.00703952767619035 -0.0558155799179858 0.257789827051462
-0.0285090649464691 -0.00777017811997018 0.0470244417010099 0.229830969579214
-0.0355351823783046 -0.00576576523210723 0.117373433651646 0.193385860213007
-0.0388682210504733 -0.021873079109675 0.148995872034542 0.182436068737989
-0.0146549097396024 -0.0325539622690278 0.133556323898973 0.171695217730368
-0.00778988782447666 -0.0227853713552363 0.140258754758372 0.149705238742723
-0.00374400985921532 -0.0349480121284434 0.158714736347316 0.158879743214074
0.0387070715233747 -0.0502498344764884 0.198418526960794 0.197941816814258
0.0686441121229056 -0.0215576101002887 0.296898023261464 0.203819446388589
0.121294488096856 0.0434542029912691 0.143770621527238 0.221616750074397
0.082419995775131 0.00774029336888413 0.0711895664708472 0.000649612019836493
0.0382486296781851 -0.0030833813826487 -0.118741964610776 -0.0934544518304226
0.0511772638835582 -0.0118957196167276 -0.249840045812138 -0.0558657978106776
0.0495315941088737 -0.0456650646695544 -0.27299635493301 0.0988674335959591
0.0169147651222571 -0.0733016956852643 -0.187744004254003 0.210194885605421
-0.0240766020024054 -0.0769145694274482 -0.0724881712922835 0.236289773991495
-0.0374114321743573 -0.0938420630413479 0.0318282272355459 0.210958994668379
-0.0501952842827369 -0.0894459946767812 0.107022402170766 0.166820278134009
-0.0425638992325492 -0.122328904334948 0.155724041369966 0.151147681401768
0.0237362751173653 -0.13762817568732 0.160840676231496 0.145715286482024
0.0729800623128218 -0.114018709820645 0.167354774245763 0.142872702409934
0.117413742513486 -0.0674057345967479 0.163840812242277 0.153591143314501
0.16856960319965 -0.0125163046033556 0.171378317198684 0.173437114787453
0.190169596932828 0.042630370840248 0.243923523257032 0.170206635676504
0.182724308119669 0.122864897772753 0.0915144491064045 0.176389976129009
0.174491671576468 0.0884137020446163 0.041119039988397 -0.0416218196902769
0.14185884648879 0.0253481438976001 -0.137575277795524 -0.117520692973079
0.14530289054795 -0.0433781630500734 -0.251320337629352 -0.0667465794577582
0.114485809488401 -0.107452320552844 -0.257660505758619 0.0774706217621823
0.0482406884301988 -0.148341497160076 -0.18225532294374 0.168062366862506
-0.0206260359338566 -0.151936968200915 -0.0847795396646906 0.186111372253359
-0.0409033202513432 -0.164583305129036 0.0115914095228442 0.163247959346522
-0.0591492529233111 -0.156144821563222 0.086481086307466 0.111869437062165
-0.0463846635847569 -0.199993640226725 0.148809680738527 0.0914358046176738
0.0464505669420328 -0.223202957582507 0.180959524232269 0.0905479294874199
0.127584355311261 -0.197050429571387 0.198014132445212 0.117635339963598
0.212965726435537 -0.105786863635547 0.170311059672944 0.146646651150702
0.272216477667123 0.0125904904481783 0.129607198938458 0.156132715733551
0.281570545286057 0.0959596178883606 0.157610848605015 0.12119114125188
0.221595519567616 0.180655953076174 0.0211932696502619 0.0976561799970462
0.252012153226336 0.150771115643702 -0.00390806229621248 -0.103901239453455
0.239738644773987 0.0422341450292998 -0.157358818083657 -0.150526929131535
0.226259254293542 -0.0846046133843598 -0.242436915970664 -0.0813501308577699
0.162174481580797 -0.167401104423923 -0.226159302848598 0.0423604659906048
0.0672585006677568 -0.208275239365547 -0.165015173881549 0.104695861864684
-0.0183310208241994 -0.20471532237048 -0.0928293326397847 0.113050519361123
-0.0379687146488454 -0.209967034419481 -0.00895477786195571 0.0941771709041498
-0.0549574199746789 -0.199140771792966 0.0594364866170761 0.0392419651190269
-0.035743165672957 -0.246689364960968 0.13128453371921 0.0166510382801926
0.068136222474801 -0.272192070934624 0.188739090508521 0.0224927790085765
0.163922074759388 -0.24480268550002 0.219081788135015 0.0849903285179493
0.27610265216355 -0.123873954304709 0.170824584633528 0.138032166400163
0.334714314854751 0.0403813696939923 0.0764313580628702 0.142133713012858
0.325394172360986 0.136511897796169 0.0551689579100995 0.0631232832734491
0.231375521640386 0.205723108581758 -0.0673523531530563 0.0022174181569572
0.294165772487004 0.179153306129924 -0.0691613588866705 -0.163325315727217
0.300792932390856 0.0417527352224653 -0.176211667643502 -0.175358347723031
0.268437751885557 -0.121521799759183 -0.21973968772989 -0.0966966087623211
0.17807931904345 -0.206223604394713 -0.182652737057959 -0.00952335537784984
0.0699242819920932 -0.236653761718845 -0.144391170723705 0.0230853224374291
-0.0169709167910051 -0.226529085545854 -0.10039342587256 0.0256399982418357
-0.0279939891393104 -0.223914220733704 -0.0278838875971064 0.0133957010629287
-0.0370299144391548 -0.213052832556973 0.0363115737436874 -0.0404982349143447
-0.00861514872799377 -0.257786599873512 0.113593426277447 -0.0596317827810835
0.0963419129023897 -0.274934115874954 0.190401202186586 -0.0431586197528169
0.193574355159298 -0.240162997631602 0.228126617184515 0.0547732513894931
0.301741938675793 -0.102256575119406 0.158133272406703 0.127764467135468
0.343125615601438 0.0791907262661583 0.0193046203666944 0.123364948000399
0.314801997948413 0.167855907859506 -0.0439111800691552 -0.00460765823111314
0.205047211261232 0.191841503677837 -0.163050775206077 -0.0881654851611933
0.281838343851796 0.171569436298156 -0.145601746544074 -0.200929387346968
0.298367563298217 0.0303541839196237 -0.187310497429239 -0.183032572812733
0.253573869127613 -0.132957580213711 -0.185021140837583 -0.10897530399499
0.15686165485613 -0.204863536029805 -0.139391802802168 -0.0697687204454616
0.0576862207683273 -0.223815503303908 -0.12890996768953 -0.0641061182533426
-0.0149949235461358 -0.210732299711327 -0.108160622384201 -0.060740151449328
-0.0141944315340625 -0.205240405180562 -0.0407833294512817 -0.0672578602490874
-0.0130218359780745 -0.196738265754084 0.0226237204940338 -0.11812454081347
0.025897010878231 -0.23139963910885 0.107328368159721 -0.129394491646315
0.120445368436627 -0.232122860306359 0.197721195652909 -0.0949941818675574
0.20470724150897 -0.184764755669798 0.231186722347882 0.0334002270015022
0.286272369197985 -0.0461991064732781 0.138591837412011 0.114896490947838
0.299544485771122 0.120769812784413 -0.0285530175102679 0.0909947286892921
0.254085290254293 0.179985064138876 -0.120339433941827 -0.0774811320905336
0.138234524649265 0.148310123026103 -0.249333038739914 -0.154372289822607
0.211128936530976 0.136414033871513 -0.211033335125637 -0.207985369940435
0.23149510103747 0.0206670295213275 -0.1874551584163 -0.176176562221338
0.18618822637104 -0.108634456560443 -0.151382645464731 -0.118114607277416
0.108884190830142 -0.155725879738821 -0.110522435711922 -0.124085556518932
0.0403340900920824 -0.1650097922594 -0.124245379964606 -0.136169915425099
-0.00750117465261034 -0.159448168101106 -0.115772963355527 -0.131417414697636
0.00104863784617732 -0.155467045699661 -0.047049939994053 -0.136301829849087
0.01012428033817 -0.152141766889552 0.0241757531452614 -0.182914221639125
0.0500370865587967 -0.172724224308458 0.117293453238565 -0.182718169606781
0.121184887805398 -0.157504176718581 0.215789659299758 -0.126583283038211
0.1840263950844 -0.107372594585496 0.234165512257852 0.0222409546147934
0.229833478339111 0.014220865744196 0.12217070744289 0.0990514177602566
0.213200419582972 0.143454002956114 -0.0525826280916978 0.0483298117707033
0.159052503439916 0.16573058006997 -0.161864725764147 -0.147831280385434
0.0393368667418681 0.088495644063871 -0.30502541997841 -0.188774510037322
0.0980035755953294 0.0925508051883559 -0.245577530708705 -0.189789868913102
0.121141165499343 0.0232343506717055 -0.178702323996117 -0.166498374733683
0.0908070599752078 -0.0487765881184916 -0.131557569257643 -0.125365282880414
0.0533062037854159 -0.0686461666865809 -0.104011006371684 -0.156856842914483
0.0277763537758111 -0.0753514869125391 -0.129257450433627 -0.175607214829387
0.00810047482153136 -0.0815862203272882 -0.118816961248762 -0.174686558359004
0.0170444337797408 -0.0825932689334722 -0.0462006980181927 -0.183120916586747
0.0246211883622416 -0.0841214882019237 0.0358839280815594 -0.225933274106991
0.0505803271017939 -0.093140519669524 0.139844316757407 -0.214828685603827
0.0871471075497333 -0.076038178912457 0.237476813474728 -0.139072156088761
0.127257231411391 -0.040774127465375 0.238420797162987 0.0196297786289545
0.144835339470497 0.0479561398471525 0.117125234298376 0.0834831753135587
0.108167309573218 0.12621300292255 -0.0492421896671846 0.00891274943451408
0.0504660329818526 0.117069728884818 -0.165018926588427 -0.201603355331224
0.0407575214730263 -0.0386049197240438 0.176312509693131 0.211917727408759
-0.01617704656153 -0.0654368948012933 0.0952227689214355 0.00369993327154419
-0.0563490636777438 -0.0229423000041978 -0.102564273878026 -0.086001104454874
-0.035556281238951 0.0170361505423899 -0.244403720657761 -0.0408312631348566
-0.0163605042424629 0.0154613229473584 -0.265102197671243 0.119734685159713
-0.0151806540669609 0.00668613622867643 -0.165095321508329 0.23158976247924
-0.0228315525416808 0.00692718473255184 -0.0448945953932833 0.252414519622195
-0.0283351917573995 -0.00752156291872034 0.0539273327945606 0.222369484422559
-0.0338046121803665 -0.00546789925806001 0.121889980829315 0.184733460434644
-0.0382256701838663 -0.0201341133864168 0.152650393480898 0.173036250191187
-0.0150389356060676 -0.0326877677260957 0.135764358066465 0.166002569367445
-0.00790859972906179 -0.0227208530702802 0.139146309012186 0.143669317637051
-0.00372243663883867 -0.0342191342221506 0.15595521839476 0.152595569902761
0.0368113067678325 -0.0512579552365834 0.196812500274758 0.188960412363174
0.0670357438822107 -0.0238041806968799 0.296535754026442 0.18960885141783
0.119551226203675 0.0395786032895938 0.145497324180747 0.210502218473255
0.081122628983121 0.00370336114589859 0.0717832722184232 -0.00323499248116292
0.0375041834109398 -0.00429322699314383 -0.115883979725746 -0.0884916398402455
0.0492101001478675 -0.0135859017085544 -0.245326941123694 -0.0477759741788659
0.0464889803674453 -0.0467240691196501 -0.26368468974858 0.104286629741859
0.014131583051364 -0.0729725139673268 -0.176257228304763 0.209224283492436
-0.026252496063315 -0.074763744841134 -0.0620303674915339 0.231782123039063
-0.0402534233367003 -0.0910593918174978 0.0379759671812142 0.204433396437178
-0.051525720444909 -0.0864715903896683 0.110803573866428 0.158691483228813
-0.0459089673257622 -0.11824913304141 0.157886123718525 0.142172569487393
0.0180828191461247 -0.136628073474751 0.161923571636842 0.138780203791842
0.0689287138605603 -0.114777214410566 0.166361238117902 0.134931284671267
0.113335546360441 -0.0702268217366036 0.159918763383469 0.148165195529721
0.165145338246477 -0.01752224214088 0.169908459913497 0.165270689060704
0.187019100876198 0.0358028983886444 0.242733774531481 0.158905583539438
0.180209051652693 0.115426276322465 0.0938308551624521 0.168545595840338
0.17320139411414 0.0799836689895472 0.0420929942776365 -0.0436985558405979
0.138986236954649 0.0214676901025748 -0.135170653174151 -0.111103178385237
0.139142539806302 -0.0471077130481616 -0.245824833219039 -0.0595972664290064
0.108064095631392 -0.109185162606756 -0.248402999985785 0.0812251062578026
0.0421643316825857 -0.14679450347156 -0.171628815164053 0.16723071544908
-0.0250336522807648 -0.147311120417346 -0.0764924618616943 0.183682117158372
-0.0462413035728147 -0.160018090176313 0.0163536896214673 0.158720512172747
-0.0626499392695962 -0.151098711575675 0.0881339744733181 0.105904203344257
-0.0513897871170171 -0.194476770899747 0.149739871764577 0.0839115627932718
0.0377140302000415 -0.221364418910683 0.180579606739518 0.0837851570698531
0.118551862136658 -0.196656904877532 0.196059186532775 0.110121119200207
0.205707151948953 -0.110038066454938 0.167121317257962 0.14100768972608
0.267574155870941 0.00449507391548442 0.128718629678335 0.148425576393783
0.276815597114837 0.0842282460632722 0.157890109911551 0.114544591427604
0.219490675900408 0.171924487919442 0.0234841523381181 0.0930166958743945
0.251462148421632 0.13884946144748 -0.00317127024169456 -0.102696907103138
0.234588555455695 0.0352476784927265 -0.154634813148302 -0.142862031752157
0.21763955635749 -0.0899889975120888 -0.23793368062322 -0.074610611737721
0.152210795732248 -0.169006672101684 -0.218109057454681 0.0466515803787636
0.0588199640165206 -0.204657790520132 -0.157013402908405 0.104482914890332
-0.0247947245784658 -0.198668695277278 -0.087308224456483 0.113226330824953
-0.04481726081093 -0.2041160603272 -0.00559177981581486 0.0916181655696093
-0.0605462747342089 -0.192975245167088 0.0594348978855385 0.0362087018610044
-0.0441109328514707 -0.240233889166236 0.130016495273171 0.0115577141068143
0.0564583624452335 -0.269554699442893 0.18578008912976 0.0158708199941289
0.152288745270156 -0.244576523685888 0.216912306056229 0.0760990551703756
0.265450556798291 -0.130695733506455 0.167097294400184 0.131564241706812
0.329000411793616 0.0292297465564601 0.0775792444665463 0.136383939298456
0.321110288227786 0.122911550554144 0.0566001158702757 0.0608579823925419
0.229277818433292 0.194630616471759 -0.0652489166406818 0.00212192041897174
0.293197689861376 0.16594791190909 -0.0682033260151746 -0.159407030369873
0.294386384831547 0.0334230614947244 -0.173701612698629 -0.166822152786797
0.257880785507265 -0.126419148274036 -0.215870895917124 -0.0892659204754351
0.165469229455814 -0.207779408959368 -0.176630617917633 -0.00667131215195915
0.0603820070127364 -0.233594584688903 -0.139927382440759 0.0237952882443921
-0.0240253559120581 -0.219308042762333 -0.0974209175181661 0.0288930897290371
-0.0364364947417165 -0.218090534720325 -0.0260246676333757 0.0134031573684771
-0.0434317690898931 -0.206787127007929 0.0335856382958944 -0.0412610546088213
-0.0177062786285866 -0.251536568833463 0.109737404388065 -0.0628117197740452
0.0831955237078599 -0.271980276327409 0.185968429431996 -0.0479936738654244
0.179960816955574 -0.24030169375833 0.225972744544552 0.0460753770181185
0.291287488604912 -0.109497203797509 0.154897768677369 0.121821961540408
0.338467932261346 0.0685460832296605 0.0215452009927068 0.11942077216915
0.31132672715816 0.154234712823977 -0.0414243286426599 -0.00154241472804246
0.203260908284227 0.182063073953643 -0.160942663845476 -0.0832331072469086
0.279956778783316 0.158783683716667 -0.144178309270115 -0.194059788707884
0.291519740984491 0.0227698662656065 -0.185403923807702 -0.173574342672549
0.242348128242705 -0.137087602931381 -0.181529952893569 -0.10183155253386
0.145384246356262 -0.204959277105102 -0.135878078377945 -0.0675972114833566
0.0492028373746059 -0.218634942301397 -0.128744379791813 -0.0610375767594235
-0.0218158736109998 -0.204009257116853 -0.108055205589129 -0.0546835940220135
-0.021817983268914 -0.199327097877041 -0.0410617175721724 -0.0653232364925617
-0.0198473465049793 -0.191741282864648 0.0178048045699313 -0.116096259302975
0.0173907258204196 -0.225965759816307 0.100693027017824 -0.130361709239908
0.108177716659728 -0.231063655766727 0.190416497305 -0.0994186097902476
0.192736530137376 -0.186694578443485 0.227694026315842 0.0258812685882345
0.27707651298217 -0.0540460243710467 0.135994242736706 0.108451359933547
0.295620599743187 0.108338761251431 -0.0254786744675437 0.0899779256205285
0.251016172684866 0.167956829153205 -0.118014116906306 -0.0700486555464269
0.137449638113632 0.140506970882441 -0.247330981854723 -0.145397758436843
0.209259927305653 0.125893578177572 -0.208582268268089 -0.197582012591465
0.22661338713299 0.0153765594024316 -0.185723606764872 -0.167044479981779
0.177896797956283 -0.110872304105161 -0.148855936250628 -0.112019400452144
0.100499715830454 -0.155421427549904 -0.109519211053942 -0.12136204255941
0.0340390024506794 -0.161795998090147 -0.126754129421686 -0.130770474018784
-0.0127763171496392 -0.154068643907823 -0.117818237741248 -0.123421317438134
-0.00459911456432155 -0.151928889365833 -0.0498792937467842 -0.132228734169863
0.0043045999406559 -0.147909460188286 0.0177169290673602 -0.179074668021674
0.0432415773597374 -0.169846250416348 0.108944527853775 -0.182491155389075
0.112099233479326 -0.156939920169393 0.206163689783133 -0.13096062124781
0.174917451383335 -0.11011830940145 0.230336668313475 0.014230789921255
0.223162290127745 0.00685823127289196 0.120263260407951 0.0930749646554513
0.212010455422774 0.133326142828662 -0.0507859959971502 0.048953659682496
0.157984405111131 0.156464062635517 -0.160136161249466 -0.13693715317759
0.039355014491266 0.0849061326761859 -0.30233910104222 -0.175789305082399
0.0971820144138863 0.0873404211163317 -0.242203879489309 -0.179440691697964
0.118804153877191 0.0198717233607351 -0.177629152692802 -0.158537496203798
0.0866459763255588 -0.050170780002292 -0.129985537785965 -0.119255913892439
0.048539931939502 -0.0679505497699846 -0.105503018174508 -0.15354372150587
0.0245646800719759 -0.0733642360449632 -0.13245358183175 -0.168794707576759
0.00512417394873999 -0.0793848947847845 -0.121558768949885 -0.165748509156942
0.0131721046162298 -0.0808908127597591 -0.0497964841672708 -0.176486892840407
0.0206004211544738 -0.0822080259578439 0.0280031491624476 -0.220784479077316
0.0457796626714942 -0.0919501869590752 0.129345263117927 -0.213027565079294
0.0818107928118135 -0.0760843145254856 0.226746339830302 -0.143043110327237
0.121519917223733 -0.042924985088365 0.234108939429428 0.0120368699067417
0.141282824254378 0.0424099634405967 0.115740410290956 0.0785203418338181
0.108757844104666 0.119394762753569 -0.0484281321267749 0.011179696170058
0.0507324549272906 0.112571022422759 -0.165282614942505 -0.188927756813752
0.0426001747640538 -0.0290984552427052 0.134077076810243 0.23407979750344
-0.00564879590113784 -0.0644219674433742 0.0960372244472419 0.0178243669149534
-0.04717273058775 -0.0328377991475599 -0.0794665158879508 -0.102600567025976
-0.033243095405787 0.00757948103807537 -0.227442551874394 -0.0824377379193285
-0.0149722191235861 0.00750733230277915 -0.275657191143787 0.0685488885549345
-0.013534806672453 3.0649987777681E-05 -0.200464359125554 0.192056334297469
-0.0213141603097784 0.00154281062560135 -0.0894374686714163 0.234850532863113
-0.0259539818231926 -0.0138621533762486 0.010530657461729 0.222583991324809
-0.0308171306507863 -0.0129447522479649 0.0838238905766862 0.199145273739246
-0.0325761383842988 -0.0267853862119097 0.114176354124671 0.194391225698633
-0.00783188874439593 -0.0347565193580147 0.0991244599952884 0.184280608333633
-0.000423628624184483 -0.0244773400391725 0.103202647877966 0.165617180117429
0.00591323294253655 -0.0334771411744094 0.11959813306122 0.178548028830246
0.0482802445234781 -0.042653384290809 0.157021122488298 0.223331212119578
0.0692493545818493 -0.00988666886179424 0.25545309446068 0.247650414926199
0.101637603614603 0.058334255552759 0.105486409363338 0.228914533725274
0.0750047098342882 0.0164701547056044 0.072425127303992 0.00982145288246618
0.0379324667766536 0.00130690772827474 -0.092953612723772 -0.104326556633492
0.0504766435141948 -0.00630575865935736 -0.225102750195747 -0.0881094222535184
0.054882398752951 -0.0399880459353643 -0.271955035524704 0.0550545945366415
0.0276725810766359 -0.0695446710931981 -0.206033117757714 0.170637981301699
-0.0101848545393908 -0.076550897912337 -0.102259426099632 0.212048321511923
-0.0232876747342477 -0.0967900315217267 -0.000760316879381746 0.203232527451556
-0.0325060614826814 -0.093654900158969 0.0779560862209994 0.171557916523706
-0.021543125299768 -0.121992381082367 0.12619468464743 0.162835035769348
0.0435498684119969 -0.129401802898444 0.130674941079296 0.159596804386981
0.0902168800573036 -0.0965379616228783 0.133953044103846 0.159360061220241
0.126381569002343 -0.0434999431647757 0.128475977159667 0.172952803302252
0.164865864293228 0.015022530916793 0.135943259259511 0.196749156562401
0.17226737478897 0.0709084934014482 0.209816749965479 0.206425889892673
0.145475354530546 0.141504267561037 0.0639310365119571 0.180243575261258
0.150534234598192 0.104394634952186 0.0476071626005965 -0.0308188553449792
0.129930576899283 0.0436641619144165 -0.107908704929232 -0.126864267412138
0.140221099469045 -0.021559158844032 -0.223466866779578 -0.0982368289432528
0.123410929180671 -0.087661918028056 -0.253822877609501 0.0354809528839755
0.0675151309260468 -0.133714485321476 -0.193789183571884 0.131542481034517
0.00228897335292285 -0.14459326712372 -0.106787605276993 0.1624841505648
-0.0165135896730003 -0.16431658478638 -0.0128169298394281 0.154462707469938
-0.0310205168498428 -0.158258099264585 0.0661064132654751 0.116588376378782
-0.0136284259219004 -0.194736225381738 0.128974574413788 0.103750688519399
0.0780061917549285 -0.206192186092855 0.159840465527696 0.106768087239966
0.152827713558313 -0.164162712495729 0.170909317446284 0.137617222177592
0.223808685499054 -0.0635284794829788 0.138855153612248 0.16574628582273
0.259695349889691 0.0571513955680669 0.0988863652008381 0.174278339937727
0.249825924386838 0.135050360485946 0.135141949333083 0.145810987241014
0.173404649469364 0.202053522633059 0.00839575598057881 0.0957113569391992
0.215559720406579 0.173152953028047 0.0117100847080529 -0.0934957304980964
0.219637487086841 0.0744707100426292 -0.122221640387251 -0.157540521560093
0.220006315088381 -0.0474710536794993 -0.212322239267795 -0.110103864954189
0.175562223746004 -0.135940343169735 -0.217835712212962 0.00733352347701795
0.0933128756499618 -0.186195822231648 -0.167451439716001 0.0745637816786485
0.0112217067905589 -0.192971735857254 -0.104163049347513 0.092233818220318
-0.00751910971754523 -0.2066691732898 -0.0216659444636405 0.0859214600291143
-0.0215164490545555 -0.196649764841203 0.0517810481429972 0.0440445079465132
0.000986394513243122 -0.237486697335832 0.124229911308477 0.0301708929568055
0.10420892846199 -0.249371965423396 0.178918856974774 0.0407806520536082
0.193386873044595 -0.202818530019497 0.198900955805732 0.107224235683361
0.286041571702588 -0.0705556405433547 0.143252837693605 0.155851298007003
0.31327848307527 0.0926724788964096 0.0519108089645808 0.153169985176121
0.283808838221827 0.181316767860565 0.0469176850769492 0.0728357221469809
0.179561768788702 0.225453890931186 -0.0616012228318561 -0.00724362117190581
0.251436959099875 0.206212062872088 -0.0427290566389122 -0.157618751833823
0.276037517139768 0.0833872284218865 -0.134889470781238 -0.181534916615151
0.263917992999339 -0.0743635638396408 -0.186085577078233 -0.119163498730625
0.195035680340589 -0.16877102739214 -0.168569334923396 -0.0356256824660574
0.0997628701820514 -0.211376936543175 -0.136047406115815 -8.73007461975538E-06
0.0144295984740234 -0.21208181697476 -0.0984060838398995 0.00840812703736435
0.00339788867798031 -0.218212164360841 -0.0270129153150533 0.00756521865624939
-0.00260808868482253 -0.206566185046828 0.0409972053205002 -0.0348422158250236
0.0283920770277038 -0.242895952254528 0.119069781837004 -0.0448717250989355
0.13117386165447 -0.246080415592876 0.190824984045802 -0.0212138453372769
0.217477286367411 -0.193811287257239 0.214108143502818 0.0797315321429624
0.305374963388629 -0.0458453504712023 0.133842569485209 0.143916970817642
0.314155286208073 0.131810105380501 -0.000220762173786354 0.126524096635731
0.267866564149092 0.209151588895997 -0.037878939090443 -0.00816208335303911
0.158709420882983 0.208176532097825 -0.139407310097071 -0.106241772581068
0.241599484432148 0.195338551958111 -0.109384377994908 -0.203621006761848
0.275097130815465 0.072819617018991 -0.14521927602554 -0.190132116313388
0.251564694928322 -0.0864867298975 -0.151477339156094 -0.125649688160026
0.175766984636879 -0.168893123686425 -0.119024443762589 -0.0872526770615375
0.0863932846625849 -0.198803629247366 -0.110780748407101 -0.0804397960088034
0.013734756263805 -0.197078041341548 -0.093348455756391 -0.0738936174300229
0.0128471430271744 -0.197586342161067 -0.0266966249669489 -0.0701805985565852
0.0165614970296903 -0.186250290374501 0.0407101513502188 -0.108640760557261
0.0563633961631691 -0.212292887092992 0.12323425420349 -0.109585287217893
0.145622366807941 -0.201067102990116 0.204870889976371 -0.0680705535801564
0.218287381310856 -0.140372921894213 0.221519566187391 0.061469634250422
0.27952695438058 0.004854066664726 0.118022456374968 0.129294335122491
0.263768808498519 0.163416466001952 -0.0413914762493028 0.0886554945317562
0.20624708824828 0.210856071349583 -0.0998885420384585 -0.0907256578685694
0.106281222358888 0.156421227757292 -0.211798346243371 -0.180588719895503
0.180208617024102 0.153108549200558 -0.169218640211308 -0.22034500269836
0.214514986751791 0.0533601678730395 -0.146443712373495 -0.186881369337141
0.186879677275421 -0.0731568439325137 -0.118516992120815 -0.130064838877414
0.123760112920003 -0.128800640958728 -0.0848139215528032 -0.135296282449848
0.06240264344904 -0.145850671339671 -0.0982310615327768 -0.148215148749693
0.0138873035341426 -0.147373121326434 -0.0902032298797979 -0.142498819624393
0.0212968168161936 -0.147851532077779 -0.0229343675120333 -0.135671277686376
0.0318302552733385 -0.140077717437037 0.0511118758964637 -0.168744488212961
0.0705879130859534 -0.153505722178446 0.140404826478916 -0.156389948468904
0.135071513859533 -0.129037962816439 0.225805464586842 -0.0925516043474858
0.186214777593804 -0.0703203719639556 0.225732339732731 0.0536134092926497
0.213402912247573 0.0522047272357662 0.105208674202735 0.11293558384142
0.177539668632924 0.170124630626708 -0.0594931798584238 0.0439575115804116
0.118181260629425 0.181827557291174 -0.128625378506993 -0.165574282906343
0.0254483197530725 0.0852266296639168 -0.261182352647787 -0.220915897642083
0.0806491305581696 0.0974362796861401 -0.202769775325778 -0.21217863440963
0.111258700599702 0.0392895878095755 -0.140994864398019 -0.180431801348054
0.0914355967902562 -0.0313314309213179 -0.099770564789741 -0.136504348618474
0.0597836432497153 -0.0538322437317385 -0.0745508281157831 -0.166770052853755
0.0381086549714928 -0.0632579753112784 -0.098682736140553 -0.186732682593175
0.0177560825874595 -0.0728028262722379 -0.0874534276308743 -0.182864975699332
0.0269046287569172 -0.0758409462761742 -0.0145372302197773 -0.178342351050749
0.034646705139886 -0.0735629949561406 0.0682909306665624 -0.206973422829905
0.0590137120560134 -0.0785422425752181 0.164329092311805 -0.179217260778225
0.0918548455590254 -0.0561576528779778 0.245552004445412 -0.0977204033901022
0.123034967489322 -0.0176389575367577 0.228746440290952 0.0551439972263981
0.127817263306177 0.0703745712643125 0.101361950294388 0.0986038349885257
0.0798876326400665 0.13617087280066 -0.0508023008028727 0.00550329075310139
0.0237673042748163 0.118116443374203 -0.123859188431711 -0.216965895090168
0.0416533672173977 -0.0291790469783849 0.13633570633619 0.223752720433911
-0.00756029294488273 -0.0642442119133371 0.0955858698457822 0.0124492741356664
-0.0463909594800243 -0.0312695215751243 -0.0776390191689778 -0.0991236603706046
-0.0321453638597328 0.00777788047701396 -0.222058992202692 -0.0748705993607426
-0.0144860572035698 0.00655658212525763 -0.267025099915636 0.0739924267108537
-0.012963078307282 -0.0010388019991763 -0.188842509630307 0.191719413428329
-0.0197314994790665 0.000594579620712283 -0.0776823509863221 0.229578611800981
-0.0255410402813036 -0.0136592911237615 0.0170188390761215 0.216529333936182
-0.0301228379994972 -0.0126688878471626 0.0881846479440634 0.190501334228298
-0.0321685492197191 -0.0249893761717719 0.117741832695311 0.184819594909351
-0.0092707251552628 -0.0343613551906838 0.102157416294719 0.178947949040824
-0.000337710781608125 -0.0244358522856396 0.103346128411026 0.159210911662633
0.00549266846747168 -0.0328562267137365 0.118009987842015 0.171956263851095
0.0461530440647589 -0.0434741802704848 0.155884294897972 0.215114506516703
0.0673353892534348 -0.0124102385200092 0.254112935428696 0.233484101508171
0.10019192351285 0.0548107397870385 0.107920236669312 0.218842327775747
0.0734375977149283 0.0127941544741339 0.0729612097266554 0.00570337308736426
0.0364096758183712 0.000178235714545725 -0.0902462208094164 -0.0999431581570333
0.0482242420223049 -0.00782226473100459 -0.220115571917593 -0.0806770629398263
0.0515822431730044 -0.0415249202286625 -0.262537143898289 0.0595744839841195
0.0246812208911587 -0.0699235324145837 -0.194884951743302 0.170174051046019
-0.0122064512275347 -0.0746699991567224 -0.0916046762865633 0.208165250701572
-0.0262836154537207 -0.0943818964112533 0.0055165844107376 0.196953686488321
-0.0345651001800494 -0.0910178457828051 0.0820318717877111 0.163651088697752
-0.0247220620539865 -0.117183861813165 0.128180045142043 0.154110859867752
0.0386328725448502 -0.128242197083148 0.132158478815583 0.15251178876574
0.0850524380472498 -0.0974447379118873 0.133609287194669 0.152155252661811
0.122179270132404 -0.0463724936639481 0.126358268990448 0.166590627719911
0.161833163602455 0.00999826406971482 0.134978773764481 0.188768548144578
0.169418878017858 0.063981579854907 0.209537062462515 0.1958834413904
0.144319397952298 0.134966673242999 0.0665832131680357 0.171932394087772
0.149366215132004 0.0964540395259585 0.0479502345790934 -0.0339332635990491
0.127247330904505 0.0392963172943172 -0.105040191291035 -0.120172156068112
0.134569650238371 -0.0253349314162478 -0.218470470282086 -0.0910252530945794
0.116735667936833 -0.0899806795350308 -0.244192961097456 0.0401584809144039
0.0609596519455764 -0.133487078740874 -0.18440211037569 0.131958402166913
-0.00166603206260698 -0.140872002340035 -0.0980193487908237 0.160529903719192
-0.0220298558911703 -0.159677483196279 -0.00722662636541334 0.149899287152761
-0.0349565728688239 -0.153750258739342 0.0685770641864327 0.110476383777397
-0.0195058397516198 -0.189299093580428 0.129519814800235 0.0959774343382891
0.0691094909065728 -0.204851811855942 0.16007633785262 0.0995034349808926
0.143724051359972 -0.165008494779602 0.169324558384714 0.12960199999025
0.21637678214409 -0.0688207808025237 0.136839621143694 0.159407102167943
0.255011887684247 0.0483536343434933 0.0990034100708555 0.167213764059259
0.245140161577294 0.124874223391546 0.136210241106568 0.139486418587275
0.172729251041944 0.192994596839255 0.0108224776357458 0.0910262272385622
0.215383296948595 0.161727691272102 0.0120791435989337 -0.0935370800511081
0.214513784594643 0.0677520866768251 -0.119433073234871 -0.149907601828215
0.21236606904935 -0.0523761398063575 -0.207407803860738 -0.102330204845456
0.165312225536647 -0.137657040458906 -0.209076338734368 0.0111157657321305
0.0853806566840161 -0.184131232807145 -0.160877436854156 0.0746234417127866
0.0053293427483707 -0.187845805242911 -0.0985997428411062 0.0923620060298902
-0.0152916109830495 -0.20110506844563 -0.0181288343858564 0.0835835893909162
-0.0265305169428543 -0.191511154470686 0.0519275447019476 0.0406352252135292
-0.00621883377178277 -0.2304370802052 0.123145175711962 0.0243118096025997
0.0931922713252666 -0.247361509445467 0.176128113543166 0.0340782111624169
0.181909793770469 -0.204341661649735 0.196374950899123 0.0985299908529883
0.276186783805356 -0.0782675075937969 0.140260949002604 0.149061563230733
0.309267622659269 0.0809222597742574 0.0522892190317286 0.14733348565791
0.278709649822704 0.168116610337304 0.0489269463278487 0.0707955251835189
0.178327756902219 0.214823275745042 -0.0596856535954857 -0.00737501352519274
0.251225006793026 0.193209346500373 -0.0417891276946376 -0.154141128236653
0.271024357054037 0.0743421938647662 -0.132974947691593 -0.172926356597401
0.254208825472256 -0.0797288350968966 -0.182709674627099 -0.112488598342902
0.183771841187598 -0.17017422285298 -0.162694701709759 -0.0328845692765273
0.0906550348651394 -0.20861760122404 -0.132735709259858 0.00131739936145476
0.00831275336424488 -0.206373910427339 -0.0954703809497126 0.0118586333603809
-0.00500571986356733 -0.212065019871826 -0.0245190669688273 0.00677431265396177
-0.00918010071129312 -0.201099383280768 0.0395146665659447 -0.0352988407798784
0.0193786806743335 -0.236942176182267 0.115496836990216 -0.048981845335986
0.118211671016074 -0.244668160754498 0.185396518821041 -0.0268890477021017
0.204570185098767 -0.195129283195802 0.211160216297599 0.07112057321874
0.295439489564885 -0.0534745566240286 0.131578756888012 0.137319816454403
0.310338804048495 0.118722301331412 0.00190302633356492 0.12277100975655
0.263074714083599 0.195819428702719 -0.0352567935887805 -0.00541813244367708
0.157977740640774 0.197873849503692 -0.137686291210291 -0.101088350456225
0.24039621065446 0.183428596156356 -0.108803491435778 -0.19680158836012
0.269731496309341 0.0642778101489103 -0.142892305470039 -0.180965359919316
0.241374838273025 -0.0918618363285395 -0.147195901100688 -0.119235689412404
0.164504150398702 -0.170198979973991 -0.116322462835482 -0.0850933774880582
0.0785738880688612 -0.19599358614596 -0.111137579132127 -0.0771412072438308
0.00750269774392743 -0.190915590216314 -0.0936334485510049 -0.0682954171287841
0.00542413073304293 -0.192308736589491 -0.0266287443344004 -0.0686382981431813
0.0105876485604809 -0.181060411016646 0.036746265606196 -0.107697233359155
0.0471399328036298 -0.207928815617515 0.1175362086564 -0.111908481112019
0.134536889669471 -0.200374692654354 0.198003559776977 -0.0730752017620527
0.206399678208437 -0.143171028703625 0.218337753576182 0.053114531335306
0.27091610801071 -0.00370004015278724 0.116111530901728 0.122660701216263
0.262184627329192 0.150365944577605 -0.039291303426119 0.0872384076528163
0.204327754381116 0.199379521568455 -0.0981784374190022 -0.0837911732790821
0.105213573628464 0.148674501920145 -0.209594375776585 -0.170877159906761
0.179706777616665 0.14377217652482 -0.167126402075492 -0.211731669919791
0.209896266169514 0.0467102726414184 -0.145502727793941 -0.177244561380702
0.178794494022174 -0.0759686254384831 -0.115942739895261 -0.124075139909091
0.115647228749825 -0.128208157601088 -0.0842609808363673 -0.132712983216463
0.056223093367291 -0.143174157042284 -0.101347754969569 -0.143392299656634
0.00940114011768316 -0.142717668258213 -0.0930876051730143 -0.1346989322079
0.0152888011151997 -0.144430682513544 -0.0252384041106865 -0.132519097717208
0.0260916169820745 -0.136791091288448 0.0444623823553028 -0.166151469805758
0.0631897896128933 -0.150798161356048 0.131460063550429 -0.15585465746695
0.126373155962099 -0.129312934194079 0.216798292808613 -0.0965203051279477
0.17765068138375 -0.0740551334114864 0.221533096833206 0.0455787463874488
0.208335314857351 0.0445857093542848 0.10341692934194 0.10693844575018
0.177453834366094 0.159499471159003 -0.0572663080133976 0.0443322593214463
0.117512002694309 0.173084981910625 -0.127970874044555 -0.154633929633911
0.0249510761620563 0.081968724853964 -0.257598315869838 -0.208481954312945
0.0807527655314286 0.0926379982527538 -0.200009292620073 -0.201989230756832
0.10892070871149 0.0360350582354358 -0.139920552846967 -0.172285028279375
0.0879582714614156 -0.0326291417790203 -0.098393947561073 -0.131127352734555
0.0563120489839947 -0.0536957217328867 -0.0764693774688798 -0.163021883630796
0.0352390032660921 -0.0621525221678129 -0.103774918737034 -0.179663202905572
0.0159149128027445 -0.0708798864859328 -0.0918789883728793 -0.17473277050337
0.0226455705008902 -0.0747059948427112 -0.0187737243365157 -0.173913022489141
0.0318086258541949 -0.0721943622366643 0.0604828710303841 -0.203013319600074
0.0540639139165053 -0.0779069466860638 0.154023084358212 -0.178999080071997
0.0864738382454059 -0.0568933904539665 0.235143859800121 -0.101613086525747
0.117966094084098 -0.0207384011253521 0.224113437382942 0.0466776597657843
0.125546688968496 0.0645547089029744 0.0999367731088557 0.0929638408456692
0.080562275661031 0.129894611513152 -0.0493646794562071 0.007992952195416
0.0240519552918951 0.114704249716196 -0.125140338064644 -0.205038187905532
0.0402126480682154 -0.0286410098844808 0.135785430788016 0.214853378875242
-0.00911104595090989 -0.0630218678060931 0.095330914328204 0.00805073422465276
-0.0459740383010621 -0.030117380606221 -0.0748753075543672 -0.0969068118032568
-0.0312536925992411 0.00743903471570851 -0.216044764653426 -0.0703146878135313
-0.0144131606892406 0.00626969735163552 -0.258699646113105 0.0759674715526205
-0.0129288819627146 -0.00203740923915523 -0.180154605987006 0.189044047916252
-0.0191416716580463 2.41717315909292E-05 -0.0703232414950717 0.22243460144714
-0.0253587857246382 -0.013416400991865 0.02115003529932 0.210122481081531
-0.0293420239477864 -0.012829843938365 0.090109270592692 0.183474611725161
-0.0311653777142779 -0.023817927868935 0.118810422073475 0.178368904706206
-0.00896738333784769 -0.0337348375944642 0.102492007724248 0.174289330082457
-0.000396043934659828 -0.0243404846324014 0.10116415757271 0.155046248984225
0.00582447761496379 -0.0322759907427965 0.114205666509779 0.167658852685214
0.043952977096986 -0.0431551864993076 0.15250966852092 0.208241517857888
0.0650355984339873 -0.0132335336621815 0.250993440729099 0.223460389675948
0.0982577591320696 0.0524470833574685 0.10782327541273 0.210365926746977
0.0713527262622924 0.0103239373288219 0.0732778499460963 0.00179057866218765
0.0352235090735011 -0.0004182244694367 -0.0868179073942689 -0.0968774253301605
0.0455575437443332 -0.0091598266775678 -0.21427705341873 -0.0772992525836267
0.0489982950067671 -0.0420013597168521 -0.254076806878186 0.0609355691615284
0.0219938610210175 -0.0700492764582997 -0.18657910686373 0.168180330223438
-0.0132768432590635 -0.0732807769421636 -0.084367459971939 0.202516055077061
-0.0276166895748046 -0.0915425095296108 0.00918254841651007 0.191444908081908
-0.0356677154628551 -0.0894795841730247 0.0829744326137908 0.157615387393877
-0.026348059253248 -0.11366358797781 0.12923511309894 0.147388788605755
0.0343567032751726 -0.126139532747261 0.132074491151906 0.147853802264805
0.0810069130255675 -0.0965330148450113 0.131474741784357 0.146840503061641
0.119599655205381 -0.0469008795163953 0.122120451812517 0.161918196472199
0.158804704351609 0.00623079329993801 0.1314638369517 0.183213249289118
0.164780544040169 0.05906683688254 0.208257101411987 0.187268514890211
0.141692255259708 0.129875369982591 0.0670238039767108 0.165624979587354
0.147170211755182 0.0908865944763334 0.0495919721038164 -0.0359288484840439
0.123832061311384 0.0369268007405089 -0.100696962917061 -0.11674332423729
0.129892839050782 -0.0270719141940597 -0.212114992133434 -0.0871423934845463
0.111092033360422 -0.0903424947260365 -0.236188950568531 0.0397454902673392
0.0568750442348826 -0.132038633976702 -0.177166030973608 0.129342543527601
-0.0042096796581832 -0.137630518613298 -0.0921146436115274 0.15644675823198
-0.025936619454137 -0.155858023387648 -0.00374504304438154 0.145436380737149
-0.0367854065242564 -0.149795993232029 0.0687046939557388 0.105241247614442
-0.0224430476651177 -0.183306146363731 0.12967866722482 0.0897068594535844
0.062423185239033 -0.20192519001699 0.157981350563624 0.0953966433240147
0.136917159160634 -0.165099656533365 0.166534981818812 0.124097868078193
0.210469737165661 -0.0707664652688562 0.132340206714302 0.154859061395175
0.251004776869614 0.0417529191479976 0.0962200468756745 0.161782510060889
0.23928240105854 0.116701920193607 0.136430593578677 0.1338040804609
0.168852526122654 0.186036443089206 0.0118243671720293 0.0868462334284063
0.21227242138768 0.154427796957191 0.0134551176615867 -0.0937159323221851
0.209622744770215 0.0627080314206648 -0.114237500521522 -0.144699105707055
0.204778851461576 -0.0546586103018121 -0.201719179151275 -0.0986901255302677
0.157747862404635 -0.137885173160131 -0.202379838536411 0.0112778020408325
0.0793495857091783 -0.181449556658309 -0.155698425029728 0.0731707928964599
0.00189811876875465 -0.182816415870096 -0.0940018451814869 0.0918034810655268
-0.01971154817069 -0.195155996636563 -0.0154215871619717 0.0804749323835373
-0.0302379228342854 -0.185940968064231 0.0521733258509217 0.0378093524848491
-0.0107606593042262 -0.224546229634018 0.121453921259186 0.0196935431137511
0.0850508594768081 -0.244088249173183 0.172414502764783 0.0302998332903738
0.172695218076756 -0.202984101090566 0.193114467001004 0.092364627796052
0.26889484891074 -0.0810275131740915 0.135946106396365 0.144657741752213
0.303480876627772 0.0734799334093691 0.0513431920667242 0.142965030172907
0.272449839463627 0.158683516652443 0.0497384344585129 0.0685046470284864
0.174592570686849 0.207987000211319 -0.057478252352738 -0.00752444450940276
0.248345416418428 0.183873317812449 -0.0397141076991285 -0.152580221609745
0.264599841679892 0.0694309166134578 -0.128161386247524 -0.166526598813823
0.245138606076913 -0.0818553517461602 -0.176819655312523 -0.108639334251351
0.174674146773041 -0.170018240731483 -0.157237701793457 -0.033184655216667
0.0838403949728216 -0.205405513397956 -0.130310148603734 0.00174264787056845
0.00457372254271586 -0.200108290328426 -0.0935262835740398 0.0135649801703577
-0.0104353565822948 -0.20642811084083 -0.023263171548749 0.00555423460563045
-0.013337716647145 -0.195490924433959 0.0379661284299664 -0.0360681480167007
0.0142197719164456 -0.23084932033575 0.112527588776102 -0.0509070278144805
0.108423982603417 -0.241677857386111 0.180783267351213 -0.029635622823324
0.195171318692061 -0.194192996447334 0.207648810871995 0.0649023004159895
0.286917035029484 -0.0577275816324369 0.127514051520678 0.132954872011886
0.305277653478432 0.10966717873432 0.00184335805189461 0.119051811348766
0.256123750757252 0.185568666984646 -0.0329768729707939 -0.00341338476392402
0.154162790762886 0.191237758668296 -0.134545562189477 -0.0981212458495075
0.237447821282322 0.175004079882423 -0.104782033441267 -0.192598915047612
0.26359719652714 0.0588926802289094 -0.137995548806338 -0.174282615836238
0.233497859541015 -0.092904891229329 -0.143145649190053 -0.115111906361034
0.156136691478122 -0.168677335687371 -0.112280296270152 -0.0843898124497446
0.0729085401864069 -0.192101025162774 -0.111017789628494 -0.0753406150315011
0.00460295685736127 -0.185026742496006 -0.0931599135111497 -0.0638493483729309
8.04997573907885E-05 -0.186891526610729 -0.0268601847716358 -0.0679091915721267
0.00660184456096749 -0.176990131180891 0.0340562292766172 -0.106249847906628
0.0415201457560719 -0.202936807400117 0.112345628194872 -0.111492800213952
0.125067510190603 -0.19751154984995 0.191841291099493 -0.074593832769155
0.197475712560761 -0.142347641006808 0.213852764010521 0.0472506702282414
0.263102632028599 -0.00795139437355115 0.112905212164794 0.117969280279913
0.257731243198244 0.14159198337012 -0.0381272507089392 0.0852685644289339
0.198874645227751 0.190475174415586 -0.0945298008059335 -0.0778534617626448
0.10224156614296 0.143190932220638 -0.205397226846828 -0.165267055054979
0.177072788583839 0.137282381699554 -0.162895541183287 -0.205192847898469
0.205226012070765 0.0430792838755324 -0.141031122438849 -0.170512711487817
0.172428163633214 -0.0776113061811731 -0.111397931424115 -0.120328793965006
0.10999570443415 -0.127230682089389 -0.0824164541128666 -0.131127438674668
0.0527444161812524 -0.140592915691665 -0.103244352619851 -0.138914597348799
0.00684175829345561 -0.138106858067243 -0.0936922425072477 -0.127847330492328
0.010493658084896 -0.140485413875422 -0.0261321649189707 -0.129826612155228
0.022507932550831 -0.13321372532554 0.0404893060775096 -0.163278756789781
0.057988422733181 -0.147450654040048 0.125669890130435 -0.154580951800216
0.118878189262401 -0.127851154000673 0.209061736367485 -0.0984962861485904
0.169970262776658 -0.0741016562852015 0.216972961026656 0.040302194055805
0.202414555845715 0.0400241156401632 0.100060468072534 0.102859388055373
0.175035860664013 0.152193699653481 -0.0557280726282425 0.0442381882552329
0.114963680229334 0.16688785714144 -0.125157743574378 -0.145995076399653
0.0241181602375397 0.0789698336170091 -0.253058270186691 -0.199684108989945
0.0797764274251629 0.0890951348205823 -0.194503343843675 -0.194734424279929
0.107252494241403 0.0340110975048816 -0.136055283652506 -0.16568303688731
0.0849627702330425 -0.0329502518089085 -0.0947642432750744 -0.127260079914853
0.0534935819917674 -0.053089609687086 -0.075361551638902 -0.159896123340537
0.0341172846555899 -0.0605664955599961 -0.10577339495102 -0.173368587157882
0.0143623677091735 -0.0681654510842193 -0.0931560781523012 -0.166886927424998
0.0196891862027172 -0.0730227176885138 -0.0210542825798188 -0.170216243851862
0.0291423393477251 -0.070628538356833 0.0548822345083183 -0.199116328690299
0.0510539775465464 -0.076458287409801 0.146157206998661 -0.175971178102644
0.0825548001431993 -0.0555245546166233 0.227047964302833 -0.103083373061196
0.112666378046251 -0.0205691311037605 0.219319670590753 0.0415678343839096
0.122377299050289 0.0611442321326726 0.0972645091205088 0.0888561403325815
0.080144446235572 0.124653125777611 -0.0480884281713567 0.00969560631467889
0.0237745140777656 0.111327320511054 -0.123921831755985 -0.195439135188471
0.0401369402399589 -0.028239082043886 0.134269806608062 0.210661516072385
-0.00994063736423427 -0.0625349578755313 0.0947677812561697 0.00588787979021894
-0.0455595603116853 -0.0291588165750213 -0.0731924046066066 -0.0973285128352297
-0.0311198844021848 0.00727380892563944 -0.212076790413044 -0.0700331820282947
-0.014115239632505 0.00602371298611806 -0.255058584357079 0.0752147601923787
-0.0138754365672267 -0.00312056088597752 -0.17609064201105 0.186360585246506
-0.0184839333911284 -0.0015016527708713 -0.0664629070304303 0.217359239263568
-0.0255227233905436 -0.0140856497276507 0.0227439796917917 0.207098513208931
-0.0288379049717598 -0.013482906196226 0.0908010540147463 0.179571679224239
-0.0303708109968244 -0.0229286215566973 0.118946870987182 0.175052966562889
-0.00875911201764284 -0.0337203205575781 0.102327473578901 0.173423479673449
-0.000190247103748048 -0.0247863805612948 0.0981226353198956 0.153155760209796
0.00665410010582033 -0.032085053231963 0.110056919731165 0.166830069251317
0.0434370138964238 -0.0440419807353673 0.148236941481945 0.206694559514051
0.0628122035220849 -0.0134024387262569 0.247584996714879 0.219254082941663
0.0970165565912462 0.0521862705266603 0.107242289854828 0.205794229017629
0.0697512012655264 0.00913239235886017 0.0741785403355725 -0.00127157394882557
0.0337043213773308 -0.000208595995910933 -0.0830705619789405 -0.0968829528377501
0.044232324304258 -0.00926619303010746 -0.210284699873713 -0.0770372494099933
0.0474992023056575 -0.0418066256658902 -0.249877532680558 0.059724128319323
0.0202930479201871 -0.0700357422711609 -0.182540820134433 0.165103055252231
-0.0131815139074079 -0.0729763890279199 -0.0807037310869637 0.198600797928696
-0.0291384293698737 -0.0904737605505676 0.0109289892487524 0.188196955593419
-0.0353952489872569 -0.0886316350722062 0.0834696807477323 0.153649234435956
-0.0257292594609177 -0.111712034568871 0.128902516738056 0.143171568909852
0.0327131281389137 -0.125735100334689 0.131739296330708 0.146434379320239
0.0795832961541969 -0.0967833291279768 0.128708329320704 0.144679759522357
0.118731772291297 -0.0474823013770909 0.1180692272976 0.161862272754224
0.156959801575352 0.00490908625433462 0.128485794371685 0.181122920305951
0.161524085687663 0.0577492058575234 0.206287511097644 0.183362168514593
0.138853660473823 0.128998485220628 0.066236116511994 0.161293428882431
0.145695259478958 0.0879925990444509 0.0505847264916681 -0.0383350025885234
0.121625755846507 0.036647131131323 -0.0963822043757639 -0.116005507676133
0.126857288218718 -0.0269710714739527 -0.207921778675594 -0.0875156487683816
0.10786841367798 -0.0893980473494239 -0.231872205357738 0.0389946833633896
0.0535836380797136 -0.131230181804515 -0.173756937866416 0.126768527938025
-0.00504916271585139 -0.135480160200648 -0.0896816725664021 0.154459868296712
-0.0275393285239187 -0.153079558850916 -0.00224982718523511 0.143058883849582
-0.0380660941434405 -0.147859930878679 0.0690964002681787 0.102126482567599
-0.0229189059919411 -0.180525275376492 0.129070859901319 0.0863007553940395
0.0598011847190136 -0.200796090325893 0.15713015835351 0.0938491760247449
0.133431164112181 -0.163981249746816 0.163601914451726 0.121612514571778
0.20758709678337 -0.0713179132262907 0.128370723517693 0.153515979317879
0.248885586618514 0.0397075987162671 0.0937857987491192 0.15990499742361
0.233601137098273 0.113966746517172 0.135598125955312 0.131554798585149
0.165008476198701 0.184054410759311 0.0117593358611461 0.0841114576465672
0.210453194484997 0.150162960312784 0.0160686058658489 -0.0953427468636004
0.206752933342901 0.0620906014264026 -0.109689450818521 -0.142745689428221
0.200480714964838 -0.0543793459488154 -0.197512786809824 -0.0988236080816568
0.153645714715394 -0.137355439448574 -0.197986180073565 0.00918285041614526
0.0758104665601603 -0.180167275814021 -0.153379823870626 0.0715658201474022
0.00122139063124723 -0.179718157763089 -0.0924914885522479 0.0903570084753592
-0.0227785259723889 -0.191815656850934 -0.0147266903118355 0.078183003244313
-0.0307348296819784 -0.183826688684338 0.05084130635525 0.0360986756764094
-0.0116083863587411 -0.220700181837514 0.120622538129633 0.0166038625374642
0.080759524579699 -0.242286134402752 0.170124287575813 0.0290513655420247
0.168036048100615 -0.201258824933685 0.190703578051625 0.090394882644782
0.264389284759074 -0.0819830693622604 0.131939294857788 0.143412748252642
0.300990089522001 0.0703080820816685 0.0491840545568424 0.140721000608494
0.267074178705774 0.155742286293334 0.0507210288758111 0.0678555654642144
0.171245752561182 0.205608785016426 -0.0559587568326858 -0.00955236082106434
0.246048205049792 0.179615672153691 -0.0374425742300864 -0.15290008419173
0.260672114200855 0.0677388583304665 -0.122556019419327 -0.163772971557701
0.240451093104144 -0.0816977708140524 -0.172842896063557 -0.108525441343016
0.17027562846652 -0.168952394214896 -0.15375258331855 -0.0351609772451525
0.0815768000103319 -0.20340178117115 -0.128863075227769 3.38484975320525E-05
0.0036468159602855 -0.196593510715824 -0.0922898794056499 0.014913667179166
-0.0126165713294359 -0.202683029573362 -0.023121135446646 0.00457652205266439
-0.0145828151236173 -0.192634482020762 0.0371774392712357 -0.0365696007218794
0.0121313004150024 -0.227355061175571 0.110567540965747 -0.0523985375135187
0.10416716840005 -0.239448574231416 0.178410736914113 -0.0306249468207591
0.189057860877345 -0.192624659773761 0.205060340409976 0.0622442040509649
0.281850065930889 -0.0589557041552778 0.123720843713156 0.131490823382562
0.302508599461926 0.10610705995559 0.000401729927587425 0.117480937596592
0.251407235234188 0.181901843171237 -0.0305878770778762 -0.00262735131553106
0.149962031947419 0.188656896810706 -0.132045407121465 -0.0974347642473012
0.235267230590534 0.170809091575819 -0.101109248844394 -0.192147283932191
0.259567526664437 0.0578145610566191 -0.133023931752627 -0.171499637115885
0.228655148711351 -0.0926366593035788 -0.138611422743157 -0.11494566356217
0.152118766808087 -0.167356329768738 -0.110312133878661 -0.0859348450100515
0.0701090384364755 -0.190507158783351 -0.110704472018191 -0.07482313455138
0.0034786873650099 -0.182156682512736 -0.0922886276622688 -0.0613127900514732
-0.00216064049678847 -0.183365546402564 -0.0270649151451986 -0.0685323503685352
0.00432451180076041 -0.17399314314245 0.0323742255529451 -0.105613775544454
0.0390364481842397 -0.199564719061146 0.109939564063548 -0.111944320839897
0.120006156647992 -0.195296388109322 0.188505511314918 -0.0746326448200828
0.191983377151356 -0.1412727936681 0.211664625483157 0.0446517567850064
0.258322755237174 -0.0103778047356374 0.109030178245517 0.117173537744444
0.254599146241429 0.137812619414226 -0.0378927109552548 0.0841393680713228
0.194181887471306 0.186814933974177 -0.092184386440279 -0.0750982044420536
0.0989245261151672 0.14109812980494 -0.201949329035513 -0.16334617277049
0.175104645929926 0.134528746640986 -0.158132006669785 -0.204266229146552
0.202301907334464 0.0418242884728303 -0.136179496776893 -0.167873244038532
0.16957583217282 -0.0768340960367142 -0.107345924650502 -0.119469110048779
0.107106255546745 -0.126037044272512 -0.0809585027991951 -0.131478470147973
0.0510764184635653 -0.139251495533999 -0.103459720140715 -0.136818939480658
0.00597075294911295 -0.13561795718776 -0.0938641628226059 -0.123836087650138
0.00886150162830804 -0.137299241784308 -0.0268575360266586 -0.129133784016273
0.0210233008236812 -0.130498179192584 0.0387382272623046 -0.161272045455113
0.0549470417824704 -0.14520315116363 0.122297431243711 -0.153307207415445
0.115072998988355 -0.12580088313513 0.205326577687141 -0.0975716978449484
0.164812032637223 -0.0732607290000219 0.2140234459567 0.0379757947229855
0.198686992378878 0.0386072959432923 0.0969572069601587 0.10129993901449
0.172861243675389 0.148942694889994 -0.0549180881893179 0.0438415582310144
0.112031461106293 0.164048338283061 -0.122384083910379 -0.141508449960398
0.0222196577641574 0.0778546877703514 -0.247850632122334 -0.196162689594846
0.0787302062205342 0.087392499128867 -0.190312637910368 -0.193405302468228
0.105923946530573 0.0324690661180149 -0.132736422982471 -0.163091553449158
0.0829245086215704 -0.0333372290775113 -0.0908445222035058 -0.125903178140362
0.0518569468457943 -0.0518131520982209 -0.0750648404116019 -0.159798406539965
0.0334614983371423 -0.0598751128084979 -0.107387872938586 -0.170159460341124
0.0139906687593461 -0.0665546300606522 -0.094067876794179 -0.162505177234372
0.0182431680757948 -0.0711447725763197 -0.0222731229390174 -0.168604869325515
0.0274502305620848 -0.0694563715206799 0.0526388954688745 -0.195863727859442
0.0489983775254812 -0.0749231971804629 0.142331045383662 -0.173972063647912
0.0797246274208912 -0.0541775635079329 0.222309258565376 -0.101221869129048
0.11006029026741 -0.0202979341493599 0.216528206890332 0.0393147737850964
0.119618972396238 0.0592584486453457 0.0944201175679775 0.0874232784437927
0.078135563135737 0.122076045386862 -0.0476844092872622 0.0106911039094932
0.0223506426631384 0.110050567867649 -0.121873910737225 -0.189094719735792
0.0411192936198696 -0.0279882281696268 0.135818212215219 0.211630059112354
-0.0110101843857819 -0.0624951765891831 0.0968593522476133 0.00294177330630294
-0.0464881888711172 -0.0294328637634501 -0.0726709868644697 -0.0991209689489284
-0.0313271224313201 0.00728458465580834 -0.213542117947844 -0.0718666781332225
-0.0148806004217605 0.00566129643223833 -0.256525546820456 0.0764724767140242
-0.0147154901618316 -0.0039942152168073 -0.175743592203538 0.187460111830325
-0.0192298817353557 -0.0030049462868769 -0.065044460175767 0.216630982132501
-0.026067894438252 -0.0149150919200643 0.0243558006626954 0.208024613867518
-0.0292755455428319 -0.0146920344786822 0.0922946415576318 0.179384486858926
-0.0299053772318501 -0.0234828445712768 0.121628798577294 0.175425467209546
-0.00895961510078512 -0.0342835607327169 0.104279008378152 0.175289374100258
-3.19663936249118E-05 -0.0248657056371891 0.0971048092638439 0.155288455140795
0.00720639508936616 -0.0327871872093178 0.107594211286567 0.170025696899838
0.0434674837606192 -0.0457539419948801 0.147465743435238 0.210406937852826
0.0619413262819585 -0.013211697173381 0.24957361694719 0.219032757073671
0.0968228397940051 0.0525454163589158 0.107998888505981 0.205865406427821
0.0699246433184349 0.00849946438478601 0.0759416413049969 -0.00374991840120109
0.0329444040786618 0.000420406765121285 -0.0819710591036885 -0.0993431493542981
0.0440958320632516 -0.00948466182156037 -0.211603728465691 -0.0791640807369667
0.0462889073019512 -0.0431347618374926 -0.25075633025809 0.0599769779385272
0.0190149920084011 -0.0715198665955738 -0.182746085722484 0.165460329742933
-0.013895924093214 -0.0746041461328229 -0.0801601026895105 0.198000568406831
-0.0305026029195439 -0.0918574472014687 0.0120341627309847 0.187986751790255
-0.0367784532547638 -0.0898420619296212 0.0851979426862002 0.153700097565726
-0.0259427645775803 -0.112254810463035 0.13100349740533 0.142686672352831
0.0320412892221882 -0.127695543868526 0.133931240122179 0.14833257702751
0.0792793355893963 -0.0976775141297634 0.128095700596547 0.145525455064972
0.119732804082625 -0.0486688678661741 0.115966869117197 0.164544140564203
0.158373437779674 0.00366432623399866 0.127792567907533 0.183679755677342
0.16008456039174 0.057713807824391 0.208247425974799 0.184049949470646
0.13914702705822 0.130507537758838 0.0668883650025598 0.161129822347674
0.146829030187724 0.0876132178312925 0.0526447443210066 -0.0415049556874631
0.121657822731303 0.0375548053232321 -0.093412586270235 -0.117132990878851
0.126268542793291 -0.0271693397656968 -0.20886204820139 -0.0894307577812774
0.107340283570648 -0.0916140723947123 -0.232572338510132 0.0379202858322648
0.0522277856355185 -0.133187327442026 -0.174615196519089 0.126721104078968
-0.00586343708215946 -0.137353320148572 -0.0891266843589127 0.15454797174934
-0.0300906924107605 -0.153972712793083 -0.00124288802110717 0.142473896048482
-0.0394066341928744 -0.148970756186255 0.0698428906316147 0.102470151238113
-0.024015157440752 -0.181645802309677 0.13100375036764 0.0850242902988296
0.05764085389267 -0.203730455325125 0.158615521716561 0.0942949006358841
0.133305071066571 -0.165641889598411 0.164197939571152 0.122299588737023
0.209362684718675 -0.0736269359171394 0.126011244439563 0.156451123247673
0.251721512280523 0.0380836576922216 0.0925993010929846 0.161917167542863
0.233720651716044 0.114267660890122 0.13753334059522 0.131853975670972
0.165315280406655 0.186471715753484 0.0119596867195479 0.0833848556749963
0.212894486880345 0.149901472506521 0.0175035228323491 -0.0990687779242567
0.20757783982625 0.0627337190402157 -0.106239587499797 -0.144682546416599
0.200698792949159 -0.0552717157749394 -0.197580000866896 -0.101301426265483
0.153209007882219 -0.139468602815248 -0.199164519465275 0.00661834428562862
0.0748690615744978 -0.182245047436846 -0.154428642571251 0.0701043456948
-4.18865825785901E-05 -0.180966146585159 -0.0926973216837558 0.0914658204964812
-0.0246736849819686 -0.193015674759995 -0.0143913500575358 0.0772493244799313
-0.0326705270047154 -0.184822567854021 0.0519963941610429 0.0350349389877923
-0.0129214127424084 -0.222159416493656 0.12146422942723 0.0147733310840379
0.0788109894999011 -0.245235148557809 0.172459132132857 0.0289341744950113
0.167363465852288 -0.204102291267522 0.191503788656776 0.0901689995356657
0.266237323745502 -0.0843347159159167 0.130202729266474 0.146181323601556
0.30430975890397 0.0688301639511466 0.0474607387015192 0.142337394572319
0.266125278186553 0.156560591278666 0.0521043920695522 0.0689646881481017
0.170389062386732 0.207950651555687 -0.0563274511744984 -0.0113922571731841
0.248097496869068 0.179619915217051 -0.0354669849339132 -0.156459854160339
0.26230570255321 0.0686611357509585 -0.119520970236298 -0.165426055695022
0.241663041007503 -0.0830857154155692 -0.171538237787875 -0.110961165737516
0.170199347660977 -0.171096421170392 -0.154153795113678 -0.0383218877336403
0.0802841761992666 -0.206387808795059 -0.130749751165688 -0.00123622754136877
0.00328728309401075 -0.197749701591077 -0.0933414896116125 0.0157765299531987
-0.0152570339428551 -0.20313994632103 -0.0233967853023825 0.002762206005943
-0.0162488524692826 -0.193508717465258 0.0376277816172809 -0.0378587289120285
0.0107559920191909 -0.228469988965258 0.111002287524207 -0.054614820776544
0.101841521262312 -0.241997497995212 0.17999099243137 -0.0313055998729724
0.188592942945243 -0.194758862937626 0.206112715190964 0.0614049985878972
0.283097579811712 -0.0612283835529857 0.122085123476517 0.134013382026854
0.305320919512493 0.105416492718463 -0.000606068788790828 0.118286461468865
0.24997336309673 0.183024141634439 -0.0295984994395285 -0.00190893101593226
0.149154030792591 0.190783114793375 -0.131633029753652 -0.10049008666251
0.237341338560485 0.170614942078616 -0.100187264206441 -0.196538242931696
0.261707278916358 0.0579509262639107 -0.129776208259331 -0.172521227433754
0.229747802790544 -0.0935973553143183 -0.137539389479065 -0.117588052775647
0.15182907221698 -0.169866504344817 -0.109763283187985 -0.0897669910997896
0.0695570866091303 -0.19205929385733 -0.113161858723982 -0.0759747884579913
0.0032027327492754 -0.182098069251662 -0.0933251741705639 -0.0598166936371147
-0.00454765997855796 -0.183402358052118 -0.0275639193299023 -0.069711186415134
0.0028126724849658 -0.174125415104291 0.0325546639826036 -0.107250244242301
0.0379093081366869 -0.200872550903198 0.110412845525025 -0.114262400826449
0.118690330259181 -0.197293717306519 0.188800536600918 -0.0756590924470161
0.190675677550535 -0.142318365976214 0.212998056432592 0.0431749444532958
0.259142204728287 -0.0115671435579361 0.107176156071095 0.118940983125129
0.256455707472893 0.137698941776941 -0.0386824867671844 0.0849121560282584
0.192743382561373 0.187848632399832 -0.091020229832725 -0.0742361866845585
0.097440850764601 0.142821038710914 -0.201551671085553 -0.165557263920556
0.176725761865853 0.13406304817655 -0.157174449899027 -0.207844383462958
0.203608518207703 0.0423088803298067 -0.133673757280685 -0.16916745637924
0.169378521025842 -0.0778520863868244 -0.105617439276372 -0.122081362719336
0.10620233630319 -0.127564872293084 -0.0809131086943845 -0.135196279249174
0.0504429896369651 -0.140809573552385 -0.10636424832369 -0.138089270681538
0.00644883353788417 -0.135847713931353 -0.0947383029169959 -0.122964072163684
0.00694007337076143 -0.137226748822967 -0.027386453860151 -0.130494973354413
0.0199215901690223 -0.131180843761612 0.0382571176064498 -0.162882955145017
0.054398600086037 -0.146120492004579 0.122317649882707 -0.154990162776082
0.114143535880567 -0.126321690309203 0.205054552278109 -0.0983985721578028
0.164541724062245 -0.074461378091349 0.21621365097108 0.0359354357556706
0.198875883072091 0.0373013788827448 0.0962901984205638 0.102089853596254
0.173216459090923 0.14883848526949 -0.0562697201639179 0.0444936769377476
0.110476066498463 0.16505916353121 -0.122419943928266 -0.140393072397233
0.0206100801082187 0.0786514540103632 -0.24861101112467 -0.198579728632713
0.0792608912700505 0.0874819094883533 -0.189239028663575 -0.195726911525479
0.106790989991366 0.032754333762315 -0.131354073979217 -0.164907045893929
0.0836761078063407 -0.0334586018584049 -0.0891486194780425 -0.127963213146261
0.0515597206550236 -0.0530769858148974 -0.0751068911316667 -0.163333714092404
0.0339387838316373 -0.0602942100874743 -0.109913539874813 -0.170917967102144
0.0143961333931254 -0.0664300004435949 -0.0957337475842051 -0.162048116778447
0.0170940703683277 -0.0710198973123668 -0.0230320052176902 -0.170379050148357
0.0271730779761961 -0.0694297161361494 0.0517751360360796 -0.197655836846196
0.0482004817904873 -0.07526834735218 0.141530499533296 -0.175203954291369
0.0801171246027858 -0.0540324576504694 0.222016269949488 -0.102565215460651
0.109699742281241 -0.019885837154838 0.21721471476113 0.0385488103223574
0.119662408172509 0.059391494363128 0.0933817978754728 0.088321953632313
0.0780634236112204 0.122928254843565 -0.0488702209810302 0.010533820860545
0.0219158263393547 0.111106185755882 -0.121712580821594 -0.188204634847048
0.0196826753840486 -0.0465598060404165 0.237334748364924 0.0830332717189247
-0.0456598981501156 -0.0440419012328916 0.0769027275756178 -0.0614046899133124
-0.0551389805143698 0.004135115866036 -0.122429512290081 -0.0372289865589561
-0.0215186128120815 0.025130298045209 -0.22023239818958 0.0744620322231514
-0.00804787990751907 0.0139020673970516 -0.159098097509879 0.219686932128748
-0.0138920539229784 0.00588945150240438 -0.0255817252941167 0.259039782558179
-0.0167803846559946 0.0082516440988262 0.0826626195001196 0.216033573942976
-0.0305160169114306 0.00468868531378594 0.149632814855715 0.151830656583354
-0.0319316259402564 0.00624146857662142 0.187887509415038 0.085983255993639
-0.0380082431471119 -0.00105370981816685 0.210121486832509 0.0664124096258664
-0.0271038565251178 -0.0230391324033183 0.195109581220063 0.0770603397148441
-0.0133719741592609 -0.0215895538914247 0.17538989649118 0.0670621746882159
-0.0113063205296246 -0.0333321445934528 0.194571405273216 0.0725928913025473
0.00939781867000457 -0.066036750921969 0.258571488425477 0.0784478987867593
0.0473558746458087 -0.0483032272154354 0.344779937728581 0.0201928131310894
0.113104065262297 -0.0110213286245661 0.217495716260904 0.0910802265322812
0.0612726296308713 -0.0343293392651805 0.0602305912228391 -0.0550961701643582
0.0263636181293742 -0.0186618418492325 -0.125739644762078 -0.0346728848705969
0.0287315524262898 -0.0313699380528991 -0.221762727416915 0.0633978428054915
0.0118144889314156 -0.0613412712931322 -0.165647700207262 0.200691305001977
-0.0285097888405138 -0.0683578909920904 -0.0443315195947198 0.243710933830709
-0.055905700304898 -0.0518601521560704 0.0582320409572732 0.209906335383015
-0.0823243079643251 -0.0548257726260342 0.127822243342209 0.144354761804123
-0.0858117897079576 -0.0508714532333372 0.166166439691176 0.0692573372100533
-0.0921892172711559 -0.0760906383229947 0.19768221889794 0.0331950228822162
-0.0536810306076479 -0.126407133751824 0.200752824713755 0.0361467927477184
0.00645093868248855 -0.132510978253265 0.194365234122362 0.0404092661497161
0.072856844412672 -0.120239983712029 0.19596128061726 0.0634055553244878
0.136637083847181 -0.100002220604225 0.223608421410526 0.073341869361324
0.174411588541112 -0.0535055589565618 0.283689190606774 0.0201592223624083
0.191855751428402 0.0300342606134894 0.160098526533775 0.0765401809194078
0.16765126803093 -0.0159365752517121 0.02283251151585 -0.0713401456561458
0.119893796182895 -0.0410475244461119 -0.142610593218722 -0.045502490913113
0.0840765440747119 -0.0938633189498543 -0.225201937275824 0.049072039561473
0.0313995061994908 -0.136947396529743 -0.165351814500448 0.16942665837739
-0.0385068583609412 -0.138901989834667 -0.0626103806097184 0.204938431909943
-0.0874286928476047 -0.106734023704651 0.022754321005455 0.179943336073879
-0.121462962712501 -0.105919849800121 0.0874323719890727 0.116118168217064
-0.126471937113033 -0.0975437219604544 0.12230209742683 0.0373889245013033
-0.134190439355404 -0.134417984397924 0.160873355426406 -0.0135386536312553
-0.0815906633203398 -0.205736908892296 0.185959507311193 -0.0227106814776025
0.00774820633086066 -0.222999176593169 0.207901787120454 -0.00131880472013332
0.132707565110342 -0.198924423965087 0.199186096857557 0.0510976621894143
0.23646883920086 -0.13150659478976 0.179586859896678 0.0809981305098107
0.270965374668319 -0.0531063128383671 0.188936517467059 0.0248219041680882
0.244769244270377 0.062447721599526 0.0710231655009582 0.0450449488037372
0.256542882840396 -0.00371233022146685 -0.0370026183268999 -0.0964220149025424
0.204347081071393 -0.0709350459181179 -0.165651247567049 -0.063326346070936
0.127525131749727 -0.158906699667265 -0.221581010317669 0.0282617131132056
0.0398632626423629 -0.203075774487024 -0.157334283841021 0.121053001379463
-0.0513106495964297 -0.191559169331212 -0.0818094492878957 0.146123789669422
-0.110040966081241 -0.145424645488715 -0.0201547146279766 0.130745646037792
-0.14101939019075 -0.140159056701586 0.0366002914175825 0.0714778699856458
-0.143375245366115 -0.130849651927112 0.0658291525149394 -0.00567056508487294
-0.152060904901035 -0.1744514569026 0.10870804167446 -0.0645294318723249
-0.0922775046756758 -0.253076392745162 0.154772323920315 -0.0840887626973071
0.0120263360394482 -0.275779934896455 0.210045537874841 -0.0452481348560409
0.172608780565422 -0.245026765322171 0.194956804705761 0.0401967090352295
0.300070894466429 -0.140222904187765 0.129307749433102 0.0959751267812846
0.32388570218401 -0.0397837298875295 0.0758693931801499 0.0298757761966846
0.260485493644594 0.0773897276620999 -0.0406808206266524 0.0106380567174574
0.301627325237584 -0.00133212464622247 -0.11379899909399 -0.110812970970839
0.252680348782263 -0.0988259061420994 -0.187069463542882 -0.0745749429558428
0.143918060818179 -0.204800984106306 -0.206753953832352 0.0016320938297714
0.0338625809286127 -0.237993870065584 -0.149842851598191 0.0568808044934346
-0.0614532613358699 -0.213971367863467 -0.107913697280833 0.0730839710912678
-0.118317898098618 -0.159325853211101 -0.0678970464241482 0.0701146737370403
-0.13976090021924 -0.15449827833382 -0.0169320510129499 0.0170638501230506
-0.135709815129113 -0.148496997305001 0.00786591730751694 -0.0554042469377637
-0.137411545132136 -0.194519540708266 0.0563124612425712 -0.114612379113319
-0.0711024425224843 -0.264947592998294 0.122477460996069 -0.137416526283205
0.034825680904033 -0.280588958418133 0.204186169827478 -0.0782710741870819
0.201655352372998 -0.2360285030837 0.179835951709757 0.0348459013353862
0.323547539004819 -0.110592386618806 0.0732979058279471 0.106812572518964
0.327216107925086 -0.00858364872632954 -0.0377282384405286 0.0242845724533029
0.232124953430283 0.0755380435863605 -0.15782798072412 -0.0135470365309699
0.287815246927148 -0.00153282699178909 -0.190094827915802 -0.102387316779064
0.24536980448409 -0.107713404684769 -0.200878295319094 -0.0741239268927389
0.128023680661105 -0.207197131816075 -0.182270993825066 -0.0246868893617782
0.0201395413780901 -0.225783904100127 -0.146241709065448 -0.0111718612391804
-0.0613993468236735 -0.196891021527473 -0.140315344384168 0.0030587964267173
-0.108241262389602 -0.146694006118666 -0.115705756464558 0.00932877628160789
-0.118305238876922 -0.145600539085401 -0.0666941558616523 -0.0398006428517808
-0.107317530605188 -0.145304770262878 -0.0400783849257596 -0.107884220330176
-0.0972956957542108 -0.188577471259775 0.0184275946211537 -0.161756813831369
-0.0278966014161928 -0.23900901016404 0.101766326728256 -0.179750245472631
0.0701627278923295 -0.23835846996736 0.197989141407083 -0.0974605083758705
0.213265811275162 -0.178302825334265 0.158849869446973 0.0303691585204382
0.30232394956972 -0.0517928731003684 0.0193872590217454 0.1033270266681
0.281168202877433 0.0320593557275254 -0.133034873392843 0.00212093608702001
0.161158392738663 0.0640314553515984 -0.257067610995572 -0.0189853819595586
0.216892111835922 0.00470387429219248 -0.246764516428494 -0.0744702936763854
0.188494459119602 -0.0866396246445872 -0.204394259712121 -0.0666946868510664
0.0898205803099284 -0.160321990185319 -0.159657093088555 -0.0456092019484129
0.00855981095500718 -0.164702817271296 -0.150762772186949 -0.0646364562789657
-0.0447536292560817 -0.143074123563846 -0.17308816819553 -0.0483492407499862
-0.0779826530924349 -0.111285682198667 -0.15597780158933 -0.0400837205071089
-0.0801311268065248 -0.115144827264111 -0.104522546125602 -0.0886921320208647
-0.0665658330586181 -0.120570593172274 -0.0706218495709455 -0.156322066089222
-0.0488935889297222 -0.153510474768242 0.00300171332044697 -0.202174300693044
0.0137215951838591 -0.17735220549488 0.101421230852078 -0.208248790669014
0.0911157754601046 -0.164888161350572 0.196253788567678 -0.106075251611851
0.193745795156994 -0.097232448686301 0.13910943313922 0.0234216575832975
0.239312830546684 0.0122442999005161 -0.0206325704983266 0.0791856561575731
0.196751376309889 0.0659150497365065 -0.197872568524234 -0.033412225695759
0.0596400875769732 0.0549850444700583 -0.317407943588878 -0.0109652367025478
0.112714747509507 0.0244128149964737 -0.268939599512377 -0.0437152509684571
0.103981718902707 -0.0373723329392438 -0.202552443974942 -0.0601399516438388
0.0455565685425106 -0.0752984564345549 -0.149863376897984 -0.0567823868883884
0.00941505750712907 -0.0722887315983406 -0.163073276204165 -0.0887116786310082
-0.00939874214294163 -0.0688863175291449 -0.195216381726768 -0.0701938778815578
-0.0289406432203269 -0.0604243227521599 -0.180386215539987 -0.0711566281438831
-0.0311397191665929 -0.0679796102687057 -0.125431372911537 -0.123132821217379
-0.021567486618353 -0.0743869895853127 -0.0818848074808984 -0.192369133547238
-0.00889564022980918 -0.0920218994361789 0.00657355635330338 -0.229707883151432
0.0327492297771926 -0.0964638588705379 0.112956381973572 -0.221444377191597
0.0797560216130573 -0.0858538029449811 0.199071651612004 -0.10537454792707
0.141156765525544 -0.0270140973929783 0.128696323493351 0.0127741710740483
0.14306114337983 0.0525257978186336 -0.0361326609286177 0.0439764965877133
0.08846639591643 0.0772864616709262 -0.225405524370025 -0.0751371890400426
0.0192778417168001 -0.0493476020060417 0.248784873584296 0.0743572520167349
-0.0486999559713525 -0.0431684527626463 0.0760020117680922 -0.0694908064603202
-0.0561862080983964 0.00731574886280303 -0.127962105357724 -0.034900296169359
-0.021466356043126 0.0268502382427201 -0.223836592849687 0.0859156111223089
-0.0079359927937706 0.0146207235593011 -0.154067695639946 0.23444771733474
-0.0154692138661034 0.00760420704022816 -0.0149224306998788 0.267703014452633
-0.0180841960147476 0.00917264054882463 0.0944076408808365 0.216401327606257
-0.0324817273750488 0.00578726195763918 0.161573330876544 0.148655617121285
-0.0331191941644155 0.00775579863595629 0.197207859998218 0.0794569273608631
-0.0386433999208213 0.000374786265115548 0.220463060895255 0.0578527985949592
-0.0292496990801269 -0.0237177391162786 0.206342952735524 0.0709679488635793
-0.0152538728361915 -0.0221044101251436 0.183146331438657 0.0641746954520403
-0.0135044170955422 -0.0346551834775812 0.203341769950335 0.070349734202695
0.00531793276442668 -0.0683322318276142 0.27008505256106 0.071891600457288
0.0465313118089232 -0.0506332593045374 0.354968429434307 0.00413475928937692
0.11607078166217 -0.0158797449207533 0.227191142246817 0.0838687686319159
0.0607726852784116 -0.0384698579655903 0.0587515060481412 -0.0618657703885118
0.0272357100318999 -0.0197310596265474 -0.12994791666172 -0.0322950801525753
0.0280009992049632 -0.0332633912509166 -0.226630274007343 0.0743945318358286
0.0088100300961177 -0.063767703817437 -0.162181258460179 0.213835127221872
-0.0331500625592834 -0.0681934432072788 -0.0354757165702322 0.251478739942673
-0.0610414929943023 -0.0514001645221559 0.0690314518517006 0.211896349888299
-0.0882413170410836 -0.052190712728259 0.137487673809005 0.141762720624712
-0.091505274783246 -0.0481661716746519 0.173793746475812 0.062684190661673
-0.0986453843811901 -0.0743507007018785 0.205074320880828 0.0240393824460849
-0.0620393180729759 -0.127762566711776 0.209534073644262 0.0277561593736384
8.6015285434695E-05 -0.137321250480728 0.201237424566364 0.0347312827303141
0.0696287610583672 -0.127618221667713 0.205321931997716 0.0611659581757741
0.135895298122989 -0.110804203835558 0.234024064039778 0.0685663457190723
0.176746441583856 -0.0605770247754553 0.292725604311175 0.00735076546354899
0.19961497330163 0.0241188346967269 0.168115212038739 0.0711216142357331
0.171560029515482 -0.0245462856369753 0.019128514126767 -0.0777642306867281
0.122634606361402 -0.0465216590412815 -0.147534905040372 -0.0445117017295542
0.081737050451572 -0.0994668625261633 -0.23077890355224 0.0599075355923269
0.0249686101371865 -0.142209717056393 -0.163526082818212 0.180910965780315
-0.0478160872886199 -0.140364645907625 -0.0561303347642639 0.212877075472119
-0.09599364814558 -0.106024932707834 0.031966869761525 0.183748001131557
-0.130676244977521 -0.102015595215664 0.0957287523221335 0.114845574429843
-0.134835860624931 -0.0944836665096906 0.126510890948434 0.0320052666706388
-0.144914836098486 -0.132469504619965 0.164302828035553 -0.0228883141369657
-0.0952915289507851 -0.208270413024974 0.191501231562679 -0.0327126170119981
-0.00321428388732628 -0.230584408374599 0.213769044987591 -0.0098001802177125
0.126832059227254 -0.21215449237065 0.207294562192479 0.047842491223071
0.237439784230588 -0.1487747449713 0.188382894670904 0.0776232895056442
0.275886684528498 -0.0652845271574191 0.196011815615242 0.016474649383944
0.256169232517791 0.0556532266775229 0.0741134008008802 0.0420419476891807
0.263974028725641 -0.0168789907463319 -0.0434412994077209 -0.100669660011898
0.208844273345549 -0.0816235014817495 -0.171770112091077 -0.0618297429397936
0.123718019897877 -0.169197350367068 -0.228543881590733 0.0375465099410854
0.0299192010497495 -0.210233117891425 -0.158776937536044 0.131308054635295
-0.0634555638499802 -0.194824576085288 -0.0794190328227226 0.15350454508712
-0.120099337934604 -0.14439933889675 -0.0140318498329953 0.135862410611355
-0.152504119868402 -0.136864402779715 0.0404666002098705 0.0716162699385254
-0.153988787844621 -0.128515909259583 0.0660683099171549 -0.00974921762332127
-0.165875681858299 -0.172614039345589 0.107835374179933 -0.072631204116644
-0.108353435893797 -0.256448422366563 0.156492690417086 -0.0944069968471642
-0.00145157242316425 -0.284513204414159 0.213943637713893 -0.0555756284451668
0.165883965664098 -0.26100853282444 0.202506086341599 0.0366877398331603
0.303397552606088 -0.160421476062477 0.135901131812715 0.0945850532469229
0.330976359638177 -0.0545043080012096 0.0803373400316617 0.0264230929122681
0.272171190585211 0.0715794750281965 -0.0433200255598619 0.0115214251552379
0.311231707608942 -0.015353989455541 -0.122941491357384 -0.11157124925928
0.256520053660366 -0.112716551721585 -0.193970689091484 -0.0732822090638787
0.138683102614036 -0.21781671017138 -0.214071396938669 0.00855947781950925
0.0226518714831689 -0.246431817268455 -0.153373150749556 0.0628877402375742
-0.0743150782203918 -0.218359122727506 -0.11011110830478 0.080341936573102
-0.129018550307834 -0.159350362090162 -0.0662977582390389 0.0765190853720453
-0.151676897430185 -0.151759816088204 -0.0174613263244109 0.0179948727050534
-0.146801852285466 -0.14632088882211 0.00464217075604914 -0.0586212985866949
-0.150692404446134 -0.193972571742842 0.051525222766467 -0.121138978435569
-0.0870956450785964 -0.269368008985703 0.120217326283694 -0.14815171841537
0.0223101026885439 -0.290491193906319 0.205914893065325 -0.0901148557036955
0.196967678377288 -0.253259762132433 0.186763044945569 0.0313066069867934
0.328362495970692 -0.130488148249152 0.0787029078807581 0.108709059032618
0.335246654925959 -0.0208912001810309 -0.0360700403371162 0.0259243878944689
0.242385057251319 0.070394207187531 -0.165107842607477 -0.00817013079209141
0.296371999361794 -0.0150505299233371 -0.20226783783721 -0.0988073044522002
0.248476165598868 -0.120926553063409 -0.207474601538424 -0.0715636371346249
0.121401102658028 -0.219790024512464 -0.188425083579139 -0.0203202428329089
0.00868022256443529 -0.233346350662661 -0.152609249488035 -0.0079304629470239
-0.0738220228103132 -0.200443964820146 -0.14576495544904 0.00906178154324715
-0.118440809867069 -0.14661120657306 -0.117817519805472 0.0161428609678018
-0.12924868197205 -0.143120573423746 -0.0714112301212025 -0.0383813671421515
-0.117407002111239 -0.144038955915154 -0.0472136809379885 -0.109881978225503
-0.109640554876063 -0.188562489100785 0.0107732132585434 -0.167795111055031
-0.0413623454621351 -0.244034142404968 0.0973632131064395 -0.189698023998331
0.0603789807331001 -0.247036241830328 0.199074435007865 -0.109744769149937
0.210523587354212 -0.192733189629406 0.164089185656487 0.027769779739048
0.310000854875749 -0.0675268730319039 0.0231912410311045 0.10659273412183
0.289917268059927 0.0224983407339869 -0.135004559109654 0.00864063347498909
0.168358901778162 0.0623879271168337 -0.267288497345922 -0.011094632169259
0.223603988482397 -0.00541585677820792 -0.258681068938548 -0.06760059743981
0.19037135967874 -0.0979383288848498 -0.21126504765458 -0.0635071096490193
0.0839332162656858 -0.16920935963836 -0.165991056078433 -0.0432634161673952
-0.000123399976095368 -0.169387173355106 -0.159403547798222 -0.0624840595541249
-0.0536904227459548 -0.145733533567684 -0.181770211144627 -0.041448463663813
-0.0850439048634367 -0.111235325667051 -0.161055819386593 -0.0334031197184827
-0.0883622292240533 -0.113627310050254 -0.112735917393275 -0.086757089621103
-0.0734550075792904 -0.120154380779169 -0.0809210768867426 -0.158427298875151
-0.0582978273396682 -0.155017147045768 -0.00694266084116362 -0.208277461844665
0.00576498992872908 -0.183062776658623 0.0956071522445451 -0.218688137506704
0.085999753744774 -0.17256775899695 0.197218425357376 -0.118175980262101
0.194289857048803 -0.107968860297126 0.143093052242737 0.0200253506948363
0.246095422564458 0.0017596668459646 -0.0187112017858399 0.0836812709672869
0.205138606435488 0.0608519089902376 -0.203018326946497 -0.0255130403636977
0.0636733295993479 0.0555811677641897 -0.32826166884495 0.00052319020034037
0.11656096072382 0.0204115085861087 -0.279126281494279 -0.0345570142973244
0.105189213685361 -0.0436488570925377 -0.209335097027244 -0.0558078102151971
0.0431133914294069 -0.0793397570031145 -0.155155333739419 -0.055111566257335
0.00555329962455533 -0.0744765212817896 -0.172580102953006 -0.0851515127634542
-0.0127874688055062 -0.0711097666106208 -0.204800101267578 -0.0620557070348383
-0.0325500978700818 -0.0614258308056622 -0.188604451244021 -0.0634668749921547
-0.0346278389363987 -0.0675030735106644 -0.135585362902402 -0.121847488434912
-0.0260417766455926 -0.0748638706879553 -0.0942694750528725 -0.194273004694404
-0.0132231930346476 -0.0937656737538499 -0.00376053340363317 -0.236422152902369
0.0299716933920877 -0.101099147100225 0.107701324779194 -0.232261703453832
0.0777714220174214 -0.0912900989252612 0.200025166610897 -0.117055071950889
0.143755165641894 -0.0340138046998412 0.132488065673786 0.00884111575279929
0.149488276714013 0.0482605915698553 -0.0356230551788739 0.0482015122677211
0.0942822357196519 0.0762519882210031 -0.232489770958325 -0.066561131173362
0.0164427084258079 -0.0511262524506111 0.256773021236729 0.0579235587774658
-0.0528670256918977 -0.0396952223558065 0.0705169796966325 -0.0786030443927612
-0.0558334523625202 0.0107311206904042 -0.132337119720288 -0.0285060927788932
-0.0191435047653774 0.0285650343500549 -0.221001005784683 0.101208200183412
-0.00671045546466367 0.0153185127593476 -0.139543722108746 0.246931987109219
-0.015391651453733 0.00914699281471973 0.00269642819818169 0.270828801333196
-0.0190048566665792 0.00966154522641165 0.109371989754235 0.211136806818478
-0.0329606640114342 0.00833153066691816 0.173641407402142 0.138740116958275
-0.0334739350515134 0.00990444476064478 0.204159721793256 0.0654456097165819
-0.0391701024380393 0.00235148933756601 0.227457401120027 0.0425768034716279
-0.0314830087772088 -0.0220185997220304 0.215722109992292 0.0579719594143289
-0.0165093327414394 -0.0216435609195867 0.188921659730313 0.0554114881581399
-0.0158808664592923 -0.034796139296841 0.21159102159371 0.061893474550175
-0.000732441770893936 -0.0692080631881586 0.279401694647441 0.0558842330521872
0.0442240939187232 -0.0527884546211446 0.357880326876229 -0.0200742214430777
0.117379108493677 -0.0229411221060277 0.234753501031595 0.068521607594101
0.0583302042981932 -0.043183113621921 0.0533771966359718 -0.0693583857190181
0.0268884492838346 -0.0215734844527083 -0.134046881311931 -0.0265862365929854
0.025832287006493 -0.034875441550168 -0.224497812977169 0.0903882934023539
0.00419143853720785 -0.0642873863662403 -0.150160222323358 0.22745721427482
-0.0396689932149017 -0.0664860778581989 -0.0192426646384701 0.256132937578429
-0.0667201535618444 -0.0474019270728021 0.0838463284052428 0.208460135210436
-0.0942456261586316 -0.0460144980446328 0.149499396075343 0.133172518163771
-0.0965803032038789 -0.0426829447381911 0.179448815194979 0.050406572816049
-0.105090419182574 -0.0688397198607387 0.208807753339126 0.00981392840791508
-0.0731378353088395 -0.126082949195383 0.215927145073485 0.0136054109248249
-0.00973889219322465 -0.138674927964803 0.205080790874764 0.0238252634574637
0.061654846260871 -0.134824685489534 0.212441339429475 0.0521589944106793
0.12898705418204 -0.12154866126675 0.242264227669563 0.0544370739339715
0.174197482317084 -0.0715713764591359 0.294860550939833 -0.0131962494906827
0.205029323342497 0.0127895792175632 0.173676792805107 0.0600162121997559
0.172250423618931 -0.0376233114689087 0.0120018692777578 -0.0823064996031292
0.121876871891724 -0.0553093803905818 -0.15159918634042 -0.0382375675816756
0.0762807291922968 -0.105735905625744 -0.230135475938413 0.0745401585431401
0.0141086388312667 -0.144860738942065 -0.153690719150773 0.193834084163622
-0.0598450057769887 -0.137687229845777 -0.0433752867465084 0.218739979074048
-0.105357539823992 -0.100795807628948 0.044922744626255 0.182951371808212
-0.140297438221813 -0.0933727778602677 0.103843944149338 0.109804666219696
-0.143329616760334 -0.0861265847685736 0.129135669330117 0.0225029664120139
-0.156704978174064 -0.123952504270252 0.163422842466216 -0.0353131288368714
-0.112054916887062 -0.203853417956093 0.192437354301817 -0.0467767680526089
-0.0196122192592637 -0.232310510377377 0.214838594929745 -0.0235421988124265
0.113592009016725 -0.224328431808218 0.213946575959506 0.0384172422872367
0.229547443893304 -0.167712708596889 0.195463204040981 0.0672135411064075
0.274843473245157 -0.0818999174563387 0.198580886708337 0.00255540597696115
0.264234840018054 0.0412570889645645 0.0767505604858772 0.0371391134088283
0.266057884830975 -0.0359146510576415 -0.0521526273907128 -0.100974082602104
0.206525594963211 -0.0968803958275904 -0.176066108187242 -0.0555224543544658
0.113477503311178 -0.179635283303356 -0.22932112628605 0.0521403412879934
0.0142151091992748 -0.214917999315821 -0.15270926949497 0.141746995905032
-0.0793366684809289 -0.192320178900371 -0.0720921769068448 0.160287838312656
-0.132675956930678 -0.138319887570521 -0.00407228126222011 0.138353379500059
-0.164741835185569 -0.127186917834759 0.0448431790203121 0.0696047541195909
-0.16540141132911 -0.118892175716883 0.0648593253282575 -0.0153604878730346
-0.179983818793777 -0.162893737312717 0.102830700943908 -0.0818061769712439
-0.129588658924407 -0.251596227031893 0.152309962781558 -0.107507569804259
-0.0217123066636667 -0.287322274965238 0.211702359345041 -0.0702728662717333
0.149174464411548 -0.276618150718411 0.207896352565876 0.0270647568910364
0.295140374517154 -0.184220714886005 0.14332628956578 0.0883806396450851
0.330058360420148 -0.0742783124524699 0.083803882143801 0.0204869020138319
0.282017345648398 0.0560225973613654 -0.0444337757356958 0.0135206428527355
0.3139338822694 -0.0383755539678982 -0.133442003269676 -0.106282115255999
0.252628589275783 -0.131602858161479 -0.198945449177512 -0.0657101554416033
0.124956216397678 -0.229131212051382 -0.215683247927165 0.0212953665690624
0.00341667507354958 -0.250665443647631 -0.152324068167805 0.0720072966069998
-0.0925225295338042 -0.214531853929058 -0.107613773737406 0.0883634846185244
-0.141972385356687 -0.152245039204387 -0.0598060297840602 0.0815894116623159
-0.164766900252794 -0.142007347310299 -0.0179074910857642 0.0192358764159984
-0.158629881951016 -0.13713112451895 -0.00126442788706755 -0.0598501445509597
-0.166776861941114 -0.185029077627296 0.0420217534770487 -0.127177983509891
-0.108004443777743 -0.265627451781163 0.112066916450079 -0.158879478163861
0.00151720274836587 -0.294181028745221 0.200903978659282 -0.105130174935962
0.180515004305856 -0.269963716899391 0.191087566700081 0.0233302511542506
0.322171672261964 -0.156056960407424 0.0864677967445526 0.106739994085477
0.33673053341728 -0.0417102466805539 -0.0331445485495391 0.0283705461395113
0.251260990722028 0.0574257368683788 -0.169031017726504 0.00211143286868131
0.29884341225653 -0.036309147102639 -0.212032763709277 -0.087521261492057
0.243061430552749 -0.13897698203398 -0.212731741222176 -0.0632113914370257
0.106901676748371 -0.229844364680815 -0.19218773180152 -0.00994709004362537
-0.0088495752026893 -0.236325849700566 -0.156045607905017 0.000159096104331625
-0.0903805585826408 -0.19682442112942 -0.148687849908141 0.019975164803827
-0.129847440503696 -0.140476618520956 -0.116162393439716 0.0245549284493084
-0.140963429280325 -0.13531974884622 -0.0758670919427183 -0.033714029540263
-0.128156317868123 -0.137543438619046 -0.0573663543979053 -0.108429528503415
-0.124849047824653 -0.182644799538767 -0.00238570200381632 -0.170263593524747
-0.0595978815028247 -0.242959034502154 0.0860882687210178 -0.199258037330961
0.0431146566587177 -0.252708039821013 0.192709043402929 -0.125053336131609
0.198533377821237 -0.208791688908297 0.167215274346846 0.0197445529485188
0.307722728346484 -0.0907496426939659 0.0299991391027575 0.108160887521061
0.29354616401296 0.00540166854532337 -0.133588282063839 0.0170621198640066
0.174971658297368 0.0533696355988857 -0.271803909376916 0.00573435540736967
0.226005152763708 -0.0211728152999165 -0.266397845400365 -0.0520871210705723
0.185084095853999 -0.111678293426059 -0.216401481973533 -0.0533379144467523
0.0718907270212762 -0.176447869883243 -0.170008090513676 -0.0352258263207681
-0.0132534979797519 -0.170860203435721 -0.167608178663843 -0.0547965886658296
-0.0656826748931131 -0.143876261353352 -0.187692374265902 -0.0287659891040973
-0.093535078649218 -0.106460029227904 -0.164225624764036 -0.0215911338937619
-0.0969941006964701 -0.108110890097386 -0.121261790601582 -0.0801564533902298
-0.0824497515144609 -0.115534074204744 -0.0947248492912789 -0.154560498891239
-0.0704374617116947 -0.151304032609458 -0.0225172691197904 -0.209725738715838
-0.00697723816804037 -0.184818673431515 0.0824253642085173 -0.22741329040183
0.0744978477442878 -0.178665920963964 0.190471813731441 -0.133819580512589
0.188122751579376 -0.121791257535155 0.145672365073155 0.013453865462564
0.248609813579825 -0.0152735907164709 -0.0137795518848245 0.0873426911002586
0.21041687529431 0.048467922083246 -0.20426319694715 -0.0123128040929031
0.0679752851998622 0.0537131438639474 -0.332656672934135 0.0204629993691178
0.118906844825372 0.0121948481879737 -0.284422695270063 -0.0173033583517512
0.102859759566441 -0.0518414618601286 -0.214431803398472 -0.0445990707075477
0.0370254454544664 -0.0825892111306651 -0.160375994979211 -0.0486668633080469
-0.000611959579822987 -0.07516288739203 -0.182348682726682 -0.0766399550832287
-0.0186530664384584 -0.0708730383284989 -0.212165794419879 -0.0476539365487071
-0.0367776433472649 -0.0600400103185429 -0.193332472976177 -0.0494038985900303
-0.0397533677604641 -0.0647720889646559 -0.146867230915788 -0.113964669130188
-0.0311896002912308 -0.0736376007273033 -0.109585623525604 -0.190326820552514
-0.0198062915297691 -0.0924866159206031 -0.0197763576209699 -0.238379277979899
0.0231999415099075 -0.103525059239632 0.0934607713243353 -0.241316605516804
0.0728584465944495 -0.0959772836760684 0.193229910419572 -0.132846094479897
0.14254825275441 -0.04369748520514 0.133693489912125 0.00232782234574969
0.153639654511806 0.0393051733199134 -0.0328531476665653 0.0525002561823808
0.100078720224477 0.0712894465370516 -0.235873182603909 -0.0510703973379756
0.0123936182558525 -0.0517559828410077 0.256937694794687 0.0374796538314896
-0.0548005877585316 -0.0348390940188448 0.061224365687386 -0.0843162248304676
-0.0531876880206908 0.0144208804741981 -0.131988762403497 -0.0198629255380251
-0.0167662788343689 0.0296676525526712 -0.210352743254096 0.114304412801737
-0.00539808625999706 0.0155391339880984 -0.120622063552677 0.252810562787192
-0.0149415234993904 0.0106330291767709 0.021165728404469 0.266058058149259
-0.0189312007912602 0.0114253879219423 0.119878453405886 0.198205130522748
-0.0328802825334188 0.0111219503159195 0.181455533955566 0.122903511788648
-0.0328676510444761 0.0115139727049919 0.20567976099199 0.0488428218340983
-0.0384674857209702 0.00423072532092931 0.228000993764113 0.0245514497421085
-0.0330384578414624 -0.0202846507512615 0.218295146406639 0.0420720238705176
-0.0178631106968352 -0.0204467087171775 0.189506297235981 0.0451233204282849
-0.0180971766279765 -0.0340889197416869 0.214676192587008 0.0495762961784309
-0.00602605743138148 -0.0674719096455624 0.279077370918747 0.036776542611138
0.0406834942778238 -0.0538770039596333 0.348148242158886 -0.0449349836590067
0.114668436552869 -0.0303538595784653 0.235819613056994 0.0497914687427116
0.0542462628901766 -0.046552446708324 0.0456236978160552 -0.0743340376271902
0.0259793911915024 -0.0235772737409552 -0.133912659560484 -0.0193754669263387
0.0232893969467843 -0.0358577926946851 -0.215173165817477 0.103819084000284
-0.00110028577704451 -0.0629200628860135 -0.131683691369747 0.234604561087835
-0.0445404975894574 -0.0613464921194258 -0.00239831819867968 0.253087074354943
-0.0695456661030643 -0.0421703988899728 0.0968554236087427 0.197627024568074
-0.0964832064923723 -0.0376017773652178 0.156140528609211 0.120483897188489
-0.0981701302550402 -0.0350143097240887 0.178896661381176 0.0360377973244337
-0.108341442589272 -0.0609535044308624 0.20646678321045 -0.00696438428829874
-0.0816472977028963 -0.119117917966956 0.21479903108184 -0.0022957799177355
-0.019970169314986 -0.136078932374105 0.202829442413114 0.0115916817883295
0.0507678214277336 -0.138051006079253 0.21453890739533 0.0402679451835799
0.117783245811717 -0.129806951351348 0.241846836647668 0.038516089029048
0.167109777212401 -0.0809336479689688 0.287802910356947 -0.0344025138906153
0.20371964566698 -0.00147940644541368 0.17384495844788 0.0462664977392788
0.166092748716554 -0.0503392636011247 0.00459190401620126 -0.083901363093756
0.117340854336391 -0.0629792802663781 -0.150906761714319 -0.0311302218084556
0.0673055981891394 -0.109414420915315 -0.221725885049559 0.0891020081897335
0.00294716467624387 -0.14313600853845 -0.138316183953459 0.200924945924665
-0.0697094833685942 -0.130619703750363 -0.0286048140894409 0.21841357640068
-0.11158813138027 -0.0914591846281816 0.0576119617539628 0.175579456447643
-0.145931161219102 -0.0810567892627838 0.109832297167362 0.100259085353259
-0.147945700011992 -0.074653912272541 0.12787015653199 0.0132220963671301
-0.163641699102262 -0.110632741493403 0.157901394411841 -0.0477897787038646
-0.1266790674197 -0.193503055040754 0.187406313249583 -0.0605250113787177
-0.0362200037068762 -0.226891186854436 0.209055721893378 -0.0367255602199623
0.09556402389071 -0.229931497718293 0.21462971403193 0.0272023822286949
0.213793486057099 -0.183142881840539 0.196920573107511 0.0544123629533446
0.264662820963856 -0.0980178695879954 0.194733871695329 -0.0119780469410362
0.265063294085104 0.0233988306924849 0.0770635238861094 0.031074425651852
0.259209837938467 -0.0560660575398977 -0.0608262482351366 -0.0975541585694848
0.197749190962441 -0.110184834058702 -0.176786524604631 -0.0472655129085216
0.0990835839721437 -0.184719734380265 -0.222475141914714 0.0665975478765576
-0.00275077597474828 -0.211787303430467 -0.140319602069745 0.149173270131031
-0.093231618638919 -0.183121889837442 -0.061407786667181 0.162906879801961
-0.141382111397373 -0.127093229832654 0.00649681081833212 0.135330623961945
-0.172150050991423 -0.111894751719379 0.0492257494788298 0.0659285340686274
-0.171241642693929 -0.104925808833678 0.0608028483872485 -0.0195757959173139
-0.19007056280911 -0.146635294308074 0.0937174925170363 -0.0886528461807515
-0.147459279261467 -0.238285850007059 0.142948785288629 -0.117067764477983
-0.0429245418793168 -0.280895155530624 0.20229797673633 -0.0828485471911812
0.126391817351898 -0.283412410054327 0.207841424910843 0.0160389068031704
0.276916964498697 -0.204450572870672 0.146361096487558 0.0789145498066531
0.320564080956908 -0.0939398692399867 0.083130207638103 0.0142131066134686
0.284136118472297 0.0374150352409997 -0.0444747250053074 0.0164629552561024
0.305709661067324 -0.0614145946404798 -0.139827109116275 -0.0960736060899524
0.241015332383636 -0.147284050973744 -0.199916012007135 -0.0562177498861071
0.10633181923685 -0.234484960284691 -0.211448084483048 0.0349234551113191
-0.0156836698469574 -0.247412422296259 -0.145704512593013 0.0799498410501437
-0.108865931579211 -0.204496669074847 -0.101669061640091 0.0957280402377199
-0.151112279815569 -0.140171698552458 -0.0517512579937486 0.0837735484789487
-0.172588344992444 -0.12708891613597 -0.0174190676921822 0.020757686555166
-0.165489514106269 -0.125049771933832 -0.00791665952959299 -0.0586335104244807
-0.178128444252519 -0.168840327363528 0.0304079353104201 -0.12838332433217
-0.127143156466465 -0.253410319274779 0.0992910021776912 -0.164790710883918
-0.0198159915582318 -0.288802442985709 0.189770007326384 -0.117683623583446
0.156930481772965 -0.278759399603824 0.189854906692255 0.012767642267477
0.306201318462729 -0.178510765325281 0.0913415316692501 0.101478505887085
0.327863840287031 -0.0612249460708475 -0.0299357942005165 0.029357323230088
0.253517876305948 0.0408097846252506 -0.168013261022957 0.0132114865435083
0.291224894391485 -0.0585420105232909 -0.215680748348661 -0.0716999759451047
0.23035914373596 -0.154611431448386 -0.213385063241469 -0.0523784978944098
0.0884654466279518 -0.233969978067895 -0.189507020222432 0.000620323143660729
-0.0272488905158555 -0.23121266351754 -0.155018430148419 0.00834689917705534
-0.104478633427832 -0.187018969343105 -0.146812850061517 0.0306665476435589
-0.13820594066927 -0.129113234174164 -0.11100496994057 0.0323113940522811
-0.149309574883278 -0.122094446536183 -0.0779118731052089 -0.0272698055373669
-0.135618462982091 -0.126012793116775 -0.0666032144020101 -0.10269421598539
-0.136889431840288 -0.16966973393972 -0.0155383167761956 -0.167347284154478
-0.0773391325464462 -0.234928184928149 0.0707778728191261 -0.203198794168327
0.0242697391258101 -0.250933334220655 0.180406974758695 -0.137278985729065
0.17942093356832 -0.219579435918638 0.166676789085561 0.0113526535163927
0.295952332464748 -0.112346120075363 0.0365386282844921 0.106464242136281
0.289016727033197 -0.012927381351957 -0.12846425719136 0.0251176617226636
0.17770694811711 0.0421619713758763 -0.268653810167958 0.0242433839588162
0.220620349914717 -0.0370664675595195 -0.265771173440991 -0.033721759151257
0.174207374856429 -0.123052068959207 -0.216150480037789 -0.0416756372683934
0.0578675310498425 -0.178303899462474 -0.169567876037672 -0.0264089854763204
-0.026680011796578 -0.166318208420656 -0.170479405575848 -0.0451548409894778
-0.076028587345893 -0.136424174334622 -0.18800931300772 -0.0142575608035553
-0.0998811140363895 -0.0984744026521814 -0.161565713294045 -0.00987916905470829
-0.103941776954719 -0.0987663436327637 -0.126602209916602 -0.0700064353966209
-0.0889464279982233 -0.107650251933208 -0.106185800871109 -0.145532010806216
-0.0799429483026268 -0.143109930547538 -0.037496122941953 -0.204469936174664
-0.0205542425898864 -0.180658714800654 0.0653098369270513 -0.230451638056282
0.0605693640462966 -0.180354977710641 0.177529507443056 -0.144575709835601
0.175605261702938 -0.132968610471638 0.144078595650029 0.00602188572559332
0.243110107363112 -0.0332382094808635 -0.00777860595240219 0.0884126515898747
0.209809617319137 0.0349849092685362 -0.199984384307103 0.00165006283841083
0.0716370683000171 0.0493182724584294 -0.327084781833871 0.0425175390318389
0.11750396527585 0.00300963417309623 -0.280730550785251 0.00198698963873677
0.096929290550981 -0.0581240977520677 -0.213908003689424 -0.0324335906849812
0.0293636571764715 -0.0836424969949141 -0.161175270997865 -0.0405301746383013
-0.00709432687262615 -0.072783105950024 -0.186829566407935 -0.0649792038620449
-0.0239552721767257 -0.0685115269269629 -0.212367858463514 -0.0313725642438278
-0.0399995295265918 -0.0566141850420564 -0.191864288399735 -0.0345165517229251
-0.0438782252204223 -0.0604833764231814 -0.153892720217637 -0.101446039915329
-0.0354009884407637 -0.0695857753935127 -0.12314251000323 -0.179628310971273
-0.0263264991838563 -0.0890568204880827 -0.0370165404915023 -0.232374097372024
0.0155532774487671 -0.102935662567695 0.0751026404085472 -0.244140451392332
0.0653003707045478 -0.0988975522490525 0.180347007313961 -0.143346766721906
0.136466284112117 -0.0525185398406259 0.131803598229734 -0.00451384227057728
0.153382651810849 0.0284292653634184 -0.0287917234067486 0.0560457910006589
0.103013422386043 0.0643486193996094 -0.233344505734916 -0.0332374673794586
0.00982140826744886 -0.0510712457367349 0.249448296684923 0.0210797188507882
-0.054941778044464 -0.0303043153233783 0.0516623167961956 -0.0862951399517368
-0.0504122813947308 0.0157150769072939 -0.128967516423182 -0.013851530821664
-0.0140717704867123 0.0291604072944992 -0.197136116422976 0.119915023072542
-0.00411016301311688 0.0151712554117857 -0.101760629311663 0.25075764844158
-0.013520412168064 0.0110032043761177 0.0358827515430518 0.256168236840587
-0.0188301644158899 0.0118515473223177 0.125834090976096 0.183876088556709
-0.0316538950194165 0.0130428923972321 0.182352758905792 0.109020787181874
-0.0319438526280874 0.0130705866888944 0.200810411273099 0.0359998661451901
-0.0366317025325127 0.00551222056202372 0.221665976997085 0.0101279851663296
-0.0334543547742977 -0.0183515796179215 0.214469984025754 0.028423366643003
-0.0179690336265962 -0.0188985190725024 0.185845369007557 0.0362619454045184
-0.0194232690174903 -0.032807099714234 0.211472887930379 0.0396189906078525
-0.0101457594752214 -0.0639733882333466 0.272198548601506 0.0215186792661022
0.0371290051129894 -0.0533016709436904 0.332082263253477 -0.0606807493226196
0.110113740443955 -0.0360111515897153 0.228891704875264 0.0348444895586789
0.0498869126826267 -0.0476746018404855 0.0373724710321319 -0.075337281113522
0.0244371951140104 -0.0240180124217084 -0.130387975863772 -0.0148496662043347
0.0202724495693381 -0.0359294097300853 -0.202723804700303 0.109775377320391
-0.00476804857991898 -0.0613972520496984 -0.114581650967718 0.231720740434579
-0.0464373207359567 -0.0564321611741471 0.0115990148069823 0.244777796157971
-0.070469172692527 -0.0365143920945972 0.102698318569922 0.184850971667209
-0.0962099059681786 -0.0303005995560978 0.157980242230909 0.107683426047358
-0.097116244865574 -0.0287090761220749 0.173851246642932 0.0252902435525689
-0.108416977140419 -0.0532507827964965 0.198429740765173 -0.0189452019638694
-0.0869964647349421 -0.111585570055436 0.208406009265745 -0.0147162810155846
-0.0262419967214666 -0.130945027517139 0.196396597476315 0.00288191800237407
0.0415527023232121 -0.136809603017635 0.211071893037759 0.0306050443039944
0.106158633374932 -0.131014201996368 0.235635662583139 0.0251895804672694
0.158276469740838 -0.0853651481089975 0.273924545679691 -0.0477417247140743
0.199117007082061 -0.0116656590699505 0.170224598198968 0.0352393209464811
0.157272646472193 -0.05769851572807 -0.00227287643329669 -0.0821249160329618
0.110975456437878 -0.0679252319192422 -0.147339965199176 -0.0266281296380676
0.0589251509756357 -0.108888275294813 -0.20954906090354 0.0967523280407414
-0.00582538275791183 -0.138443028570967 -0.123409495844392 0.200340369295772
-0.0757398928571622 -0.121604697832832 -0.0170587765590758 0.212286544378465
-0.114123342741482 -0.0825783302670283 0.0640735481790499 0.16548237331552
-0.146058325019526 -0.0689562775618423 0.111554544133198 0.0913301955774858
-0.147334862250336 -0.0645039541754179 0.122610591547786 0.00550045912225076
-0.16464992518493 -0.0982171010718936 0.148913568304233 -0.0546262189717687
-0.134886510793486 -0.180190215049584 0.178045314906122 -0.0693908112705823
-0.0482728746582194 -0.217741628942414 0.199223868037468 -0.0445086232042461
0.0792327890815996 -0.228117058250708 0.210978041567302 0.017558427451822
0.195546310143438 -0.189468102586414 0.192464021850336 0.0438745037716191
0.251186049973168 -0.106259142371757 0.186222678968317 -0.0213869049948006
0.259778627435451 0.00948075983659094 0.0745544786359446 0.0260046839095545
0.246539693582482 -0.06910667738817 -0.0648542528220347 -0.0916445936385774
0.186570589689495 -0.117185330123145 -0.172788387947156 -0.0415979864704796
0.0850378377518563 -0.183377531799071 -0.21157223285239 0.0744019720964325
-0.0153196264137282 -0.204244836328847 -0.129171572627512 0.149632937981363
-0.102327768468406 -0.171054252250115 -0.0516406688045505 0.161479577877964
-0.144224592131718 -0.115457587154641 0.014056327115508 0.129871117926174
-0.173299554902423 -0.0982992603195333 0.0504699690557642 0.0613649217066161
-0.17142725018066 -0.0926053818480999 0.055660954761641 -0.0219568216456746
-0.192470801512451 -0.131103302323517 0.0845122934211546 -0.0906116497301219
-0.157971599151815 -0.222370612842561 0.132232083349504 -0.122218611792966
-0.0571850122088756 -0.268224524872486 0.189855778452772 -0.0902341227379215
0.105881222763206 -0.281728552962486 0.202821545055625 0.00771811670773717
0.255264166367007 -0.214783803571854 0.145010792563148 0.0707851070939413
0.304190882075455 -0.105107187352204 0.0814419275107888 0.00860529019061366
0.278726595437138 0.0227873362985358 -0.0430710270935907 0.0186379281488788
0.290636313827014 -0.0772345441830983 -0.141009858218349 -0.0859265420161482
0.225883397594924 -0.155696479827199 -0.195748916444721 -0.0485317982680834
0.0895088089998948 -0.231911461774647 -0.202210327536183 0.0427760865547089
-0.030201356505888 -0.237141218715061 -0.137617406910601 0.0824469441225935
-0.11766911185525 -0.190797879989039 -0.094562215007758 0.0984466285639813
-0.154812115810332 -0.127876554745842 -0.0443737430980414 0.0828729587568758
-0.175141007248002 -0.112505455582767 -0.0158082871008851 0.0216899714219802
-0.166702766191539 -0.111793965118195 -0.0129285055443455 -0.0558880627857611
-0.182122955709814 -0.153396359581558 0.0214689017531304 -0.125249234903805
-0.138705767923559 -0.238088768122609 0.0870948985758323 -0.165889260234734
-0.0351131639614 -0.276884531236839 0.175632563936301 -0.123358891738943
0.136348250738515 -0.27838095985555 0.18517655026218 0.00541075302601972
0.285255883780615 -0.190371345024429 0.0928221000448743 0.0958888894135147
0.313603006491554 -0.0748278693459793 -0.0267411615381416 0.0294139742161498
0.249410090287222 0.0277175693510444 -0.162386987345321 0.0218479035217283
0.2771115748433 -0.0732338607491213 -0.212415539968054 -0.0586533477456401
0.214962200518339 -0.161790182842973 -0.208716210031176 -0.0441211565947493
0.0721784825095648 -0.230021333333544 -0.183135889931472 0.00857432582273325
-0.0404819598666188 -0.221127926223393 -0.151318011809564 0.0137625246681716
-0.113313485042891 -0.174370148189694 -0.142033823691439 0.0384136567064577
-0.140877888377489 -0.117654790777799 -0.104259130112579 0.0361592773686498
-0.151379019694228 -0.108550966081491 -0.0784887321103505 -0.0221343964818239
-0.137466559257057 -0.114438014329037 -0.071801327263767 -0.0951145371428713
-0.141761823118557 -0.155457173969723 -0.0249537779114057 -0.160543856866006
-0.0892186992792137 -0.221730612110476 0.0571491864289814 -0.200999932561657
0.0104095765235311 -0.243094146255626 0.165510020933655 -0.141765640448171
0.160552615754083 -0.221460859024791 0.162195441802712 0.00503414850574654
0.278717012253762 -0.125197792543798 0.040266256119337 0.103376345921452
0.277904863380691 -0.0259755882736117 -0.121265398860415 0.0311809945626976
0.175690828654471 0.0321113683456945 -0.259281277383876 0.0367059916512501
0.209643946616127 -0.0491755241995452 -0.257179236735725 -0.0190999671092814
0.162069617733584 -0.128727031800118 -0.210986120797003 -0.0328206312622655
0.0450977860807639 -0.174698988579128 -0.164990973973519 -0.0196627471219886
-0.0359175938816534 -0.15886273142903 -0.168606497181093 -0.0365784902395947
-0.0824420513037766 -0.127274887946923 -0.183124715278101 -0.00311367932460855
-0.101570326863563 -0.0902911652380954 -0.155114038950292 -0.00153125247781474
-0.106135940434263 -0.0886677715865316 -0.127192173334444 -0.0606707403936715
-0.0916908224528488 -0.0998224699921002 -0.112195276887135 -0.13418450827364
-0.0855494819371723 -0.132918688362258 -0.0472738583197675 -0.195283310193845
-0.0307443481691753 -0.172644665917546 0.0511005598840381 -0.226358072398197
0.0491891078783404 -0.176278662064905 0.162644215124564 -0.149243456866736
0.161487957094319 -0.137461497343966 0.139900974292638 0.00097620600733042
0.232440607153371 -0.0448127766699264 -0.00280780936499128 0.0880744477514625
0.204323453696822 0.0244465394548771 -0.190882019426002 0.0116686321878467
0.0725364570211928 0.0449920094581133 -0.315352427192431 0.0573921167740943
0.112528356706445 -0.00298866795598666 -0.269761379517737 0.0154580736334744
0.0899018151893828 -0.061828242561938 -0.208133144633746 -0.0234860372058943
0.0232947087237852 -0.0815795232180702 -0.157941368676743 -0.0339581412637076
-0.0110617307633881 -0.0690068150924786 -0.186207256855681 -0.0543703393796445
-0.0277476194259252 -0.0645857872132497 -0.20763472624503 -0.0184850943657998
-0.0417098746965316 -0.0535304545147452 -0.187244984449836 -0.0240874123845165
-0.0455713530828164 -0.0548156456807727 -0.155756767143205 -0.0896091235245697
-0.0376801612398549 -0.0647401421428615 -0.129798941282008 -0.166329917285914
-0.0302493818702672 -0.0840148087900398 -0.0480756079307217 -0.222557368984794
0.00947725742330522 -0.100350869651524 0.0606914785966324 -0.239568291445071
0.0580500268274937 -0.0981910611951458 0.165810370212434 -0.147686194006336
0.128551529363412 -0.0575902722584717 0.12636453447577 -0.00898270712129923
0.149436715830365 0.0194414744073568 -0.0242502325574867 0.0578762813232475
0.101442624191467 0.0575672013119522 -0.224778487584768 -0.0198637334612934
0.0313947986054786 -0.0421126675215754 0.208008764353756 0.113779952661957
-0.0352077558529016 -0.0485288893396202 0.076071510259703 -0.0553386041676092
-0.05061775647479 -0.00687332332077242 -0.108663259235293 -0.0618370688430831
-0.0234094935771414 0.0195597002793308 -0.22290484922841 0.0317953182031364
-0.00770799475884593 0.00947185611903603 -0.188402729726119 0.182401589137524
-0.0167077951208307 0.0042377955783433 -0.0678650825214215 0.240591966305697
-0.022040273064027 0.00321811600308825 0.038489560167257 0.211773055894632
-0.0334444089924879 -0.0001578072387939 0.120460435505436 0.165725476964762
-0.0329343772611827 -0.00166101996740948 0.163747727585421 0.108054567398702
-0.0338982384592923 -0.0113171863271822 0.194667073198716 0.0936414815483473
-0.0220775387310998 -0.0316547639598084 0.178427742349514 0.107738930867049
-0.00695455962065788 -0.0264273857448836 0.149878177835044 0.107262503269695
-0.00377095854546837 -0.0394163335125607 0.172571195612865 0.119057005276356
0.0162293222029974 -0.0630822149411302 0.237325537964261 0.120573514599902
0.0576776835163632 -0.0363063220272759 0.319789891689436 0.076927855355746
0.116277348244284 0.0153883622089838 0.184162856939343 0.107677114715856
0.0626992522734659 -0.0219198033606359 0.0581545844688737 -0.0576240845288291
0.0320281521273774 -0.0119920677282105 -0.111595279920558 -0.0695423410825647
0.0332997526639363 -0.0222600195525033 -0.227203740069293 0.0176236015734655
0.0216219334442086 -0.0574076994242603 -0.196187262983987 0.160264893114815
-0.0194987411213221 -0.0680677198101567 -0.0889002992193139 0.221105266274074
-0.0490248591445612 -0.0596381879859828 0.0170969082971987 0.203862807904372
-0.0747870104922257 -0.0628193446993549 0.0987519549344936 0.156097949675737
-0.0756486030694222 -0.0637012084256657 0.144641855384231 0.0874230709537688
-0.0768752173939433 -0.0893754898391072 0.185048084727912 0.0570346322482038
-0.0373381441696094 -0.133702417801982 0.189907484883357 0.0658371295251
0.0260211049841609 -0.129190038693368 0.173947573881585 0.079977294998556
0.0892319436643307 -0.113189563509381 0.178237279727943 0.111036084027607
0.143411089577222 -0.0831468862498707 0.20682104203208 0.114839537330539
0.177681697387452 -0.0225303057977127 0.262957441940921 0.0718336461936168
0.186801977218642 0.0753719790853958 0.131157700894459 0.0745378344553809
0.161492349769934 0.0136625598282444 0.0265080112135237 -0.0848668973791719
0.126334037022004 -0.0157715872635607 -0.124603477574622 -0.093190280847808
0.0966516606751777 -0.0701225232269929 -0.232062836157314 -0.0015518713835264
0.0510707503776354 -0.125423988620217 -0.19543523808218 0.126985378171179
-0.0201028336426447 -0.136812184068329 -0.104901244429633 0.181068330288899
-0.069514254755303 -0.116585143612508 -0.00997306613776207 0.171646120699805
-0.104726032659549 -0.116892535246561 0.0640519422011423 0.124027588827198
-0.106812458326185 -0.11379139476839 0.105872622366888 0.0494374453265074
-0.111359558309773 -0.149540710755253 0.154438693227241 0.00457858933157808
-0.0564703265385668 -0.213161893430941 0.184215960941431 0.00436515809985797
0.037914613910656 -0.214652600801478 0.195248664414344 0.0377522398842293
0.155709638597566 -0.183248067066849 0.183873256879183 0.0995361175273091
0.244459574870541 -0.103870460340167 0.164794387328066 0.119338640011693
0.26794334770204 -0.00918346891129838 0.174478420615619 0.0661610749603575
0.233111997756278 0.121626824550703 0.0507010392125822 0.0234321020511114
0.243629322244379 0.0402930504404917 -0.025338673902845 -0.122186064354521
0.213521427375096 -0.0292668829122994 -0.144001737705465 -0.122019116366117
0.149012488394701 -0.124270755452235 -0.228178481235045 -0.0246210641671451
0.0686949372187003 -0.186045994048903 -0.183922647990459 0.0785490672881399
-0.02419265133904 -0.189664033112613 -0.117933500754258 0.122159586613469
-0.0827781842158774 -0.157413350890879 -0.0416874187792802 0.119956478982368
-0.118477957993643 -0.153044560168132 0.0211248317322482 0.0745725744642762
-0.118773650769657 -0.148813125641983 0.0573047271981324 -0.00110875959825138
-0.124538128275652 -0.188261462422919 0.110520370590846 -0.052355547045498
-0.0624864312685073 -0.259299096357196 0.16347255225679 -0.0600105332820802
0.0473837813837298 -0.263899974650469 0.205446390215936 -0.0078996864364448
0.198912434742434 -0.22222644700759 0.181806550097829 0.0883033612594597
0.30606985596592 -0.105659434291181 0.114392880708379 0.128624801319281
0.314520032585516 0.0117657475685976 0.0687928501803993 0.0546013001942485
0.245190103483922 0.14142884055422 -0.0504243954829884 -0.0317344675021236
0.28617902052905 0.0512379461932439 -0.0956815621458989 -0.148185813282184
0.263982913213448 -0.0473548917820676 -0.16369629607939 -0.140932448341732
0.172199452263775 -0.164674578346488 -0.210362027989462 -0.0512789202320151
0.0685423152014119 -0.219879089885658 -0.168260475101133 0.0155081653837405
-0.0303200879505223 -0.213497199359817 -0.133448751089462 0.0491785425908655
-0.0870797240081816 -0.172572286671839 -0.0755514735624967 0.0555809758726829
-0.114260940053531 -0.166332439632555 -0.0235430399111909 0.0133132739634834
-0.106659970207474 -0.163505813440251 0.00885694537201363 -0.0575158010745178
-0.107905667989789 -0.203687695374908 0.0673534564109405 -0.107108666462819
-0.041107418475302 -0.265375979553765 0.140651468737093 -0.116003721542473
0.0708567838810687 -0.263387491345899 0.206560717551429 -0.0432137698120333
0.224407936393892 -0.208868292661914 0.167570904770338 0.0796028756310491
0.324492870591048 -0.0723471482357081 0.0580203059642552 0.133019345048559
0.309867600689435 0.0436730434427942 -0.0365833440104768 0.0318131603232336
0.215939104649482 0.133541793484208 -0.157164810136448 -0.0721208020014831
0.272625566453691 0.049473090574346 -0.168635187961774 -0.151397203269523
0.255372366719039 -0.0568535797963864 -0.177734756815356 -0.141196017469838
0.156614749273509 -0.170189784331103 -0.179923644504955 -0.0741715718432601
0.0531947025574594 -0.209549407841372 -0.152846831684608 -0.0511557513520483
-0.0322284314083448 -0.197297970141284 -0.150793850275783 -0.0217334206599373
-0.0788337021891458 -0.158635972082038 -0.110161686288678 -0.00952299195558941
-0.0940443512008291 -0.154351428567561 -0.0618571928231831 -0.048901527894106
-0.0810598803006072 -0.155096739759649 -0.0283660029053479 -0.114387929380541
-0.0716256063753016 -0.190454205974621 0.0405379534071296 -0.156003075814126
-0.00162998686749811 -0.232611013260996 0.127850787370735 -0.157783152119082
0.0979058398570561 -0.215388832525057 0.204387315174535 -0.0631810003544406
0.22697871706844 -0.147633000433449 0.14531133154253 0.0714648644004659
0.294728400353081 -0.0151192546064471 0.00535829304161161 0.120249884672829
0.259671027398717 0.0757104811231835 -0.12329666796614 -0.00632592507441545
0.1462178871064 0.106610336031037 -0.246771727241466 -0.0887464635263028
0.203152321170037 0.0438823259130173 -0.2237042903411 -0.129964472141263
0.194309914409522 -0.0486920537840312 -0.181665756543126 -0.127247824869661
0.109406122710118 -0.13210898994114 -0.14937355007924 -0.0900501814113585
0.0321612253860367 -0.152061502626355 -0.145686146831824 -0.101738083118112
-0.022906382296342 -0.144225207412043 -0.168514499538685 -0.0750672770669037
-0.0546906139367026 -0.119189899402978 -0.139615083746056 -0.0627309164621668
-0.0611949035878535 -0.118854555397476 -0.0911843394472665 -0.102969919886588
-0.0456077646582948 -0.123521217358016 -0.0483778704583659 -0.16354877774813
-0.0294951016211542 -0.148300101062467 0.0335605782494827 -0.194097040040256
0.033138994429211 -0.167101000233543 0.132700644218205 -0.181789275908752
0.108990023119108 -0.141307303699724 0.204408273796568 -0.0696532569511242
0.197324466946172 -0.0691210696336851 0.125816416559545 0.0588666865654632
0.22536067845903 0.04111038978472 -0.0313211584575288 0.0898585483633157
0.173764837592175 0.0945093770460159 -0.177468054750161 -0.0539224375828486
0.0468391874311532 0.0736201605663947 -0.300394861516315 -0.0814406099978145
0.0998756191758305 0.0438398126923148 -0.244636932303283 -0.0983602785615013
0.102695062942316 -0.0184945937579616 -0.179781133831186 -0.111905862369081
0.0527663573891776 -0.0607306607950525 -0.132676701487068 -0.0982970663050756
0.018379224609271 -0.0630870376844389 -0.149223042231846 -0.125057807466709
0.000896416330894477 -0.0676889376321446 -0.180437708124228 -0.0976622124259873
-0.0162598415130279 -0.0633751592807089 -0.158388767957613 -0.0945289391886055
-0.0198943123488966 -0.0657204380380356 -0.105419001432985 -0.139698768018658
-0.0105566142877668 -0.0722854563215662 -0.0528512370366017 -0.19772183249352
0.0015285027104645 -0.0847560215245706 0.0442880801465947 -0.216930480178854
0.0430456784998452 -0.0877435343124782 0.146563554476251 -0.188846409668621
0.0872234006103675 -0.0685428962879269 0.206869555416094 -0.0652840220314138
0.13864281284986 -0.00830296505110848 0.116352150073193 0.0446315529324959
0.127825924593944 0.071089937486043 -0.0422417376492171 0.0515633070572329
0.0684158094227502 0.0887684724069656 -0.195355913757056 -0.0995592856910308
0.0297658327877015 -0.0421033467011549 0.206774609790189 0.104968731480403
-0.0358005593812785 -0.0464255373046388 0.0709478831483724 -0.0572183798677251
-0.0495194206556026 -0.00551634569266688 -0.108633604917902 -0.0599477562737343
-0.0220740097678416 0.0198605072198814 -0.217995082870225 0.0352913956843862
-0.00747222553854674 0.00876883367858089 -0.178779529823083 0.184084588011209
-0.0164168345125806 0.00474732022866386 -0.0588584422402023 0.238149699402756
-0.022811836947152 0.00411166439380002 0.0430658700879013 0.206833058704128
-0.0333313906204256 0.00111738255504726 0.123926228428412 0.159363114418216
-0.0328666589294052 -0.0010132726504597 0.16445577454116 0.101090693296346
-0.0333860131415987 -0.0107039436028703 0.194832663953107 0.0849111339200247
-0.0230143434352248 -0.0312728332086497 0.179202405333856 0.101288016603856
-0.00734274476042509 -0.0257261225083038 0.149110480716805 0.1043087798177
-0.0048966718961467 -0.0392859707376749 0.174178942345241 0.114600021901053
0.0135974559512474 -0.0611668563272462 0.23539262243389 0.112524272525467
0.0569350666253039 -0.0357760512459245 0.313258094038944 0.0673160893044257
0.11543687346226 0.0121608050125092 0.182381648464835 0.0995073821376767
0.0609964270677251 -0.0235435232459091 0.0539637120266477 -0.0589951164762776
0.0314870105697718 -0.013501122172955 -0.111748148686872 -0.0678912507519281
0.032280850705879 -0.0228322937074324 -0.222423478039424 0.0221051007184415
0.0189611756898495 -0.0572938727984574 -0.188004486049934 0.162003190433426
-0.0220294827322776 -0.0660026160083651 -0.0800599190941498 0.219703511784128
-0.0508488993686589 -0.0571350544882588 0.0219177439866738 0.198713198129039
-0.075957505490478 -0.0594236549376463 0.103102314220766 0.150437172967169
-0.076620198409752 -0.0612984429623173 0.143929307177546 0.0813164262835723
-0.078338148833546 -0.0859271684735553 0.183457344903707 0.0494678821358713
-0.0416640962429692 -0.130808379430645 0.188905576906472 0.0594739574735037
0.0222924250473804 -0.128293431843421 0.172909473728644 0.0765896569041505
0.0838564615571567 -0.114241413039435 0.178712485998382 0.107386571713098
0.138379072236675 -0.0858327525383795 0.206011510121433 0.10750618024045
0.17501933844659 -0.0254657765554632 0.258751498081414 0.0634498223259283
0.187127007224451 0.0697891275355363 0.129935725828253 0.070124083020202
0.157959559522815 0.0082082180368449 0.0219751076510892 -0.0843169082730623
0.124652834959599 -0.0199260889903207 -0.125190768570657 -0.0918800744465413
0.092843002955448 -0.0717603903308228 -0.228444820882421 0.00398816861018416
0.0457725940476766 -0.125002857522927 -0.188489698345365 0.128291315645979
-0.0247492213709561 -0.133762733833984 -0.0980587280913193 0.181045351426661
-0.0726855722214871 -0.112839360289687 -0.00554097153748728 0.168098445765596
-0.107270409347427 -0.111075021854209 0.0667700727214585 0.120448065042546
-0.109086115852049 -0.109942508609349 0.104653724480957 0.0457983302958857
-0.11452875602157 -0.143790594859144 0.15119916328733 -0.000530595645723699
-0.0639774767595339 -0.207878703300381 0.180945577307496 -0.000960617241231548
0.0313150441499403 -0.212898475657446 0.191379511982112 0.0334478824096699
0.147050763985564 -0.186075048966165 0.184562550575903 0.0960781316599985
0.236809322734002 -0.109846191681219 0.164369900571211 0.114374402615339
0.263600965397314 -0.0138380349690051 0.17160138737474 0.0605141168186061
0.234259685039164 0.1134008398444 0.049812423918041 0.02132428191508
0.240766989660619 0.0315894565765543 -0.0292541763956907 -0.12007338634993
0.209899534038607 -0.036520179760802 -0.145040998057544 -0.120496707521692
0.143441668949065 -0.126604685136562 -0.225070208785443 -0.0204553143079564
0.0608054108528736 -0.18541451725555 -0.179437243008943 0.0798675977568772
-0.030737528626329 -0.185667983424097 -0.11371822061299 0.123729643035645
-0.0875511584383607 -0.152687360377566 -0.0378870910437188 0.118338400994373
-0.121993605735928 -0.146217478786212 0.0226225821675585 0.0727132107557572
-0.121214264139523 -0.143674209267755 0.0549805954453025 -0.00190051211551319
-0.128566806553958 -0.181422175815763 0.10576163000986 -0.0548135241514994
-0.0715925620242024 -0.253363759709364 0.158438875556289 -0.063897288242678
0.0389744308279958 -0.261190855918006 0.200781964316222 -0.0127147947487058
0.188371529836132 -0.226040671121919 0.181223095725643 0.0845467571422656
0.297544702894585 -0.113168604686936 0.114929053333867 0.125214255274952
0.309107774415303 0.00520412805504808 0.0689220813810264 0.05210426526373
0.246787182311668 0.132830698099348 -0.0512663840800213 -0.0299167209833999
0.282332669758428 0.0412382270868349 -0.0984644833913847 -0.143912152520796
0.258471607333559 -0.0557392279201148 -0.164607952046038 -0.138641546526465
0.165049792181065 -0.167016889189979 -0.206948611202962 -0.046589921785235
0.059666643078848 -0.21788660170761 -0.165623521390912 0.0171512356128941
-0.0375877987160559 -0.208195773869174 -0.130843419759267 0.0525809375501118
-0.0922769825534962 -0.167666270712287 -0.0727993819862015 0.0555973327911162
-0.117441817520006 -0.159743651064436 -0.0228317845173967 0.0138135138130085
-0.110585855825618 -0.158422764601555 0.00530601454257068 -0.0560247120379323
-0.113313543730296 -0.196535814219168 0.0622192567202045 -0.107268008712499
-0.0504210712541498 -0.260354548183816 0.13520928133233 -0.118756651822431
0.0613277342700252 -0.260530775969376 0.200542607709337 -0.0480049438063198
0.213781419098363 -0.212507186303293 0.167022592079137 0.0769696757455346
0.316255783653796 -0.0819880386286038 0.0599188165337384 0.131375091948308
0.306721082573914 0.0365107419351878 -0.0352100484655793 0.0322759588353278
0.21754544269519 0.125750485442481 -0.156671802858078 -0.0673936990921149
0.268373931348019 0.0400345778096536 -0.169555740859041 -0.1443124002057
0.250295672825282 -0.0639360080671333 -0.178673498082372 -0.137653793917888
0.149138531735752 -0.171248936770008 -0.178000263836814 -0.0704701591742617
0.044970592356037 -0.207262114281251 -0.152670186129978 -0.04888867760389
-0.0390721690222173 -0.19235284368314 -0.150182499685247 -0.0166892928066877
-0.0839933873356553 -0.154506829016905 -0.10825036755117 -0.00700523085193944
-0.0978515469286971 -0.148195822231465 -0.0632083089473585 -0.0464521619898856
-0.0836622767628463 -0.150343053932278 -0.0332147591823416 -0.110817182873405
-0.0764331864083727 -0.184172757533262 0.0341949497003716 -0.154317080439468
-0.00965919507284972 -0.228470378359084 0.121876677030423 -0.159477200585543
0.0901306568718042 -0.214196474122112 0.198047453333527 -0.0679715617999778
0.217146017273624 -0.152343222468792 0.144549807315006 0.068940597870436
0.288807965911455 -0.0242121200091035 0.0079986134621345 0.121031980320803
0.256202614858742 0.0693317852762139 -0.119805941072949 -0.00327982527233559
0.147951739849155 0.101287774800964 -0.245045513048366 -0.081697671270342
0.200169346971904 0.0364402009736519 -0.221882371936966 -0.12190784069964
0.189878214064591 -0.0537142246593514 -0.182497425759861 -0.123641956581391
0.103617277390345 -0.133094897832392 -0.148886726256467 -0.0872543983770754
0.0262371496760167 -0.149325144693968 -0.14758560029502 -0.0995042177950606
-0.0278138418699474 -0.1398296015211 -0.169717334951285 -0.0682074930299109
-0.0582027625725439 -0.116379058666757 -0.1389675425861 -0.057853919635453
-0.0636662486758609 -0.113896055577485 -0.0934664679007049 -0.0984753252871001
-0.0483419340497568 -0.11999570546101 -0.0545777601229004 -0.15890608775547
-0.0340749908342753 -0.144889112349718 0.0274614676307567 -0.191464499005622
0.0265398301800678 -0.165156567082406 0.125422524329073 -0.183440484021139
0.102311497991417 -0.141955229490444 0.198633027980316 -0.0739663171350057
0.190687662884978 -0.0736262340473354 0.124798086427106 0.0573425579964277
0.221711075668648 0.0334509737266651 -0.0285453221537546 0.0910708206060108
0.172742489463214 0.0903163517614436 -0.174114072419653 -0.0483961785585796
0.0492292136649615 0.0712358255415011 -0.29703170078679 -0.0743203089071052
0.0983085291905065 0.0399816253073269 -0.241453753732192 -0.0902433915192426
0.100252619763251 -0.0211924646109971 -0.179478844711353 -0.10710500978563
0.0496111223878094 -0.0599520707313417 -0.131796705415753 -0.0966189697746706
0.0158638573030965 -0.061747680311186 -0.151745836184776 -0.120698096535746
-0.00184169604344519 -0.0669057059157188 -0.181391398342018 -0.0905444698872662
-0.0187195999706198 -0.0620686393661297 -0.158431614535497 -0.0885893655260654
-0.0216460240994521 -0.0631066665233269 -0.109089576545376 -0.133890537102341
-0.0118245727798696 -0.0701596862832332 -0.0592000973434918 -0.19159685661918
-0.00141687791220523 -0.0824429916672161 0.0368458721597756 -0.214382831904873
0.0391713133131291 -0.0868430982817345 0.138166441250585 -0.189669831817619
0.0842485685316504 -0.0692241116924594 0.200377170952449 -0.0695544512177881
0.13476963063503 -0.0118945413285969 0.114862930980592 0.0433471171781489
0.127382608799178 0.0669386872639498 -0.039294868933149 0.054020571438753
0.0696308006286552 0.0863651611615765 -0.192258689000291 -0.0924027416930358
0.0281473061394733 -0.0429137205035242 0.207601334714659 0.0957120584315267
-0.0374417527230624 -0.0444197484931719 0.0668054526197897 -0.0601244654849525
-0.0491323543484356 -0.00445811558136574 -0.110073651354875 -0.057291554821417
-0.0211833809713156 0.0203281742216072 -0.215455457328861 0.0410354201359343
-0.00730386187880471 0.00878857144630729 -0.170329979240307 0.188929436208412
-0.0160157441002356 0.00493098030065348 -0.0478646851293236 0.238010803237336
-0.0234788693349774 0.00548898838587576 0.0497689483919212 0.203286674616136
-0.033263385404764 0.00228431541360513 0.130012532257861 0.152792609591622
-0.0326502513718168 -0.000311520534425063 0.167152922411685 0.0930427404619812
-0.0338301818462068 -0.00999387788486717 0.197039291061102 0.0751081164587986
-0.0247210234790891 -0.0297669397908389 0.182725012291524 0.0939675926664081
-0.00818043324765056 -0.0256380840257837 0.151790891492862 0.101102469698047
-0.00693382601494367 -0.0393041985354306 0.178319635199616 0.108860047677308
0.0109948644453465 -0.0593913994861552 0.237031504650556 0.103622207318113
0.056570105190851 -0.0369088497750832 0.311611301820243 0.0561282901417136
0.115628618030434 0.00773804787332505 0.183048216520244 0.0916624625983959
0.0593138876161427 -0.0261742385307505 0.0498647082836668 -0.0602848073679715
0.0315614916307764 -0.0151742446286688 -0.113088502899253 -0.0661092608645623
0.0312171848830343 -0.0239541992168924 -0.220164365131558 0.0283557753305191
0.0159519661874975 -0.0579988782988181 -0.180052533442613 0.166620665459069
-0.0249816077634895 -0.0644997359064168 -0.0708830178928584 0.220120129997635
-0.0545573104225745 -0.0545036877918247 0.0290205711675335 0.196261429339001
-0.0781461089469096 -0.0556239472026913 0.108000101653879 0.144182070842083
-0.0790256720471225 -0.0579582578228599 0.146120650278169 0.075139868977097
-0.0817482141442053 -0.0825841981146307 0.183660242840746 0.0405017363124467
-0.0482132802002419 -0.128670975481524 0.190949296983471 0.0511611748305003
0.0169580265229769 -0.12894065319306 0.172827603129476 0.0720716880992852
0.078585619458889 -0.117644482269433 0.182602187907479 0.102172926128375
0.134001497362025 -0.0903232478640658 0.206898204734782 0.100468930416863
0.173285130587523 -0.0298196034443461 0.256676699429403 0.0541628044591952
0.189617094245603 0.0615557998148939 0.130078258489339 0.0644869321487214
0.156426801323306 0.000583140691466133 0.0172943845770798 -0.0846872044985953
0.123476954980184 -0.025846893959428 -0.12777830107002 -0.0898234662186028
0.0897149016559547 -0.074471491884505 -0.225980575027938 0.0102653497098303
0.0387867863267387 -0.125783477832117 -0.18207315533267 0.133403044087507
-0.0314431862609322 -0.131410946994421 -0.0898250049543241 0.182630750884396
-0.0782169179735234 -0.109377195442025 -5.32865029740774E-05 0.16642717461254
-0.111314577341754 -0.105169042043732 0.0710725971345405 0.117136157040608
-0.113380212048237 -0.105486772154402 0.104510191132418 0.0418985353389213
-0.120284101056918 -0.139102550444972 0.148966958354526 -0.00771814261631136
-0.0736464783816502 -0.203890149314072 0.180157078943576 -0.00847240904199125
0.0224386388672395 -0.213319081215146 0.191067883314367 0.0277762104142721
0.137308378911151 -0.191661348475987 0.187390626350773 0.0907714063852405
0.229913418154417 -0.11912617916195 0.166103581287489 0.108828629085244
0.261799521239155 -0.0219255727060743 0.171471571107156 0.054185133702466
0.238760044081652 0.103217048943242 0.0485077788978286 0.0194573442375044
0.238677745361958 0.0202338067395638 -0.0351571635568606 -0.117356170481459
0.207757169534673 -0.0459053906072297 -0.148230596042248 -0.118130598974998
0.137245643927935 -0.131563959410304 -0.223114967592812 -0.0130022778371808
0.0511508192645417 -0.186461584296358 -0.175560314795812 0.0846946921591195
-0.0399271722395587 -0.182754183748905 -0.108749117919091 0.127509796846178
-0.0947301148008118 -0.148453966586973 -0.0333221279883354 0.11777706758274
-0.12756321659627 -0.139549930354703 0.0255558207943125 0.071442964504788
-0.126373714046197 -0.13873264053808 0.0528920857842802 -0.00322941726419674
-0.135849983726258 -0.174921760478117 0.101358663066369 -0.0588892251615928
-0.0830634195271921 -0.248024666169858 0.155221178909509 -0.0707283597022578
0.0276967012625991 -0.261666871330366 0.197146104497341 -0.0181830618939773
0.177178419361792 -0.232180436423004 0.184294765988366 0.0804706896482861
0.290375212119724 -0.126061697309435 0.11743912772063 0.122125782697883
0.307887713896049 -0.00416089327791612 0.0690005756988336 0.0497952380526053
0.251444006866822 0.122039912832788 -0.0531714732382144 -0.027199997025811
0.280838212114445 0.0290761357408387 -0.103665326507186 -0.138905491692585
0.255211297707356 -0.0662320069022418 -0.16959805138121 -0.13542046979181
0.157282383238663 -0.17292853387111 -0.206849881649592 -0.0407444891270942
0.0490878810561282 -0.218691494091385 -0.165069508881269 0.0201969381631432
-0.0479400338523987 -0.205381946168555 -0.129081969577215 0.0580754484226882
-0.0997247417477626 -0.162845180435717 -0.0700991817543777 0.0574810175008029
-0.123992788990623 -0.152828973723864 -0.0226526593693044 0.0153743323234331
-0.117192558251315 -0.154594939727831 0.00148751537526444 -0.0546723712264321
-0.121342133587384 -0.191262321976271 0.0564011072183753 -0.108911311113651
-0.0622886783560995 -0.256107241356704 0.12883450831895 -0.124205909188447
0.0499900114386524 -0.261215289135962 0.195333004359544 -0.0544834200608392
0.201895375628933 -0.220329528610287 0.168810524347852 0.0730724687896523
0.309765078841562 -0.0949727537362228 0.0638482324235141 0.130685120034181
0.306150369485999 0.0271813903880717 -0.0336002969383669 0.0328287195259455
0.222669147184872 0.116215544687934 -0.159480072558446 -0.0608601198757765
0.266642824934578 0.0280221200322494 -0.173601318352044 -0.137657210519597
0.24586359394753 -0.0739617168300143 -0.183169416761797 -0.133160553580727
0.140751576181985 -0.176469726627159 -0.17792098150521 -0.0660631734366795
0.034761529602611 -0.20641923740611 -0.155471366511304 -0.0460103851968262
-0.048018112518561 -0.189023851857399 -0.151233804340199 -0.0102913918441007
-0.0906550586217415 -0.150546004222067 -0.108171992913467 -0.00350748038552583
-0.103506258899073 -0.142002736943533 -0.0657742614571575 -0.0432443347133167
-0.0901548260996995 -0.147387684271718 -0.0392038859566502 -0.107531920145183
-0.0839128224675717 -0.179409291136938 0.0265760018365186 -0.154258539838302
-0.0205685808788046 -0.226116593660446 0.113706933625917 -0.163783185215799
0.0808151838928074 -0.216774615172144 0.192366568933052 -0.0741279911315346
0.209281456013909 -0.159725688452148 0.147054360880018 0.0660739163393087
0.284595827700311 -0.0360544437838427 0.0127638191937986 0.121930531430538
0.257347610531711 0.0616667430816897 -0.118754962964074 0.00115534678787802
0.151468328943534 0.0942244793390171 -0.24661559283824 -0.0727808046900289
0.19881248715655 0.027759384158092 -0.223461609244396 -0.113800018179862
0.185771491507387 -0.061222382201304 -0.185598521194743 -0.118063092599816
0.0973033542533043 -0.135793617819765 -0.14942452914989 -0.084320846066139
0.0192088293024742 -0.147939001438909 -0.151706744315046 -0.0955597398140598
-0.034742163619178 -0.137652969783499 -0.171753134060682 -0.0601019412698885
-0.0638658654382422 -0.113796936448815 -0.140201802304841 -0.0530198758538107
-0.0681375260722527 -0.109411778464883 -0.0980325786558312 -0.0938921693583808
-0.0526912186700529 -0.118014535382298 -0.0623015452774773 -0.153418494344033
-0.0399441614181243 -0.141525677144443 0.0190161124311298 -0.191048143019829
0.0186772483102375 -0.164213224412255 0.117170138823104 -0.187253851081602
0.0966825539826858 -0.144583978055035 0.19282178799989 -0.0804420950441494
0.185315792907659 -0.0800897708980026 0.126099114074429 0.055265773039201
0.220276266459622 0.0250648319283381 -0.0235180416546046 0.0937989997008054
0.174465248513611 0.0844881149420279 -0.173467616771541 -0.0420859781251232
0.052479800552838 0.0683734359578453 -0.297830583355998 -0.0635151290892519
0.0984782907828891 0.0360858114941937 -0.240830604321533 -0.081962965826814
0.0972714573085145 -0.0253058082803425 -0.181459896128385 -0.101317305727596
0.0461612089919422 -0.0610767950851417 -0.134300340534544 -0.0937400989524016
0.0136141323520963 -0.0604119127738266 -0.157167773431043 -0.115710593699987
-0.00499940161589444 -0.0657365971919085 -0.184197813361025 -0.0815813684352831
-0.0210074312967844 -0.061580031552765 -0.1609327145692 -0.0817600947042844
-0.0234728711085669 -0.0602449912499519 -0.115257856682972 -0.128341056186247
-0.0146407513418178 -0.0689674011039602 -0.06795405754653 -0.186736041128869
-0.00461281512079353 -0.0808307639889489 0.0282765462317889 -0.213105195627138
0.0355426513688081 -0.0877020135983279 0.129978920643756 -0.193630952800723
0.0802098077782261 -0.0716347590000198 0.195909478845036 -0.0765309771501245
0.132429922393675 -0.0169195155066749 0.115043571145669 0.0408320433323315
0.129286446303986 0.0613284191396984 -0.0363393285853272 0.0567386865785681
0.0722463245358866 0.084038291617561 -0.192588579159187 -0.0844739081696342
0.0252772687279831 -0.0430944099578617 0.207960647337172 0.0822885690611196
-0.0392419216524029 -0.0410739224254662 0.061313145545489 -0.0617683161383826
-0.0486750191669372 -0.00212975332437366 -0.110790360145605 -0.0522773340006409
-0.0188968956609391 0.0215991370026695 -0.210108372837371 0.0508190228751321
-0.00652520250415682 0.00885373996359769 -0.156527450668705 0.194726751297047
-0.0157280453943936 0.006005075755028 -0.0335426950962029 0.234660887332555
-0.0231298484414011 0.00697975074211314 0.0597285179278082 0.196746469564296
-0.0330912979968324 0.00492369949035636 0.136447129139839 0.141121970103333
-0.0327233282237804 0.00119304781899013 0.16948206158902 0.0816353349975822
-0.0339818328976487 -0.00870596440774426 0.197610276090135 0.0615499486447905
-0.0263579139882422 -0.0281711226333056 0.185483230544151 0.0821356669465107
-0.00933144353399487 -0.0252981382381976 0.155234437134999 0.0936212861775362
-0.0088523464711819 -0.0380591050158611 0.182482881536768 0.0986661588687815
0.00785322811619186 -0.0582991263402331 0.237133794000857 0.0896133699010494
0.0552548605990703 -0.0386543255500695 0.306974138135051 0.0393355625362231
0.11460610781927 0.0011386228329712 0.18384294129878 0.0794640975718085
0.0561004460223504 -0.0295727765907267 0.04453356247219 -0.061730073248488
0.0300684956564636 -0.0179034948630371 -0.114863320758318 -0.0607105262686171
0.029488049769485 -0.0250906569383907 -0.214532844876226 0.0385244113884082
0.0115776972483122 -0.0579192048736606 -0.167206947989554 0.172438862170988
-0.0288467115063837 -0.0613603714565962 -0.0565034241841703 0.219213297199089
-0.0575106388708391 -0.0497791904084729 0.0390426141912729 0.190537461587999
-0.081138353380801 -0.0494176587098738 0.114884822275046 0.135156790808448
-0.0816238274507929 -0.052894400965141 0.147103744264497 0.0657317091757583
-0.0858133445536025 -0.0768272316628641 0.182359759298314 0.0284813015245594
-0.0558591041014345 -0.123518052018869 0.190587201879728 0.0389177107967711
0.00913748920162418 -0.128286501682121 0.173819124384251 0.0637989186598098
0.0700922872031907 -0.1205823057782 0.186216262580654 0.0914553686830163
0.126223638600571 -0.0956165879743978 0.207360699429789 0.0884155841134276
0.169914760087862 -0.0387545229304858 0.253326526746547 0.0401423049993317
0.190487312456111 0.050164457022832 0.13019273802565 0.0565320906719068
0.152954885401056 -0.00938102583830671 0.0114918158554252 -0.0840039024337864
0.119671886472628 -0.0340544894586051 -0.130872550498569 -0.0845401411828121
0.0835440273174585 -0.0783845780582222 -0.22114196840655 0.0215081333275507
0.0295115410509391 -0.125674276008744 -0.171878538960783 0.139549128468321
-0.0399080300902918 -0.12580801875158 -0.0787917290122768 0.18448546454472
-0.0842649730277005 -0.102113683114936 0.00956577901348594 0.163237760620257
-0.116267819660102 -0.096027758718805 0.077075772739704 0.110685312345512
-0.118143243930722 -0.0976678427591248 0.104351004590531 0.0356962233616755
-0.12729043013269 -0.12912481719636 0.145345904445595 -0.0161933399193471
-0.0856528839611693 -0.195756602887435 0.176620290581401 -0.0191839729634518
0.00879152431795018 -0.211594664697361 0.188289294734954 0.0193418308750447
0.123592554560601 -0.196450517813847 0.190151116653404 0.0807731725457887
0.218732262836313 -0.130535374682642 0.167819860961268 0.0996135038653895
0.257098328632108 -0.0347432653304488 0.16981376222384 0.0442997326262977
0.241359752931413 0.0872914153405999 0.0480737215840886 0.0171288870229969
0.234127361888599 0.00567970970528436 -0.0406261520444937 -0.112795324605751
0.201284325372467 -0.0580957184037693 -0.152877572771827 -0.110595682161888
0.127493085915228 -0.137417713428881 -0.219957029782442 -0.00275291121128406
0.0380215565977411 -0.185571511236863 -0.169105564669653 0.0910536265349948
-0.0514728151793977 -0.176194209031427 -0.100302154413411 0.131047296698834
-0.103199852304591 -0.139558746247196 -0.0254005638781018 0.117563041161281
-0.134059128841582 -0.128761344228354 0.0290763997259008 0.069090970242405
-0.134026592946071 -0.12966767547221 0.0508823591903386 -0.00486402658949883
-0.144690808531973 -0.163941933049326 0.0953482380846079 -0.06377781727706
-0.0979938305735478 -0.238557602523617 0.148076946177789 -0.0790951118600222
0.0122919669383605 -0.259434036452872 0.19186755287779 -0.0269430756665326
0.158984801206835 -0.239152199669576 0.186341074873596 0.0714415866000111
0.277254115718029 -0.140879084304495 0.121904673264186 0.115550290984511
0.302938128160718 -0.0197346592952079 0.0702211905478047 0.0454790478693088
0.255113400551424 0.105156542060907 -0.0550770739984911 -0.0229056203297323
0.276115504705155 0.0115603350516956 -0.10883002595768 -0.13010760534872
0.24738959454245 -0.0812351223959823 -0.173729975049164 -0.126914911160899
0.144269757765187 -0.178809392923901 -0.204216044410359 -0.0306185778124649
0.0334618209354996 -0.217075182413608 -0.162831823603422 0.0266967326268527
-0.0605956314350555 -0.197438235502149 -0.124035752192467 0.0647513908156267
-0.109197667571097 -0.1545077374762 -0.0660637678022943 0.0601508124117665
-0.131178197175317 -0.14211798541668 -0.0216247784684409 0.0163215556907962
-0.124863323581847 -0.145395387195978 -0.00294528189990297 -0.0520370817872674
-0.130922025272749 -0.179790863574239 0.0477257953629276 -0.11023026219321
-0.0780808058089092 -0.247300078892672 0.118359122694745 -0.129925786395686
0.0341270400222022 -0.260552831677521 0.187673187944779 -0.0619693143492494
0.184154939298408 -0.228103428237406 0.170479194725103 0.0652729422901966
0.298298902392156 -0.111796943948605 0.0692927591917059 0.127416781707553
0.302354446242245 0.0119175394755902 -0.031339356440409 0.034212438875588
0.225810676709874 0.101717531212971 -0.160450192752625 -0.0511070213793927
0.262190786108093 0.0116467547650875 -0.176742885308177 -0.12485651381738
0.236860550549824 -0.088493210788091 -0.187046515870978 -0.123824829939044
0.127422478947017 -0.181082647645775 -0.177782713497762 -0.057630987621612
0.0210887815226143 -0.204316826307947 -0.156532659435809 -0.0391354276089539
-0.059621529733775 -0.181399145172282 -0.150083134069841 -0.000995908892331251
-0.0992485486385406 -0.141893173228446 -0.106923874162815 0.00174263965686887
-0.109758288471631 -0.132565376497474 -0.0672970115798095 -0.0383720948081487
-0.0973940688737334 -0.139395785309761 -0.0462139863300524 -0.101692579001063
-0.0936550678934203 -0.170414697494621 0.0167733158186607 -0.152728426976706
-0.035405792615267 -0.220008468425153 0.102291830872071 -0.168104025116755
0.0661917411807744 -0.21728368115182 0.184542154392308 -0.0828221821629182
0.194243469326359 -0.168582456807722 0.14793373487208 0.0599869158963594
0.276661083212986 -0.0512960382031308 0.0187218979071189 0.121024246219979
0.256450985718595 0.0478709870297852 -0.115898555826424 0.00728862336649627
0.155219730101829 0.0840378995029871 -0.246907061087436 -0.0576184501649387
0.195846575880832 0.0161058999180432 -0.224656677509076 -0.0994628832718958
0.178355953850172 -0.0713205312849359 -0.188849278090658 -0.107868050172809
0.0871123818334902 -0.138719708615067 -0.151331753196922 -0.0776169257035761
0.00955045636117471 -0.145896838115408 -0.156957513280333 -0.0871814127631278
-0.0430193051509341 -0.132569330837015 -0.172873546453821 -0.0488176584483973
-0.0704940478069332 -0.107378226197423 -0.141525725607503 -0.0441562926512759
-0.0727269711706992 -0.102601711160213 -0.102257351891552 -0.0860444246084581
-0.0586983298543614 -0.112685043473516 -0.0715596720754167 -0.145856961307887
-0.0477966418442588 -0.135109177593497 0.0074238992963396 -0.188263646488716
0.00828711208842339 -0.161650279182148 0.103402727204072 -0.190523563728176
0.0864613539325224 -0.146486358391594 0.184196099047563 -0.088920565834963
0.175807620678357 -0.0892743690406425 0.126512897433167 0.0503899871482794
0.217190460298727 0.0117809625968602 -0.0179339926796769 0.0953188425569362
0.176138088859421 0.0741446809103965 -0.171478154339738 -0.0318703823809695
0.0559693347484533 0.0641297987720111 -0.295097464799034 -0.0470406633370772
0.0976084487978716 0.0297425006415738 -0.239848848330934 -0.069160002393699
0.0929047619904867 -0.0308105584863578 -0.183672138794374 -0.0909723304495497
0.041080549029703 -0.0623120014901155 -0.136863031408952 -0.0881632564261991
0.00931201253107103 -0.0592524621144298 -0.163114985351113 -0.105958737487846
-0.00912727221537255 -0.0640556322025113 -0.185846803677227 -0.0695320810610993
-0.0251044884235721 -0.0587340984066448 -0.162752593974113 -0.0713377609377591
-0.0261242627007999 -0.0575203281583785 -0.121589844893258 -0.118678953931461
-0.0181317734481026 -0.0665330658180728 -0.078709539844437 -0.177960443216309
-0.00922454141932612 -0.0779832624149708 0.0154599338804553 -0.210860663818861
0.0298586552172221 -0.0873594370456326 0.11683054232174 -0.197456346040091
0.0746877233447797 -0.0746874558439491 0.187994008860623 -0.0850762833978978
0.128392266898929 -0.0236639967775279 0.11508980208811 0.0358336142134805
0.130129231775137 0.0529663839063249 -0.0318101867750255 0.0589733388936254
0.0753227346039984 0.0792963975642017 -0.192230289863628 -0.0721715412676229
0.0223382915770803 -0.0425180750429629 0.202334653660874 0.0678913331079499
-0.0396202396022073 -0.0369090550059951 0.0549440909129281 -0.0617260426050095
-0.0464991407607903 0.000159972584228054 -0.109175717025723 -0.0453603624318511
-0.0165075329981363 0.0214355918971071 -0.19816540432411 0.0574847491598636
-0.00633509005341058 0.00829127115531816 -0.137650169514629 0.193965710649688
-0.0148505869770478 0.0064690827655654 -0.0185494384193372 0.224158991984628
-0.0222098732879522 0.00845595687664448 0.0671876519126942 0.18431362796923
-0.0320738749536397 0.00672251365076823 0.139095339250879 0.12701626026875
-0.0318856208675066 0.00267039086485087 0.166395733426244 0.0684759531086589
-0.0334071062690159 -0.00727560643763472 0.191608415455911 0.0467424859102607
-0.0272385352647003 -0.0257708857439179 0.18299597489757 0.0686407365368398
-0.0098151968078045 -0.0238585695844713 0.153703762047087 0.0841510299260849
-0.0109174654002289 -0.0359839647312989 0.18043003457868 0.0849685302494276
0.00496730578544126 -0.0555763165435379 0.229885487994951 0.0735116232703908
0.0517412134565666 -0.0397988327089259 0.293061559067095 0.0229397916648163
0.109984226237235 -0.00524681103543866 0.179184674600117 0.0672037996243544
0.0512087983285927 -0.031333157733667 0.0391137631670891 -0.0606935980666941
0.0268947614474111 -0.0197670910983348 -0.113675622637847 -0.0544151807753395
0.0268746874108436 -0.0255129512288809 -0.203734977715799 0.0468837397216856
0.00667755022801448 -0.0556199148845414 -0.15068682183822 0.173254665851331
-0.0317456333260467 -0.0566807485399775 -0.0423855662672879 0.211118996542023
-0.0584856114556718 -0.0435590082372844 0.0472004939031284 0.179594173929262
-0.0802879463207295 -0.0422659179436242 0.117780242634654 0.122911886021445
-0.082130638703775 -0.0466809061740547 0.143313154520411 0.054723451851827
-0.0866098411018023 -0.0687068996352635 0.174712112838365 0.016686558310554
-0.0615721976128392 -0.11425817457112 0.184790840055041 0.0263022878030712
0.000848473563631677 -0.123179038101609 0.170027559765467 0.0538111720526498
0.0591606273457955 -0.119043025682652 0.183662136752847 0.0791582479424361
0.114646940066893 -0.0979940057427976 0.200744444484817 0.0748803443559102
0.161530162985972 -0.0451667696307445 0.242012923198281 0.026231445944682
0.185142037248908 0.0364962916433389 0.126342766611753 0.04768188225258
0.143612570653637 -0.0173679171913959 0.00630808820490869 -0.0797696084127186
0.111060663665719 -0.0399928768287156 -0.129894150698687 -0.076097018762784
0.0754534897970618 -0.0798421733593159 -0.210034976302794 0.0300857483117116
0.0199987403969618 -0.120955152040484 -0.157307778117122 0.141024738609761
-0.0460314644738936 -0.116886488904398 -0.065256955832099 0.179733284782476
-0.0875805473061275 -0.0923413033288591 0.0173848554577277 0.155277204877321
-0.117425420313432 -0.0846285678598114 0.0805142819287094 0.101361008941245
-0.119718128279781 -0.0873956273037485 0.1017324728882 0.0290528142304247
-0.129503916825527 -0.116439760216698 0.136548931336688 -0.0239961578676885
-0.0945617544086769 -0.181583482568924 0.1680020116976 -0.0286235348780002
-0.00412048728287816 -0.20270097871261 0.181014165988287 0.0103181181718392
0.105743263544609 -0.194206468065474 0.187267612097664 0.0690542888322929
0.200507604467462 -0.136504331560246 0.164036925008475 0.0878884533845148
0.244328077189953 -0.0455155809836933 0.163835905657514 0.0344709393996863
0.236055059428919 0.0698578480176119 0.0463103826220481 0.0152312007427768
0.222344028172843 -0.00841901056977624 -0.0451059265908779 -0.104823364886164
0.187960885925885 -0.0679099974634868 -0.152218307746847 -0.100772774001119
0.113858653735375 -0.138089829380912 -0.209593046046621 0.00738324447750328
0.0243113633890325 -0.178188761313786 -0.157871198863472 0.0946224604529434
-0.0606839449269183 -0.16361651166992 -0.0890616447788238 0.130851343196858
-0.108087981787434 -0.12702216771023 -0.0186097595076492 0.11377065464617
-0.135662515432108 -0.114599477409618 0.0323061074161304 0.0641276036942042
-0.136919254415391 -0.116643295211618 0.0472631370829037 -0.0063536718709725
-0.148032464142895 -0.148678482643973 0.0862876325889431 -0.0661582975107036
-0.109825441371902 -0.221675553863304 0.137135942889786 -0.0841594869066869
-0.00436406704184496 -0.248574284702291 0.18149724463107 -0.0346119357633391
0.136799865756126 -0.237229359697102 0.182965228401297 0.0600624657007335
0.255491586117591 -0.150083397312024 0.12147202640188 0.106173028023517
0.289697033773599 -0.0326877400006167 0.0689906638519582 0.0401576056666718
0.250637186340138 0.0863544374744116 -0.0539158526632037 -0.0180461021526079
0.262842230475833 -0.00480305994397445 -0.11056444075942 -0.117612875017398
0.230506461751232 -0.0921569482752037 -0.1737218671926 -0.114632853609124
0.127378479013569 -0.179070083120916 -0.196459700903832 -0.021824937304242
0.0183461015794834 -0.208367155055521 -0.156110401540994 0.0325572617315103
-0.0707752724947109 -0.183979069404426 -0.116244423342026 0.0689324341372367
-0.114536545376573 -0.14011541183857 -0.0600829564206511 0.0604833044437063
-0.134060088189095 -0.127534200110792 -0.0194328611768054 0.0168347745754937
-0.129079968994845 -0.132451148681119 -0.00628686976381537 -0.0485248532245158
-0.136164550529448 -0.164341276105657 0.0387169360868099 -0.10755394994499
-0.0904174268462207 -0.230846649812133 0.105644071574387 -0.131268073158642
0.0166033709401763 -0.251199877031575 0.174907504428371 -0.0681273449782829
0.161677692669037 -0.227993297378754 0.167811042841369 0.0558498273144091
0.277882297653698 -0.123523202928617 0.0728159455628426 0.119810187890213
0.290034366193935 -0.00300416447348319 -0.0276187176433244 0.0351306168356345
0.221624885547118 0.083804858349181 -0.15595513891866 -0.0393175946580847
0.249249887461337 -0.0028917292126864 -0.175414339813403 -0.109252536579751
0.220623643107658 -0.0981987141998504 -0.18570855387775 -0.110624375601225
0.111132185486767 -0.17958354496288 -0.172159571816437 -0.0484823077245238
0.00745544827612787 -0.195243559290254 -0.154049804937057 -0.0307555910808418
-0.0686504459381371 -0.169113703446127 -0.144394965468249 0.00807699815744213
-0.104216520598895 -0.129601387756046 -0.102487175196175 0.00801325004786892
-0.112394279444581 -0.119758293756576 -0.0672408410262997 -0.0329171999662862
-0.102031883679871 -0.128493209401356 -0.0507274626638111 -0.093035244259497
-0.0992639594271058 -0.157106620072447 0.00652246720493412 -0.146759739840905
-0.0474406883151488 -0.206926517677492 0.0872453174894035 -0.167146405719821
0.0509729488024435 -0.210908728837513 0.170469153605182 -0.0874830442820088
0.174567334437988 -0.170783810688767 0.145541362733102 0.0520897811689555
0.260882051149592 -0.0648892298369331 0.0244267656098771 0.11666625300997
0.248752404185426 0.0338376906232907 -0.110486653078658 0.0129197879296606
0.153045592341464 0.0718581226974021 -0.238745880003229 -0.0420788521482472
0.186026045445625 0.00508206950209627 -0.218356364393001 -0.0835636072367686
0.16558653443664 -0.0780989799798284 -0.186503970531791 -0.0950811529802987
0.075174942400345 -0.136699190437842 -0.147511183031874 -0.0693372338437746
0.000818865311721672 -0.139014534219447 -0.157229659129822 -0.0770655579205138
-0.0496050437083684 -0.123163820803394 -0.168659933287934 -0.0361676257364399
-0.0743481668076241 -0.0979488764586278 -0.137554892549948 -0.0347024337744553
-0.0749742513519178 -0.0936942218535093 -0.104039704365257 -0.0760388992880237
-0.0633543586169303 -0.104120067837712 -0.0773404345215782 -0.134655411077637
-0.053533548739109 -0.125526812228525 -0.00396838592472158 -0.179558401758449
-0.001822557933692 -0.1541595336284 0.0882037208096692 -0.187898154135198
0.0734157280872574 -0.144128884855163 0.170455377560599 -0.093709252460549
0.16168292835684 -0.0941067806920428 0.124386836355233 0.0432465910428498
0.207556180683089 -0.00062645673269351 -0.0113351101902218 0.0932295132808669
0.172844070347757 0.0630697457734043 -0.164785208374919 -0.0214534990420987
0.0571778240722392 0.0582060311299606 -0.284762466419098 -0.0302165589280505
0.094157077887686 0.0236753871293608 -0.231180484177765 -0.0545313141991429
0.0867414726876342 -0.0339392967463664 -0.179524653889702 -0.0786963776259721
0.0358308376924706 -0.0608842473460714 -0.135099228755146 -0.0797026525300866
0.00590586448382796 -0.0565660023070309 -0.163432988186957 -0.0940049286574383
-0.0133663362185003 -0.0606395605025433 -0.181951492140136 -0.0554615040915171
-0.0281656793559486 -0.0541449158892067 -0.159786890673138 -0.0594327976282852
-0.0269924397072881 -0.0527336511539771 -0.123797075043823 -0.105935779837376
-0.0204931860708492 -0.0623387856471565 -0.0860560526221446 -0.164153519430997
-0.0129409591863519 -0.0729558592665511 0.00266610368520584 -0.201024861998749
0.023159152127713 -0.0852845008481273 0.100000111017677 -0.194391729935227
0.0669963512044917 -0.0751800735833614 0.17378922612098 -0.0899357650159457
0.120099490472601 -0.0292626661507361 0.111898723143925 0.0303238432450307
0.126862197728418 0.0431811106917045 -0.0260505096899545 0.0600311125530227
0.0768110476671759 0.0709396169876071 -0.185669846276037 -0.0585414721545921
0.0178170830786586 -0.0437628452775601 0.194765049634594 0.0425904268651867
-0.0412724215441306 -0.029749697584436 0.0456473273714653 -0.0628988242995553
-0.0443477110109649 0.00552177220188471 -0.10545888961686 -0.0303216477289095
-0.0133441515068464 0.021203485005502 -0.177232140525211 0.0793433708603525
-0.00604073638749501 0.00809795520540967 -0.103405502669915 0.19737339327299
-0.0123598263443606 0.00772636416993491 0.00986025735568208 0.210823882996408
-0.0186764560882345 0.0114685468988411 0.0849976124816629 0.167336940945577
-0.0286227074784294 0.0102491317886404 0.144034509453768 0.100370746506447
-0.0300603994654451 0.00545703459660425 0.162069516547691 0.0440342033351977
-0.0325395173781079 -0.00401107852986782 0.182682338752381 0.0193268561501161
-0.0297127424311024 -0.0217459681712984 0.178186772245502 0.0439696742778281
-0.0122875780490092 -0.022843275609527 0.154305358106958 0.062894278161345
-0.0153203137754397 -0.0336984756515609 0.177464672967074 0.0589063063574797
-0.00145688787898783 -0.0538281335406462 0.219716632589456 0.0393908452785227
0.0429602961539741 -0.0462614037153906 0.278592833721301 -0.0133455175934426
0.105823675666648 -0.0196232155060963 0.165180091600976 0.0441693564002245
0.043145441325559 -0.0345771992414734 0.027657800514277 -0.0599966296026723
0.0210624097721904 -0.0213009349378633 -0.114918725076765 -0.0381426332949921
0.0221500249126212 -0.0264950131631729 -0.184805636237369 0.0698199362156672
-0.00113743002771339 -0.0524319629255635 -0.120048239910491 0.181450339240196
-0.0357166966899548 -0.0476301832675652 -0.0158858952664532 0.203644079888912
-0.057966089315924 -0.0322855040914204 0.0645415771636573 0.165366106658486
-0.0798477498983114 -0.0288654187452601 0.123716670285018 0.0988354416460078
-0.082871415823277 -0.0334474531215238 0.138185952168445 0.0343205840130928
-0.0892290741872474 -0.05403067409688 0.16123212137868 -0.0063845895060357
-0.0730940013221478 -0.0985301453291406 0.17224978321392 0.00465675252474854
-0.0141774767488378 -0.115186567011533 0.1634165769822 0.0312777905166656
0.038468661381918 -0.119479841616745 0.179336521322851 0.0494163029436947
0.0924487294700854 -0.104789140745703 0.196558769386804 0.040496008590362
0.142027760377592 -0.0638394325450508 0.23391807958832 -0.00380100218443164
0.182979869367858 0.0104010598073382 0.107726669860185 0.0304003156541736
0.13042431455807 -0.0320048735253906 -0.00739213880229495 -0.0742177800638547
0.0967441423537672 -0.0507239692729838 -0.136621245377179 -0.0560919732767893
0.0610999601146204 -0.0819572201100009 -0.195804370830886 0.0557598333908184
0.0028780810195681 -0.113929004386983 -0.132759678873484 0.155273838741391
-0.0562245268155333 -0.101919409112642 -0.0428232891517245 0.179715673795514
-0.0910773450917496 -0.073949738716055 0.0317726330323071 0.146807949079228
-0.119404468191006 -0.0642139449516164 0.0860253432697252 0.0832259547720708
-0.123097007526466 -0.0669087684706457 0.0951398465137602 0.0161565918834791
-0.134022861288859 -0.0915138267763217 0.119069672530915 -0.03892281622372
-0.112195653740179 -0.15570118301955 0.148360272166428 -0.0450447736807745
-0.0288674351498073 -0.187686980767392 0.166695092874513 -0.0117461739391613
0.0703717896257665 -0.19455817494424 0.18069594739473 0.0374842715587483
0.165678435894547 -0.149937542709629 0.167065359421037 0.0533487570979403
0.217261731693432 -0.0730361181546508 0.164572459866412 0.0130562860482021
0.235528965975178 0.0352383474340447 0.0246718366714148 0.00756628735233087
0.204351375071219 -0.032289988520412 -0.0606655994783047 -0.0907369519253219
0.164730634444803 -0.0854137745842804 -0.164395597662619 -0.0760990915352437
0.0897486126169631 -0.140177631676708 -0.200759302207142 0.034738067873888
0.00127584379259661 -0.167796057614481 -0.140568280643517 0.113008113153823
-0.0752236151986452 -0.143132844248788 -0.0720303949183149 0.138138667647929
-0.114783687974477 -0.103410744145935 -0.00888692094974391 0.112085847867967
-0.140065099889825 -0.0894847334013117 0.0367379059296897 0.0553018489636846
-0.142553266406824 -0.0920510038559877 0.0403257826092511 -0.0101289438266161
-0.155365552360966 -0.118120299785478 0.0663642175274825 -0.0717196777849765
-0.131091789378559 -0.189313079293004 0.111750495966694 -0.0925502791470676
-0.0352996771058073 -0.22899692285605 0.159927516112709 -0.0545634646392494
0.0931414361562685 -0.237281193268726 0.175449749928108 0.0282206551877459
0.214628405770566 -0.168817809521108 0.131963781101581 0.0733761710158517
0.259583738733005 -0.0665000811844146 0.0781995096927835 0.0294206744536381
0.250558709757761 0.0497995464764676 -0.0738708340877328 -0.0133696966846818
0.241794726810113 -0.0332259193252373 -0.124861163156592 -0.0954614608016045
0.201641546531759 -0.113273502281194 -0.187599811424618 -0.0853645008633817
0.0980700480767567 -0.17920572713028 -0.19358084527572 0.00770361338370705
-0.0073372361674561 -0.195171802888728 -0.148394407378039 0.0561780359831931
-0.0873074477518908 -0.160834935260183 -0.10443055618764 0.0851126118603987
-0.122499847764937 -0.115257538336119 -0.0548721002745517 0.0671993880528279
-0.139535724255791 -0.101973355939441 -0.0170615074339092 0.0175620838493412
-0.137562594574915 -0.107315753570591 -0.0155645904059465 -0.0432230338619445
-0.146042742169192 -0.1332441172494 0.017127399033496 -0.104388000208314
-0.114693133552134 -0.200019848638058 0.0761651161435328 -0.133970792878298
-0.0160473901309464 -0.232911811292749 0.150324218503171 -0.0870181551220904
0.117464072381121 -0.232023894347014 0.161832027409267 0.0258712552273225
0.237370161373461 -0.14609821194736 0.0904641538299192 0.0922723384903434
0.265044162060885 -0.0389030328615506 -0.0130452590137243 0.0369532589315408
0.222480051474733 0.0511885312790778 -0.170063789682222 -0.0219085459773388
0.229981522221216 -0.0295635944097854 -0.183370763892821 -0.0803769957551216
0.191732617434363 -0.117275309507965 -0.19811383422707 -0.0796197469143023
0.0833558511631176 -0.178366696105523 -0.173816062777282 -0.0212081364921283
-0.0155605903734711 -0.181831434635144 -0.155063265651547 -0.00302738942117353
-0.0833836582189013 -0.147652936033316 -0.137468684827373 0.0312877189687479
-0.111668122342786 -0.106747136732951 -0.101048213889525 0.0221991523900554
-0.118405283236948 -0.097480123391014 -0.0679635180751117 -0.0220676030927957
-0.111442571209404 -0.106680556916186 -0.0611619104428669 -0.079606410965188
-0.11048419604392 -0.130912604320755 -0.0175826263048771 -0.137842889168154
-0.0713454959316155 -0.183005627667432 0.0564530717488129 -0.16615250617975
0.0193140466658158 -0.200194123321467 0.144240182968014 -0.104784280600943
0.13700370159323 -0.180495029598282 0.142526160551989 0.0256201904230812
0.229971234323222 -0.091202521905486 0.0467901590182135 0.0979987740284052
0.230496772521909 0.00102620189219254 -0.0942044851377346 0.0272361879208489
0.154194210895701 0.0488201549947437 -0.241256782082471 -0.0157463967609326
0.17187588278762 -0.0156711797298357 -0.218054034105253 -0.051725500249664
0.143072525267832 -0.0911541368239772 -0.194024183566957 -0.065728907987238
0.0542513593368271 -0.13417590762136 -0.152819285526899 -0.0452650797425044
-0.0148743476252712 -0.128611819780425 -0.16280605944113 -0.0473737451848575
-0.0606091323170565 -0.107421278024878 -0.165098508857354 -0.00948603003775595
-0.0809960497343764 -0.0811840003959839 -0.138481802331951 -0.015063574541941
-0.0803470092589164 -0.0774268885696231 -0.107168418768415 -0.0572242057817386
-0.0719337353463975 -0.0882108283934722 -0.0906534796591324 -0.114554721910748
-0.0640427488751018 -0.10707168792992 -0.029425617918107 -0.166854152979892
-0.0226258426388552 -0.139800769974606 0.0560023072225426 -0.186284737229302
0.0485314457895659 -0.141636757399077 0.146016937117011 -0.110978945913462
0.135063471842791 -0.107766005811138 0.122862697335969 0.0223041377240925
0.189147054823852 -0.0252892714453925 0.0106136975522211 0.0840621973789826
0.165219548523866 0.0373911762611963 -0.151539516725445 0.00166534450326909
0.0603054480396447 0.0486153582952999 -0.275086471777879 0.000581662304780683
0.0886008576901237 0.0121144258098748 -0.223870814416355 -0.0253656091983295
0.0751494056076503 -0.0402382185067145 -0.181654326921543 -0.0524064691097611
0.0257498742813852 -0.0596777971385944 -0.13918418378507 -0.0579986587276768
-0.000647146263306257 -0.0534790081203864 -0.168750551259949 -0.0658464070691616
-0.0192089153611 -0.0538436621507278 -0.178500037455879 -0.0284194996998318
-0.0333281712986547 -0.0458777800039831 -0.160708902804515 -0.0365184561058406
-0.0307517582884047 -0.0453039051034428 -0.129362131897981 -0.0820450019981738
-0.0274112769179827 -0.0545875698100946 -0.101062952279762 -0.141984943514308
-0.0203843808407117 -0.0637790482923547 -0.0240760599094764 -0.188652039214021
0.0097525789494485 -0.0797496452182009 0.0684595068666137 -0.193275157113709
0.0508764882272531 -0.077018068719845 0.151738324982217 -0.1062162068178
0.105396202665027 -0.0431517600761778 0.11041923559503 0.0136849108323829
0.120907592069903 0.0237981877338808 -0.00970257192532123 0.0578519366087478
0.0786932245581896 0.0576940098499422 -0.177229991694172 -0.0306393236910515
0.0173705468575425 -0.0411415595668491 0.182507560614032 0.0421037336830457
-0.0380042591401402 -0.0278481579121573 0.0440091207743983 -0.0595250231678208
-0.0424649982266945 0.00459063574011046 -0.0991640718729139 -0.0309725554810215
-0.0122341052787643 0.0194934366367578 -0.16828399260188 0.0716186243290646
-0.00601045247638721 0.00742217572392071 -0.0984190747621313 0.184463572035772
-0.0119140332608661 0.00707320148142357 0.00649746612025553 0.197494448492142
-0.0171831015873225 0.0107832793754351 0.0789878922775032 0.157750830353047
-0.0277216265616897 0.00963019732587481 0.135487651914918 0.0952482073747858
-0.0290309628754241 0.00509093451303619 0.152149591545583 0.0433483601360043
-0.0312847256970925 -0.00414799528729302 0.171439272919519 0.0192409498383792
-0.0283868736244639 -0.0203331625485796 0.167851945190167 0.0426869160609114
-0.0113750423719563 -0.0220964940831915 0.146146975975341 0.0626796395074853
-0.0140402275007268 -0.0320064563366855 0.166957736452368 0.0581962510243204
-0.000813966420746238 -0.0502702422714761 0.205080802457462 0.0405077218042097
0.041997142105258 -0.0437575022747845 0.260766552344169 -0.00746139401372985
0.100368276390578 -0.0178332381870688 0.155183285736696 0.0436567848420754
0.0406362155749238 -0.0317468899806456 0.0272567310107216 -0.0556694513569226
0.0192559772809602 -0.0201682081078972 -0.10811142543211 -0.0390936144452759
0.0205697531046025 -0.0250711611874249 -0.175250908737833 0.0622833840934335
-0.00128931812446299 -0.0488595983535657 -0.114093539354958 0.168783388901954
-0.0335300300700902 -0.044834066688727 -0.0171595590936914 0.19132175637667
-0.0547542414862817 -0.0301436942627608 0.058948642409931 0.156385459560707
-0.0756669697385482 -0.0272006965675159 0.116684851002048 0.0932904926395369
-0.0786335345697771 -0.0320248879810374 0.130000804031223 0.0341240596575319
-0.0841692881468203 -0.0517538911097041 0.150572470017695 -0.00451788825045959
-0.0692145375613625 -0.0926019212710953 0.16248151272122 0.00552064488628202
-0.0131232802672078 -0.108621153540678 0.154767335975966 0.033056876081473
0.0363104358461314 -0.111855538517657 0.169317838228335 0.049762294928686
0.0884129486509997 -0.0976847087057691 0.184032030097312 0.0418965244919689
0.135053080377762 -0.0587465320616492 0.219584142312574 0.000731694811348631
0.172235878867654 0.0105894806795268 0.101637914979531 0.0305936317186892
0.122128610910065 -0.0291476634563202 -0.00549568005482168 -0.0688628611118555
0.0902114136626049 -0.0469355396879894 -0.128285214663928 -0.0564506776514229
0.057425915924074 -0.0766344360403746 -0.184908975026309 0.049055987277833
0.0031104303961721 -0.106361770493888 -0.126297805371581 0.144018085091997
-0.0528956990053991 -0.0951420729967125 -0.0422767622559724 0.168801351615435
-0.0856573812791686 -0.0690946429562741 0.0290657133525659 0.13862835604721
-0.112071534364509 -0.0603140231044631 0.0810869603016035 0.0785033269522225
-0.116348705208167 -0.0635940300256169 0.0894750533183741 0.01637855996385
-0.12635164395848 -0.0871978876284515 0.111506633067956 -0.0348479218230449
-0.106170266413931 -0.146022862707255 0.139806674343209 -0.0418391754835258
-0.0266237665989481 -0.17670429153486 0.157494647710407 -0.00824320973020497
0.067138215420401 -0.182293610134385 0.171137239826755 0.0383993731275631
0.156566897629395 -0.139514219104045 0.156770329177564 0.0541347878124945
0.206395500165778 -0.0664259606709221 0.154045402671529 0.0149610140720609
0.221426470502623 0.0353996097697431 0.0242224833469572 0.00791660328140848
0.191221182679334 -0.0278792654172869 -0.0545018688489042 -0.084904296091933
0.154040909937223 -0.079447075273956 -0.154747791434989 -0.075415075812056
0.0851206113259724 -0.131460688490053 -0.189789812546739 0.029125175828207
0.00148935780421331 -0.157376843803746 -0.134972823311225 0.104259786495102
-0.0706523222019341 -0.133837273649881 -0.0691564501619414 0.130558518210874
-0.108067215333393 -0.0972374129162586 -0.00835276934183863 0.105576811835641
-0.132343049099973 -0.0845541136184665 0.0347999055644236 0.0516821051879977
-0.134958320931587 -0.0873582240701901 0.038367060432283 -0.00832197884859338
-0.146666165131716 -0.111829747312447 0.062097649105474 -0.0663227175530183
-0.123973635476635 -0.178005017480326 0.105080595308566 -0.0869277686974027
-0.0322286747889125 -0.214972080689386 0.151084905063966 -0.0486817314305261
0.0878220979159088 -0.221966803055782 0.166419484860425 0.0298265578082845
0.20191145248607 -0.157190629839555 0.124152458952295 0.0728240018429002
0.246049837357673 -0.0586352624005636 0.0738459750909796 0.0294088863861514
0.235416465733335 0.0481217720289072 -0.0684797674822084 -0.0122145395461119
0.226265280627679 -0.0290504762437323 -0.114704084516862 -0.0896924718806364
0.188899660973286 -0.105698738263341 -0.176812524158617 -0.083913672651056
0.0928451851223682 -0.168025131461108 -0.181702151334065 0.00292232817128742
-0.00632008267041783 -0.182794872611404 -0.141846995233568 0.0500917109652623
-0.0816927943156259 -0.150995113286284 -0.0997790179185152 0.080761385908499
-0.1155880567421 -0.10794299721966 -0.0519569339111621 0.0631511220419842
-0.131429747736377 -0.0963881176178761 -0.0164607563666311 0.0170446843862052
-0.130095205258416 -0.101193426050852 -0.0139621571674003 -0.0396138224261755
-0.136862918459293 -0.125903151621723 0.0156746007526251 -0.0971689692876579
-0.107992163476028 -0.187864345478693 0.0722123397153926 -0.125857554562237
-0.0147393975178045 -0.219125276980085 0.142109710987057 -0.0783147596113597
0.110695532853635 -0.216633032548539 0.153326576177337 0.0277726632042653
0.224232708050382 -0.13589530567336 0.0850521940249691 0.0901217859284957
0.250533237770047 -0.033427180546446 -0.0124192069460789 0.0357008799345571
0.209008637765468 0.0500527424957052 -0.158851059747551 -0.021524814041679
0.215475063914211 -0.0254516239708996 -0.170026636209689 -0.076118147662845
0.180667221801064 -0.108422185925872 -0.186126185300288 -0.0784121965792011
0.0787833203065863 -0.166937348580383 -0.164042615421195 -0.0242024671315604
-0.0138139671711994 -0.170548643773974 -0.147966519876348 -0.00509104560069271
-0.0786173187649004 -0.138300386227372 -0.130193129425145 0.0295814365432324
-0.105330113901063 -0.100121189685583 -0.095193446729161 0.0202542411981014
-0.111948235332588 -0.0922717560845644 -0.0643196853108139 -0.0214883848795504
-0.105646496991553 -0.100432527035467 -0.0573645603767301 -0.0743516603280946
-0.103846894532617 -0.123089426406008 -0.016075432291947 -0.129175453994431
-0.0673648836654789 -0.172049015053633 0.0535206061092608 -0.155732502477951
0.0189144878091555 -0.188219428954034 0.136661123444007 -0.0961565417923947
0.129494281781084 -0.167906713621325 0.135072699652889 0.027660426541802
0.216262751115223 -0.0836168989420968 0.0435045973799322 0.0942351746292853
0.217972345766789 0.00413828804699107 -0.0885053845086329 0.0248643972994628
0.144656479847323 0.0469749256382586 -0.226721402202873 -0.0169467246223134
0.161338811734109 -0.0126155883134338 -0.20394960423398 -0.0504681653147526
0.133780266912007 -0.085309933495244 -0.181927064955905 -0.0642643124673837
0.0516603411466467 -0.125372192874413 -0.143519940783186 -0.0463589360502641
-0.0134214811593345 -0.120502473925645 -0.154653090063406 -0.0466079871040928
-0.0566484891025551 -0.100951305328245 -0.155370202301493 -0.00880490564938004
-0.0766637392653985 -0.075997239747289 -0.130898417158519 -0.0147530924130301
-0.0750108199404256 -0.0731992554835117 -0.101364249457256 -0.0547620465329264
-0.0679837562219282 -0.0838581508587737 -0.085114417008544 -0.107188841492378
-0.0597833632030238 -0.100789390028982 -0.0272256761591922 -0.157543926641854
-0.0209043068164673 -0.131596364144909 0.0538204944191207 -0.174497401680639
0.0459814252288014 -0.132471539336037 0.137795999702139 -0.102340735961992
0.127299819974248 -0.0989040632449149 0.116430246339 0.0243126469637281
0.177736280384276 -0.0225093982430033 0.0100446341444027 0.0804508883738151
0.15558487750958 0.0376836228326274 -0.142046505954365 2.28791202445874E-05
0.0563622440419461 0.0457422519636157 -0.259330682752728 -0.00314278136861929
0.0827394854884482 0.0128087316215877 -0.209004106205624 -0.0270731574132628
0.0703458797932882 -0.0375501176552363 -0.170350428945805 -0.0526361809742409
0.0247544676133448 -0.0551267812836998 -0.131621674262673 -0.0590660969268832
-0.000131830636527572 -0.04927377581588 -0.160534426394586 -0.0630248243539202
-0.0181084221810654 -0.0506676844564698 -0.167644303854948 -0.0278511821466195
-0.0313995408395667 -0.042684758155357 -0.151208556805452 -0.0345467128421718
-0.0279734607311342 -0.0432275264775597 -0.121499941671489 -0.0780732700013216
-0.0249758209599795 -0.0513268457732908 -0.0942464868555433 -0.132786267996998
-0.0183417075819732 -0.0594979787748152 -0.0210666579353953 -0.177101883710862
0.0095559896374402 -0.0750471847105628 0.0655871162457004 -0.181052594596496
0.0484958520881053 -0.0718893500453936 0.143621474838502 -0.098145325412689
0.0988285342356255 -0.0385876820387907 0.104872446024608 0.0165195124865078
0.113265737090037 0.0238654295785936 -0.00800931518690409 0.0555848393423129
0.0732446342180952 0.055435481389291 -0.166168049384672 -0.0305185156205755
0.0192632458042387 -0.0393186130094648 0.175131484569014 0.0476614669369583
-0.0352760618303687 -0.0279855088622015 0.0456355331360571 -0.0565014967646751
-0.0413646837853542 0.00328357234624082 -0.0953900175381017 -0.0352639850485193
-0.0125356430489716 0.0183500907107073 -0.167094433687018 0.0622018333962661
-0.0056549960052639 0.006644901404968 -0.101674071998243 0.173812919550435
-0.0121133831240537 0.00641662612962095 -0.000467185888191369 0.191248883763995
-0.017380302370809 0.00999840931037852 0.0710113745020538 0.155873016708014
-0.027179361717427 0.00912106099453088 0.128933774064388 0.0968271421658624
-0.0290550922554743 0.00400221583730957 0.14576967978318 0.0472712304774073
-0.0306223483206676 -0.00548579282058249 0.16492404081941 0.0243333996012313
-0.0269164514763648 -0.0209634756600663 0.162139719423248 0.0467867944968648
-0.00984830107501624 -0.0224316946025248 0.140851024571445 0.0680130371915182
-0.0124831469630002 -0.0312457588950571 0.160037997227648 0.062779237047085
0.0013333151315317 -0.048490136277372 0.196888663886322 0.0489123378315897
0.0430618860970758 -0.0409629381808644 0.252037630153449 0.00385232285661421
0.0980064106252079 -0.014114218160053 0.149534121507979 0.0483157617331948
0.0401286725065158 -0.0288370203717094 0.029231719609459 -0.0537540554228053
0.0183676671891584 -0.0189155511222327 -0.103587417434592 -0.0429008222455413
0.0208978150240648 -0.0236465031851158 -0.172982779908123 0.0524726836683914
0.000332022854393739 -0.047260388311355 -0.116306008926234 0.158684736962702
-0.0317181676264588 -0.0442760400504347 -0.0227302143409561 0.185183831434053
-0.0525610923375109 -0.0307380336559009 0.0521249322805572 0.153296608940264
-0.0727559985110284 -0.0281385815141537 0.110246962242108 0.0937395646880598
-0.0765061257603768 -0.0340443351558163 0.124835714662143 0.0384314360302388
-0.0808895673561675 -0.0530496408694753 0.145816350156154 0.000650038241777297
-0.0645482722068947 -0.0914048886146614 0.158009423298452 0.0102463910382542
-0.00928887090564188 -0.105685689192631 0.149411666645668 0.0394501391868864
0.0385648231298516 -0.106927483522553 0.163029796944133 0.0554092720994837
0.0888032714919273 -0.0921071733629781 0.176162787335678 0.0496426208514072
0.134289259154598 -0.0513996319493551 0.212572294573171 0.0104346204883334
0.166978284361269 0.01604432556293 0.098193347934983 0.0337517729508433
0.118475236873245 -0.0233665565199921 -0.000887240486639351 -0.0668142137325699
0.0873857381150263 -0.0423040353163103 -0.122846728645004 -0.0613072763215722
0.0577787295140335 -0.0725433571168736 -0.181730423480353 0.0392070814720038
0.00622497683997837 -0.10207515329281 -0.126608075119801 0.133443903540459
-0.0488680377184236 -0.0929625620799175 -0.0457974376690371 0.162738675673023
-0.081638086932433 -0.0694153235629971 0.0237220529464806 0.13544072552955
-0.10758404680391 -0.0613742591155021 0.0766677500654085 0.0779781922456252
-0.112254195353429 -0.0657182511128194 0.0867314663995038 0.0195621897108042
-0.120399309127007 -0.0888605224393464 0.108903405020212 -0.0302261141162439
-0.0994443507836013 -0.144071030956549 0.137562489894858 -0.0366774538536697
-0.020670998921991 -0.171917916604728 0.153761697661153 -0.000602860497467789
0.0703699614731998 -0.174025276530015 0.165572042144019 0.0446760580047164
0.156604266955545 -0.130675446173855 0.149682949058669 0.0597446016085119
0.204133696367714 -0.0561009749896807 0.148828328366234 0.0219587260030532
0.213389477312542 0.0411026679140444 0.0244028541021505 0.00946776592325902
0.185264495831044 -0.0208873576968948 -0.0483141691996823 -0.0838508480447692
0.150690399722576 -0.0717907014888544 -0.148217231030439 -0.0801141090670222
0.0859756590383387 -0.124683474747622 -0.185292458200782 0.0192352981555593
0.00521914463295445 -0.15119509583699 -0.134636662679941 0.0953433001895906
-0.0653974418863121 -0.131355252376645 -0.0710806737887172 0.124941328012349
-0.102687973585074 -0.0972278018546643 -0.0115769524055355 0.101998070428156
-0.126267278702488 -0.0855119945171993 0.031865259322092 0.0506648181010783
-0.129840456397127 -0.0890719869971505 0.0376931171490688 -0.0062779931804976
-0.139693672132782 -0.113386570585213 0.0620754048726806 -0.0618674352056157
-0.115965735651254 -0.175621000541158 0.104735219897521 -0.0816736047538111
-0.0257278565330357 -0.2095305356344 0.148648142016711 -0.0404402500350547
0.0921643167448608 -0.21218254796025 0.162046673311383 0.035966220166387
0.200862892561998 -0.145741856954208 0.1184731763316 0.0771842834015919
0.242186184074336 -0.0479332714146713 0.0705454372634204 0.032538123029761
0.226962319897223 0.0542135389502452 -0.0649607572645235 -0.013787277069912
0.21966759580363 -0.0195843683607012 -0.105846461444021 -0.090586051217943
0.184988243898453 -0.0954982335139376 -0.168585635839947 -0.0896209253021365
0.0953752767497721 -0.159464422858199 -0.177108928345881 -0.0061835039729581
-0.00108347777938933 -0.176890897419626 -0.140436976541132 0.0430911008115541
-0.0758754216681095 -0.147651476740427 -0.0989684199809174 0.075405108632026
-0.109259337562321 -0.107823169003183 -0.0526087872637822 0.0597878131290481
-0.1251485648128 -0.0971054022167335 -0.0174212485456743 0.0154551878397459
-0.124243699126164 -0.102693238405495 -0.0124973752813907 -0.0380986773170931
-0.130286221815902 -0.125804777984522 0.0184123806005861 -0.0932163230510151
-0.100803281671045 -0.184418363733957 0.0735316561881181 -0.119955179903571
-0.00852420094910427 -0.213385144881517 0.140584977239971 -0.0703536069053151
0.113456898526459 -0.205530944467581 0.149236123225171 0.0339363670353119
0.221398561293919 -0.125182993647443 0.0801367486625206 0.0922707392342233
0.245299247033748 -0.0223991864181668 -0.0126090508162478 0.0338061771960568
0.201340074342356 0.0551204403320582 -0.152485865616254 -0.026374513196737
0.208830404185112 -0.0167293638729968 -0.160058548125191 -0.0792969267363101
0.176616255954165 -0.0994602471872333 -0.178414641545692 -0.0839590951774549
0.0814484406285516 -0.158977464213401 -0.158225426702019 -0.0327166656544418
-0.00839547159214066 -0.165030715967758 -0.145533293238956 -0.0105188420447415
-0.0722964795403783 -0.135727225652299 -0.127140881077297 0.0254958675964463
-0.100114336740123 -0.0993744663621588 -0.0935666592528861 0.0170121691270345
-0.105389399731296 -0.0921005636371116 -0.0626924296342127 -0.0226634697366531
-0.100114391687189 -0.101308720437472 -0.0533880139198554 -0.0726935342228056
-0.0973005177721238 -0.12238418284915 -0.0119930147271252 -0.124403575251685
-0.0609869058724479 -0.168413152617901 0.0558997671704552 -0.149431881263822
0.0237606034136196 -0.181106535827061 0.135526128036873 -0.0876843120631238
0.129482807140541 -0.157347185373604 0.13145564641947 0.0332639012760199
0.212168756606516 -0.0736384479438685 0.0399434725806536 0.0943368014537031
0.21204059359999 0.0126500290543359 -0.0862284595513902 0.0215975714686518
0.138906741459728 0.0501599386028351 -0.219521639977237 -0.0249408147046916
0.155686593079061 -0.00618642574661509 -0.194493078196253 -0.0567139831076423
0.131453038849497 -0.0775980383556821 -0.174471361143728 -0.0707242802949695
0.0535728014780074 -0.119141816537312 -0.138209535068631 -0.0529892303739213
-0.00935300538981208 -0.117457537619158 -0.150478372771299 -0.0506387803692857
-0.0520294013137477 -0.098960996683386 -0.150430049171535 -0.0132879879384403
-0.0719310214762445 -0.0751709467967831 -0.126924971394384 -0.0184829678815499
-0.0704781450941565 -0.0735653582604837 -0.0979585804200262 -0.0561494532099328
-0.0632392563221601 -0.0827327469217579 -0.079369822838331 -0.106121090507819
-0.0546259286346686 -0.0990056647120569 -0.02164592421377 -0.152673361448377
-0.016375635470435 -0.127712106022411 0.0567397095391604 -0.167641248405273
0.0481633425830323 -0.126433545566424 0.137308069080529 -0.092553206968247
0.126106642099935 -0.0908929230167601 0.113448290252487 0.0297063083203207
0.172268083119944 -0.0156496382619852 0.00800700195249093 0.0791424883870969
0.150080035115868 0.0425910504027074 -0.13751520481106 -0.00496386953981823
0.0533499865912685 0.0459127815015682 -0.252268613669968 -0.0137373676473554
0.0797236489140664 0.015443449068761 -0.200889315483146 -0.0342248056612425
0.0682655258730396 -0.0341360788838036 -0.163489445695064 -0.0577362186848917
0.0252701513757599 -0.0524332495848812 -0.126834003078879 -0.0643326185447597
0.00153246828939503 -0.0477297594575155 -0.155367334184865 -0.0665355907480047
-0.0163186197542728 -0.0487043875857947 -0.161925240763645 -0.0322424045352834
-0.0289575280935923 -0.0417345533970885 -0.145671646091607 -0.0386034663361501
-0.0253794203921656 -0.0427955319817176 -0.116051283509148 -0.0787221088006738
-0.0223311263932001 -0.0505454491005719 -0.0873648783668776 -0.131324977470017
-0.015282981216048 -0.0575040078639052 -0.0153066666610032 -0.171943826269356
0.0115027409781083 -0.072153370163624 0.0696417830041878 -0.173002299952469
0.0489115610411523 -0.0674363951107235 0.142366572520489 -0.0889151103824397
0.0963291003811028 -0.0338438207899274 0.101343995743408 0.0216938929276678
0.109263870057777 0.0270562462190609 -0.00929249650723943 0.0536006527929175
0.0692958293441703 0.0560252186121789 -0.159502356456237 -0.0358453394778446
0.0210332380589865 -0.0394515642649531 0.175556716074125 0.0546186668733888
-0.0340809351912675 -0.0290064966532326 0.0488141445726601 -0.0573191542325283
-0.0425823028666427 0.00169100168054797 -0.0953186732435818 -0.0404009749748846
-0.0134433677062406 0.0174171215613554 -0.17227884049831 0.0561301063647627
-0.00581915148297372 0.0058291038552566 -0.108537145720961 0.170603937159001
-0.0127568475583131 0.00605756536179443 -0.00670958092896361 0.193087882957446
-0.0177037072705999 0.00961999812946155 0.0669230363553475 0.160311135270731
-0.0278339226465033 0.00818015931817016 0.126995106644585 0.102150141083642
-0.0301969810811289 0.00257765474022128 0.146414796741349 0.0535696583594818
-0.0316815670901971 -0.00725034126796743 0.165663356185562 0.0303975784853638
-0.0264879907215875 -0.0219210218285082 0.162443215992594 0.053072903219583
-0.008890863162001 -0.023094365222382 0.140363166158064 0.0754285558117148
-0.0119607622333774 -0.0318957788681162 0.159221063269924 0.0699946021257878
0.00318131387104079 -0.0487916407386289 0.196267013103375 0.0585410744114397
0.0459702987065345 -0.0405511962119862 0.254270129878789 0.0155366864006574
0.100590615828373 -0.0108581172662674 0.148800395418625 0.0546094572223034
0.0413230818320534 -0.0275992963098495 0.0333435806025382 -0.0536890851738625
0.0181326111075379 -0.0180198458646072 -0.103421771146355 -0.0486931480890263
0.0214227358484031 -0.0235197176179622 -0.178001064282883 0.0459424574108817
0.00167482306251877 -0.0477599296134287 -0.122599492230688 0.154823394640336
-0.0311865143445015 -0.0451032623701093 -0.0293815553960265 0.185328586708872
-0.0521111408216458 -0.03257338446888 0.0474280009344298 0.156168040257719
-0.0728314596205495 -0.0308453335287615 0.108348466090666 0.0982872750721661
-0.0767761170626041 -0.0369586105920363 0.125477242655471 0.0432142810089118
-0.080449142234853 -0.056962167953872 0.146496322677466 0.00588833164546327
-0.0627409250096015 -0.0945761267619055 0.15913132246266 0.0151772503091651
-0.00590433011996413 -0.107583636116664 0.150591028757672 0.0470346245628905
0.0422588219040647 -0.106570616476628 0.163599451085758 0.0628207308302458
0.0931599629172663 -0.0893207524531541 0.17582509303507 0.0586296519734531
0.138399081814252 -0.0471713781101599 0.214070691535197 0.0208704131333362
0.168092700956118 0.0221883840309176 0.0991192452241066 0.0384726767766428
0.1197251949129 -0.0192244579344244 0.00314499277380385 -0.0675879388806531
0.0881666761509599 -0.0393508104000081 -0.122920096845982 -0.0676813275847023
0.0606280846582069 -0.0713442107986939 -0.186061772865611 0.0311724688913065
0.00946456246278471 -0.103133911702961 -0.133364266842535 0.128900421664932
-0.0470234419435575 -0.094867683379042 -0.0515106033888874 0.163249970241843
-0.0806861846153081 -0.072348709470494 0.0197891209554273 0.137110784753409
-0.10732255552136 -0.0650464380994311 0.0749072953633904 0.0814023188884064
-0.112520504279348 -0.0702679407720592 0.0873485686645718 0.0232031738465082
-0.12071301160288 -0.093987769785585 0.110543560984613 -0.0262838677739626
-0.0968552508443762 -0.148898152642699 0.139196973852488 -0.0326225770773517
-0.0158719322340817 -0.174922336406588 0.155522799281905 0.00657581532187769
0.0756011749951193 -0.172873727280164 0.167044249479007 0.0531739873003759
0.162760859690162 -0.126354052050403 0.149289403289439 0.0687749570043978
0.208711551792393 -0.0481975889374269 0.150282046236155 0.029239346563649
0.215087676266364 0.0489632093314471 0.0248339059844654 0.0107157546983077
0.187242406413969 -0.0137984317699267 -0.0430575538577515 -0.0860250398209596
0.152513099220173 -0.0669464828615496 -0.146638155618255 -0.0882328632687825
0.0903609796155571 -0.122930227671838 -0.189028887376012 0.0103218078715971
0.00978760389478941 -0.151858072766429 -0.140294774193405 0.0903548344851501
-0.0625021147652512 -0.13357028184819 -0.0758631182255206 0.124207232879134
-0.101006242767817 -0.0998394938797558 -0.0150648007611059 0.103105802449548
-0.125499472848401 -0.0903960277254255 0.0308253751741844 0.0522045511638695
-0.129110767184883 -0.0943891033826359 0.0384296321111634 -0.00462828540540103
-0.138492453738326 -0.119266738126561 0.0642491956641282 -0.059476433108238
-0.112967393615181 -0.179220079213743 0.107951322460164 -0.0792835073101562
-0.0199706689037679 -0.212412975401916 0.152347447248788 -0.0334832014545893
0.0994430210009895 -0.210327422710696 0.163796263583863 0.0450449484620769
0.208251114751386 -0.140470193829311 0.116871108448895 0.0844969001328604
0.247734979060163 -0.0392663161535866 0.070116697216983 0.0366482245741671
0.228075314002663 0.0627698072191987 -0.0642196555074224 -0.0164440183885934
0.222163522846324 -0.0118066299128404 -0.101266231618878 -0.0946519031801281
0.188654479208236 -0.0898529928534938 -0.167015586098698 -0.0979356923503835
0.100756587190956 -0.157873772791508 -0.179436310147243 -0.0156050886465303
0.00396970315477524 -0.178020980515916 -0.144735201806764 0.0377583178960207
-0.0720234984782344 -0.151033694320986 -0.102339557274434 0.0733029127187335
-0.108181634327454 -0.111607034797769 -0.0543843717333403 0.0586111631380758
-0.12436657325984 -0.101506554860283 -0.0185261360350478 0.0144586581450952
-0.124146585579837 -0.107522844823977 -0.0113523130722261 -0.0380883176335388
-0.128532918940898 -0.131942757530418 0.0203430447092569 -0.0930114686926002
-0.0973869059761403 -0.188712537189607 0.077930026747448 -0.119943432175637
-0.00248436041050433 -0.215027643296843 0.144746333796471 -0.0642821366380037
0.121390925571876 -0.202689891426981 0.15187261509905 0.0417953383266422
0.22757496151206 -0.118718085173227 0.0782084143542507 0.0977766706566729
0.249629398875373 -0.0128699519655166 -0.0134714837152037 0.0352025795313761
0.201822538630043 0.0629821810331917 -0.152480939979489 -0.0327209443369742
0.210870303628281 -0.00914573544025747 -0.156571367326987 -0.0856358591156832
0.180372724294011 -0.0935523953613379 -0.176626316779482 -0.092658383825157
0.0869664255184201 -0.157656051205225 -0.159405461113069 -0.0413507007283651
-0.003321331534738 -0.166852939178087 -0.147843828525805 -0.0161698675632753
-0.0695669894016195 -0.139169943846575 -0.129265098611968 0.0217786671028726
-0.0978440131040002 -0.102889231892012 -0.0948966137548627 0.0132992997208274
-0.10399052855144 -0.0964817387639337 -0.0638267832224031 -0.0252126024109536
-0.099050565200102 -0.10499225937156 -0.05264947351794 -0.0745668936743399
-0.094972120109431 -0.12655159164038 -0.00817657776286226 -0.126061672423543
-0.057221339949739 -0.171287529939447 0.0611947089645224 -0.149422811407938
0.0292062176688993 -0.181777037078755 0.140449361397651 -0.0820864312980947
0.135590095401054 -0.154276564470158 0.133532071632106 0.0411090610511155
0.216764696231308 -0.0671889771500489 0.0383545040720075 0.0982183938841857
0.21507760326641 0.0210404264652191 -0.0871080718978046 0.0186764322146254
0.138898229304372 0.0562285136818129 -0.220631965382789 -0.0339766090761718
0.157383037844977 -0.000184963918001434 -0.192006250264174 -0.06440514616012
0.13441342278343 -0.0736962147764208 -0.173803603955945 -0.0791575930104744
0.0579014328197006 -0.11782057188739 -0.138392902623619 -0.0613449423370778
-0.00568848115159117 -0.117739045543623 -0.151933107886638 -0.05700974976672
-0.0497723720388039 -0.101343600093789 -0.151631022381742 -0.018470390032986
-0.0704057577230236 -0.0779165467243661 -0.128164008024091 -0.022274409765264
-0.0688454821519849 -0.0763725389376813 -0.0983341825239024 -0.059675789567988
-0.0619997070052515 -0.0855204306707891 -0.0771513789998279 -0.109179684259229
-0.051612337207777 -0.10137620266441 -0.0168598811114445 -0.154722935146333
-0.013069166079772 -0.129074330626762 0.0627685036892473 -0.166960767140053
0.0529162317272821 -0.12518569938317 0.141472223779146 -0.0884555487158263
0.130247886085485 -0.086125981137328 0.114549416232674 0.0363837832462159
0.174481524493459 -0.0100080668659601 0.00588740559526584 0.0813544919523535
0.150109841984214 0.0485586383794511 -0.137633401339991 -0.010110067112491
0.0520319679804511 0.0487949959754345 -0.253704771059272 -0.0246737869169429
0.0794556795174264 0.0186353597973282 -0.200636259916716 -0.0426721656991596
0.0688115647427999 -0.0311864810292765 -0.162733684149261 -0.0656586571134113
0.0272703453720198 -0.0511476179079247 -0.126314786012594 -0.0724613500706398
0.0032472667993643 -0.0479631631517219 -0.15554438402673 -0.0728927455041056
-0.0156291446287243 -0.0500665749145399 -0.163029872583775 -0.0376688518769457
-0.0281330911901962 -0.0424451602204925 -0.146535200505722 -0.0434691234217027
-0.023776801009536 -0.0444008203881497 -0.116422400135158 -0.083668548148035
-0.0208151766882661 -0.0514885858311918 -0.085184170605526 -0.134582899176338
-0.0126085098443525 -0.0586033992286353 -0.0097045445097276 -0.172846001520302
0.0136851986366295 -0.0727347529073106 0.0754968386916785 -0.172132148534479
0.0514373659457315 -0.065571253301992 0.146850928413091 -0.0847798877534632
0.0982408173258207 -0.0294793302246502 0.10249688021726 0.0278010882734561
0.108589289834918 0.0305616286616202 -0.0108687302271253 0.0552508737738567
0.0680329804199687 0.0586079887446828 -0.158989705293929 -0.0421599250928239
0.0233252558685652 -0.041018283407736 0.183181458014009 0.0596064106376352
-0.0347701268233669 -0.0308824883191196 0.0517953606538605 -0.0602031069138654
-0.0438933599535776 0.00159482483558866 -0.0994007323079396 -0.0450541200218148
-0.0141223644885497 0.0175003558213446 -0.182721591438321 0.0556520193419768
-0.00620886072942505 0.00530833300750131 -0.115754643529394 0.176279664737231
-0.0134994700350933 0.0065846039807944 -0.00896959806736247 0.200850612891419
-0.0190396785546415 0.0101804925627268 0.0679546079164102 0.168341182235042
-0.029457592035969 0.00854520398884273 0.132456325655383 0.107669242019224
-0.0323208891090434 0.0025299310242322 0.153010128699706 0.0580147747248081
-0.0339511987241301 -0.00867108429197454 0.172428757037023 0.0339741754918523
-0.0280981713238989 -0.0230633793291263 0.169969304166354 0.0573948236337146
-0.00870773534143725 -0.0253788004489888 0.147580127743747 0.0822537137612812
-0.0118939668537057 -0.0335430579888008 0.165958099017737 0.0763656868443606
0.00423363973735371 -0.0508743114642633 0.203257578278686 0.0661344851556791
0.0493513203705196 -0.0426009909666855 0.265389063018227 0.0219209446571111
0.105525622760895 -0.0111367842885785 0.156187644570465 0.0597745184096722
0.0435979832237409 -0.0276661207862601 0.0365341045000509 -0.0564525530002734
0.0184399263095112 -0.0178952404167516 -0.108419323101866 -0.054203300620938
0.0226127284206391 -0.0244697743092422 -0.187833262819929 0.0447867193360718
0.00185814786060453 -0.0502306558416882 -0.130566483196527 0.159109150191029
-0.032588265242719 -0.0472237849224837 -0.0321122403406911 0.193225674615554
-0.0545617524812548 -0.0338745763357708 0.0483481849973133 0.164160192792165
-0.0764308549998198 -0.0321401252111676 0.112816375611602 0.103983829453331
-0.0815730123632545 -0.0391031077562873 0.131197724618074 0.047295874383639
-0.0854033505619711 -0.0603166790468832 0.153234632777667 0.00838267179344985
-0.0654168250072582 -0.0984315740309292 0.166060564725603 0.0175258284840461
-0.00548686439052789 -0.112718296701518 0.15776526876862 0.0526286581825218
0.0451003762983485 -0.110159036365758 0.170916116561397 0.0685619414315542
0.098147952301893 -0.0926283497566626 0.183141547635498 0.0655613647562601
0.146226126301049 -0.0474849664941911 0.223978247035647 0.0263214054789431
0.176358490032913 0.0245679367088083 0.104683067850414 0.0414964901435368
0.125000109851241 -0.0181952865718292 0.00599567496262098 -0.0714807996533848
0.0918438997899805 -0.0395825034287497 -0.127809271978539 -0.0744620765976965
0.0630020698077306 -0.0735520020629302 -0.195704968124596 0.0289473571173595
0.0101289379969571 -0.107379067934651 -0.141651768423696 0.132167339054969
-0.0490295165150543 -0.0986996516250402 -0.055318135671692 0.169346955030166
-0.0842838203983773 -0.0754267717772257 0.0198854312824095 0.143275010390146
-0.112215797521363 -0.0681837018260557 0.0775176493462876 0.0855993091732311
-0.118644128608187 -0.0741114436061157 0.0913777681843127 0.0257936024504063
-0.126374381362354 -0.0996943973753102 0.11488538381005 -0.025872095684787
-0.100993256297757 -0.154769434473139 0.145592947222057 -0.0331138593023409
-0.0155480737780631 -0.182485052780422 0.163827442109279 0.0103967415566994
0.081564878936804 -0.179543499873069 0.175419416206411 0.0586653312808991
0.171731163020367 -0.130670565185043 0.156211762667589 0.076232903432843
0.221086958518508 -0.0477988071182754 0.157352879122388 0.0338362368286794
0.224826026487086 0.0531109351444639 0.0274267100894632 0.011692855223262
0.195602938516151 -0.0119789489780888 -0.0411706415815978 -0.0905698143897321
0.158988080192642 -0.0673156354202719 -0.153171850420733 -0.0958241204063885
0.0952523327792629 -0.127662336269326 -0.198458413967721 0.00631528608011446
0.0117449138915453 -0.158811485185071 -0.148484604914905 0.0913336204977888
-0.0648647698294706 -0.139651942244929 -0.0795424984685653 0.129439993278164
-0.105668665415497 -0.104398475584498 -0.0155217677850101 0.106991631315862
-0.131054709043592 -0.0939763307328437 0.0310666298805561 0.0546206293998495
-0.136373221196765 -0.0996273435071446 0.0401469388398958 -0.0040685856850526
-0.145108478926898 -0.125944097733153 0.0673167760979696 -0.0610889823624014
-0.118277131610569 -0.188338665282813 0.112528283632214 -0.0827887927207004
-0.0202679830854817 -0.221564556825145 0.160696629227997 -0.0319572044215745
0.105308092189621 -0.218540762115422 0.17248295252716 0.050172188480698
0.218306879471075 -0.145226256823498 0.122663316068379 0.0920272189006141
0.260741749978612 -0.0368843320799619 0.074398690791695 0.0402244202081091
0.238376013936041 0.0678562093950443 -0.065608369930434 -0.0177333852225557
0.231390853514815 -0.00932105433866659 -0.10164920696096 -0.0999481526796474
0.196844443199454 -0.0908328676552797 -0.174179677313233 -0.105965849976216
0.105846147587571 -0.164551396016918 -0.188902366332284 -0.0207686052091242
0.00546091272474644 -0.185765383281113 -0.153152831390677 0.0369481330501148
-0.0752521686566764 -0.157094694144818 -0.107182333088529 0.0761563573814726
-0.112975234764634 -0.115733838168409 -0.0572815691078316 0.0606535314991049
-0.129792173642053 -0.106780611162667 -0.01994432214094 0.0148482039544385
-0.130638841184059 -0.113224954515647 -0.0117431477674818 -0.0393400384906121
-0.134214254457311 -0.138487672314218 0.0218373205302407 -0.0966472551199112
-0.102084368658317 -0.196973556130154 0.0814360614831515 -0.124519357323512
-0.00196791934970139 -0.224073941134334 0.15196184212768 -0.064497470016374
0.127483504079531 -0.210022047222719 0.160549229703477 0.0475669593846962
0.23865638429467 -0.122164929793256 0.0817435909715744 0.105061252099004
0.262408828212034 -0.00961789878134198 -0.013227344095356 0.0375699486598024
0.210963811974937 0.0683950044840675 -0.158046260683734 -0.0363883564661419
0.220169069297612 -0.0070938030831444 -0.159220894033212 -0.0919038091353435
0.188377229024173 -0.0951921724495204 -0.184108955805863 -0.100170355566208
0.0921635150516663 -0.163870716213665 -0.16803082067422 -0.0480923017470316
-0.00232425153510385 -0.173523168928427 -0.156430596961639 -0.0195076630044725
-0.0725743950258329 -0.144702174516869 -0.135348005541714 0.021529821041286
-0.102268202317191 -0.107257829118088 -0.0998206809319266 0.0129922281484939
-0.109080447474403 -0.10138664129015 -0.0673082189077959 -0.0260942312441826
-0.103904923849413 -0.110006658957147 -0.0543777810240064 -0.0775775275062176
-0.0987970118741418 -0.132852891111637 -0.00813646156946853 -0.130530588297927
-0.0596163630176895 -0.178468410174011 0.0637393896357897 -0.155923179696147
0.0312786440593724 -0.188810998758082 0.148276930542371 -0.0831158624374528
0.142643684351001 -0.158869421724082 0.141082677787368 0.0464654023028706
0.226871038180033 -0.0686702626673531 0.0399558500794864 0.104796197010437
0.225567699401146 0.0246084365501604 -0.0906434470167246 0.0195103747902594
0.145150850817847 0.0601989906565365 -0.230322996310048 -0.0389466320862949
0.164092705164967 0.00208479279664862 -0.197896439610804 -0.0707716660116862
0.140100554346879 -0.0746920769253838 -0.180758433742128 -0.0860115057266485
0.0616620941981088 -0.122174472037235 -0.145515853398014 -0.0689843979697619
-0.00509076792284646 -0.122733070301611 -0.159921426877617 -0.0615001689897818
-0.0524465723049741 -0.10604473169281 -0.158373528032155 -0.0202998310340171
-0.073210055672388 -0.0805811677554451 -0.133708812645557 -0.0254712848485361
-0.0715537637229945 -0.080423956241574 -0.10329366128293 -0.0618720703641148
-0.0640135976650444 -0.089962359581428 -0.0812755167559113 -0.114345722840486
-0.0533051472221914 -0.105672819539369 -0.0173078138239908 -0.161119117414803
-0.0136774605514796 -0.133952914212919 0.0666432585716745 -0.174340358765776
0.0558395497515022 -0.1300074684933 0.14915844243762 -0.0892681799639722
0.136176168920696 -0.0877638279845293 0.121471690611629 0.0414477877604992
0.182600511734135 -0.00833171891254722 0.00583199172346514 0.08598238220103
0.157628516454088 0.0522336138886207 -0.143737013887606 -0.0115626079987745
0.054104564562324 0.0513180879866155 -0.265298573920897 -0.0298202216940462
0.0828695155754273 0.0209212976566053 -0.207081818057289 -0.0483338764162323
0.0714677327152643 -0.0312001950916808 -0.169443891475177 -0.0717910907507349
0.0289525794685386 -0.0521809059616085 -0.133007188426389 -0.0800690598854939
0.00437307719343735 -0.049423359004851 -0.163547474209055 -0.0777808847558167
-0.0161206107031123 -0.0521613976937431 -0.170311455637453 -0.0415558781095111
-0.0286089443362907 -0.0445635660893341 -0.153744055900778 -0.0470403508272975
-0.024050219360241 -0.0468943899623948 -0.122026842729462 -0.0875333787346522
-0.0215268503219927 -0.0534508720657407 -0.0886732679102479 -0.140325049555026
-0.0120675171592255 -0.061103244892218 -0.00913287513679737 -0.181087301562276
0.0149204193525846 -0.0752909354721529 0.0809733528330234 -0.178272347088638
0.0545875929267153 -0.0676157293376366 0.154883983739005 -0.0850564173468086
0.102580978902682 -0.0290460566439342 0.108112851941948 0.0319577714184903
0.11285411188044 0.0333226893554198 -0.0109506914760224 0.0581404879987539
0.0700997371639271 0.0618432344827831 -0.165274487200964 -0.0460290958692425
0.0166509090959258 -0.0473143511635592 0.204527910549257 0.037110633704237
-0.0406673253598435 -0.0269171533567257 0.0469948642538958 -0.0731460911564485
-0.0450367132057587 0.00813935113840214 -0.110542171183673 -0.0347589390519261
-0.0120612334181189 0.0173866429945731 -0.181391900844577 0.0890600030302536
-0.00851503902125503 0.00368495033018373 -0.0917099570144854 0.202425921972701
-0.0145734953815542 0.00738933881895636 0.0236401852474353 0.211209630827041
-0.0184960145296742 0.0130033217953578 0.102583947119137 0.167099429670438
-0.0299613287890526 0.0140439990535207 0.154888142497674 0.0914031165230311
-0.0342289088296373 0.00899549095315795 0.170762305366134 0.0376849534631674
-0.0375988458314727 -0.00235561338093448 0.185500724760183 0.00987051417329698
-0.0337486819629758 -0.0185093779798898 0.187950940206399 0.0351573140398359
-0.0136450887714774 -0.0257766774771435 0.16817705621474 0.0665328736038528
-0.0177042506826329 -0.0329821675033753 0.185744129145889 0.0563696306102325
-0.0044502254898752 -0.0536803604904916 0.221369510233012 0.0405056893502928
0.0431919268601298 -0.0526512385179831 0.282187179639828 -0.0135344782293711
0.109369614229391 -0.0289631351871175 0.170245631905511 0.0442255138730153
0.0421640231201806 -0.0344299771037079 0.028735930805823 -0.0641421782752265
0.0178240701759124 -0.0211742827963958 -0.124539918528159 -0.0403714622590601
0.0203560192913185 -0.0307371994280663 -0.190664694898577 0.0801964111520382
-0.00770528228635402 -0.0547377285427247 -0.110043113330651 0.189467791265389
-0.0413978467615823 -0.0453032921906281 -0.000885780072837998 0.209639352018795
-0.0621041204844774 -0.0278302466374436 0.0807068206240845 0.167654803485894
-0.0855374784878597 -0.0211385102396453 0.133984958510366 0.0906062617533357
-0.0918576903957467 -0.0264505215310432 0.146092873114714 0.0302716656921118
-0.0986867830433512 -0.0486845928043796 0.161162976645445 -0.0130467799920289
-0.0835811293752068 -0.0897996857063488 0.176866453882735 -0.00426518197622349
-0.0228890713085289 -0.11701124419146 0.174795392243052 0.0344655674158952
0.0290769898203734 -0.121122597123566 0.188082326326775 0.0478827115837678
0.0865307326329055 -0.11040334549963 0.199227497803496 0.0412011981204639
0.142824699355849 -0.0715995979528889 0.240015339546982 -0.0037140763831596
0.191052056845616 -0.00371498187591295 0.106035473493691 0.0361381881501701
0.129409541494215 -0.0357076500651427 -0.00754830688003401 -0.0734095962467451
0.0916067324164422 -0.0545072640041633 -0.151909194471727 -0.0552268849332065
0.0566323105366632 -0.0878679649740955 -0.20328433847428 0.0670502033991809
-0.00674938673643613 -0.114915788011066 -0.126376899274212 0.166472778276457
-0.0662899859983666 -0.0959785190561368 -0.0277179263398182 0.190214394595358
-0.0990415029579021 -0.0660945206798921 0.0472740713703234 0.151538391834781
-0.12823009313378 -0.0533649739799751 0.0946755596695964 0.0771898925098717
-0.13597557792458 -0.057221255735257 0.101002975539268 0.014397774532157
-0.147070245557864 -0.0829554127962959 0.115562953586713 -0.0427559513768487
-0.129149425023403 -0.141783506217903 0.147769324839548 -0.0541658413672206
-0.0437407323331485 -0.186823685261842 0.173455027884471 -0.00878366223736472
0.0545291719408305 -0.198070869922453 0.190455205491031 0.0372848394193878
0.155988436999099 -0.160358018555562 0.171823862466579 0.0540749026678356
0.219637104477656 -0.0824624516281125 0.172453123793122 0.0135587912938146
0.248278431307209 0.0171073398569493 0.014364610439399 0.0182796831492703
0.20511907106808 -0.0394556287998964 -0.0629452619642296 -0.084544725740481
0.158592471963471 -0.093830537859483 -0.18398120920402 -0.0699116117111377
0.0822121644800553 -0.148230461163602 -0.211224213937213 0.0461882789716684
-0.0124539000825824 -0.167992930871781 -0.14088838786571 0.128031460087906
-0.0887589732240041 -0.1358411923625 -0.0586489012668259 0.154810313043007
-0.125814508468246 -0.0942186395574193 0.00272703988967595 0.120305209026533
-0.151686330785827 -0.0780845566306404 0.0416884403819716 0.0524263668964975
-0.158588392885491 -0.0807269244933887 0.0422393046347894 -0.00863612127390215
-0.170105934602674 -0.106546162343721 0.0601591151727535 -0.0718243852659874
-0.151669867646138 -0.17302784636724 0.105598197609638 -0.100219779788662
-0.0541844976417871 -0.226351027453652 0.162792286570225 -0.0524776998370016
0.0733374777508028 -0.241490574117138 0.185841408233636 0.0279390384165428
0.202445563345523 -0.183074172424358 0.139099435271925 0.0746120173508077
0.263923658896845 -0.0776502318351431 0.0862004041810541 0.031680000046607
0.26619271292972 0.0302316231357478 -0.0909100099505208 0.00179186801054253
0.244999060260401 -0.0434906453875974 -0.128634945823401 -0.0837484461756284
0.19431885267569 -0.124396298947614 -0.209208449640233 -0.0743387613931454
0.0884473243928487 -0.188073402161737 -0.206804554782833 0.0178724655502838
-0.0218787116952877 -0.195015293366844 -0.154569769671146 0.0737652441901772
-0.102479097418574 -0.152895855669853 -0.0954911374757024 0.104132140191408
-0.134356334107433 -0.104555879451487 -0.0495174008795453 0.0783803060644918
-0.152147446791226 -0.0912503730977245 -0.0179843073572376 0.0194120903629765
-0.15387586102024 -0.0962526980633559 -0.0182565797244445 -0.0374241763972738
-0.160827120090813 -0.121827688093167 0.0068346828178885 -0.101145994591287
-0.135878310343646 -0.184616765457242 0.0655313162574614 -0.139546592721185
-0.0356927929662022 -0.230564414966181 0.149288655612094 -0.0856825764121544
0.0975335578915775 -0.235590511124052 0.172872677906307 0.0270697616826317
0.226583654146504 -0.162253650400196 0.0996998894908802 0.0941144849829251
0.269652707783383 -0.0495904448957327 -0.00705336634803197 0.0414222799179136
0.237405465668417 0.0350855024766768 -0.189988080696805 -0.00390552057149577
0.233452492891028 -0.0396069687998912 -0.188334119245778 -0.0660194235004433
0.185562283719825 -0.128040298385523 -0.218171926230069 -0.0663960095710028
0.0747322494299371 -0.184848421486188 -0.189317328548682 -0.0147177513289747
-0.0267701928635642 -0.181346256401641 -0.167119557953496 0.0149935036162517
-0.0969617116032911 -0.139714934289961 -0.133921401566846 0.0508341305370026
-0.122013223551863 -0.0963445671034392 -0.102213802468974 0.0355739483339073
-0.128623859728056 -0.0898930120382225 -0.0741076938370072 -0.0155358967127578
-0.125216511121506 -0.0974547623096579 -0.0701575881704773 -0.0713773794635317
-0.121932567881772 -0.121131387274355 -0.030065183624042 -0.13360951432581
-0.0888199579875411 -0.172010783807429 0.0422418671743232 -0.170415644572121
0.00436153543060031 -0.198530578829344 0.140731320738739 -0.106434508217031
0.121629147061326 -0.185101493803893 0.15349187484082 0.0278687899610215
0.222751270754492 -0.105573581039713 0.0570376396158247 0.0996037395657042
0.236620535682648 -0.00781947157667533 -0.0910838419826016 0.0339105676594335
0.166182688992326 0.0369423613313893 -0.263196076305492 0.00117967847821803
0.175474967772017 -0.0225276397274985 -0.223321576531639 -0.0400111625809852
0.138077637675827 -0.0984599755026535 -0.209353763353012 -0.0542979048935509
0.0486507209947792 -0.13695785374512 -0.168700189369127 -0.0424635247875992
-0.0210484568601407 -0.128536478825706 -0.17855970133467 -0.0298093555226646
-0.0697465700316027 -0.102619899884726 -0.166682184004659 0.00893108431860415
-0.0871087383149285 -0.0741367865368868 -0.146454107825907 -0.000418751750578424
-0.0857848283624896 -0.0737860385407416 -0.117394014487102 -0.0474505434646937
-0.0804561174048141 -0.0829275250367247 -0.102782656981909 -0.105366554045391
-0.0693191813477989 -0.100630011357955 -0.0440668008961439 -0.164078869881216
-0.033783835289138 -0.13385359817972 0.0425052108712804 -0.190916173836048
0.0391840886639156 -0.14103624732984 0.141491732368319 -0.114107278031073
0.126566164471103 -0.111194955387273 0.132880197955186 0.0248719213180175
0.186019091758711 -0.0365086564619305 0.0199491680168382 0.0856817919577205
0.170797420558235 0.0308146975494286 -0.152056897516571 0.00886472684994116
0.0684345894725186 0.0431869366852901 -0.293915941165877 0.0116095138930273
0.0921134388486594 0.00930632417769638 -0.228839740541209 -0.0185118127248667
0.0717224213593058 -0.0435377632628119 -0.193013514085714 -0.0452720275888706
0.0247873477573084 -0.0597467567612509 -0.156277367238792 -0.0594409370990353
-0.00105815738091387 -0.053849161530559 -0.186224905072604 -0.0500957837096772
-0.0244050893658448 -0.0521609050000058 -0.184873920725118 -0.0134375985743543
-0.036131313507626 -0.0426288176883222 -0.171900580669083 -0.0212384419458977
-0.0307054332921941 -0.0463379714779436 -0.140682925839945 -0.0708720784453946
-0.0290304542584373 -0.0528835802352322 -0.115526281088992 -0.132298478881905
-0.0197563003755222 -0.0606212223981733 -0.0377392097208772 -0.18651482335134
0.00487392223867289 -0.0775603171006853 0.0570006986304527 -0.198060756560624
0.0460864650684706 -0.0772506423045643 0.148687967307094 -0.111395445004472
0.100855074764785 -0.0448063504002247 0.119141527524933 0.017246100129788
0.12068931841265 0.0177503249611655 -0.00171867581962133 0.0599346218845723
0.0820434151542039 0.0535318751530177 -0.179402592834608 -0.0236480898403923
0.0137986397177685 -0.0501182594255128 0.212868499630291 0.0209673243270094
-0.0428104851661555 -0.0239263565975329 0.0412869855769989 -0.0790678684653108
-0.0445107332482907 0.0123699602056386 -0.117640694968287 -0.0277797091485067
-0.0105831635161929 0.0182619528360478 -0.179153046735471 0.105078583339001
-0.00887567744121133 0.00396242853544528 -0.0774843180288906 0.212406804794566
-0.0138767521921839 0.00845747537971453 0.0411399205306287 0.213360431319964
-0.0179076102187981 0.0143964590010334 0.118547597496079 0.161657971404191
-0.0297251616484555 0.0173006602479987 0.166173405004246 0.0798026509038657
-0.0343216640649412 0.0125310323176956 0.177810371825297 0.0246494288419698
-0.0401993860525601 0.000823618545634796 0.189792351270067 -0.00515311193089954
-0.0356631305620213 -0.0154334414063537 0.194509682917739 0.0214327873003214
-0.0160461957345609 -0.0258499086083966 0.178138068995713 0.0557847146881504
-0.0201088668358993 -0.0321844146324458 0.193609578879964 0.043223827797623
-0.00878778262598995 -0.0538979231992034 0.228689250230204 0.0252965480323847
0.0403049347894463 -0.0572045821579242 0.28664655093244 -0.034173830270679
0.109083024833926 -0.0392621925127551 0.178160111082246 0.0309357569381462
0.0403012802661437 -0.038457839686238 0.0248536571680704 -0.0692004451070703
0.0167072157880798 -0.0221753701278195 -0.131287097323169 -0.0324335678341405
0.0186939166486872 -0.0329829013621073 -0.188952291578962 0.0965056370128099
-0.0132916109752892 -0.0551789348049588 -0.097150240274115 0.201150288731004
-0.0460282397116969 -0.0420549220115943 0.0159758868917145 0.213115047813526
-0.065512794113902 -0.0227914693361798 0.0966618288189282 0.163682527058736
-0.0888305043066884 -0.0135634066168179 0.144252814356943 0.0807267113149455
-0.096969500551019 -0.0192908650840516 0.152344045363591 0.019015778433608
-0.105726485822406 -0.0409564247975735 0.162652098838012 -0.0266502230597592
-0.0927340596306733 -0.0840523715908914 0.17974572142108 -0.0183675570897945
-0.0338100408033116 -0.117107749873301 0.181659319488565 0.0230758070104228
0.019919420924612 -0.125524653622651 0.19653809553388 0.0342543244266364
0.0791777271647389 -0.119270318489899 0.20679716357911 0.0281282332767697
0.140491483830182 -0.0845355436760104 0.245656337391335 -0.0208360635762486
0.194306730923282 -0.0198699317938915 0.112953578507055 0.0274997985611115
0.12925106674211 -0.0468429880941731 -0.0121265839491405 -0.0751185712972509
0.0883555127655132 -0.0616653175954079 -0.159732910667177 -0.0455504742164244
0.0500092581334462 -0.093677947658221 -0.202651315365927 0.0833165257755617
-0.0169478022823351 -0.116193707764239 -0.116041876070156 0.178878185635924
-0.0759738558375722 -0.0914312012553956 -0.0125448517274317 0.196246340780132
-0.106584366558409 -0.058290228233042 0.0610409907585134 0.149754863636744
-0.135511822974271 -0.0429340284440441 0.103365837953659 0.0703623583039226
-0.144541074448715 -0.0458122089478784 0.104464838861019 0.00640041411365317
-0.157806760334784 -0.0712902619914035 0.114102020567436 -0.0518038650716531
-0.144042791001342 -0.132592520803049 0.144522983956796 -0.0664572018594812
-0.0606485175578276 -0.186713170883 0.176828477334559 -0.0215287282393225
0.0396675999299021 -0.20543395251519 0.198783588965814 0.0225987190447638
0.14492511557893 -0.175970284399673 0.181066049898644 0.0432957166139557
0.218868246575789 -0.102055278323845 0.177931353176082 0.00135135332568719
0.254531371312382 -0.00300800386812591 0.0182522233048741 0.0165887339621825
0.204636135368221 -0.0572200886068246 -0.0682703624761046 -0.0824393341894853
0.153348216767042 -0.106882846832287 -0.193747800687523 -0.058151448612041
0.0714670682662059 -0.156954627495648 -0.21281565210979 0.0629882700826729
-0.0273340046898257 -0.169643922777715 -0.133682967032758 0.141452445948469
-0.1025359717714 -0.12871108669563 -0.047208791412165 0.161957926053002
-0.136130725693691 -0.0841308511447494 0.0135280808488515 0.121744260141068
-0.161582789089538 -0.0656632643241148 0.0465957535648247 0.0508648916557777
-0.169591563650208 -0.0678656163503309 0.0429411923989641 -0.0115323336159286
-0.183660279261211 -0.093645433660473 0.0544252084703186 -0.076976785637093
-0.169679918062818 -0.162392816002178 0.0973805336693888 -0.110651651795223
-0.0746750720498447 -0.224761350219187 0.16258622693091 -0.0649126659033103
0.0547985975159515 -0.2509146202503 0.194109220381702 0.0143701685407349
0.190326950085782 -0.203145139034837 0.149504128377204 0.0665066610573591
0.263468575115945 -0.099828513519866 0.0913239371304162 0.0254021960584907
0.273158202057024 0.00871344379356745 -0.0899991590440173 0.00878476540128772
0.24501840304031 -0.0640922768117636 -0.134330924045264 -0.076868232443096
0.187452002312457 -0.141223607193077 -0.219352570092476 -0.0603874854921269
0.074691004178447 -0.197956047534877 -0.210476183453265 0.033539139571675
-0.0387013812561636 -0.195992751465399 -0.152912574738749 0.0876763607950527
-0.11751863483832 -0.144722047904488 -0.0888694199777076 0.113610711106103
-0.146017095990719 -0.0942132918326128 -0.0437597068053176 0.0835974939320006
-0.162966509026155 -0.07972596666576 -0.0171129042319482 0.0224122011321051
-0.165336840573615 -0.084008687496709 -0.0217830628334592 -0.0352732209111379
-0.174748569316124 -0.10952082160071 -0.00178311943523472 -0.102641383006943
-0.154705709639571 -0.175242761810625 0.0538225831640371 -0.147031628414621
-0.0564941308901948 -0.231093135072265 0.145699570811502 -0.0982315037897734
0.0793618459547518 -0.247773606961831 0.181294979656083 0.014294864113439
0.216578857004473 -0.184083011536878 0.111149217393536 0.0883973548217298
0.271932446499292 -0.0726443541466363 -0.0026703342192271 0.042686605819159
0.244879073642435 0.015937749353477 -0.193259680505667 0.0105016140775743
0.234045102338194 -0.0597047629040708 -0.19369516347699 -0.054206738794224
0.178123294892847 -0.144106939771075 -0.227212186317847 -0.0517137343403385
0.0609509998661581 -0.193851467709675 -0.195108092728501 -0.00146450745555869
-0.0430499441344319 -0.182284494633093 -0.170685684623675 0.0291753873509284
-0.111612274996319 -0.132652855343346 -0.132848417707636 0.0629927514702232
-0.132913812676674 -0.0875770371220373 -0.10187568957951 0.0445587801073683
-0.138320099308063 -0.0796478703727264 -0.0778375008337149 -0.00903629636917498
-0.136746156116607 -0.0883418881627479 -0.0773247020860812 -0.0648435897393
-0.135236103161858 -0.11233409710831 -0.0422440363809574 -0.131796694602561
-0.10584871922993 -0.166289684834917 0.0276451249864126 -0.176081297355225
-0.0128892443845499 -0.201328601250289 0.135820790487048 -0.118262122853864
0.108789566240779 -0.197057050361098 0.161052823873749 0.016994711306377
0.216896097635824 -0.126309956660271 0.0677078759744663 0.0969388305790477
0.241056495445182 -0.0275330768834505 -0.0891819580340063 0.0420849504665762
0.172855978875467 0.0240821165282123 -0.26743491402708 0.0218814475657981
0.17706388796146 -0.036906978163042 -0.229152276009837 -0.0249643639356372
0.1317409177564 -0.110760170292227 -0.21747360187015 -0.0400572842898087
0.0387875091316295 -0.14286886968433 -0.177038004586719 -0.0304152937387773
-0.0323464461374401 -0.128449811774794 -0.185466968141394 -0.0154865229288857
-0.0801329980417687 -0.0975956828580711 -0.17020771587647 0.0221232775892629
-0.0954241202066959 -0.0676661110078901 -0.15018199754216 0.012649219955575
-0.0938701952257128 -0.067718176157919 -0.125235445161243 -0.03740875718002
-0.088721947136271 -0.0773415218102668 -0.114199230338967 -0.0969453375153676
-0.0790497019583514 -0.0963167507454658 -0.0590445463672082 -0.16240362863121
-0.0456300380599552 -0.132250199208013 0.0263926809238688 -0.196813872917652
0.0281716220956968 -0.14636582017247 0.135155408609825 -0.126547548264498
0.119162474372559 -0.12215533071724 0.13965045297716 0.0160988861113456
0.18555797442951 -0.0524551075497537 0.0282808651840483 0.0864600248339696
0.176358349161027 0.0176258068250529 -0.152732785708192 0.0214334500099959
0.073566229444394 0.0378917557264019 -0.299204593526069 0.0343553186011643
0.094685308177977 0.0016469710002557 -0.23370213059161 -0.00364020435632182
0.0693803305627469 -0.0495199471737756 -0.200208726606201 -0.0319769036972601
0.0207606174415964 -0.0618778329253679 -0.165917943370918 -0.0486026100167891
-0.00504880977884348 -0.0540227845667467 -0.194924146060916 -0.0358227709053119
-0.0299417487071283 -0.0502376230487144 -0.190115927685445 0.00105965048957774
-0.0401490533666464 -0.0397983892783145 -0.177853559038413 -0.00703088182307052
-0.0352434673935309 -0.0443534408600793 -0.151412099974214 -0.0594651404790423
-0.0339361904078692 -0.0508919111187084 -0.129450993665116 -0.12314711743254
-0.0244605562207506 -0.0606160846375552 -0.0542348234865885 -0.186079965305311
-0.00149131080060733 -0.0797121409375354 0.0413171852474301 -0.205155904327459
0.0410503650775581 -0.0820572807169261 0.142727414168761 -0.124362931602713
0.0984131359428384 -0.0530247668771464 0.124067586985526 0.00984549514146217
0.12376523643631 0.00731557646375706 0.0046987723119975 0.0617001381737616
0.0872844933985117 0.0476940092946854 -0.184285062154766 -0.00954100094201128
0.0093252934909761 -0.0510608279150245 0.208376840852533 0.0037640702211141
-0.0426805624363054 -0.0204067902798502 0.0337799502424074 -0.0810137617819232
-0.0415168744048813 0.0157358148005633 -0.117195035458369 -0.0193156908026859
-0.00916195377526311 0.0180147764431427 -0.167018191188801 0.11547275184788
-0.00903299914517704 0.00430015659479646 -0.0597205353392143 0.211075636561296
-0.0127536958101049 0.00969299483682107 0.0563961538847214 0.202566093235592
-0.0159234583856902 0.0155481635647641 0.128228126195683 0.147200144966083
-0.0274200959392825 0.0191552630160403 0.167705169342243 0.0646439346387221
-0.0334608818344514 0.0152169308585953 0.175522244248383 0.00972036089431165
-0.0394255873789431 0.0044159399289705 0.183030953812756 -0.0186392422876643
-0.0359477684567438 -0.013056867194146 0.190718588832119 0.00620947636825289
-0.0174775668788246 -0.0245317000619814 0.178060127605325 0.0412617550359405
-0.0218237722700526 -0.0295013996869408 0.190414421784104 0.0278849230681059
-0.0122070724041666 -0.0509794925947185 0.223544587137504 0.00953341159669443
0.0351816358377624 -0.0592540680402123 0.275989723096227 -0.0527174668790551
0.102665947420326 -0.0473523852405528 0.177062707900388 0.0161434899896697
0.0365574304192763 -0.0405215829880362 0.0190968119112876 -0.0703400183173042
0.0145970184240641 -0.0217344250291416 -0.130871698879017 -0.0230693223386382
0.0152987947521691 -0.0338207917655586 -0.177292417157131 0.106704733463259
-0.0173065426909467 -0.0521754428491907 -0.0802801612763668 0.200781014256465
-0.0475402294124466 -0.0365298235593975 0.0326966559743031 0.204281060305573
-0.0654699744953281 -0.0168738200578115 0.106592795517049 0.150951765397792
-0.0874664937519197 -0.00634422566524397 0.146500477317726 0.0670064147634199
-0.096017699818858 -0.00997408837439204 0.149675480161892 0.00696919957594792
-0.106459628472572 -0.0307475903506536 0.15526384550896 -0.0368796860024777
-0.0966193045378427 -0.0737407078754873 0.172861278672574 -0.0315770567046971
-0.0414270577780815 -0.111422452799383 0.179271720469899 0.0101608433995379
0.00967812012665354 -0.123442333536973 0.193787300622546 0.0190038054875521
0.0675356196041978 -0.121074110928851 0.203068736618295 0.0138091200071376
0.130850109248948 -0.0927586734179499 0.237128607670053 -0.0373596275626991
0.186753675531631 -0.0352747344441681 0.112665348216321 0.0172640580770552
0.121100040246841 -0.054750453241975 -0.0148136652386537 -0.0740327954198379
0.0813233007971648 -0.0651514655714211 -0.159163724788977 -0.0338468075969964
0.0413097013327787 -0.094518533207436 -0.191517434678932 0.0958801999230015
-0.0261132862944577 -0.110619798281104 -0.0997542198961949 0.181572981619801
-0.0805715013677343 -0.0814131933908989 0.00305184483240407 0.190591586908878
-0.107962306901955 -0.0471744483022688 0.0707139269004055 0.140411450462721
-0.13489690530693 -0.0303231166318865 0.105982945174275 0.0602280115646798
-0.145065518797954 -0.0324090685150839 0.103173809800702 -0.00117725858010958
-0.159979368024968 -0.056257670235114 0.106906530615161 -0.0577414145086541
-0.150086135758459 -0.116553372643328 0.134443939177829 -0.0750403762281696
-0.0731665303236085 -0.17555966544277 0.171552129877252 -0.0328474467363062
0.0228642000291291 -0.202010529002267 0.195595793633939 0.00776438455450841
0.126897466508827 -0.181444723607187 0.179880163203057 0.0298707115539842
0.204613672878816 -0.114673222476669 0.17435635239048 -0.0110428887896443
0.246217134181225 -0.0232549256692288 0.0208545697525962 0.0138512655272507
0.194011087128509 -0.0699758829747862 -0.0699262546467658 -0.0771386702472555
0.140483900081872 -0.114151638361122 -0.192741011230164 -0.0430434796359389
0.0569470937629264 -0.157817112622295 -0.20369808329389 0.0767101515907244
-0.0406355407652161 -0.161377544847157 -0.120553912223783 0.146035172110802
-0.109378103658905 -0.115697432491713 -0.0328920528002953 0.159831513687169
-0.138294220184689 -0.0694192503078701 0.0221558931750574 0.116136498963697
-0.161992210927309 -0.0503359038894788 0.0491471234173771 0.0450484169542749
-0.170986614683508 -0.0512659482671581 0.0415942857523905 -0.0134211949147888
-0.186500537301211 -0.0750095457658011 0.0473472961788482 -0.0767536305881452
-0.177752099844907 -0.142443909110635 0.0846533701989331 -0.113958289565403
-0.0903356119453172 -0.211870744072214 0.153613852114273 -0.0742882908884368
0.0330541008102884 -0.246482188884374 0.191401590691711 0.000250538824389312
0.16743623815908 -0.21140755722734 0.15210986777341 0.0543389149684167
0.249253915588857 -0.11668297853284 0.0920692626808749 0.0181479998623026
0.265839404445554 -0.0132755850133657 -0.0850527890907155 0.0139069471007229
0.232165924240859 -0.0800951573490701 -0.133029809806642 -0.0669224157704242
0.171292968010174 -0.150074245678756 -0.217766488922754 -0.0440371516662136
0.057193860041069 -0.197581427252893 -0.203231494064214 0.047528187813384
-0.0541077228416705 -0.186639574690037 -0.143125999831543 0.0961494810143964
-0.125336741721841 -0.129509109771323 -0.0771345581548709 0.116903603322413
-0.14903976667425 -0.0787698300121561 -0.0361070091148191 0.0839137302733232
-0.164593352991474 -0.063099213197253 -0.0151880872040922 0.0231140813853992
-0.167957416872908 -0.0669916333965837 -0.0234954831962733 -0.0319160226456516
-0.178984354945894 -0.0911785010440141 -0.00934845121708109 -0.0981291149111349
-0.164360567742636 -0.155421522597058 0.0400114385446327 -0.145671915849255
-0.0730104627019837 -0.21868733881193 0.134605209663213 -0.105001697287989
0.0578674151971167 -0.244708410062409 0.17872508775253 0.000373416407939028
0.1944250592504 -0.195321427173744 0.116369029794057 0.0784308502168612
0.2586384905154 -0.0904402898226767 0.00198864302739917 0.0411975925612977
0.238410555925316 -0.00412735283888699 -0.185520704386519 0.0247777318207535
0.221840141489076 -0.0747920180003254 -0.189270235483018 -0.0406228931164171
0.161813619104415 -0.151879750458368 -0.224743989013382 -0.0346100165094234
0.04334942965086 -0.192096997232212 -0.190863259182584 0.0126355206172145
-0.0567928290507504 -0.172932432861679 -0.164886289513406 0.0422697373784388
-0.118467688673539 -0.118281041978363 -0.12432077637261 0.0709267583636487
-0.135983389553145 -0.0735161615468855 -0.095830056959559 0.0515836131146855
-0.141178750882846 -0.0658825569738059 -0.0762169535916317 -0.0017917232994084
-0.139674465369086 -0.0734151409625024 -0.079980179238427 -0.0558893128400094
-0.140713844181443 -0.0977013502432311 -0.0506598678235931 -0.123106252121818
-0.115876935879381 -0.151102604060919 0.011679517219083 -0.171407297220481
-0.0284409286376233 -0.193622011199279 0.123473853943263 -0.12356414550529
0.090217304071538 -0.198526207158859 0.159660575290721 0.00464244052126269
0.199654947574115 -0.138834659898289 0.0742719575526029 0.0895842946184837
0.231351178283239 -0.0447402041078506 -0.0823663402449955 0.0471697254218766
0.169389832570678 0.00970564521000341 -0.258417749329724 0.040763110957815
0.16828231358148 -0.0490089314573874 -0.221825961491702 -0.0102482118234965
0.119103126487491 -0.116089378064405 -0.213578297333903 -0.0238034523737962
0.026816942138746 -0.140866748776625 -0.175354959662132 -0.0176871267606735
-0.0415019715593001 -0.121970498533253 -0.182443740360344 -0.00055148563827551
-0.0859463975677369 -0.0870531689844639 -0.164095961770417 0.0350264995289749
-0.0978249842762457 -0.0570748591733917 -0.145778096163348 0.0245120283490727
-0.0961889180201893 -0.0582396147276465 -0.124817847811845 -0.0256581642864155
-0.0923135327817469 -0.0671899612936324 -0.118302292063806 -0.0828435074657974
-0.0842233815989531 -0.0869323359185295 -0.0693536797329847 -0.15149164648243
-0.0557646011672228 -0.123538438756402 0.00938541320748336 -0.191897796449228
0.0159053435381103 -0.143560042230578 0.122118398017968 -0.131613508444691
0.106499346473821 -0.126062627702805 0.138904210192473 0.00590943705647508
0.174657326750531 -0.0648307254614428 0.0356651293929705 0.0814108619784986
0.171622848667033 0.00413385749149329 -0.146852099042829 0.0321183171824122
0.0742534799378012 0.0311150077371858 -0.288031148406181 0.0552292516555607
0.0915749339488715 -0.00521450071367131 -0.226135222719104 0.0113502053410421
0.0633810663225047 -0.0519512226734131 -0.195681235629922 -0.0174082716571036
0.0158808421239789 -0.0615822899794538 -0.166276423304387 -0.0357248107287263
-0.00841868601808687 -0.0522194081313553 -0.191562595778591 -0.0189247993254909
-0.0330346315164646 -0.0454331296178531 -0.185184559980937 0.0158933687355645
-0.0425102658087473 -0.0352470254368252 -0.174223670360517 0.00763080076661323
-0.0370277207557472 -0.0408948717439142 -0.151518212993066 -0.0447694128044469
-0.0364376656319511 -0.0461441263913384 -0.13489839841448 -0.10745991953732
-0.0279787841351694 -0.0561900365832466 -0.066746138938462 -0.175330962006874
-0.00827277987361428 -0.0762174669501565 0.0239017626639258 -0.201980660322098
0.032964191022246 -0.0821785298374288 0.129548180274624 -0.130510577622126
0.0916793788128964 -0.0579981555532133 0.122233576965614 0.000736229571167206
0.119643245337342 -0.00184648522495229 0.0101488530786813 0.0596123936948923
0.087565758556824 0.0394791402372946 -0.179687198852236 0.00438616913947748
0.00694632684310076 -0.0490500724113901 0.199407827184716 -0.00500961372800122
-0.0406351343904915 -0.018117624499705 0.0287396591306664 -0.0792226265604485
-0.0383796595052634 0.0158646049817939 -0.112189753630623 -0.0151371697138159
-0.00780865046541113 0.0170414857778392 -0.1547892032949 0.115885660404504
-0.00873454117936014 0.00442799969278972 -0.0492789589371313 0.200219872291739
-0.0117553189054149 0.00905333097217959 0.0619582561986166 0.188959255267408
-0.0144341849927459 0.0148963583817788 0.127398740804566 0.13360613163769
-0.0248921622056669 0.0190068311240095 0.162538753082988 0.0542823840562325
-0.0314572642464444 0.016145203274442 0.167231529465843 0.00270201517948292
-0.0373623454656632 0.00631662016783395 0.172644578921295 -0.0239670379050749
-0.0344015243942776 -0.0113270965076154 0.18107482416777 -0.000583714766862174
-0.0179409873016891 -0.0229659106123827 0.171938474416962 0.0341933936717447
-0.0220097440305355 -0.0274470054514762 0.181204032886511 0.0211545276909714
-0.0130312342976649 -0.047414000247397 0.211893925073087 0.00296149415810077
0.0315360179115528 -0.0573576217744168 0.260502296508779 -0.0576937507465872
0.095099047629929 -0.0491142017800111 0.169512832291768 0.00816973943490802
0.0331125352543372 -0.0391188176583778 0.0162396795308222 -0.068960193147162
0.0137786823041419 -0.0210317538179428 -0.125945226065149 -0.0178794593599438
0.0127479672839644 -0.0328004579724844 -0.164566448235199 0.108174857240812
-0.0190987129214226 -0.048360951704981 -0.0689607381286616 0.19257745854111
-0.0466406367965611 -0.0325549830748833 0.038945858855813 0.191850233825239
-0.0622008607048086 -0.0132442186104988 0.107891262624989 0.13853385429907
-0.0831164313877079 -0.00247738554177701 0.142634872069045 0.0573931976153704
-0.0920964269226987 -0.00507458346937793 0.143209406707036 0.000964545479542183
-0.102827622453675 -0.0241892705020804 0.14543297543349 -0.0398769300524342
-0.0942858260902415 -0.0658522567376768 0.161851752849448 -0.0356562128722415
-0.0436981975759333 -0.104033816793851 0.171876710733516 0.00422982081432394
0.00463470930847276 -0.116973784134548 0.184332988991585 0.0121120649153007
0.0590402637025929 -0.116814064643653 0.193933474065827 0.00760402299309832
0.121567709587985 -0.0922033062159565 0.224441723436615 -0.0424968688872
0.17440339039716 -0.0419233898983311 0.10937450254351 0.0111031278211116
0.112565482493204 -0.0563920389157781 -0.0158731352875704 -0.0711602243095475
0.0748782763899766 -0.0639019270446065 -0.153350426329738 -0.0275193789848961
0.035140233415828 -0.0906976516685084 -0.179374734862585 0.0968371543953087
-0.0299754440825872 -0.103339669997493 -0.0888846411202007 0.174369380121854
-0.0796744515774998 -0.0727217697694797 0.0109645620335437 0.179727495912537
-0.104036175688605 -0.0401188350000565 0.0728980240389337 0.129044629155319
-0.129014403747164 -0.0226058501095747 0.10334738612969 0.0528644702108267
-0.139625279565916 -0.0239713866379831 0.0982125011632461 -0.00518390936839304
-0.154214569612571 -0.0459609860773178 0.099517319998744 -0.057365086613113
-0.146701944767977 -0.104042875110254 0.124112049563427 -0.0749358902384461
-0.0765623827521947 -0.163056371125492 0.162820333743822 -0.0359979719253363
0.0134293589301198 -0.191541609130108 0.186293365097495 0.000721951870869518
0.11306170709784 -0.175853084814842 0.173247601988115 0.0233285398737116
0.19077660477477 -0.116405260469086 0.165727229824204 -0.0167284857616657
0.231714944113863 -0.0324724016767503 0.0221668439298633 0.0109438921188761
0.180533391173845 -0.0738883123173926 -0.0663332122786932 -0.0728799982658842
0.129118516441602 -0.11179626994597 -0.184518391930282 -0.0358788179512536
0.0475360923457132 -0.150780016130003 -0.190807423529873 0.0792271209849524
-0.0456585887764269 -0.150500765232601 -0.109129610506366 0.142782857139326
-0.108101238455761 -0.103470193914087 -0.0247363741078879 0.152135593193678
-0.134196200750097 -0.0595317878631646 0.0260007506518864 0.108858785270579
-0.155587709790873 -0.0405568281146787 0.0481601243204309 0.0407919124169906
-0.164472093169563 -0.0405774542941455 0.0393020303300085 -0.0142089267671439
-0.18076657684475 -0.0631900956326988 0.0422112236607942 -0.0739802161120097
-0.173844909701712 -0.126806675390898 0.0746418160627991 -0.109896096721149
-0.093434689762269 -0.196591358867077 0.144491878197312 -0.0743875733995448
0.0225159651209868 -0.233883242716435 0.183187835113324 -0.00685166239077784
0.150158199549453 -0.205951636760479 0.147483086873097 0.0463379745355986
0.232418735515256 -0.118907318810616 0.089466167469105 0.0130920879427941
0.249938920560748 -0.0239954005850395 -0.0793120849091449 0.0151680009482999
0.216531726309724 -0.0841547102992736 -0.125179147330906 -0.0611028045964271
0.156631478500166 -0.147270777682579 -0.20829758461784 -0.0353189359641277
0.0457678583131287 -0.188849141312733 -0.192040789399098 0.0509323349257404
-0.0591232813337366 -0.173697621420526 -0.132959655184751 0.0968916828450758
-0.123987921937321 -0.115728750400207 -0.0683626701502237 0.113937740586056
-0.144550923757778 -0.0674612176083945 -0.0312987575078696 0.0812928752084403
-0.15857525632644 -0.0523802083760404 -0.0135192946320252 0.0228929760163702
-0.162640936333443 -0.0560647297236499 -0.0232505980476136 -0.0280096267701279
-0.173577545744515 -0.0777596792539222 -0.0119362764161145 -0.0908316554720043
-0.161969991129982 -0.139041026646215 0.0308813772860252 -0.137592616596667
-0.077489731906914 -0.203391387683902 0.12475922192385 -0.103133034217435
0.0458285844018118 -0.233046639666998 0.170910705910461 -0.00554809193592732
0.175842008954237 -0.191824873487925 0.114851167382877 0.0707078386586304
0.242788343784015 -0.0941481490082736 0.00444506350147661 0.0390166748693713
0.224752729774013 -0.0130738585937629 -0.173513804109572 0.0285408354931487
0.207006935166918 -0.078629167474347 -0.177983546545503 -0.0347485233943448
0.147038615213389 -0.148421294506173 -0.213703637394738 -0.0266177384479712
0.033979186324807 -0.182894117964934 -0.181405411111859 0.0177480725764756
-0.0605538261337714 -0.160892243161466 -0.154885224929845 0.0464161966740992
-0.117202964501254 -0.105586005777785 -0.114896986191051 0.0727791711547574
-0.1313452493535 -0.0626681409875639 -0.088814183329062 0.0531265576624742
-0.136505128283087 -0.0559743015671836 -0.0727027204810077 0.00207803022163875
-0.135858217658058 -0.0630312154588979 -0.0776196077936712 -0.0481805880552392
-0.137163180344423 -0.0857223382665229 -0.05245985697642 -0.113159326496062
-0.116534446351882 -0.136487545412546 0.00349753807467837 -0.161221983222186
-0.0340684654782801 -0.181653083019716 0.113161542771567 -0.120397431296178
0.0777678359035559 -0.189598904893418 0.153179072622053 -0.00104508341064651
0.182143405002524 -0.13831222731553 0.0757367883576519 0.0822143124950663
0.217763057818559 -0.0503824143232852 -0.0755998869759508 0.0473915711135603
0.160225864389128 0.00219289667755369 -0.242840513364596 0.0459785849458805
0.157564389382095 -0.0526781973819103 -0.20936375374899 -0.00414550976433764
0.108099633929749 -0.112832850686915 -0.203190684548181 -0.0161912209541218
0.01998949680461 -0.133863696810507 -0.16774795196063 -0.0112221109044709
-0.0443790102820079 -0.113688278257518 -0.17315168391013 0.00700809291287498
-0.0851157286197676 -0.0771616418650707 -0.153968672668301 0.040143974659169
-0.0953180333913082 -0.0491514637363866 -0.13687905351822 0.0301280882567402
-0.0937351682228809 -0.0514503210965659 -0.120252393822107 -0.0180133410862338
-0.0894256809849503 -0.0596845989110982 -0.115321214397189 -0.0725600336497421
-0.0832192990125657 -0.0782580359565971 -0.0715895523856498 -0.139489832351236
-0.0576148597193882 -0.112755258528195 0.000525474123627637 -0.180063208515886
0.00926366687433373 -0.135493797972772 0.111371771873204 -0.128472325137461
0.0958078101212015 -0.121958821557704 0.133127421691771 0.000901184450515614
0.16210538005957 -0.0675794356363145 0.0379317363952633 0.0764785550484811
0.162905851796121 -0.00237639706734325 -0.137189295991772 0.036238585552966
0.0706128512312408 0.0257743816329458 -0.271900315587394 0.0619549412693295
0.0860121878706466 -0.00851497056905709 -0.213698693760593 0.0171896900177457
0.057936876187696 -0.0501397477730157 -0.186054252268996 -0.0106847110229589
0.0128703694933589 -0.058384288617207 -0.160192695482658 -0.0291412297565639
-0.00995950665352726 -0.0490540722287123 -0.182540952137786 -0.0102698328284482
-0.0333450099573585 -0.0404951238624084 -0.175206266659543 0.0225711551520205
-0.0416533322255013 -0.0314304276296958 -0.165398987314781 0.0148344142714354
-0.0368162434573935 -0.0377477056645115 -0.146482670910251 -0.0351159699868036
-0.0355255711477242 -0.0425177387288959 -0.13189375146586 -0.0948966330558811
-0.0286345591636356 -0.0527394686838912 -0.0701078834116606 -0.16286002524549
-0.0105353357307186 -0.07089742899995 0.0142991548575913 -0.190485983663913
0.0278022172533821 -0.0786823798104674 0.118186121308046 -0.127215316061709
0.0847325820855982 -0.0571334445537196 0.117222679785008 -0.00245846566404154
0.112570607822204 -0.0067271088204957 0.012858541862841 0.0556676529618974
0.0837420567559293 0.0348886558686848 -0.169934894713322 0.0108218178667805
0.00574505802435839 -0.0476712328340567 0.192370535775715 -0.00624728087829288
-0.0385019074015348 -0.0180339185308718 0.0271462471385225 -0.0767332303703481
-0.0361087029493986 0.0147474902040805 -0.109331621439226 -0.0158231246830006
-0.00788645958136595 0.0155989438092705 -0.149637835795852 0.11136168026746
-0.00895068437857451 0.00386399977044908 -0.0488255495567923 0.191324030892691
-0.0113195366358131 0.0086268458829565 0.0600287309799037 0.17984981729961
-0.0137825908355462 0.0141784417719085 0.124360838282245 0.127544260135698
-0.023863965140516 0.0179909031350696 0.157196616885364 0.0512469389282395
-0.029987167323041 0.0165642071384456 0.161728385854072 0.00126426387169056
-0.0366174604858694 0.00624907109635581 0.165999559056876 -0.0229749625561907
-0.0333712562415556 -0.0110690192485905 0.17507457756482 0.00013061649796906
-0.0174912988938991 -0.0224191755878016 0.166128795040522 0.0339499990520791
-0.0210797679168532 -0.0269943345610289 0.174210138098571 0.0213152304826518
-0.0119666169622905 -0.0454908694740208 0.204245760245367 0.00506892332773648
0.0309356947814933 -0.0557581912707494 0.251769121228548 -0.0530792833260106
0.0907811909638877 -0.0483056483696429 0.163847016817655 0.00541292890044561
0.0319409761729983 -0.0378614346769002 0.0166618092882112 -0.0670153083480735
0.0135345030727935 -0.02027986947444 -0.121993709551161 -0.0180786429206962
0.0122683006000545 -0.0315614965975453 -0.159383995068328 0.103015014914108
-0.0191248246791024 -0.0461186777715967 -0.0671634930452778 0.183118479954059
-0.0447140115406119 -0.030822358190768 0.0373062979704908 0.183197289454909
-0.060080981066594 -0.0123665655223716 0.104321888056973 0.132012582190311
-0.0796645098390116 -0.00168047942842356 0.137526863587853 0.0549434383991389
-0.0886730169948357 -0.00318728701697104 0.138800697452684 -0.00021421853872324
-0.0993401968172443 -0.0226546605202239 0.140614802349583 -0.0376274390390519
-0.0908128053273298 -0.0633723680180994 0.155636260053778 -0.0333940190775273
-0.0428037553982143 -0.0998683504514941 0.166289463462399 0.00502273074397839
0.00439429237269249 -0.11223244979329 0.178191504640062 0.0124095031452613
0.0574650985404335 -0.111721897691265 0.186977762769953 0.00893122227046479
0.118074893894187 -0.0887847041450284 0.216875472045065 -0.0396234648945574
0.167172465309208 -0.0401665309401235 0.106867310489331 0.00845272365615912
0.107665112018961 -0.0537530470513671 -0.0135515853589957 -0.0704107743032206
0.072449158842145 -0.0613346824098094 -0.147856147055955 -0.0274620115936411
0.0335592968134048 -0.0873057163295014 -0.172808585216808 0.0927633322802763
-0.0296966362283248 -0.0985529356791532 -0.086325400134393 0.167043573468976
-0.0766459652138724 -0.0689463740291269 0.0110641804260194 0.171830513833282
-0.0997976181321869 -0.0379389429966044 0.0709543089713529 0.123317411539742
-0.12389940420965 -0.0213130874134778 0.0996312021978618 0.0506300776862151
-0.13429940332266 -0.0214974970921115 0.095467333029872 -0.00491054264227007
-0.149205633025414 -0.0427725254122096 0.0963498547427226 -0.0545124171772948
-0.141825575990172 -0.0990133492157869 0.118314757227076 -0.07125439248513
-0.0739065202185328 -0.156513070075204 0.157646811218023 -0.0339064389306541
0.0131106772483435 -0.183593259476941 0.18092849304356 0.00172621141633321
0.108708221702941 -0.168380539699517 0.16767954088789 0.0234828791316035
0.185156858970579 -0.111122080283613 0.160515971753174 -0.0159548161586601
0.22080332482853 -0.0321715269359324 0.0226941992289735 0.00895877192654713
0.173510608870316 -0.0704370632061462 -0.0614577714285177 -0.0727354151678945
0.124379283539503 -0.107055696343365 -0.178407916699626 -0.0363635248401063
0.0449626176777637 -0.144865161125238 -0.184476946251044 0.0749330153670895
-0.0446974170674408 -0.143884287864645 -0.105651694323892 0.137036710662662
-0.104375094098407 -0.0973357253727973 -0.0229825183028319 0.146362984702882
-0.12851541685438 -0.0561578768671159 0.0251857863562476 0.104574429225535
-0.150587014201713 -0.0381163449446292 0.0465748459831602 0.0396337229230692
-0.158839501180496 -0.0369378785376171 0.0388337228480969 -0.0131698975496739
-0.175031872701086 -0.0587854936517766 0.041871613706581 -0.0696313795014542
-0.167834721933439 -0.120251765423789 0.071055659865105 -0.104469190827086
-0.0900370203578844 -0.188087383526233 0.140328056853092 -0.069808208980545
0.0210437650793436 -0.223912936444516 0.177072073435539 -0.0062585356303373
0.14394103115198 -0.19779963130724 0.14327109650386 0.0455640329399524
0.224917286770783 -0.114083646598355 0.0863258758425016 0.0121348853170454
0.239463037264151 -0.0233737669819045 -0.0741431750407605 0.012631457741887
0.207714282798756 -0.080733145837745 -0.118602191256878 -0.0619222312565371
0.150686641503723 -0.140598965965228 -0.200622699502483 -0.03606739805691
0.0444677863477433 -0.180903966302975 -0.185399492941436 0.0479067353433127
-0.0574635081839632 -0.166434101899859 -0.128035013522157 0.0928744895358607
-0.119539857329658 -0.109118436993313 -0.0652727864172856 0.109419101756697
-0.139063011455106 -0.0632821611939867 -0.029689882286805 0.0782595244339411
-0.152828237586848 -0.0492895594696251 -0.0130795000816139 0.0226315999416818
-0.15629969377772 -0.0517347806451273 -0.0214967662670262 -0.0263126501791321
-0.168504798928808 -0.0731442769926701 -0.0115680102068688 -0.0862804807392284
-0.155620847899907 -0.131681658616511 0.0284529679641274 -0.131167200127631
-0.0751709435040711 -0.194285014817527 0.121462279992173 -0.0982807511059466
0.0433949857154709 -0.222319988496672 0.166477611664144 -0.00541655808745663
0.168100430046748 -0.183587694994726 0.111691744869761 0.0670923644176217
0.233555141789435 -0.0907446593621904 0.00465087878932195 0.0371145432498234
0.215838029319742 -0.0135932650065781 -0.166757673546556 0.0253952224098846
0.198962283300673 -0.075546569797502 -0.169238361071741 -0.0369321814671271
0.142119511371957 -0.141590644138041 -0.205585163791986 -0.0267429022844631
0.0324637546095537 -0.175515333442965 -0.175412611894067 0.0163229813103691
-0.0588767950479127 -0.153986439153526 -0.149032804674411 0.0442927545535802
-0.112769954328481 -0.0989264731608517 -0.110110927118558 0.0700513682012307
-0.126767038438112 -0.0591146871901061 -0.0853076579392217 0.0517710699871502
-0.131720046218269 -0.0532756482764668 -0.0706499296616895 0.00300349624887292
-0.130252868951872 -0.0595983101315128 -0.0740820846627695 -0.0449797504551673
-0.13275798342775 -0.080580801838637 -0.0500334131534944 -0.107870666075476
-0.111955364252301 -0.129346098028231 0.00192353058734226 -0.153305521624518
-0.0337792646720632 -0.173386995019893 0.109380909701631 -0.114986805069232
0.0744791540622229 -0.180635681469408 0.14966246287915 -0.000446850761674983
0.17386114180813 -0.132460731514845 0.0743867827696504 0.0787152615802493
0.210249749202684 -0.0480228979786678 -0.0720917237382218 0.0456764190710478
0.153909245125859 0.00199634282366409 -0.23343378363066 0.0430497511037172
0.15105254574646 -0.0499822082275958 -0.200451890172716 -0.00736887556135177
0.104581132897982 -0.107405563685219 -0.195378299719743 -0.0169955820978208
0.0187802314327853 -0.128675996726304 -0.16220373284115 -0.0117871810098137
-0.0429429691189936 -0.108735467481369 -0.166160998264104 0.00678890803405593
-0.0819498620676231 -0.0723403199754176 -0.148315723634703 0.0390210371181399
-0.0916776325723965 -0.0466304277149532 -0.13221626024483 0.0296314635315375
-0.0905489573649553 -0.048655240233352 -0.115838497089059 -0.0161659101970872
-0.0861003990120018 -0.0569055728450183 -0.110514956965297 -0.0677273300280448
-0.0803835792805487 -0.0745304738514273 -0.0683078870684805 -0.132916496942117
-0.0556838176386093 -0.1071642082166 -0.00026996820221715 -0.171364062921334
0.00851807181834743 -0.129997443770147 0.108042718072383 -0.122785664086468
0.0924976733685802 -0.116261646615332 0.129849146876794 0.00186112450941994
0.154620020445715 -0.0648462945708749 0.0378308334963557 0.07241842570206
0.156256704224698 -0.00149274269433678 -0.13110042274095 0.0347922867937249
0.0678723584653304 0.0252121707342009 -0.262313972592551 0.058436655299564
0.0829168371608838 -0.00807302478857093 -0.206141318482977 0.0135793744807416
0.0560223740696441 -0.0477022009174413 -0.179324388088392 -0.012343427196838
0.0126266624459386 -0.0561851420869991 -0.155333963284204 -0.0289342063187608
-0.00974033979443488 -0.0477012200171179 -0.17567707570945 -0.00957993530006712
-0.0323142050845991 -0.0375176871077755 -0.168707093377013 0.0224018959535867
-0.0400083238322575 -0.0295559306216519 -0.158921010239117 0.0161690507125672
-0.035588538460995 -0.036741261378335 -0.141874124715893 -0.0320859613727832
-0.0343637641683534 -0.0406903678918075 -0.126959263483827 -0.0894087766498876
-0.0274741240013813 -0.0500036643258738 -0.0673634389251687 -0.154937915534484
-0.0105074779036774 -0.0677589134228435 0.0131760188704521 -0.181962208639427
0.0267450862416409 -0.0755542492158575 0.11453820383775 -0.12181274667364
0.0813934567563448 -0.0545597521457325 0.114371521972964 -0.00151245341958467
0.107448004737821 -0.00551426445853328 0.012960141322599 0.0536230943634492
0.0798900170419955 0.0341209956767994 -0.163482493363631 0.0113346196921301
0.0114732476718223 -0.0465917533317417 0.194306574236194 0.0202728205378405
-0.0346354034819408 -0.0235222595555701 0.0393513155732751 -0.0742983297193921
-0.0362939677591735 0.00839364918616955 -0.10564796855027 -0.0335103966392902
-0.0110081556721234 0.0128827800690932 -0.161588220116064 0.0882737425573573
-0.0113711517830852 0.00239034841010178 -0.0741238824713109 0.17971575271489
-0.0120271244994036 0.00521869758111772 0.0333791131535549 0.183564818819432
-0.0147315851003009 0.0116382985132627 0.107149937430898 0.141777973636761
-0.0254800746152424 0.0136692452438931 0.147948498002398 0.0740534898172887
-0.0305043923000812 0.0104213069802804 0.160576574334179 0.0270945390007837
-0.0361860249850263 -0.000271190033008431 0.167729761624257 0.00440104566716805
-0.0289852619418914 -0.0181065858320644 0.172648411101472 0.0292140250696873
-0.0125862308820364 -0.0278740213123322 0.160578552921316 0.0616755270797223
-0.0139040594057308 -0.0322802295317374 0.166900708395008 0.0502560652110441
-0.00289533507703389 -0.0484274316272499 0.199086861400411 0.0404664517730955
0.0395368541995041 -0.0530389385328243 0.259539270688985 -0.00936067898117021
0.0943230192521259 -0.0351827379586824 0.162874393352952 0.033590057270979
0.0372512360962765 -0.0321017306841005 0.0274930489855645 -0.0635652376379775
0.0171128224571098 -0.0177583494089126 -0.11771855926655 -0.0349472300116323
0.0165801022035328 -0.0293742170726781 -0.169634384077477 0.0808197547177966
-0.0126676779568044 -0.0475730045204823 -0.0906473798115615 0.171389097016934
-0.0386730793149357 -0.0376180800804609 0.0142094599646769 0.184525284399117
-0.0564310440328848 -0.0217201379525265 0.0879704423117318 0.144517867468727
-0.0772213767146395 -0.014268501799145 0.128170706109457 0.0738564823797962
-0.085000433509681 -0.0176383610871917 0.137852777074607 0.0221262790584807
-0.0928757366344602 -0.0373411327970615 0.144629572457016 -0.012494426672004
-0.0774006969801439 -0.0774193570527366 0.158191413245064 -0.00542340568220308
-0.0248368111541277 -0.107069629535248 0.164911221543368 0.0341558572796244
0.0240537813798523 -0.11139468461545 0.171515379276321 0.0434651012486522
0.0750313163974015 -0.101401164644136 0.180251342525518 0.0403916206976777
0.130839004985656 -0.0701081785895848 0.222486738119612 -0.0023153958356032
0.168112182607144 -0.0178936202322545 0.101734840146203 0.0332750215165643
0.113552231848582 -0.0359876096379876 -0.0027057050599873 -0.0675778132714231
0.0807040225438374 -0.0483138488209551 -0.142481076731696 -0.0435482687918529
0.0462090536581926 -0.0798643364428213 -0.181245041516391 0.0713821710213068
-0.0141683565851235 -0.099601478934885 -0.105374179436828 0.15447734865381
-0.0631890919511562 -0.0793071319657862 -0.00882081565404541 0.170663910408734
-0.0916936036478976 -0.0525173572457365 0.0563498974300181 0.132145049934154
-0.118775584074439 -0.0398814419707188 0.0908937255487727 0.064335658886402
-0.126959888358372 -0.041761121995024 0.0951324777367333 0.0113218211913256
-0.139182861480066 -0.0641211426220916 0.10317787500072 -0.0348217380469859
-0.121716378487977 -0.118582282872402 0.127111273182377 -0.0472555799560693
-0.0469493719296525 -0.167738239084596 0.161799905293565 -0.00446752853090304
0.0432584653755977 -0.178869068023262 0.175583704128578 0.0318572239889547
0.133922624915472 -0.148231636658999 0.156938859658766 0.0499956900070632
0.200608464491651 -0.0799770495705266 0.161417473365004 0.0106350886302083
0.22059004184991 -0.00230956477318687 0.0155615074207812 0.025151963099362
0.18071558666708 -0.0433740967526131 -0.0503879528973933 -0.0740009771152108
0.138256439307628 -0.0861227659918015 -0.170894513197675 -0.0522198925160022
0.0666669573144429 -0.134303835384003 -0.188615338629357 0.0549260072715168
-0.0207956017091679 -0.145935415876256 -0.119149723027495 0.124436966727316
-0.0860127803747952 -0.110726183650109 -0.0368924780877791 0.141121344501933
-0.117843349354597 -0.0742901892480305 0.014269208066942 0.108375455342016
-0.141321237036182 -0.0599749127568991 0.0397518660643581 0.0450197430099523
-0.148525024145266 -0.060472924875985 0.0407562014762351 -0.00551956196084973
-0.162374988208492 -0.0832584198540784 0.0512687939688599 -0.0581474004505366
-0.144750571312085 -0.142789962988865 0.0855843780733339 -0.0863156466838576
-0.0586524854389905 -0.200763763782485 0.150131290793118 -0.0433657577480106
0.0569182636648129 -0.217645386786514 0.173401131758743 0.0242670840254642
0.171996130436939 -0.169747856677991 0.128898258940749 0.0666201218696708
0.240681088843192 -0.0756418316933057 0.0823450055400168 0.0256446936672668
0.237285283777169 0.00811787866745981 -0.0815610516685439 0.0172798039634715
0.214987820910569 -0.0481601502678524 -0.109342644101776 -0.0692794537717039
0.168554754384069 -0.114216491526867 -0.191594079056633 -0.0519960325632458
0.0714364795991323 -0.16892840707503 -0.185337300877157 0.03024809777165
-0.0299274558092493 -0.169771742517578 -0.133005490041697 0.0793472938857293
-0.0990257808615745 -0.123499908187178 -0.0721570390206082 0.0988802599816505
-0.127219430877607 -0.0826427026654882 -0.0369855591111427 0.0756255561862444
-0.143639920399194 -0.0719667018295496 -0.0170798041843641 0.0207451668917479
-0.144586817725061 -0.0738840797351173 -0.0173699739632451 -0.0271349746098546
-0.154146101582045 -0.0959362364284986 0.0014298444163398 -0.0825971767771024
-0.132486735612599 -0.151281702644343 0.0469742691501402 -0.119322853249275
-0.0434360832695383 -0.203344629790647 0.135548273854868 -0.073600523282643
0.0788813009324975 -0.212013621391705 0.162611748008728 0.0226188583209694
0.193837815719536 -0.151907797733023 0.0944094288004436 0.081972514755691
0.244827036415487 -0.0500563168672396 -0.00324039162701 0.0360862758646743
0.21282400821909 0.0145960484023144 -0.174706976997312 0.0160409864083967
0.2062585099032 -0.0444650704437588 -0.16443213896457 -0.0521420248531555
0.160656062534719 -0.11683458405357 -0.197437958302321 -0.0442330249174726
0.0595883650522077 -0.165991257217206 -0.171343588942927 -0.000745623079373012
-0.0327230328600843 -0.158990788077071 -0.147775545339873 0.0289627472572778
-0.0941467919686853 -0.112562043051071 -0.111790687103645 0.053552901495001
-0.115747111157637 -0.076344478138813 -0.0890201389163815 0.0427002315016628
-0.122237194192634 -0.0727103769722441 -0.0705348646306121 -0.00715957178302321
-0.118518604384034 -0.0766105921871319 -0.0664731168646722 -0.0539696972096553
-0.117826205401684 -0.0979722565461264 -0.0338967192765736 -0.11045371194449
-0.0901878093741882 -0.141819443828671 0.0244796188233177 -0.146456299495118
-0.00608989529707963 -0.176275599012888 0.125773277340737 -0.0924541427623556
0.10209349208315 -0.166044239804566 0.145821040397252 0.0240591189803184
0.191637621795254 -0.100837843179452 0.0564203264392119 0.0867000922075671
0.214188034328554 -0.0104635940388026 -0.0812804326018594 0.0314986696073365
0.151348151618509 0.021523841155661 -0.242614490507225 0.0201045816130953
0.155745125452297 -0.0268117322096459 -0.199913252892844 -0.0296193795545969
0.118790601404415 -0.0891476399404465 -0.189556836656203 -0.0367561737353625
0.0393128778723393 -0.122573518147087 -0.1553468249537 -0.0283955227819315
-0.0241907397679486 -0.113102499736867 -0.160554032561218 -0.0119866295315308
-0.0675718101335153 -0.0814553365400322 -0.147278785070689 0.0175942815999426
-0.0839637749103656 -0.0585280212825733 -0.133753447257025 0.0143884230027313
-0.0824938845836496 -0.0625666947347035 -0.112377754955118 -0.0326157732883031
-0.0763555411995252 -0.0671574024877273 -0.0987645466624701 -0.0823736880193109
-0.0680309608047328 -0.0843476107240335 -0.0479887896422382 -0.139154942253279
-0.0388586067242046 -0.112489403201246 0.024951579217592 -0.166606592137306
0.0280080083755791 -0.126905355572886 0.125759259658394 -0.101564807593381
0.109506575522031 -0.100166231165538 0.12636664286206 0.0226135649919442
0.161294297790212 -0.0374417527241652 0.0229720334580255 0.0740410443763805
0.152954030515552 0.026762750986107 -0.137541387654815 0.0115677933401624
0.064043465077003 0.0330652692634451 -0.272593923182631 0.0246514420854847
0.0832302722901303 0.00426444733454427 -0.208835663249631 -0.0136857134653579
0.0622464874847627 -0.037225136321727 -0.175242362517682 -0.0336015852599039
0.0210866886872842 -0.0533699869739151 -0.147624079753705 -0.0471433418467829
-0.00160918396871877 -0.0484802772564214 -0.170008368130169 -0.0311163389849706
-0.0242916261015016 -0.0391700946309066 -0.168557695049825 -0.00130001521465517
-0.0349164085356566 -0.0338005207426454 -0.160287043949207 -0.00319070839667666
-0.0304232543565459 -0.0416025425724069 -0.134841597866781 -0.0525483550045986
-0.0281572262373139 -0.0445923737408816 -0.112167656847695 -0.10656132949514
-0.01983029230257 -0.0531346062979033 -0.0433566180481757 -0.161675237037934
-0.00176376210957852 -0.067708605991346 0.0406046974302073 -0.175312175289341
0.0369895568072193 -0.0709255159384393 0.131665407776175 -0.100934574867585
0.0890554056561036 -0.0414862086933871 0.112466804674711 0.0175378890079458
0.105891727219122 0.0122247759840661 0.00333627972790458 0.0523316138145572
0.0717627076247154 0.0490729842533286 -0.164844882342504 -0.0158487395074154
0.0116887483623629 -0.0478551253368111 0.199793236775558 0.0172036557108687
-0.0352429130223724 -0.0244640887134446 0.0408560199846393 -0.0774316303287992
-0.0375601637799715 0.00751363611701456 -0.108502754942938 -0.0350812107884304
-0.0110909573328605 0.0134747960278239 -0.164923982811455 0.0903954514540826
-0.0122785928919767 0.0022726257862286 -0.0762175098542414 0.183761070784435
-0.0127879578173757 0.00513522227272926 0.035645787451106 0.185680611601838
-0.0152382163302596 0.0117968837617653 0.111038190117655 0.142644322462887
-0.0262729455340873 0.0140184293916581 0.153736140655363 0.0732908040411697
-0.0311180638362563 0.0110579419935378 0.165665936849207 0.0265768396182758
-0.0366610976149408 7.19410575685873E-05 0.172179192570932 0.00458978948204876
-0.029933511840404 -0.0183772197064428 0.177283381118737 0.029232340564383
-0.0129793803511785 -0.028559877390423 0.165447478036594 0.0632896182514867
-0.0143329810484882 -0.0330851763070698 0.171088522913479 0.0526703548028677
-0.00247235693057693 -0.0488897006780119 0.20415233301081 0.0429849872684761
0.0412254515168649 -0.0543733645659882 0.266115291252139 -0.00904605295809681
0.095747589325684 -0.0365921423611833 0.167019140580054 0.0312404053249883
0.0378309635746462 -0.0335651801564206 0.0286400424469934 -0.0669210412130968
0.0176290874915775 -0.018527811998071 -0.120919637258508 -0.0362291790683938
0.0164056472073892 -0.0299195150255272 -0.174196515865264 0.0827568527141209
-0.0142461918845179 -0.0484812400308526 -0.0927419043370341 0.174118013588644
-0.0400092643793877 -0.0379051665054561 0.0156240126008557 0.187027222644304
-0.0573229756258663 -0.0216942117035592 0.0918348177676355 0.145418130861127
-0.0800733541704506 -0.0140756001238238 0.132838582829055 0.0748815613006861
-0.0874898602536367 -0.017169258628618 0.142378985260372 0.0219033620202691
-0.0964985861398298 -0.0373325288402666 0.148808295845229 -0.0128174810985569
-0.0803326586512597 -0.0786962653459309 0.161861829411921 -0.0055156623457454
-0.0260098216159713 -0.109989596120584 0.170060352904415 0.0348725032238103
0.0237503066551882 -0.113396498432209 0.176421908832648 0.0433630949360008
0.0769876344480938 -0.103480851820566 0.185481182780494 0.0417145792022231
0.135228293548553 -0.0728642989165479 0.229078898120357 -0.00255939743501341
0.17037257973044 -0.0193063158224258 0.105694537342337 0.0310784705212914
0.115577521414132 -0.0377079097229585 -0.00135446006227155 -0.0720570769422192
0.0826382259789836 -0.0496878020244024 -0.146223611843459 -0.0452231304257753
0.0464859262180155 -0.0814580132842535 -0.185905469858144 0.0727084310432505
-0.0158402392442978 -0.101237953296956 -0.1080066611614 0.157260420369643
-0.0652551405931952 -0.079455040245244 -0.0073023653867994 0.172635628360778
-0.0943765857720863 -0.0527156302975766 0.0592647706336039 0.134071263096327
-0.122495052751065 -0.0398635338107484 0.0944582401563751 0.0649914337763526
-0.130969657601593 -0.0410931463016809 0.0990447048377318 0.0102129207590657
-0.143677492876363 -0.064191176574898 0.106456813723318 -0.0356988502950671
-0.126015992094976 -0.120230101686426 0.129851720722702 -0.0471153244217016
-0.0492487816084604 -0.170449427063058 0.166877778516325 -0.00433406422778242
0.0437011204390524 -0.183345330978706 0.180559459949337 0.0320639906955557
0.136088811894933 -0.151601648642981 0.161518277843835 0.050774600052586
0.207156326503514 -0.0837432585195448 0.165546286717359 0.00980481688675229
0.224381759443901 -0.00380418141648324 0.017204525557307 0.0236897899169203
0.183200254240615 -0.0444777607640111 -0.0491090382875812 -0.0786005957364528
0.141370075525431 -0.0879617364518208 -0.175594628042935 -0.0541059077445826
0.0672770210109251 -0.137107574668501 -0.193946711121198 0.0558266601665921
-0.0232043983693555 -0.148453476022311 -0.122280931994979 0.126634478585405
-0.0884277509742697 -0.110633029469262 -0.036765254001822 0.14247645641201
-0.12055815588745 -0.0744147544651409 0.0161437389103945 0.10984110860523
-0.145985411987511 -0.0595896548314126 0.0419579024784002 0.0461874137469623
-0.152814376109378 -0.0598800579229995 0.0425097540006822 -0.00603479241647113
-0.167584539352928 -0.0826914823228743 0.0534366994202366 -0.0587375516282283
-0.150015364209538 -0.143702975184818 0.0864980319773283 -0.0865322417096588
-0.0618365339021317 -0.204346017107691 0.154589556169536 -0.0441335196476962
0.0579425019928332 -0.221916047862797 0.178981577288217 0.023756099049233
0.175644435002918 -0.173608251025492 0.133295811829726 0.067941377073498
0.24715108759712 -0.078876263745114 0.0848901477562179 0.0248237238741153
0.242262891652507 0.00730037391162719 -0.0829573982906314 0.0163509651014578
0.21961433429422 -0.0499685849890346 -0.109199016326726 -0.0736028331485416
0.172942846590149 -0.116631123754135 -0.196033959651916 -0.054283770671911
0.071391930653468 -0.172675729135972 -0.189385256067213 0.0298902033948476
-0.0322748325965388 -0.172439298104175 -0.135947963895379 0.0809684150755296
-0.10155889711297 -0.123687127954343 -0.0725852135234759 0.100401485834612
-0.129976682504544 -0.0825763660991658 -0.036692032899085 0.0778483326684832
-0.147317513288767 -0.07138920622575 -0.0170006213291984 0.021505810894141
-0.14937641684565 -0.0737813964137219 -0.0170845694817882 -0.0270582715491817
-0.159180705215627 -0.095233711099483 0.00224335682158948 -0.0838499371847417
-0.137267532294073 -0.152195029450258 0.0470936931997707 -0.119689790041902
-0.0457792258089569 -0.206729249915202 0.139516534155741 -0.0749806139334778
0.0795579558377124 -0.217152590033208 0.168770962395714 0.0230073721457433
0.197016225629153 -0.155978830989797 0.097864749485014 0.0834502116961179
0.252316623826469 -0.052117237385249 -0.0030676910019924 0.0359354086991431
0.217049694273753 0.0142035920305647 -0.178093642737379 0.0157015195122519
0.21054857637457 -0.0465938798423499 -0.166821931820635 -0.0552994415173101
0.164230562862267 -0.119145989441338 -0.202628407599919 -0.0466683582253364
0.0599825594472738 -0.169870914059495 -0.175537356691761 -0.00119774441994835
-0.0353083952173245 -0.161398540739572 -0.150511504947301 0.0295746951027653
-0.0957605116118048 -0.112437892587813 -0.113684244388618 0.0550808296237052
-0.118889103971938 -0.0764308647106282 -0.0904450775255767 0.0446387126217645
-0.126242573839444 -0.0730715811730225 -0.0726199527252808 -0.00567116690682823
-0.122270150500443 -0.0771936096855379 -0.0683928944307232 -0.0530289698149361
-0.122447770055669 -0.0980015403940355 -0.0343710323010859 -0.111741069793423
-0.093601845148855 -0.142975946225964 0.0238221202371213 -0.147160888765738
-0.00744461324027282 -0.179579025204395 0.129556139320704 -0.0946394880886246
0.104189997779449 -0.16937787814341 0.151188946196363 0.0237727571350704
0.194743774896952 -0.103342056237594 0.0591509359974459 0.0877852416128577
0.220034220258081 -0.0117134800997139 -0.0828337310254036 0.0330685329810267
0.153928797490123 0.0211226187447538 -0.248489817170609 0.020643334814464
0.159590597746639 -0.0284542644831711 -0.203946980829359 -0.0312556973612606
0.121937997045507 -0.0906656825325968 -0.19385119326391 -0.0377905178629528
0.0390294002799723 -0.125173930529053 -0.159846946558197 -0.029598510333866
-0.0263013386744862 -0.11522364581519 -0.163706512266173 -0.0120841758285258
-0.06905675506231 -0.0810783110599185 -0.15051435854278 0.0195401298137045
-0.0862115606312215 -0.0578271753689084 -0.136199495432349 0.017174090310431
-0.0857621615700817 -0.0628753252631346 -0.116030068874045 -0.0310794079521989
-0.0787442385503263 -0.0686808573256833 -0.101660688235409 -0.0817362722089036
-0.0708441586319334 -0.0852974418732062 -0.0492999252049786 -0.140845873035602
-0.0409453317655694 -0.113318898087149 0.0243134075080559 -0.167970449390341
0.0268548354655628 -0.129359217552204 0.128760499772649 -0.103222576763409
0.112096039003923 -0.102330915231794 0.132291353019795 0.0228199984045047
0.164072107003241 -0.0386565507361796 0.0245613434786616 0.0755059477170547
0.15685915636659 0.0271082077825606 -0.140309371826543 0.0130633959542887
0.0655331334169666 0.0327783998456267 -0.27946164682237 0.0260391055104757
0.0849073832726945 0.00327894816209388 -0.213792390239855 -0.0146998945289686
0.0635723128488542 -0.0373574500664137 -0.179710201772169 -0.0351524691665942
0.0210921892630903 -0.0539174531360704 -0.151997989840549 -0.0483039351615602
-0.00259083705789295 -0.0496885745605916 -0.173380643949686 -0.0315683059111718
-0.0249913060473798 -0.0391317335277828 -0.173310592157871 -0.000747040538000339
-0.0360395542891643 -0.033294339584814 -0.163584682169865 -0.0014853753843057
-0.0318010118162792 -0.0425444581237367 -0.139536012059153 -0.0506579512657419
-0.0287079278503308 -0.0453851479452249 -0.115422847433681 -0.106407960605581
-0.0209037582419297 -0.0541428469718029 -0.04556346734787 -0.163589188073434
-0.00227969216137325 -0.0684681277660389 0.0405240375609774 -0.178187823615776
0.0368363329615026 -0.0729668639728901 0.134608942573276 -0.103115480312335
0.0914527577017405 -0.0420695469226317 0.116739031780316 0.018061448947485
0.1073364297454 0.0125678582591664 0.00388822808227112 0.052984265615665
0.0737875947698411 0.0504505988015635 -0.168467554865212 -0.0147607231579167
0.00915803912347335 -0.0499700274162912 0.206174749427543 0.00717397216042959
-0.0373343183831953 -0.0241060535257251 0.038480869742323 -0.0830477045826152
-0.0383287601978331 0.00927009613670576 -0.113214637953419 -0.0329619808974791
-0.0110806461212558 0.0144202002533115 -0.166351085025747 0.098985475745096
-0.0135050780682486 0.00330504339532246 -0.0714113118053776 0.190750550794074
-0.0130584996732804 0.00546338478557312 0.0436700588677851 0.186484380433655
-0.0148876052441089 0.0126341197872933 0.12097330835317 0.139181743591168
-0.0262311849454063 0.0154876317739262 0.162447709484509 0.0677949755004691
-0.0313815317409317 0.0135813696607595 0.172990688451545 0.0185673086121578
-0.0379836504375149 0.00262196690593528 0.178160831802905 -0.00270229208959626
-0.0318901799837108 -0.0179721349708618 0.183784217590587 0.0226983417705187
-0.0146918611812741 -0.0288923459441976 0.174085898977024 0.0585015921102223
-0.0161757599228469 -0.0330491267458169 0.177672313773501 0.0471876700487782
-0.00365037615893216 -0.0501730652019343 0.21081270246817 0.0374793887658218
0.0401664467500569 -0.0583351547134641 0.274192074251538 -0.0193396049875431
0.0959050290907766 -0.041548191017116 0.172893166776589 0.0225814918721979
0.0366549092705368 -0.0357789928520962 0.0277695738492437 -0.0720054117268305
0.01709417623626 -0.0198336756133779 -0.126554872174782 -0.0336690467847614
0.0156329639467354 -0.0310946818279492 -0.175835924683116 0.0912710512984576
-0.0174281677777836 -0.0477303084467145 -0.0889021088840149 0.18208097230385
-0.0428945325989636 -0.0367155034777857 0.0235966042199829 0.188306190327001
-0.0602031797901409 -0.0196446866021905 0.100870951902482 0.143384673281245
-0.083058948308088 -0.0101934948647938 0.141256376422091 0.0699158361961621
-0.0910065750562431 -0.0128188187202348 0.148855798103048 0.0152446531136063
-0.100993223210557 -0.0326151904558761 0.1532549111839 -0.0194996866104732
-0.086609072779408 -0.0764412294910197 0.166571849666422 -0.0111188078688279
-0.032066600509283 -0.11119885387644 0.177077347868794 0.0293823346315972
0.0198515500271004 -0.117427524745093 0.182929035091184 0.0379201284574203
0.0750094376219078 -0.109428735366282 0.192229871360246 0.0362899453758801
0.136746898781015 -0.0810368090218412 0.236181422618771 -0.013146674813841
0.173351394902829 -0.0267073966202177 0.109775052630354 0.0249749467627182
0.116417124272405 -0.0432880162562491 -0.00269818186443511 -0.0766053229355776
0.082636108217988 -0.0539302606250535 -0.152521551250144 -0.0423642837282629
0.0439916919461063 -0.0855552898776277 -0.188292947592992 0.0812566462012835
-0.0211878240804112 -0.101738141065823 -0.105140592985227 0.165229294253632
-0.0698394571702427 -0.077536115334777 -0.00018927634417297 0.175233770401078
-0.098756138479663 -0.0490542930182492 0.0673781461666014 0.133011990575538
-0.127948006234981 -0.0344209337548166 0.101418936326373 0.0620429057922766
-0.136813799506601 -0.0354838398498504 0.103656063585641 0.00577994121320304
-0.151647960363385 -0.0574894977941217 0.109239529633968 -0.0409510695013173
-0.13549452523526 -0.117014387301158 0.131085999006423 -0.0523006668224468
-0.0585200332056465 -0.172475100429039 0.172837230636943 -0.0106733408064203
0.0366088604689459 -0.189783332034956 0.188103527652775 0.0251234807924939
0.133977278225296 -0.161021370337656 0.168415044795837 0.0460476611652809
0.209893396305898 -0.0953774351051594 0.171443942686457 0.00263418518831459
0.228603271664826 -0.0137360948438235 0.0196014142989087 0.0214343726978659
0.186129102759081 -0.0534787301818683 -0.0527364346304203 -0.0822147747431388
0.141723635227087 -0.0954180481943543 -0.182524576988979 -0.0498906883027712
0.0622022244907555 -0.143123170320521 -0.196342034548671 0.0649263023978423
-0.0314134967932042 -0.150036025745011 -0.119952351457696 0.133884743649244
-0.0956208327359937 -0.108423300555664 -0.030823106866517 0.146252340815062
-0.127066931002907 -0.0695755875509671 0.0214825900307186 0.110600731559226
-0.153381298185789 -0.0539243336877568 0.0460569711712722 0.0454908341857118
-0.160244377549757 -0.0537629733472655 0.0442792599423714 -0.0083812361603287
-0.176579423745447 -0.0748041586589109 0.0535486076770802 -0.0617255165499696
-0.161695337091579 -0.139816901023411 0.0849254952144308 -0.090498893633678
-0.0729931523596365 -0.206249597328962 0.158404098115415 -0.0502297205266589
0.0502429853971923 -0.229580676777992 0.18615895085069 0.0160338272940127
0.172957878715508 -0.185608305907636 0.140083597776953 0.0628179503042425
0.251728396128479 -0.0923520848960483 0.0886077326260517 0.0206808751883781
0.247400537500967 -0.00249895786952643 -0.0839896378578261 0.0184890848338349
0.222524824544558 -0.0607961023573381 -0.113776954178423 -0.0744542381633426
0.173000279636948 -0.127336552406201 -0.203892467129806 -0.0491799361445291
0.0651100526610174 -0.180329110427128 -0.193725593345919 0.0373806759859612
-0.0421851124935355 -0.174036405420599 -0.136870205466299 0.0876027647186087
-0.109002611280139 -0.120726094080261 -0.070119291952327 0.105147728280952
-0.137188341371792 -0.0774845050588566 -0.0337488068907415 0.0804708238827043
-0.155715387286779 -0.0661239953285771 -0.0159522551166558 0.0233012594244792
-0.156275871612373 -0.0679081200689817 -0.0180831678077859 -0.0266831455285914
-0.168268995003118 -0.0882575800642547 -0.000202184663365824 -0.0858603134999871
-0.147680627157845 -0.148410075876861 0.0428057096521474 -0.12282870400818
-0.0574069567063092 -0.209891386372785 0.141115196714132 -0.0818561695070899
0.07250888312907 -0.224914778187715 0.175574009084944 0.0150461450267782
0.194973928243383 -0.168414226619277 0.104836887203583 0.0806003165398276
0.257411715456213 -0.0649970850588366 -0.00149360155256477 0.0358942993600358
0.223271604651786 0.00525785673821261 -0.182309434867336 0.0223632424706182
0.213607169317511 -0.0565720871796821 -0.171523069027496 -0.0530796216459352
0.164068832742658 -0.128836769537426 -0.209460091374521 -0.0403775385737315
0.0526467584007164 -0.176366102048511 -0.180232366197605 0.00469006305373069
-0.0445810049509264 -0.16321943352258 -0.153474601239049 0.0352978648769287
-0.102786687316457 -0.109870880533488 -0.114072558748641 0.0614572647234648
-0.125334307796133 -0.0709929142657216 -0.0905762250321375 0.0503264153881399
-0.133683439250881 -0.0680662434415521 -0.0742174760163561 -0.00171101366927474
-0.129356716689554 -0.0731233056452814 -0.0718027889864112 -0.0503894102565384
-0.130232249919246 -0.0931157551207459 -0.0392820194731759 -0.112520774402406
-0.102994520243471 -0.141069935786285 0.0179178229861947 -0.15058643815557
-0.0167960431217529 -0.183150887479864 0.130191252434303 -0.101682217305719
0.100050166492865 -0.177920276193888 0.158395058395741 0.0174065952697555
0.19505265575014 -0.113997704150882 0.0649943443856 0.086618678786634
0.225440009752173 -0.0221923419652229 -0.0830879419097937 0.0365909130674238
0.158311534061817 0.0150987560889058 -0.254642379168924 0.03110316261787
0.161791903381123 -0.0363408276457214 -0.209043222745375 -0.0257823785862619
0.12156684675016 -0.0975236893766997 -0.200912195687036 -0.0317252636463634
0.0343023173950641 -0.129676709751023 -0.165865316470675 -0.0252310460981907
-0.0325261809956757 -0.116463792274679 -0.168061481231992 -0.00606373312357806
-0.0740122189920466 -0.07860743519939 -0.153499408365103 0.0263680447625151
-0.0907638109866468 -0.0541813038704994 -0.138768023686909 0.0243984491450505
-0.0911599501936119 -0.060790495026169 -0.121327901521755 -0.0255819383689987
-0.0840275172119803 -0.0665387628290571 -0.10805824048644 -0.0768551153120295
-0.076493153345031 -0.08279638117103 -0.0573447508685636 -0.141225719239652
-0.0473235899333454 -0.11386464041519 0.0171852810143076 -0.171261886463427
0.0214335759623164 -0.133158896508686 0.128337624611707 -0.110714589123374
0.11122847887085 -0.109135289081716 0.138932581026987 0.0185082451083085
0.166250571874925 -0.0456284203282407 0.0286268067479744 0.0754142179151354
0.162578289238481 0.020878124268378 -0.14307113269427 0.0200692934834718
0.0682513577598692 0.0304004684348897 -0.286824092166581 0.0389073271083535
0.0866436683673474 -0.000929973803477204 -0.220019672969051 -0.0061186793835503
0.0643223703744303 -0.0408851392444477 -0.18573914997894 -0.0296837875665418
0.0192615495405311 -0.056174771887321 -0.158537139453836 -0.0448343239855863
-0.00521730055112961 -0.0505935048442622 -0.179203119183219 -0.0256728861673891
-0.026629686417835 -0.0374664205526507 -0.177490302759222 0.00800429975287273
-0.0382424468159574 -0.0317348037620654 -0.168386418015506 0.0073959224423611
-0.0351560316547936 -0.0425687719257061 -0.146937260723048 -0.0451810490235299
-0.0314081497367568 -0.0453370653662329 -0.122637406794392 -0.101802465116076
-0.024065895199635 -0.0545721907394819 -0.0541710006963704 -0.164887696804325
-0.00522601658048737 -0.0693663424407875 0.0336823434994021 -0.182654161088474
0.0338831432276275 -0.0749461676162208 0.134466078219235 -0.110692208546724
0.0927510703422983 -0.0465144269859416 0.12280396796536 0.0139120108291549
0.11015300784334 0.00887335800947147 0.00659561803552998 0.0545122754238544
0.0773125147087667 0.0492028133577534 -0.172850883202489 -0.0070410396896371
0.00509407179835526 -0.0503505072059006 0.204621234804782 -0.00836955681116984
-0.0391621985952992 -0.0210923607897162 0.0329720135074128 -0.0867538490352562
-0.0379141403790762 0.0112322611347951 -0.115901326673977 -0.026717434928832
-0.0103083646488337 0.0146249654859847 -0.159861403155266 0.109796111458515
-0.0133870260195302 0.00467438128363358 -0.0592554546624917 0.193728052303732
-0.0136265377815997 0.00654060698732132 0.0548086619278052 0.180284479086863
-0.0144365883641957 0.0127408085853854 0.130807372682033 0.128173551229859
-0.0254328293042554 0.0169561059969166 0.167462709860921 0.0543114483973671
-0.029958492748648 0.0156497809139675 0.174356065821203 0.00597223657851293
-0.0368968021067244 0.00573737575429966 0.177667933313831 -0.014813523416881
-0.0334084592886583 -0.0161055978939682 0.185391231505475 0.0102265655905639
-0.0168848134057685 -0.0280066036139816 0.178091692714758 0.0475394967366646
-0.0177918788399192 -0.0319165869155448 0.179627076426825 0.0366706012596395
-0.00662857131404534 -0.0495713151233143 0.212358229461461 0.0253503028965223
0.0365288347589865 -0.0615758959050201 0.273798758939337 -0.0369406380080518
0.0917352558424686 -0.0476738590999696 0.173788702892272 0.0090149196928012
0.0338061323069084 -0.0380230292803492 0.0232140606015068 -0.0769189563448137
0.0155528358366947 -0.0208368107915706 -0.128403396756459 -0.0267896151513745
0.0134298834531255 -0.0323279829207028 -0.169184032037019 0.102811707184317
-0.0207162528541843 -0.0457126983387859 -0.0772962039675704 0.186439138965933
-0.0453051782929947 -0.0333751633038477 0.0353897651194839 0.183635052819758
-0.0610628145766158 -0.0151842251769291 0.110047552436337 0.134120909737667
-0.0839164152697147 -0.00398434722179127 0.147142446095428 0.0586353102685609
-0.0913389234329436 -0.00551172866683179 0.150071907595393 0.00412484544256942
-0.102758935036686 -0.024665722319335 0.15244879068058 -0.0300963541064507
-0.0923724376315487 -0.0701630927005464 0.165388547097434 -0.0214897334556579
-0.0392384909138832 -0.108643276227667 0.179420349915945 0.0185469912827341
0.0125854596106008 -0.118568618671934 0.185353841294101 0.025262234498953
0.0680197047611913 -0.113695967433217 0.193998289799535 0.024082705395928
0.131481269022459 -0.090677599467883 0.235271273770261 -0.0287379967023342
0.169972147475779 -0.0380571722874002 0.110976168988979 0.0151887266822606
0.112464854647366 -0.0511151756337155 -0.00683746400433856 -0.0795983478012633
0.0790406499618468 -0.0587561189629324 -0.15582327043925 -0.0339921588590183
0.0374668381992565 -0.0877979272954753 -0.182746958188705 0.0923556493018016
-0.0282317334494677 -0.0985546863255607 -0.0946961552515827 0.17018298062207
-0.0750916393979946 -0.0718239051845708 0.0110116677753316 0.172207698963688
-0.101772275183861 -0.0415277162855966 0.0758533561826008 0.126226959893634
-0.130309414658043 -0.0243212661213401 0.105926701969295 0.0533828925520728
-0.139026732996237 -0.0245545055279219 0.104114610466263 -0.00183148601252323
-0.154766324805523 -0.0452181443987376 0.107177132698301 -0.0486878729058071
-0.143556225444372 -0.106423583962166 0.127630331316799 -0.0593741484159281
-0.070306135064774 -0.167710839347302 0.171591879739615 -0.0212575835601882
0.0242594108528329 -0.191354035731423 0.189707358522223 0.0117565190236074
0.122623277373739 -0.168987230012816 0.171417220906133 0.0353104193484282
0.203433127438152 -0.110614478825239 0.1712362140019 -0.0101108704875971
0.226003393023014 -0.0274178600527843 0.0220073058613906 0.0175127410073656
0.180518808277202 -0.0651876780618122 -0.0563528578737416 -0.0819257334824467
0.135203901983003 -0.104305904145646 -0.185842620233905 -0.0392135365233078
0.0518372741386379 -0.146445870654208 -0.192404347256057 0.0761016075323193
-0.0422532771388982 -0.145809186745883 -0.111058103522987 0.139992275715686
-0.101205275219345 -0.100768670654018 -0.0212750001495207 0.146383755946277
-0.130787057564776 -0.0593978914182666 0.0287386786170135 0.107128218011554
-0.157561884053386 -0.0417543899759319 0.0498005229480731 0.0420025869198256
-0.163894215801146 -0.0405104269077248 0.0443540160480183 -0.011413484617171
-0.180828185317286 -0.0601127917152318 0.0509110527209883 -0.0659661150820906
-0.170702764048358 -0.126193354516368 0.0791899973533532 -0.0936121037076847
-0.0874919065790415 -0.199328407124738 0.155624859360526 -0.0598139509097511
0.0340605252287403 -0.231859587358136 0.187425931656342 0.00199881410615075
0.159641420224042 -0.196775795703557 0.143774870340649 0.0532280028787199
0.245230123477001 -0.110436617712967 0.0890624174466151 0.014095619440277
0.245156677885872 -0.018997618683754 -0.0819275164294558 0.0220333043838025
0.216530749958729 -0.075043629636353 -0.116828137145561 -0.0701918448709186
0.164132194078188 -0.137494809806087 -0.207434148815168 -0.0362362931639915
0.0515050933347106 -0.182974499571634 -0.190578897098976 0.0487517132603696
-0.0539642212275198 -0.169712183789235 -0.131076993053468 0.0947332876134892
-0.115910554599278 -0.111650468225982 -0.0629403020969311 0.108123750768765
-0.141313764474788 -0.0661898273456397 -0.0276959708344858 0.0815679840346379
-0.160187509949244 -0.0534163063895005 -0.0137602734394464 0.0251039365838853
-0.161478337190222 -0.0555238092185199 -0.0192281562547708 -0.0246112463553097
-0.174156729939598 -0.0742948651507547 -0.00513132209557593 -0.0841445660974756
-0.15839780393946 -0.13554842688418 0.0351593873408592 -0.122840509743905
-0.0712405773643356 -0.203843904298598 0.136353995755419 -0.0900249360266344
0.0578949617903489 -0.228760783298004 0.177279595030205 0.00231259736673634
0.182409468141269 -0.180333077269237 0.109395720166314 0.0725110258474806
0.252530074005193 -0.0833680885527775 0.000687410770039318 0.0350830321854166
0.221212332253225 -0.00968044009647608 -0.178918527221036 0.0331044497451647
0.207811071029707 -0.0709251028078612 -0.172972916942842 -0.0438399827547997
0.155024475740727 -0.13897753562922 -0.211461955395341 -0.0267667555067838
0.0398573599197892 -0.178538855846967 -0.180216776989173 0.014872508221661
-0.056612538439792 -0.15831479716766 -0.15055417349004 0.044690877871399
-0.108609626863912 -0.100980343063255 -0.109337959638139 0.0683792284492438
-0.12874032138123 -0.0609514526465104 -0.086478344728945 0.0555344076762816
-0.138240746084988 -0.0577044968346416 -0.0747442331250919 0.00530853892883243
-0.134314369900033 -0.0630041862980183 -0.0746833440270694 -0.044046282952032
-0.136562027774721 -0.0818484905451114 -0.0458745838862943 -0.108418883244587
-0.112679770678811 -0.131154619603759 0.00841936827832345 -0.147833966998452
-0.0295814100306273 -0.180029916695294 0.12330109488026 -0.109360241356568
0.0882195183508745 -0.183589659308609 0.160600130864814 0.00598437791345213
0.186101126578367 -0.125979387598137 0.0697674121842409 0.0807942063200813
0.2234321976248 -0.0376183381289975 -0.0799004892897212 0.0420424042859404
0.157623997072047 0.00461438183359733 -0.251407811421899 0.0468813927042653
0.157577404293975 -0.047010838933191 -0.209415072237033 -0.0133373805121119
0.114805580549238 -0.104512614405943 -0.201929946131053 -0.0194597964351322
0.0245735629595686 -0.130734273758916 -0.166631557556609 -0.0163907686164301
-0.041028195565467 -0.113459464844648 -0.168422131318193 0.00444661598873219
-0.0778927365170739 -0.071979975140543 -0.151056753914951 0.0362861316184534
-0.0927769170272146 -0.0470747215726871 -0.136795691952969 0.034484957642256
-0.0956316260567723 -0.0529778165472492 -0.122570808481704 -0.0149810741677641
-0.0882475183127361 -0.0601739780029446 -0.112188897901295 -0.0683051245297674
-0.0823332662523052 -0.0756644714580324 -0.0657456536065643 -0.135635434841144
-0.054982396383745 -0.108038503084924 0.00617914886943926 -0.170179942408305
0.0119715095600876 -0.133363401207689 0.121201047597003 -0.11805738621587
0.104240426941595 -0.115946802727369 0.140707176557289 0.00852231707041656
0.161777061286578 -0.0563738819733709 0.0330663746473271 0.0724776890389794
0.163946264548294 0.010026842286574 -0.140954452772499 0.0300545379070551
0.069629383465351 0.0253370511006507 -0.283755986634985 0.0576796749827184
0.085738225032446 -0.00698343773257815 -0.219106626989859 0.00688937769031875
0.0612214091621508 -0.0439599600515949 -0.186143171827712 -0.0175488762081273
0.0147319711419235 -0.0567764821101398 -0.161454453333371 -0.0355372414036341
-0.00912491380612659 -0.0500150355428621 -0.180349960039614 -0.0144860466542411
-0.0280894466235233 -0.0352135804971933 -0.176647510773688 0.0205140839733921
-0.0398775387855531 -0.0278709305054382 -0.166707385698446 0.0200577531360863
-0.038738830624402 -0.04006882691093 -0.149621982308208 -0.0320617487446374
-0.0340023255911671 -0.0437251794286099 -0.129186718067595 -0.0906512189145665
-0.0277901997225603 -0.0522373399780783 -0.064543362163765 -0.158806783334697
-0.0101870449963737 -0.0683341083504569 0.0210845694444721 -0.182024422461592
0.0282838252371517 -0.0766794833483964 0.127320852389767 -0.117900013466561
0.0899200955233302 -0.0521499935485307 0.124468948799606 0.00627114960016557
0.11048399847336 0.00199415019016265 0.00962781104219818 0.0537654300372441
0.0802882258720774 0.0435683198996785 -0.172477622618763 0.00538598171354932
0.00151832297585953 -0.0480856498527647 0.19395249394397 -0.0219012805071627
-0.0387952517986663 -0.017981061563693 0.0265316287273956 -0.0872354455334881
-0.0356045104169295 0.0129811630225728 -0.113249766025921 -0.02062597572098
-0.0084685108151846 0.0144232455340154 -0.146766240266736 0.112894645285399
-0.0124079377267074 0.00552896222956258 -0.0473444290722648 0.188488648637402
-0.0128121807994262 0.0076220105784202 0.0613189944944278 0.167509066568111
-0.0131777347221709 0.01247257843558 0.131735581160595 0.113934224442081
-0.0235783112742745 0.0177631697714156 0.164909243696713 0.0397770317949152
-0.0276790244034947 0.0175740233365275 0.167955643342187 -0.00592505427142881
-0.0353267739026798 0.00757145135438655 0.170443496204116 -0.0248842272101049
-0.0336748721136136 -0.0134953523570394 0.178817117317892 0.000264470027948815
-0.0178275486125111 -0.0259803437689168 0.173780912584545 0.036190676596015
-0.0187243395870512 -0.0297742564246354 0.173094414122496 0.0260718217439295
-0.00822718311371277 -0.0468077769459129 0.205429312175532 0.0134059015590672
0.0314143063611636 -0.061278154097327 0.260453639196201 -0.0500791885206297
0.0846113515505225 -0.0501786157269193 0.166117358564621 -0.00384688803298849
0.0301050279469614 -0.0373665717824807 0.0177061897340524 -0.0772988932555098
0.0140635954811781 -0.0200153321546346 -0.125037595627365 -0.0200124043560646
0.010933823479479 -0.031125686348937 -0.157031656940983 0.106340050045423
-0.022538873327192 -0.0413037563872444 -0.0643751440149074 0.181774633006383
-0.0457662937143614 -0.0284248531959467 0.0431964380513611 0.171708744915868
-0.0591370835049508 -0.0117276685302889 0.113174968289547 0.120287806294292
-0.0809105554197916 0.00180001396959835 0.145367543921772 0.0452627875877584
-0.0881300884031699 0.000855970225486146 0.144871862442498 -0.00615379154664387
-0.0997683124034037 -0.016820557654517 0.145347822725915 -0.0381818848614423
-0.0925828172474935 -0.0614449617998463 0.15798978612701 -0.0292400133749024
-0.0438779933099959 -0.101316949721647 0.173807499551386 0.00780074953350555
0.00571288944994054 -0.113954693949229 0.178047740039019 0.0136260444191429
0.0592011067610613 -0.112251533996849 0.18677921995313 0.0135340114803382
0.120824937073292 -0.0949782405982185 0.223418039071158 -0.0406352988380459
0.160096709419561 -0.0450947140054003 0.107347430847551 0.00545337904851367
0.104173414491805 -0.0540191240290879 -0.0106822275201534 -0.0793237177539154
0.0721616530436379 -0.060122776068372 -0.151231356376257 -0.02485227437483
0.0307337897737044 -0.0856867683852667 -0.1702072443013 0.0982014452995188
-0.032982118723106 -0.0921758137973688 -0.0819069362327867 0.167273147009826
-0.0759282101614926 -0.0637512238542178 0.0200450321936063 0.16301478974096
-0.0997257445155622 -0.0336909088346351 0.0801590066784103 0.114051425993667
-0.126575605659454 -0.0146625283419775 0.105793074729709 0.0433482218541294
-0.134459166878569 -0.0142264066539063 0.100845982596515 -0.00907043506649592
-0.150925340687342 -0.0324240406294638 0.101128285504486 -0.0529228712173597
-0.14455986190093 -0.0920311889078051 0.11988615736532 -0.062778267558262
-0.0776013446396514 -0.155301306586836 0.164237202597805 -0.0294964907881242
0.0130610116400479 -0.184313676527204 0.181782992572278 0.000314903141683435
0.108286483459215 -0.168267293295772 0.165451745022714 0.0244795980583171
0.189020430164731 -0.118406194653532 0.162506594449745 -0.0205780699052107
0.213557489657462 -0.0389648064600866 0.0220699615990638 0.0126715514131689
0.168172803746036 -0.0722944304556473 -0.0580110152735254 -0.0788735978001251
0.123742490832167 -0.106896867102359 -0.180449178645906 -0.028440529038179
0.0412493045307478 -0.142142636204138 -0.180333680824981 0.0827061440644843
-0.0489982455208739 -0.135953697150296 -0.0991492925310391 0.139486713299771
-0.102474579363805 -0.0891496008953189 -0.0123461414234272 0.139384489472165
-0.128042565378969 -0.0487522053154046 0.0337337928519314 0.099741420430441
-0.153361235565515 -0.0293282214662399 0.0513585736250175 0.0358359465173904
-0.159616882302322 -0.02826293437897 0.0423811291807378 -0.0133443502565738
-0.177089754653864 -0.0446157656665774 0.0453469644073952 -0.0665602180470776
-0.171753147504405 -0.10889331013588 0.0718228240582219 -0.092758610649077
-0.0956141615512142 -0.184778017617077 0.146584583619132 -0.0663859576582305
0.0198607589807112 -0.22353262408079 0.179692511753986 -0.00946375460194859
0.142119779577768 -0.197079030659958 0.139852375365663 0.0422210320056631
0.228660899252112 -0.120760752716516 0.0849422201120327 0.00797993946841858
0.233367775765211 -0.0314027730585729 -0.076471342481748 0.0236271083728166
0.202273389633254 -0.0840695423455828 -0.115256932574937 -0.0639571057174223
0.149735439208494 -0.140788937218845 -0.200807655638377 -0.0237038019949269
0.038560363344162 -0.177411977880971 -0.180467475575667 0.0562842936383545
-0.0627636211658113 -0.157832692674112 -0.120070456208707 0.096543926932115
-0.116026428918182 -0.0993067674035171 -0.0538417989251684 0.10614775244138
-0.138608055518036 -0.0545218865955165 -0.0222891406831265 0.0788815885672479
-0.157114021882672 -0.040868224203934 -0.011238629155906 0.024586290362892
-0.158004928353845 -0.0424045668975882 -0.0192449559589822 -0.0221332696919588
-0.17011037504323 -0.0581973157090026 -0.00878099595694822 -0.0809944271492855
-0.159796008104755 -0.118449042126475 0.0279003583212058 -0.117160291732822
-0.0807024686254299 -0.189165601584407 0.126081518998843 -0.0939174673861372
0.0423603451986778 -0.222553837051945 0.170533183119928 -0.00956647739772909
0.164668327369913 -0.182956027628173 0.107765312665751 0.0631877294130714
0.237056426460434 -0.0954784412126019 0.00169339165656408 0.0334026949239358
0.210569146253515 -0.0212121730426025 -0.169022058753867 0.0404160859565679
0.194452273785271 -0.0795793072330444 -0.167270361517511 -0.0353174824851082
0.140798717119806 -0.141230095653758 -0.20409724051241 -0.0145452232502076
0.027459714149358 -0.172496818350137 -0.172316823612069 0.0231184197554244
-0.0637901581671288 -0.147839559837754 -0.141235605007959 0.0496871912903792
-0.108729811805523 -0.0898742954460015 -0.100777391791901 0.0716391279227032
-0.126117811405022 -0.0498337139193831 -0.0792640603114246 0.0580586603293767
-0.136561465081573 -0.0456516532892633 -0.070923083637674 0.010403963071116
-0.132222100644807 -0.0516772912897673 -0.0730908435817256 -0.0366119877579318
-0.135234219563635 -0.0679820731414503 -0.0490912746269939 -0.100830061415769
-0.115933621323355 -0.117285440892965 0.000282595730497925 -0.14029598882934
-0.0395510667791759 -0.169373666433203 0.113066457201158 -0.110641469661978
0.0748857145612412 -0.180596900116689 0.155059610982242 -0.00500955528459115
0.170117376632049 -0.131319730862087 0.0707785618329705 0.0731853718520355
0.211943529560269 -0.049389244964673 -0.0753507293992206 0.0446336568497605
0.151073840250293 -0.00487534186327815 -0.23779994801838 0.0583469435725577
0.14736169879733 -0.0541138893405671 -0.199925169943211 -0.003345742543308
0.10479502275567 -0.106447035825306 -0.194025294342146 -0.00714591997147295
0.0161229445114217 -0.125610745035242 -0.161089581352313 -0.00733396415685469
-0.0469151807740969 -0.105490536461836 -0.161425656138277 0.0119711478663915
-0.0773297131375099 -0.0644829374014894 -0.142537749251515 0.0438240368967096
-0.0909531786786165 -0.0384946935019146 -0.127941425630002 0.0408983674428451
-0.0956728949813938 -0.0445685931384705 -0.117756701782995 -0.00513933142768493
-0.0882249093688648 -0.0521540420274113 -0.111004757736264 -0.0566446787459293
-0.0828787630653253 -0.066306936894732 -0.0699955011001312 -0.125031084959821
-0.0588135836088976 -0.0989715896912298 -0.00276588716340178 -0.161247168505374
0.00327244392558029 -0.127151828501606 0.110276330795395 -0.118999127206322
0.0934752920208241 -0.1165346372884 0.136764899452311 -0.000946302733786582
0.151610275990067 -0.0628669942652062 0.0352346932151349 0.0672899229393272
0.156961339911453 0.000129555759781312 -0.133283016954797 0.0370636483078427
0.0669143974560244 0.0204091241081236 -0.268124346388292 0.0709130100040114
0.0813745267866501 -0.0114471278709491 -0.20937994160085 0.0186337327073812
0.056888058552234 -0.045532223682272 -0.179251435692918 -0.00709397355711525
0.0109832018201049 -0.0540426485282408 -0.157108928879378 -0.0260589072939548
-0.0123371590372657 -0.0473585248368828 -0.174027752447839 -0.00521787976817804
-0.0282209961873439 -0.0318539209511419 -0.167804332193929 0.029866619168509
-0.0392953105807508 -0.0233672911371634 -0.158389961791146 0.0301841238294011
-0.0401541500961959 -0.0362658899918503 -0.146293687741234 -0.0205120331829398
-0.0346774041653069 -0.0400988137048364 -0.128172366466528 -0.0773888529639918
-0.029170375267319 -0.0473544828447776 -0.0710820928118648 -0.146706267401329
-0.0137658824515877 -0.0637478986290117 0.00996136691244699 -0.174387408716652
0.0225106765038668 -0.0741188473994428 0.115739570338702 -0.119441813779721
0.0831541784392575 -0.0554662285254821 0.121442646661809 -0.000926368448510643
0.104961205157834 -0.00407494121610017 0.0123004596451 0.0502601436435547
0.079023642335281 0.0377989370961319 -0.163529931090855 0.0161810071666493
0.0066113034575882 -0.0434517287958264 0.183253553868702 -0.00371118985300896
-0.0325311176388834 -0.0206390066707478 0.0321417646786413 -0.0817908605921744
-0.0345349080749297 0.00747353558984278 -0.103501652468317 -0.0335762173687083
-0.0103426559840472 0.011485371299506 -0.147330048267993 0.0862345822497149
-0.0133074569749892 0.00330799661479846 -0.0635902418697757 0.166839369484152
-0.0146318318413329 0.00430375370275764 0.0381241933299248 0.159506407380156
-0.0140879557780054 0.00900102610009436 0.110376441071034 0.117133556290965
-0.0242157736382999 0.0137463124799804 0.150219575535333 0.0539429596324162
-0.0284097634429885 0.0130421012929051 0.161020975845872 0.0121609552577006
-0.0342858630289401 0.00293620611375967 0.164463531413819 -0.00459898638121589
-0.0314839007466147 -0.0176059580469128 0.171385105118501 0.0213706578460379
-0.0157497398083972 -0.028431008292918 0.163722380848554 0.0552871203343926
-0.0160561298600809 -0.0325600791944919 0.161188821237804 0.0471262818539196
-0.00324321859863171 -0.0462803462273668 0.194881110714113 0.0393163800498638
0.0352043168039223 -0.0556899414800687 0.256808206270906 -0.0164709321554421
0.0825271258326136 -0.0359710916705346 0.158105579384663 0.0150381691509199
0.0319092286342331 -0.0298714722778734 0.0267990839915755 -0.0724513571338097
0.0153485480713544 -0.0164292970314322 -0.112651899112509 -0.032925807548202
0.0138448828362179 -0.027647953531542 -0.153720838096723 0.0799469317450593
-0.0155633608049902 -0.0415170117518353 -0.0773003451575567 0.15914916940493
-0.0399087145738519 -0.0326720296400554 0.0218312679290279 0.160418634466724
-0.0542297839660223 -0.0180404720416959 0.0935490393554818 0.121369600045336
-0.0765186269177252 -0.00728003386757931 0.131617015129504 0.0566073403157142
-0.0833284971306068 -0.00963884245564924 0.139703786104632 0.00985203239776171
-0.0919748828415737 -0.0266999845846202 0.14443790492936 -0.0182686091288162
-0.0817950128527905 -0.068851082243923 0.156119195274599 -0.0057918072345272
-0.0322513239110672 -0.102091640286629 0.166826071196055 0.0302273233128743
0.0162183867056551 -0.109391691752128 0.166021021610228 0.0380425621670745
0.0681764749158721 -0.100700985643082 0.174784949197082 0.0400471330498116
0.124214643954731 -0.0784169256670209 0.217659003397982 -0.00868025280147345
0.150656344267153 -0.0225665058433279 0.10473192183687 0.0227135981591373
0.101186716837472 -0.0357860791246442 0.00352957858570342 -0.075047387198977
0.0747120248857611 -0.0462310324935748 -0.132836654410681 -0.0373359645864943
0.0399992637758372 -0.0749956521530123 -0.163188744332421 0.0715779056500158
-0.0181656187878838 -0.0892149279780165 -0.0894103742625407 0.14369397608167
-0.0629545555163094 -0.0681735806466465 0.00205323743386892 0.147174163403457
-0.0894243079226166 -0.0434126068359421 0.0638141370232973 0.113315907648787
-0.11806342826413 -0.027760443951158 0.0945921836073603 0.0517076015514164
-0.125362138602758 -0.0289512986971838 0.097721944373313 0.00403161346242309
-0.137662003031706 -0.046596176161011 0.105895281250579 -0.0368314621630668
-0.126550881470216 -0.102637251141246 0.125701773512299 -0.0397253779114436
-0.0578012017530408 -0.156700587946329 0.163676140353075 -0.00532930716375584
0.0297700182507763 -0.175120937689283 0.170676918116913 0.0273533319439936
0.120006479382149 -0.148309376959379 0.150847735130652 0.0497117072882315
0.19224358308065 -0.0941117104899808 0.153939263411096 0.00695722395667645
0.199380997218487 -0.0110575293824692 0.0271142064051189 0.0243298252088545
0.161808100423801 -0.0448414061173487 -0.0369259682935255 -0.0771860845782271
0.127484959493855 -0.0826584976288505 -0.155287408999309 -0.0421930484676778
0.05644675714126 -0.125518174036331 -0.167476716381402 0.0566578932463101
-0.0266803227095445 -0.13252861926821 -0.100921459598944 0.116544867336621
-0.083739818485675 -0.0955490219620516 -0.0235798575992041 0.122761920783921
-0.114565983211982 -0.0596871857122466 0.0231752618881939 0.0951373044016885
-0.141576463984336 -0.0441158556143688 0.0432674130529427 0.0395351075845941
-0.147057923552091 -0.0439213928058624 0.044619936310106 -0.00673683896307805
-0.160130717951427 -0.0605686240650899 0.0547234987478562 -0.0545034101620875
-0.15011119575144 -0.12032412347761 0.0844687143529136 -0.0722886861078823
-0.0715846830710312 -0.18466839335934 0.15088861516711 -0.041420248817077
0.041187892242326 -0.211875858649185 0.169218074049262 0.0183102585512508
0.154684532574109 -0.171644606610044 0.123042626298008 0.0647006314200125
0.230253196172607 -0.0916479639036165 0.0745561363988023 0.0261116350000828
0.215366019376673 -0.00168361869950123 -0.0646716441080489 0.0258086759930539
0.194171028665641 -0.0520775087031116 -0.0903222179200469 -0.0676505150939374
0.155528158112022 -0.11032386534712 -0.1714995923407 -0.0395005096120659
0.0592898236835675 -0.158422361085062 -0.163883098370824 0.0319643279924931
-0.0359979133945978 -0.154351234279423 -0.114296177626911 0.0746248247465177
-0.094573860020551 -0.10619963349806 -0.0586586262744789 0.0866871467711484
-0.122633078189209 -0.0658039027399638 -0.0262832234469185 0.0707889134372271
-0.144176089769531 -0.0552143472497341 -0.0136935912158825 0.0229476101193619
-0.144042117092273 -0.0574079469809179 -0.0139277168874312 -0.0204494039902846
-0.152271673108182 -0.071795922949001 0.00498486379463585 -0.0734433956015719
-0.137279942890222 -0.126883078657333 0.0451282011186273 -0.100341494258822
-0.0573649904986377 -0.187276963890822 0.134176726223748 -0.0696646199640667
0.062102528177449 -0.207510274309328 0.160106640055664 0.0162582874518477
0.173974891630427 -0.155904149072887 0.0894671020257243 0.0805063918601896
0.235424807914421 -0.0659786528739469 -0.00906543762417764 0.0403339661373222
0.193366874158557 0.00475829464607497 -0.152437595965252 0.0314238287131609
0.185767115153793 -0.0484475641079347 -0.141513332867585 -0.0457410243515413
0.147554844504707 -0.111978808612567 -0.175884041441987 -0.0313128029801276
0.0483069302075107 -0.154364773685968 -0.152030544856384 0.00237846888844899
-0.0385771927349418 -0.144933751028066 -0.130040485719502 0.0289099850939619
-0.0880163240678741 -0.0968345126176274 -0.0988714003316646 0.0503191493818809
-0.111692804952792 -0.0602592735748246 -0.0782939142421875 0.0460869081488931
-0.124840567932596 -0.0579700625354985 -0.0679106618685913 0.00341458518692862
-0.118505976981345 -0.0634195261217159 -0.0641142392835753 -0.0394325188252625
-0.117993646626323 -0.0771726290656994 -0.0325084156246296 -0.0961033496873259
-0.0952233131932625 -0.121055196205527 0.0202012729494636 -0.125504498162553
-0.0202919743467931 -0.162297623686216 0.122558166942297 -0.0881455604513601
0.0880999435389064 -0.164950360405698 0.144873424529465 0.0170653540041132
0.174936043955066 -0.105786476318348 0.0522860749782871 0.0829408015497005
0.208020090108114 -0.0248969483815206 -0.0840654094824357 0.0417660748200286
0.137398127294131 0.0126892528657598 -0.219361232064818 0.038376472425317
0.141308759788649 -0.0308288347122436 -0.178684362251883 -0.0201890977014939
0.110318283054013 -0.0845776851881868 -0.169666898464636 -0.0243279139330079
0.03171501738516 -0.113329372482218 -0.140844260864839 -0.0241122455751764
-0.0289259498509605 -0.103957678993584 -0.144994511368117 -0.00755295653260287
-0.0621771304081446 -0.0698279384275158 -0.134917849726366 0.0221311932602916
-0.0795777965650964 -0.0452063031845975 -0.122340522010935 0.0259583786713325
-0.0858775613652415 -0.0521144144574147 -0.111148620957258 -0.0161843518799506
-0.0775594875983773 -0.0582884941796167 -0.09749031010894 -0.0630015767816969
-0.0695441314484766 -0.0695371725057602 -0.0506996191346801 -0.12207461582796
-0.0441226912978551 -0.0976277899814627 0.0165125552499307 -0.146816754013304
0.0153182245502513 -0.117879382459821 0.118718833137169 -0.0971501365604863
0.0998554212341528 -0.101747147681369 0.126658471019448 0.0171049331127685
0.149550947290374 -0.0429512847720604 0.0192445087644129 0.070984462067137
0.150335564452003 0.0172156351190978 -0.137862370294716 0.0251576908490659
0.0584926787559652 0.0261434868415749 -0.253592250466948 0.0424438694056533
0.0750311695060824 -0.000454929062947591 -0.192416414291324 -0.00197969480266938
0.0590672011102167 -0.034578968134531 -0.160072871721311 -0.0243535942410222
0.0170827811466531 -0.0483442731907278 -0.138216363702454 -0.0417647479598217
-0.00504149338709255 -0.0455332666061676 -0.157670419144017 -0.0236128740446723
-0.019837744485818 -0.0334821012232191 -0.158407263864382 0.00900829541154573
-0.0332765149913763 -0.0259134382746923 -0.150250312979535 0.0131053042131182
-0.0347283827525974 -0.0382449726596982 -0.135570071605967 -0.0323716245920191
-0.0278780351413827 -0.0412333627525481 -0.111758345233869 -0.0847390776821996
-0.0214479713455585 -0.0464479413366535 -0.0506225503145866 -0.143142343884195
-0.00638442653344306 -0.0595669781520128 0.0294033981320204 -0.159675687172183
0.0277478807741248 -0.0658269253037369 0.123575444178765 -0.097928340821804
0.0837136202700583 -0.0452533144785981 0.113258108892086 0.0139952505363027
0.0992713929747789 0.00719328633622456 0.00139947398206895 0.0493140188612369
0.0727275073081282 0.0443621268709913 -0.162549639908713 -0.000880514087206089
0.00676754098839757 -0.0415168825730218 0.175112306232661 -0.00126333160275138
-0.0306574097203723 -0.0204869343324657 0.0319007368628334 -0.0800700792309098
-0.0326025663453024 0.00665708233676582 -0.099192292206125 -0.0356734956771624
-0.00980733816038188 0.0109230679080202 -0.142941132135892 0.0795924863668509
-0.0124656704371805 0.00343454429589658 -0.064748465914621 0.158104253814991
-0.0142690793309958 0.00438508913825039 0.0321968573231505 0.152201234040429
-0.0137410739441296 0.0075293943108869 0.104361694035561 0.112517734729514
-0.0237325506099977 0.0131487999381161 0.144894286924797 0.0516906223647029
-0.0271561968458867 0.0120149812874287 0.154692693388439 0.012544349220113
-0.0332369193955819 0.00253446616156777 0.158896217445027 -0.001895162854938
-0.0303990260502717 -0.0168159488857217 0.164717097269997 0.0232241135407814
-0.0143851507694184 -0.0277932441188381 0.156334447859318 0.0566041673696289
-0.014619636496114 -0.0311445802848907 0.153333710002429 0.0497911102107708
-0.000914450460180689 -0.0441088376779475 0.186885887397756 0.0425755218617514
0.0345793246290389 -0.0535193906543004 0.247666891406616 -0.0117061360475752
0.0792281505451242 -0.032674455432589 0.150663570966561 0.0152117470082927
0.0312865720211229 -0.0278197217193407 0.0269002408688373 -0.0708733375787618
0.0156439694985814 -0.0152043413077866 -0.10741093737666 -0.0345599530015323
0.0143196636784835 -0.0263109127536161 -0.149636160963854 0.0735425827779154
-0.0143583724328743 -0.0394676684666108 -0.0775395919628478 0.15039004716308
-0.0377934872949725 -0.0316124564031357 0.0170975754625355 0.152644713478306
-0.0525363726531519 -0.0184809892784565 0.0874709514719702 0.116376692205425
-0.0734871162423417 -0.00761585650509837 0.126162704717059 0.0541331613265788
-0.0797873759816258 -0.0095904216231736 0.134526232485092 0.0107637866590069
-0.0882856755773408 -0.0263724615129168 0.139518708286777 -0.0164702330432045
-0.0774808372295581 -0.0666241637025827 0.151462256782472 -0.00225054476957137
-0.0296112645584214 -0.0985098727722855 0.160169405208827 0.0328502393091054
0.0170353583565232 -0.104856264211064 0.158285175675483 0.0398450757867875
0.0678264346607714 -0.0954890643219552 0.16729830173582 0.0427737810902218
0.120512369873533 -0.0735241310490021 0.209228521774445 -0.00478336424902754
0.144714941345019 -0.0188986734678162 0.0998837949173409 0.0216190572050221
0.0974443988084728 -0.0323565790237123 0.00495427756061106 -0.0744007316900248
0.0732229138747179 -0.0430492926623601 -0.126722044731304 -0.0395644761435023
0.0388487843075778 -0.0707050957714356 -0.158364438042795 0.0649991604229773
-0.0163670907730938 -0.0854526289368669 -0.0893632439291239 0.135013122920958
-0.059064354353271 -0.066211097380611 -0.00151415030393652 0.140202182656027
-0.0852301478702843 -0.0427533516690185 0.0588772348692686 0.107996872351276
-0.113347503622098 -0.0278030252848872 0.0906957433691382 0.0494522031825445
-0.120640608195721 -0.0286202365950693 0.0951809670155906 0.00357759662961429
-0.131770219164629 -0.0453301050683913 0.102335175443771 -0.0340392633090839
-0.121399325771338 -0.0993675023044247 0.122897297142129 -0.0351285049373607
-0.0528735233226577 -0.15048874788869 0.158237771364084 -0.00157774841583829
0.0315214886582023 -0.167878145785403 0.162642362856749 0.0284360095112598
0.118250677967893 -0.141407836239765 0.143936807313823 0.051816280532932
0.185596602522398 -0.087109805845616 0.147517686970899 0.00824886108598116
0.190550828241748 -0.00681701142636804 0.0256779857772101 0.0216734330185627
0.155440771952107 -0.0398257747541272 -0.0332817573019923 -0.0781225197341719
0.124465644191391 -0.0767175209348179 -0.148558010389021 -0.0433961810314669
0.055609310423581 -0.119567243671697 -0.162550414778532 0.0503500824416353
-0.024161722288051 -0.126220284514862 -0.0997599977439584 0.10881011392369
-0.0787797333621092 -0.092039362286062 -0.0254759494748599 0.115265931697636
-0.10885401203448 -0.0589212015130904 0.0207866837528697 0.0902774237677162
-0.135940679758057 -0.0435818012695041 0.0417963526063422 0.0376929179263492
-0.141476059703928 -0.0434277251081172 0.0423210386545387 -0.00540025888609892
-0.152441293104533 -0.0586659525547113 0.0540809315143401 -0.0522905236212755
-0.142540936375138 -0.116073582292905 0.0835220841477168 -0.066702915598437
-0.0664816143042992 -0.177570543495383 0.146433950269588 -0.0365738751230014
0.0423290076246125 -0.202642054790373 0.161445314269111 0.0206783360614628
0.150508644613457 -0.162762140301185 0.116357919106593 0.0656377450778802
0.222381335493915 -0.0851820904563957 0.0702988137130917 0.026276501031044
0.206234526008515 0.00220015381244112 -0.0623301507260317 0.0226976650688426
0.186147646630512 -0.0453476319716229 -0.0839546632792141 -0.0700406198520644
0.151696013080189 -0.103073583904036 -0.163001656354985 -0.0413164466438023
0.0589050355974105 -0.149979159977696 -0.158561573198252 0.0263705324702216
-0.0328067355024679 -0.14799917018747 -0.112374132622296 0.0684803203750457
-0.0890146010012747 -0.102760992370232 -0.0582803033947754 0.0816136465262393
-0.117236804577882 -0.0647593511013563 -0.0266251427003112 0.0666887895027861
-0.138702384236296 -0.0543065694618011 -0.0137197925094822 0.022021753042417
-0.138324598954158 -0.0563035537655874 -0.0122815633791686 -0.0190878737135018
-0.144958061498043 -0.0693409074297859 0.00673238862523415 -0.0711063831770671
-0.130127220827646 -0.121749881561357 0.046321793667256 -0.0940966460626393
-0.0523415367411872 -0.179282319353683 0.131263455385717 -0.0635560153412
0.0629268431516116 -0.197671059539296 0.153185682317099 0.0178537310759971
0.17034318980687 -0.146967729880287 0.082906795080719 0.0792942189001355
0.226792491190681 -0.0600661793409076 -0.0103255867461289 0.0395880951161284
0.185372463705741 0.00861040769395673 -0.146318865366435 0.026413284130301
0.178854501487468 -0.0426548363458255 -0.134360167152297 -0.0485105083523425
0.144641993600896 -0.105097777656553 -0.167271638961037 -0.033739430246354
0.0486035331622877 -0.146946454330044 -0.146720993392395 -0.00225050392649582
-0.0354708710630866 -0.138942950794631 -0.125864054360279 0.0243562480423463
-0.0829150246556437 -0.0937204926657402 -0.0957020980996041 0.0459791022308721
-0.106109464770331 -0.0589559193909983 -0.0756224895782507 0.043471402355116
-0.12007238734744 -0.0559834710895007 -0.0650361086097685 0.00322548820577817
-0.114024309392863 -0.0613596233024965 -0.0598016979481786 -0.0381114395339597
-0.111547098551294 -0.074201853916953 -0.0295536640237117 -0.0928288601662608
-0.0901885780980146 -0.115741911920573 0.0233648929166451 -0.118840515306593
-0.0171029509867429 -0.155182403786325 0.119877084327801 -0.0813520225091945
0.0873247044282892 -0.157157785423717 0.138893799276602 0.0182374247102563
0.168888541915273 -0.0987678722170096 0.0475311829364806 0.0811794428864315
0.199097586262342 -0.021376156144283 -0.0816585398585784 0.0388263584291262
0.130749640972553 0.0149260382420622 -0.210776366019241 0.0325960186631549
0.135051901288132 -0.0267315910973811 -0.17011493098829 -0.0241796495818157
0.10801267544802 -0.0791364249266669 -0.161632310516754 -0.0278094805205955
0.0318896559547689 -0.107239092083547 -0.136074439596358 -0.0277070656346659
-0.0264509019507966 -0.0992570731501268 -0.140312506629794 -0.0108027768442955
-0.0581905492733983 -0.0672879515103914 -0.129566655509843 0.0191835879855873
-0.0755549437793731 -0.0442329630094523 -0.117462565813483 0.0235994855558194
-0.0827858105592709 -0.0503216480144673 -0.106343993285904 -0.0153556012388009
-0.0736987764236365 -0.0570631676026917 -0.0921609328837419 -0.0603288394917883
-0.0649832911654915 -0.0675712727428526 -0.0467932303828077 -0.116580329985167
-0.041090232100213 -0.0929823824424542 0.0198405953104314 -0.139233594010811
0.0158517955862063 -0.111737671146016 0.116173030084552 -0.0906177017466801
0.097409333726162 -0.0969219356622732 0.121944437491422 0.0183445283052932
0.144322585353668 -0.0387384461309132 0.0166776983539554 0.0683934825022046
0.143684417103153 0.0186107342482304 -0.132455507722935 0.0225837101836969
0.0549897786316464 0.026193132467191 -0.243568871617268 0.0369931819008623
0.0711728111206687 0.000904639395514802 -0.184054967692471 -0.00554919992623416
0.0575744512475945 -0.0324297288005457 -0.15226382772644 -0.0270044832916046
0.0175460841436116 -0.0454162595090524 -0.133166385454497 -0.0441147029785575
-0.00456442869450445 -0.0433123400742132 -0.15172280196841 -0.0268511781084251
-0.0179340267933955 -0.0322504307181803 -0.151403118506974 0.00665893431083217
-0.0304928146801799 -0.0249250612586647 -0.14360005746903 0.0113683610129124
-0.0334788519392165 -0.0367199481125198 -0.129423006572686 -0.0308227207703861
-0.0266569378936678 -0.0401321569084649 -0.106247105296183 -0.0811695181373628
-0.0196030125231089 -0.0446771566366524 -0.0455606099207112 -0.13743846758365
-0.00527194717858158 -0.0563285276044407 0.0315848408025202 -0.151310475113894
0.0277067219276422 -0.0617075929666646 0.12083608581856 -0.0913371286097309
0.0808863021543158 -0.0420900190099757 0.109486309338057 0.0155722207438039
0.0953800427505729 0.00915510374731784 -0.000331175702327943 0.0485694274877826
0.0687516516395268 0.04430229385298 -0.15518353835572 -0.00251630050241358
0.0080000298947475 -0.0408724400890818 0.173045990738403 0.00194412846595523
-0.029186243121664 -0.0207099806012825 0.0333508646880451 -0.0801543544308595
-0.0328866687596284 0.0061760796502094 -0.0977252045146018 -0.0402478656195414
-0.00981948934665082 0.0104525318467988 -0.145302934481852 0.0748398949783211
-0.0127003722920268 0.00310898785834042 -0.0697076004814192 0.155476944808718
-0.0145853260731014 0.00443196096489862 0.0254081849717781 0.151578036712254
-0.0150134175959841 0.00679086833986352 0.100247127701303 0.113675943611395
-0.0241140644849677 0.0124999029708664 0.143147195131507 0.0529296190340802
-0.0266329492526382 0.0115373078713773 0.154405928527397 0.0152620296209851
-0.0332982548275756 0.00137577492813989 0.158620148468081 0.00158804372892009
-0.0298603332998178 -0.0177310025664498 0.163772418371737 0.0281488076941938
-0.0136354557204496 -0.0284310364997235 0.154837042890992 0.0615142326610171
-0.0135370705032065 -0.0318167925506337 0.150791694191102 0.0552945133521776
0.000324023864487734 -0.0448334065375404 0.185986598107938 0.0504183073237521
0.0359469032356334 -0.0527908771030555 0.247403891388617 -0.00371583587481913
0.0794673936436855 -0.0298135775274378 0.149231109434862 0.0174768252834106
0.0321035067592109 -0.0261989829496313 0.028352640328675 -0.0725544554845244
0.0165771126824022 -0.0144573097555575 -0.106387160177304 -0.0397601653454503
0.0148420727817706 -0.0255681683754085 -0.151261893831734 0.0682473325067034
-0.0130311545214683 -0.0397102273905679 -0.0828289333506807 0.146991831279907
-0.0366709063489589 -0.0320801258518689 0.0110454607552603 0.151194896380139
-0.0521917404691097 -0.0201086194926771 0.0835454990367434 0.116685588860742
-0.0735188316536117 -0.00931679393183617 0.125317287702374 0.0550913686803223
-0.0789098028962199 -0.0117298821742745 0.134525216170126 0.0131908798324051
-0.0871811635967389 -0.0280410271026534 0.139740930733699 -0.0127230342813832
-0.0761588806278095 -0.0677004346203963 0.151811274326868 0.00210016172982289
-0.0265357688814584 -0.0989619538294362 0.159336840841378 0.0383090482920589
0.0204643625381581 -0.104439592583023 0.156025890658493 0.0456825558387473
0.0708110757074327 -0.0937536776174159 0.165786954608405 0.0490211467583968
0.122437520452603 -0.0706502043408642 0.208980007990495 0.0010481400179714
0.143999706689126 -0.0139824135396909 0.0983217350791373 0.0219268501784338
0.0981272964477665 -0.028624667900809 0.00737492944396059 -0.076652000340851
0.0744038061063833 -0.0406129846630475 -0.124600393772052 -0.0445329850328623
0.0416857609465372 -0.0693112059063357 -0.16007012437945 0.0594402588378177
-0.0141359696214848 -0.0849462418115972 -0.0940196856021176 0.131506964204942
-0.0569801698292199 -0.0663900339763119 -0.00608987270902301 0.138135420964492
-0.0841658315273573 -0.0451917649191541 0.0558921738098443 0.108183384595374
-0.112912987311793 -0.0296507385722032 0.0897991924958336 0.0492220035369682
-0.119286413806882 -0.0309217787602488 0.0951036716652243 0.00573269251385056
-0.129571463834193 -0.047412655253786 0.103375303023345 -0.0323682761872668
-0.117921513824291 -0.100314666877129 0.124689670204598 -0.0311581049124846
-0.0488544304227274 -0.150912002214409 0.158735225551734 0.00373064601259419
0.0363058707858313 -0.166703680894539 0.160126196066863 0.0336007138336035
0.122608572583423 -0.137869184729265 0.141430656164675 0.0562205213740685
0.186986365741857 -0.0825755721399174 0.145759800385978 0.0130429978760274
0.189245195512877 -0.000769281733734161 0.0248807539431204 0.0210364234986364
0.155461745345575 -0.0346355793054726 -0.0301803543321152 -0.081032778889107
0.12659637790078 -0.0732454506392597 -0.14587439488955 -0.0489642281258276
0.0593828769858359 -0.116278857951916 -0.16421138431703 0.043936336096275
-0.020913297230667 -0.125581046132927 -0.104228336940217 0.104698125973093
-0.0756107580755456 -0.0930784294528126 -0.0293050405519677 0.112828285383816
-0.107060476218664 -0.0616376781429428 0.0173431226596545 0.089403060210074
-0.135421197439263 -0.0455004481676094 0.0409348918827802 0.0379645114203726
-0.140229668752729 -0.045945526624147 0.0428813125100391 -0.00524232459716333
-0.149764597148494 -0.0605653828496313 0.0556009071625584 -0.0513392210387477
-0.139276226867185 -0.117131037887729 0.0866174247942105 -0.0632618747297706
-0.0611793551385729 -0.177456414515036 0.147432846416226 -0.0309330344409295
0.0479560395748913 -0.20108832528019 0.159415325895634 0.0252308787508896
0.155520454112736 -0.158341718177402 0.112919356632444 0.0701938149399969
0.222806729769276 -0.07932390659972 0.068677730569147 0.0286694481336215
0.204973639341104 0.00859360671206557 -0.0625355235667334 0.0188852342757814
0.186167392195463 -0.0391229424283184 -0.0807872070753203 -0.0745433129112437
0.154814010180697 -0.0985971132495713 -0.160274284717603 -0.0472665968770347
0.0629947951694151 -0.147252959296255 -0.159213755645815 0.0202831521722237
-0.0291397164092884 -0.147294318278825 -0.11503182080913 0.0638535384413868
-0.0854014582550143 -0.104264513278032 -0.0610305657687707 0.0783777616325504
-0.11465175994669 -0.0669477710113049 -0.0280270678923177 0.0655412942712299
-0.137492513190639 -0.0562322022763942 -0.0134223037032878 0.0213460342644952
-0.136860372346978 -0.0585110741450445 -0.0113186936967645 -0.0191812014168332
-0.142128986592093 -0.0710517831217009 0.00875840534309336 -0.0704279847559462
-0.126517825991983 -0.122862099767205 0.0506786980370483 -0.0915469530603902
-0.0473251555336446 -0.178578963020178 0.133176271042302 -0.0586565145179556
0.0678828997734594 -0.195780650851687 0.15166385681945 0.0222963117051701
0.173143563272801 -0.141746041618369 0.0796665699194344 0.0820783324970879
0.227242253013936 -0.0540938380835596 -0.0121569949195041 0.0395700121734256
0.183856200952131 0.01399449734876 -0.146544987032603 0.0204449050546378
0.178296770686179 -0.0365863963936321 -0.130837059361283 -0.0549337332208144
0.147401484182615 -0.101306992882179 -0.163834115664793 -0.0394409291880662
0.0528714242883905 -0.144268594510785 -0.147096868991595 -0.00825121019743143
-0.0323756655863954 -0.138508051432054 -0.127915793324183 0.0197731761006574
-0.0798165355887864 -0.0952038779520589 -0.0965137289789637 0.0426240111185339
-0.103795086914096 -0.0608134457188346 -0.0758337134331335 0.0411209788955426
-0.118519635581536 -0.0575466806103118 -0.0644846213930759 0.0022422578841678
-0.11258149674798 -0.0634384786929906 -0.0579976761005884 -0.0386191731479837
-0.108523261362723 -0.0751936975571648 -0.0260870121501709 -0.092965817446314
-0.0861528471098066 -0.115452132160188 0.0276470360949522 -0.116684400880783
-0.0131715297066504 -0.153678607515846 0.12211147717145 -0.0773640037018347
0.0911433131127066 -0.154324593089748 0.137653979536333 0.0214583249695951
0.17103493069589 -0.0934319330679751 0.0438765225403589 0.0827917407286796
0.198724762174113 -0.0149866321606343 -0.0826607087390756 0.0377121931826194
0.129765429642645 0.0193751247750099 -0.211141336971301 0.0252499640043423
0.13489232313307 -0.0227249488787984 -0.167658031616306 -0.0303740835824117
0.109882895998278 -0.0763291243402811 -0.158500272687273 -0.0320854600973957
0.0347346201350082 -0.105679223906894 -0.13542883404462 -0.0334097921578825
-0.0240701588897524 -0.0987684766742107 -0.140500086830701 -0.0159596058163972
-0.0557432178063927 -0.0683258643046345 -0.129451749887695 0.0154832699712977
-0.0738854170649192 -0.0454812312821496 -0.117229226695626 0.0210222967253152
-0.0815433809511049 -0.051409581648522 -0.105467671543208 -0.0162444295932993
-0.0726690800441444 -0.0581533747664452 -0.0897414679954377 -0.061169743589737
-0.0622898592958017 -0.067472875774694 -0.0422987605524607 -0.116779702983319
-0.0384001742138846 -0.0923760796467715 0.0245805126668665 -0.137002463422959
0.0189994303687126 -0.110078032274792 0.119229299734429 -0.0857512823639311
0.0994735839268643 -0.0941346122444399 0.121166302508849 0.021221488362482
0.144299205728838 -0.034313203883584 0.0132159556986302 0.0692295484003098
0.142341710520166 0.022983930587416 -0.132321287836421 0.0201358671247017
0.0537577759233326 0.0278777582086539 -0.243633722258879 0.0285557196747589
0.0701987962780713 0.00312720707453381 -0.181746777473584 -0.0114938017411376
0.058718131441018 -0.0303669897673206 -0.149879343833323 -0.0321464743895569
0.0188510607772206 -0.0445936969680975 -0.132073287716618 -0.0496223781135553
-0.00353014007158242 -0.0425811079173468 -0.151358802887692 -0.0320340635126404
-0.0164171777978265 -0.0326943789696475 -0.15174166552677 0.00269204352401669
-0.0294690569466941 -0.0253161910584048 -0.143595645117886 0.00899982467207513
-0.0330339140353861 -0.0367520219559871 -0.128474941465538 -0.0319709877934192
-0.0262487518860938 -0.0406114297036204 -0.102358958653281 -0.0820539054494232
-0.0180171478153277 -0.0445478586917774 -0.0413656233435154 -0.136401655852966
-0.00349037213934769 -0.0559956064297201 0.0367872149727754 -0.147718472590581
0.0291740856361047 -0.0598458809081361 0.123721543069818 -0.0866032252010309
0.0817212098490576 -0.0395719308676152 0.108709073946516 0.0185770141616124
0.0941975646775091 0.0122089335560066 -0.00284938632947749 0.0484823453350983
0.0672968160345015 0.0460160897231742 -0.153663908232984 -0.00604515027908898
