TRXV5
3
4
4
9
string Extension=J
integer IsArchMeasurement=1
integer IsSpherical=1
string Generator=SPM
string GeneratorVersion=1.3.1 Dev
double ArchRadius=0.449999988079071
integer FrequencyAxisIndex=0
integer AzimuthAxisIndex=1
integer ElevationAxisIndex=2
Frequency
5 136 690000000 960000000 LIN
Azimuth
7 8 0 2.74889357189107 LIN
Elevation
7 15 -2.74889357189107 2.74889357189107 LIN
Polar H Real Part
13
Polar H Imaginary Part
14
Polar V Real Part
13
Polar V Imaginary Part
14
Polar H Magnitude (dB)
12 0xC0000002 0 1
Polar H Phase
7 0xC0000003 0 1
Polar V Magnitude (dB)
12 0xC0000002 2 3
Polar V Phase
7 0xC0000003 2 3
0.00436305999755859 0.00370192527770996 -0.0658035278320313 -0.0885238647460938
-0.00285053253173828 -0.00905132293701172 -0.0245513916015625 -0.0351600646972656
-0.0128335952758789 -0.00116634368896484 0.0301437377929688 -0.00419235229492188
-0.00628662109375 0.00980758666992188 0.0681304931640625 -0.0292167663574219
0.00279426574707031 0.0068812370300293 0.0672721862792969 -0.0587692260742188
0.0031590461730957 0.00162124633789063 0.0442276000976562 -0.0904464721679688
0.00164270401000977 -0.00681447982788086 0.0110321044921875 -0.0974807739257812
-0.000426769256591797 -0.00588607788085938 -0.0131759643554687 -0.07794189453125
-0.000671863555908203 -0.00587272644042969 -0.0226898193359375 -0.0554695129394531
0.00418734550476074 -0.00427412986755371 -0.0258941650390625 -0.03875732421875
0.00360536575317383 0.00087738037109375 -0.0402259826660156 -0.02099609375
-0.00643348693847656 0.00431442260742187 -0.0464134216308594 -0.0111961364746094
-0.0130739212036133 -0.00783061981201172 -0.0625801086425781 -0.0100440979003906
-0.000262260437011718 -0.0156221389770508 -0.09478759765625 -0.00371551513671877
0.00139951705932617 -0.00844287872314453 -0.101432800292969 -0.000267028808593763
0.0402603149414063 0.0290107727050781 -0.05230712890625 -0.0836410522460938
0.0344009399414063 0.0122718811035156 -0.0100212097167969 -0.028717041015625
0.0216140747070312 0.00909042358398437 0.03814697265625 -0.0043487548828125
0.0267906188964844 0.00839424133300781 0.07305908203125 -0.0289688110351563
0.0287570953369141 -0.00453376770019531 0.0690460205078125 -0.0568199157714844
0.0213203430175781 -0.0240287780761719 0.045013427734375 -0.0886993408203125
0.00863265991210938 -0.0360260009765625 0.00991058349609376 -0.0899429321289063
0.00623512268066406 -0.0334148406982422 -0.015655517578125 -0.0681419372558594
0.00503921508789062 -0.0365791320800781 -0.0252227783203125 -0.0452880859375
0.0147857666015625 -0.0352783203125 -0.0296249389648438 -0.0319652557373047
0.0233192443847656 -0.0230598449707031 -0.0437164306640625 -0.015167236328125
0.0214443206787109 -0.0130519866943359 -0.04608154296875 -0.00818634033203125
0.0202121734619141 -0.00936317443847656 -0.06109619140625 -0.00608444213867187
0.035247802734375 -0.00650405883789063 -0.08526611328125 0.00280761718750001
0.0386238098144531 0.0062408447265625 -0.090606689453125 0.00708007812500002
0.0692825317382812 0.0513267517089844 -0.0291595458984375 -0.0698509216308594
0.0680046081542969 0.0335273742675781 0.01019287109375 -0.0152854919433594
0.0555496215820313 0.0186538696289063 0.0484352111816406 -0.000370025634765624
0.0586051940917969 0.00577545166015625 0.0767898559570313 -0.0252685546875
0.0532608032226563 -0.0162010192871094 0.0674018859863281 -0.05078125
0.0376777648925781 -0.0471458435058594 0.0415115356445313 -0.0794296264648438
0.0149459838867188 -0.0603981018066406 0.00827789306640626 -0.0718536376953125
0.0108184814453125 -0.0554656982421875 -0.0147743225097656 -0.0481033325195313
0.00835418701171875 -0.0617103576660156 -0.0245552062988281 -0.0262374877929688
0.0211753845214844 -0.0620689392089844 -0.0314540863037109 -0.0161037445068359
0.0373191833496094 -0.04547119140625 -0.0453414916992188 -0.00286865234375001
0.0435943603515625 -0.0307884216308594 -0.0463218688964844 -0.00288009643554688
0.0502243041992188 -0.0136299133300781 -0.0581588745117188 -0.00403976440429689
0.0662841796875 0.00107574462890625 -0.0680580139160156 0.00658035278320313
0.0696296691894531 0.0194129943847656 -0.0680732727050781 0.0176467895507812
0.0875778198242188 0.0647125244140625 0.00157165527343751 -0.0507316589355469
0.0932693481445313 0.0481033325195313 0.0344257354736328 0.000602722167968753
0.0837020874023438 0.023284912109375 0.0574264526367188 0.00551605224609375
0.0837326049804688 -0.0003662109375 0.0758132934570313 -0.0186080932617188
0.0699539184570312 -0.0288429260253906 0.0601768493652344 -0.0405082702636719
0.0466766357421875 -0.0653533935546875 0.0330848693847656 -0.0623626708984375
0.0167160034179688 -0.0754852294921875 0.00533294677734375 -0.0456047058105469
0.0139617919921875 -0.068756103515625 -0.0129013061523438 -0.0208206176757813
0.0105743408203125 -0.0776901245117187 -0.0206661224365234 -0.000249862670898443
0.0247650146484375 -0.0795440673828125 -0.0308876037597656 0.00502777099609375
0.0461845397949219 -0.0602836608886719 -0.0447731018066406 0.0126914978027344
0.0599098205566406 -0.0443992614746094 -0.0457801818847656 0.00425338745117188
0.073455810546875 -0.0162429809570313 -0.05267333984375 -0.00298309326171875
0.0896759033203125 0.00908660888671875 -0.0443458557128906 0.00811004638671875
0.0901412963867188 0.0318832397460938 -0.0374412536621094 0.0303535461425781
0.0923309326171875 0.0676803588867188 0.0346755981445313 -0.0313777923583984
0.104835510253906 0.0525360107421875 0.0594444274902344 0.0135650634765625
0.0967254638671875 0.0221176147460938 0.0633659362792969 0.009246826171875
0.0938568115234375 -0.00799560546875 0.0703277587890625 -0.0100173950195313
0.074310302734375 -0.0387649536132813 0.0500411987304688 -0.025299072265625
0.04583740234375 -0.0747451782226563 0.0246696472167969 -0.0379219055175781
0.01470947265625 -0.0802536010742188 0.004119873046875 -0.0142135620117188
0.0135498046875 -0.0717315673828125 -0.00908088684082031 0.0093698501586914
0.0113296508789063 -0.0815353393554688 -0.0160617828369141 0.0277366638183594
0.0262222290039062 -0.0831375122070313 -0.0299873352050781 0.0293560028076172
0.0518684387207031 -0.0645065307617188 -0.0432395935058594 0.029510498046875
0.0693817138671875 -0.0474586486816406 -0.0443305969238281 0.0119056701660156
0.0859222412109375 -0.0124130249023438 -0.0438995361328125 -0.00263977050781249
0.0989761352539063 0.0192947387695313 -0.0173883438110351 0.00984382629394531
0.0950393676757812 0.0419235229492187 -0.00344848632812499 0.0460624694824219
0.0817413330078125 0.0597076416015625 0.0647850036621094 -0.0166206359863281
0.0997467041015625 0.0478668212890625 0.0803756713867187 0.0194015502929688
0.0923080444335937 0.0152435302734375 0.0662307739257813 0.008819580078125
0.0870208740234375 -0.0145721435546875 0.06109619140625 -0.00152206420898438
0.0649757385253906 -0.0428504943847656 0.0397415161132813 -0.00850677490234375
0.0357666015625 -0.0724716186523438 0.0174541473388672 -0.0111684799194336
0.0095977783203125 -0.0708160400390625 0.00509548187255859 0.0165929794311523
0.0100860595703125 -0.0626678466796875 -0.0033721923828125 0.038848876953125
0.0109405517578125 -0.073486328125 -0.0124244689941406 0.0542335510253906
0.0265960693359375 -0.0742645263671875 -0.03131103515625 0.0521011352539062
0.0527076721191406 -0.0560951232910156 -0.0449295043945312 0.0442733764648438
0.0705337524414062 -0.040130615234375 -0.0436325073242187 0.0190391540527344
0.0855941772460938 -0.00177001953125 -0.0343894958496094 -0.00115776062011719
0.0930252075195313 0.0305404663085938 0.00901985168457032 0.0158977508544922
0.082916259765625 0.0491714477539062 0.0276527404785156 0.064727783203125
0.0572738647460938 0.0446281433105469 0.0887832641601563 -0.00829315185546875
0.0785980224609375 0.0369796752929688 0.09442138671875 0.0177383422851563
0.0723419189453125 0.00756072998046875 0.0645103454589844 0.00606918334960938
0.0651092529296875 -0.0172767639160156 0.0514183044433594 0.00532913208007813
0.0448379516601563 -0.0376129150390625 0.0319957733154297 0.00655746459960937
0.0195693969726563 -0.0581321716308594 0.0146713256835938 0.0131034851074219
0.00305557250976562 -0.051300048828125 0.00934982299804687 0.0423316955566406
0.00541305541992188 -0.045013427734375 0.00230789184570312 0.0618247985839844
0.00763320922851563 -0.0540122985839844 -0.0112380981445313 0.0753860473632813
0.0214805603027344 -0.055328369140625 -0.0357398986816406 0.0702095031738281
0.0448646545410156 -0.0406608581542969 -0.0491867065429688 0.05474853515625
0.0609321594238281 -0.0264396667480469 -0.0452919006347656 0.0248565673828125
0.0715484619140625 0.0094451904296875 -0.027252197265625 0.00287818908691406
0.0727157592773438 0.0361175537109375 0.0283756256103516 0.0258636474609375
0.0580978393554688 0.0479812622070313 0.0506439208984375 0.0841598510742188
0.0234851837158203 0.0250110626220703 0.101005554199219 -0.006591796875
0.0459403991699219 0.0239295959472656 0.0981979370117187 0.0105514526367188
0.0417213439941406 0.00252914428710938 0.06072998046875 0.00228500366210938
0.034912109375 -0.0131072998046875 0.0441741943359375 0.00983428955078125
0.0205287933349609 -0.0242671966552734 0.0287513732910156 0.0171165466308594
0.00308418273925782 -0.0321884155273438 0.0167865753173828 0.0298175811767578
-0.00295066833496094 -0.0225639343261719 0.0147132873535156 0.0579719543457031
-0.000997543334960937 -0.0195293426513672 0.00756072998046875 0.075408935546875
0.00110816955566406 -0.0268917083740234 -0.0119094848632812 0.0886764526367188
0.0102882385253906 -0.0304946899414063 -0.042266845703125 0.081390380859375
0.0271396636962891 -0.0229377746582031 -0.0553054809570313 0.0602951049804688
0.0391845703125 -0.0130958557128906 -0.0498542785644531 0.0290946960449219
0.0456123352050781 0.0134124755859375 -0.0251750946044922 0.00835609436035156
0.0419502258300781 0.0309982299804688 0.0356674194335938 0.0368843078613281
0.024688720703125 0.0366783142089844 0.0616683959960938 0.100753784179688
0.0065302848815918 0.00378656387329102 -0.07220458984375 -0.0847091674804688
-0.00280380249023438 -0.00884723663330078 -0.0269203186035156 -0.0327587127685547
-0.0125799179077148 2.38418579101556E-05 0.0312633514404297 -0.00666618347167969
-0.00566291809082031 0.00940799713134766 0.0676002502441406 -0.034912109375
0.00341129302978516 0.00599908828735351 0.06439208984375 -0.0654258728027344
0.00435018539428711 0.00108933448791504 0.0378646850585938 -0.0961685180664063
0.00137853622436523 -0.00783395767211914 0.00237274169921875 -0.0992584228515625
0.000203609466552734 -0.00640296936035156 -0.0211944580078125 -0.0773239135742188
-0.000444889068603515 -0.00573110580444336 -0.0288887023925781 -0.0541877746582031
0.00446510314941406 -0.00451040267944336 -0.0303497314453125 -0.0377159118652344
0.00446891784667969 0.000842571258544922 -0.0436019897460938 -0.0184173583984375
-0.00562477111816406 0.00556135177612305 -0.0485687255859375 -0.008514404296875
-0.0141124725341797 -0.00607967376708985 -0.0650291442871094 -0.00714874267578124
-0.00230121612548828 -0.0162687301635742 -0.0972824096679687 0.00370025634765626
0.000571250915527344 -0.00763940811157226 -0.104881286621094 0.00876617431640625
0.0445823669433594 0.0269126892089844 -0.0581512451171875 -0.0805511474609375
0.0368309020996094 0.00952911376953125 -0.0119552612304687 -0.0271282196044922
0.0229606628417969 0.00715065002441406 0.0395240783691406 -0.00669097900390625
0.0282001495361328 0.00556373596191406 0.0733718872070313 -0.0344619750976563
0.0289936065673828 -0.00802230834960938 0.0666275024414063 -0.0630378723144531
0.0197544097900391 -0.0263538360595703 0.038543701171875 -0.0935134887695312
0.0065155029296875 -0.038299560546875 0.00215911865234374 -0.091644287109375
0.00397872924804687 -0.0345878601074219 -0.0223274230957031 -0.0667228698730469
0.00217056274414063 -0.0379791259765625 -0.0308380126953125 -0.04315185546875
0.0122833251953125 -0.0377655029296875 -0.0339889526367188 -0.0306110382080078
0.0227680206298828 -0.0255260467529297 -0.0469551086425781 -0.0120773315429688
0.0211315155029297 -0.0142250061035156 -0.0481071472167969 -0.00551986694335937
0.0189075469970703 -0.0103645324707031 -0.0634765625 -0.00241851806640626
0.0345649719238281 -0.00868034362792969 -0.0874176025390625 0.00941467285156251
0.0403976440429688 0.00369644165039063 -0.0930252075195313 0.0153350830078125
0.076080322265625 0.0464706420898438 -0.0335044860839844 -0.06817626953125
0.0722885131835938 0.028106689453125 0.00998020172119141 -0.0149717330932617
0.0586814880371094 0.014312744140625 0.0498199462890625 -0.00209426879882812
0.0607986450195313 0.00031280517578125 0.076873779296875 -0.0304183959960937
0.0523719787597656 -0.0217475891113281 0.0649833679199219 -0.0570487976074219
0.0339431762695313 -0.0512809753417969 0.0351715087890625 -0.0836029052734375
0.009796142578125 -0.0624847412109375 0.00163269042968751 -0.0728530883789062
0.00657272338867188 -0.0574493408203125 -0.0199012756347656 -0.0460853576660156
0.00321197509765625 -0.0637855529785156 -0.0284538269042969 -0.0229415893554687
0.0161285400390625 -0.0655479431152344 -0.0355720520019531 -0.0141220092773437
0.0346298217773438 -0.0493240356445313 -0.0481796264648438 0.000312805175781246
0.0414047241210938 -0.0347900390625 -0.04852294921875 0.000160217285156248
0.0491752624511719 -0.0173225402832031 -0.0606307983398438 0.000625610351562504
0.0672073364257812 -0.00388717651367187 -0.0698814392089844 0.0120506286621094
0.0728530883789063 0.0141983032226563 -0.0695686340332031 0.024566650390625
0.0955963134765625 0.0589523315429687 -0.000747680664062491 -0.05078125
0.0993881225585938 0.0405654907226563 0.0357856750488281 -0.000205993652343748
0.0867233276367187 0.0166091918945313 0.0593681335449219 0.00333404541015625
0.0851593017578125 -0.00799560546875 0.0771331787109375 -0.02374267578125
0.0686874389648438 -0.035858154296875 0.0581512451171875 -0.0444526672363281
0.0408859252929688 -0.0700035095214844 0.0287361145019531 -0.0654373168945313
0.010406494140625 -0.0783233642578125 0.00149917602539063 -0.0458221435546875
0.0078582763671875 -0.0712127685546875 -0.0151100158691406 -0.0185775756835938
0.00325012207031251 -0.0799102783203125 -0.0223007202148437 0.00280570983886718
0.0173492431640625 -0.0827102661132813 -0.0331478118896484 0.00812339782714843
0.0420303344726563 -0.0659751892089844 -0.0464439392089844 0.0167236328125
0.0561790466308594 -0.0502662658691406 -0.0471458435058594 0.00832748413085937
0.072845458984375 -0.0220794677734375 -0.0543861389160156 0.00106811523437501
0.0909652709960938 0.0018157958984375 -0.0457038879394531 0.0123329162597656
0.09417724609375 0.024658203125 -0.0376396179199219 0.0353279113769531
0.10009765625 0.0606002807617188 0.0341262817382813 -0.0338592529296875
0.110694885253906 0.0439682006835937 0.0621414184570313 0.0108795166015625
0.0999526977539063 0.0147628784179688 0.0664710998535156 0.00682830810546875
0.0953216552734375 -0.0164566040039062 0.0719223022460938 -0.0138397216796875
0.071624755859375 -0.0460281372070313 0.0492668151855469 -0.0287513732910156
0.0389480590820313 -0.07916259765625 0.0214920043945313 -0.0398292541503906
0.00772094726562501 -0.0815505981445313 0.00290012359619141 -0.0146350860595703
0.00716400146484375 -0.0734024047851563 -0.00824356079101563 0.0118064880371094
0.0040130615234375 -0.0830535888671875 -0.0148696899414063 0.0304603576660156
0.0186538696289063 -0.0871734619140625 -0.0300884246826172 0.0327854156494141
0.047027587890625 -0.0699691772460938 -0.0443267822265625 0.0342636108398438
0.0661773681640625 -0.055023193359375 -0.0448341369628906 0.0155372619628906
0.0859222412109375 -0.0189437866210938 -0.0461921691894531 0.00100326538085937
0.102165222167969 0.0115509033203125 -0.0178337097167969 0.0116863250732422
0.100715637207031 0.0344314575195313 -0.00164413452148437 0.0483856201171875
0.0884933471679688 0.0535812377929687 0.0662994384765625 -0.0208892822265625
0.104667663574219 0.0392227172851563 0.0837936401367188 0.0149307250976563
0.0949630737304687 0.00844573974609375 0.0687332153320313 0.0069732666015625
0.0874176025390625 -0.0226516723632813 0.0631256103515625 -0.004791259765625
0.0619430541992188 -0.0486564636230469 0.0397071838378906 -0.0110244750976563
0.0284271240234375 -0.0756378173828125 0.0168256759643555 -0.0119943618774414
0.0027923583984375 -0.0719757080078125 0.00715065002441406 0.0166473388671875
0.004486083984375 -0.0645828247070313 -0.000549316406250002 0.0404090881347656
0.00355529785156251 -0.0748748779296875 -0.00861358642578125 0.0570526123046875
0.0195541381835938 -0.0775375366210938 -0.0290107727050781 0.0563240051269531
0.0476913452148437 -0.0619888305664062 -0.0438461303710938 0.0485572814941406
0.06805419921875 -0.0479469299316406 -0.0439529418945312 0.0232429504394531
0.0870285034179688 -0.0084991455078125 -0.0361595153808594 0.0017852783203125
0.0974655151367188 0.0229263305664063 0.00930404663085938 0.0148029327392578
0.0891571044921875 0.0427780151367188 0.0316047668457031 0.0650520324707031
0.0622177124023438 0.0392417907714844 0.09124755859375 -0.0151138305664063
0.0827789306640625 0.0305023193359375 0.0979080200195313 0.0116729736328125
0.0740203857421875 0.0024566650390625 0.0673980712890625 0.00319290161132813
0.0651588439941406 -0.0233306884765625 0.0532188415527344 0.00322723388671875
0.0422554016113281 -0.0423851013183594 0.0332565307617188 0.0051727294921875
0.013214111328125 -0.0590667724609375 0.0167617797851562 0.0127687454223633
-0.0021209716796875 -0.0514793395996094 0.013275146484375 0.0423851013183594
0.0010528564453125 -0.0451164245605469 0.00779724121093749 0.0625839233398438
0.00189590454101563 -0.0544776916503906 -0.00506591796875001 0.0780792236328125
0.0157356262207031 -0.0576553344726563 -0.0312652587890625 0.0747833251953125
0.0414009094238281 -0.0454330444335938 -0.046844482421875 0.0601768493652344
0.0590629577636719 -0.0327415466308594 -0.0445365905761719 0.0286521911621094
0.0729904174804688 0.00391387939453125 -0.0279750823974609 0.00527191162109376
0.0769500732421875 0.0304031372070313 0.0294322967529297 0.0230770111083984
0.0638465881347656 0.0434799194335938 0.056304931640625 0.0832672119140625
0.0259037017822266 0.0233688354492188 0.103660583496094 -0.0153045654296875
0.048370361328125 0.01983642578125 0.101387023925781 0.00417327880859375
0.04229736328125 -0.000988006591796875 0.0624427795410156 -0.00026702880859375
0.0337429046630859 -0.0175533294677734 0.0463943481445312 0.00861358642578125
0.0182056427001953 -0.0265960693359375 0.0308876037597656 0.0154438018798828
-0.00116729736328125 -0.0316982269287109 0.0199089050292969 0.0295829772949219
-0.00592422485351563 -0.0214824676513672 0.0209999084472656 0.0573234558105469
-0.002777099609375 -0.0188884735107422 0.0142745971679688 0.0755615234375
-0.00188446044921875 -0.0268917083740234 -0.00486755371093749 0.0913772583007812
0.00653266906738281 -0.0314903259277344 -0.0363388061523438 0.0862655639648438
0.0250968933105469 -0.0259685516357422 -0.0523033142089844 0.0661163330078125
0.0382957458496094 -0.016937255859375 -0.0494194030761719 0.0335884094238281
0.0464591979980469 0.00995254516601563 -0.0257663726806641 0.0100021362304687
0.0442695617675781 0.0274200439453125 0.0379257202148438 0.0339927673339844
0.0287284851074219 0.0343723297119141 0.0687713623046875 0.0985107421875
0.00768756866455078 0.00391578674316406 -0.0750274658203125 -0.0783615112304687
-0.0027775764465332 -0.00858068466186523 -0.0282135009765625 -0.0295982360839844
-0.0117578506469727 0.000734329223632812 0.0307102203369141 -0.00909042358398438
-0.00375080108642578 0.00964927673339844 0.0646514892578125 -0.0393829345703125
0.00428390502929688 0.00539159774780273 0.0593338012695313 -0.069091796875
0.0044713020324707 2.52723693847656E-05 0.0305938720703125 -0.096893310546875
0.00158214569091797 -0.0090179443359375 -0.00579071044921875 -0.0972671508789063
0.000164508819580078 -0.00661659240722656 -0.0270462036132813 -0.0734329223632812
0.000168323516845703 -0.00640869140625 -0.03350830078125 -0.050872802734375
0.0053563117980957 -0.00557374954223633 -0.0329036712646484 -0.0351142883300781
0.00538825988769531 0.000141143798828125 -0.04547119140625 -0.0152397155761719
-0.00465679168701172 0.00675392150878906 -0.0490188598632813 -0.00603103637695312
-0.0138044357299805 -0.00440502166748047 -0.0646896362304688 -0.00460433959960939
-0.00370407104492187 -0.0148334503173828 -0.0958404541015625 0.010284423828125
-2.384185791016E-06 -0.00725126266479492 -0.103340148925781 0.0175552368164063
0.0467376708984375 0.0231666564941406 -0.0606842041015625 -0.0747604370117188
0.0371818542480469 0.00634765625 -0.0127601623535156 -0.0254745483398438
0.0236282348632813 0.00526809692382813 0.0392341613769531 -0.00830841064453125
0.0288124084472656 0.00305747985839844 0.0699920654296875 -0.0388259887695313
0.0275936126708984 -0.0105113983154297 0.06158447265625 -0.0662002563476563
0.0176124572753906 -0.0278701782226563 0.0315170288085938 -0.0947265625
0.0035400390625 -0.0386886596679688 -0.00533294677734376 -0.0891494750976563
0.0017242431640625 -0.0345954895019531 -0.0275001525878906 -0.0622291564941406
-2.28881835937515E-05 -0.0381889343261719 -0.0344963073730469 -0.0399398803710938
0.0101470947265625 -0.0382080078125 -0.0370597839355469 -0.0274620056152344
0.0209770202636719 -0.0266456604003906 -0.0481452941894531 -0.00896072387695313
0.0201416015625 -0.0151710510253906 -0.0490837097167969 -0.00298690795898437
0.0181770324707031 -0.0104446411132813 -0.0631484985351563 0.00060653686523438
0.0324230194091797 -0.0106296539306641 -0.0860671997070312 0.0151290893554688
0.0397834777832031 0.00114059448242187 -0.092193603515625 0.0233917236328125
0.0790939331054688 0.0405502319335938 -0.0353050231933594 -0.0641517639160156
0.073974609375 0.02197265625 0.00946617126464844 -0.0138797760009766
0.0590591430664062 0.0101203918457031 0.0502243041992188 -0.00418472290039062
0.05999755859375 -0.00455093383789062 0.0750274658203125 -0.0343780517578125
0.0497932434082031 -0.0259628295898438 0.0603675842285156 -0.0596389770507813
0.0290718078613281 -0.0523185729980469 0.0282363891601563 -0.0841217041015625
0.00473403930664063 -0.0621566772460938 -0.00418853759765625 -0.0708541870117188
0.00210189819335938 -0.0574760437011719 -0.0235519409179688 -0.0420417785644531
-0.00162506103515626 -0.0628166198730469 -0.0307731628417969 -0.0195140838623047
0.0111656188964844 -0.0652618408203125 -0.0377082824707031 -0.0112190246582031
0.0306739807128906 -0.0513343811035156 -0.048553466796875 0.00388336181640625
0.0389671325683594 -0.0373306274414063 -0.0487213134765625 0.00296783447265624
0.0468177795410156 -0.0196609497070313 -0.05975341796875 0.00418472290039062
0.0652847290039063 -0.00804519653320313 -0.0686416625976563 0.0174102783203125
0.0728378295898438 0.00861358642578125 -0.0682182312011719 0.0303306579589844
0.0992431640625 0.0505905151367188 -0.0021514892578125 -0.0495758056640625
0.100608825683594 0.0324020385742188 0.0361709594726563 -0.001007080078125
0.08636474609375 0.010650634765625 0.0600166320800781 0.00130081176757813
0.0835647583007813 -0.014007568359375 0.0750198364257813 -0.0275955200195312
0.0641059875488281 -0.0404624938964844 0.05474853515625 -0.0476722717285156
0.0345611572265625 -0.07135009765625 0.0230522155761719 -0.0649528503417969
0.00386047363281249 -0.0765762329101562 -0.00165939331054687 -0.0439987182617188
0.00196838378906249 -0.0706100463867187 -0.016596794128418 -0.0156688690185547
-0.00320434570312499 -0.0791549682617188 -0.02288818359375 0.00555419921875
0.0107498168945313 -0.0821304321289063 -0.0341968536376953 0.0110359191894531
0.0364799499511719 -0.0683555603027344 -0.0462799072265625 0.020172119140625
0.0520896911621094 -0.0542221069335938 -0.0472869873046875 0.0109596252441406
0.0695304870605469 -0.0262451171875 -0.0550460815429688 0.00533676147460938
0.0899810791015625 -0.00403594970703125 -0.0453948974609375 0.0158233642578125
0.0950927734375 0.0174942016601562 -0.0356903076171875 0.0391387939453125
0.104179382324219 0.0513992309570313 0.0332221984863281 -0.0353469848632813
0.111541748046875 0.0348739624023438 0.06280517578125 0.00811386108398438
0.0987777709960937 0.0071868896484375 0.0664100646972656 0.004638671875
0.092010498046875 -0.0239410400390625 0.0710983276367188 -0.0169296264648438
0.0666084289550781 -0.0507774353027344 0.0470466613769531 -0.030853271484375
0.0316085815429688 -0.0793609619140625 0.0182952880859375 -0.0396690368652344
0.000579833984374993 -0.0800247192382813 0.00161457061767578 -0.013519287109375
0.00138854980468751 -0.0725860595703125 -0.00746726989746094 0.0132980346679687
-0.00326538085937501 -0.082275390625 -0.0130138397216797 0.0323696136474609
0.0109329223632812 -0.0867767333984375 -0.0292739868164063 0.0348033905029297
0.0404434204101563 -0.072601318359375 -0.042755126953125 0.0366592407226562
0.0603446960449219 -0.0595512390136719 -0.0446319580078125 0.0184555053710937
0.0831069946289063 -0.0244598388671875 -0.0459709167480469 0.00520706176757812
0.101036071777344 0.0038299560546875 -0.0178871154785156 0.0135765075683594
0.101654052734375 0.026611328125 0.000415802001953127 0.0493087768554688
0.0918350219726563 0.0452117919921875 0.0656814575195313 -0.025177001953125
0.105537414550781 0.0308303833007812 0.0844879150390625 0.0102081298828125
0.0941848754882813 0.00208282470703125 0.0689277648925781 0.004241943359375
0.0844192504882812 -0.0286026000976562 0.0625801086425781 -0.007354736328125
0.0562744140625 -0.0520744323730469 0.0390701293945313 -0.0121612548828125
0.0215072631835937 -0.075439453125 0.0160026550292969 -0.0116329193115234
-0.00300979614257813 -0.0698699951171875 0.00847339630126953 0.0163507461547852
-0.0008392333984375 -0.06231689453125 0.00305557250976562 0.0403518676757812
-0.00296783447265625 -0.0726242065429688 -0.004608154296875 0.0575103759765625
0.0118331909179687 -0.0768508911132813 -0.0256690979003906 0.0576820373535156
0.0416641235351563 -0.0645065307617188 -0.0403594970703125 0.0515708923339844
0.0630683898925781 -0.0520858764648438 -0.0425567626953125 0.0250930786132812
0.0840377807617188 -0.0142822265625 -0.0360794067382812 0.00494384765625
0.0969085693359375 0.0158462524414063 0.00909233093261719 0.0143136978149414
0.0915985107421875 0.0349884033203125 0.0339241027832031 0.06292724609375
0.0644798278808594 0.0333747863769531 0.0901260375976563 -0.0216445922851562
0.0827178955078125 0.0226669311523438 0.0981826782226563 0.00572967529296875
0.0730667114257813 -0.00287628173828125 0.0680503845214844 0.00080108642578125
0.0621566772460938 -0.028045654296875 0.0542678833007813 0.00156784057617187
0.03759765625 -0.04486083984375 0.0340366363525391 0.00369453430175781
0.00811386108398438 -0.0585441589355469 0.016993522644043 0.0127201080322266
-0.00675201416015625 -0.0481948852539063 0.0168952941894531 0.0401077270507813
-0.00274658203125 -0.0431976318359375 0.0128669738769531 0.0612754821777344
-0.00308609008789062 -0.0525588989257813 0.000457763671874993 0.0776824951171875
0.0102081298828125 -0.0572662353515625 -0.0268478393554687 0.0758209228515625
0.0366325378417969 -0.0479278564453125 -0.0429420471191406 0.0625648498535156
0.0548782348632813 -0.0369911193847656 -0.0432472229003906 0.0316009521484375
0.0708770751953125 -0.001708984375 -0.0280704498291016 0.00754356384277343
0.077362060546875 0.0243377685546875 0.0292129516601563 0.0212860107421875
0.0663604736328125 0.0369110107421875 0.05902099609375 0.0788726806640625
0.0276432037353516 0.0195789337158203 0.102447509765625 -0.022735595703125
0.0492668151855469 0.0158615112304687 0.101181030273437 -0.0023345947265625
0.0420875549316406 -0.00381088256835938 0.0620880126953125 -0.0027313232421875
0.0322341918945313 -0.01934814453125 0.0474853515625 0.00687408447265625
0.0149116516113281 -0.02752685546875 0.03271484375 0.0137214660644531
-0.00482749938964844 -0.0305118560791016 0.0224094390869141 0.0284137725830078
-0.00741767883300782 -0.0194511413574219 0.0257606506347656 0.0540885925292969
-0.00433921813964844 -0.0171394348144531 0.0203704833984375 0.0729141235351563
-0.00491714477539062 -0.0243606567382813 0.00232696533203126 0.0895843505859375
0.00321578979492188 -0.0303821563720703 -0.03021240234375 0.08758544921875
0.0219039916992188 -0.0274333953857422 -0.0478286743164063 0.06884765625
0.0358085632324219 -0.0202980041503906 -0.046661376953125 0.0369453430175781
0.0460968017578125 0.00605010986328125 -0.0249614715576172 0.0122528076171875
0.0454254150390625 0.0234107971191406 0.0390243530273437 0.0298690795898437
0.0307216644287109 0.0306301116943359 0.072845458984375 0.0923538208007813
0.00738096237182617 0.00411558151245117 -0.0734176635742188 -0.0734939575195313
-0.00263309478759765 -0.0080418586730957 -0.0273361206054688 -0.0268306732177734
-0.0117378234863281 0.00169181823730469 0.0301513671875 -0.00929641723632813
-0.00262451171875 0.00939369201660156 0.0610008239746094 -0.0403861999511719
0.00442838668823242 0.00481986999511719 0.0550651550292969 -0.0694503784179688
0.00461292266845703 -0.000676631927490234 0.0264892578125 -0.0959701538085938
0.00158309936523438 -0.00968265533447266 -0.00975036621093749 -0.0932846069335938
0.00115108489990234 -0.00748109817504883 -0.0295982360839844 -0.0683212280273438
0.00134849548339844 -0.00696611404418945 -0.0356903076171875 -0.0474281311035156
0.00564765930175781 -0.00571823120117188 -0.0350360870361328 -0.0332126617431641
0.00623607635498047 -0.000401973724365234 -0.0456809997558594 -0.0136032104492188
-0.00350809097290039 0.00759363174438477 -0.0485191345214844 -0.00514602661132812
-0.0136985778808594 -0.00287818908691406 -0.0638923645019531 -0.00344085693359376
-0.0048675537109375 -0.0138721466064453 -0.0930328369140625 0.0131301879882812
-0.000107765197753907 -0.00609922409057617 -0.100875854492188 0.0223541259765625
0.04766845703125 0.0209808349609375 -0.0597381591796875 -0.0705108642578125
0.0368843078613281 0.00394439697265625 -0.0122661590576172 -0.0227928161621094
0.0240383148193359 0.00424957275390625 0.0391921997070313 -0.00849533081054688
0.0283203125 0.00143623352050781 0.0671539306640625 -0.0397911071777344
0.0267238616943359 -0.0118598937988281 0.0574874877929688 -0.0665054321289063
0.0161075592041016 -0.0279636383056641 0.0264816284179688 -0.0926055908203125
0.00216293334960937 -0.0376663208007813 -0.00910186767578126 -0.085113525390625
0.000827789306640623 -0.0344829559326172 -0.0297203063964844 -0.0577163696289063
-0.00139236450195312 -0.0367279052734375 -0.0364570617675781 -0.0359420776367188
0.00839996337890625 -0.037750244140625 -0.0391883850097656 -0.0250701904296875
0.0202178955078125 -0.026580810546875 -0.0482292175292969 -0.00732040405273439
0.0193004608154297 -0.0147991180419922 -0.0482215881347656 -0.00194168090820313
0.0170459747314453 -0.0101852416992188 -0.0617141723632813 0.00191116333007812
0.0314006805419922 -0.0112762451171875 -0.0832290649414063 0.0187606811523438
0.0384559631347656 0.000270843505859375 -0.0894393920898437 0.0274658203125
0.079437255859375 0.036163330078125 -0.0345916748046875 -0.0604896545410156
0.072174072265625 0.0178604125976562 0.0100536346435547 -0.0123863220214844
0.0577735900878906 0.00726318359375 0.0493011474609375 -0.00482177734375
0.0587348937988281 -0.00781631469726563 0.0723342895507813 -0.0352020263671875
0.0476036071777344 -0.0274620056152344 0.0570526123046875 -0.0596771240234375
0.0254783630371094 -0.0516242980957031 0.0240325927734375 -0.0822601318359375
0.00179290771484375 -0.0606460571289062 -0.007171630859375 -0.067138671875
-0.000164031982421875 -0.0555343627929688 -0.0250282287597656 -0.0377845764160156
-0.00413131713867188 -0.0610733032226563 -0.0319290161132813 -0.0164337158203125
0.00787734985351563 -0.0637664794921875 -0.0394172668457031 -0.00844192504882813
0.028228759765625 -0.0510101318359375 -0.0486869812011719 0.00560379028320313
0.0368194580078125 -0.0370864868164063 -0.0482902526855469 0.00413894653320311
0.0442543029785156 -0.0193214416503906 -0.0593490600585938 0.00626754760742188
0.0624809265136719 -0.00979995727539063 -0.0662803649902344 0.0200881958007812
0.0706558227539063 0.00598907470703125 -0.0665397644042969 0.0345687866210937
0.0992431640625 0.044769287109375 -0.00151443481445312 -0.0474052429199219
0.0985946655273438 0.0264511108398438 0.0362548828125 -0.000316619873046873
0.0842361450195313 0.00724029541015625 0.0596885681152344 0.00057220458984375
0.0809860229492188 -0.0182342529296875 0.0726547241210937 -0.0282363891601562
0.0602569580078125 -0.0425491333007813 0.0523300170898438 -0.0478553771972656
0.0298690795898438 -0.0699348449707031 0.0195465087890625 -0.0633468627929687
0.000885009765625005 -0.0739593505859375 -0.0034332275390625 -0.0413894653320313
-0.00115966796874999 -0.0678062438964844 -0.0168294906616211 -0.0125894546508789
-0.00630950927734376 -0.0756683349609375 -0.0224552154541016 0.00749778747558593
0.00630950927734376 -0.0797271728515625 -0.0345325469970703 0.0124111175537109
0.0327072143554687 -0.0674057006835938 -0.045654296875 0.0218315124511719
0.0483016967773438 -0.0546417236328125 -0.0466194152832031 0.011749267578125
0.0663833618164062 -0.0271530151367187 -0.0537757873535156 0.00753402709960936
0.0861740112304688 -0.0075225830078125 -0.0441513061523437 0.017913818359375
0.092376708984375 0.0123367309570313 -0.0351791381835937 0.0407142639160156
0.103240966796875 0.04498291015625 0.0327339172363281 -0.0353584289550781
0.10986328125 0.0282440185546875 0.062469482421875 0.007232666015625
0.09637451171875 0.0036468505859375 0.066802978515625 0.00427627563476563
0.0883636474609375 -0.0270767211914063 0.069610595703125 -0.0175628662109375
0.0620155334472656 -0.0521278381347656 0.0453033447265625 -0.0304985046386719
0.026580810546875 -0.0778732299804688 0.0160446166992188 -0.0376625061035156
-0.0024261474609375 -0.075775146484375 0.00156497955322266 -0.0126438140869141
-0.00204467773437501 -0.069854736328125 -0.00672340393066406 0.0145063400268555
-0.00714874267578125 -0.0780563354492187 -0.0117950439453125 0.0334606170654297
0.00605010986328124 -0.083770751953125 -0.028533935546875 0.0360069274902344
0.0359268188476563 -0.0727386474609375 -0.0412635803222656 0.03759765625
0.055908203125 -0.0603294372558594 -0.0442008972167969 0.0197029113769531
0.0789642333984375 -0.0265655517578125 -0.0452232360839844 0.00710296630859375
0.09820556640625 0.00032806396484375 -0.0177402496337891 0.0145626068115234
0.0997695922851563 0.020599365234375 0.000373840332031256 0.0499420166015625
0.090972900390625 0.0384674072265625 0.0645179748535156 -0.0268478393554687
0.103004455566406 0.0242919921875 0.083831787109375 0.0084228515625
0.090789794921875 -0.0018310546875 0.0686073303222656 0.00413894653320313
0.0802536010742188 -0.0313491821289063 0.0627784729003906 -0.00738906860351563
0.0522575378417969 -0.0531692504882812 0.038177490234375 -0.0124320983886719
0.0172653198242188 -0.073028564453125 0.0151176452636719 -0.0108814239501953
-0.00606918334960937 -0.0658226013183594 0.00908088684082031 0.0154895782470703
-0.00373077392578125 -0.0597496032714844 0.00513458251953125 0.0397758483886719
-0.00714874267578125 -0.0691413879394531 -0.00230789184570313 0.0569534301757812
0.00742340087890626 -0.0744781494140625 -0.0240745544433594 0.0576744079589844
0.037445068359375 -0.0654487609863281 -0.0390625 0.0523147583007812
0.0578842163085938 -0.0540695190429687 -0.0414009094238281 0.0262908935546875
0.0807418823242188 -0.0174407958984375 -0.0352973937988281 0.00699996948242187
0.0949172973632813 0.0113754272460938 0.00842666625976563 0.0141630172729492
0.0902328491210938 0.0294265747070313 0.0337791442871094 0.0613670349121094
0.0636138916015625 0.0283355712890625 0.0879058837890625 -0.0244369506835937
0.0809860229492188 0.0180816650390625 0.096435546875 0.002655029296875
0.07061767578125 -0.00591278076171875 0.0665473937988281 0.000148773193359375
0.0594482421875 -0.0300559997558594 0.0537376403808594 0.000488281249999998
0.0339775085449219 -0.044342041015625 0.0337162017822266 0.00399971008300781
0.00430297851562499 -0.0556221008300781 0.017298698425293 0.0124588012695312
-0.00902938842773438 -0.0452079772949219 0.0190353393554688 0.0377349853515625
-0.0044708251953125 -0.0412025451660156 0.0151290893554687 0.0588607788085938
-0.00591659545898438 -0.0494461059570313 0.0041656494140625 0.0756607055664063
0.00632858276367188 -0.0549812316894531 -0.0240859985351563 0.07513427734375
0.0323486328125 -0.048614501953125 -0.0404243469238281 0.0629119873046875
0.0512351989746094 -0.0385475158691406 -0.0412826538085938 0.0325050354003906
0.0685806274414062 -0.00437164306640625 -0.0273799896240234 0.00912666320800781
0.0764617919921875 0.0198974609375 0.0287094116210938 0.0191440582275391
0.0661659240722656 0.0325889587402344 0.0591506958007813 0.0752639770507813
0.0272998809814453 0.0169544219970703 0.100082397460937 -0.0267791748046875
0.0478248596191406 0.0123634338378906 0.0991134643554688 -0.00594329833984375
0.0409889221191406 -0.0059356689453125 0.0612411499023438 -0.00362777709960938
0.0300712585449219 -0.0207633972167969 0.0472335815429687 0.0067596435546875
0.0125331878662109 -0.0277957916259766 0.0334625244140625 0.0135841369628906
-0.0063934326171875 -0.0282077789306641 0.0235652923583984 0.0272903442382813
-0.00823211669921875 -0.0166759490966797 0.0280303955078125 0.0506591796875
-0.00476551055908203 -0.015045166015625 0.0235710144042969 0.0691490173339844
-0.00578498840332031 -0.0222663879394531 0.00616455078124999 0.0865097045898438
0.00121116638183594 -0.0287189483642578 -0.0258865356445313 0.0863265991210938
0.0194873809814453 -0.0272579193115234 -0.0445899963378906 0.0692253112792969
0.0330429077148438 -0.0212059020996094 -0.0448417663574219 0.0373153686523437
0.0445747375488281 0.00370407104492188 -0.0241336822509766 0.0125484466552734
0.0451202392578125 0.0202255249023438 0.0375137329101563 0.0269355773925781
0.0315532684326172 0.0273075103759766 0.07244873046875 0.08709716796875
0.00860881805419922 0.00472593307495117 -0.0711593627929688 -0.0718917846679687
-0.00230503082275391 -0.00796747207641601 -0.0260086059570313 -0.0253047943115234
-0.010371208190918 0.00106143951416015 0.0305614471435547 -0.00904083251953125
-0.00178813934326172 0.00957107543945313 0.0601730346679688 -0.0390663146972656
0.00543594360351563 0.004241943359375 0.0540351867675781 -0.0683860778808594
0.00508689880371094 -0.00136566162109375 0.0253982543945312 -0.093994140625
0.00139617919921875 -0.0113506317138672 -0.0107498168945312 -0.0906219482421875
0.00167274475097656 -0.00882816314697266 -0.0297508239746094 -0.0652923583984375
0.00191736221313477 -0.00733089447021484 -0.0363807678222656 -0.0455360412597656
0.00638866424560547 -0.0066533088684082 -0.0367889404296875 -0.032623291015625
0.00680637359619141 0.000196933746337891 -0.0458450317382813 -0.0132827758789063
-0.00298786163330078 0.00826025009155274 -0.0487403869628906 -0.00553512573242188
-0.0137062072753906 -0.00181102752685547 -0.0631217956542969 -0.00471496582031249
-0.00525474548339844 -0.0131235122680664 -0.09259033203125 0.0132904052734375
-0.000993251800537109 -0.00488615036010742 -0.0997314453125 0.0233917236328125
0.0468025207519531 0.01995849609375 -0.0569801330566406 -0.0686759948730469
0.0361976623535156 0.00384902954101562 -0.0108852386474609 -0.0212650299072266
0.0238265991210938 0.00382232666015625 0.0394439697265625 -0.00768661499023438
0.0285873413085937 0.000169754028320312 0.0664596557617188 -0.0385971069335938
0.0265712738037109 -0.0119400024414063 0.0562515258789062 -0.065093994140625
0.0155811309814453 -0.0279350280761719 0.025360107421875 -0.0909347534179687
0.0013275146484375 -0.0382766723632813 -0.009613037109375 -0.0821990966796875
0.000923156738281253 -0.0354042053222656 -0.0295791625976563 -0.0539321899414063
-0.00026702880859375 -0.0366401672363281 -0.0371360778808594 -0.0340194702148438
0.00871658325195313 -0.0373725891113281 -0.041107177734375 -0.0240478515625
0.0201473236083984 -0.026397705078125 -0.0488243103027344 -0.00613021850585937
0.0196514129638672 -0.0138797760009766 -0.04852294921875 -0.00254058837890626
0.0167694091796875 -0.00877189636230469 -0.0616722106933594 0.00139617919921876
0.0298976898193359 -0.0105190277099609 -0.0827865600585938 0.0188827514648437
0.0373916625976563 0.0006256103515625 -0.08868408203125 0.0296630859375
0.0787124633789063 0.034393310546875 -0.0326995849609375 -0.0586204528808594
0.0710601806640625 0.0162200927734375 0.0106439590454102 -0.0108184814453125
0.0576133728027344 0.007354736328125 0.0496253967285156 -0.003509521484375
0.0575828552246094 -0.00860214233398438 0.0713653564453125 -0.0341720581054688
0.0459671020507813 -0.0277519226074219 0.0556106567382813 -0.0585098266601563
0.0243377685546875 -0.0510444641113281 0.0228424072265625 -0.0799560546875
0.000923156738281246 -0.0593490600585938 -0.00767898559570312 -0.0652008056640625
-0.000568389892578128 -0.054962158203125 -0.0252723693847656 -0.0347537994384766
-0.00474166870117187 -0.0601959228515625 -0.0320720672607422 -0.0141067504882813
0.00719833374023438 -0.0627212524414063 -0.0400581359863281 -0.00786209106445314
0.0279769897460938 -0.0501251220703125 -0.0490493774414063 0.00634002685546875
0.03607177734375 -0.0366363525390625 -0.04888916015625 0.00416946411132811
0.0437049865722656 -0.0189018249511719 -0.0584793090820313 0.00611495971679688
0.0611572265625 -0.00949859619140625 -0.0657730102539063 0.0209541320800781
0.0697555541992188 0.00600051879882813 -0.0665092468261719 0.0360260009765625
0.09857177734375 0.0414810180664063 0.000175476074218754 -0.0467376708984375
0.0971832275390625 0.0239105224609375 0.0368385314941406 0.0016632080078125
0.0836410522460938 0.006072998046875 0.0599861145019531 0.00270843505859375
0.0797195434570312 -0.0192947387695313 0.0732879638671875 -0.0259170532226563
0.0587120056152344 -0.0424575805664063 0.0512428283691406 -0.0454902648925781
0.0277633666992187 -0.0681877136230469 0.0186882019042969 -0.0608406066894531
0.000381469726562495 -0.0727615356445313 -0.00387954711914063 -0.0396270751953125
-0.00116729736328124 -0.0669059753417969 -0.0160179138183594 -0.0108537673950195
-0.00757598876953124 -0.0736846923828125 -0.0223922729492188 0.00919151306152343
0.0053558349609375 -0.0782546997070313 -0.0365180969238281 0.013214111328125
0.0318069458007813 -0.0666770935058594 -0.0464973449707031 0.022369384765625
0.04644775390625 -0.0541152954101563 -0.0474815368652344 0.0123786926269531
0.0644569396972656 -0.026947021484375 -0.0531349182128906 0.00764465332031249
0.0845184326171875 -0.00751495361328125 -0.0442390441894531 0.0185394287109375
0.0914382934570313 0.0110931396484375 -0.0356788635253906 0.0433807373046875
0.10223388671875 0.0426559448242187 0.0333404541015625 -0.0347423553466797
0.107696533203125 0.0265045166015625 0.0626106262207031 0.00828933715820313
0.0945205688476563 0.0032501220703125 0.0672225952148438 0.00640869140625
0.0871658325195313 -0.02789306640625 0.0700531005859375 -0.0160636901855469
0.0605010986328125 -0.0518341064453125 0.0450248718261719 -0.02874755859375
0.0249099731445312 -0.0759124755859375 0.01531982421875 -0.0360679626464844
-0.00305938720703125 -0.07379150390625 0.00145721435546875 -0.0110006332397461
-0.00270843505859375 -0.0683326721191406 -0.00533294677734375 0.0159397125244141
-0.00920867919921874 -0.07562255859375 -0.0116176605224609 0.0339336395263672
0.00409698486328124 -0.0825119018554687 -0.0296287536621094 0.0368995666503906
0.0342483520507812 -0.0720138549804688 -0.0416259765625 0.0381088256835937
0.0544242858886719 -0.0601272583007813 -0.0440101623535156 0.0198173522949219
0.0774154663085938 -0.0260009765625 -0.0453758239746094 0.00792312622070311
0.0966262817382813 -0.00101470947265625 -0.0182552337646484 0.0149345397949219
0.0989761352539063 0.0182571411132813 -0.000324249267578116 0.0514297485351563
0.0903854370117188 0.0360260009765625 0.0647735595703125 -0.0266227722167969
0.100502014160156 0.0220870971679687 0.083251953125 0.00899505615234375
0.0897140502929688 -0.001739501953125 0.0688514709472656 0.005828857421875
0.0790939331054688 -0.0325851440429688 0.0632553100585938 -0.0062103271484375
0.0505828857421875 -0.0527153015136719 0.0384750366210938 -0.0110969543457031
0.015869140625 -0.0707168579101563 0.0148277282714844 -0.00966644287109375
-0.00665283203125 -0.0638542175292969 0.00947475433349609 0.0169839859008789
-0.00418472290039063 -0.0581512451171875 0.00576400756835937 0.0397071838378906
-0.00796508789062499 -0.0669593811035156 -0.0018157958984375 0.0564346313476563
0.00480651855468751 -0.0725173950195313 -0.0246543884277344 0.0579185485839844
0.0354881286621094 -0.0648765563964844 -0.0396270751953125 0.0521354675292969
0.0556678771972656 -0.0545539855957031 -0.0416908264160156 0.0266838073730469
0.0785598754882813 -0.0176849365234375 -0.03509521484375 0.00727653503417969
0.0939865112304687 0.0095367431640625 0.00696182250976563 0.0138435363769531
0.089324951171875 0.0267486572265625 0.0313186645507813 0.0624618530273437
0.0625839233398438 0.0264053344726563 0.0868301391601563 -0.0251235961914062
0.0796661376953125 0.0165786743164063 0.0957717895507813 0.003448486328125
0.0692176818847656 -0.0058441162109375 0.0663795471191406 0.00238800048828125
0.0582008361816406 -0.0304336547851563 0.0553741455078125 0.00203323364257812
0.0325393676757812 -0.0447196960449219 0.0341434478759766 0.00403404235839843
0.00343704223632813 -0.0530166625976563 0.0177974700927734 0.0125846862792969
-0.00909042358398437 -0.043121337890625 0.0189666748046875 0.0371513366699219
-0.00516128540039062 -0.03857421875 0.0169105529785156 0.0572509765625
-0.00664520263671875 -0.0466041564941406 0.00443267822265626 0.074066162109375
0.00432586669921875 -0.05316162109375 -0.0236129760742188 0.073974609375
0.0302581787109375 -0.0481033325195313 -0.0401992797851562 0.0624275207519531
0.0487136840820313 -0.0387115478515625 -0.0412521362304688 0.0316352844238281
0.0669517517089844 -0.00452423095703125 -0.0271511077880859 0.00905990600585938
0.0750808715820313 0.0181961059570313 0.0272941589355469 0.0180549621582031
0.0654258728027344 0.0300674438476563 0.0565643310546875 0.0748138427734375
0.02667236328125 0.0150814056396484 0.0993499755859375 -0.0273971557617188
0.0478706359863281 0.010406494140625 0.0981903076171875 -0.00585174560546875
0.040557861328125 -0.00618743896484375 0.0612831115722656 -0.00185012817382813
0.0288333892822266 -0.0211143493652344 0.0484199523925781 0.00754547119140625
0.0117931365966797 -0.0273418426513672 0.0344085693359375 0.0135726928710938
-0.00787353515625 -0.0270309448242188 0.0245933532714844 0.0267543792724609
-0.00845718383789063 -0.015559196472168 0.0293235778808594 0.0489273071289063
-0.00526046752929687 -0.0141181945800781 0.0244178771972656 0.0669364929199219
-0.00671005249023437 -0.0206241607666016 0.00792694091796874 0.0849761962890625
-0.000238418579101563 -0.0275764465332031 -0.0251083374023437 0.0856781005859375
0.0177822113037109 -0.0274333953857422 -0.0439453125 0.0686874389648438
0.0316829681396484 -0.0223369598388672 -0.0442619323730469 0.0368843078613281
0.043975830078125 0.00324630737304688 -0.0247516632080078 0.0124778747558594
0.0442314147949219 0.018524169921875 0.0362625122070313 0.0255355834960937
0.0312042236328125 0.0249919891357422 0.0695953369140625 0.085845947265625
0.00854158401489258 0.00582647323608398 -0.0697479248046875 -0.0742340087890625
-0.00251007080078125 -0.00812673568725586 -0.0254344940185547 -0.0252437591552734
-0.00961780548095703 0.00186634063720703 0.0314292907714844 -0.00836372375488281
-0.00137805938720703 0.00837421417236328 0.06207275390625 -0.0395584106445313
0.00572633743286133 0.00405025482177734 0.0555458068847656 -0.0692138671875
0.00525999069213867 -0.00218296051025391 0.0262527465820312 -0.0956344604492188
0.00211715698242188 -0.0124111175537109 -0.0106124877929688 -0.0914535522460938
0.00227737426757812 -0.0101242065429688 -0.0307731628417969 -0.06439208984375
0.0027766227722168 -0.00845670700073242 -0.0380935668945312 -0.0453948974609375
0.00739240646362305 -0.00755596160888672 -0.0386619567871094 -0.0331764221191406
0.00821924209594726 -0.000166893005371094 -0.0471115112304688 -0.0145912170410156
-0.00182819366455078 0.00938510894775391 -0.0503692626953125 -0.0070648193359375
-0.0138454437255859 -0.000979423522949222 -0.0652084350585937 -0.00675201416015626
-0.00613021850585937 -0.0123710632324219 -0.0941543579101563 0.0124053955078125
-4.60147857666019E-05 -0.00343894958496094 -0.102279663085937 0.025146484375
0.0477943420410156 0.0210838317871094 -0.0557479858398437 -0.0695381164550781
0.0368919372558594 0.0039215087890625 -0.00986671447753906 -0.0201854705810547
0.024688720703125 0.00418472290039063 0.0406532287597656 -0.00634384155273438
0.0296688079833984 -0.000530242919921875 0.0678558349609375 -0.0382881164550781
0.0272846221923828 -0.0122928619384766 0.0574722290039063 -0.0663948059082031
0.0159950256347656 -0.0283527374267578 0.0256729125976563 -0.0914077758789062
0.0021514892578125 -0.0390853881835938 -0.00973510742187499 -0.0825424194335937
0.0012969970703125 -0.0361557006835938 -0.0299224853515625 -0.0535240173339844
1.14440917968791E-05 -0.0383071899414063 -0.0381278991699219 -0.0328140258789063
0.00914382934570312 -0.0383415222167969 -0.0430641174316406 -0.0237274169921875
0.0212612152099609 -0.0266704559326172 -0.051422119140625 -0.00623703002929688
0.0208625793457031 -0.0133190155029297 -0.0506439208984375 -0.00329971313476562
0.0170106887817383 -0.00756549835205078 -0.0635261535644531 -3.43322753906231E-05
0.0293922424316406 -0.0096893310546875 -0.084136962890625 0.019683837890625
0.0378761291503906 0.00193023681640625 -0.0906524658203125 0.0319747924804687
0.0797882080078125 0.0348358154296875 -0.0308380126953125 -0.0603828430175781
0.0725021362304688 0.016571044921875 0.0125703811645508 -0.00947856903076172
0.0581436157226562 0.00754547119140625 0.0522575378417969 -0.00121307373046875
0.0580253601074219 -0.00915908813476563 0.0737228393554688 -0.0334548950195313
0.046142578125 -0.0284919738769531 0.0569076538085938 -0.0573196411132812
0.0251350402832031 -0.0515785217285156 0.02239990234375 -0.07977294921875
0.00169754028320313 -0.0604362487792969 -0.00748825073242188 -0.0645713806152344
-0.000125885009765621 -0.0563430786132812 -0.0246829986572266 -0.0336284637451172
-0.0043487548828125 -0.061248779296875 -0.0333690643310547 -0.0134906768798828
0.00775527954101562 -0.0635643005371094 -0.0430526733398438 -0.00638198852539062
0.0286636352539063 -0.05145263671875 -0.0521926879882812 0.00693511962890624
0.0368690490722656 -0.0364532470703125 -0.0511054992675781 0.003204345703125
0.0447616577148437 -0.017120361328125 -0.0600433349609375 0.00513839721679686
0.0612068176269531 -0.00893402099609375 -0.0676040649414063 0.0213546752929688
0.0701560974121094 0.00600814819335938 -0.0687370300292969 0.0392875671386719
0.100074768066406 0.04290771484375 0.00199890136718751 -0.0470771789550781
0.0981292724609375 0.0244827270507813 0.0381660461425781 0.00337982177734375
0.0838470458984375 0.00748443603515625 0.0624580383300781 0.00463485717773438
0.0804595947265625 -0.019927978515625 0.0764694213867188 -0.0249557495117188
0.0598030090332031 -0.0430679321289063 0.0532608032226563 -0.0452499389648437
0.0284690856933594 -0.0686225891113281 0.018768310546875 -0.0600814819335938
-0.000595092773437502 -0.0728225708007813 -0.00410079956054688 -0.0385322570800781
-0.00165557861328124 -0.0683555603027344 -0.0161857604980469 -0.00878334045410156
-0.00765991210937501 -0.07427978515625 -0.0240211486816406 0.0102348327636719
0.00373840332031251 -0.0799560546875 -0.0390090942382812 0.0150871276855469
0.0317955017089844 -0.0683822631835938 -0.048919677734375 0.0229263305664063
0.0482406616210938 -0.0544166564941406 -0.0495262145996094 0.0113487243652344
0.0658035278320313 -0.0253791809082031 -0.0553436279296875 0.00740432739257812
0.0863418579101563 -0.0069427490234375 -0.045166015625 0.0203971862792969
0.0923385620117188 0.0118637084960938 -0.0374259948730469 0.0463600158691406
0.102607727050781 0.0421066284179688 0.0362701416015625 -0.0345573425292969
0.109176635742188 0.02581787109375 0.0645637512207031 0.0107879638671875
0.095428466796875 0.00377655029296875 0.0692214965820313 0.00902557373046875
0.0880889892578125 -0.0286483764648437 0.0732650756835938 -0.0138320922851563
0.0609664916992188 -0.0526885986328125 0.0468940734863281 -0.02777099609375
0.024993896484375 -0.0757369995117188 0.0157432556152344 -0.0343303680419922
-0.00293731689453125 -0.0736541748046875 0.00183868408203125 -0.0106325149536133
-0.00317382812500001 -0.0688247680664063 -0.00509166717529297 0.0172224044799805
-0.00945281982421875 -0.0763778686523438 -0.0127830505371094 0.0351028442382813
0.00320434570312501 -0.0829544067382813 -0.031707763671875 0.0384674072265625
0.0345306396484375 -0.0733718872070312 -0.0440101623535156 0.039581298828125
0.0541458129882812 -0.0610427856445312 -0.0467185974121094 0.0196800231933594
0.07867431640625 -0.025604248046875 -0.0458755493164062 0.00797653198242188
0.0986099243164063 -0.001373291015625 -0.0189533233642578 0.0164928436279297
0.0997238159179688 0.0182342529296875 -0.00278854370117187 0.0542640686035156
0.0906600952148438 0.0352706909179688 0.0675277709960938 -0.0269279479980469
0.101524353027344 0.0223159790039063 0.0851058959960938 0.0110931396484375
0.09027099609375 -0.00104522705078125 0.0720596313476563 0.00904083251953125
0.0799789428710938 -0.0330352783203125 0.0663642883300781 -0.00424575805664063
0.0511245727539063 -0.0532341003417969 0.0405654907226563 -0.0101394653320313
0.0152053833007812 -0.07122802734375 0.0151262283325195 -0.00870037078857422
-0.00749588012695313 -0.0634193420410156 0.0110607147216797 0.0169162750244141
-0.00465774536132812 -0.0584678649902344 0.00637435913085938 0.0406570434570313
-0.0091094970703125 -0.0662002563476563 -0.00200271606445313 0.0579566955566406
0.00372314453125 -0.0727920532226563 -0.0266304016113281 0.0597038269042969
0.0349349975585937 -0.06591796875 -0.0414237976074219 0.0537872314453125
0.0551834106445312 -0.0551033020019531 -0.0438308715820313 0.026947021484375
0.0801467895507813 -0.0174102783203125 -0.0373458862304687 0.00751495361328124
0.0957717895507813 0.0089263916015625 0.00614547729492188 0.0155677795410156
0.0908203125 0.0258636474609375 0.0303268432617187 0.0657196044921875
0.063323974609375 0.0248184204101563 0.0896377563476562 -0.0251083374023437
0.0798187255859375 0.0164031982421875 0.0970306396484375 0.00478363037109375
0.0702972412109375 -0.00563812255859375 0.0682907104492187 0.00391387939453125
0.0585174560546875 -0.0317497253417969 0.0573387145996094 0.00416183471679687
0.0324172973632813 -0.0455360412597656 0.0363998413085938 0.00598526000976562
0.00240325927734376 -0.0534248352050781 0.0183124542236328 0.014007568359375
-0.009552001953125 -0.0421257019042969 0.0206031799316406 0.0380363464355469
-0.00555801391601562 -0.038665771484375 0.0168800354003906 0.0578880310058594
-0.00799560546875 -0.045928955078125 0.00468444824218749 0.0748825073242188
0.00310897827148437 -0.0528373718261719 -0.024658203125 0.075836181640625
0.0298500061035156 -0.0489883422851563 -0.0418167114257813 0.0645179748535156
0.0489387512207031 -0.0394172668457031 -0.0425949096679688 0.0324211120605469
0.0681953430175781 -0.0051422119140625 -0.0285015106201172 0.0102767944335937
0.0760650634765625 0.0177078247070313 0.0265254974365234 0.0190658569335938
0.0657539367675781 0.0289421081542969 0.0563125610351563 0.0775985717773438
0.0276412963867187 0.0139274597167969 0.101425170898437 -0.0284652709960938
0.0477066040039063 0.00921249389648438 0.100288391113281 -0.00534820556640625
0.0411720275878906 -0.00611495971679688 0.0627288818359375 0.000110626220703125
0.0292739868164062 -0.0219631195068359 0.0506477355957031 0.00951766967773437
0.0103969573974609 -0.0279865264892578 0.0362892150878906 0.0149993896484375
-0.00828170776367187 -0.0254001617431641 0.0256729125976563 0.0278034210205078
-0.00896358489990235 -0.0138750076293945 0.0303230285644531 0.0492973327636719
-0.00584506988525391 -0.0133476257324219 0.0252723693847656 0.0665740966796875
-0.00749015808105469 -0.0192909240722656 0.00746154785156249 0.0848922729492188
-0.000919342041015624 -0.026031494140625 -0.0263595581054688 0.0867691040039062
0.0173015594482422 -0.0279617309570312 -0.0452079772949219 0.0695304870605469
0.0319461822509766 -0.0226516723632813 -0.0459480285644531 0.0376510620117187
0.0441093444824219 0.0034942626953125 -0.0255184173583984 0.0123157501220703
0.0453987121582031 0.0185890197753906 0.0354080200195313 0.0251655578613281
0.0310688018798828 0.0247917175292969 0.0689926147460937 0.0888595581054688
0.00897216796875 0.00734615325927734 -0.0718994140625 -0.077362060546875
-0.00241518020629883 -0.00742006301879883 -0.0260066986083984 -0.0246524810791016
-0.00971698760986328 0.00226974487304688 0.034027099609375 -0.008026123046875
-0.000510215759277344 0.00859975814819336 0.064422607421875 -0.0410728454589844
0.0064849853515625 0.0039219856262207 0.0571975708007813 -0.0728607177734375
0.00702047348022461 -0.00320005416870117 0.0262832641601562 -0.10009765625
0.00202274322509766 -0.0142974853515625 -0.0124359130859375 -0.094207763671875
0.0031595230102539 -0.0122270584106445 -0.03253173828125 -0.0661354064941406
0.00424575805664062 -0.00995540618896484 -0.0411300659179688 -0.045135498046875
0.00876617431640625 -0.00808334350585938 -0.0423583984375 -0.0339584350585938
0.00903797149658203 -0.000362396240234375 -0.0510292053222656 -0.0147171020507813
-0.000967979431152344 0.0104236602783203 -0.0540809631347656 -0.00791168212890626
-0.0147228240966797 5.72204589843774E-05 -0.0697250366210938 -0.00801086425781249
-0.0076303482055664 -0.0122394561767578 -0.0977859497070313 0.0137557983398438
-0.000671625137329102 -0.00223851203918457 -0.106895446777344 0.0288619995117188
0.0503120422363281 0.0223770141601563 -0.0571975708007813 -0.0728073120117188
0.0390472412109375 0.0037994384765625 -0.00926399230957032 -0.0192642211914063
0.0262908935546875 0.00456428527832031 0.044189453125 -0.00598907470703125
0.0306720733642578 -0.00106048583984375 0.072021484375 -0.0394744873046875
0.0288295745849609 -0.0136432647705078 0.0602874755859375 -0.0690155029296875
0.0170955657958984 -0.0304775238037109 0.0257644653320313 -0.0949554443359375
0.00121307373046875 -0.0419807434082031 -0.0112762451171875 -0.0846328735351563
0.000713348388671872 -0.0391769409179687 -0.031402587890625 -0.0531349182128906
0.000282287597656253 -0.0401878356933594 -0.0416641235351563 -0.0318489074707031
0.0101470947265625 -0.0403823852539063 -0.0470314025878906 -0.0232925415039062
0.0223350524902344 -0.02838134765625 -0.0547142028808594 -0.0063629150390625
0.0221366882324219 -0.0135402679443359 -0.0547828674316406 -0.00396728515624999
0.0176467895507813 -0.00645256042480469 -0.0671272277832031 -0.000488281250000012
0.0299530029296875 -0.0096282958984375 -0.0874404907226563 0.0207748413085937
0.0396995544433594 0.00307083129882813 -0.0954818725585938 0.0360946655273437
0.0841064453125 0.03570556640625 -0.0307655334472656 -0.0626144409179688
0.0755233764648438 0.0157089233398438 0.0147638320922852 -0.00800228118896484
0.0610694885253906 0.00773239135742187 0.055877685546875 0.00099945068359375
0.0607452392578125 -0.0106925964355469 0.0781097412109375 -0.033721923828125
0.0482711791992188 -0.0299530029296875 0.0595550537109375 -0.0605621337890625
0.0258407592773438 -0.0540695190429687 0.0233612060546875 -0.0822677612304688
0.00065994262695313 -0.0636405944824219 -0.00834274291992188 -0.0652389526367188
-0.00121688842773438 -0.0599174499511719 -0.0256271362304687 -0.0329971313476563
-0.004852294921875 -0.0643386840820313 -0.0362434387207031 -0.011688232421875
0.0070953369140625 -0.06695556640625 -0.0470352172851562 -0.00497055053710937
0.02984619140625 -0.0539512634277344 -0.0562324523925781 0.00805664062499999
0.0391578674316406 -0.03765869140625 -0.0555992126464844 0.00341796874999999
0.0462684631347656 -0.0172615051269531 -0.0636444091796875 0.00618362426757813
0.06378173828125 -0.0095367431640625 -0.070648193359375 0.0239105224609375
0.072784423828125 0.006591796875 -0.0721435546875 0.0431365966796875
0.103713989257813 0.0432662963867188 0.00291061401367189 -0.0490684509277344
0.10186767578125 0.0235366821289063 0.0415611267089844 0.004669189453125
0.0886611938476563 0.007232666015625 0.0672836303710938 0.007080078125
0.0830154418945313 -0.0219802856445312 0.0800704956054688 -0.0246047973632813
0.0611763000488281 -0.0452690124511719 0.0553207397460938 -0.0461387634277344
0.0292129516601563 -0.0714111328125 0.0186767578125 -0.0609512329101563
-0.000686645507812496 -0.075103759765625 -0.00388336181640625 -0.0393180847167969
-0.00285339355468751 -0.0711669921875 -0.0163793563842773 -0.00755500793457032
-0.009124755859375 -0.0772705078125 -0.0256557464599609 0.0131587982177734
0.00343322753906251 -0.0826034545898437 -0.0424118041992187 0.0180282592773437
0.03240966796875 -0.0718841552734375 -0.0529022216796875 0.0256996154785156
0.0494003295898437 -0.0571098327636719 -0.0538177490234375 0.0128173828125
0.0682868957519531 -0.0261192321777344 -0.0577201843261719 0.00857543945312501
0.0893783569335938 -0.0083770751953125 -0.0473403930664062 0.0220146179199219
0.09649658203125 0.0112457275390625 -0.0397682189941406 0.0517997741699219
0.107101440429688 0.042266845703125 0.0386772155761719 -0.0373611450195313
0.112724304199219 0.0251922607421875 0.0680885314941406 0.0122146606445313
0.100006103515625 0.004180908203125 0.073699951171875 0.0112686157226563
0.0908584594726562 -0.0311660766601562 0.077362060546875 -0.013824462890625
0.0622138977050781 -0.0553512573242188 0.0493354797363281 -0.0276451110839844
0.0246505737304688 -0.078460693359375 0.0162906646728516 -0.0344123840332031
-0.00371551513671875 -0.07562255859375 0.00241661071777344 -0.0101833343505859
-0.00421142578125 -0.0711441040039063 -0.0043487548828125 0.0189857482910156
-0.0115127563476562 -0.0788116455078125 -0.0131416320800781 0.0383834838867188
0.00177764892578125 -0.0853805541992188 -0.0345382690429687 0.0425376892089844
0.0338058471679687 -0.0766677856445313 -0.0478401184082031 0.0421791076660156
0.0555801391601562 -0.0644340515136719 -0.0506210327148438 0.0213432312011719
0.0814590454101563 -0.0274429321289063 -0.0487556457519531 0.00958251953125
0.102096557617188 -0.0030517578125 -0.0207023620605469 0.0186309814453125
0.103439331054688 0.0177383422851563 -0.00329971313476562 0.0599365234375
0.094451904296875 0.0358200073242188 0.070343017578125 -0.0294952392578125
0.104820251464844 0.0204620361328125 0.0898284912109375 0.0119171142578125
0.0942001342773438 -0.00135040283203125 0.076202392578125 0.010101318359375
0.0823822021484375 -0.0360031127929688 0.0706405639648438 -0.00299835205078125
0.0513954162597656 -0.0561943054199219 0.0423240661621094 -0.00954437255859375
0.0141830444335938 -0.073089599609375 0.0161027908325195 -0.00705432891845704
-0.00751876831054688 -0.0647697448730469 0.0114116668701172 0.0177192687988281
-0.00580596923828125 -0.0601119995117188 0.00748443603515625 0.0427970886230469
-0.0107955932617187 -0.0676536560058594 -0.0019073486328125 0.0613517761230469
0.00197601318359374 -0.0747833251953125 -0.0282058715820312 0.0637359619140625
0.0343017578125 -0.0688095092773438 -0.04412841796875 0.0572738647460937
0.05609130859375 -0.0588150024414062 -0.0472679138183594 0.0286903381347656
0.0824203491210938 -0.01885986328125 -0.03826904296875 0.00948333740234375
0.099334716796875 0.0073394775390625 0.00598144531250001 0.0167646408081055
0.09417724609375 0.0249252319335938 0.0312347412109375 0.0707168579101562
0.0661201477050781 0.0247535705566406 0.0940093994140625 -0.0282211303710937
0.0828704833984375 0.0134506225585938 0.102386474609375 0.00475311279296875
0.0736541748046875 -0.0065765380859375 0.0727691650390625 0.00615692138671875
0.0597648620605469 -0.0336341857910156 0.0621490478515625 0.00487518310546875
0.0324440002441406 -0.046966552734375 0.0390205383300781 0.00706863403320312
0.000522613525390625 -0.0540542602539063 0.0203895568847656 0.0158519744873047
-0.0103874206542969 -0.0428199768066406 0.0225830078125 0.0391998291015625
-0.00624465942382813 -0.038787841796875 0.01885986328125 0.0602912902832031
-0.00936126708984376 -0.0459976196289063 0.00556182861328124 0.07818603515625
0.000572204589843756 -0.0539054870605469 -0.025421142578125 0.0800399780273438
0.0285415649414063 -0.0513572692871094 -0.043426513671875 0.0677490234375
0.0491561889648438 -0.0425643920898438 -0.0460853576660156 0.0344009399414063
0.0700569152832031 -0.00590133666992188 -0.0304985046386719 0.0102519989013672
0.0792999267578125 0.0159378051757813 0.0266056060791016 0.019927978515625
0.0687751770019531 0.0274467468261719 0.05718994140625 0.0827865600585938
0.0286712646484375 0.0132694244384766 0.106529235839844 -0.0320358276367188
0.0489921569824219 0.00783920288085938 0.104827880859375 -0.005859375
0.0428123474121094 -0.00753402709960937 0.0664787292480469 0.00118255615234375
0.0302486419677734 -0.0237712860107422 0.055023193359375 0.0110054016113281
0.00994110107421875 -0.0291004180908203 0.0392723083496094 0.0158958435058594
-0.0105915069580078 -0.0260143280029297 0.0281887054443359 0.0290908813476563
-0.00944805145263672 -0.0137262344360352 0.0328826904296875 0.0496978759765625
-0.00590038299560547 -0.0126361846923828 0.027191162109375 0.0683479309082031
-0.00854682922363282 -0.0180072784423828 0.00841522216796875 0.0871734619140625
-0.00285720825195313 -0.0258808135986328 -0.0269012451171875 0.090423583984375
0.0155220031738281 -0.0288829803466797 -0.0469284057617187 0.0734024047851563
0.0307426452636719 -0.0240592956542969 -0.0480079650878906 0.0396766662597656
0.0454673767089844 0.00286865234375 -0.0275173187255859 0.0124969482421875
0.0465164184570312 0.0174827575683594 0.0361480712890625 0.0257415771484375
0.0329437255859375 0.0232028961181641 0.0712356567382813 0.0933761596679688
0.0112285614013672 0.00874042510986328 -0.0774383544921875 -0.0791702270507812
-0.00251674652099609 -0.00744342803955078 -0.0267505645751953 -0.0250797271728516
-0.00963592529296875 0.00327205657958984 0.0367546081542969 -0.00902938842773437
0.000667095184326172 0.00832986831665039 0.0670051574707031 -0.0458717346191406
0.00887680053710938 0.00322055816650391 0.0574951171875 -0.0780868530273438
0.00774049758911133 -0.00501441955566406 0.0225982666015625 -0.106292724609375
0.00168418884277344 -0.0161600112915039 -0.0169906616210938 -0.0972518920898438
0.00274658203125 -0.0158119201660156 -0.0358657836914063 -0.0660438537597656
0.00431442260742188 -0.0124034881591797 -0.0459098815917969 -0.0440406799316406
0.00916576385498047 -0.00902843475341797 -0.0485000610351563 -0.0335044860839844
0.0104103088378906 -0.00142383575439453 -0.0568199157714844 -0.0136489868164063
0.000684738159179688 0.0118570327758789 -0.0580177307128906 -0.00764083862304688
-0.0148906707763672 0.00192832946777344 -0.074920654296875 -0.00750732421874999
-0.00909900665283203 -0.010838508605957 -0.102691650390625 0.018707275390625
-0.000416070222854614 0.000209718942642212 -0.11151123046875 0.0364303588867188
0.0533447265625 0.0236244201660156 -0.061279296875 -0.0745315551757813
0.0406417846679687 0.00210189819335937 -0.00931358337402344 -0.018707275390625
0.0282649993896484 0.00377464294433594 0.0474624633789063 -0.00643539428710937
0.0326786041259766 -0.00263023376464844 0.0752639770507813 -0.0434951782226563
0.0297126770019531 -0.0163307189941406 0.0602874755859375 -0.0737838745117188
0.0164146423339844 -0.0331764221191406 0.0229415893554688 -0.0995407104492188
-0.000457763671874998 -0.0453300476074219 -0.0152664184570313 -0.0870285034179688
-0.000942230224609378 -0.0427513122558594 -0.0345306396484375 -0.0527191162109375
-5.72204589843726E-05 -0.0440330505371094 -0.0460739135742188 -0.0305404663085938
0.00983810424804688 -0.0438804626464844 -0.0531806945800781 -0.0210914611816406
0.0231723785400391 -0.0301418304443359 -0.059967041015625 -0.00391769409179689
0.0237808227539062 -0.0144386291503906 -0.0595169067382813 -0.00191497802734376
0.0185127258300781 -0.00558853149414062 -0.0716171264648437 0.00183868408203125
0.0299587249755859 -0.01025390625 -0.0921554565429688 0.02655029296875
0.0416221618652344 0.00323104858398438 -0.0999221801757812 0.0446624755859375
0.0895767211914063 0.0353317260742188 -0.0317840576171875 -0.0642967224121094
0.0801925659179688 0.0132217407226563 0.0168180465698242 -0.00721073150634766
0.0656280517578125 0.00436782836914063 0.0611000061035156 -0.00019073486328125
0.0632743835449219 -0.0151023864746094 0.0828781127929688 -0.0374374389648438
0.0494308471679687 -0.0347061157226563 0.0609321594238281 -0.06524658203125
0.0251655578613281 -0.0588188171386719 0.021087646484375 -0.0854873657226563
-0.001678466796875 -0.0660018920898437 -0.0109062194824219 -0.06732177734375
-0.0029754638671875 -0.0634040832519531 -0.0274200439453125 -0.0312175750732422
-0.00740432739257812 -0.0679054260253906 -0.0388031005859375 -0.00876235961914064
0.0048675537109375 -0.0706787109375 -0.0524215698242188 -0.00129318237304688
0.0295562744140625 -0.0588569641113281 -0.0610275268554687 0.0115089416503906
0.039520263671875 -0.0400276184082031 -0.0597038269042969 0.00640487670898436
0.0477867126464844 -0.0188865661621094 -0.0677986145019531 0.0080413818359375
0.0654067993164063 -0.0116119384765625 -0.0739822387695313 0.028961181640625
0.076141357421875 0.0048065185546875 -0.0751190185546875 0.0525741577148437
0.110649108886719 0.0408706665039063 0.00371932983398438 -0.0518035888671875
0.107215881347656 0.0196762084960938 0.0441970825195313 0.00445556640625
0.0936126708984375 0.00301361083984375 0.0718917846679688 0.0077362060546875
0.0850830078125 -0.027435302734375 0.0860443115234375 -0.0279769897460938
0.0616836547851562 -0.0509071350097656 0.0573081970214844 -0.0493392944335938
0.0279922485351562 -0.0757064819335937 0.01812744140625 -0.0630416870117188
-0.0035552978515625 -0.0793991088867188 -0.00527191162109375 -0.0402069091796875
-0.00618743896484375 -0.0739822387695313 -0.017003059387207 -0.00478839874267579
-0.0129928588867188 -0.08135986328125 -0.0274105072021484 0.0168914794921875
-0.000160217285156251 -0.08575439453125 -0.04541015625 0.023468017578125
0.030242919921875 -0.0765457153320313 -0.0566558837890625 0.0303611755371094
0.0493507385253906 -0.0620384216308594 -0.0584144592285156 0.016143798828125
0.070831298828125 -0.0288543701171875 -0.0609397888183594 0.0122184753417969
0.0921859741210938 -0.0129623413085938 -0.0506668090820312 0.0278854370117187
0.100730895996094 0.008056640625 -0.0406341552734375 0.0580596923828125
0.113677978515625 0.0392074584960937 0.0410118103027344 -0.0405387878417969
0.117652893066406 0.0206756591796875 0.0743255615234375 0.0114288330078125
0.105354309082031 1.52587890625E-05 0.0788955688476563 0.0118865966796875
0.0930862426757813 -0.0363388061523438 0.0829315185546875 -0.01654052734375
0.0625877380371094 -0.060943603515625 0.0518569946289063 -0.0297279357910156
0.0220260620117187 -0.082122802734375 0.0162887573242188 -0.0352630615234375
-0.00742340087890624 -0.079315185546875 0.00230789184570313 -0.00938034057617188
-0.00844573974609374 -0.073944091796875 -0.0028076171875 0.021636962890625
-0.0156021118164063 -0.0804901123046875 -0.013031005859375 0.0430145263671875
-0.003448486328125 -0.087799072265625 -0.0366401672363281 0.0482368469238281
0.0315017700195312 -0.0813140869140625 -0.0499420166015625 0.0487289428710937
0.055023193359375 -0.0698509216308594 -0.0549888610839844 0.0256156921386719
0.0845947265625 -0.0322647094726562 -0.0514602661132812 0.0120315551757813
0.107017517089844 -0.00799560546875 -0.0213756561279297 0.0224170684814453
0.108558654785156 0.013763427734375 -0.00189971923828125 0.0663032531738281
0.0990371704101563 0.0319595336914063 0.07440185546875 -0.0344696044921875
0.110702514648437 0.015716552734375 0.0959091186523438 0.009674072265625
0.0992965698242188 -0.004974365234375 0.08203125 0.0107498168945313
0.08428955078125 -0.0404891967773437 0.0762252807617187 -0.0045318603515625
0.0512046813964844 -0.0619659423828125 0.0458793640136719 -0.00919342041015626
0.0110702514648438 -0.0764617919921875 0.0180435180664063 -0.00562286376953126
-0.0119590759277344 -0.0669021606445313 0.0133819580078125 0.0193386077880859
-0.00907516479492188 -0.0618553161621094 0.0100517272949219 0.0452766418457031
-0.0156021118164062 -0.0682334899902344 -0.000377655029296881 0.0652389526367188
-0.00267791748046875 -0.0769805908203125 -0.0277671813964844 0.0702171325683594
0.0308837890625 -0.0740509033203125 -0.0453987121582031 0.06463623046875
0.054901123046875 -0.0651931762695313 -0.050140380859375 0.0328330993652344
0.0850448608398438 -0.0247573852539063 -0.0410652160644531 0.01165771484375
0.1029052734375 0.0030364990234375 0.00671768188476563 0.0182971954345703
0.0985946655273438 0.0203323364257813 0.0345611572265625 0.0760574340820313
0.0687980651855469 0.0217666625976563 0.0984268188476563 -0.0351028442382813
0.08685302734375 0.010345458984375 0.108848571777344 0.0023345947265625
0.07598876953125 -0.0094757080078125 0.0772476196289063 0.00508880615234375
0.0613594055175781 -0.038848876953125 0.0668220520019531 0.00423812866210937
0.0317039489746094 -0.0517921447753906 0.0425834655761719 0.00652694702148437
-0.00310897827148437 -0.055511474609375 0.0241413116455078 0.0174121856689453
-0.0131759643554688 -0.0432891845703125 0.0259971618652344 0.0385780334472656
-0.00937271118164063 -0.03997802734375 0.0233840942382813 0.0617027282714844
-0.012939453125 -0.0458221435546875 0.00845336914062501 0.0810775756835938
-0.00297927856445313 -0.0548820495605469 -0.0236968994140625 0.0852508544921875
0.0264625549316406 -0.0549964904785156 -0.044586181640625 0.074462890625
0.0481910705566406 -0.0470657348632812 -0.0475425720214844 0.0389022827148438
0.0728759765625 -0.0102462768554688 -0.0325870513916016 0.0114803314208984
0.0838088989257813 0.0126113891601563 0.0280036926269531 0.0200710296630859
0.0731582641601562 0.0247879028320312 0.0626373291015625 0.0861663818359375
0.0294837951660156 0.0109481811523438 0.111114501953125 -0.0385971069335938
0.0516166687011719 0.00510406494140625 0.108879089355469 -0.00836181640625
0.04443359375 -0.0114631652832031 0.0711212158203125 0.000564575195312499
0.0296649932861328 -0.0276546478271484 0.0600814819335938 0.00994110107421875
0.00758552551269531 -0.0317649841308594 0.0437698364257812 0.0160331726074219
-0.0137920379638672 -0.0252532958984375 0.0327987670898438 0.0299873352050781
-0.0109071731567383 -0.0122518539428711 0.0370101928710937 0.0504798889160156
-0.00712013244628906 -0.0104379653930664 0.0318145751953125 0.0693283081054687
-0.0093841552734375 -0.015934944152832 0.0118942260742188 0.0908584594726563
-0.00455474853515625 -0.0244598388671875 -0.0255966186523437 0.095855712890625
0.0135059356689453 -0.0311145782470703 -0.0478973388671875 0.08013916015625
0.0310764312744141 -0.0264797210693359 -0.0503082275390625 0.0434341430664063
0.0468788146972656 0.00058746337890625 -0.0307121276855469 0.0134811401367187
0.04901123046875 0.0147209167480469 0.0385894775390625 0.0249443054199219
0.0351524353027344 0.0212516784667969 0.0767288208007813 0.0962371826171875
0.0129241943359375 0.00942611694335938 -0.0811309814453125 -0.0776901245117188
-0.00152969360351563 -0.0043950080871582 -0.0287208557128906 -0.0231456756591797
-0.00946044921875 0.00504779815673828 0.03936767578125 -0.0113639831542969
0.00319385528564453 0.00811910629272461 0.0676155090332031 -0.0509262084960938
0.0113306045532227 0.001068115234375 0.0552520751953125 -0.0853042602539062
0.00677013397216797 -0.00826835632324219 0.0165023803710938 -0.111549377441406
0.000782012939453125 -0.0194149017333984 -0.0244522094726563 -0.098388671875
0.00127029418945312 -0.0180149078369141 -0.0408134460449219 -0.065155029296875
0.00490283966064453 -0.0167675018310547 -0.0517768859863281 -0.0400390625
0.011408805847168 -0.0140390396118164 -0.0543174743652344 -0.0317306518554688
0.0108604431152344 -0.000754356384277344 -0.0590591430664063 -0.00994491577148436
0.00463104248046875 0.0111789703369141 -0.062530517578125 -0.00568771362304687
-0.0161523818969727 0.00641918182373047 -0.0800933837890625 -0.00415802001953124
-0.0107994079589844 -0.0103025436401367 -0.104156494140625 0.0243759155273437
-0.000636219978332519 0.0017859935760498 -0.112617492675781 0.046783447265625
0.058013916015625 0.0223388671875 -0.0655975341796875 -0.0732803344726563
0.0433082580566406 0.000392913818359375 -0.00904273986816406 -0.0184097290039063
0.030517578125 0.00190925598144531 0.0502548217773438 -0.00942611694335938
0.0333156585693359 -0.00570297241210938 0.075164794921875 -0.0488815307617188
0.0289878845214844 -0.0206451416015625 0.0591201782226562 -0.0796127319335937
0.0160636901855469 -0.0375175476074219 0.0161819458007812 -0.102798461914063
-0.00506973266601563 -0.0479774475097656 -0.021881103515625 -0.0872726440429688
-0.00250244140625 -0.0448074340820313 -0.0381088256835938 -0.051177978515625
-0.0044403076171875 -0.0481986999511719 -0.0487632751464844 -0.0246238708496094
0.00777053833007813 -0.0471458435058594 -0.0571708679199219 -0.0161552429199219
0.0245437622070313 -0.0317935943603516 -0.0642967224121094 -0.000366210937499995
0.0267810821533203 -0.0151863098144531 -0.0636482238769531 0.000465393066406256
0.0193557739257812 -0.00607109069824219 -0.0759353637695312 0.00557708740234375
0.0295219421386719 -0.0105876922607422 -0.0917816162109375 0.0335617065429687
0.0424880981445313 0.00225067138671875 -0.099212646484375 0.056640625
0.09539794921875 0.0308685302734375 -0.0361442565917969 -0.0628585815429687
0.082550048828125 0.0067138671875 0.0181617736816406 -0.00648307800292969
0.066253662109375 0.000240325927734375 0.0658912658691406 -0.0020751953125
0.0645370483398438 -0.0205917358398438 0.0834884643554688 -0.0438003540039063
0.0477523803710937 -0.0407905578613281 0.0587196350097656 -0.0681991577148438
0.022003173828125 -0.0624427795410156 0.0162353515625 -0.0849533081054688
-0.00526428222656251 -0.0703201293945313 -0.0155677795410156 -0.0660781860351563
-0.00732421875 -0.0656204223632813 -0.0303115844726563 -0.0294780731201172
-0.0125045776367188 -0.0708389282226562 -0.0416374206542969 -0.00410842895507813
0.000595092773437499 -0.073577880859375 -0.0556488037109375 0.00284957885742188
0.0272560119628906 -0.0613479614257813 -0.0643730163574219 0.0176315307617187
0.0382156372070313 -0.045135498046875 -0.0633049011230469 0.00991821289062499
0.0500869750976563 -0.0203628540039063 -0.0709075927734375 0.011505126953125
0.0660591125488281 -0.0151252746582031 -0.0741653442382813 0.0371170043945313
0.0782318115234375 0.0006561279296875 -0.074249267578125 0.061279296875
0.11285400390625 0.032958984375 0.00125122070312501 -0.0533676147460938
0.112022399902344 0.0116195678710938 0.0511932373046875 0.00464248657226563
0.0979537963867188 -0.00336456298828125 0.0760955810546875 0.00261688232421875
0.0867691040039063 -0.0337982177734375 0.089263916015625 -0.0317916870117188
0.0589790344238281 -0.0572891235351563 0.0572853088378906 -0.0517921447753906
0.02410888671875 -0.08111572265625 0.0141677856445313 -0.0633773803710938
-0.00919342041015624 -0.0817108154296875 -0.00838851928710938 -0.0382118225097656
-0.0120468139648437 -0.0753173828125 -0.0166616439819336 -0.00161266326904297
-0.0185623168945312 -0.08282470703125 -0.0273857116699219 0.0221652984619141
-0.00543212890625001 -0.0891876220703125 -0.0469703674316406 0.030670166015625
0.0258560180664063 -0.0814208984375 -0.0596084594726563 0.03668212890625
0.0475997924804688 -0.0677032470703125 -0.062255859375 0.0223388671875
0.0721893310546875 -0.03436279296875 -0.0626296997070313 0.017120361328125
0.0938262939453125 -0.017578125 -0.0486640930175781 0.0307769775390625
0.102554321289063 0.00215911865234375 -0.0395545959472656 0.0667495727539063
0.119514465332031 0.032501220703125 0.0402908325195313 -0.0458564758300781
0.120658874511719 0.0114059448242188 0.0800628662109375 0.00936126708984375
0.110198974609375 -0.00440216064453125 0.08447265625 0.0103378295898438
0.0948638916015625 -0.0438232421875 0.0860061645507813 -0.0203628540039063
0.0593605041503906 -0.0661239624023438 0.0541534423828125 -0.0317192077636719
0.0173263549804688 -0.0852813720703125 0.0146770477294922 -0.0345077514648438
-0.0136795043945313 -0.0821304321289063 0.00352287292480469 -0.00696182250976563
-0.0156173706054687 -0.0758743286132813 -0.00161361694335937 0.0236835479736328
-0.0219345092773437 -0.0811386108398438 -0.0116958618164062 0.0477981567382812
-0.00962066650390625 -0.0894546508789063 -0.034271240234375 0.0557060241699219
0.0241851806640625 -0.0858230590820313 -0.0506057739257813 0.0558586120605469
0.0511016845703125 -0.0753402709960938 -0.0566177368164062 0.0304641723632813
0.08551025390625 -0.0383758544921875 -0.0530891418457031 0.0168952941894531
0.109443664550781 -0.0172042846679688 -0.0214996337890625 0.025390625
0.110923767089844 0.00426483154296875 -4.57763671874961E-05 0.0724945068359375
0.103713989257812 0.0256118774414062 0.0723114013671875 -0.0397186279296875
0.11273193359375 0.0076751708984375 0.100311279296875 0.00560760498046875
0.10211181640625 -0.0112762451171875 0.08538818359375 0.009490966796875
0.083404541015625 -0.0487823486328125 0.0785980224609375 -0.0089111328125
0.0468254089355469 -0.0685806274414063 0.0476875305175781 -0.0113754272460938
0.00396728515624999 -0.078887939453125 0.0209236145019531 -0.00545692443847657
-0.0168495178222656 -0.0664100646972656 0.0160751342773438 0.0198135375976562
-0.0138359069824219 -0.0615615844726563 0.0152664184570312 0.0463142395019531
-0.0212326049804688 -0.0676803588867187 0.004608154296875 0.0686607360839844
-0.008819580078125 -0.0772857666015625 -0.0264968872070312 0.0756301879882813
0.023681640625 -0.075927734375 -0.0440139770507813 0.0718917846679688
0.0514450073242188 -0.0720367431640625 -0.0504875183105469 0.0377159118652344
0.0864791870117187 -0.0294876098632812 -0.0418548583984375 0.0146141052246094
0.10455322265625 -0.006378173828125 0.00880813598632813 0.0196323394775391
0.103012084960938 0.0135345458984375 0.0382232666015625 0.079193115234375
0.0717391967773438 0.0151443481445313 0.0998764038085938 -0.0433807373046875
0.0886459350585938 0.002197265625 0.112846374511719 -0.00376129150390625
0.077423095703125 -0.015228271484375 0.0808944702148438 0.0030517578125
0.0598526000976563 -0.0458641052246094 0.0734329223632813 0.002899169921875
0.0260887145996094 -0.05615234375 0.0464897155761719 0.004425048828125
-0.00688934326171875 -0.0572433471679687 0.0266952514648438 0.0155105590820312
-0.0183982849121094 -0.0411148071289063 0.0313835144042969 0.0406761169433594
-0.0113105773925781 -0.038482666015625 0.0279388427734375 0.0627288818359375
-0.0167732238769531 -0.045623779296875 0.0114517211914063 0.0852508544921875
-0.00699234008789063 -0.053863525390625 -0.0199508666992188 0.0936508178710937
0.0220413208007813 -0.0580825805664063 -0.0434494018554688 0.0816268920898438
0.0453224182128906 -0.0526809692382813 -0.0506057739257813 0.042877197265625
0.07281494140625 -0.0165481567382813 -0.0345478057861328 0.0148563385009766
0.0843582153320313 0.00384521484375 0.029266357421875 0.0184726715087891
0.0739898681640625 0.018157958984375 0.0691299438476563 0.0871047973632813
0.0294857025146484 0.00768089294433594 0.112533569335937 -0.049774169921875
0.0528831481933594 -0.00157928466796875 0.111740112304688 -0.0176162719726563
0.0443496704101562 -0.0143051147460938 0.0745010375976562 -0.00152587890625
0.0276508331298828 -0.0321369171142578 0.0643882751464844 0.00944137573242187
0.00308990478515625 -0.0331401824951172 0.0480194091796875 0.0128974914550781
-0.0166873931884766 -0.0229129791259766 0.0375404357910156 0.0291213989257813
-0.0114879608154297 -0.00884151458740234 0.0416259765625 0.0484848022460937
-0.00884342193603516 -0.0101394653320313 0.0360755920410156 0.0691146850585937
-0.0130424499511719 -0.0142107009887695 0.0175018310546875 0.0932769775390625
-0.00811958312988281 -0.0229282379150391 -0.0209732055664062 0.0994186401367188
0.00861740112304687 -0.0312461853027344 -0.044708251953125 0.0871047973632813
0.0284900665283203 -0.0296115875244141 -0.0501747131347656 0.0501556396484375
0.0475006103515625 -0.0054931640625 -0.02960205078125 0.0152626037597656
0.0494155883789062 0.00991058349609375 0.0398178100585938 0.0244941711425781
0.0353279113769531 0.0171165466308594 0.0846481323242188 0.0959396362304688
0.0144720077514648 0.0118894577026367 -0.0859832763671875 -0.074798583984375
-0.00100183486938477 -0.00511264801025391 -0.0266742706298828 -0.0189285278320312
-0.00717544555664063 0.00472736358642578 0.0399246215820313 -0.0125617980957031
0.00360679626464844 0.00823307037353516 0.064971923828125 -0.0555152893066406
0.00945281982421875 -0.000439643859863281 0.0494155883789063 -0.0882797241210938
0.00853252410888672 -0.00983047485351562 0.009368896484375 -0.110481262207031
-0.00189781188964844 -0.0216407775878906 -0.0297164916992188 -0.0966415405273438
-0.000101089477539063 -0.0209541320800781 -0.0446548461914062 -0.0603179931640625
0.00403404235839844 -0.0191936492919922 -0.0546493530273437 -0.0354194641113281
0.0119915008544922 -0.0157079696655273 -0.0579299926757812 -0.02459716796875
0.0145969390869141 -0.00269603729248047 -0.0639495849609375 -0.00561141967773438
0.00678920745849609 0.012700080871582 -0.0655517578125 -0.00173568725585939
-0.0151157379150391 0.00804901123046875 -0.0818862915039063 -0.000549316406249993
-0.0118236541748047 -0.00561809539794922 -0.103286743164063 0.0313796997070313
-3.00407409667968E-05 0.00489473342895508 -0.109001159667969 0.0560531616210938
0.0592308044433594 0.0201835632324219 -0.0678138732910156 -0.0701446533203125
0.0441131591796875 -0.00294113159179688 -0.00737667083740234 -0.0153970718383789
0.0312690734863281 0.00102996826171875 0.0511474609375 -0.0110702514648438
0.0336589813232422 -0.00866127014160156 0.073974609375 -0.0536346435546875
0.0292644500732422 -0.0226879119873047 0.0536117553710938 -0.0828781127929688
0.01409912109375 -0.0399436950683594 0.01031494140625 -0.1025390625
-0.00732421875 -0.0493431091308594 -0.0262680053710938 -0.0844039916992188
-0.00676345825195313 -0.0472869873046875 -0.0407447814941406 -0.0453414916992188
-0.00579452514648437 -0.0487518310546875 -0.052032470703125 -0.0187606811523438
0.00642013549804687 -0.047576904296875 -0.0607872009277344 -0.00962448120117188
0.0229778289794922 -0.0351047515869141 -0.0665054321289063 0.00553131103515626
0.0264987945556641 -0.0164051055908203 -0.0666465759277344 0.00519943237304687
0.0193672180175781 -0.00441169738769531 -0.0766220092773438 0.00976562499999999
0.0270481109619141 -0.00990867614746094 -0.0899429321289063 0.039764404296875
0.0423316955566406 0.000957489013671875 -0.0947647094726563 0.0649948120117188
0.0962295532226563 0.0262832641601563 -0.0380363464355469 -0.0623321533203125
0.0832672119140625 0.00232696533203125 0.0208377838134766 -0.0056610107421875
0.0684852600097656 -0.00274658203125 0.0674781799316406 -0.00433349609375
0.0629959106445313 -0.0237846374511719 0.082672119140625 -0.047760009765625
0.046661376953125 -0.0442428588867188 0.0564193725585938 -0.0719833374023438
0.0179557800292969 -0.0645217895507813 0.0113525390625 -0.0855636596679688
-0.0118408203125 -0.0709457397460937 -0.0185356140136719 -0.0627326965332031
-0.0138397216796875 -0.0665855407714844 -0.0297718048095703 -0.0249977111816406
-0.0171928405761719 -0.0698204040527344 -0.0416717529296875 0.00259017944335937
-0.00360107421875 -0.07281494140625 -0.0567626953125 0.0111656188964844
0.0237579345703125 -0.0636253356933594 -0.0658226013183594 0.024322509765625
0.0380592346191406 -0.0468254089355469 -0.0659294128417969 0.0156707763671875
0.0470809936523438 -0.0220260620117188 -0.0714111328125 0.0172576904296875
0.0632820129394531 -0.018280029296875 -0.0716552734375 0.0415496826171875
0.0778884887695313 -0.0023040771484375 -0.068115234375 0.0705795288085938
0.117164611816406 0.0278396606445313 0.000190734863281257 -0.0541038513183594
0.11004638671875 0.00405120849609375 0.0517616271972656 0.00271224975585938
0.0970840454101563 -0.008056640625 0.08148193359375 0.00283050537109375
0.0829238891601563 -0.0404434204101563 0.0887832641601562 -0.0372085571289062
0.0565261840820313 -0.0619697570800781 0.0559730529785156 -0.0555953979492188
0.0170822143554688 -0.081298828125 0.0117225646972656 -0.0608406066894531
-0.0150146484375 -0.0801239013671875 -0.00823593139648437 -0.0360488891601563
-0.01788330078125 -0.0756454467773438 -0.0143556594848633 0.00129127502441406
-0.0236968994140625 -0.0806045532226563 -0.0251274108886719 0.0267715454101562
-0.0125198364257813 -0.087158203125 -0.0466575622558594 0.0356636047363281
0.0201263427734375 -0.0830230712890625 -0.0577926635742188 0.043609619140625
0.0429306030273438 -0.06829833984375 -0.0621871948242187 0.0270462036132813
0.0688858032226563 -0.0376052856445312 -0.0635490417480469 0.0210952758789062
0.0916671752929688 -0.0242919921875 -0.0465202331542969 0.0366706848144531
0.101158142089844 -0.0046539306640625 -0.0329971313476562 0.0739974975585938
0.12017822265625 0.024383544921875 0.0384597778320313 -0.046905517578125
0.119644165039062 0.00290679931640625 0.0801620483398438 0.0062103271484375
0.108551025390625 -0.0148391723632813 0.0886764526367188 0.00681304931640625
0.0894393920898438 -0.0500869750976563 0.088134765625 -0.024688720703125
0.05413818359375 -0.07147216796875 0.0526199340820313 -0.0348396301269531
0.0108184814453125 -0.086395263671875 0.0146675109863281 -0.0324630737304688
-0.0186691284179687 -0.0784683227539063 0.003570556640625 -0.00623607635498047
-0.0195541381835938 -0.0738296508789063 -1.71661376953157E-05 0.0254611968994141
-0.0274124145507813 -0.07843017578125 -0.00811767578125 0.0503997802734375
-0.0174789428710938 -0.08807373046875 -0.032958984375 0.0589561462402344
0.0183944702148438 -0.0873184204101563 -0.0488433837890625 0.0612106323242187
0.0451126098632812 -0.0786514282226562 -0.056060791015625 0.0358352661132812
0.0812759399414063 -0.04388427734375 -0.0534629821777344 0.0210227966308594
0.1055908203125 -0.0239181518554688 -0.0198898315429687 0.0275592803955078
0.111106872558594 -0.001953125 0.00572204589843751 0.0755996704101563
0.103973388671875 0.0175399780273437 0.0721588134765625 -0.0451736450195313
0.111587524414063 -0.0016326904296875 0.100822448730469 0.00157928466796875
0.100822448730469 -0.0182266235351562 0.0898208618164063 0.0056610107421875
0.079345703125 -0.0538330078125 0.082855224609375 -0.011993408203125
0.0410881042480469 -0.0702552795410156 0.0498428344726563 -0.0134658813476563
-0.000419616699218745 -0.0750961303710938 0.0203227996826172 -0.00439643859863282
-0.0206298828125 -0.0631561279296875 0.0184974670410156 0.0193653106689453
-0.0182914733886719 -0.0582084655761719 0.0178565979003906 0.0460624694824219
-0.0244636535644531 -0.0645980834960938 0.00775909423828125 0.0701370239257813
-0.0153121948242188 -0.0735855102539063 -0.0217514038085938 0.079193115234375
0.0177459716796875 -0.0776138305664063 -0.0406341552734375 0.07611083984375
0.0448684692382813 -0.0735931396484375 -0.0515098571777344 0.0431327819824219
0.08221435546875 -0.0364532470703125 -0.042083740234375 0.0182838439941406
0.103500366210938 -0.0147781372070312 0.00790405273437501 0.0208053588867187
0.1005859375 0.0053253173828125 0.0446014404296875 0.0798721313476562
0.072540283203125 0.00992584228515625 0.0960769653320313 -0.0489349365234375
0.0860748291015625 -0.004730224609375 0.11175537109375 -0.0095672607421875
0.077117919921875 -0.0214080810546875 0.0848007202148438 0.000885009765624999
0.0539779663085938 -0.0483551025390625 0.0739974975585938 -0.0019989013671875
0.0206832885742188 -0.0548477172851563 0.0488815307617188 0.00263595581054687
-0.0124931335449219 -0.0518760681152344 0.0303974151611328 0.0163173675537109
-0.0193367004394531 -0.0382881164550781 0.0334892272949219 0.0364875793457031
-0.0149955749511719 -0.0357589721679688 0.0323257446289063 0.0593757629394531
-0.0191535949707031 -0.0405235290527344 0.017486572265625 0.08477783203125
-0.0128402709960938 -0.0507278442382813 -0.0154876708984375 0.0943527221679688
0.0150680541992187 -0.057098388671875 -0.0380325317382813 0.08514404296875
0.0391044616699219 -0.0546951293945313 -0.0472259521484375 0.0477981567382813
0.0704345703125 -0.0221328735351563 -0.0347023010253906 0.0174274444580078
0.084014892578125 -0.002899169921875 0.0292835235595703 0.0191783905029297
0.0742111206054688 0.0118484497070313 0.072601318359375 0.084869384765625
0.0312080383300781 0.00485610961914062 0.106971740722656 -0.0573883056640625
0.0506553649902344 -0.00636672973632812 0.111000061035156 -0.023101806640625
0.0438804626464844 -0.0197334289550781 0.0758590698242188 -0.0048675537109375
0.0238208770751953 -0.034698486328125 0.0680198669433594 0.00418472290039062
-0.00182342529296875 -0.0328292846679688 0.05267333984375 0.0107269287109375
-0.0204753875732422 -0.0191555023193359 0.0413970947265625 0.0254631042480469
-0.0155267715454102 -0.00790119171142578 0.0456962585449219 0.0432395935058594
-0.00928878784179688 -0.0069427490234375 0.0408859252929688 0.0627479553222656
-0.0119867324829102 -0.0102825164794922 0.0219879150390625 0.0914382934570313
-0.0115184783935547 -0.0204238891601562 -0.014892578125 0.102310180664063
0.00615882873535156 -0.0310726165771484 -0.0400238037109375 0.0887527465820313
0.0245456695556641 -0.0315303802490234 -0.04791259765625 0.0521240234375
0.0457572937011719 -0.00844955444335938 -0.0318717956542969 0.0172348022460937
0.0481910705566406 0.00439071655273438 0.0384101867675781 0.0207939147949219
0.0347862243652344 0.0128021240234375 0.08837890625 0.0918960571289063
0.0168733596801758 0.0140190124511719 -0.08514404296875 -0.0705795288085937
0.00072026252746582 -0.00367212295532227 -0.0247592926025391 -0.0172061920166016
-0.00493192672729492 0.00542831420898438 0.0406036376953125 -0.0142250061035156
0.00552129745483398 0.00668478012084961 0.06268310546875 -0.0573692321777344
0.0103130340576172 -0.00215053558349609 0.0455474853515625 -0.0890426635742187
0.00818634033203125 -0.0136089324951172 0.00454711914062501 -0.109275817871094
-0.00351715087890625 -0.0242729187011719 -0.032928466796875 -0.0925750732421875
-0.00138282775878906 -0.0226631164550781 -0.0458717346191406 -0.05584716796875
0.00358009338378906 -0.0224895477294922 -0.0549468994140625 -0.0301284790039063
0.0124454498291016 -0.0181293487548828 -0.0591278076171875 -0.0204505920410156
0.0160417556762695 -0.00452423095703125 -0.0651626586914062 -0.00278091430664061
0.00944232940673828 0.0119562149047852 -0.0662422180175781 0.000267028808593747
-0.0130596160888672 0.0108423233032227 -0.0819778442382813 0.00166320800781251
-0.0120773315429688 -0.00192928314208984 -0.099761962890625 0.033447265625
0.00181484222412109 0.00664520263671875 -0.103019714355469 0.0610733032226563
0.0615882873535156 0.0190467834472656 -0.0675315856933594 -0.0674285888671875
0.0437850952148438 -0.0032501220703125 -0.00488853454589844 -0.0139141082763672
0.0326480865478516 -0.00041961669921875 0.0537528991699219 -0.0119361877441406
0.0338478088378906 -0.0106182098388672 0.0721588134765625 -0.0550689697265625
0.0278511047363281 -0.0249710083007813 0.0499420166015625 -0.0831756591796875
0.0123634338378906 -0.0419883728027344 0.00708007812500001 -0.100082397460938
-0.00941085815429687 -0.0504951477050781 -0.0280685424804688 -0.0798416137695313
-0.00996780395507812 -0.0477943420410156 -0.0405349731445313 -0.0416793823242187
-0.00791549682617187 -0.0503196716308594 -0.0512771606445312 -0.0137252807617188
0.00557708740234374 -0.0495491027832031 -0.0614776611328125 -0.00484085083007813
0.0228500366210937 -0.0362091064453125 -0.0678329467773438 0.0104866027832031
0.0271549224853516 -0.0171356201171875 -0.0666160583496094 0.00777053833007813
0.0194015502929688 -0.00297355651855469 -0.0760574340820312 0.0117721557617187
0.027099609375 -0.00805282592773437 -0.0866317749023437 0.0423507690429688
0.0419120788574219 0.00215911865234375 -0.0890045166015625 0.0703659057617187
0.0970382690429687 0.0226669311523437 -0.0376129150390625 -0.060394287109375
0.0814666748046875 -0.00142669677734375 0.0230579376220703 -0.00513458251953125
0.0691795349121094 -0.005706787109375 0.0693130493164063 -0.00547027587890625
0.0614776611328125 -0.0276222229003906 0.0819473266601562 -0.0491790771484375
0.0432968139648438 -0.0460853576660156 0.0537033081054687 -0.0716400146484375
0.0148391723632813 -0.0647468566894531 0.00919342041015625 -0.0825119018554688
-0.0144882202148438 -0.0699806213378906 -0.0199241638183594 -0.0588150024414063
-0.0171394348144531 -0.0664024353027344 -0.0294971466064453 -0.0204029083251953
-0.0191383361816406 -0.0695610046386719 -0.0402450561523438 0.00814437866210937
-0.0058441162109375 -0.0727996826171875 -0.0565376281738281 0.0175933837890625
0.02191162109375 -0.0634307861328125 -0.0658950805664063 0.0285072326660156
0.0364799499511719 -0.0464897155761719 -0.0663909912109375 0.0191078186035156
0.0465812683105469 -0.0211639404296875 -0.0702095031738281 0.0200386047363281
0.0616378784179688 -0.0174560546875 -0.0678253173828125 0.0447196960449219
0.076171875 -0.00390625 -0.0637359619140625 0.0753860473632813
0.116645812988281 0.0232086181640625 1.14440917968848E-05 -0.052215576171875
0.10797119140625 -0.00115966796875 0.0533981323242188 0.0032196044921875
0.095916748046875 -0.011993408203125 0.0838623046875 0.001556396484375
0.0806732177734375 -0.043121337890625 0.0888290405273438 -0.0385589599609375
0.0516433715820313 -0.0628280639648438 0.0544776916503906 -0.0551872253417969
0.0132293701171875 -0.0800857543945312 0.0114364624023438 -0.0580329895019531
-0.0182113647460938 -0.0787429809570313 -0.00868606567382813 -0.0325660705566406
-0.0206756591796875 -0.0738906860351563 -0.0139255523681641 0.00296211242675781
-0.026947021484375 -0.0778884887695313 -0.0239353179931641 0.0318946838378906
-0.0152740478515625 -0.0849838256835938 -0.0457229614257813 0.0410575866699219
0.01678466796875 -0.0812606811523438 -0.0574455261230469 0.0480880737304687
0.0397529602050781 -0.0698204040527344 -0.0623207092285156 0.0307846069335937
0.0663375854492188 -0.0381011962890625 -0.0624465942382812 0.0242385864257813
0.0879669189453125 -0.0265121459960938 -0.0441856384277344 0.0403861999511719
0.0994644165039063 -0.007843017578125 -0.0294113159179687 0.0782623291015625
0.118049621582031 0.0178909301757813 0.0371322631835938 -0.0473861694335938
0.115806579589844 -0.0026092529296875 0.0811843872070313 0.00516510009765625
0.106033325195313 -0.0173263549804688 0.0911712646484375 0.0060272216796875
0.084991455078125 -0.05401611328125 0.0885696411132813 -0.0255355834960938
0.0494308471679688 -0.07171630859375 0.0528564453125 -0.0347213745117188
0.00671386718750001 -0.083587646484375 0.0158271789550781 -0.030303955078125
-0.021820068359375 -0.0752410888671875 0.00460481643676758 -0.00518512725830079
-0.02203369140625 -0.0704803466796875 0.00318717956542968 0.0266017913818359
-0.0300445556640625 -0.0744476318359375 -0.00593185424804687 0.052886962890625
-0.0212249755859375 -0.0832977294921875 -0.031158447265625 0.0635147094726563
0.0137557983398438 -0.0855331420898438 -0.0468559265136719 0.0651893615722656
0.0403518676757812 -0.0797500610351563 -0.055450439453125 0.0394706726074219
0.0775680541992188 -0.0455551147460938 -0.0519866943359375 0.023223876953125
0.101043701171875 -0.0275802612304688 -0.0171623229980469 0.0305843353271484
0.107170104980469 -0.00687408447265625 0.00978851318359376 0.0785980224609375
0.101806640625 0.0116806030273438 0.0685691833496094 -0.0473175048828125
0.106452941894531 -0.00687408447265625 0.100807189941406 0.00026702880859375
0.0981063842773437 -0.022216796875 0.092010498046875 0.0051116943359375
0.0737380981445313 -0.0562973022460937 0.083282470703125 -0.0131683349609375
0.0355911254882813 -0.0690879821777344 0.0511703491210938 -0.014984130859375
-0.00396728515625001 -0.0720291137695313 0.0233173370361328 -0.00369644165039063
-0.0228805541992187 -0.0598869323730469 0.0204181671142578 0.0194263458251953
-0.0209922790527344 -0.0557899475097656 0.0203628540039063 0.0454940795898437
-0.0263557434082031 -0.0594863891601562 0.00999450683593749 0.0717010498046875
-0.0191650390625 -0.069580078125 -0.0181198120117187 0.0822525024414063
0.0125961303710937 -0.0755844116210938 -0.0385513305664062 0.0777969360351563
0.0401763916015625 -0.0734786987304688 -0.0491828918457031 0.0463333129882813
0.0784454345703125 -0.0396804809570313 -0.0417594909667969 0.0201644897460937
0.0992279052734375 -0.0194091796875 0.00883483886718751 0.0211734771728516
0.0976028442382812 -0.000274658203125 0.0463638305664063 0.0811843872070313
0.0699996948242188 0.00452041625976562 0.0915145874023438 -0.053375244140625
0.0820541381835938 -0.00968170166015625 0.11004638671875 -0.0117340087890625
0.0739822387695313 -0.0255279541015625 0.0857467651367188 0.000251770019531248
0.0495452880859375 -0.0512542724609375 0.0750732421875 -0.00324249267578125
0.0155982971191406 -0.0553131103515625 0.0509223937988281 0.000274658203124997
-0.0151214599609375 -0.0474853515625 0.0331745147705078 0.0162487030029297
-0.0211086273193359 -0.0343170166015625 0.0348834991455078 0.0347347259521484
-0.0160465240478516 -0.032501220703125 0.0335044860839844 0.0572395324707031
-0.0201797485351563 -0.0363006591796875 0.020965576171875 0.084716796875
-0.0157699584960938 -0.0459671020507813 -0.0120086669921875 0.0956344604492188
0.0101585388183594 -0.0551490783691406 -0.03460693359375 0.0864028930664063
0.0346755981445313 -0.0546150207519531 -0.0458450317382812 0.0503807067871094
0.0671310424804688 -0.0256004333496094 -0.0337009429931641 0.0185184478759766
0.0793838500976563 -0.0081787109375 0.0284423828125 0.0179195404052734
0.0714035034179687 0.0063018798828125 0.0745773315429688 0.0852127075195313
0.0295581817626953 0.000173568725585938 0.100967407226563 -0.062744140625
0.0477142333984375 -0.00995254516601563 0.108200073242188 -0.0252914428710938
0.0413818359375 -0.0221099853515625 0.0768356323242187 -0.00481414794921875
0.0200080871582031 -0.0360145568847656 0.0693283081054688 0.00327682495117187
-0.00479888916015625 -0.0316047668457031 0.0533599853515625 0.00773239135742187
-0.0217704772949219 -0.0146961212158203 0.0438766479492188 0.0232925415039063
-0.0141563415527344 -0.00317001342773438 0.0472908020019531 0.0383682250976563
-0.00906562805175781 -0.00438308715820312 0.042083740234375 0.059844970703125
-0.0114364624023438 -0.00686931610107422 0.0251846313476562 0.0900344848632813
-0.01275634765625 -0.0162944793701172 -0.0114288330078125 0.10150146484375
0.002655029296875 -0.0292282104492188 -0.0359573364257813 0.089752197265625
0.0210494995117187 -0.0311050415039062 -0.0462150573730469 0.0537033081054687
0.0427398681640625 -0.0105819702148438 -0.0311603546142578 0.0189380645751953
0.04498291015625 0.0006103515625 0.0363960266113281 0.0197525024414063
0.0326519012451172 0.00850868225097656 0.0895462036132813 0.0893630981445313
0.0201053619384766 0.0160980224609375 -0.0836334228515625 -0.0710525512695312
0.00273442268371582 -0.00356554985046387 -0.0224456787109375 -0.0173168182373047
-0.00221776962280273 0.00541782379150391 0.0424308776855469 -0.0142135620117187
0.00713300704956055 0.00566959381103516 0.0633583068847656 -0.0577507019042969
0.011082649230957 -0.00403118133544922 0.0441360473632813 -0.0887298583984375
0.00799465179443359 -0.0167713165283203 0.00345611572265626 -0.108039855957031
-0.00477409362792969 -0.0265026092529297 -0.0335769653320313 -0.0906906127929688
-0.00255966186523437 -0.0251750946044922 -0.0451202392578125 -0.054046630859375
0.00315093994140625 -0.0261001586914062 -0.0545158386230469 -0.026458740234375
0.01348876953125 -0.0207595825195313 -0.0602684020996094 -0.0174140930175781
0.0182132720947266 -0.0059051513671875 -0.0666885375976563 -0.000476837158203115
0.0125637054443359 0.012059211730957 -0.0679969787597656 0.000591278076171868
-0.0105609893798828 0.0132780075073242 -0.083709716796875 0.001739501953125
-0.0113792419433594 0.00176811218261718 -0.09857177734375 0.0338058471679687
0.00269412994384766 0.0103702545166016 -0.100028991699219 0.063995361328125
0.0636062622070313 0.0199432373046875 -0.0653419494628906 -0.0672111511230469
0.0449752807617187 -0.00394058227539063 -0.00194644927978515 -0.0129308700561523
0.0341644287109375 -0.00132179260253906 0.0564689636230469 -0.0120010375976562
0.0350208282470703 -0.0124149322509766 0.0728378295898438 -0.055755615234375
0.0279312133789062 -0.0264987945556641 0.0492477416992187 -0.08233642578125
0.0114212036132813 -0.0436439514160156 0.0064544677734375 -0.0978012084960938
-0.0116043090820313 -0.0521469116210938 -0.027862548828125 -0.0771331787109375
-0.0116043090820312 -0.0497169494628906 -0.0394515991210938 -0.0387153625488281
-0.008880615234375 -0.0527610778808594 -0.0504188537597656 -0.0096435546875
0.00576400756835938 -0.0517845153808594 -0.062347412109375 -0.000652313232421877
0.0245018005371094 -0.0370025634765625 -0.0693855285644531 0.0134696960449219
0.0293598175048828 -0.0172996520996094 -0.0687675476074219 0.00909805297851562
0.0204982757568359 0.00026702880859375 -0.0776824951171875 0.01239013671875
0.0269355773925781 -0.00472259521484375 -0.0848159790039063 0.043304443359375
0.0422821044921875 0.00431442260742188 -0.0859603881835937 0.07391357421875
0.0974502563476563 0.0224838256835937 -0.0359764099121094 -0.0596847534179688
0.0812911987304688 -0.00222015380859375 0.0264320373535156 -0.004547119140625
0.0693740844726563 -0.0070953369140625 0.0726318359375 -0.00495147705078125
0.0608177185058594 -0.02911376953125 0.08355712890625 -0.048858642578125
0.0424346923828125 -0.0469932556152344 0.0533828735351563 -0.0706939697265625
0.0136184692382813 -0.0660858154296875 0.01007080078125 -0.0798721313476563
-0.0162506103515625 -0.0699348449707031 -0.0184288024902344 -0.0559005737304688
-0.0183372497558594 -0.0666847229003906 -0.0277557373046875 -0.0175056457519531
-0.0200958251953125 -0.0706253051757813 -0.0391197204589844 0.0124740600585938
-0.00569915771484374 -0.0735549926757813 -0.0570907592773437 0.0215415954589844
0.022186279296875 -0.0635833740234375 -0.066497802734375 0.0327339172363281
0.0378036499023437 -0.0468978881835938 -0.0680084228515625 0.0211563110351563
0.0467758178710938 -0.0191917419433594 -0.0708847045898438 0.02081298828125
0.0605926513671875 -0.0157928466796875 -0.0655708312988281 0.0461387634277344
0.0753097534179688 -0.00263214111328125 -0.060394287109375 0.0795745849609375
0.115806579589844 0.0214462280273438 0.000675201416015633 -0.0515708923339844
0.105796813964844 -0.00194549560546875 0.0566635131835938 0.0038604736328125
0.0956497192382813 -0.012939453125 0.0871047973632812 0.0024566650390625
0.07952880859375 -0.0440521240234375 0.0905380249023438 -0.0379180908203125
0.0498504638671875 -0.0632057189941406 0.05535888671875 -0.0540809631347656
0.0119171142578125 -0.0798568725585938 0.0134658813476563 -0.0555381774902344
-0.0199356079101562 -0.0776290893554688 -0.00689697265625 -0.0300445556640625
-0.0230484008789062 -0.0725936889648438 -0.0121498107910156 0.00600814819335937
-0.0277252197265625 -0.0768966674804688 -0.0221061706542969 0.0356521606445312
-0.0162734985351562 -0.0833816528320313 -0.0448074340820312 0.0459632873535156
0.015899658203125 -0.0807723999023438 -0.0576210021972656 0.0526123046875
0.0387535095214844 -0.0692291259765625 -0.0635643005371094 0.0331954956054687
0.0656280517578125 -0.037506103515625 -0.063018798828125 0.02587890625
0.0856399536132813 -0.0254592895507813 -0.041900634765625 0.0422248840332031
0.0971145629882813 -0.00786590576171875 -0.0264434814453125 0.08251953125
0.116287231445313 0.0161361694335938 0.0374221801757813 -0.0471649169921875
0.112655639648438 -0.00452423095703125 0.0834197998046875 0.00635528564453125
0.105445861816406 -0.0183334350585938 0.095123291015625 0.00762939453125
0.0828323364257813 -0.0544052124023438 0.0906448364257812 -0.0248794555664063
0.0467758178710937 -0.0721054077148437 0.05499267578125 -0.0341300964355469
0.00543212890625 -0.0811843872070313 0.018402099609375 -0.0279808044433594
-0.02276611328125 -0.0732803344726563 0.00704431533813476 -0.00290775299072266
-0.0236930847167969 -0.0683403015136719 0.00507354736328125 0.0279273986816406
-0.0300445556640625 -0.0719680786132813 -0.00372314453125 0.0568504333496094
-0.0219345092773437 -0.0804595947265625 -0.0302238464355469 0.0675315856933594
0.0115509033203125 -0.084228515625 -0.0469398498535156 0.0690574645996094
0.03839111328125 -0.0785369873046875 -0.0563735961914063 0.0422439575195313
0.075653076171875 -0.04559326171875 -0.0528717041015625 0.0252952575683594
0.098541259765625 -0.0285186767578125 -0.0156726837158203 0.0322399139404297
0.105033874511719 -0.00806427001953125 0.0116424560546875 0.0831756591796875
0.0994949340820312 0.008697509765625 0.0690193176269531 -0.0472221374511719
0.1025390625 -0.00876617431640625 0.102272033691406 0.00099945068359375
0.0968170166015625 -0.0239334106445312 0.0954818725585938 0.0066070556640625
0.0709381103515625 -0.0565109252929688 0.086181640625 -0.0125885009765625
0.0328254699707031 -0.0683670043945313 0.0536918640136719 -0.01483154296875
-0.00511550903320313 -0.0680732727050781 0.0255870819091797 -0.00269126892089844
-0.0238265991210938 -0.0567741394042969 0.0215663909912109 0.0199069976806641
-0.0216331481933594 -0.05255126953125 0.0214576721191406 0.0460662841796875
-0.0270500183105469 -0.0566749572753906 0.0125961303710937 0.0745086669921875
-0.0205726623535156 -0.0657234191894531 -0.0175094604492187 0.0848770141601563
0.0099029541015625 -0.073822021484375 -0.0374755859375 0.08111572265625
0.03704833984375 -0.0731353759765625 -0.0498046875 0.0486259460449219
0.0760650634765625 -0.04083251953125 -0.0419387817382812 0.0223007202148438
0.095672607421875 -0.0217132568359375 0.00889396667480469 0.0231208801269531
0.09490966796875 -0.00260162353515625 0.0475921630859375 0.084075927734375
0.0676612854003906 0.00196075439453125 0.0897064208984375 -0.053375244140625
0.0780792236328125 -0.0121383666992187 0.109039306640625 -0.0100326538085938
0.072784423828125 -0.0269241333007813 0.0889892578125 0.00164031982421875
0.0462226867675781 -0.0514106750488281 0.0783004760742188 -0.00308990478515625
0.0122947692871094 -0.0536079406738281 0.0527915954589844 6.48498535156217E-05
-0.0160560607910156 -0.0434989929199219 0.0358352661132813 0.0148544311523437
-0.0207729339599609 -0.0305271148681641 0.0363922119140625 0.0337448120117188
-0.0166969299316406 -0.0293903350830078 0.0349082946777344 0.057220458984375
-0.0193099975585937 -0.0320892333984375 0.0226593017578125 0.0851364135742188
-0.0160636901855469 -0.0415229797363281 -0.0114822387695313 0.0963973999023437
0.00674819946289062 -0.0531730651855469 -0.034027099609375 0.0887680053710938
0.0309104919433594 -0.0539627075195313 -0.0457763671875 0.0519065856933594
0.0636749267578125 -0.0263404846191406 -0.0342979431152344 0.0198020935058594
0.07635498046875 -0.0110626220703125 0.0283260345458984 0.0187091827392578
0.0691871643066406 0.003082275390625 0.0746994018554688 0.0870590209960938
0.0278663635253906 -0.00263023376464844 0.0978851318359375 -0.0641937255859375
0.0447349548339844 -0.0126419067382812 0.106468200683594 -0.0253143310546875
0.0401458740234375 -0.0246772766113281 0.078948974609375 -0.00397491455078125
0.0168647766113281 -0.0364303588867188 0.0721664428710938 0.00287628173828125
-0.00853919982910156 -0.0307884216308594 0.0553054809570313 0.00605010986328125
-0.0226955413818359 -0.0103588104248047 0.0462608337402344 0.0214385986328125
-0.0137662887573242 0.000395774841308596 0.0479202270507813 0.0366096496582031
-0.00887107849121094 -0.000971794128417969 0.0426521301269531 0.0582656860351563
-0.0107669830322266 -0.00323104858398437 0.02606201171875 0.0894699096679688
-0.0126218795776367 -0.0120153427124023 -0.0109786987304687 0.101974487304688
0.000101089477539063 -0.0258274078369141 -0.0352859497070313 0.0907745361328125
0.0180263519287109 -0.0304088592529297 -0.0470123291015625 0.0548057556152344
0.0400428771972656 -0.0116729736328125 -0.0329113006591797 0.0193710327148438
0.0416793823242188 -0.00187301635742188 0.0351524353027344 0.0192642211914063
0.0307044982910156 0.00579071044921875 0.08868408203125 0.0902633666992187
0.0227012634277344 0.0191612243652344 -0.0832977294921875 -0.0743942260742188
0.00543498992919922 -0.00318574905395508 -0.0199508666992188 -0.0178203582763672
0.000946998596191406 0.005157470703125 0.0465278625488281 -0.0146064758300781
0.00952911376953125 0.00359821319580078 0.0659217834472656 -0.059600830078125
0.0125522613525391 -0.00654220581054687 0.0459365844726563 -0.0902175903320312
0.00812530517578125 -0.0208015441894531 0.0030975341796875 -0.109550476074219
-0.00676345825195312 -0.0300750732421875 -0.033355712890625 -0.0908660888671875
-0.004730224609375 -0.0292568206787109 -0.0456886291503906 -0.0529403686523438
0.00226783752441406 -0.03045654296875 -0.0547218322753906 -0.0242652893066406
0.0146541595458984 -0.024993896484375 -0.0630035400390625 -0.0150337219238281
0.0209999084472656 -0.00755882263183594 -0.0697441101074219 0.00139617919921874
0.0160093307495117 0.0113925933837891 -0.0720367431640625 0.00127410888671876
-0.00915813446044922 0.016200065612793 -0.0876693725585937 0.00132751464843748
-0.00990962982177734 0.00598812103271484 -0.100021362304687 0.033477783203125
0.00467777252197266 0.0137214660644531 -0.0990829467773438 0.0666656494140625
0.06671142578125 0.02178955078125 -0.0639152526855469 -0.0692672729492188
0.0475502014160156 -0.0038604736328125 0.00189495086669922 -0.0128812789916992
0.0371665954589844 -0.00223159790039063 0.0613670349121094 -0.0121383666992188
0.0365982055664063 -0.0148277282714844 0.0764083862304688 -0.0568618774414063
0.0287055969238281 -0.0291919708251953 0.0513076782226562 -0.082855224609375
0.0106582641601562 -0.0475616455078125 0.00764465332031251 -0.0974960327148437
-0.0132484436035156 -0.0552291870117188 -0.0272674560546875 -0.076568603515625
-0.01336669921875 -0.0525093078613281 -0.0385475158691406 -0.0369377136230469
-0.010009765625 -0.0566368103027344 -0.0500144958496094 -0.00580978393554688
0.00598526000976562 -0.0552406311035156 -0.0638504028320313 0.00317001342773437
0.0274810791015625 -0.0393447875976563 -0.0721359252929687 0.0169143676757813
0.0330238342285156 -0.0181293487548828 -0.0720901489257813 0.0107040405273437
0.0234870910644531 0.00286102294921875 -0.080078125 0.0129470825195312
0.0280094146728516 -0.00093841552734375 -0.085357666015625 0.0446701049804687
0.043914794921875 0.0081329345703125 -0.0847244262695312 0.0784988403320313
0.100105285644531 0.0235977172851563 -0.0339622497558594 -0.0612602233886719
0.083343505859375 -0.00276947021484375 0.0312232971191406 -0.00293540954589844
0.0725479125976563 -0.00823211669921875 0.078369140625 -0.00421905517578125
0.0622634887695313 -0.0310821533203125 0.0879669189453125 -0.0494384765625
0.042572021484375 -0.0492706298828125 0.0562667846679688 -0.0712509155273438
0.0134506225585937 -0.0687294006347656 0.011962890625 -0.0789947509765625
-0.0178146362304688 -0.0727767944335937 -0.0165596008300781 -0.0546913146972656
-0.0203056335449219 -0.0686874389648438 -0.0258655548095703 -0.0151309967041016
-0.0214920043945312 -0.0731658935546875 -0.0375480651855469 0.01727294921875
-0.00576019287109375 -0.0758438110351563 -0.0576896667480469 0.027374267578125
0.0237922668457031 -0.0656661987304688 -0.0689811706542969 0.0373764038085938
0.0397415161132813 -0.0472946166992187 -0.0709686279296875 0.0237274169921875
0.0495491027832031 -0.0170707702636719 -0.0735244750976563 0.0223388671875
0.0621185302734375 -0.0131187438964844 -0.0647544860839844 0.0488471984863281
0.0762405395507813 -5.340576171875E-05 -0.0585250854492187 0.0854873657226562
0.117568969726562 0.021484375 0.00328826904296875 -0.0524024963378906
0.106300354003906 -0.0032501220703125 0.061767578125 0.00488662719726563
0.0980148315429688 -0.0141677856445313 0.0935592651367188 0.003662109375
0.0804595947265625 -0.0462188720703125 0.094696044921875 -0.0379257202148437
0.0493125915527344 -0.0648612976074219 0.0588798522949219 -0.0542488098144531
0.0114974975585938 -0.0815200805664063 0.0163421630859375 -0.0543861389160156
-0.0213241577148437 -0.079254150390625 -0.004547119140625 -0.0279064178466797
-0.0240097045898437 -0.0730361938476563 -0.0103120803833008 0.00833702087402343
-0.0287551879882813 -0.0783538818359375 -0.0198516845703125 0.0406684875488281
-0.0175552368164063 -0.0841445922851563 -0.0450706481933594 0.0521240234375
0.01690673828125 -0.0823822021484375 -0.0591850280761719 0.0585365295410156
0.0402755737304687 -0.0708160400390625 -0.0665283203125 0.0373649597167969
0.0677261352539063 -0.0369071960449219 -0.0650444030761719 0.0273933410644531
0.0866775512695313 -0.0243606567382813 -0.0406761169433594 0.04486083984375
0.0981063842773438 -0.00641632080078125 -0.0236968994140625 0.0885848999023437
0.116676330566406 0.0159149169921875 0.0391464233398438 -0.0465888977050781
0.112052917480469 -0.00476837158203125 0.0883865356445313 0.00862884521484375
0.107093811035156 -0.0199508666992188 0.101669311523438 0.009368896484375
0.0831222534179688 -0.0554428100585938 0.0964279174804688 -0.02435302734375
0.0457763671875 -0.07196044921875 0.058502197265625 -0.0334854125976563
0.0054473876953125 -0.0807876586914063 0.0220432281494141 -0.0269393920898438
-0.0233993530273438 -0.0728683471679688 0.00920963287353515 -0.00139999389648438
-0.0242195129394531 -0.0678176879882813 0.00780487060546875 0.031463623046875
-0.0305709838867188 -0.0716094970703125 -0.00159072875976563 0.0627212524414063
-0.0224838256835938 -0.080078125 -0.0296249389648437 0.074249267578125
0.0111465454101563 -0.0839157104492188 -0.0477218627929688 0.07464599609375
0.0378875732421875 -0.0792694091796875 -0.0590782165527344 0.0463447570800781
0.0765609741210938 -0.0458450317382813 -0.0541534423828125 0.0271186828613281
0.0985260009765625 -0.0290451049804688 -0.0149879455566406 0.0348110198974609
0.104484558105469 -0.0078277587890625 0.0143585205078125 0.0896072387695313
0.09881591796875 0.00710296630859375 0.06976318359375 -0.0467109680175781
0.100685119628906 -0.0099639892578125 0.1060791015625 0.00376129150390625
0.0969009399414063 -0.0245895385742187 0.101966857910156 0.00882720947265625
0.0700225830078125 -0.0576210021972656 0.0911636352539063 -0.0123367309570313
0.031280517578125 -0.0679397583007813 0.0571479797363281 -0.0145416259765625
-0.00542068481445313 -0.0664482116699219 0.0296592712402344 -0.00218391418457032
-0.0234527587890625 -0.0547294616699219 0.0242195129394531 0.0210933685302734
-0.0216026306152344 -0.0509719848632813 0.023712158203125 0.0481834411621094
-0.025970458984375 -0.0545005798339844 0.0147171020507813 0.0784454345703125
-0.0211753845214844 -0.063018798828125 -0.0172271728515625 0.0906524658203125
0.00824737548828124 -0.0724945068359375 -0.0378265380859375 0.0867767333984375
0.0347137451171875 -0.0723037719726563 -0.0514717102050781 0.0523147583007813
0.075714111328125 -0.0413360595703125 -0.0433540344238281 0.0245475769042969
0.0946121215820313 -0.0231094360351563 0.0105552673339844 0.0252456665039063
0.0942153930664063 -0.004150390625 0.049591064453125 0.0897750854492188
0.0669288635253906 -0.00102615356445313 0.0893402099609375 -0.0533065795898437
0.076507568359375 -0.0136795043945313 0.112457275390625 -0.0079193115234375
0.0721359252929688 -0.0290145874023438 0.0938186645507813 0.003143310546875
0.0439300537109375 -0.0519142150878906 0.0824432373046875 -0.00321197509765625
0.0104026794433594 -0.0526618957519531 0.0567474365234375 -0.000659942626953128
-0.0170059204101563 -0.0402107238769531 0.0390815734863281 0.0144767761230469
-0.0202274322509766 -0.0270290374755859 0.0377349853515625 0.0335845947265625
-0.0158653259277344 -0.0263385772705078 0.0353965759277344 0.0584068298339844
-0.0184192657470703 -0.0287799835205078 0.02471923828125 0.0890884399414063
-0.0167655944824219 -0.0381622314453125 -0.01055908203125 0.101226806640625
0.00508880615234374 -0.05035400390625 -0.03436279296875 0.0926132202148438
0.0285110473632812 -0.0535850524902344 -0.0477409362792969 0.0560111999511719
0.062225341796875 -0.0271034240722656 -0.0357627868652344 0.020751953125
0.0744094848632813 -0.0125885009765625 0.0285148620605469 0.020111083984375
0.0673484802246094 0.00075531005859375 0.07647705078125 0.0922775268554688
0.0264263153076172 -0.00574302673339844 0.09716796875 -0.065399169921875
0.0429000854492188 -0.0150604248046875 0.1087646484375 -0.0232925415039062
0.0386466979980469 -0.0273017883300781 0.08319091796875 -0.00238800048828125
0.0135231018066406 -0.0371131896972656 0.07672119140625 0.0027313232421875
-0.0119571685791016 -0.0287303924560547 0.0591011047363281 0.005096435546875
-0.0229759216308594 -0.005828857421875 0.0493354797363281 0.0193824768066406
-0.0126428604125977 0.00452804565429687 0.04840087890625 0.0347175598144531
-0.00772333145141602 0.00215291976928711 0.0423164367675781 0.0581779479980469
-0.00955772399902344 0.00111961364746094 0.026824951171875 0.0913238525390625
-0.0128517150878906 -0.00785636901855468 -0.010833740234375 0.105247497558594
-0.00221824645996094 -0.023406982421875 -0.0359725952148437 0.0940933227539062
0.0153255462646484 -0.029510498046875 -0.0481986999511719 0.0572280883789063
0.0378303527832031 -0.0121803283691406 -0.0355224609375 0.0209197998046875
0.0385704040527344 -0.0034332275390625 0.0344676971435547 0.0196781158447266
0.0281009674072266 0.00289154052734375 0.0897293090820312 0.0945358276367187
0.0282630920410156 0.0220279693603516 -0.0860137939453125 -0.078399658203125
0.00954914093017578 -0.00260639190673828 -0.0171661376953125 -0.0187969207763672
0.00393366813659668 0.00408172607421875 0.0509223937988281 -0.0176887512207031
0.0131978988647461 0.00126361846923828 0.0687522888183594 -0.06427001953125
0.0136938095092773 -0.0103073120117188 0.0464248657226562 -0.0942459106445313
0.00647354125976563 -0.0260543823242188 0.00153350830078125 -0.113189697265625
-0.0097808837890625 -0.0338268280029297 -0.035552978515625 -0.0927276611328125
-0.00773239135742188 -0.0335979461669922 -0.0465011596679688 -0.0524711608886719
-0.000137329101562498 -0.0366096496582031 -0.0560989379882813 -0.0214195251464844
0.0150890350341797 -0.0307254791259766 -0.06634521484375 -0.0112991333007813
0.0251598358154297 -0.0113124847412109 -0.07440185546875 0.00549316406250001
0.0208187103271484 0.0111560821533203 -0.076812744140625 0.00359344482421874
-0.00531578063964844 0.0209217071533203 -0.0928802490234375 0.00206756591796876
-0.00761699676513672 0.011143684387207 -0.103271484375 0.0349197387695313
0.00795936584472656 0.0178680419921875 -0.098876953125 0.0717544555664063
0.0724945068359375 0.0240020751953125 -0.0648117065429688 -0.0717544555664063
0.0514869689941406 -0.00471878051757813 0.00582504272460938 -0.0133752822875977
0.0408706665039063 -0.0046539306640625 0.0672492980957031 -0.0138435363769531
0.0392227172851562 -0.0176544189453125 0.0806884765625 -0.0608367919921875
0.0292034149169922 -0.0327014923095703 0.0533218383789063 -0.0864105224609375
0.00917434692382813 -0.0526237487792969 0.00765228271484376 -0.0997695922851563
-0.0170021057128906 -0.059539794921875 -0.0272140502929688 -0.0767135620117188
-0.0164070129394531 -0.0569953918457031 -0.0382003784179688 -0.0349159240722656
-0.0125923156738281 -0.0625991821289063 -0.0492515563964844 -0.00144577026367188
0.00613021850585937 -0.0609321594238281 -0.0665512084960938 0.00916290283203126
0.0301551818847656 -0.0436782836914063 -0.0761184692382813 0.022735595703125
0.0377311706542969 -0.0197296142578125 -0.0773696899414063 0.0144424438476563
0.0275020599365234 0.00597381591796875 -0.0849380493164063 0.0149459838867187
0.0314998626708984 0.00340652465820312 -0.0866317749023437 0.0474700927734375
0.0472526550292969 0.0116539001464844 -0.082794189453125 0.0850372314453125
0.106002807617188 0.0242843627929688 -0.0328865051269531 -0.0625152587890625
0.0864028930664062 -0.003936767578125 0.0371437072753906 -0.00322341918945313
0.0766143798828125 -0.0106277465820312 0.08660888671875 -0.00594329833984375
0.064666748046875 -0.0345382690429688 0.0934677124023438 -0.0528564453125
0.0427284240722656 -0.0532798767089844 0.06011962890625 -0.0739212036132812
0.011627197265625 -0.0733642578125 0.0144424438476563 -0.0798721313476563
-0.0209274291992187 -0.0757598876953125 -0.0152091979980469 -0.0539932250976563
-0.0233306884765625 -0.0715179443359375 -0.0238971710205078 -0.0124683380126953
-0.02423095703125 -0.0775604248046875 -0.0352821350097656 0.02325439453125
-0.00712585449218751 -0.0807952880859375 -0.0593338012695312 0.0350761413574219
0.0256843566894531 -0.0701332092285156 -0.0718994140625 0.045379638671875
0.0438385009765625 -0.0503921508789063 -0.0751419067382813 0.0293731689453125
0.0533180236816406 -0.0156326293945312 -0.0774383544921875 0.0260772705078125
0.065155029296875 -0.010589599609375 -0.0650138854980469 0.0530471801757813
0.0793914794921875 0.001953125 -0.0553665161132812 0.0936203002929688
0.121986389160156 0.0212860107421875 0.00545120239257813 -0.0532455444335938
0.109001159667969 -0.00460052490234375 0.0693626403808594 0.00677490234375
0.102142333984375 -0.0168380737304688 0.103118896484375 0.00318145751953125
0.08160400390625 -0.0494613647460937 0.102622985839844 -0.0411453247070313
0.049163818359375 -0.0686302185058594 0.0629043579101563 -0.0563507080078125
0.010498046875 -0.0845794677734375 0.0198020935058594 -0.0547027587890625
-0.02325439453125 -0.080718994140625 -0.00100135803222656 -0.0276298522949219
-0.0266265869140625 -0.0758895874023438 -0.00672149658203125 0.0122842788696289
-0.0316238403320312 -0.0816497802734375 -0.0161628723144531 0.0479049682617187
-0.018707275390625 -0.0870513916015625 -0.0454368591308594 0.0609359741210938
0.0164718627929687 -0.0850601196289062 -0.0609397888183594 0.0666999816894531
0.0411758422851563 -0.0731964111328125 -0.069488525390625 0.0435714721679687
0.0704498291015625 -0.0368118286132813 -0.0674057006835938 0.0321006774902344
0.0890731811523438 -0.02423095703125 -0.0400810241699219 0.0486412048339844
0.100776672363281 -0.00624847412109375 -0.0196990966796875 0.0979461669921875
0.119514465332031 0.0141677856445313 0.04180908203125 -0.0476226806640625
0.113571166992187 -0.00699615478515625 0.0955657958984375 0.0100173950195312
0.110015869140625 -0.022613525390625 0.111236572265625 0.00933837890625
0.084075927734375 -0.058380126953125 0.104324340820313 -0.0264892578125
0.04437255859375 -0.0746536254882813 0.0641021728515625 -0.0353584289550781
0.00424957275390624 -0.0825424194335937 0.0270252227783203 -0.0267391204833984
-0.025115966796875 -0.0727157592773438 0.013340950012207 0.000563621520996089
-0.0265960693359375 -0.0673904418945313 0.0112972259521484 0.0348320007324219
-0.0323028564453125 -0.0723876953125 0.00332641601562499 0.0689888000488281
-0.02459716796875 -0.080352783203125 -0.0284347534179687 0.0830459594726562
0.00928497314453126 -0.0859222412109375 -0.047882080078125 0.0834579467773438
0.0368881225585938 -0.0816802978515625 -0.0615081787109375 0.0535888671875
0.07781982421875 -0.0474624633789063 -0.0563087463378906 0.0320396423339844
0.0998764038085937 -0.0308380126953125 -0.0130348205566406 0.0381355285644531
0.106956481933594 -0.00914764404296875 0.0193939208984375 0.0983963012695312
0.0994644165039062 0.00418853759765625 0.0721359252929688 -0.0480270385742188
0.100715637207031 -0.0123672485351563 0.113174438476562 0.00525665283203125
0.098663330078125 -0.028533935546875 0.111160278320313 0.00864410400390625
0.069610595703125 -0.0596466064453125 0.0983963012695312 -0.0138473510742188
0.0293159484863281 -0.0686302185058594 0.0623817443847656 -0.0160140991210938
-0.00679779052734375 -0.0654869079589844 0.0342597961425781 -0.00173187255859375
-0.0238189697265625 -0.0526771545410156 0.0283489227294922 0.0220737457275391
-0.0223960876464844 -0.0490074157714844 0.02764892578125 0.0518531799316406
-0.0271148681640625 -0.0527915954589844 0.0194778442382812 0.0851974487304688
-0.0224037170410156 -0.0607261657714844 -0.0149612426757813 0.0997085571289062
0.00568389892578125 -0.0721817016601563 -0.0376129150390625 0.095001220703125
0.0326995849609375 -0.0738601684570312 -0.0534744262695313 0.0590095520019531
0.075042724609375 -0.044219970703125 -0.0453071594238281 0.0282821655273437
0.094635009765625 -0.0261917114257813 0.0122241973876953 0.0275936126708984
0.0945510864257813 -0.0069732666015625 0.0555572509765625 0.0981216430664063
0.0652999877929688 -0.00427627563476563 0.0914688110351563 -0.0550918579101563
0.0746917724609375 -0.01739501953125 0.118843078613281 -0.00733184814453125
0.0723114013671875 -0.0322647094726563 0.101844787597656 0.00335693359375
0.0420074462890625 -0.0535240173339844 0.0896377563476562 -0.0038299560546875
0.00655746459960938 -0.0514678955078125 0.0617828369140625 -0.0021209716796875
-0.0170516967773437 -0.0368270874023438 0.0439949035644531 0.0139846801757812
-0.0199928283691406 -0.0232467651367188 0.0414886474609375 0.0339469909667969
-0.0150642395019531 -0.0229282379150391 0.0393142700195313 0.0602951049804688
-0.0171604156494141 -0.0255908966064453 0.0288314819335937 0.09405517578125
-0.0172119140625 -0.0339431762695313 -0.00908660888671875 0.109054565429688
0.002349853515625 -0.0481643676757813 -0.0338134765625 0.10040283203125
0.0255012512207031 -0.0538101196289063 -0.0489501953125 0.0613975524902344
0.0609283447265625 -0.029022216796875 -0.0382347106933594 0.0247421264648438
0.0719528198242188 -0.0158233642578125 0.0292530059814453 0.0219058990478516
0.0661354064941406 -0.00281143188476563 0.0816192626953125 0.0990066528320313
0.0240383148193359 -0.00928115844726563 0.09820556640625 -0.0682449340820313
0.040130615234375 -0.0185394287109375 0.113029479980469 -0.0239410400390625
0.0367317199707031 -0.0315895080566406 0.09027099609375 -0.00278472900390625
0.00977706909179687 -0.038421630859375 0.0836944580078125 0.000938415527343748
-0.0164432525634766 -0.0259227752685547 0.0642738342285156 0.00231170654296875
-0.0236721038818359 -0.000894546508789066 0.0534706115722656 0.0163345336914063
-0.0111865997314453 0.00995254516601562 0.0508155822753906 0.0334968566894531
-0.00578165054321289 0.00646400451660156 0.0446128845214844 0.0593376159667969
-0.00664091110229492 0.00541496276855469 0.0307769775390625 0.0952606201171875
-0.0117349624633789 -0.0023794174194336 -0.00965118408203126 0.111648559570313
-0.00431060791015625 -0.0195770263671875 -0.03594970703125 0.100837707519531
0.0122871398925781 -0.0285415649414063 -0.0497779846191406 0.0622177124023438
0.0355224609375 -0.0129890441894531 -0.0373916625976563 0.0231590270996094
0.03558349609375 -0.00574111938476562 0.0346641540527344 0.0210113525390625
0.0253257751464844 0.000139236450195313 0.0944976806640625 0.100448608398438
0.0359382629394531 0.0247268676757813 -0.0908584594726563 -0.0806427001953125
0.0139369964599609 -0.00284290313720703 -0.015289306640625 -0.0204105377197266
0.00793886184692383 0.00195026397705078 0.0553932189941406 -0.0229034423828125
0.015315055847168 -0.00250339508056641 0.0702438354492188 -0.0708160400390625
0.0140829086303711 -0.0148897171020508 0.0440292358398438 -0.100028991699219
0.00322914123535157 -0.0315380096435547 -0.00259399414062501 -0.115921020507812
-0.0153160095214844 -0.0387153625488281 -0.0401077270507813 -0.093841552734375
-0.0128974914550781 -0.0375137329101563 -0.0485649108886719 -0.0505905151367188
-0.00496673583984375 -0.0429000854492187 -0.0572052001953125 -0.0168380737304688
0.0140151977539063 -0.0376625061035156 -0.0698585510253906 -0.00459289550781251
0.0282688140869141 -0.0170726776123047 -0.0785675048828125 0.0120697021484375
0.0263347625732422 0.00876808166503906 -0.0826034545898438 0.00862121582031251
0.000366210937500001 0.02490234375 -0.0988922119140625 0.00637054443359376
-0.00309085845947266 0.0168390274047852 -0.105567932128906 0.0391082763671875
0.012786865234375 0.0228004455566406 -0.0964736938476563 0.079559326171875
0.0801544189453125 0.024139404296875 -0.0675888061523437 -0.0728988647460938
0.0556144714355469 -0.0072174072265625 0.0104837417602539 -0.0150051116943359
0.0450630187988281 -0.00813674926757813 0.0733184814453125 -0.0190658569335938
0.0405769348144531 -0.0227241516113281 0.0836334228515625 -0.0677032470703125
0.0284194946289063 -0.0383872985839844 0.0534896850585937 -0.0914688110351563
0.00559616088867188 -0.0583610534667969 0.00609588623046874 -0.102218627929688
-0.0231056213378906 -0.0629043579101563 -0.02850341796875 -0.0770492553710938
-0.0223312377929688 -0.0605926513671875 -0.0378227233886719 -0.0319061279296875
-0.0187110900878906 -0.0682411193847656 -0.0479087829589844 0.00479507446289063
0.00342559814453126 -0.0675163269042969 -0.0678634643554687 0.0178718566894531
0.0320625305175781 -0.049530029296875 -0.0788040161132813 0.0321426391601562
0.0421867370605469 -0.0235671997070313 -0.0814743041992188 0.0214996337890625
0.0338230133056641 0.00849723815917969 -0.0894546508789063 0.0206451416015625
0.0366096496582031 0.007049560546875 -0.0864639282226562 0.0522003173828125
0.0522994995117187 0.0146751403808594 -0.0773773193359375 0.093994140625
0.111846923828125 0.0229415893554688 -0.0331916809082031 -0.0640449523925781
0.0905685424804687 -0.0075531005859375 0.0436820983886719 -0.00489425659179688
0.0809478759765625 -0.0154495239257813 0.095458984375 -0.010772705078125
0.0655975341796875 -0.0402603149414063 0.0989532470703125 -0.05938720703125
0.0416374206542969 -0.0585403442382813 0.061859130859375 -0.0780258178710938
0.00771331787109376 -0.078155517578125 0.0149154663085938 -0.0819015502929688
-0.026885986328125 -0.0787124633789063 -0.014190673828125 -0.0533485412597656
-0.0291824340820312 -0.0744705200195313 -0.0209331512451172 -0.00874900817871094
-0.0307159423828125 -0.0820770263671875 -0.0307903289794922 0.0304222106933594
-0.0106582641601562 -0.0858993530273438 -0.05767822265625 0.0453109741210938
0.025482177734375 -0.075439453125 -0.0723114013671875 0.0559768676757812
0.0461654663085938 -0.0546379089355469 -0.0783004760742188 0.03839111328125
0.0581932067871094 -0.0157585144042969 -0.0801467895507813 0.0322113037109375
0.0689201354980469 -0.00946044921875 -0.0626411437988281 0.05816650390625
0.0842056274414063 0.002685546875 -0.0477218627929688 0.104034423828125
0.127166748046875 0.018310546875 0.00687408447265626 -0.0551338195800781
0.112083435058594 -0.0093994140625 0.0775833129882813 0.00470733642578125
0.10540771484375 -0.02197265625 0.113395690917969 -0.00174713134765625
0.081634521484375 -0.0555496215820313 0.109580993652344 -0.0466232299804688
0.0470962524414062 -0.0730361938476563 0.0671920776367188 -0.0600013732910156
0.00682830810546876 -0.0881195068359375 0.0233650207519531 -0.0558204650878906
-0.0289077758789062 -0.082244873046875 0.00247764587402343 -0.0260562896728516
-0.0318450927734375 -0.0760345458984375 -0.00156879425048828 0.0158071517944336
-0.0363540649414063 -0.082733154296875 -0.00935745239257813 0.0549049377441406
-0.0223236083984375 -0.0894927978515625 -0.0413742065429687 0.0723114013671875
0.0144729614257813 -0.0889968872070313 -0.0592269897460938 0.078521728515625
0.040679931640625 -0.0774002075195313 -0.070587158203125 0.053314208984375
0.0726699829101563 -0.0390701293945313 -0.069427490234375 0.0391082763671875
0.0915451049804688 -0.0261154174804688 -0.0362548828125 0.0540008544921875
0.10394287109375 -0.00774383544921875 -0.0101699829101562 0.107742309570312
0.122016906738281 0.00945281982421875 0.0449180603027344 -0.04974365234375
0.114273071289063 -0.011199951171875 0.10540771484375 0.00821685791015625
0.112617492675781 -0.0283126831054688 0.122421264648438 0.00417327880859375
0.0831832885742188 -0.06304931640625 0.111839294433594 -0.0318603515625
0.0414352416992188 -0.0772247314453125 0.0687828063964844 -0.0388870239257813
0.000839233398437506 -0.0836639404296875 0.0315189361572266 -0.0276870727539063
-0.0278549194335937 -0.07220458984375 0.0178737640380859 0.000875473022460933
-0.0292892456054688 -0.0662193298339844 0.0174102783203125 0.0376243591308594
-0.0349884033203125 -0.0715408325195313 0.0114288330078125 0.0758438110351562
-0.0278778076171875 -0.0793991088867188 -0.022613525390625 0.0943603515625
0.0056610107421875 -0.0867996215820313 -0.0445785522460937 0.0951004028320313
0.03387451171875 -0.084381103515625 -0.0609512329101563 0.0631942749023437
0.0773849487304688 -0.0511703491210938 -0.0569648742675781 0.0387496948242188
0.0995712280273438 -0.034942626953125 -0.00914382934570312 0.0423202514648438
0.107826232910156 -0.013427734375 0.029144287109375 0.106796264648438
0.0996932983398437 0.00016021728515625 0.07440185546875 -0.0503005981445313
0.099700927734375 -0.016571044921875 0.1214599609375 0.003082275390625
0.09991455078125 -0.0340805053710938 0.121269226074219 0.0054779052734375
0.0672874450683594 -0.0632476806640625 0.106765747070313 -0.0180435180664063
0.0253448486328125 -0.0691566467285156 0.0679435729980469 -0.019317626953125
-0.00810241699218749 -0.0646781921386719 0.0398521423339844 -0.0037078857421875
-0.024444580078125 -0.0494003295898438 0.0332565307617188 0.0218887329101562
-0.0229759216308594 -0.0461997985839844 0.0338973999023437 0.0538597106933594
-0.0273551940917969 -0.0502471923828125 0.0286636352539063 0.0909652709960938
-0.0242576599121094 -0.0580787658691406 -0.0085296630859375 0.10931396484375
0.00188446044921875 -0.071319580078125 -0.0330963134765625 0.105438232421875
0.0282821655273438 -0.0754470825195312 -0.0525932312011719 0.0679931640625
0.0730972290039063 -0.0471420288085938 -0.0459060668945312 0.0343437194824219
0.0926742553710938 -0.0309371948242187 0.0158462524414063 0.03057861328125
0.093658447265625 -0.0116958618164063 0.0651397705078125 0.104629516601563
0.0635108947753906 -0.0090484619140625 0.0919418334960938 -0.0584259033203125
0.0716400146484375 -0.0215682983398437 0.125213623046875 -0.0100250244140625
0.0704574584960938 -0.0378570556640625 0.110443115234375 0.000144958496093748
0.03790283203125 -0.0554962158203125 0.0973663330078125 -0.00783538818359375
0.002105712890625 -0.0488510131835938 0.0671310424804688 -0.00625228881835938
-0.0178337097167969 -0.0319557189941406 0.0489425659179688 0.0115242004394531
-0.017974853515625 -0.0185909271240234 0.045806884765625 0.0333595275878906
-0.0138168334960938 -0.0186100006103516 0.0450363159179688 0.0615692138671875
-0.0155582427978516 -0.0209064483642578 0.0375289916992187 0.0977630615234375
-0.0168170928955078 -0.02874755859375 -0.00256347656250001 0.117263793945313
4.57763671874958E-05 -0.0449028015136719 -0.0294647216796875 0.109611511230469
0.0209617614746094 -0.0535888671875 -0.0487747192382812 0.0688934326171875
0.05767822265625 -0.0315170288085938 -0.0386810302734375 0.0300445556640625
0.06878662109375 -0.0197639465332031 0.0319747924804688 0.0235328674316406
0.0634269714355469 -0.0068817138671875 0.0909271240234375 0.104240417480469
0.0201683044433594 -0.0132293701171875 0.0967483520507813 -0.0737228393554688
0.0358924865722656 -0.0229682922363281 0.117378234863281 -0.0270919799804687
0.0324516296386719 -0.035980224609375 0.0970916748046875 -0.0064239501953125
0.00343704223632812 -0.038421630859375 0.0903396606445313 -0.00255584716796875
-0.0213050842285156 -0.0213985443115234 0.0689010620117187 -0.0027618408203125
-0.0226612091064453 0.00561332702636719 0.0574531555175781 0.0116424560546875
-0.00673580169677734 0.0154275894165039 0.0533638000488281 0.0307502746582031
-0.00244617462158203 0.0113620758056641 0.0485687255859375 0.05914306640625
-0.00261878967285156 0.0103616714477539 0.0372161865234375 0.0979690551757812
-0.0101814270019531 0.00338459014892578 -0.00446319580078125 0.118560791015625
-0.00587081909179687 -0.0144577026367188 -0.0325164794921875 0.108169555664062
0.00873565673828125 -0.0262203216552734 -0.0500297546386719 0.0693435668945313
0.0329761505126953 -0.0142498016357422 -0.0399017333984375 0.0279579162597656
0.0307083129882813 -0.00776100158691406 0.0348625183105469 0.0214138031005859
0.0212230682373047 -0.00368690490722656 0.102409362792969 0.104034423828125
0.044952392578125 0.0251922607421875 -0.0954971313476563 -0.0793304443359375
0.0187911987304688 -0.0049896240234375 -0.0137557983398438 -0.0226345062255859
0.0118179321289063 -0.00117111206054688 0.0574684143066406 -0.0284652709960938
0.0171365737915039 -0.00789070129394531 0.0681991577148438 -0.0775604248046875
0.0128936767578125 -0.02056884765625 0.0393600463867188 -0.103866577148438
-0.0019378662109375 -0.0369148254394531 -0.0089263916015625 -0.116928100585938
-0.0224189758300781 -0.0410499572753906 -0.0444869995117188 -0.0915145874023438
-0.0196304321289063 -0.0402107238769531 -0.0498085021972656 -0.0469093322753906
-0.0122947692871094 -0.0482368469238281 -0.0559577941894531 -0.0109977722167969
0.010223388671875 -0.0451583862304688 -0.070556640625 0.00354766845703124
0.0303001403808594 -0.0240192413330078 -0.0800704956054688 0.0210342407226563
0.0320777893066406 0.00424385070800781 -0.085662841796875 0.0156326293945313
0.00823783874511719 0.0270748138427734 -0.102691650390625 0.01287841796875
0.00377082824707031 0.0217437744140625 -0.105392456054687 0.0437240600585938
0.0197410583496094 0.0270156860351563 -0.0890045166015625 0.0856246948242187
0.087677001953125 0.0219573974609375 -0.0698165893554688 -0.0725555419921875
0.0595245361328125 -0.011322021484375 0.0146389007568359 -0.0181655883789063
0.0479660034179688 -0.0130119323730469 0.0773239135742188 -0.0262069702148438
0.0410003662109375 -0.0290451049804688 0.0829925537109375 -0.0753097534179688
0.0259284973144531 -0.0442543029785156 0.0510177612304688 -0.0955352783203125
-0.00107955932617188 -0.0628089904785156 0.0028076171875 -0.102767944335938
-0.0311317443847656 -0.0642204284667969 -0.0300140380859375 -0.0753021240234375
-0.0298500061035156 -0.0616722106933594 -0.0351085662841797 -0.028472900390625
-0.0267410278320313 -0.0718994140625 -0.0432548522949219 0.01123046875
-0.00185394287109374 -0.0736083984375 -0.0649642944335938 0.0275955200195313
0.0322036743164063 -0.0566673278808594 -0.0770263671875 0.0428314208984375
0.0465049743652344 -0.0289421081542969 -0.0834121704101562 0.0302658081054688
0.0408096313476563 0.00915145874023438 -0.0911483764648438 0.0276260375976562
0.0422706604003906 0.00988388061523437 -0.0834884643554688 0.0578689575195312
0.0583534240722656 0.0167236328125 -0.0680618286132813 0.101356506347656
0.117881774902344 0.0185089111328125 -0.0333480834960937 -0.0638465881347656
0.09222412109375 -0.0132980346679687 0.0503311157226563 -0.008819580078125
0.0820083618164063 -0.0225753784179687 0.101226806640625 -0.0188369750976563
0.064483642578125 -0.0468635559082031 0.1007080078125 -0.0672683715820313
0.0372314453125 -0.0633506774902344 0.061676025390625 -0.0824813842773438
0.000831604003906257 -0.0819549560546875 0.01519775390625 -0.0826263427734375
-0.03424072265625 -0.0788650512695313 -0.0126953125 -0.0517845153808594
-0.0359344482421875 -0.0739364624023438 -0.0164165496826172 -0.00557327270507813
-0.0381698608398438 -0.0833816528320312 -0.0229034423828125 0.0370330810546875
-0.0162887573242188 -0.08880615234375 -0.0521774291992188 0.0562362670898437
0.0234756469726562 -0.0805511474609375 -0.0683097839355469 0.0677146911621094
0.0467987060546875 -0.0595626831054688 -0.0773696899414063 0.0483322143554687
0.0625991821289063 -0.0165672302246094 -0.0799789428710938 0.0404129028320313
0.0726470947265625 -0.00901031494140625 -0.0575981140136719 0.0630683898925781
0.0870742797851563 0.0028076171875 -0.0364608764648438 0.1114501953125
0.129722595214844 0.01336669921875 0.00828170776367188 -0.0553207397460937
0.111701965332031 -0.014923095703125 0.0858383178710938 6.10351562499991E-05
0.105880737304688 -0.0295028686523438 0.121009826660156 -0.0100936889648438
0.0793228149414063 -0.06085205078125 0.11322021484375 -0.0551986694335938
0.042205810546875 -0.0755157470703125 0.0689888000488281 -0.0649566650390625
0.0011444091796875 -0.0896530151367188 0.0257072448730469 -0.0573654174804688
-0.0342483520507812 -0.0808868408203125 0.00587081909179687 -0.0252914428710938
-0.0360870361328125 -0.0748291015625 0.00478363037109375 0.0179557800292969
-0.0421600341796875 -0.0819168090820313 0.00072860717773437 0.0603828430175781
-0.02734375 -0.0892333984375 -0.0327224731445312 0.0823211669921875
0.01055908203125 -0.0907440185546875 -0.0520782470703125 0.0903778076171875
0.0382843017578125 -0.0807342529296875 -0.0676116943359375 0.0641403198242188
0.073577880859375 -0.04107666015625 -0.0677261352539063 0.0472145080566406
0.0919265747070313 -0.0285263061523438 -0.030548095703125 0.058197021484375
0.104324340820313 -0.0109710693359375 0.002593994140625 0.113960266113281
0.121322631835937 0.00443267822265625 0.0460700988769531 -0.051483154296875
0.111923217773438 -0.0170364379882813 0.113365173339844 0.0031890869140625
0.110740661621094 -0.035308837890625 0.130607604980469 -0.003265380859375
0.0795669555664063 -0.0665969848632813 0.117057800292969 -0.0393905639648438
0.0371170043945313 -0.077789306640625 0.0723037719726563 -0.0432357788085938
-0.00274658203125 -0.0826568603515625 0.0359535217285156 -0.0299835205078125
-0.0304908752441406 -0.0691490173339844 0.02252197265625 0.000976562499999996
-0.0318183898925781 -0.0632400512695313 0.0250663757324219 0.0390243530273437
-0.0384750366210937 -0.0688400268554688 0.0232467651367187 0.079315185546875
-0.0309906005859375 -0.076080322265625 -0.0117950439453125 0.103233337402344
0.00141143798828126 -0.0860061645507813 -0.03558349609375 0.105644226074219
0.029266357421875 -0.0858001708984375 -0.056640625 0.0736007690429688
0.07501220703125 -0.0538253784179688 -0.0546646118164062 0.0464744567871094
0.0971908569335938 -0.0390243530273438 -0.00387191772460937 0.0457572937011719
0.105705261230469 -0.0177459716796875 0.0418930053710938 0.111557006835938
0.0963592529296875 -0.0054473876953125 0.0746002197265625 -0.0531158447265625
0.0944900512695313 -0.0213470458984375 0.128555297851562 -0.0012969970703125
0.0955276489257813 -0.0394363403320313 0.12908935546875 -0.00151824951171875
0.062530517578125 -0.064544677734375 0.112464904785156 -0.0248489379882813
0.0210456848144531 -0.0670394897460938 0.0716171264648438 -0.0244903564453125
-0.00939559936523438 -0.0609359741210938 0.0446891784667969 -0.00685882568359375
-0.0235252380371094 -0.0457649230957031 0.0385818481445313 0.0209312438964844
-0.0227813720703125 -0.0421867370605469 0.0416831970214844 0.05340576171875
-0.0273551940917969 -0.0459175109863281 0.0402069091796875 0.0931930541992188
-0.0252571105957031 -0.0528373718261719 0.00205230712890626 0.116294860839844
-0.00188446044921875 -0.0671615600585937 -0.0238494873046875 0.114402770996094
0.0220794677734375 -0.0741806030273438 -0.047515869140625 0.0766754150390625
0.068572998046875 -0.0496711730957031 -0.0437812805175781 0.0410690307617188
0.0875167846679687 -0.0353775024414063 0.01953125 0.0324592590332031
0.0891189575195312 -0.0169219970703125 0.0777664184570313 0.108375549316406
0.0592536926269531 -0.0135993957519531 0.08978271484375 -0.0620193481445313
0.0655136108398437 -0.0256271362304687 0.129379272460937 -0.0146026611328125
0.0640296936035156 -0.0422859191894531 0.117218017578125 -0.00592041015625
0.0322990417480469 -0.0548896789550781 0.1031494140625 -0.01470947265625
-0.00205612182617187 -0.0447845458984375 0.070831298828125 -0.0119247436523438
-0.0168113708496094 -0.0267467498779297 0.0530662536621094 0.0064239501953125
-0.0141973495483398 -0.0132112503051758 0.0495033264160156 0.0300636291503906
-0.0105628967285156 -0.0142154693603516 0.0511856079101562 0.0604667663574219
-0.0120086669921875 -0.0167703628540039 0.0472412109375 0.09844970703125
-0.0148944854736328 -0.0228176116943359 0.00786590576171874 0.123283386230469
-0.003082275390625 -0.0394630432128906 -0.0207138061523437 0.116539001464844
0.0156669616699219 -0.0503883361816406 -0.04400634765625 0.0764694213867188
0.0524253845214844 -0.0329322814941406 -0.0380096435546875 0.0355415344238281
0.0623283386230469 -0.0230712890625 0.0339107513427734 0.0240802764892578
0.0575294494628906 -0.0112838745117187 0.101181030273438 0.105613708496094
0.0146989822387695 -0.0165319442749023 0.0921478271484375 -0.07794189453125
0.0293121337890625 -0.0268726348876953 0.118972778320313 -0.0313568115234375
0.0247955322265625 -0.0393867492675781 0.102249145507813 -0.0113296508789063
-0.00299072265625 -0.0358848571777344 0.0956878662109375 -0.00940704345703125
-0.0246772766113281 -0.0141887664794922 0.0713958740234375 -0.0103836059570313
-0.0196323394775391 0.0131473541259766 0.0595436096191406 0.00582122802734375
-0.000616073608398439 0.0209770202636719 0.0543975830078125 0.0266838073730469
0.00313282012939453 0.0158405303955078 0.0526313781738281 0.0564765930175781
0.00357627868652344 0.0147466659545898 0.0445327758789062 0.0974960327148438
-0.00544548034667969 0.0096893310546875 0.00408935546874999 0.123077392578125
-0.00666666030883789 -0.00784730911254883 -0.0252456665039063 0.114372253417969
0.00460052490234375 -0.0217437744140625 -0.04656982421875 0.0757522583007813
0.0271854400634766 -0.0139083862304688 -0.0402374267578125 0.0333099365234375
0.0240306854248047 -0.00908279418945313 0.0354194641113281 0.0217971801757812
0.0141639709472656 -0.00653553009033203 0.110641479492187 0.103919982910156
0.0536422729492188 0.0235404968261719 -0.0966033935546875 -0.0775299072265625
0.0232315063476563 -0.00832366943359375 -0.0113754272460938 -0.0251541137695313
0.0148439407348633 -0.00622177124023438 0.0570945739746094 -0.0345573425292969
0.0172357559204102 -0.0143651962280273 0.0638427734375 -0.0822219848632813
0.0100727081298828 -0.0261402130126953 0.0342483520507813 -0.104904174804688
-0.00870132446289062 -0.0406684875488281 -0.0131683349609375 -0.113876342773438
-0.0306510925292969 -0.0414314270019531 -0.0467147827148438 -0.0876007080078125
-0.0271568298339844 -0.0410423278808594 -0.0479240417480469 -0.0428543090820313
-0.0211524963378906 -0.0506515502929688 -0.0526618957519531 -0.00636291503906251
0.00432586669921875 -0.0512313842773438 -0.0670623779296875 0.0111312866210938
0.0301456451416016 -0.031463623046875 -0.0773696899414063 0.0289993286132813
0.0360755920410156 -0.00241851806640625 -0.0855255126953125 0.0226211547851563
0.0174331665039063 0.0268268585205078 -0.103538513183594 0.0181808471679688
0.0119571685791016 0.0247287750244141 -0.103401184082031 0.0459442138671875
0.0277519226074219 0.0301551818847656 -0.0807342529296875 0.086944580078125
0.0936737060546875 0.0191116333007813 -0.068450927734375 -0.0711822509765625
0.0616302490234375 -0.0157012939453125 0.0182418823242188 -0.0218791961669922
0.0495262145996094 -0.0190353393554688 0.078094482421875 -0.0328903198242188
0.0395469665527344 -0.0347404479980469 0.080596923828125 -0.0797882080078125
0.0213508605957031 -0.047943115234375 0.0479583740234375 -0.0968704223632813
-0.00833511352539062 -0.0651779174804688 0.00215911865234375 -0.101264953613281
-0.0383071899414062 -0.0635261535644531 -0.029327392578125 -0.072509765625
-0.037078857421875 -0.0609664916992188 -0.03125 -0.0252189636230469
-0.0350799560546875 -0.0727691650390625 -0.0364761352539063 0.0152587890625
-0.00775146484375 -0.0772857666015625 -0.0588150024414063 0.0359992980957031
0.0304641723632813 -0.0630378723144531 -0.072418212890625 0.0514678955078125
0.0487098693847656 -0.0344734191894531 -0.0806732177734375 0.0382080078125
0.0478363037109375 0.0087127685546875 -0.089752197265625 0.0335235595703125
0.048797607421875 0.01190185546875 -0.0789566040039063 0.0596923828125
0.0634994506835938 0.0185966491699219 -0.0563507080078125 0.102912902832031
0.120491027832031 0.0151748657226562 -0.0305290222167969 -0.0632400512695312
0.0920486450195312 -0.0178985595703125 0.0551834106445313 -0.0136909484863281
0.0814743041992188 -0.027862548828125 0.103836059570312 -0.026519775390625
0.0613517761230469 -0.0512504577636719 0.09979248046875 -0.0730209350585938
0.0325050354003906 -0.0655708312988281 0.0604400634765625 -0.08477783203125
-0.00550079345703125 -0.0823516845703125 0.0161590576171875 -0.0820541381835938
-0.0405044555664063 -0.0768661499023438 -0.00939178466796875 -0.0505256652832031
-0.041046142578125 -0.0722122192382813 -0.0100326538085938 -0.00366497039794922
-0.0443115234375 -0.0823135375976563 -0.01312255859375 0.0398674011230469
-0.0211868286132813 -0.0899810791015625 -0.0432586669921875 0.063323974609375
0.0204925537109375 -0.0841827392578125 -0.0602340698242188 0.076812744140625
0.046875 -0.0629463195800781 -0.0728607177734375 0.0567092895507812
0.0666275024414063 -0.0169677734375 -0.076690673828125 0.046539306640625
0.0758056640625 -0.00823974609375 -0.0514755249023438 0.0648117065429688
0.0892791748046875 0.00350189208984375 -0.0233535766601562 0.1129150390625
0.129188537597656 0.00885009765625 0.0113029479980469 -0.0551033020019531
0.108512878417969 -0.0182876586914063 0.09124755859375 -0.00531005859375
0.103134155273438 -0.0334091186523438 0.124549865722656 -0.0182266235351563
0.0753707885742187 -0.064056396484375 0.114349365234375 -0.0617218017578125
0.0371170043945313 -0.0759429931640625 0.0694961547851563 -0.0676918029785156
-0.0034332275390625 -0.0884857177734375 0.0289306640625 -0.0579910278320313
-0.037261962890625 -0.0776901245117188 0.0102519989013672 -0.0250129699707031
-0.0395965576171875 -0.0713424682617187 0.0125522613525391 0.0184898376464844
-0.0458831787109375 -0.0791015625 0.0118904113769531 0.0615577697753906
-0.0312118530273438 -0.0869979858398438 -0.0217971801757813 0.0887908935546875
0.0077667236328125 -0.0912094116210938 -0.042633056640625 0.0977020263671875
0.03582763671875 -0.0809097290039063 -0.0617828369140625 0.0717849731445313
0.0735092163085938 -0.0415573120117188 -0.0637359619140625 0.0529365539550781
0.0909347534179687 -0.0286331176757813 -0.0234909057617187 0.0596122741699219
0.102767944335938 -0.0112686157226563 0.0156936645507813 0.115608215332031
0.117607116699219 0.0007781982421875 0.0476036071777344 -0.051605224609375
0.106544494628906 -0.019287109375 0.119209289550781 -0.002044677734375
0.10675048828125 -0.038360595703125 0.134834289550781 -0.01116943359375
0.0748443603515625 -0.0674896240234375 0.119110107421875 -0.045654296875
0.03271484375 -0.075469970703125 0.0737380981445313 -0.047271728515625
-0.00527954101562501 -0.0796279907226563 0.0391197204589844 -0.0317459106445313
-0.0307960510253906 -0.0654945373535156 0.0282306671142578 -0.000558853149414067
-0.0320091247558594 -0.0594329833984375 0.0332145690917969 0.0378608703613281
-0.0387649536132813 -0.0650138854980469 0.0349960327148438 0.0787811279296875
-0.032073974609375 -0.07159423828125 0.0005035400390625 0.107818603515625
-0.00121307373046876 -0.0826568603515625 -0.0252838134765625 0.111854553222656
0.0248870849609375 -0.0831146240234375 -0.0491409301757812 0.080596923828125
0.0714569091796875 -0.0538406372070313 -0.0499763488769531 0.0519447326660156
0.0920791625976563 -0.03948974609375 0.00175857543945313 0.0467910766601563
0.10107421875 -0.0196304321289062 0.0544357299804688 0.112098693847656
0.0902633666992188 -0.00868988037109375 0.0742111206054688 -0.0528564453125
0.08795166015625 -0.0228805541992188 0.132186889648438 -0.0060882568359375
0.0888137817382813 -0.0414657592773438 0.133155822753906 -0.00872802734375
0.0577888488769531 -0.0634651184082031 0.115394592285156 -0.0314788818359375
0.0173530578613281 -0.0620574951171875 0.0733261108398438 -0.02880859375
-0.00912094116210938 -0.056182861328125 0.0480880737304688 -0.0102615356445313
-0.0204925537109375 -0.0422821044921875 0.0421371459960937 0.0180702209472656
-0.0200729370117188 -0.0380020141601563 0.0482025146484375 0.051055908203125
-0.0242576599121094 -0.0417671203613281 0.0500335693359375 0.0904159545898438
-0.0234184265136719 -0.0471267700195313 0.0142135620117187 0.119537353515625
-0.00376129150390626 -0.0613327026367188 -0.0129852294921875 0.11822509765625
0.0178108215332031 -0.0690460205078125 -0.04071044921875 0.0825576782226563
0.0619354248046875 -0.048583984375 -0.0400352478027344 0.0457229614257813
0.0797576904296875 -0.0365753173828125 0.0235366821289063 0.0327205657958984
0.0819549560546875 -0.0189132690429688 0.0878143310546875 0.107887268066406
0.0515060424804688 -0.0159492492675781 0.0868759155273438 -0.0623321533203125
0.0570602416992188 -0.0267753601074219 0.131263732910156 -0.0176010131835938
0.0563278198242187 -0.0422744750976563 0.12091064453125 -0.0111160278320313
0.0261955261230469 -0.0508308410644531 0.105583190917969 -0.0207443237304688
-0.00415420532226562 -0.0373344421386719 0.0717391967773438 -0.0175094604492188
-0.0135536193847656 -0.0208225250244141 0.0548095703125 0.00114059448242187
-0.00738716125488281 -0.00936222076416015 0.0512466430664063 0.0273857116699219
-0.00529289245605469 -0.0105476379394531 0.0554733276367187 0.0566558837890625
-0.00621223449707031 -0.012420654296875 0.0557785034179688 0.0955581665039063
-0.0107803344726562 -0.0163106918334961 0.0183563232421875 0.124420166015625
-0.00258827209472656 -0.0316371917724609 -0.010986328125 0.119338989257813
0.0112075805664063 -0.0445289611816406 -0.0378799438476563 0.081695556640625
0.0459518432617188 -0.031768798828125 -0.0354385375976563 0.0403327941894531
0.0535163879394531 -0.023040771484375 0.0353279113769531 0.0242080688476563
0.0492439270019531 -0.01318359375 0.109321594238281 0.104263305664062
0.00725364685058594 -0.0183620452880859 0.085601806640625 -0.0779495239257813
0.0203189849853516 -0.026580810546875 0.117965698242188 -0.0340652465820313
0.0162696838378906 -0.0392341613769531 0.104728698730469 -0.0157623291015625
-0.008819580078125 -0.0310955047607422 0.0978317260742188 -0.0162429809570313
-0.0253486633300781 -0.00558853149414063 0.0710220336914063 -0.0165557861328125
-0.0143013000488281 0.0191020965576172 0.0582847595214844 -0.000263214111328124
0.00744438171386719 0.0235481262207031 0.0532379150390625 0.0229263305664062
0.0104618072509766 0.0190105438232422 0.0538139343261719 0.05279541015625
0.0116329193115234 0.0177841186523438 0.0500411987304688 0.0938034057617188
0.000729560852050783 0.0151166915893555 0.0128860473632812 0.12347412109375
-0.0046534538269043 -0.000507354736328126 -0.0170822143554688 0.116012573242188
0.00175094604492188 -0.015803337097168 -0.0408477783203125 0.0799713134765625
0.0216560363769531 -0.0106468200683594 -0.0391159057617187 0.0376815795898438
0.0160760879516602 -0.00788116455078125 0.0345344543457031 0.0227203369140625
0.0056920051574707 -0.00702238082885742 0.115310668945313 0.10113525390625
0.0621376037597656 0.0224800109863281 -0.0942611694335938 -0.0796966552734375
0.0285854339599609 -0.0120410919189453 -0.00925636291503906 -0.0290756225585938
0.0175724029541016 -0.0111942291259766 0.0562286376953125 -0.0382575988769531
0.0166606903076172 -0.0203857421875 0.0615768432617188 -0.0834197998046875
0.00666618347167969 -0.0307159423828125 0.0325469970703125 -0.103302001953125
-0.0159950256347656 -0.0429496765136719 -0.0132217407226562 -0.111763000488281
-0.0376434326171875 -0.0411415100097656 -0.0454559326171875 -0.0855484008789063
-0.0335273742675781 -0.0410575866699219 -0.0444107055664062 -0.0417366027832031
-0.029266357421875 -0.0526580810546875 -0.0473709106445313 -0.00408172607421875
-0.00156021118164062 -0.0555610656738281 -0.0628929138183594 0.0157890319824219
0.0287322998046875 -0.0384635925292969 -0.0745010375976563 0.0340576171875
0.0391502380371094 -0.009063720703125 -0.0849761962890625 0.026275634765625
0.0253181457519531 0.0249767303466797 -0.103111267089844 0.0203933715820313
0.0215587615966797 0.0257301330566406 -0.101966857910156 0.0445327758789062
0.0358734130859375 0.0320358276367188 -0.0750350952148437 0.0834197998046875
0.0988998413085938 0.0180587768554688 -0.0642852783203125 -0.0724868774414063
0.0639572143554688 -0.0181732177734375 0.0216789245605469 -0.0263195037841797
0.0499229431152344 -0.0236473083496094 0.0788803100585938 -0.0371856689453125
0.0379905700683594 -0.0391921997070313 0.079437255859375 -0.0811691284179688
0.017303466796875 -0.0505523681640625 0.0479278564453125 -0.095489501953125
-0.0149650573730469 -0.0666351318359375 0.00373077392578126 -0.099334716796875
-0.0440864562988281 -0.0623245239257813 -0.02557373046875 -0.0706863403320313
-0.0417137145996094 -0.0603408813476563 -0.0256614685058594 -0.0246963500976563
-0.0414581298828125 -0.0729904174804688 -0.0287380218505859 0.0170078277587891
-0.012298583984375 -0.0804367065429688 -0.0516204833984375 0.0402984619140625
0.02899169921875 -0.0684051513671875 -0.0667266845703125 0.0569114685058594
0.0513267517089844 -0.0391693115234375 -0.0780792236328125 0.0428314208984375
0.055145263671875 0.00757598876953125 -0.0890045166015625 0.035980224609375
0.0561790466308594 0.0138473510742187 -0.075897216796875 0.057861328125
0.0695533752441406 0.0215034484863281 -0.048492431640625 0.100456237792969
0.122306823730469 0.014495849609375 -0.0255775451660156 -0.0642776489257813
0.0915603637695313 -0.018829345703125 0.0600967407226563 -0.0186119079589844
0.0798721313476562 -0.030853271484375 0.105476379394531 -0.0314407348632813
0.058563232421875 -0.0537834167480469 0.100044250488281 -0.0747756958007813
0.0286674499511719 -0.0661392211914063 0.0617218017578125 -0.0845260620117188
-0.0100250244140625 -0.0827255249023438 0.0203628540039062 -0.0817031860351563
-0.0438766479492188 -0.074859619140625 -0.00443649291992188 -0.049652099609375
-0.0445404052734375 -0.0699386596679688 -0.00248908996582032 -0.00380682945251465
-0.0482635498046875 -0.0814208984375 -0.00381851196289063 0.0401611328125
-0.0245742797851563 -0.0909042358398438 -0.0335197448730469 0.0678634643554688
0.0201950073242187 -0.0868682861328125 -0.0524673461914062 0.0819778442382812
0.048309326171875 -0.0653038024902344 -0.0682220458984375 0.0611915588378906
0.0712966918945313 -0.0164108276367188 -0.0738677978515625 0.0489883422851563
0.0801162719726562 -0.0058441162109375 -0.0470848083496094 0.0631065368652344
0.092742919921875 0.00690460205078125 -0.0135116577148437 0.111328125
0.127059936523438 0.0100250244140625 0.0161209106445313 -0.0556983947753906
0.105201721191406 -0.0176849365234375 0.0965347290039063 -0.00872802734375
0.100082397460938 -0.0351715087890625 0.127212524414063 -0.0231857299804688
0.07275390625 -0.063629150390625 0.115776062011719 -0.0643539428710938
0.0350723266601563 -0.0740280151367188 0.0719833374023438 -0.0682754516601562
-0.00565338134765625 -0.0868682861328125 0.0335655212402344 -0.0588798522949219
-0.0374984741210938 -0.0750045776367188 0.0165348052978516 -0.0253639221191406
-0.0399589538574219 -0.0690536499023438 0.0207405090332031 0.0173988342285156
-0.0470657348632813 -0.0772705078125 0.0220565795898437 0.0609893798828125
-0.0312042236328125 -0.08587646484375 -0.0105743408203125 0.0918731689453125
0.00809478759765626 -0.09033203125 -0.0337753295898438 0.102432250976563
0.036651611328125 -0.0804061889648438 -0.0555877685546875 0.0765762329101563
0.0755767822265625 -0.0393218994140625 -0.0595130920410156 0.0563850402832031
0.0916748046875 -0.0255050659179688 -0.0184249877929687 0.0591545104980469
0.101722717285156 -0.00704193115234375 0.0254745483398438 0.115180969238281
0.11273193359375 0.00201416015625 0.0518112182617188 -0.0502777099609375
0.100914001464844 -0.0171356201171875 0.12322998046875 -0.0046234130859375
0.102287292480469 -0.0373306274414063 0.138298034667969 -0.0148468017578125
0.072509765625 -0.0647811889648438 0.1219482421875 -0.0490570068359375
0.0320587158203125 -0.0712203979492188 0.0759429931640625 -0.0492324829101563
-0.004364013671875 -0.0768051147460937 0.0439949035644531 -0.0337333679199219
-0.0278129577636719 -0.0628318786621094 0.0334625244140625 -0.00175094604492188
-0.0287513732910156 -0.0567092895507813 0.0395889282226563 0.0355644226074219
-0.0366325378417969 -0.0625457763671875 0.043975830078125 0.07720947265625
-0.0291824340820313 -0.0685768127441406 0.0106658935546875 0.10931396484375
-0.000488281249999997 -0.0781707763671875 -0.0162124633789063 0.114830017089844
0.0252151489257813 -0.0791702270507812 -0.0425796508789062 0.0840911865234375
0.0698814392089844 -0.0503807067871094 -0.0460281372070312 0.0551033020019531
0.0887069702148438 -0.0360488891601563 0.00697708129882813 0.0467681884765625
0.0960769653320313 -0.0160598754882813 0.0632400512695313 0.1126708984375
0.0828399658203125 -0.00751495361328125 0.0762252807617188 -0.050567626953125
0.0801925659179687 -0.019805908203125 0.135360717773437 -0.0068817138671875
0.0836181640625 -0.0386734008789063 0.135871887207031 -0.0108413696289063
0.0549468994140625 -0.0583343505859375 0.117927551269531 -0.0343704223632813
0.0180511474609375 -0.0559120178222656 0.0752487182617187 -0.0322036743164063
-0.00528335571289062 -0.0516281127929688 0.0507240295410156 -0.012542724609375
-0.0151100158691406 -0.0392417907714844 0.0457954406738281 0.0166435241699219
-0.0147495269775391 -0.0350303649902344 0.0527000427246094 0.048675537109375
-0.0189247131347656 -0.0390090942382813 0.05718994140625 0.087432861328125
-0.0184783935546875 -0.0425262451171875 0.0235214233398437 0.119773864746094
-0.00137710571289062 -0.0548286437988281 -0.00505065917968751 0.1202392578125
0.0168380737304687 -0.0627822875976563 -0.0348129272460938 0.0856399536132813
0.0584068298339844 -0.0439414978027344 -0.0365524291992188 0.0487022399902344
0.073272705078125 -0.0326614379882813 0.027069091796875 0.0336189270019531
0.0748062133789062 -0.0163497924804687 0.0941238403320313 0.10870361328125
0.0428733825683594 -0.0159072875976563 0.0867691040039063 -0.0581588745117188
0.0484466552734375 -0.0240058898925781 0.1334228515625 -0.0171279907226563
0.0488739013671875 -0.0395736694335938 0.123779296875 -0.0132827758789063
0.0230712890625 -0.0448570251464844 0.10882568359375 -0.0239791870117188
-0.00298118591308594 -0.0296535491943359 0.0719375610351562 -0.0209274291992188
-0.00879859924316407 -0.0155000686645508 0.0546646118164063 -0.002166748046875
-0.000574111938476563 -0.00770473480224609 0.0521430969238281 0.0250511169433594
0.00236177444458008 -0.00807094573974609 0.0573768615722656 0.05401611328125
0.00133323669433594 -0.0109405517578125 0.05963134765625 0.0922470092773438
-0.00345897674560547 -0.0118980407714844 0.0254440307617188 0.123672485351563
0.000261306762695312 -0.0242996215820313 -0.00465393066406249 0.119400024414062
0.0107460021972656 -0.0362701416015625 -0.0329055786132813 0.0834503173828125
0.0405845642089844 -0.0259666442871094 -0.03277587890625 0.0428848266601563
0.0445022583007813 -0.0193595886230469 0.0366668701171875 0.0259895324707031
0.0401153564453125 -0.0114784240722656 0.113136291503906 0.104957580566406
-0.000385284423828126 -0.0188503265380859 0.0820388793945313 -0.0727615356445313
0.0117416381835938 -0.0255813598632812 0.1170654296875 -0.0316543579101562
0.00741195678710938 -0.0356864929199219 0.106613159179687 -0.0174407958984375
-0.0127639770507812 -0.0242938995361328 0.0995330810546875 -0.0197219848632812
-0.0238475799560547 0.0020904541015625 0.0694770812988281 -0.021392822265625
-0.00819778442382812 0.0246906280517578 0.0557937622070313 -0.0046234130859375
0.0157871246337891 0.0253410339355469 0.0511856079101563 0.0211906433105469
0.017669677734375 0.0206642150878906 0.0528564453125 0.0506057739257812
0.0200519561767578 0.0193748474121094 0.0512619018554688 0.091156005859375
0.00820350646972656 0.0190486907958984 0.0166015625 0.122268676757813
-0.000819206237792969 0.00653314590454102 -0.0124282836914062 0.115234375
0.00171756744384766 -0.00846052169799805 -0.0375137329101563 0.081390380859375
0.0165119171142578 -0.00572776794433594 -0.0379638671875 0.0409317016601563
0.00750064849853516 -0.0039215087890625 0.0330390930175781 0.0253829956054688
-0.00314664840698242 -0.00550222396850586 0.116600036621094 0.102821350097656
0.072113037109375 0.0205230712890625 -0.0929641723632813 -0.0857696533203125
0.0341949462890625 -0.0168781280517578 -0.00745201110839843 -0.0342521667480469
0.0206565856933594 -0.0180587768554688 0.0572128295898438 -0.0413398742675781
0.0153541564941406 -0.0276947021484375 0.0619354248046875 -0.0848236083984375
0.00237655639648438 -0.0357246398925781 0.0343246459960938 -0.103042602539063
-0.0241012573242187 -0.0468025207519531 -0.0103683471679687 -0.112113952636719
-0.0455169677734375 -0.0418663024902344 -0.0426025390625 -0.0857086181640625
-0.040771484375 -0.0415611267089844 -0.0403289794921875 -0.0422744750976563
-0.0378265380859375 -0.0543251037597656 -0.0421257019042969 -0.00383758544921875
-0.00793075561523437 -0.0616226196289063 -0.059326171875 0.0188446044921875
0.0272483825683594 -0.0463104248046875 -0.072418212890625 0.0377044677734375
0.0421257019042969 -0.0159950256347656 -0.0852737426757813 0.0282821655273437
0.0342273712158203 0.0225028991699219 -0.106338500976563 0.02020263671875
0.0318489074707031 0.0259571075439453 -0.104766845703125 0.0410079956054688
0.0459022521972656 0.0341720581054688 -0.0737991333007812 0.0790863037109375
0.106758117675781 0.0185317993164063 -0.05963134765625 -0.0783538818359375
0.0677947998046875 -0.0211563110351562 0.0258617401123047 -0.0313758850097656
0.0519294738769531 -0.0284385681152344 0.081451416015625 -0.040618896484375
0.0364570617675781 -0.0446586608886719 0.08203125 -0.083282470703125
0.0141677856445312 -0.0544319152832031 0.0511932373046875 -0.0964813232421875
-0.021026611328125 -0.0684623718261719 0.00899505615234374 -0.100082397460937
-0.0501174926757812 -0.0627250671386719 -0.0204086303710938 -0.071624755859375
-0.0473289489746094 -0.060699462890625 -0.0189018249511719 -0.0256614685058594
-0.04833984375 -0.0750045776367187 -0.0213890075683594 0.0162830352783203
-0.0163497924804688 -0.08563232421875 -0.0454216003417969 0.0430145263671875
0.0293502807617188 -0.07476806640625 -0.0624809265136719 0.0609703063964844
0.0552139282226562 -0.0450897216796875 -0.0767822265625 0.0457077026367187
0.0638809204101563 0.00697708129882813 -0.0892410278320313 0.0374374389648437
0.0656776428222656 0.0159835815429687 -0.076171875 0.0555801391601562
0.0776748657226563 0.0260086059570313 -0.0442962646484375 0.0971603393554688
0.126388549804688 0.0169143676757813 -0.0189590454101562 -0.0684585571289063
0.09320068359375 -0.0188369750976563 0.0657806396484375 -0.0228080749511719
0.0810546875 -0.032684326171875 0.109413146972656 -0.0343704223632812
0.0584144592285156 -0.0562515258789063 0.104660034179688 -0.0767745971679688
0.0270233154296875 -0.0670661926269531 0.0672760009765625 -0.0856704711914063
-0.013397216796875 -0.0832595825195313 0.0270462036132813 -0.083343505859375
-0.0460357666015625 -0.07525634765625 0.0028076171875 -0.0520172119140625
-0.0461883544921875 -0.0705490112304688 0.00522899627685547 -0.00603771209716797
-0.0516281127929688 -0.082977294921875 0.00493240356445312 0.0391082763671875
-0.02618408203125 -0.0944595336914063 -0.025238037109375 0.0704116821289063
0.021728515625 -0.0911712646484375 -0.0461807250976562 0.0860977172851563
0.0522994995117188 -0.0686149597167969 -0.0651893615722656 0.0651130676269531
0.079254150390625 -0.01629638671875 -0.07318115234375 0.0513992309570312
0.0874252319335938 -0.0021514892578125 -0.0448570251464844 0.0625953674316406
0.09832763671875 0.0124053955078125 -0.0075225830078125 0.110214233398438
0.127655029296875 0.0136489868164063 0.0236167907714844 -0.0577850341796875
0.10430908203125 -0.0142669677734375 0.103431701660156 -0.01190185546875
0.100044250488281 -0.0343399047851563 0.1324462890625 -0.0255889892578125
0.073150634765625 -0.0628890991210938 0.121559143066406 -0.0664901733398437
0.0352630615234375 -0.0727996826171875 0.0774993896484375 -0.0700912475585937
-0.00600433349609375 -0.0864334106445313 0.0407218933105469 -0.0612449645996094
-0.0367202758789062 -0.0757904052734375 0.0234794616699219 -0.0277595520019531
-0.0385589599609375 -0.0693550109863281 0.0276565551757812 0.0151405334472656
-0.0460891723632812 -0.078460693359375 0.031158447265625 0.0598030090332031
-0.0301284790039063 -0.08746337890625 -0.00151824951171875 0.0945587158203125
0.010589599609375 -0.0918426513671875 -0.0263595581054688 0.106407165527344
0.0404281616210937 -0.08154296875 -0.0512847900390625 0.0804977416992188
0.0806503295898438 -0.0371475219726563 -0.0570526123046875 0.0592422485351563
0.0952377319335938 -0.021026611328125 -0.0147781372070313 0.05914306640625
0.103782653808594 -0.00109100341796875 0.0334243774414063 0.116401672363281
0.110313415527344 0.00710296630859375 0.0592117309570313 -0.0493698120117188
0.09832763671875 -0.0117111206054687 0.13006591796875 -0.00550079345703125
0.100791931152344 -0.033050537109375 0.144500732421875 -0.015899658203125
0.0733108520507813 -0.06121826171875 0.128021240234375 -0.0504302978515625
0.0342063903808594 -0.0675468444824219 0.081939697265625 -0.0512619018554688
-0.00128173828125 -0.0752182006835938 0.0501785278320313 -0.0363235473632813
-0.023834228515625 -0.0634040832519531 0.0395011901855469 -0.00351715087890625
-0.0251350402832031 -0.0562782287597656 0.0460090637207031 0.0339775085449219
-0.0320472717285156 -0.0626716613769531 0.0525436401367187 0.0761337280273437
-0.0251922607421875 -0.0681571960449219 0.0196685791015625 0.111282348632813
0.00390625 -0.0763397216796875 -0.00885009765624999 0.117691040039063
0.0280990600585937 -0.075927734375 -0.0381546020507813 0.0877761840820313
0.0716781616210938 -0.045440673828125 -0.0426368713378906 0.0579338073730469
0.0882797241210938 -0.0307235717773438 0.0117149353027344 0.0473823547363281
0.0947494506835938 -0.0103225708007813 0.0718841552734375 0.115913391113281
0.0776596069335938 -0.00255584716796875 0.082427978515625 -0.0469512939453125
0.0752029418945313 -0.0132064819335938 0.142349243164062 -0.0052947998046875
0.0807647705078125 -0.0321426391601563 0.142684936523437 -0.011688232421875
0.0557060241699219 -0.0527458190917969 0.124038696289063 -0.0359649658203125
0.0207786560058594 -0.0508232116699219 0.0786361694335938 -0.0338821411132813
-0.000419616699218746 -0.0495338439941406 0.054931640625 -0.015960693359375
-0.00839996337890625 -0.0390472412109375 0.0501441955566406 0.0153388977050781
-0.008453369140625 -0.03485107421875 0.0570793151855469 0.0471839904785156
-0.0119819641113281 -0.038818359375 0.0634994506835938 0.0869140625
-0.0117378234863281 -0.0401344299316406 0.030609130859375 0.121124267578125
0.00362396240234375 -0.0496406555175781 0.00108337402343749 0.122505187988281
0.0195274353027344 -0.0570182800292969 -0.02996826171875 0.0885696411132813
0.0573196411132813 -0.0376548767089844 -0.03363037109375 0.0512962341308594
0.0684318542480469 -0.0263519287109375 0.0304718017578125 0.0355300903320313
0.0691909790039063 -0.0104026794433594 0.101486206054688 0.113204956054688
0.0355682373046875 -0.0123367309570313 0.090484619140625 -0.0533294677734375
0.0418167114257813 -0.01824951171875 0.13861083984375 -0.0127410888671875
0.0440406799316406 -0.0331573486328125 0.129669189453125 -0.012786865234375
0.0223274230957031 -0.0377845764160156 0.113792419433594 -0.0257797241210938
-8.77380371093727E-05 -0.0230770111083984 0.0746917724609375 -0.0233306884765625
-0.001739501953125 -0.0114641189575195 0.0562591552734375 -0.00429153442382813
0.00793075561523438 -0.00742197036743164 0.0535736083984375 0.0244483947753906
0.00984764099121094 -0.00660324096679688 0.0592689514160156 0.0536918640136719
0.0102081298828125 -0.00980854034423828 0.0634536743164062 0.0917434692382812
0.00459527969360352 -0.00828742980957031 0.0303955078125 0.124588012695313
0.00602149963378906 -0.01788330078125 -0.000152587890624995 0.120773315429688
0.0127067565917969 -0.029205322265625 -0.030029296875 0.0858840942382813
0.0365982055664062 -0.0193939208984375 -0.031341552734375 0.0455894470214844
0.0375823974609375 -0.0128326416015625 0.0387802124023437 0.0290870666503906
0.0318832397460938 -0.00656890869140625 0.117767333984375 0.110877990722656
-0.00926589965820313 -0.0181770324707031 0.0832138061523437 -0.067108154296875
0.00342941284179687 -0.0222892761230469 0.12115478515625 -0.0265884399414063
0.000318527221679686 -0.0311527252197266 0.111785888671875 -0.0172195434570313
-0.0152139663696289 -0.0174722671508789 0.103004455566406 -0.0230560302734375
-0.0222702026367188 0.00949859619140625 0.0695533752441406 -0.0238037109375
-0.00128364562988281 0.03009033203125 0.0543060302734375 -0.00673294067382812
0.0243549346923828 0.0264205932617188 0.04876708984375 0.0208549499511719
0.0261573791503906 0.021759033203125 0.0513153076171875 0.05096435546875
0.0292587280273437 0.0197601318359375 0.0514678955078125 0.0912628173828125
0.0172595977783203 0.0221214294433594 0.019439697265625 0.122718811035156
0.00480175018310547 0.0139589309692383 -0.010894775390625 0.116775512695313
0.00286984443664551 -0.000633001327514648 -0.0368576049804688 0.0835952758789063
0.0119895935058594 0.000998497009277344 -0.0389022827148438 0.0434074401855469
-0.000364780426025391 0.00186288356781006 0.0322303771972656 0.0294075012207031
-0.0123624801635742 -0.00228118896484375 0.117904663085938 0.108787536621094
0.0852508544921875 0.0185928344726563 -0.09393310546875 -0.0967636108398438
0.0409317016601563 -0.0240707397460938 -0.00635910034179687 -0.0412788391113281
0.0227584838867187 -0.02655029296875 0.0591850280761719 -0.0451927185058594
0.0131416320800781 -0.0366935729980469 0.0642318725585938 -0.089080810546875
-0.0030517578125 -0.0419845581054688 0.03826904296875 -0.106529235839844
-0.0335540771484375 -0.05035400390625 -0.00708007812499999 -0.116325378417969
-0.0560150146484375 -0.0426025390625 -0.0400772094726562 -0.0898666381835937
-0.0500068664550781 -0.0426673889160156 -0.0366172790527344 -0.0465812683105469
-0.0491867065429688 -0.0567779541015625 -0.0388832092285156 -0.00638198852539063
-0.0155677795410156 -0.0684700012207031 -0.0562095642089844 0.0201148986816406
0.0257034301757813 -0.0555610656738281 -0.0719528198242188 0.041412353515625
0.0459365844726563 -0.0242424011230469 -0.0893936157226563 0.0309677124023437
0.0444526672363281 0.0182685852050781 -0.113006591796875 0.020599365234375
0.0433807373046875 0.0258636474609375 -0.112030029296875 0.0382156372070313
0.0583152770996094 0.0364532470703125 -0.0765228271484375 0.0756607055664063
0.118621826171875 0.0192947387695312 -0.05584716796875 -0.0888519287109375
0.0749435424804688 -0.0256423950195313 0.0309982299804688 -0.0388565063476563
0.0551681518554687 -0.034576416015625 0.0858154296875 -0.0454788208007813
0.0358009338378906 -0.0514602661132813 0.0870361328125 -0.0868301391601563
0.0112495422363281 -0.0592880249023438 0.0577392578125 -0.0993881225585938
-0.028045654296875 -0.0724258422851563 0.0156707763671875 -0.104927062988281
-0.0576515197753906 -0.0646934509277344 -0.01446533203125 -0.07659912109375
-0.0537452697753906 -0.0632438659667969 -0.0125370025634766 -0.0298709869384766
-0.0565643310546875 -0.0789108276367188 -0.0144939422607422 0.0144634246826172
-0.0228042602539063 -0.0933151245117188 -0.0399398803710937 0.0454444885253906
0.029541015625 -0.084869384765625 -0.0588340759277344 0.0660820007324219
0.0605354309082031 -0.0530776977539063 -0.0774459838867188 0.049591064453125
0.0753860473632813 0.00495147705078125 -0.09259033203125 0.0391921997070313
0.0784378051757813 0.0176010131835938 -0.0789337158203125 0.0537109375
0.0907821655273438 0.0312652587890625 -0.0423202514648438 0.0962371826171875
0.136337280273437 0.0208969116210937 -0.0114059448242187 -0.0765533447265625
0.09942626953125 -0.0198287963867188 0.074066162109375 -0.0289230346679688
0.0853652954101562 -0.0360336303710938 0.116600036621094 -0.0390243530273438
0.0594482421875 -0.0604515075683594 0.112655639648438 -0.081756591796875
0.0265655517578125 -0.0704116821289063 0.0749740600585938 -0.089447021484375
-0.0175247192382813 -0.086669921875 0.0350799560546875 -0.0887527465820312
-0.0506668090820313 -0.077880859375 0.0104141235351562 -0.0568466186523438
-0.0497665405273438 -0.0737838745117187 0.0131759643554687 -0.00985717773437501
-0.0568008422851563 -0.0875091552734375 0.0146827697753906 0.037353515625
-0.0295181274414063 -0.1015625 -0.0166168212890625 0.0741958618164063
0.0237197875976563 -0.099609375 -0.0405120849609375 0.092376708984375
0.0591812133789063 -0.0758590698242188 -0.06341552734375 0.0697822570800781
0.0905990600585938 -0.0164718627929688 -0.0740127563476563 0.0545730590820312
0.0994186401367188 0.00101470947265625 -0.0443305969238281 0.0622825622558594
0.108291625976562 0.01904296875 -0.000885009765625005 0.112167358398438
0.133148193359375 0.020599365234375 0.0334358215332031 -0.0629806518554688
0.109092712402344 -0.0111846923828125 0.113677978515625 -0.0157394409179688
0.104103088378906 -0.0325469970703125 0.142105102539063 -0.028564453125
0.0764541625976562 -0.0648117065429688 0.131675720214844 -0.07110595703125
0.0383529663085938 -0.0742111206054688 0.0869903564453125 -0.074432373046875
-0.0048828125 -0.0898971557617188 0.0487937927246094 -0.0663414001464844
-0.0366287231445313 -0.0788192749023437 0.0325202941894531 -0.0319728851318359
-0.0374679565429687 -0.07171630859375 0.036956787109375 0.0129165649414062
-0.0473175048828125 -0.082489013671875 0.0419120788574219 0.05908203125
-0.029388427734375 -0.092681884765625 0.00874328613281251 0.0980148315429687
0.0140304565429687 -0.0970993041992188 -0.018096923828125 0.112266540527344
0.0466766357421875 -0.0844802856445313 -0.0469741821289063 0.085540771484375
0.0894546508789062 -0.0357208251953125 -0.054779052734375 0.0623435974121094
0.103347778320312 -0.016754150390625 -0.0108489990234375 0.0597801208496094
0.110710144042969 0.00577545166015625 0.0427093505859375 0.119758605957031
0.111541748046875 0.0145263671875 0.0704421997070313 -0.0509414672851563
0.0997161865234375 -0.00560760498046875 0.142791748046875 -0.0059661865234375
0.103668212890625 -0.0280838012695313 0.155014038085938 -0.0177154541015625
0.0785064697265625 -0.05926513671875 0.138664245605469 -0.0550994873046875
0.0398712158203125 -0.0666618347167969 0.0895614624023437 -0.0549468994140625
0.00287628173828125 -0.0769729614257813 0.058502197265625 -0.0405960083007813
-0.0194778442382813 -0.0670547485351563 0.0474357604980469 -0.00660324096679688
-0.0208854675292969 -0.0592536926269531 0.0545806884765625 0.0328483581542969
-0.0284385681152344 -0.0662689208984375 0.0626220703125 0.0752182006835938
-0.0209121704101562 -0.0707931518554687 0.0298614501953125 0.115188598632813
0.00888824462890625 -0.0780181884765625 -0.000885009765625001 0.12335205078125
0.0340576171875 -0.0766067504882813 -0.034027099609375 0.0931243896484375
0.0773239135742188 -0.0414810180664063 -0.0398292541503906 0.0619544982910156
0.09222412109375 -0.0243148803710938 0.0174179077148438 0.0489540100097656
0.0966796875 -0.00226593017578125 0.0824508666992188 0.121902465820313
0.0745697021484375 0.003753662109375 0.0932998657226563 -0.0454177856445313
0.0731964111328125 -0.0055694580078125 0.155059814453125 -0.00347900390625
0.0809402465820313 -0.0257797241210938 0.153762817382812 -0.0126190185546875
0.0597686767578125 -0.0472488403320313 0.134620666503906 -0.0399703979492188
0.0269584655761719 -0.0465965270996094 0.0855865478515625 -0.037841796875
0.0069427490234375 -0.0489616394042969 0.0608673095703125 -0.019134521484375
-0.00080490112304688 -0.0414314270019531 0.0561294555664062 0.0138435363769531
-0.00121307373046875 -0.0371208190917969 0.06402587890625 0.0466690063476563
-0.00429153442382812 -0.0415153503417969 0.0718231201171875 0.0872726440429687
-0.00401687622070313 -0.0407981872558594 0.039642333984375 0.12506103515625
0.0112342834472656 -0.0475120544433594 0.00765228271484375 0.127494812011719
0.0246734619140625 -0.0522994995117188 -0.0267715454101563 0.0934219360351563
0.0589714050292969 -0.0317001342773438 -0.0307273864746094 0.0557403564453125
0.0673675537109375 -0.0194435119628906 0.0362396240234375 0.0380592346191406
0.0665702819824219 -0.00252532958984375 0.1124267578125 0.122123718261719
0.0283355712890625 -0.00800514221191406 0.0988845825195313 -0.0485916137695313
0.0368728637695313 -0.011688232421875 0.150238037109375 -0.0081787109375
0.0413131713867188 -0.0261993408203125 0.139671325683594 -0.0125961303710938
0.0243587493896484 -0.0305557250976563 0.123153686523438 -0.0289688110351563
0.00496578216552734 -0.017094612121582 0.0783615112304687 -0.0264663696289062
0.00698280334472656 -0.00818872451782227 0.0590553283691406 -0.00661087036132813
0.0172739028930664 -0.00883865356445313 0.0568008422851563 0.0251579284667969
0.0196914672851563 -0.00754928588867188 0.0625381469726563 0.0542335510253906
0.0208206176757813 -0.0115089416503906 0.0683059692382813 0.0934066772460938
0.0150651931762695 -0.00745964050292969 0.03631591796875 0.128021240234375
0.0135631561279297 -0.0117225646972656 0.00362396240234376 0.124923706054687
0.0167236328125 -0.0214939117431641 -0.0284805297851563 0.09033203125
0.0354423522949219 -0.0106773376464844 -0.0298194885253906 0.0492782592773438
0.0324611663818359 -0.00454330444335938 0.0433464050292969 0.0333900451660156
0.0243282318115234 -1.9073486328125E-05 0.127227783203125 0.121452331542969
-0.0187282562255859 -0.0165233612060547 0.089080810546875 -0.06231689453125
-0.00467014312744141 -0.0172796249389648 0.130393981933594 -0.0228347778320313
-0.00659370422363281 -0.0240459442138672 0.12078857421875 -0.017791748046875
-0.0179309844970703 -0.00886726379394532 0.109619140625 -0.0260086059570313
-0.0188522338867188 0.0171699523925781 0.0710983276367188 -0.0268096923828125
0.007049560546875 0.0351524353027344 0.0535507202148438 -0.00835037231445312
0.0349559783935547 0.0271968841552734 0.0479507446289063 0.0230789184570312
0.0366325378417969 0.0215682983398438 0.0512275695800781 0.0538711547851563
0.0408210754394531 0.0200691223144531 0.0525283813476562 0.094482421875
0.0278377532958984 0.0244922637939453 0.02215576171875 0.126785278320313
0.0129642486572266 0.0209274291992188 -0.009124755859375 0.120361328125
0.00571298599243164 0.00777864456176758 -0.0369338989257813 0.0877227783203125
0.00854873657226563 0.0100069046020508 -0.0397872924804688 0.0474510192871094
-0.00940704345703125 0.0105705261230469 0.0335502624511719 0.0356864929199219
-0.0226917266845703 0.00283241271972657 0.122817993164063 0.120277404785156
0.10260009765625 0.0125274658203125 -0.100303649902344 -0.111091613769531
0.0477561950683594 -0.0358238220214844 -0.00764083862304687 -0.0517616271972656
0.0240440368652344 -0.0384788513183594 0.0612449645996094 -0.0530509948730469
0.00809478759765625 -0.0483512878417969 0.0667343139648438 -0.0961990356445313
-0.0118789672851562 -0.0492057800292969 0.0409088134765625 -0.113365173339844
-0.04815673828125 -0.0520095825195312 -0.006744384765625 -0.123931884765625
-0.0693778991699219 -0.0406951904296875 -0.0399169921875 -0.0961227416992188
-0.0626335144042969 -0.0432319641113281 -0.036224365234375 -0.0513191223144531
-0.0641021728515625 -0.0586662292480469 -0.0360832214355469 -0.00815200805664063
-0.0280685424804688 -0.0756378173828125 -0.0535545349121094 0.022369384765625
0.0210037231445312 -0.0688514709472656 -0.0709304809570313 0.0469970703125
0.0484848022460938 -0.0372772216796875 -0.0939254760742187 0.0363922119140625
0.056884765625 0.010986328125 -0.122367858886719 0.0248260498046875
0.059417724609375 0.0224647521972656 -0.121566772460938 0.0389785766601562
0.0762252807617188 0.0366897583007813 -0.0806350708007812 0.0751876831054688
0.135833740234375 0.0167007446289063 -0.0561904907226562 -0.103233337402344
0.0830078125 -0.0338287353515625 0.0352630615234375 -0.0501365661621094
0.0578956604003906 -0.0446319580078125 0.09222412109375 -0.053314208984375
0.0333595275878906 -0.0616111755371094 0.0938034057617188 -0.0963058471679688
0.00482559204101563 -0.0660133361816406 0.0644989013671875 -0.1080322265625
-0.0399932861328125 -0.0755767822265625 0.020751953125 -0.114707946777344
-0.0688400268554688 -0.0651931762695313 -0.00993347167968751 -0.084503173828125
-0.0644950866699219 -0.0649452209472656 -0.00699996948242188 -0.0363349914550781
-0.0696640014648438 -0.0828704833984375 -0.00617313385009766 0.011256217956543
-0.032806396484375 -0.102180480957031 -0.0331268310546875 0.0486335754394531
0.0269622802734375 -0.0985946655273438 -0.0542678833007812 0.07318115234375
0.0661582946777344 -0.0662612915039063 -0.0782089233398438 0.0561981201171875
0.0908966064453125 -0.00148773193359375 -0.0979156494140625 0.0445938110351563
0.0962982177734375 0.01568603515625 -0.08349609375 0.05548095703125
0.109130859375 0.033233642578125 -0.0395965576171875 0.0976104736328125
0.151947021484375 0.0224761962890625 -0.00476837158203124 -0.0897293090820313
0.107955932617188 -0.0232925415039063 0.0835952758789063 -0.0400619506835938
0.0900497436523438 -0.0419540405273438 0.126968383789062 -0.0472030639648437
0.0608863830566406 -0.0679817199707031 0.122795104980469 -0.0911712646484375
0.023956298828125 -0.0763626098632813 0.0845260620117188 -0.0985641479492188
-0.024017333984375 -0.091156005859375 0.0438613891601563 -0.0992507934570313
-0.0580596923828125 -0.0804977416992188 0.0181427001953125 -0.0649452209472656
-0.0570831298828125 -0.0775527954101563 0.0223197937011719 -0.0164794921875
-0.0657730102539063 -0.09295654296875 0.0259685516357422 0.0344581604003906
-0.0362014770507813 -0.110755920410156 -0.00588226318359376 0.0779037475585938
0.023406982421875 -0.112586975097656 -0.0317840576171875 0.099578857421875
0.0653533935546875 -0.0867996215820313 -0.0607070922851562 0.0774002075195313
0.105003356933594 -0.0220413208007813 -0.074432373046875 0.0605239868164063
0.115776062011719 0.00084686279296875 -0.042938232421875 0.063507080078125
0.1248779296875 0.0242156982421875 0.0086212158203125 0.114845275878906
0.143997192382813 0.024993896484375 0.04541015625 -0.0730056762695313
0.116363525390625 -0.009857177734375 0.128311157226562 -0.0254974365234375
0.110092163085938 -0.0341033935546875 0.15570068359375 -0.0363311767578125
0.0807037353515625 -0.0682449340820313 0.144073486328125 -0.0803680419921875
0.0402145385742188 -0.0780029296875 0.0967483520507813 -0.0839385986328125
-0.00653076171874999 -0.0947113037109375 0.059539794921875 -0.075927734375
-0.0395584106445312 -0.0840835571289063 0.0417251586914062 -0.0396270751953125
-0.0406494140625 -0.0773086547851563 0.047515869140625 0.00667190551757812
-0.0509490966796875 -0.0889892578125 0.0564041137695313 0.0560264587402344
-0.03155517578125 -0.10064697265625 0.021484375 0.102409362792969
0.0167007446289063 -0.106338500976563 -0.00767517089843751 0.11968994140625
0.05352783203125 -0.092803955078125 -0.0413284301757813 0.0930938720703125
0.102188110351563 -0.038177490234375 -0.0521583557128906 0.0691032409667969
0.116645812988281 -0.0142059326171875 -0.00572967529296874 0.0613861083984375
0.123481750488281 0.0129241943359375 0.0580291748046875 0.125350952148438
0.116928100585938 0.021728515625 0.0852584838867188 -0.0569229125976563
0.104721069335938 0.00112152099609375 0.16021728515625 -0.011932373046875
0.110092163085938 -0.0251388549804688 0.171310424804687 -0.0248565673828125
0.0849990844726562 -0.0596389770507812 0.153717041015625 -0.0642547607421875
0.0450630187988281 -0.06787109375 0.100944519042969 -0.0629119873046875
0.0068511962890625 -0.0814361572265625 0.0670166015625 -0.0491943359375
-0.0167388916015625 -0.0721817016601563 0.0575675964355469 -0.0128326416015625
-0.0179634094238281 -0.0648460388183594 0.0655326843261719 0.0281867980957031
-0.0269088745117188 -0.0721435546875 0.076629638671875 0.0741119384765625
-0.0180892944335938 -0.077392578125 0.0449905395507813 0.119552612304688
0.014495849609375 -0.0824050903320313 0.011138916015625 0.130416870117188
0.04058837890625 -0.0791473388671875 -0.0271530151367188 0.100059509277344
0.0862808227539063 -0.0396347045898438 -0.0354347229003906 0.0669898986816406
0.0992584228515625 -0.0198822021484375 0.0256614685058594 0.050750732421875
0.102516174316406 0.0050048828125 0.100227355957031 0.129119873046875
0.0734634399414063 0.0127487182617188 0.108360290527344 -0.0478973388671875
0.07501220703125 0.00302886962890625 0.17413330078125 -0.0052032470703125
0.0849838256835938 -0.0193252563476563 0.170562744140625 -0.0169219970703125
0.0658836364746094 -0.0440750122070313 0.148529052734375 -0.0478973388671875
0.0346298217773438 -0.0443115234375 0.094024658203125 -0.0442581176757812
0.0144767761230469 -0.0516548156738281 0.0680961608886719 -0.0248069763183594
0.00667190551757812 -0.0476264953613281 0.064208984375 0.0106124877929687
0.00719451904296875 -0.0416183471679688 0.0730972290039063 0.0449600219726563
0.00334930419921875 -0.0467681884765625 0.0849227905273438 0.0873870849609375
0.00458908081054687 -0.0444297790527344 0.05322265625 0.129386901855469
0.0190010070800781 -0.0472068786621094 0.0180435180664063 0.133506774902344
0.0309638977050781 -0.0498733520507813 -0.02020263671875 0.100563049316406
0.063385009765625 -0.0250663757324219 -0.0259132385253906 0.0610504150390625
0.0682029724121094 -0.0108642578125 0.0449333190917969 0.0403900146484375
0.0656318664550781 0.00536346435546875 0.131141662597656 0.131149291992188
0.0216732025146484 -0.000772476196289063 0.113059997558594 -0.0482864379882813
0.0322799682617188 -0.00263023376464844 0.16815185546875 -0.0089263916015625
0.0401763916015625 -0.0176887512207031 0.155044555664063 -0.0168304443359375
0.0282096862792969 -0.0233974456787109 0.134750366210938 -0.0359573364257813
0.0131969451904297 -0.0111770629882813 0.0841445922851563 -0.0322036743164063
0.0178871154785156 -0.00801849365234375 0.0627021789550781 -0.0107955932617188
0.0289554595947266 -0.0127754211425781 0.0618667602539062 0.0247573852539062
0.0305328369140625 -0.0116691589355469 0.0688552856445313 0.0547676086425781
0.0329341888427734 -0.0155315399169922 0.077117919921875 0.09576416015625
0.026763916015625 -0.00832748413085938 0.0469894409179687 0.134101867675781
0.0236682891845703 -0.0082855224609375 0.0117950439453125 0.1309814453125
0.0232105255126953 -0.0140247344970703 -0.0228500366210937 0.0970611572265625
0.0361976623535156 -0.00042724609375 -0.026947021484375 0.05621337890625
0.0277957916259766 0.00632667541503906 0.0506401062011719 0.03778076171875
0.0178012847900391 0.00889205932617188 0.14398193359375 0.132919311523437
-0.0320796966552734 -0.0123538970947266 0.0981979370117188 -0.0599441528320313
-0.0143241882324219 -0.0110006332397461 0.144622802734375 -0.021728515625
-0.0137701034545898 -0.014988899230957 0.133132934570313 -0.0211181640625
-0.0178565979003906 0.001617431640625 0.118446350097656 -0.0339508056640625
-0.0140914916992187 0.0267372131347656 0.0735321044921875 -0.0327682495117188
0.0190582275390625 0.0398750305175781 0.0537986755371094 -0.0109939575195312
0.048004150390625 0.0250701904296875 0.0490036010742188 0.0248641967773438
0.0494651794433594 0.0192718505859375 0.0533485412597656 0.0567474365234375
0.0556144714355469 0.0167655944824219 0.0571136474609375 0.0991287231445313
0.0417289733886719 0.02520751953125 0.027191162109375 0.132553100585938
0.0238323211669922 0.0274524688720703 -0.00644683837890624 0.126937866210938
0.0127029418945313 0.0178070068359375 -0.0358428955078125 0.0947647094726562
0.00765800476074219 0.0218315124511719 -0.0401840209960937 0.0548095703125
-0.0170764923095703 0.0229778289794922 0.0382194519042969 0.04205322265625
-0.0345802307128906 0.0111351013183594 0.136009216308594 0.133583068847656
0.121986389160156 -0.00052642822265625 -0.114021301269531 -0.124122619628906
0.0532073974609375 -0.051971435546875 -0.0128440856933594 -0.0633811950683594
0.0218315124511719 -0.0540542602539063 0.0615005493164063 -0.0625953674316406
-0.0025634765625 -0.0595970153808594 0.0656204223632813 -0.106430053710937
-0.0251350402832031 -0.0547561645507813 0.0398483276367188 -0.123420715332031
-0.0666465759277344 -0.0499763488769531 -0.010040283203125 -0.133705139160156
-0.0860671997070313 -0.0342941284179687 -0.043609619140625 -0.103630065917969
-0.0776748657226563 -0.0373992919921875 -0.0367202758789062 -0.0575981140136719
-0.0824050903320313 -0.0546798706054688 -0.0327301025390625 -0.0118999481201172
-0.04571533203125 -0.0802841186523438 -0.050506591796875 0.0253028869628906
0.0102081298828125 -0.0821380615234375 -0.0676498413085938 0.0550155639648437
0.0476531982421875 -0.0533447265625 -0.0968246459960938 0.045440673828125
0.0692710876464844 -0.00189971923828125 -0.131690979003906 0.0341033935546875
0.0775833129882813 0.0111923217773437 -0.1334228515625 0.04425048828125
0.0980072021484375 0.0305023193359375 -0.0840606689453125 0.0771484375
0.156326293945313 0.0057525634765625 -0.0615921020507813 -0.119842529296875
0.0904541015625 -0.0483474731445313 0.0363197326660156 -0.0647087097167969
0.0577659606933594 -0.0587730407714844 0.0967788696289062 -0.0663528442382813
0.025848388671875 -0.0734634399414063 0.0969161987304688 -0.109298706054688
-0.0062255859375 -0.0726165771484375 0.0671310424804688 -0.120613098144531
-0.0560302734375 -0.0759963989257813 0.0210418701171875 -0.127418518066406
-0.0840835571289063 -0.0614547729492188 -0.00827789306640626 -0.0953903198242188
-0.0787811279296875 -0.06329345703125 -0.00327301025390626 -0.04547119140625
-0.0870208740234375 -0.0814285278320313 0.00102567672729492 0.0048990249633789
-0.04925537109375 -0.109420776367187 -0.0237960815429688 0.0504570007324219
0.0183029174804687 -0.114402770996094 -0.0454177856445312 0.079833984375
0.06793212890625 -0.08538818359375 -0.0761032104492188 0.0645904541015625
0.10638427734375 -0.0146484375 -0.101539611816406 0.0531005859375
0.117584228515625 0.0068511962890625 -0.0879058837890625 0.0592041015625
0.132255554199219 0.0302047729492187 -0.0341415405273437 0.0979690551757813
0.170623779296875 0.01666259765625 -0.00204467773437499 -0.107856750488281
0.117073059082031 -0.0327987670898438 0.0918350219726563 -0.0565414428710938
0.0936126708984375 -0.0528945922851562 0.136268615722656 -0.0622482299804688
0.0583419799804688 -0.0785293579101563 0.130546569824219 -0.106964111328125
0.0187911987304688 -0.0828704833984375 0.0899810791015625 -0.11358642578125
-0.035369873046875 -0.0942001342773438 0.0480422973632812 -0.114250183105469
-0.0693817138671875 -0.08160400390625 0.0240859985351563 -0.0782928466796875
-0.0677947998046875 -0.0788497924804688 0.0302295684814453 -0.027313232421875
-0.0794677734375 -0.0950698852539062 0.0386848449707031 0.0266647338867187
-0.048919677734375 -0.11883544921875 0.00867462158203125 0.0781173706054687
0.017486572265625 -0.127967834472656 -0.018768310546875 0.10589599609375
0.0683059692382813 -0.104316711425781 -0.0532989501953125 0.0851058959960937
0.12139892578125 -0.0330429077148438 -0.0716552734375 0.0690765380859375
0.135635375976562 -0.00606536865234375 -0.0396575927734375 0.0656700134277344
0.146713256835938 0.0231475830078125 0.02203369140625 0.115760803222656
0.160247802734375 0.025299072265625 0.0553741455078125 -0.090728759765625
0.126541137695313 -0.0123672485351563 0.142776489257813 -0.0414581298828125
0.117469787597656 -0.0399093627929688 0.169998168945313 -0.05224609375
0.0842514038085937 -0.0766448974609375 0.156143188476563 -0.098541259765625
0.0403671264648437 -0.0845184326171875 0.104972839355469 -0.0990524291992188
-0.0123062133789062 -0.100044250488281 0.0663070678710938 -0.091033935546875
-0.0455245971679688 -0.0883636474609375 0.0503349304199219 -0.0529670715332031
-0.0458984375 -0.0814895629882812 0.0587310791015625 -0.00439834594726563
-0.0585098266601562 -0.0945358276367188 0.0719146728515625 0.0474853515625
-0.038665771484375 -0.108818054199219 0.04132080078125 0.1019287109375
0.0150070190429688 -0.118560791015625 0.00901031494140625 0.125877380371094
0.0574417114257813 -0.106063842773438 -0.0312423706054688 0.100776672363281
0.115486145019531 -0.0462799072265625 -0.0461196899414062 0.07598876953125
0.132400512695313 -0.0182647705078125 0.00399780273437501 0.0608024597167969
0.139892578125 0.014404296875 0.0789337158203125 0.125785827636719
0.126991271972656 0.0266571044921875 0.100303649902344 -0.0710296630859375
0.112335205078125 0.00429534912109375 0.180068969726563 -0.0266265869140625
0.118919372558594 -0.0253372192382813 0.188385009765625 -0.0392608642578125
0.092254638671875 -0.06353759765625 0.167221069335938 -0.082061767578125
0.050079345703125 -0.0725936889648438 0.108894348144531 -0.0778732299804688
0.00837707519531249 -0.0879974365234375 0.0757827758789063 -0.063140869140625
-0.0164413452148437 -0.0801315307617187 0.0677566528320312 -0.0234107971191406
-0.0170135498046875 -0.071746826171875 0.0771865844726563 0.0186538696289062
-0.0268402099609375 -0.0805282592773438 0.09381103515625 0.0669708251953125
-0.0177383422851562 -0.083984375 0.0649261474609375 0.11871337890625
0.0187149047851563 -0.0903549194335938 0.0286712646484375 0.135147094726563
0.0464019775390625 -0.0854949951171875 -0.0140228271484375 0.106437683105469
0.0957412719726563 -0.0416946411132812 -0.0265731811523438 0.0735015869140625
0.109024047851563 -0.0183944702148438 0.0372123718261719 0.0495567321777344
0.112579345703125 0.0106735229492188 0.1265869140625 0.130622863769531
0.0753936767578125 0.0207061767578125 0.126365661621094 -0.0570831298828125
0.0783157348632813 0.0113983154296875 0.1956787109375 -0.0167694091796875
0.0915603637695313 -0.0130767822265625 0.188858032226563 -0.030487060546875
0.0753326416015625 -0.0428848266601563 0.162200927734375 -0.064056396484375
0.0436668395996094 -0.0451889038085938 0.101875305175781 -0.0568008422851563
0.0230178833007812 -0.0568046569824219 0.074798583984375 -0.0354843139648438
0.0132026672363281 -0.0561866760253906 0.0737838745117188 0.00348663330078125
0.0142402648925781 -0.0498847961425781 0.084564208984375 0.0393524169921875
0.0107002258300781 -0.0565376281738281 0.100486755371094 0.0826034545898438
0.0118484497070312 -0.0505828857421875 0.0724868774414063 0.128791809082031
0.0291976928710938 -0.0499343872070313 0.0342483520507813 0.137458801269531
0.0399017333984375 -0.0494613647460938 -0.00878906249999999 0.106246948242187
0.0700569152832031 -0.0198249816894531 -0.0172080993652344 0.0662040710449219
0.0721054077148438 -0.00286102294921875 0.0577354431152344 0.0407257080078125
0.0676956176757813 0.0153465270996094 0.159194946289063 0.134323120117188
0.0140542984008789 0.00887489318847656 0.129669189453125 -0.0536270141601563
0.0295391082763672 0.00768470764160156 0.18853759765625 -0.0169677734375
0.0410881042480469 -0.00736236572265625 0.172500610351563 -0.028533935546875
0.0349655151367188 -0.0159664154052734 0.145751953125 -0.050537109375
0.0225944519042969 -0.00679588317871094 0.088043212890625 -0.0427474975585938
0.0308723449707031 -0.0100860595703125 0.0668525695800781 -0.0166854858398438
0.0409049987792969 -0.0201301574707031 0.0680694580078125 0.0216636657714844
0.0432586669921875 -0.0206260681152344 0.0772018432617188 0.0531158447265625
0.0460929870605469 -0.0256195068359375 0.0905380249023438 0.094940185546875
0.0410041809082031 -0.0147895812988281 0.0618362426757813 0.134498596191406
0.0384559631347656 -0.00675201416015625 0.024200439453125 0.135246276855469
0.0344142913818359 -0.00780105590820313 -0.0139999389648437 0.104049682617188
0.0406379699707031 0.0111122131347656 -0.0210800170898438 0.0624847412109375
0.0264968872070313 0.0204830169677734 0.0620002746582031 0.039794921875
0.0123271942138672 0.0213508605957031 0.170333862304688 0.139068603515625
-0.0458030700683594 -0.00319290161132813 0.109375 -0.06207275390625
-0.0236396789550781 -8.20159912109349E-05 0.161407470703125 -0.0261993408203125
-0.0185070037841797 -0.00210380554199219 0.146682739257813 -0.0317840576171875
-0.0149726867675781 0.0149879455566406 0.12640380859375 -0.046417236328125
-0.00408554077148437 0.0363807678222656 0.0738449096679688 -0.0415573120117188
0.0354118347167969 0.041534423828125 0.0528030395507813 -0.0140304565429688
0.0642204284667969 0.0192031860351563 0.0518341064453125 0.0261039733886719
0.0659255981445313 0.0127182006835938 0.0584297180175781 0.0589065551757813
0.0726776123046875 0.00833892822265625 0.0649642944335937 0.1024169921875
0.0597572326660156 0.0212669372558594 0.0372314453125 0.136550903320313
0.0394172668457031 0.0314216613769531 0.00175476074218752 0.13275146484375
0.0238609313964844 0.0274677276611328 -0.0303115844726562 0.103019714355469
0.00887298583984375 0.0372161865234375 -0.0363311767578125 0.0632095336914062
-0.0231132507324219 0.0406494140625 0.0462722778320313 0.0483665466308594
-0.0461158752441406 0.025360107421875 0.157089233398438 0.143539428710938
0.138801574707031 -0.025054931640625 -0.132652282714844 -0.133773803710938
0.0520248413085938 -0.072845458984375 -0.02294921875 -0.0737457275390625
0.0127182006835937 -0.0711822509765625 0.0575790405273438 -0.073028564453125
-0.0186729431152344 -0.0699729919433594 0.0607528686523437 -0.116111755371094
-0.0425643920898438 -0.0559158325195312 0.0361480712890625 -0.13189697265625
-0.085968017578125 -0.0391845703125 -0.016571044921875 -0.140426635742188
-0.101951599121094 -0.0206832885742187 -0.0487823486328125 -0.108131408691406
-0.0930633544921875 -0.02630615234375 -0.039459228515625 -0.0624542236328125
-0.101821899414063 -0.0424346923828125 -0.0311145782470703 -0.0166587829589844
-0.06658935546875 -0.078948974609375 -0.0444564819335938 0.0267333984375
-0.00734710693359376 -0.0937118530273438 -0.0611839294433594 0.0607070922851562
0.0400009155273438 -0.070892333984375 -0.0965805053710938 0.055267333984375
0.0771865844726562 -0.0216827392578125 -0.137069702148438 0.0471954345703125
0.0925979614257813 -0.0066375732421875 -0.143081665039063 0.053253173828125
0.120376586914063 0.0136337280273437 -0.0860977172851563 0.0800094604492188
0.175384521484375 -0.013824462890625 -0.073028564453125 -0.136344909667969
0.091644287109375 -0.0675811767578125 0.0320358276367188 -0.081939697265625
0.05206298828125 -0.0738296508789062 0.0963363647460938 -0.080902099609375
0.0125198364257813 -0.0825576782226562 0.0961837768554688 -0.124099731445313
-0.0206298828125 -0.0745697021484375 0.066162109375 -0.135284423828125
-0.0735626220703125 -0.069488525390625 0.0186538696289062 -0.139968872070313
-0.09967041015625 -0.0517654418945312 -0.00995635986328125 -0.1063232421875
-0.0933609008789062 -0.055694580078125 -0.001373291015625 -0.0567207336425781
-0.1065673828125 -0.073699951171875 0.00867080688476562 -0.0053086280822754
-0.0701675415039062 -0.110549926757813 -0.011962890625 0.0476493835449219
0.0021514892578125 -0.128425598144531 -0.0333251953125 0.083343505859375
0.0615005493164063 -0.104995727539063 -0.0697708129882812 0.0723876953125
0.119117736816406 -0.0358734130859375 -0.100227355957031 0.0627365112304688
0.136009216308594 -0.0102691650390625 -0.0892181396484375 0.0638656616210937
0.156585693359375 0.0162811279296875 -0.0277633666992187 0.0965499877929688
0.189361572265625 0.00299072265625 -0.00405883789062498 -0.128097534179688
0.122459411621094 -0.04656982421875 0.094207763671875 -0.0785675048828125
0.0924072265625 -0.0663528442382813 0.140068054199219 -0.0816421508789063
0.0514755249023437 -0.0889968872070313 0.132080078125 -0.127166748046875
0.00930786132812499 -0.087738037109375 0.0908889770507813 -0.13092041015625
-0.0481643676757813 -0.0933074951171875 0.0487213134765625 -0.130973815917969
-0.081146240234375 -0.07763671875 0.0255584716796875 -0.09375
-0.07891845703125 -0.0761566162109375 0.0359611511230469 -0.0430717468261719
-0.09539794921875 -0.0916290283203125 0.0496406555175781 0.012115478515625
-0.0658721923828125 -0.122116088867188 0.025604248046875 0.0728530883789062
0.00604248046875001 -0.141799926757813 -0.0005645751953125 0.106315612792969
0.0647659301757812 -0.123489379882813 -0.0418853759765625 0.0909805297851562
0.134086608886719 -0.0506820678710937 -0.0646209716796875 0.0764007568359375
0.154205322265625 -0.0203399658203125 -0.0343894958496094 0.0663299560546875
0.169082641601563 0.01361083984375 0.0381317138671875 0.109962463378906
0.176223754882813 0.0196685791015625 0.0619735717773438 -0.11328125
0.134750366210938 -0.018768310546875 0.152603149414063 -0.0664215087890625
0.122650146484375 -0.0484542846679687 0.178421020507812 -0.0745391845703125
0.0839691162109375 -0.085205078125 0.16033935546875 -0.120590209960938
0.0371170043945312 -0.0902099609375 0.108467102050781 -0.118980407714844
-0.0196762084960937 -0.104263305664063 0.069122314453125 -0.1109619140625
-0.0535125732421875 -0.0901641845703125 0.0547256469726563 -0.0697288513183594
-0.0530242919921875 -0.0831832885742188 0.0667991638183594 -0.0203018188476563
-0.069427490234375 -0.097259521484375 0.087799072265625 0.0308990478515625
-0.0482177734375 -0.114860534667969 0.061004638671875 0.0937118530273437
0.00827789306640624 -0.131057739257813 0.0303421020507812 0.122589111328125
0.0561676025390625 -0.121131896972656 -0.0156478881835938 0.103782653808594
0.125778198242188 -0.0578079223632813 -0.03515625 0.0811996459960938
0.146759033203125 -0.0276947021484375 0.0131416320800781 0.0575332641601563
0.158523559570313 0.01068115234375 0.101882934570313 0.117134094238281
0.138168334960938 0.0300216674804688 0.112030029296875 -0.0930557250976562
0.120903015136719 0.0055999755859375 0.196319580078125 -0.048980712890625
0.127693176269531 -0.0273513793945313 0.2012939453125 -0.06170654296875
0.0983428955078125 -0.0701828002929688 0.174972534179688 -0.106292724609375
0.0543670654296875 -0.0790481567382813 0.113044738769531 -0.0968780517578125
0.00806427001953124 -0.0957794189453125 0.0793914794921875 -0.0795059204101563
-0.0189743041992188 -0.087646484375 0.0743026733398438 -0.0395126342773438
-0.0188446044921875 -0.0791168212890625 0.0869903564453125 0.00407409667968749
-0.0293121337890625 -0.0885696411132813 0.109825134277344 0.05133056640625
-0.0202865600585938 -0.0911331176757813 0.08624267578125 0.110076904296875
0.02056884765625 -0.0991592407226563 0.0491409301757813 0.131256103515625
0.0507431030273437 -0.094085693359375 0.00203704833984376 0.107406616210938
0.105804443359375 -0.0463104248046875 -0.0135040283203125 0.0757675170898438
0.119735717773438 -0.0195465087890625 0.0516014099121094 0.0429000854492187
0.123908996582031 0.0139923095703125 0.154983520507813 0.122421264648438
0.0785064697265625 0.0306015014648437 0.142715454101563 -0.0752105712890625
0.0831985473632813 0.0192413330078125 0.215011596679688 -0.0368499755859375
0.101051330566406 -0.007659912109375 0.202346801757813 -0.0507354736328125
0.0848236083984375 -0.0432205200195313 0.169143676757812 -0.0864105224609375
0.05352783203125 -0.0495109558105469 0.103096008300781 -0.0728836059570313
0.0301551818847656 -0.0651931762695313 0.07855224609375 -0.0484619140625
0.0173568725585937 -0.0673255920410156 0.0814590454101563 -0.00820159912109375
0.0187530517578125 -0.0621414184570313 0.094085693359375 0.0273590087890625
0.0144424438476562 -0.0691337585449219 0.115707397460938 0.0709152221679688
0.0195045471191406 -0.0601310729980469 0.0935592651367187 0.119354248046875
0.0385093688964844 -0.0560455322265625 0.0532379150390625 0.134407043457031
0.0494575500488281 -0.0518684387207031 0.007171630859375 0.106887817382813
0.0794906616210938 -0.0156784057617187 -0.00558090209960937 0.0687599182128906
0.0783157348632813 0.00507354736328125 0.0723114013671875 0.0338973999023438
0.0716094970703125 0.02545166015625 0.190399169921875 0.127044677734375
0.00880813598632813 0.0231952667236328 0.144287109375 -0.0649261474609375
0.0289573669433594 0.0223255157470703 0.207656860351562 -0.032806396484375
0.0467300415039063 0.00443649291992188 0.186004638671875 -0.04632568359375
0.045318603515625 -0.0104713439941406 0.152008056640625 -0.070343017578125
0.0358047485351563 -0.00437164306640625 0.0888900756835938 -0.0550460815429688
0.0450401306152344 -0.0177803039550781 0.0688438415527344 -0.0258293151855469
0.0511703491210938 -0.0343093872070313 0.07440185546875 0.0154800415039063
0.05511474609375 -0.0347213745117188 0.08660888671875 0.0469436645507813
0.0572967529296875 -0.0421028137207031 0.101608276367188 0.0869064331054688
0.0542182922363281 -0.0248222351074219 0.078155517578125 0.130424499511719
0.055084228515625 -0.0105209350585938 0.0388031005859375 0.133956909179688
0.048248291015625 -0.00545501708984375 -0.000816345214843757 0.105422973632812
0.0486640930175781 0.0228233337402344 -0.010528564453125 0.0662651062011719
0.02899169921875 0.0366401672363281 0.0750274658203125 0.0372848510742188
0.00981521606445312 0.0375785827636719 0.20068359375 0.13653564453125
-0.0584449768066406 0.0142059326171875 0.119743347167969 -0.0684814453125
-0.0308570861816406 0.0158729553222656 0.176910400390625 -0.0373077392578125
-0.0189132690429688 0.0145702362060547 0.1566162109375 -0.0471038818359375
-0.00592994689941406 0.0278778076171875 0.129013061523438 -0.0631256103515625
0.00919723510742188 0.0439224243164063 0.0703353881835938 -0.050323486328125
0.0552597045898438 0.0369758605957031 0.0497245788574219 -0.0163917541503906
0.0794219970703125 0.006103515625 0.054168701171875 0.0275154113769531
0.0802154541015625 -0.0024566650390625 0.0643043518066406 0.0599174499511719
0.0877304077148438 -0.00907135009765625 0.0754013061523438 0.101760864257813
0.0774612426757813 0.00902557373046875 0.04913330078125 0.13720703125
0.0601005554199219 0.0300865173339844 0.0125045776367188 0.134689331054688
0.0395011901855469 0.034149169921875 -0.0197830200195312 0.108901977539062
0.0169563293457031 0.0536003112792969 -0.0287399291992188 0.0709152221679688
-0.0227432250976563 0.063507080078125 0.0580482482910156 0.0516395568847656
-0.0537300109863281 0.0462188720703125 0.18353271484375 0.145416259765625
0.147308349609375 -0.052154541015625 -0.15472412109375 -0.13970947265625
0.0436325073242188 -0.0938568115234375 -0.034759521484375 -0.0809249877929688
-0.00250244140625001 -0.0841522216796875 0.048248291015625 -0.0788726806640625
-0.0392684936523438 -0.072662353515625 0.0528793334960938 -0.122978210449219
-0.059051513671875 -0.0515556335449219 0.0284347534179688 -0.139045715332031
-0.102081298828125 -0.0221023559570313 -0.0248260498046875 -0.14398193359375
-0.111190795898437 7.62939453123738E-06 -0.0543746948242187 -0.113227844238281
-0.104843139648438 -0.00902557373046877 -0.0423049926757812 -0.0685386657714844
-0.115020751953125 -0.0253524780273437 -0.0310077667236328 -0.0234756469726562
-0.086456298828125 -0.0689010620117187 -0.0380973815917969 0.0256690979003906
-0.0285720825195312 -0.097686767578125 -0.0525054931640625 0.0643386840820313
0.0263671875 -0.0854873657226563 -0.0921783447265625 0.0634613037109375
0.077301025390625 -0.043487548828125 -0.137557983398438 0.0593719482421875
0.103996276855469 -0.029754638671875 -0.1483154296875 0.0641937255859375
0.138114929199219 -0.0069427490234375 -0.088409423828125 0.0817413330078125
0.184783935546875 -0.0381927490234375 -0.086517333984375 -0.150527954101563
0.0886383056640625 -0.0869369506835938 0.0220718383789063 -0.0970077514648438
0.0411224365234375 -0.0858001708984375 0.0906829833984375 -0.093536376953125
-0.00455474853515625 -0.0891494750976563 0.0906524658203125 -0.136917114257813
-0.0350875854492187 -0.0706787109375 0.060546875 -0.146804809570313
-0.088470458984375 -0.0559921264648438 0.0117950439453125 -0.151870727539063
-0.109954833984375 -0.0346832275390625 -0.0144577026367188 -0.117080688476563
-0.105239868164062 -0.0448684692382813 -0.00278472900390626 -0.0668754577636719
-0.121330261230469 -0.0592193603515625 0.0112018585205078 -0.0178413391113281
-0.08929443359375 -0.103195190429688 -0.00183868408203125 0.0399208068847656
-0.01666259765625 -0.1365966796875 -0.0190658569335938 0.0811004638671875
0.0491104125976562 -0.123367309570312 -0.0609664916992187 0.0746383666992188
0.123725891113281 -0.0580368041992187 -0.0948486328125 0.0712966918945312
0.14788818359375 -0.0356597900390625 -0.0890045166015625 0.0671844482421875
0.177139282226563 -0.0036468505859375 -0.0223236083984375 0.0900955200195313
0.203460693359375 -0.015899658203125 -0.0139312744140625 -0.149703979492187
0.122383117675781 -0.0620880126953125 0.089508056640625 -0.101142883300781
0.087799072265625 -0.0772323608398438 0.138519287109375 -0.09930419921875
0.039794921875 -0.0954666137695313 0.127532958984375 -0.1446533203125
-0.000946044921875006 -0.0869064331054687 0.0873260498046875 -0.1483154296875
-0.0610733032226562 -0.0854568481445313 0.0434722900390625 -0.147384643554688
-0.0915145874023438 -0.0684280395507813 0.0248260498046875 -0.109870910644531
-0.09033203125 -0.0691986083984375 0.0371475219726562 -0.0587043762207031
-0.109909057617188 -0.0855255126953125 0.0579566955566406 -0.00462722778320313
-0.0826950073242187 -0.119148254394531 0.039886474609375 0.05914306640625
-0.01092529296875 -0.150787353515625 0.0175247192382812 0.100730895996094
0.0548782348632813 -0.140083312988281 -0.0284957885742187 0.0888595581054687
0.140365600585938 -0.0725784301757813 -0.0543670654296875 0.0802841186523437
0.168167114257812 -0.041412353515625 -0.0305328369140625 0.0639152526855469
0.190353393554687 -0.0009765625 0.0528182983398438 0.0988082885742187
0.1912841796875 0.0113677978515625 0.0597991943359375 -0.135139465332031
0.142120361328125 -0.02996826171875 0.152969360351563 -0.0926361083984375
0.1246337890625 -0.0576248168945313 0.178680419921875 -0.09600830078125
0.0813751220703125 -0.0927658081054688 0.157440185546875 -0.143341064453125
0.0338363647460937 -0.095062255859375 0.104927062988281 -0.136924743652344
-0.0247116088867188 -0.101234436035156 0.0658645629882812 -0.128562927246094
-0.057373046875 -0.088836669921875 0.0548553466796875 -0.0874557495117188
-0.059722900390625 -0.08428955078125 0.0691986083984375 -0.0388374328613281
-0.0787429809570313 -0.0957717895507813 0.095611572265625 0.0104217529296875
-0.0581588745117187 -0.1156005859375 0.0778884887695313 0.0788955688476562
-0.00183105468750002 -0.142837524414063 0.0489883422851563 0.112373352050781
0.0537490844726562 -0.135505676269531 -0.00219726562499999 0.09844970703125
0.134170532226563 -0.0716552734375 -0.0213394165039062 0.077728271484375
0.160171508789063 -0.039031982421875 0.0249061584472656 0.0484695434570313
0.174560546875 0.004913330078125 0.1241455078125 0.099456787109375
0.15020751953125 0.0305328369140625 0.118423461914063 -0.115188598632813
0.129081726074219 0.00658416748046875 0.199249267578125 -0.07763671875
0.136398315429688 -0.0308761596679688 0.204681396484375 -0.0848541259765625
0.104507446289062 -0.0768280029296875 0.173782348632812 -0.12969970703125
0.0577163696289063 -0.0851287841796875 0.109603881835938 -0.115692138671875
0.00527191162109374 -0.102180480957031 0.07672119140625 -0.097686767578125
-0.0213394165039062 -0.0945358276367188 0.07513427734375 -0.0581283569335938
-0.0196685791015625 -0.086517333984375 0.0933380126953125 -0.0143966674804688
-0.0352859497070313 -0.0967941284179688 0.121742248535156 0.0316390991210937
-0.0239410400390625 -0.0988616943359375 0.102439880371094 0.0900039672851563
0.0182876586914062 -0.109695434570313 0.0679397583007813 0.119987487792969
0.0537109375 -0.103668212890625 0.018768310546875 0.101219177246094
0.114730834960938 -0.0522384643554688 0.000717163085937511 0.0716323852539063
0.130126953125 -0.02178955078125 0.0613441467285156 0.0331039428710938
0.135673522949219 0.0153274536132813 0.180587768554687 0.104995727539062
0.0858154296875 0.0414047241210938 0.15509033203125 -0.0955047607421875
0.0901260375976563 0.026885986328125 0.227462768554688 -0.064971923828125
0.111442565917969 -0.0047454833984375 0.209075927734375 -0.0765380859375
0.0955047607421875 -0.0477981567382813 0.170501708984375 -0.1075439453125
0.0635299682617188 -0.0551910400390625 0.100868225097656 -0.0869674682617188
0.0359115600585938 -0.0771636962890625 0.078765869140625 -0.0639266967773438
0.0209503173828125 -0.081695556640625 0.085968017578125 -0.0228195190429688
0.0214614868164063 -0.0762786865234375 0.101531982421875 0.0128402709960937
0.0169830322265625 -0.0838623046875 0.127731323242188 0.0520248413085937
0.0213546752929688 -0.0735931396484375 0.105850219726562 0.105186462402344
0.04541015625 -0.0650863647460938 0.0690383911132813 0.121490478515625
0.0597724914550781 -0.0560379028320313 0.0228958129882813 0.102272033691406
0.089752197265625 -0.0131683349609375 0.00784301757812501 0.0645790100097656
0.0883560180664062 0.0128631591796875 0.0870132446289063 0.02435302734375
0.0779037475585938 0.0354995727539063 0.216537475585938 0.109481811523438
0.00941848754882812 0.040435791015625 0.156845092773438 -0.0833740234375
0.0329456329345703 0.0343647003173828 0.22314453125 -0.05389404296875
0.0538139343261719 0.0177040100097656 0.192596435546875 -0.0677337646484375
0.0588264465332031 -0.00667190551757813 0.150482177734375 -0.0928802490234375
0.0514793395996094 -0.00791168212890625 0.0862503051757813 -0.0660324096679688
0.0576744079589844 -0.0292816162109375 0.0670700073242188 -0.0323562622070313
0.0581817626953125 -0.0511398315429688 0.07977294921875 0.00667572021484375
0.06170654296875 -0.0512008666992188 0.0917282104492188 0.0377120971679688
0.0649986267089844 -0.0582466125488281 0.110939025878906 0.0754241943359375
0.0644416809082031 -0.0415611267089844 0.0902786254882813 0.119140625
0.070587158203125 -0.0203933715820313 0.0518798828125 0.1279296875
0.0670394897460938 -0.00531387329101562 0.0108566284179688 0.105033874511719
0.0636062622070313 0.0336227416992188 0.00123977661132813 0.0659408569335938
0.0390243530273438 0.0537261962890625 0.0889663696289063 0.0330276489257813
0.0129890441894531 0.0558967590332031 0.228851318359375 0.122360229492187
-0.064727783203125 0.0354461669921875 0.13037109375 -0.0790481567382812
-0.0316810607910156 0.0356330871582031 0.189437866210938 -0.0504608154296875
-0.0142116546630859 0.0345478057861328 0.160369873046875 -0.0654296875
0.00966262817382813 0.0395584106445313 0.125762939453125 -0.0790634155273438
0.0291824340820312 0.0458717346191406 0.0659828186035156 -0.056976318359375
0.0716323852539063 0.0266342163085937 0.0471954345703125 -0.0172233581542969
0.0919952392578125 -0.013214111328125 0.0564117431640625 0.027099609375
0.089447021484375 -0.0217971801757813 0.0683937072753906 0.0564651489257813
0.0974044799804687 -0.02947998046875 0.0836639404296875 0.098541259765625
0.0926437377929687 -0.009765625 0.0615005493164063 0.1304931640625
0.0791702270507813 0.0213470458984375 0.022918701171875 0.133979797363281
0.0609169006347656 0.0356025695800781 -0.010009765625 0.110237121582031
0.0317230224609375 0.0679512023925781 -0.0175628662109375 0.0746841430664062
-0.0167236328125 0.0841293334960938 0.0707015991210938 0.0505218505859375
-0.05731201171875 0.0702285766601562 0.207901000976563 0.14166259765625
0.148513793945313 -0.080718994140625 -0.17364501953125 -0.142242431640625
0.0310897827148437 -0.112373352050781 -0.0512008666992188 -0.0852279663085938
-0.0204544067382813 -0.093658447265625 0.0413360595703125 -0.084686279296875
-0.0609359741210937 -0.0709075927734375 0.0466232299804688 -0.12646484375
-0.0769577026367188 -0.0396652221679688 0.0244903564453125 -0.1431884765625
-0.111198425292969 -0.00115203857421873 -0.030609130859375 -0.148284912109375
-0.117340087890625 0.0207748413085937 -0.0592498779296875 -0.117134094238281
-0.110366821289063 0.00946807861328125 -0.0465850830078125 -0.0744094848632813
-0.124496459960937 -0.00270843505859374 -0.0319652557373047 -0.0305404663085937
-0.101348876953125 -0.053436279296875 -0.0336360931396485 0.0217723846435547
-0.0484848022460937 -0.0967483520507813 -0.0435142517089844 0.0612640380859375
0.007415771484375 -0.0963058471679688 -0.0876312255859375 0.0678024291992187
0.0734100341796875 -0.0667648315429688 -0.136222839355469 0.0707321166992188
0.105766296386719 -0.0570144653320313 -0.154205322265625 0.0742340087890625
0.146957397460938 -0.0354156494140625 -0.0931243896484375 0.0831375122070312
0.192184448242188 -0.0634613037109375 -0.104644775390625 -0.164413452148438
0.0778656005859375 -0.1043701171875 0.00812530517578125 -0.110870361328125
0.02606201171875 -0.0960235595703125 0.0843582153320313 -0.104629516601563
-0.0222549438476562 -0.087554931640625 0.083892822265625 -0.146881103515625
-0.0484657287597656 -0.0634498596191406 0.0553741455078125 -0.155929565429688
-0.0973968505859375 -0.0398101806640625 0.00559997558593751 -0.160781860351563
-0.115394592285156 -0.0198822021484375 -0.0188140869140625 -0.129905700683594
-0.112480163574219 -0.0278472900390625 -0.00692749023437501 -0.0809097290039063
-0.131744384765625 -0.0424041748046875 0.0116748809814453 -0.0319938659667969
-0.105339050292969 -0.0926055908203125 0.00522804260253906 0.0313434600830078
-0.0369796752929688 -0.13916015625 -0.008880615234375 0.0737686157226562
0.0342178344726562 -0.135841369628906 -0.0541458129882812 0.0747833251953125
0.122024536132812 -0.08294677734375 -0.0889892578125 0.0760498046875
0.156341552734375 -0.06103515625 -0.088836669921875 0.0691070556640625
0.191757202148438 -0.0280914306640625 -0.0198898315429687 0.0839767456054688
0.21337890625 -0.0330963134765625 -0.026458740234375 -0.173187255859375
0.119491577148438 -0.07470703125 0.0790634155273438 -0.121070861816406
0.0797653198242188 -0.085052490234375 0.132743835449219 -0.114891052246094
0.0295486450195313 -0.097503662109375 0.123138427734375 -0.161163330078125
-0.00997161865234375 -0.084136962890625 0.0830078125 -0.161163330078125
-0.0691375732421875 -0.0756988525390625 0.03680419921875 -0.162200927734375
-0.0983352661132812 -0.058868408203125 0.0193023681640625 -0.128250122070313
-0.096954345703125 -0.0603713989257812 0.0330276489257813 -0.0758132934570313
-0.118301391601563 -0.0752792358398437 0.0574569702148437 -0.0247535705566406
-0.0974884033203125 -0.113754272460937 0.0488700866699219 0.0443687438964844
-0.0265655517578125 -0.156326293945312 0.0284881591796875 0.0876235961914062
0.0438995361328125 -0.154708862304688 -0.0191726684570313 0.0837554931640625
0.142791748046875 -0.0939178466796875 -0.045379638671875 0.0782699584960938
0.177688598632813 -0.06268310546875 -0.0240898132324219 0.0571441650390625
0.206802368164063 -0.0186767578125 0.060150146484375 0.0832595825195313
0.202407836914062 0.002838134765625 0.0526885986328125 -0.164932250976563
0.143798828125 -0.0341644287109375 0.147354125976563 -0.117782592773438
0.125762939453125 -0.0622177124023437 0.177169799804688 -0.115264892578125
0.077484130859375 -0.0995941162109375 0.154586791992188 -0.16424560546875
0.0292282104492188 -0.09637451171875 0.0997772216796875 -0.153121948242188
-0.0329360961914063 -0.101707458496094 0.0599365234375 -0.14642333984375
-0.0657577514648437 -0.0901107788085938 0.0510787963867187 -0.108871459960938
-0.0648269653320312 -0.0842056274414063 0.0674896240234375 -0.0576515197753906
-0.0863189697265625 -0.0947723388671875 0.0973968505859375 -0.0109786987304688
-0.0698471069335937 -0.116378784179688 0.08685302734375 0.0585250854492187
-0.0103912353515625 -0.14837646484375 0.060791015625 0.0971221923828125
0.0474395751953125 -0.147109985351563 0.0103530883789062 0.08837890625
0.139297485351563 -0.0892105102539063 -0.0106353759765625 0.0722808837890625
0.170883178710938 -0.0542755126953125 0.03082275390625 0.0380325317382813
0.191360473632813 -0.0061798095703125 0.137321472167969 0.0817184448242188
0.162567138671875 0.0321502685546875 0.118011474609375 -0.146347045898438
0.138801574707031 0.0061187744140625 0.202957153320313 -0.10345458984375
0.145401000976563 -0.0329742431640625 0.206512451171875 -0.10711669921875
0.109001159667969 -0.0849685668945313 0.171127319335938 -0.1512451171875
0.0591659545898438 -0.0911102294921875 0.105560302734375 -0.131118774414063
0.00473785400390626 -0.108253479003906 0.0736160278320313 -0.113052368164063
-0.025848388671875 -0.102737426757813 0.0740814208984375 -0.0759811401367188
-0.0250778198242188 -0.0953903198242188 0.0899658203125 -0.0322113037109375
-0.039764404296875 -0.103767395019531 0.12237548828125 0.00961303710937499
-0.027008056640625 -0.107009887695313 0.112045288085937 0.0713119506835938
0.0183563232421875 -0.118980407714844 0.079376220703125 0.103118896484375
0.0560684204101562 -0.113685607910156 0.0294113159179688 0.0895919799804687
0.124244689941406 -0.0592575073242188 0.0118865966796875 0.0623130798339844
0.14306640625 -0.02545166015625 0.071990966796875 0.0181655883789063
0.150650024414063 0.0158538818359375 0.199264526367188 0.081085205078125
0.0964736938476563 0.0518646240234375 0.159744262695313 -0.121612548828125
0.10321044921875 0.0354995727539063 0.232757568359375 -0.08856201171875
0.125312805175781 -0.0004730224609375 0.21240234375 -0.0963592529296875
0.109474182128906 -0.0514755249023437 0.166839599609375 -0.12890625
0.07208251953125 -0.0630035400390625 0.09710693359375 -0.100898742675781
0.0401229858398438 -0.0884780883789063 0.0739898681640625 -0.0752792358398438
0.0187835693359375 -0.0972976684570313 0.0841064453125 -0.0364303588867188
0.0203323364257813 -0.09063720703125 0.100555419921875 -0.00148773193359376
0.0142898559570313 -0.0996322631835938 0.129570007324219 0.0358810424804688
0.0247650146484375 -0.087127685546875 0.114532470703125 0.0860671997070313
0.0536880493164063 -0.0777816772460938 0.07879638671875 0.107658386230469
0.0711746215820313 -0.0643157958984375 0.0337905883789063 0.089752197265625
0.104904174804687 -0.011199951171875 0.0191993713378906 0.0560455322265625
0.101699829101563 0.0207138061523438 0.0952835083007813 0.01043701171875
0.0904388427734375 0.0476226806640625 0.23870849609375 0.0893096923828125
0.0141487121582031 0.0599899291992188 0.166793823242188 -0.0998077392578125
0.0419769287109375 0.0514678955078125 0.232284545898438 -0.074249267578125
0.0711669921875 0.0270919799804687 0.196212768554688 -0.0874786376953125
0.07733154296875 -0.0070648193359375 0.147811889648438 -0.108184814453125
0.0659713745117188 -0.0141716003417969 0.080108642578125 -0.073394775390625
0.0670967102050781 -0.04608154296875 0.0652923583984375 -0.0396842956542969
0.061920166015625 -0.0704269409179688 0.0798263549804688 0.0011138916015625
0.0618972778320313 -0.071319580078125 0.0939178466796875 0.0300369262695312
0.0643463134765625 -0.08306884765625 0.115768432617188 0.065643310546875
0.0710525512695313 -0.0598526000976562 0.0970916748046875 0.103897094726563
0.085113525390625 -0.0330886840820313 0.0590057373046875 0.116813659667969
0.0834197998046875 -0.0117340087890625 0.0226669311523437 0.095855712890625
0.0811309814453125 0.0402755737304688 0.0117835998535156 0.0602188110351563
0.0528182983398438 0.0706787109375 0.0998153686523438 0.0213470458984375
0.0208816528320312 0.0773468017578125 0.250625610351563 0.109161376953125
-0.0661239624023438 0.0586128234863281 0.140052795410156 -0.0867538452148437
-0.027862548828125 0.0566635131835938 0.199554443359375 -0.067657470703125
-0.0019683837890625 0.050384521484375 0.16290283203125 -0.080108642578125
0.0262451171875 0.0451087951660156 0.1207275390625 -0.0908584594726563
0.0460472106933594 0.0433006286621094 0.0578346252441406 -0.0585708618164063
0.0867691040039063 0.0094146728515625 0.0454483032226563 -0.0176048278808594
0.098297119140625 -0.03338623046875 0.0589942932128906 0.0264053344726562
0.0952682495117188 -0.0425872802734375 0.07342529296875 0.0566482543945313
0.102073669433594 -0.0542831420898437 0.0875091552734375 0.0946578979492188
0.0993423461914062 -0.0290679931640625 0.0639572143554688 0.125679016113281
0.0966110229492188 0.008026123046875 0.0288467407226563 0.127952575683594
0.0812225341796875 0.0311203002929688 -0.000236511230468755 0.107215881347656
0.0499114990234375 0.078765869140625 -0.00859069824218749 0.0756149291992188
-0.000770568847656254 0.1060791015625 0.0820083618164062 0.0500106811523438
-0.0508880615234375 0.0930938720703125 0.231216430664063 0.134292602539063
0.14581298828125 -0.111038208007813 -0.197967529296875 -0.146453857421875
0.012420654296875 -0.130073547363281 -0.0681533813476563 -0.0870590209960938
-0.0422286987304688 -0.09967041015625 0.0350112915039062 -0.0872802734375
-0.081878662109375 -0.0637741088867188 0.0409927368164062 -0.129402160644531
-0.090057373046875 -0.026123046875 0.0216522216796875 -0.148574829101563
-0.116630554199219 0.0212326049804687 -0.0344085693359375 -0.152587890625
-0.117332458496094 0.042327880859375 -0.0651016235351563 -0.123939514160156
-0.113304138183594 0.0293655395507812 -0.0520095825195313 -0.0810546875
-0.130851745605469 0.0199356079101563 -0.0359306335449219 -0.0384750366210938
-0.113716125488281 -0.0361709594726563 -0.0301322937011719 0.0157051086425781
-0.0688552856445313 -0.090728759765625 -0.0385055541992188 0.0572624206542969
-0.0122528076171875 -0.102584838867188 -0.0850906372070313 0.0718841552734375
0.063873291015625 -0.0881423950195313 -0.136093139648438 0.07952880859375
0.102912902832031 -0.0854339599609375 -0.160995483398437 0.08306884765625
0.153549194335938 -0.0637969970703125 -0.0998916625976563 0.0867843627929688
0.19488525390625 -0.090179443359375 -0.12738037109375 -0.179428100585938
0.0656890869140625 -0.119979858398438 -0.00787353515624999 -0.121505737304688
0.0103302001953125 -0.102706909179688 0.07720947265625 -0.113655090332031
-0.039337158203125 -0.083770751953125 0.07830810546875 -0.156387329101563
-0.0598640441894531 -0.053192138671875 0.05194091796875 -0.16668701171875
-0.102912902832031 -0.0210952758789062 3.05175781249964E-05 -0.172119140625
-0.117759704589844 -0.00298309326171875 -0.02569580078125 -0.14337158203125
-0.116477966308594 -0.0122604370117188 -0.01275634765625 -0.09393310546875
-0.139320373535156 -0.0254364013671875 0.00732803344726562 -0.0462074279785156
-0.118988037109375 -0.0804367065429688 0.00894165039062499 0.0186557769775391
-0.0575485229492188 -0.138320922851563 -0.00236892700195313 0.063934326171875
0.0164794921875 -0.1475830078125 -0.0494384765625 0.0724945068359375
0.117294311523437 -0.106002807617188 -0.0845108032226562 0.0784454345703125
0.1591796875 -0.088592529296875 -0.0924530029296875 0.06988525390625
0.204193115234375 -0.0545501708984375 -0.0216522216796875 0.0770187377929687
0.2213134765625 -0.0527191162109375 -0.04425048828125 -0.19598388671875
0.115707397460938 -0.0875396728515625 0.0653228759765625 -0.139930725097656
0.07275390625 -0.0916519165039063 0.127105712890625 -0.130111694335937
0.0178375244140625 -0.098907470703125 0.117752075195312 -0.1768798828125
-0.0173568725585938 -0.0791244506835937 0.0780029296875 -0.176116943359375
-0.0735092163085938 -0.0650863647460938 0.030303955078125 -0.177536010742188
-0.101509094238281 -0.0502395629882813 0.0113983154296875 -0.145660400390625
-0.102676391601562 -0.0526885986328125 0.0264739990234375 -0.0925750732421875
-0.127349853515625 -0.0652313232421875 0.0537185668945312 -0.0440521240234375
-0.10992431640625 -0.107711791992188 0.0525779724121094 0.0278854370117187
-0.043060302734375 -0.160263061523437 0.0358428955078125 0.0735015869140625
0.0305938720703125 -0.168731689453125 -0.0137481689453125 0.0751419067382812
0.141921997070313 -0.115707397460937 -0.0383071899414063 0.0738525390625
0.185440063476562 -0.0860443115234375 -0.0245132446289062 0.0504302978515625
0.22271728515625 -0.0399627685546875 0.0644264221191406 0.0683975219726563
0.216827392578125 -0.008026123046875 0.0426025390625 -0.19342041015625
0.148406982421875 -0.041412353515625 0.139175415039063 -0.140701293945313
0.129150390625 -0.0692901611328125 0.174270629882813 -0.134170532226563
0.0753402709960938 -0.105461120605469 0.150283813476563 -0.183639526367188
0.0274505615234375 -0.0983657836914062 0.0951690673828125 -0.170501708984375
-0.0366363525390625 -0.100967407226562 0.0529022216796875 -0.16351318359375
-0.0709609985351563 -0.0895233154296875 0.0441131591796875 -0.128067016601562
-0.0723114013671875 -0.0848770141601562 0.0615310668945313 -0.0762939453125
-0.0954055786132813 -0.0950698852539062 0.09466552734375 -0.0327606201171875
-0.0794143676757812 -0.118721008300781 0.0913467407226563 0.038360595703125
-0.020477294921875 -0.156906127929687 0.068328857421875 0.0804977416992187
0.0406494140625 -0.161331176757813 0.0169677734375 0.0770034790039062
0.1441650390625 -0.105728149414063 -0.00259399414062499 0.0634231567382813
0.181900024414062 -0.07037353515625 0.0338726043701172 0.0237789154052734
0.208953857421875 -0.0167388916015625 0.146881103515625 0.0603790283203125
0.178390502929688 0.0330657958984375 0.114776611328125 -0.175552368164063
0.15118408203125 0.005340576171875 0.201202392578125 -0.130874633789063
0.157623291015625 -0.0367431640625 0.205581665039063 -0.127548217773438
0.116447448730469 -0.0938491821289062 0.166336059570313 -0.172149658203125
0.0633468627929688 -0.09893798828125 0.100265502929688 -0.146591186523438
0.00363159179687501 -0.117340087890625 0.0672760009765625 -0.130104064941406
-0.0301971435546875 -0.112144470214844 0.0684127807617188 -0.093719482421875
-0.0307769775390625 -0.103996276855469 0.0866165161132812 -0.048736572265625
-0.0474395751953125 -0.113059997558594 0.121116638183594 -0.0110931396484375
-0.0329132080078125 -0.115531921386719 0.115158081054688 0.05157470703125
0.0165176391601562 -0.131500244140625 0.0851211547851563 0.086700439453125
0.0592880249023437 -0.12701416015625 0.03521728515625 0.0753402709960937
0.135498046875 -0.0692825317382812 0.0196113586425781 0.0507698059082031
0.15667724609375 -0.0313568115234375 0.0772857666015625 0.00179290771484375
0.168731689453125 0.016326904296875 0.214096069335938 0.05804443359375
0.111289978027344 0.0623397827148438 0.163330078125 -0.149642944335937
0.118583679199219 0.0435638427734375 0.237899780273438 -0.113983154296875
0.143722534179688 -0.0005035400390625 0.214004516601563 -0.117950439453125
0.12310791015625 -0.061187744140625 0.16412353515625 -0.149520874023438
0.0813446044921875 -0.0740966796875 0.093109130859375 -0.111854553222656
0.0419387817382813 -0.104530334472656 0.0707168579101563 -0.0870590209960938
0.0150527954101563 -0.113365173339844 0.0818405151367188 -0.0503387451171875
0.0157394409179688 -0.106414794921875 0.0981521606445313 -0.0143356323242188
0.00806427001953124 -0.117454528808594 0.128944396972656 0.0188827514648437
0.023345947265625 -0.102554321289062 0.117103576660156 0.0697479248046875
0.060333251953125 -0.093963623046875 0.083892822265625 0.0940399169921875
0.0824356079101563 -0.0772323608398438 0.0389175415039063 0.0771026611328125
0.12200927734375 -0.013427734375 0.0271263122558594 0.04498291015625
0.119483947753906 0.0261688232421875 0.103172302246094 -0.0048980712890625
0.106796264648438 0.0587692260742188 0.258316040039063 0.0678558349609375
0.0264358520507812 0.0784683227539063 0.175796508789063 -0.122299194335938
0.0564918518066406 0.0670204162597656 0.241546630859375 -0.0972747802734375
0.0904083251953125 0.0347213745117188 0.1990966796875 -0.107162475585938
0.0954132080078125 -0.012115478515625 0.144317626953125 -0.12347412109375
0.079437255859375 -0.02532958984375 0.0756912231445313 -0.0800399780273438
0.0732192993164063 -0.0656967163085938 0.0629959106445313 -0.0448799133300781
0.0603103637695313 -0.0930328369140625 0.0809860229492188 -0.00633239746093751
0.0600738525390625 -0.09356689453125 0.0950698852539063 0.0232391357421875
0.0618820190429687 -0.106727600097656 0.118423461914063 0.0554580688476562
0.0726699829101563 -0.0816116333007813 0.0982284545898438 0.0942916870117188
0.0963668823242188 -0.0509033203125 0.062744140625 0.10760498046875
0.101249694824219 -0.0232467651367188 0.0281753540039063 0.0858306884765625
0.102073669433594 0.0453872680664063 0.0207443237304688 0.0515251159667969
0.0722732543945313 0.0846710205078125 0.110824584960938 0.0102767944335938
0.0341339111328125 0.0962295532226563 0.272918701171875 0.0929718017578125
-0.0613021850585938 0.0836944580078125 0.151290893554688 -0.10015869140625
-0.0195693969726563 0.0777206420898438 0.2108154296875 -0.0828857421875
0.0144729614257813 0.0650558471679688 0.165420532226562 -0.0955047607421875
0.0470848083496094 0.0463600158691406 0.115554809570312 -0.101425170898437
0.0632858276367188 0.0367584228515625 0.0517578125 -0.0599441528320312
0.0980377197265625 -0.0096282958984375 0.0440101623535156 -0.0159950256347656
0.099945068359375 -0.0568618774414063 0.0637168884277344 0.027679443359375
0.094573974609375 -0.0662460327148438 0.0763397216796875 0.0558929443359375
0.101570129394531 -0.0807723999023438 0.0916671752929688 0.093017578125
0.104179382324219 -0.052642822265625 0.065826416015625 0.121292114257813
0.111808776855469 -0.00989532470703125 0.03125 0.125968933105469
0.101089477539063 0.0203475952148438 0.00678253173828127 0.103202819824219
0.0731430053710938 0.08734130859375 0.000671386718750002 0.0728530883789063
0.0180435180664062 0.126335144042969 0.0957107543945313 0.0454635620117188
-0.041839599609375 0.11968994140625 0.254974365234375 0.126678466796875
0.137496948242188 -0.14337158203125 -0.229736328125 -0.146255493164063
-0.0113525390625 -0.144454956054687 -0.0877609252929687 -0.0859451293945313
-0.0662841796875 -0.101425170898437 0.0289764404296875 -0.08978271484375
-0.103172302246094 -0.0510101318359375 0.0370941162109375 -0.133987426757813
-0.101417541503906 -0.00800323486328126 0.01788330078125 -0.156600952148437
-0.117164611816406 0.0469207763671875 -0.0407867431640625 -0.159881591796875
-0.113212585449219 0.0659408569335938 -0.0735702514648437 -0.132591247558594
-0.112083435058594 0.0511932373046875 -0.0598831176757813 -0.0890274047851563
-0.131340026855469 0.0443572998046875 -0.0432624816894531 -0.0461769104003906
-0.123138427734375 -0.0164108276367188 -0.0301475524902344 0.00890541076660156
-0.0896148681640625 -0.0803985595703125 -0.0365715026855469 0.0535202026367188
-0.033782958984375 -0.104957580566406 -0.0841064453125 0.0769805908203125
0.0486602783203125 -0.108566284179687 -0.135627746582031 0.0891876220703125
0.0933761596679688 -0.113723754882812 -0.169097900390625 0.09698486328125
0.154739379882812 -0.0972747802734375 -0.108291625976563 0.0938873291015625
0.19403076171875 -0.119125366210938 -0.159149169921875 -0.191986083984375
0.0498504638671875 -0.134536743164063 -0.0280532836914063 -0.130210876464844
-0.007049560546875 -0.106399536132813 0.0701675415039062 -0.122764587402344
-0.0565872192382813 -0.075775146484375 0.0719451904296875 -0.16827392578125
-0.0689353942871094 -0.0400390625 0.0462188720703125 -0.179946899414063
-0.104721069335938 -0.00148010253906248 -0.00857543945312501 -0.185699462890625
-0.117950439453125 0.0146713256835937 -0.037139892578125 -0.159088134765625
-0.119293212890625 0.00415039062500001 -0.023223876953125 -0.107917785644531
-0.144515991210938 -0.00616455078124998 -0.00138854980468751 -0.061065673828125
-0.131393432617188 -0.0655364990234375 0.00884246826171874 0.00602626800537109
-0.0775833129882813 -0.134178161621094 0.000473022460937493 0.0541458129882813
-0.003570556640625 -0.15625 -0.0476341247558594 0.0701637268066406
0.108345031738281 -0.129928588867188 -0.0815582275390625 0.0802841186523437
0.15740966796875 -0.1190185546875 -0.097686767578125 0.0732040405273438
0.213668823242187 -0.0868377685546875 -0.0267257690429687 0.072906494140625
0.231063842773438 -0.075897216796875 -0.0715484619140625 -0.21942138671875
0.109596252441406 -0.100120544433594 0.0471038818359375 -0.157394409179688
0.0654830932617188 -0.0980453491210938 0.121261596679688 -0.145751953125
0.00716400146484374 -0.0977630615234375 0.111190795898438 -0.195571899414062
-0.0232925415039062 -0.0740585327148438 0.07037353515625 -0.194290161132813
-0.0771484375 -0.0545578002929687 0.0199432373046875 -0.195755004882813
-0.104751586914063 -0.0410842895507813 -0.002349853515625 -0.165634155273438
-0.108268737792969 -0.0438613891601562 0.0154876708984375 -0.110076904296875
-0.13677978515625 -0.054443359375 0.0450286865234375 -0.063690185546875
-0.122352600097656 -0.100234985351563 0.0518264770507812 0.0104560852050781
-0.0615386962890625 -0.163360595703125 0.0387840270996094 0.0594024658203125
0.0147247314453125 -0.181655883789063 -0.011566162109375 0.0680732727050781
0.139457702636719 -0.139533996582031 -0.0338058471679687 0.0686149597167969
0.190109252929688 -0.113906860351563 -0.0262870788574219 0.0433921813964844
0.238006591796875 -0.066192626953125 0.0650749206542969 0.0538902282714844
0.232818603515625 -0.02117919921875 0.0214996337890625 -0.22381591796875
0.15496826171875 -0.05157470703125 0.12664794921875 -0.16546630859375
0.1337890625 -0.0777435302734375 0.170379638671875 -0.154754638671875
0.0737152099609375 -0.112892150878906 0.142166137695313 -0.206619262695312
0.025909423828125 -0.102348327636719 0.087310791015625 -0.189071655273438
-0.0397109985351562 -0.100975036621094 0.0421142578125 -0.184036254882813
-0.0775070190429687 -0.0903472900390625 0.03155517578125 -0.148818969726563
-0.0796279907226563 -0.0853652954101562 0.05120849609375 -0.0952072143554688
-0.106452941894531 -0.0940322875976562 0.0873870849609375 -0.053558349609375
-0.0912704467773437 -0.11895751953125 0.0913314819335938 0.0188064575195312
-0.032928466796875 -0.165451049804688 0.0704498291015625 0.063995361328125
0.0313568115234375 -0.177032470703125 0.0190315246582031 0.0643577575683594
0.14849853515625 -0.126266479492188 0.00285339355468751 0.0528755187988281
0.191787719726563 -0.091339111328125 0.0343208312988281 0.00922966003417968
0.22943115234375 -0.0337982177734375 0.153533935546875 0.0379486083984375
0.2000732421875 0.0297698974609375 0.103515625 -0.208969116210938
0.167236328125 0.001678466796875 0.195724487304688 -0.159713745117188
0.17388916015625 -0.044403076171875 0.204071044921875 -0.15203857421875
0.121986389160156 -0.107345581054688 0.160232543945313 -0.196243286132813
0.067108154296875 -0.110954284667969 0.0940093994140625 -0.163421630859375
-0.000358581542968749 -0.128150939941406 0.0579376220703125 -0.148529052734375
-0.0393218994140625 -0.122917175292969 0.0588836669921875 -0.112380981445313
-0.03955078125 -0.11370849609375 0.0791091918945313 -0.0657196044921875
-0.0594863891601562 -0.122909545898438 0.116325378417969 -0.0307235717773438
-0.042144775390625 -0.126213073730469 0.114425659179687 0.0318603515625
0.0107574462890625 -0.146759033203125 0.0871505737304687 0.069915771484375
0.05853271484375 -0.144775390625 0.0367813110351563 0.0614700317382813
0.147430419921875 -0.0837554931640625 0.0239448547363281 0.0370140075683594
0.174179077148437 -0.0420684814453125 0.0799560546875 -0.0174407958984375
0.191360473632813 0.011199951171875 0.227645874023438 0.031341552734375
0.133125305175781 0.070953369140625 0.161148071289063 -0.182632446289063
0.1392822265625 0.0487213134765625 0.240402221679688 -0.144424438476563
0.167404174804688 -0.00433349609375 0.215438842773438 -0.143310546875
0.13751220703125 -0.0763931274414063 0.158660888671875 -0.172149658203125
0.0893783569335938 -0.0896453857421875 0.0876083374023438 -0.124984741210938
0.0399703979492188 -0.123138427734375 0.0651473999023438 -0.100028991699219
0.00645446777343749 -0.132545471191406 0.0767135620117188 -0.0641555786132813
0.00658416748046874 -0.124778747558594 0.0945816040039062 -0.0269012451171875
-0.00225830078125001 -0.13677978515625 0.127426147460938 0.00353240966796874
0.017578125 -0.121322631835938 0.116607666015625 0.0545425415039062
0.0628890991210938 -0.114151000976563 0.08514404296875 0.081787109375
0.09197998046875 -0.0954971313476563 0.0404930114746094 0.0640602111816406
0.142227172851562 -0.020782470703125 0.0316123962402344 0.0313625335693359
0.141937255859375 0.0270233154296875 0.109992980957031 -0.024932861328125
0.130195617675781 0.0658111572265625 0.277999877929688 0.041534423828125
0.043548583984375 0.0973281860351563 0.1820068359375 -0.150375366210938
0.0770416259765625 0.08062744140625 0.24951171875 -0.125335693359375
0.115394592285156 0.0374832153320313 0.2003173828125 -0.131591796875
0.115737915039063 -0.023529052734375 0.139556884765625 -0.140312194824219
0.092254638671875 -0.0407180786132813 0.0714569091796875 -0.0861053466796875
0.0755767822265625 -0.0889739990234375 0.0610313415527344 -0.0511360168457031
0.0546188354492188 -0.117233276367187 0.081085205078125 -0.0137786865234375
0.0522689819335938 -0.116668701171875 0.09564208984375 0.0160675048828125
0.05230712890625 -0.132499694824219 0.119972229003906 0.04693603515625
0.0698623657226563 -0.106002807617188 0.0985183715820313 0.0850601196289063
0.105216979980469 -0.0743408203125 0.0641860961914063 0.0999984741210938
0.116897583007813 -0.04156494140625 0.0309982299804688 0.0765457153320313
0.128173828125 0.0442352294921875 0.0267295837402344 0.0415763854980469
0.0985336303710938 0.0949630737304688 0.121391296386719 -0.00522613525390624
0.0553207397460937 0.114700317382813 0.298065185546875 0.072723388671875
-0.0502548217773437 0.110031127929688 0.160354614257813 -0.119598388671875
-0.00352478027343751 0.0976333618164063 0.220489501953125 -0.10552978515625
0.0368423461914062 0.0760650634765625 0.165496826171875 -0.114044189453125
0.0683250427246094 0.0417098999023437 0.109947204589844 -0.112480163574219
0.0797348022460938 0.0242843627929688 0.0476799011230469 -0.0601615905761719
0.104774475097656 -0.0335540771484375 0.0451850891113281 -0.0143241882324219
0.0973892211914063 -0.0835647583007813 0.0692481994628906 0.0279464721679687
0.0900344848632813 -0.0907821655273437 0.081146240234375 0.0559616088867187
0.094757080078125 -0.108718872070313 0.0971603393554688 0.0927505493164063
0.103782653808594 -0.0787353515625 0.06719970703125 0.120384216308594
0.123970031738281 -0.0345840454101563 0.0330734252929688 0.12530517578125
0.12158203125 0.00386810302734375 0.010955810546875 0.098541259765625
0.1009521484375 0.0905075073242188 0.00838851928710938 0.0689315795898438
0.04461669921875 0.143798828125 0.110519409179687 0.0377044677734375
-0.0253143310546875 0.145645141601563 0.28369140625 0.1168212890625
0.118621826171875 -0.176284790039063 -0.267562866210938 -0.137557983398438
-0.042083740234375 -0.15313720703125 -0.109420776367188 -0.0788192749023438
-0.0944137573242187 -0.096282958984375 0.0220565795898438 -0.0918807983398438
-0.122550964355469 -0.02972412109375 0.0312728881835938 -0.140029907226563
-0.108619689941406 0.0149612426757813 0.01043701171875 -0.166427612304687
-0.110038757324219 0.0746383666992188 -0.05035400390625 -0.167816162109375
-0.102630615234375 0.09051513671875 -0.0881805419921875 -0.139869689941406
-0.104698181152344 0.0747756958007812 -0.0724334716796875 -0.0957412719726563
-0.124412536621094 0.0725555419921875 -0.0543441772460938 -0.05169677734375
-0.128135681152344 0.00762176513671873 -0.033111572265625 0.00228500366210937
-0.108039855957031 -0.0632781982421875 -0.0355110168457031 0.0500068664550781
-0.05828857421875 -0.101669311523438 -0.0814208984375 0.08270263671875
0.02679443359375 -0.126983642578125 -0.133453369140625 0.101860046386719
0.074859619140625 -0.142684936523438 -0.17449951171875 0.116287231445312
0.146286010742188 -0.134429931640625 -0.11572265625 0.10650634765625
0.186859130859375 -0.152999877929688 -0.20037841796875 -0.19610595703125
0.0277252197265625 -0.146255493164063 -0.0534515380859375 -0.134735107421875
-0.0278472900390625 -0.105491638183594 0.0605010986328125 -0.132354736328125
-0.072509765625 -0.0613250732421875 0.0624847412109375 -0.18212890625
-0.0746536254882813 -0.0235595703125 0.0354461669921875 -0.195144653320313
-0.100776672363281 0.019622802734375 -0.0230560302734375 -0.2001953125
-0.113037109375 0.0336151123046875 -0.056488037109375 -0.173416137695313
-0.117286682128906 0.0221939086914062 -0.03985595703125 -0.120353698730469
-0.145797729492188 0.0159912109375 -0.0153350830078125 -0.0738143920898438
-0.142318725585938 -0.047332763671875 0.00440454483032226 -0.00715398788452149
-0.099945068359375 -0.125389099121094 -0.000511169433593761 0.044158935546875
-0.02801513671875 -0.161453247070313 -0.0464744567871094 0.0683326721191406
0.0928192138671875 -0.154815673828125 -0.0785064697265625 0.08270263671875
0.146987915039063 -0.153289794921875 -0.102569580078125 0.0802230834960938
0.2154541015625 -0.1259765625 -0.0332260131835937 0.0712051391601562
0.23455810546875 -0.104965209960938 -0.111831665039063 -0.236724853515625
0.100814819335938 -0.113998413085938 0.022491455078125 -0.172988891601563
0.0559616088867188 -0.104110717773438 0.111160278320313 -0.163848876953125
-0.0040740966796875 -0.0946121215820313 0.0979461669921875 -0.21649169921875
-0.0274581909179688 -0.0667266845703125 0.05731201171875 -0.213211059570313
-0.077362060546875 -0.0430526733398437 0.0018310546875 -0.214157104492187
-0.107414245605469 -0.0309982299804687 -0.0238494873046875 -0.184326171875
-0.112060546875 -0.0329208374023438 -0.00251007080078124 -0.126243591308594
-0.144180297851563 -0.040374755859375 0.03076171875 -0.0821304321289063
-0.136100769042969 -0.0894012451171875 0.0469932556152344 -0.00728988647460938
-0.0829925537109375 -0.161727905273438 0.03729248046875 0.0451393127441406
-0.00743103027343752 -0.193099975585937 -0.0116958618164063 0.0596466064453125
0.130294799804688 -0.166961669921875 -0.0306968688964844 0.0623016357421875
0.187667846679688 -0.147598266601563 -0.0315055847167969 0.0375328063964844
0.249252319335937 -0.10150146484375 0.0625152587890625 0.0383415222167969
0.248977661132813 -0.042938232421875 -0.012237548828125 -0.25250244140625
0.16021728515625 -0.0646209716796875 0.106048583984375 -0.1904296875
0.137619018554688 -0.0900650024414063 0.160903930664063 -0.179641723632813
0.0687713623046875 -0.122085571289063 0.128997802734375 -0.232666015625
0.023101806640625 -0.106697082519531 0.0731201171875 -0.210220336914062
-0.0453948974609375 -0.101432800292969 0.0241241455078125 -0.20379638671875
-0.0870819091796875 -0.0904006958007812 0.0102691650390625 -0.1693115234375
-0.0894699096679688 -0.084014892578125 0.035491943359375 -0.111778259277344
-0.12030029296875 -0.0912551879882813 0.0739288330078125 -0.0748367309570313
-0.10662841796875 -0.117874145507812 0.0853195190429688 -0.00159454345703126
-0.0513458251953125 -0.17266845703125 0.0687484741210938 0.0472297668457031
0.01544189453125 -0.193756103515625 0.0166778564453125 0.0521774291992187
0.147903442382813 -0.151565551757812 0.00398254394531251 0.0399894714355469
0.198593139648438 -0.118972778320313 0.0306358337402344 -0.00639915466308595
0.248123168945313 -0.060272216796875 0.156845092773438 0.010772705078125
0.224517822265625 0.020233154296875 0.0804901123046875 -0.244552612304688
0.185226440429688 -0.0069580078125 0.182632446289063 -0.191513061523438
0.189849853515625 -0.0603179931640625 0.197906494140625 -0.18121337890625
0.125747680664063 -0.125785827636719 0.14703369140625 -0.224105834960938
0.0666961669921875 -0.125289916992188 0.081695556640625 -0.182891845703125
-0.00827026367187501 -0.139907836914063 0.04278564453125 -0.167037963867188
-0.0537261962890625 -0.133644104003906 0.0425262451171875 -0.131622314453125
-0.0530242919921875 -0.122421264648438 0.0665283203125 -0.08197021484375
-0.0762710571289063 -0.130226135253906 0.106552124023438 -0.0513687133789063
-0.0567550659179688 -0.135116577148438 0.109649658203125 0.0129623413085937
-0.00109863281249999 -0.163040161132813 0.08563232421875 0.0533905029296875
0.0523223876953125 -0.165191650390625 0.0341758728027344 0.0471878051757812
0.157470703125 -0.105300903320313 0.0244636535644531 0.0211734771728516
0.190933227539063 -0.059967041015625 0.0777587890625 -0.0401229858398438
0.217147827148438 -0.002593994140625 0.2362060546875 -0.001800537109375
0.1612548828125 0.0738983154296875 0.148696899414063 -0.21978759765625
0.164962768554688 0.046356201171875 0.23529052734375 -0.180648803710938
0.193130493164063 -0.017486572265625 0.209915161132813 -0.17340087890625
0.148727416992188 -0.0995941162109375 0.146896362304688 -0.196578979492188
0.0942306518554688 -0.110786437988281 0.0788345336914062 -0.140037536621094
0.0308074951171875 -0.144973754882813 0.0555572509765625 -0.114280700683594
-0.00982666015624999 -0.152008056640625 0.0676116943359375 -0.0784988403320313
-0.0087890625 -0.142044067382813 0.0888290405273438 -0.0391845703125
-0.021575927734375 -0.154693603515625 0.122840881347656 -0.0128555297851563
0.00438690185546876 -0.139816284179688 0.113845825195313 0.03961181640625
0.0580062866210938 -0.138290405273438 0.0832748413085938 0.068572998046875
0.0960769653320312 -0.119743347167969 0.0387306213378906 0.0512962341308594
0.1634521484375 -0.0359649658203125 0.0327053070068359 0.0153789520263672
0.168136596679688 0.0197296142578125 0.111801147460938 -0.04931640625
0.159271240234375 0.0663909912109375 0.294952392578125 0.006195068359375
0.070220947265625 0.112236022949219 0.179336547851563 -0.184326171875
0.104652404785156 0.0876617431640625 0.251708984375 -0.160873413085938
0.145309448242188 0.0321044921875 0.195449829101563 -0.158843994140625
0.133460998535156 -0.04437255859375 0.129486083984375 -0.160186767578125
0.1016845703125 -0.0620803833007812 0.0655441284179688 -0.0945587158203125
0.0693130493164063 -0.115371704101563 0.0573043823242188 -0.0587081909179688
0.03863525390625 -0.143630981445313 0.0804595947265625 -0.0221633911132813
0.0374755859375 -0.139579772949219 0.0956954956054688 0.00862884521484374
0.034088134765625 -0.15802001953125 0.122169494628906 0.0377120971679687
0.0595016479492187 -0.131591796875 0.0976943969726563 0.07763671875
0.107131958007813 -0.103729248046875 0.0643081665039063 0.0935821533203125
0.1295166015625 -0.0677871704101563 0.0302925109863281 0.0664100646972656
0.156661987304687 0.0343017578125 0.0305690765380859 0.0300178527832031
0.131355285644531 0.0982894897460938 0.129745483398438 -0.0262298583984375
0.0854110717773438 0.129112243652344 0.323272705078125 0.0411376953125
-0.03082275390625 0.135932922363281 0.165863037109375 -0.1458740234375
0.0204696655273437 0.115493774414062 0.227981567382812 -0.134857177734375
0.064971923828125 0.081634521484375 0.1611328125 -0.136032104492188
0.0913009643554688 0.0294723510742188 0.102302551269531 -0.124000549316406
0.0944290161132813 0.006317138671875 0.0440254211425781 -0.0609321594238281
0.105453491210938 -0.0613861083984375 0.0477371215820313 -0.0143470764160156
0.0861358642578125 -0.111656188964844 0.0760574340820313 0.027069091796875
0.0773239135742188 -0.116859436035156 0.08782958984375 0.05560302734375
0.0798721313476563 -0.1383056640625 0.10455322265625 0.0912704467773437
0.0946426391601562 -0.107261657714844 0.0701980590820313 0.121086120605469
0.130203247070313 -0.064605712890625 0.0367507934570313 0.12579345703125
0.138175964355469 -0.0217132568359375 0.0138702392578125 0.0941162109375
0.132598876953125 0.0843353271484375 0.0149497985839844 0.0631332397460937
0.079559326171875 0.155258178710937 0.126144409179688 0.024200439453125
0.00172424316406249 0.16986083984375 0.3162841796875 0.09588623046875
0.0879058837890625 -0.205291748046875 -0.30474853515625 -0.11175537109375
-0.0777130126953125 -0.150665283203125 -0.129562377929688 -0.0622024536132812
-0.121337890625 -0.0801849365234375 0.0131607055664062 -0.0919189453125
-0.134429931640625 -0.000511169433593767 0.022216796875 -0.143951416015625
-0.106681823730469 0.0413970947265625 -0.00163269042968749 -0.174423217773438
-0.0923538208007812 0.0996246337890625 -0.0648956298828125 -0.172470092773438
-0.0827484130859375 0.111701965332031 -0.10638427734375 -0.141876220703125
-0.0883560180664062 0.0957870483398438 -0.0887222290039063 -0.097320556640625
-0.108261108398437 0.0983734130859375 -0.0680999755859375 -0.0535850524902344
-0.124801635742188 0.0342254638671875 -0.0380363464355469 -0.0029144287109375
-0.121070861816406 -0.0389556884765625 -0.0360107421875 0.0469589233398438
-0.0817337036132812 -0.0890731811523438 -0.0762710571289063 0.0881423950195312
-0.00289154052734376 -0.136756896972656 -0.127082824707031 0.114768981933594
0.0444183349609375 -0.165328979492188 -0.172866821289063 0.139694213867187
0.124618530273438 -0.16949462890625 -0.116935729980469 0.123641967773437
0.166900634765625 -0.1856689453125 -0.246170043945312 -0.184280395507813
-0.000244140625000015 -0.150741577148438 -0.0819854736328125 -0.128730773925781
-0.0491867065429687 -0.0978851318359375 0.0464401245117188 -0.140342712402344
-0.0845718383789063 -0.041168212890625 0.046630859375 -0.193038940429687
-0.07470703125 -0.00433349609375001 0.017608642578125 -0.208206176757813
-0.0897445678710938 0.039520263671875 -0.04443359375 -0.209518432617187
-0.101737976074219 0.0512924194335937 -0.083251953125 -0.180633544921875
-0.108787536621094 0.0408935546875 -0.0617599487304688 -0.126716613769531
-0.138374328613281 0.0395965576171875 -0.03472900390625 -0.081817626953125
-0.145782470703125 -0.0238189697265625 -0.00497055053710939 -0.0183010101318359
-0.118675231933594 -0.107513427734375 -0.00448608398437501 0.0356483459472656
-0.05548095703125 -0.158004760742187 -0.0458602905273438 0.0674247741699219
0.066925048828125 -0.174636840820313 -0.0747451782226563 0.0842514038085937
0.123123168945312 -0.184066772460937 -0.105888366699219 0.0897598266601563
0.203125 -0.1673583984375 -0.0389938354492187 0.0724258422851563
0.228622436523438 -0.138351440429688 -0.160293579101563 -0.239532470703125
0.0861358642578125 -0.125114440917969 -0.00888061523437501 -0.17974853515625
0.044830322265625 -0.107536315917969 0.093658447265625 -0.178787231445313
-0.0137252807617187 -0.0867691040039063 0.076934814453125 -0.233566284179688
-0.0293693542480469 -0.0585250854492188 0.0347900390625 -0.229156494140625
-0.0748825073242188 -0.03179931640625 -0.0241546630859375 -0.227859497070313
-0.106521606445313 -0.0192947387695313 -0.0542755126953125 -0.194915771484375
-0.11279296875 -0.0202255249023437 -0.0266952514648437 -0.136062622070313
-0.147430419921875 -0.02294921875 0.00824737548828125 -0.0950469970703125
-0.147201538085938 -0.072479248046875 0.0355415344238281 -0.0229988098144531
-0.105377197265625 -0.1529541015625 0.03131103515625 0.0316886901855469
-0.0340576171875 -0.19757080078125 -0.0146751403808594 0.0526618957519531
0.110794067382813 -0.192123413085937 -0.0305862426757813 0.0542335510253906
0.172744750976563 -0.182022094726563 -0.0379257202148437 0.0337181091308594
0.247756958007812 -0.142623901367187 0.054931640625 0.0240135192871094
0.258529663085938 -0.0721893310546875 -0.0584716796875 -0.26885986328125
0.16064453125 -0.080169677734375 0.0755157470703125 -0.20916748046875
0.136970520019531 -0.105323791503906 0.141845703125 -0.201736450195313
0.0606842041015625 -0.129234313964844 0.104324340820312 -0.253997802734375
0.0181961059570312 -0.110633850097656 0.0501861572265625 -0.226943969726563
-0.051788330078125 -0.100189208984375 -0.00318908691406248 -0.219085693359375
-0.0965499877929688 -0.0868682861328125 -0.01898193359375 -0.18206787109375
-0.099639892578125 -0.078948974609375 0.01202392578125 -0.124107360839844
-0.133445739746094 -0.0823211669921875 0.0525970458984375 -0.0914382934570313
-0.122215270996094 -0.110710144042969 0.0728378295898437 -0.019378662109375
-0.0737762451171875 -0.173797607421875 0.0616912841796875 0.0314445495605469
-0.0076446533203125 -0.204666137695312 0.0112991333007812 0.04144287109375
0.136947631835938 -0.177978515625 0.00102615356445313 0.0260066986083984
0.1949462890625 -0.15087890625 0.02020263671875 -0.0222263336181641
0.25787353515625 -0.0954132080078125 0.149322509765625 -0.017364501953125
0.24627685546875 -0.00115966796875 0.041900634765625 -0.27239990234375
0.2000732421875 -0.024505615234375 0.157012939453125 -0.220779418945312
0.201019287109375 -0.0838470458984375 0.179168701171875 -0.209091186523438
0.122482299804688 -0.147369384765625 0.122528076171875 -0.248275756835938
0.06097412109375 -0.141311645507813 0.061004638671875 -0.198684692382813
-0.0223236083984375 -0.149139404296875 0.0194549560546875 -0.181060791015625
-0.07281494140625 -0.1383056640625 0.01837158203125 -0.144683837890625
-0.07086181640625 -0.126091003417969 0.04840087890625 -0.093231201171875
-0.0980453491210938 -0.13165283203125 0.0887069702148437 -0.0683975219726563
-0.0751266479492188 -0.13861083984375 0.0979995727539063 -0.00459289550781251
-0.0200653076171875 -0.1756591796875 0.078369140625 0.0385284423828125
0.037841796875 -0.185073852539062 0.0262012481689453 0.0349502563476562
0.15911865234375 -0.130813598632813 0.0188827514648438 0.00403404235839843
0.200653076171875 -0.085906982421875 0.0668716430664063 -0.0634002685546875
0.237518310546875 -0.027801513671875 0.23443603515625 -0.04046630859375
0.191543579101563 0.0640411376953125 0.120773315429688 -0.254119873046875
0.191482543945312 0.0334930419921875 0.21661376953125 -0.216949462890625
0.214324951171875 -0.04156494140625 0.193710327148437 -0.203521728515625
0.15155029296875 -0.127899169921875 0.125335693359375 -0.219146728515625
0.0906829833984375 -0.134590148925781 0.0631103515625 -0.15179443359375
0.0141448974609375 -0.163528442382813 0.0393905639648438 -0.125259399414063
-0.034820556640625 -0.165359497070313 0.0526351928710938 -0.0906753540039063
-0.031951904296875 -0.154037475585938 0.0768356323242188 -0.0492401123046875
-0.0491180419921875 -0.165542602539063 0.112083435058594 -0.027801513671875
-0.016021728515625 -0.153839111328125 0.10601806640625 0.0260009765625
0.04388427734375 -0.161529541015625 0.0778121948242188 0.05706787109375
0.0904083251953125 -0.146682739257813 0.0311965942382813 0.0388679504394531
0.178817749023438 -0.06060791015625 0.0272541046142578 -0.00115203857421875
0.191970825195313 0.0013885498046875 0.104316711425781 -0.07647705078125
0.189559936523437 0.0556182861328125 0.30023193359375 -0.036956787109375
0.103584289550781 0.117851257324219 0.162857055664062 -0.220382690429687
0.135910034179688 0.0845947265625 0.240493774414063 -0.19891357421875
0.173660278320313 0.0140228271484375 0.181076049804688 -0.186767578125
0.14312744140625 -0.072235107421875 0.11163330078125 -0.176513671875
0.103416442871094 -0.088897705078125 0.0562820434570313 -0.100654602050781
0.05419921875 -0.140914916992188 0.0513801574707031 -0.0653152465820313
0.0131378173828125 -0.163330078125 0.0766525268554688 -0.0313568115234375
0.012603759765625 -0.158584594726563 0.0936431884765625 0.00196075439453124
0.0047760009765625 -0.177032470703125 0.119422912597656 0.0263519287109375
0.037689208984375 -0.1536865234375 0.0954818725585937 0.0706100463867187
0.0973968505859375 -0.135330200195313 0.063140869140625 0.0867233276367187
0.131256103515625 -0.0997161865234375 0.0258293151855469 0.0572090148925781
0.183181762695313 0.0121307373046875 0.0290985107421875 0.0161876678466797
0.166854858398438 0.0875244140625 0.129356384277344 -0.05328369140625
0.121452331542969 0.131202697753906 0.33892822265625 -0.000976562499999992
0.00085449218749999 0.154693603515625 0.159591674804688 -0.175567626953125
0.0520477294921875 0.12445068359375 0.2236328125 -0.16827392578125
0.0964508056640625 0.075653076171875 0.149917602539063 -0.157440185546875
0.108741760253906 0.008331298828125 0.0897140502929688 -0.134162902832031
0.102340698242187 -0.016571044921875 0.0403366088867188 -0.0604743957519531
0.0956497192382813 -0.0896835327148438 0.0499992370605469 -0.0152549743652344
0.06463623046875 -0.136802673339844 0.0827178955078125 0.0226974487304687
0.0543899536132813 -0.138778686523437 0.0947418212890625 0.0527420043945312
0.0520172119140625 -0.16241455078125 0.112777709960938 0.0862808227539062
0.0749435424804688 -0.133384704589844 0.0749893188476563 0.120651245117187
0.123771667480469 -0.0977706909179687 0.0410232543945313 0.124862670898437
0.14508056640625 -0.0538787841796875 0.0151519775390625 0.0894393920898437
0.163787841796875 0.06597900390625 0.0200691223144531 0.05523681640625
0.119583129882813 0.152908325195313 0.13616943359375 0.00209808349609376
0.038726806640625 0.184112548828125 0.342681884765625 0.060150146484375
0.04840087890625 -0.220458984375 -0.32830810546875 -0.0750732421875001
-0.108474731445312 -0.134414672851563 -0.141586303710938 -0.039886474609375
-0.140510559082031 -0.0549697875976562 0.00603485107421874 -0.0895843505859375
-0.134254455566406 0.0295944213867187 0.013519287109375 -0.144256591796875
-0.09490966796875 0.064666748046875 -0.0157470703125 -0.176361083984375
-0.0674285888671875 0.115684509277344 -0.079010009765625 -0.170928955078125
-0.0564804077148438 0.123176574707031 -0.123443603515625 -0.137229919433594
-0.0652236938476563 0.108650207519531 -0.1041259765625 -0.0931777954101562
-0.0829086303710938 0.115493774414062 -0.0811920166015625 -0.0495986938476563
-0.110954284667969 0.056884765625 -0.0455131530761719 -0.00634002685546875
-0.122428894042969 -0.0118637084960938 -0.0373420715332031 0.044158935546875
-0.0982284545898437 -0.0688018798828125 -0.0696640014648438 0.0907135009765625
-0.034210205078125 -0.135025024414063 -0.1163330078125 0.122314453125
0.008270263671875 -0.174407958984375 -0.162582397460937 0.159713745117188
0.091064453125 -0.194229125976563 -0.112068176269531 0.137794494628906
0.135650634765625 -0.208145141601563 -0.283477783203125 -0.15618896484375
-0.0269012451171875 -0.14324951171875 -0.105354309082031 -0.113365173339844
-0.0652313232421875 -0.082489013671875 0.030517578125 -0.14227294921875
-0.0861053466796875 -0.01800537109375 0.028564453125 -0.197265625
-0.06622314453125 0.0130348205566406 -0.00309753417968749 -0.212142944335938
-0.0720672607421875 0.0528106689453125 -0.0672454833984375 -0.210357666015625
-0.084869384765625 0.0629119873046875 -0.109344482421875 -0.1776123046875
-0.0939483642578125 0.05413818359375 -0.0842742919921875 -0.124755859375
-0.123069763183594 0.0577011108398438 -0.0556716918945312 -0.0818099975585938
-0.140853881835938 -0.0022735595703125 -0.0176525115966797 -0.0251312255859375
-0.129493713378906 -0.0844497680664063 -0.0108146667480469 0.0289440155029297
-0.078857421875 -0.144561767578125 -0.0460014343261719 0.0652732849121094
0.035919189453125 -0.18328857421875 -0.0708160400390625 0.083465576171875
0.0901641845703125 -0.2037353515625 -0.104766845703125 0.0977783203125
0.17584228515625 -0.200485229492188 -0.0437088012695312 0.0751724243164062
0.211517333984375 -0.166427612304688 -0.206634521484375 -0.222625732421875
0.068206787109375 -0.128799438476563 -0.0412750244140625 -0.174087524414063
0.03179931640625 -0.105690002441406 0.071563720703125 -0.1861572265625
-0.0198593139648437 -0.0758590698242188 0.051239013671875 -0.2410888671875
-0.0272178649902344 -0.0500030517578125 0.008941650390625 -0.23504638671875
-0.0672225952148438 -0.0229530334472656 -0.052734375 -0.230224609375
-0.101425170898437 -0.00943756103515626 -0.0858306884765625 -0.193679809570312
-0.108406066894531 -0.00913238525390624 -0.0527877807617188 -0.135940551757813
-0.144393920898438 -0.00584411621093752 -0.0164031982421875 -0.0991744995117187
-0.150543212890625 -0.0538787841796875 0.0187835693359375 -0.0327968597412109
-0.122161865234375 -0.136749267578125 0.0206069946289062 0.02178955078125
-0.0603179931640625 -0.19140625 -0.020263671875 0.0470848083496094
0.0836639404296875 -0.207260131835937 -0.0339279174804687 0.0463829040527344
0.14666748046875 -0.207504272460938 -0.0455894470214844 0.030853271484375
0.231170654296875 -0.1802978515625 0.0430870056152344 0.0129165649414062
0.256561279296875 -0.102569580078125 -0.107833862304688 -0.266571044921875
0.154632568359375 -0.0947723388671875 0.0395965576171875 -0.21551513671875
0.130332946777344 -0.118743896484375 0.116180419921875 -0.215118408203125
0.051055908203125 -0.133140563964844 0.073211669921875 -0.265899658203125
0.0136795043945313 -0.112510681152344 0.023040771484375 -0.234710693359375
-0.056365966796875 -0.09722900390625 -0.033477783203125 -0.221511840820313
-0.105392456054688 -0.08001708984375 -0.0508270263671875 -0.182815551757813
-0.106147766113281 -0.0717315673828125 -0.013824462890625 -0.126106262207031
-0.142074584960938 -0.0691070556640625 0.0267181396484375 -0.0988540649414062
-0.133682250976562 -0.0987091064453125 0.0544013977050781 -0.0314521789550781
-0.0939483642578125 -0.166900634765625 0.049072265625 0.020172119140625
-0.0330352783203125 -0.207077026367187 0.00109291076660156 0.0334606170654297
0.118423461914063 -0.198654174804688 -0.00786781311035156 0.0134553909301758
0.180007934570312 -0.178878784179688 0.00501060485839845 -0.0340557098388672
0.253662109375 -0.131332397460938 0.133720397949219 -0.0419692993164063
0.259521484375 -0.0280609130859375 -0.00531005859374999 -0.283294677734375
0.20733642578125 -0.0456695556640625 0.121078491210938 -0.238632202148438
0.20269775390625 -0.108840942382813 0.151260375976563 -0.227386474609375
0.111404418945313 -0.164718627929688 0.0912628173828125 -0.260421752929688
0.050811767578125 -0.153518676757813 0.0364227294921875 -0.205825805664063
-0.0377349853515625 -0.153228759765625 -0.00694274902343749 -0.186004638671875
-0.0924224853515625 -0.136062622070312 -0.008575439453125 -0.147552490234375
-0.0884475708007813 -0.12353515625 0.0276565551757812 -0.097808837890625
-0.117584228515625 -0.125213623046875 0.0663528442382812 -0.0779876708984375
-0.0940933227539063 -0.134780883789062 0.0811996459960937 -0.0163650512695313
-0.0419158935546875 -0.179779052734375 0.065826416015625 0.0278739929199219
0.016510009765625 -0.197341918945313 0.0144577026367187 0.0264759063720703
0.1524658203125 -0.155242919921875 0.00694656372070314 -0.00974082946777345
0.201126098632813 -0.11328125 0.047882080078125 -0.0819854736328125
0.247024536132813 -0.0576171875 0.218414306640625 -0.0756072998046875
0.216583251953125 0.044952392578125 0.082550048828125 -0.275344848632813
0.210617065429688 0.0124359130859375 0.185455322265625 -0.243789672851563
0.225494384765625 -0.0721435546875 0.167388916015625 -0.2247314453125
0.143264770507813 -0.154998779296875 0.096832275390625 -0.230514526367188
0.079193115234375 -0.15484619140625 0.0444793701171875 -0.157012939453125
-0.00871276855468748 -0.17462158203125 0.0202407836914063 -0.130279541015625
-0.0626220703125 -0.16845703125 0.034637451171875 -0.0960235595703125
-0.0569000244140625 -0.15625 0.0636558532714844 -0.0545921325683594
-0.0779876708984375 -0.166213989257812 0.0966033935546875 -0.0374984741210938
-0.0401611328125 -0.159713745117188 0.09307861328125 0.0168685913085937
0.0225372314453125 -0.177291870117188 0.06890869140625 0.0483207702636719
0.074554443359375 -0.169143676757813 0.0192852020263672 0.0309238433837891
0.183761596679688 -0.0885772705078125 0.0160598754882813 -0.0151090621948242
0.2083740234375 -0.02392578125 0.0870590209960938 -0.0988540649414063
0.21282958984375 0.0340423583984375 0.288116455078125 -0.078857421875
0.135986328125 0.109947204589844 0.134521484375 -0.246002197265625
0.163681030273438 0.0698394775390625 0.215713500976563 -0.229690551757812
0.193496704101563 -0.0130767822265625 0.15777587890625 -0.206100463867188
0.142532348632813 -0.101364135742188 0.0890655517578125 -0.185714721679688
0.095184326171875 -0.113510131835938 0.0451736450195313 -0.103004455566406
0.0308685302734375 -0.158203125 0.0428924560546875 -0.0693397521972657
-0.0184783935546875 -0.173110961914063 0.0696144104003906 -0.0382156372070313
-0.0161285400390625 -0.165603637695313 0.0892257690429688 -0.00373840332031251
-0.0290069580078125 -0.183502197265625 0.113800048828125 0.0174636840820312
0.0111541748046875 -0.166183471679688 0.0897369384765625 0.0649337768554687
0.0771331787109375 -0.1591796875 0.0594940185546875 0.0821533203125
0.121200561523438 -0.129203796386719 0.0184097290039063 0.0507926940917969
0.2000732421875 -0.0175323486328125 0.0224647521972656 0.00348663330078125
0.195648193359375 0.0665740966796875 0.119300842285156 -0.0778884887695313
0.156051635742188 0.119964599609375 0.33624267578125 -0.04547119140625
0.0361175537109375 0.160369873046875 0.142791748046875 -0.19866943359375
0.0837326049804688 0.120773315429688 0.207122802734375 -0.196975708007812
0.123184204101563 0.058319091796875 0.130538940429688 -0.172515869140625
0.116920471191406 -0.0175247192382813 0.0739822387695313 -0.137489318847656
0.10186767578125 -0.0416793823242188 0.0373268127441406 -0.0582618713378906
0.075225830078125 -0.111824035644531 0.0510597229003906 -0.0172386169433594
0.03436279296875 -0.151290893554688 0.0870742797851563 0.0164031982421875
0.0257110595703125 -0.150192260742188 0.100700378417969 0.0475234985351562
0.0178375244140625 -0.173263549804688 0.117912292480469 0.0790023803710937
0.0481414794921875 -0.149337768554688 0.0789794921875 0.119651794433594
0.105712890625 -0.125846862792969 0.0442733764648438 0.122611999511719
0.138435363769531 -0.0863800048828125 0.0139541625976563 0.0849380493164063
0.185409545898438 0.0377349853515625 0.0217132568359375 0.0453414916992188
0.156539916992188 0.1358642578125 0.137451171875 -0.0215682983398437
0.078460693359375 0.183914184570313 0.354339599609375 0.01751708984375
0.0120086669921875 -0.220947265625 -0.33819580078125 -0.0389404296875001
-0.129066467285156 -0.112022399902344 -0.144851684570313 -0.018035888671875
-0.14947509765625 -0.028717041015625 0.00164031982421874 -0.0842056274414063
-0.124435424804687 0.0549468994140625 0.00781249999999999 -0.142425537109375
-0.0785980224609375 0.0794525146484375 -0.025238037109375 -0.174667358398438
-0.0422439575195313 0.120460510253906 -0.088714599609375 -0.167465209960938
-0.032257080078125 0.125007629394531 -0.135513305664062 -0.129486083984375
-0.0427780151367188 0.111373901367187 -0.115341186523438 -0.086517333984375
-0.0566635131835938 0.120826721191406 -0.0903472900390625 -0.0441055297851563
-0.093109130859375 0.0703277587890625 -0.0523490905761719 -0.00753021240234376
-0.115814208984375 0.00997924804687499 -0.0399818420410156 0.0417976379394531
-0.105255126953125 -0.0473861694335937 -0.06500244140625 0.0895614624023438
-0.0588912963867187 -0.124099731445313 -0.10693359375 0.124809265136719
-0.0239105224609375 -0.171142578125 -0.149642944335937 0.170745849609375
0.0574798583984375 -0.2039794921875 -0.104049682617187 0.1478271484375
0.1044921875 -0.217239379882813 -0.30621337890625 -0.123321533203125
-0.0464324951171875 -0.128875732421875 -0.120063781738281 -0.0941009521484375
-0.0745162963867188 -0.0644683837890625 0.0185699462890625 -0.138236999511719
-0.0804824829101563 0.00181579589843748 0.0137786865234375 -0.194381713867188
-0.0540504455566406 0.0244178771972656 -0.0198516845703125 -0.210067749023438
-0.0525169372558594 0.0580940246582031 -0.084014892578125 -0.20562744140625
-0.067047119140625 0.0666847229003906 -0.129592895507813 -0.168563842773437
-0.0779953002929687 0.0595474243164063 -0.101394653320312 -0.117256164550781
-0.104560852050781 0.0670318603515625 -0.0719070434570313 -0.0763320922851562
-0.129676818847656 0.013336181640625 -0.0308055877685547 -0.0268917083740234
-0.12982177734375 -0.0639877319335937 -0.0195026397705078 0.0255813598632812
-0.0930328369140625 -0.127265930175781 -0.0477867126464844 0.0626182556152344
0.00924682617187499 -0.180511474609375 -0.0700607299804688 0.0802383422851562
0.057861328125 -0.209609985351563 -0.102737426757812 0.103721618652344
0.14520263671875 -0.21923828125 -0.0476455688476562 0.0776596069335938
0.189773559570313 -0.183670043945313 -0.23980712890625 -0.196853637695313
0.0533065795898437 -0.125869750976563 -0.0650634765625 -0.159744262695313
0.0226211547851563 -0.100051879882813 0.052642822265625 -0.18524169921875
-0.0209617614746094 -0.0648727416992188 0.0289154052734375 -0.23931884765625
-0.022125244140625 -0.0438957214355469 -0.0122528076171875 -0.232864379882813
-0.0578765869140625 -0.0184059143066406 -0.075286865234375 -0.223785400390625
-0.0947265625 -0.00350189208984376 -0.110687255859375 -0.18414306640625
-0.101341247558594 -0.00263214111328124 -0.0740966796875 -0.128623962402344
-0.135917663574219 0.00533294677734373 -0.0385818481445313 -0.0947189331054688
-0.14727783203125 -0.0386505126953125 0.00162506103515624 -0.0360031127929688
-0.129966735839844 -0.119491577148438 0.00868797302246093 0.0174150466918945
-0.0786590576171875 -0.178619384765625 -0.0283889770507813 0.0437583923339844
0.0585784912109375 -0.2120361328125 -0.0400543212890625 0.039154052734375
0.119293212890625 -0.220184326171875 -0.054656982421875 0.0297927856445312
0.207366943359375 -0.20477294921875 0.0295696258544922 0.00681114196777342
0.24627685546875 -0.125244140625 -0.146408081054687 -0.250076293945313
0.145645141601563 -0.103927612304687 0.00991821289062501 -0.208572387695313
0.122650146484375 -0.126808166503906 0.0924072265625 -0.217681884765625
0.0433120727539063 -0.133071899414063 0.0469818115234375 -0.264328002929688
0.0109176635742188 -0.112274169921875 0.000274658203125014 -0.231735229492188
-0.0584716796875 -0.0948638916015625 -0.0579833984375 -0.216415405273438
-0.110107421875 -0.072784423828125 -0.076446533203125 -0.173995971679687
-0.109153747558594 -0.0642166137695313 -0.0341567993164063 -0.120956420898438
-0.144424438476563 -0.0577392578125 0.00308227539062499 -0.0963058471679687
-0.138671875 -0.0860366821289063 0.0358238220214844 -0.0345001220703125
-0.10687255859375 -0.156036376953125 0.0346736907958984 0.0151233673095703
-0.0520172119140625 -0.20184326171875 -0.0113735198974609 0.0294570922851562
0.09918212890625 -0.209579467773437 -0.0203132629394531 0.00481414794921874
0.161666870117188 -0.195709228515625 -0.0127639770507812 -0.0393180847167969
0.240753173828125 -0.157913208007813 0.112541198730469 -0.0559463500976563
0.261795043945313 -0.05340576171875 -0.0454254150390625 -0.27764892578125
0.2081298828125 -0.06317138671875 0.0883789062500001 -0.241744995117188
0.198715209960938 -0.130142211914063 0.12615966796875 -0.234054565429687
0.098602294921875 -0.176025390625 0.0640716552734375 -0.260986328125
0.040863037109375 -0.161148071289062 0.0157623291015625 -0.203323364257813
-0.05096435546875 -0.152023315429688 -0.0295562744140625 -0.181411743164063
-0.107864379882813 -0.129692077636719 -0.03143310546875 -0.14178466796875
-0.101181030273438 -0.117294311523438 0.0100860595703125 -0.0940093994140625
-0.132003784179687 -0.114883422851563 0.045013427734375 -0.0786056518554688
-0.107383728027344 -0.127243041992188 0.0633773803710938 -0.019775390625
-0.0594329833984375 -0.177200317382812 0.0512619018554687 0.0232200622558594
-0.00302124023437502 -0.201522827148438 0.000537872314453125 0.023406982421875
0.140914916992188 -0.172744750976563 -0.00832557678222655 -0.0186405181884766
0.194168090820312 -0.135223388671875 0.02569580078125 -0.091888427734375
0.247390747070312 -0.0834808349609375 0.194183349609375 -0.098175048828125
0.232147216796875 0.0223388671875 0.04400634765625 -0.279678344726563
0.220855712890625 -0.0096282958984375 0.153656005859375 -0.25555419921875
0.227294921875 -0.100189208984375 0.140625 -0.23199462890625
0.130584716796875 -0.1748046875 0.071990966796875 -0.231582641601563
0.0650787353515625 -0.16864013671875 0.0288238525390625 -0.15576171875
-0.02886962890625 -0.177993774414063 0.00388336181640626 -0.128250122070313
-0.0863037109375 -0.163803100585937 0.0179824829101562 -0.0939559936523438
-0.0781707763671875 -0.151687622070313 0.0514183044433594 -0.054229736328125
-0.100814819335938 -0.158172607421875 0.0805282592773438 -0.0400466918945313
-0.0611114501953125 -0.156982421875 0.079315185546875 0.0140151977539062
0.000747680664062504 -0.183792114257813 0.0569076538085938 0.0450363159179687
0.0565185546875 -0.18328857421875 0.00624465942382813 0.0285568237304687
0.182418823242187 -0.112518310546875 0.00174331665039064 -0.0239048004150391
0.214935302734375 -0.0494537353515625 0.065216064453125 -0.113212585449219
0.227752685546875 0.0115509033203125 0.266494750976563 -0.107894897460938
0.1614990234375 0.0946044921875 0.10516357421875 -0.257614135742188
0.182723999023438 0.050018310546875 0.187850952148438 -0.2467041015625
0.203445434570313 -0.0408477783203125 0.133285522460938 -0.213272094726563
0.1337890625 -0.125411987304688 0.0702056884765625 -0.184982299804688
0.082611083984375 -0.131217956542969 0.0370330810546875 -0.100738525390625
0.00682067871093751 -0.166213989257813 0.0348968505859375 -0.0693817138671875
-0.0466461181640625 -0.171798706054688 0.06207275390625 -0.0408782958984375
-0.0419769287109375 -0.163803100585938 0.0846481323242188 -0.00642395019531251
-0.0580291748046875 -0.179290771484375 0.105354309082031 0.0130538940429687
-0.0150299072265625 -0.167831420898438 0.0833740234375 0.0632705688476562
0.053619384765625 -0.172744750976563 0.0522232055664063 0.0799179077148437
0.104888916015625 -0.149734497070313 0.00874710083007813 0.0482902526855469
0.204803466796875 -0.0457763671875 0.0117950439453125 -0.00553035736083985
0.2139892578125 0.0393218994140625 0.103218078613281 -0.0957183837890625
0.181472778320313 0.102554321289063 0.32196044921875 -0.07952880859375
0.0678863525390625 0.154220581054688 0.123794555664063 -0.212631225585937
0.10992431640625 0.1082763671875 0.186599731445313 -0.214630126953125
0.140609741210938 0.03582763671875 0.11236572265625 -0.176910400390625
0.116317749023438 -0.041473388671875 0.06268310546875 -0.135459899902344
0.0948333740234375 -0.06170654296875 0.0363121032714844 -0.0551872253417969
0.0532150268554688 -0.124504089355469 0.05279541015625 -0.019195556640625
0.00614929199218751 -0.154281616210937 0.088653564453125 0.010223388671875
-0.000885009765624992 -0.151565551757812 0.103645324707031 0.0424118041992188
-0.0131378173828125 -0.172760009765625 0.119728088378906 0.0730819702148437
0.020477294921875 -0.154266357421875 0.0804519653320313 0.118034362792969
0.08233642578125 -0.1434326171875 0.0445785522460937 0.120834350585937
0.124198913574219 -0.110267639160156 0.0106964111328125 0.0814590454101563
0.195663452148438 0.0084686279296875 0.0188369750976563 0.0363616943359375
0.181869506835938 0.11187744140625 0.13128662109375 -0.0418014526367187
0.111404418945313 0.172821044921875 0.35064697265625 -0.01849365234375
-0.0160369873046875 -0.215682983398437 -0.34075927734375 -0.010467529296875
-0.140655517578125 -0.0905609130859375 -0.143630981445313 -0.000762939453125011
-0.1513671875 -0.00572204589843748 0.000282287597656236 -0.0800247192382813
-0.112052917480469 0.0733566284179687 0.00607299804687499 -0.141372680664063
-0.0625991821289063 0.0874862670898438 -0.031005859375 -0.173187255859375
-0.0208358764648437 0.119728088378906 -0.0945587158203125 -0.165435791015625
-0.0123138427734375 0.120536804199219 -0.144073486328125 -0.124359130859375
-0.02557373046875 0.109336853027344 -0.123161315917969 -0.0808486938476563
-0.0360565185546875 0.119499206542969 -0.0975189208984375 -0.0379867553710938
-0.07611083984375 0.0768661499023437 -0.0590858459472656 -0.00746917724609374
-0.105010986328125 0.024566650390625 -0.0439682006835938 0.0400543212890625
-0.106544494628906 -0.0294876098632812 -0.0639190673828125 0.0869522094726563
-0.0760879516601563 -0.110435485839844 -0.101844787597656 0.123237609863281
-0.04815673828125 -0.16217041015625 -0.14007568359375 0.177291870117187
0.0288238525390625 -0.206039428710938 -0.09881591796875 0.153366088867187
0.079315185546875 -0.218673706054688 -0.31964111328125 -0.0949707031250001
-0.0568695068359375 -0.113800048828125 -0.127853393554687 -0.0759811401367188
-0.0771713256835938 -0.0480499267578125 0.0110549926757812 -0.133232116699219
-0.0716934204101563 0.0160064697265625 0.00538635253906248 -0.191619873046875
-0.0418243408203125 0.0299339294433594 -0.029998779296875 -0.206527709960938
-0.0367317199707031 0.0572395324707031 -0.0955352783203125 -0.201263427734375
-0.0533332824707031 0.0653915405273437 -0.143035888671875 -0.159744262695313
-0.0652198791503906 0.0590629577636719 -0.114540100097656 -0.11004638671875
-0.08843994140625 0.0691452026367188 -0.0848312377929688 -0.0688400268554688
-0.11767578125 0.0220260620117188 -0.0424880981445313 -0.0264892578125
-0.125640869140625 -0.0493698120117188 -0.0279254913330078 0.0240516662597656
-0.0994796752929688 -0.111656188964844 -0.0519523620605469 0.0610466003417969
-0.0101776123046875 -0.173690795898438 -0.0728607177734375 0.0766830444335937
0.032379150390625 -0.207748413085938 -0.103401184082031 0.107528686523437
0.118362426757813 -0.22857666015625 -0.0519561767578125 0.081024169921875
0.171096801757813 -0.191848754882812 -0.26226806640625 -0.172653198242188
0.0442581176757813 -0.119186401367188 -0.0806427001953125 -0.144012451171875
0.0182723999023438 -0.0930404663085938 0.0401458740234375 -0.181350708007812
-0.0173721313476563 -0.0564842224121094 0.0150299072265625 -0.235626220703125
-0.0154190063476562 -0.0413093566894531 -0.0261993408203125 -0.227752685546875
-0.049163818359375 -0.0187110900878906 -0.090484619140625 -0.217987060546875
-0.088043212890625 -0.00173187255859376 -0.127944946289063 -0.1734619140625
-0.0948638916015625 -0.000541687011718738 -0.0883941650390625 -0.120162963867188
-0.127334594726562 0.01025390625 -0.0545272827148438 -0.0871124267578125
-0.141647338867188 -0.0289459228515625 -0.0133628845214844 -0.0348243713378906
-0.131439208984375 -0.10675048828125 -0.00382041931152344 0.0169534683227539
-0.0895538330078125 -0.167343139648438 -0.0374488830566406 0.042755126953125
0.0400390625 -0.211685180664063 -0.0493812561035156 0.0342674255371094
0.0966033935546875 -0.22479248046875 -0.0643348693847656 0.0312767028808594
0.186538696289063 -0.218780517578125 0.0166139602661133 0.00529479980468749
0.238021850585938 -0.140518188476563 -0.17498779296875 -0.23175048828125
0.141357421875 -0.107635498046875 -0.011810302734375 -0.197952270507813
0.117691040039063 -0.131568908691406 0.076568603515625 -0.215225219726563
0.0396575927734375 -0.131767272949219 0.0295562744140625 -0.259780883789063
0.0101776123046875 -0.114364624023438 -0.0145111083984375 -0.22686767578125
-0.0587615966796875 -0.0938339233398438 -0.0748748779296875 -0.208999633789063
-0.112174987792969 -0.0685882568359375 -0.09478759765625 -0.163894653320313
-0.11041259765625 -0.0610427856445312 -0.0495758056640625 -0.112861633300781
-0.145462036132813 -0.0503082275390625 -0.0147705078125 -0.089508056640625
-0.140144348144531 -0.0777587890625 0.0200538635253906 -0.0328598022460938
-0.114471435546875 -0.147109985351563 0.0208930969238281 0.0160121917724609
-0.0650634765625 -0.195480346679688 -0.0229206085205078 0.0303974151611328
0.084442138671875 -0.215240478515625 -0.0345935821533203 -0.000539779663085948
0.145782470703125 -0.207122802734375 -0.0287055969238281 -0.0408363342285156
0.229202270507813 -0.176193237304688 0.0942001342773438 -0.0627288818359375
0.263534545898437 -0.0717926025390625 -0.0762786865234375 -0.2672119140625
0.207977294921875 -0.0760498046875 0.0636138916015625 -0.237152099609375
0.194122314453125 -0.14520263671875 0.107101440429688 -0.232986450195313
0.08880615234375 -0.182754516601563 0.0457611083984375 -0.2572021484375
0.03363037109375 -0.1666259765625 0.0032501220703125 -0.199615478515625
-0.060455322265625 -0.1514892578125 -0.0446319580078125 -0.175186157226563
-0.118293762207031 -0.1231689453125 -0.0472488403320313 -0.133384704589844
-0.109809875488281 -0.112251281738281 -0.00360107421875001 -0.0876922607421875
-0.1407470703125 -0.106201171875 0.0285186767578125 -0.072418212890625
-0.116233825683594 -0.120193481445313 0.0484619140625 -0.0163116455078125
-0.0720977783203125 -0.174285888671875 0.0383796691894531 0.0256156921386719
-0.017730712890625 -0.202392578125 -0.0132827758789063 0.0246315002441406
0.13232421875 -0.185317993164062 -0.0246810913085937 -0.0229167938232422
0.187484741210938 -0.1517333984375 0.0050201416015625 -0.0962142944335938
0.246444702148437 -0.103225708007813 0.172821044921875 -0.110137939453125
0.2425537109375 0.00335693359375 0.01483154296875 -0.2767333984375
0.2271728515625 -0.02783203125 0.128402709960938 -0.257339477539063
0.226791381835937 -0.122207641601563 0.1220703125 -0.232574462890625
0.118728637695313 -0.188568115234375 0.0557098388671875 -0.227828979492188
0.05413818359375 -0.179183959960938 0.0193939208984375 -0.152099609375
-0.0458984375 -0.17828369140625 -0.00708770751953124 -0.123931884765625
-0.104537963867187 -0.1572265625 0.00687408447265624 -0.0892410278320313
-0.093353271484375 -0.14642333984375 0.04248046875 -0.0510444641113281
-0.117660522460938 -0.1492919921875 0.0678977966308594 -0.0367774963378906
-0.0756988525390625 -0.152587890625 0.0681419372558594 0.0177955627441406
-0.0164337158203125 -0.18646240234375 0.0462303161621094 0.0476226806640625
0.04119873046875 -0.191436767578125 -0.00618171691894531 0.0301189422607422
0.1788330078125 -0.1318359375 -0.0136661529541015 -0.0280437469482422
0.218521118164063 -0.070526123046875 0.0452194213867188 -0.120460510253906
0.236984252929688 -0.008209228515625 0.246246337890625 -0.1251220703125
0.180419921875 0.0778961181640625 0.08099365234375 -0.261459350585938
0.196578979492188 0.0318756103515625 0.166458129882812 -0.254226684570313
0.207748413085938 -0.066162109375 0.1160888671875 -0.213714599609375
0.123764038085938 -0.143692016601563 0.0584259033203125 -0.1815185546875
0.07080078125 -0.144638061523438 0.0333938598632813 -0.0976028442382813
-0.0131072998046875 -0.169097900390625 0.0294723510742188 -0.0683937072753906
-0.0688934326171875 -0.165908813476562 0.0566444396972656 -0.0399551391601563
-0.061492919921875 -0.159271240234375 0.0813827514648437 -0.00578308105468751
-0.0803680419921875 -0.170913696289063 0.0996627807617188 0.0137557983398437
-0.0345916748046875 -0.1654052734375 0.0772857666015625 0.0662994384765625
0.0334320068359375 -0.179641723632813 0.0457077026367187 0.0820846557617187
0.0892486572265625 -0.163818359375 -0.00057983398437499 0.0492324829101562
0.206741333007813 -0.0706024169921875 0.000992774963378918 -0.0105667114257813
0.225631713867187 0.01611328125 0.0875396728515625 -0.107009887695313
0.200271606445313 0.0847625732421875 0.30670166015625 -0.10107421875
0.092041015625 0.1435546875 0.107955932617188 -0.219863891601563
0.1295166015625 0.0939559936523437 0.170852661132813 -0.224655151367188
0.151763916015625 0.0139007568359375 0.0996551513671875 -0.177276611328125
0.111961364746094 -0.06072998046875 0.0567245483398438 -0.131858825683594
0.0855331420898438 -0.0764999389648438 0.0381393432617188 -0.0518798828125
0.0334091186523438 -0.130302429199219 0.0539398193359375 -0.0201339721679688
-0.01708984375 -0.151443481445313 0.0904617309570313 0.00704193115234374
-0.0218963623046875 -0.147705078125 0.106788635253906 0.0397109985351562
-0.0377655029296875 -0.166152954101563 0.1201171875 0.0702590942382812
-0.0012359619140625 -0.153167724609375 0.0814971923828125 0.119544982910156
0.0612945556640625 -0.15240478515625 0.0430374145507813 0.12188720703125
0.108482360839844 -0.126754760742188 0.00558471679687501 0.0806884765625
0.19964599609375 -0.01654052734375 0.0139102935791016 0.0298118591308594
0.198593139648438 0.088165283203125 0.122390747070313 -0.0563888549804687
0.1348876953125 0.158660888671875 0.34442138671875 -0.04278564453125
-0.0388946533203125 -0.210067749023438 -0.34588623046875 0.0101013183593749
-0.148605346679688 -0.073486328125 -0.141571044921875 0.01275634765625
-0.1524658203125 0.01318359375 0.00167083740234375 -0.0781173706054687
-0.100852966308594 0.0871353149414062 0.00613403320312501 -0.14337158203125
-0.0496139526367188 0.09332275390625 -0.034698486328125 -0.175643920898438
-0.00395965576171876 0.117301940917969 -0.099822998046875 -0.168045043945313
0.00223541259765625 0.115943908691406 -0.152145385742188 -0.122421264648437
-0.0123214721679687 0.106819152832031 -0.131195068359375 -0.077789306640625
-0.0202560424804688 0.115989685058594 -0.104690551757813 -0.0341873168945313
-0.0629806518554688 0.079620361328125 -0.0663185119628906 -0.00719070434570313
-0.095550537109375 0.0344161987304687 -0.0497093200683594 0.0397682189941406
-0.106285095214844 -0.0153961181640625 -0.0671157836914062 0.087158203125
-0.0896759033203125 -0.0984725952148438 -0.102470397949219 0.122955322265625
-0.067901611328125 -0.153350830078125 -0.136962890625 0.18377685546875
0.0060882568359375 -0.207916259765625 -0.0970611572265625 0.159530639648437
0.0615692138671875 -0.21893310546875 -0.33270263671875 -0.0732116699218751
-0.0640411376953125 -0.101119995117188 -0.133659362792969 -0.0614089965820313
-0.077850341796875 -0.0345840454101563 0.00750732421874999 -0.130607604980469
-0.0622100830078125 0.0267410278320313 0.000976562499999978 -0.191864013671875
-0.0302181243896484 0.0331497192382812 -0.036407470703125 -0.20703125
-0.0240478515625 0.0542869567871094 -0.104537963867187 -0.201675415039063
-0.0432052612304687 0.0622406005859375 -0.155929565429688 -0.155792236328125
-0.0560836791992188 0.0569572448730469 -0.125968933105469 -0.104148864746094
-0.078155517578125 0.0680007934570312 -0.095794677734375 -0.0628814697265625
-0.109169006347656 0.026214599609375 -0.052978515625 -0.0242156982421875
-0.121231079101563 -0.0399398803710938 -0.0367507934570313 0.0258255004882812
-0.103912353515625 -0.100372314453125 -0.0596923828125 0.0618400573730469
-0.0237884521484375 -0.168609619140625 -0.0790252685546875 0.0751266479492187
0.01385498046875 -0.205795288085938 -0.107742309570312 0.11236572265625
0.09942626953125 -0.23553466796875 -0.0573654174804687 0.0852584838867188
0.159988403320313 -0.198532104492188 -0.281646728515625 -0.152130126953125
0.03997802734375 -0.1146240234375 -0.0920562744140625 -0.130805969238281
0.0174407958984375 -0.0879745483398438 0.0335693359375 -0.178695678710938
-0.0124931335449219 -0.0510787963867187 0.00643920898437501 -0.234954833984375
-0.00857543945312501 -0.0417709350585938 -0.034454345703125 -0.226959228515625
-0.0433464050292969 -0.02154541015625 -0.103240966796875 -0.215484619140625
-0.0849456787109375 -0.00267791748046875 -0.142684936523437 -0.1668701171875
-0.0918655395507813 -0.00146484374999998 -0.101470947265625 -0.113861083984375
-0.123016357421875 0.01177978515625 -0.0678024291992188 -0.0802841186523438
-0.138160705566406 -0.0242996215820313 -0.0253200531005859 -0.0314159393310547
-0.132698059082031 -0.099365234375 -0.0143852233886719 0.0201816558837891
-0.0970458984375 -0.160354614257813 -0.0476341247558594 0.0447502136230469
0.0278472900390625 -0.212814331054688 -0.0613021850585938 0.0322418212890625
0.08154296875 -0.229904174804688 -0.0752487182617188 0.0342330932617187
0.172958374023438 -0.230850219726562 0.00536155700683595 0.00604820251464842
0.233978271484375 -0.153213500976563 -0.19842529296875 -0.216156005859375
0.140594482421875 -0.111221313476563 -0.0268402099609375 -0.189041137695313
0.117233276367188 -0.137077331542969 0.0665740966796875 -0.213897705078125
0.0394744873046875 -0.133155822753906 0.0183258056640625 -0.259307861328125
0.0112686157226563 -0.118476867675781 -0.0250396728515625 -0.225738525390625
-0.0600814819335938 -0.0965118408203125 -0.0885162353515625 -0.205429077148438
-0.115432739257813 -0.0672531127929687 -0.109390258789063 -0.156112670898438
-0.113258361816406 -0.0603179931640625 -0.060699462890625 -0.10601806640625
-0.1474609375 -0.0467529296875 -0.0277786254882813 -0.08209228515625
-0.142623901367188 -0.0735015869140625 0.00723266601562499 -0.0282154083251953
-0.119903564453125 -0.14300537109375 0.00950622558593749 0.0203742980957031
-0.0746612548828125 -0.194107055664063 -0.0354423522949219 0.0334014892578125
0.0752410888671875 -0.222946166992188 -0.0504302978515625 -0.00206375122070314
0.1361083984375 -0.217041015625 -0.0452690124511719 -0.0408897399902344
0.22344970703125 -0.190887451171875 0.0797958374023438 -0.06597900390625
0.268051147460938 -0.088287353515625 -0.100601196289062 -0.257156372070313
0.211898803710938 -0.0869140625 0.04669189453125 -0.232894897460938
0.194320678710938 -0.160446166992188 0.0971527099609375 -0.232955932617188
0.084014892578125 -0.191360473632813 0.033966064453125 -0.255645751953125
0.0286102294921875 -0.174758911132813 -0.00592041015624999 -0.197967529296875
-0.067840576171875 -0.153472900390625 -0.0573883056640625 -0.171127319335937
-0.129005432128906 -0.120048522949219 -0.059783935546875 -0.126274108886719
-0.118400573730469 -0.110755920410156 -0.0118255615234375 -0.0823516845703125
-0.14996337890625 -0.101089477539063 0.0174102783203125 -0.0659523010253906
-0.124000549316406 -0.117118835449219 0.0374946594238281 -0.0106353759765625
-0.082275390625 -0.174270629882812 0.0276088714599609 0.0313453674316406
-0.028350830078125 -0.206344604492188 -0.0251884460449219 0.0292587280273437
0.127471923828125 -0.198989868164063 -0.0408058166503906 -0.0244979858398438
0.1849365234375 -0.166763305664063 -0.013519287109375 -0.0981063842773438
0.249359130859375 -0.119491577148437 0.15716552734375 -0.118026733398438
0.254074096679688 -0.0134124755859375 -0.00640869140625001 -0.274490356445313
0.23590087890625 -0.042755126953125 0.111160278320312 -0.260177612304687
0.228958129882813 -0.143218994140625 0.111831665039063 -0.23382568359375
0.110519409179687 -0.20245361328125 0.0458984375 -0.225860595703125
0.044708251953125 -0.189544677734375 0.014404296875 -0.150665283203125
-0.059844970703125 -0.180526733398437 -0.0158004760742188 -0.121559143066406
-0.119903564453125 -0.1522216796875 -0.001708984375 -0.0847244262695313
-0.106231689453125 -0.143630981445313 0.0376663208007812 -0.0465431213378906
-0.131988525390625 -0.142822265625 0.0601005554199219 -0.0310935974121094
-0.0888519287109375 -0.150039672851563 0.0602951049804687 0.0245819091796875
-0.0304412841796875 -0.190261840820313 0.0382843017578125 0.054290771484375
0.029205322265625 -0.200164794921875 -0.0173301696777344 0.0355644226074219
0.178756713867188 -0.150283813476563 -0.0285186767578125 -0.0300064086914063
0.223114013671875 -0.0893096923828125 0.0275497436523438 -0.125419616699219
0.248275756835938 -0.024261474609375 0.232925415039063 -0.137680053710938
0.196990966796875 0.0638427734375 0.0640411376953125 -0.264877319335938
0.20941162109375 0.0159759521484375 0.151718139648437 -0.260910034179688
0.213470458984375 -0.0885772705078125 0.107559204101563 -0.2147216796875
0.115768432617188 -0.160491943359375 0.052398681640625 -0.1796875
0.0608673095703125 -0.1575927734375 0.0326004028320313 -0.0966796875
-0.030364990234375 -0.171981811523438 0.0264892578125 -0.0676536560058594
-0.0876922607421875 -0.161331176757812 0.0536613464355469 -0.0385894775390625
-0.0775909423828125 -0.1558837890625 0.0812225341796875 -0.00357055664062501
-0.0982513427734375 -0.164596557617188 0.0963516235351563 0.0174636840820312
-0.0506744384765625 -0.163909912109375 0.0750808715820313 0.0729141235351562
0.0167694091796875 -0.185867309570313 0.041351318359375 0.0883636474609375
0.076141357421875 -0.17645263671875 -0.00952529907226562 0.05389404296875
0.20880126953125 -0.0915069580078125 -0.0100927352905273 -0.0137968063354492
0.2364501953125 -0.005126953125 0.07403564453125 -0.115348815917969
0.216934204101563 0.0695037841796875 0.299102783203125 -0.116668701171875
0.111221313476563 0.133949279785156 0.0982818603515625 -0.227401733398438
0.14581298828125 0.0799102783203125 0.16217041015625 -0.234527587890625
0.15997314453125 -0.0058746337890625 0.0933074951171875 -0.178054809570313
0.107337951660156 -0.0772705078125 0.056060791015625 -0.129592895507813
0.0775985717773438 -0.0885696411132813 0.0423698425292969 -0.051910400390625
0.0164260864257813 -0.134086608886719 0.0568313598632813 -0.0218238830566406
-0.0357666015625 -0.1483154296875 0.0935821533203125 0.00444793701171874
-0.0381927490234375 -0.144424438476563 0.111381530761719 0.0385360717773437
-0.0560760498046875 -0.159454345703125 0.122329711914063 0.0719528198242188
-0.0185546875 -0.151611328125 0.0831756591796875 0.125679016113281
0.04425048828125 -0.158721923828125 0.0417098999023438 0.126808166503906
0.0957794189453125 -0.13958740234375 0.000358581542968761 0.0839767456054687
0.203277587890625 -0.0381622314453125 0.00806808471679689 0.0259132385253906
0.212493896484375 0.068389892578125 0.1158447265625 -0.0675888061523438
0.155502319335938 0.14630126953125 0.343994140625 -0.06158447265625
-0.0609130859375 -0.206222534179688 -0.3570556640625 0.0334777832031249
-0.15679931640625 -0.0565338134765625 -0.141845703125 0.0267181396484375
-0.153305053710938 0.032745361328125 0.00245666503906248 -0.0786895751953125
-0.0894012451171875 0.100990295410156 0.00546264648437498 -0.14996337890625
-0.036651611328125 0.0996551513671875 -0.0395660400390625 -0.182159423828125
0.0111465454101563 0.114509582519531 -0.10845947265625 -0.17449951171875
0.0156631469726563 0.111907958984375 -0.165512084960937 -0.1221923828125
-0.000572204589843741 0.10430908203125 -0.143508911132813 -0.0746612548828125
-0.00648498535156249 0.113258361816406 -0.1134033203125 -0.0299530029296875
-0.0512466430664063 0.0820693969726563 -0.0752487182617187 -0.00540161132812501
-0.0876998901367188 0.04327392578125 -0.0562858581542969 0.0428428649902344
-0.105796813964844 -0.00192260742187501 -0.0716094970703125 0.0904693603515625
-0.102394104003906 -0.08624267578125 -0.105682373046875 0.127792358398438
-0.0873260498046875 -0.145156860351563 -0.135879516601563 0.195480346679687
-0.01611328125 -0.210174560546875 -0.09722900390625 0.16973876953125
0.0448760986328125 -0.222335815429687 -0.3515625 -0.0505065917968751
-0.0699539184570312 -0.0909957885742188 -0.140731811523438 -0.0479888916015625
-0.0782318115234375 -0.0216827392578125 0.00497436523437501 -0.131813049316406
-0.052978515625 0.035919189453125 -0.00466918945312501 -0.197463989257812
-0.02008056640625 0.0348529815673828 -0.044921875 -0.212066650390625
-0.0132789611816406 0.05084228515625 -0.117172241210938 -0.205184936523438
-0.0353927612304688 0.0602836608886719 -0.172622680664062 -0.152374267578125
-0.0495071411132813 0.0556716918945313 -0.139663696289062 -0.100006103515625
-0.0702590942382813 0.0673370361328125 -0.108039855957031 -0.0565643310546875
-0.103096008300781 0.0297698974609375 -0.06414794921875 -0.0207328796386719
-0.119979858398438 -0.0333633422851562 -0.0454635620117188 0.0299034118652344
-0.108306884765625 -0.0915451049804688 -0.0677146911621094 0.0664176940917969
-0.0369415283203125 -0.165176391601563 -0.088134765625 0.0778350830078125
-0.00448608398437501 -0.206314086914063 -0.113235473632813 0.121734619140625
0.0807952880859375 -0.246139526367188 -0.0632095336914063 0.0932235717773437
0.150665283203125 -0.209426879882812 -0.30572509765625 -0.13299560546875
0.0376739501953125 -0.112480163574219 -0.104110717773437 -0.119575500488281
0.0186996459960938 -0.0853500366210938 0.0269622802734375 -0.181106567382813
-0.00672149658203125 -0.0482101440429688 -0.00183105468749998 -0.239730834960938
-0.00282669067382812 -0.0450668334960938 -0.045196533203125 -0.23114013671875
-0.0385780334472656 -0.0259780883789062 -0.118087768554688 -0.216598510742187
-0.0837783813476562 -0.00326538085937499 -0.15960693359375 -0.16143798828125
-0.0921630859375 -0.00216674804687498 -0.115364074707031 -0.108650207519531
-0.122802734375 0.0135345458984375 -0.0807571411132813 -0.0731048583984375
-0.138084411621094 -0.021148681640625 -0.0370140075683594 -0.0266838073730469
-0.137008666992188 -0.0952987670898437 -0.0237617492675781 0.0258598327636719
-0.106170654296875 -0.15673828125 -0.0581245422363281 0.0502128601074219
0.015411376953125 -0.217498779296875 -0.0751190185546875 0.0342941284179687
0.0664520263671875 -0.237884521484375 -0.0874481201171875 0.0401763916015625
0.16180419921875 -0.247314453125 -0.00501060485839843 0.00829172134399412
0.233856201171875 -0.169296264648438 -0.225112915039062 -0.20208740234375
0.142379760742188 -0.117721557617188 -0.04180908203125 -0.181808471679687
0.118362426757812 -0.145721435546875 0.0592193603515625 -0.218048095703125
0.0394210815429688 -0.137855529785156 0.00723266601562499 -0.264373779296875
0.011016845703125 -0.127052307128906 -0.036102294921875 -0.2288818359375
-0.0631790161132813 -0.101005554199219 -0.10406494140625 -0.2039794921875
-0.121955871582031 -0.0661849975585938 -0.125152587890625 -0.149368286132812
-0.120155334472656 -0.0602798461914063 -0.0723190307617188 -0.100608825683594
-0.154296875 -0.043670654296875 -0.0397415161132813 -0.074676513671875
-0.148544311523438 -0.0701446533203125 -0.0029735565185547 -0.0219020843505859
-0.129547119140625 -0.1416015625 0.00062561035156249 0.0278434753417969
-0.0866851806640625 -0.19573974609375 -0.0466842651367188 0.0410003662109375
0.0660858154296875 -0.2349853515625 -0.0671539306640625 -0.000213623046875001
0.127182006835938 -0.231338500976562 -0.0622520446777344 -0.0376396179199219
0.219970703125 -0.211074829101563 0.0664634704589844 -0.0699577331542969
0.275970458984375 -0.1077880859375 -0.125900268554687 -0.250473022460938
0.219161987304688 -0.10137939453125 0.0308380126953125 -0.23260498046875
0.196380615234375 -0.178787231445313 0.0893096923828125 -0.238128662109375
0.07855224609375 -0.203582763671875 0.023681640625 -0.260406494140625
0.0226287841796875 -0.187332153320312 -0.015106201171875 -0.201263427734375
-0.0795135498046875 -0.158126831054688 -0.0709075927734375 -0.169204711914063
-0.142074584960937 -0.116592407226563 -0.0717086791992187 -0.120529174804688
-0.13134765625 -0.109405517578125 -0.0197219848632812 -0.0773849487304688
-0.162506103515625 -0.09649658203125 0.00900268554687499 -0.0592002868652344
-0.134620666503906 -0.114517211914063 0.0303974151611328 -0.00313186645507813
-0.0953216552734375 -0.17694091796875 0.0209732055664062 0.0393333435058594
-0.04156494140625 -0.213226318359375 -0.0368118286132813 0.0379562377929687
0.122451782226563 -0.217880249023438 -0.0584831237792969 -0.02288818359375
0.183975219726563 -0.186325073242187 -0.0324783325195312 -0.0991134643554688
0.2548828125 -0.141143798828125 0.14520263671875 -0.127670288085938
0.268569946289063 -0.033111572265625 -0.028289794921875 -0.275192260742188
0.247085571289063 -0.0609893798828125 0.0963897705078125 -0.26580810546875
0.2325439453125 -0.168670654296875 0.103179931640625 -0.239547729492188
0.102951049804688 -0.22076416015625 0.037933349609375 -0.23028564453125
0.034332275390625 -0.204254150390625 0.00933837890625001 -0.154022216796875
-0.0761566162109375 -0.18414306640625 -0.0248260498046875 -0.120071411132813
-0.137985229492188 -0.148193359375 -0.00854492187500001 -0.0804290771484375
-0.122421264648438 -0.14215087890625 0.0346717834472656 -0.0443496704101563
-0.148880004882813 -0.13812255859375 0.0560340881347656 -0.025970458984375
-0.103561401367188 -0.149337768554688 0.0577278137207031 0.0329360961914062
-0.0455474853515625 -0.19598388671875 0.0340995788574219 0.0632476806640625
0.0156402587890625 -0.212173461914063 -0.0274238586425781 0.0440292358398437
0.178634643554688 -0.17364501953125 -0.0445022583007812 -0.0286483764648438
0.229843139648438 -0.111526489257813 0.00968933105468752 -0.131057739257813
0.262847900390625 -0.044036865234375 0.224380493164063 -0.152099609375
0.216766357421875 0.048187255859375 0.046966552734375 -0.271636962890625
0.224441528320313 -0.00225830078125 0.139312744140625 -0.2730712890625
0.218673706054687 -0.1148681640625 0.100326538085938 -0.220748901367188
0.107757568359375 -0.179275512695313 0.0484466552734375 -0.182571411132813
0.049530029296875 -0.173065185546875 0.0323638916015625 -0.0995712280273438
-0.0487823486328125 -0.175308227539062 0.0234146118164062 -0.0680770874023438
-0.10693359375 -0.157135009765625 0.052764892578125 -0.0384979248046875
-0.0953826904296875 -0.15313720703125 0.0835952758789063 -0.00359344482421876
-0.117538452148437 -0.1588134765625 0.09814453125 0.0213394165039062
-0.067718505859375 -0.163192749023438 0.07635498046875 0.0823745727539062
7.62939453124921E-05 -0.193679809570312 0.039886474609375 0.0975875854492188
0.063323974609375 -0.190673828125 -0.0165977478027344 0.0612449645996094
0.212478637695313 -0.116607666015625 -0.021697998046875 -0.0139923095703125
0.248687744140625 -0.028472900390625 0.0610504150390625 -0.124465942382813
0.237564086914063 0.0530853271484375 0.296661376953125 -0.13580322265625
0.132064819335938 0.124046325683594 0.0886077880859375 -0.23809814453125
0.162811279296875 0.066131591796875 0.154083251953125 -0.249114990234375
0.168548583984375 -0.0276031494140625 0.089324951171875 -0.182083129882812
0.101188659667969 -0.0952987670898438 0.0569076538085938 -0.131904602050781
0.0691375732421875 -0.102676391601563 0.0477027893066406 -0.0541343688964844
-0.000183105468749986 -0.138267517089844 0.0601654052734375 -0.0242729187011719
-0.054901123046875 -0.14434814453125 0.0984954833984375 0.00141906738281249
-0.054901123046875 -0.141799926757813 0.119041442871094 0.03741455078125
-0.07501220703125 -0.154388427734375 0.129951477050781 0.0745010375976563
-0.0361175537109375 -0.150100708007812 0.0889816284179688 0.1339111328125
0.0276336669921875 -0.166366577148438 0.0435867309570313 0.135490417480469
0.0827789306640625 -0.153656005859375 -0.00339508056640624 0.0906753540039063
0.208267211914063 -0.0621337890625 0.00214576721191408 0.0239124298095703
0.228317260742188 0.0467071533203125 0.110122680664063 -0.0799331665039063
0.178314208984375 0.134597778320313 0.34991455078125 -0.083526611328125
-0.0867919921875 -0.200637817382813 -0.368408203125 0.0661621093749999
-0.164886474609375 -0.0374908447265625 -0.140518188476563 0.0433883666992188
-0.151748657226562 0.0562744140625 0.00116729736328124 -0.0807571411132813
-0.0756912231445313 0.115402221679688 -0.000228881835937511 -0.158538818359375
-0.0225067138671875 0.10504150390625 -0.0500335693359375 -0.189651489257813
0.0271224975585937 0.110450744628906 -0.123382568359375 -0.180526733398438
0.0299835205078125 0.106857299804688 -0.183380126953125 -0.117721557617187
0.0122909545898438 0.101417541503906 -0.158172607421875 -0.0680084228515625
0.00759887695312499 0.108863830566406 -0.123794555664063 -0.0210952758789062
-0.0394744873046875 0.0843734741210937 -0.08416748046875 -0.00032043457031248
-0.0793533325195313 0.05224609375 -0.0619583129882813 0.0481414794921875
-0.1041259765625 0.0122909545898438 -0.0744094848632813 0.0986328125
-0.115348815917969 -0.0711669921875 -0.10693359375 0.138191223144531
-0.107803344726563 -0.132957458496094 -0.130126953125 0.211563110351562
-0.0427398681640625 -0.211257934570313 -0.0931854248046875 0.184097290039063
0.02569580078125 -0.226943969726562 -0.3712158203125 -0.018646240234375
-0.07623291015625 -0.07977294921875 -0.147445678710938 -0.0308990478515625
-0.0768280029296875 -0.00772094726562501 -0.00112152099609376 -0.133934020996094
-0.0421791076660156 0.0447196960449219 -0.0145721435546875 -0.20428466796875
-0.00989532470703126 0.0353202819824219 -0.0589447021484375 -0.2178955078125
-0.00294876098632813 0.0456047058105469 -0.13641357421875 -0.207778930664063
-0.027801513671875 0.0573921203613281 -0.192962646484375 -0.14532470703125
-0.0437126159667969 0.0542831420898437 -0.156814575195313 -0.091522216796875
-0.0638999938964844 0.0676040649414063 -0.120948791503906 -0.046875
-0.098052978515625 0.0338897705078125 -0.0757904052734375 -0.0146026611328125
-0.119796752929688 -0.0252609252929687 -0.052886962890625 0.0373001098632813
-0.114822387695312 -0.0829315185546875 -0.074676513671875 0.075531005859375
-0.0525665283203125 -0.161422729492188 -0.0968780517578125 0.0862579345703125
-0.02545166015625 -0.205276489257813 -0.116188049316406 0.136299133300781
0.0576934814453125 -0.257125854492188 -0.0673980712890625 0.103813171386719
0.1392822265625 -0.224380493164063 -0.333221435546875 -0.104461669921875
0.0340576171875 -0.112579345703125 -0.117546081542969 -0.105583190917969
0.018463134765625 -0.084564208984375 0.0179901123046875 -0.185348510742187
-0.00206375122070312 -0.0473060607910156 -0.0174713134765625 -0.246414184570313
0.001678466796875 -0.0499038696289063 -0.061737060546875 -0.235946655273438
-0.03668212890625 -0.0307579040527344 -0.139114379882813 -0.216415405273438
-0.084686279296875 -0.00266265869140625 -0.181182861328125 -0.152450561523438
-0.0940933227539063 -0.00142669677734374 -0.13140869140625 -0.0999526977539062
-0.124282836914062 0.0172653198242188 -0.0947189331054688 -0.063568115234375
-0.140594482421875 -0.0150299072265625 -0.0483779907226563 -0.0194892883300781
-0.144622802734375 -0.0895843505859375 -0.0309238433837891 0.0344009399414062
-0.119049072265625 -0.152481079101562 -0.06756591796875 0.0607109069824219
-0.000869750976562494 -0.224197387695313 -0.089691162109375 0.0415496826171875
0.0478668212890625 -0.247161865234375 -0.0992050170898438 0.05157470703125
0.145034790039062 -0.268157958984375 -0.015045166015625 0.0127906799316406
0.23101806640625 -0.191421508789063 -0.255218505859375 -0.181854248046875
0.142807006835938 -0.129730224609375 -0.0582275390625 -0.174041748046875
0.116607666015625 -0.158721923828125 0.0484771728515625 -0.2252197265625
0.0366668701171875 -0.146347045898438 -0.00897216796875 -0.271713256835938
0.00688934326171876 -0.137100219726562 -0.0523834228515625 -0.233001708984375
-0.0707931518554688 -0.105049133300781 -0.124298095703125 -0.201431274414063
-0.1312255859375 -0.0616531372070313 -0.143707275390625 -0.140060424804688
-0.129928588867188 -0.0577239990234375 -0.0855865478515625 -0.0935897827148437
-0.164199829101563 -0.036712646484375 -0.0516128540039063 -0.0665283203125
-0.157684326171875 -0.0645599365234375 -0.0110721588134766 -0.0143232345581055
-0.143173217773438 -0.139511108398438 -0.00494384765625001 0.0370674133300781
-0.1036376953125 -0.19671630859375 -0.0561485290527344 0.0525245666503906
0.05181884765625 -0.250564575195313 -0.0845184326171875 0.00645446777343749
0.113067626953125 -0.249908447265625 -0.08038330078125 -0.0310745239257813
0.213394165039062 -0.236709594726562 0.052947998046875 -0.0735244750976563
0.2825927734375 -0.1353759765625 -0.15594482421875 -0.240463256835937
0.224716186523438 -0.122161865234375 0.01177978515625 -0.232162475585938
0.194442749023438 -0.204849243164063 0.0772857666015625 -0.247726440429688
0.069000244140625 -0.219573974609375 0.00808715820312502 -0.268035888671875
0.010162353515625 -0.201217651367188 -0.02911376953125 -0.206085205078125
-0.0948944091796875 -0.160720825195313 -0.0874786376953125 -0.166488647460938
-0.158935546875 -0.109573364257813 -0.0858688354492188 -0.112503051757812
-0.147201538085938 -0.105239868164062 -0.02777099609375 -0.0728912353515625
-0.17852783203125 -0.08758544921875 0.000610351562499986 -0.0527992248535156
-0.149520874023438 -0.109786987304688 0.0257186889648437 0.00465202331542968
-0.113571166992188 -0.17816162109375 0.0179214477539062 0.0494308471679687
-0.0604095458984375 -0.220855712890625 -0.0456924438476563 0.0499305725097656
0.11224365234375 -0.240432739257813 -0.0774154663085938 -0.0167007446289063
0.177993774414062 -0.211410522460937 -0.0539627075195312 -0.0967254638671875
0.25836181640625 -0.16943359375 0.131019592285156 -0.14031982421875
0.28326416015625 -0.06024169921875 -0.0558319091796875 -0.274520874023438
0.257781982421875 -0.0865325927734375 0.0771331787109375 -0.274017333984375
0.231353759765625 -0.201934814453125 0.0916748046875 -0.250167846679687
0.0887603759765625 -0.2408447265625 0.025421142578125 -0.237777709960938
0.0178375244140625 -0.220687866210938 0.000335693359374988 -0.158477783203125
-0.0974578857421875 -0.185592651367188 -0.0358352661132813 -0.117835998535156
-0.159439086914063 -0.140487670898438 -0.0156631469726563 -0.076812744140625
-0.142715454101562 -0.136398315429688 0.0329666137695312 -0.0423469543457031
-0.16943359375 -0.128616333007813 0.0546340942382812 -0.0213127136230469
-0.121673583984375 -0.145767211914063 0.058807373046875 0.0408439636230469
-0.066802978515625 -0.201263427734375 0.034393310546875 0.073883056640625
-0.00335693359375 -0.224319458007813 -0.0346412658691406 0.0554313659667969
0.17352294921875 -0.20233154296875 -0.0615348815917969 -0.0247154235839844
0.232528686523437 -0.140899658203125 -0.0114898681640625 -0.134147644042969
0.276275634765625 -0.0721435546875 0.2138671875 -0.172332763671875
0.235107421875 0.026092529296875 0.0254974365234375 -0.280075073242187
0.23858642578125 -0.027008056640625 0.121856689453125 -0.288299560546875
0.219955444335938 -0.147079467773437 0.091033935546875 -0.230270385742188
0.09393310546875 -0.201278686523438 0.0415191650390625 -0.189437866210937
0.0330657958984375 -0.189651489257813 0.0306472778320313 -0.10491943359375
-0.0709991455078125 -0.1766357421875 0.0204124450683594 -0.0684585571289063
-0.130203247070313 -0.148971557617188 0.0532035827636719 -0.0393409729003906
-0.11669921875 -0.147720336914063 0.0879440307617188 -0.00529479980468751
-0.139495849609375 -0.150054931640625 0.103233337402344 0.0239791870117187
-0.08740234375 -0.160385131835937 0.0832595825195313 0.0903701782226563
-0.02069091796875 -0.200881958007813 0.0437698364257812 0.108367919921875
0.04541015625 -0.205963134765625 -0.0211410522460938 0.0720138549804687
0.211471557617188 -0.147186279296875 -0.034454345703125 -0.0122947692871094
0.259353637695313 -0.0581817626953125 0.0448989868164063 -0.133712768554688
0.258956909179688 0.028656005859375 0.293060302734375 -0.16241455078125
0.154708862304688 0.110748291015625 0.074493408203125 -0.25164794921875
0.180099487304687 0.0461273193359375 0.14093017578125 -0.268341064453125
0.174774169921875 -0.053253173828125 0.083587646484375 -0.190628051757813
0.0927886962890625 -0.113639831542969 0.055572509765625 -0.138221740722656
0.0571136474609375 -0.116798400878906 0.0515861511230469 -0.0592689514160156
-0.019195556640625 -0.141098022460938 0.0634651184082031 -0.0284843444824219
-0.0756072998046875 -0.139129638671875 0.10504150390625 -0.00408172607421876
-0.0745391845703125 -0.136634826660156 0.129539489746094 0.0327835083007813
-0.095306396484375 -0.146621704101562 0.141082763671875 0.073822021484375
-0.0546112060546875 -0.147140502929688 0.101486206054688 0.142181396484375
0.00720214843750002 -0.173248291015625 0.050537109375 0.145126342773438
0.0661468505859375 -0.168182373046875 -0.00422668457031251 0.0990524291992187
0.208847045898438 -0.0906982421875 -0.00414657592773436 0.0241584777832031
0.242904663085938 0.0194244384765625 0.101463317871094 -0.093994140625
0.202804565429688 0.116851806640625 0.355499267578125 -0.11431884765625
-0.11431884765625 -0.186752319335938 -0.370574951171875 0.10821533203125
-0.169296264648438 -0.0137481689453125 -0.135162353515625 0.0614776611328125
-0.142745971679687 0.0810699462890625 -0.00159454345703125 -0.0826416015625
-0.0562515258789063 0.127021789550781 -0.01019287109375 -0.165420532226562
-0.00505065917968749 0.10736083984375 -0.06494140625 -0.193695068359375
0.0438919067382813 0.102371215820312 -0.143157958984375 -0.180206298828125
0.0444488525390625 0.097930908203125 -0.201873779296875 -0.106246948242187
0.0252227783203125 0.0952224731445313 -0.1719970703125 -0.0546112060546875
0.0217819213867187 0.101692199707031 -0.132293701171875 -0.00933837890625001
-0.0259780883789062 0.0842819213867188 -0.0921554565429688 0.00776672363281249
-0.0678329467773438 0.0604743957519531 -0.0651092529296875 0.0560722351074219
-0.0997161865234375 0.0269927978515625 -0.0736846923828125 0.108421325683594
-0.124443054199219 -0.051025390625 -0.104141235351563 0.150253295898438
-0.126052856445313 -0.114761352539062 -0.118194580078125 0.2296142578125
-0.07281494140625 -0.20465087890625 -0.08306884765625 0.198394775390625
0.000656127929687502 -0.226272583007813 -0.383392333984375 0.0252075195312499
-0.0813827514648438 -0.0668258666992188 -0.150787353515625 -0.010345458984375
-0.0715484619140625 0.00631713867187501 -0.01043701171875 -0.134498596191406
-0.0287628173828125 0.0507278442382813 -0.030487060546875 -0.208221435546875
0.00114250183105469 0.0331192016601563 -0.0776214599609375 -0.219650268554688
0.00646209716796875 0.0384330749511719 -0.15869140625 -0.203521728515625
-0.0203323364257813 0.0535697937011719 -0.21441650390625 -0.129837036132813
-0.0376853942871094 0.0526771545410156 -0.172836303710937 -0.0763092041015625
-0.0569648742675781 0.0675239562988281 -0.132759094238281 -0.0327987670898437
-0.091888427734375 0.0384597778320313 -0.085296630859375 -0.00399017333984375
-0.118888854980469 -0.0161590576171875 -0.0578842163085938 0.0471763610839844
-0.120765686035156 -0.070159912109375 -0.0776748657226563 0.0875396728515625
-0.0692901611328125 -0.15283203125 -0.101394653320313 0.099090576171875
-0.0486907958984375 -0.199127197265625 -0.1136474609375 0.15386962890625
0.028411865234375 -0.26397705078125 -0.0665969848632813 0.115859985351562
0.119720458984375 -0.237838745117188 -0.353759765625 -0.063690185546875
0.0286331176757813 -0.112640380859375 -0.128700256347656 -0.0867996215820313
0.0176773071289063 -0.0838623046875 0.00436401367187501 -0.187286376953125
0.00274658203125 -0.0483589172363281 -0.0374908447265625 -0.249542236328125
0.00285339355468751 -0.0562171936035156 -0.0823822021484375 -0.23577880859375
-0.0367088317871094 -0.035308837890625 -0.1629638671875 -0.207931518554687
-0.0853500366210937 -0.000579833984374982 -0.201889038085938 -0.135040283203125
-0.09613037109375 0.00162506103515624 -0.147445678710938 -0.08544921875
-0.124824523925781 0.0241165161132813 -0.106689453125 -0.0497970581054688
-0.142181396484375 -0.00692749023437501 -0.0572624206542969 -0.00908279418945313
-0.152679443359375 -0.0792999267578125 -0.0352554321289063 0.0447006225585937
-0.133071899414063 -0.143585205078125 -0.0723419189453125 0.0746994018554688
-0.0225982666015625 -0.226028442382813 -0.1005859375 0.0548934936523438
0.0227203369140625 -0.252182006835938 -0.106910705566406 0.0673828125
0.119598388671875 -0.2860107421875 -0.0237312316894531 0.0195236206054687
0.219696044921875 -0.21673583984375 -0.282867431640625 -0.149810791015625
0.1396484375 -0.143280029296875 -0.076324462890625 -0.160675048828125
0.109710693359375 -0.173171997070312 0.0321807861328125 -0.230270385742188
0.0293121337890625 -0.153823852539063 -0.03179931640625 -0.273910522460938
-0.00216674804687501 -0.146514892578125 -0.073150634765625 -0.232467651367188
-0.0810394287109375 -0.105552673339844 -0.146759033203125 -0.191421508789063
-0.140121459960938 -0.0538330078125 -0.161880493164062 -0.12322998046875
-0.139389038085938 -0.0497894287109375 -0.0980224609375 -0.0821456909179688
-0.171783447265625 -0.02459716796875 -0.0617256164550781 -0.0548210144042969
-0.166641235351563 -0.0538177490234375 -0.0177764892578125 -0.00494575500488282
-0.15899658203125 -0.13116455078125 -0.00667572021484376 0.0479736328125
-0.1241455078125 -0.192245483398438 -0.0618896484375 0.0671043395996094
0.0289306640625 -0.261871337890625 -0.0999374389648437 0.0201263427734375
0.0906524658203125 -0.265594482421875 -0.0965347290039063 -0.0178756713867188
0.19580078125 -0.264495849609375 0.0373001098632813 -0.0746841430664063
0.280075073242187 -0.167236328125 -0.18634033203125 -0.218536376953125
0.222946166992188 -0.147430419921875 -0.01116943359375 -0.22772216796875
0.18316650390625 -0.231781005859375 0.0591583251953125 -0.255386352539063
0.0511322021484375 -0.233566284179688 -0.0142364501953125 -0.271453857421875
-0.00892639160156248 -0.2127685546875 -0.0474090576171875 -0.205841064453125
-0.113571166992188 -0.157745361328125 -0.105865478515625 -0.157440185546875
-0.174880981445313 -0.0969390869140625 -0.098785400390625 -0.100151062011719
-0.163040161132813 -0.09442138671875 -0.0359230041503906 -0.066192626953125
-0.19342041015625 -0.07281494140625 -0.00549697875976564 -0.0449638366699219
-0.164230346679688 -0.0988616943359375 0.0241909027099609 0.0128345489501953
-0.13446044921875 -0.173507690429688 0.0185890197753906 0.0592727661132812
-0.084320068359375 -0.221710205078125 -0.0509681701660156 0.0643348693847656
0.09149169921875 -0.261825561523438 -0.094329833984375 -0.00341796875000003
0.161361694335938 -0.236328125 -0.0758895874023437 -0.0879669189453125
0.251846313476563 -0.202804565429688 0.112167358398438 -0.151336669921875
0.28948974609375 -0.093963623046875 -0.0863800048828125 -0.26519775390625
0.259872436523438 -0.118515014648437 0.0511627197265625 -0.277694702148438
0.218948364257813 -0.237152099609375 0.0745391845703125 -0.259536743164063
0.065155029296875 -0.258956909179688 0.00721740722656252 -0.242782592773438
-0.0067901611328125 -0.233108520507812 -0.0120086669921875 -0.160812377929688
-0.121597290039063 -0.180206298828125 -0.0473480224609375 -0.112312316894531
-0.1800537109375 -0.123641967773437 -0.0226287841796875 -0.0709381103515625
-0.162994384765625 -0.12396240234375 0.0310325622558594 -0.0411911010742188
-0.1890869140625 -0.111801147460937 0.0537796020507812 -0.0183601379394531
-0.140670776367188 -0.135162353515625 0.062652587890625 0.0475730895996094
-0.0909271240234375 -0.200653076171875 0.0389022827148438 0.08355712890625
-0.0281982421875 -0.2310791015625 -0.0373802185058594 0.0698127746582031
0.156936645507813 -0.23095703125 -0.0771636962890625 -0.0142288208007813
0.225540161132812 -0.173446655273437 -0.0350723266601562 -0.132087707519531
0.281524658203125 -0.108001708984375 0.195144653320313 -0.194091796875
0.250076293945313 -0.00347900390625 -0.00201416015625002 -0.281463623046875
0.245941162109375 -0.0582733154296875 0.095367431640625 -0.300262451171875
0.210891723632813 -0.1826171875 0.0760498046875001 -0.23956298828125
0.07208251953125 -0.22027587890625 0.0289459228515625 -0.195510864257812
0.00914001464843749 -0.201171875 0.02484130859375 -0.109100341796875
-0.096038818359375 -0.170989990234375 0.01568603515625 -0.0683326721191406
-0.152145385742187 -0.133102416992188 0.0520591735839844 -0.0403671264648438
-0.137908935546875 -0.1353759765625 0.0920486450195312 -0.00999450683593751
-0.160842895507813 -0.133514404296875 0.109550476074219 0.022247314453125
-0.10870361328125 -0.151107788085937 0.0940093994140625 0.0958633422851562
-0.0465545654296875 -0.202194213867188 0.0521011352539063 0.117103576660156
0.021392822265625 -0.216232299804688 -0.0215377807617188 0.0838088989257812
0.200820922851563 -0.180328369140625 -0.0470809936523437 -0.00635910034179689
0.260452270507813 -0.0949249267578125 0.0238571166992188 -0.139251708984375
0.273941040039063 -0.004638671875 0.279876708984375 -0.19329833984375
0.174179077148438 0.08953857421875 0.05316162109375 -0.261581420898437
0.192474365234375 0.0208892822265625 0.118682861328125 -0.285797119140625
0.171920776367188 -0.0830841064453125 0.0727691650390625 -0.199325561523437
0.0774383544921875 -0.130332946777344 0.050994873046875 -0.145751953125
0.0399398803710937 -0.128608703613281 0.0525093078613281 -0.0669631958007813
-0.0409088134765625 -0.1376953125 0.0648536682128906 -0.0350074768066406
-0.0960617065429688 -0.126075744628906 0.109504699707031 -0.01324462890625
-0.093902587890625 -0.125503540039063 0.138664245605469 0.0229339599609375
-0.11578369140625 -0.131553649902344 0.153854370117188 0.068328857421875
-0.0743026733398438 -0.138290405273438 0.118362426757813 0.1448974609375
-0.0160369873046875 -0.174560546875 0.063262939453125 0.152587890625
0.0445404052734375 -0.178909301757813 -0.00115966796875 0.107635498046875
0.20147705078125 -0.122817993164062 -0.0105209350585937 0.02490234375
0.250289916992187 -0.0144805908203125 0.0876235961914063 -0.107337951660156
0.224395751953125 0.090606689453125 0.35089111328125 -0.152557373046875
-0.136062622070313 -0.164382934570313 -0.356964111328125 0.149078369140625
-0.16534423828125 0.0098114013671875 -0.123420715332031 0.0777664184570313
-0.126152038574219 0.101005554199219 -0.00614166259765626 -0.0819320678710938
-0.0347061157226563 0.131813049316406 -0.0222625732421875 -0.166900634765625
0.0118255615234375 0.103309631347656 -0.080047607421875 -0.191009521484375
0.0561676025390625 0.0884780883789063 -0.161148071289063 -0.172409057617187
0.0551986694335937 0.0845489501953125 -0.214111328125 -0.08856201171875
0.0353240966796875 0.0856475830078125 -0.179901123046875 -0.03839111328125
0.032135009765625 0.0910186767578125 -0.1357421875 0.00443267822265627
-0.0138015747070312 0.08001708984375 -0.0968246459960938 0.01800537109375
-0.0551834106445313 0.0644111633300781 -0.065155029296875 0.063812255859375
-0.0894393920898438 0.0398406982421875 -0.0690536499023438 0.117416381835937
-0.126365661621094 -0.0294723510742187 -0.0954437255859375 0.160049438476563
-0.136734008789062 -0.0911331176757813 -0.09991455078125 0.240081787109375
-0.099090576171875 -0.187576293945313 -0.068572998046875 0.207077026367188
-0.0240020751953125 -0.216629028320313 -0.379547119140625 0.070465087890625
-0.0828704833984375 -0.0523757934570312 -0.14691162109375 0.011016845703125
-0.0614280700683594 0.0184364318847656 -0.019195556640625 -0.131439208984375
-0.0138969421386719 0.0527305603027344 -0.04669189453125 -0.205215454101563
0.0106258392333984 0.0275821685791016 -0.094451904296875 -0.212997436523438
0.0128097534179687 0.0291614532470703 -0.178390502929687 -0.191299438476563
-0.013641357421875 0.0476455688476563 -0.228363037109375 -0.108169555664063
-0.0325546264648437 0.0494918823242188 -0.182220458984375 -0.0568389892578125
-0.0498313903808594 0.0649795532226562 -0.138336181640625 -0.0165863037109375
-0.0844345092773437 0.0407257080078125 -0.0910873413085938 0.00759124755859377
-0.114311218261719 -0.00715637207031251 -0.0587882995605469 0.0566215515136719
-0.121559143066406 -0.0567474365234375 -0.076171875 0.099365234375
-0.08160400390625 -0.138542175292969 -0.100845336914062 0.111717224121094
-0.0679779052734375 -0.184478759765625 -0.105392456054688 0.167236328125
-0.00274658203125 -0.2593994140625 -0.0623016357421875 0.125801086425781
0.09600830078125 -0.242523193359375 -0.358612060546875 -0.018890380859375
0.0235366821289063 -0.109916687011719 -0.132850646972656 -0.0643310546875
0.0173568725585938 -0.0826034545898438 -0.00901794433593749 -0.183761596679688
0.00593185424804687 -0.0491142272949219 -0.057708740234375 -0.244155883789063
0.00275421142578125 -0.0622138977050781 -0.102096557617188 -0.226593017578125
-0.0378341674804688 -0.0396995544433594 -0.18255615234375 -0.192169189453125
-0.0839080810546875 0.00174713134765626 -0.215576171875 -0.11065673828125
-0.0961532592773438 0.00550842285156248 -0.156845092773438 -0.067535400390625
-0.122764587402344 0.0306930541992188 -0.113449096679688 -0.0327682495117187
-0.140464782714844 0.00157928466796872 -0.0623855590820313 0.00262832641601561
-0.15625 -0.0672760009765625 -0.0352554321289062 0.0551071166992187
-0.143020629882813 -0.1297607421875 -0.0724258422851563 0.0885772705078125
-0.0434722900390625 -0.220352172851562 -0.10638427734375 0.07037353515625
-0.001739501953125 -0.247772216796875 -0.107826232910156 0.083251953125
0.0892333984375 -0.293365478515625 -0.0305881500244141 0.0276069641113281
0.199996948242188 -0.236251831054687 -0.29669189453125 -0.108551025390625
0.130355834960938 -0.154083251953125 -0.0890045166015625 -0.141403198242187
0.0984344482421875 -0.183609008789063 0.014739990234375 -0.228378295898438
0.02008056640625 -0.157928466796875 -0.0548553466796875 -0.26739501953125
-0.014007568359375 -0.150619506835938 -0.09271240234375 -0.223785400390625
-0.0898208618164062 -0.103057861328125 -0.164505004882812 -0.174057006835938
-0.145278930664063 -0.042449951171875 -0.17315673828125 -0.10260009765625
-0.145584106445313 -0.039581298828125 -0.106307983398438 -0.0670013427734375
-0.174636840820313 -0.0106658935546875 -0.0681991577148438 -0.0415573120117188
-0.170181274414063 -0.0403594970703125 -0.0204448699951172 0.00517654418945312
-0.16961669921875 -0.1175537109375 -0.00603866577148439 0.0571174621582031
-0.140975952148437 -0.1798095703125 -0.0620803833007813 0.0820999145507812
0.00398254394531249 -0.265090942382813 -0.109237670898438 0.0374679565429687
0.065216064453125 -0.271148681640625 -0.10723876953125 -0.000762939453125038
0.16949462890625 -0.28253173828125 0.0212020874023438 -0.07208251953125
0.266220092773437 -0.196121215820312 -0.207626342773437 -0.18707275390625
0.211776733398437 -0.169174194335937 -0.03131103515625 -0.214508056640625
0.16229248046875 -0.253021240234375 0.0396575927734375 -0.2564697265625
0.030731201171875 -0.239883422851563 -0.0370025634765625 -0.266311645507813
-0.029632568359375 -0.215499877929688 -0.0654296875 -0.198928833007813
-0.129425048828125 -0.148178100585938 -0.119598388671875 -0.1419677734375
-0.184249877929688 -0.078643798828125 -0.107353210449219 -0.0840225219726563
-0.174301147460938 -0.07891845703125 -0.0411796569824219 -0.0575408935546875
-0.201522827148438 -0.0533447265625 -0.00973510742187501 -0.03582763671875
-0.173568725585938 -0.083526611328125 0.024444580078125 0.0199604034423828
-0.15185546875 -0.160858154296875 0.0226173400878906 0.0672798156738281
-0.106689453125 -0.214614868164063 -0.0501480102539063 0.0790023803710937
0.064666748046875 -0.274124145507812 -0.105751037597656 0.0137481689453125
0.138412475585938 -0.252838134765625 -0.0942611694335938 -0.072906494140625
0.233612060546875 -0.230270385742188 0.0883331298828125 -0.155532836914063
0.28387451171875 -0.12786865234375 -0.112380981445312 -0.244537353515625
0.251022338867188 -0.14788818359375 0.0252227783203125 -0.271621704101563
0.195114135742188 -0.26373291015625 0.0543365478515625 -0.261505126953125
0.0377655029296875 -0.266769409179687 -0.012481689453125 -0.239456176757813
-0.03350830078125 -0.23553466796875 -0.0249176025390625 -0.157028198242188
-0.14166259765625 -0.166778564453125 -0.0568084716796875 -0.102424621582031
-0.193374633789062 -0.1011962890625 -0.0277671813964844 -0.0629997253417969
-0.177230834960938 -0.105499267578125 0.0285301208496094 -0.0390205383300781
-0.200942993164063 -0.089569091796875 0.0530204772949219 -0.015716552734375
-0.154022216796875 -0.120010375976563 0.0680885314941406 0.0510597229003906
-0.11328125 -0.190170288085938 0.0458297729492187 0.0897445678710937
-0.053863525390625 -0.228744506835938 -0.0361480712890625 0.0826034545898437
0.13232421875 -0.251541137695313 -0.0893096923828125 0.000701904296874988
0.207656860351562 -0.20050048828125 -0.056732177734375 -0.122184753417969
0.273406982421875 -0.140884399414063 0.1688232421875 -0.207077026367187
0.253326416015625 -0.03643798828125 -0.0289154052734375 -0.271743774414063
0.242141723632812 -0.0900115966796875 0.067108154296875 -0.300811767578125
0.19091796875 -0.21124267578125 0.0583648681640625 -0.243179321289063
0.044830322265625 -0.229339599609375 0.0153350830078125 -0.195938110351563
-0.01678466796875 -0.203948974609375 0.0169296264648438 -0.110710144042969
-0.117233276367187 -0.157012939453125 0.0109786987304687 -0.0660667419433594
-0.16680908203125 -0.110382080078125 0.05035400390625 -0.041656494140625
-0.15362548828125 -0.115692138671875 0.093536376953125 -0.0155868530273438
-0.175155639648438 -0.11126708984375 0.113273620605469 0.01849365234375
-0.124252319335938 -0.134857177734375 0.105537414550781 0.0953216552734375
-0.0699005126953125 -0.194412231445312 0.06243896484375 0.121543884277344
-0.00492858886718748 -0.217605590820313 -0.017730712890625 0.0940093994140625
0.178634643554688 -0.206207275390625 -0.0569343566894531 0.00330734252929686
0.249053955078125 -0.127059936523438 0.00212860107421877 -0.137908935546875
0.276718139648438 -0.040069580078125 0.254364013671875 -0.217437744140625
0.186141967773438 0.063507080078125 0.0299224853515625 -0.26080322265625
0.195663452148438 -0.00732421875 0.0914916992187501 -0.292327880859375
0.159957885742188 -0.109085083007813 0.0598907470703125 -0.201766967773438
0.0572357177734375 -0.140487670898438 0.0427703857421875 -0.150726318359375
0.0199356079101563 -0.13311767578125 0.04998779296875 -0.07330322265625
-0.0593795776367188 -0.127388000488281 0.0639114379882812 -0.0394630432128906
-0.111030578613281 -0.106819152832031 0.11102294921875 -0.0220565795898438
-0.108451843261719 -0.1085205078125 0.143325805664063 0.010894775390625
-0.129608154296875 -0.1116943359375 0.163223266601563 0.058197021484375
-0.0890960693359375 -0.123489379882813 0.134735107421875 0.140464782714844
-0.0388946533203125 -0.16802978515625 0.076995849609375 0.15423583984375
0.020111083984375 -0.1807861328125 0.00463104248046875 0.114006042480469
0.18304443359375 -0.14862060546875 -0.0157604217529297 0.0275669097900391
0.245529174804687 -0.048248291015625 0.069793701171875 -0.115119934082031
0.235702514648438 0.05859375 0.3319091796875 -0.18597412109375
-0.146759033203125 -0.140762329101563 -0.337127685546875 0.175201416015625
-0.156982421875 0.0272216796875 -0.110343933105469 0.0867691040039062
-0.107391357421875 0.111656188964844 -0.00817871093750001 -0.0798873901367188
-0.0158309936523438 0.130027770996094 -0.030120849609375 -0.16552734375
0.02349853515625 0.0961761474609375 -0.089630126953125 -0.186416625976562
0.0619735717773438 0.0745315551757813 -0.172576904296875 -0.163284301757813
0.0601272583007813 0.0710372924804688 -0.220352172851562 -0.072418212890625
0.0400848388671875 0.075714111328125 -0.1827392578125 -0.0235748291015625
0.036529541015625 0.0795440673828125 -0.135963439941406 0.0149307250976563
-0.00496673583984376 0.0726852416992188 -0.0992431640625 0.0263519287109375
-0.0441780090332031 0.0634193420410156 -0.0651664733886719 0.069610595703125
-0.0788345336914063 0.047637939453125 -0.0645065307617187 0.122344970703125
-0.122047424316406 -0.0125732421875 -0.0876007080078126 0.164886474609375
-0.138206481933594 -0.0706939697265625 -0.0846710205078125 0.243728637695313
-0.114654541015625 -0.167526245117188 -0.057403564453125 0.20892333984375
-0.0390472412109375 -0.202529907226563 -0.364776611328125 0.104156494140625
-0.0788726806640625 -0.0397567749023437 -0.137908935546875 0.026885986328125
-0.0502548217773437 0.0248374938964844 -0.0240478515625 -0.126075744628906
-0.000888824462890621 0.0505104064941406 -0.0566864013671875 -0.19891357421875
0.0171871185302734 0.0209274291992188 -0.104888916015625 -0.205657958984375
0.0150432586669922 0.0186557769775391 -0.189865112304687 -0.17791748046875
-0.0101165771484375 0.0400619506835938 -0.2337646484375 -0.087982177734375
-0.0291976928710937 0.0451087951660156 -0.18536376953125 -0.0401763916015625
-0.0457267761230469 0.0610427856445312 -0.139297485351563 -0.00248718261718752
-0.0780792236328125 0.0403289794921875 -0.093475341796875 0.017852783203125
-0.108184814453125 -0.00193786621093748 -0.058197021484375 0.0640449523925781
-0.118568420410156 -0.0454864501953125 -0.0730743408203125 0.108078002929688
-0.0868682861328125 -0.124542236328125 -0.0982589721679688 0.121116638183594
-0.078155517578125 -0.168350219726563 -0.09619140625 0.1759033203125
-0.024139404296875 -0.24688720703125 -0.058563232421875 0.1319580078125
0.07769775390625 -0.24005126953125 -0.351776123046875 0.0182800292968749
0.0204696655273438 -0.105003356933594 -0.129554748535156 -0.0454635620117188
0.0191650390625 -0.0813369750976563 -0.017974853515625 -0.177291870117188
0.0101394653320313 -0.0505752563476563 -0.0706939697265625 -0.234130859375
0.00186538696289063 -0.0667953491210938 -0.11285400390625 -0.21551513671875
-0.0395050048828125 -0.0435333251953125 -0.192581176757813 -0.175567626953125
-0.082489013671875 0.0022430419921875 -0.21978759765625 -0.0904541015625
-0.0954055786132813 0.00760650634765624 -0.15936279296875 -0.0506134033203125
-0.119827270507813 0.0350875854492188 -0.114936828613281 -0.0189971923828125
-0.136238098144531 0.00690460205078123 -0.0641899108886719 0.013031005859375
-0.155105590820313 -0.0572357177734375 -0.03424072265625 0.0622825622558594
-0.147125244140625 -0.116851806640625 -0.069976806640625 0.0996246337890625
-0.056549072265625 -0.210128784179688 -0.107627868652344 0.0838394165039062
-0.01898193359375 -0.237884521484375 -0.107002258300781 0.0961151123046875
0.06536865234375 -0.291168212890625 -0.0351200103759766 0.0350208282470703
0.180984497070313 -0.244354248046875 -0.297607421875 -0.0723876953125
0.121292114257812 -0.158660888671875 -0.093109130859375 -0.121772766113281
0.088592529296875 -0.188400268554688 0.0025634765625 -0.221710205078125
0.0132293701171875 -0.157958984375 -0.0697479248046875 -0.256622314453125
-0.0228271484375 -0.152603149414063 -0.103973388671875 -0.211959838867188
-0.0958175659179688 -0.0994949340820313 -0.172714233398438 -0.15643310546875
-0.14581298828125 -0.034088134765625 -0.17626953125 -0.0832061767578125
-0.147842407226562 -0.031280517578125 -0.109169006347656 -0.0539016723632812
-0.173828125 0.000625610351562495 -0.07000732421875 -0.0291404724121094
-0.169448852539063 -0.0302886962890625 -0.0212192535400391 0.0139694213867188
-0.17388916015625 -0.105392456054687 -0.00342178344726564 0.0642051696777344
-0.150192260742187 -0.16729736328125 -0.059814453125 0.0937576293945312
-0.0148468017578125 -0.260421752929688 -0.114097595214844 0.053802490234375
0.0452728271484375 -0.2691650390625 -0.113204956054688 0.0150985717773437
0.146026611328125 -0.2901611328125 0.00820159912109376 -0.0649490356445313
0.25006103515625 -0.2149658203125 -0.216232299804687 -0.155960083007812
0.199600219726563 -0.182968139648438 -0.0422515869140625 -0.19683837890625
0.142807006835938 -0.263870239257813 0.0254058837890625 -0.2508544921875
0.014739990234375 -0.239334106445313 -0.052703857421875 -0.256515502929688
-0.0462646484375 -0.213958740234375 -0.0756683349609375 -0.18914794921875
-0.139259338378906 -0.137985229492187 -0.125679016113281 -0.1259765625
-0.187301635742188 -0.063018798828125 -0.108673095703125 -0.0693588256835937
-0.178955078125 -0.0652313232421875 -0.0428657531738281 -0.0486869812011719
-0.20318603515625 -0.0365753173828125 -0.0110607147216797 -0.0278148651123047
-0.17633056640625 -0.070037841796875 0.0263900756835937 0.0263710021972656
-0.162109375 -0.147781372070313 0.0269317626953125 0.0732192993164062
-0.12078857421875 -0.203765869140625 -0.04742431640625 0.0909881591796875
0.04290771484375 -0.276519775390625 -0.111717224121094 0.0308151245117187
0.117904663085937 -0.259689331054687 -0.10479736328125 -0.056060791015625
0.214019775390625 -0.245941162109375 0.06829833984375 -0.152069091796875
0.272354125976562 -0.1519775390625 -0.126083374023437 -0.221160888671875
0.238372802734375 -0.16748046875 0.00788879394531252 -0.258331298828125
0.171096801757813 -0.279220581054688 0.0390625 -0.258316040039063
0.0159149169921875 -0.26617431640625 -0.025787353515625 -0.231918334960938
-0.054046630859375 -0.231277465820313 -0.0329742431640625 -0.1512451171875
-0.152603149414063 -0.1514892578125 -0.0601348876953125 -0.0919036865234375
-0.197784423828125 -0.0812835693359375 -0.0285835266113281 -0.0550918579101563
-0.18359375 -0.087982177734375 0.0276527404785156 -0.0367851257324219
-0.204833984375 -0.069488525390625 0.0536117553710937 -0.0121498107910156
-0.160568237304688 -0.104705810546875 0.07354736328125 0.0539321899414062
-0.127273559570313 -0.178085327148438 0.05242919921875 0.0930862426757812
-0.07177734375 -0.221267700195313 -0.0327301025390625 0.0928573608398437
0.10888671875 -0.260986328125 -0.0957870483398437 0.0152435302734375
0.188323974609375 -0.215744018554688 -0.07196044921875 -0.108856201171875
0.26104736328125 -0.165069580078125 0.144943237304688 -0.2099609375
0.248458862304688 -0.0623016357421875 -0.045166015625 -0.256134033203125
0.232223510742188 -0.112533569335938 0.0465087890625 -0.29241943359375
0.168426513671875 -0.23040771484375 0.0449066162109375 -0.23980712890625
0.022003173828125 -0.229873657226563 0.00445556640624999 -0.192001342773438
-0.0373077392578125 -0.19976806640625 0.012451171875 -0.109367370605469
-0.129592895507813 -0.141189575195312 0.00875473022460937 -0.0628318786621094
-0.173171997070313 -0.0890655517578125 0.0499000549316406 -0.0410423278808594
-0.161087036132812 -0.0977325439453125 0.0935516357421875 -0.0197219848632813
-0.180130004882813 -0.0906829833984375 0.115989685058594 0.0156631469726562
-0.131538391113281 -0.119216918945312 0.113754272460938 0.09356689453125
-0.0863494873046875 -0.182571411132812 0.0715713500976563 0.122634887695313
-0.0247344970703125 -0.212753295898438 -0.0142288208007813 0.101509094238281
0.1553955078125 -0.220428466796875 -0.0627784729003906 0.0133132934570312
0.232757568359375 -0.149322509765625 -0.0147857666015625 -0.1304931640625
0.270233154296875 -0.0680084228515625 0.2294921875 -0.22894287109375
0.189437866210938 0.0399627685546875 0.0140838623046875 -0.253433227539062
0.191574096679688 -0.029083251953125 0.070648193359375 -0.2890625
0.145034790039063 -0.127044677734375 0.0509033203125 -0.200973510742188
0.038909912109375 -0.143997192382813 0.03546142578125 -0.15155029296875
0.00325775146484375 -0.132171630859375 0.0475540161132813 -0.076568603515625
-0.071258544921875 -0.115257263183594 0.062774658203125 -0.0427818298339844
-0.117362976074219 -0.0881423950195313 0.109901428222656 -0.029388427734375
-0.114982604980469 -0.0919570922851562 0.144317626953125 0.000488281249999994
-0.135101318359375 -0.0916976928710937 0.1678466796875 0.0489654541015625
-0.0965423583984375 -0.108131408691406 0.145843505859375 0.134490966796875
-0.054718017578125 -0.15679931640625 0.086700439453125 0.152420043945313
0.00103759765625 -0.1766357421875 0.00942230224609376 0.117996215820312
0.16302490234375 -0.163925170898438 -0.0206661224365234 0.0316486358642578
0.233840942382813 -0.0723419189453125 0.0535659790039063 -0.116653442382813
0.2359619140625 0.030853271484375 0.308929443359375 -0.2066650390625
-0.151901245117188 -0.121780395507812 -0.321624755859375 0.192291259765625
-0.148574829101563 0.0388336181640625 -0.0997848510742188 0.091949462890625
-0.09228515625 0.117317199707031 -0.00831604003906251 -0.0788497924804688
-0.00223541259765625 0.126426696777344 -0.0351409912109375 -0.165451049804688
0.032012939453125 0.0889816284179688 -0.095245361328125 -0.185394287109375
0.0644378662109375 0.0633697509765625 -0.180496215820313 -0.158554077148438
0.0612754821777344 0.0600051879882813 -0.224594116210938 -0.0624542236328125
0.0426788330078125 0.0674362182617188 -0.184906005859375 -0.013092041015625
0.0381851196289063 0.0708465576171875 -0.136116027832031 0.0229721069335938
-0.000690460205078128 0.0650978088378906 -0.101638793945312 0.0325164794921875
-0.0362434387207031 0.0606269836425781 -0.065582275390625 0.074737548828125
-0.0695686340332031 0.0508193969726563 -0.0618820190429687 0.126655578613281
-0.115989685058594 -0.000579833984374996 -0.0834503173828125 0.16717529296875
-0.137359619140625 -0.0552749633789063 -0.07659912109375 0.24493408203125
-0.124359130859375 -0.151260375976563 -0.0523223876953125 0.209762573242188
-0.04718017578125 -0.189895629882812 -0.352752685546875 0.126983642578125
-0.0742645263671875 -0.031097412109375 -0.12896728515625 0.0371246337890625
-0.0399971008300781 0.0278663635253906 -0.0258941650390625 -0.122566223144531
0.00911331176757812 0.0465087890625 -0.0623779296875 -0.194961547851563
0.0214576721191406 0.0142726898193359 -0.111038208007812 -0.2012939453125
0.0155735015869141 0.01019287109375 -0.197357177734375 -0.1693115234375
-0.00948143005371094 0.0330219268798828 -0.236724853515625 -0.0750885009765625
-0.0280342102050781 0.0407638549804688 -0.187179565429688 -0.0284576416015625
-0.0442657470703125 0.0572853088378906 -0.139984130859375 0.00741577148437501
-0.074676513671875 0.0368194580078125 -0.0951766967773437 0.0258255004882813
-0.1038818359375 -0.000541687011718756 -0.0584716796875 0.070770263671875
-0.114448547363281 -0.0400161743164063 -0.0716781616210938 0.115211486816406
-0.0883941650390625 -0.115203857421875 -0.0971755981445312 0.127914428710938
-0.0828704833984375 -0.155975341796875 -0.0918121337890625 0.182479858398438
-0.0368499755859375 -0.23638916015625 -0.0577316284179688 0.137214660644531
0.0673370361328125 -0.23577880859375 -0.34332275390625 0.0435180664062499
0.0212326049804688 -0.101455688476563 -0.124031066894531 -0.0314254760742188
0.0223159790039062 -0.0817947387695312 -0.0220947265625 -0.172515869140625
0.0145759582519531 -0.0538177490234375 -0.0772857666015625 -0.22723388671875
0.00167083740234375 -0.0718536376953125 -0.118911743164062 -0.208877563476563
-0.0413551330566406 -0.0476608276367187 -0.1988525390625 -0.16497802734375
-0.082489013671875 0.000808715820312511 -0.2213134765625 -0.0763702392578125
-0.0957260131835938 0.00803375244140625 -0.160598754882813 -0.038818359375
-0.119064331054688 0.0361785888671875 -0.115753173828125 -0.00859069824218751
-0.134056091308594 0.00858306884765628 -0.0649604797363281 0.0215263366699219
-0.154525756835938 -0.0524749755859375 -0.0335540771484375 0.0695304870605469
-0.148239135742188 -0.109848022460937 -0.0689849853515625 0.109092712402344
-0.06341552734375 -0.203338623046875 -0.109397888183594 0.0947113037109375
-0.0276641845703125 -0.229110717773438 -0.106117248535156 0.107009887695313
0.050262451171875 -0.286773681640625 -0.0392913818359375 0.0428466796875
0.169479370117188 -0.248641967773438 -0.293548583984375 -0.0467529296875
0.117340087890625 -0.161300659179688 -0.0916748046875 -0.106971740722656
0.0838470458984375 -0.193374633789062 -0.0028076171875 -0.21746826171875
0.0105743408203125 -0.159881591796875 -0.07757568359375 -0.248489379882812
-0.0294952392578125 -0.15484619140625 -0.110153198242188 -0.203384399414063
-0.10052490234375 -0.0986099243164063 -0.176559448242188 -0.144561767578125
-0.146194458007813 -0.0295257568359375 -0.176681518554688 -0.07012939453125
-0.149642944335937 -0.0263671875 -0.109748840332031 -0.0441818237304688
-0.174270629882812 0.00744628906250002 -0.0704193115234375 -0.0195770263671875
-0.168807983398438 -0.0255889892578125 -0.0206737518310547 0.0211563110351563
-0.176605224609375 -0.09796142578125 -0.000869750976562516 0.0705718994140625
-0.1556396484375 -0.160446166992188 -0.0579910278320313 0.10467529296875
-0.0258636474609375 -0.256988525390625 -0.116493225097656 0.06768798828125
0.0330047607421875 -0.265777587890625 -0.116546630859375 0.0286483764648437
0.131927490234375 -0.292633056640625 -0.00131225585937499 -0.0577201843261719
0.238998413085938 -0.226455688476563 -0.216842651367187 -0.132644653320312
0.1929931640625 -0.191513061523437 -0.0456695556640625 -0.183013916015625
0.131393432617188 -0.271820068359375 0.0178680419921875 -0.247177124023438
0.00421142578125001 -0.23931884765625 -0.06085205078125 -0.248764038085938
-0.0575408935546875 -0.21270751953125 -0.080810546875 -0.181884765625
-0.144683837890625 -0.131378173828125 -0.127449035644531 -0.1156005859375
-0.187896728515625 -0.0530242919921875 -0.108146667480469 -0.0590896606445313
-0.1815185546875 -0.056182861328125 -0.0432510375976563 -0.0432090759277344
-0.203353881835937 -0.02569580078125 -0.010498046875 -0.0211372375488281
-0.177322387695313 -0.0619354248046875 0.0293655395507812 0.0311756134033203
-0.168304443359375 -0.13897705078125 0.0306777954101562 0.0780715942382812
-0.129501342773437 -0.196868896484375 -0.0451889038085938 0.101219177246094
0.02935791015625 -0.278121948242188 -0.115196228027344 0.0453414916992188
0.105026245117187 -0.262893676757813 -0.112075805664063 -0.0418701171875
0.201644897460938 -0.256729125976562 0.0554046630859375 -0.146316528320313
0.26336669921875 -0.168869018554688 -0.13031005859375 -0.20245361328125
0.229568481445313 -0.180740356445313 -0.000167846679687513 -0.246307373046875
0.1551513671875 -0.291107177734375 0.031494140625 -0.255050659179688
0.000961303710937518 -0.265853881835938 -0.0333709716796875 -0.226028442382813
-0.0683135986328125 -0.2279052734375 -0.037353515625 -0.146697998046875
-0.159896850585938 -0.140975952148438 -0.0608062744140625 -0.0841522216796875
-0.198715209960938 -0.0672149658203125 -0.0277252197265625 -0.0490951538085938
-0.187225341796875 -0.0760650634765625 0.028350830078125 -0.0353431701660156
-0.206207275390625 -0.0558624267578125 0.0550422668457031 -0.0089111328125
-0.163192749023438 -0.0948333740234375 0.07891845703125 0.0562591552734375
-0.136245727539063 -0.1693115234375 0.0578079223632812 0.0969696044921875
-0.084014892578125 -0.215927124023438 -0.0299758911132812 0.102386474609375
0.0931854248046875 -0.267318725585938 -0.0998001098632813 0.0288467407226563
0.174606323242188 -0.225662231445312 -0.0821762084960938 -0.0966110229492188
0.250946044921875 -0.180389404296875 0.128204345703125 -0.208786010742187
0.244125366210938 -0.0804595947265625 -0.051849365234375 -0.24365234375
0.224563598632813 -0.128753662109375 0.03466796875 -0.283782958984375
0.152008056640625 -0.24200439453125 0.0381927490234375 -0.237640380859375
0.00646972656249999 -0.229080200195312 -0.000991821289062492 -0.189361572265625
-0.0522003173828125 -0.19598388671875 0.00955200195312501 -0.108818054199219
-0.136543273925781 -0.129478454589844 0.00898742675781249 -0.0592803955078125
-0.174560546875 -0.07373046875 0.0504951477050781 -0.0407485961914063
-0.164596557617188 -0.0843658447265625 0.0943832397460937 -0.0223007202148438
-0.182083129882813 -0.075775146484375 0.118972778320313 0.0146865844726562
-0.134910583496094 -0.107749938964844 0.121170043945313 0.0932693481445313
-0.09716796875 -0.173690795898437 0.0782241821289063 0.124473571777344
-0.037841796875 -0.207122802734375 -0.011199951171875 0.108993530273438
0.139297485351562 -0.228683471679688 -0.0679435729980468 0.0229988098144531
0.220306396484375 -0.1639404296875 -0.027008056640625 -0.123558044433594
0.264328002929687 -0.086517333984375 0.21282958984375 -0.233535766601563
0.189544677734375 0.0225372314453125 0.00651550292968753 -0.24688720703125
0.186477661132812 -0.045745849609375 0.05889892578125 -0.2845458984375
0.132415771484375 -0.138786315917969 0.0470428466796875 -0.200927734375
0.0259857177734375 -0.144073486328125 0.0328216552734375 -0.152786254882813
-0.00939178466796874 -0.129356384277344 0.0465240478515625 -0.0796356201171875
-0.0780410766601563 -0.1043701171875 0.0625038146972656 -0.0438308715820313
-0.119361877441406 -0.0735092163085938 0.110504150390625 -0.0339508056640625
-0.118316650390625 -0.0790863037109375 0.145751953125 -0.00611877441406251
-0.136787414550781 -0.07757568359375 0.171676635742188 0.043731689453125
-0.100082397460938 -0.0965728759765625 0.154205322265625 0.131637573242188
-0.06475830078125 -0.147750854492188 0.0941925048828125 0.152374267578125
-0.0111846923828125 -0.171981811523438 0.0122299194335937 0.122383117675781
0.147476196289062 -0.173675537109375 -0.0249900817871094 0.0364723205566406
0.2237548828125 -0.088623046875 0.041839599609375 -0.115219116210938
0.234207153320313 0.0117950439453125 0.291778564453125 -0.21844482421875
-0.156707763671875 -0.108169555664063 -0.315032958984375 0.20880126953125
-0.14404296875 0.0488128662109375 -0.0921783447265625 0.0968399047851563
-0.0815048217773437 0.123291015625 -0.00746154785156251 -0.0802230834960937
0.00968933105468749 0.1243896484375 -0.039154052734375 -0.169937133789063
0.0387344360351563 0.0848159790039063 -0.102127075195312 -0.18927001953125
0.0665054321289063 0.0553436279296875 -0.191177368164063 -0.158950805664062
0.0618858337402344 0.0519866943359375 -0.232955932617187 -0.05615234375
0.0442008972167969 0.0618553161621094 -0.190521240234375 -0.00547790527343752
0.0385017395019531 0.0655250549316406 -0.14019775390625 0.028778076171875
0.000984191894531251 0.0598068237304688 -0.106155395507812 0.0388107299804688
-0.0312728881835937 0.0581703186035156 -0.0688018798828125 0.0811386108398438
-0.06341552734375 0.05328369140625 -0.0620193481445313 0.132591247558594
-0.112106323242188 0.00785064697265624 -0.083465576171875 0.172454833984375
-0.136772155761719 -0.045013427734375 -0.0731201171875 0.251205444335938
-0.131813049316406 -0.139923095703125 -0.05126953125 0.215484619140625
-0.0519866943359375 -0.182968139648437 -0.347900390625 0.146453857421875
-0.0703125 -0.0251998901367188 -0.123397827148438 0.0451736450195312
-0.0315589904785156 0.0293254852294922 -0.0262374877929688 -0.122215270996094
0.0179710388183594 0.0427474975585938 -0.0672454833984375 -0.1964111328125
0.0251827239990234 0.00763511657714844 -0.117233276367188 -0.202606201171875
0.0145959854125977 0.00294780731201172 -0.206939697265625 -0.167312622070313
-0.0103855133056641 0.0273571014404297 -0.243133544921875 -0.0666351318359375
-0.028594970703125 0.0377006530761719 -0.191848754882813 -0.0194549560546875
-0.0455741882324219 0.0555000305175781 -0.143157958984375 0.014923095703125
-0.0752716064453125 0.0343704223632813 -0.0987319946289063 0.03369140625
-0.102493286132813 -0.00119018554687499 -0.0602035522460938 0.0784835815429687
-0.113319396972656 -0.0375823974609375 -0.0723953247070313 0.124176025390625
-0.0893783569335937 -0.110664367675781 -0.0991439819335937 0.136711120605469
-0.08587646484375 -0.149078369140625 -0.0899658203125 0.19146728515625
-0.0458221435546875 -0.231292724609375 -0.0596160888671875 0.144912719726562
0.06207275390625 -0.235794067382813 -0.34088134765625 0.0644836425781249
0.0242080688476563 -0.100395202636719 -0.120254516601563 -0.0215988159179687
0.0266799926757813 -0.084869384765625 -0.0238037109375 -0.173049926757813
0.0196990966796875 -0.0591583251953125 -0.0828857421875 -0.226669311523437
0.001007080078125 -0.0789413452148438 -0.124771118164063 -0.20916748046875
-0.0448684692382812 -0.0531196594238281 -0.206298828125 -0.159896850585938
-0.0848312377929688 -0.00154876708984374 -0.226211547851562 -0.0669097900390625
-0.0985870361328125 0.00740051269531252 -0.164382934570313 -0.0305328369140625
-0.121025085449219 0.0381546020507813 -0.118560791015625 8.39233398437324E-05
-0.136161804199219 0.00840759277343752 -0.0670242309570313 0.029052734375
-0.1566162109375 -0.0510101318359375 -0.0332794189453125 0.0770950317382813
-0.151473999023438 -0.10723876953125 -0.0688552856445312 0.119842529296875
-0.0682830810546875 -0.20294189453125 -0.112457275390625 0.106895446777344
-0.0326995849609375 -0.227920532226563 -0.108352661132813 0.117813110351563
0.04180908203125 -0.288177490234375 -0.0440788269042969 0.0509376525878906
0.1654052734375 -0.256362915039063 -0.294097900390625 -0.02716064453125
0.11859130859375 -0.1658935546875 -0.0896224975585937 -0.0972900390625
0.082489013671875 -0.200790405273438 -0.00608825683593751 -0.218765258789063
0.00942993164062499 -0.165206909179688 -0.083740234375 -0.24713134765625
-0.0351715087890625 -0.160293579101562 -0.115997314453125 -0.202255249023438
-0.105659484863281 -0.100486755371094 -0.18206787109375 -0.13848876953125
-0.15008544921875 -0.0272064208984375 -0.178985595703125 -0.0610198974609375
-0.154678344726563 -0.02392578125 -0.111412048339844 -0.0379257202148438
-0.177658081054688 0.012481689453125 -0.0718536376953125 -0.01220703125
-0.172470092773438 -0.022918701171875 -0.0195903778076172 0.0274543762207031
-0.182144165039063 -0.0949554443359375 0.00108337402343749 0.077117919921875
-0.161666870117187 -0.158157348632813 -0.0579071044921875 0.116584777832031
-0.03369140625 -0.260528564453125 -0.120216369628906 0.0819015502929687
0.026275634765625 -0.268829345703125 -0.121444702148438 0.041015625
0.125457763671875 -0.301025390625 -0.00865554809570312 -0.0511131286621094
0.235549926757813 -0.239334106445313 -0.218505859375 -0.116302490234375
0.192123413085938 -0.2012939453125 -0.0459747314453125 -0.174224853515625
0.12445068359375 -0.28472900390625 0.013946533203125 -0.249725341796875
-0.00267028808593748 -0.244522094726563 -0.0670623779296875 -0.247802734375
-0.0670013427734375 -0.216705322265625 -0.085693359375 -0.180740356445312
-0.152359008789063 -0.129684448242187 -0.130462646484375 -0.108879089355469
-0.192428588867188 -0.0467987060546875 -0.108192443847656 -0.0533294677734375
-0.187942504882813 -0.0506591796875 -0.0432167053222656 -0.0394744873046875
-0.208145141601563 -0.018646240234375 -0.00988101959228517 -0.0152416229248047
-0.181854248046875 -0.0583648681640625 0.032806396484375 0.0366630554199219
-0.176055908203125 -0.135986328125 0.03472900390625 0.0843963623046875
-0.139144897460938 -0.196121215820312 -0.0438385009765625 0.1129150390625
0.01947021484375 -0.28472900390625 -0.11932373046875 0.0597305297851562
0.09814453125 -0.270828247070313 -0.118843078613281 -0.0300979614257813
0.197479248046875 -0.269332885742188 0.0458984375 -0.143890380859375
0.262222290039063 -0.184967041015625 -0.133529663085938 -0.19110107421875
0.22845458984375 -0.195114135742187 -0.00286865234374996 -0.240966796875
0.14453125 -0.30548095703125 0.028167724609375 -0.258270263671875
-0.00997924804687502 -0.270065307617188 -0.038177490234375 -0.22601318359375
-0.0810546875 -0.22991943359375 -0.040191650390625 -0.146087646484375
-0.167617797851562 -0.135986328125 -0.06085205078125 -0.0792465209960938
-0.202850341796875 -0.0578155517578125 -0.0257987976074219 -0.04571533203125
-0.1932373046875 -0.0677642822265625 0.0299739837646484 -0.0350093841552734
-0.210403442382813 -0.0465240478515625 0.0585517883300781 -0.00655364990234375
-0.167388916015625 -0.089630126953125 0.0852890014648437 0.0602645874023437
-0.145736694335938 -0.164794921875 0.063720703125 0.102272033691406
-0.093963623046875 -0.215530395507813 -0.0276336669921875 0.113204956054687
0.082489013671875 -0.277130126953125 -0.104240417480469 0.0419082641601562
0.168380737304688 -0.237075805664063 -0.0904541015625 -0.0872421264648438
0.249542236328125 -0.196792602539063 0.119384765625 -0.21063232421875
0.245361328125 -0.09747314453125 -0.0547637939453125 -0.238555908203125
0.222366333007812 -0.143508911132812 0.030548095703125 -0.2822265625
0.1402587890625 -0.257293701171875 0.035614013671875 -0.241851806640625
-0.00608825683593751 -0.232711791992188 -0.00408935546875 -0.190872192382813
-0.0651702880859375 -0.196273803710937 0.00908660888671874 -0.110313415527344
-0.143829345703125 -0.121368408203125 0.0110511779785156 -0.0576362609863281
-0.177505493164063 -0.06268310546875 0.0535202026367187 -0.0417327880859375
-0.169754028320313 -0.07562255859375 0.097442626953125 -0.0257797241210938
-0.186203002929687 -0.065399169921875 0.124031066894531 0.014068603515625
-0.139839172363281 -0.10211181640625 0.130081176757813 0.0957489013671875
-0.105361938476563 -0.169052124023437 0.085205078125 0.129127502441406
-0.048248291015625 -0.207046508789062 -0.00879669189453126 0.118339538574219
0.128814697265625 -0.239456176757813 -0.0721359252929687 0.0333099365234375
0.21466064453125 -0.177841186523438 -0.0361404418945312 -0.1180419921875
0.265289306640625 -0.103485107421875 0.203994750976563 -0.240249633789063
0.192642211914062 0.0082550048828125 0.00494384765624999 -0.246597290039062
0.186065673828125 -0.058868408203125 0.053619384765625 -0.285858154296875
0.123748779296875 -0.151199340820313 0.045928955078125 -0.20550537109375
0.0164794921875 -0.146255493164063 0.0313262939453125 -0.156417846679688
-0.0192108154296875 -0.128608703613281 0.0472793579101563 -0.0833892822265625
-0.0831756591796875 -0.0972976684570313 0.0653343200683594 -0.0457191467285156
-0.121284484863281 -0.063018798828125 0.113075256347656 -0.0386962890625
-0.121734619140625 -0.0695266723632812 0.149490356445313 -0.0120391845703125
-0.139350891113281 -0.0676116943359375 0.179046630859375 0.0400848388671875
-0.102813720703125 -0.089141845703125 0.165069580078125 0.131500244140625
-0.0728912353515625 -0.141632080078125 0.101486206054688 0.156341552734375
-0.020538330078125 -0.1700439453125 0.0155487060546875 0.129142761230469
0.13720703125 -0.182952880859375 -0.0286369323730469 0.0426406860351562
0.219039916992188 -0.102630615234375 0.0328826904296875 -0.115165710449219
0.236358642578125 -0.00299072265625 0.284515380859375 -0.2291259765625
-0.164443969726563 -0.095703125 -0.312347412109375 0.232177734375
-0.141357421875 0.0599517822265625 -0.0861740112304688 0.104354858398438
-0.0713729858398438 0.131050109863281 -0.00737762451171876 -0.0832595825195312
0.02142333984375 0.123924255371094 -0.0461578369140625 -0.177459716796875
0.0473785400390625 0.0812454223632813 -0.115081787109375 -0.195953369140625
0.0685234069824219 0.0483055114746094 -0.209671020507813 -0.159469604492187
0.0628547668457031 0.0454139709472656 -0.246841430664063 -0.0467071533203125
0.046966552734375 0.0579605102539063 -0.1993408203125 0.00463867187500004
0.0405464172363281 0.0620231628417969 -0.147140502929688 0.0379180908203125
0.00230789184570312 0.057281494140625 -0.112052917480469 0.0482254028320313
-0.0272178649902344 0.0576820373535156 -0.0708847045898437 0.0911636352539063
-0.0582618713378906 0.0568466186523437 -0.0616607666015625 0.143218994140625
-0.110687255859375 0.0164413452148438 -0.0833587646484375 0.183502197265625
-0.13946533203125 -0.0348434448242187 -0.068206787109375 0.26513671875
-0.143096923828125 -0.130523681640625 -0.049560546875 0.227935791015625
-0.05987548828125 -0.18072509765625 -0.349151611328125 0.1724853515625
-0.0668258666992187 -0.02001953125 -0.118873596191406 0.0547332763671875
-0.0237712860107422 0.0307445526123047 -0.0283432006835937 -0.126129150390625
0.0270805358886719 0.0381317138671875 -0.075897216796875 -0.202133178710938
0.0291004180908203 0.000631332397460938 -0.12939453125 -0.20806884765625
0.0130510330200195 -0.00437736511230469 -0.224365234375 -0.165664672851563
-0.0126571655273438 0.0226116180419922 -0.257186889648438 -0.0560760498046875
-0.0304336547851563 0.0356788635253906 -0.201461791992188 -0.00878906249999997
-0.0475578308105469 0.0560150146484375 -0.15045166015625 0.025848388671875
-0.0782623291015625 0.0342559814453125 -0.104042053222656 0.0436172485351562
-0.104385375976562 -0.000816345214843755 -0.0610275268554687 0.0888290405273438
-0.115928649902344 -0.0349655151367188 -0.0719375610351563 0.137344360351563
-0.0938186645507813 -0.108963012695312 -0.101043701171875 0.150192260742187
-0.0911102294921875 -0.147003173828125 -0.0891876220703125 0.206832885742187
-0.0569610595703125 -0.23150634765625 -0.0609588623046875 0.15802001953125
0.056884765625 -0.24346923828125 -0.345947265625 0.090423583984375
0.027069091796875 -0.10333251953125 -0.118919372558594 -0.0118408203125
0.0310745239257813 -0.0917205810546875 -0.027984619140625 -0.177810668945313
0.023193359375 -0.0671272277832031 -0.09320068359375 -0.231674194335938
-0.00139617919921875 -0.0879135131835938 -0.137405395507812 -0.212295532226563
-0.0509834289550781 -0.0591850280761719 -0.221145629882812 -0.156478881835938
-0.0907974243164063 -0.00212097167968751 -0.23712158203125 -0.05670166015625
-0.104995727539062 0.00877380371093749 -0.172027587890625 -0.021240234375
-0.126411437988281 0.0426788330078125 -0.123985290527344 0.010406494140625
-0.142684936523438 0.0110015869140625 -0.0694732666015625 0.0381889343261719
-0.164154052734375 -0.0498046875 -0.032562255859375 0.0869903564453125
-0.160263061523438 -0.106414794921875 -0.068115234375 0.134498596191406
-0.0771026611328125 -0.206787109375 -0.116020202636719 0.122459411621094
-0.0403900146484375 -0.2314453125 -0.110504150390625 0.134117126464844
0.031646728515625 -0.298431396484375 -0.0487632751464844 0.0615234375
0.162521362304687 -0.272857666015625 -0.3001708984375 -0.00537109375000007
0.121185302734375 -0.17706298828125 -0.08953857421875 -0.0897064208984375
0.0806732177734375 -0.215469360351563 -0.012176513671875 -0.226318359375
0.00682067871093748 -0.175735473632813 -0.0947723388671875 -0.252090454101563
-0.0429229736328125 -0.17059326171875 -0.1268310546875 -0.20477294921875
-0.115653991699219 -0.103897094726563 -0.19342041015625 -0.133071899414063
-0.158111572265625 -0.024688720703125 -0.186599731445313 -0.052734375
-0.1641845703125 -0.0194549560546875 -0.117111206054688 -0.0318832397460938
-0.185653686523438 0.0197601318359375 -0.0737762451171875 -0.00395965576171874
-0.180679321289063 -0.0189208984375 -0.0188350677490234 0.0348281860351563
-0.193283081054688 -0.0927886962890625 0.00487518310546873 0.0857696533203125
-0.174850463867188 -0.1590576171875 -0.0558319091796875 0.131874084472656
-0.0457611083984375 -0.270675659179687 -0.125175476074219 0.09881591796875
0.0185394287109375 -0.279159545898438 -0.127174377441406 0.0565643310546875
0.1181640625 -0.31787109375 -0.0160713195800781 -0.0452728271484375
0.236068725585938 -0.2615966796875 -0.22528076171875 -0.101226806640625
0.194412231445312 -0.220245361328125 -0.0476837158203125 -0.1712646484375
0.11663818359375 -0.305694580078125 0.00744628906250003 -0.258712768554688
-0.0122222900390625 -0.25604248046875 -0.0775299072265625 -0.25201416015625
-0.081878662109375 -0.225418090820313 -0.094451904296875 -0.182937622070313
-0.164642333984375 -0.129608154296875 -0.136650085449219 -0.104072570800781
-0.201629638671875 -0.03997802734375 -0.111717224121094 -0.0470962524414063
-0.1988525390625 -0.0439453125 -0.0451774597167969 -0.0366897583007813
-0.217971801757813 -0.00918579101562503 -0.00825977325439455 -0.0107002258300781
-0.192092895507813 -0.05377197265625 0.0385055541992187 0.0413932800292969
-0.1904296875 -0.134506225585937 0.0414047241210937 0.091644287109375
-0.154556274414063 -0.199066162109375 -0.04095458984375 0.1280517578125
0.00729370117187502 -0.299224853515625 -0.124053955078125 0.07635498046875
0.090850830078125 -0.286346435546875 -0.127647399902344 -0.0175552368164062
0.194427490234375 -0.2913818359375 0.0377960205078125 -0.144149780273438
0.264968872070313 -0.209548950195313 -0.139373779296875 -0.184341430664062
0.229049682617188 -0.216964721679688 -0.00666809082031249 -0.243118286132813
0.133941650390625 -0.328460693359375 0.0209197998046875 -0.269210815429687
-0.0247802734375 -0.28131103515625 -0.0470733642578125 -0.231292724609375
-0.0986175537109375 -0.235198974609375 -0.0457916259765625 -0.149246215820313
-0.18035888671875 -0.132232666015625 -0.0623397827148438 -0.0767745971679688
-0.2115478515625 -0.0485992431640625 -0.0252037048339844 -0.0444145202636719
-0.2052001953125 -0.0595245361328125 0.0313186645507812 -0.0365142822265625
-0.22064208984375 -0.036163330078125 0.064453125 -0.00471115112304688
-0.17816162109375 -0.0844573974609375 0.0952987670898437 0.0634307861328125
-0.159011840820312 -0.163787841796875 0.0730667114257812 0.109024047851562
-0.109100341796875 -0.219940185546875 -0.0240402221679688 0.127899169921875
0.072021484375 -0.29412841796875 -0.109603881835937 0.0564193725585937
0.163467407226563 -0.257049560546875 -0.101158142089844 -0.079010009765625
0.25103759765625 -0.221450805664063 0.11114501953125 -0.217605590820312
0.250198364257813 -0.1190185546875 -0.0603179931640625 -0.238967895507812
0.22442626953125 -0.164276123046875 0.024932861328125 -0.28875732421875
0.128097534179688 -0.278533935546875 0.02978515625 -0.2530517578125
-0.020721435546875 -0.240249633789063 -0.00962829589843751 -0.197036743164063
-0.0811004638671875 -0.19891357421875 0.00717163085937499 -0.115264892578125
-0.154678344726563 -0.116607666015625 0.0127716064453125 -0.058319091796875
-0.184829711914062 -0.0523529052734375 0.0571136474609375 -0.0446586608886719
-0.179229736328125 -0.0662994384765625 0.1021728515625 -0.0305938720703125
-0.1943359375 -0.0554656982421875 0.134178161621094 0.0125808715820312
-0.1475830078125 -0.097076416015625 0.14434814453125 0.0973968505859375
-0.118743896484375 -0.167449951171875 0.0966644287109375 0.13580322265625
-0.0618896484375 -0.2117919921875 -0.00457763671875 0.130516052246094
0.119735717773437 -0.257080078125 -0.0761032104492188 0.0451278686523437
0.211776733398438 -0.198089599609375 -0.0461883544921875 -0.115219116210938
0.270980834960938 -0.125579833984375 0.198104858398438 -0.255447387695313
0.199417114257813 -0.0070037841796875 -0.000320434570312491 -0.2540283203125
0.18792724609375 -0.075836181640625 0.0472412109375 -0.296630859375
0.114837646484375 -0.167282104492188 0.0435333251953125 -0.216476440429688
0.00454711914062499 -0.150970458984375 0.0287322998046875 -0.165328979492187
-0.0311737060546875 -0.130058288574219 0.0478515625 -0.0898056030273438
-0.091552734375 -0.0920028686523438 0.0693588256835938 -0.0502166748046875
-0.125625610351563 -0.0536422729492187 0.118583679199219 -0.0454559326171875
-0.128097534179688 -0.0611343383789063 0.156524658203125 -0.0203704833984375
-0.145111083984375 -0.0583648681640625 0.192337036132813 0.03533935546875
-0.108406066894531 -0.0837860107421875 0.181854248046875 0.133056640625
-0.0831985473632813 -0.138191223144531 0.11407470703125 0.162307739257813
-0.0323333740234375 -0.172500610351563 0.0204620361328125 0.139251708984375
0.128463745117188 -0.197738647460937 -0.0315780639648438 0.0507316589355469
0.2176513671875 -0.120513916015625 0.0244598388671875 -0.117111206054688
0.2437744140625 -0.0204315185546875 0.282623291015625 -0.250213623046875
-0.175384521484375 -0.080322265625 -0.3050537109375 0.267303466796875
-0.136886596679688 0.0755691528320313 -0.07696533203125 0.114418029785156
-0.057464599609375 0.140670776367188 -0.01019287109375 -0.087738037109375
0.0369033813476563 0.121429443359375 -0.0604400634765625 -0.185592651367188
0.0572586059570313 0.0753631591796875 -0.135269165039063 -0.20025634765625
0.0719146728515625 0.0398712158203125 -0.234298706054688 -0.153656005859375
0.0645332336425781 0.0370216369628906 -0.263961791992188 -0.0289306640625
0.0511512756347656 0.0524711608886719 -0.209487915039063 0.0226898193359375
0.0441665649414063 0.0581130981445313 -0.154510498046875 0.0537109375
0.00447463989257813 0.0546531677246094 -0.117263793945312 0.0618667602539063
-0.0224266052246094 0.0576667785644531 -0.069061279296875 0.104583740234375
-0.0524482727050781 0.0619544982910156 -0.05621337890625 0.15704345703125
-0.109375 0.02777099609375 -0.0783843994140625 0.198562622070313
-0.143356323242188 -0.0224456787109375 -0.0555419921875 0.28369140625
-0.157821655273438 -0.11767578125 -0.04058837890625 0.245269775390625
-0.0717926025390625 -0.17767333984375 -0.3466796875 0.209869384765625
-0.0640678405761719 -0.0138931274414063 -0.1138916015625 0.0668869018554688
-0.0148849487304688 0.0310840606689453 -0.0351028442382813 -0.129898071289063
0.0365982055664063 0.0310859680175781 -0.0918731689453125 -0.207275390625
0.0314922332763672 -0.00758743286132813 -0.150238037109375 -0.210540771484375
0.00959968566894531 -0.011408805847168 -0.24822998046875 -0.157913208007813
-0.0160598754882812 0.0199165344238281 -0.2738037109375 -0.0372619628906249
-0.032135009765625 0.0358695983886719 -0.21160888671875 0.00914001464843746
-0.0481719970703125 0.0596580505371094 -0.157333374023438 0.043304443359375
-0.0809097290039063 0.03741455078125 -0.107704162597656 0.057830810546875
-0.108360290527344 0.00259399414062502 -0.0584182739257812 0.102462768554688
-0.120872497558594 -0.0308685302734375 -0.067169189453125 0.15380859375
-0.101341247558594 -0.105453491210938 -0.0989837646484375 0.168350219726563
-0.101394653320313 -0.143386840820312 -0.0809783935546875 0.22735595703125
-0.0750274658203125 -0.2327880859375 -0.0570220947265625 0.175491333007812
0.04534912109375 -0.254623413085938 -0.34716796875 0.12640380859375
0.0281753540039063 -0.108741760253906 -0.116546630859375 5.34057617187669E-05
0.03155517578125 -0.1007080078125 -0.038543701171875 -0.18450927734375
0.0246047973632813 -0.0774917602539062 -0.110946655273438 -0.234725952148438
-0.0071868896484375 -0.0982666015625 -0.157501220703125 -0.21295166015625
-0.0604362487792969 -0.0633773803710938 -0.242568969726562 -0.146560668945313
-0.0984039306640625 -0.000152587890624979 -0.2513427734375 -0.039093017578125
-0.112335205078125 0.0139617919921875 -0.181488037109375 -0.00637817382812497
-0.131813049316406 0.0527191162109375 -0.129096984863281 0.0253829956054688
-0.149871826171875 0.0181884765625 -0.07061767578125 0.049896240234375
-0.175094604492188 -0.0430145263671875 -0.027984619140625 0.0986785888671875
-0.17364501953125 -0.100906372070313 -0.06231689453125 0.153106689453125
-0.093536376953125 -0.211044311523438 -0.115234375 0.143234252929688
-0.054840087890625 -0.2373046875 -0.108184814453125 0.154571533203125
0.013031005859375 -0.31195068359375 -0.0505599975585938 0.075469970703125
0.15252685546875 -0.2972412109375 -0.306365966796875 0.024993896484375
0.119720458984375 -0.195297241210938 -0.0919876098632812 -0.0815505981445313
0.0715484619140625 -0.235137939453125 -0.02685546875 -0.236312866210938
-0.00296020507812499 -0.188766479492188 -0.114852905273438 -0.255035400390625
-0.059295654296875 -0.179946899414063 -0.145538330078125 -0.205123901367188
-0.130577087402344 -0.103988647460938 -0.20965576171875 -0.123016357421875
-0.168975830078125 -0.0161285400390625 -0.196762084960937 -0.0388031005859375
-0.176681518554688 -0.00950622558593749 -0.123634338378906 -0.0213088989257812
-0.195098876953125 0.034210205078125 -0.0758590698242188 0.00614166259765627
-0.191680908203125 -0.00929260253906247 -0.0159263610839844 0.0426368713378906
-0.210098266601562 -0.085357666015625 0.0120773315429687 0.0948028564453125
-0.19549560546875 -0.154266357421875 -0.048095703125 0.150863647460938
-0.066619873046875 -0.281463623046875 -0.124992370605469 0.120285034179688
0.000854492187500028 -0.293670654296875 -0.131027221679688 0.0763168334960937
0.101776123046875 -0.342254638671875 -0.0234642028808594 -0.0382652282714844
0.2291259765625 -0.293121337890625 -0.234878540039063 -0.0807037353515625
0.190078735351562 -0.2471923828125 -0.0547943115234375 -0.16937255859375
0.098297119140625 -0.33221435546875 -0.00891113281250002 -0.271804809570313
-0.0311431884765625 -0.269683837890625 -0.095794677734375 -0.255950927734375
-0.1048583984375 -0.23199462890625 -0.109573364257812 -0.183853149414063
-0.183578491210938 -0.1243896484375 -0.14654541015625 -0.0964202880859375
-0.214019775390625 -0.0274200439453125 -0.116569519042969 -0.0379791259765625
-0.213577270507813 -0.0309295654296875 -0.0488128662109375 -0.0331077575683594
-0.229507446289063 0.00804138183593751 -0.00628995895385744 -0.00585556030273437
-0.20587158203125 -0.0435333251953125 0.046661376953125 0.0455856323242188
-0.209686279296875 -0.126556396484375 0.0520858764648437 0.0981979370117187
-0.177444458007813 -0.197479248046875 -0.032379150390625 0.145858764648437
-0.015472412109375 -0.31695556640625 -0.124824523925781 0.0980377197265625
0.074920654296875 -0.308197021484375 -0.137077331542969 -0.000442504882812512
0.182891845703125 -0.3232421875 0.0256195068359375 -0.146499633789063
0.261764526367188 -0.243896484375 -0.150863647460937 -0.174911499023438
0.2257080078125 -0.247955322265625 -0.0174560546875 -0.247207641601563
0.11041259765625 -0.358184814453125 0.00445556640624999 -0.28363037109375
-0.04864501953125 -0.29248046875 -0.062774658203125 -0.236526489257813
-0.12457275390625 -0.238739013671875 -0.0561370849609375 -0.152740478515625
-0.199356079101563 -0.123992919921875 -0.0666046142578125 -0.073516845703125
-0.223419189453125 -0.03338623046875 -0.0258445739746094 -0.0424995422363281
-0.219528198242188 -0.0448455810546875 0.0321731567382812 -0.0394439697265625
-0.233688354492188 -0.0187225341796875 0.070953369140625 -0.0062713623046875
-0.191558837890625 -0.076019287109375 0.109092712402344 0.0628890991210938
-0.17974853515625 -0.157699584960938 0.0873184204101562 0.114372253417969
-0.133010864257813 -0.22174072265625 -0.013885498046875 0.143234252929688
0.050811767578125 -0.316070556640625 -0.110542297363281 0.0757369995117187
0.150665283203125 -0.283477783203125 -0.113487243652344 -0.0676803588867188
0.246826171875 -0.255294799804688 0.096832275390625 -0.23126220703125
0.25189208984375 -0.150970458984375 -0.0731201171875 -0.240631103515625
0.220489501953125 -0.194580078125 0.0118408203125 -0.298980712890625
0.10772705078125 -0.304595947265625 0.0149688720703125 -0.267684936523438
-0.043121337890625 -0.247772216796875 -0.0216522216796875 -0.205291748046875
-0.104598999023438 -0.200042724609375 0.00112915039062499 -0.1212158203125
-0.1697998046875 -0.10772705078125 0.0137748718261719 -0.0602912902832031
-0.193649291992188 -0.03729248046875 0.0593757629394531 -0.0505485534667969
-0.191650390625 -0.052276611328125 0.105827331542969 -0.040069580078125
-0.205734252929688 -0.0396575927734375 0.145538330078125 0.0042877197265625
-0.160079956054687 -0.089599609375 0.163436889648438 0.0943603515625
-0.1370849609375 -0.163055419921875 0.1134033203125 0.13983154296875
-0.08258056640625 -0.215408325195313 0.00640869140625 0.144271850585937
0.101791381835938 -0.2801513671875 -0.0782546997070312 0.0598526000976562
0.203338623046875 -0.22637939453125 -0.0592880249023437 -0.111259460449219
0.273040771484375 -0.15826416015625 0.185150146484375 -0.2779541015625
0.206085205078125 -0.0289764404296875 -0.012237548828125 -0.265045166015625
0.187576293945313 -0.0984344482421875 0.0333251953125 -0.311370849609375
0.100509643554687 -0.186920166015625 0.032745361328125 -0.2314453125
-0.01104736328125 -0.155593872070313 0.020751953125 -0.17657470703125
-0.0462265014648438 -0.130638122558594 0.0452728271484375 -0.099090576171875
-0.101715087890625 -0.0850906372070313 0.0729827880859375 -0.0570907592773438
-0.130958557128906 -0.0416107177734375 0.123641967773437 -0.0573272705078125
-0.13568115234375 -0.0497665405273438 0.163482666015625 -0.035064697265625
-0.152969360351563 -0.0460205078125 0.20709228515625 0.0225830078125
-0.117088317871094 -0.0759124755859375 0.204559326171875 0.12774658203125
-0.0969619750976562 -0.133216857910156 0.133102416992187 0.166549682617188
-0.0493316650390625 -0.174026489257813 0.0318450927734375 0.150527954101563
0.114288330078125 -0.217193603515625 -0.0314483642578125 0.0609512329101562
0.213851928710938 -0.146102905273438 0.0125503540039063 -0.120536804199219
0.25079345703125 -0.0450439453125 0.27423095703125 -0.28265380859375
-0.184463500976563 -0.057586669921875 -0.281890869140625 0.305999755859375
-0.125846862792969 0.0926132202148437 -0.0628738403320312 0.122573852539063
-0.0377655029296875 0.1474609375 -0.0153121948242188 -0.0907363891601562
0.0539932250976563 0.115478515625 -0.0800628662109375 -0.186798095703125
0.0670204162597656 0.0657844543457031 -0.159698486328125 -0.195205688476563
0.0747146606445313 0.0288467407226563 -0.260055541992188 -0.136627197265625
0.0652618408203125 0.0279960632324219 -0.276748657226563 -0.00189208984375004
0.0551223754882812 0.0456657409667969 -0.214614868164062 0.0472564697265625
0.0482063293457031 0.0527877807617187 -0.156082153320313 0.074310302734375
0.00771331787109374 0.052581787109375 -0.117568969726563 0.0786590576171875
-0.016845703125 0.0566291809082031 -0.0620574951171875 0.118690490722656
-0.0433082580566406 0.0659408569335938 -0.044525146484375 0.169998168945312
-0.104141235351563 0.0411834716796875 -0.0663909912109375 0.2139892578125
-0.1441650390625 -0.00512695312499997 -0.031890869140625 0.29998779296875
-0.171051025390625 -0.0981292724609375 -0.0222015380859375 0.260543823242187
-0.0870513916015625 -0.169952392578125 -0.328582763671875 0.254486083984375
-0.0597572326660156 -0.00709915161132812 -0.10382080078125 0.0801467895507813
-0.00541496276855469 0.0297813415527344 -0.0459136962890625 -0.131233215332031
0.0449905395507812 0.0217971801757813 -0.112869262695313 -0.205352783203125
0.0317401885986328 -0.0180110931396484 -0.175155639648437 -0.203155517578125
0.005340576171875 -0.0179271697998047 -0.273147583007812 -0.139068603515625
-0.0195674896240234 0.0180397033691406 -0.28607177734375 -0.009613037109375
-0.0334281921386719 0.0370979309082031 -0.216812133789063 0.0340423583984375
-0.0466461181640625 0.0636940002441406 -0.1583251953125 0.065338134765625
-0.0819854736328125 0.042938232421875 -0.106719970703125 0.0747451782226562
-0.111259460449219 0.00928497314453124 -0.0502243041992188 0.115989685058594
-0.124565124511719 -0.0210342407226563 -0.05450439453125 0.1702880859375
-0.110282897949219 -0.0982513427734375 -0.0888519287109375 0.18768310546875
-0.113670349121094 -0.135269165039063 -0.0626983642578125 0.246963500976563
-0.097412109375 -0.22711181640625 -0.04534912109375 0.192855834960937
0.0240325927734375 -0.263580322265625 -0.335601806640625 0.17095947265625
0.0247268676757812 -0.115150451660156 -0.112030029296875 0.0133056640625
0.0275497436523438 -0.111869812011719 -0.0552215576171875 -0.185867309570313
0.0210113525390625 -0.0884475708007813 -0.134674072265625 -0.230712890625
-0.0186920166015625 -0.106544494628906 -0.181167602539063 -0.204635620117188
-0.0724105834960938 -0.0634536743164062 -0.263351440429687 -0.126571655273438
-0.105422973632813 0.00656127929687501 -0.262161254882813 -0.012725830078125
-0.118553161621094 0.0232315063476562 -0.186599731445312 0.015655517578125
-0.132904052734375 0.06591796875 -0.12933349609375 0.0439605712890625
-0.155059814453125 0.0311279296875 -0.06744384765625 0.0632247924804688
-0.185379028320313 -0.0297088623046875 -0.0180435180664063 0.109352111816406
-0.18817138671875 -0.0887298583984375 -0.048309326171875 0.170562744140625
-0.114990234375 -0.2093505859375 -0.106552124023438 0.165069580078125
-0.076812744140625 -0.237823486328125 -0.0975341796875 0.177032470703125
-0.01641845703125 -0.321044921875 -0.0478668212890625 0.0904312133789063
0.12939453125 -0.32073974609375 -0.30316162109375 0.0632629394531249
0.109207153320313 -0.214263916015625 -0.0934677124023438 -0.0711669921875
0.0525665283203125 -0.253799438476563 -0.0488433837890625 -0.23956298828125
-0.0191802978515625 -0.198379516601563 -0.139480590820313 -0.249801635742188
-0.08099365234375 -0.183425903320312 -0.16802978515625 -0.195968627929688
-0.147537231445313 -0.0967864990234375 -0.225112915039063 -0.104415893554687
-0.1787109375 -0.00189208984374998 -0.203536987304688 -0.0172271728515625
-0.186141967773438 0.00668334960937502 -0.12823486328125 -0.00640106201171877
-0.198577880859375 0.05560302734375 -0.0747833251953125 0.0190277099609375
-0.200424194335938 0.00755310058593747 -0.0106735229492188 0.0503501892089844
-0.225555419921875 -0.0683441162109375 0.0240020751953125 0.101394653320313
-0.217391967773438 -0.140640258789063 -0.03228759765625 0.167510986328125
-0.0958251953125 -0.285736083984375 -0.117233276367188 0.144332885742187
-0.025543212890625 -0.3031005859375 -0.127983093261719 0.0994644165039063
0.0714111328125 -0.3648681640625 -0.0308494567871094 -0.0296192169189453
0.207000732421875 -0.328460693359375 -0.239944458007813 -0.052154541015625
0.174606323242187 -0.27642822265625 -0.06390380859375 -0.164047241210938
0.066741943359375 -0.356536865234375 -0.0352935791015625 -0.277603149414063
-0.058563232421875 -0.27667236328125 -0.120925903320312 -0.25238037109375
-0.134536743164062 -0.230117797851562 -0.12811279296875 -0.177474975585938
-0.202072143554688 -0.1109619140625 -0.155960083007812 -0.0825347900390625
-0.223678588867188 -0.00785827636718747 -0.120491027832031 -0.0258026123046875
-0.225692749023438 -0.00920104980468754 -0.0523490905761719 -0.0265617370605469
-0.23614501953125 0.033172607421875 -0.00318002700805665 -0.00200867652893066
-0.2166748046875 -0.02459716796875 0.0563392639160156 0.0454025268554688
-0.228973388671875 -0.11016845703125 0.0661392211914062 0.101219177246094
-0.20489501953125 -0.185928344726563 -0.015625 0.161239624023438
-0.047454833984375 -0.327362060546875 -0.118598937988281 0.121383666992187
0.046539306640625 -0.327423095703125 -0.141693115234375 0.0211639404296875
0.1566162109375 -0.355560302734375 0.00947570800781251 -0.146636962890625
0.244293212890625 -0.283355712890625 -0.163558959960937 -0.158645629882813
0.20703125 -0.282501220703125 -0.033721923828125 -0.248443603515625
0.0728759765625 -0.38311767578125 -0.022613525390625 -0.2908935546875
-0.08087158203125 -0.295562744140625 -0.0854034423828125 -0.235504150390625
-0.156021118164063 -0.232162475585938 -0.0699310302734375 -0.150665283203125
-0.21783447265625 -0.10638427734375 -0.0700263977050781 -0.0669898986816406
-0.231491088867188 -0.011138916015625 -0.0266761779785156 -0.0397071838378906
-0.230789184570313 -0.022186279296875 0.0304527282714844 -0.042877197265625
-0.241744995117188 0.00701904296875005 0.0767364501953125 -0.0122756958007813
-0.205307006835938 -0.0589447021484375 0.123397827148437 0.0564346313476562
-0.201583862304687 -0.143051147460938 0.104354858398437 0.113685607910156
-0.160873413085937 -0.214263916015625 0.0025634765625 0.156600952148438
0.01751708984375 -0.33306884765625 -0.105941772460937 0.0963668823242188
0.125732421875 -0.30902099609375 -0.124557495117187 -0.0504302978515625
0.227935791015625 -0.293731689453125 0.0741729736328125 -0.242935180664063
0.241683959960938 -0.187088012695313 -0.091217041015625 -0.237686157226563
0.205810546875 -0.227569580078125 -0.01055908203125 -0.304901123046875
0.072052001953125 -0.326812744140625 -0.00961303710937499 -0.276397705078125
-0.0732574462890625 -0.2490234375 -0.0396728515625 -0.208572387695313
-0.130966186523438 -0.19158935546875 -0.00826263427734376 -0.125038146972656
-0.185836791992187 -0.0901947021484375 0.0138130187988281 -0.062774658203125
-0.199462890625 -0.015777587890625 0.0598106384277344 -0.0576553344726562
-0.201080322265625 -0.0314178466796875 0.1058349609375 -0.0517044067382813
-0.214218139648437 -0.016204833984375 0.155075073242188 -0.0095977783203125
-0.171905517578125 -0.07464599609375 0.183029174804687 0.0827484130859375
-0.156936645507813 -0.150619506835938 0.134162902832031 0.137153625488281
-0.108489990234375 -0.210647583007813 0.02288818359375 0.1546630859375
0.072723388671875 -0.300384521484375 -0.0745010375976563 0.0758438110351562
0.183822631835938 -0.25567626953125 -0.0750198364257812 -0.102142333984375
0.263641357421875 -0.196395874023438 0.15972900390625 -0.301666259765625
0.20623779296875 -0.05731201171875 -0.03155517578125 -0.27081298828125
0.179489135742188 -0.124984741210938 0.00836181640625 -0.321533203125
0.076995849609375 -0.20343017578125 0.0134124755859375 -0.243515014648438
-0.0307769775390625 -0.155685424804688 0.00604248046875 -0.184967041015625
-0.0629730224609375 -0.125320434570313 0.0388641357421875 -0.108444213867188
-0.111740112304688 -0.0731353759765625 0.0734024047851563 -0.0670394897460938
-0.134773254394531 -0.0262527465820313 0.123512268066406 -0.0727920532226563
-0.1417236328125 -0.0335540771484375 0.165084838867188 -0.0530853271484375
-0.1588134765625 -0.027130126953125 0.218948364257813 0.0021820068359375
-0.124977111816406 -0.0635757446289062 0.228225708007812 0.112289428710937
-0.1123046875 -0.122276306152344 0.155914306640625 0.16259765625
-0.0701141357421875 -0.169815063476562 0.0483245849609375 0.1571044921875
0.0908966064453125 -0.234603881835938 -0.028411865234375 0.0713043212890625
0.199447631835937 -0.1744384765625 -0.00270843505859373 -0.121078491210937
0.251449584960938 -0.077484130859375 0.249267578125 -0.316680908203125
-0.183670043945313 -0.0311737060546875 -0.24395751953125 0.3336181640625
-0.109687805175781 0.105003356933594 -0.046722412109375 0.125656127929687
-0.0166168212890625 0.146591186523438 -0.0218429565429688 -0.0910110473632812
0.0680999755859375 0.102523803710937 -0.0982818603515625 -0.179611206054687
0.0730972290039063 0.0527725219726562 -0.180587768554687 -0.1800537109375
0.0724029541015625 0.0175094604492188 -0.27777099609375 -0.109893798828125
0.0622787475585938 0.0190467834472656 -0.278244018554688 0.0288543701171874
0.0563926696777344 0.0371170043945313 -0.209213256835937 0.0720062255859375
0.0508499145507813 0.0452766418457031 -0.148818969726563 0.09442138671875
0.0100021362304687 0.0491561889648437 -0.110801696777344 0.0949478149414063
-0.0119857788085938 0.0537681579589844 -0.0502166748046875 0.127967834472656
-0.0328712463378906 0.0668067932128906 -0.0283355712890625 0.177886962890625
-0.093780517578125 0.05224609375 -0.0482330322265625 0.222900390625
-0.138893127441406 0.0117950439453125 -0.00286865234375002 0.304290771484375
-0.1766357421875 -0.073333740234375 0.0016632080078125 0.266357421875
-0.0992279052734375 -0.155181884765625 -0.293182373046875 0.288665771484375
-0.0531196594238281 -0.00206756591796874 -0.0898056030273438 0.089324951171875
0.00343894958496094 0.0254058837890625 -0.0567855834960938 -0.126724243164063
0.0494918823242188 0.00997161865234375 -0.131454467773437 -0.193527221679688
0.0281734466552734 -0.0277214050292969 -0.194503784179688 -0.186141967773437
-0.00142669677734375 -0.0222511291503906 -0.2880859375 -0.1099853515625
-0.0229415893554688 0.018402099609375 -0.28607177734375 0.02276611328125
-0.0336380004882812 0.0380287170410156 -0.211746215820313 0.0600738525390625
-0.042449951171875 0.0667190551757813 -0.150604248046875 0.086151123046875
-0.0803146362304688 0.0487594604492187 -0.0994873046875 0.0901412963867187
-0.11102294921875 0.016754150390625 -0.0378952026367187 0.124282836914062
-0.12396240234375 -0.0105972290039063 -0.036407470703125 0.1805419921875
-0.116676330566406 -0.0866012573242188 -0.0720672607421875 0.200546264648438
-0.122589111328125 -0.121566772460938 -0.0370635986328125 0.256988525390625
-0.118118286132813 -0.212692260742187 -0.02734375 0.203323364257813
0.000289916992187518 -0.263534545898437 -0.307891845703125 0.209442138671875
0.02001953125 -0.119232177734375 -0.102485656738281 0.0257492065429688
0.019805908203125 -0.118919372558594 -0.072052001953125 -0.1798095703125
0.013824462890625 -0.0973129272460937 -0.154983520507813 -0.215728759765625
-0.031524658203125 -0.109420776367188 -0.199676513671875 -0.185440063476563
-0.0828094482421875 -0.0592193603515625 -0.274276733398438 -0.0983734130859375
-0.108238220214844 0.0156936645507813 -0.261093139648438 0.0172119140625
-0.119277954101563 0.035247802734375 -0.182510375976563 0.0383758544921875
-0.127914428710938 0.0791091918945312 -0.122085571289063 0.0624313354492188
-0.153457641601563 0.0451507568359375 -0.0601119995117188 0.0743331909179688
-0.18914794921875 -0.013397216796875 -0.00483703613281251 0.11492919921875
-0.196090698242188 -0.0702972412109375 -0.0285491943359375 0.18121337890625
-0.133880615234375 -0.198272705078125 -0.0901641845703125 0.181350708007812
-0.0977020263671875 -0.228759765625 -0.078216552734375 0.1929931640625
-0.047576904296875 -0.316619873046875 -0.0403060913085938 0.102531433105469
0.097381591796875 -0.333984375 -0.284515380859375 0.10113525390625
0.091552734375 -0.227645874023438 -0.091461181640625 -0.0585479736328125
0.026458740234375 -0.262588500976563 -0.071624755859375 -0.232559204101563
-0.03851318359375 -0.201217651367188 -0.16168212890625 -0.233474731445313
-0.103195190429687 -0.177154541015625 -0.184356689453125 -0.178131103515625
-0.1607666015625 -0.0828857421875 -0.231704711914063 -0.079833984375
-0.180953979492187 0.016204833984375 -0.202255249023438 0.00648498535156249
-0.188095092773438 0.0268096923828125 -0.127174377441406 0.00931549072265624
-0.193756103515625 0.0768280029296875 -0.0698661804199219 0.0308799743652344
-0.201446533203125 0.0270538330078125 -0.00302886962890626 0.0551643371582031
-0.233657836914062 -0.0463714599609375 0.0370254516601562 0.102767944335938
-0.232101440429688 -0.11798095703125 -0.0117645263671875 0.177169799804688
-0.125518798828125 -0.276947021484375 -0.102554321289063 0.162460327148437
-0.055206298828125 -0.300537109375 -0.116752624511719 0.120506286621094
0.0343017578125 -0.372161865234375 -0.0350112915039063 -0.0182132720947266
0.17181396484375 -0.352294921875 -0.233078002929687 -0.0216827392578125
0.147674560546875 -0.296630859375 -0.070556640625 -0.153640747070313
0.0264892578125 -0.36553955078125 -0.0630340576171875 -0.271774291992188
-0.08795166015625 -0.272537231445313 -0.143081665039063 -0.237472534179687
-0.160964965820313 -0.215652465820312 -0.143478393554687 -0.162506103515625
-0.215042114257813 -0.090118408203125 -0.159072875976563 -0.0649566650390625
-0.224334716796875 0.0161895751953125 -0.119155883789063 -0.0112457275390625
-0.228378295898438 0.0160064697265625 -0.0528488159179688 -0.019134521484375
-0.232086181640625 0.0598297119140625 9.14931297302104E-05 0.000705540180206303
-0.220413208007813 -0.00354003906249998 0.0642547607421875 0.0419197082519531
-0.24139404296875 -0.0852508544921876 0.0797042846679687 0.0974655151367188
-0.224777221679688 -0.163345336914063 0.00480651855468749 0.169204711914062
-0.0845947265625 -0.32470703125 -0.105377197265625 0.139625549316406
0.01287841796875 -0.3331298828125 -0.138687133789063 0.0436019897460937
0.11920166015625 -0.374359130859375 -0.00765228271484374 -0.139808654785156
0.210784912109375 -0.31292724609375 -0.168716430664063 -0.137405395507813
0.176483154296875 -0.307281494140625 -0.050506591796875 -0.24127197265625
0.027008056640625 -0.39154052734375 -0.051483154296875 -0.28607177734375
-0.112701416015625 -0.286224365234375 -0.105987548828125 -0.22491455078125
-0.182281494140625 -0.212890625 -0.0829010009765625 -0.142669677734375
-0.228622436523438 -0.0823822021484375 -0.0710678100585938 -0.0587692260742187
-0.23065185546875 0.0148773193359375 -0.0268173217773438 -0.0363235473632813
-0.233627319335938 0.00433349609375003 0.0273475646972656 -0.0441970825195313
-0.239273071289063 0.035247802734375 0.0794448852539062 -0.0189666748046875
-0.210220336914063 -0.037750244140625 0.133895874023438 0.0450363159179688
-0.215957641601562 -0.12042236328125 0.119827270507812 0.106147766113281
-0.184906005859375 -0.194747924804687 0.0223236083984375 0.162643432617188
-0.019775390625 -0.3360595703125 -0.0941085815429687 0.113113403320313
0.091522216796875 -0.32391357421875 -0.129928588867188 -0.030517578125
0.194091796875 -0.322021484375 0.0467376708984375 -0.244049072265625
0.217987060546875 -0.217880249023438 -0.107284545898437 -0.225357055664063
0.177413940429688 -0.252090454101563 -0.035064697265625 -0.300811767578125
0.030975341796875 -0.333770751953125 -0.03741455078125 -0.2740478515625
-0.101181030273437 -0.238052368164063 -0.05853271484375 -0.203216552734375
-0.153182983398437 -0.1737060546875 -0.0186309814453125 -0.124237060546875
-0.193710327148437 -0.0680389404296875 0.0123748779296875 -0.0640754699707031
-0.19720458984375 0.00703430175781246 0.0573234558105469 -0.0643959045410156
-0.2027587890625 -0.00680541992187497 0.101425170898438 -0.0627365112304688
-0.2122802734375 0.00924682617187498 0.156631469726562 -0.026031494140625
-0.177703857421875 -0.05535888671875 0.196090698242188 0.06396484375
-0.171371459960938 -0.130889892578125 0.152389526367188 0.126327514648438
-0.131729125976562 -0.195068359375 0.0420379638671875 0.157363891601563
0.036590576171875 -0.307952880859375 -0.0659637451171875 0.0883560180664062
0.152679443359375 -0.276321411132813 -0.086181640625 -0.0878219604492188
0.238998413085938 -0.228347778320313 0.124176025390625 -0.313140869140625
0.194305419921875 -0.08441162109375 -0.0528717041015625 -0.267364501953125
0.16064453125 -0.147018432617188 -0.020233154296875 -0.320770263671875
0.0480804443359375 -0.210723876953125 -0.0108489990234375 -0.244430541992187
-0.049591064453125 -0.148101806640625 -0.010650634765625 -0.18585205078125
-0.078460693359375 -0.113761901855469 0.0286712646484375 -0.113555908203125
-0.118247985839844 -0.0577239990234375 0.070281982421875 -0.075653076171875
-0.132400512695313 -0.00956726074218751 0.117820739746094 -0.0871658325195313
-0.141571044921875 -0.0155487060546875 0.158767700195312 -0.071685791015625
-0.156982421875 -0.00695800781249999 0.221405029296875 -0.022430419921875
-0.128402709960938 -0.0482177734375 0.243759155273438 0.0887451171875
-0.122329711914063 -0.105392456054687 0.175369262695313 0.148452758789063
-0.0886077880859375 -0.157119750976563 0.0660552978515625 0.15643310546875
0.0602264404296875 -0.242416381835938 -0.0219497680664062 0.0777816772460937
0.175262451171875 -0.196014404296875 -0.0180206298828125 -0.115829467773438
0.238082885742188 -0.108734130859375 0.211273193359375 -0.339691162109375
-0.175979614257812 -0.00990295410156251 -0.206024169921875 0.345489501953125
-0.0929031372070313 0.110107421875 -0.0333480834960938 0.123771667480469
0.00121307373046874 0.139778137207031 -0.0265274047851563 -0.0891647338867188
0.0765533447265625 0.08807373046875 -0.110214233398437 -0.16925048828125
0.0743408203125 0.0405044555664063 -0.191665649414063 -0.163314819335938
0.0669631958007813 0.00872039794921875 -0.283905029296875 -0.0844726562500001
0.0574073791503906 0.0127716064453125 -0.270217895507812 0.0536041259765625
0.0552902221679687 0.0299491882324219 -0.19805908203125 0.08978271484375
0.04986572265625 0.0384483337402344 -0.137451171875 0.108345031738281
0.0109634399414062 0.0453453063964844 -0.102218627929688 0.1058349609375
-0.00831604003906251 0.0498123168945313 -0.038482666015625 0.13153076171875
-0.024261474609375 0.0645713806152344 -0.0137481689453125 0.178634643554688
-0.082244873046875 0.0582504272460938 -0.03192138671875 0.225326538085938
-0.129562377929688 0.02362060546875 0.02081298828125 0.300262451171875
-0.175262451171875 -0.0519561767578125 0.0200042724609375 0.26446533203125
-0.104888916015625 -0.139434814453125 -0.256256103515625 0.3082275390625
-0.0458488464355469 0.000389099121093751 -0.0754013061523437 0.0930328369140625
0.00951004028320312 0.0189056396484375 -0.0631790161132812 -0.12042236328125
0.0500106811523438 -0.00170135498046875 -0.14227294921875 -0.17950439453125
0.0226554870605469 -0.0339107513427734 -0.204132080078125 -0.167617797851563
-0.00820159912109375 -0.0238590240478516 -0.2918701171875 -0.0833129882812501
-0.0256938934326172 0.0188922882080078 -0.277084350585938 0.0487823486328125
-0.0335044860839844 0.0391769409179688 -0.200729370117188 0.078704833984375
-0.038665771484375 0.0678520202636719 -0.138252258300781 0.100730895996094
-0.0772476196289062 0.052459716796875 -0.0895156860351563 0.100730895996094
-0.108871459960938 0.0226516723632812 -0.0256423950195313 0.127960205078125
-0.120834350585938 -0.00305938720703127 -0.020263671875 0.183792114257813
-0.117240905761719 -0.0765457153320312 -0.05615234375 0.207046508789062
-0.125137329101562 -0.108360290527344 -0.015380859375 0.258285522460938
-0.130157470703125 -0.194427490234375 -0.0115203857421875 0.206680297851562
-0.0172576904296875 -0.2547607421875 -0.273284912109375 0.23187255859375
0.0149765014648438 -0.120719909667969 -0.0912551879882813 0.0327606201171875
0.0122451782226563 -0.12310791015625 -0.0824432373046875 -0.168594360351563
0.00634002685546876 -0.102569580078125 -0.166290283203125 -0.198501586914063
-0.0429153442382813 -0.108253479003906 -0.208145141601563 -0.166488647460938
-0.0901260375976563 -0.0531768798828125 -0.2755126953125 -0.0735626220703125
-0.108680725097656 0.023773193359375 -0.251510620117187 0.041046142578125
-0.117866516113281 0.0439453125 -0.174102783203125 0.05560302734375
-0.120071411132813 0.08807373046875 -0.111412048339844 0.0748519897460937
-0.149078369140625 0.0549163818359375 -0.0511245727539063 0.081878662109375
-0.187606811523438 0.000549316406250022 0.00632476806640624 0.116485595703125
-0.196990966796875 -0.0540771484375 -0.011138916015625 0.184478759765625
-0.14599609375 -0.184585571289063 -0.074493408203125 0.191070556640625
-0.110794067382813 -0.216537475585937 -0.05950927734375 0.201004028320313
-0.071014404296875 -0.305511474609375 -0.03155517578125 0.110610961914063
0.068939208984375 -0.333526611328125 -0.258865356445313 0.124526977539062
0.074859619140625 -0.232620239257813 -0.08612060546875 -0.0496444702148438
0.00489807128906252 -0.26324462890625 -0.0870361328125 -0.219253540039063
-0.05419921875 -0.19757080078125 -0.173370361328125 -0.214675903320313
-0.117965698242188 -0.167816162109375 -0.191558837890625 -0.15960693359375
-0.166763305664063 -0.0693206787109375 -0.229217529296875 -0.0583038330078125
-0.178054809570312 0.0298919677734375 -0.1937255859375 0.0255126953125
-0.184783935546875 0.0428924560546875 -0.121200561523438 0.022918701171875
-0.184127807617187 0.0926666259765625 -0.0627975463867188 0.0390129089355469
-0.196441650390625 0.042724609375 0.00413513183593749 0.0573310852050781
-0.234207153320313 -0.0269012451171876 0.0476303100585937 0.100975036621094
-0.2369384765625 -0.096832275390625 0.00596618652343749 0.179046630859375
-0.146377563476562 -0.262893676757813 -0.08636474609375 0.173751831054687
-0.077056884765625 -0.29034423828125 -0.102180480957031 0.133811950683594
0.00274658203125 -0.3685302734375 -0.0361900329589844 -0.00781250000000003
0.13763427734375 -0.359619140625 -0.216766357421875 0.00126647949218749
0.121063232421875 -0.306488037109375 -0.0723876953125 -0.143386840820313
-0.005889892578125 -0.361358642578125 -0.082183837890625 -0.257400512695313
-0.108139038085937 -0.260452270507813 -0.1553955078125 -0.219406127929688
-0.17803955078125 -0.198043823242188 -0.150146484375 -0.147659301757813
-0.219528198242187 -0.0704498291015625 -0.155441284179688 -0.0504150390625
-0.2188720703125 0.0347137451171875 -0.113449096679688 0.000320434570312478
-0.224014282226563 0.0359039306640625 -0.0511932373046875 -0.0122337341308594
-0.22149658203125 0.0794677734375 0.00350761413574217 0.00245070457458497
-0.216705322265625 0.0142974853515625 0.0697402954101562 0.0374755859375
-0.244247436523438 -0.0635223388671875 0.0898208618164062 0.0920486450195312
-0.23419189453125 -0.140289306640625 0.02264404296875 0.17022705078125
-0.111663818359375 -0.312255859375 -0.0897369384765625 0.15142822265625
-0.01495361328125 -0.327789306640625 -0.130622863769531 0.0617218017578125
0.0831298828125 -0.37890625 -0.02001953125 -0.129241943359375
0.177032470703125 -0.325897216796875 -0.165771484375 -0.118011474609375
0.14501953125 -0.3184814453125 -0.060638427734375 -0.23046875
-0.010650634765625 -0.385284423828125 -0.0727386474609375 -0.2724609375
-0.135421752929687 -0.269790649414062 -0.118865966796875 -0.210601806640625
-0.198532104492188 -0.191986083984375 -0.0895538330078125 -0.132293701171875
-0.230514526367188 -0.0601654052734375 -0.0687522888183594 -0.0524330139160156
-0.223190307617187 0.03436279296875 -0.0252628326416016 -0.0325679779052734
-0.227691650390625 0.026458740234375 0.0242347717285156 -0.0443954467773438
-0.228973388671875 0.0571899414062499 0.0793228149414063 -0.02484130859375
-0.208633422851563 -0.0185089111328125 0.138687133789063 0.0336532592773438
-0.221237182617188 -0.0986480712890624 0.129791259765625 0.09674072265625
-0.197738647460938 -0.173385620117187 0.039642333984375 0.161773681640625
-0.051727294921875 -0.3287353515625 -0.0819549560546875 0.123916625976562
0.060150146484375 -0.32574462890625 -0.128837585449219 -0.0121917724609375
0.1610107421875 -0.3350830078125 0.0238494873046875 -0.235977172851562
0.189453125 -0.234512329101562 -0.113922119140625 -0.2109375
0.149642944335938 -0.26446533203125 -0.052490234375 -0.290496826171875
-0.00363159179687497 -0.327667236328125 -0.05731201171875 -0.261520385742187
-0.120330810546875 -0.2213134765625 -0.071533203125 -0.1934814453125
-0.16632080078125 -0.1536865234375 -0.02630615234375 -0.120468139648438
-0.194122314453125 -0.048187255859375 0.01190185546875 -0.0654830932617188
-0.189773559570313 0.0241851806640625 0.0540542602539062 -0.0685310363769531
-0.197174072265625 0.01239013671875 0.0941696166992187 -0.069305419921875
-0.2039794921875 0.029449462890625 0.153213500976563 -0.0399169921875
-0.176528930664063 -0.038848876953125 0.201034545898438 0.0451202392578125
-0.176773071289063 -0.11151123046875 0.162841796875 0.11328125
-0.145462036132812 -0.177169799804688 0.0569610595703125 0.155014038085938
0.00546264648437503 -0.30322265625 -0.057464599609375 0.0966567993164062
0.122894287109375 -0.283477783203125 -0.092376708984375 -0.0728912353515625
0.210617065429688 -0.248306274414063 0.092376708984375 -0.31195068359375
0.177352905273438 -0.10260009765625 -0.0674896240234375 -0.258453369140625
0.139877319335938 -0.159423828125 -0.041351318359375 -0.31195068359375
0.023834228515625 -0.207794189453125 -0.028594970703125 -0.237625122070313
-0.0626678466796875 -0.136100769042969 -0.024627685546875 -0.182357788085938
-0.0867996215820313 -0.100860595703125 0.0202713012695312 -0.114601135253906
-0.118247985839844 -0.0436935424804688 0.0660324096679687 -0.0815811157226562
-0.126220703125 0.00325012207031248 0.109458923339844 -0.0969314575195313
-0.137008666992187 -0.00131988525390628 0.149078369140625 -0.083984375
-0.1502685546875 0.00875854492187497 0.215133666992188 -0.042755126953125
-0.126167297363281 -0.0355606079101563 0.2498779296875 0.06463623046875
-0.125892639160156 -0.08935546875 0.186920166015625 0.133514404296875
-0.0992584228515625 -0.141860961914062 0.0789794921875 0.1517333984375
0.033477783203125 -0.240036010742188 -0.0157928466796875 0.0821304321289062
0.149795532226563 -0.206695556640625 -0.0298538208007812 -0.107215881347656
0.21942138671875 -0.130355834960938 0.173431396484375 -0.346343994140625
-0.165664672851563 0.00543212890625001 -0.177581787109375 0.348175048828125
-0.0800399780273438 0.111404418945312 -0.0237808227539063 0.120826721191406
0.0124130249023437 0.131217956542969 -0.0288848876953125 -0.0876541137695312
0.0804290771484375 0.0749740600585938 -0.11639404296875 -0.160263061523438
0.0728378295898438 0.0307388305664063 -0.1968994140625 -0.150726318359375
0.0619583129882812 0.00303268432617188 -0.28509521484375 -0.065185546875
0.0527610778808594 0.0095062255859375 -0.26153564453125 0.07080078125
0.0521812438964844 0.0246353149414062 -0.187667846679687 0.102203369140625
0.0486717224121094 0.033294677734375 -0.127731323242188 0.117424011230469
0.0109138488769531 0.0422782897949219 -0.0948486328125 0.112701416015625
-0.00665283203124999 0.0465431213378906 -0.0300216674804687 0.132942199707031
-0.0187034606933594 0.0609817504882813 -0.00376892089843752 0.17852783203125
-0.0724639892578125 0.0600738525390625 -0.0208740234375 0.22613525390625
-0.120674133300781 0.0302276611328125 0.03668212890625 0.29376220703125
-0.171112060546875 -0.0363922119140625 0.0327911376953125 0.261764526367188
-0.105171203613281 -0.126731872558594 -0.225250244140625 0.315521240234375
-0.0395622253417969 0.000572204589843744 -0.0647506713867187 0.0938262939453125
0.0132389068603516 0.0120868682861328 -0.0661773681640625 -0.114669799804687
0.0493431091308594 -0.011322021484375 -0.1474609375 -0.168106079101562
0.0174064636230469 -0.0392532348632813 -0.208297729492187 -0.154205322265625
-0.0143241882324219 -0.0244846343994141 -0.290496826171875 -0.06488037109375
-0.0282039642333984 0.0201492309570312 -0.267623901367188 0.066925048828125
-0.0340499877929688 0.0402412414550781 -0.18988037109375 0.09185791015625
-0.0367546081542969 0.0678901672363281 -0.127044677734375 0.11004638671875
-0.0751266479492188 0.0547409057617187 -0.08172607421875 0.107429504394531
-0.106796264648438 0.0261154174804688 -0.0171890258789063 0.129257202148438
-0.117225646972656 0.00162506103515627 -0.007843017578125 0.184844970703125
-0.116905212402344 -0.0696334838867188 -0.04437255859375 0.210739135742188
-0.124778747558594 -0.098846435546875 0.000427246093750018 0.256790161132813
-0.136032104492187 -0.17987060546875 -0.00105285644531253 0.20867919921875
-0.0278167724609375 -0.245574951171875 -0.244979858398438 0.243209838867188
0.0129318237304688 -0.12164306640625 -0.0809249877929688 0.0367431640625
0.0069427490234375 -0.12646484375 -0.08843994140625 -0.160171508789063
0.000427246093750011 -0.106544494628906 -0.170791625976563 -0.184371948242187
-0.0514068603515625 -0.107170104980469 -0.2105712890625 -0.151702880859375
-0.0949172973632813 -0.04827880859375 -0.272369384765625 -0.054901123046875
-0.108558654785156 0.0300064086914063 -0.241348266601563 0.057403564453125
-0.116539001464844 0.0507431030273438 -0.164703369140625 0.067047119140625
-0.114410400390625 0.0936508178710938 -0.102012634277344 0.083160400390625
-0.1451416015625 0.062225341796875 -0.043975830078125 0.0863876342773437
-0.18597412109375 0.010406494140625 0.0151138305664063 0.115730285644531
-0.19561767578125 -0.0427093505859375 0.00230407714843747 0.185943603515625
-0.152969360351563 -0.174362182617187 -0.06207275390625 0.196990966796875
-0.118576049804687 -0.205963134765625 -0.044952392578125 0.204910278320313
-0.086090087890625 -0.2940673828125 -0.024383544921875 0.116317749023438
0.049346923828125 -0.330535888671875 -0.235031127929687 0.137985229492188
0.0620269775390625 -0.235641479492188 -0.0789031982421875 -0.0435333251953125
-0.0102691650390625 -0.261917114257813 -0.09552001953125 -0.207504272460938
-0.065216064453125 -0.195159912109375 -0.179656982421875 -0.199386596679688
-0.12860107421875 -0.15887451171875 -0.19390869140625 -0.146484375
-0.169937133789063 -0.0592193603515625 -0.2239990234375 -0.044647216796875
-0.174362182617188 0.040130615234375 -0.184341430664063 0.0378875732421875
-0.181488037109375 0.054779052734375 -0.114891052246094 0.0317764282226563
-0.175674438476563 0.10260009765625 -0.0555229187011719 0.0440330505371094
-0.191802978515625 0.0525665283203125 0.00994491577148436 0.0580215454101563
-0.23248291015625 -0.013275146484375 0.05450439453125 0.098663330078125
-0.23785400390625 -0.081024169921875 0.01959228515625 0.179595947265625
-0.160308837890625 -0.25128173828125 -0.0733642578125 0.180374145507813
-0.091461181640625 -0.281158447265625 -0.0901336669921875 0.14276123046875
-0.0185546875 -0.3629150390625 -0.0359344482421875 0.00111389160156247
0.112030029296875 -0.3616943359375 -0.2017822265625 0.0149078369140625
0.101531982421875 -0.31109619140625 -0.0711822509765625 -0.135528564453125
-0.029693603515625 -0.355072021484375 -0.093505859375 -0.243667602539063
-0.122894287109375 -0.25054931640625 -0.161834716796875 -0.204574584960938
-0.189285278320313 -0.18328857421875 -0.152191162109375 -0.136474609375
-0.220046997070313 -0.0554656982421875 -0.15069580078125 -0.041259765625
-0.212646484375 0.0471649169921875 -0.1068115234375 0.00750732421875
-0.218704223632813 0.05145263671875 -0.048797607421875 -0.00666427612304687
-0.212081909179688 0.0927581787109375 0.00598001480102538 0.00420236587524415
-0.212448120117188 0.02667236328125 0.073516845703125 0.03369140625
-0.244033813476563 -0.047393798828125 0.0963592529296875 0.0869903564453125
-0.238388061523438 -0.123077392578125 0.035980224609375 0.169677734375
-0.130462646484375 -0.30133056640625 -0.078155517578125 0.158935546875
-0.0350341796875 -0.321380615234375 -0.121841430664063 0.0730743408203125
0.05804443359375 -0.379150390625 -0.0273590087890625 -0.119071960449219
0.15087890625 -0.332183837890625 -0.158889770507813 -0.105560302734375
0.122344970703125 -0.323638916015625 -0.0655364990234375 -0.221572875976563
-0.036865234375 -0.375640869140625 -0.0844879150390625 -0.258285522460938
-0.149795532226562 -0.254974365234375 -0.125274658203125 -0.19775390625
-0.207962036132813 -0.173599243164063 -0.092742919921875 -0.124946594238281
-0.228790283203125 -0.0443267822265625 -0.0650291442871094 -0.0491256713867188
-0.215194702148438 0.04779052734375 -0.0229759216308594 -0.0314083099365234
-0.221694946289063 0.0423431396484375 0.0225067138671875 -0.0430946350097656
-0.219192504882813 0.07135009765625 0.078094482421875 -0.0285491943359375
-0.206008911132812 -0.00558471679687504 0.141357421875 0.02423095703125
-0.22216796875 -0.082672119140625 0.136314392089844 0.088531494140625
-0.204483032226563 -0.156082153320313 0.051605224609375 0.160552978515625
-0.07379150390625 -0.31988525390625 -0.0722808837890625 0.130897521972656
0.038177490234375 -0.32330322265625 -0.125564575195313 0.000808715820312478
0.134613037109375 -0.34088134765625 0.00781250000000003 -0.226669311523438
0.166366577148438 -0.242996215820313 -0.115646362304687 -0.201065063476563
0.126449584960938 -0.269760131835938 -0.062042236328125 -0.28106689453125
-0.02813720703125 -0.318603515625 -0.0686187744140625 -0.250473022460937
-0.132537841796875 -0.206298828125 -0.0788726806640625 -0.185531616210938
-0.173141479492187 -0.1370849609375 -0.0307693481445313 -0.116531372070313
-0.191436767578125 -0.0338592529296875 0.0123443603515625 -0.0667915344238281
-0.182052612304688 0.0358123779296875 0.0511627197265625 -0.07208251953125
-0.191329956054688 0.0268707275390625 0.0890884399414062 -0.0730056762695313
-0.19500732421875 0.04296875 0.148910522460938 -0.0489501953125
-0.17437744140625 -0.0271148681640625 0.203292846679687 0.0317535400390625
-0.177825927734375 -0.0965423583984375 0.169876098632813 0.103073120117187
-0.152801513671875 -0.161849975585938 0.0674285888671875 0.15252685546875
-0.0166015625 -0.29656982421875 -0.0497817993164063 0.101943969726562
0.098907470703125 -0.285369873046875 -0.0951309204101562 -0.0603866577148438
0.186798095703125 -0.260086059570313 0.069427490234375 -0.30621337890625
0.161895751953125 -0.113372802734375 -0.075286865234375 -0.251052856445313
0.122756958007813 -0.165908813476563 -0.054656982421875 -0.303558349609375
0.00601196289062498 -0.202774047851563 -0.0399322509765625 -0.230438232421875
-0.070404052734375 -0.125396728515625 -0.0334320068359375 -0.178131103515625
-0.0914688110351562 -0.0900955200195313 0.0140457153320312 -0.114669799804687
-0.11676025390625 -0.033203125 0.063385009765625 -0.0860671997070312
-0.1195068359375 0.0119400024414062 0.102760314941406 -0.104225158691406
-0.131790161132813 0.00896453857421872 0.14044189453125 -0.0909881591796875
-0.142593383789063 0.0195770263671875 0.208297729492188 -0.05633544921875
-0.123291015625 -0.0259170532226562 0.250228881835938 0.047454833984375
-0.125244140625 -0.0770950317382813 0.19287109375 0.121963500976563
-0.104759216308594 -0.128921508789062 0.0877227783203125 0.14739990234375
0.01385498046875 -0.233917236328125 -0.0115890502929688 0.0846176147460937
0.12896728515625 -0.210479736328125 -0.0372161865234375 -0.097991943359375
0.20245361328125 -0.144088745117188 0.145965576171875 -0.345703125
-0.1573486328125 0.016326904296875 -0.156219482421875 0.352783203125
-0.0706253051757813 0.112091064453125 -0.0168609619140625 0.119949340820313
0.0205230712890625 0.124748229980469 -0.03057861328125 -0.0882949829101562
0.0825653076171875 0.0648269653320313 -0.121810913085937 -0.156234741210938
0.0712432861328125 0.0236968994140625 -0.20318603515625 -0.143463134765625
0.056732177734375 -0.000125885009765625 -0.2891845703125 -0.0515136718750001
0.04937744140625 0.00734329223632813 -0.255767822265625 0.084930419921875
0.0506401062011719 0.0219879150390625 -0.180953979492187 0.112777709960938
0.0471954345703125 0.0302352905273438 -0.120315551757813 0.125503540039063
0.0104026794433594 0.0409584045410156 -0.0899276733398437 0.120445251464844
-0.00634765625 0.043731689453125 -0.0242156982421875 0.135482788085938
-0.0149154663085937 0.05780029296875 0.0042724609375 0.180587768554688
-0.0647773742675781 0.0611381530761719 -0.0122222900390625 0.228897094726563
-0.114280700683594 0.0357818603515625 0.04888916015625 0.292510986328125
-0.1671142578125 -0.0243988037109375 0.041534423828125 0.264053344726563
-0.103569030761719 -0.118972778320312 -0.202423095703125 0.3231201171875
-0.0346317291259766 -0.000940322875976555 -0.0560760498046875 0.0952301025390625
0.0156650543212891 0.0055389404296875 -0.068206787109375 -0.112091064453125
0.0478248596191406 -0.0200920104980469 -0.152313232421875 -0.161788940429687
0.0123748779296875 -0.0431060791015625 -0.213729858398437 -0.146224975585938
-0.0198345184326172 -0.02435302734375 -0.293365478515625 -0.05023193359375
-0.0308170318603516 0.0220603942871094 -0.260971069335938 0.0815887451171875
-0.0352325439453125 0.0427894592285156 -0.1824951171875 0.10272216796875
-0.0352630615234375 0.069244384765625 -0.119529724121094 0.118675231933594
-0.0748825073242188 0.0575790405273437 -0.0761337280273438 0.114570617675781
-0.107307434082031 0.0294189453125 -0.0105819702148438 0.131927490234375
-0.11639404296875 0.0045013427734375 0.00183105468750001 0.187850952148438
-0.116531372070313 -0.0663909912109375 -0.035430908203125 0.216217041015625
-0.124855041503906 -0.0939254760742187 0.01220703125 0.25860595703125
-0.14056396484375 -0.170028686523437 0.00830078124999999 0.213394165039063
-0.034271240234375 -0.241668701171875 -0.2239990234375 0.253555297851563
0.01129150390625 -0.125823974609375 -0.0738525390625 0.0397872924804688
0.00173187255859374 -0.130821228027344 -0.09210205078125 -0.154052734375
-0.00522613525390624 -0.111968994140625 -0.176010131835938 -0.176498413085938
-0.05926513671875 -0.107391357421875 -0.214981079101563 -0.144058227539062
-0.100723266601563 -0.0442581176757813 -0.271896362304688 -0.043670654296875
-0.109512329101563 0.03546142578125 -0.234207153320312 0.070709228515625
-0.116142272949219 0.0578689575195312 -0.157928466796875 0.077056884765625
-0.111244201660156 0.0990753173828125 -0.0946807861328125 0.0903701782226562
-0.143905639648438 0.0681304931640625 -0.0381927490234375 0.0911712646484375
-0.18646240234375 0.018157958984375 0.0208282470703125 0.117416381835938
-0.196609497070313 -0.03466796875 0.013336181640625 0.189117431640625
-0.159957885742188 -0.168182373046875 -0.0528717041015625 0.203826904296875
-0.125228881835938 -0.199874877929687 -0.03387451171875 0.209991455078125
-0.097564697265625 -0.287628173828125 -0.019073486328125 0.122993469238281
0.03619384765625 -0.33038330078125 -0.21636962890625 0.148223876953125
0.0538482666015625 -0.240982055664063 -0.0739517211914063 -0.0402450561523438
-0.023590087890625 -0.263076782226563 -0.101516723632813 -0.19989013671875
-0.074188232421875 -0.194244384765625 -0.184051513671875 -0.189346313476563
-0.137863159179687 -0.15350341796875 -0.19744873046875 -0.138381958007813
-0.174942016601563 -0.0515899658203125 -0.222686767578125 -0.0346832275390625
-0.173004150390625 0.0489349365234375 -0.17779541015625 0.0478668212890625
-0.180084228515625 0.0654296875 -0.109931945800781 0.0396575927734375
-0.170883178710938 0.110931396484375 -0.0505218505859375 0.0491828918457031
-0.19061279296875 0.0611572265625 0.0146713256835937 0.0592842102050781
-0.233596801757813 -0.00155639648437501 0.0612564086914062 0.0977325439453125
-0.241119384765625 -0.07025146484375 0.0315093994140625 0.18267822265625
-0.17291259765625 -0.244842529296875 -0.0640716552734375 0.188980102539062
-0.10260009765625 -0.276641845703125 -0.080810546875 0.151611328125
-0.036529541015625 -0.3607177734375 -0.0355644226074219 0.00918197631835935
0.0943603515625 -0.364837646484375 -0.189117431640625 0.02349853515625
0.086700439453125 -0.317413330078125 -0.069732666015625 -0.132514953613281
-0.04840087890625 -0.353729248046875 -0.1007080078125 -0.235107421875
-0.135177612304687 -0.244598388671875 -0.167495727539063 -0.194992065429688
-0.199050903320313 -0.172683715820312 -0.155288696289063 -0.130279541015625
-0.222885131835937 -0.0450897216796875 -0.147796630859375 -0.0359954833984375
-0.209732055664063 0.0574493408203125 -0.101318359375 0.0126876831054687
-0.216598510742188 0.064239501953125 -0.0460739135742188 -0.00283432006835936
-0.206085205078125 0.103591918945313 0.00909900665283202 0.00425434112548829
-0.2120361328125 0.0367889404296875 0.0772552490234375 0.0308685302734375
-0.245880126953125 -0.0357513427734375 0.10247802734375 0.083953857421875
-0.2430419921875 -0.110626220703125 0.0476226806640625 0.171295166015625
-0.1475830078125 -0.295166015625 -0.069793701171875 0.166778564453125
-0.05023193359375 -0.31951904296875 -0.115333557128906 0.08441162109375
0.037689208984375 -0.382659912109375 -0.032989501953125 -0.111404418945313
0.131591796875 -0.338409423828125 -0.1531982421875 -0.0993652343750001
0.104644775390625 -0.330902099609375 -0.0688934326171875 -0.217941284179688
-0.05792236328125 -0.37249755859375 -0.0925445556640625 -0.25018310546875
-0.162033081054688 -0.2449951171875 -0.13165283203125 -0.190338134765625
-0.216888427734375 -0.160751342773438 -0.0954360961914063 -0.1207275390625
-0.229888916015625 -0.0324859619140625 -0.0622406005859375 -0.048095703125
-0.211227416992187 0.05810546875 -0.0206718444824219 -0.0308570861816406
-0.2188720703125 0.0557861328125 0.0224609375 -0.0435371398925781
-0.21295166015625 0.08306884765625 0.0779800415039062 -0.0315093994140625
-0.205764770507813 0.00413513183593746 0.143844604492188 0.01763916015625
-0.225311279296875 -0.0706329345703125 0.143051147460938 0.0834197998046875
-0.210693359375 -0.144805908203125 0.062652587890625 0.161102294921875
-0.092071533203125 -0.314483642578125 -0.064422607421875 0.138397216796875
0.020294189453125 -0.32403564453125 -0.123382568359375 0.0117874145507812
0.114349365234375 -0.349273681640625 -0.00343322753906248 -0.22039794921875
0.149765014648438 -0.25146484375 -0.116119384765625 -0.196380615234375
0.110015869140625 -0.276519775390625 -0.0690155029296875 -0.278182983398438
-0.047088623046875 -0.3135986328125 -0.0765380859375 -0.244674682617187
-0.14202880859375 -0.196136474609375 -0.0845947265625 -0.180557250976563
-0.179336547851563 -0.125595092773438 -0.0339202880859375 -0.115745544433594
-0.190597534179688 -0.0228271484375 0.012908935546875 -0.0698928833007813
-0.17681884765625 0.04547119140625 0.049835205078125 -0.0761260986328125
-0.18756103515625 0.0382080078125 0.085723876953125 -0.0764312744140625
-0.189376831054688 0.053741455078125 0.147262573242188 -0.0562744140625
-0.173324584960938 -0.0189971923828125 0.206253051757813 0.0204620361328125
-0.18096923828125 -0.0861968994140625 0.176315307617187 0.095947265625
-0.158447265625 -0.150985717773438 0.07745361328125 0.152328491210938
-0.034820556640625 -0.2930908203125 -0.0447845458984375 0.108413696289062
0.081878662109375 -0.28851318359375 -0.0965652465820313 -0.0510101318359375
0.170166015625 -0.27032470703125 0.053253173828125 -0.30328369140625
0.150192260742188 -0.121170043945313 -0.0815582275390625 -0.250106811523437
0.109420776367187 -0.171279907226562 -0.064788818359375 -0.300933837890625
-0.00810241699218748 -0.199203491210938 -0.047271728515625 -0.227264404296875
-0.0759201049804687 -0.118606567382813 -0.0400390625 -0.176284790039062
-0.0952224731445313 -0.0819854736328125 0.00978088378906249 -0.115791320800781
-0.116378784179688 -0.025665283203125 0.0615310668945312 -0.0914382934570313
-0.115142822265625 0.0179901123046875 0.097808837890625 -0.110694885253906
-0.127975463867188 0.01715087890625 0.134979248046875 -0.0970840454101563
-0.137474060058594 0.0273666381835938 0.204635620117187 -0.0667266845703125
-0.120811462402344 -0.0199050903320313 0.253692626953125 0.03350830078125
-0.125877380371094 -0.0692062377929688 0.200607299804688 0.1138916015625
-0.108917236328125 -0.119224548339844 0.0962982177734375 0.146255493164063
-0.000869750976562485 -0.230178833007813 -0.008209228515625 0.088226318359375
0.113845825195313 -0.214508056640625 -0.042633056640625 -0.0906753540039063
0.189071655273438 -0.155197143554688 0.125579833984375 -0.346771240234375
-0.151275634765625 0.0264129638671875 -0.1356201171875 0.364532470703125
-0.061431884765625 0.115318298339844 -0.00907897949218749 0.121536254882813
0.0280609130859375 0.120628356933594 -0.0336227416992188 -0.090545654296875
0.085479736328125 0.0547714233398438 -0.130630493164063 -0.154098510742188
0.0707244873046875 0.0172653198242188 -0.215072631835937 -0.137344360351563
0.0535507202148438 -0.0022735595703125 -0.297943115234375 -0.0360107421874999
0.0472793579101563 0.0049591064453125 -0.253646850585938 0.102142333984375
0.0506095886230469 0.0187149047851563 -0.176254272460938 0.125717163085937
0.0469627380371094 0.0275306701660156 -0.114501953125 0.136329650878906
0.0100135803222656 0.0398674011230469 -0.0853271484375 0.130638122558594
-0.00653457641601563 0.0428848266601562 -0.0180206298828125 0.141036987304688
-0.0115737915039062 0.0557403564453125 0.014892578125 0.185195922851563
-0.0588111877441406 0.06317138671875 -0.0011444091796875 0.2359619140625
-0.110527038574219 0.04107666015625 0.063720703125 0.295867919921875
-0.1661376953125 -0.012542724609375 0.0551910400390625 0.270355224609375
-0.104278564453125 -0.114242553710938 -0.18243408203125 0.337371826171875
-0.0311374664306641 -0.00239753723144531 -0.0481719970703125 0.098663330078125
0.0166110992431641 -0.000718116760253906 -0.07257080078125 -0.111160278320313
0.0452041625976563 -0.0292510986328125 -0.161209106445313 -0.157470703125
0.00677871704101562 -0.0473098754882813 -0.224075317382813 -0.140365600585937
-0.025421142578125 -0.0243568420410156 -0.3006591796875 -0.035980224609375
-0.0330753326416016 0.0244102478027344 -0.257919311523438 0.097991943359375
-0.035919189453125 0.0453224182128906 -0.177703857421875 0.1160888671875
-0.0342636108398438 0.0717086791992187 -0.11236572265625 0.129409790039063
-0.0754623413085937 0.0618667602539063 -0.0709228515625 0.123756408691406
-0.109893798828125 0.0347671508789062 -0.00342559814453125 0.136741638183594
-0.11749267578125 0.00791931152343751 0.01385498046875 0.193008422851562
-0.120819091796875 -0.0638198852539062 -0.0249786376953125 0.225341796875
-0.12811279296875 -0.0894241333007813 0.0268707275390625 0.264251708984375
-0.148345947265625 -0.162918090820313 0.0199127197265625 0.221160888671875
-0.04217529296875 -0.242401123046875 -0.204818725585938 0.2681884765625
0.00854492187499999 -0.1317138671875 -0.0673027038574219 0.0429916381835938
-0.00572967529296874 -0.137535095214844 -0.0980987548828125 -0.151321411132813
-0.0129013061523438 -0.118698120117187 -0.18524169921875 -0.170059204101563
-0.0684127807617188 -0.107772827148438 -0.224380493164063 -0.138031005859375
-0.107978820800781 -0.0399169921875 -0.27728271484375 -0.0297698974609375
-0.111526489257813 0.0423049926757813 -0.230239868164063 0.0856781005859375
-0.116897583007812 0.0667800903320313 -0.153350830078125 0.0890655517578125
-0.108230590820313 0.10772705078125 -0.088348388671875 0.0998077392578125
-0.14453125 0.075897216796875 -0.033050537109375 0.0979232788085938
-0.19073486328125 0.028106689453125 0.0289154052734375 0.119712829589844
-0.202117919921875 -0.0264739990234375 0.0263671875 0.194351196289063
-0.172256469726563 -0.164596557617188 -0.0425872802734375 0.21466064453125
-0.135528564453125 -0.198089599609375 -0.02166748046875 0.218460083007812
-0.11328125 -0.286865234375 -0.01214599609375 0.131538391113281
0.0218505859375 -0.337615966796875 -0.2020263671875 0.160491943359375
0.0435638427734375 -0.251998901367187 -0.070404052734375 -0.0373611450195313
-0.038909912109375 -0.269821166992188 -0.109893798828125 -0.195236206054688
-0.0867156982421875 -0.19677734375 -0.193817138671875 -0.181716918945313
-0.151123046875 -0.149215698242187 -0.206100463867188 -0.131668090820312
-0.182327270507813 -0.04345703125 -0.225234985351563 -0.0253753662109375
-0.174774169921875 0.0588836669921875 -0.173736572265625 0.0585479736328125
-0.180740356445313 0.0789642333984375 -0.106819152832031 0.0475540161132813
-0.168060302734375 0.123275756835937 -0.0462760925292969 0.0546684265136719
-0.191680908203125 0.072357177734375 0.0194015502929687 0.0617904663085938
-0.239547729492187 0.0103302001953125 0.0692596435546875 0.0977249145507813
-0.249343872070313 -0.05865478515625 0.0455780029296875 0.187728881835938
-0.190658569335938 -0.24066162109375 -0.054168701171875 0.20068359375
-0.118133544921875 -0.277023315429687 -0.0717620849609375 0.161956787109375
-0.0572509765625 -0.36553955078125 -0.0355148315429688 0.0168266296386719
0.07623291015625 -0.37615966796875 -0.180908203125 0.0324859619140625
0.0712890625 -0.330780029296875 -0.0707931518554688 -0.13140869140625
-0.070709228515625 -0.35760498046875 -0.109939575195312 -0.230072021484375
-0.150909423828125 -0.242385864257813 -0.177032470703125 -0.188095092773438
-0.213485717773438 -0.164291381835938 -0.162506103515625 -0.124801635742188
-0.230087280273438 -0.0341339111328126 -0.148574829101563 -0.0309295654296875
-0.209686279296875 0.0706024169921875 -0.0984954833984375 0.0179443359375
-0.216506958007813 0.0801849365234374 -0.0452690124511719 0.000656127929687497
-0.203536987304688 0.118438720703125 0.0111083984375 0.00562572479248048
-0.214202880859375 0.048583984375 0.08209228515625 0.0280838012695313
-0.252578735351563 -0.0224456787109375 0.110527038574219 0.0806808471679687
-0.25299072265625 -0.0995941162109375 0.062103271484375 0.175796508789063
-0.16888427734375 -0.29248046875 -0.060546875 0.177719116210937
-0.068359375 -0.3228759765625 -0.109710693359375 0.0961151123046875
0.015045166015625 -0.392822265625 -0.03955078125 -0.105690002441406
0.112548828125 -0.351959228515625 -0.152297973632812 -0.0943450927734375
0.086395263671875 -0.343963623046875 -0.0752410888671875 -0.218902587890625
-0.082733154296875 -0.374420166015625 -0.102935791015625 -0.246231079101563
-0.178085327148438 -0.239654541015625 -0.140884399414063 -0.184646606445313
-0.2303466796875 -0.149566650390625 -0.101570129394531 -0.118255615234375
-0.235244750976563 -0.0202789306640625 -0.0630340576171875 -0.048492431640625
-0.210205078125 0.0707244873046875 -0.0196170806884766 -0.0314159393310547
-0.21771240234375 0.071136474609375 0.0219955444335937 -0.0440826416015625
-0.209976196289063 0.0978240966796875 0.0788803100585937 -0.0357589721679687
-0.208709716796875 0.0147857666015625 0.149612426757813 0.009002685546875
-0.23199462890625 -0.05926513671875 0.152114868164062 0.0782470703125
-0.221633911132813 -0.135055541992188 0.0762939453125 0.163070678710938
-0.114532470703125 -0.3145751953125 -0.05743408203125 0.14849853515625
0.00149536132812499 -0.330841064453125 -0.122642517089844 0.0236129760742187
0.0933837890625 -0.364227294921875 -0.0162200927734375 -0.218475341796875
0.134521484375 -0.26385498046875 -0.121917724609375 -0.195724487304688
0.092254638671875 -0.28887939453125 -0.079986572265625 -0.280075073242188
-0.06903076171875 -0.31402587890625 -0.0867767333984375 -0.241958618164063
-0.155288696289062 -0.18878173828125 -0.0931854248046875 -0.178268432617187
-0.190032958984375 -0.114654541015625 -0.0392227172851563 -0.116363525390625
-0.194137573242187 -0.0119781494140625 0.0123443603515625 -0.0748291015625
-0.17474365234375 0.0556640625 0.0479507446289062 -0.08209228515625
-0.186386108398438 0.0514678955078125 0.083892822265625 -0.081939697265625
-0.186172485351563 0.065765380859375 0.146453857421875 -0.065643310546875
-0.175613403320313 -0.0101470947265625 0.212295532226563 0.0080413818359375
-0.186187744140625 -0.0768890380859375 0.18768310546875 0.0887451171875
-0.167587280273438 -0.14276123046875 0.0898590087890625 0.153152465820313
-0.05517578125 -0.293548583984375 -0.0391693115234375 0.116905212402344
0.064056396484375 -0.296539306640625 -0.0999832153320312 -0.0422439575195313
0.152740478515625 -0.2855224609375 0.035888671875 -0.305084228515625
0.141586303710938 -0.131378173828125 -0.0907745361328125 -0.252243041992187
0.097198486328125 -0.179779052734375 -0.078338623046875 -0.30322265625
-0.02264404296875 -0.19952392578125 -0.057403564453125 -0.228240966796875
-0.0829849243164063 -0.112747192382812 -0.0490264892578125 -0.17742919921875
-0.101509094238281 -0.074981689453125 0.00462341308593749 -0.119247436523438
-0.11767578125 -0.0181350708007812 0.0595016479492188 -0.099090576171875
-0.112724304199219 0.0245437622070313 0.0941085815429688 -0.119842529296875
-0.126213073730469 0.0257644653320312 0.130805969238281 -0.106452941894531
-0.134574890136719 0.0361785888671875 0.20355224609375 -0.079925537109375
-0.121421813964844 -0.0139999389648437 0.260696411132813 0.0184326171875
-0.129165649414063 -0.0619735717773438 0.211471557617188 0.105850219726563
-0.114524841308594 -0.112464904785156 0.10687255859375 0.146148681640625
-0.0164794921875 -0.2298583984375 -0.00425720214843749 0.0931243896484375
0.0996246337890625 -0.222976684570313 -0.0495147705078125 -0.0857620239257813
0.177658081054688 -0.16912841796875 0.105712890625 -0.354736328125
-0.143951416015625 0.0386962890625 -0.107513427734375 0.378997802734375
-0.0503768920898437 0.118782043457031 0.00259399414062499 0.122627258300781
0.0380477905273437 0.115951538085937 -0.0395355224609375 -0.09228515625
0.087860107421875 0.0435867309570313 -0.142959594726563 -0.149032592773438
0.0699310302734375 0.00933074951171875 -0.23016357421875 -0.126113891601562
0.0509109497070313 -0.00520706176757813 -0.307769775390625 -0.014129638671875
0.0460739135742188 0.0030670166015625 -0.2491455078125 0.123748779296875
0.0504798889160156 0.0150375366210937 -0.16815185546875 0.142623901367188
0.0474662780761719 0.0239067077636719 -0.10491943359375 0.149429321289063
0.0104255676269531 0.0398712158203125 -0.07818603515625 0.142196655273438
-0.00547409057617188 0.0427970886230469 -0.00790405273437498 0.146560668945313
-0.00737762451171875 0.0545463562011719 0.029388427734375 0.188629150390625
-0.0525360107421875 0.0653152465820313 0.0155487060546875 0.24395751953125
-0.105361938476563 0.048309326171875 0.08587646484375 0.297271728515625
-0.1650390625 0.00282287597656252 0.0745239257812499 0.275634765625
-0.108169555664063 -0.108253479003906 -0.1541748046875 0.35394287109375
-0.0282306671142578 -0.00390434265136718 -0.0375518798828125 0.102043151855469
0.0166397094726563 -0.00670909881591797 -0.079833984375 -0.108787536621094
0.0408821105957031 -0.0390472412109375 -0.1729736328125 -0.149490356445313
-0.000564575195312495 -0.0514793395996094 -0.239212036132813 -0.128158569335937
-0.0311813354492188 -0.0222225189208984 -0.309478759765625 -0.014312744140625
-0.0341472625732422 0.0285530090332031 -0.252273559570313 0.120559692382813
-0.0350112915039063 0.0490150451660156 -0.168960571289062 0.133102416992188
-0.0317153930664062 0.0757904052734375 -0.102432250976562 0.14239501953125
-0.074371337890625 0.0682296752929688 -0.062042236328125 0.134880065917969
-0.111343383789063 0.04254150390625 0.00729370117187501 0.14111328125
-0.119522094726562 0.01434326171875 0.03033447265625 0.198837280273437
-0.126655578613281 -0.0586929321289062 -0.00892639160156252 0.235214233398438
-0.134017944335937 -0.0829849243164062 0.0473480224609375 0.26971435546875
-0.159820556640625 -0.152847290039063 0.0367279052734375 0.228591918945313
-0.055999755859375 -0.2447509765625 -0.18048095703125 0.284820556640625
0.00116729736328125 -0.138847351074219 -0.0595512390136719 0.0473747253417969
-0.01641845703125 -0.144744873046875 -0.1075439453125 -0.146377563476562
-0.0246734619140625 -0.124557495117188 -0.197662353515625 -0.159439086914062
-0.0820465087890625 -0.106948852539063 -0.238433837890625 -0.126083374023438
-0.116157531738281 -0.03350830078125 -0.2835693359375 -0.01092529296875
-0.112861633300781 0.0521316528320313 -0.223968505859375 0.103622436523438
-0.115692138671875 0.078521728515625 -0.14605712890625 0.103347778320313
-0.103843688964844 0.117866516113281 -0.07977294921875 0.109992980957031
-0.143402099609375 0.0883331298828125 -0.0244903564453125 0.104743957519531
-0.194000244140625 0.0428619384765625 0.0390777587890625 0.121833801269531
-0.2081298828125 -0.01318359375 0.045135498046875 0.199386596679688
-0.1883544921875 -0.156585693359375 -0.026336669921875 0.227294921875
-0.150482177734375 -0.1929931640625 -0.00352478027343753 0.227432250976563
-0.1351318359375 -0.282928466796875 -0.00148010253906252 0.140113830566406
-0.000488281249999984 -0.34564208984375 -0.184295654296875 0.175796508789062
0.0272369384765625 -0.2633056640625 -0.068206787109375 -0.0349159240722656
-0.061737060546875 -0.274139404296875 -0.121566772460938 -0.18914794921875
-0.105026245117188 -0.197036743164063 -0.206985473632813 -0.170379638671875
-0.167938232421875 -0.141708374023438 -0.2183837890625 -0.120574951171875
-0.191574096679687 -0.03179931640625 -0.2294921875 -0.010284423828125
-0.1746826171875 0.073638916015625 -0.168075561523438 0.071746826171875
-0.178131103515625 0.0961151123046875 -0.101799011230469 0.0579299926757812
-0.161590576171875 0.139633178710938 -0.0399208068847656 0.0612907409667969
-0.191802978515625 0.0878143310546875 0.0265464782714844 0.0635147094726563
-0.244476318359375 0.0289154052734375 0.07904052734375 0.0966339111328125
-0.258834838867188 -0.0416259765625 0.0645599365234375 0.19036865234375
-0.214523315429687 -0.2314453125 -0.0389556884765625 0.212661743164062
-0.140151977539063 -0.274063110351563 -0.05828857421875 0.174346923828125
-0.0859375 -0.368804931640625 -0.0333156585693359 0.0255355834960937
0.050201416015625 -0.389495849609375 -0.172500610351563 0.043304443359375
0.046722412109375 -0.345672607421875 -0.0757522583007812 -0.130607604980469
-0.1019287109375 -0.360382080078125 -0.124771118164063 -0.224380493164063
-0.172775268554687 -0.236404418945313 -0.190200805664063 -0.177749633789063
-0.231277465820313 -0.150619506835937 -0.1734619140625 -0.116241455078125
-0.238357543945313 -0.0174560546875 -0.151077270507813 -0.0234222412109375
-0.208587646484375 0.08746337890625 -0.095245361328125 0.0236129760742188
-0.2139892578125 0.100830078125 -0.04296875 0.00524520874023439
-0.197357177734375 0.137359619140625 0.0141124725341797 0.00630664825439454
-0.215301513671875 0.0658111572265625 0.0876617431640625 0.0227279663085938
-0.259658813476563 -0.00306701660156252 0.120826721191406 0.0757827758789062
-0.266098022460938 -0.0818634033203125 0.0802001953125 0.1766357421875
-0.197540283203125 -0.285369873046875 -0.0471343994140625 0.190750122070312
-0.09368896484375 -0.324371337890625 -0.102180480957031 0.110061645507812
-0.016845703125 -0.401947021484375 -0.0476303100585938 -0.0988235473632813
0.08648681640625 -0.36773681640625 -0.15313720703125 -0.088104248046875
0.0589599609375 -0.35931396484375 -0.0866546630859375 -0.21923828125
-0.116180419921875 -0.3740234375 -0.118392944335938 -0.241363525390625
-0.198928833007812 -0.228485107421875 -0.152755737304688 -0.176971435546875
-0.246551513671875 -0.13232421875 -0.110687255859375 -0.113975524902344
-0.24127197265625 -0.00189208984374998 -0.0650596618652344 -0.0477256774902344
-0.207550048828125 0.087371826171875 -0.0193080902099609 -0.0334205627441406
-0.215103149414063 0.0912933349609375 0.0205802917480469 -0.0464553833007812
-0.204071044921875 0.115509033203125 0.0786666870117187 -0.0421600341796875
-0.211532592773438 0.0311431884765625 0.15411376953125 -0.0030975341796875
-0.2408447265625 -0.0418548583984375 0.162918090820313 0.068878173828125
-0.235015869140625 -0.119232177734375 0.093719482421875 0.164077758789063
-0.14373779296875 -0.310516357421875 -0.046478271484375 0.15966796875
-0.025115966796875 -0.336822509765625 -0.121101379394531 0.0373611450195313
0.063812255859375 -0.3780517578125 -0.0335235595703125 -0.215591430664063
0.113616943359375 -0.279251098632813 -0.131790161132813 -0.19354248046875
0.0682373046875 -0.301910400390625 -0.0981903076171875 -0.280593872070313
-0.097686767578125 -0.31292724609375 -0.10211181640625 -0.238662719726563
-0.170913696289063 -0.178024291992187 -0.105377197265625 -0.174026489257813
-0.20184326171875 -0.0991363525390625 -0.04742431640625 -0.116500854492188
-0.197418212890625 0.00347900390625001 0.00933837890624999 -0.0805435180664063
-0.171096801757813 0.069549560546875 0.0439071655273437 -0.0891952514648438
-0.183135986328125 0.068084716796875 0.079071044921875 -0.0894622802734375
-0.181808471679687 0.0821533203125 0.144302368164063 -0.0775909423828125
-0.1788330078125 0.00259399414062501 0.217864990234375 -0.0096435546875
-0.193710327148438 -0.06365966796875 0.199447631835938 0.0782623291015625
-0.180252075195312 -0.130828857421875 0.106048583984375 0.153030395507813
-0.080780029296875 -0.29193115234375 -0.031341552734375 0.125190734863281
0.039886474609375 -0.305389404296875 -0.104148864746094 -0.0304183959960938
0.128265380859375 -0.303436279296875 0.012176513671875 -0.308349609375
0.129867553710938 -0.144119262695313 -0.106964111328125 -0.2537841796875
0.080474853515625 -0.19012451171875 -0.0994873046875 -0.304901123046875
-0.0415802001953125 -0.198272705078125 -0.072174072265625 -0.228591918945313
-0.0920181274414063 -0.106048583984375 -0.0623016357421875 -0.177734375
-0.109077453613281 -0.0660324096679688 -0.00405883789062499 -0.122840881347656
-0.119796752929688 -0.00780487060546872 0.05450439453125 -0.108512878417969
-0.1097412109375 0.033447265625 0.0855484008789063 -0.131950378417969
-0.123886108398438 0.0374526977539062 0.124412536621094 -0.118255615234375
-0.131210327148438 0.0473861694335937 0.200027465820313 -0.0962371826171875
-0.122634887695312 -0.00566101074218749 0.267135620117187 -0.0030517578125
-0.132850646972656 -0.0531463623046875 0.225021362304688 0.09344482421875
-0.12237548828125 -0.10369873046875 0.121246337890625 0.14337158203125
-0.036865234375 -0.228302001953125 0.00180816650390625 0.0989837646484375
0.0797119140625 -0.231277465820313 -0.0568161010742187 -0.0793228149414063
0.162322998046875 -0.18585205078125 0.078155517578125 -0.36370849609375
-0.133682250976563 0.0508651733398438 -0.068756103515625 0.384857177734375
-0.0371856689453125 0.120361328125 0.015350341796875 0.12078857421875
0.048248291015625 0.109092712402344 -0.0467605590820312 -0.0916900634765625
0.0878524780273438 0.0314178466796875 -0.155364990234375 -0.1385498046875
0.0669670104980469 0.00176239013671875 -0.243133544921875 -0.107757568359375
0.0478858947753906 -0.00832366943359375 -0.310760498046875 0.0140686035156249
0.0438690185546875 -0.00011444091796875 -0.236160278320312 0.147857666015625
0.0494041442871094 0.0101966857910156 -0.153106689453125 0.15869140625
0.0473861694335938 0.0192527770996094 -0.0897216796875 0.1611328125
0.0118904113769531 0.0389556884765625 -0.06494140625 0.153427124023438
-0.00371170043945313 0.0425071716308594 0.00489807128906251 0.149154663085938
-0.00368499755859375 0.0518913269042969 0.0462799072265625 0.187149047851562
-0.0453987121582031 0.0665016174316406 0.037139892578125 0.244216918945313
-0.0986862182617187 0.0557098388671875 0.112060546875 0.290557861328125
-0.1590576171875 0.0198974609375 0.09967041015625 0.272369384765625
-0.111351013183594 -0.0998458862304688 -0.11602783203125 0.36444091796875
-0.0257453918457031 -0.00527954101562499 -0.0254135131835938 0.103591918945313
0.0148859024047852 -0.0125007629394531 -0.0868072509765625 -0.103187561035156
0.0331764221191406 -0.0474014282226563 -0.184249877929688 -0.135833740234375
-0.00859832763671875 -0.0527725219726563 -0.251663208007813 -0.10955810546875
-0.0365791320800781 -0.0183448791503906 -0.31103515625 0.013641357421875
-0.0342979431152344 0.0326805114746094 -0.238800048828125 0.142791748046875
-0.0324516296386719 0.0535469055175781 -0.153915405273437 0.149398803710938
-0.026824951171875 0.079498291015625 -0.0865936279296875 0.154006958007812
-0.0703353881835937 0.0755233764648438 -0.0482330322265625 0.143692016601563
-0.10980224609375 0.0522384643554688 0.0206146240234375 0.14276123046875
-0.119598388671875 0.0229568481445313 0.050689697265625 0.1973876953125
-0.13177490234375 -0.0493087768554688 0.0133056640625 0.240158081054688
-0.138946533203125 -0.0724868774414062 0.0727081298828125 0.266448974609375
-0.169647216796875 -0.13787841796875 0.0581817626953125 0.229507446289063
-0.0726776123046875 -0.24139404296875 -0.146453857421875 0.297698974609375
-0.00903320312500001 -0.1431884765625 -0.0506820678710937 0.0499725341796875
-0.0309600830078125 -0.146728515625 -0.117134094238281 -0.1375732421875
-0.0389785766601562 -0.126190185546875 -0.208724975585938 -0.143051147460937
-0.0948104858398438 -0.100639343261719 -0.249755859375 -0.106033325195313
-0.122970581054688 -0.0223846435546875 -0.2841796875 0.01324462890625
-0.1107177734375 0.0628662109375 -0.21112060546875 0.124008178710938
-0.10955810546875 0.09100341796875 -0.133209228515625 0.117225646972656
-0.0944137573242188 0.128463745117187 -0.0668258666992188 0.119010925292969
-0.137428283691406 0.102333068847656 -0.0137863159179688 0.109748840332031
-0.192047119140625 0.060760498046875 0.0516738891601562 0.120964050292969
-0.210205078125 0.00462341308593753 0.0664520263671875 0.19677734375
-0.203872680664062 -0.140899658203125 -0.00512695312499999 0.234054565429688
-0.165725708007813 -0.18121337890625 0.019073486328125 0.230178833007813
-0.159423828125 -0.270462036132813 0.012298583984375 0.14495849609375
-0.028533935546875 -0.347991943359375 -0.159637451171875 0.187911987304687
0.00358581542968748 -0.270248413085938 -0.0655021667480469 -0.0307464599609375
-0.0880126953125 -0.270950317382813 -0.134185791015625 -0.178192138671875
-0.125015258789063 -0.190444946289063 -0.218399047851562 -0.1519775390625
-0.184234619140625 -0.126922607421875 -0.228515625 -0.102508544921875
-0.197891235351563 -0.0141448974609375 -0.229415893554688 0.00848388671875005
-0.170562744140625 0.089569091796875 -0.157974243164063 0.0851593017578125
-0.169677734375 0.11431884765625 -0.0930557250976563 0.0680389404296875
-0.14898681640625 0.155136108398438 -0.0316429138183594 0.0661544799804688
-0.185226440429688 0.105560302734375 0.0338058471679687 0.0618515014648438
-0.24334716796875 0.0519561767578125 0.0899505615234375 0.0907745361328125
-0.263381958007812 -0.0191955566406251 0.0860748291015625 0.187408447265625
-0.238876342773438 -0.212432861328125 -0.0180511474609375 0.222061157226563
-0.163543701171875 -0.262939453125 -0.040191650390625 0.182510375976563
-0.120330810546875 -0.361907958984375 -0.0294952392578125 0.0334300994873047
0.015472412109375 -0.396728515625 -0.159210205078125 0.05517578125
0.012969970703125 -0.352264404296875 -0.0816192626953125 -0.126007080078125
-0.137176513671875 -0.351593017578125 -0.13897705078125 -0.212677001953125
-0.195281982421875 -0.221359252929688 -0.201812744140625 -0.159988403320312
-0.247268676757813 -0.128311157226562 -0.182052612304688 -0.101516723632813
-0.241928100585938 0.00454711914062496 -0.151473999023438 -0.0117645263671875
-0.201797485351563 0.106658935546875 -0.0895233154296875 0.0298690795898437
-0.204086303710938 0.122589111328125 -0.0398445129394531 0.00989532470703126
-0.18341064453125 0.15655517578125 0.0170927047729492 0.00627613067626954
-0.210403442382813 0.0856781005859375 0.09112548828125 0.0149383544921875
-0.261520385742188 0.0212249755859375 0.130035400390625 0.066070556640625
-0.273773193359375 -0.057952880859375 0.101486206054688 0.17193603515625
-0.226318359375 -0.266403198242188 -0.027801513671875 0.199935913085938
-0.124420166015625 -0.3170166015625 -0.0899658203125 0.122795104980469
-0.05621337890625 -0.4010009765625 -0.0557403564453125 -0.0893096923828125
0.051849365234375 -0.37591552734375 -0.152969360351563 -0.07867431640625
0.022552490234375 -0.365936279296875 -0.101898193359375 -0.212753295898438
-0.1531982421875 -0.36260986328125 -0.134902954101563 -0.23016357421875
-0.22015380859375 -0.210128784179688 -0.165328979492188 -0.1619873046875
-0.25994873046875 -0.10784912109375 -0.119766235351563 -0.104362487792969
-0.242141723632813 0.020050048828125 -0.0674476623535156 -0.0447921752929688
-0.199493408203125 0.106033325195312 -0.0202903747558594 -0.0345211029052734
-0.204803466796875 0.112991333007812 0.01776123046875 -0.0478248596191406
-0.19183349609375 0.135787963867187 0.0761337280273437 -0.0479354858398437
-0.209213256835938 0.0500335693359375 0.155227661132812 -0.0182342529296875
-0.244949340820313 -0.020172119140625 0.171859741210937 0.0549774169921875
-0.24566650390625 -0.09735107421875 0.1131591796875 0.157806396484375
-0.17572021484375 -0.29559326171875 -0.0303802490234375 0.168853759765625
-0.0574951171875 -0.33465576171875 -0.115951538085938 0.0522232055664063
0.025390625 -0.385040283203125 -0.0530242919921875 -0.207473754882813
0.085357666015625 -0.2908935546875 -0.143325805664062 -0.18603515625
0.03619384765625 -0.308807373046875 -0.118942260742188 -0.274124145507813
-0.130096435546875 -0.300384521484375 -0.119338989257813 -0.230056762695313
-0.186798095703125 -0.161041259765625 -0.118438720703125 -0.164642333984375
-0.2109375 -0.0782928466796875 -0.0570526123046875 -0.112777709960938
-0.1964111328125 0.0225982666015625 0.00355529785156249 -0.084625244140625
-0.163650512695313 0.0837554931640625 0.0364303588867188 -0.096221923828125
-0.174285888671875 0.0860748291015625 0.0714340209960938 -0.0963516235351563
-0.171279907226563 0.0991363525390625 0.137733459472656 -0.0904388427734375
-0.178924560546875 0.018829345703125 0.217086791992187 -0.0313873291015625
-0.199172973632813 -0.0466461181640625 0.209381103515625 0.060821533203125
-0.190383911132813 -0.114013671875 0.123275756835937 0.145538330078125
-0.110595703125 -0.281768798828125 -0.0185928344726563 0.1322021484375
0.00946044921874998 -0.307647705078125 -0.106353759765625 -0.0174102783203125
0.096343994140625 -0.314361572265625 -0.01605224609375 -0.3035888671875
0.113906860351563 -0.156051635742188 -0.126602172851562 -0.248428344726563
0.0590057373046875 -0.196517944335938 -0.124603271484375 -0.2978515625
-0.06256103515625 -0.190994262695312 -0.0902557373046875 -0.223403930664063
-0.100906372070313 -0.0950927734375 -0.076934814453125 -0.172576904296875
-0.114654541015625 -0.0532379150390625 -0.0146713256835938 -0.122947692871094
-0.118721008300781 0.00447845458984373 0.0456161499023437 -0.117149353027344
-0.10479736328125 0.0418777465820313 0.07281494140625 -0.142242431640625
-0.117530822753906 0.0493698120117188 0.112747192382812 -0.128608703613281
-0.12335205078125 0.0594635009765625 0.19085693359375 -0.115264892578125
-0.122039794921875 0.00476837158203127 0.266387939453125 -0.0291748046875
-0.135482788085937 -0.0408096313476563 0.23638916015625 0.0742034912109375
-0.129539489746094 -0.0907669067382813 0.137191772460938 0.135345458984375
-0.05950927734375 -0.221237182617188 0.0105209350585937 0.102203369140625
0.0549163818359375 -0.2357177734375 -0.0645065307617188 -0.0696525573730469
0.140625 -0.200363159179688 0.0428466796875 -0.365264892578125
-0.119941711425781 0.0586318969726563 -0.03021240234375 0.376953125
-0.0231704711914063 0.117828369140625 0.027557373046875 0.114372253417969
0.0558395385742188 0.0989456176757813 -0.0526046752929688 -0.0875930786132812
0.08367919921875 0.0207290649414062 -0.163482666015625 -0.124282836914062
0.0627174377441406 -0.00492095947265625 -0.248443603515625 -0.086334228515625
0.0438117980957031 -0.0107231140136719 -0.3038330078125 0.0411682128906249
0.0414543151855469 -0.00240707397460938 -0.215988159179688 0.16473388671875
0.0468101501464844 0.00584030151367188 -0.133392333984375 0.168136596679687
0.0451393127441406 0.0148429870605469 -0.0716552734375 0.165924072265625
0.0128211975097656 0.037506103515625 -0.0484771728515625 0.158828735351562
-0.00229263305664063 0.041534423828125 0.0178680419921875 0.147232055664063
-0.000747680664062496 0.0486602783203125 0.0615234375 0.179641723632813
-0.03759765625 0.0652809143066406 0.0565643310546875 0.237091064453125
-0.0895233154296875 0.0608673095703125 0.1334228515625 0.27490234375
-0.148406982421875 0.0328216552734375 0.11968994140625 0.260345458984375
-0.111991882324219 -0.0908966064453125 -0.0760498046875 0.360107421875
-0.0233097076416016 -0.00723838806152343 -0.0126953125 0.1007080078125
0.0126371383666992 -0.0169773101806641 -0.0921249389648438 -0.0951919555664062
0.0240020751953125 -0.0518875122070313 -0.189346313476562 -0.1187744140625
-0.0168914794921875 -0.0518684387207031 -0.255615234375 -0.0876007080078125
-0.0399665832519531 -0.0138587951660156 -0.303253173828125 0.0406188964843751
-0.0330619812011719 0.0358085632324219 -0.218124389648437 0.159912109375
-0.0290107727050781 0.0560798645019531 -0.134201049804688 0.158706665039063
-0.0211334228515625 0.0803070068359375 -0.068084716796875 0.15850830078125
-0.0645065307617188 0.0805587768554687 -0.033233642578125 0.147613525390625
-0.104743957519531 0.0604171752929688 0.0334701538085938 0.1400146484375
-0.115707397460937 0.0305938720703125 0.06805419921875 0.189498901367188
-0.133247375488281 -0.0394287109375 0.034088134765625 0.236618041992188
-0.140426635742188 -0.0615310668945312 0.09442138671875 0.255599975585938
-0.173965454101563 -0.119644165039062 0.0773162841796875 0.222686767578125
-0.0880889892578125 -0.232330322265625 -0.110076904296875 0.29736328125
-0.020355224609375 -0.142913818359375 -0.0406723022460938 0.0508995056152344
-0.043914794921875 -0.143478393554688 -0.122360229492187 -0.124427795410156
-0.0520401000976563 -0.122276306152344 -0.213211059570313 -0.123092651367187
-0.104942321777344 -0.0909881591796875 -0.251815795898437 -0.0844573974609375
-0.124847412109375 -0.0110244750976563 -0.276290893554688 0.036865234375
-0.10504150390625 0.0719680786132812 -0.192459106445313 0.13739013671875
-0.100242614746094 0.0998077392578125 -0.115921020507812 0.126480102539063
-0.0819320678710938 0.13446044921875 -0.0513458251953125 0.123519897460937
-0.126747131347656 0.112136840820312 -0.00154876708984376 0.11083984375
-0.184051513671875 0.0764617919921875 0.0624847412109375 0.115684509277344
-0.20550537109375 0.021697998046875 0.08526611328125 0.188156127929688
-0.21258544921875 -0.120101928710938 0.017242431640625 0.233673095703125
-0.176559448242187 -0.164505004882813 0.0401153564453125 0.22528076171875
-0.177902221679688 -0.249542236328125 0.02606201171875 0.144302368164062
-0.056060791015625 -0.339202880859375 -0.131149291992188 0.191879272460937
-0.0189208984375 -0.267807006835937 -0.0616989135742188 -0.02740478515625
-0.111068725585937 -0.258163452148437 -0.141921997070312 -0.162521362304688
-0.14019775390625 -0.176498413085938 -0.222335815429688 -0.130523681640625
-0.193374633789062 -0.108291625976563 -0.230514526367188 -0.0818328857421875
-0.197067260742188 0.00392150878906247 -0.221786499023438 0.02685546875
-0.16058349609375 0.103408813476563 -0.14404296875 0.0943603515625
-0.155792236328125 0.128219604492188 -0.0811996459960938 0.0742645263671875
-0.132080078125 0.16583251953125 -0.0214385986328125 0.0685386657714844
-0.17254638671875 0.120162963867188 0.0405502319335937 0.0588417053222656
-0.23468017578125 0.072967529296875 0.0968246459960938 0.0822219848632813
-0.2596435546875 0.00430297851562503 0.1048583984375 0.176193237304687
-0.253707885742188 -0.185760498046875 0.00323486328124999 0.222427368164063
-0.182144165039063 -0.244415283203125 -0.0211181640625 0.184097290039062
-0.149444580078125 -0.342376708984375 -0.0246543884277344 0.0402183532714843
-0.019378662109375 -0.389923095703125 -0.143035888671875 0.0618743896484375
-0.019287109375 -0.347381591796875 -0.0858078002929687 -0.118011474609375
-0.167572021484375 -0.33013916015625 -0.149154663085938 -0.195327758789063
-0.210205078125 -0.200057983398438 -0.206558227539063 -0.138763427734375
-0.2540283203125 -0.103118896484375 -0.184768676757813 -0.084320068359375
-0.237548828125 0.0255584716796875 -0.1470947265625 -0.000579833984374998
-0.189422607421875 0.121688842773438 -0.0830307006835938 0.0338592529296875
-0.187789916992188 0.139190673828125 -0.0346946716308594 0.0130214691162109
-0.16424560546875 0.169754028320313 0.0206413269042969 0.00592422485351564
-0.199478149414062 0.102447509765625 0.0915679931640625 0.00727844238281251
-0.254150390625 0.043792724609375 0.134902954101562 0.0543060302734375
-0.272918701171875 -0.0326843261718751 0.118484497070313 0.160980224609375
-0.246902465820312 -0.238998413085938 -0.00746154785156252 0.202301025390625
-0.14892578125 -0.299713134765625 -0.0752944946289062 0.13031005859375
-0.09259033203125 -0.38677978515625 -0.0604934692382813 -0.0771942138671875
0.0157470703125 -0.373809814453125 -0.149490356445313 -0.0683746337890626
-0.012786865234375 -0.36004638671875 -0.112991333007812 -0.201217651367188
-0.18463134765625 -0.337554931640625 -0.1468505859375 -0.213150024414063
-0.232666015625 -0.185302734375 -0.171737670898437 -0.14410400390625
-0.263259887695313 -0.0811309814453125 -0.123710632324219 -0.0922698974609375
-0.235519409179688 0.04119873046875 -0.0681610107421875 -0.0408973693847656
-0.185195922851563 0.121002197265625 -0.0219345092773438 -0.0349769592285156
-0.188796997070312 0.129791259765625 0.015167236328125 -0.047637939453125
-0.173385620117188 0.149642944335938 0.07208251953125 -0.0525131225585938
-0.200836181640625 0.0670318603515625 0.150238037109375 -0.0313873291015625
-0.24127197265625 0.00154113769531247 0.175643920898437 0.039764404296875
-0.247146606445313 -0.0740509033203125 0.128173828125 0.145477294921875
-0.199569702148438 -0.270858764648438 -0.012847900390625 0.171279907226562
-0.086639404296875 -0.32080078125 -0.106536865234375 0.064239501953125
-0.012725830078125 -0.37689208984375 -0.0681610107421875 -0.192214965820313
0.05499267578125 -0.29144287109375 -0.150604248046875 -0.17401123046875
0.00549316406249997 -0.3031005859375 -0.13671875 -0.25811767578125
-0.154937744140625 -0.279144287109375 -0.1324462890625 -0.215164184570312
-0.195037841796875 -0.138809204101563 -0.127517700195312 -0.150741577148438
-0.212066650390625 -0.0552520751953125 -0.0634613037109375 -0.10546875
-0.1890869140625 0.0396881103515625 -0.00354003906250001 -0.0854721069335937
-0.151718139648438 0.095458984375 0.0277328491210937 -0.0996475219726563
-0.15997314453125 0.0998687744140625 0.0624237060546875 -0.0997161865234375
-0.155807495117187 0.11181640625 0.126571655273438 -0.0993881225585938
-0.172805786132813 0.032958984375 0.208511352539063 -0.0499114990234375
-0.197219848632813 -0.0284576416015625 0.211532592773438 0.0412445068359375
-0.19403076171875 -0.0945892333984375 0.136314392089844 0.132781982421875
-0.133895874023437 -0.263076782226563 -0.00624847412109375 0.135116577148437
-0.019256591796875 -0.299468994140625 -0.103553771972656 -0.00366210937500002
0.06231689453125 -0.314697265625 -0.04217529296875 -0.289520263671875
0.094268798828125 -0.161972045898438 -0.140762329101563 -0.235992431640625
0.0357513427734375 -0.195419311523438 -0.145355224609375 -0.2818603515625
-0.08050537109375 -0.177703857421875 -0.104843139648437 -0.212051391601563
-0.10577392578125 -0.0825424194335937 -0.087890625 -0.162200927734375
-0.115562438964844 -0.0400390625 -0.0237274169921875 -0.119255065917969
-0.114036560058594 0.0149307250976563 0.0347366333007813 -0.121475219726562
-0.0968475341796875 0.0483856201171875 0.0578765869140625 -0.146865844726563
-0.107391357421875 0.058197021484375 0.0981521606445313 -0.135162353515625
-0.111892700195313 0.0677032470703125 0.175186157226562 -0.128494262695313
-0.117218017578125 0.0140304565429688 0.25665283203125 -0.052581787109375
-0.134063720703125 -0.0288314819335937 0.239242553710938 0.0523529052734375
-0.131477355957031 -0.0769500732421875 0.14764404296875 0.122085571289063
-0.0774078369140625 -0.20684814453125 0.01904296875 0.102249145507812
0.0304718017578125 -0.232467651367188 -0.0686264038085937 -0.0582466125488281
0.115463256835937 -0.206695556640625 0.00939941406250002 -0.3543701171875
-0.106414794921875 0.0618743896484375 -0.00302124023437498 0.36138916015625
-0.0132293701171875 0.111846923828125 0.0359039306640625 0.106414794921875
0.0596466064453125 0.088714599609375 -0.0553512573242188 -0.083526611328125
0.077484130859375 0.0124664306640625 -0.164886474609375 -0.112213134765625
0.0570793151855469 -0.00931167602539063 -0.246627807617188 -0.068634033203125
0.0403366088867188 -0.0117607116699219 -0.2918701171875 0.059967041015625
0.0385360717773438 -0.0037994384765625 -0.195816040039063 0.172500610351563
0.043792724609375 0.00329208374023437 -0.115188598632812 0.170761108398438
0.0423812866210938 0.0129661560058594 -0.0573883056640625 0.1650390625
0.0129814147949219 0.0362586975097656 -0.035614013671875 0.159332275390625
-0.00101470947265625 0.040435791015625 0.027130126953125 0.142318725585938
0.000770568847656254 0.0447196960449219 0.070648193359375 0.170089721679688
-0.0313224792480469 0.0618362426757812 0.0694732666015625 0.22625732421875
-0.0803985595703125 0.0625 0.145309448242188 0.257766723632812
-0.136032104492187 0.0416030883789063 0.131195068359375 0.246780395507813
-0.10906982421875 -0.083648681640625 -0.047088623046875 0.3472900390625
-0.0212631225585937 -0.00888442993164063 -0.00263214111328125 0.095611572265625
0.0102367401123047 -0.0205726623535156 -0.0927734375 -0.0881729125976563
0.0162429809570312 -0.0535202026367188 -0.189041137695313 -0.105331420898437
-0.0222015380859375 -0.0496406555175781 -0.253021240234375 -0.069549560546875
-0.0419158935546875 -0.00962066650390624 -0.290557861328125 0.058380126953125
-0.0315971374511719 0.03851318359375 -0.197860717773437 0.167022705078125
-0.025726318359375 0.05694580078125 -0.115890502929687 0.161514282226563
-0.017059326171875 0.0798110961914063 -0.0532989501953125 0.15838623046875
-0.0584716796875 0.0826187133789063 -0.0202178955078125 0.146514892578125
-0.0984115600585938 0.0661773681640625 0.0418243408203125 0.13433837890625
-0.11102294921875 0.0352630615234375 0.0789031982421875 0.179519653320313
-0.131500244140625 -0.0306396484375 0.048858642578125 0.228515625
-0.137130737304688 -0.0526275634765625 0.10882568359375 0.241806030273438
-0.171722412109375 -0.10400390625 0.08978271484375 0.213119506835937
-0.0965423583984375 -0.221221923828125 -0.0811767578125 0.288360595703125
-0.0277633666992187 -0.140113830566406 -0.0324058532714844 0.0491065979003906
-0.053192138671875 -0.138839721679688 -0.122634887695313 -0.113471984863281
-0.0610275268554687 -0.116996765136719 -0.210205078125 -0.107315063476563
-0.109840393066406 -0.0808029174804687 -0.249343872070313 -0.0670013427734375
-0.124114990234375 -0.00104522705078123 -0.263427734375 0.0533905029296876
-0.0983200073242188 0.07794189453125 -0.173904418945312 0.143081665039063
-0.0907363891601563 0.104141235351563 -0.099609375 0.128379821777344
-0.0709609985351563 0.1363525390625 -0.037506103515625 0.122802734375
-0.117080688476563 0.117317199707031 0.0078277587890625 0.108589172363281
-0.1739501953125 0.0866851806640625 0.0693511962890625 0.109031677246094
-0.198379516601563 0.0332183837890625 0.0975494384765625 0.17633056640625
-0.214279174804688 -0.103164672851562 0.033721923828125 0.227706909179688
-0.179641723632813 -0.14886474609375 0.0555419921875 0.216323852539063
-0.185638427734375 -0.229629516601563 0.0361785888671875 0.14141845703125
-0.074737548828125 -0.32635498046875 -0.107330322265625 0.187088012695312
-0.0372772216796875 -0.25970458984375 -0.0568618774414063 -0.0249786376953125
-0.126144409179688 -0.24359130859375 -0.1431884765625 -0.148452758789063
-0.148651123046875 -0.162765502929688 -0.219039916992188 -0.112319946289063
-0.195953369140625 -0.0913848876953125 -0.227005004882813 -0.0657196044921875
-0.19207763671875 0.017669677734375 -0.2109375 0.03875732421875
-0.150192260742187 0.11102294921875 -0.130599975585938 0.098052978515625
-0.14190673828125 0.135910034179687 -0.07049560546875 0.0762939453125
-0.116012573242188 0.169784545898438 -0.0120201110839844 0.0683517456054688
-0.160446166992188 0.128021240234375 0.0443572998046875 0.0552139282226563
-0.223281860351563 0.086090087890625 0.100914001464844 0.0750885009765625
-0.250564575195313 0.0201568603515626 0.11627197265625 0.16412353515625
-0.258255004882813 -0.162307739257813 0.0206756591796875 0.218353271484375
-0.191818237304688 -0.225555419921875 -0.00579833984375001 0.18023681640625
-0.16668701171875 -0.3203125 -0.0192756652832031 0.0439109802246093
-0.045196533203125 -0.37725830078125 -0.12738037109375 0.062469482421875
-0.043304443359375 -0.335845947265625 -0.0859146118164063 -0.110946655273438
-0.18603515625 -0.3074951171875 -0.152023315429688 -0.178970336914063
-0.216461181640625 -0.180801391601562 -0.203750610351563 -0.12139892578125
-0.252639770507813 -0.0818634033203125 -0.182357788085938 -0.0702667236328125
-0.2293701171875 0.0409088134765625 -0.140251159667969 0.00683593749999997
-0.175247192382813 0.13043212890625 -0.076141357421875 0.0355606079101563
-0.17059326171875 0.147308349609375 -0.0301761627197266 0.0145950317382813
-0.146499633789063 0.175201416015625 0.0233364105224609 0.00512695312500001
-0.186752319335938 0.111770629882812 0.0895004272460938 0.00128936767578126
-0.243637084960938 0.059906005859375 0.135665893554687 0.0444793701171875
-0.265472412109375 -0.014404296875 0.129013061523437 0.147918701171875
-0.256256103515625 -0.213150024414063 0.00910949707031249 0.199737548828125
-0.163864135742188 -0.28094482421875 -0.0608673095703125 0.132904052734375
-0.115478515625 -0.36639404296875 -0.0612220764160156 -0.0655517578125
-0.011322021484375 -0.362091064453125 -0.14300537109375 -0.0626220703125
-0.038726806640625 -0.346405029296875 -0.117996215820313 -0.18927001953125
-0.20233154296875 -0.31158447265625 -0.150924682617187 -0.196533203125
-0.235748291015625 -0.1630859375 -0.170394897460938 -0.12896728515625
-0.259048461914063 -0.05975341796875 -0.122901916503906 -0.082183837890625
-0.2244873046875 0.0556488037109375 -0.0672187805175781 -0.0376319885253906
-0.171768188476563 0.129150390625 -0.0229759216308594 -0.0348682403564453
-0.171173095703125 0.138381958007813 0.0136566162109375 -0.0473365783691406
-0.155593872070313 0.155899047851563 0.0688133239746094 -0.0550079345703125
-0.189682006835938 0.0774993896484375 0.143264770507813 -0.039825439453125
-0.232818603515625 0.01788330078125 0.173828125 0.027679443359375
-0.242843627929688 -0.0554351806640625 0.137290954589844 0.133049011230469
-0.211410522460937 -0.246231079101563 0.00108337402343747 0.169677734375
-0.10516357421875 -0.304473876953125 -0.0961074829101562 0.0719146728515625
-0.039215087890625 -0.36175537109375 -0.076385498046875 -0.175949096679688
0.030853271484375 -0.28485107421875 -0.152587890625 -0.163742065429688
-0.01904296875 -0.291900634765625 -0.145584106445313 -0.243270874023438
-0.1700439453125 -0.255020141601562 -0.1380615234375 -0.199234008789063
-0.195404052734375 -0.119979858398437 -0.128822326660156 -0.137161254882812
-0.208023071289062 -0.0368804931640625 -0.06622314453125 -0.0983963012695313
-0.179031372070313 0.0512237548828125 -0.00743103027343751 -0.0858993530273438
-0.139289855957031 0.101791381835938 0.019195556640625 -0.100090026855469
-0.146041870117188 0.107421875 0.0545730590820312 -0.0994644165039063
-0.1409912109375 0.11712646484375 0.116706848144531 -0.103706359863281
-0.164108276367188 0.0425567626953125 0.197784423828125 -0.06170654296875
-0.191619873046875 -0.0147552490234375 0.209304809570313 0.0265045166015625
-0.191970825195313 -0.0791015625 0.143508911132813 0.1207275390625
-0.146865844726563 -0.240982055664063 0.00451660156249999 0.134017944335937
-0.040496826171875 -0.285552978515625 -0.09857177734375 0.00668334960937497
0.036041259765625 -0.3060302734375 -0.0580291748046875 -0.271224975585938
0.0770721435546875 -0.161911010742188 -0.149093627929688 -0.2232666015625
0.0189361572265625 -0.189102172851563 -0.156829833984375 -0.263778686523437
-0.090179443359375 -0.162155151367187 -0.112991333007813 -0.199020385742187
-0.106071472167969 -0.071685791015625 -0.0937347412109375 -0.1513671875
-0.113319396972656 -0.0288009643554687 -0.029205322265625 -0.11407470703125
-0.107017517089844 0.0226669311523438 0.0260772705078125 -0.122344970703125
-0.089630126953125 0.0518569946289062 0.04486083984375 -0.1468505859375
-0.097320556640625 0.0626602172851563 0.0859756469726563 -0.135650634765625
-0.100845336914063 0.0713043212890625 0.160903930664062 -0.134429931640625
-0.111610412597656 0.0196685791015625 0.243988037109375 -0.0684051513671875
-0.129280090332031 -0.0198135375976563 0.235977172851562 0.03497314453125
-0.129287719726563 -0.0658035278320313 0.152877807617188 0.109817504882813
-0.0884552001953125 -0.190414428710938 0.0256195068359375 0.10101318359375
0.0123443603515625 -0.22247314453125 -0.0690765380859375 -0.0477790832519532
0.0943450927734375 -0.205307006835937 -0.01409912109375 -0.3370361328125
-0.0965728759765625 0.0615158081054688 0.01397705078125 0.346771240234375
-0.00658416748046875 0.105712890625 0.0409774780273438 0.100227355957031
0.061492919921875 0.080535888671875 -0.056915283203125 -0.0809860229492188
0.0727081298828125 0.00817108154296875 -0.165679931640625 -0.104537963867188
0.0528945922851563 -0.0119590759277344 -0.24554443359375 -0.057464599609375
0.0378570556640625 -0.0121536254882813 -0.2823486328125 0.072906494140625
0.0364265441894531 -0.00423049926757813 -0.181182861328125 0.176040649414062
0.0411911010742188 0.0020904541015625 -0.102798461914063 0.17034912109375
0.0400428771972656 0.0115165710449219 -0.0469207763671875 0.163726806640625
0.012664794921875 0.035858154296875 -0.0261993408203125 0.158721923828125
-0.000926971435546874 0.03924560546875 0.0327911376953125 0.1387939453125
0.000690460205078122 0.0414390563964844 0.0751800537109375 0.163436889648438
-0.0282402038574219 0.0589675903320313 0.076629638671875 0.219070434570313
-0.0743026733398438 0.0621795654296875 0.152191162109375 0.244216918945313
-0.12518310546875 0.04522705078125 0.138336181640625 0.237396240234375
-0.106483459472656 -0.0801849365234375 -0.0274658203125 0.334075927734375
-0.0201702117919922 -0.0114784240722656 0.00403594970703125 0.0908584594726563
0.00728225708007813 -0.0236606597900391 -0.0922622680664063 -0.0836105346679687
0.00997161865234374 -0.0546417236328125 -0.187225341796875 -0.0963439941406249
-0.0266532897949219 -0.0476837158203125 -0.249984741210938 -0.059234619140625
-0.0427055358886719 -0.00608825683593751 -0.28045654296875 0.0698852539062501
-0.0299758911132813 0.0406761169433594 -0.183334350585938 0.170639038085938
-0.0236053466796875 0.0579376220703125 -0.102813720703125 0.160995483398438
-0.013763427734375 0.0801239013671875 -0.04205322265625 0.156173706054687
-0.0544967651367188 0.0844345092773438 -0.011474609375 0.146163940429688
-0.0937118530273438 0.0695571899414063 0.0480270385742187 0.13037109375
-0.10772705078125 0.0383224487304688 0.086181640625 0.171249389648438
-0.129859924316406 -0.0258407592773438 0.05816650390625 0.222869873046875
-0.134841918945313 -0.0467529296875 0.116775512695313 0.231002807617188
-0.16790771484375 -0.0937957763671875 0.0968475341796875 0.206130981445313
-0.101547241210938 -0.213821411132813 -0.0631103515625 0.277313232421875
-0.033233642578125 -0.139183044433594 -0.0255279541015625 0.0460472106933594
-0.0598831176757813 -0.135002136230469 -0.122047424316406 -0.1064453125
-0.0668411254882813 -0.113075256347656 -0.206634521484375 -0.096893310546875
-0.113143920898438 -0.0738067626953125 -0.244918823242187 -0.0570831298828125
-0.122993469238281 0.00501251220703123 -0.253646850585938 0.062957763671875
-0.0937271118164062 0.082000732421875 -0.16131591796875 0.145217895507813
-0.0844345092773437 0.106986999511719 -0.0888900756835938 0.127777099609375
-0.0630416870117187 0.13720703125 -0.0278091430664063 0.1209716796875
-0.109947204589844 0.120315551757812 0.014404296875 0.107315063476563
-0.166427612304687 0.0931854248046875 0.0735702514648437 0.104393005371094
-0.192092895507813 0.03985595703125 0.1051025390625 0.168136596679688
-0.21368408203125 -0.0908660888671875 0.0445556640625 0.223068237304688
-0.18060302734375 -0.139419555664062 0.06536865234375 0.20855712890625
-0.188552856445313 -0.215255737304687 0.0421371459960937 0.138999938964844
-0.087249755859375 -0.3167724609375 -0.09173583984375 0.180389404296875
-0.0481719970703125 -0.253677368164063 -0.0522613525390625 -0.0247917175292969
-0.136032104492188 -0.2320556640625 -0.141708374023438 -0.138641357421875
-0.153305053710937 -0.153961181640625 -0.214370727539062 -0.101165771484375
-0.196258544921875 -0.08001708984375 -0.222579956054688 -0.055938720703125
-0.1881103515625 0.026611328125 -0.202255249023437 0.0455169677734375
-0.1422119140625 0.116653442382812 -0.121109008789063 0.0989151000976563
-0.131690979003906 0.14031982421875 -0.0623092651367188 0.0762863159179688
-0.104644775390625 0.171646118164063 -0.00545120239257813 0.0665664672851563
-0.151718139648438 0.132186889648437 0.04730224609375 0.0536994934082031
-0.213897705078125 0.095306396484375 0.103675842285156 0.0698089599609375
-0.244430541992188 0.02972412109375 0.1239013671875 0.154632568359375
-0.259963989257812 -0.145584106445313 0.0328216552734375 0.2154541015625
-0.196441650390625 -0.213211059570312 0.00476074218749999 0.177825927734375
-0.174957275390625 -0.30352783203125 -0.0153656005859375 0.0477981567382812
-0.060638427734375 -0.3662109375 -0.116294860839844 0.06005859375
-0.0592041015625 -0.325439453125 -0.0835189819335938 -0.106781005859375
-0.19573974609375 -0.29034423828125 -0.1514892578125 -0.16796875
-0.218734741210938 -0.167068481445313 -0.199264526367187 -0.110565185546875
-0.251266479492188 -0.067047119140625 -0.178558349609375 -0.0621185302734375
-0.22265625 0.0516357421875 -0.134201049804688 0.0108184814453125
-0.166046142578125 0.136077880859375 -0.071624755859375 0.0359268188476563
-0.158218383789063 0.152862548828125 -0.0259304046630859 0.0146903991699219
-0.132965087890625 0.177398681640625 0.0259532928466797 0.00354194641113282
-0.177032470703125 0.116806030273437 0.0884017944335937 -0.00160217285156249
-0.23516845703125 0.0699005126953125 0.136642456054687 0.0387802124023438
-0.259674072265625 -0.00262451171875003 0.13623046875 0.137550354003906
-0.259994506835937 -0.194992065429688 0.0205230712890625 0.196929931640625
-0.172012329101563 -0.266799926757813 -0.0510406494140625 0.134468078613281
-0.128936767578125 -0.3504638671875 -0.0607681274414063 -0.057464599609375
-0.02984619140625 -0.352783203125 -0.1375732421875 -0.0598526000976563
-0.056884765625 -0.334564208984375 -0.119033813476563 -0.180938720703125
-0.2127685546875 -0.291229248046875 -0.150222778320312 -0.184799194335938
-0.23565673828125 -0.148361206054688 -0.167633056640625 -0.119049072265625
-0.254974365234375 -0.0440826416015625 -0.121734619140625 -0.0760726928710938
-0.215667724609375 0.0655364990234375 -0.065338134765625 -0.0365676879882812
-0.16156005859375 0.133880615234375 -0.0240306854248047 -0.0351181030273437
-0.159454345703125 0.142730712890625 0.0131111145019531 -0.0473251342773437
-0.142593383789063 0.15850830078125 0.0668067932128906 -0.0566787719726563
-0.181854248046875 0.0836029052734375 0.137809753417969 -0.045135498046875
-0.226409912109375 0.0283203125 0.173126220703125 0.0193634033203125
-0.238662719726563 -0.04364013671875 0.143417358398437 0.1229248046875
-0.21771240234375 -0.227371215820313 0.0106201171875 0.168197631835937
-0.11614990234375 -0.291656494140625 -0.087982177734375 0.0773849487304687
-0.055938720703125 -0.349090576171875 -0.079986572265625 -0.16302490234375
0.014434814453125 -0.278472900390625 -0.151840209960938 -0.156951904296875
-0.03533935546875 -0.280868530273438 -0.149505615234375 -0.230789184570313
-0.178741455078125 -0.236541748046875 -0.139480590820312 -0.189285278320313
-0.19403076171875 -0.107269287109375 -0.128044128417969 -0.128677368164063
-0.203338623046875 -0.024749755859375 -0.0663528442382813 -0.094268798828125
-0.171096801757813 0.058746337890625 -0.0101165771484375 -0.0861053466796875
-0.131340026855469 0.105392456054688 0.0137557983398437 -0.100028991699219
-0.134796142578125 0.111122131347656 0.0498046875 -0.09942626953125
-0.129562377929688 0.119903564453125 0.11041259765625 -0.106002807617187
-0.158233642578125 0.0484466552734375 0.189361572265625 -0.0686187744140625
-0.186996459960937 -0.00579833984375002 0.207138061523438 0.016632080078125
-0.189041137695313 -0.06903076171875 0.148605346679688 0.111953735351563
-0.153518676757813 -0.225128173828125 0.0117263793945312 0.133255004882813
-0.05279541015625 -0.2744140625 -0.0934524536132813 0.01422119140625
0.019195556640625 -0.298583984375 -0.0670928955078125 -0.25592041015625
0.064727783203125 -0.160781860351563 -0.153076171875 -0.214981079101563
0.00688171386718751 -0.181533813476563 -0.161972045898437 -0.25115966796875
-0.09588623046875 -0.149688720703125 -0.116119384765625 -0.189971923828125
-0.104522705078125 -0.0640335083007812 -0.09686279296875 -0.143951416015625
-0.109901428222656 -0.0208282470703125 -0.03143310546875 -0.110816955566406
-0.102127075195312 0.0279083251953125 0.0203399658203125 -0.122764587402344
-0.0846023559570312 0.0535507202148438 0.0354461669921875 -0.146575927734375
-0.0897674560546875 0.0642013549804688 0.0774154663085938 -0.135337829589844
-0.0924072265625 0.0730361938476563 0.150100708007813 -0.137237548828125
-0.107223510742188 0.0237045288085938 0.232223510742187 -0.0771484375
-0.125480651855469 -0.014251708984375 0.233932495117188 0.0251007080078125
-0.126174926757813 -0.0588836669921875 0.155303955078125 0.100982666015625
-0.093658447265625 -0.1778564453125 0.029022216796875 0.100326538085937
0.000747680664062488 -0.213577270507813 -0.0689277648925781 -0.0392646789550781
0.079803466796875 -0.201492309570313 -0.027313232421875 -0.322509765625
-0.090240478515625 0.0607833862304688 0.028289794921875 0.339019775390625
-0.000877380371093753 0.101768493652344 0.0457763671875 0.0956878662109375
0.06268310546875 0.0745162963867188 -0.0590591430664062 -0.0803909301757813
0.0683250427246094 0.00457382202148438 -0.167877197265625 -0.100479125976562
0.0499000549316406 -0.0142478942871094 -0.24774169921875 -0.0490570068359375
0.0363693237304688 -0.0126609802246094 -0.279006958007813 0.08416748046875
0.0354804992675781 -0.00453948974609375 -0.172134399414063 0.180206298828125
0.0392036437988281 0.00135040283203125 -0.0937347412109375 0.171371459960938
0.039276123046875 0.0113677978515625 -0.039947509765625 0.16497802734375
0.0131874084472656 0.0367012023925781 -0.0185089111328125 0.161148071289062
-0.000526428222656251 0.0394401550292969 0.0382080078125 0.137641906738281
8.39233398437504E-05 0.0397262573242188 0.080352783203125 0.160720825195313
-0.0265655517578125 0.0572128295898438 0.083465576171875 0.216445922851563
-0.0695762634277344 0.06304931640625 0.158843994140625 0.2374267578125
-0.118118286132812 0.0483169555664063 0.144866943359375 0.233718872070313
-0.106491088867188 -0.0787582397460937 -0.012908935546875 0.3270263671875
-0.0198230743408203 -0.0145301818847656 0.00970458984375 0.0868148803710938
0.00462532043457031 -0.0265903472900391 -0.093231201171875 -0.0812911987304687
0.00400543212890625 -0.0555915832519531 -0.187713623046875 -0.091339111328125
-0.0311660766601562 -0.0465888977050781 -0.252426147460938 -0.0501708984375
-0.0444984436035156 -0.00354003906249999 -0.275970458984375 0.0803375244140625
-0.0298652648925781 0.0428314208984375 -0.173553466796875 0.17449951171875
-0.0222702026367188 0.0597572326660156 -0.0933990478515625 0.161697387695312
-0.0112991333007812 0.0811767578125 -0.0336761474609375 0.156723022460937
-0.05206298828125 0.0865859985351563 -0.00361633300781249 0.1475830078125
-0.091766357421875 0.0730972290039063 0.0534439086914063 0.128791809082031
-0.107681274414063 0.0402984619140625 0.09283447265625 0.167984008789062
-0.130180358886719 -0.022064208984375 0.0665435791015625 0.221343994140625
-0.1341552734375 -0.043670654296875 0.124969482421875 0.224655151367188
-0.166580200195313 -0.0883636474609375 0.103439331054687 0.204696655273438
-0.107513427734375 -0.211700439453125 -0.048675537109375 0.271133422851563
-0.0377273559570312 -0.139785766601563 -0.0204544067382813 0.0435409545898438
-0.0662612915039063 -0.133697509765625 -0.121986389160156 -0.10296630859375
-0.0729217529296875 -0.111190795898438 -0.20648193359375 -0.0907440185546875
-0.117637634277344 -0.0694732666015625 -0.246490478515625 -0.0487060546875
-0.123863220214844 0.0109710693359375 -0.248550415039063 0.0713348388671875
-0.0912017822265625 0.08642578125 -0.153488159179688 0.148651123046875
-0.0797958374023438 0.111099243164062 -0.0804290771484375 0.128303527832031
-0.0575637817382813 0.139732360839844 -0.0202407836914063 0.120826721191406
-0.105400085449219 0.124160766601563 0.0201492309570312 0.107627868652344
-0.1622314453125 0.100082397460937 0.0786209106445312 0.10260009765625
-0.190628051757813 0.0458831787109375 0.112747192382812 0.163055419921875
-0.216156005859375 -0.08270263671875 0.0550689697265625 0.222869873046875
-0.18328857421875 -0.133926391601562 0.0730743408203125 0.205673217773437
-0.19232177734375 -0.207183837890625 0.0478057861328125 0.1397705078125
-0.097900390625 -0.313201904296875 -0.080352783203125 0.175765991210937
-0.0583648681640625 -0.2513427734375 -0.048736572265625 -0.02569580078125
-0.1451416015625 -0.225860595703125 -0.142044067382812 -0.13397216796875
-0.15899658203125 -0.148880004882813 -0.212753295898438 -0.0947723388671875
-0.199905395507813 -0.071929931640625 -0.22265625 -0.04901123046875
-0.187301635742187 0.0345001220703125 -0.197357177734375 0.05108642578125
-0.137527465820313 0.122871398925781 -0.115287780761719 0.100944519042969
-0.125 0.145401000976563 -0.0558624267578125 0.0767974853515625
-0.09698486328125 0.174560546875 0.000354766845703115 0.0656547546386719
-0.146865844726563 0.136810302734375 0.0502395629882812 0.0525245666503906
-0.209442138671875 0.103500366210938 0.107887268066406 0.066436767578125
-0.242233276367187 0.0375823974609375 0.1317138671875 0.148056030273437
-0.263931274414063 -0.134292602539063 0.0435791015625 0.215591430664062
-0.201995849609375 -0.205657958984375 0.013641357421875 0.177093505859375
-0.184661865234375 -0.294586181640625 -0.0118827819824219 0.05120849609375
-0.07574462890625 -0.36224365234375 -0.109199523925781 0.05718994140625
-0.0718994140625 -0.321380615234375 -0.0824050903320312 -0.10565185546875
-0.20697021484375 -0.279281616210938 -0.151763916015625 -0.162521362304688
-0.223312377929688 -0.158416748046875 -0.197494506835937 -0.103607177734375
-0.252517700195313 -0.0561981201171875 -0.178497314453125 -0.057403564453125
-0.219696044921875 0.0597686767578125 -0.131660461425781 0.0127410888671875
-0.160186767578125 0.142868041992188 -0.0692329406738282 0.0363960266113281
-0.150787353515625 0.15887451171875 -0.0227069854736328 0.0144062042236328
-0.1243896484375 0.1815185546875 0.0288829803466797 0.00236511230468751
-0.172775268554688 0.123641967773438 0.0886001586914062 -0.00433349609374999
-0.231414794921875 0.0789184570312499 0.139495849609375 0.0341873168945313
-0.257980346679688 0.00637817382812496 0.143798828125 0.131439208984375
-0.265701293945313 -0.18243408203125 0.030853271484375 0.197769165039062
-0.180953979492187 -0.259521484375 -0.0430679321289063 0.137046813964844
-0.141571044921875 -0.342498779296875 -0.0605125427246094 -0.0505790710449219
-0.044525146484375 -0.349700927734375 -0.135459899902344 -0.0603103637695313
-0.07110595703125 -0.32928466796875 -0.121002197265625 -0.177871704101563
-0.22357177734375 -0.277984619140625 -0.151885986328125 -0.179092407226563
-0.238815307617187 -0.13909912109375 -0.166366577148438 -0.112442016601563
-0.254867553710938 -0.0325927734375 -0.121368408203125 -0.0728759765625
-0.211929321289063 0.073944091796875 -0.06475830078125 -0.0370674133300781
-0.155197143554688 0.140045166015625 -0.0251197814941406 -0.0352058410644531
-0.151214599609375 0.148681640625 0.013031005859375 -0.0478363037109375
-0.134246826171875 0.162155151367188 0.0662345886230469 -0.0589981079101562
-0.178482055664063 0.08953857421875 0.135635375976563 -0.0491180419921875
-0.223602294921875 0.0372161865234375 0.174575805664062 0.01275634765625
-0.238449096679688 -0.0355682373046875 0.150238037109375 0.116180419921875
-0.22479248046875 -0.21636962890625 0.0193328857421875 0.170272827148438
-0.127166748046875 -0.28485107421875 -0.081634521484375 0.0820541381835938
-0.069915771484375 -0.34429931640625 -0.0835418701171875 -0.154739379882813
0.000961303710937488 -0.276535034179688 -0.154327392578125 -0.154953002929688
-0.0477447509765625 -0.275222778320313 -0.152725219726562 -0.225479125976563
-0.186721801757813 -0.224349975585938 -0.14154052734375 -0.183242797851563
-0.195510864257812 -0.0991058349609375 -0.129043579101562 -0.124420166015625
-0.201156616210938 -0.015045166015625 -0.0675201416015625 -0.0926284790039062
-0.166702270507813 0.0655517578125 -0.0119400024414063 -0.0884857177734375
-0.125869750976563 0.109794616699219 0.00899505615234374 -0.100921630859375
-0.128242492675781 0.114814758300781 0.047027587890625 -0.100212097167969
-0.122390747070313 0.122589111328125 0.106513977050781 -0.108970642089844
-0.155670166015625 0.053009033203125 0.185211181640625 -0.07513427734375
-0.185592651367188 0.000656127929687469 0.208755493164063 0.009002685546875
-0.188796997070313 -0.0626678466796875 0.154464721679687 0.105270385742188
-0.160064697265625 -0.21539306640625 0.0179901123046875 0.135467529296875
-0.0634918212890625 -0.268997192382813 -0.0901718139648437 0.0208511352539062
0.00604248046875002 -0.296112060546875 -0.074615478515625 -0.247451782226563
0.055023193359375 -0.160858154296875 -0.158035278320313 -0.211654663085938
-0.0023193359375 -0.177230834960938 -0.166900634765625 -0.244888305664063
-0.100860595703125 -0.140975952148438 -0.118927001953125 -0.185775756835938
-0.104576110839844 -0.0584945678710938 -0.0992050170898438 -0.139938354492188
-0.108100891113281 -0.0146865844726562 -0.0336227416992188 -0.109756469726563
-0.0983352661132813 0.0320587158203125 0.0157089233398438 -0.125511169433594
-0.0815582275390625 0.0560226440429688 0.0281219482421875 -0.14776611328125
-0.08477783203125 0.0661849975585938 0.0724334716796875 -0.136520385742187
-0.08740234375 0.0736770629882812 0.1444091796875 -0.141250610351563
-0.105049133300781 0.0261383056640625 0.227645874023438 -0.0842132568359375
-0.123779296875 -0.0100936889648437 0.235000610351563 0.0160675048828125
-0.124710083007812 -0.0545578002929688 0.160491943359375 0.09576416015625
-0.0987548828125 -0.169509887695313 0.033203125 0.101806640625
-0.00785827636718749 -0.208816528320313 -0.068084716796875 -0.0331878662109375
0.0694122314453125 -0.201339721679688 -0.037933349609375 -0.3134765625
-0.085479736328125 0.0625839233398437 0.045257568359375 0.335906982421875
0.00451660156250001 0.0987319946289063 0.05230712890625 0.0919036865234375
0.0653076171875 0.0691108703613281 -0.0633468627929688 -0.08074951171875
0.0655632019042969 0.00157928466796875 -0.17462158203125 -0.0947418212890625
0.04742431640625 -0.0167160034179688 -0.254852294921875 -0.0369873046875
0.0353164672851563 -0.0140266418457031 -0.277999877929688 0.0997161865234375
0.0343208312988281 -0.00504112243652344 -0.16357421875 0.1890869140625
0.0390510559082031 -1.1444091796875E-05 -0.085479736328125 0.175689697265625
0.0388336181640625 0.010284423828125 -0.031158447265625 0.169174194335937
0.01409912109375 0.0376815795898438 -0.0090179443359375 0.165237426757813
0.000244140625 0.0402984619140625 0.0449676513671875 0.13787841796875
-0.000137329101562504 0.0388908386230469 0.0887451171875 0.159393310546875
-0.0243949890136719 0.0568695068359375 0.093719482421875 0.215240478515625
-0.0663375854492187 0.0647392272949219 0.170745849609375 0.231170654296875
-0.113151550292969 0.052398681640625 0.156051635742188 0.232040405273438
-0.108901977539063 -0.0780868530273437 0.00442504882812502 0.3243408203125
-0.0198135375976563 -0.0170669555664062 0.0159378051757813 0.0843048095703125
0.00132560729980469 -0.0297260284423828 -0.0960617065429687 -0.0794219970703125
-0.00171279907226562 -0.0570869445800781 -0.192092895507813 -0.085113525390625
-0.0362586975097656 -0.0456886291503906 -0.258636474609375 -0.0395507812499999
-0.0466041564941406 -0.00060653686523437 -0.2747802734375 0.0948486328125
-0.0288734436035156 0.0461502075195313 -0.165420532226563 0.1827392578125
-0.0197525024414063 0.0631637573242188 -0.084808349609375 0.16558837890625
-0.00818634033203124 0.0839385986328125 -0.02423095703125 0.1595458984375
-0.0492401123046875 0.0907974243164062 0.00546264648437498 0.150405883789063
-0.08990478515625 0.0785751342773438 0.0609970092773438 0.128196716308594
-0.108253479003906 0.0456161499023438 0.102096557617188 0.165298461914062
-0.132987976074219 -0.0166549682617188 0.0788116455078125 0.222579956054688
-0.136459350585938 -0.039337158203125 0.136688232421875 0.221206665039062
-0.1693115234375 -0.0830078125 0.1143798828125 0.204452514648438
-0.117263793945313 -0.211410522460937 -0.033935546875 0.268951416015625
-0.045074462890625 -0.141799926757813 -0.0154037475585938 0.0418014526367187
-0.0758819580078125 -0.133583068847656 -0.125160217285156 -0.0992279052734375
-0.0821380615234375 -0.110481262207031 -0.210311889648438 -0.083465576171875
-0.124900817871094 -0.06365966796875 -0.25115966796875 -0.0383453369140625
-0.126693725585938 0.0181198120117188 -0.2464599609375 0.0831146240234375
-0.0888595581054688 0.0936431884765625 -0.14630126953125 0.154922485351563
-0.0755462646484375 0.117073059082031 -0.0720291137695313 0.131584167480469
-0.051513671875 0.14471435546875 -0.0115203857421875 0.122444152832031
-0.10162353515625 0.1312255859375 0.027862548828125 0.108932495117188
-0.159149169921875 0.109405517578125 0.08660888671875 0.100318908691406
-0.192169189453125 0.0549774169921875 0.122909545898437 0.158676147460938
-0.222808837890625 -0.0730743408203125 0.06854248046875 0.22418212890625
-0.19073486328125 -0.127960205078125 0.085235595703125 0.20391845703125
-0.202163696289062 -0.2012939453125 0.0558013916015625 0.14227294921875
-0.114044189453125 -0.31268310546875 -0.069244384765625 0.173797607421875
-0.0716094970703125 -0.251922607421875 -0.0465621948242188 -0.0271644592285156
-0.159683227539063 -0.221038818359375 -0.145828247070313 -0.129653930664062
-0.16973876953125 -0.144134521484375 -0.21551513671875 -0.0876922607421875
-0.206634521484375 -0.061431884765625 -0.226593017578125 -0.0398712158203125
-0.18902587890625 0.044830322265625 -0.195693969726563 0.0592193603515625
-0.133384704589844 0.132606506347656 -0.110679626464844 0.105766296386719
-0.118408203125 0.154220581054688 -0.0502853393554688 0.0774917602539063
-0.0882110595703125 0.182052612304687 0.00648117065429688 0.0654067993164063
-0.142593383789062 0.146499633789063 0.0554237365722656 0.0514106750488281
-0.206161499023438 0.115921020507812 0.113983154296875 0.0624465942382813
-0.244369506835938 0.0495147705078125 0.142745971679687 0.142837524414062
-0.273605346679687 -0.121994018554688 0.056640625 0.217636108398438
-0.213882446289063 -0.198944091796875 0.024566650390625 0.179092407226563
-0.198577880859375 -0.289459228515625 -0.00828552246093751 0.05621337890625
-0.095733642578125 -0.363128662109375 -0.104011535644531 0.0562820434570312
-0.089324951171875 -0.3204345703125 -0.0841217041015625 -0.10589599609375
-0.223861694335938 -0.269561767578125 -0.155502319335938 -0.157745361328125
-0.233322143554688 -0.150741577148438 -0.200286865234375 -0.096923828125
-0.258758544921875 -0.042938232421875 -0.181503295898438 -0.0506591796875
-0.219635009765625 0.071533203125 -0.130928039550781 0.01666259765625
-0.154708862304687 0.153396606445313 -0.0675468444824219 0.0387039184570313
-0.1424560546875 0.168411254882812 -0.0201702117919922 0.0134525299072266
-0.115325927734375 0.189682006835938 0.0317573547363281 -0.000425338745117176
-0.169113159179688 0.13372802734375 0.0909805297851562 -0.00762939453124999
-0.229415893554688 0.0918731689453125 0.144805908203125 0.02764892578125
-0.261154174804688 0.018035888671875 0.154190063476562 0.123931884765625
-0.277267456054687 -0.169662475585938 0.043670654296875 0.201446533203125
-0.195571899414063 -0.254165649414063 -0.0338897705078125 0.14154052734375
-0.159271240234375 -0.338958740234375 -0.0617637634277344 -0.0439262390136719
-0.064422607421875 -0.349609375 -0.136100769042969 -0.0598831176757813
-0.08966064453125 -0.326141357421875 -0.126388549804688 -0.176376342773438
-0.239669799804687 -0.266326904296875 -0.15716552734375 -0.175323486328125
-0.246826171875 -0.129318237304688 -0.169158935546875 -0.107498168945313
-0.257720947265625 -0.018341064453125 -0.124702453613281 -0.0688247680664062
-0.209747314453125 0.085174560546875 -0.0660629272460938 -0.037353515625
-0.149139404296875 0.150253295898438 -0.0274162292480469 -0.0358009338378906
-0.143264770507813 0.157974243164063 0.0125770568847656 -0.04974365234375
-0.125961303710938 0.169296264648437 0.065399169921875 -0.0630264282226562
-0.176605224609375 0.098846435546875 0.135444641113281 -0.055328369140625
-0.223785400390625 0.0489654541015625 0.178939819335937 0.0041351318359375
-0.242691040039063 -0.0257720947265625 0.159927368164063 0.109268188476563
-0.23785400390625 -0.205474853515625 0.0308380126953125 0.17376708984375
-0.14312744140625 -0.280105590820313 -0.0754776000976563 0.0888671875
-0.08880615234375 -0.34381103515625 -0.08966064453125 -0.148300170898438
-0.0151824951171875 -0.277572631835938 -0.160171508789062 -0.1539306640625
-0.06378173828125 -0.271575927734375 -0.161834716796875 -0.222686767578125
-0.198837280273438 -0.21343994140625 -0.148330688476562 -0.1805419921875
-0.200836181640625 -0.0905609130859375 -0.133056640625 -0.121017456054687
-0.201766967773437 -0.003631591796875 -0.071685791015625 -0.091796875
-0.162948608398438 0.0747833251953125 -0.0162277221679688 -0.0920181274414063
-0.12115478515625 0.118049621582031 0.00337982177734373 -0.103347778320313
-0.121925354003906 0.122955322265625 0.0436019897460937 -0.104225158691406
-0.116020202636719 0.128555297851562 0.103446960449219 -0.115066528320313
-0.15576171875 0.061004638671875 0.183456420898437 -0.083892822265625
-0.186782836914062 0.00926208496093752 0.212936401367188 -0.0020904541015625
-0.1929931640625 -0.0555572509765625 0.163253784179688 0.098052978515625
-0.17169189453125 -0.206893920898438 0.0268173217773438 0.138595581054688
-0.0776824951171875 -0.266067504882813 -0.0873336791992188 0.0281219482421875
-0.010223388671875 -0.29742431640625 -0.0851593017578125 -0.241455078125
0.045379638671875 -0.162796020507813 -0.167587280273438 -0.209716796875
-0.0125274658203125 -0.175460815429688 -0.177978515625 -0.240264892578125
-0.108436584472656 -0.133415222167969 -0.126312255859375 -0.183547973632813
-0.1065673828125 -0.0536346435546875 -0.104629516601562 -0.137680053710938
-0.107650756835938 -0.00796508789062501 -0.0383834838867188 -0.110931396484375
-0.0956878662109375 0.0374679565429687 0.00937652587890624 -0.131019592285156
-0.0794525146484375 0.0606002807617188 0.0194549560546875 -0.150711059570312
-0.0806655883789063 0.07012939453125 0.066375732421875 -0.140777587890625
-0.08282470703125 0.0769500732421875 0.138839721679688 -0.148590087890625
-0.104713439941406 0.0306015014648437 0.225418090820313 -0.096099853515625
-0.124526977539063 -0.00499725341796873 0.239593505859375 0.0042266845703125
-0.127601623535156 -0.0505142211914062 0.16802978515625 0.089202880859375
-0.106048583984375 -0.163619995117188 0.0395736694335938 0.104354858398437
-0.018585205078125 -0.207077026367187 -0.0682525634765625 -0.0269660949707031
0.0579833984375 -0.204803466796875 -0.0517578125 -0.310455322265625
0.0808546919668632 -0.00262322180728975 -0.251838485458556 0.217721477622727
0.064376865775018 -0.0737921159351834 -0.070448651794679 0.0853567821199199
0.0239912824471168 -0.087112242287126 0.0182381237670411 -0.0969230018758818
-0.0279843699826642 -0.0477977036988498 -0.0141003286003157 -0.190201370427705
-0.0196634925084436 -0.0194426229702434 -0.115153591835829 -0.246824358325553
-0.00218737833029796 -0.0235698859011014 -0.221223271780578 -0.191084564747128
-0.0127112726504335 -0.0381944700228926 -0.240559926856837 -0.0774933543875449
-0.0203140377617932 -0.0395396107837577 -0.209593046399626 0.0112524764136486
-0.00799149056057083 -0.049783019022159 -0.173197875593819 0.0500019538630884
0.0178503987562161 -0.0453209125568161 -0.148377454031744 0.0732111258073331
0.0282900752469324 -0.0348300021343174 -0.107302926571713 0.108602958325179
0.0286932689618275 -0.0318860698357331 -0.10371467712179 0.158712237189171
0.0517591402872387 -0.0404385968148885 -0.123701482628409 0.193903844941465
0.0775050100903952 -0.00362826023197995 -0.106073594491087 0.253842898595199
0.0851730296946232 0.0476870307198157 -0.0688168894398268 0.253680053580271
-0.0119289830931726 0.0932712084131582 -0.244990183522743 0.185874935790488
-0.00723940477633785 0.0224937532219416 -0.0595559966247721 0.0584222011551169
-0.0139791864445243 0.024973901953155 0.0287465539574022 -0.130055793830807
-0.0273503518726744 0.0501942823039002 -0.0089001330666664 -0.210804426098534
0.0234462968509344 0.060997940773024 -0.10885919142935 -0.26301102982603
0.061113388286989 0.0293977528535681 -0.210799473438513 -0.203262274463649
0.0675424139937614 -0.011248982671575 -0.232707249262523 -0.0942693894666691
0.0622238742151776 -0.0395363832394359 -0.201763789626824 -0.00145902590256631
0.0815255291322598 -0.0543951363164403 -0.163035146381478 0.0419871644730855
0.100473585984325 -0.031473235136404 -0.126000569020779 0.0667791237225299
0.117744188327082 0.00218399786678213 -0.0850756552391207 0.106043532110624
0.102409261407242 0.0543578277823124 -0.0884879172227603 0.162640680500799
0.0853540416324606 0.0830473349477987 -0.124105303672241 0.184196177420832
0.0452738437563637 0.112723854107705 -0.101406672946182 0.228082377405394
0.0142139423747795 0.160940284143589 -0.066900818083629 0.219885294031388
-0.105963745519393 0.179449663974796 -0.201839011553141 0.130857444824767
-0.0843351562184438 0.127123831323101 -0.0128843004812447 0.0191968645395392
-0.0480569695616329 0.151465796371073 0.0633010260452326 -0.173412611084876
-0.0129268945479556 0.156261282541651 0.00586684201358217 -0.238993093750807
0.0762546026344615 0.137036297129599 -0.0991553966270723 -0.268964104005852
0.123674957180977 0.0772919121799834 -0.18386148534159 -0.197052004643006
0.140911143735367 0.0156480955750961 -0.197349848236693 -0.0979933293101656
0.136154080131101 -0.0346484732974131 -0.165147633898689 -0.0137176511648112
0.156997653197036 -0.0532006128814605 -0.123875880464955 0.0280324204802691
0.165305530522894 -0.0155554625612443 -0.0775837397025129 0.0554853410085864
0.187463439912758 0.0316406845676307 -0.041800493927116 0.104691201105584
0.162518592698407 0.118127800374833 -0.061044605341136 0.168793424008243
0.11648302675245 0.180985495363235 -0.120980382164929 0.175062391236366
0.0173865011987185 0.207928667436604 -0.103143076800026 0.182313456040372
-0.0535543235739242 0.249456062411911 -0.0517307267888104 0.151090108180643
-0.180629961760934 0.243494773502478 -0.129623147499263 0.0537355968104013
-0.14868291322924 0.226973331177785 0.0554392603784132 -0.0353348179999848
-0.064655020739798 0.2738210923002 0.108604133762729 -0.218786344319719
0.0231643644276161 0.253603979898855 0.0256388122067825 -0.264076962507393
0.137147928819616 0.193184769718893 -0.0813952191795848 -0.259972388307453
0.178605515496242 0.108373243413344 -0.137545223919266 -0.175218490595691
0.197587830088251 0.0360726703302133 -0.135893895071773 -0.0941240889891972
0.189394579877206 -0.025514159609081 -0.105405425290432 -0.0246979509787301
0.20744017289033 -0.0410597377296982 -0.0630268627251082 0.0137044672093617
0.203447844521873 0.00981064878385695 -0.0128398953033229 0.0444663729451589
0.222844623531186 0.0616653339078818 0.0120013379046106 0.10539287859645
0.190229405870628 0.166009734450907 -0.0283743588614728 0.173158784769172
0.123673248799753 0.250646372785734 -0.114220943678372 0.162065504113189
-0.0172967911356456 0.269812655597299 -0.107803913161944 0.124735868055418
-0.117169176969768 0.296436776139257 -0.0267329002212329 0.0599644815526487
-0.222844565427981 0.268551300287122 -0.0461842892469385 -0.0378948607738064
-0.182998546048726 0.291805315649286 0.121748383216394 -0.106125550536349
-0.0622709856011571 0.357141614464733 0.146495571620488 -0.253368038734693
0.0634640162741556 0.311833922873819 0.051139089226949 -0.27119927653308
0.183639008993316 0.216039281106547 -0.0462616055403549 -0.233064077190799
0.210493570004716 0.116597336290783 -0.0708953178180973 -0.14472308895923
0.225294712031469 0.0463083118725481 -0.0569371401157247 -0.0842403541909302
0.213608707272576 -0.0130528142125056 -0.0297056233444017 -0.0308285332821138
0.226208839247641 -0.019187164462005 0.00967234924909574 0.0048947954658916
0.21178672705028 0.0428137306421676 0.0587996746510381 0.0426377909932387
0.220536031603821 0.0965793071450893 0.0652176218684761 0.116189574251763
0.173563653087647 0.20096128419294 0.000116736828137475 0.17531721249503
0.0963017786557929 0.288572626981727 -0.104965964823745 0.144920942895997
-0.0635465525097987 0.291410098900348 -0.105300268317482 0.0626652795744358
-0.171596530966679 0.296602292125109 0.0115703421571045 -0.0352592210913294
-0.22294769835471 0.249280300992011 0.0275788017049246 -0.129358810113797
-0.180797657633368 0.300699078408941 0.1650307889104 -0.181170333628937
-0.0481381907850843 0.368566040048727 0.162379381740721 -0.26874547472274
0.0874148786283973 0.307618843942408 0.0719705131653572 -0.254815473408224
0.19444381851126 0.198347863689347 0.000933115364537114 -0.192085902660196
0.20596280681443 0.104881986039032 0.00475364023409727 -0.11322917263352
0.216231552428126 0.0479600248969925 0.0270103134306232 -0.0738364344863629
0.204175768242287 -0.000653413254973457 0.0471194088629677 -0.0318770454771199
0.212436819021562 0.00620105050924792 0.0846838685426799 0.00876775766043911
0.188138383756021 0.0747971448223693 0.124768457100926 0.0587770773756121
0.182530578771274 0.12423579565962 0.107846780798933 0.139882529854222
0.124616943059053 0.214438034561443 0.0192072929351696 0.180119758262991
0.0445068592126263 0.290102924446016 -0.0906653251156694 0.124414998516059
-0.112844342389273 0.271780215697831 -0.0862529062435121 0.00601328666814604
-0.207945803575721 0.250261256209422 0.0642925216474638 -0.118916529034157
-0.18729621014307 0.180578552822564 0.0774503888530692 -0.20465730764562
-0.149552537454688 0.247115761323068 0.176279031527148 -0.240948918968166
-0.0303739693497918 0.302717936165684 0.155259861889217 -0.260745788751436
0.0830705013720141 0.24163856548259 0.0872392124674746 -0.222138534718526
0.157487451865308 0.151287977591239 0.0495921332122845 -0.148715781016255
0.161671969951045 0.0816716082591738 0.0747176197271941 -0.087628581359431
0.169817072632349 0.0458789431294836 0.100680405975419 -0.0646274838153444
0.163333874674292 0.0115041220880991 0.115621325355393 -0.0265492661127921
0.167944451177711 0.0256489787957359 0.150335543102707 0.0239940773601634
0.141874183954818 0.0865671632480197 0.173915300651048 0.08992971868639
0.126644338119864 0.125551329531821 0.131450780887135 0.175606162286993
0.066789813622712 0.192564109363101 0.0275772927454007 0.186113767011124
-0.00556593526136379 0.250815225187656 -0.0697512271200246 0.106051525205703
-0.141626522464816 0.217304669760632 -0.0481707731971031 -0.0337179329831864
-0.211488778514637 0.1715405769663 0.128636755406859 -0.177354193812646
-0.12759725399862 0.0755554445520004 0.0983339922913378 -0.246173605449121
-0.104740829711236 0.143642032167754 0.161749026666444 -0.269485831196672
-0.0232916761561756 0.18056700605415 0.142350976179182 -0.230776332539428
0.0436948448112897 0.136840965132598 0.0948082594279319 -0.186691201166649
0.0809286778017848 0.090735120543316 0.0841389086833629 -0.116716868066737
0.0864469853603239 0.058502111403971 0.121467617220506 -0.0710456734757906
0.0952153876192365 0.0434160949408173 0.151571220764957 -0.0561900277657085
0.0978556791709947 0.0206657686731912 0.164262694677124 -0.0176288959009224
0.101092819293742 0.0304390975268775 0.197164076699733 0.0486088163037158
0.0826182078645838 0.0689035192276537 0.200471106563021 0.127333281432229
0.071057545691054 0.0911495170199923 0.134364680642266 0.210079816865526
0.0280100440759168 0.134051180258083 0.0276586584977817 0.192052797238237
-0.0281143822659282 0.177671988246132 -0.043507981869385 0.0978318946792451
-0.134373968713928 0.140555064372795 -0.00188695692275075 -0.049249507035093
-0.176962712669839 0.0763038368542184 0.192046626028737 -0.204430862620054
0.0773280819357047 -0.00827854400659155 -0.227700984113511 0.234903539264536
0.0555571644954524 -0.075380015396569 -0.0595764354488376 0.0901710251183694
0.0165642098066605 -0.0852302539597024 0.0124496976820889 -0.0992782265022197
-0.0287380159265127 -0.0432100345738002 -0.0279137764714051 -0.190248423284713
-0.0187212276989048 -0.0161236959916661 -0.136426154419797 -0.236279805835398
-0.00239570185997393 -0.023374906739246 -0.236414661236589 -0.171410879871377
-0.0146757713565042 -0.0371699904391648 -0.243932341888099 -0.0574185211255195
-0.0222497947743465 -0.0370930534986924 -0.204747769799426 0.0275399346699186
-0.0114683410080254 -0.0488896143536348 -0.167815404064673 0.0644492130640734
0.0148170128054607 -0.0473303443472044 -0.141428307237718 0.087316099038253
0.0262182315292433 -0.036728466844352 -0.0984349134668809 0.11669864886905
0.0271873793214186 -0.0319447251432663 -0.0908362817017745 0.166832733772637
0.0477642870513 -0.0426495817597968 -0.107972004667096 0.202676067106811
0.0742805478200519 -0.00918666452824891 -0.0858899515320092 0.25899761613265
0.0851222051555846 0.0391038815085415 -0.0508574026084853 0.259521844590258
-0.00618014496974344 0.0951969871005566 -0.223084219499842 0.201524209845486
-0.00808339152000321 0.0255856739345507 -0.0499961069862793 0.0631211614380581
-0.0120274751948841 0.0287278721837437 0.0207238421944022 -0.131356032704379
-0.0207534377415316 0.0549833975923388 -0.022560063419157 -0.209836472669809
0.0312529078536986 0.0607493208654926 -0.12979437867674 -0.252980955115037
0.0645246185697046 0.0245118674899065 -0.226177469827437 -0.184346694365842
0.0674772915005285 -0.017234514102784 -0.23700419130079 -0.0743112763148707
0.0592508737017965 -0.0444416458554342 -0.197513795450114 0.0146555567701722
0.0766923400220524 -0.0616555684572626 -0.156806077822369 0.0566526798062632
0.0974949206380551 -0.0398788748458201 -0.119675931116327 0.0790339674931356
0.117673579184838 -0.00723109653317351 -0.0764768907570724 0.112610960438994
0.107294243333842 0.0469073140134843 -0.0742344143786561 0.169226899943852
0.0914529198308626 0.0758732940321329 -0.109264200904493 0.195178106888371
0.0523370904764727 0.109307532193508 -0.0830512930554863 0.23383605434277
0.0246093880921419 0.157544134857143 -0.0513295194450888 0.225793694411313
-0.0923386033609036 0.188112740138324 -0.182514310680222 0.14346851992065
-0.0758689260788931 0.13571956128771 -0.00659806232833736 0.0205455471630284
-0.0346540389179782 0.156044712461876 0.0518494704947009 -0.177038380834551
0.00150676290420433 0.159537637160581 -0.0101817785304861 -0.237707548006745
0.0894031763263791 0.131399485616129 -0.12063127058617 -0.259210188382293
0.131165667610147 0.0676319158186273 -0.19789293979073 -0.180620010144689
0.142847868592587 0.0034708715159109 -0.202341200136774 -0.0812354734939123
0.132144719166752 -0.046126912427796 -0.161485346356525 -0.000658863871477246
0.151165141673939 -0.066784289595627 -0.118668232878828 0.0396043708410098
0.163544371923778 -0.0292219851490359 -0.0723897994889896 0.0641520766498327
0.188890910868821 0.0149347093207203 -0.0328869768767615 0.109010020398363
0.172254892267223 0.105744021289124 -0.0456116681817909 0.172709018593046
0.130646268986685 0.170161640091874 -0.105930600492695 0.186636200703126
0.0321677637397074 0.206569985234171 -0.0875382079641997 0.189984324596225
-0.034652507436898 0.251300787739196 -0.0408255335425013 0.157351937456565
-0.161043888230601 0.257850593569637 -0.117351082036391 0.061361880994871
-0.130229793155712 0.238649531949969 0.0575055719327019 -0.0394076597961421
-0.0407685951208367 0.278056398846965 0.0934439856472777 -0.223766706840148
0.0436030397667484 0.252857719645112 0.00833061103229782 -0.262857592609378
0.153541557598098 0.181285188492948 -0.101321075464189 -0.251170305566357
0.187746859631562 0.0933873358743318 -0.148640492066871 -0.162939506707278
0.200397636107643 0.0187614530920155 -0.141126448316597 -0.0813303500568089
0.185607600024974 -0.0419907099162821 -0.103224161243685 -0.0156957772607175
0.202408616959197 -0.0585341337421111 -0.0592888964511106 0.0196506094552589
0.204589454845263 -0.0068681485230692 -0.00871680819082641 0.0472234707455307
0.22649470451791 0.0424763999814116 0.0214631209852982 0.105851268565759
0.203718766422487 0.150655885579973 -0.0124564439724568 0.173845457694216
0.143660160321273 0.238145281989542 -0.0999732323944371 0.174140779486725
0.00376517408722197 0.270467277771259 -0.0959924430141172 0.134357572207355
-0.0939247579364308 0.30415776121928 -0.0229765035294147 0.0659717196518601
-0.198824234723523 0.287456458708735 -0.042776765924093 -0.0358815509613525
-0.156917253265333 0.305018207526658 0.116421431816097 -0.114577620645475
-0.0309806122368241 0.359437495659708 0.128158899682092 -0.261274637815041
0.087655641043588 0.306634469836222 0.0330528760138207 -0.27104001380204
0.200513156042804 0.19855360149702 -0.0635091476071244 -0.22726267089022
0.219682403657651 0.098857940760911 -0.0797766478452751 -0.1391133559488
0.228171669220414 0.0258720726748178 -0.0621637422481374 -0.0788633236595257
0.210499691427142 -0.0321468441097036 -0.029636543194781 -0.0281827665489471
0.222474394748245 -0.0385617033456392 0.011681926224105 0.00500252253257899
0.215015839284108 0.0257295130653048 0.0624914379503677 0.0389370090267062
0.226669792382901 0.0769845939362363 0.0755409999618279 0.111414353982316
0.189385624706146 0.187150140640776 0.0164663934121327 0.175432153402831
0.119424274922807 0.277854027521692 -0.091588715122088 0.156888779246245
-0.0400492764547846 0.295831207491787 -0.0989829481445553 0.0737493083470623
-0.14548238081312 0.309594801952885 0.00773579530121837 -0.0321732674176499
-0.199343271841013 0.267874441212483 0.022524397172377 -0.133100261048507
-0.153392693665188 0.312479069289351 0.15272798567087 -0.192740452502069
-0.0159159282826864 0.367167202679939 0.142128468436081 -0.277681684362179
0.110990167300773 0.299032439944221 0.0552013202011862 -0.257087068839747
0.209082318277075 0.179551414745538 -0.0138399424150706 -0.190512396651265
0.21385496016834 0.0876502561003047 -0.00190749623375709 -0.11393047582033
0.218401433717166 0.0285280697384954 0.0209967007205783 -0.0753863716510134
0.201820783419022 -0.0185955471401744 0.0464196839089451 -0.0354861782925967
0.209917289052911 -0.0125918400899555 0.0864420979778747 0.00282657843399231
0.193799208311446 0.0592699462805237 0.128971193263366 0.0489137841914752
0.191939090535296 0.107999909075409 0.120017590990507 0.131900078919419
0.14125170725837 0.204436641707032 0.0354019262793279 0.178145161703097
0.0685703660311879 0.283231275340268 -0.0795593965822442 0.134536649937501
-0.0895567317640318 0.279246783854654 -0.0842021675423774 0.0157526308208005
-0.185246868965392 0.265875974917191 0.0531815535266939 -0.119261673245494
-0.1693138896392 0.196513404689603 0.065189956690783 -0.21097072729324
-0.126733091675703 0.256151454848678 0.15793790399696 -0.252786739140897
-0.00359618577079482 0.300301434653726 0.135678972540907 -0.269569376429273
0.101366819463966 0.232079967294006 0.0713204770562875 -0.225312154511023
0.167538679297915 0.135273808722184 0.0386371294782925 -0.151412185050035
0.166741148202532 0.0675513508826369 0.0692283216399328 -0.0944608017045747
0.172478523616666 0.030079223500169 0.0943003663099612 -0.0730586373403437
0.161793453836754 -0.00235490093454189 0.113129056602037 -0.0355816972253647
0.167376911886735 0.0112346180603819 0.152092274026779 0.0123396823667863
0.14831919563114 0.0753416467318083 0.179838104744755 0.0756928124936889
0.135775077746893 0.113944745300497 0.146092597988252 0.164218542683056
0.0809524673940247 0.186815534628981 0.0440140590911065 0.183646654619127
0.0150229268675646 0.247605843779556 -0.0607910628245457 0.114130934326521
-0.121265147275321 0.226512997896084 -0.0506415750940624 -0.026422732336204
-0.194344155141473 0.188019444011301 0.11133549697807 -0.182626519818791
-0.118427381527812 0.0868044547266297 0.0822795374041549 -0.25382817077724
-0.0891083331872313 0.149778880085933 0.140410887714472 -0.28078090987096
-0.00659068259881459 0.178046942238381 0.123714767986662 -0.240453275842102
0.053185450821722 0.131344404491736 0.081345778547467 -0.191752447151396
0.0870498150730502 0.0816201074799835 0.0753834339951506 -0.122116527273141
0.0895520731216144 0.0506608383144926 0.1168588991228 -0.0825017914447662
0.0974857691184897 0.0344071716542434 0.144630611992572 -0.0692876898785851
0.0977430948771655 0.012311817579098 0.161101007388279 -0.0306231257543669
0.101417055325491 0.0219083189631317 0.199863412469515 0.0325669700764406
0.0873751408206908 0.0623600804304789 0.208902766393304 0.110407312440463
0.076777239426114 0.0842684215550688 0.151794756112778 0.198244731448781
0.0370092439618376 0.131331908174505 0.0438387847502351 0.189898054195403
-0.0135866426390913 0.175477786765051 -0.0360753358984263 0.103565261781004
-0.120037144841263 0.148211187152309 -0.00713733542788896 -0.0460659007181536
-0.167074541858737 0.0902728901241083 0.171973375586556 -0.214793200903319
0.0723634012567037 -0.0124041864551473 -0.199815006874996 0.241842758322351
0.0466831215042724 -0.074115838780699 -0.0470438498640614 0.0911442791674188
0.00953386109762757 -0.0812401997823402 0.00666600851329932 -0.0985649939366144
-0.0293193885152662 -0.0379905442676293 -0.0395100828740515 -0.184092169651876
-0.0166809708148084 -0.0124090931252802 -0.15056010450491 -0.219140219743846
-0.00267131610535577 -0.0228831525017943 -0.243669662131868 -0.146887499881296
-0.0159503622860924 -0.0345140031791482 -0.239859955598822 -0.0381441366653137
-0.0237126155429969 -0.0338710936334824 -0.19501777112623 0.0407567411046566
-0.0138283849444166 -0.0467081476745495 -0.157845718072099 0.0765380956959898
0.0109477284529353 -0.0481005249474438 -0.131192488398648 0.0973098154742099
0.0239548867346501 -0.0371105376899183 -0.0882295470344728 0.120238696959631
0.0254958679498883 -0.0318545097907414 -0.0760593085670711 0.168306204953597
0.0429397611936354 -0.0435410392568016 -0.0912165377611602 0.205399701539956
0.0690986976133395 -0.0130252305616034 -0.0658581749630825 0.257006981092903
0.082973761288803 0.0313178567366511 -0.0334929907683331 0.257799874979368
-0.000864726805506881 0.0946353698158082 -0.196875629026454 0.20902380533697
-0.00744152818019256 0.0285794826875025 -0.0393952191860621 0.0643509235271519
-0.00894875283530722 0.0313345173094255 0.0132529499629312 -0.130106820815958
-0.0144177339431761 0.0572626652104568 -0.0345958458900638 -0.203136131707098
0.0373906037293869 0.0580434808398616 -0.145826801276252 -0.236387374051657
0.0665473462725592 0.0190610959342843 -0.233331628919976 -0.161359118530323
0.0655430556333734 -0.0224607333265895 -0.233243108039834 -0.0543337885088731
0.0546948007989227 -0.0474364489898343 -0.187922219862248 0.027501776821808
0.0698989152366576 -0.0657680805884969 -0.146799670925123 0.067510473186583
0.0925557483734848 -0.0463238751908947 -0.109844783201974 0.0877055184149381
0.114134751683329 -0.0164412835583998 -0.0659614310151845 0.116352039361882
0.10872661283325 0.0388981278802659 -0.0589501408897403 0.170068731124962
0.094599836658085 0.0677492358320836 -0.0917633653562355 0.198953104116392
0.0568687129463345 0.103467729999604 -0.0637570060235009 0.232481733975859
0.0338772196942615 0.15131476413448 -0.0352947884940188 0.226258527735607
-0.0765104234284937 0.191381859561248 -0.162481012731338 0.149733956942636
-0.0647703821802205 0.139390323239113 -0.000293713768133936 0.0201978707323861
-0.0214548235758529 0.155963944997369 0.0408394457185505 -0.174267700063818
0.0143910965884181 0.157893042744048 -0.0240346791900087 -0.230281373448796
0.0984492787997993 0.121868834666336 -0.136675164427176 -0.243336736928554
0.134179258788282 0.0562704186472962 -0.204576712571913 -0.160822922732996
0.140066042661936 -0.00813830916159686 -0.200200693715322 -0.0633133838669974
0.12506661115602 -0.0550917424137005 -0.154114388427195 0.0106348532444772
0.141174265578817 -0.0769583214201845 -0.109803452601162 0.0485264275480164
0.157670998124503 -0.0406349153848345 -0.0644494504230666 0.0698787299192303
0.184585761569129 8.85986961739575E-05 -0.0232809193133594 0.109748568387349
0.176569172044421 0.0906477508698274 -0.0298567560907477 0.171926028881533
0.139677648613333 0.155716204947157 -0.0886777054283757 0.191925576459455
0.0452423703210087 0.199379603936837 -0.070405996909751 0.191602090337538
-0.0166665033582791 0.246918465669337 -0.0298299307362329 0.15875723083142
-0.136324154556043 0.264717069001106 -0.10381269079374 0.0659588771638349
-0.109032516464236 0.242384271776128 0.0570894089419103 -0.0425876540962886
-0.0176164556756548 0.274032888755386 0.0774649169950448 -0.22235523460124
0.062098376486635 0.244748975108327 -0.00677872136516236 -0.254925211444165
0.163882089924977 0.164974139571819 -0.11681659713908 -0.235719446176313
0.191028597707551 0.0768088213971777 -0.155065614915683 -0.147502021395465
0.196628413191136 0.00183209906233251 -0.141083977401882 -0.0680431325441299
0.176434826167554 -0.0553517329079354 -0.0984010214394726 -0.00838807281745681
0.190797051407992 -0.0735769806601014 -0.0539832090093375 0.0251437009575118
0.198679493209088 -0.0222150055221717 -0.00353921230210536 0.0484349742952296
0.223246177149823 0.0231503222704333 0.0296886796545443 0.102788627287889
0.210634179953034 0.131931419033852 0.00207485838667496 0.17037831057457
0.157444699144371 0.220720595932503 -0.0833870808609922 0.180559475471889
0.0231972776634953 0.264273943331459 -0.0825732729585254 0.139092516617351
-0.0688042207904534 0.303290593567906 -0.0183489639609411 0.0689270162142232
-0.170109660067826 0.296305706586493 -0.0382271122084168 -0.034497841356845
-0.12941863613144 0.308309287736645 0.108982647437066 -0.120249938310782
-0.00227101378166388 0.349555256254887 0.108872923051279 -0.260580190241901
0.107725364289443 0.293008032699344 0.0167989533472036 -0.264176880039547
0.21018122667392 0.177444046094935 -0.077411912494807 -0.21525329284956
0.221632003493453 0.0797381482855864 -0.0860005785397463 -0.129990621686078
0.224537037915345 0.00658692915728212 -0.064982013882621 -0.0712715730458053
0.201133157800172 -0.0481218112963613 -0.028797120008167 -0.0254951058110268
0.212058734916033 -0.0558245241186212 0.0142717012155927 0.00529630357883916
0.21198721090669 0.00873903526731904 0.0645348453690237 0.0340995683998046
0.226000347448411 0.056763838666557 0.0829160777521117 0.103234713343657
0.199786242456303 0.168615608101086 0.0305496056058298 0.168292533067964
0.138557661839188 0.260210268138674 -0.0761002256242177 0.162191527208869
-0.0163169638848644 0.291169101723722 -0.0889969741093657 0.0805395211801077
-0.118210550322146 0.312067687045364 0.00454496848841605 -0.0282794531500118
-0.170782218171506 0.277051608068403 0.0171614294517258 -0.133200417505379
-0.124805446148782 0.314244381564981 0.137778227916151 -0.198137783907665
0.0136753752197794 0.356055878267521 0.120902972444299 -0.27773663641453
0.130145078386672 0.282708827440344 0.0387402158555394 -0.25139649503014
0.215872808493499 0.157529801849927 -0.0261449039142456 -0.183076585965041
0.214349557747387 0.0688580988273533 -0.00881434753062411 -0.111865696883605
0.214762674940774 0.00986671495345438 0.0154688323847938 -0.074378679888692
0.193756875749985 -0.0342232788188653 0.0440793103712428 -0.0375241791392931
0.201917549359706 -0.0291914899706398 0.0853014154875471 -0.0030780614816235
0.19392494030244 0.0434276082901413 0.1298473489509 0.0386616612448713
0.194452195822285 0.0897169238045033 0.128450480292573 0.119602226638886
0.153211392232317 0.189107986374604 0.0493994981905968 0.170397027105526
0.0879296689284464 0.268816780815869 -0.0656813434325907 0.140034332698405
-0.065485809816668 0.277491547059361 -0.0797176887992088 0.0242748821661381
-0.159123477399342 0.272785592831406 0.0428416080329996 -0.116041969006577
-0.146692319421161 0.205180826071983 0.0519244458880542 -0.211765036742772
-0.101581783755984 0.256805719569518 0.137859924661718 -0.257517076575195
0.0208069407670386 0.288986724146815 0.114699630612425 -0.270322487994866
0.114709405538635 0.217781796882984 0.0559162262146052 -0.222894476952358
0.172322270501866 0.116148523101398 0.0267111813235816 -0.149559987802471
0.166455768578169 0.0527715186717519 0.0615420709890679 -0.0988387738894461
0.169034022928373 0.0156446627911891 0.0856925960898252 -0.0778615407024882
0.155446949963732 -0.0151073511707081 0.107505951510104 -0.042627709857659
0.161699607581171 -0.00224995160999347 0.149536405316544 0.00170485443332796
0.150193999305006 0.0616167184595872 0.180913214066288 0.0605172669456221
0.139942178711316 0.100156501367191 0.156136056987071 0.148630689148946
0.0927501196405842 0.17608999100356 0.0573757285064237 0.175682540724648
0.0330862868690874 0.236861776872221 -0.0502067783323525 0.118788200148096
-0.0994164850107992 0.227465372664969 -0.0510979930857845 -0.0188610576997449
-0.172459691663853 0.198150770411189 0.0947136239609612 -0.181929457773352
-0.105780847621262 0.0942839880067593 0.0642968736597159 -0.254319386354806
-0.0735248350946713 0.149966335835719 0.117374715981984 -0.283028380823433
0.00750254647497987 0.170693478159312 0.104807759250203 -0.241739582608908
0.0602360997536573 0.122982614169263 0.0671352734891752 -0.191000530242939
0.0891903315387095 0.0710035115178477 0.0655025234630039 -0.124546522747579
0.0891742233287361 0.0421634742635886 0.108072661608892 -0.0905272821729516
0.0965258048410026 0.0258240377220604 0.133773932765757 -0.0785805544486001
0.0938760806620047 0.0043822065791578 0.154088286057793 -0.0411998775277857
0.0984155910371057 0.0140312411173047 0.195969217683598 0.0169589440380236
0.0888615941983954 0.0539786546071434 0.211330643450092 0.0915299239793414
0.0801945469583264 0.0764427366972313 0.163770098042415 0.181824978523546
0.0449829470093584 0.125739610944777 0.0570868956742808 0.18199434745573
-0.000420838370082546 0.169063805637244 -0.0284670435185707 0.106288819078078
-0.103689133261197 0.151216572209827 -0.0106677153351508 -0.0413414878274059
-0.153091836788698 0.100286887147968 0.149931589848643 -0.218427086273188
0.0615953161836932 -0.0341840553986968 -0.0972018673768918 0.286440242812566
0.0150524650664378 -0.0803037779651255 -0.00648381923576099 0.100267193822083
-0.0206673839283269 -0.074914750972664 -0.0221453451720103 -0.0916482789309565
-0.0383252802543289 -0.0239017444005281 -0.096716745283381 -0.156787475594439
-0.0183820650320451 -0.00664988468771219 -0.210887684244784 -0.147518210908175
-0.0126590721766227 -0.0216349391420065 -0.269138283380737 -0.0453091230601399
-0.0281241528613039 -0.0265834895812033 -0.227328283410136 0.0520527818740628
-0.0321860236473346 -0.0213860700138289 -0.158226727752704 0.103325460573577
-0.0281041822789435 -0.0365800395496199 -0.113966848199368 0.124008640405926
-0.00543084144614011 -0.0468423846609729 -0.0840603557697559 0.134177177184216
0.00925126900794416 -0.0419289512031961 -0.0378710073591596 0.139088719682158
0.0134060045881109 -0.0366151260281761 -0.0122094115909171 0.17869709907316
0.0243692119841301 -0.0523991568240425 -0.0141980344706856 0.217144293627171
0.0572158315503229 -0.0356651668867723 0.0235034214944648 0.252204703817031
0.0831050674020463 0.000360656317915859 0.0502282896263028 0.241507346836025
0.0336490416087106 0.0915778919473781 -0.106337782038446 0.250989131203195
0.0039161351506275 0.0327645659411286 -0.0111558258105269 0.0681555568050224
0.00341919722626459 0.0335767585134359 -0.0321910690660733 -0.124003671547239
0.0110117015697908 0.0570616894151887 -0.102743962128412 -0.176437176657831
0.0548104878363351 0.0365839320012792 -0.215525519381188 -0.163532299100191
0.0646530499458642 -0.00849878409380605 -0.267371060158803 -0.0601477648840857
0.0506827781381201 -0.0443243904922419 -0.230390456346709 0.0359750783854259
0.031933121973432 -0.0609853190760205 -0.156348696779145 0.0916194036928288
0.0395706360415702 -0.0830374920887151 -0.10567168395167 0.112472736348722
0.0682051209411701 -0.0736823558121275 -0.068908804985119 0.119292707675255
0.096890139839544 -0.0546880102698196 -0.0203267910424268 0.129490492310727
0.113027282310125 -0.00217576814995592 0.00253868724534975 0.173030673675136
0.108557216379053 0.029513636934676 -0.0158008763557112 0.209617456815
0.0869242070087832 0.0736110333426971 0.020434692629789 0.2290101301629
0.0783154812219796 0.126126323912814 0.0425392649884128 0.212744186226289
0.000457518642914295 0.207857634169242 -0.0965402092664806 0.180308454418564
-0.00732609656380624 0.153645727159461 0.0062214002628241 0.00953527811616836
0.0375542878177172 0.14916328281661 -0.0286109254953859 -0.17617460541807
0.074058466298527 0.13558911198455 -0.107166952821323 -0.204294441362739
0.131491817437945 0.0727760274590452 -0.212208221733203 -0.17088737393788
0.138662722906642 0.000933151487939161 -0.24300606012979 -0.0686288566819486
0.124262885980927 -0.0584344101371832 -0.204973770987177 0.0166870156979446
0.0915831371873301 -0.0914994490682047 -0.131899315356537 0.065628288364801
0.0990214663844651 -0.118091946810385 -0.0792717669264636 0.0833934427732172
0.128252721084079 -0.0910089400014753 -0.035202616671413 0.0886382521420438
0.16432456294291 -0.0646934930949652 0.0143724350801033 0.109673409854391
0.191667187447128 0.0208855600407475 0.0276639408578008 0.163589579560816
0.179278050610844 0.092252772999032 -0.0148092803288703 0.201046909555454
0.110194908229485 0.164266932119764 0.00262469815493323 0.194141120894101
0.0658697211208009 0.230835571178935 0.0304269992748815 0.150780483429737
-0.0265861296343174 0.295787398020014 -0.0734658712318781 0.0802025564776617
-0.00889274528826332 0.262585996001565 0.0337412624642438 -0.0715542484201388
0.0837126287703593 0.252899541124421 -0.0178355128800212 -0.234137257643795
0.149015725768306 0.195647868105128 -0.105058218683858 -0.23102668982765
0.204195956343819 0.0873746567842884 -0.194611432495824 -0.168627310171336
0.197133591504937 0.000196981897464706 -0.194729476376371 -0.073205243034981
0.17979183473595 -0.0695677597816063 -0.155247179972699 -0.0083798114369482
0.136745671856462 -0.109494896779971 -0.088614834050618 0.0298516378032899
0.144134900622749 -0.132117004394004 -0.0366150790481319 0.0431518892168741
0.172292891490684 -0.0887060997108243 0.0112340788908702 0.0485603959379723
0.207038802539034 -0.0568060357785725 0.0588028586131957 0.0853611976732433
0.235811666638279 0.0459803488843249 0.0560433535704109 0.150696984695597
0.217066045089307 0.143846463570235 -0.0129130046696355 0.186802749842534
0.113384027193707 0.230312403221637 -0.0233242941999035 0.150750885408858
0.0374838958650483 0.299379241844284 0.0144901991622605 0.0668349998539189
-0.0454964787059042 0.335770104706563 -0.048486646033746 -0.0339577607627919
-0.00302035338148688 0.327749299413356 0.0508693831560353 -0.161598154870828
0.125759400529587 0.31394003590782 -0.00704483475509177 -0.279435368855092
0.207614079364412 0.220926828993646 -0.0897034023408471 -0.246010085314764
0.249381582112114 0.0823359947230675 -0.152375925372693 -0.160799303330197
0.225373390427264 -0.00776630254653735 -0.126796291655374 -0.0805441803978104
0.206139445136641 -0.0742711645802773 -0.0893783228875833 -0.0379308497106996
0.160475640233512 -0.111723034909314 -0.0330590340838183 -0.00916800921097512
0.168667157439251 -0.123490476041442 0.0168831958145336 0.00220702903487588
0.19393539347968 -0.0656681751313532 0.0665978014262498 0.0122083267103525
0.221291509787614 -0.0279333044635293 0.10603495153861 0.0665260820275151
0.239138555799797 0.0832160199563077 0.0806643521431044 0.138720483501542
0.212726638686292 0.185994758222446 -0.0115437762599501 0.167456004124317
0.0878273623777251 0.268174882874465 -0.0471125931318374 0.100802639431261
-0.00330496856150744 0.325193934636433 0.00541852446348548 -0.0263648737592698
-0.0531364464955315 0.317366319934361 -0.0318043682539542 -0.142375304440428
0.00435832429886286 0.32959525137972 0.049364664907157 -0.24176613031203
0.140854107604988 0.311376460941849 -0.00315973930980965 -0.297945240708745
0.222801887452981 0.20269584569154 -0.0657718299781782 -0.239823659625232
0.247179371793074 0.0622257939601741 -0.0941833370276727 -0.149380824705842
0.214414119118032 -0.0151228788034411 -0.0511510318165155 -0.0922786621611872
0.198698993550818 -0.06863953752061 -0.0187615627321063 -0.070069828167946
0.158654344668605 -0.0964064346053303 0.0268051086011758 -0.0449837359934256
0.16863415674101 -0.0958012585253655 0.0767353923711799 -0.0294348374652279
0.189378463227565 -0.0287031317656779 0.126133694172721 -0.00717281478351933
0.204199782318971 0.0130002252166487 0.152261791179868 0.0631424251304373
0.20338412734503 0.117462244477557 0.098536240139004 0.134205080725556
0.170554252756565 0.210002116614584 -0.00885355121441438 0.144711194762551
0.0388391235892585 0.272796667427059 -0.0575382956019194 0.0476944093580541
-0.0522872194436318 0.303656323636759 0.011114292994303 -0.115504830980963
-0.0574711390930308 0.241589951148584 -0.026134587472817 -0.222613728232726
0.00320065312739732 0.267462915469477 0.0302448489634762 -0.293369321053907
0.123295046786682 0.248510358460547 -0.00322456728820349 -0.287818067576604
0.183290685220819 0.150146975580522 -0.0366962123892851 -0.219436487152784
0.193467976851104 0.0414126607724006 -0.0316914535359062 -0.139306811359318
0.166578779236112 -0.0114697295002012 0.0178459913589148 -0.107318636124507
0.159680634260585 -0.0472538245193354 0.0441277733118879 -0.0994219642981595
0.131906410393855 -0.0667225828028025 0.0811736972392602 -0.0727995047890296
0.14240221212291 -0.0578272481182439 0.134745550510858 -0.0479038320734954
0.156720086692508 0.00295235309789198 0.179925369445603 -0.00572365955938138
0.159115927564248 0.0421958159400478 0.187235006305057 0.0783349365931899
0.144302562322794 0.127471970467151 0.108013132942175 0.136661417638715
0.109890727705024 0.199740519613516 -0.00203648653685414 0.121725415460984
-0.00950894749342195 0.238899046915403 -0.0468867956943102 0.000383144472969605
-0.0900112599344655 0.239463254228363 0.0348652987138983 -0.189685492486233
-0.0612967431610489 0.124069605495842 -0.0270702535759294 -0.260494792068559
-0.011576758439622 0.158918730759795 0.0068765233161656 -0.305246076734336
0.0682900324422688 0.147040761515199 0.0037857624674853 -0.257618549976489
0.0991444947024021 0.0850950649071896 -0.0101003132979094 -0.196318697870838
0.103570472870565 0.0303048481652981 0.0141252162143752 -0.133025158068189
0.0945882146109192 0.00539602346445218 0.063236523285369 -0.118775109243845
0.0969017714909208 -0.0114588641485146 0.0880155573196819 -0.118126732414954
0.0847571656249145 -0.0277827950612395 0.121992955362037 -0.089012275316651
0.0919003850138743 -0.0208466369328335 0.181153858244636 -0.0499751921921674
0.0987173547752057 0.0173554915766201 0.218005533370412 0.011000595946799
0.0971854793615035 0.0411546566974522 0.206388701667741 0.104767830152091
0.0832299631394729 0.0981456938169733 0.110623638625395 0.143314589553942
0.0560759461854886 0.149025358948638 0.0127140592271548 0.104648793141614
-0.0400428783466819 0.170414191398189 -0.0196412617400507 -0.0321209314364528
-0.104538313581802 0.14375008886154 0.0689675176310144 -0.238499742916652
0.0561840497874092 -0.0341572192320329 -0.0811964965567854 0.278681351654421
0.0115457180875289 -0.0756313116977132 0.000585967017042718 0.0947905183601862
-0.0223133001488336 -0.0695734669020312 -0.024108348621717 -0.0893948740948777
-0.0359771043377291 -0.0208804062018139 -0.100224363965599 -0.149820596558717
-0.0151760484981326 -0.00665847424815542 -0.21170597893887 -0.134261612419599
-0.0121164861562569 -0.0205634055769401 -0.262756937691344 -0.0322590048840924
-0.028220056686297 -0.0247814869780505 -0.217785518901844 0.0587910246704195
-0.0311231610694282 -0.0194246930783166 -0.149113798734537 0.105117106055628
-0.0284839523373284 -0.0343945729232859 -0.104520943757446 0.126096382764372
-0.00721047266792697 -0.04567405967979 -0.075338459058472 0.135206919731161
0.00749632603059961 -0.0412303050448894 -0.0313590647700501 0.137629053805304
0.0131117831656966 -0.0357344414187915 -0.00474743621845559 0.174044162532109
0.0223027873863139 -0.0508908878378047 -0.00611088013157893 0.21186490082299
0.0538392813883833 -0.0350651204780926 0.0316069084442303 0.243383244351618
0.0787676862236046 -0.00247901243160397 0.056507380597401 0.235334012938433
0.0352203148277874 0.0889895046286477 -0.0906707413093202 0.24330139355881
0.00485168586785112 0.0348239420146748 -0.00546437078221191 0.064398296396351
0.00609537244897397 0.0341311331805912 -0.034444797342491 -0.120531232110943
0.0155153717035317 0.0560470373119616 -0.105509163474451 -0.168387796195911
0.0573487838029509 0.0328115646917416 -0.215910868696379 -0.149563111559015
0.0640168318088993 -0.0114467937895565 -0.260747155389327 -0.0473556292766749
0.0476454188779368 -0.0457321203801911 -0.22024921790811 0.0436971324232657
0.029206162094561 -0.060185773861899 -0.147284934657031 0.0930608514245787
0.0346353086341059 -0.0826988945305496 -0.0966892866071999 0.113949136076644
0.0631640510407433 -0.0746808037183297 -0.060057602871415 0.120610115161032
0.091698244658149 -0.0572943720171708 -0.0144500064414449 0.127400401279153
0.111222352003856 -0.00689269656742444 0.00992859867046201 0.16826036967362
0.106502102089523 0.0247382397471718 -0.00603522420387063 0.205883845699888
0.0872957641947962 0.070182457888532 0.0280864371008262 0.22142497260777
0.0803360193962221 0.120258598285581 0.0496526130789359 0.208241517350372
0.00962220792244454 0.203714819885683 -0.0829495350214505 0.17385190331126
-0.000841173784840152 0.152271677191905 0.00944897521417589 0.00623369221385595
0.043595941543855 0.144739320915172 -0.0320282019033209 -0.170482535189944
0.0798098120250164 0.130555135512263 -0.10886752873009 -0.195411528300901
0.133538860312724 0.064315990888611 -0.211913747594748 -0.156652034333595
0.136370454543775 -0.00525987601421156 -0.237370890469377 -0.0569237921387564
0.118712383809839 -0.0631173965602851 -0.196079672950957 0.0236573909479416
0.0849505105378267 -0.0932444110600417 -0.123725975227329 0.0670596624249292
0.0900447361211313 -0.11864317843008 -0.0709750257836248 0.084425858531686
0.121882008150087 -0.0944971383181303 -0.0285886216578127 0.0887451515527662
0.156692811709668 -0.0699444039952853 0.0191034486299703 0.106846443617961
0.18812117094824 0.0116276575575356 0.0340725646578219 0.15806968471583
0.177920535166395 0.0825252187862607 -0.00403038070604547 0.197063184752429
0.11382427793766 0.15687939177955 0.0107617114531098 0.188693268223091
0.0727298590514664 0.222309867496294 0.0356740575114144 0.148368736234074
-0.0126402893650574 0.289460129230813 -0.0647002290514553 0.0758068382765359
0.00151123227712162 0.256141126525859 0.0329574091659983 -0.07239059557506
0.0919162365767968 0.241745323937739 -0.0231197781678894 -0.226661039448911
0.154371334008366 0.185341441955763 -0.107531005270528 -0.221612136081476
0.203222765995176 0.0759569244270878 -0.193617688964773 -0.155107375807076
0.192754496863991 -0.00848339009999314 -0.191086880158025 -0.0639358842983341
0.171752904473748 -0.0759947141470603 -0.148914011089645 -0.00210996481467542
0.12702143606494 -0.11226802382639 -0.0829734869038435 0.0310140180477173
0.132460651754822 -0.134970007223003 -0.0320364807876984 0.0432889687196901
0.164118958096892 -0.0936587802964075 0.0146776800687177 0.0473061136497011
0.198405443128749 -0.0647711305484853 0.0620212448640162 0.0813034535355672
0.23215566039777 0.0354415267451726 0.0613655405636699 0.144581299605144
0.216693369952895 0.131078514013478 -0.00196578631637568 0.183886553481997
0.119835333939262 0.219971776786552 -0.0157826024107098 0.147707681353384
0.0490213051775674 0.290251404902699 0.0175733496104641 0.067704056055826
-0.0277630364977897 0.328393226221659 -0.0449894368638575 -0.0354423999020993
0.0101880354864272 0.318407820831007 0.0459327890076648 -0.160450850173454
0.135076260549099 0.298026466339735 -0.0151966362886322 -0.270831519135539
0.211151722483911 0.2069120743374 -0.0922348378137311 -0.23630194691235
0.245699811643568 0.0688452930924408 -0.152578726107965 -0.148978576783573
0.219625594001493 -0.0180034688777632 -0.125450213249732 -0.0740427793601035
0.197091483568825 -0.0824277645461894 -0.0860339348992343 -0.0334648187996502
0.149664798308544 -0.115544781659238 -0.0308550964618047 -0.00880575826523482
0.156796948161083 -0.126954050313153 0.0182775374255578 0.00128985477059085
0.186872338657567 -0.072842649969956 0.0668355845692779 0.00983540712075196
0.212908963675033 -0.0363184954891318 0.107349329366732 0.0602515347916353
0.236606414650352 0.0709577748575255 0.0847082412812625 0.131785600343887
0.214899547566902 0.171371209160897 -0.00170207348533875 0.165360281139805
0.0961245265318534 0.257755706515844 -0.0402161819688935 0.100886543182794
0.0110724885971671 0.316338604498491 0.00501967474735607 -0.0224064327221268
-0.035549868704192 0.310299499809013 -0.0334847105785185 -0.140941795261309
0.0183427726786663 0.319222374407731 0.0406076717248994 -0.238054237650677
0.150216363226842 0.294911389880936 -0.011650835025561 -0.289481776095627
0.223866629658604 0.187945089622579 -0.0693671301763353 -0.231237031513124
0.242265886405965 0.0499438332383644 -0.0949524963108091 -0.140966452583703
0.208352137740671 -0.023576079487353 -0.0521632649970979 -0.0896820422198208
0.189736301120262 -0.0765753952918654 -0.0194990030207682 -0.0672360365292733
0.148468298770833 -0.100967325331102 0.02559580824906 -0.0456843516123328
0.157746992542824 -0.100078994492744 0.0745699247456018 -0.0317886636050155
0.184124339417067 -0.036260791586082 0.123109484393359 -0.0127574693443963
0.197983385839334 0.00435969440115505 0.151356132965221 0.0546182363991289
0.203949880136139 0.106333573409402 0.102021504830141 0.126804870771367
0.173867208750505 0.195791692183233 -0.000179718367573207 0.143005312469721
0.0487557365282628 0.262887559385375 -0.0519791752584079 0.0504032513373614
-0.0370131918070199 0.297304658935674 0.00731215313555035 -0.110181219200704
-0.0432724310981926 0.23643168797944 -0.0317170328981087 -0.218514485697012
0.0153412235326054 0.257675431107643 0.0191007294599787 -0.287144517962504
0.129406602554102 0.233173108127169 -0.0121886580467058 -0.279733068241164
0.183134449110224 0.137992084578944 -0.0410789906345617 -0.212371641654142
0.187739302930357 0.0314955254174282 -0.0351312949990189 -0.134041496653274
0.161001552784141 -0.0182706535360375 0.0137634614320006 -0.106836857718823
0.151757744727024 -0.0528095893605994 0.0397640461338517 -0.0976932729953588
0.124218890262368 -0.0705188815431759 0.0771319781627613 -0.0742348818420708
0.134050358545314 -0.0617253881850893 0.13009237054462 -0.0514404170705679
0.152498034616095 -0.00404524729163321 0.174930097262235 -0.0132526019662475
0.155381230024677 0.0339073578882985 0.185537192765513 0.0679785006005012
0.146105701986821 0.118612776768424 0.111100848676057 0.128497023507685
0.113865175564096 0.188522573673317 0.00504388811380345 0.119844765277533
0.000614124682488489 0.230871056104373 -0.0437900240894414 0.00426806353272355
-0.0757976698541956 0.235977860578338 0.0272530754222996 -0.183174655323951
-0.0517034353816287 0.122836286234758 -0.0349839998044224 -0.255095824054139
-0.00419757121583109 0.153322514022612 -0.00461760645405246 -0.297824791157067
0.0712705748175609 0.137057027454571 -0.00533578761799072 -0.25095594211674
0.0984683454355157 0.0782009842742314 -0.0159627360885751 -0.191068868077906
0.100094637064683 0.0243662196993985 0.0096838883559107 -0.130099227208914
0.09102852222419 0.00174772111079448 0.0567681139300412 -0.119988515287095
0.0924546439815202 -0.0155782672643509 0.080084650768942 -0.11829626097855
0.0800945795622778 -0.0307630458768699 0.114950815699997 -0.0905782707200351
0.0864384037752817 -0.023866426200524 0.174405405313713 -0.0556072843513405
0.0967119901760103 0.0128385410868226 0.211963649250952 0.00138511730857304
0.0953167990309055 0.036493463936945 0.205153982890372 0.0920066072953075
0.0842931461519539 0.092192276898274 0.114077480191967 0.135381031503498
0.0588044737447256 0.141437937430908 0.0176998699241184 0.103273047271088
-0.0315884200240979 0.165107713301421 -0.0198297675301148 -0.0278124190196807
-0.0941839967360164 0.143102267530596 0.057567669784014 -0.231405796338947
0.0524027488366424 -0.0346422233202313 -0.0685545138771701 0.274274438598444
0.00859809829158708 -0.0719938593161158 0.00619996100677998 0.0907249902427084
-0.0235635792810667 -0.0651228237726106 -0.0257603486984065 -0.0886994319699864
-0.0339356614949062 -0.0187957488553236 -0.103773676389986 -0.144966678592619
-0.0133553068737857 -0.00659887212234875 -0.213932019762995 -0.123741925477243
-0.0126202146654359 -0.0202565314831985 -0.25990872200984 -0.0204517775950702
-0.0284742166214213 -0.0235516115706387 -0.212115327995799 0.0650089383133099
-0.0306106720753275 -0.0178818343609344 -0.143459232383822 0.107940609856816
-0.029241354200205 -0.0326639405960067 -0.0967795792390539 0.12865233578302
-0.00936256505950323 -0.0452463866971239 -0.0682764949171359 0.137724894734538
0.00654995932243034 -0.0412412862930204 -0.0267585845248004 0.137749643486175
0.0132655961521314 -0.0356583858207977 0.00203157084810883 0.171652811494301
0.0197922521258635 -0.0498781813112478 0.0022851435257858 0.209822201110678
0.0516510274443472 -0.0347113579755875 0.0383263833841379 0.238303916869601
0.075878031967368 -0.00536846376005024 0.0639860508509138 0.233501215160559
0.0371905827928821 0.0877808993636842 -0.0784274830513953 0.238996598218776
0.00599094009377464 0.0375286380529432 -0.000525051357652293 0.060895518388949
0.008353472219023 0.0354911934328681 -0.0360695943528707 -0.118219999799661
0.019815782420935 0.0553642437609787 -0.1081014880988 -0.163129753728939
0.0604283564296716 0.0294461734508756 -0.218366478415036 -0.139210002914179
0.063824359223957 -0.0147184752866627 -0.258939781224162 -0.0364592140136697
0.045593586746544 -0.0478435476040843 -0.214615454813194 0.0505163573207255
0.0267417445003172 -0.0606157907700207 -0.140925878197868 0.095292428083381
0.0308489610687548 -0.0827139291936414 -0.0887995389839942 0.116254762928025
0.0601009308240572 -0.076305143622877 -0.0530382426740244 0.122140514746916
0.0880635520707363 -0.0604452388326749 -0.00922859226917335 0.126961223051251
0.110809938375195 -0.0109047728707187 0.0167508800737363 0.165963394716442
0.106390125288675 0.0210831341323185 0.00273684479375679 0.203904424337267
0.0886528418372359 0.0679874406146286 0.034850826018893 0.217397933802838
0.0825809265794755 0.115806282785655 0.0565979500034614 0.207194089312024
0.0172590957066597 0.201264744244638 -0.0733745116522543 0.169940573724541
0.00444690695350235 0.153346505491758 0.0125228820760414 0.00398296107811299
0.0495243576583382 0.142219793327225 -0.0353930005539596 -0.167481579422563
0.0855389835328479 0.126864594513125 -0.111743745022613 -0.189866132812779
0.135893704156792 0.0582247177302075 -0.213596572617607 -0.146338684854091
0.135910565701704 -0.0113604851295567 -0.235616660357334 -0.0470749003045273
0.114510989262801 -0.0676841421545797 -0.190431568375873 0.03018278092558
0.0792914877490956 -0.0954949340018673 -0.118302265259246 0.068498601882241
0.0833120338902877 -0.120896235854343 -0.0649488402793018 0.085742972328824
0.11728325677005 -0.0982497566282759 -0.0234418555355088 0.0891781286957434
0.151343087988953 -0.0753007461804733 0.0244244133986288 0.105653830170988
0.187278791262629 0.0039358187182947 0.040214302513911 0.155003694006216
0.177926615464897 0.0748713854388512 0.00536862398555655 0.195619344974325
0.118167631061262 0.152382876290031 0.0182459982546714 0.185777044681141
0.0796022479306941 0.217698122868688 0.041068592663971 0.148385105813878
-0.000117652403485762 0.286608309022838 -0.05812060683045 0.0731279560528902
0.0114714948228588 0.25399454012434 0.0322408191231391 -0.0742754571643502
0.100536426188871 0.234804299433457 -0.0278983285488844 -0.222274480228295
0.160167613748367 0.178523514978964 -0.109874167781383 -0.215915516677508
0.20452322804328 0.0663639952780593 -0.195172172138402 -0.145433029367935
0.191012438221761 -0.0169345097848756 -0.189325423790331 -0.0570389423847755
0.165970741209063 -0.0835948112666832 -0.144922061464295 0.00270568658688483
0.120174315111064 -0.11639117176273 -0.0795012167668761 0.0317344292937116
0.12407604304913 -0.138297126150153 -0.0278608344699681 0.0435282539629647
0.159351768185491 -0.0998040532622443 0.0179911146755852 0.0470784705098149
0.192233275089722 -0.0715895432102052 0.0661559603028612 0.0781526225577612
0.232228496144631 0.0256698378278793 0.0675460434475046 0.140197447025504
0.21906743582645 0.120157894776572 0.00737231804922024 0.182669008440226
0.126382432834659 0.214235297326501 -0.00814238053390692 0.146586474219292
0.0600603688667083 0.28566371829289 0.0209127830325376 0.0693616239131115
-0.0131311808342502 0.325035653792905 -0.0429061287523517 -0.0375179338071305
0.0231143327729638 0.314748798446585 0.0420401340675715 -0.161756079022594
0.144408339200626 0.287860953262673 -0.0210593778939655 -0.266269621179457
0.216644136001065 0.19751400136025 -0.0959981420028623 -0.230378999597169
0.244508245267911 0.0578977450145021 -0.153608794075488 -0.14096912172348
0.21647376840737 -0.0266266804600834 -0.124827468973838 -0.0702279913293585
0.190709901271615 -0.0909671025318848 -0.0841659047651781 -0.03016861927908
0.141609359769991 -0.119641644469665 -0.0285965778232879 -0.00855323368206368
0.147596998153532 -0.131071682421556 0.0195330057107568 5.4212001050672E-05
0.182162513481463 -0.0799569395476524 0.0674456515885405 0.00708567324367337
0.207465694251459 -0.043952563469255 0.109171720337307 0.0554059107148477
0.236999968696351 0.0606532853437022 0.0902795518856871 0.127408308320131
0.218036284020262 0.160443768643616 0.00771695077170807 0.164054611330297
0.105137809161278 0.25158861415228 -0.0339650753804797 0.101498874517968
0.0241035160264861 0.31278647649581 0.00526385622086642 -0.0196946924270717
-0.0206841529622897 0.306966744494668 -0.0352568789292637 -0.141265415748185
0.0304914275769299 0.313033209661306 0.0324876217922314 -0.237134394811045
0.158503179365385 0.283263678205605 -0.0192996439064603 -0.284692101413832
0.227369057447613 0.178136432295116 -0.0733371683682306 -0.22683541536371
0.238695775237979 0.0392904036923005 -0.0964456736278697 -0.134880575693296
0.204034158865427 -0.0317794293930458 -0.053243750979461 -0.0882762224788307
0.183338659461635 -0.0840895228611913 -0.0201846518240677 -0.065834600364957
0.140885567448674 -0.105227267377469 0.0251137807576582 -0.0466287487118804
0.149890194190973 -0.104487967295807 0.0740211292644493 -0.0346420370930281
0.181444829612485 -0.0445001076724862 0.12187854399105 -0.0168381254570538
0.195198119155647 -0.00417458364548235 0.152137478318114 0.047344469173982
0.206622581316869 0.0972445988145741 0.106519688490856 0.121092622861326
0.178569842475507 0.185939943591485 0.00753922655777429 0.143039900962535
0.0589022546760199 0.25765433623313 -0.0474726413007266 0.052699673272068
-0.0233724759837734 0.295134781587499 0.00375256895875112 -0.106349297192892
-0.0299946747914924 0.23427291626669 -0.0369924615022756 -0.218293731056206
0.0251781130725578 0.251934094774041 0.00977414650004748 -0.284412576329445
0.134891331252962 0.222242643385915 -0.0202922631961615 -0.275108578119498
0.184853926971517 0.129656369201101 -0.0451864974724513 -0.209518643196453
0.184872235974579 0.0234285703442955 -0.037078582832035 -0.130782281026101
0.157013332095674 -0.0247545233371714 0.0110312223809774 -0.107208827665522
0.146602580755419 -0.0596125572493022 0.0354766026406605 -0.0976339924856849
0.117881511074703 -0.0747401825388652 0.0738065621036417 -0.0761711801351984
0.128584169981303 -0.0660848473910046 0.127004163957441 -0.0561555859210163
0.150942950454277 -0.0101618493280975 0.172419867862077 -0.019854228225354
0.154316370602075 0.0280913178123191 0.186435103591995 0.0591839948315025
0.148757124803571 0.111230636097742 0.115361088804579 0.123379905216245
0.119062594045822 0.180412368404608 0.011372655391534 0.120679719959885
0.0099278887092415 0.22686316240515 -0.0412407983355283 0.00679787108210541
-0.0639498610096822 0.235974092881688 0.0204989946581506 -0.179493705433843
-0.0436397673359632 0.122358038651429 -0.0426445810347372 -0.253815911924143
0.00270362821531603 0.149257383755789 -0.0143790434997476 -0.294541905019728
0.0746337709038853 0.130525915043632 -0.0134722438405335 -0.247972588855974
0.0988869066012607 0.0736049562645846 -0.0209701891009698 -0.188507283668898
0.0982660045758992 0.0200652585395258 0.00612043899320856 -0.12902620726048
0.0888900381798796 -0.00213653287810166 0.0522648924980603 -0.122285965126092
0.0898080419468249 -0.0197271471130061 0.0738037156146991 -0.118793093527019
0.0763648590397289 -0.0328631258361904 0.110397424293444 -0.0928540791567514
0.0836840372728584 -0.0260067688730164 0.169617096875941 -0.0611821614945489
0.0956520980629128 0.00919666038981974 0.208720663557774 -0.00689803646358723
0.0949504137383639 0.0326722491208491 0.206112963058109 0.0825605402394536
0.0868015529201165 0.0887750716926655 0.117593875220419 0.129740633171036
0.0620896533675904 0.136015950338186 0.0227652352700865 0.103528965896615
-0.0248983635579231 0.162167563468546 -0.0194051086869116 -0.0248357026896115
-0.0851680779332171 0.144687876989501 0.0485471667000666 -0.228580621897774
0.0490806198009678 -0.0353124032041933 -0.0530770433734694 0.272121729645877
0.00538241502822382 -0.0686653299232478 0.0123427526027138 0.0869079609300423
-0.0255621695660058 -0.0612530413361079 -0.0290760100558333 -0.0881469057263256
-0.0326303572370695 -0.0171414195943481 -0.109841901530805 -0.139475491036916
-0.0111965841943765 -0.00747055337197514 -0.219044827112128 -0.11184835465342
-0.0130832133519278 -0.0198665826980552 -0.259188773080565 -0.00616294164524145
-0.0291675745774382 -0.0221260014681037 -0.207263201584968 0.0749575897859969
-0.0304873070177492 -0.016353565591538 -0.137084377479407 0.112772368608903
-0.030225865674391 -0.0307753788359312 -0.0882383642125736 0.133424324160289
-0.0116411384137727 -0.0437836531604151 -0.0591658436072281 0.141116306141203
0.00480519466184653 -0.0421431223120622 -0.0194178975587115 0.138864893412133
0.0123708996092369 -0.0367437019672181 0.0107457192347344 0.170524310730484
0.0177574838073415 -0.0492871714146916 0.0127186608200556 0.208764926690047
0.0497755109217148 -0.0354806195615742 0.0482592848946128 0.234852451959584
0.0735185645144365 -0.00928637213169042 0.0751493103164094 0.232478755952996
0.0411313417153734 0.0869531596288936 -0.0645264311146803 0.237559056466535
0.0084308858118209 0.0396605804910251 0.00459445183145844 0.0574868268224367
0.0114167141010424 0.0364342528263269 -0.0397928915675126 -0.116641113444749
0.0248069681799571 0.0541777315482091 -0.113961829850412 -0.158332966354933
0.0635539243296783 0.0253757462216346 -0.223431829770969 -0.127155207477989
0.0638978410421652 -0.0183035777136965 -0.258320870596729 -0.0229602881322602
0.043108609161296 -0.0509766521957033 -0.210037710600915 0.05982380520859
0.0235898139820521 -0.0614236593513772 -0.135136442959863 0.0999190185352165
0.0261439057030048 -0.0839110493505745 -0.0809648834195173 0.119953308119029
0.0554497247770076 -0.0792654330929662 -0.0448708295438516 0.125199613262502
0.0841402958806102 -0.0651249302409604 -0.00167105613042874 0.127875902453972
0.110743928110798 -0.0172562841750096 0.025652669396486 0.163591609054925
0.106356271651783 0.0160023428396488 0.0142678725221954 0.202637720589317
0.0921171916884996 0.0642754688942113 0.0450278781835377 0.213572432109771
0.0867343268144814 0.110993163065477 0.0670257091371751 0.205400088051217
0.027624600714407 0.200310122150031 -0.0618315156986964 0.167917067545102
0.012533633272258 0.153805022716442 0.0145750475606024 0.000442881399241041
0.0564757879257251 0.139260041101325 -0.0405802992177137 -0.16441672754503
0.0940174072062991 0.122907200765269 -0.116938298843736 -0.185131609465827
0.139112443886174 0.0496822975667501 -0.218561378308761 -0.13356035728873
0.135551142178372 -0.0196650599968332 -0.235328291549724 -0.0349756730064443
0.110433835920684 -0.0744936478893415 -0.186589020755114 0.0388693224198213
0.0740933119800817 -0.0988604095956157 -0.113294147622121 0.0719323399406809
0.0752032342532042 -0.124538058339904 -0.0578296514117107 0.0880583930471507
0.11165698787037 -0.104053983041643 -0.0162725318988856 0.0902683132375703
0.145730329331188 -0.0830357596193858 0.0307980517252606 0.104332403345645
0.187414431030225 -0.00579424577802203 0.0494407049196288 0.152476550655223
0.180900176932004 0.0652282784848609 0.0174417889165125 0.194422990463024
0.125197917385405 0.146680238565393 0.0276123344963284 0.18349744512353
0.090371178295356 0.211854538532417 0.049109645620189 0.148220271229681
0.0161982220283715 0.284508283328149 -0.0516695353935382 0.0707543784338983
0.0253045329107929 0.253407541566039 0.0304782638466554 -0.0778250591786022
0.111342172175067 0.228849271313148 -0.0356371627615623 -0.21982705979245
0.17013362295173 0.170809259151389 -0.11637604802774 -0.210766851573371
0.207311396051995 0.0546285133796573 -0.199095539346975 -0.134079322296744
0.189615524023423 -0.0277664549603028 -0.189999148646383 -0.0479123923663409
0.160343891940669 -0.0928046778273716 -0.141727229146213 0.00940912001469815
0.112066712255027 -0.12183159049632 -0.0760481302874083 0.0331299689228029
0.11406432933982 -0.143458817652856 -0.0232725217706117 0.0436579720556721
0.154082016044812 -0.108964647889928 0.0216242435811525 0.0457789339485836
0.186389703956151 -0.0810253587913729 0.0702285392840989 0.0738928988793786
0.233143615630672 0.0125037743798721 0.0754849243507946 0.136085588910593
0.224053390556493 0.107623046632867 0.0196588583888533 0.181770439327697
0.137817441796181 0.207839060144296 -1.50712863908108E-05 0.145268120630915
0.0752122125310614 0.281017380746489 0.0248919120641307 0.0705092702786773
0.00675095478396805 0.322906804013396 -0.0422805401201568 -0.0398268929859703
0.0394369630022914 0.311393732502144 0.0355658474964185 -0.163672887967861
0.156938088595318 0.277274259208552 -0.0312393480990127 -0.262521687725158
0.225595949798089 0.18597872690386 -0.103161015535772 -0.225973909652555
0.245657128423569 0.0441600694659639 -0.15710113822596 -0.131609010375199
0.213721036180031 -0.0388228960145392 -0.126142426862215 -0.0648896144739765
0.183354807209478 -0.101828053412123 -0.0831980763038744 -0.0264371843454847
0.132700276679769 -0.126563811624132 -0.0283239072807603 -0.00906192015195917
0.138231408805002 -0.138153702024247 0.0211391339362834 -0.00144562013790738
0.178025828239508 -0.090460206924814 0.0687588835888285 0.00367066872097315
0.20328264420481 -0.0551714983542724 0.112451902433334 0.0493311955481537
0.240052675681064 0.0475041137786693 0.0975360391157999 0.121630497377521
0.224639673403688 0.147097778332796 0.0196446822273433 0.164705752779194
0.117931990893193 0.245454769677414 -0.0270491656095236 0.102491543282602
0.0420410239263581 0.309780459991849 0.00519015065920735 -0.0173796160260424
-0.00141276014133978 0.305284142680602 -0.0404894394231772 -0.143108750798656
0.0465374620488385 0.309088931535027 0.0227948584097247 -0.238866026803698
0.171007846504986 0.271210040007755 -0.0305204614835611 -0.281264472892824
0.234872723422707 0.166075146160703 -0.0804668882912252 -0.223339221509711
0.237772832222386 0.0263639026536508 -0.100192261086 -0.129305576863778
0.200666260397704 -0.0430036019565909 -0.0560770184723083 -0.0863169458144258
0.175774241176729 -0.0944047689309767 -0.0221373682010467 -0.0641989377755644
0.132261973110294 -0.11174953973854 0.0237711396096895 -0.0486728969356952
0.141735608320721 -0.111482088892757 0.0727446064075194 -0.0385392444045704
0.178112254944497 -0.0546467960172591 0.120615208047287 -0.0235470380439531
0.192662029990787 -0.0133168683402141 0.154886935078399 0.0394077485703681
0.211388843237458 0.0856175870286864 0.113875733232177 0.115210055266609
0.187491938528714 0.174804778255 0.0179566986511071 0.142044474786583
0.0723962147509012 0.252993710284931 -0.0426026291790926 0.0544998445024572
-0.00595870302953238 0.294613300902035 -0.000762109921776257 -0.103173918087023
-0.0153683039276526 0.2334930628465 -0.045892368989056 -0.218153855961881
0.0382232516734806 0.247558120866535 -0.00299934184693604 -0.283608896550431
0.144105270822735 0.212444735608879 -0.0313782030646195 -0.27195048449357
0.188878957047448 0.119814198212582 -0.053305604086463 -0.206832890532719
0.182759741112223 0.0141903726070142 -0.040715845109963 -0.128194688800545
0.153896761223773 -0.0326999073195706 0.00589405950634145 -0.10908421041472
0.14095048456843 -0.0674906827176287 0.0314085581948029 -0.0985782684095964
0.111259605072797 -0.0797191595233233 0.0708016423179517 -0.0793352410676187
0.122476258343351 -0.0718198209956346 0.124152434454966 -0.0616610569709487
0.149957997801527 -0.0187028807494648 0.169917354969007 -0.0288171613720736
0.154152697031773 0.0200235184572569 0.188709154284656 0.0490317535659103
0.154251247994964 0.103583068215247 0.121713070731224 0.117018985572297
0.126232302519618 0.17213651814643 0.020169919388901 0.120487751929312
0.021783110193578 0.224144621222543 -0.0391909147024057 0.00926823985965323
-0.0490698465721176 0.237640263167993 0.0117620874587753 -0.177283729457263
-0.0344307523348736 0.122168649413688 -0.0537557208579336 -0.25217689707188
0.0112076295904328 0.146345328547643 -0.028776543475284 -0.292774213748923
0.0787582780504093 0.123815836853652 -0.0243331230388888 -0.245004931885957
0.0999242654485951 0.0678955834799617 -0.0285595883576904 -0.187090377147511
0.0963846628797878 0.0144413713314548 0.0017289500525179 -0.129518262516629
0.0865207080549421 -0.00706715244556446 0.0459173895275223 -0.125610234872437
0.0872509371310712 -0.024366929432477 0.0675101135727913 -0.121416776794777
0.0728056932106365 -0.0362610887555484 0.105417659621391 -0.097245846440529
0.0805316894277098 -0.0298803460319542 0.165880992641401 -0.0686913099063962
0.0954370462991256 0.00333126162454313 0.206969105285763 -0.017713811752447
0.0951822142928811 0.0273641462729761 0.208848715339006 0.071543117624701
0.0912175819373144 0.0839374549763726 0.124992248980102 0.124278570865412
0.0673293326045366 0.131099560435069 0.0288525829822928 0.10289283006182
-0.0163441776117441 0.161095137699067 -0.0197023859324977 -0.0224928533688382
-0.0754250650289002 0.147394059116092 0.0367397880139693 -0.227395143006035
0.0443538949479716 -0.0367965236506894 -0.0346430517275326 0.266799453479325
0.00212660819419634 -0.0650574279060174 0.0182684206120822 0.0816808607980505
-0.027591315234082 -0.0566823482605945 -0.0328091836957563 -0.0859058893176501
-0.0308812965194712 -0.0157946604863933 -0.115604379958178 -0.131823496372008
-0.00972691829880418 -0.00755838431108533 -0.222041167031994 -0.0960215295116999
-0.0134111545725678 -0.0189728175883155 -0.254487629185992 0.0111141298552989
-0.0298217153404347 -0.0198419116308848 -0.199554291913209 0.0865083467612864
-0.0296669247766654 -0.0139625416813176 -0.128481526759324 0.11847273322759
-0.0310260366941037 -0.0280471206604262 -0.0767341810393459 0.136750894171947
-0.0150520133453153 -0.0428963218810283 -0.0479302828837148 0.144000304490277
0.00252558416324983 -0.0423669936512788 -0.0108429903162214 0.138353818382638
0.0109299120434133 -0.0373470369035264 0.0220722437947853 0.166223519035712
0.0146502587096214 -0.0483158852596842 0.0251117496368474 0.204364969876365
0.0469747621592668 -0.0374061627828521 0.0604953716109543 0.227405604093341
0.0696048020338482 -0.0138987183094028 0.0888625139000095 0.226086655412021
0.0456550396636719 0.0837609359515149 -0.0475196367549066 0.233383006236209
0.011989914293311 0.0412612996466825 0.00986451375432415 0.0535429718788797
0.0148417678270062 0.0366251104046127 -0.0443694286583895 -0.113197064678424
0.0304220713768725 0.0521524072488236 -0.119546923257975 -0.149647630146925
0.0658373878815462 0.0190396784328941 -0.226377571943615 -0.109865488353194
0.0624557750807401 -0.0233256643145074 -0.254181458566125 -0.00517270133800851
0.0386549727718912 -0.053598740855691 -0.201347806349015 0.0718690425076303
0.0200447762560338 -0.0623459091521899 -0.126439938795244 0.104788674252602
0.0196867153079936 -0.0840577717282853 -0.0694588031927593 0.122586268406284
0.049628073677582 -0.082403673715044 -0.0348418559565948 0.125846107022741
0.0785117401670467 -0.0697406004719254 0.00657759690302982 0.126175681063188
0.108967231211332 -0.024732695209338 0.0372204095613133 0.158569567392532
0.105952891630395 0.00948460778777425 0.027538469891827 0.198646404130597
0.0949216079264966 0.0583618846629964 0.0569628427638101 0.207160909375787
0.0914078854570111 0.103352164224612 0.0796796248340537 0.200363084358332
0.040825334113814 0.195507120813251 -0.0493925619349781 0.164416968417666
0.0226370710651536 0.152855543276763 0.0162656085164924 -0.00233824849052005
0.0656060568356361 0.134387234577878 -0.047368380110951 -0.160214274903811
0.102888938499367 0.115600011613613 -0.12400126434699 -0.176478800970734
0.141351482220718 0.0387351551598292 -0.221556513350486 -0.117247154879807
0.132977037514272 -0.0291477748896537 -0.232705249750667 -0.0200023374375618
0.103522195656517 -0.0813225750495411 -0.179554855545445 0.0490938468110578
0.0657580862073158 -0.102199635729321 -0.10692979934883 0.0757982301706976
0.0648984615269613 -0.127383895046438 -0.0490738897462093 0.0893409340001859
0.103315557888906 -0.111043481868647 -0.00874627861106905 0.0903927496056742
0.137557797845166 -0.0911070292422879 0.0376318016132054 0.100524853230524
0.185326813144978 -0.0186288878768929 0.0593495539627558 0.145665465049545
0.182604902220322 0.0528854463169324 0.0313992989736845 0.189780108496096
0.133849982888623 0.137074337676389 0.0384246859638936 0.178136827390686
0.102509047556435 0.202866571879384 0.0584947009305053 0.144743404228083
0.0352212825291452 0.278606181190112 -0.0452212708071935 0.0678585215793921
0.0407736746801259 0.248885562354281 0.0274055792926766 -0.079482676294251
0.124328564272255 0.217155647288076 -0.0458392899968582 -0.213944152772668
0.179018878802514 0.158167233931546 -0.123745332113917 -0.20187393194611
0.207711171010539 0.0398071418663306 -0.200699028300365 -0.118624929185062
0.185460479610903 -0.0403366408910187 -0.188611300888825 -0.0357089297100046
0.150441764694489 -0.10326410741771 -0.137152766955442 0.0172492015740647
0.101721919220477 -0.126184911314921 -0.0719831971394028 0.0351401218458056
0.101245602628452 -0.148394232733804 -0.0186332822150789 0.0435909128925686
0.144881709849852 -0.118473328206101 0.02534308606078 0.0431341347195704
0.177041115255744 -0.0912466728602451 0.0750139494766934 0.0682982116613482
0.230330790382281 -0.00358981088267615 0.0843591438142678 0.129283189980689
0.226813864832474 0.0913954423061153 0.0336290940544317 0.177648543520997
0.149499907820087 0.19543342907836 0.00927583223910084 0.142920135428537
0.0928692753752443 0.271561936685744 0.0308197651257894 0.070241683962586
0.0294310616021917 0.315771442649253 -0.042678516053322 -0.0410941045016077
0.0582373113747689 0.304073552422401 0.0267962325129485 -0.164366291827222
0.171295021467218 0.262236631987465 -0.0435436764490746 -0.2565749768321
0.234185002389291 0.17013993439055 -0.111708728996247 -0.217808308878255
0.244109651554072 0.02771114300897 -0.159477671582226 -0.119579416839235
0.207779146708803 -0.0525707810159828 -0.127743399647635 -0.0572943067762811
0.172306505800421 -0.112764112219446 -0.081639501073467 -0.0209828146883164
0.121125188904533 -0.132178840267789 -0.0268580838808356 -0.00887867566881087
0.124987435619077 -0.143894218367206 0.0223698346773586 -0.00405081261691267
0.169560144494497 -0.101919946385076 0.0682770585513305 -0.00129779899872504
0.195725050076059 -0.0675688602984972 0.11423166083797 0.040924624057655
0.240775510154844 0.0303743018187998 0.105217772247321 0.113266152068186
0.230874743486004 0.129407750175218 0.0318593637737418 0.160078728763898
0.132833665111743 0.233691292138431 -0.0191227215149342 0.102281150310521
0.0634194808758041 0.301252028004213 0.00581267896445673 -0.0148639225256613
0.0203455873710419 0.298305360213116 -0.0472569297472298 -0.142024377273219
0.0657001489166475 0.300172296265915 0.00900804319971011 -0.236318803088464
0.18367384016876 0.25457083409405 -0.0447515537791625 -0.27435991408874
0.241495526589463 0.149744094112114 -0.0903385759213453 -0.215897469789167
0.234362651267478 0.0106281292440067 -0.103531725520037 -0.120490991600987
0.194028741979601 -0.0558516649659535 -0.0603548393047122 -0.0833740294040518
0.165600812221004 -0.105129351735847 -0.0243802154268002 -0.0620302483413781
0.12145405595562 -0.118036569839273 0.0209384746817619 -0.0510316421289163
0.129827872619875 -0.118530705779756 0.0698998253195195 -0.0429626100411487
0.172127879672579 -0.0664995926287461 0.117468501298286 -0.0310901628151347
0.187870841127083 -0.0256324091258438 0.155691621544482 0.0283353388752631
0.214519723538838 0.0703432893144002 0.120783852538598 0.106728900981055
0.195350157462809 0.157997989092288 0.0290536983477958 0.139332118209073
0.0875853557173894 0.24374473722797 -0.0373561645269958 0.0569246741240181
0.0153704699006504 0.289109688016736 -0.00610657363934092 -0.0989607491222362
0.0033485357102498 0.22869186201769 -0.0582618856422404 -0.215261155796534
0.0535403317163568 0.239367848967755 -0.0206796489723768 -0.278671159644656
0.152886112209785 0.197709739028717 -0.0463199786326934 -0.264811963360678
0.19306665617297 0.107282185330165 -0.0627660330804136 -0.2017305900508
0.178500725849166 0.00171559239611198 -0.0462533948184492 -0.123761212251413
0.147800418951571 -0.0420118016111677 -0.000428458177305529 -0.109563506221805
0.132429913684971 -0.0761800551732728 0.0257685340494259 -0.0989182862682419
0.102956612669777 -0.0847418126601005 0.0647463713966977 -0.082735343327192
0.114937454141499 -0.0778903909091334 0.118461701336641 -0.068921775524047
0.146432539999301 -0.0294007131150191 0.165009292522103 -0.0396413260702436
0.151974543555171 0.00992016657678926 0.189522235641458 0.0362440361655746
0.159857218951584 0.0919325676978131 0.128760646630788 0.10779352131105
0.134419677255081 0.159939416660613 0.0297694746377019 0.117836128588624
0.0362093273943075 0.218475343776328 -0.036559422283655 0.0122224550160975
-0.0308199032768613 0.23584176357199 0.00109990405670088 -0.172504040272968
-0.0241965975793383 0.120849312747253 -0.0679337480268556 -0.247627363523301
0.0195191175822125 0.141144033410276 -0.0466171116153408 -0.284844653878251
0.0836215590273025 0.114761515013249 -0.0380508450954091 -0.239491778409798
0.101743286264787 0.0618365601660938 -0.0386967772987676 -0.183412851243071
0.094214594960815 0.00845562210081479 -0.00590494290009127 -0.128105993134311
0.0831616675966235 -0.0121249454305321 0.0369371733166167 -0.128306594555867
0.0833556240951401 -0.0296290222672514 0.0586871009162177 -0.123189670807399
0.0682962821294678 -0.0393332366508383 0.0983312304645178 -0.101955822401531
0.0759565112449891 -0.0338080831750757 0.15851873657087 -0.0785789148888653
0.0943568234844145 -0.00281054388642409 0.201106974771217 -0.0306691264835137
0.095138993792273 0.0210829783115783 0.209751066468022 0.0570723283383502
0.0952753983570386 0.0765186049189549 0.131192927982224 0.114381655573632
0.0731536155442896 0.123539606374616 0.0368360724104601 0.100490151278731
-0.00535703504307911 0.157259280173733 -0.0200215565628212 -0.0198163013037716
-0.0628252517546088 0.148529963361201 0.0217429343250538 -0.223464688013341
0.0370826069661222 -0.0369435280274369 0.0106158246902151 0.255863293381883
-0.00672796735443672 -0.0590165957728827 0.0331914450055982 0.0727316129647876
-0.0356836611347884 -0.0488165173517862 -0.0415296003698115 -0.0773912332042094
-0.0337575970513595 -0.0110478991788149 -0.129391722818397 -0.108815562465599
-0.0147494294392527 -0.00720954642747994 -0.226930457048327 -0.0556473575231662
-0.020617740926732 -0.0124904480588438 -0.235864626141515 0.05221996938467
-0.0336518482087421 -0.0106222994411692 -0.173224313055437 0.114315154460825
-0.0294748324756848 -0.0067147977835834 -0.103333675182865 0.130576059104028
-0.0325889610781326 -0.0200399671184566 -0.0524467585871643 0.141343192289912
-0.0192927641006802 -0.0381105573778887 -0.025491929901858 0.145807282073693
-0.00337012360685321 -0.0409242271116015 0.00906969913498961 0.134816749778207
0.00725633054223787 -0.0393206252555189 0.0425420824221624 0.156293151424791
0.00969587623908099 -0.0490085016261421 0.050809659771225 0.192623074150981
0.0407069691724521 -0.0450438625053286 0.0866910596585558 0.210288788950241
0.0642750048939697 -0.0249704024031431 0.113045736210771 0.204461267892942
0.0604700470309856 0.0765193280403871 -0.0117892854900042 0.223621288873896
0.0215453568841917 0.039190797841519 0.0163763979415218 0.04677275916373
0.0209318127936791 0.0319992011414594 -0.0611314721990926 -0.101656064093586
0.0374072897666937 0.041884859440362 -0.140027956709654 -0.125685262316579
0.0609243603774096 0.00568082968855892 -0.233961756102425 -0.0662060038514948
0.0504093282081877 -0.0294737853217699 -0.239385520577464 0.0384406549077753
0.0262776768237706 -0.0562367847991787 -0.179352931325026 0.102994878566706
0.00954268427529334 -0.0593940374301607 -0.10291769893412 0.117970837294476
0.0058620010826124 -0.081969639975095 -0.0471564461835991 0.126328535200563
0.0356844985648767 -0.0869260282230062 -0.0148599312228428 0.127665310223722
0.063730098633047 -0.0788585411793355 0.0235962158889476 0.121215211431146
0.10269929000101 -0.0437006536599505 0.054253847566947 0.147780241062758
0.105284483277791 -0.00896829352933492 0.0511743708081325 0.184962840740482
0.101462612920072 0.0391462257803318 0.0830676215964863 0.188237494214003
0.103910163479938 0.0850236521578045 0.104071607673942 0.178918946399189
0.0762961454791605 0.180857178242657 -0.0284518839207432 0.155546075236866
0.0517077873836843 0.140685576925608 0.00862332153830384 -0.00824706598855692
0.0854058511792489 0.114709372024782 -0.0772663381260504 -0.144838934446324
0.117343080085221 0.0889304637734855 -0.152732586668849 -0.149012439537708
0.135170864934535 0.0113098828216547 -0.230949905091661 -0.0711584770964975
0.116124282041295 -0.0478917586422378 -0.221422302896612 0.0231540362061204
0.0824471633394442 -0.0953696898560038 -0.163374278357616 0.0796784644695742
0.0466568036301774 -0.104236430165754 -0.0884073564592797 0.0874657798439213
0.040690969696348 -0.131452450842563 -0.0326170447164874 0.091416813680524
0.0818465816260316 -0.124487640378456 0.0043363850799223 0.0897280840017335
0.115939474438351 -0.109035283062814 0.0498634841732636 0.0929528697862103
0.17613368743443 -0.051144114741169 0.0727224247592885 0.132368249191923
0.184444943653788 0.0193926048687338 0.0531123453452829 0.174606845760687
0.150960404568232 0.108742877064403 0.0630671050521462 0.161452876749675
0.129555641682227 0.17785256684927 0.0792907786296966 0.127412388896582
0.0857753583085219 0.258246610711975 -0.0426722258893378 0.0621469911922357
0.0846459099578771 0.226275908611104 0.00248491438740207 -0.0842108355212734
0.154301080031585 0.182015544312377 -0.0886665816992345 -0.1943868733417
0.197695536882336 0.114873228262012 -0.160611289824803 -0.170240934896457
0.198018182332596 0.00171965609815896 -0.212161434781726 -0.072581991825359
0.164110195013867 -0.0677889964055769 -0.183323179733318 0.00210696250912261
0.124185092890313 -0.126580114312847 -0.129736881255953 0.0439659243996057
0.0754501792619207 -0.132878814297666 -0.0607884800785666 0.0449898044581136
0.0712026948523461 -0.157780564792972 -0.00921366675867067 0.0437920764357791
0.118868771274765 -0.139076751718226 0.0303138634062394 0.0407317944083324
0.153284396298472 -0.11678951174259 0.0799143429369338 0.0570327992384812
0.222589239472168 -0.0443989313929682 0.0932200437422254 0.112049094336455
0.232736522572845 0.0484256352287331 0.0531460757941253 0.160381926167639
0.175473281309318 0.162460911505103 0.0331945766983909 0.130721192525059
0.13121268255915 0.24565881329813 0.045435639268353 0.0589850740304254
0.0866095883653952 0.292249241140486 -0.05915983975419 -0.0413768482413638
0.110095797849155 0.271683127346906 -0.0140471069463118 -0.163711230894202
0.205968516051117 0.214327815735291 -0.0965852505073563 -0.233490237931846
0.251707171632779 0.115419155095386 -0.153271142750055 -0.184438481266103
0.230310607264303 -0.0165515876046968 -0.172209399184732 -0.078621381003333
0.183209228845249 -0.0840192653667542 -0.128781335307833 -0.0272196875079899
0.143237364840003 -0.1404305354487 -0.0842616192865496 -0.0012189581786321
0.0929853049355689 -0.14238342360484 -0.0252266068829328 -0.00381208868888572
0.0938096703259651 -0.158657860341922 0.0224365421786944 -0.00673309045528987
0.14495113466456 -0.128328566287682 0.0642339272265178 -0.00795763317186702
0.174609763426015 -0.0964295115609898 0.113556627208676 0.0247957064965156
0.238166000138791 -0.0137898556776856 0.110514803663469 0.0944942079166562
0.241563922262149 0.0838825693902226 0.0497261426825922 0.142875710916174
0.165037910556707 0.200335385233802 0.00102072454038636 0.0955727623677002
0.107310268055836 0.278938185640688 0.0111307788729794 -0.0187133061100328
0.0742906229017893 0.275494429087157 -0.0790132669185269 -0.13555021405947
0.115197653936849 0.265727894017414 -0.0433297493649942 -0.22812206520139
0.215498626923077 0.204618255867553 -0.101173158715134 -0.248841808095409
0.253974132631992 0.0944055908423147 -0.132521103834496 -0.185508754433132
0.218687500902627 -0.0298755773289358 -0.118126542569639 -0.0896207431344726
0.170741963811947 -0.0848817967675626 -0.0698648836730475 -0.0634601318477303
0.137776666637598 -0.132618946617938 -0.0364169284586785 -0.0498693235005147
0.0950024136320158 -0.129298709394354 0.0137655522502995 -0.0505034802930953
0.103336832191262 -0.135732667393522 0.0620228456777759 -0.050691691267463
0.152815391355767 -0.095761149053059 0.10595079165278 -0.0438453182034531
0.174341109740676 -0.0568924256794138 0.150077591287157 0.00700379940193821
0.219384796930218 0.0284466071887468 0.125094415040807 0.084239078333705
0.211197213044678 0.117436279125187 0.0460873316019875 0.123260326365633
0.122778601313183 0.217553806109707 -0.0218737966122843 0.0554618748365622
0.0594741610690046 0.274495482658735 -0.0106918975019352 -0.0962287647015711
0.0431284061819636 0.211361877981238 -0.097399969637238 -0.20137468980626
0.0907999702631968 0.209751680851946 -0.0749741497420956 -0.262610707833024
0.175978120090587 0.156120168108626 -0.0975367554053989 -0.240068654554596
0.199418310756163 0.0632550148493914 -0.101419869403848 -0.176286735140922
0.165634346358836 -0.0295394375255128 -0.0642045107677073 -0.10398741137273
0.129808205478549 -0.0656619966451373 -0.0183275018746179 -0.0998706523078737
0.111651511352875 -0.098616197423667 0.00531766472546845 -0.0935439323833188
0.0828779583455489 -0.0962158661328905 0.050546481595718 -0.0875438920766882
0.0950650958934193 -0.0952376321289574 0.104101217560272 -0.0819953911771684
0.13448820341179 -0.0557776865168216 0.150473823597866 -0.0597395538252238
0.146163716259821 -0.0172879832996696 0.183170589134212 0.00939588407821395
0.170367629560228 0.0584912326534813 0.134032769038716 0.0841783519316466
0.153580617420642 0.128246180616082 0.0449976568685059 0.103327504339061
0.0688239241775711 0.201119693611894 -0.0268824187720818 0.0142764637563212
0.00616445488012744 0.229664425750173 -0.0148122616558606 -0.164689509892471
-0.00365460162119522 0.113793447669555 -0.107966206093968 -0.228315493029052
0.039697278158073 0.12354516656598 -0.0969174626339948 -0.263577748738521
0.0949035875015968 0.0898837305761576 -0.0812631943247838 -0.218372684071097
0.10556864754354 0.0378663711374055 -0.0714076817163462 -0.165920899344517
0.0877975628228925 -0.009552627911105 -0.0258810749885435 -0.118167753822655
0.0743143070130418 -0.0272186311654713 0.0133242717948428 -0.125709069907766
0.0734274418482826 -0.0456789566942853 0.0334571466054592 -0.124043344996166
0.0574728701280486 -0.0489450098555751 0.078145928792753 -0.110326394973012
0.0661859546262175 -0.0469334494649846 0.140911528392811 -0.0964502810417656
0.0890322931457917 -0.021591817654899 0.186583341516254 -0.056159565456021
0.0936995268728175 0.00252230137531934 0.206037652100463 0.0257465222935869
0.105210699123854 0.0553059978485269 0.13871151220112 0.0919583878415851
0.0885580415987278 0.103971278470665 0.0499324992806478 0.0881786032240788
0.0187114389680568 0.14918788605449 -0.0170502942488275 -0.0161874340387764
-0.0386559358907387 0.151006867823119 -0.00322643531810603 -0.213717733152513
0.0326975659633518 -0.0353292444017023 0.0200433936491365 0.240341757173211
-0.00712656693367699 -0.0546478679537425 0.0341436475097352 0.0664243758996684
-0.0333669559430787 -0.0436114036331417 -0.0418727993502801 -0.0742678579391542
-0.0310985633251198 -0.01006287427197 -0.127136975873275 -0.100350259729044
-0.0135039910202706 -0.00794954696282515 -0.216797455638721 -0.0438638830632179
-0.0187151260217988 -0.0113358977688926 -0.220383374897688 0.0601282567749539
-0.0317349000474168 -0.00840757551994976 -0.159660561009943 0.115573985136003
-0.0273635524889626 -0.0056231741636198 -0.0936039979036744 0.128145812428166
-0.0309639668619447 -0.0177512125756675 -0.0433974548541162 0.135791567228222
-0.0202455531319514 -0.0352023265794244 -0.0170987116080591 0.139720525552925
-0.00478690182500976 -0.038931004787998 0.013825279559285 0.127971218162262
0.00561497634639007 -0.0376639394855674 0.0463789791576805 0.145985442509253
0.00770093608279473 -0.0464944325062883 0.0549809455641418 0.181040190901145
0.0366681556895513 -0.0438122472655203 0.0894743754939189 0.196639118337122
0.0581835598271012 -0.0250880883258092 0.116164703120977 0.190878089822854
0.0608638662367816 0.0701343877302257 -0.0025430405882213 0.209065908144952
0.0238586070725595 0.037534386267153 0.0171801576047737 0.0419080363454877
0.0228007871934931 0.0304027855632691 -0.06050589057034 -0.0960383529367268
0.0392184076979632 0.0379673550127525 -0.137570185974995 -0.116825942076678
0.0591222255665008 0.000892218397504824 -0.224134972112015 -0.0533706449388132
0.0476021898208345 -0.0310945170494502 -0.224140998208975 0.0464000642505691
0.0227821474144126 -0.0545358374513779 -0.165171895689685 0.10456395137564
0.00727486618194987 -0.0574621766387975 -0.0940653959695166 0.114776668804267
0.00241013004351043 -0.0778662321023373 -0.0387924222605967 0.12048002996776
0.0301103716797059 -0.0846161068246609 -0.00774643411118926 0.121646697748544
0.0568232409217178 -0.0777260055894739 0.0275084966132494 0.113760470466261
0.0960952084027344 -0.0467201224502737 0.0570591132059221 0.136851663552844
0.0998130778079469 -0.012269700707694 0.0563615948007111 0.173668981663087
0.0981487387908801 0.0334285537476805 0.0857127587996857 0.175785730087351
0.100716754839753 0.0765827761960522 0.107050800573308 0.167082824743198
0.0808495966765513 0.168038249643237 -0.0215233886417531 0.144955602440814
0.0560563517465289 0.132702040821779 0.00846732019924798 -0.00995108770364985
0.0867308319895724 0.1062995597951 -0.0769105081883198 -0.136378669586351
0.11760124713434 0.0795037812310812 -0.149176401645094 -0.138464660884168
0.13030125059516 0.00423882173984472 -0.220409121765211 -0.0590374339214672
0.109390233884645 -0.0508529492930499 -0.207841234456324 0.0307754503515759
0.073729161871018 -0.0947589528454225 -0.150342049445601 0.0818957854336051
0.0399693122940618 -0.100851739745106 -0.0808586061854195 0.0851428599025611
0.0326468523594465 -0.125556977966721 -0.0264575616222923 0.0867685416382163
0.0719911701224103 -0.122208532416914 0.00864116385892405 0.084488086744993
0.10515378906747 -0.108350454578573 0.0513268290621031 0.0860715852059654
0.166084030459168 -0.0569596290532858 0.0747126925924897 0.121255843807625
0.17601876113208 0.0107371192750122 0.0582542202139631 0.162805857534539
0.148622918765749 0.096822790776867 0.0661957739860827 0.15065803065369
0.129727981412171 0.163642561075379 0.0822672624124214 0.118992283037561
0.0933770114035858 0.239834131005293 -0.0392963735279024 0.057280582355047
0.0906928386274349 0.211591896150159 -0.000471923620917731 -0.0812243365114996
0.153965811144393 0.166262495493657 -0.0889152627960964 -0.182649054374456
0.194983906608553 0.100946367562816 -0.157539107344668 -0.158347950902283
0.188659449602044 -0.00709940412039124 -0.2019439713248 -0.0620123523512368
0.153120303454333 -0.0717609553897806 -0.17272386427452 0.00876505504063222
0.110946251830665 -0.125543939762579 -0.119603434033458 0.046297255675323
0.0664729587156748 -0.12912062065331 -0.0567264782356435 0.0432014378180443
0.059954778572414 -0.152099150548024 -0.00661028771684009 0.0406969257780764
0.107059785067881 -0.138195039005788 0.0313893121703145 0.0368282310325712
0.140071949456312 -0.116890901239907 0.0790491836904513 0.0507781001749439
0.210113218285348 -0.0528503545902152 0.0938715564419667 0.102053538001018
0.22260817805183 0.0361965410201658 0.0583261089910847 0.149269894254154
0.173940745803874 0.146507419435903 0.0363768726856698 0.122350145360111
0.135517345580121 0.226364705143095 0.0463209239984232 0.0553031681908458
0.0951802073617964 0.271643541532241 -0.0586618128571027 -0.0401966130263767
0.116185889199478 0.253834776959596 -0.0194293351500673 -0.155950550213083
0.203379640968548 0.19500225033165 -0.0977263033278053 -0.218898368960322
0.246178109409842 0.0994451044380619 -0.151560600688786 -0.172390800941699
0.218086678678617 -0.024321839799725 -0.164277979435868 -0.0695390189434422
0.170701767224912 -0.0870474252271738 -0.122888910466577 -0.0223265382507956
0.127851689319768 -0.139971197508858 -0.0780429001279024 0.00171014628602951
0.0816416983343136 -0.138495666928643 -0.0242479021410738 -0.00399479008924194
0.0813876661370417 -0.153262457704176 0.021547817861326 -0.00820123630454145
0.131481764994294 -0.129506746983031 0.0605389405028309 -0.0107975102301484
0.161491113830546 -0.0981618276694766 0.109758657742224 0.0191438063435999
0.2258596288346 -0.024816110415116 0.110031942669331 0.0844744114449743
0.232594801401916 0.0692441273837104 0.0547944820490936 0.133101240478233
0.165856496440788 0.183569210126108 0.00529493056896922 0.0901408868816899
0.114022687940435 0.258692972898896 0.0112281293625324 -0.0165265519826783
0.0832530773875542 0.255474560443355 -0.0813083587740871 -0.128151590654906
0.119682667816393 0.24642047009314 -0.0485811559366532 -0.215472780185357
0.211459058167451 0.184803389792186 -0.102268840306012 -0.2327170438652
0.246844824709752 0.0798171052570842 -0.131255254060256 -0.172690462142849
0.205914863902049 -0.0371266382184866 -0.113675955742434 -0.0820340324057137
0.1581914312513 -0.087279760033333 -0.0688142037232019 -0.0592984582749862
0.123306773794343 -0.1317717358577 -0.0349327642058966 -0.0459568667071374
0.0848045577600959 -0.125917270686189 0.0116306244506735 -0.0497805566567056
0.0910636188249767 -0.131579934869426 0.0574036684786773 -0.0509838624626666
0.140214797539215 -0.0986157794363684 0.0985113081463193 -0.0463089955833519
0.162629006617741 -0.060756118616917 0.143333300661227 0.000305606159370045
0.210521800031395 0.0166432921892872 0.122885882713765 0.0744273468194447
0.204480232703472 0.10122054984859 0.0506806276634588 0.114277815507098
0.126336538603887 0.200206560643432 -0.0180525870056338 0.0532075280700419
0.0689977641053089 0.25578832084549 -0.0127571185545879 -0.0887136343847928
0.0508785776452341 0.195778973807528 -0.101110480649414 -0.189362576143391
0.0945232682271904 0.194831353944224 -0.0807409600958906 -0.245897789215896
0.171383590279798 0.140657926250958 -0.0995744748062463 -0.224227453444078
0.192905138810883 0.052796199504534 -0.102365314563873 -0.165145119806523
0.155196970887071 -0.0338092338894425 -0.0634649843217518 -0.0978706631233801
0.119931841900736 -0.0673011553059763 -0.0220628416993906 -0.0957203445305756
0.100474014514772 -0.0989463469554953 0.00194726172508381 -0.0892116926620266
0.0739668263311584 -0.0937037898105485 0.0450493421835335 -0.085618332777972
0.0844625923687543 -0.0928274558984571 0.095777646976637 -0.0820427222296161
0.124850988042565 -0.0596027466626063 0.139408586708887 -0.0626683898705112
0.137646363082212 -0.0223248835272022 0.174134474494894 0.000743227880388302
0.165116619976048 0.0470379918081092 0.131217016345726 0.0750196234449256
0.149540349956516 0.114675030527457 0.0479873528561749 0.0959885958804955
0.0733718124476689 0.186856395589458 -0.0246095935461928 0.0149578789000012
0.0166788650116004 0.215922516628568 -0.0193511700415692 -0.153951836160664
0.00240963648103335 0.10621824182363 -0.111499381884185 -0.21403948470241
0.0420120183202374 0.114369097906495 -0.102582714880007 -0.24609822628854
0.0920048625865766 0.0817346103326509 -0.0841251853353299 -0.204180180913571
0.101774532248586 0.0323960205287988 -0.0736379930841536 -0.155985427475596
0.0819924160801579 -0.0121053650232947 -0.0286888830208115 -0.112630419098041
0.0684954911857242 -0.0275637270538796 0.00730410046179647 -0.121109887603065
0.0664376693254563 -0.0464520094022234 0.0271763391556315 -0.118787576417233
0.0522156612767575 -0.0482334115393687 0.070210301501789 -0.108127711543156
0.0598042856868668 -0.0468844373673848 0.129506807755334 -0.0967537266832583
0.0835398237504032 -0.0254915850694532 0.173691522308576 -0.0612817218905529
0.0887952611868443 -0.00090761288737371 0.196839510790255 0.0163462376079322
0.102340042367497 0.0466943068532029 0.135313438453247 0.0816254181848151
0.0869627594395634 0.0944062988158443 0.0517652728699294 0.0818665123045497
0.0235506480704948 0.138714911360919 -0.0169955082260381 -0.0145124253962162
-0.0291259758380987 0.142909933871634 -0.0116084740400403 -0.200583255576652
0.0299055549946869 -0.0331802840571799 0.0225171672374389 0.226570782558105
-0.00607717903075942 -0.0516833606360005 0.0333253513374686 0.0619449087436515
-0.0308003154714371 -0.0413447222018285 -0.0406475503540709 -0.0719404250901318
-0.0285721078932489 -0.00957694187940672 -0.123707092489926 -0.0962482584935182
-0.0125681829758027 -0.00914975621194008 -0.20759920548229 -0.0392462493770729
-0.0173800099539522 -0.0114550321344933 -0.208125728229298 0.0612610357497949
-0.0298997159889636 -0.00743726711261518 -0.150293808328472 0.112651613553569
-0.0251035029137785 -0.00564931606477991 -0.088931134614163 0.123723481835594
-0.029192868694884 -0.016667664948868 -0.0395196975989386 0.129579581074199
-0.0199605242005375 -0.0335354591950415 -0.0135482207986579 0.134392160461672
-0.0058544464597255 -0.0371239078864628 0.0150771932238273 0.122628116459027
0.0053993514873555 -0.0367701269418283 0.0445951919620389 0.138309200199797
0.00789947810273323 -0.0438388066500797 0.0539538473311632 0.173187315051185
0.0337140097488645 -0.0421350101062304 0.0872313312244656 0.187820145799591
0.0534472289116417 -0.0239682784239817 0.113940444354512 0.182351497218537
0.0587104775809585 0.0668838511450365 0.000465194731712633 0.197111857290092
0.0245077493229844 0.0361603590173177 0.0169607646050961 0.0388121623933923
0.0242025229847616 0.0291029472941455 -0.0584845247656894 -0.0929062215098246
0.0407402083487787 0.0351893252253352 -0.133126498171542 -0.112410048943368
0.0575283372872381 -0.000995387781001639 -0.213880892787992 -0.0489603126954264
0.0463428447312633 -0.0319170756837961 -0.212553260583106 0.047590801506472
0.020563424431058 -0.0520909786336938 -0.155077751882213 0.101922604801535
0.00648115683368336 -0.0555969838799048 -0.0896522397001752 0.110406280080485
0.00130427268603556 -0.0741425243116864 -0.0346801141670026 0.114432194969048
0.0273199711286586 -0.0817344045983794 -0.00525392126487529 0.116058458913501
0.05329004225544 -0.0755320345192628 0.0279352843368374 0.108532998139624
0.0917111807822354 -0.0464651165571431 0.0559073007118845 0.129874992606592
0.096119001288979 -0.012895808727017 0.0560386601279301 0.165027251821029
0.0943674546532427 0.0308755263676803 0.0834344133761505 0.167358254189922
0.0962629919462956 0.0719313544925148 0.105207134038066 0.159435042801454
0.0797633026037153 0.158921810150374 -0.0190391514215469 0.136044128471535
0.0568414405625531 0.127038204909075 0.00841833402746723 -0.0107262261208795
0.0858823985235047 0.101162865036641 -0.073387798725155 -0.130912904193814
0.116256244161517 0.0743201473583203 -0.144551648404895 -0.133565952450176
0.125776981805226 0.00112895525128051 -0.210399569534518 -0.0548047702408138
0.104698592487454 -0.0514816263709904 -0.197681842399422 0.0315849458046703
0.0683849091280679 -0.0911423657548524 -0.140607962207373 0.0790718114786241
0.0370721368515796 -0.0976167168219419 -0.077547787543029 0.0816596050987912
0.0292264516939226 -0.119634987462431 -0.0234771940027855 0.0814910172865851
0.066866732435093 -0.119208867181084 0.0102489116410653 0.0806362626004745
0.0992447026322126 -0.104421404069002 0.0505862369137035 0.0812473727110167
0.158116490528125 -0.0579192563298025 0.0736840142376827 0.114510455215338
0.169040688620849 0.00780687651755848 0.0582826350062741 0.15479758112717
0.144153009949919 0.0905440568063276 0.0650732685915596 0.143794027863809
0.126367992983114 0.154203694979853 0.0808262839092233 0.113754003587845
0.0929981630820339 0.225841995134476 -0.0369889575611548 0.0520641457351687
0.0904717272619473 0.201474221292886 -0.000606519470382283 -0.0785760104235365
0.150441998226389 0.15791594042656 -0.084991942934146 -0.175054366509421
0.190833368861259 0.0939687802575418 -0.152511673706361 -0.153127870995458
0.182123800216957 -0.00992148982925203 -0.192418611994734 -0.0586041964920699
0.146616583311031 -0.0718410987727205 -0.164190869524547 0.00976407588923731
0.102803195848922 -0.122125230027968 -0.11129092369583 0.0446881316306665
0.0618830930210831 -0.124593529414963 -0.05462367388958 0.0406141205452875
0.0546590856362391 -0.145257624913365 -0.00538241124555229 0.0376528683563147
0.099925637812362 -0.135032740562868 0.0306089021254867 0.0345051954532151
0.132469490190115 -0.113754530267019 0.0765333207276956 0.0467144206623875
0.200904897601846 -0.0548698788997017 0.0915727774811657 0.0950813053575837
0.213520089260306 0.0309552442908683 0.0587451486487727 0.14134300543488
0.169295820839395 0.137365774986285 0.0360649837418396 0.116959393006529
0.132610235952682 0.213405977261016 0.0465972357294669 0.0535483437862696
0.0960629467920669 0.255567370602349 -0.0573347883411311 -0.0406050899307097
0.115453943321195 0.240731215007142 -0.0202798821371732 -0.149305314864405
0.197255131956271 0.184485932881806 -0.0939212616111079 -0.209365122688468
0.239382710046495 0.0921819199951013 -0.146179065069224 -0.165963670226236
0.209011872844688 -0.0269120362715987 -0.156353501957989 -0.0664625267472534
0.162743081654444 -0.0861879265012949 -0.117124386164309 -0.0208139222363748
0.11805658426102 -0.135747405663072 -0.0721336234884214 0.00149893534963834
0.0756986159472216 -0.133506468688269 -0.0239433868358091 -0.00517008319133336
0.0741315524563066 -0.146794862135254 0.0209705737456856 -0.0091945826214907
0.123264754944813 -0.126999041296206 0.0578495053943944 -0.0113655028186511
0.15310858443238 -0.096141464175408 0.105311567381451 0.0154651943350705
0.215933944332616 -0.028589319708867 0.107321342673062 0.0784532854910869
0.222481701260627 0.0624718925967594 0.0557515573572416 0.12569562250508
0.161962536695653 0.172022606676409 0.0059104188677455 0.0864724270448318
0.113397421725169 0.244964326621386 0.011403205743674 -0.0149562036374453
0.0841807485952615 0.240333100027119 -0.0803382513576334 -0.124202102328062
0.11895977014006 0.233172429118247 -0.0493387964550452 -0.206324266586446
0.203886003738684 0.174064656339446 -0.0978337231758694 -0.222554491717216
0.23837264602691 0.0727279555087883 -0.127592563712491 -0.166285035473773
0.196739034680183 -0.0382757778531396 -0.107636006602314 -0.0788345346276389
0.150070024619579 -0.0855009685940919 -0.0668794646993308 -0.0578017117258348
0.11388394230182 -0.127711021953849 -0.0320643918199128 -0.0443202370138689
0.0784520605155845 -0.121950126435697 0.00966570024803822 -0.0486441220424659
0.084589785990327 -0.126073826350332 0.0542807738254706 -0.0502772472982395
0.131911125545441 -0.0974118913885895 0.09289974205941 -0.045565808795138
0.155340935272108 -0.0604895625838523 0.137385650372999 -0.00258951479456132
0.201525376417152 0.0111268843575186 0.120003474896803 0.0694378187556751
0.196558427734411 0.0941198895454061 0.0510845497931779 0.107481275985616
0.124527506575917 0.18844284894059 -0.0161913328999793 0.0506957584350019
0.0707555813368401 0.242345807298268 -0.0124708823748749 -0.0841356554661289
0.0523666567724967 0.184505179323702 -0.100127177327112 -0.181383532910287
0.0935314824787134 0.18386259257873 -0.080524617075689 -0.235052644705804
0.16461119760229 0.132330015090388 -0.0953674187422763 -0.214177694236031
0.185960230203594 0.0477589485949875 -0.0998033442459002 -0.158163563322739
0.147729889905732 -0.0340309377917332 -0.0605089403951969 -0.0948627513629832
0.113472794417478 -0.0653473366841191 -0.0233328068038238 -0.0931618445168977
0.0931795191264619 -0.0961263399048905 0.00189024886088654 -0.0856765698205319
0.0689146806420745 -0.0905251951938291 0.0419849953258856 -0.0838573022304762
0.0789362599727278 -0.0891223489100531 0.0906221816919548 -0.0800729513743193
0.118028281101169 -0.0601913732892095 0.131392173509351 -0.062123687753727
0.131838805635012 -0.0232236631869864 0.166966729718259 -0.00184857737995247
0.158748737253586 0.0418059992633192 0.127555438650779 0.0698016175214525
0.143334891786602 0.107427084243905 0.0489466371571715 0.0905396945213552
0.0727894773760261 0.175641941391247 -0.0233802575779212 0.0149577790928543
0.0201756145603057 0.204535282611218 -0.0203063298595564 -0.145671336395227
0.00475856543143623 0.0991485989982034 -0.110781791346156 -0.204665677025985
0.0416537848598437 0.107586560931001 -0.101094842103453 -0.234586994197123
0.0881318125889402 0.0771542676874584 -0.0813749954345749 -0.195333741182402
0.0980131511523249 0.02918194929189 -0.0728362952716925 -0.149082620650594
0.0770994598356455 -0.0123507212305694 -0.0282213964577111 -0.108587631808346
0.0651055519493946 -0.0262320407793752 0.00441485528271115 -0.1178556441677
0.0616640808737653 -0.0454908583870563 0.0247476081424673 -0.113542439448953
0.0490515852145366 -0.0464888316841653 0.0658507932897777 -0.105264789476202
0.0558630343323834 -0.0449485418064974 0.122740555829025 -0.0939887189490864
0.0792320225132768 -0.0258513746951483 0.164314678093723 -0.0600982955482873
0.0842371331794819 -0.00213893302043816 0.189006139760214 0.0126525783040492
0.0988493228958175 0.0433951616411959 0.131710736051852 0.0772074155805149
0.0828587173453054 0.0890096796056755 0.0517955184507446 0.0773037112840555
0.0240813396375424 0.131116077590448 -0.0163124684330376 -0.0133693890745324
-0.024817793540288 0.135609128849941 -0.0138460955771736 -0.18949686986533
0.0282321435805935 -0.0308685900103272 0.0221683528370662 0.21979996791275
-0.00464673331958726 -0.0501004887967856 0.0324768842639439 0.0594413656496656
-0.0281312073311394 -0.0402770029254182 -0.0405473325388686 -0.0718706343234745
-0.0264963575062819 -0.0104904138552528 -0.122486386510634 -0.0955391003127232
-0.0119176467518455 -0.00981226861260827 -0.203824708310988 -0.0384356302182751
-0.0163036809322716 -0.0120174833186174 -0.20261038956462 0.0604526412202535
-0.028457784416796 -0.00686782481390451 -0.146607291315279 0.110067590633424
-0.0243968189826325 -0.0061249747368615 -0.0881875770292554 0.121741305969283
-0.0278129768356397 -0.0165843139900484 -0.0385232133713901 0.126055149076831
-0.0193858638887312 -0.0324871234324987 -0.0122130404131053 0.132142094418271
-0.00585917475642685 -0.0366610361641347 0.0140832695313209 0.120060794401147
0.0060159595329972 -0.0362782567349327 0.0429178633542603 0.135286723517186
0.00869235962802756 -0.0425125018819764 0.0518582593159064 0.170979564026838
0.032733942788794 -0.0404114415291165 0.084538586572881 0.183788605169649
0.0508350055691946 -0.0226277150089631 0.111454999312151 0.180040461343609
0.0570689852865272 0.0655184245297029 -0.000301112694265429 0.190585325071316
0.0253010470056316 0.0360208502399695 0.0171714744192716 0.0370021713341704
0.0255615812425999 0.0285988076909492 -0.056641636922346 -0.0926096090130077
0.042148260156079 0.0338894432010642 -0.131625457502068 -0.112427307146619
0.0575109877673406 -0.00247288893135005 -0.209104082896829 -0.0491695353862374
0.0465112741595496 -0.0324635599778896 -0.207027193609091 0.0461785452213835
0.0202536522539875 -0.0512081581151381 -0.150308744638055 0.0990111712413913
0.00639447223835948 -0.0552435062402452 -0.0888680015183996 0.108023017548382
0.00137158831041235 -0.0727870918440018 -0.0341153841393017 0.111422094839526
0.0268837570906553 -0.0803671311568379 -0.00415470813021743 0.113767749301124
0.0522325149314738 -0.0734977946580876 0.0274525485058261 0.106285797788879
0.0902883576828114 -0.0466458158649688 0.0543903981982135 0.126338253766089
0.094703759648187 -0.0131401151857575 0.054730555314298 0.162327343413889
0.0924404346279886 0.0305239264559188 0.0810260669842315 0.165127894250582
0.0932187967500442 0.0712103618216936 0.104038009313011 0.157132675867929
0.0781492389448399 0.154811042905644 -0.0194467624722163 0.130436778160128
0.0570281542565175 0.124106425031072 0.00858255962224925 -0.0111992872807778
0.0852960973078188 0.0995216375461733 -0.0697348675885948 -0.130730542906261
0.116992188585903 0.0723396260047933 -0.142399432711486 -0.133672162747046
0.124399044278215 -0.000273341710028876 -0.205275345965788 -0.055272074009369
0.103260604412638 -0.052710306410836 -0.193042508470356 0.0300923005864628
0.0661965971117247 -0.0902631161883641 -0.135774908191317 0.076309952503407
0.0359789598617778 -0.095992201847731 -0.0769901926672212 0.0793130860282423
0.0284505637544146 -0.11692039380815 -0.0230412893094586 0.0787321331162898
0.0651058482203748 -0.116878286786977 0.0110987104302554 0.078793905678654
0.0968326729497125 -0.102342958199029 0.0498261397278689 0.0794374670968901
0.155580424452995 -0.0573338875358982 0.0717636573473159 0.111906615611869
0.165665868944378 0.00727553951011569 0.0574031417051925 0.15140223670725
0.141113125303128 0.0884526590336363 0.0630205638168865 0.141217393423251
0.123345843752154 0.150445744977665 0.0802223088342171 0.112390276439181
0.0910176767792362 0.220120002543384 -0.0375624442775825 0.0488804931747248
0.0891881549484718 0.197440885876034 0.000268014972097752 -0.0771764557847856
0.147780811409954 0.15551228898989 -0.0808412572333419 -0.173681571658663
0.190283023265946 0.0910847563289945 -0.149263792587747 -0.152600085462214
0.178990244860697 -0.010516186288526 -0.187102042918546 -0.0594297533451906
0.144969103983672 -0.0721099154036311 -0.160898734251527 0.00821906221664558
0.0994847997619379 -0.119463852333162 -0.106674362649595 0.0428349107015077
0.0604865494011842 -0.123238277527553 -0.0547557598671942 0.0390292064338385
0.0528554409209091 -0.141173139642164 -0.00463477876268219 0.0353000837370036
0.0967931911281204 -0.133478698589858 0.0301299266364751 0.0338258276074895
0.129598282681895 -0.11125013033413 0.0754215187774457 0.0447887415538488
0.196888254791915 -0.0546377500372195 0.090700660606527 0.092481553728927
0.209263755220887 0.0296909558053622 0.0580742285137854 0.138326988613022
0.166303036545396 0.134290003705851 0.0351440607325597 0.114980760858029
0.129739634625513 0.20882687605161 0.04620497884373 0.0534203448423188
0.09458022597201 0.247875298268685 -0.05726831376352 -0.0416111773452794
0.113604018321957 0.235584212522094 -0.01870687762247 -0.146091438243334
0.193345545457837 0.181860318138473 -0.0892249060275551 -0.207189799447487
0.236541602206645 0.0890516809895393 -0.143302662925357 -0.164907005074381
0.205024683963966 -0.0262346723099654 -0.151106602495318 -0.0675487365699553
0.160226557900242 -0.0855830409288076 -0.114953034879798 -0.0223056353203854
0.114322389008211 -0.132745542731333 -0.0685835500672289 0.000384536099795788
0.0737040809367887 -0.131387269360898 -0.0243515701390409 -0.00630773468028326
0.0722615525931748 -0.142362173607978 0.0206443994539074 -0.0103431371939968
0.12006556794809 -0.12569667115137 0.0563308746256694 -0.0112579979758262
0.150521973254144 -0.0945519427741904 0.103739440539246 0.0145763147298091
0.211989743534297 -0.0284605417398995 0.105778100147545 0.0758443622617749
0.218236775123291 0.0606680385015554 0.0548331281320585 0.122295994783225
0.159496791763539 0.168119811124675 0.00575501271434595 0.0845370282611335
0.111514915436314 0.237845182728801 0.0124691136326749 -0.013443521485237
0.0826810010940059 0.232856107460824 -0.0791146751398049 -0.12304908284002
0.116419795180789 0.227486700014577 -0.0475077215102317 -0.201661483417448
0.199609548596461 0.171148227648344 -0.0938980554730587 -0.219867843164449
0.234936104344722 0.0712506224441106 -0.124841334334273 -0.165204425227031
0.192516621859866 -0.0373622206984064 -0.1043189045836 -0.0796631131602247
0.147721440224096 -0.0847360130723978 -0.0660052959897981 -0.0576939987780212
0.109295931164824 -0.125363378654897 -0.0290158535651133 -0.0444975814556148
0.0759759588235276 -0.119080549217817 0.00866072733546111 -0.0491115409893827
0.0815315140898837 -0.122443415217374 0.0533098526307627 -0.0501850246729005
0.128769998541788 -0.097224206571884 0.0905400766556471 -0.0448572145101167
0.152256592241061 -0.0588252194821027 0.134733710040784 -0.00299740902563149
0.197773788974248 0.0099354347339737 0.118027932379562 0.0674515424155201
0.191797810492097 0.0915947597392581 0.0504773424831265 0.104771594170972
0.121841971036653 0.18372034682593 -0.0163111711008298 0.0499353378263517
0.0698542294405001 0.235688397167535 -0.0114982914171646 -0.0806733656792812
0.0521000602576706 0.178093860284507 -0.0985052155797305 -0.179626593317356
0.0912715827073592 0.178467009692759 -0.0780918626025612 -0.229835533541764
0.160878270750591 0.129696852760921 -0.0917870767429473 -0.21168447710915
0.183515014940578 0.0468925760258045 -0.0974869757081612 -0.156816306700323
0.144056375803072 -0.0334267960479007 -0.0586775603266394 -0.0948784047504635
0.111499230553277 -0.0639423115324949 -0.0236538650755115 -0.092545753260107
0.0891588866788387 -0.0938387721152892 0.00362570221208397 -0.0843264347793981
0.0672364722836358 -0.0885089240203527 0.040988511407088 -0.0829016311757979
0.0765906921654832 -0.0863840132046656 0.0891303070074784 -0.0786751201003593
0.115096735183413 -0.0598010874409256 0.127785768051081 -0.0600865676715662
0.128739835562783 -0.0226169865690493 0.163802047988892 -0.00228290391107216
0.155414344080362 0.0404996733564698 0.125873099142429 0.0680388594168114
0.139950116945521 0.104739873119093 0.0480399462593472 0.0875831000786395
0.0714058014054797 0.170620213420436 -0.0230089570371784 0.0145652420231104
0.0209106856241674 0.19883977084756 -0.0192315414367186 -0.140928888705794
0.00528090412123685 0.095935213711888 -0.108535474441687 -0.201666640828765
0.0407181159645354 0.104444385863268 -0.0984431239142873 -0.229260906066443
0.0855388182486019 0.0761031937782216 -0.0790194443799618 -0.192259043441934
0.096412481609493 0.0287361836808717 -0.071739360929548 -0.146859168908951
0.0754839050514677 -0.0120019491010798 -0.0271586300879185 -0.108116200658209
0.0632618600457414 -0.0254638383061204 0.00330196234257976 -0.116706755970285
0.0599345412877417 -0.0447218825597513 0.0247112707192222 -0.111837296016447
0.0475021619286998 -0.0455471223027946 0.0653907435052415 -0.103208372934015
0.054229709388525 -0.0428388173412277 0.120946893206567 -0.0921623679073585
0.0769540944614827 -0.0259207125613362 0.159859299881201 -0.058323276617048
0.0827105075437689 -0.00195118970990709 0.184223519823993 0.0123167315580579
0.0965706083541095 0.0418421705342008 0.129546328987488 0.0754870119680783
0.0806660682619079 0.0870122896188333 0.0509343606141023 0.0750080874637526
0.0230722394360051 0.126579265509256 -0.0158332759185758 -0.0122624561864019
-0.0232087288779274 0.131473634941701 -0.0132685759125592 -0.184225664754301
0.0274799916608122 -0.0295173362028608 0.0234305718260044 0.218170737741427
-0.00441687119880094 -0.0491969681737516 0.0340322442883924 0.0590603468863291
-0.0267988605670081 -0.0404291762619859 -0.0410672399323253 -0.0737539551890506
-0.0254223009436851 -0.0109407863799605 -0.125006296624046 -0.0967853095246881
-0.0114107118736296 -0.0111186034345096 -0.205327665161855 -0.0376103102187422
-0.0161787137371216 -0.0129329697441186 -0.202274490810007 0.0615147053880236
-0.0285315738901421 -0.00668213604900025 -0.146768830367974 0.110900147164489
-0.0238202788499348 -0.00660817935320209 -0.0892255606294162 0.123395826133935
-0.0275912248918521 -0.0173127586068471 -0.0378640211621628 0.127525871446301
-0.0191665513331539 -0.0325517488006391 -0.0110233457219738 0.133097461341048
-0.00595869514317062 -0.0370489560782989 0.0139707243722834 0.121062483393181
0.00693539111149238 -0.0365574006398295 0.0425421785417729 0.135943148220184
0.00929940687971962 -0.0430622386014687 0.0528837606571351 0.172967417864013
0.0325180012799391 -0.0397574188828444 0.0854254176889866 0.185419279450492
0.0498239306697245 -0.0216169599218662 0.113423687515853 0.182261535440129
0.0572986874872668 0.066705283783241 0.000257298663583791 0.188962203070449
0.0262010821680465 0.0368516159867448 0.0183650709895542 0.0368144881121182
0.0276435627240222 0.0290289903015273 -0.0572084430447167 -0.0951577908010482
0.0447716776859612 0.03255782133235 -0.134026462877553 -0.11436550594209
0.0580354663782722 -0.00436667906315906 -0.210538957621071 -0.0483742250587791
0.0469555964615332 -0.0343450311172687 -0.206895584005496 0.0473806476689562
0.0202509711478375 -0.051825609115785 -0.149701864899439 0.0992455677104
0.00662988534691874 -0.0555582816930488 -0.0902655793878252 0.109659042263851
0.00138831202361049 -0.0732054784299619 -0.033466645871333 0.111800318802882
0.0260637931321694 -0.080832563842398 -0.00233550622860569 0.115107542336822
0.0517391353339184 -0.074334134623057 0.0284438964498915 0.106936810725411
0.0909904642781917 -0.0475148514907952 0.0544886669454607 0.126763695492952
0.0959538559742686 -0.0136705453983481 0.0561891318620971 0.164082611831925
0.0930534417202384 0.0309642342744229 0.0816965972099068 0.16599656447667
0.0935589209219755 0.0717249973317504 0.105552951858643 0.159069885453363
0.079276113935363 0.15513996388969 -0.0194238732800766 0.129566231318026
0.0579920140498343 0.125199641866132 0.0101390028983544 -0.0114890646263277
0.0879324272660055 0.0999829308497899 -0.0699662417191927 -0.132920292369178
0.120916160166694 0.0711579434941968 -0.144535859534709 -0.135868971475434
0.126222410723946 -0.00240056302719067 -0.206151749381934 -0.0554996912785213
0.104865498870189 -0.0554625112114344 -0.193060509944517 0.0300180737488676
0.0657759166202204 -0.0910650053315974 -0.134277195193063 0.0757822632672606
0.0354689749042997 -0.097636877213067 -0.0786200075936823 0.0800902427111938
0.0282705806964921 -0.117273102488556 -0.0231081792059628 0.0786887623190485
0.0647265474185626 -0.119102645687252 0.0118966398566709 0.0788969600336319
0.0968591864830158 -0.103189539689809 0.0507568824169752 0.0794015953213197
0.156597018705353 -0.0595436052091049 0.0724768285715959 0.111315866289034
0.167469024966064 0.00612267237881208 0.0586951267911973 0.152714075105246
0.142803923695676 0.0888289139591096 0.0640620509956109 0.142140644744777
0.124184558117641 0.150968382085803 0.0820247174911739 0.113800156313663
0.0929366381962172 0.219399643536138 -0.0383250786322003 0.0473144519653699
0.0915640439955255 0.198099437698086 0.000869627477965192 -0.0779657772886643
0.151378802434155 0.156222918304101 -0.0812452201997327 -0.176549367391962
0.195419260003453 0.0895359783786706 -0.152425798151514 -0.155068558966897
0.181011540242944 -0.0123955190591807 -0.187464209739109 -0.0607256333928205
0.145864211398194 -0.0756209642688246 -0.161253173705154 0.0083077131142725
0.0987920822081758 -0.1207170994352 -0.104956839124293 0.0413440677705778
0.0586197901242955 -0.124659720019315 -0.0560378557150221 0.0388341980865522
0.0523868806098924 -0.142096015149987 -0.00495285759815583 0.0351255543841346
0.0965073374585535 -0.13568510998498 0.0311998997189168 0.0343791368177811
0.130202049669062 -0.112072049042414 0.0766973796366371 0.0441673009486865
0.198359314304849 -0.0574282672320769 0.09173595548937 0.0922274245780853
0.210920739537265 0.0284057556475242 0.059392506465354 0.139231641216982
0.168447880352297 0.134143641451217 0.0359590045569862 0.115720834884815
0.132228275780097 0.209047399765575 0.0478190126800717 0.0543052800358229
0.0962977637586904 0.247019936189639 -0.0581529572444423 -0.0433156263788207
0.116101548645005 0.236423904878224 -0.0182321886130164 -0.147539848016321
0.196896191705162 0.182604017189021 -0.0891279321029287 -0.210580871918655
0.240902204646084 0.0880261335741077 -0.144785186902157 -0.167734161258034
0.207477648161296 -0.0286585148954263 -0.151471547766293 -0.0696848498182093
0.16175322537339 -0.0885528311921014 -0.116166861353348 -0.0231274263849385
0.112671555630871 -0.134253138260619 -0.0662792971402003 -0.00165490948413579
0.0728665128280859 -0.132659909140252 -0.0255131143494422 -0.00684589282238815
0.0717500149261282 -0.143097009611431 0.0207074146477511 -0.0112681456343832
0.11916529384595 -0.128357883341527 0.0568883705709017 -0.0108958502909869
0.15062579487186 -0.0962781051949804 0.105129127916148 0.013372202281457
0.213499768503524 -0.0314327599145107 0.107507719222868 0.0755162941995006
0.220056185285047 0.0594633213386971 0.0561439833608391 0.122496689550304
0.16169334389826 0.167307923788551 0.00637348510215552 0.0854550072173774
0.114449414469867 0.238114347391486 0.0132688228949569 -0.0129645601298617
0.0848419274163357 0.231498011660653 -0.0806969287801099 -0.124365676776787
0.11898858050388 0.227947901719849 -0.0482327333793445 -0.202651427530878
0.202633819852765 0.171535521731434 -0.0938168179361907 -0.222435994782777
0.238614846343734 0.0696274497370492 -0.12647349681846 -0.166886781142475
0.193939928308503 -0.0389078862474428 -0.104828402647631 -0.0819663595056461
0.14883875443447 -0.0871273156612756 -0.066818730151749 -0.0596284062750671
0.107954736049042 -0.126107671135881 -0.0274842103581138 -0.0468344895762475
0.0753821091080383 -0.120935075991778 0.00830350968650664 -0.0504650870860566
0.0819933653369129 -0.12256167632812 0.0540413262644834 -0.0517426929549158
0.128430837162468 -0.0994929163491633 0.0910446686015458 -0.0447864037665603
0.152957553540414 -0.0605508030015544 0.135887841960438 -0.00464615495806129
0.199591082779785 0.00789154317656191 0.11992732478251 0.0664733355936358
0.194230818827824 0.0909185923576368 0.0514362089528949 0.104507545893768
0.123797901937534 0.183075480382389 -0.0165419800146055 0.0505469615682497
0.0720408035570163 0.235958319466553 -0.0116087576666208 -0.0802540571847149
0.0534014729710478 0.176928802365537 -0.100158973184267 -0.181261597689443
0.0928966029519017 0.178574325335888 -0.0793306104542805 -0.230721375300832
0.162513143416347 0.130418314704773 -0.0917747080300926 -0.213460444615271
0.184683693997401 0.0454850742252316 -0.0995713416799594 -0.158354593649404
0.144074895579711 -0.0340764179115019 -0.0587037832598871 -0.0965566083565322
0.112431907050251 -0.0647398266832816 -0.0248560526191588 -0.094706134081102
0.0876616490660319 -0.0947739344516646 0.00468089486359954 -0.0866304246656868
0.06627027553548 -0.0895568575779436 0.0401497204080982 -0.0846679315415117
0.076738682638896 -0.0865901704918042 0.0899016633249934 -0.0804198554167475
0.114779114840887 -0.0619866740173967 0.128136050229326 -0.0607396304953344
0.129526649678606 -0.0233156195601295 0.16531208500505 -0.00383852987334029
0.156765502672547 0.0391020695670684 0.127949701386684 0.0679910996145341
0.140936776593924 0.105011034041201 0.0487062883571817 0.0879371628343598
0.0723965732586271 0.170438024884458 -0.0236282053222984 0.0150359993996665
0.0229676099202 0.198672428523099 -0.0197222190802956 -0.140901033580569
0.00611667468986207 0.0948003973437119 -0.110425524630804 -0.203450841930175
0.0408590938984849 0.104325248277654 -0.100067843049816 -0.230272077642134
0.0863051157082097 0.0759554270628234 -0.0799836353758642 -0.194186008717475
0.0969152895936782 0.0283810996091598 -0.0727284982994588 -0.14768872921655
0.0745651410765682 -0.0120818218177427 -0.0276707664018717 -0.109574749363377
0.0641867661340694 -0.025384665826712 0.00162741626602552 -0.118597503352241
0.0584498286007476 -0.0452828153602026 0.0251764887664368 -0.112719984467475
0.0475407210073014 -0.0463289459051281 0.0655114086636784 -0.104850226391796
0.0543243565033558 -0.0425644490002122 0.121291191527909 -0.093747734325574
0.0761188368932573 -0.0271632435026882 0.15978013001288 -0.0580210858440127
0.0829870201470371 -0.00251467150104976 0.186170021338688 0.011670341713071
0.0976026953767858 0.0409338870221915 0.131226077249527 0.075607341764949
0.0809097144939399 0.0870580253865058 0.0514507855237967 0.0755356147925704
0.0232112375948235 0.125399497168531 -0.0167786266188514 -0.0120856059365421
-0.0220224406247814 0.130965286704084 -0.0142741097979447 -0.18428290563622
0.0264204696719482 -0.0299502465178362 0.0392344080599978 0.218923176975172
-0.00775090571678896 -0.0479627617758163 0.0424122232075969 0.055419472112525
-0.0319505348442682 -0.0375413751468822 -0.0447957643991377 -0.0741500126298687
-0.0287187488845341 -0.00892943453339851 -0.133102049640141 -0.090103365973714
-0.0155528338259115 -0.00940739658923814 -0.211044630504469 -0.0217478499661509
-0.0185868125142723 -0.00881152672830911 -0.197919964320415 0.0772859578447179
-0.0291141329076152 -0.00152670200368249 -0.137008831137601 0.123670543456878
-0.0241390426139278 -0.00399845735127267 -0.0802455489606656 0.133577963866128
-0.0293519321866834 -0.0147062467303324 -0.0288606450964617 0.134887290378077
-0.0241849606908082 -0.0308120203533826 0.00160892444853659 0.140597759227639
-0.0112641880414462 -0.0367034220886381 0.025193971463352 0.125948281307887
0.000853104541513331 -0.0390202444918456 0.0553900320004333 0.140132910728764
0.002360479848887 -0.0446383633005794 0.0694776282111883 0.178331236084009
0.0255667256203996 -0.0427720046068736 0.101006442518702 0.188296621569539
0.0464435464333791 -0.0239243233525005 0.126349071687531 0.181812970202013
0.0673115423006698 0.0607311029516251 0.00667920881957786 0.192849784245829
0.0320075738148005 0.0345742156999625 0.0202749063254333 0.035874682550298
0.0306383008262307 0.0258405112427707 -0.0682808092802956 -0.0906849812549641
0.0478644803085428 0.0254174713180133 -0.148618759181722 -0.103393807877629
0.0552698279542441 -0.0100657579756132 -0.217214733945371 -0.0286676920286785
0.0428081548396918 -0.0379699829029233 -0.203511763915561 0.0662893804794924
0.0135631167878956 -0.0535765249680868 -0.139861347687114 0.116406150538915
0.00180539972304739 -0.0561259896730983 -0.0814140164196293 0.119903024532792
-0.00665346099572649 -0.0738704079509187 -0.0257885511851159 0.117919745126593
0.0167864605559846 -0.085328272249788 0.0085799740717963 0.121286748665528
0.0430179966727704 -0.0796593288863249 0.0380565378670883 0.110656147825177
0.0844519000493369 -0.0591834741963582 0.0647453005441253 0.131024048684393
0.092692833556848 -0.023425717384551 0.0684636649331202 0.168585194522462
0.0950978474846591 0.024560407338208 0.0953065762774137 0.162916075270884
0.100073404918037 0.0691058611482941 0.118898421575061 0.15138769726257
0.0984050777879059 0.144747835692073 -0.0235625771148105 0.134564221742694
0.0725800307962965 0.118654036645327 0.00284165066351062 -0.0103548162990215
0.0995909942530584 0.0902721600159258 -0.0903914007588566 -0.124651023270784
0.128891136859944 0.053861522921235 -0.166072720626505 -0.119099428231819
0.123602473203388 -0.0154636932602321 -0.213602937394881 -0.0326598788415683
0.0982995039713152 -0.0640557087203907 -0.190123227310919 0.0504716200745413
0.054427057481071 -0.099048972192598 -0.126676589820381 0.0948480216603617
0.0268082873344942 -0.100717970283808 -0.0719634911610555 0.0882073365098471
0.0149883027051664 -0.120902520737499 -0.0174718325903316 0.0823996868497763
0.0514127778050653 -0.127320026505081 0.0200840750064146 0.0841873690404222
0.0847346933779862 -0.113563647708166 0.0592638875005174 0.080861819589106
0.149505876675956 -0.0787519352245328 0.081108357493927 0.114758195450105
0.167472641536663 -0.0105211163732934 0.0674973492603339 0.156770157780663
0.153096605594438 0.0783167279563638 0.0736684564383448 0.134850464900637
0.139863420178423 0.14839575046908 0.0924474132975514 0.100834555024695
0.118640622113373 0.205788817892806 -0.0530235933453063 0.0542302348671994
0.113231509520961 0.18721693096258 -0.0156266373647719 -0.0753229824425438
0.168489300697477 0.138037498642443 -0.109546374459033 -0.162785416941529
0.204189800551053 0.0638776784676771 -0.176896616493752 -0.132457736863748
0.176733963071452 -0.0315091335407464 -0.193933172777908 -0.0355060079384084
0.138126932164125 -0.088344390449417 -0.159456940851596 0.0269752770768061
0.0830028582524524 -0.133146245953795 -0.0990758483581581 0.0596912626317114
0.0476086710618705 -0.129547183706249 -0.0525576273940962 0.0442795897527589
0.0369264523686298 -0.148087127029098 -0.00274693215520141 0.0359566068774046
0.0816538039566065 -0.147707770974134 0.0359355258195733 0.0361860711044064
0.118046808513853 -0.1254080745962 0.0831215629100599 0.0426411650009274
0.19218827660553 -0.0801323388830906 0.0987282322576809 0.0937126952039332
0.215077967197345 0.00745299912184791 0.0644431601255072 0.141366989441093
0.184254487928384 0.121575455528491 0.0414795145261674 0.106842514748335
0.154194758993706 0.206498866163934 0.0546647739810185 0.0382883925275634
0.124240896291465 0.232371333942757 -0.080430668250827 -0.0361262756915812
0.140055962015926 0.220936131417119 -0.0426873392007675 -0.142176188357457
0.216425781717034 0.159112912312683 -0.122615834004389 -0.192813854401787
0.250688667012039 0.0557521570422187 -0.171840870066405 -0.141734895691385
0.201169250460272 -0.0500007665368272 -0.157100153693856 -0.0461930742532049
0.152788200968173 -0.103971683402323 -0.115316331616856 -0.00676237386151856
0.0959745228572232 -0.149248810098011 -0.0642005256396619 0.0141235383399096
0.060642127138834 -0.139536323870618 -0.0248305982680122 -0.00485192993242044
0.0561932278251232 -0.151406479133377 0.0205078242304784 -0.0144131018128011
0.105715307375969 -0.142647493599705 0.0578828396586878 -0.0125020695346488
0.14070195963607 -0.110775585709635 0.109736033815251 0.00773659885948067
0.211370154172326 -0.0551564801142481 0.113283177992077 0.0735771190101236
0.227364086637921 0.0380892514478274 0.0592001706783014 0.122631154378348
0.180655780232708 0.156847000476843 0.0102626125964072 0.0755506274655028
0.139567466949171 0.238151683701914 0.0162203718011774 -0.0299950299606925
0.109352673002507 0.218195317051795 -0.10701317903545 -0.117505980208
0.140517739441435 0.211845483701937 -0.076036254718802 -0.195659272096611
0.221008880956553 0.147252808552499 -0.12807535595841 -0.203782706824689
0.245234883187055 0.0376429333137297 -0.151591691449947 -0.141591122933995
0.186859671316774 -0.0592559853664427 -0.109694184229516 -0.063658197682047
0.1393294611015 -0.101575546128076 -0.0688513170172064 -0.0480275429349707
0.0917201990423282 -0.140197603274417 -0.0287971905501719 -0.0353095808239171
0.0638107912314828 -0.128318094718395 0.00488559394843084 -0.0522849584474787
0.0681733616826852 -0.132213918763487 0.0511434791078658 -0.0588815324289874
0.117827788473644 -0.114182727560632 0.0897533355808714 -0.050633059590781
0.146894922706013 -0.0750770403894992 0.139568256939328 -0.0134282484063476
0.201099225839293 -0.0130798847456724 0.125832108343956 0.0620279941015296
0.20423142507169 0.0728974402268915 0.0527604725455893 0.102349715939394
0.143800938485658 0.175905496632104 -0.0138988644596707 0.04136399130127
0.0967401998873632 0.238644210137537 -0.0115438636646062 -0.0968651123115232
0.0719158256480297 0.167377350703669 -0.126704457034685 -0.175693482546618
0.108200141028674 0.166070098339041 -0.107783992385657 -0.222160214212885
0.175196467917466 0.110288941645765 -0.121492465624459 -0.19716635612351
0.188169358713646 0.0206720217527914 -0.119643050576447 -0.139041107227145
0.137635254210096 -0.0496984818972844 -0.0651126749570933 -0.0850424184145154
0.105305950419047 -0.0764589711046778 -0.0306425908718324 -0.0883936027059434
0.0749607621428963 -0.107134395957661 -0.000560426639700388 -0.0799028434472629
0.0576623420680458 -0.0963055898070789 0.0348016829266225 -0.0900694229477735
0.0675628422596873 -0.0951806113560366 0.08575802716165 -0.0916675268926913
0.10859143253321 -0.074503658120465 0.127497824177703 -0.0704875578521132
0.127514118215237 -0.0351597268292602 0.169914714246586 -0.0154942498792633
0.160867149386816 0.0225938951773717 0.134538536342972 0.0616245561377727
0.151226571916367 0.0926956154855308 0.0507340276730654 0.0839326420413029
0.0899453070809996 0.167019684281059 -0.0221675112967512 0.00723642568321931
0.0433530655820186 0.203884165980828 -0.0235007244659377 -0.154867340297172
0.0141608006125154 0.0928376171809375 -0.131997288360976 -0.200630405552574
0.0473335369094303 0.0981783030580554 -0.124304831326672 -0.222845713184825
0.0924779576744877 0.0654158399124156 -0.10289551335576 -0.183947619693322
0.0980953002525171 0.0149859673753622 -0.0897806814821731 -0.136146360275713
0.0708278845737739 -0.0200730179118666 -0.0363095087677078 -0.104764149773668
0.0602559654931913 -0.0317479765481218 -0.00803705600049334 -0.118069180646107
0.0528824538737929 -0.0532880518720688 0.0160493428713651 -0.111322490843741
0.0424836241887514 -0.0508823582009529 0.0577376756570446 -0.112959553442354
0.049844583248562 -0.0481126451612891 0.117816721942603 -0.108387101030631
0.0734394535221498 -0.0342070279646712 0.161093174025643 -0.0717706544162132
0.0821134686144306 -0.00826827057827769 0.193132948674283 -0.00218184323906536
0.101018048866323 0.0321365888602765 0.140394799989869 0.0687294884732212
0.0890610590530122 0.0811087207955621 0.0550631634173953 0.0716161884441348
0.0352538193866428 0.126579719444301 -0.0160614819581304 -0.0175014205990189
-0.00855261528622906 0.137666797940986 -0.0206824684511016 -0.193840201717235
0.025036081151467 -0.0295393603274176 0.050994603077881 0.215983278010428
-0.00961596172422205 -0.0471588325282792 0.047096963363561 0.0520564568851217
-0.033055341323623 -0.0360363012940568 -0.0499897351286302 -0.073631317396693
-0.0286961057490973 -0.00867255475991424 -0.141297270903733 -0.0839910554776014
-0.0159525504714799 -0.00992653601011385 -0.213880357131952 -0.0102384647351782
-0.0191483745937913 -0.00869215727086375 -0.194506611769175 0.0890183367911588
-0.0287142400643518 0.000131893967912215 -0.131118308213413 0.132362667631604
-0.024330541035771 -0.00273335080421539 -0.0736797404180747 0.140541250789132
-0.0303885407106275 -0.0132158082881957 -0.0204549506368106 0.137966519648249
-0.0262861568201517 -0.030270906587472 0.0103567029123581 0.141733375806214
-0.0136658947517279 -0.0361455111408701 0.0321355509834189 0.126569245143611
-0.00139660142079098 -0.0404212517854721 0.0637465066294448 0.138995609028052
0.000201724950821301 -0.045095963686718 0.0816549482680591 0.17676030837083
0.0239744393417751 -0.0429869380729508 0.112127243345556 0.184337049587939
0.0442329755645294 -0.0260079989224422 0.138727341820717 0.177867734897524
0.0716747407229785 0.0585832857034047 0.0167703560310881 0.191712635758368
0.035213829729201 0.0337844369708095 0.0234454012885908 0.0337838746180205
0.0343033143722768 0.0239614452155432 -0.0741236314636999 -0.0893840216047062
0.0512067957201586 0.0209804740938005 -0.157467872142806 -0.0965627331323274
0.0555848109379787 -0.0150058888083198 -0.220500957292956 -0.0173931703329742
0.0405889902962309 -0.0415820461084788 -0.200513444107196 0.0773519518310254
0.0113452054529214 -0.0546474260724965 -0.134580551854435 0.123478146708557
-0.00157099268072252 -0.0567507584088833 -0.0763566961036572 0.126468275618067
-0.0107358867695124 -0.0745887410957845 -0.0189813470756089 0.120600298768803
0.0120322431160412 -0.0873779701727443 0.0161581124896607 0.121819142954543
0.0387617833902939 -0.0825876278420429 0.0447410051861332 0.109857279471853
0.0819602963185752 -0.0660128791176658 0.0727524021421027 0.128856575684088
0.0928927341843276 -0.0291643899088567 0.0793576757465791 0.166804183216978
0.0983480127331881 0.0200986920760007 0.104958109557622 0.159403481983234
0.104650464284196 0.0647545347226751 0.129238639295355 0.146844065953613
0.107348402087223 0.140844652856546 -0.0170516530672555 0.135919922903816
0.0806525956491796 0.116587431445182 0.00359324768575496 -0.0120430615693998
0.107455626124222 0.0851864031377193 -0.0979102089328955 -0.121990067237927
0.135452960191187 0.0448364136960324 -0.174909925290878 -0.11217869751609
0.124118877767711 -0.024063986842077 -0.216634383395774 -0.0218361501244197
0.0952712773921727 -0.0724135665095627 -0.188354696754215 0.0608656135656053
0.0485454973106503 -0.103131861985745 -0.12154605446441 0.0998264804326538
0.02062595064751 -0.103145031150353 -0.0683562564695835 0.0939733726615555
0.0079511493535999 -0.123073213325415 -0.0128402972677381 0.0843262988494613
0.0436461116272794 -0.132145628242984 0.0261825989428323 0.0835689903746483
0.0798525373833204 -0.11929805394308 0.0646022928282736 0.0783604444477858
0.14677362158564 -0.0889813827709589 0.0890384512808464 0.111085034579274
0.169210038140132 -0.0206881474598748 0.0789039655462375 0.153951683627017
0.159812537898842 0.071092010569624 0.0824479138163994 0.132806982687965
0.150122194489741 0.142320812319108 0.100366207869047 0.09685934932774
0.130772806398926 0.200383991848817 -0.0503662384537513 0.0562343868935772
0.125335788424497 0.182670240168636 -0.0183737235316518 -0.0751107195099368
0.18121751062494 0.130286788792049 -0.120028563715181 -0.160286867228249
0.212349892513082 0.0502307976875657 -0.186947968562373 -0.1241945466958
0.178118286988732 -0.0434443276494605 -0.197397477067435 -0.0265616103221865
0.133914425430895 -0.0999171448314701 -0.159431061694398 0.0354748155898717
0.0755290266748817 -0.13877179279813 -0.0955618472775862 0.0623621261221787
0.0394637609261849 -0.133863501804259 -0.0508221015354507 0.0483473148575901
0.0279712684983547 -0.151661829945661 -0.0006553158639469 0.0361387798665641
0.0729471262756941 -0.154649974599452 0.0393914022169165 0.0339254808566392
0.111715244034261 -0.133216414079692 0.0862513250562152 0.0380416642773322
0.189452882697848 -0.0937769257203685 0.10524272996638 0.0880163509944461
0.217694231533405 -0.00506958726929814 0.0742058700717292 0.13856186282148
0.193890386972996 0.113001992998101 0.0494631240397882 0.105518639010545
0.168437517484999 0.199975267969548 0.0582996030636391 0.0360564551990864
0.137984047946048 0.226108830799896 -0.0837002227095569 -0.0328162360748917
0.154619537388071 0.214975048947552 -0.0494898626040649 -0.141462584133424
0.230040909714377 0.147893802049077 -0.134647401383447 -0.189355113673031
0.257573490309534 0.0400228992233685 -0.181915288565564 -0.133945955026254
0.201077605112893 -0.0630182205804198 -0.160499561028085 -0.0397530259747847
0.147694212218158 -0.115411617797929 -0.117804655534265 -0.00162357944805336
0.0862835790176274 -0.154560797335785 -0.0624043089318143 0.0142032160519848
0.0516665318392609 -0.14435027331064 -0.0259239467639388 -0.00369314148368175
0.0473020288010917 -0.156740137098523 0.0191284397537579 -0.0158582286628535
0.0970785619131124 -0.150919093348938 0.0588565339912185 -0.0160662810666408
0.136552508599994 -0.12028694761409 0.110327941801701 0.000532368445027534
0.210406695738781 -0.0700213072957275 0.118991443505212 0.0676548356562715
0.232415523336462 0.0252797095827382 0.0677436099156609 0.11981320845615
0.19180199712355 0.147107612047055 0.0148332375652321 0.0766156838968833
0.155586845248179 0.232550763636275 0.0156281649188779 -0.0304995549500151
0.123114314609389 0.21231387667354 -0.115162905061731 -0.113531698848769
0.154439700127699 0.205681716530384 -0.0871487749911658 -0.192846050590691
0.233023835227305 0.135586274217278 -0.14014559352869 -0.200078802685275
0.250840919365502 0.0224180777251582 -0.161056723350896 -0.135767772907061
0.185004179639701 -0.0707664508878906 -0.1143494760752 -0.0600834656278851
0.135398670076278 -0.111944758779163 -0.0736264750159022 -0.0459682813937132
0.0830960159904189 -0.146129202978181 -0.0297470811964609 -0.0376501365983347
0.0553664330665833 -0.132627157160456 0.00166002535452821 -0.0534916720376628
0.0606022537319151 -0.13747359296936 0.0478960621373207 -0.0632548198111886
0.111242269492992 -0.122388709951444 0.0888348700468496 -0.0562209328424155
0.143994825943313 -0.0842794608114789 0.140483782635506 -0.0234804776131885
0.202979125395271 -0.0265240313556096 0.131163863860208 0.0548705752076182
0.210897625610312 0.0616926774147789 0.0601216775471226 0.10039615641956
0.155325277281259 0.169074357218671 -0.011882588323223 0.0434429118352556
0.112757625627319 0.235093952162953 -0.0170811496425909 -0.0959343900443791
0.081796562852319 0.163445516050005 -0.137756345038084 -0.170874565736872
0.118614980495307 0.160739889492615 -0.120383287661624 -0.217974465431489
0.183912501073764 0.101468245341305 -0.133226243804798 -0.193735902401759
0.19163832354638 0.00935004726039432 -0.129249508793232 -0.133685352817217
0.136599531242234 -0.057071077282544 -0.070214256334421 -0.0842669140867538
0.102019514629588 -0.0840412684326243 -0.0368938960275121 -0.0885271724833857
0.0684356308151173 -0.111078001296485 -0.00414484494528935 -0.0840240995867344
0.0517038436588499 -0.100489733438756 0.0295734878077486 -0.0934992276620024
0.0624892487694964 -0.0995639116145775 0.0816959219169805 -0.0984488700707467
0.103489729194427 -0.0818609612786003 0.125665435187191 -0.0780425642326888
0.126636502926677 -0.0430450783952907 0.171095251026898 -0.0262804321887026
0.164404741362022 0.0125772783723085 0.140165264597302 0.0536789004039838
0.15857352548896 0.0847192626050705 0.0567882988069709 0.0822452934223517
0.10042061165768 0.163351998326608 -0.0224461493080564 0.00980519100647002
0.0564145860496234 0.202805494076795 -0.0327647281463149 -0.153305439827612
0.0202522507969427 0.0918454057154985 -0.144563674736825 -0.195564000426468
0.0528974398922479 0.0960253431567731 -0.137802924558679 -0.217587218958664
0.0966025702828477 0.0606166091359676 -0.11356492785349 -0.180653952738369
0.0996098030070649 0.0091265507434646 -0.0989405017110152 -0.131876868699787
0.0694230053719306 -0.0239270518635822 -0.0427381869952687 -0.105150407504003
0.0594139364820366 -0.0356859494316281 -0.0158510599900251 -0.11928487513925
0.0483913220424986 -0.0555785663512931 0.0108125333926209 -0.114865112618705
0.0392840753109318 -0.05412444468002 0.0518067960966278 -0.117756206603815
0.0474625641954192 -0.0515290544084632 0.112136618800396 -0.116720959653868
0.0711855714146379 -0.0394755878297418 0.159601583773819 -0.0803822303128067
0.0823412114603096 -0.0127809032504593 0.195984577668563 -0.0141142832414959
0.103948527771517 0.025913582168464 0.146507305593704 0.061084171529316
0.0940753719043698 0.0767682723491017 0.0603313732485423 0.0691777278936351
0.0415211870653476 0.125113318786195 -0.0175969336625307 -0.0156735148912482
-3.81970723758122E-05 0.13865052930832 -0.0327703210163864 -0.192970841932034
0.0231487301008398 -0.028962420617722 0.0630074039812998 0.206098348709745
-0.0114109304297776 -0.0447742873850231 0.0498557571090152 0.0457974813195928
-0.0336304983183763 -0.0337538929767434 -0.054806677100822 -0.0702211876950544
-0.0278372043389376 -0.0079927575784374 -0.145021601113383 -0.0736706414732615
-0.0173731478725898 -0.00986097501420666 -0.210040636616986 0.00380311970084735
-0.0189403702245527 -0.00820982575503903 -0.184124916887588 0.0991700632758134
-0.0272219976884148 0.00182597508397668 -0.120238381210152 0.138640778194552
-0.0239356820445137 -0.00145453560952092 -0.0631913286039292 0.143825037716825
-0.0305784005107626 -0.0109240359746672 -0.0106089550248265 0.136704362224867
-0.0272591217419309 -0.0271042720247428 0.0201017361955678 0.13831602190687
-0.0162496716615939 -0.0340343750972893 0.0396568580724663 0.123591214098637
-0.00336564068511615 -0.0401979623748809 0.0704105478187694 0.132943920993779
-0.00247141624058553 -0.0442098610010257 0.092261223982004 0.169172630627646
0.0212234128760946 -0.0427591761468908 0.121993282671698 0.174201640173952
0.0414400887593231 -0.0270729730989157 0.148081448235989 0.166728779869312
0.0740851315502303 0.0543272137171219 0.0278414964306031 0.184885403302706
0.0383249668092197 0.0320773152315107 0.0267273993101593 0.0291510930931057
0.0367786018307996 0.0213795120150874 -0.0790563160135608 -0.0844642918395945
0.0528284242493274 0.0157334093210206 -0.161442454193851 -0.0851924630574063
0.053860618435369 -0.0197776000368066 -0.218559342679724 -0.00396883852929528
0.0370725702398778 -0.0452343169535415 -0.191629605994636 0.0884954801761084
0.00836146130238729 -0.0543879773217497 -0.124650896600835 0.128569073847237
-0.00556269906684413 -0.0560102234537151 -0.0671146998421995 0.12991643870472
-0.0163142184013632 -0.0723423163687871 -0.010651095412717 0.119739619512636
0.00589653198403176 -0.0865817084359041 0.0249163129631327 0.118028239082366
0.0328861486247098 -0.0834135840847511 0.0509928509290203 0.105954833109996
0.0763445415382889 -0.0715887144779595 0.0795965791318811 0.122585533941238
0.0892550793388263 -0.0342896701573853 0.0909003630820777 0.158316552010323
0.0984775648124966 0.0144140872344029 0.114173707672529 0.150267374906283
0.106510659283904 0.0577610699680477 0.137605132859918 0.136811039250267
0.11461219197389 0.13121056966408 -0.009086114839674 0.132219057991262
0.087934616055673 0.110047466166317 0.00428372845974706 -0.0135092949561285
0.113777898381502 0.0765948448561941 -0.105055714017366 -0.115279107474096
0.137168082957872 0.0335899668223533 -0.179045774123883 -0.099407278487483
0.121009006137845 -0.0334637712254248 -0.214729380604892 -0.00890796503769545
0.0886268473125148 -0.0792931358179535 -0.181628247915143 0.0710554882914785
0.0411309187516388 -0.104280219622133 -0.113351507917156 0.103259306389176
0.0128909201956819 -0.102837421767263 -0.0615342305011414 0.0973060309368003
-0.00139970659554255 -0.121703913530096 -0.00731091342103892 0.083483924975147
0.0334963682613838 -0.13309392319992 0.0320231616817088 0.0796442789042194
0.0706139717446967 -0.122804527959945 0.0682556677969031 0.0726346509138329
0.137917620846661 -0.0982733595971588 0.0947359167682527 0.103783484482238
0.165005610495615 -0.0311414791416453 0.088776610712977 0.146450676941741
0.162519632385871 0.0603039238740603 0.0898694528571681 0.125374556798542
0.156850785002875 0.130794502482275 0.105959819862898 0.0895042931116137
0.141550141342528 0.187433251987168 -0.0464533583901246 0.0566316197075669
0.135744329507123 0.172238386991569 -0.0206818962267571 -0.07445479213279
0.188005967424759 0.116433565299245 -0.127739212947452 -0.151720331894798
0.213609377525727 0.0335897843045298 -0.192197075342701 -0.112219429163368
0.172633594017381 -0.0553706042594816 -0.19634688878775 -0.0160698472307388
0.124747765089919 -0.108537931434129 -0.154304082778126 0.0444338370029904
0.0643647831128471 -0.140904757214646 -0.0897024180419843 0.0637146755418826
0.0289978203615507 -0.1337569582899 -0.0470440375939371 0.0510042964961536
0.0171290444976799 -0.151019469544003 0.00135107779078427 0.0350086063016391
0.0596996597355314 -0.157478747520699 0.0413897875479442 0.0309105540962642
0.101948997299197 -0.139128344735599 0.0872262390724749 0.0308414640651634
0.180304160386266 -0.106066190139998 0.109862738954222 0.0793214006445726
0.214219900105531 -0.0196656215335406 0.0838241082976685 0.131132506288268
0.197988882673579 0.0986078540581406 0.0558476991165317 0.102018792112665
0.179113133041758 0.185792362651664 0.0605925188497821 0.0323112772240941
0.150019404157813 0.21178253079833 -0.0847792014109583 -0.0283601085902181
0.166173641994533 0.202077243675175 -0.0556919081759369 -0.136779497293442
0.236931052651526 0.129761942176803 -0.144225445185577 -0.178944556773845
0.257160215219301 0.0203993482286786 -0.187753385388583 -0.120737178336445
0.194396187528319 -0.0753937701984478 -0.160848240466734 -0.0303025510377793
0.136945826118482 -0.124832187227531 -0.115861686433505 0.00515141921862092
0.0747791316291713 -0.157401298077976 -0.0605203470335767 0.0134581570259393
0.0398231322092127 -0.145181801031417 -0.0267305811760232 -0.00161926026829069
0.0352085166071512 -0.157152064519439 0.0173949115540332 -0.0174027309496726
0.0842521547052892 -0.155974492426502 0.057568014820673 -0.0202230318452641
0.126694758865049 -0.127423716072496 0.108855487210583 -0.00728602051301188
0.202415070409639 -0.0837973996388286 0.121258589134546 0.0577503646175379
0.230445064209517 0.00905684296707159 0.0760698948893242 0.113671639767542
0.198849328431207 0.132727688580925 0.0196430578733899 0.0751791707919672
0.169396610327921 0.217316759313576 0.0138528452586678 -0.030039871040149
0.134545104748849 0.198663444031318 -0.119936869526355 -0.10564750266195
0.165533174296952 0.192250966211029 -0.0960303305841301 -0.183990900445573
0.238491910806497 0.11781856703584 -0.149978872615337 -0.189043894808671
0.249058314817714 0.00503751097441622 -0.166910393236051 -0.123245725262379
0.178286329779052 -0.0808891807847967 -0.11610010329866 -0.0534949806795844
0.125167564777922 -0.119606220928892 -0.0763334958496082 -0.0413959667785987
0.0708251002459062 -0.147954432501336 -0.0318629280880579 -0.0389434558211333
0.0443470135876553 -0.133009273328843 -0.00162353712516251 -0.0526929197296624
0.0497080245151858 -0.139261734009147 0.0430921275659211 -0.0657220260738426
0.0998393407207428 -0.128872922826097 0.0844987979552996 -0.0609711733801207
0.136709048524936 -0.0924178200142125 0.136318024464612 -0.0330083646865764
0.198040974490058 -0.0410252646459826 0.132440359622012 0.044696930427878
0.210990363374295 0.0463517349144527 0.0669800638126832 0.0943566991030053
0.163518170462663 0.15618745565956 -0.00840551532361555 0.0440184092251056
0.128135416377927 0.222261257885722 -0.0223842397249009 -0.0923997172025761
0.0910259432568011 0.153882060305985 -0.145885332848746 -0.15999345737571
0.126455376257751 0.149546924712863 -0.131044290658539 -0.206235677744716
0.188208854677019 0.087090585558715 -0.143165705469553 -0.182932713357937
0.189402444330275 -0.00317155646598571 -0.134847249732888 -0.123312534904191
0.129812881832057 -0.064076922492719 -0.0750861693253602 -0.080337259776213
0.0944785684721244 -0.0891993525113039 -0.0427517495657076 -0.085998289198772
0.0589803759794835 -0.112557179580449 -0.00843802473252685 -0.0853404454441219
0.0426617972800958 -0.101827411454304 0.0229290062032375 -0.0941241222030887
0.0539935555838981 -0.102590586899715 0.0734240190520512 -0.103272770662751
0.0952368606405581 -0.0878712735236113 0.119099593005152 -0.0846331685988716
0.122176173562775 -0.050529163337046 0.166141731676015 -0.0384735791686464
0.16271060704835 0.000944918876533056 0.141960560576251 0.0435084742797024
0.161586116927494 0.0728760120288207 0.0617321402669485 0.0774428803742455
0.108813678437779 0.153740401049009 -0.0216936840691101 0.0120134206961546
0.0701757816638881 0.194128942360898 -0.0423298206246056 -0.14760477460012
0.0259889581608194 0.0876279937398667 -0.153826214745743 -0.18376693651282
0.0580284699872062 0.0902072137771901 -0.148403420277023 -0.204006612638548
0.0986566072535183 0.0531464657949183 -0.123259987414273 -0.171365185197613
0.0983528771455939 0.00289718459027351 -0.105213742566887 -0.123264929015995
0.0663302124498818 -0.0267971230522248 -0.0494465530133145 -0.101671295251684
0.056265671119619 -0.0389843235462838 -0.024416719452682 -0.11721109634633
0.0433710051071025 -0.0571833335258503 0.00402164454848099 -0.115106311897564
0.0337755661387448 -0.055144954020546 0.0431474654465534 -0.119794001848243
0.0428764661354456 -0.0537299032853741 0.102730126952626 -0.122352335321598
0.0662222927492362 -0.0431471040054192 0.152496895414193 -0.0889603279099861
0.0807706823385748 -0.0177638143070931 0.191862069013385 -0.0274789792846263
0.103678914578149 0.0179677217605844 0.148909226034564 0.0506578577978145
0.0966510994348949 0.0690572118653311 0.0642163688292481 0.0645304915562956
0.0487455486623598 0.120200621297259 -0.0181910756732006 -0.0129707039907743
0.0103958519750826 0.134968677892768 -0.0448581802625862 -0.185637406919738
0.0220946753958043 -0.0268588299662476 0.0687518582536755 0.193418266109594
-0.0117958778826632 -0.0416573292921784 0.0502992023633331 0.0399602712902939
-0.032684661307824 -0.0313223979504115 -0.0571030542872865 -0.0652361816833547
-0.0278168077357898 -0.00730534753190264 -0.143480789124746 -0.063847509646227
-0.0175648304568216 -0.00982155359873072 -0.202235608000655 0.0126344663847459
-0.0192800507285517 -0.00758721006201931 -0.172332674093916 0.10356422816302
-0.0250273965002475 0.00282428220290846 -0.109681854992717 0.138956666522975
-0.0227744246736918 -0.000369735392175829 -0.0545047325902382 0.141925383995547
-0.0296156301446335 -0.00916044865873161 -0.00411555200173747 0.132130705241447
-0.0271960148602416 -0.0250882487558269 0.0267887899913484 0.132443046249572
-0.0169969165337029 -0.0322541070970278 0.0438818161839998 0.118239934049701
-0.00613035687490193 -0.0395255757482434 0.0739127623907901 0.125875476726605
-0.00414340922809854 -0.0421340455656488 0.0977077919985798 0.158044965155299
0.0189865070791981 -0.0412170920470684 0.124971681062317 0.161733949795074
0.0377006015402881 -0.0266710027313278 0.151654081234688 0.154253990472656
0.0747072488460512 0.0494679265881098 0.0338906100589193 0.174912467203046
0.0393020238359925 0.0295955600554577 0.0272322636879227 0.025573853248646
0.037927450499261 0.0181421814333599 -0.0808859970464184 -0.0783299447548313
0.0522188951083463 0.0110787120040518 -0.160015137699509 -0.0754192222805524
0.0506767392939551 -0.0229908829578399 -0.210353808770153 0.00624750785768545
0.0329281174709939 -0.0465368062727828 -0.180034004111332 0.0936740313860619
0.00531383139775491 -0.0529837349967931 -0.114546241175721 0.128317295203674
-0.00842234596616048 -0.0535905543370776 -0.0585504956843963 0.12907823021127
-0.0191881852500249 -0.0690625813664553 -0.00442045614298572 0.115474665185103
0.00102335876710917 -0.0836304778806615 0.0301228934411652 0.112696820150557
0.0282126541583226 -0.0817706282040912 0.0538789545552856 0.100101031915184
0.0695910874743648 -0.07336627509599 0.0822115084989034 0.11474074784801
0.0851916002486571 -0.0372188056800711 0.0961524916575417 0.148393146670654
0.0964004053178602 0.00962974495755638 0.116254618121234 0.139123837741697
0.104995538185372 0.0514361312346171 0.139306697065192 0.125992267462046
0.116407781598491 0.120721301996806 -0.00375401164686175 0.12640843365714
0.0909466160756267 0.102713703633278 0.00473520942746025 -0.0150395007248492
0.114722601298852 0.0675404910615216 -0.106676452817509 -0.107534250009234
0.13520257774621 0.0235424581195574 -0.178430369746441 -0.0881655166099239
0.115507065121487 -0.0394832353327906 -0.207963534164252 0.000180627425345441
0.0807482344793606 -0.0822321931213456 -0.171493486502897 0.0761352901280092
0.0348111994030005 -0.102539069258109 -0.105396124818751 0.102689590618037
0.0069125327810057 -0.0994178152684485 -0.0547843998467755 0.0975109954596967
-0.00707997088051607 -0.117696226712995 -0.00353578335134876 0.0802339179882272
0.0251063688441692 -0.129880572821684 0.035270527250879 0.0751897826375657
0.062839521852379 -0.121515803722768 0.0685280907521843 0.0666624096916176
0.127783167374385 -0.103434695953473 0.0958538585867016 0.0955764878163471
0.157805025881915 -0.0379055330682452 0.0936993598287079 0.136381111617854
0.16008952884051 0.050479493012148 0.0922854926549662 0.116695703069951
0.157512955749541 0.118728450250602 0.10675800604439 0.0819152144374535
0.144663908742283 0.173379814914962 -0.0427348709863425 0.0552109443523578
0.139329643480513 0.160339179962301 -0.021806928473699 -0.0715153282086854
0.189091599132187 0.102296263371917 -0.130917753104591 -0.141168203251733
0.208999469900575 0.0201132807593423 -0.190344746363283 -0.0997759495900308
0.164064197551808 -0.0620495231186932 -0.190378549919352 -0.00794329214953995
0.114101240170003 -0.112368772213976 -0.147305950454584 0.0491740065663792
0.0552582105028763 -0.138362999998653 -0.084881064938538 0.0623947308262488
0.0204397996297803 -0.129728991339112 -0.0432459432778923 0.0519312358044643
0.00814666385113932 -0.146547842789931 0.00228354612102977 0.0336797258983326
0.049275168815184 -0.155009612377405 0.0424000636235266 0.027004268220474
0.091853036715889 -0.139200915783349 0.0842953850908395 0.0253481639639491
0.168407312163465 -0.112586100504227 0.109668461921944 0.0710278070203756
0.205546737710608 -0.0291609650246017 0.0881984788034607 0.1219830046785
0.19632197361172 0.0857970846811636 0.0588300690770544 0.0959064198842761
0.18200254704829 0.169477193981232 0.0603484953319217 0.0290351538813495
0.153587475782593 0.195663492327289 -0.082701518219438 -0.0246026448181967
0.169685952431868 0.187032683776963 -0.058585035898569 -0.129832975342896
0.235476334242705 0.113469251218175 -0.147499154768923 -0.167241197159196
0.249827062600585 0.00590255850745387 -0.186277852647719 -0.108827383147014
0.183979083333582 -0.0822473979860295 -0.157347665920239 -0.023624929747252
0.125696387225362 -0.128637801060705 -0.112372174906765 0.00999501208490226
0.0634784329672888 -0.154164492989956 -0.0584418716113461 0.0116053838937685
0.0301670789120488 -0.140265506335759 -0.0259241272366323 0.000498905367264754
0.0256085806352949 -0.152492651989138 0.0158634894694845 -0.0174812731357309
0.0724283242032586 -0.154216955161639 0.0550864020073472 -0.0225227907569012
0.116733485302332 -0.129559476943454 0.103315426314044 -0.0129094851454942
0.190617804712326 -0.0923579554093849 0.12009647866937 0.0494580936041042
0.222602319055661 -0.00307870859627995 0.0788907993066752 0.105208083825524
0.197749277742642 0.118578759952271 0.0230745796536901 0.0720825207722097
0.174662814166643 0.200390856769951 0.0125715375286135 -0.0289747106110768
0.138279398326631 0.183426313049291 -0.120087413412893 -0.0975550592954474
0.168303755224947 0.177582811811237 -0.0994374096283948 -0.173240403482354
0.236685963550446 0.101685058702732 -0.153776109581897 -0.176883865404543
0.240808220620924 -0.00870988402594334 -0.166639265407317 -0.111573562235088
0.169222601117832 -0.0867014462151488 -0.115676774140919 -0.0479093738590526
0.114225133334186 -0.122321528425181 -0.0761440479252153 -0.0364537788454173
0.061087532299419 -0.145122142616783 -0.0327858007902147 -0.0400061121992173
0.034905343048278 -0.129455697769704 -0.00408487837297935 -0.0504712398962725
0.0405894892895719 -0.136085093195454 0.0380561362057673 -0.0656750178887943
0.0888178037801475 -0.129121959992115 0.0793244251944766 -0.062811393471328
0.12838708312475 -0.0967163890882922 0.128702025710792 -0.0395210415336322
0.188652388717651 -0.0506561764544472 0.129839985034278 0.0365286835776709
0.205940539246633 0.0341662827314074 0.0691540837885067 0.0876738147911466
0.165414718921223 0.142366525766265 -0.00634189515148945 0.0436251720450979
0.134534939584099 0.206549762411762 -0.0256886519921148 -0.08660317543294
0.0947004643583801 0.142089896219423 -0.147303373988639 -0.148384535687462
0.129158524509278 0.138196584044234 -0.134442244313832 -0.192747093468709
0.18512085404088 0.074258362252641 -0.146236744240994 -0.170878969280265
0.182554164085995 -0.0130806937299854 -0.136259294397818 -0.11241196213017
0.122527624626548 -0.0675072198060048 -0.0763331215373378 -0.0740202810328686
0.0867219925778504 -0.0911422331987788 -0.0467040207301216 -0.0806656515394733
0.0505681628673606 -0.110357306675874 -0.0128495894458704 -0.0846655799609562
0.0353425600497021 -0.0996012178194419 0.0179016595148452 -0.0917896066984192
0.0462257981842449 -0.101101502944114 0.0650886219537128 -0.102544620074167
0.0865449177565885 -0.0892946693018896 0.111089716151129 -0.0873219006127503
0.116075105311726 -0.0550659053253998 0.15819506317987 -0.0460343194192274
0.157209170839414 -0.00853767733804763 0.139134061179831 0.0345481388214626
0.159135484365703 0.0619152788123362 0.0633365992937901 0.071749185161201
0.11122417465356 0.142689453316375 -0.0201669305624834 0.0138215989545111
0.0776578111356386 0.182612465416711 -0.0464825407213465 -0.137939881360251
0.029044951004553 0.0815129464830363 -0.156462874371999 -0.170738259631153
0.059630540333127 0.0848332805160392 -0.151254129346165 -0.189634769397566
0.0973966056171745 0.0469050066782272 -0.126346731044403 -0.16038682466544
0.0948993558587742 -0.00163776699685941 -0.107052044819637 -0.113765414900026
0.0632533940897836 -0.0275758073746744 -0.0521998658535511 -0.0963831072499418
0.0523556928761364 -0.0401614985074539 -0.0301710869604597 -0.111887497599725
0.038011743756565 -0.0559338290880417 -0.000492691132387666 -0.113188603077673
0.0292447783465076 -0.0543848056976783 0.0365804592454623 -0.117795299916769
0.0379551909416001 -0.0535496183134546 0.0927557811073895 -0.123482434478737
0.0608926878844048 -0.044613577868787 0.143010007682237 -0.0932042791744311
0.0765673391724406 -0.0204868741714619 0.183586338777761 -0.0362350191400438
0.100115996239303 0.0115145810520163 0.14613410765083 0.0420276368065912
0.0960458313858863 0.0614086877020805 0.0648128801199879 0.0598831275340982
0.0511836831601522 0.112916576567511 -0.0186762071117156 -0.0100440600892854
0.0169796263237788 0.127987158371672 -0.0513539581633265 -0.174663781556976
0.0219195595634325 -0.0255591844014692 0.0688426695177741 0.18428676702229
-0.0110250888337356 -0.0399770381629345 0.0493988257997312 0.0361556223034037
-0.0315259688431 -0.0297522602881689 -0.057391252515976 -0.0620895460569248
-0.0268553669778279 -0.0077219659857148 -0.141280359147033 -0.0585620312093544
-0.0185423530302361 -0.0101078847728487 -0.19520835719997 0.0165477166543083
-0.0188282148154022 -0.00747331038608603 -0.163774205173825 0.103654417484795
-0.0232029796774052 0.00255830560802055 -0.10297508440923 0.13754455541486
-0.0217221404959714 -7.70706006439927E-05 -0.0494155640742959 0.139663225530377
-0.0290864799182261 -0.00882896903622986 -0.000749612519153828 0.128042595492706
-0.0261581508611657 -0.0230346454148579 0.0293990299797935 0.12734872333883
-0.0173783446270659 -0.030675150205468 0.0457036636110183 0.114570022393649
-0.00763612118811083 -0.0390243666189646 0.0743141915690534 0.121057745989777
-0.00518032045984305 -0.0403323144168461 0.0989283962527157 0.150552731023374
0.0184342802498298 -0.0393057133082061 0.124067257719777 0.153628235873301
0.0354328667857288 -0.0252024420275529 0.150881033002394 0.146578731954211
0.0740776869347128 0.0458256836424127 0.0347139598929423 0.167495955602058
0.0401252884055115 0.0282129146134261 0.0270327150689666 0.0222962295260358
0.0390327735178752 0.0155258992251213 -0.0810389197104922 -0.0739565867325755
0.0510162239178372 0.00788058129007788 -0.157099457902031 -0.0693293926896828
0.0480852721435384 -0.0245729852275862 -0.204336411472474 0.0100723577401865
0.0297659547329357 -0.0467259335181207 -0.171912761598931 0.0947540637361956
0.00458459349616716 -0.0516985898052564 -0.108701371332776 0.126329847099915
-0.00897028913230081 -0.0518894411734556 -0.0538356442014627 0.126930628837521
-0.0206218437271409 -0.0664750307889263 -0.00219434926262402 0.111883958329816
-0.000824537260115047 -0.0813128220736566 0.0318073184118476 0.107418474951434
0.0250893438665678 -0.0804694058515051 0.0544694909784404 0.0967550770358417
0.0650131861918414 -0.0738345839107823 0.0820283419414337 0.109612650837615
0.0814413031783009 -0.0379939928890273 0.0970413526671665 0.140382877812719
0.0936612575585648 0.00823639467317926 0.11588038358623 0.132128146687727
0.10283284537708 0.0478881695568129 0.137991936094898 0.119411393907607
0.115583363278695 0.113760518330548 -0.00226225326057483 0.121315330718653
0.0914683729610826 0.0978622495734995 0.00472869129458611 -0.0162050225617242
0.114425957632462 0.0620195839960038 -0.106376833058399 -0.102177665157156
0.13213852055984 0.0172951829037392 -0.175004559153742 -0.0817207639952205
0.111005699418036 -0.0421499602813059 -0.202221611770637 0.00412922758311607
0.0755412434368527 -0.0829618335814093 -0.164643095062747 0.077425670294945
0.0314316010421445 -0.100002721441413 -0.100881369333456 0.100079932775627
0.00397466850308472 -0.095851561404415 -0.0504837400034087 0.0957008493044919
-0.0106279801634822 -0.113081023418629 -0.00117480035770289 0.0779001444955839
0.0209831701142861 -0.126665497897112 0.0363663321315197 0.0710736569877534
0.0578275373181652 -0.11982307508402 0.0678088769179312 0.0632106170109692
0.120368740626027 -0.104356898397491 0.0949252663026315 0.0906266954121336
0.152340021528237 -0.0403422361452422 0.09494966036639 0.128836744751998
0.156680100898261 0.0456408042788613 0.0926216855699674 0.111913596654708
0.15562269435243 0.11076810350384 0.105554507976669 0.0766251346319758
0.143656144477175 0.163493005535742 -0.0408516687001672 0.0533132038680601
0.139685197219538 0.152247057512141 -0.0213463386855076 -0.0702566201799664
0.186232464477121 0.0937422920337195 -0.130574522409285 -0.134394057831828
0.202972522201615 0.0119651722720043 -0.187174967989992 -0.0923854299221875
0.158049032766166 -0.0656327489733403 -0.185882575404884 -0.00364576123635962
0.106748837858118 -0.112783071664264 -0.141636610337969 0.0507477121227054
0.0500486121488879 -0.135366636942836 -0.0828534940789624 0.0597308770843763
0.0162588609143909 -0.12547046548665 -0.0408215592112294 0.0516284607865807
0.00283169147965963 -0.141268864374027 0.00289774044011425 0.0329681025919838
0.0430541107303219 -0.151335148905785 0.0415709573354614 0.0244994549047842
0.0866971131938197 -0.138127827125092 0.0816845401864779 0.0227828402456361
0.159054260727911 -0.114686605918957 0.107347831168051 0.0666264479239929
0.199353048736464 -0.0332366301705374 0.0888940694998985 0.114697036278618
0.192410393284225 0.078130610602366 0.0589986272087326 0.0922403078305582
0.181290441015481 0.159205462485765 0.0601260902386849 0.0271733514846124
0.151822466609094 0.18414337765054 -0.0807837994076012 -0.0232276512311775
0.169384848906901 0.177267531970791 -0.0578364730037038 -0.125435439945653
0.232393368774413 0.103505987881439 -0.147309568256338 -0.159250294697893
0.242695450037252 -0.00194633125147172 -0.183072522014456 -0.101558391014985
0.177865465068233 -0.0852021716782461 -0.153743774338315 -0.0206328350788556
0.117762465827043 -0.12881113596324 -0.108990735552814 0.0120939651159852
0.0571882967553861 -0.15004124849003 -0.0582531069162289 0.00986054406891783
0.0253817506284798 -0.135747274315542 -0.0242058186832965 0.000891002369195032
0.0198724422494057 -0.147648520042332 0.0149686103058944 -0.017507104930844
0.0652000878336515 -0.151126354189142 0.0528713771932 -0.0237889913274616
0.110237483833815 -0.129349061216752 0.0987733691115719 -0.0151899229481557
0.181503001699802 -0.0962750233322505 0.116703670565477 0.0454738455575688
0.216138659966771 -0.00857418894363934 0.0799925795295531 0.0996428596453812
0.194932137890105 0.109472381362143 0.0242798227208595 0.0704848694299139
0.174683103441759 0.188865321460053 0.0126800113218311 -0.0271084729433254
0.137113286003805 0.173320121214531 -0.117987674467133 -0.0922294685546056
0.16760763356939 0.167983939958295 -0.0985386853345923 -0.16655471269614
0.232044623095749 0.0914291372687002 -0.153456797875428 -0.168181275129679
0.233554991812063 -0.0151741636384076 -0.163456673636666 -0.104884914370317
0.16252868548009 -0.0882531281303048 -0.113627609211297 -0.0438630759285243
0.106651156010542 -0.121918183553382 -0.0749513831931168 -0.0334457005949789
0.0543581163784261 -0.140466315382223 -0.0343165499524438 -0.0412611622731027
0.0296630884077115 -0.125051796141687 -0.00425901039327921 -0.0489576696507059
0.0346728158532965 -0.132708617926066 0.0348403431003703 -0.0644493581210861
0.0815922703566732 -0.127510942417841 0.0752139255392296 -0.0631148839688687
0.12261212494376 -0.0974548014332793 0.122622865513674 -0.0415324927512368
0.180834056213787 -0.0555984981694592 0.126545244790363 0.0322339518367741
0.200645318144666 0.0276246833406896 0.0698024571620895 0.0832113789687324
0.163187373876816 0.133432088836225 -0.00449696599983463 0.0435923620431
0.13599787540668 0.195051410662355 -0.025989801369368 -0.0816536986450712
0.0937161437254532 0.134074125223947 -0.145385679493498 -0.14172518365195
0.127891497637678 0.130987247766106 -0.132904427973073 -0.184226585651785
0.180917711707713 0.0672815869824595 -0.146259261744836 -0.162346074741941
0.176604673015486 -0.0175627880634883 -0.133496979307423 -0.106015821581841
0.11853344720781 -0.0682193975475024 -0.0760923764211197 -0.0707909675884835
0.0814786261115639 -0.0907995762928411 -0.0477210360829618 -0.0775933743705669
0.0460436501537713 -0.106288477562425 -0.015127197242858 -0.0845856770924421
0.0307318254084795 -0.0958810988713015 0.0157317414559508 -0.0895588935188294
0.0414265140716968 -0.0986481760527346 0.0607242889383077 -0.101152823020331
0.0805763449162579 -0.0885574719535552 0.106096142340775 -0.0874701865235765
0.111300315408498 -0.0564813827003326 0.151248977685276 -0.0486863835321989
0.151545426109567 -0.0134489101942981 0.1348800525006 0.0301141966059747
0.155294524959198 0.0554297017575725 0.0635127154534419 0.0679348721636166
0.110832188563477 0.13544401503862 -0.0194566701887648 0.0153778370429813
0.0804871537351938 0.173101008317373 -0.0476899003545363 -0.131166480377535
0.0295718773351564 0.0772645377221692 -0.154730313383106 -0.163788306803734
0.0597985551719235 0.0806012285725611 -0.150042195956741 -0.179731650881504
0.0950208137453123 0.0425619816392262 -0.12623049553502 -0.152558410341922
0.0918845555891359 -0.00361515050825401 -0.105178020204457 -0.107153969361359
0.0605162371414674 -0.0272127799456946 -0.0526406765879275 -0.0920787516734154
0.0493435966231121 -0.0400282017768221 -0.0314860906106015 -0.107539944823372
0.0352341241346779 -0.0546087342339024 -0.00390052531498386 -0.112209919498671
0.0258657854546149 -0.052686640632048 0.0328847728954298 -0.115323240378958
0.0349309533446244 -0.0526912233086397 0.0867652989156939 -0.12151404442062
0.056990023706096 -0.0443500956852174 0.136903750436982 -0.0937259070883891
0.0740750092007724 -0.0224221152692239 0.176544219226321 -0.040035528811595
0.0969648386952859 0.00812184640476413 0.142881021908919 0.0373119073549868
0.0945723436323278 0.057572759148888 0.0646205464010121 0.0567150440851434
0.0517904483074505 0.107714846458783 -0.017774429330403 -0.00792665380679551
0.0207313202169231 0.12217396154687 -0.0528519305002171 -0.166286869963537
0.0169091338019201 -0.0271894813424548 0.106937758387515 0.170627698084309
-0.017358280337566 -0.036620285958296 0.0568710928883252 0.0239581370550225
-0.0357264417850568 -0.0227729522527855 -0.0688035843917288 -0.0522365847789216
-0.0289571596061251 -0.00137471642579923 -0.150908838413761 -0.0325423322516882
-0.0212563000786384 -0.00369440445057428 -0.189112752336625 0.0539581449410272
-0.0186743768715442 -0.00154668501087178 -0.141023325701146 0.131769680739377
-0.0206611060222782 0.00858683921876558 -0.0751686978608566 0.152742024188326
-0.0205199335220115 0.00403730261672186 -0.0211665724567258 0.146486790877177
-0.0287672525643463 -0.00154271544947163 0.0247444570052879 0.127682830706032
-0.0295793232380629 -0.0164996030066004 0.0567000469432013 0.120498554479731
-0.0217127773203139 -0.0242953278007958 0.0701481042065625 0.104622121750463
-0.0157403569768973 -0.0331910075397192 0.100223152528222 0.105180345425795
-0.0125289608038531 -0.0347102449020571 0.132169823165313 0.128259725032542
0.00934038029297164 -0.0384387931718183 0.156931621424723 0.128055115910032
0.0299091220834529 -0.0271626822105106 0.178088296027884 0.118564017487726
0.0782132047538889 0.0297341289091704 0.0688805211934505 0.165571462748029
0.044809801370214 0.0177173324079355 0.0317682063935634 0.0181186059679712
0.039592961410609 0.0055375354767502 -0.0939878723953596 -0.0536296242635922
0.0470592230009753 -0.00407093439828035 -0.167880480066466 -0.0338726776321542
0.038586146968051 -0.0315029135565511 -0.195926857030554 0.0515654848088806
0.0195618936141651 -0.0487682591549008 -0.14791540870284 0.125113357848911
-0.00632334399200115 -0.0485822194784431 -0.0787027986407357 0.142373393658967
-0.0175713851689465 -0.0471306542776144 -0.0268747911263968 0.134879133575148
-0.0323698278881693 -0.0579367585333202 0.0203912186921662 0.112270923694364
-0.0166431661346216 -0.0763650093653054 0.0562317116302676 0.10170720461263
0.00896136460038085 -0.0786486209047672 0.0757907213763644 0.0850970683524442
0.0461003415159622 -0.0808441879637501 0.10610204470692 0.0938263463173205
0.0696058738015403 -0.0490995923668673 0.127350993581307 0.122504223401789
0.0925203008475869 -0.00859787107048133 0.139214323449303 0.108712570361485
0.110310881393463 0.0289834576000635 0.155053441677611 0.0918320455092999
0.128251242615126 0.0845068946931597 0.0218682320533466 0.131538846193587
0.107179747752776 0.0731687025976879 0.00121437601491912 -0.0123237688345652
0.119628169408028 0.0329649800122105 -0.123700474288001 -0.068828577912022
0.124760562131077 -0.0126586979792817 -0.186308049447551 -0.0365953626907763
0.095038027048655 -0.0607564523091456 -0.191511841162366 0.0471813357047246
0.0552179430129226 -0.0917752453084296 -0.140140180928256 0.108084335982844
0.00851960549509742 -0.100190067887726 -0.072770723419391 0.116191370516711
-0.01329255773454 -0.0914017479727303 -0.0296763068505005 0.103910144873939
-0.0319223336970703 -0.104168102463877 0.0140415769849771 0.0800404297123781
-0.00477045940728804 -0.124165007786264 0.0531484050395454 0.0654548109358028
0.0328248439667336 -0.122445558189432 0.0821691851042268 0.0501837548384657
0.0934918185065082 -0.120338027967552 0.115145941835883 0.0736796497495929
0.135610267013104 -0.0656042853007615 0.12241727779864 0.114177651619326
0.160246888211258 0.0138884628638356 0.108390845153431 0.0935822925568827
0.174554101617554 0.0781219472212134 0.109565997683312 0.0552423796665663
0.163181585329607 0.125216703149278 -0.0312942848511472 0.0743096937621881
0.162175233795655 0.115292494980876 -0.0366632084036682 -0.0573381347272938
0.193607955018889 0.0482264036806381 -0.152277789970502 -0.089942748304904
0.190294019098958 -0.0325566725616762 -0.197000454068957 -0.039924559608388
0.135440231414958 -0.0928321743610834 -0.173123450609335 0.0374292244920405
0.0790413935033478 -0.126819391861324 -0.12101760885451 0.078254955846815
0.0180198756774546 -0.136609709755921 -0.0601180171251023 0.0732685803735111
-0.00758535826973776 -0.121376086430019 -0.0281212608096007 0.0582937708494266
-0.0238463954637006 -0.133502223111982 0.0095345022309831 0.0343153816113511
0.0119143757968113 -0.152521871136094 0.0488039179019976 0.019258877681202
0.0566270742678642 -0.145309783518931 0.0873468496737775 0.00728802308922736
0.127977818241576 -0.137541699252759 0.122200201266277 0.0484063278831209
0.181105908188384 -0.0688277609622064 0.112696622464008 0.104154905686121
0.201194040842059 0.0372070423818237 0.0691666916069354 0.081249483137163
0.208621973018954 0.118578890462853 0.0516588639276777 0.0138478106310977
0.175083369910322 0.14276569439159 -0.0873502012348366 0.00644949513989244
0.195410843329865 0.132575141463029 -0.0843887210293773 -0.103350724119314
0.237771273841332 0.0478881596700737 -0.172127249241413 -0.108121166219101
0.224121175675915 -0.0550258727533516 -0.192324026041075 -0.047378328365134
0.149754285108028 -0.115912421314933 -0.143382231736925 0.0153573605742555
0.0858549149751103 -0.144080709915479 -0.0949342386698373 0.0340019607872803
0.0216151162195428 -0.152850496420482 -0.0446089883012857 0.0202854751727736
-0.00101561939766319 -0.133346034533461 -0.0227017609110635 0.00531369809151144
-0.00980328285782929 -0.142904030449865 0.0105661433337026 -0.0174992502233594
0.0329873671849674 -0.156874744978505 0.0496573091672619 -0.030737115341231
0.0810461486674996 -0.142467951147645 0.0956634810716402 -0.0336368369454823
0.153443204820176 -0.12531694063077 0.126079131765632 0.0254703790556592
0.201749013720686 -0.0487069411316313 0.099768244833132 0.0908702156615743
0.209614136096836 0.0651753339039921 0.0276762736915011 0.0662761655394391
0.208201077352485 0.145935197511374 -0.00694544103936226 -0.0322012140508738
0.15841596985469 0.134486491961976 -0.139390451709616 -0.0566973749727543
0.190255633446273 0.124365111038815 -0.132662722341323 -0.136093518409845
0.234416125801742 0.0373047729860303 -0.179797643619253 -0.115686620666542
0.212921746467864 -0.0651933591439428 -0.1723324474474 -0.0551293441252836
0.134951539273671 -0.115436879444777 -0.108491941759423 -0.0174921554951232
0.0772144490726621 -0.136549647406609 -0.0713807630336023 -0.0182029990802813
0.0209798686382468 -0.143282232758889 -0.0314605027132391 -0.0341179187038349
0.00545714502992747 -0.124347356215305 -0.0133372013534673 -0.0473081579821074
0.0075742564044683 -0.131674486531722 0.021454354992747 -0.0685580957145441
0.0537303357342408 -0.137552374375126 0.0631218183332773 -0.0753178347692656
0.0984560366072388 -0.114440667074372 0.113864011714184 -0.0647698542686331
0.161016930358561 -0.0859392281701906 0.131909249800848 0.00947082312073805
0.193922521326756 -0.0116154990274156 0.0841232493215107 0.0757544669284878
0.184075165258727 0.0942898823792046 -0.00611189860473578 0.0447156445468915
0.172191515949887 0.158830669684702 -0.0532568324608601 -0.07973942067857
0.111252621434425 0.10628243799376 -0.176810698048615 -0.1043993691928
0.144970070515701 0.0981676160747071 -0.170412526945457 -0.149337772956792
0.181668932663071 0.0260082196909832 -0.171688309580343 -0.116587118472852
0.159302331375021 -0.0545015280878541 -0.144244651797489 -0.0663924843433334
0.0978379054484062 -0.0871993549215851 -0.0802124890012941 -0.0524983884894817
0.0583151782529988 -0.101914879121541 -0.0548349967650948 -0.0667614189277063
0.0199498930432643 -0.109991088233354 -0.0233819450590668 -0.0805984501920956
0.0118252682909987 -0.0964473414539401 -0.0014859952133597 -0.0912868986423951
0.0204113052474398 -0.101383116799163 0.0387805132725265 -0.11050917218626
0.0601013552035442 -0.100240905207032 0.0874970438010223 -0.105947384857158
0.0958257407491665 -0.0735167714736835 0.139401463550751 -0.0783936404909689
0.141282352552614 -0.0404717606529144 0.139927222895529 0.00531248261434528
0.156726125079373 0.0231561644581914 0.0739628678950185 0.0601449181572681
0.134035151742441 0.106610368281071 -0.0241958657565413 0.018260057101173
0.112903309075311 0.147396340767133 -0.0816552108002433 -0.124055549795004
0.0414618899981183 0.0648291919699901 -0.190398926586761 -0.129498749657654
0.0701213569932052 0.06455856085886 -0.186635158573213 -0.145816735892556
0.0962998636799606 0.0213437080423613 -0.153591686379354 -0.117558008525832
0.0837855426005623 -0.0232128504194192 -0.121146495777019 -0.0784192402635565
0.0510463060788816 -0.0381701151134266 -0.0659322956893152 -0.0789833599045776
0.0379209889445625 -0.0472933517122273 -0.049450077882816 -0.0987718355958436
0.0205362604673311 -0.0587337503972702 -0.0201450155815529 -0.108566076434695
0.0146430214428244 -0.0545752215218286 0.0100787486684833 -0.119011282364969
0.02347023167709 -0.0570008505292328 0.0604877448929304 -0.136854619682868
0.0467725669707778 -0.0537638280085091 0.117148640569875 -0.120431236558915
0.0675876739424072 -0.0342682192397503 0.165803310777985 -0.0752305816382591
0.0937449708964791 -0.00946570548635762 0.148643152371787 0.00909899403186517
0.0993789238617579 0.0365782534924013 0.0726173678127139 0.0466213292679273
0.0709977442931838 0.0921583416121231 -0.0251043484441112 -0.00501129374796874
0.0448795313960732 0.110076391925182 -0.0896983212570799 -0.157077147609963
0.0174160549254568 -0.0275821684622634 0.110780576087235 0.169072116471552
-0.0171549523661456 -0.0371844249161945 0.0571907724790054 0.0216235335604698
-0.0364981361114957 -0.0233514050729272 -0.0700856379759404 -0.0506099675197388
-0.029475014631856 -0.000985796477629293 -0.153141023999618 -0.0292020576317129
-0.0227758030514532 -0.00307972167390613 -0.189931314275909 0.0585665799605385
-0.0196063326732312 -0.00211034613221577 -0.138746773538897 0.135135795676455
-0.0198683886790715 0.00824116689617367 -0.0712433647644317 0.155779630445382
-0.0199645742959059 0.0040278747742479 -0.0169237476436421 0.149567085311435
-0.0290634698606228 -0.00129346443529612 0.0284314647266693 0.128974194708861
-0.0301706493981345 -0.0156530056074934 0.0607097066427728 0.120477156766043
-0.0231525984348966 -0.0234872069412607 0.0745317614079035 0.104538961889995
-0.0176220804408283 -0.0330759123031956 0.104172839701827 0.10388553389696
-0.0134234721283106 -0.0344111034186135 0.136231893699392 0.125895015020062
0.0090526088146942 -0.038541790099851 0.160291453162105 0.125211165489669
0.0295822571115978 -0.0270547881793232 0.182469500787976 0.115793513140776
0.0791176559133528 0.027864222085385 0.0724042336828294 0.164785957732735
0.0463319744732674 0.0163354423374557 0.0323324207794657 0.0164672759552003
0.0404224173742686 0.00270124059567374 -0.0955848066813275 -0.0510953881840437
0.0473904633142506 -0.00701030039374327 -0.170124579340306 -0.0295205481488732
0.037517170947649 -0.0334548386527701 -0.197171112388553 0.0564006793438098
0.0178844557405811 -0.0507259430075234 -0.145879544296231 0.129418120693587
-0.0071507745156313 -0.0497550309728992 -0.076302057619875 0.146098196486032
-0.0188247729195776 -0.0472674301064108 -0.0238607869753045 0.137487002207214
-0.0344736370356429 -0.0580504330704195 0.0230014921382605 0.113427453096177
-0.0188604821643964 -0.0765748598935049 0.059182613283996 0.1008180132054
0.00684403282951963 -0.0804017239236163 0.0784478140506023 0.0851186925704952
0.043224100454838 -0.0829994906242084 0.109778422969568 0.0923882534426031
0.0695283370016143 -0.0514589453222918 0.131652294828798 0.119235359506823
0.0934558180003974 -0.0111558784550258 0.1430232256171 0.105975055359965
0.112595637282984 0.0269470489578135 0.158183545431435 0.0901579127088325
0.130844178602875 0.0817206533378772 0.0244441143024541 0.131557794327877
0.110481228633016 0.0707545835012771 0.000860864049232473 -0.0134599510204152
0.122372524387687 0.0280012612070368 -0.125842424399631 -0.0657758107581782
0.125551819229656 -0.0178606786352303 -0.188090499324443 -0.0321668464429307
0.0936551139305997 -0.0652372093772623 -0.192666837270455 0.0519630343147555
0.0524703861496976 -0.0953419171397609 -0.138828943042936 0.112637631243309
0.00565645374651715 -0.101321741698198 -0.0722407420345583 0.118633328101438
-0.0160858406413794 -0.0913482366487889 -0.027496708071122 0.106242824142123
-0.0354381629159014 -0.103928909697012 0.0160613099107245 0.080375456954513
-0.00826337135688696 -0.12521827901052 0.0552488382060287 0.0643551228681138
0.0303591168616141 -0.125275520613232 0.0834539718790118 0.0499250509016428
0.0895761915362453 -0.124094562570006 0.119123095455652 0.072091239364211
0.135997451650277 -0.0696966714931522 0.126960768292852 0.110747367063774
0.162365191716951 0.00943436058216304 0.111967191000113 0.0923491054738111
0.178751360841268 0.0739871545447137 0.112141769847812 0.0543002114830372
0.166130991160687 0.122007587187308 -0.0304181199296564 0.0750824355989426
0.16708051767923 0.111918259246695 -0.0378901709276018 -0.0581229614380372
0.19695863713482 0.0409329556391497 -0.155400126857002 -0.0864874366251588
0.191439676266056 -0.039738768985199 -0.199754556145399 -0.035548412658619
0.133834188218239 -0.0983113041952601 -0.173895226372081 0.0423785292295652
0.0755707282487023 -0.130980388900998 -0.119406573142085 0.0823839991172218
0.014848041221005 -0.138979775285547 -0.0608829724343755 0.0751999812762651
-0.0102222924753568 -0.121787170239963 -0.0268903068373734 0.0595285364815073
-0.0285583807794734 -0.133368421485487 0.010698239178626 0.0347736897319503
0.00674989188003008 -0.154105031907656 0.0495368916681843 0.0174386922883016
0.0534892178647668 -0.148935800595929 0.0877505155497416 0.00608521331518974
0.124728292770194 -0.143617736452933 0.124934619896153 0.0459210667134746
0.181067833783256 -0.0743949638841022 0.117231588929059 0.10070696606471
0.20453214172917 0.0316261685841113 0.0719426590944209 0.0812499264121584
0.214078764275042 0.11222419016776 0.052621368448111 0.0135579058351766
0.178607149759602 0.138899550478918 -0.0884529384299619 0.00776532765450156
0.201244783844589 0.128742854379176 -0.0866903747677043 -0.103296759163539
0.241965312104231 0.0405460545703559 -0.176036183048812 -0.104335703046211
0.224664549141347 -0.0633054691599362 -0.194386998352903 -0.0427383876568459
0.148557004446086 -0.121926463406599 -0.144645277222768 0.0184465941146649
0.0820578468532674 -0.148751004197794 -0.0950427674296342 0.0368758681466363
0.0179057109783751 -0.154539129068477 -0.0471219526576918 0.0209699435377164
-0.00437205432775474 -0.133455557249751 -0.0228619719630994 0.00567702822295131
-0.0144234594977432 -0.142927117854596 0.010422243608506 -0.0174113626691847
0.0282188262476963 -0.158784715070018 0.049513976575317 -0.0324496299284037
0.0780724988760315 -0.146119035527217 0.0947751471415248 -0.0352788207380321
0.150551886678746 -0.131010954052044 0.128630499156186 0.0224035730609319
0.202431310627551 -0.0554979989762857 0.103178325108434 0.0882879844095656
0.213335941689723 0.0597445056288094 0.0303088929509221 0.0670622658554153
0.214819222821121 0.140069400467384 -0.00714476580940185 -0.0313683864511224
0.162027468622684 0.13117559076974 -0.142680960607968 -0.0547802636578733
0.195212555026749 0.119880730803004 -0.13674866507193 -0.134697736683289
0.237595264289358 0.0303530560006965 -0.182923413277432 -0.112142721424377
0.212792907973398 -0.0720145553825452 -0.17416610267234 -0.0515586763830256
0.13334605374884 -0.12125402631074 -0.110427105085604 -0.0149310593060085
0.0734375550337202 -0.140361612760062 -0.0719890062075642 -0.0164860979449772
0.0174381621286802 -0.144923183436814 -0.0355771498894521 -0.0346897960696676
0.00217759249753746 -0.124419061654985 -0.0150552283897543 -0.0482944157184494
0.00309719433744112 -0.132017535098506 0.0197531971538094 -0.069644560706042
0.0495053271471205 -0.139813714549062 0.0612462991515827 -0.0773814541832569
0.0965865933929908 -0.119439555038141 0.112026997726137 -0.0675010825641201
0.159372817439491 -0.0916889527846968 0.134129959220707 0.00650945588576796
0.195404521201613 -0.0181973916595303 0.0868560337759197 0.0746104096058093
0.18792012054275 0.090032112994809 -0.00391338874702508 0.0464600469761909
0.178276178174128 0.153996293140394 -0.0551974074225152 -0.0781539559108957
0.114336168651809 0.103295818288507 -0.180777188581511 -0.102502284724615
0.148548221002884 0.0951875908894252 -0.174750153120991 -0.146749083122305
0.184356144280143 0.0207366163762326 -0.176276023758886 -0.112852563566456
0.159635299246007 -0.0596057893135043 -0.146387047892855 -0.063774534336032
0.0965918254288006 -0.0912316093262098 -0.0819532518332053 -0.051548257030748
0.0563798276422713 -0.104442489803744 -0.0574683437269653 -0.0656411074434654
0.0173870961254229 -0.110636522216536 -0.0278336072113865 -0.0817851727932004
0.00897660302523393 -0.0964500262873575 -0.00408450748624696 -0.0926969364502382
0.0175327037066599 -0.101735557393859 0.0369358136665385 -0.112760070634716
0.0571604476443437 -0.102292591589435 0.0856819057704596 -0.109504498711817
0.0949374925856465 -0.077356794996443 0.1375753377285 -0.0817173459661108
0.140362984379261 -0.0455458007880607 0.141835376909195 0.00193636202581026
0.158478711327893 0.0191512507885053 0.0762841453468832 0.059133691246393
0.136577364898883 0.103980801825223 -0.0229255082606116 0.0207035528447102
0.118387143699573 0.143651372764001 -0.0842234445464613 -0.122394133386331
0.0428976092576219 0.0637531349005486 -0.195262776785041 -0.127694997971198
0.0727636774929887 0.0633642734082078 -0.191162345502006 -0.14235652834221
0.0973685892393781 0.0189913798880437 -0.157271718677796 -0.114836542183632
0.083478978787961 -0.0251140873990519 -0.122589670618685 -0.0766305977291768
0.0511611292636245 -0.0388091208064721 -0.0681827526806413 -0.0783641659840515
0.0375059762556546 -0.0486918444627394 -0.0524960348255893 -0.0989153671936591
0.0195429821236548 -0.0595308830440969 -0.0247304123865396 -0.110781047022502
0.0135079267246229 -0.0546026937204889 0.00715082941374731 -0.121453731527422
0.0219306570134486 -0.0572953860404048 0.0575999583287742 -0.140267116179111
0.0453522389110519 -0.0547650961177652 0.115297389006165 -0.124158430965843
0.0671398489833873 -0.0361578931955683 0.16546303919149 -0.0801773277302919
0.093855324031373 -0.0119524617997585 0.150950699595714 0.0060808510742577
0.100677970104478 0.0344060948563027 0.0750284623557797 0.0456040609285675
0.0731682865094519 0.0910921680715673 -0.0242014756541563 -0.00271119084925247
0.0482801648394019 0.108123234263265 -0.0928857119077848 -0.155264754635989
0.0166857870912716 -0.0289432247697116 0.120431796986874 0.164557377552104
-0.0189827769480954 -0.0367925690657948 0.0585837277768028 0.0183025001340401
-0.0379011248426211 -0.0229252061253604 -0.0725758855800832 -0.0468680143230714
-0.0305385625601272 -0.000455137127015164 -0.155378836144807 -0.0212580339864477
-0.024316601948983 -0.00199617260247766 -0.188624057055314 0.0693078153721383
-0.020543632645285 -0.0014128156087687 -0.132715873549008 0.143049406041096
-0.0191773026395067 0.00831146347429314 -0.0635183557206666 0.16155652131416
-0.0196802415139897 0.00470883984682826 -0.00885915114761212 0.153156125004539
-0.0292257178587939 -0.000160520920642602 0.0359148628997265 0.129522183999667
-0.0312987539651112 -0.0140734990717327 0.0681107994583259 0.118387594482417
-0.0241824992993999 -0.0225173106849622 0.0810603449822125 0.102107367699334
-0.0203016658063675 -0.0325371773318869 0.110900010454646 0.0997399525993528
-0.0144715596960839 -0.0335448634306712 0.144127721538415 0.119076568350897
0.00804344812167646 -0.0390522981232782 0.168179843618496 0.117981018281405
0.0288492048113122 -0.0273710023269865 0.191378437812457 0.107592419262593
0.0815497100933427 0.0238525646249244 0.0811452836640376 0.162382535872459
0.0481365999476383 0.0136423539780952 0.0331216750620153 0.0137761164125947
0.0413402835794562 -0.00127824749905274 -0.0978885294452345 -0.0459492021627987
0.0470093275687554 -0.0111862907463901 -0.172958458706574 -0.0206187009419393
0.035086853849624 -0.0362932304376903 -0.195822532703098 0.0671072171634581
0.0137130143340985 -0.0526510753272066 -0.140262583723937 0.138868966217609
-0.00980228902694908 -0.0507664249173809 -0.0698907155879826 0.152380448258538
-0.0216205167446767 -0.0470129531430111 -0.0157923125621147 0.141154187567021
-0.0379245106919649 -0.056198848652046 0.0295827082289574 0.113942885976552
-0.0231713649183409 -0.0766009572156987 0.0652989126788386 0.0985739639082749
0.00260970744796646 -0.0817097575914392 0.0842733940513931 0.0827069555111923
0.0378176855302566 -0.0859104708607872 0.117052010313268 0.0879220626023523
0.0678086195521641 -0.0556313824550503 0.139814662432151 0.112842623342498
0.0946240742559953 -0.0163923881260722 0.149731327035161 0.0999664798612048
0.115873621347899 0.021034704595464 0.165055871274962 0.0832413683557016
0.135713085714616 0.0755826594660476 0.0304485606843353 0.131003577480061
0.115557427014113 0.0650806746589308 0.000372844027361442 -0.0150290345313516
0.125173018755356 0.0198803940632868 -0.129458635540302 -0.0593419385594756
0.12528431111062 -0.0265748675809372 -0.191509553923879 -0.0225570004727453
0.0908946882624258 -0.072492502261352 -0.192475812074006 0.0633345664557794
0.0465116701239892 -0.0996957872868674 -0.133675474780285 0.121258250266587
0.000533298220295337 -0.103414759268849 -0.0680165866837335 0.123699093371018
-0.0208937709790953 -0.0916071642181778 -0.0215026557006572 0.109052994187369
-0.041569359463945 -0.102075719853194 0.0214042319650468 0.0811909837559487
-0.0159658138135845 -0.126532245431019 0.0590452305090171 0.0620505053458324
0.0238042545036693 -0.128447800904272 0.0871464130228548 0.0471829628870123
0.0822089187728851 -0.130655425821906 0.124816054372287 0.0662754671819664
0.133665851644694 -0.0789207493817819 0.134319289050271 0.104364427747904
0.165407649900441 0.000614008610660283 0.117959239826334 0.0872670551720882
0.185048272163852 0.0642181596459412 0.116202423724787 0.050013475112008
0.172730213954017 0.11370364573055 -0.0270571031511769 0.0769767122748374
0.175775157410064 0.10301503233652 -0.0412505706028181 -0.0578630215754085
0.201361982784918 0.0291983214216255 -0.159761107645753 -0.0786076855131754
0.190873597551795 -0.0529549159602486 -0.202568936693708 -0.0260139135702269
0.130091366022664 -0.108929755731732 -0.174506231610586 0.0520152571474152
0.0680893927580355 -0.136947108596422 -0.116027607687726 0.0899842090835553
0.00668459920892319 -0.141005521893508 -0.0596430177047859 0.0787521182588541
-0.0174014519632025 -0.122053837096644 -0.0238470225395125 0.0618171349457721
-0.036587816665047 -0.132139517007598 0.013255948521679 0.0349120484764663
-0.00190581742885055 -0.156134064731643 0.0508619939318816 0.0146861377140698
0.0448886687064953 -0.154507018915548 0.0882547935566198 0.00279743282504503
0.116628706894979 -0.152165943459687 0.130106438741983 0.0395000459693644
0.17946041856112 -0.0866539933652378 0.123787076564169 0.0951130135527967
0.209186744780775 0.0199493198980653 0.0774852064076014 0.0783212100565648
0.223540713894675 0.10028915005489 0.0545032539553652 0.011442505200797
0.186365585653192 0.130623817116123 -0.0895771937126114 0.0119906573365384
0.209988826046726 0.118185308202646 -0.0929691107586813 -0.10004547471645
0.246736480038768 0.0253014311755852 -0.182066981278888 -0.0950410294333967
0.223820815682399 -0.07747333555227 -0.197639713392277 -0.0336116098019502
0.143251422736434 -0.133096124539632 -0.145300903543028 0.0261629558180466
0.0736968150710931 -0.155281599147132 -0.0933938959390227 0.0420855841707144
0.00884145461737596 -0.156860890928845 -0.0489899110691414 0.0229755067648042
-0.0118377026645997 -0.134080560530132 -0.0228261433319169 0.00671242734156476
-0.0228318438417141 -0.142725485960879 0.00998591783885981 -0.0185706100846394
0.018729011643479 -0.162619904330381 0.0475298911334669 -0.0360309682187923
0.0703546399617505 -0.153607769614952 0.0932174972917087 -0.0400546188775062
0.143469748568143 -0.141303269617442 0.132010710845513 0.0153882734066688
0.201978549289804 -0.0687639613316011 0.108662201343733 0.0831731108293337
0.219007877506162 0.0485952613109379 0.0352173199671834 0.0666708857033489
0.225163245748267 0.127266077612184 -0.00869818076696431 -0.030529511476965
0.169635345833684 0.123662616064289 -0.147330480251151 -0.0491772714559738
0.204114835999096 0.110023330547134 -0.145419625565382 -0.128810302433098
0.241791943517432 0.0157352771020509 -0.190017322972611 -0.102828415969859
0.211265048311644 -0.085942709201119 -0.178258066302817 -0.0430592754156892
0.128564403329095 -0.131123336902002 -0.111763297839537 -0.00964320449786253
0.0663309381382477 -0.146120930287229 -0.0738992669176004 -0.0126983249122348
0.00965456370301639 -0.146219335502106 -0.0405833019083787 -0.0345256041578221
-0.00457261850334061 -0.124993868556535 -0.0180521025299595 -0.0483946489163419
-0.00448075650013809 -0.132948621215178 0.0158234358511878 -0.0715818005756632
0.0412361430991897 -0.143651467054596 0.0574376180564324 -0.0821874399771703
0.0904803012796683 -0.127164528045931 0.108612608505593 -0.0733695838764465
0.154127145847925 -0.102848316387742 0.136881804523732 -0.00091252006465645
0.196805235698307 -0.029908892149732 0.0922173986955342 0.0702905715841483
0.194925597554778 0.0802881617021917 -0.000507766034358701 0.0486161318678127
0.188928472702618 0.143056920795238 -0.0598208684793652 -0.0755095372048294
0.119987005079416 0.097976799011446 -0.188321991806147 -0.0950616470019503
0.155808256254716 0.0870355008860809 -0.184367701663639 -0.138587351573504
0.187543275856724 0.00948405156145335 -0.182584350142282 -0.103952640776728
0.158316184941954 -0.0696420783597139 -0.150515666149338 -0.0567304780580308
0.0937884224456303 -0.0973462980592554 -0.0850648798149335 -0.0479656127389969
0.0504667988000884 -0.108962286096547 -0.061146897551153 -0.0637287239794633
0.0113016957087956 -0.112099085917311 -0.034642658486613 -0.082215877620884
0.00404990037054511 -0.0971670221121914 -0.00979623604825829 -0.0947235017776916
0.0118818038705165 -0.103297235585488 0.0310879255175118 -0.116358461987746
0.0516192511971104 -0.105991138346274 0.0804966251386628 -0.115759463082142
0.0913357308569167 -0.0840564477556938 0.13435985961117 -0.0896576906446138
0.137896671267429 -0.0536722527398372 0.144633485552017 -0.0052059909522701
0.160584170861324 0.00992585142572289 0.0805035503594469 0.0553158209078594
0.143575053251002 0.0968721635577076 -0.0204516572905531 0.0234747418257261
0.127187102841609 0.136738639382628 -0.0909806675466946 -0.118504210040656
0.0457670304381501 0.0612361433149359 -0.204375822252398 -0.119218496014685
0.0771321158749365 0.0589489525798058 -0.200372914627068 -0.1328647952336
0.0996146466684872 0.0134558096401005 -0.164480486906898 -0.106663843190499
0.0837207608800313 -0.0303075484722344 -0.127328781657801 -0.070541568636491
0.050737706487117 -0.0422153605403674 -0.0728819968084526 -0.0769050850340448
0.0352956791411204 -0.0515002304339785 -0.0587704819436866 -0.0968014333644806
0.0160938414399264 -0.0604019146600928 -0.0325296736581786 -0.112144780007126
0.0102143839765134 -0.0550597090533249 0.00026265544405592 -0.124228501558404
0.0189360493788357 -0.0583958303037225 0.0507691576126388 -0.144678991193265
0.0420045702762274 -0.0573060422494167 0.109452064289263 -0.132316071205192
0.0658975141779555 -0.041010043839657 0.162382882981206 -0.0900258317635523
0.0932703568718013 -0.0175151247992635 0.153344388885174 -0.00236682055049855
0.103323107636509 0.0284804605802271 0.0778969609789571 0.0424302020250209
0.0782301208716388 0.0876336865763252 -0.02388369958861 -0.000315535986138976
0.0547446664321461 0.10543397336426 -0.101050485744551 -0.150768537029483
0.0148514237071034 -0.0299808964649227 0.128934859677157 0.152358446197855
-0.0208039144461009 -0.0353022817719189 0.0593509014359973 0.0129189919827663
-0.0399674059375649 -0.0200153480324921 -0.0735917081719223 -0.0401151235176516
-0.0304063779608525 0.00181230839665373 -0.153779406568092 -0.00991492948330118
-0.024243595291738 2.23073084990345E-05 -0.180693209299801 0.0813616150708473
-0.0210473866140966 -1.9828518486256E-05 -0.120365064611413 0.150948942156735
-0.0177698862725674 0.00836671117774647 -0.049871423406051 0.163772914852681
-0.0188211712325191 0.00525949642542062 0.00361892428584669 0.152574491955297
-0.0285453432795114 0.00222062138656802 0.0456845640759347 0.125168974561417
-0.0317816661387754 -0.0116215024094204 0.0764254134060319 0.111441815120345
-0.0255229301991947 -0.0203594675081006 0.0880202838622678 0.0952878825528333
-0.0227694655478023 -0.0299617505326327 0.116563343214225 0.0893410887562072
-0.0160866244860026 -0.0320108037042493 0.149655926732078 0.105732378480887
0.00592076061070445 -0.0391710676633068 0.172373219369717 0.103608184938022
0.0264104546971056 -0.029002106455991 0.195914577887631 0.0932642713288174
0.0818316875736986 0.017098577587566 0.090640497288834 0.153416344098429
0.0488921340573046 0.00901152981019488 0.0337654642348662 0.00986038005320591
0.0396833896593721 -0.00552105162420989 -0.0984897508520655 -0.0378622427635011
0.0446723463075658 -0.0155025948397251 -0.17095407880884 -0.00758615883449474
0.0309797332433375 -0.0392292858795006 -0.188062213841025 0.0805138130730002
0.00871138867988456 -0.0530976935791997 -0.127223465001202 0.146298274462334
-0.0136031504784022 -0.0501031781502201 -0.0575110956094918 0.155534192727778
-0.0246441911515816 -0.0450976896755846 -0.00456207091529867 0.141070017837574
-0.0413027091621486 -0.0515664877830167 0.0379830011623893 0.110649902338154
-0.0292410706322209 -0.0731931230324752 0.0715248589114508 0.092269542209434
-0.00367451784399706 -0.0809846667747172 0.088995840381976 0.075716048550658
0.0302909183151503 -0.0870770257535787 0.122143350089279 0.0768437545498163
0.0630140779049761 -0.0605894125173948 0.145160503706581 0.10000408797466
0.0923867233106105 -0.0238333636317246 0.153660684411236 0.0878699240785814
0.115612016072788 0.0115559286927966 0.168293645945562 0.0702767448793496
0.138114360118713 0.0643801987537457 0.0387215317795933 0.126946722781064
0.119195316683517 0.0550900726350162 -0.000556457362428103 -0.0156860339395073
0.12439307787202 0.00848301267595594 -0.12951771276994 -0.0482859430836174
0.120179232278679 -0.0373927821231597 -0.188846106628945 -0.00873359219558155
0.083173158662113 -0.0793735114520713 -0.184471447341311 0.0764423086623906
0.0367069136960371 -0.102331449818105 -0.121809419799248 0.128867910371591
-0.00775115444651608 -0.102756618082459 -0.0582963946527139 0.127774181674162
-0.0268915004867761 -0.0890094044315433 -0.0131500696916582 0.109551123538183
-0.0486702313615502 -0.0960244323495845 0.0275363006383833 0.0787468994475612
-0.0254900211911182 -0.122691546695981 0.0617396378854648 0.0564868409512108
0.0128498558301729 -0.129333152095652 0.0887264205941373 0.040568781745367
0.0701494742721976 -0.13458330592444 0.128432881699266 0.0553263814469655
0.125539365823087 -0.0885174802750759 0.139874673402485 0.0917749289712269
0.163070850911447 -0.0131180491479666 0.122291297665868 0.0777531680777707
0.186525684439483 0.0476076446223429 0.118171854610707 0.041381138147398
0.177650282145582 0.0996669093784458 -0.0224637750911829 0.0772944728244475
0.180243493397914 0.0877533803080706 -0.0449572765379693 -0.054325153872051
0.200328790591635 0.0109263551719799 -0.161628150913728 -0.0648613903584989
0.182735436725458 -0.0682133802151244 -0.200274912924499 -0.0107364211839559
0.118876886496215 -0.118729929101578 -0.167556961946408 0.0641051237113155
0.0551960865046802 -0.140924480363888 -0.106649331250831 0.0964267939229896
-0.00431695177133497 -0.139791901747323 -0.0542146272916172 0.082279055782848
-0.0256057898594117 -0.118993309299856 -0.0192973546173837 0.0631814601201678
-0.046090501584744 -0.126325445418367 0.0156564904246625 0.0340617306367552
-0.0147351929389415 -0.15302347873536 0.0506965758928015 0.0106317614841502
0.0321255015560631 -0.155788337524364 0.0870275756925449 -0.00286447898488071
0.101716554536125 -0.15884237544867 0.13114415820837 0.02875103710902
0.170347184754182 -0.0998770861070785 0.128692280414161 0.0836856211144287
0.207205749013424 0.0031316211657257 0.0824134059595266 0.0714496127992959
0.227007476457677 0.0796453000762185 0.0550641781072669 0.00824052684024681
0.192327820609469 0.115062662135019 -0.0877670379519972 0.0180573463909674
0.214939875903796 0.0999708411165485 -0.0980786728446913 -0.0922769348756641
0.244192585989637 0.00362189935209378 -0.184022607201008 -0.0794537897876834
0.213417236944724 -0.0951534371150061 -0.196328064834834 -0.0187837368665176
0.130661338453562 -0.14303834028038 -0.140369858884515 0.0365844521462629
0.059841477564313 -0.158917162407771 -0.0881358255902125 0.0480147126106018
-0.00303425213790493 -0.154690010646896 -0.0486768642183565 0.0262432572153453
-0.0213723120775743 -0.130345353252637 -0.022561496969099 0.00841353036153446
-0.0336750209957224 -0.137309529888795 0.00893491758733781 -0.0190335135172299
0.00533788180168904 -0.160511349654771 0.0437342984078315 -0.0389415286415181
0.0561806872578316 -0.157026537224197 0.0882079199098373 -0.0448197202123242
0.1292977482046 -0.15003326338438 0.132167571541886 0.00515633953538527
0.193298255952856 -0.0842566659287737 0.11313514642843 0.0738666771391859
0.219083696512799 0.0295204788060545 0.0399837968577016 0.0639224803343941
0.230642346679068 0.105337395516999 -0.0101600247555216 -0.0285791447994413
0.174731245882487 0.109162100285694 -0.149265342157888 -0.0371793477098816
0.208581877801221 0.0921229216244212 -0.150940775046721 -0.115714204406431
0.238890893066436 -0.00516500625025131 -0.192738187401585 -0.0862869562186008
0.200594428435796 -0.101526920396622 -0.177225550969689 -0.029637060997335
0.116494442520234 -0.13984388740817 -0.110776300500662 -0.00166465108774827
0.0535283111844365 -0.1492489957561 -0.0730235522106686 -0.00734537813495679
-0.00216619497901103 -0.144458066253184 -0.0446630462028473 -0.0309429045198826
-0.0137788775829469 -0.121953861549409 -0.0221487993392912 -0.046833982926419
-0.0149278099259783 -0.129010145240138 0.0106436202113714 -0.0716311250028889
0.0288654721413077 -0.144392149484036 0.0499748590241417 -0.0854187281218787
0.0785512430498646 -0.1327449884707 0.0999687956835855 -0.0784838447645119
0.1429659164277 -0.112888830382261 0.135219224347505 -0.0108615228868343
0.190942226556369 -0.0457015953979592 0.09591555276534 0.0621574408903132
0.196763775146644 0.0630726681565093 0.00398390547002606 0.0487420087669996
0.196055333107928 0.123854586339383 -0.0633705267581151 -0.0689045204142313
0.124593385070548 0.0874330572554395 -0.193112198992276 -0.0800753359478093
0.159728613181319 0.0731773766105555 -0.189949264233414 -0.12139360931433
0.18444279114744 -0.00608806161849279 -0.186331548548473 -0.0884232374687678
0.151093843515049 -0.0811638036952877 -0.151371557005283 -0.0449203549492907
0.0845171017341479 -0.104231418900072 -0.0875146954855358 -0.0416324437845224
0.041422716169523 -0.110923935309052 -0.0650892739586719 -0.0582867443032008
0.0023992178101664 -0.110371257493181 -0.0428473786722506 -0.0791019834435322
-0.00339935696480336 -0.0948048772237302 -0.0172874521508113 -0.0928516252826312
0.00340940174973621 -0.101257298229681 0.0214155667970768 -0.116693301479122
0.0417971584656818 -0.107850390189683 0.0700034568174608 -0.119817014562471
0.0833738444817943 -0.0909200593170677 0.124208700661519 -0.0978640318495279
0.131116824836505 -0.0639374180271221 0.14145230577836 -0.0162471734413868
0.159034894457486 -0.00315191156996448 0.0831219596085017 0.0486301888181754
0.14807061678232 0.0836411479769508 -0.0177014360916062 0.0256748019285464
0.135549705574851 0.122576101134195 -0.0979491192721593 -0.108848730035764
0.0496366016169731 0.0566849589045132 -0.210572781481831 -0.104094292274725
0.0801175163944006 0.0517772587058818 -0.2057245651444 -0.115269787167747
0.0994770011556591 0.00559521431642128 -0.168682024530936 -0.0927934172567405
0.080397971050026 -0.0358636476541573 -0.128829145346066 -0.0611032862061395
0.0472704012421103 -0.0454481393378917 -0.0768513112209045 -0.0710882117693608
0.0311003291702623 -0.0534125603915937 -0.0653700080551961 -0.0913221521083668
0.0113761689253099 -0.0599064001539509 -0.0419555804797985 -0.10849743445622
0.00610058218605916 -0.0539522854318443 -0.0100257840825082 -0.123554520030079
0.0137611664536338 -0.0583189583727612 0.0384437984840907 -0.146371524055769
0.0368260244708231 -0.0590505111503528 0.0980097638974289 -0.138276727485179
0.0613321048686407 -0.0456413006661485 0.152236760899152 -0.10032184852457
0.0895936556759983 -0.0245333610801044 0.150771173983655 -0.0140390890859261
0.103219668796642 0.0200994526808313 0.0801010256271535 0.0362782564036783
0.0825869719229392 0.0802831938679106 -0.0214118290786853 0.00289105793805418
0.0612761295419728 0.0976526669497501 -0.109730360054594 -0.139641439243349
0.0125108912707108 -0.0294404438011186 0.13048331585591 0.13557128616757
-0.0211803218853985 -0.0325561125257587 0.0564029924342297 0.00742499561860734
-0.0395305230621345 -0.0167625717167096 -0.0701261703225142 -0.0340344734417146
-0.0287126675139743 0.00331966656018253 -0.145324454757266 7.09172200357253E-05
-0.0234769218541974 0.00215886949121532 -0.16599637353625 0.0882899785716106
-0.0203249320081354 0.00102408027637443 -0.104030405123854 0.149301371547777
-0.0168087665720158 0.00795612533883805 -0.0357799287657433 0.158597036253193
-0.017404726836034 0.00593187481316054 0.0141535806864067 0.144065963317272
-0.0266055084338146 0.00385237995508332 0.0513278156136934 0.115625820486119
-0.030328482476013 -0.00932002554765505 0.0792631567116215 0.1009838410448
-0.0254485157337561 -0.0173587107931751 0.0898011473326387 0.0846396560331799
-0.0233019922512959 -0.0260625083418096 0.115642964692971 0.0764559023771583
-0.0169058317280973 -0.0291692527303028 0.147628678198121 0.0903882796224781
0.00339897550190511 -0.0379818786042802 0.168677016679352 0.0876860824398344
0.0230965514884242 -0.0290403236099686 0.191000536836838 0.0770499912559034
0.0784100301446721 0.0108608859982119 0.09432532869665 0.138920921561202
0.0467089426527414 0.00529366367103683 0.0322281855069106 0.00617559388446313
0.0366269870696261 -0.00862289542274595 -0.0937706588320064 -0.0299316458693073
0.0402692669939137 -0.0184429582168523 -0.161720514821112 0.00292917691498902
0.0265040978874379 -0.039080720374684 -0.172918097742714 0.0883276466518256
0.00386610794618733 -0.0510381276005231 -0.110656861442578 0.146140685912379
-0.016235662397733 -0.0473238834394052 -0.0439896792683107 0.150778682161935
-0.0255066697765911 -0.0418856016665036 0.0052478968327803 0.134545658472445
-0.0421808465910778 -0.0456574964484678 0.0435584875854526 0.10275985261657
-0.0323581045873981 -0.0673028661278374 0.0730413058727691 0.0830780354265747
-0.00868556473689922 -0.0761488376798633 0.0895036101655716 0.0664934139154725
0.022509933623306 -0.0831295680876633 0.120272542772735 0.0642852851836735
0.0563039827750011 -0.0613874359443606 0.143345081275354 0.0842929633031751
0.08664682061877 -0.0292031117019862 0.149943267529743 0.0736151583499397
0.109242529158085 0.00302544805827694 0.163762926588556 0.0575301145307308
0.134191271266124 0.0523186884803312 0.0436955002304141 0.117159179741971
0.115680683162069 0.0445422191332016 -0.00133207809144941 -0.0153514800669261
0.117249603419947 -0.00148215223162972 -0.124184422048248 -0.0381463348297942
0.11092327643582 -0.0443215930057179 -0.178337667742906 0.00336270202095131
0.0730912239813256 -0.0814609132240078 -0.169174392232924 0.0839060836619897
0.0272589688057293 -0.0992720033327166 -0.106033651193619 0.128954922494214
-0.0141892062335226 -0.0965980716458775 -0.0475754955431971 0.124639147554743
-0.0311510825571397 -0.08265514130611 -0.00480981888747776 0.10519818918016
-0.0521075849879879 -0.0873013392480945 0.0309312254380285 0.0733433524210457
-0.0325909075022727 -0.114487397444344 0.0619989168988689 0.0494620634209997
0.00376184206836336 -0.122945480576151 0.0869431012292816 0.033422007264168
0.0570160702159179 -0.131290273736455 0.125065270704993 0.0430238237383012
0.113841667724345 -0.0927809705602129 0.137107389956447 0.0774434552496115
0.153403473179222 -0.023639602432884 0.120624282691077 0.0662132762105059
0.178565084569294 0.0312738089237459 0.114777561369788 0.032687682752584
0.173675435832393 0.083758294103545 -0.0164488469661399 0.0746848496343177
0.17616026831975 0.0713129207102284 -0.0455700762151132 -0.0495268186236315
0.189237497500612 -0.003930203935554 -0.154971852697861 -0.0512593927320749
0.167482954043695 -0.0779824882732075 -0.189637457452847 0.00186636486312256
0.104209363318124 -0.121183495239121 -0.153790417434701 0.0711694740639357
0.0419793180855989 -0.137269117104614 -0.0937710538264657 0.0969808005832079
-0.0131332422162059 -0.132400847804613 -0.0471530081368787 0.0815506372400406
-0.0318425558434432 -0.110561214730872 -0.0143994098053302 0.0607802902246768
-0.0518075252430678 -0.115443379970513 0.017603400532071 0.0308338421041001
-0.024594861021335 -0.143778821611768 0.0481136493884648 0.00741149000271601
0.0195125554992604 -0.150814743743865 0.0821481283871787 -0.00689040083868651
0.0850040164125977 -0.156425727698318 0.126601343220452 0.0176485140543737
0.154159980844046 -0.106650702377711 0.126174476249815 0.0703282896863389
0.195892900356079 -0.0110603442469627 0.082987331400223 0.0629078635486075
0.218509383823629 0.0581878374963049 0.0529668418804817 0.00558141913467069
0.188297486848531 0.0971359269066016 -0.0827134112728767 0.0229495064000983
0.209544395779071 0.0804277629238274 -0.0977368253400788 -0.0803108666702349
0.230075255028624 -0.0135870630821559 -0.177279364050145 -0.063083011474971
0.194844411902408 -0.105309644995757 -0.185895245953753 -0.00580189472167704
0.113889554169762 -0.145336947456629 -0.129944538704969 0.0426713094056443
0.0453906841758508 -0.154864074534861 -0.079539700531266 0.0501375902040388
-0.0128156933406371 -0.146121117159767 -0.0465791002635423 0.028536085470211
-0.0280775920355932 -0.121826506366341 -0.0214963686056123 0.00881097883750767
-0.0405124013153387 -0.126644650101519 0.00716082452304261 -0.0185558965573857
-0.00615412953099207 -0.152121755685995 0.0386230941445503 -0.0390476073549373
0.0426251898506438 -0.153273401185501 0.0803519857650837 -0.0468505020646908
0.111242856323422 -0.149868049199707 0.125124639673163 -0.00476606984567333
0.176983244664114 -0.0928548984873785 0.111161681121544 0.0622647709329609
0.208418457685235 0.0135059864229948 0.0430458973652948 0.0581052197867592
0.223206550109059 0.0821788078865463 -0.0106151629723803 -0.0251216177901531
0.171689884853097 0.0919749749612559 -0.14330449755861 -0.0261451929968842
0.202723086734229 0.073609476289257 -0.149064660373024 -0.0993209653667484
0.224818005694928 -0.0214421716615687 -0.185824255798139 -0.0697641524319743
0.183225209197516 -0.110644221968404 -0.168928382942157 -0.0172456373384701
0.100858070585767 -0.140791661062899 -0.104346617327691 0.00510057966103491
0.0403692063205082 -0.144930116865939 -0.0692000354762962 -0.00338269647703599
-0.0108661512434027 -0.135693518557273 -0.0465692566969515 -0.0265506267008721
-0.0197588983343416 -0.11418999383359 -0.0246956797037256 -0.0432374321823054
-0.0225002396932344 -0.119858617577948 0.00528253489723554 -0.0687874172562489
0.0174241078536778 -0.138456687289129 0.0411787713267049 -0.0833377562295168
0.065318104860919 -0.131244013919173 0.0895813175785132 -0.0799578008002265
0.126853918540071 -0.116255585096511 0.127720762554093 -0.0191366659112004
0.176736472873232 -0.0567698611762756 0.0938979033482029 0.0528326617592284
0.189833629281508 0.0469936726671379 0.00822078538691523 0.0460847203967309
0.192133702957287 0.10160002475463 -0.0637957702631404 -0.0604159640098101
0.122876811302085 0.0745693603435505 -0.187490228817148 -0.0640605117281528
0.155024303436848 0.0584604005318315 -0.185868891290447 -0.102487856137039
0.173866993083986 -0.0185269690403479 -0.180929865031739 -0.0717041749302306
0.137347215181821 -0.0871207269241344 -0.145270594369294 -0.0332338032539986
0.073657801788217 -0.105116710966099 -0.0848512613565763 -0.0343369235479405
0.0316686116870806 -0.108077550986747 -0.0653480423283679 -0.0520782027628717
-0.00464398977134886 -0.10418339450454 -0.047538522854145 -0.0721685687621759
-0.00914570220336408 -0.0888282895910793 -0.0231711251771311 -0.0876883859022188
-0.00308598780041186 -0.0952941400888333 0.0126512630208864 -0.111947982302457
0.0320523567708739 -0.104777318456409 0.0581838229474065 -0.117758686222941
0.0730392676974707 -0.0916893424949864 0.110773866321522 -0.0998648380878353
0.118679277846659 -0.0689480424713626 0.133240976899367 -0.0246602153756251
0.14921261457668 -0.014308552214077 0.0811803217707893 0.041271851314835
0.144464609000111 0.0694900535077695 -0.0135362857074465 0.0256673148992076
0.135297718166898 0.104874829629015 -0.098408193571684 -0.0963123389588023
0.0505210155329709 0.0499361277302976 -0.205513868177569 -0.0857797199373915
0.0791996766836609 0.0438268043528988 -0.200425495142894 -0.0949583831303482
0.0945057161069834 -0.00164899408974437 -0.164009414107602 -0.0768868665799663
0.0743669309658084 -0.0396823480590917 -0.125309040143594 -0.0500962560905653
0.0422919334155507 -0.0465427226603117 -0.07698395954733 -0.0630121424619892
0.0264486265088053 -0.0527644627284142 -0.0679612872495446 -0.08276250808181
0.0069702655509217 -0.0569599838355876 -0.0486349863377956 -0.100574242618415
0.00220642651623801 -0.0508420976162198 -0.0177543381248974 -0.117165506943975
0.00942474561421546 -0.0552235837681177 0.0271710903342154 -0.140682212417963
0.0306409790684346 -0.0578943496456853 0.0836281342380554 -0.1370253038944
0.0553427237230939 -0.0474198619197504 0.137178263953639 -0.104155097115401
0.0824019046354592 -0.0286106351556105 0.141790604270567 -0.022628847823928
0.0989152465856857 0.0123192355021384 0.0772577294726638 0.0299927340452459
0.0826272679407008 0.0704695666649982 -0.0192095475901933 0.00458255022930046
0.0641854924060422 0.0865985438343023 -0.11198934320994 -0.124586104564673
0.0120339308135369 -0.0287737996962401 0.141314004230015 0.100616732461165
-0.0230683436100033 -0.0272126217957634 0.0530782678809214 -0.00457830126152387
-0.0392304809736643 -0.00893823147267174 -0.0720804741943009 -0.0231804766682553
-0.0270234934921048 0.00982236721221403 -0.136802889339453 0.0208575640429549
-0.0198406267130903 0.008749784965069 -0.140861055118982 0.108474858985621
-0.0168225099621448 0.00516015094294401 -0.0757149862185529 0.155133424426969
-0.0127663258374422 0.00875116087721845 -0.0104702851653203 0.154386212811375
-0.0142716591105442 0.00703055646134394 0.0352353529801868 0.132941485563181
-0.0227017561012725 0.00632636592873399 0.0671840665805522 0.100944681923261
-0.0279418207909356 -0.00403463271519906 0.0914143710473397 0.0806210153190206
-0.0242287093113421 -0.0129407124380826 0.0971079588273321 0.0638347757236532
-0.0231612704452174 -0.0196136930978221 0.118532956891917 0.0524616237053095
-0.0167998334750535 -0.0237610033677695 0.15075900060353 0.0591627561638324
0.000162546641982579 -0.0331391313123252 0.168985051978867 0.0536791334599223
0.0208421300934441 -0.0283314660886548 0.186648812270085 0.0445735688603104
0.0753197862708877 0.000993998360854646 0.112324125738713 0.112288320454827
0.0430303136446872 -0.0020175559189384 0.0328214766932391 0.000143668465825746
0.0303154913171743 -0.0119079815983572 -0.0873648820092277 -0.0133068157343953
0.0319400388233885 -0.0195672536931592 -0.146439678789314 0.0275937881109031
0.0188354451677333 -0.0354323106293833 -0.144660819155947 0.107248590161891
-0.0020436191976696 -0.0458790246539904 -0.0806133758614203 0.15021633241828
-0.0205856493455507 -0.0410298945359606 -0.0192150141820886 0.146308737141153
-0.0277873350302128 -0.0353516846672179 0.0255173347934352 0.124530573210347
-0.0433473351662944 -0.0369341019817908 0.0584170661145567 0.0899779747009547
-0.0379220591664664 -0.0575669918262052 0.0837490581607151 0.0655067534654288
-0.0159999017235383 -0.0689999558923478 0.0942649593161005 0.0474306472080826
0.0112846182636443 -0.078849192072478 0.120705841927693 0.0416404159842295
0.0453225992444996 -0.0622090556995228 0.147004223372618 0.0544573577357946
0.0766624492175684 -0.0372986408689486 0.148673454845832 0.0451878012152912
0.103556651549306 -0.0104558532484155 0.159099653452829 0.0310850706902563
0.130292276661986 0.0324990786727891 0.0649629494665027 0.102819765472008
0.110867126103238 0.0244953768742961 0.000325217138895417 -0.0126793908308362
0.102927303203079 -0.0157873361404475 -0.111631262800813 -0.0143591897425612
0.0904026791374173 -0.0533113346514061 -0.156893719280109 0.0316390273365326
0.0547820733190635 -0.0805839932734596 -0.138613360342165 0.100248375668489
0.0128326145396738 -0.0933933873282667 -0.0778031244941123 0.131631873824857
-0.0258134986318437 -0.085910914551056 -0.0252214449738396 0.120518125845922
-0.0373777232883844 -0.0720199796108393 0.0120889407580353 0.0979112319966309
-0.0584559680663809 -0.0729940583618881 0.0429896889047295 0.063929846613527
-0.0451214887140363 -0.101004881547602 0.0689026855248681 0.0371572771508521
-0.00997637115357982 -0.113981901960522 0.0869671279975058 0.0180756364886929
0.0364194529182998 -0.127543927481167 0.121672164078676 0.021480310867928
0.0935790666511884 -0.0976275420473706 0.141018902654755 0.0494657485606822
0.138476479574804 -0.0418867663353499 0.119429567092032 0.0436129797185906
0.170144245179144 0.00625197827947659 0.110367845138285 0.0164845515991208
0.168229317970689 0.0562166505261248 0.00448522744757442 0.0754222058729944
0.167163833743493 0.0409388947371402 -0.0436591154374408 -0.0343238415147413
0.166431387686947 -0.0280367556502244 -0.137255854691353 -0.0206335618520786
0.136582908321991 -0.0919337865307577 -0.162221202593318 0.032585085296726
0.077627668254629 -0.121239721593684 -0.123882025807397 0.0831064183494276
0.0208399548759565 -0.130591376245273 -0.0707034549616525 0.0982299185433101
-0.030069140295046 -0.11776325459638 -0.0313037896610926 0.0783431627176192
-0.0421964665017486 -0.0979775018591886 -0.0033087919168472 0.0577164807374286
-0.061991871967097 -0.0988566427431537 0.0237195355432496 0.0268384126866406
-0.0415671565623373 -0.129440579909727 0.0498287238517106 0.000401788121791458
0.00101403574282369 -0.14099603808054 0.0757475133078156 -0.0181851326137734
0.0587675061306404 -0.15500980585935 0.119031590463128 -0.00102556168610825
0.128122871578674 -0.115325288193079 0.130737202579257 0.0455232390811886
0.177944469176357 -0.0368072630604884 0.085131309561324 0.0480086082380306
0.209203179676963 0.0259243144538331 0.0483702794356459 4.12619088671714E-05
0.181618953169156 0.0664716413455192 -0.063366844073795 0.0401382567840853
0.197899274574688 0.0445122815080772 -0.0958360774098103 -0.0542703083809631
0.201435565959043 -0.0418686944659257 -0.156646520631594 -0.0277722572260778
0.156680984259741 -0.120170808022266 -0.157402686000104 0.0237760070132044
0.0819996415182883 -0.145089211426215 -0.105310446545894 0.0515522850732122
0.0212213163400768 -0.147065948990022 -0.0644421446230482 0.0511850765139823
-0.0323597618362871 -0.130264283686484 -0.0379284665159214 0.0273863262308513
-0.040062263737879 -0.108015326296006 -0.0181652448342487 0.0102933418712438
-0.054213672160734 -0.110495595473105 0.00598539345146453 -0.0175313780354843
-0.0270297454504593 -0.139674326736797 0.0329355251992198 -0.0412461739652197
0.0212647613359546 -0.146607653597908 0.0674155227966321 -0.0546420056741552
0.0839547760449759 -0.152945795228256 0.114393945930006 -0.0219193322455924
0.150403434982156 -0.105762978005685 0.115026072686742 0.0406395286298583
0.192098498486167 -0.0158352359637694 0.0471080671800689 0.0497888383088902
0.215158084367072 0.0473994299811898 -0.0144103152298847 -0.0189770015357002
0.164371930648528 0.0645665673767985 -0.128270010354639 0.00510678190009081
0.190200678367476 0.0400272168255103 -0.146321755077427 -0.0637429766411877
0.195518160821228 -0.0477623064801579 -0.166462360106568 -0.0325326695845149
0.145692225763632 -0.123938270934485 -0.14392510974161 0.00989545180218867
0.0714305003742981 -0.140348392542215 -0.0886617304121619 0.0125015942152761
0.0167019571071415 -0.137333999419445 -0.0633495050006496 0.000230479830073532
-0.0292467008708981 -0.121334726369803 -0.0464360804382274 -0.0236329858159075
-0.0325249026823135 -0.101977983275399 -0.028938337573528 -0.0375043063890207
-0.0366331400062446 -0.10688335763796 -0.00425443516649366 -0.0634515302561633
-0.00328572986385391 -0.130148544380528 0.0278242548369534 -0.0823946662801175
0.0445424570273761 -0.129219329894455 0.0698616010581174 -0.0871187131278235
0.102788835368645 -0.124212730503996 0.112371282614042 -0.0360330178057893
0.154495775547254 -0.0721551816565273 0.0978468474697054 0.0355434388593291
0.178913503039233 0.0168506210515326 0.0131495682072027 0.0440343421341937
0.188476152523723 0.0684800939700297 -0.0683344703492184 -0.0439459389301915
0.116481415648375 0.054247780007296 -0.176964767257037 -0.0235948490234103
0.144830396925794 0.0337818140719946 -0.18248611475358 -0.0605037608776598
0.150619541608642 -0.0378623663810048 -0.165018052576987 -0.0361857114619474
0.108190478548651 -0.0966076745071369 -0.128120368798691 -0.00871001284606951
0.0515477631622019 -0.103796647545604 -0.0786775795082214 -0.0251021505032353
0.0142067134186194 -0.102482344445768 -0.0678234213777056 -0.0442545985474257
-0.0191115616405678 -0.0934275238890739 -0.0549388261936727 -0.0655524507138424
-0.0191801571994949 -0.080300184637626 -0.0349812686216049 -0.0790859100041655
-0.0163164515025252 -0.0870745030570581 -0.00516340911031596 -0.105530312591661
0.0154081803475445 -0.101230323201168 0.0368087731901572 -0.117080966374834
0.0561937087817714 -0.0939149080333666 0.0858571479628826 -0.109243928562251
0.102142369339022 -0.0791118062974659 0.117376752343956 -0.0428405037949972
0.134179161030574 -0.0303604581245884 0.083669667616692 0.0271471855672294
0.141222692980875 0.0443294558860245 -0.00982154463083083 0.0276241749421995
0.135040150465875 0.0781688388265998 -0.104924248464566 -0.072326266982027
0.0477090518976589 0.0405925508712126 -0.200659987495094 -0.0427397732735
0.0741386044410446 0.0308994205665896 -0.197116441110515 -0.0525350442947932
0.0818030918455613 -0.0128819548299171 -0.156873508040682 -0.0436927787754277
0.0596421313701524 -0.0452692756500997 -0.117978072024995 -0.0269315004367326
0.0308475638148493 -0.0471458291450759 -0.078476828314233 -0.0497351147597019
0.0161601164113715 -0.0510207162203103 -0.0752771319812511 -0.0695784447374634
-0.0025557511450628 -0.0522995485403299 -0.0602367623543611 -0.0908265066242594
-0.004168818645578 -0.0469146009605602 -0.0349574910616078 -0.107235621317689
0.000504582244742216 -0.052027118172505 0.0030706955466537 -0.135251435216095
0.0204703387470009 -0.0577313813057978 0.0560199954939117 -0.139869883306035
0.0458594169527001 -0.0511198262835191 0.109152468125577 -0.11736926477439
0.0737114850007638 -0.0372263798394409 0.125752846115535 -0.0426332904331704
0.0911620510185023 9.24762016130953E-05 0.0771409838078447 0.0166920731246419
0.084861420106591 0.0532252331960067 -0.0178315005963958 0.00823005133085481
0.0676253083515764 0.0698444279439623 -0.121005860749075 -0.0974671472578361
0.0117322137654666 -0.027537031737686 0.131496173499666 0.0971071711788761
-0.0212522203428053 -0.0261059050534347 0.0496243464559718 -0.00460422528042796
-0.0371949934861449 -0.00873304455191245 -0.0667877268676669 -0.0240597424041731
-0.0255795568017885 0.00899561100731589 -0.128750560758153 0.0176053949975658
-0.0188432678866005 0.00837406515504329 -0.135039620902937 0.100150307792936
-0.0166420418605507 0.00505748961901719 -0.0733734776876756 0.144874883454482
-0.0127598079844506 0.00797156972762123 -0.0114508397904029 0.144897008346093
-0.0135266392520851 0.00592489183472857 0.0326865419844947 0.126241740811013
-0.0206872840973888 0.00519589255096378 0.0622597752468759 0.0966063745033638
-0.0263079365457314 -0.00470745773622884 0.0853498844031579 0.0776858740796477
-0.0226019571295895 -0.0121770538049204 0.0913554720232415 0.0614281092618634
-0.0218940795673848 -0.0184977473307606 0.110864598649464 0.0506880769717789
-0.0149818377920302 -0.0231496315858223 0.140610955442454 0.0569663034112366
0.000375288174788312 -0.0311974644002898 0.157585134746893 0.0541310556443027
0.0203288326862427 -0.0257276186541881 0.176278103781081 0.0452286825770272
0.071065004344429 0.00196412802024414 0.103651389032656 0.108251662897516
0.0411904674028117 -0.00160068983577281 0.0309468054960698 -0.000358537552215856
0.0284195091263087 -0.0109094181268499 -0.0809859336491318 -0.0151191586088733
0.0297693946970623 -0.0186549597529233 -0.137844529371938 0.0232507017802774
0.0184527015099587 -0.0339926393789254 -0.138324794003367 0.0988176459273962
-0.00214275874366939 -0.043454480512107 -0.0786350174827815 0.139977148640539
-0.0194061111127527 -0.0396732465325323 -0.019936651788349 0.137933220716197
-0.0255371059966186 -0.0340927573715505 0.023517778923368 0.117929849677958
-0.0402143042987489 -0.0355054962578207 0.0545461119131347 0.0861615154803506
-0.0348624010531786 -0.055022133465354 0.0783403291886542 0.0633525538196409
-0.0142556017523574 -0.0653157894664147 0.0887453173168644 0.0465682852417893
0.011721868455206 -0.0738759534372226 0.113058423374689 0.0404770855344087
0.0441921198928872 -0.058931330082277 0.137440867917238 0.0528765576964811
0.0725156749206622 -0.0340621636239823 0.139734062720675 0.0447624855964642
0.097252347553265 -0.00770595176831625 0.150338381012529 0.032783862486521
0.12194527800713 0.0324562640234645 0.0597716237484935 0.0981541684987483
0.104593697379528 0.0242408761575991 0.000438462640499579 -0.0127425920778065
0.0965896236683545 -0.0147410026122653 -0.103827338846029 -0.0157126575573467
0.085431517641151 -0.0505560415110536 -0.147846537832075 0.0268550784275602
0.0523267114842227 -0.0763301519611053 -0.131933216011817 0.0926281564121773
0.0121514441733005 -0.0883542827716697 -0.0754990691926042 0.122340915127983
-0.0236849615383331 -0.0817535073679895 -0.0256385854864151 0.113590828874939
-0.0346000409819588 -0.069377369551357 0.0107115711356572 0.0932639363244804
-0.053527483387992 -0.0692606891300414 0.0401678370037154 0.061527397384214
-0.0415433746474912 -0.0958999301931956 0.0644891880085533 0.0366396684957325
-0.0089175099795754 -0.107838844586539 0.082732119086955 0.0196067106883975
0.0355376893423286 -0.119913018913716 0.114169356989508 0.0214707412590524
0.0894749151066471 -0.0918954777627859 0.13188546506526 0.0485717646919679
0.130313297669172 -0.0381085179207366 0.112962314248141 0.0437217625805505
0.159812155426763 0.0079266075750548 0.10398872620935 0.0177512612491052
0.157517784432037 0.0553013707148213 0.0037085739277563 0.0722142565506429
0.157735019744319 0.0410548360877317 -0.040282011546575 -0.0341699633772502
0.156538738582699 -0.0255415920842716 -0.127579563829408 -0.0219826774975312
0.12883644018666 -0.0860779914631381 -0.152900653889674 0.0274830122935838
0.073722736194216 -0.115366838068889 -0.11809810774638 0.0761874491375098
0.0203878924231318 -0.12299326787716 -0.0680896271204071 0.090774396314691
-0.0274461024345946 -0.111637318138747 -0.031411117350596 0.0740025566066571
-0.0381049714888026 -0.0934180900632454 -0.00435921779863635 0.0551083546204738
-0.0568353002584451 -0.0938343195155875 0.0216958557439093 0.0262884933213694
-0.0384191197499094 -0.122371244636132 0.0462517688182395 0.00168563772345826
0.00200652270721959 -0.133602068808042 0.072093617568137 -0.0152665180228023
0.0573080519324106 -0.145519501295555 0.111620344179132 5.54560507908719E-05
0.122324917761705 -0.108184374011809 0.123097387536577 0.0441770794801081
0.168050461028227 -0.0329959202910651 0.0799156325782889 0.0463908588379182
0.195244447413046 0.0265523632353398 0.0462261196896006 0.00178017713758384
0.170122747800744 0.0651792562202021 -0.0597954336015666 0.0367659387689225
0.186536449228641 0.0449384740172343 -0.088454703827814 -0.0530529090059601
0.189505577372246 -0.0381511547791859 -0.146231217847115 -0.0287226595888685
0.148575583956076 -0.113079117949689 -0.14794612074651 0.0195178552554306
0.078951222715102 -0.137594157940424 -0.100680619580583 0.0465446724278721
0.0208262260427796 -0.138879238510779 -0.0614469330321845 0.046375168738465
-0.0290271706497013 -0.123194226025585 -0.0374105605140993 0.0257617280285818
-0.0364630455699156 -0.102680145239952 -0.0177893952904646 0.00968594871353745
-0.0490299554901519 -0.104149678762891 0.00572975573835367 -0.0163385577086455
-0.0241375919828206 -0.131953697442937 0.0317127138279756 -0.0377194344774271
0.0212977941641993 -0.138910444386619 0.0645881557065237 -0.0494096083285403
0.0805573434663158 -0.143473922645274 0.107789557451603 -0.0197923817072843
0.141955821727304 -0.0992931329353675 0.108834878427845 0.0403680713746885
0.180864365523981 -0.0132535994962391 0.0451200444958213 0.0482946965658527
0.200766935915836 0.0459888038106464 -0.0126628731914669 -0.0176387210063455
0.154190904712447 0.0627211973076678 -0.120456182706079 0.00232054453639632
0.179084842805921 0.0403866135423617 -0.135453089791683 -0.0616985712980824
0.184029214187337 -0.0438277778136785 -0.154996838689272 -0.0337604568345309
0.138634856835851 -0.115836662693808 -0.135390605988297 0.00661684970022439
0.0683014377370372 -0.132642238650238 -0.0837638356931338 0.00926869872138936
0.0169676923815365 -0.130132556517254 -0.0600217489327276 -0.00178341469998189
-0.0263192028090395 -0.114653599153887 -0.044832096484946 -0.0224325221375815
-0.0289128036199495 -0.0967487999747122 -0.0284927695836978 -0.0364978456153508
-0.0325805402521568 -0.100976323000145 -0.00321943867057796 -0.0605133920366715
-0.00211763540029676 -0.122130137782284 0.0273131603069565 -0.0769439724257495
0.0429084482474335 -0.122037312808561 0.0676765414300646 -0.0800494237556365
0.0979425313155259 -0.115716402410392 0.106907345734627 -0.0329624766260249
0.14567971340156 -0.0674219656513186 0.0926618490322877 0.0356353772538661
0.168331693790504 0.0182015842523985 0.0131399185858181 0.0415141726206031
0.174663979167042 0.0658787263334278 -0.0633409113123251 -0.0414573427991014
0.109292210438799 0.0521876981061999 -0.167006666955474 -0.0256854825300158
0.136134969464279 0.0335509068716232 -0.169452140369982 -0.0598126530064011
0.141700870095478 -0.0349368604136854 -0.153461024067021 -0.036704639856108
0.103348806676894 -0.0911329668931879 -0.12011037558407 -0.0104237229948557
0.049419548827785 -0.0989116124809348 -0.0741537081816376 -0.0261730925280717
0.0141200567226979 -0.0971185162420482 -0.0637306280331227 -0.0432229591101661
-0.016565117721959 -0.0880054433156195 -0.053113502451112 -0.0626960703027012
-0.017227965717255 -0.075767702707574 -0.0329808349859507 -0.0754286710958702
-0.0139582843330356 -0.0816165908423686 -0.00368202427767908 -0.0998833709426873
0.0154982466061203 -0.0949328329942919 0.0361819354977627 -0.110314492384101
0.0536037833324161 -0.0886760556928301 0.0827595044145515 -0.100312182200367
0.0971741765670373 -0.073947162198244 0.110935146419736 -0.0388804706458735
0.126129780224457 -0.0275365774278448 0.0791784402641051 0.0270026956180541
0.1318425477223 0.0442864379564551 -0.00878139076637448 0.0257871109559465
0.125497642758427 0.0741897389822711 -0.0976406930793857 -0.0692554965679452
0.0443828033456828 0.0385878326654124 -0.188792130939995 -0.0437154227808552
0.0692956387243026 0.0300434610173971 -0.183635825059075 -0.0522832266825325
0.0773405965874573 -0.0117669889740075 -0.146559960390415 -0.0430441844029866
0.0563841145361016 -0.0426412834124758 -0.109897208241983 -0.0276418362019793
0.030098544491095 -0.0448440365880957 -0.0732626377530656 -0.0491603738624097
0.0157546141581486 -0.0486408610689495 -0.0708591820383031 -0.0671077478138682
-0.0013400390976533 -0.0491053731317058 -0.0575000993704658 -0.0861619195544923
-0.00321381488969852 -0.0439654836798745 -0.0326751711215746 -0.102068403398495
0.00085661036479119 -0.0488263665456538 0.00432998873633395 -0.127836845540681
0.0199566221420794 -0.0540477018402649 0.0550341482225744 -0.131856448114845
0.0432226369356924 -0.0480097190908021 0.10435156818922 -0.10917417362491
0.0698080932577931 -0.0343219822518143 0.118716444599376 -0.0383674812123185
0.0851274272444263 0.00108060007256126 0.072691328013837 0.0178906756683092
0.079118240659494 0.0511682089612868 -0.0160021827067187 0.00768740539514792
0.0625558870646489 0.0655951759151936 -0.111918797265348 -0.0928442121150919
0.0121009378224856 -0.027137128386456 0.124819762930206 0.0996327417830634
-0.0199354549291221 -0.026911458341334 0.0485683483239667 -0.00414369998211654
-0.0359617512271015 -0.00962424397358038 -0.0631621317723337 -0.0269698372404027
-0.025690926795917 0.00810702050690037 -0.12624698548288 0.0120379506947546
-0.0187736241395187 0.00759108990737606 -0.136295197464395 0.0936392528635827
-0.0169652321310281 0.00411548212193641 -0.0771341760882003 0.139337492490134
-0.0127024023207656 0.00665626068930327 -0.0153921583062758 0.141546451097339
-0.013702148540493 0.00472310227057214 0.0289174152740516 0.125505626715909
-0.0203773560941735 0.00372063631541844 0.0590698775779726 0.0975086921580048
-0.0253032671130173 -0.00544059867899127 0.0812418478081508 0.0795763217435605
-0.0218831048440431 -0.012647797791316 0.0873617164127597 0.0632379341947641
-0.0201486041756932 -0.0190780273669397 0.10560627733295 0.0535871520067934
-0.0136623593436351 -0.0238707776579061 0.135260857265273 0.0604048289012368
0.00209843781965415 -0.0302012093497028 0.152399664416512 0.0580561112905338
0.0210677185439191 -0.0233208462895631 0.171874483725307 0.0511705541088905
0.0691968196576297 0.00378976461580227 0.0979146865921799 0.109676556741889
0.0410970617626604 0.000113609533454518 0.0297627310834735 -0.000103419859810779
0.0278653079548084 -0.0102347680404871 -0.0782962519230757 -0.0194372644684777
0.0292606028869914 -0.0179007086623708 -0.135409819219024 0.0170009385872005
0.0186178181401397 -0.0334619661456781 -0.138717866189083 0.0924649003320675
-0.00151876442269657 -0.0427298516439619 -0.0812960323116494 0.134164816958167
-0.0182458201154 -0.0400371944189071 -0.0237388358319672 0.134378852122144
-0.024179629439702 -0.0344520718341868 0.0199720231587656 0.11736084756723
-0.0374506110640049 -0.0368715742976011 0.0512760445626007 0.0869302093911296
-0.0329654193565504 -0.0554407780420418 0.0752522557920266 0.0656712965153844
-0.0121468640671312 -0.0642729726925897 0.0858489510313639 0.0489031346478986
0.013879166661652 -0.0719185761887068 0.108319777249918 0.0429055500993677
0.0451581930105725 -0.0571011248951225 0.132387761451542 0.0563652110150595
0.0719566995835997 -0.0306894673137322 0.135549757911074 0.0484075143221401
0.0953159168868557 -0.00429304658775352 0.146499823251726 0.037993286204951
0.118649617671808 0.0353080712341044 0.0558235513464326 0.0989416549709663
0.102324883651675 0.0274260821679725 0.00168722970326678 -0.0131266204296628
0.0948452941618576 -0.0119318119159994 -0.100151939740832 -0.0203483697925378
0.0841313455089508 -0.0474404532862671 -0.145543714178092 0.0202744514061292
0.0530465962088653 -0.0736699693023691 -0.132871396848264 0.0856300426976739
0.0137498332727694 -0.0861645914045193 -0.0777434045736486 0.116801195604572
-0.0212684316899616 -0.0813756316113198 -0.0291929613685309 0.110230209975444
-0.031780523945634 -0.0696711198244147 0.00780006187549127 0.092185379927274
-0.0497514516027252 -0.0699377326159855 0.0375259579703069 0.0623703367297019
-0.0376212620141611 -0.0955022724037984 0.0622613849763491 0.038738873801223
-0.0056749558961676 -0.105796539925395 0.080358559342195 0.0216528003483054
0.0387121941549256 -0.115963392386136 0.1100325323877 0.0240476102745655
0.0900705804256402 -0.0880523299870557 0.127856994698928 0.0518678672491278
0.12821941131695 -0.0329109878980149 0.10970956489722 0.0465521182845489
0.155603885988488 0.0132091562406144 0.102114064255214 0.0213169750744482
0.1521743807279 0.058948253011103 0.00211499091338394 0.071005621395274
0.153484400295422 0.0449979094542567 -0.0373311229146852 -0.0349749018144868
0.153323389759874 -0.0205145424013664 -0.122630721447408 -0.0269734832085646
0.128146545530631 -0.0812937659602856 -0.150159890423966 0.0211960749550186
0.0749436549437425 -0.111505526263942 -0.118428113056586 0.0701772031177348
0.0223731539897451 -0.120321303086048 -0.0695874294940157 0.0857730857892387
-0.0232875646242287 -0.11002988888432 -0.0339452252739816 0.0717875472521796
-0.0343865858154031 -0.0930599617956512 -0.00581580034927488 0.0547381748899637
-0.052522613777125 -0.0932751575968386 0.0207585375296438 0.0264460689344543
-0.0337070094606102 -0.12141277292463 0.0461447312410105 0.00386851490087441
0.00537074102610845 -0.131064269478206 0.0719257205226736 -0.0119813179190725
0.0605923944191455 -0.140646809275945 0.109014472075754 0.00290255531115083
0.122652777123941 -0.103170779500615 0.118703692747382 0.0473033536910358
0.164921681787725 -0.026169781038013 0.0780356340873369 0.0480768317035458
0.189405847247743 0.0319603243911712 0.0462766666769365 0.00407264123041242
0.164018658532228 0.0689776496635022 -0.0587659442626587 0.0343694372808656
0.181423421926485 0.0499320469789753 -0.083327202168947 -0.0550722220049369
0.186063145731437 -0.0321169761662133 -0.140450929061403 -0.0340577769186962
0.148215617245092 -0.107476801745213 -0.145597233520859 0.0134397417518177
0.0799830766464077 -0.133296723808474 -0.100190274864582 0.0419463697642359
0.0236470239180038 -0.136008467541603 -0.0616707699749023 0.0422212652559861
-0.0242687355961865 -0.121590899789904 -0.0388211289831117 0.0246294187115534
-0.0326830062823024 -0.102111008205266 -0.0182335847613452 0.0094915160913207
-0.0440866240993772 -0.103341529922127 0.00582609197699222 -0.0159366560791836
-0.0192527019376493 -0.12967497221232 0.032070508996659 -0.0352924783066887
0.024399536290371 -0.135503190202903 0.0653633206431501 -0.0457936533845614
0.0835606642211563 -0.138045134836194 0.105604780951451 -0.0163130253722683
0.142197119300009 -0.0937043926661287 0.105669522007567 0.0431008336247383
0.177063627040255 -0.00713722805094394 0.0432253482754593 0.0485203158057646
0.193246513694368 0.0506557013808738 -0.0116291968104423 -0.01649811115264
0.148856533904721 0.0663533697876344 -0.117380232984189 -0.0022579363382006
0.173940994355469 0.0447492811468752 -0.128884564434051 -0.0650767892262274
0.181115348873157 -0.0380965308941061 -0.149717420377905 -0.0384894771030307
0.138541281525142 -0.110628905300945 -0.131983488640092 0.00171082436990531
0.0704432488360796 -0.128508365955265 -0.0826830068549437 0.00594556051473894
0.0199593587184552 -0.127343177270668 -0.0591755620215573 -0.00483494765409431
-0.0217280246184256 -0.112930223388731 -0.0455845773886697 -0.0230656592108473
-0.0253279614547274 -0.0957956635879981 -0.0278440340560053 -0.0360276820534342
-0.0284454746324271 -0.0990808196431455 -0.00236970260337648 -0.0596048427196141
0.0017148126222844 -0.11995537298155 0.0291119151720208 -0.0739463333468457
0.0455873134338622 -0.118852419757668 0.0690340194101731 -0.0755863016869519
0.0992399155054476 -0.110283290067675 0.105268627102077 -0.0290012773603095
0.143918811148101 -0.0620008567672981 0.0896577787504304 0.0377819950654713
0.163442494984647 0.0230655660138682 0.0123013401605758 0.0417007612627195
0.167643116974148 0.0688118080489737 -0.0602229498882572 -0.0419759530718219
0.105348355523782 0.0543754077055799 -0.161685987865539 -0.0313841823251739
0.132327904955198 0.0369002931645388 -0.16199039401782 -0.0648698639514126
0.139488573281187 -0.0303557445458865 -0.148184902569195 -0.0411418383885268
0.103603462147976 -0.0868349830864301 -0.116922809629643 -0.0147630314464339
0.0512360104419559 -0.0956498349722657 -0.071713336632197 -0.0290973494235209
0.016356981471384 -0.0952863020045412 -0.0617828662562426 -0.0447355707526451
-0.0136380358774861 -0.086603662309883 -0.0513391424857505 -0.0624353720953298
-0.0138620504505285 -0.0748821125179917 -0.0317200538116575 -0.0752575718915919
-0.0108461493306207 -0.0799500603386388 -0.000997264308496481 -0.0980689390258624
0.0175066616221277 -0.0923897647568504 0.0391493280315263 -0.106318947438445
0.054599170017688 -0.0852900734133734 0.084507795255243 -0.0956045940092065
0.0967722538393439 -0.0696639491576086 0.109829540751428 -0.0348924817288895
0.123839589007758 -0.0233924827494097 0.0770255665494329 0.0297022066329146
0.127456659594144 0.0466170672622885 -0.00875778530901804 0.0255397224889584
0.11969253966286 0.0753248805596471 -0.0927437440182446 -0.0707780791648138
0.0422296817837372 0.0388544128346639 -0.183387884261453 -0.0505874333729909
0.0670292623896707 0.0314478278722765 -0.175857986419705 -0.0578414207691424
0.0758081295744054 -0.00976135563914513 -0.141629415663771 -0.0474346849079944
0.0565768501786046 -0.0409664086802578 -0.106372782776592 -0.0310942371301619
0.0310908620136374 -0.0437521817839098 -0.0704375763708266 -0.0519004687555807
0.0167910162454473 -0.0469921800734392 -0.067680889150943 -0.0688257147872055
0.00019699043709972 -0.0473703650588782 -0.0555857470620137 -0.0861737498938151
-0.00178770713789445 -0.0427515869399277 -0.0297629134868178 -0.101858784515775
0.00307188343519396 -0.0476272666956257 0.00742567973106152 -0.125627061716178
0.0211298054161469 -0.0518142904002872 0.0584000338781058 -0.127016784900451
0.0438894163837932 -0.045690593743922 0.105804580567024 -0.103427457435352
0.0689813621798201 -0.031378854302471 0.118004844650609 -0.0335341277932717
0.0825248798760093 0.00330106256186178 0.0714843697909353 0.0205627569542186
0.0757298414747801 0.0530696997273878 -0.0153493630633986 0.00728873432078856
0.0581819440465473 0.0645829019194222 -0.106461542563289 -0.0942364494130529
0.0122810589757723 -0.0276352321467387 0.124530501168883 0.105455764173829
-0.0193952539217915 -0.0277474876407113 0.0493155662974622 -0.00348450562905384
-0.0367626323562279 -0.0110588181590753 -0.0635747728809268 -0.0304535840248277
-0.0263521667990631 0.00742091122780709 -0.129185074044105 0.0082226942091744
-0.0195862320295071 0.00676832958216196 -0.141504886341955 0.0925594866506041
-0.0175883651687877 0.00447935386449899 -0.0824024499861332 0.139663770066299
-0.0137972903791363 0.00565180800797067 -0.0182902029997028 0.14369220830334
-0.0137480301856633 0.00408468896115642 0.0280593983132213 0.129023375236963
-0.0209122231030153 0.00250625639101344 0.0587269943733884 0.101828867111739
-0.0256358124895291 -0.00663141086376665 0.0819515588131824 0.0830587311350443
-0.0218653555810815 -0.0129711668122133 0.0877098153621505 0.0670666856642125
-0.0203892923032435 -0.0201025889837951 0.10565796936705 0.0582227882472345
-0.0133403465739652 -0.0251054099815889 0.135826566242764 0.0647378892854634
0.00307796659975292 -0.0302675454187988 0.15342479292277 0.0633929533451247
0.0223263051358062 -0.0229769855732957 0.174177846382661 0.0581756181287015
0.0696814373009822 0.00528356081760623 0.0972728288213918 0.114806055480389
0.0425670849545118 0.000183889269048563 0.0302996196961583 -0.000293459951512708
0.0285253124963728 -0.0100353462985269 -0.0788417358540651 -0.0226879148962255
0.0296619777527526 -0.0183367481557477 -0.137985063423774 0.0132751397343991
0.0191197919689812 -0.0340228950797385 -0.144071017058727 0.0907910251281688
-0.00124854879587939 -0.0433975988285318 -0.0866879138859955 0.134596824763209
-0.0175831119703219 -0.0413676269020999 -0.02723125062902 0.136517707883623
-0.0241511545965544 -0.0367976992425902 0.0186663485355407 0.120982891915472
-0.0373945375286794 -0.0385554274285681 0.0507112788751343 0.0910908780907956
-0.0321458472442944 -0.0579106686462963 0.0752798045318026 0.0690041149126862
-0.0110137066784496 -0.065808418661471 0.0866333258413516 0.0523312218713989
0.0160407988528541 -0.0727296394415229 0.108675488600904 0.046849086450733
0.0471415340412163 -0.0577938236580979 0.132987550264093 0.060227369036133
0.0743572603576302 -0.0294870516027694 0.137093642895091 0.0533086671431093
0.0970597243474423 -0.00168150257254464 0.149039776485741 0.0435560882272268
0.119398164945923 0.0389662749880328 0.0547766197621802 0.102959607569643
0.104134703693683 0.0300942334935464 0.00177356003343323 -0.0139104748964444
0.0963186255184903 -0.0106158520353795 -0.100539306393127 -0.0247165000594001
0.0866912386650542 -0.0469948648839388 -0.148284547547615 0.0163617834386536
0.0553798730019454 -0.0756178783077776 -0.13793758636578 0.0845518127358443
0.0150647541416313 -0.0879566482537398 -0.0834022466021806 0.116097102045011
-0.0202255802842291 -0.0834192389544486 -0.0327686869564734 0.112376909123437
-0.0308462145406875 -0.0721571583223461 0.00671667707104846 0.0951996097651369
-0.0487279603758502 -0.0727594537925114 0.0372589469122301 0.0650338305618816
-0.0366126496614647 -0.0986084620444194 0.0631730340872406 0.0416739016496707
-0.00324472400336293 -0.108216272881895 0.0819860096781218 0.024981249641473
0.0427835088943049 -0.117264839840839 0.111075165350847 0.027265898634751
0.0938643781952362 -0.088591120041055 0.128879255600859 0.0552308919613439
0.131435868983732 -0.0300758004858643 0.111325599206542 0.0497385472717985
0.157138265453272 0.017323782909368 0.104109192274129 0.0256122673871701
0.153762228978131 0.063592993545948 0.000902530565731329 0.0722646978759113
0.156525433067572 0.049476382668228 -0.0359155776581498 -0.0375365374785468
0.156363015744516 -0.0182993570152922 -0.123294397065164 -0.0319070447846338
0.131861765998186 -0.0811895695439094 -0.152761734468673 0.0167747805909956
0.0782110859531454 -0.11271378802033 -0.123053456896392 0.0680940372852498
0.0248422501392003 -0.121979811678926 -0.0736542730984956 0.0846968503257705
-0.021349882873199 -0.112851056007237 -0.0374147251804698 0.0728879363214484
-0.0333591404921652 -0.0960945549717586 -0.00742711235622889 0.0564239087779119
-0.0505937036691536 -0.0964634589477095 0.0201933882255067 0.0280677648006507
-0.0318607059765504 -0.124695795483864 0.0472606970435766 0.00553659046897996
0.007834483013212 -0.133686652522487 0.0741553872340834 -0.00923083275975199
0.0650100941663402 -0.141883748182961 0.11016488308843 0.00488734089978543
0.127053364572439 -0.103172600569089 0.120446793274551 0.0512429376101611
0.16822904005851 -0.0229183779295172 0.0789824955642094 0.0502962403998953
0.191591822381426 0.0365974932749598 0.0475377905742996 0.00625218759476566
0.16544921612013 0.074617613045111 -0.0599983760373085 0.0326197153287687
0.184250714556345 0.0549215661072273 -0.0823480095949728 -0.058804874836915
0.189755999578745 -0.029473243418539 -0.140272131170281 -0.0392734937997452
0.152498340955331 -0.107277673428044 -0.14780862058229 0.00980796769943899
0.0840839294443403 -0.1353515148088 -0.103723023878799 0.0394899078701633
0.0263512598195855 -0.138327616362006 -0.0649611322467099 0.040864015502666
-0.022358845516986 -0.124141011060013 -0.0413851863087337 0.0250357310802545
-0.0309217468795414 -0.105681811724479 -0.0198895496050071 0.00994122987059083
-0.0419331327767218 -0.106398349749231 0.00644496000835886 -0.0159334192051458
-0.0171698874682931 -0.132683565870986 0.034642597456844 -0.0348166746183847
0.0273859665737034 -0.138233751128134 0.0680274487963226 -0.0439031965488208
0.0881002823872544 -0.139300581688909 0.107281279833555 -0.0147026316084624
0.145981254541347 -0.0930582790959484 0.107368062103513 0.046610295913756
0.180266399327523 -0.00224967904409048 0.0441715952492724 0.0500788895842124
0.194695198978936 0.0553921111223105 -0.0103754573830289 -0.0164224612211479
0.150032346674367 0.0710184596283053 -0.118448163465275 -0.00603476646263788
0.176649047959048 0.049744319974797 -0.127766220265967 -0.0702673724156615
0.184538291063064 -0.0350917338517289 -0.149299306989167 -0.0438333251177072
0.143039789660239 -0.110677745712435 -0.134340990877977 -0.00220571225932323
0.0740822348539821 -0.131116126699832 -0.084968844286778 0.00307924211680177
0.0225109974150843 -0.129771806305847 -0.0609686565296993 -0.00727807440339924
-0.0195483753859537 -0.115886349904783 -0.047621376700393 -0.0236891144328166
-0.0236856121878068 -0.0983023580882184 -0.0283700785584016 -0.0366254427592594
-0.0261661953897408 -0.101896947465954 -0.00174451629792304 -0.0605063695061109
0.00467635824627612 -0.122114953107205 0.0317850090171629 -0.0747515754006741
0.0479295412351483 -0.120643084996156 0.0726466026012467 -0.0740672086184098
0.103916156322162 -0.110495604411743 0.107897630746218 -0.0279678703479973
0.147819402687176 -0.0606044559723366 0.0912295543344363 0.0412186182842131
0.166004156167922 0.0280102267601682 0.0125062778072576 0.0423841536354432
0.168258728654423 0.0734773528419145 -0.059636316572757 -0.0435920941254614
0.105437381541978 0.0575321398901093 -0.164342268918353 -0.0375180644828278
0.133431865766915 0.0407734863041477 -0.161147388680488 -0.0709873035040343
0.142235064864385 -0.0281882546544174 -0.148420741183503 -0.0466951857485001
0.106904990940186 -0.0870004181800817 -0.118004573806275 -0.0184213340754243
0.0540817401105983 -0.0972509450705813 -0.072844988161688 -0.0325943650452666
0.0183990910660444 -0.0965763975261792 -0.0623951816849557 -0.048473612481364
-0.0116753162859105 -0.088390874824087 -0.0527916489483422 -0.0646713364500839
-0.0125371522619654 -0.0767443641046015 -0.0322452530715662 -0.0773545239359381
-0.00925044170209207 -0.0814035747566494 0.00116533019186595 -0.0998054921051341
0.0203916235042926 -0.0933495861766328 0.0424579972401408 -0.107630847009844
0.0574340015549055 -0.0862390147258174 0.0882919889174717 -0.0942984079155846
0.0998958857676886 -0.0688267675749521 0.113306691643924 -0.0323987258609995
0.126189092866021 -0.0213601949351616 0.0783180203112599 0.0328167072378759
0.128262124134763 0.0508330604403972 -0.00785634688339762 0.0261956552538732
0.119377998775567 0.0788224747264886 -0.0923464738064684 -0.0737059933383189
0.0421632740656042 0.0399064924595827 -0.186149189490356 -0.0577706964077222
0.067390682804361 0.0330593872211501 -0.175374766376305 -0.0638271392160771
0.0769097428462792 -0.00860819399427974 -0.142028174699505 -0.0524768588823551
0.0587032974509122 -0.0414673478454717 -0.106894607161484 -0.0345431166053283
0.0322748784587194 -0.044268964591821 -0.0704304868566935 -0.0559434436163285
0.0181207604286132 -0.0480778050585683 -0.0682232063036094 -0.072783747956053
0.00167025950684678 -0.0482005068363613 -0.0563644607733583 -0.0894217527370455
-0.000860290675538042 -0.0434516940143647 -0.0303678759379422 -0.104599006576021
0.00397924104097015 -0.0481495116579764 0.0100498409475619 -0.127565401154576
0.0226485573497958 -0.0520880226916143 0.0624218847301764 -0.128519011204378
0.0452521064159635 -0.0455900159785671 0.110459437972775 -0.102529198132304
0.0712083409300231 -0.0301592541341671 0.121270874258098 -0.0312529043054673
0.0831949649442391 0.00531008087455032 0.0726317236320069 0.0230874367359786
0.0757718767935575 0.0558585155124391 -0.0146723381461248 0.00747112436138926
0.0570763959390916 0.0664253287049888 -0.105718369336462 -0.0984433677250606
0.0119702811925472 -0.0292299868740282 0.130245402605674 0.108764384884008
-0.0205285795913929 -0.0290765194241807 0.0509622746677824 -0.00496984199432757
-0.0378684984465947 -0.0108252589454596 -0.0664435111418343 -0.0326180449532201
-0.0277524707580762 0.00825405401266177 -0.134513519649165 0.00900226896257604
-0.020024250076554 0.00782806695686724 -0.146737780957809 0.0989039013692459
-0.0185403419488559 0.00498177197335017 -0.0850850757528389 0.147454194484834
-0.0149196921832427 0.0053068865158774 -0.0172652698795938 0.150135664453268
-0.0147160100729088 0.00391868758427674 0.0319972287545844 0.135242669060548
-0.0217041667580466 0.00229556547328242 0.0639366286646066 0.106496836193272
-0.0268006959212024 -0.00694831516358674 0.0870540930612512 0.0865264804357703
-0.022622405869566 -0.0134297476660897 0.0922582781676278 0.0697287835986539
-0.0214936739919455 -0.0207931459513321 0.10973512478128 0.0601819609726596
-0.0139847244004722 -0.0260302767223573 0.141777599136195 0.0658185649626619
0.0031519849554412 -0.0316385770797928 0.159982414939594 0.0652349096776306
0.0238422486267457 -0.023899293375739 0.183296917255876 0.0597669790106287
0.0720916857699673 0.00473681476199619 0.103411884199408 0.119175882843139
0.0446431248048713 0.000292656804620102 0.0314271694622176 -0.00117264639218189
0.0292547991771782 -0.0113250429471846 -0.0814708333512221 -0.0245313017515513
0.0306540662235196 -0.0200620368570082 -0.144290805461086 0.014164389440519
0.0188770331454779 -0.0367282486735775 -0.14989008894844 0.0969060895858293
-0.00238895028429931 -0.0450118676756523 -0.089617741441297 0.141660859231405
-0.0196326003536783 -0.0435317985547843 -0.0268938939534771 0.143065622961282
-0.0256434515806138 -0.0391563217691193 0.022576460492038 0.126661643266503
-0.0392533381639456 -0.0405876064135913 0.0546364416597904 0.0956229896379319
-0.0345317416150043 -0.0604616299906773 0.0804140383819558 0.0721391074547947
-0.0119857581414507 -0.0687082095314765 0.0909418473082086 0.054982554787989
0.0159156213288278 -0.0761751205418257 0.112755531171483 0.0476292483821019
0.0486325048626937 -0.061829657396398 0.139437227982285 0.0611487333967801
0.077379759056627 -0.0310067795513886 0.14358190728092 0.053232893713366
0.10169532512919 -0.00262290169883794 0.157086735473943 0.0448496816770885
0.124524791337596 0.0390966886094545 0.0594697751929799 0.106630157660578
0.10977857930264 0.0303999814682866 0.00191471427260927 -0.0153244673566241
0.100213576381532 -0.0131586682994457 -0.103837793241252 -0.0260554748868835
0.0884674356353925 -0.0511371661248015 -0.154881128803809 0.017985945197185
0.0553341127810098 -0.0807956761017323 -0.14401094146491 0.0899907118454094
0.0140346091446309 -0.0921240648489349 -0.0857536216615281 0.121943061256936
-0.0225198166268275 -0.0871207090016756 -0.033246321662565 0.118041448399527
-0.0336101127890858 -0.0758531418470212 0.00870017156725192 0.100727762765806
-0.0514906182470505 -0.0754497135990242 0.0402195077016447 0.0676661897711305
-0.0396306064530848 -0.102983637445447 0.066899476023305 0.0434916501717675
-0.00514503479335627 -0.11304245368161 0.0861924077631077 0.0261460269370993
0.0435354055556566 -0.12334752739225 0.115702745925864 0.0272466991346164
0.0963394697142202 -0.0948701432279298 0.134800547172107 0.0566057378869175
0.136909939166894 -0.0325842891114382 0.116767621758907 0.0504828939551458
0.163889200009066 0.0163382539093571 0.110135575598004 0.0264658955692944
0.160743623678334 0.0649420613435745 0.00265371116272711 0.0750976254820952
0.164092992183097 0.0499284560500839 -0.0376199988102355 -0.0396086794327884
0.162243061649322 -0.0222427677634993 -0.127858961176933 -0.0332366139755738
0.135135754990074 -0.0872233154104329 -0.159472541613891 0.0182727620632934
0.0784058577303726 -0.120516799668 -0.128327130407847 0.0721932202776029
0.0233421797177223 -0.12835820156182 -0.0766821963955751 0.0884783755786865
-0.0241881976675673 -0.118034057876703 -0.0387570917732751 0.0778922135458689
-0.0361798365905944 -0.100805293023293 -0.00634027987440436 0.059846899733981
-0.0528803237455315 -0.0998267244263092 0.0221547601509096 0.0294260562299709
-0.0353819256391968 -0.129967323211835 0.0501819379217494 0.00612407042347359
0.00620734066616501 -0.139468099219764 0.0777469945347644 -0.00955842004448962
0.0664337084308205 -0.149566226073948 0.114411593127497 0.0041013801095686
0.130803002613191 -0.109762848677264 0.126385964643841 0.0516865252990042
0.175093890032313 -0.025391614854422 0.083361103932808 0.0515146672334195
0.199264419916602 0.0352601965455233 0.0507090867100326 0.00666002771400941
0.1736215716373 0.0755266630361965 -0.0611106801104828 0.0342734580445146
0.193338643326944 0.0547757592218637 -0.0850458260028891 -0.0618640153457675
0.196705877975889 -0.0336905584377652 -0.145887047004657 -0.0407244242984377
0.156883220267062 -0.1152917333498 -0.153597455508967 0.0111649057922588
0.0848604317531286 -0.143938211402231 -0.108264043685368 0.0419314643794774
0.0246945526926103 -0.1453666127868 -0.0682027353906041 0.0419191824209098
-0.024887865151128 -0.129719753339567 -0.0445750613976736 0.0275119429311598
-0.0338629596922337 -0.110034413860729 -0.0206439656970406 0.0116249012685415
-0.0443895407385401 -0.110538915689594 0.00574934898599287 -0.0159491088046245
-0.0202899916469598 -0.138687802535625 0.0356185035268993 -0.0363923696665006
0.0264088605197764 -0.144761345955563 0.0715468497956666 -0.0458747619206954
0.0901341670562739 -0.14669466341276 0.111605951869071 -0.0164769433049158
0.15006431503085 -0.0998403866745878 0.112693476688796 0.0473731211283503
0.187770046433155 -0.00433511667091149 0.0470273242076188 0.0517391709409551
0.203294173747487 0.0549843887710085 -0.0106176063229986 -0.01603079528624
0.157013086384841 0.071760469698148 -0.123499870603894 -0.00636474581396995
0.18503552918207 0.0494561267703167 -0.132164966814046 -0.0737472921811665
0.191571766190846 -0.0389774131713323 -0.154765508325456 -0.0450462917268172
0.146745210041811 -0.118974700958671 -0.139222982282267 -0.00185809541981517
0.0742984963737368 -0.138843940110475 -0.0892112978526985 0.00321134538994071
0.0212872152254186 -0.136069258203177 -0.0645381194919412 -0.00776179345386014
-0.0215257351425886 -0.120288324298637 -0.0510667193314882 -0.0235059084049371
-0.0260340795150465 -0.102367508321694 -0.0314270424270084 -0.037271584451858
-0.0282779675446495 -0.105508183523244 -0.00212415188810447 -0.0629392311158947
0.00269036239288064 -0.127614909581499 0.0328160288301362 -0.0777175804002182
0.0478994749884051 -0.126870082191202 0.0757612064252899 -0.0775203055308782
0.107547779275839 -0.117420346569774 0.111464253788573 -0.0309522944490446
0.152350883611362 -0.0657240275463129 0.0965312100110244 0.0417139924223495
0.173441941958355 0.0269926793562109 0.0149419676692822 0.0444224105317274
0.175568634648679 0.0738601063975194 -0.0621446273597144 -0.0444646642867018
0.111359557841904 0.0588312087355336 -0.171258421640696 -0.0389121165457518
0.139764581589024 0.0405887334678766 -0.167256414998767 -0.0737996540823996
0.147060554107393 -0.0319759951777306 -0.153912770748937 -0.0469530846926417
0.110343649403647 -0.0933528153248185 -0.123033257659583 -0.0182446742065077
0.0551056818414373 -0.103496625995306 -0.0771208972732864 -0.0340668334541083
0.0173011016490898 -0.101993331032956 -0.0664825914127403 -0.050977526105285
-0.0129240239720557 -0.0918969714853035 -0.0578652474248117 -0.0660695982151412
-0.0139352212487237 -0.0798142944538041 -0.0361213904243345 -0.0791247007609435
-0.00965487560832181 -0.0849231153614462 -0.00133746410696258 -0.104007976968059
0.0194302538336243 -0.0978702747028713 0.0439206496624964 -0.11244431920227
0.0578411784240101 -0.0913267854845373 0.0916458325145444 -0.098774339530726
0.103084167866354 -0.0733267575583324 0.117401859943657 -0.0350459374210957
0.130425335260737 -0.0245268742989763 0.0830707920382258 0.0339574272135012
0.134422972126359 0.0516209175368413 -0.00737666937285153 0.0271802091974514
0.124350688761842 0.0795489700203279 -0.0970043653562223 -0.0752039739218906
0.0443413453290428 0.0404950299715602 -0.195166138598622 -0.0598369807425816
0.0705124291397463 0.0330244729657479 -0.182113502590595 -0.0666353629185711
0.0797071218987926 -0.0101084888171557 -0.147511665689203 -0.0531379552649149
0.059948055887141 -0.0451692148823715 -0.111412405360702 -0.0355249002445963
0.0328727526700196 -0.0470374321922083 -0.0746050446232425 -0.0587938947470707
0.0179460190328515 -0.0507259881705368 -0.0728029772653888 -0.0758673713503167
0.00159376596195566 -0.0502075544477633 -0.0618979227050894 -0.092413145163814
-0.00096712114355373 -0.0448825077114111 -0.0347866743457043 -0.108512668790698
0.00384204796459548 -0.0499607387649592 0.00821186408903189 -0.133233881701009
0.0230068159856883 -0.0544243874639012 0.0641509754908506 -0.135109486777414
0.0466976670264168 -0.0483524015242768 0.114316424190119 -0.107162964364753
0.0735703979046095 -0.0321105273354967 0.126861681881372 -0.0338221012501212
0.0865809242136514 0.00487370660854535 0.0769532077227975 0.023767402427407
0.0793934511518898 0.0574688952764628 -0.0143558273380995 0.00808671886727656
0.0600769096782611 0.0674595022514262 -0.110993076882123 -0.10081247909058
0.0201243732873025 -0.0274191770491492 0.11352538732683 0.130988500885751
-0.0144493151572313 -0.0330691504878772 0.0515441193339228 0.00134841060941173
-0.0369557118816485 -0.0173263745851377 -0.0646531183132853 -0.0469013066478164
-0.0293683512790788 0.00558240067428643 -0.141436939062655 -0.0147987329691165
-0.0203658598957574 0.00705303493467214 -0.168011890097271 0.0786546960787142
-0.0187058911322059 0.0035298875820512 -0.113156070645133 0.138306696388939
-0.0167681347617405 0.00294045676475235 -0.0434536946315021 0.151822604945574
-0.0152223419126975 0.000298814288485632 0.0115379374406727 0.145225819917108
-0.0227962405588312 -0.00257372358237129 0.0506107923737606 0.121777288246102
-0.0255260379547293 -0.0120602251004704 0.0773506775956864 0.103151086800096
-0.0193457229383319 -0.017301504534062 0.0837799340675646 0.0871727268612969
-0.0172997119428749 -0.0232699797539649 0.102803463462522 0.081706476275049
-0.00756985751004283 -0.0286501290090935 0.13333773044462 0.0912142722721741
0.0125011058877905 -0.0292889555058547 0.150271389130004 0.0942329947765857
0.0323369840096669 -0.0198461583261094 0.174712780602938 0.0974561686745392
0.0740774116897826 0.0183437071371348 0.0861621265981923 0.138340616352159
0.045452751679142 0.00731404090639359 0.0332109025589601 0.00299889068715317
0.030688715148921 -0.00547849072991373 -0.0766598725162208 -0.0406688016790222
0.0322581987553152 -0.0126837973042881 -0.148462327165003 -0.011507504721751
0.0266487726636106 -0.0306243783629315 -0.169786114046573 0.0729386556862887
0.0063634029119338 -0.044171283291493 -0.115914428128907 0.129636756428847
-0.012965997600466 -0.0472415189740062 -0.0505254132352911 0.142414204966263
-0.0175857682604606 -0.0453406989661749 0.0034569686323748 0.134913579985845
-0.0320624230294542 -0.0490906937865919 0.043399510222618 0.108725068759294
-0.0230275307004209 -0.0683482380282907 0.0730557398665293 0.0883703033229824
0.00275511687308913 -0.0723281179090067 0.0847117748512599 0.0737799082415496
0.0312890078656438 -0.0742019772894488 0.107227656238386 0.0726938095473683
0.0635798794519415 -0.0524687557188755 0.129829870657871 0.0864373100285638
0.0876897910156096 -0.0142804545312498 0.131973725800747 0.0797476076751397
0.10980144352174 0.0181467451829947 0.147488449681958 0.073946245246173
0.119403192011852 0.0633191986597604 0.0463312036415995 0.120241186212014
0.104561828347072 0.0489989003234573 0.00837942622300897 -0.0151413815211346
0.101416006334779 0.00605951971979641 -0.0948488838191607 -0.045967527934298
0.0954703050931821 -0.0338180403615431 -0.155173429727942 -0.00956442456785375
0.0702198296035245 -0.0685387682564044 -0.160691157626069 0.0641503318495807
0.0309414213033328 -0.0893102451869791 -0.108325339277432 0.108388514967398
-0.00775791232223154 -0.0920568744852209 -0.0529206192148302 0.114360342831796
-0.018406846042699 -0.084251209006011 -0.00730589821255366 0.105676318964954
-0.0381021204622524 -0.0876544819287337 0.0333719197561067 0.0783103133679805
-0.02126252167198 -0.113191287517261 0.0651255672222497 0.0576319613077676
0.0188034220279076 -0.116914826429018 0.0842118867363727 0.0453992359948311
0.0681498056791948 -0.117924157635976 0.112723388334219 0.0551977259757793
0.118996409539738 -0.075888180013378 0.125947895035978 0.0810968669421573
0.148805801184946 -0.00446098120584649 0.103423930418968 0.0717230349770305
0.170505596582709 0.0503270203965635 0.100435601793984 0.0441431430758459
0.149674219960905 0.0962291962512425 -0.00326497465217149 0.0787538636411075
0.15499849995429 0.078252986065079 -0.0255875961872069 -0.0456575059827555
0.163209349482223 0.00840593906678618 -0.11324896253253 -0.056851522688939
0.14725957513863 -0.0625713846381258 -0.156255404876266 -0.011068820633026
0.100288303156543 -0.105238297299935 -0.140370639035406 0.046505948754658
0.0467567024566646 -0.125308680177976 -0.0927447960375612 0.0741740943314178
-0.0044278358094501 -0.123372499946254 -0.051448851441177 0.0712826684115722
-0.0162392373837062 -0.110150707595804 -0.0162500975404987 0.0611072460471924
-0.0345263527901625 -0.112414114131201 0.020638927684471 0.0359448151272796
-0.0121982390875245 -0.139759832171725 0.0538803055450817 0.0164769022425046
0.0365657880158354 -0.142444091049696 0.0810967904709823 0.00829347746014046
0.0963528449734537 -0.141530469936326 0.114679191988459 0.0325255408115824
0.157055443171335 -0.0850724225213628 0.117900353827217 0.0759415141951966
0.186248657114323 0.0103288792661858 0.0684029996771347 0.0662314683549272
0.203204474011322 0.0778004776013889 0.0421266718160448 0.0107347557378429
0.159811177546659 0.109500521337828 -0.0608681032433979 0.0267624846994632
0.182380508649789 0.0891779873364819 -0.0693336254374166 -0.0763088305858811
0.200247466939955 0.00351013804664784 -0.128479876011877 -0.0687188936603652
0.17312915583842 -0.0860415962129585 -0.146967450026043 -0.0188690217775841
0.110376420196175 -0.127602076068736 -0.115261225850238 0.0168858686936795
0.0508502960559334 -0.142257575269612 -0.0764904161766445 0.0284390413121643
-0.0030112296873038 -0.13568358927475 -0.0493168419126717 0.0178578203525122
-0.0123030852083914 -0.118935952880024 -0.023138417702321 0.00924749207063059
-0.0243791842550742 -0.121372486929129 0.0108168612804704 -0.0138228772313825
0.00549287317970821 -0.145964007063565 0.0460172761800915 -0.0289320657403495
0.0576255519532269 -0.143826302752579 0.0797343210870804 -0.0294508641248646
0.121172379448935 -0.134804377392283 0.113398734009895 0.0117535212570454
0.17481699357275 -0.0698111924851151 0.104684921090655 0.0685959445359002
0.194135666623749 0.0334882674636345 0.0311710752612141 0.0600751547932923
0.202010049732201 0.0991549557327412 -0.0158550238885125 -0.0253459659086871
0.141928246589942 0.102846834359119 -0.117125926301616 -0.0250188625428469
0.174328390979075 0.082885050244318 -0.116186143031462 -0.0965243207301781
0.195806466869618 -0.00265497414725673 -0.136880159976675 -0.0741713488228133
0.16406617526745 -0.0915904206129471 -0.130829829129467 -0.0300016119573593
0.0985599198637443 -0.125016433464835 -0.0895827546830187 -0.0203121991844407
0.0447154826927093 -0.13450721501317 -0.0651668886552901 -0.0225858262234501
-0.000929093565467628 -0.125381462884077 -0.048148204287458 -0.0355358304898424
-0.00581929668164992 -0.10969750060883 -0.0264711996050057 -0.0429666525632567
-0.00867261249720109 -0.113124988771708 0.00879819099325035 -0.0636813785686366
0.0264247658004981 -0.130839678213405 0.0486963288923817 -0.0727889471272562
0.0765107900417081 -0.121119431942095 0.0882529900528757 -0.061787787379752
0.132708048504361 -0.101756655736974 0.115637129433191 -0.00343382705976905
0.169176108409666 -0.0343709434196315 0.0889334664429861 0.0592581309756792
0.17250324674578 0.0623887030969987 0.000805273775313503 0.0457207665591507
0.168723583453091 0.112497169742028 -0.0620865448522117 -0.0641004576761804
0.0979171916195886 0.0811799768287675 -0.161690040709882 -0.0679928190040739
0.1307606735496 0.066909468366279 -0.152999969047026 -0.102905418303859
0.150756866349432 -0.00387233690259141 -0.138382727835357 -0.0767752101870759
0.123632187196168 -0.0736344126269057 -0.112931156221191 -0.0434990131964951
0.0720682197570137 -0.0932476111124225 -0.0716271326842717 -0.0545701524466427
0.0348566416891413 -0.100144246220205 -0.060364064813848 -0.0661964255579553
0.00299528332980379 -0.0956192543844613 -0.0479579326153166 -0.0803680029030168
0.0016645019191444 -0.0840871855911632 -0.0244358701559066 -0.0875611558208921
0.00612467183978995 -0.0882648963189846 0.0160883931501239 -0.106361467254406
0.0387301380118553 -0.0968948886851931 0.064575782418479 -0.106755691539251
0.0795507485970409 -0.0826501889121828 0.10770871270452 -0.0829127193154856
0.121112493419731 -0.056078351883291 0.121722566019907 -0.0102667049806111
0.138636082671782 0.00362997941831105 0.0767555768584624 0.0478269677464118
0.127722370134876 0.0800545848695217 -0.0167080190752069 0.0236041959210058
0.112818221157316 0.107323104246842 -0.0890492651518681 -0.101166266941188
0.0329868576120357 0.0506181351500414 -0.185367861145251 -0.0944714236962338
0.0618053374194774 0.0469610919882863 -0.170823822673705 -0.0981057756918288
0.0788545954061004 0.00550857569936288 -0.135123334358383 -0.0789567682683531
0.0657392958737838 -0.0329451194319088 -0.103205574011214 -0.0570519495819732
0.0400672226266351 -0.0403861221078676 -0.0663715782026152 -0.0765027230559904
0.0256234512748124 -0.0483799729615733 -0.062419107859134 -0.0918373583692348
0.00983712429317068 -0.0504281229620217 -0.0488815767891624 -0.106980403506626
0.00767536590776117 -0.0461069026224765 -0.0186543664261118 -0.117416666422603
0.0135587039136721 -0.0499962300520659 0.0303801652477371 -0.13573636964806
0.0338777543270226 -0.0513907561977894 0.0879985742458931 -0.127551230482759
0.0591924439905289 -0.0408566279067826 0.132831818020083 -0.0891278000566285
0.0827272246943203 -0.0197522760480577 0.131185890320468 -0.00984122547732842
0.0874395336804691 0.0243666338600909 0.0732407793174641 0.0365021755661867
0.0697797040519325 0.0739453206163158 -0.018255024294016 0.00289649432222817
0.0475919591812135 0.0808763219390929 -0.0965299392202607 -0.127976507434233
0.0171277094763775 -0.0283174025844789 0.122474879518467 0.122251264793793
-0.0167235231863534 -0.0321459856910404 0.0504300787136267 -0.00326252295281093
-0.0375741953786702 -0.0142996248231176 -0.0682670418121053 -0.042880101873578
-0.0287656209198562 0.00753607159921422 -0.142144365956012 -0.00539150601137899
-0.0195044457549837 0.00841412064509434 -0.161682470126822 0.0910854759019687
-0.0187014488500443 0.00562231702396645 -0.102610434773871 0.146223244716219
-0.016893310352205 0.00373170245651868 -0.0315788789996435 0.153911613923679
-0.0151722095722594 0.000883562430210635 0.0240128677490796 0.143586996554803
-0.023115108708772 -0.00122497933768643 0.0612097847953454 0.117567176485878
-0.025937363846633 -0.0104016069707457 0.0845742987671858 0.0969569768276527
-0.02018574529998 -0.0158355878403575 0.0894194478936373 0.0812883716766688
-0.0190798031534249 -0.021567924944495 0.108145967281825 0.0748197970033388
-0.00962998437521111 -0.0281760268488289 0.138559674042563 0.0802308375071484
0.0109865739541792 -0.0297764603665962 0.154494244397174 0.0822287105069585
0.0310098244508251 -0.0217544671974437 0.181443758640774 0.0848119248192721
0.0747420160954468 0.0133822553626779 0.0960292128752457 0.130979592329334
0.0464956501887467 0.00388101110804471 0.0328251480871074 -7.68956073311084E-05
0.0295152362765253 -0.00802986788646519 -0.0802079699816396 -0.0364226673434677
0.0306407881460604 -0.0154921442704317 -0.148695902532976 -0.00139409021140769
0.0235631780708047 -0.0330565248746712 -0.162953386414856 0.0859808040599064
0.00261479097371465 -0.0443693169101174 -0.106149337615349 0.137867286369822
-0.0169629691199505 -0.046353955636857 -0.0396469016346031 0.145832913954136
-0.0209343266333858 -0.0444250254379775 0.0146117132172848 0.134061795494182
-0.0359121218361001 -0.0470813883218434 0.0534809518834147 0.105241325016875
-0.0282747128560171 -0.0663153731617617 0.0801487928716171 0.0824876823448342
-0.00188089535849607 -0.0726477061409953 0.0898065681205702 0.0680489130383612
0.0258870997037529 -0.0764412975246222 0.110985813662265 0.0652085810106704
0.0588163416332349 -0.0571670017534581 0.135146677565688 0.0757780215093603
0.0871892529367537 -0.0206484555896878 0.136174295962944 0.0691911481713527
0.110366164248852 0.0100087038846804 0.152730688627272 0.063826622972944
0.122973620275215 0.0546013587932047 0.0562427674841273 0.115388014666231
0.108396773998416 0.0408042119029697 0.0069240811472111 -0.0164292652456057
0.10029348419544 -0.00199587762337249 -0.0969127634693997 -0.0403469053215701
0.0916445258247211 -0.0415902905583359 -0.154795607083252 0.000142294830807791
0.0640246016274182 -0.0745717428895774 -0.154986069816612 0.0759083438597565
0.0233280152841044 -0.0912057941368021 -0.100010686246529 0.116493108790568
-0.0150675976591893 -0.091409683055044 -0.0442264360379162 0.11831982965716
-0.0248423128856195 -0.0830704079405377 0.00189461875609316 0.105930059084914
-0.0439789897181466 -0.0843516952575544 0.0400043385187529 0.0762251227090087
-0.030090772116069 -0.111297508883419 0.0699129812029904 0.0528256312105789
0.0104958209442109 -0.118011601492906 0.0877594520151929 0.0400040206523713
0.058815498422788 -0.122627702418896 0.11472316750082 0.0467840135366707
0.11174765025922 -0.0851608591450463 0.13063414310845 0.0710797301073601
0.148068163018353 -0.0151888349436103 0.107847751900382 0.0631947181676194
0.173010960835467 0.0372933159305432 0.103284705798834 0.0371820887603645
0.155429709881129 0.0843342345863845 0.00328700646566567 0.0779399044851661
0.160302895209336 0.0660416997737511 -0.0285716166777674 -0.0445930160472318
0.16273602787932 -0.00453920746426344 -0.115575829642983 -0.0506100406021717
0.141065560525893 -0.0739004072740751 -0.155758640765346 -0.000522385264875739
0.091081447274298 -0.113054961807013 -0.137127489575746 0.0575150913648575
0.0361273337869818 -0.127740833944135 -0.0880157746395607 0.080607727973882
-0.0140647242272999 -0.122691875931948 -0.0461788046850694 0.0753271595261449
-0.024732053996204 -0.10878097913475 -0.0108627783693427 0.0624810352009063
-0.0430372511362833 -0.109443518214704 0.0239996287222048 0.0347141281884271
-0.0227550359423327 -0.138589740624468 0.0556999536982246 0.0127557145261472
0.0251973556081926 -0.144806065562709 0.0817345634000237 0.00317049172298652
0.0857144745146135 -0.148074926343953 0.115321173539528 0.0245142193192578
0.149246134173457 -0.0970395570579933 0.122090661332955 0.0657581671605328
0.184994115444206 -0.00390416080339464 0.0730787207227686 0.0613147165349255
0.206655377605326 0.0610930863696776 0.0429826633148067 0.00860387319376079
0.165519683844411 0.0971451573417229 -0.0575521382306603 0.0295898081412493
0.18790971304167 0.0749630243186832 -0.0734087782547151 -0.0718415571713792
0.198650609146651 -0.0120223654437434 -0.131104509563723 -0.0604738672492332
0.164882616512425 -0.0990451449608365 -0.14700074732712 -0.00843855807246353
0.0988668596749132 -0.135984459131095 -0.113839390854538 0.0249416396064902
0.0388989351680051 -0.145634386581413 -0.0755331919777117 0.0329562095001601
-0.0129546283081926 -0.135270252219422 -0.0483331538325353 0.022391674140019
-0.0209034697509552 -0.117995560604173 -0.0224918613864849 0.0116636829800051
-0.0330177878614677 -0.118465311175514 0.0106554340787183 -0.0135407625953223
-0.00613288694413836 -0.145699820157837 0.0445804047885821 -0.0315364084973393
0.0464451148401541 -0.148023769856014 0.0777796334331441 -0.0338381531660875
0.109816094200038 -0.144024532214743 0.113079249453643 0.00345443482208261
0.167427893078088 -0.0834184684799929 0.108900868767704 0.059673912925938
0.195312577183331 0.0197263076154711 0.0360728966326265 0.0564322985827536
0.207672702073698 0.0824145793460057 -0.0173577498869324 -0.0236483973226606
0.148612269275818 0.0918736576658575 -0.118340849859514 -0.0182856754676393
0.179505024155562 0.0695784996493541 -0.12100008320133 -0.0889810059227622
0.194119143486477 -0.0186788416963629 -0.140013461968387 -0.0658041179826497
0.155516058121414 -0.104307498030747 -0.131379185308648 -0.020461529692002
0.0876464446438368 -0.1323367974988 -0.0917023054606039 -0.0133586604685184
0.033917245118226 -0.13757510722753 -0.0677132221965167 -0.0188516541012765
-0.0102734639310799 -0.125289350167287 -0.051690206722984 -0.0309589854756862
-0.0139802655803639 -0.108733440115282 -0.0293838544447952 -0.0393984144592156
-0.0169995195885693 -0.11188396420098 0.00456549653873517 -0.0632454278683418
0.0161556376179182 -0.132315116538376 0.0439372202895315 -0.0755682515300241
0.0668981491233573 -0.127017544288471 0.0836932284044788 -0.0669644075992251
0.123995340879566 -0.111688563862849 0.113557570607447 -0.0116316490559357
0.164726756377917 -0.0475969972216366 0.0927192826527372 0.0522317851173942
0.176038499592552 0.049825515492338 0.00469245123638117 0.0444400146088266
0.17478050695292 0.0976899310549672 -0.0668013496243643 -0.0585346188464186
0.10299916724326 0.0735961114896579 -0.166742477278336 -0.0569138855888423
0.135172627604107 0.0564049868778561 -0.157859048062803 -0.0929317932502469
0.14911980035858 -0.0153790623108755 -0.142120961631353 -0.0668941727062035
0.115899884833402 -0.0830604497728907 -0.114987209050197 -0.035748965173247
0.0637463752756053 -0.0982949150911973 -0.0762871426753946 -0.049110276531412
0.0268829578984208 -0.103051253855721 -0.0661984770851002 -0.0626390853010995
-0.00417124247487632 -0.0957786222711377 -0.0553015330917856 -0.0756009425811403
-0.00469707266631606 -0.0836066795802329 -0.031927124142376 -0.0843201487946369
-0.0005956046513348 -0.0882945589520045 0.00811807623131034 -0.106933847454153
0.0307890756189643 -0.0991046030592005 0.0566796334111608 -0.111309208920701
0.0728282909083853 -0.0886326497530268 0.101183256385085 -0.0890245260744999
0.115201075142845 -0.0662519677760934 0.119498696191963 -0.0187186253170805
0.136724828346026 -0.00703000194267427 0.0806169832749424 0.0418956567060266
0.132359822802617 0.0698155000069868 -0.0143539020602521 0.0248173019344811
0.119217735844438 0.0970021134408089 -0.0964319862228255 -0.0933751154798668
0.0366888397947819 0.0479584168580635 -0.191831299198154 -0.0817715961198699
0.0646343733013043 0.0421173544480677 -0.175649626073949 -0.0866431845086138
0.0790376001888519 -0.000761756969623763 -0.138276876840984 -0.069612515933642
0.0617582118684437 -0.0391895532965667 -0.106057759783654 -0.0495537382045265
0.0363444202841664 -0.0438827531841541 -0.0727045024446732 -0.0722397541877535
0.0219703777708683 -0.0502215950305229 -0.0700507434831999 -0.0878345961741163
0.00591726708762599 -0.0511703377743745 -0.0579490601722281 -0.102605026031864
0.00431091475955967 -0.0460699001704654 -0.0283998448451696 -0.114419596446177
0.00984168026672604 -0.0501272302091124 0.0197772955083285 -0.137014328794179
0.0299795907516158 -0.0533417037643315 0.0780215402987239 -0.133997330181362
0.0552794543203486 -0.0454789189211399 0.125916214905198 -0.0977329885071695
0.0805085050970021 -0.0261575029546958 0.130281796340475 -0.0189831171227081
0.088066555458613 0.0179888193997696 0.0755646481312845 0.031328579076846
0.0744731340829583 0.0677496433352766 -0.0174136658129685 0.005036579473061
0.0521417361594551 0.0751069855839306 -0.105058077261223 -0.11942527587125
0.0148207745486729 -0.0276676701265557 0.124141085908166 0.111069011729082
-0.016907065332043 -0.0300968491782228 0.0483282982536257 -0.00581583336990291
-0.0365457119833675 -0.0117747668219752 -0.0681119219033031 -0.0390201580912468
-0.0274553952827107 0.00848692640559208 -0.13689206401272 0.00108758402613986
-0.0185330715948749 0.00849316682210697 -0.149830612633537 0.0963036572657755
-0.0171966563221098 0.00642274043452646 -0.0913013679455581 0.147034463328355
-0.0162236943155107 0.00425284754828248 -0.021802023344675 0.150167945976337
-0.0146878350624207 0.00129034773572137 0.0321795265970842 0.135976787863355
-0.0223353908242442 -0.000757449141858928 0.0666903379381363 0.109794827422849
-0.0255842325313108 -0.0090410137856033 0.0870042896955458 0.0893596739871002
-0.0196235006667717 -0.0142214310226813 0.0896201941888613 0.0740828025961709
-0.0193139849662347 -0.0199462805578857 0.10667807173046 0.0669428491566171
-0.010704918125589 -0.0269841135010188 0.136007124706533 0.0695415261749923
0.00978071949969698 -0.029381268979021 0.150493508614752 0.0716340715119379
0.0290698535611731 -0.0226994261947554 0.17944064398228 0.0740178477975363
0.0720043107263336 0.00979488824856902 0.0996885566293111 0.120532554892748
0.0455855201608965 0.0013264322828965 0.0310888337084209 -0.00164584392920098
0.028035948145329 -0.00951963210740836 -0.0782718677983322 -0.032211719155487
0.0284114052215128 -0.0163756553372498 -0.142539968259823 0.00561615577798721
0.0204765971094687 -0.0334289440874675 -0.151947876912157 0.0915785648157932
-6.22478426392918E-05 -0.0426090846625731 -0.0947892656653131 0.138497824100188
-0.018975603811471 -0.0437358287792464 -0.0302968003214694 0.142164341068034
-0.0228988668595384 -0.0425383540300206 0.0223259587224995 0.128167446128533
-0.0372886607717901 -0.0438847960249152 0.0586656743747254 0.098618915354865
-0.0306329745715102 -0.0631147641829312 0.0820161112338628 0.0759509502796237
-0.00594491506621938 -0.0697137359008525 0.0898637637675942 0.0619480456051578
0.0209199830726927 -0.0745634943125675 0.109596740910484 0.057424972738569
0.0530101338667017 -0.0582360025540301 0.132839129759297 0.0652420466468746
0.0828417443306746 -0.0243715597832176 0.133374283166523 0.0595471121104106
0.106040540182472 0.00409530885135896 0.15054605587026 0.05455042480352
0.120496432102904 0.0462729623297101 0.0601699663989903 0.106964467258554
0.106636593349442 0.0334468669000824 0.00584500382596372 -0.016622363792638
0.0957283009281648 -0.00807961855086643 -0.0950424294754019 -0.0356883689210447
0.0849396008559079 -0.0451388913573939 -0.148877198817166 0.00794686564191611
0.0563825895826997 -0.0755515465859614 -0.145212024567723 0.0818472565032208
0.0169314664786075 -0.0883358742181794 -0.0906905699013643 0.117163971493951
-0.0199536530979158 -0.0868617328262881 -0.0360242090637645 0.116757279418699
-0.0287494547537509 -0.0786347232555676 0.0090494528046591 0.101483833057451
-0.0468619823730352 -0.0789526474366149 0.0440820623646622 0.0712501520181197
-0.0343803283808966 -0.105627575319603 0.0706710029549075 0.047411697772548
0.00388013449861948 -0.114245551973743 0.0871872499318205 0.0351081497483041
0.0500079434697138 -0.121344550879115 0.111744522685908 0.0392915949338893
0.101991882088207 -0.0880736437991589 0.129275789721805 0.0607839474796954
0.14165799371707 -0.0221180593930549 0.105773587631732 0.0547393957694936
0.167329870994357 0.0263833160714662 0.102056834221403 0.0312707819079198
0.153647196436494 0.0733944494828641 0.00771565128680392 0.0735863512368053
0.157807253074373 0.0549376094763557 -0.0291255195074697 -0.0420994913627238
0.155299989809969 -0.0136959288127805 -0.112685763294822 -0.0443214982912928
0.130637271942507 -0.0788760621243367 -0.149210959613974 0.00648501040554061
0.079828706665592 -0.11405371619451 -0.129263147980986 0.0625773410784998
0.0271200866933267 -0.125161749523534 -0.0810407814966481 0.0822404561157793
-0.0205709786317117 -0.117417672956201 -0.0405467449889896 0.0761041740809815
-0.0295599787048146 -0.103449391041955 -0.00597337137474992 0.0610197060784656
-0.0472467658825901 -0.102714332446036 0.0262166349121545 0.0319068352890263
-0.0293579370347202 -0.13207853692954 0.0552303765591212 0.00961986303198888
0.0164615251626693 -0.14063396038786 0.0798367145373769 -0.000292211867293321
0.0739162278501174 -0.148202605492299 0.110793542999559 0.017616807860068
0.136662021149335 -0.10139009143238 0.120833176344985 0.0557762636258122
0.178389298735454 -0.0128174200299386 0.0727842032911086 0.0541777825857305
0.200576969619117 0.0472649071086939 0.0421995654793199 0.00656817814001617
0.164174976680642 0.0850415933430054 -0.0535854704184418 0.0303219545846137
0.184650107064065 0.0619473430310818 -0.0736162340159011 -0.0663039389644241
0.188959464054393 -0.0231235714980247 -0.127658064177142 -0.0529735885073721
0.151788535492646 -0.104769462491737 -0.140642170045589 -0.00151340818301079
0.0864489300993498 -0.13678357866018 -0.108622856734572 0.030334740264352
0.0286289697884323 -0.142151424787876 -0.0715573407478854 0.0350696072536005
-0.0202093713713045 -0.129309959934731 -0.0455916827976438 0.0249878319682082
-0.026670476623877 -0.112221730511432 -0.0203821929895462 0.0128290154853312
-0.0377013859747226 -0.112059853949957 0.0099620287445043 -0.013593451324568
-0.0136266083067457 -0.139801038038999 0.0416866406524718 -0.0326627361636402
0.0361567921290563 -0.144864090578988 0.0743603085738834 -0.0362130173659284
0.0978679360081237 -0.144555656834679 0.108179721742501 -0.00277754474594314
0.15512414710692 -0.0890744636957838 0.107963779390587 0.0514853646283376
0.188857048142367 0.0089591345893168 0.0380424622157004 0.0517778564858964
0.202048875500747 0.0667740072318425 -0.0179348350730603 -0.0207570483066679
0.147444177252152 0.0802701610410663 -0.114415017488772 -0.0127336068340963
0.175676553408884 0.0568863410796536 -0.119611217539773 -0.0802650952558317
0.183528516375442 -0.0287360447966441 -0.136721595280776 -0.0569608619594143
0.141877747497242 -0.109292577965505 -0.12611810448182 -0.0139469787593097
0.0761416529986827 -0.132647123644229 -0.0889169520861262 -0.00813614077365829
0.0243446884037408 -0.133642522949425 -0.0673185447238837 -0.0143661426031555
-0.0169909771690877 -0.120074645899632 -0.0518893135694376 -0.0260530369220916
-0.019153202502151 -0.103765586890777 -0.0299814840205065 -0.036033551851849
-0.0219987225766189 -0.10667208146733 0.00110967654769632 -0.0608085984262616
0.00833684664703949 -0.128060109992923 0.0386560927244711 -0.0752947185140841
0.0569524939365113 -0.126705374777681 0.0780587280176703 -0.0678009652649456
0.112279232215754 -0.114645889363077 0.108019590237372 -0.0174878056837023
0.154881373886188 -0.0547362439586498 0.0923325019607315 0.0448313840533935
0.172015539199125 0.0386120259998444 0.00689971441809487 0.0417648656232054
0.171578537343804 0.0830031240745501 -0.0667159475390976 -0.052002027535918
0.102838670252976 0.0650827341614998 -0.163900707799207 -0.0476470351157528
0.132134039360892 0.046765096717408 -0.155453990070542 -0.082940656180812
0.140934484625912 -0.0232984192801051 -0.137941010592599 -0.0581068360510971
0.105803757810702 -0.0858963806450628 -0.111217576919496 -0.0285118863140605
0.0551372155691418 -0.0990473026202345 -0.0761108498167563 -0.0436796154371994
0.019543415483301 -0.100803376369509 -0.0682673086157382 -0.0570089074181851
-0.00925204949326762 -0.0915356168211191 -0.0581186045668245 -0.069135923198814
-0.00909747896887397 -0.0801191556476673 -0.0350022865059083 -0.0784632684924676
-0.00563291981220606 -0.0844293417734402 0.001878067398013 -0.102779289783533
0.0247421609183941 -0.0973574825580919 0.048364326975777 -0.11005028609071
0.0645046674343392 -0.0894716362826931 0.0937678686747987 -0.0898988341744497
0.1067346187157 -0.0700243263753903 0.113762514631311 -0.0244651166146646
0.130026703754386 -0.0135744407972892 0.0796577987034049 0.0359095683927685
0.1310243860121 0.0599831873704911 -0.0119546844969083 0.0240616521167368
0.1184115714785 0.0855875667643708 -0.0974453749219722 -0.0840270275507637
0.0377866032176368 0.0433368738475717 -0.190079276028372 -0.0702258826970178
0.0642391682456458 0.0370978209716896 -0.172540846030359 -0.0756116072106127
0.0751163242694315 -0.00531577221382537 -0.135514190783893 -0.0601043023454474
0.0567416928870962 -0.0412261112405983 -0.103162930111156 -0.0424509164392495
0.0322070259397894 -0.0447681055081932 -0.0744253638922256 -0.0658541386984986
0.0183209655978377 -0.0497747423805448 -0.0735476215000639 -0.0807222752749392
0.00245426958078974 -0.0494716194805889 -0.0627909155615216 -0.0955956283728091
0.0016502480949967 -0.0439810805644295 -0.0343863157574972 -0.107666386786994
0.00637368212834357 -0.0483427764780509 0.0115519147444487 -0.133076172481653
0.0262479234417847 -0.0529663550717877 0.06738991578999 -0.132763629827926
0.0503767202748047 -0.0474928239403143 0.116332168308166 -0.0995803301761846
0.0751381792213552 -0.0296071515342801 0.124370969877089 -0.0250625560818104
0.0848952437519001 0.0128628992789638 0.0743883604957006 0.0266813799901416
0.0750772037688282 0.0605930624007345 -0.0159110735191952 0.00548140518944693
0.0529821108258546 0.0679796391420968 -0.106933339551349 -0.108721222842156
0.0133951437292726 -0.0257504953735464 0.120191555397495 0.104126566557736
-0.0163943748719861 -0.0290512877618477 0.0451481319802325 -0.00647358963662299
-0.0346801865166028 -0.0106591794078392 -0.0666256779604824 -0.0373777487180253
-0.0259953562349638 0.0086980951853301 -0.13139794112992 0.00211873151783221
-0.0173545776025757 0.00856062265618634 -0.141308484778497 0.0950816469590657
-0.0156608730697951 0.00654918982468789 -0.0845507633345967 0.142432733774004
-0.015764258200854 0.00423671223701374 -0.0180732488190746 0.143637915762397
-0.0142311918651811 0.000517839891809453 0.0342007296657659 0.129629429753803
-0.0219017804771768 -0.00032056208828578 0.0676854610797582 0.103601574203197
-0.0242485994310958 -0.0083066676745928 0.0855805510602872 0.0839852235137089
-0.0187753519373474 -0.0131844440051907 0.0877738335733025 0.0702934731682843
-0.0189656880539726 -0.0188011583763393 0.103032220884619 0.0631007141435021
-0.010676963976009 -0.0258938289195219 0.129894586780423 0.0641879618144691
0.0095179570366265 -0.0289591256353713 0.143349301767224 0.0663464056382892
0.0271906178676559 -0.021517244585276 0.173607930578441 0.0684475198967607
0.0686516769075339 0.00863295573650583 0.0977057643144103 0.112815006182329
0.0441499511309904 8.66945389335843E-05 0.0296524281165646 -0.00295573477496493
0.0267425137533873 -0.00956263396746118 -0.0760627137577624 -0.030690774878477
0.0260278021074173 -0.0166318096988348 -0.136702652570097 0.00631788144116269
0.0181839216319072 -0.0325085411493406 -0.143195335715523 0.0905991751455811
-0.000897218914964302 -0.0409709615339531 -0.0881491922562701 0.134691983354295
-0.0195766548705203 -0.04153041843693 -0.0264939330282271 0.137254352785207
-0.0234415950007556 -0.0405768749723489 0.02502029663472 0.121647914802933
-0.0365310460524677 -0.0414750322962158 0.059056351535765 0.0932058899925932
-0.0306732574950218 -0.0598826050967439 0.0805529413063681 0.0713655642128334
-0.00648825396257756 -0.0665945243952192 0.0879457316917777 0.0586174657964917
0.0186896657344273 -0.0717995253723439 0.10561728796609 0.0539718026926696
0.0492613112123728 -0.0566707851702845 0.127396486563774 0.0596920232760676
0.0798084801094571 -0.0242722048805349 0.127165926501647 0.0547389125851545
0.100920126793065 0.00225722031460732 0.145663756807031 0.0508623923544507
0.116111866507643 0.0431149864765296 0.0598540111555306 0.100568221505254
0.103102463618932 0.0297687905318369 0.00553361462787145 -0.0162086847724677
0.0911529231959987 -0.00972046721877884 -0.091065738577311 -0.0341143177296143
0.0792837385705804 -0.0451083383703238 -0.141340798752781 0.008821166612712
0.0517642746785638 -0.0736664131927073 -0.137111490124682 0.0811173908696543
0.0143447196368599 -0.0854216613925134 -0.084788832435131 0.11395619869449
-0.0213083039775644 -0.082551964806334 -0.0322964661420987 0.11255100675287
-0.029338957915944 -0.0755171708339104 0.0114929984025095 0.0964853863759293
-0.0465941959600575 -0.0746069326447182 0.0450196715008671 0.0667598182417132
-0.035198136868501 -0.100702925927403 0.0692077764034812 0.0442536228118548
0.00142270625372562 -0.109675711807515 0.0848189241897657 0.0325823649649375
0.0455244980627605 -0.117193762860261 0.10742306215549 0.0361270032519692
0.0953122803308306 -0.0860953490261642 0.124162252547181 0.0555054964558228
0.135569013106512 -0.0230700358693853 0.101618973564496 0.0500823315600155
0.159463180597932 0.0222458956764628 0.0986796738806666 0.0295219374898699
0.148386004083354 0.0684584775383786 0.00939552622055833 0.069059837866081
0.152063740096081 0.0491975894740853 -0.0284819515043096 -0.0403971881783125
0.147707467498585 -0.0164700590446037 -0.107940416924856 -0.042307776769168
0.122621390387718 -0.0777941121581034 -0.141464444638367 0.0074671685155082
0.0730672834994265 -0.110779735849478 -0.122224419433881 0.0624500651798115
0.0229691079687738 -0.119803594694628 -0.0765415691832422 0.0800100947752268
-0.022362662201531 -0.112366760391103 -0.0374653409081986 0.073632435360553
-0.030564957016721 -0.098595664856199 -0.0037814234401352 0.058287514039088
-0.0472453084033089 -0.0974090535795043 0.0267101534947572 0.0303308886077071
-0.0306717332379736 -0.126019203085445 0.0539396350635511 0.0079703897078871
0.0128235438858258 -0.135380536207521 0.077597068311698 -0.00119393569027168
0.0679336184517754 -0.142863368991473 0.106196344131325 0.0152351910181055
0.127759382846177 -0.0996532452110699 0.117092101678494 0.0513564135396661
0.170833447674919 -0.0152847388669924 0.0701803447232935 0.0493356203085005
0.191541192438765 0.041460661806307 0.0408386552145447 0.00636651450820464
0.15874664021645 0.0785285616755273 -0.0502507630377559 0.0285663995861335
0.177686429542698 0.0556422423145785 -0.0712915519425769 -0.0631894105908141
0.178978145688599 -0.026220238570726 -0.122407354169712 -0.0496825763135365
0.142010436744651 -0.103338516413008 -0.134180389467404 -0.000516617527692407
0.0789616269170452 -0.132415736767827 -0.103043951214843 0.0314397082228892
0.0237419062817257 -0.136244414128426 -0.06847229210757 0.0350708068662267
-0.0217376913681307 -0.122936034101626 -0.0433745298942077 0.0253443018754152
-0.027796798296096 -0.106606507586885 -0.0183814888773429 0.0125949987646917
-0.0387866144357219 -0.106930615394535 0.0103947345116205 -0.0128428971319613
-0.0158853810311873 -0.133291897809901 0.0401664711727939 -0.0324740026726005
0.0312513213573264 -0.139949708280786 0.071894234943429 -0.0350366618267322
0.0900932187667402 -0.141216498122239 0.102716760747688 -0.00407262949858521
0.145973256454791 -0.0879217267002056 0.104176047942967 0.0461476629420514
0.181439891443538 0.00534846698698416 0.0367586390188994 0.0482411221637575
0.192810493499693 0.0600416831821425 -0.0170216702681595 -0.0191400567420724
0.142450501645883 0.07379389716498 -0.110155143962518 -0.0115678997250604
0.168991751627078 0.0507881674768645 -0.115294209380254 -0.0765629789777849
0.174627423706049 -0.0312380561674252 -0.1310024203331 -0.0536402492968101
0.132624149499024 -0.107211525591157 -0.119964051415882 -0.0118557109241403
0.0692148747699227 -0.127827016073089 -0.0853672673339928 -0.00594767625784603
0.0195193022916272 -0.128350749981419 -0.0653403615632481 -0.0131142504351933
-0.0189129774646606 -0.114699708188141 -0.0506698801420921 -0.0236906033901179
-0.0204532563222192 -0.0989346124679426 -0.0295054854028604 -0.033226043257008
-0.0233205266071173 -0.101385062017486 0.000744043819098855 -0.0580727446268444
0.0054779415383517 -0.122973441955655 0.0361892140408962 -0.0725703456905567
0.0512317032133165 -0.122343710274278 0.0745033436018642 -0.0657205873313613
0.105509580712818 -0.112925377381606 0.102586824471908 -0.0179608858424802
0.14570697246254 -0.0547715972014802 0.0897229653745301 0.0412453644495782
0.165113275487488 0.0337819677302732 0.00736250756986755 0.0393897622201204
0.163564431594236 0.0760527277550887 -0.0644485751352385 -0.0481373550392876
0.0995471929411131 0.0596875159100333 -0.158452471054235 -0.0436002900471361
0.127266312442178 0.0420168681477744 -0.149805226970213 -0.0778522328229406
0.133880107105737 -0.0253839085931974 -0.132196223866935 -0.0542593851245889
0.098145659035456 -0.0843904999265217 -0.106001643959811 -0.0264608841042057
0.0503391065169979 -0.0956869719854089 -0.0740972008918009 -0.0404005020356361
0.0162431287698895 -0.0965815599927015 -0.0671839449821993 -0.0531265373680389
-0.0107751123616972 -0.0875058597412093 -0.0578678945680202 -0.0643534776525716
-0.0103686207125328 -0.0760208924378068 -0.035125599852006 -0.0742017731666391
-0.00684353771197734 -0.0806103434666581 -0.000157165671263346 -0.098166730096672
0.021860163291154 -0.0933405605255212 0.0439912078484966 -0.106290427779793
0.0591543272618906 -0.08764528217601 0.0888917513682421 -0.0869698777262535
0.10055686621363 -0.069693243613721 0.108502367134504 -0.0252786300722293
0.12389317199445 -0.0150780467011555 0.077333549158112 0.033369775300703
0.126295344153839 0.055001450771036 -0.0104642854375994 0.0232831656719418
0.113010010294224 0.0790426016830708 -0.0946914459026937 -0.0783473414998021
0.0369464504657502 0.0404719766612193 -0.184100696295671 -0.0646401180135341
0.0617820203703761 0.0338645935049182 -0.165917701071423 -0.0710943974034023
0.0715012472793039 -0.00645590181584044 -0.129386323108515 -0.0561830164414279
0.0521569491585554 -0.0406857605451246 -0.09878446376609 -0.0397828680299008
0.0295873439046225 -0.0437325070651602 -0.0725562037324546 -0.0618456539270856
0.0156940104536004 -0.0477008661636228 -0.0727688094547769 -0.0761953909816071
0.00190835298323439 -0.0474055169233078 -0.0628811157631976 -0.0894250273669364
0.00106712642508003 -0.0416295915758831 -0.0347223772781085 -0.10175941730533
0.00512626025629986 -0.0460725747118123 0.00833416561679923 -0.126842223945709
0.0240591542018901 -0.0508200665627045 0.0617315806001697 -0.129096608818507
0.0464295929968377 -0.0466074450376729 0.110394808484208 -0.0972484007698311
0.0717468584512624 -0.0292983460730881 0.118489644333691 -0.0260572972305626
0.0810506902630694 0.0112913490968958 0.0719969835103984 0.0241182488242182
0.0721037621917806 0.0565795813303279 -0.0145933061558942 0.00568922444786648
0.0508919468936914 0.0632148690691167 -0.104872847045161 -0.101615758403481
0.0134063927102723 -0.0250026203737948 0.117875357414361 0.102098549893799
-0.01515101506943 -0.0287046818913463 0.043982199935278 -0.00646002617778759
-0.033528513518017 -0.0108492332671431 -0.0651110066378257 -0.037422577711776
-0.0257082963830858 0.00870035657317546 -0.129399949186705 0.00036227926665054
-0.016912478122946 0.00801741083985204 -0.139055737728134 0.0919788498307111
-0.0153845970642553 0.00625349179172605 -0.0829728583631896 0.139819493303071
-0.0158545946146213 0.00470059026598479 -0.0179113477075731 0.141135597955821
-0.0142192848009249 0.00019169755417036 0.0341112850927879 0.126703873768739
-0.0214449542307098 -0.000645514936870985 0.0669957023522755 0.101482437738911
-0.0238079301640067 -0.00869070815008798 0.0835202161758194 0.0833007086701542
-0.0178769519871835 -0.0129400335661254 0.0853428191409182 0.0700965972246737
-0.018176512529537 -0.0179777475512525 0.100632864227332 0.0631464180347198
-0.0104512281994257 -0.0252468244907964 0.125345959580883 0.0632467432404871
0.0105350295659867 -0.0286165908728215 0.138869126824292 0.0668842179086879
0.0265219513948749 -0.0205763757808158 0.170395514721197 0.0692516353658337
0.0674180521434814 0.00947751602242365 0.0955566758576833 0.111008469209409
0.0437299256426002 -0.000465058516206202 0.0289046005643579 -0.0026883981474824
0.0260054145641147 -0.0102305538963982 -0.0745381485008813 -0.0315163662008023
0.0253298420599547 -0.0160631650716163 -0.133843818562207 0.00431085553854092
0.017650662691062 -0.0325793363348311 -0.140573974932724 0.0876750759611199
-0.000285806742118607 -0.040300260520977 -0.0869602301706033 0.131674478585683
-0.0197112201458113 -0.0409149640799394 -0.0259300597532525 0.134365741406574
-0.0225780577275129 -0.0403968355590833 0.0252389402562445 0.118910458285286
-0.0359936273623803 -0.0408316804637594 0.0592932089028197 0.0911052072874971
-0.0301363975269095 -0.0594052441741544 0.0791871872441473 0.0704942097009956
-0.00606318280065017 -0.065369816308277 0.0858624280978997 0.0583896806370561
0.0189613935741448 -0.070227651381904 0.102490402666906 0.0534146305871999
0.0480807521434051 -0.0552967284723629 0.123863155746234 0.0588494350356315
0.0786023111248893 -0.0233599037358905 0.123061497086391 0.0545287328563885
0.0981297296253871 0.00307450359441356 0.143225908254031 0.051305830705247
0.11332785326424 0.0434261336427192 0.0584783199166053 0.0979452411360967
0.101006384132834 0.0293634496300179 0.00576162344855467 -0.0166576098365021
0.0891065278693223 -0.00994555008748517 -0.0889866432440477 -0.034913993851803
0.0768972007903713 -0.0438253657802736 -0.138481252201865 0.00663868579319306
0.0496562827550674 -0.0721667007073653 -0.134095766485482 0.0790777060522787
0.014234258117701 -0.083206834958545 -0.0840710490621689 0.110986333878583
-0.0209417668343984 -0.0810539474058076 -0.031263357180038 0.110870862539156
-0.029005309194468 -0.0743981034002125 0.0117961310702153 0.0937538677211019
-0.045554575866482 -0.0734865117544278 0.0456430417714198 0.0654585223271801
-0.0346385518125372 -0.0992677917790101 0.0682345231242257 0.0436433340494316
0.00200579327365519 -0.107375721680179 0.0843256981312317 0.0327440700213531
0.0454017968991715 -0.114937024710082 0.104131250567643 0.0364274168233613
0.0929917527369512 -0.0834545442729805 0.12099365775145 0.0549239915282641
0.133283368707633 -0.0217776748711571 0.0981179193931754 0.0497229323322449
0.154808891767558 0.0226427828116469 0.0965655882402964 0.0298060434867523
0.144794194602293 0.0676915450248612 0.00897788175954293 0.0665499122125307
0.149090359144102 0.0489899788653104 -0.0267498177373058 -0.040725753326339
0.143954223134643 -0.0163260268712679 -0.105680292787245 -0.043994777880109
0.11927569809859 -0.0757548111549518 -0.138351009628105 0.00542541884643296
0.0707164471517867 -0.108277918230406 -0.120037836031933 0.0608608867558125
0.0222971401637654 -0.117515537591985 -0.0753518094243476 0.0780299114803703
-0.0216097964041497 -0.109708932438911 -0.0369390200243552 0.0723183470506914
-0.0302536586009084 -0.0973759521575554 -0.00334395616588787 0.0567458929887916
-0.0460957339973725 -0.0955225227480612 0.0277076653879629 0.0292718022251246
-0.0303554407936879 -0.124143607647171 0.0532025740242112 0.0081940962197833
0.0129006829157205 -0.132995171302693 0.0776147205862893 -7.2232621548198E-05
0.0669533619584443 -0.14058473045029 0.103263540429147 0.0154892222401548
0.12511059985667 -0.0967656503575731 0.114207905539564 0.0499561607404978
0.168041401251167 -0.0133171532211209 0.0677552659366205 0.0485360312615644
0.185860217874085 0.0417510950156731 0.0403524070615742 0.00717229468529234
0.155263742624652 0.0774848227657298 -0.0493318813766446 0.0265130584502125
0.17414371114879 0.0555740859829257 -0.0681886953236793 -0.0632619719738486
0.174621186220516 -0.0256652539806742 -0.118778351846979 -0.0511804028582304
0.138362243167605 -0.100740542374085 -0.129791481435347 -0.00213846626439817
0.0766612319729538 -0.129835508115948 -0.101014352931692 0.0307089484592185
0.0233041595572797 -0.133475614769776 -0.067776227784762 0.0339271124156703
-0.0215542141554325 -0.121091743148313 -0.0431412241124152 0.0255874447778504
-0.0270879562818837 -0.104848902787604 -0.0177732733039433 0.0122787489835142
-0.0375904060337654 -0.104555436442356 0.0109772371083281 -0.0131918200592866
-0.0155310387922796 -0.13126751312427 0.0396759705127986 -0.0317492164610975
0.0312920556738722 -0.137115811577746 0.0720152059264 -0.0337686909442674
0.0883462154919296 -0.13886398387752 0.100186984901782 -0.00328111995163243
0.14233691615312 -0.0856135080795645 0.101954470000732 0.0455379907643529
0.178007043053052 0.0064328985679503 0.0357355695201931 0.0471105999772333
0.186999679694139 0.0595741913943967 -0.016498531507408 -0.0181065638937251
0.139700640447056 0.0728601248045647 -0.108359182688229 -0.0126997302864594
0.165142022594371 0.0506489920947482 -0.112020458715318 -0.0759764544673477
0.169591557577997 -0.0303963628240685 -0.126721010767443 -0.0548567183223232
0.128915007696799 -0.104442596431568 -0.116252326132899 -0.0134626332073622
0.0674526538135392 -0.1258414824473 -0.0828175017010889 -0.00606711073422535
0.0190772856389616 -0.126100732160558 -0.0648304384780208 -0.0129737583172255
-0.0188340917761533 -0.112376005070191 -0.0504740706593036 -0.0229482208633468
-0.019424830447331 -0.096699901127741 -0.0288225330051137 -0.0326829632219406
-0.0226714218143109 -0.0988912501440831 0.00115765086260545 -0.0574013462459205
0.00561732632700507 -0.120394462991296 0.0352915669627611 -0.0720585714598978
0.0499385854756205 -0.120010413190952 0.0748776649366786 -0.0639753456458032
0.102900509777609 -0.11045537831255 0.100682574852629 -0.0171756621415943
0.142612906800053 -0.0524477765114386 0.0881206327242682 0.0403756175947511
0.161305811117796 0.0343641363416325 0.00731759146576332 0.0384405700638113
0.158289369243192 0.0747254760830704 -0.0627414303412628 -0.046518723428535
0.0972054313614042 0.0583018315426544 -0.155405386242762 -0.044601097406738
0.124223708376723 0.0419890943953859 -0.145516910638968 -0.0779007920346972
0.13018277733844 -0.0246324413979058 -0.128423259988908 -0.0550969483172851
0.0956520123591105 -0.0825803769284724 -0.102488561043817 -0.0272446734334629
0.0490230264155082 -0.0943662069639533 -0.0722358155935819 -0.0399924559358072
0.0156514047098351 -0.0942571265352404 -0.0662562526084816 -0.0528078404962963
-0.0106810065360767 -0.0857319681614071 -0.0576837611027397 -0.0630565649893889
-0.00914550279542336 -0.0742620511117251 -0.0343260101459177 -0.0722764369124943
-0.00675040777360307 -0.0785025413917387 0.00070353505833812 -0.0968285679335234
0.0214025240965085 -0.0914864586115442 0.0437482492524722 -0.104890326156084
0.0577815816263024 -0.0857917415600755 0.088214714117256 -0.0849378254626159
0.0981620015787661 -0.0682994624870374 0.105960615563699 -0.0245050545990591
0.121062868896143 -0.013992443246549 0.0759749722942688 0.0325689383503652
0.123451171702822 0.0547280533207611 -0.0101198409166716 0.0216788334161534
0.109172616170211 0.077157106760735 -0.0924463723432402 -0.0763243577748192
0.0360962597781547 0.0389330328614664 -0.181064063808102 -0.0655242647012666
0.0602612712358578 0.0333910513052787 -0.162157237918809 -0.0716439568037986
0.0688343806461885 -0.0068628146403378 -0.125841081983782 -0.0566704494166248
0.0505426717656641 -0.0398010385724827 -0.0958851307975924 -0.0399224650354783
0.0294038498459108 -0.0427950252768122 -0.0713045287205363 -0.0617436771675067
0.0151196203542417 -0.0473384824375202 -0.07169834132472 -0.0752147748787989
0.00173952379450262 -0.0464034750900683 -0.0617505275990843 -0.088010477442395
0.0016210977040168 -0.0404865175637569 -0.0344549228128961 -0.0997149747885081
0.00531622707218639 -0.044547887164395 0.00841829444366 -0.125029866951435
0.0241738445186772 -0.0501181878119521 0.0605056669087572 -0.126670758679855
0.0451776592740399 -0.0449566805675156 0.109371500296982 -0.0944488115164746
0.0694545357609552 -0.0287884801966437 0.11629199167564 -0.0243354038421059
0.0793870066879718 0.011794718740189 0.0709035690669279 0.0246934373083764
0.0697880471093203 0.0558822066422613 -0.0136600981424326 0.00557741958986597
0.0480744090643572 0.0617621614783463 -0.101831201804648 -0.0993092307100364
0.00287094947920576 -0.0301416745251925 0.150615224071283 0.0440788938336417
-0.02566141768675 -0.0208496410102214 0.0364787258560622 -0.0246595312732189
-0.0341959843806988 0.00464597969954256 -0.0775030957784018 -0.0055633176030452
-0.0176971709112201 0.0193881680552269 -0.12017084897237 0.0568975752669296
-0.00955196205484531 0.0143967770044217 -0.08602026532501 0.145141304943674
-0.00969812582733333 0.0112509575996505 -0.0151126731111679 0.164263904782135
-0.0126907239111838 0.0108804094313743 0.0438532410616638 0.136747842928579
-0.013711091215909 0.00495830569444077 0.086765517897272 0.100192727398909
-0.0200666619333537 0.00846010379894218 0.106021559919812 0.0622187182755268
-0.0252950806960146 0.00135285043057422 0.113067744948654 0.0390372770387832
-0.0213569036447813 -0.00515999764959471 0.10824654918434 0.027302233013845
-0.022227060096379 -0.00796400947071973 0.119184578774097 0.0136975242652068
-0.019190597987115 -0.0178403895241782 0.140442004694549 0.00408592711691625
-0.00044545506062383 -0.0299041280570228 0.155205018479515 0.00482662088621497
0.0175335152911812 -0.0305397532017852 0.188539777852777 -0.00490369008343623
0.0663221465806197 -0.0197219152512019 0.135670374066836 0.0596093133308506
0.0392657520259393 -0.0182959673924055 0.0255543985204354 -0.0162162739483335
0.0202407494736923 -0.0186001880316684 -0.0816532254904598 0.000152337974207396
0.0174385230274136 -0.0230803319316048 -0.121172671113221 0.0591104293560104
0.00517896776534081 -0.0358142262995837 -0.0906248541097678 0.139958433652168
-0.0155199312547497 -0.0365294570957592 -0.0227305090718357 0.157575187600317
-0.0347470478905389 -0.0287694086867404 0.0332785421021872 0.133327064234117
-0.0380651035247948 -0.0294210585712149 0.0754278509385288 0.0966424230277986
-0.0498804931105951 -0.0228468804056092 0.094394627014923 0.0553751624774531
-0.052574849423337 -0.0428932916524175 0.10407481449928 0.0283568077406824
-0.0321936328690247 -0.0594962738658721 0.107145076363947 0.0158434429881291
-0.010784137385017 -0.0714734161221694 0.120958530345564 0.00446416445103229
0.0226775365680642 -0.0702376917378588 0.138893392135768 0.00235618345546691
0.0648055524798481 -0.0545233023270929 0.135900530828014 0.00366916187462517
0.0951603162863946 -0.0413827761720184 0.153009579130358 -0.0065545727152839
0.122213505941463 -0.00590559522422654 0.0985171910170806 0.0618832889233978
0.10321459221762 -0.0138669251279691 -0.000129176849736352 -0.0209249161614574
0.0767957281836245 -0.0430850235684723 -0.095567922925444 0.000264592202862303
0.0524111563523703 -0.068557288464039 -0.123831748944229 0.0604638584517373
0.0174523719850454 -0.0845071360693607 -0.0896067922785039 0.127162397919029
-0.0205539124230745 -0.0819908700690065 -0.0299606189770442 0.135687064401043
-0.0526785690337711 -0.0647645739483643 0.016695229212938 0.112952095976272
-0.0579397996505464 -0.0590638770922782 0.0523982792661925 0.0793192741867794
-0.0725641171699975 -0.0493127788437382 0.0712408338325327 0.0379586982243839
-0.0738858128258238 -0.0776446758530406 0.0838378886236019 0.00755138994070339
-0.0433300848924657 -0.102196958207624 0.0962007992650634 -0.00771759457857522
-0.00622568541041064 -0.1236870194289 0.119770826829916 -0.0118251609894643
0.0529869732280572 -0.115604042216605 0.135710776209716 0.00081542491843197
0.116247068197471 -0.0765678315711704 0.110754862759021 0.011826160683549
0.156817324985958 -0.0480971548290599 0.0994417035631404 -0.0043114242820702
0.160345751253903 0.00522967996329899 0.0412143737515151 0.0530014092450282
0.15460427882283 -0.0143711748294956 -0.0392966805536695 -0.0300646252675426
0.124599222726116 -0.070099827004702 -0.113187302731195 -0.00389381470347627
0.0764992606943977 -0.114320074885836 -0.123580825923093 0.0560969221799707
0.0212655529718353 -0.126333617668037 -0.0854221118948695 0.102663152368996
-0.0281395961777675 -0.116417167367606 -0.037286728546622 0.101248397668442
-0.0654572670813551 -0.0906984631609785 -0.00505571376327569 0.0791216507005915
-0.0677339575048034 -0.0794636690055281 0.0216083256062443 0.0516386854029862
-0.0823339298128027 -0.069522833370363 0.0395640285779339 0.0125455583276412
-0.0802525282782628 -0.10299874891988 0.054779596479913 -0.0190625166313241
-0.0443213105205367 -0.130949542399946 0.0776861585414298 -0.034013810709773
0.00233453655044442 -0.157105917008059 0.112125623854973 -0.0295534108849252
0.0773417013252764 -0.140801156800767 0.129304056449721 0.000214350932040324
0.15110459341677 -0.0833069146581703 0.082860600087554 0.0249547280542184
0.1930315170896 -0.0440814179427879 0.0358568500206908 -1.43929102159247E-05
0.174376118295418 0.0110366512902326 -0.0286592321326602 0.0399107015955949
0.180031719290158 -0.0175822195316168 -0.0870382222234407 -0.0342171423428379
0.149340051876083 -0.0901996068438105 -0.128726646260563 -0.00629938957926064
0.0836315965123213 -0.144008685922305 -0.119719301214123 0.0438732262249377
0.0174022374244742 -0.147669729768026 -0.0821128207663417 0.0664182630413141
-0.0345138968334445 -0.131411091022328 -0.0497665911958061 0.0577259602286243
-0.0702169553078775 -0.100982482821713 -0.0312705097100044 0.0383629407559374
-0.0680506381696204 -0.0879923800940289 -0.0105827848971322 0.0177017068673075
-0.07796221870998 -0.0815015450386315 0.00579837649372706 -0.0193262554973877
-0.0703164835350233 -0.115756807577778 0.0259986738439206 -0.0496905828872816
-0.0293915177603864 -0.142125617640626 0.0584869616267477 -0.0611907862295769
0.0226048179621525 -0.164529429818764 0.10198925832983 -0.0443388439429728
0.0982130676228234 -0.138297145904391 0.116563925587235 0.00214030173297576
0.168042397750056 -0.0689609010034305 0.052019478449766 0.0368230941358664
0.201861683254351 -0.0284240568549081 -0.0280413903940616 0.000429249056961052
0.158137800923525 0.0136571824150804 -0.0996510452103686 0.0284145646488355
0.171055785600591 -0.0178982468820022 -0.133191029588178 -0.0276435505898538
0.142794404322368 -0.0929031523956821 -0.13806869964263 -0.00593182081502635
0.0738820537154288 -0.143985053162596 -0.111866717720052 0.0277497736276002
0.010382990215569 -0.14027494141481 -0.0822043169686079 0.0252464696424971
-0.0350761376500407 -0.12252674035974 -0.0678086995571552 0.0132605633087866
-0.0637088018198163 -0.0945766587528455 -0.0587295191694969 -0.00256717471561397
-0.0575103826339628 -0.0828513324166166 -0.040270195554188 -0.0187454781531096
-0.0618106195823276 -0.0824518037557906 -0.0218585686345286 -0.0544723161992613
-0.0457264450449145 -0.114667656528926 0.00398431917318032 -0.0829146670461458
-0.00413559661371165 -0.133976103232203 0.0473318735072213 -0.0891532084792651
0.0479381558108838 -0.145385496868572 0.0950281231150912 -0.0558815623399233
0.111508365583207 -0.107809488132646 0.100393160172669 0.00382274759200466
0.164509880479852 -0.0364814768330959 0.0211454266492353 0.039893466566304
0.180760459707724 -0.0013548190439882 -0.0833065733330744 -0.00802306343719901
0.113712637793741 0.0174931243779946 -0.158598786647461 0.0200704010023552
0.130291961451984 -0.00874945419836352 -0.165460538404077 -0.0132400728053738
0.109439130527987 -0.072283432853475 -0.139406100895507 -0.00372949989820432
0.0519607234302105 -0.110907986039068 -0.105394441967632 0.0118438201668705
0.00615804861308234 -0.103789992040989 -0.0863336678734332 -0.00871791808445091
-0.025688150584416 -0.0922435451726521 -0.0862531365457923 -0.0214694298291742
-0.0451923374839511 -0.0735097091736034 -0.0826284447895737 -0.035386891679859
-0.0383825088852704 -0.0656452474740987 -0.0626616132395376 -0.0513996028478108
-0.0384861340399817 -0.0700801832998534 -0.0409158538791293 -0.0893592492905982
-0.0188440967660817 -0.0948689099495557 -0.00381436262192759 -0.115668597795952
0.0171464343006418 -0.105127551228683 0.0493248556799374 -0.113550665389435
0.061462915394159 -0.104166063253781 0.0947999274692343 -0.0631514661003978
0.107819409850448 -0.063111017327686 0.0848810978821833 0.00188215840093176
0.136910874086996 -0.0014427395530134 -0.00258741578413993 0.0306480187331235
0.134732174272834 0.0231308860075801 -0.122756314322076 -0.0256739057485473
0.0496441711498294 0.0240319761223029 -0.192926697122383 0.0141571887032034
0.0691406144592433 0.00896678218702083 -0.178288047118615 0.00158541301355052
0.060485250274942 -0.0312964445477033 -0.137137454501676 -0.00288068220699825
0.0292462436594147 -0.0543641284711831 -0.104477958697718 0.000343894621830954
0.00884096431798893 -0.0491154339457527 -0.0928775320091966 -0.0266129445063584
-0.00620840895282926 -0.0483548022406646 -0.0992969925961877 -0.0385077766517704
-0.017684991641492 -0.0426918546711782 -0.0970645969382499 -0.0543398320106963
-0.0140125911740906 -0.0377083209108663 -0.0753986095192853 -0.0761242823731228
-0.0128591927261287 -0.0438539982078321 -0.0466256725866736 -0.117961954784718
0.00100817088919055 -0.0570495476484782 0.00137253946110655 -0.142263678156189
0.022383859570787 -0.0616904473869516 0.0617059740738912 -0.131382545360715
0.0522949343248448 -0.0559723876280559 0.0999862490421952 -0.0682818469496262
0.0795171213475214 -0.0216397533055721 0.0754068607479191 -0.0043265966595654
0.0876618284726904 0.0220337479221973 -0.0131720334169275 0.0144649010401816
0.0709573672316259 0.0351363789128881 -0.139588956928148 -0.0462093454140623
0.00258280725498905 -0.0305825796897324 0.15526480477406 0.0406459563708478
-0.0265626487317618 -0.0207642757368123 0.0370992675477831 -0.0265886863003282
-0.0346734335248732 0.00506282483695701 -0.0795508641210362 -0.00409235047099783
-0.0177092830990704 0.0204475206444196 -0.12285238857814 0.0606653178645508
-0.0093881013455698 0.0150081856314552 -0.0844644954111873 0.150676661580036
-0.00935377334968939 0.0117849356594272 -0.0106223904828831 0.168778448072654
-0.0127787399505846 0.0120176636485059 0.0485930541204232 0.1397931692596
-0.0145853604358408 0.00605562728957536 0.0922426758733807 0.0996348846905242
-0.020992940940024 0.00907883120789706 0.110857291475041 0.0605067681715209
-0.026415374251935 0.00201269013154235 0.117494702029355 0.0375199690877325
-0.021554424442999 -0.0046601868703315 0.111984044687229 0.0259597265269851
-0.0227145472369209 -0.00758082687688506 0.12289031340442 0.0113086952254961
-0.0198821083268285 -0.0178478125815113 0.142786657958118 0.00129543266173097
-0.00124638132150764 -0.0312345367478773 0.158542875768797 0.00296866375482523
0.017369240311237 -0.0315854512801971 0.194048839166936 -0.00916057175936728
0.0676271754271176 -0.0214392315900205 0.141157045354552 0.0567447687871915
0.0397918746429838 -0.019928044974662 0.0258874537802338 -0.0179277797046338
0.0200785904355475 -0.0200991150323471 -0.0846107287029732 0.00184069020300881
0.0171730669806935 -0.023644400775038 -0.123633359433631 0.062537193253327
0.00327675039147663 -0.0366184627963018 -0.0888106030060486 0.145067677817564
-0.0172534112946406 -0.0375482825677482 -0.0190802727553005 0.161931714086577
-0.0363033362135673 -0.0283901427874844 0.0376402616360189 0.135674116160992
-0.0408806876182626 -0.0293921228217829 0.0798725255044772 0.0958326585673462
-0.052319032569992 -0.0221160234151739 0.0996198276627054 0.0535449461686332
-0.055579220426155 -0.0430215362580601 0.10867494197782 0.0259476796115514
-0.0341312105198791 -0.0604390629837295 0.110570204533204 0.0134716056849755
-0.0124599846461028 -0.0732664531273721 0.124580722458514 0.00187154934976344
0.0217263216062855 -0.0719396343600882 0.141174937398615 -0.000797843894391122
0.0660561920605344 -0.0580127253732439 0.138547928070447 0.00160289384770438
0.0966115011830592 -0.0436641548202924 0.157757854529877 -0.0101581712103766
0.125347831881932 -0.00892026474393692 0.102254223518487 0.0596802786073907
0.105427138675897 -0.0171072988424438 -0.000729590065204165 -0.0221585647625727
0.0772046095616475 -0.0461575680074003 -0.0983217212810586 0.00145023999724345
0.0516386599051556 -0.071516568027311 -0.125938166044186 0.0635891475062463
0.0146597020374233 -0.0874492766980274 -0.0878462952474819 0.13199026938112
-0.0238059846821665 -0.0837733534753147 -0.0269473468862145 0.139859366466866
-0.0563699685120432 -0.0654083126347956 0.0203453841689774 0.115435348767687
-0.061332754874043 -0.0590354313836872 0.0557741000825783 0.0789795839391104
-0.0761277492611938 -0.0487058520439504 0.0750853027717346 0.0359185599883076
-0.0780873158925497 -0.0780657862066286 0.0870393621996591 0.00510188308091361
-0.0470680923976753 -0.104010042721715 0.0997667103620146 -0.0100933754300928
-0.00951948543918667 -0.127420295179682 0.122131387486296 -0.0142479047778887
0.0514686100022498 -0.119230838086464 0.138819325413816 -0.00292005744920611
0.118339943954224 -0.0814220505496222 0.11383029682859 0.00955864894851904
0.158747776769113 -0.0526354783959526 0.102975618321506 -0.00592948032421743
0.165238427817845 0.000902617184343055 0.0436399564432178 0.0521619955623675
0.158361593806314 -0.0187296594821299 -0.0407276176828358 -0.0309953402066054
0.125100648517983 -0.0754252306822017 -0.116426162876314 -0.00205817762128239
0.0750995424813048 -0.118478323572069 -0.125664644471967 0.0589321643082187
0.0174134440321946 -0.129905893890503 -0.0839023958382395 0.106943096877422
-0.0320368420562095 -0.118266250866532 -0.0360045756238841 0.104792568628983
-0.0698534167470524 -0.0913657349438398 -0.00252351926337778 0.0815500585935834
-0.0725793681034916 -0.0800483337314123 0.0238792535720939 0.0513887819387165
-0.0860046461549671 -0.0687552400168914 0.0414616377947278 0.0100400936547467
-0.0857580204008702 -0.103126330238014 0.0568225735998937 -0.0210585987465675
-0.0484535503063588 -0.132951558743138 0.0799839862277532 -0.037745742348762
-0.002499914280885 -0.161492546353226 0.114153630936439 -0.0324231825203496
0.0751548307722372 -0.145798048013994 0.132107363012721 -0.00331128165739958
0.15354212376588 -0.0892475775483126 0.0856282372676649 0.0238419275010615
0.196190927312793 -0.0497584039955873 0.0376453679138399 4.43340630069786E-05
0.178959770534589 0.00643656484843241 -0.0290098674345711 0.0405639958516444
0.184365905424011 -0.0223989062461148 -0.0895804621224509 -0.0341465794797111
0.149331888743543 -0.0963420703651867 -0.131967424941533 -0.00543000727210157
0.0813390750317537 -0.149000222427793 -0.121584364599608 0.0463096978852654
0.0133690632427545 -0.151406981937866 -0.0819347002436955 0.0693250896711593
-0.0391801689556066 -0.133730211293217 -0.0498059851713717 0.0597318223819637
-0.0752282938638791 -0.10187060910245 -0.0312061945371709 0.0405467673276823
-0.0723813590582428 -0.0885501044553639 -0.0104602088059218 0.0177613561676275
-0.081518338224074 -0.081228525410684 0.00606113572477794 -0.0208990847190759
-0.0759833119538867 -0.117251127905655 0.02585017267774 -0.0510643491225507
-0.034089769937517 -0.144999132514096 0.0598448283207086 -0.0659690652667267
0.0182005482012643 -0.169806277105458 0.103474641049998 -0.0468662822703868
0.0968354355928979 -0.143832284876232 0.119239490912122 -0.00159878645025835
0.171463901208379 -0.0752896592180916 0.0543527772817819 0.0365314892234163
0.204695819718819 -0.0333585869823563 -0.0278586468796816 0.00239615794830922
0.161922592815309 0.00937467984606138 -0.10223504009675 0.0308447167905718
0.175272751089451 -0.0227272160317048 -0.136908810455491 -0.0260972007833659
0.142487965681975 -0.0983809176275723 -0.141275065974336 -0.0046976313022578
0.0712568323818667 -0.149164082563874 -0.113828800713551 0.0300228310948601
0.00633209512870285 -0.143556029035442 -0.0832707997998028 0.0281946120363922
-0.0400064823214894 -0.124026735931293 -0.0689008260952484 0.0149407900638623
-0.0680420987191574 -0.0951112705772559 -0.0607777876156496 -0.000260008970144827
-0.0619556786163632 -0.0841730696056237 -0.0421573892373157 -0.0180300609008355
-0.0650955009250033 -0.0828875858714727 -0.0241365049402328 -0.0560322805015232
-0.050707371649785 -0.116324609452277 0.00245351233368429 -0.0855355764598137
-0.00858052898503751 -0.137613213171759 0.0474238242444845 -0.0933944347283842
0.0442240578802938 -0.150427787932264 0.0957663300157397 -0.0584486439460625
0.111649200811123 -0.113299073487781 0.103134439110843 0.000441222133045956
0.168220970619212 -0.0411674371508319 0.0230096842817618 0.0404654527366586
0.184418976434601 -0.00530259886110273 -0.0855886958863784 -0.00552181680811053
0.116599175493969 0.014210045254854 -0.16309022541549 0.0242523158402037
0.133210482636925 -0.0126546404529358 -0.169900956917456 -0.0107218869074633
0.108823986844366 -0.0763319509299843 -0.143217263301241 -0.00200014419450098
0.0501150468104221 -0.114819720264419 -0.107653067885989 0.0133506240620584
0.0030044190805324 -0.106752513681755 -0.0885563991069178 -0.00768890940295301
-0.029463086888567 -0.0934880573995215 -0.0892716725982692 -0.0202051674002828
-0.0487418206489617 -0.0742720638163265 -0.0862779235291683 -0.0334981834611473
-0.0409918462150779 -0.0668015122097135 -0.0662189938160593 -0.0508965850801605
-0.0407681630261944 -0.070018464264419 -0.0439537914325702 -0.0910140017700998
-0.0223850997005843 -0.0968088184086632 -0.00669097902394777 -0.118905352736834
0.0143591472420806 -0.107986287604815 0.0488962019957266 -0.118371993979173
0.0594605325515857 -0.108567044723832 0.0952684900766881 -0.0667102478382584
0.10883637672488 -0.0667317674305201 0.0872942179178929 -0.000524379603981705
0.140445432577564 -0.00468900878735022 -0.00121626328400066 0.0308362998250209
0.137848186459242 0.0205599531659772 -0.126574189171597 -0.0223795340108827
0.0510069109565704 0.0227210622050375 -0.199352879250658 0.018882118413125
0.0708180524089934 0.00716827958843218 -0.183084292854575 0.00464318504472485
0.0604383864921107 -0.033973715621472 -0.140540427455321 -0.00116610055542742
0.0278257368673898 -0.0558448198964648 -0.106598371710125 0.00182089688800333
0.0075820404018003 -0.0506269377305432 -0.0971265371515882 -0.0263082109917497
-0.00875305418580839 -0.0494449925810567 -0.103965133174681 -0.0370974662659949
-0.0194001786879452 -0.0432561129929483 -0.101322732202428 -0.0525624859815991
-0.0152961484411329 -0.0384191379854903 -0.0795002524242693 -0.0753261448420651
-0.0140479153721271 -0.0438704365343998 -0.0512087283600505 -0.119585508083296
-0.000432848958576264 -0.0589759996761953 -0.00238367698866239 -0.145906675418291
0.0211875668063813 -0.0635358659356246 0.0606985932615852 -0.136933350154617
0.0522053978309288 -0.05882486515528 0.101175032803559 -0.0718803292271698
0.0815056252840264 -0.0240776006846857 0.0776162732078433 -0.00588973466139234
0.0900290971399455 0.0205787268146975 -0.0128038056626515 0.0149880555514795
0.0720368297838027 0.0349652822676872 -0.144327766902325 -0.0433181822000523
0.000885772122135101 -0.0307073913970988 0.159734998660674 0.0315192706883392
-0.0284665260150515 -0.0201119890506476 0.0361353399653334 -0.0288863700952774
-0.0350793248257325 0.00684187360219562 -0.0815327973027303 -0.000415198737641539
-0.0168072130619384 0.0216712402332022 -0.122380792914119 0.0675248351936002
-0.00908171251803614 0.0157186112405199 -0.0773672857035566 0.15682503977834
-0.0093427325795322 0.0122378065534181 -0.00134483471578197 0.171737589541166
-0.012240721720149 0.0127887067262423 0.0567646902962273 0.138784163230998
-0.015025897747098 0.00669195128424351 0.0994508382912173 0.0948068186441047
-0.0209380866770656 0.0102260929821579 0.116353764764911 0.0540014099282506
-0.0271168258173247 0.00312482144428261 0.121924956733692 0.0316971724307368
-0.0214809846792707 -0.00417185971048479 0.115184445256379 0.0207334846467004
-0.023085603750509 -0.00600003963411717 0.124650994530598 0.00508979189028667
-0.0213912098690586 -0.0166790226650498 0.143565592536779 -0.00530601633779811
-0.00240860258844821 -0.0319864044702749 0.160280119333501 -0.00359427842066038
0.0161962609059102 -0.0317900826855685 0.198228818514385 -0.0199345875727302
0.0675521300561348 -0.0248179740883779 0.146331168130121 0.0486960637289469
0.0394477067645973 -0.0227425141225514 0.0254545385969942 -0.0203456168977616
0.0184839746556453 -0.022246706482099 -0.085926388967521 0.005573242806429
0.0160281306194577 -0.024632644570426 -0.122818399474929 0.0692501357073414
0.000511425812525303 -0.037303864559089 -0.0811440615773521 0.151817597320044
-0.0196698952914037 -0.0371247564368083 -0.0103331760243533 0.16497881704489
-0.0388534555274815 -0.0265529802936072 0.0458980306767898 0.135464417808118
-0.043580101930355 -0.0272967518631858 0.0861568254260193 0.0919983516761644
-0.0545285860573436 -0.0196236104693382 0.104684265437052 0.0471552799161015
-0.0590893233781906 -0.040122310623273 0.112378019077862 0.0202493316823861
-0.0376249676531911 -0.0598002575036478 0.113567448450244 0.0077367909941308
-0.016855796478838 -0.0736629382140976 0.12608825453724 -0.00390046508124478
0.017931208684913 -0.0735795564308073 0.14172257498553 -0.00872177217194539
0.0640945386636345 -0.062419512132372 0.140330771848738 -0.00464290936186581
0.0951181376014558 -0.0486435654493173 0.16093013138249 -0.018486364127945
0.126286354171568 -0.0162540642449393 0.106937340683758 0.0534717413404682
0.10576323054755 -0.0233149874791114 -0.00130376684402627 -0.0229691868656294
0.0750083152401362 -0.0512395892499126 -0.099865447041499 0.00546864331640907
0.0480992170159471 -0.0746239481334561 -0.124988704807515 0.0698518840816722
0.0092627352425597 -0.088619046342014 -0.0809195997468935 0.138093960589693
-0.0291691167849379 -0.0836664121541884 -0.0197499823901466 0.143333177069278
-0.060806237022877 -0.0622132310431847 0.0278396738477176 0.115434009579705
-0.0666995326369413 -0.0566721644907298 0.0612550001044512 0.0762418078436679
-0.0799987287161796 -0.0449140972857278 0.0784058499477664 0.0305226801555574
-0.0843717917264152 -0.0749136879648346 0.0895011155457588 0.000232029094891972
-0.0533275198702315 -0.103080428684403 0.101706956260422 -0.0162993316924855
-0.0167285018983846 -0.128970925836546 0.122670475097154 -0.0203000567592392
0.0461664014710906 -0.122892246960969 0.139026291811548 -0.0113470705077933
0.115806176725604 -0.089155024719498 0.115184105447425 0.00469938678727936
0.157699308566738 -0.0605335681992671 0.10542036629201 -0.0115606020695786
0.167078966870771 -0.00787586575082853 0.046281319509588 0.0494142965893332
0.15938920046273 -0.0276818648745411 -0.0426009659903065 -0.0303698511738318
0.121255475890331 -0.0827620269295659 -0.118554511842329 0.00262980069696003
0.0692255971006698 -0.123287183403522 -0.124663739447181 0.0650837756390139
0.00993869542917372 -0.131659187949876 -0.0784802501181762 0.11261561911146
-0.0396335659228221 -0.118220903581458 -0.0301433619394664 0.107804064483161
-0.076517760250186 -0.0880512277047219 0.00225395697051762 0.0825119195843859
-0.0781418263817043 -0.0771512705346052 0.027159147427314 0.0504575730694358
-0.0912303420708435 -0.0651749298247208 0.0425995941250284 0.00720385845432648
-0.0937882236251512 -0.0997706706893756 0.0570771827034296 -0.0252703800398356
-0.0569975777800711 -0.132754511376539 0.0803349217261935 -0.0433598336865739
-0.0116668722794127 -0.164264514569517 0.113836165764099 -0.0381046653024426
0.0686515579387105 -0.151153633113393 0.132281564117393 -0.011981377401215
0.151699062146745 -0.0984765935144462 0.0877839468615795 0.01965104504697
0.195352488946569 -0.0596778866737104 0.0397550460925775 -0.00175761387766651
0.181035649951576 -0.00322611394009799 -0.027602946411799 0.041314440014726
0.185265369719634 -0.032375267409615 -0.0923674115693303 -0.0308329125579844
0.144757238941065 -0.105444238843147 -0.134333358607754 -0.00039316990340392
0.0738439218511502 -0.155127592889659 -0.120861142786658 0.0519267271272828
0.00422294838600662 -0.154087232026877 -0.0783185658054476 0.0745421166014992
-0.0478215113094366 -0.132630775785909 -0.0472774401789855 0.0632455925076915
-0.0822257416213198 -0.0985019724570943 -0.0287332740958277 0.0424704299676292
-0.0789538874776078 -0.0861967546291869 -0.00940312738976792 0.0181706858843027
-0.0877267607258991 -0.077773102512099 0.00503260615594923 -0.0221522491644788
-0.0848467680259019 -0.114298555529025 0.0237354319370912 -0.0537204368271321
-0.0430771050439817 -0.14536184746429 0.0581834381980888 -0.0707216406158522
0.0081519112600915 -0.173013164985265 0.102450117805403 -0.0526750233091455
0.0904521593402858 -0.150456953700568 0.120219312190993 -0.00905597185751622
0.169844364196466 -0.0853510432473963 0.0569928483526265 0.0342639627407087
0.204614887785542 -0.043854723348354 -0.027292698515658 0.00409987150309414
0.164586412707757 -3.08074717327331E-05 -0.102646446040408 0.0362138623713552
0.175922161795923 -0.0319431642680426 -0.139787334156263 -0.0201065148266275
0.138176204248848 -0.10732962655615 -0.143593314620504 0.00117617575695883
0.0631832010851037 -0.15419150778247 -0.113968315646647 0.0346632606322466
-0.00216079792065091 -0.145644800472378 -0.0821558077299956 0.0322099305621315
-0.0482331505473078 -0.12326550571541 -0.0695721326591958 0.0188290655534812
-0.0750369661534874 -0.0923480179433949 -0.0613523616984351 0.00333674248078921
-0.0675751733842302 -0.0822788527745187 -0.0433947297914134 -0.0157561927900358
-0.07077617425934 -0.0800771403095244 -0.0273971990985565 -0.0562123648985276
-0.0587861393407699 -0.114950466700653 -0.00194712826732179 -0.0867729837073565
-0.0165917434409795 -0.138295700665605 0.0439390262327105 -0.0986363265004263
0.0355987754796129 -0.15455845395588 0.0941051173222597 -0.063770335825791
0.107004605577979 -0.119968146836388 0.104531195132667 -0.00586801654462048
0.168204830600129 -0.0513131317375592 0.0258717038762533 0.039371328127808
0.185641417998068 -0.0145482935332941 -0.0863477365256348 -0.000113835307770473
0.118639303262485 0.00756380238670538 -0.16415084953542 0.0328521263093268
0.13407761125653 -0.0200728948625816 -0.172553624625686 -0.00245523842866099
0.104932021063431 -0.0830226380916342 -0.144992348074978 0.00434406840846083
0.0438137135018071 -0.118182566000875 -0.108349128467194 0.0175392514625028
-0.00308133827891493 -0.107943163426336 -0.0899020840824659 -0.00343088855578056
-0.0356873231757975 -0.0928078204871598 -0.0925604740038797 -0.0161970181033216
-0.0537191573209013 -0.0722415803472627 -0.0895000078022605 -0.0283895450267661
-0.0452577028783165 -0.0656481977735086 -0.0702904553878186 -0.0480824600714101
-0.0449393313932479 -0.0688817888453436 -0.049877968808441 -0.0902065020327825
-0.0290706531372329 -0.0965397628131751 -0.0133268178519252 -0.119910748851864
0.00826678274015352 -0.110025021935112 0.0437233352074575 -0.123843076649951
0.0537258992529526 -0.113473278225418 0.0936659083952353 -0.0718490378019046
0.106485831202469 -0.0736834217526764 0.0887455105733607 -0.00621730663610927
0.141989113245225 -0.0120481314848645 0.000585448017832961 0.031483103069887
0.139590023346591 0.0136814195029132 -0.128783185929626 -0.0144169604130996
0.0522864039397981 0.0197430659071792 -0.201545870872734 0.0297824937942033
0.0717386181891106 0.00326807809927046 -0.185381857730257 0.014102335852877
0.0586876429399441 -0.0371380827750918 -0.142685468924042 0.00587186688083252
0.0240011809583257 -0.0577529966091636 -0.107760367546309 0.00638673670602554
0.00428393830616679 -0.0519985407199595 -0.0997906379035358 -0.0219758781986937
-0.0115350750759929 -0.0492176657799965 -0.107733726755243 -0.0324018595668787
-0.0220968893549762 -0.0419708339005226 -0.106977531627556 -0.0473577030848368
-0.0169394033833686 -0.0390997181337288 -0.085661837233919 -0.0716476167887838
-0.0165045464864659 -0.0436708016630581 -0.059065542352978 -0.118293969082194
-0.00416441794535425 -0.0597507277296814 -0.0105072575410397 -0.147053624061438
0.0179766824901122 -0.064507013483866 0.0544257555101822 -0.142631564810326
0.0487928491857849 -0.062031811902438 0.0987330553911959 -0.0779807892759639
0.0810685448355621 -0.0284736431146284 0.0789384929324421 -0.0103260269806001
0.0920490377760703 0.0162209608835929 -0.0114376412027797 0.0155656312600633
0.0739882352092355 0.031543568760913 -0.148318317005597 -0.034824797122422
-0.000714689868909989 -0.0297029413938431 0.158054160171298 0.02033270531196
-0.0292897117004196 -0.0181341001014607 0.0334091026103166 -0.0309722125426559
-0.0336956571955806 0.00862849488752406 -0.0806822799871108 0.00380091081809323
-0.0150827999567337 0.0225071313606791 -0.116862138966905 0.0730102563249798
-0.00852311697222015 0.0162202851639099 -0.0656855167876339 0.157584073618897
-0.00871223800174541 0.0124566858118687 0.00966980256709512 0.168831124308789
-0.0106274521769055 0.0134195251386623 0.0646699723623766 0.132674415463166
-0.0147301241160318 0.00791382022290591 0.103972561470662 0.0865893816229504
-0.0200107353599644 0.0115251475202198 0.118456436764486 0.0448885385097794
-0.026726120102581 0.00494593142824398 0.122465166024908 0.0234254674797199
-0.0211580394042759 -0.00318138442329504 0.115193009052799 0.0141791150868149
-0.0226077549591519 -0.00444930161791252 0.122383552582961 -0.00179073400015701
-0.0216239996268889 -0.0151089981022383 0.13996527226585 -0.0130636622233508
-0.00405011143746242 -0.0320190567896558 0.156832375680577 -0.011695326920462
0.0144062623393936 -0.0320696278778423 0.195073329671096 -0.0311515376338002
0.0652906240347534 -0.0288736574701541 0.146020136552028 0.0378507228544662
0.0367608793118787 -0.0249734273897127 0.0241181317728144 -0.0221523927345513
0.0164265275064234 -0.0226630731888194 -0.0847823475613049 0.0100505649918488
0.014316863650779 -0.0250704478053473 -0.117591104598557 0.0745339482938313
-0.00226114065190486 -0.0359561247794853 -0.0701662919572935 0.152911125030376
-0.0222435140028089 -0.0355428486362847 7.87568355559547E-05 0.16265765108962
-0.0397768123882318 -0.0235081984828764 0.0539690483376874 0.130382425725461
-0.0453039558540768 -0.0238970367457419 0.0914414034186656 0.0841207130357634
-0.0548750121253663 -0.0163128969805857 0.105858995836895 0.0387574385216368
-0.0616008207404126 -0.0357630727633745 0.112901240462711 0.0127881788062975
-0.0405085922234601 -0.0572037810092319 0.11319755362186 0.00101742896071421
-0.0210993029426175 -0.0710711168507139 0.123310768394871 -0.0105845061399191
0.0136435145445691 -0.0733208383984535 0.137414484443436 -0.0164042029548729
0.0593416035053938 -0.0656795070613149 0.137155749951617 -0.011511724144164
0.0904564305109831 -0.0528819426874571 0.158626892124436 -0.0281412739090997
0.123334069214221 -0.0236749015263067 0.108388780052729 0.0452121265765872
0.102606004442105 -0.029271948989241 -0.00296373553206618 -0.0234205290865516
0.0693677381304298 -0.0550285084730905 -0.0982424636192758 0.0103575447895979
0.0426950350982557 -0.0761633748378048 -0.119240139332521 0.0748070948103429
0.00280980577527631 -0.0866971527254873 -0.070225493651671 0.13978672956852
-0.0348748972868242 -0.0805051936746902 -0.0100563212808428 0.141384394266395
-0.0644231171034518 -0.0573233323189915 0.0348863434480192 0.111554134694566
-0.0694417000577087 -0.0515513340033028 0.0652530749863812 0.0704624686547688
-0.0813711982427757 -0.0392344369072646 0.078971070621626 0.0240570134742966
-0.088586888298913 -0.0681684195535586 0.0889099191927675 -0.00563709885731711
-0.0586717562665007 -0.0987177576258421 0.0994821777767773 -0.0221607059807552
-0.0246142930305254 -0.125678632219304 0.119433204217985 -0.0271505413097815
0.037560571204605 -0.123451892418381 0.135191306020532 -0.0196014842287284
0.108968564509224 -0.0947442015757642 0.113245048369773 -0.00228707065979625
0.150588007348145 -0.0684505282714818 0.104262243486915 -0.0178378682334215
0.16350962783345 -0.0183315233780896 0.0488786646969829 0.0442632562235429
0.1548432257593 -0.0367101632091011 -0.0431117894417133 -0.0282917429079527
0.113092765978771 -0.0883568933731893 -0.116594412209831 0.00839307002984227
0.060244265400616 -0.12495877591153 -0.119257451759796 0.0704335721191689
0.000585375050341309 -0.129542285422998 -0.0698913904450821 0.114575085382188
-0.0473259580173793 -0.113425006084432 -0.0236612171404626 0.106811486972587
-0.0807291589456001 -0.0812139692073879 0.00761822345307394 0.0804787871089604
-0.0826366642421937 -0.0716563776359735 0.0301128448437505 0.0476450166271206
-0.0938604185619349 -0.0581564486122199 0.0425799634015247 0.00304385635022333
-0.0993525287753009 -0.0919234169693528 0.0554216876190925 -0.0288371362100223
-0.0643717493072277 -0.127164213817873 0.0768698990290215 -0.0480818187335422
-0.0223275360538134 -0.16041385565688 0.109602716829059 -0.0439794790440721
0.0587857381218468 -0.152409019825799 0.128361128192752 -0.0200480927011276
0.143295891334497 -0.106425609185646 0.0874644870232224 0.0135128864615672
0.187674402059179 -0.0696134318171619 0.0399409111631585 -0.00393821265099486
0.176991182341364 -0.0153446046174167 -0.0247524104397438 0.0416125020121589
0.179732908967567 -0.0432000285951805 -0.0919163266029769 -0.0255699736452074
0.1344260571204 -0.111585668911937 -0.132465640319699 0.00726092790430428
0.0624676064810569 -0.156340515966024 -0.115764444201975 0.0567691595129205
-0.00598895344270105 -0.150535446286006 -0.0717758976831327 0.0774193936503388
-0.0559477223141317 -0.12755955037496 -0.0432214850225646 0.0641168381888423
-0.087332303200967 -0.0913715961156637 -0.0255916786579419 0.0433330393167197
-0.0835877932346138 -0.0797580108048203 -0.00832686108067632 0.0184339193116303
-0.090689490083823 -0.070813891594301 0.00366743522327221 -0.0234971279180432
-0.0908296691954127 -0.106428125774852 0.0203593402923506 -0.0547686990370471
-0.051541083489226 -0.140125781524289 0.0539715462753128 -0.0745076306357704
-0.00367166362095003 -0.170732167363623 0.0978626028218184 -0.0571366646474878
0.0796181408738574 -0.15294490473627 0.116461974403928 -0.0169515914327956
0.16229757204036 -0.0943085305173428 0.0582863288659848 0.0295612009562069
0.197113716619094 -0.0546548448779519 -0.0254765863561917 0.00654605368606876
0.160776817650872 -0.0105347478743336 -0.0987888411427509 0.041002272252369
0.17046515844252 -0.0423458374004768 -0.138520500058871 -0.0123326482258877
0.127596588500979 -0.113155208498151 -0.141605471874974 0.00874170747111185
0.0521754387427753 -0.154390306430731 -0.110131855846306 0.0398700909298077
-0.0120197654638341 -0.142580754580963 -0.0786939204465612 0.0359537882065008
-0.0552303762029911 -0.118522245841468 -0.0678583904607967 0.0218306861993666
-0.0796084584462901 -0.0859763769913225 -0.06041601045184 0.00720321108453196
-0.0718815826818021 -0.0771736774544058 -0.0438513987339504 -0.0126959408956398
-0.0742439909882061 -0.0737805467409294 -0.030812683388129 -0.0541568362617519
-0.0663010880904478 -0.109215088588963 -0.00682537262835067 -0.0851891696857476
-0.0257925772655004 -0.135128699130885 0.0377601607013206 -0.10018127661196
0.0241471313727685 -0.154873043057126 0.0887552202351156 -0.0671961374800071
0.0977855000046319 -0.124596112520075 0.101658639414795 -0.0128287969910512
0.162818276436578 -0.0604170295466318 0.0277407442701652 0.0366926018819532
0.180325011315142 -0.0248933815740362 -0.0835933170209458 0.00612929522440903
0.11587622219989 5.50181325727817E-05 -0.159879724044122 0.0419797863755958
0.130181701273253 -0.0280723356888528 -0.169667950046588 0.00689281839645596
0.0968307732371263 -0.0872719209866661 -0.142576710130142 0.0116729041322695
0.035276901615938 -0.118778058249296 -0.105447224583822 0.0232697205536267
-0.010450163039478 -0.106357854431201 -0.0887664624521687 0.00212082353346191
-0.0413269319550055 -0.0886467582185626 -0.0926452697704509 -0.0105893913303353
-0.058198086785727 -0.0673338403807709 -0.0904045794299255 -0.0220690328050583
-0.0488569855027187 -0.0620205038360124 -0.07216879081448 -0.0419102278977132
-0.0481311908927529 -0.0649282511249313 -0.0549904629755103 -0.0851895001242893
-0.035026307569322 -0.0930644716814185 -0.0200513159022475 -0.116884242064318
0.000753591331652992 -0.108033811569656 0.0358387299877325 -0.125170452727418
0.0448282993134195 -0.114540506752325 0.0873780260160466 -0.0753287743874324
0.0994992867340046 -0.0787335722215256 0.0868788724409381 -0.0116738927578799
0.138918788689609 -0.0203537524634798 0.00261457920122043 0.0308316736612248
0.137164756976788 0.00570356182700769 -0.126442896454737 -0.0060392908774998
0.0518826101678746 0.0155296941004764 -0.197267248278647 0.0419986280580487
0.0703937555917445 -0.0011086576303466 -0.181363213118943 0.0249457245210506
0.055076019492762 -0.0393820454917045 -0.139593198123252 0.0125611120965017
0.0195923131248741 -0.057757597518104 -0.105544397993748 0.0121399318847108
0.000599407296028224 -0.0514529335985903 -0.100108663633659 -0.0157453957632957
-0.0148906775566657 -0.047386901037038 -0.108831243793556 -0.0258558015867581
-0.0242992936953319 -0.0396790351104447 -0.108679952329078 -0.0387702913271365
-0.018980517006368 -0.0375096182382106 -0.0886584148883274 -0.0641618755189649
-0.0181933244407863 -0.0415720916063255 -0.0656065100092205 -0.112608732964358
-0.00774694263141587 -0.0582517252930476 -0.019549389682824 -0.143799107874103
0.0131844023380928 -0.0643547870513404 0.0445756873211597 -0.144358674556712
0.0441455783364444 -0.0639088817831664 0.0931887830050918 -0.0818583730310667
0.0776486122769689 -0.0330168918763336 0.0773583658244835 -0.0149758434390752
0.0909869604523328 0.0105550830294965 -0.00997496912637826 0.0162112063006886
0.0739776713919675 0.0266311299865182 -0.147619733817253 -0.0243534781359378
-0.00199368036377675 -0.0282652177395365 0.152215178688373 0.0127497241566731
-0.0291875343883526 -0.0161676011791162 0.0311103072764401 -0.0313791579140682
-0.0324585485360972 0.00944775050545581 -0.0773393314185169 0.00614568980415817
-0.0128793847581934 0.022377971901923 -0.109826529304211 0.074799605887122
-0.00738950271911089 0.0163617014428091 -0.0564904462513415 0.153263035138187
-0.00808269706704662 0.0124898913003274 0.0171766898079377 0.161846440093826
-0.00986112124044702 0.0132216855509575 0.0685436434738426 0.124886527199583
-0.0140503609657064 0.00808039794719441 0.104093926612674 0.0779285309545211
-0.018849083892772 0.0119624851417176 0.115670362687549 0.0366723887197052
-0.0254550611297961 0.00600135991674891 0.119294211102467 0.0170519761956388
-0.0204536333584732 -0.00253870789560326 0.111849518634248 0.00914574476241057
-0.0214068106920639 -0.00352079486155436 0.117667287496648 -0.00593170734271007
-0.0206716171976186 -0.0133843080625749 0.13197959719685 -0.0171742373997848
-0.0051442765982513 -0.0309642448664319 0.149920329342296 -0.0155479981386156
0.0132884608742847 -0.0305738389289099 0.186459313828967 -0.0381235075330184
0.0613006195087187 -0.0298540941170207 0.141611048608742 0.0291726969823923
0.0345907696059159 -0.0253902114094081 0.0221892858561662 -0.0226796745685765
0.0139648975282857 -0.0225013697552633 -0.0810179465352927 0.0125839681721317
0.0126810117663158 -0.0248747672569331 -0.110640171309859 0.0758114178785499
-0.00391367721854496 -0.0340579154934588 -0.0613041617480297 0.149039776373454
-0.0236701869326776 -0.0328969867090407 0.00724591255378098 0.155682076931323
-0.0391257756709925 -0.0207631351114519 0.057835925732081 0.12238744290457
-0.0453590778526524 -0.0210036937375913 0.0913485698165352 0.0763779612006078
-0.0537380377403661 -0.013194966742116 0.103619427210443 0.0318569800966528
-0.0609751416040342 -0.0313992847247761 0.109749925515213 0.00713423432925275
-0.0415233311775675 -0.0530695930143916 0.10961923770829 -0.00360484832220857
-0.0229112619266646 -0.0676223805898288 0.118060616300512 -0.0145064911177922
0.0105625051274388 -0.0707868894599759 0.129760218506297 -0.0212316698937705
0.0548008781856571 -0.0660328631966665 0.131128574912806 -0.0156466678789689
0.0851606205185398 -0.0537829058726143 0.152498126043227 -0.033338090314785
0.117080439586241 -0.0276548781152469 0.105284959928532 0.0375002604714762
0.0971632858879507 -0.0323913327091918 -0.0031295145457382 -0.0235284781990839
0.0634209379994796 -0.05534455986062 -0.0944259254543995 0.013036576921131
0.0377589206098319 -0.0742935813694215 -0.111827059075163 0.0758748461765979
-0.00114493967156418 -0.082767905655327 -0.0615881127558956 0.135732569880599
-0.0374138640553845 -0.0754105120411695 -0.00370832799864497 0.135811013928979
-0.0642439812055981 -0.0523246478383847 0.0387598373827973 0.104887443557464
-0.0699539173584782 -0.0464117893497935 0.0658449017697305 0.0646732385243209
-0.0799105150945252 -0.0340801711596762 0.0769432468043734 0.0183920373303036
-0.0886563776132367 -0.0605098142727833 0.0859473202103413 -0.00970403635136334
-0.061020339766941 -0.0927299139290383 0.0955210639552249 -0.0260177288501535
-0.0289698987384584 -0.119480657952358 0.113727600090174 -0.0298201098300553
0.0317118573543649 -0.119595312405894 0.127297735778909 -0.0240392910242781
0.101207240788732 -0.0953603023493691 0.108798364598087 -0.00578377052707984
0.141989079366763 -0.0706945250336341 0.100943291495523 -0.0214804385515666
0.154968006114969 -0.0249803891900308 0.0483473165600282 0.039709591073015
0.147280962641405 -0.0414345595228039 -0.0420772884436579 -0.0265059407141604
0.103476005882225 -0.0887050881204659 -0.111716882235063 0.0115519044104597
0.0522834231108637 -0.122426850081087 -0.111958359738503 0.0711655529147687
-0.00545369259995967 -0.123873831544125 -0.061673978061108 0.11201310930478
-0.0507456541254808 -0.106618305662589 -0.018389141377021 0.103204118526568
-0.0813561045167989 -0.0742262642248248 0.011455885437803 0.0766125657287797
-0.0832578624707117 -0.0650257292366628 0.031215540678042 0.0445090490260944
-0.0923036071748553 -0.0521243791241766 0.0409667706066165 0.000201069642309366
-0.100129578360438 -0.0834445829708224 0.0521404406781 -0.0304885056442662
-0.067529904152054 -0.119800063593397 0.0724477401920245 -0.0503588885861667
-0.0287506559460275 -0.153436940713765 0.103827249603761 -0.0452140654720904
0.0500487391954178 -0.148840869992485 0.12075209752644 -0.0248149067953513
0.133709368528481 -0.108150167539864 0.0841245882159042 0.00987169023964798
0.176450478403018 -0.0735828308014984 0.0398468495223978 -0.00520702252616033
0.16845706903666 -0.0223375588806493 -0.0220669838877938 0.0402022939478766
0.171210594140826 -0.0489042790701198 -0.0891553499821645 -0.0216345995943996
0.123376915548463 -0.111990127261697 -0.12751913911848 0.0111009226583838
0.0534676242347706 -0.15190101680987 -0.109700529712612 0.0582277514832561
-0.0132553330314445 -0.143912055199555 -0.0657369125365563 0.0763849886394066
-0.0604039909508361 -0.119493091945808 -0.0393408007880766 0.0628863206215957
-0.0878314171259408 -0.0835168066911954 -0.023013238189324 0.0425552763720572
-0.0844025753046609 -0.0733829036765153 -0.00695711639236515 0.0184480821773233
-0.089885029687487 -0.0641807111358315 0.00229631466813576 -0.0230965945170361
-0.093059097647503 -0.0979654869176433 0.0178398063567189 -0.0538680017924645
-0.0561147646994358 -0.132959898359879 0.0489764910376843 -0.0745032569067113
-0.011971848487223 -0.163733396770396 0.0918212355253156 -0.058073862722993
0.070601497947115 -0.149827948718716 0.109796400837429 -0.0220696358492609
0.152480034215767 -0.0969552471454105 0.0573354885458441 0.0261626765105469
0.186549556524875 -0.0598353575050073 -0.0228109235708863 0.00811562724462232
0.152889621079624 -0.0170550823825872 -0.0935002055822847 0.0430202100007888
0.162140515891148 -0.0475299745772712 -0.132683830418138 -0.0068124409184692
0.116879612938104 -0.113190118692592 -0.13537632550553 0.0129924025836177
0.0436856944486566 -0.150061362823373 -0.104227238321803 0.0419860634514676
-0.0178059116559409 -0.136175233845146 -0.0737234387536794 0.0369521564653623
-0.059099671470936 -0.110739586087328 -0.0653546821297306 0.0233864532735408
-0.0808023072865555 -0.0784473954558937 -0.0578999171363483 0.00960769142472863
-0.07285824823044 -0.0708368039275918 -0.0427209971878532 -0.0101622897467387
-0.0737047677427703 -0.0679464550783939 -0.0321691281021186 -0.0515594527248882
-0.0688451242722611 -0.101097791411575 -0.00984462016525542 -0.0817376928995282
-0.0308115701139542 -0.12846202434062 0.0323392432906892 -0.099040083597637
0.0156604919908683 -0.14942149885355 0.0833724872567792 -0.0676995973824474
0.0884386513689838 -0.12363818754143 0.0963289026506659 -0.0177325023875665
0.154127486240346 -0.064477288125696 0.0280577764229046 0.0337831290993449
0.170822150222583 -0.0311222553454951 -0.0788507977879306 0.0105786556757443
0.110563696554565 -0.00604911546371999 -0.152680935373993 0.0464747742124155
0.124097915204188 -0.0321080651660251 -0.162562272533726 0.0130530046049495
0.0887850563359292 -0.0872312376346528 -0.136436899460853 0.0161784913832866
0.0285507249106551 -0.114462360483731 -0.0995389063158468 0.0251620131290487
-0.0152238278367083 -0.101170342548344 -0.0850884309249396 0.00539966509076717
-0.0447208054019839 -0.0829661530093455 -0.0904411651416116 -0.00615122562788317
-0.0583390017525986 -0.0618610946426534 -0.0885736036880973 -0.0174355646643589
-0.0499027196662723 -0.0578154268524612 -0.0713084480558345 -0.0366801777388022
-0.0486200948059999 -0.0596437907086552 -0.0568620796534012 -0.0798500040956213
-0.0387138732612792 -0.0871998216675301 -0.0241237582857658 -0.11164370425389
-0.00388096998896606 -0.103969604802542 0.0292485688794988 -0.122540034371191
0.0376292811326336 -0.111834707565995 0.0815626835641575 -0.0754878935964051
0.0919482550312238 -0.079629677260797 0.0825712563225496 -0.0154449788452024
0.132323421818922 -0.0248953000464184 0.00394621269899211 0.0292387827092528
0.130951590335939 -0.000191522000428438 -0.12118535199569 0.000977317413148281
0.0497070600129848 0.0123916397880406 -0.188090698742198 0.0486567805187363
0.0669719282105593 -0.00428400845036323 -0.172578365806758 0.0308713513086763
0.0503577010622651 -0.0396092824687673 -0.13376011825683 0.0165437176529907
0.0164386456764108 -0.055646487811131 -0.100448145685986 0.0152152232875057
-0.0023995930086815 -0.0494321475402847 -0.0972226372564974 -0.0106620767997729
-0.0167068049949744 -0.0444834784441301 -0.107329133498446 -0.020376252638448
-0.0250721218873704 -0.0370758756963211 -0.106984634082247 -0.0322332481186205
-0.0202147581845211 -0.0354833237186223 -0.0880905442381534 -0.0573573620109606
-0.0189248797425832 -0.039205355512268 -0.0683129070195519 -0.104477770330036
-0.010464487914745 -0.0552667428496804 -0.0246136762476548 -0.136907009488663
0.00978965212683667 -0.0621786148041265 0.0371233389198643 -0.140331633316621
0.0387649147044679 -0.0627219883157424 0.0864395777152002 -0.0814314513788262
0.0728688871807568 -0.0351875189547829 0.0737329560115546 -0.0176322892935446
0.0877772643832865 0.0072910450088276 -0.0091235009308942 0.0154055497926899
0.0714472427835841 0.0222166098562327 -0.14172973383485 -0.0159057572798755
-0.00057712838657908 -0.0284698544279462 0.143935013763462 0.0176909527480447
-0.0275023209068914 -0.0169615722574265 0.0310526331504513 -0.0283449947755548
-0.0317632118089191 0.00803420627762864 -0.0741753673078586 0.00362407712720256
-0.0119502527738659 0.0209970620204876 -0.107872814805222 0.0681851991407195
-0.00586848154283511 0.0152972358790273 -0.0581466302694151 0.143606584331247
-0.00666016133430307 0.0118673819915037 0.0113040131280271 0.153706034115291
-0.00931263940338671 0.0131660860923153 0.0629334074120458 0.122087117278636
-0.0138490762175276 0.00788363032034272 0.0981729602078722 0.0757287567409044
-0.0180320321186539 0.0114678670824575 0.110154778614553 0.0371359984581459
-0.0245053106295082 0.00496770301862186 0.11441236063872 0.0185523628584805
-0.0189327155731995 -0.00393506635390473 0.107225385157333 0.0117772067491291
-0.0186038610327779 -0.0043546542593185 0.11133608142502 -0.00221499677240828
-0.0171319203851561 -0.013298109569034 0.124995284787413 -0.0108751555015175
-0.00163158786729971 -0.0299099703779877 0.144964149064611 -0.00795046389761991
0.0150678937382738 -0.0303560988134961 0.181193969679915 -0.0271747140982267
0.0611814629943506 -0.0267932527389865 0.133530802065464 0.0306457497187019
0.034569294069337 -0.0224664178979228 0.0216142287888396 -0.022144954274739
0.0144987799075681 -0.0200104220780951 -0.0787147662739136 0.00718564009693407
0.0144825575427043 -0.0222646110722564 -0.109687305217628 0.0668830258182566
-0.000274287230902841 -0.0325613457157218 -0.063907468998319 0.137852787236513
-0.020571810271301 -0.0321763457443844 0.00106742437049737 0.148221155388735
-0.0365167364158809 -0.0208522798376414 0.051928972695485 0.118776101687239
-0.0436620843435789 -0.0224003042770243 0.0862186145550708 0.0740262774215149
-0.0513185527197722 -0.0140779247620725 0.099478839346273 0.0313492828960273
-0.0585579667137203 -0.0323902411746878 0.106359305447563 0.00756605853750105
-0.0385371961436308 -0.0543330471512343 0.106472350314196 -0.00296756377795951
-0.0177929940980015 -0.0665720484865978 0.113978862174062 -0.0123256745863174
0.0148624962768913 -0.0678206736303337 0.124875944177968 -0.015015732824824
0.0571565850935407 -0.0619966431218663 0.127425303447772 -0.00789293644163649
0.0845516974078323 -0.0510873754552766 0.149702844002849 -0.0223672936113315
0.115388452090552 -0.0214718603350548 0.0995340252022793 0.0349341369665005
0.0954220053330054 -0.025775621284616 -0.00303280403144167 -0.0258758461438562
0.0638750586093776 -0.0484930084199831 -0.0928266463785489 0.00527133918921795
0.0401183825717892 -0.0680004836138564 -0.11188249099912 0.0645070222667326
0.00411863883891557 -0.0789471155645213 -0.0660966518067826 0.124071192381476
-0.0328314953140916 -0.0735599707835804 -0.010533124255762 0.128340863737492
-0.0596236671501816 -0.051857375466388 0.0323044944399521 0.101562581550066
-0.067030391431137 -0.0484780758996615 0.0611792628674773 0.062137401247854
-0.0761950116435949 -0.0358328057901894 0.0735245159683405 0.0174335353331718
-0.0851319071004736 -0.0617306474863297 0.0834727128351629 -0.0102192078962621
-0.056592216591918 -0.0936348464600221 0.0950076957041975 -0.0257708221864146
-0.0230378917953629 -0.116645321181426 0.111862709811298 -0.0287427111171936
0.0369622750902227 -0.114742067793449 0.124241489923086 -0.0191275222784026
0.102406806301379 -0.0891848943816136 0.106917161177234 0.00112909105200525
0.13854832670976 -0.0661841181255154 0.100565244789188 -0.0113613317299487
0.152412380541636 -0.0162059541224908 0.0454593392012509 0.0328051698037124
0.144399476952715 -0.0314120732632671 -0.0409600343045905 -0.0320092340633939
0.104568853357745 -0.0783634464100453 -0.110560260104708 0.00137913776998331
0.0558058461373966 -0.112908548656424 -0.113198637216536 0.0581212773457655
0.00190079676372639 -0.118022974270849 -0.0661563904989799 0.100721526686997
-0.044906089480929 -0.104093971177741 -0.0244118927793099 0.0963783225074248
-0.0758737692286926 -0.0743616113900218 0.0061016825498467 0.0733391923221391
-0.079960925841685 -0.0670480367373721 0.0281034070593953 0.0419592151811165
-0.0879344503067522 -0.0534258015172443 0.0391413474148677 -0.00144688698950069
-0.0964980480441385 -0.0836794704236289 0.0521603785829724 -0.0308391113844678
-0.0626998728441596 -0.119824962897618 0.0742915450979751 -0.0506737774733825
-0.0222561992293669 -0.149443503590365 0.10468392868684 -0.0455151224021289
0.0547748187792468 -0.142930157208782 0.119256260274577 -0.0198358828176774
0.133534417633714 -0.100591797001834 0.0834978079790238 0.0168093059545863
0.171508371156419 -0.068081536967822 0.0421645465071423 0.00213975957573662
0.165174211135781 -0.0121605938134462 -0.0219952063633764 0.0299450480682995
0.168339231303785 -0.0370979295092565 -0.0862140559725588 -0.0299459602975453
0.124570552926948 -0.0996570464670369 -0.125516625221735 -0.000846711062012175
0.0577922327506636 -0.141154698837089 -0.11052606169442 0.0450889728187124
-0.004415123974425 -0.137598768954395 -0.0698540536991852 0.0666022290878539
-0.0533648664693943 -0.116516301724078 -0.0434847953329205 0.0577003271848322
-0.0823191474308611 -0.0832586417162331 -0.026480735341237 0.0401667709269583
-0.0807183551340215 -0.0756133614145937 -0.00812939235911683 0.0161614789513597
-0.08502178443593 -0.0655367937081907 0.00267976234804127 -0.0242520453000162
-0.0889715674271616 -0.0974658199338582 0.0192794577318778 -0.0545637641603711
-0.0514490191364971 -0.132295225781864 0.0527301707709327 -0.0741985652340394
-0.00613368915915284 -0.158700152642707 0.0951938637548623 -0.0574099193125312
0.0742713093630551 -0.143227113970313 0.109242381742653 -0.0171721307049392
0.150860810276167 -0.0893113763880459 0.056318531944385 0.031090842252554
0.179968623449342 -0.0538579255668194 -0.0182919735294716 0.0115599587718838
0.150135848296845 -0.00760734154628847 -0.0905799143395346 0.0307469387628528
0.15993553657768 -0.0362823817776661 -0.128376635922858 -0.0174559627993366
0.118906218515122 -0.100523664464264 -0.133465035919581 0.000988642150865582
0.0490329805696836 -0.139477711054837 -0.104507463740615 0.0297905800652529
-0.0104208872251813 -0.129750148507702 -0.0763982939994805 0.0301842429465057
-0.053298268671583 -0.107815732114627 -0.0673291381109926 0.0195536725895448
-0.0754710694809489 -0.078470788416925 -0.0596446304860922 0.00772022496486424
-0.0688845284011226 -0.072870767506543 -0.041729109241852 -0.0112401768577495
-0.070293873614605 -0.0688890938999218 -0.029312494550321 -0.0511898300051243
-0.0656037096203994 -0.100330026518098 -0.00632648379283184 -0.0811724966427164
-0.027151065834089 -0.127278450196045 0.0379916041695606 -0.0969242708940283
0.0194985855480081 -0.143666940342593 0.0875309841815921 -0.0660178803127491
0.0905711481981522 -0.116358438352395 0.0959308591554835 -0.0122432249657943
0.150770375836019 -0.0571677369972935 0.0279451963733837 0.037027576105383
0.16426663371277 -0.0262056449202128 -0.0728356790622814 0.0112452831538565
0.108543958424408 0.00159767403635347 -0.147848818644847 0.0336852034889078
0.122354621887286 -0.0233607148332016 -0.1579514806128 0.00234116678064756
0.0906980507113626 -0.0778089699029122 -0.133424674658715 0.00537965909627691
0.0328543848529517 -0.105957193887626 -0.0990297497118905 0.0156697535814697
-0.00964733738509319 -0.0970333585402415 -0.0856207733130809 -0.000646472343249768
-0.0396620231002449 -0.0801654410217462 -0.0894855707540802 -0.00917118452579213
-0.0549162845445958 -0.0615248265023421 -0.0876379343639931 -0.0181535162586802
-0.0468196123578974 -0.0595110142262513 -0.0679067698091331 -0.0368081790062999
-0.0453253940850203 -0.0610288843393922 -0.052589109731023 -0.0791089387123869
-0.0361937977855859 -0.0864191714090785 -0.02005851180161 -0.108576044565892
-0.00175221724394336 -0.10241340240415 0.0347628025579341 -0.118507192234863
0.039009530465652 -0.107735790133777 0.0861875984429082 -0.0718156851026512
0.0927535236859891 -0.0740568835746014 0.0825922030659749 -0.0102354952987402
0.12866074522414 -0.0195274880803057 0.00392899314631271 0.0308694384166979
0.124371674765903 0.00263998875868893 -0.113448623447991 -0.000490540707497536
0.0486654506906568 0.0158789646627267 -0.182979636809065 0.036670136134104
0.0661653869320928 0.000808793401646922 -0.167146817648042 0.0205648680832192
0.0511310902621092 -0.0340477235336983 -0.129373177348794 0.00711288803562818
0.0180923062292216 -0.0507590535423532 -0.0976388262329562 0.00775056962456542
8.12449814724101E-05 -0.0463312870370848 -0.0942127202233835 -0.0148080192976383
-0.0149180675036589 -0.0421184923111306 -0.103578028643494 -0.0224502313143987
-0.0235383902143314 -0.0365924032228134 -0.103646276597401 -0.0334813713589369
-0.018407062291099 -0.0363903904097459 -0.0834452329046356 -0.0562164625132499
-0.0172383281497565 -0.0397599373247561 -0.0633917017265395 -0.102142540110702
-0.00937636842827732 -0.0547077959471733 -0.0201442465531174 -0.13206724307525
0.0111525777078117 -0.0609789290835096 0.0415438877860026 -0.134412919287815
0.0398532665411608 -0.0604466514101744 0.0891480908901967 -0.0765072505028335
0.0723828034068254 -0.0314600438351177 0.0732222133526175 -0.0127904453966592
0.0841990930474653 0.00970113477058961 -0.00905275833503654 0.0166180682415773
0.0668220870324925 0.0234768137407565 -0.13400256494642 -0.0191902605567471
0.000195955986794919 -0.0274102334136693 0.140693219159643 0.0178226691094294
-0.0269383062567845 -0.0167158903324088 0.0307604461869165 -0.0278418745916769
-0.0313331078870873 0.00788338193594952 -0.0730825338101791 0.00257917486824711
-0.011555558819433 0.0207129030858469 -0.107751686274123 0.0658578363637419
-0.00535269777904066 0.0152518957200758 -0.0579619708871775 0.139898689308028
-0.00683331201005782 0.0115233151116894 0.0114619663281224 0.151001870212883
-0.00915903972309545 0.0130410538401477 0.0624186968549513 0.119666474734535
-0.013848676857043 0.00813472086783393 0.0964861365425645 0.074009405409361
-0.0180668567951067 0.0111040084692919 0.108637383151875 0.036230109433412
-0.0240073856519505 0.00482214151050721 0.11320973288222 0.0185633951646304
-0.0184114729284565 -0.00441888293191286 0.10568944116052 0.0124590271897358
-0.0165716148295843 -0.00443524576669732 0.108985347340067 -0.000810369240196372
-0.0165789038822203 -0.0132216360812627 0.121576427146891 -0.00849312950290928
-0.00150299272789222 -0.0298549652182603 0.141718634185525 -0.00557026709531711
0.015662937249357 -0.0293659501399066 0.178513042679699 -0.0260412145180206
0.0603483160355549 -0.0256365220991888 0.130633102155664 0.030069536366737
0.0340212422882051 -0.0217502597542339 0.0215489918424083 -0.0222434017045613
0.0135943960919544 -0.019240898092909 -0.078084499284733 0.00583660841255553
0.0142255479408959 -0.0219275522240763 -0.109215880456317 0.0644291318744154
-0.000176651594293681 -0.0315620768511523 -0.0635311288236019 0.134166657102944
-0.0200802476260422 -0.0319159322513446 0.000663411371627897 0.144871322499364
-0.0363457089961969 -0.0207393899918704 0.0511136891977462 0.116568514727344
-0.0430581160133432 -0.0218478610368776 0.0842534820156657 0.0722116552130017
-0.0498577157847819 -0.014034185801576 0.0969425961928517 0.0303362567853897
-0.0576750708224286 -0.0312467921653194 0.104836362100783 0.00766094272347903
-0.0373930819951037 -0.0539598747502556 0.104917139870648 -0.00203619395583083
-0.0170693174213239 -0.0658670099007148 0.111920774133912 -0.0109915114760133
0.0150918837858346 -0.0664819092761237 0.121454556485503 -0.0128641850053703
0.0564943259928625 -0.0607073965356715 0.12500549545187 -0.00551118939233176
0.083800072694344 -0.0489300916694757 0.147740074217488 -0.0213314093539145
0.112375771746574 -0.0204815398415735 0.0966810447461028 0.0341226302679495
0.0942446092844995 -0.0247596083796188 -0.00276429636855845 -0.0257759102460614
0.061816737647506 -0.0466770173634519 -0.0911740527019965 0.00396567648272996
0.0394033723412589 -0.0668747797583171 -0.111137406819937 0.0619967313521405
0.0042571675034644 -0.0772925551964415 -0.0648019376276851 0.120510001400973
-0.0323708079699993 -0.0723205196880514 -0.0103810910485486 0.125395259236623
-0.0588531843911919 -0.0512615311896973 0.0316011016052691 0.099341923377365
-0.0667205236791436 -0.047544751396227 0.0601690974556168 0.0605139712698312
-0.0747048867482525 -0.0354852297235728 0.072169366345378 0.0167589399878187
-0.0838708547110224 -0.0604250705363523 0.0830510530617611 -0.00987032354710555
-0.0551485336574039 -0.0923752869062056 0.093574118885865 -0.0253241219749728
-0.0222634891181516 -0.115182242437319 0.110486932025743 -0.026660070474236
0.037264278953499 -0.112594027572183 0.120423794077962 -0.0174601305213687
0.101685792286163 -0.0876040265892449 0.104856952315148 0.00298149393718957
0.136526203240793 -0.0631935471092622 0.0997981892935042 -0.0108479741722727
0.148704422569385 -0.0151220744992669 0.0438466053033688 0.0312054221783964
0.142330351125993 -0.0299972846995836 -0.0392556260718127 -0.0323870685738769
0.101589345596478 -0.0756648732229973 -0.108314064907609 -0.000340643278087142
0.055599192724148 -0.110263441246545 -0.111399624935496 0.0551326562695661
0.0027410701609976 -0.115520990708326 -0.0654678842463546 0.0975152475809096
-0.0445168378597875 -0.10211569176538 -0.0245161658521973 0.0946395838125469
-0.0747837008742996 -0.0727991557435665 0.00485334209975422 0.0718325072008855
-0.0789017343446085 -0.0662001044579736 0.0279105123878907 0.0409845706150373
-0.0863316158260314 -0.0533209116932867 0.0385819935753458 -0.00163143739682584
-0.0946831531016524 -0.0818335454986621 0.0522923938832981 -0.0308810807124644
-0.0617486245767065 -0.118708162057822 0.0737984138996443 -0.0494140938109349
-0.0222475607814102 -0.146953562856512 0.103355083771473 -0.0430445945781359
0.0544767842229042 -0.139826992631943 0.11563313614157 -0.0186471532589863
0.132620979250893 -0.0984093499551712 0.081578665948157 0.016495132002999
0.168862542022407 -0.0649657171271816 0.0419919786449886 0.00197187582555055
0.16091393840535 -0.011012768240665 -0.0216657227379772 0.0282862530377063
0.165544456085426 -0.0353962515100772 -0.0842395924033975 -0.0303507024936999
0.121859525134874 -0.095728289991112 -0.123144070496218 -0.00241124020100828
0.0571670826684972 -0.138218283028856 -0.10884146018316 0.0422828228769838
-0.00429301249606184 -0.134886615563431 -0.0683147808675941 0.0641641101016147
-0.0527970608881674 -0.113567453333308 -0.0439348077569248 0.0565890357020868
-0.0809778223645177 -0.0817342614895162 -0.0268989938835133 0.0389653137958074
-0.0795765529633928 -0.0745045980515795 -0.00748427171602841 0.0160110795439223
-0.0835848060302108 -0.0647785601801881 0.00273899057748375 -0.0243148919102152
-0.0878183985753765 -0.0955054146550424 0.0199116501429381 -0.0540338767329914
-0.05025710119181 -0.130727116023692 0.0522200880737082 -0.0731976162699359
-0.00626106652357554 -0.155814432551179 0.0942267014578049 -0.0554891258231675
0.0735117336777131 -0.14008220966815 0.106121548599984 -0.0156823852056744
0.149095509986749 -0.0869722966697222 0.0550982424515812 0.0307688625205826
0.17650788524806 -0.0508840042579792 -0.0170919814115075 0.0113807451838798
0.14567921104046 -0.0072316215273439 -0.0886562774779873 0.0285484318403399
0.157495991662212 -0.0342429621768099 -0.125361847960905 -0.0184201495343546
0.116589478050254 -0.0970605685497783 -0.130849770542733 -0.000239326525100445
0.0483232775814816 -0.136817108293054 -0.10254683769026 0.0275025638959335
-0.00991761487729049 -0.127560693390944 -0.0745154199524032 0.0280649804781959
-0.0525115374148528 -0.105570672032369 -0.066952577749284 0.0194145695267387
-0.0744010898903941 -0.0766342558538257 -0.0597083786724688 0.00753778627488906
-0.0680054847097236 -0.072005471747515 -0.0403467869087518 -0.0106793729051182
-0.0685031955003324 -0.0684120492116317 -0.0290541767175615 -0.0508206799487523
-0.0648649376703224 -0.0986861711466932 -0.00561340772198566 -0.0796385451669438
-0.0266988147986225 -0.125338529495279 0.0375112074660549 -0.0959083761439235
0.0186601712681683 -0.140845051198388 0.0874062359378101 -0.0643107120630632
0.0897230485765917 -0.114228748949746 0.0933026424838209 -0.0118368529436652
0.148813436518304 -0.0550645990110262 0.027109181798093 0.0365686695838702
0.161020833380307 -0.024280692230974 -0.0706319523492666 0.0115201131027074
0.105323083802834 0.00169282704647669 -0.145421071541924 0.0311010101893202
0.120408534779122 -0.0220163183900861 -0.153449461773303 0.000703831468000051
0.088705334444158 -0.0749259001873133 -0.130660500674199 0.003944815983232
0.0323551962374427 -0.104283203246441 -0.0967136040111964 0.0138678140764153
-0.00956075234413901 -0.0949736929867048 -0.0833254760653105 -0.00110458971086174
-0.0391990082044232 -0.0786173075334743 -0.0888770501611268 -0.00887822816185782
-0.0538152917120015 -0.0606523674689876 -0.0869424676211595 -0.0178146881505505
-0.0464741499506534 -0.0585345417096517 -0.0666012118699551 -0.0359164198928357
-0.0445752892430346 -0.060057515001 -0.0516705281413986 -0.0771350493098132
-0.0358695746789299 -0.0842824319141871 -0.0189680527176197 -0.107510633074581
-0.00128303863811593 -0.100599915859658 0.0346461046572224 -0.11612786205072
0.0383799714436433 -0.105627578445823 0.0858212180254338 -0.0695259482579376
0.0910890927938227 -0.0718700220099056 0.0804405755504219 -0.00982077622195397
0.126367944242752 -0.0190517571617804 0.00332206935692465 0.0306634801478319
0.121772183937144 0.00319876517030993 -0.111033751097584 -0.000173954348076913
0.0469700551579497 0.015507887750565 -0.179658932143155 0.0357015445562306
0.0647398302435212 0.00113430174341832 -0.16370014068452 0.0186180873632362
0.0498592174742284 -0.0330730442352578 -0.126604824307244 0.00577358509272236
0.0178662571005296 -0.0496090706645678 -0.0951224943768424 0.00653999528065863
-0.000244505458021996 -0.04556050099418 -0.0922507696122955 -0.0151570206702415
-0.0141482366266008 -0.0414373689121481 -0.103007596547981 -0.0221834619688791
-0.0231439451135169 -0.0359256537029514 -0.102842625963544 -0.0318929853299962
-0.0179225185845388 -0.0361095087249085 -0.0816174408920275 -0.0548963071757774
-0.0164257724573649 -0.0396290647235329 -0.0621972444696267 -0.100477275021824
-0.00937831261978049 -0.0532446614064866 -0.0194876903671521 -0.129995119470611
0.011271387732163 -0.0599160026993689 0.0409780726745665 -0.131759457515669
0.0387352089441658 -0.0589320830131228 0.0887835839539793 -0.0735722400661929
0.071167847573767 -0.0306371435476502 0.0720775631846255 -0.0116693510254046
0.0822540929304689 0.0100304905044842 -0.00867386173536049 0.0163119022957287
0.0645150885535311 0.0231986193854741 -0.130618072295737 -0.0181459350300212
0.000767876299718064 -0.0270807851974762 0.140690645905514 0.0179475785624094
-0.0263473334376985 -0.0167366479439478 0.031086781757596 -0.028321614934884
-0.0315070014711728 0.00792254614849473 -0.0736871586039321 0.00220896561808125
-0.0109094019777484 0.0201976404417953 -0.10972228871468 0.0660439553615682
-0.00492747379820422 0.0151237915493367 -0.0590840575244911 0.139851852045868
-0.00664491464603419 0.0115060271225647 0.0118151417254403 0.151350811200164
-0.00932410743465916 0.0128363185719175 0.0629482983066179 0.120753921866298
-0.0139614978550962 0.00786763768291763 0.0969283756588194 0.0739435355256537
-0.0179195341986151 0.0117494523310794 0.109616136216239 0.0357135616869132
-0.0242445191276308 0.00543014699314179 0.114924407822535 0.019442775373769
-0.0186278534267086 -0.00445704828654268 0.106860516901113 0.013615461974004
-0.0169611197251572 -0.00499041628258024 0.109208937585926 0.000281007964131325
-0.0158146267473993 -0.0134132861357924 0.121356573862126 -0.00695812531786815
-0.00102050677631412 -0.0300927537005424 0.143220068570152 -0.0037220503267048
0.0168289192832573 -0.0291769851135482 0.181154058314158 -0.026071621921715
0.0606997451254002 -0.0253147702125812 0.130609285088561 0.0299335952420394
0.0349898988359302 -0.0218105644180777 0.0218358879317494 -0.0231596929432185
0.0131577131253196 -0.0188466699235795 -0.0786811381388707 0.00527814432323862
0.0143893304472851 -0.0224880251855902 -0.110718749675594 0.0643640526669381
0.000206824137586959 -0.0318711644032989 -0.064748575479072 0.133616919727431
-0.0203119108290026 -0.032004428868922 0.000641311729787629 0.145509045144936
-0.0361961046815377 -0.0207037536257343 0.0517274886541516 0.116760695209731
-0.0438881923511684 -0.0219928999245626 0.0850232850125968 0.0719359345275454
-0.0504252802667782 -0.0142509036507437 0.0978095459515415 0.0296472793106317
-0.0582673003091169 -0.031608995043387 0.106389503636894 0.00789554688924196
-0.0379550977003426 -0.0553480390852074 0.106598304707198 -0.00142703391818214
-0.0167463337461404 -0.066532036655437 0.112625096983949 -0.00914231926722366
0.016054226364437 -0.0669632831725851 0.120730124731059 -0.0116877854814898
0.0576526336324335 -0.0613820068823325 0.125723137010481 -0.00352431156826466
0.0847464398827402 -0.0487042910214347 0.149985098291714 -0.0217644073027752
0.11305114724242 -0.0195650887468046 0.096966985035506 0.0334294827800608
0.0954576569182672 -0.0245276596854795 -0.00187341018249497 -0.0270628233012083
0.0613508256200187 -0.0459975270592761 -0.0915750910038887 0.00297373791823333
0.0397508809786109 -0.0675160814200222 -0.112686426788583 0.0610033546138912
0.00501809284622207 -0.0775633861304051 -0.0663036440541025 0.120581014981151
-0.0327982665562393 -0.0724024566181672 -0.0110352029374833 0.126413397220406
-0.05925365639733 -0.0518643061610308 0.0316177299062605 0.0992971454220407
-0.0676448425143673 -0.0479009104714074 0.060621299652989 0.0606051734992354
-0.0749475196806027 -0.0362175455764971 0.0723495312958853 0.0160238395063572
-0.0848165001719034 -0.0607339530036694 0.0840116981910071 -0.0106317867493921
-0.05575382270718 -0.0942719440521527 0.0951577772822652 -0.025161029770014
-0.0225093598331884 -0.116361784446604 0.111776269565579 -0.0257889967198502
0.0380492025475268 -0.113409475198965 0.119502050772134 -0.0160938682762322
0.103417131774878 -0.0881412022804211 0.105099226760953 0.0033454778221061
0.138135028143897 -0.0627010340528476 0.101496622851105 -0.0108075951974104
0.148899512203683 -0.0144355073193263 0.0437184392743058 0.0305286572406173
0.143682128971745 -0.0297745351423904 -0.0388444455783363 -0.0332130349468493
0.101745127201331 -0.0749459538154024 -0.109295972085857 -0.00112787358365971
0.0559766044160536 -0.111232059395043 -0.112986004743721 0.0539009838843749
0.00244028562546908 -0.116414419426631 -0.0656074906925291 0.0970418569164207
-0.0449404513438079 -0.101911064024746 -0.0252175358358984 0.0952408666459022
-0.0758605352755101 -0.0732564772945009 0.00441509593040881 0.0723297377757126
-0.080294613831334 -0.0667425682393919 0.0277317574471679 0.0411859993981935
-0.0863033244543216 -0.054046232478278 0.0384706020269056 -0.00257769793961274
-0.0958141611531693 -0.0825020664536143 0.052937766139884 -0.0312881534846096
-0.0621518227105162 -0.120191279292581 0.0740705262149392 -0.0505346249066037
-0.022502022750015 -0.147860710798479 0.105155570062277 -0.0420512937004101
0.0558989964619653 -0.14058542547954 0.115232544282149 -0.017679142873892
0.134551310102389 -0.0989626472388718 0.0820298382097038 0.0172387966684173
0.169397857653287 -0.0638036364469766 0.0427365228941106 0.00220694607039934
0.160737070059125 -0.0105698819558937 -0.0223438858538634 0.0272848142294994
0.167476523322133 -0.0350146947607433 -0.0833317410291078 -0.0318678288034299
0.122368757364121 -0.0953327506878509 -0.123072566602135 -0.00325287116782639
0.057842987790474 -0.138547011123589 -0.110286012797183 0.0412153241507901
-0.00386338596503375 -0.135683232488902 -0.0684045711315042 0.0635817594519168
-0.0533711042853304 -0.114489945577523 -0.0443959827475426 0.057232662782936
-0.0822125217559959 -0.0822605410534068 -0.0277186290654428 0.0399352265240659
-0.0813955787343662 -0.0754449226562761 -0.00728426208610501 0.0161547329047554
-0.08388042320263 -0.0659675748480462 0.00235781767141345 -0.0249219276706734
-0.088645549519312 -0.096307416669129 0.0206863669819406 -0.0547342251472947
-0.0513417610937991 -0.132112054249661 0.0531743388830761 -0.074320147017004
-0.00684533672255331 -0.157184591854496 0.096018385238765 -0.054996737564497
0.074443612241938 -0.140686588211121 0.105630753060004 -0.015361811445623
0.151502664481747 -0.0873826445193276 0.0549568192213326 0.0311348382294979
0.177074004805194 -0.0499779125755807 -0.0166016415993425 0.0122209652942457
0.145678325532937 -0.00682382085950086 -0.0901833699269454 0.0274774072141513
0.158638387476281 -0.0345622831335548 -0.125770841272169 -0.0193405729679467
0.116752509942893 -0.0966678802042822 -0.131065928754883 -0.00162696308866285
0.0487057637709877 -0.137213150641333 -0.103280978050139 0.0257256647038057
-0.0102992472174573 -0.128760321736717 -0.0746903484653602 0.0276095427716549
-0.0530460420742725 -0.106116911632382 -0.0681416167675933 0.0197262626809794
-0.0753805863328518 -0.0770981949426577 -0.0609457746839987 0.00827460797733614
-0.0696016871615819 -0.0725617238120511 -0.0404614970853548 -0.0107110111077815
-0.0688652822992147 -0.0689886061403635 -0.0297915736895453 -0.0514050900628683
-0.0657029653776585 -0.0991200952549296 -0.00545521558071461 -0.0808654788668546
-0.0272124284006421 -0.126742627332051 0.0384109297242361 -0.0966825731132907
0.0182995075599444 -0.142019441620828 0.0892957687399694 -0.0634527601955969
0.0901692862389773 -0.114825267689111 0.0935075312766492 -0.0112852128044121
0.151077598193055 -0.0556858460131312 0.0267518735475284 0.0368738603125454
0.16118129246192 -0.0236300604809535 -0.0707037488253148 0.0117832294879453
0.105120559992929 0.00168279089787911 -0.146678826571855 0.0306490099597637
0.121090389284303 -0.0219505196776374 -0.153839973008614 -0.000186134209376784
0.0892755189286219 -0.0748282449691522 -0.131564293180508 0.00259867076240017
0.0323411281059806 -0.104343335988993 -0.0970908779852245 0.012486292500867
-0.0100353820138991 -0.0957070813882717 -0.0834511650799858 -0.00204571685743448
-0.0400824524535169 -0.0790581288628306 -0.090457962925213 -0.00845473361508745
-0.0546111960479949 -0.0606546901015169 -0.0880686034647959 -0.0163731793056714
-0.0470957316812679 -0.0592856767892757 -0.0665073054333051 -0.0355438393399415
-0.0446067580279446 -0.0610003929620569 -0.0523945752528724 -0.0783316379323947
-0.0361996812758573 -0.0852461279685121 -0.0187472386682775 -0.107623263295136
-0.00198700329830241 -0.101179795713357 0.0355540031681119 -0.117089451257285
0.0378924322960358 -0.105301418874078 0.087490937360268 -0.0694849493154225
0.091326495883121 -0.0723127307597424 0.0808808258622088 -0.0090422149189186
0.127797133074158 -0.0187431857009548 0.00293387460155737 0.0308283229933269
0.121205667989592 0.00384500480474869 -0.110930672316883 0.000724567443730685
0.0458285248268868 0.015485868102902 -0.181161661085481 0.0345832062358148
0.064794015404127 0.000884469346777546 -0.163710119402021 0.0187712013544051
0.0508384965212836 -0.0327603147924857 -0.127375992065746 0.00464706925177806
0.0181089086515043 -0.0493345092482827 -0.0954403193804374 0.00511793379047156
-0.000659143024423572 -0.0458936621549973 -0.0928899872990856 -0.0161727137826074
-0.0146863471854602 -0.0410925757460072 -0.105007081770203 -0.0222311856144071
-0.0231664099843838 -0.036645180557534 -0.104376590495816 -0.031032071342474
-0.0183652811342103 -0.0366340603238061 -0.0819604147003976 -0.0548938642111709
-0.0160659972278541 -0.0404232945996961 -0.0626030925824544 -0.100131206860199
-0.00899384356300109 -0.0536953123521777 -0.0196363358966448 -0.130668106283563
0.0107680951219801 -0.0600107307044582 0.0416453496383575 -0.132916389979593
0.0389155537726241 -0.0593206854548747 0.0902091153759943 -0.0735496358703204
0.0709488868947271 -0.0305741213910997 0.0723527300715225 -0.0114292988185025
0.0827377912611334 0.0102527402065158 -0.00934733773293189 0.0166444370988563
0.0639729280632368 0.0233307351119558 -0.131595384337295 -0.0173124267846891
0.000489647730245914 -0.0271848187381934 0.143893405905098 0.0159461416563522
-0.0267159955730956 -0.0167497940637908 0.0313802938600566 -0.0303911405709263
-0.0320538565001334 0.00904527511737958 -0.0764272548460871 0.00265961451574808
-0.0112037267799879 0.0202751501255298 -0.112373256015515 0.0688538048258854
-0.00474686744673258 0.0153762226652635 -0.0593225585401885 0.143252319225434
-0.0062933192334189 0.0118312046261822 0.0152120157881456 0.154317478688193
-0.00889931624596033 0.013098411408165 0.0675973360578878 0.121506630626395
-0.0141008773432068 0.00819684462998103 0.10073495907862 0.0734962695267978
-0.0182063873552836 0.0120206267709108 0.112728957937527 0.0340032635567968
-0.0245712809593605 0.00566570665434091 0.119329770398584 0.0172409052164483
-0.0192092004185596 -0.00518121879148591 0.1102860825864 0.012692641658465
-0.0170679425686306 -0.00520499252931971 0.111934020755718 -0.00058596959591806
-0.0161984693262673 -0.0135009659848206 0.123088379589805 -0.00739029106726787
-0.00155286857949419 -0.0312396412270619 0.146215471796581 -0.0042488073650076
0.0169344919544358 -0.0297898718143366 0.185866821255328 -0.0305087683984952
0.0618847085518937 -0.0268042681791374 0.133696786589622 0.0278283432980273
0.036031663326352 -0.0234053577504327 0.0227913208602418 -0.0241524677306823
0.0129221328949969 -0.0189314827914525 -0.0809640836206742 0.00587453940396881
0.0144040411341021 -0.0238054994135051 -0.113482401603789 0.0671504185064875
-0.000147832789407338 -0.032590492096738 -0.0642178261210186 0.136873466121127
-0.0215334317818788 -0.032286222482751 0.00393766210416652 0.148664172921979
-0.0377936077246346 -0.0208044384426827 0.0553674127805453 0.11834631332611
-0.045926577002857 -0.0218563419001164 0.088088049813473 0.0716748306466998
-0.0516336370124378 -0.0135290164290368 0.100350329434951 0.0280950074990018
-0.0606092661979719 -0.0313468238220603 0.109888533685925 0.00578280058428346
-0.0397159537967547 -0.056893016299154 0.10966617158392 -0.00300342255692794
-0.0184856801227092 -0.0678561776629953 0.115308528023792 -0.0106825750655285
0.0158965245807197 -0.0689913306749623 0.122069235308568 -0.0125384435114243
0.0588036453497675 -0.0642602469529647 0.128404741580566 -0.00535763472911794
0.0863798877171466 -0.0507055111364863 0.153836923104241 -0.0253324667718851
0.114994457949969 -0.0216104168935775 0.0989585142552826 0.0320297957597498
0.0981373001116049 -0.0267545455637059 -0.00154109579241683 -0.0282708775118469
0.0615463647024577 -0.0473745249975323 -0.0939402578419171 0.00408180131730233
0.0395851422835865 -0.0701086761375562 -0.115572939574252 0.0633406561493798
0.00348950868492387 -0.0798866197825343 -0.0657117354283293 0.123343736662505
-0.0352632197228845 -0.0733414605405052 -0.00932857311804385 0.129084164792987
-0.0621173585420287 -0.0513768313042575 0.0341528358281702 0.101201909670671
-0.0707718329306171 -0.0475900025408967 0.062915627621696 0.0600948429471791
-0.0776649530119572 -0.0358311287302676 0.0741215264355421 0.0144980680754423
-0.0884593599735349 -0.0600828098691085 0.0869563097869691 -0.0127281266920679
-0.0590428691464594 -0.0959814972689087 0.0977129235832978 -0.0274179282741016
-0.025169882754134 -0.119126311884949 0.114449084278327 -0.0274795844712268
0.0374600345143805 -0.117096378676899 0.120544147299954 -0.0170307291106938
0.104853501888031 -0.0925455324449365 0.106966863933905 0.00282404741923296
0.140630728767098 -0.0659009957229652 0.104594913773181 -0.0133734386841093
0.151171744161363 -0.0166809113584335 0.0447743767513814 0.0296407820686207
0.147523980831242 -0.0326282083553441 -0.0392509078893368 -0.0341295658987649
0.10230052655667 -0.0773746223170953 -0.111205350269596 -0.000519755789131089
0.0548046459086675 -0.114633587193281 -0.115512993805244 0.0563940086748824
0.000751373856119436 -0.119214171763731 -0.0654886726792905 0.0997864394623847
-0.0483381450199347 -0.103393205967393 -0.0243067647646343 0.098195837390216
-0.0793923341354638 -0.0731160872999366 0.00519036153126067 0.0736797960607308
-0.0845560189009625 -0.0669787516494134 0.0297249992491546 0.0411753468992268
-0.0898029907428376 -0.0541562621077007 0.0386275956561314 -0.00391810166139963
-0.100179494117341 -0.0823924197163061 0.0543734343325972 -0.0338432728443234
-0.0663088454512917 -0.122581826143159 0.0757138382670997 -0.0528713590850086
-0.0262313215182141 -0.151092914190231 0.108003250611715 -0.0441174689465376
0.0551007578898404 -0.145197928480852 0.11655239646226 -0.0185912555888953
0.136383723063273 -0.103824013744132 0.0833890795355166 0.0172728585292487
0.172790181294208 -0.0678441728338312 0.0448129046938582 0.00199818484614103
0.163479408589616 -0.0132209535537833 -0.0229797261505242 0.0272550448680494
0.170938259892606 -0.0386183896115491 -0.0844080329593614 -0.0319805901937437
0.123123221504307 -0.098111727838834 -0.12563285858456 -0.0023069902596716
0.0562997553150737 -0.143096007319395 -0.112625886573916 0.0425650923188985
-0.0070200913613118 -0.13922043710172 -0.0685125094334837 0.065661966325511
-0.057291621917946 -0.11570961067977 -0.0449933155264806 0.0593014088406875
-0.0856331709798617 -0.0820664687855737 -0.0281155998457625 0.0417818625652467
-0.0852357116111105 -0.0753198928097659 -0.00714373389547884 0.0164397388233583
-0.0873028636851698 -0.0665018854035867 0.00184377984152758 -0.0263860941008216
-0.092861783722826 -0.095981152735846 0.0208521287949317 -0.0570974671571187
-0.0554658987819884 -0.134829664703532 0.0536521823268863 -0.0771442755215061
-0.0104643217855429 -0.160417114736242 0.0986304561493111 -0.0571764784164641
0.0738432587151432 -0.145483630158361 0.106885402337029 -0.0168594327296927
0.153738024338063 -0.09217866339936 0.0561048781083702 0.0310957689055266
0.180317841283327 -0.0537438558445203 -0.0159079068256107 0.0131820408566858
0.147767678011174 -0.00928816722543833 -0.0918340182892504 0.0287690993207074
0.161909216097917 -0.0380532614912096 -0.127141535909489 -0.0184374081956984
0.117703710084185 -0.0997568389954927 -0.133466843467777 -0.000636217141767176
0.0471871000277787 -0.141312188504876 -0.105554898888755 0.0267668549777953
-0.0131152790639385 -0.132254418049781 -0.0750329815251277 0.0282259506944638
-0.0570546514665508 -0.107004669973212 -0.0695818554182897 0.0216992458388219
-0.0788196776248729 -0.077399578446025 -0.062557129348192 0.0107744850104921
-0.0736558847448109 -0.0727888757881313 -0.0415174118476035 -0.0101786244765274
-0.0717871541151806 -0.0702236318623706 -0.0316373558843905 -0.052394719769954
-0.069694432394919 -0.099544690003639 -0.00651857716181945 -0.0829762208998134
-0.0309880803902257 -0.129608718127936 0.0382032701267647 -0.100350127254433
0.0155920008358082 -0.145176262290618 0.0915607978220116 -0.0663319942839169
0.0902413964096498 -0.11896061787019 0.0942382228346335 -0.0130901376351558
0.153955603160517 -0.0596011525143098 0.0276178714931698 0.0368424097945067
0.163818339050081 -0.0264474104666406 -0.0710424690496352 0.0145723022439783
0.106239412397105 0.000186540392582514 -0.149940321535874 0.0333036801317419
0.123468984610489 -0.025033484905189 -0.156607732672154 0.0020264770534054
0.0894544779236539 -0.077115872275932 -0.133739181167125 0.00365186786557316
0.0310182624262882 -0.107155185324534 -0.0990755240562711 0.0130367819663048
-0.0126942583676172 -0.0977324204316488 -0.0853459324498813 -0.00159948651244875
-0.0430171172601649 -0.0795232355195073 -0.0931989320806845 -0.00691775083806076
-0.0576448112545027 -0.060540409941538 -0.0916387381923849 -0.0135769174133202
-0.0503487795127351 -0.0601321342028813 -0.0687425876146074 -0.0349985833765383
-0.0469923196972335 -0.0622184975942969 -0.0552853312502365 -0.0788494357246463
-0.0386245520465327 -0.0862225839426757 -0.0209163347729497 -0.110213207021992
-0.00445446131941226 -0.103698723768759 0.0343506879234774 -0.121312758638313
0.0363114120884182 -0.108296024605262 0.0895367103025261 -0.0727451602007484
0.0917860554288489 -0.0752120022252192 0.0821005039523953 -0.0108544942221026
0.130385532173192 -0.0215934500546303 0.00315844126061257 0.031504556819202
0.123339241448279 0.00216527664269154 -0.113111147378967 0.00377468922586128
0.0465334588573721 0.0149613678907717 -0.184766116780336 0.0386151825588553
0.0661956612130095 -0.000138575324981976 -0.166116909369251 0.0213459347603797
0.0505453868116185 -0.03398686951588 -0.12912604076623 0.00593667649667532
0.0169766189198721 -0.0504360011565712 -0.0969651111240795 0.00544276089115384
-0.00222558485191207 -0.0464924654409255 -0.094989534766709 -0.0156895488857283
-0.016029446115062 -0.0413202998427029 -0.108315432752265 -0.0199044614250762
-0.0242357460168048 -0.036557445083856 -0.108222841842989 -0.0279382871650086
-0.0201286414400351 -0.0374069404908063 -0.0851354833528072 -0.0537730083368711
-0.0175554536658456 -0.0414152952370055 -0.0664914502857087 -0.101069606058949
-0.0107162058982201 -0.0545355228018247 -0.0221258301327133 -0.133371023984872
0.0099692882559831 -0.0613996265685315 0.0403157134429915 -0.136416975960356
0.0384964042785291 -0.061005495741545 0.0923328436023209 -0.0769550356996253
0.0721625672768412 -0.0321547390442166 0.0739087445768212 -0.0127302802424031
0.0849567323133616 0.00924614318015645 -0.00995023606429771 0.0175909486019304
0.064782073355246 0.0228487565738954 -0.134075737276523 -0.0134713996306347
0.000182464956538855 -0.0272474550237719 0.146092903130016 0.00914167977309992
-0.0276250052413509 -0.0160492571371116 0.0309335552540731 -0.0324896541978372
-0.0321062342776333 0.0107108451178133 -0.0774390568514943 0.00647426685578743
-0.0100228056469793 0.0204310352263123 -0.11191874339413 0.0760005695092985
-0.00392493711899632 0.0154329553293818 -0.0546021365135107 0.147702911581159
-0.00551814763102154 0.0119040958550548 0.022649767865242 0.156238498615464
-0.00836570365490425 0.0132850373648598 0.0748677603807401 0.119930205714189
-0.013859829188878 0.00900958818326743 0.105569280159361 0.068863085290439
-0.0177630692559891 0.0133530491668484 0.117067761915412 0.0291342322711921
-0.0248698018434041 0.00717146790255122 0.123142701660186 0.0116735448379415
-0.0195356009101358 -0.0052023107008367 0.113875350898224 0.00884046440381513
-0.0173121387791918 -0.00467267113875469 0.113460419845568 -0.00510247678518367
-0.0167912383207398 -0.0135200233598079 0.12381700084372 -0.0116764611392116
-0.00271586881733897 -0.0324406515438321 0.149133639005957 -0.00979384509900307
0.0168335219316713 -0.0315065717618931 0.188807139545651 -0.0401736622921596
0.0615070663763461 -0.0294918754135651 0.136383690067874 0.0219434126367845
0.0364216901887288 -0.0260711723165375 0.0223521569410567 -0.0263940564177484
0.0123264526254639 -0.0194353029198278 -0.0823455336712091 0.00953668577726654
0.0131152305514736 -0.0255146684372373 -0.113344758079536 0.07343950096557
-0.00156558666680808 -0.0336933315576958 -0.0599898034566442 0.14211788757024
-0.0234481733760221 -0.0321811293979111 0.010776092912279 0.150536433531557
-0.0397760553963729 -0.0194209518921903 0.0621253035535128 0.11711437310588
-0.0482240330056685 -0.0199814427089233 0.0934967073144525 0.0681564462858792
-0.053410144510131 -0.0116272782275212 0.103911845152627 0.0226702484656007
-0.0633573352108956 -0.0288024475810317 0.113574503239053 -0.000122183144906542
-0.043679381431012 -0.0565207320299759 0.112588098623767 -0.00732532795639964
-0.0218484265979031 -0.0687551565759957 0.116869664635872 -0.0157911674498371
0.0138181237044012 -0.071432931728245 0.122821736998694 -0.0168463383184302
0.0570845731518911 -0.0688213907911249 0.130430229727581 -0.0101116906047584
0.0867363408240974 -0.0554128270619514 0.156695233938019 -0.0333063001851285
0.115372191262255 -0.0266861475836596 0.101800814691119 0.0273444882030833
0.0995034831858945 -0.0323403932032648 -0.00191675130929048 -0.0297262309787426
0.0605166998716686 -0.0498019586195749 -0.0956778870780262 0.00777991276331882
0.0366284779132495 -0.0736185189808252 -0.115722998041373 0.0696139090140825
8.67025045180011E-05 -0.0814018273975218 -0.0615841872241189 0.127459759069291
-0.0395697585284237 -0.0729180980323751 -0.00316748337359315 0.131435844313443
-0.0663538956974326 -0.0490812698423353 0.0391823210214962 0.101006601963365
-0.0753381221033232 -0.045159548124361 0.0672891756236652 0.0580482695923555
-0.0808346860156629 -0.0332270559944624 0.0762561699334383 0.0104845635727157
-0.092911832521831 -0.0569310119285225 0.0886003815710191 -0.0175823125717398
-0.0651234381313273 -0.0965100855475757 0.0983880378268968 -0.0321089486853313
-0.0312918985768643 -0.120218236575644 0.116180162142022 -0.0323919139526902
0.0331719739364257 -0.121184656208296 0.120944361885167 -0.0212318419432004
0.103157843275147 -0.0991087536398492 0.10934465287431 -0.000987974836784451
0.140403518025986 -0.0729471074698027 0.106039177765731 -0.0185108122608133
0.152528642220264 -0.0230570371098026 0.0462162548909033 0.0274265588222762
0.148863428856221 -0.0401537933107461 -0.0404183287516286 -0.034578735077394
0.100411815612596 -0.0814769239817601 -0.11294521172623 0.00398289199304887
0.0502863343112676 -0.119632998735344 -0.115647827113056 0.0617057702229252
-0.00501219044685546 -0.121431397038554 -0.0623547936222439 0.103018410834035
-0.0546146733745183 -0.10265963526684 -0.0203482792931682 0.100217892079768
-0.0847860504518502 -0.0705504989227905 0.0088337490881436 0.0751347533390109
-0.0901038262900825 -0.0634123246568586 0.032266017340668 0.0400636259611392
-0.0945312393633531 -0.0513154087585768 0.0390336614764439 -0.0063004976660237
-0.105885777419246 -0.0789066128862673 0.0544801816654233 -0.037896920469015
-0.0740846024144564 -0.123191197719898 0.0754508034869863 -0.0577426591168099
-0.0338806637436006 -0.152684837783136 0.109414326933946 -0.0500134772658076
0.0498295467186627 -0.150659655938714 0.116331988674664 -0.0230130284458962
0.135257903476777 -0.112659018362381 0.0851626895200365 0.0141619444660797
0.172761833544419 -0.0753384760360556 0.0470802737826833 -0.000103995106035007
0.164580616557612 -0.0195499736682849 -0.0225669444889228 0.0274680382677434
0.173086692996735 -0.0470090566302894 -0.0864338432080036 -0.0302036801523569
0.120552250874957 -0.104224396974017 -0.127801473969175 0.00174461834213392
0.0509402270481571 -0.148642365402427 -0.112727515733004 0.0474105761562337
-0.0138449570114519 -0.141888303349373 -0.0667232462890998 0.0680834620273186
-0.064405065170881 -0.114824234634848 -0.0430262187976476 0.062478537497432
-0.0916712933231465 -0.0792018883271058 -0.0274925941732595 0.0446246170808765
-0.0916609021962111 -0.072348473945425 -0.00617139036864402 0.0169117123043595
-0.0923891963955095 -0.0640676496041139 -0.000193326207034026 -0.0273516577218999
-0.0994183727631266 -0.0935202435599363 0.0185019873021348 -0.0597175477013873
-0.0633783588299215 -0.135890677941267 0.051170984897438 -0.0815496409846709
-0.0192856676791881 -0.162753345301349 0.0992270010309181 -0.0619860556501262
0.0687639899539204 -0.151454425509853 0.106965450959631 -0.0210539928382508
0.152929616542298 -0.101170196083429 0.0579173915536313 0.0292502445310894
0.181377637559047 -0.0620441179085074 -0.0151766897111525 0.0145826379165178
0.149131658954506 -0.0153472919670329 -0.0925787362659113 0.0317980029837915
0.163631770781439 -0.0463582628177463 -0.129535002185879 -0.0144430168382374
0.114886856912577 -0.10580072546555 -0.135585619046375 0.00420718576650016
0.0410768948420907 -0.146061371921736 -0.106699619195054 0.0310344619294858
-0.0200849011635455 -0.13388348132774 -0.0748348766955932 0.0303264524654269
-0.0637137020657489 -0.105856895721009 -0.0702767068421565 0.0254094933355257
-0.0844368291598575 -0.0741313191663709 -0.0640920578184578 0.0150693942316745
-0.0792692101351541 -0.070541819601705 -0.0423135276267004 -0.00820054083250894
-0.0770932518515816 -0.0684666784018129 -0.035191242116737 -0.0519148928040261
-0.0757187710476725 -0.0980782059281875 -0.0102375750271632 -0.0849146188698468
-0.0383943175095168 -0.131251622697139 0.0344562298194153 -0.104792616091318
0.00791560586177715 -0.148438974893524 0.0916551922445891 -0.0717034593698141
0.0862786478202249 -0.12508028898761 0.0946334933697341 -0.016853081802712
0.15470142963406 -0.0684246984976714 0.0289218848075388 0.0365078337322339
0.165106389570483 -0.0337093416492057 -0.0709289954082616 0.0189350319511332
0.106806653939415 -0.00422749632544687 -0.150699189628938 0.0395837135028671
0.124449168770711 -0.0309531086160801 -0.158417909396567 0.00834346430925617
0.0874350297071261 -0.0820407904894947 -0.135556358632548 0.00863472858017766
0.0264222116578587 -0.110192458315122 -0.100251019140897 0.0165538088280695
-0.0179206924834384 -0.098740305764945 -0.0859971766145421 0.000488306095780023
-0.047810873184736 -0.0782686065758227 -0.0959185086004185 -0.00244501168058941
-0.0616645843618429 -0.0585943036059875 -0.0941838629835244 -0.00816180497825946
-0.0549883562958939 -0.0582902978694558 -0.071602394546115 -0.0325488338146618
-0.0509351907175653 -0.061395567660403 -0.0606993183280202 -0.0773392836425106
-0.0440315721262485 -0.0854873935448215 -0.0262021106764792 -0.111815486487261
-0.00975472034761402 -0.105657515614788 0.0295847172139324 -0.12544226369491
0.0312010634832402 -0.111404750706651 0.0891147100938823 -0.0781351273022604
0.0901002483744583 -0.0810302068593021 0.0827494299395617 -0.0147474826447582
0.132069694443025 -0.0276514507467295 0.00430569457485266 0.0319606427181498
0.124972687725672 -0.00307458796712623 -0.113656111961745 0.0103340248089906
0.0468790841925137 0.0130805412746968 -0.186484528609061 0.046735362203722
0.0667586432497415 -0.00342637623511045 -0.167021664016536 0.0276901535377448
0.0495765329576626 -0.0364123251493432 -0.131050379381522 0.0108744730448985
0.0150718594256464 -0.0519487971698843 -0.0980980839104361 0.00794317655596163
-0.00467428921303869 -0.0465749157618932 -0.0972111813836874 -0.0126927882483204
-0.0185152115774339 -0.0401908076785282 -0.112043375119874 -0.0142711087632485
-0.0269851494035328 -0.03486381653522 -0.111836384573739 -0.0219535827619999
-0.0227784311462825 -0.0368861552788784 -0.0893332384665586 -0.0503235948466824
-0.0203085262610321 -0.041341590791273 -0.0725407788255829 -0.0997754616157737
-0.0133008154263465 -0.0548527610776703 -0.0291687566237224 -0.134587243403008
0.0071689540231009 -0.0626643912000412 0.0346311376883789 -0.141214186949965
0.0356615287612475 -0.0631479760215519 0.091351637807067 -0.0820639055118923
0.0718957337936324 -0.0357688123572607 0.0750220443810611 -0.0163064983916528
0.0868786704664869 0.00538669054922161 -0.00948020362121461 0.0182847775924849
0.0664272842309218 0.0203767763538602 -0.136225428771229 -0.00643227251163482
0.0115887945575082 -0.0261379553630087 0.126855148484951 0.0725293368298957
-0.0176627432416403 -0.0267771777870705 0.0436707045237617 -0.015254072898007
-0.0326840751622249 -0.00369608317327469 -0.0716427433320804 -0.0282453255693082
-0.0159899555092063 0.0136498453923084 -0.134346566100671 0.0193377162638763
-0.00783158928354965 0.0112772010656873 -0.113607455949175 0.107941512626843
-0.00850563093822266 0.00809836844917468 -0.0480783797447726 0.148607348506128
-0.0121227358406039 0.00908506231974233 0.0153273537528623 0.139593165466258
-0.0165801428134933 0.00191679254923068 0.0652882531444121 0.105784794606477
-0.0215416051027165 0.00401673197133144 0.0925451308544273 0.0750000492461934
-0.0246370267956351 -0.00487976770571438 0.104616974324874 0.0624551994925556
-0.014446813707597 -0.0136507082291944 0.0979867743088227 0.0566317719567802
-0.0111001232200941 -0.0118135449820594 0.101846829017118 0.0457372631316773
-0.00732784173501577 -0.0190074516310933 0.11539719817542 0.0459910362868792
0.0132764887758556 -0.0302989317190207 0.139367593530899 0.0609457929229811
0.0295429047136533 -0.0211567305175275 0.18847132809746 0.0537750403225724
0.0680620158119582 -4.24032942448301E-05 0.112775288637716 0.0777769813726717
0.0440545335331478 -0.00761090357199301 0.0315280576243415 -0.01497323372441
0.0204090109575383 -0.0109183944599308 -0.0786196730885395 -0.0277971865418672
0.024122377541452 -0.0170852682980002 -0.135142114697111 0.0157370711444664
0.0153640892054882 -0.0311830215103387 -0.11788697684225 0.0999322064236289
-0.00549516589537183 -0.0388201179197231 -0.0574658472281737 0.139612605247915
-0.0262119690426295 -0.0337977132859002 0.00421644326900422 0.131631403822861
-0.0349636164285363 -0.0392709433863735 0.0535627306969429 0.0995580221689993
-0.0426055159654142 -0.0337700268020286 0.0832211217690571 0.0634250405785264
-0.0442943917855498 -0.0534224127192018 0.101434763140744 0.0469671829913726
-0.0145095335799476 -0.0704364141701514 0.105091174903089 0.0404182068368854
0.012105052034081 -0.0713979500880012 0.111611234901213 0.0368724041922474
0.0461036515601519 -0.0578369295896793 0.117606283937619 0.0409012240051778
0.0834181124821031 -0.037111232291444 0.121830333693646 0.0533732757380183
0.10246278514214 -0.0123712442320974 0.155514320922372 0.0454564385826459
0.115036462759842 0.0268752258137794 0.0788017643340646 0.0654391108208967
0.104215411832436 0.0140138864719839 0.00910211922425785 -0.0288536854501622
0.0772329339246353 -0.0169809506332773 -0.0908108368657719 -0.0358915251300126
0.0659192833322806 -0.0498519244671539 -0.136541535472434 0.0100360209115945
0.0372884073215667 -0.0736597475399192 -0.114914084070356 0.0859274793793815
-0.00368814703933971 -0.0825447142602651 -0.0626362984211923 0.117102620662568
-0.0378588076053009 -0.0719976470937623 -0.00960492298879951 0.107224286610749
-0.0490742213049606 -0.0742929846184107 0.0351875866490207 0.0795538839474259
-0.0585330414048665 -0.064862396640368 0.0638819232850171 0.0406915459251941
-0.0599427551539296 -0.0910540550503922 0.0872906144752443 0.0199941340592061
-0.0172893945437258 -0.116205408144759 0.104242544690191 0.0108319785314117
0.024990794589593 -0.122093227208395 0.119885870241777 0.0195469087134637
0.0853083264875378 -0.0935977223303582 0.119270749550893 0.0353932571703195
0.137764586573564 -0.0444392733914096 0.0996510911211251 0.0526099832329891
0.15835014863566 -0.00505915597772304 0.103528982055613 0.0360165802271264
0.146683236573491 0.0467003117563292 0.0294425826314904 0.0397095821944841
0.153326348020846 0.0288356673631778 -0.0242089415134921 -0.0510303176136754
0.127333993627986 -0.0275338827659967 -0.106396435465046 -0.048733295709343
0.0977279966122914 -0.0846768790472514 -0.134436051288464 0.00184136547581989
0.0496737286278222 -0.110999828872659 -0.106466429290825 0.063607686629523
-0.00402571077089595 -0.11502489304283 -0.0647459017487793 0.0829351950300023
-0.0454529694578597 -0.098688688929327 -0.026222195684899 0.0713769845372914
-0.0547983134716247 -0.0973648860961569 0.011200158539265 0.0486738501912914
-0.0625518607282777 -0.0871269612932111 0.0379123070706824 0.00960359995916012
-0.0625672816630607 -0.116116116747877 0.0659529603475661 -0.0125423332024381
-0.0148855283946005 -0.144705877964921 0.0950533663029114 -0.0225710504278157
0.0354031452408059 -0.151915802659576 0.122424458400457 0.000495039525144269
0.112849723575817 -0.113412165132956 0.11635622104477 0.0313534048353382
0.172370622986592 -0.0418947164299351 0.0703737504103012 0.0555351276556416
0.187765013462777 0.00649530509326446 0.0417405725358619 0.0253761956931437
0.156112200935178 0.0549458055514942 -0.0327275597641243 0.00983382328942561
0.178647460586745 0.0335116576549371 -0.0683105904947813 -0.0676807466709977
0.155641203538107 -0.0386466100305776 -0.118965540320838 -0.0565466882472898
0.110537795991002 -0.108970993403822 -0.126590745793362 -0.0100478400280401
0.0512108445102209 -0.132698729293929 -0.0957071853986107 0.0300761114943133
-0.00806985355804642 -0.130088389546366 -0.0686139014717234 0.0384611054046963
-0.0491216723251479 -0.11025839410721 -0.0454372028209234 0.0285957725516774
-0.0522077459632039 -0.106243648776569 -0.0135388650178309 0.0124760224924421
-0.0564661896622968 -0.0977611666795049 0.0115359879516193 -0.0253603473696743
-0.0513345489799499 -0.126871074850608 0.0432608996359537 -0.0475843518106821
0.000575763498305973 -0.151823066997313 0.0839458135349971 -0.0547195288150092
0.0530920344922083 -0.153877275509714 0.119304146727029 -0.0155790831217399
0.129480199729059 -0.106202167003218 0.108116459427615 0.0299490931393066
0.182521938235224 -0.0242277807148281 0.0391604452372495 0.0577795021100262
0.188815984145856 0.0230435335132126 -0.0209531914667478 0.00984540619278483
0.140660609215777 0.0526514422724365 -0.0987248178037341 -0.0165429168392878
0.16897413696762 0.0312030208947589 -0.11413351653883 -0.0725035166185435
0.151733656665062 -0.0428747715449832 -0.127376192992984 -0.0580706231963146
0.100719706886806 -0.111920727379156 -0.113274241545163 -0.021411405517761
0.0411108085502525 -0.127315204351466 -0.0861906604744046 -0.00610634446334441
-0.0116940693347159 -0.121456472686627 -0.0767369570193213 -0.00697377619463443
-0.0452418929382519 -0.102906820478448 -0.0645651352842855 -0.012714591980308
-0.0420270760214998 -0.0987936884379805 -0.0349538021289243 -0.0258668512313333
-0.0407592955791846 -0.0942610222058764 -0.00894051227593958 -0.0622172459103292
-0.0276614318537252 -0.119868360628327 0.0288644237544386 -0.0817860842979681
0.0206422664221161 -0.135931314854796 0.0791952416910382 -0.0820596160754693
0.0709753549873061 -0.129688704572208 0.117493184919948 -0.0263889167899888
0.133908602533454 -0.0740282597350285 0.09525881145639 0.028195300383003
0.168963303207946 0.00558555057167345 0.00862675878256495 0.0511801357428742
0.161914941218282 0.0407640073964016 -0.0730382474330634 -0.0135804165504438
0.0984647564942559 0.0439743861620657 -0.154347832901337 -0.0353420223441709
0.127995375688787 0.0268909406016877 -0.147793296927197 -0.063999684564148
0.116167987002698 -0.0337608942954686 -0.127765626716004 -0.0542469379349838
0.071981296681613 -0.0857683509851412 -0.100537156431705 -0.0310703987939831
0.0273241227523495 -0.0954769313003378 -0.0820375966886069 -0.0377410996895274
-0.00926000012715074 -0.0895228796451714 -0.0866073614117479 -0.0435013180840928
-0.0317173307467251 -0.0787347199349174 -0.0817270977043614 -0.0466483768541185
-0.0253185848632188 -0.0775306199134198 -0.0503720784039929 -0.0591614033933395
-0.0213697280955192 -0.077280595329837 -0.020956107329901 -0.0946091671194506
-0.00431008836338056 -0.0954246260253243 0.0242189429683417 -0.11134341323041
0.0345885544408011 -0.100367072925072 0.083386802740033 -0.100897392043211
0.0752843811910195 -0.0874496873334315 0.117058220102819 -0.0316843875629329
0.116712637615551 -0.0326330707378258 0.0830537514006475 0.0253205458623265
0.130971198608841 0.0322369327283987 -0.012335186128081 0.034636331471393
0.112884642231865 0.0516467172123867 -0.107673073148074 -0.0411163442880574
0.0373024267253917 0.0339020306229016 -0.189085687837562 -0.0418207540940416
0.0637714202113569 0.0273036898167095 -0.163342021951186 -0.0494488850615775
0.0623849929719828 -0.0101111574500126 -0.122590335968842 -0.0491337272776888
0.0362856127581712 -0.0378092881350132 -0.0925440021151671 -0.037027691614392
0.0158302215685361 -0.0422080014642733 -0.084219562028924 -0.0547916889508029
0.000916925562334875 -0.0423441685236228 -0.0955017432603964 -0.0617347103384052
-0.0102442769337315 -0.0424994552648656 -0.0911199469931094 -0.0664324898919769
-0.00503360927671477 -0.043798690866275 -0.0578436948005091 -0.0820790067995054
-0.00169553043077964 -0.0458717111754881 -0.0230090455541245 -0.119089162918947
0.00963841344384231 -0.055611169286822 0.0321812172450481 -0.132127767649143
0.0324426668234988 -0.0538247924810598 0.0938855439281121 -0.111912159280111
0.0590039484237658 -0.0419302714217505 0.120761926553072 -0.0335522971064467
0.0800508888484851 -0.000389092619177011 0.076321444920152 0.0207401022821059
0.0751008529782426 0.0427712644408028 -0.0189721861363263 0.0138737369751193
0.0493665748955352 0.0465834901594825 -0.119589453369607 -0.0675343206819878
0.0109411195326036 -0.0252214213647106 0.126699020104741 0.0644695688783402
-0.0180639408885941 -0.0257544223436325 0.042767188859106 -0.0174608618978912
-0.0314490504726455 -0.00199754144418156 -0.0706455666134405 -0.0238867832374379
-0.0155989665519874 0.0137439148699371 -0.130132212537787 0.0252880586548575
-0.00644536143014401 0.0114472866758317 -0.106008087531416 0.109944099672331
-0.00760790714578997 0.00768528658455187 -0.0387458094358439 0.147399834590973
-0.0112450581433188 0.00909617361885273 0.0226255518448885 0.134954215721089
-0.0158119498723737 0.00261492482419815 0.0688031598998754 0.099349852245425
-0.0199358662665402 0.00512571338354849 0.0941201426292111 0.06783976979001
-0.0240935919163375 -0.00351033721892759 0.106542446837151 0.0559448223687229
-0.0151580077794703 -0.0128967420753357 0.0985393078867814 0.0516561492164052
-0.01066658511541 -0.0115008686606102 0.100843434550307 0.040677782396892
-0.00764705500814308 -0.0185811938417777 0.112801930758645 0.0407351467797992
0.0119933839959934 -0.0305529574665868 0.137865273639906 0.0534553841016249
0.0282288403866001 -0.0222915357600782 0.18606020409196 0.0425084902305082
0.0664722182092252 -0.00325981689797283 0.112707827928994 0.0700440882789987
0.0429353444648409 -0.0102520519109175 0.0312608798742841 -0.0165047563263426
0.0198051897392989 -0.0113821491231658 -0.0769811311576174 -0.0230015113280176
0.0222444537237628 -0.0178001874516902 -0.131623463863646 0.022218838947959
0.0135985931632244 -0.031771078435786 -0.109794090586831 0.102554524513374
-0.00771153182898655 -0.0382494463566534 -0.0485842790999261 0.138329130489332
-0.0276604286706296 -0.0317351286789062 0.0112454527424987 0.127421172160402
-0.0365245333608508 -0.0366524839425113 0.0574628811234694 0.0938054999513087
-0.0428676097331712 -0.0315388988182642 0.0844149662304631 0.0568999597925834
-0.0465160094603639 -0.0498740864430582 0.102890663329428 0.0406476672636991
-0.0180649256345925 -0.0693804730966971 0.104744055776502 0.0344916794917001
0.00821537656474268 -0.0705485409967626 0.110349654092966 0.0314658190293077
0.0422732419152898 -0.058869006433519 0.114428431842599 0.0352721340081624
0.080087314595567 -0.0403770287324896 0.121441065458447 0.0471138260812551
0.0993268822648752 -0.0172627686637832 0.154159199548272 0.0365112690364353
0.112451050290507 0.020936393654112 0.0797161131201973 0.0595044999860634
0.10225706677841 0.00869881613419417 0.00920465301943796 -0.0296700702711301
0.0744583327922126 -0.0190389116368615 -0.0893796958481194 -0.0314551041248355
0.0608664379348131 -0.0515828518631143 -0.133026179023426 0.0155912780349845
0.0321755376692382 -0.0739298539003012 -0.107687211448203 0.0884903529268354
-0.00754853643522646 -0.0800839719744396 -0.0547858044435156 0.116386289364411
-0.0407785605233402 -0.0680792816215438 -0.00379669594205285 0.105102386524613
-0.0520003661692305 -0.0694103032427145 0.037982708879176 0.0751525997879526
-0.0598966148662375 -0.060874017885857 0.0635128302411528 0.0357272052787424
-0.0630287165712968 -0.0849984102671119 0.0872021602335506 0.0144024079147263
-0.0230919753052868 -0.113253140744005 0.102686738942948 0.00554408896793282
0.0184820002407018 -0.120050126253136 0.118075891649355 0.0138458770652797
0.0790611825531383 -0.0960191085085066 0.115957495773785 0.0301966107857412
0.13280386696797 -0.0501257023039706 0.0987912267402211 0.0471255858786406
0.153669749335547 -0.0121394477172975 0.103040502758809 0.0301598575705038
0.143844133766943 0.0387923811294279 0.029951462904399 0.0367745577530733
0.1508827811322 0.0205806083976166 -0.0248049055211832 -0.0492102318648775
0.122702513610627 -0.0318439435258436 -0.104670392180144 -0.0426404970534547
0.0909040084490601 -0.0873206754366728 -0.131541822300747 0.00757959965437753
0.0430217445416335 -0.111133568365219 -0.100491034357721 0.0659710581951878
-0.0100826355599632 -0.112252918028595 -0.0590305298460696 0.0827836554455588
-0.0500874649943399 -0.0936543539344228 -0.0226715533917257 0.0710410194493328
-0.0587114327560102 -0.0920099637350541 0.0130939569493282 0.0468676078105746
-0.0657326043945929 -0.0818200542454797 0.0364997630375097 0.00720541631853279
-0.0677709144817324 -0.109559655333572 0.0639903090548727 -0.0160983958612403
-0.0225225490297913 -0.141000630667678 0.0924100820464825 -0.027059980604388
0.0268260942166556 -0.150084564822502 0.119834669770575 -0.00543174863006771
0.104988079431663 -0.115827129541852 0.113397859311655 0.02575212081818
0.166319336825367 -0.0498403842204771 0.0711554511707425 0.0513954307252587
0.18323507177626 -0.00230293459582358 0.0422381232387388 0.0234090273469737
0.153551800340821 0.0470250077489508 -0.0319532996720813 0.00958013543983058
0.175554180819636 0.0241907109619643 -0.068125531004028 -0.0637910587686159
0.150249273195915 -0.0441425840315591 -0.117972013378089 -0.0504139113306101
0.101557375803566 -0.112036275450559 -0.124225885751603 -0.0040906115374828
0.0427102600050562 -0.132209942174988 -0.0908115033031054 0.0331850221028431
-0.0147573014623298 -0.126320802489068 -0.0652096741211014 0.0400790235371486
-0.0539636170794087 -0.103921760197143 -0.0435950721452857 0.0306862154777933
-0.0570696820537461 -0.100477763315243 -0.0123079607467928 0.0127472680562199
-0.0599152569392485 -0.09238637962431 0.009309072987014 -0.0257585067905263
-0.0564035536174024 -0.120071136525544 0.0406159186338843 -0.0491054258124565
-0.00871787833349368 -0.148670245393049 0.0796817543101002 -0.0574034366235046
0.0434567534763903 -0.15293084434716 0.117483449781791 -0.0214734781000409
0.121623802085754 -0.110038723108895 0.105175873209523 0.0243862280199397
0.178053435401193 -0.032387508450835 0.0403731402213295 0.0544853629110926
0.184763639712276 0.0136852971102842 -0.01904597955235 0.011325184086999
0.138009854870628 0.0451243264955714 -0.0969504670658972 -0.013298354764053
0.166399919612528 0.0216636292927305 -0.112804219182669 -0.0659425539865588
0.145493502743423 -0.0483753486548937 -0.125661429070327 -0.0508403602089266
0.0921300279303598 -0.113242554973949 -0.111622597550394 -0.016332983607101
0.0332847643204023 -0.12669943141396 -0.083311663514241 -0.00293913146579081
-0.0177528630170517 -0.117316876831694 -0.0750894681772357 -0.00327972436326076
-0.0495440422531086 -0.0968332530485275 -0.0643452212359502 -0.00842784645960391
-0.0467842497448302 -0.094350695815849 -0.0352661837676121 -0.0229913911981572
-0.0451135976183814 -0.0900729819415434 -0.0123414320964514 -0.0602885982472023
-0.0339448480787787 -0.115422848672107 0.0239145414185888 -0.0812789295223417
0.0122915111878853 -0.134000111790599 0.0736604305445195 -0.0838079153286732
0.0616319246199239 -0.129943240293687 0.113896390524517 -0.0315925914678228
0.12654378571379 -0.0790100662545917 0.0925132686588369 0.0231932427454926
0.165312846268991 -0.00321270720638769 0.0102798774819787 0.0493430227974259
0.158737237502456 0.0319790123078958 -0.0708523645408609 -0.00797430105298705
0.0974169671446821 0.0389211565675801 -0.152200171117034 -0.0269229209481623
0.125470352623304 0.0199880536564776 -0.145714827592682 -0.0562545965097676
0.111087116565006 -0.0378087643201403 -0.126057009145705 -0.046965200120759
0.0656182799534923 -0.0868115477093718 -0.0985323768400373 -0.0265424674067008
0.021309922527705 -0.0939611341355187 -0.0811652971329776 -0.0344589644521531
-0.0139524113866614 -0.0859899540423736 -0.0870052041507879 -0.0378524551657631
-0.0350700611594233 -0.074358934975906 -0.0823164692030802 -0.0405997033094002
-0.0291105384883794 -0.0739454314889467 -0.051597772526154 -0.0544648479874309
-0.0245043279675173 -0.0743158413373804 -0.0257233790805492 -0.0918373018139624
-0.0100681533782536 -0.0928555026343145 0.018714847458439 -0.109773963820484
0.0283199541235986 -0.0994099335922653 0.0762410035816768 -0.102986449988774
0.0684404152775002 -0.0882991687980874 0.113978309595375 -0.0369522104584762
0.112159109766762 -0.0378813977869655 0.0812761425056868 0.0209585051272239
0.129278847621625 0.0249616159593556 -0.0105747276050572 0.0344187080256103
0.111423495004929 0.0437479374898486 -0.106069691978598 -0.0332849160972968
0.0375808480131518 0.0312868682523866 -0.185971340650917 -0.0324754419496962
0.0623125306039948 0.0230677516897662 -0.159650830925026 -0.0402240383602085
0.0595881179514008 -0.0120738546350835 -0.121024628025201 -0.0433581357448417
0.0332797651856089 -0.0385549498809047 -0.0920256601284904 -0.0326610162990861
0.0129217535382248 -0.0418059112561079 -0.0841837195739817 -0.0508875350186299
-0.00178807196530837 -0.0408582844716227 -0.0963580640072228 -0.0555500460844795
-0.011923292194349 -0.0403821462034165 -0.0925488311160246 -0.0596797442808287
-0.00748869516491946 -0.0422668103438393 -0.0603678586932375 -0.0767052995437473
-0.00392201453054481 -0.0447070419262727 -0.0281965923873304 -0.114996622213974
0.00627856524642493 -0.0545294447826518 0.0243094686642929 -0.129999904511107
0.028318799859107 -0.0541227896254173 0.0853498280173736 -0.113637495752341
0.0551739467656131 -0.0440761331090967 0.117073306223373 -0.0386184957296911
0.0778137636731426 -0.0041108734811546 0.0747911294758283 0.0159702439949944
0.0747691288052587 0.0378804705719132 -0.018026954342079 0.0153400954570897
0.0495569295657284 0.042759569305679 -0.119204317910486 -0.0582228968734939
0.0108356232882605 -0.0247524947415991 0.124563697907311 0.0581821873928884
-0.0181950859069064 -0.0249861601356659 0.0417657433371901 -0.0186306369259567
-0.030105698617659 -0.00117683888635984 -0.0681572135629752 -0.0211599662398451
-0.0145172054538122 0.0136960998322432 -0.124894132053205 0.029085469681305
-0.00623687099945593 0.0108671599479653 -0.100221510604505 0.109745702488266
-0.00672242631566065 0.00732723183803358 -0.0329359341693876 0.142971716821115
-0.0104092177532377 0.0084816159173227 0.0266671756787958 0.128877722200428
-0.0151385643084811 0.0027599701133685 0.0694376848289709 0.0934845098776476
-0.0183370917953761 0.00457637990950652 0.0939254376263827 0.0624290574720784
-0.0237071785389789 -0.00242002974113936 0.105486792124004 0.0504094952853236
-0.0147470699529196 -0.0128145323642928 0.0974411198446498 0.0477423827111755
-0.0103893229956936 -0.0114076860349128 0.0983058599947867 0.0368715019485356
-0.00739527373983487 -0.018402594018483 0.109329660944534 0.0378787694845384
0.0106671922186456 -0.0300763984475472 0.134562145848991 0.0486882641380768
0.027023756924461 -0.0223374327038178 0.181573496341957 0.0349573626288098
0.0644019068359525 -0.00467884148920867 0.111036766182323 0.0633601678840274
0.0415985213908658 -0.0119233660396574 0.0306805798753069 -0.0178819778046844
0.0188203088742162 -0.0112405509060893 -0.074812631293651 -0.0203263275304503
0.0201817945732576 -0.0183322901750726 -0.126359009445173 0.0247500695692701
0.0118028317772683 -0.0314839129976723 -0.10390544793865 0.101812961903017
-0.0089688383947561 -0.0365845737027912 -0.042257651937239 0.134927344609773
-0.0279793980655573 -0.029946427640915 0.0153186933155265 0.12227487804629
-0.036916755190478 -0.034203886194474 0.0584832279810312 0.0884229888177621
-0.0425137681458532 -0.0289440840752964 0.0835194470138598 0.0524039467377435
-0.0464249276682233 -0.0464496405203088 0.101765767052052 0.0353481382084967
-0.0200602628290575 -0.0670138142621341 0.103234816362905 0.0304871642290076
0.00652537567390316 -0.0690910011356272 0.10765481609674 0.0273629691342507
0.0394855101178319 -0.058495675393541 0.110192934550401 0.0324559258739422
0.0763987630766587 -0.0416517783159247 0.118205017074003 0.0425416034968672
0.0959228970262091 -0.0197748848421522 0.150249922921103 0.0304486081362197
0.108681669375915 0.0171893325122608 0.0781041489786536 0.0546966976791402
0.0995898141252034 0.00479913147945637 0.00900101484813665 -0.0295552501845072
0.0712460354807102 -0.0198336287590677 -0.0864778793583456 -0.0277270454301472
0.0566792576660273 -0.052133814372381 -0.128801852043742 0.0191107744074032
0.0287162685467919 -0.0725287298836951 -0.101608192184313 0.087496116981353
-0.0097788883871764 -0.0774791129101468 -0.0492331859334945 0.113492158864365
-0.0422358057387847 -0.0642577129914576 -0.000504413178927254 0.101303187274892
-0.0530044569088179 -0.0653784791861007 0.0387224940069207 0.0709006927225887
-0.0601719294184914 -0.0574671495516662 0.0627048116608331 0.0320015576780736
-0.0641212424817942 -0.0804827361584462 0.0856251463963245 0.0106808504453576
-0.0269659049648177 -0.109879912055637 0.100421549759751 0.00236850927193313
0.0142342024831592 -0.117133846941003 0.114713082976326 0.00994716935717082
0.0738362036668131 -0.0959656341502142 0.111421416848154 0.0273640720180032
0.127966087541276 -0.0526010960491108 0.0965503295144676 0.0430785144123581
0.148566895247355 -0.0157104925205642 0.101506096290485 0.0259419450969126
0.139455266793799 0.0341781275592247 0.0294396661001928 0.0337703376742172
0.146847008256578 0.0150583148564019 -0.0237526935785632 -0.0483958996716474
0.117757629477164 -0.0335220715792215 -0.101658506234345 -0.0386003198776641
0.0839794115973269 -0.0871581747907732 -0.127354352675366 0.0105774631322265
0.0379250638447455 -0.109555958926002 -0.0945439104967307 0.0655737660062794
-0.0136077172833362 -0.108207272404098 -0.0542109713392838 0.0810476535638395
-0.0517929498083938 -0.0882708644495123 -0.0200003769423406 0.069209247029713
-0.0607162890698935 -0.0867953968920344 0.014735163311216 0.04461930337381
-0.0665610610779415 -0.0773704735423859 0.0351197241269971 0.0052739229739872
-0.0691397288592794 -0.104044365997151 0.0622005025670875 -0.0188659312426691
-0.0271074491587107 -0.136547730986182 0.0889265761718216 -0.0292108167297811
0.0211648290974005 -0.145919834556319 0.116580400417839 -0.00899642887735225
0.0980003026064117 -0.116136824116237 0.108997994530671 0.0233423280494731
0.160369183095378 -0.0532793393157681 0.0699525426538789 0.0476381555988702
0.177045751862149 -0.00762361366171624 0.0423131850641499 0.0218949947811781
0.149283526283705 0.0417233576915273 -0.0311121504840449 0.00925968183068742
0.170757247200824 0.0181979974415594 -0.0672840813097047 -0.0605996834788338
0.143715012334635 -0.0461372043506165 -0.114579273183962 -0.0456750713856882
0.0945621621943262 -0.111433237538658 -0.119956034304597 -0.00141854103311058
0.0363141087413299 -0.129440064689031 -0.0867577794706762 0.0335266795912755
-0.0188329432884405 -0.121091167612588 -0.0616876014156785 0.0403620834147349
-0.05521815577216 -0.0982715523413529 -0.0412351504523696 0.0314102567169325
-0.059105490925108 -0.0950484847868053 -0.0111567850003578 0.0122985839185833
-0.0615051057823157 -0.0878001412762707 0.00742041661474029 -0.0254509983517959
-0.0591272404912505 -0.11414595926487 0.0379692008110653 -0.0497121381504417
-0.014377776638805 -0.144058803516868 0.0764850920594401 -0.0589588626385917
0.0367183107198123 -0.149311235188362 0.113814153269174 -0.024325092111275
0.114667481261675 -0.110127230105403 0.100554873492817 0.0213580345588457
0.171304711082546 -0.0372880546816565 0.040165692075802 0.0515039487066348
0.178621543776497 0.00773215427948202 -0.0168024950762405 0.0121912717595407
0.133705795346518 0.0403871982923318 -0.0940650892303435 -0.0105932756476967
0.161755925808995 0.0154648325292324 -0.109151675800789 -0.0612627618149041
0.139010985361703 -0.050397710601794 -0.122447578502748 -0.0464853759411458
0.0853429297921094 -0.112447040278447 -0.10735320038483 -0.0134679745721921
0.0277609353679254 -0.124544677485857 -0.0801653505613522 -0.00234707939657364
-0.0214068243881235 -0.112107906918687 -0.0731013531454296 -0.00150810212152942
-0.0508736139527362 -0.0913895076130119 -0.0628812290008984 -0.00569667579500652
-0.048913924693015 -0.0889887622062662 -0.0338724184072742 -0.0209706746865551
-0.0467358850735164 -0.0859547067579281 -0.0142872561132264 -0.058223520085384
-0.0370930670213854 -0.110078327467095 0.0205189218844882 -0.080186028895747
0.00598341723088429 -0.130249424985705 0.0686965955188871 -0.0839167118452542
0.0548424557402582 -0.126760115822329 0.110116711129091 -0.0343002936864282
0.119783441292058 -0.0805123023792556 0.0888814655314316 0.0201568033242589
0.160028019676374 -0.00820334149837006 0.0112870415149403 0.0476909862759611
0.154192805272272 0.0261850119079791 -0.0681712296210072 -0.00458519520644702
0.0944135878363697 0.0349566014572732 -0.147502211496133 -0.0228149179984201
0.121848826603499 0.0158870596799933 -0.141142360346786 -0.0510045200830448
0.105901342932585 -0.0393862880087347 -0.122783939322924 -0.0429240829592266
0.0604632047677891 -0.0857918153064828 -0.0958442794768991 -0.0230636380945997
0.0171915887726136 -0.0916103050339681 -0.078686027524 -0.0324907000105534
-0.0162340968453276 -0.0822335585357667 -0.0860111348733964 -0.0347958690758168
-0.0363063744445005 -0.0696462250460244 -0.0807936568818927 -0.0358011489757283
-0.0312167064300807 -0.0698024324542692 -0.0511212871191558 -0.0510415200558164
-0.0266658751704163 -0.0710515452275387 -0.0279204089858475 -0.0873409838556918
-0.013150445696609 -0.0887989074233282 0.014646001013069 -0.107232830612391
0.0230843084288666 -0.097700443038889 0.0700715885950095 -0.10260600342773
0.0622176559655196 -0.0871642477186824 0.110359691311278 -0.0391520502698057
0.106714473682038 -0.0400127995670301 0.0781095409324082 0.0178343849720592
0.125498859572369 0.0196980373986333 -0.00959302778045473 0.0339706406600877
0.107685932082453 0.039010757251494 -0.102084991405653 -0.0278951265755079
0.035927920251404 0.0294501321967939 -0.180948303408594 -0.0256517213191587
0.0606198711205525 0.0203768446852517 -0.154007967438662 -0.0357777635084073
0.0571652904524983 -0.0130729495138669 -0.117935073530722 -0.0392049894292795
0.0312984473887594 -0.0382591642374086 -0.0892096819203642 -0.0298777943551314
0.0110935356719743 -0.0404807868548137 -0.082372665967137 -0.0476785502207812
-0.00278928489265542 -0.0388130954128157 -0.0955659949409266 -0.0514062665050218
-0.0130827048647491 -0.0381573621777844 -0.0917751486921752 -0.0538299089598912
-0.00875556783228111 -0.0401975844200503 -0.060331674690891 -0.072281445887681
-0.00571711146436693 -0.0431260919609363 -0.0311675038358881 -0.10950483088549
0.00439785929591206 -0.0525605438586471 0.0190446473694194 -0.126711034014159
0.0253698202705988 -0.0530704642780196 0.0789791742920735 -0.113007289325016
0.0513346924795836 -0.0437316260067749 0.112620976226484 -0.0409811530855905
0.0747908294409421 -0.0065068768746469 0.0725113222968164 0.013521517001349
0.0736323011355434 0.0344784503831383 -0.0171442760544454 0.0159856409183869
0.047870632811375 0.0398991015224775 -0.115370346358236 -0.050794748087345
0.0103895544743375 -0.0244457883452849 0.121506568992719 0.0541683786750278
-0.0177054372377044 -0.0248540743212313 0.0414157913159786 -0.0204019179315535
-0.0288052765324694 -0.000948446922211178 -0.0663208530312047 -0.0200241477470522
-0.0134831880261496 0.0132998736384022 -0.121497445543331 0.0300126049511773
-0.00571613823595426 0.0101258855144374 -0.0968763334144972 0.108254762518821
-0.00634287671366405 0.00657032749522913 -0.0291689379834702 0.138830034833121
-0.00989882069483147 0.00824592776140582 0.0292359636330024 0.124670440774768
-0.0148354838338326 0.00237380765586455 0.0691906329244672 0.0897119091686613
-0.0174425103282231 0.00479203787522392 0.0930448310810399 0.0589202793113944
-0.023044695159138 -0.00235088577961781 0.104824820361363 0.0472001884591558
-0.015006173279061 -0.0126485913002401 0.0963296942983534 0.0455321819772095
-0.0100768771938358 -0.0114201824827736 0.0956889374869766 0.0351876795319845
-0.00704224622227583 -0.017506093060047 0.105421209197902 0.0363648777158059
0.00980990651067184 -0.0303865707936049 0.130879457285452 0.0462337621108955
0.0265063710402832 -0.0227684048437128 0.176864072487398 0.0311448626264179
0.0628027219228077 -0.00523389804567956 0.108484040682777 0.0598634500525048
0.0404799369923939 -0.0131894257002247 0.0305273349558732 -0.0187474043432142
0.0180841526280523 -0.0111047945433345 -0.0721442627857129 -0.0188872313692647
0.0189851993336205 -0.0182548203910374 -0.123140532345129 0.0259404725519733
0.0106439833444281 -0.031209513061967 -0.100025741893391 0.100375956838243
-0.00937886243313298 -0.0361204379106448 -0.038695435024382 0.13130201838139
-0.0280255942186273 -0.0289446083867924 0.0173511536704947 0.118473933513467
-0.0367489206835417 -0.0328205387939364 0.0583579022582766 0.0845758830103231
-0.0418816348004173 -0.0282371757998971 0.0823817582544773 0.0493711984028232
-0.0462959039456698 -0.0442874996892546 0.100723171047709 0.0322273062105035
-0.0211707053657927 -0.0658278400496236 0.101964157554791 0.0283042092229135
0.00521084984793555 -0.0679425743464591 0.105113619452382 0.0253978946342748
0.0377582660618237 -0.0577832579175706 0.106555719999668 0.0316061668641894
0.0738438818795821 -0.0421317698545171 0.115210758226429 0.0404856292248748
0.0932818719677219 -0.0208488492422899 0.147050461506443 0.0268449265637902
0.106012817626926 0.0158351087180201 0.076620348065163 0.0513569075678576
0.0974202172107093 0.0024398572525437 0.00968575780417663 -0.0303598534482802
0.0693367388884349 -0.0202148367239178 -0.0838777418006199 -0.0266601776647511
0.0539648392009254 -0.0514657674227995 -0.125346453177345 0.0199599139303699
0.0263304878882988 -0.0719957078000589 -0.0976171451612504 0.0862814674308106
-0.0111688257759223 -0.074898465154387 -0.0457600901912948 0.11079767907588
-0.0422698943284969 -0.0616789674379226 0.000985306498189851 0.0984987955010651
-0.0534308107065458 -0.0626989202826695 0.0392704151333473 0.0681510596491372
-0.0599036730325361 -0.0550707968577864 0.0616189806755173 0.029943553904586
-0.0642948368102687 -0.0769738511418627 0.0847743200470777 0.00775251058475513
-0.0290139944588408 -0.107528660661723 0.0986644983351126 0.000298328763565982
0.0113033010060665 -0.114480431501855 0.112142786016629 0.00849613751412212
0.0705921901413842 -0.0950163485271842 0.107631318510135 0.0266858139613956
0.124484687510503 -0.0533123783253711 0.0938452617612436 0.0408911403484986
0.144185942786425 -0.0184112782533361 0.0993167162343525 0.0242558286422002
0.135541014543419 0.0320748767585018 0.0291175715924489 0.0315609212828107
0.143689021081893 0.0118798430857634 -0.0225310244675437 -0.0478610739704613
0.114422492881274 -0.0335581675146015 -0.0982021183133621 -0.0366944709727216
0.0802477675244657 -0.086041359271231 -0.123745172193033 0.0119413849946791
0.0342622797104567 -0.107657528551337 -0.0905740100003962 0.0642829361295888
-0.0150984386136291 -0.104858169361701 -0.0516663675811017 0.0792703871178612
-0.0516250699395119 -0.0848729360130759 -0.0181233199751433 0.068066018074264
-0.0607934149042688 -0.0829135623325801 0.0148185080961354 0.0424494910881386
-0.0663670247267816 -0.0745438085099874 0.0340194174694365 0.00448794692939434
-0.0691752769633062 -0.0997688290086693 0.0613673828749105 -0.0204789600157704
-0.0299801974604896 -0.133341209759085 0.0871643796695499 -0.0304335884040434
0.0179967159248836 -0.142867535567358 0.113781375849482 -0.0103385231495249
0.0935149907436647 -0.11446506524136 0.105224310635772 0.0222644427739268
0.156045331443235 -0.0550444408478293 0.0683070696028229 0.045907019076757
0.172660345862282 -0.00997419493480323 0.0420063026731845 0.0207060046707635
0.144909925093651 0.0392425286241289 -0.0301341570785718 0.00862402301585968
0.16681228637034 0.0144398601791983 -0.0641284805191988 -0.0593752569100462
0.139476867807014 -0.0464390646776793 -0.111359105061412 -0.0436992121588622
0.0898628807037692 -0.110056999682501 -0.117087973257971 -0.000586945098133408
0.0326116547119232 -0.127250255954321 -0.0830598085821302 0.0321389363237226
-0.0205579998214427 -0.117023297947962 -0.0594412487744544 0.0393846324296148
-0.0558883490938813 -0.0941713417751651 -0.0397241060591681 0.0316384881372942
-0.0600519092940676 -0.0912056470631205 -0.010435714399247 0.0113328765768576
-0.0618384101159859 -0.0844183798157768 0.00662948362731321 -0.0256408230256929
-0.0600075798506976 -0.110312582673834 0.0365536816297583 -0.0496691625674866
-0.0176113242921763 -0.14042214335439 0.0736661385835208 -0.0591781167873383
0.0323249824743888 -0.146359588820055 0.111442073077095 -0.0258172231768852
0.109702885685392 -0.109882071146133 0.0972012135599776 0.0201700107044091
0.167247205660942 -0.0395029276772578 0.0393656683321447 0.0493386360441078
0.17397251136645 0.00458085355094591 -0.0154049998966184 0.0125627774611271
0.130462855979667 0.0376639589060925 -0.0922929452502519 -0.0092556916886581
0.15817875462242 0.0125754266815426 -0.105745599512483 -0.0599316311656447
0.134447408985364 -0.0499542261521844 -0.118736571580523 -0.0442958837139048
0.080954003960547 -0.110966365574754 -0.104811966817515 -0.0120327546708799
0.023800711317888 -0.121896739958374 -0.0774880411005247 -0.00306840511677563
-0.0228394926544866 -0.108399190565356 -0.0717415498291342 -0.00131563534290864
-0.0514622700496149 -0.0872383159980543 -0.0614726683150889 -0.00351649136512128
-0.0501633064172912 -0.0856788792642419 -0.0330907011731565 -0.0205662891143096
-0.0473824674253707 -0.0827402701584267 -0.0152120708204415 -0.0562336803613949
-0.0381178533915886 -0.106320129748378 0.0186292853748081 -0.0790232135536702
0.00264717789980042 -0.127219443714515 0.0659762740477878 -0.0833863865416639
0.0502583990584976 -0.124448696319005 0.108034026320095 -0.0358964030994432
0.11500004477589 -0.0808734357812126 0.0857633533572138 0.0190161520167795
0.156307697475071 -0.0110666239157708 0.0113427309891633 0.0465308502094473
0.149589864201173 0.023015816742586 -0.065073382129945 -0.00263467940317685
0.091173438017595 0.0329740487216781 -0.144434593925377 -0.0201122036856278
0.118817615658136 0.0131146981044011 -0.136546293954209 -0.0488255894394466
0.102749725480395 -0.0394805335318345 -0.119381496415145 -0.0404042122314969
0.0568798489965427 -0.0845750580352339 -0.0931688455618007 -0.0218986431437749
0.0142981067184334 -0.0896003134290277 -0.0770482954878944 -0.0320910512464014
-0.0176968105363391 -0.0791240285044221 -0.0851020748999852 -0.0329606872115763
-0.036713666867415 -0.0667313688024381 -0.079500510381639 -0.0326167834681661
-0.0319359566147567 -0.0676495072362349 -0.0507213662986574 -0.0491191423763888
-0.027511799577791 -0.0681676690100674 -0.0289448720222406 -0.0843734849075166
-0.0147009658370596 -0.0863560423116123 0.0125837943261695 -0.104624338076266
0.0201139680018546 -0.0949434807027786 0.0667700474456215 -0.101340957889959
0.0586768575937352 -0.0857718247402413 0.10757655511428 -0.0405510362886586
0.103117516269186 -0.0405299959414332 0.0759373796043139 0.0165974787427908
0.122985889719286 0.0169777796225129 -0.00887320677677152 0.0338390985793258
0.10400787222653 0.0362172205736474 -0.0988293947074171 -0.0239984901359666
0.0352020845505549 0.0279619276310384 -0.176722012593281 -0.0224468706263981
0.0588642855496466 0.0188571593161599 -0.149174795664638 -0.0333490691944463
0.0549020991797745 -0.013331348356594 -0.114585412104133 -0.0374897786338004
0.029430974999078 -0.0376871926715315 -0.0864420404737262 -0.0287881283899451
0.00966123477419572 -0.0393059901412025 -0.0807861329292966 -0.0464979806059601
-0.0032023692887793 -0.0374778783213433 -0.0949488176660398 -0.0484040391542258
-0.0130365180792264 -0.0367619012458114 -0.0904210119059748 -0.0501052282749163
-0.00968997584714472 -0.0387859360144501 -0.0595117044682218 -0.0692300369769683
-0.00680644195871306 -0.0414733622888923 -0.0323404272922573 -0.106084204534748
0.00270707392381201 -0.0509082886982207 0.0158111624453918 -0.123697796991252
0.0236029720956273 -0.051498674636209 0.0749183086995538 -0.111402839954192
0.0482203600870668 -0.042890954987968 0.109598259256264 -0.0422710915148197
0.072435926820471 -0.00736101596525696 0.0701318850391304 0.0121380549255721
0.0718828826450316 0.0323656758090016 -0.0163732773957466 0.0170170141068708
0.046165999685157 0.0383013947826669 -0.112371647816832 -0.0467386235607616
0.0106496702979894 -0.0239523325283104 0.120228863678513 0.0513043011954023
-0.0178481115598358 -0.0253412978513493 0.0413170129286189 -0.0217092519405964
-0.0282998733624215 -0.000973326192511534 -0.0647957267071231 -0.0197813324673336
-0.0133695243735249 0.013073262298309 -0.119090269624445 0.0313828524218085
-0.00552560781074528 0.00930182236606437 -0.0946694430729096 0.107798432096177
-0.0064231455131112 0.0059724928591861 -0.0263849452992165 0.137009870062531
-0.009415951931548 0.00786960965888747 0.031533214770923 0.121546803407548
-0.0146469591101104 0.0020171849165123 0.0701877689125909 0.0872506752287921
-0.0168039846223437 0.00440632973679607 0.0927719339562399 0.0559357094469198
-0.0227879601203191 -0.00147132043216058 0.104792332542337 0.0446740118524285
-0.0147343011943035 -0.0128106301889507 0.0963362323951246 0.0446504034492058
-0.00995723867863206 -0.0116221824258989 0.0943136524773541 0.0345321446840062
-0.00719194343080978 -0.0175396076058685 0.103583849326556 0.0363526593636702
0.00893269094251131 -0.0306359745263316 0.128947930773369 0.045151475860416
0.0257126007511268 -0.0225644198224864 0.175039693026192 0.0278492806955917
0.0614933691616722 -0.00569295556690558 0.107014526380662 0.0568834383295239
0.0394310934051483 -0.0143479287110214 0.0306729526223759 -0.0203753405403725
0.0176472118511076 -0.0116406242203678 -0.0701198720673339 -0.018886868847074
0.0182120956990299 -0.0182301441908642 -0.120690932235088 0.0270194566219444
0.00992244681815839 -0.0314611553754441 -0.0974848651837949 0.0996113967168887
-0.00996846975785956 -0.0353577075395638 -0.0362251883452519 0.129098265307957
-0.0281650786877373 -0.0280591815079196 0.01910697109917 0.11527906369618
-0.0375012541832007 -0.0320355323449429 0.0587714373667581 0.0824699469741755
-0.0416155352591179 -0.0271017071240818 0.0822103543959008 0.0464809815209792
-0.0466160074876326 -0.0432572839806387 0.10040567658284 0.0292625716604814
-0.0224172734094756 -0.0649586368488033 0.101716038353865 0.0268547314447367
0.00397116014941441 -0.0675519533333738 0.103464603290514 0.0248239635334718
0.0367208857109075 -0.0578223871504306 0.103799840765562 0.0321106201409409
0.0723343497635237 -0.0426427736058596 0.113643327331681 0.0392465112637981
0.0919496629104788 -0.0217247328773028 0.145128415008369 0.0247495548906907
0.104279791597586 0.015012834767443 0.0760960323966602 0.0483641134794288
0.0958330121403809 0.000915847407381141 0.0101487332807194 -0.0321433309910624
0.0679962970901342 -0.0204081505424036 -0.0817814677101211 -0.0254730784301567
0.0517206254221823 -0.0516612892584214 -0.122757718307343 0.021186452397714
0.0244643788498046 -0.0714815463404987 -0.094688665509767 0.086017123945306
-0.0126015095757489 -0.0741778180060044 -0.0430944880914091 0.109294773098394
-0.0422755963588427 -0.0597506298310069 0.00301840528280681 0.0969237469116424
-0.054192212413293 -0.0610679718630982 0.0396969510192454 0.0661570142292712
-0.0593216795873063 -0.0537678156627202 0.0610823188707709 0.0281594092995753
-0.0644271428748887 -0.0751428331429734 0.0841531469948703 0.00557435792642609
-0.0310289822716608 -0.106411745861225 0.0978976757857812 -0.000829900862508078
0.008998230583118 -0.113380607605053 0.11044232425077 0.0071274423584786
0.0681794211277123 -0.0948631126878899 0.10558006875084 0.0261241137367248
0.122234226966411 -0.0547203677179559 0.0922828777168398 0.0395422881563306
0.141886203741785 -0.0202272084724791 0.098467668034171 0.0224052544377717
0.133392371462472 0.030172513404665 0.0288698977639056 0.0296149812343981
0.141607170678514 0.00984812478601823 -0.0216193815189895 -0.0483312572006786
0.112508540528596 -0.034198755284041 -0.0964309403569455 -0.0353443635591561
0.0774934129240029 -0.0861217648285781 -0.121027842676103 0.0124383078633024
0.0319471723794317 -0.106909722426406 -0.0881914359687188 0.0634208518385057
-0.0169074684969472 -0.102706500762226 -0.0492502289379791 0.0776455384974807
-0.0520956542092755 -0.0822635586014131 -0.0167045871430935 0.0677046799224737
-0.0625092548803033 -0.0807299818126814 0.0154820205706778 0.0413596747523988
-0.0675013326959606 -0.0731417340618402 0.0331887620864678 0.00352971002418994
-0.0698993108081818 -0.096879987703941 0.0606719577900977 -0.0218752248684997
-0.0326664440443353 -0.13135392364007 0.086024146733154 -0.0315209529703825
0.0154670398685355 -0.141155725883323 0.112014196928174 -0.012192457651338
0.0910249977080727 -0.114924510704826 0.102564853964297 0.0217815809952144
0.153958151358394 -0.0567726988790429 0.06656691019282 0.0445120804347647
0.169132535253497 -0.0124408919440162 0.0429123688035793 0.0199658817971073
0.142903124176567 0.0369775882254166 -0.0297900830139537 0.00798909013388898
0.164336351754183 0.0116646629125321 -0.0623943448621861 -0.0597762691531151
0.136350609232583 -0.0469657350795759 -0.109094623971393 -0.0419381045965655
0.0866966376801417 -0.109397574659291 -0.11465478758169 0.000884203007293524
0.0293975197401652 -0.125892838214516 -0.081073390411342 0.0310390598518381
-0.0223538601183364 -0.114679714001719 -0.0586509109823577 0.0383785575519551
-0.0563929125846119 -0.0914568042940101 -0.0386653793952983 0.0322631094355944
-0.0611625204481571 -0.0880649653793518 -0.0097175806338275 0.010957942407429
-0.0626198743357261 -0.0822780861570721 0.00593585978217839 -0.0255127157194712
-0.061075237404122 -0.107326632641239 0.0357940107772806 -0.0505307064074833
-0.0209000910660622 -0.138573405943628 0.0718957817345592 -0.0600176121008697
0.0290201252975479 -0.144429548968455 0.109478767893595 -0.0275448928893561
0.106218196913139 -0.110449707383199 0.094986452325822 0.0200547117065926
0.164447995967731 -0.0418907730648278 0.0387881702735792 0.0486868574642736
0.169827758560938 0.00198528985036131 -0.0144496199488922 0.0135665986008113
0.12782802674718 0.0363517821551502 -0.0909428351740254 -0.00883929018867291
0.156086632456184 0.0102789515819752 -0.103279446681332 -0.0588486932695505
0.131745862502531 -0.0511530947998418 -0.116997496781138 -0.0431936061177044
0.0772930568234691 -0.110219645260773 -0.102776127448741 -0.011184843572882
0.0210609561997963 -0.120272354271188 -0.0763385307769991 -0.00331594432302122
-0.0245446594124421 -0.105861082314722 -0.0714472888886578 -0.0011279601803979
-0.05219421847805 -0.0850733514345883 -0.0612040504462769 -0.00209673620683306
-0.0513019425459804 -0.0832239338477775 -0.0328303672575047 -0.0202202179437633
-0.0485944467062444 -0.0804656409218264 -0.0156150955193953 -0.0552176050974723
-0.0396057021952098 -0.103865654743657 0.0177694981623498 -0.0788206733822645
-0.000573408392120474 -0.125085185789241 0.0635454829493287 -0.0839112510991156
0.0470107403986117 -0.122773393533013 0.106321764493681 -0.0372482592630614
0.111881127960729 -0.0813450639999009 0.0838607107948442 0.0184753618870353
0.153721950151324 -0.0136719558303194 0.0112228336388393 0.0456991405810012
0.145992630263962 0.0207257647774611 -0.0626355985483525 -0.000849660418911746
0.0892514339779188 0.0316007291314826 -0.142342257066938 -0.01836146443827
0.116592092187763 0.0113891529526653 -0.134072168397848 -0.0471475878327125
0.100123700925572 -0.039475104518208 -0.116631988029589 -0.039023223190151
0.0547402429821375 -0.0842248332009705 -0.0909860162360801 -0.0215053229315588
0.0124255497416154 -0.0881360669943705 -0.0759518703259986 -0.0323003463103781
-0.0183441365465681 -0.0775082620743586 -0.0855043975426041 -0.0316784901717554
-0.0371768915427557 -0.0643927114427017 -0.0791091679125087 -0.0302107442767813
-0.0332586299066175 -0.0658285478705082 -0.0501113502548611 -0.0480735133755226
-0.0285315748382509 -0.0663084871248236 -0.030263004130224 -0.0830989331810926
-0.0158442503776795 -0.0841827784635051 0.0104439641333679 -0.10339408225384
0.0178775040134547 -0.0930279484981434 0.0641585432928727 -0.101178853165532
0.0561688309546025 -0.0847092901389292 0.105555280932471 -0.0414939749831574
0.0998393186829659 -0.0418105272642605 0.0742194018763735 0.015558182507459
0.120985133756036 0.0144103562463784 -0.00883608454085982 0.0338694083929998
0.102036277249782 0.0353117538194535 -0.095957370356143 -0.0213844763358998
0.0341073323239555 0.0274094544160974 -0.173769408905245 -0.0204534008055618
0.0583445575995225 0.0180892827911703 -0.146255953922751 -0.0324369654916253
0.0537372986610673 -0.0136460035171489 -0.113049050506999 -0.0360326289949122
0.0286091538262771 -0.0374263980959869 -0.0848254684833901 -0.0275112913612577
0.00836640786443683 -0.0385778462931319 -0.0808272588473179 -0.0463530369150347
-0.00296386127753402 -0.0365898672260338 -0.0954897032061341 -0.0462544386492484
-0.0133290803634081 -0.0354097929047938 -0.0896343118114468 -0.047331461834173
-0.0106068403564314 -0.0385666647713648 -0.0593107654597985 -0.0673223667835293
-0.00753991100400611 -0.0408481721143231 -0.0333935306040161 -0.103744454876987
0.00184918874216388 -0.0502413747125891 0.0140417763119986 -0.121543660286519
0.021794075045543 -0.0507249696400494 0.0714951851790895 -0.111034791869109
0.0469977813470545 -0.0426066174922107 0.108125931046976 -0.0436840385709048
0.0706913053911194 -0.00835939389660673 0.0691947018619928 0.0111440531889017
0.0706181539824129 0.0303404538157914 -0.0161879574192785 0.0175912659585564
0.0445794290743442 0.037077214406296 -0.1094378201763 -0.043226791465283
0.0131292542958822 -0.0199498513481707 0.107613017818574 0.0722230227203754
-0.0128712868923401 -0.026915248737669 0.0457897696173551 -0.0154504287149887
-0.0259597591098481 -0.00741367042042627 -0.0569543091774186 -0.0326238977759902
-0.0144093111691281 0.00799594960150196 -0.121173346482269 0.00718629365273171
-0.00651467069852062 0.00572921785575531 -0.111379242725915 0.0865244416973062
-0.00692013800352017 0.0021920432478423 -0.0525407372562963 0.127290301286272
-0.00975985208852188 0.00436378864665985 0.00636116972230355 0.123766779834972
-0.0149637487863975 -0.00132338049104938 0.0501313620410087 0.0981265363247957
-0.017064052795566 -0.000353115726681584 0.0789733433372537 0.0721972460203623
-0.0215506949051896 -0.0067243190012084 0.0919956097107911 0.0638650148184097
-0.0121135456688414 -0.015678464299841 0.084244934968323 0.0628512939534989
-0.00602941283994911 -0.0139146059848188 0.0828639669285991 0.0540644620991186
-0.00183475564881876 -0.0189731660908332 0.0926680159063785 0.0575351364111298
0.0163663893161235 -0.0278931849487088 0.117973124453687 0.0713043408965753
0.0298634450723031 -0.0169481446814502 0.167974399499867 0.0657751209908056
0.0580104308838262 0.00728565811673161 0.0935716060054767 0.07579816082374
0.0401894191666183 -0.00666844922182838 0.0352565519452521 -0.013854820125847
0.0197068494476747 -0.0079747720674609 -0.0620905447064311 -0.0317131886413675
0.0211145851205485 -0.0155541449389242 -0.121243457812516 0.0031573058254331
0.0154824616428114 -0.0300187867543624 -0.112832871334881 0.0788006463893634
-0.0023715829011916 -0.0377956888548494 -0.0598171685257784 0.118225208472113
-0.020687584589395 -0.0323180312524398 -0.00408707397852665 0.115832905104409
-0.0305872617600133 -0.0392706647705567 0.0403515434643356 0.0911683161870723
-0.034898410472447 -0.0353985249384454 0.0707534251279296 0.0607517779340062
-0.035747865981038 -0.0509803274361184 0.0906844164960142 0.0467828253627618
-0.00813920739168347 -0.0683654962598653 0.0920663212779675 0.0451529012972048
0.0188967070766167 -0.0647283250939567 0.0949364103662955 0.0442038941531365
0.0498000093566001 -0.0484916324104375 0.0955859588166799 0.0516449247300352
0.0806072460145653 -0.027137557750267 0.104222830670301 0.0630226373364928
0.0937580063067632 -0.0019147912337709 0.139905731524675 0.0559211624572967
0.0948931638788197 0.0351927255528657 0.0654133167707974 0.0616499504777311
0.0912586061723773 0.017767976733974 0.0165859612769562 -0.0272116211311823
0.0695633072842944 -0.00727688101576067 -0.0722900442526966 -0.0392455626740403
0.0590205175219744 -0.0397392790351994 -0.12089354348038 -0.00224789033981523
0.0370762802002742 -0.0654682544827312 -0.107723619922485 0.0654229954830167
0.00217820922951571 -0.0741904477823775 -0.0619051884466095 0.0976194117345954
-0.0290123509958964 -0.0660232920453124 -0.0158515322301382 0.0937765404650885
-0.0416795772420429 -0.0708068334517881 0.0254574893901717 0.0714194032664833
-0.0468981540857378 -0.0644882311450241 0.0536698964548684 0.0383053130792222
-0.0468886440875945 -0.08479741611427 0.0796803705785628 0.0203528349288205
-0.00879752553956631 -0.109674167757249 0.0940667501553948 0.0151936718368771
0.0334210084377027 -0.107174695591223 0.105740721630537 0.0268499609996457
0.0889816994646364 -0.077061647893926 0.0987835053335664 0.0455580218166687
0.131324449455262 -0.0280386386133253 0.0843663193062934 0.059428879914845
0.141222070574007 0.0106421223418046 0.0944387489344117 0.0440049967759932
0.119261775847288 0.0564924177990467 0.023481521873576 0.0345929595671689
0.133720850305985 0.035059196323006 -0.011611676058724 -0.0477126652118747
0.115076071431008 -0.0115889664054067 -0.0838014632729702 -0.0498835922519211
0.089394159480886 -0.067464306390694 -0.117737715324369 -0.0104570596190587
0.0508846159181801 -0.0974989098679959 -0.097656716131094 0.0449568057423789
0.00375983027493666 -0.102598393737529 -0.0611972378306444 0.0660504337338503
-0.0343567340543141 -0.0891982945770781 -0.0294606887740443 0.0618110709416842
-0.045654429656422 -0.091523862736296 0.00687310203790448 0.0430911294274084
-0.0497284300542112 -0.0841053250048786 0.0321823587634492 0.0089800384285585
-0.0480886312959173 -0.107057128165557 0.0622914606003093 -0.0116193316458159
-0.00533729161035221 -0.133886717637225 0.0887419591692375 -0.0180780263895212
0.0450451531063447 -0.132178712254774 0.111480849637343 0.00735430941369345
0.114887759859409 -0.0916346804666144 0.098102562343891 0.0393145332191169
0.162256732276414 -0.0226967435761981 0.0584838855562404 0.0594098953201
0.165903784798639 0.0241237063132894 0.039041098769291 0.0291868188338115
0.127636523385534 0.0639833659381401 -0.0292637529366857 0.00242707123134048
0.155606233624416 0.040703198790393 -0.0498501352047569 -0.0651664098689595
0.140470499719763 -0.0190470096429967 -0.095072531224515 -0.0578908208609201
0.102909076320741 -0.0875655747709808 -0.108151174542329 -0.0202644728994833
0.0525737053339154 -0.115416950097527 -0.084176650397174 0.0157903224679203
0.0012962663985995 -0.114704834861168 -0.0626418297724902 0.0260859388496642
-0.037054854398929 -0.0978841989264711 -0.043952423068562 0.023303058907367
-0.0431484168122319 -0.0982570731459586 -0.0113636882863427 0.00854638415738706
-0.0437309840924444 -0.0918764030537817 0.0108503204291883 -0.0243388161313848
-0.037715193237077 -0.115291833163874 0.044141108203503 -0.0447227209461811
0.00759714286179021 -0.13798607482876 0.081300160288783 -0.0491126047238853
0.058456699981111 -0.132121353909693 0.112832865751139 -0.00857803758278528
0.128054915484155 -0.0841238174405123 0.0910177231503744 0.0359026299373542
0.169349739037646 -0.00631766013582071 0.0302846992508413 0.0578793577561309
0.163594847244091 0.0386287392903588 -0.0153172060330311 0.00997773948475862
0.114319837545019 0.0592322229294237 -0.0849839932589051 -0.0250302228003235
0.147683521059183 0.0368439352112328 -0.0899223067039387 -0.0725125038855509
0.136994703701241 -0.0245782407233122 -0.101568219083971 -0.0600259332056653
0.0942309196579778 -0.0895896440599885 -0.0938802717228316 -0.0297337229644997
0.0436274278594886 -0.110854166361668 -0.0728361821136613 -0.0174184224427234
-0.00210444173076233 -0.105956344362401 -0.0679065176729218 -0.0149110146458118
-0.0339705063153875 -0.0903794135094124 -0.0581653575719962 -0.0154640500335755
-0.0342753821110232 -0.091166841240833 -0.027091642145441 -0.0266397873966023
-0.0301881512006765 -0.0871449874811598 -0.00416309236902234 -0.0575520324881739
-0.0182901308114049 -0.107548011040446 0.0331405148703073 -0.0742746011574592
0.0247190939931561 -0.120618977617911 0.0785380138140002 -0.073035092961567
0.0705368879575289 -0.107441033422808 0.112854472086832 -0.0183456975761676
0.12691365949398 -0.0544664146201996 0.0811130280586206 0.0327665775013189
0.152509612820269 0.0192022379800045 0.00288959268603514 0.0496598894710526
0.136351541838008 0.0516266115318387 -0.0606219131255509 -0.014281574465787
0.0797914218843365 0.0470203080362435 -0.133702322510927 -0.0439907999281224
0.110743794835816 0.0307331461400332 -0.120873033633464 -0.0681859214488072
0.104376817172419 -0.019431023065347 -0.102933143506999 -0.0581041024738471
0.0677159750930066 -0.0691363489763871 -0.0811408227405651 -0.0375660444040885
0.0296872899800151 -0.0816507361635482 -0.0672842683233073 -0.045478855421986
-0.00107619573733089 -0.0771471070485027 -0.0757121453071173 -0.0473008854726885
-0.0237950984639047 -0.0684444957807599 -0.0713097829834641 -0.045626365235656
-0.0199142718620741 -0.0705583944028805 -0.0385847216221284 -0.0565671470499253
-0.0134682557547431 -0.0691643284254502 -0.0122413987217732 -0.0865622191210598
0.000534933316256155 -0.0838504525327528 0.0313222322283801 -0.0988510133302871
0.0353453289516148 -0.0858118540841009 0.0827260930460842 -0.0881470420717489
0.0710561384958047 -0.0690800582164227 0.113370638116063 -0.0217469868160754
0.10610469832305 -0.018584104278447 0.0720302761812979 0.0291911069218528
0.113451219764888 0.0397724119188115 -0.0142440997399186 0.0340004116146078
0.0907685501504031 0.055948970957587 -0.0895622382316911 -0.0418311563006363
0.0280949546191575 0.0310546171741148 -0.164868357887316 -0.0526909267427415
0.0530521742315365 0.0266325699465668 -0.135775526450937 -0.0575603660810943
0.055299014770936 -0.0030759820932506 -0.100565340490475 -0.0562289557620454
0.0341976193225167 -0.0296500279018073 -0.074544251694926 -0.0433120064759301
0.0167155178840491 -0.0348153785038761 -0.0693534976995821 -0.0608142347914772
0.00475896751115021 -0.034804282351233 -0.0839927771770441 -0.0637322972537538
-0.00638420629403922 -0.0352938963405588 -0.0781259572846334 -0.0642824047575778
-0.00278532489226138 -0.0390612692351298 -0.0437401559446267 -0.0769181711626752
0.000932285965065166 -0.039505345865068 -0.0111913187557236 -0.107193198304899
0.0113053585835695 -0.0471622003519934 0.0383410044180485 -0.114440346964597
0.0312606914214358 -0.0437254096697066 0.0920755228207926 -0.0934830929626193
0.053121239197179 -0.0312106447868867 0.115568618456859 -0.021319987601122
0.0702465963851982 0.00783412166740739 0.0671363879878545 0.0245076458290457
0.0614472572491607 0.0446127856054255 -0.0194276021139779 0.0160072857419616
0.0345388821708166 0.0462138073897737 -0.0986734316547378 -0.065782046828559
0.0132053522784601 -0.0201050631182504 0.106667902938603 0.0692193579863431
-0.0138404343498833 -0.0270904404852302 0.0454905131641688 -0.0171050107724009
-0.0261494275337533 -0.00673175514392754 -0.0559265354185349 -0.032625104417401
-0.0141595864493953 0.00814959752472063 -0.118149351781268 0.00824046765943017
-0.0064917071218682 0.00521420308618143 -0.108946880211882 0.0866739175463918
-0.00725910002102284 0.00165950409567665 -0.0496068946725154 0.125250105171587
-0.00972497700818265 0.00427157890251535 0.00946992196281167 0.120562900958686
-0.0150588056404176 -0.00175639331676746 0.0511798504766293 0.0957061101639567
-0.016779492256644 -0.0004824180569108 0.0791728041678186 0.0693990392871259
-0.0205625939324382 -0.00553105587537721 0.0919652983773874 0.0608976892245819
-0.0122429783636663 -0.0152196864436366 0.0841844673985875 0.0613109992441932
-0.00589046251766226 -0.0142152554962404 0.0817864989601357 0.0525712042624222
-0.00172172833018609 -0.0187355219752573 0.0906776392933967 0.0564827489759658
0.015658976065445 -0.0284597556062255 0.116157702484012 0.0696814919130926
0.0290490030138947 -0.0173350786125186 0.166003269742051 0.0616504157818881
0.0568312825044383 0.00673283559083907 0.0930703337255342 0.0718578741339758
0.039057592174205 -0.00744247863328904 0.034836689116042 -0.0153434432305687
0.0190226414532874 -0.00837727813579271 -0.0609091627948307 -0.031095015758157
0.02026237180505 -0.0148908601127211 -0.1184846575982 0.00403686169483431
0.0141790388940531 -0.0301437127045562 -0.109604825909777 0.0783988182294412
-0.00322727414162465 -0.0376492388409608 -0.0562669350632063 0.116112538920262
-0.0209105072847665 -0.0319544091291095 -0.00148638492138062 0.113019761659411
-0.0312661169490254 -0.0380234182714331 0.0417686657115766 0.0884234992090821
-0.0346276705935066 -0.0349837589293707 0.0701353019692609 0.0578324426738865
-0.0363470084505346 -0.049257934138503 0.0905863635355391 0.0438461979300729
-0.00993233938589497 -0.0673651807584266 0.0923849024205499 0.0425823601229973
0.0177135110117721 -0.0641926901280401 0.0936274434032272 0.0422287461926164
0.0484850807831265 -0.0486855296581757 0.0931129607595647 0.0508286457699829
0.0790393297256701 -0.0277453822746121 0.102761988852852 0.0611033081784974
0.0912552381142773 -0.00303880992240299 0.138428981444146 0.0532410597910485
0.0934112393326139 0.0335583447284348 0.0649864179261754 0.0589024018099549
0.0894333381899433 0.0154150921358661 0.0165927412547215 -0.0283859601461166
0.0680949400348026 -0.00774901349037526 -0.0699922512376787 -0.038488817949587
0.0568850434141398 -0.0400111033188459 -0.118494489777547 -0.00149306156466497
0.0350423097048604 -0.0652219284249894 -0.105084052373593 0.0645546391297423
0.000139326184056852 -0.0734689370012264 -0.0593778037678881 0.0957630593421814
-0.0293551543408556 -0.063986003845205 -0.0140446918100871 0.0923348003015874
-0.0423688912317649 -0.0685422017764397 0.0261469856951097 0.069482216793507
-0.0466218261074495 -0.0627756343645529 0.05314161726395 0.0359932278810632
-0.0478077991165637 -0.0826434169739014 0.0791544780890336 0.0179227024954791
-0.0112278924815662 -0.108104117397034 0.0932946758215314 0.0131542570747827
0.0310530686939256 -0.106590758836317 0.104294924070586 0.0250320574986753
0.0860619143699942 -0.0780386507270336 0.0967890338374704 0.0444997020099356
0.129189057038893 -0.029949749200035 0.0829017551366246 0.0580663850679245
0.138377631977251 0.00841710396895074 0.0937370855540767 0.0418064838030258
0.117755446565585 0.0539111626621906 0.0233464458016931 0.0333272802286877
0.132483425898448 0.0321117525785465 -0.0116129906721627 -0.0480800423138936
0.112456735587153 -0.0124051526368156 -0.0812804822747765 -0.0484393095755826
0.0868138502998609 -0.06739290255012 -0.115168398544976 -0.00944300423726641
0.0471944906185505 -0.0967688419482972 -0.0945362300035641 0.0439300111232162
0.001786899971575 -0.100931357032372 -0.0598384528666151 0.0645122282935534
-0.0353656909246004 -0.0871294560429201 -0.0280379910732558 0.0609648720460518
-0.0473350938554243 -0.0889859402852904 0.00775387437149623 0.0410941181627446
-0.0507099750587235 -0.0820087521263984 0.0311822793138791 0.00766517560676604
-0.0494709279091308 -0.104226016719867 0.0615262586924468 -0.0137132698730856
-0.00817027184908785 -0.132148071887454 0.0872567029235205 -0.0197573997574117
0.041266314258685 -0.131187377056921 0.109871782224757 0.00522969357794505
0.111130136766674 -0.0930699130466735 0.0957234769214856 0.039334556978302
0.159843285748866 -0.0254007638986655 0.0577959251540294 0.0581863521601094
0.162653941118836 0.0211626771144574 0.0400130448352266 0.0285767241325397
0.12538871638623 0.0615331192730717 -0.0284472731643339 0.00246049151413991
0.153424965942417 0.0370264125063186 -0.0487193151999556 -0.0650186888288428
0.137889530529434 -0.0207172387568624 -0.0919080966879059 -0.0563163023929902
0.099062501231613 -0.0874368563443506 -0.105514050991088 -0.0190559118670741
0.0483894913762635 -0.114391970714569 -0.0820667594080844 0.0150875697061738
-0.000723120311587316 -0.113075586594648 -0.061606877131588 0.0255457607117208
-0.0374659966117436 -0.0952576514648069 -0.0428260963975351 0.0240571808045483
-0.0447067870514919 -0.0960627626240341 -0.010789319914059 0.00744846351285892
-0.0448195316766593 -0.0894204832296845 0.0104709329870659 -0.0237520505673393
-0.0393414365429891 -0.111662845947253 0.04326550730736 -0.0452230971341115
0.00438368334754913 -0.135833589646044 0.0792632578996348 -0.0496652326699975
0.0543793240230798 -0.13088360289843 0.110906042204536 -0.0107363505956314
0.124773307938917 -0.0849998329410937 0.0885176489736736 0.0348205360730095
0.166834392017546 -0.00900870476879401 0.0300631184674908 0.0568294280158155
0.16027928095905 0.035876759874265 -0.0139337213794442 0.0108188706283124
0.112469321420877 0.0570440985145885 -0.0834602121674645 -0.0244859249643527
0.145477956062131 0.0342206463771014 -0.0877260707138003 -0.0709711185927469
0.134488687997719 -0.0253591084585006 -0.0995464976454897 -0.0579480864048367
0.0907347342396525 -0.089326846889569 -0.0916576793953217 -0.0290668946043134
0.0400799964244384 -0.109643452230155 -0.0713997580675925 -0.0177248178747074
-0.00432122487926885 -0.103572925843831 -0.0673206415546431 -0.0145409530189555
-0.0342663574099592 -0.0872486879182374 -0.0579318982892224 -0.0126032411418421
-0.0362116670319267 -0.0883710204711798 -0.0273318893511881 -0.0267208102455185
-0.031725196896696 -0.0846187274829754 -0.00502748940877325 -0.0562898847270728
-0.0203487876876193 -0.104628479788853 0.0314640961560245 -0.0741598386379434
0.0213078510373894 -0.11875434705553 0.0759798172150012 -0.0732973054305636
0.0665075104445014 -0.106577704750536 0.110417734671143 -0.0206437689156222
0.123232929193873 -0.0556780505041712 0.0790960642756046 0.0318048448518455
0.15009082278311 0.0161845160690041 0.00363449922074991 0.0491197879057146
0.133516609539664 0.0482333292785883 -0.0583916031461768 -0.0120910184321738
0.078190047257273 0.0447871177384992 -0.131370578338225 -0.0421967807713603
0.108929650477021 0.0282570934224513 -0.118627729473342 -0.066460191993341
0.102416158213686 -0.0200457564348508 -0.100895586386289 -0.0559164553473189
0.0653075721699819 -0.0687414339106192 -0.0791652417386955 -0.036271759975563
0.02686420780871 -0.0805541665484148 -0.0667195989003007 -0.0452648172973681
-0.00293879660654439 -0.0755120847061195 -0.076661899823083 -0.0455790675227361
-0.0237551898553816 -0.0658603737180595 -0.0706839842430586 -0.0429538430344122
-0.0214156528322941 -0.068336255312857 -0.0386252210517199 -0.0550092755236618
-0.0153504847379401 -0.0674032889476616 -0.013134206984106 -0.0847377465897799
-0.00135871848830079 -0.0814148226658835 0.0293583093927207 -0.097945268034857
0.0324416904398021 -0.0844131201938976 0.0797445737459064 -0.0882559753994103
0.0674021508087534 -0.0683815491427626 0.110750071448889 -0.0234867929216003
0.103938169803289 -0.0196979729973183 0.0700527170008222 0.0277804897871798
0.112297923162713 0.0370020595567109 -0.0138385591417595 0.0340939724903332
0.0884650132718428 0.0540849262825919 -0.0877146104513006 -0.0385417624281598
0.027453888231908 0.0300934144968064 -0.161762052892209 -0.0494169605991072
0.0520569066304033 0.0252850593967191 -0.132926912331 -0.0559921142077502
0.0543850497329579 -0.00340517887361397 -0.0987058685675657 -0.0542595108946515
0.0335948051800597 -0.0297747555819007 -0.07317138953005 -0.0424974955393274
0.0153577384371686 -0.0339573276490575 -0.0695129304606236 -0.0593878375558489
0.00463483692666254 -0.0338897947381216 -0.0847743575760898 -0.0615819887837252
-0.00654206133270256 -0.0344744641654828 -0.078142835483812 -0.0609803478031006
-0.00455232011223005 -0.0383223809257286 -0.0438484304082907 -0.0755465512973626
0.000401921719317974 -0.0390390312211064 -0.0125445698743046 -0.104511943616365
0.00977107858590533 -0.0465900641790992 0.035716279711953 -0.111752757773372
0.0298583105705754 -0.0428657820208248 0.0887501673617865 -0.0937261468346508
0.0513422797529605 -0.0309800680397513 0.113006323242141 -0.0230928354259934
0.0692981589654458 0.0069586939358157 0.06550884765176 0.0227922179559155
0.0610177821089376 0.0427134345724543 -0.0184504356334843 0.0170026963665428
0.0336000842496733 0.0452754564552868 -0.0971174227095922 -0.0619012818694962
0.0129244400630582 -0.0194799162189091 0.104647684132902 0.0677212430599617
-0.0142245085879822 -0.0266214702574437 0.0449791118337992 -0.0181456989085961
-0.0257241369688588 -0.00646711877339192 -0.0547503283772063 -0.0323716304550125
-0.01367238575507 0.00774259156010225 -0.116340556783969 0.00796739671017928
-0.00675229053266606 0.00482271366370855 -0.10690336834793 0.0852785099670769
-0.00757530248948355 0.00126745367043187 -0.0475846633892102 0.123316136134287
-0.00974245637930839 0.00321062126239415 0.0103966586193963 0.116978393769592
-0.0150356263383648 -0.00183162445870232 0.0509972088644762 0.0934992055912126
-0.0166903785080444 -0.000710022172426495 0.0784859236406265 0.0669254716802997
-0.0202080712784083 -0.00570604209776002 0.091636510268679 0.0590162908770116
-0.0121308353006803 -0.0150848877907176 0.0838903356257473 0.0604679969954164
-0.00576212850012659 -0.014295752256072 0.0793273761376737 0.052448337228754
-0.00132805629211546 -0.018782673967136 0.0883575514749962 0.0567394592817738
0.0150385302668731 -0.0281404280019234 0.114057939549418 0.069112095524533
0.0279293979462189 -0.0173500664245751 0.163190836063616 0.0597885739412093
0.056025926274796 0.00650493495264115 0.0916499635664163 0.0702209002224331
0.0375243715521638 -0.00784755585021965 0.0346820124104511 -0.0177685840784002
0.0183735292403783 -0.00815076149696868 -0.0590553424581563 -0.0311743584931768
0.0196008296720797 -0.0152682787209821 -0.116231238543032 0.00310332459035588
0.0135887326868615 -0.0298290890001608 -0.107577634335874 0.0777790408170551
-0.00431333040372051 -0.0371075176286337 -0.0547747920038725 0.113892935761303
-0.0209911277245128 -0.0319771459137824 -0.000301809641970883 0.110371473134943
-0.031633069471995 -0.0370571118100585 0.0417262495463677 0.0866996037392487
-0.0346462989850462 -0.0344144348121824 0.0699311337310849 0.0561647259328825
-0.0355506703405302 -0.0478340155749097 0.0895817254259702 0.0421991176776951
-0.0103767568977193 -0.066539617612345 0.0916987262177215 0.0421244784280703
0.0169706769322382 -0.063260344605591 0.0918737671011573 0.0419067901734265
0.0475616165136703 -0.0482189879100577 0.0911165682165215 0.0509590781422187
0.0779485412777284 -0.0285570638697536 0.100283887124532 0.0610843678670304
0.0887519248057695 -0.00369045265707245 0.136901681198529 0.0518429415718102
0.0916378468035275 0.0335399619810298 0.0638741403826393 0.0575361679374027
0.0882629524849004 0.0146346394704917 0.016752565842633 -0.0297988952255635
0.0665851128872089 -0.00796592637834545 -0.0677075665419624 -0.0380466972114906
0.0548800671201407 -0.0392765319801904 -0.116074215308085 -0.00244620143732562
0.0326645729725827 -0.0642645934573818 -0.10275585178908 0.0636167488062029
-0.000222116311085721 -0.0726079541069476 -0.0579282546622337 0.0938925333713435
-0.0297919437207164 -0.0628436771290102 -0.0131159439899507 0.0903085746984533
-0.0430427186526335 -0.0669452049682638 0.0261515432857329 0.0680072982586107
-0.0473239853585771 -0.0622595439117528 0.0530366095061005 0.0352004366377397
-0.0473088780618872 -0.0804838347661775 0.0783043755800991 0.0158807091401637
-0.012517256894614 -0.106532883580972 0.0925402251808226 0.0124025004360888
0.0292590116848602 -0.104968366730896 0.102659183447727 0.0238593619522895
0.0846987263688699 -0.0772287217806971 0.0944388673208118 0.0451485388771476
0.127755720910551 -0.0311551596012645 0.0807795350474772 0.0574027547222763
0.135299656424719 0.00749382916388212 0.0933048629728722 0.0403652079575354
0.115500352220882 0.0537089220629438 0.0228817540549503 0.0317668137948238
0.130344479713403 0.030531502655139 -0.010084173071865 -0.0491551557958451
0.110937182096868 -0.012874175995942 -0.0788042882580066 -0.0487138396174815
0.0843540419457253 -0.0659229933638147 -0.112879259595131 -0.0101374515886693
0.0457724172258647 -0.0950895323288124 -0.0925874318865918 0.0423900594889014
0.000824058616248933 -0.099354186342748 -0.059023591767065 0.0632128292834157
-0.0353240018364806 -0.0845107518834502 -0.02706061851046 0.0602109620728207
-0.0477940871253533 -0.086743656159546 0.00755007213961976 0.0398522648909235
-0.0508199044279212 -0.0803831713376005 0.0312863194405221 0.00717950202649141
-0.0501465739418878 -0.102212774909927 0.0604583242270422 -0.0148558597374194
-0.0102744346353002 -0.130440218800032 0.0864029978472169 -0.0199993411096515
0.0392925536219954 -0.129214857436564 0.108141649000171 0.00410712147738005
0.109189018239913 -0.0924226522349429 0.0930906930997328 0.0388508304085946
0.157753565284312 -0.0263683510392388 0.0559178628985743 0.0567485100614468
0.158662887903678 0.0201215697370629 0.040549603314411 0.0276226947737134
0.12288522910521 0.0605844468984345 -0.0279976642256461 0.00168076977516548
0.151581696059159 0.0352156564598892 -0.0469768181049533 -0.0659471739485551
0.135477227044846 -0.0206968991854712 -0.0894762471435701 -0.0557458739450728
0.0967746545830389 -0.0862977094520453 -0.103244883224437 -0.0195302945658754
0.0471278083337451 -0.113128568518191 -0.0801141999069676 0.0128176609142559
-0.00200595116591558 -0.111210092778608 -0.0615199919931306 0.0248922753752589
-0.0373264455859081 -0.0927446142868708 -0.0419193269833188 0.0240893192813776
-0.0456702540892684 -0.0934409797306826 -0.0107374400911695 0.00705394608625275
-0.0448340179928064 -0.0877145596916516 0.0100507508828881 -0.0242505954891401
-0.0398233771054731 -0.109036842386818 0.0422363110768627 -0.0459811349485234
0.00228404935020002 -0.13403171018736 0.0779485384782536 -0.0500959181387132
0.0519620675667711 -0.12858869479507 0.109181660009881 -0.011745861155529
0.122228071843094 -0.084523963571313 0.0869240417848744 0.0347406941252064
0.164680610004436 -0.010547221988843 0.0284347902350972 0.0557574600886166
0.15594120051093 0.0347318604508783 -0.012843746282853 0.0106503459344973
0.110116538470627 0.0560788485787214 -0.0823611028276129 -0.0247769997117666
0.144183561287514 0.0320235056475042 -0.0853729244905244 -0.0715242383346416
0.131634373147685 -0.024976350871385 -0.0961000206249435 -0.0577300291673349
0.0886800506547402 -0.088501327516584 -0.0896834310597801 -0.0295420904566931
0.0385556388163652 -0.107934619105532 -0.0701225811943261 -0.0189251448919492
-0.004491512927931 -0.102051857162438 -0.0680037491867794 -0.0140452258998467
-0.0347577182887518 -0.0854338242870159 -0.0570364508509303 -0.0116611423727131
-0.0367251465905427 -0.0866793359192838 -0.0268518042022477 -0.0264237065240866
-0.0319522180402213 -0.0827061495739042 -0.00576092509118829 -0.0555372080376619
-0.0211590673312057 -0.10243874523751 0.0298868483904869 -0.0740787708700203
0.0188858906164778 -0.116641458093433 0.0738229552862991 -0.0725985195036035
0.0640956306265582 -0.10482726006781 0.109362516747959 -0.0210214292667659
0.120446521572747 -0.0556571527661534 0.0767362899178915 0.0318393002175047
0.147886216780896 0.0145713312745331 0.0028128792296951 0.0477462998804354
0.129966504546873 0.0474758559123406 -0.0568676671302791 -0.011251135933166
0.0758228697696779 0.0442022802687642 -0.129061982732917 -0.0416942475107162
0.107635873276503 0.0273282523853479 -0.115756056435348 -0.0661610721991337
0.100572017018449 -0.0201259937373871 -0.0981482305639433 -0.0552988270707182
0.0636769624289857 -0.0682518841536836 -0.0769493087848312 -0.037094666738155
0.0258155631373708 -0.0791621976721854 -0.0659327073629582 -0.045896909298996
-0.00355317818719394 -0.0741042596785384 -0.0766952265991454 -0.0445050980865878
-0.0233229159714155 -0.064075641393699 -0.0701661559216525 -0.0411201660877407
-0.0222520759506481 -0.0664462476339157 -0.038407517830188 -0.0547908806025904
-0.0154320113751734 -0.0658613830147012 -0.0138118846872436 -0.0838172112799193
-0.00231358731017358 -0.0796523925095278 0.0278488661518911 -0.0962709162819289
0.0308346124434711 -0.0825613827819116 0.0777476761869792 -0.0866899940215834
0.0653747748007282 -0.0674012828909414 0.109536597149122 -0.0246863240619137
0.101441497509214 -0.0199750004967124 0.0684739733973905 0.0282686746435033
0.110246218243058 0.0353825023760728 -0.0137610432290642 0.033343243197338
0.0860139070887553 0.0528178474938535 -0.0851111150074321 -0.0366200445504591
0.0264546604746493 0.0295355266245375 -0.158664154944082 -0.0488251778642556
0.0515629424296904 0.0246167836564156 -0.129450628373105 -0.0549455871493128
0.0532995089336625 -0.00402932807562281 -0.0967115633938218 -0.0531481110296234
0.0326069223733889 -0.0288899414467467 -0.0709948341683057 -0.0423269789277249
0.0147863405938072 -0.0333835983272455 -0.0689239404196964 -0.0597260841410801
0.00451392544974804 -0.0333411267745009 -0.0853760800670828 -0.0593868149087346
-0.00611039037734805 -0.0332579076477277 -0.0779801290541943 -0.0580144900747885
-0.00475464947309364 -0.0373410723328015 -0.0441388140849367 -0.0742857720849364
-0.000100635237922611 -0.0380356387306976 -0.0135364543665037 -0.102669818657003
0.008787595216768 -0.0452933405442158 0.0334660967049144 -0.109861702488662
0.0289694025938684 -0.0418987535997194 0.0861435275814412 -0.0924219602528458
0.049769710264767 -0.0298214705735937 0.111180742568505 -0.0239580986805603
0.0676521677598382 0.00645991304925989 0.0639407181911514 0.0229575661958798
0.0594675288663347 0.0420682450125329 -0.0179085700814217 0.0164469521683556
0.032892868359564 0.0449756200095735 -0.0946136047282128 -0.0594473222269102
0.013148493845474 -0.0195162312691485 0.103209487438165 0.0674197845875385
-0.0140723100873465 -0.0265983122411251 0.0445669051732951 -0.0194923587153719
-0.0254043932362781 -0.00653221364643092 -0.0538302498546284 -0.0337810682884498
-0.0137760358238867 0.00760835984441229 -0.11544480442046 0.00648104229487044
-0.00692471070470113 0.00472528424898512 -0.107023686259056 0.0845650187639087
-0.00753145137196746 0.000818062883371037 -0.0479536650106296 0.122072403396865
-0.00961248297656354 0.0025100615857128 0.0104481575198673 0.115053182234818
-0.0153636687172159 -0.00191356260983052 0.0510755566136068 0.0928305746319422
-0.0166241152313359 -0.000801478347368165 0.0776844282461439 0.0660427438499451
-0.0195500398831901 -0.00587292100341613 0.091110821599126 0.0585661332596241
-0.0120430735260705 -0.015530301415497 0.0837120646479093 0.0610150122761711
-0.00582126840989235 -0.0140524641085175 0.0781946524592004 0.0533517624934658
-0.000629885305272302 -0.0189104828015044 0.0862029910880904 0.0585432321684367
0.0148646071574095 -0.0284107646905201 0.111434025072978 0.0706498639391415
0.0277834194644909 -0.0165752744640037 0.161685170088975 0.060758367092616
0.0556984773495746 0.00706785335403065 0.0906102128352068 0.0698000652479217
0.0373680384209103 -0.00824730569286841 0.0349387651543683 -0.018810539012018
0.0174990668800625 -0.00741753681668266 -0.0577980310943329 -0.0328125356797821
0.0188365985957644 -0.0148011986832964 -0.115485458652913 0.00208765090840158
0.0129964748928842 -0.0295452238228049 -0.107393360659364 0.0750012762804585
-0.00482709101165726 -0.0373521138498915 -0.0547865311819904 0.112467776974547
-0.0211193932333314 -0.031772511342862 -0.00109761146686396 0.108095544225795
-0.0316637289878751 -0.0372785269601829 0.0411745029062366 0.0847357403434715
-0.0342722042087056 -0.0345855648233645 0.0694129818049608 0.0554120039039584
-0.0350724335054664 -0.0474162253586338 0.0894034236056102 0.0414317656984841
-0.010597865890329 -0.0662008726021379 0.0916446911434837 0.0422062360656084
0.016833257948029 -0.0632263764476897 0.090282742231646 0.0425097368994249
0.0479621593519832 -0.0479500921939564 0.0892258552649813 0.0530527935404455
0.0777054145696324 -0.0286270282233658 0.098523467855954 0.0623460175246926
0.0876755962096444 -0.0030994967843108 0.135866542725843 0.0516249204854366
0.0905661765866243 0.0341644136903049 0.062634235659873 0.0564499605961003
0.0878401717354553 0.014306427810791 0.0176692349115853 -0.031263981915828
0.0657488660444381 -0.00666680204607558 -0.0659364907409482 -0.0398277992107685
0.0547960048541214 -0.0385174444270681 -0.115787107514558 -0.0043122037191966
0.0326391723898284 -0.0639813082188115 -0.102353768716796 0.0614763970016123
-0.000684950755709531 -0.0722996152961129 -0.058339085196826 0.0920632475494655
-0.0293190548113993 -0.0628856447083661 -0.0133338466751558 0.0893658049792708
-0.0437101396181048 -0.0668537041819474 0.0260099501552624 0.0668737628057418
-0.0471270331485023 -0.061984612361949 0.0523335710890624 0.0341177421916437
-0.0474145546763599 -0.0799557093392173 0.0780677212311632 0.0151786964390447
-0.0127122163519454 -0.106190103557829 0.0922143800457285 0.012684528066951
0.0296697894431708 -0.104416672477466 0.101460412916795 0.02465517256965
0.0844672585651115 -0.0771815920388895 0.0925428548481572 0.0465970852611432
0.127386233071287 -0.0303755715126666 0.0791334888327618 0.0577445409088588
0.13362361413363 0.00855817838332818 0.0928435331847803 0.0408387407746115
0.113928798309152 0.0547629000901471 0.0227120496055636 0.0303696466413105
0.129514683310486 0.0304896047750894 -0.00957759044604781 -0.0511933846744433
0.110033338437254 -0.0115177063691786 -0.0764117648685419 -0.0497361605842167
0.083356488367301 -0.0654890191688879 -0.111327216567177 -0.011809390316947
0.0448756049173914 -0.0946761063271049 -0.0928082482414401 0.0404436935301078
0.000200309328490927 -0.099431991130297 -0.0588992281844859 0.0614521984516333
-0.0337710607126155 -0.0845104393696507 -0.0268556439083805 0.0590267716890875
-0.0478103734202648 -0.0858844155685354 0.00766433467247694 0.0395564618675778
-0.0504049366404643 -0.0801921692510206 0.0310245622323224 0.00670901744062373
-0.0492599855004242 -0.101272897259791 0.06000595363781 -0.0160182238303301
-0.0109945087972524 -0.129509817594303 0.0858515580899622 -0.0200024327245593
0.0391508629533747 -0.128532182098724 0.107464109407534 0.00470330021524231
0.108669438845055 -0.0913814619379924 0.0912792733785486 0.0404608260473966
0.157036085315818 -0.026087972284156 0.0544309815540768 0.0576400233831582
0.156781068440007 0.0214274017028659 0.0405406438808918 0.0280133667579517
0.121232318737454 0.0621369688064464 -0.0284337035688472 0.000211672277983546
0.15085072623295 0.0354451299077197 -0.0453620193518884 -0.0675382461412295
0.135025156825364 -0.0187538109573196 -0.0868844763860888 -0.0567693207968267
0.096666101938429 -0.0849580117495224 -0.102073394578215 -0.021760016694751
0.0464327917142606 -0.11191851752838 -0.0800964662686319 0.0107222185046954
-0.00225427033772891 -0.11072005784529 -0.0617339400315929 0.0236555588527507
-0.0368559884062059 -0.0921454117640249 -0.0414436555155879 0.0241384279506084
-0.0455192027147327 -0.0920592253158116 -0.0107813852650188 0.00626569156130009
-0.0448483886600894 -0.0872381651647494 0.0102557795758734 -0.024799581687381
-0.0394593124822286 -0.108598624960927 0.0422364518280629 -0.0462842677960177
0.00148858240074213 -0.132981021746216 0.0778488180190848 -0.049306563274969
0.0511510236394668 -0.127714895395453 0.108673217701598 -0.0116538228497382
0.121237698675454 -0.0838151683926929 0.0850706775233595 0.0364462948412607
0.164041901679255 -0.0104705336737478 0.0275204224526754 0.0559178668764713
0.15472777845279 0.0357954241884678 -0.0119831443388202 0.0106591727543728
0.10786962397834 0.0573159539846366 -0.081811015642432 -0.0261775308137472
0.143518255125395 0.0323730022381303 -0.0840256615059726 -0.0728681473673915
0.130768843882753 -0.0236726290284243 -0.0938682262230167 -0.0589099416807397
0.08814732683569 -0.0868268402776257 -0.0875890053556053 -0.0311415734382928
0.038244259645059 -0.107258870542283 -0.0694547454062965 -0.0209492194258521
-0.00463124520303505 -0.101578434592346 -0.0681520749656097 -0.01484636947587
-0.0337962711122365 -0.0846076766619259 -0.0568339556716059 -0.0112188861741506
-0.0370295094539754 -0.0845209294707177 -0.0261966345729778 -0.0269502162674146
-0.0315767953721168 -0.082161141834579 -0.00524994222042329 -0.0563221841064035
-0.0205740570775095 -0.101758159432289 0.0298383412393154 -0.0737773905769466
0.0183821076620065 -0.115417782872687 0.0745385880539066 -0.0722922910642118
0.0634620256891731 -0.103258021311707 0.108516157925482 -0.02089628953385
0.119558492804165 -0.054765375547063 0.075603685844821 0.0327888223786831
0.146603055867579 0.0152418908114936 0.00245223325784628 0.0479489468500137
0.128302886715854 0.0486111353724017 -0.0554170361172697 -0.0114887163722238
0.074106297063084 0.0449033130930746 -0.127869561971973 -0.0434950820316747
0.106605817421559 0.0273255210408846 -0.113818008053903 -0.0679921274899453
0.0998921204264514 -0.0193828381796324 -0.0960822251533466 -0.0560048970345013
0.06363876060568 -0.0671255417814216 -0.0753529312878375 -0.0381825498660892
0.0254080963554815 -0.0790017896126451 -0.0654437559795879 -0.0475864956249585
-0.00341237066732027 -0.0738118001399451 -0.0772453761613039 -0.0444552329466937
-0.0234174979983395 -0.0637760167520162 -0.0697570317279928 -0.0402320988093972
-0.021961524959871 -0.0656326649320299 -0.038200277645704 -0.0551047336723171
-0.0154889460051318 -0.065186060055722 -0.0134367902666212 -0.0832930445143661
-0.0020173774512907 -0.0787828057847675 0.0277516808705726 -0.0962123958062447
0.0303310481088758 -0.081184466245033 0.0774256118440881 -0.0860912105137044
0.0644262344927801 -0.0655893917953233 0.108959654162387 -0.0241217421511164
0.100309079231119 -0.0194298322947932 0.0668266739885542 0.0281750485088445
0.108739079829496 0.0354536544124027 -0.0142829954496423 0.0332784990660945
0.084276332505282 0.0535203594837013 -0.0832308567717553 -0.0358879168086178
0.0252708091375118 0.0300224140464441 -0.157130900268295 -0.0506049835948872
0.0511774953859054 0.0247321640952388 -0.127710682982179 -0.0567635726949595
0.0529449670776233 -0.00362366915291908 -0.0947228648695439 -0.0541449340816705
0.0326384137272036 -0.0290596680021937 -0.0694203445033501 -0.0441434164613606
0.0143330985134125 -0.0331103174895144 -0.0679529450522943 -0.061189741516995
0.00499738857428829 -0.0335492115760783 -0.0846970999523906 -0.0591691550841732
-0.00587470814702857 -0.0334023431185611 -0.0773345202453898 -0.0574865955135041
-0.00517493836018713 -0.0364368991147185 -0.0434705007972397 -0.0745096056290478
-8.82151799453655E-05 -0.0375569076459223 -0.0131542334903604 -0.101968274068484
0.0089493395976425 -0.0440355787303599 0.0340747737716932 -0.109118785158523
0.0287452227268852 -0.0406626282707666 0.0855790407442605 -0.0905894790054945
0.0495467523631162 -0.0291426181733968 0.110508023886561 -0.0233509889621843
0.0664001829151371 0.00675873081025981 0.0627500990641921 0.0233997313905158
0.0588903145942135 0.0416092629394505 -0.0186231023124723 0.0165213803322717
0.0315285494548286 0.044804240917562 -0.0928286030567338 -0.0586535775606956
0.0141282835155093 -0.0195953526703488 0.10466075274064 0.0685432906527396
-0.0148383598172213 -0.0269475294661079 0.0453187852937582 -0.0211033810010384
-0.026021294041268 -0.00672335171079221 -0.0538000555929114 -0.0361032032489756
-0.0144376306641657 0.00757351775006546 -0.117060038013938 0.00491131066449288
-0.00724127924644389 0.00476730770626105 -0.108397785237648 0.0848785460758894
-0.00860409221951304 0.000802358736300061 -0.0489354189995566 0.122375927081973
-0.0100360658896433 0.00201261428645653 0.0100815533977973 0.115485682400872
-0.0154876290075945 -0.00266864845852043 0.0513300101292815 0.0938124058173671
-0.017503890234897 -0.0017310378147049 0.079119845476092 0.0676181865661905
-0.0198930884825544 -0.0061214436635092 0.0928289164867285 0.0595662565694924
-0.0118856777939717 -0.0157877134399751 0.0849977237631314 0.0628595772706446
-0.00597349642203436 -0.0152434491944304 0.0783633194457393 0.0553446560679102
-0.000107842023333209 -0.0196233328471774 0.0862554703629288 0.0617165461411138
0.0153050677095942 -0.0294835481906852 0.112115531010341 0.0740182102921012
0.0277315248825115 -0.0165481460268877 0.163086058262844 0.0615836188241369
0.056070147259713 0.00805068745480068 0.0912604957248076 0.0711784130817035
0.0376106922637703 -0.00782814811970262 0.0358282122915777 -0.0202215292813422
0.0181583855230486 -0.0073217962018438 -0.0577471028760966 -0.0345457752136183
0.0192528334284613 -0.0148112309875764 -0.117416738876432 0.000103958536577537
0.0129418561969203 -0.030051194105235 -0.108868386314422 0.0747816041921951
-0.00571047622284704 -0.0375768977434768 -0.055788153199362 0.113110366573474
-0.021584530410454 -0.0330573429789806 -0.000499332324590839 0.10886326579425
-0.0326175028162508 -0.0377142972511119 0.0415716805492077 0.086407038012773
-0.0356165420178996 -0.0358201410556047 0.0702609989609741 0.0557179873436877
-0.03546077478243 -0.0486732592637372 0.090950622693509 0.0422070173541693
-0.0106206251534673 -0.0681274203998682 0.0931748547811034 0.0436775081984733
0.0173946285080182 -0.064149454995503 0.0910749782631188 0.0443014856551812
0.0491272545822902 -0.0488275590301914 0.0887991020384792 0.055798131143922
0.0792632294807789 -0.0293316219350876 0.0988056276988275 0.0647665353191721
0.0885583335564083 -0.00217413514498255 0.137198877770403 0.0530263859899738
0.0911923841699394 0.0362475470866418 0.0634354337864535 0.0574804117014961
0.0886779397968017 0.0149102487004481 0.018440194961394 -0.0331202601113909
0.0668688590095792 -0.00612473920780169 -0.0655248185147137 -0.0417877068187924
0.0552889263818463 -0.0383681481809797 -0.116872184863993 -0.00626262944396073
0.0328437458980061 -0.0650210014341465 -0.10405362893404 0.0603367118797558
-0.00155313059931241 -0.0737216449466111 -0.0593585872046026 0.0922406883662278
-0.029252031301726 -0.0640966022662131 -0.0130425773254641 0.0896536870929662
-0.0441747847716517 -0.0676544579822187 0.0265990471128879 0.0673208206312759
-0.0482127248029435 -0.0631383234488044 0.0534421581755903 0.034712802465525
-0.0478335598110113 -0.0817631105666185 0.0794198241061721 0.0141464901100659
-0.0131641905376726 -0.108207113022733 0.0946490223229185 0.0138537948908477
0.0297626902001064 -0.106393650934627 0.10254412123445 0.0255816715056904
0.0865021545069526 -0.0781696975702907 0.0923751485119463 0.0496656711465412
0.129906570088132 -0.0311540480893443 0.0785761065316921 0.0602204150329979
0.134178716072273 0.0101351434235859 0.0943196135584799 0.0418786276782024
0.114270220083304 0.0572505090383891 0.022547929633917 0.0309364101345481
0.131413725499637 0.0311209167182755 -0.00860918855912494 -0.053491791639513
0.111670177769865 -0.0104917745142095 -0.0756844908609791 -0.0521779311145275
0.0846540573999843 -0.0658507869387614 -0.112860158645379 -0.0144201976418238
0.0448703174037383 -0.0960342033281292 -0.094389310162671 0.0388359708244925
8.94467035528887E-05 -0.100626757812746 -0.061442110428115 0.0613515133026789
-0.0344964841443145 -0.0858547330667393 -0.0277230938279759 0.060403281131546
-0.0489056509331508 -0.086349183695504 0.00730230712606507 0.0392724442792909
-0.0511923385833395 -0.0815095432770597 0.0313674265669292 0.00645970362838728
-0.0496318211363782 -0.102867259245281 0.0610365372600219 -0.0165991921423566
-0.0115878667606076 -0.131887572441368 0.0879325115400449 -0.0193063564492071
0.0390643173936703 -0.129821277052392 0.108402292927112 0.00525132647174774
0.110609958162611 -0.0930706025137332 0.0917820943818253 0.043369216808024
0.160500257883386 -0.0261121316849334 0.0540615749461575 0.0592243283104833
0.157707355373793 0.0237257149231625 0.0415607676868954 0.0286283900314634
0.121398413210159 0.0650823711309861 -0.0288768234647272 -0.000823413752609574
0.152767826654818 0.0363494684361627 -0.0450464076511023 -0.0707584888555901
0.137006032515403 -0.0183473579882906 -0.0858165565725248 -0.0593282646798395
0.0974986698110557 -0.0855489491334999 -0.103074444544326 -0.024000968509109
0.0472368018258113 -0.114037157991087 -0.0815917135684073 0.00914489958182766
-0.00187987837058715 -0.112457587318717 -0.0635388018070845 0.0233119619261421
-0.0373389989355473 -0.0936327437125995 -0.0422490280194422 0.0239746528378471
-0.0460765665008607 -0.0928061383412606 -0.0111665538216307 0.00570981474599663
-0.0454355992702417 -0.0879164852854046 0.0103139306932992 -0.0257355725162946
-0.0399886419863773 -0.110313378898713 0.0422469372190186 -0.0475164820425247
0.00106596650893501 -0.134851742681179 0.0787037899488352 -0.0497489200487186
0.0518912141564665 -0.128887282566837 0.110142466026278 -0.0112704109630142
0.123052231273039 -0.0849232881400929 0.0851848274547 0.0384915184581658
0.166595034505645 -0.00969687497861844 0.0266969839870621 0.0569839665405787
0.154855485494357 0.0376666174391644 -0.0113332287992851 0.011017808723834
0.107921809114582 0.0601872151467719 -0.0825026121398487 -0.0280479797359956
0.144972555216543 0.0338053412940474 -0.0841815715924285 -0.0767244033124562
0.133652270695353 -0.0230388935383665 -0.0925635262982871 -0.0609487521850854
0.0893759214585891 -0.0881107661740968 -0.0880888127301236 -0.0334710571591169
0.038666444585748 -0.10865089980278 -0.070927763935527 -0.023476568706684
-0.00427695633965056 -0.103548586466118 -0.0694394278327012 -0.0161291264530144
-0.0337721767224038 -0.0862052841755436 -0.0574170519493898 -0.0108917584475949
-0.0371203330214416 -0.0855857868587548 -0.0276619085188387 -0.0283787670519019
-0.0319562556559042 -0.0828019146470705 -0.00553230163640389 -0.0574402598888117
-0.0208940712836029 -0.103091353793874 0.0307398285870589 -0.0753591256924271
0.0184097456137009 -0.116724519262572 0.0753283243909687 -0.0731703225027931
0.0637327418238102 -0.104257810288048 0.110117094286455 -0.021409170629811
0.120811704985936 -0.0550723158113523 0.0753284370819459 0.0349047695161068
0.148525989303411 0.0158131603820848 0.00169432364118219 0.0489313401170735
0.128696175676972 0.050416776825265 -0.0550389781184279 -0.0111643899243512
0.0736167162641896 0.0468763386942959 -0.128773402589266 -0.0462043721417566
0.107811584384639 0.0282092812648787 -0.114241144045627 -0.0713680418759764
0.10160401340765 -0.0191058176200653 -0.0955637168927933 -0.058662837990974
0.0642278861515393 -0.0676284327259028 -0.0746061785775998 -0.0411582602143601
0.0256947714314989 -0.0797065872066122 -0.066561457389403 -0.0504125067514658
-0.00305012281709747 -0.0748560731517788 -0.0783443016530649 -0.0452363937943843
-0.0229023204477476 -0.0644766170342209 -0.0701527795553632 -0.0401924054376956
-0.0229313782038116 -0.0656924273245212 -0.0387896071331334 -0.0565670338653127
-0.0155634879224659 -0.0656204385045931 -0.013822468392112 -0.084989432744521
-0.00203952374736603 -0.0794409639696388 0.0281752771940031 -0.0975705367306337
0.031033883605522 -0.08185495360602 0.078673540272768 -0.0867472535419516
0.0654121847304777 -0.0660352618665692 0.11101574999029 -0.0250214432594711
0.101245185785334 -0.0186552853903183 0.0667908610711575 0.0302189895456799
0.110092606686926 0.0366340232869118 -0.0147757528521559 0.0338208716698486
0.0841728398691016 0.0552029439283459 -0.0833500387141586 -0.0362417162589843
0.0246512664130736 0.0314326772731447 -0.15756514805847 -0.0524948056339836
0.0518483895851834 0.0253916301489115 -0.127949760836114 -0.0600394118494527
0.0542107538992455 -0.00337374453494138 -0.0945727350388538 -0.0561648497903381
0.0329099649727269 -0.0296085955885034 -0.0687760678244346 -0.0460079976913224
0.0146065743946788 -0.0333901319585133 -0.068650733620419 -0.0633852756576827
0.00511620549643012 -0.0339798056384395 -0.0867546240804652 -0.0601793741019757
-0.00581548273999647 -0.0334861361763808 -0.0777149759821685 -0.0576628595885291
-0.00542394169391268 -0.0365316428155548 -0.0440916597303215 -0.075805721794323
-0.00015225158548119 -0.0377644427451637 -0.0127148391496756 -0.103563043849473
0.00960137260297535 -0.0445150696657667 0.0350267809527418 -0.110357809633282
0.0289432737776004 -0.0405223763999477 0.0867129446846865 -0.0914399175382958
0.0498916014944453 -0.0289008036583563 0.112048045531133 -0.0229283583342785
0.0670853197341826 0.00714847520866041 0.0629517444057535 0.0248067100717967
0.0589525384859823 0.0427151719870991 -0.0181843652644733 0.017002366975081
0.031443685562181 0.0464741954377571 -0.0927702673062694 -0.0594348564732595
0.00178550034181518 -0.0246996461637612 0.126117376885573 -0.0100466877412508
-0.027683896198928 -0.013104874556283 0.0224968816790725 -0.0466000242040553
-0.02564970130132 0.0100640692103427 -0.0680746841027198 0.00359830262707231
-0.00774656837923834 0.015131978866799 -0.0946320475061853 0.0768026700190218
-0.00259691261036981 0.00832060944512928 -0.0364483800133637 0.136294282791548
-0.00671645187484769 0.0058110879311174 0.0360981453094263 0.129811034522028
-0.00706449070099748 0.00714200584605891 0.08000864394197 0.0879533386631151
-0.0147209567400351 0.00760661001053888 0.100148481863838 0.0442147598274409
-0.0151768542427278 0.00923650581129989 0.106446068791224 0.00468515915245043
-0.0197009495540674 0.00681165868792692 0.114171511584377 -0.00969295715006745
-0.0193066915135243 -0.00628884056780157 0.109450486361464 -0.00214403424152477
-0.01278638775879 -0.00968622145377944 0.0992817185276992 -0.00188672929178317
-0.0114659992908232 -0.0174952629385134 0.109341893777937 -0.00224342475046268
-0.00477479000274398 -0.0349632940706624 0.141925035206855 -0.0101879076468822
0.0145735429698144 -0.0312315423949683 0.175181015058706 -0.0530230479653418
0.0530927313977253 -0.0254986700715438 0.118417278494819 -0.00260237447746334
0.025407623956173 -0.0286201070830642 0.0165327884516192 -0.040954080089477
0.0103798615338493 -0.0158937181778814 -0.0691250739072198 0.00401854031849751
0.00668210982789756 -0.0220690443718973 -0.0977919839397872 0.0714346052517142
-0.00688458677421067 -0.0317577916126631 -0.0436203261333067 0.127826424780296
-0.0272986781036119 -0.0272608681096827 0.0233500433791228 0.125170838750104
-0.0373036087069172 -0.0143434794740246 0.0666517682500454 0.0898559188583503
-0.0506190449680363 -0.0107532366181184 0.0881906096251925 0.0442300983440325
-0.0511779610137808 -0.00720701658864303 0.092475500950574 0.000458936407953481
-0.0597911471699361 -0.0182842453427097 0.101165130814281 -0.0231463489401619
-0.0517164630274861 -0.0499401127879134 0.103679057095907 -0.0224808995426709
-0.0250275206647715 -0.0662153788923654 0.102619719253616 -0.0190851127599844
0.0118329795578634 -0.0747209514487941 0.108240448802378 -0.00802727451080726
0.0491264968950358 -0.0759929844082424 0.125051048418594 -0.00743885515212639
0.0750190503613313 -0.0581012944317999 0.146146562528905 -0.0418761236246433
0.0983774567577429 -0.0214743204969396 0.0882927323607318 0.00037897825894232
0.080355995214067 -0.0397585853871209 -0.00354884221867079 -0.0422240665629309
0.0510950539969018 -0.0437989497792442 -0.0775872726805198 0.000407475475516473
0.0221326189111515 -0.0621280489256133 -0.101055867284429 0.0636504109274068
-0.0117591489335765 -0.0719663153560913 -0.0491356490530504 0.111942969692357
-0.0460129321977345 -0.0589634366627478 0.00708852623396431 0.109799416496821
-0.0625371846946906 -0.0337826199113829 0.043967873891692 0.0819625570790012
-0.0784326923839884 -0.02739302170969 0.0635462086100696 0.0383414486668024
-0.0793293027887521 -0.0225503667552775 0.0656794502143616 -0.00610553288591549
-0.090966175598021 -0.0376456638191976 0.0743922140297069 -0.0381161016883815
-0.0799761705889217 -0.0822675735440525 0.0850630314009285 -0.0473304792040073
-0.0412483142582927 -0.109142761812524 0.100181211204684 -0.041182492972041
0.0241573654140535 -0.123780157932567 0.106132993399565 -0.0149541136697211
0.0905380940674087 -0.110805714153278 0.105260668298009 0.00325213389821784
0.120909656926524 -0.0772870355992292 0.101816504803684 -0.021856377512961
0.129912044439755 -0.0164198402549778 0.0392757140593219 0.00208021323416284
0.123963427427467 -0.050949246382506 -0.0365401246198503 -0.0430337473277433
0.0852012843767891 -0.0744333850612399 -0.0920059598423772 -0.00390003584686205
0.0301253031261177 -0.101615720953197 -0.103206339916325 0.0527284316719735
-0.020084091995978 -0.10451246166938 -0.0549858884971774 0.0864975191416387
-0.0614776915142531 -0.0817936262495947 -0.0136259606221291 0.0854623299391175
-0.080364419748696 -0.0484148083046342 0.0135332349625749 0.0665472426966525
-0.0939112265058342 -0.0400928767519278 0.0301281481564083 0.0270947130334039
-0.0938144250223707 -0.0350990873491358 0.0301709009038115 -0.015396339234514
-0.106375656688653 -0.0542863798383671 0.0399572373745652 -0.051831004627311
-0.0939376121350426 -0.103812286437984 0.0586428963819085 -0.0705378814366796
-0.0481038132660488 -0.134928502345082 0.0922941090953595 -0.0623187942106446
0.0351425413244789 -0.152526379804086 0.10186117390636 -0.0195458620879935
0.118813031559015 -0.126485198605408 0.0839361218037961 0.0192868656464571
0.148915325014879 -0.081780857725847 0.0486336900393939 0.0023907418706225
0.139781997398034 -0.0136254131371548 -0.021659398695199 0.00732229117550673
0.144451070001568 -0.0593073790929749 -0.0760160328049107 -0.0345870013625368
0.101390868056574 -0.0960798510498081 -0.10406269709772 -0.00513995457083824
0.0293074723156383 -0.125498514085952 -0.100937224008403 0.0369600875398898
-0.0294663750990227 -0.119717438982951 -0.0636013823941163 0.054243106008448
-0.0698546732714961 -0.0901486894662556 -0.0400334924377378 0.0549932602970155
-0.0866374280896177 -0.0533706251601143 -0.0208497963825463 0.0470225099483483
-0.0958817616612044 -0.0468027729838527 -0.00591285281235317 0.0112584130319174
-0.0929879639787936 -0.0450305584200849 -0.00707406530597916 -0.0281467685595508
-0.102987886343997 -0.0663952886377931 0.00487296667773158 -0.0656332847919325
-0.0853502954226686 -0.113296156651545 0.0325918799514725 -0.0899965772322578
-0.0370809070623698 -0.141627909004469 0.0825072344169446 -0.0772281316594641
0.0511861435303988 -0.153048543056591 0.0935333638592608 -0.0197540755041648
0.134538304771024 -0.116866973072905 0.0596624808373409 0.0353922442706738
0.155163538349378 -0.0678881504502273 -0.00696140347256631 0.0215754880218206
0.125107144252553 -0.0100225520964157 -0.0823001750550702 0.0192639167319471
0.136630506815408 -0.0564713025691612 -0.111434166409041 -0.0152982952558092
0.0950114065453781 -0.0971659210152656 -0.110874685015588 -0.00205472532999225
0.0211831526934535 -0.122090799072364 -0.0947703189872892 0.0202256370548609
-0.0335817564627961 -0.110878514730325 -0.0751466476659143 0.0214904686110286
-0.0665791100215343 -0.0809254967972119 -0.0683081929068385 0.0281089233236556
-0.0795878834403282 -0.0486202910364713 -0.0549604876760496 0.0271256156380006
-0.08376859313054 -0.0465384060008613 -0.0399595253673525 -0.00567782416647183
-0.0789492269658699 -0.0488873475555182 -0.039828359844679 -0.0441020266916735
-0.0829747685540972 -0.0718375528459775 -0.0219020130447789 -0.0813055033617176
-0.0589029428380804 -0.109097915397507 0.0141920353542634 -0.106089973596198
-0.0110107405933643 -0.128305520494338 0.0761242381800932 -0.0854806873512189
0.0687091882939667 -0.125554091217576 0.0820679728484124 -0.017559826004387
0.135363024479918 -0.0825747428676719 0.0330953145843109 0.0447642335674404
0.140470144410696 -0.0399914576963905 -0.0573311994002479 0.0302373853088597
0.0880378650791076 -0.00154215880521607 -0.131643264163677 0.0362255393036428
0.102767232316451 -0.0389065832151893 -0.133860553283369 0.00828278058911905
0.0715274384073077 -0.0757231003775858 -0.112496340335753 0.00324378762235796
0.0124929517795176 -0.0918629660263261 -0.0882826264929718 0.00664421372557814
-0.026782142875426 -0.0793739782912462 -0.0871242529629622 -0.00284532425951151
-0.0478297748220492 -0.0588320691159493 -0.0941076378980562 0.010420086028362
-0.0576188761141448 -0.0374439633385752 -0.0833440485550095 0.0108646423368382
-0.0594889619398133 -0.0390172645646223 -0.0676116633086456 -0.0220540191040499
-0.0540373948786953 -0.0447959249245859 -0.0638230233664614 -0.0613732423771913
-0.0526647453339051 -0.0641796022490523 -0.0369734438125818 -0.0977267026487059
-0.0263575097314391 -0.0885112003411764 0.00913086697031603 -0.119569870461893
0.0137348029072063 -0.095980072191045 0.0749144618100856 -0.0894942615004512
0.0750748271484679 -0.0813734846420994 0.0723542756001385 -0.0164365736956636
0.116202187117455 -0.0396070809793157 0.00941909577598616 0.041193672123701
0.106366471499805 -0.00727663448712308 -0.0957301877799917 0.0254590863377051
0.0372413689401705 0.0133698420070626 -0.159689716667994 0.0512835692423187
0.0556636262473808 -0.00892137858803212 -0.139627718709468 0.0282746097964688
0.0416466107920283 -0.0346586000888911 -0.111047559128648 0.00736241476775566
0.00898042272267194 -0.0424951114022324 -0.0853477534268805 0.000631814986096311
-0.00809860328866534 -0.0353170504769808 -0.0971654919194523 -0.0106828041364841
-0.0162393890263509 -0.0301731984306097 -0.107936794494382 0.0048692045689158
-0.0248193793971245 -0.0231344478236107 -0.100591069118009 0.00224235687594614
-0.0265590259260652 -0.0262174799883741 -0.0841531754194079 -0.0348120930335241
-0.0242309160249181 -0.0309861976388204 -0.0753308739756322 -0.0769956701187478
-0.0211978438927216 -0.0424874823064259 -0.0398285540253535 -0.112547336425021
-0.00156761831919173 -0.0534438048322487 0.0131071649167792 -0.128071727698434
0.0245013336150735 -0.0557083976978573 0.0771090430924856 -0.0888564455224632
0.0627734098567354 -0.0372424502628022 0.0655348836618986 -0.0186701597163771
0.0768239620030697 -0.0011667801045992 -0.00455172760641015 0.0289605104479532
0.0558250131329128 0.0185596483593033 -0.117089308552147 0.0117022328440764
0.00108139278262338 -0.0258956377627123 0.130583160852005 -0.0151652967754938
-0.0290014236459382 -0.0126620275492352 0.0207031795507953 -0.0504784677341673
-0.0254892414416171 0.01133074438131 -0.0706558910306687 0.0045848004689269
-0.00716867444311117 0.0158775415034824 -0.0952571373336521 0.0832383127254704
-0.00236495797065811 0.0087189310228907 -0.0325007477549767 0.142619765357623
-0.00678954882525229 0.0064659305269396 0.0422564076225876 0.132953890332386
-0.00778844192630809 0.00821447968172917 0.0859581896225262 0.0871697246657917
-0.0154337576315688 0.00878101726863968 0.105880689466159 0.0417604131810545
-0.0154366275691357 0.00974294656389769 0.110412720291186 0.000107340066194696
-0.0201485374096643 0.00733925411121178 0.118107185107165 -0.014818140884186
-0.0205155360669104 -0.00599462483028829 0.114347498545049 -0.00597850890122449
-0.0142026173657988 -0.00967907408578329 0.103206171149175 -0.00437559662763088
-0.0125219883130997 -0.0180527783116856 0.114415286302233 -0.0041840109607645
-0.00678709005200877 -0.0358106606978182 0.147598139288064 -0.0147326030965971
0.0144001576691513 -0.0319838737587244 0.178249046695838 -0.0614427202929068
0.0541501048122643 -0.0281849419714911 0.12185941709437 -0.00717607561513096
0.0252499162012791 -0.0306866613301144 0.0144276310169133 -0.0444124920087192
0.0106003385942275 -0.0164884939918704 -0.0712624364140861 0.00564115263770003
0.00575385367453041 -0.0224816953621044 -0.0992930078431539 0.0771177513856399
-0.00857272722153035 -0.0326117455997776 -0.0406732626347397 0.133654700759261
-0.0299683114891892 -0.0267905557445948 0.0285675136322384 0.12846658305263
-0.0398674261393084 -0.0127582475986415 0.0720724828953621 0.0895345784687143
-0.0532754048255508 -0.00859813814698653 0.0925439803737365 0.0420793623798848
-0.0539131287608969 -0.00602899667901647 0.0957347291865062 -0.0033748183980213
-0.0628697867693216 -0.016664414374727 0.1038354076663 -0.0282642560983022
-0.0560426053090304 -0.0501100152071712 0.107006282207302 -0.0277692114338495
-0.0290468001125849 -0.0668658006122309 0.105016268563612 -0.0227987327968318
0.00924842560217083 -0.0786166536204544 0.112650232655437 -0.0108212278646778
0.0473643536105259 -0.0816776305664407 0.129525425738716 -0.0113547921242422
0.0759796171620913 -0.0621162426690424 0.149421316467907 -0.048692078080409
0.101750659788304 -0.0251082598897991 0.0905414404189136 -0.00255741321019348
0.0814318730629982 -0.0441686470342622 -0.00645592246431637 -0.0444807169809945
0.0517281617697199 -0.047002548418276 -0.0805185910044244 0.00160461425798064
0.0207612240192242 -0.0648658809980028 -0.103315955561405 0.0695934387162138
-0.0155188854120586 -0.0733689713489864 -0.0476548011033225 0.117738790201082
-0.0502480139939059 -0.0587725722578299 0.0107807739979569 0.113315368548086
-0.0664760545000147 -0.0326937595215049 0.0484921172112286 0.082509417062299
-0.0829889470451617 -0.0246244676623241 0.0670513280356182 0.0376186867266672
-0.0830026973720281 -0.0201129841008132 0.0673473288700066 -0.00925959384918037
-0.0964993445373152 -0.035516645176623 0.0751427556936397 -0.0425579819819076
-0.0869712676602732 -0.0816394482160817 0.0869896390036859 -0.0528101752688769
-0.0469717937827951 -0.111057459770207 0.102249442747776 -0.0461969706918469
0.0204318828839615 -0.129358703105532 0.110184460127515 -0.0183413188938556
0.0888918347771754 -0.119230123825656 0.109292496708102 0.00031406056704639
0.122522359597949 -0.0836755199561089 0.104817205456362 -0.0264445137516237
0.134603854985451 -0.0212058804612733 0.0403812731297097 0.00059147669914241
0.126598280652937 -0.0581444023604738 -0.0404557504794113 -0.0442744838098487
0.0858504700905304 -0.0796104689026035 -0.0947361193543986 -0.0030890318181528
0.0275979970536234 -0.105659270882045 -0.105913485043631 0.057369026049915
-0.0257102987764532 -0.106974767829012 -0.0547629703768511 0.091680478207755
-0.0673521846849775 -0.081712269633605 -0.0116508889315893 0.088790209935475
-0.0852482160247874 -0.0470009461740544 0.0174138185743813 0.068204245518971
-0.0995614370757409 -0.037159155044489 0.0317383466966025 0.0269316869129511
-0.0987475548804175 -0.0324521231698181 0.0299493858690998 -0.0172318342138868
-0.112708982544392 -0.0517562854785101 0.038960935055194 -0.0554893746454326
-0.102167780535185 -0.103137124197445 0.0580799878593841 -0.0752488938242878
-0.0561886347250032 -0.137011373367445 0.0921159464433054 -0.0680586962521373
0.0301719619696753 -0.159354254197262 0.105319264538731 -0.0222930336473667
0.117779347855709 -0.136462113754292 0.087956360798772 0.0176953162179615
0.150459442759643 -0.0886049411195949 0.050600922056997 -0.000151928197880133
0.145049916198161 -0.018129223541142 -0.0225398782403937 0.00856760853619032
0.14744832448112 -0.0674393310157343 -0.0808666579556744 -0.0343007920334798
0.102044845307602 -0.102869574107923 -0.107628688858595 -0.00395276535021106
0.0249006268377936 -0.130942375333068 -0.104480109799557 0.0411092468268329
-0.0362502754511492 -0.122997393816858 -0.0649905756834629 0.0575413776503682
-0.0770228256351102 -0.0902533588450076 -0.0399173784143386 0.0590918498149344
-0.0915426304060536 -0.0515601925440829 -0.0189382060874821 0.0491726879554975
-0.101642921620273 -0.0441725333975098 -0.0064235628875784 0.011964312864985
-0.0980955663476143 -0.0425508052847137 -0.00896844109619981 -0.0290354885596236
-0.110024097774636 -0.0639020015682914 0.00177100200734268 -0.0690173434882733
-0.0937667096804324 -0.113806537627097 0.0299410335041107 -0.0946123047507715
-0.0438279950163686 -0.14446770234239 0.082251376007345 -0.0833721367551468
0.0464094472121186 -0.160379910366563 0.0962332089708302 -0.0220961303246006
0.134205541705337 -0.126247768648999 0.0624789854890733 0.0353857983969858
0.157816293433291 -0.0742730553948561 -0.00576992010728963 0.0227099987495523
0.129708858987266 -0.0136711107740782 -0.0854342047709063 0.023032900720565
0.138679931365229 -0.0643087108980886 -0.117074564081892 -0.0127759782648941
0.0950554774972888 -0.10461355411026 -0.115001474857837 -0.000504386400722153
0.0168678784326761 -0.12755751901513 -0.0982641566633053 0.0220200855119491
-0.0397765970338263 -0.113036757755433 -0.0780692666326179 0.0241662525892756
-0.0726789831951455 -0.0813554432656038 -0.0707471286260983 0.0318630256617284
-0.0842167990222682 -0.0473899272794661 -0.0549853368117548 0.0304682933566758
-0.0888844394853656 -0.0444668183689842 -0.0421499331048467 -0.00455618423806708
-0.0837747755831677 -0.0473733064143238 -0.0436298887887089 -0.0443122198730656
-0.088829572760882 -0.0702770226819498 -0.0267257219207422 -0.0834798266912631
-0.0660082073851739 -0.110188383683216 0.011124032420548 -0.110576854202304
-0.0168015022698355 -0.131717892411809 0.0752641363170915 -0.0918632789894976
0.0657564088447356 -0.132311692867737 0.0849449424137552 -0.0195304915482826
0.136535701304207 -0.0910027945676806 0.0353977975124809 0.0458683809970352
0.144067825859305 -0.045114600882278 -0.0574480714538876 0.0329362116763379
0.0917381660787041 -0.00371917764301864 -0.135853026202863 0.0412162195520654
0.104750750927387 -0.0448497888347472 -0.138808698134967 0.013572397227947
0.0708511369404847 -0.0807295310684581 -0.11625580631464 0.00562997626011934
0.00857106101508638 -0.0952761220014456 -0.0911363330383352 0.00833616283147925
-0.0320078133120277 -0.0802646012989801 -0.0912989624489912 -0.00044112704777723
-0.0524424715738856 -0.0592788688199877 -0.0969339443540576 0.0148072274710747
-0.0608518844114133 -0.0363657819570658 -0.0854682733971761 0.0152445070864724
-0.0632280914543823 -0.0377844658640823 -0.0714257408985998 -0.0203885409563847
-0.0579584861873667 -0.0436601257610459 -0.069136580056199 -0.0609197282039215
-0.056963894039949 -0.063573770765807 -0.0427200660689421 -0.0996069854752632
-0.0307995907739632 -0.0898108531462314 0.00552903953684073 -0.123946506556629
0.0105206133504408 -0.0993324241186934 0.0738442760687233 -0.0950106910725752
0.0740831528495741 -0.087366637666099 0.0740914223644959 -0.0182058045105038
0.118207225171083 -0.045737190942605 0.0109685907502549 0.0429353928823929
0.108842747001446 -0.0107128756132294 -0.0970997969313504 0.0294112042337575
0.0393820509928912 0.0133478080115255 -0.164023730120274 0.0584227863588352
0.0572592924158055 -0.0108852194515082 -0.144270982188959 0.0335880345199211
0.0411370094346866 -0.0378498041735825 -0.114760770825603 0.0105886709947725
0.00725242487993002 -0.0439180088243294 -0.0891617410708195 0.00217549766090129
-0.0100922225238611 -0.0360196639614458 -0.101947177431596 -0.00855734539796577
-0.0183414681698418 -0.0307469127063811 -0.111965843507605 0.00984687958708789
-0.0266212982124351 -0.0227329358785489 -0.103078939384555 0.00639696999087364
-0.0286338728383779 -0.0257516081900477 -0.0885538985201489 -0.0325656444462637
-0.0258703619837385 -0.0314498177574933 -0.0823532445813734 -0.0766262002979472
-0.0235643968079236 -0.0427044465612302 -0.0456843691622431 -0.114521465884355
-0.00349771285781825 -0.054868746726705 0.00882352642325568 -0.133453552893249
0.0231104086225931 -0.0576901953204123 0.0756725291500625 -0.0951703844262694
0.0634200913779115 -0.0409295459137187 0.0676257939591302 -0.0208915819577703
0.0791262879058946 -0.0041454513341839 -0.0045471700167225 0.0307875657848459
0.058255595590559 0.017316653355429 -0.1193325269294 0.0162734243244856
-0.00089353317236529 -0.0261821120263891 0.13160932409363 -0.0242402374084259
-0.0302504388128412 -0.0108490992285047 0.0164775409848541 -0.0531591792097743
-0.0246170743330959 0.0128714366651277 -0.0716322902955922 0.00896405720879496
-0.00606132204742509 0.0167007533654203 -0.0921742089538358 0.0907487776632524
-0.00199430939944442 0.00896927627691005 -0.0241881169577428 0.14714025742601
-0.00661749833686448 0.00718511542517175 0.0504608992011962 0.131945364724973
-0.00826690054865175 0.00861313689627358 0.0914267177524849 0.0826691654265563
-0.0154505506272069 0.0101579733455847 0.110523894943667 0.034988651641669
-0.0154311135651557 0.0107190157937832 0.111848128898796 -0.00759952092206883
-0.0195481279568432 0.00827812528372181 0.119632724221887 -0.0234195351670569
-0.021455990951181 -0.00508542177231713 0.116947159717966 -0.0131541842595448
-0.0146156901458505 -0.0093057746576052 0.104678090048532 -0.00967983581770945
-0.0136683241829684 -0.01803997220066 0.117110834062838 -0.00945525774136897
-0.0099226364123198 -0.035558618212103 0.14970353680454 -0.0235287541083558
0.0132630141334295 -0.0327295824673072 0.177094395208316 -0.0734370088779748
0.053843793485186 -0.0319524737164727 0.12305522179372 -0.0157079906348421
0.0235317984445217 -0.0324653957881639 0.0109964891496342 -0.0476102015401844
0.0102103659547571 -0.0176025674292626 -0.0722297278947294 0.00802812261964574
0.00497467982736405 -0.023427000168341 -0.0962168004991806 0.0840467097181699
-0.0112797147500245 -0.0321570788655474 -0.0336280331575381 0.138558244226984
-0.0318774914747403 -0.0249035192041834 0.0367089246268019 0.128406094645046
-0.0418194878651337 -0.0104327502250711 0.0784976993044409 0.0856995323402407
-0.0548189597506938 -0.00484982419586762 0.0967902695401261 0.0370851092529735
-0.0552943024461626 -0.0026188822181931 0.0964495891791838 -0.00989619917122742
-0.0649321635098209 -0.0134413645176355 0.10372169714263 -0.036228380506467
-0.0604574184829838 -0.0472713174346663 0.107961113683928 -0.0355240446311231
-0.0333185053507599 -0.0663236879833602 0.105784889574663 -0.0281140779459668
0.00411578556513991 -0.0807699249708733 0.115307483895128 -0.0150395563546933
0.0425533531785977 -0.0852828037670596 0.131234859825829 -0.0192660357331502
0.0735856747395323 -0.0666029792603812 0.148077503929554 -0.0590776100995318
0.102743063345052 -0.0315403166141105 0.0915989324566423 -0.00932389590340907
0.0797227253650857 -0.0505542101916739 -0.0103476469944847 -0.0463379734419918
0.0500985894781995 -0.0509575091457618 -0.0822952200648044 0.00493379100566986
0.0167248673641754 -0.0672546957316379 -0.101607899377201 0.0771162521315919
-0.0208760294941481 -0.0733141874013502 -0.0415309331744028 0.122150474293076
-0.0556498606806011 -0.0559329622917097 0.0174469909631547 0.114671713818209
-0.0702029201382034 -0.0286543333613975 0.0544582524330006 0.0805357256135166
-0.0858247280264059 -0.0194614882045477 0.0700350313250118 0.0337199065646857
-0.0863926489945629 -0.0153384620538128 0.0668260326387399 -0.0138656646179192
-0.100198659185231 -0.0303320730533449 0.0728086581055275 -0.0483430605303901
-0.0941280906759894 -0.0776149932514707 0.0852904573084068 -0.059326590141644
-0.0553556330265686 -0.109764211906514 0.100398829936295 -0.0521345321304148
0.0117337938561216 -0.133645930120496 0.11243042858739 -0.0226412516952695
0.0818512054002697 -0.127596811991457 0.111827821992855 -0.00534218482603102
0.119193349454217 -0.0911697602765958 0.104336306100335 -0.0337993522147787
0.136665819988827 -0.0285217838125767 0.0403582724385979 -0.00212693955887652
0.124667491330176 -0.0675569890874961 -0.0449548813566263 -0.0432027618563548
0.0834362514480579 -0.0862871652876379 -0.0967524515381575 0.000343722974383444
0.020835413216685 -0.109265770815223 -0.104426284070014 0.06446125840215
-0.0332510670147146 -0.106670370290013 -0.0506431482078674 0.096350550255462
-0.074702501135773 -0.0783780631719107 -0.0071364164530422 0.0909530036557456
-0.0901470557909803 -0.0419472263899401 0.0221410009643568 0.0676532391847697
-0.103927815991722 -0.0309454591223935 0.0341192559696377 0.0257516995765542
-0.10250287995474 -0.0266913236835664 0.0285246956410317 -0.0199218864815886
-0.118351835411488 -0.0451014642720278 0.0350266756577091 -0.0597852395807803
-0.110939492416189 -0.0975324148441017 0.0545899694622589 -0.0805016845947258
-0.065565813006964 -0.136139447669436 0.0895249196875681 -0.0742454798556849
0.0201615888218777 -0.164407013984219 0.106839346264129 -0.0275615121539977
0.110509084640586 -0.14706092422353 0.0900331710214244 0.013915120859198
0.148274372340373 -0.0980216113288105 0.0516574870910639 -0.00365865478850146
0.147458323406428 -0.0259676616888561 -0.0236141535309986 0.00946840020727395
0.145134311974464 -0.0781741857681343 -0.0847747418688423 -0.0306987793342319
0.0979410781642152 -0.111249347887736 -0.109486435925492 0.000108020902017851
0.0173380747955427 -0.134141348885395 -0.104254612779761 0.046792524621605
-0.0449663100937538 -0.121875757847977 -0.0633602302708548 0.0617799420969522
-0.0849483999052729 -0.0862759090614903 -0.037878282568262 0.0627021599977357
-0.0969391911563283 -0.04660504562221 -0.0155924617791936 0.0513140489768569
-0.105956509654553 -0.0385466692275787 -0.00603279198190708 0.0130761114325054
-0.102965830249704 -0.0369078866539281 -0.012315402496001 -0.0289050945708563
-0.11636764749781 -0.0573016146900637 -0.00317525315497039 -0.0700327242870108
-0.10331869019483 -0.109047984524307 0.0253989070533281 -0.0983365396826771
-0.0545323008767051 -0.143719493723502 0.0779626354315842 -0.0894216043282667
0.0366842219242347 -0.166216540326526 0.0977248363987893 -0.0263749656958057
0.128156740909266 -0.138090659759866 0.065500445698116 0.0337634085699638
0.155701560299846 -0.0843777119881131 -0.00404900852687203 0.0228312812222518
0.132042767310996 -0.02072493397012 -0.0864540981031116 0.0276508250662657
0.13722474263151 -0.0741327003825974 -0.120747450273227 -0.00643367368500224
0.0905433507263238 -0.112030297863952 -0.116449123191788 0.00406569726813834
0.00873775465734454 -0.129763398483233 -0.0988006595463507 0.0279793055432435
-0.0483189749013533 -0.11156451955919 -0.0788771494730389 0.0282704491005573
-0.0800799346639891 -0.0778076254704659 -0.0705902187128133 0.0375755139651544
-0.0883394097299716 -0.043017241976271 -0.0532274127714881 0.0338500545555517
-0.0930875216963866 -0.0388548801006811 -0.0440509606345815 -0.00192323651674078
-0.0877118165774076 -0.0422690647504883 -0.0483619632684633 -0.042220930861218
-0.0949474435003372 -0.065606619834446 -0.0331079814292123 -0.0829645772505755
-0.0741727873874987 -0.107397860107186 0.00447895179080098 -0.113228256417814
-0.0250733938892656 -0.132035065808682 0.0704084679876723 -0.0978546219973042
0.0577443396380007 -0.138081977113282 0.0855107057382806 -0.0233604660400452
0.133001767167518 -0.101840377405889 0.0387500034704481 0.0454921376320656
0.143449943578592 -0.0539517613037592 -0.0551973664871983 0.0365173254653019
0.0938841116205292 -0.00811286471000405 -0.136348290117132 0.0491865178027745
0.103677089791974 -0.0525958926197696 -0.141208438229254 0.021263135851093
0.0671789978188466 -0.0866931439928091 -0.117357274149313 0.01051072086163
0.00270687858200742 -0.0970237229500332 -0.0930357359057062 0.0127183901477634
-0.0374960287494828 -0.0794604411354557 -0.0941154343347315 0.00392776151906299
-0.0577716410104995 -0.0568717693300544 -0.0983086342387185 0.0215225176448014
-0.0640766364703485 -0.0335124938254662 -0.0845920875353933 0.0203974128931325
-0.0668577160072578 -0.0338755404338375 -0.0743365987287949 -0.0161211888625495
-0.0611343493546523 -0.0406037561225486 -0.0750824885619976 -0.0576233306388206
-0.0620580947893436 -0.06087386284693 -0.0496553665345812 -0.0982131206351801
-0.0374207322382526 -0.0888831026748479 -0.00209741109024955 -0.126539787017127
0.00487505145414666 -0.10107212663786 0.0685761330384816 -0.100932058030945
0.0696090224895956 -0.0930013269960583 0.0741594145708643 -0.0219396414967549
0.117022777255263 -0.0536614574782467 0.0136580924036545 0.0440867162784871
0.109567144364271 -0.0163110535741561 -0.0953364096573249 0.0359786387440263
0.0414470743784538 0.0120708054498051 -0.164173118938124 0.0686743423103295
0.0575066368212386 -0.0152424427965285 -0.144663673137705 0.0421994197130226
0.0393720051685969 -0.0408562590574143 -0.115626228901417 0.0158425714111579
0.00426013023408379 -0.0451382963954138 -0.0907494762723144 0.0060304452805349
-0.0127766626160212 -0.035408880473687 -0.105080987982402 -0.00232261250972692
-0.0209773170228553 -0.0300512492596516 -0.113053816901013 0.0174875558319653
-0.0275677571869279 -0.0214835417850891 -0.103909380712475 0.0134391070121637
-0.0306759364323986 -0.0236362513802135 -0.092730011157291 -0.0276385297155359
-0.028009217210867 -0.0297678756102934 -0.0889009574099837 -0.0724557831436014
-0.0262589344757893 -0.041474863521845 -0.0537285042796758 -0.112978339776816
-0.0066939077637819 -0.0554157663426722 0.00138630660568438 -0.135604752559176
0.0198571831106029 -0.0600949766548693 0.0714314297474107 -0.101061576505354
0.0614353679666641 -0.0447385395480246 0.0676289859648087 -0.024279685287886
0.0802326641178812 -0.00855047173871066 -0.00288448796198735 0.0319893622485031
0.0594853857946697 0.0147749033525172 -0.118463929061172 0.0239385597368538
-0.00232945100546096 -0.0261573418816665 0.12722636410449 -0.0329086772642912
-0.0307625233451127 -0.008408728855986 0.0111464768888535 -0.0546747803096539
-0.0233691038400158 0.0140668228966825 -0.0709817133639418 0.0128827915134169
-0.00477823860864727 0.0167062197211037 -0.0854214186237669 0.094239777260142
-0.000897052627218661 0.00878902432757759 -0.0139864936157125 0.146799643055815
-0.00638118414115969 0.00811818893845285 0.0580401677810298 0.126845193023467
-0.00802292567317083 0.00891663915532489 0.0949057873276355 0.0752206793067539
-0.0149842050575327 0.0110830922570229 0.111486552784696 0.0266936845705192
-0.0148070793182565 0.0110577643279048 0.109446453432715 -0.0145660807246462
-0.0189697248324566 0.00917393806756591 0.116726121756647 -0.0316790266986532
-0.021486444252384 -0.00388284798959489 0.115303861498226 -0.0210731022900542
-0.0152186245252448 -0.00831286228647264 0.102973026273127 -0.0143511026083179
-0.0153924847085719 -0.0174476586410019 0.116679537483426 -0.0152667436760169
-0.0120002499229164 -0.0341158947208271 0.146735269120668 -0.0323798975411349
0.0116177568555067 -0.0322704092993119 0.168636976847917 -0.0837772704449173
0.0514992630719243 -0.0348990623023202 0.120448160382422 -0.0235635218999134
0.0207828001805347 -0.0337753767009269 0.00637495236513841 -0.0480204233429498
0.0097120789484679 -0.0182630478374747 -0.0714387236137063 0.0116845066768648
0.00340434354913287 -0.0229681639684788 -0.0903540087926452 0.0891444290435661
-0.0136229121582781 -0.0306289383802475 -0.0239659119065435 0.138337823659721
-0.0333699986387764 -0.0218869255613589 0.0439948401858063 0.124844461744659
-0.0421011994049703 -0.00758348384075784 0.0826410430496446 0.078969308528469
-0.0545398272358656 -0.000590011629945762 0.0979298716669409 0.0301512178861276
-0.0549715903616701 0.000786778783498316 0.0939622248933649 -0.0159767619913718
-0.0653142801828094 -0.00902697297595662 0.100269738278069 -0.042831046854467
-0.0638534222955082 -0.042931805518631 0.105251422003997 -0.0421222479986618
-0.037756713261949 -0.0634345661503846 0.102761049455103 -0.0335465300203556
-0.00170098139192641 -0.0802527885868973 0.114201545798601 -0.0206771518512611
0.0361094310363614 -0.0871439415668286 0.129395599554358 -0.0258342722227716
0.0686458414700737 -0.0694202402986868 0.141763085952173 -0.0678061912683302
0.100806154183573 -0.0371718320088721 0.0896099690757044 -0.0144975164969223
0.0749169912723219 -0.0554546643752451 -0.0148187191353397 -0.0455317085572705
0.0471753295667152 -0.0541630269627578 -0.0813094908980586 0.0077498940133814
0.0122819470921962 -0.0669160595766208 -0.0961985933384533 0.0819333759823078
-0.0257318757678503 -0.0707756363080869 -0.0331967478570953 0.122981751429561
-0.0584319076301922 -0.0507955877182752 0.0239433271616841 0.111888470249911
-0.0718647487628892 -0.024181023442 0.0587419793023603 0.0754379738382493
-0.0862418651433542 -0.0128407720712496 0.0714878317144108 0.0289810965487849
-0.0860948807860767 -0.00905446401818688 0.0642896954615581 -0.0180445111322709
-0.101769319601101 -0.0226979735849973 0.0684150941778208 -0.0530558669334577
-0.0988998658624731 -0.0705205111513296 0.0806537932164843 -0.0652206196075356
-0.0617248539513745 -0.104358696672511 0.0963985835149625 -0.0571851835138406
0.00302080124808322 -0.132969616684252 0.111039290329697 -0.0282654414304746
0.0726140529096493 -0.132032458119524 0.110097681824893 -0.0113214348363878
0.112749203363003 -0.0967081576881694 0.100192710595557 -0.0403234238716018
0.135078923441396 -0.0365647814609709 0.0389313959550832 -0.00469335416315074
0.118477563298792 -0.0750441904895355 -0.047722888747728 -0.0401543920226997
0.077361624380878 -0.0909868740945574 -0.0957130627764539 0.00385609657693737
0.01371786128408 -0.109419204996153 -0.100137009986341 0.0697884074552686
-0.0407385175003171 -0.102862715085555 -0.0447452753154707 0.0978547751746295
-0.0793353765656313 -0.0718800005844252 -0.00226780000974019 0.0910421465252577
-0.0917627691137761 -0.036071123432057 0.0267082233878042 0.0652072785297026
-0.105067941433874 -0.0236818887162298 0.0351083805912689 0.0231663853956245
-0.103107653318918 -0.0198798881121863 0.0263256483204492 -0.0215072016674084
-0.119911925554138 -0.0366957081941491 0.0302625453150641 -0.0605393820062022
-0.117050330667876 -0.0887379669592447 0.0488240896335709 -0.084041851459489
-0.0741343713552486 -0.129481698195444 0.0838574576760731 -0.0788574487956824
0.00879363727164151 -0.163857196691776 0.105266434112132 -0.0323149188534459
0.0992139453054792 -0.153310175461594 0.0897352435810951 0.00941130603895111
0.140941693805866 -0.10534521809758 0.0503410581636842 -0.00725963102555663
0.145850920749068 -0.0344454155077456 -0.0233758597452451 0.0111522596608519
0.137975294700571 -0.0874044400061876 -0.0867475216866766 -0.0247929684926457
0.0901843571381651 -0.11654661084239 -0.109208244141106 0.00420410103446438
0.00831447930269553 -0.133721742139625 -0.0999167407983975 0.0521694603792321
-0.0534541129719503 -0.116950373106105 -0.0596705579524767 0.0646869260781748
-0.0904270289767571 -0.0794432765294364 -0.0344493001177851 0.0649050914645142
-0.0989765628950562 -0.0403560049669105 -0.0113857228774987 0.0508940153081695
-0.107622003985205 -0.0302091698844052 -0.00531913255560037 0.0132641356359271
-0.103524559776666 -0.0296589028932817 -0.0148079429460438 -0.0275507318671101
-0.119034876549258 -0.0490139925206286 -0.00859459914593875 -0.0683031140073262
-0.109392277243195 -0.100429744965959 0.0186052161021098 -0.0991633110091458
-0.0630855350139716 -0.137618177764237 0.0712981849958378 -0.0930942800466665
0.0249348432554356 -0.166574297989255 0.0953684212397838 -0.0310675115987521
0.117365305522039 -0.145432490417988 0.0672020595205432 0.0303951382210337
0.149135214430808 -0.0917317760970044 -0.00218926811702532 0.0221248468573643
0.131026021535159 -0.0282574310708254 -0.0849519784442395 0.0333572089243305
0.129760095936078 -0.0829410388267911 -0.119703757134087 0.00155165838048183
0.0825926084337237 -0.116990090785032 -0.1155291800847 0.00882362874562713
-0.000424682751187964 -0.128581423058395 -0.0966358998617559 0.0322819306308451
-0.0562247150996464 -0.106490310369875 -0.07708515894407 0.031732220370427
-0.0851827135349478 -0.070861448099172 -0.0679375555287191 0.0421264291053653
-0.0904043647202889 -0.036500091446245 -0.0494641448882624 0.0365754666302696
-0.0948571859255874 -0.0319454064829487 -0.0439473461381829 0.00159030661813399
-0.089330742480148 -0.0362789380566652 -0.0519003935355252 -0.038206230675377
-0.0983530992533349 -0.0573024430759653 -0.0385954698436988 -0.0794326127501584
-0.0808653261990612 -0.100544786348767 -0.00289974920479696 -0.112949767264774
-0.0335219718852311 -0.127646874040113 0.0631927911917427 -0.101389254648821
0.0480876518856074 -0.14021983367196 0.0838484099456883 -0.0271318048898269
0.124073320244617 -0.109493846013567 0.0409784624278738 0.0438947401603148
0.138655642768534 -0.0610072987830657 -0.0513933233241466 0.0388663190644063
0.093423344594362 -0.0134506876956981 -0.132296948018871 0.0571024829631877
0.0983802993577758 -0.0586071590180434 -0.138063977660372 0.0300498251394025
0.0610743289318507 -0.0899319285557809 -0.115257390245197 0.0155321540046747
-0.00419384204000702 -0.0953577271452342 -0.0914646189147837 0.0163741007861094
-0.0431520191865799 -0.0751764136987512 -0.0943887437956494 0.00906766954997411
-0.0612037666806758 -0.0515955372763996 -0.0959586042722538 0.0281517631959793
-0.0656534434174113 -0.0290517077171415 -0.0815944664386176 0.0256346669135384
-0.0685748866653215 -0.0283942185009618 -0.0748181200779018 -0.0104945021200617
-0.062878569776 -0.0356810944212176 -0.0781896307350752 -0.051629102021225
-0.0654644758729971 -0.0553360091563469 -0.0557163732268301 -0.0933713544297918
-0.0422914166137081 -0.0850824809725859 -0.0102659262561241 -0.125466236531988
-0.00163473378596833 -0.10000772734517 0.0611093485435735 -0.104425402429144
0.062732332023919 -0.0956142480914028 0.0727278765030442 -0.0244913402755501
0.111696829529402 -0.0605028644832763 0.0168019134416252 0.0440595509042408
0.107800250022688 -0.0231422131257431 -0.0910008211660994 0.0408623822804837
0.0419743403497527 0.00962258938777481 -0.158093665313091 0.0772845438305274
0.0553235136463949 -0.0187177217699362 -0.139754288842201 0.0503800325116229
0.0354860766103208 -0.04282508834183 -0.11340242133142 0.0208763871856699
0.00106013700062288 -0.0438930042017669 -0.0894902896052431 0.0097639095439599
-0.0150725767403912 -0.0333887596279127 -0.105522259373646 0.00331809956249419
-0.0227614440827266 -0.0283928590216012 -0.110653324331852 0.0245750809787218
-0.028812152265894 -0.0196676610582348 -0.101163368778015 0.0204403310435576
-0.0318629659014851 -0.021092547905735 -0.0939231174359139 -0.0208111648952218
-0.0293230602719394 -0.0273766602546166 -0.0922507380036801 -0.0657415179153113
-0.0287475971572459 -0.0388747798138438 -0.0597801210449979 -0.107838284463908
-0.00961787283362812 -0.0543655406508194 -0.00704403031491454 -0.134144484062962
0.0163899818549375 -0.0604297384173516 0.0634780466043946 -0.10380861969063
0.0575267335109445 -0.0480424857228 0.0651850014529555 -0.0264819448129646
0.0785755809482783 -0.0131360325133751 2.55078876208333E-05 0.0328373230009822
0.0600467542533115 0.0108073583304753 -0.114558138964399 0.030617015777883
-0.00334223875791125 -0.0253700443983916 0.122215437781511 -0.0385559654401419
-0.0299198070898827 -0.00640424040626809 0.00678248037718996 -0.0533639658554024
-0.0218624089108766 0.0141592262807995 -0.0688288279590238 0.0144999771566109
-0.00390175178625779 0.0162109142056318 -0.0785876222647711 0.0944512723607976
-0.000616350982980957 0.00880901528923568 -0.00679517476275939 0.143028569488216
-0.00517333951825347 0.00806753161449169 0.0621917372256429 0.120459680248024
-0.00773434890912939 0.00914593278009472 0.0944445822770268 0.068256234161154
-0.0143073514764331 0.0114976349172667 0.109023177899998 0.020738554585534
-0.014477357119609 0.0116600787021259 0.105902212430066 -0.0194815013117033
-0.0187032912801826 0.00900887889294251 0.111328576850934 -0.0362831396678195
-0.0219934646361305 -0.0029708899620169 0.111784706667163 -0.0260772621597102
-0.015067687377462 -0.00760773787610797 0.100125711093419 -0.0169487082091321
-0.0157514143773397 -0.0164276493670899 0.114281152237355 -0.0191523183609062
-0.0137478777779379 -0.0316096672643114 0.141124480191019 -0.0381377400678995
0.0104020032721842 -0.0317926871218923 0.158895065507552 -0.0876549582837886
0.0490048210838796 -0.0365221928648771 0.114624563678387 -0.0287234547242981
0.0185397227501068 -0.0335595599583291 0.00258505658344915 -0.0467748487330341
0.00848179989977903 -0.0187010626303851 -0.0692522470122996 0.0131820349454507
0.00258613627872272 -0.0222960208412344 -0.0837376201619729 0.0898240700249501
-0.0145655223476957 -0.0291430520067049 -0.0171843146819656 0.13559420384468
-0.0339807671004073 -0.019300577879366 0.0483113724634512 0.118953347845472
-0.0420676436207524 -0.00533912678293314 0.0829371437102608 0.0728959142736348
-0.0531145672436761 0.00240752140481801 0.0962467636350829 0.0239283934861917
-0.0537096123670662 0.00346688857166282 0.0903777194904758 -0.019901148920369
-0.0639174890374885 -0.00581603453789016 0.0940391924630645 -0.0466520076900484
-0.0646169844806622 -0.0384714198788161 0.100378100340679 -0.0457066231745208
-0.0393193803967348 -0.060093477126572 0.0985324495997847 -0.0356234419702152
-0.00546611936998007 -0.0778670224292098 0.111153289988111 -0.0244181272366762
0.0306537658802813 -0.0860736973893383 0.124242331339615 -0.0308746051463509
0.0641709057435225 -0.0701780983676702 0.132784012785749 -0.0716242923973082
0.0965697901030078 -0.0406135681395314 0.0849580823485588 -0.0187371202395898
0.0690132961506713 -0.0580236583658462 -0.0175176440349215 -0.0434172916189584
0.0433165447356243 -0.0553172291573138 -0.0792141561788648 0.00930863618489147
0.00849829196568108 -0.0652196911806663 -0.0893727318521052 0.0829448805294029
-0.0285538314273162 -0.0671807756433937 -0.0270799382215976 0.120463433212077
-0.0600911476977453 -0.0463319669324648 0.0279614328991626 0.108003412713685
-0.0711505481582031 -0.0200433420706227 0.0599487486892197 0.07000202796592
-0.0847138239263393 -0.00761430397414793 0.0710235528346238 0.0248104362814761
-0.0841246087897858 -0.00489964073200875 0.061030257120185 -0.0199939135137314
-0.0995577922611987 -0.0177205599955517 0.0629967656727055 -0.0550696625988815
-0.100477863874998 -0.0629840673224809 0.0756301099119154 -0.0672369330334587
-0.0648454045466194 -0.0986474541649595 0.0905583922925378 -0.0586421199561138
-0.00408822416647731 -0.129384860796356 0.107533065724806 -0.0314282606061221
0.063574315382739 -0.131224863388472 0.106432136589213 -0.0147145931948265
0.105789618511559 -0.0980704003358175 0.0941711992671551 -0.0433163029782454
0.130181188373349 -0.0420081755214594 0.0371223984647503 -0.00574200480066441
0.110064915873895 -0.0792642414449013 -0.0494399113536513 -0.0372746123378455
0.0713423388290031 -0.0923206566613171 -0.0942018047212786 0.00591058637901286
0.0082649349766285 -0.106158134033597 -0.0938911763828767 0.0719203794999646
-0.044820114107905 -0.0975427085868204 -0.0393001460161791 0.0958008601524651
-0.0812368508415347 -0.0653842813334214 0.00158559517495128 0.088363866775254
-0.0912719909801062 -0.030397519775922 0.0288927246857415 0.0611971112319894
-0.102919150671543 -0.0170062110896876 0.0351011364360854 0.0213849787786045
-0.101398371231634 -0.0146495306382754 0.0235137655211413 -0.0214232312570123
-0.11860620463436 -0.0295578091167904 0.0253870541424808 -0.0599004474846377
-0.11873695482064 -0.0803074023638675 0.0435511953563841 -0.0843320684399613
-0.0780339217532446 -0.122032634269029 0.0770670292711545 -0.0791361474013695
0.000426546621524764 -0.159466181554611 0.101151494481139 -0.0344154312407562
0.0882294983804828 -0.153496773005852 0.0875396721601275 0.00589203383072289
0.13164906346344 -0.107393259308885 0.0483804516311917 -0.00906248746547504
0.141133447013455 -0.0400688514554372 -0.0226616133685026 0.01216143521776
0.129647984563116 -0.0914220828084146 -0.0854859748874167 -0.020835356402859
0.0824339112754225 -0.117349017301576 -0.106529864361052 0.00670859073178638
0.00181851234007321 -0.129913017302532 -0.0947713608124732 0.0541539621323861
-0.0580578906385353 -0.110519058253816 -0.0558642377115848 0.0643808028878676
-0.0917296942916962 -0.0718911854561749 -0.0306528618042747 0.0653320058111675
-0.0983518156669749 -0.0342493740947879 -0.00860701789289969 0.0488732699268916
-0.105742601396087 -0.023651286424009 -0.00511585545449121 0.0139468800341496
-0.102120577533119 -0.0244301141147194 -0.0169786199274006 -0.0255515083344928
-0.117959662456203 -0.0414863405800696 -0.0121557115926273 -0.0654240863480374
-0.111684600944285 -0.0916919780431072 0.0128715132289015 -0.0974944674692354
-0.0676493477573255 -0.12977669908879 0.0643864886401982 -0.0930331023568462
0.0158448573623539 -0.162367237935975 0.0927589655184147 -0.032552084913961
0.105988139224431 -0.14698071121832 0.0661786722395737 0.0275318739676795
0.140463110204522 -0.094011140300449 -0.000820183614933445 0.0213733778055033
0.126591730359245 -0.0330572864993134 -0.0808317693545332 0.0359630814986931
0.121554105385438 -0.0869092071237777 -0.115696054393302 0.00629055512906643
0.0747044308710431 -0.117632190833158 -0.112201818601028 0.0110690095632358
-0.00635767026067172 -0.124491315887255 -0.0924870279243378 0.0344500366221524
-0.0593577624942227 -0.100235733165715 -0.0748771996294566 0.0333797844434945
-0.0859948398203626 -0.0640765168674643 -0.0644452581534229 0.0443979265092458
-0.0896883386057329 -0.0317844047305252 -0.0459901219940942 0.0373743444939933
-0.0929829491086063 -0.0262086654364413 -0.0432161805355396 0.00364162962187479
-0.0877367189438467 -0.0315063740503365 -0.0525628160182656 -0.0338190987395049
-0.0976450294293566 -0.0509028986953336 -0.041191655485529 -0.07523061199835
-0.0839998018336021 -0.0933010633033822 -0.00818793544379119 -0.109702528672605
-0.0379932357737422 -0.121924668598797 0.0560176100901493 -0.100705220713577
0.0394433844368604 -0.137862459770628 0.0807428834719449 -0.0283599005845458
0.114916086917283 -0.111805397726542 0.0417531875783631 0.0418629290097623
0.131435466335782 -0.0639365532676871 -0.0475830376256586 0.039137483632065
0.0905682455944017 -0.0169591716628707 -0.12605317080226 0.0612816783878578
0.0920504611003989 -0.0613310639053728 -0.13205343338375 0.0344862458697602
0.054682517523493 -0.0898428231345908 -0.11237899243526 0.018675570547611
-0.00881070600779052 -0.0916011469393672 -0.0879781298100553 0.01850413114007
-0.0457008918325183 -0.0700130164606098 -0.0924243437759847 0.012973098475036
-0.0623504756261973 -0.0466788661748877 -0.0923977167278561 0.0325887207534151
-0.0652244223990425 -0.0252212628421971 -0.0775729994423878 0.0279821262469178
-0.0671425697504702 -0.0243026050447388 -0.0738025057154709 -0.00651138601110292
-0.0623274483873621 -0.032211955914862 -0.0792640112231288 -0.0458792761546657
-0.0656275619110068 -0.0499330172379524 -0.0580644457272515 -0.0878846712449719
-0.0461701905799191 -0.0799981253809792 -0.0151456538179524 -0.121409316698643
-0.00587298177869858 -0.0962276338867824 0.0540465549073052 -0.103536829070777
0.0560085774278599 -0.0949286800824411 0.0697186241795899 -0.0255639447406503
0.105074082051788 -0.0638673581870367 0.0184488164665935 0.0428127205571751
0.103622813914846 -0.0258581415636848 -0.0851015442410714 0.0427105840153652
0.0419737177802541 0.007567104020722 -0.151056488157665 0.0818637364111365
0.0522232915228068 -0.0204470288431019 -0.132296930233035 0.0541128681290998
0.032220078111105 -0.0431293780072133 -0.109024056011767 0.0242553014968078
-0.00180924886254943 -0.0425723894334464 -0.0869778882782839 0.011152178780541
-0.0166715450393647 -0.0309053809793649 -0.103188166773949 0.00788184405264365
-0.0235532871664434 -0.0263237923030284 -0.106231436075823 0.0296909333532479
-0.0291878746223968 -0.0181527591761819 -0.0966660073667399 0.0240754795307143
-0.0315363787153184 -0.0189856865081216 -0.0930061867100327 -0.0155736606422181
-0.0295666595607425 -0.0252732405054208 -0.0936485713992689 -0.0587416296399403
-0.0291300826463001 -0.0360448342685011 -0.0628563944377316 -0.100956614842618
-0.0124751560844477 -0.0517081746123512 -0.0124941680254886 -0.130009975297018
0.0131955344558367 -0.0579672157012679 0.0574389862970704 -0.1033670752459
0.053969796981701 -0.0487897105821646 0.0625163088950285 -0.0274119461496667
0.0756690886717729 -0.0162064343162971 0.00196846245733049 0.0329781562215189
0.0582455344317413 0.00864379154263947 -0.107921888337786 0.0344094975618355
0.0083394488660066 -0.0246868853177324 0.120610059141609 0.0143895452578211
-0.0237327061078248 -0.017788412107963 0.025841219077745 -0.0440358293533847
-0.0252068187503749 0.00350039020373139 -0.0670100618905236 -0.0142722243867336
-0.00948037201822867 0.0123108909636592 -0.108020380500502 0.0536060948123505
-0.00339190294331021 0.00578981182297689 -0.0627189059730287 0.123730009310898
-0.00825701396234021 0.00468350247749252 0.00777735060048832 0.131523905500234
-0.0108219954594373 0.00519857403059076 0.0560425016595268 0.0979951448378596
-0.0173951184172204 0.00544851722100642 0.0886697835120499 0.0608536066381107
-0.0169838721140983 0.00435049559246959 0.100354949471119 0.023984606320519
-0.0200698627735227 7.8368604416062E-05 0.114170545404318 0.011031411961251
-0.0176202391157502 -0.0126947704950225 0.108589222400251 0.0210900863691901
-0.00989378591406348 -0.0141112423707345 0.0956117735881734 0.0260303964371312
-0.0072566270009374 -0.0227179933416512 0.109422150609714 0.0296475445918213
0.000227859025258927 -0.034667928340253 0.141459793229304 0.0193497321240973
0.0232626957039013 -0.0267919824775278 0.176350111402641 -0.0142770680228052
0.0605039701565583 -0.0113624324055289 0.108058603926145 0.0150751020676149
0.029985530565016 -0.0217417327266093 0.0177312208228761 -0.0427320656690372
0.0155609547614278 -0.0134414044980433 -0.0685445101398355 -0.0181744596101434
0.0121031174373804 -0.0183767823002955 -0.112563345597068 0.0467293296182851
-0.000100314279161927 -0.0327101937608449 -0.0714076309072765 0.113354623206171
-0.0225967008931674 -0.0302863142006825 -0.00585920039230844 0.124936389455079
-0.0351365005213755 -0.0210353812594703 0.0434231633170877 0.0979309867122712
-0.048575292034157 -0.0186538058039621 0.0761124686083114 0.0590728330207781
-0.0491147462345249 -0.0180179931256397 0.087402287725396 0.016248323040809
-0.0551447951876554 -0.0301968180977838 0.102010068589459 -0.00604199705605287
-0.0434209929841707 -0.059795750670991 0.106626863923407 -0.00220723072623941
-0.0121459812312051 -0.069977730818558 0.102225310848098 0.00750429556544396
0.0242200571117421 -0.0749806720272439 0.10955692378603 0.0232823306774167
0.0592500903839171 -0.0683189456255927 0.126047463512163 0.0211305772846341
0.085299046480343 -0.0415801162767005 0.147894357322364 -0.00707643321402776
0.106087534004658 0.00564390676525017 0.0764954857124744 0.00740736405315326
0.0846396308479923 -0.0214677321338802 -0.00189106722162128 -0.0507663643006745
0.0611099633126701 -0.0310779012088967 -0.078327803029945 -0.0282538738430661
0.0353915773165884 -0.0526468543129448 -0.117797286269029 0.0366664746355221
0.00260466691063666 -0.0713830473130225 -0.0766998221922932 0.095648238308366
-0.0346805820128686 -0.0644129683738786 -0.0214881864948542 0.107162023060314
-0.0550949338753204 -0.0452911356361217 0.0244570032269588 0.0861401897375188
-0.0724766551183507 -0.038881004512335 0.0530387798373698 0.0496337908944991
-0.0732821971995058 -0.037502116209978 0.0608482423003804 0.00479674805876504
-0.0829285698846239 -0.0534827840143339 0.0776015821900772 -0.0259982732291755
-0.0670045223003921 -0.0951031488538731 0.092632220814706 -0.0305788424512305
-0.0211474454621603 -0.114443019115824 0.104225153605182 -0.0162061418448518
0.0436994667705852 -0.121255363807606 0.110615269102546 0.0154996105082477
0.104900172494698 -0.0969104047601416 0.107201572018227 0.0292821841985687
0.132327126520434 -0.0515940368560214 0.103498929930655 0.00578470775280615
0.137225582623612 0.0193192703182549 0.0276845786319244 -0.00373808700920415
0.129510265472354 -0.0230026871387619 -0.033574524581316 -0.0595881934507898
0.101434533320808 -0.0530658489780251 -0.0919510652522975 -0.0399876392045933
0.0514286455324242 -0.0888522123667189 -0.119682799653484 0.0241411119350029
0.000539260134160283 -0.103875900268704 -0.0794842965291112 0.0693808489614838
-0.0452392543391199 -0.089664739125298 -0.0388500119725084 0.0800023185391644
-0.0687598284376798 -0.062638326762822 -0.000890849115212612 0.0661104443851137
-0.0855863247539332 -0.0545455540855066 0.022500754072483 0.0330607669939884
-0.0850148886752662 -0.0523471389838567 0.0276906646196836 -0.0112488086836436
-0.0953908007220345 -0.0711382174553467 0.0457324045641898 -0.0462188871793753
-0.0779844127589491 -0.117013532897037 0.0710651502050693 -0.0585915227020014
-0.023941521859148 -0.140067599826518 0.10080105598612 -0.0409581477757895
0.059335062250239 -0.147329836244067 0.106695656565527 0.0100448382567806
0.135204000402294 -0.108018483788699 0.0838234811874023 0.0423345826391004
0.158362821416281 -0.0501631882618084 0.0491905646293135 0.0193437232024923
0.146539547841168 0.0260135223015847 -0.0331995544810336 -0.013158907131965
0.151312538085294 -0.0263975852454721 -0.0727944286833426 -0.0600849887407658
0.121190442467547 -0.0700584003622762 -0.104949028476373 -0.0452474903676539
0.0558335654532827 -0.112058332211721 -0.114889845799553 0.00767680168381496
-0.00553926139697213 -0.120471361736821 -0.0822184024473102 0.0350514652785503
-0.0524903304063889 -0.0991748790802874 -0.0587548790858015 0.0467918056246411
-0.0731451302619457 -0.0686381490149518 -0.0289055819314971 0.0402978983519905
-0.0857275132208145 -0.0617988386346239 -0.00956924132709022 0.0109195057167888
-0.0817272468050778 -0.0612473004094933 -0.0057291131176346 -0.0302526339025184
-0.0903022279471336 -0.080774066716179 0.0145942136631006 -0.065456642507714
-0.0680043708858525 -0.12448476180608 0.0490398698812573 -0.0829690588201579
-0.011742199666678 -0.143438402470481 0.0949635888989495 -0.0592850580763289
0.0741753418202339 -0.143810658226275 0.0975619641928015 0.00813878530014552
0.148308990875584 -0.094875205731352 0.0563427649542936 0.0545644159591765
0.161740091879084 -0.0343803145313389 -0.0072032701237515 0.0264497455078051
0.130508884326702 0.0264930180629659 -0.0933665397202147 -0.0137500775788622
0.142494349827941 -0.0249795274502445 -0.10963816596255 -0.048045922058928
0.114279932105491 -0.073537501033085 -0.112857320494069 -0.0431537730899198
0.0461998304603853 -0.110730492372513 -0.10412298743731 -0.00893728062751691
-0.0115454670549576 -0.111605526894725 -0.086555957955326 0.000572001128264719
-0.0504614444263897 -0.0903061521412333 -0.0804712623628964 0.0148476717114376
-0.0663331249657767 -0.0637045181907936 -0.0571414248524286 0.014163634939135
-0.0732882699423135 -0.0591771267096387 -0.0400459130078647 -0.0132612513132767
-0.0668882173085472 -0.0621641956950783 -0.0344296652258558 -0.0518815008031434
-0.0690913907819359 -0.0812077027341358 -0.007860417152874 -0.0844372120408516
-0.0416969242377342 -0.115096507915887 0.0360376350487162 -0.101627399567496
0.0111107521397533 -0.123899898862912 0.0905711032470378 -0.068286490772908
0.0865542082062711 -0.112256456146065 0.0856086044033433 0.00834050912443658
0.143998986005857 -0.0596799274257617 0.0274514058910126 0.0585894618615598
0.141912409169311 -0.0100772378375959 -0.0568773013948689 0.0231584306863568
0.0903615516762097 0.0250213371140693 -0.141435982710918 -0.00559292404297004
0.106345933942708 -0.0149259822600748 -0.134339405041398 -0.0275432637636646
0.0848039110124008 -0.0574733652539595 -0.113232900974288 -0.0346592557701947
0.0306353327470846 -0.082762931906089 -0.0927223757416474 -0.0208871975577525
-0.0107032779278087 -0.0795613763767525 -0.0928385368432354 -0.0256006623233213
-0.0358792212946822 -0.0653487036951279 -0.0982221022526988 -0.00709313438125304
-0.0473094318996017 -0.0480016488702707 -0.0812361245801041 -0.00537378972635263
-0.0507805996197079 -0.047361237607957 -0.0634761277753106 -0.0340600209551711
-0.0438679908254291 -0.0523912144030051 -0.0532367309974518 -0.0721766262164811
-0.0407254968078819 -0.068299085934116 -0.016680393446145 -0.102217131730106
-0.0126992558297598 -0.0887989986714685 0.0342286839489448 -0.113466680989116
0.0299791642977182 -0.0889735260103393 0.0903418627441227 -0.0707693848827533
0.0858554492006278 -0.0670452888094613 0.0743799669740151 0.00687250310274777
0.117756634324945 -0.0192963776471572 0.00397770193223013 0.0502735986467379
0.10238444330748 0.0144764592910652 -0.0926487037365714 0.00937536675764765
0.0349109745206109 0.0257776035648065 -0.166945710358868 0.00760889678216727
0.0542288155808808 0.00442236775464915 -0.140097632030834 -0.00747850462168043
0.0456778489639747 -0.0246556533280837 -0.110702162187174 -0.0259427825677305
0.0161557791322955 -0.0369630550710572 -0.0860109277148733 -0.0271252134968571
-0.00135398503846499 -0.0331330500859942 -0.0978752426409112 -0.0345594192608354
-0.0105547249758725 -0.0324666878618996 -0.107984161132358 -0.0156181045166788
-0.0182351454009799 -0.0275271525076593 -0.0954744832497063 -0.0170724568293283
-0.0207778454897375 -0.028614935462601 -0.076979746141336 -0.0499449019262921
-0.0174273695396147 -0.0333940679106736 -0.0603724676448187 -0.0883640069885879
-0.013301058272035 -0.0418743812151906 -0.0155669732945297 -0.115314628978145
0.00681785089788116 -0.0510044545151982 0.0411185836054979 -0.119497370458222
0.033028366429853 -0.0484732089762381 0.0924994048472136 -0.0689916520158769
0.0668923977517502 -0.0261057668517841 0.0675964957537979 0.0027344650551335
0.0738755964210187 0.0137131264503948 -0.00837150052538644 0.0347443647468299
0.0481608300485087 0.0292992751360152 -0.110216556961472 -0.00851953249377096
0.00787554880963585 -0.0243327915348227 0.118404031804206 0.0115619857405424
-0.0236062946319912 -0.0173519489094997 0.0228798947181656 -0.044272862413271
-0.0246134648723378 0.00340874723917317 -0.0664079296590363 -0.013986823134431
-0.0086766232329662 0.0122087315264953 -0.105596805799649 0.0542683903258383
-0.00324174073776888 0.00559685263132003 -0.0594420047718828 0.122999035590055
-0.00786374186247164 0.00504635019500755 0.0107932226321738 0.129001285352005
-0.0110077886946264 0.00521399934129063 0.0563456906590424 0.0958582183135816
-0.0171621788817343 0.00532316991947589 0.0888644427421336 0.0576365558819744
-0.0167164986840212 0.0042857442006776 0.09965075407484 0.021032914078846
-0.0200819884656533 0.000375439782885288 0.112155992509572 0.00767247677638557
-0.0186393388011052 -0.0117652152416848 0.108305634253305 0.0184169181042022
-0.0097043395480082 -0.013665651143903 0.0945505125003629 0.025708090763788
-0.00799576013115248 -0.0222083129562706 0.108735641305493 0.0283351467868942
-0.000536782833326408 -0.0333769101030854 0.139654834820022 0.0169194474959627
0.0230819905407446 -0.0256887904065496 0.172506627331918 -0.0159670471638762
0.0603235808041265 -0.0121441423168098 0.10606086771814 0.0123375806643867
0.0294495291199812 -0.021623096722673 0.0156168851829753 -0.0421395563769266
0.0153806114350892 -0.0135703269833041 -0.0684003709694329 -0.0184685105077106
0.0117118989654973 -0.0184555525032179 -0.110519772143579 0.047181498706208
-0.00133123718300198 -0.0324353344354161 -0.0679716384416714 0.112072257439354
-0.0230141624416265 -0.0297443562047339 -0.00382432922727686 0.122621521513474
-0.0358603680256521 -0.0197625106002416 0.0438372533385532 0.0946211216875198
-0.0483043028479178 -0.0164800092775022 0.0764986096588953 0.056699540634075
-0.0490954704346197 -0.0172176243286722 0.0854696132430005 0.0146991730768813
-0.0551331409825035 -0.0285750593879 0.100609010466974 -0.00823174378320456
-0.0445963254686646 -0.0581118026238945 0.105373765386364 -0.00421243452616233
-0.0132943396186473 -0.0690670543597555 0.10031141754671 0.00683650490946613
0.0224386569544184 -0.0749973131596304 0.109635284873738 0.0224595996020453
0.0573179875404639 -0.0679938056731774 0.124581023897169 0.0190477393374658
0.0840163243442047 -0.0418273954422165 0.145367265792741 -0.0088747071350283
0.1055762690892 0.00336253526153553 0.0743935500821073 0.0060270054220448
0.0827035467758318 -0.0229667392129978 -0.0037099035686308 -0.0497725412663108
0.0601058565641097 -0.0329736921252022 -0.0779980648018627 -0.0288560404212479
0.0338591379341175 -0.0529985025775396 -0.115361486136989 0.0377095148249051
0.00012370706271594 -0.0705928612400602 -0.07401038260049 0.0951253620017428
-0.035909534800627 -0.0625903103559837 -0.0194189835732044 0.106308043241654
-0.0555892651895576 -0.0440767231074132 0.0251787419345448 0.0838649936597007
-0.0725109220259109 -0.03685735212151 0.0529950850313534 0.0474961821802389
-0.073168249372965 -0.0357676025667795 0.0596449373999163 0.00389089720904929
-0.0827701778736048 -0.0514249208796497 0.0756966509589587 -0.0277343275796342
-0.069631243275648 -0.0923197050818963 0.0903833139422882 -0.0326751213988008
-0.0230092574242881 -0.111948315212656 0.102199411350506 -0.0172183628303173
0.0402749544322248 -0.121161286943415 0.110131118143214 0.0144949347095961
0.100455242586221 -0.097896754053579 0.105406697079303 0.0286796796864953
0.130182331191065 -0.0522288380551098 0.101524525962802 0.00407979809321505
0.137049933244303 0.0160573126076562 0.0263672381036739 -0.00435965495911716
0.126472795806995 -0.0253286183227896 -0.0344044957066353 -0.0587835623106003
0.0992021479520097 -0.0551163708794344 -0.0921541229023469 -0.0404368269354056
0.0490033182661282 -0.0883351102402878 -0.116821743928918 0.0247265404369413
-0.00198141202053947 -0.10276758191709 -0.07807600374492 0.0690985892218462
-0.047364752973111 -0.086898323821883 -0.0368934890614327 0.0801046490670837
-0.0697365665141021 -0.0606717296316604 0.000551703608036589 0.0646782044773772
-0.0856763566410481 -0.0521681654013018 0.0226124380218135 0.0317558704901142
-0.084603916698745 -0.0507396269848868 0.0266567501496399 -0.0107923055562493
-0.0957413687554913 -0.0679682821110151 0.0431561619862414 -0.0462223301412705
-0.0802624900817473 -0.113043294214593 0.0683317195688535 -0.0601181523214659
-0.026576599081429 -0.137632383816746 0.0985633992182661 -0.0411382933330064
0.0549984034618543 -0.147312228433646 0.106136452014059 0.00918192058113786
0.130297516294126 -0.109563861022283 0.0829374022889163 0.0412354138571384
0.156360454508555 -0.0509232410150013 0.0481878036613749 0.0178373885507142
0.146279231725122 0.0223165361652921 -0.0331444775228253 -0.0117996597934994
0.14782749812771 -0.0290861977258474 -0.0732020129084029 -0.0583316640363326
0.118818782287495 -0.0723451562214668 -0.105373721961229 -0.045199417400213
0.0530802923737268 -0.111332239033522 -0.112790106565391 0.00878896996197512
-0.00856095574816689 -0.118524880782053 -0.0816156969199332 0.0346128979357179
-0.0546768740640439 -0.0969314946123431 -0.0575466908503253 0.0478546793301369
-0.0743829584330097 -0.0669513248424163 -0.0278653257456846 0.0396954044015057
-0.0853043877041547 -0.0589065270465704 -0.0100746566142655 0.0108291370939165
-0.0823353257124836 -0.059233707977936 -0.00770749880263623 -0.0290132172337313
-0.0911281221803174 -0.077926405277022 0.0126647886284369 -0.0647767351853907
-0.0706141878872593 -0.121194403935619 0.0471559703360425 -0.0832007600389011
-0.0148054739148444 -0.141303809324854 0.0917430854136491 -0.0590195122845157
0.0696503699833009 -0.143574143277176 0.096947723162273 0.00822671590205377
0.144068640100778 -0.0969416832082899 0.0563052810052757 0.053810482960842
0.159415514651367 -0.0356379828247525 -0.00624073987010821 0.0259788289862631
0.130103601910218 0.0233733589094223 -0.0929808181152009 -0.0116038951488847
0.139476378905675 -0.0280558916904413 -0.109418952949579 -0.045429692466402
0.112110775821647 -0.0749437276584137 -0.112306186856001 -0.0422481739550371
0.0434766611669532 -0.110020956365013 -0.102653425163158 -0.00826986836624106
-0.0136707563110903 -0.109803834741118 -0.0869995260358997 0.000462053232557281
-0.0522475909200159 -0.0876493216460772 -0.0799119169293444 0.017186823083255
-0.0673818762700703 -0.061170420270654 -0.0560729397266769 0.015238926583614
-0.0738032377402042 -0.056367178344658 -0.0402611180884312 -0.0120114764046953
-0.0675348096765425 -0.0598178818677202 -0.0357708737610147 -0.049492689788661
-0.069984355760345 -0.0785250931313692 -0.00955332189277272 -0.0832141351521594
-0.0443392742878752 -0.112664470968029 0.0331224041703557 -0.101049179707074
0.00917299175092413 -0.122268228516533 0.087658974640636 -0.0683864982562536
0.082798414860183 -0.113036633515956 0.0851542503475583 0.00796151784126847
0.139909740623144 -0.0618762321232734 0.028534560443164 0.0585570737890304
0.13962133912774 -0.0113083947977052 -0.0547176372483158 0.0237781731617184
0.0901322581007068 0.0226786412070864 -0.13996751501681 -0.00315498523907056
0.10390928202794 -0.0168892561960362 -0.132481640854111 -0.0253023870050646
0.0828025580563065 -0.0580950441692671 -0.113157192081315 -0.033265039071274
0.0285047599899963 -0.0818060251669643 -0.0912579068324118 -0.0209178166176302
-0.0124123922731324 -0.0772170065811023 -0.0930359723317349 -0.0248915362952537
-0.037525185738111 -0.0636165278740172 -0.097675452353363 -0.00442616295246771
-0.0479209952204777 -0.0469903615406431 -0.0801137828279369 -0.00446089356871229
-0.0510140206848384 -0.0445935479689798 -0.0640376527143467 -0.0329055110481575
-0.0440673111020204 -0.0510109648056387 -0.0548436862004542 -0.0695423441870638
-0.0416331500036427 -0.0658924838384961 -0.0189887761812395 -0.10044479159006
-0.0146515038822987 -0.0876545983289661 0.0318111612853337 -0.113157747296928
0.0284285567956155 -0.0879419968476095 0.0873215334938147 -0.0718006856199125
0.0828820299913842 -0.0675784729629384 0.0736969419109841 0.00646762685809734
0.115437141409122 -0.021072590195155 0.00507659616837465 0.0507638689638358
0.100808860955881 0.0136607555474071 -0.0907787596458688 0.0107029442914002
0.035540851631055 0.024951352656105 -0.16527365186747 0.0101185450214103
0.0537989054725911 0.00291837447790257 -0.137640032780641 -0.00633065693402848
0.0436030659594663 -0.0253102822524954 -0.109231369653231 -0.0247712462638175
0.0149018959787749 -0.0361434725674037 -0.0855276300735561 -0.0265434091357189
-0.00171753524258467 -0.0322358454691936 -0.0987562114118035 -0.033633882090974
-0.0109511655348391 -0.0318663820577682 -0.107406632457199 -0.0132626162386792
-0.019020615073611 -0.0269707263543106 -0.0946862211846162 -0.0152516293145097
-0.020643516864644 -0.0274203395231318 -0.0769540899403617 -0.0467805284902706
-0.0174699387624373 -0.0326892197310159 -0.0621438532257717 -0.0853979500915554
-0.0138608901664604 -0.0410007191066413 -0.0175309729797859 -0.113904530600959
0.0058875727499447 -0.0498333830440972 0.0381729959225052 -0.118764240406542
0.0318778112773418 -0.0485594144167329 0.0899764320659946 -0.069638334529185
0.0650930251982615 -0.0268608013076766 0.0662504145919779 0.00257448272302934
0.07292964146265 0.0117637675260552 -0.00755580632509174 0.0350796377765138
0.0481728111267661 0.0286863019271714 -0.107869359736511 -0.00771952681363165
0.00717862172968337 -0.0247064485432148 0.117353290091363 0.00816353637953903
-0.023483628142369 -0.0161429480841083 0.0208287083035743 -0.0442624513993695
-0.0242322771539183 0.00404949684012847 -0.0664700427652098 -0.0128080511927727
-0.00849399702129317 0.0126628345067557 -0.104200717205108 0.0560304917616282
-0.00317981591557908 0.00555419823769034 -0.0558137654690083 0.124111508868158
-0.00787570093740469 0.00513605425571224 0.0144985966852441 0.127615011961197
-0.011094896438398 0.00615297231894822 0.0581894653785844 0.0937797269250867
-0.0171043470914892 0.00634451300821762 0.0902903858743726 0.0546970622811497
-0.0174849676738717 0.00449500934530478 0.100427003797499 0.01745980005539
-0.0195362923990826 7.41263801204975E-05 0.112478536571813 0.00350590690175398
-0.0187604345116303 -0.0115117998343672 0.108633388941096 0.0151771545158816
-0.0101677874571063 -0.0138852405378112 0.0952959017185568 0.0244934831405114
-0.00874365991410861 -0.0220815041559199 0.109836966867651 0.0260078014721807
-0.000756924793981834 -0.0329768266788194 0.138766005210483 0.0136056317090405
0.0236823824759168 -0.0266407464125795 0.169854291880676 -0.0198795489951286
0.0597882859716492 -0.0138722955918565 0.105005990122354 0.00891593134147163
0.0281120973701505 -0.0225188692131209 0.0129372101979234 -0.0426189640568203
0.0147440143926608 -0.0145476830399168 -0.0695081789512057 -0.0175431697250576
0.0111338195926899 -0.0188318928252307 -0.108745513479194 0.0490747264352374
-0.00297054655718268 -0.032104473235987 -0.0648669284156524 0.113575016823859
-0.0241935023742286 -0.0279628577956212 0.00047524441906846 0.122145952093154
-0.0364439370123934 -0.0185898425891883 0.0465971522145646 0.0931939092813104
-0.0494641649282165 -0.0148435709179774 0.0777362398569184 0.0533405688408663
-0.049835592359867 -0.0156966779441451 0.0859877567243546 0.0122393206660348
-0.0555398972891037 -0.0275568820828583 0.0991021281899514 -0.0119097352488441
-0.0474606343922235 -0.0567001144670945 0.105377550275094 -0.00745153207174828
-0.0158084303820002 -0.0682621869902118 0.100701328958269 0.00566910463651253
0.019570138054341 -0.0759928531434534 0.110637014867288 0.0198729103887908
0.0548967013325649 -0.0690970374690719 0.12399228663239 0.0164885800465456
0.0836125239811789 -0.0436529568834678 0.143197709428614 -0.0117122931926355
0.106125237636453 -0.000393894434129089 0.0738789927751782 0.00432464822552615
0.0808479957091958 -0.0254633362066128 -0.00595143044102314 -0.0489859852852637
0.0586817847237413 -0.034798202265445 -0.079100131530348 -0.0284339969950714
0.0324849806435689 -0.0537767888902069 -0.11395979040944 0.0399801572832861
-0.00267596963949001 -0.0700198077849766 -0.0710377441977587 0.0961865414010924
-0.0381554967394542 -0.0606219993402943 -0.0165756052506567 0.106169224631511
-0.0576631793349531 -0.0418958587942736 0.0268423938322826 0.0826431012507095
-0.0741610935359506 -0.0340507574168787 0.0549762234178263 0.0459649182793561
-0.0748677296162906 -0.0338581944384534 0.0591775968172745 0.00239994250131137
-0.0841307137428076 -0.0490801758866682 0.0737024188067948 -0.029854849321485
-0.0731020044087191 -0.0899367019189177 0.0892832267500714 -0.0355269241924244
-0.0268418077972084 -0.111827979291596 0.101123595139424 -0.0190166008295209
0.0363296616483871 -0.122596747635089 0.11075528047606 0.0125625587748541
0.0970453475204226 -0.100690365786619 0.105424037782037 0.0263745057011742
0.128749256827869 -0.0549528070438194 0.100163775214657 0.00170141828997492
0.137381069032747 0.0120173836635212 0.0257971423753064 -0.00465263271650484
0.125091825271173 -0.0296337856336439 -0.0363501593119593 -0.0566029103958932
0.0972018633560995 -0.058508330129041 -0.0936264902195257 -0.039166709278908
0.0462771641145392 -0.0899543085285565 -0.116473319611572 0.0274774131932912
-0.00606704980205962 -0.102168751254001 -0.0760375350274785 0.070011538245225
-0.0509518852279995 -0.0844841574716086 -0.0350224530501111 0.0810147644699703
-0.0722065231003312 -0.0577879761531988 0.00180909833938625 0.064360653566215
-0.087119708197866 -0.0482185264841946 0.0240877084722628 0.0310881169457643
-0.0870296628003308 -0.0480631740622368 0.0259378436192049 -0.0111925690506187
-0.0979886893182283 -0.0644932892893957 0.041252461733631 -0.0474075816573832
-0.0847308316973389 -0.110055863043085 0.0663869127702073 -0.062475107052185
-0.0308956733679556 -0.136221531025476 0.0965890616477601 -0.0433630210875493
0.0491111003605323 -0.148316933855745 0.106907467520146 0.00779085411960834
0.12653613377464 -0.112943759687633 0.0834005436967675 0.040486848487438
0.155061883337225 -0.0542791705967864 0.0486820686141347 0.0167458695681003
0.147080082941334 0.0179896312925504 -0.0341120225496117 -0.0105801929971049
0.145595370953829 -0.0338932435276958 -0.0746904013422387 -0.0559625762727216
0.116295810681858 -0.0763685474499502 -0.106899176382445 -0.0443798908981062
0.0487094555594864 -0.112628943846155 -0.112417338850531 0.0107335098914025
-0.0129123363424265 -0.117617994158035 -0.0811057636077401 0.0359814478639659
-0.0581952703300141 -0.0940744813609364 -0.0570424287862812 0.0499781873658393
-0.0771489941461474 -0.0640553067358175 -0.0270985790685578 0.0397796534965594
-0.087412958384522 -0.0554739680777184 -0.00996829227727809 0.0109913186769928
-0.0844785324176114 -0.0568866938711747 -0.0089678709736307 -0.0277095650099953
-0.0936656970766639 -0.0743886168608912 0.0105726895680892 -0.0643152233760298
-0.0750740616423385 -0.11822654303882 0.0433323295764214 -0.0842602369520743
-0.0190123929962707 -0.140301123489214 0.0892424024384752 -0.0607187847921456
0.064369801922623 -0.145282686013027 0.0975667758678036 0.00598437400390897
0.140029765463288 -0.101179172816853 0.0577344257247214 0.053945087536198
0.158873302390673 -0.0389651595569111 -0.00581499606852424 0.0260268570959204
0.131086456441013 0.0195039739725478 -0.0935318106529848 -0.00849456652563329
0.137315865255853 -0.0319542608973581 -0.110167596484471 -0.0424382083883262
0.109280824922149 -0.0784198777935608 -0.11392680089406 -0.041064113937794
0.0397192895511949 -0.110667012122785 -0.102783304384319 -0.00682175868512557
-0.0178421679420442 -0.107988282451763 -0.087693025204283 0.00204568065618053
-0.0558870589907185 -0.0852264100022398 -0.0794541402985479 0.0203623082391107
-0.070145381912638 -0.0586365561042373 -0.0557733289418894 0.0161807686557401
-0.0750667027379184 -0.052991825880679 -0.0411229742991892 -0.0103467416769666
-0.0696400456272349 -0.0578313178551949 -0.0376932775071756 -0.0476794099213079
-0.0723651484948226 -0.0752440569085528 -0.0120283857362259 -0.0823940660172824
-0.0486093375732072 -0.110273332221678 0.0295094195045268 -0.102398042213162
0.00446118159949281 -0.122333878110941 0.0850444666353915 -0.0701860528386819
0.0782392348430097 -0.114819779184721 0.0855828089846297 0.00744305544984841
0.137182231766999 -0.0662762944290899 0.0300296091472297 0.0590286303707826
0.139228883031458 -0.014009492015231 -0.0540885503362492 0.0246944859115747
0.091187754853205 0.0197115767403352 -0.139567270326655 0.000235893162773384
0.102470458805157 -0.0201919927726341 -0.131720409842239 -0.0218865126170567
0.0802160014151726 -0.0604711331980269 -0.113665990652508 -0.0317185287990781
0.025451814624166 -0.0824330631012357 -0.091920885256503 -0.0199077865952097
-0.0151516855462495 -0.0763918227011544 -0.0947605023049955 -0.0228169479373611
-0.040174334855191 -0.0619459622396967 -0.0976159522515292 -0.00095681353877087
-0.0499931384802938 -0.0446189635962198 -0.0804734902718163 -0.00279448302659513
-0.0520048823962108 -0.0428103959592523 -0.065441708380914 -0.030387928209991
-0.045777702448042 -0.0493383641803437 -0.0575510513202203 -0.066573496788974
-0.0433309328535676 -0.0640410623065665 -0.0220459280444636 -0.0994615193300147
-0.017690518812806 -0.0861742148825744 0.0272140372206754 -0.113993346374781
0.0255480709298305 -0.0885386485801501 0.0847860643296371 -0.0730419142681958
0.0796989541036619 -0.070190580987304 0.0738723836727108 0.00597617652103975
0.113970545514713 -0.0247209061346964 0.00768858335097837 0.0518059192308308
0.101001703511114 0.0113572337753286 -0.0896342496484714 0.0128420431672013
0.0366611784309904 0.0236340409957595 -0.164784506966635 0.0142071718102202
0.052634813020213 0.00150715002734571 -0.136416541430689 -0.00325581580090739
0.0431999297135604 -0.0267597111851842 -0.109976434468921 -0.0230394061864522
0.0137924188904599 -0.0361955423214893 -0.0862050393431759 -0.0261509217117198
-0.00291207361880635 -0.0311911461448685 -0.100478211173715 -0.0316083642959816
-0.0122777683707847 -0.0315002614669613 -0.107224948456902 -0.00962975574634854
-0.020084148588607 -0.0265087714875224 -0.0949364991594513 -0.0126516933116232
-0.0212675742478527 -0.0261175759713701 -0.0795823903532607 -0.0443127176502075
-0.0175975259200186 -0.0316357265559839 -0.064699669409307 -0.0826504454981369
-0.0147248645530815 -0.0393774577117813 -0.0205588606748958 -0.112066102570237
0.00448988423857656 -0.0499279990290885 0.0339273614388662 -0.119513430177042
0.0302417329395198 -0.0488700896932248 0.0876509215320958 -0.0714133635933016
0.0636064572931228 -0.0285794989670807 0.0664927985905968 0.00187075151426753
0.073458313862328 0.00940086298294593 -0.00578037328193577 0.0369347529751978
0.0487868181495263 0.0277596135510891 -0.106404802827532 -0.00479151069737092
0.00609873812597149 -0.0242419849025725 0.116264125700124 0.00249336444201153
-0.024325349460551 -0.0145087376886097 0.0179497926262628 -0.0443097679228937
-0.024284759044816 0.00481052312464376 -0.0670583822169646 -0.0103962138791314
-0.00767486034242277 0.0130265723350108 -0.100633788555827 0.0593839349080354
-0.00323470303384444 0.00560802411616767 -0.0485397630614056 0.124342795355612
-0.007534245916424 0.00558880605786732 0.0204988459212332 0.124352879006975
-0.0112025745793136 0.00707329083886468 0.0612657506696707 0.089511605608709
-0.0169872465630011 0.00701390550182838 0.092209867677482 0.0491827925220605
-0.0168141526612187 0.00538063854585702 0.0997600114078341 0.0125181302985785
-0.0195648790561646 0.00113365941662777 0.111000541971032 -0.00248945163298524
-0.0198715504189786 -0.0109318983156842 0.108584306735067 0.00941738772705802
-0.0104292560656353 -0.0129430041896051 0.0962158893795415 0.0209700465705615
-0.00983910322677475 -0.0210706629440108 0.110856929514893 0.0206369632832426
-0.00224059666999531 -0.0319180415660891 0.137207474244619 0.0081638262422642
0.0226104128319665 -0.0272123071158006 0.166061900755466 -0.026310251577981
0.0589693290535459 -0.0167439659974285 0.103511869546428 0.00495742703917255
0.0263071230031654 -0.0239839585306064 0.0107986462095562 -0.0423113706473669
0.013727004193352 -0.0155852353498145 -0.069723052812274 -0.0158975785732496
0.0101104468559445 -0.0186903299280458 -0.105782578285845 0.0528144750068622
-0.00477046384809547 -0.0309821825678338 -0.058551068412421 0.114460509208043
-0.0252912405334307 -0.0265234555111416 0.00591142774490302 0.119858258024136
-0.0373853672531562 -0.0154727446170227 0.0494008632609324 0.0895394038648265
-0.0497504156185174 -0.01176780911519 0.0796626147266701 0.049035618134247
-0.0504590510109119 -0.0138559728110142 0.0852646076026281 0.00794801519010889
-0.0565739202506772 -0.0244681928572824 0.0968406668311226 -0.0167432020332295
-0.05020402989213 -0.0534566910104455 0.103545773184732 -0.0124297593660621
-0.0192366223096914 -0.0674961594539063 0.0999432256390623 0.00247320756885654
0.0150492963800569 -0.0759852024079204 0.111187536912533 0.0157108011954212
0.0507961801073355 -0.0712455778634282 0.12219336506821 0.0114300230971902
0.0811555298335103 -0.0462199285384826 0.139760920274997 -0.0176707399076186
0.104749638925283 -0.00508731469169702 0.0725879431026459 0.00119438991841223
0.0780216451142454 -0.0294529814087133 -0.00808590971327934 -0.0480193027170605
0.0565138422940018 -0.0380265316320137 -0.0804610372226143 -0.0256201596275565
0.02935240424451 -0.054912186822727 -0.111375028630239 0.0431958312547531
-0.00622574748747536 -0.0686370230910587 -0.0662920504106054 0.0972636455481472
-0.041535899869212 -0.0571312689175227 -0.0111880995738958 0.105737537370127
-0.0596594555629058 -0.0376510461500209 0.0301511261300069 0.0802828293747847
-0.0749155937151966 -0.0295945045319538 0.0562262703719552 0.0424457380219927
-0.0759758984741888 -0.0302352201578663 0.0580870206908916 -0.000457307285191135
-0.0862042001930725 -0.0441586337288918 0.0704127874264494 -0.0331506325272642
-0.0773875476993685 -0.0846357063976655 0.0863157321973007 -0.0395513087786694
-0.0317670938199802 -0.109512516427452 0.0989882791150402 -0.0221470867038012
0.0291790825974125 -0.122503765522772 0.11068694877827 0.00837512384661453
0.0907367996857047 -0.103847749746677 0.104683117220469 0.0225111014889742
0.125514002342385 -0.0600735211501119 0.0990092168417852 -0.00267287819354855
0.136532646039341 0.00448418185567471 0.0243612757256657 -0.00490450705756126
0.120769053518361 -0.0356972353967681 -0.0389030966292143 -0.0539574051603045
0.0929806494286109 -0.0629003432754132 -0.0951216471506121 -0.0367207312032757
0.0415076860793715 -0.0905433255829336 -0.113375094941718 0.0307474296738538
-0.0115138966721324 -0.10004213287877 -0.0726770346969851 0.0715323612364576
-0.0550438095457846 -0.0800930099137228 -0.0311479868109044 0.081452525287986
-0.0744868803465991 -0.0532539345626477 0.00424040433981494 0.0630747405563537
-0.0889728471955661 -0.0430650510294565 0.0252307097098473 0.029714668026037
-0.0886903095415709 -0.0435127276218061 0.0245981082419527 -0.0115293011758689
-0.100136617769424 -0.0593049020930465 0.0377078377796095 -0.0480200707854778
-0.0899432369458332 -0.103843400779 0.0623565797775873 -0.0651793203976806
-0.0375945526388398 -0.133457372716913 0.0922369382443246 -0.0464233408465938
0.0405777338781671 -0.148771098207939 0.106633441873319 0.0037356564203695
0.11856590350034 -0.118316220413652 0.0836452488539747 0.0376859961165067
0.151600180066347 -0.0593324869851734 0.0486691033254564 0.0142210031681672
0.146488433857162 0.0109761506832174 -0.034129724395189 -0.00828606974306232
0.141472595878715 -0.0405319834813631 -0.0764899463334454 -0.0512503719049183
0.110529240354641 -0.0819263069249868 -0.107909947165456 -0.0401763620114431
0.0426474685903019 -0.113587369402563 -0.110740133825676 0.014427126080523
-0.0193382049531492 -0.114682672828913 -0.0799339924837407 0.0382621829958858
-0.0631913439077114 -0.0887535483393792 -0.0541023044237682 0.0517905644127589
-0.0800626389998586 -0.0593742453773131 -0.0246740766581782 0.040357510811799
-0.0895010639000267 -0.0495513019423788 -0.00913565450905058 0.011491090873649
-0.0870282332236309 -0.0526881942635581 -0.0108269494620932 -0.0264989218497854
-0.0961669364165199 -0.068093819642686 0.00602853721922213 -0.0637565311301
-0.0804410264689833 -0.111926377143726 0.0384381948061319 -0.0858889296254038
-0.0260564987910841 -0.137745573617601 0.0848248049281455 -0.0628289393387617
0.0555040342937175 -0.146703932805766 0.0980374772839609 0.00344270168275572
0.132679763691314 -0.106707471820858 0.059778325465578 0.0515356359986471
0.155168900156002 -0.0448060131430866 -0.00458776523775221 0.0262358830702997
0.130692313747422 0.0124878161152987 -0.0925355030978967 -0.00451089057587452
0.133129042692127 -0.0382035867204497 -0.109433193834069 -0.0368127826075226
0.103825097339534 -0.0837089166155492 -0.114468741157853 -0.0363063384045983
0.0335490627652899 -0.110838149179292 -0.101711571529023 -0.00310935872743582
-0.0233145953900704 -0.105616792377729 -0.0884894850381904 0.00504726706628092
-0.0596078247031733 -0.0803434940157255 -0.0775325178007124 0.023952406292684
-0.072639706563405 -0.0547204516446814 -0.0552338056499208 0.0186376066761765
-0.0769808330502145 -0.0483587791814613 -0.0413372276828557 -0.00831786433838324
-0.072282463717571 -0.0542637432711659 -0.040204628331475 -0.0442646467108231
-0.0755403375418584 -0.070627645821173 -0.0167846689320472 -0.0806490780974985
-0.0537698283011172 -0.105682276511746 0.0238483129047475 -0.10244279515362
-0.00156965827080441 -0.121254803583633 0.0799978942575122 -0.072836753252986
0.070640449855305 -0.116202894908094 0.0858461382752957 0.00497713130395111
0.131657867806426 -0.0720522973970736 0.032936371975079 0.0578098542707614
0.137232140217735 -0.0191271939659573 -0.0523548080243432 0.0267840817114264
0.0909936609127151 0.0150813040395776 -0.137778880494179 0.00678174100510322
0.0986165939838368 -0.0247726830537808 -0.130818650915314 -0.0161901110565244
0.0759770271362247 -0.0639738393446397 -0.114405292535362 -0.0273882579589899
0.0210324151070583 -0.0819951553423431 -0.09162461960218 -0.0170183799351831
-0.0188202645151125 -0.0740491942117987 -0.0964770183848297 -0.018599033058846
-0.0426240102645863 -0.0585294269126786 -0.0971164237401799 0.00423561328906647
-0.0522295250146942 -0.0415241622148554 -0.0796112446728383 0.00129244415315454
-0.0528350259106819 -0.0389557571979858 -0.0666773562033554 -0.0260473164756028
-0.0478599501182382 -0.0463711987886196 -0.0606969943494509 -0.0620893815681357
-0.0459504745677208 -0.0603615822235462 -0.0267511548387162 -0.0967949332718784
-0.0214288877417312 -0.0833446454292871 0.0214815896150241 -0.113750465788646
0.0209961762878901 -0.0884163747340483 0.0796603296704627 -0.0753656192434334
0.0749517696452922 -0.0729323751053924 0.0732660324225344 0.00405900305899564
0.110920034484581 -0.0299247709825616 0.0103109553203486 0.0512115228039602
0.100983269478678 0.00769742065145738 -0.0874573851653876 0.0165485060657277
0.0371689026649902 0.0213441769595151 -0.161446274616254 0.0202190643450857
0.0516796613117804 -0.000647949740439938 -0.13368552818575 0.00153467331313626
0.0405275832375122 -0.0279106172821988 -0.109782650610028 -0.0189276999222918
0.0116520725903076 -0.0356087361895477 -0.0865066344828242 -0.0231568152935153
-0.00401196988777977 -0.0302256210699424 -0.102190929822471 -0.0265201239134125
-0.0139783619145121 -0.0299842161961961 -0.106059638806703 -0.0035665543944464
-0.0215743030219164 -0.0247138315449546 -0.0948200744356252 -0.00796119934971419
-0.0217917126962048 -0.0240498582599816 -0.080663919127304 -0.0395103821360125
-0.02002526734423 -0.0300841902753752 -0.0682944955520198 -0.0776402525492449
-0.0168065848335534 -0.037659455085065 -0.0256843355155612 -0.109607364736631
0.00183527029478032 -0.0495197581776935 0.0272654778500949 -0.119629394818433
0.0275101065371928 -0.0497912305190711 0.0828883205226072 -0.0735143842672918
0.061249697012379 -0.0304946748177883 0.0656127874925498 -0.00022265454586019
0.0723043852774692 0.00601854615179412 -0.003277415242854 0.0364644056262791
0.0494610559209841 0.0256554474754359 -0.104332706143779 0.000126157015663744
0.00525413484106763 -0.0236231742628051 0.111023927816259 -0.00280579359425981
-0.0234703397321136 -0.0127892446314755 0.0156409883846024 -0.0427924012637182
-0.0230776379697317 0.00519740215195303 -0.0651904177469339 -0.00817616608015519
-0.00662484678353568 0.0126563247285815 -0.0947773507746029 0.0607437962016514
-0.00299509461383896 0.00515135891442438 -0.0412144842212385 0.120677616455722
-0.00691126352016137 0.00527894386753363 0.0249594797510361 0.117490797181208
-0.0101502005913449 0.00778934906197671 0.06301187929044 0.0833525782373063
-0.0162776012823216 0.00790821606719756 0.0905810319760501 0.0420916144138562
-0.0162270758875228 0.00589448981305711 0.0958016061054763 0.0067381351722644
-0.0189460242964613 0.00135004626962481 0.105710225477518 -0.00771701474534188
-0.0196421430470533 -0.00874792295850275 0.105469250907541 0.00449462653189395
-0.0109128992004963 -0.0125823931643989 0.0936309806090022 0.0171589873724344
-0.0106662008913219 -0.0202757519352417 0.107790833707109 0.0154505948128622
-0.00294743207002881 -0.0300093437840636 0.131149602262318 0.00242698163026325
0.0208933560620736 -0.026456877776096 0.157843573324535 -0.0320500012693463
0.055470260563745 -0.0188765209910722 0.0992992039345731 0.000276359558898926
0.0236102753971435 -0.0240614164450939 0.00864220944540199 -0.0408049962725754
0.0120794341485736 -0.0161498172802534 -0.068045181001619 -0.0130671399729271
0.00899837861101351 -0.0185029953286842 -0.0995558783827828 0.0549993447927665
-0.00628619021863204 -0.0295811800239524 -0.0514347465513423 0.111739931884262
-0.0259849589021597 -0.0236658624567671 0.0104823181579303 0.113898631899263
-0.037143018822276 -0.0133063670289978 0.0511641049148754 0.0836035561618405
-0.0477996122149442 -0.00860958271954112 0.0791619184245289 0.0433373871740086
-0.0495535573826043 -0.0111163371039689 0.081859547441348 0.00370463421796293
-0.0562418656501892 -0.020990678018561 0.0919267331923289 -0.0210736025745087
-0.0515092869758424 -0.0485319918003365 0.0989328148732293 -0.0171659352363544
-0.0214773287138087 -0.064037468933755 0.0966605696271805 -0.00131284263623229
0.0108553645909599 -0.0733926837856804 0.108158142608377 0.0100172194608693
0.0451678478449188 -0.0701375219245816 0.11726491268699 0.0067632298208213
0.0762565859752111 -0.0482707430841262 0.133321753638266 -0.0224371730411832
0.100531065645847 -0.0102786988810474 0.0694741367108334 -0.00187379944059326
0.072642312381881 -0.0317846939355892 -0.0100491568893743 -0.0448900584352321
0.0519606303466373 -0.0396225701456875 -0.0790934658014917 -0.0224399625594568
0.0257983686331529 -0.0537247012176129 -0.10466533023974 0.045896973026564
-0.00983553647007348 -0.065426405156836 -0.0598102020506022 0.0960401411481399
-0.0427235429041587 -0.0524309354827808 -0.00623078125011787 0.101416831583767
-0.0596614208458101 -0.0329406056165807 0.0323713010334252 0.0759979751048795
-0.073279182930213 -0.024542452631601 0.0564515464024415 0.0380696071684916
-0.0751212559169555 -0.0254934032011135 0.0558242323541989 -0.00224359873018001
-0.084998158373433 -0.0381504979149484 0.0659868317091754 -0.0351943031254864
-0.0791397661173883 -0.0762210516140193 0.0811836343994257 -0.0421706924545965
-0.0362489983210711 -0.103263151309287 0.0946544973961333 -0.0243153893177819
0.0215288339117091 -0.118710225972401 0.107562655324299 0.00398703687268152
0.0824635713250731 -0.104109884591556 0.101519683892917 0.0181766580876897
0.119094766112199 -0.0625088172147356 0.0941234114257948 -0.00593587024312302
0.131688302013537 -0.00155005588770071 0.0237363462460781 -0.00516671485924235
0.113775166839311 -0.0402940234296471 -0.0392566580009663 -0.0495839590734685
0.0854314901870439 -0.065418107726359 -0.093465754836026 -0.031753434124789
0.0352362144984424 -0.0893583615589393 -0.108269474136679 0.0337200376532943
-0.0167830528823338 -0.0946564612813358 -0.0677361764387798 0.0713196972746364
-0.0571556075408142 -0.0734584985018464 -0.0264083574460194 0.0795024800492652
-0.0753041155059978 -0.047370175985071 0.00754399047063502 0.0607186503210944
-0.0876545478550901 -0.0363208376513151 0.0260722525747263 0.0275216026912617
-0.0880612557076734 -0.0371836140463307 0.0233080499923231 -0.0114637158243304
-0.0993335450737289 -0.0515188159972089 0.0336209237142062 -0.0482880552534628
-0.0919583716885347 -0.0948527356121413 0.0569080945202873 -0.0655648882611206
-0.0428830072953111 -0.126713775366846 0.0871009987451208 -0.04684215817377
0.0311438687579217 -0.144533848233472 0.10344124654281 2.83542811425496E-05
0.107695481197952 -0.118975210246426 0.0824039693913995 0.0337106992687306
0.143467372170932 -0.0635800072223777 0.0477055421606848 0.0121256444835481
0.141736857897627 0.00303685145990536 -0.0325062024281995 -0.00594396421789822
0.133022431644429 -0.0455626785135888 -0.0749706634110806 -0.0453741821870938
0.101838707336335 -0.083912451349604 -0.106862794695239 -0.0352753295247135
0.0357544976060321 -0.111115419922704 -0.10558313312369 0.0169137353855369
-0.0248672983273102 -0.108526977503922 -0.0765401181463328 0.0400139943242422
-0.0652646372027828 -0.0814473196258462 -0.050051198374437 0.0525064925464984
-0.0807280537107399 -0.0523814615817517 -0.0224479292961865 0.0401909720350439
-0.0881516846260513 -0.0431571629041062 -0.00786907631441213 0.0113614396332238
-0.0868005670773824 -0.0461052411795074 -0.01172010520315 -0.0240748714858056
-0.0965165748228214 -0.060513366045785 0.00239862716695026 -0.0613709810030988
-0.0839519844328278 -0.103192244858499 0.0329985161350904 -0.0844233685138156
-0.0315635041582147 -0.130860045345272 0.0781456449959733 -0.0637913031101073
0.0453118105113195 -0.143166517771427 0.0951943292620779 -0.000300482104221797
0.121839081153831 -0.108604006541243 0.0601034346882701 0.0482931009867886
0.147712707986508 -0.0493104461748666 -0.00319194060545399 0.0251856511245598
0.126282380690461 0.00588786236207277 -0.0889790714244921 0.00073844682325798
0.125201542254695 -0.0429444253910732 -0.107257905922921 -0.0304951734590286
0.0951774057070802 -0.0851470241650217 -0.112498436091145 -0.0309660184684456
0.0270997436073877 -0.108271922382155 -0.0981489434168641 -0.000245648185016286
-0.0278044467846026 -0.0993057820343763 -0.0866259192021353 0.00802640940085865
-0.0616088544508073 -0.0739081704541739 -0.0740078232466859 0.0270361093895493
-0.0730278006658864 -0.0475133097266123 -0.0517274078855358 0.0202875159951884
-0.0760380744158901 -0.0423247876195965 -0.0400321671037042 -0.00588619191745706
-0.072347323736675 -0.048485971404717 -0.0412805259115744 -0.0392873675899788
-0.0761065148946828 -0.0634354673730626 -0.0197891099680198 -0.0758975007260521
-0.0573537950009918 -0.0981188672644831 0.0179042510214812 -0.0997399239950258
-0.00730933642813918 -0.11616248979938 0.0736961298337984 -0.0728383951195203
0.0619330147219644 -0.114834315895983 0.0836665356234216 0.00211831474525762
0.122578409395881 -0.0751159868581511 0.0349319644505712 0.0545920352754061
0.132060238292137 -0.0241619301387334 -0.0485260947887729 0.0276103374250176
0.0886460846465816 0.0102002502216627 -0.132235534988797 0.012631207449207
0.0939812631786259 -0.0279962459638727 -0.126163458053538 -0.0100344634121598
0.0698263837223041 -0.0649456300202935 -0.111123979073355 -0.0220093377409957
0.0161899284240077 -0.0794688032884275 -0.0892130843572905 -0.0140442524603475
-0.0217403392608381 -0.0696768497493757 -0.0944548157848647 -0.014648099657351
-0.0440222406973857 -0.0535872778982779 -0.093368438360646 0.00900478721617925
-0.0526941205676519 -0.0371092438077655 -0.0768368893287717 0.00460154001486054
-0.0527346665443973 -0.0350273766721049 -0.0655549076286743 -0.0222688801724624
-0.0480139472430952 -0.0423395799717383 -0.0609585147790862 -0.0563094413655408
-0.046767948884306 -0.0555517365226928 -0.0305489548535408 -0.0919680695146684
-0.0250607072805516 -0.0787646120194784 0.0150647346951662 -0.110363814690671
0.0157964526819125 -0.0852588761271476 0.0729321328961897 -0.0758389543782015
0.0680599484763715 -0.072576888808264 0.0716548385249687 0.00199639021150524
0.10477320246672 -0.0335787077315187 0.0128388711651492 0.0494372808859226
0.0969560590004399 0.00289332202413628 -0.0824089194614711 0.019208767472593
0.0373512848162785 0.0186015342564986 -0.154542638412476 0.0263162474714419
0.0493292658436583 -0.0029867996767923 -0.128407407557508 0.00673945896015873
0.0372148062487789 -0.0289214574252174 -0.105831502581162 -0.0140246983484491
0.00939091356303838 -0.0347619954913745 -0.0841822980198869 -0.0199090893028105
-0.00503554496690638 -0.0285714987289926 -0.100531623464092 -0.0211696934120669
-0.015118667221177 -0.0275121363824848 -0.102571757158996 0.00165550812730992
-0.0217404434634455 -0.0220794173026555 -0.0912852729157242 -0.00323925438002922
-0.0215024693052333 -0.0220115022233945 -0.0803718958224101 -0.0339460183280691
-0.0197341231395539 -0.0279898202555246 -0.0697258697588653 -0.0699286929962827
-0.0172176459034409 -0.0345006214473916 -0.0298342666897687 -0.103952271884689
-0.000360345190295917 -0.046872479788587 0.0209302914163431 -0.116438475550627
0.0244343319598071 -0.0484138316956926 0.0765804447121803 -0.0740313494603302
0.0563768195959964 -0.0315632016046978 0.0637439721196204 -0.00178234438416759
0.0697281737333405 0.00244666466114258 -0.000472121292062605 0.0359144841763704
0.048734333380649 0.0218597752358356 -0.09997943383491 0.00449289256123402
0.00329144527941729 -0.0235020540122384 0.103321965565618 -0.0128077728416034
-0.0234514135824073 -0.00994062176944753 0.0107396638108343 -0.0420110774809103
-0.0214772472284567 0.00723875974756462 -0.0613626421813256 -0.000898311605071274
-0.00474739256427764 0.0122596281170605 -0.0813314921081186 0.0681274050204618
-0.00278655899408554 0.00541625502387462 -0.0240987977402781 0.11800956665284
-0.00576578452199514 0.00585403255851715 0.0368168744468085 0.107387149380049
-0.00803894342512371 0.00857076806764706 0.0691893108223521 0.0730376860452258
-0.0139559408329811 0.00889515910583127 0.089669248457873 0.0284569598526053
-0.0153291628552286 0.00707619223410504 0.0903063061781844 -0.00339709294526236
-0.0183751589403611 0.0027952314137622 0.0975471003610792 -0.0193995741254348
-0.0202651544395551 -0.00706332571064177 0.0993177616126496 -0.00685240599539665
-0.0115875931781122 -0.0112632201127956 0.0911733695369573 0.007496611638402
-0.012990274638134 -0.0181094941300229 0.102714409213076 0.00334637876329182
-0.00665382976049037 -0.0286409404581325 0.122143777182394 -0.0127593193467251
0.0159661609816031 -0.029587438740166 0.145575971900737 -0.0469840070301419
0.0521301544017221 -0.0251661426778277 0.0889942571861012 -0.00772650582508747
0.0193906536393054 -0.0252448369448922 0.00270281191837443 -0.0378981602787712
0.00864226545000456 -0.0160378319225052 -0.0666080049665282 -0.00487167361296545
0.00631559193733587 -0.0185232829312072 -0.0874520946945344 0.0632889550857407
-0.00986226590836863 -0.0266370334287564 -0.0353260476174872 0.112261807543331
-0.0262227281280135 -0.0190042311288219 0.022408926824177 0.107126989693282
-0.0353236014283599 -0.00793558002003891 0.0576158599305884 0.0746439350494617
-0.0461162146052363 -0.00272813292801176 0.0784162186896675 0.0309751024829456
-0.0482689600918118 -0.00471102447135157 0.075793656880404 -0.00453329205442731
-0.0549555472327792 -0.0133375347404318 0.0816276068681083 -0.02985509441257
-0.0541780413923855 -0.0389454173274624 0.0901056419139344 -0.026032911847
-0.027217759327383 -0.0579446260552501 0.090323786460272 -0.0107466199281375
0.000504294249556786 -0.0703577752492187 0.101497699025398 -0.00291400678879088
0.033145195630294 -0.0701621338435252 0.110612822200142 -0.00992483058488759
0.0646009159803925 -0.054376157326794 0.125019582381291 -0.036078753833283
0.0961560018684963 -0.0224637517333461 0.0571285536475721 -0.00654530448740068
0.0643506930745137 -0.0369893645127278 -0.016149364569323 -0.0403706861930748
0.0432941784904848 -0.0422726666386716 -0.0800342454375022 -0.0113096215249456
0.0182135649304119 -0.0522259847818003 -0.095232033997162 0.0564686085759697
-0.0165931356617368 -0.0594195720170651 -0.0463024897916651 0.099480983443746
-0.0451840016282856 -0.0437990013881706 0.00436106684599522 0.0984132306025129
-0.0585883849095667 -0.0236615537952058 0.0377678964507707 0.0698924092167274
-0.0713355677136621 -0.0141743910542801 0.0566988140919383 0.0285877101149719
-0.0738236323034581 -0.0154063915281349 0.0508431393568705 -0.00738988861677464
-0.0835495944384921 -0.0258612616578729 0.0548661987619663 -0.039746138134938
-0.0836203265907976 -0.0617035111435714 0.0699553351000449 -0.0471849558485041
-0.0458675527208688 -0.0922553285040177 0.0839794697500258 -0.0330641905423485
0.00511439762990835 -0.113492504418403 0.0995999519041837 -0.0105385199913792
0.063460296109888 -0.105378305329707 0.0976161563484192 0.000595618052654358
0.101329238605633 -0.0720453581886617 0.0919512597583316 -0.0171086636000939
0.126982449685408 -0.0183533102592476 0.010989895587736 -0.00528714099060086
0.101824662040903 -0.0483556040407016 -0.0455430121941112 -0.0402782050987376
0.0715207383828848 -0.0702076994629742 -0.0964482050548095 -0.0181779070845324
0.0240454742282553 -0.0868374036603655 -0.0996649458362515 0.0460648016019483
-0.0261856163476946 -0.0862649462682563 -0.0576489457405955 0.0783245269915167
-0.061068115982349 -0.0618812170668613 -0.0167725710235584 0.0815814249414048
-0.074333208737028 -0.0349806854100109 0.0112656382735271 0.0588789565735406
-0.0855218725423114 -0.0243075810383462 0.0269169032782689 0.0223774763955364
-0.0872190867080356 -0.0250210161505513 0.0187304750147856 -0.0121993859151934
-0.0984883911933058 -0.036408403418488 0.0230802052828639 -0.0474874897671045
-0.0977753669929795 -0.0761100759686004 0.0433726609528306 -0.0658090305146983
-0.0545379920262906 -0.112633622181289 0.0737676298057812 -0.0538027762965393
0.0100530119475123 -0.138428136494932 0.0951822499622171 -0.0145350502596245
0.0845785372208918 -0.122284649397162 0.0829135605224885 0.0155677743384116
0.124266730697419 -0.0753063968502002 0.0504028455919062 0.00504801959503345
0.136463768244768 -0.0150699662052492 -0.0436480300393273 0.000411605441165862
0.119500630762081 -0.0557397948410759 -0.078802333967246 -0.032117431159645
0.0849757078243388 -0.0894914221369517 -0.110407290353832 -0.0184797456868263
0.0221318867920067 -0.106756923747016 -0.100781304558314 0.0310279024789669
-0.0348789092245161 -0.0984758301315238 -0.0696978852474268 0.0506131486941341
-0.0695234040847454 -0.0682803599470742 -0.0423613048744415 0.059449832968465
-0.0804012545125338 -0.0395051836911121 -0.0190108715652278 0.0430030763785581
-0.0878005933138985 -0.0302136516460344 -0.00697458054101553 0.0119960418804405
-0.0872941888814977 -0.0334441696642552 -0.0153765268865694 -0.02017779818204
-0.0957549254905211 -0.0447107044018332 -0.00745387243546393 -0.0564535808924641
-0.0905267774618599 -0.0844820623307512 0.0183833452676305 -0.081439957977072
-0.0451553671077293 -0.117253713242762 0.0636868682954545 -0.0692718770883217
0.0233583378128139 -0.13827180637485 0.0879452373783993 -0.0130061378708082
0.09934276616826 -0.114089102990258 0.0642848785517646 0.0317283715612959
0.130098601587705 -0.0621803939416805 0.00465426070195531 0.0232601675460197
0.121666716037175 -0.00987655055562534 -0.0944234964041933 0.011473495739253
0.111736892872273 -0.0522375360820297 -0.106963099586049 -0.014785474718864
0.0785920560650985 -0.0894420006450936 -0.114903024188809 -0.0136077833290703
0.0140738964859426 -0.103223242923214 -0.0959679827257362 0.013195018328324
-0.0364248451620193 -0.0896583532286647 -0.0822287321455177 0.0218596369188593
-0.0657133765045115 -0.0615221733124018 -0.0673798663675238 0.0374241242141491
-0.0735889054806468 -0.0364399802349001 -0.0498016749475671 0.0274027954610391
-0.0756974697470735 -0.0308357745996205 -0.0388995421004563 -0.000454952850288537
-0.0735042634743835 -0.036932426097378 -0.0446009359731148 -0.0313560878596722
-0.0773439758733631 -0.0494616838160921 -0.0301635897820464 -0.0681433448830032
-0.0652908521736515 -0.083222071247236 0.0029668074247045 -0.0946754306814652
-0.0206983978096292 -0.106434524141815 0.0586945741509702 -0.0772994966247117
0.0423815703937872 -0.114024933253005 0.0781864275845358 -0.0102996382195028
0.103873345184742 -0.0827866733715602 0.0422793416207219 0.0422616228106027
0.118637834133879 -0.0367929698773053 -0.0390574964051821 0.0308639692657702
0.085714566225653 -0.000596027642648822 -0.130517473425363 0.02640912146425
0.0841076047537676 -0.0350273137958303 -0.121336322260386 0.00525685836610813
0.0574730845143205 -0.0683125390382591 -0.111445379556142 -0.0070620724664064
0.00642186969353932 -0.0757821683875785 -0.08848349884095 -0.0014655612898013
-0.0273950353676212 -0.0622775250319865 -0.093047194294806 0.000473670053332936
-0.0474454144027434 -0.044607190131343 -0.0878754579200598 0.0214594943514576
-0.0530432426712082 -0.0281636578745671 -0.0742123812399243 0.0143006627223323
-0.0525647972827318 -0.0266517180019911 -0.0645849156506079 -0.0128206957696208
-0.050111906966776 -0.0337061343901981 -0.0642398090730169 -0.0444705963658548
-0.0491172126985212 -0.0445514005240108 -0.0407561545727705 -0.0817471767738492
-0.0328781730542808 -0.0686190006394638 0.00014778281188982 -0.104735027071267
0.00380265421697293 -0.0804258924746202 0.0589341358505731 -0.0802915075042828
0.0535875208488999 -0.075480225128983 0.0683488826500098 -0.00837472303642939
0.0925863775344833 -0.0428749546379181 0.020947118238666 0.0414264067349177
0.0898302513258956 -0.00774047502712601 -0.0727961039155957 0.027377084168418
0.0372108316828703 0.0136006829168718 -0.146144206166396 0.0400031753054609
0.0451459215819036 -0.00713642712082541 -0.120852175035884 0.0202023970738639
0.0312179455507682 -0.0301490687497499 -0.103441539110819 -0.000828220866507187
0.00510282754822702 -0.0329083224479618 -0.0836083560128427 -0.00842629979097689
-0.00766155201830075 -0.026392704791271 -0.0990099497446213 -0.00643848824745013
-0.0176298412535761 -0.0236464953176749 -0.0972408512284241 0.0141006546013088
-0.023271153361288 -0.0180639617101333 -0.0888073437492698 0.00742579083273795
-0.0219793177913615 -0.0182498312612321 -0.0793458261757073 -0.021874493389099
-0.0214710859751416 -0.0232387626503235 -0.0738367623030387 -0.0570501371525242
-0.0199275915501585 -0.0295180614136824 -0.0410188273414267 -0.0939531461844349
-0.00637628131608022 -0.0432578191228647 0.00667893747333603 -0.111023686785176
0.0163819650507413 -0.0472830929981618 0.0634389658318771 -0.0788570454018326
0.0483656675609675 -0.0365210182805479 0.0607410577591759 -0.0098121933277637
0.0640783583725724 -0.00538296326080453 0.00667165332482703 0.0315260596810085
0.0475925071849417 0.0158035226003092 -0.0918557665379237 0.0154133298820595
0.00356409544785794 -0.022483453156703 0.0984458959000491 -0.0103553313740838
-0.02207869415152 -0.00962729105166642 0.0113401161407481 -0.0393806137754562
-0.0207824372615079 0.00690012152672264 -0.0584850296037088 -0.00276278425651051
-0.0047309573395078 0.010752662040563 -0.0788627648518846 0.0626921145367876
-0.00242999333583509 0.00453093203774069 -0.0247664576007457 0.11145886437655
-0.00592498858901964 0.00541331864505834 0.0323688979246027 0.102286187401883
-0.00796374924796859 0.00778479442400775 0.0644011784669518 0.0699083804284693
-0.0135682868670825 0.00888828792672604 0.0842872907865581 0.0284793481052974
-0.0148258854568382 0.00618241073221027 0.0851385701956866 -0.00194753805999197
-0.0179504370896491 0.00220450875676973 0.0921399761768935 -0.0167630857718427
-0.0189474584568558 -0.00649042427712061 0.0951277783758074 -0.00501920746337277
-0.0105811814091283 -0.0114253664612939 0.086945099006481 0.00959169707014677
-0.0120116327467445 -0.0174562194985582 0.0975203362432678 0.00464101871916319
-0.00547074596076386 -0.0273390074819408 0.115098266868165 -0.00905992321726579
0.0163474426568622 -0.0274608958337737 0.138979128250794 -0.0409318108614855
0.0503024118081507 -0.0233155249438788 0.0848127661562754 -0.0054629953139898
0.0187698748441456 -0.0229977559950775 0.0042368621427753 -0.0362766946624715
0.00803743376497784 -0.0150946547527002 -0.0637254760923709 -0.0063932120302632
0.00620296922500905 -0.0173194657328438 -0.0846224081094039 0.0580793095493187
-0.0089830092916604 -0.0252886565088015 -0.0352915809448806 0.105096376282611
-0.0248287099132002 -0.0184201139766779 0.0188294730688506 0.101701706683765
-0.0331780958933032 -0.00791178532419863 0.0535864847201396 0.0716591200477412
-0.043680820445335 -0.00245971333876519 0.0741652263506329 0.0302273687039655
-0.0462549139224159 -0.00520067082053901 0.0720753327867622 -0.00326778780728112
-0.0522872995900114 -0.0136739624187728 0.0773426768650953 -0.0271047617258037
-0.0512823712010365 -0.0373160012776344 0.0859928735098498 -0.0231958130150564
-0.0253981907297137 -0.0547436386781324 0.0866491629623086 -0.00739616551988709
0.00105461930584301 -0.0659435954761674 0.0967662662831804 -0.000664112810603203
0.0325612677276065 -0.0661964011985061 0.104339494656258 -0.00613297127857397
0.0628519446548231 -0.0503559567821079 0.119007371281544 -0.0309108290182525
0.091846596940156 -0.0200326375900504 0.0548837328733874 -0.00463478211747272
0.0608927647344383 -0.0338682933979928 -0.013745477671235 -0.038222762032301
0.0407486960128478 -0.0392631015507739 -0.0765624429568125 -0.0134434953570526
0.017911524326477 -0.0494686394199822 -0.0914381141812448 0.0509129442711993
-0.0153043699095707 -0.0558374077035102 -0.0459095467562802 0.092818965623314
-0.0425351810757981 -0.0417576162632518 0.00243328909275722 0.0935575020879485
-0.0552920708708068 -0.0224602057424261 0.0350379311484323 0.0670485348201264
-0.0676715609117707 -0.0142095816742394 0.0532593623187169 0.0279104268150092
-0.0705772488069083 -0.0152219779991036 0.0481907277543314 -0.00631999996358258
-0.0793388304352016 -0.0250427362333211 0.0523792028703048 -0.036423628604951
-0.0786357613806941 -0.0591214789960849 0.0665752302082429 -0.043848995485574
-0.042408739095649 -0.0880841940817136 0.0810324642123374 -0.0289289424970136
0.00574089432718918 -0.107172455128647 0.0957400398377092 -0.00738205318774778
0.0610934493497258 -0.0982787985319632 0.0925582634678161 0.00307918974128636
0.0980538861412587 -0.0659427088743457 0.0876587844885279 -0.0136223490067304
0.120652410873369 -0.0157049968109717 0.0110682410753183 -0.00450918244789894
0.0960917101587764 -0.0438420076696082 -0.0416348470525712 -0.0385854772144118
0.0686591414570223 -0.0659134393647546 -0.0920992083787827 -0.0195480479816274
0.0234728609625756 -0.0818847311401189 -0.0957233318938271 0.0412680572881116
-0.0240225299117422 -0.0813719194699253 -0.0561836973516541 0.0735190407657167
-0.0569566850471085 -0.0582209831713135 -0.017211081985092 0.0775763612307523
-0.070302906092491 -0.0337729242503159 0.0102319076323302 0.0555492239221089
-0.0814461180425295 -0.0236442452384598 0.0250576513369622 0.0216574444790526
-0.0831031459655704 -0.0244541268802282 0.0183689708119626 -0.0110806972407963
-0.0931477016741854 -0.0351363524674722 0.022203539676969 -0.0445620364216905
-0.0923461618191012 -0.073136589117847 0.041359174001512 -0.0620953775493344
-0.0509380192238319 -0.10698880262366 0.0714786052692629 -0.0489688990714299
0.0115008092992083 -0.13026625340039 0.091461539928411 -0.0113291788780259
0.0820823161885066 -0.114141600210558 0.0785488089276035 0.017509188443018
0.119750452658702 -0.0689441874060231 0.0476599553289447 0.00597994701718931
0.129862851683433 -0.0119135223333448 -0.0403576266865118 -0.00030595545899222
0.113084150419682 -0.0503808421903656 -0.0732289050604071 -0.0318785101027707
0.0815328649292809 -0.0836615818935916 -0.10450086810502 -0.0210528947835594
0.0217026003299356 -0.101360201105703 -0.0958183500119703 0.0263187634538478
-0.0314756600592292 -0.0932821762935846 -0.0678505412641307 0.0466690046740127
-0.0652856549374763 -0.0647742897268098 -0.0408590379020092 0.0563622988861665
-0.0762300604636512 -0.0380093141928388 -0.0182350687219033 0.0404425102440173
-0.0824904503846479 -0.0292514890522942 -0.00649247940879067 0.0111741299512983
-0.0829738562265301 -0.0323112270617782 -0.0142227669706828 -0.0189275220666335
-0.0907153509649848 -0.0434178400420799 -0.00652608676231438 -0.0534572476882401
-0.0854105671730514 -0.0808860528157042 0.0181639580896878 -0.0770444892580369
-0.0417232568256559 -0.111843323872511 0.0620876054159404 -0.0634943620702512
0.0237183508312897 -0.129853287837844 0.0845465276249137 -0.0104322745480341
0.0957725051789479 -0.106970864712561 0.0609006213651954 0.0323201197564479
0.125154071662442 -0.056425254656536 0.00404451578481105 0.0222221005774061
0.115563089889741 -0.00776166802658482 -0.088642973122661 0.00954858158213985
0.10648541322269 -0.0470587977927802 -0.100427964519397 -0.0160411896178662
0.0751222663473976 -0.0834030320156646 -0.108976485032423 -0.0159931550365578
0.0149732257162431 -0.0971988076877227 -0.0911706306669549 0.0098418820342203
-0.0334056978736731 -0.0853679874315247 -0.0800292128845218 0.0191801491965204
-0.0612689047026546 -0.0587607937688904 -0.0645023961019272 0.0348982546721999
-0.069255475828674 -0.0352244915482275 -0.047570508813106 0.0255854177867413
-0.0712868632772482 -0.0303646958795896 -0.0372540873227869 -0.0011279400319418
-0.0693214900799648 -0.035379152349784 -0.041671281184109 -0.0298992225312548
-0.0729688382626696 -0.0480853580437404 -0.0281409266391815 -0.0646163364488365
-0.0612069948103552 -0.0791585812062554 0.00328208429941365 -0.089711526785447
-0.0184182182991818 -0.100488535709869 0.0567295296178828 -0.0720457969948587
0.041787305076021 -0.106458178867138 0.0752747877431185 -0.00756382486303036
0.0995117848310678 -0.0772829855433163 0.0399482123012875 0.0412663342357998
0.113672717913709 -0.0327384827952218 -0.0372866650945098 0.0291704472112257
0.0814013142778348 0.000699062582465501 -0.123814940420005 0.0225188790756295
0.0798060764437502 -0.0310667763992139 -0.11435400729692 0.00260989935312896
0.0545164469473887 -0.0634943747708501 -0.105720636214127 -0.00844940267566491
0.00712696248317916 -0.0711412873129754 -0.0843321156566271 -0.0040548697665915
-0.0250348067970777 -0.0592788832438553 -0.0892384258389295 -0.00074841284870303
-0.0440744893246807 -0.0426870247328937 -0.0831846820370996 0.0195189767742266
-0.0501217900888311 -0.026535093337699 -0.0708877405000461 0.0126383597846173
-0.0492791760565449 -0.0257579532423289 -0.0609803534159745 -0.0123365451150381
-0.0468340951248814 -0.0328283135211449 -0.060781298882345 -0.0429576419144836
-0.0455105687142233 -0.0429921181593622 -0.0378669404641484 -0.0775685940631069
-0.0304943221191877 -0.0650104464046023 0.00149811729684381 -0.0994934687485261
0.00448355622366141 -0.0760827705014442 0.0575147944242814 -0.0744579235376268
0.0515947644015422 -0.0698768186859066 0.065493021447701 -0.00521428411152625
0.087739169191769 -0.0386570263498826 0.0202575104816966 0.0399247871009959
0.0857916791320398 -0.00529725796083617 -0.0693219154083702 0.0248405691178782
0.0348043490705468 0.0136191639763464 -0.138689030770998 0.034425108327274
0.0424800393265683 -0.00570701603834582 -0.114604754138551 0.0161700806435955
0.0294639289210651 -0.0281929252914634 -0.0983637003660368 -0.00355208628451977
0.00510561095607423 -0.030791084057905 -0.0801770465056416 -0.0108515930518657
-0.0063316587100957 -0.0248527341762758 -0.0947515268489836 -0.00778117302682395
-0.016133482635505 -0.0227786727458155 -0.0923715815050515 0.0121047300553008
-0.0219232680935873 -0.0166771917244183 -0.0840580684624247 0.0062816553711358
-0.0202974540656456 -0.017579859943598 -0.0752024949457784 -0.0209644939979645
-0.0202744290489223 -0.0220062555572597 -0.0687706164477982 -0.0547096828334963
-0.0173855365676501 -0.0279023197581331 -0.0372316723623283 -0.0894670336722386
-0.00520907375019892 -0.0409579101241192 0.00743804533600585 -0.104584846642683
0.015883347624966 -0.0445628564008899 0.0613097570105507 -0.0734967372055205
0.0453261499404198 -0.0330988378523719 0.05878143492789 -0.00713250864730795
0.060910474063859 -0.00412420101285149 0.00624930334872934 0.0308567176778608
0.0448325899382619 0.0155545659828421 -0.0868487911477295 0.012812733034864
0.00460678874499203 -0.021906411392976 0.0959416216837741 -0.00537608697131427
-0.020749393006174 -0.00974746041383069 0.013059698392947 -0.0386281747775097
-0.020437827221856 0.00593723373989658 -0.0572813683514079 -0.0061215500790497
-0.00489475776047835 0.010587667206967 -0.0809397057960046 0.057400987024774
-0.0028449713542986 0.00416080813386152 -0.0290170927984107 0.106511184052637
-0.00606786064191595 0.00533913867299607 0.0272529661780521 0.100674963789453
-0.00779538099971709 0.00746663507297852 0.0600226266513054 0.0709445521704894
-0.0138377226526554 0.00812187915250627 0.0813053198196186 0.0310490188026335
-0.0154498699392036 0.00549881784841594 0.0836586910327506 0.00166671350122117
-0.018049141595723 0.000963856509123789 0.0907646438519067 -0.0130656936176831
-0.0185373535271029 -0.00717925604741026 0.0931409957909935 -0.00141389273887955
-0.00986856260061298 -0.0118235787238571 0.0851591316231886 0.0137889641299673
-0.0107455235040261 -0.0174683821886905 0.0955053600372296 0.00971585607391597
-0.00427598540472672 -0.0267800716611997 0.112827425839692 -0.0022392022264657
0.0177495300564603 -0.0268711481223401 0.136816639021996 -0.0324106540285462
0.0495141002360036 -0.0206968025888586 0.0829049911462112 -0.00186663623688205
0.0187635618871351 -0.0212984428899743 0.00606020449110698 -0.0357155320253287
0.00743351181401465 -0.0143531160440768 -0.0621437446165823 -0.00956296131349227
0.00667735846115839 -0.0165280415777849 -0.0856975279306701 0.0524390092204537
-0.00739189081993456 -0.0250853874953404 -0.0387440705336687 0.100404308352483
-0.0236954339818341 -0.0187847064786465 0.0144544660309593 0.0998223552760889
-0.0325848018176818 -0.00846585835451965 0.049218100438194 0.0725795984932112
-0.0427715727650361 -0.00418277890181808 0.0708012105501683 0.0323535999691811
-0.0455193834184557 -0.00629683631630842 0.0708811867502669 -4.97111297640762E-05
-0.0511622959781185 -0.0152616465664236 0.0764412989658753 -0.0227163702773212
-0.0489317061923937 -0.0383546161196071 0.0846278879191693 -0.0197261106699978
-0.0222765647113191 -0.0552091490795834 0.0852967645349415 -0.00298421527232243
0.00382104438959582 -0.0643886854684244 0.0949039871110313 0.0038600537322861
0.0345801608797078 -0.0629796457355872 0.10267756632192 -0.000290635385169582
0.0640177186631865 -0.0464073217351822 0.117963773912558 -0.0238707578671643
0.090465672714203 -0.0159100746186868 0.0545909341673527 -0.00174133592013302
0.0602771392176247 -0.0296215914941951 -0.0113629514492299 -0.0381206750433538
0.0405244829870105 -0.0365746721042645 -0.0745848151166142 -0.0178177322448479
0.018916258148847 -0.047439553607249 -0.0914874565666715 0.0449455305877855
-0.0128791835059039 -0.0546968125340252 -0.0487427067669818 0.0882433321342753
-0.0400742776965381 -0.0414535087684379 -0.00127287600679194 0.0917020845160963
-0.053442611270206 -0.0242413189629519 0.0315551996315685 0.0664177054161764
-0.0658082239297566 -0.0160161740666401 0.050712826509472 0.0290663258526777
-0.0685525244566794 -0.0176369128871281 0.0479023365152166 -0.00358405156149205
-0.0770810867400275 -0.0278937290639348 0.0523662869788804 -0.0332521831838654
-0.07448440759252 -0.0602524147464086 0.0667015816512056 -0.0406746993429385
-0.0380346158995659 -0.0876277656800505 0.080817999452544 -0.0240760924562624
0.00963393402521522 -0.104452880961959 0.0946170462526203 -0.00234619682027459
0.0636272966570483 -0.0937448016252431 0.0906939381184051 0.00840421393113852
0.099537322463038 -0.0596734002829517 0.0860470312351917 -0.00897778959204652
0.118463167547209 -0.0103605509773912 0.011979606228825 -0.00383736165145764
0.0954766548429563 -0.0382339509493426 -0.0379355133997206 -0.0398962146420631
0.0685580515417087 -0.0611119026575193 -0.0894124541150307 -0.0240282117474363
0.026072148752493 -0.0787507666834317 -0.0964558487920459 0.034687680882017
-0.0202455246934207 -0.0802376248022633 -0.0584612862833247 0.0687459583207012
-0.0540752704595175 -0.0584330357826224 -0.0200926338841485 0.075401069438978
-0.067943348002164 -0.035153948424053 0.00793727551917337 0.0547627814388891
-0.0788320649939951 -0.0259204063854858 0.0233604155491485 0.0220078316541233
-0.0812620702330748 -0.0271445723844887 0.0185632214864871 -0.00967980292102131
-0.0901995074156156 -0.0385575485360326 0.0233804237494092 -0.0420330253531228
-0.0881037464296607 -0.0742423633639758 0.0431288868441031 -0.0592630078394609
-0.0457140929957931 -0.106524281131794 0.0720381862653316 -0.0443634733553284
0.0158514807653205 -0.126322426045822 0.0909093689754774 -0.00626981589099638
0.0846563371475556 -0.108049995774439 0.0769348254661816 0.0212972273883959
0.121099568602883 -0.062160298092157 0.0467379606393707 0.00896344128480712
0.127493337400553 -0.0061590719592506 -0.0388909761486899 -0.00236097694798214
0.111935585167864 -0.0439796189755817 -0.0688909077255521 -0.0339159181042418
0.0820772896091069 -0.0780594064601397 -0.101771222883879 -0.0255576109187356
0.0250817270286316 -0.0978149315590493 -0.0958003297735069 0.0201861166865315
-0.0276552679105279 -0.0914839164269057 -0.0691616134430628 0.0425598142621417
-0.0613892962632592 -0.0654054147729081 -0.0421108416759538 0.0537838590881671
-0.0731861456123779 -0.0391957909358452 -0.0195420785644819 0.0390877488615274
-0.0795829190369642 -0.0312918607603248 -0.00707095041185281 0.0103041471405613
-0.0802611287027035 -0.0346366875307432 -0.0129884743055644 -0.0184976821940969
-0.0870255461834748 -0.0455037909590061 -0.00478220987219284 -0.0516699286415443
-0.0811530168810755 -0.081917495006342 0.0206084506063328 -0.0746945911230203
-0.0365961952162038 -0.110325700974419 0.0635051907768444 -0.0589622100982534
0.0280123892741752 -0.125509919100326 0.0841480295913614 -0.00519010678984136
0.097462880165437 -0.100206270039583 0.0590974056337933 0.0349524867153332
0.125697455025434 -0.0496320682920199 0.00340602281017903 0.0222032595301785
0.113276369959582 -0.00215544107339126 -0.0866870855442192 0.00511346607928092
0.105880561979495 -0.0410186389785237 -0.0956265849816497 -0.0203391022603315
0.0759198052187884 -0.0784961151111513 -0.106362283855069 -0.0209634640132296
0.0177210306201905 -0.0945593559638462 -0.0901344001670168 0.00391630345793561
-0.0295699936875112 -0.0839359408898951 -0.0799554021207994 0.0157389997852405
-0.0579299330697523 -0.0591191450100809 -0.0643766096549454 0.0318912133859342
-0.0664872827117859 -0.0362112021533722 -0.0469300966559348 0.0230155296149734
-0.0685029309952434 -0.0320947001681132 -0.0366482387339867 -0.00259848319994307
-0.0674394690105651 -0.0376856836703072 -0.039444211843899 -0.0302497052111344
-0.0700221110536994 -0.0490942356612041 -0.0251119698086871 -0.0638058819025272
-0.0575239549261049 -0.0791027385487164 0.00705897249584748 -0.0873242108384158
-0.0141999995913015 -0.0989088019293274 0.0584777028569254 -0.0666897293570189
0.0446766732514902 -0.101386102664442 0.0748678262487945 -0.0031280915317638
0.0999611886986765 -0.0707690229232272 0.0382462255274901 0.0428996617599967
0.113030886137143 -0.0267919703218116 -0.0373671351127361 0.0267892019370668
0.0794661264103577 0.00406133007538031 -0.121984543877309 0.0161924495000978
0.0791350087150921 -0.0269097608019191 -0.110982232590446 -0.00273059094575777
0.0551711684460196 -0.0589717074168007 -0.103018002697995 -0.0136349011398203
0.0103234374932663 -0.0685937744757781 -0.0831388088554804 -0.00899691290343217
-0.0219814347365579 -0.0586488170530503 -0.0887149981862886 -0.00422388746311024
-0.0417314991494605 -0.042753963174654 -0.0819554351065637 0.0160410181562505
-0.0480342357047812 -0.0273977667354069 -0.0701695505172478 0.00996130673172876
-0.0468209529668634 -0.0271295426820033 -0.0597512421565749 -0.0146100079672634
-0.0450344389150953 -0.0334569841661714 -0.0575726032536995 -0.0435425280445761
-0.0428917549256416 -0.0431010765750148 -0.0336819039716313 -0.0775327956161066
-0.0278221496154307 -0.0648112318177892 0.00541939795728613 -0.0968624661809039
0.00752040039075452 -0.0733599387995505 0.0589133301765049 -0.0698284662827394
0.0528967429951365 -0.0651475089101149 0.0652464830456561 -0.00139122964312316
0.0873768423287095 -0.0339535865536023 0.0189570673022941 0.0403634347078639
0.0843728861010163 -0.00130974638373671 -0.0683226616706691 0.0209561656137508
0.0334061720629667 0.0144803832884663 -0.137833122583784 0.0274065810711351
0.0416912033366164 -0.00344176439747862 -0.112180672647478 0.0100791871251002
0.0291725518038653 -0.0257255076381045 -0.0955277515958351 -0.00817222938949864
0.00606170514259984 -0.0295983634124336 -0.0788524241027277 -0.015731234520898
-0.00586537012789986 -0.024374579324194 -0.0931602443270104 -0.0106543192061306
-0.0151652370253666 -0.022320482473465 -0.0902426100802197 0.0084166942121374
-0.0206831750449777 -0.0165436248671425 -0.0829168406415029 0.00298168114022653
-0.0190749158602884 -0.0182327248747097 -0.0730602571723531 -0.0233399487891251
-0.018621646462338 -0.0227588360404884 -0.0657095480213431 -0.055510205769909
-0.0157180195371297 -0.0278002409640713 -0.0330469448206829 -0.0884849694106591
-0.0033993885562945 -0.0401391423032414 0.0117688086626534 -0.101759858072812
0.0174525535155609 -0.0422719436741488 0.0632811080675767 -0.0687287841909272
0.0457242536340152 -0.0298334222332774 0.0581456656421172 -0.00351429110967773
0.0595300255838445 -0.00173398473544768 0.0057792935503091 0.0302076684009524
0.0430632749408436 0.017643131927366 -0.0846862448974665 0.00872638588603966
0.00582085303700708 -0.0222627911181152 0.0982309477869306 -0.00124634599251287
-0.020529867200644 -0.0108848509651476 0.015417555611736 -0.0389411536680268
-0.0216267148117844 0.00509637450802427 -0.0580786424495034 -0.00916849962698931
-0.00561357245777772 0.00987083331998538 -0.0854425530327947 0.0547469471779207
-0.00290589918501012 0.0037943142937956 -0.033909564626663 0.106634324779152
-0.00664559740644941 0.00471097763526091 0.0233305085155275 0.10354182343508
-0.00854160928691537 0.00706101044052453 0.057623228846705 0.0747801232198721
-0.0143185542218013 0.00809416424868816 0.0817763406241678 0.0348479078729484
-0.01598451742511 0.00504597456288491 0.0852531120998187 0.00606379681600436
-0.0187367552548863 0.00030476920188485 0.0927655078048967 -0.00888149792284779
-0.0187334041965352 -0.00848223696259643 0.0949129684689677 0.00283848035866649
-0.00953160541955006 -0.0126127438737035 0.087422273105113 0.0185950767239935
-0.0102537929068452 -0.0179130349975702 0.0961969156316131 0.0146958503540418
-0.00270828655087703 -0.0276399361519251 0.114157902774448 0.00332971926256134
0.0190988368924259 -0.0266699550299031 0.140966321640022 -0.0259944141475615
0.0521348553792231 -0.0189953261327925 0.0855030049419701 0.00226551965385023
0.0201516886589987 -0.020464727396815 0.00829572673340452 -0.0361742286833759
0.00804082807782065 -0.0140472096660521 -0.0631280792811975 -0.0139619415774549
0.0075356667039141 -0.0165741732411597 -0.0901284472512397 0.0489868252969358
-0.00715472501591224 -0.0257589947990787 -0.0445455763663626 0.0996727760551224
-0.0234435289995741 -0.0192324629884707 0.0108937587995729 0.101946254534178
-0.0326407721753139 -0.00965938501361815 0.0468620267961901 0.0758181231176122
-0.0433311158020252 -0.00598550976570882 0.0714586982650092 0.0350964081645548
-0.046344357945942 -0.0086282660011422 0.0719108377514401 0.00354555802503998
-0.0515874894308724 -0.0179801240998292 0.0782781402354112 -0.0196324782767495
-0.0482596233627044 -0.0404443232797473 0.0870924256293005 -0.0168050114661471
-0.0203711237551839 -0.0571629231947423 0.0880825789679922 0.00183979223431082
0.00628780968657833 -0.0652011128590422 0.0972596521568254 0.00916073909600015
0.0380205162894666 -0.0624315542719091 0.104779182575131 0.00588332505589897
0.0676448107291155 -0.0443122630137752 0.120664624266562 -0.0178879084301158
0.0924825246230301 -0.0122575547665516 0.056258015206238 0.000673058888184953
0.0625608008021486 -0.0273479777215896 -0.00860948381012091 -0.0397253027219918
0.0422463349630538 -0.0348403947095983 -0.0754182530608569 -0.0218426797029003
0.0210089127934122 -0.0474437413910413 -0.0965057073479926 0.0413033668627695
-0.0107447394789962 -0.0561251900000361 -0.0538370914428452 0.086982070214094
-0.0395474755036353 -0.0434257258162963 -0.00522084121587101 0.0931176101422388
-0.0534518258984762 -0.0262976387531876 0.0295742855257507 0.0691708687942613
-0.0665010256745092 -0.0180809685707846 0.050710700896191 0.0313658850937972
-0.0699402728724339 -0.0207394253390509 0.049324441114277 -0.0016347298024217
-0.0780070398792051 -0.0315298052164636 0.0547409323983513 -0.031169687932259
-0.0744327633407861 -0.0637809709827399 0.0693508533298998 -0.0385202269614874
-0.0355532497658138 -0.0906075793393136 0.084107244160927 -0.0198764852333316
0.0142116547607057 -0.104781590531728 0.0968600481999408 0.00244676752353357
0.068461972585062 -0.0928395505051358 0.0922611237347005 0.0140055009416581
0.10470520899145 -0.0567048129978738 0.0883113073195937 -0.00456340514909932
0.120780249467614 -0.00547366414383529 0.0133402656425528 -0.00265135822121399
0.0978169974053009 -0.0347544190864672 -0.0351515409190327 -0.0424404593864207
0.071593192515926 -0.0586810037226422 -0.0903595025473627 -0.0294626812806253
0.0294114667010444 -0.0786586992611911 -0.100120652564669 0.0300710621975014
-0.0176950163587709 -0.0819858808976868 -0.0631672122389245 0.0665343113911591
-0.0527182575248998 -0.0610973140144376 -0.0231277930706318 0.0759020070585981
-0.0682147023411106 -0.0378642296886975 0.00585527737744992 0.0560403632276711
-0.0795514021933274 -0.0290365920327921 0.0227500789536046 0.0224396868790337
-0.0822807287637279 -0.0307328725528601 0.0195087346725464 -0.0085981871372565
-0.0908456040753006 -0.0429436014683692 0.025027546218855 -0.0420618086034838
-0.0873140846883981 -0.0786117038562499 0.0459692315158787 -0.0585145773412561
-0.0428003874130371 -0.109637023715412 0.0759523101434221 -0.0409620848533612
0.0210628094862388 -0.127443018268455 0.0944329379523469 -0.0014994465673558
0.0902594744553756 -0.106982373651241 0.0774029665538894 0.0269294903030917
0.12582747749015 -0.0573702965778123 0.0474485870844172 0.0111760779823139
0.130010511857554 -0.00130201236607059 -0.0383603275271867 -0.00393808328543999
0.115396707996487 -0.0397926099768672 -0.0671745391098589 -0.037586146080462
0.0858870226806809 -0.0756109563579843 -0.102889237203381 -0.0312549939637095
0.0294761266407696 -0.0981922510662756 -0.0989595680634495 0.0153757186270109
-0.0246822192184044 -0.0939538062773977 -0.0726441753422332 0.0402100154870298
-0.0603560188206108 -0.068079808583134 -0.0443749940060177 0.0532942799146393
-0.0733069899319241 -0.0421204159939444 -0.0214893351491609 0.03853624391428
-0.0801020479169966 -0.0345888010265425 -0.00845081894038699 0.00973248625968575
-0.0812256068813404 -0.0383777170595553 -0.011592443432509 -0.0186652809333772
-0.0874366512429796 -0.0496572246647011 -0.00261038057958014 -0.0526086723364986
-0.0796304473271976 -0.0855343659207737 0.0235997007951542 -0.0750912568833025
-0.0333502668222342 -0.113464547346165 0.0674509749983122 -0.0559572507709779
0.0330684580020329 -0.126071272558459 0.0875875656782209 -0.00114853512090423
0.103027101714194 -0.0978367597554294 0.0590001657483739 0.0393736409839772
0.13026956448679 -0.0448467110375697 0.00273426730550185 0.0234173447562754
0.115479237912922 0.0020634059004608 -0.0880049592151074 0.00123921436603124
0.109130120307876 -0.0370661281888145 -0.0955673322702043 -0.0248385696358024
0.0799828014388835 -0.075594688549955 -0.107062974775857 -0.0266143453936165
0.0216011572188721 -0.09497961889832 -0.0929195921530299 -0.0013178444364041
-0.0265308853825383 -0.0865269159728867 -0.0830431309736758 0.0126747577275416
-0.0565826017040712 -0.0619920315423704 -0.0666791848633188 0.0302427582115339
-0.0665385532717315 -0.0387695604205589 -0.0491158886131476 0.0217070242588085
-0.0687777124562524 -0.0347175041494893 -0.0376966788244098 -0.00373011416277801
-0.0673602375825705 -0.0404147634143148 -0.0389987675860603 -0.0320330740794201
-0.0686249151109106 -0.0521957305775627 -0.0228881535450883 -0.0658803571995412
-0.055449495719592 -0.0819656351459573 0.0105215186406544 -0.0887082908497527
-0.0109662308957883 -0.100647761080208 0.0622912071224668 -0.0650641298508149
0.0491186695438624 -0.101618647461809 0.0777961323297508 0.00114979610023133
0.104253901708434 -0.0678929766190489 0.0375800697866074 0.0459700518315215
0.11638200645608 -0.0225913979620127 -0.0387704692820843 0.0259375866392307
0.0807979255691093 0.00749896232053547 -0.124988781568818 0.0109588866546114
0.0813573528132466 -0.0234130925586158 -0.111632196938672 -0.008312953155143
0.0580223331010178 -0.0572542034228305 -0.104276767608104 -0.0189647657302315
0.0131687130027776 -0.0694959564972102 -0.0851438999242982 -0.014148652181652
-0.0201973516843115 -0.0601228307031347 -0.0909787209677874 -0.00779940835254131
-0.040464498644618 -0.0453230512020262 -0.0840618391148995 0.0128533877693361
-0.0478008973693243 -0.0292437617983027 -0.0719278719363879 0.00750642287171744
-0.0468301725188479 -0.0297612947425432 -0.0610814716150682 -0.0173070271023564
-0.0448677658142255 -0.035831554804278 -0.057137356339432 -0.0462972577918694
-0.0416700282047377 -0.046017250023724 -0.0316685945089547 -0.0798662146981709
-0.0254159062240814 -0.0669402603838872 0.0094392377106226 -0.0983539631469347
0.0101351877598953 -0.0737139754930815 0.0634053835687575 -0.0682394293770928
0.0563705962246815 -0.0635407915114109 0.0672023181664095 0.00217720396441205
0.0899696755919289 -0.0313029557033336 0.0179050814637578 0.0424437173607241
0.0857246908457299 0.0021262686216363 -0.0700725619671746 0.0186277593373517
0.0333189692420107 0.0161843713401497 -0.14161983773822 0.0212458590708482
0.0423271399208758 -0.00161637749470069 -0.114127948599131 0.00477978961632953
0.030806517656455 -0.0247613464355033 -0.0972130828007016 -0.0136310725705487
0.00764627440118001 -0.029532537662008 -0.079898439254077 -0.0205063459045688
-0.00464793052916639 -0.0244507747296434 -0.0945301537181473 -0.0153330670233122
-0.0146978922332928 -0.0232724406633225 -0.0927932903200596 0.00454871583468166
-0.0199708554733117 -0.0179659670069706 -0.0847960466428574 -0.000263582882518186
-0.0187303332176261 -0.0197495294903512 -0.074247297177379 -0.0264464092767074
-0.0183885126743495 -0.023733010099977 -0.0641478192599368 -0.0589281336952195
-0.014487287096931 -0.0287614036782617 -0.0296102966472121 -0.0909230073784142
-0.00191709756577863 -0.0404520136311592 0.0162303713026201 -0.102550156428417
0.0191203773192647 -0.0418693104745317 0.0673528760961352 -0.0663728313582217
0.0471273744907328 -0.0279400672942978 0.0603398043751418 0.000505462537611295
0.0602254325148378 0.00100179408341733 0.00515375274700365 0.03184068246105
0.0429175311983464 0.0194581319535501 -0.0864177710353968 0.00531850040194377
0.00670207417715913 -0.0235392105922416 0.103721820392127 0.000720718828211114
-0.0207539906425703 -0.0117238736217169 0.0166062783559376 -0.0418992271020683
-0.0226398136977444 0.00532178813759864 -0.0618181626620469 -0.0119841570307678
-0.00631915778180952 0.010025034289677 -0.0920837362630081 0.0557447137737324
-0.00339662158721049 0.00341135925049551 -0.0379805214110495 0.1111698718477
-0.00721081546286385 0.00517004858918258 0.0231644907821949 0.108886783262669
-0.00894968076123603 0.00735530393827645 0.0602239676051506 0.0798884704408739
-0.0154672066708755 0.00815129212536795 0.0857545640967034 0.0375440569991425
-0.0175338021925883 0.00523613618003457 0.0899442141032135 0.00730266180074129
-0.0202102447566417 -0.000117605996229458 0.0974369765137293 -0.00823569664431192
-0.0196611475652233 -0.00870120330533613 0.100202657374076 0.00420963746305434
-0.00968085322625605 -0.0137577767259389 0.0921196046074109 0.0223706168846124
-0.0103210736537227 -0.0191960366944693 0.101836982458781 0.0180288543661981
-0.00258320824055678 -0.0290419704956723 0.120246159579485 0.00739573871363023
0.0213514819979469 -0.0285231016691261 0.14930613742936 -0.0233638295261883
0.0552209948270698 -0.0190443251653393 0.090415668235223 0.00358718506730196
0.0214212915995399 -0.0209184049577446 0.00980883394955208 -0.0386454811816803
0.00870337123238548 -0.0141300655732689 -0.067276514996859 -0.0166236759576094
0.0074823752777364 -0.0178147678869263 -0.0969400954429476 0.0495029706151946
-0.0068785946642696 -0.0273422871043646 -0.0484887798042008 0.103318028698745
-0.0244579284986369 -0.0209942715635027 0.00927786294651096 0.107632438273809
-0.0339328076888258 -0.0107672371814446 0.0483029540459207 0.0805123239267022
-0.0458244812959256 -0.00632466786892938 0.0748109586217151 0.0384828295114194
-0.0491339872201179 -0.00971899932733881 0.076714181598637 0.00498798569034624
-0.054895571026166 -0.019721879503771 0.0831883770674311 -0.0192718822250525
-0.0503238843194912 -0.0429688768050805 0.0915146884832635 -0.0160516993969163
-0.0208789015852326 -0.0602834880091301 0.0929858122869035 0.00416060133861577
0.00812658321859019 -0.0681780994862621 0.102765750644807 0.0116813518249511
0.0413786539187535 -0.065108804855032 0.110066427361923 0.00896770762044348
0.0726648786194524 -0.0456715151277404 0.127739349822707 -0.0158212202709276
0.0982278452531579 -0.0118835819821894 0.0602853410822493 0.00146630085193539
0.0661110184702248 -0.0278171015680948 -0.0071762875781785 -0.0424399636190096
0.0442527121951971 -0.0354763146938572 -0.0793800147414242 -0.0253770866339256
0.0224223761487765 -0.0496009338798078 -0.102789144122161 0.0404673100610533
-0.0108602682562304 -0.0592906797625419 -0.0584309490467317 0.0901534923083699
-0.0410724919962173 -0.0458322668527268 -0.00661376213630134 0.0979150788593847
-0.0563197650941515 -0.0278423823084815 0.0303080293714679 0.0731123347998659
-0.070417787579428 -0.0204790002905333 0.0526269432643724 0.0339169421222421
-0.0742206803759041 -0.0228322864525552 0.0522706299342945 -0.000688111847299362
-0.0824211837524593 -0.0342148766635349 0.0581280101295569 -0.0314029630050508
-0.0774389422210588 -0.0673649914469552 0.0731842603829709 -0.0395694522760672
-0.0366123380131802 -0.0960352094907499 0.0898392713228304 -0.0196432700245268
0.016433368807417 -0.110053156735734 0.103364604003011 0.00477700407495026
0.0738492775569733 -0.096345210976179 0.0975050109349851 0.0177525120434953
0.11176325097417 -0.0570478240932469 0.0936207775182656 -0.00271421648851454
0.128010492140128 -0.00436437372526399 0.0145790389692527 -0.00298407901851149
0.103649918829073 -0.03501619006881 -0.034733783850212 -0.0453628286254523
0.0758533834998645 -0.0600045995961308 -0.0952611316214091 -0.0334896634556403
0.0318991774838492 -0.0824948994149091 -0.106796106247873 0.0286653359641338
-0.0176235202786967 -0.0858709604267164 -0.067904856797014 0.068544830353711
-0.0553243398279463 -0.0642271394229281 -0.02547671944796 0.0796841994008757
-0.0714019589177096 -0.040404967611237 0.00554043043321252 0.058820456178413
-0.0839106920979992 -0.0312374940681757 0.0238009576071735 0.0244109680723174
-0.0873024321215978 -0.0326161699605236 0.0208065963649137 -0.00847878417264031
-0.0956919175234508 -0.0456213171151999 0.0271314210626019 -0.0432990730002835
-0.091354496064584 -0.0831865965168301 0.048268285629439 -0.061386728000989
-0.0439533545478719 -0.116648144286099 0.0814826539897986 -0.0407883677831681
0.0239242181328339 -0.133085038727683 0.100459942488045 0.000381726155441716
0.0969149436005505 -0.110475338290823 0.0824582576741335 0.0302367861170658
0.135182200985879 -0.0581069309384235 0.0505318854033613 0.0130272302046203
0.137168102112307 0.000620905699451379 -0.0401186524956046 -0.00485979145316875
0.122443777177434 -0.0397437952345245 -0.0680858518598699 -0.0414744565196427
0.0909302723935135 -0.0779388139560503 -0.107934409766254 -0.0354851851436084
0.0319583792596014 -0.102810523264894 -0.105456102793337 0.0131072115834827
-0.0250051537716406 -0.0986200836537189 -0.0782225124684242 0.0408148102159248
-0.0628773344467511 -0.0721979646216765 -0.0477613477223464 0.0550408001493205
-0.0767106375051387 -0.045075658627834 -0.0231886392761963 0.0399637677662882
-0.0843743797038655 -0.0375589880055189 -0.00924170200947788 0.011230277737078
-0.0858495765953098 -0.0405800418739689 -0.0125206507201385 -0.0192600120154284
-0.092420900771614 -0.0531578012100944 -0.00207827591085473 -0.0553509256988905
-0.0834264061315811 -0.0903214035953316 0.0253637587908798 -0.0787703705826914
-0.0339290401419995 -0.119231133227845 0.0724847215938872 -0.0578515043662931
0.0368816687382001 -0.131380369778623 0.0930202469003655 0.000824853629011473
0.109617424927873 -0.101520046298135 0.0624632231454981 0.0436258220461127
0.139089842549273 -0.044525969835963 0.00307160693841066 0.0243948654651253
0.121677704870365 0.00417893912335002 -0.0924659536962971 -0.000165865645934272
0.114806647534948 -0.0372911315808511 -0.0980652648794399 -0.0279994407777911
0.0852695845965932 -0.0778976326591589 -0.112797473362612 -0.0308335413666267
0.0239160049242473 -0.0994772942671794 -0.0989428501114147 -0.00380519473671832
-0.02725595930581 -0.0908351240333752 -0.0882048755894441 0.0113280265268593
-0.0595247448448234 -0.0651910869741755 -0.0704881464513895 0.0310122767609388
-0.0691782516449723 -0.0414500660470653 -0.052027002548898 0.0215290482922265
-0.0726998451717255 -0.0373584912754062 -0.0404150564665892 -0.00448222993202204
-0.071110089704319 -0.0434567169417181 -0.0405670475567927 -0.0338000840055087
-0.0721433689498934 -0.0560778430772721 -0.0231248619211529 -0.0693801817172649
-0.0575490157942404 -0.0861725950890468 0.0116621490627373 -0.0929201033898513
-0.00996090456757787 -0.10553566049358 0.0675551626419511 -0.0666191675135665
0.0535264792515169 -0.105078483080334 0.0834557069734039 0.00323433603974714
0.11110769303755 -0.0699152178972262 0.039785250427091 0.0500908675579752
0.124015820132505 -0.0210655157708224 -0.041093298623371 0.026513428931878
0.0853730993190382 0.00959218913322254 -0.131314772910485 0.00851794944987175
0.0863690786614491 -0.0233099531630181 -0.115864974304707 -0.0116558080882116
0.06161424700819 -0.0590223257950223 -0.109858702466092 -0.0226043147054904
0.0143849282039729 -0.0723181813183964 -0.0906086121430438 -0.0174223878791416
-0.0206815251227736 -0.0633503324430984 -0.0965751339413257 -0.00982317928907559
-0.0428648665797532 -0.047782062548671 -0.0892652899012445 0.0125907182253907
-0.050169330038209 -0.0315977057052337 -0.0758428598156063 0.00660298468984616
-0.0492745809467359 -0.0318029616204136 -0.0647685446415609 -0.0177004642857328
-0.0470789258680153 -0.0378785685058354 -0.0595249727518276 -0.0484833594227662
-0.0435558463387513 -0.0485970192627403 -0.0326234335812663 -0.0837893609147179
-0.0262639813787478 -0.0701713824451315 0.0109761974156693 -0.103074252866825
0.0119733353512695 -0.0775364532366847 0.0679892788585896 -0.0702679167893031
0.0601601288239087 -0.0653833794529882 0.0722981863367173 0.00416303828443233
0.0948532796967562 -0.0316502372954352 0.0190517784772875 0.0456129248203852
0.0907977852442656 0.00367464018137337 -0.0746724643256194 0.018451427481654
0.035315798976941 0.018058249193338 -0.149948080847801 0.0188617141396982
0.0446786218683462 -0.000503627729056367 -0.119603909309024 0.00199424321431163
0.0319527525465419 -0.0248996107049571 -0.102179977039123 -0.0159257745358731
0.00822220971534709 -0.030483577225634 -0.0855033745210716 -0.0242566535690056
-0.00419526554919874 -0.0258773370486892 -0.100762855647283 -0.0171593642937374
-0.0156051526893935 -0.0245617251668942 -0.0975854467677971 0.00371989129594451
-0.0208643859811635 -0.0181813698573989 -0.0892319025789289 -0.00160903546452169
-0.0190624849173795 -0.0204583524787472 -0.0783096135164376 -0.0283519210280534
-0.0188613408172845 -0.0253461762948923 -0.0668614847110213 -0.0621412821667528
-0.0149234530026269 -0.0303130100292784 -0.0299527296918364 -0.0954868908262491
-0.00193153637102239 -0.0426134287888271 0.0182907005719651 -0.107201225984572
0.0212280274219378 -0.0437642259085821 0.072540101616481 -0.0681683843580516
0.0504637060066614 -0.0283039598897092 0.0642198300065054 0.00242095462137987
0.0637578772097882 0.00189205138465692 0.00529989507152699 0.034001400374617
0.0449860776144886 0.0209841953738864 -0.0911030940950265 0.00353522646759452
0.00318662137611698 -0.0263443338580906 0.112335476863977 -0.0140893913001416
-0.0232319087321199 -0.0093918355284368 0.0122295100384707 -0.0482782537573313
-0.0225079693836822 0.00842500773634443 -0.0672288893144432 -0.00469169462722467
-0.00508099203843213 0.010236945989879 -0.0873766881956784 0.0738371781425611
-0.00504855320468591 0.00353725084245189 -0.0218169911155643 0.12253081514781
-0.00751164740467026 0.00586533446025221 0.0422459855820766 0.110980809697487
-0.00900335188351733 0.0092080032677363 0.0784073704345804 0.0754400829053695
-0.0152022514079718 0.0116653166176063 0.0965854508384236 0.0264626810836794
-0.0181436722525797 0.00898731718679961 0.0965401311099063 -0.00507374674646642
-0.0216505942365216 0.00368938332243295 0.101511484349265 -0.022099669909675
-0.0223317722557308 -0.00569168600569457 0.107487686866664 -0.00961241013663361
-0.0127890719753409 -0.0133611602097029 0.102011693088877 0.0108571772569867
-0.0141534371878844 -0.0184224282225509 0.110224541683152 0.00452223254563693
-0.00764721121629323 -0.029600403673934 0.127137017148627 -0.00887455228664943
0.0174866456831167 -0.0335101009587093 0.155200513986665 -0.0448120385559103
0.055677551537792 -0.0295382799857584 0.0945066995274961 -0.00579467327047496
0.0206809061386995 -0.0248883679042403 0.0044024359956139 -0.0418022088323879
0.00746402454490936 -0.0159612055249499 -0.0746049085225245 -0.00627491623836944
0.00591940801814974 -0.0208613082515786 -0.0942547127628693 0.0690964879805708
-0.0126947551633739 -0.028567219119624 -0.0342472479988888 0.11759490086588
-0.0296907589997004 -0.018873642832036 0.0279941112848731 0.11297610238356
-0.0381322857013003 -0.00633870091569844 0.0658108275003771 0.078458164113766
-0.0495382061147356 0.000820205552056219 0.0844332875902269 0.0283765964129554
-0.0535077458374148 -0.0012822356258225 0.0827354225503813 -0.0059680955242963
-0.0606428706006496 -0.0116753248670158 0.0845222122720993 -0.0321802255221607
-0.0591675762647744 -0.0363255750378976 0.0952339208185057 -0.0292658269686987
-0.0314196704995506 -0.0602642108076276 0.100086742063459 -0.00757253396247187
-0.00295441602063864 -0.0722047671633401 0.109970621196483 -0.00204230501638065
0.0325503796004694 -0.0736570648026069 0.116435366883779 -0.00633209661355886
0.0679620879008249 -0.0581891648387081 0.13417639430207 -0.034134668071539
0.102647320899265 -0.0286736635086114 0.0593641120399903 -0.00116766165114528
0.0665551311561649 -0.0382248809671157 -0.0155950773364164 -0.0417830304841645
0.0425160428975541 -0.043697236670882 -0.0902044692474712 -0.0119689165387548
0.0174478781478551 -0.05624694747149 -0.102860920117769 0.0625426597526062
-0.0211524204758448 -0.0609645597151898 -0.0467763421411096 0.106919865170358
-0.0500029742781499 -0.0425025160436255 0.0101485842913218 0.106008880175652
-0.0627817654903276 -0.0213896476869976 0.0454550916388987 0.0745188677443794
-0.0767739495253848 -0.0105275986635014 0.0607260993113009 0.0276777363460374
-0.0815527399623577 -0.0112893129461085 0.0556429302981087 -0.00781788866303689
-0.0915977196311287 -0.0229725848710005 0.056145208594528 -0.0409873973966279
-0.0913885414340241 -0.0574122150737856 0.0719809213820137 -0.0515418052291293
-0.0519310401283418 -0.0945490914457353 0.0923499842004041 -0.0305933943069597
-0.000471083583211123 -0.11671922289732 0.109320168835273 -0.00909273435926913
0.0622329213549417 -0.110788125722256 0.103075296591257 0.00360434960072496
0.107467178877757 -0.0765717483357787 0.0998607086043618 -0.0157899151919578
0.13642905487502 -0.0257526379217846 0.00787774866026092 0.00228493793603555
0.106268115445412 -0.0512191061327602 -0.0467349032361472 -0.0403710704912261
0.0727354905410381 -0.0740416252858142 -0.109833789502544 -0.0156834208854558
0.022440962146496 -0.0918700973220284 -0.109700561748179 0.0520500664672721
-0.0312439059083586 -0.0882365194771177 -0.0592935126387295 0.0880046357646755
-0.0675824534713216 -0.0595478311405702 -0.010977978803493 0.0905300446743098
-0.0805194210870506 -0.0319271775554264 0.0172221469810943 0.0634735893166766
-0.0929342248843236 -0.0198932577785194 0.0292294225246294 0.0221592769103864
-0.0968143374358744 -0.0209212371321623 0.0209932720081509 -0.0110370309108919
-0.107094356939554 -0.0328634938498805 0.0211534015776867 -0.0484435511773156
-0.107082272255914 -0.0709688718493794 0.0426774240891446 -0.0703584295459015
-0.0625527876795936 -0.114177584172501 0.0802552749079545 -0.0528940773994402
0.00347759278212496 -0.142013198050139 0.105271722141008 -0.0124205555487077
0.0839791888032788 -0.129325766851515 0.089228685644584 0.0185562095732882
0.132172595047762 -0.079732257761472 0.0562923937683237 0.00678966146211414
0.14730075776783 -0.0228655073507965 -0.0513489682349522 0.00952733919225494
0.125321420800735 -0.0591722890308049 -0.081436411034385 -0.0300115819039747
0.0858654870013896 -0.0950163610269998 -0.123467325019832 -0.0142581778653321
0.0206774218800101 -0.113421648421257 -0.1109975881296 0.0356909056091959
-0.0401810452341558 -0.100953709157356 -0.0750262909409612 0.0606953049651854
-0.0769303790474329 -0.0663551567020237 -0.0383236886399507 0.0691955919801618
-0.0868594834687571 -0.0363207441323876 -0.0168384119708633 0.0488727543265866
-0.0944358475706389 -0.02681586139849 -0.00813974344401297 0.0132586038814443
-0.0959471118502329 -0.0290628099635098 -0.0159452173670313 -0.0177390437665215
-0.104136035141135 -0.0405984250335023 -0.0110046539791707 -0.0562809206518455
-0.100144160703397 -0.079656920491451 0.0155422592820924 -0.0851813012332877
-0.0526345183745281 -0.119316240367142 0.0680332457195743 -0.0685679451297566
0.018162932040455 -0.142195041381131 0.0979345291956259 -0.0115312118760674
0.0987121460068332 -0.12177609011943 0.0704082247861444 0.0346094557842806
0.138117684555899 -0.0667958263474571 0.00769563289143799 0.0250507778936947
0.132290944990867 -0.0167355987694703 -0.105948118402013 0.0215367334250603
0.118633900506109 -0.0559673652371836 -0.111005725936998 -0.0110331902233207
0.0795299450950171 -0.0949365028838811 -0.127142134240249 -0.00853234880535078
0.0127228307424059 -0.10876455149206 -0.106622823836251 0.016331333542077
-0.0412327732195422 -0.0919878446878574 -0.0903830178191424 0.0313419597378445
-0.0719664017730179 -0.0599267204906785 -0.0667600730907209 0.0462783495231205
-0.0787324392225774 -0.0336275942074432 -0.051136624509221 0.0343430165605018
-0.0814118856829648 -0.029070383934577 -0.0426875340548184 0.00230116589125022
-0.0808470357484224 -0.0341481719444512 -0.0480516821370612 -0.0283354546020448
-0.0830291074480296 -0.0471668853935496 -0.0353201036208113 -0.0680453191301036
-0.0725626184397016 -0.0797004216595046 -0.00196272752837514 -0.0982755088984377
-0.0257249808929128 -0.107893777411697 0.0613232062471617 -0.0785689225384006
0.0388306839699813 -0.11681697857901 0.0876549034324407 -0.00851594770722643
0.104385672675919 -0.0891082629607362 0.0479882860833852 0.0446499867637618
0.125678539993259 -0.0399904134517668 -0.0388925771698241 0.0336530374663691
0.0938848180606418 -0.00569356187132579 -0.145776851158028 0.0345983945398293
0.0893361637257377 -0.0377027486079759 -0.127036299707349 0.00838959296317537
0.0579538143644473 -0.0712146751533964 -0.122195814033502 -0.00182737369640531
0.00658088815344113 -0.0788909803620148 -0.100112360341684 -0.000425402470223089
-0.0298490800258659 -0.0644724057639582 -0.102626677111222 0.00889666092435391
-0.0518931466873651 -0.0440134777102232 -0.0897481547719188 0.0294309643033842
-0.056442627165681 -0.0262712013721149 -0.0794646363190478 0.0213798680914829
-0.0558827498622085 -0.0269423088520007 -0.0707493645624701 -0.00802463543464875
-0.0542784089069939 -0.0323719431501486 -0.0710694823737652 -0.0416924120705144
-0.0511948346665235 -0.0439582661404649 -0.0467242189747102 -0.0827483300074446
-0.0374031811760809 -0.0673164329570574 -0.00448370189524435 -0.109393212717943
0.00190607633022399 -0.081638047289621 0.061479043820651 -0.0828774483016455
0.0527796386186286 -0.0762358420570031 0.076613589093076 -0.0061629659655715
0.093781280907013 -0.0462130178228625 0.0263136767838861 0.0430231357034496
0.0949518837146031 -0.00914193244015751 -0.0751814802775165 0.0298999008452808
0.0409380218350641 0.0117993549188639 -0.160949624016144 0.0453459554028846
0.0484563099339841 -0.00832749001658417 -0.127896558344224 0.0201646162298962
0.0316092438679029 -0.030999790423495 -0.112669960208449 0.000512442645320681
0.005570675298357 -0.0336769076459968 -0.0955938521712339 -0.00990032645439818
-0.0073292750634532 -0.0275804130531067 -0.109630446621822 0.000877421405540582
-0.0197113193416795 -0.023607712159821 -0.102325990600711 0.0204178755500873
-0.0237099824831096 -0.016728070654005 -0.0954900541605414 0.0147008672406782
-0.02255522743898 -0.0193998316366102 -0.0861628128616687 -0.017149438126432
-0.0224746073439322 -0.0234827774554068 -0.0805595397725332 -0.0543219415183437
-0.0183972865600419 -0.0297401356900576 -0.046333964993452 -0.0957676948744575
-0.00753136934217646 -0.043272748158291 0.00329176669609515 -0.115533723868058
0.0159026069356011 -0.0477360677641192 0.0657781349608132 -0.0825228842610236
0.0477113260929234 -0.0367921237794152 0.0685214915286699 -0.00645585221989489
0.066007526225998 -0.00746269450684612 0.0108190831080413 0.0337791683172021
0.0502459486735097 0.0157794848587438 -0.0953592716170988 0.0172765567129114
0.00137498048349849 -0.0277988980896231 0.114371117005382 -0.0230566724717606
-0.0243081262216241 -0.00820078015475974 0.00833832885404259 -0.0513507457659299
-0.0223337859762637 0.0105834890080963 -0.0700694607749471 -0.000654408431063014
-0.00457871659932653 0.010604999524081 -0.0853446079217823 0.083010993037397
-0.00552476659808446 0.00363472937679906 -0.0135796815392455 0.127073697775164
-0.0070707315208783 0.00638400771179335 0.0514285631763831 0.110281055479477
-0.00849534659201494 0.00990937349337328 0.0865050270195203 0.0709012360985769
-0.0145572562146158 0.0129031499972865 0.10113807436198 0.019417591482263
-0.0180868753070758 0.0109028061247538 0.0994464731502017 -0.0128554217852246
-0.0224296154116263 0.00561969690172068 0.102372861555922 -0.0312263489464684
-0.0234853821358303 -0.0041817660170453 0.109346333047514 -0.0178889033619538
-0.0140003006140508 -0.0134775027545401 0.106783907352302 0.0040920528094457
-0.0154920087422641 -0.0177876079237976 0.113809934786153 -0.00327430397955044
-0.00981397178056987 -0.0292869859811038 0.130066070965984 -0.0174434841627491
0.0149395577254875 -0.0354888942802967 0.156421238066571 -0.0560789111453716
0.0544567868899668 -0.0351607160528894 0.0974024668266074 -0.0135280949681541
0.0189170723590313 -0.0271868699472307 0.00140460159743703 -0.0444589383453256
0.00653914284711276 -0.0162286006825235 -0.0780515098590909 -0.0019577148032561
0.00437587539650348 -0.0218429077856507 -0.0920145021450867 0.0784170680690331
-0.0159102942434724 -0.0279661633767383 -0.0264659032931179 0.123058408977761
-0.0317746785422205 -0.0165411662683921 0.0373161393238886 0.113469710330031
-0.0392609911190641 -0.00327513864633827 0.0743621887825502 0.0750413368299332
-0.0506872875092954 0.00499169415609262 0.0891126866716694 0.0225574482629953
-0.0557029906450077 0.00339876634015459 0.0847977920208656 -0.0125216557086008
-0.063601343063937 -0.00688343896819812 0.0841764250942323 -0.0392720465664253
-0.0639809997715059 -0.032521707836426 0.0951217189905597 -0.0374233045859805
-0.0366572405587568 -0.0593659456109571 0.103176505529972 -0.0148840907468856
-0.00812151818058084 -0.0735159299314885 0.113395277264451 -0.00983760098754242
0.0276848694216849 -0.0779832213421101 0.119519550130232 -0.0141479738132296
0.0659120204428255 -0.0650366322655534 0.13514047770468 -0.0442417596010246
0.10323592958273 -0.0378806655468244 0.0611041206428477 -0.00645645973113313
0.0654682174906679 -0.044432803071315 -0.0183972443065816 -0.0423315506978841
0.0401637268955187 -0.047183481456104 -0.0943402629576622 -0.00604808678135156
0.0136385877882503 -0.0586450417933944 -0.101647966172598 0.0718790931344217
-0.0266498635926046 -0.0603754082131546 -0.0400523170345721 0.112528569590271
-0.0547264644313692 -0.0381938544421139 0.0186255206227221 0.108110933600472
-0.0663100547917581 -0.0165238607109336 0.0526890119591729 0.0720626094730172
-0.0797934207288767 -0.00418204393789271 0.0647998204401329 0.0228375454452845
-0.0856254782229359 -0.00443117053132386 0.0570859653708298 -0.0124634186792255
-0.0963506619616988 -0.0157886866403689 0.0544948952575061 -0.0460695706845105
-0.098284057808344 -0.0505664385213399 0.0696142114352758 -0.057927470438957
-0.0606751302854991 -0.0927295413656479 0.0934344590507743 -0.0378644433510101
-0.00893286766752432 -0.119142015937413 0.112022117041023 -0.0171219614881198
0.0548359226391952 -0.118020287494854 0.108001445354848 -0.0034876137330478
0.104973749903149 -0.0867775237310766 0.102348544582069 -0.0233906544642149
0.138130903098685 -0.0378690051777318 0.00924252407964735 0.000924114281155656
0.104221889844979 -0.0604616072023207 -0.049074646636293 -0.0389112782619719
0.0682717441770413 -0.0808374383769054 -0.114520523914374 -0.00850184164015186
0.0154952894434794 -0.0958192125676785 -0.109419986393783 0.0614874270251792
-0.0397722322418595 -0.0875357206557384 -0.0553373118191854 0.0943837176568721
-0.0741018317219574 -0.0548779624304995 -0.0042931085233182 0.0937865234139756
-0.0854267632599954 -0.0255199884637043 0.0227981373443362 0.0638974584807291
-0.0967450735934534 -0.0126958459177151 0.031206834728054 0.0199650844895278
-0.10172209970124 -0.0125307997182661 0.0209372430528859 -0.0130091884525538
-0.112997402312577 -0.0241933141488578 0.0183967027471962 -0.0505814466383746
-0.115745415160098 -0.0629347347571449 0.0374774298581953 -0.0745702450217813
-0.0736378500045043 -0.112194570661633 0.0791476882247119 -0.0595732145351116
-0.00698298350754749 -0.145257797904042 0.108346881876635 -0.0213371129490604
0.0752900761582427 -0.138880442182782 0.0940841821340058 0.0129653353327023
0.129478023183584 -0.092534299438486 0.0593482436458813 0.0025145765486219
0.149353167781101 -0.0351189828353069 -0.0513263105102142 0.0130879086989569
0.123121438912781 -0.0703443517857369 -0.0837266147685572 -0.0258867849744026
0.0801783012769104 -0.103116397697327 -0.127909283570863 -0.00563384169464767
0.0111041486654594 -0.117736251693063 -0.112257057066879 0.0450995066604147
-0.0496286690748238 -0.099773170842494 -0.0731772183538462 0.068234548418321
-0.0837728606550015 -0.0607357621030433 -0.0339106786086527 0.0738526285954967
-0.091995204756201 -0.0291129052643986 -0.0137441120311183 0.0514907731581314
-0.0989239722174906 -0.0196122202502851 -0.00745012749569521 0.014356169722731
-0.101272859812514 -0.0210150297388881 -0.0173774443179724 -0.0165592930845745
-0.110256360586503 -0.0331568053905794 -0.0156550344374692 -0.0562517959387719
-0.10903417888102 -0.0724111234318003 0.0083106105095205 -0.087962338915334
-0.0638630028051871 -0.116959557889515 0.0652496166077701 -0.0751192538577264
0.0072590709874208 -0.146118208540835 0.100749608936216 -0.0199069478439082
0.0905506476915217 -0.132591339276567 0.0760912304836378 0.0304621546032398
0.136587312651406 -0.0793859934362884 0.0110872174488626 0.0257552830140558
0.134196862887799 -0.0282083413411498 -0.107301984304118 0.0293862807834982
0.117119148733219 -0.0662765026053252 -0.113408737604722 -0.00488230500426288
0.074148635936971 -0.102600649059684 -0.131476175713747 -0.00044005362763028
0.00411560238177043 -0.112220921422462 -0.10925210381432 0.0246028999351541
-0.0494106081229911 -0.0907635042912039 -0.0911087367973788 0.0397558623990189
-0.0791137114751687 -0.0545767154357191 -0.0649281131193874 0.053047257580755
-0.0834697918919817 -0.0274774884342474 -0.0500903080701654 0.0389987432102473
-0.0854366777820023 -0.0229593761284581 -0.0436272211200065 0.00591899227020794
-0.0857802807854063 -0.0272744993906616 -0.0515589221747691 -0.0243690392251938
-0.0890072944964323 -0.0410398595031738 -0.0417003655243051 -0.0664418756168881
-0.0813327310804592 -0.07470181014888 -0.0101191564281202 -0.100114797179776
-0.0352499411393036 -0.108204539647725 0.0576360920195184 -0.0843384947201973
0.0308982486875927 -0.121895463454196 0.0909852775657615 -0.0154443941033468
0.0991954403416022 -0.0999124409057881 0.0537164539395775 0.0421678170332783
0.125917099450607 -0.0510133668961812 -0.0368790377325175 0.0378519463129211
0.0957873002592836 -0.0133503353167176 -0.146291263813009 0.0463461063926433
0.0884853470902144 -0.0457511746117227 -0.128647874168016 0.0167729167032545
0.0537019475631445 -0.0769607228146817 -0.12501686379647 0.00591252361575302
0.000870377659880865 -0.0806413943699725 -0.103853309105645 0.00623040593967021
-0.0353309976571987 -0.0636109418843771 -0.105391727823532 0.0181121150062115
-0.056651994031579 -0.0397646077710205 -0.0904030415419699 0.0369661868040303
-0.0601891992954416 -0.0218087496741687 -0.0801495503273958 0.0290392242786041
-0.0595488420272724 -0.0225120676778688 -0.0730281509971732 -0.00208945812343095
-0.0585670435544282 -0.0286563632854483 -0.0759592155996402 -0.0355471063350847
-0.0558670155232367 -0.040654305554803 -0.0545637490532428 -0.080360432416748
-0.0434755559409083 -0.0651312908995253 -0.0131654520137886 -0.111256895433419
-0.00492982573945668 -0.0831935916631957 0.0565429519641814 -0.0886845794065861
0.047723978548425 -0.0822355890455246 0.0797416489252896 -0.011966568226027
0.0919198784184928 -0.0549202188144916 0.031138008465235 0.0421397302299309
0.0965861673723405 -0.0168936417805136 -0.0748330587331245 0.0366839917129046
0.0434758604740712 0.00878568099104122 -0.162367060136203 0.0581764679338824
0.0487964005381244 -0.0119040051985356 -0.128722207685684 0.0294455603424921
0.0290921584167743 -0.0337190034837535 -0.115173860629404 0.00882304731458766
0.00309170316351191 -0.0348583787596252 -0.100492376988487 -0.00372661171393989
-0.0096666946495054 -0.0278102723915203 -0.112678583196387 0.00897740937102296
-0.0221869236566023 -0.0221232996999942 -0.103960024859243 0.0286228625834102
-0.0261311354719285 -0.0157212227557263 -0.0973522958987155 0.0232775438280081
-0.0242113542433809 -0.0188576884725197 -0.0901040820733038 -0.00988885950862552
-0.0246766412964651 -0.0220701217628805 -0.0872287021968657 -0.0487780409320555
-0.0209812662250883 -0.0286514444314323 -0.0554565583107968 -0.0941222589386106
-0.0111362697063321 -0.0427500429045435 -0.00558186439376867 -0.118561319134386
0.0123230878616824 -0.0501149105894417 0.0620185598449542 -0.0887282443025268
0.0462308547279138 -0.0406172442111469 0.0708514379946283 -0.0120130688223366
0.0665098598617033 -0.012529559336849 0.0143048749805579 0.0334340979809037
0.0523420101327041 0.011578939715268 -0.0968718977077566 0.0249140344160286
-0.000657489870297466 -0.0276547795696387 0.110202232530788 -0.0314964742389978
-0.0238845354171144 -0.00647563792540037 0.00381839061251105 -0.050687562393722
-0.0202464372778553 0.0125479212504694 -0.0696543387885134 0.00458557258409767
-0.0040214042970968 0.0102637155079857 -0.0780331920439483 0.0867329418933921
-0.00520255806179198 0.00360833466632939 -0.00416301353779488 0.124542908681542
-0.0066445420696436 0.00695322337707101 0.0582439002015868 0.103462476110008
-0.00730342493244286 0.01016011457668 0.0902627532385386 0.0626954078176008
-0.0132111766940924 0.013988824049868 0.100578569382096 0.0111302177096259
-0.0171698952634812 0.0122186934527095 0.09651079043113 -0.0201579478990953
-0.0218238204943022 0.00745567072992339 0.0977659916711239 -0.0376664427992249
-0.0227766172719327 -0.00196241469152034 0.105510014297044 -0.0250662499348936
-0.0145510922732373 -0.0124274800150031 0.105222601215917 -0.00402114666598917
-0.0161793923650322 -0.0167244319465216 0.11094250546274 -0.0106264900304302
-0.0112603773248966 -0.0282336907299734 0.125950920607109 -0.0249016419072733
0.0130937665167955 -0.0361635419590556 0.148230883509011 -0.0653756092461612
0.0502196503653519 -0.038697137014205 0.0953497370314724 -0.0205203970897016
0.0165168756234825 -0.0278436681127371 -0.0010816905430414 -0.0434718434434276
0.00571180825750576 -0.0159779422132502 -0.0768681121345788 0.00305753568746362
0.00274185867834271 -0.0219647794741313 -0.0852398023540103 0.0823887771363078
-0.0180564353062089 -0.0261611377124282 -0.0180107807783401 0.121581738970295
-0.0318922429132024 -0.0129630075977156 0.0446773642228522 0.107627628004742
-0.0386597142337458 -9.16399260901418E-05 0.0779903191167122 0.0675559610843166
-0.0491615790748189 0.00929254194090945 0.0892265466809702 0.0150431869774971
-0.0547612528472723 0.00810051324658093 0.0822584604108507 -0.0190468675887354
-0.0636709236746641 -0.00117597608849329 0.0791913426912866 -0.0437691287408629
-0.0646078488394703 -0.0263458549579835 0.0904409194921232 -0.0436123005351544
-0.0401724597581536 -0.0552678911736505 0.100829815917374 -0.0213280983020012
-0.0128521196501214 -0.0712689071268764 0.110525807342581 -0.0175077798738941
0.0214041933656949 -0.0775102963720342 0.116401166319356 -0.0208893254993219
0.0599114587749183 -0.0689533599538559 0.12988971663785 -0.0523092544930407
0.0977099725486286 -0.0450480376893878 0.0604112498684472 -0.0118576508011375
0.0604208392567891 -0.0477098169798105 -0.020241917738822 -0.0414846554541499
0.0361974690663186 -0.0487431720605518 -0.0933973781435438 0.000366525320484285
0.00870052021299904 -0.0582311894667998 -0.094788060446743 0.0771638389529045
-0.030560356476536 -0.0565637200025757 -0.0314876881100054 0.112603270986724
-0.0560749975974088 -0.0327796289568606 0.0269560260801901 0.10348189418974
-0.0659384141811502 -0.0106326702922694 0.0571551871292409 0.0662534192862759
-0.0784450473881693 0.0024996517024306 0.065173316515533 0.0178327239447481
-0.0843663970096211 0.00289216801881158 0.0550936842676005 -0.0160960330474728
-0.0955038910888021 -0.00759065675452749 0.0498915240489103 -0.0481812315625137
-0.0996586043346263 -0.0418131420706651 0.0628230824613249 -0.0615864444606496
-0.0664278378868276 -0.0858377842351426 0.0895024333598641 -0.04282311844059
-0.0178836813093805 -0.115059379677586 0.109538584357281 -0.0246869369344937
0.04480522657697 -0.119451153285472 0.105694302711344 -0.0102833726765866
0.0967851010122947 -0.0917809820686106 0.0987076819304929 -0.0294437028807998
0.131472039926404 -0.0476675056429213 0.00962371415613852 -0.000413407473326216
0.0970544177015881 -0.0660485889704163 -0.0494662366234498 -0.0357434753758763
0.0606549613641462 -0.0833330067683378 -0.112564657738483 -0.00116724100950764
0.00793692521210905 -0.0943319431671244 -0.103112496373666 0.0677269694807981
-0.0450745754583709 -0.0819016552694209 -0.0476927321643972 0.0962916852049428
-0.0760657555631046 -0.0470463110362567 0.00263486226498277 0.0917512854743691
-0.0851006460321136 -0.0179576012358589 0.0271361380389078 0.0601930823109633
-0.0955487031615223 -0.0047859843159834 0.0321897250731799 0.0180546931884329
-0.100280194393002 -0.00353591546339454 0.0199590774303777 -0.01391584475855
-0.112844163214603 -0.0140702506026142 0.0148877125598204 -0.0497314419922293
-0.117977122669909 -0.0522083632312712 0.0309435864726359 -0.0750814600737988
-0.0801542480524405 -0.103242864902623 0.0738809655623355 -0.0634804183376516
-0.0179560655264063 -0.140846033145559 0.10514943092125 -0.0287644899652667
0.0629163426842227 -0.141126034481308 0.0934532141688027 0.00666303556038739
0.120187930051225 -0.099368219828247 0.0592017185596559 -0.00169391770202322
0.143456265986762 -0.0461874708443633 -0.0482720942217543 0.0152272350257927
0.114885213054913 -0.0776575877227089 -0.0822557487576707 -0.0208407542013419
0.0710380110127818 -0.106257483608769 -0.125947406914035 0.00247000879711274
0.00268032279094249 -0.115203144970207 -0.107224922568561 0.0515175080838627
-0.0561267225124213 -0.0930896697878312 -0.0671675703442648 0.0721339365059172
-0.0868987228632165 -0.0516159360450698 -0.02744654556239 0.0745764294102177
-0.0916796497817681 -0.0210838219131164 -0.00861670778308669 0.051276417227724
-0.0977984131394786 -0.011032035894947 -0.00621157390889254 0.0148746241323985
-0.100972299112959 -0.0122176800637956 -0.0180825904740121 -0.0141629538637082
-0.110144446575649 -0.0234406839394494 -0.0196058659769557 -0.0532277383089264
-0.111839182724045 -0.0612961613496504 0.000744930002262317 -0.085607983903532
-0.0711169439238812 -0.109340095724891 0.0588524849291256 -0.0777185248965357
-0.00411308327987917 -0.142221013804676 0.0981279788216116 -0.0265811782146219
0.0779788849755976 -0.135685017489669 0.0777845984740995 0.0247088442865085
0.128410157405774 -0.0874437423764747 0.0124981222529049 0.0235669583201987
0.128853280124279 -0.0374522675330003 -0.101944047762498 0.0358688754845669
0.109035571360417 -0.0734431540154322 -0.109759381127972 0.0015865510023969
0.0645419378020222 -0.104674798475793 -0.128898201987694 0.00802024316932248
-0.00378526896004713 -0.109079816356832 -0.105990368571599 0.0316501551242253
-0.0551732754545012 -0.0850157260709147 -0.0864920344065335 0.0462209512569614
-0.0810154914318616 -0.0465263862681245 -0.0592839445248502 0.0568503565680975
-0.0831262330487235 -0.0202076764416009 -0.0464903034918723 0.042366663289294
-0.085649111933695 -0.0149514961809957 -0.0422296795055671 0.00992730111080582
-0.0856439157861321 -0.020046352457942 -0.0517433480985141 -0.0187091714527614
-0.090155060295577 -0.0326492845238138 -0.0456817171010154 -0.0606737003535731
-0.0845454846480294 -0.0660407977058274 -0.017569806597987 -0.0960836893900317
-0.0424957999379555 -0.102425795878725 0.0500653710871073 -0.0859443496914727
0.0211260383863003 -0.120324289765042 0.088504286350787 -0.0212407401794795
0.089031735123787 -0.104417766882322 0.0565336452007685 0.0374612575885854
0.119496699105077 -0.0587255465870502 -0.0329956912044731 0.0396492108481851
0.092415982362577 -0.0206457995540272 -0.139238493369773 0.0555335880149807
0.0830960843426045 -0.0506095837853716 -0.124377590466592 0.0230078185822356
0.0470415140847246 -0.078158662289818 -0.12158960556835 0.0142187179344624
-0.00517436041797012 -0.0786420222647339 -0.10183442823244 0.0136421557914878
-0.0392867258147502 -0.0593585724917367 -0.1020331688998 0.0253809629674553
-0.0584926567922108 -0.0340385835996664 -0.0855172659810995 0.0426838563893023
-0.0603909184074278 -0.0168124973130118 -0.0767819248739378 0.0347113654725575
-0.0596254862998548 -0.0173541350663693 -0.0721702153210892 0.0038315991364774
-0.0587293664277819 -0.023302177998765 -0.0765787022190234 -0.0286222732465221
-0.0577789533761769 -0.0355294779869382 -0.0593909363910721 -0.0736654896800051
-0.0471604014044509 -0.0593921829834477 -0.0218579074744422 -0.106674352199912
-0.0107845331943212 -0.0802608314342735 0.0493498878269196 -0.090316906280279
0.041060776094652 -0.082496251718125 0.07786053501778 -0.017849228448301
0.0854348658078986 -0.0602447788930614 0.0343609159142102 0.0387418511114189
0.0931392116656816 -0.0231794283174786 -0.0701650284228592 0.0408053989725592
0.0430060689528314 0.00487790022467371 -0.154333396218051 0.068657976083306
0.046810643165632 -0.0150525355369391 -0.123525913515483 0.0363569977416829
0.026685930402268 -0.0347442348893451 -0.11236406524424 0.0164966753970559
0.00108547498988121 -0.0338512998246837 -0.0994254988671787 0.00375659366152182
-0.0112167208790571 -0.0257537486559646 -0.109086286087396 0.0179046779539666
-0.0234992817063702 -0.0192396753773887 -0.099439830241962 0.0363305564934221
-0.0265953032261568 -0.0128730839204063 -0.0938768516938194 0.0306141851466639
-0.0250268547630019 -0.0167230222404947 -0.0885339770863927 -0.00202920679585713
-0.0252170660399082 -0.0198240405964301 -0.088409417481134 -0.0398675397629041
-0.0220672653926625 -0.0267528541871037 -0.0608954674454549 -0.0870680524160559
-0.0144220213903949 -0.0408018352479145 -0.014359163903641 -0.114438379543485
0.00825292412422541 -0.0497364752895259 0.0541591416297704 -0.0907068900174547
0.0424335076502765 -0.0425676983994678 0.0700768751539936 -0.0167890253239333
0.0637284130855608 -0.0172353581536578 0.0166978491217163 0.0320335395204691
0.0515970435028274 0.00769773189470645 -0.0930563203632214 0.0310401290922409
-0.00163688838608238 -0.0268234761372201 0.104408522576217 -0.0347233124884986
-0.022607700066301 -0.00565657445566553 0.00184527084549922 -0.0488341040406543
-0.0189489746009096 0.0117516490905803 -0.0666077322431494 0.00619287911519717
-0.00365865820762705 0.0098117804171968 -0.0717977484098984 0.0858101301196865
-0.00550968418925177 0.00393132860908673 -0.000175262649834809 0.117738911634068
-0.00560588779207671 0.00689637751749642 0.0591010855103301 0.0953631832781788
-0.00676964905124015 0.0102536146822966 0.0879254920297692 0.055854090867127
-0.0118612443842039 0.0134083866088737 0.095643769725202 0.00649709336967243
-0.0155883626906473 0.0125887547804568 0.0917261676008181 -0.0232628763467336
-0.0207966150684565 0.00836219912906073 0.09209851471242 -0.0393137459314595
-0.0220086874062518 -0.0018253197292301 0.100279221684142 -0.0275415311222709
-0.0148218395624794 -0.0117800493223268 0.101151891810462 -0.00648463096225989
-0.0162717300442942 -0.0151242225569011 0.105151488997238 -0.0133435144289002
-0.0115387221631751 -0.0261722493916468 0.119868167040658 -0.0268266924765116
0.0107501579673943 -0.0349949697922661 0.139518652470143 -0.066086129286903
0.0463798842566006 -0.0393780099284613 0.0903012811000294 -0.0237008951954905
0.0146439669783661 -0.0268737533519801 -0.00284656824842188 -0.0427937389703964
0.00497925532968502 -0.0150017057284902 -0.0743654147550594 0.00523952540814012
0.00164059680777419 -0.020543672003818 -0.0784801446921512 0.0819596274999512
-0.0183258996407196 -0.0240653671872428 -0.0136802625244469 0.115265973146283
-0.0308629415029788 -0.0111923537679825 0.0465286635190305 0.0996601054053422
-0.0362848574511099 0.00156210633939063 0.0770472993185419 0.0609889683526912
-0.0465748661723327 0.0104497996423583 0.0855770264039853 0.0107649197116639
-0.0516533434793732 0.0103113813283865 0.0781578372911015 -0.0209556281151073
-0.0604737567264624 0.00141430688284509 0.0741412431688827 -0.0442267170525784
-0.0622360755102692 -0.0230859709557968 0.0842303112324679 -0.0441450570801289
-0.0410051290463151 -0.0512786240713105 0.095975002576581 -0.0236606754318726
-0.0149785460615854 -0.0671472201237169 0.105005266870384 -0.0200789550948725
0.0177395433834016 -0.0746051573884572 0.110714707530557 -0.0236852063900311
0.0554829448542685 -0.067490319786184 0.122579626137068 -0.053759733403988
0.0907794453923898 -0.0469777133666243 0.0577795857229104 -0.0138552443575622
0.0554656852956575 -0.0471347949242609 -0.0201865674012628 -0.0397011485096276
0.0329020600827795 -0.0468082452859965 -0.0900172615056738 0.00303149096045882
0.00600330338802524 -0.0556778645944916 -0.0879063319950079 0.0766759660758212
-0.0315430820832193 -0.0526050096179275 -0.0268809928897736 0.108068261298527
-0.0545151782719717 -0.0285808883498657 0.029173420146272 0.096650950032247
-0.0629024779923103 -0.00752492207663009 0.057180171982311 0.0605027851841519
-0.0740043586988398 0.00571749177761859 0.0630455561003371 0.0139105997237572
-0.0800125578392337 0.00685485846672612 0.0527127941083053 -0.0174216883348124
-0.0917710140587415 -0.00305146311481935 0.0462248747751963 -0.046933837602766
-0.0963397788232323 -0.0355076233296578 0.0574226000508714 -0.0602286248674353
-0.0664536876783045 -0.0792305045757447 0.084906441830831 -0.0434023633322549
-0.0207714795033416 -0.10906303755507 0.103662393466135 -0.0274762024127239
0.0379390432867351 -0.11464103652396 0.101334712464934 -0.0125112308587138
0.0895767626866595 -0.0909646404357274 0.093663814657526 -0.0319679001182213
0.123269531131284 -0.0501051318281912 0.00968876239206098 -0.00194251116957937
0.0898821438038619 -0.066698043887765 -0.0471515653934023 -0.0339783801956668
0.0551790910576206 -0.0805657427652907 -0.108114121955211 0.0019749954177679
0.00409270815546132 -0.0896794681169441 -0.0961515277296117 0.0679044630293312
-0.0463384589981412 -0.0761076316068295 -0.0427872352955286 0.092553779366987
-0.0743191242256959 -0.0410400706693917 0.00620064313728349 0.0867590275966263
-0.0815523355304489 -0.013286724781172 0.0277109935680191 0.0563284302067594
-0.0911362456596134 -0.000145783585030078 0.031443775049909 0.0154669760466008
-0.0955401570188114 0.00121302838949437 0.0189502913746676 -0.0142467109280679
-0.108196855998878 -0.00861396797367717 0.0123442553275851 -0.0474827210260981
-0.114171297902437 -0.0444793571733042 0.0257041073861949 -0.071776681678913
-0.0801052093535631 -0.0949759284229616 0.0685809236484217 -0.0623980979421995
-0.0218305312008324 -0.132448012873715 0.100239577551312 -0.0314308084519367
0.0543416133799091 -0.13593922127174 0.0905858251582907 0.00341369147331157
0.111759852110075 -0.0986590322026766 0.0561592952056865 -0.00393501811647109
0.134102191949425 -0.0491166842948995 -0.0444955452620334 0.0149866147903915
0.106454492594483 -0.0774785643699562 -0.0779672834017258 -0.0187483652645048
0.0637166488671516 -0.102777536698024 -0.120429578823134 0.00549243191990971
-0.00241849236463635 -0.109142529731588 -0.100385958044167 0.0524479174406435
-0.0572965928236516 -0.0856620400784615 -0.0615660618586635 0.0705345600877655
-0.0840789818867799 -0.0448056679299958 -0.0233246176988076 0.0717229520839305
-0.0883510358786238 -0.0156694925214366 -0.00682018504713133 0.0491034655586095
-0.0938642162997989 -0.00629392740741335 -0.00495664504219067 0.0145934897919617
-0.0963183264939681 -0.00724091889525848 -0.0177108812224789 -0.0125388073362857
-0.106419323534153 -0.016909858221816 -0.0196552761423302 -0.0492359104027084
-0.108535656021319 -0.0530396446011733 -0.00276532386087839 -0.0805546855103472
-0.0713121641686763 -0.100493247638098 0.0540978524532543 -0.0753585892841606
-0.00901961891678255 -0.13465011795016 0.094059827245119 -0.0287503858873928
0.0686860006942347 -0.131166144692094 0.0758509041234993 0.0204820250710354
0.119536767260071 -0.0875820994029567 0.0130965851987054 0.0216356562904025
0.12112850436202 -0.0404141617187911 -0.0954051219724727 0.036516641335264
0.100706751688812 -0.0734851186747428 -0.10374490108686 0.0033804035191684
0.0578305010830298 -0.10158313324559 -0.122186705911016 0.0118487448941439
-0.00769986021290075 -0.10391483707364 -0.100277068857221 0.0334930574326094
-0.0559168697939334 -0.0778983089231161 -0.0811588959057506 0.0472095938885217
-0.0788371862795881 -0.0397316739446005 -0.0545443412016745 0.0561668621807357
-0.0798938259464182 -0.0152164515793852 -0.042632870374307 0.0416126728423637
-0.0817786582142995 -0.0109129880569618 -0.0403907023876824 0.0116996102119074
-0.082529376341505 -0.0149950559222877 -0.0495505286364795 -0.0157325252126714
-0.0872955203776041 -0.0273608882866353 -0.0448075224541502 -0.0553723622842505
-0.0829132368283568 -0.0582839800429973 -0.0207467995519551 -0.0898929765081032
-0.0439458710204725 -0.0953220211451716 0.045398331041495 -0.0833385167501178
0.015801887235145 -0.114589005235324 0.0852450624475506 -0.0234518924559527
0.0799727358488303 -0.102166966347673 0.0560660043866276 0.0331870201696222
0.111749202777348 -0.0601321387035157 -0.030251053670802 0.0382326402890627
0.0871965754209647 -0.0232442021961775 -0.130884021416163 0.0564241608356591
0.0769839153803237 -0.0511717982378825 -0.116913161004317 0.024613056205922
0.0417575378565364 -0.0754102971370122 -0.115443433000575 0.0170799611073292
-0.00786767219615436 -0.0748906993399658 -0.0974305017493621 0.0157775292870769
-0.0393659455410207 -0.0550739256163904 -0.0962096952994366 0.0288506194705837
-0.0566090424841718 -0.0294388714288803 -0.0800939967917075 0.0441825939066571
-0.0576949628417054 -0.0127987119469372 -0.0721263929225817 0.0363111480956667
-0.0576200481863348 -0.0143136374156738 -0.0686077824136707 0.00705149400947999
-0.0568317357188023 -0.0196100317500657 -0.0735583897641912 -0.0229387388081314
-0.0559447827861091 -0.0310451144752391 -0.0588343398913343 -0.0671246060062545
-0.0471501087846451 -0.0545868846530184 -0.025031099002953 -0.0999488155516314
-0.0128382501091634 -0.0759445222188872 0.043833000074222 -0.0874708987428043
0.0361441344236939 -0.0794464874388261 0.0753631699549872 -0.0189456209438346
0.078494215904455 -0.0596797603487521 0.0343047440132008 0.0358730091122872
0.0882491496440803 -0.0247073382376485 -0.0652248472373576 0.0417093966869744
0.0405520194931193 0.00302429012970919 -0.14471958337738 0.0702751367570002
0.0439830138248489 -0.0161641963611472 -0.117109304080684 0.0374825775560131
0.0238589314261502 -0.0332044492314143 -0.106016399312014 0.0182044177039585
-0.00039674069465479 -0.0322642456509033 -0.0948219515348449 0.00658590641256319
-0.0113654233604669 -0.024691873490909 -0.103567929062926 0.0211799779258946
-0.0228394109866934 -0.016633320975803 -0.0936367830466868 0.0383243216159863
-0.0260924158814139 -0.0104580626798492 -0.0885499393167084 0.0330919466208914
-0.0241652514876397 -0.0152926119509841 -0.0850965646480702 0.00138195314002955
-0.0245385533263056 -0.0174292768651568 -0.0856664208580335 -0.0337145812642623
-0.0218553609621749 -0.0250405492308255 -0.0607941101764467 -0.0800229475849032
-0.0148860192013661 -0.0378364236643293 -0.0177609648193398 -0.107566388706209
0.00574197118680897 -0.0472088969910791 0.0489305541180063 -0.0875066033641214
0.0387128959776964 -0.041117919855831 0.0668311473879883 -0.0178787627871934
0.0597353050975622 -0.0181165786071867 0.0177567510227257 0.030044422217728
0.0489402344071904 0.00623744009131873 -0.087187221447608 0.0327357434927872
-0.00207614168915532 -0.026119087273239 0.10130449285343 -0.0342130689807519
-0.0217472236758854 -0.00575301173632755 0.00164542486265014 -0.0474149971355166
-0.0178676188559564 0.0112207719069528 -0.0648734107283704 0.00490939637879738
-0.00359498101866678 0.00927943494325253 -0.0696813957533548 0.0825929497776512
-0.00567448533173417 0.00361510226621101 -0.00139435692292875 0.11343639252265
-0.00594623330940211 0.00659836074838165 0.0571094995361746 0.0911755699850285
-0.00648218330361674 0.0096896743020446 0.0854401976586503 0.0534775044228618
-0.0114781788569974 0.0130780053825177 0.0935908200282672 0.00629742592748836
-0.0153264931819241 0.0125813233843869 0.0891578362529862 -0.0224745281457765
-0.0203573195378426 0.0079830883101476 0.0887738138999468 -0.0373279371230313
-0.0211348112616304 -0.00158617867060726 0.096603750301383 -0.026046146173682
-0.0144773121664933 -0.0111899106286842 0.0986649482022368 -0.00540160057437664
-0.0152460806728838 -0.0145920223977633 0.1015788983684 -0.0122270262265534
-0.0106537179127009 -0.0251159843297423 0.115891983219871 -0.0247048728392488
0.0106302617239073 -0.0341313113363109 0.136373010750688 -0.0632623950480438
0.0442229008437904 -0.0381863443532021 0.0881432679446518 -0.0240899579351734
0.0142703609077742 -0.0259980675028038 -0.00246008499914614 -0.0421385561371734
0.00495669233329441 -0.0146179266070147 -0.0721314549736928 0.00422969475173411
0.00136772879262014 -0.0196360535465744 -0.0768680107622315 0.078794722814681
-0.0177828399258485 -0.022860845856141 -0.0135238314166421 0.110808100669333
-0.0297995410153578 -0.0105883492986252 0.0449724539681574 0.0958135287828586
-0.0355688558095488 0.0012772122352793 0.0749446092822209 0.0581052890726294
-0.0449646391372894 0.0101565881539676 0.0830230145461743 0.0102566236741396
-0.0504789876553897 0.0101705246052988 0.0757289027874243 -0.0206417005502215
-0.0590259802374913 0.00199465193402135 0.0719889129683759 -0.0421062474516966
-0.0601086118301572 -0.0221461599129298 0.0812309429206388 -0.0418107346992546
-0.0392355571544315 -0.0498855515158331 0.0935648188557741 -0.0225447713088587
-0.0144311692651435 -0.0648103165279864 0.101545258827278 -0.0185848566039055
0.0174093353449872 -0.0714012117504159 0.107307714867971 -0.0209837366546753
0.0541838268967602 -0.0644909181714459 0.119431886544413 -0.0514870512709069
0.0870875116784376 -0.0453285874590943 0.0564086837005222 -0.0142735085547606
0.0538658069005561 -0.0450345402879422 -0.0186173131800614 -0.0400567489876882
0.0324763656856561 -0.0446820283003858 -0.08723293557649 0.002070670119993
0.00574665797648307 -0.0537376141054125 -0.0865458744430373 0.0737383682233453
-0.0309854515223322 -0.0502012181863541 -0.0269378226827436 0.103786232603497
-0.0516420194775533 -0.0271832977434055 0.028322227977151 0.0933187098837047
-0.0603443174311092 -0.00655326537998982 0.0552978524971094 0.0579696131399961
-0.0715181086623712 0.00558858767829218 0.0612694818446773 0.0135440024270605
-0.0770929706030106 0.00711136526673689 0.0509071712350354 -0.0171632196918028
-0.089117786747499 -0.00191463177999116 0.0450000348393523 -0.0447616351769218
-0.0931627164058007 -0.0338060106305671 0.0553412898822306 -0.0569735550491069
-0.0640794243054245 -0.0762593354121798 0.0829224378149023 -0.0418824948182091
-0.0197467206799912 -0.104911235579935 0.101152870700635 -0.0263803746790561
0.0371846438161636 -0.110166707769093 0.0989845760666445 -0.0119501098493126
0.0875155761676639 -0.0876216688112522 0.091206623282163 -0.0304509548645049
0.117962426302109 -0.0484429376162884 0.0103003892301727 -0.00265450538463958
0.0870094962092123 -0.0637799972956588 -0.0451530396249323 -0.0344971953288927
0.0534673385105344 -0.0771636510578851 -0.104718522453923 0.00106719019954701
0.00396197565640414 -0.0863762042027944 -0.0939502308143951 0.0646555751889776
-0.045224093137099 -0.0723153332461314 -0.0416960522825813 0.0894613926432408
-0.0712118778167287 -0.0385406777008758 0.00584492721908661 0.0835841657520875
-0.0784192403990135 -0.0126740804518924 0.0266616213425724 0.0538636436584231
-0.0883192174342774 0.000552454774395811 0.0301171521829974 0.0149988221507515
-0.09288059058822 0.0020463797545579 0.01845074105442 -0.0129553557731843
-0.105041113783128 -0.00763781810623131 0.012368155166104 -0.0449286438868681
-0.109777297384939 -0.0421064520453116 0.0246814955414484 -0.068352283609518
-0.0773450561389883 -0.0913512494175928 0.0679477641590341 -0.0597654143232379
-0.0205106836159898 -0.127123255411172 0.0978339676083005 -0.0297336348440862
0.0522440192543756 -0.130502995977674 0.08801701506057 0.00339978393303066
0.109007091614681 -0.0952978578259027 0.0544482482569441 -0.00446725237586272
0.128497012633742 -0.0472970688379253 -0.0429211589306691 0.0137245522824892
0.102753441935414 -0.0744484048621391 -0.0743273073777938 -0.0203595554983644
0.0621521909509331 -0.0984130673043614 -0.116271427588838 0.00448641914186086
-0.00182288035664111 -0.105328756630835 -0.0978443249061208 0.0502988747844846
-0.0553803758043023 -0.0821547781868608 -0.0597462905937979 0.0681598670501636
-0.0807144936242112 -0.0422919026548008 -0.0223013937129979 0.0689844607223621
-0.0850066901996222 -0.0145395551523536 -0.00649846208613749 0.04732954519152
-0.0910744734631616 -0.00513607623174826 -0.00491234914639611 0.0145968410359123
-0.0933741663241225 -0.00596059943156151 -0.0163501301644621 -0.0116654595560847
-0.103052622570297 -0.0153400789760207 -0.0186021472395952 -0.0469228561632244
-0.105280313188421 -0.0505066318214847 -0.00287322659371238 -0.0770700406491119
-0.069586757294222 -0.0970298388269408 0.0533190021155712 -0.072519532270555
-0.00758548861439338 -0.129698705670746 0.092155690596651 -0.0277356568497446
0.0663743610189663 -0.126222648868884 0.0736392444191316 0.0199080678404573
0.116279928019668 -0.0837373103415379 0.0131674775810557 0.0208418649478784
0.116230862816991 -0.0393209125258594 -0.0920733451454411 0.0343083923357426
0.0973897982779531 -0.0706333305078356 -0.099258985645241 0.00100090241811136
0.0565585582640398 -0.0973305531680724 -0.118527724792214 0.0105664487759781
-0.00757245765905014 -0.0998822514747587 -0.097211004089955 0.0312867038286701
-0.0543349212891069 -0.0748137015957049 -0.077975834045265 0.0451338524684262
-0.0754377866663886 -0.0376772076079014 -0.0527173764592275 0.0541489118840262
-0.0770818012430218 -0.0139888504134083 -0.0409544236037253 0.0411925291053435
-0.0790989108516497 -0.0100599433920326 -0.0389617005466662 0.0119747536106235
-0.0795014600307631 -0.0139212214459894 -0.0477195079657444 -0.0145115062784829
-0.0839532756174574 -0.0252461442547688 -0.0428161501770608 -0.0533195090555421
-0.0797044733189538 -0.0555327185732503 -0.0202637706144921 -0.0857198762548236
-0.042434711275973 -0.0917248371780239 0.0447876643203817 -0.0796440925686892
0.0160039263984161 -0.109888474042144 0.083663272448369 -0.0223836822788803
0.0770802788249204 -0.0979641974408821 0.0552215532897981 0.0320663323959173
0.108007926414957 -0.0572893835721674 -0.0284632748526987 0.0370403541393161
0.0838161161628821 -0.0219597247182947 -0.126183102868881 0.0540572390543712
0.0746720218897144 -0.0488585744910309 -0.113049635119891 0.0223841603714552
0.0408413532336769 -0.0719749175106122 -0.112008516642025 0.014913504372359
-0.00758089635794461 -0.0716365420266234 -0.0944403672548159 0.014863068368309
-0.038672408859826 -0.0527050441476114 -0.0929845596474235 0.0270921319236484
-0.0543370983536892 -0.0271985126025635 -0.0772230675666927 0.0432521015214749
-0.0556990112539732 -0.0122094803324846 -0.0693545269705157 0.0357197008719155
-0.0560861150845333 -0.0137047858139284 -0.0664227044322225 0.0076751905970739
-0.0548839718598728 -0.0185954832525801 -0.0706474773742148 -0.0215004837111873
-0.0541164485181356 -0.0295578109999715 -0.0563668889501488 -0.064483571018645
-0.0453329820985863 -0.0514912680618234 -0.0239633543441459 -0.0952897858134809
-0.0125141019941173 -0.0729731277295439 0.0437320743957338 -0.0837939669992353
0.0354227660175891 -0.0759130325570729 0.0735097479958006 -0.0179837526399744
0.0754651194904742 -0.0572061176144343 0.0339824933475052 0.0345160981723126
0.0850216632127467 -0.0237851095061355 -0.062847735001195 0.039668791186739
0.0392594724218538 0.00267950062947157 -0.140982265797456 0.0670074894313749
0.0426791157897884 -0.0155624738816634 -0.113320585422174 0.0347523485127939
0.022947245914942 -0.0315569175570974 -0.102776819962098 0.0167067979335182
-5.90808429814827E-05 -0.0309243368511404 -0.0930752339537034 0.0056393223983936
-0.0109563010919894 -0.023668274024767 -0.100206980998178 0.020469962385478
-0.0219303352529388 -0.0152922842940299 -0.0908239638892367 0.0373038274882977
-0.0247426248221757 -0.0103280964384522 -0.0853125550994778 0.0318788183351972
-0.0237313387835478 -0.0143646235268063 -0.0827217133885791 0.00242106071074067
-0.0234035820091134 -0.0175028337273466 -0.0823986306145975 -0.0318459278004649
-0.0209908068223202 -0.0238163787295652 -0.0585565119971693 -0.0770076553751352
-0.0143783340952003 -0.0360397742700608 -0.0171207383902195 -0.103680528239273
0.00587933634347589 -0.0455129342925322 0.0481503469905017 -0.0841688172183444
0.0373373036885994 -0.0393079373597752 0.065277321329152 -0.0167994724038297
0.0567310065402877 -0.0172648518010728 0.0177772362160318 0.0287320326004483
0.0468601165583809 0.0066287196387161 -0.0841639679372826 0.0318539936382541
0.0012377320167636 -0.0259702873537843 0.107286292778275 -0.0198837337052688
-0.0203681055102036 -0.00867796061879116 0.00921155092451521 -0.0490705909814259
-0.0190609360049133 0.00798920495766621 -0.0655791381715932 -0.00530514036878208
-0.00528287217575353 0.00810457789212515 -0.0797638188443038 0.0711045831107024
-0.00692718250234177 0.00272341481215617 -0.0180558104923343 0.110697025100299
-0.00701540203230532 0.00468520645359026 0.0434237813328794 0.0975903333389817
-0.00786409226622522 0.00784461886769619 0.0781242311907232 0.0638633837239709
-0.0130799364231718 0.0105935016159622 0.0919833705643452 0.020426979485492
-0.0161478012364249 0.00937413341834726 0.0921971459884522 -0.00812184911075473
-0.0208195791683026 0.00402072445891398 0.0935386883162585 -0.0222727831751092
-0.020019682708619 -0.00667079389378463 0.10023842979201 -0.00961864519538201
-0.0119941380293921 -0.0153691234259245 0.0994494175865232 0.0114935544708575
-0.0118643949036225 -0.0187963411387427 0.102136511570442 0.00597428446808841
-0.00559619544098725 -0.0276824727929229 0.11883422658685 -0.00340048215469082
0.0156792420707715 -0.0335045008319577 0.146707463604982 -0.0384300920618576
0.0483749792783433 -0.0313771515329342 0.0913866113915895 -0.00872733149253084
0.0182920720469473 -0.0235401530683766 0.00440408917719312 -0.0416004783342861
0.00763703609125129 -0.0139473321038861 -0.0723304966720842 -0.00535371590047327
0.00450164503351966 -0.019742599740319 -0.0859460433787859 0.0675120769922611
-0.0144844962317518 -0.0247743888274108 -0.0287028692616159 0.107147806745196
-0.0271730125909536 -0.0152295772776724 0.0319768126136528 0.100559211183801
-0.0348494090781969 -0.00431964079320198 0.0679217105649875 0.0676531081891781
-0.0455048254031893 0.00288589236174981 0.0805583082244373 0.0228501754515972
-0.0500223989681627 0.00190565136304232 0.0788079074591478 -0.00790462701691632
-0.0576980753797527 -0.00769468887166207 0.078283873895305 -0.0286259839296109
-0.0550090804285515 -0.0318582615455105 0.087023171902556 -0.0268382922196922
-0.0302536052739117 -0.0567357926659349 0.0974109658922883 -0.00487676974048508
-0.00254054747339613 -0.0675385004711564 0.102793054355897 -0.000642649726793337
0.0295231851907044 -0.0682520399731004 0.108127430476725 -0.00229149341205247
0.0642421997326192 -0.0561372540136821 0.128367898770514 -0.0304126606027055
0.0912040277678168 -0.0330791697536389 0.0580527854071455 -0.000355428411537804
0.0597129574854752 -0.0359444891629043 -0.0118084571606312 -0.0400160973617293
0.0386047109619227 -0.0390220662425019 -0.0863006837911303 -0.00836945472321103
0.0139590516380372 -0.0513135771193481 -0.0933447793067275 0.0624941246223457
-0.0223046633775445 -0.053175403645431 -0.0394138584793868 0.0997352529614254
-0.0463941525103551 -0.0347471588551186 0.0170539008702366 0.095377101401427
-0.0587133404816717 -0.0163066882696603 0.0488213379957822 0.0645720746491802
-0.0719375413371393 -0.00564369834961241 0.0584232019400922 0.0225261494995771
-0.0763104041654093 -0.00512025173524025 0.053833326857711 -0.00777482252296638
-0.0867294695314567 -0.0161745963552442 0.0518728410876611 -0.0346715437314313
-0.0852557681260064 -0.0483067325303275 0.0640838245499387 -0.0451509372040317
-0.0507527360185325 -0.0861054087594403 0.0901230467496658 -0.0259770426479819
-0.00196712925898062 -0.107273162587745 0.103110409544469 -0.00804184795026896
0.0545947172394306 -0.102980087641803 0.097233294098883 0.00544141163065961
0.100992164752809 -0.0725099369177399 0.0958221266221423 -0.015201002135431
0.12197480390962 -0.0318176616450972 0.01065559560932 0.00640672049794208
0.0950194000943279 -0.0490561268954685 -0.0383928742343048 -0.0372124163707896
0.0646690237741775 -0.0672904019505973 -0.102206697702964 -0.00895108602452192
0.0173737415838942 -0.0835134970247103 -0.0993333152696944 0.0539650881543575
-0.0324211834776202 -0.0773951431183102 -0.051106052234463 0.0843000662530334
-0.0630927622691246 -0.0485663135809337 -0.00249362455717121 0.0828102816102548
-0.0752708375722543 -0.0244451562201429 0.0215099428345029 0.0580766384808814
-0.0870876988281558 -0.0132815150871779 0.0275411184213079 0.0193909520430028
-0.0906351392278521 -0.0125233165754195 0.0207402263507928 -0.00952727652908836
-0.101502092910509 -0.0233897231655782 0.0199844950891939 -0.0401252661369212
-0.101358670946099 -0.0581826788027511 0.035099697827298 -0.0604162607809387
-0.0608730276642365 -0.103310778072671 0.0775426514794844 -0.0457575717106238
0.00081849604192214 -0.129250966045116 0.10005488649617 -0.01204178622802
0.0732075694210691 -0.119749766161462 0.0832500193543041 0.0178155840138132
0.123214684530645 -0.0758059960056777 0.0542710615486951 0.00428868065024806
0.132649452034831 -0.0293707301029611 -0.0459370225800384 0.0167073305768257
0.112461688331021 -0.0574148171062503 -0.0704071576401965 -0.0260327280659723
0.0767680002056006 -0.0868693133478774 -0.113743694941401 -0.00635545180843974
0.0152968484586138 -0.103287629881716 -0.100611713526095 0.0394669689671207
-0.0404518035650672 -0.0886563806939872 -0.0652693080722063 0.0610848958351255
-0.0717555400933581 -0.0534528740511854 -0.0279580464592542 0.0643102835198722
-0.0812752093346395 -0.0272827228897241 -0.0111633025247375 0.0466399382739863
-0.088321387789548 -0.0193097769960791 -0.00744262404031139 0.0132472347331834
-0.0900596959666657 -0.0203017154869844 -0.0138610260776623 -0.013196482095413
-0.0986221085549903 -0.0303055762412837 -0.0104364798253236 -0.0470284524759782
-0.0950780944334797 -0.064885954250196 0.0090981715525687 -0.0732845317816262
-0.0525054231849725 -0.106792422909057 0.0651633667967251 -0.0600444035867583
0.0136205106944683 -0.128620865965078 0.0944382002743225 -0.0109647370552517
0.0859273442781752 -0.112766124826072 0.0667711649141864 0.0307818826684642
0.129143425171497 -0.0627172450482286 0.00769650586247914 0.0223613758245296
0.119542856925363 -0.0228075300032818 -0.0972871870973501 0.0291337926213855
0.106531723031318 -0.0544316796258947 -0.0983547891738158 -0.00895330691028566
0.0708718876703381 -0.086757638198052 -0.116443856758156 -0.000789417843442586
0.00879381542285099 -0.0991123007548879 -0.0974961743501688 0.0212089567427913
-0.0404955509995684 -0.08181078826436 -0.0798713706442451 0.0358898694027749
-0.0666475159520029 -0.0475609929687095 -0.0558614529739488 0.0452599235173266
-0.0741920138860724 -0.0254224636702552 -0.0442513236689939 0.036031943540693
-0.0771026745474016 -0.0221217566585753 -0.0405234099284785 0.00621058275052442
-0.0759869992323593 -0.0254521199795452 -0.0444256682929937 -0.0208668720445161
-0.0792374289112528 -0.0370240137583594 -0.0335146969335155 -0.0568329973530598
-0.0697900757637093 -0.065646477895652 -0.00697842628893778 -0.0852829893174424
-0.027794478117037 -0.0971486216720332 0.0576809806699167 -0.0697082018378075
0.0334346649108516 -0.106001945049252 0.0851530409757591 -0.00739275301237245
0.0916648430356801 -0.0825101736638399 0.0466272935501288 0.0396270472195433
0.116672720569742 -0.037297125199564 -0.0359055329807431 0.0313715042879752
0.0854015313657066 -0.0102846414440575 -0.134531440426288 0.0416205744523289
0.0806932846064128 -0.0372090649952512 -0.115816617183749 0.0089040858315584
0.0518011477174385 -0.0643203286513255 -0.111325137853386 0.00315720620301677
0.00462516727412376 -0.0712109579142132 -0.092882784482218 0.00486001559438993
-0.0289273311237355 -0.0574806935391788 -0.0927668522247391 0.0159724512339374
-0.0482450070103714 -0.0341559788852684 -0.0800940741826031 0.0308959172543059
-0.053101256132322 -0.0195062656913941 -0.072583459717745 0.0269174596941916
-0.0532132838872207 -0.0215966098736225 -0.0671279970641284 -0.00206954845323768
-0.0509744438287632 -0.0262084030882683 -0.0668264257576734 -0.0312900683840037
-0.0490207859436434 -0.0369814769356219 -0.0452628685322331 -0.0705784512618889
-0.0370260872921292 -0.0574365698809701 -0.00889685478121135 -0.0964702087235114
-0.00111819446687997 -0.074236496231805 0.0567759741371252 -0.0744156393440459
0.0473291522025577 -0.0699100415857184 0.0753859135782069 -0.00557190133725927
0.0830505603947895 -0.0430713870209702 0.0258859366564421 0.0380646335877363
0.0869723538763875 -0.00789345507583482 -0.0702720578981785 0.0290210938994957
0.0381518424560245 0.0079190734323385 -0.150874880394978 0.0487380300322522
0.0441824006832414 -0.00871939984569963 -0.118826106250927 0.0192383752893746
0.027808192916212 -0.0270192749644015 -0.103892421671362 0.00318870734415841
0.00502538227367357 -0.0304825125684749 -0.091478294107941 -0.00601649774860856
-0.00656092252382434 -0.0254967609455109 -0.100142212698946 0.00636916848899437
-0.0181146362144515 -0.0174854907245434 -0.0945599853195923 0.0235995320486652
-0.0231284247349262 -0.0126870896019357 -0.0887454096415738 0.0215992013540104
-0.0214466334563154 -0.0181887102038441 -0.0820810119457424 -0.00948079335616727
-0.020387911896443 -0.0201481834847901 -0.0762486825494804 -0.0431759700879323
-0.0175702531661535 -0.026425260943544 -0.045922169302986 -0.0840486989900222
-0.00928097798237171 -0.0379068629021885 -0.000775562980795084 -0.103787065716187
0.0117997939782279 -0.0441243265062437 0.060873779834918 -0.0747082367016257
0.0438060153682998 -0.0327182729882604 0.0673891016503972 -0.00567271093110982
0.058135721080485 -0.00733750323526782 0.0118355834346555 0.0296425035097636
0.0452795845879607 0.0160418943951759 -0.0893275595369308 0.0177392637042462
0.000580696310752563 -0.0268422356555753 0.109875426391601 -0.0216504066844459
-0.0206333067756728 -0.00973579038949963 0.00953929764042746 -0.0512172129021407
-0.0194295547761262 0.00768987022794909 -0.0673156473251548 -0.00621663991761256
-0.00566586305602243 0.00789171502046919 -0.0819345357345219 0.0732115612850116
-0.00738054964013687 0.00298049734000347 -0.019154421139687 0.113325939415439
-0.00711936901784169 0.00459427475542382 0.0443579000679961 0.098613448564005
-0.00789377467040918 0.00791435781726562 0.0805020063157318 0.0639793199375759
-0.0136716703862711 0.010616231741326 0.0947984730814877 0.0199269756859317
-0.0167198086754145 0.0099228965566369 0.0951615788338999 -0.00920919836364047
-0.0216358611763807 0.00475574306536593 0.0968275087217494 -0.0225815543282354
-0.0204321767095971 -0.00628059477745829 0.103123358046071 -0.00978476964305414
-0.0127542401335859 -0.0155544161737542 0.103380473323074 0.0118476276286429
-0.0119737397309448 -0.0189418880384613 0.104518352216133 0.00646942958050718
-0.00572859137186036 -0.0283182083333718 0.121761152067702 -0.00335222755928194
0.0169167690917905 -0.0348041352561418 0.151346192404401 -0.0387009287488762
0.0487603224712745 -0.0322930139053079 0.0944795611486383 -0.0103039027402454
0.0185069170904269 -0.02388006963057 0.00493027427529887 -0.0439698779959562
0.00791356133412893 -0.0142061924422228 -0.074095439678142 -0.00665648688487645
0.00432595582778741 -0.020255076127548 -0.087948535077696 0.0687444035618413
-0.0147375564562925 -0.0247877290727169 -0.0300544429911674 0.109622548663812
-0.0277698444198777 -0.0154671713380898 0.0324026540801649 0.101534468934636
-0.0359076719548626 -0.00399188377229547 0.0695909241604385 0.0682400820197495
-0.0468247734381504 0.00330487742031525 0.0831926426696184 0.0225278230813424
-0.0518510316883603 0.00264166452532656 0.0815691727139642 -0.00858642675390227
-0.0591708168031262 -0.00682091920672241 0.0808589398114941 -0.0290625211472763
-0.0569179451557332 -0.0327264840471664 0.089513314668043 -0.0262957357650162
-0.0313450283337665 -0.0578712779985735 0.101064721471293 -0.00502150330187161
-0.00302661986831892 -0.0690524957915693 0.105446080241855 -0.000150578563630848
0.0301826711852379 -0.069838946178804 0.111229358165794 -0.00144993944148323
0.0666792377588795 -0.0582440614963596 0.132032636959084 -0.030653534835653
0.0927030518918109 -0.0333960912183047 0.060018104293649 -0.00214783139419415
0.0607242459219444 -0.0369435072856124 -0.0108309743391671 -0.042567609177216
0.0397101381790775 -0.04046392496276 -0.0884524543243595 -0.00921053704897141
0.0143286577358119 -0.0524747241881535 -0.0962784062475015 0.0638347246145275
-0.0235466451309781 -0.0536963760325311 -0.0404996555797423 0.101155930127576
-0.0474234675624373 -0.034868232665968 0.0176077350737074 0.0962238543224943
-0.0599388249031988 -0.0159095799709108 0.0500169936604595 0.0657861365736958
-0.0737577470014739 -0.00524251107617374 0.0603421205252562 0.022394885540037
-0.0786734333264257 -0.00482651775306166 0.0554949902813686 -0.00888254333182945
-0.0896043338726551 -0.0153170161757554 0.0541646829504406 -0.0355082572965769
-0.0877829440257921 -0.0486352138958302 0.0658813422118586 -0.0455736567549087
-0.0527129704202562 -0.0885777118885912 0.0932084520586889 -0.0267034381905069
-0.00183922409959433 -0.109625703731572 0.10665480303892 -0.00820748163852685
0.0563691290321357 -0.105022661703099 0.100252200150655 0.00530053075086544
0.104471614621115 -0.0753445455588964 0.0987639214574639 -0.016162681009551
0.124393402158206 -0.032782526235571 0.0101588006822798 0.00550839427776079
0.0970206709297778 -0.0505741932904047 -0.0382492179848543 -0.0394616152178958
0.0665979990880322 -0.0687304573337341 -0.105566548755441 -0.0105540730212739
0.0177161601793269 -0.0856296035160552 -0.102069174521003 0.0548960589129787
-0.0333138630273969 -0.0786455267482589 -0.0528198901270378 0.0859780851275821
-0.0644441284218369 -0.048651488607825 -0.00245182139033803 0.0838653247173121
-0.0773695497246209 -0.0242956869235525 0.0223271173592832 0.0587767444250554
-0.0897027104253391 -0.0125769870965917 0.0289819866622809 0.0196114153317894
-0.0933589122593817 -0.0119128481696009 0.021476163694453 -0.00945108064932932
-0.104710191898633 -0.0220881555043037 0.0210251782706187 -0.041630181357968
-0.103949015930569 -0.0588791112828422 0.0360848186813978 -0.0608585545133975
-0.0633869443983397 -0.105285660417217 0.0804416745910636 -0.0464728718136986
0.00027923864029093 -0.132180436344453 0.104062021321986 -0.0125285581624585
0.0743052201734275 -0.122733694573276 0.0864584281780955 0.0185513428408215
0.127267866422345 -0.0786177993449178 0.055925193653248 0.00367326043677707
0.135157351625575 -0.0301926239953061 -0.0465223538694812 0.0158827271319945
0.114335265658821 -0.0591935435435328 -0.0718251060476585 -0.0285157683793896
0.0789743725152682 -0.0885392359374413 -0.117060932260659 -0.00808618091036904
0.0153150866151234 -0.105107870166839 -0.103566579028255 0.0397637990121839
-0.0421939846312265 -0.0904739701142551 -0.0663939462161659 0.0620857912962916
-0.0731540708199414 -0.0536547011982232 -0.0284785912899778 0.0652469774628186
-0.0833478567126382 -0.0268453710552003 -0.0108086419209167 0.0478759106589176
-0.0914325952103948 -0.0187679070880534 -0.00690347900004992 0.0141666238745574
-0.0932704260447209 -0.0194621205797096 -0.013880123536589 -0.0128494659726057
-0.101459751546864 -0.0296815271386801 -0.0107173328762401 -0.0477370249824151
-0.0975638081191706 -0.0652949386250171 0.00906691622627361 -0.0736720895132686
-0.054396699707101 -0.109006370310026 0.0673893381362231 -0.0618903981682332
0.0134934464552318 -0.131652700841251 0.0980183328368374 -0.0117565603982771
0.0870109941547078 -0.11548930364961 0.0689464691496266 0.031859615654161
0.132651787980386 -0.0647616493596764 0.00838495591277248 0.0222787473028612
0.122085551963031 -0.023484043782471 -0.0996034285723979 0.0296806545578809
0.108730265593345 -0.0553579219540877 -0.100194499471602 -0.0105709601090788
0.0727686760894382 -0.0887683474408695 -0.119279934917595 -0.00177993322890822
0.00843261293836899 -0.101254359991004 -0.100310160751869 0.0212419514393213
-0.0423158686961998 -0.0830213540760028 -0.0815408198107792 0.0369798273821476
-0.0682519328427585 -0.0472538128400162 -0.0569016719332143 0.0463248415294226
-0.0760333796237121 -0.0244087070676863 -0.0451296541613628 0.0377115950271446
-0.0791761996999201 -0.0225359173620582 -0.041702678454745 0.00635779961591705
-0.0775591413350831 -0.0251528465442584 -0.0459116066223985 -0.0207339805611436
-0.0811303392453183 -0.0369630090381832 -0.0342506714390243 -0.0582875661539237
-0.0717623009200748 -0.0667055668579908 -0.00708908772884432 -0.0859356663395558
-0.0287496796772502 -0.0992173570145446 0.0597972553758154 -0.0712809464508355
0.0345115678508813 -0.108560045579715 0.0886701528585742 -0.00899773131621684
0.0935355269480819 -0.0844687899935787 0.0477193266931137 0.0399719710947429
0.119456560805923 -0.0384667586685861 -0.0363470383236793 0.0321330401462914
0.087496559371738 -0.011293065848285 -0.138518313642862 0.0423353843309102
0.0823663041600506 -0.037996266729044 -0.118463874718482 0.00801662393643092
0.0532710299958677 -0.0655233145870885 -0.113500197715828 0.00256528718864848
0.00434481413791028 -0.0730180503919438 -0.0960095733216858 0.00378474065269294
-0.0302629995313831 -0.0585244991600243 -0.0944803477199057 0.0160478825021999
-0.0488682395105374 -0.0342242757363874 -0.0819221914175762 0.0321562187605702
-0.0544835441561805 -0.0192418336864716 -0.0743701489438276 0.0288755074763563
-0.0554778867015556 -0.0223292106698577 -0.0687632532576759 -0.000423297985526553
-0.0518446298030343 -0.0264973127091115 -0.0681870470760488 -0.0314204936655818
-0.0506925784467648 -0.0373138490063386 -0.0467643110895978 -0.0720754781733658
-0.0380879057789076 -0.0574501654246125 -0.00915916737659533 -0.09780460291282
-0.00196110279010165 -0.0757919259371037 0.0589861307904235 -0.075932532042412
0.0485997788985148 -0.0710354779787498 0.0785435494469631 -0.00574722143720694
0.0853018030136979 -0.0441329562581977 0.0269849764195298 0.0386870694332148
0.089922506605137 -0.00726412952979302 -0.0720174549836761 0.0295647146716806
0.0394781817536622 0.00785417705229293 -0.155874757009643 0.0496915413442365
0.044892239853856 -0.00950129496490092 -0.122291255369386 0.0190315308844813
0.0289218125715578 -0.0277502577905105 -0.106275434364108 0.0026131336309657
0.00474788040563991 -0.0308567918701569 -0.0944641790120969 -0.00720725648270563
-0.00755281106979456 -0.0260613735542576 -0.103108874690601 0.00684600587504679
-0.018065634968875 -0.0173150046915168 -0.0968027783103822 0.0243421463718776
-0.0237850778970109 -0.0127680454156291 -0.0909941545672492 0.022925885087954
-0.0226697028680008 -0.0189359840424314 -0.084635893482348 -0.00902202168170229
-0.0208870352152997 -0.0207252484837627 -0.0782712102125119 -0.0433358430343982
-0.0182009379988696 -0.026978239025936 -0.0467436955597703 -0.0859480413765227
-0.0100398571900744 -0.0386429007806318 -0.000862064905405119 -0.105116996457906
0.0119030208886121 -0.0450681709391892 0.062894307276611 -0.0764770646055416
0.0454559900146243 -0.0337836278038088 0.0701215318123172 -0.00572925739381806
0.0602740249687689 -0.00708111033724784 0.0122401757687602 0.0305021415327295
0.0458760243923397 0.0165769944344803 -0.0920765925296018 0.018337998659526
-0.000757405440489688 -0.0275281002036631 0.112488364493336 -0.0282905159475293
-0.0220895012734778 -0.00924792338428106 0.00749015953747541 -0.0537680341174676
-0.0197356086344457 0.00791679290102593 -0.0701269793218491 -0.00452975150969926
-0.00553480142811329 0.00873282904492181 -0.0826239429674696 0.078043409128961
-0.00788710883653359 0.00379704041224668 -0.0159135302643074 0.116765814535184
-0.00747670293557013 0.00494480532425881 0.0491126435420192 0.0986895873432222
-0.00768666358471835 0.00863762926682301 0.0858102464785254 0.061985009274516
-0.0137880542209831 0.0113749685508002 0.0990399595489692 0.0153901912929123
-0.0169125045108256 0.0112768578635852 0.099044173460298 -0.0135588744017951
-0.0213570048878179 0.00653784893220498 0.0992360892438103 -0.0269986907613559
-0.0217894817580197 -0.00647602067370365 0.106466619357981 -0.0138152204415454
-0.013612463545285 -0.0155475033651524 0.10720334850667 0.00858564891262676
-0.013350346490466 -0.0195185036556377 0.107519245246562 0.00308747573447399
-0.00653063723971385 -0.0285935649539476 0.125409026460569 -0.0060838956678445
0.0155268676593513 -0.036965763431713 0.155196164531956 -0.0459875586780469
0.0485548524008564 -0.0350786425103346 0.0965591965031198 -0.0154733242631198
0.0177335124709215 -0.0256111061565505 0.0033249206599351 -0.0466431529012604
0.00736304878620816 -0.0148230945515665 -0.0766636752720698 -0.00417093013931439
0.00351478373625686 -0.0200966668220706 -0.0884760427549511 0.0740325577713094
-0.0166859756341374 -0.024771689887916 -0.0274882207180827 0.113556798256997
-0.0296506293381236 -0.0147130026420041 0.0373822026422481 0.101692455451501
-0.0369389803386792 -0.00317896168780935 0.074174872220273 0.0664595108264194
-0.0480371104702737 0.00546022824784041 0.0874777031435944 0.0191698303223457
-0.0533233460457866 0.00511313714372102 0.084348931861594 -0.0129515445949246
-0.0617317733124958 -0.00418250219629422 0.0827081257843113 -0.0332225641807813
-0.0599045264803223 -0.0311872195127283 0.0914819174227795 -0.0305501599707258
-0.0349727708000049 -0.0584581683892149 0.104528357681294 -0.00856061317843509
-0.00521534385938618 -0.0710884178151184 0.109414432686859 -0.00400899143959488
0.0289118350316312 -0.0729600439384046 0.115205388591591 -0.00534555820274538
0.0666184259817802 -0.0634649902571964 0.134823335369132 -0.037308688491163
0.0932178492134041 -0.03794090729541 0.0618095912719615 -0.00604017094044646
0.0609475184388865 -0.0403867636301859 -0.0126206970261127 -0.0456010543651206
0.0395573625563634 -0.0420289093913288 -0.0922613292844243 -0.00664533900546343
0.0120895963136554 -0.0543906466920964 -0.0968334525045048 0.0681816945662591
-0.0264224824051373 -0.053821467888406 -0.0385428579377922 0.105078822501445
-0.0499802235315713 -0.033449717651487 0.0218451164955923 0.0975731149990823
-0.0615834427355681 -0.0141758872487672 0.0547007702709868 0.0645367189079898
-0.0762777215026863 -0.00176278886511064 0.0638191333049837 0.0201640443425859
-0.0810984703018208 -0.000996058127793162 0.057806122308218 -0.0116311381689182
-0.0930388409530287 -0.0110341234890968 0.0550251335483178 -0.0394643061096717
-0.0926691758303804 -0.0463684736382546 0.0662127761084982 -0.0480929653526753
-0.0577828788315148 -0.088766819473602 0.095913575540799 -0.0302276085686826
-0.00642537571060017 -0.113060738280727 0.109869652978601 -0.0128918446677998
0.0540145677994731 -0.109984706278504 0.103601735948435 0.00195735391961348
0.105524113044702 -0.0822456168221639 0.100364733513329 -0.0209222797389842
0.125952989627141 -0.0380654402119866 0.0115522762218798 0.00403344813729073
0.0975091226878861 -0.0556414023248353 -0.0403305048653648 -0.0421680064815058
0.0660873292941471 -0.0731167939885048 -0.10911681575839 -0.00837480760943944
0.0147000120350122 -0.0886293832626473 -0.103167187372409 0.0601508351290559
-0.0381758107823625 -0.0786737624778704 -0.0511047029226798 0.0898116805881537
-0.0676118052469295 -0.0467562844980977 0.000201614336686217 0.0851435827276922
-0.0798400752899078 -0.0209322283335195 0.025153717907857 0.0582394252687495
-0.0928979443848464 -0.00895047554758427 0.0307335873040426 0.0189314532556058
-0.096229013320033 -0.00786614215897083 0.0228813216374172 -0.0112758768960516
-0.108774920903598 -0.0170622908790413 0.021220828504598 -0.043143376674626
-0.109456375528763 -0.0550908249834558 0.0349428551219732 -0.0626959320803059
-0.0695040590469994 -0.104929832749877 0.0813260875882188 -0.0508037765301846
-0.00439641170402999 -0.135922591266919 0.107772641669363 -0.0177262512840913
0.0715797896728531 -0.128898963297602 0.0897712393277891 0.0153499597152729
0.128704931231766 -0.0866603670765458 0.0575623539692752 0.00134077059207379
0.137494894724344 -0.0356190747210061 -0.0468446661723756 0.0172244957889259
0.115581763391533 -0.0650302263598042 -0.0735837824031216 -0.0289678176462276
0.0779411467924103 -0.0943232405517965 -0.120815842466905 -0.00379138246692127
0.0109643016557534 -0.108901913256875 -0.105689638340151 0.044219223808391
-0.0477115562084049 -0.0906597528471299 -0.066857622466563 0.0668020057155806
-0.0766565118519818 -0.0512828827425275 -0.0265074741848091 0.0676155773071045
-0.0861788585928323 -0.0236695234846285 -0.00943722314064173 0.0490299653308064
-0.0951296596066157 -0.015241087631047 -0.00674664627652443 0.015018079117367
-0.096266755130918 -0.0161449390047977 -0.0146144863087628 -0.0127072610837317
-0.10580257800464 -0.0251008254208862 -0.0119763742699701 -0.0484536167689438
-0.103341313001635 -0.0621266124393854 0.00630097505797095 -0.0750492823111001
-0.0610348920926926 -0.10935918792607 0.0682866179406031 -0.0661131069496615
0.00941381290024255 -0.13596296617106 0.101615549105713 -0.0171013639077714
0.0855363849133361 -0.121714796141568 0.073065166777988 0.0293899302985411
0.134461292205779 -0.0729713104136856 0.0091206655366282 0.0223773404788715
0.12453208135702 -0.0294744636729454 -0.101558049334667 0.0341790212283624
0.10959061818036 -0.0616823386359621 -0.103386381762355 -0.00889914558901751
0.0720863670797351 -0.0931809679546712 -0.12256791615726 0.00168713325847509
0.00436962107381976 -0.10377306143784 -0.102297052824217 0.0245129427907673
-0.0473098368984145 -0.0837780990195638 -0.0828923076041397 0.0402419044320879
-0.0717993047785363 -0.0451456384918473 -0.0570214642729863 0.0496250012718383
-0.0787079726562471 -0.0218974702254235 -0.0448899673521631 0.0408834013247209
-0.0829304227952235 -0.0188200556288849 -0.0424930733984844 0.00968977531227041
-0.0813047699992173 -0.0222768626251876 -0.0470517987447591 -0.018849637238408
-0.084671370299454 -0.0330328974932952 -0.0372076679501687 -0.0578316454342644
-0.0766576550222952 -0.0642092592560701 -0.0104861742784487 -0.0872049694275605
-0.0341180289182468 -0.100174160016669 0.0597202867052388 -0.075399316247349
0.0319144455436899 -0.112170800479333 0.0926573110809252 -0.0131965151829094
0.0927486746890926 -0.090431202324245 0.0509965082207181 0.0388470512499644
0.121908501836528 -0.0449630948823051 -0.0369409768238499 0.0335841552555112
0.089160781180007 -0.0148788772800095 -0.140520487480395 0.0479829260765955
0.0834229398012328 -0.0423851455917209 -0.121185665464845 0.0120466330024751
0.0527519412150338 -0.0693384281112861 -0.117812894528839 0.00603635458042738
0.00126526809395492 -0.0749835147467733 -0.0992839024058562 0.00614765241624531
-0.0336862482626027 -0.0589057147488237 -0.0968293170090423 0.019889011000076
-0.0509136136716265 -0.032045897558939 -0.0832691517918454 0.0360822757284526
-0.0569669620326699 -0.017490661776853 -0.0743312991222753 0.0328221562897557
-0.0578653264270753 -0.0205707812248702 -0.0715438355624704 0.00252030478724214
-0.055035187721267 -0.0248236518564954 -0.0707657097788415 -0.0282294267448383
-0.0533471901269698 -0.0350636588663753 -0.0506826872649012 -0.0715125463783976
-0.0417166182711348 -0.0568205796055498 -0.0130366719152591 -0.0987570732589188
-0.00509339782651114 -0.0776424226488284 0.0578945434103351 -0.0800127835681157
0.0473029326052838 -0.0748237392608269 0.0820406599263662 -0.00924722631626161
0.085095273762669 -0.0479901304442844 0.029267878375172 0.0381684804207987
0.0923081859643011 -0.0115147628154892 -0.0723771092921212 0.0334044922920638
0.040124371775236 0.00675925081847694 -0.158277884203702 0.0575930509188818
0.0455191467206567 -0.0117911187091566 -0.125682643921752 0.0239079980057218
0.0290401994548521 -0.0287142434316721 -0.110168618136268 0.00650188764677966
0.0036951328985072 -0.0318705221161343 -0.0975669256610284 -0.0035682856939353
-0.00877442358876706 -0.0267906328011904 -0.1059833796894 0.0110448003048092
-0.0188224565557941 -0.0163274190841049 -0.0991345371677424 0.0297219404445912
-0.0244553690585498 -0.0115163607429766 -0.0925987442963012 0.028411972038002
-0.0239034788603012 -0.0186448600390428 -0.0876895724043359 -0.00404816920861119
-0.022177134556266 -0.0203960296258205 -0.0818094732632191 -0.0405502446036852
-0.0202518604431712 -0.0271964530185871 -0.0518617911535508 -0.0853178998303029
-0.0111603451408321 -0.0378692849928344 -0.00511585973223961 -0.107271529109043
0.0104398472299945 -0.0466055196980811 0.0623340461216562 -0.0801392516103005
0.045879618942668 -0.036529557521119 0.0730699705632093 -0.00791189851424335
0.0609714229270793 -0.00877821419821233 0.0141884522883328 0.030642407390337
0.0480522827488503 0.0154331616639986 -0.0934196490877122 0.023039446243113
-0.00235481255142001 -0.027184986484615 0.109613129571894 -0.0363440638989699
-0.0225943344800667 -0.00790396632065939 0.00353248969191506 -0.0551119701884924
-0.0197741252286642 0.009259087258894 -0.0710484488916331 -0.00143307250517889
-0.005159530313305 0.00874407510381287 -0.0775475770359185 0.0826086097978035
-0.00795267044164152 0.00473090994261248 -0.00917544053606255 0.11718023721835
-0.00732657886311527 0.0054293346171224 0.0535708103174986 0.094578840591127
-0.00738244323396066 0.00897873051749049 0.0888668928373389 0.0549726093034148
-0.0126307157495608 0.0124433483316341 0.100337980174371 0.00772910360638282
-0.015819258353337 0.0125134673473589 0.0977848709273931 -0.0208691917286109
-0.0214786880958364 0.0078430954365031 0.0979049932526593 -0.0335176087896942
-0.0225346075714005 -0.00505982423953141 0.105867439256129 -0.0205616534439679
-0.0148144558158398 -0.0150698267791985 0.108398639090978 0.0020105703023399
-0.0144258400159146 -0.0184862978510932 0.107760943193855 -0.00254263757848216
-0.00802071811317182 -0.0284642986865562 0.125193638628558 -0.0128721230820326
0.0136708930505181 -0.0377851765847202 0.152685940329409 -0.0542348633834059
0.0455110742232209 -0.0377619207106332 0.0952418162478269 -0.0232679025674233
0.0156276154554521 -0.0264914300436902 0.000550457713848783 -0.0482856631899613
0.00669987440988229 -0.0153345466186279 -0.0775278500746802 -0.0003200185535503
0.00230862389870761 -0.0207268175020468 -0.0842862296689878 0.0785102876508834
-0.0183570312561324 -0.0229436596827946 -0.0210639948437915 0.114657418236463
-0.0304805543635026 -0.0121929250486197 0.0427989389554596 0.0980604103431294
-0.0369119882303489 -0.000915729402908172 0.0777814519856161 0.0603512250022402
-0.0482479548319613 0.00852784414067387 0.088642368173755 0.0122905828442779
-0.0530350948584437 0.00898653559334008 0.0836784194553941 -0.0189156219121514
-0.0617020929856714 -1.89619974030691E-05 0.0810195348281648 -0.0383931393769525
-0.062503541198524 -0.0265394524141606 0.0899453244435963 -0.0358267352959775
-0.0387534501413832 -0.0560097763158909 0.104126268867592 -0.0149279208824139
-0.00934970911521863 -0.070472568939541 0.108836846390011 -0.0109672873895325
0.0248567821762263 -0.07489524096994 0.114995211204315 -0.0121092118966138
0.0629289755316055 -0.0680167941588193 0.132797857510073 -0.0461277465632845
0.0902814516377543 -0.0429705834959997 0.0609370637421043 -0.0109423906633341
0.0578425980121344 -0.0439556952975428 -0.015449248739529 -0.0468890491079581
0.0366689081649372 -0.0447683506225145 -0.0926926543878672 -0.00226858352755724
0.00883158436571273 -0.0549485974592471 -0.0931965297491406 0.0739861049472632
-0.0297494567920273 -0.0513851775004507 -0.0323773908599297 0.107609494724641
-0.0518672233871996 -0.0296601733516553 0.0269205043468142 0.0949595941862642
-0.0631096815138349 -0.0100042739416304 0.0578580610827096 0.0602101545890338
-0.0765566888335077 0.00362595579993995 0.0653997060118547 0.0152824514941828
-0.0815261567240003 0.00491258775985567 0.0571710866462191 -0.0161571965697289
-0.0930977384156547 -0.00348429642006506 0.0525666113710203 -0.0428295950111056
-0.096180529269699 -0.0393339526930273 0.0636638489375185 -0.0515508863951721
-0.0632624401566431 -0.0850266111144161 0.0944031335621024 -0.035820592417914
-0.0132368630618774 -0.112344236790226 0.108923228217742 -0.0200651776085145
0.0469726214156079 -0.113404971753406 0.103808247641651 -0.004187823416248
0.100693337717973 -0.0893320416269257 0.0990281727255738 -0.0275570663623188
0.122948692442548 -0.0456019420145455 0.0114876036319441 0.00201131718138168
0.0931927561352515 -0.0613382953712641 -0.0430114550453338 -0.0410147695198264
0.0617728945015795 -0.0771508113428977 -0.109894480444589 -0.0011852179195195
0.00861025502493309 -0.089063581286823 -0.0997407110096229 0.0654183326840858
-0.0434461311125945 -0.0756416450668078 -0.0459002854963661 0.0927991032710987
-0.069853932544118 -0.0420799813223493 0.00562556055249403 0.0843710904542247
-0.0805285651460555 -0.0156209541834885 0.0289476424696345 0.0556243844974897
-0.0935707349790139 -0.00205593949734131 0.032306373011763 0.0160612548557973
-0.097045932155843 -0.000787763526838149 0.0223593430679229 -0.0126205478178419
-0.109543612367956 -0.00871699265695541 0.0191180539137771 -0.0445396565660221
-0.11285709470853 -0.0469885065376892 0.0320788215595229 -0.0640290503303783
-0.0766223715542782 -0.100059534427505 0.0795434661914786 -0.0555646784976337
-0.0128642160948927 -0.135339413404834 0.106643657076068 -0.0254287910987463
0.0634674568239838 -0.132884897570549 0.0906326044900412 0.00961478045234448
0.123835469345029 -0.095078148688627 0.0567506644712205 -0.00264123630133721
0.13463829245253 -0.04387366511456 -0.0455372455503627 0.0189481602656344
0.11004624171826 -0.0725105739603744 -0.0748173479663451 -0.0259733958865232
0.0724119274716615 -0.0988199800296024 -0.121434257525113 0.00300789757005472
0.00356421718858703 -0.109251136605713 -0.102849072217177 0.0502078023942478
-0.0536804725197622 -0.0863902005257768 -0.0629977342620283 0.0692081500800973
-0.079238153304606 -0.045657165218275 -0.0223781004708109 0.0685571738139139
-0.0874123560172733 -0.017471797047591 -0.00595526934042283 0.0496181883995805
-0.0960645336503322 -0.00821787108409064 -0.00554247175213213 0.0156464065997274
-0.096863063832085 -0.00883036741337161 -0.0151357915386164 -0.0117891015810912
-0.106854768050676 -0.0168244048423992 -0.0144039829763028 -0.0474538387420847
-0.1066485592636 -0.0539823742918168 0.00289893148963408 -0.0738505321543936
-0.0676477484376655 -0.104156108994295 0.0642689476412256 -0.069647333843334
0.000740886085090464 -0.136058933856651 0.100872306207336 -0.0244528405585305
0.0773600004210337 -0.12696656522074 0.0742033450650976 0.0244095768464861
0.129690116800691 -0.0817464686034233 0.00954452612866733 0.0208698564692266
0.121636595527235 -0.0361082196412008 -0.0989331310876349 0.038561081063672
0.105166906856833 -0.0685031318898463 -0.10278133378593 -0.00433803860647279
0.0664260495071725 -0.0979786892751281 -0.122789129081001 0.00888849965250992
-0.00252584068425569 -0.103426683103532 -0.101313778362767 0.0301968104178306
-0.0525439254125021 -0.079512645690057 -0.0808503521919921 0.0447812177509528
-0.0733655099534191 -0.0401926801590599 -0.0539662891688874 0.0529076217549104
-0.0790560044981351 -0.0153352065988241 -0.0420660751043601 0.0434634070448325
-0.0839791243610353 -0.0129274779404359 -0.0411806460776126 0.0128174023960934
-0.0827152732286513 -0.0167109153936516 -0.0481613045004394 -0.0151739575336248
-0.086932311488495 -0.0269421250148073 -0.040207269786974 -0.0554533149774255
-0.0800861948428595 -0.0579580101415173 -0.0145186601618766 -0.0846582540758924
-0.0405079010559301 -0.0966941635100428 0.055554664346898 -0.0781389486044739
0.0253456573368431 -0.113812000600747 0.092480064798598 -0.0200850634933773
0.0865166455908898 -0.0957666617262235 0.052976763573192 0.0351260276582525
0.119006944302115 -0.0531151268523276 -0.0347728492449947 0.0360752965143223
0.0875935901991912 -0.0204046670591019 -0.13812849205142 0.0569778580839805
0.0800939460203413 -0.0469078489114886 -0.120169726431074 0.0179061503699022
0.0483706953096344 -0.0722687721872627 -0.116748261276029 0.0129490704360388
-0.00374344269594829 -0.0742146973308735 -0.098680558693728 0.0120483182898874
-0.0374233805346984 -0.0563449623520036 -0.0961901313599674 0.0245352623398596
-0.0520954498826924 -0.0286177278145554 -0.0812431562996204 0.0416668950393446
-0.0571718917050519 -0.0129423032320684 -0.0726477678821012 0.0383643145873377
-0.0590790584748321 -0.0167462516325267 -0.0702651558817648 0.00842927056855926
-0.0565828910214568 -0.021164731520558 -0.0716930115609604 -0.0228929696484936
-0.0551411908556197 -0.031187315769503 -0.0546917365861085 -0.0676875380316791
-0.0446907883056705 -0.0531386188084486 -0.0189894957045982 -0.0969617242343639
-0.0106749263171735 -0.0762864027964291 0.0536741425287978 -0.0834259569328868
0.0439718378258431 -0.0776071655555499 0.0821083514869308 -0.0150949509964855
0.0819448839836977 -0.0532381250752587 0.0315866793353003 0.036155367338526
0.091720252627862 -0.0174494883172011 -0.0705464590992346 0.0385651926060507
0.0405317702351807 0.00401071201340456 -0.154769972699602 0.0675180184659181
0.0446028866080785 -0.0145468938483068 -0.123673527730184 0.0308981128210133
0.0272155877576203 -0.0302621118623411 -0.108471156908438 0.0121313746390928
0.00175576982552686 -0.0320658429774283 -0.0980980844127362 0.00100994809594485
-0.0113494770393755 -0.0261810938741093 -0.105159095233672 0.0174411917311927
-0.0194172558278138 -0.0151428300307469 -0.0965689857854743 0.0361868062192927
-0.0246828952925175 -0.00919239974754632 -0.0907256758458362 0.0346004695487392
-0.0260341785730118 -0.0169738422641648 -0.0878896489869054 0.00259896103121113
-0.0238357888090505 -0.0194260062257522 -0.0835205614070308 -0.033758469689735
-0.0215957398685994 -0.0253830873512439 -0.0568788889350839 -0.0811696970989979
-0.0134145151950403 -0.0372411321160432 -0.0117873141109294 -0.105770646159116
0.00708027593772298 -0.0466682225615632 0.057524773603473 -0.0841141461080504
0.0437832789602672 -0.0388290048666034 0.0734020137324098 -0.0132435843664348
0.0602557189482619 -0.0127898132036924 0.0158264066490073 0.029595332723956
0.0492956081900813 0.0122896626830487 -0.0915605632623345 0.0297315453921097
-0.00410396592795319 -0.0265993436668031 0.102613439490048 -0.0414436593253709
-0.022243157262479 -0.0059456027860115 0.00076147412160939 -0.0541672084725631
-0.018724262335729 0.0104317010421382 -0.0688104476220563 0.00191462230763114
-0.00426748823891429 0.00838875195473165 -0.0709690338181131 0.0834924229632709
-0.00732779717432116 0.0051338120845382 -0.00294976153733232 0.113139015690763
-0.00707445254284275 0.00596210623041045 0.0554465639406642 0.0865934307170419
-0.0064313941328248 0.00862403055389315 0.0875838282507254 0.0468869958700086
-0.0121885432421189 0.0128019880558569 0.0971379213524654 0.000476192037360132
-0.0148198037253463 0.0134942106087983 0.0933365965642841 -0.0260490820864811
-0.0197225900283044 0.00887003199365054 0.0924325992295596 -0.0378405267659025
-0.0221242606951093 -0.00365397636108893 0.10107346148403 -0.0249948853870121
-0.0145926295081293 -0.0138480658942291 0.104333187696968 -0.00339551317335207
-0.0146235225867998 -0.016861786256317 0.103296176623307 -0.00764803047272384
-0.0082899970215661 -0.026590688489363 0.119291074864544 -0.0180957617650346
0.0116603655180069 -0.0376640870285333 0.143728319035931 -0.0604371662947628
0.0419072721057136 -0.0384666827114895 0.0890205744973188 -0.0279721460695615
0.0137000200790217 -0.0254232235697999 -0.0020551234937555 -0.0480340281376604
0.00579914168098882 -0.0141050798622554 -0.0755733555936094 0.00250419805439429
0.00106485811807628 -0.0195880924502371 -0.0774327104160707 0.0799001531794883
-0.019004011564628 -0.0203316957323774 -0.0149481188107544 0.110926525287734
-0.029734734988395 -0.00974834471802156 0.0453087818437638 0.0911665433834121
-0.0355210543226369 0.00118165698686558 0.0780031538955006 0.052604492739082
-0.0454668806770886 0.0112719286924155 0.0864073445538722 0.00534043052506744
-0.0499105860643046 0.011921573859451 0.0794734482724616 -0.0236457696682036
-0.0588739789674587 0.00382069322309569 0.0762506970042863 -0.0417836764144322
-0.0614152957746063 -0.0223799564137361 0.0853814967007519 -0.0386526995213258
-0.0398239453482717 -0.0516391150612807 0.099869451132796 -0.0197353192117462
-0.0126274722763031 -0.0672876825588219 0.103389850888365 -0.0159611365591324
0.0204371831375306 -0.0730005592281995 0.109831761692924 -0.0165787892855396
0.0575703763741058 -0.0685948207678638 0.125187668108098 -0.0512359777028505
0.0843681011922148 -0.04593341476152 0.057659464609706 -0.0152998687942033
0.0528854117087568 -0.0443298979823491 -0.0172406894038835 -0.0461760321367796
0.0332935381864768 -0.0444360033535575 -0.0895700253605699 0.00264587790769115
0.00560985696636124 -0.0528465159540018 -0.0861461268184654 0.0753422371675781
-0.0310791975608393 -0.0471060945635155 -0.0264510603702359 0.104237161875516
-0.0512632801558951 -0.0252749653079457 0.0303530086608076 0.088445271673362
-0.0606945490094083 -0.00574883394203392 0.0582050339170564 0.0536412010353329
-0.0736481523101002 0.00828859595468218 0.0642387401203711 0.0101672240750918
-0.0779612919811033 0.0097684262053753 0.0543794213840425 -0.0193227627089063
-0.0890522506332942 0.00214329645897124 0.0489310593152756 -0.0445477547996737
-0.094126257643233 -0.0319218714043787 0.0590914063594978 -0.0523814058679391
-0.0653964060334202 -0.0769648871899004 0.0890601960952049 -0.0392918287648295
-0.0180645237695667 -0.107244621547618 0.103674133381327 -0.0249994096302025
0.0398317963908392 -0.111281018992694 0.0992712919325558 -0.00819554439364762
0.0917557911836313 -0.0915897495530803 0.0932334717094822 -0.0319176812193578
0.115571722309552 -0.0499020558040285 0.0106885531303216 -3.29146436347408E-05
0.0859376536710851 -0.0631250131351961 -0.0426286661671657 -0.039647990884157
0.0555786883493412 -0.0766492374537464 -0.106219193617235 0.00447471379357416
0.00338759973633711 -0.0853066918360514 -0.0932658098581936 0.0675393094278122
-0.0456279925843006 -0.0691783827297009 -0.0399632640827038 0.0899207736687675
-0.0688319885121361 -0.0361333226583046 0.0096587499413714 0.0796665083292842
-0.0781680440914847 -0.0104410482201533 0.0304826016613889 0.0511467018988418
-0.0896896064306739 0.00367862470438699 0.0323046757511159 0.013698178639088
-0.0932053723701674 0.00541654910372892 0.0213688796004143 -0.0139243966590084
-0.104945263247673 -0.00116961674492435 0.0164917354049564 -0.0443721799339522
-0.11108679802208 -0.0380859414068113 0.0281390084424277 -0.0618066478511524
-0.0782862910651504 -0.0917501116649358 0.0735891756505591 -0.057256909870193
-0.0189999720915809 -0.129599078366111 0.100916630071711 -0.030354935482546
0.0546761292985114 -0.130761813390432 0.0869565855885551 0.00428632129986694
0.113602468452412 -0.0984227802477789 0.0532593040699232 -0.00553401308984283
0.126110766209433 -0.0490601711986441 -0.0431476933876503 0.0196485305010288
0.101846582867141 -0.0741850049720028 -0.0730551027521995 -0.0234448514273689
0.0645610785963545 -0.0985966617675602 -0.116456601453609 0.00861803180863656
-0.00258113272091248 -0.10405644664843 -0.0968792973207744 0.0523040060789149
-0.0556844023453726 -0.0792977889982385 -0.0577869457818442 0.0695665254672911
-0.0780482168367731 -0.0394797754166733 -0.018071299442635 0.066576046909153
-0.0842482887220075 -0.0113055821445561 -0.00365323802931182 0.0475684641945608
-0.0924707379286177 -0.00203889283445358 -0.00411876287243684 0.015441913785473
-0.0935058816567292 -0.00262095961855602 -0.0143915363836563 -0.00988062912204988
-0.102418808254972 -0.00907969075431418 -0.0157798448656534 -0.0449626003877372
-0.105369899490327 -0.0449355567698341 0.000297616196890824 -0.0697863767248583
-0.0706699779853591 -0.0957373553410537 0.0587156495800041 -0.0698807403931491
-0.00616356989572648 -0.130528735673874 0.0956675670615483 -0.029174407629005
0.0673864789522863 -0.125865777655626 0.0717788811517635 0.0194221601305311
0.119988319197361 -0.0859663890247844 0.00988158189534467 0.0201138285914227
0.114363972602259 -0.0411703312746596 -0.0928880057502516 0.0421374612827074
0.0969167675720474 -0.0711489186276159 -0.0987704213475985 -7.65666676761125E-05
0.0586101760056838 -0.0971573132105012 -0.117729672901747 0.0147156104854466
-0.0077336143362243 -0.098474185109133 -0.0964638879878477 0.0331371614199504
-0.0550949911847691 -0.0728614798579118 -0.0758450107378243 0.0463645392059474
-0.0721532935254647 -0.0340928170172879 -0.0488927441355004 0.0533504005110157
-0.0762007308136477 -0.0108438609906027 -0.0377559585687042 0.0436793450421353
-0.0818399906156948 -0.00663469810435164 -0.0390382901059883 0.0151474369413423
-0.0802907891963125 -0.0108248397856671 -0.0460335530863419 -0.0112129817708728
-0.084664606185627 -0.0197761901622948 -0.0408452595535409 -0.0508087374253737
-0.0797140034316776 -0.0502097663296657 -0.0178783779490537 -0.0794448706860878
-0.0441334068057611 -0.089724078684166 0.0495924920134593 -0.0780353392887588
0.0181535047618814 -0.110525701660388 0.0875456710446681 -0.0251203190645073
0.0780998402878584 -0.0962246023173878 0.0520939823646672 0.0309550053619807
0.111255936497041 -0.0571543976130863 -0.03157400001957 0.0367222576906324
0.0822146076556491 -0.0237721431965264 -0.128924843668499 0.0611503931733637
0.0737934624746597 -0.0500642697329468 -0.113897184203976 0.0224773372833868
0.0430366437257326 -0.0714631872400092 -0.111428477918669 0.0183297374308477
-0.00765917044146509 -0.0705417795939593 -0.0943274384810896 0.0155104322900123
-0.03946925021805 -0.051675550985209 -0.0916711563768429 0.0284400852486272
-0.0510777738189191 -0.0247079370013573 -0.0756375275623529 0.0435912547714784
-0.0547027225344847 -0.00872482868067396 -0.0671898984866307 0.0409232549879528
-0.05791543090601 -0.0119977026372936 -0.0680434840668331 0.0124648760109578
-0.0557060611392643 -0.0170351960515586 -0.0698410294012892 -0.0173267304955602
-0.0541503833788001 -0.0264623678065087 -0.0554499347313772 -0.0614796473973006
-0.0454658611332745 -0.0478255629358974 -0.0223748794801705 -0.0906976215595688
-0.0141353463673537 -0.0718653255822552 0.0468955184927678 -0.0824089396242673
0.0374799159908913 -0.0769327669074087 0.0780547396882592 -0.0197714863060459
0.0755268095638922 -0.0554155292638632 0.0317739659673516 0.033053622644634
0.0866855729683937 -0.0211016367383676 -0.065119296999519 0.0407121249322441
0.0386346203565829 0.00126669159903685 -0.144754422492361 0.0725809660884494
0.0414663609615473 -0.0162148628753357 -0.117091550645995 0.0354832216611722
0.0250748397663483 -0.0306394742376376 -0.104022066199996 0.0170979903448586
-0.000190668490964283 -0.0301574715098485 -0.0948670069460953 0.0053311114652532
-0.0120419928416998 -0.0241378857670281 -0.10003972358752 0.0212104536546411
-0.0184243147122212 -0.013438509472298 -0.0912670472782257 0.0396716577376972
-0.0237537939803827 -0.00771293403798976 -0.0849915821042101 0.0394085311293324
-0.0259822071553288 -0.0142961581461853 -0.0841533315359225 0.00801936628062627
-0.0237696464034926 -0.0177339527195479 -0.0814260821654573 -0.027240731204813
-0.0217294610421919 -0.022866428342852 -0.0586213763091006 -0.0744926349578953
-0.0156339343311818 -0.0339102836693879 -0.015691692154474 -0.0999783776697742
0.00405220809540595 -0.0448295843234766 0.0511848334423968 -0.0827497157372564
0.0400221609472452 -0.0404300869377439 0.0706074616870671 -0.0164438931579704
0.0577221240837264 -0.0153056701092208 0.0156743375554223 0.0276721462409095
0.0475937620660023 0.00913388901043597 -0.0855074579998496 0.0333140472918485
-0.000836716101825573 -0.0239694726402245 0.0997308503517702 -0.0291713845888126
-0.0192871288864784 -0.00825733383356431 0.00544732071116854 -0.0522979803062636
-0.018039695830333 0.00699618504796627 -0.0651639887271786 -0.00750362401239183
-0.00538147836459098 0.00721181849325606 -0.0743918669066283 0.067594554903876
-0.00780429175146236 0.0036512600457444 -0.0162853894967669 0.10265111948358
-0.00837114235544884 0.00440827482052472 0.0402628965497962 0.0859009999426904
-0.00782472901316547 0.00634718980547778 0.0764310958543291 0.0519431349058381
-0.0130877713067526 0.0108285915378104 0.0911384860319052 0.0108120108513397
-0.0152797457474852 0.0102893476143235 0.0919570774417584 -0.0144293673490545
-0.019914701560121 0.00567356175715623 0.0921921405782255 -0.0248929303978027
-0.0214457311798519 -0.00654594997396772 0.100042126814653 -0.0109405901371682
-0.0138901467582824 -0.0155081508105048 0.100938711820007 0.00956989207069834
-0.0129005365074338 -0.018708452134944 0.0993860181372158 0.00664958667394038
-0.00520196367411831 -0.0267995867585485 0.117542502008011 -0.00176340941740027
0.0139428660701731 -0.0346769724964434 0.147169406900722 -0.0397174364087893
0.0424769281715992 -0.0296641727595493 0.0883113278668974 -0.0156623997368069
0.0160244495639124 -0.0212670066978252 0.00428460383525869 -0.0464421550764652
0.00741649578115978 -0.0127508456776337 -0.0694896396544093 -0.00634271390759816
0.00386034170283555 -0.0183106424167534 -0.079045167437692 0.0634650786519004
-0.0147690727152063 -0.0214633095666292 -0.0253040449551511 0.0994326428008647
-0.0270188280173921 -0.0133637257320601 0.0313146451602274 0.0871598244896121
-0.0339068342216985 -0.00339516959945909 0.0664563537457906 0.0565533636092929
-0.0447082826570304 0.00535922808594179 0.080608253753308 0.0147318782363815
-0.0486627557716128 0.00489391735291157 0.0793381953452618 -0.0128154218452012
-0.0561751769106616 -0.00293623396803653 0.0789098429881751 -0.0303176052012296
-0.0560378545535868 -0.0284367072443635 0.0880867188038219 -0.0251317866870987
-0.0330504648805823 -0.0545480828593921 0.0994011377444436 -0.00535387299467505
-0.00510712756475971 -0.066236103451649 0.100674274429389 0.000107761510219954
0.0267946231311425 -0.0671825621959199 0.106503455064973 0.00063213883146998
0.0611394618965499 -0.0599738333235088 0.125814959212716 -0.0308906844913864
0.0825456064965093 -0.0316827393123903 0.0593610768147534 -0.0044207429807574
0.0541528475827613 -0.0333432618140296 -0.00810818831248068 -0.0448528783761254
0.0368999047651713 -0.036332914577226 -0.0804798519297641 -0.00767289157455776
0.0122189649111716 -0.0479785851577197 -0.0854275088840835 0.0584664873861489
-0.0219840704511641 -0.047900716400019 -0.0340928141339883 0.0918264500850468
-0.0442363251922644 -0.0302889357537929 0.0184895937075261 0.0825535688610116
-0.0561519559665266 -0.0131495877739042 0.049308015550998 0.0553059485362042
-0.0703838471040135 -0.000762659572568156 0.058724436080737 0.016561312850924
-0.0744819812195124 -0.000101421362523599 0.0549563964146271 -0.0118743295914105
-0.0838343960896844 -0.00819168835356653 0.0546131533048634 -0.0352118425299984
-0.085450133290176 -0.0410074892714026 0.0658344460556374 -0.0397757667828093
-0.0543757056147492 -0.0810831294451827 0.0926942929209785 -0.0250307044399935
-0.00629251077988407 -0.104166373299412 0.101484421682341 -0.00818576971506082
0.0498788848179903 -0.101536997060514 0.094592861779335 0.00818127240706586
0.097096300409296 -0.0779897445265699 0.092005632714818 -0.0152827550277098
0.110949523451382 -0.0312625004321712 0.0158286591257755 0.00580737169799009
0.0861578926397363 -0.0461615169112606 -0.0313167742110219 -0.0413554463444861
0.0610998263689847 -0.0628456586300053 -0.0935693540345409 -0.00766419428249855
0.0153786030013114 -0.0779730315659422 -0.0895985304462628 0.0506776466135356
-0.0323200836862124 -0.0702028647027643 -0.044360529977517 0.0774484297503711
-0.0591374459701838 -0.0424419053713617 0.000458166253864893 0.0710510762605519
-0.0718998811495977 -0.0183202337780002 0.0236879001165746 0.0507424194503593
-0.085600256028599 -0.00630933079613457 0.0283226780090334 0.0165314983789935
-0.0885759684636203 -0.00562360671923377 0.0227999269981312 -0.00973216410330494
-0.0984794162796562 -0.0130327166636242 0.023805568766333 -0.0387177897447727
-0.100132276308357 -0.0474597696580538 0.0379434952354161 -0.052397712330402
-0.0650866849734742 -0.095508548150442 0.0802986398623589 -0.043412647012608
-0.00504081288077748 -0.125369583701356 0.0988327928460505 -0.0128641740694396
0.0655771081575017 -0.118145799498128 0.0802105950132626 0.020485328528195
0.118549790612382 -0.0816509764518908 0.0504304801161859 0.00635078290345603
0.121174324136452 -0.029465035102597 -0.0350654704091323 0.0191549638149161
0.1019863488584 -0.0546398791382749 -0.0592733219815775 -0.0291318899150031
0.0726362461302737 -0.0819422739980223 -0.101645553139031 -0.00405255025476662
0.0123268460337003 -0.0958117210667751 -0.0902950143029178 0.036418886976614
-0.040782043243482 -0.0812423630656047 -0.0568558672539151 0.0559465386625396
-0.0666397806664811 -0.0463976715005112 -0.0237209897517112 0.0563511827775374
-0.0772108898377109 -0.0205285775994082 -0.00702258375206631 0.0428685005676639
-0.0877975764235241 -0.0115255371409958 -0.00552026479518929 0.0146223196443861
-0.0877811893350388 -0.0129161493384833 -0.0109959036387204 -0.0102272777554739
-0.0951572936032529 -0.0199238096911813 -0.00682579296059836 -0.0426617483450529
-0.0943740354552351 -0.0532834298805969 0.0121865966082922 -0.0627629853318726
-0.0568606509205317 -0.0982555801548914 0.0677385851220427 -0.0574280009562933
0.00790509899784201 -0.125079688853616 0.0934066721233281 -0.0131689926140349
0.0782539768373365 -0.111179372943523 0.0635789499213755 0.0323984556129399
0.123896993153541 -0.0687691475585253 0.00461932516176578 0.0257766757012642
0.109421663233658 -0.0234786946631491 -0.0844523266620188 0.0336541455946187
0.0972120543643897 -0.0522293482332484 -0.0861005012054646 -0.0101720473014046
0.0672108499026821 -0.0817761316242342 -0.1033502509279 0.000747570285728945
0.00651489511974686 -0.0917604295453435 -0.0882442846730485 0.0190187012304099
-0.0407563254503392 -0.0751986974915988 -0.0712770053686322 0.0328534936873774
-0.0616233782897022 -0.0412623930138072 -0.0504379583214293 0.0412887572497005
-0.0693043620462374 -0.0187414932003646 -0.0386715925549515 0.0361898281525825
-0.0767304174269459 -0.0155456604678596 -0.0387631100461245 0.0101655268165682
-0.0743099558325142 -0.0195672733152255 -0.0408697681184267 -0.0142626457488689
-0.0759351250455952 -0.0275841370025403 -0.0304766101621856 -0.0504703811505955
-0.0693638563594363 -0.0555901154444496 -0.00489072673152494 -0.0739765435691029
-0.0323140733276123 -0.0893175776831536 0.0583686795196541 -0.0664303139858545
0.0282621030853992 -0.104047751232518 0.085131723527912 -0.00998884285031227
0.0844403186753099 -0.0825676719225399 0.0428724852006204 0.0402743978469012
0.112785322864075 -0.042414473077704 -0.038043177217592 0.0368713179306945
0.0781914513291191 -0.0115923961289453 -0.121719326045907 0.0469466086607656
0.0736270893644606 -0.0357723678503766 -0.104073720271397 0.00968004312690859
0.0491671376958065 -0.060424853767028 -0.0996393355384829 0.0047525437235306
0.00277200950604108 -0.0662131632547984 -0.0856124924510629 0.00258722090021987
-0.0291848271780804 -0.0532538300776235 -0.0849692955198249 0.0144147286115178
-0.0430689576139908 -0.0300135112943602 -0.0739105051925588 0.0299863728373388
-0.0499839222262282 -0.0138583071488933 -0.0659961056891564 0.0312641803757467
-0.0543414224140655 -0.0179500372729006 -0.0644586973066163 0.00548166986863282
-0.0497696025162509 -0.0220954869720419 -0.0633484212930904 -0.022956272945576
-0.047249472847729 -0.0295597456281151 -0.0437231002053121 -0.0626845829553137
-0.0369171773349944 -0.0495874224323531 -0.00862145116723599 -0.0853625063091703
-0.00572531708737497 -0.0684664599094241 0.0555142038157311 -0.0706022506013955
0.043095495399817 -0.0691827620266494 0.0757598909541438 -0.00735011703405674
0.077452812630257 -0.0432269487192326 0.0226035270555961 0.0374787545832571
0.0858169396248509 -0.0106959233427124 -0.0708488714698673 0.0343636035993841
0.0351705407712477 0.00595101244630851 -0.140626490487538 0.0539323913238122
0.0397236252139604 -0.00957421083768243 -0.110068914081853 0.021582637939057
0.027370907196168 -0.0250438861281913 -0.0954372092310572 0.0043770524758729
0.00413961760854284 -0.028057784715273 -0.0858919751041657 -0.00638737832293381
-0.00806283013631224 -0.0241228835837383 -0.0935866673365767 0.00760850815542991
-0.0145706195261775 -0.0155771429726579 -0.0887513536112524 0.0270147888713956
-0.0204135110926516 -0.00971856493326138 -0.0827683558160598 0.0275874441962236
-0.0236160647948873 -0.0165597311879887 -0.080276084450408 -0.000433247166457884
-0.0206511426696734 -0.0194061834854424 -0.0732860351282071 -0.0335179937102693
-0.0173626605836684 -0.0238268108590045 -0.0461996450976249 -0.0754996956832756
-0.0101431651607458 -0.0331133854206892 -0.00226396473890684 -0.094823790428807
0.00834785089883442 -0.0402925990208901 0.0586719154453918 -0.0723033820508678
0.0417728870242294 -0.0343068596889112 0.0678667067435587 -0.00650567895698563
0.0556254091011418 -0.00795993096063383 0.00986519793134309 0.0293620095676784
0.0453150386540507 0.0143052359601101 -0.0880262145820973 0.0234459431112316
-0.000779096682821835 -0.0229528375664997 0.0962270364203663 -0.0266025492898738
-0.0182655122954552 -0.00821779087174916 0.00563179280211849 -0.0509475018731601
-0.017811670498704 0.0059799136697921 -0.0630607344250832 -0.00929587947820749
-0.00512764773450799 0.00652443310331674 -0.0735544823499893 0.0632961095667637
-0.00752309060508962 0.00317424102329603 -0.0178426910285353 0.0980186406553206
-0.00805497215129491 0.00420057867626354 0.0357959959064409 0.0826917807147253
-0.00742342667682159 0.00596270864719877 0.071674100151743 0.050730349684153
-0.0127215074051628 0.00948962624706902 0.0877481934487552 0.0107177005770015
-0.0148160268784391 0.00987243552400391 0.088462130246423 -0.0129507201348763
-0.0194182619025835 0.00487868292563178 0.0900908739582694 -0.0223349363702809
-0.0202977003094398 -0.00621216375447958 0.0969369066341413 -0.0087007432782856
-0.0126115301022179 -0.0153929235867247 0.0975013490501554 0.0120009861745843
-0.0120518550385829 -0.0187110005106455 0.0955418598650127 0.00957513870966055
-0.003698845330629 -0.025933697172915 0.11349716905439 0.0025748074140986
0.014579999653023 -0.033858820043524 0.142361291215087 -0.034892060704018
0.0417257554014056 -0.0274188591025786 0.0849473274426816 -0.0143847164875522
0.0161234989277993 -0.0198630689211442 0.00474574497672159 -0.0456599338214255
0.00786803556375385 -0.0117798385979074 -0.0669519934385023 -0.00893063569542473
0.00402417883501541 -0.0176477302973133 -0.0781972280115352 0.059056265187233
-0.0134770303148086 -0.02093309183888 -0.0274791497063177 0.0949498055574358
-0.0255681996079585 -0.0130297659044727 0.0275953748707592 0.084199377920008
-0.032325408970016 -0.00449006713906308 0.0625992541253273 0.0546747079916881
-0.0435082079379153 0.00446521165228211 0.0772817834220257 0.0139818989238298
-0.0469566695095606 0.00423313201359638 0.0767816537574115 -0.0115520973241355
-0.0534209343063457 -0.00356125635047976 0.0768742343845407 -0.0282038552097798
-0.0531656438923353 -0.0282237568792097 0.0858102331092846 -0.0218138830019019
-0.0305147962241318 -0.0528970524149889 0.0962519091260498 -0.00263145508318705
-0.00379432564923013 -0.0635990910892436 0.0966202608952094 0.00252637311396695
0.0281100114060396 -0.0641707157365105 0.102741013259798 0.00385758006017195
0.0602815070842281 -0.0562086639310529 0.121783562816861 -0.0276326062833563
0.0798946635703514 -0.0285114715513659 0.05694917312194 -0.00426248274976007
0.0525851399970354 -0.0306782177883793 -0.00718065686319643 -0.0454194593935898
0.0365813157624331 -0.0340098952292956 -0.0778937164120522 -0.0101387694548549
0.0128588843314773 -0.0457285775048101 -0.0838642180506602 0.0544565249780041
-0.0201884947743338 -0.0459588433364393 -0.0362130449846436 0.0872799781917442
-0.0418067504032104 -0.0298907600271834 0.0153685735793837 0.0794900054910085
-0.0536169662361188 -0.0134965588982601 0.0458501079046433 0.0537317716181465
-0.0679977154127284 -0.00104051768951235 0.0565333557330129 0.0157146960757055
-0.0720347780370134 -0.00142137555444887 0.0533669903706964 -0.0107815916282911
-0.0808277118647091 -0.00899854703443364 0.0530722337533349 -0.0335146567452096
-0.0818987082493309 -0.0401036711968361 0.0652306218149981 -0.0366728000467236
-0.0502785129812321 -0.0792502958588379 0.0905396547889925 -0.0217875108947721
-0.00375980354030588 -0.100284667084665 0.0971043856495837 -0.00564899871459791
0.0504581583854453 -0.0967017744921067 0.090627317909559 0.0112593815459997
0.0950161250999615 -0.0728295367215819 0.0886896226693701 -0.0120995156417312
0.107576573644299 -0.0274149195693427 0.014872306963535 0.00455270673870907
0.08374405478736 -0.0418672414050629 -0.0289379916593995 -0.042455378994321
0.0607503533153099 -0.0594595699693307 -0.0896489277425102 -0.0103327206894345
0.0159277928393378 -0.0743000115073312 -0.0874352689572997 0.0462914732065808
-0.029826569276566 -0.0676684528361342 -0.0448254427372957 0.0730868834653268
-0.0560742724757741 -0.0416389726660966 -0.00179221626300141 0.0682667185140243
-0.0690023216333787 -0.0192374200974984 0.0217313664552 0.048101815549231
-0.0822925280073156 -0.00726358706821307 0.0271980526203144 0.0157338352635198
-0.0853922210791472 -0.00639176530170761 0.0227826485601747 -0.00939210110833124
-0.0936544389922931 -0.0131153548059839 0.023814920775811 -0.0373026947121418
-0.0959147999210946 -0.0470435410258391 0.0394481585878507 -0.0492275734028123
-0.0609499122208111 -0.0928393333431627 0.0785078524127941 -0.0396038708736258
-0.00206128104309995 -0.121320789317789 0.0951008032075233 -0.0100875159043161
0.0659265003339117 -0.11274407566739 0.0769911225362441 0.0215710844549556
0.115644380845702 -0.0764700174645498 0.0467307775933834 0.00737108754210654
0.117137314726615 -0.0254961774592832 -0.0343652548999218 0.0168531541982632
0.0993208310098008 -0.0498661214627023 -0.0564663718562439 -0.0311848119366433
0.0717421098722661 -0.0772997004924795 -0.0982550449357955 -0.00721982997441198
0.0136720638083387 -0.0915574235029902 -0.0880291651274231 0.0321124319803784
-0.0373197323872602 -0.0782451875067647 -0.0568994562686757 0.0521873581266724
-0.062665137125843 -0.0461757015183037 -0.0242456770335814 0.0529637869610405
-0.0735964466088362 -0.0213793684685707 -0.0074029558650398 0.0412896805260653
-0.0846731251480607 -0.0122107718151896 -0.00529652045250338 0.0136924220637952
-0.0848181592981465 -0.013438158735257 -0.0105302799230144 -0.00972857661439396
-0.0905248342194593 -0.0196466710214446 -0.00554571365064504 -0.0418022756486506
-0.0893856541823802 -0.0518562794850819 0.0141353006398595 -0.0601286506195787
-0.0524563537539706 -0.0952037372130997 0.0663775223982691 -0.0535081294823165
0.010184138454513 -0.120226459408723 0.0902646283458608 -0.0107571356925372
0.0768433422357042 -0.106267902174225 0.059808681475058 0.0335448574116594
0.120314137152445 -0.0632464029823146 0.003083060046688 0.0252085947414827
0.10530204609255 -0.0198579123351974 -0.082101728947426 0.0294587360944072
0.0939937490626521 -0.0474438546843372 -0.0820635641126537 -0.0132263900577731
0.0665884508377503 -0.0771121551203481 -0.0989669389422542 -0.001555030057841
0.00831213965233913 -0.0876150349402837 -0.0858230261171734 0.0152789424768539
-0.0380683795234919 -0.0725466685869023 -0.0706160542973452 0.0288775965856281
-0.0578699911972519 -0.0408752089010046 -0.0497522813818418 0.0381284826990053
-0.0664210710077611 -0.0190382071996119 -0.0377070957379585 0.0344193893025911
-0.0743740072973288 -0.0157643410564457 -0.0373333870964366 0.0100367470068891
-0.0711674204076071 -0.0201146131980076 -0.0388646871651472 -0.0141612358175908
-0.0717697409011338 -0.0275658316602861 -0.0283097176484249 -0.049674891265141
-0.0650237728522965 -0.0541878716791326 -0.00171706884656622 -0.0706589905800337
-0.0288660487781674 -0.0855281475076918 0.057812079294231 -0.0622356009113677
0.0295080858873737 -0.0994012735490182 0.0819504305703469 -0.00824139259648262
0.0825346941560346 -0.0771316597295788 0.0399658567463288 0.0395332810314328
0.109387317253209 -0.038214167188266 -0.0374431565856794 0.0346450353493563
0.0750371436757812 -0.00892684951201747 -0.117844279980732 0.0419570525375488
0.0711332701039881 -0.032658810961498 -0.0995111792522347 0.00546949268105436
0.0494839063931457 -0.0569795416314467 -0.0954684132433488 0.00157866150515105
0.00404835601687809 -0.0631465339899788 -0.0833177382053752 -0.000315785032074206
-0.02695703869686 -0.0517256975538165 -0.0828313221780152 0.0112683409793242
-0.0408074092357079 -0.0295084818235477 -0.0726352846355281 0.0275861450728466
-0.047179936151092 -0.0145334259513223 -0.0641667954993401 0.0286015186493246
-0.0521876983765405 -0.017012065138095 -0.0621558699996164 0.00494651610119934
-0.0477803925271225 -0.0218810154795698 -0.0597031025239811 -0.0225898272732486
-0.0442419848742564 -0.0291623688099777 -0.0409890392454097 -0.0612404987357206
-0.0342956811523604 -0.0470501921496847 -0.00611827750053877 -0.081718021595814
-0.00399167445023166 -0.0650924957810797 0.0558146795658085 -0.0667305001086011
0.0431674397860985 -0.0659682208229246 0.0732956644187373 -0.00595765571590323
0.0752910965507386 -0.0395644230946832 0.0207096600107958 0.0367757923774664
0.0826202876234297 -0.00854983840287347 -0.0682228954487827 0.0322294237957183
0.0331335217854286 0.00682344041067588 -0.136763988050015 0.0487041055004113
0.038362915431855 -0.0081125032615707 -0.10613012946729 0.0172719380763127
0.0271148601721174 -0.0232352363950092 -0.0916132633180013 0.00137488372099523
0.00497483762438337 -0.0264624474769708 -0.0835188112011128 -0.00932889165407374
-0.00705277388224439 -0.0227239103111986 -0.0908356432232716 0.00449563643292377
-0.0132176209425231 -0.0151079254047857 -0.0857764732013118 0.0236371247381067
-0.0190031007110555 -0.00902158863544914 -0.0800479325863292 0.0261503214555642
-0.0226774962855563 -0.0158019415571312 -0.0772774747039221 -0.000592237397656733
-0.0195385679220158 -0.0190705237388368 -0.0696189300913037 -0.0326301750498106
-0.0160173267491211 -0.0228067792635372 -0.0429330843180492 -0.0726908020033593
-0.00920231277964922 -0.0315389667776782 9.94901616248744E-05 -0.0900092887940663
0.00871324088889995 -0.0383311571710894 0.0584544104666417 -0.0673593647788837
0.040673368088603 -0.0320676182320544 0.0662368863382993 -0.00487292433282252
0.0533134928636657 -0.00624407424290219 0.00814385910905598 0.0289344301568307
0.0431217798919064 0.0150406039165784 -0.0844666506310588 0.0216308439265184
0.000289960219586888 -0.0227918030734043 0.0958729723533748 -0.023935233652277
-0.0178836393413169 -0.00874108547223645 0.00703183627647646 -0.0518227550274393
-0.0173528921108719 0.00593563154095952 -0.0630139364390591 -0.0126336068331218
-0.0055226549069825 0.00635455397465521 -0.0760717256012866 0.0604497073514596
-0.00768753884532393 0.00320674241815573 -0.0221260107781889 0.097110457476414
-0.00815790975882615 0.00424184860160503 0.0322856466658221 0.0835013992378125
-0.00794701794743102 0.00547118782940678 0.0701493947170111 0.0520695804328608
-0.0130827631768379 0.00960089570857377 0.0872564748661838 0.0119527375347853
-0.0146760565867126 0.00909330140085488 0.0891172263717354 -0.0111680739496496
-0.0195626587448753 0.0042051499618991 0.0906791721765267 -0.0193578737766036
-0.0205448001793036 -0.00707450464387281 0.0980567427822319 -0.00504895144513564
-0.0128718479892042 -0.0159521967193228 0.0974675496712614 0.0161971477975261
-0.0108459120249072 -0.0191084277498002 0.0948743676614194 0.0139144756221039
-0.00264527233247779 -0.0263060560706051 0.113611677062905 0.00742172015458432
0.0151897692314768 -0.0335696265899878 0.144115680654781 -0.0301722315167316
0.0421170806548699 -0.0256793982155107 0.0846416639845433 -0.0122216055862891
0.0168478226026055 -0.019293094878415 0.0061950730497846 -0.0471067485584824
0.00849269343790113 -0.0116180365913149 -0.0668472082965505 -0.0118870254476928
0.0050618243547646 -0.0172392903261884 -0.0808187427978075 0.0557574363194457
-0.0125414419507045 -0.0211301613869444 -0.0313027369365063 0.0931969819224789
-0.024912795534472 -0.0137786368150224 0.0232706281374694 0.0844672957732308
-0.0325252782649257 -0.00556691442674586 0.0606391588071756 0.0561016556854717
-0.0436415717956321 0.00329344345586355 0.0775315183268053 0.015572104576867
-0.0468542591255987 0.00325027501091529 0.0775303446782085 -0.00980056251760847
-0.0535217451735619 -0.00489585691387934 0.0780519073312905 -0.0259288219932594
-0.0528061640292778 -0.0292366472123209 0.0869145863672225 -0.0188578879502101
-0.0287392993244127 -0.0537571401460108 0.0964436764309675 0.000908146721333883
-0.00157230470972456 -0.064124971194285 0.0962306028027426 0.00685145515503997
0.0307177176474012 -0.0639336432384822 0.102785135243692 0.00892871357379724
0.0624718600859269 -0.054740592839864 0.122125166348182 -0.0229913272303064
0.08050482473343 -0.0251704943440399 0.0559037733622083 -0.00346495841244029
0.0534273577607375 -0.028142963849072 -0.00597430531747992 -0.0471678023831567
0.0379917061651954 -0.0328736253893622 -0.0772794176315656 -0.0135457650880198
0.014592750339071 -0.0450018173292858 -0.0863491674088101 0.0510083144516402
-0.0187242748049823 -0.046159119860409 -0.039174302615736 0.0850586040181429
-0.0406879889057147 -0.0304747940686604 0.0117356459171085 0.0786342181751819
-0.053449720736962 -0.0152312701600799 0.0434369735253626 0.0541113343620083
-0.0682303702471954 -0.00277310419932328 0.0556918361085778 0.0161383730709289
-0.0721951550986713 -0.00275714029505625 0.0539880907439994 -0.00916198353551212
-0.0800048870718113 -0.0107510321014061 0.0544767984455678 -0.0324200580168548
-0.0805109830638713 -0.0415680890573212 0.0674109780061696 -0.0341751865300279
-0.0477427302993793 -0.0803547447073339 0.0911499240657922 -0.0180280116699746
-0.000544250339695142 -0.100975113033397 0.0970485708096137 -0.00137736544464745
0.0538992810181208 -0.095053754616527 0.090242664122946 0.0141369053427525
0.0970068937169381 -0.0700668040191285 0.0887591644390186 -0.00919247474746488
0.107911054352007 -0.0232752987095323 0.0144589123900905 0.00415303367000124
0.0845537556017695 -0.0388112519244792 -0.0269326619721167 -0.0452532516198658
0.0629194282030426 -0.0576112464723644 -0.0890376416732129 -0.0143190291140611
0.0184322615887346 -0.0732981058780309 -0.0900631335213269 0.0424256374752991
-0.0274483038447272 -0.0685364923997185 -0.0482818465400024 0.071131741670917
-0.0544102291589105 -0.0429948095721918 -0.00453659702078212 0.067336241277764
-0.0680851693633699 -0.021289648782776 0.0198458355806832 0.047969166576336
-0.0825687609991565 -0.00876268550774747 0.0269034659338354 0.0163010726030159
-0.0848543017541293 -0.0081488264361016 0.0232614055357635 -0.00886264643852725
-0.092716761380007 -0.0160619464608976 0.0250637207337106 -0.0373113129202739
-0.0939557668335228 -0.0494121266788688 0.0416208692195241 -0.0479375068533951
-0.0577287942325699 -0.0939000276935791 0.0808259719405363 -0.0362401894111393
0.00171184771584661 -0.121336523663558 0.0950152374995714 -0.00670563180757612
0.0700465269720885 -0.110440474797423 0.07580106600587 0.0248949234638625
0.117941590668447 -0.0724903414951796 0.0461318633648417 0.0100270611774542
0.117351092362618 -0.0211954751675291 -0.0351754372646055 0.014549298357135
0.100914948046223 -0.0454566981451098 -0.0548853223045548 -0.0353231706724267
0.0751478536518623 -0.0748209818306034 -0.0967293729367252 -0.0109977273543774
0.0167031453226239 -0.0908014920379076 -0.0897424543500847 0.0283898887901726
-0.0352594621038215 -0.0788035752593855 -0.0596721168729617 0.0492093424308815
-0.0609902843551607 -0.0475387018355236 -0.0266456612671753 0.0515259182096303
-0.0732802912926802 -0.0229154185180735 -0.00889912837636406 0.0404425252711013
-0.0842459196359538 -0.0145087835959094 -0.0063780919090507 0.0132615690033898
-0.0848108783828182 -0.0159570515175888 -0.00930371458419268 -0.0100172619862084
-0.0889276991267416 -0.0218647820349704 -0.00392794074420934 -0.0419916201240826
-0.0872083071053278 -0.0536525790309242 0.0170865991840849 -0.059270013258647
-0.0488137915019302 -0.0958800422526521 0.0686693502951565 -0.0509667244203347
0.0140459743330032 -0.120038589228924 0.0896439108606264 -0.00793186503199737
0.0804100207035504 -0.102758557969145 0.0581352957902351 0.0363740060226238
0.122028359305118 -0.0600095774589521 0.00188512776017471 0.0256425716277062
0.105952127034373 -0.0157652274723356 -0.0827882523536492 0.0265489913963432
0.0958568804229242 -0.0439817052911422 -0.0815802719649539 -0.0173445704960937
0.0698551579010336 -0.0750619466479409 -0.0983314620169614 -0.00659560600522237
0.0114509811894627 -0.0870555819322633 -0.0868981341536582 0.0109473843292639
-0.0354327832037173 -0.0730289584667058 -0.0723734072224206 0.0260650851035963
-0.056391611768612 -0.0427006524584984 -0.0511164869330225 0.0360065411871449
-0.0657325302869917 -0.0209056363326027 -0.0389941174719737 0.0330572575759226
-0.0736096934205159 -0.0176791014717826 -0.0373792311571432 0.00969356653169601
-0.0707179428772962 -0.0214317707726875 -0.0379456719037674 -0.0151893190471918
-0.0704902716072506 -0.0287818589730056 -0.0264678550330268 -0.0504863631510058
-0.0635144823766898 -0.0546152821037615 0.0015630899011484 -0.0703263526940516
-0.0255149872098562 -0.0858666799755078 0.0608210638809438 -0.0599582575926179
0.0331799592829599 -0.0983783342972984 0.0817213387674654 -0.00555195794734967
0.0853289544402735 -0.0743299251780171 0.0378065657182494 0.0416920234718935
0.109986281986864 -0.034243870383587 -0.0382196417775337 0.0338197457281236
0.0752283740672446 -0.00581290849036829 -0.119247198294735 0.0368101275854055
0.0719316987536944 -0.0297260392725012 -0.0992066286120551 0.000947843869609517
0.0515841434888924 -0.0556967958584021 -0.0951234961281068 -0.00239762947967483
0.00652108451371397 -0.0628944017469879 -0.0837735667265002 -0.00397648662564801
-0.0258243419257517 -0.0518557580724387 -0.0841413594252008 0.00831443049632991
-0.03970487380863 -0.0308271874767228 -0.0733939276636918 0.0252293704314495
-0.0460775758888318 -0.0157894533916392 -0.0647400809921599 0.026755229059189
-0.0519016509211071 -0.0182089574292136 -0.0621921606827562 0.00361173585367059
-0.0475337442818033 -0.0237583558299334 -0.0585151653004428 -0.0234844853996983
-0.0428723980146188 -0.0301880067720094 -0.0383549477328048 -0.0617972135816547
-0.0325272292946035 -0.0477363948619435 -0.0018953960148416 -0.0814095103132213
-0.00154502555815656 -0.0647054880723621 0.0586184393610361 -0.0640283705577192
0.0457414924153669 -0.0644050452544974 0.0734850021212421 -0.00350824447427086
0.0772208158185772 -0.0373655180468125 0.0188697608179433 0.0380576667091205
0.0823437090631463 -0.00566744005840421 -0.0685476830231926 0.0303371262029045
0.0329272746193134 0.00798213838681396 -0.138162997747109 0.0434703084085842
0.0383193941020884 -0.00691048518279636 -0.106056864471608 0.0130084378474555
0.0283312708249949 -0.0224012286990666 -0.0905635719464636 -0.00282172695143371
0.00566412754568644 -0.0261944875163387 -0.0837895050310605 -0.0123987042794396
-0.00677607854544578 -0.0224720894029703 -0.0916058925238217 0.000703824261933431
-0.012358059860146 -0.0153692185262732 -0.0869985544206944 0.0205495235500941
-0.0188175946964464 -0.0103285443241429 -0.0805495287454047 0.0239842133475216
-0.0224852720491189 -0.0162031035629108 -0.0765640112256206 -0.00186326810946493
-0.0188899857713286 -0.019275037208732 -0.068198226126931 -0.0337840321293993
-0.0143846334211345 -0.0229773366519954 -0.0396938665817406 -0.0739288065970475
-0.00766794004821191 -0.031594756113862 0.00407790821689851 -0.0891321581749674
0.0101747598585287 -0.0376864748864472 0.0612569678836535 -0.0648720673807312
0.0418749497723512 -0.0309439983528758 0.0667689408317077 -0.00222126338260149
0.0541611618045608 -0.00418620164909696 0.00727413989619029 0.0298949414514537
0.0427033443305333 0.0165494656535627 -0.0853222564192281 0.0191464878560527
