TRXV5
3
4
4
9
string Extension=J
integer IsArchMeasurement=1
integer IsSpherical=1
string Generator=SPM
string GeneratorVersion=1.3.1 Dev
double ArchRadius=0.449999988079071
integer FrequencyAxisIndex=0
integer AzimuthAxisIndex=1
integer ElevationAxisIndex=2
Frequency
5 136 690000000 960000000 LIN
Azimuth
7 8 0 2.74889357189107 LIN
Elevation
7 15 -2.74889357189107 2.74889357189107 LIN
Polar H Real Part
13
Polar H Imaginary Part
14
Polar V Real Part
13
Polar V Imaginary Part
14
Polar H Magnitude (dB)
12 0xC0000002 0 1
Polar H Phase
7 0xC0000003 0 1
Polar V Magnitude (dB)
12 0xC0000002 2 3
Polar V Phase
7 0xC0000003 2 3
-0.0144920349121094 -0.0438461303710938 0.0898361206054688 0.02996826171875
-0.0275192260742188 -0.0375442504882812 0.0653190612792969 0.0128555297851562
-0.0443267822265625 -0.0125808715820313 0.000666141510009763 -0.00850772857666016
-0.0351047515869141 0.0151252746582031 -0.0397186279296875 0.016204833984375
-0.0139350891113281 0.0206680297851563 -0.0490341186523438 0.0463638305664063
0.000473022460937502 0.0231971740722656 -0.0419464111328125 0.0952911376953125
0.00755882263183594 0.0244331359863281 -0.0155410766601562 0.127311706542969
0.0023345947265625 0.0208969116210938 0.00134277343749999 0.128448486328125
0.0073089599609375 0.0226230621337891 -0.00320434570312499 0.117279052734375
0.00146102905273438 0.0298748016357422 -0.0220184326171875 0.09393310546875
-0.0105094909667969 0.0321083068847656 -0.0149879455566406 0.0558738708496094
-0.0295810699462891 0.0309848785400391 0.00687217712402344 0.0296916961669922
-0.0453071594238281 0.000202178955078119 0.048370361328125 0.0389404296875
-0.0335159301757813 -0.0234661102294922 0.107452392578125 0.09246826171875
-0.0230693817138672 -0.0207004547119141 0.111984252929688 0.176025390625
-0.05816650390625 -0.08807373046875 0.0784683227539063 0.022003173828125
-0.0714797973632813 -0.077880859375 0.0605430603027344 0.0107994079589844
-0.0902862548828125 -0.0394439697265625 0.0115833282470703 -0.00811576843261719
-0.0862045288085938 0.00588989257812499 -0.0311527252197266 0.00557327270507812
-0.0597457885742187 0.032745361328125 -0.0481719970703125 0.0300979614257813
-0.036346435546875 0.0624618530273438 -0.0478897094726563 0.0834503173828125
-0.0118484497070313 0.0716171264648438 -0.0210189819335937 0.111564636230469
-0.0147552490234375 0.0636672973632813 -0.000404357910156247 0.111602783203125
-0.0115165710449219 0.0691719055175781 -0.00239562988281249 0.101608276367187
-0.0238037109375 0.0696945190429688 -0.018402099609375 0.0822372436523438
-0.0434799194335937 0.05670166015625 -0.0110435485839844 0.0435256958007813
-0.0676155090332031 0.0456733703613281 0.0115413665771484 0.0185375213623047
-0.0886611938476562 -0.00255584716796875 0.0615196228027344 0.0289573669433594
-0.0808181762695313 -0.0461196899414062 0.10968017578125 0.0817947387695313
-0.0721511840820313 -0.0546722412109375 0.107269287109375 0.16156005859375
-0.0924530029296875 -0.124313354492188 0.0545501708984375 -0.00389480590820313
-0.107383728027344 -0.111106872558594 0.0450286865234375 -0.00208663940429688
-0.127159118652344 -0.063385009765625 0.017390251159668 -0.00788307189941407
-0.12957763671875 -0.00511169433593749 -0.0166635513305664 -0.00352573394775391
-0.0993194580078125 0.0409011840820313 -0.0343818664550781 0.0119113922119141
-0.0696334838867188 0.092498779296875 -0.0421295166015625 0.0585708618164063
-0.0296554565429688 0.108741760253906 -0.0213623046875 0.0772171020507813
-0.0294189453125 0.09747314453125 -0.00298309326171874 0.0779190063476563
-0.0267791748046875 0.1055908203125 -0.004180908203125 0.0710296630859375
-0.0432281494140625 0.103706359863281 -0.0157394409179688 0.0586395263671875
-0.0692596435546875 0.0797500610351563 -0.00841331481933594 0.0237216949462891
-0.0998001098632812 0.0609664916992188 0.014704704284668 0.00465679168701172
-0.124961853027344 -0.00255584716796875 0.0655632019042969 0.0201568603515625
-0.120407104492187 -0.0600204467773438 0.094024658203125 0.0681076049804688
-0.113288879394531 -0.0833206176757813 0.0848541259765625 0.135604858398438
-0.115211486816406 -0.137977600097656 0.0196418762207031 -0.0382957458496094
-0.129165649414062 -0.122528076171875 0.0199661254882812 -0.0201797485351563
-0.1455078125 -0.07098388671875 0.0183429718017578 -0.00883483886718751
-0.150527954101563 -0.0110321044921875 -0.00109386444091798 -0.0126543045043945
-0.121894836425781 0.0432205200195313 -0.0157251358032227 -0.00831985473632812
-0.0910720825195313 0.107490539550781 -0.0295505523681641 0.0242691040039063
-0.0429840087890625 0.127716064453125 -0.0179996490478516 0.0317420959472656
-0.0410232543945312 0.115852355957031 -0.00527191162109375 0.03179931640625
-0.0393753051757813 0.127418518066406 -0.00618362426757813 0.0296382904052734
-0.0582656860351562 0.122795104980469 -0.0118045806884766 0.0253391265869141
-0.0876312255859375 0.0917892456054688 -0.00484132766723633 -0.000152111053466791
-0.119407653808594 0.0664291381835937 0.0156240463256836 -0.00827884674072265
-0.144683837890625 -0.00318908691406251 0.0601577758789062 0.0117645263671875
-0.142471313476562 -0.066619873046875 0.0644645690917969 0.0517807006835937
-0.136405944824219 -0.097442626953125 0.0506973266601562 0.0998458862304688
-0.120933532714844 -0.127166748046875 -0.0218353271484375 -0.0773086547851563
-0.131690979003906 -0.110343933105469 -0.01116943359375 -0.041778564453125
-0.1400146484375 -0.0620193481445313 0.0119380950927734 -0.0116043090820313
-0.144912719726563 -0.01025390625 0.0129947662353516 -0.0227718353271484
-0.12017822265625 0.0404510498046875 0.00468063354492187 -0.0297966003417969
-0.0954742431640625 0.10528564453125 -0.0124387741088867 -0.0152177810668945
-0.0489425659179688 0.127189636230469 -0.0119705200195313 -0.0191802978515625
-0.0459136962890625 0.117385864257813 -0.0069580078125 -0.0187187194824219
-0.0467376708984375 0.129341125488281 -0.00810050964355469 -0.0165214538574219
-0.0670852661132813 0.122550964355469 -0.00693702697753907 -0.0129613876342773
-0.0960540771484375 0.0873184204101562 -0.00149345397949219 -0.0254402160644531
-0.123832702636719 0.0590438842773438 0.0160369873046875 -0.0200634002685547
-0.143539428710937 -0.0104827880859375 0.0481758117675781 0.00555801391601562
-0.140792846679688 -0.0688323974609375 0.0263175964355469 0.0361175537109375
-0.137535095214844 -0.0988388061523438 0.00978469848632812 0.0596580505371094
-0.1082763671875 -0.095611572265625 -0.0629348754882812 -0.110610961914063
-0.110794067382812 -0.0796051025390625 -0.0425605773925781 -0.061920166015625
-0.109710693359375 -0.0425643920898437 0.000441551208496086 -0.0174989700317383
-0.111892700195313 -0.00759124755859375 0.0200099945068359 -0.0331077575683594
-0.0970993041992188 0.0309295654296875 0.0188026428222656 -0.0479698181152344
-0.0836029052734375 0.0868453979492188 0.00284957885742187 -0.0517768859863281
-0.0468368530273438 0.107429504394531 -0.00620651245117188 -0.0658187866210938
-0.0441055297851562 0.101348876953125 -0.00782012939453126 -0.06591796875
-0.048980712890625 0.112159729003906 -0.00667190551757813 -0.0599594116210937
-0.0680160522460938 0.101325988769531 0.00230026245117187 -0.0491867065429687
-0.0911102294921875 0.0655899047851562 0.00659561157226562 -0.0463600158691406
-0.109878540039063 0.0378036499023438 0.0177879333496094 -0.0282173156738281
-0.118408203125 -0.0203628540039063 0.0329780578613281 0.00116157531738281
-0.113914489746094 -0.0644302368164062 -0.0114574432373047 0.0189533233642578
-0.116950988769531 -0.0857086181640625 -0.0286216735839844 0.0194683074951172
-0.0775604248046875 -0.050506591796875 -0.0963897705078125 -0.135154724121094
-0.0689010620117188 -0.0411529541015625 -0.0689697265625 -0.0750732421875
-0.0613288879394531 -0.021697998046875 -0.0151786804199219 -0.0214214324951172
-0.0632972717285156 -0.00774002075195313 0.0191307067871094 -0.0387649536132813
-0.0602951049804687 0.0142173767089844 0.0254325866699219 -0.0580291748046875
-0.0607147216796875 0.055328369140625 0.013031005859375 -0.07928466796875
-0.0379562377929687 0.0716018676757813 -0.00176239013671876 -0.102394104003906
-0.03546142578125 0.0701980590820312 -0.0070343017578125 -0.103652954101563
-0.0436553955078125 0.0777969360351563 -0.00164794921875001 -0.0950851440429688
-0.0579414367675781 0.0638275146484375 0.0155792236328125 -0.0778579711914063
-0.0699539184570312 0.0334243774414063 0.0184555053710937 -0.0597724914550781
-0.07763671875 0.0115203857421875 0.0222873687744141 -0.0315628051757812
-0.0736846923828125 -0.0250244140625 0.0185947418212891 -0.00273513793945313
-0.0698699951171875 -0.0477409362792969 -0.0410842895507813 0.000743865966796866
-0.08026123046875 -0.058135986328125 -0.0587425231933594 -0.0166168212890625
-0.0337562561035156 -0.00174903869628906 -0.119735717773437 -0.146102905273438
-0.0145845413208008 -0.00441265106201172 -0.0884857177734375 -0.0808563232421875
-0.00734853744506836 -0.00666475296020508 -0.0329990386962891 -0.0213909149169922
-0.0112981796264648 -0.0128259658813477 0.0119857788085937 -0.0370254516601563
-0.0204277038574219 -0.00734519958496094 0.0260734558105469 -0.0596237182617188
-0.0328655242919922 0.0142307281494141 0.0172348022460937 -0.0949783325195312
-0.0252437591552734 0.0252685546875 0.00066375732421875 -0.123504638671875
-0.0218963623046875 0.0286617279052734 -0.00571441650390624 -0.125579833984375
-0.0303535461425781 0.0319957733154297 0.00592803955078125 -0.115753173828125
-0.0350093841552734 0.0195407867431641 0.030914306640625 -0.0925521850585938
-0.0344390869140625 0.00131416320800782 0.0313186645507812 -0.06170654296875
-0.0295581817626953 -0.008331298828125 0.0273571014404297 -0.0290279388427734
-0.0195808410644531 -0.0159893035888672 0.00684356689453125 -0.00592947006225586
-0.0199699401855469 -0.01605224609375 -0.0588302612304688 -0.0153465270996094
-0.0357894897460937 -0.0171623229980469 -0.0760498046875 -0.0421524047851562
-0.0168266296386719 -0.0435142517089844 0.0966644287109375 0.0271835327148437
-0.0295143127441406 -0.0364151000976563 0.07061767578125 0.0102005004882812
-0.0453948974609375 -0.0104942321777344 0.00146865844726562 -0.00878000259399414
-0.0343303680419922 0.0166873931884766 -0.0401763916015625 0.0198898315429688
-0.0130863189697266 0.0214080810546875 -0.0482215881347656 0.0513076782226563
0.00181961059570312 0.0233612060546875 -0.036895751953125 0.100914001464844
0.00864601135253906 0.0241661071777344 -0.00669860839843749 0.132682800292969
0.00420570373535156 0.0209999084472656 0.011688232421875 0.132392883300781
0.00974082946777343 0.0228633880615234 0.00508117675781251 0.121932983398438
0.00378036499023437 0.0303421020507813 -0.016845703125 0.0994491577148437
-0.00838470458984375 0.0337276458740234 -0.0126571655273438 0.0587501525878906
-0.0277042388916016 0.0333728790283203 0.00850296020507812 0.0305252075195313
-0.0456199645996094 0.00362777709960938 0.0517234802246094 0.0372200012207031
-0.0358657836914063 -0.02099609375 0.116928100585937 0.0868759155273437
-0.0246562957763672 -0.0184803009033203 0.1258544921875 0.173858642578125
-0.0650100708007813 -0.0868911743164063 0.08465576171875 0.02032470703125
-0.0780029296875 -0.075469970703125 0.0647659301757813 0.00821685791015624
-0.0941696166992188 -0.0351028442382812 0.0123405456542969 -0.00911140441894531
-0.0883865356445312 0.010986328125 -0.0319042205810547 0.00822639465332031
-0.0598297119140625 0.0371017456054687 -0.0475845336914063 0.0347480773925781
-0.0332298278808594 0.0659713745117188 -0.0432052612304688 0.0897979736328125
-0.00705718994140625 0.073944091796875 -0.0131301879882812 0.116897583007813
-0.0103912353515625 0.0667991638183594 0.00846099853515626 0.115692138671875
-0.00670623779296875 0.0722198486328125 0.00521087646484374 0.105850219726563
-0.0196456909179688 0.073760986328125 -0.0131607055664063 0.086822509765625
-0.0411338806152344 0.0609664916992187 -0.00882720947265625 0.0466346740722656
-0.0668716430664062 0.0514183044433594 0.0126724243164062 0.0190639495849609
-0.0908660888671875 0.00295257568359377 0.064666748046875 0.0268898010253906
-0.0867080688476563 -0.0417861938476563 0.118804931640625 0.07647705078125
-0.078338623046875 -0.0513916015625 0.120025634765625 0.159988403320313
-0.103103637695313 -0.12249755859375 0.0575675964355469 -0.00476455688476563
-0.117401123046875 -0.107398986816406 0.0479278564453125 -0.00283432006835938
-0.133880615234375 -0.057891845703125 0.018157958984375 -0.00959968566894532
-0.134147644042969 0.00234222412109377 -0.0180797576904297 -0.00121116638183594
-0.100296020507813 0.0481643676757813 -0.0344657897949219 0.0159568786621094
-0.0652236938476563 0.0990829467773438 -0.0378036499023438 0.0636749267578125
-0.0222702026367187 0.113258361816406 -0.0161666870117187 0.08197021484375
-0.0237274169921875 0.103233337402344 0.00333404541015625 0.0809478759765625
-0.0199432373046875 0.111747741699219 0.00155639648437499 0.0748214721679688
-0.0378875732421875 0.110298156738281 -0.0120887756347656 0.0630111694335938
-0.0671539306640625 0.0876922607421875 -0.00740623474121094 0.0263843536376953
-0.0991592407226562 0.0696640014648438 0.01495361328125 0.00565528869628907
-0.128730773925781 0.00493621826171876 0.0686798095703125 0.0166358947753906
-0.129066467285156 -0.05474853515625 0.10107421875 0.0638656616210938
-0.122634887695313 -0.078948974609375 0.0953292846679687 0.134300231933594
-0.12762451171875 -0.135513305664062 0.0193519592285156 -0.0377883911132813
-0.140960693359375 -0.1180419921875 0.0202732086181641 -0.0199470520019531
-0.153884887695313 -0.065399169921875 0.0194206237792969 -0.00972175598144532
-0.156845092773438 -0.00222778320312497 -0.0017833709716797 -0.0115823745727539
-0.123191833496094 0.0523681640625 -0.0159673690795899 -0.00612831115722656
-0.0865936279296875 0.11651611328125 -0.0265216827392578 0.028350830078125
-0.034881591796875 0.134536743164063 -0.0155048370361328 0.0349216461181641
-0.0334396362304688 0.123329162597656 -0.0025634765625 0.0331745147705078
-0.030792236328125 0.135391235351563 -0.00312614440917969 0.0320167541503906
-0.0516204833984375 0.131584167480469 -0.00917816162109375 0.0281505584716797
-0.0857620239257812 0.100578308105469 -0.00516748428344727 0.00187397003173829
-0.119613647460938 0.0771102905273437 0.0150613784790039 -0.00793361663818359
-0.149368286132813 0.00482177734375002 0.0623817443847656 0.00804519653320313
-0.151580810546875 -0.06072998046875 0.0693893432617187 0.0495529174804687
-0.147598266601563 -0.092041015625 0.057403564453125 0.100181579589844
-0.13348388671875 -0.124702453613281 -0.0260009765625 -0.075775146484375
-0.14263916015625 -0.106170654296875 -0.0135765075683594 -0.0404281616210938
-0.149017333984375 -0.056060791015625 0.0122556686401367 -0.0131072998046875
-0.151687622070313 -0.000885009765625031 0.0118751525878906 -0.023406982421875
-0.121932983398437 0.0503005981445312 0.00403022766113281 -0.0298576354980469
-0.0909576416015625 0.11578369140625 -0.01141357421875 -0.0139646530151367
-0.04046630859375 0.13446044921875 -0.0131549835205078 -0.0179405212402344
-0.0385284423828125 0.125320434570313 -0.00858879089355469 -0.017913818359375
-0.0391006469726563 0.138313293457031 -0.00846576690673828 -0.0154953002929687
-0.060394287109375 0.132438659667969 -0.00663375854492188 -0.0114021301269531
-0.0939788818359375 0.0970077514648437 -0.00238227844238282 -0.0247459411621094
-0.125099182128906 0.070343017578125 0.0148754119873047 -0.0202884674072266
-0.148223876953125 -0.0020294189453125 0.0499343872070312 0.00236129760742188
-0.150100708007812 -0.0630340576171875 0.0288162231445312 0.0362548828125
-0.149368286132812 -0.0941619873046875 0.0119667053222656 0.0615501403808594
-0.118125915527344 -0.0932464599609375 -0.0702438354492188 -0.108306884765625
-0.11962890625 -0.0762863159179687 -0.0475425720214844 -0.0590286254882813
-0.116752624511719 -0.0378341674804687 -0.000638961791992196 -0.0179023742675781
-0.1180419921875 -0.000831604003906264 0.0186614990234375 -0.0349407196044922
-0.0991363525390625 0.0388565063476562 0.0174789428710937 -0.0503120422363281
-0.0798873901367188 0.0960159301757813 0.00117111206054687 -0.0533370971679687
-0.0397567749023438 0.114288330078125 -0.0107650756835938 -0.0672225952148437
-0.0373382568359375 0.108955383300781 -0.012786865234375 -0.0670852661132813
-0.04193115234375 0.121124267578125 -0.0101699829101562 -0.0616607666015625
-0.0626983642578125 0.110366821289063 -4.19616699218763E-05 -0.0504913330078125
-0.089630126953125 0.0748748779296875 0.00460052490234374 -0.0466957092285156
-0.112564086914063 0.047576904296875 0.0165481567382812 -0.0292148590087891
-0.1236572265625 -0.0140457153320313 0.0336017608642578 -0.00225257873535156
-0.122100830078125 -0.060211181640625 -0.0116977691650391 0.0204296112060547
-0.127906799316406 -0.0825271606445313 -0.0304050445556641 0.021575927734375
-0.0830764770507812 -0.0500411987304688 -0.106437683105469 -0.132095336914063
-0.0745010375976563 -0.0397796630859375 -0.07647705078125 -0.0721359252929688
-0.0658798217773438 -0.0197029113769531 -0.0165596008300781 -0.0214939117431641
-0.0678176879882813 -0.00397491455078124 0.0174217224121094 -0.0405769348144531
-0.0626106262207031 0.0196151733398437 0.0239105224609375 -0.0614891052246094
-0.0583992004394531 0.0616073608398438 0.00988006591796874 -0.0826950073242188
-0.0327529907226562 0.07708740234375 -0.00901794433593749 -0.105331420898437
-0.0309066772460937 0.0758209228515625 -0.0150375366210937 -0.106430053710938
-0.0389785766601563 0.0849227905273437 -0.00788116455078124 -0.0980987548828125
-0.0552978515625 0.0713043212890625 0.0118255615234375 -0.0812301635742188
-0.07086181640625 0.0400924682617188 0.0158767700195312 -0.0615768432617187
-0.0807418823242188 0.018218994140625 0.0208320617675781 -0.0328636169433594
-0.0781936645507813 -0.0213851928710937 0.0186061859130859 -0.00529670715332031
-0.0762481689453125 -0.0462417602539063 -0.0435066223144531 0.00327301025390625
-0.0881805419921875 -0.0564651489257812 -0.0636444091796875 -0.013824462890625
-0.0340728759765625 -0.00147438049316406 -0.131515502929687 -0.14312744140625
-0.0159492492675781 -0.00562572479248047 -0.0966720581054688 -0.0775070190429688
-0.00855541229248047 -0.00707197189331055 -0.0342311859130859 -0.0200901031494141
-0.0138711929321289 -0.0125656127929688 0.0106277465820313 -0.0393333435058594
-0.0228557586669922 -0.005950927734375 0.0239830017089844 -0.0633277893066406
-0.0330657958984375 0.0179252624511719 0.0130538940429688 -0.0993728637695313
-0.0237045288085937 0.0287609100341797 -0.00814819335937501 -0.127975463867188
-0.0199508666992187 0.0322933197021484 -0.0157623291015625 -0.129585266113281
-0.0288734436035156 0.0362510681152344 -0.00201416015625001 -0.12005615234375
-0.0343647003173828 0.0234508514404297 0.0261077880859375 -0.0978012084960938
-0.0354537963867187 0.00471115112304687 0.0288352966308594 -0.0649490356445313
-0.0321102142333984 -0.00589942932128906 0.0257225036621094 -0.0312099456787109
-0.0223331451416016 -0.0149383544921875 0.00559186935424804 -0.00758743286132813
-0.022796630859375 -0.0166530609130859 -0.0633354187011719 -0.0124893188476563
-0.03924560546875 -0.0173568725585938 -0.0829620361328125 -0.0396194458007813
-0.0188064575195312 -0.0419082641601563 0.100997924804688 0.02325439453125
-0.0306129455566406 -0.0352325439453125 0.0728378295898438 0.00775146484375
-0.0445365905761719 -0.00849533081054687 0.00274324417114258 -0.00861883163452149
-0.0326042175292969 0.0178318023681641 -0.0381889343261719 0.0224876403808594
-0.0115966796875 0.0212669372558594 -0.0450401306152344 0.053924560546875
0.00352096557617188 0.0221385955810547 -0.0309829711914063 0.103012084960938
0.0102787017822266 0.0232715606689453 0.00170135498046875 0.133323669433594
0.00522804260253906 0.0204582214355469 0.0205078125 0.131546020507812
0.0111560821533203 0.0218658447265625 0.0132064819335937 0.122169494628906
0.00559425354003906 0.0291709899902344 -0.011627197265625 0.100929260253906
-0.00609588623046875 0.0335483551025391 -0.00968933105468749 0.0599441528320313
-0.0246658325195313 0.0346126556396484 0.00972557067871094 0.0305347442626953
-0.0445899963378906 0.00608825683593751 0.0534248352050781 0.0341758728027344
-0.0361595153808594 -0.0184402465820313 0.121681213378906 0.0795364379882812
-0.0243263244628906 -0.0164852142333984 0.134918212890625 0.166122436523438
-0.0698394775390625 -0.082733154296875 0.0878524780273438 0.0176315307617188
-0.0814056396484375 -0.0707168579101563 0.0672264099121094 0.005584716796875
-0.0945053100585937 -0.0311126708984375 0.0132293701171875 -0.00971508026123047
-0.0870819091796875 0.014923095703125 -0.0310344696044922 0.0111484527587891
-0.0578498840332031 0.0398368835449219 -0.0453147888183594 0.0382843017578125
-0.0287094116210937 0.0668067932128906 -0.0371017456054688 0.0925979614257813
-0.0024566650390625 0.073638916015625 -0.00529479980468749 0.117866516113281
-0.00617980957031251 0.0672531127929688 0.0163955688476562 0.115501403808594
-0.0019073486328125 0.0721664428710938 0.0121612548828125 0.105819702148438
-0.0149688720703125 0.0743560791015625 -0.007568359375 0.0890274047851562
-0.0378379821777344 0.0635452270507813 -0.00639343261718751 0.048614501953125
-0.0625038146972656 0.0554466247558594 0.0130615234375 0.0191612243652344
-0.0897674560546875 0.00754547119140625 0.0654983520507813 0.0232429504394531
-0.0891036987304688 -0.03692626953125 0.122756958007812 0.06927490234375
-0.080596923828125 -0.0461044311523438 0.127960205078125 0.153472900390625
-0.109687805175781 -0.116104125976562 0.059722900390625 -0.00537490844726563
-0.122428894042969 -0.100776672363281 0.0492820739746094 -0.00390625000000001
-0.135749816894531 -0.0515899658203125 0.0183448791503906 -0.0104598999023438
-0.133766174316406 0.009246826171875 -0.0174150466918945 0.000500679016113284
-0.0974884033203125 0.0535049438476562 -0.0330219268798828 0.0188350677490234
-0.0589065551757813 0.102096557617188 -0.0328407287597656 0.0660133361816406
-0.0154190063476562 0.113304138183594 -0.010284423828125 0.0835418701171875
-0.0172195434570313 0.104652404785156 0.00888824462890624 0.0806884765625
-0.0127792358398437 0.112457275390625 0.00724029541015625 0.0750579833984375
-0.0308914184570313 0.11279296875 -0.00699234008789062 0.0652084350585938
-0.0621566772460938 0.0911788940429688 -0.0054779052734375 0.0281028747558594
-0.0947113037109375 0.075408935546875 0.0150794982910156 0.0061483383178711
-0.127593994140625 0.0112686157226562 0.0689468383789062 0.0126686096191406
-0.131706237792969 -0.0480422973632812 0.104331970214844 0.0582962036132813
-0.127388000488281 -0.07159423828125 0.1015625 0.129745483398438
-0.135299682617188 -0.129104614257812 0.019195556640625 -0.0369758605957031
-0.147186279296875 -0.110794067382812 0.0200080871582031 -0.0193119049072266
-0.156661987304688 -0.057708740234375 0.0190391540527344 -0.0108356475830078
-0.15740966796875 0.0064849853515625 -0.0024089813232422 -0.0104484558105469
-0.120887756347656 0.0590896606445313 -0.0151882171630859 -0.00408172607421874
-0.0789794921875 0.120803833007813 -0.0228424072265625 0.0300025939941406
-0.0260543823242187 0.135765075683594 -0.0128173828125 0.0360908508300781
-0.025421142578125 0.125923156738281 0.000478744506835936 0.0340671539306641
-0.0217132568359375 0.13763427734375 -0.000522613525390625 0.0324230194091797
-0.0434722900390625 0.135589599609375 -0.00649452209472657 0.0297794342041016
-0.0801544189453125 0.106430053710938 -0.00421857833862305 0.00386500358581544
-0.115814208984375 0.0848312377929688 0.0150032043457031 -0.00672721862792968
-0.14892578125 0.0128173828125 0.0620956420898437 0.00407028198242188
-0.155746459960938 -0.0538482666015625 0.0713348388671875 0.0460433959960938
-0.153823852539063 -0.0839691162109375 0.06103515625 0.09814453125
-0.140777587890625 -0.118804931640625 -0.0279922485351563 -0.0723724365234375
-0.14935302734375 -0.0995025634765625 -0.0158805847167969 -0.0375633239746094
-0.151382446289063 -0.0497283935546875 0.0120220184326172 -0.0134401321411133
-0.15252685546875 0.0072479248046875 0.0107021331787109 -0.0227146148681641
-0.120864868164063 0.0570220947265625 0.00346946716308593 -0.0287208557128906
-0.0839157104492188 0.120376586914063 -0.00972080230712891 -0.0124197006225586
-0.03179931640625 0.136085510253906 -0.0134830474853516 -0.0165071487426758
-0.0299911499023437 0.128662109375 -0.0088186264038086 -0.0172367095947266
-0.0292510986328125 0.141983032226563 -0.00845909118652344 -0.0145597457885742
-0.0524368286132813 0.1365966796875 -0.00594520568847657 -0.010380744934082
-0.0885848999023438 0.103515625 -0.00260162353515626 -0.0228977203369141
-0.121757507324219 0.078460693359375 0.0141162872314453 -0.0189399719238281
-0.148468017578125 0.00550842285156253 0.0489578247070312 -0.00164031982421875
-0.154251098632813 -0.0565643310546875 0.0298728942871094 0.0351085662841797
-0.156707763671875 -0.086700439453125 0.0140647888183594 0.0611419677734375
-0.123939514160156 -0.0892715454101562 -0.0746231079101563 -0.10369873046875
-0.124755859375 -0.0709762573242188 -0.0505104064941406 -0.054840087890625
-0.119369506835938 -0.0327606201171875 -0.00116729736328126 -0.0176658630371094
-0.119400024414063 0.00605010986328124 0.0169277191162109 -0.0344352722167969
-0.097991943359375 0.044921875 0.0163612365722656 -0.0498504638671875
-0.0741653442382813 0.10113525390625 0.000629425048828124 -0.0529403686523437
-0.031951904296875 0.116111755371094 -0.0137672424316406 -0.0659255981445312
-0.0305252075195313 0.112373352050781 -0.0162200927734375 -0.0650978088378906
-0.0333328247070313 0.124687194824219 -0.0134429931640625 -0.0606307983398437
-0.0559463500976563 0.115196228027344 -0.00174713134765625 -0.0499343872070312
-0.0858001708984375 0.080718994140625 0.00310897827148436 -0.0460357666015625
-0.11065673828125 0.0550079345703125 0.0150356292724609 -0.0286159515380859
-0.124443054199219 -0.00762176513671875 0.0328788757324219 -0.00445175170898438
-0.126823425292969 -0.055084228515625 -0.0111179351806641 0.0220470428466797
-0.133628845214844 -0.0763168334960937 -0.0305538177490234 0.0239162445068359
-0.0862350463867187 -0.0471878051757813 -0.112625122070313 -0.124664306640625
-0.077850341796875 -0.0374374389648438 -0.0802993774414062 -0.0673751831054688
-0.0678901672363281 -0.0169296264648437 -0.0178413391113281 -0.0204505920410156
-0.0693702697753906 -5.7220458984378E-05 0.0155677795410156 -0.0412483215332031
-0.0630531311035156 0.0231895446777344 0.0218467712402344 -0.0623626708984375
-0.054901123046875 0.0662422180175781 0.00701141357421874 -0.0836334228515625
-0.02752685546875 0.0789413452148438 -0.0147552490234375 -0.104423522949219
-0.02532958984375 0.0792160034179688 -0.021209716796875 -0.104232788085938
-0.0327377319335938 0.088653564453125 -0.0132675170898438 -0.0977096557617188
-0.0501632690429687 0.0756759643554688 0.0083465576171875 -0.081329345703125
-0.0689430236816406 0.0453910827636719 0.0137176513671875 -0.0611076354980469
-0.0802459716796875 0.0241470336914062 0.01898193359375 -0.0329742431640625
-0.0794219970703125 -0.0176010131835937 0.0174684524536133 -0.00725841522216797
-0.0801544189453125 -0.0436630249023437 -0.0445175170898438 0.00600433349609374
-0.0927581787109375 -0.0525588989257813 -0.0660896301269531 -0.0100784301757813
-0.0338706970214844 -0.00122451782226563 -0.137786865234375 -0.135467529296875
-0.0168123245239258 -0.00631999969482422 -0.100975036621094 -0.07147216796875
-0.0100936889648437 -0.00718784332275391 -0.0348129272460938 -0.0183010101318359
-0.0154886245727539 -0.0119895935058594 0.00930023193359375 -0.0397148132324219
-0.02410888671875 -0.0037994384765625 0.0218276977539062 -0.0652618408203125
-0.0320243835449219 0.0207767486572266 0.00855255126953125 -0.100677490234375
-0.0217609405517578 0.0302333831787109 -0.0162429809570313 -0.127243041992188
-0.0174102783203125 0.0340194702148437 -0.0234909057617188 -0.127700805664063
-0.0257034301757812 0.0391921997070313 -0.00923919677734375 -0.120040893554688
-0.0327568054199219 0.0267982482910156 0.0209503173828125 -0.0995330810546875
-0.0353584289550781 0.00701522827148437 0.0259895324707031 -0.0660438537597656
-0.0327377319335938 -0.00292968750000001 0.0238285064697266 -0.0322990417480469
-0.0236072540283203 -0.0137538909912109 0.0044107437133789 -0.00845813751220703
-0.0250148773193359 -0.0162429809570313 -0.0655250549316406 -0.00878143310546874
-0.0414581298828125 -0.0158767700195313 -0.0868453979492188 -0.0355148315429688
-0.0186424255371094 -0.039520263671875 0.101913452148438 0.0222091674804687
-0.0297889709472656 -0.0336627960205078 0.0740814208984375 0.00582122802734375
-0.0428123474121094 -0.00861740112304687 0.00346708297729492 -0.00848817825317383
-0.0312442779541016 0.0175666809082031 -0.0364761352539063 0.0235481262207031
-0.0113258361816406 0.0208549499511719 -0.0429153442382813 0.0553550720214844
0.00356864929199219 0.0208301544189453 -0.0275497436523438 0.102790832519531
0.0100879669189453 0.0220756530761719 0.00634002685546876 0.131080627441406
0.00550651550292969 0.0196247100830078 0.0254440307617188 0.129035949707031
0.0113067626953125 0.0200576782226563 0.0169448852539062 0.120697021484375
0.00670051574707031 0.0282669067382813 -0.00862884521484376 0.101028442382813
-0.00506973266601562 0.0333595275878906 -0.00861740112304688 0.059967041015625
-0.0229701995849609 0.0344257354736328 0.00937652587890625 0.0300979614257813
-0.0431289672851563 0.00704574584960937 0.0530548095703125 0.0322494506835938
-0.0362739562988281 -0.0167961120605469 0.121627807617188 0.0743865966796875
-0.0232524871826172 -0.0145988464355469 0.1363525390625 0.160079956054688
-0.0699691772460938 -0.0790634155273437 0.0889511108398438 0.017364501953125
-0.0811080932617188 -0.0676345825195313 0.0678520202636719 0.00505447387695312
-0.0923614501953125 -0.0287857055664063 0.0130796432495117 -0.00980949401855469
-0.0853195190429687 0.015869140625 -0.0297145843505859 0.0130767822265625
-0.0563468933105469 0.0402030944824219 -0.0427589416503906 0.0399093627929688
-0.0269889831542969 0.0658378601074219 -0.0330886840820313 0.0923385620117188
-0.000915527343750007 0.072265625 -0.001251220703125 0.116905212402344
-0.00393295288085938 0.0665130615234375 0.020416259765625 0.113136291503906
0.000503540039062494 0.070953369140625 0.0163116455078125 0.104560852050781
-0.0125579833984375 0.0735702514648438 -0.005462646484375 0.0889816284179688
-0.0352897644042969 0.0636558532714844 -0.00543212890625 0.0486221313476563
-0.0601615905761719 0.0564231872558594 0.012847900390625 0.0199031829833984
-0.08795166015625 0.00907897949218751 0.0649299621582031 0.0203704833984375
-0.0888748168945313 -0.0343170166015625 0.122291564941406 0.0650863647460938
-0.0800552368164063 -0.04315185546875 0.128829956054688 0.148178100585938
-0.111671447753906 -0.112106323242188 0.0608139038085937 -0.00489425659179688
-0.122756958007813 -0.096343994140625 0.0497589111328125 -0.00350952148437501
-0.134254455566406 -0.0481338500976562 0.0189094543457031 -0.00992774963378907
-0.131538391113281 0.0124588012695312 -0.0171136856079102 0.0022726058959961
-0.0953903198242187 0.0549240112304688 -0.0309867858886719 0.0203475952148438
-0.0553970336914063 0.100837707519531 -0.0290946960449219 0.0667304992675781
-0.01177978515625 0.111793518066406 -0.00655364990234375 0.0833969116210938
-0.0129776000976562 0.10418701171875 0.0123138427734375 0.0794143676757813
-0.0081939697265625 0.1124267578125 0.00968170166015626 0.0744400024414063
-0.02691650390625 0.112739562988281 -0.00461959838867187 0.0654983520507813
-0.059295654296875 0.0923919677734375 -0.003814697265625 0.0297508239746094
-0.0918121337890625 0.0771560668945313 0.0148715972900391 0.00695800781250001
-0.125175476074219 0.013427734375 0.0675468444824219 0.0101470947265625
-0.132583618164063 -0.0448074340820312 0.10369873046875 0.0548019409179688
-0.127754211425781 -0.0671463012695313 0.101760864257812 0.125656127929688
-0.137039184570312 -0.123733520507813 0.0198516845703125 -0.0347213745117188
-0.147918701171875 -0.106002807617187 0.0206279754638672 -0.0178642272949219
-0.154769897460938 -0.054229736328125 0.0189914703369141 -0.0106735229492188
-0.155349731445313 0.0102691650390625 -0.00230407714843751 -0.00881576538085938
-0.118522644042969 0.0621719360351563 -0.0139045715332031 -0.00280284881591796
-0.07440185546875 0.121131896972656 -0.0200004577636719 0.0307960510253906
-0.0215911865234375 0.133903503417969 -0.0104751586914063 0.0372886657714844
-0.0206985473632812 0.125625610351563 0.00177764892578125 0.0343017578125
-0.0164031982421875 0.136970520019531 0.00115013122558593 0.0325393676757813
-0.0388717651367188 0.135345458984375 -0.00434494018554688 0.0304298400878906
-0.07659912109375 0.107688903808594 -0.00290584564208985 0.00526857376098634
-0.111709594726563 0.0874404907226563 0.0145282745361328 -0.00582313537597656
-0.146453857421875 0.0145263671875 0.0609245300292969 0.00160598754882813
-0.156021118164063 -0.0504150390625 0.0712738037109375 0.044189453125
-0.154403686523438 -0.0788726806640625 0.0618133544921875 0.0952377319335937
-0.14263916015625 -0.114913940429688 -0.0277328491210938 -0.0685310363769532
-0.150192260742188 -0.0947113037109375 -0.0157470703125 -0.0356597900390625
-0.150863647460938 -0.045867919921875 0.0118331909179687 -0.0129842758178711
-0.151824951171875 0.011260986328125 0.0100421905517578 -0.0218791961669922
-0.1181640625 0.0598526000976563 0.00412750244140624 -0.0280609130859375
-0.0794219970703125 0.121177673339844 -0.00816059112548828 -0.0123386383056641
-0.0273361206054688 0.135261535644531 -0.0126399993896484 -0.0151462554931641
-0.0248336791992188 0.12847900390625 -0.00866127014160156 -0.0159063339233398
-0.023651123046875 0.1419677734375 -0.00823688507080078 -0.0142393112182617
-0.0474472045898438 0.137290954589844 -0.00484371185302735 -0.00967788696289061
-0.0852584838867187 0.10552978515625 -0.00206184387207032 -0.0210189819335937
-0.118331909179688 0.0816726684570312 0.0138797760009766 -0.0179386138916016
-0.146636962890625 0.00788879394531247 0.0475997924804687 -0.00279617309570312
-0.154937744140625 -0.053802490234375 0.0298099517822265 0.0340023040771484
-0.15704345703125 -0.0819854736328125 0.0142860412597656 0.0605735778808594
-0.12493896484375 -0.0868911743164062 -0.074188232421875 -0.0982894897460937
-0.125495910644531 -0.0683364868164063 -0.0512008666992188 -0.051483154296875
-0.119163513183594 -0.0305938720703125 -0.00135612487792969 -0.0165300369262695
-0.119270324707031 0.00926208496093749 0.0160350799560547 -0.0334815979003906
-0.0967025756835938 0.0475387573242187 0.0161857604980469 -0.0496253967285156
-0.0703353881835938 0.102073669433594 0.00101089477539062 -0.051910400390625
-0.02789306640625 0.115463256835938 -0.014892578125 -0.0636749267578125
-0.025115966796875 0.112152099609375 -0.0173759460449219 -0.0633697509765625
-0.0280609130859375 0.125404357910156 -0.0144004821777344 -0.0590133666992187
-0.05145263671875 0.116127014160156 -0.00184249877929688 -0.0487136840820313
-0.083251953125 0.08306884765625 0.00276184082031249 -0.0442733764648437
-0.107994079589844 0.0586471557617187 0.0146446228027344 -0.0272769927978516
-0.123115539550781 -0.0048980712890625 0.0316867828369141 -0.00584030151367188
-0.128028869628906 -0.0530624389648437 -0.0112972259521484 0.0220680236816406
-0.135093688964844 -0.0723190307617187 -0.0312442779541016 0.0246696472167969
-0.0868453979492188 -0.0465011596679688 -0.1126708984375 -0.119430541992187
-0.0791015625 -0.0367584228515625 -0.0810928344726562 -0.0629348754882813
-0.0682868957519531 -0.0156173706054688 -0.0173625946044922 -0.0191555023193359
-0.0698890686035156 0.00205230712890625 0.0146217346191406 -0.040771484375
-0.0628471374511719 0.0255088806152344 0.0210189819335938 -0.0623588562011719
-0.0522651672363281 0.0676040649414063 0.00602722167968749 -0.0829391479492188
-0.0245208740234375 0.0790328979492188 -0.01727294921875 -0.102287292480469
-0.0212860107421875 0.0794296264648437 -0.0243453979492188 -0.101211547851563
-0.0288543701171875 0.0901947021484375 -0.0160446166992188 -0.0959243774414063
-0.0468368530273438 0.0772323608398437 0.00650787353515625 -0.080902099609375
-0.0667304992675781 0.0476913452148438 0.0127525329589844 -0.0605430603027344
-0.0788116455078125 0.0272445678710937 0.0185813903808594 -0.0321788787841797
-0.0789566040039063 -0.0154342651367187 0.015904426574707 -0.00779342651367188
-0.0819091796875 -0.0424652099609375 -0.045013427734375 0.00763320922851562
-0.0940017700195313 -0.0501480102539063 -0.0668067932128906 -0.00868988037109375
-0.033935546875 -0.00296783447265624 -0.137908935546875 -0.129798889160156
-0.0183429718017578 -0.00724983215332031 -0.101264953613281 -0.0671844482421875
-0.0109004974365234 -0.00734233856201172 -0.0343379974365234 -0.0170173645019531
-0.0169467926025391 -0.0113792419433594 0.00818252563476562 -0.039337158203125
-0.0249767303466797 -0.00281906127929688 0.0209503173828125 -0.0656089782714844
-0.0308208465576172 0.022796630859375 0.00661468505859374 -0.100189208984375
-0.0195713043212891 0.0310096740722656 -0.019378662109375 -0.125045776367188
-0.0147132873535156 0.0349407196044922 -0.027618408203125 -0.124481201171875
-0.0229873657226562 0.041015625 -0.012542724609375 -0.117813110351563
-0.0312232971191406 0.0286827087402344 0.0176773071289062 -0.0985565185546875
-0.0347824096679688 0.00927543640136718 0.0243377685546875 -0.0653610229492188
-0.0328025817871094 -0.000703811645507806 0.0228614807128906 -0.031158447265625
-0.023956298828125 -0.0125255584716797 0.00253200531005859 -0.00881862640380859
-0.0266323089599609 -0.0163192749023437 -0.0662155151367188 -0.00673294067382812
-0.042449951171875 -0.0154037475585937 -0.0875244140625 -0.033447265625
-0.0171318054199219 -0.0388374328613281 0.104042053222656 0.0241165161132812
-0.0289573669433594 -0.0333919525146484 0.0760421752929688 0.00681304931640625
-0.0416030883789063 -0.00948333740234376 0.00451850891113281 -0.00789737701416016
-0.0310001373291016 0.0162258148193359 -0.0356521606445312 0.0238800048828125
-0.0121212005615234 0.0197486877441406 -0.0429534912109375 0.0552253723144531
0.00322914123535156 0.0199699401855469 -0.02789306640625 0.103012084960938
0.00938606262207031 0.0219688415527344 0.00661468505859375 0.131233215332031
0.00530815124511719 0.0188446044921875 0.0258712768554688 0.1287841796875
0.0113124847412109 0.0195121765136719 0.0173568725585938 0.121253967285156
0.00662994384765625 0.0276069641113281 -0.00954437255859376 0.101570129394531
-0.00548362731933594 0.0334987640380859 -0.0100479125976563 0.0607833862304688
-0.0221328735351563 0.0336685180664063 0.00922584533691406 0.0306224822998047
-0.0424003601074219 0.0071563720703125 0.0524711608886719 0.0327720642089844
-0.0359687805175781 -0.0164871215820313 0.121047973632813 0.0740814208984375
-0.0216712951660156 -0.0141201019287109 0.134140014648438 0.160446166992187
-0.0698623657226562 -0.0786361694335938 0.09039306640625 0.0192337036132813
-0.0792007446289062 -0.0687484741210938 0.0690193176269531 0.00642013549804687
-0.0911788940429688 -0.0310516357421875 0.014338493347168 -0.00933456420898438
-0.0857620239257812 0.0149765014648438 -0.0288734436035156 0.0138511657714844
-0.0571861267089844 0.0395698547363281 -0.0424156188964844 0.0400581359863281
-0.0271759033203125 0.0645637512207031 -0.0331268310546875 0.0926132202148438
-0.0012969970703125 0.0715713500976563 -0.000205993652343757 0.117774963378906
-0.00381851196289062 0.0663566589355469 0.0216751098632812 0.112930297851563
0.000854492187500002 0.0709228515625 0.0163726806640625 0.105339050292969
-0.012847900390625 0.073822021484375 -0.00474548339843749 0.0898513793945313
-0.0357551574707031 0.0642013549804688 -0.00575256347656251 0.0497970581054688
-0.060394287109375 0.0560226440429688 0.0125217437744141 0.0206947326660156
-0.08758544921875 0.00811004638671876 0.0635643005371094 0.0207176208496094
-0.0891036987304687 -0.0349273681640625 0.121978759765625 0.0653076171875
-0.0788726806640625 -0.0433578491210938 0.12689208984375 0.149505615234375
-0.110610961914062 -0.111785888671875 0.0625343322753906 -0.00260925292968751
-0.121688842773438 -0.097015380859375 0.0509796142578125 -0.00218963623046876
-0.133018493652344 -0.0508499145507813 0.0198078155517578 -0.00996971130371094
-0.132255554199219 0.0106887817382813 -0.0165338516235352 0.00342273712158204
-0.0960617065429687 0.0538101196289063 -0.0295982360839844 0.0213279724121094
-0.055145263671875 0.100296020507813 -0.0280418395996094 0.0669937133789063
-0.012298583984375 0.111305236816406 -0.0055999755859375 0.0840072631835938
-0.013275146484375 0.104278564453125 0.01275634765625 0.0791778564453125
-0.00782775878906251 0.112289428710937 0.00992584228515625 0.0744400024414063
-0.0265884399414062 0.11279296875 -0.00416183471679687 0.0661659240722656
-0.06072998046875 0.0925827026367188 -0.00404739379882813 0.0310134887695313
-0.0926132202148437 0.0775909423828125 0.0152320861816406 0.00842666625976563
-0.125579833984375 0.0119552612304687 0.0670547485351562 0.0104141235351562
-0.132980346679688 -0.0464935302734375 0.103164672851563 0.0553665161132813
-0.126762390136719 -0.0675201416015625 0.0998382568359375 0.127799987792969
-0.13726806640625 -0.125396728515625 0.0223731994628906 -0.0323810577392578
-0.147384643554688 -0.106826782226562 0.0217742919921875 -0.016204833984375
-0.154067993164062 -0.0571746826171875 0.0197925567626953 -0.00996971130371094
-0.1566162109375 0.00959777832031251 -0.00177574157714845 -0.00723886489868164
-0.119338989257813 0.0606918334960937 -0.0122919082641602 -0.00179576873779296
-0.0742568969726563 0.120559692382813 -0.0180397033691406 0.0312042236328125
-0.022125244140625 0.133537292480469 -0.00975036621093751 0.0379142761230469
-0.0206680297851563 0.125762939453125 0.00243949890136719 0.0348548889160156
-0.0163726806640625 0.138412475585938 0.00187873840332031 0.0324649810791016
-0.0389633178710937 0.136253356933594 -0.00329017639160156 0.0308761596679688
-0.0775985717773438 0.108718872070313 -0.00219535827636719 0.00650358200073243
-0.112602233886719 0.0880966186523438 0.0148324966430664 -0.00443363189697265
-0.147079467773438 0.012786865234375 0.0602149963378906 0.00185394287109375
-0.157257080078125 -0.053070068359375 0.07037353515625 0.0447540283203125
-0.154220581054688 -0.0804443359375 0.059722900390625 0.0968017578125
-0.14349365234375 -0.117202758789063 -0.0258636474609375 -0.0669097900390625
-0.150772094726563 -0.0973358154296875 -0.0152301788330078 -0.0340213775634766
-0.150543212890625 -0.0486602783203125 0.0128011703491211 -0.0117254257202148
-0.153076171875 0.010345458984375 0.0106124877929687 -0.0196876525878906
-0.119606018066406 0.0597381591796875 0.00593566894531249 -0.0262889862060547
-0.0796051025390625 0.120964050292969 -0.00668334960937501 -0.0118608474731445
-0.0273971557617188 0.135467529296875 -0.0116186141967773 -0.0134792327880859
-0.0247573852539063 0.129173278808594 -0.008331298828125 -0.0148944854736328
-0.022369384765625 0.143341064453125 -0.00822257995605469 -0.0138731002807617
-0.0476303100585938 0.138153076171875 -0.00423717498779297 -0.00929832458496093
-0.0867538452148438 0.105690002441406 -0.000621795654296882 -0.0202045440673828
-0.119384765625 0.0821914672851562 0.014124870300293 -0.0165567398071289
-0.14739990234375 0.00631713867187498 0.0470199584960937 -0.00371551513671875
-0.15679931640625 -0.0563507080078125 0.0287532806396484 0.0351104736328125
-0.156997680664063 -0.08331298828125 0.0125503540039062 0.0611953735351563
-0.125717163085938 -0.089263916015625 -0.0721511840820313 -0.0976333618164062
-0.126976013183594 -0.0701370239257813 -0.0510978698730469 -0.0503196716308594
-0.119842529296875 -0.0332260131835937 -0.000741958618164069 -0.0159177780151367
-0.121238708496094 0.00897216796875001 0.0165824890136719 -0.0316925048828125
-0.0990142822265625 0.0480422973632812 0.0178718566894531 -0.0485382080078125
-0.0713424682617187 0.103317260742188 0.0030059814453125 -0.0520553588867187
-0.028472900390625 0.115951538085937 -0.0138893127441406 -0.0628700256347656
-0.0250778198242187 0.113433837890625 -0.0176925659179688 -0.062347412109375
-0.0276870727539063 0.126991271972656 -0.0144691467285156 -0.0586662292480469
-0.0519943237304688 0.117240905761719 -0.000926971435546878 -0.0482978820800781
-0.0845794677734375 0.0840301513671875 0.00454330444335937 -0.0433235168457031
-0.109214782714844 0.0587692260742187 0.0153007507324219 -0.0260086059570313
-0.123916625976563 -0.00738525390624998 0.0312252044677734 -0.0065155029296875
-0.12957763671875 -0.055206298828125 -0.0128307342529297 0.0230255126953125
-0.136085510253906 -0.0737228393554687 -0.0325870513916016 0.0248699188232422
-0.0875473022460938 -0.049041748046875 -0.110939025878906 -0.119476318359375
-0.0803604125976563 -0.0383148193359375 -0.0811767578125 -0.0626983642578125
-0.0693206787109375 -0.0171165466308594 -0.0168991088867188 -0.0184993743896484
-0.071929931640625 0.0019378662109375 0.0152435302734375 -0.0398368835449219
-0.064178466796875 0.0264739990234375 0.0230522155761719 -0.0625534057617188
-0.0526695251464844 0.0686721801757813 0.00779724121093749 -0.0836029052734375
-0.0243301391601563 0.0794830322265625 -0.0161590576171875 -0.1019287109375
-0.0208358764648437 0.0801773071289063 -0.0238113403320313 -0.1007080078125
-0.0273513793945313 0.0910263061523438 -0.015472412109375 -0.0951156616210938
-0.0468673706054688 0.0780715942382812 0.00734710693359374 -0.0807723999023438
-0.0675697326660156 0.0484085083007813 0.0143394470214844 -0.0602149963378906
-0.0796356201171875 0.028228759765625 0.0187149047851563 -0.0310077667236328
-0.08013916015625 -0.0164031982421875 0.0152969360351562 -0.00812244415283203
-0.0836715698242187 -0.0439376831054688 -0.0461158752441406 0.00741958618164062
-0.0954360961914063 -0.0510101318359375 -0.0682487487792969 -0.00880050659179687
-0.0344524383544922 -0.00507164001464843 -0.135856628417969 -0.130889892578125
-0.0197906494140625 -0.0090179443359375 -0.101188659667969 -0.067169189453125
-0.0112104415893555 -0.00811862945556641 -0.033843994140625 -0.0167217254638672
-0.0178241729736328 -0.0111312866210938 0.00893783569335937 -0.0397872924804688
-0.0264663696289062 -0.00166511535644532 0.02166748046875 -0.06622314453125
-0.0312919616699219 0.0238685607910156 0.00727081298828125 -0.100982666015625
-0.0195159912109375 0.0311717987060547 -0.0194015502929688 -0.124870300292969
-0.0139999389648438 0.0354461669921875 -0.0276107788085938 -0.123664855957031
-0.0217323303222656 0.04168701171875 -0.0125579833984375 -0.117744445800781
-0.0304031372070312 0.0299816131591797 0.018402099609375 -0.0988845825195312
-0.0352935791015625 0.00962448120117187 0.0253486633300781 -0.0647811889648438
-0.0334815979003906 0.000244140625000004 0.0230941772460937 -0.0309219360351563
-0.0248985290527344 -0.0131988525390625 0.00125694274902344 -0.00911521911621094
-0.0286636352539062 -0.017364501953125 -0.0679244995117188 -0.00629425048828124
-0.0429878234863281 -0.0162124633789062 -0.0894546508789063 -0.0347061157226563
-0.0158233642578125 -0.0387458801269531 0.108818054199219 0.0280609130859375
-0.0274505615234375 -0.0353202819824219 0.0802001953125 0.00908660888671875
-0.0417976379394531 -0.0106124877929687 0.00588369369506836 -0.0086202621459961
-0.0321617126464844 0.0154933929443359 -0.0358467102050781 0.0247955322265625
-0.0123672485351562 0.0193405151367188 -0.0452194213867187 0.0563850402832031
0.0035247802734375 0.0200347900390625 -0.0304794311523437 0.106475830078125
0.00968360900878906 0.0227584838867188 0.00659179687500001 0.135292053222656
0.00515174865722656 0.0194683074951172 0.025390625 0.132843017578125
0.0111217498779297 0.020050048828125 0.0163726806640625 0.125205993652344
0.00722122192382813 0.0287399291992188 -0.01043701171875 0.105941772460937
-0.00559043884277344 0.0345211029052734 -0.0116729736328125 0.0640373229980469
-0.0230293273925781 0.0339870452880859 0.00801467895507813 0.0326557159423828
-0.0434494018554688 0.00653457641601563 0.0529861450195313 0.0348281860351563
-0.0364456176757813 -0.0162773132324219 0.124473571777344 0.076995849609375
-0.0213432312011719 -0.0143165588378906 0.135391235351563 0.167800903320312
-0.06976318359375 -0.08160400390625 0.09539794921875 0.0240631103515625
-0.0801162719726563 -0.0712738037109375 0.0731582641601563 0.00846099853515624
-0.0931396484375 -0.0350723266601563 0.0157861709594726 -0.00928020477294922
-0.0885467529296875 0.0133590698242188 -0.0290260314941406 0.0146064758300781
-0.0594520568847656 0.0390777587890625 -0.043304443359375 0.041778564453125
-0.0285415649414063 0.0654449462890625 -0.0342025756835937 0.0956573486328125
-0.002227783203125 0.0736312866210938 -0.000617980957031237 0.121482849121094
-0.00510025024414062 0.0683212280273438 0.0216903686523438 0.11651611328125
0.000404357910156257 0.0735626220703125 0.0160675048828125 0.10931396484375
-0.01416015625 0.0761871337890625 -0.00547790527343751 0.0942611694335938
-0.0387420654296875 0.0662498474121094 -0.00616455078125 0.05255126953125
-0.0630722045898438 0.0566177368164063 0.0117588043212891 0.0226421356201172
-0.0905685424804688 0.00694274902343751 0.0643882751464844 0.0225296020507813
-0.0928802490234375 -0.0374755859375 0.125022888183594 0.0689315795898437
-0.0814285278320313 -0.045654296875 0.127609252929688 0.1563720703125
-0.11224365234375 -0.116584777832031 0.0665740966796875 0.000644683837890618
-0.1236572265625 -0.102569580078125 0.0534515380859375 -0.000144958496093756
-0.135719299316406 -0.0568313598632813 0.0218944549560547 -0.00864028930664063
-0.137062072753906 0.00876617431640622 -0.0165281295776367 0.00457954406738281
-0.100959777832031 0.0541152954101562 -0.029409408569336 0.0219783782958984
-0.0591354370117188 0.101760864257813 -0.0279350280761719 0.0691909790039063
-0.014190673828125 0.114288330078125 -0.00594329833984376 0.0870132446289063
-0.0144729614257813 0.107269287109375 0.0121536254882812 0.0828323364257813
-0.0087127685546875 0.115959167480469 0.00986480712890624 0.0773162841796875
-0.0285873413085937 0.116973876953125 -0.00383377075195313 0.0687713623046875
-0.0636672973632813 0.0958786010742187 -0.00397682189941407 0.0331516265869141
-0.096771240234375 0.0790481567382812 0.0149021148681641 0.010523796081543
-0.130729675292969 0.00921630859374998 0.0674629211425781 0.0109596252441406
-0.137222290039063 -0.0500259399414063 0.105262756347656 0.058837890625
-0.129653930664063 -0.07159423828125 0.100227355957031 0.133834838867188
-0.140525817871094 -0.131301879882813 0.0241413116455078 -0.0301322937011719
-0.150634765625 -0.113479614257813 0.0230751037597656 -0.0151748657226563
-0.158294677734375 -0.0629425048828125 0.0210723876953125 -0.00919151306152344
-0.162826538085938 0.00726318359374999 -0.000827789306640635 -0.00577688217163086
-0.125251770019531 0.0616226196289063 -0.0115756988525391 -0.0014495849609375
-0.0793609619140625 0.122703552246094 -0.0165615081787109 0.0318145751953125
-0.0246658325195313 0.137771606445313 -0.00834274291992188 0.0400161743164063
-0.0219802856445313 0.1309814453125 0.00239562988281249 0.0363349914550781
-0.0171966552734375 0.143844604492188 0.00136184692382812 0.0341510772705078
-0.0411376953125 0.141403198242188 -0.00279808044433594 0.0328140258789063
-0.0828170776367188 0.111831665039062 -0.00113010406494141 0.0082383155822754
-0.119331359863281 0.0896682739257813 0.0157260894775391 -0.00207901000976562
-0.1529541015625 0.00970458984375 0.0607109069824219 0.00238037109375
-0.16375732421875 -0.0578765869140625 0.072174072265625 0.0478897094726562
-0.158447265625 -0.085296630859375 0.0592269897460938 0.101600646972656
-0.146163940429688 -0.123184204101563 -0.0236358642578125 -0.0666351318359375
-0.155364990234375 -0.10321044921875 -0.0145053863525391 -0.033111572265625
-0.155410766601563 -0.0550994873046875 0.0134267807006836 -0.0111331939697266
-0.159683227539063 0.00889587402343748 0.0117588043212891 -0.0187339782714844
-0.125694274902344 0.0602645874023438 0.00811576843261718 -0.0263710021972656
-0.084197998046875 0.124809265136719 -0.00423622131347657 -0.0121841430664062
-0.0307693481445312 0.138343811035156 -0.0106534957885742 -0.0138435363769531
-0.0260772705078125 0.133857727050781 -0.00812435150146485 -0.015049934387207
-0.0242919921875 0.148681640625 -0.00824737548828125 -0.0132284164428711
-0.0505218505859375 0.143478393554687 -0.00283098220825196 -0.00870704650878905
-0.0922088623046875 0.109443664550781 0.000675201416015617 -0.0195484161376953
-0.125564575195313 0.0843734741210938 0.0160255432128906 -0.0155057907104492
-0.152618408203125 0.00228881835937498 0.046783447265625 -0.0032958984375
-0.16339111328125 -0.0611724853515625 0.0291290283203125 0.0370063781738281
-0.162078857421875 -0.0875396728515625 0.0111122131347656 0.0643539428710938
-0.130058288574219 -0.0950851440429688 -0.0716094970703125 -0.099212646484375
-0.132232666015625 -0.076446533203125 -0.0519294738769531 -0.05120849609375
-0.124359130859375 -0.0381622314453125 -0.000349998474121102 -0.0152521133422852
-0.126350402832031 0.00716400146484376 0.0172290802001953 -0.0316810607910156
-0.104080200195312 0.0495223999023438 0.0206375122070312 -0.0491905212402344
-0.0749282836914063 0.106674194335938 0.00528335571289062 -0.0541915893554688
-0.0305328369140625 0.11956787109375 -0.0126724243164062 -0.0643463134765625
-0.0259857177734375 0.117012023925781 -0.0169105529785156 -0.0635032653808594
-0.0286636352539063 0.132148742675781 -0.0140724182128906 -0.0597114562988281
-0.0544052124023438 0.122833251953125 0.000759124755859373 -0.0500373840332031
-0.0890426635742188 0.08709716796875 0.00572586059570312 -0.0443992614746094
-0.114089965820313 0.0612716674804687 0.0166301727294922 -0.0255794525146484
-0.128692626953125 -0.010101318359375 0.0300235748291016 -0.00657081604003906
-0.135688781738281 -0.0601043701171875 -0.0145606994628906 0.0245914459228516
-0.140533447265625 -0.0785369873046875 -0.0356369018554688 0.0256462097167969
-0.091064453125 -0.0539398193359375 -0.111297607421875 -0.123764038085938
-0.084228515625 -0.0425796508789062 -0.083465576171875 -0.064544677734375
-0.0724105834960937 -0.019775390625 -0.0175819396972656 -0.01898193359375
-0.0750350952148438 0.000984191894531237 0.0164146423339844 -0.0399856567382812
-0.0680580139160156 0.0274467468261719 0.0253639221191406 -0.0637893676757813
-0.055511474609375 0.0718612670898437 0.0098876953125 -0.0864639282226563
-0.0261077880859375 0.0826950073242188 -0.0154953002929688 -0.104766845703125
-0.02239990234375 0.0828933715820313 -0.0238037109375 -0.104034423828125
-0.0282745361328125 0.09521484375 -0.015594482421875 -0.0981597900390625
-0.04931640625 0.0820236206054688 0.00951385498046874 -0.0839080810546875
-0.0712661743164063 0.0492630004882813 0.0161552429199219 -0.0608711242675781
-0.0826034545898438 0.0293045043945313 0.0203456878662109 -0.0312404632568359
-0.083282470703125 -0.0188064575195312 0.0144863128662109 -0.00843048095703125
-0.0877761840820313 -0.0476531982421875 -0.0490570068359375 0.00924301147460938
-0.0989837646484375 -0.0560836791992188 -0.0711746215820313 -0.0104827880859375
-0.0365333557128906 -0.00788497924804687 -0.137077331542969 -0.136703491210937
-0.0216636657714844 -0.0109119415283203 -0.104042053222656 -0.0707168579101562
-0.0130643844604492 -0.0092620849609375 -0.0348281860351563 -0.0177650451660156
-0.0200634002685547 -0.0113296508789063 0.00940322875976563 -0.0408744812011719
-0.0281352996826172 -0.000738143920898432 0.0246353149414063 -0.0684585571289063
-0.0321807861328125 0.0259342193603516 0.00992584228515624 -0.10498046875
-0.0206012725830078 0.0331745147705078 -0.0180511474609375 -0.129188537597656
-0.0145378112792969 0.0367584228515625 -0.0273895263671875 -0.127098083496094
-0.0222053527832031 0.044158935546875 -0.0122146606445312 -0.121070861816406
-0.0315971374511719 0.0315513610839844 0.0202789306640625 -0.102287292480469
-0.0367622375488281 0.0105743408203125 0.0276374816894531 -0.0675163269042969
-0.0347175598144531 0.00156402587890625 0.0247650146484375 -0.0314083099365234
-0.0263195037841797 -0.0136947631835938 0.000208854675292966 -0.00933361053466797
-0.0306949615478516 -0.0186958312988281 -0.0716171264648438 -0.00739288330078126
-0.0457801818847656 -0.0179252624511719 -0.092926025390625 -0.0373687744140625
-0.0151252746582031 -0.0397911071777344 0.117835998535156 0.030609130859375
-0.0278205871582031 -0.0374298095703125 0.0868301391601562 0.0101547241210937
-0.0436897277832031 -0.01287841796875 0.00768566131591797 -0.00873756408691406
-0.033660888671875 0.0157909393310547 -0.0372123718261719 0.0267982482910156
-0.0139141082763672 0.0198116302490234 -0.0474967956542969 0.0601234436035156
0.00230026245117188 0.0196971893310547 -0.0317459106445313 0.114021301269531
0.00986289978027344 0.0229072570800781 0.0076751708984375 0.144393920898437
0.00481414794921875 0.0208301544189453 0.0279083251953125 0.140304565429688
0.0118427276611328 0.0205345153808594 0.0186920166015625 0.133460998535156
0.00803947448730469 0.0295886993408203 -0.01104736328125 0.114250183105469
-0.0052490234375 0.0358161926269531 -0.0120391845703125 0.0689239501953125
-0.0235366821289063 0.0361251831054688 0.00803756713867188 0.0351524353027344
-0.045745849609375 0.00732421875 0.0551795959472656 0.0365180969238281
-0.03814697265625 -0.0164833068847656 0.13134765625 0.081451416015625
-0.0217075347900391 -0.0144004821777344 0.142730712890625 0.177566528320313
-0.0726547241210938 -0.0851058959960937 0.103752136230469 0.0265884399414062
-0.08380126953125 -0.075927734375 0.0789108276367188 0.0103912353515625
-0.0983963012695313 -0.0381851196289063 0.0176601409912109 -0.00935173034667969
-0.0938186645507813 0.0132980346679687 -0.0302600860595703 0.0161895751953125
-0.063812255859375 0.0406265258789063 -0.0450820922851563 0.0444221496582031
-0.0319709777832031 0.0680389404296875 -0.0352783203125 0.103050231933594
-0.0026092529296875 0.077423095703125 0.00081634521484375 0.129257202148438
-0.0055084228515625 0.0724716186523438 0.0232772827148438 0.123298645019531
0.000839233398437507 0.077117919921875 0.0179519653320312 0.115852355957031
-0.0138320922851562 0.0804672241210938 -0.00498199462890625 0.100608825683594
-0.0406112670898438 0.0703125 -0.00664138793945313 0.0571517944335938
-0.0665321350097656 0.060577392578125 0.0129776000976562 0.0257434844970703
-0.0971145629882812 0.00705718994140625 0.0675735473632813 0.0242919921875
-0.0981521606445313 -0.039337158203125 0.132545471191406 0.0721893310546875
-0.0856704711914063 -0.0482177734375 0.134078979492188 0.1676025390625
-0.118927001953125 -0.123245239257813 0.0726394653320312 0.00283050537109374
-0.131271362304688 -0.109344482421875 0.0577011108398437 0.00189208984374999
-0.143463134765625 -0.0621490478515625 0.0234870910644531 -0.00850486755371094
-0.145370483398438 0.0091400146484375 -0.0161933898925781 0.00649166107177734
-0.107803344726563 0.056915283203125 -0.0303401947021484 0.0244350433349609
-0.0629501342773438 0.107437133789063 -0.0281219482421875 0.074676513671875
-0.0155105590820312 0.120384216308594 -0.00447845458984374 0.0934982299804688
-0.0153045654296875 0.114608764648438 0.0142288208007812 0.0877151489257813
-0.00800323486328124 0.124160766601563 0.010833740234375 0.0826187133789063
-0.0297164916992187 0.124038696289063 -0.00330352783203126 0.0745925903320313
-0.0681304931640625 0.102668762207031 -0.00365829467773438 0.0359115600585938
-0.1026611328125 0.084716796875 0.0158119201660156 0.0127925872802734
-0.139671325683594 0.010040283203125 0.0704116821289062 0.0118942260742188
-0.147705078125 -0.0538330078125 0.111701965332031 0.0624771118164063
-0.137748718261719 -0.0759735107421875 0.105606079101562 0.14349365234375
-0.148818969726562 -0.138519287109375 0.0286750793457031 -0.0293445587158203
-0.1611328125 -0.12103271484375 0.0248432159423828 -0.0137920379638672
-0.168777465820313 -0.0694427490234375 0.0228176116943359 -0.00833892822265625
-0.173995971679688 0.00747680664062503 -5.34057617187603E-05 -0.00442314147949219
-0.134170532226563 0.06512451171875 -0.0104341506958008 -0.000848770141601557
-0.0844268798828125 0.130897521972656 -0.0160713195800781 0.0345287322998047
-0.02655029296875 0.145614624023437 -0.00720596313476563 0.0433311462402344
-0.0227508544921875 0.139945983886719 0.00376510620117188 0.03851318359375
-0.01678466796875 0.152816772460938 0.00185394287109375 0.0378150939941406
-0.0427398681640625 0.151214599609375 -0.00201034545898438 0.0352210998535156
-0.0883102416992188 0.120628356933594 -0.000696182250976568 0.00908470153808594
-0.126174926757813 0.0968093872070312 0.0170803070068359 -0.00153827667236328
-0.16326904296875 0.00930786132812499 0.0624771118164062 0.0027313232421875
-0.17596435546875 -0.0624542236328125 0.076202392578125 0.0510711669921875
-0.16864013671875 -0.090576171875 0.062042236328125 0.109466552734375
-0.156478881835938 -0.131301879882812 -0.0232887268066406 -0.0685234069824219
-0.166885375976563 -0.11053466796875 -0.0157680511474609 -0.0332279205322266
-0.166717529296875 -0.06097412109375 0.0147943496704101 -0.0102968215942383
-0.1712646484375 0.00878906250000002 0.0130023956298828 -0.017913818359375
-0.135063171386719 0.0652084350585938 0.00979042053222656 -0.0281352996826172
-0.0891342163085938 0.132987976074219 -0.00209140777587891 -0.0126094818115234
-0.032257080078125 0.147750854492188 -0.00972747802734375 -0.0136823654174805
-0.026885986328125 0.143142700195313 -0.00823307037353516 -0.0152549743652344
-0.023468017578125 0.1591796875 -0.00838661193847656 -0.0132246017456055
-0.052764892578125 0.15411376953125 -0.00230979919433594 -0.00957584381103515
-0.0983734130859375 0.11822509765625 0.00171661376953124 -0.0203514099121094
-0.133865356445313 0.0914077758789063 0.017552375793457 -0.0149621963500977
-0.164505004882813 0.00152587890625 0.0485305786132812 -0.00351333618164063
-0.175674438476563 -0.066558837890625 0.0299949645996094 0.0402183532714844
-0.173171997070312 -0.094268798828125 0.00989151000976561 0.0697288513183594
-0.139083862304687 -0.102157592773438 -0.0740737915039063 -0.104278564453125
-0.143051147460938 -0.08160400390625 -0.0551033020019531 -0.0522537231445313
-0.13372802734375 -0.0421524047851563 -3.62396240234462E-05 -0.0149955749511719
-0.137001037597656 0.00875854492187501 0.0194339752197266 -0.0319328308105469
-0.112350463867187 0.0534439086914063 0.0233230590820312 -0.052459716796875
-0.0796051025390625 0.115013122558594 0.00751113891601563 -0.057098388671875
-0.0319290161132813 0.127761840820313 -0.0125274658203125 -0.0678939819335937
-0.026947021484375 0.125747680664063 -0.0178604125976562 -0.0665664672851562
-0.029022216796875 0.141754150390625 -0.0144195556640625 -0.0630111694335937
-0.0566329956054688 0.131599426269531 0.000782012939453124 -0.0529632568359375
-0.0959091186523438 0.0940170288085937 0.00748062133789062 -0.0470352172851562
-0.121696472167969 0.0665283203125 0.0182609558105469 -0.0267162322998047
-0.13818359375 -0.011627197265625 0.0308570861816406 -0.00719833374023438
-0.147247314453125 -0.0647125244140625 -0.015777587890625 0.0271263122558594
-0.150070190429688 -0.0842132568359375 -0.0384178161621094 0.0283393859863281
-0.0987167358398437 -0.0587387084960938 -0.11724853515625 -0.130424499511719
-0.092193603515625 -0.0458755493164063 -0.0887985229492188 -0.066925048828125
-0.0790481567382813 -0.0232315063476563 -0.0182342529296875 -0.0187091827392578
-0.08251953125 0.0013427734375 0.0175132751464844 -0.0414199829101563
-0.0738296508789063 0.0303497314453125 0.0281982421875 -0.0684356689453125
-0.058563232421875 0.078094482421875 0.0120086669921875 -0.0923995971679687
-0.0276336669921875 0.0886306762695313 -0.016021728515625 -0.110862731933594
-0.0223388671875 0.0891571044921875 -0.0250473022460937 -0.108078002929688
-0.0279541015625 0.102645874023438 -0.0168533325195312 -0.10345458984375
-0.0512237548828125 0.0890045166015625 0.00919342041015624 -0.0890121459960938
-0.0766067504882813 0.0543594360351563 0.0178947448730469 -0.0655632019042969
-0.0883331298828125 0.0325241088867188 0.0219230651855469 -0.0324840545654297
-0.0896453857421875 -0.02044677734375 0.0139751434326172 -0.0095510482788086
-0.09613037109375 -0.0509796142578125 -0.0534629821777344 0.0100784301757813
-0.106498718261719 -0.0587081909179688 -0.077667236328125 -0.0102081298828125
-0.0407524108886719 -0.0097198486328125 -0.145111083984375 -0.145431518554687
-0.0257568359375 -0.0126743316650391 -0.11090087890625 -0.0743942260742188
-0.0149803161621094 -0.0110139846801758 -0.0364990234375 -0.0179672241210938
-0.0226192474365234 -0.0122928619384766 0.0102729797363281 -0.0429573059082031
-0.031158447265625 -0.000160217285156253 0.0265579223632813 -0.073272705078125
-0.034271240234375 0.0296115875244141 0.0106201171875 -0.113029479980469
-0.0214195251464844 0.0360641479492187 -0.0195083618164063 -0.137031555175781
-0.0145378112792969 0.0398063659667969 -0.0289840698242188 -0.134071350097656
-0.0216445922851562 0.0485801696777344 -0.0141754150390625 -0.127937316894531
-0.03265380859375 0.0352058410644531 0.0211257934570313 -0.109375
-0.0393295288085938 0.0127182006835937 0.0297698974609375 -0.0711898803710937
-0.0369758605957031 0.00238800048828125 0.0261974334716797 -0.0331020355224609
-0.0290393829345703 -0.0137424468994141 -0.000746726989746095 -0.0102071762084961
-0.0356292724609375 -0.0204887390136719 -0.0776138305664063 -0.00656890869140624
-0.0502281188964844 -0.0200920104980469 -0.100898742675781 -0.0406341552734375
-0.0153617858886719 -0.0409164428710938 0.129470825195313 0.0289154052734375
-0.0305290222167969 -0.0391159057617188 0.095703125 0.0077362060546875
-0.0461158752441406 -0.0138473510742188 0.00774288177490234 -0.00995540618896484
-0.0349941253662109 0.0172901153564453 -0.0380592346191406 0.0303001403808594
-0.0146656036376953 0.0207443237304688 -0.0482902526855469 0.0667724609375
0.00282859802246094 0.0201454162597656 -0.0286483764648438 0.124481201171875
0.0107669830322266 0.0230064392089844 0.0146331787109375 0.1533203125
0.00687408447265625 0.0209007263183594 0.0359954833984375 0.14837646484375
0.0135154724121094 0.020599365234375 0.0252227783203125 0.142349243164063
0.00941085815429688 0.0300407409667969 -0.00734710693359375 0.1229248046875
-0.0042724609375 0.0389518737792969 -0.0105972290039062 0.0753326416015625
-0.0237693786621094 0.0393295288085938 0.00960922241210937 0.0385055541992188
-0.0480499267578125 0.0101280212402344 0.0598983764648438 0.0372314453125
-0.040802001953125 -0.0156707763671875 0.143020629882813 0.080657958984375
-0.0221748352050781 -0.0137672424316406 0.15826416015625 0.186248779296875
-0.07940673828125 -0.0875167846679688 0.114532470703125 0.0268020629882812
-0.09185791015625 -0.0772933959960938 0.0870895385742187 0.00894165039062499
-0.105323791503906 -0.0392913818359375 0.0201549530029297 -0.0103816986083984
-0.0998687744140625 0.0172576904296875 -0.0299549102783203 0.0184974670410156
-0.0674972534179688 0.0445442199707031 -0.0460968017578125 0.0492439270019531
-0.0321502685546875 0.0734710693359375 -0.0324935913085937 0.112113952636719
-0.00164794921875 0.0816497802734375 0.00699615478515626 0.138320922851563
-0.0032501220703125 0.078643798828125 0.0300064086914063 0.130653381347656
0.00335693359375 0.0817642211914063 0.0235214233398438 0.124244689941406
-0.0115890502929687 0.0871353149414062 -0.00209045410156249 0.108879089355469
-0.0406036376953125 0.0767593383789063 -0.00432968139648438 0.0625724792480469
-0.0694999694824219 0.067779541015625 0.0152606964111328 0.0278587341308594
-0.104110717773438 0.00921630859374998 0.0721969604492188 0.0231399536132813
-0.107490539550781 -0.038818359375 0.143096923828125 0.072601318359375
-0.0922088623046875 -0.048004150390625 0.14874267578125 0.176040649414063
-0.130348205566406 -0.127960205078125 0.0800399780273437 0.00408172607421874
-0.144393920898438 -0.110946655273438 0.0636329650878906 0.000774383544921868
-0.156051635742188 -0.063507080078125 0.0262565612792969 -0.00942420959472657
-0.155410766601563 0.0139923095703125 -0.0160131454467774 0.00862884521484375
-0.115432739257813 0.0641555786132813 -0.0300636291503906 0.0255699157714844
-0.0647125244140625 0.11676025390625 -0.0260086059570312 0.0800323486328125
-0.0130233764648437 0.129486083984375 0.000488281250000002 0.0997085571289063
-0.0120086669921875 0.123992919921875 0.0194854736328125 0.0929183959960938
-0.00321960449218751 0.132591247558594 0.0146484375 0.0887985229492188
-0.0263290405273438 0.135223388671875 -0.000259399414062494 0.0795822143554688
-0.0690078735351562 0.113410949707031 -0.00195693969726563 0.0396575927734375
-0.108299255371094 0.0953216552734375 0.0180759429931641 0.0148334503173828
-0.150146484375 0.01422119140625 0.0736846923828125 0.01025390625
-0.162460327148438 -0.05279541015625 0.121978759765625 0.0629806518554688
-0.150039672851563 -0.076202392578125 0.117599487304687 0.151611328125
-0.164169311523438 -0.143661499023437 0.0329341888427734 -0.0299720764160156
-0.178085327148438 -0.123504638671875 0.0269908905029297 -0.0129337310791016
-0.185012817382813 -0.0709686279296875 0.0252265930175781 -0.00866127014160157
-0.18658447265625 0.013824462890625 0.00112462043762206 -0.00301337242126465
-0.144058227539062 0.0745086669921875 -0.00966644287109376 0.000763893127441409
-0.08575439453125 0.144577026367188 -0.0138587951660156 0.0381278991699219
-0.0233612060546875 0.156906127929688 -0.00577926635742187 0.0470733642578125
-0.0184478759765625 0.150863647460938 0.00530242919921875 0.0419883728027344
-0.01080322265625 0.16497802734375 0.00379562377929688 0.0420951843261719
-0.03997802734375 0.1644287109375 0.00016021728515625 0.0375289916992188
-0.0912399291992188 0.133949279785156 0.00078201293945312 0.0101833343505859
-0.132225036621094 0.108970642089844 0.0185813903808594 -0.000814437866210931
-0.176544189453125 0.014495849609375 0.065765380859375 0.000980377197265626
-0.19244384765625 -0.0610198974609375 0.0825958251953125 0.0517578125
-0.184402465820313 -0.091552734375 0.070343017578125 0.11676025390625
-0.173294067382813 -0.136367797851563 -0.0249481201171875 -0.0708694458007813
-0.184173583984375 -0.111663818359375 -0.0176239013671875 -0.0315532684326172
-0.18243408203125 -0.062469482421875 0.0161552429199219 -0.0101528167724609
-0.185470581054687 0.01654052734375 0.0140218734741211 -0.0169906616210937
-0.143783569335938 0.074737548828125 0.0103435516357422 -0.0301971435546875
-0.091033935546875 0.146041870117188 -0.000398635864257817 -0.0134658813476562
-0.02935791015625 0.160888671875 -0.00998592376708984 -0.0138988494873047
-0.0223236083984375 0.156051635742188 -0.00734615325927735 -0.0150442123413086
-0.01824951171875 0.171676635742188 -0.00876045227050781 -0.0124492645263672
-0.049530029296875 0.169052124023437 -0.00180625915527344 -0.010584831237793
-0.102081298828125 0.132186889648437 0.00310516357421874 -0.0208644866943359
-0.140350341796875 0.104293823242187 0.0183258056640625 -0.0156822204589844
-0.177032470703125 0.00677490234374998 0.0501632690429687 -0.00556564331054688
-0.19342041015625 -0.066253662109375 0.0331268310546875 0.0422019958496094
-0.188217163085938 -0.0948486328125 0.0135040283203125 0.0757217407226563
-0.15338134765625 -0.105209350585937 -0.081817626953125 -0.106887817382813
-0.158370971679687 -0.0830078125 -0.0614395141601563 -0.0519866943359375
-0.147933959960938 -0.042022705078125 -0.000669479370117195 -0.0138101577758789
-0.148269653320313 0.014617919921875 0.0201320648193359 -0.0329551696777344
-0.120864868164063 0.0631790161132813 0.0248336791992187 -0.0582389831542969
-0.0811843872070313 0.127197265625 0.00791549682617186 -0.0618820190429687
-0.0294265747070313 0.139457702636719 -0.015411376953125 -0.0716629028320312
-0.0225906372070313 0.13665771484375 -0.0207786560058594 -0.0688438415527344
-0.02264404296875 0.153106689453125 -0.0189933776855469 -0.06634521484375
-0.054443359375 0.14544677734375 -0.000926971435546879 -0.0572662353515625
-0.0999069213867188 0.105422973632813 0.00774383544921874 -0.0505714416503906
-0.129074096679688 0.0766983032226563 0.0187530517578125 -0.0281028747558594
-0.150054931640625 -0.00886535644531253 0.0309162139892578 -0.00883865356445313
-0.163070678710938 -0.065643310546875 -0.0158042907714844 0.0298194885253906
-0.165618896484375 -0.08514404296875 -0.0421600341796875 0.0327110290527344
-0.109664916992188 -0.0598297119140625 -0.128189086914063 -0.134498596191406
-0.103599548339844 -0.0466232299804687 -0.0980453491210937 -0.0662765502929688
-0.0873947143554687 -0.0238418579101562 -0.0187835693359375 -0.0178165435791016
-0.0911178588867188 0.00427246093750001 0.0175094604492187 -0.043487548828125
-0.079345703125 0.0364227294921875 0.0285720825195313 -0.075286865234375
-0.0602951049804687 0.0876235961914063 0.0107040405273437 -0.100502014160156
-0.0255966186523437 0.0973129272460937 -0.020172119140625 -0.11767578125
-0.019012451171875 0.0975265502929688 -0.0311965942382812 -0.114013671875
-0.0252914428710938 0.111839294433594 -0.02239990234375 -0.10968017578125
-0.05023193359375 0.0993270874023438 0.005889892578125 -0.09552001953125
-0.0805587768554687 0.0622177124023438 0.0173568725585938 -0.0706710815429688
-0.0936965942382812 0.0402069091796875 0.0229301452636719 -0.0356788635253906
-0.0992584228515625 -0.0184097290039063 0.0126419067382812 -0.0107603073120117
-0.107757568359375 -0.0525054931640625 -0.0576858520507813 0.0145149230957031
-0.116966247558594 -0.060394287109375 -0.0849151611328125 -0.00759887695312499
-0.0452232360839844 -0.00967025756835938 -0.15875244140625 -0.150741577148437
-0.0302581787109375 -0.0134563446044922 -0.122383117675781 -0.0743026733398438
-0.0174684524536133 -0.0121974945068359 -0.03887939453125 -0.0173149108886719
-0.0263633728027344 -0.0129051208496094 0.00950241088867187 -0.0465774536132813
-0.0339126586914063 0.00229454040527343 0.026580810546875 -0.0804367065429688
-0.0346164703369141 0.0348491668701172 0.00811004638671875 -0.121818542480469
-0.0203590393066406 0.0409393310546875 -0.0262603759765625 -0.146377563476563
-0.0133056640625 0.044097900390625 -0.0361328125 -0.141082763671875
-0.0204887390136719 0.0532073974609375 -0.0194625854492188 -0.136825561523438
-0.0329971313476562 0.0404624938964844 0.0180511474609375 -0.118026733398438
-0.0427818298339844 0.0157737731933594 0.0291290283203125 -0.0772628784179687
-0.0392303466796875 0.00537490844726563 0.0261993408203125 -0.0364456176757813
-0.0327663421630859 -0.0133190155029297 -0.00264453887939453 -0.0106496810913086
-0.0414924621582031 -0.0203170776367188 -0.0835037231445313 -0.003143310546875
-0.0558013916015625 -0.0206298828125 -0.110794067382813 -0.0400619506835938
-0.0161895751953125 -0.0410308837890625 0.141754150390625 0.022705078125
-0.0317420959472656 -0.0399971008300781 0.1019287109375 0.00243377685546875
-0.048370361328125 -0.0122184753417969 0.00948524475097656 -0.0115137100219727
-0.0355873107910156 0.0207099914550781 -0.03546142578125 0.0351104736328125
-0.0134391784667969 0.0215606689453125 -0.0449447631835938 0.07513427734375
0.00232696533203125 0.0187587738037109 -0.021759033203125 0.132255554199219
0.0117626190185547 0.0214157104492188 0.026397705078125 0.16064453125
0.00702476501464844 0.0212745666503906 0.046966552734375 0.152862548828125
0.0161533355712891 0.0187644958496094 0.03497314453125 0.147705078125
0.0135440826416016 0.0316009521484375 0.000549316406249995 0.133346557617188
-0.001373291015625 0.0405158996582031 -0.00701904296875 0.0808486938476563
-0.0206985473632813 0.0426597595214844 0.0123672485351563 0.039794921875
-0.04736328125 0.0136260986328125 0.0647239685058594 0.0347785949707031
-0.0437202453613281 -0.0120468139648438 0.154037475585937 0.073822021484375
-0.0227680206298828 -0.0115222930908203 0.177780151367188 0.18548583984375
-0.0873641967773438 -0.0865707397460938 0.124496459960938 0.0209732055664062
-0.100502014160156 -0.076385498046875 0.09429931640625 0.006378173828125
-0.11309814453125 -0.0379257202148437 0.0215263366699219 -0.0139122009277344
-0.103401184082031 0.0224227905273437 -0.0282535552978516 0.0233898162841797
-0.0692214965820313 0.0525474548339844 -0.0429649353027344 0.0556716918945313
-0.030181884765625 0.0784683227539063 -0.0257034301757812 0.118209838867187
0.00368499755859375 0.0852203369140625 0.0180816650390625 0.14483642578125
0.0018310546875 0.0810012817382813 0.0422515869140625 0.134063720703125
0.00995635986328125 0.0834884643554688 0.0324325561523438 0.128631591796875
-0.00551605224609375 0.0914382934570313 0.00534820556640626 0.114845275878906
-0.0382766723632813 0.0846786499023438 -0.000576019287109374 0.0683212280273438
-0.0691604614257812 0.07537841796875 0.0161285400390625 0.0295047760009766
-0.107879638671875 0.017059326171875 0.07550048828125 0.0190505981445312
-0.115753173828125 -0.0329055786132812 0.155349731445313 0.0662994384765625
-0.0998153686523438 -0.0424041748046875 0.166748046875 0.176345825195313
-0.142471313476563 -0.124969482421875 0.0868453979492188 -0.000297546386718758
-0.1593017578125 -0.107254028320312 0.0690116882324219 0.000648498535156243
-0.170120239257813 -0.0605316162109375 0.0295600891113281 -0.0116539001464844
-0.163070678710938 0.0238037109375 -0.0137271881103516 0.0122146606445313
-0.117118835449219 0.0741043090820313 -0.0296039581298828 0.0304298400878906
-0.0609054565429687 0.126777648925781 -0.02008056640625 0.0863800048828125
-0.00478363037109375 0.135795593261719 0.00760650634765625 0.106369018554688
-0.00281524658203124 0.131431579589844 0.0271453857421875 0.0985336303710938
0.00580596923828124 0.138450622558594 0.0221481323242187 0.0942840576171875
-0.018218994140625 0.142471313476563 0.00579071044921874 0.0864334106445313
-0.0651931762695313 0.126106262207031 -0.000537872314453128 0.0426101684570313
-0.107551574707031 0.107994079589844 0.0203456878662109 0.0147380828857422
-0.159744262695313 0.0244903564453125 0.0765609741210937 0.00571441650390625
-0.175827026367188 -0.044647216796875 0.131767272949219 0.0587234497070313
-0.1630859375 -0.070587158203125 0.133651733398438 0.1531982421875
-0.181655883789063 -0.140350341796875 0.0359611511230469 -0.0300254821777344
-0.196304321289063 -0.1168212890625 0.0300769805908203 -0.0142250061035156
-0.200637817382813 -0.064605712890625 0.028299331665039 -0.00974845886230469
-0.196304321289062 0.026153564453125 0.00341367721557616 -0.00159263610839844
-0.146728515625 0.08856201171875 -0.0094747543334961 7.3432922363286E-05
-0.082611083984375 0.156951904296875 -0.00979995727539063 0.0396232604980469
-0.01483154296875 0.166488647460938 0.000686645507812499 0.050506591796875
-0.00883483886718752 0.160140991210937 0.00970840454101562 0.0428466796875
-0.000228881835937483 0.17376708984375 0.007049560546875 0.0438957214355469
-0.030792236328125 0.177001953125 0.00331878662109375 0.0411376953125
-0.086761474609375 0.148696899414062 0.00391197204589843 0.0129175186157227
-0.132301330566406 0.123443603515625 0.0195465087890625 0.000682830810546882
-0.185653686523437 0.02630615234375 0.0664710998535156 -0.00333023071289062
-0.2083740234375 -0.04974365234375 0.0895004272460937 0.0494384765625
-0.200485229492188 -0.0834808349609375 0.0807113647460937 0.121604919433594
-0.19110107421875 -0.132843017578125 -0.0266342163085938 -0.070404052734375
-0.202194213867188 -0.107574462890625 -0.0183811187744141 -0.0303382873535156
-0.1986083984375 -0.0550537109375 0.0165176391601562 -0.0118112564086914
-0.195465087890625 0.0287322998046875 0.0138359069824219 -0.0182571411132812
-0.148406982421875 0.091094970703125 0.0106372833251953 -0.03289794921875
-0.0855865478515625 0.16241455078125 -0.000541687011718757 -0.0155658721923828
-0.0204620361328125 0.172042846679688 -0.00951576232910156 -0.0136470794677734
-0.010986328125 0.165817260742188 -0.00964641571044922 -0.0140552520751953
-0.0061187744140625 0.182403564453125 -0.0100479125976563 -0.0114831924438476
-0.040863037109375 0.179916381835938 -0.00309371948242188 -0.00946426391601561
-0.09814453125 0.14630126953125 0.00225067138671875 -0.021615982055664
-0.141510009765625 0.120635986328125 0.0195121765136719 -0.0181941986083984
-0.186477661132812 0.017333984375 0.0496826171875 -0.00981521606445312
-0.209991455078125 -0.0560150146484375 0.0373153686523437 0.0422897338867188
-0.206878662109375 -0.0881500244140625 0.0176315307617187 0.082061767578125
-0.170578002929688 -0.10284423828125 -0.0891799926757812 -0.106269836425781
-0.172256469726563 -0.077545166015625 -0.0676460266113281 -0.0479087829589844
-0.161819458007813 -0.036285400390625 7.62939453124888E-05 -0.0137205123901367
-0.15997314453125 0.0272369384765625 0.0207595825195312 -0.0353240966796875
-0.122390747070312 0.0746994018554688 0.0234298706054687 -0.0621109008789063
-0.076324462890625 0.141830444335938 0.00732421875 -0.0672760009765625
-0.020904541015625 0.149093627929687 -0.0188140869140625 -0.0739974975585937
-0.01275634765625 0.145126342773438 -0.0251998901367187 -0.0717010498046875
-0.011077880859375 0.164169311523438 -0.0224571228027344 -0.0658302307128906
-0.046661376953125 0.157806396484375 -0.00475311279296875 -0.0596160888671875
-0.0964584350585938 0.121116638183594 0.00468063354492186 -0.0534400939941406
-0.130828857421875 0.0883865356445313 0.0209941864013672 -0.0298881530761719
-0.160308837890625 -0.000411987304687487 0.0321483612060547 -0.00991249084472656
-0.17822265625 -0.0574951171875 -0.0161209106445313 0.0339488983154297
-0.182571411132813 -0.07940673828125 -0.0428581237792969 0.037261962890625
-0.120147705078125 -0.05963134765625 -0.140403747558594 -0.1322021484375
-0.112503051757813 -0.0438766479492187 -0.105224609375 -0.0615463256835938
-0.097442626953125 -0.0191574096679687 -0.0197391510009766 -0.0171184539794922
-0.0986328125 0.0129470825195312 0.0157051086425781 -0.0464401245117188
-0.082916259765625 0.0440292358398438 0.026214599609375 -0.0805892944335938
-0.0570526123046875 0.0980377197265625 0.004913330078125 -0.106147766113281
-0.02105712890625 0.104698181152344 -0.0281219482421875 -0.122634887695313
-0.0106658935546875 0.106796264648437 -0.0382080078125 -0.116523742675781
-0.0165176391601562 0.119659423828125 -0.02984619140625 -0.111305236816406
-0.0447769165039063 0.109375 0.00107574462890625 -0.0994949340820312
-0.0806350708007813 0.0741424560546875 0.013275146484375 -0.0754165649414063
-0.0948410034179688 0.0468673706054687 0.0220947265625 -0.0381736755371094
-0.105941772460938 -0.013671875 0.0125446319580078 -0.011810302734375
-0.120506286621094 -0.0467147827148438 -0.0595741271972656 0.0195770263671875
-0.1295166015625 -0.05548095703125 -0.0905075073242188 -0.0033111572265625
-0.049407958984375 -0.0102653503417969 -0.174942016601563 -0.148605346679688
-0.0335712432861328 -0.0127086639404297 -0.134552001953125 -0.0691680908203125
-0.0205173492431641 -0.0130596160888672 -0.039886474609375 -0.015380859375
-0.0313911437988281 -0.0108604431152344 0.00890350341796875 -0.0497817993164063
-0.0369110107421875 0.00542068481445312 0.0233688354492188 -0.0877304077148438
-0.0339279174804688 0.0413322448730469 0.000244140624999989 -0.130828857421875
-0.0194625854492188 0.0460319519042969 -0.038330078125 -0.152587890625
-0.00975799560546875 0.0486335754394531 -0.0452423095703125 -0.145034790039063
-0.015533447265625 0.0596733093261719 -0.031463623046875 -0.141372680664063
-0.0315895080566406 0.0453376770019531 0.0109634399414063 -0.125343322753906
-0.0426445007324219 0.0207061767578125 0.02435302734375 -0.0824813842773438
-0.042327880859375 0.00888824462890625 0.025970458984375 -0.0402488708496094
-0.0374565124511719 -0.0122222900390625 -0.00625801086425782 -0.0104970932006836
-0.0487327575683594 -0.0183219909667969 -0.0895462036132813 0.00229644775390624
-0.0615997314453125 -0.0187950134277344 -0.121330261230469 -0.0346527099609375
-0.017669677734375 -0.0417709350585938 0.146682739257813 0.0140228271484375
-0.0337677001953125 -0.0400466918945313 0.106376647949219 -0.00560760498046875
-0.0496978759765625 -0.0113372802734375 0.00959968566894531 -0.012751579284668
-0.0341587066650391 0.0196685791015625 -0.0330581665039063 0.0359649658203125
-0.0142040252685547 0.0211658477783203 -0.0413131713867188 0.078338623046875
0.00203132629394531 0.0187721252441406 -0.0112457275390625 0.137351989746094
0.0124835968017578 0.0217781066894531 0.0377349853515625 0.160690307617188
0.00797462463378906 0.0206489562988281 0.0584259033203125 0.15167236328125
0.0157680511474609 0.0181941986083984 0.045745849609375 0.148910522460938
0.0143051147460938 0.0288982391357422 0.00901794433593749 0.133995056152344
0.0018157958984375 0.0413818359375 -0.00177764892578125 0.0846481323242187
-0.0184059143066406 0.0426445007324219 0.0137214660644531 0.0406837463378906
-0.0484771728515625 0.0173072814941406 0.0665473937988281 0.0326004028320312
-0.043731689453125 -0.00971221923828124 0.161376953125 0.06390380859375
-0.0226535797119141 -0.0108509063720703 0.1904296875 0.177276611328125
-0.0936431884765625 -0.0838623046875 0.131256103515625 0.0150299072265625
-0.105949401855469 -0.0727005004882813 0.09796142578125 -0.000541687011718754
-0.118026733398438 -0.0323638916015625 0.0216941833496094 -0.0146484375
-0.103935241699219 0.0291213989257812 -0.0261192321777344 0.0248794555664063
-0.0677528381347656 0.0559310913085938 -0.0399818420410156 0.0589599609375
-0.0277633666992188 0.0810470581054688 -0.0157318115234375 0.122978210449219
0.0073089599609375 0.08673095703125 0.0292510986328125 0.145965576171875
0.007232666015625 0.0816650390625 0.0504837036132812 0.134635925292969
0.014373779296875 0.0840606689453125 0.0433197021484375 0.130767822265625
-6.10351562500013E-05 0.0928802490234375 0.0137481689453125 0.118545532226562
-0.0322494506835938 0.0880508422851563 0.004119873046875 0.0709228515625
-0.0641555786132812 0.0808563232421875 0.0191745758056641 0.0298290252685547
-0.110115051269531 0.0245208740234375 0.076263427734375 0.0156021118164063
-0.12030029296875 -0.0256118774414062 0.161270141601563 0.0565032958984375
-0.103080749511719 -0.0381011962890625 0.181182861328125 0.168701171875
-0.154464721679688 -0.120010375976563 0.0926055908203125 -0.00419616699218751
-0.1668701171875 -0.10040283203125 0.0726318359375 -0.00360870361328126
-0.176422119140625 -0.0516357421875 0.0296401977539062 -0.0135612487792969
-0.165084838867188 0.0348052978515625 -0.0109882354736328 0.0131111145019531
-0.1160888671875 0.0830841064453125 -0.0262851715087891 0.0322589874267578
-0.05438232421875 0.132255554199219 -0.0107192993164063 0.0883255004882813
0.000846862792968736 0.1405029296875 0.0169448852539063 0.107498168945313
0.00550842285156251 0.133567810058594 0.0351333618164063 0.0982284545898438
0.015045166015625 0.142166137695313 0.0303726196289063 0.0953903198242188
-0.00872802734374999 0.147994995117187 0.0114212036132813 0.086669921875
-0.057952880859375 0.132926940917969 0.005126953125 0.04571533203125
-0.101524353027344 0.116600036621094 0.0227127075195312 0.0153751373291016
-0.160568237304688 0.0338897705078125 0.0771560668945312 0.0018157958984375
-0.182464599609375 -0.0347747802734375 0.1357421875 0.049407958984375
-0.168701171875 -0.0609893798828125 0.144760131835938 0.14825439453125
-0.193450927734375 -0.133468627929687 0.0367889404296875 -0.0327873229980469
-0.206085205078125 -0.107040405273438 0.0320014953613281 -0.0131874084472656
-0.209671020507812 -0.0559234619140625 0.0289154052734375 -0.0126304626464844
-0.19952392578125 0.0397491455078125 0.00396299362182616 -0.00143647193908691
-0.14508056640625 0.100860595703125 -0.00678157806396485 -8.96453857421813E-05
-0.073822021484375 0.164794921875 -0.00388717651367188 0.0404205322265625
-0.004730224609375 0.171981811523438 0.00477218627929687 0.0505905151367188
0.0026702880859375 0.16455078125 0.014678955078125 0.0450325012207031
0.0126800537109375 0.177581787109375 0.011627197265625 0.0460090637207031
-0.016998291015625 0.18206787109375 0.0059814453125 0.0423164367675781
-0.080169677734375 0.158477783203125 0.00354480743408203 0.0135173797607422
-0.127059936523437 0.1365966796875 0.0213356018066406 -0.00102996826171874
-0.190750122070312 0.037322998046875 0.0663108825683594 -0.0070343017578125
-0.218017578125 -0.039764404296875 0.0944747924804687 0.045318603515625
-0.208526611328125 -0.0720977783203125 0.088836669921875 0.118873596191406
-0.20440673828125 -0.124710083007812 -0.0291023254394531 -0.0673713684082032
-0.213134765625 -0.093963623046875 -0.0185585021972656 -0.0263786315917969
-0.209030151367188 -0.044769287109375 0.0187034606933594 -0.0115184783935547
-0.198715209960938 0.0430450439453125 0.0164852142333984 -0.0181846618652344
-0.146209716796875 0.10284423828125 0.0106945037841797 -0.0350990295410156
-0.077545166015625 0.170578002929687 0.00155162811279296 -0.0171928405761719
-0.00881958007812499 0.17681884765625 -0.00811290740966797 -0.0132761001586914
-0.000503540039062487 0.17041015625 -0.00789642333984375 -0.013636589050293
0.0068206787109375 0.188064575195313 -0.00913429260253906 -0.00971126556396483
-0.0275115966796875 0.188507080078125 -0.0026702880859375 -0.0096759796142578
-0.0922698974609375 0.15838623046875 0.00131034851074218 -0.0225925445556641
-0.136238098144531 0.132179260253906 0.0192699432373047 -0.0168094635009766
-0.193069458007812 0.0290679931640625 0.0483207702636719 -0.0114212036132813
-0.220718383789063 -0.0436248779296875 0.0397796630859375 0.0428962707519531
-0.215621948242188 -0.076446533203125 0.0233688354492187 0.0817184448242188
-0.181076049804687 -0.0955047607421875 -0.0948562622070313 -0.100227355957031
-0.183303833007812 -0.0658721923828125 -0.0700874328613282 -0.0413970947265625
-0.169662475585938 -0.028167724609375 0.00114727020263671 -0.0128774642944336
-0.160873413085938 0.037353515625 0.0202445983886719 -0.0360755920410156
-0.122360229492188 0.0864791870117187 0.021087646484375 -0.0660934448242188
-0.0675811767578125 0.149551391601563 0.00335693359374999 -0.0704727172851562
-0.0115966796875 0.15533447265625 -0.0225753784179688 -0.0748748779296875
-0.003173828125 0.150360107421875 -0.0292854309082031 -0.0702056884765625
0.000747680664062512 0.1680908203125 -0.0270576477050781 -0.0651588439941406
-0.0355224609375 0.164581298828125 -0.00905227661132812 -0.0597953796386719
-0.09228515625 0.129905700683594 0.00302505493164062 -0.0548095703125
-0.126548767089844 0.102066040039062 0.0188827514648437 -0.0314769744873047
-0.166656494140625 0.00997924804687498 0.0276889801025391 -0.0125102996826172
-0.188400268554687 -0.0474853515625 -0.014129638671875 0.0363273620605469
-0.189041137695312 -0.0689544677734375 -0.0420684814453125 0.0430984497070313
-0.127876281738281 -0.0535736083984375 -0.149063110351563 -0.12518310546875
-0.120941162109375 -0.0356216430664062 -0.111801147460938 -0.05340576171875
-0.102882385253906 -0.014892578125 -0.0201072692871094 -0.0158939361572266
-0.101058959960938 0.0205230712890625 0.0150871276855469 -0.04736328125
-0.082244873046875 0.053802490234375 0.0212478637695313 -0.08612060546875
-0.0499343872070313 0.104972839355469 -0.00131988525390626 -0.110420227050781
-0.0123443603515625 0.110725402832031 -0.0366897583007812 -0.121826171875
-0.00504302978515624 0.107734680175781 -0.0461578369140625 -0.116317749023437
-0.00667572021484375 0.123924255371094 -0.0368804931640625 -0.111946105957031
-0.0375289916992187 0.114944458007812 -0.0060577392578125 -0.10198974609375
-0.0787124633789063 0.0810928344726562 0.0091094970703125 -0.077301025390625
-0.0950241088867188 0.057647705078125 0.0207099914550781 -0.0408706665039062
-0.112388610839844 -0.00690460205078124 0.00747108459472655 -0.0117921829223633
-0.127677917480469 -0.0402374267578125 -0.0610008239746094 0.024749755859375
-0.135772705078125 -0.049163818359375 -0.09478759765625 0.00389862060546873
-0.0530166625976563 -0.00797653198242188 -0.1856689453125 -0.139053344726563
-0.0392570495605469 -0.0110282897949219 -0.139091491699219 -0.0595016479492188
-0.0256900787353516 -0.011749267578125 -0.0418319702148437 -0.0118827819824219
-0.0352935791015625 -0.00725936889648437 0.00606536865234375 -0.050750732421875
-0.0389060974121094 0.0104866027832031 0.0171737670898438 -0.090972900390625
-0.0303421020507813 0.0447578430175781 -0.00816345214843749 -0.133918762207031
-0.015625 0.0496063232421875 -0.0491790771484375 -0.152664184570313
-0.00602340698242188 0.0492095947265625 -0.056640625 -0.144821166992188
-0.01019287109375 0.0611801147460937 -0.0387420654296875 -0.140655517578125
-0.0275421142578125 0.0506362915039063 0.001678466796875 -0.12786865234375
-0.0430946350097656 0.0262794494628906 0.0201950073242188 -0.0865554809570312
-0.0417594909667969 0.0141105651855469 0.0236015319824219 -0.0423545837402344
-0.0401687622070313 -0.00959777832031249 -0.00729179382324219 -0.0108795166015625
-0.0527229309082031 -0.0151786804199219 -0.0912704467773438 0.00943756103515623
-0.0655708312988281 -0.0148086547851562 -0.127693176269531 -0.027618408203125
-0.0181732177734375 -0.0407295227050781 0.150360107421875 0.0074310302734375
-0.03411865234375 -0.0398063659667969 0.108291625976563 -0.0113449096679688
-0.0489692687988281 -0.0108985900878906 0.00995540618896484 -0.0137386322021484
-0.03326416015625 0.0192852020263672 -0.0308990478515625 0.0373573303222656
-0.0139293670654297 0.0212383270263672 -0.0373001098632812 0.0796432495117188
0.0016012191772461 0.0175514221191406 -0.00457763671875 0.138160705566406
0.0116138458251953 0.0201339721679688 0.0457305908203125 0.159896850585938
0.00773239135742187 0.0194950103759766 0.0648040771484375 0.149765014648438
0.0149822235107422 0.0152168273925781 0.05352783203125 0.1483154296875
0.0152378082275391 0.0270824432373047 0.0155181884765625 0.135528564453125
0.00455856323242188 0.0398483276367188 0.0019989013671875 0.0854949951171875
-0.0155448913574219 0.0432052612304688 0.014923095703125 0.0411872863769531
-0.0467185974121094 0.0198020935058594 0.0674400329589844 0.0299072265625
-0.0430984497070312 -0.00676345825195312 0.164016723632813 0.0566253662109375
-0.0220222473144531 -0.00854873657226563 0.197235107421875 0.169631958007813
-0.0955123901367188 -0.0809707641601562 0.135246276855469 0.009613037109375
-0.106819152832031 -0.0687637329101563 0.100418090820313 -0.00421142578125
-0.119949340820313 -0.0297317504882812 0.0226478576660156 -0.0154705047607422
-0.103607177734375 0.0317916870117188 -0.023590087890625 0.0258197784423828
-0.0674819946289063 0.057464599609375 -0.036346435546875 0.06011962890625
-0.0250091552734375 0.0814208984375 -0.00848388671875001 0.123466491699219
0.00998687744140626 0.0863418579101563 0.0363922119140625 0.144729614257813
0.00981140136718749 0.0814132690429688 0.0579452514648438 0.132728576660156
0.017578125 0.0838394165039063 0.0504379272460937 0.130592346191406
0.00482177734375 0.0915374755859375 0.0197982788085937 0.120040893554688
-0.0281448364257813 0.0904388427734375 0.0074920654296875 0.0706253051757813
-0.059967041015625 0.0839385986328125 0.0206203460693359 0.0295658111572266
-0.109573364257813 0.0292816162109375 0.0759735107421875 0.0135650634765625
-0.121528625488281 -0.0193099975585937 0.163589477539063 0.0490875244140625
-0.10394287109375 -0.033447265625 0.187713623046875 0.162750244140625
-0.159225463867188 -0.114791870117187 0.0966033935546875 -0.00727844238281251
-0.17034912109375 -0.0941925048828125 0.0745849609375 -0.00521087646484376
-0.180191040039063 -0.0469207763671875 0.0304946899414062 -0.0147628784179688
-0.164321899414063 0.0403594970703125 -0.00891685485839845 0.0143442153930664
-0.114303588867188 0.0885772705078125 -0.0230865478515625 0.0330047607421875
-0.0502395629882813 0.135246276855469 -0.00511932373046876 0.0877456665039063
0.00749206542968748 0.140792846679688 0.024169921875 0.105262756347656
0.0115127563476563 0.133453369140625 0.0400848388671875 0.0966262817382813
0.0213470458984375 0.141250610351562 0.0364761352539063 0.0956954956054688
-0.00181579589843751 0.147964477539063 0.0164718627929687 0.08880615234375
-0.053192138671875 0.136856079101563 0.00757598876953125 0.0459251403808594
-0.0977249145507812 0.121627807617188 0.0226631164550781 0.0150222778320313
-0.161422729492188 0.0404815673828125 0.0753860473632812 3.81469726562525E-05
-0.1861572265625 -0.026519775390625 0.138526916503906 0.0451507568359375
-0.171524047851563 -0.0536956787109375 0.1513671875 0.144149780273438
-0.200851440429688 -0.12738037109375 0.0401649475097656 -0.0331993103027344
-0.2110595703125 -0.0992584228515625 0.0337562561035156 -0.0121688842773438
-0.214950561523437 -0.0494537353515625 0.0303401947021484 -0.0135631561279297
-0.199859619140625 0.0490875244140625 0.00667428970336913 -0.000655174255371091
-0.142547607421875 0.108062744140625 -0.00564813613891603 0.000393867492675787
-0.06732177734375 0.169036865234375 -0.00062942504882813 0.0390548706054688
0.00291442871093751 0.173965454101563 0.0088348388671875 0.0501823425292969
0.0104217529296875 0.165725708007813 0.0177726745605469 0.0452346801757813
0.0212860107421875 0.177764892578125 0.0160942077636719 0.0468559265136719
-0.00898742675781249 0.183975219726563 0.00873184204101563 0.0436363220214844
-0.0729827880859375 0.164230346679688 0.00603675842285156 0.0135269165039063
-0.122055053710937 0.14337158203125 0.0216941833496094 -0.00155639648437499
-0.192138671875 0.0451507568359375 0.0639228820800781 -0.00863265991210937
-0.222763061523438 -0.0302886962890625 0.095947265625 0.0423202514648438
-0.212081909179687 -0.063720703125 0.09515380859375 0.116744995117188
-0.212005615234375 -0.118057250976563 -0.0282211303710938 -0.065338134765625
-0.219009399414063 -0.085357666015625 -0.0180320739746094 -0.0230236053466797
-0.21392822265625 -0.037628173828125 0.0200691223144531 -0.0129776000976563
-0.199111938476563 0.052947998046875 0.018198013305664 -0.0176239013671875
-0.143783569335937 0.111297607421875 0.0105743408203125 -0.0357551574707031
-0.0702056884765625 0.1759033203125 0.00272178649902343 -0.0185489654541016
-0.000885009765625011 0.1796875 -0.00814437866210938 -0.0133934020996094
0.00808715820312499 0.17132568359375 -0.00736045837402343 -0.0127649307250976
0.016693115234375 0.1881103515625 -0.00747489929199219 -0.00859403610229491
-0.01788330078125 0.191680908203125 -0.00274801254272461 -0.00804615020751952
-0.085296630859375 0.16558837890625 0.00219154357910156 -0.0215435028076172
-0.13214111328125 0.140304565429688 0.0199527740478516 -0.0183334350585937
-0.195602416992188 0.036163330078125 0.0463905334472656 -0.0121955871582031
-0.225967407226563 -0.0347900390625 0.0419921875 0.0419082641601563
-0.219085693359375 -0.0673370361328125 0.0266265869140625 0.083740234375
-0.188247680664062 -0.0902862548828125 -0.0957183837890625 -0.0951461791992187
-0.188491821289063 -0.0582275390625 -0.0695266723632813 -0.0354995727539063
-0.174468994140625 -0.02178955078125 0.00245666503906249 -0.013890266418457
-0.162887573242187 0.0464935302734375 0.020233154296875 -0.0358047485351563
-0.120086669921875 0.094146728515625 0.018951416015625 -0.0678901672363281
-0.0606231689453125 0.15509033203125 0.00128936767578125 -0.0723876953125
-0.0041656494140625 0.158172607421875 -0.0247955322265625 -0.0742034912109375
0.004638671875 0.152328491210937 -0.0310020446777344 -0.0682945251464843
0.00933837890625001 0.169876098632812 -0.0279541015625 -0.0637588500976562
-0.026763916015625 0.168563842773438 -0.0101776123046875 -0.0592803955078125
-0.08746337890625 0.13726806640625 0.00128555297851561 -0.054779052734375
-0.123298645019531 0.109611511230469 0.0183296203613281 -0.0323066711425781
-0.168716430664063 0.0166168212890625 0.025634765625 -0.0127391815185547
-0.193939208984375 -0.0395660400390625 -0.0132827758789063 0.0386238098144531
-0.193267822265625 -0.0620269775390625 -0.0404472351074219 0.0459403991699219
-0.132980346679688 -0.0502166748046875 -0.152328491210937 -0.118194580078125
-0.124710083007812 -0.0308074951171875 -0.113380432128906 -0.0459213256835938
-0.107040405273438 -0.0113067626953125 -0.0194034576416016 -0.0139732360839844
-0.10296630859375 0.0261764526367187 0.0143013000488281 -0.0477142333984375
-0.0814743041992187 0.06036376953125 0.018280029296875 -0.0877685546875
-0.0443878173828125 0.109321594238281 -0.00563049316406249 -0.112464904785156
-0.0062408447265625 0.1136474609375 -0.0417938232421875 -0.122520446777344
0.000534057617187495 0.109405517578125 -0.0498504638671875 -0.113838195800781
0.000541687011718757 0.12530517578125 -0.0406723022460937 -0.109939575195312
-0.030853271484375 0.118881225585938 -0.0104293823242188 -0.101959228515625
-0.0747909545898437 0.087432861328125 0.00738525390625001 -0.0779571533203125
-0.0926895141601563 0.0630722045898438 0.019439697265625 -0.0412979125976562
-0.114494323730469 -0.0017242431640625 0.00676250457763671 -0.0115175247192383
-0.133155822753906 -0.0344619750976563 -0.0600929260253906 0.0279884338378906
-0.140106201171875 -0.0441970825195312 -0.0943145751953125 0.008819580078125
-0.0562171936035156 -0.00787734985351564 -0.190719604492188 -0.131668090820313
-0.0413894653320313 -0.0096588134765625 -0.142135620117187 -0.0527191162109375
-0.0279483795166016 -0.0106964111328125 -0.0406036376953125 -0.0104331970214844
-0.0377388000488281 -0.0046539306640625 0.00432205200195312 -0.0508575439453125
-0.039398193359375 0.0141067504882813 0.0135345458984375 -0.093719482421875
-0.0275077819824219 0.0475082397460938 -0.0147323608398438 -0.134857177734375
-0.0114097595214844 0.0516891479492188 -0.0552520751953125 -0.151458740234375
-0.00275039672851562 0.0514373779296875 -0.06207275390625 -0.1424560546875
-0.00617599487304687 0.0622406005859375 -0.0446090698242187 -0.1395263671875
-0.0237960815429688 0.0534133911132813 -0.00325775146484376 -0.128730773925781
-0.0419502258300781 0.0296401977539062 0.0166015625 -0.0879287719726563
-0.0406875610351563 0.0174179077148438 0.02203369140625 -0.0428504943847656
-0.0423583984375 -0.00665664672851562 -0.00935173034667969 -0.0091094970703125
-0.0556411743164063 -0.0122871398925781 -0.092529296875 0.0146026611328125
-0.0683784484863281 -0.0125503540039063 -0.129920959472656 -0.0221176147460937
-0.0168800354003906 -0.0406112670898438 0.153411865234375 0.004608154296875
-0.033660888671875 -0.0409049987792969 0.110603332519531 -0.0142059326171875
-0.0497550964355469 -0.0114707946777344 0.0108509063720703 -0.0146503448486328
-0.0328960418701172 0.0180740356445313 -0.0294227600097656 0.037322998046875
-0.0148715972900391 0.0202865600585938 -0.0350341796875 0.08111572265625
0.000668525695800783 0.0174293518066406 -0.000129699707031254 0.139564514160156
0.0105342864990234 0.0193061828613281 0.0501556396484375 0.160049438476563
0.00781059265136719 0.0188350677490234 0.0690765380859375 0.150375366210938
0.0142078399658203 0.0140714645385742 0.0575714111328125 0.1497802734375
0.0160675048828125 0.0258464813232422 0.0191879272460937 0.138175964355469
0.00701522827148437 0.0393524169921875 0.00369262695312499 0.08795166015625
-0.0147171020507813 0.0427665710449219 0.0153388977050781 0.0423202514648438
-0.04595947265625 0.0210762023925781 0.0679740905761719 0.0299873352050781
-0.0417671203613281 -0.0052947998046875 0.165679931640625 0.0530853271484375
-0.0204811096191406 -0.00765228271484375 0.201858520507813 0.168624877929688
-0.0972366333007813 -0.080108642578125 0.138961791992188 0.00727081298828124
-0.108283996582031 -0.0683670043945312 0.103546142578125 -0.00628662109375001
-0.122146606445313 -0.0301132202148438 0.0240612030029297 -0.0162639617919922
-0.104652404785156 0.0326080322265625 -0.0211391448974609 0.0260429382324219
-0.0682601928710938 0.0592842102050781 -0.0346183776855469 0.0610084533691406
-0.0252227783203125 0.0835800170898438 -0.0046234130859375 0.124496459960938
0.0108795166015625 0.0872802734375 0.04144287109375 0.145751953125
0.0119247436523438 0.0826416015625 0.0621185302734375 0.133529663085938
0.0188751220703125 0.0836334228515625 0.0544967651367188 0.132011413574219
0.0062103271484375 0.092437744140625 0.022918701171875 0.122962951660156
-0.0258712768554687 0.0916213989257813 0.00998687744140626 0.0723495483398438
-0.0593185424804687 0.0860595703125 0.0204391479492187 0.0312976837158203
-0.1099853515625 0.0319900512695312 0.0753860473632813 0.0139083862304688
-0.12286376953125 -0.0166473388671875 0.165008544921875 0.0459136962890625
-0.104080200195313 -0.0317153930664062 0.192672729492187 0.16192626953125
-0.163589477539063 -0.11395263671875 0.100013732910156 -0.00858306884765626
-0.172958374023438 -0.0919342041015625 0.0790557861328125 -0.00539398193359376
-0.184661865234375 -0.0462188720703125 0.0323715209960937 -0.0156745910644531
-0.167526245117188 0.0431671142578125 -0.00619888305664064 0.0144739151000977
-0.115394592285156 0.0914154052734375 -0.0209980010986328 0.0334606170654297
-0.049346923828125 0.1385498046875 -0.00140380859375001 0.0873336791992188
0.00947570800781249 0.14276123046875 0.0282821655273438 0.105697631835938
0.0149917602539062 0.134841918945313 0.0441741943359375 0.0972824096679688
0.024993896484375 0.142486572265625 0.0400543212890625 0.0969085693359375
0.00202941894531249 0.150283813476563 0.0195465087890625 0.090850830078125
-0.0506744384765625 0.139793395996094 0.010162353515625 0.0475921630859375
-0.0958480834960937 0.126556396484375 0.023834228515625 0.015960693359375
-0.164260864257813 0.0442047119140625 0.0741806030273437 0.000770568847656253
-0.18988037109375 -0.0224456787109375 0.14031982421875 0.0431900024414062
-0.173614501953125 -0.0511322021484375 0.156341552734375 0.144332885742188
-0.206756591796875 -0.12548828125 0.0437431335449219 -0.03369140625
-0.214950561523438 -0.0962982177734375 0.0373878479003906 -0.0109291076660156
-0.220733642578125 -0.047637939453125 0.0321769714355469 -0.0143222808837891
-0.202774047851563 0.0528106689453125 0.00881385803222655 -0.000109672546386716
-0.142791748046875 0.11297607421875 -0.00405073165893556 -0.000568151473999017
-0.0652618408203125 0.173324584960938 0.00250244140625 0.03729248046875
0.0065765380859375 0.176345825195313 0.0122604370117188 0.0497665405273438
0.014892578125 0.167526245117188 0.0207977294921875 0.0459251403808594
0.0265045166015625 0.17999267578125 0.0190963745117187 0.0473861694335938
-0.00405883789062499 0.187850952148437 0.0107307434082031 0.0453376770019531
-0.070526123046875 0.169113159179688 0.00774669647216797 0.0148601531982422
-0.1207275390625 0.148513793945312 0.0233116149902344 -0.00116539001464843
-0.196273803710938 0.0489654541015625 0.0627670288085937 -0.00854110717773437
-0.227783203125 -0.0252532958984375 0.0976104736328125 0.0416946411132813
-0.215377807617188 -0.06158447265625 0.0987396240234375 0.118019104003906
-0.218475341796875 -0.117218017578125 -0.0249443054199219 -0.0647392272949219
-0.2236328125 -0.0814971923828126 -0.0150947570800781 -0.0207500457763672
-0.221115112304688 -0.03533935546875 0.0219402313232422 -0.0127429962158203
-0.202392578125 0.0588226318359375 0.0202808380126953 -0.0174770355224609
-0.144180297851563 0.11773681640625 0.01153564453125 -0.0376548767089844
-0.067169189453125 0.180755615234375 0.00445747375488281 -0.0210609436035156
0.00408935546875 0.183242797851563 -0.00626373291015625 -0.0142116546630859
0.0131378173828125 0.1744384765625 -0.00612163543701172 -0.0122594833374023
0.023040771484375 0.189971923828125 -0.00536441802978515 -0.00896072387695311
-0.0123138427734375 0.195648193359375 -0.00143575668334961 -0.00721359252929686
-0.08258056640625 0.171005249023438 0.00287628173828124 -0.0220260620117187
-0.131515502929688 0.1463623046875 0.0206584930419922 -0.0178031921386719
-0.2005615234375 0.0410614013671875 0.0446891784667969 -0.0111885070800781
-0.232254028320313 -0.0304412841796875 0.0429763793945312 0.0422401428222656
-0.223602294921875 -0.0650482177734375 0.0287857055664062 0.0856781005859375
-0.194580078125 -0.0883026123046875 -0.0946426391601563 -0.093963623046875
-0.19305419921875 -0.0552978515625 -0.0687217712402344 -0.0321044921875
-0.181320190429688 -0.0197296142578125 0.00366973876953124 -0.0131216049194336
-0.1658935546875 0.052276611328125 0.021881103515625 -0.0356254577636719
-0.121055603027344 0.100761413574219 0.0187416076660156 -0.069488525390625
-0.0579833984375 0.159378051757813 0.000747680664062503 -0.0748138427734375
0.001556396484375 0.161544799804688 -0.0258560180664062 -0.0754928588867187
0.00979614257812499 0.154891967773438 -0.0312347412109375 -0.0684661865234375
0.0146026611328125 0.172393798828125 -0.027435302734375 -0.0637474060058594
-0.0214385986328125 0.172561645507813 -0.0105781555175781 -0.0589485168457031
-0.08599853515625 0.143661499023438 0.00145721435546874 -0.0549392700195313
-0.123550415039063 0.115219116210938 0.0183677673339844 -0.0330467224121094
-0.173812866210938 0.0208587646484375 0.0243072509765625 -0.0118446350097656
-0.200042724609375 -0.0357208251953125 -0.0126571655273438 0.03936767578125
-0.198150634765625 -0.059783935546875 -0.0395584106445313 0.0484542846679688
-0.138397216796875 -0.04931640625 -0.153030395507813 -0.116256713867187
-0.129058837890625 -0.0288009643554687 -0.113166809082031 -0.0420989990234375
-0.111366271972656 -0.00930023193359377 -0.0184574127197266 -0.01336669921875
-0.105804443359375 0.0309829711914063 0.0153350830078125 -0.0477180480957031
-0.0821914672851563 0.0651626586914062 0.0176162719726562 -0.0898971557617188
-0.04144287109375 0.112930297851563 -0.0076751708984375 -0.114761352539062
-0.00197601318359376 0.115829467773438 -0.044158935546875 -0.123687744140625
0.00550079345703126 0.1123046875 -0.0518798828125 -0.114791870117187
0.0054779052734375 0.127777099609375 -0.041839599609375 -0.110481262207031
-0.0268783569335937 0.122222900390625 -0.0118408203125 -0.10260009765625
-0.073486328125 0.0925140380859375 0.00655364990234374 -0.0795059204101563
-0.0928955078125 0.0678253173828125 0.0198707580566406 -0.04150390625
-0.118194580078125 0.000907897949218772 0.00507354736328124 -0.0103368759155273
-0.138336181640625 -0.0312423706054687 -0.0604972839355469 0.0302772521972656
-0.14373779296875 -0.04278564453125 -0.0961685180664063 0.01141357421875
-0.05877685546875 -0.00779724121093751 -0.19219970703125 -0.13055419921875
-0.0435714721679688 -0.00930404663085937 -0.143508911132813 -0.0485076904296875
-0.0307350158691406 -0.0100154876708984 -0.0398788452148438 -0.00912094116210938
-0.0398826599121094 -0.00231933593749999 0.00419616699218749 -0.0517005920410156
-0.0401229858398438 0.0171241760253906 0.0118637084960937 -0.095794677734375
-0.0260810852050781 0.050384521484375 -0.0177764892578125 -0.137077331542969
-0.00876617431640625 0.0538406372070313 -0.0598602294921875 -0.152099609375
0.000137329101562504 0.0525283813476563 -0.065216064453125 -0.142425537109375
-0.00235366821289062 0.0637054443359375 -0.047454833984375 -0.140083312988281
-0.0207290649414063 0.0555152893066406 -0.00662231445312499 -0.129348754882813
-0.0413131713867188 0.0327339172363281 0.015655517578125 -0.089141845703125
-0.0403099060058594 0.0197677612304687 0.0216178894042969 -0.0435867309570313
-0.0440673828125 -0.00484848022460937 -0.0110387802124023 -0.00789928436279297
-0.0598983764648438 -0.00992584228515624 -0.0939788818359375 0.0176162719726562
-0.0717620849609375 -0.0118331909179688 -0.133186340332031 -0.0197906494140625
-0.0160598754882812 -0.0418701171875 0.160491943359375 0.0031280517578125
-0.0342025756835938 -0.0428886413574219 0.116592407226563 -0.0171737670898438
-0.0512657165527344 -0.0132217407226563 0.0124673843383789 -0.0167455673217773
-0.0345859527587891 0.0173015594482422 -0.0288734436035156 0.0377273559570313
-0.0166702270507813 0.0196189880371094 -0.0339431762695313 0.0840301513671875
-0.000814437866210937 0.0178947448730469 0.00335693359374999 0.14337158203125
0.00934028625488281 0.0197639465332031 0.05572509765625 0.164642333984375
0.00640296936035156 0.0187435150146484 0.0742645263671875 0.154632568359375
0.0137271881103516 0.0139217376708984 0.0630035400390625 0.155136108398438
0.0165386199951172 0.0247669219970703 0.0228271484375 0.145248413085938
0.00806808471679688 0.0389785766601563 0.0048980712890625 0.0921096801757813
-0.0136070251464844 0.0431327819824219 0.0156173706054688 0.0447769165039063
-0.0457038879394531 0.0224838256835938 0.0700416564941406 0.0308151245117188
-0.041961669921875 -0.00433349609375 0.171066284179688 0.0520782470703125
-0.0188941955566406 -0.00728797912597656 0.210220336914063 0.172561645507813
-0.100624084472656 -0.08172607421875 0.146255493164063 0.00665283203124999
-0.111793518066406 -0.0703201293945312 0.110038757324219 -0.00742340087890625
-0.127899169921875 -0.0313873291015625 0.0261878967285156 -0.0181026458740234
-0.108772277832031 0.0331268310546875 -0.0194034576416016 0.0264053344726563
-0.07086181640625 0.0611572265625 -0.0335044860839844 0.0630569458007812
-0.026702880859375 0.0859222412109375 -0.00108337402343749 0.127273559570312
0.0116806030273438 0.0904998779296875 0.0464324951171875 0.149551391601563
0.0123214721679688 0.0845260620117188 0.0675582885742188 0.137947082519531
0.0206146240234375 0.0861282348632813 0.060638427734375 0.136749267578125
0.0084228515625 0.0948867797851563 0.0273284912109375 0.128753662109375
-0.0252151489257813 0.095184326171875 0.011932373046875 0.0768051147460937
-0.0591354370117188 0.0890274047851563 0.0217170715332031 0.0334415435791016
-0.114471435546875 0.0350265502929688 0.077728271484375 0.0147857666015625
-0.12713623046875 -0.01434326171875 0.1707763671875 0.0452728271484375
-0.10675048828125 -0.0312728881835937 0.20111083984375 0.166229248046875
-0.170700073242188 -0.115219116210937 0.107231140136719 -0.00899505615234376
-0.179733276367187 -0.0936431884765625 0.0843582153320312 -0.00617980957031251
-0.193634033203125 -0.0473785400390625 0.0346717834472656 -0.0174331665039063
-0.173873901367188 0.0465545654296875 -0.00399017333984376 0.0144710540771484
-0.119285583496094 0.0967025756835937 -0.0198497772216797 0.0344429016113281
-0.0497589111328125 0.14447021484375 0.0011749267578125 0.0885848999023438
0.0124053955078125 0.148544311523438 0.0328598022460938 0.1087646484375
0.01763916015625 0.139236450195313 0.0493316650390625 0.100593566894531
0.0283660888671875 0.147705078125 0.0456314086914062 0.100639343261719
0.0054168701171875 0.155792236328125 0.0235137939453125 0.0954208374023438
-0.0501556396484375 0.14703369140625 0.0125198364257812 0.0498695373535156
-0.0972747802734375 0.132926940917969 0.0251293182373047 0.0172557830810547
-0.170806884765625 0.0489654541015625 0.0757980346679687 0.00144195556640625
-0.19781494140625 -0.0198822021484375 0.145477294921875 0.0429534912109375
-0.179718017578125 -0.051422119140625 0.163528442382813 0.149337768554688
-0.216751098632813 -0.127273559570313 0.0489006042480469 -0.0343055725097656
-0.223419189453125 -0.0973358154296875 0.0423164367675781 -0.0105743408203125
-0.232177734375 -0.047760009765625 0.0345745086669922 -0.0150413513183594
-0.210617065429688 0.058349609375 0.0123386383056641 5.05447387695348E-05
-0.147567749023438 0.120651245117188 -0.00253248214721681 -0.00102448463439941
-0.0647125244140625 0.181137084960938 0.00474166870117187 0.0364608764648438
0.0108489990234375 0.183547973632812 0.0154762268066406 0.0507621765136719
0.019378662109375 0.17376708984375 0.0241432189941406 0.0475425720214844
0.0313262939453125 0.186920166015625 0.0231552124023438 0.0490264892578125
0.000701904296875004 0.195266723632812 0.0144004821777344 0.048828125
-0.0698089599609375 0.178253173828125 0.00998783111572265 0.0160322189331055
-0.123245239257813 0.157272338867187 0.0251808166503906 0.000268936157226572
-0.204757690429688 0.055145263671875 0.0634193420410156 -0.00677108764648437
-0.238540649414062 -0.0223846435546875 0.101707458496094 0.042236328125
-0.223800659179687 -0.06146240234375 0.104011535644531 0.122879028320312
-0.229888916015625 -0.117919921875 -0.0224418640136719 -0.0661201477050781
-0.233688354492188 -0.0818023681640625 -0.0124778747558594 -0.0190925598144531
-0.233535766601563 -0.0345001220703125 0.0244121551513672 -0.0136909484863281
-0.210861206054688 0.06610107421875 0.0240154266357422 -0.0179500579833984
-0.148330688476563 0.126312255859375 0.0128326416015625 -0.0393714904785156
-0.06640625 0.189697265625 0.00609207153320312 -0.0239524841308594
0.00878906250000001 0.191009521484375 -0.00446414947509766 -0.0150241851806641
0.018096923828125 0.1807861328125 -0.00424575805664062 -0.0120811462402344
0.0291595458984375 0.1978759765625 -0.00412321090698242 -0.0086541175842285
-0.00735473632812499 0.2041015625 0.000425338745117188 -0.00625133514404296
-0.0820770263671875 0.181167602539062 0.00478744506835937 -0.0224189758300781
-0.134063720703125 0.155319213867187 0.0222911834716797 -0.0186042785644531
-0.210433959960938 0.0463714599609375 0.0449905395507812 -0.009490966796875
-0.244140625 -0.0265655517578125 0.0452079772949219 0.0441551208496094
-0.232986450195313 -0.0647430419921875 0.0307388305664062 0.0893096923828125
-0.205764770507812 -0.08990478515625 -0.0951004028320313 -0.0961074829101563
-0.202835083007813 -0.0554046630859375 -0.0676155090332031 -0.0300788879394531
-0.192352294921875 -0.0178375244140625 0.00563621520996093 -0.0135135650634766
-0.172576904296875 0.0590057373046875 0.0251502990722656 -0.0361137390136719
-0.123931884765625 0.109100341796875 0.0191421508789062 -0.0731582641601563
-0.05621337890625 0.1671142578125 0.000778198242187493 -0.0790557861328125
0.00662231445312499 0.1689453125 -0.0266036987304687 -0.0779342651367187
0.01397705078125 0.160385131835938 -0.031646728515625 -0.0697860717773437
0.020965576171875 0.178909301757813 -0.0271224975585937 -0.0662384033203125
-0.016754150390625 0.180679321289062 -0.0106697082519531 -0.0599098205566406
-0.0858917236328125 0.15228271484375 0.00238800048828125 -0.05670166015625
-0.125534057617188 0.123191833496094 0.0203666687011719 -0.0333766937255859
-0.182403564453125 0.025482177734375 0.0240631103515625 -0.009857177734375
-0.21087646484375 -0.0322723388671875 -0.0125732421875 0.0421829223632813
-0.206939697265625 -0.060577392578125 -0.0408363342285156 0.0522003173828125
-0.14666748046875 -0.05059814453125 -0.156829833984375 -0.1187744140625
-0.136520385742188 -0.0281448364257812 -0.115516662597656 -0.0401229858398437
-0.120124816894531 -0.00901794433593752 -0.0176181793212891 -0.0128326416015625
-0.111236572265625 0.0368499755859375 0.0171318054199219 -0.0497665405273438
-0.0841827392578125 0.0717010498046875 0.0171890258789063 -0.0943756103515625
-0.0402984619140625 0.119277954101563 -0.0095672607421875 -0.120460510253906
0.002655029296875 0.121856689453125 -0.047088623046875 -0.126976013183594
0.0100173950195313 0.116569519042969 -0.0546493530273437 -0.118087768554688
0.01025390625 0.132575988769531 -0.0435409545898437 -0.114097595214844
-0.0229873657226562 0.129013061523438 -0.0139999389648438 -0.105033874511719
-0.07342529296875 0.0996551513671875 0.00668334960937499 -0.0821380615234375
-0.0945587158203125 0.0737228393554687 0.0206260681152344 -0.0436019897460938
-0.125251770019531 0.00393676757812502 0.00424098968505859 -0.00940704345703125
-0.146743774414063 -0.0283050537109375 -0.0626296997070313 0.0332603454589844
-0.1514892578125 -0.042694091796875 -0.0997161865234375 0.0137252807617188
-0.0637359619140625 -0.00849533081054687 -0.1983642578125 -0.132720947265625
-0.0478057861328125 -0.0091094970703125 -0.1475830078125 -0.0468292236328125
-0.0351715087890625 -0.0110015869140625 -0.0396156311035156 -0.00854492187499999
-0.0429725646972656 0.000602722167968749 0.00460433959960937 -0.0538291931152344
-0.0412406921386719 0.0215415954589844 0.0107650756835938 -0.100624084472656
-0.0249404907226562 0.0535049438476563 -0.02166748046875 -0.142227172851563
-0.00523757934570312 0.0568885803222656 -0.0644073486328125 -0.15643310546875
0.00307464599609375 0.0552597045898438 -0.0699615478515625 -0.146896362304688
0.000881195068359374 0.0667076110839844 -0.0506439208984375 -0.145370483398437
-0.0183181762695313 0.0589714050292969 -0.0094451904296875 -0.133384704589844
-0.0417861938476562 0.0367507934570313 0.0152359008789063 -0.092864990234375
-0.0410499572753906 0.0233573913574219 0.0228996276855469 -0.0457229614257813
-0.047576904296875 -0.00213623046875 -0.0127239227294922 -0.0064706802368164
-0.0647697448730469 -0.00707244873046874 -0.0977325439453125 0.0207138061523438
-0.076995849609375 -0.011138916015625 -0.139373779296875 -0.01849365234375
-0.0159835815429688 -0.0431594848632813 0.171142578125 -0.0022430419921875
-0.0356674194335938 -0.0460128784179688 0.123512268066406 -0.0234222412109375
-0.0541305541992187 -0.0144271850585938 0.0131549835205078 -0.0193080902099609
-0.0368461608886719 0.0167884826660156 -0.0289268493652344 0.0394287109375
-0.0183372497558594 0.0198993682861328 -0.0325088500976563 0.08868408203125
-0.00280189514160156 0.018218994140625 0.00958251953124999 0.150344848632813
0.00869178771972656 0.0208034515380859 0.065643310546875 0.171051025390625
0.00663948059082031 0.0185737609863281 0.085052490234375 0.1600341796875
0.0131340026855469 0.013484001159668 0.0733184814453125 0.162429809570313
0.0174751281738281 0.0241889953613281 0.0304412841796875 0.153823852539063
0.0105743408203125 0.0393295288085938 0.0088043212890625 0.0989532470703125
-0.0118637084960937 0.0453453063964844 0.0175132751464844 0.0483474731445313
-0.045623779296875 0.0256156921386719 0.0745162963867188 0.0306854248046875
-0.0418014526367188 -0.00260543823242187 0.1806640625 0.0474700927734375
-0.0176162719726563 -0.00635528564453125 0.2259521484375 0.176681518554688
-0.107872009277344 -0.0825958251953125 0.157760620117188 0.002410888671875
-0.118301391601563 -0.0722427368164062 0.118400573730469 -0.0129241943359375
-0.13671875 -0.0305023193359375 0.0280647277832031 -0.0209293365478516
-0.114273071289062 0.037200927734375 -0.0180339813232422 0.0273265838623047
-0.0745391845703125 0.0665512084960938 -0.0317535400390625 0.0666236877441406
-0.0266494750976563 0.0919952392578125 0.00451660156250001 0.132553100585938
0.01422119140625 0.0953903198242188 0.055908203125 0.154754638671875
0.0155868530273437 0.0884857177734375 0.0777740478515625 0.142730712890625
0.0238113403320312 0.0905609130859375 0.07061767578125 0.142715454101562
0.0121383666992187 0.0992584228515625 0.0358352661132813 0.136985778808594
-0.0223312377929688 0.100936889648438 0.015960693359375 0.0822906494140625
-0.0592422485351562 0.095916748046875 0.0246162414550781 0.0360984802246094
-0.1190185546875 0.0417327880859375 0.0815811157226562 0.0147933959960938
-0.133712768554688 -0.0104751586914063 0.180999755859375 0.0415191650390625
-0.111801147460938 -0.0298690795898438 0.21759033203125 0.170516967773438
-0.1834716796875 -0.115570068359375 0.116645812988281 -0.0128097534179688
-0.191436767578125 -0.0933685302734375 0.0930252075195312 -0.00962066650390626
-0.207901000976563 -0.0448760986328125 0.0377044677734375 -0.0199317932128906
-0.182418823242188 0.05426025390625 -0.00125026702880861 0.0145950317382813
-0.123603820800781 0.106971740722656 -0.0182762145996094 0.0357666015625
-0.0486297607421875 0.154449462890625 0.00564575195312501 0.0913619995117188
0.01800537109375 0.156158447265625 0.0404434204101563 0.112716674804688
0.023895263671875 0.146469116210938 0.0579833984375 0.104232788085938
0.0355682373046875 0.15435791015625 0.054595947265625 0.104042053222656
0.012237548828125 0.163864135742188 0.0308380126953125 0.101936340332031
-0.046875 0.157562255859375 0.0164794921875 0.0543403625488281
-0.098297119140625 0.143753051757813 0.0281143188476562 0.0193195343017578
-0.179641723632813 0.058319091796875 0.0788650512695312 0.0015716552734375
-0.210159301757812 -0.013031005859375 0.154251098632813 0.03997802734375
-0.19049072265625 -0.048858642578125 0.177841186523438 0.153823852539063
-0.234512329101563 -0.12725830078125 0.0550308227539062 -0.0374565124511719
-0.238937377929688 -0.09539794921875 0.0484848022460937 -0.0121650695800781
-0.250381469726563 -0.0430145263671875 0.0381813049316406 -0.0173072814941406
-0.2215576171875 0.0696868896484375 0.0164079666137695 -0.00127124786376953
-0.151901245117187 0.133255004882813 -0.00100994110107423 -0.002113938331604
-0.0620269775390625 0.194091796875 0.00775527954101562 0.0362319946289063
0.0189361572265625 0.194488525390625 0.0200462341308594 0.0524406433105469
0.0274658203125 0.182403564453125 0.0301780700683594 0.0500679016113281
0.041412353515625 0.196685791015625 0.0284004211425781 0.0509300231933594
0.0095672607421875 0.206710815429688 0.0189437866210938 0.0524864196777344
-0.066192626953125 0.192855834960938 0.0127439498901367 0.0170660018920899
-0.124710083007813 0.172271728515625 0.0279636383056641 0.000373840332031261
-0.216796875 0.0662994384765625 0.0662841796875 -0.00638198852539062
-0.25421142578125 -0.0140228271484375 0.108367919921875 0.0423049926757813
-0.238143920898437 -0.058441162109375 0.114295959472656 0.12841796875
-0.24871826171875 -0.117263793945312 -0.0211105346679688 -0.0688056945800781
-0.25067138671875 -0.0783843994140625 -0.00914382934570314 -0.0192394256591797
-0.251998901367188 -0.0283050537109375 0.0275936126708984 -0.0149173736572266
-0.221145629882813 0.07867431640625 0.0276222229003906 -0.0192604064941406
-0.152175903320312 0.140655517578125 0.0137977600097656 -0.0427742004394531
-0.062713623046875 0.203384399414063 0.00625801086425781 -0.027130126953125
0.0179901123046875 0.202056884765625 -0.00332832336425781 -0.0160512924194336
0.027740478515625 0.190017700195312 -0.00211811065673828 -0.0125837326049805
0.0394134521484375 0.208358764648438 -0.0021371841430664 -0.00919151306152343
0.00245666503906252 0.21630859375 0.00209140777587891 -0.00520086288452147
-0.0799102783203125 0.196517944335938 0.00547599792480468 -0.0231704711914062
-0.135833740234375 0.170364379882812 0.0246257781982422 -0.019561767578125
-0.223342895507812 0.05712890625 0.0463409423828125 -0.00909423828124999
-0.260360717773438 -0.0185699462890625 0.0491600036621094 0.0461997985839844
-0.249526977539063 -0.0625 0.0362548828125 0.0956268310546875
-0.223556518554688 -0.089111328125 -0.098541259765625 -0.0984649658203125
-0.218475341796875 -0.0510711669921875 -0.068756103515625 -0.0282058715820313
-0.208282470703125 -0.0121002197265625 0.00749206542968749 -0.0140523910522461
-0.182083129882812 0.0713348388671875 0.0284614562988281 -0.0385360717773437
-0.12640380859375 0.123138427734375 0.0185317993164062 -0.078094482421875
-0.05224609375 0.179962158203125 -0.00135040283203126 -0.0848388671875
0.015350341796875 0.179183959960937 -0.0287551879882812 -0.0814590454101562
0.0239105224609375 0.1693115234375 -0.0334320068359375 -0.0728912353515625
0.0313720703125 0.188400268554688 -0.0295143127441406 -0.0695114135742187
-0.00849914550781249 0.19281005859375 -0.0117111206054688 -0.0622673034667969
-0.084014892578125 0.16693115234375 0.00157928466796874 -0.0605049133300781
-0.128700256347656 0.137527465820313 0.0214347839355469 -0.035888671875
-0.19451904296875 0.0344696044921875 0.0240230560302734 -0.00894927978515625
-0.2266845703125 -0.0250244140625 -0.0120391845703125 0.0461845397949219
-0.222564697265625 -0.0573577880859375 -0.0403366088867188 0.0575065612792969
-0.160415649414063 -0.0497283935546875 -0.165267944335938 -0.120925903320313
-0.147659301757813 -0.0250396728515625 -0.119636535644531 -0.0369644165039063
-0.131446838378906 -0.00417327880859374 -0.0167875289916992 -0.0126323699951172
-0.117637634277344 0.0455780029296875 0.0188064575195312 -0.0527839660644531
-0.0861968994140625 0.0821685791015625 0.0152359008789063 -0.100563049316406
-0.0366287231445313 0.129203796386719 -0.0137710571289063 -0.1279296875
0.00988769531249999 0.129196166992188 -0.0534820556640625 -0.13238525390625
0.01678466796875 0.123542785644531 -0.0602569580078125 -0.122596740722656
0.0184707641601562 0.139968872070313 -0.0490341186523438 -0.119575500488281
-0.0169601440429688 0.138175964355469 -0.0170364379882813 -0.110305786132813
-0.0728683471679687 0.110740661621094 0.00518035888671875 -0.08721923828125
-0.09686279296875 0.0831527709960938 0.0213279724121094 -0.0464439392089844
-0.134063720703125 0.0109710693359375 0.0033426284790039 -0.00755596160888672
-0.158721923828125 -0.0229644775390625 -0.0650482177734375 0.0387001037597656
-0.164291381835937 -0.0404815673828125 -0.105583190917969 0.0185394287109375
-0.0703506469726563 -0.0074005126953125 -0.211013793945313 -0.134857177734375
-0.0537033081054687 -0.00864791870117188 -0.1553955078125 -0.0433502197265625
-0.0409355163574219 -0.009765625 -0.0397186279296875 -0.00826644897460938
-0.0463676452636719 0.00432205200195312 0.00486373901367187 -0.0573196411132813
-0.0425033569335937 0.0270500183105469 0.00792694091796874 -0.10693359375
-0.0226211547851563 0.0592842102050781 -0.0280303955078125 -0.150238037109375
-0.0011749267578125 0.0613327026367188 -0.073486328125 -0.162612915039063
0.0073699951171875 0.0584297180175781 -0.078399658203125 -0.152862548828125
0.0063934326171875 0.0700759887695312 -0.058013916015625 -0.15203857421875
-0.0146446228027344 0.0644035339355469 -0.0144729614257812 -0.140182495117188
-0.0410919189453125 0.0426406860351563 0.0131378173828125 -0.0983963012695312
-0.0411491394042969 0.0279464721679688 0.0227928161621094 -0.0486412048339844
-0.0520401000976563 0.00198745727539063 -0.0144119262695313 -0.00471115112304688
-0.0710678100585938 -0.002777099609375 -0.102493286132813 0.0264816284179687
-0.0842971801757812 -0.00886535644531251 -0.149520874023438 -0.014495849609375
-0.0166549682617187 -0.0443458557128906 0.181411743164062 -0.0125274658203125
-0.0388526916503906 -0.0480690002441406 0.129341125488281 -0.033660888671875
-0.0574264526367188 -0.0142822265625 0.0131168365478516 -0.0225429534912109
-0.0386314392089844 0.0174903869628906 -0.0267448425292969 0.0418128967285156
-0.0206317901611328 0.0209484100341797 -0.02825927734375 0.0949249267578125
-0.00380706787109375 0.0189075469970703 0.0206146240234375 0.156158447265625
0.00879669189453125 0.0214939117431641 0.0802764892578125 0.174270629882813
0.00639915466308594 0.019134521484375 0.100753784179687 0.162673950195313
0.0126886367797852 0.0130577087402344 0.090057373046875 0.166152954101563
0.0190067291259766 0.0228271484375 0.044464111328125 0.160842895507813
0.0139694213867188 0.0385589599609375 0.01629638671875 0.105232238769531
-0.0093994140625 0.0469703674316406 0.0213470458984375 0.0515403747558594
-0.0442581176757813 0.0295639038085937 0.07958984375 0.0280380249023438
-0.041748046875 0.000106811523437491 0.191009521484375 0.0377960205078125
-0.0163230895996094 -0.00557708740234375 0.2476806640625 0.171890258789062
-0.116127014160156 -0.0798873901367188 0.16912841796875 -0.0072021484375
-0.127174377441406 -0.0696029663085937 0.126708984375 -0.0222549438476563
-0.146331787109375 -0.0257415771484375 0.0290985107421875 -0.0246753692626953
-0.118820190429688 0.0450820922851563 -0.0161666870117188 0.0289440155029297
-0.0757522583007812 0.0746307373046875 -0.0277557373046875 0.070953369140625
-0.02386474609375 0.0982513427734375 0.0147552490234375 0.137298583984375
0.0205535888671875 0.0998306274414063 0.0706634521484375 0.157760620117188
0.0212249755859375 0.0920486450195313 0.093536376953125 0.145126342773438
0.0300140380859375 0.0931243896484375 0.0863494873046875 0.145904541015625
0.019622802734375 0.102348327636719 0.0497283935546875 0.142440795898438
-0.0161209106445312 0.107009887695313 0.0234909057617188 0.0870285034179688
-0.05609130859375 0.104438781738281 0.0287590026855469 0.038665771484375
-0.120941162109375 0.0523910522460937 0.0863037109375 0.0120620727539063
-0.13995361328125 -0.00131988525390628 0.190780639648438 0.032318115234375
-0.117965698242187 -0.02386474609375 0.238723754882812 0.167449951171875
-0.199951171875 -0.109222412109375 0.126205444335938 -0.0205841064453125
-0.205657958984375 -0.087005615234375 0.100669860839844 -0.0167694091796875
-0.22418212890625 -0.035247802734375 0.0398788452148437 -0.0242195129394531
-0.189422607421875 0.0683441162109375 0.00228404998779296 0.0145025253295898
-0.123725891113281 0.120651245117188 -0.0154266357421875 0.0378265380859375
-0.0416107177734375 0.165863037109375 0.0130996704101563 0.0932769775390625
0.0293426513671875 0.163497924804688 0.0519790649414062 0.114227294921875
0.03497314453125 0.152084350585938 0.0707168579101563 0.105308532714844
0.04791259765625 0.159866333007813 0.0663528442382812 0.106094360351563
0.0243377685546875 0.171722412109375 0.0428619384765625 0.106620788574219
-0.0378875732421875 0.169082641601563 0.0228767395019531 0.0574378967285156
-0.0934600830078125 0.158279418945313 0.0322399139404297 0.0204143524169922
-0.185577392578125 0.07421875 0.0830078125 -0.000411987304687496
-0.221847534179688 0.00132751464843751 0.163482666015625 0.033782958984375
-0.20245361328125 -0.03955078125 0.197662353515625 0.152816772460938
-0.255157470703125 -0.117660522460937 0.060333251953125 -0.0426368713378906
-0.2572021484375 -0.0854644775390625 0.0548744201660156 -0.0158729553222656
-0.269561767578125 -0.0290222167968749 0.0407295227050781 -0.0211143493652344
-0.229568481445313 0.087615966796875 0.0201244354248047 -0.00261688232421874
-0.151046752929688 0.151702880859375 0.000162363052368155 -0.00327610969543456
-0.0528564453125 0.208786010742188 0.0117034912109375 0.0354080200195313
0.0339813232421875 0.203826904296875 0.0270347595214844 0.0524978637695313
0.0418243408203125 0.189361572265625 0.0382194519042969 0.0497932434082031
0.0583648681640625 0.203887939453125 0.0356178283691406 0.0511207580566406
0.0252532958984375 0.216400146484375 0.0268783569335938 0.0548477172851563
-0.0556793212890625 0.2091064453125 0.0167179107666016 0.0181255340576172
-0.119766235351562 0.191192626953125 0.0311126708984375 -0.000205993652343738
-0.224822998046875 0.08575439453125 0.069091796875 -0.00791549682617187
-0.269073486328125 0.00291442871093745 0.116119384765625 0.0387649536132813
-0.254989624023438 -0.0466461181640625 0.1298828125 0.129844665527344
-0.27081298828125 -0.10687255859375 -0.0212936401367188 -0.0719528198242188
-0.269607543945313 -0.0657806396484376 -0.00632858276367189 -0.0189170837402344
-0.271682739257813 -0.0125274658203125 0.0300350189208984 -0.0170021057128906
-0.228302001953125 0.098724365234375 0.0315685272216797 -0.0222759246826172
-0.150238037109375 0.160079956054688 0.0132255554199219 -0.0469284057617187
-0.05145263671875 0.219146728515625 0.00585365295410156 -0.0305442810058594
0.0354461669921875 0.211380004882813 -0.00250244140625 -0.0178623199462891
0.0434112548828125 0.198028564453125 0.000127792358398441 -0.0138053894042969
0.0581207275390625 0.217117309570313 -0.000535011291503903 -0.0106573104858398
0.019256591796875 0.228256225585937 0.00429344177246094 -0.00492334365844725
-0.0693511962890625 0.214828491210938 0.00620079040527343 -0.0249347686767578
-0.131820678710938 0.190811157226562 0.0264472961425781 -0.0210399627685547
-0.232803344726562 0.077484130859375 0.0481414794921875 -0.00959396362304687
-0.277984619140625 -0.00129699707031249 0.0550613403320312 0.0466156005859375
-0.26715087890625 -0.049591064453125 0.0457382202148438 0.100105285644531
-0.243484497070313 -0.0787048339843749 -0.106010437011719 -0.098175048828125
-0.235305786132813 -0.03900146484375 -0.0697441101074219 -0.023712158203125
-0.224960327148438 0.00285339355468746 0.00984001159667967 -0.0147275924682617
-0.188308715820312 0.0898284912109375 0.030426025390625 -0.0427589416503906
-0.123977661132813 0.141143798828125 0.0157852172851562 -0.0841827392578125
-0.0414276123046875 0.194869995117188 -0.00608062744140626 -0.0908203125
0.0312652587890625 0.187454223632813 -0.0336074829101563 -0.0843658447265625
0.0386199951171875 0.176620483398437 -0.037506103515625 -0.074737548828125
0.0481414794921875 0.196121215820312 -0.034515380859375 -0.0716476440429688
0.00674438476562502 0.20416259765625 -0.0142555236816406 -0.0641059875488281
-0.07623291015625 0.183578491210938 -0.000297546386718754 -0.0634918212890625
-0.125595092773438 0.155410766601563 0.0217819213867187 -0.0391693115234375
-0.205032348632813 0.052001953125 0.0248394012451172 -0.00831031799316406
-0.24249267578125 -0.00967407226562498 -0.00883865356445315 0.0511856079101563
-0.239547729492188 -0.0460968017578125 -0.0385246276855469 0.0651359558105469
-0.175369262695313 -0.0413665771484375 -0.178054809570313 -0.118209838867188
-0.16021728515625 -0.0160675048828125 -0.124610900878906 -0.0301895141601562
-0.14398193359375 0.00610351562500002 -0.0154867172241211 -0.0116815567016602
-0.122261047363281 0.0591049194335937 0.0190582275390625 -0.0569992065429687
-0.083648681640625 0.0955810546875 0.00982666015625 -0.107551574707031
-0.0276260375976563 0.140029907226563 -0.0230026245117188 -0.134300231933594
0.02178955078125 0.135643005371094 -0.0637969970703125 -0.136199951171875
0.0287094116210938 0.12841796875 -0.0696945190429688 -0.124641418457031
0.031768798828125 0.145950317382813 -0.059112548828125 -0.123199462890625
-0.005096435546875 0.147354125976563 -0.0249176025390625 -0.114158630371094
-0.066925048828125 0.123542785644531 0.000984191894531244 -0.0927734375
-0.0952072143554688 0.0965576171875 0.0205116271972656 -0.0506134033203125
-0.1422119140625 0.023223876953125 0.0026569366455078 -0.00561809539794922
-0.17156982421875 -0.011322021484375 -0.0656661987304688 0.0464591979980469
-0.177688598632813 -0.031494140625 -0.110618591308594 0.0270919799804688
-0.0778884887695312 -0.00463104248046876 -0.228057861328125 -0.131179809570313
-0.0605430603027344 -0.00535583496093749 -0.163345336914063 -0.03436279296875
-0.0475311279296875 -0.00601959228515626 -0.03936767578125 -0.00554656982421875
-0.0502204895019531 0.0110206604003906 0.00299072265625 -0.0613136291503906
-0.0418052673339844 0.0341835021972656 0.00150299072265625 -0.113868713378906
-0.018096923828125 0.0652542114257813 -0.0397491455078125 -0.1566162109375
0.00625228881835938 0.0646553039550781 -0.088043212890625 -0.166015625
0.0141754150390625 0.0609893798828125 -0.09173583984375 -0.155242919921875
0.0143661499023438 0.07342529296875 -0.0719451904296875 -0.156158447265625
-0.00777816772460937 0.0690116882324219 -0.0242156982421875 -0.145355224609375
-0.0380134582519531 0.0495948791503906 0.00786590576171876 -0.104537963867188
-0.0404930114746094 0.0344810485839844 0.0205802917480469 -0.0520553588867188
-0.0553359985351563 0.00796890258789062 -0.0157442092895508 -0.00209331512451172
-0.076995849609375 0.00496673583984376 -0.106735229492188 0.0363235473632813
-0.0917892456054688 -0.00284576416015625 -0.159683227539063 -0.00500488281249997
-0.0166206359863281 -0.0441246032714844 0.186782836914062 -0.028106689453125
-0.04144287109375 -0.0484848022460938 0.130538940429688 -0.0471343994140625
-0.0598869323730469 -0.0124702453613281 0.01165771484375 -0.025146484375
-0.0396614074707031 0.0182151794433594 -0.0242881774902344 0.0441093444824219
-0.0220375061035156 0.0221309661865234 -0.0197219848632813 0.0980377197265625
-0.00539970397949219 0.0193538665771484 0.035003662109375 0.156341552734375
0.00790596008300781 0.02178955078125 0.0977020263671875 0.170242309570313
0.00635337829589844 0.019256591796875 0.11749267578125 0.156387329101563
0.0117282867431641 0.0118246078491211 0.107879638671875 0.161865234375
0.0197429656982422 0.0205402374267578 0.060882568359375 0.161346435546875
0.01727294921875 0.0358390808105469 0.0270462036132813 0.107994079589844
-0.00479888916015625 0.0470123291015625 0.0263938903808594 0.05322265625
-0.0400009155273438 0.0333709716796875 0.08221435546875 0.0227203369140625
-0.0394783020019531 0.0037841796875 0.195755004882813 0.0226593017578125
-0.014286994934082 -0.00460720062255859 0.2666015625 0.157058715820313
-0.12249755859375 -0.0718307495117187 0.175796508789063 -0.0211639404296875
-0.134033203125 -0.063140869140625 0.129440307617188 -0.0347518920898438
-0.153152465820313 -0.016510009765625 0.0281009674072266 -0.0290412902832031
-0.119499206542969 0.05364990234375 -0.0126018524169922 0.0298385620117188
-0.0732345581054688 0.081878662109375 -0.0216064453125 0.073638916015625
-0.0182723999023437 0.103073120117188 0.02728271484375 0.137039184570313
0.0276336669921875 0.100021362304688 0.086578369140625 0.154052734375
0.0283050537109375 0.0923233032226563 0.109481811523438 0.138786315917969
0.0373916625976562 0.0921249389648438 0.103363037109375 0.14117431640625
0.0284042358398438 0.101890563964844 0.06591796875 0.142593383789063
-0.0069122314453125 0.1094970703125 0.0330810546875 0.0889663696289063
-0.0473480224609375 0.111091613769531 0.0336494445800781 0.0392875671386719
-0.11871337890625 0.0638275146484375 0.0892410278320312 0.00685882568359375
-0.141891479492188 0.0106964111328125 0.196258544921875 0.0173492431640625
-0.12066650390625 -0.0148391723632812 0.258895874023438 0.153457641601563
-0.211624145507812 -0.094635009765625 0.131256103515625 -0.0326309204101563
-0.215957641601563 -0.0731964111328125 0.104438781738281 -0.0266189575195313
-0.23443603515625 -0.018096923828125 0.0401496887207031 -0.0287513732910156
-0.189117431640625 0.0847625732421875 0.0057840347290039 0.0135297775268555
-0.117950439453125 0.13348388671875 -0.0112648010253906 0.03802490234375
-0.030181884765625 0.173675537109375 0.0221939086914062 0.09259033203125
0.043792724609375 0.164566040039063 0.0646591186523438 0.110504150390625
0.047882080078125 0.152175903320313 0.0837936401367188 0.100189208984375
0.062713623046875 0.159805297851563 0.0798492431640625 0.102668762207031
0.0405731201171875 0.172378540039063 0.0561370849609375 0.106285095214844
-0.0233917236328125 0.176788330078125 0.0304756164550781 0.0576896667480469
-0.0816802978515625 0.170455932617188 0.0360946655273437 0.0196952819824219
-0.18377685546875 0.092254638671875 0.0847320556640625 -0.00492095947265624
-0.226730346679688 0.0201263427734375 0.16925048828125 0.0218658447265625
-0.20989990234375 -0.023712158203125 0.216552734375 0.141937255859375
-0.270782470703125 -0.0984954833984375 0.0632858276367187 -0.0498199462890625
-0.269577026367188 -0.0653228759765625 0.0587806701660156 -0.0218696594238281
-0.281051635742188 -0.00660705566406248 0.0418701171875 -0.0250930786132813
-0.227859497070313 0.109146118164063 0.0235500335693359 -0.00493621826171874
-0.141937255859375 0.16839599609375 0.00154495239257812 -0.00519895553588866
-0.0366058349609375 0.219009399414063 0.0156135559082031 0.0327529907226563
0.0529022216796875 0.204696655273437 0.0343551635742188 0.049774169921875
0.059967041015625 0.189712524414063 0.0462417602539063 0.0455551147460938
0.0783538818359375 0.203720092773438 0.0436019897460938 0.0484619140625
0.0463104248046875 0.218978881835937 0.0358543395996094 0.0544853210449219
-0.038482666015625 0.21990966796875 0.021087646484375 0.0172920227050781
-0.1058349609375 0.206146240234375 0.0335750579833984 -0.00189018249511717
-0.2242431640625 0.107376098632813 0.0706863403320312 -0.0108566284179687
-0.277145385742188 0.027191162109375 0.122390747070312 0.0314254760742188
-0.264755249023438 -0.026763916015625 0.145309448242187 0.125
-0.288299560546875 -0.085723876953125 -0.0224609375 -0.0726470947265625
-0.28253173828125 -0.043914794921875 -0.00356674194335939 -0.0191097259521484
-0.2838134765625 0.011810302734375 0.0319232940673828 -0.0197353363037109
-0.226425170898438 0.122817993164063 0.0342845916748047 -0.0259628295898437
-0.139251708984375 0.17828369140625 0.010986328125 -0.0504951477050781
-0.0331268310546875 0.229705810546875 0.00391387939453125 -0.0336284637451172
0.0560150146484375 0.213165283203125 -0.00183868408203125 -0.0194606781005859
0.062744140625 0.1978759765625 0.00150489807128906 -0.0154600143432617
0.0800933837890625 0.21661376953125 0.000250816345214848 -0.0110578536987305
0.04193115234375 0.232284545898437 0.00772619247436524 -0.00504827499389647
-0.051055908203125 0.228439331054688 0.00673294067382812 -0.0264873504638672
-0.117706298828125 0.208648681640625 0.0270900726318359 -0.0235919952392578
-0.233718872070313 0.10107421875 0.0498924255371094 -0.0105209350585937
-0.28656005859375 0.023895263671875 0.0605087280273437 0.0450248718261719
-0.278945922851563 -0.0290374755859375 0.0570907592773437 0.100730895996094
-0.259445190429688 -0.05938720703125 -0.11181640625 -0.0931549072265625
-0.246627807617188 -0.0190277099609375 -0.0693817138671875 -0.0186843872070313
-0.235183715820313 0.025299072265625 0.0114479064941406 -0.0157604217529297
-0.185516357421875 0.111007690429688 0.03106689453125 -0.0466766357421875
-0.112899780273438 0.1571044921875 0.0102005004882812 -0.088653564453125
-0.023681640625 0.2047119140625 -0.0136184692382813 -0.09326171875
0.0510406494140625 0.189193725585938 -0.0399551391601563 -0.0846939086914062
0.0566864013671875 0.1763916015625 -0.0420684814453125 -0.074432373046875
0.0687408447265625 0.196380615234375 -0.03985595703125 -0.071075439453125
0.0278472900390625 0.208343505859375 -0.0176925659179688 -0.0636825561523437
-0.0592498779296875 0.197006225585938 -0.00360870361328125 -0.0657272338867187
-0.113815307617188 0.171585083007813 0.0201072692871094 -0.0420455932617187
-0.207168579101563 0.0729522705078125 0.0257148742675781 -0.00817680358886718
-0.251724243164063 0.012908935546875 -0.00443267822265627 0.0540618896484375
-0.2515869140625 -0.026458740234375 -0.0327529907226563 0.071380615234375
-0.1873779296875 -0.02783203125 -0.188552856445313 -0.108062744140625
-0.168838500976563 -0.00164794921875001 -0.126434326171875 -0.0199813842773438
-0.151535034179688 0.0213775634765625 -0.0138731002807617 -0.0108804702758789
-0.120323181152344 0.0748748779296875 0.0171546936035156 -0.0610008239746094
-0.0757064819335938 0.108207702636719 0.00151824951171874 -0.111137390136719
-0.014007568359375 0.146987915039062 -0.0351715087890625 -0.136062622070313
0.0377426147460937 0.136672973632813 -0.0756454467773438 -0.134567260742188
0.0430679321289063 0.128372192382812 -0.0799942016601562 -0.122154235839844
0.0484771728515625 0.14581298828125 -0.0703659057617188 -0.121498107910156
0.011138916015625 0.151473999023438 -0.032989501953125 -0.113685607910156
-0.0557479858398437 0.134727478027344 -0.00575256347656251 -0.0946884155273437
-0.0878143310546875 0.109039306640625 0.0173721313476562 -0.0533180236816406
-0.144699096679688 0.038665771484375 0.00293803215026855 -0.0036323070526123
-0.178543090820312 0.00601196289062503 -0.0625 0.0546112060546875
-0.186935424804688 -0.0160064697265625 -0.110404968261719 0.0387802124023438
-0.084503173828125 0.00199127197265626 -0.241485595703125 -0.11676025390625
-0.0664558410644531 0.00124359130859375 -0.167129516601562 -0.0214691162109375
-0.0535354614257812 0.000118255615234384 -0.0379409790039063 -0.00337982177734375
-0.0511589050292969 0.0191612243652344 -0.000766754150390626 -0.0639457702636719
-0.0385284423828125 0.0413780212402344 -0.0090484619140625 -0.117790222167969
-0.0102996826171875 0.0699920654296875 -0.054595947265625 -0.156951904296875
0.0147895812988281 0.0661239624023438 -0.103561401367188 -0.162307739257813
0.0225677490234375 0.0603141784667969 -0.106277465820312 -0.15093994140625
0.0238265991210937 0.0727691650390625 -0.08642578125 -0.1534423828125
0.00141143798828125 0.0713577270507813 -0.0369873046875 -0.146514892578125
-0.03228759765625 0.0558242797851563 -0.000617980957031252 -0.107345581054688
-0.0361557006835937 0.0406913757324219 0.0167121887207031 -0.055206298828125
-0.05657958984375 0.0167732238769531 -0.0160207748413086 0.00163650512695312
-0.0804901123046875 0.0151824951171875 -0.106239318847656 0.047515869140625
-0.096923828125 0.00666809082031249 -0.164901733398438 0.00959777832031247
-0.0155296325683594 -0.0441970825195313 0.185089111328125 -0.0414886474609375
-0.0434684753417969 -0.048431396484375 0.126533508300781 -0.0577926635742187
-0.0606155395507813 -0.0119705200195313 0.00951194763183594 -0.0267925262451172
-0.0404624938964844 0.0189170837402344 -0.0203132629394531 0.0443992614746094
-0.0230445861816406 0.0230064392089844 -0.0119094848632812 0.0973968505859375
-0.0072784423828125 0.0203628540039063 0.0461578369140625 0.150772094726563
0.00705337524414063 0.0218887329101563 0.109298706054687 0.160629272460938
0.0051422119140625 0.0192337036132812 0.128280639648437 0.145904541015625
0.00975894927978516 0.0109891891479492 0.12060546875 0.152023315429687
0.0186195373535156 0.0171451568603516 0.07476806640625 0.155731201171875
0.0189075469970703 0.0322971343994141 0.0362548828125 0.1070556640625
-0.0010986328125 0.0449714660644531 0.0302467346191406 0.0527839660644531
-0.0345878601074219 0.034637451171875 0.0820770263671875 0.0172348022460938
-0.0361213684082031 0.00569915771484375 0.192840576171875 0.008209228515625
-0.0112466812133789 -0.00404644012451172 0.274139404296875 0.137710571289063
-0.122894287109375 -0.0627365112304687 0.175888061523438 -0.034881591796875
-0.135513305664063 -0.05535888671875 0.127189636230469 -0.0459060668945313
-0.1536865234375 -0.00755310058593751 0.0264148712158203 -0.0318508148193359
-0.11712646484375 0.0600051879882812 -0.00918006896972657 0.02850341796875
-0.0691909790039062 0.085784912109375 -0.0152359008789063 0.0730972290039063
-0.0131912231445313 0.10394287109375 0.0378952026367188 0.131294250488281
0.0333175659179688 0.098175048828125 0.097900390625 0.144515991210937
0.0331878662109375 0.0896759033203125 0.120155334472656 0.127410888671875
0.042633056640625 0.089141845703125 0.115089416503906 0.130851745605469
0.0343780517578125 0.0977249145507813 0.0793609619140625 0.136199951171875
0.00111389160156251 0.10797119140625 0.0418777465820312 0.086822509765625
-0.038330078125 0.112846374511719 0.0377388000488281 0.0380439758300781
-0.111076354980469 0.0716094970703125 0.0878219604492188 0.00215911865234375
-0.138397216796875 0.0211868286132812 0.193817138671875 0.003997802734375
-0.118293762207031 -0.00626373291015624 0.268081665039063 0.134536743164063
-0.214569091796875 -0.07867431640625 0.132583618164062 -0.0425567626953125
-0.217849731445313 -0.0583343505859375 0.104629516601562 -0.0361328125
-0.235733032226562 -0.00225830078125002 0.0393333435058594 -0.0328369140625
-0.182876586914063 0.0965576171875 0.00918102264404296 0.0111894607543945
-0.107940673828125 0.140914916992187 -0.00754165649414064 0.0366859436035156
-0.01910400390625 0.175399780273437 0.0292510986328125 0.0870895385742188
0.05474853515625 0.160171508789063 0.073974609375 0.103317260742188
0.05828857421875 0.14715576171875 0.0925750732421875 0.0904159545898438
0.0738525390625 0.153182983398438 0.0892333984375 0.094329833984375
0.053619384765625 0.167098999023438 0.0679931640625 0.100685119628906
-0.00932312011718751 0.176895141601563 0.037200927734375 0.055755615234375
-0.06793212890625 0.175003051757813 0.0391578674316406 0.0188064575195313
-0.174636840820313 0.105758666992188 0.0839920043945312 -0.00820159912109374
-0.2227783203125 0.03814697265625 0.168670654296875 0.0110931396484375
-0.2080078125 -0.00798034667968747 0.226104736328125 0.126861572265625
-0.27490234375 -0.076873779296875 0.0639801025390625 -0.0559654235839844
-0.271072387695313 -0.0455474853515625 0.0599861145019531 -0.0273246765136719
-0.282073974609375 0.015045166015625 0.0421409606933594 -0.0285606384277344
-0.218841552734375 0.125885009765625 0.0260868072509766 -0.00823211669921874
-0.127883911132812 0.17767333984375 0.0024886131286621 -0.00717210769653319
-0.0201568603515625 0.220626831054688 0.0188922882080078 0.0292167663574219
0.0677032470703125 0.198577880859375 0.0398330688476563 0.0448532104492188
0.074005126953125 0.18267822265625 0.0516929626464844 0.0393295288085938
0.094207763671875 0.195343017578125 0.0490913391113281 0.0441131591796875
0.06427001953125 0.213348388671875 0.0430450439453125 0.0507011413574219
-0.020355224609375 0.22198486328125 0.0251388549804688 0.0156116485595703
-0.0888519287109375 0.21380615234375 0.0352249145507812 -0.00313186645507811
-0.21502685546875 0.125137329101562 0.0703048706054687 -0.0130462646484375
-0.2738037109375 0.0487823486328125 0.123252868652344 0.0238265991210938
-0.264633178710938 -0.007293701171875 0.154983520507812 0.11492919921875
-0.293792724609375 -0.06231689453125 -0.0228500366210938 -0.0723342895507813
-0.28338623046875 -0.02197265625 -0.000719070434570331 -0.01947021484375
-0.28271484375 0.036102294921875 0.0330791473388672 -0.0224418640136719
-0.215927124023438 0.140762329101563 0.0353431701660156 -0.0298500061035156
-0.123321533203125 0.187850952148437 0.00865936279296874 -0.0520706176757812
-0.0147552490234375 0.23095703125 0.002716064453125 -0.0353050231933594
0.072906494140625 0.206207275390625 -0.00129890441894531 -0.0212383270263672
0.07781982421875 0.190292358398438 0.00299167633056641 -0.0174312591552734
0.0985870361328125 0.207687377929688 0.00144386291503907 -0.0120325088500976
0.0616455078125 0.226837158203125 0.0107126235961914 -0.00620269775390624
-0.031036376953125 0.23199462890625 0.00687599182128906 -0.0269031524658203
-0.099945068359375 0.216522216796875 0.0268707275390625 -0.0250530242919922
-0.225387573242188 0.119598388671875 0.0500335693359375 -0.0119094848632812
-0.28424072265625 0.047027587890625 0.0639991760253906 0.0420494079589844
-0.27935791015625 -0.00762939453125005 0.0659561157226563 0.0981369018554688
-0.263458251953125 -0.0384674072265625 -0.112861633300781 -0.0860443115234375
-0.247421264648437 0.00166320800781245 -0.0659408569335938 -0.0138015747070312
-0.235504150390625 0.0466766357421875 0.0136280059814453 -0.0163850784301758
-0.17633056640625 0.12725830078125 0.0310592651367187 -0.0500755310058594
-0.0986785888671875 0.165786743164063 0.00452423095703124 -0.0890426635742188
-0.00611877441406252 0.205230712890625 -0.0195693969726562 -0.0928192138671875
0.067108154296875 0.182281494140625 -0.04388427734375 -0.0822982788085937
0.0711212158203125 0.169326782226563 -0.0454635620117188 -0.0724105834960937
0.086395263671875 0.18841552734375 -0.0432815551757812 -0.0683021545410156
0.047515869140625 0.204574584960937 -0.0192375183105469 -0.0623512268066406
-0.0409393310546875 0.202056884765625 -0.00707244873046875 -0.0659408569335937
-0.098907470703125 0.180557250976563 0.0186347961425781 -0.0436019897460937
-0.2017822265625 0.090789794921875 0.0264167785644531 -0.00703620910644531
-0.250778198242188 0.0338134765625 0.000705718994140613 0.0559349060058594
-0.253067016601562 -0.00729370117187503 -0.0258636474609375 0.0749282836914063
-0.191146850585938 -0.0122833251953125 -0.191497802734375 -0.095703125
-0.170700073242188 0.0128631591796875 -0.122909545898438 -0.0104751586914062
-0.153030395507812 0.0371551513671875 -0.0110321044921875 -0.0105915069580078
-0.114387512207031 0.0865859985351563 0.0153427124023437 -0.0628852844238281
-0.0645523071289062 0.114608764648438 -0.00627899169921876 -0.111289978027344
-0.000305175781250003 0.1485595703125 -0.0446624755859375 -0.1329345703125
0.05047607421875 0.131889343261719 -0.0837631225585937 -0.1285400390625
0.0544509887695313 0.123207092285156 -0.0867385864257813 -0.116546630859375
0.062347412109375 0.139930725097656 -0.0774688720703125 -0.115669250488281
0.026275634765625 0.14886474609375 -0.0398406982421875 -0.110336303710938
-0.0417251586914063 0.139732360839844 -0.0117568969726562 -0.09417724609375
-0.0768661499023438 0.116836547851562 0.01446533203125 -0.0544509887695312
-0.141433715820313 0.05267333984375 0.00382304191589355 -0.000937461853027341
-0.17852783203125 0.0229034423828125 -0.0576171875 0.0602455139160156
-0.189224243164062 -0.000411987304687463 -0.106277465820313 0.0482330322265625
-0.0876693725585938 0.00868225097656251 -0.245803833007813 -0.101104736328125
-0.0693702697753906 0.00728225708007814 -0.163665771484375 -0.00900268554687502
-0.0572013854980469 0.00766372680664063 -0.0349025726318359 -0.00205612182617188
-0.0499229431152344 0.026336669921875 -0.00381088256835938 -0.0646018981933594
-0.03326416015625 0.0462226867675781 -0.01824951171875 -0.116722106933594
-0.00247955322265625 0.0713577270507813 -0.0661163330078125 -0.152114868164063
0.0232963562011719 0.0633277893066406 -0.11474609375 -0.153579711914063
0.0293731689453125 0.0575637817382813 -0.116195678710938 -0.1416015625
0.0321998596191406 0.0694122314453125 -0.09747314453125 -0.14556884765625
0.010650634765625 0.0707626342773438 -0.0469512939453125 -0.140655517578125
-0.0241508483886719 0.0591697692871094 -0.00862884521484375 -0.105979919433594
-0.0303077697753906 0.0446510314941406 0.0121688842773438 -0.0556678771972656
-0.0548133850097656 0.0238838195800781 -0.0156354904174805 0.00516223907470703
-0.08050537109375 0.0250625610351563 -0.101387023925781 0.0569915771484375
-0.0986480712890625 0.0165939331054688 -0.1639404296875 0.0231475830078125
-0.0126075744628906 -0.0450592041015625 0.1810302734375 -0.0493927001953125
-0.0436210632324219 -0.0500564575195313 0.120880126953125 -0.0633087158203125
-0.0608711242675781 -0.0131797790527344 0.00771903991699218 -0.0275096893310547
-0.0418128967285156 0.0172348022460938 -0.0184783935546875 0.0427436828613281
-0.0257759094238281 0.0231914520263672 -0.00782775878906249 0.0937957763671875
-0.00960350036621094 0.0217914581298828 0.0514373779296875 0.143798828125
0.00503349304199219 0.02252197265625 0.113662719726562 0.151260375976562
0.00370979309082031 0.0192375183105469 0.132034301757813 0.135459899902344
0.00760555267333984 0.0107698440551758 0.126327514648438 0.142166137695313
0.0170354843139648 0.0145244598388672 0.0822296142578125 0.148788452148438
0.0190868377685547 0.0284347534179687 0.0421142578125 0.10430908203125
0.000736236572265629 0.0419235229492188 0.0320892333984375 0.0524101257324219
-0.0297431945800781 0.0337162017822266 0.0794525146484375 0.0146560668945313
-0.0317821502685547 0.00578498840332031 0.186294555664063 0.0008087158203125
-0.00791215896606445 -0.00432968139648438 0.272323608398438 0.12567138671875
-0.11993408203125 -0.0577774047851562 0.173614501953125 -0.043060302734375
-0.133644104003906 -0.0522384643554687 0.1234130859375 -0.0518341064453125
-0.1527099609375 -0.00381469726562498 0.0250530242919922 -0.0337009429931641
-0.114639282226562 0.0614089965820313 -0.00637054443359376 0.0262775421142578
-0.0673828125 0.0873870849609375 -0.0110206604003906 0.0698623657226563
-0.0110626220703125 0.104141235351563 0.0427017211914062 0.124679565429688
0.034332275390625 0.0952682495117188 0.102958679199219 0.135246276855469
0.0343093872070312 0.0868148803710938 0.124031066894531 0.117866516113281
0.0438308715820312 0.0853195190429688 0.120033264160156 0.121658325195313
0.037078857421875 0.0928955078125 0.0866012573242188 0.129898071289063
0.00600433349609374 0.104347229003906 0.0479507446289062 0.0839996337890625
-0.0321044921875 0.110816955566406 0.0395431518554688 0.037506103515625
-0.103614807128906 0.0741653442382813 0.0859603881835938 0.000930786132812505
-0.132606506347656 0.0263519287109375 0.188201904296875 -0.0028839111328125
-0.113349914550781 -0.00149536132812502 0.267929077148438 0.1226806640625
-0.210845947265625 -0.0684051513671875 0.131622314453125 -0.0488128662109375
-0.21392822265625 -0.0499420166015625 0.103187561035156 -0.04150390625
-0.232162475585938 0.00718688964843751 0.038543701171875 -0.0347938537597656
-0.177215576171875 0.1015625 0.0117511749267578 0.00810050964355469
-0.10198974609375 0.142364501953125 -0.00452613830566407 0.0338497161865234
-0.0120849609375 0.17327880859375 0.0329971313476563 0.0814590454101563
0.059539794921875 0.1551513671875 0.0779571533203125 0.0947265625
0.062225341796875 0.141098022460938 0.0964202880859375 0.0818862915039063
0.0788116455078125 0.146377563476562 0.0938034057617188 0.0870132446289063
0.0604248046875 0.159759521484375 0.0745773315429688 0.0946884155273438
-0.000976562500000007 0.173370361328125 0.0424957275390625 0.0530242919921875
-0.05810546875 0.174606323242188 0.0410690307617187 0.0174179077148438
-0.16558837890625 0.111572265625 0.0827407836914062 -0.00887298583984374
-0.216415405273438 0.0480804443359375 0.165542602539063 0.0050811767578125
-0.202316284179688 0.000778198242187536 0.228179931640625 0.116928100585938
-0.271331787109375 -0.06298828125 0.0652542114257812 -0.0591278076171875
-0.266021728515625 -0.0340423583984375 0.0612335205078125 -0.0310554504394531
-0.277679443359375 0.0274810791015625 0.0426292419433594 -0.0308380126953125
-0.210205078125 0.132904052734375 0.0284709930419922 -0.0116825103759766
-0.117843627929688 0.179412841796875 0.00350379943847655 -0.00900363922119139
-0.009765625 0.217849731445313 0.0205650329589844 0.0249176025390625
0.0757598876953125 0.191162109375 0.0423240661621094 0.0396995544433594
0.080291748046875 0.17529296875 0.0542335510253906 0.0335006713867188
0.1016845703125 0.18658447265625 0.0522727966308594 0.0396270751953125
0.07415771484375 0.205032348632812 0.0490837097167969 0.0467262268066406
-0.0077972412109375 0.218963623046875 0.0282688140869141 0.0136528015136719
-0.0765533447265625 0.2139892578125 0.0361824035644531 -0.00421524047851561
-0.205764770507812 0.133529663085938 0.0696907043457031 -0.0129356384277344
-0.266220092773437 0.06121826171875 0.122138977050781 0.0200119018554688
-0.258590698242187 0.004150390625 0.158966064453125 0.108200073242187
-0.29058837890625 -0.04754638671875 -0.0203857421875 -0.071807861328125
-0.278305053710937 -0.00886535644531253 0.00353240966796873 -0.0205326080322266
-0.278091430664063 0.05133056640625 0.0344142913818359 -0.0246505737304687
-0.2059326171875 0.148910522460938 0.0369186401367187 -0.0327682495117187
-0.111618041992187 0.189804077148438 0.00755691528320312 -0.0529861450195312
-0.00302124023437499 0.228607177734375 0.00153732299804688 -0.036712646484375
0.0809783935546875 0.198226928710938 -0.000328063964843743 -0.02301025390625
0.0855255126953125 0.182220458984375 0.00419425964355469 -0.0205326080322266
0.107192993164062 0.198089599609375 0.00301647186279298 -0.0130281448364258
0.0740966796875 0.218414306640625 0.0145244598388672 -0.00709438323974608
-0.0176544189453125 0.229660034179688 0.00839042663574218 -0.0279598236083984
-0.08746337890625 0.218673706054688 0.0272789001464844 -0.0261516571044922
-0.216812133789062 0.129058837890625 0.0500526428222656 -0.0108680725097656
-0.278289794921875 0.0608978271484375 0.0654106140136718 0.040008544921875
-0.27471923828125 0.00518798828124995 0.0716934204101562 0.0945053100585938
-0.262588500976563 -0.0244140625 -0.109909057617188 -0.0820541381835937
-0.243606567382813 0.0142974853515625 -0.059478759765625 -0.0113639831542969
-0.231338500976562 0.0609588623046875 0.0165367126464844 -0.0180912017822266
-0.166519165039063 0.136215209960938 0.0318756103515625 -0.0522308349609375
-0.08697509765625 0.167892456054688 0.00193023681640624 -0.0886917114257812
0.00579833984375 0.20269775390625 -0.0225067138671875 -0.0912704467773437
0.0763092041015625 0.174331665039063 -0.045135498046875 -0.0810165405273437
0.0789031982421875 0.161651611328125 -0.045562744140625 -0.0715484619140625
0.095855712890625 0.178756713867188 -0.0440750122070313 -0.0658226013183594
0.0590667724609375 0.197219848632812 -0.0184898376464844 -0.0609054565429687
-0.02825927734375 0.200927734375 -0.00749588012695312 -0.0651168823242188
-0.0875244140625 0.183395385742188 0.0177650451660156 -0.0439567565917969
-0.19476318359375 0.100723266601563 0.0270957946777344 -0.00550842285156249
-0.246170043945313 0.04779052734375 0.00392532348632811 0.0564651489257812
-0.249542236328125 0.00555419921875002 -0.0201187133789063 0.0759048461914062
-0.19171142578125 -0.00215148925781251 -0.1878662109375 -0.0883941650390624
-0.169586181640625 0.0231475830078125 -0.115913391113281 -0.00553131103515624
-0.151504516601563 0.0489044189453125 -0.00765037536621095 -0.01153564453125
-0.108039855957031 0.09478759765625 0.0153427124023437 -0.0640830993652344
-0.0556106567382813 0.118148803710937 -0.0105972290039062 -0.108551025390625
0.0100250244140625 0.146316528320313 -0.0493927001953125 -0.128814697265625
0.0587387084960938 0.125686645507813 -0.0865249633789063 -0.123825073242187
0.0616683959960938 0.116661071777344 -0.0890579223632813 -0.111648559570312
0.070343017578125 0.132362365722656 -0.0801849365234375 -0.109626770019531
0.0369720458984375 0.143630981445313 -0.0412673950195313 -0.105964660644531
-0.031341552734375 0.140144348144531 -0.0146636962890625 -0.0922775268554687
-0.0682296752929687 0.119560241699219 0.0120315551757812 -0.0540008544921875
-0.136520385742187 0.0611038208007813 0.00502729415893554 0.000370502471923832
-0.175918579101562 0.034576416015625 -0.0530166625976563 0.063323974609375
-0.186767578125 0.00979614257812502 -0.100761413574219 0.0529098510742188
-0.0900421142578125 0.0137786865234375 -0.242935180664062 -0.0911712646484375
-0.0715789794921875 0.0128326416015625 -0.157455444335938 -0.00263977050781253
-0.0589599609375 0.014556884765625 -0.0314559936523438 -0.00262260437011719
-0.0479927062988281 0.0320014953613281 -0.00516891479492188 -0.0654182434082031
-0.0286216735839844 0.0491561889648438 -0.0231170654296875 -0.113311767578125
0.003570556640625 0.070892333984375 -0.0721893310546875 -0.145950317382812
0.0283927917480469 0.060028076171875 -0.118759155273437 -0.145828247070313
0.0340347290039063 0.0543708801269531 -0.11895751953125 -0.134193420410156
0.0376625061035156 0.0644073486328125 -0.100914001464844 -0.137260437011719
0.017181396484375 0.0672988891601563 -0.0511093139648438 -0.135177612304688
-0.0179939270019531 0.0602836608886719 -0.0124359130859375 -0.1033935546875
-0.02508544921875 0.04693603515625 0.0106086730957031 -0.0545158386230469
-0.0519905090332031 0.0304145812988281 -0.0142583847045898 0.00746536254882812
-0.07940673828125 0.0326766967773438 -0.095855712890625 0.0621109008789063
-0.0982589721679688 0.0227279663085938 -0.160018920898438 0.03143310546875
-0.009735107421875 -0.04736328125 0.18023681640625 -0.0538787841796875
-0.0435676574707031 -0.0536956787109375 0.118827819824219 -0.0672683715820313
-0.0631179809570312 -0.0167007446289063 0.00676536560058593 -0.0283603668212891
-0.0450820922851563 0.0156135559082031 -0.0176811218261719 0.041229248046875
-0.0288105010986328 0.0239906311035156 -0.005950927734375 0.0912322998046875
-0.0129032135009766 0.0238304138183594 0.0531234741210938 0.13983154296875
0.00260162353515625 0.0244770050048828 0.115386962890625 0.147186279296875
0.00109481811523438 0.0203781127929688 0.133644104003906 0.130424499511719
0.00463485717773438 0.0115242004394531 0.128700256347656 0.137565612792969
0.0134916305541992 0.0130081176757813 0.085968017578125 0.14544677734375
0.0175743103027344 0.0246849060058594 0.04595947265625 0.104019165039063
0.00177383422851563 0.0387992858886719 0.0338020324707031 0.0533447265625
-0.02557373046875 0.0312252044677734 0.0777816772460938 0.014862060546875
-0.0279273986816406 0.00445556640625 0.181838989257813 -0.0021514892578125
-0.00359916687011719 -0.00537347793579102 0.270599365234375 0.121734619140625
-0.116111755371094 -0.0578231811523437 0.174331665039062 -0.048187255859375
-0.1322021484375 -0.053985595703125 0.122817993164062 -0.0558929443359375
-0.153701782226562 -0.00460815429687498 0.0249576568603516 -0.0347270965576172
-0.115943908691406 0.0614776611328125 -0.00473022460937501 0.0243453979492188
-0.0689697265625 0.0879287719726563 -0.00933456420898437 0.0668525695800781
-0.0120773315429687 0.105293273925781 0.0445632934570313 0.120140075683594
0.0340728759765625 0.0960311889648437 0.105247497558594 0.130172729492188
0.0335845947265625 0.085784912109375 0.126075744628906 0.112388610839844
0.043609619140625 0.0844039916992188 0.123092651367188 0.116630554199219
0.0372314453125 0.0904006958007813 0.09161376953125 0.125373840332031
0.00759124755859375 0.101753234863281 0.0519332885742188 0.0827560424804688
-0.0297927856445312 0.109176635742188 0.041778564453125 0.0381355285644531
-0.099090576171875 0.0741729736328125 0.0851287841796875 0.0021209716796875
-0.128005981445313 0.0288848876953125 0.185379028320313 -0.0047760009765625
-0.1094970703125 -0.000289916992187477 0.268524169921875 0.1187744140625
-0.207412719726562 -0.064544677734375 0.133674621582031 -0.053985595703125
-0.211807250976563 -0.04840087890625 0.104080200195312 -0.0458526611328125
-0.232025146484375 0.0107269287109375 0.0390396118164062 -0.0371665954589844
-0.176437377929688 0.102935791015625 0.0139303207397461 0.00518798828125001
-0.100555419921875 0.143325805664063 -0.00339317321777345 0.0303745269775391
-0.0102386474609375 0.174331665039063 0.034576416015625 0.0771636962890625
0.0608978271484375 0.152999877929688 0.0800857543945313 0.0899124145507813
0.0633392333984375 0.138748168945312 0.098114013671875 0.0765609741210938
0.0801544189453125 0.143798828125 0.0972900390625 0.0828323364257813
0.0630645751953125 0.15576171875 0.0796737670898438 0.0909423828125
0.00370788574218749 0.171112060546875 0.0465774536132813 0.0513191223144531
-0.0535430908203125 0.1739501953125 0.0434989929199219 0.0180091857910156
-0.161712646484375 0.11334228515625 0.0830001831054687 -0.00714874267578124
-0.21240234375 0.05255126953125 0.163742065429688 0.00372314453125
-0.198440551757813 0.00393676757812498 0.231414794921875 0.11370849609375
-0.268585205078125 -0.0570526123046875 0.0685462951660156 -0.0628929138183594
-0.263442993164063 -0.029815673828125 0.06402587890625 -0.034454345703125
-0.275741577148438 0.034912109375 0.0441017150878906 -0.0335731506347656
-0.207351684570313 0.13629150390625 0.0312442779541015 -0.0153427124023437
-0.114608764648438 0.180679321289062 0.00490093231201171 -0.0116376876831055
-0.00593566894531251 0.217727661132813 0.0212955474853516 0.0210399627685547
0.07928466796875 0.187774658203125 0.0442390441894531 0.0348167419433594
0.08251953125 0.171798706054687 0.0556678771972656 0.0292587280273438
0.1053466796875 0.181838989257813 0.0556907653808594 0.0363922119140625
0.0794219970703125 0.201034545898438 0.0538825988769531 0.0433502197265625
-0.00167846679687499 0.217727661132813 0.0313854217529297 0.0120964050292969
-0.07080078125 0.215118408203125 0.0384941101074219 -0.00451660156249999
-0.201080322265625 0.137786865234375 0.07086181640625 -0.0115203857421875
-0.263015747070312 0.06793212890625 0.122962951660156 0.0198135375976563
-0.254928588867188 0.00897216796874996 0.162872314453125 0.105712890625
-0.289276123046875 -0.0399169921875001 -0.0159683227539063 -0.074432373046875
-0.27618408203125 -0.00265502929687498 0.00737190246582029 -0.022705078125
-0.2763671875 0.059661865234375 0.0371932983398437 -0.0271530151367187
-0.201217651367188 0.154266357421875 0.0397491455078125 -0.0360450744628906
-0.10638427734375 0.19097900390625 0.00832366943359375 -0.0545501708984375
0.00358581542968751 0.22674560546875 0.00199127197265625 -0.0388946533203125
0.0861968994140625 0.193817138671875 0.000680923461914066 -0.0258312225341797
0.0896453857421875 0.1783447265625 0.00554847717285157 -0.0225925445556641
0.112808227539062 0.192596435546875 0.00496196746826173 -0.0149335861206055
0.0805816650390625 0.213973999023438 0.0183448791503906 -0.00921058654785155
-0.00994873046875 0.229537963867188 0.0105781555175781 -0.0289688110351562
-0.0811309814453125 0.220108032226563 0.0281562805175781 -0.0263805389404297
-0.2135009765625 0.134613037109375 0.0516700744628906 -0.00934600830078124
-0.275970458984375 0.0689239501953125 0.0673141479492187 0.0400314331054688
-0.27294921875 0.010955810546875 0.0759811401367187 0.0941848754882813
-0.263275146484375 -0.016632080078125 -0.105239868164062 -0.082763671875
-0.243118286132813 0.021240234375 -0.0545158386230469 -0.0119132995605469
-0.230804443359375 0.071136474609375 0.0195083618164062 -0.0204524993896484
-0.162338256835937 0.142791748046875 0.0345573425292969 -0.0551376342773438
-0.0814208984375 0.16986083984375 0.0013580322265625 -0.0895767211914062
0.01275634765625 0.201416015625 -0.0235671997070313 -0.0915603637695312
0.0810699462890625 0.17034912109375 -0.04486083984375 -0.0816726684570312
0.08319091796875 0.157745361328125 -0.0455398559570312 -0.0720596313476563
0.1016845703125 0.173416137695313 -0.0429496765136719 -0.0650978088378906
0.066619873046875 0.19287109375 -0.0160331726074219 -0.0617256164550781
-0.020263671875 0.201385498046875 -0.00719451904296875 -0.0659523010253906
-0.0808563232421875 0.185333251953125 0.0182685852050781 -0.044708251953125
-0.191513061523437 0.107192993164062 0.0287647247314453 -0.00423049926757812
-0.24554443359375 0.05694580078125 0.00707626342773436 0.0574722290039063
-0.248916625976563 0.0116424560546875 -0.0153350830078125 0.0773696899414062
-0.193954467773438 0.00436401367187501 -0.184097290039062 -0.0870361328125
-0.170089721679687 0.0289154052734375 -0.110763549804688 -0.00469970703124999
-0.151824951171875 0.0577239990234375 -0.00410175323486329 -0.0138692855834961
-0.10430908203125 0.100730895996094 0.0159950256347656 -0.066558837890625
-0.0505905151367188 0.119415283203125 -0.0118026733398438 -0.109115600585938
0.0163421630859375 0.145538330078125 -0.0509719848632812 -0.127456665039063
0.0637969970703125 0.122215270996094 -0.0879440307617187 -0.122352600097656
0.0657119750976563 0.113189697265625 -0.0897064208984375 -0.1104736328125
0.0761184692382813 0.127693176269531 -0.0805282592773438 -0.107589721679687
0.0438613891601563 0.139976501464844 -0.040557861328125 -0.105789184570312
-0.0239639282226563 0.14044189453125 -0.0151901245117188 -0.0923004150390625
-0.062225341796875 0.122055053710938 0.0119056701660156 -0.0542221069335937
-0.134239196777344 0.0672149658203125 0.00636196136474609 0.00235414505004883
-0.175888061523438 0.0427093505859375 -0.0496063232421875 0.065673828125
-0.187576293945313 0.015411376953125 -0.0976486206054688 0.0559921264648437
-0.093414306640625 0.0165634155273438 -0.240585327148438 -0.0891571044921876
-0.0740585327148438 0.0170211791992188 -0.152450561523438 -0.00161743164062498
-0.0609779357910156 0.0211296081542969 -0.0285224914550781 -0.00559806823730468
-0.0464439392089844 0.0371589660644531 -0.0053253173828125 -0.0667762756347656
-0.0241317749023437 0.0511627197265625 -0.0255889892578125 -0.113136291503906
0.0083160400390625 0.0712966918945313 -0.0752105712890625 -0.143295288085938
0.0328788757324219 0.0576400756835938 -0.120956420898437 -0.142684936523438
0.0376205444335938 0.0513801574707031 -0.120445251464844 -0.130943298339844
0.0425071716308594 0.0611152648925781 -0.102455139160156 -0.1337890625
0.0226593017578125 0.0645065307617188 -0.0516510009765625 -0.133033752441406
-0.0124702453613281 0.0608367919921875 -0.0139236450195312 -0.102180480957031
-0.0207901000976562 0.04840087890625 0.00928878784179687 -0.0538101196289063
-0.0497550964355469 0.0353889465332031 -0.0130157470703125 0.00989627838134766
-0.079498291015625 0.0395050048828125 -0.0933151245117187 0.0655746459960938
-0.0995101928710938 0.0279922485351562 -0.157669067382813 0.0358734130859375
-0.005706787109375 -0.0516471862792969 0.183853149414063 -0.058441162109375
-0.0450782775878906 -0.0589981079101563 0.119430541992188 -0.0713119506835938
-0.0680885314941406 -0.0205459594726563 0.00609779357910156 -0.0300712585449219
-0.0505447387695313 0.0142707824707031 -0.0185699462890625 0.0404853820800781
-0.0338153839111328 0.0262813568115234 -0.00688171386718751 0.0907363891601563
-0.0167407989501953 0.0266475677490234 0.054931640625 0.139739990234375
-3.4332275390628E-05 0.0276069641113281 0.118911743164063 0.147018432617188
-0.00142288208007813 0.021942138671875 0.138137817382813 0.1295166015625
0.00117206573486328 0.0133066177368164 0.132881164550781 0.1363525390625
0.0104084014892578 0.0121860504150391 0.091522216796875 0.145919799804688
0.0156669616699219 0.0225620269775391 0.0509567260742188 0.105804443359375
0.0020599365234375 0.0359115600585938 0.0362892150878906 0.0561294555664063
-0.0232524871826172 0.0289325714111328 0.0777969360351563 0.0167083740234375
-0.0245246887207031 0.00187873840332031 0.181777954101563 -0.0036773681640625
0.000491142272949219 -0.00730228424072266 0.27471923828125 0.123016357421875
-0.114555358886719 -0.0598220825195313 0.179306030273438 -0.0531158447265625
-0.134445190429688 -0.0575332641601562 0.125160217285156 -0.0613479614257813
-0.159759521484375 -0.00546264648437503 0.0252952575683594 -0.0372962951660156
-0.121047973632813 0.0627212524414062 -0.00471878051757813 0.0217227935791016
-0.0732192993164063 0.091064453125 -0.00870513916015625 0.0654258728027344
-0.0135574340820313 0.110450744628906 0.0467300415039063 0.118019104003906
0.0333938598632812 0.0988693237304688 0.108604431152344 0.128669738769531
0.0331573486328125 0.0877304077148438 0.130645751953125 0.10968017578125
0.0426712036132812 0.0855178833007813 0.129051208496094 0.115089416503906
0.0367507934570313 0.0895767211914063 0.098114013671875 0.124618530273438
0.0081634521484375 0.100936889648438 0.0574111938476563 0.083251953125
-0.0283966064453125 0.108955383300781 0.0448951721191406 0.0399971008300781
-0.0982208251953125 0.0750961303710938 0.0866851806640625 0.00370788574218751
-0.126930236816406 0.0298919677734375 0.186935424804688 -0.005523681640625
-0.107063293457031 -0.000137329101562481 0.274826049804688 0.11981201171875
-0.20867919921875 -0.0644073486328125 0.140365600585938 -0.0598297119140625
-0.214981079101563 -0.05035400390625 0.107444763183594 -0.0504074096679688
-0.237640380859375 0.0115966796875 0.0403938293457031 -0.0402069091796875
-0.181243896484375 0.10638427734375 0.0156459808349609 0.00153541564941407
-0.1038818359375 0.146987915039063 -0.00198936462402345 0.0283279418945313
-0.00982666015624998 0.1790771484375 0.0362014770507812 0.0744400024414063
0.062744140625 0.155593872070313 0.0831069946289063 0.087493896484375
0.06500244140625 0.14117431640625 0.102127075195313 0.0735321044921875
0.0826263427734375 0.144989013671875 0.101669311523438 0.0799407958984375
0.065887451171875 0.156021118164062 0.0863876342773438 0.0890960693359375
0.006317138671875 0.17218017578125 0.0514450073242188 0.0507469177246094
-0.050933837890625 0.176467895507813 0.0475387573242188 0.01861572265625
-0.16156005859375 0.11724853515625 0.0855636596679687 -0.00514221191406249
-0.21337890625 0.056671142578125 0.167205810546875 0.004150390625
-0.199234008789063 0.00552368164062503 0.238967895507813 0.115020751953125
-0.271926879882813 -0.05474853515625 0.0741500854492187 -0.0691680908203125
-0.266830444335938 -0.028900146484375 0.068267822265625 -0.0393295288085938
-0.28143310546875 0.039306640625 0.0466423034667969 -0.036651611328125
-0.210159301757812 0.142227172851563 0.0345745086669922 -0.0198345184326172
-0.115524291992187 0.185089111328125 0.00597381591796874 -0.015019416809082
-0.00296020507812501 0.222320556640625 0.0223159790039063 0.0175724029541016
0.0825958251953125 0.19000244140625 0.04638671875 0.0311927795410156
0.0860748291015625 0.173583984375 0.0594940185546875 0.0255470275878906
0.110031127929687 0.182723999023438 0.0602455139160156 0.03302001953125
0.084625244140625 0.200698852539063 0.0603141784667969 0.0407562255859375
0.00277709960937502 0.220809936523438 0.0354995727539063 0.0103912353515625
-0.068572998046875 0.220062255859375 0.0418815612792969 -0.00407791137695311
-0.202438354492187 0.143341064453125 0.0746383666992187 -0.00953674316406249
-0.266738891601563 0.07501220703125 0.126693725585937 0.0200347900390625
-0.258270263671875 0.0126800537109375 0.1708984375 0.107254028320313
-0.29400634765625 -0.0352172851562501 -0.0115203857421875 -0.0792007446289063
-0.279800415039063 0.00195312500000003 0.0118217468261719 -0.0265216827392578
-0.28076171875 0.06878662109375 0.0404434204101562 -0.0306320190429687
-0.202407836914063 0.161819458007813 0.0435676574707031 -0.0408172607421875
-0.105865478515625 0.195724487304688 0.00934600830078124 -0.0583877563476562
0.0089874267578125 0.230789184570313 0.00231552124023437 -0.0431289672851562
0.0910186767578125 0.194564819335938 0.00199890136718751 -0.0297050476074219
0.0942535400390625 0.1788330078125 0.00719642639160157 -0.0264644622802734
0.1185302734375 0.192153930664063 0.00763225555419923 -0.0172386169433594
0.088531494140625 0.213531494140625 0.0231208801269531 -0.0130176544189453
-0.00408935546874998 0.233963012695312 0.013092041015625 -0.03167724609375
-0.07733154296875 0.2269287109375 0.0315952301025391 -0.0272941589355469
-0.215591430664063 0.142990112304687 0.0557937622070312 -0.00718307495117187
-0.280303955078125 0.0780181884765625 0.0716323852539062 0.0413818359375
-0.2769775390625 0.01446533203125 0.0828399658203125 0.0953445434570312
-0.269729614257813 -0.01153564453125 -0.103729248046875 -0.0863494873046875
-0.247329711914063 0.027130126953125 -0.0507545471191406 -0.01397705078125
-0.233963012695313 0.081207275390625 0.0231094360351562 -0.0237693786621094
-0.160385131835938 0.15155029296875 0.0373611450195312 -0.0603256225585937
-0.0779876708984375 0.174285888671875 0.00118255615234374 -0.0935134887695313
0.0189971923828125 0.205032348632813 -0.0243911743164063 -0.0951309204101563
0.0875091552734375 0.170166015625 -0.04583740234375 -0.0842819213867187
0.089202880859375 0.157577514648438 -0.0459136962890625 -0.0754013061523437
0.108535766601563 0.172897338867187 -0.0419425964355469 -0.0672187805175781
0.074737548828125 0.192169189453125 -0.0134086608886719 -0.0647239685058594
-0.0136566162109375 0.205184936523438 -0.00601577758789062 -0.0693511962890625
-0.07666015625 0.191604614257813 0.0198783874511719 -0.0457992553710937
-0.1927490234375 0.116378784179688 0.0320110321044922 -0.00246810913085937
-0.249664306640625 0.0665283203125 0.0097694396972656 0.0594902038574219
-0.25408935546875 0.01641845703125 -0.0112762451171875 0.0796051025390625
-0.201263427734375 0.00933837890625001 -0.185592651367188 -0.0902099609375
-0.174835205078125 0.0352783203125 -0.10784912109375 -0.00617218017578125
-0.154434204101563 0.06793212890625 -0.00112056732177735 -0.0168962478637695
-0.102973937988281 0.109336853027344 0.0178604125976562 -0.0712661743164063
-0.0467529296875 0.123931884765625 -0.0128173828125 -0.111671447753906
0.0230865478515625 0.148040771484375 -0.0537948608398437 -0.13055419921875
0.0697860717773438 0.1212158203125 -0.0897369384765625 -0.124809265136719
0.0710067749023438 0.112373352050781 -0.0916900634765625 -0.112754821777344
0.0821075439453125 0.125602722167969 -0.0818099975585938 -0.10943603515625
0.0510940551757813 0.138900756835938 -0.0393905639648437 -0.108467102050781
-0.018310546875 0.14300537109375 -0.0151901245117188 -0.0949554443359375
-0.0576629638671875 0.126243591308594 0.0130844116210937 -0.0558242797851563
-0.134246826171875 0.075469970703125 0.00861072540283202 0.00410509109497071
-0.17822265625 0.052154541015625 -0.0468635559082031 0.0691184997558594
-0.19158935546875 0.0212860107421875 -0.09576416015625 0.0593795776367187
-0.0999069213867188 0.0214920043945313 -0.244903564453125 -0.0913238525390625
-0.0788726806640625 0.0214309692382813 -0.151611328125 -0.00177001953124998
-0.0633316040039063 0.0284652709960938 -0.0270214080810547 -0.00872039794921875
-0.0451698303222656 0.0433845520019531 -0.00543212890625001 -0.0711593627929688
-0.0216789245605469 0.0542831420898437 -0.0280303955078125 -0.115516662597656
0.013916015625 0.0727920532226563 -0.07891845703125 -0.144973754882813
0.0376930236816406 0.0558624267578125 -0.124969482421875 -0.143661499023438
0.0419387817382813 0.0492820739746094 -0.123893737792969 -0.131439208984375
0.0465507507324219 0.0583152770996094 -0.104866027832031 -0.1346435546875
0.0286293029785156 0.0630302429199219 -0.0535354614257813 -0.134017944335938
-0.00736618041992188 0.0612030029296875 -0.0146331787109375 -0.103950500488281
-0.0164794921875 0.0509872436523438 0.00943374633789062 -0.0548629760742188
-0.0481224060058594 0.0415534973144531 -0.010991096496582 0.0129098892211914
-0.0802993774414063 0.0478439331054688 -0.0922012329101563 0.0699920654296875
-0.103042602539063 0.0337448120117187 -0.159378051757812 0.0404815673828125
-0.00288009643554688 -0.0586585998535156 0.19024658203125 -0.06787109375
-0.0508232116699219 -0.0663375854492188 0.1209716796875 -0.0800704956054688
-0.0753936767578125 -0.0232925415039063 0.00464439392089843 -0.0319938659667969
-0.0578041076660156 0.015350341796875 -0.0186309814453125 0.0411415100097656
-0.0390739440917969 0.0299301147460938 -0.00495147705078125 0.092437744140625
-0.0201282501220703 0.0321846008300781 0.0592498779296875 0.140823364257813
-0.00242805480957031 0.0324516296386719 0.126754760742188 0.147567749023438
-0.00376701354980469 0.0257453918457031 0.145614624023438 0.128829956054688
-0.00185108184814453 0.0156164169311523 0.142745971679688 0.135787963867188
0.00630664825439453 0.0122127532958984 0.1009521484375 0.147415161132813
0.0141410827636719 0.0197887420654297 0.0586471557617187 0.107696533203125
0.00174713134765625 0.0330657958984375 0.0407600402832031 0.059295654296875
-0.0206394195556641 0.0256481170654297 0.0797653198242188 0.0173492431640625
-0.0214023590087891 -0.00121688842773437 0.184402465820313 -0.0070953369140625
0.00573635101318359 -0.00974559783935547 0.287811279296875 0.12353515625
-0.115470886230469 -0.0631179809570312 0.18719482421875 -0.0643310546875
-0.141159057617188 -0.0621185302734375 0.127883911132812 -0.069793701171875
-0.169326782226563 -0.00442504882812499 0.0252494812011719 -0.0410995483398437
-0.129600524902344 0.0675811767578125 -0.00308990478515626 0.0197525024414063
-0.0773773193359375 0.098358154296875 -0.00779724121093751 0.0648651123046875
-0.0142669677734375 0.117515563964844 0.0502777099609375 0.117805480957031
0.0347366333007812 0.104484558105469 0.116340637207031 0.127395629882813
0.0339584350585938 0.0919647216796875 0.138786315917969 0.106948852539063
0.0441665649414062 0.0898513793945313 0.13800048828125 0.111923217773437
0.0376815795898437 0.0906219482421875 0.108757019042969 0.123497009277344
0.00923919677734376 0.101348876953125 0.065704345703125 0.083587646484375
-0.0266189575195313 0.111091613769531 0.0506744384765625 0.0420761108398438
-0.0972366333007813 0.077117919921875 0.0904312133789063 0.0048675537109375
-0.126213073730469 0.0321731567382812 0.192138671875 -0.0091094970703125
-0.10601806640625 0.000251770019531269 0.2899169921875 0.119598388671875
-0.213104248046875 -0.063323974609375 0.146957397460938 -0.07086181640625
-0.22247314453125 -0.050506591796875 0.111671447753906 -0.0600509643554688
-0.247543334960937 0.0183258056640625 0.0416831970214844 -0.0452766418457031
-0.187774658203125 0.11505126953125 0.017974853515625 -0.00348472595214843
-0.106399536132812 0.156097412109375 -0.000820159912109383 0.0243339538574219
-0.00590515136718749 0.187820434570313 0.038909912109375 0.0712890625
0.0683441162109375 0.160934448242188 0.0895919799804688 0.0843124389648438
0.069976806640625 0.145401000976563 0.108596801757813 0.06976318359375
0.087799072265625 0.147613525390625 0.110374450683594 0.0760269165039063
0.071563720703125 0.157806396484375 0.0967559814453125 0.0860443115234375
0.011566162109375 0.177139282226563 0.0586891174316406 0.04876708984375
-0.0472869873046875 0.182403564453125 0.0523567199707031 0.0192604064941406
-0.161773681640625 0.12518310546875 0.0913925170898437 -0.00438690185546874
-0.215805053710938 0.0650634765625 0.17413330078125 0.001312255859375
-0.202590942382813 0.0105133056640625 0.254348754882813 0.113204956054688
-0.280075073242188 -0.048919677734375 0.079986572265625 -0.079193115234375
-0.275115966796875 -0.0235748291015625 0.073089599609375 -0.04705810546875
-0.29052734375 0.049774169921875 0.0493049621582031 -0.0426559448242188
-0.214401245117188 0.15447998046875 0.03790283203125 -0.0261459350585937
-0.115585327148437 0.194808959960937 0.00685501098632812 -0.0202274322509765
0.00450134277343752 0.231109619140625 0.0238151550292969 0.0138893127441406
0.09039306640625 0.1942138671875 0.049835205078125 0.0271682739257813
0.093902587890625 0.176315307617188 0.0642852783203125 0.0209503173828125
0.119888305664063 0.18487548828125 0.0659370422363281 0.0294761657714844
0.0960540771484375 0.203567504882812 0.0675086975097656 0.036041259765625
0.010986328125 0.227981567382813 0.0416908264160156 0.00679016113281251
-0.0628509521484375 0.22955322265625 0.046905517578125 -0.00545120239257811
-0.204849243164063 0.155792236328125 0.0807342529296875 -0.00849914550781249
-0.272064208984375 0.087188720703125 0.134033203125 0.0188522338867188
-0.26495361328125 0.0193939208984375 0.1846923828125 0.106781005859375
-0.305938720703125 -0.026519775390625 -0.00882720947265628 -0.0880355834960938
-0.2891845703125 0.011016845703125 0.0162220001220703 -0.0322132110595703
-0.28717041015625 0.082763671875 0.0445556640625 -0.0370674133300781
-0.202728271484375 0.175827026367187 0.0472450256347656 -0.0493431091308594
-0.101547241210938 0.20654296875 0.00927352905273437 -0.0649032592773437
0.0188140869140625 0.238723754882812 0.001922607421875 -0.0479736328125
0.101654052734375 0.19769287109375 0.00173377990722657 -0.0344696044921875
0.104446411132812 0.181365966796875 0.00787734985351564 -0.0308322906494141
0.130508422851563 0.193939208984375 0.0105628967285156 -0.0220546722412109
0.100601196289063 0.216110229492188 0.0270538330078125 -0.0183639526367187
0.006134033203125 0.24224853515625 0.0159988403320313 -0.0363540649414062
-0.071563720703125 0.23785400390625 0.0341224670410156 -0.0304031372070312
-0.218414306640625 0.157211303710938 0.0612945556640625 -0.00737380981445312
-0.287200927734375 0.0926818847656249 0.0789108276367187 0.0420989990234375
-0.2857666015625 0.0242919921875 0.0938796997070312 0.0972824096679688
-0.282257080078125 -0.00100708007812504 -0.104331970214844 -0.0919342041015625
-0.256072998046875 0.0381927490234375 -0.0472908020019531 -0.0177726745605469
-0.23828125 0.0969390869140625 0.0265026092529297 -0.0293560028076172
-0.158920288085937 0.1656494140625 0.0400276184082031 -0.0684890747070312
-0.072998046875 0.183364868164063 0.000244140625000004 -0.0994873046875
0.030303955078125 0.210845947265625 -0.02734375 -0.100639343261719
0.0988922119140625 0.170639038085938 -0.048980712890625 -0.0897903442382812
0.0991973876953125 0.158111572265625 -0.0484542846679688 -0.07940673828125
0.120254516601563 0.172042846679688 -0.043609619140625 -0.0714797973632812
0.0863800048828125 0.193130493164063 -0.0124893188476562 -0.070587158203125
-0.00340270996093749 0.212814331054688 -0.00572967529296875 -0.0745010375976562
-0.0697479248046875 0.202423095703125 0.0214424133300781 -0.0493240356445312
-0.1953125 0.129745483398438 0.0372657775878906 -0.00150299072265624
-0.255889892578125 0.0815277099609376 0.0162506103515625 0.0623817443847656
-0.263198852539063 0.0262908935546875 -0.00459289550781251 0.0830459594726563
-0.2113037109375 0.0196990966796875 -0.190628051757812 -0.093231201171875
-0.181915283203125 0.0455780029296875 -0.107795715332031 -0.0060577392578125
-0.157058715820312 0.0821533203125 0.00133514404296874 -0.0215167999267578
-0.099639892578125 0.120590209960938 0.018341064453125 -0.0785446166992187
-0.0408096313476563 0.130989074707031 -0.0159530639648438 -0.118110656738281
0.032745361328125 0.151580810546875 -0.0588607788085938 -0.134567260742187
0.0790939331054688 0.120018005371094 -0.0963516235351563 -0.128005981445312
0.0799331665039062 0.111190795898437 -0.0977401733398438 -0.1153564453125
0.0921478271484375 0.123130798339844 -0.0854721069335938 -0.112754821777344
0.0622024536132813 0.137969970703125 -0.0419769287109375 -0.113426208496094
-0.00859069824218751 0.147750854492188 -0.0175094604492187 -0.0993881225585938
-0.0512542724609375 0.133613586425781 0.0129432678222656 -0.0586662292480469
-0.134567260742188 0.0865402221679688 0.0133934020996094 0.00595664978027344
-0.182266235351563 0.066070556640625 -0.0439987182617188 0.0742645263671875
-0.199966430664063 0.031463623046875 -0.0945816040039063 0.064666748046875
-0.107620239257813 0.0291213989257812 -0.253936767578125 -0.091796875
-0.0843963623046875 0.0294036865234375 -0.15386962890625 -0.000518798828125016
-0.0650444030761719 0.0379676818847656 -0.0261516571044922 -0.0124416351318359
-0.0428543090820313 0.0513916015625 -0.00738525390625 -0.07794189453125
-0.0165290832519531 0.0592460632324219 -0.0336074829101563 -0.120254516601563
0.0211029052734375 0.073974609375 -0.0866241455078125 -0.147598266601563
0.0446586608886719 0.0533905029296875 -0.133270263671875 -0.145645141601562
0.0484771728515625 0.0465431213378906 -0.130744934082031 -0.133316040039063
0.0535964965820313 0.0542221069335938 -0.111061096191406 -0.137031555175781
0.0353202819824219 0.0596580505371094 -0.0567855834960937 -0.13861083984375
0.000366210937500005 0.0627250671386719 -0.0179824829101563 -0.106834411621094
-0.00961303710937501 0.05364990234375 0.00919723510742188 -0.0567398071289063
-0.044586181640625 0.0490646362304688 -0.00892353057861329 0.0156755447387695
-0.0799942016601563 0.058868408203125 -0.0902633666992188 0.0765380859375
-0.107513427734375 0.0427703857421875 -0.162124633789063 0.04852294921875
-0.00201797485351563 -0.0682449340820313 0.19256591796875 -0.0844573974609375
-0.0581817626953125 -0.072906494140625 0.11834716796875 -0.0913009643554687
-0.0853652954101562 -0.0237197875976563 0.00260162353515624 -0.0347652435302734
-0.0662155151367188 0.0186271667480469 -0.01812744140625 0.0418357849121094
-0.0439720153808594 0.0360794067382813 -0.00182342529296875 0.0942916870117188
-0.0220222473144531 0.0396385192871094 0.0667572021484375 0.140426635742188
-0.00246047973632813 0.038848876953125 0.138534545898438 0.144195556640625
-0.00579452514648437 0.0303535461425781 0.1568603515625 0.123153686523438
-0.00444412231445313 0.0204563140869141 0.155181884765625 0.130172729492188
0.00272655487060547 0.0139141082763672 0.114639282226563 0.144302368164063
0.0107021331787109 0.016911506652832 0.069976806640625 0.107749938964844
0.00165939331054687 0.0300979614257812 0.0478706359863281 0.0612144470214844
-0.0175533294677734 0.0215396881103516 0.0821151733398438 0.017608642578125
-0.0177192687988281 -0.00596809387207031 0.185775756835938 -0.01409912109375
0.0111265182495117 -0.0157508850097656 0.30340576171875 0.11627197265625
-0.118804931640625 -0.0653305053710937 0.191192626953125 -0.0821990966796875
-0.15093994140625 -0.0627593994140625 0.128005981445313 -0.0837631225585938
-0.1800537109375 0.00134277343749999 0.0230560302734375 -0.0463447570800781
-0.135429382324219 0.0773468017578125 -0.00264072418212892 0.0165796279907227
-0.0789337158203125 0.108291625976562 -0.00619888305664063 0.0639915466308594
-0.00952148437500001 0.126472473144531 0.056060791015625 0.115264892578125
0.039794921875 0.110275268554688 0.126411437988281 0.121810913085938
0.0378646850585938 0.0961227416992188 0.148712158203125 0.09942626953125
0.0480728149414062 0.091827392578125 0.149826049804688 0.10491943359375
0.0405502319335938 0.0918807983398438 0.122291564941406 0.118194580078125
0.0121917724609375 0.102104187011719 0.076385498046875 0.0805511474609375
-0.0211334228515625 0.112655639648437 0.0587692260742188 0.0418319702148438
-0.0928955078125 0.0809173583984375 0.0952224731445313 0.003631591796875
-0.124534606933594 0.0363693237304687 0.196868896484375 -0.0162353515625
-0.105087280273438 0.0022430419921875 0.3076171875 0.109527587890625
-0.219375610351563 -0.0584259033203125 0.151535034179688 -0.0877685546875
-0.232391357421875 -0.044525146484375 0.112693786621094 -0.0728988647460938
-0.257217407226563 0.0298309326171875 0.0415496826171875 -0.0525398254394531
-0.191360473632812 0.128860473632813 0.0193099975585937 -0.00925636291503905
-0.104293823242188 0.168899536132813 -0.000450134277343756 0.0209751129150391
0.00289916992187502 0.196914672851563 0.0420379638671875 0.0676612854003906
0.0775604248046875 0.164825439453125 0.0964889526367188 0.0776596069335938
0.07830810546875 0.147293090820313 0.117156982421875 0.0615081787109375
0.0984039306640625 0.147964477539063 0.12066650390625 0.0679550170898438
0.0820465087890625 0.157379150390625 0.107933044433594 0.0786514282226563
0.0211944580078125 0.179962158203125 0.0680465698242188 0.0439643859863281
-0.0386962890625 0.1895751953125 0.0605850219726563 0.0176734924316406
-0.1585693359375 0.136138916015625 0.0985488891601562 -0.00591278076171874
-0.215469360351563 0.0775604248046875 0.181289672851563 -0.0058441162109375
-0.203842163085938 0.0183868408203125 0.27301025390625 0.105072021484375
-0.28863525390625 -0.035980224609375 0.0832061767578125 -0.0934906005859375
-0.28399658203125 -0.0123291015624999 0.0750503540039062 -0.0587081909179687
-0.296630859375 0.06781005859375 0.0501174926757812 -0.0512962341308594
-0.213287353515625 0.171401977539063 0.0388832092285156 -0.0357513427734375
-0.109710693359375 0.20831298828125 0.00611114501953124 -0.026763916015625
0.0184478759765625 0.239547729492188 0.0241565704345703 0.00794601440429689
0.104049682617188 0.195266723632813 0.0538101196289063 0.0210494995117188
0.106857299804688 0.17730712890625 0.067657470703125 0.0132637023925781
0.1337890625 0.183303833007813 0.0716781616210938 0.0217361450195313
0.110549926757813 0.201446533203125 0.0755386352539063 0.0278701782226563
0.0256805419921875 0.233047485351563 0.0465049743652344 0.000461578369140639
-0.0508270263671875 0.23974609375 0.0526313781738281 -0.00906372070312499
-0.200592041015625 0.172149658203125 0.0881576538085938 -0.0116119384765625
-0.27313232421875 0.1063232421875 0.143447875976562 0.0132598876953125
-0.270065307617188 0.0334930419921875 0.202362060546875 0.0999603271484375
-0.314971923828125 -0.00827026367187498 -0.00856018066406252 -0.0975265502929687
-0.296295166015625 0.02783203125 0.019195556640625 -0.039794921875
-0.289794921875 0.104248046875 0.0465965270996093 -0.0447959899902344
-0.1976318359375 0.194717407226562 0.0483589172363281 -0.0604057312011719
-0.0924072265625 0.218780517578125 0.00633239746093749 -0.0725784301757812
0.03466796875 0.24462890625 -0.001708984375 -0.05426025390625
0.116775512695313 0.195968627929688 0.000873565673828131 -0.040252685546875
0.118484497070313 0.179519653320313 0.00764083862304688 -0.0371856689453125
0.146621704101563 0.189804077148438 0.0120334625244141 -0.02679443359375
0.118560791015625 0.213516235351563 0.0306186676025391 -0.0256595611572265
0.0232391357421875 0.248123168945313 0.0171165466308594 -0.0432472229003906
-0.057525634765625 0.250457763671875 0.0375556945800781 -0.0349006652832031
-0.214691162109375 0.177230834960938 0.0690078735351562 -0.00968551635742186
-0.288726806640625 0.11517333984375 0.0878677368164063 0.0386123657226563
-0.29290771484375 0.0408935546875 0.107627868652344 0.0938796997070313
-0.29095458984375 0.0186462402343749 -0.107223510742188 -0.0962371826171875
-0.26177978515625 0.0581817626953125 -0.0450057983398438 -0.0207595825195313
-0.237350463867187 0.119277954101563 0.0299644470214844 -0.0362091064453125
-0.150802612304687 0.182632446289063 0.0398483276367188 -0.0793991088867187
-0.0609588623046875 0.194229125976563 -0.00460052490234376 -0.106903076171875
0.0472564697265625 0.213821411132813 -0.0335311889648437 -0.105384826660156
0.112686157226563 0.166885375976563 -0.0550765991210937 -0.0933609008789063
0.1134033203125 0.154769897460938 -0.05242919921875 -0.0828323364257812
0.136138916015625 0.166229248046875 -0.0465545654296875 -0.0751571655273437
0.104019165039062 0.188980102539062 -0.0143814086914062 -0.0774917602539062
0.01275634765625 0.218414306640625 -0.00865936279296876 -0.080108642578125
-0.0572509765625 0.21331787109375 0.0218505859375 -0.0534477233886719
-0.191131591796875 0.14886474609375 0.0440139770507812 -0.00344467163085937
-0.256942749023438 0.103836059570313 0.0242042541503906 0.0626564025878906
-0.26983642578125 0.0443878173828125 0.00477600097656249 0.0847015380859375
-0.220138549804688 0.037322998046875 -0.197601318359375 -0.0910797119140625
-0.186737060546875 0.063079833984375 -0.106208801269531 -0.00551605224609377
-0.154953002929688 0.100616455078125 0.0027484893798828 -0.0272388458251953
-0.0906448364257813 0.134666442871094 0.015960693359375 -0.0881195068359375
-0.0299148559570313 0.138290405273438 -0.0235366821289063 -0.122955322265625
0.04779052734375 0.152572631835938 -0.0685882568359375 -0.136871337890625
0.09210205078125 0.114959716796875 -0.106597900390625 -0.128509521484375
0.0914077758789063 0.105537414550781 -0.105224609375 -0.115982055664063
0.10455322265625 0.116424560546875 -0.0932998657226563 -0.113853454589844
0.0752487182617188 0.132408142089844 -0.0472488403320313 -0.118240356445312
0.00505065917968749 0.150833129882813 -0.022674560546875 -0.104316711425781
-0.0398101806640625 0.141265869140625 0.0120353698730469 -0.0622406005859375
-0.129554748535156 0.101654052734375 0.0182037353515625 0.00585365295410157
-0.181228637695313 0.08538818359375 -0.0372161865234375 0.0785751342773438
-0.205429077148437 0.048187255859375 -0.0897369384765625 0.0720977783203125
-0.114501953125 0.0420989990234375 -0.265960693359375 -0.0857391357421876
-0.08837890625 0.0414352416992187 -0.155349731445313 0.00372314453124997
-0.0649147033691406 0.0506782531738281 -0.0265254974365234 -0.0164737701416016
-0.036956787109375 0.0604019165039062 -0.012939453125 -0.08404541015625
-0.00942230224609375 0.0633697509765625 -0.0420761108398437 -0.122879028320312
0.0321502685546875 0.0740966796875 -0.0977935791015625 -0.147186279296875
0.0535011291503906 0.0487518310546875 -0.145706176757813 -0.142471313476563
0.0557632446289063 0.0403175354003906 -0.1416015625 -0.131515502929688
0.0611305236816406 0.0466461181640625 -0.1204833984375 -0.13568115234375
0.0440673828125 0.0540237426757813 -0.0645294189453125 -0.140373229980469
0.00909805297851563 0.0617179870605469 -0.0232315063476562 -0.110023498535156
-0.000713348388671878 0.0550765991210938 0.00826263427734375 -0.0584297180175781
-0.0383415222167969 0.0584678649902344 -0.00474739074707031 0.0179843902587891
-0.075836181640625 0.0729751586914063 -0.0853958129882812 0.0856781005859375
-0.109710693359375 0.0561676025390625 -0.162216186523437 0.0609588623046875
-0.00402832031250001 -0.0775680541992188 0.186859130859375 -0.102020263671875
-0.0691757202148438 -0.0766067504882812 0.109550476074219 -0.102584838867188
-0.0950469970703125 -0.02020263671875 -0.00108337402343751 -0.0363273620605469
-0.0726776123046875 0.0255203247070313 -0.0178489685058594 0.042144775390625
-0.0463066101074219 0.0443229675292969 0.00120544433593749 0.0929489135742188
-0.0219764709472656 0.04815673828125 0.0743179321289063 0.136474609375
-0.000366210937499999 0.0455856323242187 0.147735595703125 0.134918212890625
-0.00582504272460937 0.0362892150878906 0.164932250976563 0.11260986328125
-0.00574493408203125 0.0260295867919922 0.16455078125 0.118301391601563
-0.00122451782226563 0.0168514251708984 0.127311706542969 0.135116577148438
0.00666332244873047 0.0155181884765625 0.08197021484375 0.101448059082031
0.000247955322265625 0.0253047943115234 0.0551109313964844 0.0603179931640625
-0.0161066055297852 0.0158014297485352 0.08349609375 0.0156326293945313
-0.0151338577270508 -0.0127630233764648 0.182723999023438 -0.021636962890625
0.0161266326904297 -0.0230598449707031 0.31353759765625 0.1004638671875
-0.120986938476563 -0.0668411254882812 0.187530517578125 -0.101913452148438
-0.159942626953125 -0.0611572265625 0.121383666992187 -0.0962753295898437
-0.186798095703125 0.0113677978515625 0.0192451477050781 -0.0510406494140625
-0.137435913085938 0.0887832641601562 -0.00374507904052735 0.013580322265625
-0.0764083862304687 0.119117736816406 -0.00472259521484375 0.0610427856445313
-0.00257873535156249 0.134010314941406 0.0613861083984375 0.109779357910156
0.0465240478515625 0.113632202148438 0.1337890625 0.111396789550781
0.043304443359375 0.0987548828125 0.156082153320313 0.086578369140625
0.0523147583007813 0.09259033203125 0.158172607421875 0.09088134765625
0.04205322265625 0.09002685546875 0.133537292480469 0.106048583984375
0.0151901245117187 0.100013732910156 0.0870437622070313 0.07269287109375
-0.0164337158203125 0.1102294921875 0.0666275024414063 0.0388031005859375
-0.0863113403320313 0.0818939208984375 0.100013732910156 0.00127410888671875
-0.119522094726562 0.039093017578125 0.195953369140625 -0.0260162353515625
-0.100051879882813 0.00397491455078124 0.321441650390625 0.091644287109375
-0.220245361328125 -0.0502166748046875 0.147506713867187 -0.10711669921875
-0.2386474609375 -0.0350189208984375 0.108261108398437 -0.0865478515625
-0.258987426757813 0.046142578125 0.0380516052246094 -0.0598335266113281
-0.187698364257813 0.144210815429688 0.0171737670898437 -0.0165481567382812
-0.0968170166015625 0.180282592773438 -0.000205993652343756 0.0164718627929688
0.015869140625 0.201736450195313 0.04443359375 0.0612068176269531
0.089599609375 0.164321899414063 0.102012634277344 0.0680084228515625
0.08758544921875 0.144927978515625 0.121734619140625 0.0487899780273438
0.10772705078125 0.144561767578125 0.127159118652344 0.0554962158203125
0.0910491943359375 0.152633666992187 0.118316650390625 0.0660018920898438
0.0316162109375 0.177322387695312 0.0750732421875 0.0352020263671875
-0.0267486572265625 0.19134521484375 0.0671119689941406 0.0130577087402344
-0.148391723632812 0.14453125 0.103851318359375 -0.0107574462890625
-0.208221435546875 0.0885467529296875 0.185043334960938 -0.0157012939453125
-0.20013427734375 0.0290069580078125 0.287750244140625 0.086669921875
-0.28948974609375 -0.0195312499999999 0.0803146362304688 -0.109901428222656
-0.28662109375 0.00350952148437497 0.0732040405273437 -0.0708236694335938
-0.29443359375 0.0871582031249999 0.0484428405761718 -0.0603370666503906
-0.203079223632813 0.187881469726563 0.0365066528320312 -0.0459861755371094
-0.0980224609375 0.21893310546875 0.00264358520507812 -0.0335025787353515
0.034759521484375 0.240432739257813 0.0222263336181641 0.00136184692382814
0.11761474609375 0.190185546875 0.0544509887695313 0.0120697021484375
0.11907958984375 0.171249389648438 0.0693550109863281 0.00326919555664064
0.147293090820313 0.17462158203125 0.0746231079101563 0.0109710693359375
0.125015258789063 0.192398071289063 0.0821990966796875 0.0162582397460938
0.0429840087890625 0.231658935546875 0.04949951171875 -0.00897979736328124
-0.03302001953125 0.244400024414063 0.0572700500488281 -0.0149612426757812
-0.188568115234375 0.18695068359375 0.0942611694335938 -0.0165786743164062
-0.26531982421875 0.124618530273437 0.150634765625 0.00329589843750001
-0.265975952148438 0.0499267578125 0.217803955078125 0.0847930908203125
-0.31585693359375 0.015228271484375 -0.0115585327148438 -0.107826232910156
-0.2943115234375 0.048309326171875 0.0195732116699219 -0.04827880859375
-0.281890869140625 0.126739501953125 0.0453033447265625 -0.0549888610839844
-0.18231201171875 0.210418701171875 0.0454330444335937 -0.0707015991210937
-0.0766448974609375 0.226043701171875 0.000534057617187502 -0.0798416137695312
0.05426025390625 0.242691040039063 -0.00768661499023437 -0.0588951110839844
0.131057739257813 0.187606811523438 -0.00279617309570312 -0.0461540222167969
0.131851196289063 0.170501708984375 0.00495529174804688 -0.042938232421875
0.160888671875 0.17779541015625 0.0108299255371094 -0.034576416015625
0.1341552734375 0.201629638671875 0.0320625305175781 -0.03533935546875
0.04345703125 0.246017456054687 0.0167503356933594 -0.0504646301269531
-0.0370635986328125 0.25555419921875 0.0402908325195313 -0.0399017333984375
-0.201278686523437 0.195602416992188 0.0750579833984375 -0.0150375366210937
-0.27960205078125 0.138259887695312 0.0957870483398437 0.032073974609375
-0.289459228515625 0.0616455078125 0.121932983398438 0.0847702026367188
-0.292388916015625 0.0439453125 -0.110458374023438 -0.0987548828125
-0.257476806640625 0.07940673828125 -0.0413131713867188 -0.0245170593261719
-0.225982666015625 0.14129638671875 0.0295867919921875 -0.045684814453125
-0.133071899414062 0.196823120117188 0.0341720581054688 -0.09039306640625
-0.04437255859375 0.197784423828125 -0.0118789672851563 -0.112266540527344
0.0663299560546875 0.208969116210938 -0.0422210693359375 -0.107521057128906
0.12615966796875 0.156341552734375 -0.0617446899414063 -0.09326171875
0.125259399414063 0.144058227539063 -0.0574111938476562 -0.0836715698242187
0.14886474609375 0.153778076171875 -0.0512313842773437 -0.0777740478515625
0.119720458984375 0.177017211914063 -0.0176467895507813 -0.083648681640625
0.0330352783203125 0.216201782226563 -0.013153076171875 -0.0852432250976562
-0.0386962890625 0.2176513671875 0.0213546752929687 -0.0575332641601562
-0.177520751953125 0.166854858398438 0.0493698120117187 -0.00768661499023437
-0.248092651367188 0.12652587890625 0.0340042114257812 0.0603866577148438
-0.26800537109375 0.06640625 0.0169830322265625 0.082275390625
-0.220748901367187 0.060577392578125 -0.202224731445312 -0.08636474609375
-0.184280395507813 0.083709716796875 -0.103218078613281 -0.00343322753906249
-0.14453125 0.119857788085938 0.00320434570312499 -0.0342884063720703
-0.0760650634765625 0.1446533203125 0.0103302001953125 -0.095703125
-0.0148162841796875 0.140373229980469 -0.0322036743164063 -0.125007629394531
0.0635833740234375 0.146469116210938 -0.0782089233398438 -0.134666442871094
0.103286743164063 0.103767395019531 -0.115409851074219 -0.125518798828125
0.099884033203125 0.0943069458007813 -0.11346435546875 -0.112869262695313
0.114578247070312 0.103401184082031 -0.101303100585937 -0.1116943359375
0.0873031616210938 0.120658874511719 -0.0548477172851563 -0.120628356933594
0.0211639404296875 0.147705078125 -0.0291290283203125 -0.106246948242187
-0.0240936279296875 0.14288330078125 0.00950622558593749 -0.0651397705078125
-0.116943359375 0.114707946777344 0.0237770080566406 0.00351142883300782
-0.171798706054688 0.105987548828125 -0.0261917114257813 0.0807723999023438
-0.202346801757813 0.06817626953125 -0.080413818359375 0.075775146484375
-0.116424560546875 0.0582962036132812 -0.272308349609375 -0.073394775390625
-0.087921142578125 0.0554428100585938 -0.153167724609375 0.00923156738281251
-0.0584907531738281 0.0640869140625 -0.0272903442382813 -0.0208454132080078
-0.0267257690429688 0.0679397583007813 -0.021087646484375 -0.0890045166015625
0.000125885009765624 0.0655899047851563 -0.0531997680664063 -0.12176513671875
0.0426292419433594 0.0687332153320313 -0.1094970703125 -0.140449523925781
0.0614700317382813 0.0389900207519531 -0.156845092773438 -0.133834838867188
0.061737060546875 0.0312156677246094 -0.151016235351563 -0.123077392578125
0.0664024353027344 0.035552978515625 -0.130172729492187 -0.130126953125
0.05108642578125 0.0435600280761719 -0.0730743408203125 -0.139144897460938
0.0193138122558594 0.0565948486328125 -0.0292587280273437 -0.109909057617188
0.00989913940429688 0.0536842346191406 0.00594329833984375 -0.0594444274902344
-0.0277290344238281 0.0653266906738281 0.00162315368652343 0.0180568695068359
-0.0663681030273437 0.0863800048828125 -0.0760650634765625 0.0916824340820312
-0.106521606445313 0.0710983276367188 -0.1552734375 0.073150634765625
-0.00792694091796874 -0.0863800048828125 0.173568725585938 -0.11322021484375
-0.0804290771484375 -0.0774459838867188 0.0966339111328125 -0.108261108398438
-0.103073120117188 -0.015716552734375 -0.00768661499023438 -0.0351276397705078
-0.0797195434570313 0.0331649780273437 -0.0181884765625 0.041748046875
-0.0484466552734375 0.0525894165039063 0.00389862060546875 0.0907821655273438
-0.0196189880371094 0.0587577819824219 0.0775909423828125 0.129447937011719
0.00280380249023437 0.0533218383789063 0.152450561523438 0.124313354492188
-0.0030975341796875 0.0412254333496094 0.168289184570313 0.0973358154296875
-0.005889892578125 0.0307884216308594 0.165740966796875 0.105224609375
-0.00439643859863281 0.0192947387695313 0.13250732421875 0.121803283691406
-0.0008697509765625 0.0143861770629883 0.0892257690429687 0.0932540893554688
-0.00375747680664063 0.0211544036865234 0.0629119873046875 0.0552749633789063
-0.0163135528564453 0.00802326202392578 0.0843353271484375 0.016357421875
-0.0155963897705078 -0.0204277038574219 0.176681518554688 -0.0242462158203125
0.0171337127685547 -0.0322990417480469 0.31549072265625 0.08544921875
-0.119094848632813 -0.0691070556640625 0.173919677734375 -0.11724853515625
-0.166732788085938 -0.0579833984375 0.108001708984375 -0.106010437011719
-0.189773559570313 0.0210418701171875 0.0156898498535156 -0.0525245666503906
-0.137107849121094 0.097900390625 -0.00463104248046876 0.0108499526977539
-0.0712738037109375 0.126625061035156 -0.00370025634765625 0.0566940307617188
0.00524139404296876 0.138450622558594 0.0631561279296875 0.101982116699219
0.0529098510742187 0.115425109863281 0.134681701660156 0.0997314453125
0.0469741821289063 0.0989532470703125 0.155197143554687 0.072723388671875
0.054901123046875 0.0957183837890625 0.160308837890625 0.076904296875
0.0425262451171875 0.0873031616210938 0.139289855957031 0.0916519165039063
0.0149765014648437 0.0963287353515625 0.0923690795898437 0.0610427856445312
-0.0136260986328125 0.106475830078125 0.0712356567382813 0.0336456298828125
-0.07904052734375 0.0773468017578125 0.102020263671875 -0.0016021728515625
-0.113609313964844 0.0375747680664062 0.194015502929687 -0.0340728759765625
-0.0941925048828125 4.57763671875205E-05 0.32220458984375 0.072662353515625
-0.216552734375 -0.04302978515625 0.137886047363281 -0.120986938476563
-0.237960815429688 -0.0268859863281251 0.0980453491210937 -0.0989761352539063
-0.258148193359375 0.0580596923828125 0.0315933227539062 -0.0645599365234375
-0.17987060546875 0.154159545898438 0.0111579895019531 -0.022674560546875
-0.0876007080078125 0.183792114257812 -0.00360393524169923 0.0130472183227539
0.0281982421875 0.199264526367187 0.0403480529785156 0.0537185668945313
0.0964813232421875 0.158966064453125 0.100196838378906 0.0547103881835938
0.0950927734375 0.139610290527344 0.121162414550781 0.0372238159179688
0.114822387695312 0.138664245605469 0.127975463867188 0.0414505004882813
0.0953521728515625 0.143966674804688 0.121780395507812 0.0500869750976563
0.037261962890625 0.1708984375 0.0792312622070313 0.0234222412109375
-0.016448974609375 0.185775756835937 0.072540283203125 0.00682067871093751
-0.136611938476563 0.144271850585938 0.107963562011719 -0.0146636962890625
-0.196151733398437 0.0948944091796875 0.185150146484375 -0.025787353515625
-0.190536499023437 0.031005859375 0.294036865234375 0.06719970703125
-0.282379150390625 -0.00524902343749994 0.0718231201171875 -0.124771118164063
-0.280517578125 0.017242431640625 0.0678482055664062 -0.0810317993164063
-0.2845458984375 0.10107421875 0.0439796447753906 -0.0677299499511719
-0.1893310546875 0.197311401367187 0.0327224731445312 -0.0552711486816406
-0.0823974609375 0.221572875976563 -0.00257492065429688 -0.0382003784179687
0.04730224609375 0.234512329101563 0.0177192687988281 -0.0038013458251953
0.126419067382813 0.181640625 0.0510749816894531 0.00253677368164064
0.125946044921875 0.161697387695312 0.0694503784179688 -0.00766372680664062
0.153244018554688 0.164337158203125 0.073883056640625 0.00027465820312501
0.1307373046875 0.1783447265625 0.0824508666992188 0.00238037109375001
0.0540008544921875 0.223617553710938 0.0513572692871094 -0.0191307067871094
-0.0169830322265625 0.238800048828125 0.0609397888183594 -0.0208625793457031
-0.1722412109375 0.191009521484375 0.0986328125 -0.0225067138671875
-0.2493896484375 0.134674072265625 0.152435302734375 -0.00645446777343749
-0.25592041015625 0.0614166259765625 0.224273681640625 0.065338134765625
-0.305877685546875 0.03204345703125 -0.0151901245117188 -0.117561340332031
-0.281341552734375 0.0618896484375 0.0181808471679687 -0.0573081970214844
-0.26593017578125 0.13958740234375 0.0436973571777344 -0.0629997253417969
-0.162460327148437 0.215789794921875 0.039459228515625 -0.0800094604492187
-0.0616912841796875 0.225540161132813 -0.00553131103515625 -0.0839767456054687
0.0691375732421875 0.2320556640625 -0.0121955871582031 -0.0616111755371094
0.1376953125 0.174957275390625 -0.00804901123046874 -0.0519561767578125
0.13885498046875 0.156906127929688 0.00405120849609376 -0.0499038696289062
0.170761108398438 0.16339111328125 0.00904846191406251 -0.0386886596679687
0.142593383789063 0.186279296875 0.0302848815917969 -0.0451240539550781
0.0587158203125 0.234878540039063 0.0134239196777344 -0.0583915710449219
-0.02044677734375 0.25201416015625 0.0421257019042969 -0.0445327758789062
-0.18267822265625 0.20208740234375 0.080291748046875 -0.0211181640625
-0.263320922851563 0.152801513671875 0.101600646972656 0.0237045288085938
-0.278228759765625 0.0769653320312501 0.129745483398437 0.0712356567382813
-0.282623291015625 0.0649108886718751 -0.110923767089844 -0.102218627929688
-0.244583129882813 0.0956726074218751 -0.038909912109375 -0.0319747924804688
-0.207977294921875 0.154571533203125 0.0264396667480469 -0.0534133911132812
-0.11279296875 0.2027587890625 0.0282058715820313 -0.099578857421875
-0.0296478271484375 0.194229125976562 -0.0216522216796875 -0.113525390625
0.0799102783203125 0.194320678710937 -0.0494766235351562 -0.107841491699219
0.13385009765625 0.1416015625 -0.0673446655273437 -0.0933685302734375
0.132789611816406 0.128265380859375 -0.0613861083984375 -0.0855484008789062
0.154144287109375 0.137176513671875 -0.0552291870117188 -0.0780563354492187
0.128158569335938 0.159103393554688 -0.02197265625 -0.0883407592773437
0.0480804443359375 0.2059326171875 -0.017822265625 -0.0890731811523437
-0.0186309814453125 0.2139892578125 0.0213127136230469 -0.062835693359375
-0.159149169921875 0.175384521484375 0.0537071228027344 -0.0131912231445312
-0.231033325195313 0.142669677734375 0.0415992736816406 0.0520668029785156
-0.256088256835938 0.0827484130859375 0.0275726318359375 0.0736083984375
-0.213226318359375 0.07977294921875 -0.2001953125 -0.0849609375
-0.172134399414063 0.0993194580078125 -0.096527099609375 -0.00555419921875001
-0.128753662109375 0.1331787109375 0.00138473510742186 -0.0421295166015625
-0.0580291748046875 0.149002075195312 0.0029754638671875 -0.10174560546875
0.00072479248046874 0.136627197265625 -0.0408554077148438 -0.125534057617188
0.0758895874023438 0.133712768554687 -0.0850601196289062 -0.129676818847656
0.10943603515625 0.0897750854492188 -0.118675231933594 -0.11822509765625
0.104141235351563 0.0789031982421875 -0.117660522460937 -0.107650756835938
0.117294311523438 0.0874176025390625 -0.105255126953125 -0.108673095703125
0.0913009643554688 0.105484008789063 -0.0585403442382813 -0.12042236328125
0.0323028564453125 0.136878967285156 -0.0342483520507813 -0.10601806640625
-0.00982666015625 0.136817932128906 0.0075225830078125 -0.0684432983398437
-0.0990829467773438 0.12017822265625 0.0285491943359375 -0.00093650817871093
-0.155960083007812 0.120254516601563 -0.0175399780273438 0.0773773193359375
-0.190261840820313 0.084320068359375 -0.0689315795898438 0.07879638671875
-0.112030029296875 0.072509765625 -0.268524169921875 -0.0637054443359375
-0.0817718505859375 0.0686721801757812 -0.146759033203125 0.0120697021484375
-0.04852294921875 0.0732345581054688 -0.0293331146240234 -0.0273265838623047
-0.0160980224609375 0.0718536376953125 -0.0257034301757812 -0.0904006958007813
0.0101203918457031 0.0629234313964844 -0.0610809326171875 -0.115493774414063
0.0521240234375 0.061126708984375 -0.115150451660156 -0.131683349609375
0.0640487670898437 0.028228759765625 -0.159408569335938 -0.122879028320313
0.0620193481445313 0.018951416015625 -0.154769897460937 -0.114166259765625
0.0676956176757813 0.0230522155761719 -0.133956909179687 -0.123039245605469
0.0536308288574219 0.0301933288574219 -0.077880859375 -0.134681701660156
0.0271682739257812 0.0471649169921875 -0.0347213745117187 -0.106430053710938
0.0195274353027344 0.0472679138183594 0.00582122802734375 -0.0588874816894531
-0.0144386291503906 0.0674552917480469 0.00499248504638672 0.0174655914306641
-0.05072021484375 0.0953216552734375 -0.0643539428710938 0.0935821533203125
-0.0968017578125 0.0854415893554688 -0.1448974609375 0.0799560546875
-0.0141983032226562 -0.0970001220703125 0.158920288085938 -0.117431640625
-0.0908889770507812 -0.0763168334960938 0.086517333984375 -0.107421875
-0.111572265625 -0.0108184814453125 -0.00897598266601564 -0.0345554351806641
-0.082855224609375 0.0421676635742188 -0.0182914733886719 0.0407600402832031
-0.0473175048828125 0.0625038146972656 0.004913330078125 0.088470458984375
-0.0145988464355469 0.0658836364746094 0.0770034790039063 0.124130249023438
0.00781631469726562 0.0591468811035156 0.14996337890625 0.11505126953125
-0.00123977661132812 0.0480575561523438 0.16448974609375 0.0908203125
-0.00443649291992188 0.0390396118164063 0.16455078125 0.094879150390625
-0.00687980651855469 0.0250377655029297 0.134788513183594 0.1124267578125
-0.00607872009277344 0.0170459747314453 0.0918121337890625 0.0833740234375
-0.00921440124511719 0.0189170837402344 0.0650291442871094 0.0535163879394531
-0.0193271636962891 -7.62939453125007E-05 0.085845947265625 0.0177688598632813
-0.0172538757324219 -0.0308876037597656 0.171432495117188 -0.0222930908203125
0.017822265625 -0.0433845520019531 0.311614990234375 0.079498291015625
-0.121330261230469 -0.074554443359375 0.160202026367188 -0.12432861328125
-0.172439575195313 -0.055755615234375 0.0971908569335938 -0.108383178710938
-0.193588256835938 0.0261383056640625 0.00991058349609374 -0.0535087585449219
-0.13629150390625 0.105621337890625 -0.00754261016845704 0.00743246078491211
-0.0684814453125 0.132980346679688 -0.00517272949218751 0.0530815124511719
0.01104736328125 0.14202880859375 0.0591506958007813 0.095855712890625
0.0578994750976562 0.116584777832031 0.132331848144531 0.090240478515625
0.0486984252929688 0.100860595703125 0.152511596679688 0.0620574951171875
0.0557937622070312 0.0959625244140625 0.155319213867188 0.06439208984375
0.0417556762695313 0.0878143310546875 0.138168334960938 0.0783004760742188
0.0126724243164062 0.0942306518554688 0.0944442749023438 0.0513076782226563
-0.0142898559570313 0.101104736328125 0.076629638671875 0.0283966064453125
-0.0772781372070312 0.0706787109375 0.105026245117188 -0.0029754638671875
-0.108512878417969 0.03021240234375 0.189697265625 -0.0339508056640625
-0.0877304077148438 -0.00650787353515627 0.321319580078125 0.061767578125
-0.21258544921875 -0.04498291015625 0.124336242675781 -0.132438659667969
-0.238723754882813 -0.0244598388671875 0.087066650390625 -0.102081298828125
-0.253936767578125 0.0631561279296875 0.0268135070800781 -0.0664520263671875
-0.176193237304688 0.158096313476563 0.00916290283203124 -0.028289794921875
-0.0819854736328125 0.188369750976563 -0.00720548629760743 0.00645351409912111
0.03369140625 0.199493408203125 0.0373382568359375 0.0478591918945313
0.100341796875 0.158432006835938 0.0953521728515625 0.0480728149414063
0.0943679809570313 0.136955261230469 0.116798400878906 0.0261459350585938
0.113746643066406 0.134185791015625 0.123573303222656 0.030548095703125
0.094635009765625 0.137802124023438 0.119224548339844 0.0374755859375
0.0389862060546875 0.165863037109375 0.0786666870117188 0.0133285522460938
-0.0130615234375 0.178558349609375 0.0756454467773438 -0.000755310058593739
-0.128631591796875 0.139076232910156 0.111923217773438 -0.0198745727539062
-0.187759399414063 0.0907440185546875 0.181869506835938 -0.0292510986328125
-0.180572509765625 0.029388427734375 0.292144775390625 0.05389404296875
-0.2716064453125 -0.00238037109374995 0.0633468627929688 -0.133247375488281
-0.272476196289063 0.0195159912109374 0.05938720703125 -0.087921142578125
-0.274383544921875 0.105072021484375 0.03887939453125 -0.0725326538085938
-0.180328369140625 0.19744873046875 0.02593994140625 -0.0621452331542969
-0.076873779296875 0.218109130859375 -0.00773239135742188 -0.0433502197265625
0.0558624267578125 0.22796630859375 0.011204719543457 -0.00877761840820311
0.128204345703125 0.174728393554688 0.0468063354492188 -0.00326156616210936
0.125564575195313 0.1533203125 0.0633888244628906 -0.0151939392089844
0.15423583984375 0.154800415039063 0.0699119567871094 -0.00820541381835937
0.13250732421875 0.168899536132812 0.07928466796875 -0.00904846191406249
0.0588836669921875 0.214569091796875 0.0489082336425781 -0.0263824462890625
-0.00994873046875 0.232131958007813 0.0630950927734375 -0.0282669067382812
-0.161834716796875 0.18792724609375 0.103424072265625 -0.02996826171875
-0.236572265625 0.136001586914063 0.151870727539062 -0.0126495361328125
-0.243408203125 0.0608673095703125 0.225616455078125 0.052154541015625
-0.292510986328125 0.039825439453125 -0.0195236206054688 -0.126739501953125
-0.271530151367188 0.0686798095703125 0.01544189453125 -0.0663032531738281
-0.250381469726562 0.143569946289063 0.0386581420898437 -0.069427490234375
-0.150070190429687 0.213272094726563 0.0319747924804688 -0.0894241333007812
-0.051788330078125 0.217864990234375 -0.011962890625 -0.08734130859375
0.0745086669921875 0.221969604492187 -0.018096923828125 -0.0644989013671875
0.14093017578125 0.16400146484375 -0.0110740661621094 -0.0547561645507812
0.138595581054688 0.146652221679688 -0.000591278076171865 -0.0542526245117188
0.167587280273438 0.150588989257813 0.00566101074218751 -0.0461235046386719
0.143402099609375 0.171493530273438 0.0270118713378906 -0.0540390014648437
0.064483642578125 0.225860595703125 0.0105438232421875 -0.0637397766113281
-0.0083770751953125 0.2430419921875 0.0414466857910156 -0.0519828796386719
-0.168624877929687 0.200469970703125 0.08416748046875 -0.0308990478515625
-0.246322631835937 0.156021118164063 0.103683471679687 0.01556396484375
-0.26544189453125 0.0801544189453125 0.134330749511719 0.05743408203125
-0.267852783203125 0.0748138427734375 -0.111480712890625 -0.109329223632812
-0.231094360351563 0.10345458984375 -0.0380134582519531 -0.0381965637207031
-0.190628051757813 0.158706665039062 0.0249824523925781 -0.0613174438476562
-0.0968475341796875 0.19622802734375 0.0211257934570312 -0.10552978515625
-0.0188446044921875 0.186996459960938 -0.0264816284179687 -0.114036560058594
0.086212158203125 0.18206787109375 -0.0531997680664063 -0.105339050292969
0.134872436523438 0.128761291503906 -0.0704116821289062 -0.0942230224609375
0.13018798828125 0.117027282714844 -0.0633392333984375 -0.0872802734375
0.152725219726563 0.123443603515625 -0.0564727783203125 -0.0808258056640625
0.12799072265625 0.144729614257813 -0.0243759155273437 -0.0925445556640625
0.05535888671875 0.194046020507813 -0.0211868286132812 -0.08978271484375
-0.00816345214843748 0.204696655273438 0.0212745666503906 -0.0660476684570312
-0.144012451171875 0.17462158203125 0.0575904846191406 -0.0201377868652344
-0.212966918945313 0.148193359375 0.0459365844726562 0.0466156005859375
-0.243423461914063 0.0893707275390625 0.0338401794433594 0.0643234252929688
-0.2022705078125 0.092010498046875 -0.197891235351563 -0.08465576171875
-0.160690307617188 0.107742309570312 -0.0921096801757813 -0.0131759643554688
-0.112403869628906 0.1363525390625 -0.000255584716796877 -0.0485382080078125
-0.043121337890625 0.1448974609375 -0.00483703613281251 -0.105636596679687
0.00823211669921874 0.128715515136719 -0.0457000732421875 -0.121055603027344
0.0822601318359375 0.12017822265625 -0.0880126953125 -0.124755859375
0.107551574707031 0.0761566162109375 -0.121788024902344 -0.115692138671875
0.103034973144531 0.0692062377929688 -0.118377685546875 -0.105903625488281
0.114715576171875 0.0751571655273437 -0.105964660644531 -0.105911254882813
0.0930709838867188 0.0911712646484375 -0.0617828369140625 -0.120567321777344
0.0383377075195313 0.125885009765625 -0.0378036499023437 -0.1065673828125
0.000404357910156254 0.129707336425781 0.00856018066406249 -0.0690269470214844
-0.0868682861328125 0.121360778808594 0.0330142974853516 -0.00497627258300781
-0.138923645019531 0.123863220214844 -0.01123046875 0.0718765258789063
-0.179336547851563 0.0936737060546875 -0.060302734375 0.0718917846679687
-0.105155944824219 0.0863494873046875 -0.265548706054688 -0.060882568359375
-0.0752639770507813 0.0780792236328125 -0.1422119140625 0.00708007812499999
-0.0379486083984375 0.0795745849609375 -0.0311298370361328 -0.0309619903564453
-0.00444793701171875 0.0699729919433594 -0.0353622436523438 -0.0903549194335938
0.0188407897949219 0.0581169128417969 -0.0654220581054688 -0.110389709472656
0.0565567016601563 0.0499229431152344 -0.116065979003906 -0.122749328613281
0.0634307861328125 0.0165061950683594 -0.15911865234375 -0.115631103515625
0.0598678588867188 0.00925064086914063 -0.154083251953125 -0.108489990234375
0.0633392333984375 0.0123252868652344 -0.133499145507813 -0.117271423339844
0.0512924194335938 0.0199623107910156 -0.0801544189453125 -0.131233215332031
0.0302467346191406 0.03753662109375 -0.03570556640625 -0.104904174804688
0.0259933471679687 0.0379905700683594 0.005859375 -0.0607223510742187
-0.00200271606445312 0.0655746459960938 0.0114011764526367 0.0136337280273438
-0.0356369018554687 0.099700927734375 -0.0551605224609375 0.0905685424804688
-0.087066650390625 0.0925979614257812 -0.131782531738281 0.0788345336914062
-0.0214462280273438 -0.107154846191406 0.148696899414063 -0.11566162109375
-0.102561950683594 -0.0757980346679688 0.0780715942382813 -0.103828430175781
-0.120758056640625 -0.00446319580078128 -0.0121135711669922 -0.0331020355224609
-0.0865402221679688 0.0512313842773437 -0.0195236206054688 0.0421943664550781
-0.0462722778320313 0.0713272094726563 0.00262451171875 0.0870895385742188
-0.00926971435546875 0.0741653442382813 0.0740432739257812 0.122604370117188
0.0131721496582031 0.0654830932617187 0.147201538085937 0.113067626953125
0.00167465209960938 0.05377197265625 0.16021728515625 0.0873565673828125
-0.00225448608398438 0.0468482971191406 0.1602783203125 0.090850830078125
-0.0085906982421875 0.0330219268798828 0.13287353515625 0.105621337890625
-0.0118465423583984 0.0208301544189453 0.092803955078125 0.0777206420898438
-0.0173912048339844 0.0183906555175781 0.0693550109863281 0.0518455505371094
-0.0251655578613281 -0.00842285156249999 0.08837890625 0.020599365234375
-0.0223045349121094 -0.0402793884277344 0.169601440429688 -0.0171356201171875
0.0169143676757812 -0.0548591613769531 0.311614990234375 0.081024169921875
-0.125732421875 -0.0834503173828125 0.148239135742188 -0.126419067382813
-0.180038452148438 -0.055999755859375 0.0881729125976563 -0.107200622558594
-0.200042724609375 0.0297698974609375 0.00599670410156249 -0.0542182922363281
-0.139167785644531 0.113365173339844 -0.0115261077880859 0.0059957504272461
-0.0671844482421875 0.14111328125 -0.0105209350585938 0.0506019592285156
0.01519775390625 0.147872924804688 0.0541000366210937 0.0944366455078125
0.0623855590820312 0.121429443359375 0.127410888671875 0.086029052734375
0.0515899658203125 0.1048583984375 0.146194458007813 0.0573883056640625
0.0582427978515625 0.100074768066406 0.151046752929688 0.059539794921875
0.0392837524414063 0.0917816162109375 0.13568115234375 0.0697860717773438
0.00736999511718749 0.09588623046875 0.093536376953125 0.0430908203125
-0.0190277099609375 0.097747802734375 0.0796661376953125 0.0229263305664063
-0.080810546875 0.0622406005859375 0.109474182128906 -0.0034637451171875
-0.109420776367187 0.0204238891601563 0.188858032226563 -0.0323944091796875
-0.0865249633789063 -0.0177536010742188 0.32098388671875 0.0582275390625
-0.211013793945313 -0.052642822265625 0.113021850585938 -0.138710021972656
-0.241409301757813 -0.027099609375 0.0787887573242188 -0.104476928710938
-0.2567138671875 0.063995361328125 0.022674560546875 -0.0706787109375
-0.175491333007813 0.162826538085937 0.00322914123535155 -0.0330448150634766
-0.0805511474609375 0.191986083984375 -0.0143651962280273 0.00215721130371095
0.0379180908203125 0.200942993164062 0.02996826171875 0.0448417663574219
0.102554321289063 0.15850830078125 0.0896224975585938 0.04266357421875
0.0951766967773438 0.138442993164063 0.110626220703125 0.0192794799804688
0.113731384277344 0.136100769042969 0.117477416992188 0.02349853515625
0.0913009643554688 0.137542724609375 0.115814208984375 0.0281524658203125
0.03570556640625 0.164382934570313 0.0772628784179688 0.00525665283203126
-0.01519775390625 0.174591064453125 0.0784835815429688 -0.00756835937499999
-0.129692077636719 0.13201904296875 0.116439819335937 -0.0241622924804687
-0.185165405273438 0.0826873779296875 0.18365478515625 -0.0319061279296875
-0.176589965820312 0.0203094482421875 0.29278564453125 0.045379638671875
-0.266265869140625 -0.00726318359375001 0.0533905029296875 -0.14398193359375
-0.270004272460938 0.0170440673828125 0.051910400390625 -0.09454345703125
-0.271774291992188 0.103134155273438 0.0340652465820312 -0.07806396484375
-0.178573608398438 0.19635009765625 0.0189552307128906 -0.068572998046875
-0.075439453125 0.216629028320312 -0.0145263671875 -0.0477981567382812
0.057220458984375 0.225418090820312 0.0049896240234375 -0.0118408203125
0.129562377929688 0.17218017578125 0.0399246215820313 -0.00857925415039061
0.125 0.152114868164063 0.0570831298828125 -0.0224990844726562
0.152084350585938 0.152145385742188 0.064697265625 -0.0155715942382812
0.12884521484375 0.1634521484375 0.0752182006835938 -0.0187149047851562
0.0583038330078125 0.2103271484375 0.0462493896484375 -0.0345344543457031
-0.00959777832031251 0.226760864257813 0.0651741027832031 -0.03656005859375
-0.158660888671875 0.181793212890625 0.107368469238281 -0.0361099243164062
-0.230987548828125 0.130340576171875 0.154495239257812 -0.0185089111328125
-0.237350463867188 0.054534912109375 0.227752685546875 0.042236328125
-0.28265380859375 0.03948974609375 -0.0269775390625 -0.138595581054687
-0.264251708984375 0.0674285888671875 0.0102462768554687 -0.0749969482421875
-0.243515014648438 0.140762329101563 0.035125732421875 -0.0774612426757812
-0.144622802734375 0.20843505859375 0.0247344970703125 -0.0963897705078125
-0.0496978759765625 0.21295166015625 -0.0193252563476563 -0.090728759765625
0.0749359130859375 0.214019775390625 -0.0243072509765625 -0.0671844482421875
0.138412475585938 0.1585693359375 -0.0162010192871094 -0.0580787658691406
0.136276245117188 0.141799926757813 -0.00521469116210937 -0.060760498046875
0.165267944335938 0.145431518554688 0.00112152099609376 -0.0524749755859375
0.14019775390625 0.163803100585938 0.0227890014648438 -0.0623130798339844
0.066131591796875 0.218902587890625 0.00754165649414063 -0.0692863464355468
-0.00518798828125002 0.236480712890625 0.0420455932617188 -0.0590629577636719
-0.162704467773438 0.197174072265625 0.0869674682617187 -0.0371856689453125
-0.238861083984375 0.153778076171875 0.105171203613281 0.00821685791015626
-0.258636474609375 0.0789031982421875 0.137847900390625 0.0468368530273438
-0.257095336914063 0.07928466796875 -0.1148681640625 -0.119987487792969
-0.220367431640625 0.10467529296875 -0.03924560546875 -0.04949951171875
-0.1788330078125 0.15679931640625 0.0221939086914062 -0.0698585510253906
-0.08917236328125 0.189697265625 0.0137252807617187 -0.11199951171875
-0.01513671875 0.177993774414062 -0.03125 -0.116783142089844
0.0860443115234375 0.17266845703125 -0.056610107421875 -0.106719970703125
0.130668640136719 0.121086120605469 -0.0728302001953125 -0.09619140625
0.126235961914063 0.110191345214844 -0.0674667358398437 -0.0909652709960938
0.148635864257813 0.115982055664063 -0.0596771240234375 -0.0853958129882812
0.12451171875 0.134841918945313 -0.0281906127929687 -0.0984725952148437
0.0569305419921875 0.185104370117188 -0.0245513916015625 -0.0952301025390625
-0.00263977050781249 0.197296142578125 0.0210418701171875 -0.0724563598632812
-0.134963989257812 0.170913696289063 0.0610313415527344 -0.0273361206054687
-0.202362060546875 0.14794921875 0.0478324890136719 0.0388717651367188
-0.234481811523438 0.0914459228515625 0.0372962951660156 0.0547828674316406
-0.19287109375 0.100067138671875 -0.1986083984375 -0.0941009521484375
-0.150650024414062 0.111785888671875 -0.0919189453125 -0.0235214233398438
-0.10040283203125 0.136451721191406 -0.00377655029296876 -0.056976318359375
-0.033447265625 0.139434814453125 -0.0122451782226563 -0.110191345214844
0.01312255859375 0.120857238769531 -0.0497589111328125 -0.119697570800781
0.0823516845703125 0.109596252441406 -0.0891342163085937 -0.123283386230469
0.103706359863281 0.0669631958007813 -0.122520446777344 -0.116142272949219
0.098724365234375 0.0601119995117188 -0.119407653808594 -0.108108520507813
0.110000610351563 0.065826416015625 -0.107353210449219 -0.108436584472656
0.0878067016601563 0.0808029174804688 -0.0645370483398437 -0.123687744140625
0.0405120849609375 0.115936279296875 -0.0394821166992188 -0.108436584472656
0.00563049316406249 0.119842529296875 0.00855255126953126 -0.073974609375
-0.0754852294921875 0.11773681640625 0.0361900329589844 -0.0107612609863281
-0.125411987304688 0.125236511230469 -0.00629425048828126 0.0652503967285156
-0.169784545898438 0.0968780517578125 -0.0548477172851563 0.0633125305175781
-0.0984954833984375 0.0962982177734375 -0.264663696289063 -0.067169189453125
-0.06793212890625 0.0854110717773438 -0.139701843261719 -0.00102996826171875
-0.0276107788085938 0.0841827392578125 -0.0352706909179688 -0.0381507873535156
0.00525283813476562 0.068023681640625 -0.041717529296875 -0.09222412109375
0.0245170593261719 0.0521430969238281 -0.0681686401367188 -0.106529235839844
0.0588836669921875 0.0392189025878906 -0.11468505859375 -0.119834899902344
0.0600166320800781 0.00679397583007813 -0.15753173828125 -0.114028930664062
0.0559234619140625 0.00169754028320313 -0.153213500976563 -0.107696533203125
0.0571365356445313 0.00347900390625 -0.1326904296875 -0.11798095703125
0.0459442138671875 0.0100555419921875 -0.079986572265625 -0.132034301757812
0.0303802490234375 0.0271320343017578 -0.0358047485351563 -0.105278015136719
0.0301132202148437 0.0282878875732422 0.00649261474609376 -0.0638313293457031
0.0101737976074219 0.0617446899414063 0.0154647827148438 0.00981807708740235
-0.0225067138671875 0.101066589355469 -0.0483932495117187 0.0846328735351563
-0.0773391723632813 0.0988235473632812 -0.12457275390625 0.0740127563476563
-0.0323638916015625 -0.117713928222656 0.14208984375 -0.112167358398438
-0.116630554199219 -0.0733642578125 0.0733184814453125 -0.099578857421875
-0.13018798828125 0.00354766845703124 -0.0142917633056641 -0.0312004089355469
-0.090240478515625 0.0633621215820313 -0.02142333984375 0.04461669921875
-0.0432968139648437 0.0828628540039062 -0.000564575195312498 0.0888900756835938
-0.0012359619140625 0.0829620361328125 0.0721206665039062 0.125930786132812
0.0221328735351563 0.0727081298828125 0.146881103515625 0.114334106445313
0.00657272338867188 0.06072998046875 0.158721923828125 0.0879974365234375
0.00261688232421874 0.0550765991210938 0.15966796875 0.091064453125
-0.00848007202148437 0.0408477783203125 0.132614135742188 0.102386474609375
-0.0176143646240234 0.0273723602294922 0.0944137573242188 0.0730438232421875
-0.0262584686279297 0.0200939178466797 0.0738906860351563 0.0501251220703125
-0.0349636077880859 -0.0148181915283203 0.0944442749023438 0.0242538452148438
-0.0311203002929687 -0.0502815246582031 0.174636840820313 -0.01068115234375
0.0119209289550781 -0.0679244995117188 0.319305419921875 0.085113525390625
-0.134773254394531 -0.0945205688476563 0.138748168945313 -0.127113342285156
-0.193588256835937 -0.0563201904296875 0.0818252563476562 -0.105628967285156
-0.209442138671875 0.0365142822265625 0.00213241577148437 -0.0555534362792969
-0.142623901367188 0.124282836914063 -0.0162277221679688 0.00535297393798829
-0.0653076171875 0.1510009765625 -0.016632080078125 0.0506439208984375
0.023406982421875 0.1563720703125 0.0485153198242188 0.0958251953125
0.0703125 0.128097534179688 0.124229431152344 0.0861968994140625
0.056640625 0.111198425292969 0.142791748046875 0.055816650390625
0.0622100830078125 0.107345581054688 0.147674560546875 0.0565185546875
0.0393753051757812 0.0983123779296875 0.133331298828125 0.06402587890625
0.00235748291015625 0.101318359375 0.0931472778320313 0.0369720458984375
-0.0265350341796875 0.0984115600585938 0.0841827392578125 0.0186386108398438
-0.0888900756835938 0.0548553466796875 0.116249084472656 -0.00498199462890625
-0.116432189941406 0.0106735229492188 0.194427490234375 -0.0308685302734375
-0.0902633666992188 -0.0308761596679687 0.327484130859375 0.056793212890625
-0.215972900390625 -0.0621337890625 0.101547241210937 -0.143936157226563
-0.25115966796875 -0.0293731689453125 0.0716476440429687 -0.106590270996094
-0.26580810546875 0.0666503906249999 0.017578125 -0.0745086669921875
-0.179946899414062 0.169586181640625 -0.00354385375976563 -0.0353736877441406
-0.0805511474609375 0.19921875 -0.0227184295654297 0.000555038452148449
0.0425872802734375 0.207321166992188 0.0229034423828125 0.0453681945800781
0.108505249023437 0.163543701171875 0.0839080810546875 0.0414886474609375
0.09844970703125 0.14337158203125 0.104682922363281 0.015045166015625
0.116668701171875 0.141143798828125 0.113380432128906 0.0183181762695313
0.08990478515625 0.142105102539063 0.11248779296875 0.0200653076171875
0.0329437255859375 0.168365478515625 0.0753021240234375 -0.00318145751953124
-0.01953125 0.174911499023437 0.0819854736328125 -0.015350341796875
-0.135505676269531 0.126609802246094 0.122894287109375 -0.0298080444335937
-0.190383911132812 0.07562255859375 0.189224243164063 -0.035125732421875
-0.179367065429688 0.00848388671875003 0.298583984375 0.03912353515625
-0.26702880859375 -0.0153961181640625 0.041351318359375 -0.152816772460938
-0.2752685546875 0.0133972167968751 0.0439224243164062 -0.100303649902344
-0.277023315429687 0.1025390625 0.02862548828125 -0.0844802856445313
-0.181198120117187 0.198760986328125 0.01025390625 -0.0737686157226562
-0.0774078369140625 0.220550537109375 -0.024169921875 -0.0513229370117187
0.059295654296875 0.227493286132813 -0.00378322601318359 -0.0134010314941406
0.131729125976563 0.174758911132812 0.0328445434570313 -0.0113773345947266
0.1256103515625 0.154205322265625 0.0507087707519531 -0.0274925231933594
0.15380859375 0.155303955078125 0.0593185424804688 -0.0217781066894531
0.127090454101563 0.1654052734375 0.0703048706054688 -0.0279998779296875
0.05657958984375 0.211685180664062 0.0423622131347656 -0.0433998107910156
-0.0111846923828125 0.226638793945313 0.0661506652832031 -0.0459060668945312
-0.162246704101563 0.179244995117188 0.112098693847656 -0.045318603515625
-0.233367919921875 0.125717163085937 0.157424926757812 -0.024810791015625
-0.23834228515625 0.0465087890625 0.231826782226562 0.0323028564453125
-0.280136108398438 0.036712646484375 -0.0381622314453125 -0.1507568359375
-0.263427734375 0.0649261474609375 0.00329589843749998 -0.0852813720703125
-0.242538452148438 0.137481689453125 0.029388427734375 -0.0862503051757812
-0.145004272460937 0.20703125 0.0155563354492188 -0.10382080078125
-0.0523223876953125 0.211578369140625 -0.0266647338867188 -0.0949478149414062
0.0750732421875 0.212661743164063 -0.0314254760742187 -0.0694427490234375
0.138015747070313 0.15850830078125 -0.0235366821289062 -0.0624961853027344
0.13433837890625 0.1417236328125 -0.0123481750488281 -0.0667648315429688
0.164413452148438 0.14501953125 -0.00436401367187499 -0.058990478515625
0.138336181640625 0.16192626953125 0.0162811279296875 -0.0712966918945312
0.06646728515625 0.217010498046875 0.00212860107421876 -0.0770187377929687
-0.00480651855468753 0.234634399414063 0.0419464111328125 -0.0687065124511719
-0.162857055664063 0.19464111328125 0.090484619140625 -0.047698974609375
-0.236892700195313 0.151763916015625 0.107498168945312 0.000358581542968759
-0.256256103515625 0.0740814208984375 0.139923095703125 0.0353546142578125
-0.251602172851563 0.0811920166015626 -0.124664306640625 -0.133758544921875
-0.214935302734375 0.105545043945313 -0.0446701049804688 -0.0618553161621094
-0.17333984375 0.15411376953125 0.016143798828125 -0.0806350708007812
-0.085052490234375 0.185653686523438 0.00510406494140626 -0.11871337890625
-0.01544189453125 0.17376708984375 -0.0381240844726563 -0.119209289550781
0.0854339599609375 0.166976928710938 -0.0616607666015625 -0.109428405761719
0.128448486328125 0.117454528808594 -0.0783004760742187 -0.101043701171875
0.123085021972656 0.106269836425781 -0.072967529296875 -0.0964279174804688
0.14556884765625 0.113357543945312 -0.0651931762695312 -0.0911865234375
0.120796203613281 0.129913330078125 -0.0346603393554687 -0.106666564941406
0.0572509765625 0.1805419921875 -0.0299301147460937 -0.101272583007812
-0.00140380859375 0.192520141601563 0.0197219848632812 -0.0804519653320312
-0.131378173828125 0.168060302734375 0.0625572204589844 -0.0369415283203125
-0.196258544921875 0.14764404296875 0.0492782592773437 0.0308113098144531
-0.229721069335938 0.091461181640625 0.0393562316894531 0.0436172485351563
-0.184982299804688 0.106887817382812 -0.206192016601563 -0.106613159179687
-0.143463134765625 0.116104125976562 -0.096435546875 -0.0350418090820313
-0.091156005859375 0.1365966796875 -0.0102157592773438 -0.0659980773925781
-0.0259857177734375 0.135292053222656 -0.020111083984375 -0.114860534667969
0.0162124633789063 0.114593505859375 -0.0544357299804688 -0.120880126953125
0.0816497802734375 0.101600646972656 -0.0909194946289063 -0.125328063964844
0.0994491577148438 0.0600814819335938 -0.126052856445313 -0.119758605957031
0.0935440063476563 0.0545730590820313 -0.123733520507812 -0.112724304199219
0.104583740234375 0.0606231689453125 -0.112075805664063 -0.113960266113281
0.0825881958007813 0.0740585327148438 -0.0693206787109375 -0.129997253417969
0.03955078125 0.108200073242188 -0.0429763793945313 -0.1131591796875
0.00696563720703125 0.111610412597656 0.00759124755859375 -0.0808258056640625
-0.0677490234375 0.113685607910156 0.0377426147460938 -0.0186042785644531
-0.114692687988281 0.124786376953125 -0.00458526611328126 0.0588493347167969
-0.162567138671875 0.09954833984375 -0.0529937744140625 0.0541572570800781
-0.090545654296875 0.106765747070313 -0.271865844726563 -0.0756072998046875
-0.0597381591796875 0.0926437377929688 -0.145187377929688 -0.0105133056640625
-0.0164871215820313 0.0867156982421875 -0.0424919128417969 -0.04412841796875
0.0147628784179688 0.0646705627441406 -0.050201416015625 -0.0935211181640625
0.0293121337890625 0.0456085205078125 -0.0708847045898438 -0.104522705078125
0.0593185424804687 0.0293502807617187 -0.114921569824219 -0.120094299316406
0.0553855895996094 -0.00162887573242188 -0.1590576171875 -0.115997314453125
0.0501899719238281 -0.00568389892578125 -0.1556396484375 -0.110549926757813
0.0499114990234375 -0.003631591796875 -0.135459899902344 -0.122306823730469
0.0387611389160156 0.00251388549804688 -0.0821075439453125 -0.1365966796875
0.0285396575927734 0.0169677734375 -0.0367965698242188 -0.108634948730469
0.0322647094726563 0.0174617767333984 0.00668716430664063 -0.068603515625
0.0206222534179688 0.0557670593261719 0.0186672210693359 0.00457000732421875
-0.00901794433593751 0.100753784179688 -0.0454940795898437 0.0793991088867188
-0.0671768188476562 0.104827880859375 -0.121269226074219 0.0681915283203125
-0.049072265625 -0.127296447753906 0.13775634765625 -0.108573913574219
-0.131866455078125 -0.066009521484375 0.0702590942382812 -0.095245361328125
-0.140129089355469 0.016571044921875 -0.01708984375 -0.0289897918701172
-0.0906753540039062 0.079193115234375 -0.0225906372070312 0.0481376647949219
-0.0372848510742188 0.0953292846679688 -0.00188446044921875 0.0925827026367188
0.0107803344726562 0.0911636352539063 0.0740280151367187 0.130645751953125
0.0341567993164062 0.076507568359375 0.150466918945313 0.116714477539063
0.0155601501464844 0.0670127868652344 0.1611328125 0.08917236328125
0.0110015869140625 0.062713623046875 0.161407470703125 0.0911407470703125
-0.00492095947265625 0.0496025085449219 0.13470458984375 0.100349426269531
-0.0211143493652344 0.03668212890625 0.0964202880859375 0.0685195922851563
-0.0342178344726563 0.0246047973632812 0.07989501953125 0.0476150512695312
-0.0467758178710938 -0.0189132690429687 0.104225158691406 0.0253448486328125
-0.0442047119140625 -0.0583267211914063 0.184768676757813 -0.007293701171875
0.0029449462890625 -0.0811920166015625 0.334259033203125 0.0858154296875
-0.1505126953125 -0.102752685546875 0.1307373046875 -0.127288818359375
-0.210296630859375 -0.0505523681640625 0.0760421752929688 -0.103897094726563
-0.221694946289063 0.0485076904296875 -0.00326156616210939 -0.0558929443359375
-0.14422607421875 0.141098022460938 -0.0214347839355469 0.0068187713623047
-0.06024169921875 0.164138793945313 -0.0223846435546875 0.0534629821777344
0.0353546142578125 0.164306640625 0.0461349487304688 0.100540161132813
0.0831298828125 0.133064270019531 0.123580932617188 0.088104248046875
0.0654830932617187 0.117347717285156 0.141555786132813 0.054107666015625
0.0713119506835938 0.114814758300781 0.146636962890625 0.0547027587890625
0.042083740234375 0.106796264648438 0.132614135742188 0.0583572387695313
0.000335693359375003 0.110244750976562 0.0928802490234375 0.0294342041015625
-0.0337982177734375 0.10296630859375 0.0883865356445313 0.0116195678710938
-0.100830078125 0.051544189453125 0.124992370605469 -0.010223388671875
-0.129470825195313 0.00411987304687498 0.202911376953125 -0.03289794921875
-0.100044250488281 -0.0432586669921875 0.33929443359375 0.05169677734375
-0.2296142578125 -0.0703277587890625 0.089691162109375 -0.147918701171875
-0.266387939453125 -0.027099609375 0.062530517578125 -0.107223510742188
-0.277374267578125 0.0757598876953125 0.010894775390625 -0.0778579711914063
-0.182266235351563 0.183883666992188 -0.0126724243164063 -0.0368804931640625
-0.07855224609375 0.211517333984375 -0.0323867797851563 0.000745773315429704
0.052490234375 0.21502685546875 0.0160102844238281 0.0492362976074219
0.119583129882813 0.168716430664063 0.0790481567382813 0.0413284301757813
0.106033325195312 0.149215698242187 0.100479125976563 0.0123825073242188
0.126327514648438 0.14739990234375 0.109237670898438 0.0147781372070313
0.0937042236328125 0.14776611328125 0.108085632324219 0.0116424560546875
0.032379150390625 0.175765991210938 0.0716781616210938 -0.0115280151367187
-0.023681640625 0.179733276367187 0.083831787109375 -0.0250167846679687
-0.145156860351563 0.12628173828125 0.12933349609375 -0.0396194458007812
-0.200515747070313 0.0723724365234375 0.196258544921875 -0.04180908203125
-0.188629150390625 -0.001251220703125 0.30712890625 0.02850341796875
-0.275375366210938 -0.0206451416015625 0.026092529296875 -0.16156005859375
-0.286285400390625 0.013214111328125 0.0331268310546875 -0.106422424316406
-0.28704833984375 0.106781005859375 0.020355224609375 -0.0907669067382813
-0.185394287109375 0.207778930664062 -0.00087738037109377 -0.0784378051757812
-0.077728271484375 0.22955322265625 -0.0353660583496094 -0.05322265625
0.06573486328125 0.233154296875 -0.0121612548828125 -0.0123605728149414
0.13934326171875 0.17864990234375 0.0251274108886719 -0.0127525329589844
0.131439208984375 0.15838623046875 0.0430946350097656 -0.0320396423339844
0.160934448242188 0.158828735351563 0.0526809692382813 -0.0268020629882812
0.129928588867188 0.1693115234375 0.0631370544433594 -0.0371475219726562
0.0594024658203125 0.217315673828125 0.035858154296875 -0.0519485473632812
-0.0118408203125 0.231475830078125 0.0648460388183594 -0.0573387145996094
-0.168869018554688 0.181243896484375 0.115989685058594 -0.0586013793945312
-0.240859985351563 0.12603759765625 0.162277221679687 -0.03424072265625
-0.24609375 0.040679931640625 0.237533569335937 0.01959228515625
-0.281982421875 0.0344848632812501 -0.055633544921875 -0.162384033203125
-0.267501831054688 0.0641937255859374 -0.00797271728515627 -0.094146728515625
-0.247451782226563 0.139068603515625 0.019439697265625 -0.0957717895507812
-0.1466064453125 0.210494995117187 0.00386810302734374 -0.110160827636719
-0.05364990234375 0.215835571289063 -0.0379104614257813 -0.098175048828125
0.0775604248046875 0.214248657226563 -0.0409469604492187 -0.0705947875976562
0.141281127929687 0.159744262695312 -0.0319480895996094 -0.0656318664550781
0.136810302734375 0.143173217773438 -0.0213546752929687 -0.0720443725585937
0.167709350585938 0.147323608398438 -0.0129890441894531 -0.0645713806152344
0.139373779296875 0.162353515625 0.0065155029296875 -0.0802764892578125
0.068756103515625 0.219802856445313 -0.0063629150390625 -0.0855636596679688
-0.00300598144531249 0.237106323242188 0.0382843017578125 -0.0800552368164062
-0.164779663085937 0.19781494140625 0.0911865234375 -0.0602035522460937
-0.23980712890625 0.154571533203125 0.109130859375 -0.00981140136718749
-0.260910034179687 0.0724029541015625 0.142410278320312 0.0226898193359375
-0.249053955078125 0.0843963623046876 -0.142364501953125 -0.145721435546875
-0.212982177734375 0.107391357421875 -0.056671142578125 -0.0734405517578125
-0.170440673828125 0.153640747070313 0.0063018798828125 -0.0899658203125
-0.0823211669921875 0.184066772460937 -0.00690460205078126 -0.125411987304687
-0.015960693359375 0.172332763671875 -0.0474319458007812 -0.122489929199219
0.0849609375 0.164093017578125 -0.0699081420898438 -0.112045288085938
0.126983642578125 0.115715026855469 -0.0875015258789062 -0.105247497558594
0.122215270996094 0.105491638183594 -0.0833892822265625 -0.101646423339844
0.145477294921875 0.111648559570313 -0.0755996704101562 -0.0964508056640625
0.118812561035156 0.127601623535156 -0.0450668334960938 -0.114227294921875
0.057891845703125 0.178955078125 -0.038909912109375 -0.108139038085937
0.00102233886718751 0.191009521484375 0.0144500732421875 -0.0907516479492187
-0.128890991210937 0.1685791015625 0.0622787475585937 -0.0487136840820312
-0.192581176757813 0.149688720703125 0.0492362976074219 0.0221061706542969
-0.228561401367188 0.092620849609375 0.0386734008789062 0.0313034057617188
-0.177749633789062 0.114608764648438 -0.2230224609375 -0.116592407226563
-0.135581970214844 0.120643615722656 -0.107704162597656 -0.0470657348632812
-0.0814666748046875 0.135848999023437 -0.0207748413085938 -0.0747909545898437
-0.0196990966796875 0.130165100097656 -0.0320281982421875 -0.119132995605469
0.0175933837890625 0.108566284179688 -0.0617446899414062 -0.122329711914062
0.08001708984375 0.0936431884765625 -0.09722900390625 -0.128067016601563
0.0953369140625 0.0551300048828125 -0.134407043457031 -0.123489379882812
0.0887374877929688 0.0511245727539063 -0.133438110351562 -0.116218566894531
0.0994491577148437 0.0570068359375 -0.12115478515625 -0.118370056152344
0.0772781372070312 0.069610595703125 -0.0785446166992187 -0.136611938476563
0.03741455078125 0.1019287109375 -0.0504684448242188 -0.118354797363281
0.00780487060546875 0.105125427246094 0.00357055664062501 -0.0892181396484375
-0.0619888305664063 0.108512878417969 0.0379791259765625 -0.0273246765136719
-0.105621337890625 0.124649047851563 -0.00495529174804688 0.0518302917480469
-0.155441284179687 0.104202270507812 -0.0543327331542969 0.0443763732910156
-0.0796279907226563 0.117591857910156 -0.28704833984375 -0.080902099609375
-0.0499420166015625 0.099395751953125 -0.155166625976563 -0.018218994140625
-0.00388336181640624 0.0882492065429688 -0.05340576171875 -0.0492515563964844
0.0234260559082031 0.0591926574707031 -0.0601043701171875 -0.0935134887695313
0.0335655212402344 0.0380439758300781 -0.0753326416015625 -0.102798461914063
0.0571632385253906 0.0189552307128906 -0.118202209472656 -0.120681762695313
0.0475082397460937 -0.00942230224609375 -0.164886474609375 -0.1192626953125
0.0424385070800781 -0.012054443359375 -0.162643432617188 -0.113372802734375
0.0410194396972656 -0.00885391235351563 -0.143081665039063 -0.1259765625
0.0306415557861328 -0.00384902954101563 -0.088775634765625 -0.1414794921875
0.0232982635498047 0.0075225830078125 -0.04034423828125 -0.113304138183594
0.0310401916503906 0.00582313537597656 0.00457000732421875 -0.0751724243164063
0.0299873352050781 0.0462684631347656 0.0204296112060547 -0.0018768310546875
0.00576019287109375 0.0982818603515625 -0.0444488525390625 0.074615478515625
-0.0552902221679688 0.109588623046875 -0.121696472167969 0.062530517578125
-0.0695419311523437 -0.130439758300781 0.134017944335938 -0.104179382324219
-0.145904541015625 -0.0523529052734375 0.0678482055664062 -0.0904922485351563
-0.145492553710938 0.0341033935546875 -0.0195388793945313 -0.0256385803222656
-0.08502197265625 0.095703125 -0.0214385986328125 0.0525321960449219
-0.0257034301757812 0.105873107910156 -0.000946044921874991 0.0973281860351563
0.0269241333007812 0.0943679809570313 0.0797576904296875 0.134330749511719
0.0489501953125 0.0763168334960938 0.156539916992188 0.116592407226563
0.0273208618164062 0.0695533752441406 0.16571044921875 0.0878448486328125
0.0226058959960938 0.0669403076171875 0.165237426757813 0.0888671875
0.0014801025390625 0.0569725036621094 0.137504577636719 0.0953598022460938
-0.0201873779296875 0.0469131469726563 0.097625732421875 0.0618057250976563
-0.0403861999511719 0.0322494506835937 0.085968017578125 0.0417022705078125
-0.0611419677734375 -0.0181121826171875 0.114166259765625 0.0215835571289063
-0.0608367919921875 -0.061492919921875 0.19525146484375 -0.009521484375
-0.0112991333007813 -0.0917816162109375 0.35150146484375 0.07806396484375
-0.170989990234375 -0.104537963867187 0.121627807617187 -0.124801635742188
-0.225387573242188 -0.0368499755859375 0.0697860717773437 -0.100563049316406
-0.229095458984375 0.066619873046875 -0.00918197631835938 -0.0543746948242187
-0.139389038085938 0.158187866210938 -0.0260486602783203 0.0103740692138672
-0.04901123046875 0.176345825195313 -0.0274848937988281 0.0579338073730469
0.0523681640625 0.16839599609375 0.0464248657226563 0.105705261230469
0.0995635986328125 0.132843017578125 0.125228881835938 0.0888671875
0.0779190063476563 0.120185852050781 0.140914916992188 0.0523834228515625
0.0847625732421875 0.119056701660156 0.145904541015625 0.051300048828125
0.049835205078125 0.113121032714844 0.130805969238281 0.0515518188476563
0.0029296875 0.120048522949219 0.0905380249023438 0.0216522216796875
-0.0378799438476562 0.11114501953125 0.09112548828125 0.00170898437500001
-0.113090515136719 0.0538482666015625 0.131568908691406 -0.0193252563476562
-0.14410400390625 0.00381469726562498 0.210739135742188 -0.04071044921875
-0.114471435546875 -0.0519943237304688 0.3515625 0.039337158203125
-0.2459716796875 -0.071014404296875 0.0740966796875 -0.147476196289063
-0.280288696289063 -0.0159912109375 0.0529632568359375 -0.106651306152344
-0.287261962890625 0.0921325683593751 0.00122070312499998 -0.0784912109375
-0.18011474609375 0.200912475585937 -0.0220832824707031 -0.0353660583496094
-0.0694732666015625 0.223831176757813 -0.0418891906738281 0.00497817993164064
0.06707763671875 0.218856811523438 0.0114288330078125 0.0544204711914063
0.133834838867187 0.16851806640625 0.07586669921875 0.0428619384765625
0.117462158203125 0.150466918945313 0.0950927734375 0.00961303710937501
0.13885498046875 0.14990234375 0.104713439941406 0.0108795166015625
0.101516723632813 0.152496337890625 0.102096557617188 0.00383758544921876
0.0375213623046875 0.184188842773438 0.0656318664550781 -0.0198936462402344
-0.0249481201171875 0.187408447265625 0.0818252563476563 -0.0370254516601562
-0.153717041015625 0.130874633789062 0.131607055664063 -0.0533599853515625
-0.212326049804688 0.0745086669921875 0.199752807617188 -0.053680419921875
-0.201431274414063 -0.00637817382812504 0.314239501953125 0.01226806640625
-0.286590576171875 -0.020660400390625 0.00601196289062499 -0.163681030273438
-0.29656982421875 0.02020263671875 0.0199203491210937 -0.107620239257812
-0.294891357421875 0.117828369140625 0.00789642333984373 -0.0945663452148437
-0.1839599609375 0.220108032226563 -0.01416015625 -0.0790939331054687
-0.072723388671875 0.240264892578125 -0.0481834411621094 -0.0504646301269531
0.077239990234375 0.236434936523438 -0.0210819244384766 -0.00771903991699218
0.150177001953125 0.178665161132813 0.0177631378173828 -0.0118522644042969
0.139663696289063 0.160003662109375 0.034210205078125 -0.0347023010253906
0.172317504882813 0.159881591796875 0.0440940856933594 -0.0299873352050781
0.137420654296875 0.17059326171875 0.0528144836425781 -0.0443267822265625
0.06610107421875 0.222946166992188 0.0261726379394531 -0.0592155456542969
-0.00842285156249998 0.237060546875 0.059051513671875 -0.0689239501953125
-0.172988891601563 0.187713623046875 0.114089965820312 -0.072784423828125
-0.248001098632812 0.13226318359375 0.162506103515625 -0.047576904296875
-0.255294799804688 0.0397796630859376 0.238937377929687 0.001800537109375
-0.285858154296875 0.0360107421875 -0.0782928466796875 -0.166748046875
-0.271209716796875 0.0689392089843751 -0.0236358642578125 -0.0986099243164063
-0.250411987304688 0.143966674804688 0.00586700439453123 -0.100784301757813
-0.145858764648437 0.216323852539063 -0.0118026733398438 -0.112777709960937
-0.051483154296875 0.221328735351563 -0.05157470703125 -0.0973358154296875
0.0840911865234375 0.215118408203125 -0.0516891479492187 -0.0684852600097656
0.1473388671875 0.158843994140625 -0.04339599609375 -0.0653495788574219
0.141220092773438 0.143341064453125 -0.0335159301757812 -0.0738296508789063
0.174942016601563 0.146041870117188 -0.0244789123535156 -0.0668754577636719
0.143829345703125 0.161407470703125 -0.00672912597656249 -0.0855178833007812
0.074920654296875 0.221725463867188 -0.0188064575195312 -0.0904006958007812
0.00202941894531249 0.23974609375 0.0285568237304687 -0.0908355712890625
-0.16461181640625 0.203338623046875 0.0864944458007812 -0.0742263793945312
-0.240524291992187 0.160049438476563 0.1070556640625 -0.021148681640625
-0.26507568359375 0.07452392578125 0.13970947265625 0.00669097900390625
-0.244049072265625 0.0886383056640625 -0.165725708007813 -0.14990234375
-0.209365844726562 0.110031127929687 -0.0729598999023438 -0.0797119140625
-0.166091918945312 0.154006958007813 -0.00888824462890627 -0.0962982177734375
-0.0799102783203125 0.18292236328125 -0.0229873657226562 -0.127960205078125
-0.0150909423828125 0.171051025390625 -0.0591201782226563 -0.122108459472656
0.08599853515625 0.160247802734375 -0.080169677734375 -0.111167907714844
0.126724243164063 0.11346435546875 -0.100074768066406 -0.104995727539063
0.122001647949219 0.104560852050781 -0.0963211059570313 -0.103431701660156
0.14703369140625 0.109710693359375 -0.0885848999023437 -0.0976638793945313
0.118888854980469 0.12579345703125 -0.0599746704101562 -0.117866516113281
0.06048583984375 0.176605224609375 -0.0514907836914062 -0.11114501953125
0.00355529785156248 0.188705444335937 0.00428009033203126 -0.0991134643554688
-0.125503540039063 0.1695556640625 0.0569915771484375 -0.0598640441894531
-0.187240600585937 0.152786254882813 0.0460395812988281 0.0133743286132813
-0.226974487304688 0.095733642578125 0.0337085723876953 0.0190219879150391
-0.166839599609375 0.121429443359375 -0.244674682617188 -0.118759155273437
-0.125808715820313 0.1240234375 -0.122962951660156 -0.052490234375
-0.071380615234375 0.13397216796875 -0.0350265502929688 -0.0796661376953125
-0.0141220092773438 0.124092102050781 -0.0461273193359375 -0.118980407714844
0.0184555053710938 0.102638244628906 -0.0701828002929687 -0.120216369628906
0.07745361328125 0.0860214233398438 -0.105461120605469 -0.127418518066406
0.0900497436523437 0.0509796142578125 -0.145721435546875 -0.123916625976563
0.0841293334960938 0.0484695434570312 -0.145782470703125 -0.116134643554687
0.0946044921875 0.0552215576171875 -0.134201049804688 -0.119216918945313
0.071258544921875 0.0665435791015625 -0.091400146484375 -0.138824462890625
0.0345916748046875 0.09698486328125 -0.0614242553710937 -0.121208190917969
0.00689697265625001 0.098297119140625 -0.00521087646484374 -0.0955886840820313
-0.056396484375 0.103111267089844 0.0344619750976562 -0.0367469787597656
-0.0946044921875 0.122344970703125 -0.00706100463867188 0.0451507568359375
-0.14654541015625 0.106948852539062 -0.0592308044433594 0.0361442565917969
-0.0646820068359375 0.125450134277344 -0.305755615234375 -0.07879638671875
-0.0366363525390625 0.103721618652344 -0.169754028320313 -0.0204620361328125
0.00984954833984376 0.0852813720703125 -0.0659294128417969 -0.0497665405273437
0.0306434631347656 0.0506095886230469 -0.0712738037109375 -0.0897140502929688
0.0351829528808594 0.0292434692382813 -0.080078125 -0.0984344482421875
0.0520248413085938 0.00933456420898438 -0.123176574707031 -0.118850708007813
0.037750244140625 -0.0150642395019531 -0.173233032226563 -0.117721557617187
0.0323143005371094 -0.0155239105224609 -0.172073364257813 -0.11224365234375
0.0298194885253906 -0.0114364624023438 -0.153366088867188 -0.12646484375
0.0197486877441406 -0.00714683532714844 -0.09808349609375 -0.143447875976562
0.0146799087524414 -0.000489234924316406 -0.0471572875976563 -0.116737365722656
0.0259761810302734 -0.005035400390625 -0.000442504882812497 -0.0806503295898438
0.0364189147949219 0.034515380859375 0.0199089050292969 -0.00936698913574219
0.0208511352539062 0.0901336669921875 -0.0444450378417969 0.0694618225097656
-0.0404281616210938 0.111473083496094 -0.123687744140625 0.0576095581054688
-0.0892333984375 -0.125961303710938 0.132331848144531 -0.0982742309570313
-0.152511596679688 -0.0344696044921875 0.0678253173828125 -0.0840072631835938
-0.143814086914063 0.0522613525390625 -0.0202865600585938 -0.0212554931640625
-0.0732040405273437 0.108596801757813 -0.0187263488769531 0.0566291809082031
-0.0103759765625 0.110862731933594 0.000640869140624993 0.100639343261719
0.0426788330078125 0.0910568237304687 0.0851821899414063 0.134613037109375
0.0621109008789062 0.0707473754882813 0.16192626953125 0.113906860351563
0.0381813049316406 0.0677032470703125 0.168167114257812 0.084442138671875
0.0358085632324219 0.0665245056152344 0.167938232421875 0.08599853515625
0.0106658935546875 0.0615158081054688 0.137451171875 0.0896148681640625
-0.0158042907714844 0.0561332702636719 0.0970382690429688 0.0548171997070313
-0.0433387756347656 0.0420303344726563 0.089691162109375 0.03363037109375
-0.0733413696289063 -0.0124130249023437 0.12164306640625 0.0143966674804687
-0.07659912109375 -0.057952880859375 0.20391845703125 -0.0152130126953125
-0.0290908813476562 -0.09552001953125 0.362640380859375 0.064361572265625
-0.188583374023438 -0.0987701416015625 0.113929748535156 -0.118385314941406
-0.233123779296875 -0.01922607421875 0.0657501220703125 -0.0942001342773438
-0.228668212890625 0.0864105224609375 -0.0139389038085938 -0.0501480102539062
-0.12725830078125 0.172897338867188 -0.0284557342529297 0.0148258209228516
-0.03399658203125 0.182891845703125 -0.0299301147460938 0.063873291015625
0.06982421875 0.164718627929688 0.0484619140625 0.109062194824219
0.113746643066406 0.126670837402344 0.126495361328125 0.0882720947265625
0.0898971557617187 0.118034362792969 0.139144897460938 0.0502548217773438
0.0988388061523438 0.117210388183594 0.14447021484375 0.0488433837890625
0.0596160888671875 0.116622924804688 0.126152038574219 0.045166015625
0.00822448730468751 0.127983093261719 0.0848541259765625 0.0142288208007813
-0.0393218994140625 0.119033813476563 0.0892715454101563 -0.00801849365234374
-0.123748779296875 0.0598373413085938 0.133468627929688 -0.02996826171875
-0.1583251953125 0.00828552246093753 0.214645385742188 -0.0502777099609375
-0.130630493164063 -0.0548324584960938 0.355712890625 0.0220947265625
-0.260940551757813 -0.0665435791015625 0.060150146484375 -0.140960693359375
-0.287933349609375 -0.00146484374999994 0.044189453125 -0.100921630859375
-0.288665771484375 0.10943603515625 -0.00757598876953126 -0.075531005859375
-0.169586181640625 0.2152099609375 -0.0298213958740234 -0.0305118560791016
-0.0569000244140625 0.231048583984375 -0.0495719909667969 0.012451171875
0.0824432373046875 0.216552734375 0.00899505615234375 0.0608253479003906
0.1473388671875 0.163284301757813 0.0728607177734375 0.0453262329101563
0.128280639648438 0.148361206054688 0.0887985229492188 0.00836944580078126
0.151962280273438 0.146392822265625 0.098480224609375 0.00911712646484376
0.1104736328125 0.15301513671875 0.0933380126953125 -0.00154113769531249
0.0452117919921875 0.189376831054687 0.0570106506347656 -0.0255279541015625
-0.0219268798828125 0.193801879882813 0.0760650634765625 -0.0467529296875
-0.159835815429687 0.137496948242188 0.128654479980469 -0.0664520263671875
-0.221038818359375 0.081298828125 0.199005126953125 -0.065826416015625
-0.214431762695313 -0.00665283203125002 0.31329345703125 -0.0059814453125
-0.295196533203125 -0.0177001953125 -0.013397216796875 -0.15753173828125
-0.3016357421875 0.0303039550781249 0.00697326660156247 -0.103240966796875
-0.297821044921875 0.1304931640625 -0.00431823730468753 -0.0928268432617187
-0.177169799804687 0.232147216796875 -0.026397705078125 -0.07440185546875
-0.064239501953125 0.246200561523438 -0.0586891174316406 -0.0430335998535156
0.08758544921875 0.234771728515625 -0.0269031524658203 -0.000455856323242168
0.159957885742188 0.174468994140625 0.0110330581665039 -0.00812053680419921
0.1478271484375 0.15704345703125 0.0248203277587891 -0.0341320037841797
0.182540893554688 0.155517578125 0.0352249145507813 -0.0302848815917969
0.144561767578125 0.168670654296875 0.0404777526855469 -0.0472831726074219
0.0742645263671875 0.22430419921875 0.014190673828125 -0.0622215270996094
-0.00318908691406253 0.240753173828125 0.0486679077148438 -0.0780563354492187
-0.17462158203125 0.194915771484375 0.106422424316406 -0.0860519409179687
-0.251052856445312 0.139511108398438 0.157516479492187 -0.059326171875
-0.26324462890625 0.0411834716796875 0.233261108398437 -0.015655517578125
-0.286590576171875 0.038787841796875 -0.100738525390625 -0.161117553710938
-0.27197265625 0.0733947753906251 -0.040008544921875 -0.096343994140625
-0.25128173828125 0.149185180664062 -0.00928497314453127 -0.100479125976562
-0.141738891601563 0.220596313476562 -0.0268173217773438 -0.108634948730469
-0.048187255859375 0.224151611328125 -0.0634307861328125 -0.0913925170898437
0.0889129638671875 0.212356567382813 -0.0601615905761719 -0.0621490478515625
0.152603149414063 0.156356811523438 -0.052490234375 -0.0610885620117187
0.144668579101563 0.141433715820313 -0.0443496704101563 -0.0719375610351562
0.180984497070313 0.141876220703125 -0.0356407165527344 -0.0643272399902344
0.147750854492188 0.158309936523438 -0.0204391479492188 -0.0859603881835938
0.0818328857421875 0.219863891601563 -0.0315475463867187 -0.0903778076171875
0.00753784179687501 0.24017333984375 0.0166015625 -0.0967559814453125
-0.161758422851563 0.207656860351562 0.0769577026367187 -0.0849456787109375
-0.238265991210937 0.165695190429688 0.100273132324219 -0.0315399169921875
-0.266815185546875 0.0771636962890625 0.131782531738281 -0.00807952880859375
-0.237564086914063 0.090667724609375 -0.18829345703125 -0.14508056640625
-0.20361328125 0.110870361328125 -0.0901947021484375 -0.0792007446289063
-0.162673950195313 0.15216064453125 -0.0249099731445312 -0.0967559814453125
-0.077239990234375 0.1805419921875 -0.0380630493164063 -0.123825073242187
-0.01556396484375 0.169113159179688 -0.069854736328125 -0.116798400878906
0.0854034423828125 0.15673828125 -0.0886993408203125 -0.106529235839844
0.126380920410156 0.111221313476563 -0.110694885253906 -0.100830078125
0.120529174804688 0.102546691894531 -0.108383178710937 -0.098876953125
0.147232055664063 0.106536865234375 -0.100166320800781 -0.0933609008789062
0.117240905761719 0.122917175292969 -0.0738983154296875 -0.116218566894531
0.062835693359375 0.1734619140625 -0.0644149780273438 -0.108924865722656
0.005645751953125 0.185760498046875 -0.0079803466796875 -0.102882385253906
-0.121185302734375 0.168624877929688 0.0480232238769531 -0.0685653686523437
-0.180709838867188 0.153411865234375 0.0396804809570312 0.00610733032226563
-0.222946166992187 0.0968780517578125 0.025278091430664 0.00839042663574219
-0.153457641601562 0.123275756835938 -0.264923095703125 -0.111770629882812
-0.115188598632813 0.123046875 -0.139564514160156 -0.052215576171875
-0.0630874633789063 0.127799987792969 -0.04998779296875 -0.0780792236328125
-0.0113067626953125 0.116264343261719 -0.0594558715820313 -0.113723754882812
0.016204833984375 0.0959930419921875 -0.077362060546875 -0.114952087402344
0.0714797973632812 0.0806655883789063 -0.112205505371094 -0.123458862304688
0.0831451416015625 0.0493621826171875 -0.155166625976563 -0.119094848632813
0.077423095703125 0.0481033325195313 -0.15631103515625 -0.111709594726563
0.0890045166015625 0.0540390014648438 -0.1456298828125 -0.114532470703125
0.0648040771484375 0.0654563903808594 -0.104248046875 -0.135818481445313
0.0303573608398437 0.0934829711914063 -0.0724411010742188 -0.118400573730469
0.0035858154296875 0.09228515625 -0.0161361694335937 -0.0983352661132813
-0.0527572631835937 0.0952911376953125 0.0274467468261719 -0.0442237854003906
-0.0854949951171875 0.116432189941406 -0.0117263793945313 0.0399208068847656
-0.136505126953125 0.10540771484375 -0.0664138793945313 0.0294075012207031
-0.0472564697265625 0.126998901367188 -0.320343017578125 -0.06982421875
-0.0233306884765625 0.102691650390625 -0.183135986328125 -0.0172119140625
0.0212478637695313 0.0767364501953125 -0.0782318115234375 -0.0455856323242187
0.0339775085449219 0.0399169921875 -0.079986572265625 -0.0817031860351563
0.0327510833740234 0.0200252532958984 -0.0821456909179688 -0.0930252075195313
0.0430259704589844 0.00251388549804688 -0.127120971679688 -0.115371704101563
0.0263748168945313 -0.0163803100585938 -0.18048095703125 -0.113525390625
0.0219612121582031 -0.0151004791259766 -0.180267333984375 -0.106674194335938
0.0185794830322266 -0.00949668884277344 -0.163101196289063 -0.122161865234375
0.00870847702026367 -0.00651645660400391 -0.107437133789063 -0.14093017578125
0.00438642501831055 -0.0038454532623291 -0.0551681518554688 -0.115913391113281
0.0167388916015625 -0.0138607025146484 -0.00830841064453125 -0.083770751953125
0.0381698608398438 0.0202217102050781 0.0166215896606445 -0.0161209106445313
0.0317459106445313 0.0768280029296875 -0.0458641052246094 0.064483642578125
-0.0257415771484375 0.106575012207031 -0.12689208984375 0.053192138671875
-0.1033935546875 -0.116630554199219 0.134597778320313 -0.0898284912109375
-0.151687622070313 -0.0180206298828125 0.0716094970703125 -0.0780868530273438
-0.136077880859375 0.0654220581054688 -0.0195426940917969 -0.0177497863769531
-0.0598602294921875 0.114814758300781 -0.0154876708984375 0.0585556030273438
0.00301361083984375 0.110908508300781 0.0028076171875 0.103187561035156
0.0550079345703125 0.0832061767578125 0.0884857177734375 0.134178161621094
0.071441650390625 0.061737060546875 0.164535522460938 0.111968994140625
0.0470085144042969 0.0625648498535156 0.168609619140625 0.08270263671875
0.0460586547851563 0.0620384216308594 0.167526245117188 0.08441162109375
0.0196647644042969 0.0623245239257813 0.134086608886719 0.0857162475585937
-0.0100555419921875 0.0620498657226562 0.0929794311523438 0.0498123168945313
-0.0437126159667969 0.0506744384765625 0.0896377563476563 0.0265274047851563
-0.0821762084960938 -0.00487518310546876 0.125564575195313 0.00806427001953125
-0.0895462036132813 -0.05096435546875 0.209976196289063 -0.0203704833984375
-0.0441207885742187 -0.094573974609375 0.36676025390625 0.05303955078125
-0.201644897460938 -0.0916595458984375 0.111381530761719 -0.108200073242188
-0.233444213867188 -0.00401306152343747 0.0662765502929687 -0.086151123046875
-0.223480224609375 0.0998992919921875 -0.01617431640625 -0.0453567504882812
-0.113906860351563 0.180099487304687 -0.0285549163818359 0.0193729400634766
-0.020782470703125 0.18328857421875 -0.0312614440917969 0.0698471069335938
0.0822296142578125 0.1568603515625 0.0501861572265625 0.113014221191406
0.123748779296875 0.118293762207031 0.127029418945313 0.0896453857421875
0.0987014770507812 0.1129150390625 0.136398315429688 0.0507431030273438
0.109230041503906 0.112075805664063 0.14080810546875 0.0490875244140625
0.0673904418945313 0.116561889648438 0.119094848632812 0.04296875
0.0149002075195312 0.133514404296875 0.0780868530273437 0.011016845703125
-0.0394821166992187 0.125900268554688 0.0852890014648438 -0.01470947265625
-0.132369995117188 0.0665969848632813 0.132026672363281 -0.0384597778320313
-0.168914794921875 0.01446533203125 0.214859008789063 -0.0566864013671875
-0.14447021484375 -0.05389404296875 0.35321044921875 0.00994873046875
-0.271377563476563 -0.061798095703125 0.0530624389648437 -0.128974914550781
-0.28955078125 0.010345458984375 0.0407333374023437 -0.0925445556640625
-0.28564453125 0.121734619140625 -0.0136985778808594 -0.0701103210449219
-0.159210205078125 0.221847534179688 -0.0339984893798828 -0.0242786407470703
-0.04632568359375 0.232879638671875 -0.0533638000488281 0.0205764770507813
0.0935821533203125 0.209915161132813 0.00873184204101563 0.0666961669921875
0.155197143554688 0.155838012695313 0.0707473754882813 0.048828125
0.135025024414063 0.144622802734375 0.0829086303710938 0.0105972290039063
0.160751342773438 0.141357421875 0.0929718017578125 0.0106964111328125
0.116806030273438 0.151779174804688 0.0839767456054688 -0.00200653076171874
0.051300048828125 0.191558837890625 0.0471649169921875 -0.0272789001464844
-0.0207672119140625 0.197830200195312 0.067657470703125 -0.0528144836425781
-0.16607666015625 0.143310546875 0.122871398925781 -0.074676513671875
-0.22845458984375 0.087432861328125 0.194412231445312 -0.0731964111328125
-0.225723266601563 -0.00582885742187501 0.305633544921875 -0.01788330078125
-0.3009033203125 -0.015838623046875 -0.025177001953125 -0.145965576171875
-0.303314208984375 0.0372314453125 -0.00105285644531251 -0.0946502685546875
-0.2974853515625 0.138580322265625 -0.0141754150390625 -0.0872421264648437
-0.170852661132812 0.236648559570313 -0.0341911315917969 -0.0670852661132812
-0.0582122802734375 0.248565673828125 -0.0655326843261719 -0.0345497131347656
0.094207763671875 0.23040771484375 -0.0299186706542969 0.00764656066894532
0.1658935546875 0.169601440429688 0.00699949264526368 -0.00257778167724608
0.152191162109375 0.154586791992188 0.0171756744384766 -0.0303287506103516
0.1883544921875 0.150283813476563 0.027557373046875 -0.0266246795654297
0.148544311523438 0.166152954101563 0.0295906066894531 -0.0454368591308594
0.079559326171875 0.224273681640625 0.00350570678710938 -0.0611038208007812
-0.000656127929687502 0.242416381835938 0.038330078125 -0.081298828125
-0.176040649414062 0.198822021484375 0.0971832275390625 -0.0933303833007812
-0.25311279296875 0.143356323242188 0.14996337890625 -0.0663909912109375
-0.270462036132813 0.0416717529296874 0.222824096679688 -0.02655029296875
-0.287261962890625 0.03668212890625 -0.115859985351563 -0.150146484375
-0.271591186523438 0.0743408203125 -0.0513534545898437 -0.0901947021484375
-0.251739501953125 0.150604248046875 -0.021331787109375 -0.0956573486328125
-0.1402587890625 0.222000122070313 -0.0372390747070313 -0.101181030273437
-0.0472259521484375 0.225631713867188 -0.071075439453125 -0.0828857421875
0.09075927734375 0.209564208984375 -0.0647621154785156 -0.0540847778320313
0.154037475585938 0.153549194335938 -0.0587158203125 -0.0544357299804687
0.146255493164063 0.140411376953125 -0.0529747009277344 -0.066741943359375
0.1834716796875 0.138015747070313 -0.04388427734375 -0.0597648620605469
0.148544311523438 0.155776977539063 -0.0318145751953125 -0.0821151733398438
0.0847930908203125 0.218170166015625 -0.0423126220703125 -0.0863494873046875
0.00909423828125003 0.238983154296875 0.0052490234375 -0.0977249145507812
-0.16070556640625 0.207931518554688 0.0660324096679687 -0.0905532836914062
-0.236526489257812 0.166885375976562 0.0914688110351562 -0.0365371704101562
-0.268447875976563 0.0758056640624999 0.119895935058594 -0.0168533325195312
-0.232162475585938 0.0870513916015625 -0.20367431640625 -0.135787963867188
-0.19940185546875 0.107070922851563 -0.104087829589844 -0.0745697021484375
-0.161666870117188 0.147323608398438 -0.0378570556640625 -0.0915756225585937
-0.077667236328125 0.1761474609375 -0.0485763549804688 -0.116653442382813
-0.018402099609375 0.167816162109375 -0.07635498046875 -0.109970092773437
0.08172607421875 0.153823852539063 -0.09356689453125 -0.100250244140625
0.123039245605469 0.110618591308594 -0.117195129394531 -0.0949554443359375
0.118247985839844 0.103660583496094 -0.115921020507813 -0.0931320190429688
0.145675659179688 0.106155395507813 -0.108230590820312 -0.0876922607421875
0.114585876464844 0.121650695800781 -0.083953857421875 -0.110275268554687
0.0611419677734375 0.171234130859375 -0.0737457275390625 -0.103843688964844
0.004425048828125 0.18218994140625 -0.0186538696289062 -0.102226257324219
-0.120010375976563 0.164749145507812 0.0379486083984375 -0.0732498168945313
-0.17669677734375 0.149642944335938 0.0315589904785156 0.00224685668945313
-0.219085693359375 0.0940093994140625 0.0137367248535156 0.00180721282958985
-0.142425537109375 0.118423461914062 -0.278564453125 -0.103927612304688
-0.107147216796875 0.117202758789063 -0.152618408203125 -0.0480804443359375
-0.0591583251953125 0.118629455566406 -0.0615768432617188 -0.0727157592773437
-0.0127639770507812 0.107986450195313 -0.0675125122070312 -0.105384826660156
0.0113067626953125 0.091339111328125 -0.0799026489257812 -0.10894775390625
0.0637664794921875 0.0782470703125 -0.115341186523437 -0.119804382324219
0.0761184692382813 0.0504913330078125 -0.161178588867187 -0.114181518554688
0.0712432861328125 0.050018310546875 -0.1622314453125 -0.105987548828125
0.0829238891601563 0.0564956665039063 -0.152450561523438 -0.108062744140625
0.0584068298339844 0.0670204162597656 -0.112754821777344 -0.130317687988281
0.0241470336914062 0.0916213989257813 -0.0799102783203125 -0.113815307617187
-0.00189208984374999 0.0884170532226563 -0.0246353149414063 -0.0975265502929688
-0.0540924072265625 0.0869216918945313 0.0197677612304687 -0.0484123229980469
-0.0804214477539063 0.107109069824219 -0.0182533264160156 0.0360603332519531
-0.129417419433594 0.0994491577148437 -0.07568359375 0.0244216918945313
-0.0331344604492188 0.121559143066406 -0.329833984375 -0.0611877441406249
-0.012847900390625 0.0973663330078125 -0.194000244140625 -0.0132598876953125
0.0282516479492188 0.0663909912109375 -0.086700439453125 -0.0391464233398437
0.0335407257080078 0.0303287506103516 -0.0843124389648437 -0.0728225708007813
0.0279197692871094 0.0132656097412109 -0.0814285278320312 -0.087799072265625
0.0330390930175781 -0.000982284545898438 -0.127243041992188 -0.113449096679687
0.0163516998291016 -0.0134286880493164 -0.183120727539062 -0.109893798828125
0.0137004852294922 -0.0110921859741211 -0.183639526367188 -0.102249145507813
0.00929069519042969 -0.00392341613769531 -0.168045043945313 -0.117462158203125
-0.000663876533508301 -0.0020294189453125 -0.1129150390625 -0.137374877929687
-0.00632810592651367 -0.00375032424926758 -0.0601654052734375 -0.113571166992188
0.0068817138671875 -0.0177135467529297 -0.014190673828125 -0.0838470458984375
0.0355224609375 0.00777816772460937 0.0120563507080078 -0.0209579467773438
0.0362052917480469 0.0629005432128906 -0.0499534606933594 0.0598640441894531
-0.0148544311523438 0.0977554321289062 -0.131477355957031 0.0480804443359375
-0.112632751464844 -0.108749389648438 0.141586303710937 -0.08184814453125
-0.148269653320313 -0.00701904296875003 0.0793075561523437 -0.0731887817382813
-0.129524230957031 0.0743408203125 -0.0173568725585938 -0.0152683258056641
-0.04925537109375 0.117141723632813 -0.0127334594726563 0.0598411560058594
0.0132369995117188 0.108314514160156 0.003936767578125 0.105682373046875
0.063507080078125 0.0748214721679688 0.0901031494140625 0.135612487792969
0.077178955078125 0.0537490844726562 0.166351318359375 0.112716674804688
0.0525131225585938 0.0580596923828125 0.168914794921875 0.0853118896484375
0.0534515380859375 0.05712890625 0.1668701171875 0.087066650390625
0.0268363952636719 0.0615501403808594 0.130546569824219 0.0868988037109375
-0.00406646728515626 0.0664024353027344 0.0881195068359375 0.0488510131835938
-0.0432929992675781 0.0577964782714844 0.088531494140625 0.0225296020507813
-0.0891494750976563 0.00297546386718751 0.128257751464844 0.003570556640625
-0.0987319946289063 -0.0432662963867187 0.216415405273437 -0.0228729248046875
-0.0559844970703125 -0.0910720825195313 0.3707275390625 0.050140380859375
-0.211471557617188 -0.085601806640625 0.115638732910156 -0.0975723266601562
-0.231430053710938 0.00460815429687501 0.07073974609375 -0.0791778564453125
-0.218673706054687 0.108291625976563 -0.01617431640625 -0.0408172607421875
-0.10394287109375 0.18280029296875 -0.0285835266113281 0.0235176086425781
-0.01226806640625 0.182327270507813 -0.0321731567382813 0.0755462646484375
0.0891876220703125 0.150115966796875 0.0511627197265625 0.117111206054688
0.129608154296875 0.110916137695313 0.127464294433594 0.09295654296875
0.104209899902344 0.109939575195313 0.134078979492188 0.0543060302734375
0.116523742675781 0.107833862304688 0.138992309570313 0.0531005859375
0.0738067626953125 0.116432189941406 0.113533020019531 0.045074462890625
0.01947021484375 0.137763977050781 0.0714111328125 0.0107269287109375
-0.04010009765625 0.132865905761719 0.0807647705078125 -0.0182571411132812
-0.140396118164063 0.0729446411132812 0.131240844726563 -0.0430374145507812
-0.178817749023438 0.0204925537109375 0.217208862304688 -0.059326171875
-0.157501220703125 -0.0531005859375 0.3529052734375 0.00744628906249999
-0.28045654296875 -0.0594482421875 0.0526199340820312 -0.117446899414063
-0.29010009765625 0.01605224609375 0.0416946411132812 -0.08392333984375
-0.28521728515625 0.127777099609375 -0.0162620544433594 -0.064422607421875
-0.153030395507812 0.224945068359375 -0.0360221862792969 -0.0184898376464844
-0.041351318359375 0.233566284179687 -0.056182861328125 0.0279426574707031
0.0987396240234375 0.206039428710938 0.00831604003906251 0.0739898681640625
0.160491943359375 0.151626586914063 0.069915771484375 0.0544624328613281
0.139617919921875 0.143585205078125 0.0794677734375 0.015533447265625
0.166763305664063 0.138229370117188 0.0889663696289063 0.015594482421875
0.120941162109375 0.15191650390625 0.0764083862304688 0.000923156738281259
0.05511474609375 0.19525146484375 0.0398788452148438 -0.0261726379394531
-0.0218353271484375 0.203536987304688 0.0607566833496094 -0.0551223754882812
-0.17364501953125 0.1488037109375 0.117347717285156 -0.078704833984375
-0.237136840820312 0.091888427734375 0.192276000976562 -0.075836181640625
-0.237808227539062 -0.00711059570312502 0.29962158203125 -0.020721435546875
-0.308380126953125 -0.0185546874999999 -0.0303115844726563 -0.134262084960938
-0.305694580078125 0.0383911132812499 -0.00383758544921876 -0.0862045288085938
-0.3013916015625 0.14178466796875 -0.0193405151367188 -0.0812149047851562
-0.169876098632812 0.239822387695313 -0.0385627746582031 -0.0598907470703125
-0.0568084716796875 0.251068115234375 -0.0691108703613281 -0.0261993408203125
0.0968475341796875 0.229461669921875 -0.0307636260986328 0.014852523803711
0.168792724609375 0.168533325195312 0.00475168228149415 0.00372838973999024
0.154266357421875 0.155975341796875 0.0125904083251953 -0.0252132415771484
0.192581176757813 0.148910522460938 0.0233287811279297 -0.0214920043945312
0.150405883789063 0.166885375976563 0.0219573974609375 -0.0415763854980469
0.0815887451171875 0.225830078125 -0.00431060791015625 -0.0581130981445312
-0.00172424316406251 0.245407104492188 0.029998779296875 -0.0819473266601562
-0.181716918945313 0.202377319335938 0.0897598266601562 -0.0963668823242187
-0.259185791015625 0.145904541015625 0.144668579101563 -0.0681304931640625
-0.279083251953125 0.03851318359375 0.213943481445312 -0.029449462890625
-0.291656494140625 0.0308837890625001 -0.124000549316406 -0.140495300292969
-0.2744140625 0.0705108642578125 -0.05804443359375 -0.0825729370117187
-0.257644653320313 0.149093627929688 -0.02850341796875 -0.0892715454101562
-0.142837524414063 0.223342895507812 -0.0428314208984375 -0.0938568115234375
-0.050445556640625 0.227493286132813 -0.0750198364257813 -0.0759429931640625
0.0889892578125 0.211196899414063 -0.0665016174316406 -0.0480308532714844
0.154144287109375 0.155792236328125 -0.0622406005859375 -0.0494880676269531
0.1461181640625 0.143081665039063 -0.0578117370605469 -0.0622444152832031
0.185134887695313 0.138900756835938 -0.0486984252929687 -0.0545425415039063
0.147689819335938 0.156906127929688 -0.0391159057617188 -0.0774002075195312
0.0841217041015625 0.218719482421875 -0.0498199462890625 -0.0823898315429687
0.00712585449218751 0.239791870117188 -0.0035552978515625 -0.0967483520507813
-0.165420532226563 0.208404541015625 0.0574569702148437 -0.092529296875
-0.239532470703125 0.165069580078125 0.0838775634765625 -0.037750244140625
-0.274246215820313 0.0708618164062501 0.108497619628906 -0.020416259765625
-0.231475830078125 0.0787811279296875 -0.21478271484375 -0.128799438476563
-0.200393676757813 0.1011962890625 -0.114524841308594 -0.0693511962890625
-0.166900634765625 0.141845703125 -0.0459976196289063 -0.0861587524414062
-0.082977294921875 0.174057006835938 -0.0544662475585938 -0.109275817871094
-0.0244293212890625 0.168930053710938 -0.0785980224609375 -0.104911804199219
0.0766448974609375 0.156707763671875 -0.0949859619140625 -0.0956573486328125
0.120918273925781 0.114822387695312 -0.120452880859375 -0.0911483764648437
0.115936279296875 0.108642578125 -0.120521545410156 -0.0901336669921875
0.144149780273438 0.108810424804688 -0.113433837890625 -0.0831375122070313
0.111358642578125 0.124702453613281 -0.0902862548828125 -0.105949401855469
0.0578765869140625 0.172073364257813 -0.0795440673828125 -0.099273681640625
0.000442504882812502 0.182205200195312 -0.0267181396484375 -0.099945068359375
-0.1243896484375 0.160964965820313 0.0298614501953125 -0.074127197265625
-0.178070068359375 0.144577026367188 0.0237140655517578 0.00131988525390626
-0.220367431640625 0.0872039794921875 0.00216007232666014 -0.00106346607208251
-0.137916564941406 0.110687255859375 -0.28924560546875 -0.09881591796875
-0.104537963867188 0.110023498535156 -0.164459228515625 -0.0441741943359375
-0.0608749389648438 0.109931945800781 -0.0696487426757812 -0.0676116943359375
-0.0174484252929687 0.10272216796875 -0.0713882446289063 -0.0990753173828125
0.004638671875 0.0902099609375 -0.0803909301757812 -0.105674743652344
0.0560531616210938 0.0798797607421875 -0.116188049316406 -0.118156433105469
0.0707931518554688 0.0560150146484375 -0.164169311523438 -0.112045288085937
0.0668869018554687 0.0556259155273437 -0.166061401367188 -0.103713989257813
0.0787734985351563 0.0622940063476563 -0.1563720703125 -0.104995727539062
0.0531082153320313 0.0711288452148438 -0.116615295410156 -0.126670837402344
0.0172805786132812 0.0935592651367188 -0.08367919921875 -0.11029052734375
-0.00913238525390625 0.0869674682617188 -0.0311737060546875 -0.0959854125976563
-0.05828857421875 0.08013916015625 0.0126495361328125 -0.0502815246582031
-0.0811233520507812 0.0976715087890625 -0.0255699157714844 0.0350360870361328
-0.126991271972656 0.0899734497070313 -0.0852508544921875 0.0210800170898438
-0.0242996215820312 0.114433288574219 -0.33917236328125 -0.05712890625
-0.00736999511718751 0.0902862548828125 -0.203201293945313 -0.0100860595703125
0.0303726196289063 0.0570945739746094 -0.092559814453125 -0.0335693359375
0.0305919647216797 0.0233707427978516 -0.0858078002929688 -0.0665969848632813
0.0219383239746094 0.00893402099609375 -0.078216552734375 -0.0856170654296875
0.0240478515625 0.000745773315429688 -0.126502990722656 -0.114273071289063
0.00879764556884766 -0.00809288024902344 -0.185699462890625 -0.110275268554688
0.00735187530517578 -0.00545358657836914 -0.185775756835938 -0.101715087890625
0.00353717803955078 0.00342845916748047 -0.17132568359375 -0.115982055664062
-0.00715970993041992 0.00358963012695313 -0.114921569824219 -0.136573791503906
-0.014923095703125 -0.00127887725830078 -0.0623779296875 -0.112434387207031
-0.00242996215820313 -0.0191783905029297 -0.01837158203125 -0.083526611328125
0.0301246643066406 -0.00157546997070313 0.00693321228027344 -0.0240154266357422
0.0361709594726563 0.0504074096679688 -0.05584716796875 0.0564537048339844
-0.0100555419921875 0.0875701904296875 -0.139427185058594 0.04339599609375
-0.121009826660156 -0.102676391601563 0.154571533203125 -0.0765838623046875
-0.146331787109375 -0.000640869140624969 0.0896682739257813 -0.0714035034179688
-0.125312805175781 0.0804290771484375 -0.0153274536132813 -0.0135440826416016
-0.0415420532226562 0.11920166015625 -0.0109977722167969 0.0618667602539063
0.020294189453125 0.106765747070312 0.00380706787109374 0.110603332519531
0.0692405700683594 0.0685043334960938 0.0931396484375 0.140144348144531
0.0817413330078125 0.046722412109375 0.170669555664063 0.1182861328125
0.0575447082519531 0.0544395446777344 0.172409057617187 0.0909576416015625
0.0598526000976563 0.0528373718261719 0.171035766601563 0.0928802490234375
0.032257080078125 0.0607719421386719 0.129203796386719 0.0922622680664063
0.000930786132812502 0.0707473754882813 0.0852508544921875 0.05084228515625
-0.0423011779785156 0.0657997131347656 0.0882644653320313 0.0208587646484375
-0.0959930419921875 0.0109329223632812 0.133567810058594 0.000732421875000001
-0.107292175292969 -0.0367050170898438 0.227325439453125 -0.0247955322265625
-0.066314697265625 -0.0886611938476563 0.382537841796875 0.051483154296875
-0.223052978515625 -0.0834197998046875 0.124954223632812 -0.0904922485351562
-0.233810424804688 0.00982666015625002 0.0796737670898437 -0.0749664306640625
-0.219314575195313 0.114944458007813 -0.0153732299804688 -0.0383224487304687
-0.099945068359375 0.186111450195312 -0.0282058715820313 0.0267963409423828
-0.00747680664062499 0.183975219726563 -0.0328826904296875 0.0814132690429688
0.09503173828125 0.147003173828125 0.0524826049804688 0.123947143554688
0.135124206542969 0.107826232910156 0.130760192871094 0.100120544433594
0.109291076660156 0.109603881835938 0.136337280273438 0.0615158081054688
0.123771667480469 0.106658935546875 0.140792846679688 0.0599517822265625
0.0793380737304688 0.118782043457031 0.110397338867188 0.0509109497070313
0.02337646484375 0.14422607421875 0.0669670104980469 0.0131187438964844
-0.0413818359375 0.142242431640625 0.0783920288085938 -0.0197219848632812
-0.1510009765625 0.0810089111328125 0.132919311523438 -0.0463943481445313
-0.190582275390625 0.0264434814453125 0.224227905273438 -0.06158447265625
-0.17181396484375 -0.0523834228515625 0.3599853515625 0.0084228515625
-0.29473876953125 -0.060791015625 0.0571517944335937 -0.108917236328125
-0.296600341796875 0.017974853515625 0.0472335815429687 -0.0783462524414062
-0.29156494140625 0.13311767578125 -0.0172042846679688 -0.0603446960449219
-0.15301513671875 0.230255126953125 -0.0370216369628906 -0.0137214660644531
-0.0404815673828125 0.23797607421875 -0.0584220886230469 0.0348930358886719
0.102798461914063 0.206298828125 0.00936126708984375 0.0820541381835938
0.16595458984375 0.152359008789063 0.0718307495117188 0.0612258911132813
0.144851684570313 0.146987915039063 0.0788421630859375 0.0217819213867188
0.174041748046875 0.13958740234375 0.089324951171875 0.021148681640625
0.126022338867188 0.156112670898437 0.0725479125976563 0.00605773925781251
0.058319091796875 0.202621459960938 0.0339984893798828 -0.0237178802490234
-0.0239105224609375 0.212661743164063 0.0566482543945312 -0.0560874938964844
-0.185089111328125 0.156753540039063 0.116378784179687 -0.0816421508789063
-0.250289916992188 0.0970001220703125 0.19561767578125 -0.077880859375
-0.253753662109375 -0.00920104980468744 0.30126953125 -0.019744873046875
-0.32257080078125 -0.023193359375 -0.0312957763671875 -0.126922607421875
-0.31597900390625 0.036590576171875 -0.00294494628906252 -0.0801315307617188
-0.3133544921875 0.1453857421875 -0.0219879150390625 -0.0766372680664062
-0.174285888671875 0.245147705078125 -0.0413055419921875 -0.0546684265136719
-0.060302734375 0.258377075195313 -0.0725631713867187 -0.020172119140625
0.0980987548828125 0.233856201171875 -0.0310573577880859 0.021352767944336
0.173568725585938 0.17254638671875 0.00485229492187501 0.00923252105712892
0.158798217773438 0.161788940429688 0.0102424621582031 -0.0202407836914062
0.198745727539063 0.152603149414063 0.0214309692382813 -0.0168552398681641
0.154220581054688 0.172195434570313 0.0168914794921875 -0.0375862121582031
0.0834503173828125 0.233566284179688 -0.0100364685058594 -0.0553665161132812
-0.00448608398437502 0.25445556640625 0.0240325927734375 -0.082305908203125
-0.193267822265625 0.20916748046875 0.0858612060546875 -0.097991943359375
-0.271499633789063 0.150421142578125 0.1439208984375 -0.0685577392578125
-0.295623779296875 0.0357666015625 0.21063232421875 -0.0288848876953125
-0.30401611328125 0.0239257812499999 -0.131294250488281 -0.134963989257813
-0.28411865234375 0.066619873046875 -0.0630340576171875 -0.0774307250976563
-0.2716064453125 0.150482177734375 -0.0339736938476563 -0.085174560546875
-0.150955200195312 0.227401733398438 -0.0461349487304688 -0.089080810546875
-0.0562744140625 0.235702514648437 -0.0778350830078125 -0.0713119506835937
0.0876922607421875 0.218673706054687 -0.0673751831054688 -0.0435066223144531
0.157608032226563 0.162811279296875 -0.0643653869628906 -0.0458793640136719
0.149246215820313 0.151168823242188 -0.061981201171875 -0.0598297119140625
0.189376831054688 0.144577026367188 -0.0521354675292969 -0.0513725280761719
0.149520874023438 0.163406372070313 -0.0447921752929687 -0.0743408203125
0.0833892822265625 0.225555419921875 -0.0556793212890625 -0.0793685913085937
0.00320434570312497 0.246490478515625 -0.00998687744140625 -0.09613037109375
-0.175323486328125 0.212142944335938 0.0518264770507812 -0.0937881469726562
-0.25006103515625 0.168075561523438 0.0800933837890625 -0.0366363525390625
-0.288177490234375 0.066650390625 0.100685119628906 -0.020050048828125
-0.239501953125 0.0715179443359375 -0.226226806640625 -0.12579345703125
-0.20782470703125 0.0951995849609375 -0.123573303222656 -0.0650787353515625
-0.178558349609375 0.13885498046875 -0.0523834228515625 -0.0820388793945312
-0.091949462890625 0.17620849609375 -0.0580902099609375 -0.104736328125
-0.032196044921875 0.17523193359375 -0.0806655883789063 -0.102760314941406
0.0729827880859375 0.164306640625 -0.0970535278320313 -0.095062255859375
0.121795654296875 0.123237609863281 -0.125251770019531 -0.0906448364257812
0.116485595703125 0.116462707519531 -0.126190185546875 -0.0894012451171875
0.146163940429688 0.116043090820313 -0.117713928222656 -0.0816116333007812
0.110221862792969 0.131477355957031 -0.09539794921875 -0.104194641113281
0.0548095703125 0.177963256835937 -0.08465576171875 -0.0971603393554687
-0.00541687011718749 0.18646240234375 -0.0325241088867188 -0.0991744995117188
-0.133392333984375 0.16131591796875 0.0237655639648437 -0.0751571655273437
-0.185531616210938 0.142135620117187 0.0171613693237305 0.00299263000488282
-0.23016357421875 0.080657958984375 -0.00865411758422853 -0.00181198120117187
-0.139213562011719 0.103309631347656 -0.303131103515625 -0.097747802734375
-0.107307434082031 0.103927612304687 -0.176956176757813 -0.0416107177734375
-0.0674972534179688 0.104377746582031 -0.07635498046875 -0.0633621215820313
-0.0242462158203125 0.100906372070312 -0.0745162963867188 -0.0951766967773437
-0.00273895263671876 0.092926025390625 -0.080535888671875 -0.105857849121094
0.050445556640625 0.0860519409179688 -0.117691040039062 -0.120216369628906
0.0681304931640625 0.063720703125 -0.169586181640625 -0.114730834960937
0.0650978088378906 0.0635871887207031 -0.171600341796875 -0.105133056640625
0.0780258178710938 0.0702667236328125 -0.161972045898437 -0.105010986328125
0.049896240234375 0.0788726806640625 -0.121597290039063 -0.127235412597656
0.0118179321289063 0.0988006591796875 -0.0872879028320312 -0.110237121582031
-0.0166854858398438 0.0894012451171875 -0.0355682373046875 -0.0956954956054688
-0.066192626953125 0.0758438110351563 0.00699234008789062 -0.051483154296875
-0.086151123046875 0.091064453125 -0.033233642578125 0.0359725952148438
-0.130912780761719 0.0822296142578125 -0.0981826782226563 0.019134521484375
-0.01995849609375 0.109001159667969 -0.35333251953125 -0.057586669921875
-0.0046234130859375 0.0855789184570313 -0.216522216796875 -0.00793457031249995
0.0307235717773438 0.0494766235351563 -0.0983428955078125 -0.0296783447265625
0.0262012481689453 0.0188426971435547 -0.0870590209960938 -0.0629501342773438
0.0162324905395508 0.007415771484375 -0.0763092041015625 -0.087371826171875
0.0173330307006836 0.00387477874755859 -0.127944946289063 -0.118705749511719
0.00394296646118164 -0.00158572196960449 -0.190948486328125 -0.115066528320313
0.00343227386474609 0.000594139099121094 -0.191253662109375 -0.105361938476563
-0.000199317932128905 0.0112237930297852 -0.176849365234375 -0.118682861328125
-0.0123348236083984 0.0107555389404297 -0.118125915527344 -0.139450073242187
-0.0226097106933594 0.00293540954589844 -0.0647659301757812 -0.113792419433594
-0.0106391906738281 -0.01861572265625 -0.0220260620117188 -0.0845565795898438
0.0243930816650391 -0.00904273986816406 0.00176620483398438 -0.0264415740966797
0.0339584350585938 0.0411186218261719 -0.0642547607421875 0.0552711486816406
-0.0084075927734375 0.0793914794921875 -0.15155029296875 0.0398101806640625
-0.131523132324219 -0.0981674194335937 0.171112060546875 -0.0772247314453125
-0.145828247070313 0.00616455078125002 0.101509094238281 -0.0754318237304688
-0.122451782226563 0.0887603759765625 -0.0134057998657227 -0.0119638442993164
-0.0344390869140625 0.123184204101563 -0.00833511352539063 0.0642929077148438
0.0280380249023438 0.107009887695312 0.00677490234375001 0.117622375488281
0.0761032104492188 0.0622634887695313 0.0981903076171875 0.14739990234375
0.0871734619140625 0.0403594970703125 0.182113647460938 0.124313354492188
0.063079833984375 0.0515403747558594 0.1827392578125 0.096771240234375
0.0660972595214844 0.0490875244140625 0.180801391601563 0.0999908447265625
0.0387802124023437 0.06072998046875 0.132789611816406 0.0993576049804688
0.0070037841796875 0.0750808715820313 0.085113525390625 0.0539169311523438
-0.0417327880859375 0.0741195678710938 0.090484619140625 0.0191268920898438
-0.102767944335938 0.0201263427734375 0.141754150390625 -0.0037841796875
-0.116142272949219 -0.0284881591796875 0.2425537109375 -0.030975341796875
-0.076995849609375 -0.0862503051757813 0.4034423828125 0.04962158203125
-0.240158081054688 -0.0794982910156251 0.137886047363281 -0.0887069702148437
-0.2403564453125 0.0161285400390625 0.0907211303710937 -0.075592041015625
-0.224090576171875 0.126174926757813 -0.0147056579589844 -0.0361328125
-0.0963592529296875 0.1949462890625 -0.0275516510009766 0.0303707122802734
-0.00190734863281248 0.189773559570313 -0.0333023071289063 0.09027099609375
0.103546142578125 0.145584106445313 0.0579376220703125 0.132957458496094
0.144271850585938 0.105331420898438 0.139419555664063 0.107048034667969
0.11865234375 0.110992431640625 0.143218994140625 0.0673065185546875
0.134407043457031 0.105712890625 0.14794921875 0.06597900390625
0.0874862670898437 0.122238159179687 0.112747192382812 0.057220458984375
0.0301513671875 0.153121948242188 0.0650825500488281 0.01556396484375
-0.041412353515625 0.155120849609375 0.078399658203125 -0.02166748046875
-0.162353515625 0.093719482421875 0.137619018554688 -0.0514678955078125
-0.205047607421875 0.03668212890625 0.236572265625 -0.0668792724609375
-0.189620971679688 -0.0499420166015625 0.37591552734375 0.007049560546875
-0.315765380859375 -0.0595703125 0.0643463134765625 -0.104927062988281
-0.308563232421875 0.0227661132812501 0.0547332763671875 -0.07659912109375
-0.303741455078125 0.145904541015625 -0.0180511474609375 -0.0578193664550781
-0.154495239257813 0.241943359375 -0.0383033752441406 -0.00953674316406249
-0.0384063720703125 0.249038696289063 -0.0609321594238281 0.0435905456542969
0.110427856445313 0.211074829101562 0.0127182006835938 0.0907440185546875
0.177017211914063 0.154617309570313 0.0774917602539063 0.068450927734375
0.15582275390625 0.151687622070313 0.0819320678710938 0.0270614624023438
0.18585205078125 0.14141845703125 0.0931015014648438 0.0268630981445313
0.13555908203125 0.162322998046875 0.0717620849609375 0.011138916015625
0.0656890869140625 0.21331787109375 0.0304450988769531 -0.0209197998046875
-0.0233612060546875 0.228042602539062 0.0531654357910156 -0.0580062866210937
-0.197738647460938 0.17193603515625 0.117080688476562 -0.0869522094726562
-0.26654052734375 0.109512329101563 0.202667236328125 -0.082855224609375
-0.275634765625 -0.00540161132812503 0.31103515625 -0.021514892578125
-0.34539794921875 -0.0238647460937499 -0.0322952270507813 -0.12249755859375
-0.33233642578125 0.039794921875 -0.00150299072265628 -0.0771102905273438
-0.330474853515625 0.15692138671875 -0.025238037109375 -0.0742645263671875
-0.180191040039062 0.259078979492188 -0.0436935424804688 -0.0508384704589844
-0.0618438720703125 0.272567749023438 -0.07623291015625 -0.0132904052734375
0.105072021484375 0.243408203125 -0.0297813415527344 0.0291194915771485
0.184112548828125 0.179092407226563 0.00576019287109376 0.0149459838867188
0.170120239257813 0.169708251953125 0.00860118865966798 -0.0164499282836914
0.211746215820313 0.157791137695312 0.0211410522460938 -0.0124053955078125
0.16326904296875 0.180145263671875 0.0139274597167969 -0.033905029296875
0.089874267578125 0.245895385742188 -0.0161361694335937 -0.0531806945800781
-0.00395202636718751 0.269668579101563 0.0191497802734375 -0.0834579467773437
-0.206024169921875 0.224533081054688 0.0829315185546875 -0.102348327636719
-0.28814697265625 0.16229248046875 0.146209716796875 -0.07183837890625
-0.318145751953125 0.0379333496093751 0.212661743164063 -0.030364990234375
-0.323150634765625 0.0220947265625 -0.140457153320313 -0.13104248046875
-0.3009033203125 0.06805419921875 -0.0684280395507813 -0.072967529296875
-0.289794921875 0.1591796875 -0.0393524169921875 -0.0826034545898437
-0.159759521484375 0.24102783203125 -0.0509033203125 -0.0855255126953125
-0.06103515625 0.25115966796875 -0.0829010009765625 -0.0676498413085938
0.0924835205078125 0.2308349609375 -0.0688133239746094 -0.0400390625
0.1676025390625 0.171493530273438 -0.0678672790527344 -0.0433006286621094
0.158035278320313 0.161163330078125 -0.0678482055664063 -0.0577125549316406
0.200881958007813 0.151611328125 -0.0560379028320312 -0.0490989685058594
0.157073974609375 0.172027587890625 -0.0503463745117188 -0.0718841552734375
0.08795166015625 0.237869262695313 -0.06256103515625 -0.07720947265625
0.0031585693359375 0.260818481445313 -0.0167388916015625 -0.0961074829101562
-0.1873779296875 0.225296020507813 0.04754638671875 -0.0962677001953125
-0.265045166015625 0.177276611328125 0.0787582397460938 -0.036041259765625
-0.3076171875 0.0677490234375 0.0955810546875 -0.0197677612304687
-0.253616333007813 0.0689849853515625 -0.242233276367188 -0.122467041015625
-0.220108032226563 0.094024658203125 -0.134864807128906 -0.0608367919921875
-0.192962646484375 0.143310546875 -0.0607528686523438 -0.0791854858398437
-0.101165771484375 0.185028076171875 -0.0635833740234375 -0.101753234863281
-0.0376739501953125 0.187271118164063 -0.08489990234375 -0.102142333984375
0.074371337890625 0.176284790039063 -0.100624084472656 -0.0956497192382812
0.127799987792969 0.133377075195313 -0.132591247558594 -0.0910873413085937
0.122688293457031 0.126922607421875 -0.134910583496094 -0.0894546508789062
0.153610229492188 0.124679565429688 -0.125244140625 -0.0805816650390625
0.114776611328125 0.140625 -0.102630615234375 -0.104095458984375
0.055633544921875 0.188522338867188 -0.09173583984375 -0.0965347290039063
-0.00894165039062499 0.197097778320313 -0.0389633178710938 -0.0999984741210937
-0.144073486328125 0.16839599609375 0.0177230834960937 -0.0768051147460937
-0.197097778320313 0.146102905273437 0.0123710632324219 0.00544071197509766
-0.245193481445313 0.0793914794921875 -0.019704818725586 -0.000597000122070304
-0.144943237304687 0.10028076171875 -0.32427978515625 -0.0943603515625001
-0.112968444824219 0.102188110351562 -0.192276000976562 -0.03656005859375
-0.0753860473632812 0.103767395019531 -0.0845794677734375 -0.05975341796875
-0.0306243896484375 0.103866577148438 -0.079864501953125 -0.09271240234375
-0.008453369140625 0.0990753173828125 -0.0837326049804688 -0.107765197753906
0.0487899780273438 0.0948104858398438 -0.122657775878906 -0.124427795410156
0.0703048706054688 0.073089599609375 -0.180221557617187 -0.11767578125
0.0673599243164063 0.0727386474609375 -0.18341064453125 -0.1075439453125
0.0809249877929687 0.0791091918945312 -0.171920776367187 -0.106689453125
0.0498428344726563 0.0872421264648437 -0.128959655761719 -0.129402160644531
0.0083465576171875 0.107429504394531 -0.0932998657226563 -0.110580444335938
-0.02294921875 0.095672607421875 -0.0415725708007813 -0.0964736938476563
-0.0756072998046875 0.075836181640625 0.00134658813476562 -0.0522232055664062
-0.0937042236328125 0.0890045166015625 -0.0407752990722656 0.03955078125
-0.139076232910156 0.0787582397460937 -0.11285400390625 0.0211181640625
-0.0170211791992188 0.105621337890625 -0.37506103515625 -0.05462646484375
-0.00228881835937501 0.0823135375976563 -0.23382568359375 -0.00187683105468752
0.0302352905273438 0.0443305969238281 -0.105743408203125 -0.0244140625
0.0229816436767578 0.0150985717773438 -0.0907974243164063 -0.0608367919921875
0.0112266540527344 0.00736904144287109 -0.0768661499023437 -0.0907363891601563
0.0123081207275391 0.00793647766113281 -0.13287353515625 -0.125175476074219
0.000844001770019532 0.00562000274658203 -0.202133178710938 -0.119766235351562
0.00104856491088867 0.00734567642211914 -0.202224731445313 -0.109100341796875
-0.0019989013671875 0.0191097259521484 -0.187484741210938 -0.122421264648437
-0.0154876708984375 0.0181236267089844 -0.125198364257812 -0.144561767578125
-0.0294647216796875 0.00842475891113282 -0.0692062377929687 -0.116874694824219
-0.01873779296875 -0.0175094604492188 -0.0263824462890625 -0.0867233276367188
0.0181941986083984 -0.0150680541992188 -0.00351905822753906 -0.0281448364257813
0.0314655303955078 0.033477783203125 -0.0732040405273438 0.05816650390625
-0.008697509765625 0.073089599609375 -0.167449951171875 0.039764404296875
-0.143539428710938 -0.09063720703125 0.186370849609375 -0.0843658447265625
-0.146987915039063 0.0147247314453125 0.111839294433594 -0.0833511352539063
-0.118621826171875 0.0995101928710938 -0.0118350982666016 -0.0105886459350586
-0.0249710083007812 0.127891540527344 -0.00394058227539063 0.0677108764648438
0.0385208129882813 0.1068115234375 0.0118560791015625 0.1246337890625
0.0830078125 0.0544281005859375 0.109695434570313 0.152877807617188
0.0923385620117188 0.0323486328125 0.198501586914063 0.126220703125
0.0693626403808594 0.0474090576171875 0.198013305664063 0.09844970703125
0.07318115234375 0.0432815551757813 0.1954345703125 0.10302734375
0.0457954406738281 0.059783935546875 0.141708374023438 0.104583740234375
0.0152587890625 0.0792312622070313 0.0879745483398438 0.0559539794921875
-0.03802490234375 0.0843429565429688 0.093841552734375 0.01611328125
-0.108528137207031 0.0323028564453125 0.150665283203125 -0.0118865966796875
-0.125587463378906 -0.0175552368164062 0.25946044921875 -0.0442962646484375
-0.0900039672851563 -0.0814056396484375 0.4296875 0.036712646484375
-0.260223388671875 -0.069427490234375 0.150909423828125 -0.092376708984375
-0.248031616210937 0.027496337890625 0.100074768066406 -0.0812606811523438
-0.226806640625 0.142929077148438 -0.0144290924072266 -0.0344390869140625
-0.08935546875 0.20599365234375 -0.0255641937255859 0.0346946716308594
0.00851440429687499 0.196945190429688 -0.0304489135742187 0.100112915039063
0.115066528320313 0.142990112304688 0.0676116943359375 0.14141845703125
0.156097412109375 0.099761962890625 0.153030395507813 0.111053466796875
0.131019592285156 0.109519958496094 0.1541748046875 0.070404052734375
0.147842407226563 0.101882934570312 0.159683227539063 0.069427490234375
0.09979248046875 0.124252319335938 0.117897033691406 0.06170654296875
0.0417327880859375 0.161270141601562 0.0646629333496094 0.0183486938476563
-0.0365447998046875 0.17022705078125 0.078399658203125 -0.0250930786132812
-0.171600341796875 0.112564086914062 0.1427001953125 -0.0598907470703125
-0.218307495117188 0.053802490234375 0.249130249023437 -0.0808563232421875
-0.209930419921875 -0.041717529296875 0.39703369140625 -0.0047607421875
-0.3409423828125 -0.0498046875 0.0705490112304687 -0.105552673339844
-0.323638916015625 0.0354919433593751 0.0606689453125 -0.0788650512695313
-0.314788818359375 0.16680908203125 -0.0200843811035156 -0.0557937622070312
-0.151031494140625 0.25921630859375 -0.03936767578125 -0.00448608398437498
-0.029205322265625 0.263870239257813 -0.0614204406738281 0.0538482666015625
0.1248779296875 0.214309692382813 0.02001953125 0.100021362304688
0.193328857421875 0.152923583984375 0.0858535766601563 0.07366943359375
0.1715087890625 0.153579711914062 0.0875320434570313 0.030853271484375
0.204132080078125 0.140350341796875 0.0996322631835938 0.0304946899414063
0.15057373046875 0.166061401367187 0.073394775390625 0.0150146484375
0.07891845703125 0.22479248046875 0.0272636413574219 -0.018280029296875
-0.01654052734375 0.246597290039063 0.0502090454101563 -0.0603485107421875
-0.206817626953125 0.195404052734375 0.117630004882812 -0.09503173828125
-0.281082153320313 0.131561279296875 0.210296630859375 -0.0941009521484375
-0.30035400390625 0.00552368164062499 0.32440185546875 -0.03131103515625
-0.372222900390625 -0.01507568359375 -0.0354995727539063 -0.119102478027344
-0.351043701171875 0.0519104003906249 -0.00046539306640627 -0.0750350952148438
-0.345977783203125 0.180145263671875 -0.0301132202148438 -0.0712661743164062
-0.181304931640625 0.279922485351563 -0.0478782653808594 -0.0456047058105469
-0.0565185546875 0.292510986328125 -0.0797119140625 -0.00386810302734373
0.119720458984375 0.252395629882812 -0.0270919799804687 0.0367546081542969
0.20263671875 0.181503295898438 0.00808906555175782 0.0193061828613281
0.187393188476563 0.174758911132813 0.00744819641113282 -0.0130882263183594
0.231201171875 0.157257080078125 0.0222511291503906 -0.00942230224609374
0.179718017578125 0.18438720703125 0.0103492736816406 -0.0301113128662109
0.105178833007813 0.257736206054688 -0.0220794677734375 -0.0497779846191406
0.004974365234375 0.288818359375 0.01287841796875 -0.0845108032226562
-0.21368408203125 0.2493896484375 0.0796890258789062 -0.107948303222656
-0.301666259765625 0.185516357421875 0.149185180664062 -0.07867431640625
-0.34344482421875 0.051300048828125 0.216339111328125 -0.0357666015625
-0.34765625 0.029266357421875 -0.153244018554688 -0.124740600585938
-0.319366455078125 0.07830810546875 -0.074676513671875 -0.0684432983398437
-0.30718994140625 0.179290771484375 -0.046478271484375 -0.0787811279296875
-0.162918090820313 0.2607421875 -0.05712890625 -0.08123779296875
-0.0583648681640625 0.271697998046875 -0.08868408203125 -0.0620040893554688
0.104934692382812 0.242752075195313 -0.07061767578125 -0.0356521606445312
0.183883666992188 0.177505493164063 -0.0724868774414062 -0.0398406982421875
0.17401123046875 0.167877197265625 -0.0753326416015625 -0.054290771484375
0.21881103515625 0.153640747070312 -0.06170654296875 -0.0452690124511719
0.171859741210938 0.178314208984375 -0.0575332641601563 -0.0689582824707031
0.10107421875 0.249969482421875 -0.0708541870117188 -0.0742645263671875
0.0105743408203125 0.277420043945313 -0.0246734619140625 -0.0960311889648438
-0.194290161132813 0.246902465820313 0.0415420532226562 -0.09979248046875
-0.276504516601563 0.196701049804687 0.07720947265625 -0.0384063720703125
-0.330535888671875 0.07940673828125 0.0916366577148437 -0.0209884643554687
-0.269180297851562 0.0736083984375001 -0.263824462890625 -0.113037109375
-0.234237670898438 0.1015625 -0.148345947265625 -0.052825927734375
-0.207275390625 0.15673828125 -0.0696792602539063 -0.0745391845703125
-0.105239868164063 0.198974609375 -0.0711135864257813 -0.0983352661132812
-0.038330078125 0.203887939453125 -0.0919189453125 -0.100410461425781
0.0827178955078125 0.188323974609375 -0.107040405273438 -0.0951614379882812
0.140609741210938 0.14013671875 -0.143600463867188 -0.0887908935546875
0.134498596191406 0.134696960449219 -0.14801025390625 -0.086944580078125
0.16796875 0.129714965820313 -0.135948181152344 -0.0777359008789062
0.1253662109375 0.148300170898438 -0.113136291503906 -0.102622985839844
0.06280517578125 0.200775146484375 -0.101081848144531 -0.0936431884765625
-0.00622558593749999 0.210128784179688 -0.0477066040039063 -0.0989456176757812
-0.152191162109375 0.181716918945313 0.0107421875 -0.0775680541992187
-0.206512451171875 0.157852172851562 0.00830650329589843 0.00914478302001954
-0.26177978515625 0.0868988037109375 -0.030141830444336 0.00365829467773438
-0.150787353515625 0.102005004882812 -0.349853515625 -0.0822753906250001
-0.119117736816406 0.104652404785156 -0.209854125976563 -0.0257110595703125
-0.08270263671875 0.108558654785156 -0.0949859619140625 -0.053955078125
-0.0348739624023437 0.109748840332031 -0.0869522094726562 -0.0889358520507813
-0.01116943359375 0.108070373535156 -0.0896148681640625 -0.108871459960937
0.051239013671875 0.103759765625 -0.131874084472656 -0.127113342285156
0.0767135620117188 0.0811233520507813 -0.195480346679688 -0.117019653320312
0.0729522705078125 0.080596923828125 -0.198883056640625 -0.105239868164062
0.0881805419921875 0.0865478515625 -0.186248779296875 -0.104171752929688
0.054779052734375 0.0961990356445313 -0.1412353515625 -0.130157470703125
0.00875854492187499 0.117530822753906 -0.102729797363281 -0.110244750976562
-0.0262832641601563 0.104156494140625 -0.050140380859375 -0.0963287353515625
-0.0840911865234375 0.0804672241210938 -0.00552368164062501 -0.0524520874023437
-0.10040283203125 0.0914764404296875 -0.0469856262207031 0.04583740234375
-0.148040771484375 0.0800018310546875 -0.127822875976563 0.027740478515625
-0.0127944946289063 0.103507995605469 -0.402252197265625 -0.0401916503906249
-0.000152587890625008 0.0806350708007812 -0.252716064453125 0.0111541748046875
0.0296096801757813 0.0392951965332031 -0.114784240722656 -0.0171051025390625
0.0197353363037109 0.0128498077392578 -0.0967254638671875 -0.0563507080078125
0.00721406936645508 0.00782966613769531 -0.0806503295898438 -0.0937957763671875
0.00955772399902344 0.0132627487182617 -0.142532348632812 -0.129592895507813
-0.000242233276367188 0.0128297805786133 -0.218795776367188 -0.120285034179687
0.000199317932128906 0.0143442153930664 -0.21881103515625 -0.1082763671875
-0.00157737731933594 0.0282382965087891 -0.203201293945312 -0.122360229492188
-0.0172061920166016 0.0265293121337891 -0.13800048828125 -0.14776611328125
-0.0344867706298828 0.0157737731933594 -0.0772552490234375 -0.119598388671875
-0.0264778137207031 -0.0146846771240234 -0.0330581665039063 -0.0884933471679688
0.0107841491699219 -0.0201663970947266 -0.00986480712890625 -0.0285854339599609
0.0283203125 0.0268306732177734 -0.0811767578125 0.0652999877929688
-0.00872039794921876 0.0692024230957031 -0.184173583984375 0.0476226806640625
-0.156295776367188 -0.0769805908203125 0.198043823242187 -0.098114013671875
-0.145782470703125 0.0253753662109375 0.117851257324219 -0.0960845947265625
-0.110099792480469 0.110397338867188 -0.00988292694091798 -0.00938987731933593
-0.0128097534179688 0.130256652832031 0.00173950195312501 0.0690116882324219
0.0495834350585938 0.102691650390625 0.0210113525390625 0.129646301269531
0.0885238647460938 0.0436248779296875 0.123855590820313 0.153305053710938
0.0957107543945313 0.021697998046875 0.215118408203125 0.11981201171875
0.0748672485351563 0.0400466918945313 0.213226318359375 0.0934906005859375
0.0788192749023438 0.0348129272460938 0.211883544921875 0.0978546142578125
0.0537338256835938 0.0559768676757813 0.152542114257813 0.105270385742188
0.0249252319335937 0.0799026489257812 0.0916213989257813 0.0562286376953125
-0.03106689453125 0.0933074951171875 0.0964736938476563 0.0107574462890625
-0.109336853027344 0.0478744506835937 0.156295776367187 -0.0248260498046875
-0.130836486816406 -0.00195312500000001 0.268646240234375 -0.0655059814453125
-0.10205078125 -0.072540283203125 0.4503173828125 0.011199951171875
-0.277694702148437 -0.0503997802734375 0.16021728515625 -0.101364135742188
-0.252731323242188 0.045135498046875 0.106254577636719 -0.0906906127929687
-0.222152709960938 0.163467407226562 -0.0149192810058594 -0.0321407318115234
-0.07562255859375 0.216201782226563 -0.0225868225097656 0.0387611389160156
0.022979736328125 0.200973510742188 -0.0236358642578125 0.109649658203125
0.127296447753906 0.135116577148438 0.081024169921875 0.14501953125
0.166976928710938 0.088531494140625 0.1680908203125 0.108993530273438
0.143417358398438 0.10247802734375 0.166107177734375 0.0676422119140625
0.16094970703125 0.0923309326171875 0.17144775390625 0.0666656494140625
0.113258361816406 0.120925903320312 0.125328063964844 0.0630645751953125
0.056640625 0.165313720703125 0.0647392272949219 0.0194587707519531
-0.0257415771484375 0.183547973632813 0.0769882202148438 -0.0289306640625
-0.171905517578125 0.135284423828125 0.14373779296875 -0.0719146728515625
-0.22454833984375 0.07757568359375 0.254531860351563 -0.1007080078125
-0.2269287109375 -0.024810791015625 0.41156005859375 -0.027923583984375
-0.3631591796875 -0.0276184082031249 0.0745620727539062 -0.107139587402344
-0.333648681640625 0.0567626953125 0.0647964477539062 -0.0834426879882813
-0.314727783203125 0.194854736328125 -0.0225791931152344 -0.0520896911621094
-0.138427734375 0.277542114257812 -0.0392494201660156 0.00127029418945315
-0.01318359375 0.275619506835938 -0.0581169128417969 0.0653114318847657
0.14239501953125 0.21124267578125 0.030059814453125 0.106048583984375
0.21026611328125 0.143325805664062 0.0969467163085938 0.074737548828125
0.1890869140625 0.148330688476563 0.0932235717773438 0.0312347412109375
0.222579956054688 0.130157470703125 0.106941223144531 0.0299301147460938
0.168365478515625 0.161849975585938 0.075836181640625 0.0169296264648438
0.09869384765625 0.229705810546875 0.0236701965332031 -0.0157184600830078
-0.00102233886718752 0.26080322265625 0.0450363159179688 -0.0625724792480469
-0.205780029296875 0.222488403320313 0.114120483398438 -0.104240417480469
-0.285736083984375 0.15936279296875 0.21221923828125 -0.110137939453125
-0.320068359375 0.027496337890625 0.331207275390625 -0.049407958984375
-0.39508056640625 0.00677490234374993 -0.03912353515625 -0.113311767578125
-0.363494873046875 0.073272705078125 -0.00118255615234378 -0.073638916015625
-0.35162353515625 0.210113525390625 -0.0352592468261719 -0.0661048889160156
-0.171142578125 0.302520751953125 -0.0511932373046875 -0.0387229919433594
-0.041259765625 0.3099365234375 -0.0808868408203125 0.00657653808593753
0.139297485351563 0.254119873046875 -0.0214614868164062 0.0431022644042969
0.223190307617187 0.174819946289062 0.0118942260742188 0.023611068725586
0.206985473632813 0.170928955078125 0.0067424774169922 -0.00942325592041015
0.251693725585938 0.14886474609375 0.0228328704833985 -0.00696182250976562
0.19879150390625 0.18096923828125 0.00785446166992189 -0.0269832611083984
0.126541137695312 0.2630615234375 -0.0283164978027344 -0.045013427734375
0.022308349609375 0.302978515625 0.00486755371093749 -0.0840530395507812
-0.2095947265625 0.276824951171875 0.0729141235351563 -0.113983154296875
-0.30401611328125 0.21575927734375 0.148330688476563 -0.0883026123046875
-0.3626708984375 0.074615478515625 0.217529296875 -0.0458526611328125
-0.366546630859375 0.0480041503906251 -0.165283203125 -0.111526489257812
-0.332733154296875 0.09735107421875 -0.0813217163085938 -0.0602569580078125
-0.314544677734375 0.20758056640625 -0.0548629760742188 -0.071990966796875
-0.15704345703125 0.283050537109375 -0.063385009765625 -0.0742111206054687
-0.046295166015625 0.291168212890625 -0.0938949584960937 -0.0529403686523437
0.122726440429687 0.248367309570312 -0.0718154907226562 -0.0299072265625
0.203933715820313 0.174179077148438 -0.076507568359375 -0.033416748046875
0.192657470703125 0.166946411132813 -0.0828933715820313 -0.0477676391601562
0.2388916015625 0.147720336914063 -0.0666770935058594 -0.0399551391601562
0.188980102539063 0.1763916015625 -0.0650482177734375 -0.06365966796875
0.120010375976563 0.256088256835938 -0.0791091918945313 -0.0672149658203125
0.02593994140625 0.291229248046875 -0.0344390869140625 -0.0936431884765625
-0.191329956054687 0.2708740234375 0.032958984375 -0.101669311523437
-0.277435302734375 0.221694946289063 0.0750503540039062 -0.0407257080078125
-0.34722900390625 0.101348876953125 0.0867538452148437 -0.0222549438476562
-0.281524658203125 0.08660888671875 -0.282073974609375 -0.093048095703125
-0.242950439453125 0.114837646484375 -0.159332275390625 -0.039154052734375
-0.213775634765625 0.1759033203125 -0.0795135498046875 -0.0664215087890625
-0.102676391601562 0.215896606445313 -0.0791778564453125 -0.0905914306640625
-0.030914306640625 0.219818115234375 -0.0992202758789063 -0.0948104858398438
0.095855712890625 0.1947021484375 -0.113349914550781 -0.0917587280273438
0.15631103515625 0.14117431640625 -0.154739379882812 -0.0813446044921875
0.149322509765625 0.136001586914063 -0.160415649414063 -0.07867431640625
0.183547973632813 0.127288818359375 -0.146713256835938 -0.0693817138671875
0.138992309570313 0.149627685546875 -0.124237060546875 -0.0962600708007812
0.076385498046875 0.208236694335938 -0.110984802246094 -0.0864715576171875
0.00326538085937498 0.2215576171875 -0.0584335327148438 -0.0950164794921875
-0.152481079101563 0.199066162109375 0.00296783447265624 -0.0765838623046875
-0.2083740234375 0.17510986328125 0.00565528869628905 0.0132198333740234
-0.27410888671875 0.10272216796875 -0.039581298828125 0.0107192993164063
-0.154373168945313 0.108016967773437 -0.371978759765625 -0.058013916015625
-0.121696472167969 0.110115051269531 -0.224044799804687 -0.00752258300781245
-0.0868682861328125 0.114990234375 -0.104408264160156 -0.0437240600585938
-0.0357437133789063 0.117103576660156 -0.0944442749023438 -0.0810775756835937
-0.00917053222656251 0.116668701171875 -0.0968399047851563 -0.10638427734375
0.057708740234375 0.110107421875 -0.142074584960937 -0.125747680664063
0.0859756469726563 0.0844573974609375 -0.2110595703125 -0.108612060546875
0.081878662109375 0.0845947265625 -0.214599609375 -0.0955047607421875
0.0984344482421875 0.0898284912109375 -0.200515747070313 -0.0954437255859375
0.0624465942382813 0.101486206054688 -0.15472412109375 -0.125045776367188
0.0134811401367188 0.126960754394531 -0.112953186035156 -0.105339050292969
-0.0252609252929688 0.113044738769531 -0.05963134765625 -0.0936203002929687
-0.0895156860351562 0.0879669189453125 -0.0130081176757813 -0.0501518249511719
-0.104377746582031 0.0966644287109375 -0.0505104064941406 0.05401611328125
-0.154937744140625 0.0856170654296875 -0.139533996582031 0.0401153564453125
-0.00708770751953126 0.100593566894531 -0.423492431640625 -0.013031005859375
0.00298309326171876 0.0783462524414062 -0.266159057617188 0.033233642578125
0.0282478332519531 0.0345134735107422 -0.121414184570313 -0.00552368164062498
0.0158042907714844 0.0108966827392578 -0.101081848144531 -0.0482711791992188
0.00334453582763672 0.00964736938476563 -0.0870742797851563 -0.093658447265625
0.00798225402832031 0.0182209014892578 -0.154022216796875 -0.12847900390625
0.00147247314453125 0.0196056365966797 -0.236312866210937 -0.111984252929688
0.00150299072265625 0.0210285186767578 -0.235580444335938 -0.099029541015625
0.00128173828125 0.0360069274902344 -0.220123291015625 -0.114028930664063
-0.0158042907714844 0.0344963073730469 -0.15264892578125 -0.145584106445313
-0.0372505187988281 0.0245819091796875 -0.0865478515625 -0.1181640625
-0.0336856842041016 -0.00980758666992188 -0.0413894653320313 -0.0879669189453125
0.00166130065917969 -0.0229473114013672 -0.0160903930664062 -0.0268630981445313
0.0243396759033203 0.0203533172607422 -0.0860061645507813 0.0749282836914063
-0.00930023193359375 0.0645408630371094 -0.196884155273438 0.0619659423828125
-0.161285400390625 -0.06036376953125 0.201370239257813 -0.11102294921875
-0.1400146484375 0.0352249145507812 0.117301940917969 -0.107276916503906
-0.09783935546875 0.117431640625 -0.00703573226928712 -0.00809764862060546
-0.000686645507812498 0.12762451171875 0.00743484497070312 0.0681915283203125
0.0580368041992188 0.0951004028320313 0.0301971435546875 0.130058288574219
0.0892257690429688 0.0320358276367188 0.13397216796875 0.147491455078125
0.0943069458007813 0.0110015869140625 0.226364135742187 0.108078002929688
0.0774383544921875 0.0326004028320313 0.223617553710938 0.08221435546875
0.0806884765625 0.02557373046875 0.222259521484375 0.0880889892578125
0.0585365295410156 0.0498390197753906 0.16058349609375 0.101226806640625
0.0336990356445312 0.0776138305664063 0.0934219360351563 0.0543899536132813
-0.021270751953125 0.0988845825195313 0.0964584350585937 0.00495910644531251
-0.104728698730469 0.0606002807617188 0.155868530273438 -0.0381317138671875
-0.130081176757813 0.0133590698242188 0.267913818359375 -0.0872802734375
-0.10955810546875 -0.059600830078125 0.455718994140625 -0.019378662109375
-0.285064697265625 -0.0267333984375 0.163192749023437 -0.109909057617188
-0.248138427734375 0.061309814453125 0.107185363769531 -0.0989227294921875
-0.209426879882813 0.179519653320312 -0.0139694213867188 -0.0290470123291016
-0.05926513671875 0.218795776367188 -0.0186233520507813 0.041656494140625
0.0376739501953125 0.197540283203125 -0.0150375366210938 0.114105224609375
0.134628295898438 0.122482299804688 0.0930023193359375 0.14312744140625
0.171905517578125 0.07366943359375 0.179306030273438 0.100997924804688
0.151092529296875 0.09112548828125 0.173736572265625 0.06097412109375
0.168212890625 0.078369140625 0.179901123046875 0.0592803955078125
0.122856140136719 0.112533569335937 0.130172729492188 0.0606536865234375
0.0706939697265625 0.16265869140625 0.0642166137695313 0.0199470520019531
-0.011871337890625 0.190399169921875 0.07391357421875 -0.0324859619140625
-0.16387939453125 0.153884887695313 0.139198303222656 -0.082611083984375
-0.220199584960938 0.0992431640624999 0.250732421875 -0.119369506835938
-0.235260009765625 -0.00463867187500004 0.412139892578125 -0.053558349609375
-0.373077392578125 -0.000762939453125029 0.0760574340820312 -0.107154846191406
-0.33221435546875 0.077606201171875 0.0657882690429687 -0.0858612060546875
-0.30413818359375 0.21844482421875 -0.0243492126464844 -0.0466346740722656
-0.119720458984375 0.286468505859375 -0.037139892578125 0.00785827636718751
0.00541687011718748 0.27825927734375 -0.0517120361328125 0.0743560791015625
0.155670166015625 0.200210571289063 0.0406723022460938 0.107131958007813
0.220382690429688 0.12786865234375 0.105117797851563 0.0721511840820313
0.200912475585938 0.136154174804688 0.0977096557617188 0.0300979614257813
0.2337646484375 0.114120483398437 0.111427307128906 0.0266647338867188
0.180953979492188 0.151687622070313 0.0769729614257813 0.0173187255859375
0.116683959960937 0.225906372070313 0.0210323333740234 -0.0125160217285156
0.01702880859375 0.267349243164063 0.039886474609375 -0.0627708435058594
-0.193267822265625 0.243316650390625 0.10675048828125 -0.111091613769531
-0.27801513671875 0.183685302734375 0.206298828125 -0.12359619140625
-0.3272705078125 0.0533447265625 0.328582763671875 -0.067596435546875
-0.405120849609375 0.0328979492187499 -0.0405807495117188 -0.105216979980469
-0.365692138671875 0.096282958984375 -0.00164794921875002 -0.070770263671875
-0.344024658203125 0.238128662109375 -0.0389823913574219 -0.0578384399414063
-0.1541748046875 0.316436767578125 -0.0514984130859375 -0.0305671691894531
-0.021148681640625 0.317840576171875 -0.0776596069335938 0.0172958374023438
0.155502319335938 0.246673583984375 -0.0147972106933594 0.0465049743652344
0.2364501953125 0.160858154296875 0.0163421630859375 0.0258884429931641
0.22113037109375 0.159927368164063 0.00601148605346681 -0.00584220886230468
0.264236450195313 0.132400512695313 0.0241546630859375 -0.00493621826171874
0.212387084960938 0.16949462890625 0.00585365295410158 -0.0231914520263672
0.1453857421875 0.258743286132813 -0.0327110290527344 -0.0382499694824219
0.04193115234375 0.30755615234375 -0.00235748291015625 -0.0802688598632812
-0.19537353515625 0.297515869140625 0.06451416015625 -0.115875244140625
-0.293731689453125 0.2388916015625 0.142578125 -0.095550537109375
-0.368011474609375 0.100982666015625 0.2125244140625 -0.05572509765625
-0.374542236328125 0.0697326660156251 -0.170272827148438 -0.0946197509765625
-0.33465576171875 0.116912841796875 -0.0837173461914063 -0.05010986328125
-0.310333251953125 0.232177734375 -0.0606193542480469 -0.0614852905273437
-0.14337158203125 0.2978515625 -0.0664520263671875 -0.0641326904296875
-0.028564453125 0.30145263671875 -0.0947799682617188 -0.043182373046875
0.139297485351563 0.244491577148438 -0.0702781677246094 -0.024688720703125
0.218093872070313 0.163330078125 -0.07757568359375 -0.0260543823242187
0.208145141601563 0.158615112304688 -0.0872955322265625 -0.0391464233398437
0.251739501953125 0.134323120117188 -0.0687904357910156 -0.0329017639160156
0.202285766601563 0.167022705078125 -0.0696144104003906 -0.05645751953125
0.137527465820312 0.252349853515625 -0.0848770141601562 -0.0581207275390625
0.04351806640625 0.29443359375 -0.0416641235351563 -0.0864715576171875
-0.178253173828125 0.288177490234375 0.0250320434570312 -0.0994949340820312
-0.267852783203125 0.241958618164062 0.0710906982421875 -0.0417709350585937
-0.35113525390625 0.124664306640625 0.080718994140625 -0.0226516723632812
-0.28509521484375 0.100860595703125 -0.289154052734375 -0.069244384765625
-0.2445068359375 0.12750244140625 -0.163818359375 -0.022705078125
-0.212234497070313 0.192626953125 -0.0858535766601563 -0.0535888671875
-0.09454345703125 0.226318359375 -0.08349609375 -0.0799331665039062
-0.019378662109375 0.228530883789063 -0.103103637695313 -0.0858993530273437
0.108474731445313 0.19415283203125 -0.117599487304687 -0.08551025390625
0.168853759765625 0.134674072265625 -0.160491943359375 -0.0708465576171875
0.161697387695313 0.132110595703125 -0.168243408203125 -0.0655059814453125
0.195220947265625 0.118988037109375 -0.152114868164063 -0.0580291748046875
0.149581909179687 0.145095825195313 -0.132469177246094 -0.0863800048828125
0.0897369384765625 0.208282470703125 -0.117164611816406 -0.0761566162109375
0.0145416259765625 0.22650146484375 -0.0658111572265625 -0.0869293212890625
-0.1455078125 0.212051391601562 -0.00396728515625001 -0.0725173950195312
-0.202499389648438 0.188018798828125 0.00414085388183593 0.0177726745605469
-0.276840209960938 0.118179321289062 -0.045623779296875 0.018768310546875
-0.153076171875 0.11236572265625 -0.37921142578125 -0.0293579101562499
-0.120643615722656 0.114730834960938 -0.228500366210938 0.0136566162109375
-0.0864715576171875 0.121315002441406 -0.108619689941406 -0.0304794311523437
-0.0333480834960938 0.121475219726563 -0.0974655151367188 -0.0703353881835938
-0.0052947998046875 0.122665405273438 -0.101493835449219 -0.100181579589844
0.0636672973632812 0.112014770507812 -0.14984130859375 -0.118850708007812
0.0941238403320312 0.0836868286132813 -0.220062255859375 -0.095184326171875
0.08978271484375 0.0851058959960938 -0.224136352539063 -0.081268310546875
0.107521057128906 0.088134765625 -0.209136962890625 -0.081512451171875
0.0696029663085938 0.102348327636719 -0.164764404296875 -0.115005493164062
0.0214157104492188 0.131362915039063 -0.120010375976562 -0.0963592529296875
-0.0223007202148438 0.119171142578125 -0.066925048828125 -0.0861358642578125
-0.0911102294921875 0.0944671630859375 -0.0188331604003906 -0.0451774597167969
-0.1038818359375 0.100807189941406 -0.0502853393554688 0.0616302490234375
-0.157180786132812 0.0914764404296875 -0.144882202148438 0.0537261962890625
-0.00225067138671876 0.0949935913085938 -0.429412841796875 0.01751708984375
0.00499725341796876 0.0740890502929688 -0.268463134765625 0.0565643310546875
0.0260143280029297 0.0302143096923828 -0.123001098632813 0.00768280029296873
0.0124311447143555 0.0102005004882812 -0.102165222167969 -0.0384445190429687
0.000192642211914061 0.0114126205444336 -0.0909042358398438 -0.090484619140625
0.00756645202636719 0.0225772857666016 -0.163330078125 -0.123123168945312
0.00387382507324218 0.0248279571533203 -0.24700927734375 -0.0983734130859376
0.00384330749511719 0.0263233184814453 -0.245651245117188 -0.0841217041015625
0.00540542602539063 0.0417823791503906 -0.230316162109375 -0.100265502929688
-0.0126571655273437 0.0408935546875 -0.163909912109375 -0.137496948242188
-0.0368194580078125 0.0329818725585937 -0.0944442749023437 -0.11346435546875
-0.0380172729492188 -0.003265380859375 -0.0488357543945312 -0.0830459594726563
-0.00731086730957031 -0.0230236053466797 -0.0209541320800781 -0.0232486724853516
0.0186176300048828 0.0156688690185547 -0.0858078002929687 0.0842666625976563
-0.00996017456054688 0.0596466064453125 -0.202102661132813 0.077239990234375
-0.160110473632813 -0.0457611083984375 0.202133178710938 -0.11846923828125
-0.132339477539063 0.0402450561523438 0.116569519042969 -0.113601684570313
-0.087493896484375 0.118629455566406 -0.00506830215454102 -0.00766420364379882
0.00739288330078124 0.12158203125 0.010833740234375 0.0651359558105469
0.0624542236328125 0.087158203125 0.0352249145507813 0.128219604492188
0.0858993530273438 0.0225677490234375 0.13897705078125 0.1417236328125
0.0898895263671875 0.0032501220703125 0.230133056640625 0.0985870361328125
0.0767669677734375 0.0263519287109375 0.227020263671875 0.0741119384765625
0.0796585083007813 0.0188827514648438 0.226348876953125 0.0799560546875
0.0604133605957031 0.0446395874023438 0.164154052734375 0.0978546142578125
0.0384979248046875 0.073974609375 0.0926055908203125 0.0539474487304688
-0.0138626098632813 0.100654602050781 0.0943679809570313 0.00148773193359376
-0.09796142578125 0.0689468383789063 0.151885986328125 -0.0469512939453125
-0.124710083007812 0.0238571166992188 0.2625732421875 -0.101043701171875
-0.112327575683594 -0.0488510131835938 0.450408935546875 -0.038116455078125
-0.284210205078125 -0.00979614257812506 0.1649169921875 -0.113082885742187
-0.240921020507813 0.0706329345703125 0.107070922851562 -0.103866577148437
-0.196807861328125 0.185455322265625 -0.0124301910400391 -0.0266246795654297
-0.0474090576171875 0.21539306640625 -0.0145378112792969 0.0422897338867188
0.0464935302734375 0.190933227539063 -0.00843048095703125 0.115592956542969
0.135368347167969 0.111030578613281 0.0988082885742188 0.138839721679688
0.170272827148438 0.062591552734375 0.184402465820312 0.093841552734375
0.153488159179688 0.082672119140625 0.176498413085937 0.0565185546875
0.169097900390625 0.0678558349609375 0.18316650390625 0.054168701171875
0.12677001953125 0.104423522949219 0.131721496582031 0.0596466064453125
0.0784454345703125 0.157867431640625 0.0629234313964844 0.0215187072753906
-0.00180053710937499 0.19195556640625 0.0702095031738281 -0.0333290100097656
-0.15509033203125 0.164474487304688 0.1339111328125 -0.0879058837890625
-0.212387084960938 0.112060546875 0.243942260742187 -0.130218505859375
-0.2369384765625 0.01043701171875 0.405975341796875 -0.067626953125
-0.373046875 0.018402099609375 0.0789108276367187 -0.106117248535156
-0.3262939453125 0.09027099609375 0.066680908203125 -0.08746337890625
-0.291168212890625 0.231109619140625 -0.0234527587890625 -0.0410079956054687
-0.1068115234375 0.286102294921875 -0.0337352752685547 0.0115509033203125
0.017303466796875 0.275253295898437 -0.0452194213867188 0.07904052734375
0.160232543945313 0.189590454101563 0.0474700927734375 0.105758666992188
0.2215576171875 0.115341186523438 0.110267639160156 0.0684432983398438
0.205474853515625 0.12628173828125 0.0984344482421875 0.0291290283203125
0.23614501953125 0.101577758789062 0.112800598144531 0.0250396728515625
0.185516357421875 0.141998291015625 0.076934814453125 0.0184783935546875
0.126190185546875 0.219131469726562 0.0190677642822266 -0.0084552764892578
0.029083251953125 0.26666259765625 0.0355072021484375 -0.0601615905761719
-0.182266235351562 0.254531860351563 0.100326538085937 -0.112510681152344
-0.266937255859375 0.197525024414062 0.199310302734375 -0.130523681640625
-0.32781982421875 0.070159912109375 0.32098388671875 -0.076934814453125
-0.406036376953125 0.05126953125 -0.0381698608398438 -0.0971603393554688
-0.3619384765625 0.1094970703125 -0.000297546386718765 -0.0672607421875
-0.333709716796875 0.253631591796875 -0.0395927429199219 -0.0496177673339844
-0.140777587890625 0.31988525390625 -0.0492668151855469 -0.0238227844238281
-0.0078125 0.318206787109375 -0.0729293823242187 0.0239486694335938
0.162612915039063 0.23797607421875 -0.00925064086914062 0.0471763610839844
0.24029541015625 0.147674560546875 0.019866943359375 0.0263767242431641
0.227188110351563 0.150665283203125 0.00652742385864259 -0.00171184539794921
0.268234252929688 0.119415283203125 0.024801254272461 -0.00263977050781249
0.216796875 0.159561157226563 0.00487327575683595 -0.0186519622802734
0.155548095703125 0.25115966796875 -0.0349102020263672 -0.0316524505615234
0.0548095703125 0.305572509765625 -0.00624847412109375 -0.0753555297851562
-0.183197021484375 0.30718994140625 0.0582656860351562 -0.113967895507813
-0.2813720703125 0.25115966796875 0.136192321777344 -0.0975341796875
-0.36773681640625 0.117767333984375 0.204986572265625 -0.0588836669921875
-0.375 0.083770751953125 -0.168136596679688 -0.081207275390625
-0.33245849609375 0.128143310546875 -0.0826492309570313 -0.042022705078125
-0.302581787109375 0.24688720703125 -0.0616569519042969 -0.0513381958007812
-0.131988525390625 0.3031005859375 -0.0649528503417969 -0.0554161071777343
-0.016448974609375 0.3038330078125 -0.0923614501953125 -0.03533935546875
0.147323608398438 0.238204956054688 -0.0675125122070313 -0.0221900939941406
0.223724365234375 0.152664184570313 -0.0761260986328125 -0.0216140747070312
0.213455200195313 0.151229858398438 -0.0879898071289062 -0.0318069458007812
0.256011962890625 0.123077392578125 -0.0691108703613281 -0.0269508361816406
0.20648193359375 0.15802001953125 -0.0719146728515625 -0.0494461059570312
0.147674560546875 0.246353149414062 -0.0863113403320313 -0.049407958984375
0.05389404296875 0.293426513671875 -0.04498291015625 -0.0793914794921875
-0.167938232421875 0.295928955078125 0.020050048828125 -0.0955886840820312
-0.257217407226563 0.251129150390625 0.067779541015625 -0.0409126281738281
-0.350555419921875 0.138153076171875 0.0750732421875 -0.0200576782226562
-0.285491943359375 0.109222412109375 -0.2877197265625 -0.05126953125
-0.243743896484375 0.134201049804688 -0.163070678710938 -0.0102996826171875
-0.208465576171875 0.2030029296875 -0.0867996215820313 -0.0421981811523437
-0.0879058837890625 0.23052978515625 -0.0823211669921875 -0.0709457397460937
-0.0115966796875 0.232452392578125 -0.102569580078125 -0.0791168212890625
0.115264892578125 0.19146728515625 -0.118087768554687 -0.0814056396484375
0.174606323242188 0.128143310546875 -0.16156005859375 -0.0622100830078125
0.167312622070313 0.127670288085938 -0.170669555664062 -0.05517578125
0.200241088867187 0.112396240234375 -0.152587890625 -0.0489044189453125
0.153961181640625 0.139572143554688 -0.134857177734375 -0.077606201171875
0.0972442626953125 0.2056884765625 -0.118919372558594 -0.067413330078125
0.021697998046875 0.227142333984375 -0.0683364868164063 -0.0792770385742188
-0.140426635742188 0.218063354492188 -0.00751495361328125 -0.0670280456542969
-0.19635009765625 0.193038940429687 0.00333786010742186 0.0214385986328125
-0.276580810546875 0.127166748046875 -0.0494613647460938 0.02593994140625
-0.152267456054688 0.11297607421875 -0.37701416015625 -0.00918579101562503
-0.120750427246094 0.1160888671875 -0.226516723632813 0.028228759765625
-0.0877151489257813 0.124580383300781 -0.108718872070313 -0.0193405151367187
-0.0327529907226563 0.124595642089844 -0.0964736938476563 -0.061248779296875
-0.00215911865234376 0.125869750976563 -0.101951599121094 -0.0959396362304688
0.0676498413085937 0.113067626953125 -0.152069091796875 -0.114242553710938
0.0991744995117188 0.0830459594726563 -0.223434448242188 -0.0848541259765625
0.0944442749023438 0.0849990844726563 -0.226455688476563 -0.0689697265625
0.111976623535156 0.086700439453125 -0.210769653320312 -0.070556640625
0.0738067626953125 0.102165222167969 -0.16851806640625 -0.105819702148437
0.0267868041992187 0.133338928222656 -0.122482299804687 -0.0887832641601563
-0.0193862915039062 0.123313903808594 -0.0701370239257813 -0.0788803100585938
-0.0926361083984375 0.0989456176757813 -0.0210647583007813 -0.0404586791992187
-0.104057312011719 0.102691650390625 -0.049224853515625 0.0673484802246094
-0.158248901367188 0.093231201171875 -0.147079467773438 0.063629150390625
-0.00141143798828126 0.0883712768554688 -0.425689697265625 0.0377502441406251
0.00525665283203125 0.0701904296875 -0.26507568359375 0.0718536376953125
0.0222930908203125 0.0276756286621094 -0.120933532714844 0.0178756713867188
0.00836563110351562 0.0106773376464844 -0.0995330810546875 -0.0314865112304687
-0.00290679931640625 0.0131816864013672 -0.0913772583007813 -0.0886154174804688
0.00748634338378906 0.0264053344726563 -0.16693115234375 -0.118927001953125
0.00729751586914062 0.0283241271972656 -0.250732421875 -0.0877227783203125
0.00709342956542969 0.0305213928222656 -0.248489379882813 -0.073455810546875
0.0102767944335937 0.0453910827636719 -0.233718872070312 -0.0894775390625
-0.00934219360351563 0.0453987121582031 -0.168243408203125 -0.129730224609375
-0.0348587036132813 0.039093017578125 -0.0980148315429688 -0.107192993164062
-0.0406455993652344 0.00335693359375 -0.0523147583007812 -0.0777359008789063
-0.0147819519042969 -0.0213069915771484 -0.0234203338623047 -0.0191631317138672
0.0124092102050781 0.0127182006835938 -0.0844497680664063 0.0900115966796875
-0.0127677917480469 0.0549430847167969 -0.203018188476563 0.087249755859375
-0.157363891601563 -0.037353515625 0.206924438476562 -0.121200561523437
-0.127815246582031 0.040771484375 0.117156982421875 -0.117706298828125
-0.0814437866210937 0.116439819335938 -0.00265121459960938 -0.00756168365478515
0.0109710693359375 0.116249084472656 0.0120773315429687 0.0630378723144531
0.0641708374023438 0.081573486328125 0.0372238159179688 0.127799987792969
0.0822219848632813 0.0173187255859375 0.140182495117188 0.140190124511719
0.085479736328125 -0.00042724609375 0.232315063476563 0.0952911376953125
0.0751495361328125 0.0228652954101563 0.229705810546875 0.0717620849609375
0.0784149169921875 0.01483154296875 0.228851318359375 0.0776214599609375
0.060516357421875 0.0414390563964844 0.166000366210938 0.0989532470703125
0.0408706665039063 0.0708160400390625 0.0922164916992188 0.0558090209960938
-0.00933074951171874 0.101303100585938 0.0928421020507812 0.000709533691406256
-0.09375 0.0727462768554688 0.149627685546875 -0.05133056640625
-0.11993408203125 0.0298309326171875 0.259140014648438 -0.107009887695313
-0.112747192382813 -0.0412750244140625 0.44805908203125 -0.045196533203125
-0.282806396484375 -0.000793457031250044 0.1707763671875 -0.114547729492188
-0.236618041992188 0.0732269287109375 0.109603881835937 -0.106735229492188
-0.190887451171875 0.1873779296875 -0.0100975036621094 -0.0239982604980469
-0.0426788330078125 0.211578369140625 -0.01239013671875 0.0427513122558594
0.04986572265625 0.18719482421875 -0.00489807128906249 0.117401123046875
0.133079528808594 0.105140686035156 0.101821899414063 0.138214111328125
0.167434692382813 0.0572052001953125 0.187255859375 0.0914764404296875
0.1529541015625 0.0791168212890625 0.178802490234375 0.0558319091796875
0.168426513671875 0.0621337890625 0.185134887695313 0.0538787841796875
0.127555847167969 0.10028076171875 0.132743835449219 0.0622711181640625
0.082183837890625 0.154510498046875 0.0617027282714844 0.0246429443359375
0.003265380859375 0.19342041015625 0.0690269470214844 -0.0323371887207031
-0.151336669921875 0.169845581054688 0.1312255859375 -0.0898666381835937
-0.207229614257813 0.118392944335937 0.240936279296875 -0.13409423828125
-0.238723754882813 0.0185699462890625 0.402557373046875 -0.071929931640625
-0.373779296875 0.028045654296875 0.08526611328125 -0.104019165039063
-0.32427978515625 0.094207763671875 0.0701446533203125 -0.0882186889648437
-0.286773681640625 0.2352294921875 -0.0216484069824219 -0.0362930297851562
-0.101531982421875 0.285247802734375 -0.0304412841796875 0.0138912200927734
0.0221405029296875 0.273635864257813 -0.0410690307617188 0.0818405151367188
0.159423828125 0.184524536132812 0.0507431030273438 0.105491638183594
0.220321655273438 0.108856201171875 0.11346435546875 0.0672683715820313
0.207183837890625 0.123336791992188 0.100601196289063 0.0310821533203125
0.236618041992187 0.095184326171875 0.114898681640625 0.0261077880859375
0.186447143554688 0.138214111328125 0.0775604248046875 0.0217666625976563
0.130126953125 0.216278076171875 0.0174779891967774 -0.00347518920898436
0.03369140625 0.268539428710938 0.0342636108398438 -0.0573959350585937
-0.178207397460937 0.259658813476563 0.097381591796875 -0.112075805664063
-0.26165771484375 0.203292846679687 0.195999145507812 -0.1326904296875
-0.330780029296875 0.0789794921875 0.31781005859375 -0.07763671875
-0.409027099609375 0.058624267578125 -0.0326461791992188 -0.0923690795898438
-0.36187744140625 0.1142578125 0.00281524658203123 -0.0654869079589844
-0.3310546875 0.260955810546875 -0.037994384765625 -0.04327392578125
-0.1361083984375 0.321533203125 -0.0454750061035156 -0.0193977355957031
-0.00238037109375001 0.319793701171875 -0.0686378479003906 0.0285720825195313
0.164794921875 0.235427856445313 -0.00603866577148437 0.0473823547363281
0.240982055664062 0.143463134765625 0.0221004486083984 0.0272502899169922
0.229660034179688 0.147811889648438 0.00713348388671876 0.00159358978271485
0.268997192382813 0.114105224609375 0.0261764526367188 -0.000331878662109368
0.217849731445312 0.155731201171875 0.00464344024658204 -0.0149660110473633
0.159576416015625 0.248214721679688 -0.035736083984375 -0.0260658264160156
0.05877685546875 0.306976318359375 -0.007171630859375 -0.0710296630859375
-0.1793212890625 0.311981201171875 0.0559158325195312 -0.112159729003906
-0.27691650390625 0.255569458007812 0.133712768554687 -0.0978927612304687
-0.370697021484375 0.125457763671875 0.20068359375 -0.056671142578125
-0.379730224609375 0.0887756347656249 -0.164321899414063 -0.073699951171875
-0.33514404296875 0.131683349609375 -0.0799789428710938 -0.037445068359375
-0.302764892578125 0.255035400390625 -0.0605735778808594 -0.0431976318359375
-0.129241943359375 0.305877685546875 -0.0613670349121094 -0.0499038696289062
-0.012451171875 0.3072509765625 -0.0888595581054688 -0.0311431884765625
0.15032958984375 0.23760986328125 -0.0654449462890625 -0.0219573974609375
0.225784301757813 0.149795532226563 -0.075286865234375 -0.01947021484375
0.217422485351563 0.149124145507813 -0.0879592895507813 -0.02642822265625
0.257522583007813 0.11846923828125 -0.068023681640625 -0.0236892700195312
0.207611083984375 0.15576171875 -0.072418212890625 -0.0455703735351562
0.150665283203125 0.244705200195313 -0.0865631103515625 -0.04364013671875
0.057647705078125 0.294036865234375 -0.0454025268554687 -0.0744476318359375
-0.166168212890625 0.2999267578125 0.018463134765625 -0.0925140380859375
-0.253646850585937 0.253372192382813 0.0663261413574219 -0.0385780334472656
-0.353912353515625 0.142852783203125 0.0710220336914062 -0.01629638671875
-0.288818359375 0.110504150390625 -0.28515625 -0.042449951171875
-0.246047973632813 0.136215209960937 -0.1614990234375 -0.00311279296874997
-0.210433959960938 0.208847045898437 -0.0857086181640625 -0.0339431762695312
-0.0871429443359375 0.2342529296875 -0.0791854858398438 -0.065155029296875
-0.0088043212890625 0.236785888671875 -0.100318908691406 -0.076416015625
0.117355346679688 0.192672729492187 -0.116889953613281 -0.08087158203125
0.1773681640625 0.126922607421875 -0.162246704101563 -0.0588836669921875
0.171173095703125 0.127914428710938 -0.17095947265625 -0.0493927001953125
0.202377319335938 0.110260009765625 -0.15240478515625 -0.0447845458984375
0.155075073242187 0.138427734375 -0.135780334472656 -0.0730819702148438
0.100784301757813 0.205734252929688 -0.119194030761719 -0.0623855590820312
0.0240020751953125 0.228759765625 -0.0684127807617188 -0.07354736328125
-0.140670776367188 0.220718383789062 -0.00822830200195313 -0.063446044921875
-0.195602416992188 0.194473266601563 0.00310325622558593 0.0246238708496094
-0.280380249023437 0.129547119140625 -0.0528831481933594 0.0307388305664063
-0.155364990234375 0.1102294921875 -0.374908447265625 0.000854492187499991
-0.12359619140625 0.115242004394531 -0.225616455078125 0.036529541015625
-0.090545654296875 0.127250671386719 -0.107460021972656 -0.0113067626953125
-0.0341339111328125 0.127281188964844 -0.0934829711914063 -0.0564422607421875
-0.00258636474609375 0.129615783691406 -0.100555419921875 -0.094757080078125
0.0687789916992188 0.115371704101562 -0.153167724609375 -0.114105224609375
0.101943969726562 0.083251953125 -0.224456787109375 -0.08160400390625
0.0978469848632813 0.086822509765625 -0.22821044921875 -0.0640869140625
0.115142822265625 0.0872802734375 -0.210968017578125 -0.0660858154296875
0.0755157470703125 0.103492736816406 -0.169570922851562 -0.102249145507813
0.0284423828125 0.135887145996094 -0.122879028320313 -0.0842056274414063
-0.0196380615234375 0.1268310546875 -0.0702133178710938 -0.074066162109375
-0.0962295532226563 0.101776123046875 -0.0220375061035156 -0.0367012023925781
-0.106201171875 0.102020263671875 -0.0493087768554688 0.0708541870117188
-0.16265869140625 0.0934295654296875 -0.150390625 0.0692138671875
-0.00309753417968751 0.0827713012695313 -0.423492431640625 0.046630859375
0.00286865234374999 0.0672607421875 -0.263702392578125 0.080291748046875
0.0183143615722656 0.0260753631591797 -0.118476867675781 0.0240097045898437
0.00543975830078125 0.0121212005615234 -0.0963592529296875 -0.0279083251953125
-0.00509548187255859 0.0155906677246094 -0.0907211303710937 -0.0895767211914062
0.00777816772460937 0.0299453735351563 -0.16815185546875 -0.118759155273438
0.009185791015625 0.0309944152832031 -0.25244140625 -0.08465576171875
0.00943756103515625 0.0337085723876953 -0.249755859375 -0.0684814453125
0.0130767822265625 0.0485725402832031 -0.234664916992188 -0.085357666015625
-0.00682449340820313 0.048828125 -0.170089721679688 -0.126815795898438
-0.0336875915527344 0.0435905456542969 -0.0986862182617188 -0.104591369628906
-0.0420150756835938 0.00757217407226562 -0.0538177490234375 -0.0742950439453125
-0.0210247039794922 -0.0189437866210938 -0.0250091552734375 -0.0163478851318359
0.00693321228027344 0.0109834671020508 -0.0850143432617188 0.0931472778320313
-0.016876220703125 0.0513534545898437 -0.206314086914063 0.0920867919921875
-0.157699584960938 -0.0332183837890625 0.218597412109375 -0.124481201171875
-0.127197265625 0.0407943725585937 0.1219482421875 -0.122764587402344
-0.0796661376953125 0.116020202636719 -0.000183582305908208 -0.00811004638671874
0.0121536254882812 0.114601135253906 0.0123634338378906 0.0626907348632813
0.0653457641601563 0.0791854858398438 0.0385284423828125 0.131179809570313
0.0801315307617188 0.0140609741210938 0.142120361328125 0.145263671875
0.0830764770507813 -0.002288818359375 0.238906860351562 0.0974884033203125
0.0754013061523438 0.0218963623046875 0.236083984375 0.0746612548828125
0.078369140625 0.0122604370117187 0.235702514648437 0.080963134765625
0.0613861083984375 0.0406608581542969 0.17034912109375 0.104583740234375
0.0422134399414063 0.070953369140625 0.093109130859375 0.0600357055664063
-0.00725555419921875 0.103721618652344 0.0936431884765625 0.000770568847656256
-0.0925369262695312 0.0765609741210938 0.151336669921875 -0.0539703369140625
-0.119064331054688 0.0329360961914063 0.263595581054688 -0.111236572265625
-0.115119934082031 -0.0368118286132812 0.457489013671875 -0.0457763671875
-0.2880859375 0.00384521484374997 0.182174682617187 -0.11627197265625
-0.239715576171875 0.0726470947265625 0.114982604980469 -0.11041259765625
-0.191482543945312 0.190032958984375 -0.00760459899902345 -0.0230865478515625
-0.043701171875 0.212066650390625 -0.0109291076660156 0.0433425903320313
0.05133056640625 0.187652587890625 -0.00318145751953126 0.12060546875
0.131805419921875 0.104148864746094 0.104217529296875 0.141891479492188
0.166671752929687 0.055999755859375 0.193222045898438 0.0937347412109375
0.155838012695313 0.079132080078125 0.18426513671875 0.059295654296875
0.170791625976563 0.061370849609375 0.192123413085938 0.0576324462890625
0.129325866699219 0.101219177246094 0.136314392089844 0.0678329467773438
0.084808349609375 0.157501220703125 0.0621757507324219 0.0298271179199219
0.0050201416015625 0.19903564453125 0.0701828002929688 -0.0311317443847656
-0.153366088867188 0.176437377929688 0.132926940917969 -0.0921173095703125
-0.209014892578125 0.122894287109375 0.245101928710938 -0.137893676757813
-0.24578857421875 0.0234375 0.41162109375 -0.071868896484375
-0.383758544921875 0.0318603515625001 0.0944900512695312 -0.104652404785156
-0.330902099609375 0.094940185546875 0.0761260986328125 -0.089874267578125
-0.291412353515625 0.24139404296875 -0.018667221069336 -0.033151626586914
-0.10400390625 0.2880859375 -0.0279960632324219 0.0157852172851563
0.022491455078125 0.2783203125 -0.0388107299804687 0.0858840942382813
0.159713745117188 0.186798095703125 0.0537033081054688 0.108123779296875
0.222000122070313 0.109649658203125 0.11810302734375 0.0697250366210938
0.211746215820313 0.125091552734375 0.104202270507813 0.03509521484375
0.24066162109375 0.0955657958984375 0.11944580078125 0.0291061401367188
0.1890869140625 0.14019775390625 0.0792770385742188 0.0264816284179688
0.1336669921875 0.220352172851562 0.0174894332885742 0.00133800506591798
0.03533935546875 0.276596069335938 0.0350761413574219 -0.0560455322265625
-0.182540893554688 0.268463134765625 0.098663330078125 -0.113517761230469
-0.265518188476562 0.208236694335938 0.1993408203125 -0.13470458984375
-0.3416748046875 0.084381103515625 0.3228759765625 -0.0762939453125
-0.422149658203125 0.061920166015625 -0.0263519287109375 -0.0911712646484375
-0.371612548828125 0.11566162109375 0.00675964355468747 -0.0651016235351562
-0.33892822265625 0.269622802734375 -0.0355300903320313 -0.0379142761230469
-0.139617919921875 0.328460693359375 -0.0427169799804688 -0.0170707702636719
-0.00183105468749997 0.32861328125 -0.0667800903320313 0.0311126708984375
0.166168212890625 0.239425659179688 -0.00436019897460937 0.0486602783203125
0.244415283203125 0.145553588867188 0.0241756439208985 0.028676986694336
0.236175537109375 0.15228271484375 0.0082216262817383 0.00531673431396485
0.275283813476563 0.115707397460938 0.0285606384277344 0.00165748596191407
0.2210693359375 0.160018920898437 0.00464916229248048 -0.0112419128417969
0.163650512695312 0.254165649414062 -0.0362396240234375 -0.0220298767089844
0.060455322265625 0.316314697265625 -0.0063934326171875 -0.069061279296875
-0.18475341796875 0.320953369140625 0.0570144653320312 -0.112495422363281
-0.28216552734375 0.26043701171875 0.135612487792969 -0.0985336303710937
-0.38433837890625 0.129852294921875 0.202926635742187 -0.0542755126953125
-0.39276123046875 0.0903930664062501 -0.162872314453125 -0.0713043212890625
-0.34613037109375 0.133758544921875 -0.0789794921875 -0.0350723266601562
-0.312225341796875 0.265228271484375 -0.0592842102050781 -0.0373954772949219
-0.1334228515625 0.31427001953125 -0.0587348937988281 -0.0474891662597656
-0.012451171875 0.317657470703125 -0.0872116088867188 -0.0301437377929687
0.152084350585938 0.24365234375 -0.0652427673339844 -0.023101806640625
0.230300903320313 0.152816772460938 -0.0759201049804687 -0.018798828125
0.223846435546875 0.15435791015625 -0.08990478515625 -0.024139404296875
0.263626098632813 0.121429443359375 -0.0685958862304687 -0.0224685668945313
0.210739135742188 0.159988403320313 -0.07379150390625 -0.0433883666992187
0.154449462890625 0.250961303710938 -0.0880279541015625 -0.0402145385742187
0.05780029296875 0.30242919921875 -0.0446701049804687 -0.0720748901367188
-0.1727294921875 0.308624267578125 0.01922607421875 -0.091552734375
-0.2606201171875 0.2578125 0.0669212341308594 -0.0367851257324219
-0.367584228515625 0.14691162109375 0.0693092346191406 -0.012176513671875
-0.300811767578125 0.110321044921875 -0.288116455078125 -0.039581298828125
-0.256546020507812 0.137939453125 -0.163604736328125 0.000579833984375014
-0.219223022460938 0.216796875 -0.085357666015625 -0.0278396606445312
-0.090911865234375 0.241928100585938 -0.0766372680664062 -0.0633544921875
-0.0094757080078125 0.245849609375 -0.0997085571289063 -0.077362060546875
0.120025634765625 0.199356079101563 -0.118995666503906 -0.08380126953125
0.181503295898437 0.130538940429688 -0.165435791015625 -0.05914306640625
0.17724609375 0.13275146484375 -0.174636840820313 -0.04730224609375
0.20794677734375 0.113693237304687 -0.1551513671875 -0.0450897216796875
0.15771484375 0.143478393554688 -0.137710571289063 -0.0724334716796875
0.10284423828125 0.211746215820313 -0.120368957519531 -0.0599746704101562
0.023651123046875 0.2369384765625 -0.0685958862304687 -0.0717849731445312
-0.147598266601562 0.227188110351563 -0.00804901123046875 -0.0623054504394531
-0.2027587890625 0.196624755859375 0.0023517608642578 0.0277118682861328
-0.2928466796875 0.13177490234375 -0.0577239990234375 0.0357017517089844
-0.163619995117188 0.108810424804687 -0.3826904296875 0.00332641601562506
-0.130516052246094 0.1156005859375 -0.229598999023437 0.041900634765625
-0.0970611572265625 0.13153076171875 -0.107070922851562 -0.00612640380859376
-0.0376205444335937 0.132003784179688 -0.0914535522460938 -0.0550384521484375
-0.0043792724609375 0.136100769042969 -0.100959777832031 -0.0972366333007812
0.0697250366210938 0.121391296386719 -0.156158447265625 -0.11895751953125
0.105033874511719 0.0868759155273438 -0.229751586914062 -0.0826416015625
0.102134704589844 0.0917205810546875 -0.23309326171875 -0.0630645751953125
0.119224548339844 0.0910568237304688 -0.215652465820313 -0.0667724609375
0.077667236328125 0.107917785644531 -0.172897338867188 -0.103164672851562
0.0299530029296875 0.141021728515625 -0.12384033203125 -0.0839614868164062
-0.021087646484375 0.132156372070313 -0.070648193359375 -0.0726547241210937
-0.1024169921875 0.105880737304688 -0.0220375061035156 -0.035430908203125
-0.113624572753906 0.102340698242188 -0.0514602661132812 0.0752716064453125
-0.171920776367188 0.0933074951171876 -0.157623291015625 0.07464599609375
-0.0066680908203125 0.0800857543945313 -0.43170166015625 0.0494689941406249
0.000362396240234376 0.0668182373046875 -0.269241333007813 0.086273193359375
0.0152168273925781 0.0267505645751953 -0.118492126464844 0.028228759765625
0.00306224822998047 0.013484001159668 -0.0951156616210938 -0.0271835327148437
-0.00739097595214844 0.0183315277099609 -0.0916213989257813 -0.0937042236328125
0.00805282592773438 0.0341587066650391 -0.172119140625 -0.124649047851563
0.0118274688720703 0.0339717864990234 -0.259521484375 -0.086334228515625
0.0116539001464844 0.0370903015136719 -0.255722045898438 -0.0694122314453125
0.0161094665527344 0.0529251098632813 -0.240859985351562 -0.0868988037109375
-0.00493240356445313 0.0520515441894531 -0.1744384765625 -0.129241943359375
-0.0332565307617188 0.0479698181152344 -0.09967041015625 -0.106033325195312
-0.043975830078125 0.0120391845703125 -0.0544509887695313 -0.0732879638671875
-0.0262947082519531 -0.017059326171875 -0.0255870819091797 -0.0146427154541016
0.00165843963623047 0.0106849670410156 -0.0881805419921875 0.0973129272460938
-0.0226478576660156 0.0500946044921875 -0.215728759765625 0.096588134765625
-0.1619873046875 -0.0288238525390625 0.234848022460937 -0.133926391601563
-0.129371643066406 0.0425186157226563 0.128890991210938 -0.131477355957031
-0.080474853515625 0.118881225585938 0.00162696838378906 -0.00917339324951171
0.013397216796875 0.115432739257813 0.013580322265625 0.0643692016601563
0.0684814453125 0.0783843994140625 0.0411148071289063 0.137046813964844
0.079742431640625 0.0114898681640625 0.14984130859375 0.152374267578125
0.0831375122070313 -0.0035247802734375 0.2515869140625 0.100692749023438
0.077728271484375 0.0206985473632813 0.250686645507813 0.0767669677734375
0.0802383422851562 0.0099029541015625 0.25006103515625 0.084228515625
0.0635871887207031 0.0402565002441406 0.180648803710938 0.11181640625
0.0453567504882813 0.0724716186523438 0.096893310546875 0.0650482177734375
-0.00432586669921875 0.109466552734375 0.0974655151367188 0.000244140625000007
-0.094268798828125 0.0822906494140625 0.156158447265625 -0.0591888427734375
-0.120697021484375 0.0371780395507812 0.274322509765625 -0.120574951171875
-0.119483947753906 -0.033355712890625 0.47894287109375 -0.05084228515625
-0.30047607421875 0.011077880859375 0.197463989257812 -0.1236572265625
-0.248336791992188 0.0774993896484375 0.122787475585937 -0.118965148925781
-0.197463989257813 0.199127197265625 -0.00558853149414063 -0.0222015380859375
-0.0434112548828125 0.219375610351563 -0.00949478149414063 0.0451316833496094
0.0548858642578125 0.193740844726563 -0.000709533691406235 0.127021789550781
0.134696960449219 0.105598449707031 0.111175537109375 0.149093627929688
0.171157836914063 0.0565643310546875 0.204513549804688 0.0970306396484375
0.163436889648438 0.0803375244140625 0.196090698242187 0.06219482421875
0.178237915039063 0.0604705810546875 0.204666137695312 0.060150146484375
0.135292053222656 0.104240417480469 0.144729614257813 0.0741119384765625
0.090423583984375 0.163055419921875 0.0644149780273438 0.0350151062011719
0.00868225097656252 0.210662841796875 0.07318115234375 -0.0319595336914062
-0.15789794921875 0.188385009765625 0.137481689453125 -0.0979843139648438
-0.21575927734375 0.130950927734375 0.25445556640625 -0.14654541015625
-0.259521484375 0.0306549072265625 0.42938232421875 -0.076385498046875
-0.40338134765625 0.0406494140625 0.106620788574219 -0.109756469726563
-0.345428466796875 0.101593017578125 0.082550048828125 -0.0958251953125
-0.3021240234375 0.256744384765625 -0.0166816711425781 -0.0305690765380859
-0.106475830078125 0.301177978515625 -0.0265884399414063 0.0174446105957031
0.0263671875 0.29107666015625 -0.0374908447265625 0.0914688110351563
0.165145874023438 0.192840576171875 0.0584487915039063 0.113365173339844
0.230575561523438 0.11248779296875 0.12591552734375 0.0726852416992188
0.22320556640625 0.129196166992187 0.111862182617188 0.0386505126953125
0.252426147460938 0.096343994140625 0.128433227539063 0.031219482421875
0.197708129882812 0.145843505859375 0.08453369140625 0.0314483642578125
0.142196655273437 0.229812622070313 0.0183849334716797 0.00599861145019533
0.04010009765625 0.29217529296875 0.0369110107421875 -0.056854248046875
-0.189727783203125 0.28619384765625 0.101821899414062 -0.1197509765625
-0.27569580078125 0.220489501953125 0.206436157226562 -0.142318725585938
-0.361328125 0.0946044921875 0.336822509765625 -0.07940673828125
-0.44537353515625 0.070953369140625 -0.021240234375 -0.0939559936523437
-0.391143798828125 0.1241455078125 0.0105438232421875 -0.0673980712890625
-0.3536376953125 0.289031982421875 -0.0344257354736328 -0.0336189270019531
-0.144134521484375 0.3448486328125 -0.0407028198242188 -0.0159492492675781
0.000885009765625032 0.346527099609375 -0.0662765502929687 0.0347862243652344
0.173660278320312 0.250015258789063 -0.00191116333007812 0.0511093139648438
0.255172729492188 0.149810791015625 0.02716064453125 0.0306968688964844
0.25018310546875 0.158218383789063 0.010350227355957 0.00843524932861329
0.2894287109375 0.118133544921875 0.0317420959472656 0.00231933593750001
0.23175048828125 0.1663818359375 0.0055065155029297 -0.00815105438232421
0.173751831054688 0.265396118164063 -0.0374565124511719 -0.0176887512207031
0.066375732421875 0.33306884765625 -0.00601959228515624 -0.069854736328125
-0.1927490234375 0.3419189453125 0.0581741333007812 -0.116996765136719
-0.29510498046875 0.27435302734375 0.140411376953125 -0.102348327636719
-0.40777587890625 0.14288330078125 0.210479736328125 -0.05450439453125
-0.417022705078125 0.0989379882812499 -0.166091918945313 -0.0709991455078125
-0.366180419921875 0.142181396484375 -0.0801467895507813 -0.0335693359375
-0.327667236328125 0.284942626953125 -0.0585517883300781 -0.0313224792480469
-0.138153076171875 0.33270263671875 -0.0578804016113281 -0.047149658203125
-0.00949096679687501 0.337249755859375 -0.0889663696289063 -0.029510498046875
0.160751342773437 0.255828857421875 -0.0670166015625 -0.0241737365722656
0.241836547851563 0.15863037109375 -0.0789031982421875 -0.01873779296875
0.2381591796875 0.161819458007813 -0.0940017700195313 -0.0209732055664062
0.278030395507812 0.125381469726563 -0.0711669921875 -0.02197265625
0.22088623046875 0.167022705078125 -0.0776214599609375 -0.0419769287109375
0.164352416992188 0.262405395507813 -0.0910873413085937 -0.0371322631835937
0.06353759765625 0.3193359375 -0.0461654663085937 -0.0725860595703125
-0.1802978515625 0.3270263671875 0.0192413330078125 -0.0946273803710938
-0.272476196289063 0.270126342773437 0.0687484741210937 -0.0371971130371094
-0.3902587890625 0.158050537109375 0.0692214965820312 -0.00852966308593749
-0.321197509765625 0.116424560546875 -0.299407958984375 -0.0358886718750001
-0.27288818359375 0.145172119140625 -0.1693115234375 0.0057220458984375
-0.231048583984375 0.232818603515625 -0.0855941772460938 -0.0216522216796875
-0.0962982177734375 0.2567138671875 -0.0768814086914063 -0.0630874633789062
-0.00791931152343752 0.262374877929688 -0.103019714355469 -0.0795745849609375
0.126937866210938 0.21063232421875 -0.124519348144531 -0.0883102416992187
0.191696166992188 0.135955810546875 -0.173660278320313 -0.0599517822265625
0.1890869140625 0.140243530273438 -0.183242797851563 -0.0454864501953125
0.220352172851563 0.118911743164063 -0.162918090820313 -0.044219970703125
0.166122436523438 0.150588989257813 -0.145370483398438 -0.073272705078125
0.10955810546875 0.222320556640625 -0.124549865722656 -0.0582504272460937
0.0258331298828125 0.251235961914063 -0.0707626342773437 -0.0719680786132812
-0.156265258789062 0.241867065429688 -0.00899505615234376 -0.0638046264648437
-0.214035034179688 0.20513916015625 0.00186920166015624 0.0314559936523438
-0.312255859375 0.1397705078125 -0.0640907287597656 0.0425682067871094
-0.17578125 0.112319946289062 -0.399200439453125 0.00872802734375
-0.140060424804687 0.120948791503906 -0.239303588867187 0.050018310546875
-0.103851318359375 0.1409912109375 -0.10888671875 -0.000289916992187501
-0.0399932861328125 0.141281127929688 -0.0923309326171875 -0.0550765991210937
-0.00447082519531249 0.146453857421875 -0.105018615722656 -0.101936340332031
0.074249267578125 0.130287170410156 -0.164749145507813 -0.125717163085938
0.112327575683594 0.0916976928710938 -0.242767333984375 -0.0843505859375
0.110671997070313 0.097625732421875 -0.245452880859375 -0.0620574951171875
0.128189086914063 0.0968093872070313 -0.226730346679688 -0.0671539306640625
0.0828781127929688 0.114883422851563 -0.182174682617187 -0.1060791015625
0.032958984375 0.149673461914063 -0.128402709960938 -0.0847320556640625
-0.0220947265625 0.142303466796875 -0.0734024047851563 -0.0728988647460937
-0.110626220703125 0.11444091796875 -0.0237350463867188 -0.0351753234863281
-0.122314453125 0.107101440429688 -0.05364990234375 0.0815887451171875
-0.185317993164062 0.097564697265625 -0.16961669921875 0.0831451416015625
-0.00978851318359374 0.0799102783203125 -0.452056884765625 0.057281494140625
-0.001708984375 0.0684890747070313 -0.28021240234375 0.0966339111328125
0.0134830474853516 0.0276699066162109 -0.120811462402344 0.03363037109375
0.001922607421875 0.0156631469726563 -0.0960922241210938 -0.026641845703125
-0.00930213928222656 0.0220794677734375 -0.0959320068359375 -0.0990066528320312
0.00891113281250001 0.0390777587890625 -0.182357788085938 -0.131668090820312
0.0143966674804687 0.0375900268554688 -0.274246215820313 -0.0883026123046875
0.0150299072265625 0.0408363342285156 -0.26971435546875 -0.069732666015625
0.0200881958007813 0.0581474304199219 -0.254318237304688 -0.0883636474609374
-0.00348663330078125 0.057037353515625 -0.184249877929688 -0.13507080078125
-0.0327949523925781 0.0525398254394531 -0.103836059570312 -0.109489440917969
-0.0465965270996094 0.01654052734375 -0.0572357177734375 -0.07452392578125
-0.0320510864257813 -0.0149803161621094 -0.027679443359375 -0.0134391784667969
-0.00314140319824219 0.0104608535766602 -0.0933761596679688 0.105094909667969
-0.0285568237304687 0.0504531860351563 -0.23077392578125 0.10577392578125
-0.168563842773438 -0.02178955078125 0.249740600585938 -0.15283203125
-0.132659912109375 0.0481414794921875 0.133056640625 -0.146087646484375
-0.0787506103515625 0.126609802246094 0.00333595275878906 -0.00988197326660156
0.0174636840820312 0.118263244628906 0.0164108276367188 0.0665283203125
0.07421875 0.0769729614257813 0.0490875244140625 0.14349365234375
0.0808944702148438 0.00748443603515625 0.1639404296875 0.15789794921875
0.0843353271484375 -0.007110595703125 0.2713623046875 0.096527099609375
0.0817947387695313 0.0176620483398437 0.27008056640625 0.07147216796875
0.0827407836914063 0.0055999755859375 0.271072387695313 0.0810089111328125
0.0680732727050781 0.0393409729003906 0.197280883789062 0.1153564453125
0.0505828857421875 0.0739669799804688 0.10418701171875 0.0687713623046875
0.00156402587890624 0.115768432617187 0.101829528808594 -0.00314331054687499
-0.0944671630859375 0.0913162231445312 0.161605834960938 -0.0695953369140625
-0.123382568359375 0.0444488525390625 0.28424072265625 -0.1378173828125
-0.12652587890625 -0.0267181396484375 0.504791259765625 -0.072479248046875
-0.316070556640625 0.0250854492187499 0.211395263671875 -0.140777587890625
-0.258712768554688 0.089813232421875 0.128326416015625 -0.131629943847656
-0.200332641601563 0.2169189453125 -0.00341033935546877 -0.0215358734130859
-0.03900146484375 0.230438232421875 -0.00689315795898438 0.0470085144042969
0.0650787353515625 0.200637817382813 0.0049591064453125 0.135269165039063
0.142288208007813 0.10528564453125 0.123260498046875 0.154876708984375
0.1790771484375 0.052825927734375 0.221633911132813 0.095794677734375
0.175140380859375 0.0792083740234375 0.212203979492188 0.060211181640625
0.1890869140625 0.055633544921875 0.222274780273437 0.0571136474609375
0.145401000976562 0.10516357421875 0.158035278320313 0.0770263671875
0.101913452148437 0.16900634765625 0.0691909790039063 0.0385627746582031
0.0188446044921875 0.223968505859375 0.075653076171875 -0.0359039306640625
-0.159820556640625 0.207443237304687 0.139968872070313 -0.109100341796875
-0.222000122070313 0.146865844726563 0.263046264648438 -0.164535522460937
-0.274642944335938 0.046539306640625 0.4534912109375 -0.095855712890625
-0.426025390625 0.0609130859374999 0.117141723632812 -0.1204833984375
-0.36285400390625 0.11859130859375 0.0878829956054687 -0.1053466796875
-0.30902099609375 0.283966064453125 -0.0138874053955078 -0.0275478363037109
-0.10235595703125 0.321075439453125 -0.024658203125 0.0195083618164063
0.03887939453125 0.306915283203125 -0.0335311889648438 0.0988006591796875
0.17889404296875 0.196990966796875 0.0677871704101563 0.118759155273438
0.244552612304688 0.110809326171875 0.137527465820313 0.0727386474609375
0.241943359375 0.12933349609375 0.122024536132813 0.039093017578125
0.270095825195313 0.0913543701171875 0.1395263671875 0.0294952392578125
0.2132568359375 0.14752197265625 0.0923233032226563 0.0341720581054688
0.15887451171875 0.238388061523438 0.0203380584716797 0.0100555419921875
0.054443359375 0.309722900390625 0.0378608703613281 -0.0601921081542968
-0.191253662109375 0.312103271484375 0.102409362792969 -0.128890991210937
-0.28411865234375 0.242889404296875 0.212203979492187 -0.156936645507812
-0.38409423828125 0.11761474609375 0.3525390625 -0.09368896484375
-0.4736328125 0.09466552734375 -0.01885986328125 -0.0977325439453125
-0.412841796875 0.1451416015625 0.0125656127929687 -0.0715408325195312
-0.362701416015625 0.322265625 -0.0320243835449219 -0.0285396575927734
-0.140716552734375 0.3707275390625 -0.0401954650878906 -0.0136833190917969
0.01495361328125 0.3685302734375 -0.0659713745117187 0.0410346984863282
0.191574096679687 0.259353637695313 0.00104141235351564 0.0537376403808594
0.273391723632813 0.150848388671875 0.0312232971191406 0.0318374633789063
0.272247314453125 0.159225463867188 0.0128498077392578 0.0120697021484375
0.310302734375 0.11376953125 0.0350418090820313 0.00272178649902344
0.249588012695313 0.168228149414063 0.0062694549560547 -0.00513267517089843
0.193893432617188 0.27496337890625 -0.0389328002929687 -0.0131454467773437
0.083038330078125 0.3529052734375 -0.00765991210937499 -0.0712738037109375
-0.19427490234375 0.3720703125 0.0559005737304687 -0.124771118164062
-0.30303955078125 0.300628662109375 0.143157958984375 -0.111572265625
-0.4327392578125 0.1695556640625 0.21875 -0.0610504150390625
-0.44354248046875 0.121337890625 -0.17266845703125 -0.067230224609375
-0.386688232421875 0.164215087890625 -0.0823745727539063 -0.0309600830078125
-0.33740234375 0.316650390625 -0.0574722290039063 -0.0246200561523437
-0.134765625 0.358367919921875 -0.0586624145507813 -0.0457305908203125
0.00363159179687504 0.36053466796875 -0.0922775268554688 -0.0262527465820313
0.17864990234375 0.267242431640625 -0.0704116821289062 -0.0241546630859375
0.260467529296875 0.160110473632813 -0.0831832885742187 -0.0155410766601563
0.260116577148438 0.164657592773437 -0.0986404418945312 -0.0154800415039062
0.29974365234375 0.122711181640625 -0.0757598876953125 -0.019134521484375
0.238784790039063 0.170700073242188 -0.0829086303710937 -0.0387496948242187
0.18408203125 0.27227783203125 -0.0951766967773437 -0.0316162109375
0.07879638671875 0.3388671875 -0.0495681762695312 -0.0723342895507813
-0.182708740234375 0.3555908203125 0.0157089233398437 -0.098480224609375
-0.280853271484375 0.2943115234375 0.0704803466796875 -0.0390625
-0.41424560546875 0.18414306640625 0.0699348449707031 -0.00692749023437499
-0.3416748046875 0.135528564453125 -0.314849853515625 -0.024444580078125
-0.289306640625 0.163726806640625 -0.176345825195313 0.014801025390625
-0.238922119140625 0.258819580078125 -0.0861053466796875 -0.0136032104492187
-0.0931396484375 0.278106689453125 -0.0795745849609375 -0.061553955078125
0.00207519531250001 0.282318115234375 -0.109260559082031 -0.079681396484375
0.1417236328125 0.22259521484375 -0.134452819824219 -0.0909652709960937
0.207717895507812 0.1390380859375 -0.186294555664062 -0.055999755859375
0.207839965820312 0.143661499023438 -0.194686889648438 -0.0381622314453125
0.23931884765625 0.118972778320312 -0.174514770507812 -0.040191650390625
0.1805419921875 0.155563354492188 -0.156402587890625 -0.070465087890625
0.124740600585938 0.232223510742188 -0.131805419921875 -0.054290771484375
0.0360565185546875 0.267852783203125 -0.076080322265625 -0.0714187622070312
-0.160964965820313 0.264495849609375 -0.0125579833984375 -0.0653533935546875
-0.222274780273437 0.224136352539063 0.00223541259765624 0.0363082885742188
-0.332305908203125 0.1607666015625 -0.0698432922363281 0.0526885986328125
-0.187850952148438 0.123077392578125 -0.420074462890625 0.0258178710937501
-0.148239135742188 0.132644653320313 -0.24951171875 0.064971923828125
-0.108078002929687 0.154373168945313 -0.111274719238281 0.00823974609375001
-0.0390625 0.152847290039063 -0.0955886840820313 -0.05291748046875
0.000778198242187504 0.159271240234375 -0.113555908203125 -0.104766845703125
0.0843124389648438 0.138809204101563 -0.179702758789063 -0.129684448242188
0.12298583984375 0.0947647094726563 -0.2607421875 -0.0796966552734375
0.123016357421875 0.101837158203125 -0.26177978515625 -0.054534912109375
0.141571044921875 0.100082397460938 -0.244003295898438 -0.0618133544921875
0.0919570922851562 0.120590209960938 -0.1968994140625 -0.104629516601563
0.0414581298828125 0.1588134765625 -0.136444091796875 -0.0836029052734375
-0.018402099609375 0.154327392578125 -0.0791168212890625 -0.0727310180664062
-0.117179870605469 0.127998352050781 -0.026418685913086 -0.0349063873291016
-0.130142211914063 0.116523742675781 -0.054595947265625 0.091094970703125
-0.199295043945313 0.109695434570313 -0.180343627929688 0.0990142822265625
-0.0120391845703125 0.0812225341796875 -0.47625732421875 0.0777587890624999
-0.001953125 0.0714645385742188 -0.292633056640625 0.1151123046875
0.0130634307861328 0.0284442901611328 -0.122947692871094 0.0418472290039062
0.00149154663085938 0.0174884796142578 -0.0998611450195313 -0.0241241455078125
-0.0107097625732422 0.0263347625732422 -0.104598999023438 -0.103134155273437
0.0116081237792969 0.044097900390625 -0.198715209960937 -0.135528564453125
0.018218994140625 0.0410346984863281 -0.294921875 -0.08343505859375
0.0194740295410156 0.04498291015625 -0.2889404296875 -0.062774658203125
0.0265083312988281 0.0629806518554688 -0.274169921875 -0.0836334228515625
0.00024795532226562 0.0629043579101563 -0.200363159179687 -0.136016845703125
-0.0317268371582031 0.0592041015625 -0.112625122070313 -0.111785888671875
-0.0484580993652344 0.0222740173339844 -0.06304931640625 -0.074798583984375
-0.0377769470214844 -0.0109977722167969 -0.0300540924072266 -0.0120067596435547
-0.00818634033203125 0.0120315551757813 -0.09552001953125 0.117210388183594
-0.033599853515625 0.0528678894042969 -0.244522094726563 0.124130249023437
-0.173126220703125 -0.0102081298828125 0.257293701171875 -0.17828369140625
-0.133575439453125 0.0568771362304687 0.131790161132813 -0.163528442382813
-0.0733795166015625 0.135482788085937 0.00500106811523437 -0.0106172561645508
0.0250778198242188 0.119621276855469 0.0213279724121094 0.0671768188476563
0.0808944702148438 0.0724258422851563 0.0599517822265625 0.1470947265625
0.0805587768554688 0.0016937255859375 0.18096923828125 0.157333374023437
0.0840072631835938 -0.0123291015625 0.290679931640625 0.08489990234375
0.08526611328125 0.0126190185546875 0.288604736328125 0.0579833984375
0.0847702026367187 -0.0012359619140625 0.292449951171875 0.067108154296875
0.0730514526367188 0.0360260009765625 0.216201782226563 0.110992431640625
0.0577239990234375 0.0736846923828125 0.113212585449219 0.0685501098632813
0.0100173950195313 0.121299743652344 0.105178833007813 -0.00939178466796874
-0.091278076171875 0.101280212402344 0.1627197265625 -0.0830841064453125
-0.123252868652344 0.0547714233398437 0.2874755859375 -0.1630859375
-0.132781982421875 -0.0164566040039063 0.5233154296875 -0.106842041015625
-0.326934814453125 0.049468994140625 0.219482421875 -0.16265869140625
-0.263870239257813 0.108383178710938 0.1282958984375 -0.148345947265625
-0.194961547851563 0.238555908203125 -0.00107955932617189 -0.0204505920410156
-0.0279998779296875 0.241363525390625 -0.00307464599609375 0.0490188598632813
0.0802459716796875 0.203933715820312 0.0152740478515625 0.141555786132813
0.151321411132812 0.100357055664062 0.139389038085938 0.155487060546875
0.187332153320313 0.0449981689453125 0.23931884765625 0.0871734619140625
0.187835693359375 0.0712127685546875 0.2281494140625 0.0513916015625
0.199310302734375 0.04498291015625 0.238998413085938 0.046142578125
0.15814208984375 0.101409912109375 0.17315673828125 0.0743560791015625
0.117080688476563 0.170974731445313 0.0756072998046875 0.0402603149414063
0.034942626953125 0.23468017578125 0.0772323608398438 -0.041595458984375
-0.154296875 0.228973388671875 0.138343811035156 -0.122360229492187
-0.222183227539063 0.16741943359375 0.2633056640625 -0.1881103515625
-0.28662109375 0.0700073242187499 0.467681884765625 -0.127716064453125
-0.44219970703125 0.0936279296875 0.121856689453125 -0.135704040527344
-0.37249755859375 0.146148681640625 0.0881805419921875 -0.117744445800781
-0.30450439453125 0.3172607421875 -0.0110530853271485 -0.0250911712646484
-0.08856201171875 0.34051513671875 -0.0215377807617188 0.0221652984619141
0.06072998046875 0.31793212890625 -0.0264358520507812 0.106536865234375
0.195938110351563 0.195587158203125 0.079254150390625 0.120101928710938
0.260025024414063 0.101776123046875 0.150360107421875 0.068115234375
0.261489868164063 0.1204833984375 0.132476806640625 0.0350189208984375
0.2869873046875 0.077728271484375 0.149688720703125 0.0229339599609375
0.231826782226563 0.141983032226563 0.100753784179688 0.0337066650390625
0.18096923828125 0.240463256835938 0.0230808258056641 0.0135974884033203
0.077606201171875 0.322967529296875 0.0360107421875 -0.0642547607421875
-0.181671142578125 0.342071533203125 0.09716796875 -0.141021728515625
-0.282501220703125 0.271759033203125 0.210861206054687 -0.175186157226562
-0.397552490234375 0.150726318359375 0.36273193359375 -0.117401123046875
-0.492767333984375 0.131195068359375 -0.0189132690429688 -0.102134704589844
-0.424560546875 0.177093505859375 0.0120162963867187 -0.0763320922851562
-0.35986328125 0.363739013671875 -0.0280838012695313 -0.0233173370361328
-0.12548828125 0.3961181640625 -0.0390625 -0.010833740234375
0.040557861328125 0.38604736328125 -0.0632286071777344 0.0482673645019531
0.21490478515625 0.259918212890625 0.00596618652343751 0.0555648803710938
0.294036865234375 0.141876220703125 0.0362205505371094 0.0327796936035156
0.29669189453125 0.15093994140625 0.0167388916015625 0.0144214630126953
0.332305908203125 0.098846435546875 0.0377540588378906 0.00155639648437501
0.270980834960938 0.162368774414063 0.00793790817260744 -0.00276136398315429
0.21942138671875 0.276031494140625 -0.0394706726074219 -0.00730514526367186
0.110015869140625 0.36700439453125 -0.0117111206054687 -0.0728912353515625
-0.181854248046875 0.404327392578125 0.0493927001953125 -0.13177490234375
-0.300323486328125 0.332305908203125 0.1419677734375 -0.123123168945312
-0.447601318359375 0.208465576171875 0.2225341796875 -0.0735321044921875
-0.461517333984375 0.1568603515625 -0.179611206054688 -0.05902099609375
-0.39837646484375 0.1961669921875 -0.085296630859375 -0.0262451171875
-0.334991455078125 0.357177734375 -0.054534912109375 -0.0172195434570312
-0.12060546875 0.38525390625 -0.0597152709960938 -0.0424957275390625
0.0272216796875 0.380523681640625 -0.0955886840820312 -0.0209274291992187
0.20343017578125 0.270599365234375 -0.0740966796875 -0.0222625732421875
0.282501220703125 0.153045654296875 -0.0874862670898437 -0.010406494140625
0.28521728515625 0.15765380859375 -0.102081298828125 -0.00686645507812497
0.322662353515625 0.109649658203125 -0.080535888671875 -0.0138473510742188
0.25982666015625 0.166152954101563 -0.0890045166015625 -0.0327606201171875
0.209487915039063 0.2742919921875 -0.0992584228515625 -0.0245513916015625
0.104278564453125 0.3516845703125 -0.0551223754882812 -0.0712432861328125
-0.17138671875 0.386993408203125 0.00914001464843749 -0.10284423828125
-0.27899169921875 0.32476806640625 0.0703353881835937 -0.0418319702148437
-0.428314208984375 0.2215576171875 0.0699043273925781 -0.00611114501953124
-0.35498046875 0.16314697265625 -0.327484130859375 -0.00503540039062505
-0.296661376953125 0.189178466796875 -0.18084716796875 0.0290985107421875
-0.236602783203125 0.288909912109375 -0.0849456787109375 -0.00452423095703125
-0.0819091796875 0.29840087890625 -0.0826263427734375 -0.0578155517578125
0.020751953125 0.29931640625 -0.11737060546875 -0.0758438110351563
0.162612915039063 0.226608276367187 -0.146209716796875 -0.089141845703125
0.226455688476563 0.134552001953125 -0.198715209960937 -0.0462493896484375
0.229095458984375 0.139480590820313 -0.205062866210938 -0.0249481201171875
0.259689331054688 0.11077880859375 -0.185714721679687 -0.029022216796875
0.197738647460938 0.153579711914063 -0.16815185546875 -0.0618743896484375
0.145339965820313 0.236297607421875 -0.138298034667969 -0.0465316772460937
0.0547637939453125 0.280242919921875 -0.0821456909179687 -0.06793212890625
-0.155059814453125 0.290252685546875 -0.0181007385253906 -0.0654983520507812
-0.223861694335937 0.24749755859375 0.00425338745117186 0.0409126281738281
-0.34393310546875 0.19073486328125 -0.07305908203125 0.0649795532226563
-0.194610595703125 0.139312744140625 -0.43572998046875 0.0555114746093751
-0.1513671875 0.14776611328125 -0.255645751953125 0.0859527587890625
-0.106094360351562 0.169937133789063 -0.110160827636719 0.0180892944335937
-0.0330657958984375 0.164138793945313 -0.0995864868164063 -0.0485610961914062
0.01068115234375 0.16998291015625 -0.123710632324219 -0.102951049804687
0.0981292724609375 0.143402099609375 -0.196060180664062 -0.12725830078125
0.136192321777344 0.0933761596679688 -0.279052734375 -0.0665588378906249
0.137664794921875 0.100975036621094 -0.276535034179688 -0.0384063720703125
0.157485961914063 0.09765625 -0.260345458984375 -0.0469970703125
0.104537963867187 0.122993469238281 -0.212539672851563 -0.0965576171875
0.053497314453125 0.165206909179688 -0.145782470703125 -0.0781707763671875
-0.00946044921875001 0.165603637695313 -0.085662841796875 -0.0689010620117187
-0.11798095703125 0.144668579101562 -0.0308475494384766 -0.0333576202392578
-0.133346557617188 0.130104064941406 -0.0522003173828125 0.101318359375
-0.207290649414062 0.128097534179688 -0.185928344726563 0.119598388671875
-0.0121002197265625 0.0836334228515625 -0.491851806640625 0.1136474609375
0.000419616699218756 0.0740585327148438 -0.29681396484375 0.141510009765625
0.0126399993896484 0.0285110473632813 -0.122261047363281 0.0522537231445312
0.00137901306152344 0.0189342498779297 -0.101951599121094 -0.0186386108398437
-0.01007080078125 0.0311107635498047 -0.1146240234375 -0.103195190429688
0.0158004760742188 0.0485687255859375 -0.217071533203125 -0.132553100585937
0.0234527587890625 0.0436515808105469 -0.31494140625 -0.0685119628906251
0.0256156921386719 0.0479087829589844 -0.30615234375 -0.0467529296875
0.0353469848632813 0.0662498474121094 -0.294281005859375 -0.0684814453125
0.0061492919921875 0.0676612854003906 -0.219314575195313 -0.130096435546875
-0.0282249450683594 0.0655860900878906 -0.122970581054688 -0.110626220703125
-0.0493621826171875 0.0295867919921875 -0.0694503784179688 -0.0729217529296875
-0.0430030822753906 -0.00575637817382813 -0.0327701568603516 -0.00950241088867188
-0.0120983123779297 0.0139665603637695 -0.0943374633789063 0.130180358886719
-0.03656005859375 0.0569000244140625 -0.252090454101563 0.14825439453125
-0.172897338867188 0.00386047363281249 0.25390625 -0.202880859375
-0.130012512207031 0.0650100708007813 0.12347412109375 -0.176895141601563
-0.0643386840820312 0.140243530273438 0.00659370422363281 -0.0115423202514648
0.0321273803710938 0.117347717285156 0.0262641906738281 0.0651588439941406
0.0855255126953125 0.0648651123046875 0.0701751708984375 0.144973754882813
0.077911376953125 -0.00438690185546875 0.195587158203125 0.150588989257813
0.0816726684570313 -0.0171051025390625 0.3028564453125 0.066436767578125
0.0861740112304688 0.00665283203125 0.298797607421875 0.039581298828125
0.0834884643554687 -0.00803375244140625 0.304595947265625 0.047760009765625
0.0759048461914063 0.0312728881835937 0.230636596679688 0.100997924804688
0.063629150390625 0.0708541870117188 0.119300842285156 0.0657730102539063
0.0206069946289062 0.12274169921875 0.104995727539063 -0.0163040161132812
-0.0849380493164063 0.109138488769531 0.15789794921875 -0.0958099365234375
-0.119415283203125 0.0636672973632813 0.27960205078125 -0.18505859375
-0.134613037109375 -0.00463104248046873 0.52471923828125 -0.1455078125
-0.32708740234375 0.0740661621093751 0.217330932617187 -0.18408203125
-0.26007080078125 0.12591552734375 0.122055053710937 -0.161224365234375
-0.180221557617188 0.255096435546875 0.00199317932128905 -0.0202236175537109
-0.0129852294921875 0.244674682617188 0.0014495849609375 0.0490074157714844
0.0946807861328125 0.199859619140625 0.025848388671875 0.142471313476563
0.156723022460938 0.09149169921875 0.153228759765625 0.15057373046875
0.190444946289063 0.0348358154296875 0.250823974609375 0.0721588134765625
0.1956787109375 0.06011962890625 0.238067626953125 0.0365753173828125
0.203643798828125 0.0311737060546875 0.248825073242188 0.0301666259765625
0.166671752929688 0.09246826171875 0.18389892578125 0.067138671875
0.130569458007813 0.165679931640625 0.0801925659179688 0.0397796630859375
0.0533294677734375 0.236968994140625 0.074951171875 -0.0468063354492187
-0.141403198242188 0.24591064453125 0.130638122558594 -0.133132934570312
-0.214370727539062 0.184906005859375 0.254791259765625 -0.208236694335938
-0.28765869140625 0.09454345703125 0.466217041015625 -0.159698486328125
-0.443450927734375 0.12786865234375 0.120452880859375 -0.149581909179688
-0.369140625 0.171783447265625 0.0839691162109375 -0.127479553222656
-0.28643798828125 0.34417724609375 -0.00612258911132814 -0.0226459503173828
-0.068389892578125 0.3515625 -0.0180759429931641 0.0235595703125
0.08367919921875 0.318359375 -0.0175857543945312 0.11090087890625
0.210342407226563 0.18572998046875 0.0896987915039063 0.117362976074219
0.269256591796875 0.087310791015625 0.159347534179688 0.0594635009765625
0.275497436523438 0.10540771484375 0.140174865722656 0.0280532836914063
0.29620361328125 0.058319091796875 0.15594482421875 0.0135345458984375
0.244049072265625 0.129638671875 0.107437133789063 0.0309524536132813
0.200363159179688 0.232589721679688 0.0259227752685547 0.0164146423339844
0.10308837890625 0.325164794921875 0.0329246520996094 -0.0663375854492187
-0.1629638671875 0.362945556640625 0.08746337890625 -0.14752197265625
-0.26983642578125 0.294830322265625 0.201675415039062 -0.191085815429687
-0.39697265625 0.185882568359375 0.360137939453125 -0.140899658203125
-0.4940185546875 0.17138671875 -0.020751953125 -0.103866577148437
-0.421630859375 0.20880126953125 0.00993347167968747 -0.0793914794921875
-0.34136962890625 0.397247314453125 -0.0226879119873047 -0.0189285278320312
-0.101715087890625 0.412567138671875 -0.0367393493652344 -0.00811386108398435
0.0682373046875 0.390960693359375 -0.0586395263671875 0.0537223815917969
0.235031127929688 0.251388549804688 0.0105361938476563 0.0550498962402344
0.307952880859375 0.125579833984375 0.0404586791992188 0.0307579040527344
0.314666748046875 0.134674072265625 0.0206928253173828 0.0154056549072266
0.344451904296875 0.077392578125 0.0396156311035156 0.00090408325195313
0.286163330078125 0.149261474609375 0.00955104827880861 -0.000659942626953116
0.242416381835937 0.266815185546875 -0.0386848449707031 -0.00138092041015624
0.138641357421875 0.36785888671875 -0.0157089233398438 -0.0721206665039062
-0.15887451171875 0.4281005859375 0.0400161743164062 -0.134506225585937
-0.28497314453125 0.35797119140625 0.135459899902344 -0.131744384765625
-0.445220947265625 0.247222900390625 0.219833374023438 -0.0855712890625
-0.46343994140625 0.19287109375 -0.182220458984375 -0.04815673828125
-0.39556884765625 0.226318359375 -0.0860443115234375 -0.020843505859375
-0.31683349609375 0.389801025390625 -0.0486869812011719 -0.0109519958496093
-0.09771728515625 0.4022216796875 -0.0597076416015625 -0.037933349609375
0.05572509765625 0.387939453125 -0.0955123901367187 -0.0141677856445312
0.22528076171875 0.263809204101563 -0.0767288208007812 -0.01959228515625
0.297393798828125 0.138824462890625 -0.08917236328125 -0.00401306152343748
0.303619384765625 0.142852783203125 -0.101783752441406 0.00218963623046877
0.33624267578125 0.089935302734375 -0.0824203491210938 -0.00658416748046875
0.274566650390625 0.1533203125 -0.0910797119140625 -0.024658203125
0.231109619140625 0.26519775390625 -0.100273132324219 -0.0155410766601562
0.1312255859375 0.352508544921875 -0.0590629577636719 -0.0670814514160156
-0.15081787109375 0.410186767578125 0.000671386718749986 -0.101593017578125
-0.2647705078125 0.349365234375 0.0686454772949219 -0.0437965393066406
-0.425811767578125 0.25848388671875 0.0687026977539062 -0.00541687011718748
-0.3544921875 0.19073486328125 -0.32952880859375 0.01751708984375
-0.29296875 0.21307373046875 -0.179595947265625 0.04290771484375
-0.222991943359375 0.313201904296875 -0.0795822143554688 0.00315856933593751
-0.06402587890625 0.311553955078125 -0.0835723876953125 -0.0529022216796875
0.042510986328125 0.307220458984375 -0.121665954589844 -0.0690078735351563
0.181976318359375 0.221969604492187 -0.155563354492188 -0.0830841064453125
0.240325927734375 0.12335205078125 -0.20538330078125 -0.0330047607421875
0.245697021484375 0.127548217773438 -0.208038330078125 -0.00968933105468747
0.274017333984375 0.095184326171875 -0.190948486328125 -0.014007568359375
0.212158203125 0.1448974609375 -0.174514770507812 -0.0501861572265625
0.163299560546875 0.23162841796875 -0.14129638671875 -0.036712646484375
0.076171875 0.282989501953125 -0.0865707397460938 -0.06170654296875
-0.14044189453125 0.309722900390625 -0.0237083435058594 -0.0627708435058594
-0.214401245117188 0.26605224609375 0.00722885131835936 0.0447731018066406
-0.343841552734375 0.2203369140625 -0.0714340209960938 0.0766754150390625
-0.193862915039063 0.154586791992187 -0.43682861328125 0.0873107910156251
-0.147048950195313 0.160232543945313 -0.251678466796875 0.106842041015625
-0.0987701416015625 0.182052612304688 -0.105850219726563 0.0265884399414063
-0.023681640625 0.170639038085938 -0.100730895996094 -0.0425796508789062
0.0226593017578125 0.175857543945313 -0.130958557128906 -0.0967178344726562
0.110610961914063 0.142410278320312 -0.209579467773438 -0.118820190429688
0.145904541015625 0.0879364013671875 -0.28912353515625 -0.04815673828125
0.149703979492188 0.0948028564453125 -0.282745361328125 -0.01910400390625
0.169967651367188 0.0894012451171875 -0.26800537109375 -0.0274200439453125
0.11566162109375 0.1202392578125 -0.22369384765625 -0.0825805664062499
0.065765380859375 0.165939331054688 -0.151504516601563 -0.068878173828125
0.00209045410156251 0.171432495117188 -0.0904769897460938 -0.0630645751953125
-0.112640380859375 0.158798217773438 -0.0342292785644531 -0.0301227569580078
-0.130828857421875 0.141387939453125 -0.046356201171875 0.109359741210938
-0.2078857421875 0.145248413085938 -0.182754516601563 0.139373779296875
-0.0111465454101563 0.084075927734375 -0.49102783203125 0.14935302734375
0.0033416748046875 0.0744781494140625 -0.2908935546875 0.16485595703125
0.0120830535888672 0.0279922485351563 -0.117195129394531 0.0609054565429688
0.00173568725585937 0.0199394226074219 -0.101966857910156 -0.0126419067382812
-0.00876045227050781 0.034698486328125 -0.122245788574219 -0.098419189453125
0.020965576171875 0.05120849609375 -0.231582641601562 -0.12353515625
0.0282783508300781 0.0440521240234375 -0.32757568359375 -0.047882080078125
0.0315666198730469 0.04827880859375 -0.314788818359375 -0.02545166015625
0.0443954467773438 0.0657844543457031 -0.3043212890625 -0.046844482421875
0.0118637084960938 0.0696029663085937 -0.233062744140625 -0.117446899414063
-0.0228652954101562 0.0700721740722656 -0.131263732910156 -0.104873657226563
-0.0473594665527344 0.0357437133789063 -0.0745086669921875 -0.0681533813476563
-0.0465316772460938 0.000572204589843742 -0.0347576141357422 -0.00581932067871093
-0.0158147811889648 0.0165643692016602 -0.0871429443359375 0.1412353515625
-0.0381393432617188 0.060394287109375 -0.248733520507813 0.171371459960937
-0.1690673828125 0.0130767822265625 0.248077392578125 -0.217132568359375
-0.125831604003906 0.0697555541992188 0.116622924804687 -0.18450927734375
-0.05712890625 0.141830444335937 0.00864505767822265 -0.0118780136108398
0.0370254516601563 0.113540649414063 0.0286788940429688 0.0625152587890625
0.0868377685546875 0.0579910278320313 0.076507568359375 0.1419677734375
0.0734329223632813 -0.00789642333984375 0.202865600585938 0.144332885742188
0.0787506103515625 -0.0196151733398438 0.307647705078125 0.051910400390625
0.0855178833007813 0.00200653076171875 0.302520751953125 0.025390625
0.0804672241210937 -0.0123443603515625 0.30914306640625 0.03131103515625
0.0764389038085938 0.0267257690429688 0.238662719726563 0.09173583984375
0.0673751831054688 0.0673065185546875 0.122627258300781 0.0630874633789063
0.0280227661132813 0.121772766113281 0.103424072265625 -0.0209274291992187
-0.0792465209960937 0.113510131835938 0.151809692382813 -0.103607177734375
-0.114509582519531 0.0689697265625 0.269882202148438 -0.198257446289062
-0.132926940917969 0.00488281250000001 0.516754150390625 -0.16949462890625
-0.3221435546875 0.092315673828125 0.212387084960938 -0.196807861328125
-0.254013061523438 0.136245727539063 0.11578369140625 -0.169235229492188
-0.167098999023437 0.263351440429688 0.00558471679687499 -0.0197372436523437
-0.00291442871093751 0.2437744140625 0.0046844482421875 0.0472526550292969
0.103134155273438 0.192535400390625 0.0329132080078125 0.141342163085938
0.157150268554687 0.08392333984375 0.161376953125 0.14483642578125
0.189895629882812 0.0274200439453125 0.256759643554688 0.0594940185546875
0.198806762695313 0.05084228515625 0.242355346679688 0.0255584716796875
0.203262329101563 0.02117919921875 0.252365112304688 0.0174560546875
0.170806884765625 0.085052490234375 0.190475463867188 0.0606231689453125
0.138870239257813 0.160125732421875 0.083038330078125 0.0395278930664063
0.0662841796875 0.236038208007813 0.072357177734375 -0.0492324829101562
-0.130615234375 0.254623413085938 0.122917175292969 -0.138031005859375
-0.205245971679688 0.194854736328125 0.244140625 -0.21966552734375
-0.283355712890625 0.11212158203125 0.458099365234375 -0.18115234375
-0.437713623046875 0.15155029296875 0.11773681640625 -0.157485961914063
-0.36248779296875 0.188720703125 0.0797576904296875 -0.133033752441406
-0.268890380859375 0.359466552734375 -0.000411987304687516 -0.0216140747070312
-0.052764892578125 0.354278564453125 -0.0147857666015625 0.0233840942382813
0.099212646484375 0.313812255859375 -0.0107040405273437 0.111328125
0.216461181640625 0.176483154296875 0.0960769653320313 0.113296508789063
0.272567749023438 0.076080322265625 0.164413452148438 0.0512237548828125
0.282623291015625 0.09283447265625 0.144622802734375 0.0222930908203125
0.298553466796875 0.04412841796875 0.158599853515625 0.0065460205078125
0.249801635742187 0.119705200195313 0.111946105957031 0.0276031494140625
0.211563110351563 0.223648071289063 0.0285453796386719 0.0184192657470703
0.119415283203125 0.3218994140625 0.0301589965820313 -0.0670509338378906
-0.146148681640625 0.37530517578125 0.0797271728515625 -0.149002075195313
-0.2572021484375 0.3074951171875 0.192733764648437 -0.198928833007812
-0.390350341796875 0.20965576171875 0.3525390625 -0.1549072265625
-0.48822021484375 0.195953369140625 -0.0216598510742188 -0.105140686035156
-0.41558837890625 0.228790283203125 0.00804138183593747 -0.080535888671875
-0.320648193359375 0.415496826171875 -0.0157632827758789 -0.0171747207641601
-0.08343505859375 0.418365478515625 -0.0338859558105469 -0.00723266601562497
0.0888671875 0.38836669921875 -0.0535202026367187 0.0567398071289063
0.245193481445313 0.240707397460938 0.0136375427246094 0.0535011291503906
0.313323974609375 0.113250732421875 0.0433921813964844 0.0288124084472656
0.3240966796875 0.12030029296875 0.0240192413330078 0.0158615112304688
0.348358154296875 0.060577392578125 0.040771484375 0.000385284423828129
0.29290771484375 0.13677978515625 0.0117216110229492 0.00154972076416016
0.255401611328125 0.256500244140625 -0.0360794067382812 0.00346374511718752
0.157928466796875 0.361572265625 -0.0180130004882812 -0.0697021484375
-0.141204833984375 0.441070556640625 0.0329513549804687 -0.132820129394531
-0.270843505859375 0.372100830078125 0.129318237304687 -0.135269165039062
-0.43731689453125 0.274017333984375 0.21514892578125 -0.0912017822265625
-0.457794189453125 0.218658447265625 -0.180938720703125 -0.04010009765625
-0.38958740234375 0.24560546875 -0.0854873657226563 -0.0167617797851562
-0.29876708984375 0.408538818359375 -0.0417442321777344 -0.00769042968749997
-0.08013916015625 0.408660888671875 -0.0570869445800781 -0.0351715087890625
0.076019287109375 0.387542724609375 -0.0933609008789063 -0.00899505615234372
0.2386474609375 0.255584716796875 -0.0782241821289063 -0.0177459716796875
0.3052978515625 0.126678466796875 -0.0884857177734375 0.000564575195312526
0.314422607421875 0.1290283203125 -0.0997467041015625 0.00860595703124999
0.34185791015625 0.073272705078125 -0.0818862915039062 -0.000114440917968736
0.281951904296875 0.14227294921875 -0.0916595458984375 -0.018218994140625
0.243316650390625 0.256149291992188 -0.0977554321289062 -0.00873565673828124
0.14886474609375 0.3480224609375 -0.0608673095703125 -0.0629196166992187
-0.13250732421875 0.422576904296875 -0.00430297851562502 -0.097808837890625
-0.25177001953125 0.361358642578125 0.067108154296875 -0.0438232421875
-0.41778564453125 0.283935546875 0.0673713684082031 -0.00288772583007811
-0.35107421875 0.209381103515625 -0.326263427734375 0.0343017578125
-0.28753662109375 0.22662353515625 -0.176162719726563 0.05206298828125
-0.209197998046875 0.327239990234375 -0.07305908203125 0.00753784179687503
-0.0509033203125 0.316986083984375 -0.082366943359375 -0.0484390258789062
0.058135986328125 0.30810546875 -0.122428894042969 -0.0636978149414062
0.194351196289063 0.215713500976563 -0.16070556640625 -0.077880859375
0.247756958007813 0.1142578125 -0.207077026367188 -0.0223846435546875
0.255691528320313 0.117324829101563 -0.207244873046875 0.0018310546875
0.28045654296875 0.0818328857421875 -0.190597534179688 -0.0018768310546875
0.219223022460938 0.137451171875 -0.176956176757813 -0.040008544921875
0.174819946289063 0.225296020507813 -0.140701293945313 -0.0290985107421875
0.0902557373046875 0.280838012695313 -0.0874481201171875 -0.0562515258789062
-0.1278076171875 0.321014404296875 -0.0270309448242188 -0.0579986572265625
-0.205612182617188 0.277084350585937 0.0100784301757812 0.0471992492675781
-0.337249755859375 0.238861083984375 -0.069305419921875 0.0858001708984375
-0.191268920898438 0.164352416992188 -0.43060302734375 0.108734130859375
-0.143386840820312 0.166671752929688 -0.246047973632812 0.119277954101563
-0.092864990234375 0.188613891601562 -0.100555419921875 0.0316390991210937
-0.017303466796875 0.174057006835938 -0.0996170043945313 -0.0382461547851562
0.031494140625 0.178512573242188 -0.13409423828125 -0.0920181274414062
0.119354248046875 0.139480590820313 -0.216812133789062 -0.111434936523438
0.151748657226562 0.0829010009765625 -0.292877197265625 -0.033203125
0.15728759765625 0.089263916015625 -0.28326416015625 -0.00415039062499997
0.176681518554687 0.082305908203125 -0.268890380859375 -0.01239013671875
0.122314453125 0.11700439453125 -0.228408813476563 -0.0711517333984375
0.0740814208984375 0.163681030273438 -0.152374267578125 -0.0618133544921875
0.0112457275390625 0.173080444335938 -0.0917587280273437 -0.0572586059570313
-0.106796264648438 0.168411254882812 -0.0362129211425781 -0.0254631042480469
-0.128204345703125 0.148361206054688 -0.0406570434570313 0.114036560058594
-0.2056884765625 0.156845092773437 -0.177520751953125 0.152923583984375
-0.0110855102539063 0.0838470458984375 -0.483367919921875 0.174346923828125
0.00431060791015626 0.0738143920898438 -0.281768798828125 0.179840087890625
0.0103092193603516 0.0278358459472656 -0.113273620605469 0.0651397705078125
0.00122451782226563 0.0206737518310547 -0.0996856689453125 -0.00791931152343748
-0.00768661499023438 0.0383415222167969 -0.126358032226562 -0.09454345703125
0.0255699157714844 0.0522232055664063 -0.23974609375 -0.115371704101563
0.0328140258789063 0.0442733764648438 -0.33209228515625 -0.0318603515625001
0.0361289978027344 0.0483474731445313 -0.316314697265625 -0.00994873046874995
0.0509757995605469 0.0647087097167969 -0.30615234375 -0.030792236328125
0.0170059204101562 0.0704116821289063 -0.2403564453125 -0.10626220703125
-0.0186767578125 0.0727386474609375 -0.134788513183594 -0.0990524291992188
-0.0446586608886719 0.0399818420410156 -0.0770492553710938 -0.06243896484375
-0.0477218627929687 0.00673294067382812 -0.0353584289550781 -0.00275802612304688
-0.0183544158935547 0.0187873840332031 -0.0810089111328125 0.147323608398438
-0.03997802734375 0.0628814697265625 -0.243148803710938 0.1875
-0.1666259765625 0.0184326171875 0.247390747070313 -0.228057861328125
-0.123382568359375 0.0718612670898438 0.113784790039063 -0.189834594726563
-0.052581787109375 0.14215087890625 0.0111474990844727 -0.0131902694702148
0.0388107299804688 0.11175537109375 0.0299148559570313 0.0606422424316406
0.0864028930664063 0.0526657104492188 0.0790557861328125 0.140594482421875
0.0700492858886719 -0.00916671752929688 0.209579467773438 0.141891479492188
0.077117919921875 -0.02056884765625 0.312713623046875 0.04388427734375
0.085205078125 -0.00067901611328125 0.306304931640625 0.016693115234375
0.0782241821289063 -0.0146942138671875 0.312713623046875 0.023193359375
0.0771484375 0.024444580078125 0.24578857421875 0.0878753662109375
0.069671630859375 0.0655441284179688 0.124923706054688 0.0639801025390625
0.0325927734375 0.121566772460937 0.102333068847656 -0.0237884521484375
-0.0763168334960937 0.115867614746094 0.148330688476563 -0.108413696289062
-0.112281799316406 0.0719833374023438 0.265380859375 -0.206024169921875
-0.131935119628906 0.0109481811523437 0.51312255859375 -0.18341064453125
-0.3192138671875 0.102294921875 0.211822509765625 -0.2066650390625
-0.252243041992187 0.142730712890625 0.113693237304687 -0.17413330078125
-0.159912109375 0.267303466796875 0.0104770660400391 -0.0208854675292969
0.00260925292968752 0.243453979492188 0.00654220581054687 0.0460968017578125
0.10784912109375 0.188217163085938 0.0366363525390625 0.141159057617188
0.15667724609375 0.080963134765625 0.166656494140625 0.143096923828125
0.190170288085938 0.023956298828125 0.261734008789063 0.0527496337890625
0.201507568359375 0.0460205078125 0.24615478515625 0.019256591796875
0.202682495117188 0.0152130126953125 0.256729125976563 0.01123046875
0.173385620117188 0.08148193359375 0.19696044921875 0.058013916015625
0.143768310546875 0.157821655273437 0.0855560302734375 0.0411224365234375
0.0738983154296875 0.236373901367188 0.071441650390625 -0.0511245727539062
-0.1251220703125 0.261795043945313 0.119461059570313 -0.140144348144531
-0.2015380859375 0.200531005859375 0.239120483398438 -0.225906372070312
-0.282501220703125 0.12347412109375 0.4549560546875 -0.191009521484375
-0.435455322265625 0.166656494140625 0.117843627929687 -0.164764404296875
-0.361785888671875 0.197540283203125 0.07843017578125 -0.136749267578125
-0.259521484375 0.367156982421875 0.00595474243164061 -0.0220260620117187
-0.044647216796875 0.356536865234375 -0.0118198394775391 0.0229721069335938
0.108245849609375 0.311676025390625 -0.00674438476562498 0.112266540527344
0.2193603515625 0.172775268554687 0.09967041015625 0.111915588378906
0.274337768554688 0.0708770751953125 0.168212890625 0.046478271484375
0.288421630859375 0.086181640625 0.148300170898438 0.01849365234375
0.300262451171875 0.03594970703125 0.1617431640625 0.0031890869140625
0.25494384765625 0.114776611328125 0.1163330078125 0.0266876220703125
0.21875 0.220748901367188 0.0307693481445313 0.0210323333740235
0.129913330078125 0.322113037109375 0.0291938781738281 -0.0671195983886719
-0.1390380859375 0.385284423828125 0.0760345458984375 -0.14886474609375
-0.252288818359375 0.31561279296875 0.188720703125 -0.20257568359375
-0.389984130859375 0.224212646484375 0.350311279296875 -0.162017822265625
-0.486541748046875 0.212188720703125 -0.020751953125 -0.106788635253906
-0.414398193359375 0.2406005859375 0.00738525390624998 -0.0818328857421875
-0.31048583984375 0.428619384765625 -0.00821971893310549 -0.0172576904296875
-0.07196044921875 0.422760009765625 -0.0310039520263672 -0.00607109069824216
0.100860595703125 0.388763427734375 -0.0502357482910156 0.0583877563476563
0.252212524414063 0.23712158203125 0.0145149230957031 0.0530014038085938
0.3182373046875 0.107757568359375 0.0460395812988281 0.0275840759277344
0.331878662109375 0.113189697265625 0.0268440246582031 0.0157260894775391
0.35150146484375 0.051177978515625 0.0430831909179688 0.000934600830078128
0.29754638671875 0.1319580078125 0.0140066146850586 0.00350379943847657
0.263626098632813 0.252090454101563 -0.0340442657470703 0.00655364990234377
0.169281005859375 0.361602783203125 -0.0183639526367187 -0.0685844421386718
-0.13128662109375 0.451812744140625 0.0298538208007813 -0.130401611328125
-0.264678955078125 0.380645751953125 0.12713623046875 -0.136734008789062
-0.43621826171875 0.290802001953125 0.213119506835937 -0.0926971435546875
-0.457855224609375 0.232757568359375 -0.179885864257813 -0.0367584228515625
-0.38946533203125 0.257537841796875 -0.0849380493164063 -0.01434326171875
-0.29046630859375 0.4207763671875 -0.0351600646972656 -0.00649261474609373
-0.07037353515625 0.41473388671875 -0.0547904968261719 -0.0336456298828125
0.08782958984375 0.389801025390625 -0.0910491943359375 -0.00658416748046873
0.246505737304688 0.251815795898438 -0.0799789428710937 -0.0166473388671875
0.31085205078125 0.121063232421875 -0.0886306762695312 0.00304412841796875
0.32318115234375 0.122314453125 -0.0980453491210937 0.0116806030273437
0.34735107421875 0.06463623046875 -0.0806961059570312 0.00417327880859375
0.287078857421875 0.13763427734375 -0.0914764404296875 -0.0144195556640625
0.251693725585938 0.25164794921875 -0.09661865234375 -0.00449371337890622
0.159820556640625 0.347076416015625 -0.0612335205078125 -0.0605583190917969
-0.12481689453125 0.433258056640625 -0.00673675537109375 -0.09429931640625
-0.246917724609375 0.371124267578125 0.0672454833984375 -0.0432624816894531
-0.41815185546875 0.301849365234375 0.0670394897460937 0.000450134277343768
-0.3509521484375 0.221435546875 -0.323944091796875 0.0424194335937499
-0.2874755859375 0.235595703125 -0.175384521484375 0.0577545166015625
-0.203582763671875 0.33673095703125 -0.068389892578125 0.00884628295898438
-0.043975830078125 0.32196044921875 -0.079803466796875 -0.0462722778320312
0.067962646484375 0.31158447265625 -0.122215270996094 -0.0611648559570312
0.201141357421875 0.21392822265625 -0.165557861328125 -0.0756988525390625
0.253936767578125 0.110382080078125 -0.209457397460937 -0.0159759521484375
0.264190673828125 0.112945556640625 -0.207122802734375 0.0080718994140625
0.28662109375 0.07550048828125 -0.190383911132812 0.00506591796875004
0.224365234375 0.134353637695313 -0.178726196289063 -0.033843994140625
0.181900024414063 0.222549438476563 -0.139175415039063 -0.0247344970703125
0.098358154296875 0.281524658203125 -0.0874252319335937 -0.0529098510742188
-0.121551513671875 0.330810546875 -0.0285835266113281 -0.0539321899414062
-0.20330810546875 0.28424072265625 0.0126533508300781 0.0498619079589844
-0.33837890625 0.25274658203125 -0.0681838989257813 0.0930862426757813
-0.192245483398438 0.169601440429688 -0.429229736328125 0.12103271484375
-0.144088745117187 0.1712646484375 -0.24346923828125 0.127609252929688
-0.091552734375 0.193572998046875 -0.0971527099609375 0.033447265625
-0.0141448974609375 0.176559448242188 -0.097320556640625 -0.0356369018554687
0.0374755859375 0.181625366210937 -0.1348876953125 -0.0899505615234375
0.125160217285156 0.139556884765625 -0.22369384765625 -0.109130859375
0.156524658203125 0.0809326171875 -0.296783447265625 -0.024810791015625
0.16351318359375 0.087310791015625 -0.283843994140625 0.00402832031249999
0.182754516601563 0.078277587890625 -0.269866943359375 -0.00337219238281255
0.126747131347656 0.115913391113281 -0.231903076171875 -0.0647430419921875
0.078765869140625 0.16448974609375 -0.1531982421875 -0.0582733154296875
0.0158538818359375 0.175064086914063 -0.0922698974609375 -0.0537796020507813
-0.104080200195312 0.175994873046875 -0.0368118286132813 -0.0221595764160156
-0.128677368164063 0.153472900390625 -0.0370025634765625 0.117935180664063
-0.208633422851562 0.164825439453125 -0.176132202148438 0.163162231445313
-0.0123977661132812 0.0842666625976563 -0.480438232421875 0.186065673828125
0.00415802001953126 0.0731887817382813 -0.278793334960938 0.188735961914062
0.00848960876464844 0.0279655456542969 -0.110847473144531 0.0673751831054687
0.000654220581054688 0.0216579437255859 -0.0980682373046875 -0.00672912597656251
-0.00642013549804688 0.0418968200683594 -0.128135681152344 -0.0937652587890625
0.0292854309082031 0.0537910461425781 -0.246139526367188 -0.1123046875
0.0356864929199219 0.0448875427246094 -0.336944580078125 -0.021636962890625
0.0398788452148438 0.0490341186523438 -0.31744384765625 -0.00137329101562501
0.0563240051269531 0.0636329650878906 -0.308135986328125 -0.020843505859375
0.0206375122070313 0.0713729858398438 -0.24554443359375 -0.099517822265625
-0.0158157348632813 0.0752639770507812 -0.137237548828125 -0.0968780517578125
-0.0431709289550781 0.0431861877441406 -0.07794189453125 -0.0597152709960937
-0.0480995178222656 0.0110244750976562 -0.0360145568847656 -0.000152587890625
-0.0211811065673828 0.02166748046875 -0.0772247314453125 0.151611328125
-0.0430564880371094 0.0646553039550781 -0.241897583007813 0.197494506835937
-0.167816162109375 0.0224456787109375 0.253372192382813 -0.2413330078125
-0.12396240234375 0.0740585327148437 0.11541748046875 -0.198715209960937
-0.0501861572265625 0.144851684570313 0.0145998001098633 -0.0154323577880859
0.0404891967773438 0.111679077148438 0.0310745239257813 0.0599784851074219
0.0869674682617188 0.0502243041992188 0.0813140869140625 0.143966674804688
0.0684814453125 -0.00963592529296875 0.218612670898437 0.144317626953125
0.0769119262695313 -0.0213165283203125 0.322509765625 0.038604736328125
0.0867385864257813 -0.002227783203125 0.31585693359375 0.01025390625
0.0778579711914063 -0.0160140991210938 0.323028564453125 0.0179443359375
0.0788116455078125 0.0233078002929687 0.257080078125 0.087158203125
0.0725173950195313 0.0664443969726562 0.130134582519531 0.0671615600585938
0.0368118286132813 0.124481201171875 0.103462219238281 -0.0256195068359375
-0.07623291015625 0.120948791503906 0.149581909179687 -0.113616943359375
-0.11224365234375 0.0749588012695313 0.268020629882812 -0.215072631835937
-0.133277893066406 0.0158843994140625 0.522308349609375 -0.194244384765625
-0.324005126953125 0.110504150390625 0.217391967773437 -0.218963623046875
-0.25665283203125 0.148849487304688 0.115631103515625 -0.181961059570313
-0.158599853515625 0.276779174804688 0.0156402587890625 -0.023712158203125
0.0065155029296875 0.248458862304687 0.00797653198242188 0.0456619262695313
0.112228393554688 0.189483642578125 0.0390472412109375 0.14447021484375
0.157501220703125 0.0816192626953125 0.174087524414063 0.146026611328125
0.1943359375 0.022735595703125 0.270172119140625 0.04803466796875
0.208297729492188 0.0434722900390625 0.25531005859375 0.0148773193359375
0.206497192382813 0.0128021240234375 0.265640258789062 0.0064849853515625
0.178634643554688 0.0812530517578125 0.206924438476563 0.056854248046875
0.150482177734375 0.159835815429688 0.0896759033203125 0.0449142456054688
0.0814666748046875 0.242767333984375 0.0724105834960937 -0.05328369140625
-0.123947143554688 0.273727416992188 0.120101928710937 -0.14508056640625
-0.203521728515625 0.2086181640625 0.24139404296875 -0.234466552734375
-0.28826904296875 0.134307861328125 0.464141845703125 -0.20098876953125
-0.443756103515625 0.179046630859375 0.121719360351562 -0.17333984375
-0.36871337890625 0.2081298828125 0.0798797607421875 -0.142501831054688
-0.259307861328125 0.381622314453125 0.0124530792236328 -0.0251998901367187
-0.0399169921875 0.365509033203125 -0.009735107421875 0.0227069854736328
0.115478515625 0.316925048828125 -0.00436401367187499 0.115524291992188
0.224273681640625 0.174118041992188 0.105010986328125 0.113960266113281
0.282135009765625 0.070037841796875 0.174972534179688 0.043853759765625
0.30010986328125 0.0826416015625 0.154647827148438 0.0164337158203125
0.307373046875 0.0321044921875 0.168655395507813 0.000320434570312502
0.262924194335938 0.11492919921875 0.122787475585938 0.0270309448242188
0.228775024414063 0.223709106445313 0.034688949584961 0.024505615234375
0.139892578125 0.329833984375 0.0302810668945313 -0.0691375732421875
-0.13629150390625 0.40252685546875 0.0762481689453125 -0.151504516601563
-0.255035400390625 0.327789306640625 0.19024658203125 -0.209762573242187
-0.397125244140625 0.242279052734375 0.356781005859375 -0.168121337890625
-0.497650146484375 0.228851318359375 -0.0199050903320313 -0.110969543457031
-0.424713134765625 0.254119873046875 0.00807952880859372 -0.0845947265625
-0.31109619140625 0.445709228515625 -0.00178337097167971 -0.0192813873291015
-0.067779541015625 0.435546875 -0.02838134765625 -0.00653839111328123
0.111053466796875 0.397308349609375 -0.0484275817871094 0.061004638671875
0.26068115234375 0.239944458007813 0.015655517578125 0.0548248291015625
0.328216552734375 0.106658935546875 0.0484809875488281 0.0269241333007813
0.346527099609375 0.110107421875 0.0298919677734375 0.0159549713134766
0.3616943359375 0.046905517578125 0.0466690063476563 0.00115966796875
0.307647705078125 0.1318359375 0.0169925689697266 0.0048818588256836
0.274856567382813 0.254592895507813 -0.0317268371582031 0.0104522705078125
0.180145263671875 0.369171142578125 -0.0181808471679687 -0.0694580078125
-0.126983642578125 0.470855712890625 0.0304336547851563 -0.130828857421875
-0.267578125 0.395904541015625 0.1290283203125 -0.140472412109375
-0.445648193359375 0.310638427734375 0.217391967773437 -0.09454345703125
-0.46826171875 0.24810791015625 -0.18212890625 -0.035125732421875
-0.400238037109375 0.271942138671875 -0.0865249633789063 -0.0127792358398437
-0.291290283203125 0.439483642578125 -0.029684066772461 -0.0078620910644531
-0.06591796875 0.427490234375 -0.0529747009277344 -0.0342788696289062
0.098907470703125 0.400360107421875 -0.0911712646484375 -0.00528717041015624
0.255950927734375 0.256149291992188 -0.084259033203125 -0.0166244506835937
0.32159423828125 0.12103271484375 -0.0907135009765625 0.00508117675781249
0.338531494140625 0.119720458984375 -0.098388671875 0.0147552490234375
0.35797119140625 0.060455322265625 -0.08038330078125 0.00720214843749999
0.297271728515625 0.13909912109375 -0.0927581787109375 -0.0113296508789062
0.26251220703125 0.255081176757813 -0.0960540771484375 -0.00183105468749998
0.170135498046875 0.354095458984375 -0.0609054565429688 -0.0602874755859375
-0.120849609375 0.45086669921875 -0.00643157958984375 -0.0923614501953125
-0.2513427734375 0.384033203125 0.0696830749511719 -0.0429458618164062
-0.427764892578125 0.319580078125 0.0691070556640625 0.00473403930664064
-0.36029052734375 0.233428955078125 -0.330230712890625 0.049652099609375
-0.296783447265625 0.2474365234375 -0.178390502929688 0.0636138916015625
-0.206817626953125 0.351837158203125 -0.0656700134277344 0.00886154174804691
-0.040924072265625 0.332855224609375 -0.07916259765625 -0.0462188720703125
0.076934814453125 0.321380615234375 -0.123603820800781 -0.0615310668945312
0.211090087890625 0.21826171875 -0.173263549804687 -0.0760498046875
0.263198852539063 0.11004638671875 -0.215835571289062 -0.0121612548828124
0.276870727539063 0.111328125 -0.210800170898438 0.0126953125
0.29718017578125 0.0726318359375 -0.192886352539062 0.010009765625
0.233230590820313 0.137374877929688 -0.183258056640625 -0.0301361083984375
0.190155029296875 0.227584838867187 -0.140823364257813 -0.0225982666015625
0.105560302734375 0.288360595703125 -0.0880966186523438 -0.05224609375
-0.1199951171875 0.345794677734375 -0.0285491943359375 -0.0515518188476562
-0.207275390625 0.295440673828125 0.0147552490234375 0.053314208984375
-0.347137451171875 0.269073486328125 -0.068450927734375 0.10186767578125
-0.198532104492187 0.17791748046875 -0.436553955078125 0.131103515625
-0.149002075195313 0.1785888671875 -0.247802734375 0.13580322265625
-0.0933990478515625 0.2022705078125 -0.096405029296875 0.0350875854492188
-0.012603759765625 0.182449340820313 -0.0970840454101563 -0.035797119140625
0.042572021484375 0.188873291015625 -0.137397766113281 -0.0914382934570312
0.131637573242188 0.14312744140625 -0.233840942382812 -0.1097412109375
0.163497924804688 0.0820465087890625 -0.305816650390625 -0.01861572265625
0.173019409179687 0.0876312255859375 -0.290374755859375 0.00976562500000007
0.191635131835937 0.0765533447265625 -0.27496337890625 0.00292968749999998
0.132896423339844 0.119140625 -0.239288330078125 -0.0612030029296875
0.083831787109375 0.168502807617188 -0.156600952148438 -0.058135986328125
0.0195159912109375 0.1802978515625 -0.0934219360351563 -0.0526885986328125
-0.104812622070313 0.185836791992187 -0.0374946594238281 -0.0193099975585937
-0.13250732421875 0.161209106445313 -0.0353851318359375 0.123664855957031
-0.215042114257813 0.1751708984375 -0.178817749023438 0.174484252929687
-0.014801025390625 0.0858612060546875 -0.487213134765625 0.19915771484375
0.00324249267578125 0.0742263793945313 -0.2823486328125 0.199554443359375
0.00581741333007813 0.0290431976318359 -0.112579345703125 0.0702743530273437
-0.000518798828125 0.0226917266845703 -0.098236083984375 -0.006195068359375
-0.00466156005859375 0.0455322265625 -0.131263732910156 -0.0961227416992188
0.032318115234375 0.0559921264648438 -0.257720947265625 -0.113906860351563
0.0388908386230469 0.046173095703125 -0.347137451171875 -0.0147705078125
0.0441246032714844 0.0502738952636719 -0.326202392578125 0.00506591796875
0.0618667602539063 0.064117431640625 -0.315277099609375 -0.0146484374999999
0.0236358642578125 0.0745315551757813 -0.254898071289063 -0.0980072021484376
-0.0141067504882813 0.0783920288085938 -0.141571044921875 -0.09857177734375
-0.0429954528808594 0.0462532043457031 -0.0799026489257812 -0.0586166381835938
-0.0495491027832031 0.0154838562011719 -0.0370597839355469 0.00282669067382813
-0.024658203125 0.0242347717285156 -0.0767974853515625 0.158905029296875
-0.0469398498535156 0.0682449340820313 -0.246444702148438 0.210403442382812
-0.172103881835938 0.0283203125 0.26220703125 -0.263626098632813
-0.126014709472656 0.07965087890625 0.117034912109375 -0.213607788085938
-0.0471343994140625 0.151321411132813 0.0177879333496094 -0.0193252563476562
0.0451736450195313 0.1142578125 0.0327072143554688 0.0602645874023438
0.0896453857421875 0.048248291015625 0.0883941650390625 0.150405883789063
0.0682792663574219 -0.0111465454101563 0.235275268554688 0.147201538085938
0.0795059204101563 -0.0230484008789063 0.3399658203125 0.029266357421875
0.0904006958007813 -0.0054168701171875 0.33294677734375 0.001312255859375
0.0790481567382813 -0.0185928344726563 0.341583251953125 0.0081787109375
0.08258056640625 0.0218582153320313 0.276046752929687 0.0847930908203125
0.0783462524414062 0.0666885375976563 0.139366149902344 0.0706558227539063
0.0435256958007813 0.129058837890625 0.106613159179688 -0.0300140380859375
-0.0767974853515625 0.1298828125 0.151885986328125 -0.12335205078125
-0.1148681640625 0.0812606811523438 0.27423095703125 -0.2330322265625
-0.137336730957031 0.0224685668945313 0.541900634765625 -0.218719482421875
-0.3355712890625 0.12628173828125 0.225296020507812 -0.23797607421875
-0.264678955078125 0.1627197265625 0.117828369140625 -0.196258544921875
-0.156585693359375 0.293304443359375 0.0201835632324219 -0.0280227661132812
0.012298583984375 0.258102416992188 0.0103378295898437 0.0461654663085938
0.120742797851563 0.193572998046875 0.044342041015625 0.151626586914063
0.165176391601563 0.082427978515625 0.187957763671875 0.149826049804687
0.20367431640625 0.019805908203125 0.286224365234375 0.04107666015625
0.22076416015625 0.038330078125 0.269622802734375 0.006439208984375
0.215789794921875 0.008392333984375 0.281341552734375 -0.0020751953125
0.189346313476562 0.0802154541015625 0.222015380859375 0.0547027587890625
0.1624755859375 0.163864135742188 0.0974044799804688 0.048248291015625
0.0933837890625 0.25225830078125 0.074676513671875 -0.0579910278320312
-0.12255859375 0.293365478515625 0.121383666992187 -0.154327392578125
-0.208709716796875 0.223907470703125 0.246383666992187 -0.25164794921875
-0.29840087890625 0.153350830078125 0.48004150390625 -0.22314453125
-0.459808349609375 0.201629638671875 0.125457763671875 -0.187911987304688
-0.383331298828125 0.22906494140625 0.0812835693359375 -0.153350830078125
-0.2596435546875 0.407470703125 0.01806640625 -0.0301418304443359
-0.03228759765625 0.38287353515625 -0.00713729858398438 0.022298812866211
0.129974365234375 0.327423095703125 -0.000640869140624991 0.122032165527344
0.237396240234375 0.17724609375 0.113845825195313 0.117988586425781
0.298095703125 0.0673828125 0.185592651367188 0.0390472412109375
0.319610595703125 0.077178955078125 0.164703369140625 0.0120086669921875
0.32257080078125 0.025238037109375 0.179153442382813 -0.0046539306640625
0.278427124023438 0.11395263671875 0.132781982421875 0.0257720947265625
0.246627807617187 0.228790283203125 0.0392875671386719 0.0275192260742188
0.15771484375 0.343231201171875 0.0305328369140625 -0.0737075805664062
-0.131134033203125 0.430450439453125 0.0773773193359375 -0.158370971679687
-0.259490966796875 0.351806640625 0.193923950195312 -0.223098754882812
-0.41094970703125 0.268798828125 0.36968994140625 -0.18328857421875
-0.5159912109375 0.25482177734375 -0.0207977294921875 -0.117378234863281
-0.441162109375 0.2786865234375 0.00724029541015623 -0.089141845703125
-0.31304931640625 0.477691650390625 0.00363731384277342 -0.0235252380371093
-0.058563232421875 0.458892822265625 -0.0260276794433594 -0.00755882263183591
0.127655029296875 0.413238525390625 -0.0469284057617188 0.0653648376464844
0.278152465820313 0.245986938476563 0.0172233581542969 0.057769775390625
0.347564697265625 0.104278564453125 0.0522651672363281 0.0259552001953125
0.370513916015625 0.1043701171875 0.0340347290039063 0.0158195495605469
0.3817138671875 0.038848876953125 0.0521583557128907 0.000534057617187502
0.326385498046875 0.1307373046875 0.0202617645263672 0.00550270080566407
0.296600341796875 0.2611083984375 -0.0298061370849609 0.0137214660644531
0.20025634765625 0.382965087890625 -0.01898193359375 -0.0725784301757812
-0.11981201171875 0.503509521484375 0.0303497314453125 -0.13494873046875
-0.27197265625 0.423065185546875 0.13275146484375 -0.1483154296875
-0.460693359375 0.344146728515625 0.225921630859375 -0.10040283203125
-0.487640380859375 0.275054931640625 -0.1890869140625 -0.031890869140625
-0.416046142578125 0.297088623046875 -0.0897598266601563 -0.0100021362304687
-0.2928466796875 0.47216796875 -0.025909423828125 -0.0103511810302734
-0.056976318359375 0.45172119140625 -0.0521812438964844 -0.035186767578125
0.116668701171875 0.418609619140625 -0.093048095703125 -0.00397491455078124
0.275299072265625 0.263748168945313 -0.0899658203125 -0.0143356323242187
0.341552734375 0.119873046875 -0.0944061279296875 0.00847625732421876
0.362884521484375 0.115478515625 -0.101295471191406 0.0189895629882813
0.3782958984375 0.05303955078125 -0.0814590454101562 0.0110244750976562
0.316009521484375 0.139068603515625 -0.0963973999023437 -0.00800323486328124
0.2828369140625 0.261138916015625 -0.0973129272460937 0.00164031982421876
0.18914794921875 0.368255615234375 -0.0636558532714843 -0.0617561340332031
-0.11297607421875 0.48272705078125 -0.00671386718750002 -0.0931625366210937
-0.25445556640625 0.41094970703125 0.0734024047851562 -0.0451812744140625
-0.442291259765625 0.353668212890625 0.073089599609375 0.00819396972656252
-0.376068115234375 0.25457763671875 -0.3424072265625 0.0608825683593749
-0.30938720703125 0.269134521484375 -0.185104370117188 0.0736083984375
-0.208404541015625 0.378204345703125 -0.0642013549804688 0.00994110107421878
-0.03424072265625 0.352294921875 -0.0808486938476563 -0.047088623046875
0.09161376953125 0.337188720703125 -0.129058837890625 -0.0622940063476562
0.228057861328125 0.225250244140625 -0.18597412109375 -0.0753021240234374
0.280975341796875 0.11090087890625 -0.22637939453125 -0.00495910644531249
0.298095703125 0.108856201171875 -0.219207763671875 0.020843505859375
0.3165283203125 0.0672607421875 -0.199859619140625 0.0175323486328125
0.248367309570312 0.139511108398438 -0.192611694335937 -0.0257720947265625
0.205810546875 0.23431396484375 -0.1458740234375 -0.019744873046875
0.118927001953125 0.300201416015625 -0.0918426513671875 -0.0517501831054687
-0.115936279296875 0.37060546875 -0.0291366577148438 -0.0495071411132812
-0.212646484375 0.316131591796875 0.0181655883789062 0.0578765869140625
-0.36016845703125 0.295440673828125 -0.0689620971679688 0.113540649414063
-0.208297729492188 0.191970825195313 -0.452850341796875 0.150604248046875
-0.155838012695312 0.192123413085938 -0.25555419921875 0.151779174804687
-0.0961151123046875 0.217330932617188 -0.0983352661132813 0.0383758544921875
-0.00935363769531249 0.193695068359375 -0.0998153686523438 -0.0355300903320313
0.051300048828125 0.199905395507813 -0.144821166992188 -0.0944366455078125
0.143798828125 0.148193359375 -0.251174926757813 -0.109481811523438
0.175857543945313 0.083343505859375 -0.321868896484375 -0.00915527343749994
0.187667846679688 0.08709716796875 -0.3035888671875 0.020050048828125
0.206314086914062 0.074188232421875 -0.28656005859375 0.012420654296875
0.143661499023438 0.123031616210938 -0.253433227539063 -0.0565032958984375
0.09356689453125 0.176284790039063 -0.163818359375 -0.0572509765625
0.0258941650390625 0.19000244140625 -0.0973663330078125 -0.0515975952148437
-0.104568481445313 0.201446533203125 -0.0384750366210938 -0.0161170959472656
-0.137985229492188 0.17376708984375 -0.032440185546875 0.132286071777344
-0.224884033203125 0.192611694335937 -0.182830810546875 0.192138671875
-0.016845703125 0.0897293090820313 -0.505096435546875 0.22369384765625
0.00255584716796875 0.0771865844726563 -0.290924072265625 0.219268798828125
0.00398063659667969 0.0318222045898438 -0.115859985351563 0.0768203735351563
-0.00110244750976562 0.0247154235839844 -0.100730895996094 -0.00518035888671874
-0.00303268432617187 0.049896240234375 -0.139488220214844 -0.100486755371094
0.0376396179199219 0.058837890625 -0.277389526367188 -0.113754272460937
0.0435218811035156 0.0486679077148437 -0.366363525390625 -0.00375366210937492
0.0498161315917969 0.0524978637695313 -0.34173583984375 0.0156555175781251
0.069580078125 0.0650634765625 -0.330841064453125 -0.00457763671874993
0.0288009643554688 0.0789031982421875 -0.271286010742188 -0.094512939453125
-0.0115814208984375 0.0836257934570313 -0.150787353515625 -0.100738525390625
-0.0435066223144531 0.0514488220214844 -0.0837478637695312 -0.0576553344726563
-0.0525245666503906 0.0203437805175781 -0.0383682250976563 0.00585174560546875
-0.0276355743408203 0.0281391143798828 -0.0757904052734375 0.170303344726562
-0.0510025024414062 0.0740585327148438 -0.254562377929688 0.231231689453125
-0.176544189453125 0.0391998291015625 0.264129638671875 -0.295440673828125
-0.12664794921875 0.0894088745117188 0.112380981445313 -0.234466552734375
-0.040130615234375 0.160003662109375 0.0196514129638672 -0.0248794555664062
0.0526657104492188 0.115608215332031 0.0369071960449219 0.0600395202636719
0.0939407348632813 0.04425048828125 0.100143432617187 0.1553955078125
0.0684089660644531 -0.0143165588378906 0.258255004882813 0.143966674804688
0.0812301635742188 -0.0279388427734375 0.36029052734375 0.0103759765625
0.0938491821289063 -0.0110321044921875 0.350830078125 -0.019256591796875
0.0807037353515625 -0.0226364135742188 0.36175537109375 -0.012359619140625
0.0874710083007812 0.0179519653320312 0.299163818359375 0.073944091796875
0.0864410400390625 0.0661773681640625 0.152847290039063 0.070648193359375
0.0542984008789062 0.133224487304688 0.109275817871094 -0.03717041015625
-0.073699951171875 0.142181396484375 0.151214599609375 -0.138198852539063
-0.115478515625 0.0914306640625 0.275894165039063 -0.260009765625
-0.140487670898438 0.0329208374023437 0.558197021484375 -0.25897216796875
-0.3447265625 0.1514892578125 0.225997924804687 -0.266326904296875
-0.269485473632813 0.184738159179687 0.114730834960938 -0.215118408203125
-0.1466064453125 0.316070556640625 0.0232009887695312 -0.0349960327148437
0.0262298583984375 0.269180297851563 0.013641357421875 0.0456733703613281
0.135025024414063 0.194992065429688 0.05511474609375 0.158493041992188
0.174468994140625 0.0794219970703125 0.20806884765625 0.149398803710938
0.214248657226562 0.0112762451171875 0.303680419921875 0.025848388671875
0.2353515625 0.027557373046875 0.285369873046875 -0.009552001953125
0.22674560546875 -0.0029449462890625 0.29876708984375 -0.01959228515625
0.20343017578125 0.074371337890625 0.240646362304687 0.04534912109375
0.180740356445313 0.163833618164063 0.108238220214844 0.0485458374023438
0.1141357421875 0.261917114257813 0.0750656127929688 -0.065216064453125
-0.1126708984375 0.319061279296875 0.120071411132813 -0.167617797851562
-0.207733154296875 0.246963500976563 0.246475219726562 -0.277679443359375
-0.305633544921875 0.180999755859375 0.4931640625 -0.259033203125
-0.4736328125 0.237396240234375 0.12506103515625 -0.207168579101563
-0.390594482421875 0.261199951171875 0.0784759521484374 -0.167556762695312
-0.25 0.443389892578125 0.0214920043945312 -0.0368118286132812
-0.012908935546875 0.40283203125 -0.00422477722167969 0.0213851928710938
0.15411376953125 0.336029052734375 0.00789642333984375 0.129020690917969
0.256393432617188 0.176071166992188 0.127891540527344 0.118904113769531
0.31695556640625 0.0557861328125 0.197601318359375 0.029876708984375
0.342742919921875 0.06158447265625 0.175445556640625 0.0024261474609375
0.34161376953125 0.008819580078125 0.191818237304688 -0.0161895751953125
0.299346923828125 0.105682373046875 0.144271850585938 0.0206146240234375
0.272628784179688 0.227508544921875 0.0464553833007813 0.0297584533691406
0.186065673828125 0.3538818359375 0.0290374755859375 -0.0800399780273437
-0.111907958984375 0.465362548828125 0.074432373046875 -0.168975830078125
-0.256072998046875 0.383056640625 0.19317626953125 -0.244277954101563
-0.418182373046875 0.310302734375 0.37957763671875 -0.211181640625
-0.532623291015625 0.297454833984375 -0.0249710083007813 -0.12359619140625
-0.45184326171875 0.31927490234375 0.00440216064453121 -0.0948715209960938
-0.30255126953125 0.520233154296875 0.00733566284179686 -0.02899169921875
-0.0369873046875 0.4852294921875 -0.0245018005371094 -0.00840377807617184
0.158172607421875 0.427398681640625 -0.0431365966796875 0.0714569091796875
0.30438232421875 0.2459716796875 0.0219497680664063 0.0610237121582031
0.37274169921875 0.091766357421875 0.0564460754394532 0.0240440368652344
0.399505615234375 0.086090087890625 0.0389404296875 0.0143852233886719
0.405426025390625 0.018463134765625 0.0581398010253906 -0.00299453735351562
0.351043701171875 0.121917724609375 0.024129867553711 0.00561904907226563
0.32623291015625 0.258331298828125 -0.027435302734375 0.0175819396972656
0.232757568359375 0.393798828125 -0.0224533081054687 -0.0764389038085937
-0.0964050292968749 0.541015625 0.0274810791015625 -0.140899658203125
-0.2650146484375 0.460601806640625 0.133255004882812 -0.1619873046875
-0.468048095703125 0.393585205078125 0.233413696289062 -0.114944458007812
-0.502655029296875 0.316680908203125 -0.197662353515625 -0.0236053466796875
-0.424652099609375 0.33782958984375 -0.0934677124023438 -0.00463867187499999
-0.282470703125 0.51739501953125 -0.0234489440917969 -0.0118560791015625
-0.0361328125 0.47821044921875 -0.0523719787597656 -0.0357894897460937
0.14788818359375 0.434814453125 -0.0951919555664062 0.000572204589843795
0.3035888671875 0.2650146484375 -0.0961227416992187 -0.00952911376953125
0.36785888671875 0.10919189453125 -0.0991134643554687 0.0143966674804688
0.392181396484375 0.09893798828125 -0.103317260742187 0.0260848999023438
0.4033203125 0.033050537109375 -0.0818252563476562 0.0160598754882812
0.340606689453125 0.130859375 -0.0996780395507812 -0.00138854980468749
0.312286376953125 0.2598876953125 -0.0991058349609375 0.00757598876953128
0.219970703125 0.37774658203125 -0.0682220458984375 -0.0619354248046875
-0.0907897949218751 0.51995849609375 -0.00834655761718751 -0.0948944091796875
-0.24786376953125 0.44708251953125 0.07623291015625 -0.049102783203125
-0.448974609375 0.40185546875 0.0789871215820312 0.00895690917968752
-0.3875732421875 0.29034423828125 -0.354248046875 0.0829467773437499
-0.315673828125 0.302520751953125 -0.189376831054688 0.08941650390625
-0.20068359375 0.413055419921875 -0.0645294189453125 0.0124359130859375
-0.018035888671875 0.3736572265625 -0.083251953125 -0.0460357666015625
0.117095947265625 0.351287841796875 -0.136642456054688 -0.06036376953125
0.252731323242188 0.227615356445313 -0.201736450195313 -0.06964111328125
0.303680419921875 0.10321044921875 -0.238677978515625 0.00914001464843755
0.32330322265625 0.09674072265625 -0.228134155273437 0.0350494384765625
0.338775634765625 0.051666259765625 -0.20635986328125 0.0299224853515625
0.270538330078125 0.135696411132813 -0.20379638671875 -0.0144500732421875
0.229568481445313 0.2359619140625 -0.152069091796875 -0.0129852294921875
0.1414794921875 0.310394287109375 -0.0969085693359375 -0.0498123168945312
-0.100433349609375 0.40081787109375 -0.0301055908203125 -0.0479393005371094
-0.20941162109375 0.345458984375 0.0241889953613281 0.0613517761230469
-0.366180419921875 0.335601806640625 -0.06512451171875 0.127578735351563
-0.213027954101563 0.214736938476562 -0.465576171875 0.18402099609375
-0.157699584960938 0.21185302734375 -0.259994506835938 0.176620483398437
-0.0919647216796875 0.237289428710938 -0.10015869140625 0.045654296875
-0.00131225585937499 0.20574951171875 -0.103912353515625 -0.03265380859375
0.0670013427734375 0.209365844726563 -0.1556396484375 -0.094573974609375
0.16070556640625 0.150558471679688 -0.273529052734375 -0.102523803710938
0.191909790039063 0.0800323486328125 -0.339111328125 0.0101318359375
0.206146240234375 0.08056640625 -0.3173828125 0.0396728515625
0.224395751953125 0.0653839111328125 -0.2984619140625 0.030181884765625
0.159347534179688 0.124313354492188 -0.2698974609375 -0.0427093505859374
0.108932495117187 0.181549072265625 -0.17462158203125 -0.0523529052734375
0.0373992919921875 0.199996948242188 -0.103042602539063 -0.0486602783203125
-0.0986785888671875 0.221954345703125 -0.0386123657226563 -0.0124740600585937
-0.137924194335937 0.191848754882813 -0.025421142578125 0.143218994140625
-0.230133056640625 0.218276977539062 -0.181640625 0.216567993164063
-0.0162734985351562 0.0954360961914062 -0.518341064453125 0.262359619140625
0.00478363037109376 0.0813064575195313 -0.293121337890625 0.24847412109375
0.00228118896484375 0.0353813171386719 -0.117507934570312 0.08758544921875
-0.000791549682617188 0.0270404815673828 -0.10394287109375 0.000190734863281262
0.00128555297851563 0.0542640686035156 -0.15155029296875 -0.101791381835938
0.0442237854003906 0.060791015625 -0.301788330078125 -0.1065673828125
0.0507850646972656 0.0499916076660156 -0.38580322265625 0.0190124511718749
0.058502197265625 0.0529823303222656 -0.358551025390625 0.037750244140625
0.0794677734375 0.0633926391601563 -0.347381591796875 0.0145263671875
0.0361785888671875 0.08209228515625 -0.2916259765625 -0.08319091796875
-0.00663757324218749 0.090362548828125 -0.16412353515625 -0.099334716796875
-0.0424919128417969 0.0576324462890625 -0.0891799926757813 -0.0550308227539062
-0.0535926818847656 0.0268707275390625 -0.0387649536132813 0.0102272033691406
-0.0294456481933594 0.0331344604492188 -0.069732666015625 0.185287475585938
-0.053253173828125 0.0826644897460938 -0.256011962890625 0.26080322265625
-0.177291870117188 0.0536956787109375 0.2523193359375 -0.329925537109375
-0.122596740722656 0.100410461425781 0.0985107421875 -0.254547119140625
-0.027801513671875 0.165191650390625 0.0200691223144531 -0.0313282012939453
0.0621337890625 0.113449096679687 0.0409088134765625 0.0575981140136719
0.0974502563476562 0.0373992919921875 0.115066528320313 0.1552734375
0.0668792724609375 -0.0187950134277344 0.281341552734375 0.1302490234375
0.0815582275390625 -0.0346755981445313 0.372344970703125 -0.018798828125
0.0956802368164063 -0.0190963745117188 0.36163330078125 -0.04913330078125
0.0806884765625 -0.028533935546875 0.37457275390625 -0.04302978515625
0.0907974243164063 0.0120468139648438 0.318145751953125 0.051513671875
0.094970703125 0.061004638671875 0.166229248046875 0.064727783203125
0.0680084228515625 0.1328125 0.108474731445313 -0.0466995239257812
-0.0642547607421875 0.1531982421875 0.144332885742188 -0.154251098632813
-0.111358642578125 0.102760314941406 0.264923095703125 -0.290283203125
-0.140113830566406 0.0461959838867187 0.5546875 -0.3106689453125
-0.34356689453125 0.183441162109375 0.215545654296875 -0.296295166015625
-0.263687133789062 0.210830688476563 0.102005004882813 -0.233657836914063
-0.126617431640625 0.33575439453125 0.0228767395019531 -0.0424880981445312
0.0467987060546875 0.27392578125 0.0171661376953125 0.0435905456542969
0.15234375 0.189620971679688 0.069915771484375 0.161178588867188
0.183258056640625 0.0714263916015625 0.2293701171875 0.139511108398438
0.222579956054688 -0.0036773681640625 0.3162841796875 0.00146484375
0.245681762695313 0.0088653564453125 0.295623779296875 -0.033050537109375
0.23431396484375 -0.0198211669921875 0.310150146484375 -0.045501708984375
0.215438842773437 0.061920166015625 0.2559814453125 0.0275115966796875
0.199951171875 0.155746459960938 0.118980407714844 0.0449371337890625
0.13970947265625 0.262619018554687 0.0718307495117188 -0.0743331909179687
-0.08984375 0.34112548828125 0.111663818359375 -0.181976318359375
-0.196868896484375 0.270721435546875 0.233245849609375 -0.304443359375
-0.300048828125 0.213592529296875 0.4903564453125 -0.305419921875
-0.47174072265625 0.284149169921875 0.1162109375 -0.226699829101563
-0.38470458984375 0.3011474609375 0.0698089599609375 -0.180572509765625
-0.221527099609375 0.478057861328125 0.0226364135742187 -0.0445518493652343
0.01641845703125 0.415618896484375 -0.00181770324707031 0.0195178985595703
0.18402099609375 0.334320068359375 0.019622802734375 0.13330078125
0.276275634765625 0.165267944335938 0.142608642578125 0.114303588867188
0.332763671875 0.03533935546875 0.206878662109375 0.0148162841796875
0.361053466796875 0.0357666015625 0.183059692382813 -0.0126190185546875
0.35382080078125 -0.0177001953125 0.200088500976563 -0.033905029296875
0.3177490234375 0.0872802734375 0.153762817382813 0.00938415527343751
0.30059814453125 0.21563720703125 0.0542182922363281 0.0296821594238281
0.221893310546875 0.35186767578125 0.0243682861328125 -0.0862503051757812
-0.077667236328125 0.493988037109375 0.0670928955078125 -0.1795654296875
-0.2374267578125 0.415740966796875 0.182266235351562 -0.2664794921875
-0.408477783203125 0.359100341796875 0.3768310546875 -0.245147705078125
-0.528961181640625 0.35101318359375 -0.0325698852539063 -0.128334045410156
-0.443389892578125 0.366668701171875 -0.000907897949218768 -0.09832763671875
-0.27056884765625 0.5640869140625 0.00850677490234373 -0.0343208312988281
-0.00238037109374996 0.503326416015625 -0.0233058929443359 -0.0100612640380859
0.19732666015625 0.429779052734375 -0.0369644165039063 0.0765380859375
0.332183837890625 0.234710693359375 0.028289794921875 0.0621986389160156
0.39361572265625 0.0684814453125 0.060272216796875 0.0205612182617188
0.421783447265625 0.055938720703125 0.0433311462402344 0.0113754272460938
0.421051025390625 -0.012725830078125 0.0630149841308594 -0.00981903076171875
0.373077392578125 0.100555419921875 0.0273838043212891 0.00457572937011719
0.357818603515625 0.24371337890625 -0.0231056213378906 0.0214996337890625
0.272552490234375 0.390106201171875 -0.0279464721679687 -0.0786514282226562
-0.0546875 0.57208251953125 0.0220184326171875 -0.146041870117187
-0.2415771484375 0.49560546875 0.12750244140625 -0.17626953125
-0.4527587890625 0.448516845703125 0.234024047851562 -0.133255004882812
-0.498779296875 0.368408203125 -0.203079223632813 -0.0100860595703125
-0.417266845703125 0.385589599609375 -0.0949249267578125 0.00361633300781253
-0.2528076171875 0.55902099609375 -0.0214653015136719 -0.0130176544189453
-0.00158691406250002 0.497772216796875 -0.0531196594238281 -0.035186767578125
0.18780517578125 0.439208984375 -0.0960540771484375 0.00593566894531252
0.334686279296875 0.254364013671875 -0.100814819335937 -0.00202941894531246
0.39141845703125 0.08660888671875 -0.101028442382812 0.02362060546875
0.415435791015625 0.069122314453125 -0.102943420410156 0.035491943359375
0.42138671875 0.00152587890625 -0.0800399780273437 0.0219955444335937
0.363433837890625 0.1114501953125 -0.101577758789062 0.00769805908203125
0.34405517578125 0.246337890625 -0.0988006591796875 0.015960693359375
0.256195068359375 0.374237060546875 -0.0734176635742187 -0.0604476928710937
-0.050628662109375 0.548431396484375 -0.0116653442382813 -0.0958633422851562
-0.2261962890625 0.48187255859375 0.07794189453125 -0.0550918579101562
-0.43450927734375 0.454315185546875 0.0836563110351562 0.00664520263671878
-0.381988525390625 0.332244873046875 -0.356536865234375 0.1134033203125
-0.306060791015625 0.339447021484375 -0.187408447265625 0.1094970703125
-0.176788330078125 0.44781494140625 -0.0628814697265625 0.016754150390625
0.00848388671875 0.388702392578125 -0.08526611328125 -0.0437393188476562
0.150543212890625 0.35638427734375 -0.142929077148438 -0.0546417236328125
0.28106689453125 0.2188720703125 -0.215606689453125 -0.0559387207031249
0.3251953125 0.085540771484375 -0.24554443359375 0.029510498046875
0.3447265625 0.072906494140625 -0.230606079101562 0.054718017578125
0.355743408203125 0.0252685546875 -0.208099365234375 0.0470733642578125
0.291290283203125 0.12115478515625 -0.210418701171875 0.002960205078125
0.255996704101563 0.227645874023438 -0.156158447265625 -0.00280761718750001
0.17034912109375 0.31109619140625 -0.102218627929687 -0.0449905395507813
-0.07086181640625 0.426849365234375 -0.0312843322753906 -0.0451583862304687
-0.19293212890625 0.37384033203125 0.0323333740234375 0.0632286071777344
-0.353851318359375 0.379913330078125 -0.0555191040039063 0.140533447265625
-0.208114624023438 0.23974609375 -0.465179443359375 0.224212646484375
-0.149826049804688 0.233078002929687 -0.254150390625 0.205123901367188
-0.0792083740234375 0.256240844726563 -0.0985260009765625 0.0550308227539063
0.0133209228515625 0.21435546875 -0.106086730957031 -0.0270309448242187
0.08734130859375 0.21331787109375 -0.167343139648437 -0.089202880859375
0.17999267578125 0.145294189453125 -0.293548583984375 -0.085784912109375
0.207244873046875 0.069427490234375 -0.349365234375 0.0393066406249999
0.222503662109375 0.0665740966796875 -0.322967529296875 0.0661926269531249
0.238601684570312 0.0489501953125 -0.30426025390625 0.05419921875
0.176467895507813 0.116775512695312 -0.28179931640625 -0.02191162109375
0.126937866210938 0.18035888671875 -0.183029174804688 -0.0421142578125
0.0546112060546875 0.204757690429687 -0.108016967773438 -0.0427093505859375
-0.0836639404296875 0.239959716796875 -0.0378265380859375 -0.00816345214843749
-0.131103515625 0.210296630859375 -0.0134124755859375 0.151123046875
-0.223037719726562 0.246902465820313 -0.169845581054687 0.240921020507813
-0.0134353637695313 0.100288391113281 -0.510711669921875 0.311065673828125
0.00879669189453125 0.0844573974609375 -0.283721923828125 0.2813720703125
0.00267791748046875 0.0391044616699219 -0.114677429199219 0.100616455078125
-0.00035667419433594 0.0290718078613281 -0.104743957519531 0.00641632080078126
0.00632858276367188 0.0575141906738281 -0.16473388671875 -0.0973663330078125
0.0526504516601563 0.0608711242675781 -0.323944091796875 -0.087677001953125
0.0584220886230469 0.0485496520996094 -0.396881103515625 0.0516357421875
0.0669288635253906 0.0500679016113281 -0.3665771484375 0.0671997070312501
0.0892791748046875 0.05792236328125 -0.356231689453125 0.0422363281250001
0.04595947265625 0.083160400390625 -0.308258056640625 -0.061676025390625
0.000633239746093751 0.0950088500976563 -0.177459716796875 -0.0915985107421875
-0.0389595031738281 0.0640449523925781 -0.0946044921875 -0.0494232177734375
-0.052642822265625 0.0344581604003906 -0.0374336242675781 0.014739990234375
-0.0297927856445313 0.0386581420898438 -0.056640625 0.197906494140625
-0.0515289306640625 0.09222412109375 -0.24493408203125 0.29205322265625
-0.171340942382813 0.0676116943359375 0.230377197265625 -0.353790283203125
-0.113883972167969 0.107391357421875 0.07977294921875 -0.26593017578125
-0.0148162841796875 0.164901733398438 0.0173072814941406 -0.0365028381347656
0.069488525390625 0.108108520507813 0.0433425903320313 0.0539779663085938
0.0986251831054687 0.0295257568359375 0.127731323242188 0.150192260742188
0.0638923645019531 -0.0225181579589844 0.2957763671875 0.11090087890625
0.0788345336914063 -0.0411300659179688 0.373565673828125 -0.048858642578125
0.0944747924804688 -0.0269775390625 0.359588623046875 -0.0787353515625
0.078887939453125 -0.0333251953125 0.373992919921875 -0.074737548828125
0.092010498046875 0.00489044189453125 0.3272705078125 0.026519775390625
0.100860595703125 0.0537872314453125 0.175735473632813 0.055023193359375
0.0803756713867188 0.127578735351563 0.10400390625 -0.0542755126953125
-0.0524749755859375 0.159912109375 0.131851196289063 -0.165573120117188
-0.103683471679687 0.111198425292969 0.243255615234375 -0.312103271484375
-0.134773254394531 0.058074951171875 0.5328369140625 -0.353851318359375
-0.329864501953125 0.212158203125 0.196319580078125 -0.316864013671875
-0.249557495117188 0.23052978515625 0.08477783203125 -0.244873046875
-0.1002197265625 0.345306396484375 0.0213890075683594 -0.0483283996582031
0.0660247802734375 0.270706176757813 0.0193634033203125 0.040618896484375
0.1658935546875 0.178665161132813 0.0840301513671875 0.15850830078125
0.18756103515625 0.0605316162109375 0.243881225585938 0.124099731445313
0.223678588867188 -0.019378662109375 0.317718505859375 -0.023345947265625
0.248428344726563 -0.01141357421875 0.294830322265625 -0.057861328125
0.234268188476563 -0.03753662109375 0.3092041015625 -0.07318115234375
0.221542358398437 0.04638671875 0.262481689453125 0.0068206787109375
0.214202880859375 0.142242431640625 0.127830505371094 0.0385284423828125
0.162445068359375 0.253082275390625 0.0660858154296875 -0.0803680419921875
-0.062957763671875 0.352142333984375 0.0997161865234375 -0.191513061523437
-0.17852783203125 0.28753662109375 0.211639404296875 -0.324493408203125
-0.28369140625 0.240142822265625 0.469024658203125 -0.343658447265625
-0.4527587890625 0.324005126953125 0.101409912109375 -0.239730834960937
-0.3643798828125 0.3323974609375 0.0566253662109375 -0.189208984375
-0.18511962890625 0.49737548828125 0.0215377807617187 -0.0507087707519531
0.046478271484375 0.415252685546875 0.000602722167968754 0.0169210433959961
0.209381103515625 0.3214111328125 0.0309371948242188 0.133338928222656
0.289306640625 0.148529052734375 0.155487060546875 0.105361938476563
0.338775634765625 0.0111083984375 0.209609985351563 -0.0010528564453125
0.367584228515625 0.0052490234375 0.183914184570313 -0.0277252197265625
0.355133056640625 -0.04510498046875 0.200180053710938 -0.0527496337890625
0.327178955078125 0.066131591796875 0.158767700195313 -0.0030364990234375
0.32037353515625 0.194793701171875 0.061065673828125 0.02703857421875
0.251312255859375 0.337799072265625 0.0172805786132813 -0.0898056030273437
-0.038726806640625 0.50616455078125 0.056640625 -0.185897827148438
-0.208709716796875 0.437042236328125 0.164337158203125 -0.281280517578125
-0.382568359375 0.39630126953125 0.3612060546875 -0.272491455078125
-0.50665283203125 0.397247314453125 -0.0400009155273438 -0.129005432128906
-0.41986083984375 0.403594970703125 -0.00697326660156254 -0.099090576171875
-0.228759765625 0.58953857421875 0.00931930541992186 -0.0386810302734375
0.03521728515625 0.506500244140625 -0.0221157073974609 -0.0111865997314453
0.231536865234375 0.417083740234375 -0.029510498046875 0.0792617797851563
0.351959228515625 0.213165283203125 0.034454345703125 0.0611343383789063
0.404327392578125 0.040496826171875 0.0628623962402344 0.0169029235839844
0.43060302734375 0.02191162109375 0.0461311340332032 0.00765228271484375
0.423248291015625 -0.046905517578125 0.0649490356445313 -0.0175209045410156
0.38409423828125 0.07379150390625 0.0309123992919922 0.00292015075683594
0.37969970703125 0.219207763671875 -0.0176830291748047 0.0237159729003906
0.305419921875 0.372406005859375 -0.0338516235351562 -0.0791244506835937
-0.00805664062499998 0.58221435546875 0.0153656005859375 -0.149078369140625
-0.207489013671875 0.518280029296875 0.11639404296875 -0.18603515625
-0.42034912109375 0.490020751953125 0.226913452148437 -0.148773193359375
-0.476318359375 0.412261962890625 -0.202072143554688 0.00335693359374999
-0.391754150390625 0.421966552734375 -0.0930633544921875 0.0118331909179688
-0.2115478515625 0.584716796875 -0.0195236206054688 -0.0138912200927734
0.03582763671875 0.502227783203125 -0.0524864196777344 -0.0341682434082031
0.223907470703125 0.42877197265625 -0.0942153930664062 0.0110855102539063
0.35736083984375 0.233489990234375 -0.101959228515625 0.0063934326171875
0.403839111328125 0.0599365234375 -0.0989227294921875 0.0337753295898438
0.42645263671875 0.03546142578125 -0.09869384765625 0.0433120727539063
0.424652099609375 -0.032958984375 -0.0761260986328125 0.0260391235351563
0.375396728515625 0.085784912109375 -0.0992889404296875 0.016265869140625
0.365020751953125 0.22296142578125 -0.0950164794921875 0.0228195190429687
0.2867431640625 0.358154296875 -0.0777664184570312 -0.0570907592773437
-0.00781250000000004 0.558746337890625 -0.0137786865234375 -0.0951690673828125
-0.192474365234375 0.502471923828125 0.076629638671875 -0.0603866577148437
-0.40167236328125 0.495849609375 0.08685302734375 0.00322723388671878
-0.362457275390625 0.36663818359375 -0.347076416015625 0.140380859375
-0.28466796875 0.367828369140625 -0.177337646484375 0.1263427734375
-0.1434326171875 0.467620849609375 -0.0589790344238281 0.0206832885742188
0.035919189453125 0.392303466796875 -0.0852890014648437 -0.0398406982421875
0.180389404296875 0.34857177734375 -0.147674560546875 -0.04736328125
0.30133056640625 0.202545166015625 -0.223236083984375 -0.03961181640625
0.337677001953125 0.062835693359375 -0.24456787109375 0.04986572265625
0.355804443359375 0.04522705078125 -0.225143432617187 0.0725250244140625
0.3612060546875 -0.00347900390625 -0.203079223632812 0.06170654296875
0.30389404296875 0.10125732421875 -0.209197998046875 0.0203857421875
0.275665283203125 0.210968017578125 -0.15509033203125 0.00810241699218754
0.195281982421875 0.301055908203125 -0.104286193847656 -0.0392990112304687
-0.036041259765625 0.43695068359375 -0.0298309326171875 -0.043060302734375
-0.16815185546875 0.39208984375 0.0402412414550781 0.0621795654296875
-0.32830810546875 0.41473388671875 -0.0429229736328125 0.148834228515625
-0.194747924804687 0.259368896484375 -0.447601318359375 0.262115478515625
-0.135635375976563 0.248336791992188 -0.237716674804688 0.228225708007813
-0.0615386962890625 0.268722534179688 -0.0922470092773438 0.0630722045898438
0.0283050537109375 0.216445922851562 -0.105072021484375 -0.0214920043945312
0.10595703125 0.209716796875 -0.1746826171875 -0.0809326171875
0.195144653320312 0.1348876953125 -0.30523681640625 -0.0635986328125
0.2171630859375 0.0557098388671875 -0.348785400390625 0.0678100585937499
0.231597900390625 0.048858642578125 -0.31719970703125 0.0921020507812501
0.245895385742188 0.0288543701171875 -0.2989501953125 0.07781982421875
0.18804931640625 0.105819702148438 -0.283905029296875 0.00119018554687499
0.142044067382813 0.173263549804687 -0.186355590820312 -0.0295867919921875
0.070465087890625 0.20269775390625 -0.109611511230469 -0.0358123779296875
-0.06402587890625 0.2506103515625 -0.0354270935058594 -0.00470352172851561
-0.118789672851563 0.223037719726563 0.000305175781250004 0.15411376953125
-0.20843505859375 0.26947021484375 -0.151275634765625 0.25762939453125
-0.00865936279296876 0.102745056152344 -0.490570068359375 0.351531982421875
0.0131759643554688 0.0849990844726562 -0.26165771484375 0.307098388671875
0.00423431396484375 0.04241943359375 -0.106124877929688 0.110267639160156
0.000980377197265628 0.0307102203369141 -0.102577209472656 0.012359619140625
0.0122718811035156 0.0586509704589844 -0.173675537109375 -0.0889434814453125
0.0595703125 0.0579299926757813 -0.33697509765625 -0.063507080078125
0.0652847290039063 0.0451126098632813 -0.394805908203125 0.0845031738281249
0.07318115234375 0.0452346801757813 -0.36181640625 0.097412109375
0.0963287353515625 0.0499343872070313 -0.35284423828125 0.0713806152343751
0.054473876953125 0.0808563232421875 -0.31414794921875 -0.036712646484375
0.00893402099609374 0.0961380004882813 -0.185928344726562 -0.079559326171875
-0.033782958984375 0.0687446594238281 -0.0966949462890625 -0.042449951171875
-0.04974365234375 0.0406227111816406 -0.0347366333007813 0.0183734893798828
-0.0288238525390625 0.0430221557617187 -0.040435791015625 0.204666137695313
-0.0478515625 0.0990219116210938 -0.223724365234375 0.314208984375
-0.163833618164063 0.0758514404296875 0.210418701171875 -0.366302490234375
-0.106636047363281 0.109909057617188 0.062835693359375 -0.270599365234375
-0.0054168701171875 0.160919189453125 0.0143089294433594 -0.0399055480957031
0.0731658935546875 0.101608276367188 0.0439567565917969 0.0506324768066406
0.0960845947265625 0.02301025390625 0.13629150390625 0.143798828125
0.0594940185546875 -0.0240097045898438 0.3031005859375 0.093994140625
0.0752639770507813 -0.0443801879882813 0.36700439453125 -0.07049560546875
0.0919113159179688 -0.0326995849609375 0.35125732421875 -0.100189208984375
0.07635498046875 -0.0374526977539063 0.36639404296875 -0.09735107421875
0.090667724609375 -8.392333984375E-05 0.32818603515625 0.00579833984375
0.103630065917969 0.047271728515625 0.180648803710937 0.0471038818359375
0.0882720947265625 0.121063232421875 0.0990829467773438 -0.0584793090820312
-0.0415496826171875 0.162704467773438 0.119522094726563 -0.170791625976563
-0.0953369140625 0.115097045898437 0.22283935546875 -0.321685791015625
-0.127738952636719 0.0653228759765625 0.5076904296875 -0.378936767578125
-0.3143310546875 0.228851318359375 0.17852783203125 -0.3272705078125
-0.233444213867188 0.241729736328125 0.07086181640625 -0.249374389648437
-0.07958984375 0.345611572265625 0.0183525085449219 -0.0527076721191406
0.078765869140625 0.262435913085938 0.0212364196777344 0.0378494262695313
0.17156982421875 0.167068481445313 0.09246826171875 0.154190063476563
0.187484741210938 0.0523223876953125 0.252182006835938 0.109771728515625
0.22161865234375 -0.0312347412109375 0.31494140625 -0.041412353515625
0.246307373046875 -0.027008056640625 0.28863525390625 -0.07598876953125
0.23095703125 -0.0500030517578125 0.303375244140625 -0.0921630859375
0.222137451171875 0.034576416015625 0.2625732421875 -0.0096588134765625
0.221939086914063 0.129119873046875 0.1331787109375 0.0324935913085938
0.176559448242187 0.241806030273437 0.0600204467773438 -0.0835800170898437
-0.040252685546875 0.35455322265625 0.088836669921875 -0.195343017578125
-0.161712646484375 0.29541015625 0.191864013671875 -0.332183837890625
-0.265151977539062 0.255996704101563 0.444549560546875 -0.3638916015625
-0.4300537109375 0.348846435546875 0.088958740234375 -0.244644165039062
-0.3433837890625 0.349456787109375 0.046875 -0.191360473632813
-0.155364990234375 0.501617431640625 0.0201339721679687 -0.0551528930664062
0.06695556640625 0.40704345703125 0.00197982788085938 0.0139007568359375
0.224090576171875 0.3062744140625 0.0398712158203125 0.130203247070313
0.29351806640625 0.134765625 0.1622314453125 0.0959320068359375
0.338226318359375 -0.00732421875 0.208206176757813 -0.0130767822265625
0.36492919921875 -0.017822265625 0.1812744140625 -0.0392913818359375
0.35101318359375 -0.065643310546875 0.196868896484375 -0.067291259765625
0.327911376953125 0.047149658203125 0.159744262695313 -0.0129547119140625
0.329132080078125 0.175567626953125 0.066253662109375 0.0238456726074219
0.26953125 0.3211669921875 0.0113296508789063 -0.0912322998046875
-0.00616455078125 0.5064697265625 0.0478668212890625 -0.187759399414062
-0.185272216796875 0.4461669921875 0.1475830078125 -0.287567138671875
-0.354522705078125 0.41656494140625 0.34356689453125 -0.2884521484375
-0.4818115234375 0.424224853515625 -0.0445709228515625 -0.126533508300781
-0.39483642578125 0.42462158203125 -0.0103836059570313 -0.0983963012695312
-0.19085693359375 0.5982666015625 0.00967788696289061 -0.0421867370605468
0.0615234375 0.499176025390625 -0.0205116271972656 -0.0131645202636718
0.253662109375 0.400909423828125 -0.0233306884765625 0.0789718627929688
0.3609619140625 0.195709228515625 0.0390281677246094 0.0587387084960938
0.404937744140625 0.01812744140625 0.0646209716796875 0.0139503479003906
0.429779052734375 -0.005462646484375 0.0472183227539063 0.00386428833007812
0.417816162109375 -0.070953369140625 0.0645332336425782 -0.0240974426269531
0.38507080078125 0.053558349609375 0.0333614349365235 0.000547409057617191
0.390228271484375 0.195709228515625 -0.0121707916259765 0.02447509765625
0.324462890625 0.353240966796875 -0.0384521484375 -0.07861328125
0.02947998046875 0.57977294921875 0.010711669921875 -0.149307250976562
-0.179351806640625 0.5262451171875 0.107101440429687 -0.190567016601562
-0.38714599609375 0.51312255859375 0.218048095703125 -0.158096313476563
-0.45111083984375 0.438995361328125 -0.197479248046875 0.0138549804687501
-0.3660888671875 0.442596435546875 -0.0890579223632813 0.017303466796875
-0.1766357421875 0.59490966796875 -0.0172252655029297 -0.0153045654296875
0.061065673828125 0.49627685546875 -0.0514183044433594 -0.0347557067871093
0.247650146484375 0.412841796875 -0.0916900634765625 0.0143356323242188
0.36895751953125 0.214630126953125 -0.100028991699219 0.0119857788085938
0.4078369140625 0.036895751953125 -0.0944366455078125 0.0399017333984375
0.426666259765625 0.00836181640625 -0.093505859375 0.0476455688476563
0.420166015625 -0.058135986328125 -0.0726470947265625 0.0273971557617187
0.37811279296875 0.06549072265625 -0.09503173828125 0.0222244262695312
0.3759765625 0.200836181640625 -0.08990478515625 0.0270919799804688
0.304656982421875 0.34039306640625 -0.0805816650390625 -0.0543594360351562
0.0291442871093751 0.55621337890625 -0.0147247314453125 -0.0948410034179687
-0.166168212890625 0.511138916015625 0.07513427734375 -0.0638351440429687
-0.368682861328125 0.51806640625 0.088134765625 0.000358581542968782
-0.34234619140625 0.386383056640625 -0.333343505859375 0.1572265625
-0.264556884765625 0.383392333984375 -0.165420532226563 0.136184692382813
-0.116363525390625 0.47607421875 -0.0538558959960938 0.0219917297363282
0.056396484375 0.38824462890625 -0.083740234375 -0.037994384765625
0.20050048828125 0.3363037109375 -0.148727416992188 -0.0413665771484375
0.312744140625 0.18646240234375 -0.224899291992187 -0.026885986328125
0.34259033203125 0.044219970703125 -0.237594604492187 0.065673828125
0.357574462890625 0.02276611328125 -0.217453002929687 0.0842742919921875
0.358856201171875 -0.02606201171875 -0.195709228515625 0.0704803466796875
0.30792236328125 0.085052490234375 -0.204254150390625 0.033294677734375
0.28570556640625 0.19500732421875 -0.1507568359375 0.015350341796875
0.209564208984375 0.28814697265625 -0.104957580566406 -0.03472900390625
-0.00872802734374998 0.436737060546875 -0.0275535583496094 -0.0414161682128906
-0.14764404296875 0.399261474609375 0.0459327697753906 0.0595703125
-0.302886962890625 0.43145751953125 -0.0331268310546875 0.151519775390625
-0.182830810546875 0.2696533203125 -0.426544189453125 0.282379150390625
-0.123092651367188 0.256134033203125 -0.21929931640625 0.240692138671875
-0.0462188720703125 0.2744140625 -0.085845947265625 0.0669784545898438
0.0384521484375 0.214950561523437 -0.1025390625 -0.0190658569335937
0.11920166015625 0.203521728515625 -0.1787109375 -0.073638916015625
0.203994750976563 0.124298095703125 -0.3089599609375 -0.04583740234375
0.22265625 0.0436248779296875 -0.34002685546875 0.0895385742187501
0.234512329101563 0.0344390869140625 -0.307769775390625 0.1087646484375
0.24658203125 0.0130462646484375 -0.290008544921875 0.09295654296875
0.194305419921875 0.0952301025390625 -0.279830932617188 0.0180511474609376
0.15155029296875 0.164901733398438 -0.185394287109375 -0.019317626953125
0.081146240234375 0.198410034179688 -0.109756469726563 -0.0302734375
-0.0481109619140625 0.252838134765625 -0.0320339202880859 -0.0036201477050781
-0.107437133789062 0.229629516601563 0.010406494140625 0.15283203125
-0.19256591796875 0.281982421875 -0.1341552734375 0.265579223632813
-0.0061798095703125 0.103240966796875 -0.46356201171875 0.37249755859375
0.0158920288085938 0.0847244262695313 -0.24005126953125 0.3204345703125
0.00571441650390625 0.0447273254394531 -0.0975265502929687 0.115287780761719
0.00167083740234375 0.03167724609375 -0.098419189453125 0.0155715942382813
0.0170669555664063 0.0587005615234375 -0.17901611328125 -0.082763671875
0.0641708374023438 0.0544357299804688 -0.341033935546875 -0.04376220703125
0.0692710876464844 0.0420379638671875 -0.3857421875 0.107574462890625
0.0767059326171875 0.0402984619140625 -0.350616455078125 0.116912841796875
0.0994338989257813 0.0424041748046875 -0.3441162109375 0.09063720703125
0.0602035522460938 0.0776596069335938 -0.313018798828125 -0.0172424316406249
0.0150680541992187 0.0958786010742188 -0.1890869140625 -0.0695648193359375
-0.0291824340820313 0.0712051391601562 -0.0970611572265625 -0.0369796752929688
-0.0461845397949219 0.0450439453125 -0.0314006805419922 0.0199127197265625
-0.0278205871582031 0.0464820861816406 -0.02740478515625 0.205474853515625
-0.0446014404296875 0.103660583496094 -0.2041015625 0.32513427734375
-0.158767700195313 0.0816497802734375 0.1973876953125 -0.37506103515625
-0.101806640625 0.11102294921875 0.0512847900390625 -0.272659301757813
-0.000854492187499984 0.157958984375 0.0122489929199219 -0.0417709350585938
0.07470703125 0.0979995727539063 0.0439491271972656 0.0491752624511719
0.0939102172851563 0.0194854736328125 0.142242431640625 0.141555786132813
0.0566062927246094 -0.0239982604980469 0.308563232421875 0.082794189453125
0.0726470947265625 -0.0463943481445313 0.36383056640625 -0.083953857421875
0.0898666381835938 -0.0369949340820313 0.34527587890625 -0.1124267578125
0.0752334594726563 -0.0393600463867188 0.36138916015625 -0.11181640625
0.0899124145507813 -0.003143310546875 0.32904052734375 -0.00726318359375
0.105621337890625 0.0423583984375 0.185653686523437 0.0418853759765625
0.0925064086914063 0.116668701171875 0.0955810546875 -0.060699462890625
-0.034393310546875 0.164031982421875 0.11181640625 -0.172775268554688
-0.0898666381835938 0.117507934570313 0.209930419921875 -0.327606201171875
-0.122489929199219 0.069610595703125 0.49114990234375 -0.392181396484375
-0.30438232421875 0.2408447265625 0.167266845703125 -0.333892822265625
-0.223953247070312 0.247329711914062 0.0611114501953125 -0.25152587890625
-0.066436767578125 0.346099853515625 0.0169296264648438 -0.0555496215820312
0.08551025390625 0.256515502929688 0.0213241577148438 0.0354957580566406
0.174957275390625 0.159866333007813 0.0996551513671875 0.151885986328125
0.187103271484375 0.048370361328125 0.2584228515625 0.100311279296875
0.219573974609375 -0.03887939453125 0.312225341796875 -0.0528564453125
0.244583129882813 -0.0371246337890625 0.2843017578125 -0.086456298828125
0.228927612304688 -0.058013916015625 0.2982177734375 -0.10528564453125
0.222381591796875 0.02740478515625 0.264312744140625 -0.0205841064453125
0.226531982421875 0.120452880859375 0.138175964355469 0.028533935546875
0.185195922851563 0.234771728515625 0.0553512573242188 -0.0847015380859375
-0.02508544921875 0.356109619140625 0.081878662109375 -0.197418212890625
-0.151214599609375 0.299774169921875 0.179443359375 -0.33734130859375
-0.25323486328125 0.2650146484375 0.430877685546875 -0.3756103515625
-0.4166259765625 0.36468505859375 0.0814361572265625 -0.249191284179688
-0.330230712890625 0.36090087890625 0.0402069091796875 -0.192474365234375
-0.134490966796875 0.505462646484375 0.0193634033203125 -0.0589103698730469
0.078948974609375 0.4022216796875 0.00272846221923829 0.01123046875
0.233734130859375 0.297332763671875 0.0461044311523438 0.129425048828125
0.297088623046875 0.1273193359375 0.167404174804688 0.09014892578125
0.33880615234375 -0.018768310546875 0.20806884765625 -0.02044677734375
0.364410400390625 -0.03302001953125 0.179916381835938 -0.046783447265625
0.34710693359375 -0.078460693359375 0.193008422851563 -0.077362060546875
0.329437255859375 0.03680419921875 0.161209106445313 -0.019805908203125
0.335906982421875 0.163726806640625 0.0711822509765625 0.02130126953125
0.281036376953125 0.311920166015625 0.00638580322265627 -0.0917129516601563
0.014923095703125 0.505096435546875 0.04327392578125 -0.189987182617187
-0.169921875 0.45111083984375 0.138153076171875 -0.29083251953125
-0.3380126953125 0.43017578125 0.332794189453125 -0.296661376953125
-0.463958740234375 0.44366455078125 -0.0468063354492188 -0.126335144042969
-0.37823486328125 0.43798828125 -0.01214599609375 -0.09844970703125
-0.1669921875 0.6044921875 0.0104866027832031 -0.0457687377929687
0.07550048828125 0.494476318359375 -0.0198783874511719 -0.0160026550292968
0.26654052734375 0.39111328125 -0.0188217163085937 0.0795516967773438
0.368316650390625 0.18536376953125 0.0419845581054688 0.0572242736816406
0.4083251953125 0.0040283203125 0.0666999816894532 0.0126762390136719
0.4296875 -0.023773193359375 0.0481910705566407 0.00127792358398437
0.414215087890625 -0.08770751953125 0.0635185241699219 -0.0292549133300781
0.386932373046875 0.0413818359375 0.0354881286621094 -0.0012664794921875
0.397369384765625 0.182373046875 -0.00758171081542966 0.0240821838378906
0.336639404296875 0.3416748046875 -0.0430984497070312 -0.0774688720703125
0.05389404296875 0.57769775390625 0.008544921875 -0.151351928710937
-0.1632080078125 0.531890869140625 0.101715087890625 -0.192855834960937
-0.367431640625 0.526611328125 0.212234497070312 -0.162673950195312
-0.43548583984375 0.457366943359375 -0.193328857421875 0.0192565917968751
-0.351226806640625 0.45562744140625 -0.085662841796875 0.0203628540039063
-0.1507568359375 0.60235595703125 -0.0147438049316406 -0.0175037384033203
0.076324462890625 0.492919921875 -0.0507354736328125 -0.0365371704101562
0.262542724609375 0.404144287109375 -0.0905914306640625 0.0164108276367188
0.378326416015625 0.2039794921875 -0.099822998046875 0.0162277221679687
0.412200927734375 0.02294921875 -0.09051513671875 0.0446701049804688
0.42822265625 -0.009429931640625 -0.0895843505859375 0.0499114990234375
0.417144775390625 -0.075103759765625 -0.0706787109375 0.0269012451171875
0.37939453125 0.0540771484375 -0.09173583984375 0.0255584716796875
0.3828125 0.1885986328125 -0.0860671997070312 0.0287857055664063
0.3157958984375 0.329925537109375 -0.0830459594726562 -0.05218505859375
0.0511474609375 0.55316162109375 -0.0145034790039062 -0.0957794189453125
-0.150482177734375 0.516082763671875 0.0748138427734375 -0.0663604736328125
-0.349884033203125 0.5318603515625 0.0894012451171875 -0.000587463378906217
-0.33013916015625 0.399871826171875 -0.324462890625 0.167236328125
-0.250823974609375 0.393341064453125 -0.157989501953125 0.142059326171875
-0.097381591796875 0.483154296875 -0.0503196716308594 0.0219306945800781
0.067535400390625 0.386810302734375 -0.08319091796875 -0.0388031005859375
0.214080810546875 0.33001708984375 -0.150344848632813 -0.0383758544921875
0.321929931640625 0.176513671875 -0.227142333984375 -0.0182952880859375
0.34771728515625 0.03155517578125 -0.23187255859375 0.074920654296875
0.35986328125 0.00836181640625 -0.211380004882812 0.0912322998046875
0.357177734375 -0.040679931640625 -0.191452026367187 0.075103759765625
0.311614990234375 0.075531005859375 -0.20050048828125 0.0407562255859375
0.29296875 0.1854248046875 -0.148529052734375 0.019317626953125
0.219207763671875 0.282073974609375 -0.105941772460937 -0.0321884155273437
0.00848388671874999 0.436737060546875 -0.0255851745605469 -0.0425338745117187
-0.13623046875 0.405059814453125 0.0497932434082031 0.0569801330566407
-0.28619384765625 0.444671630859375 -0.0260162353515625 0.154052734375
-0.175018310546875 0.277374267578125 -0.413726806640625 0.296356201171875
-0.115005493164063 0.261306762695313 -0.207931518554687 0.248260498046875
-0.0358123779296875 0.278411865234375 -0.0806121826171875 0.06903076171875
0.0442047119140625 0.214813232421875 -0.101455688476563 -0.0181884765625
0.127822875976563 0.1998291015625 -0.1826171875 -0.0703582763671875
0.210800170898437 0.117477416992187 -0.312744140625 -0.0340576171875
0.227569580078125 0.0354766845703125 -0.333160400390625 0.10205078125
0.2376708984375 0.025238037109375 -0.300079345703125 0.11859130859375
0.246368408203125 0.002593994140625 -0.284027099609375 0.10113525390625
0.198928833007813 0.089874267578125 -0.275985717773438 0.02935791015625
0.158187866210938 0.160614013671875 -0.185272216796875 -0.014495849609375
0.0873870849609375 0.196136474609375 -0.109580993652344 -0.02703857421875
-0.0373687744140625 0.2552490234375 -0.0289840698242188 -0.00351333618164061
-0.101455688476562 0.234542846679688 0.0181732177734375 0.15130615234375
-0.183197021484375 0.290740966796875 -0.123809814453125 0.269744873046875
-0.00537872314453126 0.103927612304688 -0.4461669921875 0.385894775390625
0.0180435180664063 0.0846939086914063 -0.225311279296875 0.327789306640625
0.00693511962890625 0.04742431640625 -0.0914840698242187 0.118392944335938
0.00195884704589844 0.0329952239990234 -0.0962982177734375 0.0161285400390625
0.020965576171875 0.05828857421875 -0.184112548828125 -0.0791168212890625
0.0682640075683594 0.0521049499511719 -0.34564208984375 -0.03118896484375
0.0736846923828125 0.038970947265625 -0.378173828125 0.12200927734375
0.0800018310546875 0.0373458862304688 -0.343353271484375 0.128631591796875
0.101531982421875 0.0371932983398438 -0.337738037109375 0.10162353515625
0.0647201538085938 0.0757598876953125 -0.31146240234375 -0.00469970703125001
0.0196762084960938 0.0960540771484375 -0.191207885742188 -0.0630950927734375
-0.0261459350585937 0.0732269287109375 -0.0963897705078125 -0.03387451171875
-0.0436019897460938 0.0477638244628906 -0.0291900634765625 0.0204696655273438
-0.0278549194335938 0.0496444702148438 -0.0177459716796875 0.205169677734375
-0.0424652099609375 0.107231140136719 -0.192138671875 0.332733154296875
-0.156478881835938 0.0865631103515625 0.190765380859375 -0.38739013671875
-0.100471496582031 0.113021850585938 0.0451202392578125 -0.278823852539063
0.003082275390625 0.15802001953125 0.0107688903808594 -0.0439529418945312
0.0768203735351563 0.0965194702148437 0.0441131591796875 0.0494918823242188
0.0925750732421875 0.017333984375 0.150390625 0.141754150390625
0.0545387268066406 -0.0234832763671875 0.31903076171875 0.075042724609375
0.0714263916015625 -0.0486221313476563 0.366180419921875 -0.096160888671875
0.0893096923828125 -0.0405044555664063 0.346038818359375 -0.123779296875
0.0757675170898438 -0.04180908203125 0.3623046875 -0.12493896484375
0.0908203125 -0.00537872314453125 0.335845947265625 -0.01708984375
0.108428955078125 0.0393829345703125 0.193161010742188 0.0384674072265625
0.0979232788085937 0.115325927734375 0.0943527221679688 -0.0624542236328125
-0.0294952392578125 0.167816162109375 0.107330322265625 -0.176712036132813
-0.0866622924804688 0.120361328125 0.203521728515625 -0.3370361328125
-0.120277404785156 0.073394775390625 0.487335205078125 -0.406524658203125
-0.299652099609375 0.253662109375 0.16168212890625 -0.34503173828125
-0.219955444335938 0.255966186523438 0.05517578125 -0.2579345703125
-0.056884765625 0.350677490234375 0.0162086486816406 -0.0591506958007812
0.0911712646484375 0.256881713867188 0.0213794708251953 0.0347423553466797
0.179229736328125 0.15777587890625 0.107559204101563 0.153060913085938
0.189743041992188 0.0475006103515625 0.268218994140625 0.0943756103515625
0.221969604492188 -0.0451202392578125 0.315673828125 -0.0631103515625
0.24688720703125 -0.04656982421875 0.28533935546875 -0.096527099609375
0.23052978515625 -0.0656890869140625 0.29888916015625 -0.117156982421875
0.2264404296875 0.0230712890625 0.269790649414063 -0.029571533203125
0.23394775390625 0.1162109375 0.145294189453125 0.025299072265625
0.19561767578125 0.23388671875 0.052337646484375 -0.0871810913085937
-0.01397705078125 0.362762451171875 0.07757568359375 -0.202194213867188
-0.146209716796875 0.307708740234375 0.172149658203125 -0.345428466796875
-0.249267578125 0.27606201171875 0.426513671875 -0.39019775390625
-0.41168212890625 0.3831787109375 0.07720947265625 -0.256454467773438
-0.323577880859375 0.37432861328125 0.035888671875 -0.197189331054688
-0.121368408203125 0.5147705078125 0.0197334289550781 -0.06353759765625
0.087158203125 0.40509033203125 0.00229454040527344 0.00935459136962893
0.243133544921875 0.29583740234375 0.0522308349609375 0.130935668945313
0.304718017578125 0.1241455078125 0.17474365234375 0.08612060546875
0.343994140625 -0.02789306640625 0.212417602539063 -0.026947021484375
0.36932373046875 -0.046051025390625 0.180740356445313 -0.0531463623046875
0.35113525390625 -0.091094970703125 0.192413330078125 -0.08642578125
0.335052490234375 0.030853271484375 0.165664672851563 -0.0257110595703125
0.34637451171875 0.156982421875 0.0766677856445313 0.0190505981445313
0.294281005859375 0.310028076171875 0.00209045410156252 -0.0928268432617187
0.030914306640625 0.513092041015625 0.040557861328125 -0.194595336914062
-0.1630859375 0.46234130859375 0.132354736328125 -0.297943115234375
-0.32940673828125 0.445220947265625 0.330169677734375 -0.30694580078125
-0.459869384765625 0.4644775390625 -0.0486526489257813 -0.128105163574219
-0.37188720703125 0.456085205078125 -0.0140228271484375 -0.0992202758789062
-0.1500244140625 0.61761474609375 0.011260986328125 -0.0500144958496093
0.087188720703125 0.49969482421875 -0.0202388763427734 -0.0187911987304687
0.28131103515625 0.3892822265625 -0.0155563354492187 0.081634521484375
0.379852294921875 0.181549072265625 0.0452041625976563 0.0567398071289063
0.416748046875 -0.007720947265625 0.0704727172851563 0.0108642578125
0.435516357421875 -0.039093017578125 0.049560546875 -0.000938415527343752
0.41741943359375 -0.10235595703125 0.0628166198730469 -0.0347480773925781
0.3931884765625 0.03424072265625 0.0385055541992188 -0.00308609008789062
0.4091796875 0.17401123046875 -0.00362586975097654 0.0229358673095703
0.3502197265625 0.33935546875 -0.0473709106445312 -0.0774993896484375
0.071533203125 0.5849609375 0.00674438476562501 -0.15576171875
-0.15423583984375 0.545867919921875 0.09967041015625 -0.1983642578125
-0.357147216796875 0.5458984375 0.211837768554687 -0.168655395507812
-0.4293212890625 0.47869873046875 -0.1929931640625 0.0237579345703125
-0.34344482421875 0.47210693359375 -0.0843658447265625 0.0232620239257813
-0.133544921875 0.61767578125 -0.0127506256103516 -0.0200710296630859
0.0877685546875 0.4996337890625 -0.0513534545898437 -0.0389976501464843
0.279022216796875 0.40289306640625 -0.09063720703125 0.0187759399414063
0.391754150390625 0.199005126953125 -0.1011962890625 0.019439697265625
0.4224853515625 0.010498046875 -0.0872650146484375 0.0482635498046875
0.4349365234375 -0.023895263671875 -0.0880584716796875 0.0524063110351562
0.42120361328125 -0.088897705078125 -0.0713958740234375 0.0262832641601563
0.387786865234375 0.046966552734375 -0.0900115966796875 0.0276870727539063
0.394805908203125 0.18072509765625 -0.0835647583007812 0.0301437377929688
0.32843017578125 0.328125 -0.08721923828125 -0.0514755249023437
0.0684509277343751 0.5615234375 -0.0141830444335937 -0.0995330810546875
-0.141387939453125 0.529327392578125 0.07635498046875 -0.0696334838867187
-0.34027099609375 0.55206298828125 0.0920028686523437 -0.000877380371093716
-0.325897216796875 0.418670654296875 -0.3218994140625 0.17633056640625
-0.244903564453125 0.40771484375 -0.15380859375 0.1478271484375
-0.083404541015625 0.495086669921875 -0.0476493835449219 0.021728515625
0.077117919921875 0.39276123046875 -0.0840377807617188 -0.04071044921875
0.2288818359375 0.33026123046875 -0.154312133789062 -0.0357513427734375
0.333831787109375 0.172332763671875 -0.232376098632812 -0.011199951171875
0.357696533203125 0.0218505859375 -0.229843139648437 0.084075927734375
0.366790771484375 -0.003387451171875 -0.209991455078125 0.0976104736328125
0.361663818359375 -0.05181884765625 -0.19189453125 0.0795440673828125
0.32000732421875 0.070465087890625 -0.200119018554687 0.0462799072265625
0.3035888671875 0.180999755859375 -0.14837646484375 0.0218048095703125
0.22918701171875 0.28216552734375 -0.109298706054687 -0.0300979614257812
0.02239990234375 0.44384765625 -0.0239067077636719 -0.0451812744140625
-0.12994384765625 0.416656494140625 0.0543251037597656 0.056121826171875
-0.279144287109375 0.461700439453125 -0.021453857421875 0.15814208984375
-0.173187255859375 0.288238525390625 -0.408782958984375 0.308258056640625
-0.110824584960938 0.269332885742188 -0.2017822265625 0.257034301757812
-0.02752685546875 0.28643798828125 -0.0782546997070312 0.0706787109375
0.04925537109375 0.219451904296875 -0.102096557617188 -0.0193328857421875
0.137985229492188 0.199798583984375 -0.18914794921875 -0.068603515625
0.220245361328125 0.1146240234375 -0.32159423828125 -0.02490234375
0.235794067382813 0.02862548828125 -0.33245849609375 0.11376953125
0.24395751953125 0.0174713134765625 -0.299163818359375 0.1280517578125
0.251083374023438 -0.00506591796875 -0.284088134765625 0.108978271484375
0.205474853515625 0.0872650146484375 -0.277923583984375 0.0366821289062501
0.165847778320312 0.158966064453125 -0.1876220703125 -0.0109100341796875
0.09393310546875 0.198577880859375 -0.111602783203125 -0.0250167846679687
-0.0305328369140625 0.260879516601563 -0.0271034240722656 -0.00416755676269529
-0.0987701416015625 0.242752075195313 0.024688720703125 0.152175903320313
-0.179290771484375 0.30291748046875 -0.11865234375 0.27783203125
-0.00563049316406249 0.106208801269531 -0.440521240234375 0.400543212890625
0.0193634033203125 0.0861129760742188 -0.217803955078125 0.339263916015625
0.00875091552734375 0.0498886108398438 -0.08917236328125 0.122291564941406
0.0020599365234375 0.0350456237792969 -0.0967483520507813 0.01641845703125
0.0242385864257812 0.0590400695800781 -0.191238403320312 -0.077484130859375
0.0731658935546875 0.0503005981445313 -0.35516357421875 -0.0207519531249999
0.0790786743164063 0.0371551513671875 -0.378997802734375 0.13623046875
0.0842514038085938 0.0358047485351563 -0.343505859375 0.13897705078125
0.104545593261719 0.0351181030273438 -0.338714599609375 0.112152099609375
0.06903076171875 0.0757675170898438 -0.314727783203125 0.00427246093750004
0.0241470336914062 0.0983123779296875 -0.196365356445312 -0.0597381591796875
-0.024322509765625 0.0763015747070313 -0.0972213745117188 -0.0313796997070313
-0.0426063537597656 0.0510406494140625 -0.0271377563476563 0.0203971862792969
-0.0280189514160156 0.0536460876464844 -0.012176513671875 0.2080078125
-0.0416183471679688 0.112640380859375 -0.1868896484375 0.34259033203125
-0.1552734375 0.0951690673828125 0.1834716796875 -0.406951904296875
-0.0981369018554687 0.11883544921875 0.034637451171875 -0.289337158203125
0.00808715820312499 0.1611328125 0.00937652587890626 -0.0473899841308594
0.0811691284179687 0.09539794921875 0.0463790893554688 0.0496101379394531
0.0931472778320313 0.0149917602539063 0.163162231445312 0.141448974609375
0.0542373657226563 -0.0231132507324219 0.335235595703125 0.064483642578125
0.0708847045898438 -0.0512466430664063 0.37249755859375 -0.114349365234375
0.0900192260742187 -0.0463104248046875 0.350341796875 -0.141326904296875
0.0762176513671875 -0.046600341796875 0.368011474609375 -0.1424560546875
0.0931015014648438 -0.008697509765625 0.34735107421875 -0.032135009765625
0.113670349121094 0.0354766845703125 0.204025268554688 0.0328521728515625
0.107162475585938 0.114044189453125 0.0932693481445313 -0.0663909912109375
-0.02264404296875 0.173934936523438 0.1029052734375 -0.183990478515625
-0.0843582153320313 0.125526428222656 0.195831298828125 -0.35296630859375
-0.119522094726563 0.0795974731445313 0.48486328125 -0.434356689453125
-0.296844482421875 0.273468017578125 0.1553955078125 -0.362457275390625
-0.215744018554688 0.270721435546875 0.046600341796875 -0.267990112304688
-0.045623779296875 0.3609619140625 0.0152091979980469 -0.0638961791992187
0.100555419921875 0.260025024414062 0.0224800109863281 0.0337543487548828
0.18804931640625 0.156158447265625 0.119232177734375 0.154449462890625
0.196762084960938 0.0454864501953125 0.282318115234375 0.085968017578125
0.226821899414063 -0.0538177490234375 0.323577880859375 -0.078216552734375
0.252853393554688 -0.0589141845703125 0.289215087890625 -0.109710693359375
0.23602294921875 -0.0772705078125 0.301483154296875 -0.134002685546875
0.234695434570313 0.0168609619140625 0.2791748046875 -0.0422210693359375
0.246597290039063 0.1104736328125 0.154739379882813 0.0207672119140625
0.211456298828125 0.23443603515625 0.0489654541015625 -0.0901870727539062
0.000610351562500001 0.375030517578125 0.0728759765625 -0.2105712890625
-0.139862060546875 0.322479248046875 0.164642333984375 -0.36083984375
-0.2451171875 0.294403076171875 0.42437744140625 -0.41314697265625
-0.407867431640625 0.4127197265625 0.071807861328125 -0.267608642578125
-0.317047119140625 0.396026611328125 0.030029296875 -0.2041015625
-0.104034423828125 0.534149169921875 0.0189170837402344 -0.0684051513671875
0.102264404296875 0.413238525390625 0.0022568702697754 0.00736474990844729
0.25933837890625 0.2965087890625 0.061859130859375 0.133544921875
0.319183349609375 0.120391845703125 0.1849365234375 0.0810394287109375
0.354217529296875 -0.04180908203125 0.219009399414063 -0.037139892578125
0.378875732421875 -0.06365966796875 0.18389892578125 -0.0624847412109375
0.358367919921875 -0.108001708984375 0.193954467773438 -0.097686767578125
0.347137451171875 0.021331787109375 0.171279907226563 -0.0341949462890625
0.36395263671875 0.1484375 0.0831451416015625 0.01556396484375
0.31573486328125 0.308563232421875 -0.00291442871093747 -0.0948257446289062
0.05316162109375 0.527252197265625 0.03582763671875 -0.202987670898437
-0.15289306640625 0.482818603515625 0.12652587890625 -0.310760498046875
-0.32110595703125 0.473388671875 0.32861328125 -0.325408935546875
-0.454437255859375 0.498260498046875 -0.0529022216796875 -0.131332397460937
-0.363677978515625 0.483184814453125 -0.0166702270507813 -0.101951599121094
-0.12786865234375 0.640869140625 0.0114173889160156 -0.0549888610839843
0.10540771484375 0.51220703125 -0.0215930938720703 -0.0217113494873047
0.3045654296875 0.390289306640625 -0.0111236572265625 0.0840301513671875
0.398529052734375 0.17572021484375 0.0499000549316407 0.05682373046875
0.431427001953125 -0.02471923828125 0.075714111328125 0.007720947265625
0.44830322265625 -0.0594482421875 0.0515327453613281 -0.00366973876953125
0.42706298828125 -0.121917724609375 0.0623588562011719 -0.0400543212890625
0.407196044921875 0.02288818359375 0.04119873046875 -0.006378173828125
0.4285888671875 0.16424560546875 -0.000316619873046847 0.0221176147460938
0.37457275390625 0.338470458984375 -0.0534820556640625 -0.0771713256835937
0.0973510742187499 0.6004638671875 0.00366210937500001 -0.16314697265625
-0.1419677734375 0.56915283203125 0.096343994140625 -0.208480834960937
-0.34832763671875 0.57952880859375 0.212905883789062 -0.179428100585937
-0.425872802734375 0.51177978515625 -0.195449829101563 0.0301971435546875
-0.33563232421875 0.50103759765625 -0.0845260620117188 0.0272750854492188
-0.1131591796875 0.641845703125 -0.0121307373046875 -0.0229415893554687
0.105987548828125 0.513214111328125 -0.0540237426757812 -0.0418853759765625
0.304443359375 0.4052734375 -0.0914993286132812 0.0223541259765625
0.413055419921875 0.192626953125 -0.1038818359375 0.02447509765625
0.438568115234375 -0.006744384765625 -0.0841751098632812 0.052520751953125
0.448638916015625 -0.04449462890625 -0.087890625 0.0563430786132813
0.430694580078125 -0.10888671875 -0.0729904174804687 0.0283203125
0.40252685546875 0.03643798828125 -0.0895843505859375 0.0307846069335938
0.41400146484375 0.17144775390625 -0.08331298828125 0.0318756103515625
0.351470947265625 0.3280029296875 -0.092926025390625 -0.0489349365234375
0.09344482421875 0.57574462890625 -0.01605224609375 -0.104927062988281
-0.12896728515625 0.5531005859375 0.0772476196289062 -0.0753173828125
-0.32958984375 0.58349609375 0.0952529907226563 -0.00273895263671871
-0.323089599609375 0.445709228515625 -0.322601318359375 0.19189453125
-0.237701416015625 0.4300537109375 -0.150787353515625 0.159011840820313
-0.066314697265625 0.51434326171875 -0.0463752746582031 0.0218696594238282
0.09136962890625 0.405731201171875 -0.0872802734375 -0.042022705078125
0.24957275390625 0.3319091796875 -0.160568237304687 -0.03216552734375
0.353668212890625 0.16607666015625 -0.242034912109375 -0.00160217285156253
0.37371826171875 0.0072021484375 -0.229995727539063 0.0941619873046875
0.38037109375 -0.0198974609375 -0.210647583007813 0.1063232421875
0.3707275390625 -0.069091796875 -0.1943359375 0.0867919921875
0.3333740234375 0.0628662109375 -0.202499389648438 0.0540618896484375
0.319915771484375 0.175567626953125 -0.151412963867187 0.026123046875
0.2467041015625 0.28375244140625 -0.113914489746094 -0.0266265869140625
0.040496826171875 0.4561767578125 -0.0244674682617187 -0.0482177734375
-0.12176513671875 0.435821533203125 0.0593833923339844 0.0541114807128907
-0.270904541015625 0.487548828125 -0.0161285400390625 0.164154052734375
-0.170440673828125 0.30548095703125 -0.407073974609375 0.32940673828125
-0.1053466796875 0.282745361328125 -0.196762084960937 0.272857666015625
-0.017059326171875 0.298095703125 -0.07574462890625 0.0744171142578125
0.057281494140625 0.226882934570313 -0.105239868164062 -0.018829345703125
0.151046752929688 0.201217651367188 -0.199615478515625 -0.0645599365234375
0.2332763671875 0.109512329101563 -0.334930419921875 -0.011383056640625
0.248153686523438 0.01922607421875 -0.33489990234375 0.12994384765625
0.25445556640625 0.007537841796875 -0.301727294921875 0.141876220703125
0.259292602539062 -0.0154876708984375 -0.28851318359375 0.1212158203125
0.217086791992188 0.0833892822265625 -0.283172607421875 0.048065185546875
0.178176879882812 0.159149169921875 -0.194091796875 -0.00553894042968753
0.103317260742188 0.203125 -0.115013122558594 -0.021453857421875
-0.0200958251953125 0.270538330078125 -0.0263481140136719 -0.00622177124023435
-0.0942535400390625 0.256332397460938 0.031951904296875 0.154144287109375
-0.17388916015625 0.320587158203125 -0.11236572265625 0.29107666015625
-0.0047760009765625 0.111328125 -0.437042236328125 0.424224853515625
0.0218505859375 0.0881729125976563 -0.20953369140625 0.356903076171875
0.0110282897949219 0.0524749755859375 -0.0862503051757812 0.128372192382813
0.00267410278320313 0.0374641418457031 -0.0981369018554688 0.0181503295898438
0.0286331176757813 0.0597648620605469 -0.20343017578125 -0.074005126953125
0.0784988403320313 0.0482025146484375 -0.369476318359375 -0.00573730468749994
0.0854034423828125 0.0342178344726563 -0.383697509765625 0.154632568359375
0.0906143188476563 0.0335845947265625 -0.34539794921875 0.15484619140625
0.109992980957031 0.0315475463867188 -0.34356689453125 0.12646484375
0.0758209228515625 0.076507568359375 -0.323699951171875 0.01611328125
0.0294189453125 0.101615905761719 -0.205078125 -0.054473876953125
-0.0217971801757812 0.081207275390625 -0.0999755859375 -0.029083251953125
-0.0415763854980469 0.0556564331054688 -0.0265846252441406 0.020172119140625
-0.0280647277832031 0.0592079162597656 -0.003570556640625 0.213760375976563
-0.040130615234375 0.120033264160156 -0.181304931640625 0.360260009765625
0.148039977982194 0.122427337338276 0.462706336225268 -0.108934925201233
0.164960878000389 0.0321490649459702 0.286860277919336 -0.150049772813305
0.129789036676919 -0.0990321666359566 0.0129473028049229 -0.0345494443555988
0.0188848302454833 -0.14183893412994 -0.0566381344383173 0.0778761927202845
-0.0759053621068685 -0.0896102333994682 -0.0397192797312584 0.251790290042168
-0.0850130580192286 -0.0389076650515963 0.101514479906564 0.345033252979205
-0.1071033409781 -0.0282361939586418 0.244549153758398 0.327547920468538
-0.115810028828018 -0.0200731022381544 0.312795461319037 0.279218829892457
-0.114981018087829 -0.0354074544778987 0.293660656773287 0.293617637191431
-0.0880417738893617 -0.0595739536232667 0.191294772993759 0.292221258649036
-0.0639527646350495 -0.11080492912986 0.0600591538784781 0.219454199071785
0.0228977767137227 -0.161802331601443 0.082375388603931 0.0504343043103264
0.121843392180025 -0.104020577324774 0.196982701962776 -0.0334896343093576
0.134024517413057 0.00509194564961996 0.410005759191546 -0.0289794824632142
0.102889613255191 0.0761050920415845 0.641045977547137 0.0986831462243399
0.374628992149102 0.134438640676128 0.395366839677049 -0.141374257416087
0.365817858808175 0.0248071701301791 0.263068633537201 -0.16535118531759
0.329776604186031 -0.176415390386605 -0.00843686449851031 -0.0724635188920425
0.150456208188634 -0.279154370304517 -0.100886890312557 0.0322415833007982
-0.0410614503893787 -0.267411344017051 -0.102570250462504 0.228903320857293
-0.119051297403635 -0.195719541462457 0.0379802411347255 0.323685747646369
-0.192648338007695 -0.169980875711712 0.172743762151771 0.311193953757368
-0.229224900995635 -0.133250781049929 0.246837119631657 0.250794408716971
-0.234024268411598 -0.154850195284526 0.245043567344077 0.251184475307244
-0.158189095874 -0.190059785581976 0.148456229306629 0.238665287071718
-0.0993161160053886 -0.261299661675147 0.0254515584983944 0.171271192474044
0.0626179295424303 -0.329135424677746 0.0550416209806085 -0.00777088179263068
0.240817546213425 -0.266729082338984 0.187109466515409 -0.0863196131687334
0.320248518622336 -0.0719576986993144 0.397876170732738 -0.082883754056357
0.338620629755367 0.0619876597594524 0.601781069202239 0.0416424291001009
0.556431134993916 0.135716375105287 0.255343790831994 -0.183677528410879
0.536549973881509 0.0173656955157973 0.186829634845798 -0.180386997193413
0.509288666358974 -0.233468927081277 -0.0344282444204646 -0.10391928802379
0.285147065389848 -0.39004161296528 -0.127126645004179 -0.0190155660632169
0.0112207544164825 -0.425118390640119 -0.140331218287013 0.170074412592495
-0.132607717752556 -0.33757885201085 -0.023668638378374 0.246367473229697
-0.247655201456937 -0.294152216897419 0.0766473428863817 0.239023494319137
-0.310400315049411 -0.225311447651181 0.143485070271524 0.184821369618839
-0.32662222475052 -0.242698820267663 0.155362540818864 0.177842793971557
-0.223696303839207 -0.285286351702571 0.0743375031423185 0.16054632920367
-0.150705199444573 -0.374674284146403 -0.0217012487951883 0.108758509464002
0.0644915177426333 -0.467870917980088 0.0108917149342626 -0.0571302614636912
0.30616918402994 -0.414777378248861 0.145795691622184 -0.120186457202112
0.45383197274779 -0.163908949697882 0.32805443370328 -0.108145126596006
0.522125011919872 0.0249212132249095 0.482624609271517 0.00317454734226579
0.665941829782294 0.108890809937605 0.0579619515454445 -0.22528543514499
0.641340174100844 -0.0134383932042151 0.0571793924258919 -0.190015373186528
0.61703684795769 -0.280385424478643 -0.0741428189806991 -0.121325835095365
0.371090230817065 -0.464597704946841 -0.139559084805898 -0.0674077582188073
0.0545646661132129 -0.528328887957689 -0.153618571706154 0.0778295047477906
-0.129494136435499 -0.431284509399184 -0.0787160462793957 0.120402985467742
-0.266639936428984 -0.375618254362496 -0.0303747680115331 0.124994519849408
-0.345517545191141 -0.285298005427522 0.0170105714952629 0.0920569810858183
-0.370396917174659 -0.29460652834586 0.0385056831867574 0.0862803196774447
-0.256797041577991 -0.338638617035213 -0.0215735135276419 0.0680353709413709
-0.180542361062665 -0.434188936343668 -0.0798454412430617 0.0379150921850875
0.0568462323024392 -0.537560405103017 -0.042121282639798 -0.0928084339263227
0.324536506783089 -0.500593986635525 0.0862178895441902 -0.125627013333156
0.512786893864733 -0.230752808334334 0.218212111935572 -0.0893632444832754
0.621538998214414 -0.0179022049644815 0.301473859392378 -0.00750030000620568
0.673377150009125 0.0568386551670287 -0.168962269425352 -0.250384466314669
0.641637715714493 -0.0616593514193699 -0.106280615249502 -0.183876529638076
0.609638216006711 -0.298669304646857 -0.11960197193465 -0.121614369055584
0.375591554136073 -0.465722618104291 -0.138962119492484 -0.107061900116402
0.0736440804609885 -0.533679822427537 -0.145590638059487 -0.0350510038085905
-0.1103887400597 -0.447222169330067 -0.12651594518121 -0.0335539692316898
-0.247720901238652 -0.395582308278783 -0.135968923609704 -0.0119568892293745
-0.325066631574931 -0.301308108275891 -0.112208832646653 -0.013637518239657
-0.350425373287655 -0.307757581744241 -0.086359998727481 -0.01180754616595
-0.235719603658579 -0.34811666930127 -0.119712209837297 -0.0281083689572477
-0.160379503420351 -0.428068711148746 -0.131555074805907 -0.0387422629638132
0.0639748369782163 -0.512188863903876 -0.0844575076912242 -0.115399687642285
0.313341107658263 -0.482300633164172 0.0298216167513348 -0.107224703020607
0.495682166857891 -0.236865033977028 0.0930074240941216 -0.0354514810598368
0.621088453820463 -0.0440352168674117 0.0920310829833502 0.0095511674072863
0.576375126215617 -0.00991845369337136 -0.383329319010064 -0.246122011850494
0.52170620934608 -0.109694061013236 -0.266193374989605 -0.153627381409161
0.478842358859309 -0.266707040539421 -0.158303869059258 -0.103816458931865
0.294847622903851 -0.3759154886513 -0.125323795010657 -0.127818442671859
0.0688266223461928 -0.434323019347233 -0.123176760153814 -0.139690055829794
-0.0796142362981888 -0.379893065766834 -0.161561318428477 -0.177927276980891
-0.190206848323115 -0.347435588784414 -0.223694706834175 -0.144109026917093
-0.255238974436402 -0.272850266525413 -0.222322389857451 -0.115812776427521
-0.270764673002309 -0.282835845351913 -0.192551403345792 -0.108226314587593
-0.163385914533406 -0.314853391745041 -0.191059413824304 -0.122270114322947
-0.0878580952330082 -0.360381158330525 -0.152050883865364 -0.115541176996792
0.0959301047954731 -0.395071888719286 -0.0969026066538091 -0.129044371022368
0.275562338214377 -0.36296937238511 -0.00933735738733374 -0.0777642945944085
0.403008668503927 -0.179855197206803 -0.0245292131891616 0.028515922476099
0.52093748397131 -0.0484737040294553 -0.110248146457214 0.036942186853443
0.386187802920667 -0.0734952152990905 -0.547327859252204 -0.207509047747484
0.315138242887101 -0.132069087067485 -0.391778146294432 -0.096725962488466
0.268037700654632 -0.179345487997668 -0.18003807943194 -0.0674570996847713
0.166953490249231 -0.217589726368893 -0.104059822560309 -0.119757415632222
0.05286097456102 -0.261236073517519 -0.0927609562450024 -0.207825840424899
-0.034952553295243 -0.247688839602814 -0.180643939739975 -0.281796232194061
-0.103289652378538 -0.243350749765107 -0.282784310047501 -0.246539687827506
-0.146105547982876 -0.203219357749672 -0.298967607222421 -0.198747447638982
-0.149174905396586 -0.218813555616898 -0.260672817034788 -0.195531953246009
-0.0647065674107666 -0.237897206661226 -0.215138970932209 -0.20812753747251
0.00169826892421232 -0.242749964441805 -0.128246189071154 -0.184111590596341
0.117386191419048 -0.22024168527439 -0.0751143161204446 -0.132348953192424
0.197547442358162 -0.187099807418671 -0.0270236612794746 -0.0471143175303228
0.25332235909811 -0.0949147739224965 -0.119425945741893 0.0764917105041412
0.345036031446224 -0.0444960459183922 -0.276234979688481 0.0580918933604981
0.138008036804101 -0.112104939490458 -0.635474301530455 -0.139361375827534
0.070160571344574 -0.115152173221674 -0.463318678563984 -0.0202548705353788
0.0432996434425052 -0.0564810818834142 -0.182936672285015 -0.0123138835836771
0.0407009348994975 -0.0338029699307076 -0.0770259441460009 -0.0855077403002599
0.0436095821990629 -0.062721216988731 -0.0615039890278997 -0.233800134667755
0.0228240758643197 -0.0870046784035665 -0.184259700762571 -0.330812357298954
0.00422501572139887 -0.106568126781393 -0.305400672443786 -0.304008480282769
-0.0142344443095382 -0.103520462292065 -0.329821286039298 -0.25218527950115
-0.0143999836385145 -0.116884897917877 -0.280871938662242 -0.260854170147354
0.0264550487151364 -0.119884924465917 -0.191034777408919 -0.270288284538784
0.0637975873717973 -0.0906206854804778 -0.0679663788333264 -0.229514071563054
0.0909336512302224 -0.0327030844619143 -0.0305224439800398 -0.119648782900838
0.0710564408161391 -0.0154707454553464 -0.0323094641201843 -0.0181890708436686
0.0650589374818309 -0.0272626742406957 -0.186992322800299 0.0997072162469387
0.122071600930272 -0.0497566728222212 -0.386703885814903 0.0688969437378207
0.155967387481854 0.112507340833923 0.464222110760664 -0.14053913810672
0.168306533576526 0.0229620381818109 0.281390607371903 -0.172575015296882
0.1236118633244 -0.107782810438154 0.0126008334336648 -0.036530026060636
0.0102518416533507 -0.143470073475841 -0.0526897874791904 0.0821360198249137
-0.0804855791453891 -0.0850156004668305 -0.021628334457574 0.260020708873849
-0.0870097066914663 -0.0351799190064564 0.129543611810818 0.343730075624981
-0.10990341596335 -0.0215273618847094 0.270581483352161 0.314261678280867
-0.118778493187113 -0.0109533782379936 0.335039177452339 0.26028417596723
-0.119407133587344 -0.0270159642407948 0.318533294205181 0.277246906347448
-0.0927926573878377 -0.0541327182202948 0.217267181582138 0.283115751370283
-0.073191148115813 -0.107465117396659 0.0783011503990195 0.221351218517516
0.0112982599845465 -0.165619161000372 0.0849128276616179 0.0457637901593318
0.116647698083903 -0.114717653163984 0.195644423649861 -0.046489952605917
0.135639047550775 -0.00293193369557365 0.411938487231318 -0.0557331845094501
0.109584219966065 0.0688663652103933 0.653349447877041 0.0585213191453452
0.387519610289268 0.10855994038531 0.393390880990622 -0.168874312764652
0.371121297013512 0.00164675167994122 0.256227907486496 -0.185526879263894
0.3206240070751 -0.200394124577823 -0.0107186989745585 -0.0735226746956437
0.135875749440526 -0.290488864407085 -0.0988193581157104 0.0378516546391462
-0.0573899622886411 -0.267514085414166 -0.0856428002050194 0.241729873043032
-0.132889333375288 -0.192715218403365 0.0625949010137617 0.326548832338363
-0.207622009308186 -0.159791128790635 0.197957097774787 0.302091369257164
-0.242468863861165 -0.117503381810841 0.267062823765061 0.235472037486715
-0.249089088463619 -0.139711329629036 0.266584796042999 0.236837524506436
-0.173103176386665 -0.183695713537791 0.168675916723354 0.231988900766411
-0.119419841731167 -0.258227343055901 0.0405556482640074 0.174621897202351
0.0405150370516807 -0.339576446550427 0.0532950218567121 -0.0113120387838311
0.225299498195692 -0.287444078133588 0.184265819009443 -0.0997061436350375
0.321242791797491 -0.0933658848146707 0.397169649013877 -0.110927482901798
0.348208214811254 0.0391794975701961 0.613525312156816 0.00307304729618718
0.573892884673127 0.0972274882806996 0.248497018560069 -0.202635677503077
0.544301222259348 -0.016504703447986 0.178067600716791 -0.194592388007686
0.499585040766048 -0.271692502962507 -0.0388127095534841 -0.104137146873984
0.265383356128324 -0.41296991551387 -0.128675749685122 -0.0132784604281624
-0.0161234525340945 -0.43150209490963 -0.128409383323122 0.184597469645366
-0.155797867695061 -0.336849477211816 -0.00601536518304963 0.252320340424207
-0.272889711930078 -0.281432280125358 0.0972426872813668 0.237351392926473
-0.331777141262185 -0.205311492572836 0.158461052024553 0.175952703209159
-0.349937577036451 -0.222977523889058 0.170879762731552 0.167329845911968
-0.245782938926688 -0.276297725629631 0.0888073393821548 0.157360459501089
-0.178843689294804 -0.369631837089081 -0.0118137873532175 0.113912565564396
0.0334595067718644 -0.482177459017935 0.00440811124036303 -0.0580750771369677
0.282715416164424 -0.444129624694164 0.140840947856886 -0.131934897331881
0.451840443171055 -0.196364308067837 0.325529452723961 -0.131574705574579
0.533452483176551 -0.0112407241495044 0.488806773923012 -0.0280650637124237
0.684552694366532 0.0622564704738377 0.0448821155106893 -0.230277587056445
0.647033600067305 -0.0554525289966467 0.0460157766097596 -0.194102667892155
0.605038521552938 -0.327902752889461 -0.0794090146569804 -0.117965134656059
0.348789820433883 -0.495477133252958 -0.144098743335492 -0.0614383341952897
0.019181317124754 -0.538010943387865 -0.147932394795307 0.0918305702293386
-0.159393917762643 -0.432244602908953 -0.0720506831893977 0.128116106095656
-0.299230076541599 -0.363889276001223 -0.018712607443958 0.130115350708849
-0.371725104442927 -0.263132104464615 0.0242849099012867 0.0913495369889209
-0.397657165304828 -0.272468801363074 0.0452094246641958 0.0827646925200644
-0.283719524718486 -0.329062305712244 -0.0153674484465201 0.0702336692236595
-0.213698100473628 -0.427364660430105 -0.0752902263497907 0.044361681060682
0.02041971900966 -0.553949783044713 -0.0511702556159751 -0.0905717746489494
0.296029952928658 -0.531837794620709 0.0816243553725633 -0.134789521489002
0.507702033293027 -0.26825231537955 0.216005212294797 -0.105950190287723
0.632322166443024 -0.0627555690033527 0.304340888583953 -0.0266052352556564
0.691133984259908 0.0103532662486522 -0.187058729486294 -0.241853049702208
0.645071061951349 -0.103988806679965 -0.118799652612657 -0.176390530704331
0.597605832402538 -0.346684582904789 -0.125949247627038 -0.115246918995021
0.354186129394965 -0.498398726911524 -0.145782981316665 -0.102516558747977
0.0368297230706871 -0.548853502523773 -0.148717274543177 -0.0233562395533778
-0.143335553534864 -0.450533816101446 -0.132490595872282 -0.0243109250824254
-0.281629854572314 -0.385390985087072 -0.134788569977118 -0.0013833366182183
-0.354968195170144 -0.282299237299671 -0.112885631882504 -0.00627293173406928
-0.378846018393407 -0.287508911663789 -0.0877367991349783 -0.00803196036472386
-0.262343144837867 -0.341196207296747 -0.122614029569416 -0.0205359033104985
-0.192116120761591 -0.423350537151887 -0.13323949137196 -0.0301542650367602
0.0316729328864683 -0.527913175379103 -0.0951834535595803 -0.110863194241757
0.286222230851523 -0.512074193943978 0.0256254662862053 -0.112592601317545
0.490112594072641 -0.274100749618326 0.0928322766439516 -0.0428763081263213
0.629022567236333 -0.0885252353213759 0.0930868562736689 0.00436620203976188
0.588759982601044 -0.0495236078873788 -0.403372872686252 -0.223446544391905
0.523420388034726 -0.144704565842565 -0.279447674207512 -0.134809615165415
0.467345146050941 -0.304527784057862 -0.164313379242372 -0.0946485058272313
0.279387052023341 -0.402463208896145 -0.133693305040517 -0.123897128388745
0.0390156331327156 -0.447682111154733 -0.134467082706564 -0.132533637116372
-0.107380370234721 -0.383182735785379 -0.178843932776624 -0.168719803594806
-0.220572029926734 -0.340627666711216 -0.233752038712749 -0.129363363984584
-0.281527641076886 -0.257874618727723 -0.231168492004054 -0.101992956191923
-0.296239848809375 -0.267610261492173 -0.202771790282789 -0.0984798108226878
-0.187992680790352 -0.311922571429533 -0.201463228323431 -0.110977379061902
-0.113320680718875 -0.360385284836504 -0.160906388443144 -0.107860206750187
0.0716318923682149 -0.409918986378544 -0.10775010749163 -0.123334548695817
0.254859579850944 -0.38899586342391 -0.0121746228232318 -0.0802267567360489
0.400828618704467 -0.210224736826084 -0.0214122897932744 0.0292211074994921
0.528670306341893 -0.0863589331201846 -0.111159732859933 0.0447094825798027
0.39102165349988 -0.100128709352016 -0.567389738195034 -0.175149258484584
0.312199187394354 -0.153476132946794 -0.402649399268511 -0.0693571929648891
0.260872824264587 -0.201316467083539 -0.185224130118528 -0.0562939528236104
0.15892954778377 -0.233932783600233 -0.11242986642037 -0.116337818348827
0.0353758449422639 -0.269521255077163 -0.109834809591956 -0.205746596252027
-0.0534414392227142 -0.250578614695555 -0.206043494275849 -0.273573576328607
-0.124626759676835 -0.2407853760285 -0.300695257642347 -0.229209835641913
-0.165150255180138 -0.196790624029451 -0.314240615187964 -0.181661011220065
-0.168861365768608 -0.21223650816676 -0.276896129189013 -0.181072884182717
-0.0827975489552129 -0.239449447618247 -0.232241462719807 -0.196546385120257
-0.0150355185508989 -0.247198415213002 -0.142203325516959 -0.179045566132335
0.105419295042886 -0.234137336764222 -0.0851207755158902 -0.127689473004097
0.18875502733799 -0.204568712546382 -0.0289991231337557 -0.0478422077432816
0.253335507194264 -0.113920966776428 -0.114343422674635 0.0842017117209552
0.349753027743204 -0.0695515447605013 -0.278845628023193 0.0766778244261387
0.136209351535809 -0.121514494753626 -0.650853440850445 -0.10203290482688
0.0651372706834832 -0.120147845323662 -0.469647063204021 0.0114565985361678
0.0418410595060965 -0.0606013685336203 -0.185878477390002 -0.000747975343801166
0.0412570439897114 -0.0379883772393017 -0.0825070740013479 -0.0827037360837034
0.038870426894749 -0.0670903049024795 -0.0801580525005899 -0.235767704338736
0.0164640465818371 -0.0906692697424052 -0.212652200553186 -0.322837254184053
-0.00575383983030631 -0.109168078371889 -0.329104176033325 -0.284471549420441
-0.0245495438557018 -0.104880232674265 -0.348630465842442 -0.232727179801764
-0.0242163017916683 -0.118557540323881 -0.302083782525703 -0.245351753361212
0.0172727116259693 -0.125238289835677 -0.212188262657864 -0.261365646565788
0.0581313843652118 -0.0974421900244137 -0.0849605908438604 -0.228477935052831
0.0911833492971805 -0.0420820224570612 -0.0384816079387629 -0.117462464017508
0.0721049274257885 -0.022150638329348 -0.0334175422039776 -0.0182647317826037
0.066219036566213 -0.0332348188941431 -0.18152288070398 0.112594556114045
0.122932699748024 -0.0588921254487781 -0.389455299944638 0.0943471944988052
0.159735318122123 0.100880440631056 0.454946274072841 -0.168836819487223
0.166872238973654 0.0133354429628812 0.269361568848602 -0.188757253402065
0.115390533535508 -0.112866127596349 0.011492971837248 -0.0376813267773445
0.0027448603543706 -0.141467613103084 -0.0468676705576579 0.0841470573733179
-0.082493588601826 -0.0793293756516869 -0.00284316604614591 0.260966321269428
-0.0869898594154225 -0.0309745676091992 0.15302206381034 0.334421419631854
-0.110021960358154 -0.0143052056639883 0.288944785608252 0.294160919478774
-0.117567569668125 -0.00231343823787066 0.347013140203241 0.236670605008405
-0.120321848042792 -0.0179472334882618 0.334969739624095 0.25482718764234
-0.0951250339258305 -0.0478184864439123 0.235652993105583 0.268528789522587
-0.0795674534703645 -0.10186455835692 0.0938267894023083 0.217754523444341
-0.000735643139360428 -0.164769936269096 0.0853026611579334 0.040726054988517
0.108426532897255 -0.121397913537983 0.190395233221645 -0.0565823006049059
0.134228696975442 -0.0099385297676159 0.404038994190603 -0.0791899573871921
0.112540381438153 0.0608068247744806 0.653982554158575 0.0211259836587118
0.391428207709419 0.0818434541962204 0.382939406694415 -0.190284420800622
0.36698101602025 -0.0197109541598317 0.243522739697835 -0.198910989172875
0.304467797141215 -0.216908902327751 -0.0125893005540329 -0.0735905941320814
0.11946892458194 -0.295224963447986 -0.0948837756093869 0.0412276285202767
-0.0714562211536623 -0.261983470811418 -0.0676264778597585 0.247030999847686
-0.142234672764804 -0.185858678589642 0.0847277410707392 0.32161489788348
-0.216075163578361 -0.146143808026182 0.216847107386316 0.28666694802923
-0.248189275032949 -0.100197302615607 0.278443967514018 0.21720165717459
-0.257237081422829 -0.122403014072689 0.279597238188785 0.217636236917024
-0.183148610876291 -0.173575420709698 0.18482257023021 0.220099752016392
-0.135537559644032 -0.248848351867979 0.0542448168710422 0.173021432015821
0.0187334725313765 -0.341740202141276 0.0499642747620677 -0.0137698699023852
0.207249732586643 -0.301356534145358 0.176658595500925 -0.110188706721368
0.315489641256077 -0.111587300715862 0.387629611303004 -0.132892260702282
0.349839255325363 0.0151249679950868 0.607223387523364 -0.0310094617357178
0.576678990154178 0.0589441316632398 0.23628162900692 -0.215111976968521
0.537994271775742 -0.0481448281962077 0.165501966776 -0.201935912059714
0.476199031778491 -0.299405674764545 -0.0413002105249792 -0.101587144262488
0.242530244328503 -0.426205708990285 -0.127402603966267 -0.00857991498316546
-0.0420396903956929 -0.427389427936349 -0.112383011831841 0.193257741659556
-0.174409804353532 -0.328850725825724 0.0106715194745749 0.251823983495328
-0.289997582460637 -0.264145309374329 0.113879012780995 0.229067635599371
-0.343831426473966 -0.182423061345008 0.167374046901026 0.164547399014429
-0.362812527049479 -0.197949249932497 0.180271330705375 0.15380725593686
-0.261701136172015 -0.26237107831157 0.099774377694837 0.150798951701865
-0.200685563249727 -0.356988996759707 -0.00167587488327928 0.114619157896397
0.00366673994424742 -0.483792587257787 -0.00104036103393636 -0.0572690282395623
0.255763103668142 -0.459164219039575 0.133442672705922 -0.140842283812888
0.439693489477919 -0.222321197745785 0.315433633109719 -0.15058751109439
0.531565674604989 -0.0463304734890962 0.483428676024506 -0.0555467857389656
0.685745864945973 0.0178001583781835 0.0327858266608593 -0.230891173135445
0.6397989021765 -0.0931213299632855 0.0350744686948344 -0.193706519858262
0.579428620055379 -0.362411720145317 -0.0828526246598081 -0.113324920282584
0.321078653284477 -0.515284132472654 -0.145643836941154 -0.0562398608888735
-0.0133217834235809 -0.535823049810788 -0.13848545839184 0.102021956757339
-0.185037330711871 -0.424488691579532 -0.0639286454363755 0.132742132553239
-0.322612456481721 -0.343491088132945 -0.00681062250020985 0.130013784090683
-0.388027392296107 -0.236913549526901 0.0304449479026811 0.0884918216555315
-0.413973192920987 -0.243808343984121 0.050236347710509 0.0771863945990608
-0.302366413298237 -0.314250091893586 -0.0100503019400212 0.0705725986398802
-0.239109200997327 -0.412170489289314 -0.0696300934082016 0.048654200894841
-0.0141497743196981 -0.553898281725016 -0.0581018740890825 -0.0864646345634344
0.262076898970314 -0.547134555587407 0.0746262838819871 -0.140702740182061
0.492072479435684 -0.297670039559436 0.208729715704788 -0.119234769803326
0.627717160276622 -0.10126641386103 0.300488101693199 -0.0439793341337386
0.690856228441337 -0.0341475678057162 -0.19793401644863 -0.228132503503074
0.635821364092435 -0.140608612945689 -0.127411909602507 -0.165902315697487
0.572614328561285 -0.383504719816248 -0.129883809052625 -0.107540709946647
0.326100618063163 -0.520366663866019 -0.149580967008876 -0.0958111967236152
0.00339938258589768 -0.546453928262663 -0.14647995155357 -0.0134232898084681
-0.171039282370031 -0.442822114070544 -0.1340670361567 -0.0150404458657522
-0.306763497577116 -0.366808523381102 -0.130435039792673 0.00692041215445592
-0.372018705157249 -0.256260853573794 -0.111138805181726 -3.58378785217888E-05
-0.39669115321194 -0.260824769364539 -0.087812357657426 -0.00417751341905769
-0.2828385346872 -0.326322905665176 -0.122354368076073 -0.0128406687310659
-0.217155056188098 -0.409561936643362 -0.132920001662665 -0.0228283900696599
-0.00112196639813601 -0.52998361077402 -0.102006843105452 -0.103099103423531
0.252528541026381 -0.527739610383641 0.0208402040133804 -0.115963918919187
0.474027841678589 -0.301662118590566 0.0906551987872011 -0.0490213669618089
0.624222687274496 -0.12797982706793 0.0914268879790819 -0.000782842573483011
0.585192557720509 -0.0862424756770991 -0.412114487238914 -0.197660309896842
0.514052985496738 -0.172843396933213 -0.283791651397201 -0.115352571555385
0.447545124947823 -0.332405045750946 -0.166664677207114 -0.0850266268384033
0.257181714564314 -0.419622286909057 -0.139120953644194 -0.118245477002898
0.0105509509420243 -0.447379793447522 -0.140275783461273 -0.123270252584143
-0.132218190129324 -0.377958848760705 -0.190074297641522 -0.155693874550772
-0.244198476034624 -0.32564226374824 -0.236362623148563 -0.113446974141102
-0.299137781078118 -0.238418018286046 -0.233934337009641 -0.0879208570043265
-0.312676352052866 -0.246655091531343 -0.206641786977234 -0.0864906603121517
-0.20691955095408 -0.30231015836157 -0.207430143157018 -0.0976837511874904
-0.135463175325237 -0.351867431855649 -0.164929640017501 -0.0979869133414627
0.0473048304629639 -0.41562815930698 -0.115555439713117 -0.114970754756447
0.230355651083832 -0.402904988339491 -0.0154476752524786 -0.0812308443689831
0.388668415727314 -0.233102828967063 -0.0184811588012196 0.029111784195605
0.522507542789361 -0.118489751581352 -0.109196253223659 0.0513292182100744
0.386802476576041 -0.123765074057984 -0.57170492319223 -0.140038914466493
0.303099172053553 -0.169881361046145 -0.402592340011547 -0.0430493265967427
0.248683457456728 -0.218024807503563 -0.186526132436664 -0.0459607787123003
0.146690948508085 -0.244496617056197 -0.11736234414554 -0.111162014860482
0.0173286502868665 -0.270465882725917 -0.122058599060919 -0.198691722077869
-0.0699152217638207 -0.248406974225566 -0.224845562818777 -0.258420763452772
-0.14309385929994 -0.232246398112349 -0.310498824498805 -0.207703651958557
-0.179136455073304 -0.18542551265109 -0.321165943197531 -0.160965959497098
-0.182907064756021 -0.200635273250224 -0.286483531275617 -0.163299489893459
-0.0986612900590743 -0.236575836623997 -0.243384754164264 -0.180273828066578
-0.0302205300641114 -0.246272700900613 -0.152122344182664 -0.169971369260772
0.0915181371399915 -0.241860122936352 -0.0918981034857292 -0.120835919912052
0.175520183509154 -0.21704486093344 -0.0307171018244962 -0.0479118727559136
0.246243769928066 -0.129475307194717 -0.107669375309644 0.0897517069530684
0.346010022254094 -0.0916556424360228 -0.274528498508574 0.0926014881424536
0.131728189408782 -0.128276804232015 -0.652372672639991 -0.0633885692511781
0.0589271668953741 -0.122107122542237 -0.464137833628681 0.0417240977076929
0.0395202368182972 -0.064201560430985 -0.185080922135288 0.0096077069570649
0.0398584966620059 -0.0416141744782712 -0.0863512782225875 -0.0791033226610727
0.0341823029137195 -0.0683658704916292 -0.0955036217202597 -0.231591078643383
0.0101964543668749 -0.0918122537434858 -0.23453177389178 -0.308034820814314
-0.0146819923396474 -0.108712898149428 -0.342508662098462 -0.261730946422063
-0.0331541011852466 -0.103355962435988 -0.358140725549606 -0.210227878634706
-0.0336847219710975 -0.117110107881913 -0.314070690058241 -0.225870541756777
0.00783616439959819 -0.127759913255329 -0.228455573214464 -0.246059471475806
0.0515977022816098 -0.102033658866052 -0.0990564182913923 -0.222600567669969
0.0890420927893317 -0.0499982878632005 -0.0437915078665751 -0.113467115203182
0.0707650890576626 -0.0277433301683296 -0.0341046323114198 -0.0174457174713875
0.065384609756899 -0.038383785335353 -0.173331841643322 0.121925919583812
0.12103784682675 -0.0663822999672751 -0.384296924866073 0.116343968329098
0.186529071685148 0.0326275881423237 0.364033570307568 -0.309670061817157
0.160954887704921 -0.0506483012489898 0.183298759667019 -0.261697374971427
0.06689644088325 -0.144194428653423 0.00454801534858513 -0.0318269751520442
-0.048383255338313 -0.129610443910099 -0.00719587663793725 0.0965809352744635
-0.100802947811885 -0.0430914922195382 0.0919968914867302 0.242264525570319
-0.087832218271678 0.00405875138845217 0.263814698564543 0.253082257481544
-0.106182059623465 0.0270419493043696 0.375701048414786 0.168222081777389
-0.105315787679855 0.0384781039673747 0.401517985463511 0.0942381802003387
-0.115982557066105 0.0256006238238674 0.397046594982482 0.12026059404402
-0.103983981460686 -0.0134352616628501 0.312700269300813 0.169545928638219
-0.108555079312491 -0.0649461059016944 0.167060118358912 0.170148585446155
-0.0574452617969439 -0.151903354439982 0.0924478550061661 0.0144188724489068
0.0584760199694536 -0.149856113475272 0.154205329491199 -0.112786110033694
0.118025652505263 -0.0534978452352653 0.348739967879772 -0.207353876300177
0.120993661498247 0.021007642064807 0.609196714043268 -0.189101672685884
0.398906631480217 -0.0700990713364814 0.282799727715315 -0.296880323515409
0.336907933154499 -0.154304573990051 0.15167367404676 -0.251905855539901
0.203376105464295 -0.309633488036024 -0.0265144989590186 -0.0442040247712749
0.00232435363464007 -0.316322664243392 -0.0600504281338791 0.0809681513118068
-0.154563062889114 -0.214605219341359 0.0353835604669436 0.253788307314634
-0.193242164653611 -0.121373882327117 0.201722768192053 0.266145217851268
-0.253761458856483 -0.0599065376767623 0.312645764458704 0.190502234330882
-0.259369985931771 -0.00618935390903947 0.335600395710204 0.0978061251593777
-0.277925315941316 -0.0229785737249147 0.335122048688383 0.102071288009219
-0.228731242748269 -0.101551453180705 0.252528409589283 0.142631546489237
-0.21006397048639 -0.183323151358716 0.119108719365285 0.143220626846025
-0.0998266837966435 -0.323716233169138 0.0423061281834745 -0.020986765161201
0.0903132315486554 -0.349113003338745 0.120428584548495 -0.157550420456803
0.253341638855257 -0.210943145034663 0.311503766677066 -0.254088725410605
0.331770796641436 -0.0995759399916789 0.545091836951825 -0.22862472865409
0.56807073444784 -0.158447849734678 0.134997733753981 -0.263423434470286
0.487055310878858 -0.244132235632732 0.074785646473946 -0.219405247060187
0.33301043874099 -0.449218796077654 -0.0617305442962205 -0.04891150536823
0.0665444357643253 -0.483799898654464 -0.102367023917763 0.0542245541082652
-0.185573304537756 -0.378711490439171 -0.0179963144767571 0.222278874090559
-0.273483109088971 -0.243598444333857 0.112910037626614 0.228117676994432
-0.366307016530338 -0.146097289951285 0.200093542977729 0.175601347687606
-0.374886948859788 -0.0501695005221739 0.218412205246923 0.086100671266316
-0.401094164006043 -0.0567910704037653 0.221584523313582 0.0760452370577615
-0.332901717284239 -0.158206163062806 0.151714686964918 0.10648849175139
-0.307642289018798 -0.260969566008055 0.0505481585018325 0.108958014513004
-0.162088557340444 -0.452850754918478 -0.0178767057110696 -0.0416197199129988
0.0812607533232662 -0.511720069989071 0.0683967816976088 -0.170056456719356
0.333260749668143 -0.356381391141361 0.235969823365923 -0.247225626180102
0.484304868948561 -0.217032659164988 0.417239639977442 -0.214442781266646
0.654793600802646 -0.235923553245375 -0.0615357645889954 -0.20442122764872
0.565546058772073 -0.322131036788413 -0.0449203421211418 -0.161381189890179
0.404616410980369 -0.547488822773885 -0.102328405328333 -0.0385116464674693
0.106770611028217 -0.594222641580574 -0.131299008655458 0.0209376074204037
-0.200710138031845 -0.488317798287901 -0.0681246230283036 0.148425118443033
-0.318159610729638 -0.329520381414198 0.00531255373609767 0.145075794237218
-0.426799162593156 -0.209892361147194 0.0565425892258611 0.128003195387957
-0.435993039122023 -0.083660780143168 0.0673769369894197 0.0634406727754299
-0.466434443196975 -0.0819363287826069 0.0765363251980795 0.0482599156005708
-0.388113708791964 -0.191205925377849 0.0249472875500997 0.0695843029669487
-0.36048956849494 -0.299438493006911 -0.0338454591951525 0.0708302931401614
-0.202092536660042 -0.512460003866764 -0.0786324085002814 -0.0480487686050284
0.0587918267749203 -0.594965387226583 0.0126780115890313 -0.149652871212435
0.355927661741433 -0.443926146366142 0.145197330872435 -0.183394451693832
0.558306416036839 -0.303390482744861 0.247615907581425 -0.147077577048386
0.641961473112071 -0.286521498539045 -0.275008395344292 -0.122367764650758
0.545388776868117 -0.365477575803056 -0.184857348789758 -0.0793588131812302
0.392946756771452 -0.561629951287659 -0.143286094541068 -0.0179371282694339
0.108477959019397 -0.604321512897124 -0.149084887561442 -0.0139125620356945
-0.188686392500838 -0.50752145498774 -0.115327141739483 0.0443696996294579
-0.313004448698005 -0.352946790353638 -0.111425524677796 0.0332544498858977
-0.422374477029957 -0.237578131493542 -0.101367797986677 0.0596491115764314
-0.429215506270104 -0.10803360312247 -0.0931609802237567 0.0322463919517337
-0.454715874791565 -0.103283881739191 -0.0788181060859578 0.0200127438451957
-0.375296591995181 -0.208989821607536 -0.107901055896661 0.0308467231604342
-0.339165674039009 -0.304495286631473 -0.117152120458625 0.0267333444313895
-0.180280836551212 -0.494604315699763 -0.125474981341261 -0.050005980755127
0.0555827965129269 -0.574151606951857 -0.0283529926098805 -0.108637691494143
0.338424405904003 -0.444572178260642 0.0581372418534824 -0.0801344228718559
0.546164929122569 -0.326765464646433 0.0678542006132415 -0.0409388407199734
0.522928591666526 -0.295799982093407 -0.461178951559773 -0.0248869712778405
0.41859426463238 -0.350120543131107 -0.31009823964306 0.0164545417142695
0.296092166445532 -0.472521016631376 -0.172204709555945 0.00818317465309017
0.0818692399372864 -0.486808102830769 -0.15121223480275 -0.0429856339760297
-0.147855855520424 -0.418566787587786 -0.15239102522971 -0.0612023752854343
-0.255532260300951 -0.307610941253867 -0.216332430570435 -0.0772441961583853
-0.350790708778498 -0.221349961709847 -0.244946029666904 -0.0145575875987147
-0.356775941004898 -0.117073296896936 -0.237568552545504 -0.00439761309975715
-0.374254306991724 -0.119685097286883 -0.216954266711375 -0.014138100997038
-0.296487301799294 -0.212036779676216 -0.216731351975265 -0.0184443358901724
-0.244709669240421 -0.2795466664528 -0.17572950040408 -0.0303268722684802
-0.0971695875068923 -0.404200445767479 -0.142039510989271 -0.058776939643453
0.0773633637432598 -0.451656293973911 -0.0490322007379493 -0.0672966030339556
0.282866243777482 -0.351480150373233 -0.0149714298885281 0.0284733799788899
0.456348009462786 -0.285192344359266 -0.0998329911891349 0.0722467487711046
0.321949455979192 -0.255202140746942 -0.586649975112142 0.0770876926545538
0.222814951944654 -0.267027565956102 -0.390068145172423 0.113695302328898
0.153469694563082 -0.293850107952986 -0.181723444092523 0.0384597074438499
0.0446256766846498 -0.283869878563636 -0.137262659205229 -0.0533460467065703
-0.0797502094829858 -0.257963623824606 -0.169116557772802 -0.140966334873158
-0.153995199465718 -0.209358629505099 -0.290190141237851 -0.159889225846636
-0.222348133956101 -0.169963166205759 -0.35238999523145 -0.077711123080731
-0.230535433094164 -0.108922556613416 -0.345101603835097 -0.0403943821433084
-0.2386551802207 -0.121344109871265 -0.316606325047418 -0.0565044195421472
-0.173872896901843 -0.186263085329906 -0.280301007852131 -0.0824865745606731
-0.111444440378974 -0.218060338915596 -0.193507189485881 -0.100643947501902
0.00267520126098861 -0.258188300318406 -0.123379933380998 -0.0749984450769672
0.0902333946806934 -0.260956885390392 -0.0502924377925022 -0.0336957401078056
0.187709940911208 -0.206957855044737 -0.075738756758641 0.115136825927867
0.299261407986391 -0.202565517500698 -0.236038965843747 0.166129339681757
0.0773882062465781 -0.165339543069077 -0.628835113316078 0.167038692861909
0.0102586300293638 -0.132537549873555 -0.415089850247545 0.201467319577127
0.0140807597335987 -0.0745170683719212 -0.16695317003501 0.0748387041427315
0.0210902062919398 -0.0551443880000109 -0.10629575898028 -0.0432010371647775
0.00583425676379372 -0.077114645643647 -0.166320760439083 -0.182572278136185
-0.0261167093384304 -0.0921822837352351 -0.324213086653471 -0.201619921885016
-0.0573563614991581 -0.0988955155797714 -0.408103671389773 -0.118717857661671
-0.0691229421777475 -0.0838996125219736 -0.399619603342153 -0.0699596608606473
-0.0728386765738197 -0.0965398548406093 -0.365082683001331 -0.103334155561879
-0.0386523467622442 -0.120655339863835 -0.292024765296047 -0.149109346334325
0.0120094345297122 -0.113329733182919 -0.166990784755351 -0.167951519755602
0.0650144762543237 -0.0783932712829704 -0.0775799994266427 -0.087888974354733
0.0561436604683807 -0.0508469645550456 -0.0398599685763539 -0.00634795964920981
0.0503503457230131 -0.0607922026878339 -0.122969761661704 0.168602356633154
0.0958919942034209 -0.104649985629623 -0.325649921151823 0.227767469628838
0.184608131323241 0.027343845029867 0.356893212381669 -0.32118574153054
0.158749604857938 -0.0530683588030882 0.175959185397838 -0.267517847244659
0.0632765200711912 -0.143897095748129 0.00480216223359053 -0.0335085539218651
-0.0504831135345599 -0.127276097046635 -0.00400605427956796 0.0953931372467186
-0.100078226998598 -0.0414772267274452 0.10129770741207 0.239012238280471
-0.0871253146218672 0.00503348654595311 0.273006878379756 0.244708751063041
-0.104890760834265 0.0301760378206263 0.379216982599112 0.156744566824181
-0.102722859744746 0.0425945790202907 0.401743382919866 0.082716016369953
-0.114580034112991 0.0298214981635929 0.400736356646525 0.107842388494784
-0.103658457866254 -0.0106585339973906 0.31929972707576 0.158452268673227
-0.109935029344598 -0.0612193928859156 0.175383802382084 0.165438281621448
-0.0624784361842482 -0.148900229418468 0.0916089517962925 0.012903566058614
0.0534672395308992 -0.151428760593372 0.151192747678911 -0.115704066721654
0.116600035065467 -0.0566731445749006 0.342327543592527 -0.215073863370341
0.120077269339673 0.0165125991861879 0.604055286863814 -0.203115940053784
0.395518135272358 -0.0823841622381225 0.276710881082768 -0.305037312742294
0.332440773735594 -0.161798831175293 0.145632662937951 -0.255111464826387
0.194303987214848 -0.313364042015462 -0.0262909123740362 -0.0454588818383865
-0.00403938385889984 -0.316293587566286 -0.0577929331956881 0.0803791453598061
-0.158515387093812 -0.2112184183099 0.0452618122393583 0.251726043156406
-0.197054143979176 -0.118600986089188 0.210776309155043 0.259821629391539
-0.256155854853752 -0.0525693478392783 0.317105804520688 0.178893541775436
-0.258866182109098 0.00254554690027509 0.33602583530016 0.0884491563861011
-0.278356653150871 -0.0133931512192088 0.336839028946678 0.0906821725856134
-0.232251635661725 -0.0965417435925472 0.257903550274246 0.133811190527039
-0.21543727961738 -0.176515381818434 0.125949123542424 0.139522665814878
-0.110764803963208 -0.321377950339366 0.0410273649572113 -0.0205702791500436
0.0797269548531439 -0.353221761228131 0.116447368947151 -0.160348880277085
0.24914102337582 -0.218617548518584 0.303320918347376 -0.261140509595392
0.32852194007134 -0.111159594466848 0.539296302132221 -0.24096376411525
0.561423543478492 -0.176555244538048 0.129525826564529 -0.267255213807174
0.478866516955488 -0.255198697531146 0.070621082417188 -0.220448446064541
0.319356074522295 -0.455459112575087 -0.0607678056429313 -0.0500447988729448
0.0552145579804818 -0.486222940788837 -0.101312460725439 0.0531495616908586
-0.194308881642461 -0.373346380829015 -0.00837224511810901 0.221281916948108
-0.281854010718116 -0.238837587656275 0.121088548962085 0.225312303141397
-0.371611163210784 -0.135154128012367 0.206003452846783 0.166431024639598
-0.376809191245301 -0.0363345079343878 0.219022433633459 0.0795194154492063
-0.402991278430231 -0.0430618327525831 0.222927246999521 0.0678888754144494
-0.338551104132011 -0.151749310308883 0.156455652832669 0.100403427479499
-0.314974672097165 -0.25157619215949 0.0560842072635579 0.106198695768631
-0.176696894275241 -0.449001274862687 -0.0193826439113784 -0.0398765158098485
0.0663222666603386 -0.517069700761876 0.063282464105898 -0.173238373518931
0.325457746407519 -0.366083461036404 0.228498461938203 -0.253676932951604
0.479013027335492 -0.233698038367591 0.410865882490194 -0.22428906270859
0.648923605044932 -0.257661190786314 -0.0655713647170671 -0.202229570423542
0.557416038251522 -0.335714489551987 -0.0468008936654908 -0.158079272870656
0.387151185922554 -0.555751291495508 -0.100798105123663 -0.0373482000268463
0.0913872022345684 -0.600875444348932 -0.131917061493191 0.0218166238919402
-0.213023136197407 -0.483116418090922 -0.0600912831162057 0.1488498318881
-0.329896742020914 -0.323454176819076 0.0103943340508629 0.145465006143795
-0.435003109970943 -0.196630145752637 0.0612189062150734 0.123432800439504
-0.439018197658385 -0.0688290336256516 0.0690099501375076 0.0605529728762685
-0.468036617572045 -0.06563503140289 0.0766650846791343 0.0445101748086252
-0.395858696226826 -0.184097918809917 0.0271505400953256 0.0679515500187581
-0.368985445754549 -0.288971811742745 -0.0299686938719867 0.0702012727966119
-0.217675482175128 -0.508628977818746 -0.0804276653176769 -0.0443523483012654
0.0417680527405844 -0.600793819367058 0.00841727011250838 -0.152255697831559
0.346966782488017 -0.456278043872713 0.139334898394161 -0.188016731170661
0.550434978620548 -0.321395348451116 0.242836594082211 -0.152278430834912
0.63308031729551 -0.307999585311286 -0.276314250984108 -0.114517818374941
0.537055892446094 -0.378282645181366 -0.184352580456579 -0.0728448941944778
0.375469712710581 -0.572960963433758 -0.141717934595846 -0.0153967051505379
0.0941180437023101 -0.60914210891327 -0.150075954045758 -0.0129024874800903
-0.202884766874387 -0.501017655741007 -0.11037757784219 0.0460418173480574
-0.325778349206917 -0.347236182117524 -0.110612431716042 0.0378953186215014
-0.432441398755987 -0.224132522570217 -0.097273288232173 0.0595299323973194
-0.432873796489253 -0.0931042972255248 -0.0918032607305661 0.0334582214057485
-0.458116225197268 -0.0873530462624937 -0.0797472369779122 0.0213866652041423
-0.384598728830267 -0.201827841310838 -0.106193785673541 0.033716598835777
-0.347371960780983 -0.294398361500685 -0.115380790059436 0.0288224719697175
-0.195227117206301 -0.491507363412363 -0.126121857237568 -0.0457055502472947
0.0399297601033001 -0.578357660251146 -0.0316499168547812 -0.110889929602533
0.328798760726716 -0.454588349773916 0.0554571291847924 -0.0824834687036098
0.539452598225895 -0.344087617527342 0.0653046252092982 -0.0415187324528737
0.516725617292082 -0.312757505627335 -0.460257271175653 -0.0130291355165162
0.411960245270787 -0.359221362208616 -0.306703495241399 0.0254048523217546
0.282680711150797 -0.481839298863626 -0.171400494486844 0.012018531644939
0.0703345396833845 -0.493014297596944 -0.153363752261034 -0.0412158698209343
-0.160060885248649 -0.414293971829264 -0.152277149839148 -0.0586157542135079
-0.266871601578054 -0.302741297657244 -0.219923631862676 -0.0701504985587054
-0.359733543217932 -0.210114997194317 -0.243015153713745 -0.0106050961253107
-0.361767254085286 -0.104232935876847 -0.236355727659137 -8.50612682683974E-05
-0.378623666289714 -0.106705556643338 -0.217651720858617 -0.00819709903180269
-0.305141859680877 -0.206394787310158 -0.216967395991717 -0.0126537672359035
-0.252158442925732 -0.273587802982431 -0.176597030056746 -0.0261235020261466
-0.109277068667209 -0.404319794451493 -0.142297174461411 -0.0535250807516924
0.0638919918666316 -0.455647174513694 -0.0512013974397625 -0.0681168157258418
0.275232094821202 -0.359884374708936 -0.0149240650645944 0.0277525320646783
0.45089444848655 -0.300896645145862 -0.0999438940669379 0.0765324073459324
0.316674911145206 -0.266402627165654 -0.582418350571447 0.0914616247213648
0.218321907541365 -0.273308360397583 -0.385097301125982 0.125118214344121
0.146022655665314 -0.299795756202418 -0.180198346718561 0.0430739486984891
0.0381092104876086 -0.287700605779304 -0.138838715342567 -0.0508954490163995
-0.0872968618766005 -0.255655210259383 -0.172805833109365 -0.137356951928917
-0.162754391307658 -0.206189882370138 -0.296504721260643 -0.15008883438412
-0.229893713820281 -0.162371609334458 -0.352482188120797 -0.0694496205792997
-0.236149985188051 -0.10072160577774 -0.345458972315085 -0.0328635225138555
-0.244250896705251 -0.113491943866753 -0.317686878148783 -0.0482293252079675
-0.182368209063967 -0.183344074963357 -0.282906664787996 -0.073879777264245
-0.118208924383662 -0.216219744884458 -0.196223301297427 -0.0951411873617041
-0.00514713042833625 -0.260191921611039 -0.123926722265546 -0.0713178724823046
0.0823216475625917 -0.264579007499497 -0.0515660410145295 -0.0340344600475696
0.184092244655472 -0.213642619912256 -0.0727051817005592 0.115252697754498
0.296305732335083 -0.213045329229289 -0.233639838313022 0.174034580911744
0.0758675763227229 -0.168276174576529 -0.622276237447303 0.18170952694713
0.00869019612222175 -0.132411104638499 -0.407602913585865 0.211887102240976
0.0125046464015842 -0.0765871526983944 -0.165416237356108 0.0804305437995701
0.0196156864898014 -0.0568828964397951 -0.1079616737098 -0.0409992648933925
0.00375143541769397 -0.0765596903998749 -0.172806208107367 -0.179349879450101
-0.0299643265630883 -0.0915363969183043 -0.332034628098665 -0.192207499619378
-0.0622527036806636 -0.0966007851714779 -0.409405910541348 -0.106706353377082
-0.074008376523541 -0.0809089487607658 -0.399846989218913 -0.0606046928330576
-0.0781173369770117 -0.0938453760244771 -0.368352592471944 -0.0923697554237551
-0.0445192802708876 -0.120050622700594 -0.296618174282785 -0.139647222590927
0.00788775438838391 -0.114995922232081 -0.172378558805303 -0.161983754963832
0.0616991732773309 -0.0822065461030775 -0.0783292114480183 -0.0856161798882494
0.0547511377850805 -0.05431972760919 -0.040806932408819 -0.00665518739826873
0.0501269869672224 -0.0633538625045497 -0.118268763760821 0.170736445539469
0.0963253719576399 -0.108723038603446 -0.322209622329824 0.237788988067294
0.186199458557339 0.0233280382312495 0.357200251722897 -0.337914288577866
0.159569246127549 -0.0565746933448667 0.171732742283786 -0.278120177843423
0.0604454976977142 -0.146558150136667 0.00505068384821064 -0.0366834662050817
-0.053612673013031 -0.128538190946717 -0.00100080704812222 0.0954074252108888
-0.10163249802337 -0.0404403768238445 0.111601106630239 0.23948238836165
-0.0876618826448047 0.00592183929700638 0.287277997983204 0.240686838324913
-0.105378743356949 0.0334621226894849 0.38925975032482 0.14820497016696
-0.102012174410998 0.0465452753314943 0.410130033002415 0.075868371678767
-0.114201586003844 0.0346420482585744 0.411216506463719 0.0969785780023994
-0.10608808196476 -0.0079881395057805 0.331473000013207 0.150104585567021
-0.113357329585775 -0.0588633443115033 0.185256097890514 0.163066325361402
-0.0683905409175475 -0.149057844856167 0.0927034933726923 0.0125305393906711
0.04902178847172 -0.156316340628281 0.150045343381732 -0.119806039179758
0.117362785136215 -0.0609501297498217 0.341691045916412 -0.227277656808274
0.121206232991656 0.0122748510966225 0.611125543343244 -0.222669673173359
0.398879065216136 -0.096675665520199 0.275153910990628 -0.318950974521361
0.333286840214713 -0.172491351075493 0.142492855979785 -0.26350972368886
0.18779313925021 -0.321635448241425 -0.0256664572236383 -0.0482911560958144
-0.0113124401950286 -0.321949394439774 -0.057229423831506 0.0803666004360138
-0.166508734164794 -0.211618622995371 0.0562062023847925 0.253844460797752
-0.204553204486843 -0.11763673212821 0.223653905004786 0.258504348635781
-0.263272185332211 -0.0459422416134753 0.327709833117368 0.172011501699163
-0.262372782689894 0.0112892511667581 0.343480028006631 0.0813982535909241
-0.283672427328778 -0.00415748596470126 0.345677813082167 0.0811015963108378
-0.241111738811198 -0.0936543493106144 0.267309227437632 0.126494035606134
-0.224079524100903 -0.174072216105572 0.134385733975206 0.137679544067738
-0.122106492722246 -0.325074816477987 0.0412507268058094 -0.0208461406659562
0.070783617672482 -0.363673570793778 0.11416927953452 -0.166599762788243
0.249958079306061 -0.229785622757792 0.30055534363004 -0.273753945226239
0.332390453811167 -0.124735837023226 0.54232714633898 -0.259518273767941
0.564504063471362 -0.198167692068279 0.126041267870154 -0.274647230052349
0.48172750392009 -0.2711218220616 0.068060841128673 -0.225776499605371
0.31017722153009 -0.470404585404678 -0.0603758196948906 -0.051404136076818
0.0459048320971077 -0.498027626347149 -0.102763906634865 0.0534804189123447
-0.207266349264743 -0.375663507013976 0.000984237280032136 0.223196784970288
-0.294997986142407 -0.238128203223731 0.130906603882195 0.225357191860455
-0.384194808051073 -0.126812992375564 0.214835419042594 0.162029111036706
-0.383573547252919 -0.0239569036694893 0.223576752417591 0.0746239614322375
-0.411888294457452 -0.0297880915131495 0.227445959800846 0.061308202634384
-0.351786133849935 -0.14751965154685 0.162786282990109 0.0959687406777475
-0.327637882292074 -0.247372717051234 0.0621134348418004 0.104977234777526
-0.193837311641201 -0.454671791531753 -0.0211109070570472 -0.0387567154396711
0.0521664070512701 -0.530316408752012 0.0596997506946544 -0.179470032774736
0.323666692983801 -0.383923766993691 0.224268598262 -0.263494458896652
0.482736698777331 -0.254099990738664 0.412559012620897 -0.238853828792359
0.651282568969954 -0.28398726420484 -0.0707698718163606 -0.203525178915528
0.559869682744301 -0.354920592585751 -0.0494807827031385 -0.159380059883608
0.377195591735281 -0.575065339401229 -0.101489193240004 -0.037935870671608
0.0781725391466607 -0.616480748712053 -0.134897780807311 0.0229042412998961
-0.229405868644639 -0.485654559915007 -0.0537981837241568 0.150980126233127
-0.347604369794461 -0.322925692802034 0.0149904238568398 0.148411310351715
-0.451381432404845 -0.185949450254227 0.0666441121375525 0.121279662587926
-0.44840385358542 -0.0549453389425371 0.0709925974438701 0.0589517109379716
-0.477562686874513 -0.0506145184288299 0.0772468047092086 0.0419647715625994
-0.411261448324416 -0.178324479099409 0.0298999809988247 0.0669989514940865
-0.383304808840057 -0.28438967437304 -0.0269137342438051 0.0713582770636598
-0.237826303742033 -0.514807957317684 -0.0821398356160759 -0.0422748670471513
0.0249544816616969 -0.614935642509158 0.00388479349862796 -0.157139821267828
0.344613312220299 -0.475286483332322 0.135611928139327 -0.19542012849526
0.553332349189312 -0.345839132339367 0.242767882804172 -0.160412508253246
0.636678709822826 -0.333039287930576 -0.282643267073234 -0.109337662902567
0.538920170553521 -0.399123298622976 -0.186957832196573 -0.067869266097348
0.365623283178544 -0.592997995003478 -0.142862080596127 -0.0128296098004514
0.0820166584377862 -0.626888156381244 -0.15517264612658 -0.0114558397113613
-0.220738623061111 -0.504692762402192 -0.10920618789326 0.0479287006642531
-0.345803667896152 -0.345971965512073 -0.111543969576625 0.0430467338126608
-0.450498777548058 -0.214240355331904 -0.0961296259188385 0.0604111561005126
-0.444254508125447 -0.0793868507207933 -0.0928711541127936 0.0350470606559068
-0.469718264529746 -0.073676326785684 -0.0816863134037903 0.0236607245145122
-0.400388181871401 -0.196749066951093 -0.107518515534232 0.0368055789032
-0.360389358771461 -0.290286452459872 -0.116148518841615 0.0314750549741874
-0.215096810897207 -0.497849456305503 -0.128409748292257 -0.0418433356803473
0.0219317559167051 -0.592090285400924 -0.0359151632785772 -0.114231435656445
0.325564047925186 -0.473178009405123 0.0530489866087846 -0.0867363545515001
0.542370738907591 -0.370777270983032 0.0639169814154718 -0.0424451871792824
0.518210021084437 -0.33702136841102 -0.467506267135215 0.000191046911555602
0.412283919882785 -0.377003839961491 -0.308632174614745 0.035468271421388
0.27512178333726 -0.498857610650735 -0.172599849216212 0.0161823942574222
0.0602837826162583 -0.508296428280391 -0.158579382238656 -0.0393265421534744
-0.173856420916708 -0.419081489027755 -0.155314159680883 -0.0572298492615197
-0.283981469495516 -0.301904889956795 -0.226095150060959 -0.0640701084249258
-0.376423170847835 -0.202580820095904 -0.246368562274822 -0.00661068099567351
-0.373219118163654 -0.0928492562549183 -0.240443583414177 0.00506414925880095
-0.389000171990845 -0.0953336684829515 -0.222187975786272 -0.00308439111413506
-0.32119916451939 -0.202648991380888 -0.22143156980585 -0.00579957063088736
-0.263922760627598 -0.271179330954541 -0.180201473677822 -0.022578324930416
-0.123269270381782 -0.411253599791991 -0.144724650119526 -0.0507289038018777
0.0522057434803091 -0.467566769533835 -0.0546992104877455 -0.0703224747908293
0.273234862828729 -0.376187108936802 -0.0156222679698339 0.0275938797073222
0.453164087628777 -0.32369065562262 -0.101535201183604 0.0826087987962909
0.317135809472234 -0.283267214170397 -0.58900977677183 0.108024589943411
0.217252458307018 -0.284609836873289 -0.38694008893162 0.137966587134933
0.140785426719963 -0.310561097184896 -0.182004021928688 0.0488726838460099
0.0321580785719924 -0.297490283156359 -0.143998277775277 -0.048605863785518
-0.0959041115018906 -0.25800018221842 -0.180431077601748 -0.136506942455263
-0.174079947547748 -0.206445512822855 -0.307344431137732 -0.144250326492952
-0.241817453834629 -0.157036567926738 -0.358764405196839 -0.0631546738689371
-0.244894769359112 -0.093634386290405 -0.350989150705449 -0.0256972351992359
-0.253844162128281 -0.106646650791233 -0.325537330237207 -0.0392973095668165
-0.194216437776905 -0.182961276997817 -0.289482416157973 -0.0661543081052782
-0.12682352549504 -0.217459570197838 -0.202653353234422 -0.0915723381019406
-0.0135668485054665 -0.267924606711898 -0.126266044126744 -0.0694611320749323
0.0757897678628834 -0.273963639284198 -0.0538369140798081 -0.0353674189733531
0.183215153087772 -0.223328110908124 -0.0718223041640332 0.118609522235519
0.298210433721811 -0.228084070447397 -0.236373542845837 0.186358010545656
0.0743546741300447 -0.175332403018912 -0.628827217640595 0.201225465611483
0.00686867150691132 -0.135269561805792 -0.40773516585976 0.227187376007164
0.011353094615155 -0.079603854525435 -0.166349889193338 0.0872510052356004
0.0193837308414604 -0.0597764880694108 -0.111174965338146 -0.0383774770158153
0.00222650714061081 -0.0780784183515933 -0.18266027851681 -0.178661887470257
-0.0346085169286098 -0.0920625062946046 -0.344824059226883 -0.185278374976359
-0.0684488043555697 -0.095664759051333 -0.418607313431783 -0.0985403316057195
-0.0796413883470816 -0.079426694548497 -0.407770853855371 -0.0528032539883852
-0.0845202081233315 -0.092732808744687 -0.376396486639361 -0.0835530498419234
-0.0513180211949861 -0.122074661364695 -0.305763894038806 -0.13262398117238
0.00352468695196465 -0.118478799006362 -0.17986469086116 -0.159523436277122
0.0591964122827972 -0.0876532320457088 -0.0803722580237347 -0.0848703676537547
0.0536012338706791 -0.059232641563751 -0.0428370898982919 -0.00634692279501163
0.0505289169641015 -0.0673975707365547 -0.116012359371283 0.176173573317247
0.0968230596359232 -0.115622241099974 -0.325249934376744 0.253606907911822
0.189732486439561 0.0156069127748763 0.35385488852882 -0.363434511886099
0.161388629211869 -0.0641510522512704 0.163141672055127 -0.29439363744551
0.0565840137337401 -0.151552906063917 0.00421474714710512 -0.0404630823507078
-0.0598667598032132 -0.129055373968625 0.00346895240986658 0.0950847484302255
-0.105826139601791 -0.0382266348801666 0.127719911224381 0.239164042423659
-0.0895124052536007 0.00786693571030828 0.308529667731739 0.233014003949521
-0.106005697076949 0.0399431572197773 0.406579222667447 0.135115448006176
-0.101367409682504 0.0528300226231983 0.422193553804846 0.0598477822436209
-0.114799898625493 0.0415948874572798 0.426402833573559 0.0792634639426893
-0.109059207352511 -0.00300641920562066 0.349295425059595 0.137250971744812
-0.118948290074112 -0.0541521833113695 0.200188790391498 0.158558835281096
-0.0775480363952102 -0.149288083201668 0.0952080227791063 0.0096964019255246
0.0424596222409355 -0.162947875669477 0.148518038613223 -0.128344536074592
0.117334727878878 -0.067967127088876 0.340539072227781 -0.247014927129143
0.12333070491237 0.00622734025246979 0.617752796534684 -0.255403150734589
0.402401540790871 -0.119246696302558 0.270617816985989 -0.339383097519106
0.334416731106502 -0.190823914956646 0.136126556517001 -0.277789583079587
0.177994418486883 -0.336922237407952 -0.0274436200477131 -0.0510241719154186
-0.0236574053871699 -0.330330178631613 -0.0568811072283925 0.0818066434140968
-0.179213523228942 -0.210730621577199 0.0718056113886837 0.255956540294175
-0.216122626133001 -0.114288013349817 0.243702114097184 0.254446619211993
-0.27337384921241 -0.0344621405380476 0.343928444151298 0.160742147188368
-0.26773165537267 0.0249652286618988 0.354139560442767 0.068365399289162
-0.29058082926641 0.0104766591947604 0.35693619205449 0.0657180706438569
-0.253987421716727 -0.0858204300873825 0.281643915465756 0.115714159567194
-0.237622805875403 -0.168423162879089 0.146295655882505 0.134109287760649
-0.141792639897291 -0.329031403380498 0.0409459199511243 -0.0218136239423221
0.05458422135761 -0.377658762651895 0.109149136009619 -0.175942867824601
0.247365340819917 -0.24851053634991 0.295506588305559 -0.292415514002608
0.334852411017727 -0.146136032531285 0.546825097451799 -0.290958421925143
0.567707220840722 -0.23357834162864 0.118829645625245 -0.287053695375179
0.481495275901617 -0.297984772722468 0.0618221658327131 -0.233616774704551
0.295065941376625 -0.494185709702023 -0.0624037261615524 -0.0527926393052505
0.0272359695241447 -0.514257619618935 -0.105246557100725 0.0569795003639164
-0.22924592855989 -0.376842626893952 0.0131796858248109 0.226857230988174
-0.316616353689727 -0.234056437792623 0.146282399443257 0.226231349685926
-0.403203709626986 -0.111092926856074 0.227960783795991 0.155001101437009
-0.394615457266516 -0.00473786822103859 0.231400483241512 0.0671306187911523
-0.423418198817413 -0.0088024868178421 0.235080319883177 0.0514597478101406
-0.371241466878978 -0.137086404146318 0.171287236386108 0.0892475244308946
-0.346473239969817 -0.239598363890169 0.0697413744893514 0.103887479983218
-0.220886632392373 -0.459203128849285 -0.0232238700770494 -0.0383365742132039
0.0292049425523673 -0.549001533154558 0.0520329316207395 -0.188109558957594
0.318570523001463 -0.410908246683301 0.216683678008953 -0.279514531584771
0.483918902589727 -0.288264240765057 0.412458019970763 -0.263312755449324
0.653836664101982 -0.325014763618317 -0.0801790384098935 -0.204919469297871
0.560604153933195 -0.388859455309113 -0.0550254877365466 -0.160321498991765
0.361567582198489 -0.605391110947737 -0.104148106994542 -0.0370227219902348
0.0558214868903043 -0.639713079715358 -0.140255332688777 0.0265767186517018
-0.257278269320247 -0.49038629334425 -0.046401178426571 0.154512151016108
-0.375118574680097 -0.317657613412842 0.0229981910757523 0.152641036879011
-0.47532416666299 -0.169138750548831 0.0742760119690213 0.119398629500521
-0.462785605722839 -0.0335239524877576 0.0735556028584325 0.0575448586624464
-0.49347730911947 -0.0274785989706111 0.0800078789410197 0.0390214178960334
-0.435163230536188 -0.166689752718601 0.0331608665105346 0.0667265625084335
-0.405356275124098 -0.275116601128426 -0.0238391086241335 0.0726177165146948
-0.26960067873174 -0.518721999111671 -0.0861399682748702 -0.0393733674035488
-0.00478955542345403 -0.635029517545093 -0.00372230661355912 -0.163617306620275
0.334459336478275 -0.506972807373809 0.127821553882428 -0.205660947324762
0.554170491345475 -0.38704990858425 0.241411695847367 -0.174879125532387
0.636935073471118 -0.374919392062627 -0.292734136551435 -0.0990668953385737
0.538067971391968 -0.43347273984639 -0.192252467511313 -0.0610590143917647
0.347036086517215 -0.625190539108163 -0.145372943216806 -0.00854641807157431
0.0587800541767209 -0.651920481525696 -0.162153251207743 -0.00647056418343335
-0.248231774742624 -0.509416663522269 -0.10869062545352 0.0511995327452016
-0.37456965882573 -0.342464804388838 -0.113060269315495 0.0501821532637613
-0.475948799004159 -0.196430154218311 -0.0954277716921617 0.063471502764731
-0.460199442832397 -0.0588495000721458 -0.0948433633421863 0.0394055909564478
-0.485374990347276 -0.0500566019006462 -0.0832408001428499 0.0277942485748557
-0.424472293925772 -0.185848467261323 -0.109100414904178 0.042708419676736
-0.383483302206405 -0.282731995732075 -0.116999823390122 0.0366371898435559
-0.24498997474996 -0.504349301720936 -0.132922539942734 -0.0368600310475675
-0.00533985878342829 -0.611242843328972 -0.0436299280716404 -0.11843482037539
0.315084334946276 -0.503633755403295 0.04875214146493 -0.0911195543316603
0.541658239378262 -0.410540047502326 0.0630059556305315 -0.044667691794894
0.515663147854577 -0.372662528782226 -0.478205823110038 0.0206961053979102
0.409343098884229 -0.405505120670876 -0.312649972643805 0.0500235356699202
0.260777153270845 -0.525310937126675 -0.17589571177894 0.0235087666007995
0.0423113705298862 -0.529057574311803 -0.166611869911796 -0.0347851882197736
-0.197696235416219 -0.422895783520786 -0.16203386210688 -0.0537300868880696
-0.309381250602484 -0.29760852620766 -0.236536021536489 -0.0539787487737452
-0.399924375058688 -0.187203699094559 -0.252234401037536 0.00155882729940822
-0.38845095458671 -0.075408484563762 -0.246924483899129 0.0153463149527157
-0.405421444150103 -0.0773728701628742 -0.229071107705858 0.0078617950768494
-0.34354551895274 -0.195671126855091 -0.227846254452361 0.00489541303087245
-0.282551929731137 -0.268720751168331 -0.185899699284301 -0.0151727732392513
-0.148155017190746 -0.419532133701231 -0.149656601049506 -0.0450637152980449
0.0296417714625865 -0.484762388322225 -0.060785727532987 -0.07211595342278
0.266569410828196 -0.401275111291329 -0.0162937280899593 0.0282160839079773
0.451948323934802 -0.358251855373642 -0.101661111329674 0.0916860757702929
0.31354084508049 -0.307365245906118 -0.598658048959838 0.135629601510543
0.213289614831599 -0.302075258629082 -0.389202262233601 0.158302124003007
0.131396654697534 -0.326468186123639 -0.183649515901578 0.0586908309502
0.0216758258294898 -0.310241148354422 -0.150890620265874 -0.0435565100058257
-0.109779797665779 -0.261393892624092 -0.192750183329352 -0.133202222565719
-0.19112776678506 -0.204313151946926 -0.324864306630739 -0.131952492374754
-0.259355089080844 -0.14861637330545 -0.371245886626195 -0.0510593966107983
-0.25750214266498 -0.0823756731902695 -0.361915599026993 -0.0124298888338052
-0.267495846262479 -0.0955514742175953 -0.335297792841437 -0.0260761739753773
-0.21208356694038 -0.180426831828408 -0.30077098464189 -0.0531957894939883
-0.14058077278938 -0.219018619471107 -0.211402612056081 -0.0842330286229188
-0.0279710367098926 -0.276912294881515 -0.130962977486163 -0.0652292373195117
0.0637462869924609 -0.286363565688037 -0.0583119006785657 -0.0355708660314064
0.180185691700468 -0.240463517816505 -0.0695503661880132 0.123918851139487
0.298168408774074 -0.251982405687733 -0.23612299813981 0.204317582309682
0.0697271494512835 -0.184950185097208 -0.636177406708768 0.231688191074509
0.0025586092467009 -0.139720544708999 -0.406828162347589 0.251279610119072
0.00821025057918823 -0.0835338167062383 -0.166620507121658 0.0978151713100947
0.0182536561772439 -0.0633758818407915 -0.115586142703075 -0.0339916264346559
-0.000687204152888209 -0.0800695793470818 -0.197605091008278 -0.1754326682525
-0.0410654564936158 -0.0925058702278883 -0.365061154148462 -0.173316229414228
-0.0767641699452804 -0.0943464859732307 -0.433441846103581 -0.0842642181044561
-0.0877096454513143 -0.0763641347005485 -0.419819328022062 -0.038262352058517
-0.0935870538948897 -0.090128361918853 -0.390089619704211 -0.0683571012067351
-0.0616060290457762 -0.123037516903577 -0.320271956555443 -0.120355186952736
-0.00293985526479004 -0.122513840669041 -0.191854152417464 -0.154698417506078
0.055722301159992 -0.0947881177495624 -0.0843151975612419 -0.0837249111485198
0.0512004348639733 -0.0646312408978098 -0.0456631075189285 -0.00569710441389821
0.0504229120113144 -0.0731216948391531 -0.112039192039676 0.184884373855345
0.0964032702725254 -0.125878930894823 -0.324823459847726 0.278282725277122
0.191633655782095 0.00388409790380304 0.340122331911592 -0.393561490081442
0.159614068241492 -0.073795767018335 0.147425593983654 -0.309849070520381
0.048838026165154 -0.155556334902667 0.00175886842664598 -0.0434021668057027
-0.0685653052302341 -0.127105228365185 0.0077688257383759 0.0937997739665135
-0.109521947985721 -0.0333601022172259 0.145697638328733 0.233969725570519
-0.0907457479488625 0.0115293729432084 0.330925698912694 0.21576163929952
-0.105070325036122 0.0479423997471421 0.422380238434425 0.112103821618955
-0.0984967158429551 0.0602859460975731 0.431497909249217 0.0381857780974307
-0.111797336487636 0.0505564290706371 0.437859030740918 0.0507336948093984
-0.111075556749123 0.00393843653462809 0.364128898379133 0.115138288150071
-0.123817064197378 -0.0472927254956425 0.215643530969879 0.147915273735388
-0.0889085192766773 -0.146018084202258 0.0965252070278997 0.00502241366801258
0.032015657466306 -0.167882944257856 0.143124455786162 -0.137786457419781
0.11460009251899 -0.0761021518650123 0.330024926743112 -0.270147182017054
0.123881902032802 -0.00174418977858413 0.611740596306419 -0.297845781547224
0.398282155713063 -0.147738529534334 0.255080405301464 -0.361057864931742
0.328924467735617 -0.213808164932657 0.121432707047601 -0.290906417727617
0.159727940212911 -0.351036418970389 -0.0299448842627572 -0.0529642982284736
-0.0432456477464249 -0.33555553992311 -0.0552155857785746 0.0843152509940222
-0.194479068482724 -0.204242568715241 0.0895492696223442 0.252750881874657
-0.229357351855402 -0.105613068072017 0.266198588786567 0.242921444250587
-0.281062082634274 -0.0167762241962086 0.359837560635382 0.140934594447958
-0.26985729831221 0.042643022172676 0.361774600749144 0.0501722497452277
-0.292981208451235 0.0307392835789563 0.365994647471108 0.0436227185546692
-0.26570073175428 -0.0723397913326363 0.29357459961811 0.0981124052929696
-0.252046217749634 -0.157438912566411 0.158482223246753 0.126350949491508
-0.165858270741826 -0.326586317975485 0.0395151547334129 -0.0244694837767913
0.030020164424142 -0.389149551588175 0.0996224291503147 -0.185035833243318
0.238063360281957 -0.26986327012363 0.28119130359465 -0.313935371573149
0.329558727600461 -0.172369521232844 0.537859976381816 -0.329998080467141
0.560074171680691 -0.275412946360906 0.104274655127041 -0.297458737146639
0.473233374762859 -0.333424534088086 0.0493476775851309 -0.241583908243917
0.268140117972351 -0.518917422258344 -0.0649159071619127 -0.052037080913558
-0.000998527591219704 -0.52736436920363 -0.107057611254968 0.0614148491328723
-0.254676321883365 -0.369733039270815 0.0287479175155814 0.227376699178463
-0.339211216183909 -0.220194750464745 0.164158687083693 0.220654732387527
-0.418466501299088 -0.0858683948163738 0.241148183604622 0.142148366916924
-0.400282086977891 0.0212596370778586 0.237102405166823 0.0557456988216958
-0.429528733718057 0.0194017490703556 0.240568454673535 0.0362960913547396
-0.390474881958936 -0.116356302616198 0.179409646899607 0.0785247118763364
-0.36656874414566 -0.223100894100698 0.077935798719861 0.0993407141675491
-0.255496506908731 -0.454291848905192 -0.0259590593635496 -0.0365025052549361
-0.00850682335786544 -0.560948605750776 0.0406539531610152 -0.195693536825218
0.301076274232268 -0.442149842086854 0.201224853861416 -0.295862066867189
0.473499623370357 -0.327676635415273 0.403134723906299 -0.292313275942268
0.640421176954049 -0.376228666702597 -0.0928223464628857 -0.201577204159754
0.54753801288649 -0.429803003198813 -0.0640608952423799 -0.159346517788543
0.327924223015539 -0.635836759294241 -0.106343773360767 -0.032518427525929
0.0207159562848266 -0.658114062546001 -0.144488643953095 0.0339620262066798
-0.289730993510921 -0.482960370052635 -0.0370953799229072 0.156399549268929
-0.404878231194529 -0.302929271630782 0.0331453779171018 0.154869937410717
-0.497917438646361 -0.139360498932467 0.0830320063017268 0.114707495435267
-0.471479597868327 -0.0036622118371425 0.0765117216023843 0.0543321612060889
-0.501675276839554 0.0072572470338847 0.0824160018312493 0.0344781421820856
-0.458173685758406 -0.142869626115607 0.0375368747690187 0.0652895082692082
-0.428198118901984 -0.255961140706662 -0.0194935966571352 0.0741860531288034
-0.308661656401928 -0.514712734402235 -0.0897912465914625 -0.0341398732464811
-0.0474685647519966 -0.646955926465459 -0.0155046398517536 -0.167848505322854
0.312902926032475 -0.539165075437107 0.116311840594718 -0.215040252696293
0.539378607790478 -0.432718499921285 0.234431492003095 -0.191276971666192
0.623280077273523 -0.423601355015677 -0.302762548615563 -0.0819439935471537
0.522925271882386 -0.473819639895703 -0.19651457534943 -0.0507254238679267
0.315143876958856 -0.656995187270886 -0.146817453119788 -0.00137989173209385
0.0225061107643473 -0.671726443639205 -0.167685737954494 0.00215275883991539
-0.283987487281469 -0.503587088907408 -0.106766956782732 0.0566079628669333
-0.406712368430441 -0.325273975308546 -0.112692136183476 0.0599783478402608
-0.500172551761605 -0.166897370224632 -0.0929533508428859 0.0678831120006757
-0.471080146905777 -0.0279635589590024 -0.0947000300750859 0.045539725206844
-0.495346808347994 -0.0166327284533974 -0.0836014639954761 0.0330404065899816
-0.449384950146429 -0.163122303758405 -0.109105858446074 0.0507399606511214
-0.406324827505286 -0.266251283868093 -0.116914298789323 0.0433925740384726
-0.284993142258666 -0.500268675289223 -0.13656744566576 -0.0294038000806419
-0.0453904342265833 -0.623126444250832 -0.0537196951129586 -0.119587220174967
0.292959188633159 -0.535436675585407 0.0413379458315329 -0.0946791811422865
0.523624103740407 -0.457302346926662 0.0602123199763042 -0.0475152284023345
0.501258044438069 -0.414756262523818 -0.483855318998451 0.0500849213231784
0.395636009401286 -0.438742001011409 -0.313726274304641 0.0698007563785935
0.232229429075905 -0.552003112685466 -0.175490572006275 0.0338925535246327
0.0126012238390916 -0.547306253724302 -0.17310047809994 -0.0246886392033883
-0.22695825546892 -0.419436582025476 -0.168377181464539 -0.0459939731774634
-0.336954318368762 -0.283746389352989 -0.245469771869183 -0.0371224260447131
-0.421917513482915 -0.161935322813292 -0.256484311378002 0.0151293180446063
-0.399793120426576 -0.0502916355643542 -0.250449023796649 0.0287212219033475
-0.416790247883129 -0.0502409434759319 -0.23262189496991 0.022627360725856
-0.366262208430874 -0.17741837840826 -0.231557756677723 0.0198926682152226
-0.304232848480352 -0.256822538980151 -0.189472991216554 -0.00482593632688733
-0.179477977421727 -0.420105513472941 -0.153793306059928 -0.0374121425248327
-0.00139441733492199 -0.496729748224736 -0.0681119348041226 -0.0713182332178505
0.248572540705864 -0.428653887239927 -0.0164169913474591 0.0304864711706179
0.436881332897595 -0.397548610228237 -0.0992068904026522 0.101848309506197
0.300188322043221 -0.333988966820729 -0.600272001378204 0.173485282651177
0.201183144411116 -0.320916907937365 -0.384060395184404 0.183994590531032
0.114466033090152 -0.341883965570349 -0.18285371980034 0.0709049637066488
0.00458181722228055 -0.32128290011555 -0.15628378379365 -0.0349526482828664
-0.127253414424211 -0.259969740532568 -0.205743495470378 -0.124727054758727
-0.209437096644455 -0.195795896891412 -0.341072894144843 -0.112372327824933
-0.27635398496243 -0.132519197123936 -0.381354797858958 -0.0303371406286275
-0.267859322750321 -0.0654373341506135 -0.368448454397197 0.00761837079157938
-0.279329618468357 -0.0782546836868645 -0.341866564521587 -0.0049991137335139
-0.231841222203289 -0.169719960321151 -0.308861816865509 -0.0336527261556746
-0.156778536637909 -0.215301830366499 -0.21990349704225 -0.0730285987117127
-0.0473556927050012 -0.282418642276618 -0.135501506081346 -0.0588852268534125
0.045165359067268 -0.296830225652355 -0.0633514136651605 -0.0338955392758148
0.170759538671333 -0.257870195228349 -0.0640056341335856 0.130653670855068
0.287941499766108 -0.280143860865027 -0.228664954541939 0.225457136159938
0.0609714357662134 -0.193016812862894 -0.630558516901235 0.273013541686705
-0.00402163897594175 -0.141444266648157 -0.396164861353565 0.279662569757253
0.00412557312194501 -0.0862834103144143 -0.162773323320895 0.110163575749219
0.0154446429642674 -0.068106780520856 -0.118745877874206 -0.0268539172029111
-0.00440266482115407 -0.0818398156133988 -0.21372351650711 -0.165756164139009
-0.0486230024048198 -0.0905036558089664 -0.384547572198927 -0.151444469921964
-0.0860217596107809 -0.0906587270370264 -0.44681554347755 -0.0597464725984119
-0.0949488640145962 -0.0709216126891398 -0.429632862775156 -0.0150657847542466
-0.102515332220374 -0.0837022332386492 -0.399888697674376 -0.0444975496938511
-0.0737952111980358 -0.121445122124368 -0.332649329991411 -0.100146432311026
-0.0119852079626907 -0.125873323608427 -0.204076457491018 -0.145072117282368
0.0488222729431989 -0.101924622186136 -0.0892997792384545 -0.0807778842198236
0.0468610271223627 -0.0706267734366152 -0.0483263271250307 -0.00376225755483831
0.0480509974739966 -0.0798133035565232 -0.103207809952641 0.194522613061671
0.0918585259551297 -0.137677574468121 -0.315197624971135 0.306319285359543
0.187018776526095 -0.0433281049582948 0.260056121882775 -0.433175593322856
0.138909864986082 -0.110357450757141 0.0912514822431085 -0.319885082552499
0.0184967151728529 -0.162039181226804 0.00106504257570527 -0.0390295268478641
-0.089003674994371 -0.108878105039096 0.0287761269042608 0.0885657495917596
-0.106751917600828 -0.0107252606473365 0.187172322824168 0.198331124389776
-0.0768586491530607 0.0248081098992874 0.360901095044745 0.148842929865731
-0.088466200243018 0.0651738623153169 0.435685948369361 0.0350868317589779
-0.0804031807796763 0.0695724741694455 0.42591192452155 -0.0319876949151399
-0.0972143568397027 0.0641543403450994 0.438296962280525 -0.0149244200239888
-0.107775684523978 0.0182133147654397 0.380042445684422 0.0599804809605225
-0.127197003428445 -0.0270838036372022 0.237171637746023 0.114439529698855
-0.113555770752192 -0.12964557726109 0.0983784952955267 -0.0031759120717226
-0.000254206898132053 -0.171320131301158 0.120857110818841 -0.15082491157864
0.0946497001970187 -0.0932203223926866 0.287329162631499 -0.315815076174433
0.116139177173735 -0.0257175216465185 0.557946086626796 -0.377973178299331
0.35796303772021 -0.231111718904513 0.186653184104675 -0.375773973742419
0.276357519654135 -0.278025184305523 0.0730095871723125 -0.286567209887828
0.0904195086519133 -0.372941610444095 -0.0233065208623094 -0.0329568593706451
-0.105310295424269 -0.319218657840612 -0.0259696100299667 0.0973554229303917
-0.220290105470434 -0.162120382305226 0.142198341283596 0.224680538701696
-0.233676950927511 -0.064169275746802 0.307760585258489 0.183739545174623
-0.277933345030423 0.0363925218278637 0.387311424223229 0.073726871781984
-0.250338769155458 0.0815439422254121 0.3603000666157 -0.0107207316369095
-0.280442900565594 0.0779101966788182 0.366343373616019 -0.0137498039180254
-0.276161026652823 -0.0298685494119076 0.309708549551983 0.0530971475796034
-0.272066443041296 -0.113280337263898 0.18074694717976 0.101245879633733
-0.222336430305862 -0.296309808228723 0.0408639385836853 -0.0206778870419556
-0.0384182415368591 -0.38849806914744 0.0685108157367049 -0.186290562192342
0.186003823551998 -0.305866006459686 0.22605904178093 -0.353020934175534
0.294197327548357 -0.228449109527852 0.473502194263939 -0.401653700346667
0.490629540956924 -0.38576330154429 0.0517606159400357 -0.277467065147786
0.395286957496705 -0.42013843948539 0.016387096035133 -0.217819661141432
0.165250373827984 -0.557673755524307 -0.0512043349345822 -0.0172239729899558
-0.102915572726666 -0.516387062629034 -0.0727789297843072 0.0927449814092205
-0.309242335258286 -0.313656977264477 0.0852675535596261 0.208251492079641
-0.364152151191743 -0.156843164911146 0.209668868679589 0.178080372896291
-0.431003166935686 -0.00454515975910014 0.276797583637063 0.0946796047836357
-0.382501315190636 0.0820766134842813 0.240097791133229 0.0121584633205389
-0.417993723799552 0.0930430933291901 0.241759670805171 -0.00223449872733513
-0.409145632989326 -0.0507905357801659 0.195921639183604 0.0511492835768783
-0.396181649714458 -0.159182429734406 0.0995068625742444 0.086289650140861
-0.335487910995768 -0.409316692973674 -0.0228911001230958 -0.0212273548176816
-0.104131089518519 -0.550574144813972 0.00707713250591088 -0.184444448563667
0.22185338326974 -0.484373411502238 0.144001526021819 -0.323757016155301
0.413288206366177 -0.404168215636373 0.340581111014338 -0.348325491845184
0.548341863864393 -0.494521486719204 -0.121829493489749 -0.146194720386369
0.449297391855245 -0.52559624754417 -0.0785330272704459 -0.113533556429284
0.20223065273383 -0.68281306360139 -0.082868950987476 0.0146957909734192
-0.106965247292717 -0.649801107980054 -0.107433133259014 0.0770282348293759
-0.366201812742567 -0.419330680554439 0.0139602140842697 0.15065167509896
-0.447122090548118 -0.224834112205172 0.0738606740970825 0.135776488611636
-0.521831488311041 -0.0420804935407997 0.120731262330246 0.0951417384095796
-0.458128686893468 0.0723752314211316 0.0832842203701977 0.0346073874051558
-0.491924684334495 0.0950590360523096 0.0857536718349489 0.0189293168465855
-0.480928475296188 -0.062822821266084 0.0540032978922084 0.0584098500289153
-0.462751128317641 -0.180312487115028 -0.000193151411191737 0.0750195449583986
-0.398074672721784 -0.457533740089806 -0.0837867117376036 -0.00919819151766349
-0.156180061614046 -0.627556309266281 -0.0453751794649365 -0.147342299545122
0.218744851998748 -0.585508340277187 0.0668079676261313 -0.231327569636873
0.4637258232093 -0.518504760501114 0.185138073265174 -0.225981947450766
0.520082853389976 -0.534096095821246 -0.303920718446988 0.00554282340545995
0.418046704519793 -0.56051343881971 -0.187963970809517 0.0154053091488325
0.184502614098747 -0.701989521288677 -0.116360667989762 0.052957555805382
-0.111301223172243 -0.666217750556766 -0.133804771938905 0.0513821273075492
-0.366736559877126 -0.442626551241501 -0.0711130267414286 0.0648837361167862
-0.455457125643682 -0.245589975482872 -0.0835350659105999 0.0688269472993788
-0.531964567918397 -0.0668457065947754 -0.059074105727076 0.0799423850746609
-0.464618317604202 0.0504143906484227 -0.0844737047381002 0.0526266464889662
-0.491871608854998 0.0725418460603885 -0.0779591784407687 0.0417627652507233
-0.475537955108044 -0.0825393952651514 -0.0927809565483731 0.0659348043824189
-0.442653262465616 -0.193101773599836 -0.100943859063292 0.0591092491351096
-0.371692400546178 -0.44683582760138 -0.12990632460125 0.00154535579899241
-0.150830637432138 -0.605042886368758 -0.076352578906187 -0.0949172156443084
0.200950553476049 -0.578200715944722 0.0103187749027322 -0.100626915964658
0.447630588362486 -0.53966484465893 0.0329620174908877 -0.0596422821044104
0.402789430413931 -0.497518881385531 -0.456495853839421 0.159116053299416
0.300923488971675 -0.499376152936246 -0.281238955622739 0.14606860654979
0.122601728098618 -0.583823232834881 -0.141981786001507 0.0868180089512475
-0.0968219267876021 -0.542484079984795 -0.148370509028848 0.0219133143286879
-0.298529767420802 -0.371581942813614 -0.153911939443873 -0.0234866244952864
-0.384527373173668 -0.217085151002305 -0.232103908021077 -0.00100331452324194
-0.456707502780091 -0.0767172876620164 -0.232046224723629 0.0569376385684815
-0.399266675167289 0.0193643089207061 -0.239217061592137 0.061506449023533
-0.421835039521147 0.0285117148926251 -0.22551409936067 0.0532922275900465
-0.397138543967655 -0.10833774358386 -0.219081789269773 0.0545473043352025
-0.342329507727291 -0.200251795992801 -0.180478026723227 0.0232173020193436
-0.253270272751733 -0.385859741371028 -0.150132876356809 -0.00581337552254766
-0.0864204862427676 -0.486861281192972 -0.0846889624355405 -0.0484329344433353
0.177867081639422 -0.466074494575665 -0.0269149889935951 0.0310181115121271
0.372214753885672 -0.468563766040291 -0.100967016498419 0.110054455603853
0.221848872079582 -0.377544502481651 -0.548489989584558 0.289479621440936
0.134097747033369 -0.344091097745536 -0.333359829111856 0.258986575512395
0.0465030321575476 -0.355896159944041 -0.150258245349518 0.113727021849409
-0.0607135318172104 -0.320408848716685 -0.143398392149086 0.00254463567072685
-0.174945339784599 -0.234395123719866 -0.211864901096839 -0.0902934271767585
-0.247590373779498 -0.152549819260795 -0.342169895144135 -0.054556989885402
-0.307210765520533 -0.0747202003557828 -0.367295826904676 0.035428568334442
-0.275593595804764 -0.0157601338270347 -0.357857736163602 0.0602171076735595
-0.292067992837072 -0.0223691017877633 -0.336587184077192 0.0433166976882223
-0.262712445343379 -0.123035180147328 -0.305042112252916 0.0130565754632203
-0.191960871193076 -0.183949782906582 -0.222692604315272 -0.0385647550763481
-0.0995944916882586 -0.271598518198639 -0.138866485508904 -0.0333147274948826
-0.00581031758879188 -0.299140727454703 -0.0738871046037634 -0.0179238007054209
0.129146709337113 -0.285775109357242 -0.0541842046848154 0.137356547655534
0.244448288194726 -0.325214605522739 -0.207158064501454 0.251067765183593
0.016986711747218 -0.190597816637746 -0.563545443399397 0.374968474237291
-0.0319387006827759 -0.127540646320297 -0.334729364951171 0.343011011278749
-0.0127187643742829 -0.083714720730143 -0.135662552700747 0.138071424603755
-9.39187380140779E-05 -0.071536497358572 -0.116325263538374 -0.00328608112261565
-0.0241799598919615 -0.0818516718164653 -0.236190889828075 -0.126310150176453
-0.0735240086351076 -0.0774512339025606 -0.39836457518734 -0.0813982537775548
-0.11059269833604 -0.0687722632404541 -0.444146975390636 0.0182086499332719
-0.109642833077743 -0.0481159853971965 -0.419869804542284 0.0501987824428443
-0.120875465369499 -0.0587890887618098 -0.399125409485854 0.0134400315495125
-0.0977639484372621 -0.10206289270456 -0.34073284078796 -0.0493829367453041
-0.0371713867398372 -0.119896895500531 -0.220135898566722 -0.111883655508502
0.0268810925327175 -0.108840284825118 -0.0992880765900162 -0.0655167601659087
0.033822970014592 -0.0777601729503725 -0.0526507325865116 0.00470699240918442
0.0378211436696579 -0.0900007792001685 -0.0782564152931109 0.207471326628257
0.0746716903477341 -0.152053427485468 -0.274196578895107 0.345214790362269
0.17884392528626 -0.0499470653834436 0.236008886850704 -0.437397727022261
0.129837004660501 -0.112486762580011 0.0747103296564055 -0.317236647801544
0.0109439164140887 -0.158766183526942 -0.00175323149220214 -0.0395390827540357
-0.0908252608393613 -0.102278172790224 0.029423876655632 0.0851094451794178
-0.104575364038058 -0.00551978975266858 0.192150168131026 0.184423117272174
-0.0756373982672029 0.0260920906741633 0.361917437247864 0.125881812372394
-0.081655794316655 0.0687253921797384 0.428575442122447 0.011732374811545
-0.074614821828112 0.0716718956800639 0.416308086611167 -0.0472102414825766
-0.0909827988242544 0.0665857061454248 0.426560025609115 -0.0354067404599041
-0.104256228288235 0.02267432441522 0.374687026915818 0.0381330578336773
-0.125289856129191 -0.0207138314581707 0.23898805601098 0.0996682807951167
-0.116513758196258 -0.121056212103199 0.0954374843225665 -0.0060824415610807
-0.00856135844439006 -0.167697060287412 0.112874672280253 -0.151327612528902
0.0877896650418294 -0.0947984567490383 0.268221740571645 -0.320521703458244
0.110600871993433 -0.0298833082353722 0.527417185388988 -0.396437903616767
0.336045245528881 -0.243680285463849 0.166297486531584 -0.375509476836436
0.256863708348593 -0.284937382467791 0.0599845230541019 -0.283470151903822
0.0719287777473464 -0.367821377011984 -0.0248066805252978 -0.0329918203206895
-0.116054787037267 -0.309811014292449 -0.0246890315003951 0.0964748926803925
-0.222347858400834 -0.149637172521662 0.149751865824202 0.211011095239017
-0.23538036609225 -0.0529218116974226 0.311499357628459 0.16349111347845
-0.269218667628623 0.0503993721013931 0.382259657572597 0.05186740067966
-0.241598042517721 0.0917622214337121 0.352085562263959 -0.0232877009829836
-0.269266375837021 0.0895929211164932 0.356438411099757 -0.0308376076408861
-0.273286337074379 -0.0160112951804627 0.305402036291238 0.0359881738735694
-0.271655912839028 -0.0992739321010193 0.182720810984273 0.0896219966527652
-0.233507562416047 -0.280109505725786 0.0381263730315045 -0.0208249661846626
-0.0571852548054432 -0.37908296127905 0.0589527856883892 -0.185007038729216
0.167827083798435 -0.309974582348285 0.205597327172274 -0.353498591169949
0.275059807706076 -0.238476618242344 0.443888913630486 -0.415249449713769
0.4565100984207 -0.401157372594194 0.040138875224387 -0.272226645482716
0.36704175776958 -0.43043341514044 0.00751445332123255 -0.213367875955364
0.137728723795222 -0.551341954610843 -0.0516257655066547 -0.0166030888118658
-0.124199239671737 -0.504609525732018 -0.0703085598351405 0.0944365872180872
-0.316143341871962 -0.295294044951803 0.0922547015163254 0.197688447693155
-0.367382783305152 -0.137321885505299 0.215369076494309 0.164397062661258
-0.421679777481003 0.019311209175246 0.27480997824335 0.0766824354730214
-0.370427240477499 0.0996478558953305 0.234696506760797 0.00385714582186496
-0.401987123218267 0.112135255283023 0.234255820259096 -0.0134680597714095
-0.406390037416414 -0.0295336889039164 0.193397604719338 0.0402204805573383
-0.39574322887079 -0.138943444382978 0.101568451770568 0.0791349860198209
-0.350920259136408 -0.385332839170367 -0.0242047963886161 -0.0196309804198001
-0.129227066491405 -0.535816690824702 -0.00301936385711365 -0.180273066477884
0.195105674958216 -0.48864021770951 0.126806510969299 -0.320939803525666
0.384345893935952 -0.418517459245844 0.315646721091231 -0.356227810625659
0.509687707596241 -0.512057025977581 -0.123656334674352 -0.135427940236058
0.417183171006288 -0.53713594681149 -0.0801474739670608 -0.106935376447061
0.168127267935373 -0.677987286035216 -0.0810365759894082 0.015759414339409
-0.135801052169162 -0.637544022289603 -0.105292023438759 0.0818175307334616
-0.377361025225844 -0.396621308346688 0.0188807296340659 0.144827299189135
-0.451231965984887 -0.199420340801845 0.0800031459071887 0.130584963705314
-0.514247208278594 -0.0123499717266622 0.121533123012664 0.0844576615667902
-0.445220446367562 0.0936691922013823 0.08206302060061 0.0328275139653046
-0.474914554573825 0.118406665919575 0.0827487724241425 0.014939332428881
-0.478327480233129 -0.0372750494473293 0.0552999221523507 0.0549559320186355
-0.462861563019821 -0.156172738632202 0.00343197629745332 0.0730682583908218
-0.415663467466332 -0.430177620390002 -0.0826621875492326 -0.00527267187240018
-0.184286095922923 -0.60783284870366 -0.0534318601600026 -0.141974735026825
0.187129490175396 -0.587202601789141 0.0556927113299879 -0.22689513844722
0.426330189724747 -0.533025893206508 0.168740369121524 -0.228106456674035
0.480480407000353 -0.550342002532945 -0.295302198266285 0.0213765780786608
0.386214385959387 -0.56934023177124 -0.181516154742978 0.0235235455809592
0.150433539648128 -0.695340644822137 -0.111449851178017 0.0552006700859629
-0.140702836387356 -0.654593862632581 -0.13108540598807 0.0573443728422844
-0.37890344649186 -0.419728617839701 -0.0686270354672909 0.0654322237826495
-0.461499461975733 -0.221106819899034 -0.0783095975625022 0.0736631665595386
-0.525661591385518 -0.0359711223006558 -0.0555711294614538 0.077915422725004
-0.452771663338844 0.0722782039395508 -0.0817135925333086 0.0566139396033602
-0.476088888110897 0.0959232564620613 -0.0757762805654916 0.0447729929767498
-0.473913638758017 -0.0560717018997662 -0.0882450817908166 0.0700937749107048
-0.443164801170465 -0.17058880843025 -0.0964551222997181 0.0623850197237907
-0.388345278839734 -0.421419671971817 -0.126745518133238 0.00661324353817845
-0.177199278818391 -0.584165537630481 -0.081655325024151 -0.0896036232018975
0.170525776083204 -0.578856329357135 0.00599606240183561 -0.0970216304688005
0.409610248564307 -0.554052760743824 0.0278985300078305 -0.0583999125998034
0.368922829595985 -0.50796034193131 -0.438014297739576 0.177681756185751
0.27425241416893 -0.505113819815303 -0.26833161221067 0.156330906124124
0.0954278309837983 -0.579279739656046 -0.135963654233263 0.0901737487939225
-0.121534000991502 -0.534837528512567 -0.145899158783504 0.0290664444904026
-0.309181958520033 -0.353138617844297 -0.153611654816275 -0.0167227470653327
-0.389191729953601 -0.195489234856083 -0.228150730438388 0.0129181999764685
-0.452280524674408 -0.0493512978667526 -0.225596116442177 0.0642506232059176
-0.391119177072692 0.0397659359296455 -0.233298637731333 0.0711309380040939
-0.409450662001954 0.0498358893951552 -0.218352062761045 0.0624699583406893
-0.398254236016699 -0.0861324646082231 -0.211568295259009 0.0650346447166938
-0.344855286201611 -0.182645977028823 -0.176409936726224 0.0301219540850362
-0.269921631467532 -0.366940391000509 -0.147116818857198 -0.000561769246546171
-0.106957798088393 -0.473070977392247 -0.0884515405725416 -0.0438884744649071
0.151297860861546 -0.468551321271731 -0.0247298155295737 0.0333360804139987
0.339708057953461 -0.478301712761403 -0.0945454035287223 0.114615451722212
0.198872362953909 -0.381831713134292 -0.522859708361264 0.307858837917358
0.118761942589722 -0.345592860424907 -0.314219472421497 0.268980160479089
0.0310215828050101 -0.353530981361322 -0.142300477105121 0.117658567691014
-0.0766542026660486 -0.316792032945897 -0.139851205479492 0.00902964027293737
-0.1826373852066 -0.224243982101346 -0.213388967176715 -0.0788367276211805
-0.251367914440932 -0.137875572234358 -0.338591476728546 -0.0333740013592044
-0.306539851569157 -0.0548145017008265 -0.359477441716634 0.0497326360517473
-0.271746502381952 -0.00102833922984325 -0.349356692752614 0.0740558331697175
-0.286204159768698 -0.00590048295849433 -0.327310852721856 0.0572248015278225
-0.266188273779901 -0.106088074629759 -0.297581949550331 0.0283826040389007
-0.198063184814657 -0.17244392650756 -0.219755944959409 -0.0276662754569772
-0.113329632355148 -0.262343679170371 -0.136295871434269 -0.0278318140087788
-0.0209795891757822 -0.292140190218807 -0.0763205182761395 -0.0139631110253309
0.11254621979477 -0.290011033803564 -0.047596257351079 0.138511183317692
0.222912367946898 -0.333321949138218 -0.191482846225092 0.257084174899628
0.00822943640011495 -0.189165632128795 -0.535105154137494 0.392558179340105
-0.0346882534685271 -0.124753750954018 -0.311560575169802 0.350976878424067
-0.0155551788524227 -0.0829953525820486 -0.125800047673461 0.14169901358307
-0.00481321706456739 -0.0730021272424319 -0.112810172926644 0.00198516626522645
-0.0272843845778516 -0.0809828758760954 -0.238838714730672 -0.111685793141527
-0.0751151269827819 -0.0717936804544237 -0.394793847143165 -0.0579735958986736
-0.113385552091359 -0.0601422739503905 -0.435008690975267 0.0384280483422668
-0.110269211742908 -0.0413171690593176 -0.411478743695095 0.0658566756809472
-0.121124152916567 -0.0500014670613043 -0.389890152077172 0.0314235792027387
-0.103596896269742 -0.0937882399783836 -0.334791650849901 -0.0311253711554933
-0.0439826360179807 -0.116325606320655 -0.22024374882645 -0.0988113669737564
0.0189916541939648 -0.108817393889365 -0.0989853995108674 -0.0603796907094086
0.0286253781307137 -0.0788373589402728 -0.0542417099486408 0.00757513252765163
0.0328178097187748 -0.0934790066733694 -0.0678482889252568 0.207492666844759
0.0661057428338532 -0.155150802464603 -0.252649201975937 0.353094338195769
0.172391037587132 -0.0521095169085461 0.22351820514919 -0.437038350647568
0.123669330148439 -0.112142875072661 0.0669408321396852 -0.314057256218792
0.00732529251704213 -0.155618724023489 -0.00325979758811579 -0.0399807426835245
-0.0902447847320025 -0.0992969070951462 0.0279350916697021 0.0832927697464332
-0.101677880193739 -0.00408771375027134 0.192778808239093 0.175282813998297
-0.0754773716596669 0.0264742461872724 0.36104087626107 0.112497685737097
-0.076684843068692 0.0694893678246004 0.422222098871184 0.000960667531207394
-0.0715526347436599 0.0725169466950654 0.411625354116071 -0.053062547854235
-0.0875425012426998 0.0668507443415989 0.418282362836276 -0.0445505958341407
-0.101551692526553 0.0249848996456674 0.369155870793582 0.0265684187334347
-0.123635916859878 -0.0172068559070026 0.238852945059384 0.0921968748890777
-0.117193780910895 -0.116570922645507 0.0933662869806291 -0.00582828846809393
-0.0134443746049318 -0.164412135341529 0.110116397894923 -0.150678058852293
0.0836096772319645 -0.0939799898908376 0.258542874142462 -0.320461895999306
0.106996601812445 -0.0312824638101273 0.508897877843472 -0.401377414813837
0.320270918951137 -0.247166071746229 0.157503176601587 -0.373324615014582
0.245271204249344 -0.284750523062004 0.0541131075680392 -0.280390949221494
0.063686712947222 -0.363416973726604 -0.0268341802344343 -0.0338466587119248
-0.12040668290026 -0.30541260200964 -0.0258082234618582 0.0969564946128347
-0.221307954090708 -0.144605253330646 0.150834763174635 0.20327794221438
-0.235899924543807 -0.047979603950169 0.312236944703208 0.15176050383999
-0.262354667078281 0.0576223315826463 0.376427388269689 0.0398000818607849
-0.235387146818244 0.0964576500583264 0.347526455329758 -0.0276863670097958
-0.260994795761724 0.0944730486719156 0.348123039531693 -0.037902066712129
-0.271124347548595 -0.00808093570835784 0.300929033012868 0.0271967205653334
-0.270412337626328 -0.0923372928074858 0.182398848351975 0.0837014788141815
-0.237196227782637 -0.270770147056059 0.0362591778731247 -0.0203496514772773
-0.0664213879162407 -0.371680177019173 0.0547459781033243 -0.182758689843842
0.158145079025772 -0.3090753138471 0.19750255528774 -0.351557737655505
0.263317355851767 -0.241027122112626 0.426315330863112 -0.419042095691985
0.434930861533206 -0.405229364881251 0.0360859537514644 -0.267387236317442
0.352283260302988 -0.432451814942293 0.00457538271010521 -0.209489199215709
0.123227245508623 -0.544765842565334 -0.0514936977957321 -0.0175252182895319
-0.1335812108414 -0.499131209422046 -0.0708764065117605 0.096007125858486
-0.31855810372478 -0.28633557473709 0.0935347192558835 0.191380987940071
-0.368755288010061 -0.127927636887161 0.21697545601409 0.156442666475622
-0.413895045033565 0.0316496808260461 0.270517021488554 0.0661597675598988
-0.363167742643196 0.107875920304241 0.232092404690827 0.00256896246311596
-0.391655577322781 0.11962592761459 0.228253196018108 -0.0169889188533679
-0.403463570724989 -0.0180792607001393 0.190567232417246 0.0353373662256379
-0.394154972716888 -0.129964989402755 0.101748441664299 0.0753932992667959
-0.357209827824863 -0.372207406002224 -0.024873583215813 -0.0181799801230684
-0.142081147729305 -0.523920378102987 -0.0073773369550772 -0.177080634299296
0.17995718142025 -0.488421128782283 0.120357226874293 -0.317537591198271
0.365393510671452 -0.422432009144569 0.30170997663726 -0.357615483068476
0.484294318961764 -0.515318610236962 -0.121020755965846 -0.127705089954522
0.399766271217467 -0.540299227295468 -0.0788623417905125 -0.102423768022201
0.152137071315719 -0.67230007954354 -0.0808385494903377 0.0160761374726549
-0.15069680159214 -0.632498086044456 -0.104900504196646 0.0850491107238921
-0.382294361220694 -0.387038095234607 0.0200371803432797 0.141642766923602
-0.452757211701287 -0.186456073952443 0.0827691543522687 0.127611532460312
-0.505693780264631 0.00387000060672257 0.119390857254725 0.0767879327663798
-0.436721281694434 0.104110080119293 0.0812459024908117 0.0337078523311722
-0.462150565459987 0.127091027994253 0.0795715896945202 0.0133522205885044
-0.474897403205462 -0.0249088309151027 0.0546624029392704 0.0535034184386741
-0.4610847839395 -0.146273668109671 0.00430341401718017 0.0714791984942081
-0.421956917394535 -0.415635348709786 -0.0822295503759796 -0.0039575423934842
-0.196288797170162 -0.595553416255126 -0.0580530007224748 -0.137993017548237
0.170646489565572 -0.586779244166849 0.0510927739063356 -0.222790201695268
0.404186300616922 -0.538201313477976 0.159506879842381 -0.227067736663286
0.454495883601289 -0.55330403349087 -0.286518130026638 0.0305696212246945
0.369609163012884 -0.57124516220969 -0.176914858915621 0.0285442609305101
0.134873504481988 -0.691708637151011 -0.110469699466136 0.0557413772391977
-0.155995994025949 -0.649573310457649 -0.130282198289648 0.0613402606399096
-0.383950018832785 -0.409051558870326 -0.0685446118226177 0.0661309811636737
-0.463086108958445 -0.206933286162446 -0.0745896430673529 0.0766344444210841
-0.518582494131352 -0.0192723284557845 -0.0552573131000715 0.0750850793065445
-0.445069174467635 0.0830858934450434 -0.0806751497532292 0.059978135493102
-0.464362474076879 0.106425552659399 -0.0746895927653835 0.0460739858809133
-0.472256806931775 -0.0423078550682998 -0.0849098455100349 0.0715437477420379
-0.442569960530549 -0.160899826151666 -0.0944405057173945 0.0628468023027265
-0.395293203221329 -0.407410696505348 -0.125615401373727 0.00809599597031806
-0.189829141586243 -0.573093516641277 -0.0857352425819165 -0.0852846097811846
0.153541188999997 -0.578338581775456 0.00445146478567554 -0.0934374503281494
0.387423908620147 -0.557635852694038 0.0246398395916055 -0.0563467053787664
0.348495503511424 -0.510118105575556 -0.4249586877124 0.186443273838218
0.26305042926203 -0.506359834849663 -0.259730901684594 0.160497720191123
0.0834639269835643 -0.575756045060668 -0.132920667444365 0.0909785280674217
-0.135678135499972 -0.530923180798811 -0.144127323892811 0.0328172884400511
-0.315321728672868 -0.344702829135706 -0.153331118419847 -0.012897683762292
-0.391333639250073 -0.182970947245099 -0.223334871239924 0.0207359826488895
-0.44684370581365 -0.0338999907251433 -0.222842298416682 0.0652769869709476
-0.385512224798536 0.0493225412652045 -0.230024965985596 0.0762927848502559
-0.400645978410312 0.059651599170442 -0.214449105869186 0.0658490627158763
-0.397315534029458 -0.0726583521932615 -0.206112937996367 0.0700929278489848
-0.345761593994755 -0.174290792362153 -0.173412101898218 0.0334821519681801
-0.277519511197301 -0.354792189959634 -0.144751465422098 0.00128867121302412
-0.118153548455268 -0.464476362556629 -0.090820603324251 -0.0394352601767576
0.137657656758743 -0.468497724614751 -0.023937822335764 0.0354874386942636
0.320929530221989 -0.482244335653707 -0.092616381885199 0.116797369962454
0.186662716583292 -0.382214794432299 -0.506220621511709 0.314703781223657
0.112041807080434 -0.346144707445543 -0.303268443268342 0.272356549668122
0.0244068531963886 -0.352457029716623 -0.138968047288455 0.119276472868381
-0.0853206505651992 -0.315157533788108 -0.137803772898775 0.01201257259651
-0.186749380023358 -0.219200731264379 -0.213715932399247 -0.0722468625244852
-0.251426649084909 -0.129911680942168 -0.335115181603034 -0.022490545886295
-0.304477204291303 -0.0430308774380367 -0.354410547353412 0.0560357928180451
-0.268596475086408 0.00643431452805172 -0.344564838795713 0.0815481314471145
-0.280942458697071 0.00233193721528488 -0.321496384805262 0.0626011350436998
-0.267984268765689 -0.0964586310280996 -0.29122716526302 0.03612834930463
-0.201572996508818 -0.167048397576402 -0.217509571316665 -0.022521769776835
-0.120733866175298 -0.255908209608683 -0.134438654335353 -0.0260178925847883
-0.0283457389911728 -0.288569312498965 -0.0784112516030353 -0.0105736224471594
0.103830975633612 -0.291298416788597 -0.0443737308992488 0.138479114069915
0.210386032499813 -0.336088725250787 -0.184048813180065 0.260651714303886
0.00476839301925899 -0.187331043389041 -0.515103361221232 0.397616015254119
-0.0350397428756233 -0.123807630693359 -0.299881545183037 0.352001908936641
-0.0160191554735171 -0.084144150921132 -0.121314176014979 0.143166250014365
-0.00788321210937809 -0.0734015085613796 -0.110276095834422 0.00374899364475126
-0.0291101927352824 -0.0802541830216837 -0.239069223627507 -0.104011150389172
-0.075153690567776 -0.0693834958062215 -0.391197049403497 -0.044263540992501
-0.11447191693131 -0.0545771523259171 -0.427864157518459 0.0482574322334714
-0.110908634368539 -0.03683509937845 -0.406130304074225 0.0726394607417618
-0.120560575872891 -0.0447250205170714 -0.382641494269951 0.0385660073346207
-0.106123609427681 -0.0881813366525239 -0.328708229299643 -0.0220648629378472
-0.0480422180436836 -0.114473801602439 -0.219371886834963 -0.0925976134094319
0.0137617416491578 -0.10728094043975 -0.0979239251546734 -0.059122024832351
0.0255784969131962 -0.0794662735476553 -0.0554619754841221 0.0103707964307916
0.0299264732520495 -0.0957758437512586 -0.0630479412596085 0.206708069281893
0.061565641875499 -0.15718692732576 -0.242220763474201 0.356059919915882
0.170972606265806 -0.0527185388155727 0.220105991272278 -0.44388373931241
0.122083221562832 -0.111449064199042 0.0643101896832971 -0.31746297226469
0.00594851729828531 -0.155207033837022 -0.00507818062870749 -0.0408261995356867
-0.0900789108912778 -0.100302098457101 0.0263265254180093 0.0835409469234349
-0.101614744909979 -0.00469754213346334 0.194739901087045 0.172424552301947
-0.0775181235714182 0.0267857311230405 0.364384762422277 0.105723272334405
-0.0741678293198111 0.0702032391229042 0.422455877027747 -0.0052280440818764
-0.0702095073554078 0.0746349609261318 0.415297276857471 -0.0552241250519944
-0.0866178051448473 0.0679684476785585 0.418481383796454 -0.0488704644980599
-0.101340439078469 0.0256969947387774 0.370672990268029 0.0213603823178021
-0.123515449262352 -0.0154465678803075 0.242284093294082 0.0893663924703284
-0.118700089508205 -0.115299317803333 0.0933586507725381 -0.00489607470358091
-0.0163903564603009 -0.16415407294611 0.111002041438361 -0.152170361126552
0.0835956475645273 -0.0942936559252504 0.257665544460564 -0.324737582953924
0.105909027443425 -0.0320672948152732 0.506400264198536 -0.407707580692409
0.31510139413153 -0.249829137206943 0.156999319311057 -0.376150431721127
0.24203530663337 -0.287498134037502 0.0534564182335474 -0.2831060142405
0.0605155713697172 -0.364407831718779 -0.0287252515392692 -0.0354688896779217
-0.125438449540896 -0.308715718472565 -0.0271815657763652 0.0989921402030492
-0.224049865705312 -0.145397828189489 0.152847958729463 0.202017950112876
-0.24063858158852 -0.0457852264807911 0.316252735414994 0.147639161928434
-0.260974084115658 0.061800106837225 0.375476304824797 0.034128032996953
-0.234774504673069 0.101363468366621 0.351971132799444 -0.0279854123302761
-0.260524451725871 0.0976255620640517 0.348611972229578 -0.0405390753889011
-0.273788558368696 -0.00471687291973666 0.301368182830594 0.0228746148650887
-0.272947153482848 -0.0912210005813707 0.184755983153868 0.0812817416270853
-0.242997806055437 -0.270233953885225 0.0354476482908419 -0.0197420827454984
-0.071590322116731 -0.372868952583109 0.0541432981407378 -0.183968101222667
0.154843549312029 -0.314171091925649 0.196699531606783 -0.353957585441537
0.259944556701207 -0.245875612369664 0.421238717842497 -0.424811466165332
0.427183219306108 -0.410537965170113 0.0376240950320927 -0.267746977858582
0.34862694984913 -0.437285001996124 0.00558137212600144 -0.211485380009352
0.119623219354445 -0.548581436790026 -0.0535790704795273 -0.0186216735061711
-0.142197996250848 -0.505232822982314 -0.0728522929409621 0.0999816081364947
-0.324381723669109 -0.287565558082147 0.0941738118189498 0.191046588846988
-0.377353233595098 -0.124657425551766 0.221470273422305 0.154335688036896
-0.414318829442734 0.0392987044631043 0.269603942190132 0.0601997302810263
-0.364236296428479 0.114757760679124 0.235043328027088 0.00409274896947252
-0.391403126648585 0.124423356635486 0.227447849297201 -0.0189432549631612
-0.408853949675948 -0.0134158150484702 0.190962648820946 0.0336291004625054
-0.399330062938992 -0.128519416652871 0.102922455867856 0.0735362082800069
-0.366190048936614 -0.371320105000251 -0.0261516244967354 -0.0172889725182238
-0.149054670946514 -0.527071856820421 -0.00909476677966555 -0.177029345593117
0.175667700673294 -0.49567933409418 0.119562926452419 -0.318869326088432
0.359215717894262 -0.429855693079524 0.296815744552754 -0.360276218615279
0.474262920738165 -0.523664625355281 -0.118288391251776 -0.124885840888303
0.397144137080726 -0.546229491101855 -0.0768740992106303 -0.10262892389077
0.146714196168368 -0.677982850817433 -0.0824615758374739 0.0154275983668894
-0.159291609859567 -0.639303334544783 -0.106982571768247 0.0888519653146294
-0.390413235950436 -0.387682948662545 0.0197436286606953 0.142359871560481
-0.462655202659283 -0.183721675507516 0.0863285294663083 0.1286723138509
-0.507886712624586 0.0132778651672658 0.117497974705746 0.0724615593863437
-0.439153791208026 0.112360343002875 0.0833514934840922 0.0365589782927356
-0.461133305498753 0.133267551135363 0.0788602846078515 0.0140861144210402
-0.481213277488796 -0.0177795494010373 0.0557871404991878 0.0536199927310346
-0.466341530544378 -0.145316633611934 0.00378294015299408 0.071301145017122
-0.432336899615945 -0.413284099223086 -0.0845523540025427 -0.00341445875661383
-0.204742400359648 -0.598829034628516 -0.0609024957144992 -0.137086725700968
0.164504546439157 -0.594284287774682 0.0512849813466346 -0.222130526081662
0.397644600817884 -0.546662720748552 0.156063956275885 -0.228013626605215
0.447439905577193 -0.560458784597379 -0.283380010446576 0.0354142749719716
0.366925044329371 -0.581588223245427 -0.174861732455387 0.0312326276311225
0.129024048247548 -0.697384479584262 -0.111349200931701 0.0564891144808628
-0.167963138677262 -0.657242056165049 -0.131798620467731 0.0654245488863779
-0.394328531954419 -0.409285061490933 -0.0693233022044792 0.0681439580184623
-0.473349231188077 -0.203312934371153 -0.0728783511562818 0.080609753995346
-0.521482819991141 -0.00987593533594997 -0.0585896310149351 0.0727280105382687
-0.44746190923273 0.0907060909813644 -0.0805106273318753 0.0640070482894078
-0.463457239261317 0.112611713101393 -0.0762927779859309 0.0479068745286871
-0.477711943066626 -0.0348159758215984 -0.0838925828411215 0.074165252426508
-0.447736691236418 -0.159239691037426 -0.095496321109992 0.0636448794552932
-0.405315633453256 -0.405236766503862 -0.127832545044157 0.00829863240753737
-0.196257444804827 -0.575050020334859 -0.0893069560157772 -0.0834089098043371
0.14640174401485 -0.586827350370914 0.00489463775210749 -0.0920841148395726
0.379619956763155 -0.568137783950675 0.0221763452140993 -0.0546363918186676
0.342746131594529 -0.516200569132359 -0.42048322250248 0.192802788358594
0.259600673958721 -0.514754786610778 -0.257591943550857 0.165481931780209
0.0804875713314668 -0.583458091317636 -0.134331318308669 0.0930232849496228
-0.145759991602204 -0.538430311491171 -0.145259175322351 0.0364430030921864
-0.323038218235032 -0.345521947576326 -0.155850833847542 -0.0101538162329331
-0.399007636018445 -0.180931805574815 -0.223672297911311 0.0268384833968723
-0.450487779519308 -0.0243075080512816 -0.226551610652425 0.0664699970759682
-0.387818558246412 0.0566400895118043 -0.231142445253496 0.0806032102521754
-0.399565595677141 0.0648311479204873 -0.215929335510741 0.0685663329030712
-0.403448560672288 -0.0663118081290837 -0.20545545216085 0.0738948933306843
-0.352029211597975 -0.173717218910886 -0.174984191034752 0.0353606052873329
-0.285493426245819 -0.354572265514935 -0.146693169171108 0.00135232928423081
-0.124147754184174 -0.465931127515339 -0.0939979430808625 -0.0374412241558679
0.131922345280243 -0.47509784360447 -0.0225938127801271 0.0372607115785409
0.314974368002158 -0.491271248776487 -0.0929117024702523 0.121225433200633
0.181501397708638 -0.38646070464355 -0.502417948179981 0.321732533157856
0.112150415378353 -0.350992213091324 -0.301379357188909 0.278381569603041
0.0221724111372614 -0.35876180704427 -0.139569488721974 0.122217045471207
-0.0920835583285643 -0.319812680051858 -0.138438673420809 0.0143972651799455
-0.191935842394491 -0.22091458616403 -0.216939907181344 -0.0683842803682798
-0.256876861044261 -0.128062429838515 -0.336730501256325 -0.0156275176401966
-0.307296952795589 -0.0362885437146504 -0.357443819091489 0.0586597488242475
-0.271400646015847 0.0113970214907086 -0.34797553658611 0.0851196261624378
-0.281940464306382 0.00677401600348245 -0.323502135523187 0.0656769016962806
-0.272956326507113 -0.0911223774187138 -0.289957716757147 0.0402627641477525
-0.206564912407005 -0.166897612738335 -0.219083578363428 -0.0210988041779539
-0.126301727929366 -0.255729184298659 -0.136107026712562 -0.0267492669359447
-0.0320497969818915 -0.290771311803318 -0.0813836114270033 -0.00734093730343861
0.0991887587078382 -0.297276871432939 -0.0432981837553571 0.141589384553848
0.207070176929691 -0.343200832598504 -0.183859877136497 0.266060025758697
0.00313456458923324 -0.190105556284839 -0.513663518847666 0.40352923299101
-0.0345904071069586 -0.126370914772398 -0.297306373075462 0.357882170206877
-0.0163697359572065 -0.0871781503627633 -0.12044466338741 0.146160993190238
-0.010077403996116 -0.075081656099002 -0.109621294966983 0.0042697644149359
-0.030675974324664 -0.0815044416579379 -0.243008308098555 -0.100345762572575
-0.0764592031760157 -0.0695090322312429 -0.393783496713672 -0.038099928956015
-0.11738464960473 -0.0508034090444558 -0.429575198942251 0.0531170171116632
-0.113243202848015 -0.0346489463112321 -0.410472009399625 0.0760929470742029
-0.121678530028615 -0.0422519904670403 -0.384990681146723 0.0418546663321811
-0.109921131195465 -0.0850786627253288 -0.329072734685976 -0.0184210621833355
-0.0516785327753915 -0.114132631578314 -0.221098556416542 -0.0912584415864524
0.0103817392769355 -0.108244659744754 -0.0990760922874541 -0.0601779856684805
0.0241266594428783 -0.0818144857972014 -0.0579991791008893 0.0129242243383934
0.0276231076922427 -0.0993894327010633 -0.0610517118265968 0.209757127736223
0.0596226408817497 -0.16125639177693 -0.240421374898353 0.362904551310574
0.173286241738785 -0.0554129979369197 0.218418075906183 -0.461261098907634
0.123232141341918 -0.115168604335934 0.0612064201327301 -0.329286658557357
0.00410018019182029 -0.158351504440363 -0.00740124692291894 -0.0424732604413484
-0.0943762997874652 -0.102499197799013 0.026868188298707 0.0869645526822372
-0.104433877256795 -0.00459785232143171 0.203879963789738 0.172444721637638
-0.0812394631222046 0.0292165122287816 0.377625081763775 0.0986624540672202
-0.0732612187791662 0.0724843886609856 0.432996089937141 -0.0141086471939189
-0.0694191763350094 0.0781297339382504 0.428906948590462 -0.0627560578249798
-0.0873160865426531 0.0714931311726785 0.431073805802863 -0.0574341098869018
-0.103543924080574 0.0280218688927238 0.381039634946795 0.0144316721521042
-0.127309440126613 -0.0140618752722484 0.252041339447571 0.0871623140929253
-0.124248422727432 -0.117442982473026 0.0967292419441028 -0.00475802215109353
-0.020348901616739 -0.16794191141639 0.114579416752114 -0.159653520703361
0.0846627041729239 -0.0973003504338571 0.26079420565886 -0.340481519406478
0.10768263080725 -0.0341035273567004 0.512791395012748 -0.428763527246062
0.316276475360428 -0.261158640800493 0.157267053909966 -0.389972624647165
0.243530279173674 -0.298597858234381 0.0509759330820057 -0.293454500902589
0.0560025607031317 -0.375360387357635 -0.0313167799214561 -0.0362821420816872
-0.136302239458986 -0.318652278366066 -0.0290270816564754 0.104514395690377
-0.233676141350585 -0.147967245176273 0.160044579471526 0.204502486573169
-0.252666770518031 -0.0423329395194407 0.329929981741225 0.143825817705801
-0.265742564070226 0.0692695315864598 0.384796120763935 0.0260281708872656
-0.239356039952545 0.110263670958174 0.365477519664444 -0.0329247893802393
-0.265499639553152 0.104880750975771 0.357658623588752 -0.0470600571526283
-0.283676790539347 0.000577154368527552 0.310855034189843 0.0177046387237554
-0.283800891170151 -0.0900484081650886 0.191974609992169 0.0805562803510254
-0.257603037714032 -0.275289124083681 0.036152989538741 -0.0191775894330004
-0.0809376271371911 -0.38333571616176 0.0540509324604365 -0.190778249447232
0.154379866927116 -0.326668532360958 0.198213234530046 -0.369149287782495
0.261934364265479 -0.258189700416701 0.424350917579079 -0.444342127853202
0.427034195322092 -0.428657884075927 0.0382918380030481 -0.275736155561569
0.350425542596119 -0.45529014767138 0.00378599073602245 -0.21902273454022
0.114774328159847 -0.568615138787024 -0.0568709845119209 -0.0185565603843312
-0.158221831673738 -0.522466904041053 -0.0752708610189207 0.10724690403562
-0.340600245162734 -0.292177064387188 0.0993323720406289 0.195569071403671
-0.395668367224724 -0.120516742978108 0.231918020494573 0.154882052165213
-0.424699652690951 0.0505307681520619 0.273817258502057 0.0551135161785099
-0.372588636687402 0.12688942694048 0.245247694854968 0.00254182824512821
-0.399735828672358 0.135024742065061 0.233149066285685 -0.0219911308749545
-0.423013400127879 -0.00449750720109939 0.196886956703699 0.0304471017886836
-0.414829275291276 -0.126295728584892 0.106789738310705 0.0742009435084212
-0.38556250502132 -0.377012464315561 -0.0288861681239982 -0.016742037847417
-0.164361063493099 -0.540581549116149 -0.0120528516781317 -0.182078242986729
0.170478230534615 -0.515775242872201 0.119831876837055 -0.330471397145858
0.360967888832795 -0.450358651364888 0.29760553177977 -0.376667949081742
0.475634038940498 -0.545130019969276 -0.118853302096422 -0.125769314033588
0.398660977248358 -0.570590197594159 -0.0778229570165337 -0.104600427056214
0.139960915448291 -0.702314804962168 -0.0861570841546087 0.0173246941918007
-0.182333212639062 -0.661465424112277 -0.108955445117094 0.0968264134350151
-0.410667295665497 -0.394628531934992 0.0207587531618424 0.147196204461677
-0.486321684541268 -0.179253752657352 0.0928857896208412 0.132412343428796
-0.519872079865099 0.0270047309775285 0.116983041471751 0.0701095617525128
-0.449461684332837 0.12699606155268 0.0888768639351374 0.0386820798601365
-0.471577517050228 0.145542433302986 0.0800996361913016 0.0147021252204277
-0.499153013429283 -0.00699547714851006 0.0584398075316888 0.0546319319872188
-0.485719970889769 -0.142590042946354 0.00442119737519421 0.0730948448156322
-0.456521450972339 -0.419671864551856 -0.0890002270965259 -0.00165237554450978
-0.22302063378113 -0.614209449767981 -0.0658151787675544 -0.138932149309675
0.157060362655504 -0.618880766119935 0.0511737459964829 -0.229390442982903
0.397039804316848 -0.572357657136186 0.154775112067212 -0.235694593401945
0.446401925050498 -0.583341527494299 -0.285080458367821 0.0419205598553584
0.369012532498625 -0.605747784239727 -0.176482862158274 0.0351781091531744
0.124057815360882 -0.725934037632201 -0.116410927488446 0.0608532922805882
-0.190659096079613 -0.679780513199298 -0.135014139956457 0.0730882439126937
-0.415396500859174 -0.418752376202054 -0.0721312868171924 0.0728648388531389
-0.496945213006852 -0.199721623135163 -0.0715936994212541 0.0869152848806701
-0.535865263035649 0.00500738001592927 -0.0639732611409921 0.07382914231396
-0.460233262212214 0.107121877641616 -0.0802451457348676 0.06953459879616
-0.475055657384618 0.124266703206253 -0.0790832641637503 0.0521986490405929
-0.495782542999619 -0.025375245379449 -0.0845154387313515 0.0781462653095687
-0.467258725375613 -0.15801769692284 -0.0988299898974988 0.0673932737188557
-0.428133188275472 -0.4113943674373 -0.133712298645141 0.0101860543119663
-0.214897902315388 -0.590058646930238 -0.094019697472583 -0.0825764969906254
0.136923344698748 -0.609765191575078 0.00495471971315812 -0.0935449061593463
0.378506154538475 -0.592817915568173 0.0202206536898292 -0.0541106342117918
0.340067152685279 -0.537824978143136 -0.42508285481131 0.205238533383438
0.262184767680862 -0.537386676153555 -0.260649901482513 0.175423235596932
0.0723374270875948 -0.609098123957604 -0.138224295679436 0.0998474300669315
-0.165720728804652 -0.556265582595913 -0.148419744925375 0.042255774900262
-0.342325765026064 -0.352951522286249 -0.162378644165514 -0.00590406349829468
-0.419144776962155 -0.179098723580381 -0.228345270958678 0.0349210770900257
-0.464280038997634 -0.01199073894891 -0.235962983970426 0.0705572608453984
-0.400013451659054 0.0691477205172952 -0.236931371310877 0.0892137205374378
-0.411323334831169 0.074362290194281 -0.222824199913332 0.0752811944423799
-0.418886612880988 -0.0585114080694975 -0.208805020213737 0.0797657667186455
-0.368197230734277 -0.174645458397089 -0.180659075650474 0.0392540221051045
-0.303369653637319 -0.360582199587905 -0.153376877000051 0.00233178042875271
-0.137151596413711 -0.477871871691142 -0.0987719896589361 -0.0341269350423109
0.124442780936289 -0.494152193466344 -0.020817364555461 0.0410452444302874
0.314018301711311 -0.514046010507199 -0.0951607626372044 0.128486507853584
0.179149115369235 -0.402262107827131 -0.507658673699348 0.338699493978422
0.109901267665458 -0.366940376972414 -0.303710909511431 0.293601238276515
0.0158567582340633 -0.375560560110595 -0.142199154891562 0.12995684301343
-0.10428064613642 -0.331377820217995 -0.141429041982649 0.0177740346698938
-0.203298469731173 -0.225245220400157 -0.225948343758903 -0.0659678475853514
-0.269422480559101 -0.127888425904473 -0.346520308527224 -0.00652281433417057
-0.317140356360845 -0.0280962238660516 -0.370077130842853 0.0659262801918739
-0.28106489536656 0.0208234322581471 -0.358123650577595 0.0945551335718823
-0.290680956651682 0.0124561083492994 -0.333078919948865 0.0734735596723068
-0.2854550640531 -0.0866781625546923 -0.296955907817234 0.0467459687879027
-0.218124826916953 -0.16935066082926 -0.226832413266146 -0.0184391692199828
-0.136718104199162 -0.260969090974194 -0.142059377724256 -0.0268004796516505
-0.040061672361035 -0.300754813528491 -0.0852730293092613 -0.0037133792030624
0.0946506783951601 -0.309965982322824 -0.0403122551760867 0.147888098886651
0.204865323442655 -0.359721211037704 -0.184743624011024 0.280421078148407
-4.81542313953351E-05 -0.197168035999552 -0.519740472801659 0.422960856348038
-0.0361816142099699 -0.13151892352187 -0.299012161324216 0.374633744272831
-0.0187940975051927 -0.092800771009395 -0.121613557538263 0.153799479892598
-0.0128061743645447 -0.0781774663597095 -0.112238789856082 0.00505967909123652
-0.033664643787939 -0.0842571715082136 -0.252427150431302 -0.0979215067434642
-0.0800732110356568 -0.0709364522529484 -0.406458930498295 -0.0291591648717463
-0.122496353621911 -0.047371467344182 -0.443003570799657 0.0612221418858901
-0.11883299033986 -0.0316548555102018 -0.424757319986225 0.0858295440157516
-0.126791076313533 -0.0405033853043321 -0.396994676666894 0.0488904907592904
-0.116428336249229 -0.0834478917040678 -0.337968751752005 -0.0127958695763101
-0.0578594611722877 -0.116520597785554 -0.229799583089378 -0.0903011448954118
0.00684556905220628 -0.111458749531577 -0.103947456057529 -0.0617978794537188
0.0221918629426963 -0.0864175191630068 -0.060989212558823 0.0170755413931299
0.0250251544870263 -0.104990914140579 -0.0587996200386288 0.218557458418552
0.0586874956606912 -0.169571379419456 -0.242167121511041 0.380705078073988
0.160994584999459 -0.0829730297588772 0.192786351425711 -0.481418832403967
0.104879442119805 -0.133600331416276 0.0394913536554279 -0.338598911331764
-0.017268684464635 -0.161045794358472 0.00116940417417909 -0.0416899670165513
-0.109479074124441 -0.091544487606379 0.0443920162496593 0.0823758566657599
-0.102771492054178 0.00633500888176472 0.227075002934126 0.150313216101214
-0.0763172529349031 0.0341171876423054 0.395398619125604 0.0589929190542329
-0.0618404697342128 0.0813409639586028 0.444024278313462 -0.0671430255133898
-0.06025853648651 0.0841296723143057 0.439749371129 -0.110071506610483
-0.0794593268353872 0.0840856323707162 0.448686628291939 -0.103940271880277
-0.105029691299106 0.0435918900385429 0.407382554191672 -0.0248678806433728
-0.132362187084815 0.00338513259242068 0.279263630053541 0.0657962420803486
-0.143641282957903 -0.102288728316104 0.110460920171206 -0.0116139026645397
-0.0382740744912831 -0.16738997170034 0.110615636880721 -0.175395112911792
0.0837539769879899 -0.103285364076572 0.236914070869324 -0.387104700994465
0.11525600945812 -0.0381469407268923 0.497478161827785 -0.49501010301897
0.275615249817875 -0.308635855790284 0.151135333459867 -0.39180811174118
0.202398507482322 -0.335324202253598 0.0445407144968917 -0.293985336949763
0.00595145653767516 -0.389073495029421 -0.00419109768599879 -0.0264044408119244
-0.184856504113421 -0.304733856845108 0.00799010417104194 0.107078189962065
-0.253271183710906 -0.122974836452877 0.194543053656928 0.178613925891332
-0.260859066690118 -0.0170925452509709 0.355764135248504 0.101524695093598
-0.26010140769744 0.106684041669872 0.405124052128687 -0.0310554974827669
-0.230394148186085 0.135355373224205 0.375102830892451 -0.0730053140284274
-0.25849762007204 0.14157353330549 0.372548369125574 -0.0845929780443712
-0.294527938846627 0.0376557354034611 0.336130428103463 -0.0155005990009102
-0.303057063860849 -0.0568262500898687 0.218333595203108 0.0624752765211587
-0.301745808216376 -0.250586812054971 0.0499361045356806 -0.0190449228416935
-0.126593142924823 -0.384902779855777 0.0481842457258551 -0.192217725765076
0.131811727794641 -0.354364319862131 0.157433114962552 -0.401466032972617
0.256498648535702 -0.293688630532049 0.38623849502525 -0.495127146628748
0.364380593930361 -0.49165939360262 0.0516939713709338 -0.253860558406269
0.291332064851526 -0.507282870510178 0.0131715010114796 -0.204714867762076
0.0387271284533359 -0.5954233341463 -0.0130986394362223 0.00162878108923219
-0.238983151553581 -0.509009177759618 -0.0210096939531488 0.116547030884086
-0.381159148643687 -0.256607458981579 0.139999826745644 0.168536941401718
-0.417551552592383 -0.0797977879654929 0.263228989612199 0.117208996614315
-0.426960810274232 0.111304558265698 0.302068730672057 0.00257322696499845
-0.365487399623111 0.167898680656039 0.252146997968276 -0.0258635833243562
-0.392117041099335 0.189988210342778 0.244309903211833 -0.0448686716801981
-0.439714797258248 0.0498025260338401 0.219595531433772 0.00859856817221328
-0.442170318688582 -0.0800076324374528 0.129269163398815 0.0634503736102315
-0.448031743920321 -0.339294594245245 -0.0136695043279329 -0.00955430038574531
-0.230980505237503 -0.539229848814846 -0.016701985296883 -0.169731525890585
0.128341045879868 -0.558861214622967 0.0708160803149959 -0.342160085687094
0.340122385082918 -0.510561816081819 0.244591259591448 -0.406693928551189
0.398340680980708 -0.61044766553061 -0.0884940917488448 -0.0836694239589816
0.326393476956156 -0.628916056361867 -0.0531350998703638 -0.0756061429685108
0.0448644869199468 -0.736010451768876 -0.0266180502893995 0.0457385494555846
-0.285153162227337 -0.647545613410879 -0.04429233275829 0.109918479056757
-0.466500782049888 -0.352357696873395 0.0612178407307038 0.121922668049219
-0.51851474820616 -0.128734191037757 0.12113263670477 0.103957070209137
-0.531420254321318 0.102834299830135 0.147447103059606 0.030145232607394
-0.445970680124025 0.177707317921619 0.0928821167153426 0.027016554409519
-0.46464095685566 0.209482817906748 0.0861756906923182 0.00878232014604975
-0.517355197233149 0.0560780091774609 0.0770054615969978 0.0471339777285001
-0.514996850330264 -0.0897710526559401 0.021758991322915 0.0721812986243183
-0.525883104153398 -0.373791893116355 -0.0735625957623395 0.0118226675427349
-0.301336747416546 -0.609691914147794 -0.0659919727843477 -0.115305975210437
0.0985499026753653 -0.666655039318733 0.00603979192562418 -0.220996392837538
0.365327801927695 -0.646704391256537 0.098552505414288 -0.242071219548482
0.365982781977727 -0.645021861718417 -0.24482011978691 0.100583040183858
0.29441934590204 -0.660242947484728 -0.139438003078601 0.0768168644627224
0.0239636335995335 -0.759450521505888 -0.0510632593404029 0.092532464503875
-0.296662505618408 -0.667806046906245 -0.070977571568044 0.0873672292278383
-0.478602675392305 -0.375707623279431 -0.040297996726783 0.0542598452803339
-0.53384633753784 -0.146760473907547 -0.050978940271706 0.0733529448748863
-0.551708972806605 0.0829563921023977 -0.0370729226352415 0.0532380153612498
-0.458050845871916 0.158621895281896 -0.080442546863441 0.076613864868056
-0.469417434578111 0.187478478272174 -0.0783635233426701 0.0649198147745626
-0.516274545799423 0.0359972622418445 -0.0717868224179143 0.0866801427961169
-0.49887264054501 -0.108145937519238 -0.0885412943790584 0.0766755422994337
-0.496462309839832 -0.370378083330779 -0.121343395620441 0.0293344640943978
-0.291377541649755 -0.588419622697173 -0.0922067933235122 -0.052221271146527
0.078202407597693 -0.655891536116956 -0.0277312011943699 -0.071286477126496
0.341815624845942 -0.669788090913608 -0.0272219416498576 -0.0370160052183349
0.268396170709794 -0.579871364775264 -0.380499591403968 0.270467299735946
0.196656424377087 -0.575770934506233 -0.217945480418669 0.222748510791749
-0.0117172069324521 -0.632725177269088 -0.0793817245256696 0.129414048696544
-0.254830599457639 -0.545253784846077 -0.0987971580529205 0.0558155738885239
-0.396718411299312 -0.316554810780441 -0.144836863113893 -0.0130865796083335
-0.454419844678388 -0.132083880980138 -0.219703340404703 0.0386480901619067
-0.480943668067202 0.0573899786370279 -0.217397452723129 0.0719904972294254
-0.401910587556816 0.11571112040981 -0.240587787110913 0.113029714887235
-0.411672083614976 0.128771095970062 -0.227214112728742 0.103256544812432
-0.440700232296274 -0.00851918379126403 -0.20457023204898 0.102084293137837
-0.398897965095858 -0.136856876844228 -0.17974556608375 0.0570523668371382
-0.3597310261452 -0.334314376454719 -0.148329825814535 0.0230919736441515
-0.198581186267572 -0.482655787675384 -0.097589990298524 -0.00443492434179145
0.0734278318070788 -0.536583261736157 -0.038714307878409 0.0695193336869422
0.278642701256124 -0.581290660937748 -0.127218711568009 0.163266261830954
0.127159200962903 -0.421239251999341 -0.46595332922265 0.403399494252143
0.0679827632120915 -0.382306239751028 -0.263801795855789 0.338738851374933
-0.0356139701408635 -0.385928347631218 -0.100805116079157 0.152949258954067
-0.158276326952417 -0.322756592009534 -0.113812804978732 0.0290129951846533
-0.23988343153972 -0.203990551177558 -0.22438781204382 -0.0585957638400693
-0.295626911094058 -0.0958735568045367 -0.348002142004099 0.0153275685114758
-0.332821629471035 0.0206156164027857 -0.360220714537541 0.0906356004226031
-0.285672880144068 0.0538499631675845 -0.365536539130768 0.132352747911393
-0.295971184223981 0.0506936766349555 -0.34460776360526 0.112232031408657
-0.304085970338464 -0.0541647152425616 -0.303463673011821 0.0765869265386552
-0.24416499275557 -0.149198432905288 -0.236664758003293 0.00201110995899574
-0.174680400073786 -0.253094265130434 -0.146197136105806 -0.00934664125574212
-0.0782239953492176 -0.309734185539009 -0.0861671691919681 0.0209626171879608
0.0607738522038786 -0.339424933505391 -0.0412377007105184 0.176276471483113
0.177460079275923 -0.408361679778825 -0.197502661126798 0.325022738361612
-0.0237325212342043 -0.190201225367748 -0.488003829601213 0.474711072070991
-0.0481938265881667 -0.122274500872168 -0.26570753871199 0.412890689979302
-0.0320349843546019 -0.0917897368082077 -0.101178575878227 0.169598404224562
-0.026478921457515 -0.0770874980963423 -0.107842315714253 0.0152646709089106
-0.0486856942052458 -0.079928401519424 -0.264480267514984 -0.0784570126692564
-0.0951448784120158 -0.0589739262627815 -0.415806776526276 0.00715776325267354
-0.135519081429835 -0.0271153150122152 -0.442925515770439 0.1051020428116
-0.126303144865087 -0.0161437191891602 -0.433687494844171 0.132107455621075
-0.135480700497568 -0.024020815598183 -0.415252275245073 0.0912665350252144
-0.129267157761144 -0.071986341494987 -0.35546244916251 0.0186687050544714
-0.073120341712954 -0.114257966568447 -0.250021269316825 -0.0721508229310313
-0.00685223698907953 -0.116377481135621 -0.11541036801906 -0.052882781265183
0.0103114254034893 -0.09519854473678 -0.0635972879789541 0.0314992719609867
0.00925662554339032 -0.117070375342915 -0.0439864293628842 0.244173937021816
0.0395583990043795 -0.192523678952233 -0.233457387285873 0.430999513057347
0.158922410801609 -0.0955376973723262 0.163601732754845 -0.506402698688102
0.0985578062658482 -0.142082934709258 0.014613763784764 -0.351528428191137
-0.0278077929411463 -0.163204921182219 -0.00196346700307966 -0.0416279604091371
-0.119531630269388 -0.0866751317185775 0.0505415887503996 0.0823588050411769
-0.105859228994888 0.0131591276712298 0.241836348294409 0.136590468016792
-0.0771535065941495 0.042106981527175 0.408994997425669 0.029309502345391
-0.0567923396738269 0.085865061833515 0.448288026886872 -0.0993021790293974
-0.0542588721591181 0.090000571064211 0.445646993683938 -0.144161731293722
-0.0746826809907084 0.0917572744428654 0.453973289788298 -0.139898891212279
-0.104529102494708 0.0514963848657401 0.415239726193468 -0.0542065482446577
-0.13549583299453 0.0125780283256552 0.292536120865431 0.0472362265635348
-0.155472367156753 -0.09479161583291 0.113059724033326 -0.017939316532743
-0.0512077125071877 -0.167643868776209 0.102016296366701 -0.18936249239813
0.0791006448483341 -0.110795370290091 0.21597124583028 -0.414649865045914
0.115158304282999 -0.0464946184609084 0.471326967972631 -0.541996961788984
0.258209353071771 -0.333928257564841 0.129544834948968 -0.412342895383891
0.183898126265746 -0.356686256391499 0.0238872630056803 -0.305996408171452
-0.0215611682800576 -0.400285547006555 -0.00674257352817966 -0.0258892874221575
-0.214171745837093 -0.300523571093126 0.0155669218010756 0.111092339159788
-0.269672685205202 -0.109353098554444 0.21038982283361 0.168969156669201
-0.271462627344703 0.0031957743760643 0.372615912250571 0.0775092825456031
-0.257516203619496 0.127482158741916 0.409566402548481 -0.0587688181396029
-0.22438327910667 0.156927005980066 0.382988297785367 -0.10225199402564
-0.254631933185053 0.164980705670836 0.376938143207921 -0.113678916156057
-0.300774757310402 0.0603458594165787 0.342723039954032 -0.0398193241233397
-0.316583451519194 -0.0375753489513803 0.229279633444362 0.0492142059495967
-0.33041599152728 -0.235082233638864 0.0504996038212973 -0.0218042274027357
-0.158055184258446 -0.386264615826672 0.0363737487676506 -0.203344003071695
0.109863337457643 -0.373617026825435 0.134256735471265 -0.423832492844926
0.24163282703799 -0.320225849239179 0.35743302752576 -0.535517526620515
0.335564848052149 -0.525750682516762 0.0393652907713843 -0.265755735843639
0.262208969925977 -0.540187940941465 0.000801573746704312 -0.212850680469695
-0.00449761783531841 -0.615161930018858 -0.0123081646813533 0.00459581802208349
-0.285893807443854 -0.507484059097902 -0.0130058999737183 0.123133643564984
-0.411658192996844 -0.237468508709309 0.154355291942263 0.164028234598213
-0.438517271535239 -0.0482125093407692 0.279411492012947 0.100480404709443
-0.428057535409984 0.145615255522944 0.303910810697241 -0.0161508513457918
-0.361166282219148 0.201491584787112 0.260610301485906 -0.0451628780895543
-0.38872038193649 0.224494871748844 0.247084350000284 -0.0623384384862097
-0.450145520389443 0.0851456605517787 0.225124484534522 -0.00657665736680651
-0.462078523542917 -0.0518329110507808 0.136601101673739 0.0569779979551342
-0.488654812003367 -0.316591677820021 -0.0152684828399775 -0.007535639090737
-0.277304706163609 -0.539809430868208 -0.0290247794162265 -0.174732004312744
0.089812689558385 -0.582395098626223 0.0512197613328342 -0.356954587319946
0.3111315131949 -0.550860930642229 0.219947452295949 -0.433339008979747
0.361966642430029 -0.65204411020481 -0.0916193222956207 -0.0813205651100901
0.291545160755422 -0.667666935287175 -0.0573346661364092 -0.0754187840051305
-0.00762152566873918 -0.760458734605954 -0.0240392573030345 0.0504817604828697
-0.34484457218329 -0.647790163759445 -0.0367788750004622 0.118083739604545
-0.50768581749601 -0.328635261695271 0.0705816439268388 0.122520649466158
-0.546714131849837 -0.0911364858802704 0.134662167797867 0.0986614741661624
-0.535860145477674 0.146330254985205 0.146352566134471 0.0233831373451832
-0.441314041018202 0.218081557251538 0.100435353628335 0.021473456788391
-0.461941660882687 0.249807144616426 0.0891021490379739 0.00524295382232758
-0.528554285556095 0.0978167431186685 0.0814715199559967 0.0429109151134323
-0.53975096223798 -0.0562969813937757 0.0263665531609726 0.0743152437239107
-0.570952468290411 -0.344781971507124 -0.0762790284552123 0.0189722572976496
-0.356745235460283 -0.60604632068882 -0.0764045163053883 -0.11402044861472
0.0514728815748275 -0.691842126142389 -0.00724980271530409 -0.22808461180718
0.325903772373348 -0.692501346725132 0.081963258818403 -0.252111147016061
0.325621052630601 -0.683562187183469 -0.238400375323208 0.117796889422423
0.257020307743932 -0.701177575349489 -0.134664287133629 0.0867207508754942
-0.0318960541644898 -0.785347037776545 -0.0452850854694491 0.101366191124766
-0.359477788364044 -0.66698461276034 -0.0656696325632628 0.0960592836496241
-0.520489478295766 -0.351380740436347 -0.0379898496387067 0.0600111572480834
-0.56311316586959 -0.108159219619049 -0.044141359873445 0.080309297276897
-0.557641257879194 0.128221777992863 -0.0411499247988877 0.060038451184631
-0.455728867380251 0.200414541391337 -0.0743092377130071 0.084497654442101
-0.46960696998916 0.228900700492638 -0.0754280417273815 0.0740228595322773
-0.529264777608259 0.0784618041014858 -0.0677286325471567 0.0937539786862442
-0.523081004521624 -0.0761308362543534 -0.0864782135637331 0.0872348829685296
-0.538942941330401 -0.343150540809462 -0.124784985273478 0.0398865097646268
-0.342824163834149 -0.583567764332402 -0.098015264896929 -0.0462146364149775
0.031846397571316 -0.680429905009517 -0.0315373423742728 -0.0724807472316816
0.299806142663071 -0.714512486667736 -0.0315392422498808 -0.0329581791550319
0.231372754810737 -0.612430114767703 -0.366219400596222 0.302397883544413
0.162269352911019 -0.607459959552158 -0.204393127912414 0.243143709483105
-0.0593838216947591 -0.654276653148287 -0.0716901747624776 0.140737690271655
-0.306017756668093 -0.544867823396355 -0.0957399699002589 0.065499231891001
-0.433110614895757 -0.299265626518025 -0.149911540876663 -0.000674908058083482
-0.480312224840965 -0.100224912273729 -0.219070763611723 0.0579923265583397
-0.48668470256641 0.0967779930809381 -0.223922542166732 0.0919989798468375
-0.401837191313384 0.152041610152103 -0.238178893449734 0.134135366770775
-0.413901898159983 0.164885774079489 -0.225859949445646 0.12347753456054
-0.453960750824399 0.0273066848976926 -0.202478341453857 0.118237846345186
-0.422491737627781 -0.112997409535422 -0.18247221640439 0.0728636691552211
-0.396643560831392 -0.316728350744226 -0.151609227116062 0.0350696241325704
-0.241351650908152 -0.482620812556865 -0.0994253660448741 0.00436550590691523
0.0362475341483715 -0.556514017029311 -0.03220006909304 0.0734348462548774
0.241226927233004 -0.620139799366785 -0.118744378817846 0.180173324511878
0.098137315591229 -0.440589059873622 -0.448585184175676 0.443165986828002
0.0442009076076378 -0.399093636461984 -0.243299549846462 0.365749354578317
-0.067107917168785 -0.397953663836119 -0.0916324980363261 0.16597211279205
-0.189261786337267 -0.32204397723675 -0.113236093583126 0.038318901213767
-0.262570956433151 -0.194059847172536 -0.234628321974687 -0.0423908755964049
-0.313079001230784 -0.0759209159946838 -0.352965205555318 0.0425393018545364
-0.338740503853822 0.0482302900226905 -0.367886980199719 0.120369268129381
-0.288330450957313 0.0800607078998393 -0.366129534779177 0.163780686306758
-0.300538572284936 0.0754644243540909 -0.346405599995123 0.140547356824486
-0.318106343077913 -0.0301024438795207 -0.30545127089726 0.0996510219072652
-0.264302843036781 -0.135797182899239 -0.244441898443149 0.0202920119054918
-0.199874133743728 -0.246745890148162 -0.15231353359255 0.000837125733339223
-0.104786877541041 -0.313158988608571 -0.0857077877840552 0.0298195521679746
0.0362752573378482 -0.354052404269182 -0.0274018364526957 0.184306882848484
0.150135961362276 -0.43523152720884 -0.178703222130024 0.35186428810664
-0.0388925546948204 -0.193654196684568 -0.467834278468271 0.517392578359769
-0.0583160344287766 -0.124311868212161 -0.240667318052035 0.441695583547785
-0.0412828734895979 -0.0937298543557206 -0.0911493841213513 0.181621823227262
-0.0332308105912806 -0.0780493883572693 -0.108397655376563 0.0223244231997034
-0.0552304319300965 -0.0794114485345064 -0.276825558807723 -0.0603086159723919
-0.102218051348539 -0.0541733272802406 -0.425903141559364 0.0394303903022674
-0.139780030353092 -0.0156256360101134 -0.449199913418266 0.139034259015746
-0.131077089903798 -0.00463207432717532 -0.438016401181887 0.167061429987837
-0.141601771749041 -0.0129117517788404 -0.420274137336424 0.124732404440724
-0.138896122809187 -0.0618767070785708 -0.363895697997163 0.044633928488171
-0.0850564845634817 -0.110965823499102 -0.262968546394083 -0.0564821013770216
-0.0172035159996844 -0.118499376502023 -0.123663631873988 -0.0466247112927057
0.00137433552974215 -0.100310207806025 -0.0622881238352557 0.0396963162349281
-0.000226580860704857 -0.122050247797235 -0.0260602537053704 0.254507315103645
0.0254149882103353 -0.203887979721163 -0.210177363259098 0.46250253291128
0.150268880439272 -0.106836479999167 0.125216278597353 -0.515704920788191
0.0876884856587161 -0.146940876195257 -0.0144749976748628 -0.350696201238223
-0.0394745536201776 -0.160018783745969 -0.00493777706687343 -0.0405563736376355
-0.126835495484134 -0.0769355063821985 0.0557254191462596 0.0796891597605063
-0.105820326786503 0.0206578977565117 0.249437237106643 0.117603024828903
-0.0748615689364143 0.0487485670207203 0.407134019461117 -0.00533117193372816
-0.0492054503989979 0.0884033144372101 0.43855322862445 -0.131554517826554
-0.0456502769482807 0.0932008861109225 0.435753092407407 -0.178911953080753
-0.0666115937068511 0.0967414679432018 0.441880465516485 -0.174692423648475
-0.100508142736378 0.0584596887651621 0.408711026079614 -0.0871794192056762
-0.134656193094328 0.0222012389527327 0.297711342524977 0.0245751746120559
-0.163090521353085 -0.0814267503131571 0.112930126064397 -0.0260036758761619
-0.0630792488440725 -0.161777637352822 0.087714409714309 -0.199061133433253
0.0712427185653528 -0.116105967841522 0.182205176650263 -0.430658762644878
0.110782499883267 -0.0542870156744788 0.424443380242665 -0.573682679279964
0.228613176757836 -0.349785389535217 0.100258527641948 -0.419745110875841
0.155773214680482 -0.365747147965928 -0.000238296318577591 -0.307367882342658
-0.0533287213208916 -0.396773833776616 -0.00773168910213192 -0.0237352553503869
-0.239152556449479 -0.28271902698979 0.0237427564076348 0.111148621490234
-0.278899426796848 -0.0890095577174053 0.221131773023329 0.154333213664905
-0.272256335461655 0.0272666580387141 0.37729573113457 0.047194191699222
-0.245666288038585 0.147060734371331 0.400855570042418 -0.0858263235036413
-0.209355446799428 0.174155467770008 0.376585926132628 -0.132150051749635
-0.240358364407928 0.184968935495236 0.366869408188417 -0.141234548887222
-0.296536710188955 0.0850095640954339 0.337055991576415 -0.0656072504826029
-0.320880067932626 -0.0136908753308872 0.23337133129264 0.0314725717981034
-0.349801615676761 -0.207814117750714 0.0491415539389221 -0.0246597435551431
-0.187321867914966 -0.372378638250213 0.0209453320345334 -0.20729982948153
0.0810238828803226 -0.381039996954051 0.100754919012957 -0.433884855545905
0.213923671400194 -0.338214935020821 0.312225276432843 -0.558240957876099
0.289146002121387 -0.545841778062181 0.0229874124566043 -0.268375221328007
0.219824971927363 -0.554484066817702 -0.0146206019256667 -0.214137292011532
-0.0537089620373199 -0.61346240817109 -0.0102630594339642 0.00680232531347854
-0.329741622195754 -0.484022860707937 -0.00337218904062397 0.125895493265768
-0.430526549031612 -0.20609108554563 0.165333459521316 0.153999217469966
-0.443801956026402 -0.00970460828671886 0.288419869987896 0.0782333462491518
-0.413689490804808 0.178962748292486 0.297337136656008 -0.0348031709643781
-0.341038875132113 0.230762329915232 0.259717780450662 -0.0652782730469818
-0.368866321488949 0.256184446026358 0.242234577871377 -0.0801979950055275
-0.44330451294151 0.122292963978613 0.222468951843346 -0.0234496472393319
-0.467913898156698 -0.0171003965666319 0.141098597747775 0.0477815004353856
-0.513685280310342 -0.272917760424769 -0.0159418113535904 -0.00528099580742143
-0.318434368385885 -0.516660272563946 -0.042769557995884 -0.173159683558334
0.0439650247786054 -0.58834551478234 0.0234027450503894 -0.36075210103269
0.263553619491344 -0.574762913484044 0.182252826035097 -0.44462589069573
0.305563709545641 -0.673667749101584 -0.092182603542678 -0.0763537161819943
0.239768403573819 -0.688299962932782 -0.0605798334862975 -0.0742049866799539
-0.0708590704252033 -0.760019963193398 -0.0177148436092019 0.0543036811923911
-0.399550380820076 -0.618891994463725 -0.0266026391189359 0.122375916256078
-0.533694590588748 -0.290959557108256 0.0794354916554844 0.119939887936656
-0.554715445245403 -0.0427579355399717 0.14556934118327 0.0877857601786235
-0.519482714346211 0.188681846234907 0.142049511940114 0.0175377607149108
-0.420534099359641 0.253701231949746 0.104683402353327 0.0125537231336478
-0.439427743468581 0.287072539370245 0.0900876860376771 -0.000437401292031878
-0.52170239775145 0.141633207480149 0.0840631368510163 0.0370649294712762
-0.545366582568051 -0.0159824764765569 0.0320054137691712 0.0744902465679769
-0.600160458015702 -0.298980847083656 -0.0752118877617154 0.0269495574223955
-0.404114049653804 -0.577069905333046 -0.0846109078537606 -0.107924217986177
-0.00268702491339476 -0.693107175860519 -0.0228440467044268 -0.228897558216303
0.267432892170343 -0.717048884335972 0.0609219407127648 -0.254117437257273
0.267977029412198 -0.702886326188837 -0.223705412385007 0.131505442772511
0.202749245316332 -0.719589070428023 -0.124832788515137 0.0938891427406677
-0.0953915036669882 -0.78340701905842 -0.0354779133635996 0.106747243246872
-0.415954248820665 -0.63755207071533 -0.0567367398094662 0.102283466143128
-0.548587351291773 -0.311620947318907 -0.0328354434822991 0.0660734960589857
-0.573013796614814 -0.0607083212489673 -0.0332342852083355 0.0842965756767834
-0.542910453915588 0.172506271546684 -0.042051919718144 0.068502818179491
-0.435521557112468 0.238739525104322 -0.0652753601471239 0.08905095231475
-0.448343568792818 0.26819512405815 -0.0681471724423429 0.0806981829797653
-0.522393827151277 0.122856642049688 -0.0603965646825477 0.0990889426419673
-0.531229101197843 -0.0376594362634817 -0.0802173626608026 0.096089374144225
-0.568210526198881 -0.299295654388334 -0.121912709695282 0.0510485331348649
-0.389536028515611 -0.555857773006499 -0.101030098270048 -0.0383232901445917
-0.0217734289113557 -0.681128566468911 -0.0347427773447013 -0.0715837449957802
0.237670809047054 -0.739487069877662 -0.0353872116056966 -0.0266165535529756
0.180058218824504 -0.624022383832883 -0.337818272588772 0.324412110291947
0.116039985460001 -0.620019733140597 -0.182370249289936 0.255159890943235
-0.113561646129171 -0.650808396103087 -0.0587627550718831 0.147934466350681
-0.353241283730791 -0.521760692352978 -0.0890716201387158 0.0733407872753401
-0.456597192807027 -0.266727682984352 -0.148067201507496 0.0132732126784452
-0.489559151633591 -0.0591533510639754 -0.209655536276941 0.0755465086830776
-0.475301832704658 0.136141970222507 -0.221068131747184 0.113582527485223
-0.385534245831043 0.1864304591622 -0.225773573928745 0.151466789290698
-0.397755187154085 0.198462102867413 -0.215007674982375 0.141492510494767
-0.451131275350818 0.0660354151957389 -0.192630341036338 0.133580306605752
-0.433287240873123 -0.0808324561479584 -0.177905295016182 0.0891327860273405
-0.42338559701465 -0.282531316634227 -0.150058053013893 0.0479210069573239
-0.280464460567423 -0.462371584008568 -0.0979519887019125 0.013420161469916
-0.00764392148047396 -0.558300326436492 -0.024710956851715 0.0747363074427184
0.187765829035513 -0.639968179638364 -0.10452161659789 0.192167670424367
0.0635351240858352 -0.444068059649273 -0.410641733917794 0.470770358057741
0.0141687673118207 -0.404438928970375 -0.211814302706781 0.380914714743933
-0.100171863169228 -0.394934534076401 -0.0771943781799042 0.173657983526287
-0.216812844937591 -0.308460463313632 -0.109238139145389 0.0468934521440875
-0.277686859342217 -0.175060167535639 -0.235582586610566 -0.02295498285494
-0.32033799516856 -0.0498479787111664 -0.345856089106592 0.0707149363118136
-0.331202824561808 0.0768678754081737 -0.361150661147532 0.150419545219115
-0.279258331808008 0.105073275072774 -0.352398937764153 0.190140050457421
-0.294010141091966 0.101444660322293 -0.334084295329168 0.167409300438975
-0.318954471069893 -0.00163073281212803 -0.296300558342665 0.122684828024875
-0.276401492216291 -0.114444572399537 -0.243483490879865 0.0402793286872805
-0.221141689323408 -0.229605768113418 -0.152556192033961 0.0135864702246415
-0.131636242154304 -0.304431322300225 -0.0821485591499246 0.0379379898835117
0.00748754905874582 -0.35561899454788 -0.0107854413606898 0.184433914351687
0.111692945113919 -0.448386668937023 -0.15015932991466 0.366762796431209
-0.053835518953359 -0.189209715683455 -0.42717218428499 0.546678347611438
-0.0666514736845555 -0.120983511033625 -0.20362897339168 0.457229363693094
-0.0504515631000221 -0.0919125577494478 -0.0756830550872397 0.188580233890148
-0.040341368062747 -0.0758323194727372 -0.105686741411913 0.0295133626262291
-0.0612830869426117 -0.0768055948822393 -0.279109633858887 -0.0386666090809391
-0.106721610249978 -0.0465456831615993 -0.42021182200669 0.0732624898184233
-0.140049037605711 -0.00257313779695757 -0.438105273687597 0.172588390542645
-0.130637189752553 0.00815767435117632 -0.424802480415757 0.200302379697756
-0.142168447315235 0.000606534176524912 -0.408862555175289 0.156975738044625
-0.14385729607416 -0.0477240675607288 -0.358536151521168 0.0719186971783928
-0.095164195463555 -0.103146885996104 -0.268040864754966 -0.0358109012151654
-0.0282150817563058 -0.116122425519268 -0.127329226030725 -0.03635569251152
-0.0101239109318013 -0.100697137182247 -0.0581543028417673 0.0472567956580172
-0.0114647743207727 -0.122753594784987 -0.00427805974006429 0.254988064674125
0.00704311509484015 -0.208215456230452 -0.171472927544223 0.477699185449291
0.139499625618645 -0.11223022400677 0.0952014970227729 -0.509765125034489
0.0775281838856294 -0.145921388128011 -0.0350601364596608 -0.340082792423626
-0.0475551735644093 -0.153973151635372 -0.00560347026069722 -0.0388225788037571
-0.128336881218166 -0.067529982933254 0.0583895280848159 0.0753380997653272
-0.103071746070713 0.0260634585158435 0.248819819958914 0.101855197526314
-0.0707136132015776 0.0528025140514727 0.39562177365356 -0.0292151785394394
-0.0427032362392286 0.0875064761081572 0.42076319943664 -0.150506498046949
-0.0379593680010551 0.0924385439228423 0.417375072707636 -0.198652845550351
-0.058983351869466 0.0971668495046188 0.420193365754615 -0.195041960275432
-0.0950632794726227 0.0622909392698382 0.392962512368211 -0.107123407647544
-0.130033920997971 0.0289749726049483 0.292553786820605 0.00602828105537524
-0.163231361035905 -0.0699469460226485 0.109513611061761 -0.030948314056867
-0.0693695164526731 -0.153672203375236 0.0735169353015086 -0.201121949164947
0.0638186089258716 -0.116762523329413 0.151963721441292 -0.429827559467709
0.104766666806868 -0.058549729498606 0.379113533486941 -0.579533809403364
0.200778441421151 -0.350693702977107 0.0786181446101682 -0.414692012393893
0.130472475086518 -0.36315579108703 -0.0176704647707606 -0.299444002493439
-0.0751286727128784 -0.384208299142864 -0.00668658950902736 -0.0220199226764564
-0.251870678499927 -0.261350530285734 0.0298115599034462 0.109211773746243
-0.279146951095548 -0.0716720614433616 0.223494279875125 0.140082379945176
-0.265013505849576 0.0447036509426198 0.370621400996508 0.0226110323108689
-0.229798364728705 0.156316686275183 0.386228133100884 -0.101476933108432
-0.19144598461078 0.181383586069817 0.361919930070968 -0.150462085014013
-0.223264012802055 0.194523283657164 0.350056103786018 -0.158095120470001
-0.285231570004418 0.100522463882556 0.324706385503021 -0.082407772758501
-0.316113717545809 0.00391649293602937 0.231085358214312 0.0183121237695813
-0.3537458894417 -0.18056399007985 0.0474017655164756 -0.0255861060927021
-0.204134710080569 -0.353449750371888 0.00717112092028204 -0.205003115845167
0.0575300095931597 -0.376430040328804 0.0736322407117808 -0.428835534400041
0.187658619996113 -0.341774831779045 0.271719985444309 -0.556886043218122
0.248021918582836 -0.543623334333348 0.0125001822073453 -0.264116769469434
0.183368358217193 -0.551677577800757 -0.0262030401699701 -0.209887916613636
-0.08838612832434 -0.594131773114334 -0.00789827197348748 0.00814426738967796
-0.353359080161671 -0.451674052346495 0.00489173979092768 0.12520510117518
-0.43422730360812 -0.1776990734232 0.170314102876078 0.144440765539439
-0.434514353863196 0.0198305837881238 0.288212991899458 0.0589491087495278
-0.39126304984018 0.198668033882007 0.28628050659935 -0.0441197831894817
-0.316325918219712 0.245103372361883 0.25164775797885 -0.0793544770290266
-0.343958705528419 0.271111899539206 0.232202262434521 -0.091171719189861
-0.425514206470579 0.145974525111469 0.215433238611772 -0.0344000728659832
-0.461115350680235 0.00900971979405123 0.141817692585564 0.0405978161767891
-0.519088048178682 -0.23519456655209 -0.0151557373016161 -0.00242331851205964
-0.340621760864677 -0.487524903507078 -0.0525662673494948 -0.168286085635243
0.00929919968121691 -0.576105683222643 0.00315381422673189 -0.354477414835991
0.220806587576535 -0.576113816817985 0.151076901813115 -0.438523094676262
0.257224943969763 -0.66637791010468 -0.0896895962501526 -0.0727162042978613
0.195644404893071 -0.682769051458853 -0.062585533591552 -0.0713348816611246
-0.115405221911047 -0.738714001345306 -0.0111223904610778 0.0552354132273642
-0.430987313911894 -0.581234347539801 -0.0178751272087427 0.123038324439063
-0.540575962743778 -0.255486163291964 0.086085299337908 0.116582017917058
-0.545357759376741 -0.00486908412322713 0.15082838740557 0.0777389058208633
-0.493957307636495 0.212248270015012 0.136780659835698 0.0173339678091528
-0.391347512768831 0.272576286594652 0.104093157988188 0.00537596994047075
-0.40937179616288 0.307430122752836 0.0892117514540035 -0.0047626721391208
-0.501016677198541 0.170998230437847 0.0836808849176612 0.032552651259367
-0.538180549127291 0.0145166620299675 0.0363718614662558 0.0739810724342285
-0.605347867143368 -0.253224318298711 -0.0716628123142643 0.031915683149144
-0.429320587333913 -0.541101047852084 -0.088992532969069 -0.101346187877158
-0.0429109217279956 -0.677343926775057 -0.0350715914211785 -0.223207683392555
0.215281780409508 -0.715189742060898 0.0437592761601516 -0.246591772682478
0.220225347614788 -0.692694643093049 -0.206855426806398 0.136374978546286
0.158715496298578 -0.713658935535994 -0.115658180429345 0.0954582055943891
-0.143408701224994 -0.760615126485521 -0.0248109398043214 0.107518108268238
-0.448191045776366 -0.598967136456448 -0.0476260260863592 0.104925210731792
-0.557368979943419 -0.276441010139969 -0.0262032965396387 0.0700477581094147
-0.565439889003884 -0.0219039231114779 -0.0225440667726458 0.0838868955855895
-0.517898477326651 0.201174482165529 -0.0403158893953232 0.076593004595792
-0.406561523933383 0.258113106527687 -0.0575868120960759 0.0889527245730344
-0.420915990449807 0.288298746462343 -0.0606734319683298 0.0830549198843111
-0.502700674788233 0.1517228687105 -0.0537429256898548 0.100751586587344
-0.52563366295511 -0.00603111611373845 -0.0722537257216642 0.101857401793344
-0.572815169457182 -0.25713107016586 -0.116402065300522 0.0585045626613268
-0.414287424619161 -0.522363763688226 -0.100770550371637 -0.0316966135346414
-0.0619443946249564 -0.663816358842197 -0.0363780125551356 -0.0688392467302538
0.183772068881527 -0.734451556684472 -0.0360433165846598 -0.0201115665937247
0.140025975514441 -0.613269026544125 -0.310014864642015 0.329998955663771
0.0810559307023056 -0.612524566178827 -0.162807481107319 0.255905239245627
-0.151260438324315 -0.630088768716529 -0.0462351809440767 0.148988188459668
-0.380306304065517 -0.489199018146865 -0.0806661543227383 0.0775513861441985
-0.464001784648217 -0.237421448046461 -0.140930344863251 0.0238904950633316
-0.483243488762349 -0.0270417006177916 -0.1955509101617 0.0856948812544822
-0.453877866717427 0.162103657153015 -0.212195296990398 0.129523737363296
-0.362142020959611 0.205210257333238 -0.211676402844435 0.159446533008783
-0.375373045516527 0.219054573598514 -0.200536978097656 0.149697572534991
-0.436262219774576 0.0930186855926312 -0.180327982663801 0.141335323767349
-0.431355420421893 -0.0532158592292644 -0.166927856341885 0.0999094484046812
-0.430697947832908 -0.250408177472328 -0.144130294843991 0.0566423990708794
-0.302889937293146 -0.435202852070343 -0.0939005806342816 0.0189610604372452
-0.0412926020791776 -0.543690967798771 -0.0176316960797035 0.0725026391338349
0.139707334105875 -0.635799167841457 -0.0903665174210104 0.196284090086921
0.0358659401413031 -0.433739193614346 -0.37463539207177 0.478122214699619
-0.00788815011078554 -0.397066994479416 -0.183951474667263 0.380607794958753
-0.123329776442403 -0.381192808484202 -0.0636447122955924 0.174857248734654
-0.233750633210768 -0.290344056704788 -0.102274429894289 0.0517869091922565
-0.283138570194656 -0.157946601283638 -0.229382605922354 -0.00798332849672436
-0.316247476155172 -0.0286520713510174 -0.330274397115167 0.0893521930584033
-0.317427897725319 0.0955815195788077 -0.347203068820258 0.171322028155718
-0.264324797553941 0.120404122642015 -0.33402577893872 0.205751795447426
-0.279134794110938 0.118603486172249 -0.316113057881421 0.181898062316419
-0.311445789420312 0.0193739178686821 -0.282274607974547 0.135714649391189
-0.279542528955589 -0.0953969714520888 -0.235235565760512 0.0557124847408047
-0.230622746809899 -0.210223250503994 -0.148572623404774 0.0225474961873517
-0.148935953962284 -0.28971594801421 -0.0763770037324578 0.0428360765439387
-0.0144333660908912 -0.348132375057143 0.00223407717472479 0.179241587428329
0.0787835704939381 -0.444478185619146 -0.124210999928391 0.368342442689894
-0.0627703609119437 -0.180292688113867 -0.387155156623892 0.552899518541312
-0.0711536974074528 -0.116496022847381 -0.171257426286675 0.455655149405244
-0.0555048988327629 -0.087938629026986 -0.0622435805128996 0.188984577898004
-0.0450211394037427 -0.0726682013365944 -0.100414322074761 0.0334682056618862
-0.0644174723657722 -0.0733555781374204 -0.272683698011391 -0.0225549632989191
-0.108154698677567 -0.0393808580228352 -0.40330873529247 0.0956722987567999
-0.135547539922154 0.00642786833488584 -0.420618878872777 0.194513958562442
-0.125784364341873 0.0170813766109466 -0.406129113539566 0.220004028215352
-0.138129355982833 0.0110017018123464 -0.390115834284175 0.176490797875061
-0.142679119663803 -0.0364434741476834 -0.345562557759174 0.0885889673042304
-0.10098629166515 -0.0941532787846893 -0.263554872673443 -0.017957827874538
-0.0359287653469906 -0.110171871897924 -0.12656099306095 -0.0284650907771198
-0.0186340772760315 -0.0975464751388123 -0.0520459469815063 0.0507011179436887
-0.0192913051124767 -0.120137170041264 0.0116675182355167 0.247331354139906
-0.00832664020206904 -0.20493920821884 -0.137882478755709 0.477865233794481
0.13114783532108 -0.113341033917688 0.080642122722277 -0.499208378243753
0.0719536374011671 -0.143162822104438 -0.0448923108776633 -0.330927191501675
-0.0512604900430745 -0.148949085407882 -0.00520579161400184 -0.0380681778584246
-0.127764152960004 -0.0614247636248511 0.0592924100421677 0.0737256400402317
-0.101887468877543 0.0289519348373091 0.246056512684434 0.0942006805984281
-0.06817780102702 0.0549759633948422 0.385467565824297 -0.041113247379316
-0.0394668842829093 0.0852975992782795 0.409559313041777 -0.159036589741578
-0.0334407119861024 0.0901397098399022 0.40491259640931 -0.207026562290313
-0.0546547670388063 0.0964983449568617 0.404925174240719 -0.203455103109111
-0.0915411593205712 0.0628855355751211 0.381064278330771 -0.117072650607954
-0.126860619823968 0.0315665966495533 0.288332915611161 -0.00380851482389528
-0.16162301878039 -0.0628886988232582 0.107764673516942 -0.0334247277395116
-0.0713541269149054 -0.148135087170773 0.0652667592508138 -0.200650396463107
0.0598183569241511 -0.115432728589077 0.134708483667842 -0.424443501069074
0.101217862458465 -0.0604841711557816 0.351141864886575 -0.575128633269314
0.182801147889319 -0.34688834412516 0.0670964264554609 -0.408238570895438
0.117280937814477 -0.35605714700134 -0.0265744714570481 -0.29312431082728
-0.0868685726591429 -0.372844838559277 -0.00477989621246182 -0.0222373847377035
-0.256605326295222 -0.246773892307132 0.0328125105320079 0.10781607746356
-0.277918750185933 -0.062037702428805 0.224022234663243 0.133633497066664
-0.258830298833418 0.0549828236202844 0.364374852225807 0.010695034229248
-0.219392501708491 0.159358437243534 0.375971955177295 -0.106836990041448
-0.180229781133214 0.183146962071513 0.352451146097175 -0.158819501266731
-0.211741528539261 0.197731086663567 0.337928815144346 -0.164352756484614
-0.277288335952883 0.107126831936262 0.31515767437632 -0.0899839416640676
-0.312314660264152 0.0134777925854434 0.228697312840936 0.011767724214764
-0.354120301556932 -0.165053037412658 0.0464422283908188 -0.0256492809691125
-0.210172036638565 -0.340523452915855 -0.000300884473158485 -0.203114353989904
0.0446455034997589 -0.37065501491611 0.0585512655608224 -0.421782499713395
0.171480783057254 -0.340240054980586 0.246951336389884 -0.548043739917256
0.223974826319831 -0.534169508127451 0.00780221393331963 -0.260578542806058
0.163131678098973 -0.543575982940332 -0.0315695033439206 -0.205851221498699
-0.108817073370899 -0.578207196924437 -0.00309011973041069 0.00801497188005847
-0.362806350225969 -0.429880512220711 0.010286098003341 0.124122408169512
-0.434251108192542 -0.161901546714916 0.173605559906561 0.139952331945607
-0.425325084182096 0.0368132733395843 0.286333315528432 0.0473774284123259
-0.375436907572303 0.206182381388176 0.280480983807496 -0.0450860226420018
-0.299110752794745 0.249443287831053 0.24590362922535 -0.0855062667950637
-0.32645557040363 0.278308702828283 0.22582361764996 -0.0948978044567514
-0.413915371676868 0.158091945608729 0.210108280710577 -0.038845221228886
-0.455031636192204 0.02276328453263 0.141849439653895 0.03742507896056
-0.517724775358681 -0.212216531623435 -0.0141975030318673 -0.00075888961485937
-0.351283580333904 -0.467615418384424 -0.0574570362784392 -0.164033983691414
-0.00958258492182778 -0.566735472592267 -0.00783268982969716 -0.348102619417185
0.195865679959457 -0.570241515747831 0.133683805246892 -0.428083575331094
0.229994699624132 -0.653587344416495 -0.0860588707155416 -0.0716223054405197
0.170659689064079 -0.673830786141995 -0.0632379458501825 -0.0701190772850899
-0.138667047401524 -0.719257687931155 -0.00547761863904572 0.0548039239970693
-0.444215022896696 -0.553671580892442 -0.0111713668863905 0.122694670359853
-0.541514510355486 -0.235268854830532 0.0909185818512594 0.115201307269776
-0.535507110433668 0.0155212981198361 0.154439803626109 0.0697270787865585
-0.475253750057905 0.224269808272654 0.134908280825035 0.0203427926632542
-0.371758181563311 0.279295395103735 0.103239199697654 0.00100135385523779
-0.390166485760817 0.314977476040217 0.0879811430737193 -0.00660093623276688
-0.483994085842479 0.185623863553607 0.0829016738123712 0.0301853603965244
-0.530940450055751 0.0315961791051815 0.0402464163528638 0.0736240089639139
-0.602056890481434 -0.226534915533407 -0.0685853801450211 0.0351950057276506
-0.439055002346129 -0.517408389739098 -0.0908203885406666 -0.0975744103938704
-0.0632370445685062 -0.663238256599988 -0.0402012796066724 -0.219050962110168
0.183624769229002 -0.707041334565036 0.0352606333566009 -0.237295073255658
0.193827337712285 -0.679035799343589 -0.195758390280424 0.13586556820395
0.135417746447852 -0.703477509850199 -0.110213945604648 0.094349767745613
-0.16753610441432 -0.742096063190094 -0.0171398300410927 0.107038682855541
-0.464064943105337 -0.572861854938806 -0.0407550982291624 0.10596076305268
-0.558899749103099 -0.256313551512969 -0.0198552515383132 0.0723522736234172
-0.557467072305764 0.000147719676762274 -0.0141298427008175 0.081597907004265
-0.498327597314846 0.214591245436077 -0.037530830601364 0.0838488180029564
-0.386965515617141 0.266707759102265 -0.0538685788223236 0.088154398841022
-0.400274390776005 0.297049508720724 -0.0560021512470938 0.0828957434228202
-0.487508702731665 0.168037514241778 -0.0493333116577128 0.10113096685087
-0.51908726192918 0.0105803924068882 -0.0654254894230539 0.104453813569395
-0.570420787444303 -0.231964145475841 -0.111722485849652 0.0624472937104743
-0.423290024678777 -0.498112969530854 -0.0996743393161576 -0.0280950566471967
-0.083109655037441 -0.647949914464455 -0.0369295970053448 -0.0679088770858383
0.15301020591948 -0.724471024342437 -0.0354814011731014 -0.0146724436518941
0.119013853155039 -0.599631676201065 -0.292597309095557 0.328437980261606
0.0612473591096665 -0.605382854543843 -0.151577777817462 0.253769289827947
-0.17158106352407 -0.615842553569238 -0.037484039256921 0.148762652395502
-0.39266243056187 -0.468319971677677 -0.0746719102777067 0.0791557582172817
-0.466535875696113 -0.219888514926008 -0.134199478881599 0.0292429182492874
-0.475313976278369 -0.00811152599508022 -0.184634819110804 0.088775870801056
-0.436793011810637 0.174279740924709 -0.204923624492703 0.140112043543748
-0.345357824135906 0.21294958544825 -0.203796739958425 0.161700237650896
-0.358893411519763 0.228466838225958 -0.191150317739064 0.152355687305842
-0.424204725173666 0.107282526095645 -0.171969091703229 0.144339822457835
-0.428917547174793 -0.0381499640530373 -0.159385812029261 0.105849181894819
-0.431746549612042 -0.229924927404705 -0.138376473558908 0.0614587137218156
-0.314571488612593 -0.416732584170164 -0.0903558318641977 0.021729741351034
-0.059179279377183 -0.530454212698508 -0.0131944863010043 0.0693321150350584
0.113504245213093 -0.627174774608704 -0.0826199721468339 0.196790522971746
0.0232244560726216 -0.421998690782515 -0.352534302520192 0.473354151989824
-0.018393728548303 -0.391193797559555 -0.168584843372483 0.376593561326695
-0.135825779943617 -0.372139426998298 -0.0548267765179088 0.174109352999305
-0.241236698369577 -0.277267250823271 -0.0972967612286741 0.0533666077790606
-0.285194929579946 -0.148088255411908 -0.222669001820073 -0.000875322153766356
-0.312784786681978 -0.0168041422522998 -0.317669507366588 0.0965747212777724
-0.306169015857148 0.104761372239684 -0.335952905204993 0.182747453771086
-0.252927645662458 0.127067412063215 -0.32312578332309 0.210720347774511
-0.268004272757625 0.126488858612282 -0.30359330816782 0.187094103296688
-0.303974728303102 0.0313015371266319 -0.272001052877496 0.141098804190642
-0.279521915197163 -0.0842934388043728 -0.227646695301448 0.0641111289696052
-0.233788021475182 -0.195950977489021 -0.144684906688407 0.0270560394973921
-0.158114882133344 -0.277895501344632 -0.0721563158609094 0.0446945494309521
-0.0265978548974389 -0.34041605202311 0.00957606187165218 0.17345010364949
0.0590636599636375 -0.439132219045753 -0.110923541247499 0.365655207322
-0.0657897043177 -0.173357205877423 -0.364035145083841 0.548117517982553
-0.0722145028926776 -0.11425196299691 -0.153796602979467 0.449077464886009
-0.058266175410729 -0.0863855578010376 -0.0548053425948098 0.187538193475184
-0.0474709427971757 -0.0712795508782689 -0.0969850906671743 0.0346056007588414
-0.0666355942365352 -0.0720247922241773 -0.267716204275355 -0.01540936594237
-0.10766036478747 -0.0354232597361067 -0.3901260289715 0.105602975956083
-0.131338468748014 0.0120550606558329 -0.408610851954065 0.20543821236767
-0.122220976341462 0.0215676992661311 -0.393482082762199 0.227807148701687
-0.133607381404101 0.0164638819027878 -0.377694628639718 0.184004567177116
-0.140355264909165 -0.0289146961980178 -0.336265200868054 0.0971907276771887
-0.103634073125916 -0.0875870221723577 -0.258600933835025 -0.00844119658995348
-0.040205130814655 -0.106139254513419 -0.125034374691998 -0.0237193875188681
-0.0250218149718798 -0.0943772366269486 -0.0474995494231739 0.052775711378412
-0.0244379871843106 -0.117655032515675 0.0209996110986638 0.239746819358635
-0.0172077021275926 -0.201392042328251 -0.120504204921693 0.471922771490156
0.100833783086331 -0.132774303781471 -0.00951851547497378 -0.524317747973324
0.036119019876772 -0.148552390989706 -0.105470424925859 -0.326532476050376
-0.0804700397937333 -0.129278186510601 -0.00477799042169052 -0.0491278284231078
-0.133644407498901 -0.0293397061537471 0.0749676968055045 0.0511116057651957
-0.0891391121385016 0.0470994097592569 0.259176813586574 0.0405819138613053
-0.0547373745888428 0.0627530982451152 0.368093172470082 -0.119014067866957
-0.0174635357947517 0.0854066949942228 0.367445994631849 -0.236960999534167
-0.0143655503174727 0.0900858619303022 0.358908716607257 -0.28640827349214
-0.0304602085390247 0.100872616476785 0.36452504172164 -0.287038088052973
-0.0727377150768311 0.0783933997257318 0.359538206442208 -0.202721765200531
-0.111039914320694 0.0548248602456432 0.288832234014894 -0.0702315175947384
-0.165437197171323 -0.0269493412775563 0.104533793564604 -0.0594539039030867
-0.0937335932766459 -0.128324982162561 0.0279153691587844 -0.218370894706131
0.0408001989143383 -0.127218712986538 0.0376928265049361 -0.448095607705004
0.0946751923584638 -0.0856596444027277 0.232222563991986 -0.637922100309214
0.105133243794275 -0.359576688160475 0.00899555984580786 -0.438333931975306
0.0357269956237708 -0.361311794554818 -0.069855947362969 -0.297504119516344
-0.162366063739651 -0.332689799100652 0.0124607221575604 -0.0472193772932011
-0.297011407700873 -0.17415352296574 0.066626362700529 0.0742829972629558
-0.276925844125195 -0.00319041937061369 0.24226714481823 0.0714463043833713
-0.236782327084355 0.101891237358608 0.353177812892953 -0.0740176627586568
-0.171755995124278 0.195717668828417 0.335538651470668 -0.189832164702152
-0.13733580619742 0.20691502807591 0.315187539784612 -0.228888846528855
-0.161026575978669 0.228998520058935 0.30779523676906 -0.236488908866501
-0.244045467997272 0.159326432578626 0.301253288803276 -0.165175261593827
-0.292185830556485 0.0726926699722305 0.233532166999075 -0.0437689662653446
-0.370906235915836 -0.0869527432369224 0.0493141924118802 -0.0417285781566041
-0.26642319282689 -0.284755642399469 -0.0289798895946772 -0.21022674727435
-0.029618002491729 -0.373303113643444 -0.0282380109632213 -0.419046013192835
0.102202245429616 -0.374470499312128 0.13758187516572 -0.572877244815236
0.106944244964276 -0.542529795519077 -0.00980820188858304 -0.282742175094621
0.0404739589166247 -0.548755864926245 -0.0482216393229635 -0.212921704118736
-0.22596921906228 -0.524124605602267 0.0326849526146564 -0.0292632204923039
-0.438275894778072 -0.322432860186989 0.057531805001037 0.0804173699532083
-0.448317510312446 -0.0658055431737276 0.192627644729754 0.0747703397731475
-0.400875981713881 0.119831406403775 0.27950063867633 -0.0303194157610084
-0.309103407849954 0.275056113838541 0.247114590798347 -0.119159655499542
-0.23951243320625 0.293559673602515 0.224315938701764 -0.136182433383029
-0.254962543673555 0.327933403854479 0.212175953794681 -0.144971463485318
-0.36611786377826 0.234942771169441 0.208489321672586 -0.0947431619258586
-0.427639771301376 0.109544119140167 0.153461070896121 -0.00100302623928721
-0.539778277610048 -0.100072046031244 -0.00408710381423854 -0.00630744232471771
-0.428179792796049 -0.377048628487118 -0.0709276819490219 -0.163336574651527
-0.125868242770973 -0.552745005115554 -0.0686428117619869 -0.322287323913648
0.0741765635428505 -0.604626746865092 0.0560779125401274 -0.418028877467854
0.0910001616208027 -0.654626722421552 -0.0609303728426674 -0.0771559065125874
0.021974425401352 -0.676616305934284 -0.0462702165530008 -0.0731553754004267
-0.285679202875374 -0.650038427698461 0.0484641224757597 0.0090643899680487
-0.546889556228467 -0.421092457814655 0.0429027596198663 0.0722732842905635
-0.567493062105758 -0.112971688038044 0.104187777770757 0.0576246004165347
-0.511328386637528 0.122136317684896 0.151135256112064 0.0112220319535328
-0.400343734661654 0.317011566898442 0.112886492996845 -0.0327046751017487
-0.303935304022569 0.337331165055123 0.100423211987597 -0.0223553846717354
-0.310175463656812 0.376911216975494 0.0938726440639103 -0.0297784080759831
-0.431222552235654 0.275944095198609 0.0964812080148034 0.00091874412222501
-0.500291553302681 0.131693412218128 0.059620693510539 0.0573863790521036
-0.625183179450434 -0.0977549440968113 -0.0496602333245939 0.0397984363963928
-0.523646866409237 -0.405198966445599 -0.086103257815737 -0.091845815204538
-0.200470704457596 -0.632526810324022 -0.065792414306042 -0.184177742430604
0.0287598621271834 -0.733310802161419 0.00265528540768212 -0.200892238341941
0.0527861539308966 -0.672781945327106 -0.130772589899347 0.153700149911438
-0.0158933542002934 -0.699230937779104 -0.0595283585478209 0.100886474560953
-0.317444011543225 -0.665825639349851 0.0474198104809271 0.0615901271352966
-0.570629963375295 -0.435077179499848 0.0108505202385132 0.0585131835580073
-0.591106803918615 -0.12772722928013 -0.014843037080979 0.0351679450613748
-0.534510596093174 0.114346554904174 -0.0136847962851584 0.0555960693664121
-0.424807352562473 0.313109272674833 -0.0447303221993962 0.0618563101646509
-0.321061793540753 0.328966234948528 -0.0376511030289765 0.0952965661727059
-0.323124464436113 0.363236864009493 -0.0320321659788909 0.0898632715650103
-0.436035599471269 0.260523650883751 -0.0215607404091627 0.100260499977074
-0.493990936519436 0.111508472618398 -0.038733737039828 0.111838410017407
-0.597143375816247 -0.107192126663438 -0.0861190838974511 0.0770653829895278
-0.507042182477464 -0.389878032334733 -0.0801715908822599 -0.0196467874148475
-0.21864323550453 -0.613608304791179 -0.0278215766561925 -0.0346472086082319
-0.00682682147325501 -0.742100246092926 -0.0205305162988574 0.0361586264475695
-0.00274653871230641 -0.583744451193723 -0.196070230031616 0.370038228469784
-0.0647246562431406 -0.590539706048798 -0.0747533494900884 0.270519757158435
-0.294463531961132 -0.547389004966399 0.026815006689703 0.114266297496546
-0.481006667686614 -0.353253943816882 -0.0349920472195147 0.0476409672263794
-0.496642265269599 -0.112825762071994 -0.136845612476886 0.0219142410243634
-0.459383078759476 0.0928314470689304 -0.178600319345428 0.100606314196938
-0.376234697588513 0.26393724675912 -0.195741950402463 0.152831187163626
-0.291392419589377 0.271006974810716 -0.170595753093837 0.198570003742776
-0.297502184225789 0.290289062787996 -0.154335809292129 0.188148753390902
-0.388767114591534 0.190263767459041 -0.135642651336654 0.172338826715904
-0.417452472716343 0.0461539227347505 -0.132852896315526 0.13489535846581
-0.462566442692988 -0.1338607929937 -0.115462231436004 0.0849059807992058
-0.385835299703827 -0.333287212190613 -0.0640832828747392 0.0324965834648205
-0.172660087781233 -0.503014564453256 0.0231245082040334 0.0931310684921817
-0.0275316359760521 -0.635112343141512 -0.0252358566651507 0.250349757017821
-0.0583644627762196 -0.398549220917005 -0.241387416041183 0.535258890353565
-0.0961651852735543 -0.371059294772598 -0.0787776300633071 0.402008679700817
-0.208774639173315 -0.324847587482656 0.000163617648142774 0.157685977675693
-0.294436817148736 -0.207322401762728 -0.0727777064121009 0.0447155762983716
-0.30917967823712 -0.080590601128582 -0.227175872574773 0.0214885602934977
-0.304168085360861 0.0518524971766701 -0.304515729307302 0.143250717823847
-0.267227509168777 0.170498696036592 -0.309984313389466 0.228288906834043
-0.219226053926327 0.171646870925981 -0.278602741137579 0.272079225669171
-0.231809033220994 0.175064944360367 -0.261254043380639 0.247332393901451
-0.288979600982627 0.0921591526243379 -0.238479035869675 0.19382121064868
-0.285473583548727 -0.0249807737827324 -0.210712691690707 0.110021768262052
-0.265902500839951 -0.140922731562724 -0.13182238479705 0.055762230657772
-0.209955702400539 -0.231441478711245 -0.047310170234636 0.0569788640924134
-0.102505949443343 -0.322892458881265 0.0623990524613062 0.184057799079869
-0.0414847252346121 -0.436611297083793 -0.022797700474498 0.412190451330808
-0.0949858572867019 -0.148342634055947 -0.252699590737181 0.621388883884293
-0.0890169220445394 -0.0941846748250763 -0.0613243103216872 0.479193487842006
-0.0731153455159405 -0.0695678959538788 -0.0118964236706863 0.190494333388937
-0.0626783653911318 -0.0558578804105041 -0.0862471917151868 0.046602319898892
-0.0819221836707658 -0.0537083876450633 -0.269266703431035 0.0316347300939081
-0.111045154617534 -0.00764909398170475 -0.368441563366479 0.176814585077858
-0.122475224120595 0.0450431950102215 -0.367564359455416 0.274306312070529
-0.113291845836872 0.0466462528059959 -0.343932383098573 0.303443644292801
-0.126390502469263 0.0444163443036185 -0.338407381004496 0.261447691253886
-0.143698763305474 0.00125413129679819 -0.314335237217463 0.167756195329425
-0.118946519920027 -0.0627330292873989 -0.258705890335625 0.0475067683516429
-0.0617696488071527 -0.0938585613154522 -0.127438765455598 0.00424189943281516
-0.0458177099244711 -0.0832683523898561 -0.0300593762368733 0.0636340252008298
-0.0532129676477182 -0.106742052697103 0.0816047434869112 0.23849391330999
-0.0661289067833286 -0.188122506606502 -0.0159989838853464 0.507110251906728
0.0973529323885816 -0.1366729598493 -0.0214997163893775 -0.536272583386728
0.0339666548587048 -0.149657366836311 -0.117455540840036 -0.329233516986527
-0.0857214542697396 -0.127889753032775 -0.00520433591906346 -0.0519906173161195
-0.137396948681374 -0.0252805657428361 0.0792974166109807 0.0512737294100104
-0.0897016134273965 0.0519723193774411 0.266666572219759 0.036148230592061
-0.0540605956369018 0.066682382812723 0.371247589351679 -0.132913811287517
-0.0160027041097627 0.0866505943055419 0.371120011413065 -0.253436240133062
-0.0120173959278755 0.090699854386366 0.362033408563663 -0.304124644786238
-0.0281624555489448 0.103344094677756 0.365315230816875 -0.303204363010326
-0.073435839086917 0.081982422003049 0.361346950097779 -0.216841326940906
-0.112626195581516 0.059311501650795 0.293946933961657 -0.0810457982761974
-0.168994816194368 -0.0229997234793848 0.106385635021529 -0.0644711735563255
-0.09905703334507 -0.129721099125648 0.0204909474546619 -0.224715789257045
0.0393486552063124 -0.131583198420159 0.0257894635869883 -0.457283242954055
0.0932816478184692 -0.0900070360706337 0.221447006936237 -0.652673599001227
0.0962349497031833 -0.365833781893718 0.000877120078560309 -0.448926337012201
0.027320852625963 -0.3664719256769 -0.0810453966745954 -0.302115839847054
-0.176549440831373 -0.332165269644792 0.0129881463594975 -0.051130098390717
-0.309508151798079 -0.167417410573931 0.0717200646802533 0.0744667446931193
-0.284857080568542 0.00652929808789163 0.253242076113904 0.066763615137631
-0.237935710027655 0.113651389340831 0.358736623882087 -0.0871718669017188
-0.169577725383515 0.203671579843835 0.341164678928928 -0.201955521123815
-0.133544536693027 0.213783683201802 0.318617092369969 -0.243630165871896
-0.156391059284117 0.238971760872111 0.310297067016082 -0.249193587895063
-0.245623656672003 0.171013998180023 0.303806400065386 -0.176594815362983
-0.298609552143877 0.0840849911394139 0.239657881056081 -0.0518772876028341
-0.382140794855614 -0.0768111775265685 0.0502804782353111 -0.0445753840611484
-0.281283155382122 -0.283862211793881 -0.0363611580375273 -0.214921515968338
-0.0394045399008784 -0.381367530065433 -0.0401414253695977 -0.426273280339825
0.0908363663129435 -0.385944468863412 0.128424331085151 -0.583762054803576
0.0955501291462099 -0.549828377269111 -0.014255048333258 -0.292292251900361
0.0268214523962365 -0.558018374956196 -0.0554241983835572 -0.21675545154038
-0.248996316027593 -0.525009276909272 0.0350200920705402 -0.0336847851881398
-0.460037223856113 -0.312643579360651 0.0640982793237924 0.0799131430121689
-0.463451740880593 -0.0528131789204987 0.203289290539132 0.0710026875218756
-0.40519142492182 0.137219544018471 0.286446068365833 -0.0423505601355509
-0.306850943188241 0.290483065131376 0.253961309236657 -0.125572629590168
-0.234518356843852 0.305369235932702 0.227207385504917 -0.145854756984411
-0.249030207739832 0.343853083280413 0.21421760081306 -0.154282547269993
-0.368513787131266 0.252298589397602 0.210895965046869 -0.101422623732668
-0.437976507535395 0.127374481865663 0.160021008083848 -0.00590015789721057
-0.554814657657949 -0.0847846438462085 -0.00299633543764038 -0.00709377789470678
-0.450302764945928 -0.374532155546476 -0.0788493841769718 -0.165595493179262
-0.145056456634634 -0.561277827589501 -0.0792412475057876 -0.328479491564258
0.0534382662363536 -0.61889458621747 0.0478346468925301 -0.422681233797482
0.0767466234608604 -0.665745277473229 -0.0616246900630563 -0.0805663020579505
0.00418046121163961 -0.690620483825843 -0.0498373225003844 -0.0740589111746052
-0.313996627198827 -0.653584233170944 0.0529395834254568 0.00508255230564533
-0.572250670709685 -0.411848432516544 0.0487339670206319 0.0723022724944609
-0.589334989817592 -0.0971837848503266 0.113312320549739 0.0548573604780003
-0.518148552730002 0.144614222665801 0.157423855322493 0.00290341719367198
-0.397960959467122 0.335645644631817 0.119617163977146 -0.0324356630828606
-0.29750613126375 0.351416453090046 0.102712439468135 -0.0255831705860482
-0.301388756072463 0.394896175554898 0.0958521906935628 -0.0329224042863191
-0.4326474832449 0.297627781584207 0.0991812505508015 -0.000332411219640136
-0.510605901284585 0.152690004098248 0.0665555496458538 0.0570253876033412
-0.641864966206062 -0.0767823245357482 -0.0477835420887173 0.0411480185634116
-0.551260494616821 -0.399560942626926 -0.0915987539052821 -0.091459032844188
-0.225295171339648 -0.642679187945906 -0.0724449950375584 -0.187086917376832
0.00443232859572534 -0.749422653229812 -0.0013994236923644 -0.200740639699441
0.0382601027537863 -0.683202281343128 -0.127316593043762 0.15681234899644
-0.0372533947493226 -0.715337057038094 -0.0580966263698877 0.103955962058115
-0.347553282639273 -0.67189559282732 0.0533741671188856 0.060041328005739
-0.599589134129122 -0.424331211471877 0.0154134126958383 0.0590892953237078
-0.614347939250788 -0.111868661050747 -0.00951799980559099 0.0349589499081342
-0.54360639572316 0.135648617070431 -0.00924798804910453 0.0522516573446479
-0.423541818263923 0.332525138421209 -0.0392840284551885 0.0702768405346311
-0.316690879469594 0.344005251078947 -0.0362462003541046 0.0991974119390916
-0.315729548544789 0.3818016779175 -0.0301142133524134 0.0920759313877609
-0.438407710021916 0.280515894176245 -0.0189675968657215 0.104342300507197
-0.50549451024393 0.130024415589743 -0.0328388409944382 0.116089614749611
-0.613693710086474 -0.0893614818133831 -0.0849430693671387 0.0807568309821935
-0.53358319777248 -0.381239161484011 -0.0825789480319922 -0.0181910522360721
-0.243360026727858 -0.621147037040914 -0.0289109154800568 -0.0363759446661404
-0.0352898634047866 -0.756041833420555 -0.0181448897023373 0.0413827102061764
-0.0154688419568997 -0.592917951695782 -0.190314778720567 0.380562164115774
-0.0830778192299947 -0.604991593875533 -0.0685692805331183 0.278519608522169
-0.3218498268219 -0.550916074891713 0.0336625717873396 0.114334573281177
-0.504351706628404 -0.345886080200605 -0.0325733636037839 0.0485281491046177
-0.517430268499317 -0.100440010109692 -0.135715246646249 0.0235200810766767
-0.467156263019635 0.109084508947347 -0.176448597831262 0.104172171564228
-0.375274108799664 0.280693214872457 -0.19210026913511 0.16727358106797
-0.288087110075775 0.284823495553461 -0.16969301843922 0.209675999125239
-0.29266154641777 0.306366936256166 -0.153376044472209 0.196085274839577
-0.391620060476371 0.206623660512644 -0.133705902895162 0.18116541704405
-0.428420545063317 0.0623489355460616 -0.128352642335962 0.142669429677528
-0.47787418232168 -0.120540226669883 -0.114678092931169 0.0896201828472261
-0.406458061401731 -0.326267761372157 -0.0638152783876228 0.0343493880364158
-0.193148766589127 -0.508720755058538 0.026537439592277 0.0915565747828794
-0.0522159714221954 -0.645878958923946 -0.0175564730411206 0.259185893324185
-0.0661075549066374 -0.403979053456768 -0.232304450721893 0.550991775751529
-0.108594182256313 -0.379365298312378 -0.0683733317572963 0.412682683656726
-0.226247527625485 -0.327749647426314 0.00712989969101149 0.160958256257594
-0.310780754725209 -0.202445115168341 -0.0720851667024441 0.0463266991574205
-0.322269099573705 -0.0733185454846826 -0.230669807851017 0.0267741800283754
-0.310967452153253 0.0627622768944587 -0.305020778341219 0.152890230585811
-0.266367697774617 0.18229421596439 -0.309185754519037 0.246357128949751
-0.217477989263878 0.181193574656605 -0.279585870540716 0.288608333722257
-0.230494668512754 0.186731957740672 -0.261500434347372 0.26023101633232
-0.291799121695036 0.104518213302742 -0.237769702479716 0.205758358216974
-0.294357212772702 -0.0151139585758276 -0.209376193797753 0.11965329435957
-0.277739508994258 -0.13458981916747 -0.132086274715722 0.0605254408825696
-0.224257082037391 -0.228715446996782 -0.0457407097648325 0.059823265829893
-0.11495443673969 -0.326909374615375 0.0694264161427837 0.182929254063663
-0.0595430527492783 -0.444229575592071 -0.0113904660232324 0.423957561359292
-0.0979925374345774 -0.148836348515755 -0.243130709582869 0.641271156285502
-0.0942269494322624 -0.0964062550791185 -0.0486120745328994 0.489899980780383
-0.0788123156231909 -0.0709926405911146 -0.00644104477225161 0.195748537422253
-0.067216561822122 -0.0559536099864797 -0.0867695198821301 0.0493487076172134
-0.0877576844070769 -0.0540203584132092 -0.275692783540617 0.0379702404540438
-0.115062481884795 -0.00455791954860637 -0.37002650256506 0.190241504128365
-0.122477497421447 0.0496160317771737 -0.368874069415737 0.294428622892171
-0.113393448302123 0.0516610566797528 -0.345252150827294 0.322320300346917
-0.126745682176514 0.0499163146005994 -0.340920536914115 0.277270471488373
-0.145817666250257 0.0066184183498122 -0.317746998650527 0.181068968174434
-0.123859074179725 -0.0588103328401467 -0.261840197567953 0.0559512192386215
-0.0663255834185053 -0.0928569440528104 -0.130601122871222 0.00803442386922083
-0.0521105719076346 -0.0820770195845419 -0.0274997417371989 0.0665194313762268
-0.0589202563585183 -0.108032720205085 0.0901430997632524 0.238192691781531
-0.0754931740982975 -0.190013148556813 -0.00154816503532239 0.518379076841479
0.0903049010350035 -0.143334229373664 -0.0494442375384644 -0.5502584140272
0.0284998855620537 -0.152617346601904 -0.139759083895845 -0.330134932622424
-0.0946146884357758 -0.123503627767174 -0.00810610675631497 -0.0556247396687007
-0.14213257246524 -0.0171164022042003 0.0850769491187762 0.0478574637297062
-0.088737235978385 0.0596603007373198 0.277494909466277 0.022260759713959
-0.0514681246608148 0.072957687264029 0.372916827697563 -0.156507179103011
-0.0123104921035277 0.0888379383234621 0.367605652903622 -0.281378004678544
-0.00708112071760888 0.092961244827031 0.356748335251613 -0.334948016446406
-0.0221069692321786 0.107342658447417 0.359109850403063 -0.330864198441358
-0.071145137052359 0.0884277043295554 0.357387989452066 -0.242770501120204
-0.112635096759484 0.0672798731983737 0.29729959152254 -0.101038156940172
-0.173746137260026 -0.013121725004194 0.107015278456655 -0.073360203862907
-0.10825160890472 -0.127900311559448 0.00703104525734076 -0.231588841805123
0.0333750943870467 -0.137009242601268 0.000521987354157169 -0.467132630019123
0.0889407901116101 -0.0976886579463642 0.19047417123652 -0.676468650039881
0.0779552503326806 -0.374615397564558 -0.021436933902266 -0.463490046418664
0.00900315784297989 -0.373215554196068 -0.100374983137332 -0.304125201207217
-0.20031796334084 -0.326630675335805 0.0113657268869917 -0.056732287748142
-0.327250702051489 -0.151943399744582 0.0795096569613476 0.0709367183808624
-0.293509215727599 0.0248409528835816 0.267307359280463 0.0524244575953573
-0.23651193718082 0.132123487401461 0.363488289197777 -0.112274844360173
-0.162098948603022 0.218403787641614 0.342875266950792 -0.226786209678634
-0.124053162535756 0.225531174076849 0.316988380977043 -0.269718267386774
-0.143985436870132 0.253418287513518 0.305520299843171 -0.274161244889499
-0.243358915894283 0.190889710572207 0.301994543260421 -0.197893927207118
-0.303247439073031 0.105133888617379 0.244721733493029 -0.0685969650411454
-0.396499902068061 -0.0544320440454586 0.049779904835717 -0.0501488673431238
-0.306285450103061 -0.275928344239574 -0.0515507762872308 -0.218731201013716
-0.0635961813209254 -0.388862380680536 -0.0664610301273622 -0.434101933036062
0.0675547862231993 -0.399194546289288 0.100217687229674 -0.602091169606265
0.0694941112810768 -0.563749023162581 -0.0276316344622327 -0.302344654302251
-0.00327841617528014 -0.570943637512783 -0.069867930332152 -0.218603216288325
-0.286470227131942 -0.520193333981433 0.0357515777119446 -0.0410813533454321
-0.490815759179606 -0.291880327984466 0.0723705102901648 0.0771384494649381
-0.482017960666573 -0.0254995973365271 0.216819571577082 0.0595348915811891
-0.4070275650055 0.166665933161235 0.2928184283443 -0.0642790141916223
-0.297645290144203 0.313973162225449 0.258589430429326 -0.142042516580868
-0.221302293021242 0.324827832021783 0.227424427657906 -0.163676201506166
-0.232514510528771 0.367170228700775 0.212253398920403 -0.170666260484128
-0.363911088780883 0.283347339324711 0.211601339031726 -0.115193812669483
-0.443507904608952 0.158362883963722 0.166921448533026 -0.0163399574236728
-0.574496619090094 -0.0522909604751479 -0.00316858908083265 -0.00830852214346095
-0.486080074085852 -0.358194366868551 -0.0914017447488912 -0.165215969609729
-0.181112577689679 -0.56765954347587 -0.0998194562798729 -0.33218275080361
0.0141728662259351 -0.635481600380375 0.029017689514572 -0.432097637524057
0.0456310297633185 -0.680477966350571 -0.0651700671625528 -0.0829315832210221
-0.03445096721793 -0.706295257344966 -0.0553565769043162 -0.0733658705785548
-0.363176238262451 -0.64839850140731 0.0570399693430369 -0.0010880998164198
-0.613033906246665 -0.384054560100317 0.0560918283586994 0.069506495689501
-0.613681695513485 -0.0622542974591881 0.124246033774361 0.0471526429047876
-0.522922498282074 0.182037747127965 0.164117606925076 -0.0119329572807309
-0.387718046329894 0.36691613906505 0.127092715476855 -0.0375348202159647
-0.284765782882159 0.375123278326524 0.106076759355792 -0.0316633229309801
-0.283580337999483 0.423252734795025 0.097359028648604 -0.0397004667357705
-0.427063882304438 0.331755778621421 0.102248962514118 -0.004764166931648
-0.51716953543335 0.189336422261595 0.0751673923156321 0.0536432194828249
-0.663351869663297 -0.0400440202992634 -0.0464094180797874 0.0438969787530985
-0.591107980315861 -0.377535470108044 -0.100259944252752 -0.0877383130261863
-0.268405199914244 -0.645830694283436 -0.0848167804905051 -0.188683779903761
-0.0462036269723099 -0.765029227375293 -0.00900130332002909 -0.201166977922161
0.00646070208382059 -0.698333403565868 -0.119927096140203 0.16433205713131
-0.0782894804578011 -0.730929460805567 -0.053002999244934 0.110188720810695
-0.400809878598503 -0.665742802179698 0.0613102531530052 0.0551446510660399
-0.643770469048613 -0.398198725084727 0.0213695608067755 0.058207871537645
-0.641878300337731 -0.0771142251248651 -0.00358965031873716 0.0329290246598072
-0.549170286326698 0.174877434745318 -0.0044299558264168 0.048030811117378
-0.413490727831428 0.365286864844907 -0.0307232115617198 0.0770541842032623
-0.302493283453946 0.368684800344974 -0.0314695195431895 0.105123072357704
-0.299721575315566 0.410060109289461 -0.0257132589908577 0.0961725158539342
-0.434170999518234 0.315076567309685 -0.0120992114637163 0.109389274084006
-0.513261575607325 0.166535577663568 -0.0227763673273519 0.120264644680388
-0.635590550112191 -0.0534593769745183 -0.0821806764400015 0.0865607976534131
-0.572598048062267 -0.357781568659792 -0.0855798752279627 -0.0137212173273674
-0.286183947323579 -0.622238615865393 -0.0316465430397802 -0.0378407878472805
-0.0852665889428893 -0.769134972693962 -0.0136376806820768 0.0468210262000479
-0.043966851411396 -0.603774260844065 -0.173168696681283 0.398250852156795
-0.120341653951744 -0.616225701221955 -0.0541542692696739 0.288494558942877
-0.367159524713849 -0.545789880527707 0.0443304367655898 0.113511340128473
-0.543779879762693 -0.322449358298855 -0.0282335583251847 0.0507003138953459
-0.543540590647756 -0.072062284868107 -0.13520981514843 0.0293356437569558
-0.47274987468267 0.140455092683492 -0.174325349273324 0.112141768247947
-0.36586742830629 0.309754026069112 -0.183529590172467 0.185982898767409
-0.277751279945945 0.307165444797525 -0.163629972962716 0.226668564990102
-0.279313709620619 0.329630682239021 -0.147088493650468 0.209949294526313
-0.389315343428345 0.236510190038084 -0.125926339622471 0.194087875007871
-0.438335699415945 0.0913653705474857 -0.119777963696085 0.153173240591783
-0.496947309649483 -0.092635327835722 -0.111674068482741 0.0976050544105229
-0.439873688727829 -0.309670848862329 -0.0629731927779206 0.0394440435578068
-0.22846027448862 -0.510044628568205 0.0319941778893843 0.0898735759509774
-0.0972252342018321 -0.655010656748312 -0.00133285521562083 0.269859139798436
-0.086530789182925 -0.410612376920332 -0.207813933154443 0.575968713447579
-0.134531113030863 -0.384881482370922 -0.0451629140203006 0.425570885517616
-0.255621899736428 -0.324031659096629 0.018573713064411 0.164132680354902
-0.333601101278503 -0.188755892591229 -0.0707711721100279 0.0510740369388719
-0.340348543723558 -0.0567089600097263 -0.234519212444357 0.0380309999385916
-0.31613711081203 0.0823858237455395 -0.30374443740844 0.170901463665534
-0.260941432342434 0.202337533132884 -0.300429411414642 0.274350356048248
-0.211218718655454 0.197925524779133 -0.271760223296327 0.314439041387609
-0.222659379656743 0.204899592905118 -0.255258616702926 0.282692175087213
-0.291380409857343 0.125150732498124 -0.232099820373153 0.225262256191474
-0.30387646063852 0.00414739813178179 -0.20549523067914 0.134730895554709
-0.293060188724732 -0.120068972193116 -0.131776595227877 0.0693071050691991
-0.245663484518835 -0.218593053881096 -0.0425380971414074 0.0639695699211265
-0.138206853029037 -0.327901899681131 0.0809473900082302 0.180482640488276
-0.0903959085920109 -0.449139520750796 0.0127154430438969 0.43666175551705
-0.105624767375101 -0.148484520921328 -0.216078503631253 0.667911153025295
-0.102766512507757 -0.0958090256761389 -0.0220298522699663 0.504041331589493
-0.0880564901643681 -0.0700994944150103 0.00639838924430185 0.201094506167166
-0.0736907822995036 -0.0540888856795641 -0.0867242627305971 0.0548807767540981
-0.09586404694512 -0.0513128698683174 -0.282257900845075 0.0535319528661955
-0.119209218939674 0.00150831924267003 -0.368667578757658 0.215582961331431
-0.121582932004423 0.0578608638605431 -0.361091609476715 0.325443489991018
-0.112821857713199 0.0595196584329953 -0.338614261994142 0.353994794329639
-0.125989696392407 0.0589624088366757 -0.334720687544662 0.30486737738724
-0.147997226725927 0.0168186132476149 -0.316171304819693 0.203531910272296
-0.130781836294982 -0.0512630852139373 -0.264661614713087 0.072338145162892
-0.0743815242899938 -0.0898169430647659 -0.133482867724837 0.015983752171067
-0.0603982903932509 -0.0789019309127821 -0.0227864513876977 0.0700249563757146
-0.0679024095148596 -0.107075559145216 0.105636419999631 0.236066510187337
-0.0901709663822867 -0.189477275794048 0.0269838418396033 0.533798089614463
0.0778939013409966 -0.147179160458901 -0.0885360230336309 -0.547855384347114
0.0198435652090752 -0.151581180914006 -0.16619125955827 -0.317386093521524
-0.102027910150672 -0.112837712464472 -0.0130481597054552 -0.0574625600652662
-0.142056896668947 -0.00480569970784846 0.0887017853211509 0.0402978334727816
-0.0831090714059724 0.0677688029797587 0.280813517369724 0.000328284323201399
-0.0447167427376807 0.0785921934054761 0.359365105996347 -0.18663649439199
-0.00660110650339593 0.089038564735853 0.347160099488743 -0.31185133349185
0.000231957956184657 0.0924194645385175 0.333317591288718 -0.365949896220157
-0.0136558359280591 0.10863446727212 0.334690007868821 -0.360018311456149
-0.0650203737157545 0.0945677095286212 0.339636965631104 -0.270496202818037
-0.107378699643721 0.076399786191849 0.289395027533532 -0.126382586977352
-0.173778996981347 8.12944737975732E-06 0.101181599419712 -0.0823899629774102
-0.117771729792167 -0.120764555854695 -0.0127413273649825 -0.232426116206748
0.0234301798376667 -0.13918945231047 -0.0347281886900724 -0.463707183425722
0.0798757986374395 -0.103139305423582 0.14091435338927 -0.688100923796287
0.0504935304833182 -0.376613930303479 -0.0537833045208687 -0.462804587128607
-0.0167031269429145 -0.369985251155223 -0.124938978921423 -0.295390402769426
-0.224555076457679 -0.306228607442795 0.00692336560200466 -0.0611132021666126
-0.337927965195332 -0.12350883397295 0.0853730324087192 0.063159091331429
-0.291440589555559 0.0493640603156368 0.273714551657251 0.0303656872690951
-0.224918773735714 0.152680674715794 0.35429038438337 -0.143848361455832
-0.145790000386634 0.230515229953678 0.327913784348838 -0.254616465236495
-0.106468457634051 0.233386968276287 0.299304678658287 -0.29637945570462
-0.122095683361804 0.264347846817138 0.285160562084166 -0.29761844437203
-0.22824878872537 0.211536400644228 0.287199025756134 -0.220981574963043
-0.296348145055101 0.131056050872232 0.240960748587052 -0.0891008969109465
-0.400007458690271 -0.0225244684508895 0.0453659354300261 -0.0556791807906765
-0.328935754274619 -0.252585727883153 -0.070414386919579 -0.214350024869286
-0.0942416917088087 -0.383844620888691 -0.099145739067214 -0.426768986891922
0.0328273676067476 -0.401269863185011 0.0580048433514613 -0.603350386735349
0.0281644833120985 -0.565086258511099 -0.0472098428502254 -0.303085790981495
-0.0454752485965891 -0.566201246193754 -0.0861690988491587 -0.211873159708829
-0.32786851276912 -0.491247217940669 0.0334382034785073 -0.0475637312665644
-0.514367087751205 -0.248269586917128 0.0795996867010667 0.0695099704135206
-0.485571390476796 0.0157774612191492 0.22519502444852 0.0391148598409019
-0.392420655711667 0.200469069207761 0.287473835046394 -0.0919850630933772
-0.271818161429001 0.337511287785061 0.252167253847515 -0.162714522755399
-0.195423843686318 0.340043449458576 0.217546596917544 -0.182669184929117
-0.200482791071816 0.383476042584188 0.199713051602446 -0.187227037787201
-0.341783471091921 0.313545142420958 0.203654746189149 -0.129980731120732
-0.433562002868681 0.196320110643673 0.168934903543673 -0.0310803642893695
-0.577992590560808 -0.0052583169965313 -0.00413763003528814 -0.0100387084745716
-0.516575528391563 -0.318729476738078 -0.105483394017098 -0.157300635292766
-0.227490811132534 -0.551766338733024 -0.125213644507493 -0.323755177109881
-0.039863388805227 -0.630523382888325 -0.0014888245603098 -0.429836756190516
-0.00283061828457465 -0.681993975208207 -0.0676219584774183 -0.0822433485122378
-0.0873220686780179 -0.700101602749064 -0.0595813703617754 -0.068190987814781
-0.416095218370234 -0.615145023005656 0.0592447030034772 -0.00985697469174239
-0.646041227388203 -0.332173890255438 0.0638429454374041 0.0632568021020961
-0.62209929670659 -0.0111047678783831 0.131319998478347 0.0336075032389969
-0.507167454082627 0.225342966543581 0.162317934190587 -0.0307407172648056
-0.35662749168057 0.396114328197716 0.129335628319173 -0.0463128666470306
-0.254109574887389 0.3948387169047 0.105658474009609 -0.0400773972542329
-0.24594109803004 0.443342546654892 0.0939466673323699 -0.0473407825155684
-0.401670385733618 0.367642351512782 0.103738110217339 -0.0112540204981124
-0.503401712265484 0.232861522331384 0.0834575919727527 0.0455717925110235
-0.666249920775716 0.0153692464584515 -0.0432276914015579 0.0455555945707052
-0.624234003868616 -0.329895200004305 -0.107929719328555 -0.0795915034441031
-0.322207433707276 -0.622965156982621 -0.0998160025231567 -0.181709113550481
-0.112907042997235 -0.755747959897178 -0.0213562369589878 -0.196729070159788
-0.0423497905145428 -0.696193405065017 -0.105192706691171 0.169486463052884
-0.13374102670562 -0.723549229111019 -0.0429788973869206 0.113871886644599
-0.455359223067111 -0.631268240549947 0.0684000458967285 0.0472855429334935
-0.67713400669393 -0.343384870512476 0.0282024859762018 0.0550317672305123
-0.652185780161007 -0.0230583644309931 0.00229978985988995 0.0297077677181404
-0.535021902966413 0.219657397778448 -0.000851409645495687 0.042755012822054
-0.382622401221071 0.397229362076721 -0.0191819508003452 0.0812732436026434
-0.273023892458613 0.390975336390843 -0.0220165230529756 0.109001205739386
-0.263043367492446 0.430917508861038 -0.0193705695072607 0.0983605912373755
-0.408850013824039 0.350543346017391 -0.00221665298161472 0.111583169653291
-0.502137788797442 0.209146993554199 -0.00926395982314632 0.120598184135908
-0.637949111488797 0.000871431647072082 -0.0752992808972957 0.0906563436595595
-0.60402578219968 -0.310715619978061 -0.0862296333639165 -0.00660434413083047
-0.336629010983091 -0.598648893833587 -0.0357002879854716 -0.0366834048823054
-0.152977144925729 -0.755515692100794 -0.00680171665906266 0.0510462567612142
-0.0851536652706168 -0.601126927036679 -0.141062434434825 0.406927692085916
-0.168183518335095 -0.606683829527114 -0.0296427883514427 0.292613417197757
-0.41354460468772 -0.516749734034821 0.0553710245909712 0.108658530032116
-0.571892307203752 -0.27678836184638 -0.0226922149652599 0.0521460419994132
-0.55226100966474 -0.0257481324485392 -0.131797979443182 0.0364508775567572
-0.462291031837606 0.179965519278564 -0.166183976289955 0.120917261745501
-0.339181903707183 0.337777647813072 -0.164008279825775 0.202807654260495
-0.253105734688883 0.327121770654095 -0.145708377693956 0.242132418346214
-0.250261498469106 0.350244020147026 -0.131713662312299 0.222387313758741
-0.369580592638562 0.268624820406302 -0.109459489739063 0.204721421627222
-0.431769278217211 0.129082590748449 -0.104116530638782 0.160909641955935
-0.503977530769867 -0.0518177455663212 -0.104501584107485 0.104810197838344
-0.466136791820938 -0.270717514651443 -0.058627973342622 0.0443218407478425
-0.269362590765982 -0.490147556353619 0.0381431322710487 0.0848660284726767
-0.152786920453542 -0.641904156045848 0.0220793706637748 0.271843634261284
-0.113934358018822 -0.404962301653528 -0.164859524727546 0.58940988883422
-0.165484375942354 -0.376245377949776 -0.0105922012565849 0.428402121955776
-0.285312707694267 -0.304073396195443 0.0335015920039476 0.161414238546117
-0.351298266867547 -0.161951651881227 -0.0654945545095652 0.0556780536856733
-0.349491986647257 -0.0285566938912678 -0.231896216556118 0.0540393673387429
-0.310943483665634 0.109025251883588 -0.29085150231896 0.191852606226217
-0.243087260094514 0.222180930752823 -0.275689208607952 0.300516821717678
-0.194988656670912 0.213672855272344 -0.24861180415188 0.339500324595953
-0.204237566808589 0.221908849952458 -0.233952201582343 0.303579614895114
-0.281228064568943 0.149786402832754 -0.213773813441769 0.243234279798672
-0.304417410586123 0.0297597318854436 -0.192265299560769 0.149246176938862
-0.301997780464633 -0.0943859666006664 -0.125850548733621 0.0787743622596504
-0.265024811305844 -0.196130801649269 -0.0358548907724113 0.0670669123984024
-0.164940929400367 -0.316042929080716 0.0937483518835629 0.170852826906798
-0.129399273360058 -0.437793365551544 0.0470877857221114 0.437333808884119
-0.114147494167716 -0.142559081070538 -0.167268072596426 0.683249883273133
-0.111848912946403 -0.090120860506085 0.017369272290392 0.50386346551967
-0.0969843525917033 -0.0643652424748484 0.0233925627064921 0.200265257705252
-0.0800038632127002 -0.0484707290850318 -0.0821505218957594 0.0614100484064325
-0.102694979419448 -0.0442372396536572 -0.279748577645164 0.0749583129006477
-0.120657388662514 0.0110276560204373 -0.352188082192789 0.242968499980767
-0.11556342056006 0.0672299921004037 -0.335127430095704 0.356501972402264
-0.107701135928457 0.0685221950546147 -0.313030179686906 0.383574788502396
-0.120226883841468 0.0691385796641067 -0.313403928603467 0.332476725313871
-0.145513001070478 0.0293307287822525 -0.300016406148889 0.228326323295227
-0.135260691539547 -0.0394497644134816 -0.257957321143068 0.0928898840727271
-0.0819011296094389 -0.0816050381911614 -0.131329635813252 0.0265060606622496
-0.068449238448597 -0.0715343853672822 -0.0157590108449609 0.0719061401668265
-0.0776034573816269 -0.102094338306303 0.122095647826322 0.22424459498728
-0.106268063577305 -0.181863880645429 0.066321417681147 0.532907325304321
0.0643340935717618 -0.144320279645593 -0.119937891642079 -0.521805690315193
0.0124768734168064 -0.145491230475503 -0.181826418705695 -0.293304119779264
-0.102657491170513 -0.100617056572523 -0.0175974816892433 -0.0569132442930444
-0.135668563627562 0.00563685608171141 0.0877643544905213 0.0320438997538313
-0.0738232854128688 0.0710981758317909 0.271525524276477 -0.0197840265572307
-0.0367573124078046 0.0798882117239544 0.333112866344522 -0.204485680910652
-0.00140621086828684 0.0860112945516954 0.314808152208084 -0.325451163128109
0.00606338755982869 0.08828912014566 0.299845790833081 -0.377170744692158
-0.00518015021632063 0.104636233201888 0.299160654497027 -0.370597453957665
-0.0568795248854388 0.0953536989740544 0.309120940621088 -0.282968136595422
-0.0983852130253698 0.0816858818890865 0.270353459737689 -0.142507936670378
-0.166664209827326 0.011497096839104 0.0908107668030069 -0.0864623934728829
-0.121294984032626 -0.109374556018211 -0.0295697984615144 -0.222395729402384
0.0136035660464429 -0.134950298013701 -0.0628290259736012 -0.441488729624522
0.0691347444153023 -0.102448373169436 0.0943976310256188 -0.667903284792273
0.0247782325798458 -0.362810930177659 -0.0794516668781889 -0.445254896144371
-0.0367876284734218 -0.352722398720473 -0.139620287414096 -0.273521150189357
-0.234811892802869 -0.276078501365542 0.00145753149570663 -0.062465199245235
-0.332973342249813 -0.0938004430276226 0.0865046502617314 0.0539884863227115
-0.277280718426379 0.0696427211186192 0.266675782973129 0.00804065045535282
-0.205109419945614 0.163922688555981 0.329258656687586 -0.164937722897527
-0.124567076256584 0.230702430345479 0.301795802495718 -0.268247675977876
-0.0876607574951165 0.230881120716802 0.270795551633235 -0.307830424008459
-0.098528437687742 0.261069983962679 0.255514620454591 -0.306019910582045
-0.205693049128926 0.220223820829693 0.263339553649426 -0.23082910617523
-0.276906277648566 0.148154757515453 0.227579617071699 -0.104163528590779
-0.386389236382606 0.00585485934607719 0.038979529789305 -0.0575116206046554
-0.334785612873351 -0.220655968663345 -0.0832526884902297 -0.201874045097748
-0.116153539592397 -0.36158121546217 -0.122118862556052 -0.402533797731219
0.00294731407247824 -0.383760566702788 0.0182240430800957 -0.582406106454732
-0.00789853961993487 -0.542089057081806 -0.0622234946674313 -0.291866039236363
-0.0763883078387104 -0.540455012133197 -0.0966467463692534 -0.197606680552089
-0.347341199264198 -0.445877489697534 0.0285969086414003 -0.0515927638849231
-0.511397482186594 -0.201607366849347 0.0815594159411854 0.0598157927946873
-0.467751469252062 0.0510778068526507 0.221044008712228 0.0191217866542386
-0.362564657959759 0.221716133370272 0.268773926348762 -0.112230941271851
-0.239238087651316 0.342349496711899 0.236183799392919 -0.174896980666297
-0.16623058193661 0.33892516904349 0.200647413873797 -0.192019044468336
-0.164621319635574 0.380899124027241 0.180796194402946 -0.194348361415948
-0.307695460265989 0.326717649553476 0.188815812110929 -0.137983141306538
-0.405731265381834 0.220348627870066 0.162898963760116 -0.0439903983101521
-0.556909122637317 0.0362777258739939 -0.00584335395549837 -0.0101204795498939
-0.521089326398764 -0.270590762647615 -0.112481746051681 -0.144104767176852
-0.25640220284118 -0.515342423790801 -0.141476834954982 -0.303444383409698
-0.084431707750319 -0.597858851928083 -0.0253912457353923 -0.410415963402453
-0.0431142175507457 -0.651826926434036 -0.0671996817542741 -0.0785197513920649
-0.127204077206575 -0.666288831007669 -0.0602664497755704 -0.0618581864985219
-0.442429211076772 -0.558227051660511 0.0568552259136489 -0.0171102060559112
-0.64442991649631 -0.270909686985923 0.0669216325624411 0.0548245307516728
-0.603168179624869 0.0357561013008878 0.130451859130343 0.0200477620639551
-0.472244844814328 0.252004846243296 0.152480368196191 -0.0452492723725694
-0.316561096651749 0.405779095677182 0.126729992435213 -0.0539332475459781
-0.218997672540528 0.396992858968351 0.101303702852401 -0.0458381270923915
-0.205184362563229 0.440897025212495 0.0870754143984962 -0.0520116136183067
-0.360319582216138 0.382266986919546 0.101801903180406 -0.0167306743917365
-0.471579107901504 0.262693761586637 0.0862345290601844 0.035575638314084
-0.639862826277168 0.0617421563969204 -0.0403211360367324 0.0460012971652093
-0.625723182270605 -0.271964615783475 -0.108676625355498 -0.068901371492414
-0.352216233594344 -0.575497758874724 -0.107653235404956 -0.170188551659356
-0.162713293924738 -0.711645431132221 -0.0291978661215203 -0.185202016878492
-0.0827732740834941 -0.666786718760522 -0.0867411102152054 0.16481348122935
-0.17481534975503 -0.68735712720905 -0.0314372724640603 0.111869223844116
-0.483986499292397 -0.572769108389397 0.0708447871488954 0.038032907211317
-0.678493476377117 -0.28069264039179 0.0325566158639471 0.0497711651507628
-0.634253495266156 0.0267870125568675 0.00525699023044456 0.0248710420454465
-0.499574417310857 0.250214456928504 -0.000146822433062815 0.0366742873602492
-0.339252608976192 0.409187895135892 -0.00809547628104092 0.0799109509852858
-0.238203496848346 0.393352013686637 -0.011821413589149 0.10737269000319
-0.221777811931358 0.429636024426493 -0.0122840056563952 0.0967090659212908
-0.368378157730089 0.366350181825092 0.00731915064823029 0.108514939776068
-0.470272637466381 0.237715527344361 0.00253148298720989 0.113737404889988
-0.612535280976367 0.0452491160387916 -0.0680857270443195 0.0913941532449182
-0.60414102091955 -0.253608136603624 -0.082376224950198 -0.000626226169528664
-0.364483139005354 -0.550836350783772 -0.0363735129103607 -0.035020197444125
-0.200287596126837 -0.70834987306899 0.000276260164993757 0.0517651926679652
-0.116812915108619 -0.574011816367303 -0.108054474485425 0.397400071793042
-0.20089330482318 -0.574183511430461 -0.00670272781678053 0.281147236303644
-0.437373294596589 -0.466702918031628 0.0631369391632885 0.0987165880754775
-0.573516939504238 -0.224840773094503 -0.0162545651616824 0.0505283173077365
-0.538489891668247 0.0172432121205248 -0.123703620029221 0.0416064405118671
-0.434906221940799 0.20659395339217 -0.152670926447264 0.12411578327538
-0.303154357183524 0.347627384950292 -0.140301209425139 0.208436782804131
-0.221322739545667 0.331708767032761 -0.1228497591646 0.245229015654434
-0.21497435165345 0.352435115848734 -0.113101799245412 0.224311486476524
-0.336127917472514 0.284723359339587 -0.0899548407430059 0.204590649155211
-0.408287664097314 0.156106702661925 -0.0865547053118921 0.159416295447204
-0.488482024539102 -0.0136754330367423 -0.094529927812309 0.106973697421703
-0.4693679791423 -0.224891192964586 -0.0527099226258435 0.0460216199838216
-0.294516053469725 -0.450876252031786 0.0422290666084455 0.0770883942173259
-0.193268935061701 -0.600802537015226 0.0410452263885462 0.261986121273889
-0.133068617664404 -0.384514557791463 -0.11919103469519 0.574946797738541
-0.183809868223486 -0.352663634895899 0.019402639400501 0.410393417939089
-0.300183566764917 -0.272345182345077 0.0452158106024444 0.152599195959061
-0.354174686405787 -0.130056094051929 -0.0573025058931837 0.0572952494938907
-0.34236620416072 -0.00135899423183464 -0.219903700779111 0.0662975832158864
-0.293763797458472 0.127789354474461 -0.268107702489124 0.202544103000939
-0.217893794452886 0.230258383233148 -0.242679433672372 0.310651364762998
-0.174046597209476 0.218882239915998 -0.216355695322376 0.346738097938107
-0.179326211167826 0.226534903595398 -0.207037349850211 0.309306282058486
-0.259236765843855 0.164361044047194 -0.188743703421294 0.249489153185923
-0.291875305970837 0.0516033265006644 -0.173181334518307 0.155300416465899
-0.296596175053441 -0.0678887846447784 -0.116244131250912 0.0829730071242043
-0.26939096432976 -0.166785841430708 -0.0282340517440119 0.0663031179914723
-0.180981979530373 -0.291490402148584 0.10036319970611 0.155874447610323
-0.156739641421097 -0.408569951298983 0.0753106031163244 0.419869845700023
-0.117131875167221 -0.132473078849752 -0.118481343702745 0.666912772470255
-0.115026307448477 -0.0811586985597875 0.0513972511765271 0.481087196042654
-0.101671422867211 -0.055214507699373 0.0378807500458865 0.191040385194388
-0.0829448712157941 -0.0408286974607282 -0.0744527520646196 0.0642969644656081
-0.10518390967154 -0.0349915347894326 -0.265933672080796 0.0914009904392427
-0.117329668272162 0.0189417790781182 -0.322793455205823 0.258009668471211
-0.105545903453564 0.0721367958238974 -0.298421507431516 0.368015806411153
-0.0990353179355949 0.0734277392005095 -0.276157995590206 0.394665748121615
-0.109613412360567 0.0746902223117159 -0.279779914699055 0.343598185864927
-0.137185680689592 0.0389586069674428 -0.273528043474375 0.240985362886199
-0.132912094273986 -0.0272221461648032 -0.241524904192118 0.106565025564636
-0.0843626028227405 -0.071029398892133 -0.124420086807973 0.0343287994892095
-0.0720228599236545 -0.0611987427065241 -0.00831242585266185 0.0697680774435566
-0.0823007449593279 -0.0931408417034046 0.130528281761936 0.206210376087721
-0.116045538270284 -0.166809874024718 0.0986344239644825 0.510411751654822
0.0325051507644972 -0.144671118524496 -0.197113905726331 -0.474599056664385
-0.0113022468799251 -0.133552000099911 -0.221830181079601 -0.248602664725482
-0.105990824056248 -0.0777022701042014 -0.0333231072509058 -0.060007019845022
-0.12023022418399 0.0243863272054175 0.0791338160996299 0.0110322865824468
-0.0559386057490124 0.0702203157239506 0.249042176050503 -0.0607103903483715
-0.024156995776931 0.0757840681709381 0.282186784643776 -0.243943033457527
0.00743436336314586 0.0766977998394413 0.250591745151065 -0.359364909138253
0.015099193525325 0.0780416110286046 0.226064322393305 -0.406609438052835
0.00759506941909718 0.0953527590633291 0.223833137661302 -0.40533868753915
-0.0401869041470689 0.095333134454741 0.243300442822934 -0.323886987069624
-0.0808090083466347 0.0859168816625546 0.230699262965854 -0.182623924426284
-0.154270013497123 0.0323987421944353 0.0732125688437203 -0.0978882671268665
-0.125975708954943 -0.0893836947793363 -0.0673198950269685 -0.206509422913411
-0.00466546656394861 -0.132897286717751 -0.130468693740167 -0.398213239040325
0.0502822439559754 -0.113204444447351 -0.00838432842953777 -0.637354239340821
-0.028916436257142 -0.341307738682227 -0.146479819030551 -0.421210104468867
-0.0844467034162977 -0.317103893830121 -0.177791397624458 -0.246357212770583
-0.251328931718012 -0.218929159496977 -0.0220796455644752 -0.0833471003508114
-0.315163876634135 -0.034509152991411 0.0741881559693289 0.0172686999783001
-0.244192533184864 0.0991568591421172 0.235755207830021 -0.036399235662029
-0.169916174077779 0.17766308382172 0.276561048801587 -0.204318342100976
-0.0852682883326647 0.229312454170852 0.240422271574396 -0.299172963838394
-0.0543861297511416 0.22342340287935 0.208362013557689 -0.337201876484862
-0.0571796723140452 0.255315198062695 0.193101763389367 -0.341058460253554
-0.162101430974346 0.235301752236829 0.208442555400923 -0.271002769327757
-0.240912111024086 0.170962233988449 0.198552243652731 -0.141057327170762
-0.362299986607002 0.0583659329102141 0.0330587938581386 -0.063589451150466
-0.33993088941859 -0.165496502665459 -0.114067644460359 -0.18107473327153
-0.160171457607872 -0.32532507248763 -0.173173924775801 -0.351680489600574
-0.0496837649593482 -0.366567528513073 -0.0609568188865229 -0.545391489726777
-0.0780712553196591 -0.502776192829169 -0.104468957775547 -0.290493681731505
-0.146828045202799 -0.483550455368717 -0.123276954575128 -0.190457866123513
-0.378667574055315 -0.357439997490373 0.00140057598341828 -0.0920709033890841
-0.494753119863289 -0.103647287240196 0.06428021973319 0.00967352620295042
-0.422303843018507 0.111792355569124 0.181435510577648 -0.0217995438451276
-0.309009654882543 0.254923756248282 0.218536670946991 -0.142955040915885
-0.174245407246965 0.349983373297587 0.185592309885222 -0.196753034595279
-0.114187531601659 0.335828254388155 0.157984374957971 -0.21560805637954
-0.101573136327302 0.37701688942489 0.139216080454126 -0.223777757258312
-0.242893500594143 0.3514017890048 0.15243518359472 -0.173453642632646
-0.353244593831277 0.25598218291191 0.149153917258448 -0.0739703311087294
-0.518545840205522 0.11140096757817 0.00120385417268061 -0.0134478106866577
-0.518542280429476 -0.186781732846986 -0.132968029895945 -0.125310400061128
-0.312424833307258 -0.4468367037981 -0.170751775074508 -0.257855970771649
-0.160811396379178 -0.554786367959964 -0.0755098111620735 -0.377254369824784
-0.122413579059198 -0.598024475920733 -0.0741190733053568 -0.097640516864404
-0.211401925201094 -0.594124492566175 -0.0664629083453869 -0.0753065892093995
-0.481909951375888 -0.446922772358727 0.0306216593350236 -0.0734579909102224
-0.629197159853625 -0.147065696246388 0.0445321974317642 -0.00218077770613817
-0.550370463250821 0.119461101386508 0.0875076313140581 -0.00808343330093338
-0.407137069672636 0.302331322121303 0.113925094392821 -0.060024437622462
-0.235763705871088 0.420974072980994 0.0944994000652476 -0.0626407461267138
-0.154711852235442 0.397985782759642 0.0859917287120761 -0.0605206841194485
-0.131182104524228 0.439866972645806 0.0731599161513465 -0.072905627462981
-0.284787001369044 0.412020415023136 0.0892521425372706 -0.0452192829510089
-0.410200288869137 0.302777794882977 0.0913982162195357 0.0132417252796007
-0.593517369741201 0.14802062007662 -0.0205680214998972 0.0444418504934162
-0.615777680506568 -0.172878371278948 -0.116802131604718 -0.057647857217934
-0.411262246644589 -0.486120379032539 -0.115022605464819 -0.140621763936273
-0.247143742650739 -0.646135849578673 -0.0440858959121699 -0.166959119103872
-0.155131883498562 -0.604641554150147 -0.0526133872135002 0.132701018516531
-0.256945598839267 -0.606689418231392 -0.0105701230645296 0.0812995977806711
-0.522317884934533 -0.453456451365352 0.0513089976265104 -0.0256544889130332
-0.661137215076474 -0.149704232009009 0.0101073513203018 -0.00352184285633735
-0.581090231769342 0.119510282983673 -0.0320172244760361 0.0169562886526234
-0.433016100338315 0.304657572866346 -0.0189697266745903 0.0421396682720327
-0.25517030927669 0.427839120223201 -0.0154580443644002 0.0866343966317035
-0.173005549943958 0.399026410583171 0.00216740484260185 0.104004818205334
-0.145987708623626 0.433249315845175 0.00195216545972803 0.0853423671936668
-0.293722699695999 0.399464049149517 0.0219539063216938 0.0897303355270985
-0.412012884964802 0.283083631742328 0.0256302715733004 0.101725569332593
-0.571493784186484 0.131478301152564 -0.0387658812779742 0.0916790166351254
-0.595050658620689 -0.158930355689153 -0.0802534534137457 0.00242065754367593
-0.418909278360827 -0.460549934826067 -0.0261972801591449 -0.0278360207341969
-0.281900588781451 -0.635364491310747 0.0188455067758665 0.0498358625290809
-0.173706506604964 -0.511355815632875 -0.0343628864106613 0.358084342789107
-0.263499493759497 -0.499608818461552 0.0397881329152626 0.241800395738562
-0.466088354381548 -0.36483923511691 0.0563676712201369 0.0410835344369864
-0.559903551698528 -0.113373308447847 -0.0314896675149908 0.0128767714288548
-0.495423973035157 0.0996420263641035 -0.145773297637212 0.0551294188116793
-0.377691831930013 0.25755562492141 -0.146866217490318 0.148495013316205
-0.22821286629602 0.367230556071857 -0.12041641831503 0.228691933217935
-0.165189789991488 0.339851717695284 -0.0808841789559017 0.252591678705826
-0.150066896345208 0.360731093949565 -0.0726219360606717 0.224907189351963
-0.275118785013873 0.318330639475865 -0.0536597375533871 0.199636369000734
-0.363341583670973 0.197921347467824 -0.0512287511474953 0.161419166378627
-0.462369157835954 0.0577440147857429 -0.0628035951843166 0.111982099901666
-0.464747737129131 -0.146938592567653 -0.0424134143796038 0.0427621991575384
-0.339137363192099 -0.375040581454355 0.0630016942318923 0.062881015630762
-0.26000808155042 -0.532003568811628 0.0860550692811959 0.240150348656484
-0.163647160395482 -0.332526929503735 -0.0179608036693532 0.535836696755645
-0.213837395476081 -0.298729019010435 0.0852173473014642 0.367771978357866
-0.313575718242415 -0.205001898588982 0.0545481255852645 0.110674568238607
-0.345205994100938 -0.0606312802679855 -0.0605715912943084 0.0406849955784683
-0.318205080487354 0.0556470976019094 -0.220502758577173 0.0959150625704333
-0.256372736949614 0.164576195961616 -0.23724449062718 0.239663134781545
-0.165637519881589 0.246714829302148 -0.197936109266133 0.340555971095129
-0.133482812125399 0.229273717502205 -0.152527680074486 0.364828834570776
-0.134003046936979 0.239059627643824 -0.14701065031805 0.324672655087546
-0.219857696395661 0.19411702155879 -0.138552918854669 0.26078730094569
-0.267556450650475 0.0870154496122996 -0.134008837920279 0.173291258004936
-0.289807142295636 -0.0209800303449116 -0.0896246662157068 0.0955652422117979
-0.271109399674632 -0.117667072422596 -0.0148576493348255 0.0607696751433089
-0.210142058640004 -0.24255655966236 0.125902301672261 0.126479265525823
-0.198355745311098 -0.357023699794164 0.138254283057928 0.38287013694447
-0.116807267431618 -0.100081964234229 -0.0016246051598719 0.63484521568534
-0.110420110350039 -0.0581543881169481 0.12752406905062 0.439466073453928
-0.100701959642003 -0.0344050146694517 0.0635848280764833 0.1674434187989
-0.083041277488866 -0.0209957761293228 -0.0626312788996977 0.0659030730059308
-0.103498811208797 -0.00986505800415524 -0.244496722893726 0.127433043366837
-0.105219183987061 0.0387069624848852 -0.271609682898834 0.297319171250471
-0.0837005381046591 0.0846527572905435 -0.236099988076189 0.401277192585866
-0.081051868073347 0.0848655557666595 -0.201346998200995 0.4195264213418
-0.0896017266521229 0.0886314685157242 -0.21089990742788 0.373281107971548
-0.12271943833003 0.0593476870517154 -0.218778229469539 0.272760614478302
-0.128411264733775 -0.00585288166658483 -0.208486113808432 0.140584303562722
-0.09063014588398 -0.0531756026178984 -0.108474781652694 0.0528432489364683
-0.0747905568407967 -0.044855701050407 0.00560457680680189 0.0646756714016278
-0.0910356826550628 -0.0719500599136279 0.157454481482935 0.168738668109233
-0.128439656751681 -0.13513842266414 0.171088151209522 0.463629969118195
0.0318010040552492 -0.136161279416955 -0.182734834844903 -0.460592183575114
-0.00613681869848842 -0.128527110164909 -0.210742501948078 -0.23852697996835
-0.0990154970095861 -0.0761590370763972 -0.0337694238889289 -0.0581009547531213
-0.114988087643019 0.0225097463911376 0.0758898973064734 0.010947818714637
-0.0539955225781653 0.0666386227079012 0.24154382848329 -0.0573336699293317
-0.0229598148845612 0.0732693578941529 0.273171689754473 -0.233548669092789
0.00666420531291042 0.0745057226353457 0.243953416027703 -0.346335542149779
0.0135376734760302 0.0748460473623383 0.221647918097885 -0.396195447442395
0.00632502428947711 0.0910078249808146 0.220504004342931 -0.390142735341309
-0.0401804424556967 0.0921686793979557 0.237709719366586 -0.310304242122725
-0.0786701250358572 0.0820941373757997 0.223800575207962 -0.175380830382397
-0.149136008723107 0.0293214005046166 0.0713885194804576 -0.0929314258849494
-0.121308650691823 -0.0881057802074617 -0.0642720748652429 -0.198301815073772
-0.00160891294082872 -0.127689047605066 -0.121080869622574 -0.383576006886277
0.0499224408330578 -0.107288412907128 0.00214247352615817 -0.611586369389948
-0.0241107143173517 -0.326491092026447 -0.134533771047947 -0.411316593219392
-0.0750582855811491 -0.306199564122219 -0.167212929307835 -0.237027835148743
-0.238421793813225 -0.21126323747859 -0.0225835487398525 -0.0818181576509422
-0.302549731740113 -0.0346433900240322 0.0708858709421479 0.0168881321215683
-0.236260946152203 0.0949521299430078 0.228183595145687 -0.0346511467114571
-0.163907766393453 0.170684589130621 0.266302338125411 -0.195830373443399
-0.0836056893682732 0.220419054107199 0.235025433665871 -0.289367361213689
-0.0549564757819189 0.215195332399104 0.204871328819323 -0.328294641590731
-0.0568929519484931 0.243936551494596 0.18969681856599 -0.327914473785312
-0.15853242224124 0.227292800703733 0.205107624584218 -0.260407437643913
-0.233927660027569 0.164230408177515 0.192433047663186 -0.13629993132603
-0.349955284848986 0.05362602402915 0.0312685200775026 -0.060144664343083
-0.328316764369086 -0.161181910092945 -0.10912153755723 -0.17477335152742
-0.15021291623187 -0.31387863355734 -0.163433930785845 -0.340496655016683
-0.0452069616471296 -0.349909676783586 -0.0507369083515027 -0.524635834775418
-0.0700890214268535 -0.48283341841186 -0.0958516688484369 -0.286959189165187
-0.13458012729525 -0.468843075941878 -0.115753931913089 -0.183902170492734
-0.360919444165916 -0.34323778112179 0.00150073961197241 -0.0909361767732638
-0.474997239222264 -0.100455518098673 0.0620880353438076 0.00892185614397867
-0.409235277798746 0.107541672048021 0.176438266764842 -0.0216345354162786
-0.298425877525291 0.245058195740071 0.209560025264879 -0.137496581303271
-0.169414320622331 0.336351302182216 0.182691808922319 -0.189667038311511
-0.113735583693681 0.323286193408968 0.156007198712266 -0.209369254118818
-0.100608339040684 0.360251042675108 0.136884906601175 -0.214430625081627
-0.236926854921724 0.338803102337215 0.151144935198709 -0.167018239265634
-0.342116891031184 0.247524815921476 0.145585475356146 -0.0731254821791758
-0.500821803747203 0.104325148718527 -0.000436033342275769 -0.0115019132738497
-0.502665936456911 -0.1808666340414 -0.126744738458504 -0.121844602308937
-0.297303880514591 -0.429927785260059 -0.161853781947056 -0.250616437830117
-0.149723326308024 -0.529811774963403 -0.0659773333843912 -0.363205012315199
-0.110549098804392 -0.576297896963165 -0.0691407829767086 -0.100897771849056
-0.195703400055469 -0.575628717766476 -0.0613062632994681 -0.0738547811925955
-0.46156076114811 -0.430464790677578 0.0301950308151388 -0.0733695702257994
-0.604782633564762 -0.141561549492733 0.0435989345660923 -0.00326443037345503
-0.532819856461805 0.116329671109074 0.085373270226823 -0.00880994946324873
-0.395694619805825 0.29060106903679 0.107362153639674 -0.0587742934854489
-0.228295980903714 0.404353347180635 0.0949742348744182 -0.0608503921832423
-0.154284944792429 0.382772817350748 0.0860320648633582 -0.0594468975015833
-0.128892694576736 0.419276905072655 0.0715851817298226 -0.0692914695081997
-0.278249656756185 0.396586112239358 0.0893554151219359 -0.0432411475866109
-0.397534162311342 0.29372467110667 0.0896554886932511 0.0100367453857613
-0.572982356427564 0.139200159316865 -0.0217463890402617 0.0436230934475666
-0.593578335939797 -0.168340030925369 -0.111622208367632 -0.0574965110877698
-0.392877939810743 -0.46933460952071 -0.10952460116686 -0.138068630652479
-0.232309004376427 -0.616077779438408 -0.0364133094361748 -0.16077579320043
-0.144481459091182 -0.584257142896066 -0.0514052055630673 0.120684807964738
-0.241000407036399 -0.590094981736526 -0.00929591306605259 0.0763275834928834
-0.503022086874299 -0.43825953768875 0.0512576054901148 -0.0269485192749532
-0.638065489365145 -0.144421637028545 0.0110841314852977 -0.00509902127309738
-0.564545368934345 0.116386009940571 -0.030815057521315 0.0138691233040012
-0.419987518803132 0.293583809888413 -0.0214644691330174 0.0389384980490259
-0.249322052437609 0.410470343449864 -0.0107656963952829 0.0830883874374387
-0.171062127750116 0.383397850681742 0.00391691162764208 0.100221819699428
-0.142557491884133 0.413156309916736 0.00171887686342736 0.0838939548356181
-0.285795890872132 0.384268238348861 0.0231218604154092 0.0858689478309194
-0.399565624378898 0.273088042823311 0.025046570358871 0.0942162697320731
-0.550631202324896 0.121687845178521 -0.0403437995503618 0.0893400971024105
-0.572141537957581 -0.152870564884817 -0.0767545744180777 0.000387831128362705
-0.399572614420403 -0.443752931358241 -0.0258819807152584 -0.0289805328921665
-0.266143761809583 -0.60674890030482 0.0211057503556888 0.0487427796572114
-0.162315882697817 -0.497171679354743 -0.0369199272334283 0.339764151496289
-0.250591765715187 -0.486243199449156 0.0368801908496629 0.230219334208527
-0.449688208676893 -0.351797462291947 0.0561983052176204 0.0372239107261896
-0.542135938594498 -0.110253695748972 -0.0287790660703657 0.0100512347616596
-0.48217441396993 0.0971993389143564 -0.140537343751723 0.0501008346647511
-0.366739135563158 0.248408037896237 -0.14505099863361 0.141347899311886
-0.221374032408664 0.351997860539861 -0.113275311563066 0.219972455497022
-0.162335829556058 0.327007146046059 -0.0777493498435498 0.24459943606931
-0.146429067958829 0.343563366968961 -0.0717235077450972 0.218732303723302
-0.266758075390828 0.306089098834637 -0.0512726314647097 0.1908653300508
-0.352293782688605 0.191385441071895 -0.0487153966011656 0.152070901190849
-0.444905967973154 0.0535355630953594 -0.063286923904997 0.10733825734549
-0.445427470977697 -0.141182484992308 -0.0406033972841907 0.0391031056969383
-0.322914462777513 -0.362350247034418 0.0591029971660521 0.059054659538737
-0.246078282606093 -0.507876195834518 0.0837778568732363 0.233661176512393
-0.154056114948372 -0.325860055823162 -0.0237697557178356 0.513318117960226
-0.205320620673826 -0.291995119921894 0.0790149179088345 0.352066996882467
-0.304827511545563 -0.198009785130173 0.0541742662525708 0.105010179829841
-0.334683034909191 -0.0567325898287268 -0.0577485237301477 0.0369417630690923
-0.309240188235202 0.0556682134626572 -0.21367374545228 0.090910916692605
-0.248858659076359 0.159709824873042 -0.231886940613532 0.228213163139984
-0.160459492356987 0.235921554599978 -0.189482290255213 0.328612318245952
-0.13031438505674 0.221313342827319 -0.148172602047927 0.353916397049312
-0.130175936785564 0.228136184375871 -0.144790626754305 0.315009443790889
-0.212273959150513 0.18645974266514 -0.13434003181732 0.250612117272084
-0.258719532258606 0.0848886543943081 -0.129835306425623 0.164285449733911
-0.278861599247032 -0.0201013971309799 -0.0879523664147539 0.0911908035893161
-0.259795243984772 -0.111684542869367 -0.0137031868376057 0.0568779810328552
-0.201703577628901 -0.234146767723611 0.119092248515011 0.121655568700282
-0.188267563507817 -0.341736579813148 0.131328704666586 0.371468764899963
-0.111119486781049 -0.10073825938281 -0.00952708616556621 0.612034619397125
-0.10801182035436 -0.0579083665396818 0.117733868383011 0.421830591420763
-0.0998942096683629 -0.0324849652437297 0.0618395257578237 0.160310012282898
-0.0815792773690878 -0.019351311721035 -0.061182036153262 0.0616488256998604
-0.101072142434715 -0.00832407767265921 -0.23805258856552 0.121687648359399
-0.102910105988723 0.0382274968337576 -0.264819193764658 0.284994175475528
-0.0804159959201524 0.0807178116883653 -0.227693119103052 0.387427607333969
-0.0782186210073262 0.0821099220814459 -0.196585725029382 0.40845234586549
-0.0855208994246504 0.0840294207875556 -0.20597100354856 0.361175537474799
-0.117771725847747 0.056306151904462 -0.213322353321798 0.261776849173163
-0.124012535730908 -0.00522383630154532 -0.201529504762428 0.133511717914515
-0.0865798746039114 -0.0504830326953678 -0.105174541868576 0.0495834141524594
-0.0714742105763244 -0.0409727599180257 0.00632878150517392 0.0607430097879114
-0.0894335236211051 -0.0695864890465505 0.149331832562134 0.162691939239004
-0.123813229818308 -0.129848488277267 0.159845810523864 0.451212944176786
0.0348856432977677 -0.132454334307393 -0.168879400735307 -0.468768253970278
-0.000132836137918487 -0.129005543122063 -0.203028800185029 -0.240652451183806
-0.0950529713210272 -0.0794542287843048 -0.0341399148416308 -0.0594056588929271
-0.114830745902773 0.0191117108624422 0.074994884956692 0.0134750860478087
-0.0559139469840748 0.0646865786450337 0.244830021541581 -0.0525709994901455
-0.0232658795536197 0.0727816179365448 0.278531339124745 -0.227608893209517
0.00411850002823803 0.0755468285680069 0.25203531533544 -0.343172713066663
0.0109081164555531 0.0748806306561281 0.231612721170318 -0.396889880240043
0.00309222060899181 0.0905777701813849 0.230983550258664 -0.386684692751089
-0.0433897004767571 0.0919822697655454 0.246480752455562 -0.305387322955901
-0.0807155776802646 0.0798620217680938 0.227099704536857 -0.169848242001415
-0.150107746123525 0.024784631354323 0.0728793410342923 -0.0905589853186755
-0.120363390338566 -0.0919396736758333 -0.0601160342591075 -0.198818818004608
0.00371797877241285 -0.127697757244765 -0.111498511622677 -0.385793200616452
0.0535442866974111 -0.105528374164154 0.018538304444564 -0.611733244168281
-0.0160080927634659 -0.323970120238995 -0.122030980335055 -0.419281711147142
-0.0644532348852334 -0.309391822747507 -0.160054844471376 -0.238884326562486
-0.23208339859035 -0.216500175673088 -0.0220173376419772 -0.0830274964758381
-0.300501952024147 -0.0407948750075404 0.0703784511968628 0.0183192430922876
-0.239405730631919 0.0907735278294849 0.230769420794544 -0.0306584877822844
-0.166921011556908 0.168356825468977 0.26984712806268 -0.189218035185157
-0.0889585153242253 0.219209792568686 0.243911819288777 -0.28505705714444
-0.061076142037601 0.213851787995784 0.214329659298776 -0.327669599960364
-0.0637401283896485 0.241345115874399 0.199067990416416 -0.325620165895533
-0.164973095273653 0.224017673540792 0.212825670900884 -0.256646835354831
-0.23801744154274 0.160267460077883 0.19676926721255 -0.133058889280435
-0.351892935402643 0.0451278064466785 0.0318036047203602 -0.0580224797323457
-0.326856890200163 -0.168333065366668 -0.105535455314379 -0.177213310684908
-0.140477145766248 -0.316824775424822 -0.155463571608547 -0.344781576327321
-0.0342687076949531 -0.348812279849037 -0.035176306651085 -0.525841271261149
-0.0565534913896504 -0.481772554686039 -0.0868185079645463 -0.295539402401759
-0.120650813694124 -0.472836631605646 -0.109152214648667 -0.186591509197806
-0.35056486129039 -0.351080885432288 0.00286456166887025 -0.0920345671613843
-0.473380535569542 -0.110239081342537 0.0620587628672742 0.0097615487707356
-0.413028153650891 0.101272297724408 0.178229370338229 -0.0185161325810984
-0.304469678341932 0.239971055905099 0.211059876623088 -0.132982070199279
-0.176823040766511 0.332945939933841 0.190526266215916 -0.18742359448277
-0.122500669639008 0.321165949489967 0.163480174004035 -0.208846402142741
-0.10947140981407 0.356296339761893 0.143552234368461 -0.212127742704758
-0.246146572121711 0.334661963462854 0.158265289280221 -0.164565951528427
-0.348236687239759 0.241492970535586 0.148255624185803 -0.0722009396999421
-0.504541929708759 0.0917096862619687 -0.00170933529377771 -0.00970207743279705
-0.499481725570627 -0.192239193604083 -0.124051831903598 -0.125283438619124
-0.284936805523826 -0.437046417279204 -0.156295386509019 -0.256031251537922
-0.135450629351426 -0.529315317704034 -0.0524633286170472 -0.364490636791745
-0.0955483252072269 -0.57856366202594 -0.0658473607453027 -0.109665735900702
-0.179679240087986 -0.581511187630455 -0.0577809514677421 -0.0758482199648226
-0.451055591455862 -0.437976132458273 0.0321538799401501 -0.0753076893217928
-0.602006054296495 -0.152387305348347 0.04470793304747 -0.00388028636894368
-0.537354127404265 0.107973659778008 0.0865124479749279 -0.00840331920110268
-0.400916258121178 0.28320971594289 0.106455898672349 -0.0568573472799426
-0.238305701604823 0.397799071997146 0.100350344991645 -0.0597768611755726
-0.164854866813635 0.3792441573649 0.089751524444294 -0.0586844080911312
-0.138268106309244 0.414349362010334 0.0744556465568615 -0.0667200512512593
-0.28696481081947 0.392221750072632 0.0935911075385943 -0.0422366679129578
-0.4056159784469 0.287206975661031 0.0899199750409036 0.00933265102892622
-0.577748517837658 0.125975566689472 -0.0247786891801001 0.0449663536227443
-0.591453675085 -0.180262761486206 -0.110693625794647 -0.0613168341781115
-0.378325031041808 -0.47874942337114 -0.107692961894527 -0.142379650577815
-0.216373148164992 -0.618924344377942 -0.0289472285597889 -0.160690302865556
-0.128359842178402 -0.589146549574469 -0.0553168192729844 0.113630453834029
-0.225844712164941 -0.597523772532525 -0.0102916702615333 0.0744766395273201
-0.493246519382159 -0.447617735570967 0.0534650199267031 -0.0289808199189604
-0.63620575952494 -0.155122412141417 0.0126110400648338 -0.00583967594608941
-0.57039984770087 0.107863438010652 -0.0302113606334826 0.0123999402666313
-0.427363336909826 0.287136735793496 -0.0250199032977625 0.0378188315489808
-0.259366900977656 0.404161280796398 -0.00867973420627479 0.0825535744199306
-0.180820176331378 0.381472185576093 0.00405690775649294 0.100397267398828
-0.153259010957786 0.406831651587874 0.000616615432079607 0.0855769071367396
-0.295389591360358 0.379232288841587 0.0233724263759395 0.0858884493538131
-0.406994622685024 0.267261402926487 0.0237403516214596 0.0918270198869792
-0.554673198487197 0.109490423965027 -0.0444115487425001 0.0901151948284469
-0.569612241685779 -0.162556645565482 -0.0770684885349459 -0.00373046180279964
-0.387090980525546 -0.451040313749454 -0.025890898129702 -0.0318189269403647
-0.249479038684722 -0.60839787736048 0.0230847899528025 0.0503509709111653
-0.148635988031947 -0.504691760661194 -0.0480687939087316 0.33426912490829
-0.239243838834364 -0.49618227938219 0.0314316518270574 0.229264813099405
-0.445050485099851 -0.358901420449382 0.0570155395329073 0.0357840255583948
-0.541186808550287 -0.116283614456416 -0.0278907005536456 0.00738698090021233
-0.486718710465378 0.0902632592319826 -0.14191973364038 0.0466545867077945
-0.374772035046652 0.243977065075509 -0.151108864952751 0.13703237298411
-0.229612741515211 0.345573977194993 -0.114704420217782 0.217489741002874
-0.170579957633041 0.324562069379463 -0.0810176878409833 0.24520694412303
-0.15509152773673 0.338761921365549 -0.0768398083472903 0.219825629413902
-0.274223475397443 0.300842820249351 -0.0544316451208866 0.188783812419319
-0.358401305050505 0.186160274544212 -0.0520525916771812 0.14779604022032
-0.44660242909307 0.0435180974067679 -0.0673556837536412 0.10729176453022
-0.444026623233447 -0.149383322757921 -0.0414398076439602 0.0360461413853401
-0.313394463654135 -0.369285541624388 0.0560716828406816 0.05854716097146
-0.232294597293068 -0.510316757401112 0.0796005343852787 0.236957031512622
-0.145708060390915 -0.33361668672912 -0.0398920923664832 0.511352686062896
-0.199778056578539 -0.29975414616428 0.0694967738594394 0.351972318451202
-0.302924144187007 -0.202338006490431 0.0533374285227393 0.104128119060056
-0.335178012570005 -0.0606554453404744 -0.0576180962397025 0.0340162166850201
-0.312522448614742 0.0516608905045854 -0.216800354720037 0.0853819740264074
-0.25466078262712 0.156646495782133 -0.239102708243424 0.22301299916939
-0.166291265822694 0.231788452318385 -0.194968380231946 0.324190535600187
-0.135532563059922 0.219689255433489 -0.154310282172523 0.353954137128025
-0.135019393445362 0.224126539041452 -0.152534018288326 0.314398214464077
-0.216878283109631 0.182566625410871 -0.140000808707368 0.247260769403342
-0.261122080169675 0.0809792977469225 -0.133267246386717 0.15855408252285
-0.278046345196245 -0.0256929759485436 -0.0919112192052673 0.0892028373648351
-0.257230873518736 -0.114855931727641 -0.0147313776168896 0.0543937738725165
-0.197582160543411 -0.237745138298004 0.115417516611087 0.123217736855145
-0.17997728575696 -0.34228366873337 0.123682404208457 0.377425760766329
-0.109088352566384 -0.107197604048031 -0.0285479218991233 0.612616743761051
-0.108606440368543 -0.0618885551827988 0.106054527237792 0.423740469808924
-0.101892752294135 -0.0327594940879969 0.0597375465996451 0.159980603132981
-0.0826785631742112 -0.019513149680671 -0.0621918784882448 0.0593711565657733
-0.101880438336854 -0.00907326951550114 -0.242745371096349 0.116877821256481
-0.105072564931658 0.0375864086486119 -0.273679959446117 0.277925069850917
-0.0823285412615518 0.0778945544844184 -0.235661120356345 0.384581018811788
-0.0797260461424133 0.0809297346687973 -0.204291491639178 0.407675974372885
-0.0872033568246674 0.0817722568095912 -0.214748563711929 0.358732265130259
-0.118188152102175 0.0542209529858514 -0.219860740627333 0.257622218086136
-0.123773312499885 -0.00593647304447504 -0.20490534886173 0.127427385559175
-0.0850073452440565 -0.0513851215023613 -0.106911298226106 0.0467204425027449
-0.0705331663965348 -0.0398431494074641 0.00567521125621796 0.0595625059528019
-0.0899400873088869 -0.071642953083254 0.144262911666756 0.165305946474595
-0.120987135405183 -0.131529428277622 0.149110143582844 0.457656612913787
0.038571730254044 -0.133548828517914 -0.167695712969842 -0.494272435763656
0.00488081384291568 -0.135509170480745 -0.205952458481176 -0.249941121265516
-0.0961812983541347 -0.0848621725625346 -0.036681805492867 -0.0616024383419901
-0.118650756594295 0.0172344349757944 0.0776632310158129 0.015048247519437
-0.0590688645901306 0.0663905023422988 0.257260556144074 -0.0530090940285246
-0.0237953545233528 0.0751424525136515 0.293587426443845 -0.233167576202351
0.00332120089276246 0.079328523601755 0.266423688663494 -0.355542534459502
0.00972817910436237 0.0778450487586683 0.24579787613639 -0.41457934118114
0.00193481200626521 0.09412566263742 0.246782190280645 -0.402675442666378
-0.0472059571471277 0.0962200347758101 0.261828503537382 -0.315588941765983
-0.08488253544774 0.0819097011459048 0.238692906289025 -0.173904028363256
-0.157582231806255 0.0228406278163584 0.0770751265179627 -0.092595456162726
-0.125119151800469 -0.0974734509336323 -0.0610478792335304 -0.206697916854714
0.00821788448980855 -0.133601425624369 -0.110033415903894 -0.40150817246973
0.0577400538056128 -0.108496060009433 0.0304781279657101 -0.635352015027812
-0.0116328242648684 -0.334623052408618 -0.118731833780228 -0.443514569439466
-0.0600554947471517 -0.323430200215553 -0.160007543980361 -0.24851980847646
-0.237014700199683 -0.22791709355238 -0.0229128822517029 -0.0869759227190932
-0.311606833821985 -0.0449222892458817 0.0728058785388993 0.0193989180247349
-0.250624949643895 0.0925406968327088 0.242440328459893 -0.0301192372342372
-0.17437305437214 0.173644217511966 0.282312105760934 -0.194219822240588
-0.0957033987623096 0.227258188057183 0.258471578883759 -0.295761736494149
-0.067274646471004 0.222393498601568 0.227730227600185 -0.343488939993378
-0.0700779440244291 0.249035845238332 0.213078393376227 -0.337869305603796
-0.175764080397586 0.23390116211384 0.227230103014126 -0.265308392648997
-0.250157991956333 0.164970814756965 0.20682490712003 -0.13721084493936
-0.367714718660661 0.0416267969739231 0.0331318134698392 -0.0583546007638749
-0.339466331066285 -0.179710777596297 -0.108530272318335 -0.18561367591324
-0.139417477911428 -0.33236408468012 -0.156525021470774 -0.360121773710238
-0.0304833698107717 -0.362004383954216 -0.0250152913069783 -0.546684470362904
-0.0508771229094141 -0.500226898947367 -0.0852440312213222 -0.315204747285716
-0.116124044790386 -0.494909644813504 -0.108502219472578 -0.194425029811446
-0.360490559480433 -0.366167983065033 0.00328779442225912 -0.0975296114293633
-0.489001928709432 -0.118352415718515 0.0648707197704091 0.0101486013164294
-0.43203881982929 0.10338657651621 0.187788127905852 -0.0182958764426228
-0.318824911460435 0.248554879898311 0.219905708983324 -0.136595706270559
-0.188390987995356 0.343305338888033 0.203860276035619 -0.194504199976434
-0.133301966204821 0.334169898224252 0.17429925816278 -0.219708208172745
-0.119931250188907 0.367080174594321 0.15409307537042 -0.219311718878116
-0.261347033034473 0.348211686506863 0.169476523845915 -0.170559043777593
-0.366678752087743 0.250166081900613 0.155987077512977 -0.0754717026390057
-0.527504929216845 0.0877948725969762 -0.0027507352613797 -0.00800093107615444
-0.519677961075975 -0.20474256880566 -0.128683952556078 -0.132580208009499
-0.288495967653802 -0.457924742541936 -0.160150139873523 -0.268924198606028
-0.130876389556625 -0.549729932356693 -0.0456805236723338 -0.380393960838245
-0.0911578007894507 -0.603655178620554 -0.0672563817062985 -0.121155291295887
-0.178093689345992 -0.61017527733602 -0.0573604678412796 -0.0807813081641457
-0.463873713224415 -0.458762847555793 0.0349793108486598 -0.0803370502840055
-0.624828677171024 -0.162297498347945 0.0476474009645013 -0.00407533999340313
-0.562436033087153 0.109014744507293 0.0927138282243776 -0.008918414437927
-0.420844135314597 0.292999406935133 0.10979341933695 -0.0582854583271704
-0.252976559842356 0.410973722769875 0.109731711780729 -0.0623074370629397
-0.176139220710194 0.394579547520097 0.0966475470391859 -0.062206196709724
-0.15082307849462 0.428273978634408 0.0807119597888251 -0.0678009342066223
-0.304808183914069 0.407106287172299 0.100618430698313 -0.0443991900279483
-0.42396626679249 0.295962991031813 0.0939923449509862 0.00757058621372525
-0.602976789132343 0.123093245057292 -0.0281480658831884 0.0491704148513929
-0.616552491522829 -0.19130960830678 -0.115175489400977 -0.0661985360038707
-0.386444588566527 -0.501801698661571 -0.110777843808616 -0.150588541171845
-0.215021379889996 -0.641481745553784 -0.0241826293971052 -0.166912275513486
-0.124066713929263 -0.616650661489813 -0.0609734833518705 0.111687892363001
-0.227313808576686 -0.62836816333958 -0.0107095316306759 0.0757054351986489
-0.50811885524508 -0.467429973726696 0.05673748831341 -0.0328550714216132
-0.661855334817357 -0.163717212426187 0.0152386126049971 -0.00821730979975551
-0.595483356826318 0.110425698703977 -0.030079682732878 0.0113083774724608
-0.449787851643656 0.298495635824611 -0.0285319072466914 0.0382819449754606
-0.273511909207887 0.415825283688161 -0.00554918226441993 0.0850883478683849
-0.193820129185834 0.395830745180724 0.00624112258318076 0.104365318122418
-0.16643080176055 0.419522139491439 0.000661788810243775 0.0915416249057921
-0.313465178586089 0.392651693810414 0.0256655564438688 0.0879594840679123
-0.425933657772838 0.275289902002735 0.0233823173848069 0.092431644846237
-0.579620163506407 0.10687259359537 -0.0493127472236358 0.0960381846315277
-0.591560013909617 -0.173660785477869 -0.081239770827836 -0.00639241561397487
-0.396702312376232 -0.472599680468803 -0.0279427343116366 -0.03475843236037
-0.249136419761693 -0.631919121103254 0.0260353487542465 0.0536657973135842
-0.147590155263959 -0.528985654578307 -0.0577900510738536 0.343815213989452
-0.242041176725145 -0.523317608421015 0.0288998645533391 0.23711119347542
-0.461386079922296 -0.375619614038078 0.060654914521497 0.0346146206893909
-0.562953776861961 -0.124497529369932 -0.0272929576076003 0.00592096791756754
-0.509569677017875 0.0936693246273779 -0.147627444206215 0.0462254472628418
-0.393198485719795 0.252297310198284 -0.161153202474606 0.141226600727373
-0.24474682726577 0.356082714824649 -0.117781875539797 0.225024942467518
-0.181302482855707 0.336826150410808 -0.0841984924284328 0.255210426483241
-0.165824144625092 0.348738611489165 -0.0817084833863444 0.230653196038258
-0.289209857637184 0.310841384209729 -0.0574984691590048 0.195465498549157
-0.374343141218432 0.191825355841665 -0.0562475667536501 0.149908486139959
-0.466228514878176 0.0397720356402033 -0.0727651743114122 0.11282207074412
-0.460127738211822 -0.157206753679326 -0.0444089661881182 0.0350198279691962
-0.32063901751185 -0.384777570359649 0.0567483331884075 0.0593167763060824
-0.233150064467889 -0.529567910151971 0.0820203990509774 0.248907503647728
-0.148044546043915 -0.352543649765795 -0.0519953533801101 0.530147418675164
-0.206084457930117 -0.317361962679477 0.0653874626371908 0.365854254310652
-0.315741532517597 -0.211466722368597 0.0557297314310767 0.106115030457251
-0.349503735699006 -0.0638336514731028 -0.0588221699208264 0.0334365457924966
-0.327016587079473 0.0534998030744318 -0.227689077126066 0.0866289490415936
-0.267687763433372 0.163223858906728 -0.253700189559414 0.229937521404779
-0.176677875053545 0.238011427487157 -0.203574344948986 0.336457934443958
-0.14313005344786 0.22786268135487 -0.162602223816712 0.370178016253844
-0.143130001595162 0.229651537946065 -0.162476705402012 0.328836345957001
-0.227026369227007 0.187531597578901 -0.149309341051383 0.255387730325278
-0.27199429451026 0.0832574374675491 -0.14162441358236 0.161359587870099
-0.289241453002395 -0.0295717307632627 -0.0984465863723574 0.0925084879707275
-0.266339236978328 -0.119994051576982 -0.0158386375905565 0.0541389987107443
-0.202668169294227 -0.248940777395858 0.116847867457155 0.127334402306505
-0.182178697939651 -0.355912034777181 0.12469452981628 0.395942930982233
-0.113424921562826 -0.117060396098923 -0.0417654157417803 0.63876221409306
-0.113945135512379 -0.0667372427584912 0.102493651691872 0.440560876102654
-0.108050138050938 -0.0328302252279073 0.0613344020011648 0.164603760348236
-0.0864367865747085 -0.0184440917021772 -0.0653827616239746 0.0597261580237873
-0.106662682976756 -0.00966813824438174 -0.255298944773156 0.119406303333801
-0.110604320743197 0.0394502336440413 -0.290099765099167 0.287325724033599
-0.0873465926998217 0.0793098375902024 -0.248211483669765 0.398983318652148
-0.0827586439633233 0.0836142318315651 -0.215807090979055 0.425870604480875
-0.0905667784286594 0.0835725561345923 -0.228316670624664 0.373432591485322
-0.122936495416289 0.0554503534771 -0.233063249694596 0.265186273690308
-0.127781985904717 -0.00627982229481435 -0.215842285345452 0.128867024467188
-0.0868054913946908 -0.0526067716240513 -0.112474407771901 0.0470945337694019
-0.0725740115692512 -0.0403357647600986 0.00542386300336129 0.0606707368244429
-0.0948499785165658 -0.0743627446366318 0.1470115916535 0.171621316838739
-0.124448701176344 -0.137686928591459 0.151650067135029 0.481039011571972
0.0387303898893733 -0.139522701822956 -0.186383915650714 -0.526529974143632
0.00419222830048355 -0.145413692642689 -0.221797391116679 -0.257895269871055
-0.103055480971766 -0.0891725234571304 -0.0419724958026752 -0.0629581497831857
-0.125379815741759 0.0204109563151449 0.0821081747207598 0.0144415038518985
-0.061132271161546 0.0723531578249861 0.273328130962825 -0.0657644541001891
-0.0222687266283407 0.0800678244114424 0.306093282299842 -0.256675543761025
0.00575912627188704 0.0849181533211114 0.273335317943764 -0.387524790181754
0.0118668995638451 0.0825764531139307 0.248910559259097 -0.453592022270876
0.00339721351981948 0.0997891758568937 0.253957529003621 -0.437301114965585
-0.0489129460711813 0.105014737344442 0.272603042163864 -0.343757591433232
-0.0882997081363004 0.0891236920356571 0.249576906431442 -0.190633281395578
-0.167717079087705 0.0277898555068461 0.0799966550205124 -0.0992159623365056
-0.136640790310983 -0.100759734336205 -0.0709586338367903 -0.217935616022033
0.00744144850194016 -0.144139723395485 -0.126408980171509 -0.421810230216968
0.0589189653876316 -0.117339534874962 0.0184147486085444 -0.677735107430839
-0.0189498164311639 -0.351816106763096 -0.135028655621036 -0.474672118861428
-0.0695649753657869 -0.34418817875261 -0.173039616312672 -0.25866649469717
-0.256380147878294 -0.234780114565925 -0.0280665397627169 -0.0924718805065698
-0.331860790580887 -0.0389944146921929 0.0773659648464475 0.0186006264415873
-0.265238915851427 0.107576661739537 0.259398551242297 -0.0406639264894753
-0.179763593269103 0.190190785358955 0.294466696541588 -0.213744845269625
-0.0952874750904866 0.244432699157352 0.269068118609247 -0.323703647719478
-0.0663952519084972 0.239175965695382 0.232690298962988 -0.376953173447076
-0.0690403632779432 0.267023384290066 0.220000524790177 -0.367474500227973
-0.181839041702353 0.255018630278369 0.23774463003395 -0.289860572209657
-0.261877184590786 0.183558419874544 0.216836781037358 -0.152050026303117
-0.391690614246243 0.0528293197600106 0.0326445374653983 -0.0604552482519847
-0.367573918901314 -0.180228545417469 -0.120527175084133 -0.194854480939171
-0.153733514210642 -0.351441392832821 -0.176317855319061 -0.378063968409495
-0.0395666679583684 -0.383057453712672 -0.0371310721424439 -0.581479872120301
-0.0660049653927218 -0.528537175645906 -0.0985131941361404 -0.339353124692702
-0.134621235163856 -0.524614534812208 -0.116782558681505 -0.203228445288258
-0.391408243456161 -0.377494130858665 0.000611011972058946 -0.105323755918941
-0.522923836346957 -0.109745668918959 0.069247974786384 0.00837842954361613
-0.457710296582481 0.125667251916217 0.202157920268016 -0.0260822833230692
-0.331152952854704 0.274291896198403 0.228916331130398 -0.150378566093247
-0.19176472872133 0.370504180196504 0.21529920125544 -0.214548790734939
-0.132586521147273 0.360491142699811 0.179928119210227 -0.242529104448518
-0.119339619052087 0.392099016511336 0.159826604095585 -0.238269132464886
-0.268977513217716 0.380474666860144 0.178385967388435 -0.188364684486658
-0.38301729176337 0.277638438765788 0.164401740353594 -0.0866597688173814
-0.562328953689726 0.107078831656193 -0.00378737104462524 -0.00452450182541337
-0.559772508332964 -0.200428729801964 -0.141488882772076 -0.138301089357229
-0.315213990091418 -0.48221255088484 -0.178489981144179 -0.281279727439308
-0.152409743265588 -0.579275444164998 -0.0549361443273301 -0.402820997027334
-0.109826184424054 -0.639301979865228 -0.0764674332045099 -0.133271027209998
-0.204840686076286 -0.646194338116195 -0.0604697984080771 -0.0850573095604091
-0.504511843564855 -0.470672135457674 0.0351928575891396 -0.0889480916174868
-0.667597064003806 -0.151531191923636 0.0520359260071135 -0.00693889261066288
-0.595826623875837 0.136674167778448 0.10095091319043 -0.013644877122823
-0.438915258976449 0.326371052577569 0.113362385388667 -0.0643660708678458
-0.259303885952913 0.444078179861926 0.120044354813417 -0.0712282474345477
-0.176904238872362 0.426115403104044 0.103308964409792 -0.0716294689215111
-0.151388776695363 0.457039275589521 0.0858896858397751 -0.0736140415842631
-0.313590470014538 0.444210725669504 0.107568183133978 -0.0518307383796888
-0.44503585322654 0.328090828402146 0.100595398897172 0.00352785241782853
-0.641260243448177 0.147200471055074 -0.0294481146179013 0.0568889311855906
-0.6599661543726 -0.184912304940607 -0.12632889503939 -0.0683498821460535
-0.421426261041944 -0.523309705500407 -0.123453925927166 -0.157991213380704
-0.242497368414244 -0.674183214800572 -0.0273875617236799 -0.176421902256265
-0.146492614948266 -0.653235645886551 -0.0650427912332088 0.116350662173853
-0.259366182510686 -0.665377561484715 -0.00853074554661231 0.0795808346083858
-0.554294850963636 -0.479649313035713 0.059908330327053 -0.0400205619801476
-0.708220769320179 -0.152529271235187 0.017505622660858 -0.0106082643615944
-0.632316140849613 0.140236947788924 -0.0297565886153304 0.0114123237700046
-0.468476613095725 0.332054386049997 -0.0309820352860022 0.0422129699813028
-0.280280164484092 0.450840979376758 0.00121917926551274 0.0883927362929695
-0.195077580041532 0.427286931273018 0.01224253211279 0.1099271233711
-0.167349326596373 0.449363218669047 0.00579424269076443 0.0992231489974522
-0.322350368048633 0.428633507982984 0.0309244027065416 0.0910635820557627
-0.446678614100047 0.307261371019694 0.0274959501927229 0.0951895570915727
-0.61461880364507 0.129342571275912 -0.0510729065793521 0.106903826714202
-0.633573309176205 -0.165110461365457 -0.0881286394839283 -0.00583453529864194
-0.431002011070389 -0.493814645073453 -0.0331536885128183 -0.0375367025940119
-0.279754879701313 -0.660929616093351 0.0317776686084727 0.0570673303365068
-0.171579750413374 -0.561948181430898 -0.0558705760072432 0.364445730599588
-0.273689082859151 -0.552703505131803 0.0365900815696139 0.25001851925346
-0.502321455545373 -0.384457601434475 0.0660201842389692 0.031358996822175
-0.603027472726919 -0.11237783068681 -0.0269915551467038 0.00517605652929274
-0.540525841423814 0.118319928048148 -0.154541464756555 0.0524460600956893
-0.411511971641826 0.283965548379633 -0.169818958574799 0.154818294774284
-0.251327153583067 0.385401218413406 -0.114935731505365 0.241133795266294
-0.183378486487723 0.364537067642596 -0.0794363455221581 0.274484543359571
-0.168387723561275 0.373743234530353 -0.0787853077809478 0.250533502188221
-0.299496945351285 0.340059899834329 -0.0552466584209285 0.208053231208149
-0.39264562848929 0.216746478700459 -0.0561782280161086 0.158283559084768
-0.495385372889099 0.0545034097425158 -0.0763764325085869 0.124344484292139
-0.4918252484763 -0.15110240299938 -0.0480755244409567 0.0363169654587018
-0.348951181899917 -0.401002606718673 0.0588278948679403 0.0595453236542277
-0.260691259614883 -0.555126386758923 0.0957089032418106 0.264866029829094
-0.167845621814487 -0.374493625333926 -0.0454013719683193 0.565960432125237
-0.230180635498708 -0.334278199121095 0.0772578769599783 0.385705355016596
-0.343583636048416 -0.213469410245872 0.0622581282482673 0.107456142096647
-0.374838601679351 -0.0554752873662041 -0.0606628061053831 0.0347075410454815
-0.347414349114114 0.0694111794396138 -0.240220928501058 0.0988657150836923
-0.280999179543193 0.184151850820273 -0.265893446516467 0.252091756669606
-0.182677173162685 0.257761037621892 -0.204069865077124 0.364044644605006
-0.145053102307617 0.246762424017864 -0.158489066611467 0.399593804867019
-0.146998171934255 0.247299414149573 -0.16189743319895 0.357338886895392
-0.236484353468026 0.206782208038997 -0.151735720379632 0.275648567730375
-0.287164426024781 0.0977398929318989 -0.147374943592967 0.173004783012302
-0.307897023262407 -0.0229413306172808 -0.103199028031363 0.101894017871771
-0.285439126854919 -0.117369985641769 -0.0166764841666533 0.0564266133306371
-0.22240903478766 -0.257465311968567 0.125193257846438 0.130247257352297
-0.201938688693285 -0.372000336482546 0.144121638386042 0.420726798420869
-0.125272088093023 -0.124625373263818 -0.0310016943584335 0.683116919068541
-0.125260032128373 -0.0686859217862501 0.116726637444273 0.465102076238658
-0.117190110569282 -0.0296334919475752 0.0701805683659717 0.170557507478375
-0.0922827782340867 -0.0148871950208349 -0.0671539704726984 0.0641393274621496
-0.114390281599243 -0.0059290067818494 -0.270006244233312 0.136170877472391
-0.117392332023897 0.0469131837309949 -0.302294641959142 0.31483911010946
-0.0914889357371891 0.0859380219582957 -0.252355239810013 0.432338502241605
-0.0850111981407649 0.0913634995012005 -0.214797301557916 0.462837581263275
-0.0935955418957071 0.0907373038896631 -0.232211956762609 0.407647335054025
-0.128366178267628 0.0625213291997196 -0.24161815926261 0.289640021382348
-0.135155321915803 -0.00173952018770938 -0.226735732482197 0.141503178279095
-0.0929497994619522 -0.0528463898496628 -0.11939768405973 0.0528881005311348
-0.0777833928612378 -0.0386325908781459 0.00749590838899256 0.0625071661410202
-0.104600500221476 -0.0746024105701085 0.158854698201025 0.176828974710054
-0.135713110215472 -0.141941576180096 0.173749181860483 0.509797969197349
0.0537038792136303 -0.136963127102375 -0.102102057599198 -0.580481648421911
0.0260410080211005 -0.146248288223621 -0.186946462275242 -0.3047411686801
-0.0890491300325517 -0.109462523460468 -0.0412594117279421 -0.0762011673149714
-0.129596913525723 -0.00123515507820554 0.0747308815147566 0.0272625457821201
-0.0750635678076448 0.0582865599836926 0.295042618231797 -0.0249874429666554
-0.0358532179132582 0.0741305012208544 0.359781291859827 -0.220747622877551
-0.00623314678401418 0.0867159998007205 0.34581423596821 -0.366190777970421
-0.00456699783772506 0.0843302994234565 0.33081376725239 -0.441493259241034
-0.0143055816305459 0.104645951191923 0.331066356692524 -0.427390708431899
-0.0683654149211548 0.0994455176683858 0.336028080372336 -0.323154643635449
-0.108266607061999 0.0742127377821589 0.292066821223007 -0.164580450513926
-0.179807672500924 -0.000322545543225547 0.108076606607776 -0.0949412271766119
-0.122649487774792 -0.135927642171032 -0.0391948392963106 -0.233299061154316
0.0379672641610574 -0.157906366388305 -0.0645907715796842 -0.446703858343106
0.0847543353594183 -0.121920532852157 0.134812120385227 -0.698839230672947
0.0330918757980406 -0.365199455475167 -0.0598104608777226 -0.529098094309842
-0.0178367311605077 -0.361418849024916 -0.137502520474709 -0.305047960329906
-0.220058386007282 -0.282873640875952 -0.0314236799655475 -0.113639925878395
-0.328517523850481 -0.0928635658388207 0.0580128262803312 0.0219775241726332
-0.289957975340978 0.0610343038902942 0.265755301957834 0.00228155828152873
-0.217941644388953 0.162188723862274 0.336444476061921 -0.17563043466517
-0.137095692078976 0.234250513119535 0.32696531584548 -0.298576674721603
-0.115526129267998 0.232516013871667 0.30251527630992 -0.36379603901051
-0.119309920656055 0.263843614289696 0.285479225900237 -0.361625164498778
-0.233963356949854 0.234811180573119 0.292473896226452 -0.278755202252726
-0.309925242906465 0.139304248920046 0.259318842433402 -0.1336225547896
-0.421160400739801 -0.0106826845280728 0.0647220163527455 -0.0674309136526015
-0.348939450173768 -0.26407554771483 -0.089407546994331 -0.213789903453487
-0.0935311740759862 -0.40402828019604 -0.115993443095275 -0.400781634686199
0.0307369282115846 -0.424818841148347 0.058577312047301 -0.593168083927816
0.0185601182444636 -0.552666931820284 -0.0438677311583856 -0.392379021230543
-0.0529067641021143 -0.557274581111774 -0.0908835436261735 -0.245227553904538
-0.333948844946365 -0.449730484805743 -0.00798162247499117 -0.133953283979778
-0.510730505593884 -0.191528012040554 0.0409456266643204 0.000363903417222641
-0.489991314447511 0.0490660054521928 0.193864990388758 0.011093344084272
-0.389389958782239 0.22588919961429 0.253338681027106 -0.117545370352686
-0.25657277845749 0.349381165009945 0.249003734611478 -0.190450863900412
-0.207717364800816 0.346502054625927 0.227411805139691 -0.229631440918595
-0.194359525625987 0.385267040236679 0.20269376390363 -0.236415474023656
-0.347726162005293 0.350771200232171 0.215576379817571 -0.184827220032432
-0.456825659858267 0.214728145197484 0.199356411438576 -0.0771957652563814
-0.608495687766424 0.0179032044543608 0.0251437158501224 -0.0205943714294238
-0.546773972797125 -0.32066865356251 -0.114137005215244 -0.158037828765286
-0.238550720247624 -0.569311533559994 -0.127679789719404 -0.295344537585
-0.0526157564361139 -0.652585597749696 0.0108123048132019 -0.39645095881072
-0.00280604621756599 -0.672766345611556 -0.0573739776950345 -0.180724298226845
-0.103938957830155 -0.693221985582978 -0.0533237821403507 -0.118157922572187
-0.43274746241838 -0.565493030127036 0.0192427446544377 -0.118872878137935
-0.651325065478829 -0.254933440564115 0.0175127660575835 -0.0259395194564882
-0.634053104643955 0.0416128230307399 0.0786152999503668 0.0122435125763806
-0.510744364821412 0.263899312457117 0.115394098760432 -0.0434164020040559
-0.337972535071487 0.414526762689417 0.124081185611393 -0.0540922656991576
-0.266576435558529 0.409597714694016 0.120243634390813 -0.0616302685517465
-0.239107501017841 0.446127844850961 0.100978710964047 -0.0736364265587591
-0.404867337855334 0.41067585267135 0.120979992174997 -0.0546549586524757
-0.531949627210896 0.259271649157488 0.121724966400005 0.00437087808172558
-0.70079260966021 0.0450821416977679 -0.00690095241224224 0.0371320448769424
-0.655852378474712 -0.322705695941772 -0.106747513881162 -0.0833075206592621
-0.342890931816248 -0.630544935957686 -0.0866153748541931 -0.158036895018553
-0.128791460213753 -0.769715860700088 0.00211794260370576 -0.148403916354635
-0.0349261210132189 -0.692355538052659 -0.0876381786568944 0.0777565050710808
-0.154123690836818 -0.720963092996322 -0.02691555272514 0.0598609637942431
-0.481984099938506 -0.582703483405587 0.0349267320364847 -0.065100111110541
-0.692344401978956 -0.261946539239144 -0.0200699675977392 -0.0367199138740294
-0.671740112249955 0.041154646529575 -0.0636563247303492 0.0192941776873426
-0.544119219693199 0.26743680638474 -0.0536372289074495 0.0466585453978261
-0.36374317004696 0.417435106890845 -0.0257697346744347 0.0965923509017792
-0.285731707910666 0.407127632792633 -0.00254902113511964 0.11624763469152
-0.25449003478607 0.435124505073573 -0.00940197494271561 0.0974269225656974
-0.412065138746284 0.393633985435408 0.0191272233014228 0.0855211378694955
-0.52977035484799 0.237495655067406 0.031321104614286 0.0898111018508136
-0.671096647658319 0.0331350502245732 -0.0380332500778759 0.0864202473124156
-0.631025859204205 -0.296968932029739 -0.0772822492793551 -0.01313751858228
-0.358828595686779 -0.596189136808601 -0.0117382663299187 -0.0223178151306311
-0.171972600454683 -0.761579376400246 0.0247669234513104 0.10699716533676
-0.0716901333326053 -0.601384198715516 -0.1205752417323 0.339282648093243
-0.185951997123514 -0.609862287726707 -0.00730797365407603 0.247468952492117
-0.445017549615032 -0.475611077464671 0.033752161191286 0.0150203352667174
-0.593707917272099 -0.204328260836714 -0.0627890404746115 -0.0230605444858467
-0.573967816686929 0.0364057477340947 -0.197573331563431 0.0426383332060236
-0.475972712463134 0.228621473353083 -0.214364033718031 0.143362475633353
-0.32325246875015 0.357037624673947 -0.170091482832902 0.24034685165601
-0.259973373016741 0.345514489184604 -0.124156756413757 0.276317280744805
-0.241019789106547 0.35664099272081 -0.120429162729862 0.246754687050378
-0.371852146866377 0.305012834668619 -0.0888040258925984 0.197836833384518
-0.457462946851664 0.151548302477429 -0.0682737288527207 0.14741332077382
-0.532268111936186 -0.0241314132219247 -0.0724728032546336 0.106967611875364
-0.484419398446293 -0.252956838793533 -0.044988555059439 0.0354952606754335
-0.290491776766026 -0.482560331800384 0.0644769654985091 0.0880672674553446
-0.169388233326854 -0.64001558573405 0.0561375753549696 0.329631823077781
-0.0977403168823518 -0.407587431674068 -0.143237080989267 0.557843630922111
-0.174992262294547 -0.378969248380388 0.0139895111306011 0.402399150303648
-0.313680817129819 -0.27365994765994 0.0281247853551892 0.104247870105649
-0.370818471270653 -0.109921429437778 -0.0904419983127799 0.012368653849692
-0.367453123292938 0.0202681211324266 -0.284179318898434 0.0744235118818076
-0.322953423904637 0.14981457633563 -0.326541999458227 0.229853545820658
-0.231744230761959 0.237174164266126 -0.279007024062654 0.354643113857619
-0.197098425591933 0.231259900344689 -0.226763534483072 0.396563238782589
-0.195792260083074 0.230255165227673 -0.22336668605202 0.350316410903675
-0.283134177610604 0.177032800092359 -0.198749841904452 0.259483533197625
-0.322221255542189 0.0478806434689514 -0.17004343670799 0.153353303829439
-0.321465456977791 -0.0737154841594954 -0.106488931797458 0.0864230740354724
-0.274739064451716 -0.175756153357162 -0.0193385970792274 0.0588479958870585
-0.184932843411691 -0.305998204787782 0.116352367712982 0.163032361218045
-0.142037054297067 -0.432116760345421 0.0809094700901771 0.490928515567857
-0.0969677089575685 -0.142983494697025 -0.148851673400368 0.691199243510354
-0.110270669570298 -0.0903194743376325 0.0445659849986413 0.499517376713093
-0.113550237679156 -0.0476855279481108 0.0400424913738225 0.18278165731609
-0.090307097057674 -0.0257049552950588 -0.0855295328518376 0.0512416041586527
-0.11501734890027 -0.017749862132174 -0.309888923255524 0.104661108920127
-0.129335522251111 0.0351328381483972 -0.369272545920329 0.287007094462259
-0.109474120538764 0.0756224145643396 -0.335869392677532 0.419052831741037
-0.104512017021277 0.0820607606996608 -0.294607706461418 0.455629754548548
-0.113280483118166 0.0771250824683013 -0.303861790643107 0.396025278594746
-0.145108035668164 0.044911838175161 -0.29592819829032 0.266224609985353
-0.143846972852668 -0.0262892513844273 -0.254675342517437 0.113335020419061
-0.0899078865155604 -0.069668295744085 -0.126380011652027 0.0374710389152228
-0.0734800853844046 -0.0525145997724272 0.000532140191749869 0.066387198793828
-0.0962976985613849 -0.09177840254685 0.138889852016718 0.208662871507801
-0.115921113384065 -0.173282875765836 0.0984931840214736 0.577798142244171
0.0436566260007282 -0.139222053702652 -0.153835072177746 -0.58118479330282
0.0153388600826433 -0.151088777470251 -0.210935027674493 -0.289945918856329
-0.098206001720982 -0.10353341283286 -0.0480183404242882 -0.0707140134842725
-0.130755033522296 0.00909501808161473 0.0773581087137282 0.0212853562493509
-0.070639058386354 0.0655230478229621 0.29494278313155 -0.0543145838738071
-0.0279286958299914 0.0766922953070238 0.343251344442078 -0.25687337544282
0.00208047105961085 0.0877310351963371 0.3161117143007 -0.400955377272469
0.00304786886686764 0.0857829181241619 0.289695794644596 -0.478685159460318
-0.00515068035921067 0.106751974277268 0.294458974237446 -0.464217850994389
-0.0605546891465694 0.107976705453208 0.310886023116729 -0.358238167781421
-0.102464213664457 0.0841548691067092 0.280304709710981 -0.192342417082841
-0.182877724078321 0.0155580474465182 0.100433889362632 -0.104165652486752
-0.136605069301102 -0.125694569961441 -0.061909085980646 -0.230186467156009
0.0252879355870233 -0.164697538144883 -0.102733396074363 -0.440969919310872
0.0741505086762022 -0.129968620185662 0.0756107625305846 -0.715637478303188
0.00304256777371854 -0.367708541731068 -0.1054896694172 -0.533194084477125
-0.0479211471037976 -0.363568678424703 -0.161936663406401 -0.294891182862272
-0.245788104127118 -0.263512567444941 -0.0426571015232916 -0.110885872863989
-0.339502224471788 -0.06286512724578 0.0600209947625956 0.0174383143101518
-0.286387665614291 0.0910821937668597 0.269476378323425 -0.0252665994303442
-0.203278253834697 0.183287851162237 0.323348028924181 -0.208844716459517
-0.116089789342025 0.248560628465498 0.304199144065193 -0.333876367140479
-0.0950742696571515 0.246326851314985 0.269258931321181 -0.398040873625357
-0.0974608896331485 0.276888156432792 0.255785458307207 -0.393182641395691
-0.215042469755673 0.260268916166873 0.270716306382023 -0.309485097007946
-0.300346868766088 0.169228815677902 0.250426252585172 -0.159644430420737
-0.42764607673129 0.0273573774113664 0.0594715339790176 -0.0708486147290996
-0.37703538222071 -0.232700698013267 -0.111073630804791 -0.207653893177212
-0.128005024901038 -0.401645962512467 -0.15332811079703 -0.390325566951866
-0.00800724117230475 -0.428599000002414 0.00929823164091965 -0.602648939811405
-0.0284476309803 -0.556620030485189 -0.0803840636696776 -0.39679124216555
-0.102871522360346 -0.557699364189501 -0.109107731184342 -0.239772293961418
-0.376062644019515 -0.41867261495272 -0.020862640794248 -0.134984649989908
-0.529566193710763 -0.144817321898791 0.0419457520918348 -0.00434365743310908
-0.488792716731104 0.0993387020859016 0.198790505051857 -0.0092457552582901
-0.36982805717076 0.264295513876835 0.244348012807978 -0.142135768517047
-0.226457718852588 0.374906455105492 0.237534039468113 -0.218771610517597
-0.177477710712974 0.370024758208696 0.207561344120549 -0.256156615383339
-0.161887273891074 0.405707219314394 0.184686390824987 -0.2585298624552
-0.318999800565677 0.387195917592988 0.201596427552169 -0.208769392721988
-0.441490611857617 0.260368785523159 0.194975226121913 -0.0980989235164978
-0.614648753782924 0.0739118243039415 0.0239506834935657 -0.0190166822359718
-0.58144789403856 -0.27188873870896 -0.132079064460386 -0.14893702685022
-0.290133413914773 -0.553755516555 -0.155637198755833 -0.284635691007305
-0.110716742562965 -0.65077000544697 -0.0213798341811656 -0.399412328179069
-0.0623597136064088 -0.67536794369149 -0.0759598048175233 -0.181989986655245
-0.166122495227434 -0.689697050193357 -0.0610407451547843 -0.115820229965109
-0.48566440330891 -0.524685427621715 0.00731180029759022 -0.123386409395635
-0.678024992851957 -0.194604051599774 0.0165367597440425 -0.0287734573661789
-0.63421889312783 0.105839236886933 0.0838870013728383 0.00193128943422566
-0.488990043333782 0.315466390366593 0.112116553143838 -0.0544285062758533
-0.303503947008598 0.448219455601365 0.124366844422017 -0.0695796511816486
-0.23116609977332 0.437523318204741 0.116332665235967 -0.0763985698909243
-0.20065837962415 0.469925784135918 0.0968051764509631 -0.0846981670123563
-0.370800999796185 0.453823117872124 0.117685497124501 -0.0683245947049789
-0.513147645174457 0.310758849756599 0.123113821136784 -0.00974002701275706
-0.705807343108547 0.111155597918888 -0.00345135213635452 0.0419807960063878
-0.690066989562008 -0.262427882944498 -0.117731118244491 -0.0746110500816741
-0.398120263414776 -0.606770565362876 -0.104506157664237 -0.151753486867659
-0.197805974837495 -0.759808628213738 -0.0081328796588777 -0.148053260936964
-0.0977434273901717 -0.696354272367146 -0.08387551290891 0.082697469926047
-0.220725569680966 -0.7143916075907 -0.0203602094381694 0.0609250005793917
-0.538497495367937 -0.539627165624769 0.0285218877213316 -0.0718393216647265
-0.721746789379675 -0.196811401634547 -0.0215647375229323 -0.0376099139149074
-0.672125780531983 0.108193342052883 -0.0593391923395946 0.0235664810061223
-0.522489596829273 0.321520736138336 -0.0503479361595514 0.0524409706716463
-0.328092001768199 0.454839836976318 -0.0128891684919976 0.0967065259262352
-0.249266610016819 0.43743032995999 0.00995490588738691 0.114302002115795
-0.218860399955466 0.460176724188638 0.00178949498312223 0.099086034878568
-0.381027337559022 0.43614642758303 0.0270688068094159 0.0820884726920276
-0.512972011439311 0.289233333493137 0.0391982845080211 0.0842027398786269
-0.674984497378836 0.0947852634219063 -0.030710439567102 0.0945373345971706
-0.661103503954192 -0.238399781907186 -0.0821024796589009 -0.00722124330970798
-0.412429643312039 -0.569204396413415 -0.0167655626520389 -0.0221789759777645
-0.24009645985189 -0.747478135498085 0.0365382032813297 0.10787115122939
-0.128184315130336 -0.601527421344402 -0.0933007335558945 0.351764526561265
-0.243060664261772 -0.598885831572816 0.0141494338223068 0.249144593274886
-0.492693158068778 -0.434949959593629 0.0342523070143862 0.00878437558838832
-0.61740231927568 -0.147910891317706 -0.0638065838839191 -0.0201774702634174
-0.575610614819034 0.0945266868706164 -0.192111835002745 0.0585934530225494
-0.457666727976056 0.278521327877259 -0.203673057455129 0.16523521210794
-0.295036478002327 0.389644487479879 -0.146047138718676 0.2553284654232
-0.22922225569946 0.372488411992427 -0.0972479982731617 0.288188015418062
-0.212251611246819 0.381164815417479 -0.0963993343037834 0.260537768847698
-0.347360103596557 0.343052030530784 -0.0725082643462936 0.206602257802884
-0.447442841613068 0.197757247197729 -0.0564572297682132 0.151339550103161
-0.539325529040327 0.0261400724383717 -0.0640021259557381 0.117589192539935
-0.509193862984826 -0.206607551366023 -0.0441931169794188 0.0383198102925024
-0.335075094486912 -0.459416786531408 0.0696069324284421 0.0813125733370286
-0.229411523206203 -0.625811803543351 0.0885851199983065 0.329594417239812
-0.13725579114925 -0.40349066833717 -0.0961674801392232 0.575568556001696
-0.212578462862546 -0.367493292829747 0.048593131947762 0.40366122583222
-0.342811305068114 -0.243453664305514 0.0365160710590181 0.0989649465878258
-0.383868003263648 -0.0731751409149498 -0.0890787244354656 0.0175357744951501
-0.36865071709699 0.0571918330146656 -0.278616204650858 0.100588267411188
-0.3122900081758 0.184575987116024 -0.309718329233427 0.262694806952381
-0.212797088509056 0.261558343276056 -0.246564726477705 0.382670954115667
-0.177066701085563 0.251454649232014 -0.189061693605773 0.420612351485043
-0.177353000632666 0.24915920852212 -0.190661573538437 0.375749757637147
-0.269139606714568 0.205622743558242 -0.178485766230726 0.279284758703804
-0.320535120653505 0.0804551722856757 -0.158788923891707 0.168716800584583
-0.330518715791446 -0.0440538779576149 -0.100173852436743 0.0986503841889018
-0.291162060389871 -0.148990489967968 -0.0156387445802896 0.0598433598868558
-0.212673696185929 -0.289378945122617 0.128799584471186 0.151625617431205
-0.182699669951412 -0.420679963145576 0.127526626803827 0.490202081251779
-0.113434201859903 -0.137521643857243 -0.0879883169024281 0.713227842293225
-0.121367948542555 -0.0819491976849334 0.0874245555068295 0.499463595261282
-0.120434537594731 -0.0347071629740923 0.0552759506583112 0.177292237364254
-0.0922335169241619 -0.0158372149833095 -0.0811386180201674 0.0576149485854692
-0.117712228942298 -0.00647265657217446 -0.303153454027707 0.134291796159718
-0.127670375747212 0.0497841019507483 -0.347233819787571 0.324337762434752
-0.104622590205765 0.0868008812800431 -0.29770986840083 0.454287877741034
-0.0971271360814451 0.0917481745790595 -0.252253977495319 0.489175965642955
-0.106966797656713 0.087427355702473 -0.267849242741188 0.429599489685156
-0.14179567328278 0.0585677584820354 -0.275246699715216 0.297568107676696
-0.146383162568717 -0.0118717380588144 -0.248928524491564 0.136585399875688
-0.0957621291557928 -0.0607036746711468 -0.125649914970018 0.0497527790103063
-0.0778791848280805 -0.0442879839408578 0.00653338127289991 0.065510905205539
-0.105907127072156 -0.0820446895300254 0.156183292878158 0.194915369240774
-0.132506548579497 -0.16360472811269 0.151246706202373 0.57572090130496
0.0350225945580703 -0.136171400643159 -0.189822013603529 -0.56085229211851
0.00603570286452198 -0.149247535399856 -0.220916939295962 -0.268104570304172
-0.101398444801057 -0.0945990686482994 -0.0516470879295087 -0.0638352094816009
-0.126616976360061 0.0177574107136107 0.0754746532832532 0.0162633255922144
-0.0642170308532296 0.0687612204960475 0.28214912491499 -0.0772232390028912
-0.0204222347122435 0.0752029974017659 0.315245323864706 -0.275452259315585
0.00916447911030866 0.0845542737734738 0.27820303870566 -0.414410776531545
0.0093010048767236 0.0830101964661432 0.2452620720628 -0.488134377910547
0.00230540470729812 0.104447232753623 0.253436055157464 -0.473666415580245
-0.0514914601502461 0.110360729783688 0.277655153791798 -0.371503729436722
-0.0944185068437188 0.0878381070617777 0.260629105064702 -0.206612451167959
-0.177020820008797 0.0271170430572654 0.090947236407794 -0.107211464030268
-0.142157081796806 -0.112229462261822 -0.0764593080105647 -0.218144544564754
0.0144475269085089 -0.164404064151597 -0.127899224500241 -0.419907017345832
0.0631082889157451 -0.130955425082392 0.0267487341316025 -0.700530668568256
-0.0202461552085872 -0.354865411650001 -0.141343061201751 -0.515938708295813
-0.0699263490210424 -0.351066423520665 -0.17316792056716 -0.27648403231297
-0.254794350015501 -0.23814269835155 -0.049942381767113 -0.104113997506166
-0.332752993851837 -0.0369357943031929 0.059409556206794 0.0128982751800791
-0.270824887072584 0.110454740830048 0.260170774839901 -0.0462980912280792
-0.183007339293985 0.192340519600982 0.299893108988111 -0.226292329646467
-0.0944106611640151 0.249407865487331 0.273657518682534 -0.349368146733096
-0.0751941346465346 0.246135842809791 0.232554350399156 -0.409309515873434
-0.0754450833119517 0.276238378444244 0.220053101849044 -0.403138944985549
-0.190406314587451 0.270214927955198 0.242508103544523 -0.322699401591204
-0.280809847835476 0.186153599424614 0.233131666676104 -0.174826811006625
-0.41660009315412 0.0563459060202278 0.0535642073106708 -0.0704912539228105
-0.382592042930339 -0.198908071238554 -0.124539929731343 -0.193571082856112
-0.150818684717636 -0.384591728138921 -0.174288744189298 -0.3671497759991
-0.0364626903251646 -0.41357726621385 -0.0298379910763629 -0.585280661545315
-0.0635159524991194 -0.537466974154146 -0.107423733546929 -0.38512924016753
-0.136369913724192 -0.5336611087533 -0.119023579118645 -0.227586405732743
-0.390588927493126 -0.378541791689883 -0.0307187899180837 -0.129358191956238
-0.523450132688435 -0.102154476177852 0.040480101556148 -0.00779490794658132
-0.46745873002621 0.134932643727452 0.194045519404084 -0.025839774496453
-0.339144281548547 0.283820622349115 0.227579366127926 -0.156093779028087
-0.193606137458949 0.380847825601056 0.217497024188982 -0.233761092390678
-0.146336865145804 0.372284430763108 0.182015127068829 -0.267092923580066
-0.129607540627078 0.405800508098313 0.162166749447517 -0.267428275807638
-0.282359363155058 0.401543120475519 0.181454685721396 -0.219430742201434
-0.411965944461515 0.284571034827347 0.182447491865422 -0.112076019453339
-0.595243608212682 0.11647289930245 0.0229793682166414 -0.0167257240636645
-0.583849690984408 -0.220019399052504 -0.14121807867279 -0.135691450730565
-0.318189821431134 -0.520722892148308 -0.171111525652423 -0.264458510512531
-0.150954552184659 -0.620936445243062 -0.0457323205931808 -0.384930251612167
-0.104760237040476 -0.650371751920399 -0.0884494492074503 -0.176262499768596
-0.209291885193437 -0.658241213524816 -0.0649746849650826 -0.11019213644257
-0.50724588016514 -0.471906047196162 -0.00269636415923196 -0.121451146325465
-0.670599845342134 -0.140073173282609 0.0149827818687068 -0.0310859228723267
-0.607499239051305 0.151807047794602 0.0836051840078684 -0.00775422378690711
-0.450337195167728 0.341622060696149 0.105484394112378 -0.0610788013075758
-0.264988132354751 0.456975310114249 0.118987820505149 -0.0809555389605716
-0.192986260955075 0.441495569255079 0.107558946133074 -0.085225218001064
-0.163081083634644 0.472503729666795 0.0896262152294907 -0.091061140450141
-0.328064521208439 0.469782045631321 0.109604233519713 -0.0774319907567797
-0.478342017006137 0.339880441560373 0.118580709424649 -0.0216544679444027
-0.679925914324931 0.159652108968337 0.000526755803094317 0.0450112763364241
-0.687188807763714 -0.202227587222265 -0.122663227793744 -0.0649429036548786
-0.426281383366273 -0.564020560982268 -0.113463393445049 -0.138814473247581
-0.243188914736161 -0.719603642280266 -0.0152245778997329 -0.142319636551806
-0.141324895865242 -0.668357900510833 -0.0784089638150485 0.0833121354089365
-0.263566914007776 -0.680032173988734 -0.0144844198635413 0.0594023238300728
-0.55988133054678 -0.480287984257559 0.0207728959594994 -0.0737326997786272
-0.712495246721113 -0.135855580813211 -0.0224541117584265 -0.0379382895446224
-0.644358670930588 0.156313664258413 -0.0535684630722143 0.0231902986497624
-0.484099223248363 0.352833824936455 -0.0451761079657827 0.0545370232714174
-0.288101670803064 0.465557836702317 -0.00249229814704458 0.0904077764965673
-0.211261984724513 0.442909305551197 0.0180302551787133 0.108235872715186
-0.180630332646576 0.463397057477467 0.011447644097444 0.0949147873909499
-0.338847713924339 0.452330794017996 0.0312101567147877 0.0762523173626173
-0.479082743493531 0.317819634329912 0.0424036281998293 0.075881179833922
-0.653249427255709 0.141127172139385 -0.0217054230047664 0.0984833801903885
-0.657035046798533 -0.182185632051806 -0.0831523665544872 -0.0016154018827913
-0.437726518251732 -0.525083055740372 -0.0208386755348579 -0.0197601177316526
-0.281731111288087 -0.704378485559311 0.0459311237870699 0.103776804118292
-0.16493230804393 -0.575269938750677 -0.0692429477146344 0.347010329453477
-0.279013010908253 -0.56643593579296 0.0307337706957245 0.240656284912177
-0.509117440025331 -0.383117409803989 0.0318939731973399 0.00377267108164165
-0.609304215080373 -0.0969635020143201 -0.0629745359322397 -0.0184270002611128
-0.551825567968702 0.136821980911761 -0.181191931952137 0.0678913932901781
-0.42439012069001 0.306873202592516 -0.186441581608569 0.175630991742729
-0.259817158002982 0.400683769811898 -0.120906949614586 0.255609765059201
-0.197117778243386 0.37746728439206 -0.0725576404492807 0.284982243119692
-0.180216771947347 0.384516329733066 -0.072517287650834 0.260890401657705
-0.313521810574134 0.359226545635865 -0.0561253438409494 0.205111978294117
-0.421158259464851 0.225901364065705 -0.046270042913745 0.148433898809645
-0.524341617462278 0.064547318221837 -0.0532550658568804 0.12164085040855
-0.507086608044142 -0.162470454986874 -0.0428244428256799 0.0396086862770817
-0.353648574519636 -0.422289769234433 0.0694891028019121 0.0723476826854082
-0.263749693284061 -0.588619185281577 0.11061097140073 0.31671133774722
-0.16310142278677 -0.38453691899545 -0.0547617272083411 0.566156374934641
-0.233282504667237 -0.343199336756393 0.0733027571477267 0.389656440669445
-0.3511331568978 -0.208146513899179 0.0401866307597936 0.0913535513212977
-0.376415897960226 -0.0421558144639528 -0.0850379284283748 0.0201392088547556
-0.353820532128602 0.0844523054550826 -0.262621292209186 0.116134889030555
-0.288638868958363 0.204041456533741 -0.283212325185146 0.278422159845288
-0.189355705308215 0.269677934804915 -0.210308454167249 0.387476962132361
-0.153893130683144 0.256051649583127 -0.151952582829442 0.421021140116059
-0.154899875345657 0.25408739270682 -0.156349384049042 0.379065514485348
-0.246426892693774 0.218481541468017 -0.154656945322592 0.284530963271098
-0.305571551357551 0.102195724799704 -0.145202629966336 0.173049731008912
-0.324419591174073 -0.0179401963979014 -0.0901728738795134 0.104981541453214
-0.291030867922927 -0.121761427552879 -0.0125882497580154 0.0573078089919638
-0.225631586201303 -0.265217649119729 0.132166191436873 0.136968222693801
-0.205145107918139 -0.392626935595562 0.160176141532481 0.470684104459868
-0.122350458185839 -0.127320122882106 -0.0374795272920552 0.701533700867364
-0.12546714049794 -0.0708411368190568 0.116473812434553 0.479798310473445
-0.120200651330663 -0.0219762128437463 0.0640577338498647 0.166696188988268
-0.0896781594922017 -0.00698425782708507 -0.0750152688064899 0.0588611634548221
-0.114913416414128 0.00269556096945392 -0.28428680239108 0.152745776544005
-0.120153622136787 0.0595069793536567 -0.315418426744956 0.341167911335092
-0.0962915970218248 0.0924882281445348 -0.257135092971164 0.46320965716414
-0.0881675142292178 0.0955599061367933 -0.208238980290254 0.492592350592563
-0.0979450412032057 0.0921606514746536 -0.227862450960958 0.438295321664117
-0.132700147590697 0.0667454827652675 -0.247355707104014 0.3096536485008
-0.14230080639279 0.000531566760499032 -0.235131682936015 0.150999828556281
-0.0961225678056951 -0.0513113219444942 -0.11850841797395 0.0584012556077373
-0.0779549448688238 -0.0357696254667799 0.010947802951855 0.0614633737644894
-0.108953767865821 -0.0701926235846199 0.161453296326936 0.177455501449778
-0.140161752554095 -0.149084289459248 0.188238378118479 0.551123661035088
0.0319232618624328 -0.131132306025683 -0.202150768088825 -0.540137412464851
0.00246915999422415 -0.145702271504095 -0.218653608191062 -0.254003408725978
-0.100139379172005 -0.0895348016799908 -0.0516652577203289 -0.0586583344448982
-0.121880352048133 0.0206233632242964 0.0735734405831534 0.0141790463005537
-0.0596683564626659 0.0690000726863407 0.268804823510735 -0.0851912353935496
-0.0164166784921055 0.0719334685881464 0.295354171827112 -0.279207015973752
0.012484327855583 0.0812342630825546 0.255090058002644 -0.41201263339395
0.0121493034502146 0.0806261776961312 0.218113006216764 -0.481807652627745
0.00604438592094025 0.101347391084571 0.227068348494565 -0.469630308742238
-0.0463067285843658 0.10971830379164 0.257048812998569 -0.369262522120557
-0.0889474005202184 0.0878678847361714 0.246547686110989 -0.20944561419607
-0.171593111431989 0.032410885499808 0.0849019365656158 -0.106429489747727
-0.141113096858094 -0.103225011994534 -0.0820210015886238 -0.206981864859382
0.00867328885699221 -0.161868958775636 -0.134458530973475 -0.399234257239926
0.0566756960030175 -0.12788440429022 0.00510009255633806 -0.679179841082037
-0.0280334722909568 -0.340762116417267 -0.15487951829684 -0.498661210026817
-0.0775974488200142 -0.337056649471067 -0.173462088779565 -0.264183746698642
-0.252121483771791 -0.220911951751222 -0.0520277030151127 -0.0983253580773202
-0.321723555224686 -0.0231425321425204 0.0573985128904476 0.0106991691251629
-0.25682932749327 0.117650007137254 0.250535249696494 -0.0565785376292552
-0.16875971605923 0.190916881627537 0.28125716627821 -0.230930353398728
-0.082664562178402 0.243933695433272 0.252942409743702 -0.350627397144902
-0.0636853731148716 0.241238138638454 0.207517739336159 -0.406065291990485
-0.0634096872476096 0.270298634268078 0.199038699627692 -0.400332449378478
-0.174984716749661 0.269924572567238 0.223663546809009 -0.322177608528691
-0.265999151803763 0.190268644342329 0.220556088910725 -0.179856578808867
-0.402987908382606 0.0691869298501072 0.0498130612612361 -0.0680162137973972
-0.375675747498214 -0.176892617897144 -0.128374371417199 -0.181416663325644
-0.156846869463424 -0.37008422735747 -0.17908479237416 -0.34705647083399
-0.0479607412456566 -0.397146256859114 -0.0443667958286372 -0.564876579687016
-0.0767957811072411 -0.515551572603231 -0.118410518935777 -0.37314404564611
-0.148951331712263 -0.511872156520352 -0.11963898538193 -0.21886953380961
-0.387901873869874 -0.349337091684227 -0.0357570249630312 -0.124389965053768
-0.507120351796673 -0.0798313008872463 0.0392596867699267 -0.00971542849400934
-0.445226720461685 0.149375395268677 0.187667940021018 -0.0360824973197705
-0.316199842778276 0.285690157281058 0.214643773057118 -0.159851281919999
-0.173810714686561 0.373635895654712 0.203357890404976 -0.23815840286848
-0.12760562488834 0.365439216655515 0.165189544666497 -0.267358132248568
-0.111359442754191 0.397010042145987 0.147103621905776 -0.266289627244449
-0.258889776730428 0.400537358646487 0.167718909768643 -0.221004593777287
-0.389413825999999 0.289822178615213 0.172243914358427 -0.118308726347629
-0.574491709345463 0.133950125964605 0.0231527389691001 -0.0139625949781841
-0.568795586854244 -0.190439563581441 -0.143891926750876 -0.126290897654677
-0.321835328448643 -0.496687248012637 -0.175108916458573 -0.248168514145447
-0.164464795018307 -0.592745467319713 -0.0536505983340465 -0.371124610747886
-0.121590355172958 -0.625287779540211 -0.0931859767986048 -0.170575390389874
-0.221571532755865 -0.628527517999329 -0.0647155672988587 -0.106792049110656
-0.502517551048589 -0.435442993728075 -0.00795976396776063 -0.118076156994398
-0.648678038545112 -0.110746539368579 0.0131215732576534 -0.032053613955273
-0.580255805852505 0.172039741530421 0.0826189903493347 -0.0146024489076671
-0.421711631662728 0.347927402875679 0.0998131976977233 -0.0636728517775334
-0.238871526008419 0.452027552917461 0.113967050258583 -0.087903474736473
-0.171137453326138 0.43406343907542 0.0996970984190422 -0.0886704256035617
-0.142180637722661 0.462674742018375 0.0841030541655391 -0.0929310286379917
-0.301596094911945 0.467504939623648 0.102495110535886 -0.0800683077914313
-0.450720159500667 0.345812502027212 0.112071363191308 -0.0283571598471787
-0.654427541772289 0.179152664714423 0.00399225485986736 0.0468538092747409
-0.668459476133159 -0.170620978712695 -0.124151574696796 -0.0583832205886
-0.429177074906169 -0.533650422497186 -0.116339085848096 -0.129120827206133
-0.256358291598656 -0.68455217001398 -0.0164358994588999 -0.136283475610964
-0.157704559249566 -0.641904280400081 -0.0743951107451692 0.080912520446713
-0.27736476909617 -0.647832408168221 -0.011238203474485 0.0557280721187861
-0.555160526032932 -0.44145854170899 0.0162256711557037 -0.0733406967696197
-0.69123800031089 -0.1062938751995 -0.0225448431497681 -0.0386643052248925
-0.615046203552795 0.178687954774965 -0.0489695012761591 0.0202633956959528
-0.453204839718795 0.358857358816004 -0.0416261784803895 0.0541346869215962
-0.26411170980521 0.461159559829049 0.00245791081339759 0.083262739788369
-0.18845546936625 0.434758103978089 0.0210730561104895 0.101780051788497
-0.158966667943754 0.453465131843881 0.0146538853920195 0.0904485157496929
-0.310829586058245 0.450708728866485 0.0321562825746041 0.0715466116566295
-0.453302993882631 0.326116860884836 0.0416272628372675 0.0688706974271361
-0.626926635183015 0.160968412787744 -0.0160968424144704 0.0985347844138386
-0.639241320234285 -0.151041546228678 -0.0835155042181587 0.000627990014319753
-0.438785184619822 -0.494564335409948 -0.0235633481007836 -0.0182561261685177
-0.293153609026839 -0.668006963896185 0.0507926665144394 0.100747949440994
-0.180291938516923 -0.552296858210597 -0.0563723368171587 0.336638557504644
-0.289774407655484 -0.539804042443546 0.0381629690753888 0.230595738503814
-0.505663864324783 -0.349022990073402 0.0291138859801216 0.00128156571217665
-0.589780340248813 -0.0699868924645141 -0.0609089365007661 -0.0193991007582229
-0.526083275430758 0.155020225202677 -0.171404307599704 0.0687344767516528
-0.397347758744482 0.314878597934537 -0.174047595776342 0.176732157516272
-0.238259401396613 0.396802338650561 -0.106540784014545 0.247927883366266
-0.176600560994819 0.372405230982664 -0.0598121017072239 0.277157252324817
-0.161216412404122 0.378301562001654 -0.0600345841327136 0.254135376154527
-0.290733255620466 0.359425777806459 -0.0489095503978257 0.200669168234947
-0.398993159145365 0.23366993085977 -0.0425770894610099 0.142266822427415
-0.505957705812024 0.0810284154744802 -0.0462791846558613 0.122181439540403
-0.492419053893632 -0.137332086122653 -0.0428942421958171 0.0386950045784512
-0.354940384873752 -0.396115488794711 0.0664711747631704 0.0677163645915899
-0.27161246540087 -0.555585602622306 0.120525290272306 0.30474799738242
-0.172028128249942 -0.367193965855245 -0.0338019196441674 0.548796963542732
-0.238179116824358 -0.324695785885824 0.0834791823866252 0.375207083675491
-0.346531732858485 -0.185566447750497 0.0401583861377448 0.0857269913345919
-0.364120845631509 -0.025216935736956 -0.0817044820571011 0.019431749799805
-0.3380893469873 0.0961312765300336 -0.248979881923568 0.119857283498556
-0.271160495269312 0.209425682563803 -0.263833095596774 0.280202824695747
-0.175537288649528 0.268836207526783 -0.188739309408243 0.381933215148384
-0.139879828936629 0.252350845322944 -0.13108894521882 0.411906671348266
-0.141534895865325 0.251264971383757 -0.13709070394681 0.372900778979061
-0.230545391398899 0.220891326063744 -0.140753959567277 0.281551683068592
-0.291387198074495 0.110977563103795 -0.136820100135175 0.171153984467282
-0.314458707644334 -0.00541485616785187 -0.0836494893685478 0.106474567469998
-0.283301110074277 -0.105667772817225 -0.0120417264595306 0.0542705206461418
-0.225345847304601 -0.247548417958158 0.128029113195261 0.12652466086611
-0.209442557264363 -0.370668912733795 0.173267349015766 0.451997200227381
-0.124698615829457 -0.11964152683414 -0.011063310364839 0.679785010643917
-0.124586227587198 -0.0644234744913978 0.128061954704287 0.461652647203724
-0.116902578085197 -0.0141458266043079 0.0654695855623715 0.157216381240989
-0.0856987658106072 -0.00279477048191521 -0.0713444611314462 0.0575742456341495
-0.110863498637882 0.00761294637004369 -0.269292712006856 0.157442257833436
-0.113939797424312 0.0635315114950198 -0.293347297841214 0.342793012867434
-0.0904994948305339 0.0939748226767501 -0.231188318890621 0.457383169133085
-0.0820629698731106 0.094670411526897 -0.181780252129228 0.484623933512431
-0.0913277362456893 0.0924177958443538 -0.203818590256178 0.432757326136257
-0.125722068103927 0.0692018095731858 -0.229323527726014 0.309571157223555
-0.136002287276618 0.00671210601740889 -0.223999275060249 0.153586911952538
-0.0935848063160449 -0.045134386501638 -0.112959786206714 0.0610302968513288
-0.076010833800872 -0.0305892175409365 0.0119394770051974 0.0574051037140455
-0.107194923733102 -0.062719910148513 0.15876048775108 0.163980202740212
-0.140032061936881 -0.139256487752584 0.202967427840728 0.528992356501792
0.0327813983625785 -0.12846252377877 -0.206706218302356 -0.535805360790649
0.00269877186378241 -0.144715401672117 -0.217110540528143 -0.251087713678339
-0.098592602199232 -0.0889920670543879 -0.0507049463246611 -0.0564587277817533
-0.119887204849136 0.0216886762063715 0.0725084932062985 0.0145051939704818
-0.0578177139061309 0.0689292487091382 0.264767996256129 -0.0888921530765222
-0.0156037686879445 0.0696621571053336 0.287715500672461 -0.280238506641723
0.0142506639211468 0.0791312773429456 0.246069149422282 -0.412416133230427
0.0131686825013406 0.0795711459120462 0.207451064585112 -0.480960353218923
0.00697630675076271 0.100685291058655 0.218178961092335 -0.46908853364571
-0.0442665618317714 0.110500260755484 0.250176395144491 -0.371248436508979
-0.0880264663666773 0.0874967666226835 0.242338494238386 -0.210644301210322
-0.169947468376244 0.0336585718286277 0.0826233358881916 -0.105511739797382
-0.139178812540586 -0.0997671454693213 -0.0846776167245096 -0.202025257200823
0.00764713343110074 -0.162314216067401 -0.133740361132712 -0.391101613519437
0.0544778011018448 -0.12640108448711 -0.000972727966037156 -0.671363942562051
-0.0289276718747717 -0.335457494642692 -0.159644685008338 -0.495574561899923
-0.0778745846741436 -0.332426148720403 -0.171915584845412 -0.262024600483494
-0.248824592593201 -0.213968513213927 -0.052324077241104 -0.0953728461984021
-0.31690730962998 -0.0194139960676128 0.0570547224512452 0.00985788186703837
-0.251301183602263 0.120679771258937 0.246193380223115 -0.0617152889677034
-0.163870633483997 0.1897576707083 0.275264049088257 -0.233144333775119
-0.0781979698740912 0.241309199490727 0.246488927082176 -0.353353466030089
-0.0589379699899879 0.239381199963313 0.197651325137569 -0.404810524066634
-0.0593470234789841 0.268619928899269 0.190340507447063 -0.399987558744754
-0.169428560375351 0.271715513198585 0.217397673844039 -0.323737460926352
-0.262095439252579 0.190994346309908 0.215522794032752 -0.181570478965235
-0.398754267579806 0.0744131511877652 0.0496872270598241 -0.0665953357807722
-0.370827158171455 -0.170220152950375 -0.13084522682881 -0.177877671955775
-0.158782539929947 -0.366976149425533 -0.178305626002106 -0.339371280895109
-0.0513435126686842 -0.390088681367241 -0.0473362951356014 -0.557254256868189
-0.0785161788219938 -0.50688513788806 -0.122920007240145 -0.371683411681564
-0.149097029216683 -0.504673300344138 -0.1183521547493 -0.217935524381095
-0.384200413895762 -0.339612073733255 -0.0361732893910027 -0.121875361917678
-0.498557330015806 -0.0707734429867481 0.0383062089134786 -0.0110654002535723
-0.434567218341554 0.154530140344853 0.185749461068194 -0.0415875820183099
-0.307765750970631 0.286201905139247 0.210135448075906 -0.161534295934549
-0.167206955398548 0.3716790968637 0.198730947626868 -0.242849063670379
-0.121139381674139 0.363049150517818 0.157906490193989 -0.268136724371926
-0.104874753139634 0.393898130979586 0.141642070053609 -0.267376725862667
-0.251302238410713 0.401084576549615 0.162579341158633 -0.222048989216416
-0.381808066259079 0.291950187997324 0.16717922793159 -0.12155748626318
-0.568027956935155 0.140976434669817 0.0238811117606889 -0.0124667819289088
-0.562558063388933 -0.180442186735533 -0.146379599262487 -0.122595463345592
-0.322201202196947 -0.490410158129994 -0.175389830728864 -0.241622360907335
-0.16765176746105 -0.580199227403597 -0.0540737535905527 -0.365437378554384
-0.125958776622176 -0.615094855386219 -0.0954817109023363 -0.170597567403472
-0.224326195545097 -0.62013953240978 -0.0635061090125082 -0.10733996099591
-0.498572303867936 -0.421638410666698 -0.00976809106163217 -0.116539343418886
-0.640062357039583 -0.099610388972334 0.0130203616955698 -0.0339178957227257
-0.568785251436647 0.178997618710223 0.0826345576071583 -0.0198181335117379
-0.41062646694661 0.348650325514269 0.0977991428097611 -0.0651599505312185
-0.231988963187619 0.450224279792981 0.112475361186886 -0.092682191253591
-0.163277813064372 0.430394609931427 0.0960602382402019 -0.0903704074772903
-0.134861719806738 0.458761628986204 0.0814398475430983 -0.0950587513149921
-0.292547885325328 0.46800269330678 0.0995456184923391 -0.0813513576726435
-0.440917456583059 0.34860463022182 0.107771167219883 -0.032453771745258
-0.646925935377486 0.186796032606596 0.00653431005775797 0.0489132914495573
-0.658822158055185 -0.160129587753863 -0.126599687585863 -0.0560560082882665
-0.427976340505974 -0.525262615680273 -0.116967357946232 -0.125511512354215
-0.256585010088673 -0.6698725829592 -0.0140796884367616 -0.133297611538789
-0.161496930557442 -0.632508399884447 -0.0743277322382795 0.0785225397534292
-0.278999009425261 -0.639466735584682 -0.00958309179603486 0.0532446361830661
-0.552016510651461 -0.426561847322522 0.013895930542194 -0.0729174850962553
-0.681500512401655 -0.0960251474481744 -0.0229772798271062 -0.0406889701422829
-0.60343021515447 0.185377034620172 -0.0465138122639383 0.0159382148989357
-0.442459955017414 0.364347484639872 -0.0405045838545803 0.052651418432813
-0.255357001874198 0.459739383465363 0.00446890688190274 0.0774997318599661
-0.181091329687856 0.431474194693228 0.0213104459915457 0.0989935174256397
-0.151602685978208 0.451111849623097 0.0156476737972957 0.0875847927688452
-0.302626635342997 0.451013493675172 0.0315488340680013 0.0703196700914746
-0.44348537698112 0.329501405151378 0.0383837341679559 0.0644778141836587
-0.620568609758606 0.167653298966253 -0.0134228400380107 0.100580472076149
-0.628934024252529 -0.139535889891675 -0.086297915842817 0.00176323239948681
-0.43691120666478 -0.486620040463084 -0.0259883944990812 -0.0170486357686227
-0.293672876583796 -0.653475815824155 0.0548418873404221 0.100180139846146
-0.184650008616064 -0.543719981213017 -0.0519978815992704 0.331917435754018
-0.291565862800374 -0.52965733331026 0.0406517344735284 0.226752697503494
-0.501745746317999 -0.334610211582219 0.0273085849495372 0.00029419993162058
-0.581600475018823 -0.0599027760483296 -0.0609435004205567 -0.0216666845552061
-0.516858104605652 0.160944687387999 -0.167354613677641 0.0668964551433172
-0.38741084381155 0.317171803309977 -0.170467105947757 0.176034070393303
-0.231840963979878 0.397390496549994 -0.101241113929816 0.243083858361342
-0.1711931561797 0.36891343506087 -0.0551393522864944 0.273761828029992
-0.154655108575356 0.375664601028507 -0.055620876780024 0.251027790237513
-0.283018202045092 0.359811356919684 -0.0460667479407437 0.198995476129106
-0.3917127111569 0.238162889190371 -0.0433491764281926 0.139138825247132
-0.499078180573709 0.0887657107084719 -0.0429903589416006 0.123482615189391
-0.485566611625851 -0.128300465088697 -0.0449142145184142 0.0382570336302696
-0.352536539405159 -0.389605243914471 0.0623854730647361 0.0664794642193833
-0.270971318952751 -0.542831727504189 0.125873786287879 0.301647158496323
-0.176091504131041 -0.361898584145504 -0.0279153795793841 0.542786053508384
-0.24056004582752 -0.318032357899499 0.0871067407652562 0.369619742191822
-0.344436384960833 -0.176437403735501 0.0381304829753077 0.0830924864938472
-0.358414873219878 -0.0191969920123378 -0.0809208586460523 0.0170285974296024
-0.331926585434138 0.100762468892967 -0.244498556301539 0.119468790343256
-0.264129366512813 0.212726821446525 -0.257907183332368 0.280838272480006
-0.170402106438157 0.269163900500029 -0.180753385896808 0.377137344478845
-0.135791320291999 0.250705273343154 -0.122851054542468 0.408190445925401
-0.136798219993028 0.24982407891919 -0.128943709693763 0.370688631681303
-0.225624980735015 0.221970355506125 -0.136046784245485 0.281029107275637
-0.285943906483057 0.115541046430912 -0.136022383053626 0.170384737195031
-0.310149502015823 0.000693072524215924 -0.0802563436382043 0.107650833852985
-0.279316313141834 -0.0999198935953781 -0.0130089733941405 0.0525990855847383
-0.223805236894814 -0.24186964578439 0.12459103033633 0.123239331072043
-0.210372710296967 -0.36207486394829 0.17873460393338 0.447427233086416
-0.126742913066971 -0.117766089183085 -0.00242271485745232 0.671381625374729
-0.124894688921732 -0.0618499921149922 0.131501463181315 0.456104401673934
-0.114846968517703 -0.00969162569446049 0.0639586693249716 0.153905086317428
-0.0833407762610579 -0.00102906224159584 -0.0702806258365762 0.0552050805293946
-0.109648683432506 0.00905847107131941 -0.264445066771603 0.158631996115851
-0.110715393915571 0.0660174674717857 -0.285849371787498 0.343350742518305
-0.0887116759294 0.0951867697541432 -0.2213381432489 0.45529012978599
-0.0805174782318785 0.0939296690944591 -0.171972360003596 0.481517483488346
-0.0891678293003854 0.0920545201373182 -0.194148302673138 0.431603137716611
-0.123461406822238 0.0707200680601416 -0.22197242045051 0.310852164016301
-0.133385066600355 0.00916725592320419 -0.221587399942736 0.155891209778357
-0.0922684968045658 -0.0424287095482552 -0.10995262413438 0.0622188592621002
-0.0750776767740263 -0.0282371846260282 0.0121115283367636 0.0551821216820065
-0.106425656794026 -0.0594373989491599 0.154873599438648 0.159941216017875
-0.139870910833625 -0.135837574136379 0.209342110928055 0.523400520716784
-0.0238593038681121 -0.122195638988206 -0.429234006857286 -0.412306225608657
-0.0554305861619974 -0.128148157577442 -0.314689483060518 -0.136618965095995
-0.126875898909989 -0.0411662166680772 -0.0755479582878184 -0.025300721522545
-0.0988314829591191 0.0681232983044162 0.0704764345857695 -0.013437772781379
-0.0269379806216892 0.085527744199639 0.20110063958555 -0.198697979966562
0.011483233479528 0.0691266416384871 0.136249513702442 -0.38417944157433
0.0471994828033179 0.064450002311017 0.0414404062548306 -0.488616384274148
0.0449075012694884 0.0713471031332942 -0.0312839322770287 -0.532004793681749
0.0519735693647144 0.0892580396261065 -0.0169339311769135 -0.52769088116032
0.00732294486657361 0.121368703590969 0.0571405962339526 -0.451675905246711
-0.0454162066597339 0.119372573842618 0.122674539862576 -0.303382653072095
-0.139784153461782 0.104972352809629 0.0207267355811242 -0.142347343438898
-0.173206224266886 -0.0355913202156171 -0.162616121714492 -0.150030324354032
-0.0664019083962987 -0.159845913649803 -0.279662770979367 -0.30021718501773
-0.00940153797831526 -0.148799982592183 -0.284043270616572 -0.615816758434359
-0.164603678566044 -0.288408597342678 -0.378088068659831 -0.397314021331587
-0.206890768092643 -0.265180053513701 -0.282830131122532 -0.166165415775221
-0.314505479369729 -0.0917096273174474 -0.102315542214104 -0.0548561895721442
-0.290608796904589 0.115197688988695 0.0451545815131513 -0.0051556612328083
-0.178722606058379 0.21490205024064 0.195552433676138 -0.158251840162513
-0.0717051293271025 0.243130589493479 0.145960782934151 -0.329660144731604
0.0319430613651134 0.252285139215286 0.0663826117445752 -0.428192851094544
0.0438189433496418 0.251910995281967 -0.00684812028717224 -0.458965183315106
0.0619151537114707 0.273838449481551 -0.0131189247956216 -0.45285855021478
-0.0386541792243998 0.325479420736163 0.042018955886869 -0.393894028510413
-0.16248214561213 0.293736154173686 0.103847825401733 -0.272594352909602
-0.330668202046729 0.244471133170695 -0.00267344384459203 -0.104995347452719
-0.420822141446008 -0.000404420708859344 -0.19471304471682 -0.116518852284933
-0.312166301762909 -0.276677765575544 -0.288459941598299 -0.24146384133118
-0.231242736249386 -0.345630526689681 -0.262586041830519 -0.492612404115805
-0.280359376621473 -0.429498145851902 -0.296851334416179 -0.299260661459851
-0.3431097087575 -0.391512577411704 -0.219754594205184 -0.148453606292622
-0.488137987338415 -0.148662535097594 -0.107993559713816 -0.0813278035286085
-0.474908486300842 0.144900434415647 0.0103804904967901 -0.0111895125792287
-0.330171684798446 0.322347814376209 0.147992574020176 -0.10579741255825
-0.159822867899512 0.39442659978286 0.118930335607666 -0.231427375375707
0.00635678740540903 0.409177250306261 0.0721799927321002 -0.299830248606791
0.0387416881255477 0.393702569407265 0.0182434052320055 -0.314803092323024
0.0736226533901267 0.410973457193826 -0.000507045690166018 -0.308652865531547
-0.0568503518898173 0.482324602685686 0.0334737219031132 -0.276243401375468
-0.231340612100628 0.442479463947368 0.0800691681090628 -0.201067125409165
-0.455661042223236 0.382750907521008 -0.0112709938575781 -0.0523595372895813
-0.603374224621609 0.0735404521327827 -0.187066183827263 -0.0679970586412255
-0.518487141140862 -0.316573855984397 -0.238764460201506 -0.162444942419646
-0.429802856511627 -0.469128515651439 -0.17059416502254 -0.317380029716106
-0.364314237153318 -0.512707687099159 -0.189037659134811 -0.126873154641851
-0.458404040782745 -0.467832781218244 -0.123556809564019 -0.0702504857013753
-0.627137853564648 -0.175213265959792 -0.0877600550109203 -0.0843782549430927
-0.612144036912633 0.178473975357545 -0.0290188482824373 -0.0175344923730369
-0.43777501819105 0.403503066740478 0.0628346758447625 -0.0348496098009629
-0.225966957858047 0.497990963893301 0.0593574636341632 -0.0895619389955696
-0.0195364404255143 0.509469459715189 0.0594808694180922 -0.120493564668216
0.0280013675845108 0.475263363628496 0.0418701584025791 -0.124460016652101
0.0727525988553446 0.483582042558964 0.02242037830948 -0.12381590828519
-0.0661271259195778 0.563678111359739 0.037575157351597 -0.118737602520044
-0.262146844516867 0.521412063903939 0.0613365561234056 -0.0949989215096755
-0.505549539654545 0.459855993231129 -0.00555225929619809 0.0078996607598005
-0.684778622044862 0.136551174974543 -0.141783026762963 -0.0202543910184716
-0.631767940931791 -0.301525847338338 -0.135357298023879 -0.0854549641097059
-0.553579840599339 -0.507281779554172 -0.0264253173607806 -0.124356598554262
-0.403460485111073 -0.516375866907983 -0.0625653016531614 0.0943148623944801
-0.517034424775018 -0.464856352822667 -0.00353497917124008 0.0552107289760256
-0.678086491762272 -0.15906763583663 -0.0482360776927982 -0.0528391951221813
-0.648807040032118 0.202778670745762 -0.0666888429359391 -0.00670170688423379
-0.465062021169894 0.424420567189795 -0.0388582396434496 0.057510895911867
-0.24587471077394 0.524407848490733 -0.0140276022475249 0.0814649372319326
-0.035641071202914 0.53063298404197 0.0368731447903503 0.0854005379565343
0.0130567957929779 0.482669363400829 0.0594920974945795 0.0822777241946073
0.0521394236374735 0.48342740701856 0.0461760242361145 0.0727623567346194
-0.0825049610239817 0.552196550728624 0.0443688261376185 0.0501142701515409
-0.271428241351027 0.504518786546263 0.0422007327775803 0.0244291348703146
-0.490434220677492 0.432533912992329 0.00175797553281694 0.0642854168859181
-0.647946958696623 0.142542626548201 -0.0804870077578946 0.0149741240385867
-0.620520075111781 -0.259232809429043 -0.00840877685549476 -0.0266160486005627
-0.579594457594161 -0.47197035082519 0.138752410264501 0.0588527282598231
-0.387466299320873 -0.42925732035982 0.0708424182033114 0.321955539395208
-0.483536096720928 -0.364677803355495 0.122156497988612 0.193455054987245
-0.596107774657905 -0.097267806944856 0.000765018353159393 0.00660835492437084
-0.543790800482707 0.191214972628424 -0.0888940814138916 0.0248610975792681
-0.3955867274391 0.367205723604359 -0.125364487394675 0.155629866738354
-0.213598750400498 0.45893708351719 -0.076246571239793 0.250923857422303
-0.0410290095039554 0.46298083301173 0.0151054544955774 0.283210434170254
-0.00356030508845469 0.418524287658985 0.0700533714590628 0.27636737141837
0.0163450948717139 0.416095106178319 0.0573756527948975 0.253673820440047
-0.104868128548161 0.45966153831601 0.0343156205941494 0.202824580086796
-0.26225601609853 0.39637628996584 0.00542593383728656 0.131757505991267
-0.415164300531396 0.306361314522513 -0.00576796720242091 0.103116663629519
-0.508311295807508 0.0915309884134015 -0.0256460590789786 0.0349080118706685
-0.497999010300013 -0.204929960143689 0.10283383367699 0.0159090062894548
-0.506258358429632 -0.379111350586881 0.285450155455651 0.214499021250777
-0.303180018448634 -0.267010023710245 0.191789902968988 0.509808358579724
-0.349452708210416 -0.196085464134745 0.234033279777968 0.303790453325667
-0.384581055404559 -0.0177330944327609 0.0566850392652032 0.0726912296270712
-0.326282487903269 0.135366517760469 -0.0812612734137957 0.0627225254281947
-0.253197276168427 0.233901000196781 -0.170017071467393 0.232353243874979
-0.14494566115172 0.310405575199057 -0.108186443756074 0.381675256110893
-0.0400633735038845 0.320504839086871 0.00273602086188892 0.438111836059251
-0.0204794956108003 0.291370728985475 0.0710978709167485 0.429047987085768
-0.0205269339027471 0.291808703766352 0.0470267697209128 0.395654729218376
-0.111617445603163 0.306080333459563 -0.00518408912234335 0.317895737653252
-0.215487048456089 0.235425341869384 -0.0583692835880531 0.205559692697447
-0.28231801280213 0.140567859525894 -0.03488071463783 0.114097926707163
-0.30333341573741 0.0293861896828364 0.0105484111004491 0.0412847101817337
-0.312523771380423 -0.123710017122087 0.175535031349877 0.0474816253582424
-0.364305288306786 -0.236709160098248 0.386206796555972 0.32719806448033
-0.157517812679136 -0.0643086414129167 0.280693984653122 0.621172335423919
-0.137776576681492 -0.0120060825462643 0.320979231535233 0.362310990472892
-0.106358635712476 0.0387097700402858 0.12207768611346 0.117560944310428
-0.0723887522887163 0.0347149564952045 -0.0436322227811716 0.0839682762970838
-0.0908567932567087 0.056251272337454 -0.170282306360519 0.268039276710297
-0.0672843530021967 0.10929755839267 -0.105869023857686 0.44591011097919
-0.0403888006696218 0.126700062397339 0.00121057787776609 0.522466332767649
-0.0347501873886185 0.12041016561147 0.0614562455331715 0.516161412838077
-0.0449931325842545 0.125107393756939 0.0199738715449536 0.481638896233063
-0.0829438989832965 0.12062224288682 -0.0644640864115147 0.384486151954285
-0.119285746557478 0.069125228050014 -0.134782209764846 0.237043935253727
-0.103191468645483 0.00369864644226484 -0.0718775084155766 0.0975946316245286
-0.0819993243524038 0.00838839238431889 0.0345713326969492 0.0401384235708309
-0.122847166297705 -0.00487280120589131 0.210485280643042 0.0750514419922871
-0.192976974466298 -0.0572081311269791 0.432954298590157 0.38565110112989
-0.0273564315739899 -0.124858459811539 -0.463236667435087 -0.409311854729017
-0.0607877342871185 -0.131036269391761 -0.329400451490285 -0.131136122540978
-0.132802355371823 -0.0390463437031935 -0.076749438243148 -0.0235021189428688
-0.0992846544523464 0.0732773812620267 0.072770129131483 -0.0162028028646591
-0.0236489422772112 0.0898116499869397 0.197960306843153 -0.214089730398264
0.0136608156124173 0.070353836147394 0.12380546944623 -0.40292583843397
0.051188525069954 0.0632341043111071 0.0216654072912619 -0.507527196815124
0.0499322223358499 0.0717595113303933 -0.0546982558705989 -0.549054989454734
0.0577673007429238 0.090625963140499 -0.0411146377587892 -0.544164360105172
0.0133538990789012 0.125519994172537 0.0399816470086077 -0.469150762442046
-0.0438429659169473 0.125129333681353 0.115423075630906 -0.318899793224765
-0.141222734591841 0.114112140828094 0.015876629469691 -0.146609304086646
-0.179038177286158 -0.0309901773272835 -0.172771479034964 -0.14613660190432
-0.0757503150354459 -0.162969222310216 -0.29566704926966 -0.300822750707505
-0.0148819226005823 -0.151292795837724 -0.316468120969327 -0.623685228701059
-0.179421958007498 -0.290407211828244 -0.408814734485019 -0.398124748171029
-0.221594862127491 -0.266215884908202 -0.298806744831234 -0.162839217121933
-0.325501266181788 -0.0834178365099898 -0.105917205056008 -0.0529257777008961
-0.293648566666462 0.128334807213937 0.0464242153221055 -0.00702778271545684
-0.173413952702588 0.22897220286112 0.19340580335844 -0.173790352587139
-0.0646796545410687 0.253776058580357 0.135805172625369 -0.347760975789667
0.0434130399560864 0.258874291925495 0.0490174451407536 -0.448070924379732
0.0568414419353919 0.258531371262949 -0.0270037183520194 -0.473273236069572
0.0760374020247353 0.280063789587118 -0.0362268287146743 -0.467139485057397
-0.02520926770847 0.339436725175392 0.0268083810943135 -0.408558369648296
-0.156921872316421 0.311178545812557 0.0938514151921114 -0.286854288479776
-0.333011843005482 0.266825653841452 -0.00551078754542506 -0.106885172120029
-0.431966675490102 0.0149976597847714 -0.206212089406249 -0.109618075522765
-0.333753978320295 -0.27506250883807 -0.303362997716387 -0.239719347032707
-0.249895673468621 -0.345461054123189 -0.286700928595194 -0.500704822218889
-0.304843601461486 -0.430241454253598 -0.320165337288935 -0.300612049933551
-0.3668076183673 -0.390515024548693 -0.232452788804244 -0.147088570266547
-0.505293199530293 -0.132338215432804 -0.112705345855637 -0.07995394541171
-0.48091227427988 0.167009472331712 0.00975031141678979 -0.0127950345317312
-0.322612611499964 0.347213194860344 0.146548883043946 -0.119438731059993
-0.149393005515969 0.413000834151915 0.111871804583996 -0.244815137911151
0.0229594633598269 0.422718579750884 0.0589045386495461 -0.316413424995685
0.0559059694908138 0.404993557234233 0.00414191546255587 -0.325831580665189
0.0928586883234084 0.421195028011222 -0.0153135650288953 -0.31937218517217
-0.0375372887528828 0.501484461762168 0.0227889981838769 -0.286663264576947
-0.220407535927279 0.466555221708518 0.0707103385927757 -0.211802856924781
-0.455054509152255 0.413900200286525 -0.0116909440411389 -0.0524585664914434
-0.61795529449999 0.0977772945988794 -0.197348848295686 -0.0587521397281885
-0.548114289437861 -0.310371260998628 -0.251483975948639 -0.158286332654772
-0.455658182620382 -0.463706068734837 -0.185214817633458 -0.322362581774329
-0.394911518175087 -0.51329629695007 -0.202317512292016 -0.127163343398715
-0.490764809135445 -0.467273627097908 -0.131204955464738 -0.0701491926950514
-0.64843885588862 -0.155159069803231 -0.0926781412033344 -0.084176661256424
-0.62009146314737 0.207771459338095 -0.0316825950862895 -0.0184926182674041
-0.431940545085538 0.432649372590885 0.0615797485432459 -0.0437998009673187
-0.211421433096083 0.522917948184165 0.056161655058389 -0.0965831502195309
0.00206551583446004 0.526100469476698 0.0534986866991518 -0.130855191289716
0.0478726946844617 0.490372415108889 0.0372214308226705 -0.130995806618972
0.0941799798910658 0.495335049453931 0.0165193665433324 -0.129226185437455
-0.0430274043715395 0.585622673172034 0.0331893154810533 -0.125219987394169
-0.24921021712399 0.550272840590675 0.0550713542373309 -0.100939683330517
-0.503559028513276 0.498172246152293 -0.00233772792422209 0.00855478518964681
-0.698408513070923 0.167115111263293 -0.150472794978427 -0.0112607375177734
-0.662380671781298 -0.290799529003785 -0.142712076727494 -0.0826038035324152
-0.586484389439852 -0.499403240617949 -0.0272172119451128 -0.129247194444449
-0.437373437559841 -0.516435247725313 -0.0628407025828243 0.0960251576479904
-0.549960679288375 -0.461784281140232 -0.00231966299322584 0.0542770341003257
-0.700671314759389 -0.134879158580974 -0.0512098389435116 -0.0532022784033913
-0.656012796130402 0.233646398271525 -0.0707222534427974 -0.00639113611466159
-0.45938616127956 0.45659858468309 -0.039392625167549 0.0561036002879905
-0.229972518250496 0.551335890702854 -0.0129507031406699 0.0834700183722491
-0.015486308717294 0.549925163341676 0.0388784870664932 0.0829215830983565
0.0313175429354401 0.498804470192725 0.0647394640438847 0.0818435107861035
0.0730690325549958 0.495633575360821 0.0493814251065525 0.0728082929502129
-0.0620861360479837 0.576221778172406 0.047734846533912 0.0491116054895383
-0.259508906568655 0.53217197598232 0.0401696065657283 0.0238878842594499
-0.487933944175123 0.46764082931531 0.0074281183006476 0.06588174613509
-0.659006845262829 0.170666473819486 -0.0860594633282674 0.021653035351445
-0.649023163419308 -0.24655153289906 -0.0113551697629625 -0.0266085953948457
-0.611877391181275 -0.461684609259496 0.149946227572391 0.0537955305021781
-0.417193941503124 -0.427790095438283 0.0841479328091328 0.325116928440238
-0.513092002193408 -0.359127639308938 0.132456291521768 0.193145296221951
-0.613282485243748 -0.074024591839541 0.00100499696063861 0.00666731128476605
-0.548817005275487 0.219193048068003 -0.0928922975571596 0.0272100518632821
-0.391633177327995 0.394860597159617 -0.124796596597835 0.16225320296095
-0.200171607662497 0.482829348531174 -0.0700383851172273 0.261696400431628
-0.0227334268906132 0.481138037299164 0.0251396640766388 0.288084375542664
0.0113088444018792 0.433493222079274 0.0833134987330561 0.280643798971328
0.0340393428154831 0.427608654411553 0.0686681758855541 0.258823979268189
-0.0879955435361757 0.480394391645552 0.0441712637816495 0.20789035744388
-0.253859476182315 0.419802167892601 0.00672029988324151 0.137096077415828
-0.414462719954664 0.334825013931161 0.000518088852830128 0.10592522862223
-0.51774782019924 0.113609103291465 -0.0285972969913502 0.0388349932501428
-0.519009701518121 -0.193362660809886 0.103507966831118 0.0131611261769796
-0.533360420560978 -0.36899743044399 0.307314318895404 0.208423324564027
-0.324758079154691 -0.262872627614247 0.21780105716395 0.51474519066473
-0.368594647455581 -0.188976602442979 0.25271514098839 0.303748163527997
-0.394266412335988 -0.000907898614361644 0.0602625250348161 0.0730676176851704
-0.329636472934933 0.152407166140989 -0.0830710972649783 0.066575640285746
-0.250766941440562 0.251383361628094 -0.167381026504526 0.244387414987592
-0.134961739616137 0.326538770629396 -0.0970364712232653 0.398045443614281
-0.0275521619810638 0.333455707622188 0.0203249753221631 0.450030107269569
-0.0112950017390759 0.303313745699676 0.0923005822895101 0.43875021669166
-0.0105219224189651 0.301970220570002 0.0650136173336542 0.405729644733756
-0.101464910377565 0.321239102971818 0.00850896436385282 0.328581193180998
-0.211619686357318 0.252505538600161 -0.0549283528549682 0.215693837662182
-0.283515748155935 0.158309411953541 -0.0298381992000834 0.117940420870595
-0.30960423306797 0.0431383635663468 0.00961107625051962 0.0426319166931877
-0.326609473667768 -0.115604689177242 0.179562078624197 0.0440863759182252
-0.38338854778982 -0.228422276526292 0.416152758343779 0.321767121506551
-0.166807635582306 -0.0590460679389024 0.313433820774075 0.626925299268064
-0.143905484569103 -0.00637665555440625 0.343682348404599 0.36086263963935
-0.105999892287929 0.0459386498382383 0.128886636761818 0.118083060100064
-0.0718634291839096 0.0386215276238058 -0.0437674910761636 0.0871606215931628
-0.0919765028471929 0.061762247807191 -0.164882455491862 0.283100555818406
-0.0638696887974703 0.115451695914298 -0.0912528382647559 0.465057388711759
-0.0354990536717538 0.134050141702551 0.023794985110222 0.537969643832333
-0.0324247785752774 0.126541003238585 0.0845597088445355 0.52839388709642
-0.0418514442770379 0.130773063164692 0.041705208121025 0.494823667131199
-0.0802061996199046 0.128513885085239 -0.0483140753111619 0.400109871555518
-0.118205520193182 0.0765719646373066 -0.130693355613305 0.252225407815288
-0.104578119308658 0.00849126695175751 -0.0691170871055789 0.102312489455572
-0.0834367040128422 0.0139399501315635 0.0360968536292601 0.0387780990078982
-0.126592130204044 0.000292241019204017 0.216677936721698 0.0703610807748994
-0.201557293654743 -0.0515080157024842 0.466890661382687 0.380497858670129
-0.0345312933077104 -0.125699792844166 -0.502620956409488 -0.386882149710828
-0.0683448759561586 -0.131236554904878 -0.343914422607566 -0.113631871597856
-0.138266701504335 -0.0321882381396364 -0.0777164129562272 -0.0202369622784178
-0.0967411214009518 0.0808830520280091 0.0734080539236101 -0.0210040770615564
-0.0169352384932557 0.0935026424397435 0.184760967592723 -0.232723393205214
0.0178325656167816 0.0704818164319712 0.0982158485897774 -0.419044763873219
0.05603833870017 0.0601290477418974 -0.014871864953111 -0.519519638071821
0.0569372743829329 0.0684596638919145 -0.0948066274629372 -0.554223426883804
0.0665351997360403 0.0884804998172015 -0.0801737776104238 -0.55086502130246
0.0232986832540388 0.127861916805055 0.00799849443433888 -0.481242744538682
-0.0372856933544787 0.131119120875086 0.0964690666837936 -0.334168921536175
-0.136486700366704 0.126177193969479 0.00642662762575681 -0.149694289776808
-0.183134937053423 -0.0210198741907487 -0.184433768619999 -0.13493469851217
-0.0885580513790136 -0.161326966253466 -0.315989999379778 -0.2883300204227
-0.023260893152974 -0.151172013044386 -0.362493612844171 -0.614343832924403
-0.199816281711593 -0.282387950308585 -0.445890331099737 -0.379374276876025
-0.240446512501072 -0.257561718472172 -0.314602221525894 -0.148220772243602
-0.334771988836474 -0.0626096440648056 -0.109315759402963 -0.0484564468091072
-0.289066134366734 0.149120099327638 0.0465705284835494 -0.0104328045535529
-0.158240715253265 0.243874067669992 0.181718727339996 -0.192793443713276
-0.0492631647917592 0.262695075094126 0.113750447284728 -0.364063982101039
0.060943324562803 0.260137638218335 0.0161109204641499 -0.461761488107774
0.0757848539548818 0.259651144378563 -0.0615323004409123 -0.478886728308688
0.0970758910571567 0.27982365224369 -0.0702406431415439 -0.471731158888958
-0.000713111996622558 0.348626345054668 -0.00149150362210035 -0.419389604072258
-0.139342550768542 0.327738241320584 0.0745956275796761 -0.299250121543475
-0.320230101429613 0.295724848365761 -0.0117912555475899 -0.10748566696491
-0.437352436766517 0.0413604142878483 -0.217385256296715 -0.0944225617647478
-0.358411456342787 -0.259614872176849 -0.322104915335577 -0.225304652023523
-0.273078855646451 -0.332967066157965 -0.323862601891068 -0.490787397433472
-0.336817878235394 -0.417431454431512 -0.349984174940442 -0.287205582282418
-0.395992021303118 -0.374903033219387 -0.24700575867084 -0.137634250357959
-0.518417749013292 -0.101446628470976 -0.1180909374688 -0.0749945136208669
-0.475222599235007 0.200753859399957 0.00828787017527052 -0.01443142190282
-0.302193775353005 0.374520604944958 0.137468902982979 -0.135671213736618
-0.12333468615385 0.431119102621688 0.0948756822207126 -0.257837257102997
0.0517913579968671 0.429071411560507 0.0346441524009926 -0.329164939382804
0.0851358297162539 0.410080264713376 -0.0191057739632235 -0.331925627265937
0.122539110753931 0.421377150830828 -0.0392689503195614 -0.32294229491871
-0.00185331746994974 0.515738265879336 0.00249868790389052 -0.294860352252036
-0.193560271437298 0.491287458642648 0.0546359792862701 -0.220444049472476
-0.435825432795068 0.45386622199454 -0.0126073555403215 -0.0519616143734836
-0.620128071695945 0.138602755700399 -0.206731163228757 -0.0425801122076283
-0.579862177626655 -0.280736969693218 -0.264086172705232 -0.145077672461475
-0.490146621416269 -0.439522120605203 -0.20674067886306 -0.319125698074316
-0.435556813828418 -0.493753268223063 -0.217750826635475 -0.119233526943723
-0.526408715025093 -0.443666625749361 -0.138769759763312 -0.0655501799476691
-0.663422077727723 -0.113651969322785 -0.0981680634907749 -0.0806283209453001
-0.614431230579441 0.252367863513552 -0.0345923456838905 -0.0180895200730758
-0.40664410064675 0.468677956350772 0.0557225225672639 -0.0537971107800913
-0.179624157713517 0.547222661352346 0.0477791342764768 -0.102850788316503
0.0384904512986758 0.537024756416787 0.0414985410295368 -0.140116399634235
0.0821880188726991 0.496326317270528 0.0280189106525021 -0.136280385691029
0.129380848332927 0.496245159789341 0.00652144274512252 -0.132310458729573
-0.0031328698994106 0.601629294630535 0.0246177284349781 -0.131013250653544
-0.216321509402384 0.578708536052614 0.0455120474467941 -0.105791748417542
-0.478537401085185 0.542604085223247 0.00122887249751502 0.0088748361026256
-0.697566425912313 0.213936490295434 -0.155914158406689 0.00361898774401406
-0.69361195201204 -0.252674960846766 -0.15110212097427 -0.07514360617915
-0.626022704234635 -0.466417342940113 -0.0325109499094762 -0.1327608337139
-0.478339368298064 -0.494035681997684 -0.0609171370708643 0.0980257380948639
-0.588588408354665 -0.431866460955061 9.24943171355962E-05 0.0534246045453673
-0.714633670989777 -0.0895323322800113 -0.0544103313180314 -0.0516492195873862
-0.648893977066437 0.279587425395874 -0.0736410617993295 -0.00379659116307164
-0.43456213220645 0.494597136617553 -0.039858975700518 0.054789212986756
-0.196009502610598 0.578007828928142 -0.01005735310629 0.0850486941095831
0.0221654826939611 0.561870546613456 0.0413691256923831 0.0787412917114455
0.0647665334020642 0.506921306475457 0.0709754919613648 0.0784103142665481
0.107406529261739 0.49872602875185 0.0542195457259785 0.0704046892755373
-0.0223155806427528 0.592166790419197 0.0511986440772438 0.0455757189613563
-0.227919241136049 0.560741502759569 0.0382057465093033 0.0232262231462603
-0.462791050568816 0.513044386430005 0.014900686614422 0.0656130393609167
-0.657432232492599 0.216915941883586 -0.0888683539119018 0.0320650321322778
-0.678305945892939 -0.209457757582205 -0.0151076177198432 -0.0250453721404506
-0.648486867287349 -0.427787101310556 0.159946032613006 0.0416302563884877
-0.453446889361468 -0.403708234537532 0.103903550611709 0.321457470755521
-0.547062521227692 -0.331167853270316 0.146605154199029 0.186046049142855
-0.625162089129791 -0.0330005099381561 0.00179981068740115 0.00669875197099189
-0.542667427702548 0.258861418660884 -0.0942793377053776 0.0320882943239356
-0.370891330857666 0.428011431134575 -0.117942526674998 0.169001350004807
-0.170483431433436 0.50547711760016 -0.0555172298401444 0.270774677809191
0.0113265697795732 0.493807864881273 0.0425050689362164 0.289805197321696
0.0399778104894907 0.442736815228758 0.104320090812891 0.279171289577779
0.0618990007141879 0.432127831847479 0.0877329341339646 0.257759255331316
-0.0550951394083249 0.497028272634522 0.0594136225513377 0.20787276149176
-0.228184762196444 0.446096374034285 0.013268862122943 0.140926483420397
-0.397459956423073 0.371381211962952 0.00926954339334219 0.106111736001566
-0.516342378985734 0.151468966732142 -0.0296905740409519 0.0441896296653544
-0.541396740201624 -0.163714732901609 0.103327083717629 0.00853110269458922
-0.563470550943047 -0.337639506045875 0.330884331309216 0.188906258467591
-0.349269489361033 -0.244236998151566 0.253246875405862 0.503679559664016
-0.388617342238605 -0.167911396465819 0.276240293996836 0.290352611798948
-0.397743792110091 0.0280336320948809 0.0661034811394579 0.0711609927202647
-0.322691492940442 0.177092002465264 -0.0818953088343483 0.0715566773609434
-0.238453756298246 0.273516228860489 -0.154761456484878 0.257850539677822
-0.114045603923764 0.342068836996536 -0.072803150319418 0.412206439636643
-0.00403062688929767 0.342996977054819 0.0503110973095076 0.454949766924229
0.00736294376425197 0.310953905471063 0.124187701255661 0.438731737270742
0.00905541448373658 0.307233630513142 0.0957611512991413 0.407696516995107
-0.0796442070376435 0.335278999534861 0.032114129448674 0.333903871825314
-0.196885878907864 0.271340897086952 -0.0424984600455968 0.225668534980656
-0.276685130254413 0.181106288153925 -0.0209437641200737 0.120269291419929
-0.310333995054416 0.0658613249363811 0.00992681753519813 0.0433637589343463
-0.338957914802422 -0.0966663033684451 0.182245894867042 0.0344963958739191
-0.402778683670706 -0.205260082751097 0.449296150395118 0.297192751347609
-0.174782946762257 -0.0480686878039845 0.358512287039509 0.612790078234557
-0.148313499511516 0.00341229910611254 0.373328755892594 0.342775373529692
-0.102945623907847 0.0545883332442811 0.138379219199271 0.112474995887915
-0.0692733874694456 0.0441417769539388 -0.0396005582250226 0.0903142399433263
-0.0900531457494584 0.0692739097075697 -0.148747354460922 0.298499109170811
-0.0562577394597515 0.121899287558519 -0.0611258933867474 0.48066917877441
-0.0263647453366027 0.139748934897065 0.0614477679846251 0.546065676960847
-0.0256861754520103 0.132804669379353 0.124570087975189 0.530910205313236
-0.0345126514118582 0.135875609431545 0.0771120523711337 0.498965819242802
-0.0719861536203304 0.13621161809985 -0.0210420985592492 0.41041832834178
-0.113391937853139 0.0859093734516648 -0.115524790794897 0.268095651313096
-0.104538496198811 0.0166795711846136 -0.0625607982872681 0.10713237709191
-0.0830440718567931 0.0220432163224924 0.0376280131637783 0.0357640355517898
-0.128101995098921 0.00904825774701696 0.222099037098323 0.0595118001612049
-0.208898176402961 -0.0384083456799372 0.503372028374686 0.354749915308493
-0.040753908207597 -0.12061216401025 -0.525766047907534 -0.345624818513613
-0.0748792557388453 -0.126363822013888 -0.348138449161133 -0.0886353275371229
-0.139769882212517 -0.0223772575225677 -0.077038340636189 -0.0158472569701819
-0.0903996900622182 0.0860234725352168 0.0713606108594381 -0.0257529574360833
-0.00841052529229889 0.092775551812733 0.163747901525033 -0.244433576517748
0.0224618932767247 0.0686113636396584 0.065911104914621 -0.422208458071087
0.0590001558317664 0.0548008587935117 -0.0535875316155989 -0.512731654931562
0.0620585714582768 0.0627037119515467 -0.135561350258853 -0.537363725185078
0.0727917497178213 0.0827143061358573 -0.120450501340246 -0.536826225181801
0.0333168681867499 0.125410081713782 -0.0260734389485386 -0.476776022726141
-0.0281362033102342 0.133547171667066 0.0707201426671082 -0.338401032718088
-0.12631017565663 0.134499746023277 -0.00336341037301619 -0.146496288140357
-0.182063857395918 -0.00991125864760375 -0.1900480748775 -0.118743938632842
-0.098987603779438 -0.153047823584214 -0.328224078888876 -0.265919155400732
-0.0315828580738752 -0.145979689903967 -0.39898415146005 -0.580850104702576
-0.215281267622068 -0.263303533033446 -0.471376447958932 -0.342870733497797
-0.252782590719195 -0.238440241745926 -0.321204765878596 -0.12630141743362
-0.332663589480258 -0.0382906002582251 -0.109248435176591 -0.0417050385092403
-0.27378668531432 0.166761708854775 0.0449061850423505 -0.0133155561130269
-0.136475663705879 0.251764340852712 0.162166415269876 -0.205503125698257
-0.0297090528137467 0.263253563474199 0.0840538792890204 -0.368897358255508
0.0785886133343075 0.251674860251781 -0.0208561025966675 -0.458410731253566
0.0945088957973171 0.250394837528876 -0.0964177174569001 -0.468738267520401
0.116321072476925 0.268820421643754 -0.10489027456754 -0.459846835903728
0.0264175871349724 0.345089818258027 -0.0324211362592122 -0.414274424671192
-0.114702366933588 0.335512216384519 0.050681166884131 -0.301392445981961
-0.296579162171525 0.316330534605799 -0.0171137966993273 -0.104687878089668
-0.428225826753656 0.0686989076534341 -0.22006623805452 -0.0743823236253883
-0.372498086612644 -0.232245911989079 -0.330833149485564 -0.202576543257674
-0.2890882957176 -0.307791808429795 -0.352683679200583 -0.463702106976104
-0.358665468308255 -0.384737014186861 -0.368637964805988 -0.260436226099248
-0.41413575674629 -0.343838728340049 -0.253726344860871 -0.120021842166693
-0.51446200375116 -0.0621147922852736 -0.119981150667814 -0.0682038873359561
-0.452555450044995 0.228797597900226 0.00685517509174305 -0.0153350814123079
-0.268551954874925 0.390388289391552 0.121541087335705 -0.146893757552172
-0.0903428932670598 0.43491614198281 0.0726418506963047 -0.262148034224837
0.0826649527625264 0.419640913285247 0.00588272036188146 -0.329537476067119
0.113545602129813 0.399358599677494 -0.0426301956618178 -0.326363526756386
0.151248562989815 0.406223018235946 -0.0634973858486 -0.315058760714276
0.037807905876683 0.510905714201132 -0.0196308339883963 -0.292275473792499
-0.156381458354484 0.501322804245824 0.0352357923021977 -0.221333495825397
-0.396788761407611 0.481961689588859 -0.0136882415886728 -0.0507566971952168
-0.602282486858037 0.176951705548714 -0.206507581571281 -0.0219889362399734
-0.59179980669255 -0.237343605317272 -0.270292826625267 -0.126541877886582
-0.509171311421246 -0.397857381921757 -0.223823638379291 -0.302720550615424
-0.46279759480147 -0.453593964937496 -0.227880720151215 -0.104710419162599
-0.548170379690785 -0.402216216209694 -0.142494046965521 -0.0573356384534595
-0.656928345700185 -0.0644087612429669 -0.100643912976746 -0.0750712325478402
-0.58536942452358 0.289327564858272 -0.0359773120607704 -0.0170352909576829
-0.36612515882221 0.490159984579294 0.0474974513173736 -0.0611565117341631
-0.13639342711307 0.553684700850798 0.0371497117437402 -0.104789355184319
0.0775155058675938 0.528278869891055 0.0256008129465292 -0.143190963553945
0.117092780161306 0.486287382342994 0.0181190902933515 -0.136628682675084
0.161271513852385 0.479326056789007 -0.00416430316336933 -0.129858799396695
0.0429103207450432 0.59410239407339 0.0133875936564874 -0.131951399504332
-0.17141326615941 0.588156033852557 0.0333601037087038 -0.106194695918787
-0.433382986846189 0.572086353081632 0.00453191604871398 0.00751816407438968
-0.671944825150103 0.256806991280315 -0.153860164182861 0.0195852776055762
-0.701840227484271 -0.202761230471547 -0.155221446774034 -0.0631690800908237
-0.6428994259929 -0.415134893218558 -0.0388603300285703 -0.132187874897954
-0.505579724568694 -0.450534943080978 -0.0573325784112336 0.097359419867436
-0.611093222587 -0.387658860234758 0.00285427626757334 0.0507440600425951
-0.70766094252373 -0.0365831430969081 -0.056167150300326 -0.0489737972653231
-0.617306200715453 0.32063483524285 -0.0738015500346129 -0.000384439937850764
-0.391870611027192 0.51878254935612 -0.0382992953415274 0.0521486349442075
-0.150864692143588 0.584966890679389 -0.00602302930572776 0.0852752586143103
0.0647051117973611 0.553091907220507 0.0425540540436425 0.0729873573640238
0.100249324442021 0.498598429660075 0.0761551939592155 0.0708288095085603
0.139830978600269 0.483572635162717 0.0581097832775442 0.0656415709903773
0.0241799184879723 0.587760738657636 0.0524800377659413 0.040499721246185
-0.183918598498702 0.571497474306627 0.0359039993109746 0.0224374557907529
-0.419364132084168 0.540243111188633 0.0221280339938644 0.0622132662536529
-0.630774498703719 0.258435326113437 -0.0862416765859308 0.0428684511780004
-0.682145764186849 -0.162458352234437 -0.0185401489589059 -0.0217882165614432
-0.662714913233652 -0.375009523997988 0.164407744426012 0.0260340766454593
-0.476030975578049 -0.36379027763346 0.121217084784771 0.305262997208032
-0.562051679783351 -0.289363892030039 0.156738816887987 0.170957081044075
-0.614784587002338 0.0137085344577021 0.00309570787429047 0.00547131202529136
-0.515376179769387 0.293344461654618 -0.0920932721518449 0.0360674750945998
-0.333629349124587 0.448550392383637 -0.106282592281694 0.17181892237009
-0.130512342415699 0.512396124768808 -0.0373531604605033 0.272898957370574
0.048047728334616 0.486799587965438 0.0604728217926584 0.28232865578434
0.0712394155279357 0.436325831884843 0.123346358759331 0.266278925400108
0.0904172485374757 0.421830652293331 0.10508475139811 0.248242951141264
-0.016208964871944 0.494654100260011 0.072250188519583 0.199951392000014
-0.192706160195294 0.457954759687843 0.0204244128483806 0.140745834405756
-0.364403046991775 0.397485197324074 0.0188010367191459 0.101596983736282
-0.497534418076376 0.184388440782772 -0.0279492621728375 0.0497406158717525
-0.545742920199475 -0.124057407544063 0.0999748334791749 0.00337386307062312
-0.575223235653553 -0.292416754072805 0.342337645784511 0.159591817060852
-0.361620472728749 -0.21434917408667 0.281566414065551 0.475484971953572
-0.397193362738945 -0.138504698408761 0.291465713564688 0.266087477250325
-0.387152699689802 0.0562167265954025 0.0703165801842662 0.0656330767417526
-0.30452230423302 0.197735370153983 -0.077097820524954 0.074113228830905
-0.21503081609084 0.287141805727484 -0.135091183835258 0.263394336130568
-0.0871191880935481 0.345952102473493 -0.0420156717803903 0.413738616699433
0.0224051607139786 0.340141126790535 0.0814510048712469 0.445906646001225
0.0293690341750627 0.308787081213033 0.154393510822325 0.422044657683692
0.0290234809029563 0.302122763244448 0.124425964424773 0.393529588557981
-0.0524400330752858 0.336319118217519 0.0557732694853125 0.327069146541216
-0.172748676036076 0.281993050376327 -0.0269006489919464 0.228346189825341
-0.257545155447848 0.199896531650338 -0.0113358115955373 0.11757003636718
-0.299445047412391 0.0878316209536852 0.0105532285230642 0.0438298910919026
-0.341215147428525 -0.0721174306915524 0.179344085141844 0.0243085663299888
-0.409937261325941 -0.172970759169458 0.466976652301657 0.257903885696768
-0.177340419496253 -0.0336146194106293 0.394517474380075 0.575019594815098
-0.148133748961378 0.0149878229722495 0.391573970873616 0.312442149593122
-0.0953850187308307 0.0613315420298286 0.14428601247039 0.102242661965839
-0.0639417928133319 0.0479053113223412 -0.0337036939956031 0.0904682037760274
-0.0846866559708136 0.0760552192124077 -0.124443742433454 0.304389662616714
-0.0465278390081715 0.124868944356331 -0.0251544982704458 0.479799305302484
-0.0148698043856201 0.140341608914793 0.100903821662312 0.533918529880645
-0.0165413124524101 0.134911228715317 0.163660108243528 0.512866208227735
-0.0258273278146921 0.136723497522434 0.11393070847958 0.4860166900084
-0.060276145321659 0.139434725672722 0.0101478119101925 0.406012451889971
-0.104538652621565 0.0921092936292814 -0.09377967570166 0.275235187847627
-0.100303857435333 0.024431191825048 -0.0535724603200561 0.107663286016062
-0.0786580293435466 0.0303840671581381 0.0373800851962201 0.0319169571490797
-0.126085986333674 0.018189065135771 0.220888393039308 0.0457339741719282
-0.209648004419336 -0.0222300256222515 0.526334664658179 0.313804012351408
-0.0431762977569906 -0.114088183143398 -0.526827841732097 -0.306108091992838
-0.0775451864213562 -0.120746265140523 -0.340164626672757 -0.0704340873340791
-0.136314191788369 -0.0148976266904853 -0.0740429823853797 -0.013902329670364
-0.0838937384135295 0.0874122858961388 0.0680189671260182 -0.0276399683279559
-0.00252481933426848 0.0894544401605497 0.141984114656231 -0.244310355766012
0.0247415241286389 0.0656053437677751 0.0402773084048121 -0.413248240598073
0.0589297740173141 0.0489838316149183 -0.0798678374965076 -0.49401730542801
0.0639447743486755 0.0559021743238508 -0.15932432992121 -0.51306296060502
0.0759890301808723 0.0751562292626855 -0.143621793858732 -0.510781779078447
0.0394489851724614 0.119986183060173 -0.0500386259098079 -0.459763204337774
-0.0212599795977735 0.131555348633312 0.0510784619846674 -0.330702473742185
-0.115980364218881 0.136842107014634 -0.00945811809382196 -0.139747493297751
-0.17600339956904 -0.00337095608911004 -0.186707926718059 -0.103233307753357
-0.102254169027961 -0.143213595011743 -0.327335054462827 -0.244316866446266
-0.0354070015100055 -0.138111947583034 -0.412253913176094 -0.540849152371382
-0.218157890826469 -0.241966098260295 -0.474047392908357 -0.308807089310816
-0.253799260760508 -0.220116255631499 -0.316569998903781 -0.107446208545256
-0.320203317017631 -0.0210950839677658 -0.106549234333682 -0.0375421214553531
-0.255629163108641 0.173139609923406 0.0429362358741328 -0.0151102687331068
-0.117246151814035 0.248687687130333 0.142201322725247 -0.207353822855491
-0.0149536878839525 0.256525509097793 0.060633884887064 -0.361451052148956
0.088683642662805 0.239516580414603 -0.0469451247477358 -0.442928530247804
0.10419953653153 0.236501788527982 -0.117939658375403 -0.447459890364104
0.126764186914321 0.252286288173295 -0.124709797217642 -0.437715300448937
0.0449165361972893 0.332721145481399 -0.0528019201125147 -0.400105729533986
-0.0940080175935563 0.331743919000427 0.0322403893755911 -0.294180110183962
-0.269709249369022 0.322177019826594 -0.0199546317211539 -0.0999983157451437
-0.410384790480557 0.085525955099362 -0.214762306106191 -0.0577649401206865
-0.370587394502081 -0.207139480662694 -0.326094344350031 -0.18180473850723
-0.290671726755875 -0.282063056781329 -0.35929463817184 -0.431975440508872
-0.36362319905793 -0.350555576406889 -0.372844047435336 -0.234240414702916
-0.41418839734548 -0.312733056633285 -0.251120137765252 -0.105675234369123
-0.492870009834758 -0.0359302301603436 -0.117562701655736 -0.0631646366793613
-0.42501447532678 0.242348182466697 0.00569938994254766 -0.0163747147507618
-0.236864700162449 0.388227039905421 0.105861472982433 -0.149677353816421
-0.0647895742033734 0.42531553303567 0.0553463141814725 -0.256785956348746
0.101516366533634 0.401711395372818 -0.0153421547881285 -0.319283373336869
0.130560865600275 0.380084059243741 -0.0587112833112513 -0.313784596673073
0.166116220242206 0.383860109333361 -0.0777634184816692 -0.299383808793428
0.0666704396441384 0.492144798430644 -0.0351519899779204 -0.282705130623248
-0.125575466623015 0.493453682092807 0.0205182570484415 -0.214620070870284
-0.359100815237279 0.48715922145895 -0.0129534088443304 -0.048917151681765
-0.573190662458886 0.197537638318718 -0.199358110971663 -0.007267683886637
-0.583035306397674 -0.203389953413263 -0.266768306011081 -0.110034509816098
-0.505545660512995 -0.357200124103755 -0.229212633921908 -0.284207370321703
-0.465595123892379 -0.411912660301324 -0.228863870582972 -0.0922233369291191
-0.547716211281147 -0.361994408519175 -0.140903844631014 -0.0497639112657056
-0.630704808961129 -0.0310061780518365 -0.0988344453650589 -0.0707624826014597
-0.549691874273954 0.30531150373546 -0.0362629161566634 -0.0164459241264275
-0.326550379112786 0.490156580189297 0.0389015282362278 -0.0645739901274934
-0.102803234164641 0.542640296437639 0.0290461869414999 -0.102599642096424
0.101419121724082 0.507402430510494 0.0135125142763243 -0.140069976109117
0.137092388149834 0.46441285077194 0.0101467224414514 -0.134457057542837
0.178152236378599 0.45505368797597 -0.0107564155467592 -0.124496072692013
0.0746343631524111 0.573326501763956 0.00568792638494944 -0.129342582255045
-0.136922445064457 0.578788654686997 0.0249382659717212 -0.102704228816842
-0.387915437725501 0.575690865594127 0.00718852230685877 0.0051861178247121
-0.635747965065601 0.278623246385524 -0.147017900128983 0.0316335223345617
-0.687141851192038 -0.164169059615896 -0.153168852223709 -0.0533732801849963
-0.633434937238634 -0.36878923224148 -0.0419315721865898 -0.129757304475125
-0.509421314308573 -0.406886670393384 -0.0555739522312063 0.0933909362878999
-0.608791517078741 -0.344911942995983 0.00432805885317788 0.0469366155609404
-0.678486528367656 0.000243731114484463 -0.0547654734647056 -0.0476790732505929
-0.577948997654455 0.337953400045015 -0.0725397654775772 0.000721060471127868
-0.350878692420738 0.519884776912079 -0.0378941283704503 0.0482312704334835
-0.114565355822854 0.573657649461374 -0.00284861500191927 0.0839857591836933
0.0923190803670234 0.532278790720965 0.0408307136998636 0.0686261044830327
0.123212120095256 0.478146987756286 0.0773493514804004 0.0625882472590537
0.156529507716748 0.460342242661021 0.0596585952007895 0.0607657468016066
0.0545770226922063 0.566188025282689 0.0517721142881821 0.0356207136055497
-0.149893213515456 0.562069143704123 0.0340868153653578 0.0225192635816578
-0.375871886904952 0.545537777470759 0.0256997978785549 0.0559591884885171
-0.595778166459723 0.278304044487536 -0.0815987060318236 0.0508336994381424
-0.665340059761996 -0.125864256176449 -0.0205064154212422 -0.0188277748024128
-0.651338746128915 -0.329496398906549 0.161771375091428 0.0126350583391545
-0.474467298002314 -0.32473782196657 0.126759373718675 0.284767114082058
-0.557575632762621 -0.251800672429569 0.15806746203842 0.155976156130601
-0.586971333136529 0.0433363225032597 0.00437667623621927 0.00313358050967639
-0.480923695789024 0.306513203726761 -0.0887946376574688 0.0371885779342381
-0.299464095046868 0.449320681049574 -0.0965572321880502 0.167607925410261
-0.0987311165927701 0.502685853929605 -0.0224423022736835 0.266877252976852
0.0718259586868544 0.468489160694063 0.0707783554792746 0.269648780127521
0.0906127240677261 0.420342804358232 0.133624438836924 0.248652243956799
0.105866865879594 0.402916526445429 0.114716363798823 0.23370159174886
0.0116198688153181 0.478042401507428 0.0788643326611189 0.189796774448428
-0.161730471145533 0.452546388358986 0.0249584983035711 0.137177573516185
-0.328999609215444 0.4036635544181 0.0241494083976786 0.0946528968155008
-0.469338279331302 0.201393286679741 -0.0257299131166288 0.0531034714322448
-0.531216641934644 -0.0968183159090245 0.0938640523704449 0.000902748067714351
-0.56565705332774 -0.253573636762865 0.340875046643416 0.133568967164705
-0.35982377822903 -0.186602566085873 0.29019517782454 0.443035024041699
-0.391661576430412 -0.113344413817051 0.293288330167518 0.24185316467155
-0.368459380215387 0.0737473090388271 0.0722494199605049 0.0590113668336451
-0.282354350659358 0.205210152128618 -0.073305507050099 0.0733732937246931
-0.193447635526824 0.289047463553539 -0.118357412257306 0.257940107014371
-0.0663441533317238 0.339733870494692 -0.0187752933419138 0.403041802308333
0.0398939151660107 0.327129418908688 0.101340202831003 0.427631548143654
0.0443614801502783 0.299651616645935 0.171421886246304 0.397766485406487
0.0410025965580985 0.290747699739798 0.140707101105068 0.374100286278515
-0.0329210496983228 0.327039736172884 0.0703203797322345 0.312788372723747
-0.151268074238068 0.280829011136835 -0.0153171338235163 0.224160002789645
-0.23549670510322 0.206673154800274 -0.00537115562099651 0.111954350724615
-0.282119101014106 0.100863185219487 0.00999391592622078 0.0435698706244723
-0.333146049043121 -0.0527968782076157 0.17258949348038 0.0173263628061702
-0.402204142771061 -0.145294936075029 0.466715916838112 0.222652517273755
-0.173941036879978 -0.0220544066127982 0.405595754041499 0.532322954608713
-0.143601231906937 0.0237932993315532 0.392420720833084 0.281423498233398
-0.0875836068537343 0.0642950505729499 0.144463849944254 0.0926361896923292
-0.0576083166062096 0.0489823949211441 -0.0299977419146865 0.086970806393356
-0.0785119210370149 0.0789454078479182 -0.10444129356411 0.297313986070537
-0.0380793225802381 0.122610265278364 0.00230488319548753 0.465069311651081
-0.0065554135107352 0.136600922531298 0.125779837922315 0.512120119510463
-0.0093117141025377 0.133683220971397 0.184034496913876 0.48582949688435
-0.0195675728072899 0.13443441498963 0.13568510239268 0.461931726362709
-0.0509198646090147 0.137111609449347 0.031454952812286 0.392296628551875
-0.0949702067244442 0.0942749638070623 -0.0761500205819318 0.272256685338686
-0.0938831885605288 0.0285430349744831 -0.0471986161772653 0.104987840984931
-0.0722885277802059 0.0354838159754079 0.0354691873790243 0.0287030914247667
-0.121310833936766 0.0237470223049298 0.213600688615008 0.036250939616348
-0.204285955300123 -0.00988799802011371 0.524608968884179 0.274364201620105
-0.034573492350932 -0.107185278696096 -0.50396974865854 -0.315366188445531
-0.0662086470946919 -0.12004532608977 -0.32936458101147 -0.0767884647947082
-0.131955590325269 -0.0202862202512381 -0.0706230184150417 -0.0119619549173695
-0.0848448031158667 0.0801825470533002 0.0676361735615022 -0.0192107642866495
-0.00872824997950149 0.0854529792416406 0.142859298401189 -0.227672752173482
0.0189785704545613 0.0646658084965778 0.0473736336780115 -0.394288793264692
0.0545284516243459 0.0451171580956088 -0.0680699904044954 -0.480042822379523
0.0611721487746304 0.0547130241632934 -0.146999429224194 -0.495174151375152
0.0729545720362043 0.0699511579492872 -0.134466016696337 -0.49510017225932
0.0361313975885909 0.116426336285843 -0.0439882820681835 -0.443703603536796
-0.0247178924536546 0.128553879457847 0.0510289145914017 -0.317789433472977
-0.116590278181441 0.127677298832711 -0.0123366668317903 -0.13240243398843
-0.17557867132145 -0.0117961053667943 -0.176143496783635 -0.108377667658594
-0.100349090602271 -0.146306991918506 -0.300910212587103 -0.252887671159191
-0.0376945648482784 -0.136738220677236 -0.368095618475584 -0.538268324027406
-0.200099855972185 -0.240717069400084 -0.461413140678881 -0.311415185313282
-0.232765647799972 -0.224326247946403 -0.306783538024383 -0.107410125259296
-0.308377716229726 -0.0337153646287718 -0.101154452796446 -0.0288968841891797
-0.252162725804091 0.155655980859049 0.0412314114396556 -0.000640184964568156
-0.124559541679741 0.233096715022867 0.144468432912823 -0.184789464142038
-0.0246656554464985 0.248554561136837 0.0703958224083345 -0.340201676094932
0.0772884910327872 0.231479159754157 -0.0337047337493891 -0.425801201016931
0.0952006230157111 0.235792566359591 -0.107498576104965 -0.429791544086798
0.117493347069963 0.246123146931173 -0.118389992554348 -0.421820188251989
0.0382939073934116 0.326484771396704 -0.0514559053740487 -0.383759594451445
-0.100814881868408 0.324632996000318 0.0229756345595676 -0.280669407656206
-0.268847132442875 0.303802389573329 -0.0343520556893095 -0.0928281455552075
-0.406392524601411 0.0687644901111493 -0.210917288506489 -0.0696088432755984
-0.360618194575202 -0.214558772633357 -0.302814933060476 -0.199344758057604
-0.281156751214443 -0.277255603596015 -0.318216160168413 -0.441899230751723
-0.336811957317854 -0.355456621103412 -0.37280759201244 -0.232649164365696
-0.385923995321784 -0.322346072176596 -0.246126105024246 -0.0980193228612658
-0.474866104628941 -0.0563583881059711 -0.111442004936355 -0.0476722391672425
-0.415324893195597 0.212897961927936 0.00203592807070692 0.00383963557401139
-0.244912365870699 0.36369195793528 0.109785060986936 -0.123657701281316
-0.0771581181243722 0.411449802523883 0.066207125994184 -0.23578408532586
0.0843178159197714 0.390874572497219 -0.00282705966060826 -0.302579922180385
0.115693075883274 0.379927509007706 -0.0516468593601589 -0.299389112738138
0.151939985574525 0.37776248136256 -0.0743160546631517 -0.286706317466695
0.0556757138408833 0.483268515676261 -0.0388469194074561 -0.268136466569484
-0.135750514013068 0.484622233276277 0.00512441191034876 -0.202465772238196
-0.358339709992036 0.463259057287751 -0.0367927664121918 -0.0422423137701123
-0.567028438252084 0.175726228853803 -0.204542838525649 -0.0219035926588849
-0.567803016329252 -0.215189577838732 -0.247868075992682 -0.133288334588067
-0.487659278731147 -0.350676675192767 -0.197310752686253 -0.301510541741615
-0.434073425297162 -0.422778094838539 -0.2442544246574 -0.086907870381454
-0.511522635509538 -0.378230398714176 -0.142655167054317 -0.0372114326342564
-0.608700205412764 -0.0593066546886608 -0.09328090787132 -0.0482324646251631
-0.537498490390888 0.270302096404262 -0.0398708339566126 0.00719050308653398
-0.332961178568454 0.458003507000565 0.0453518997040988 -0.0390258056903767
-0.117443040499729 0.522225627377211 0.0403030799777466 -0.0861476559747116
0.0814161510587492 0.495875913511751 0.0239757202734043 -0.126351651618874
0.119456697338034 0.464817545848092 0.0134163240998538 -0.125550185537294
0.162426068037957 0.449088156561649 -0.0135512275297313 -0.116118652337944
0.0641416182807999 0.564124743615772 -0.00293288559603078 -0.118421859768437
-0.14804136172131 0.568295486756316 0.00383719048514646 -0.0931642174615683
-0.38652458926326 0.549558205680819 -0.0228595009457119 0.0126785131477645
-0.629408588567671 0.253719948150989 -0.159428362038719 0.0166305529477382
-0.666990011822122 -0.179363549996351 -0.144312345040788 -0.076028063866735
-0.609313462877204 -0.364208323684592 -0.0264847756284483 -0.148788579865873
-0.475199719932336 -0.421533762136946 -0.0841564401776346 0.101046151577264
-0.573760486123665 -0.366520876693526 -0.00572753389438658 0.0639373342485885
-0.656372154263573 -0.0333681693388785 -0.0509453067080114 -0.0220396370748534
-0.566589146214182 0.30014348745931 -0.0754736878290435 0.0244129799427679
-0.356810303376817 0.485826289206957 -0.0296924709304979 0.0690821122391479
-0.127347801420418 0.552696193834167 0.00690120577646644 0.0923766419263886
0.0717944667332186 0.519996396090638 0.0479940277717926 0.0765153265124677
0.103656126369285 0.478656666364322 0.075297065165338 0.0653174563301977
0.141951609244978 0.456110329371302 0.0521462003170874 0.0633405312851349
0.0454205427741561 0.558804858491301 0.039922236516395 0.0420793886572461
-0.159784805835455 0.552702934938848 0.0109154227943784 0.027355425095284
-0.373118852393977 0.519876208114642 -0.0057438142182595 0.0607693878283407
-0.588850133567717 0.254948841031596 -0.0975067546987238 0.0379393602645128
-0.645712623238726 -0.140012471410707 -0.0198263053056352 -0.0364065698974377
-0.622515217131028 -0.325157151609287 0.160787281528296 -0.00478720543723837
-0.446975021789217 -0.344023488862277 0.087602475395586 0.292040699536361
-0.530574741566884 -0.275202310935875 0.142055185652971 0.172953168979089
-0.570772394577864 0.0135179119598628 0.00579381495946416 0.0254907836591578
-0.470397424301455 0.274093717746166 -0.0910962498978083 0.0545542412216785
-0.302547933880582 0.421799768515645 -0.0892245608226138 0.177642617861038
-0.108439409802229 0.483934383376612 -0.0159211320890933 0.264731070861156
0.0552763344402679 0.460308421440872 0.0717710447369001 0.270299097849209
0.0754834715077779 0.421090610861989 0.126740947888654 0.24489472931883
0.0935238778192127 0.399846769200312 0.103175526713003 0.230540957153421
0.00466427076492019 0.47236170519894 0.0663439370980144 0.188667692858366
-0.168199838257082 0.443092030087351 0.00369260194373637 0.136062916248941
-0.324616808197345 0.384710477133464 -0.00301026366624463 0.0938354105546506
-0.46069742808021 0.184540261086014 -0.041195886956545 0.0441363962175215
-0.514265223865818 -0.106088623369113 0.0895446201225168 -0.008333886746242
-0.538972796029925 -0.25093570373018 0.326226172242806 0.12115633259579
-0.341567907059254 -0.204670672651969 0.247219216196101 0.447513480419316
-0.37631611344408 -0.131854672378853 0.272450325552046 0.255014592831805
-0.359390012851728 0.0532265008859566 0.070021387787711 0.0735085206006909
-0.27574368963805 0.185057166668214 -0.0747558029728522 0.0814621274546541
-0.194261730582709 0.270847283626126 -0.114157803031183 0.256494698102054
-0.0714100587005355 0.326528387329184 -0.0189204797458847 0.391919750843457
0.0293999245851193 0.32383771852337 0.0958022805611698 0.420640054258904
0.0338270860286303 0.300685349307689 0.160874136543534 0.386878692036168
0.0330051643929289 0.29070925031196 0.127653151562462 0.364404364691815
-0.0365148854450808 0.322703323618107 0.0585146726337896 0.305751764619627
-0.154197561132009 0.275005709472901 -0.0297233076193224 0.215850585080267
-0.229161006972992 0.196956908273681 -0.0232608354338208 0.105932470966987
-0.274780907592967 0.0927442319179062 -0.00124199945756102 0.0377638126434677
-0.320037944339395 -0.0589869669569313 0.163632221723696 0.0153635517245103
-0.381988437286613 -0.14407537691101 0.4413974933969 0.217840029390685
-0.167016682164654 -0.0363394070048818 0.365085559918296 0.535980107218073
-0.142129846650995 0.012808372665773 0.369223107224715 0.288410361638039
-0.0869838840843895 0.0566164408865019 0.138028826309564 0.0976778931447757
-0.0553220088288335 0.0436498987971124 -0.033010768072822 0.0846340500234113
-0.0750556626666934 0.0732488108965699 -0.105966803259335 0.285772407760924
-0.0374733476479422 0.117507329117428 -0.0057659693067765 0.447993287875084
-0.00953316241853564 0.137178612367535 0.114331487265381 0.498088480680815
-0.013687750250016 0.134727692222746 0.171060383641834 0.469844418085199
-0.0222955904679193 0.13651920643873 0.12382480598931 0.447701605968115
-0.0511471627136279 0.136123963489068 0.0240365117306708 0.379904286174796
-0.0943135530801768 0.091576979832348 -0.0805645884338161 0.259418333682572
-0.0888716215497862 0.027598401652606 -0.0532543447645243 0.0967854679345443
-0.0682811390117886 0.0352937854995776 0.0283384301107423 0.0273626139810461
-0.116783218533685 0.0225600734330637 0.201839221713034 0.0410223793383901
-0.192239380120091 -0.0102917835218111 0.49273119480196 0.275880503975115
-0.0318973406982205 -0.10596726322863 -0.50097101541116 -0.312580250603974
-0.0656055930350651 -0.121714002380576 -0.326552896821077 -0.0761516218510222
-0.130926957782994 -0.0202679999230911 -0.0699120841037894 -0.0135488984035427
-0.085494822609821 0.0800188674771038 0.0680237809700405 -0.0192023824183711
-0.00816970376791344 0.0833365137312915 0.138503770130874 -0.225132252030036
0.0184363704882873 0.0638662883546018 0.0424473340229814 -0.391271748187382
0.0534519230191442 0.0440869342264066 -0.0725817482877328 -0.475619799055904
0.0608805078341167 0.0526519483109031 -0.148657736830834 -0.489442324266355
0.0734284725129652 0.0678116991931017 -0.134513611622343 -0.488634293997651
0.037221485417341 0.115309281140703 -0.0453299728109533 -0.441118119691476
-0.0245557834087692 0.128150823592795 0.0499053238769941 -0.314932580314865
-0.116238902132072 0.127485371726516 -0.0107032075316192 -0.130181309690781
-0.174941892007013 -0.0135230125903899 -0.172219438868655 -0.106584912643379
-0.0989735657499866 -0.14563671908262 -0.295433708605794 -0.253320811993832
-0.0352124098609431 -0.135101765179832 -0.363699844559213 -0.534199104322185
-0.194673576695627 -0.236178454310565 -0.459225889627725 -0.308162506354392
-0.22885760620829 -0.224465854824019 -0.304021668085872 -0.107285578658031
-0.302303879496929 -0.0340034206770315 -0.0994700466125279 -0.0319436748109211
-0.249829385678765 0.153885224294649 0.0408880599342272 -0.00109335633719459
-0.12204352410393 0.230124780759633 0.139470182298715 -0.183203396775132
-0.0230567980700735 0.246247854348065 0.0663466300243388 -0.337617113009798
0.0769033331655037 0.229979103645414 -0.0383323434822141 -0.421921502512659
0.0954318395452266 0.233138094719775 -0.108603501646876 -0.426628655947355
0.117039633651878 0.242533035080471 -0.118345771333859 -0.416375454901512
0.0407220829553606 0.323696623301506 -0.0536827111858528 -0.382419734770466
-0.099657804176801 0.322771674391326 0.0216168005155916 -0.277987132161505
-0.265984174571825 0.302977507353641 -0.0316577592927942 -0.0924249429327526
-0.403941796874708 0.0670184220491551 -0.206680376324661 -0.0662786558720566
-0.357183935405202 -0.213626403611401 -0.299197254641877 -0.199932502786184
-0.274643943946459 -0.274922402621486 -0.315113246991797 -0.437433111425407
-0.32959462250441 -0.347735797200692 -0.371448601779311 -0.230435078196618
-0.379975053201113 -0.321478899172334 -0.243828408685136 -0.0991266137842373
-0.464855651912488 -0.0564810111807612 -0.109790238386527 -0.0511889383860642
-0.410186055244891 0.212105762616883 0.00170310864692643 0.00269054905049346
-0.240625933490565 0.358818221285765 0.105325903270422 -0.124260554540071
-0.0742878917973305 0.408951853866438 0.0642358591110732 -0.234301913672127
0.0851017625261173 0.38778926396822 -0.00686055371916334 -0.299147823415253
0.11667632299264 0.376042546835363 -0.0526693843148165 -0.297707974940166
0.150461325370887 0.372825237382823 -0.0746015338463979 -0.283270197757914
0.0592157178258862 0.479105841153204 -0.0403260181766007 -0.26719138512156
-0.133235697459786 0.481905905755212 0.00295694737463676 -0.199512099549844
-0.35232614558953 0.460956450031625 -0.0344853201259868 -0.0430722828326391
-0.562313413370032 0.17444563024929 -0.199755683731678 -0.0185969150066926
-0.561686308290091 -0.214654606002389 -0.244670749553955 -0.132754449546139
-0.47708458145023 -0.348700354646139 -0.19459308522993 -0.300254688255893
-0.425333741025779 -0.413915765829183 -0.24555718971488 -0.0880339654261052
-0.505803971315941 -0.374872582799506 -0.141617473563904 -0.0392720640481406
-0.596679552229802 -0.0591112058719848 -0.0918739998178932 -0.0527661533050857
-0.530667848596472 0.266741899626995 -0.0407468888521648 0.00566084455705911
-0.327899901208129 0.45358006777479 0.0411146785378543 -0.0417925555458447
-0.112472035333505 0.520167665805479 0.0392207208394461 -0.0859057666549458
0.0827932681698996 0.49072915286189 0.0215360461919925 -0.124265287097086
0.121797847494929 0.461879885356644 0.0119384168890583 -0.126652365845233
0.160367220737373 0.445036728932818 -0.0131591221000924 -0.115108913018445
0.0677591558992232 0.5588408772254 -0.00448418036944869 -0.118293317701122
-0.146878318207612 0.564154468175252 0.00242232868498963 -0.0903469409050577
-0.379659298617161 0.547030681728366 -0.0211909484366438 0.0101643561569656
-0.623650946516805 0.252201134499875 -0.155619974326289 0.0207675600719027
-0.662340847683171 -0.17914650909099 -0.142826616860047 -0.0742900668694887
-0.595865632859914 -0.360695171462494 -0.024850137784428 -0.150726012747254
-0.467784610529821 -0.41234752747675 -0.0881166224928809 0.0981888050895371
-0.567124548361794 -0.363040935167872 -0.00598885990116619 0.0606662006236005
-0.644178076592959 -0.033440062116853 -0.0497121370427213 -0.0262310663812483
-0.55868080768404 0.296423084971904 -0.0768246650448764 0.0223481028306508
-0.352474793487976 0.481265984471482 -0.0330947021073502 0.0637516439980434
-0.123814000092922 0.550219214713398 0.00820870942155449 0.0909895551959029
0.0732350094372146 0.516280556950342 0.0469239389476231 0.0771037396816688
0.106395762778532 0.475927912492816 0.0743206360718219 0.0615827139007655
0.138412223108741 0.452066798922746 0.0517166256081942 0.0628669499993633
0.0483793033943151 0.553519389570357 0.0384306640995881 0.0410512748541505
-0.156759728439756 0.548971775442969 0.00972920365873702 0.0296920350305753
-0.3656425895187 0.518749125220431 -0.00466757223452962 0.057642496725852
-0.582065132788286 0.253951853151706 -0.0949652951418552 0.0416974467682134
-0.640638604387593 -0.139188940790829 -0.0203513174962323 -0.0342915615459485
-0.61186370623665 -0.321996908779099 0.161277432647106 -0.00796492543089452
-0.439711090512201 -0.336384302142817 0.0815893307987912 0.28725330876213
-0.525521263859044 -0.27264405633219 0.140256921639285 0.169294534641914
-0.561713120011489 0.0139853838325498 0.00620360301446709 0.0218720801205976
-0.465233286920662 0.271794942110986 -0.0922763697335685 0.0521646366741147
-0.299253187788868 0.417912703114811 -0.0909768063460762 0.172022441868945
-0.105060751314777 0.481636044908338 -0.0139293228714139 0.262032357384311
0.0575423400873828 0.456532803173569 0.072250109164321 0.268523777958253
0.0774763258377605 0.419879533458823 0.126141585036959 0.239242824619982
0.0908594391244278 0.398131305034386 0.103161340669822 0.22742099519756
0.00628832687280793 0.466940121276632 0.0656158718119363 0.187366808985492
-0.165777572095131 0.439802080787759 0.00386649440834225 0.137565019198907
-0.316739185123023 0.382491756427936 -0.00317514363508794 0.0911761008900666
-0.453481954312838 0.184511806586899 -0.040346029535422 0.0468048882013446
-0.50963984686282 -0.105760015180854 0.0873472869268231 -0.00625428874847116
-0.528355290426916 -0.247281041557291 0.324804590144273 0.11676661170611
-0.336249230519354 -0.199713884638618 0.239022796512487 0.440329129498738
-0.373344674796443 -0.129405860249268 0.269701402209908 0.250658219585287
-0.35361471424616 0.0537046837152215 0.0697174066633901 0.0709078105217572
-0.272264886702863 0.182733804351693 -0.0761788213530589 0.0793614652257362
-0.191869810334227 0.270065087872841 -0.11462134989238 0.250340802462989
-0.0686030395093133 0.324493867463018 -0.0160397497367418 0.387674983512815
0.0313023824060429 0.321889316538846 0.0978174476798129 0.416383954442972
0.0352663363571461 0.300222809602998 0.160531889135756 0.380219344519087
0.0317524590330766 0.289183431165133 0.128184849811685 0.359110015649736
-0.0346523813239254 0.319421191541723 0.0587957192611155 0.302735944953955
-0.151662048999404 0.272435215442934 -0.0278616853648281 0.216574736850263
-0.223208494743811 0.195502265383682 -0.0240221452989722 0.103141368597982
-0.269108835318444 0.0929551225045261 -0.00205901969200216 0.0401007429123073
-0.317428536186558 -0.0578359845082474 0.160377866564296 0.0181186083485456
-0.376079772063519 -0.140763841507212 0.43916398662766 0.212556007646168
-0.165730517462682 -0.03464029581189 0.356474411320068 0.526042269992939
-0.141335596032744 0.0150240010273894 0.364182111601817 0.285390837238658
-0.0855397511102098 0.0567005039552195 0.136857848231075 0.0963838311121615
-0.0533837106182412 0.0422906940001087 -0.0350569041345495 0.0827798373889358
-0.0739915118199395 0.0739510322138524 -0.104838501556992 0.281115614434105
-0.0360891512119249 0.116754293989416 -0.00205965447523639 0.443185828392332
-0.00852909088011631 0.136318174430492 0.11848572971062 0.493367843103301
-0.0124244204302892 0.135177788934793 0.170693671889626 0.462816313390243
-0.0229421837046856 0.137058703326667 0.124737655867922 0.441679787657294
-0.0507483638612805 0.134638327649704 0.0266407157908879 0.376433940300275
-0.0923027564987245 0.090294935343594 -0.0781097484530582 0.258733314456104
-0.085691556237562 0.0270543970835828 -0.0537277006870118 0.0944483169172663
-0.0648777222542953 0.0367693036642698 0.026337613794509 0.0277028405711582
-0.116265533897841 0.0233379273847667 0.198917710098453 0.0428737609914763
-0.190344551772342 -0.00896403172708685 0.490912895984263 0.270783952451095
-0.0306661771525176 -0.107563188441146 -0.511292839968531 -0.316402345250691
-0.0661114671644564 -0.126827947540744 -0.332436121456555 -0.0767843950157345
-0.13240995084087 -0.0208341786893632 -0.0700914594489861 -0.0152075755531782
-0.087651871278443 0.0822021557610731 0.0703191663017733 -0.0196822765483844
-0.00836412526694947 0.0840419786272297 0.137835968442439 -0.228677018335305
0.018847215038519 0.0649651082987626 0.0379353240163851 -0.398600948653677
0.0537309725938433 0.0443477329879483 -0.0797424807344941 -0.483728553760542
0.0617557262510178 0.0518264803260172 -0.155009794014743 -0.496423207859212
0.0759957465012546 0.0668587968608706 -0.139968793561403 -0.49665266651837
0.0401750652463256 0.117681541031924 -0.0488638739264989 -0.450419183847997
-0.024929410935278 0.132187630382308 0.0492994649030244 -0.321177224340797
-0.119225291047004 0.131538721204785 -0.00952999488324622 -0.132255955983409
-0.180055737733275 -0.0145111711461431 -0.172986150038546 -0.107058011928034
-0.100610765600408 -0.148967330216858 -0.299919698498505 -0.260920951993797
-0.0342440072963859 -0.137833459749089 -0.370951046989373 -0.541395415392029
-0.19491019695509 -0.23764679417896 -0.469401396564884 -0.311583941146328
-0.232786186596174 -0.230512109688823 -0.310209184262121 -0.109483025766268
-0.305192683638546 -0.0340524980596539 -0.101048736869331 -0.0349314084815958
-0.254476791180535 0.157704599987298 0.0421957093900915 -0.00145594952141087
-0.12309346425 0.233370465796973 0.138155965510156 -0.187147801406473
-0.0222773057339383 0.251892104086588 0.0628361258935565 -0.344484012967478
0.0795086453220217 0.233663994867719 -0.0447619648474365 -0.428358284104309
0.0985063038212405 0.236249117007074 -0.114587921070651 -0.433130485763408
0.119919999721397 0.245305567506557 -0.122442570264306 -0.423101109688889
0.0450503749924917 0.329767762576424 -0.0570420944465097 -0.389914296619784
-0.100344035615826 0.331155096323364 0.0207183444421268 -0.282928869138899
-0.269827342314117 0.311548033000683 -0.0304481233128719 -0.0951490277927785
-0.412492675522781 0.06828981283398 -0.20726442053437 -0.064737409022501
-0.364491991244491 -0.219633014795754 -0.303126649593512 -0.205072256695782
-0.27662723737937 -0.279891329493046 -0.322070557038328 -0.443790782587705
-0.330772293905422 -0.350106584515973 -0.381643172875902 -0.234198585952957
-0.385455245317566 -0.328788383805465 -0.248207955834784 -0.102475961791143
-0.467598116048226 -0.0569971083779927 -0.11157925592895 -0.0561228981533504
-0.416773948778932 0.216325471434445 0.00140386105978651 0.00162517337992007
-0.243017215490328 0.363607668298728 0.102949313256806 -0.12880227893348
-0.0726363715304441 0.416593113609558 0.0624894269308189 -0.239310136553395
0.0894976340609823 0.394465649894557 -0.0109314089020298 -0.30331315073772
0.121665736900197 0.383037354825252 -0.0570396305820954 -0.30514441532933
0.153248236361753 0.378742160499211 -0.077069039371088 -0.288039654093406
0.0643145142055316 0.488374654517065 -0.0432625925381109 -0.272694788901544
-0.133911313047567 0.492534521467748 0.00151328675384912 -0.201901222917535
-0.355182868478949 0.473737841105599 -0.0339774242032839 -0.0457474450577788
-0.572697559694787 0.178526318958282 -0.200577233113666 -0.0151678641976446
-0.573760651838629 -0.219196595906975 -0.249365966252308 -0.135397170111351
-0.480832925676503 -0.35571569992734 -0.198696194246891 -0.307770750432249
-0.428586980488818 -0.415996322463441 -0.253614378692088 -0.0897760845307939
-0.512823163051312 -0.382636906899089 -0.144571743575192 -0.042480612059359
-0.600046376866352 -0.0598624163195215 -0.0940778089671968 -0.0584687559263956
-0.537107556532284 0.273587613287076 -0.0429909533266382 0.00415918237818392
-0.331427835359626 0.460949289475182 0.0375727036799114 -0.0460105962068812
-0.108796392190242 0.530337443374002 0.039104368699797 -0.0887553243622562
0.0872154716073522 0.50005662089785 0.0199664654469563 -0.125331622993661
0.127313100201344 0.470143433790224 0.0106827122983626 -0.131377777881077
0.163135933107665 0.452605415681717 -0.0135201875489629 -0.116946269339084
0.0720510518213164 0.568127370120565 -0.00589414140584959 -0.120938358272884
-0.148037196683921 0.577518139842674 0.00138304760131374 -0.0899834870378317
-0.381438272341456 0.559741810716582 -0.020876006721516 0.0077124051902378
-0.634893409702968 0.256849522669061 -0.155703036268911 0.0254390296966812
-0.673755653354944 -0.184348309159343 -0.146428776417111 -0.0747768437843097
-0.602778751528327 -0.36585783434477 -0.0243320171153063 -0.156705973678489
-0.470398508649433 -0.413545100236434 -0.0941481883541235 0.0981014385657179
-0.577058824333185 -0.368784499793038 -0.00660511882204316 0.0590332935824178
-0.651587205757042 -0.0325546188209989 -0.0516546410947388 -0.0313431481313089
-0.567821134639699 0.303409700920073 -0.0795603780857033 0.0210088823815847
-0.357251018181912 0.490629652775772 -0.0374208723166285 0.0610439542140948
-0.120453717921999 0.560719879081262 0.00868173256226311 0.0910767993185632
0.0797152947955217 0.525354500835595 0.0485638999860088 0.0791166968802948
0.112648589123489 0.486258476048254 0.0749150598445067 0.0597689917921464
0.140868935084443 0.461903738276456 0.0533050810038929 0.0638310918560631
0.0529971069738152 0.562340495756709 0.038457287703809 0.0411855457447584
-0.158307465300532 0.561779328841468 0.00983528672372144 0.0325045840809622
-0.366604479209552 0.529269453894226 -0.00471666432566263 0.0563750954649701
-0.590467468704916 0.259454569914403 -0.0945053580841884 0.0473571607293417
-0.652745258395053 -0.141657304834231 -0.0217195796050891 -0.0328249929910642
-0.61802747009614 -0.326077172143242 0.165591066171611 -0.0122207406699511
-0.444471900683739 -0.338382527186479 0.0785644251084466 0.289551271431463
-0.536071690657979 -0.275325147700717 0.141715383146775 0.169254233585213
-0.567146409321857 0.0161487970150727 0.00586818599360553 0.0182234669140453
-0.471294631784863 0.278001179486988 -0.0959843885541245 0.0522769629967444
-0.301719877769673 0.428119721681625 -0.0955390254554494 0.1708069768851
-0.102181631771621 0.490690707690203 -0.0120935079755951 0.265287144789177
0.0629776388666869 0.464255115539517 0.0770128137679857 0.273947194432517
0.0825145268239903 0.42948439739162 0.128848197039895 0.240213373008439
0.0927625732154108 0.406479003381239 0.106293349280042 0.230775951890663
0.0098924994778943 0.476163625097207 0.0674664136338084 0.190379915278761
-0.166387913924628 0.450321702527063 0.00480202191612926 0.141909319960255
-0.317025874152796 0.391082231855619 -0.00390100531484386 0.0901567409868278
-0.459483667083711 0.189120404168407 -0.0398885857422641 0.0513072137777738
-0.519725169035055 -0.106613954935393 0.0878339249147283 -0.00418357825402173
-0.535235071621837 -0.249423866087971 0.33389185731287 0.11359652952347
-0.340612998360852 -0.199870826000885 0.239161837923809 0.445009869700575
-0.380398746916885 -0.130632356105637 0.273851285276114 0.252835184058886
-0.35768890468741 0.0556598955077997 0.0703465368146977 0.069686929014027
-0.275257776516822 0.186226085657899 -0.080154983605533 0.0803152250860071
-0.193741791106912 0.276651448099739 -0.118071068666765 0.251828075239545
-0.066027201160066 0.331360237139259 -0.0122164504417043 0.393235277983422
0.0352274102922865 0.327092866981378 0.105728902775712 0.423395710230904
0.0391350390526939 0.307497277407815 0.165191872463579 0.383986572213291
0.0323237688111856 0.296505799032082 0.132066585243989 0.364145727497833
-0.0340883049775243 0.325356845534233 0.0633486230802131 0.308204267460315
-0.152599187921308 0.278712589257485 -0.0272207675833732 0.222116458397347
-0.222854487981023 0.199748773886421 -0.0251282536567959 0.103790878925385
-0.270502478793192 0.0963965484502048 -0.00265265510648028 0.0433103124944349
-0.323884124429086 -0.0579125734734569 0.162151020239749 0.0206322861233107
-0.380480477290637 -0.141558646990001 0.450096927344991 0.210871376996662
-0.168321262696198 -0.0334205685876516 0.358789716423592 0.532061155335277
-0.143941820959852 0.0173473146185308 0.370838848996379 0.288521266386413
-0.085960741121576 0.0585109043877682 0.139316881281483 0.0973722194037928
-0.053432096751075 0.0420351732144459 -0.0374326255579169 0.0834376739728547
-0.0746239148136007 0.0763810145562543 -0.107007446493047 0.284069323083557
-0.0355371715234869 0.119292720255687 0.00169453786472295 0.450383508790378
-0.00681159997553659 0.13809130020588 0.125793995279043 0.500776620968109
-0.011251101767308 0.139239456086353 0.177227474626221 0.468556817480182
-0.0233007178967429 0.14138085671146 0.129487726523155 0.447079739672413
-0.0507459417556296 0.137187176790626 0.0303565717471 0.382477221585589
-0.0926106322258517 0.0911581124760565 -0.0770199989735888 0.265076984149069
-0.08481640135564 0.0272373086447027 -0.0558290116936958 0.0958239486522204
-0.0632786899741863 0.0387766754187644 0.0250496084127617 0.0290435254240776
-0.119203627878403 0.025313012805157 0.201080724645289 0.0455184177998895
-0.193487731416193 -0.00689183185730442 0.503484125710633 0.27103691874837
-0.0319826754706284 -0.111237452705169 -0.536097522076519 -0.313487579993277
-0.0718920523417374 -0.132774211507135 -0.345892752090053 -0.0713744800940457
-0.137539476076539 -0.0190020388991969 -0.0723964315056949 -0.0157689831015074
-0.0906355089976519 0.0886020330987699 0.0735173085973797 -0.0228042081095188
-0.00694087939516946 0.0865916659150054 0.135553407669401 -0.238393425654906
0.0209088268584581 0.0668609582134262 0.0257773923484029 -0.412535022351765
0.055848294042761 0.0444841205875341 -0.100410483979696 -0.498003818038717
0.064576342539829 0.0507878028418046 -0.175826471309399 -0.508256766423443
0.0799990258141174 0.0651121072901751 -0.157500530973302 -0.508940839988858
0.0463849513469705 0.121010594551552 -0.063652410650031 -0.465176521856201
-0.0232324248861676 0.138923278429683 0.0435156344789146 -0.334315865918162
-0.120260780010281 0.141110951042202 -0.011557323587777 -0.136179096189625
-0.188867706473897 -0.0121630010857182 -0.17846755874911 -0.105968738457423
-0.106989184021053 -0.153000369748899 -0.316024117889621 -0.266265056030208
-0.0372189140015005 -0.14258941622713 -0.398358838584231 -0.548732440167404
-0.203370682183756 -0.240125606080973 -0.494510237065899 -0.311145032274506
-0.2454245685587 -0.235956461318175 -0.323124393017398 -0.107321779871069
-0.313124627416807 -0.0289100259636472 -0.105320610185767 -0.0372056668190474
-0.259441905719281 0.170796396149432 0.0439524156800904 -0.00286892131231935
-0.122040528218636 0.244240196032395 0.13589659796525 -0.197228032660781
-0.015518444340972 0.261925496268883 0.0543164149511302 -0.357408670342728
0.0884026305547944 0.239844223205485 -0.0617904384305892 -0.441061111771874
0.108699674005368 0.241568908009804 -0.131877401223184 -0.445737357003292
0.130323410820703 0.249810138627752 -0.138529365295761 -0.433853184769558
0.0574180212466971 0.340009239168104 -0.0709944829346502 -0.403006337170905
-0.0967090262972627 0.348020477066841 0.0139575030939719 -0.293002573271909
-0.270943401054488 0.3322282728142 -0.0327416656959866 -0.0993360430656253
-0.427188803720042 0.0793633929568345 -0.212642776238222 -0.0602700914326912
-0.383079703140929 -0.219096856103316 -0.318528751997604 -0.207617103719638
-0.2899940603888 -0.28389455596018 -0.343383469338801 -0.45188843666381
-0.345766719005767 -0.351775839954694 -0.403469317175652 -0.233474081079759
-0.406146578731892 -0.332073902337104 -0.259750606981029 -0.102411144619978
-0.478639318198838 -0.0490014135553588 -0.118259567753407 -0.060023528052607
-0.425513457198091 0.235876453641917 0.000868940402760123 0.000812487982498964
-0.243414150291995 0.382585232569772 0.0996923367559973 -0.137260607664931
-0.0622682043827396 0.433850878435089 0.0561075087978515 -0.250158364569347
0.104225485388716 0.407384438618266 -0.0214520170573944 -0.312284824831407
0.137799367735478 0.394712393314693 -0.0684701402826539 -0.314087341047789
0.168164867441898 0.387921893327932 -0.0877996291778123 -0.294585103532587
0.0814707527471949 0.504098086807894 -0.0532959908681322 -0.282425649826672
-0.12935150057451 0.516027702256232 -0.00377236284569517 -0.208066021867991
-0.354221004355555 0.50205720425812 -0.0356246724225243 -0.0492441049885196
-0.590555154553617 0.197085207394113 -0.204634457142424 -0.00809256804726086
-0.600054277607425 -0.216008961463076 -0.261327476535163 -0.135698312759052
-0.502356804206577 -0.357092304405493 -0.211465201489366 -0.31430130335027
-0.447943633062382 -0.416072000755542 -0.268254262273275 -0.0876401235558088
-0.540758836938717 -0.385793016953414 -0.151702585444173 -0.0434057318632999
-0.6169998168884 -0.0491054263924808 -0.100593156961717 -0.0629315101533595
-0.549099871403242 0.295658414669537 -0.04500542637143 0.00457110875112923
-0.331645030102603 0.485915612934335 0.0330782108007939 -0.051592899394083
-0.0971559272294604 0.553845408678976 0.0366064648006994 -0.0944622035667509
0.106623060377566 0.516508687453732 0.0168448693493562 -0.129285511595284
0.146547428392458 0.487107249902039 0.00578179712721774 -0.138133146320586
0.179283996239494 0.467209098946998 -0.0168879614807059 -0.120164245560028
0.0918148879155671 0.588406484308159 -0.0110606108685514 -0.125943571837301
-0.139495907363501 0.604063195632083 -0.000605824990354062 -0.0917906148907556
-0.378880465095827 0.592908627970664 -0.0215133341633394 0.00547470968725038
-0.650912258839437 0.282560803625782 -0.15672332695689 0.0330475490457596
-0.704535935012833 -0.175195890907091 -0.153224310409106 -0.0736218056484168
-0.628681074543238 -0.364650544738827 -0.0280118045129454 -0.163879665654104
-0.492909883346115 -0.415875472637386 -0.100243352937965 0.103008020095752
-0.607750250582689 -0.370425757497173 -0.00694608037876654 0.0594169745198305
-0.667681272092331 -0.0187313465057304 -0.0561153437670446 -0.0357449591169055
-0.57868268322635 0.327681995512293 -0.0835862022744005 0.0229983155200937
-0.357620044713871 0.517058256271721 -0.0421377232639734 0.0599507827504142
-0.107623948042821 0.584034777035546 0.0103829307186813 0.0924496955741086
0.0985604960679064 0.541965851639417 0.0538565512176061 0.0806953671617338
0.13094013917246 0.502854357302447 0.0779667090094763 0.0575490228657992
0.157250838552589 0.47655353554088 0.0566815583687257 0.064536193554948
0.0702035140244747 0.581453691277883 0.0404747558253805 0.041689121770712
-0.149338958026612 0.587692701229492 0.0110610150454787 0.0354483487462815
-0.36283218534287 0.558484365451089 -0.0049165057614986 0.0560873536772228
-0.604044742082858 0.283315813142997 -0.0940043665271989 0.054424161993836
-0.680205937132711 -0.133690952417694 -0.023853232624324 -0.0306531236225841
-0.642255167602685 -0.322726266647932 0.17252082013787 -0.0204148088060518
-0.463979973473255 -0.337058967477084 0.08237136524312 0.297055642740998
-0.562092568235704 -0.27248863972526 0.14913666646216 0.170403724207314
-0.582036939669328 0.0281142386595714 0.00433403839254103 0.0148388749637242
-0.47942883919853 0.299021927167938 -0.100598234005073 0.0561320344565587
-0.302342049050151 0.450875840807828 -0.0993456870362545 0.175046482269362
-0.0898220868363941 0.511809305114653 -0.00548750053061221 0.2730244397585
0.0799625640938629 0.479480476825185 0.0899236035995077 0.280701547449193
0.0989547112221224 0.444585620114784 0.138994674958912 0.242063134455153
0.10581460520824 0.421069936347132 0.116288586525584 0.23633357702678
0.0233600374181362 0.492230358816557 0.0749028096556643 0.195500148465079
-0.160391906867906 0.472487943338665 0.00872718494229601 0.14925083866864
-0.315258693592474 0.412370195315172 -0.00333907296252869 0.0921118515788
-0.467915977977509 0.206899439632118 -0.0394221898716307 0.0575186024108584
-0.541022708183673 -0.0991874420459317 0.0900030777936746 -0.00367330508793933
-0.554871767178801 -0.244859101467754 0.349796904726746 0.105186981639061
-0.355245239288373 -0.197607420466377 0.251552444386894 0.453558601330682
-0.398466489884349 -0.124420801342477 0.287506527611216 0.253105643727205
-0.365995713405649 0.0667876685921359 0.0728737807839067 0.0688973670443139
-0.279043326253349 0.198436022584403 -0.0833376329417782 0.0850171381930698
-0.193175855489581 0.291916761234029 -0.119759135978263 0.260209784793157
-0.0577459823268893 0.344731544615643 -0.00265217036963342 0.405784112576702
0.0467953843968815 0.337457928215032 0.123051911803112 0.43319225067779
0.050309016023151 0.318690299615826 0.180268958092776 0.390038536158659
0.0411699589095383 0.308973572886412 0.146886326597978 0.372591672453219
-0.0254269044722577 0.338285414281506 0.0743575964518125 0.317890259046729
-0.149830841631519 0.293442897118633 -0.0219207639770834 0.232803433803815
-0.223567220662388 0.210810210489633 -0.0250396326984559 0.107072580921011
-0.274608372912918 0.106279098510047 -0.00246193009491962 0.0467998369000134
-0.337293371470725 -0.0516328772287592 0.167205009984258 0.0199690278286383
-0.39483334705109 -0.135845881150372 0.473597814285975 0.202145256404047
-0.17516606204751 -0.0294830637273947 0.377029947690928 0.542122045087737
-0.148469111294261 0.0235315385363013 0.388430715072026 0.288757201780812
-0.0858469548112454 0.0639001507349812 0.145619848479464 0.097218354967758
-0.0528533184832755 0.0430112571639546 -0.0395175637092637 0.0877774181221847
-0.0751690167244945 0.0814607330702649 -0.105532167592761 0.294119884600363
-0.0329433251737113 0.12439249651309 0.0143835430726848 0.464716676144154
-0.00235879689132682 0.143390343050451 0.147358205617531 0.512147996576278
-0.00659059376579984 0.146360516024565 0.194866707293974 0.478116489572186
-0.0202670699063835 0.149220968560176 0.146120848812552 0.459704993797342
-0.0492134055674651 0.143281566216204 0.0434591084202056 0.395898493601185
-0.0923697447417297 0.0965692766546685 -0.0718019249928759 0.277417814609559
-0.0845654742208534 0.0284641685246906 -0.057101678726052 0.100261693076923
-0.0607399330867858 0.0430181611059798 0.0243346175016814 0.0303536238870083
-0.123112634925852 0.0310377706127189 0.208581394735877 0.0447411196464686
-0.19983036572423 -0.000800602326628066 0.530460346455031 0.264189670790277
-0.0368517419589455 -0.11343230535705 -0.567745051558273 -0.293169588654711
-0.082560561141024 -0.13622914480341 -0.358924158433523 -0.0542942833212252
-0.142940372773668 -0.0128531690344066 -0.0752925322564058 -0.0146507788593896
-0.0894508338321194 0.0986788418412393 0.0752994306661836 -0.0285393013806426
-0.00326956363059483 0.0897494523978823 0.125410426869042 -0.251719975782303
0.0246124231506661 0.0681528556300597 0.000679662627719288 -0.424581446487029
0.0589415292239642 0.0424640202670871 -0.13576552656342 -0.505711903333412
0.0684576772538045 0.0476417701787691 -0.209044300756072 -0.511804781730197
0.0860185335603633 0.0603310748045333 -0.192065742097448 -0.515092069821141
0.0561507495720718 0.121401144086432 -0.0931031344049264 -0.477581668041868
-0.016160754465472 0.14600480795647 0.0263863198171673 -0.349168810665438
-0.116655785754002 0.153129313032224 -0.0177523194368544 -0.139737365930911
-0.197285222820329 -0.00262076933134799 -0.186537214477266 -0.0994516471394993
-0.119022581928873 -0.153644019244593 -0.340325719380006 -0.259780346534239
-0.0446958037253829 -0.14548067884118 -0.438956768418207 -0.540822417981411
-0.218223715312295 -0.235502012362088 -0.525712783841984 -0.291728303373897
-0.266266984927135 -0.232436447208597 -0.339001556226775 -0.0940531521420038
-0.320544442966025 -0.0149917840096143 -0.1112022319449 -0.0362603128707318
-0.257506947563383 0.191321417979498 0.0453956659609875 -0.00654097371477433
-0.111657621373624 0.258761304957425 0.126659802458463 -0.210520194014754
-0.000635201160532013 0.271232782934078 0.0330385101847832 -0.371218237022528
0.104862479765665 0.24207376108681 -0.0916268618232941 -0.448181123768783
0.126380235922974 0.241935292903868 -0.162134155011426 -0.450327607830073
0.147648282372166 0.249005029436576 -0.166552306180936 -0.438443480062477
0.0807420726038955 0.347160698080052 -0.0971351644324607 -0.412805482263654
-0.0807327536540829 0.366733922544695 -0.00231138348545648 -0.303746619893877
-0.260009817028481 0.359053666772608 -0.0385739927102196 -0.101390900707547
-0.438443188664078 0.105121217914673 -0.218087298976311 -0.0501683646783908
-0.408267039181621 -0.208111249781065 -0.338777562541271 -0.198861226294874
-0.311252797600475 -0.277698524536515 -0.377834621259337 -0.445840791867613
-0.369881316255676 -0.340898498409529 -0.430536035892171 -0.2184906462834
-0.435309229225641 -0.323771546949572 -0.273753542781013 -0.0937982278900709
-0.490517274782758 -0.0276193029018389 -0.126484908782601 -0.0594109169758382
-0.424412814873664 0.266673841402971 0.000769879838840566 7.74608409541531E-05
-0.229249636165233 0.407800588460744 0.0910970491918148 -0.148402836893153
-0.0380693651233888 0.451422821840543 0.0409434721431009 -0.261289392211777
0.131649116742983 0.413085747124475 -0.0418752498870923 -0.318970900696961
0.16546142489107 0.398432381664139 -0.0898040414227204 -0.32000657186169
0.194573869061052 0.39135455512112 -0.106588159060934 -0.298602968090869
0.115259774091107 0.515506288227701 -0.0725841935085995 -0.288877078121013
-0.103260087792863 0.543090010886016 -0.0157192251909873 -0.213881203902901
-0.334762018082867 0.538011587159057 -0.0400658020424008 -0.0503546323231088
-0.600413309407973 0.233902975869604 -0.20630016063573 0.00435089344076305
-0.632103619882691 -0.192299970254065 -0.276941475991703 -0.126506067731205
-0.533587805443919 -0.342501265631195 -0.234988011672843 -0.314138455529013
-0.477752604652083 -0.402716460742916 -0.284980372780626 -0.0750262074387461
-0.57722923813517 -0.370486281280596 -0.160284692578811 -0.0377351445541555
-0.630543315971107 -0.0191036376350587 -0.109530817592456 -0.063659348495634
-0.548894035844675 0.333817888910713 -0.0471263551249275 0.00644769304945321
-0.315643971627652 0.518997408070018 0.0258201350524998 -0.0574256775752502
-0.0670928876239662 0.574976946023324 0.0300320994883827 -0.100142095005355
0.141514844090883 0.525891970103393 0.0106630924992059 -0.134444241209935
0.179240687662728 0.493153564589619 -0.00365996522751535 -0.143891899090671
0.20976480040604 0.471744036969002 -0.0237036932239335 -0.121947857128607
0.129672553237845 0.601220511011053 -0.0196769478382284 -0.128981432077419
-0.109602751187932 0.634293649160635 -0.00612182268889812 -0.0933839441928707
-0.354195916650357 0.632779650279677 -0.0236102259698123 0.0047807766311799
-0.655798952001294 0.32575598137485 -0.155944840537018 0.0450938576919758
-0.737590920189566 -0.14502291992935 -0.161857002459152 -0.0663928243686106
-0.661331564328797 -0.342934274103782 -0.0365030762314431 -0.170665591269518
-0.52443031548221 -0.400370341431793 -0.103497458305206 0.11200724416924
-0.644882971221661 -0.349180708445114 -0.00600268934331053 0.0591082260755443
-0.684026807122249 0.0129763292202631 -0.0623932732451352 -0.036705398492131
-0.578344566892299 0.368555785391066 -0.0863419841790553 0.0275197554275046
-0.338210737803035 0.55512242674254 -0.0465030074378562 0.0608426633296469
-0.0751740074889396 0.6086703683874 0.0139169684690465 0.0935815928174446
0.134350684578355 0.553542740878426 0.0611615982955168 0.0792484312262422
0.167333274346663 0.511566566440464 0.0812592983768953 0.0528618454300206
0.186440424077255 0.48480439685035 0.0634394954718321 0.0645004023490915
0.107423311178257 0.596857172274264 0.0431311722895858 0.0404693261092794
-0.121529883049339 0.618454598332674 0.0134635390228881 0.0375539386023636
-0.34047472756998 0.595513212682961 -0.00392339743355594 0.0561972639001441
-0.60686610177471 0.322912396872828 -0.0910587427486663 0.0646223085484618
-0.710469399064526 -0.10179295463163 -0.0263968884990315 -0.0282383065770308
-0.674933267511466 -0.299285624596414 0.177091249227751 -0.0343822742370851
-0.492064446897151 -0.319044190767789 0.0942275668077764 0.301971672515823
-0.595118752580156 -0.251687869164626 0.160263767312079 0.166297628894529
-0.594015945693158 0.0594501824770017 0.00315232789310427 0.0142836196313454
-0.475992582084332 0.333188533381241 -0.102502416753489 0.0630359389993011
-0.286484143701669 0.482522851755866 -0.0991754038949856 0.18279652093405
-0.0608277925578467 0.532679621289101 0.007948381371955 0.279840000192237
0.111610318606929 0.489367767720895 0.11086136079231 0.282195315228376
0.130299711160994 0.453213717832243 0.154823632265214 0.239710537453545
0.131736522529265 0.430740334363594 0.133893046971454 0.237488287127115
0.0527221184139303 0.507768872894582 0.0880836835785752 0.19777969541285
-0.139773130370662 0.498981051536697 0.0183462018031374 0.155056850344473
-0.298464659106562 0.442374740841043 -0.00138229768333658 0.0939867879871785
-0.469492147444941 0.238070759320433 -0.0360534516429082 0.0646371282484287
-0.565250569666113 -0.0739984851545046 0.0919903018767 -0.00526759652515132
-0.581501170831969 -0.221362599583452 0.366976100049498 0.0842703448640753
-0.374134992236249 -0.181969932863081 0.277798001012933 0.453497235697697
-0.417341591083787 -0.106330583238803 0.307462181280093 0.245251491939376
-0.369912468163372 0.0884923203925743 0.0770443182942988 0.066800829053678
-0.275543895676837 0.218550419166504 -0.0830791406641028 0.0918982240672658
-0.182371470116744 0.311996217983212 -0.113350780879265 0.272036748799221
-0.0382298048211533 0.358709846435571 0.019524957599916 0.417188329131722
0.0685061015581916 0.344154967276058 0.154554682696434 0.436732416331915
0.0721620776179541 0.327678593036053 0.206402800423597 0.390162861965458
0.0586063243475729 0.318988079970141 0.172760818153397 0.375937977583244
-0.0063529684988973 0.350195498750135 0.0953868961076492 0.323765907077303
-0.137449947366744 0.311115032159541 -0.00888891289936964 0.242591691669923
-0.21529002524947 0.228353147308053 -0.0221848218771248 0.111445886396348
-0.273762392698393 0.12458243815342 -0.000554781525192418 0.0510553764759413
-0.350950721307594 -0.0338477225769883 0.173240870578577 0.0145232893645154
-0.41124584470845 -0.116935711563158 0.501009766208022 0.176882250617015
-0.181198980806039 -0.0192888396830831 0.412269700400085 0.5363921752997
-0.150787562436121 0.0340180392577108 0.412861219673817 0.276535269111474
-0.0833784173030714 0.0714066240189533 0.154041881035005 0.0931618095189661
-0.0518847523911777 0.0449435029002098 -0.0381127225337892 0.0929200663594721
-0.0722355091467575 0.0888667424590888 -0.0953004372869017 0.30770011046415
-0.025512801657536 0.129504197728771 0.0416906160859993 0.476290376762707
0.00679032766596797 0.147315443084648 0.182376992387351 0.515955582056201
0.00290434823913117 0.152345383705318 0.226160384497631 0.478807608124049
-0.0120978124650399 0.157265583735995 0.177596204643119 0.462726713280373
-0.0426853304108193 0.150603802793601 0.069052956681118 0.405666710510239
-0.0889515786120796 0.10361322048343 -0.0571511617870268 0.291657691241428
-0.0839036624207808 0.0318279417857245 -0.054864651950781 0.10670208375938
-0.0567960292490639 0.0480666475701035 0.0246729219510985 0.0314860022542175
-0.125953166349978 0.0403334304376324 0.216980955014227 0.0372207750775335
-0.205097399121888 0.0117030503682353 0.56291084867708 0.237297129817984
0.0192607539766004 -0.111935271334488 -0.397203099548681 -0.517219533259906
-0.0129530504890752 -0.160284831530697 -0.304595796768514 -0.200816640007011
-0.125075829624656 -0.0742661774978136 -0.0576154468975307 -0.0445546990704649
-0.125233775503069 0.0523943173755313 0.0856304759454606 0.00822250313753767
-0.0460662369447214 0.0801698586503588 0.226701447742282 -0.174185104401182
-0.0106251658628629 0.072888414182252 0.186220996623926 -0.385816713925177
0.0330340833961079 0.0602037271833184 0.0930492855744351 -0.51621722089874
0.0404264944413054 0.0710973445472618 0.0253282261158627 -0.549879244352196
0.0490694792092926 0.0879911308532137 0.0411585657651391 -0.546552341596296
-0.00122480965846805 0.132680789684791 0.114392890325251 -0.468869165111337
-0.0786283600262617 0.12684661517399 0.16847175630118 -0.304506914293746
-0.172599898729929 0.0881280803742472 0.0407507724065978 -0.133162030266916
-0.182214699976355 -0.0919955587693133 -0.124262765937433 -0.177283751909713
-0.0461562365291908 -0.195797471344914 -0.187847107067637 -0.396583717546491
0.0208911627454627 -0.152055284119262 -0.144229753837784 -0.693396469520257
-0.0914716343042633 -0.301589745436841 -0.364085735711463 -0.496030842866088
-0.140304637936063 -0.327124831388305 -0.266312991205907 -0.223136356091752
-0.284582426387221 -0.153179465386455 -0.0787819603322753 -0.0756417858947055
-0.315320749274097 0.0647864081100635 0.0503956144608013 0.0205848094530267
-0.218013272659422 0.186381247746994 0.216494709741475 -0.130764894397954
-0.118546491437538 0.248882264510951 0.197557986226095 -0.32446307281494
-0.00880205347443946 0.264172746872205 0.112331539149015 -0.446091221237206
0.00906353853570049 0.277165560320671 0.0430613578397856 -0.474566624005197
0.0258255634382964 0.287190258284792 0.0307489761869199 -0.465551390632661
-0.071834496405204 0.350285428129405 0.0800641243659735 -0.412117361284096
-0.23192300663246 0.304800592374717 0.115952811645734 -0.273996230676415
-0.387976074351784 0.214402607476765 -0.00382256809505972 -0.107458432869727
-0.448915929388631 -0.0990852703399829 -0.180021936925642 -0.149833378648848
-0.287339982689897 -0.369286165457258 -0.210366006294146 -0.345479054660751
-0.16333310553736 -0.385695291633231 -0.126526674233249 -0.583362207167775
-0.182722176324937 -0.465058696281716 -0.31111682735416 -0.380843013745843
-0.255971340678422 -0.482684018750412 -0.204998070954809 -0.190064295387095
-0.433410334748863 -0.238016643365712 -0.0810943724057974 -0.0994847261853441
-0.496169145186282 0.0609511356274812 0.0084114382277022 0.0118963926784154
-0.387536198158229 0.271329777662108 0.162112483630075 -0.0841428553045391
-0.228932751627626 0.397211075353895 0.162658843117057 -0.221220497799574
-0.0564823064963641 0.433303944694651 0.104933294555509 -0.307348206071994
-0.0214273111019061 0.440702296306488 0.0554079634664709 -0.325801230457305
0.00758251378591559 0.438816313428746 0.0271844345509963 -0.313275279330563
-0.109599971182777 0.518287200370411 0.0473410744571774 -0.287873131401923
-0.328918677310736 0.458169990389076 0.0598546693689312 -0.196212637275134
-0.531815711190059 0.347104851449819 -0.0334934269325443 -0.0601590844391531
-0.651829427111875 -0.0501132361208025 -0.198034638640404 -0.0967352903143721
-0.497141106958879 -0.450396069328005 -0.185262704670865 -0.25485427681957
-0.335760599780636 -0.540875412463366 -0.0558735610319174 -0.399004468762141
-0.252611153183035 -0.571252781857954 -0.243829059513607 -0.1822766768537
-0.367845280328432 -0.58758872451833 -0.122446012652003 -0.0866527893658227
-0.565734924077228 -0.29390634885496 -0.061148661097459 -0.0909886533256827
-0.636039702880812 0.0698069324816579 -0.0367939231255244 0.000746741514420769
-0.512741040832817 0.335088856753496 0.0675878902792631 -0.0260582176783121
-0.307886462579315 0.498485247614582 0.0857955844361859 -0.0802007491818604
-0.0962295383231068 0.541562291494971 0.0739646500966578 -0.117647818211677
-0.0486436431714173 0.535509891266619 0.0600673576386531 -0.130794183742605
-0.0114989918458244 0.51911876632655 0.027500835684889 -0.118291349326483
-0.130231838790507 0.605122504948713 0.0275114731608789 -0.121357644635281
-0.371212708050639 0.539198692902149 0.0145538995468686 -0.0804946374447586
-0.587617050212088 0.42396404716864 -0.0455942324644969 -0.00185323600352312
-0.740211450856145 0.00722354761525273 -0.173340420635244 -0.0364281482243777
-0.613342910976962 -0.452687687097818 -0.107098641101084 -0.14882865421636
-0.452222365398865 -0.596662823205594 0.0584399805846917 -0.178310688565723
-0.296872866192586 -0.592980940215509 -0.159723516869894 0.0697671036269738
-0.440347758453855 -0.600701037946542 -0.0221383773748439 0.0706915977775473
-0.62957664735589 -0.285975370303928 -0.0281357078319294 -0.0454721571209471
-0.677994949375742 0.0867624531019104 -0.0811946721741676 0.00431010346130351
-0.547941751237117 0.356247684005274 -0.0483582613615679 0.0516863647823176
-0.327871189870221 0.52469875640081 -0.0126513435815297 0.0883240812576467
-0.112323723056336 0.565248235418331 0.0289944139684674 0.0980732107882119
-0.0666720508645224 0.548530106112304 0.0543422663230417 0.0828669655767973
-0.0359970412553797 0.524109405253736 0.0281665280881918 0.0872772260861447
-0.147804282993422 0.591760726042597 0.0126210206929887 0.0583835902997103
-0.374673711774083 0.520651340553533 -0.0229285989536221 0.0459472104509378
-0.557437759609457 0.396241643131109 -0.0505208196606729 0.0531846947573174
-0.694259582375259 0.0284051252345951 -0.123438606470604 0.0107954338835955
-0.604809796927772 -0.399425700768946 -0.00206474380055152 -0.0518922807479221
-0.48360581493214 -0.560863659103572 0.190653320834763 0.0437246449118609
-0.305158624891513 -0.509185394800243 -0.0596923098918259 0.330344889103004
-0.437545576131585 -0.491665205863098 0.0838142559861668 0.238223461840816
-0.568873343750904 -0.205086365656544 0.00904155444964842 0.0275576476235206
-0.571469053711771 0.0975214429884899 -0.112658481169058 0.0274611238204611
-0.467283448546857 0.315133000747353 -0.152246413231682 0.138119820914784
-0.28096225519103 0.460573312109357 -0.102063685257381 0.255601685588224
-0.103084101183841 0.499365644867569 -0.0140035628185791 0.302892965917818
-0.0755479604036202 0.479742338806586 0.0420141960122152 0.282350978654824
-0.0610381717567388 0.452273985075041 0.0202879400366854 0.272191099922267
-0.160889290396555 0.487674319266346 -0.0106386937187614 0.219040007477213
-0.338421016091862 0.402732552944681 -0.0660314586736843 0.152953092158042
-0.452242163045755 0.274855932956308 -0.0605564061619686 0.0868514671793812
-0.530900177782211 0.0103115672738379 -0.0712688131577881 0.0379277900820758
-0.481942236546864 -0.309715129286834 0.0935497294477772 0.0268502052470272
-0.431024970212792 -0.449066641627364 0.307068087515485 0.239668297835747
-0.258664518187586 -0.335854786272806 0.0453972086759243 0.548001183766822
-0.338627688784586 -0.282578079929131 0.181388808968254 0.368247256148829
-0.376942303325002 -0.0806691908856606 0.0498826343384218 0.102613232580048
-0.340289393224765 0.0784625576008048 -0.111893284341017 0.0565178703602494
-0.297455319348698 0.205319116888175 -0.210609105366598 0.207322865544597
-0.183826113095588 0.311062481461605 -0.155231179424066 0.386586682227013
-0.0807462653697858 0.349317959948856 -0.0425829370705513 0.46200761960169
-0.0738085491070791 0.337261913807316 0.0250968825176047 0.439708295528431
-0.0783331049978738 0.318681503063658 -0.00142230590183392 0.414093176637383
-0.149997113538668 0.320100205169894 -0.0538936980377331 0.334145087418386
-0.255564934235767 0.230588987565223 -0.120906193280314 0.21899791438998
-0.287366862534995 0.116162548946422 -0.08080953739095 0.0903271716576907
-0.300345879494434 -0.00503764109197217 -0.0304794118321283 0.0432690908470569
-0.302797092599126 -0.18037004701805 0.155254302118564 0.0860721782528947
-0.322101686539492 -0.281343711697552 0.380797869719903 0.38774706483809
-0.156092909217284 -0.10505319399502 0.136409537098504 0.676704094357393
-0.155355387519449 -0.0393970923046251 0.260786369843816 0.435042778639543
-0.106674389951751 0.0285744718163654 0.102045184058711 0.153836403843505
-0.0637023916281649 0.0155823768926552 -0.0754165447778428 0.0703432758642129
-0.0991696735600722 0.0480175222216369 -0.218465894318119 0.241745443862018
-0.0740341725790832 0.106596006496834 -0.16705401671992 0.450966633657775
-0.0533427895732116 0.141647738131299 -0.0549314779217565 0.545793189970717
-0.0611429282909984 0.145045181021504 0.00336664080194597 0.526839222801278
-0.0741475014039142 0.141892099269447 -0.0340365646765098 0.493296967248051
-0.100101829710424 0.122127587937346 -0.107785893651921 0.39605314481084
-0.123551975612438 0.0586652745532797 -0.178211368511467 0.241077861805294
-0.0870089750578033 -0.00553841004544809 -0.10063248729087 0.0714061515705947
-0.068788900268337 0.0211327844019675 0.00363381516909052 0.0396666066322172
-0.12964720848508 -0.0143038409338705 0.181077181800576 0.13044380483745
-0.190167272279575 -0.0768274082995267 0.406565771475475 0.471489544527244
0.0140057143614582 -0.111664843945379 -0.422681539640283 -0.486912353581041
-0.0238809456083287 -0.15966993893785 -0.311599418698127 -0.178588100119936
-0.128381619433999 -0.0667374960814592 -0.058701886829214 -0.0429896899289053
-0.12083020115044 0.062033072655777 0.0856030414171762 0.00148139711534579
-0.041107670133145 0.0825219273859413 0.211962495911732 -0.185396810621807
-0.00693704303295693 0.0736476905685048 0.156460533540734 -0.390638746787645
0.0354745881299937 0.0570591129890757 0.0563603812296082 -0.511042028075684
0.0437292370764878 0.0658617157523843 -0.00997108368750891 -0.542077238726624
0.0535838755295768 0.0808781625697366 0.00685612447135771 -0.539618830691675
0.00872233784365216 0.130648630382206 0.0826281529177132 -0.471737480870664
-0.0710055657173198 0.131953960525406 0.147442672172172 -0.312885858084176
-0.16568161155266 0.0985856508959016 0.033345809210859 -0.133332768882465
-0.187501068689658 -0.0810131155878105 -0.129637725818417 -0.166413284710043
-0.0568246433810841 -0.192121998777638 -0.208990371994758 -0.381174575909073
0.0124277849865649 -0.151987942890856 -0.18288336478672 -0.67010250040831
-0.104263690309389 -0.289251986529634 -0.389667436412345 -0.464380956987334
-0.158143113666994 -0.315601530313144 -0.2755840432189 -0.204412233888758
-0.286307275691992 -0.135406293276928 -0.0820239118534548 -0.0731381776959707
-0.306764318983911 0.0859016306687136 0.0516343108873417 0.0151884366366843
-0.203024858519468 0.198195383900617 0.203559053313019 -0.142703857431663
-0.100994624807987 0.253246918355407 0.171570686090725 -0.332214490795208
0.00793136181287512 0.259860310957686 0.0798697668631214 -0.444907226102325
0.0272464120677603 0.272171564393218 0.012444996472506 -0.468603703927761
0.0427051326320904 0.279604099483085 0.00235524849050107 -0.459148836944271
-0.0465771253777403 0.349590384551665 0.050962313277315 -0.411949557838856
-0.210557193520264 0.317629414901372 0.0966128289995021 -0.278722682395159
-0.369692756086003 0.237437946118411 -0.0103549516862758 -0.106034121592371
-0.450609108367311 -0.0709143383140196 -0.182175959303472 -0.135411986863576
-0.305121749311226 -0.348937417083775 -0.229142129202751 -0.329966266563214
-0.182351818633886 -0.371060191865271 -0.157379013062358 -0.562633600462869
-0.201588398793489 -0.443309091116257 -0.331851661606585 -0.356143833174118
-0.281642509929925 -0.462007032918319 -0.213426829422672 -0.176286629369591
-0.435868214910763 -0.210812337472521 -0.0854213425775811 -0.0966536780508189
-0.483294628292828 0.09149761029954 0.00910203590995506 0.0100698637044459
-0.363853947091746 0.291551428356693 0.151754314802665 -0.0953726013128796
-0.198403957980778 0.405999011221294 0.143380649828835 -0.229147893562126
-0.0269277921827393 0.429099336276698 0.0830993374577264 -0.30829020869398
0.00817495795940196 0.435225161030008 0.0334809392620643 -0.32439768173505
0.0349031821228796 0.431088531820412 0.00744998652736636 -0.30856371777209
-0.0738064971547013 0.517430580870417 0.0260556746512388 -0.287920781655369
-0.295827173210933 0.475356613517219 0.0462925372260769 -0.197355106899817
-0.502164334890092 0.376438721013163 -0.0374225747725653 -0.0576359649233218
-0.647442670764976 -0.0106925995418774 -0.196730213858193 -0.0809910346778935
-0.516209060910673 -0.415034388045935 -0.198149182005391 -0.240030318717752
-0.360082415931453 -0.512464942592506 -0.0752324059717869 -0.388759994258663
-0.277007535823159 -0.543696067242271 -0.25444120677729 -0.165805216685019
-0.397685833952741 -0.560415363574861 -0.126930867990113 -0.0791226740524138
-0.567912762228515 -0.257444325027092 -0.0661822844256191 -0.0896388464895588
-0.622294584741239 0.107810765562717 -0.036111661499668 0.0022473727541609
-0.483441216568468 0.36293856374533 0.0605054933972211 -0.0332220516040816
-0.269270181388827 0.509622692381804 0.0760804479361689 -0.0847736890399976
-0.0567063283251955 0.537744978713889 0.0661706116250656 -0.120066234784339
-0.0117610835015641 0.530521625156788 0.049518811548065 -0.133132976795275
0.0203638549643815 0.513807768986037 0.0215577920169903 -0.116889848217597
-0.0892886709244916 0.602299476265108 0.0170981180768076 -0.121895355340455
-0.333133731213746 0.56161834454007 0.00851541653835401 -0.0798703338012123
-0.550789573612434 0.453335394056418 -0.047060167611432 0.00109962032803312
-0.730956111008989 0.0519576576501963 -0.169120552976359 -0.0229844210920355
-0.631705781588001 -0.411072869151809 -0.115318912639139 -0.139263193122188
-0.475199581461734 -0.560048289696854 0.0499484595185224 -0.181246603944517
-0.321568119970798 -0.561143479929247 -0.157318382254218 0.0778784261227738
-0.469456264300858 -0.567564396062665 -0.0193184296575697 0.069975349982695
-0.631409993862231 -0.247090380243135 -0.0305649143400502 -0.0449800434946427
-0.661241433061236 0.126582579270715 -0.079993910906737 0.00817770387644228
-0.517464219061061 0.386910278903306 -0.0500473323026017 0.0497759022959695
-0.287317338063455 0.537141198413553 -0.00999708423727647 0.0877171619906718
-0.0722503930778765 0.563191537978082 0.0359702370337082 0.093748127808915
-0.0290803314125218 0.54570615112916 0.0567704997287883 0.0762146170661253
-0.00277593892050129 0.519584161393571 0.0345673128426912 0.0852157732433689
-0.10860771060638 0.592357225372779 0.0150341744111045 0.0573518426625113
-0.335997508452155 0.540835523566651 -0.0207860197759137 0.0483802562622017
-0.521648615996919 0.425511874460906 -0.0488199868966919 0.0548152390576465
-0.680968436730969 0.0696899314786794 -0.118675139206254 0.0224497435254589
-0.619380876822691 -0.358980031418655 -0.00631066414076928 -0.0482348207207443
-0.505680626670814 -0.521899855968534 0.192635902850866 0.0283709149449998
-0.324645080599419 -0.48090681812293 -0.0445458005287629 0.328454856008142
-0.459829503611926 -0.459154503238333 0.0953162303304334 0.228825985948705
-0.566542198180952 -0.168609326393625 0.0102236865777046 0.0254134945042772
-0.556057294734268 0.131169224217387 -0.109582430269092 0.0328596559397555
-0.441548705033672 0.342201329090287 -0.147210419237166 0.141356164086701
-0.244711035752004 0.471198953848946 -0.0861322341657431 0.258069802056941
-0.0688270881296584 0.496277955882306 0.00662908353760631 0.29716610049023
-0.0410768081365989 0.477902416350944 0.0564962305362932 0.272822011332038
-0.03241027592669 0.451927375573804 0.0380180705918541 0.268545559709476
-0.126817746253687 0.491144773700668 0.00317717993341009 0.216701639858333
-0.308176306119117 0.421883146390686 -0.0559855762966114 0.156540461263155
-0.425611405987586 0.297952118266845 -0.0567064204471303 0.0893421248866229
-0.519249770151088 0.0435726787893201 -0.0669344940770845 0.0447159749037764
-0.493378631957819 -0.277430020813662 0.0924372355126008 0.0235094217425437
-0.446499878292104 -0.414560081798814 0.317897211567056 0.212009801055843
-0.271557268025305 -0.312803719039383 0.0718992061181484 0.534526359134544
-0.350608472125927 -0.257818136418779 0.199722130682049 0.351142193012023
-0.37167178015752 -0.0564002541012119 0.0554195117056467 0.0984889095546735
-0.330037975823616 0.0966685106296493 -0.107360968914365 0.061943652356519
-0.280259517446306 0.22072803553855 -0.200153823741492 0.214963825526238
-0.159317017335471 0.317002202277105 -0.129822212619606 0.389597340592216
-0.0554489792426765 0.347295804075591 -0.0118723113589484 0.454850339833932
-0.049221096782571 0.338346648680241 0.0497247552580616 0.428338801547739
-0.0574354675114584 0.321928003035057 0.0248178781699017 0.408029916355828
-0.12759553123024 0.324046725804952 -0.0307145080890221 0.333381723069147
-0.236732051674312 0.243707429612343 -0.105729252089744 0.225924051115467
-0.272447053529156 0.130953278941543 -0.0765223801494638 0.0945180704399347
-0.293057739775628 0.0134053290458536 -0.0284004937370746 0.04735379040146
-0.310321834474867 -0.158012910378001 0.157683744375732 0.0774010117402384
-0.331356220262938 -0.255507239594769 0.400989722936981 0.350992852976145
-0.159060024546452 -0.0928101458195777 0.170176658041138 0.657014774656384
-0.154225566945143 -0.0284296952003366 0.28102735122004 0.413538413589023
-0.100914479506137 0.0355607213846028 0.109647126330027 0.147071235003857
-0.0616091840970977 0.0166290802463692 -0.071381252274792 0.0738965209049979
-0.0945710488720443 0.0538790616466677 -0.203431274831779 0.250016954377259
-0.065534378864598 0.108093555908699 -0.136993900794463 0.454867335959819
-0.0428467268900603 0.142107693103364 -0.0178357653055815 0.538368852026735
-0.0500941496696454 0.148254193473462 0.0348149661414583 0.516405731368831
-0.0628814904346788 0.146861024124546 -0.00124446260028397 0.487226179398346
-0.0906932200880085 0.12671971402024 -0.0789795654888975 0.397485655263422
-0.116700474572834 0.0643774788817007 -0.159294215401181 0.250747675327641
-0.083946916933827 -0.00233882212492059 -0.0964901012650462 0.0773926895374245
-0.0634981744940992 0.0262887678508248 0.00302698505809254 0.0405161773476752
-0.12910336750045 -0.00450308545912787 0.185469528632769 0.119424339567002
-0.191092596520732 -0.0623572649490486 0.430208355207101 0.43342603818599
0.0104931269679338 -0.109669764023493 -0.432137203715683 -0.456755885243058
-0.0320302336357876 -0.157043948361069 -0.310941188956745 -0.161451136249557
-0.128592885153349 -0.0605713998568804 -0.0590910906998777 -0.0429946837679411
-0.115084894286818 0.0681689279641352 0.0841043087044446 -0.00326822338500333
-0.0366271351985798 0.083140491848554 0.19927031352406 -0.190457995804147
-0.00371828180139509 0.0733269966378188 0.133318104068596 -0.38905761190919
0.0368711964692765 0.054212735114153 0.0294619948901699 -0.500132668095512
0.0448961469860907 0.0610425038159582 -0.0332987958099755 -0.527383185531325
0.0549939250866216 0.074486295121821 -0.018079116498033 -0.525949352724979
0.0150039161956152 0.127452447343453 0.0579277112822814 -0.465688803297471
-0.064196690698598 0.1346776255829 0.129997956300517 -0.313790953744595
-0.158262579928 0.105549518045763 0.02793456812228 -0.131380508440246
-0.188908803861193 -0.0719176982620728 -0.130174696696038 -0.157484696766936
-0.0634096879153603 -0.187231896874074 -0.220850960333207 -0.364959647501557
0.00593601854881181 -0.149548009020309 -0.203928256589589 -0.642680788716723
-0.110714456575309 -0.276618946260221 -0.400905122446688 -0.437647330090843
-0.16833941170142 -0.303547712996331 -0.27735681444276 -0.188208615440412
-0.283608164439903 -0.121682090618287 -0.0831220191164308 -0.0721642399834494
-0.293754994395008 0.0991089922755645 0.0507762512141813 0.0113517653012966
-0.189196875095355 0.203306355569991 0.190631310892144 -0.149740209150267
-0.0861113287026798 0.252266837782746 0.149415750991791 -0.332132139695457
0.0204979196537493 0.253022067631445 0.0566693715827826 -0.436151198801755
0.039136076732639 0.264029734335283 -0.00828536078705804 -0.457628067198974
0.0529567875878106 0.270647964726559 -0.0178892059835684 -0.447337893407373
-0.0277773254875664 0.343190258523384 0.0285888043199441 -0.406257242165878
-0.192391254191409 0.323058148972644 0.081163599349118 -0.277097195142544
-0.350832124103532 0.249377647716373 -0.014059568453903 -0.103611012991417
-0.446325189391507 -0.0506807808780628 -0.179459396971173 -0.124609422134781
-0.313624307817747 -0.330829581599496 -0.237630364424581 -0.312717097464332
-0.192752884647766 -0.356101129318511 -0.176920870756847 -0.542907963650349
-0.209049542679397 -0.422004416299808 -0.341326777345793 -0.333831861554213
-0.293463925301785 -0.440666311088354 -0.216403807253638 -0.16385721700917
-0.429298874330018 -0.190117970559697 -0.0882000007434487 -0.0946851956442901
-0.467813295062732 0.111035013138831 0.00906654705118284 0.00818959579747911
-0.342163166276401 0.302906832792722 0.140362287981762 -0.102057704136896
-0.17258418773209 0.406140831196837 0.127054805116884 -0.229386755412739
-0.00459240952367053 0.419937888221276 0.066485114414397 -0.304150562258705
0.0281774464053231 0.424751169192238 0.017668732959875 -0.318187768671382
0.0527497796987998 0.419708301597839 -0.00431815441132799 -0.30076680604779
-0.0468479187546395 0.508860875571529 0.0103311217243905 -0.282764693040523
-0.267132530641697 0.482021549260065 0.0352441876414619 -0.194421926094876
-0.472006495346673 0.390033845271402 -0.0405173712956829 -0.0547952318747869
-0.634620925798912 0.0164640944914272 -0.191586404663843 -0.0692433906063782
-0.524260297779332 -0.388529846514257 -0.203645948450475 -0.22551646776024
-0.371490400653914 -0.485130962440586 -0.089000380609716 -0.37778612703794
-0.286947723638263 -0.518217206580249 -0.258565148470886 -0.151034208558675
-0.412428090763219 -0.531057800991934 -0.128845155597588 -0.072617339080682
-0.560803569592867 -0.230631020017967 -0.0680392811093344 -0.0877762602781432
-0.601065796716692 0.131659372790133 -0.0354211560517022 0.00229819730905982
-0.455785836337831 0.378138196706988 0.0526117526311789 -0.0378731182614607
-0.237851085571524 0.509276469207003 0.0678171164781827 -0.0861636051309919
-0.0296968438294799 0.526102372850738 0.0596619540975156 -0.12067434475083
0.0148583178531765 0.519397954187516 0.040741849123073 -0.132732027957061
0.0427985880943731 0.503355975234285 0.0172947843996512 -0.114217993551624
-0.0585010138036332 0.593682787041316 0.00918623375114843 -0.119636520596789
-0.301073183010711 0.567298962186573 0.00366552461446534 -0.0776390583927113
-0.517112328803656 0.468467704242323 -0.0477539984329054 0.0033215799979445
-0.71205163710202 0.0823494410635185 -0.162742808167205 -0.0126371878140739
-0.636221680234138 -0.378154774818988 -0.120394270282842 -0.129054994414485
-0.485196285426843 -0.527490265723709 0.0436267780525042 -0.182079917878133
-0.330890535704899 -0.533311121589102 -0.1542281195529 0.0830117834953691
-0.482819133613055 -0.53617905193883 -0.0173491562526292 0.0692073543460562
-0.622019375140816 -0.217801376506005 -0.0314751080059592 -0.0446614292054292
-0.637873967334746 0.153438244251901 -0.0780087522997273 0.0102932471920191
-0.488038221635974 0.40188769175908 -0.0528933281320804 0.0475274905741931
-0.253935332058403 0.537212920964361 -0.00819319943909036 0.0867538822588605
-0.0421334232955861 0.552485003065093 0.0405609321558443 0.0892685200556399
-0.00116405636086855 0.534979453201186 0.0567275329883845 0.0707895008807816
0.0194750304914645 0.509361203726292 0.0398052560304768 0.0826518400583202
-0.0791224965169976 0.582711041973424 0.0155268883040579 0.0561872915888192
-0.302900296961646 0.547477970032969 -0.0188351293000961 0.0499135597891325
-0.489124682698457 0.440048332614193 -0.0477265191837879 0.0564045828789143
-0.663621499459064 0.0978311461608439 -0.111278988234247 0.0290427621575741
-0.622016193794779 -0.327214359233511 -0.00899797868737165 -0.0443455239601911
-0.51208597323531 -0.487926498722966 0.191090375888762 0.0150357335549986
-0.333415037291356 -0.454294585229138 -0.0345382723328658 0.322930862635461
-0.469446068492841 -0.428975588428018 0.101123184974787 0.219526993250435
-0.556864436983823 -0.143574441781712 0.011374607170006 0.023266276661105
-0.538029072899555 0.14957710424073 -0.106326253539422 0.0360738158130164
-0.415464004847873 0.354964090197698 -0.143895013187698 0.14196390038909
-0.216604181759754 0.4702357941389 -0.0746382066215728 0.256424629627071
-0.0437330962607908 0.486775278084043 0.0216423056672498 0.28875109876127
-0.0159112343153349 0.469163859673208 0.0648133401945248 0.262428788558369
-0.0111194199582968 0.445192888394933 0.0512558202879025 0.261191326073236
-0.101723859891043 0.484904318855433 0.0127656002635927 0.21223879533816
-0.279964320332142 0.427784107159283 -0.0477623810796358 0.157873991522087
-0.399702086219129 0.308304311339705 -0.0541157264802081 0.0908661124711662
-0.503510807320033 0.0660983698190599 -0.062742078914167 0.0494737307575672
-0.495528787130461 -0.247821158507217 0.0909661745433996 0.0209288347285976
-0.451894338743633 -0.385165062780656 0.321730787141968 0.189061418945036
-0.275157704770961 -0.292210143200928 0.0874910895912474 0.518876965631503
-0.353124728628268 -0.237306010491542 0.20880330142552 0.33576968981242
-0.362102295980118 -0.0400038506693599 0.0581080194935054 0.0932057611197703
-0.317618447971331 0.107799056930648 -0.103137518283712 0.0644625725602605
-0.263603403088617 0.229510807152779 -0.190785787411684 0.217177090226899
-0.140546809058227 0.315234787690722 -0.109880925856244 0.387114048186211
-0.0374598830254147 0.340375500493596 0.0105087735624603 0.443298741480009
-0.0302560757651733 0.333082219438073 0.0653370973643782 0.413567544476075
-0.0405861740372648 0.319393414727541 0.0432920215550879 0.39695622779399
-0.109612592242858 0.322784560536196 -0.0138456234778079 0.328394350268008
-0.21836159053947 0.249115546722228 -0.0925917213026614 0.227676672498141
-0.257542502318709 0.138136695155348 -0.0731172692604845 0.096775151528142
-0.282850583541684 0.0274770723860821 -0.0265568476933004 0.0502281187478284
-0.310245241766006 -0.140329141705061 0.15604955279941 0.0705585118703968
-0.332204214213227 -0.233906960476166 0.407890079659835 0.320252883057923
-0.158151280782463 -0.0831635148949444 0.188429858083164 0.633154693878389
-0.150834263917285 -0.0207542490097188 0.28991441535494 0.393014640574984
-0.0943157600926308 0.039916631897888 0.114319775043604 0.139832256568159
-0.0594416414688904 0.0167807300404698 -0.06726042156899 0.0753941477223767
-0.0895382144539484 0.0567105151124233 -0.190203299774691 0.253383387483226
-0.0585830824761703 0.107323689305408 -0.114106803863046 0.450502394914284
-0.0349921781450791 0.140030421185256 0.00768560115784309 0.525251964628513
-0.0401774974265993 0.147679529177149 0.0544162125399453 0.501180868344711
-0.0538769744626057 0.148730241496874 0.0205728732029377 0.475462669351386
-0.0834050268497446 0.128292597427861 -0.0569238495495476 0.391611456556586
-0.109632351161448 0.0670994576829217 -0.143221040358393 0.254842514164927
-0.0799901010849333 -0.000463187095443489 -0.0923128699831642 0.0806538110174265
-0.0577235849471828 0.0291891862123978 0.00233761442377701 0.0416677567450254
-0.126520418991456 0.00331961339967054 0.185974295578394 0.109779297665952
-0.18754844841413 -0.051331069637536 0.438328780361031 0.399820482305863
0.00818676636030135 -0.108142274133222 -0.439658079977991 -0.435235067579592
-0.0379851669176414 -0.154593574944684 -0.31014737359041 -0.149605004206495
-0.129673158821395 -0.0561808254931446 -0.0594399235516293 -0.0439789689045832
-0.110020849164735 0.072572925630813 0.0824375785533523 -0.00736150113666666
-0.0336536355170338 0.0838508939505262 0.189683338273867 -0.193900137204286
-0.00131370902488668 0.0734713288003851 0.116455971027773 -0.385556550074635
0.0374808523362322 0.0521551505648959 0.0110425673628895 -0.490799637244649
0.0453123969971333 0.0577413720058351 -0.0473420087226063 -0.516278803504074
0.0553542270105988 0.0696404435847311 -0.0334195279167446 -0.516616090163803
0.0207451464944325 0.123885046170453 0.0395112704404549 -0.46041980944784
-0.0588984124492367 0.137081693889679 0.117113884368395 -0.314233314249794
-0.153554629792267 0.110174555837226 0.0245191961164419 -0.130120229992567
-0.190316447508705 -0.0654173754781269 -0.129338565795034 -0.152057227509387
-0.0681300006800443 -0.184063864482219 -0.228050425542732 -0.353653556981899
0.00119776482199289 -0.147971948228532 -0.216815502938483 -0.623195938253426
-0.112612323206506 -0.268362434677699 -0.407926297380356 -0.418807986098101
-0.175027758236653 -0.294615241682677 -0.279182998118333 -0.177637328328982
-0.280144048227885 -0.112843224079559 -0.0846283154870138 -0.0722154570113204
-0.284179119232559 0.108077520405584 0.0504662779387439 0.00840724913446034
-0.178545854921045 0.207085819855567 0.181098371640057 -0.154609861623243
-0.0751893631921985 0.250831461551117 0.134053733305797 -0.330335995113004
0.0288740140557127 0.247171976570494 0.0396338843661282 -0.430033776877372
0.0473506434586938 0.25736182242113 -0.0223663522795364 -0.449154405124526
0.060255219940116 0.263266905960353 -0.0303806291099275 -0.438245612683365
-0.0146802669239177 0.338258800078174 0.0117979919653663 -0.400402043578246
-0.177704429359873 0.327356908487675 0.0691958511730748 -0.276072609355043
-0.337577269047361 0.259051564024521 -0.0172912468284611 -0.100864657705841
-0.442112776081376 -0.0360108057416291 -0.176714510133504 -0.118279773418163
-0.319541726389237 -0.318334395268725 -0.242584369934178 -0.301053693970202
-0.19877279886325 -0.344937797503511 -0.185196643950891 -0.527177320072327
-0.212672346049846 -0.407461762889328 -0.347695297412282 -0.316669374736345
-0.302230695090015 -0.425413883162144 -0.218956763645206 -0.155007113081465
-0.424736864710345 -0.177434847468252 -0.0898793479021368 -0.0952201230040333
-0.453298844338954 0.124323255647752 0.00895661323677777 0.00610092152281598
-0.324621950424743 0.309659576431522 0.130988886363902 -0.106812496309619
-0.155628374444745 0.403970669638973 0.114275746130954 -0.229003985197459
0.00901829288296384 0.410871119125289 0.0550631896461347 -0.300600847176967
0.042791050777649 0.416054790460657 0.00673717093193088 -0.312952783133118
0.0644805744234847 0.410828401697836 -0.0119495106813299 -0.295439163685888
-0.0283281645585828 0.500113422687026 -0.00148317789360734 -0.278549287581033
-0.246726255348541 0.486970914659803 0.02708494603024 -0.19254402633346
-0.451731485630464 0.400910197066544 -0.0425900689482412 -0.0520349921911944
-0.625381924375442 0.03581590789848 -0.187084092860487 -0.0623653471148416
-0.529248975829695 -0.369977130575062 -0.208460214381216 -0.214783718656849
-0.376596799711488 -0.46630368093787 -0.0954658103455031 -0.371077547568903
-0.289088346381961 -0.499468812252539 -0.262092883765377 -0.140813235076096
-0.421861779446264 -0.511360869605098 -0.12988069310592 -0.0674745870643297
-0.553429084750924 -0.214356933706119 -0.0703295061928156 -0.0883178563134549
-0.585777521822863 0.149319032369771 -0.0348511337467555 0.00158572691775018
-0.435369725664836 0.38622234770507 0.0451254896274894 -0.0418425314496868
-0.215888075688599 0.508857718230395 0.0612147238727854 -0.0857454025850437
-0.010464655790563 0.515732642160347 0.05505389582538 -0.120708890647479
0.032944299727074 0.51026424933176 0.0342798094435536 -0.132228479907672
0.0585345139439465 0.494055448022295 0.0157421285391098 -0.112887203119038
-0.0391069167276185 0.586228226544085 0.00276410969076723 -0.117290389073667
-0.275097366557806 0.570331646001271 -3.25231091092717E-06 -0.0750107767163974
-0.492210001937083 0.47711932368263 -0.0488714283410221 0.00562903407040806
-0.699467424578101 0.10319434030266 -0.157189859279701 -0.00667868310615607
-0.639502290951195 -0.354484540200547 -0.122505233512118 -0.121698189320824
-0.489635154036416 -0.504206288066232 0.0382610301639411 -0.183598275494769
-0.335238830345003 -0.513321495123863 -0.15336025003997 0.0858445253712977
-0.490779752788536 -0.514840162174164 -0.0165448630834145 0.0685819809825271
-0.612517538931277 -0.198887200267239 -0.0319647248332569 -0.0464188473977184
-0.621705955106576 0.168877763847044 -0.0771767648154418 0.0112222136277715
-0.466143514176038 0.41323632847544 -0.0574506632005051 0.0461758187205714
-0.23083515228026 0.535190549127858 -0.00764167867755936 0.0865518640025187
-0.0236023051055706 0.542243133537771 0.0442666907054794 0.0854595152465342
0.0185915550622517 0.525742145681467 0.0552277932651688 0.0667519352560292
0.0370182139900561 0.502099409803716 0.0441707598051843 0.0799151034069278
-0.0594731172617082 0.575852354960628 0.0162776819748325 0.0555158847964675
-0.279632051756795 0.552932261809611 -0.0179599435935626 0.0513835388448052
-0.465431520553422 0.44730098693588 -0.0472689236156148 0.0584578293143296
-0.648165496399675 0.116735110275753 -0.106442206427485 0.0342665001613998
-0.623964018982191 -0.306083109885269 -0.0105803756960902 -0.040277440038151
-0.513985928798684 -0.465471708347962 0.189054753909822 0.00460272279588766
-0.336154728401679 -0.434794991989229 -0.0291450964290101 0.318277073523047
-0.474553222871842 -0.410061111454542 0.104808392583902 0.213088574486775
-0.547528794012454 -0.127710402425019 0.0122116016986401 0.0199184808304255
-0.522007864688318 0.164549273398493 -0.103927623860212 0.0367559171318984
-0.395966933790578 0.363183296850964 -0.143260484443763 0.141622057526282
-0.196321727474606 0.467200506583981 -0.0664745524349482 0.255940910185222
-0.0250275090529338 0.476990054689747 0.0321520467582932 0.281166920013496
0.00159382727015048 0.462713567460973 0.0689887047162324 0.25507519684398
0.00529062270201953 0.439900440793689 0.0601094458703323 0.254198440894652
-0.0843636410557689 0.480985721554844 0.0193031925993653 0.209635878320316
-0.260015222631775 0.432277765164344 -0.0421440767436063 0.159505266492866
-0.380553514587378 0.315414936532593 -0.0530123718199172 0.0919924784591336
-0.490879710895021 0.0804996990269468 -0.0593736910136681 0.053778700622151
-0.496754586342125 -0.231519028795953 0.0889526348730454 0.0207995504028675
-0.450821063154337 -0.365083761615927 0.321442828867758 0.170205532023937
-0.275998445326587 -0.278740176842163 0.095307343339689 0.5084060068865
-0.354030306543764 -0.224008427208155 0.214104934647616 0.323977872315271
-0.35405514293076 -0.0299884911412009 0.0607789659852412 0.0891049679581003
-0.308791386347951 0.115034709109223 -0.100018503538361 0.0661714823697687
-0.251319309786955 0.234680664076925 -0.18606549455215 0.218620981979544
-0.127286833935877 0.313569693799977 -0.0967612840526729 0.385218399569223
-0.0249152208980939 0.334521634633637 0.0261172242199152 0.433219619949362
-0.0159791035042931 0.328901568903959 0.073354314336089 0.403442945736036
-0.0274271460319845 0.316990585163087 0.0569551345572958 0.388811671932361
-0.0975091801301536 0.322072727069537 -0.00161724179520121 0.32333289847825
-0.205174204131894 0.252183184766597 -0.083348590769411 0.22873296983307
-0.246462394627991 0.141879666384439 -0.0707601283311574 0.099037105436776
-0.273845338383467 0.0357699837859826 -0.0257363594700479 0.0530326832602081
-0.308918863256557 -0.127682652076768 0.154356595886163 0.0661533562731221
-0.330543035813772 -0.218190531063525 0.410360922955963 0.296957311955908
-0.157039165243492 -0.0761826933705022 0.198094981019467 0.617160793986947
-0.147503294262251 -0.016364143357882 0.296440125989521 0.37805591400007
-0.0890568775523534 0.0416265443393961 0.1173655057562 0.135302752546434
-0.0582184536428756 0.0167764967129065 -0.0649672130533309 0.0761747697121214
-0.0857804343880177 0.0579563980601359 -0.182817217923607 0.254799395517609
-0.0538678653215235 0.106014047736369 -0.096639705283285 0.447152602244254
-0.0295146885532426 0.137861952505294 0.0244382880559006 0.514653960022101
-0.0336251750903272 0.147071009551935 0.0668342678927465 0.489630821935073
-0.046132440374167 0.149203438584527 0.0353803078556021 0.465794032070771
-0.0778436991758745 0.129507501090272 -0.0413725422744803 0.386521845684502
-0.104834305570774 0.0676336013850183 -0.131393052465112 0.257413604372281
-0.0768654041791455 -0.000758554283401686 -0.0898894904335263 0.0829888421045943
-0.0521066568138543 0.0309008222155774 0.000590699487059097 0.0434265763855979
-0.123984495175984 0.00862605705401543 0.184710388737424 0.102971388131657
-0.184400334281303 -0.0445541786290257 0.442870442163377 0.374089484385129
0.00673301882219553 -0.107207317573692 -0.449329511286976 -0.418740353670965
-0.0435657295795528 -0.15268343309108 -0.313073028811104 -0.138755411301927
-0.130846973575477 -0.052308606235728 -0.0616700243492074 -0.0456174846127221
-0.10600355363092 0.0773094018552118 0.0812455958762062 -0.010631328126264
-0.030217262851918 0.0858161981581656 0.181638306258122 -0.200339665344889
0.0012592350525168 0.0743787043772601 0.101733119650878 -0.385808520495359
0.0386352589122023 0.0502170739961658 -0.00547953705778633 -0.486076714166019
0.0460615697272631 0.0550862658891276 -0.0621253725476761 -0.509435558786493
0.0545920717327354 0.066118200569999 -0.048004251357631 -0.512150769361845
0.0258921397695659 0.122172128114341 0.0218723549491747 -0.459509079800367
-0.0543742724614319 0.139814847631751 0.107007249683233 -0.316879209680629
-0.150186155370239 0.116172388026328 0.0214130756256021 -0.13014488017178
-0.193199361725909 -0.0602143700601887 -0.130118886219661 -0.149108428835867
-0.0728362185432134 -0.182817623465076 -0.235275236378592 -0.345808390342725
-0.00327929319408909 -0.146755914589278 -0.229884656880405 -0.608745019498516
-0.115072782020131 -0.262081379024986 -0.417136063225064 -0.401599445801795
-0.18233610254044 -0.288432977104038 -0.282663025731126 -0.168224972720393
-0.280326576211185 -0.105231140174932 -0.0876797468720886 -0.0742008357045952
-0.277233215525878 0.116056024201923 0.0490294901961755 0.00570177926891943
-0.169224047787207 0.212722905673833 0.171882916844462 -0.160201289847445
-0.0656397316767882 0.252356445005513 0.120345220500099 -0.330304148323364
0.0367211785536347 0.243828554608302 0.0257641731901298 -0.426424694433903
0.0546983333157834 0.253255493159179 -0.0349428200669955 -0.443445297643959
0.066962276919473 0.258704549605525 -0.042009657678364 -0.435086420536874
-0.00288960448536848 0.335127033654142 -0.00217927622279051 -0.398019858251778
-0.165658015574188 0.33387770487749 0.0591620262497761 -0.276208787370209
-0.326402126076418 0.269551388099087 -0.0201731811845601 -0.0991981913152355
-0.442066902171216 -0.022651095383598 -0.176005195449623 -0.11406897815555
-0.328880605095647 -0.310217983035629 -0.250034322104802 -0.291435701000592
-0.204832363246719 -0.336536424562464 -0.195413047670242 -0.518378455072234
-0.215624271547447 -0.399404096753913 -0.355514807263282 -0.303414243427817
-0.311373045503231 -0.414839461611037 -0.222859977212675 -0.148166229265371
-0.424257758873151 -0.167821043596967 -0.0932823947423759 -0.0964137784008801
-0.443364690798199 0.136461934268993 0.00778333506401935 0.0044666062751505
-0.312048734707634 0.318489721325671 0.121567570547558 -0.11163689393153
-0.141175421941049 0.405725474930072 0.103770338311282 -0.229366296218983
0.0222662926845769 0.406128521075264 0.0461599195619031 -0.3003390639976
0.0566337749566769 0.411743022095915 -0.00325121711388354 -0.310929979052813
0.0765689331538144 0.406441852305146 -0.0193253170934889 -0.292722296271837
-0.0124081962132416 0.497536626696634 -0.0135210650331078 -0.275783265424839
-0.228586768488953 0.493750618527803 0.0193005707474186 -0.190989938195879
-0.436756208848002 0.411132863220399 -0.0450105074132438 -0.0496617928708144
-0.620381858155019 0.0553878535425772 -0.184307782045309 -0.0567846526773094
-0.537456809636371 -0.353553729289246 -0.213262731408748 -0.205910960900536
-0.38530744482075 -0.452885014962224 -0.104907441959859 -0.367007469265058
-0.295324524869647 -0.486992639614879 -0.266838510176113 -0.131251571052676
-0.429032797436667 -0.497882265316614 -0.132368253904455 -0.063415240793114
-0.550718316807081 -0.200968110789345 -0.0728326706608537 -0.0908917872546896
-0.573308316024898 0.162487785084211 -0.0357821696102639 0.000775269684800145
-0.41803246203032 0.398728595507738 0.0365361479705739 -0.0448307385116461
-0.197228926438578 0.509981346749965 0.0557892927870991 -0.0856874147857491
0.00594343541466354 0.510573546649387 0.0517477649374373 -0.122180076932289
0.0494008267613632 0.505035600373212 0.0287708891024052 -0.131975479307951
0.0727537060070519 0.488967133329391 0.0136337719400736 -0.113246686352363
-0.0186359101740217 0.582033957838626 -0.00289761939737199 -0.115568685648713
-0.254383348059209 0.579360884777181 -0.00436085777009713 -0.072556203005153
-0.472283848531237 0.489621210039005 -0.0503269274108651 0.00861650571560734
-0.690949406542117 0.122163702086706 -0.153971029207781 -0.00113201496224745
-0.6469347858834 -0.338775000565799 -0.124371923288976 -0.11471222927168
-0.496731399887695 -0.487610247888198 0.0341585482659153 -0.186915337572892
-0.340040681488574 -0.498689319037814 -0.154287731326195 0.0906671735472204
-0.501092228350858 -0.498007468860161 -0.0161709896588123 0.0690476818335213
-0.610961690882795 -0.185011812429253 -0.033709939020416 -0.0494284692593862
-0.610063701300108 0.184155889724921 -0.0768286550055317 0.0112719955825293
-0.44901758033358 0.423890247937321 -0.0626831054469734 0.0454795746376141
-0.211213577996088 0.537286892259899 -0.00718677187153936 0.0870080187578518
-0.00687512702564067 0.536492475198519 0.047674051517939 0.0814887010573647
0.0370444604880409 0.520201426407642 0.0543672634396902 0.064689917698989
0.0529582915527864 0.49851852823631 0.0475851741843183 0.0775536867966668
-0.0394835043503025 0.574482842967119 0.016279301776989 0.0558405518246465
-0.259214352170094 0.559412753489993 -0.0173706221616256 0.054399377140396
-0.445962315151728 0.457747734406558 -0.0480454675848579 0.0612765623580159
-0.639347774523562 0.135101176517558 -0.102647102408772 0.0391531447226449
-0.627838863423223 -0.286062555885334 -0.0127578462003336 -0.038184858820116
-0.519271491482556 -0.445799930191633 0.187564580281458 -0.00502185795373672
-0.340161197381928 -0.42285557043374 -0.0253057770044484 0.3173395891592
-0.484229711502143 -0.395940812194119 0.108794045390261 0.20892949938376
-0.543993644385963 -0.115333766786928 0.012942806757769 0.0165913614239326
-0.513423087708125 0.177526643076915 -0.1034423844237 0.0387713822695737
-0.382979430358808 0.373226637154124 -0.145263798031403 0.144550470921358
-0.18065194310593 0.468241822601506 -0.0592801164748393 0.257188698962382
-0.0102852976497786 0.473183350768745 0.0425498676540426 0.276530049693922
0.0183171731633423 0.458312493356869 0.0729644519567525 0.250845409018595
0.0200044305166699 0.437590711717583 0.069157492049056 0.250285819459876
-0.0682137567702167 0.480862989381318 0.0251187131032192 0.208460414360968
-0.241499743098187 0.437772748850517 -0.037253854681285 0.162163203218376
-0.368067677944121 0.323367661185213 -0.0524682479300685 0.0948942605604525
-0.482853538099527 0.0947033559047173 -0.0559997139521485 0.0572020901963099
-0.499031555451969 -0.21478050158302 0.088139308596348 0.0196385475914418
-0.454707916877593 -0.347712664987389 0.323226994861207 0.154376473950396
-0.279226538412004 -0.268813489586411 0.102485531660902 0.501810813066437
-0.358458633182393 -0.21428517821364 0.219525956418037 0.316101005047763
-0.35068307635941 -0.0216895373290734 0.0634172394427283 0.0850231106610935
-0.302797634299612 0.12153531684624 -0.098806050607352 0.0673335221418962
-0.243198785955922 0.239565364549989 -0.183848585954815 0.222993575438807
-0.116848886158856 0.3126659325158 -0.084220823875774 0.386557539361973
-0.0133400645438642 0.330960217807792 0.0418634433849489 0.427098906368001
-0.00391937889370121 0.327366061600288 0.0815979424671531 0.398813732512956
-0.0157356934595808 0.316182829280535 0.0687856162343477 0.383798430958739
-0.0868654567336179 0.322663734431175 0.00911980943673222 0.321033305231279
-0.194685744944575 0.256050371705469 -0.0744906179047393 0.232500441775497
-0.23934089523987 0.145650909869086 -0.0700318680827056 0.102486998958975
-0.267132963876371 0.0433407589928998 -0.0248969368041649 0.056841926507027
-0.31077004910894 -0.116667466354171 0.154163555435387 0.0626767227437253
-0.330565014272474 -0.206017151864686 0.414714565726536 0.276633171664876
-0.157234689491222 -0.0708430598224325 0.207812496851414 0.605954674875035
-0.146278762655544 -0.0135566750970343 0.304242415136608 0.366729882477197
-0.0844702969546936 0.042791696286728 0.121255899576536 0.131179626609594
-0.0575827050887964 0.0167123773609821 -0.0637643200971972 0.0765289660200289
-0.083903799350967 0.0593857156581962 -0.176796436452273 0.259243009245705
-0.0507847786156542 0.10533445089772 -0.0832859141216729 0.448299229566698
-0.0252058104651853 0.13701463928559 0.0404616842583066 0.507651495491699
-0.0269743967902837 0.147532628375727 0.0772154916593922 0.484963239201263
-0.039647902296161 0.150380540245758 0.0494557403183762 0.46123972642752
-0.0727947813385278 0.131838846618404 -0.0280364420253167 0.384837238499024
-0.102156560863914 0.0685639437424783 -0.119456963640772 0.261509943309377
-0.0752466121067238 -0.00173083636838797 -0.088290389652362 0.0869251491733493
-0.046895901324117 0.0321973682472512 -0.000243687927269357 0.0461035786995727
-0.122266177440588 0.0136802685731962 0.184998959007352 0.0981385563353454
-0.182548568890394 -0.0387672995074566 0.449942241881144 0.354457272617054
0.0363020946971065 -0.10198605137946 -0.369591654619488 -0.491528606833443
-0.012122310450145 -0.156937143085855 -0.27634538707647 -0.189423069429056
-0.116339783362865 -0.0730856724446558 -0.0508992884841319 -0.0625030053327837
-0.114426849594183 0.0574980071614729 0.0788287047978447 0.000145361372582222
-0.0447589940054847 0.0816427138613463 0.212043400141901 -0.166877080606621
-0.0121461026961732 0.0768543321337188 0.167618466972942 -0.361976718755443
0.025492081784919 0.055931307575323 0.0839038972268986 -0.479135041991363
0.0340223799263927 0.0625805354469323 0.0359112849955174 -0.506983200346857
0.0398182680192576 0.0760666560062767 0.0497793989475575 -0.50762160023008
0.00188416775120038 0.123145464250389 0.106310139014492 -0.438638466927016
-0.0800863260345317 0.128327449810529 0.159839822802907 -0.285125539134081
-0.169477324131139 0.0834103886323423 0.0431050634751422 -0.11890634986612
-0.18084542138397 -0.100286285910617 -0.104177193118489 -0.174851561343774
-0.0382302920790102 -0.194468285215948 -0.167133578518283 -0.392699203359938
0.0257712637252833 -0.14288317198226 -0.102944802384529 -0.65990669897898
-0.0496070406449649 -0.271509790615132 -0.340153461803136 -0.471278633278446
-0.121324812558359 -0.309144450005866 -0.236448649157652 -0.217446702449845
-0.247954542324644 -0.152078737823958 -0.0686611272015845 -0.100206140218848
-0.280932906007635 0.0637369601404763 0.043615917324137 0.00690982341097383
-0.200884831605582 0.178292397070713 0.195417319152009 -0.132389059478869
-0.108064005725518 0.235734881135417 0.171919158285053 -0.306934584709728
-0.00882995192514055 0.242199216675269 0.102621061010136 -0.414165335637653
0.00737297539557327 0.260364283957878 0.0499204712921754 -0.438441694114436
0.0149916507878785 0.264548238622171 0.0396070672598369 -0.431632669658328
-0.0650532498539928 0.323355005553406 0.0690882033334171 -0.379248107112734
-0.225511222377572 0.295899264365223 0.101853752690686 -0.247857336987678
-0.368171642984926 0.193631382916946 -0.0105298879437034 -0.0910174230145477
-0.432180436879416 -0.115668433967359 -0.164144843218873 -0.146388781173566
-0.26208275855282 -0.369033215890304 -0.191345269358633 -0.347001544284132
-0.133314816560301 -0.368291173289854 -0.0901719050662095 -0.563821157533135
-0.120977088677532 -0.421534997955357 -0.299420069836393 -0.367291986405182
-0.2232908756424 -0.451516429731576 -0.176353235924575 -0.191347829252314
-0.3732104015575 -0.236997298568957 -0.0670619826123145 -0.127768164834464
-0.440996063189031 0.0534721550917738 0.00304641372238719 -0.00536906583982508
-0.355627476113558 0.253272046414165 0.139004865927189 -0.0957914484036694
-0.207980488672059 0.369523333961102 0.135868045664046 -0.214420594054988
-0.0490810517433845 0.398170261302831 0.0978718041371799 -0.28605278484451
-0.0196189369135487 0.416513104983912 0.0552557280233258 -0.303421142864659
-0.00436526074197707 0.410139355644217 0.0341435493378747 -0.287911090674935
-0.104255274344094 0.479299092987271 0.0340328708023871 -0.26043563865913
-0.318674849697702 0.438207210425848 0.0446937352348902 -0.165567648362675
-0.502919137578978 0.308492926249463 -0.0477179148684953 -0.0421859472397612
-0.62225409804224 -0.078015174132078 -0.188825961441765 -0.0883810048109864
-0.459304821482399 -0.454465898093356 -0.174743695023286 -0.256259493135663
-0.283726595834395 -0.517338201076005 -0.0300960091464977 -0.393627066578389
-0.182622829914991 -0.521793082453862 -0.244057059970511 -0.182888567098185
-0.325663490454023 -0.550116855630834 -0.0982403456320515 -0.096897189266098
-0.489081614967908 -0.292649121941426 -0.0461849567831422 -0.121685815869334
-0.569612663489928 0.0526242685876249 -0.0389262279517377 -0.0191790465277022
-0.472056991198282 0.309563451054229 0.0448219888676297 -0.0466466421217809
-0.281581154108286 0.458940828731918 0.0611232087055671 -0.0841982137921004
-0.0833446158811245 0.493274913680254 0.0692699662172494 -0.109562792768324
-0.040759137489295 0.507076093576695 0.0518886480960648 -0.123804704525453
-0.0230514809216298 0.489159241578116 0.0321616767570829 -0.106791987665199
-0.127085681512985 0.561290319596338 0.0125163486122986 -0.102354341620517
-0.359275693442481 0.517731974328196 -0.000897014565727301 -0.0514004578324215
-0.552714037678966 0.375899632311408 -0.0657518080055587 0.0165374448825273
-0.705423922895971 -0.0258851504417073 -0.170948001180264 -0.0241417615682693
-0.566311991056724 -0.461706741967705 -0.105517354920739 -0.149229808628971
-0.384914072703316 -0.574849046250558 0.070685543301726 -0.185305511250037
-0.227988171877705 -0.542755964755101 -0.173167849305823 0.0535902740999747
-0.397032560005432 -0.563136007964109 -0.006489751340607 0.0504968700277595
-0.552046583295811 -0.287079998001446 -0.0151022380894988 -0.0759486576487965
-0.608455970791984 0.0676654155043892 -0.0816181275251186 -0.0175871648263992
-0.506267213636132 0.32793748191147 -0.0680067238522126 0.0248232046053604
-0.300409264139227 0.479998921966368 -0.0307342629159869 0.0739342525497299
-0.0983279036061529 0.517680289274982 0.0275948062107297 0.090563640767201
-0.055919223423791 0.519182574105798 0.0393408410307896 0.0724912786871837
-0.0446030899723357 0.495496806445051 0.0297597705791527 0.0852099171659865
-0.14452929120721 0.550435488874243 -0.000900827026732885 0.0676674264716781
-0.360015890023958 0.496266224511979 -0.036469068571071 0.0704237889689932
-0.519366214586379 0.348950438227364 -0.0731937817191503 0.0683334978469502
-0.654585061966063 -0.000384306080596725 -0.127704629478517 0.0261804661277986
-0.55662157216886 -0.406934840790487 -0.00881005721060352 -0.0500328600686429
-0.414542808715886 -0.539692290513568 0.186654738340145 0.0286515660773448
-0.246251252453309 -0.469843724923835 -0.0873501342017108 0.299046453073379
-0.400516908243729 -0.461447738569914 0.0878372264313049 0.209388133803647
-0.502471813583341 -0.207855713347214 0.0161554288272685 -0.000770172081820129
-0.514105901615907 0.0775851923364319 -0.112286262923836 0.0067891611009757
-0.431647355961226 0.287942080828671 -0.166192634882018 0.108468802882633
-0.257313381381229 0.416575606447552 -0.111533912353059 0.23230244221612
-0.0907520113384091 0.455104941989317 -0.014033092016392 0.280610065524981
-0.0634193317956377 0.455911340449647 0.0218974590022782 0.257257663771073
-0.0660219777743025 0.430407652085243 0.0176573610055215 0.257375603699579
-0.154735447205976 0.452759346607798 -0.0200962710346897 0.215055158248311
-0.319065602935738 0.380662818062348 -0.075164270429135 0.16740387270966
-0.414487572320697 0.235189021323605 -0.0825390060223864 0.096367403683407
-0.491425534895018 -0.00850421822970649 -0.081067476291881 0.0530018583111278
-0.444816966975805 -0.309305188483968 0.0808584963496999 0.0287057410728838
-0.372066057363553 -0.429403591473179 0.290409605901143 0.216650927914359
-0.220998179997647 -0.311447000228007 0.00539300636087716 0.504303637340592
-0.314121983564881 -0.265437892246413 0.170424653781472 0.336677217257101
-0.333509675565318 -0.0833055166218394 0.0490896147196264 0.0818716625584563
-0.306806404100205 0.0597730271860067 -0.11178544428862 0.0412630707163171
-0.276189145070308 0.18386917686117 -0.218514429213661 0.181113145966599
-0.168844005019953 0.27690928339537 -0.1573550276022 0.35767189802156
-0.0679888162716322 0.3172275127653 -0.0429966338740649 0.427168918827411
-0.0622150704344671 0.32095410729804 0.00263202742338012 0.403067737727103
-0.0753733731159492 0.303897454079428 -0.00594558241691686 0.386940202958631
-0.142732773764895 0.297017175546949 -0.054672275249608 0.317797018902165
-0.236702298217617 0.211479873296385 -0.121564281816648 0.222703209486522
-0.256176782428988 0.0896361453822841 -0.0974075819659425 0.0933569705205809
-0.267808205201728 -0.0126421697991127 -0.0444053788931265 0.056795798766801
-0.278494435760478 -0.175694530872389 0.138603518344304 0.0872988226399668
-0.279130510447494 -0.266448294045472 0.358318072566398 0.359707904754725
-0.145289960055852 -0.0990891850273637 0.0900868339179421 0.629262965832797
-0.145230955949757 -0.037849751700451 0.235119374536591 0.40794006425648
-0.0896230305392092 0.0257377538320893 0.0942287436046914 0.146613816020085
-0.0575596343930734 0.00170315463365634 -0.0770325003891205 0.061654274702091
-0.0909782737892335 0.0367131450361743 -0.218714753971794 0.221186730323893
-0.0683841771124094 0.0873904905344587 -0.162205440605196 0.422184497123958
-0.0451787571430892 0.127758032945476 -0.0568973427061652 0.507243246363554
-0.0519859416894849 0.140413011210097 -0.0177572327559794 0.484972495967146
-0.0657274555305291 0.138255624352122 -0.0405118093300408 0.457620068498742
-0.0936636812452949 0.114370627156539 -0.100437252680565 0.369818614316803
-0.111663943709478 0.0455315821133545 -0.166365113882287 0.236455440174238
-0.0698653282782836 -0.0183538185049783 -0.107191461334919 0.0693538668186478
-0.0492086306720135 0.0223607656407077 -0.0123923886309492 0.0503387023531221
-0.119893498310246 -0.00966671320747622 0.1634102856373 0.132206160368035
-0.169922247909771 -0.0752271327419932 0.378255801515943 0.445285204470547
0.0342654426427008 -0.101956988231259 -0.378221650275911 -0.470344292624202
-0.0166956016309745 -0.154117915163153 -0.277560050575785 -0.177371394798036
-0.116967085623716 -0.0671211932081111 -0.0542761400261981 -0.0632052103482976
-0.109700929788371 0.0622639078503523 0.076674872534898 -0.0033311673867055
-0.0399736689162473 0.0830950081423555 0.201878308779816 -0.172972243552345
-0.00812106391155918 0.0779629866516093 0.150316552937541 -0.361761809545192
0.0266088390420431 0.0546180539646831 0.0639293093170669 -0.473135416424893
0.0347910196872632 0.0600340357093715 0.0206587423247983 -0.502452699742634
0.0411211187237324 0.0728223398124842 0.0322633768427557 -0.501347808393603
0.00655019291171498 0.120500503528763 0.0881469573407922 -0.434495586104718
-0.0745976046944388 0.131531625089567 0.146883101077692 -0.287907733896168
-0.164992323433972 0.0898874229408931 0.0394574930906253 -0.119214781693251
-0.183795740509388 -0.093663829294688 -0.105983205819736 -0.171127200878766
-0.0443549042330992 -0.192111806846557 -0.175109815055952 -0.382895810606157
0.0205398529645143 -0.139183719555258 -0.117813727148107 -0.644813780588441
-0.0529683049851228 -0.265811438462414 -0.350420095836094 -0.451701518031864
-0.12866030541554 -0.301503629774596 -0.240081548844409 -0.206547552169055
-0.247268746100424 -0.14277463713401 -0.0734157314053661 -0.100799255217592
-0.272848556888838 0.0721881113021191 0.0414665639572374 0.00459947840228329
-0.189962663887897 0.182771568293951 0.184954074763959 -0.138486103035905
-0.0974865839351613 0.237170995695666 0.157411119045027 -0.307794964586973
-0.000293484644597816 0.238562680004443 0.0857517349942629 -0.41103091722106
0.0165337828766043 0.255184030070263 0.0341618693353549 -0.434636829348747
0.0225253989158089 0.260609440003646 0.025882065488026 -0.428053489342264
-0.0519129786164863 0.320901647903355 0.0522348755427462 -0.376800619628028
-0.211176559804223 0.30217214313188 0.0904901164811224 -0.247607513050199
-0.357716946196447 0.204998239848786 -0.0136739505677003 -0.089100445000013
-0.431840330781125 -0.10048227506424 -0.164330351494657 -0.141213796166898
-0.271351833509445 -0.358154886625356 -0.199498873005371 -0.336676920879493
-0.14039355484703 -0.357241141720304 -0.103970013002796 -0.553797393706502
-0.126566551386396 -0.411504209855775 -0.308354748888289 -0.350368630186354
-0.233311856053545 -0.4399481625754 -0.180451477292594 -0.182520627825834
-0.372245739593109 -0.225292417129276 -0.0727407112618681 -0.129140677957905
-0.430582701226762 0.0669351424727591 0.000895595246830206 -0.00667779332384161
-0.340810633495039 0.261434694319609 0.12757700025906 -0.0997276928222153
-0.192349270599626 0.370569691738201 0.124415132376406 -0.214887626151312
-0.0366635715946406 0.392056076767397 0.0864513625607927 -0.285490946030982
-0.00488938699785699 0.4107801036102 0.0446021126024409 -0.301579404080044
0.00821004063991178 0.404598194502788 0.0249475621543968 -0.286269296448386
-0.0859803782411826 0.476149736853513 0.0218862442940855 -0.256770010579414
-0.297631035654636 0.446871347481632 0.0371841251549534 -0.163580129810204
-0.48395033975895 0.323040591685323 -0.0504037154106396 -0.0384852753366504
-0.617653923533748 -0.0560741970926469 -0.187118593549863 -0.0822815099383502
-0.468257102447592 -0.43523429019642 -0.179594129275924 -0.247789628895837
-0.291738291578798 -0.499068506335028 -0.0402296885906143 -0.390000650997852
-0.189363063873454 -0.507860117727644 -0.249515481123222 -0.171020620139463
-0.33793213290025 -0.535040905096471 -0.100819355130322 -0.0914508093432529
-0.487510933728892 -0.275017364858406 -0.0514357709566273 -0.124690087290655
-0.555619260330693 0.07043588096492 -0.0412860188647805 -0.0194002387900127
-0.454523040817216 0.321130273798539 0.0350915582923033 -0.0479117606500572
-0.261161735587026 0.461328541312597 0.0550400456513513 -0.0837103963822928
-0.0655373297628872 0.488128370605219 0.0658612300835448 -0.111739783363011
-0.0227331680295529 0.502071640041098 0.0456784781868347 -0.124129753779476
-0.00637200752708601 0.484118249535242 0.0291104694095709 -0.107429748538631
-0.105237929476867 0.555895549057767 0.00623705998781706 -0.099411299553543
-0.336769390541447 0.525684743247342 -0.00363973908332516 -0.048464543981365
-0.53049092514101 0.389508741415941 -0.0669176000411506 0.0208169847683925
-0.696775420423346 -0.00309170038299133 -0.168076894393186 -0.0171232230704557
-0.574215332520264 -0.438254663438351 -0.109354757945224 -0.142912615304924
-0.392124077971539 -0.552248075494739 0.0637442438222338 -0.188120089171246
-0.233697492266037 -0.527703897954251 -0.173336356447952 0.0598771585883988
-0.4105937599448 -0.546394322591889 -0.00653292080814262 0.051429983466721
-0.549412065476744 -0.269000855273821 -0.0186125181114726 -0.0802590687429035
-0.595104813000177 0.0850121408353548 -0.0826850049450154 -0.0156801223137847
-0.486465506955808 0.340158658452179 -0.073934521144492 0.0263676110006932
-0.280530856566671 0.481419905239391 -0.0302338168743726 0.075160220362315
-0.0797088966507463 0.510544685236014 0.0318940292440082 0.0857897381402544
-0.0380385003595638 0.515184908662809 0.0394143207890632 0.0707575535474901
-0.0280651664212912 0.490187404091135 0.0324088915970873 0.0822622013436112
-0.1234822332914 0.547109372318704 -0.000534403711214799 0.0681194452126652
-0.337784034383179 0.503752437289671 -0.0345278207350278 0.0726885881096265
-0.498093317377448 0.361148011841475 -0.0727003030218776 0.0717383476434999
-0.644015899318021 0.0205067090331503 -0.123733803407352 0.0326348662690244
-0.563466685060206 -0.384724343844152 -0.0115375855701582 -0.0467474334589422
-0.421289857972577 -0.517618282207203 0.184465331622135 0.0180253996987555
-0.250953890811552 -0.45516903270017 -0.082316809038118 0.299548593067256
-0.410393375100014 -0.444461802100738 0.0917107656065381 0.205085648100311
-0.498094234727713 -0.190991845593513 0.0150086291785916 -0.00599126701864273
-0.503892816586611 0.0903990340346866 -0.111853939927156 0.0087265531040283
-0.415687571618061 0.298447270181839 -0.167500682577961 0.112590778216354
-0.240924142082725 0.417674716389928 -0.103675789917713 0.233399704727744
-0.0737070245843561 0.4495258556691 -0.00207039690855025 0.273435693162785
-0.0461464030381494 0.450577720062866 0.0275580505966887 0.253793388388379
-0.0484432158335809 0.42777706900443 0.0263970111927619 0.252289585591344
-0.136632573578146 0.454070952066042 -0.0127212176989681 0.213464345528951
-0.299960899114034 0.38640273687681 -0.067818878393693 0.170610286929433
-0.4002905271054 0.24376015473052 -0.0804385071474496 0.100147984517336
-0.481163218814643 0.00696379666889017 -0.0778759397369019 0.05782356874531
-0.44801398535026 -0.292470705070939 0.0785237989193783 0.0279953943186077
-0.375072273373811 -0.411407223982741 0.29109972492863 0.199325723869564
-0.223487116859163 -0.299001850061677 0.0139012132151822 0.49777378659927
-0.319656161355562 -0.253380991917596 0.176576944719109 0.327006386545744
-0.32831467125293 -0.0743850626511927 0.0503108014888937 0.0770405537330276
-0.300157923197195 0.0667966323098785 -0.110300003299586 0.0433084482215131
-0.265116468414504 0.190257236090755 -0.215124914848811 0.186900541335567
-0.158721446241971 0.277456555556891 -0.142829054532722 0.357549338910487
-0.0572926506771548 0.312481955989362 -0.0264533115059159 0.419314391359334
-0.0487616787471106 0.318630717640504 0.01268893068337 0.397131166285748
-0.0630486211531183 0.302927495403377 0.00644393739167414 0.380663052362292
-0.129945126776838 0.298448525105739 -0.0429292909978524 0.315130609399502
-0.226096808957019 0.216010750499067 -0.111341717676435 0.226109355748426
-0.2484575641972 0.0946001655781913 -0.0949857125404171 0.0977881223246154
-0.260098774079331 -0.00385560776743974 -0.0424833566083022 0.0608840134869007
-0.279265089692241 -0.163583507823228 0.136921152210104 0.0825195870482585
-0.28068991570563 -0.254665420376071 0.362345037603265 0.33735285493924
-0.145534924002236 -0.0917048794636944 0.101537292386299 0.617629912602602
-0.14537465210792 -0.0333767860883198 0.24261258428544 0.394709570588718
-0.0865887012786338 0.0271277770241533 0.0977985029827841 0.141626415999191
-0.0574615322711581 0.00189676683345658 -0.0748301344446933 0.0628964574660842
-0.0895017361596377 0.03847579289766 -0.211301306553744 0.225992367800551
-0.0657435096189975 0.0873183184321656 -0.147034251642825 0.420857985728509
-0.0403766084456879 0.126579695988241 -0.0378467795076625 0.497432750366898
-0.045172551094748 0.140193837055711 -0.00385419329242757 0.480612195696423
-0.0588065186119106 0.138814769010893 -0.0232836174561008 0.452793756565228
-0.0875951769014964 0.117443003108126 -0.084251496175562 0.366072726916977
-0.108143817970215 0.0469865914318426 -0.154096375513174 0.240105496885427
-0.0692713914889231 -0.0182189530895705 -0.10477815166959 0.0734620067707121
-0.043987624752963 0.0239844151231934 -0.0116358213459504 0.0533026710200892
-0.117690385156811 -0.00409710815298245 0.162583894864836 0.125463995307777
-0.168418940526669 -0.0697663424989983 0.385640840402815 0.422926501027877
0.033509987610516 -0.10139194459712 -0.381257539464787 -0.454741497520272
-0.0197384743375346 -0.152126412867501 -0.276798104528891 -0.16823773276907
-0.116009455931805 -0.063199373632513 -0.0567862256378552 -0.063455447137155
-0.104731397102261 0.0654973520159443 0.0744536038314165 -0.0052923686087799
-0.0357210341783818 0.0833723729132576 0.192730378272163 -0.176645299951968
-0.00443611069251647 0.0783388983958873 0.137171005965154 -0.359254495932236
0.0276412628799378 0.0536955447055148 0.0515774143303663 -0.467191103899369
0.0348831242382646 0.0576915856922954 0.0104369319023729 -0.496508677903724
0.0413437445770315 0.0700013893027471 0.0206150964113817 -0.495441823868579
0.0106537969441328 0.118050294876075 0.0759815235689752 -0.428690836892498
-0.0698465977791115 0.134226862461179 0.137680920717786 -0.287968005267011
-0.16028632627675 0.094617301656061 0.0365158431795007 -0.118578368866749
-0.184975602162725 -0.0881477850713879 -0.10659944657312 -0.169632295711489
-0.0476634436906555 -0.190460188423467 -0.17871994689348 -0.376221975947042
0.0182388514668301 -0.134920185112798 -0.126552556219614 -0.632614362768114
-0.0534165365086669 -0.260899981054337 -0.355006156244105 -0.43612520949982
-0.132496144647531 -0.29500119838094 -0.240306207697169 -0.197182998078789
-0.243921506419696 -0.136552728350424 -0.0776946663401723 -0.101870282249514
-0.265076920179085 0.0774565601188782 0.0389003353682721 0.00337972483168422
-0.181079696464508 0.1848677302323 0.174926297284974 -0.141081198266387
-0.0891019429083976 0.2365665991984 0.145284943199381 -0.306110381697207
0.0049618151561268 0.234667158755435 0.0744893151763774 -0.406079820849848
0.021969578402551 0.250991823283595 0.0260828110428973 -0.430393681198728
0.0272542266097058 0.255505133237033 0.0170677839134389 -0.422916272006799
-0.0432910841612521 0.316184045705311 0.0405737899824934 -0.369859084195243
-0.199976589721473 0.307272580870048 0.082751876138376 -0.246525454854633
-0.347103705202923 0.213475160087878 -0.01600752884156 -0.0869585970593198
-0.428776464768349 -0.090156181172385 -0.163478065679701 -0.137779617585329
-0.276477734913233 -0.350011191992348 -0.203118166657114 -0.328724671752755
-0.141652256343373 -0.345933470244476 -0.112546563944434 -0.543521457226015
-0.126554085835712 -0.401364704269266 -0.311245733881005 -0.337111113432401
-0.239931202294619 -0.429171504011366 -0.181369031419294 -0.174626886035644
-0.366581242731314 -0.215642040899946 -0.0775135386749156 -0.130827120370396
-0.420092516468904 0.0734816210530649 -0.00143619474704772 -0.00635265900655199
-0.328092932095353 0.265430067592982 0.118511702368878 -0.101589334611146
-0.179682203642996 0.370212943211636 0.115711503206995 -0.213276013978798
-0.0272245618443935 0.385661317260223 0.0788364711085936 -0.283819453930974
0.0063155081814148 0.404750631229685 0.0370411659939574 -0.298171650290744
0.0165929573295696 0.398340155948753 0.0189936168963489 -0.283553170918976
-0.0729927836300143 0.470186267485157 0.0136021164312466 -0.251760613168276
-0.282295172945702 0.450769184636488 0.0317833348840426 -0.161511063137907
-0.469831969380372 0.329858496536836 -0.0514593610484705 -0.035030696945329
-0.610568695108295 -0.041757744447208 -0.184785475335805 -0.0775892922799468
-0.471024680700794 -0.423199886667379 -0.181597098533573 -0.239996520002568
-0.29445867237721 -0.48325254102179 -0.0466751041698345 -0.384883325642967
-0.189216396248803 -0.496495810253844 -0.25065306224356 -0.16194161486312
-0.344738145220074 -0.521644433220599 -0.101544174582004 -0.0865240499595329
-0.483383250213882 -0.265204730375378 -0.0566087441119392 -0.127363384252405
-0.545098738939328 0.0794203596118827 -0.0426371204891998 -0.0190133187954017
-0.438408284457525 0.325894701176035 0.0267821413732895 -0.0475459131476236
-0.246115988996253 0.459762893658665 0.0505918111594976 -0.0817093351131688
-0.0542421937085817 0.481506210236079 0.0627765747671853 -0.114008649626286
-0.0085526031467015 0.493708325998578 0.0414040306463746 -0.123040724989838
0.00309732902611627 0.477334060661774 0.0265847962524093 -0.107155938104888
-0.0916808782106243 0.550648579810443 0.00178967549451141 -0.0954395288209779
-0.318355892428946 0.529194847879515 -0.00523626040546282 -0.0461566476096306
-0.514084973574923 0.396507139609661 -0.0670743992802703 0.0240812660029251
-0.685991280085964 0.0111024808116819 -0.164421053249602 -0.013175639580548
-0.577187518686373 -0.424797779546601 -0.111231031069098 -0.136164312138767
-0.393131314041473 -0.534135772050573 0.058742852592992 -0.189874557113116
-0.234696691095077 -0.514624019177039 -0.173389675117129 0.0645135252934159
-0.417226507692799 -0.530832206008396 -0.00603317576233936 0.0524309935048224
-0.544871000169435 -0.256740108714173 -0.0226367240779656 -0.0843034761173517
-0.583794703603746 0.0942829834271732 -0.0835231852853205 -0.0151829451566935
-0.471332993942726 0.34600769161029 -0.0796057833132152 0.028519425382934
-0.265820283306413 0.480733324089556 -0.0295011674033494 0.0762594823851014
-0.0679658451954669 0.502392659050543 0.0347370451412959 0.0803793275718817
-0.0236032575242473 0.506455434167034 0.03829968886474 0.0701473213613994
-0.0164158654385272 0.483862574717128 0.0335100744873286 0.0790934682462165
-0.109743204626476 0.542443867262245 -0.000389963980211585 0.0696017380644677
-0.319137008946892 0.505963885649739 -0.0326734309005458 0.0745538502005646
-0.482775813651017 0.365931838108449 -0.0719039529259016 0.0754204768759736
-0.631765731896239 0.0336607797000798 -0.120387186203993 0.0361339601490101
-0.563307394864485 -0.369092285552745 -0.0137202671594712 -0.0435289509240301
-0.420403384843956 -0.501344405632569 0.180254385279691 0.0105458908226181
-0.251085262729254 -0.441990980225156 -0.0802211348173299 0.298986827809557
-0.416709653797494 -0.43026120832216 0.0933933051274632 0.201313922028836
-0.493274126786691 -0.180933375725455 0.0127845411814635 -0.0108798479390156
-0.493776312490928 0.0991401564633292 -0.112248131830669 0.00939318985105065
-0.403926001971491 0.301955712332841 -0.169188629898701 0.116126202326119
-0.228678030310031 0.416919054715027 -0.0977106797612628 0.233999453742991
-0.0635712634286841 0.443215650625812 0.005508495161695 0.264879104855823
-0.032920818487361 0.443193408455244 0.0305335008926468 0.251068099573982
-0.0374450286830904 0.421825119086787 0.0310784597143181 0.248061023988535
-0.12300648222137 0.450331612977529 -0.0092302638671917 0.211929601748929
-0.286794737446644 0.388810849655475 -0.0622424925408791 0.17180865703353
-0.386712457762735 0.247987769599305 -0.0794677651442193 0.103191057265583
-0.471274420761877 0.0175652443091547 -0.0746338096793703 0.0610222202680513
-0.447576563958446 -0.27946642975268 0.0756441622357859 0.0284540322494563
-0.37440545413938 -0.396464333318452 0.289644577046017 0.186045578342285
-0.223230261154368 -0.290985568148878 0.0177669974210008 0.492812150602705
-0.32205362071483 -0.244175842954017 0.179538891025754 0.320095458984118
-0.325996016117398 -0.0665501930348306 0.0503135112056806 0.0719289371140941
-0.295089415587794 0.0705417253954632 -0.109806961869258 0.0430625091363752
-0.258425643965233 0.192801816869568 -0.211552291583206 0.18988469688133
-0.15191724912653 0.275318788410155 -0.133202942014884 0.356062477829101
-0.0503662400966343 0.307960222979205 -0.0145401170998327 0.410261499132702
-0.0399141363627437 0.314189518051737 0.0186173878245237 0.392245863984686
-0.0548054748129776 0.300505008532123 0.0152776102489482 0.374884246104946
-0.120380676481674 0.2981601581194 -0.0344214360036746 0.311658773368113
-0.216533613883064 0.217185590034021 -0.103022147041686 0.227317844194374
-0.241455049587027 0.0961479004480595 -0.0930368235098592 0.100619226451726
-0.252451379359179 0.00136826270520949 -0.0405709055946057 0.0641974106754357
-0.278607253788122 -0.154912441145653 0.134157300545894 0.0812109599696843
-0.278546435401471 -0.245562811588143 0.362166721277193 0.321453475336483
-0.143765973577198 -0.0870499144132418 0.106137203439739 0.607065431033961
-0.14549703410931 -0.0301826774153916 0.246146211268312 0.384751519862015
-0.0837957533868138 0.0284958345844659 0.0994120673908809 0.136418546188218
-0.0576590005793034 0.00133261382513829 -0.0738583476829578 0.0623693760729917
-0.0885435764422603 0.0395497027867366 -0.205847593538442 0.227029535706074
-0.0642144138550077 0.0866946112537585 -0.134283659299674 0.417616822126705
-0.0375264939372131 0.125109802885164 -0.0250676115921434 0.488730341688934
-0.0403187310340253 0.139519404364155 0.00437925053818833 0.474790324149436
-0.0537157099565324 0.13908095253944 -0.0138522855401243 0.446914411661956
-0.0832990582760106 0.117972922465915 -0.0727133423344638 0.362801941054258
-0.105653733351687 0.0473392107184951 -0.144158992507679 0.241558240585301
-0.0686247244566254 -0.0186271422735814 -0.102958088669189 0.076693418724648
-0.0393491555181049 0.0243227679475242 -0.0111556977757423 0.0567745727926685
-0.115665460882565 -0.000564198877657128 0.160114070316525 0.121826123160653
-0.167428409764869 -0.0665011225080345 0.386827038202886 0.40473658945022
0.0340317759472431 -0.101292321645112 -0.381239487874394 -0.447867069452136
-0.0203577413673929 -0.152509803826537 -0.27576913300796 -0.162631975623946
-0.114282804955952 -0.0618395536257968 -0.0591727476755199 -0.0643894034469666
-0.101962178590329 0.0678107056956837 0.0729770533866813 -0.00574191195567967
-0.0330902232836719 0.0839867352128475 0.187716347415895 -0.178933501562977
-0.00133657090363256 0.0788886828721326 0.130372177529534 -0.358164179608959
0.0289033954509081 0.0537752599872921 0.0446272960259504 -0.462974931122077
0.0348448817077233 0.0566487958494209 0.00637955739182284 -0.496176864289166
0.0412522590339198 0.0685763311661134 0.0158231514402568 -0.493257634169469
0.0123122224789404 0.1165119089348 0.069305046070745 -0.427656541675877
-0.066652628327984 0.136335784163447 0.131460117138623 -0.289671700517088
-0.15796510117677 0.0980440735592118 0.0349793789043442 -0.118058233946784
-0.18664416933631 -0.0853333812692832 -0.106428248901626 -0.169403610345881
-0.0495526416994939 -0.18941782557214 -0.180534905757379 -0.375161584786121
0.0189670991889828 -0.131381650273508 -0.128949856906885 -0.626700440727334
-0.0507684764808202 -0.259350452038984 -0.356998155649605 -0.427253652862332
-0.133766147873453 -0.292449317884605 -0.239324602107296 -0.191804076356837
-0.240998622540723 -0.135457032890368 -0.082012795210856 -0.103341168617969
-0.260395284717241 0.0804077277185656 0.0373282366827818 0.00339454782161988
-0.176572686244781 0.18550311997513 0.168821890079893 -0.14269933530109
-0.0843242696732626 0.236639082908981 0.138864472027261 -0.304698974496438
0.00804442816465491 0.232907124330597 0.0684247409338094 -0.404483634910475
0.0249553741258592 0.249030521565685 0.0208462955046235 -0.42915976704996
0.02963370085142 0.253319777211324 0.0130986769766788 -0.420562824119881
-0.0397624906505937 0.313742798928319 0.0340667213440999 -0.366244707905254
-0.194568640421665 0.310067576644852 0.0778241672196429 -0.245870914623025
-0.341532901685538 0.217415369248152 -0.017959811391996 -0.0853043513865687
-0.429388161035203 -0.0850665579668398 -0.162913355720292 -0.137058368964844
-0.278625085846241 -0.347379969089473 -0.203740551328901 -0.327213804992704
-0.141526199218367 -0.339304388102336 -0.113460582914812 -0.540603403194966
-0.123144952474936 -0.398429772732328 -0.312740370633401 -0.331456018980498
-0.241486841608124 -0.425019860754735 -0.180798812667323 -0.170451124936829
-0.362771845715623 -0.212999315591519 -0.0827411301423262 -0.133207167205781
-0.414393383101443 0.0772602999092395 -0.00267934711497523 -0.00625254403110763
-0.321893729933665 0.267596464828482 0.111553056241001 -0.100773286793333
-0.173349261096054 0.371143250011579 0.110068048258897 -0.212401140005657
-0.0227225630566666 0.38240490087893 0.0750637838950189 -0.283935411976029
0.0116526551257056 0.401909740307284 0.0338519126581116 -0.297591848664388
0.0194202270035271 0.396821978670336 0.0161227123590272 -0.28338863314541
-0.066723882339525 0.467097388530732 0.00836061769828331 -0.247665348206833
-0.274976492054095 0.455612909478151 0.0283888839881383 -0.160166471153237
-0.461109738782375 0.334160096185023 -0.0526808529094339 -0.0322749677423349
-0.607871181188986 -0.0358929185807913 -0.183361948877309 -0.0758670640543521
-0.473669452115142 -0.417997698287445 -0.183671365422387 -0.238075049889586
-0.292144601558232 -0.476422617199398 -0.050342772617659 -0.385082186080489
-0.18413692976918 -0.493135235366707 -0.252823893063083 -0.156266326559775
-0.347221046680384 -0.514904053712803 -0.101605701461564 -0.0827307341172812
-0.478966976555809 -0.261276398663099 -0.0616232191919392 -0.130858797512472
-0.538749255064029 0.082827125552173 -0.0442569470056861 -0.0189663385889888
-0.432851464348887 0.328537679220574 0.0206579506487538 -0.0461018590683518
-0.238682738019312 0.46005903361427 0.0477483230092714 -0.0807310116976783
-0.0495710466930688 0.477049489976159 0.0618810023178395 -0.116637905693692
-0.00141099032270754 0.489929062812316 0.0390020956605252 -0.122361316247554
0.00818961195738194 0.474327879338196 0.0258332187836992 -0.108115818072092
-0.0846932625206034 0.5487905807302 -0.000820367784124101 -0.0921590841918397
-0.309399229080563 0.533855132513078 -0.00647422660592383 -0.0447563212954381
-0.505405798834168 0.400825944757075 -0.0675063488867471 0.0274705053640566
-0.681331445334315 0.0178024031376264 -0.162829186474008 -0.0110068287569888
-0.580816364395295 -0.41833929367532 -0.112103899982673 -0.134103128507872
-0.390629253422874 -0.527114528452325 0.0560690143563585 -0.192711340954914
-0.230428445700615 -0.51000787528482 -0.174774084449486 0.0684987065445121
-0.420677945278426 -0.524123822075477 -0.0049192478795801 0.054537448276491
-0.541539501904478 -0.253288294311688 -0.0271697414676612 -0.0877926642975529
-0.578484627417266 0.0978387318509103 -0.084955808649868 -0.0148315296956255
-0.464415717983226 0.34938414345727 -0.0847062458443941 0.0308700618599978
-0.25864391879319 0.48098938631412 -0.0297756243904363 0.0777981374735427
-0.0627370355877937 0.499691853527375 0.0363016726675371 0.0754235680794252
-0.0154498246673655 0.503951580985871 0.038262669319452 0.0696415449404597
-0.0107955555404502 0.482335048873254 0.0344435260656327 0.0775529800533452
-0.101642121532 0.539874853729768 -0.00102264496565819 0.0715738015697378
-0.309973318835784 0.510490504638899 -0.0310783759001283 0.0763814535540836
-0.474807541050377 0.369265445083245 -0.0719918197364616 0.0783485913959311
-0.626926173383951 0.0388425668086305 -0.117690217266558 0.0387513254391305
-0.564619019971263 -0.363722462890331 -0.0151244433077529 -0.0411903650017635
-0.416170112244446 -0.493586663209116 0.178104011463504 0.00523631737180498
-0.247196667155222 -0.438340528138356 -0.0823054963936272 0.300388427274244
-0.419511086806825 -0.425177188525329 0.0943419195618363 0.201816883772593
-0.49058305770638 -0.177277850080576 0.00912585307694052 -0.0148463718756096
-0.4897531774558 0.100684331142235 -0.112993024394052 0.00947120776872681
-0.397889819402317 0.304498941732318 -0.172544821445587 0.118633259376429
-0.223145311559525 0.416772336956205 -0.0949139918373486 0.233986454041547
-0.0598764673766941 0.440385557885084 0.00907702951011105 0.258391339006569
-0.0268722400849214 0.440516442712873 0.0321077238136894 0.249930119135837
-0.0320154610448286 0.421135029385034 0.0329410247099556 0.244976385609907
-0.117420622841131 0.449843092244871 -0.00612271408858012 0.212508079558513
-0.277524923980062 0.391399425893816 -0.059001421549387 0.172594302748806
-0.381632607135823 0.249416885830269 -0.0791952141396075 0.106346420740225
-0.464440952799538 0.0223240490880643 -0.0728871492821031 0.0643623189126002
-0.448125248694407 -0.274434170808699 0.0733678723080758 0.0299180887087997
-0.37126369290548 -0.389252265501854 0.287489064193857 0.178010992587704
-0.219754287568187 -0.286225999844839 0.0174744296479696 0.490783230098865
-0.325038478945687 -0.238933010734441 0.181298079025745 0.318248701401263
-0.322259258787718 -0.0650502962685669 0.0491244516525102 0.0687515372523515
-0.292201358273302 0.0720179484476864 -0.110414313247468 0.0429885279954776
-0.255164720353314 0.195301517670219 -0.213378777289924 0.192577059120631
-0.149502728433809 0.275504305061392 -0.128378320873225 0.35484271544073
-0.0474777196567055 0.305683761549953 -0.0106870409229056 0.403205221940788
-0.0346187998843001 0.312485034154001 0.02141421461116 0.39291826117619
-0.0494926851506114 0.29983991153914 0.018754612733235 0.371419925123085
-0.115672934992219 0.298381678920545 -0.0305883630882964 0.311290436605685
-0.212654654816482 0.218485457549637 -0.0979173067383955 0.228532059670129
-0.23827776702198 0.0965412801660233 -0.0921507682726459 0.103862077498539
-0.2469125607816 0.00314587551678438 -0.0396418018634555 0.067254231357923
-0.277616397245018 -0.150593454472047 0.131966065157411 0.0812203360431607
-0.27747526655659 -0.241070153493526 0.360930449929611 0.311424575740611
-0.142119464088433 -0.0848877557060772 0.103759993724496 0.604501770414715
-0.146106368449395 -0.0279479344187349 0.247509688076911 0.381372240608846
-0.0827356239297764 0.0291149599192102 0.100340204558036 0.133814902148023
-0.0584327385324886 0.000986252726402262 -0.0743888979763795 0.0614745943236395
-0.0887540581358805 0.040431148821464 -0.204603964399825 0.228660071430388
-0.0649811054939795 0.0867860562149187 -0.130033091680639 0.415924199481894
-0.036962323671234 0.124108462373003 -0.0190107449732541 0.481963391788149
-0.0374004857364022 0.139308936724855 0.00727155335312824 0.472746094594113
-0.0506964991238195 0.139846441185207 -0.00967587392810699 0.44337239723394
-0.080493464873044 0.118507460743603 -0.0664747366216299 0.360334777977423
-0.105191956079 0.0464901240990136 -0.137891979238755 0.242620758113924
-0.0678167537384778 -0.0199883546389291 -0.101316107011491 0.0791446489545235
-0.0351247016031936 0.0242930496502297 -0.0108107426221206 0.0597270860013948
-0.114467686727674 0.00132387817222855 0.158403508424894 0.122266914635544
-0.167704143714986 -0.0654567224690984 0.386839562762222 0.395603510305138
0.0351022058919177 -0.103352202897199 -0.388641947524041 -0.449870520885174
-0.0218537568282295 -0.155007405459505 -0.278540961507054 -0.162039180638573
-0.11492680020061 -0.0624238176515057 -0.0621189192970656 -0.0663352433681003
-0.100712472853507 0.0701014740133232 0.0739699833045718 -0.00562149489729651
-0.0315176102612889 0.0850177441284563 0.186137807327783 -0.183769738103336
0.00174896976886205 0.0804290715729309 0.12566058142531 -0.36278117187098
0.0303580477464423 0.0547396661088572 0.0389558981012623 -0.466352743984648
0.0344578646872099 0.0564405360097225 0.00126977449823987 -0.503158298698782
0.04138548347451 0.0687497658485409 0.0133538982191926 -0.499937380690482
0.0137000400309649 0.11724269539078 0.0646801284781614 -0.431626676414586
-0.0650314395666138 0.141640469885145 0.129088742953943 -0.293774208641346
-0.15778660225677 0.102759042680628 0.0348506008887016 -0.120139678035314
-0.19167507425553 -0.084978354799595 -0.10804169268856 -0.173519586416673
-0.0518555974883193 -0.192867925294254 -0.184571666212315 -0.381016377047843
0.0213736547919919 -0.131127334903652 -0.131766438701158 -0.634009898211995
-0.0488566460105402 -0.262766965438288 -0.363323815257931 -0.430139257439503
-0.13724615338973 -0.296437663190778 -0.24349168208198 -0.191830364949136
-0.24228452206685 -0.137286518399498 -0.0863136221746752 -0.106762158185734
-0.260072239003041 0.0836216261890455 0.037665663772936 0.00388983167861923
-0.175371998501461 0.189541060874193 0.166468557519214 -0.144501828231223
-0.0809575281151914 0.2405482703377 0.134540056241187 -0.30884015431228
0.010052708894566 0.235697265520622 0.0659715626130834 -0.409683759157187
0.0276112093490334 0.250999415827303 0.0172451609128633 -0.435852016511581
0.0313454225933736 0.255423830259509 0.00910308430226754 -0.427730348690332
-0.0370524755665056 0.317767303108262 0.0304042033722059 -0.369169914995665
-0.191817309904812 0.31848073168212 0.0750760267589865 -0.249365844739952
-0.342145033200339 0.224858337229316 -0.019387442292352 -0.0848650536696522
-0.436891082759748 -0.0821456629649392 -0.165008407298794 -0.139382828838266
-0.286468944681861 -0.351353709740992 -0.20750345268595 -0.33090644743689
-0.140173668805844 -0.340515309148587 -0.118441585243129 -0.547250229292788
-0.120894908551985 -0.404778050727247 -0.3190407141652 -0.33027519743794
-0.24809249933052 -0.428968727374363 -0.183314667607187 -0.168570558561334
-0.366473694187261 -0.216573028970576 -0.0887216518479018 -0.138048939526752
-0.416566615992033 0.0796652042346558 -0.00362151552552144 -0.0054480246840322
-0.322717910169105 0.27327947786924 0.107829418353357 -0.102419360799757
-0.171354916796704 0.376884068410165 0.107824445507325 -0.214122589281657
-0.0193846123733123 0.387646130465316 0.0730349554929514 -0.290024929456183
0.0162308401131007 0.405617494154419 0.0311612059171087 -0.30209594838036
0.0243291939738056 0.400211416338398 0.0139432365860435 -0.288322294948334
-0.0652978346233586 0.472990666094522 0.0049541652979825 -0.248373569599051
-0.271698857547439 0.466447166464571 0.026631081494879 -0.16157255984762
-0.46283162556981 0.344734389165415 -0.0546053414007306 -0.0303038393221062
-0.615922495295256 -0.0319360497167705 -0.184523856723917 -0.0758027425489683
-0.485215069470434 -0.423054096958926 -0.186664409653432 -0.239863271698318
-0.290702833705282 -0.476266264259457 -0.0537547824265466 -0.3921890763732
-0.182615083606459 -0.499214366483677 -0.257485330032671 -0.154023442555451
-0.356557859684861 -0.519492173447628 -0.101629072856886 -0.0798338651109235
-0.483125727882843 -0.265018214453133 -0.0677436231894062 -0.136478144466701
-0.543194951781399 0.0867184089968232 -0.045428846359649 -0.0181197113137852
-0.433747192683999 0.336534828406649 0.0152673947260201 -0.0451738236855316
-0.238836967610981 0.467727094028823 0.046134089727468 -0.0801952299999957
-0.0467672798330174 0.483384268307353 0.0617628506407014 -0.122410544758404
0.00330525167139109 0.496359307947748 0.0386526039258166 -0.124374673800422
0.0124612547004077 0.480792705105832 0.0247775942436344 -0.110923863217734
-0.0813007581258658 0.556264909760257 -0.00235802376931973 -0.0902025359932307
-0.306409197638245 0.546133914454315 -0.00708476036965038 -0.0432432528458398
-0.504941614476662 0.410613794340232 -0.0696211691536505 0.031269724601873
-0.689018570764977 0.024345232312605 -0.163590742282502 -0.00920722566010772
-0.592390908869634 -0.421680710709686 -0.114569038145127 -0.133684774954242
-0.3928630577778 -0.529417436020118 0.0540031778202235 -0.198700758490242
-0.229096179525272 -0.516986131157512 -0.1790385040144 0.0736994731740142
-0.430064482893003 -0.52866843949652 -0.00291417311021078 0.058166012285372
-0.545663621609468 -0.255990659664392 -0.0323863895780453 -0.0928695559619483
-0.584374772354249 0.102360095374261 -0.0875059632375748 -0.0147844335670813
-0.467384518776922 0.359131848098881 -0.0910355701123749 0.0340050703648475
-0.258049077138202 0.489958862145019 -0.0304021690151791 0.0807084037634763
-0.0610890210188224 0.505296234235754 0.0377295481386822 0.0705992342452523
-0.0112163636427035 0.50897739696469 0.0390485661114485 0.071956092298928
-0.0064837836239924 0.489344200106769 0.0354850426699342 0.0778469885042395
-0.0986466988220083 0.549304863542597 -2.58287740626571E-05 0.075483048813163
-0.306121582331071 0.522402261417927 -0.0308698539552706 0.0791711095073302
-0.47554406488064 0.376651528747202 -0.0735007395247368 0.0837375706349452
-0.632296311169443 0.0437359191163042 -0.118070077535739 0.0412594945205269
-0.576631348009625 -0.365611702498828 -0.0162160459604637 -0.0386357354850676
-0.418974344474318 -0.495667332457273 0.178411271724421 -0.000929504230376649
-0.2468624691548 -0.444336199084565 -0.0842009199268789 0.307997171220385
-0.428594582905109 -0.427046258658568 0.0981204447412151 0.206583662444629
-0.496357270902839 -0.177629894235447 0.005217987462251 -0.0188288261781588
-0.49633315229069 0.10417763770374 -0.115718401537121 0.0102919949742378
-0.401401329632209 0.314367476427666 -0.178386616512501 0.124390822864151
-0.224419473784079 0.425286047214239 -0.0946770649269903 0.239148415177106
-0.0574579080574072 0.44445844374291 0.0116115873637706 0.256171712865207
-0.0221443452704776 0.445982103986766 0.0339773305512283 0.254817591919542
-0.0278977750727703 0.425792455041521 0.0353143742365821 0.247631581276902
-0.116164483027553 0.456849208895727 -0.00447821600903436 0.217604418541181
-0.27737028088098 0.399672057206606 -0.0571671690351535 0.177600226578631
-0.38295198737644 0.253982144381169 -0.0803267356921557 0.111803482129001
-0.466777086222301 0.0252241530505281 -0.0725804055941769 0.0684257603452297
-0.456492985040034 -0.274609487943202 0.0738791174782376 0.0330701556604603
-0.374458996914959 -0.39145499395669 0.290210191320332 0.173899423249134
-0.220646892592469 -0.28937642434828 0.0158481157502256 0.500485277910004
-0.331640333623462 -0.239873797926114 0.185946917159252 0.32267927141158
-0.325354454821388 -0.063399253043488 0.0476256466387333 0.0671351843446489
-0.296660686755503 0.0746228218041569 -0.113892876898377 0.0435856576292
-0.257254998472522 0.201049626649459 -0.217487962451386 0.198241747708837
-0.150886274086389 0.281657839556157 -0.127158410289629 0.361504785191461
-0.0470654276011143 0.309286377007232 -0.00895265566176374 0.403498262787377
-0.0314319356354647 0.316151711069122 0.0243438073089708 0.399244917100991
-0.0463669217288961 0.304915627520513 0.0217663987771569 0.376609016148926
-0.113459587548627 0.304256576961267 -0.0265162230928191 0.315690551447265
-0.212709289965022 0.223071248746864 -0.0947998209373371 0.232832337462911
-0.239841401278274 0.0981877227830926 -0.0934355145352429 0.108379688367634
-0.246402894436411 0.00502617040347023 -0.0391894594530317 0.0721075317357881
-0.282342085243261 -0.150274972942761 0.132900511928212 0.0845669635064412
-0.281286103366093 -0.242435510591085 0.365101054691577 0.307861388191083
-0.141632210224112 -0.0844791932045037 0.10260349707104 0.612565240436604
-0.148918591176171 -0.0259329681455896 0.253272906524971 0.384814781547131
-0.081987612771761 0.0306329677321226 0.102053298100184 0.134430647312478
-0.0602762933196925 0.00062227573391026 -0.0771985624089727 0.0617484824221269
-0.0904182358436732 0.0427951212697375 -0.207390880467291 0.234636278380797
-0.0671119405071707 0.0886708735999757 -0.127260891848485 0.420814417474739
-0.037792031251341 0.125407988617898 -0.0160157288400883 0.484553485222596
-0.0357769721339666 0.141669102960586 0.0102754274459846 0.481309148302483
-0.0487972644755941 0.142231523151815 -0.00588802193254365 0.449514304376085
-0.0794424003672976 0.120755730514473 -0.0628459118157484 0.364470618456615
-0.106602048088753 0.0472375181512239 -0.13448378285 0.24716980750299
-0.0692160457025816 -0.0216544620185741 -0.10235087912769 0.0825649968910789
-0.0322063044846247 0.0240095057134839 -0.0106245999843132 0.0640059694818947
-0.115483034420889 0.00313048853510331 0.160362061500352 0.124561994851822
-0.17182269963522 -0.0652524585926327 0.392713903873634 0.39377531738533
-0.0340837412985579 -0.107979996585626 -0.602331514015885 -0.120747331129949
-0.110985822899718 -0.111175053464875 -0.330757130275918 0.0401314587673572
-0.131931545548014 0.0160100116348123 -0.0990166473750314 -0.012967257286316
-0.0380898208675364 0.113749106049251 0.0573791128396726 -0.0458346001356013
0.0254682132215585 0.0861105443417463 0.0347972817200263 -0.26175724828101
0.0509779161195732 0.0628566570289037 -0.127977476625738 -0.366796061050754
0.0565924201390146 0.0263189322569656 -0.264324244233155 -0.402117787154847
0.0617933827945339 0.0236213524032722 -0.317038508037665 -0.408419056130675
0.0737567593078974 0.0271449403517429 -0.309124924162627 -0.41362257856352
0.0844087374460034 0.0858830169484928 -0.220474782195743 -0.392324366144333
0.0388638586590503 0.157039038558537 -0.0825962565241902 -0.318809433271353
-0.0654711749377009 0.187094263972338 -0.0471177550523684 -0.121153158955437
-0.221992920265577 0.0552843989330831 -0.197748227812719 -0.0731720481127118
-0.176296304190402 -0.129006450135433 -0.39612060503681 -0.190663690037246
-0.0678813250919026 -0.132917877219596 -0.51444146512125 -0.428874852582767
-0.195238861574725 -0.193967794126996 -0.578113461684323 -0.113126217642139
-0.285403622707533 -0.157071723501561 -0.327078196125859 -0.00693275866498889
-0.279970524457199 0.0293458136675316 -0.151720983666821 -0.0264826161815786
-0.158161283143412 0.218170056667442 0.0309695465401161 -0.00750368309728466
-0.0274730445134126 0.257058455212117 0.0433150346887637 -0.213003669358187
0.0826616558548791 0.243464895540161 -0.0863590427234187 -0.32355703119168
0.151532651110377 0.182907836051435 -0.206488031636761 -0.372083691625223
0.179146173554635 0.185866338488029 -0.260706498758695 -0.364414200474536
0.184335126467672 0.187801318979879 -0.267469830967158 -0.352585324204153
0.171729438477263 0.282814137700461 -0.210080151869143 -0.319056750982553
0.0480605994891182 0.385150059242904 -0.0940683719355878 -0.248505567984273
-0.1415899387419 0.404593687315233 -0.0659384964786723 -0.0583671149865498
-0.427365722840326 0.217264437632646 -0.218106747953564 -0.00937020156321053
-0.475269920460683 -0.10720345975918 -0.377771697241242 -0.143666270386657
-0.339841516580084 -0.201553943357283 -0.438160729749049 -0.372045860138885
-0.336272233431947 -0.270802436433862 -0.489766625470561 -0.0534866584732303
-0.451515443900472 -0.19849826002232 -0.27114944278541 -0.0262884699721034
-0.428303843281915 0.0380105701497002 -0.179141666712861 -0.0481260028041692
-0.286025881392099 0.306463926088234 -0.0134729768518093 0.0159784625793292
-0.0955306276194621 0.413011115199353 0.0227078791857105 -0.137722474888539
0.0934510845507702 0.408775900811517 -0.0488230292351618 -0.226051994828618
0.221814291274371 0.322040491670242 -0.121550904083426 -0.279691763797628
0.268092081267086 0.319004961015469 -0.166292036262332 -0.265108904961141
0.270851440213235 0.313208095334513 -0.176569139594622 -0.243721030169915
0.248911974004926 0.429239205866319 -0.153468447835675 -0.204660060693901
0.0777086150633834 0.561597004942814 -0.0753177263461357 -0.147672475592335
-0.166668769603681 0.580504884385127 -0.0578500940521123 0.00762118865683854
-0.545053323501731 0.380038980459845 -0.191960200960307 0.0539142885128685
-0.688242092251294 -0.0352628978161127 -0.299104377020491 -0.0876016393778752
-0.556230865671676 -0.214691976362283 -0.275732488542292 -0.289453252666506
-0.441249253239511 -0.314905579579376 -0.335280327455425 0.0570798054080904
-0.590096926216206 -0.206894758823456 -0.154932252882529 -0.00443065933350191
-0.553478473343712 0.0684252712300532 -0.165810703750392 -0.0566035922258465
-0.385052168046319 0.384974830509392 -0.0588685136590602 0.0374187941922479
-0.146700761090654 0.531439361863677 -0.0162540096727861 -0.0298748950240699
0.0957884308912332 0.523804299615655 -0.014532626548642 -0.0759475299534814
0.257821373077698 0.416440014337695 -0.0234653697986329 -0.135465235292149
0.315774984671887 0.400494006682646 -0.0487470191545195 -0.125992833774113
0.314631625052551 0.387300559355968 -0.0563946902394359 -0.106830237058103
0.290355235456859 0.50861495986892 -0.0599916316598343 -0.0716691454797671
0.101244104256972 0.649219002644316 -0.0254545804909635 -0.031743095458181
-0.160377925728294 0.66323920531682 -0.03035063262708 0.0669179437680598
-0.568798352001308 0.474136795425771 -0.129840396879396 0.0939927076516169
-0.773465420816261 0.0361894477288414 -0.169516482825095 -0.0510870830908245
-0.672427646868927 -0.189006548819242 -0.0567816372858187 -0.205444929748225
-0.488291652784157 -0.302046676748229 -0.130341957062902 0.19545241990396
-0.654637155355004 -0.171480995494266 0.00895803031235089 0.0480222927296081
-0.598796909503965 0.114039812790901 -0.111503478152868 -0.0402575275018755
-0.409954815487629 0.422539538958438 -0.0918801862487239 0.0688441895767349
-0.160647561649413 0.570325336137577 -0.052345357076635 0.101520996813106
0.092706423747399 0.554068552814794 0.0247429467309775 0.102273445151818
0.261068308293436 0.441234007017454 0.0791259711086276 0.0363275780226654
0.312076471305725 0.42101848485593 0.0748891771391448 0.0321420738047003
0.30612285838824 0.407081793240466 0.0720969734355648 0.0398621253532517
0.2714497503193 0.514619096766845 0.0472350780081157 0.0615021508118774
0.0852637268573674 0.630317177317054 0.0338595843526531 0.0816338423861665
-0.156796379995794 0.615847058928501 -1.91161810606791E-05 0.112565411098781
-0.506589553465734 0.452085334303474 -0.0595165803126558 0.107013305572298
-0.721128172342288 0.0732784830407958 -0.0289725745635852 -0.0379423516247354
-0.671751209520554 -0.139890571112144 0.173811537955673 -0.126126259703053
-0.45852113339639 -0.231042719670669 0.0969185171456327 0.326499510296294
-0.594270604817852 -0.0907695818129102 0.186314306855436 0.106568817326527
-0.509520504298538 0.148546671718059 -0.0295844091513173 -0.00232653241741792
-0.33664012753328 0.373123301549348 -0.0985042995118145 0.104369997095768
-0.133620970879641 0.495054043675192 -0.06641386503194 0.226434940782694
0.0803556453398345 0.482882977843012 0.0728342799315029 0.267501344990241
0.22657643903637 0.391727484033722 0.174916035187459 0.203716772943969
0.263565569333806 0.377085645500734 0.186390188908191 0.18432172747877
0.247957220135573 0.36949205403035 0.181442682090092 0.177628857696128
0.201443108419223 0.448963621167832 0.134110653488657 0.179685285176821
0.0310726614115718 0.510885941998554 0.073486962558831 0.178039929862347
-0.156831242212757 0.45355772443008 0.0108233068575745 0.141200726207125
-0.377014370161488 0.326547892932381 -0.00694613281434666 0.10109643693872
-0.55859422388432 0.0688986469538726 0.0892599104793174 -0.0336994659982882
-0.563417656908093 -0.0797080379533573 0.37314173557487 -0.0571992915200997
-0.346647642672454 -0.114448232427183 0.30701027328986 0.415994662380206
-0.405232175054509 0.00402256334412416 0.337562670171095 0.147823409677645
-0.300760697715432 0.142201770293794 0.067553782688444 0.0373983567173585
-0.194714995272631 0.234013470877604 -0.0713256195228027 0.122149434606858
-0.0853760756126334 0.317436218137243 -0.0519202549119035 0.306452996478522
0.0509715495896992 0.320580997248482 0.123460668416627 0.381518210661128
0.153433021940925 0.276612249718902 0.251764442138454 0.334265462895893
0.174835661046392 0.278151077366877 0.268853044920958 0.307271634599622
0.158155988066372 0.28157225582216 0.253524346156792 0.290911968658399
0.104167583837013 0.322712312062044 0.177521154533423 0.272764513693855
-0.031107056905575 0.322654312787592 0.0772195708366715 0.246873009918937
-0.137530148218904 0.23286642460446 -0.00296489340610494 0.148135456762853
-0.202949640504884 0.163499457357317 0.020042063403247 0.0846342577126069
-0.330189361729298 0.0588256447929858 0.167667967945808 -0.0249172855283771
-0.388529068509898 -0.0137788298453376 0.515218435283036 0.00434719585619356
-0.163594447585893 0.0132303956355825 0.460422756794693 0.445512988288714
-0.132072354886847 0.067147212735756 0.440973176100985 0.156620094979636
-0.0461136564497522 0.0737765706395394 0.164409696032296 0.0508685471472173
-0.0483787926170815 0.0368120476347978 -0.0269845692431576 0.103239899720724
-0.0463576512866634 0.0900008371790124 -0.0218330396276255 0.322738881460629
0.000755618485480544 0.114216462275732 0.160761690782716 0.421860670606461
0.0488470133857441 0.123168051490927 0.294771349472279 0.405734867659581
0.0609791530015962 0.138574393980813 0.310980635425285 0.384455952856554
0.0540875873763829 0.150282608136503 0.278442061876066 0.367060517983406
0.0152028039930973 0.150095131758855 0.180424546928444 0.335868078663594
-0.0580056135913277 0.109560886302865 0.0522883714788509 0.283371216597623
-0.0727812236696882 0.0255110362775023 -0.0283637392862667 0.133920389527118
-0.00900060419389044 0.0393488240008725 0.0356898646675411 0.0616162868061749
-0.0901385547775946 0.0786641461814054 0.212041161234239 -0.00532476339824237
-0.18232302760875 0.065372078210744 0.584889178091694 0.0552036632711788
-0.0398728557432753 -0.110384315945616 -0.624700843766899 -0.0971331925811261
-0.120941582626608 -0.110666454385965 -0.338250578956299 0.0573038901464764
-0.13689633634912 0.0209467406467703 -0.105735645490487 -0.00850006170409849
-0.0327500543308967 0.11878328693852 0.0577844219067882 -0.0511961105110356
0.0314113974117534 0.0867174432054956 0.0205222298811111 -0.271849225117995
0.0576590330706592 0.0601478988534288 -0.149707968490453 -0.370828643372082
0.06010431220576 0.022985277168565 -0.291618023698082 -0.400753055376906
0.0652925619529346 0.0207918866534212 -0.347078419130537 -0.407200222034204
0.0763589817582703 0.0243918602582399 -0.342297442615783 -0.414098942911676
0.0908610810110225 0.0840338370328733 -0.245875234739798 -0.392803761475581
0.051331086654864 0.160353520819282 -0.101412921173345 -0.324062685690439
-0.0573108727424941 0.197372087832007 -0.0535221405774799 -0.122037038985845
-0.228169541750644 0.0700324355182538 -0.20938857108587 -0.0696788084065912
-0.189589108384783 -0.125587109088857 -0.42064645653501 -0.181106578272115
-0.0725462131745611 -0.135870518558687 -0.551102673172926 -0.418767117111464
-0.208667452883633 -0.194679594715101 -0.600604153905621 -0.0898177196232056
-0.303104097908423 -0.149838959719821 -0.335759296785062 0.00884230342841696
-0.289494587636466 0.0398563765704743 -0.16221777672345 -0.020775897985919
-0.151912513459767 0.230820821411137 0.0320237537831004 -0.0106498699783254
-0.0145639276943473 0.266006711604326 0.0319028063301825 -0.220205766822848
0.0988729545610931 0.245470585727347 -0.104617622700221 -0.328111048640626
0.165346124197369 0.180492017297701 -0.231776213841647 -0.374067777264779
0.193708590437188 0.183150008239484 -0.288428465322788 -0.365696978435556
0.198183646514558 0.185792122665545 -0.293460009185197 -0.354089704803075
0.191214212036136 0.28408458604104 -0.230297730933975 -0.317219195393571
0.072560308776675 0.396548657834989 -0.110611834034224 -0.250346077063988
-0.125050284820645 0.42505851204784 -0.069846605532058 -0.0556587178433626
-0.432517479569498 0.246791368739923 -0.227721367465478 -0.00168454287385975
-0.498701250414871 -0.08817599116788 -0.398073195317666 -0.130955056358702
-0.355971368590818 -0.19541078128135 -0.469951059918412 -0.363243581565973
-0.357396800476528 -0.271065787209652 -0.506089301326259 -0.0318035509038131
-0.475895202142727 -0.185594792665928 -0.277650686406601 -0.0157814305676793
-0.442606560419987 0.0541742315077046 -0.193469268465093 -0.0412422398354142
-0.28093416296437 0.327435025885713 -0.01249282688326 0.016291055635198
-0.0770695024553559 0.430968747627996 0.0147523989068936 -0.140228565125039
0.119004144530989 0.417026399480935 -0.0611422731515181 -0.228849823318275
0.242604479549162 0.322585650166462 -0.141738997009926 -0.284172934862168
0.292978234398259 0.315695242748392 -0.184990743026456 -0.267617268392465
0.293736883008896 0.310555914861172 -0.194674278238938 -0.244013182170805
0.279250104287976 0.431493445826798 -0.166273881447462 -0.201772724843209
0.113267190895593 0.576691171160647 -0.0846887528450599 -0.147993196122986
-0.142413564255785 0.607479379142298 -0.0579448431825817 0.0132629663858142
-0.547503242976241 0.418953979541585 -0.195756109540348 0.0637700765063435
-0.715615599594478 -0.00349300632298314 -0.312475824133435 -0.0759779814198367
-0.577697593311642 -0.200276424033278 -0.299877000918665 -0.288340027339553
-0.467636970711818 -0.311692547124268 -0.341835668358346 0.076219581196945
-0.620940235345676 -0.187960071846956 -0.155567214012468 0.000703731164932163
-0.568278303636481 0.0902731230791149 -0.181067954121228 -0.0503829420055818
-0.379619593358135 0.415247171910734 -0.0584300898941852 0.0407528418940249
-0.12443807371525 0.555003568193662 -0.0205952658055437 -0.0266715365681403
0.125655435194389 0.537707762257161 -0.017422293104883 -0.0759447055910877
0.286120763068835 0.416817648340494 -0.0349760527547435 -0.141571611207598
0.344970997174787 0.397794441299336 -0.0557432791412574 -0.128739858119436
0.342927661742402 0.386236233097004 -0.0633782868471966 -0.10744753168668
0.32578634196491 0.513148960657782 -0.0624545295018958 -0.0690260631361457
0.139306702532134 0.66616789727828 -0.0276083959326727 -0.030598835041184
-0.132213891978468 0.692181566434169 -0.0261435620857651 0.073461415955389
-0.567370445240161 0.516331759246042 -0.128385667471382 0.103571543760243
-0.801642691349223 0.075342414148719 -0.176356686171646 -0.0437315136451506
-0.69727832150183 -0.168640967257068 -0.0715452304066296 -0.210612238130727
-0.517498417161701 -0.297491487825748 -0.123700621061003 0.210366152120144
-0.686079489790215 -0.145366779203458 0.0168022385190954 0.0466990190933011
-0.612999224484994 0.142291328411639 -0.123267734484773 -0.0351448674947534
-0.403183736761121 0.453920718706893 -0.0913513954390187 0.0746654773963936
-0.136677533153474 0.598329801832617 -0.0515977632322444 0.111291795125231
0.124392821455953 0.571577670832901 0.0316757848508991 0.10578443884171
0.290470606297207 0.4453293831809 0.0783656631328683 0.0305747178816579
0.343080501962389 0.419727851171918 0.079452015150241 0.0297218952897859
0.334621435673015 0.40496212554281 0.0763041388938338 0.0377584818102802
0.308200046801283 0.519533068529333 0.055059016372007 0.063142595681213
0.120398394764218 0.647793139434676 0.0398462907745216 0.0840170408115449
-0.131657657589785 0.642889457814691 0.00716186025155194 0.11941979043922
-0.502157746621057 0.489634061099031 -0.0534093479107066 0.11455247208188
-0.745955517296213 0.110061787846333 -0.0288348996015457 -0.0354714816950516
-0.694133891328255 -0.115850287471421 0.16855894650957 -0.139857471162116
-0.483699557031463 -0.223839791666323 0.116668438190352 0.336263385403102
-0.619906042263707 -0.0642116431880103 0.202050878046794 0.0992410629070982
-0.519431039171062 0.175088469551438 -0.0351908778760098 0.000229456492741007
-0.33107597200048 0.402032337411594 -0.0965370993801094 0.112469975856387
-0.11274127361638 0.519317948020875 -0.0597978952224405 0.241258365112082
0.107015963449176 0.497577926353211 0.088769571109655 0.273717335694471
0.252486952584516 0.394439945087351 0.184934001516812 0.198453477623033
0.290242862211437 0.376647161013833 0.201778881849805 0.182591383565331
0.275902225480787 0.369979016473381 0.196094047275618 0.175228919019265
0.232456035751355 0.455836568166187 0.149978703075 0.179088530549775
0.0579636514449041 0.52575421160554 0.0867692356510614 0.180597542782961
-0.140375690136081 0.473992638418937 0.0199975387368644 0.147638602051482
-0.372985451604288 0.353128565246169 0.000396698238220699 0.106599071857446
-0.575381816379248 0.100423266664286 0.0935436061824612 -0.0373691153575874
-0.581694224409313 -0.058118247425816 0.377014516845351 -0.0784595999941568
-0.362155229622714 -0.106894690523914 0.336464693561952 0.420226877157954
-0.41861669211666 0.0246751446678459 0.357319993302093 0.134438081245362
-0.303271663292206 0.159149281095336 0.0689232211781934 0.0369831711816362
-0.190544780210782 0.25099542639328 -0.0686598095436013 0.130887857609431
-0.0716854988733552 0.333943722786156 -0.0405029497459925 0.322509096566186
0.0693698860040556 0.331669383813507 0.14618567667287 0.38723025016871
0.170891964882898 0.27974032037485 0.269451368072314 0.33157207472979
0.19449332824622 0.279158637196173 0.2948173384315 0.3069789333248
0.177646632432373 0.282454172209538 0.275907223924005 0.287950764907792
0.125383141146359 0.327874979014706 0.198869411561987 0.273010261783438
-0.0163736927990009 0.334762832604952 0.093624163422003 0.2511068200115
-0.133009976046229 0.245333134824691 0.00504331734269962 0.156015253273697
-0.19977090136631 0.175742168136075 0.0278930583819857 0.0890534850298887
-0.338353337968124 0.0783862918704039 0.17477063230355 -0.0318595538108273
-0.398838151101228 0.00390243674363003 0.525184373300468 -0.0223055698414324
-0.168003958964079 0.0190906256089969 0.495389843957559 0.445480961663395
-0.132856451730462 0.0770708546598205 0.463806518116912 0.140015468329328
-0.042347250805779 0.0775159055404031 0.172307304298295 0.045518460749029
-0.049110090296771 0.0402282344094455 -0.0245354526292178 0.109623557707691
-0.0436752155818038 0.0968499759840477 -0.00740826152070516 0.336300080372177
0.00612007344308554 0.119806807283064 0.186028457915268 0.427473866143647
0.05576637592942 0.126045552636597 0.319550135991276 0.405183660707529
0.0704198522680498 0.140478121693631 0.34011370150702 0.383705465684243
0.0643445974999431 0.151336262910771 0.306772771516017 0.366557623648501
0.0237984468407912 0.154214779098049 0.204266374114458 0.336255606615725
-0.0561576923415298 0.115934833303598 0.0702554125208469 0.288552509804104
-0.0751857556569624 0.0291284431654718 -0.0215281158431379 0.141081421397438
-0.00498234172526188 0.0375391883127356 0.0432082437681476 0.0647643608845701
-0.089072898290233 0.0867935806996051 0.221189930415248 -0.0142471750396555
-0.185252010713378 0.0783990155641741 0.600842536510592 0.0263707016468697
-0.0470669781133195 -0.110146804324858 -0.640075210495256 -0.0572096319092024
-0.131511406275115 -0.105048734449939 -0.336433819618256 0.0821185080715171
-0.139313576122154 0.0302078056433431 -0.110415544492544 -0.00212897892635368
-0.0236335122909936 0.121659443380444 0.054512273824968 -0.0576056190347004
0.0379419890205242 0.0845244476292802 0.000301158133371257 -0.276627370457024
0.0634515324355987 0.0545877573827932 -0.178206206233367 -0.362130001906031
0.0625404346713525 0.0174679816208841 -0.322900396354153 -0.383052393495466
0.0665824542254668 0.0161995720643365 -0.380895893163937 -0.390277753863004
0.076945821539748 0.0192276529223792 -0.375006479994893 -0.395596375155008
0.0981226506454319 0.0782753169432532 -0.275262034647514 -0.379232628180179
0.0662406662444142 0.157947442674402 -0.126110735928495 -0.320019307181781
-0.041558193088466 0.204499944474052 -0.0615964248581412 -0.118726813925071
-0.226992486659601 0.0885563187130853 -0.220261806120767 -0.0581543606168953
-0.201593213409994 -0.115281794623845 -0.442345432049757 -0.153464002878374
-0.0798740522191187 -0.136099152219126 -0.582961742109015 -0.386782480717813
-0.223714995909643 -0.187102543842941 -0.613006701297001 -0.0512240009032933
-0.318523312039347 -0.131465176732773 -0.336416292913162 0.0312372202576339
-0.293021918426346 0.0574991179587704 -0.170332120381372 -0.00908284813518388
-0.137879475783786 0.243515999646673 0.0322049075515915 -0.0142114240189387
0.00407695059452352 0.269322761699699 0.0149808378552799 -0.223828034407647
0.11966740574974 0.240416506763605 -0.128483670579417 -0.322585881133536
0.179656990828073 0.17003732081289 -0.261163206752569 -0.362360333875572
0.208511842180291 0.170735285714889 -0.318437524004608 -0.350926375033651
0.211636731599554 0.173500787625953 -0.322245983048258 -0.33668514455523
0.21376402818556 0.27442650842396 -0.254300993171627 -0.303624279249218
0.103745018439655 0.396656438974645 -0.128952942254449 -0.244993134385967
-0.0950243633728725 0.440018354135645 -0.0727948229868758 -0.0496705346635859
-0.423015742798249 0.282037163711689 -0.232644505988847 0.0127801025711937
-0.513718058352501 -0.0547742113569366 -0.413895260903851 -0.105351795031821
-0.36929667704231 -0.179169645112956 -0.499398499957563 -0.337122862059289
-0.379249544137724 -0.256364755530254 -0.513071071907362 0.00254009999667049
-0.496198970044741 -0.154911786211649 -0.278943637016667 0.00186908180188447
-0.446209195640664 0.0808090367934357 -0.203992986734153 -0.0271248239556266
-0.262720483633947 0.350444207749414 -0.0108335712468694 0.0155587313625792
-0.0467995166782581 0.442353031823534 0.00306859952688893 -0.140714683203042
0.151316303758477 0.41305955056004 -0.0770023941719704 -0.225458843942402
0.267766949617104 0.308355920184851 -0.166682274384627 -0.278835146702538
0.318447470509017 0.298256905513915 -0.205417130373589 -0.260474126317324
0.318060301985114 0.295290336253506 -0.214522054041607 -0.234189176473165
0.313738058055672 0.418661010904454 -0.180088856903062 -0.191066375556902
0.156676157008619 0.577212927645623 -0.0952381898231345 -0.142794073015409
-0.10079523906231 0.625594617427989 -0.0550650254745911 0.019971088408235
-0.527384093477559 0.464410095195951 -0.194245173021336 0.0777673813454785
-0.729660304949036 0.0470594749304244 -0.322004506979451 -0.0541964732187678
-0.595910145652047 -0.170249477982515 -0.324116019101251 -0.270482775744872
-0.495913218771813 -0.2916444804116 -0.339160736661722 0.100208852809193
-0.643265844440954 -0.147399874064726 -0.153572028942248 0.00807953081422468
-0.571590399716681 0.126519137658185 -0.192365772611195 -0.0376222194884442
-0.356673648873125 0.445106397230153 -0.0563182645723322 0.0427801194023184
-0.0859413932770491 0.573248502950097 -0.0243289606807475 -0.0223052016527043
0.168274098404278 0.537577526980505 -0.022092338698399 -0.0739090288855912
0.318926516748579 0.402761226648106 -0.0501103960372716 -0.142544063874558
0.377656660883608 0.378867600049062 -0.0653289323999936 -0.128381679274735
0.373776323771555 0.369535052536768 -0.0712765057035963 -0.10498328926839
0.367617997587519 0.497498672929579 -0.0641457813628462 -0.0641154788699133
0.192076498679176 0.664900780988302 -0.0291136215672616 -0.027822274078698
-0.0844883653758294 0.709950669133596 -0.0182833195760784 0.0792365463714517
-0.539707306006712 0.562924972446793 -0.121734860297548 0.112866611215936
-0.811869952005389 0.133354629864728 -0.179743850695366 -0.031855360592007
-0.713646038936144 -0.130892629886338 -0.0906833790297171 -0.208554914932664
-0.544653879116279 -0.27410505398942 -0.108660259586346 0.223207712298118
-0.70670350570593 -0.0999197578596265 0.0237553186929958 0.0421685708869753
-0.614415829430408 0.181487093977926 -0.132872151222609 -0.0253634016455853
-0.378681005542374 0.487424917007189 -0.0872047193922613 0.0803901655772022
-0.0966905135033886 0.617799375692527 -0.0463182110251772 0.12114604393376
0.168439399140107 0.573127678112779 0.0410614407903294 0.106285957871807
0.325229323415194 0.431809930657149 0.0756745756697964 0.0233659109738463
0.376433919485461 0.401957134648114 0.0829010155194963 0.0238160811423476
0.367477751555106 0.387589888552647 0.0810012918914227 0.0333168168231945
0.352111093146018 0.507128277735994 0.0639795310902032 0.0608389553871965
0.170629995921926 0.648701746938768 0.0472907231401138 0.0834291730403753
-0.0882720900017492 0.658787509646954 0.0181205482641612 0.123678669252489
-0.474335749705006 0.530587380968607 -0.0441748523362973 0.120087265816754
-0.751006676444015 0.165923377370005 -0.0285772478875335 -0.0327838990312629
-0.707674673308712 -0.0771084059351774 0.156161649708822 -0.153495442230675
-0.507048847183587 -0.199425407987911 0.14280131919361 0.335421717464906
-0.634545131864081 -0.020517742518764 0.214178775629475 0.0824787070862323
-0.515851215364766 0.209450538362165 -0.0400044448545783 0.00520180352109885
-0.307635861380745 0.429275520899285 -0.0904911923193937 0.120534591573261
-0.0764823097266248 0.536136415665913 -0.0450132633820533 0.253731667670884
0.145590590482314 0.499232791140206 0.109916545137689 0.272361445993787
0.282090602505585 0.385075334853718 0.194526803771577 0.186593620832284
0.320549325519838 0.362178747513568 0.217911082539198 0.171132881487525
0.304027706076551 0.356714312644712 0.21218979351509 0.163977848152481
0.269595163879978 0.444780300726388 0.167475767278951 0.171376584959347
0.0982812582125574 0.529326675728409 0.1013440911551 0.17685259524697
-0.109297818453012 0.488931729537418 0.0324416634588102 0.151427127311475
-0.35387141298703 0.380140923833859 0.0123663434409909 0.109625004546006
-0.577522060275556 0.143189952666555 0.0955563654848951 -0.042436301562282
-0.588953845788477 -0.0226214191077255 0.370624601425366 -0.105655158050701
-0.376691179847062 -0.0871421073141998 0.371365547053941 0.407058652949331
-0.423585176595012 0.0558696714500379 0.373365291461405 0.10880397750063
-0.296003046815693 0.179548647018435 0.0701856636407816 0.0351210525210564
-0.176239066249479 0.266915271701488 -0.0606589218162259 0.137956720365131
-0.0491056522749863 0.344742788590849 -0.018921256730228 0.334388968861751
0.0948207658315239 0.334829546605211 0.174971044839098 0.383610503857929
0.192578543858037 0.273997430757096 0.291723913936754 0.315609224440943
0.217121490680519 0.270148199910287 0.31814642138239 0.291694341524978
0.200628213363234 0.274369374273248 0.300358752193696 0.273520586965948
0.151399770078608 0.323696273956795 0.223356750665059 0.261250016807635
0.00656005157544564 0.340991114485399 0.113626096757827 0.246962242848353
-0.118542327915393 0.256913387879596 0.0179094088828887 0.15968153315967
-0.189821621709132 0.187755369122813 0.0392257938960264 0.0898513217613324
-0.337044764365725 0.104461238637156 0.177333974842982 -0.0429948355121807
-0.401779996453259 0.0313338474596587 0.523844522125307 -0.0601453714264424
-0.169702675675438 0.0288784802446668 0.532498559223493 0.421389248553822
-0.130031891388922 0.0886599485486419 0.478577154373278 0.10739624925676
-0.0356687908698734 0.0803450869596589 0.177607371550818 0.0356154364316536
-0.0472912100283157 0.0442595075615275 -0.0168266416475244 0.11413656544885
-0.0372323469302396 0.102364251558413 0.0158950312283778 0.344788298028754
0.0146858630120684 0.123996283438602 0.217600099093999 0.420111289067863
0.0651532603255018 0.125597794834461 0.349008012777927 0.387108925028177
0.0819785380274758 0.13803028689052 0.371901129855257 0.368778675019914
0.0767929223699739 0.148810128157482 0.337984720010015 0.350690932310028
0.0358536198644311 0.153861699429041 0.230216759316799 0.32514042141892
-0.0498232782424114 0.123038133001447 0.0926657287391335 0.285027234549703
-0.0764883963827755 0.0338022049875371 -0.0103790778201478 0.145837867750655
-0.00184574826035491 0.0353087325226077 0.0527155298652157 0.065188023942884
-0.0825425806523186 0.0951239023281002 0.224924255096244 -0.0292059461335572
-0.181652042597537 0.0944380015143377 0.604389179918559 -0.0174552361845187
-0.0536147087679873 -0.10671382366385 -0.634090992282612 -0.0114385106105724
-0.138829906237205 -0.095363115802236 -0.323218310759307 0.104328040968173
-0.138262139434958 0.0383307497009779 -0.112698009213041 0.00561778793080099
-0.0150267803998771 0.122001759200125 0.0488389863007828 -0.0617535706245448
0.0427878768065745 0.0800130967971687 -0.0215348890424138 -0.272440594203741
0.0663525223445405 0.0472675521361871 -0.200753774571771 -0.343776851491734
0.0623561632566912 0.0112217707606839 -0.344346139577243 -0.355090621153454
0.0651668862707546 0.0108741183341822 -0.405615372339198 -0.361894749712696
0.0760594046625622 0.0133997881656172 -0.398727530182717 -0.364053118044567
0.102482820747094 0.0700294549063531 -0.297422154135109 -0.354681385142532
0.0784015606089485 0.15091779442936 -0.147020033252582 -0.305776303536263
-0.0245920965389712 0.2049964768995 -0.0675891883890103 -0.112978335817617
-0.219157169103244 0.105097069563861 -0.224964408405235 -0.0433675565219854
-0.208633994056542 -0.0998544077028582 -0.447573229563493 -0.119602463149859
-0.0859895291985534 -0.132414490239316 -0.597901167348162 -0.34378048348569
-0.233170909550117 -0.173021048670554 -0.607931191957848 -0.00878808502132244
-0.325110186021234 -0.109615666247742 -0.326030956072654 0.0531034613616382
-0.288633320295049 0.0750133320489653 -0.173717954396398 0.00441743485973059
-0.119508691999226 0.248446199973074 0.030058388502719 -0.0181278322477981
0.0236284311291112 0.264992512802147 -0.00262677867378822 -0.22088842537656
0.135542949772641 0.226479670213463 -0.149077904201881 -0.308306930025607
0.188124180945708 0.154856168842474 -0.283921771773583 -0.3394873934187
0.216822721410238 0.153661091850491 -0.338905144147568 -0.325624555095663
0.219305518508283 0.158475300088736 -0.341269168735253 -0.31189914973014
0.230126773106278 0.255608575779332 -0.269549694430807 -0.280798494636521
0.133655925009064 0.383245557246749 -0.144654029091186 -0.231404989223015
-0.0613078497599555 0.440172504369007 -0.0728037834708965 -0.0424133643844559
-0.400010980811061 0.31037045905836 -0.231083563290341 0.0276082025473276
-0.513834635974659 -0.0182729412210977 -0.418261116045559 -0.0724243017226577
-0.373882675944299 -0.157079862734749 -0.513187084909332 -0.298059674362772
-0.394233781494014 -0.232036491258866 -0.503756800429732 0.0354571583369946
-0.502016199171701 -0.119555062953674 -0.271627447524612 0.0172228067432109
-0.439512399565284 0.107131187234409 -0.209446568936343 -0.0105203559736092
-0.236073436722567 0.362648588813543 -0.0099842254438647 0.0133521525859982
-0.0151366295130175 0.43954202941022 -0.0089105810918509 -0.135405874430752
0.181338101787998 0.396971509241088 -0.0905991001298883 -0.215862773861219
0.283990042401512 0.286980805102768 -0.187233557709758 -0.2629003029798
0.335188664075805 0.273618139265378 -0.221721501871401 -0.245756074964153
0.332455141202686 0.26962103086 -0.22743840988451 -0.216583928660606
0.340023425202037 0.391084780048925 -0.187739808478115 -0.175583408114369
0.197935952314707 0.55927384324575 -0.103936730930257 -0.132522088833927
-0.0541771662945961 0.625472276535233 -0.049963950927795 0.0255643662477071
-0.488640945567945 0.494923995250003 -0.18685593237112 0.0892197234867478
-0.721001740793289 0.0976439135748099 -0.321661966675378 -0.0303853381070514
-0.59531919348818 -0.133876930548135 -0.340268744689449 -0.245576980225019
-0.510582986626634 -0.260722864985263 -0.325512867287029 0.12188647573712
-0.64725490866544 -0.100585749776547 -0.147395995075577 0.0137588911126687
-0.562211294004988 0.159623666651129 -0.197924016078256 -0.0206050846730289
-0.323331344982908 0.463458796835702 -0.052524645695566 0.0437109025718984
-0.0441053987634245 0.572736007325115 -0.0275871079119856 -0.016192742312922
0.205849397225952 0.518462025379843 -0.0250211672833861 -0.0700874144827056
0.341471078026954 0.378511735605347 -0.0645087288283952 -0.137438239734869
0.399076211124315 0.348768380810481 -0.0740927756464641 -0.124290906070192
0.393135355705504 0.340094316248558 -0.0768586176192654 -0.0992461365033418
0.399173005037376 0.466607633489688 -0.0641987031355523 -0.058532393401111
0.238350277988695 0.645299859860357 -0.0297466836425444 -0.0241181956294103
-0.035087052609255 0.706870553510658 -0.0085301417589425 0.0819643368523862
-0.495415736239986 0.59267818480353 -0.109974681228305 0.119754109580172
-0.796541461470539 0.189908610054222 -0.177198283600715 -0.0177934302967288
-0.709222833848077 -0.0850501652574951 -0.105867766699914 -0.199294332037282
-0.560175352267935 -0.239500782888487 -0.0900307534563746 0.227608513683255
-0.706746110859539 -0.0493818500506894 0.0293572278768281 0.0345262052312629
-0.596750346653659 0.217409482856888 -0.137536450543358 -0.0130519737108773
-0.341548281340991 0.505130625308921 -0.0803815961876892 0.0830334715482288
-0.0509891787955597 0.617695571507702 -0.0389232966223307 0.127376391866895
0.209300877566774 0.554835214837103 0.0496936779757358 0.103518841737111
0.349739405439336 0.406414031220136 0.0698434416387399 0.0182584100012048
0.400209321679247 0.370253382358225 0.0837319327225123 0.0166680655362672
0.388176803981968 0.359464004313965 0.0838329168342247 0.0270725485088689
0.384526422859499 0.474291452638361 0.0711497016961702 0.0551261448222829
0.216317469351177 0.62874990364156 0.0539019583317584 0.0795421353076627
-0.0401605586476917 0.656546490809604 0.0304477058911854 0.1239813654768
-0.432374968835729 0.555923378337136 -0.03161849335691 0.121578647248942
-0.733083621238565 0.218506515261005 -0.0272563034299878 -0.0300709467176926
-0.698858272409441 -0.0336738619925102 0.13865518845652 -0.160934913409366
-0.517163893030726 -0.16837158154022 0.165627626686705 0.322270935530206
-0.629100936686078 0.0248860247464892 0.218260812691831 0.0621409007128503
-0.496439290021604 0.239862682136117 -0.0418082696291103 0.0110408154342794
-0.275932457396028 0.443616976563151 -0.0802456442695033 0.123837998230678
-0.0365984180594117 0.535170154034719 -0.0271286140940348 0.258696182916408
0.181857522927893 0.48462495872374 0.129343760093806 0.262398665213651
0.305698126785703 0.362829587017333 0.199119223446067 0.171582109021226
0.343132573628123 0.336186228835967 0.227011700876037 0.153883168525676
0.32611058020952 0.331185439574399 0.223030028897011 0.146741058388944
0.298340323216142 0.420553428657137 0.180440222381058 0.155987875780381
0.135449184647112 0.516887446909151 0.114285648741467 0.168612362952305
-0.0750984242576918 0.489195889225226 0.0462529750156748 0.150090104515319
-0.323930918497248 0.397517678713244 0.0244892748380507 0.107258741716946
-0.561572200965671 0.184291852258793 0.0944129627658483 -0.0487217741496414
-0.580177321055452 0.0140410806971919 0.352811857020457 -0.128226814674333
-0.379159660803954 -0.0642715260058513 0.396167465058782 0.378580672403182
-0.414259961807688 0.0859030411204387 0.37579842370498 0.0785082577047309
-0.280589878971374 0.194611505107964 0.0710590670029761 0.0323132679642195
-0.155619118614441 0.274605815507654 -0.0500251513439644 0.140288852781508
-0.0236040127261578 0.344784603176296 0.00541890292078963 0.335266895502598
0.119040628234391 0.325590383639378 0.200218973140103 0.366640123595464
0.209192373910189 0.259999384739306 0.305172301889139 0.292255424632924
0.234024640559329 0.25266148294545 0.335559592268803 0.267409074535514
0.21745864988138 0.257697607205798 0.31823996770375 0.24961487667788
0.174001979052604 0.308007032221251 0.239955968218991 0.24056728374989
0.0309192810769646 0.337366342683364 0.131228079514278 0.235510945691295
-0.10067812863882 0.261085151007812 0.0316087475554751 0.158541873459532
-0.173643564026086 0.194990807177263 0.0506056647196309 0.0869677436343141
-0.325529721160215 0.127681786232684 0.174383697772723 -0.0548518570499735
-0.391351125639246 0.0566443921104656 0.505238644006263 -0.0943500316861401
-0.166875385804804 0.0395613980043397 0.553532828073616 0.383906492245473
-0.121826275158074 0.098390556488717 0.47799215442062 0.0729835807774986
-0.0288343056568275 0.0796306086364691 0.179528335244676 0.0232813648896151
-0.0444643015889828 0.0459942550852997 -0.00778354870903993 0.115182678005342
-0.0292710416787763 0.104050393781802 0.0401097207845268 0.342204342242654
0.0243144004147758 0.123807149682448 0.243817508186902 0.40174169320832
0.0741298752285821 0.122027381896297 0.367882272856004 0.358863064936383
0.0916501198699192 0.130732075947935 0.393346946755583 0.339561254188989
0.0870142436138508 0.141182194909792 0.358714299214677 0.324511133867575
0.0466008722569211 0.148693927916551 0.251298265949979 0.303335939660951
-0.041645675259116 0.125551199170725 0.113248169415933 0.274142926919677
-0.0747919781221035 0.0379678582479135 0.00147253777238322 0.146078055441394
0.00162363348219909 0.0322030422831307 0.0616623608120053 0.0611931582316453
-0.0741898806105592 0.101243607840952 0.221508644370468 -0.0445769316320009
-0.172090446405627 0.107771204918053 0.589681819661436 -0.059099616701491
-0.0571515758063023 -0.102618691706287 -0.61418387438613 0.0196894169555058
-0.14199062010215 -0.0862805479453189 -0.303870479319972 0.116607102241245
-0.13437534323351 0.0446458881512912 -0.112635566407559 0.0126529366044916
-0.00793938838439855 0.118724217050443 0.0432978090765966 -0.0631545009019803
0.0454085858446767 0.0748755160662317 -0.0372468106900734 -0.261683113465193
0.0665305860593624 0.0394453747254285 -0.213416967326485 -0.322623180052158
0.0601820428250607 0.00683604720255793 -0.351395516321461 -0.325013566420032
0.0621782938090215 0.00725545085596994 -0.412551097085027 -0.329783185173973
0.072513741234517 0.009645446912557 -0.406726997073177 -0.33476801532674
0.102704735371178 0.0622340387462185 -0.306008375873081 -0.328470747903539
0.0860473146763792 0.140959367257943 -0.158026974155103 -0.287197339313915
-0.0112190610111399 0.200072574543932 -0.0695580438921843 -0.105524120597418
-0.207831695616293 0.11480480101754 -0.223318710003945 -0.0311237346886123
-0.208356327825024 -0.0870246057325379 -0.443411210856661 -0.091602223250622
-0.0891074616290488 -0.128428238692328 -0.593200522307787 -0.304889192138581
-0.236282980347821 -0.159505446890818 -0.586837673535505 0.0226544927543656
-0.322671155563463 -0.0895657764280289 -0.310385031661851 0.0645906778266973
-0.280098774695001 0.0855562194907281 -0.172440320219879 0.0156716678244254
-0.102701510488077 0.246305440355027 0.0272407254158308 -0.0209192129854051
0.0369392590710158 0.255460292186831 -0.0161319490573673 -0.211908304220329
0.143855110812597 0.210902887172607 -0.160170054481283 -0.289915240360848
0.189192680701061 0.140442598218901 -0.294366554650541 -0.311720215556409
0.216802454659858 0.137579753003247 -0.348013190833014 -0.30250076574576
0.218605379851735 0.143524751740977 -0.347787879586728 -0.286454700609219
0.236397652601659 0.235373247319311 -0.274214482371816 -0.258553521814717
0.151285276042222 0.365512924080613 -0.151606973487605 -0.215667001155125
-0.0353771274589309 0.430726655708141 -0.0700026566753661 -0.0365540447478544
-0.372564497808 0.321842058453958 -0.22455068619519 0.0379793015119458
-0.500971994493034 0.00884852360307131 -0.409892789775754 -0.0481005853874708
-0.368651183864408 -0.140275312588508 -0.509933163910897 -0.264604780021275
-0.394808309983723 -0.210016989746611 -0.485666487787217 0.0598360970962173
-0.494401866695529 -0.0899290764718461 -0.259187555055071 0.0265790284345601
-0.425660909255705 0.123000627467189 -0.208059030509955 0.00372930213338677
-0.2102660791739 0.362181057179878 -0.0103768545793698 0.0114393553374033
0.00914154392058737 0.425399006604142 -0.0174302750642643 -0.128351146020006
0.196706963548303 0.373008892837299 -0.0987540498045429 -0.203923640555339
0.289493964753916 0.265094487631512 -0.197986610119069 -0.243919517665537
0.338542334884474 0.24857836968319 -0.230175763024711 -0.228445589527928
0.333740969956072 0.247750747549869 -0.231476574743694 -0.200229813943535
0.349888965652733 0.363721999227888 -0.187536710574151 -0.160277800473544
0.224039628768845 0.533681155216493 -0.10662831894038 -0.121928767500079
-0.0183949954534084 0.608596340726638 -0.0430509825325849 0.0294169372001962
-0.452760131467165 0.507111575132073 -0.176306405425743 0.095720930902025
-0.697223364534064 0.133941817367426 -0.311553746058273 -0.0122731752873178
-0.581400608561353 -0.10785920058386 -0.341826813489299 -0.220517091262636
-0.512352541810107 -0.23250585960367 -0.307562441324787 0.13365156841747
-0.633579448575802 -0.0631631550709857 -0.140198119723966 0.015694764153713
-0.539698065715922 0.179477218811876 -0.197397823689193 -0.0057739500156709
-0.292318977408363 0.463247486738385 -0.0499330496065206 0.0422859132749908
-0.0123950664760921 0.558255080891192 -0.0287844153946083 -0.00988725039539715
0.228772285835205 0.492286849923994 -0.0262880437580723 -0.0661561493616417
0.350299911402351 0.350337419910308 -0.0737940152335163 -0.128538488632983
0.405195118867341 0.317977745221752 -0.0789856278419951 -0.118752780327169
0.396621570881077 0.310976970984012 -0.078149183295635 -0.0935008535939665
0.412503041095819 0.433239795199388 -0.0615206210677941 -0.0543484871070276
0.26856831997087 0.615065000513183 -0.0291942957176959 -0.0204643726019466
0.00282973171408574 0.686138371732507 0.000769219427345779 0.082285582558546
-0.452077590140105 0.601596920788157 -0.0984533692459636 0.12176945423009
-0.765195934036216 0.227156953068511 -0.17029535119735 -0.00767811121599542
-0.690795414365598 -0.0551188038927569 -0.114652177478662 -0.186281875026947
-0.558468655078407 -0.209573858105301 -0.0740415533820328 0.224343211728312
-0.689635188095986 -0.00853832598352053 0.0314970905462609 0.0270541798050731
-0.572646874646998 0.236278932492468 -0.137136336734742 -0.00143411415865481
-0.307485014665754 0.506924748287123 -0.0749665882728917 0.0822160986582491
-0.0171139204887212 0.603247092621672 -0.031284898432768 0.13077104417308
0.233811805003783 0.528294638788441 0.0561758632989986 0.0982425517428159
0.360218051621268 0.379381699008572 0.0634226603089443 0.0156567245160062
0.407595434120153 0.340564241228034 0.0814437698527132 0.0106988593743028
0.395076973552897 0.330213889945283 0.0847037081378219 0.0205363854142589
0.397866063653908 0.442544841474121 0.0755672638167272 0.0484875885587561
0.244405987489603 0.600314968883478 0.0583901570357081 0.0755668390041702
-0.00886572139230478 0.639622116889162 0.0409262722808618 0.121590632584148
-0.392968554748223 0.561192771941982 -0.0200610184582576 0.119002279915138
-0.702898608246294 0.252880155131345 -0.0240334844511236 -0.0275969907708208
-0.676075311424209 -0.00345578031529499 0.122852432703073 -0.161812367399925
-0.513413994713339 -0.141096784921361 0.17830578568081 0.30467393464838
-0.610212782454859 0.0592976988564573 0.214923912229399 0.0447400979708332
-0.473431391855712 0.254616997331219 -0.0417370884199687 0.0164004649472226
-0.247028515902179 0.44430238031011 -0.0722896759828871 0.12237596497166
-0.00702064523252388 0.521482939014488 -0.0127358449517159 0.256409127365502
0.203518332352037 0.462837758234642 0.141129886948046 0.248258302913533
0.315666919634673 0.341014428163295 0.19684235411097 0.158503132584147
0.350003891981753 0.309381564499007 0.228928880272292 0.138073999967982
0.332463882401012 0.307178966298858 0.225285577912134 0.130053783708591
0.313841571092794 0.393377420471272 0.186287771697296 0.140513987689005
0.159171541625768 0.495958735622169 0.121374163752685 0.157998074744445
-0.0496755370809636 0.477077694311326 0.0567171051119257 0.14535017380421
-0.292507806477616 0.399869307911504 0.0341761742408829 0.102015571882185
-0.53640191737612 0.208116761880402 0.092104370950854 -0.051829557444927
-0.558951196005598 0.038316738145567 0.330710023159873 -0.139938210946857
-0.374969454947331 -0.0452616492772184 0.402150172932906 0.349811644703699
-0.397253574886041 0.108271446846736 0.366860450762273 0.0547248417713635
-0.26337412302918 0.201361577625477 0.0703909163874704 0.0301036156313952
-0.138523689575589 0.273406134330332 -0.0405389196631456 0.1380952076647
-0.00335445492399565 0.337109059305326 0.0232914311786561 0.328358829024666
0.134195583319592 0.312241688319619 0.214183386059106 0.34678678946811
0.216998808603408 0.244281664972331 0.305817266323427 0.269501602000771
0.241075640382996 0.233612176689934 0.340450948779486 0.244142295948084
0.224647441633616 0.239723858670848 0.322860828590363 0.225165683306484
0.185711812439802 0.289960385846982 0.24801759361126 0.220473649297136
0.0480428701295252 0.326872797705299 0.141498191608809 0.221002289623891
-0.0868370302715501 0.258246583874906 0.0413693389199225 0.153936957718103
-0.15867588955362 0.195130650117383 0.0590508948840975 0.0805701030426942
-0.30866498425372 0.142612179552197 0.168114048888151 -0.062472666649159
-0.373881649517398 0.0740885336182291 0.480625082120304 -0.114179767171763
-0.161048039859687 0.0460913584677775 0.556931896353662 0.347965368180755
-0.112360514843298 0.103618583057751 0.465439164972882 0.0457903775082613
-0.0229937756979543 0.0772814424099799 0.177023391264109 0.014591498474192
-0.0421349919404099 0.0465233966593739 -0.000855512191218612 0.112064592169054
-0.0221856488220323 0.103674782518051 0.0582482205435398 0.332611384991681
0.031280581479219 0.121077580719313 0.257197258111952 0.377896992093195
0.0785402176967776 0.116056258033784 0.37344484044068 0.330857145683989
0.0971527741992312 0.122909306252682 0.401710051981003 0.312292903346435
0.0927199267503598 0.131976296759026 0.365386756193062 0.295024171094294
0.0537478642000401 0.141373975777388 0.260505616905858 0.278801876200373
-0.0339571120027838 0.124801113911242 0.125629089290818 0.257578127105752
-0.0726795978505199 0.0410836466783381 0.0104774315190228 0.141965794954162
0.0035727034529048 0.0282467291776736 0.0679477859845153 0.0557247497528523
-0.0660573715815205 0.10360157074036 0.212612553113104 -0.0550316516150461
-0.159888729847533 0.115887504961454 0.562108990532941 -0.0858866190703471
-0.00665447634914111 -0.118322582096051 -0.566292512214607 -0.216217506945897
-0.0894856545814559 -0.135908492618699 -0.320754317547215 -0.00810500874831523
-0.140433072691606 -0.0157282965087181 -0.107983404929043 -0.024760649315086
-0.0551596787704994 0.100828078024904 0.0695195413130489 -0.0385395544797165
0.00884893242138326 0.0859566054051786 0.0710265163480039 -0.249918678460103
0.0438004754865962 0.0599377096201565 -0.0611448026349252 -0.370229994118837
0.0499795383879947 0.0273324458488031 -0.185107874089473 -0.429843074860518
0.0506773927065484 0.0296879431695208 -0.239931772865659 -0.456493485812262
0.0556660443947923 0.0361707667323613 -0.231846551378966 -0.454801929967565
0.0658339049590708 0.0943777071561655 -0.145111154542334 -0.410415034934987
0.0233728682220088 0.157670935819663 -0.0263774284250243 -0.314110456576062
-0.0847976660476646 0.176214730629995 -0.0217451444847814 -0.119674113084236
-0.235961019100672 0.0334397350143195 -0.192568916312968 -0.118807506847598
-0.163927809234762 -0.150623873140605 -0.361966039493542 -0.260404476792964
-0.0440452842805912 -0.15433287155586 -0.399703529567666 -0.509156729549738
-0.14545782074721 -0.250333032326354 -0.544883623500314 -0.18139464491605
-0.2467121861262 -0.213794555455375 -0.306102276492724 -0.0483128511222713
-0.28830660857022 -0.0396410747922341 -0.162132391181941 -0.0348732795794149
-0.191483775075446 0.172317398867416 0.0445810435170861 0.000363493686660905
-0.0716406522699008 0.241702187436243 0.0802319136961742 -0.192718061963695
0.04482587665326 0.242359407759589 -0.019177932810107 -0.320105678274998
0.111073248799565 0.196663056206035 -0.136733505974156 -0.394843688682901
0.139318324798856 0.207066876556792 -0.193433504748383 -0.407367870515816
0.136390679044875 0.212896724160355 -0.200657796961028 -0.387891295456512
0.120985091641481 0.299211847037146 -0.144759038642548 -0.333032481663808
-0.000498973121762343 0.385586036364056 -0.0493908920896988 -0.245318844909386
-0.192327084533481 0.373253476339113 -0.0521741410776163 -0.0551734276986678
-0.462326895114572 0.164618588881404 -0.225466555266288 -0.0585851119038015
-0.462840423542208 -0.167142697490261 -0.355968162413473 -0.219646212327922
-0.293421818750202 -0.264351071774605 -0.337502845065018 -0.453089865453113
-0.268646924476989 -0.367223806004167 -0.47098012854132 -0.0907489552744585
-0.396620443148256 -0.284985073495496 -0.247018075171924 -0.0549984156918873
-0.432979126036642 -0.06673428980935 -0.189027280503092 -0.0492238804996964
-0.334229750798652 0.228137275582356 0.00263750365771837 0.0232680930017122
-0.165616064920839 0.3804102337898 0.0538283612447494 -0.113523694662018
0.0262903537002601 0.407571986817316 0.0102559014581007 -0.216081789320384
0.149703363195335 0.34705257592028 -0.0759070459204281 -0.295015462402686
0.205352494028561 0.35250973239876 -0.116777634571703 -0.296406052307491
0.201697108051478 0.351540319020595 -0.130669554124777 -0.263290351355727
0.176848879777268 0.456705675494411 -0.106627124313983 -0.209472638862478
0.00412878331278835 0.562685961313319 -0.0465632902486459 -0.143210806873736
-0.245689069913234 0.539659464013436 -0.0552763054787469 0.0162890690469767
-0.600371378586186 0.305667953211094 -0.20670693007932 0.0121099443568988
-0.681299182785063 -0.122563420460451 -0.288132620597319 -0.158573832537162
-0.497666969209025 -0.310996864097747 -0.203845393841183 -0.357925478684562
-0.365265910828171 -0.439472819858117 -0.340929650002344 0.0589625738070298
-0.530930709833915 -0.319078706358016 -0.135634025778188 -0.0112072013841036
-0.558566472291595 -0.0638546902139901 -0.171821637610182 -0.0451205284128681
-0.445271525259206 0.283303686851335 -0.0407510032394689 0.0414768127396932
-0.236499607535868 0.487350697730287 0.00353816377461155 -0.00912107888164789
0.00834890689097725 0.525162812490522 0.0257836264384667 -0.0632278490124763
0.169514277945884 0.448664899518114 -0.00970497395485955 -0.141956900060229
0.240435643244092 0.443353413586875 -0.0253662843528953 -0.140103311047743
0.23557078338528 0.432912275410523 -0.0362576387683697 -0.107732067090453
0.206332375101818 0.540805274854498 -0.0350177599110586 -0.0633355965230317
0.0150940827013701 0.654284106338226 -0.0171365296581072 -0.0215842790896105
-0.254990257048802 0.618572377635689 -0.0376981119656796 0.0826373608411198
-0.632816407709396 0.390413314912145 -0.147549339487247 0.0659799180422576
-0.775909393839369 -0.0633332627116047 -0.167504154874515 -0.102845054587097
-0.611453837425774 -0.301289821256736 -0.0164743156398057 -0.24393079379534
-0.417403540271165 -0.43775877984059 -0.164454840536311 0.237124395023941
-0.602799947383518 -0.294578775724046 0.0155281426889106 0.0707020746813161
-0.610201239564798 -0.0270834736567727 -0.114858346520739 -0.0144882693116836
-0.478732133261826 0.314776614267108 -0.0764231468633329 0.0694798133536335
-0.258207913550381 0.52207745426757 -0.0515453483210185 0.11693272089239
-0.00123779846727703 0.558825419492543 0.0358320555638091 0.116629008056006
0.167421911774807 0.478282746180389 0.0565217260652001 0.0418169468280448
0.233894038209577 0.465348725416549 0.0682049967154254 0.0387380349395364
0.228139869729283 0.449849826250297 0.0646453601371115 0.0577409206044686
0.193248842750681 0.543876849283036 0.0471475746396373 0.0823382779806975
-0.000100862084899419 0.633443044667141 0.0223694355485329 0.0966279688010858
-0.245469490888987 0.571638369209185 -0.0171256906700605 0.132517031416491
-0.562482520247428 0.373176984173843 -0.074957224229585 0.0945818699341683
-0.726920001040344 -0.0185505810751151 -0.0294843205411035 -0.0630551976096187
-0.613696329077959 -0.248752818907743 0.182789184949217 -0.128148175250758
-0.407319715566369 -0.355115225125769 0.035464068865667 0.403036479302692
-0.560589556450131 -0.201179070492577 0.175281550357934 0.155472313387553
-0.527253005854336 0.0299021889931339 -0.0328189762485678 0.0334243820729126
-0.398874194739384 0.284525791851692 -0.0919869954676734 0.102825878832464
-0.216388981198126 0.455078716795902 -0.0875100690742549 0.236515150183291
-0.00303733625072601 0.490514748645282 0.0492926013234185 0.283062415361151
0.143393174272788 0.426546208213551 0.117725644427002 0.221926812875788
0.195257027963202 0.415197065722601 0.150420682837099 0.211264630516725
0.181645752084455 0.404403461278912 0.14758942781056 0.209163310184107
0.13679399284231 0.467811348664729 0.110397251323817 0.205623264443135
-0.0358615976591438 0.506665380819056 0.0462188456498871 0.192807212142142
-0.224256367159761 0.411421526712963 -0.0108168765489672 0.158343392253741
-0.412822667879241 0.259411364506179 -0.0152232989090775 0.101921472181941
-0.557516761737394 -0.000847769742724342 0.0881440923230446 -0.0335585882553937
-0.517349310756719 -0.166733316422106 0.354457325020958 -0.0226941290746575
-0.322138774775767 -0.206207806241178 0.224612931308123 0.516424539891453
-0.395126779582482 -0.0694378704175527 0.309830424991064 0.214485208234356
-0.316709060983159 0.0689417754803373 0.0625686203487924 0.0759142723212458
-0.234910949677669 0.180441763946871 -0.0775739940968613 0.121276583088464
-0.139090809020034 0.2923993243291 -0.0915200988898123 0.311068823494057
-0.00539474503289346 0.329078750749584 0.0669462924182176 0.398122219648915
0.095504321812699 0.302715004321543 0.16914422906029 0.366049183938076
0.12715568806564 0.304429571300686 0.20994381479419 0.351578358693077
0.113136419340628 0.301033625038716 0.197315738994457 0.330975481046087
0.0624148753226314 0.32671228457139 0.134753021433715 0.29784545628647
-0.0736338801088999 0.312578110480095 0.0396405310568282 0.253590043145425
-0.174591480995765 0.19934628941638 -0.0257968594581189 0.156890659190268
-0.213931730152001 0.119533881174503 0.0205629352214051 0.0937071594468956
-0.327236169114356 0.0193175755730291 0.164663469124295 -0.0051109319134175
-0.359380436102439 -0.0672270330446658 0.473272743730445 0.0663864920846421
-0.167312973430018 -0.0283452405627543 0.367072717239894 0.55427199422983
-0.142446132271178 0.0454125801792941 0.401974745817204 0.231116481636294
-0.0507037676287835 0.0574675311384591 0.159204361551414 0.0861779154137374
-0.0565197138542624 0.0220406999850403 -0.0420713216994705 0.104543487063979
-0.0612829674297257 0.0793191836905005 -0.0742350393623494 0.324812541666746
-0.0204637578615752 0.119599464512425 0.0862250582528464 0.441700560943339
0.0239561070880035 0.13521080072223 0.203463757373001 0.445091471907173
0.0416069889011984 0.149259743075954 0.238509755027818 0.437023066817866
0.036702801851689 0.153640179657064 0.209560633025773 0.407299536712659
-0.00113487155868935 0.144725743060617 0.123712592528812 0.352895849330945
-0.0744271078351617 0.100640473137054 0.0115470098737222 0.277407523686483
-0.0812796192949842 0.0100324753264943 -0.0465060846056065 0.131285150216581
-0.00478871876340367 0.0243286413655617 0.042981343863877 0.07725699636432
-0.093308895799994 0.0697591802223217 0.205596040035575 0.0294735199948797
-0.177664656959173 0.0495281544044907 0.529850749158184 0.132979936077505
-0.00864563295336611 -0.118718876998267 -0.562342456303984 -0.199194164817478
-0.0942008469900852 -0.13328179316346 -0.312577650165217 -0.00119572375879287
-0.142917002519312 -0.0119930278714976 -0.111355243726786 -0.0205849693483324
-0.0513009141815353 0.101692822712682 0.0664055848137339 -0.040933058944245
0.011524569378908 0.0859156608111663 0.0607214687352769 -0.248356490609885
0.0448956935282389 0.056250136639901 -0.0721136346747397 -0.36325245617004
0.0489991970934329 0.023967657566863 -0.193758947392731 -0.418751656475752
0.0491450338458611 0.0279925404923297 -0.250877201707893 -0.44764832966079
0.0539180518658086 0.0347741389323346 -0.240893997307058 -0.446864291800204
0.0669432937885437 0.0912643518326828 -0.153984309339934 -0.402693912830318
0.029391893343902 0.155500327462904 -0.0339470835627608 -0.309261584096637
-0.0778020106210457 0.176416485136347 -0.0226806317607734 -0.117523838662435
-0.235126983854403 0.040152658155159 -0.19683542510403 -0.113279684403124
-0.167837292377556 -0.147169929330738 -0.364327088668228 -0.24696021982445
-0.0465097407036734 -0.15535103801194 -0.405301368840599 -0.497124901645835
-0.150000745382643 -0.246589456198514 -0.540687787122054 -0.167487895129881
-0.251183479286516 -0.206899483411908 -0.300359967956792 -0.0422885037196238
-0.290224219741419 -0.033348277394491 -0.165655100469864 -0.0280788165409144
-0.184839824679605 0.175267379743509 0.0428187228175541 -0.00140556509500337
-0.0634115531712208 0.242008787170458 0.0709615138816349 -0.190964576254461
0.0518786105917265 0.237361041749723 -0.0281324375458567 -0.315145622615053
0.114039123175182 0.191508795373973 -0.146048335945706 -0.385064590977963
0.142759325929506 0.202181534049033 -0.202629204441739 -0.400452087237635
0.137377377878268 0.209312127796991 -0.208871368991819 -0.379474784263545
0.127160779794928 0.294352826963631 -0.149735420040143 -0.325426660336208
0.0126760568542623 0.381632719922384 -0.0552599493090508 -0.239834419205101
-0.179543926198416 0.375868689522824 -0.0493419632008482 -0.0522425410729395
-0.455565011832634 0.176784458745231 -0.225710905797859 -0.0526351283450543
-0.46499222667484 -0.153582832813981 -0.357503448104976 -0.20734474604222
-0.295130593736234 -0.260593284668599 -0.342778474039767 -0.441796643627137
-0.275488225994346 -0.359590160565879 -0.464541232344892 -0.0783308171892346
-0.401812984889943 -0.273076704068396 -0.241846758423251 -0.0518628445335528
-0.434846321814296 -0.0565812130880401 -0.191801651246183 -0.0408112119500708
-0.325441833795609 0.233731258369513 0.00175919921459459 0.020496138443559
-0.153004357186361 0.38180634566195 0.0477725971821812 -0.109980749766736
0.0387966758385382 0.401469768876999 0.00475949227471552 -0.212947538332673
0.158224685040896 0.342018380886051 -0.0848413167872236 -0.289346381090504
0.213473990266593 0.345291407449968 -0.125057301885246 -0.293404852920115
0.206483204246943 0.346883436651401 -0.134968159996991 -0.258861782997374
0.18728333570293 0.448646983660766 -0.107963010331322 -0.204424599015838
0.0226688929650673 0.5591655395533 -0.0494276226660429 -0.138289210488561
-0.228842439870695 0.540327381203995 -0.0500444384505084 0.0203954741467058
-0.589592742897117 0.318608680810481 -0.204289339014849 0.0169390415961205
-0.682469501799367 -0.103379415248729 -0.287895354411307 -0.150107264337833
-0.497605803363518 -0.30274241908463 -0.210087505498213 -0.349949872893792
-0.373514273896119 -0.429917644652949 -0.333604729097214 0.0657547699631146
-0.535121873719241 -0.302738237745828 -0.131252706085875 -0.0115110411298433
-0.561087694208735 -0.0524981652370167 -0.174091016330615 -0.0376346209222243
-0.438415655936719 0.291370714141143 -0.0406893633399866 0.0391450798547833
-0.221134476385072 0.490800608733969 0.000997836381236156 -0.00460373722778767
0.0243354841633893 0.519406911033081 0.0250996040184693 -0.062324447922671
0.178205918496894 0.443792609342507 -0.016345055072008 -0.138886368278571
0.249138294603135 0.434021971169665 -0.0296832048254089 -0.140169664041655
0.241582013789971 0.426847570133295 -0.0370652448195796 -0.107725254239458
0.220259008437932 0.531669690040872 -0.0325161897886366 -0.0620229943729536
0.035136586403228 0.650360191618633 -0.0171524111452063 -0.0190917595275701
-0.237110169192302 0.620967755499486 -0.0310027809153052 0.0849484094613421
-0.618742094578617 0.402822037565367 -0.141988102779407 0.0695926627429948
-0.774426128631074 -0.0407610055714572 -0.165094723939019 -0.0970380813598111
-0.608511842045659 -0.28963689229343 -0.0233244754510056 -0.241061948965523
-0.426445677829385 -0.424645368307255 -0.155365373879202 0.238280186037827
-0.605236706946632 -0.273539570674957 0.01911373306996 0.0649684190119751
-0.610089032072883 -0.0137608062416301 -0.115988819900711 -0.00882441900342395
-0.470488230352289 0.322992990868281 -0.0749463804312513 0.067042273715278
-0.242108729857763 0.526620105653129 -0.0493630412463891 0.121872103897283
0.0149808906891863 0.555099245709996 0.0403631962312444 0.114974387423892
0.178884239943291 0.47289004762865 0.0530346262952887 0.0409872849103457
0.245049951207759 0.455824348939956 0.0683240336900018 0.0360453685675914
0.237464327181114 0.445179180392394 0.0669902746402156 0.0532260180037715
0.206802013345031 0.536297418648265 0.0531620420789699 0.0794629411518235
0.0208202966674313 0.630981603062071 0.0266314441916579 0.0972777895237145
-0.229477178269958 0.573155698578701 -0.00848353062923075 0.134489507070582
-0.549564919217514 0.383519191484633 -0.0672535578939524 0.0954615806507592
-0.721773766360527 0.00212170979262452 -0.0276159838768512 -0.0613780028288864
-0.608886088901767 -0.237231909282657 0.17456160664217 -0.129761912144826
-0.413219992882904 -0.344123005518157 0.0443750555791811 0.398464693592233
-0.560878504608502 -0.18249436855059 0.177481556403986 0.146722540363343
-0.524506538144359 0.0398428389994281 -0.0319138301205958 0.0370391788811211
-0.391274168365834 0.291768072650542 -0.0895617823102823 0.101262864615658
-0.202177329195335 0.459153334762391 -0.0807463928323305 0.240631153751226
0.0128316437905174 0.486470565660303 0.0583032575857852 0.279222761853171
0.154062109618161 0.42238193493867 0.118394390320512 0.218508381448181
0.205642321245659 0.408048404816001 0.154466045753118 0.205772029341879
0.191118520517558 0.399646324886683 0.153885645850121 0.203034881159862
0.149569289161311 0.460601595111973 0.117828825741435 0.199310654122099
-0.0217942917808694 0.504453762546144 0.0528251205526465 0.191315322397516
-0.21202819155188 0.413540361895116 -0.00314137194873544 0.15990110871323
-0.402600624891857 0.266604660038708 -0.00730816701209746 0.101148747236855
-0.552281765577159 0.0169901161563724 0.0878693931103579 -0.036109912383666
-0.512001961968522 -0.155811352844289 0.346004801249609 -0.0298477767322826
-0.325013303241969 -0.19810816619395 0.232371879241229 0.508306202108225
-0.392709041981694 -0.0566706023518825 0.311051883077701 0.203785467569149
-0.313189441968031 0.0746065621721541 0.0648617238913136 0.0759123826522899
-0.229625394939549 0.18426147043271 -0.0739132945996792 0.120284234959897
-0.130207859887601 0.294496009109461 -0.0833757464921805 0.313684588701289
0.00569280146406147 0.327638928077484 0.0800526917535477 0.392203312938142
0.10373267499948 0.300123625777693 0.174135967122868 0.359928193256454
0.13569162324905 0.299823250872223 0.217611520115099 0.344465634733511
0.120419896299452 0.29762167421826 0.205893358309007 0.322904536561159
0.0720476242688155 0.322857845428931 0.14261469375512 0.289846590931995
-0.06369985671235 0.31302663308449 0.0477569144758486 0.251226081303216
-0.169254403713221 0.202506583748981 -0.0189478461282407 0.158505050484684
-0.208006257103882 0.121720274301356 0.0281422316335207 0.0915552574826133
-0.32260256179176 0.0303687262318129 0.163439623850816 -0.00968480441921234
-0.353765601788123 -0.0581982689400644 0.464763255710112 0.0550055491458516
-0.167871774945855 -0.0235604797282602 0.374730667127324 0.54437188291147
-0.139149248796817 0.0499348580710522 0.401087551204205 0.218032748160371
-0.0481407638902837 0.0560197069044258 0.162021901383927 0.0821498328314108
-0.0572826915924951 0.022570705789501 -0.0389247242755528 0.103835215114162
-0.0590458165850259 0.0809520134570993 -0.0645102779212779 0.325370667423821
-0.0161116705903337 0.120445221472535 0.0960981018760232 0.435539849092636
0.0279999553324144 0.135894702946621 0.210307657639079 0.437921672037616
0.0458788801878437 0.14739617078674 0.24857916150444 0.430583425979635
0.041924121644545 0.15166109072251 0.22077880872683 0.398666989049769
0.00335769246338145 0.143163337284531 0.133482027930982 0.344837051651768
-0.0715953483855339 0.102476706173613 0.0208579282398289 0.273588005473247
-0.0816605687074276 0.0120339824496659 -0.0409565915428075 0.132444416586774
-0.00271794178902631 0.0224620453931387 0.0496665704212396 0.0749491318243566
-0.0893374313682456 0.0735551287263262 0.203684925891282 0.0228562006927619
-0.173134848479153 0.0550163345903295 0.5224754772732 0.11771326905634
-0.0116378047469444 -0.120113193831269 -0.566484231537573 -0.17969220478109
-0.101226625138188 -0.130608286075163 -0.308256008857106 0.00864388065327038
-0.146568650078702 -0.00592409976666602 -0.115141263133717 -0.0147505842612644
-0.0468277304804879 0.103673591370511 0.0642431138104176 -0.0439756717703251
0.0155540042422448 0.0855097356487637 0.0487187514375937 -0.249518017094058
0.0468968324517467 0.0525210705628129 -0.089120468581737 -0.358763110310696
0.0487911332354607 0.0208674513468438 -0.208575662926527 -0.411708934065207
0.0483422496851006 0.026243446095662 -0.270935613965655 -0.441611321298266
0.0534288643996563 0.0334228652173665 -0.260348897813141 -0.437168327847162
0.0700642798662537 0.0884792068151645 -0.167449049239154 -0.397796661195783
0.0378070904915446 0.153883483730626 -0.0456782730031275 -0.307484368308663
-0.0695606783396362 0.179840380692657 -0.025364962193164 -0.117098571833287
-0.23421633917091 0.0512809895974565 -0.203772068843503 -0.105191652988926
-0.174843072476251 -0.143090803916572 -0.373111125138043 -0.231158872468244
-0.052218584727163 -0.157274340521379 -0.418130166991999 -0.484033275724149
-0.158848962388242 -0.243566060440337 -0.542716387406836 -0.149703495170483
-0.260883007274996 -0.197265716633811 -0.298179210348414 -0.0344046753387826
-0.296322839678048 -0.0213718484860859 -0.169449290200007 -0.0192527345570369
-0.178662622010005 0.182172178118994 0.0416684378546712 -0.00402894996500001
-0.0532562822915627 0.24556809888058 0.0614495411147172 -0.19077692846301
0.0617922857692353 0.233640446775456 -0.0414844011746286 -0.31212542572739
0.120482562425399 0.187642905162665 -0.161632149071042 -0.379927266284585
0.149182428658535 0.197538504612365 -0.219999519376128 -0.39738901516054
0.144302579256956 0.206693414522405 -0.222393128955991 -0.372525893499415
0.138785691181924 0.290704682350578 -0.159845438854548 -0.320017010767704
0.0300861682301317 0.381742423079406 -0.0630974348308642 -0.236747381099678
-0.165081472444485 0.38351261364675 -0.0489382624806317 -0.0493431332418661
-0.45105831064976 0.194990002987315 -0.229661443741272 -0.043945351686817
-0.473239363928111 -0.136941723829995 -0.362143478830008 -0.193552180775516
-0.303602632046393 -0.256828494869287 -0.355885386556239 -0.431552111957978
-0.288551782835798 -0.352829817881745 -0.463547278565479 -0.0634845213720681
-0.412459844090684 -0.257465799195825 -0.239643667475149 -0.0468197199475375
-0.441751859550744 -0.0414366269002599 -0.196347498156048 -0.0312762606751631
-0.319015230396206 0.245766420629566 0.000861547802412978 0.0189517605274788
-0.136268274122771 0.390284028118476 0.0420818729689195 -0.108247491968076
0.0569814859878869 0.400114467324918 -0.00276855336279904 -0.212013515183238
0.171761077613524 0.337137921255948 -0.0976002083762505 -0.285577182708702
0.225481779361978 0.338669611682617 -0.137487438798618 -0.291850690774053
0.21808152052349 0.342191806976447 -0.144909929787647 -0.256494798523866
0.204916942078394 0.44379732593737 -0.111989535735356 -0.200936099513521
0.0480124939488791 0.559692926182208 -0.0536910462472116 -0.134700788717966
-0.208575682935212 0.55199371649274 -0.0448831375831265 0.0237782040972721
-0.579145077807407 0.344207835043752 -0.203256932143845 0.024034994699667
-0.687350825451906 -0.0788530517503352 -0.291988267601592 -0.139398996342366
-0.506562836044329 -0.29226048470352 -0.221235269955076 -0.342873443630063
-0.39222579276705 -0.418355928708542 -0.328542400840477 0.0768774578016742
-0.546933555440161 -0.281419733887523 -0.128752193037171 -0.0119371541843838
-0.567441257836648 -0.0322756722342882 -0.177352799787533 -0.0279529935806267
-0.429683411937946 0.307732939318695 -0.0415610139664065 0.037732358035367
-0.201251798517588 0.501201782989642 -0.000464038674101551 0.000639863863938671
0.0465587686559868 0.520658362698264 0.0246118614661697 -0.0621814461936654
0.19628747460264 0.439585389534672 -0.0242762799672138 -0.137497046279069
0.266154834548482 0.427236837898281 -0.0363203711234913 -0.140720244168893
0.257948099748431 0.421910343265031 -0.0406022318423863 -0.109103222748084
0.242730472294232 0.526661091114695 -0.0313135623678246 -0.0618160120044794
0.0629481075797209 0.651400226617461 -0.0160738303514368 -0.0164139145541086
-0.214836686492548 0.631651534933802 -0.0227835871472534 0.0885381589349798
-0.606448340509926 0.429329701980306 -0.13782541097509 0.0733981071694307
-0.777308448951133 -0.00972730497466561 -0.166757348240654 -0.0916168781166838
-0.618540423765042 -0.277436782824665 -0.03242580636237 -0.239927101020059
-0.445310010129497 -0.413361995762636 -0.145392346729345 0.243975724372407
-0.615031907760783 -0.250443646905079 0.0235214845758363 0.0601400122502675
-0.616160587972467 0.00667665616039123 -0.116745393100799 -0.00101027634937463
-0.460373450106604 0.341378704275839 -0.0744807629215734 0.0663996783201841
-0.221711804494972 0.539149824231045 -0.0451677874689034 0.129357063375056
0.040277323903805 0.556047736189523 0.0473041677827025 0.113847797175799
0.198446675204676 0.470960011087103 0.0518792129958937 0.0408955165645057
0.263727185570649 0.448741605218394 0.0685666381957025 0.0323003260494133
0.252453839616408 0.44117398951454 0.0707087837294771 0.0489702707502365
0.231040760956578 0.530797845194165 0.0596809154993603 0.0759401636766977
0.0481233467829798 0.632521485218144 0.0321170467873929 0.0987800059194325
-0.208818066521851 0.584571378060502 0.00151741882320342 0.137114037833811
-0.536404506921696 0.405484034857893 -0.0598054602728145 0.0963525320544346
-0.722203019871324 0.0317764355995061 -0.0278647761059421 -0.0616057792420011
-0.615771261616336 -0.220724041236724 0.167737576129197 -0.135617214624192
-0.429031388461965 -0.330258272118801 0.059551442997328 0.398540700075977
-0.566958082382253 -0.160821156001482 0.183204685537397 0.137596028203818
-0.527373278850309 0.0593850712163401 -0.0296743852690232 0.0406839753059617
-0.383501314607221 0.306504039970855 -0.0871680586057364 0.101908504654432
-0.184478046247344 0.469485266864917 -0.0716525842620573 0.248401910689038
0.0335822785627748 0.489030564587599 0.0708561998537132 0.277178331324719
0.17263831946874 0.420365642520359 0.123784630707031 0.215977152039351
0.221915495873915 0.402639890585224 0.162377933632291 0.200859462880662
0.207522042818071 0.39704969979716 0.16350117252996 0.195599419105618
0.169577530834352 0.457727728999353 0.128853048189008 0.193979541317588
0.000308873723184212 0.507598156871481 0.0631317861333642 0.19105404242792
-0.198048768237019 0.421939774088165 0.00720400634429625 0.163259539405296
-0.391357483649909 0.281466787207572 0.00130357129890162 0.099164401963909
-0.551775387083018 0.038999863630755 0.0883508111365745 -0.0395310403766303
-0.515214702734954 -0.141525488364916 0.341758290432922 -0.0403444248593015
-0.334867149669424 -0.185977642910856 0.24951683980062 0.50225171520558
-0.394014661588766 -0.039439592919233 0.317686946777143 0.191573925018252
-0.311878668819515 0.0853104620475626 0.0687932813304876 0.0750048200502515
-0.225714330314019 0.192745423290088 -0.0704337739520287 0.121181079410468
-0.118441836296045 0.301775619473845 -0.0708551050399787 0.320977223885621
0.0202693475687762 0.328888541439275 0.0962978814045141 0.389428621649975
0.116525312624751 0.29968741069372 0.184678119559702 0.355092161822928
0.148419285201602 0.296206607715598 0.232105456327979 0.337262057130754
0.132960467146354 0.29532683152548 0.218701062348179 0.314634131318936
0.0855793418451328 0.320175644496348 0.156629644759973 0.283000690017326
-0.0509782999158494 0.317089153814514 0.0596271276825278 0.249647093843715
-0.164101896016757 0.209689777242223 -0.00981596739698605 0.161686761632992
-0.202916299708924 0.128301855500506 0.036344990828441 0.089106549581426
-0.320321696950862 0.0448388860980767 0.162752193066752 -0.0162214744612548
-0.352911767104266 -0.0464446907212328 0.462206493381443 0.0400580346430452
-0.170155448341207 -0.016347258184954 0.392339523762411 0.534681219607053
-0.135854247975572 0.0573264172835885 0.40778386361263 0.20656657534759
-0.0449232294003022 0.0566153664620639 0.16739698532178 0.0755449304421058
-0.0580367422081276 0.0244357975751406 -0.0353660587080053 0.104665025677841
-0.0560555282208976 0.0839816932039122 -0.0508292623858863 0.329249723717265
-0.010794773476238 0.122825004703063 0.113699868123718 0.431686966085399
0.0346729470737883 0.136798481192221 0.224200020004819 0.432747907321625
0.0537786555099974 0.146556970243596 0.26745215673376 0.424356451590142
0.0487622434225777 0.150129530258009 0.236554586657123 0.391766571401309
0.00910335224254695 0.142731575089828 0.147498331776658 0.337143164107768
-0.0683026757599928 0.10615316207084 0.0337103672420269 0.272141289456358
-0.0828761622959575 0.0152631322671776 -0.0342722121497664 0.135611679669754
-0.000698767972151371 0.0203422939752276 0.0569466323224464 0.0718772913983558
-0.0848565023578129 0.0795890366113062 0.203725610740672 0.0150558114511684
-0.169024801969621 0.0633577778381395 0.522072012563983 0.100275433418554
-0.0176067247104336 -0.120326242229604 -0.567327623414841 -0.149520388925158
-0.109606043787236 -0.124040021884256 -0.301463714767123 0.0230855254578475
-0.147994542814075 0.0040927519706673 -0.117208568108736 -0.00581604520852154
-0.0393376219383672 0.105411342194186 0.0604087806658621 -0.0470543835384029
0.0211786758096782 0.083993625308819 0.0313000299529239 -0.248032875017759
0.0485486022949191 0.0479825928242167 -0.109808122149069 -0.348222487840386
0.047283801152681 0.0168117834651057 -0.229229207538149 -0.395790879262337
0.0482037214838008 0.0248338308021062 -0.295595877669457 -0.424355165306002
0.0525580324101797 0.0311405492197725 -0.283413960029464 -0.418498477103187
0.0744249786313411 0.0833893053736264 -0.188104042465225 -0.383858772497081
0.0479921172173765 0.149218288269611 -0.0620720720238815 -0.301983101007308
-0.0572152164229005 0.181958442033574 -0.0306985636157534 -0.115028343054322
-0.230717827319003 0.06561705636832 -0.210807974141359 -0.0915353816583902
-0.183646023445817 -0.133075931876691 -0.380880131399266 -0.206505272423149
-0.0606732853935823 -0.156624075003894 -0.436426238348109 -0.459607969512518
-0.170634952888036 -0.234689641042549 -0.542975160021972 -0.121109927602233
-0.27000951258525 -0.180486791717669 -0.29369666066803 -0.0220786427626797
-0.297702417798393 -0.00335487890406793 -0.172195226494181 -0.00634041353810861
-0.166492482491453 0.190773297488942 0.0393644222191797 -0.00694066554848682
-0.037214903826547 0.246558161172704 0.0484874138843214 -0.189259284933231
0.0756842121775816 0.227348210333461 -0.058598790837689 -0.304560224941071
0.129269312882209 0.178719911521672 -0.182507881329495 -0.366929523324493
0.158810906039475 0.188687081823866 -0.242497758918103 -0.382552128266271
0.153027614935187 0.1994690803235 -0.24269584075246 -0.359265266148565
0.154108008153072 0.280423419340659 -0.174508284633608 -0.307901282621068
0.0550612331485832 0.377267548691685 -0.0758678088554981 -0.229519413522059
-0.141526713469426 0.390341980889819 -0.0481455377550875 -0.0461992219148013
-0.438295142031421 0.220270104851896 -0.23066080161345 -0.0303274438272264
-0.47920753831456 -0.109836696751168 -0.367568371817557 -0.17099430426054
-0.314938796780073 -0.242680277133705 -0.374327793679254 -0.410482301607533
-0.306342092752877 -0.335085680370302 -0.460186584808796 -0.0410672864853941
-0.423128681913886 -0.230322441014496 -0.23735743449247 -0.0384868577691825
-0.443412216312872 -0.0153633137875904 -0.198181893750232 -0.0166410119949889
-0.302646220376038 0.261370192255121 -0.000476586864450392 0.0165771907097097
-0.11088469631469 0.395499549145718 0.0349208399416326 -0.105657263611137
0.0817964423028895 0.393248026206073 -0.0142866623249378 -0.208520573383428
0.188923229231423 0.325980419124993 -0.114184084733085 -0.275965766440726
0.242787082363987 0.324519060025379 -0.155292891201673 -0.283468514968216
0.235033658905102 0.33051408648141 -0.15878197148001 -0.248143780199183
0.229014600587879 0.429307808320106 -0.120139928532532 -0.193256845540911
0.0820902013385657 0.553900012747018 -0.0598380270966493 -0.129350739657202
-0.176274108473368 0.560108254457405 -0.039301963658841 0.0256820487981956
-0.555690745819186 0.375896522202022 -0.199678718061197 0.034980769138277
-0.688041435300551 -0.0373764289630462 -0.294182787396551 -0.120644689627072
-0.518025781937942 -0.26833084857991 -0.238041057549652 -0.327534314645354
-0.412191049568717 -0.394501964532101 -0.318662976322108 0.0908904645569916
-0.556036113406403 -0.246611779187457 -0.125586937430817 -0.00980707760938178
-0.569067364961068 0.000767890825620085 -0.178750473415698 -0.0149282204733156
-0.410582689291345 0.330411258937596 -0.0409805161661406 0.0376148203663651
-0.168577931810238 0.509527588439644 7.8220333886648E-05 0.00519435419942303
0.0797033750341639 0.513274093907188 0.0222350712117589 -0.0630610904406359
0.220659698768003 0.42680236779191 -0.0336646550848036 -0.133665464728979
0.287482390379596 0.409037587658053 -0.0460207042219735 -0.139480925632506
0.280508544754449 0.408547062676111 -0.0458611283231557 -0.108349808983779
0.271557701367333 0.511529310754875 -0.0314934211564104 -0.0612882881307372
0.105560499458967 0.643493724719777 -0.0148619753605179 -0.0135944203500334
-0.177355794478758 0.641447401346457 -0.0123974609890512 0.089398731450364
-0.575895112508635 0.461563372661426 -0.130598940684867 0.0786688857473632
-0.771839236616805 0.0359939196519844 -0.167688009037517 -0.0822461308674827
-0.626601868643357 -0.245866679556401 -0.0462620140575404 -0.236088330782782
-0.464493242943142 -0.386766228288808 -0.129373763037887 0.246820304447847
-0.622163464369728 -0.2126065684178 0.0286878835518991 0.0535221015611529
-0.613762071352766 0.0420551088478333 -0.115532543345596 0.00765977672827257
-0.440576012168794 0.364859376445971 -0.0727488424610345 0.0671926567342785
-0.186580555099549 0.546514350892884 -0.0365173842882675 0.13577743487377
0.074422598744134 0.550115102759391 0.0553873828743484 0.109515396068837
0.224483488470341 0.458168126163361 0.0515278873989178 0.0389537638005674
0.287009447847266 0.432071485993143 0.0682420312124134 0.0275523909898416
0.277266315889805 0.42582679570985 0.072952871954687 0.0420933943088879
0.261514667574995 0.514900239542077 0.0664143645167838 0.069565420438977
0.0874198889549765 0.625543845822874 0.039775455494977 0.0976084652953337
-0.176410359584698 0.593809881488818 0.0145263611791779 0.136844508018105
-0.50545218158505 0.433150402375454 -0.0511554593208157 0.0967005131789242
-0.713288842176136 0.0737467694858276 -0.0292598716985823 -0.0593126037227303
-0.62251416114358 -0.192009135084107 0.15689058006869 -0.142031572072614
-0.444677579703134 -0.304738492667422 0.0806792954223675 0.391925203933896
-0.570268715475682 -0.125014366755682 0.190312167036143 0.123263146301843
-0.522283405632584 0.0886783973311659 -0.0262150121775419 0.0428348923377412
-0.365675427881569 0.32623785683063 -0.0829107048057291 0.103511802970927
-0.155718994429803 0.476581073266706 -0.0557100650335156 0.254461263199536
0.0638912646599803 0.482466976638469 0.0880500596754898 0.27017540701243
0.19647220338917 0.409655386082665 0.132839700320398 0.209735392061524
0.243872911213271 0.387601552420456 0.172795278164787 0.190692531020305
0.228835683711313 0.384245247379616 0.173894206195051 0.182732768232541
0.197492235178997 0.444537799593593 0.140765492652859 0.182645699682722
0.0321703715275398 0.505692943528581 0.0754703948593796 0.187320060775381
-0.174317580675308 0.431970753491992 0.0215618806572233 0.161725460666196
-0.371691562067407 0.300023137121929 0.0106725177907508 0.0954429246869382
-0.543508189110681 0.0727188027449052 0.0860856053683497 -0.0443769438779637
-0.517093325703979 -0.115724138328309 0.333149514066767 -0.0564301916046425
-0.343943330846253 -0.165017699150586 0.275433480423353 0.487263156884387
-0.390895142910203 -0.0159856777348359 0.324587487861412 0.171477125169452
-0.305120329354415 0.101638829906304 0.0739294500189665 0.0710978751053089
-0.214292358195864 0.204037168433534 -0.0646322551980522 0.12241236236661
-0.100342938002615 0.306162106187839 -0.049867520896954 0.324684879717591
0.0413555784183043 0.326845250836654 0.117933442220427 0.380100566578203
0.134485657874227 0.292885534770618 0.201922763627542 0.345036832748264
0.165692516382203 0.286821255471859 0.251853324326595 0.32355062708943
0.150487847677919 0.286884921789428 0.236709880217284 0.296846792849482
0.104971460609376 0.311580021138561 0.173162991856956 0.269080718879076
-0.0308705088188975 0.318830109697578 0.0762960200028104 0.244878133448781
-0.150847175509766 0.218286354369722 0.00316933953468351 0.161717710114944
-0.192709376048562 0.136741257519393 0.0454015667597616 0.0835158551579846
-0.311582823255138 0.0641010477799882 0.159919134267421 -0.0246849491823107
-0.349650844564118 -0.0278018493597567 0.45587194055219 0.0159308251603071
-0.169475789622299 -0.00516684040444273 0.417657212094255 0.513506589290595
-0.129873993367377 0.0657326145878857 0.412841114498124 0.184332094939749
-0.0414745484030181 0.0572761344641625 0.17127628850722 0.0646208434410542
-0.0577211028096646 0.0272258301571191 -0.0294591231142963 0.10462219799
-0.051191158378484 0.0871783410471231 -0.0308123499065456 0.330965976333362
-0.00244617193314011 0.123293553348125 0.13849384549907 0.421017841692627
0.0438125751321981 0.134905094951384 0.246807735482323 0.417831323078136
0.0626604915150546 0.14221759932055 0.291683252404212 0.40781647380341
0.0583887140611821 0.145698802582841 0.259033717615236 0.37326999034694
0.0178662640821395 0.140172806321004 0.16714827428739 0.324386518130435
-0.0619279434623789 0.1101866196369 0.0517509942351819 0.266839583567869
-0.0829166607747759 0.0207928528964879 -0.0239561248976752 0.137568958076612
0.00129247067383603 0.018162468605815 0.0642480995469015 0.0658292770073053
-0.0767227290660184 0.0858871970658265 0.200426051671973 0.00462355059719968
-0.162142677490675 0.0733538131629072 0.517881877327409 0.0723679587700003
-0.0235792887178401 -0.116697444049376 -0.551937811575275 -0.11505519377991
-0.114306114722749 -0.113793847963893 -0.286081318013473 0.0342919035352017
-0.143905026651183 0.0147331359886724 -0.114727865733798 0.00245536912629352
-0.0315576101985599 0.103347408765763 0.0540570643580192 -0.0492157184739662
0.026524204352048 0.0795775631957393 0.0133631834360635 -0.238670169999389
0.048957811256316 0.0419657657977847 -0.126630777324757 -0.326588092694698
0.0453465453791912 0.0126551643630163 -0.244012152357934 -0.369251526269196
0.0471382418461795 0.021997862022206 -0.309944332803096 -0.392441239882044
0.0509491606110427 0.0283515182065977 -0.29726224788542 -0.388631575732311
0.0758211365143305 0.076136542514612 -0.20105609766164 -0.35976772756224
0.056585347661469 0.140679298513885 -0.0766405437178468 -0.287191325498744
-0.042746630670159 0.178292975639222 -0.0349076897643215 -0.109323394440739
-0.219390476755653 0.0778749212523839 -0.210763104628405 -0.0755038014172497
-0.186548444437154 -0.118777194959716 -0.377175710015243 -0.177337606723519
-0.0674821418705736 -0.150571702841566 -0.442190307920757 -0.421854861665242
-0.177447107712798 -0.218697318421161 -0.526109504053387 -0.0894474779765894
-0.270604083486528 -0.158521712802331 -0.281837351535553 -0.0102301118283076
-0.289954536650564 0.0155737003179042 -0.1669219018719 0.00582129348588575
-0.149978778205428 0.193398060797183 0.0353453788476748 -0.00993193230600455
-0.019595160253441 0.239444019739207 0.0345239980725556 -0.182824255344514
0.0862399052495289 0.213162290466 -0.0731493326635975 -0.288209396222602
0.133992133617863 0.165208055675277 -0.197505507377735 -0.342995008056259
0.163351950411747 0.174129634494141 -0.257927792497894 -0.356813466994176
0.158205340029532 0.186161425757778 -0.254548826085109 -0.334598076143659
0.164548346820975 0.261546213989042 -0.182807333291804 -0.287928665261903
0.0765668947929386 0.358993052756814 -0.085004224937868 -0.216076639259425
-0.113161618711678 0.384025567563161 -0.0467952498587014 -0.04155103577509
-0.409903529616039 0.239687322290244 -0.225586457745637 -0.0159630524805619
-0.469290924345825 -0.0791352094927127 -0.361553060785498 -0.144228519211882
-0.317084985181061 -0.221117979359595 -0.380414139132826 -0.378467957685687
-0.314839340619213 -0.307320607308774 -0.442606605688888 -0.0173795246515292
-0.419499385539263 -0.19776929316165 -0.228842096407647 -0.0297745209799343
-0.431252841914413 0.0127058124544734 -0.193440375792789 -0.00268367036927337
-0.277248397082717 0.270256852298748 -0.00147232543202802 0.0148612284036655
-0.0825146400457499 0.387806526827465 0.0275732918967843 -0.10106046309825
0.102373365536836 0.3742641561411 -0.0238397608281217 -0.199221354568055
0.20075260379626 0.304120383339903 -0.12689811997841 -0.2600222852747
0.253536488928268 0.30055761261561 -0.16832750995631 -0.265694372404657
0.245847580675797 0.310062170093481 -0.167210689237775 -0.232951641509826
0.245927286190119 0.401759623881565 -0.123749214059409 -0.181875466896939
0.113794393457447 0.528651852278992 -0.0639285890607018 -0.11943232038361
-0.136064967336943 0.552675746908265 -0.0324805546611656 0.0270553154958168
-0.515826138867686 0.395653629701534 -0.19016861099829 0.0442910588148572
-0.667772524140053 0.00233507602470286 -0.288258109438969 -0.101589597767159
-0.51360185491634 -0.237311169200557 -0.245926734192112 -0.305721677514478
-0.419418160587063 -0.358967407915617 -0.300308921665702 0.101764241321879
-0.549490227845107 -0.205406123149938 -0.119602276069595 -0.0085034866098309
-0.552291414337601 0.0334417952517177 -0.174043916865005 -0.00237727462717704
-0.378984811164564 0.342402870554667 -0.0406222025963169 0.0358880299096167
-0.132429496518217 0.501949202749201 0.00117653430042006 0.00860784270095543
0.108636819057331 0.488502069292597 0.0200822207816887 -0.062342743840827
0.238749218029959 0.401352152001775 -0.04154008639269 -0.126461724645608
0.302556206626587 0.379921659934161 -0.0550625649039365 -0.13258998589795
0.294758593617099 0.381148115495657 -0.0506257365089947 -0.104204624449809
0.29384455721038 0.478968574876258 -0.031248477913172 -0.0593377407573808
0.141226926111517 0.615781435677669 -0.0136714191490039 -0.0106453212058613
-0.13542452443536 0.630205930849024 -0.00193321838208866 0.0870617892617493
-0.529467478368755 0.478420989703009 -0.119979383669067 0.0817187916865769
-0.743819120313612 0.0781404605871725 -0.164089043057848 -0.0711218332468542
-0.61624669150477 -0.209663296249579 -0.0579316724958003 -0.225436717379316
-0.46950175653403 -0.347234377173258 -0.110039893553115 0.242776038285142
-0.611390212139029 -0.168859688648498 0.0321766222908525 0.0453730727998139
-0.591062689536125 0.0758286087860031 -0.110881123872739 0.0149741259977595
-0.405999409443624 0.377808577315226 -0.0688833215542676 0.0664095559194808
-0.147763109870685 0.539344268284504 -0.0256075783175873 0.136682844617471
0.104856895559094 0.525449713520801 0.0615985492576029 0.101565105115953
0.245040650417054 0.431006473717403 0.0497307990502587 0.035504190852822
0.302621585191416 0.403002848228976 0.0662336746500822 0.0223755561609896
0.293276597597841 0.399720509124651 0.0728743419115399 0.0344003274875614
0.282918897070501 0.483237694308535 0.070375313517274 0.0608951115079281
0.123303072063664 0.600261927910721 0.0463998220414888 0.0936854081177615
-0.135286813616226 0.58416712602382 0.0263563982416933 0.131427228576108
-0.464335590566285 0.445499690704239 -0.0413897194590767 0.0939178117440038
-0.683604091953987 0.112106506331063 -0.0295847918837211 -0.056814929519781
-0.608673638974087 -0.155960890241092 0.141881978605353 -0.144373691032831
-0.446192850910586 -0.269812196372033 0.0989916798911053 0.372789880724877
-0.553838570204847 -0.0875391725469846 0.190881302878288 0.105964390860875
-0.499957541442686 0.114796271566551 -0.0217490966219431 0.0443332523410206
-0.336472026089024 0.335189525907461 -0.0768308088879518 0.102356027652521
-0.123067019364618 0.469062308449794 -0.036533932592731 0.251956173367545
0.0911877193914014 0.462272290228958 0.101772946738642 0.254222927948811
0.215858242283938 0.386007568827056 0.138233322556654 0.196703546461792
0.259079478660246 0.362052857833221 0.177053341291027 0.175131197370769
0.246511658283284 0.360394495977208 0.177884199539432 0.165087975110728
0.216194209467076 0.417865888649722 0.148727857429926 0.165943348250035
0.0624945555348658 0.486960133847688 0.0866359153563564 0.177107765857923
-0.143452754436411 0.427894997251268 0.0339883373827925 0.155848552287107
-0.341784974023223 0.309158158475092 0.0187675911218941 0.0881068608673761
-0.517720153045314 0.100776822085651 0.0808550673257593 -0.0475178768750035
-0.503003358791374 -0.0885553154735693 0.314863320975577 -0.0700551591854729
-0.340158982931237 -0.138776950818203 0.290537263898011 0.457281564276015
-0.376548268032951 0.00898697495741035 0.322125077034341 0.147361359026148
-0.289799549071599 0.114673494403045 0.0768918020236493 0.0648473549361796
-0.196678420951828 0.209466343553119 -0.0571606940493806 0.120187862171445
-0.0789083073621556 0.301825040722671 -0.0275500498053974 0.318018891188285
0.0597768288503756 0.312839129261907 0.136636676323111 0.358805784753891
0.148730350443202 0.276602439259258 0.212326637664318 0.32297116259297
0.177228114947736 0.267712989865802 0.261973674959495 0.298492175756239
0.163360889873795 0.26888006030659 0.245308294474123 0.273419803678623
0.119318166023088 0.294354399345188 0.183131039366627 0.247718182871864
-0.0107634787513886 0.309758556350089 0.0903379386875874 0.231165719807837
-0.134370789210166 0.220266000663301 0.0154617886757915 0.157210846994647
-0.17744183223087 0.140137250919982 0.0512391500472549 0.0749613443501725
-0.293965615055022 0.0804470805796398 0.152173938290254 -0.03196447988508
-0.335884113153089 -0.00925594641117576 0.436853721515961 -0.00625909100399308
-0.163306129689577 0.0057759625788021 0.428858383176752 0.478073540285434
-0.119824509500082 0.0721207950024723 0.407739564542026 0.15742447160939
-0.0366112081583165 0.0562153266877162 0.17016456285035 0.0521553358867572
-0.0551029197428973 0.0298136687603537 -0.0230076730039253 0.10175219614927
-0.0450462048825917 0.0880290108091207 -0.00943085898063434 0.321349870777739
0.00581536427809321 0.120620216313005 0.156713564825936 0.398406547212823
0.051506668066634 0.129377609177245 0.260242317409193 0.3922247971013
0.0692757769783733 0.133816353329474 0.306825404661623 0.377424520948175
0.0653492459051755 0.137080433055323 0.27302191265019 0.346366974338973
0.0254812476677665 0.13317043121181 0.178953839514466 0.300899680424392
-0.0538307736803455 0.110613390062665 0.0674626389872939 0.25282331967589
-0.0797747749486946 0.0254113110833763 -0.0129275843454649 0.134645733245524
0.00338431307198745 0.0150022939796303 0.0690163931704289 0.057358028791877
-0.0662915549262231 0.0882539506071522 0.19156057571368 -0.00597779905226739
-0.149870585392283 0.0804053819608744 0.497267501153736 0.0433244809787233
-0.0421406615859356 -0.109037735014272 -0.528344361488716 -0.034826326575602
-0.12318352397911 -0.0931677979168043 -0.259807972938268 0.0679997479330633
-0.13481864570909 0.0335680371172424 -0.102096663663665 0.0188719038260318
-0.0177976715459923 0.0998363365282792 0.0453269902369686 -0.0568495648216738
0.0359151903743608 0.069978590871478 -0.0200354357563749 -0.227835535123507
0.0487948050910847 0.0330919342282156 -0.158478386638053 -0.292887493158955
0.0390626430758384 0.0059593422044058 -0.276170291618717 -0.324071645431834
0.0459033356787093 0.0156492287879712 -0.340231419690019 -0.330676616142056
0.0496394302535212 0.0237522768406099 -0.324858664224109 -0.330440531154291
0.0794535015995488 0.0634656041060138 -0.229381358194552 -0.311267920697715
0.0714598821132786 0.124130876502628 -0.101691490286314 -0.261339467628
-0.0181973569853056 0.170590804717533 -0.0409096731198678 -0.0964724697598389
-0.192843921689882 0.105066130236582 -0.211403048591583 -0.0358323497764266
-0.187418131359056 -0.0813143017322729 -0.384691630222922 -0.117067243797864
-0.0874687710443267 -0.125581963283311 -0.469555751587564 -0.355843644628751
-0.204035887421364 -0.187693072171824 -0.485869096247509 -0.00933687863026103
-0.274345721450925 -0.117599141093348 -0.256848009621924 0.0255416571212348
-0.271299810254746 0.0525860458087273 -0.145536720426018 0.0298924607168278
-0.119598382699558 0.19686155670987 0.0387276014893511 -0.0179481769362096
0.0117512991570079 0.22547204487397 0.0127762105923896 -0.182261090073837
0.104331732933483 0.188509734325664 -0.100314303265569 -0.269077438981008
0.140268846856504 0.138020971856137 -0.224199819511142 -0.307046894925671
0.173284291018997 0.144208827671092 -0.287089907516333 -0.303530051322466
0.170693716822469 0.15872155628136 -0.275024081143004 -0.284868141226516
0.185159128568955 0.224931260980221 -0.199737632233271 -0.246401065748984
0.118480381655678 0.326128338301212 -0.0951745104789648 -0.192679496381905
-0.0592388206598515 0.370617373452548 -0.0387267488021442 -0.0268787379590834
-0.348572133362523 0.27953168297661 -0.218227219872134 0.0285860399901279
-0.440596769527032 -0.0116316459477133 -0.376912746621159 -0.0810250295410304
-0.32501787162678 -0.161122124222332 -0.413103278892173 -0.320952840087774
-0.347680702885687 -0.255289993618676 -0.384445751876396 0.0541212854518922
-0.418753488550612 -0.138552465872397 -0.2044935663147 0.000888943069185916
-0.405092802957894 0.0669484720579912 -0.16433563103744 0.0255322520497857
-0.231697732395619 0.282957069612359 0.0116472986139327 0.0104433560436565
-0.0301639478517823 0.371470646644211 0.0235003194449718 -0.107999190069472
0.139575573461759 0.336287024560461 -0.037989121203647 -0.196252700067348
0.219958954909638 0.260701469832288 -0.144329567978615 -0.236499497574324
0.273796699072563 0.252418149759633 -0.191889900510553 -0.228778032556735
0.268982617953527 0.263635229210488 -0.179543051409582 -0.199066134524121
0.277704207945108 0.344341791521503 -0.126056320200549 -0.153819988298034
0.176112048027308 0.479028317607908 -0.0580351054420325 -0.104583307664675
-0.0607459752608345 0.52816335198534 -0.012137225627519 0.0392412562711581
-0.42446660368454 0.438354740101056 -0.174445341012292 0.0868915747557142
-0.612043791039694 0.0876222955117237 -0.307411086914682 -0.0420247908079362
-0.506832708561284 -0.153160325410772 -0.284361687909069 -0.270637753744778
-0.45380436996594 -0.289791312934542 -0.228485741860614 0.15248523845
-0.538428937165965 -0.131620768671229 -0.0957340947871208 0.0070717243529106
-0.514891752122857 0.0999322767481814 -0.140343081772891 0.0225727940623178
-0.318747436270968 0.361652297703293 -0.0182363295913757 0.034937107191335
-0.0648844228078434 0.484277714381721 0.0190764779936279 -0.00450497060015358
0.158041406690511 0.444401929656478 0.0235657009594209 -0.0764093493379679
0.266984470057502 0.347006437274556 -0.0437051239863742 -0.120024015067193
0.331262776328529 0.322650470541075 -0.0680409341771101 -0.117210915757394
0.325824983356732 0.325406309647484 -0.0529869316315824 -0.0919259336620231
0.331237915472394 0.409002014740823 -0.0216201175916372 -0.0513909333053852
0.21210294675292 0.556278039593434 0.00520717525623191 -0.00787353266388127
-0.0498163226127646 0.600337394051256 0.0267791486631086 0.093857417493513
-0.427873333867404 0.516566327970354 -0.100366689901417 0.114411002804659
-0.671716037303108 0.163499763162182 -0.189328087335266 -0.0243894144653432
-0.595479712336935 -0.11620368557821 -0.101177117260173 -0.214384428227195
-0.501794810625691 -0.271953585801458 -0.0285705073981668 0.262440365483881
-0.590293211939201 -0.0898489909420831 0.0552949162152591 0.0381927162705409
-0.548351971563554 0.14448090222482 -0.0754980067236532 0.0293616134346075
-0.341854320049813 0.397479532387293 -0.0388274653224168 0.0667277918046144
-0.0762863402112867 0.521977375418558 0.0131494482274767 0.118161359045213
0.16004122690041 0.479131703138168 0.0842093319603608 0.0717427068991058
0.279462393251075 0.375045531821263 0.0646919809746669 0.0240269118276824
0.334101673429427 0.342584271927863 0.0661273760600752 0.0138304573193274
0.327412135559053 0.340651779428062 0.080627501717093 0.0236721728387497
0.321711883417994 0.412913501090871 0.0885999871633449 0.0490405691128682
0.192380753197621 0.543706616446557 0.07417256465056 0.0830895569914124
-0.0540737794622926 0.558961983647754 0.0587294216042396 0.132201707549364
-0.371066056774314 0.47602063330436 -0.0235119859524509 0.113134114423336
-0.612673921967151 0.186603672615372 -0.0582921546987915 -0.0279413664337258
-0.580661217776351 -0.0725578142725135 0.0978261039537604 -0.158594727385547
-0.463370657815082 -0.199076826663168 0.180638273280154 0.355369887373033
-0.527225074065647 -0.0198159301927693 0.210810012536766 0.0745021184371722
-0.456447137042068 0.168186699248587 0.00914302859449965 0.0426880200550684
-0.27889454516766 0.351624341955498 -0.0432463660197741 0.101483228925437
-0.061617172153671 0.454289745294703 0.0154247668168399 0.229685128347168
0.141279649648579 0.421160016940794 0.138693127018 0.212835715366007
0.247720796924726 0.337717823562035 0.168026401279187 0.16735180607404
0.288199761536912 0.30991966812978 0.189848222151254 0.142773087695765
0.276894098428179 0.307482513955359 0.19401121233422 0.134662848922666
0.252330165910476 0.358302755435047 0.172222000329983 0.138014518789024
0.121143779583093 0.443501597494144 0.117744275442118 0.15694788540423
-0.0815363349544558 0.414122952535019 0.064048750078915 0.15258692357461
-0.274489624315574 0.330829878965562 0.0315258195559206 0.0937337078067366
-0.4618323040177 0.154896656333868 0.0521547727146371 -0.0374613764233975
-0.471273194406845 -0.0219651645061727 0.272846663676206 -0.106537630909892
-0.341847475476865 -0.0877250837885882 0.360572243041098 0.404487873357912
-0.348885732301081 0.0503437129192144 0.334286131302518 0.097123352017536
-0.257905106393816 0.142231174089214 0.0955288428909232 0.0478479509563604
-0.162767358493925 0.217400486768952 -0.028049005141144 0.117466287647033
-0.0404886568792945 0.292965265145859 0.0283750888423107 0.295253632798941
0.0937723922837695 0.286333358130598 0.180253471842644 0.31203693566318
0.17383608009157 0.243153031266708 0.251835529285698 0.28113020970642
0.20054655593639 0.230873350302903 0.284835574965206 0.249356747665039
0.188083115263872 0.231672033522273 0.26958353850668 0.228664066193696
0.147054775354518 0.256145303630264 0.211641335921534 0.209560596709015
0.0304333188000222 0.287205160915845 0.122445620838058 0.208600494831085
-0.0974382340858753 0.22001411481529 0.0412440489687002 0.152487167441278
-0.145184775685194 0.150704750714855 0.0591833108395572 0.068678172931578
-0.258048620522524 0.107548486535665 0.128226790825195 -0.0378724535518264
-0.307613258316514 0.0281948986117182 0.398835864806221 -0.0572759876104248
-0.151700203073849 0.0295849168875697 0.47596242250075 0.398595697908596
-0.100790403749225 0.0812777075945182 0.406257342379582 0.0962246807794068
-0.0272691007840263 0.0556977094052852 0.170389353249391 0.0251106970769355
-0.0498636376158988 0.0339565699197172 -0.00515383873864998 0.0986156073406043
-0.0335912966550644 0.08913497346478 0.0382518220165131 0.301857067699211
0.0212791331614919 0.112928877245699 0.198908095427215 0.353511337721355
0.0673155987136475 0.116029393722766 0.301594576474586 0.343551486666364
0.0824803899625041 0.117066563324121 0.337848308150801 0.316415009162128
0.0792187871333896 0.117859170255259 0.300571304070509 0.293583051163035
0.0393304863405975 0.117628148982848 0.209492328130385 0.259310182418796
-0.0361070251912514 0.108476533972945 0.0981666066338976 0.230288741982755
-0.0703907839165329 0.0333884465107444 0.00581535282638246 0.131583762084696
0.00500516332156316 0.0104030848914731 0.0746973863721576 0.0426673245250048
-0.048657348394225 0.0870828101415317 0.177330341754264 -0.0229667277932842
-0.123657942911002 0.0884562674017495 0.468973866074447 -0.0141923745205323
-0.0402371806327969 -0.105878109795739 -0.500170516334129 -0.0390851172461878
-0.118305542018435 -0.088782799378515 -0.246937162699793 0.0594893522714839
-0.128694803693767 0.0333602097390161 -0.0981645999691024 0.01899163068525
-0.0167529856033407 0.0950769893615884 0.0423032666570741 -0.0540472387297184
0.0342416524714214 0.0659195663146836 -0.0209367699580655 -0.214373804674623
0.0454647659213383 0.0304981147982493 -0.148872540281071 -0.276570758521514
0.0348989197969597 0.00606134842142781 -0.262483467213376 -0.309865707239528
0.0431774248140639 0.0156462782459421 -0.324514317053845 -0.316610871648991
0.0466946991268119 0.024392341875063 -0.306715319934592 -0.316013546851826
0.0751326184768245 0.0614134685100823 -0.216050798617967 -0.299057354820185
0.0686864469766851 0.116592691162949 -0.0956144214659174 -0.247675344503681
-0.0168938975223725 0.160680711296107 -0.0378024851452009 -0.0923740868275469
-0.183710248371081 0.101379499402192 -0.202468592314195 -0.0334852717756347
-0.179750117460057 -0.0785654150871906 -0.363495149051413 -0.114305909922427
-0.0825011390177144 -0.122346608204004 -0.442437045829303 -0.343753245228091
-0.193009344659443 -0.180984095707764 -0.45970978774465 -0.0159136039027327
-0.260507271882635 -0.113465614719549 -0.243569182924436 0.0184178054601828
-0.257679597260352 0.0506677246433022 -0.139268611043852 0.0296171490413728
-0.113488475017691 0.187405020180136 0.0345252183826423 -0.0169129358296695
0.0113891612103315 0.213319963780269 0.0111097009773904 -0.170323834791913
0.098593003786528 0.177716754495707 -0.0935778316707032 -0.255504030809632
0.131845214388087 0.132589329919331 -0.213476375521787 -0.291889551918632
0.164955485496077 0.138517257819559 -0.275568822893245 -0.289848198204827
0.16233355192745 0.154672328045369 -0.261700609131302 -0.272261254824145
0.174408410184261 0.2154096380767 -0.187289377631941 -0.236539681845489
0.113475554505372 0.307801096569331 -0.0888758698166364 -0.182044903221137
-0.0548303553579157 0.350918851984607 -0.0347057176730353 -0.0259065293180772
-0.332656657257866 0.266552553532327 -0.208150550833046 0.0277256984974236
-0.421918358044783 -0.0126937395690317 -0.355845859840549 -0.0807194126543888
-0.30822804150049 -0.158589568911663 -0.390007435772221 -0.311422742001556
-0.328215650691546 -0.246346625299761 -0.367084746895811 0.0451481755441665
-0.395616222306234 -0.134785299959398 -0.195158705974419 -0.00670619102331682
-0.384743752155822 0.0630555465224853 -0.157972560529211 0.0255294081378765
-0.220956732980477 0.269162112805949 0.00783663985779077 0.00918143656041621
-0.0287300208616896 0.352080801375168 0.022339946829111 -0.0993854272628432
0.132390089012967 0.318346973484944 -0.0347741109140949 -0.187503692312804
0.208677335082518 0.249302624846829 -0.137493478549509 -0.22447208638078
0.260092873358124 0.243298155427303 -0.184213466845642 -0.217969317884016
0.256509962723257 0.254963645156078 -0.171452620484816 -0.191720406664373
0.264778774604425 0.329192123946435 -0.118882076392423 -0.148976038333843
0.167801356267924 0.454400431422281 -0.0535286985444223 -0.0977397429799519
-0.0580056644606872 0.502045495158578 -0.00854346898958706 0.0365356380697269
-0.405576117337823 0.415305541097428 -0.166278021430994 0.0808331736750915
-0.582963278240431 0.0796287168530627 -0.290695899623866 -0.0434179542071591
-0.481215513435912 -0.15322653540217 -0.268749782335458 -0.260867845808324
-0.430420915425331 -0.277861786090555 -0.218638783089456 0.13929100010906
-0.508849442845187 -0.128827720313196 -0.09196125777619 -0.000972158113342726
-0.49043626981187 0.0938878750523642 -0.133596627250939 0.0221861074572939
-0.305008476977032 0.342767168589585 -0.0207763327427206 0.0323415475945128
-0.062057686106389 0.45928394164722 0.018618733795714 -0.00170607513125277
0.151240280578323 0.420559541678715 0.0234270197608851 -0.0746279223407729
0.255711902043652 0.33244625763514 -0.0431722174021269 -0.114034931432574
0.31497254104118 0.30917881838549 -0.0664476388273301 -0.111101711940917
0.310412397993844 0.31405923878594 -0.0519436519913599 -0.0895688850367379
0.313971093756744 0.392107399600505 -0.0191525713194406 -0.0513339033572338
0.202638605485691 0.529277251161833 0.00705952676808464 -0.0057662357914763
-0.0478133536814631 0.570975702071525 0.028663830735204 0.0881498832905948
-0.407739867288875 0.488720813594599 -0.0960202171229474 0.107056103903933
-0.640279277814642 0.152596110783297 -0.179382944336425 -0.0250949624670023
-0.567123290570084 -0.120416119056112 -0.0958156274022527 -0.205511291160965
-0.472518953657047 -0.261399061589985 -0.030735156513929 0.246638375227506
-0.55863541222816 -0.0884900249338214 0.0520083558959561 0.0304525860175845
-0.521533210782987 0.134767218388596 -0.0713785522067686 0.0277806575232904
-0.327822389319125 0.377125005273962 -0.0414160675915563 0.0624710715360133
-0.0723027812523213 0.498082686900936 0.0134331214002679 0.113892362416005
0.153350966119906 0.45545692995446 0.0802840389328585 0.0664542874916858
0.265552976208731 0.358929255464478 0.0600928022401793 0.0244963572179722
0.317933812316422 0.328192630110593 0.061290672666864 0.0143913404869653
0.313226736644684 0.327297527429848 0.0751398187934919 0.0222573026650538
0.306180173011474 0.394128708689432 0.0852467482945335 0.0444749895520856
0.185646127138727 0.516260475666529 0.0727399545934548 0.0802197079692205
-0.0527984972908698 0.531951473934818 0.059043236665474 0.124466901454256
-0.354409285662869 0.450051383420817 -0.0221796980244448 0.104524216085342
-0.581649422226173 0.174562222279391 -0.0555888675756713 -0.0278998193435812
-0.550460120455249 -0.0767252679530236 0.0916578707763653 -0.149628305685955
-0.439162290275786 -0.193003211694291 0.168300396361045 0.338821036501614
-0.499925734087586 -0.0210446987760354 0.199841091154515 0.0671587314109375
-0.434397214551016 0.156927161704484 0.0096387210599271 0.0405645117849372
-0.268273602921348 0.331988021570416 -0.0455871496575476 0.0955994225531726
-0.0591660849725454 0.431551928064446 0.0161230494630909 0.21917838593944
0.134050632888762 0.401711264399799 0.13148458296581 0.201417693703984
0.23750293698542 0.323039772605719 0.157414923331059 0.161823152646583
0.276182493330726 0.296857753931759 0.180604151210565 0.138018138560839
0.264595802261034 0.294584827153414 0.183506826918871 0.129143188078904
0.239921016982183 0.341969712292663 0.163891853607527 0.129055209685795
0.116204231643502 0.421635942468454 0.114747760108309 0.149550973327678
-0.0772495522419402 0.393598463173361 0.0643951168956523 0.14457350866386
-0.261817653679378 0.31169626767451 0.0301864574776719 0.0856702422971599
-0.437896817831626 0.144565252559961 0.0494972034237121 -0.0355754549549794
-0.448860820079679 -0.0266884352178041 0.258422812303095 -0.097300801183214
-0.323357171401006 -0.0841878140614647 0.340140538298079 0.387705864341305
-0.329403046096666 0.0461251952264091 0.316751057063954 0.0925914246130223
-0.245691573762356 0.133330135974116 0.0920493247287229 0.045346846854831
-0.156919462479571 0.205637531111982 -0.0294298034468886 0.110810924430489
-0.0388664271884262 0.278939795163298 0.0276310688530332 0.280947054439022
0.0891801883900757 0.272621818280638 0.169448503483734 0.297202605332743
0.166485257200609 0.231522734579418 0.236707921672765 0.26988266974613
0.191236670770684 0.220813133461936 0.272823036962593 0.239867521811161
0.179767737498706 0.220423780292431 0.255464099427712 0.218730316158146
0.13982334881394 0.243110353023987 0.199977802655264 0.198462790975121
0.0292463853968532 0.273980682125696 0.118913229562353 0.197124458909939
-0.0926189215689298 0.209134973732991 0.0418826778840415 0.145592933665835
-0.138306880925541 0.14033429846736 0.0573436319388999 0.0620238302741048
-0.24344479488942 0.100091649480351 0.12124935770267 -0.0336672564307891
-0.290688336782154 0.0227496110835157 0.377054347539039 -0.0488763684780023
-0.142926870680849 0.0284184437362901 0.451052275393151 0.386935088592531
-0.0942265130935003 0.0773899406200225 0.386938196544124 0.0950279218641375
-0.0259757477921246 0.0521026255542522 0.163396390023694 0.0231773881764497
-0.0491047988037846 0.0318632865499966 -0.00608827061721296 0.0929201020684612
-0.0319699562593904 0.0852083680947028 0.0363015253230111 0.28597072231051
0.0204565516321837 0.107589278218423 0.187038846867782 0.337732595144561
0.0652768691487673 0.110443949606123 0.285552225224294 0.329626192289331
0.0797134304194123 0.112717342925949 0.321902811352428 0.302223512187216
0.0751524230494459 0.112093252600554 0.285280671783945 0.281662383210947
0.0362111307090865 0.111076931531583 0.197818970124102 0.246239554808148
-0.0346388499731203 0.104407567179986 0.0934912793219114 0.217229290000393
-0.0671137322406567 0.0318050366415592 0.00753343608620328 0.12541932783518
0.00486913179671668 0.00711796508798671 0.0722101673461697 0.0383606991882442
-0.0438622160863496 0.0823966200741252 0.167544029292519 -0.019251948344544
-0.115816595770876 0.0829156523734625 0.441724431425466 -0.00745557205605597
-0.0371136617413246 -0.106103167955114 -0.486752113427962 -0.058316824421618
-0.115039669821183 -0.0898171595660246 -0.242634932308067 0.0474545192081476
-0.12642826770718 0.030704987221687 -0.0979152868360956 0.0164890844983666
-0.0182717411934142 0.092854729857694 0.0417721007079928 -0.0515682728522095
0.0320918558789319 0.0645392772126745 -0.0170137076610046 -0.206909592034079
0.0432067663972889 0.0303779966791533 -0.137894629433511 -0.273660230391725
0.0325144784605284 0.00813297773023862 -0.248004188378718 -0.309780285698935
0.0411437273456641 0.0171742994413686 -0.311346746913372 -0.318753291935087
0.0440686272431043 0.0266002805371484 -0.291897756343663 -0.319988792287475
0.0720906366179903 0.062876021882221 -0.201457591692621 -0.298241178805835
0.0655987455448836 0.114368653959645 -0.0859847256909258 -0.24463494443992
-0.0204768959073511 0.15635105875869 -0.0338110078985798 -0.0915653912665933
-0.182393353731871 0.094881001743866 -0.198036450257365 -0.0368100884643306
-0.175534388598189 -0.081967141076031 -0.349756963939622 -0.123249950562325
-0.0781167944523829 -0.124000617649237 -0.420147040647273 -0.35477685736198
-0.184071749880131 -0.184371682345852 -0.450323604522668 -0.0339581826338859
-0.251981040944971 -0.119078288206106 -0.239515600015734 0.00574970768833065
-0.252725152184206 0.0432134088350745 -0.138656195460678 0.0261320833898511
-0.115089739748006 0.179998581424647 0.0316709352156369 -0.0155632855992474
0.0065026898485072 0.208524303664123 0.0142193520633269 -0.163890375075677
0.0921662324029817 0.175320071308056 -0.084728028456841 -0.25123938699209
0.125800916960223 0.134437253935983 -0.202117539117854 -0.291033751116864
0.157914432392565 0.140826693959473 -0.263791853237287 -0.291864674288309
0.154947017298757 0.158335083573878 -0.249247676203878 -0.276181050089598
0.165637175685966 0.216827643773051 -0.175178047713655 -0.238259391469686
0.104964088264022 0.302871437243715 -0.0812091048870732 -0.179436816584823
-0.062754026122707 0.341271819338125 -0.0315488636834304 -0.0269338543377746
-0.331651306708907 0.251487359985419 -0.205458577596837 0.0215200654514649
-0.413456452121601 -0.0249335647105178 -0.344735937930119 -0.0905267846453912
-0.298074943859019 -0.168783528717307 -0.372008407298607 -0.321214571766456
-0.314162884949678 -0.252638954373864 -0.361157058716217 0.0291285955070122
-0.381179624300226 -0.14452872727854 -0.192317124027553 -0.0184287052812968
-0.378195043032968 0.0517668618423794 -0.156423312087371 0.0219708101188464
-0.222840290933811 0.256729908256938 0.00437910596851849 0.00932684176805886
-0.035907956698112 0.34294495377214 0.024323200395046 -0.0938305095495295
0.121192528005934 0.312930417405538 -0.0289949223614964 -0.184753831854113
0.199122299337959 0.251341881266686 -0.130648011393975 -0.223414282385072
0.250311092023185 0.245909518806652 -0.177296244808551 -0.218442045127507
0.245390487757503 0.2594416515981 -0.163902178125565 -0.194201661573409
0.250532907023974 0.331900047830449 -0.110762640364932 -0.152045407636272
0.15507393325754 0.449622444388255 -0.0483873384344113 -0.0958191485233552
-0.0685925161668637 0.489577864145771 -0.00693290001212179 0.0350678821555689
-0.408129111620417 0.396763967053767 -0.166020254482609 0.0741384551483546
-0.574756500279107 0.0604275831266236 -0.28278926285643 -0.0524447076883479
-0.468568223585133 -0.169019842302682 -0.255098134611011 -0.265832853594565
-0.411650647500158 -0.287712015209004 -0.220873445528414 0.126244112995836
-0.492402603258448 -0.141111818429991 -0.0917870396469295 -0.0101999829769184
-0.481078680807458 0.0785601765417434 -0.132119119688711 0.0181501460047612
-0.308352422481512 0.327621416642864 -0.025048826402907 0.0306583883799122
-0.0704470987499398 0.447518612198015 0.0185638843636898 0.000678965544478573
0.137856798465484 0.4149750047351 0.0245673500717157 -0.07328121543833
0.243725678152947 0.333960518286461 -0.0419242008471228 -0.111825942192548
0.302134510756172 0.312263042612043 -0.0644122339220468 -0.11065632143683
0.298198131875133 0.318834745237285 -0.0498756350220059 -0.0900220016812878
0.299188645689325 0.394317261873019 -0.0167333793948424 -0.0533901714359317
0.188750188990351 0.522606469035829 0.00894058212353228 -0.00445207045850412
-0.0597166310398623 0.558133252016552 0.0288941556126887 0.0866607239249945
-0.414268917692675 0.467976353068265 -0.0972953825911678 0.100194282033612
-0.631866595932394 0.130537753097649 -0.174377780395998 -0.0318169920204971
-0.551798160861224 -0.141105040097757 -0.0895053567610133 -0.203578609893585
-0.454350816124299 -0.27139974003748 -0.0397038741463912 0.238414625275934
-0.542410746779829 -0.104647024571269 0.0479074108407973 0.025445404206805
-0.513377671590324 0.116764140899186 -0.0705018477962979 0.0243023762859367
-0.332194495059953 0.359775134360228 -0.0463771845128765 0.0589969486976921
-0.0835744075513033 0.483189520635355 0.0103774741812111 0.113002269467849
0.140108738447013 0.449842777204356 0.0758970254088546 0.0660288548085554
0.252333061356685 0.35899635572418 0.0547872249096085 0.0268329337701612
0.306935578530609 0.331778729827465 0.05912674243711 0.0176889011745861
0.299371098622442 0.330563285603498 0.0716447218982683 0.0231855883124287
0.291948670152162 0.395229533006271 0.0830820546342987 0.0436448427536012
0.171810737763652 0.510649734431777 0.0713357119758127 0.0812516700062369
-0.0648297639349744 0.520273769409037 0.0578469475175769 0.122704617631072
-0.358916421089129 0.430156543513601 -0.0251074717021288 0.099492245375372
-0.574680551377814 0.153373973558115 -0.0531888201541346 -0.0295340694645102
-0.537471927405659 -0.0971700594332454 0.0925677855412456 -0.142625712587078
-0.4224349520745 -0.201971283933332 0.152273038696425 0.336666229905837
-0.485128691756388 -0.0357771508030766 0.192194733751772 0.0680015760424732
-0.428640734188902 0.142053001315292 0.00963674429707304 0.0388125516803473
-0.272755541864937 0.318212670541544 -0.0501392221372219 0.0912089176902511
-0.0687882793152485 0.421592485476665 0.0106088898641032 0.215508653870717
0.12184032416013 0.396580052442909 0.122665123290352 0.200045405211148
0.225683604791228 0.322833069657146 0.147739151785862 0.164912861522788
0.264237977815657 0.300053877006211 0.173050183974294 0.14165714489079
0.253830610499305 0.297553116052553 0.175620672258322 0.1316223015615
0.226702424415695 0.342115924264994 0.157184408481623 0.129234304265545
0.107004320323646 0.417761182169947 0.110436516421874 0.149781950127974
-0.0846419842706216 0.384137736489667 0.0627828172331117 0.142706597056576
-0.265050226187155 0.295538201939781 0.0268074700290076 0.0821658918132051
-0.43117220752406 0.127888596045118 0.0493123515908552 -0.0329318911552577
-0.436836682726957 -0.0446772520411142 0.253108236554819 -0.0854598966047586
-0.313314965448123 -0.093053301974644 0.320760291701763 0.393029983691501
-0.322034844550811 0.0353171862188679 0.306323679590952 0.0981105299350643
-0.242938496141311 0.122859695521585 0.0905065597685038 0.0457661689544933
-0.159822215547751 0.196749950482081 -0.0339817228372182 0.106835485662577
-0.0451514322781716 0.272264656277913 0.0198086026148254 0.274256609688997
0.0805933364343086 0.269593091481184 0.157083899822413 0.295090788880265
0.159411671893143 0.231897610437737 0.223100206653351 0.273683615129323
0.183895114937332 0.222598261739359 0.260806878404207 0.243161786235408
0.171497464414187 0.221644442587346 0.244638489003838 0.221868145423536
0.130675755642727 0.241242062075094 0.190784456349052 0.198144960138902
0.0229431536776023 0.269931196065482 0.113542621336965 0.195045073996456
-0.0956362793717521 0.202358772068219 0.0395080609255515 0.142939781492265
-0.138468499803403 0.130809104127327 0.0548026980994539 0.0594777709587097
-0.23896694275119 0.0899133700049317 0.118807075093645 -0.0280914261757119
-0.284309935774713 0.0106657600220706 0.368459786737187 -0.0325628733588562
-0.139394028974167 0.0240851898250454 0.430612728232406 0.396637481230937
-0.0923131909824449 0.0729974480606795 0.376583118403542 0.104555966672158
-0.026296272077092 0.0492373535772394 0.159783135120481 0.0261754308019758
-0.0499650685780647 0.0305230890151107 -0.00981641842140251 0.0893881231366951
-0.0335520759953236 0.0832831897481225 0.0289681107653012 0.279653452154155
0.0176123642745803 0.10664886344825 0.173095218129169 0.335863215062671
0.0623045321793443 0.110236686746767 0.269412193906258 0.333451703014645
0.0769781567850766 0.112895336894541 0.309169759795431 0.307240306684108
0.0714267644268015 0.11139395752961 0.272836321115301 0.285326057258129
0.0319982483648851 0.10919548711833 0.186872439976889 0.245187291249027
-0.0362793560050033 0.102480229893838 0.0879306806386492 0.213272113432698
-0.0665160023839832 0.0292513357059657 0.00645484136012309 0.122470370743193
0.00493038801185508 0.00510039176749303 0.0704952397125965 0.036449729922207
-0.0424859072341469 0.0787568049230556 0.16383752211191 -0.0110583704873457
-0.114071139505474 0.0775777093910417 0.43019701312381 0.00909808995184712
-0.0352395242938398 -0.109918425852248 -0.494219281068198 -0.0798656308474638
-0.115906519171343 -0.0939677808890705 -0.248856559490114 0.0386999585141854
-0.130079242615531 0.0288396291354189 -0.101842007814195 0.0156788425798768
-0.0198752923367352 0.0942404767016208 0.042797484099166 -0.0517045064586795
0.030549531287169 0.0663455066333999 -0.0130035534486506 -0.207768986410997
0.0425879115619418 0.0311667120488279 -0.133074485729045 -0.281541920832991
0.0321972673967794 0.00970202255643947 -0.244772837264063 -0.32356520762324
0.0406371497757379 0.0193267438533877 -0.310394649003956 -0.335853399637915
0.0439430188937962 0.0304151229055257 -0.28873319694597 -0.336896855651659
0.0720374322838211 0.0662931435787838 -0.19670398510636 -0.31074443971058
0.0646401279658252 0.116520588555175 -0.0802807156730253 -0.250728649515987
-0.0244699207550392 0.158189124998851 -0.0314830242708611 -0.0942154993913417
-0.188595093217534 0.0930512365539342 -0.201236213253269 -0.0409171490638784
-0.177803018060896 -0.0882671456551586 -0.349935504335407 -0.136476705754705
-0.0762925097159743 -0.130884403193156 -0.416862932551462 -0.37982645769112
-0.182933198890017 -0.194409589598296 -0.457851854111705 -0.0516580080501871
-0.253745420754263 -0.128396343437777 -0.245478968342664 -0.00449357669038657
-0.258604880189106 0.0383271739180653 -0.143372049273323 0.02457727696412
-0.121018021325284 0.180927949555302 0.0308435014225595 -0.0147020114151933
0.00221794302779006 0.211212719647084 0.0180978928830371 -0.162528838835441
0.0897416257923408 0.179475202030838 -0.0789419762975872 -0.258674000777067
0.123863147384191 0.141330694717759 -0.19898183812099 -0.302366420041388
0.157387680364815 0.149164029521561 -0.263529107537943 -0.30480619315815
0.154207938885432 0.167686952750108 -0.248398777974712 -0.290016620373032
0.163601801320234 0.227126598667364 -0.171283001522715 -0.249630528058416
0.100082677350607 0.309825837400995 -0.0765330084811947 -0.183068798655244
-0.0720838801574578 0.344770743475837 -0.0298323751661843 -0.0286784777521176
-0.344817600654517 0.248928135250484 -0.21046157990535 0.0169640149198708
-0.422674488983139 -0.0377903009130031 -0.346505224045731 -0.103765008771185
-0.299544910358502 -0.184929320713122 -0.369408323454546 -0.343005478704982
-0.312696862476128 -0.26767535463917 -0.369922311721495 0.0146896625370539
-0.383613877044398 -0.158429971837896 -0.19695289562105 -0.0304456740758312
-0.38520381085407 0.042277214235488 -0.161399724941842 0.0187443226282641
-0.23268229419595 0.255607972378352 0.00113274408509786 0.00966380785657043
-0.0448290181634633 0.348196811299025 0.0265955421497972 -0.0921848042309092
0.116719579696069 0.320840569707476 -0.0252208691521269 -0.189902648334842
0.196688964700136 0.262383109051424 -0.129432363766475 -0.231464467876834
0.248343054258677 0.256878836954416 -0.177011704509996 -0.227090428000612
0.245762818620373 0.273688236433331 -0.163151900873248 -0.203778317288639
0.24730037806867 0.347591866137165 -0.107898069032314 -0.15969979847713
0.147644421444039 0.461098553058717 -0.0445065453951926 -0.097070589346902
-0.0833742204199194 0.496620302928892 -0.00566103551562339 0.0345456241669286
-0.427234410752965 0.391471478849931 -0.172225007625657 0.0705559354941428
-0.589668603140929 0.0437503351653199 -0.28499154716252 -0.0636651673825033
-0.47342882596593 -0.191931421266425 -0.253488316541284 -0.281476186479134
-0.411225123258705 -0.307414249570038 -0.230767449118579 0.118964749797176
-0.495337097126977 -0.159400218753971 -0.0956975344707909 -0.0192090690145648
-0.490293848310376 0.0653996061671895 -0.136045862386486 0.0150357253232294
-0.322356500567335 0.324641987543519 -0.0301821193788456 0.030006006965318
-0.0831913740267596 0.454128385201442 0.0190921586337913 0.00335643865941768
0.131423929696387 0.425709984826676 0.0267200372808371 -0.0752610493991807
0.240721380276742 0.347327220421539 -0.0428653967313331 -0.113960361940128
0.30125220751834 0.327202335288981 -0.0638902470159617 -0.113321653814259
0.297790806622743 0.336876778063679 -0.0496194639502661 -0.0935532484798715
0.295734919703928 0.410991178207585 -0.0153441178706323 -0.0569587239870597
0.181002056602147 0.538532839979268 0.0112993053136445 -0.00218969859273794
-0.0734056935029613 0.566941278712848 0.0304744087040442 0.0873622103543194
-0.434068291133583 0.464574747973738 -0.102512160771994 0.0982076529561274
-0.648423050030533 0.114349978836928 -0.177288389769558 -0.038726218706182
-0.558747550141979 -0.165842056773079 -0.0868161771032338 -0.212220627023693
-0.453792604711851 -0.292494064913441 -0.0504066624143568 0.240419301533291
-0.546616736287578 -0.123498626607846 0.0456659330921953 0.0211394998202649
-0.524468936533455 0.102444742864668 -0.0731167342121224 0.02275898822098
-0.348470900520339 0.357843665003745 -0.0527674567538565 0.0584253467156062
-0.0981415917686109 0.490962399134355 0.00812674068523195 0.117019668512837
0.132031930103664 0.46122240980212 0.0753017117964513 0.0680532897232939
0.250676957032614 0.373537949219097 0.0522325378979621 0.0306073042556503
0.30579737879428 0.34699912702813 0.0586644753555577 0.0204668864557523
0.299991745437751 0.34805759133107 0.0717194950731601 0.0261286787961203
0.287935930276944 0.413251937780285 0.0837227912085423 0.0445542435887779
0.164784674506132 0.524473563611075 0.0731811119540642 0.08612811417515
-0.0788490717002141 0.52781078343921 0.0593260212328383 0.125624917345455
-0.378312193309249 0.425786862916123 -0.0286194221216017 0.0987468454164556
-0.591070371594349 0.139357327602654 -0.0534202900507241 -0.0318650671237876
-0.545317277174418 -0.119322782712384 0.096589138274325 -0.142150362748822
-0.424166952263818 -0.219841868978734 0.143134091167958 0.348384185990195
-0.491984214215445 -0.0534837992160705 0.191658333012999 0.0701874685102853
-0.439064807302648 0.13003088378126 0.00907556079510701 0.0385672383248245
-0.287937542697051 0.316697231805109 -0.0577763398329796 0.091290509225331
-0.0814932423977136 0.426876224399843 0.00559789494878665 0.219789243248836
0.114340158865995 0.406995414326645 0.118784886938845 0.206127607735137
0.222600845883903 0.336130899334353 0.143766103229442 0.174422062965174
0.264692936261848 0.313096721554895 0.173295815872184 0.15031901803712
0.253029229763315 0.311257295979669 0.175914920720779 0.140347455398927
0.224554019102861 0.355562635686924 0.157357937738767 0.134270376252475
0.0991834790118194 0.427020984677511 0.111208603259339 0.155592141794269
-0.0964236270960779 0.389678467033407 0.0632458127701796 0.146282113976956
-0.277778830226752 0.2915453688836 0.025478238287191 0.0816624071118148
-0.443070569191509 0.116784928297736 0.0508314692009566 -0.0309750644992233
-0.443114694614009 -0.0636620565733353 0.258747114160727 -0.0769228509179289
-0.315157480084523 -0.104579589531362 0.313372964560616 0.413029534238576
-0.325437109521157 0.0249398889441897 0.307955984052479 0.106740330929322
-0.249993207509926 0.116665147821542 0.0915849301947018 0.0477654154461352
-0.169715934297144 0.195977055295313 -0.0402877776905398 0.10769144463472
-0.0534624672391891 0.276114696795012 0.0133545467414665 0.279043416638945
0.0754987255132375 0.278026262142239 0.151492338211232 0.304728360749881
0.157409003298083 0.240808590174355 0.219093464385912 0.286871472767412
0.184329230195008 0.23252123827667 0.259898607406434 0.256595963305782
0.170231614987844 0.230060001844475 0.244305645574966 0.234800381988202
0.126273719865344 0.249392261871965 0.189437351650223 0.206274889211748
0.0174306940515928 0.275678221839423 0.112051063796653 0.200427954783179
-0.102444907277352 0.203329984154697 0.0396518414882688 0.145936121483836
-0.144521655686343 0.126719638901499 0.0544672318812652 0.0594953210126327
-0.244652920798075 0.084268558334352 0.121789566070717 -0.0231519091835246
-0.288604740279475 0.000109405250736043 0.37400797862316 -0.0189367832629837
-0.140742089787095 0.0206096595819673 0.426368203597515 0.421753656089183
-0.094105836344959 0.0711739103018766 0.379710403010851 0.118101572538045
-0.0270899130292867 0.0481382925711299 0.163306738406863 0.0291973642302116
-0.0532134530314659 0.0295779655914783 -0.0138538464089073 0.0903039482731058
-0.0361277678726143 0.0844713951339721 0.0211231373062082 0.284716593339362
0.0157857011023588 0.110166293992745 0.166330188000928 0.348231845586845
0.0621874106923178 0.113704777152816 0.264370129069568 0.3497359470636
0.0767227012297774 0.116817543676006 0.30869788803074 0.323507486864533
0.070278010033836 0.115330081140613 0.272615511470676 0.299302696364156
0.0287268411625228 0.111671826183126 0.183189979470503 0.253333127577389
-0.0393920566150766 0.104257585241756 0.0851444099793692 0.217143286444817
-0.068923799673318 0.0280128943563801 0.00531421036787921 0.124530265169377
0.00491807024888923 0.00249337045344809 0.0715677472462525 0.036458585583307
-0.0436637921100137 0.0789082935123396 0.166550301653136 -0.00411383013832979
-0.116311585790762 0.0752394803258477 0.435469195750121 0.0258510528934754
-0.037512955156718 -0.117165459987644 -0.520540744985671 -0.0886361789725593
-0.124120785268117 -0.0985673553143052 -0.261305591102609 0.0368659522447103
-0.137097490508192 0.0319311535590856 -0.108376546604307 0.0185197458318053
-0.0202431075877037 0.0993177232320238 0.0432554249121156 -0.0541091664762682
0.0324570172819472 0.0700760873193223 -0.0151887418659808 -0.214989013506425
0.0440823182013881 0.0314393676428527 -0.139349951649257 -0.295860340714255
0.0330529835967215 0.0110586067403064 -0.258120859031526 -0.341509955418573
0.0424115014136956 0.0209671370994895 -0.328514078031388 -0.354526523607852
0.0460622469366902 0.0342018236346791 -0.305491655371797 -0.35731831905729
0.0769573002694763 0.0700867020762799 -0.205850466426233 -0.328887554555546
0.0689920961704641 0.121191957133386 -0.082981090095453 -0.26325550148111
-0.0250198153487314 0.165938251932126 -0.0322959171906885 -0.0997224716376407
-0.197922580727565 0.0989329710974885 -0.212091132963484 -0.0425061585085259
-0.188872944026638 -0.093499577521308 -0.365887083241096 -0.146240394270823
-0.0809377859175222 -0.139972291663131 -0.435365761962859 -0.405728056663388
-0.191742723838091 -0.206259940322987 -0.481983263380368 -0.0626059193071921
-0.266886474172864 -0.135804930886126 -0.258966325495827 -0.00982910548690495
-0.271015001251839 0.0406756299804959 -0.152542663199591 0.0272919792196738
-0.126056370925106 0.19026120388459 0.0301170201969476 -0.0155155037240707
0.00335091322988895 0.222196777346025 0.0183860170107667 -0.167913636914362
0.0936840850442312 0.187464250008048 -0.0834861621049549 -0.271410998901933
0.130711651832355 0.149057830206473 -0.210821147407861 -0.318198435230784
0.16542303744442 0.158088391400283 -0.279956496660042 -0.322258810940332
0.163378139202201 0.179795578737235 -0.26231160949711 -0.308065393486781
0.173635810494619 0.240115396504342 -0.179629684129213 -0.264950288847921
0.107198937662046 0.324461060853469 -0.0783374320646547 -0.191598022809858
-0.0746882117522737 0.362752325911741 -0.0299459213865158 -0.0309844207942225
-0.362874965828205 0.262328955842737 -0.223081526148054 0.0179309325297237
-0.44731988038364 -0.039198597666218 -0.364333257260311 -0.112234436806015
-0.31585791306025 -0.199576955212139 -0.387317515486407 -0.365786834068467
-0.328054378118553 -0.284660242218045 -0.391906907968714 0.0101535978543915
-0.403189098219464 -0.168526633655428 -0.20924567274072 -0.0373578691081806
-0.403461791743861 0.0428783246616523 -0.17059414537629 0.0207296509890387
-0.244582328148335 0.269831713665858 -0.00167041814280609 0.0108311925635375
-0.0456957675929153 0.365601283807916 0.0276241264261361 -0.0946499035805598
0.122509658460051 0.336257514595366 -0.0272606907932922 -0.200257973216987
0.207979300415972 0.276791945749172 -0.138650638140764 -0.242125748599932
0.263069410243422 0.272821364441734 -0.188817669653645 -0.239732678489914
0.260526101704997 0.29160248642605 -0.173530466316555 -0.216851342549823
0.262415908754047 0.36737163389038 -0.11276737102763 -0.170841138396297
0.157892104897181 0.482751523045429 -0.0444678082893368 -0.100738364885598
-0.085766620304282 0.522265473798678 -0.0034431712262063 0.0355349577909935
-0.448482060755041 0.411138616647511 -0.183096680869315 0.0743067092322361
-0.622315783313013 0.0457469895685772 -0.30090502469981 -0.0693755978083695
-0.498693697150805 -0.208789520805819 -0.26748802681543 -0.299178339708059
-0.432366727580279 -0.324932789910419 -0.245910168466032 0.122389157606208
-0.520549013811735 -0.171221384692168 -0.103327610826209 -0.0268948579147026
-0.515322213387254 0.0672607368024745 -0.144408727131555 0.0157032187672707
-0.340181568565143 0.341289360102281 -0.0357357889602135 0.0318176855799885
-0.0877630068788987 0.47690870053416 0.0197965364781006 0.00589207555948947
0.138297363300388 0.447221872469366 0.0267756067544077 -0.0800390725310682
0.255620711023659 0.366403668628217 -0.0481375505957628 -0.118689559048587
0.31926534035496 0.347069753217363 -0.0692082392780492 -0.118616871503303
0.316241952554201 0.35594575293847 -0.0535737499656906 -0.099300750850594
0.314629554417998 0.435504621550746 -0.0155283150973736 -0.0621914425604974
0.193751591640831 0.566245693978713 0.015182319424596 -0.00100179986614143
-0.0782130246000988 0.597519602371098 0.0352569009917901 0.0906734397479168
-0.457609912371181 0.488156072951636 -0.109251156963393 0.102510642370468
-0.684880139237803 0.120186073601488 -0.18673074022153 -0.0425910043368579
-0.588424948685125 -0.180537240537271 -0.0936280363115939 -0.224726402855979
-0.477570905188264 -0.310158864223544 -0.0564688169285859 0.252571372584668
-0.573795777382462 -0.132456688576435 0.0449140859284841 0.016123375994159
-0.550843537251917 0.105703886242942 -0.0770112935891279 0.0225140304486344
-0.368046582924615 0.377841435599498 -0.0598589525773961 0.0617758301597487
-0.101419714708247 0.515996978642634 0.00802753203747691 0.123962763493151
0.139284035813849 0.484584405153615 0.0778788044656105 0.0705979865328254
0.266466188498416 0.396066306141296 0.052130609542688 0.0346535701125172
0.324382275233542 0.3678896264211 0.061983140887456 0.0227158981403658
0.318484078618445 0.36820167097605 0.0752153728133328 0.0282679317647846
0.305896403934317 0.437322018879384 0.0884481387216268 0.0451710325992261
0.175508567801292 0.551625829143887 0.0799468710020515 0.091667243338961
-0.0817726884250738 0.555980275628631 0.0654768612874222 0.13077572395881
-0.397871098947185 0.445918869652504 -0.0314143610796071 0.101718934402489
-0.623132856207126 0.145130512913876 -0.0565352630869822 -0.0344485220309587
-0.573361705183531 -0.132624576275116 0.0987218335833722 -0.148244280097805
-0.44530075983262 -0.23440906599371 0.146970525137796 0.369162916347653
-0.515627697351488 -0.0581545369565735 0.198626350355521 0.0689331896797262
-0.462862393061736 0.134083325691651 0.00954880919561225 0.0389188952706228
-0.303371341841933 0.333730756958771 -0.0641170180240579 0.0958113941267636
-0.0848241345833519 0.449366944618327 0.00564765905580399 0.231390168092719
0.120675880869872 0.428432984675973 0.124096363656571 0.216356661557417
0.236987992905964 0.354376303675696 0.149383311696818 0.186195027665349
0.280169260320313 0.331260715881371 0.18293853962668 0.160613935822913
0.269432832786197 0.330012485798808 0.185610711058427 0.148196383084325
0.236970875368059 0.373174268348137 0.165959305099129 0.139787579671882
0.106717807529731 0.449854627613629 0.120742317633809 0.163859532229299
-0.0992795136845598 0.408924994939021 0.0696239400009859 0.152044762355632
-0.292227086912517 0.303854166512054 0.0258867201303778 0.0839095601097691
-0.464606271649866 0.122568499533641 0.0539366059001076 -0.0326899319365256
-0.466703521234331 -0.072109500973043 0.27011327823908 -0.0780159387688156
-0.328609799449988 -0.111922624109416 0.327985479861496 0.440029223597265
-0.340467192201348 0.0244351205967514 0.321649198313014 0.111069026109103
-0.26229702563485 0.119744258824683 0.0967481772104156 0.0483316095992194
-0.180670151937184 0.205876449210936 -0.0447916134872639 0.113113560974108
-0.0560034782271114 0.290370593631876 0.0141024876653675 0.292321177713142
0.080838223979184 0.292910947733327 0.158044369188354 0.321224320169767
0.168219452355244 0.254438138974884 0.229785916102672 0.306073821358381
0.196069187722298 0.245309659895716 0.276119083906701 0.27197672391955
0.181421728845187 0.243513428996804 0.258636446899751 0.248611294315125
0.132560690082703 0.263255003420117 0.19864085160342 0.216006053570996
0.0203810179384929 0.290770518411465 0.119824094544401 0.210126866264619
-0.107414576299212 0.212993454738956 0.0448867879527209 0.152548135505012
-0.152290585473078 0.129803191466892 0.057040773011282 0.0600285559610933
-0.25632242734302 0.0876360979151424 0.128453303180276 -0.0230109242254111
-0.302790287195294 -0.00262462124176931 0.392182361735711 -0.0158035361445283
-0.14654312652048 0.0211475170492467 0.448244447836316 0.450576227223809
-0.0974093644430683 0.0743608788442306 0.398724639574803 0.125739904002939
-0.02838983768908 0.0487887548450828 0.172194858063043 0.0289831069989239
-0.0576522345510037 0.0312472344461616 -0.0156171078836312 0.0936584754775399
-0.0380150678332238 0.0890814397149452 0.0211378973351588 0.297772619060986
0.0173124328564763 0.116724487524812 0.174264776370698 0.367829815814036
0.0670883240903381 0.12017449104291 0.279365781118653 0.370646572633205
0.0825325328205429 0.123205414701377 0.327767974111754 0.341898472524408
0.0745489619036844 0.120781890754949 0.288481852771464 0.317400920963945
0.0286277366015148 0.117678807319385 0.192835294986333 0.266445130070306
-0.040876088197772 0.111182041575795 0.0907090824510042 0.22609760749289
-0.0729944322145405 0.029295651647311 0.00793035689149504 0.130364759080902
0.00544421942025809 0.000418079525349569 0.075925097838435 0.0361264883122908
-0.0436434003944167 0.0823690247086205 0.17535672758738 -0.00157852082609726
-0.120687487480231 0.0788110066166739 0.45648460842686 0.0323823755382679
-0.0581768066059024 -0.122699704031633 -0.557428429789651 -0.00258204372653693
-0.146041975830854 -0.0863930298644417 -0.261531266008823 0.0802769021467205
-0.138214109810117 0.0562770145598753 -0.106566077334141 0.0336029175701535
-0.00497332149870909 0.107794419767588 0.0332655382461802 -0.0696907853434956
0.0481693869569394 0.0681554164938093 -0.0574383376305304 -0.222040823147094
0.0520993978171121 0.0268815155958044 -0.200007666046091 -0.28795741414656
0.0365460853253264 0.0074440079192681 -0.339333357493052 -0.317012944657553
0.0503822807937082 0.0147393963450846 -0.403574491678725 -0.317542806039481
0.0562624615129998 0.0277792719793296 -0.382018136640917 -0.328701476450091
0.095023960281956 0.059194620780685 -0.26787219151926 -0.314127188116581
0.0948539302301159 0.112388461872639 -0.1286944397198 -0.26590272436316
0.000130507885514357 0.176188630191745 -0.0472344295537623 -0.101798534029698
-0.187583485025689 0.136820091529039 -0.226176901885002 -0.0052351509845754
-0.208252571126219 -0.0655629504531959 -0.407938955415357 -0.0898433527363387
-0.1060099782639 -0.129131352273099 -0.522754907505773 -0.365865510492585
-0.238200773751592 -0.191269241130845 -0.499014180223316 0.0177532082172163
-0.301752155434079 -0.10455433528186 -0.262055233010289 0.0274533927049166
-0.277629262705679 0.0852375753081236 -0.143298453554735 0.0472190992012608
-0.102686479114899 0.217813127668331 0.0312343547810587 -0.0304848173441641
0.0403007208079914 0.231205566339881 -0.0131727944752327 -0.18692957909805
0.129113405876047 0.182126651257802 -0.141097885295299 -0.279114134215254
0.160905810902618 0.138635114548661 -0.285412575762379 -0.305587569394248
0.201731081721895 0.139064434045623 -0.348782674506838 -0.291565401894473
0.203403492397781 0.160614669382915 -0.328268080120503 -0.283608234807813
0.221930835136848 0.221293302372705 -0.228274244702498 -0.252714112689713
0.166622636308848 0.316500484967618 -0.110962177817867 -0.194114214982975
-0.0218672948569362 0.387317712876944 -0.0297402218340702 -0.0335206822763472
-0.331725555588404 0.331362665389046 -0.224608514018328 0.0605010926026635
-0.467213945588951 0.0292554325544867 -0.399920440984619 -0.0492444842215186
-0.358447761932546 -0.155877281924971 -0.467282782351153 -0.332395741613462
-0.398562199694048 -0.249921342978444 -0.377064148455506 0.0734536388883423
-0.45095224265765 -0.117814456988899 -0.210270128947894 -0.0124037860710199
-0.416467217584545 0.107459226059307 -0.157711202392327 0.0389707976719352
-0.215705196483003 0.317466411715592 0.00744945147624427 -0.0013114966503673
0.00988122159381178 0.387005845075066 0.0117621019639206 -0.119669841911078
0.183368726470343 0.333361046653231 -0.0715619392749486 -0.221193750025556
0.262351269428623 0.260742266696077 -0.196027778254661 -0.240837788490009
0.322181637366582 0.244854006976849 -0.241376864343054 -0.220329506601821
0.322919900918121 0.262157916993664 -0.219985800330657 -0.202525228722003
0.334958114422746 0.340203974655954 -0.143295213193018 -0.16604328250268
0.244754680623705 0.473144568296542 -0.0593261840121389 -0.106217228969699
-0.00902482239740371 0.555220966668538 0.0112502504743368 0.0287176025212795
-0.396770520718927 0.500899984084664 -0.169040465493457 0.111277603116126
-0.635028103311225 0.145278714883076 -0.324172698676579 -0.0109689872247541
-0.54814200929915 -0.138727979138543 -0.335273935412949 -0.276681958773696
-0.516726725686261 -0.274027133606782 -0.194061797194494 0.163665430096273
-0.574653000533968 -0.103703225727524 -0.093996160193475 -0.0231701836437762
-0.532990996182754 0.148673390312655 -0.12445907947635 0.0229709750342447
-0.306066601422472 0.407488224032111 -0.0207650389552447 0.0226979953751853
-0.0168052156802056 0.509660883367819 0.0228016047260818 -0.0205481675224968
0.217042155677646 0.446835944330424 0.0041662285910846 -0.109294523768298
0.325171217872445 0.348058083493229 -0.0766147668963099 -0.128331376333452
0.393947771608301 0.313444641127012 -0.0959766268112957 -0.112622519179435
0.391790264083457 0.319988362947468 -0.0745420882547163 -0.0981477626265576
0.399407467202872 0.401403413587044 -0.0225898210589097 -0.068923058769312
0.293252387543356 0.55349422190184 0.0197702461382643 -0.0128012616242709
0.0116297850171236 0.632034959675189 0.0616970315468508 0.0788660474991987
-0.393505239872753 0.579508834784436 -0.0859699399135279 0.127787901961938
-0.689298283308619 0.231120505169957 -0.198561800814248 0.000812167357177471
-0.638987630581066 -0.0975719989437608 -0.13933361561731 -0.222750793717138
-0.566793128670857 -0.249588477412388 0.0320977686680861 0.267917572059113
-0.627548002111769 -0.0540451546839563 0.0712910492331846 -0.00483913453747425
-0.564000641905566 0.19694945939557 -0.0522700304696395 0.0138634100835741
-0.330652242541263 0.447710657164531 -0.0387827985831777 0.0556552350127342
-0.0291755456061639 0.553151385294101 0.0327957006867458 0.102113245707642
0.221672216056216 0.486813603148615 0.0831785587869496 0.0382017171299561
0.341459781365989 0.375033414051211 0.0584130589829388 0.0155935091434122
0.401087176211801 0.333867791684255 0.0647917932596518 0.0134197010399175
0.396636573408384 0.332575648189742 0.082781186610253 0.0153680181378171
0.388918860596734 0.405571271899314 0.103917812631004 0.0266811573588054
0.273895218209068 0.543272448249449 0.103590609000218 0.0739831083711933
0.000812871047566928 0.587811279586923 0.0999274206790105 0.117446365301418
-0.337772284452395 0.526946771759438 -0.00598445439201811 0.11244076669259
-0.621905690716312 0.247734891655424 -0.0601006435920403 -0.0121694848953982
-0.615523166613207 -0.0497139063793025 0.0762807888940306 -0.17007620437582
-0.519316015492294 -0.172366099896808 0.263226070550254 0.353259786441729
-0.554122396944456 0.016483792970262 0.238997404497649 0.0257314084911677
-0.464967245650101 0.212278705815647 0.0367935957995498 0.0165712297512339
-0.271701235630371 0.393106635202144 -0.0389725392867781 0.0952335247921433
-0.0237743952633831 0.481894275315946 0.0487453462129157 0.217377734491046
0.194592124471705 0.430286035672415 0.158187556408275 0.186675521092869
0.303584580271834 0.336012821568595 0.191039395508758 0.161099238471463
0.349203506690365 0.30471104660822 0.215378679868042 0.137475598664919
0.337349062304684 0.29934020409061 0.220536212786243 0.12479238202702
0.30571745990536 0.352218322751973 0.200960155335528 0.115061266773538
0.18617510539184 0.447639182066358 0.157532181780263 0.14584379272554
-0.0418299823758767 0.437813681133334 0.106701426300575 0.142474898754428
-0.251915274708924 0.359990362436876 0.0478123325932759 0.0833261394055884
-0.463010721621272 0.199572073438272 0.054267214325545 -0.0313503702056224
-0.494249613810053 -0.00388384440976133 0.269136519568535 -0.121039597519985
-0.376768789292201 -0.0617695401832978 0.452859223202572 0.397362309128454
-0.357575616682218 0.0785902247120245 0.368884682383178 0.051279228525756
-0.258699705923449 0.166358092984183 0.120715890059431 0.0175859372933905
-0.161921853283488 0.241834777440196 -0.0204692485317428 0.115656501127247
-0.0192490383531543 0.311087096300969 0.0672872045097997 0.288797453475327
0.129291582874188 0.293853545572735 0.215029045595378 0.298412834979978
0.214978027283024 0.242361050822206 0.299920347298239 0.277201650660757
0.244186896596428 0.227691049225026 0.332509592984019 0.238878774561379
0.228799474559449 0.225043274993713 0.315002259762876 0.218223593205835
0.178106022847656 0.252993776033658 0.246635373957488 0.189993594092392
0.0677788304804306 0.297660983705093 0.164570213240723 0.195961677031685
-0.0804595075661512 0.235973055736936 0.077639033749907 0.149467098709855
-0.136334675395403 0.157434123385947 0.0727151133183767 0.0523580246457245
-0.250481064338199 0.129920218068565 0.132761983457761 -0.0377878167116694
-0.312878655832902 0.0410059464510576 0.40782449714597 -0.0727394946182223
-0.157778304696516 0.0487987176366139 0.565325401067623 0.392012632531628
-0.0933242980833158 0.0946957898385317 0.444124092247946 0.0601429320554392
-0.0233745523300607 0.0549978990764592 0.18662965322611 -0.00576621318154396
-0.057846268915985 0.0412877178507733 0.00147735735041189 0.0983629541453772
-0.030490775120052 0.098528944208155 0.0754876294156147 0.30261049062328
0.0347740549862358 0.118975542104458 0.244028498191581 0.353667690496849
0.0880853627398211 0.115961026886293 0.366997326151079 0.34234769219574
0.104967375008384 0.116982547562806 0.399270290150782 0.304130266437306
0.0958936015978331 0.114636250907584 0.35794920545749 0.286319030158643
0.0455593754425355 0.11936358901474 0.247854044428186 0.246306422962741
-0.0253416537383989 0.122576315572877 0.13423357459791 0.219765499404938
-0.0720233126050381 0.0404400092585394 0.0327991759632464 0.135376132290091
0.00511265000667526 -0.00313678470505717 0.0854515721050739 0.0224674890101198
-0.0316830987089132 0.090704260734502 0.185858340751595 -0.027156025445045
-0.111457919411234 0.0976384803007102 0.484564351167895 -0.0304846135332522
-0.071372290365072 -0.120090053487751 -0.571778101292777 0.0440441433872812
-0.158258842443138 -0.0731449377005489 -0.259942517223678 0.0999028378939402
-0.13529441514997 0.0713607012383194 -0.105726779738909 0.0457336215338237
0.00627677925325471 0.109347014229777 0.0251068644549703 -0.0730119503616581
0.0565341238429065 0.0655488390256673 -0.0791579067226186 -0.217107315476903
0.054267209191887 0.0220647239151914 -0.230628603403016 -0.273390865435642
0.0370395683679001 0.0051993498137461 -0.376280760660429 -0.292816866230888
0.0521724081219116 0.0119380737350721 -0.444144402788698 -0.287307265487388
0.0610042811397017 0.025521727579173 -0.421206327260303 -0.301181844730998
0.103376854435618 0.0509659737363595 -0.301566657076922 -0.297430366358823
0.106314230007042 0.103598323316213 -0.153347624909057 -0.259889993896683
0.0171995656872215 0.178760144770366 -0.0558628535534358 -0.099607991792473
-0.178205751659471 0.158117748288894 -0.23093536823642 0.0170893611285688
-0.219169665039886 -0.0473192033723574 -0.421933161216814 -0.0571867500252984
-0.120813680723002 -0.124070780863886 -0.566943181450321 -0.333085404492549
-0.261297939495878 -0.173936074690249 -0.511124546881283 0.058952427471994
-0.317859690785829 -0.0790288971990239 -0.267923400206515 0.0460522599887006
-0.274435244829981 0.112279848721653 -0.142274509892712 0.0632522842788962
-0.0834502242335389 0.231339103743271 0.0261282129646505 -0.0329937832457046
0.0638665059073081 0.2314335719139 -0.0302434166091107 -0.185436308852585
0.147281043348523 0.173060115411259 -0.169718775154632 -0.271176783932253
0.176711526537092 0.126529180950559 -0.321099650344607 -0.284138270263035
0.219800442214285 0.124247445266242 -0.384415083406577 -0.266224002978118
0.224904770765293 0.14757963403802 -0.364336587979439 -0.261054964608692
0.248177610488989 0.205937177875332 -0.256345795882836 -0.239455754686018
0.198261164978625 0.305492984136314 -0.127408248543547 -0.188143129763965
0.013583998500906 0.395148577543627 -0.0321184952620674 -0.032219052669164
-0.308041972952468 0.369609071430888 -0.223728545223161 0.082995267600862
-0.474672760519525 0.0716603792408668 -0.411725926993345 -0.0166982368412779
-0.381123922963583 -0.130916200411386 -0.511443094213062 -0.301748857653246
-0.429598088892915 -0.219314992373429 -0.381872844090116 0.105944766221204
-0.469662871884317 -0.0811689797911753 -0.220302513887346 0.000132363514169677
-0.413461572115887 0.146858769057479 -0.158400005466838 0.0551665464690211
-0.190711024993393 0.34309579883139 0.0044139244913984 -0.00142855861464854
0.0482281557424311 0.393975114242654 0.00185038112949765 -0.119778012164181
0.21700378929233 0.320781293526014 -0.0943646840720878 -0.218144611057166
0.292320541105947 0.241574315982699 -0.223329948285054 -0.225724117997855
0.353758348070992 0.221355803332092 -0.268403932275998 -0.202186107567234
0.357318600661042 0.239057300514504 -0.245800662036359 -0.187136398744561
0.374872572038481 0.317510412375369 -0.161483036742839 -0.159428349494759
0.294268983740252 0.458326466266748 -0.0665236774751278 -0.10318099718968
0.0416632778731411 0.565136237825498 0.0166652791415403 0.0264848356315835
-0.35997340147496 0.546254287033177 -0.163600052322599 0.129237016156993
-0.636748333338496 0.208289153441876 -0.332516382074977 0.0165470914174996
-0.574218833611936 -0.0960225993053811 -0.37097510368495 -0.254000850859837
-0.5526624185517 -0.233188088823798 -0.186326243278914 0.183316162333168
-0.595350759747304 -0.0539568250918734 -0.104367564057449 -0.0208337229304006
-0.527374370131069 0.198461792451653 -0.126529758688212 0.0342195271553983
-0.275033177082591 0.443354483779205 -0.0224293625470438 0.0257914716587239
0.0305555255270862 0.521505874714245 0.0221549854084677 -0.0204558593429672
0.262556873343816 0.433201373055395 -0.00702940488620008 -0.11237930797189
0.366106543035878 0.323332060259731 -0.0916161519502963 -0.120835819175949
0.433192250028617 0.284021295946885 -0.10934010944599 -0.105264931877641
0.433828141104081 0.291013929904349 -0.0867486458572133 -0.0936309245793183
0.44773017182374 0.373183722275714 -0.0295212930654125 -0.0710690080450915
0.35345164791844 0.535550806230713 0.0236778597973391 -0.0150003327318146
0.0693147904909933 0.640796397673677 0.0726126076114585 0.0730420247942576
-0.348052837804048 0.625630470026952 -0.0775649971971335 0.137337524258182
-0.683346634505017 0.299193521509136 -0.203519917446758 0.0175386401860852
-0.661480630409244 -0.0469681520407373 -0.166490620932787 -0.214269689351406
-0.598656211821167 -0.204589975988474 0.0539977890009561 0.2699239508897
-0.642381275090376 -0.00160532375343256 0.0650011117672739 -0.0156382954167672
-0.557529149451808 0.248875991534672 -0.0527049157514623 0.0178538036164511
-0.297039265495174 0.486289223431157 -0.0384718085357984 0.0606656361221648
0.0213076171958206 0.5667173992042 0.0429991653713057 0.102789782130604
0.273078697087792 0.473762761419333 0.0875994835604453 0.0312859169177065
0.38586149111215 0.350654726129172 0.0603618572025582 0.0140882511264304
0.443560873744893 0.304282062535267 0.0669675486707583 0.00867009576073424
0.439608301555752 0.303489833605454 0.0860083856816403 0.00782986798906399
0.437277247990584 0.377573999277581 0.108273559943673 0.0149824573592252
0.332463850837215 0.526004571443094 0.117150480183933 0.0653716739740792
0.0541006745458702 0.597992896189051 0.115746009493092 0.108091824906564
-0.298104789883887 0.56691124888807 0.00272795268765346 0.114388624205696
-0.611724328968287 0.310748179348012 -0.0640905791040102 -0.00806294651364382
-0.633089524816888 -0.000743967192623879 0.0586613909356943 -0.178096868373522
-0.545184228936575 -0.131519603087082 0.298868529567566 0.339649653386973
-0.561338724777817 0.0650074702861367 0.239840749461066 0.00185789685677576
-0.455661975663244 0.254890478686101 0.0382046415537046 0.0116942209327265
-0.244123914157987 0.426835348632043 -0.034583697456906 0.100431573226715
0.0202476535804605 0.493212955674192 0.0693155312277591 0.217478769807172
0.238201775800499 0.420156644540383 0.177660084299517 0.176036603019876
0.344170566627631 0.314897504208103 0.209851216671042 0.150388950306501
0.387030267676856 0.278184887299801 0.233987204122812 0.122294197215578
0.373747899331557 0.275640589910445 0.237518747439546 0.106385031437946
0.345794859319616 0.330223640313379 0.215044936175039 0.0960873713802497
0.233524906781511 0.439344950510266 0.176988283670731 0.13200911021946
-0.00223510394263427 0.449139312489162 0.124265364445432 0.132902894414886
-0.225385421723317 0.387934085225663 0.0548056959683131 0.0789758342900014
-0.451466844875204 0.244884970220941 0.0518082663818094 -0.0367676031688723
-0.503307739302204 0.0360101562054312 0.260451912361738 -0.144192605866428
-0.387383609732724 -0.030429893810403 0.498583803394242 0.367534578953083
-0.35615380513089 0.109479624362978 0.376750162012754 0.0193628395125492
-0.248077535231204 0.189955872586256 0.123673111281483 0.00519571671671554
-0.14395294248736 0.261826752803802 -0.0124832786038092 0.119445797530382
0.00881575889300452 0.320170684948939 0.0936398405016955 0.287367960636964
0.160058218686027 0.287754977741062 0.246369075872774 0.284958112714932
0.243669502932637 0.22673490465363 0.332496309138606 0.257728445027111
0.272984016899367 0.209180245599822 0.364109071017727 0.215100681087195
0.255801543102698 0.208242147625817 0.344189700689688 0.193473525874534
0.206462206163043 0.241342920003514 0.268856040289375 0.169534004329591
0.099490116182684 0.296834075278035 0.187588540821891 0.181887941278023
-0.0605833932291935 0.247459265098926 0.095374618348517 0.1437378284637
-0.125847100124217 0.168949329359655 0.0772564884584875 0.0448842546879747
-0.241450144044932 0.154795124827981 0.131496518696782 -0.0494133182271369
-0.313573988637916 0.0679520725873273 0.40850669211466 -0.106202174664477
-0.154880401178845 0.0631654117629442 0.614396495834926 0.352714864289545
-0.0846895584372497 0.103402094659835 0.457436546953054 0.0237161981981207
-0.0188302727147981 0.0564006093942306 0.188635249846866 -0.0240219176385822
-0.0571033584291339 0.0489676466569699 0.00846972673771839 0.0992322891785057
-0.0220449738207866 0.10431692551255 0.102424814682577 0.300294892069002
0.0481602447440236 0.11818558558565 0.282514308192456 0.339801396434239
0.103262459404171 0.109409841600989 0.406537167642441 0.316943099376666
0.119605843959491 0.108944511723721 0.437726125886804 0.275051878336422
0.10894413063406 0.107765310696423 0.39451230202763 0.258754974373898
0.0570651485748566 0.118186695677265 0.274077839895814 0.227045981079235
-0.012874479008099 0.128032073760359 0.15782122406292 0.209093739177317
-0.0706365479552178 0.047864937384012 0.0477866532759583 0.133552883599324
0.00447032943999643 -0.00676006894751422 0.0881770006067542 0.0125210904363452
-0.0215776900316163 0.0946543870617801 0.187232741259692 -0.0426204542031047
-0.102780502794447 0.108438627009863 0.492096758954293 -0.0689964268478213
-0.0799609561221976 -0.110248974125713 -0.552902450089451 0.0864961985363378
-0.159932355416456 -0.0561424069005108 -0.245972848379409 0.112665315967951
-0.125238710570851 0.0814839763176264 -0.0989060835887602 0.0546816933835455
0.0162375181575797 0.105523740006115 0.0163253978120041 -0.0716688780370964
0.0614334422239823 0.0574866493682474 -0.0943106909810914 -0.199704823346638
0.0529684847826899 0.0170784970542338 -0.246607892131927 -0.244821891143716
0.0351489384476034 0.00269849670607569 -0.390007748870446 -0.252609426749707
0.0513241971573759 0.00824403428110079 -0.456868567099114 -0.242226566556517
0.062562487399518 0.0209014140039795 -0.436036717148574 -0.256781584188504
0.104816559662243 0.0405133922264275 -0.316809221311612 -0.265465388242684
0.111058235411011 0.0886244877724418 -0.169124033426529 -0.239439305338956
0.0315755082580465 0.170467905894544 -0.0615051472123674 -0.0921150364384814
-0.158695543829564 0.169430447298649 -0.221850993597349 0.0378064401652803
-0.217266640714207 -0.0270636023132416 -0.412001037071849 -0.0220432652482025
-0.128713939896933 -0.111764963268662 -0.580488372557776 -0.281812044092898
-0.267742272373987 -0.146678269767436 -0.495429934725312 0.0940594230949031
-0.31479725203922 -0.0489489656915569 -0.258867212759284 0.0610772420814826
-0.255791711847698 0.131434791117649 -0.133022348117001 0.0744433334888525
-0.0602127433508775 0.229992917600011 0.0203890221507619 -0.0321376653755561
0.0829717486030147 0.217489191365874 -0.0434929791374565 -0.173655500916797
0.157383812260487 0.154172812716709 -0.187806619780851 -0.247480653676828
0.182126226351156 0.107796672866527 -0.33615713518284 -0.24697110883995
0.224357269563416 0.103741957892905 -0.398158111430346 -0.225358255858173
0.232768528456441 0.125852359065184 -0.377287164946901 -0.22293199721833
0.259644047808489 0.177931462468817 -0.268435441845417 -0.213071219329237
0.21766489782211 0.276939408427018 -0.136591177559616 -0.172135212980002
0.0454786302327626 0.38109811640635 -0.031832294732007 -0.0298762818984677
-0.266460129362987 0.384094464867183 -0.209609168936173 0.100326423440344
-0.454033739300214 0.109746743176643 -0.400851915828286 0.0160452418434717
-0.383157518751676 -0.0986790357658883 -0.522702115152282 -0.252728560205651
-0.433927943687582 -0.177129532854366 -0.365852693985254 0.131974700644786
-0.462239588153612 -0.0395383342183574 -0.219729778074248 0.0130589491015735
-0.389481114708748 0.175759242305137 -0.149135871250799 0.0676238982586457
-0.154959962246167 0.348625624373328 0.00127964543815112 -0.000131666876909307
0.0817299908222435 0.375951065621372 -0.00702620564451405 -0.113175811317529
0.238740872293487 0.291422682293549 -0.110034225583874 -0.203710138813983
0.305069777512651 0.208703579483072 -0.237137969158655 -0.197681841435343
0.362644651879219 0.184895282753639 -0.280103636885282 -0.173398670120963
0.370375136395377 0.203519924421206 -0.256817461475094 -0.161462980572256
0.391640498407163 0.276550849102057 -0.170058991034419 -0.143688815271461
0.325373417489824 0.418051551162256 -0.069602519802972 -0.0955681221032164
0.087304138754598 0.541925551350958 0.0201900345335276 0.0217174561131507
-0.301776131525219 0.560330641292346 -0.148316685461452 0.139516095399775
-0.598416632885426 0.253761513381088 -0.322698365146398 0.0420345760278256
-0.56990657773205 -0.0507019855943589 -0.38378641572726 -0.21715211327096
-0.555022153340932 -0.180322584658077 -0.169081886867719 0.191648211269015
-0.580302897318989 -0.00593982869983352 -0.11024189970966 -0.0152164853765481
-0.495193490712909 0.232272548023304 -0.121393707291032 0.0438651491066964
-0.228890548497101 0.452249577923242 -0.0229830810889031 0.0278062924815754
0.0747810228377842 0.50225371670835 0.0210299194369746 -0.0202081293109937
0.292684815906052 0.396575600308252 -0.0168532752591128 -0.108597348522377
0.38503364177808 0.281737058018885 -0.0992119504972683 -0.106678317281978
0.446359395779173 0.238826105908811 -0.116127018929964 -0.0918503773506574
0.449194034358873 0.247357301006977 -0.0933877742277871 -0.0837705364108482
0.469554520274265 0.324774219007559 -0.0353067023445198 -0.0702772402433331
0.391892609597304 0.486259518103888 0.0264903423854581 -0.0186553285767843
0.121597132720256 0.614526921504272 0.0791034103409665 0.0615880342416973
-0.285053987028338 0.634457712042214 -0.065215318437221 0.139252980649855
-0.636064220624169 0.346917803053235 -0.197767130561113 0.0333953985183239
-0.649497254021837 0.00376863315768665 -0.183284011112048 -0.192873339896478
-0.596973642660408 -0.148506955635826 0.0719713677060323 0.257068424178818
-0.623099351903179 0.0502125989270044 0.0543943583651192 -0.0239878164652801
-0.520347338803483 0.284612402979095 -0.0518189728084002 0.0208805483099312
-0.248010691778224 0.499277086553889 -0.0351814069012958 0.062749797927567
0.0696684866372924 0.548119526277783 0.0510200242293038 0.0961855596006684
0.304583710927883 0.434185296008431 0.0872885433945936 0.0220585474596995
0.405759813066391 0.307941635603514 0.0598578820834166 0.0111978325637517
0.460161734146696 0.25674275649072 0.0654937617497714 0.00427353853384425
0.455318315689121 0.257035611925602 0.0839144364306242 -0.000434088082641502
0.459693157336192 0.327877842906489 0.105362186086231 0.00212574479704047
0.369968424935565 0.478101818451387 0.122651540801631 0.0512091778570612
0.103834783125877 0.574092912762692 0.123989609860228 0.0916620175391695
-0.241668744199749 0.572517868223353 0.0101011121632111 0.109400162433701
-0.565346385397604 0.351445187353404 -0.0640150298950379 -0.00209735979742593
-0.615874880833575 0.0468507437890054 0.039490126206035 -0.174384384841547
-0.538267039925185 -0.0821512656671618 0.316410628320756 0.305488976730021
-0.538810177602335 0.1066162699605 0.226914330278246 -0.0191555634240816
-0.420966611361256 0.282314970842174 0.0361816360972614 0.00747931054537598
-0.201088062554976 0.433259860353756 -0.0284864211347007 0.100590109895647
0.061402193290055 0.477637398952939 0.0852683446655078 0.204543549299922
0.268637906050203 0.38651168586711 0.186735217157522 0.154865190289705
0.362482101130083 0.275685683832348 0.216610811526946 0.130119250597265
0.402821938250118 0.235374830717127 0.23803378082414 0.0995847636529669
0.389501875099295 0.235240425065871 0.24057733840458 0.0821735015804765
0.366498142877187 0.290631362061999 0.215048618744405 0.071905076668185
0.267830456249669 0.402403370506708 0.186664857640917 0.110443073080877
0.0352928363684035 0.435375880997111 0.134025076269001 0.116063691023203
-0.18738443280124 0.391361365063302 0.0572801810899176 0.0704669833427648
-0.415817045035029 0.273945770358534 0.0455653302632117 -0.038619328263434
-0.48614368061617 0.0712697444720491 0.239109030340694 -0.156329991447506
-0.377624924889206 0.000528230754751382 0.515232607452035 0.319229605490877
-0.334770144624341 0.133720854527309 0.363221174241883 -0.0109941167386557
-0.224801353127262 0.202178527393323 0.119141930878186 -0.00652925229722867
-0.118961942703333 0.266366085590607 -0.0052791373802237 0.116324895919166
0.0354351838948562 0.310628312872937 0.112930539979106 0.270126784574864
0.181629074580481 0.265206352002054 0.263330857931949 0.255059216840668
0.258404479268102 0.198765008691459 0.345629934088881 0.223885605763574
0.285927603211074 0.178523367929122 0.372985472034408 0.178792444106725
0.267905495576479 0.180244556098406 0.351828256528917 0.157527318531126
0.221618165305561 0.217680157950701 0.274254923878815 0.139256976276152
0.124001706034572 0.27823194583533 0.199744884629065 0.157382517695187
-0.0378282908223125 0.244942945540265 0.106724393505292 0.129498178015573
-0.109083194448098 0.171492813878101 0.0762867728816921 0.0351128494436427
-0.218992225646841 0.16843143765314 0.122801952252641 -0.05664132811643
-0.297871642593451 0.0878278524762572 0.38719869132548 -0.1327113237745
-0.143270954539048 0.0727296924685398 0.628658063539057 0.295496822018348
-0.0721184133085922 0.105768077740083 0.445238979605477 -0.0128141679480308
-0.0141934003305763 0.0540656455929581 0.179439940408922 -0.0402999597763039
-0.0520844441382939 0.0531180894000147 0.0144010417912535 0.094716872622151
-0.012804792084689 0.103474260410601 0.12222635287895 0.282645601795908
0.0586581122170582 0.11019378444132 0.302709525362655 0.30515931277422
0.111406494684099 0.0964923757040535 0.423080063650438 0.275169032891195
0.12701502074088 0.0943668694916017 0.451853605716415 0.230321312876642
0.114494131002344 0.0946976795940674 0.407892306888686 0.217507276214567
0.065309016489305 0.11050861098177 0.284235746504329 0.195495269817742
0.00032680889537592 0.124722833180697 0.170919815974605 0.186708259192796
-0.0643757215917228 0.0536702661364953 0.0589829523506691 0.123596372642862
0.00178742076270327 -0.00968789290064503 0.0851859643312837 0.00290009181689038
-0.0109983422392393 0.0919810596942205 0.177659612368804 -0.054484013276162
-0.0885119972390649 0.111675847328614 0.471156020150089 -0.104000758025479
-0.0809785747230403 -0.100274531298932 -0.5216364511543 0.101265526406493
-0.154281826863904 -0.0438892482000427 -0.230282199724384 0.112504448154115
-0.114833342056497 0.0838903924718839 -0.0908201420044509 0.0570273334138147
0.0207539200271002 0.0981971080189999 0.0108456575029431 -0.0667249386264271
0.0617072801764641 0.0509629021395562 -0.0968980744530869 -0.180486982962204
0.0494810187224361 0.0144508426113756 -0.244952664741863 -0.218190022847467
0.0324336136222121 0.00235009237900704 -0.381303264635273 -0.220915283854156
0.0492183998489616 0.00665506004112267 -0.445694682769415 -0.209036288542234
0.0618390545550495 0.0183580312741967 -0.426149103305191 -0.225336773538961
0.101093738372473 0.0325458277315454 -0.310161824729877 -0.239015260293669
0.107432417825487 0.0774417746088299 -0.168878282359618 -0.218898588718354
0.0378503858426819 0.158637586576342 -0.0611508699798407 -0.0851077969598929
-0.140496373176068 0.167570279694229 -0.206314694067041 0.0468768998274693
-0.207121712669914 -0.0150958123527697 -0.389645157625914 -0.0065613129861407
-0.127880182127236 -0.101802213399079 -0.563950625067926 -0.246135807951133
-0.259921764659124 -0.126981371693087 -0.467141516994794 0.10799687851524
-0.299661355950824 -0.0318526694341521 -0.247152548071528 0.0638882953967367
-0.235849864531533 0.135390038903 -0.122379195074169 0.0775858439218661
-0.0461225562243146 0.219011399003931 0.0161481355983577 -0.0295564869774358
0.0899952074665105 0.200582634915419 -0.0474657689876151 -0.158815880947032
0.154791578182715 0.138272815526269 -0.189282557301231 -0.224273411349882
0.176685001212783 0.0954289714402278 -0.330952408362664 -0.217507106874917
0.217324822844881 0.0886731149597622 -0.389796861148719 -0.195159719631004
0.228528364752486 0.109383539183183 -0.369308807026535 -0.195493471521649
0.255194996658857 0.157152020513568 -0.263774399636369 -0.193360763039092
0.217633875550423 0.2507601202381 -0.133658751510952 -0.15762849682932
0.0591697476818353 0.355934995938801 -0.0298514135630264 -0.0276989076580524
-0.233711197200012 0.373693706232415 -0.194095918458612 0.10546492441102
-0.424940115059503 0.123587264394898 -0.378264975836291 0.03063373271606
-0.368895607147052 -0.0796995299207333 -0.510274179567142 -0.22056234661379
-0.418026794901914 -0.148720445722894 -0.343538182094738 0.138388011507435
-0.437791996173965 -0.0176365492609085 -0.213836753712394 0.0176747985791914
-0.359338643311708 0.181004472164501 -0.138803113780434 0.0709232504301583
-0.129925755211082 0.334659177879347 -0.00175803917334701 0.00185764510868957
0.0967398901053535 0.349587112354462 -0.0110084063251363 -0.104501836207098
0.23873256776778 0.264377636597634 -0.113761678535238 -0.18732288775206
0.298007282399214 0.18407481165851 -0.233816336195773 -0.174954224959361
0.353491946861865 0.159604353875443 -0.274491888879658 -0.150494022255417
0.362248844431802 0.175713215935801 -0.252235968645578 -0.141176936690638
0.385755822120386 0.244332745467852 -0.168447244076217 -0.131916377992731
0.326239875670007 0.377868817170833 -0.0661222247830962 -0.0888713819796169
0.106295097455024 0.507468660282918 0.0218307141784946 0.0173746419335198
-0.261379237120111 0.54071334606803 -0.135768407556926 0.138910360581224
-0.556080666851944 0.267408073237208 -0.304662790388 0.0521905760327502
-0.542703637652347 -0.0272165084681965 -0.376715930629741 -0.189795185787676
-0.530663847004885 -0.148276884039951 -0.156062677620961 0.188316784060394
-0.548036785529402 0.0179407457614133 -0.112198432581188 -0.0131581137769852
-0.45835815861427 0.239054274345832 -0.114123168646695 0.0469231042428945
-0.196509024880501 0.437974850145638 -0.0238293906576737 0.0287614471453078
0.0957781143954812 0.469748737730485 0.0195191201104129 -0.018936384491493
0.29390264420828 0.35961460405828 -0.0218230252972901 -0.102553399552006
0.378067479185774 0.248087679864057 -0.0993474706704987 -0.093690332932087
0.436668021747775 0.205253547901955 -0.115099716234183 -0.081036409226635
0.439321760226594 0.214801205839282 -0.0931624964851921 -0.0756524129009944
0.462022192819494 0.286046001381309 -0.0380584201641277 -0.0676357250020503
0.393660509409284 0.440944496865678 0.0283061324007153 -0.0215923485683097
0.141703627964091 0.574616445909107 0.0794669849322279 0.0514810026498216
-0.242530669294544 0.611203550107657 -0.0570469978022886 0.134582058078625
-0.585243588587362 0.356856763168862 -0.187273885019834 0.040054255430893
-0.617319276152351 0.025909531041713 -0.185539871693597 -0.171404414751124
-0.56847298279249 -0.116073271923843 0.0770011852972691 0.240881485586673
-0.5838217413221 0.071974655921607 0.0425326893491784 -0.0270543681387914
-0.479106704644916 0.288474512379248 -0.0498544209027784 0.0212072736713965
-0.213020951812832 0.481619508312801 -0.0344928573001874 0.0620186804473991
0.0932255323318749 0.51547644729047 0.0520202828275101 0.0884982964922222
0.310351102571391 0.394921508212061 0.0826057166426526 0.01564654963603
0.399156480341857 0.270689451172629 0.057824232912798 0.00997365402285809
0.450222973988673 0.222498507592633 0.0628395797838189 0.00218242432344919
0.445145584650029 0.222832822759898 0.0789214223394841 -0.00494003210035475
0.452831971144604 0.288989646861777 0.098144307194527 -0.00600343679438313
0.375607967372254 0.4338897487506 0.122606578935657 0.039207068796466
0.124128729412739 0.537887619718344 0.123205222161719 0.0783223409789271
-0.20376463542514 0.548737306324769 0.011949789194288 0.102356007512712
-0.516639623850979 0.356295101474165 -0.0624461320722135 0.00138719240834545
-0.584421231915335 0.0661158911386878 0.0276101359627851 -0.163035797751683
-0.509897940392652 -0.0559892160509128 0.311748682483957 0.277331446135614
-0.503416577096899 0.121605912266233 0.207389013610095 -0.0276594883618997
-0.386982452126201 0.281301915192484 0.0324942525610161 0.00407338885462685
-0.17248650571511 0.419295709754028 -0.0264141752824249 0.0971064076832439
0.0804483024541967 0.448934739818425 0.0875122563590057 0.189114986692605
0.272813045990997 0.350685953196135 0.182985423825786 0.136926856737605
0.356207527312924 0.243008095861928 0.212120302289294 0.115387033086002
0.395170982959429 0.203244455796383 0.231733743122912 0.0841594089706044
0.380425945914884 0.204073109428669 0.231772249937919 0.065936065793993
0.362122306577583 0.258454460109688 0.205021714313506 0.0560015935344061
0.274353519604482 0.366258394846748 0.184665971581456 0.0914400162375248
0.0528030637275987 0.409630638138052 0.134141826860972 0.100068048904512
-0.16208444298954 0.375445191782254 0.0548782332905987 0.063154849812657
-0.378618453533256 0.2762651151698 0.0400078663655637 -0.0368368948096068
-0.458260522769522 0.0844493797141432 0.218276882566133 -0.154303256281435
-0.355710687175333 0.015379421252919 0.501567097833291 0.28267278837252
-0.309387071330437 0.137966510167916 0.339607975109809 -0.0249063103574134
-0.20468155564014 0.197258310120268 0.110815139187454 -0.0117553228698038
-0.102424331159017 0.257736747698557 -0.00287167868456924 0.110380834239331
0.0479651809650998 0.292599027270466 0.11709220358353 0.249293336334052
0.185208648870799 0.240876705425978 0.260001896321645 0.229150148700001
0.255477000683508 0.174372474240497 0.339106259318777 0.197195901668802
0.280886776991502 0.154671543253646 0.363620172239308 0.152592749881703
0.262321830534296 0.157789575035623 0.341268568053883 0.131743985256079
0.22050899034326 0.195718033614903 0.263969220381959 0.117484196698622
0.132391037933307 0.256065950076639 0.196919985067788 0.135804362466288
-0.024952545818569 0.233554708200031 0.108504277137894 0.114965677270475
-0.0975669777165147 0.164244257546432 0.071701048486511 0.0280566364049399
-0.197530059011838 0.167380997243172 0.112435804348569 -0.0568788889192921
-0.277594849106399 0.0929481475345437 0.360577206893591 -0.136893557120966
-0.131233398367661 0.0730429818315854 0.610587633804196 0.256121189227806
-0.062977153344285 0.100526106081639 0.419881575746579 -0.029214429478939
-0.010912187986132 0.0494766203936617 0.16656272480107 -0.0466821415414012
-0.0473899703227541 0.0535774245836063 0.0148091528276142 0.0890146281610929
-0.00731723350927624 0.0990918701745482 0.125082738623578 0.26125121752379
0.0619717772603227 0.100410743566639 0.299998175829264 0.276861865932173
0.11159867742989 0.0848023184151614 0.414200250854456 0.241165193047607
0.126041914050538 0.0820439346975587 0.441479299388663 0.198558172486048
0.113364759022069 0.0843788584905811 0.397180131724659 0.184487732849783
0.0667702611883178 0.102766902060184 0.276587764955414 0.170716228233288
0.00736190354287994 0.117724454777692 0.170219882296281 0.165112093684046
-0.0581469846008847 0.0538045063929606 0.0626926397935603 0.112285903894279
-0.00012326521716453 -0.0115256113618391 0.0790138166547022 -0.00292805162012364
-0.00526009356631998 0.085513377277269 0.165806330973089 -0.0562584556681198
-0.0768615310208799 0.107805582055938 0.442763702014414 -0.113779059707818
-0.0788305279248364 -0.0952276570446398 -0.504233105875226 0.0956880711461729
-0.148117810547348 -0.0397973930767272 -0.224701663511831 0.104235341361609
-0.109699352585674 0.0827049074451712 -0.0875230839344819 0.0557092948069952
0.0212395102673995 0.0929411963174878 0.00813794063736275 -0.0619219141576793
0.0605266573667474 0.0477987418214749 -0.0921514617100386 -0.168615101992465
0.0469051190672614 0.0145547983069581 -0.236425066484201 -0.205475746912466
0.0299986300053865 0.00342864823221548 -0.370020210036073 -0.209587784247136
0.0474533085304761 0.00744569619145914 -0.43287066893199 -0.199199469043058
0.0607108847071898 0.0183554238076285 -0.412653105366609 -0.214129994554289
0.0969967630319633 0.0306293852485325 -0.299309966264545 -0.230153486094695
0.102354197629369 0.0719724443027417 -0.160993141433195 -0.209653372237241
0.0367060594040892 0.150879382074702 -0.0570488726204441 -0.0809712551131226
-0.132702124605511 0.161685553745308 -0.196206573945364 0.0464418538696085
-0.199002203661566 -0.0136017142736252 -0.372912480636908 -0.00789308848644117
-0.124691507323689 -0.0983041328233317 -0.544573706263803 -0.238182106076963
-0.248966858939744 -0.120528515387784 -0.451036549107488 0.103407638890705
-0.287043054086893 -0.0282772002823548 -0.24257385838607 0.0585099633468274
-0.225878631062705 0.131877010008217 -0.117244681129375 0.0748423018123477
-0.042382291790712 0.209165929208025 0.0128032503343392 -0.0264876115520901
0.088919065634453 0.189951708886143 -0.0449478820698238 -0.148676402404366
0.148669084364989 0.131664635818576 -0.183667220506438 -0.212748340481518
0.169800177957338 0.0906004844129683 -0.320138108537993 -0.205149023571593
0.210351084824064 0.0845699685949361 -0.378547573906443 -0.185864141007951
0.222169022996363 0.104490467780358 -0.357849743192292 -0.185718483017033
0.246763617096736 0.149383679493102 -0.254887098594161 -0.186516601628738
0.208946875483112 0.238168438585326 -0.126533905650516 -0.152338708154387
0.0584308483895479 0.339512101878074 -0.027853032729601 -0.0283554977490381
-0.222678559061689 0.358998673522089 -0.186056860477593 0.103178094371325
-0.407053215621135 0.12035852527145 -0.363927340939303 0.0289396888977152
-0.35752491390624 -0.0785428011763487 -0.494771632125049 -0.208474457557301
-0.39992304769048 -0.141016321959348 -0.332643310096204 0.132284220815685
-0.418990523830489 -0.0154645182345389 -0.21212254934713 0.0140694988952466
-0.34525287841898 0.174255089709709 -0.133351456102419 0.0688511479270988
-0.122746555449563 0.321421145049375 -0.00395651877153588 0.00363395987521981
0.0959187706815632 0.332545063466525 -0.00970516229807179 -0.0984332944233547
0.230178487683713 0.250293973765024 -0.11128802421445 -0.178319605269955
0.287313537351738 0.174600079304616 -0.226260177098281 -0.164417168489015
0.342801145133366 0.151183371567906 -0.266230897906953 -0.142559307871393
0.352406286729976 0.167606722255332 -0.245346561380978 -0.134393136318974
0.375046917232706 0.231848318490875 -0.163622545516001 -0.129338034007337
0.315157476509222 0.360145452367557 -0.059970897784041 -0.087663457188774
0.102939966674865 0.485278308936563 0.0227019589844228 0.0143249111136565
-0.248583686904901 0.51952773568957 -0.130277406395807 0.13390940810135
-0.531029966240557 0.257585859232388 -0.293241623904881 0.0511365445294651
-0.525035436559337 -0.0290813622477432 -0.367561211238791 -0.177883235907115
-0.508272652518675 -0.140056296741707 -0.151965286956724 0.180495431203636
-0.524881108866221 0.0194498268213305 -0.115854164738027 -0.0143055167873996
-0.439153892495502 0.229849452214849 -0.110577705254137 0.0457555576415358
-0.186753379685949 0.421815512655432 -0.026691613193461 0.0291945045332119
0.0968186088181982 0.449430455086377 0.0189390879535929 -0.0175375109593021
0.286219949432431 0.341516032451025 -0.0225489275393234 -0.0990374855408781
0.365922632933129 0.2351613489468 -0.0963250270149009 -0.0873741948648644
0.422485297699296 0.194214639930908 -0.112299879571411 -0.0761343861364855
0.426217453791756 0.203700119134827 -0.0918151012156721 -0.0721129828444925
0.449193057275952 0.272826537039618 -0.0391731653121314 -0.0677773597329877
0.381334308205629 0.418526607341442 0.0308750025296468 -0.0242746377215705
0.138610612787269 0.550313322833859 0.0781364217368686 0.0461009910310599
-0.230243922658934 0.5856447523812 -0.0562077870671405 0.130045704809288
-0.558545917911368 0.342843554367288 -0.181400426944445 0.0397248364760958
-0.596822018092929 0.0245151439907581 -0.181645425344758 -0.160851967761397
-0.543561436037922 -0.110736800327474 0.0725088402248158 0.231612628141542
-0.55930424427457 0.0690006877268295 0.0333517002255497 -0.0261610657398459
-0.461285337656028 0.274594625542718 -0.0491581852247335 0.0203341941649345
-0.204209890435375 0.463163752053655 -0.0368940353779837 0.0609737340345301
0.0936244657140635 0.491882105289502 0.0487546977853911 0.0852193230417565
0.300919811652718 0.375180322328595 0.0777613440504208 0.0141566620140401
0.387448793348362 0.257026210769957 0.0557992944781947 0.0109003679173533
0.43693471507511 0.20951019735249 0.0610757954108748 0.00250764391708883
0.430803977660418 0.212312301250243 0.0758785826630681 -0.0053966265744058
0.439931038533804 0.27406671963003 0.091863322115092 -0.00922472564137177
0.36440420789515 0.410657946411564 0.121562832870597 0.0325745111533539
0.12150053490324 0.514736351894698 0.120508672562383 0.07089562553429
-0.195449386647389 0.525881997084137 0.0096392450839816 0.0984517360507264
-0.493708685933521 0.34334260514255 -0.0616023344749508 0.00328653463605116
-0.563286572358168 0.0611570987388407 0.0230030266171736 -0.15175467817376
-0.487829746686495 -0.052372640068778 0.299995699547442 0.265776351695238
-0.482746315322438 0.115377004097728 0.193959852362138 -0.0266936112662549
-0.370777835752184 0.267722268570589 0.0297171203168427 0.00272395712565113
-0.164438992557762 0.403709750346544 -0.0286194648246265 0.093816639302901
0.0808415686451124 0.430330926177 0.0831255865720665 0.1804508998188
0.2643542194071 0.332768433111584 0.174722029556919 0.129096746829969
0.345600348228642 0.229261851498904 0.205251269697416 0.109840231302872
0.383821318307561 0.191833805531174 0.22507294760085 0.0800485385054261
0.370357917528531 0.193791584117308 0.223535244936197 0.0612061902739878
0.351983679780424 0.245982526020363 0.19556464156617 0.0501443645071963
0.266393439302007 0.347034666018001 0.179435550529599 0.0820165288355382
0.0530594738606134 0.392485910400568 0.130826183389896 0.092600136544305
-0.155487362762827 0.358993824782484 0.0505011763254786 0.0600250007105657
-0.36027706075593 0.264299692865388 0.0369867956145774 -0.0334041260386891
-0.442142477279053 0.0794525344900263 0.208213455568155 -0.144641133999361
-0.338769760531271 0.0146531743818634 0.484131806808433 0.271523923827269
-0.295864636312259 0.130818759406006 0.323562382426365 -0.0238640797200439
-0.196536622063255 0.186188042787069 0.104224467005243 -0.0126150172290117
-0.0981717668021305 0.24883376499912 -0.00556078816178995 0.106015070603235
0.0482734360455257 0.281203654312044 0.110124193807008 0.23824738957287
0.180048285885125 0.228700057735137 0.250671988245853 0.217356952223086
0.247968842782381 0.165182829659289 0.328416346903202 0.188111989540464
0.273154472439188 0.145663727804607 0.353860240061353 0.144323536228703
0.254052590094451 0.149564524096661 0.330220413626065 0.12383786816374
0.21444175533378 0.186508140094265 0.253072274866004 0.109820849977317
0.13010761556455 0.242731147924488 0.191337482979651 0.125665343805516
-0.0226307316398652 0.224011702365743 0.106049904761005 0.106527260283792
-0.0950351851949462 0.155416996837157 0.0669123358518109 0.0259290139706394
-0.187068589757719 0.159821302934725 0.108021192277566 -0.0520730877768573
-0.265977146731374 0.0869837576721505 0.345730922748076 -0.128796004569344
-0.124465392271474 0.0689557221610022 0.590244552841543 0.243783920063086
-0.0595423917101613 0.0948726276068461 0.403523112456007 -0.0281225092415231
-0.0113752437999732 0.0444774987999786 0.157968567879335 -0.0463714119710843
-0.046036908797078 0.0527710394454744 0.0118011842811587 0.0855614365015407
-0.00580424309147412 0.0959084884253593 0.117960696043707 0.250153948742044
0.0609940631117924 0.0950531725756009 0.289893826464699 0.262566728224984
0.109348936923682 0.0791473647402877 0.401417028503386 0.230702387563448
0.122973770220356 0.0761544687633895 0.428959935580992 0.186676971898624
0.109572687107148 0.0805715360246423 0.383727682834395 0.172869631033243
0.065082103205885 0.0989916863736978 0.265719380622791 0.161107211800839
0.00918866952149567 0.111745835550629 0.163584021607332 0.153773550952311
-0.0558131693251006 0.0521282370311533 0.0627245196646214 0.104968982164224
-0.00205942248008908 -0.0125171633119908 0.0743865317862343 -0.00401713151180441
-0.00255377276903878 0.0804305594224399 0.160325958163389 -0.0522879454525048
-0.0721176086870444 0.101523054083388 0.426740941746165 -0.107906650263488
-0.0630342378708285 -0.103350701051319 -0.503612791400656 0.0230214102602418
-0.138136008343505 -0.0592608969077451 -0.236059501148278 0.0634772909737804
-0.118098827454334 0.0665822909659069 -0.095723274955916 0.0350658606672905
0.00703972432842293 0.0935080806806733 0.0109892454252955 -0.0610976854137506
0.0525195667081231 0.0542861841767352 -0.0693796199349122 -0.175053164449369
0.0430204456252188 0.0244398166288155 -0.207687236991912 -0.232970904985756
0.0261371968432587 0.0112936875362137 -0.340059211935608 -0.251527207678434
0.042153251524502 0.0156175288465128 -0.396301564678199 -0.260353830561019
0.0521097485444243 0.0289734155472408 -0.376248471319671 -0.275413949951546
0.0868928714713301 0.0439307958996215 -0.257941197291132 -0.276424355086187
0.082832673515602 0.0842002742183799 -0.124077031389146 -0.233792439303075
0.00978225367073883 0.152818848986028 -0.0419552999754781 -0.0917056672211853
-0.153972623223018 0.141287666695572 -0.195162144638966 0.0177908968320024
-0.193149111222021 -0.0402987760095449 -0.362034942543552 -0.0636752525923242
-0.112027837093795 -0.110564070270713 -0.506640661715829 -0.328261895380488
-0.225846797090487 -0.150584886213769 -0.445972795621086 0.0275730995155475
-0.275330365820563 -0.0698100059156565 -0.244985650034868 0.0106203259842883
-0.238456348262759 0.0957045281836093 -0.125950189869598 0.0426097428871328
-0.0731641199252427 0.195269888572237 0.0107778639045804 -0.0316993958305866
0.0572756277314868 0.195528385822429 -0.0290883368658648 -0.155367489591855
0.124739893206679 0.152293790328655 -0.161006333375794 -0.234950260390638
0.151104447341915 0.117530615733392 -0.294082062647048 -0.246066251847466
0.192050548442697 0.117248632612994 -0.34475865191793 -0.237414314959155
0.197075956314821 0.138209670938949 -0.325201167756529 -0.239847244113088
0.215030666200961 0.182403322615291 -0.219884896029247 -0.229648669947647
0.161797779087335 0.261291183422416 -0.0949909299741648 -0.175608194109813
0.000952295224440712 0.340266904508465 -0.0177318307168612 -0.0378950029806455
-0.270036757329271 0.31873447109931 -0.191164434082701 0.0746200146029454
-0.416004523522656 0.0563462614787656 -0.354781821736153 -0.0215665285319196
-0.343287636303902 -0.13089389794162 -0.459687448928793 -0.28817118089516
-0.370633113084492 -0.19096637071906 -0.32555169270951 0.0641069627282347
-0.406279724302269 -0.0780082073524102 -0.205871526133806 -0.0339490073856022
-0.361565356330752 0.118549017136264 -0.139477355627188 0.0265552877496833
-0.170194350600713 0.291393353864537 -0.00971265050169215 -0.0112582898128602
0.0403866085464114 0.334348004705677 -0.00430147343095518 -0.107929788856717
0.186299996572663 0.278675171953904 -0.101700015577798 -0.193890494066568
0.255219835855503 0.217883753065328 -0.208428149113881 -0.19506441285823
0.313083960893928 0.202262492914365 -0.240830834436519 -0.177514697001113
0.313773730804676 0.218306678851283 -0.22116503307734 -0.172512278883794
0.328093782040602 0.28165902591585 -0.138120651094601 -0.16129145427157
0.247917395563676 0.395720391989164 -0.0380169798794342 -0.105676055110568
0.0218767332259347 0.488983320014175 0.0256377910930633 0.00850714612978008
-0.319310393576031 0.469350971105399 -0.138932643067067 0.113375439805586
-0.557717546306 0.16909317792066 -0.286049051029104 0.0145542001894857
-0.515847051581948 -0.112752222791297 -0.33541686072732 -0.232301012310017
-0.476782660737721 -0.204702718444056 -0.147589888771507 0.12982817732766
-0.51320049594486 -0.0613574926210717 -0.105613988065524 -0.0541081218544434
-0.462938444121887 0.157484207911494 -0.113096057805849 -0.000698903066949888
-0.248226960732828 0.37696707369843 -0.0355246317659925 0.00547360641430132
0.0212585652139046 0.447655676870415 0.00987728969733779 -0.0305706692277005
0.227084315548807 0.375162352442973 -0.0300787189599444 -0.1047252257882
0.324480021507704 0.28821202000258 -0.0908951005696295 -0.1050645255029
0.387536379753177 0.254751825218493 -0.0983968896045046 -0.0895756119797472
0.384483723582555 0.262891299313082 -0.0788400536904166 -0.0882367371988541
0.395742844710742 0.33221423742159 -0.0247843991541173 -0.0842305982107091
0.305058276103524 0.461472062911005 0.0431827659062981 -0.0314111286337839
0.0471338237708499 0.556103042604453 0.07575383703868 0.0465129559308387
-0.311415244404642 0.534278127145313 -0.0649677435940903 0.119040200110004
-0.597345694534152 0.245982084631231 -0.171698871594181 0.0215877648898241
-0.593368062422295 -0.0769384164251902 -0.152722296873609 -0.181571268891564
-0.516470171483434 -0.181326713755167 0.0676276195487677 0.206823749698808
-0.55704289217001 -0.0171251620922505 0.0443819251107676 -0.047370228213963
-0.489529077003171 0.198117061108047 -0.0508786890479394 -0.020941585552331
-0.272063979693362 0.417338366016849 -0.0504259133534702 0.0316603070589593
0.00962476964960456 0.490503936328167 0.0239372440409778 0.0711802111772077
0.236259862631844 0.408583243992414 0.052294412640964 0.018829907753172
0.342914740313753 0.31138778026632 0.0466868776047071 0.0112185473418462
0.399889940567323 0.27118699795796 0.061421511296043 0.0139092436555976
0.389140597041121 0.271788144959382 0.0775224191115961 0.00245021432917979
0.387726646443376 0.331438067106188 0.0950571067880566 -0.00517619496691803
0.292349789896811 0.450982138953629 0.123157572873664 0.0384129647206017
0.0370990656658301 0.519291405037487 0.113477796349134 0.0780387041088488
-0.268002073034222 0.479137780899089 0.00244114853113979 0.0986059596558393
-0.533072579384148 0.253827101886755 -0.0486244859417592 0.00450349711976224
-0.564162938353982 -0.0354817653065513 0.051699097911532 -0.138903593381498
-0.468413913280045 -0.119076944656328 0.283041805233959 0.274041761030498
-0.486694143024701 0.0412187487637953 0.2006457445477 -0.0235139185256511
-0.403081056513882 0.204393413698126 0.0270625319510778 -0.0221978635896417
-0.225640478005601 0.366216179575506 -0.0464524094084492 0.0683376159706859
0.00759989349762997 0.429265787225018 0.0445414050552059 0.171407515976025
0.207277779162065 0.361755435305688 0.135162379362555 0.146461269159129
0.308637679363139 0.279732783244994 0.183549157647572 0.128615857967392
0.350947214621433 0.246125413546458 0.211664864949833 0.113977067146194
0.332539516526998 0.244148176520187 0.214252837315094 0.0917673815797781
0.308080829472849 0.291385794372074 0.187227127810569 0.0711366512851347
0.209151135360566 0.374692287426669 0.171472806794464 0.0981907805286886
-0.00977585872955865 0.388957700379744 0.119995990826111 0.103366733828033
-0.203786069647362 0.322251394000569 0.0454541089047597 0.0670929891086237
-0.389945938122839 0.19749878247628 0.0513935972027513 -0.0181880898140147
-0.446036214260374 -0.000816415991322396 0.234330897630444 -0.102233425665624
-0.334336044069931 -0.0330228781375884 0.455441631233921 0.310765549760546
-0.309036018495208 0.0825346419464074 0.325320174112302 0.00662691316092425
-0.220276399909223 0.149889841559788 0.101641282937754 -0.0158502720113179
-0.136348348742929 0.226126964227427 -0.0240195393748162 0.0910774478387503
2.3935374740363E-05 0.280365157707708 0.0665213021306504 0.236680098740397
0.140628839026472 0.247144043896952 0.203616808643174 0.245378594626735
0.22193865943624 0.199622990242453 0.296988452030477 0.224028024184393
0.250265085947441 0.183468775417481 0.329169920872618 0.195873195544708
0.228178789472121 0.182892650731999 0.309186765447652 0.16929424218451
0.182680077290701 0.212196735465518 0.233993742479205 0.141482842381028
0.0925316578011876 0.251461088662605 0.173512250758614 0.145837051305085
-0.0559969297178252 0.213627233684744 0.092789294490699 0.116633406960466
-0.116075699016282 0.133808843254346 0.0628251748878352 0.0357645404181697
-0.205588237962706 0.121808456502455 0.12006250811253 -0.0282149899254362
-0.273760153240122 0.0338158907233215 0.368769133056072 -0.0667850987930042
-0.132259786859117 0.0488100474533344 0.552488530076562 0.30930996953977
-0.0732275979875877 0.0830563340709981 0.404225771266755 0.0242466945294439
-0.0193021710229237 0.0392139531835106 0.159643114246372 -0.02656902800289
-0.0539005437414963 0.0451200095860287 -0.00137094204126634 0.0811627331732881
-0.0226512542313753 0.0930604700182522 0.077705219817585 0.257504539638522
0.0452115053552812 0.0988268412137204 0.244588234393504 0.29784904441459
0.0988248696533276 0.0923376415476128 0.368461287895744 0.278595972199833
0.113002157676881 0.0925426075597417 0.39623234777485 0.248868419576487
0.0986412884689236 0.0931791781284943 0.355957156035892 0.22851091703434
0.0515428639771049 0.105852515281465 0.237822135807492 0.196641458966934
-0.00411596067101005 0.108548345606828 0.139447657264629 0.172821974969236
-0.060958599874061 0.0409791699156186 0.0480151297290535 0.11147664805836
-0.00104196066667436 -0.0159184878592665 0.0724532129558417 0.00629708990013236
-0.01379607050202 0.0737239393589257 0.168755383241815 -0.0245257304983443
-0.0852974141010422 0.0793006875552458 0.444625598804143 -0.034799386629696
-0.0645559263613685 -0.105047728531211 -0.519035842617631 0.0256667721045212
-0.14096654713285 -0.0578189473060267 -0.246194556730289 0.0631723157277802
-0.11858022933844 0.0716407979791424 -0.0989884076420389 0.0369625541198622
0.00814204730479194 0.0943396340030883 0.00933972219699779 -0.0594604125629405
0.0549759341435861 0.0533120536849314 -0.0702397778790638 -0.174259411099208
0.0440942306507073 0.0259242283259403 -0.213847825276767 -0.231860592591468
0.0262471894387533 0.0124636868672375 -0.352502162643964 -0.253693504023071
0.0433313912859609 0.017353881063234 -0.411399367322371 -0.2642752020265
0.0547816568304465 0.0296716178783585 -0.388800186700166 -0.279499540526723
0.0889521000863022 0.0434732383153955 -0.265889511726241 -0.283268255810288
0.0840758833670184 0.0850786268642783 -0.126334456237476 -0.238774971323153
0.0107002328491508 0.154449781328209 -0.0414420521423809 -0.0941184328844522
-0.154411228279685 0.144730986645181 -0.198275725539773 0.0206670699638073
-0.198182119194227 -0.0399949739811634 -0.369112979773837 -0.065551498122949
-0.11636535952591 -0.113276578571583 -0.523284958564533 -0.335656040561442
-0.229996366326775 -0.153537707682871 -0.459055280387604 0.0289401155151473
-0.280434432556899 -0.0693769818048188 -0.256281847142375 0.00960906288482899
-0.24269555919262 0.100050830470813 -0.129419959792973 0.0452883111196476
-0.0731514510698471 0.198753022316157 0.00933052275489599 -0.0297949978698156
0.0612032611170088 0.197008707067302 -0.028991963768966 -0.154719991984338
0.128682415769071 0.154351120045612 -0.1665481694179 -0.235227302207842
0.155657014865284 0.120318180891023 -0.304397992722449 -0.246070347340019
0.197852895461167 0.118511616160868 -0.357102832457185 -0.240184357532462
0.203429653130037 0.140400301186131 -0.337027835042171 -0.242681255275388
0.221505917184457 0.184792749532186 -0.227253838554098 -0.236372190992685
0.167007767183647 0.264203671547936 -0.0953268083388307 -0.181019682839684
0.00214649482411373 0.345949498097401 -0.0172132406941168 -0.040137086544966
-0.274072979834658 0.325142090801271 -0.195092609202936 0.0791741326285975
-0.424270872078046 0.0595949945779277 -0.363401040570923 -0.0216451833704519
-0.355143686307542 -0.134600032991274 -0.475445408196206 -0.290866024119584
-0.376110193240321 -0.194158613615344 -0.33529643805636 0.0671729832796611
-0.413537116314348 -0.0769474368098563 -0.218280625388717 -0.0349327067239202
-0.368376718832579 0.121656890521198 -0.14342586497729 0.028693890407718
-0.169599817471053 0.29794659832429 -0.0133002730576339 -0.0083097008411846
0.0447705388859965 0.33925253719198 -0.00413989823911047 -0.107505538767815
0.193161119674653 0.282553941540024 -0.106649079637049 -0.195425404909981
0.262844236555081 0.220503588553793 -0.215867466485119 -0.19509475578049
0.323294764817388 0.204328679105072 -0.24972752223088 -0.180045195131607
0.324954821017188 0.221674944913048 -0.230500297689193 -0.175006985957185
0.34012275995748 0.28520944331572 -0.144584294423118 -0.167125789667224
0.257837958097709 0.400700002599771 -0.0358412317547595 -0.110930175833583
0.0248549582774178 0.499702808959657 0.0286206143498513 0.00569343765929866
-0.324080045504813 0.47920087705858 -0.142744877012736 0.118690903352989
-0.569987457206273 0.173663296365229 -0.293315539236333 0.0171937316085833
-0.531112444421578 -0.115089060454952 -0.348037138393419 -0.231956214441579
-0.48479980630234 -0.207986003102159 -0.15268530111324 0.132580770825669
-0.52380436778535 -0.0608250000233116 -0.11534031426998 -0.0551193597232781
-0.472770123324545 0.160565690354647 -0.116765153886686 2.89904692660504E-06
-0.250476508857051 0.38708149670006 -0.0399503761265002 0.0082026029206611
0.0261879906324128 0.454197410845709 0.00936900721677518 -0.0289568842938355
0.233640318995436 0.378433432616121 -0.0332981392453158 -0.106513189469067
0.333952071746909 0.292017525585513 -0.0942362811312559 -0.103923209836035
0.399634946300215 0.256968125995551 -0.101618923874451 -0.0905635712037277
0.396753359431357 0.266650004768367 -0.0822610370189466 -0.0895818936796327
0.410623477960255 0.334949035120878 -0.0289616593796794 -0.0881344007164575
0.31604688072931 0.46797381265385 0.0469243830314366 -0.0372014947311
0.0511234348343073 0.569166784998901 0.0798772733893514 0.0433771441741871
-0.31842254566103 0.546075279779307 -0.0678195913462442 0.123695422996546
-0.609809730863741 0.251903441823251 -0.176319911990991 0.0254060235006106
-0.611217236461824 -0.0768093154675407 -0.159504869308335 -0.178879079751029
-0.525105003437665 -0.184330529054657 0.0680756214041962 0.211170445919489
-0.568333865888096 -0.0179435922210768 0.038269113824738 -0.0483428898756628
-0.503204184406838 0.201262241803491 -0.0532932424550095 -0.0214298510704296
-0.276006212217704 0.428760278865998 -0.0562506704734721 0.0352709584081977
0.0157628914562095 0.498963045461322 0.0230480317227352 0.074399929617122
0.243469498569296 0.412632024162588 0.0510515975054144 0.0181227691044195
0.354247366958558 0.315085092678233 0.0468502824151974 0.0126779337868615
0.413722575827295 0.273689120267233 0.0633205253193523 0.0134639638435224
0.403175510206138 0.27433709335993 0.0782991311820749 0.00175566602138933
0.40388680716809 0.334566084329673 0.0943517543073209 -0.0081224210585989
0.304369632769857 0.456252577066436 0.129241005828361 0.0329053358979506
0.0406004627966699 0.52951504992253 0.118034122221731 0.0749631175102914
-0.27392471508462 0.489733960330929 0.00132124758897996 0.102119271005115
-0.542936894545751 0.260257717796483 -0.0506114780868483 0.00830943020439676
-0.581236091059317 -0.0370496969722289 0.050360988424803 -0.135987018319427
-0.477835166255879 -0.121370290995683 0.289755042146338 0.278958330999826
-0.498020446546087 0.0414269109222499 0.200585250182067 -0.0235922624799728
-0.413164095201619 0.206340791706793 0.0263595898760783 -0.0236076058302571
-0.228065197940224 0.375000561607881 -0.0514528332291883 0.0717020510056713
0.00985365549310804 0.4385632905283 0.0437473680277714 0.176551726039381
0.214126078945179 0.366297029273739 0.137042365059085 0.147662303299196
0.317957178344186 0.281171148622592 0.188391712779069 0.131389421531662
0.362237393421548 0.247949009096207 0.218795367864106 0.114624230965783
0.343224340341142 0.247292635045963 0.220117972047045 0.0910189415608636
0.320602015496927 0.292795984568156 0.189322565697332 0.069196785148453
0.217890090502278 0.376895753293128 0.178241014306817 0.093433350308765
-0.00515003970638482 0.396755897451119 0.124361849953596 0.101189931973139
-0.210769068138101 0.328349375491327 0.0441865946751241 0.0689204404644708
-0.396926180024934 0.202306204593721 0.051598654115453 -0.014842445668198
-0.457986144863351 -0.000914517602952058 0.239802224866604 -0.100076448799194
-0.339614242360243 -0.0342967922707493 0.46853192970883 0.31597304937892
-0.315763924079752 0.0833095207559883 0.331452693250072 0.0058506866852721
-0.227295717317632 0.150585487360853 0.10339968511846 -0.017708372046034
-0.138866256650209 0.232870238557147 -0.0274878723897551 0.0945208885502628
0.00169512619580483 0.286446135763811 0.065202115027239 0.24347406564672
0.145132197306504 0.249803304712282 0.20783908260564 0.24793511468748
0.23014443909309 0.200576136122859 0.305629780178066 0.226171972534421
0.25815122985025 0.184350602169384 0.340828916352118 0.196816389078778
0.236724189980437 0.185263882719415 0.320106695701896 0.169193164872823
0.190898723818524 0.215730616988363 0.238996990519781 0.14136133074289
0.0980463729386286 0.25377404779025 0.178015649718723 0.142258310995031
-0.0558079749015658 0.218459711572841 0.0967235253397462 0.115855196261816
-0.120103572353867 0.1353519443816 0.0623877840043615 0.0362097607207787
-0.207822475173001 0.123681280798373 0.12314687513839 -0.0258316391097253
-0.280232465734978 0.0337355794106639 0.377783248636782 -0.0651349657953454
-0.134390093845761 0.0487740446242877 0.569414997743995 0.315058776587198
-0.0745179978275859 0.0836872667532192 0.414250369353102 0.0229542675153556
-0.0214290411047254 0.0381278150867041 0.163052007510386 -0.0296174704674988
-0.0554672905139717 0.0477682065622373 -0.0041873287143267 0.0838506998544785
-0.022720968485246 0.0962943123228751 0.0774721331153951 0.263116319763899
0.0462287880025759 0.0992852217264289 0.251618570695177 0.301594022907367
0.102756731206643 0.0924471081983971 0.379081901971582 0.279592116520926
0.117133834155558 0.0920876007800629 0.41089818652492 0.251599632279702
0.102271464794791 0.0945163241512933 0.36785574416518 0.228760675744928
0.0541935414497436 0.108247288585775 0.243808205941984 0.19839090742429
-0.00249656726273608 0.109445453711805 0.143043111994991 0.171628578912165
-0.0616202406022217 0.0427242095794535 0.051594187110321 0.110684130303258
-0.0031282294036123 -0.0181293315750344 0.0728796989779795 0.00488371152430507
-0.012437407209455 0.0738275304043883 0.172873395031012 -0.0221684539051303
-0.085499762148046 0.0794613911432413 0.456220349537097 -0.0349373142787343
-0.0696689100828394 -0.104894652068263 -0.535699156846079 0.0466178474599032
-0.145770283993696 -0.0520624236850262 -0.255121347453644 0.0746713243246297
-0.116946489790885 0.0799671272605437 -0.101717528160077 0.044501891896553
0.0131829337104231 0.0951331647018785 0.00663373663639519 -0.0584693474446098
0.0596312400529108 0.050616351171316 -0.076419558655853 -0.17188909507453
0.0468331194689168 0.0255803953902119 -0.228511449902352 -0.224039977409495
0.027000350229049 0.0132842241235961 -0.372561700637497 -0.242524738842016
0.0460030201183665 0.0163405404071522 -0.436491238895438 -0.251464836159374
0.0585876907097649 0.0287910346752436 -0.413504947398715 -0.268781880894199
0.0928859045472474 0.0399782645714362 -0.286205905745326 -0.281956737416377
0.0887386153256568 0.0827095684327796 -0.138160216047996 -0.240385769056272
0.0175789718310568 0.157603225229655 -0.0449530495839344 -0.0947684191210547
-0.151430606945119 0.154507012587194 -0.200890847460829 0.0316052344244197
-0.205367023277715 -0.0329888993217394 -0.380376290445629 -0.0541369275150097
-0.1261381614581 -0.111688174300512 -0.554719478576176 -0.321581608416576
-0.240632455427865 -0.148966658862719 -0.473375537978833 0.0494279797506353
-0.288930590027676 -0.0581433676491536 -0.269314024456512 0.0205569723030211
-0.242661496730035 0.113505180897468 -0.132453211016068 0.0530479242404715
-0.0654473080379604 0.206262058988212 0.00710972352413831 -0.0272613294705175
0.0722994612920898 0.196648132979604 -0.0345423434809144 -0.153883622110951
0.139346023614715 0.151969172984764 -0.181384899740276 -0.230262560916976
0.164722522090967 0.116938033895807 -0.322715885029204 -0.23585094217182
0.209633852937921 0.113474875282055 -0.380874908179736 -0.22949861941678
0.216958024836827 0.136150745198888 -0.359409332194443 -0.233998341156469
0.237505968320689 0.179107639885257 -0.245214584180695 -0.234935279944081
0.18185707200181 0.26353133930192 -0.103366362447226 -0.184127463624778
0.0163993040797819 0.35474186857428 -0.017502492848664 -0.041569750890837
-0.267303190093697 0.344432210545934 -0.196677713456738 0.0919848140554196
-0.434178720984695 0.0768510269741449 -0.373644753421691 -0.00719112933005057
-0.373208839582335 -0.124116159527395 -0.50520296291309 -0.275045211782955
-0.392309832694281 -0.186128544018298 -0.344212601276836 0.0833862527142854
-0.426806508012302 -0.0634522068297453 -0.232425600648323 -0.0255318512099423
-0.371908268207802 0.139657148361451 -0.147084259149418 0.0367686428622681
-0.162088920403914 0.311288002196879 -0.0156704131752587 -0.00440536972084266
0.0616089558035442 0.342743460542652 -0.00720709688403135 -0.106393310827853
0.20943125931267 0.278321447508398 -0.118719652578554 -0.193134200889393
0.280187620657877 0.213597338619176 -0.231192842447846 -0.187615707031656
0.34238397943007 0.195460094582156 -0.266861209077471 -0.172897713441947
0.34641160663796 0.213779416191104 -0.245779779335838 -0.168804850339268
0.36465171136039 0.276580286078756 -0.159130408261186 -0.167338431028604
0.280469036059509 0.398691564085384 -0.038892574304178 -0.116583817503049
0.046343458601206 0.509255108074262 0.0313453098570608 0.00311591198390678
-0.313983268197736 0.503954680172038 -0.142984188734489 0.130889838370065
-0.579145846501014 0.200902017436763 -0.299896827997388 0.0321948832289072
-0.555226470814982 -0.0979100860244099 -0.369644730888776 -0.218175659214189
-0.502222834083819 -0.196236354291351 -0.155112306026083 0.14278197619369
-0.53890139655747 -0.0419352753932167 -0.128171374290541 -0.050431538715119
-0.479534193157275 0.182248124791382 -0.121477461136096 0.00539329469444994
-0.240239463417912 0.407122339516143 -0.043664607109458 0.0135877385269037
0.0479343233563332 0.46277008587753 0.00821012912336031 -0.0269098616810157
0.253763195844555 0.376281753043106 -0.0398575564556685 -0.106262406079421
0.3562605379917 0.283989885393052 -0.102577795516919 -0.0999645219956099
0.424593286337909 0.246567002554976 -0.109654317633946 -0.0883360252349349
0.422474917651795 0.256688622141885 -0.0900609130125348 -0.0875128845563113
0.439182139682903 0.3232352952664 -0.0364386345434443 -0.091206349718672
0.346192582457769 0.464453501966247 0.0489618173598762 -0.0455453234979636
0.075813626003853 0.578901007969246 0.0858934835249161 0.0385287387082269
-0.305273507180456 0.572382328875763 -0.0661483701434697 0.133508396477639
-0.616581712094662 0.283125467148211 -0.180506111496228 0.037051875352652
-0.634304098245182 -0.0559229364557576 -0.172478507511652 -0.169224313501764
-0.544106844259938 -0.171233528473135 0.0764498382304317 0.214345797426385
-0.582972056711297 0.00442872962262698 0.0304697227677697 -0.0499575716137459
-0.509574748587503 0.224960844937921 -0.0564942308058021 -0.0202540153493558
-0.263856436451939 0.45137938697532 -0.0597409951221564 0.0417068096234119
0.0372839395165263 0.50941049323943 0.0257643948019942 0.0787236703317399
0.26705725956368 0.41046470486434 0.0510233789140756 0.0166746869144844
0.378146155188631 0.305711524506555 0.048343688684903 0.0130770880751593
0.438550511956395 0.261314762002017 0.0658583619582201 0.0106218591763234
0.42844181927272 0.262563922724412 0.0804639350002439 -0.00133622949431493
0.432508547818359 0.323270107428225 0.0930369878775248 -0.0142254811423642
0.332849605419818 0.450513761514158 0.135549456539557 0.0221420644801586
0.0646691503561852 0.541145593599033 0.125511219004577 0.0692242315626593
-0.264069823723418 0.511684042672452 0.00291015904709035 0.107850205405974
-0.546744336419222 0.288408323963878 -0.0512702137446328 0.0148031199253605
-0.600619413623653 -0.014924955019956 0.0464000797391755 -0.134023597537639
-0.492176279696065 -0.10800660566729 0.30740420942812 0.274209032258082
-0.508950413766273 0.0602472019684413 0.201155513196005 -0.0310756830719781
-0.419626312007454 0.225971109197326 0.0258662384297911 -0.0266064959408325
-0.218215536733135 0.39595165544624 -0.053396376736539 0.0781483050395361
0.0298514508627601 0.449016062701464 0.0498205919101741 0.182873196936144
0.232701032079702 0.363467284355455 0.144283324796731 0.144506620330704
0.338986190246173 0.27295779563952 0.198932923764051 0.12728289811537
0.385086181208647 0.236298406053459 0.231746857789443 0.107387951452785
0.366984958324457 0.237849411390348 0.231572383784041 0.0826079879935721
0.344478142945801 0.283167352886531 0.195334562724597 0.0618127204085964
0.241179060681964 0.374157048697863 0.186387162609397 0.082825779146783
0.0112574104514454 0.407861549671218 0.133944192283968 0.0950292457986917
-0.203735161096359 0.345969771635871 0.045942402505721 0.0707719047052498
-0.398974973462791 0.222689941458505 0.0531486690738654 -0.0132217717853253
-0.471734678631011 0.0158015020023573 0.242925904938158 -0.106382946135084
-0.348856494937312 -0.023461610458014 0.495132074043607 0.304073252799058
-0.319960826131383 0.097059176086761 0.338957470842938 -0.0069929768642592
-0.230159994421662 0.16131402174895 0.104828404557115 -0.0237033945369628
-0.132142282531494 0.245922577540544 -0.0273644324588008 0.0994140308908524
0.014393070586881 0.294932647236324 0.0748536555549888 0.248893397990709
0.157878577843521 0.24874655814422 0.22133461876347 0.244357147370937
0.245754750011515 0.193700491770343 0.32347271688694 0.21873555176245
0.275596803086941 0.175765125774766 0.36188104367129 0.186082878900725
0.252796173328964 0.180086233499505 0.337773913715508 0.158234958844208
0.207055570441109 0.211393036217907 0.250134177964237 0.133843704717035
0.113078982966064 0.253469323231667 0.18896731382965 0.133569272557977
-0.0472009134961305 0.226966241747108 0.105527884436312 0.11154964074886
-0.120425915297229 0.142388836444854 0.0637709510221812 0.0346661552192206
-0.206549589466712 0.134060752071016 0.12569818146817 -0.0277820488109912
-0.285929516057839 0.0436483888294389 0.386959694834462 -0.0790659380987235
-0.135633304243422 0.0538050447445284 0.599972018892633 0.299340968814539
-0.0737958945375822 0.0872968114771964 0.42783778542931 0.00536310301281174
-0.0228218454883069 0.0385105668003199 0.164977058831458 -0.0385906644216638
-0.0543764517821343 0.0530085585644168 -0.00324600285087213 0.0865403583069623
-0.0190060976625026 0.100989890131779 0.0875620375508749 0.268595296906968
0.0511450161957183 0.0995673469846872 0.269317312066026 0.297962600864882
0.110205538857289 0.0879718172824954 0.401380030065038 0.270308003910662
0.125061265016174 0.0876507177665172 0.436916905896672 0.237475264883588
0.110042301858791 0.0921222541276633 0.390306401506014 0.216384334455239
0.061386350063639 0.108960337647828 0.259806257554523 0.191636653161842
0.00251599829713147 0.111328165733435 0.153327418323507 0.165956313963549
-0.061438750438012 0.0470062732885056 0.0588901769100597 0.108117128685292
-0.00676287139043161 -0.0192136486331601 0.0741066812128517 0.000982069951667403
-0.00879445258823394 0.0745330015860419 0.178363788206593 -0.0275360972599228
-0.0831858366481713 0.0838653990150437 0.469975201928799 -0.0526950140353853
-0.076238801218018 -0.100126869028127 -0.532964899792038 0.0817950924816579
-0.147324091684573 -0.0420224605778565 -0.254038005608686 0.0917617736747652
-0.109243786386506 0.0884707610371358 -0.0995732237819234 0.0534141404549835
0.0195769911848364 0.0932515314095813 0.00262286930147946 -0.0555753374706247
0.063205064424188 0.0445013758383363 -0.0846715033723975 -0.16271456717522
0.0491594158517918 0.0219181125102332 -0.240125029429567 -0.20377049618452
0.0276770676448081 0.0133578860540415 -0.389498400119199 -0.214506874498363
0.0473870280341731 0.0140248214393229 -0.457883687497617 -0.221119913829005
0.061694476184209 0.0244378292299874 -0.433543904271167 -0.240440231798584
0.0944149150885479 0.032961205949122 -0.305746854662164 -0.262792647701904
0.0935426084790177 0.0762087169390907 -0.151778900643243 -0.231914305571656
0.0276141717592083 0.154993786458782 -0.0487569975010222 -0.0916156955257075
-0.139967317577431 0.16331760878282 -0.196488099133487 0.0463418758120357
-0.207373764660577 -0.0201937369923904 -0.382919315313515 -0.0323926607745629
-0.135655166476269 -0.103915363691412 -0.576925480455337 -0.283443906617792
-0.248427307785212 -0.133579404839924 -0.471650902265619 0.0810392521577851
-0.29088105423637 -0.0394266489375329 -0.272519251737494 0.0399007587002662
-0.233318922246509 0.128750358412066 -0.129376841969095 0.0637556743890068
-0.0507322847543033 0.20882174450852 0.00461525471910995 -0.0242620913354283
0.0855505579128465 0.18813823892545 -0.0418675266843359 -0.148182135305011
0.148924589485698 0.141152964986119 -0.195402083340014 -0.213946375056432
0.171716950058645 0.10633375424943 -0.338662140791599 -0.209419768472334
0.217274031258884 0.0987721818509892 -0.400124115064691 -0.202593234569443
0.22769073448136 0.120963648759632 -0.37652724928971 -0.208509492844491
0.248897302888122 0.161150015172598 -0.26394533539225 -0.219021336657765
0.198421330287623 0.250553688849379 -0.113363985942846 -0.179614059441134
0.0390044581013379 0.351056912379203 -0.0179810979157436 -0.0410728369893914
-0.244018846524713 0.360692246180033 -0.189293605890844 0.107780594290543
-0.429187175039921 0.10280058461627 -0.372936754575535 0.0171479784158454
-0.383841223933206 -0.100581811330544 -0.524052433410204 -0.237831767493534
-0.401552998204699 -0.162994743125882 -0.341590227372584 0.105998079953037
-0.427351723156787 -0.0359517112996777 -0.240270027289714 -0.0088238063045218
-0.361674236350907 0.163337861980374 -0.145252826125348 0.0475626326299631
-0.140078424858519 0.319931996894088 -0.0168366555625441 0.000733381070652321
0.0851050452376173 0.33417671069765 -0.0126191616040464 -0.102396445751001
0.226953016265677 0.26176005548982 -0.131046006569928 -0.181300558570933
0.293427823564509 0.194713430883608 -0.242994943469689 -0.167686475195069
0.356856434840916 0.170817453261674 -0.281040657341062 -0.153646439334206
0.362943781399134 0.190107865921386 -0.258708096201259 -0.149939042790584
0.383883142808364 0.24831903221316 -0.173160913768966 -0.157087359641399
0.305620658112495 0.377550971261994 -0.0451386274125679 -0.118117767738537
0.0798428119284655 0.504036443325573 0.0329815889757214 -0.0010400829149527
-0.280999239540888 0.521851880323467 -0.133293934812751 0.143732417167326
-0.564809968065644 0.237398549580024 -0.297369862882338 0.0529133888232601
-0.563572793823554 -0.0611423222429742 -0.383783235492969 -0.187560223200683
-0.511518276204699 -0.166955050809365 -0.148097511165292 0.153307540003319
-0.538774183795429 -0.00700799379952043 -0.137412490739898 -0.0404186457522099
-0.467596942953352 0.211228347506999 -0.12197792920683 0.013026529941259
-0.212237713746079 0.421399495651811 -0.0443116204451105 0.0202524561064582
0.0775658904385317 0.455566218974875 0.00842959760975573 -0.0233215994244456
0.27767871917921 0.355733435561839 -0.0483898979429837 -0.101066961240007
0.374458861245379 0.257667842871418 -0.108403267078536 -0.0889565126092862
0.441679210794654 0.215438140589051 -0.117527828664803 -0.080308320053285
0.441610878879737 0.227468347853402 -0.0970012298825549 -0.0811509463537441
0.462247059072536 0.289023628747379 -0.046184904163213 -0.0889967946550879
0.377540579511321 0.436499599292807 0.0465076722292833 -0.0543787207885294
0.115098359684909 0.573207595745695 0.0887535608632414 0.0299615103800873
-0.26904169016803 0.58945653334821 -0.0577299841035024 0.14149972657064
-0.596938728771995 0.32189782133536 -0.17580247433536 0.0526214478980905
-0.640870258172065 -0.0147263499514164 -0.181394938871703 -0.150361270067658
-0.550170544744205 -0.140221451254894 0.0877029138711113 0.209763023182302
-0.579411549433396 0.0399876986427843 0.0219977081431374 -0.0496490686651363
-0.496719151050346 0.255678143653186 -0.0590726751612209 -0.0171707287035424
-0.233559117621401 0.467483744104372 -0.059366650756522 0.0490799457368447
0.0716868857027102 0.503705305548229 0.030914257130467 0.0811571832337943
0.292073967416263 0.389843784888496 0.0498232061360005 0.0139476118756934
0.397783541270091 0.27758340731598 0.0489618335657264 0.0126027119225251
0.455600765165728 0.229243608882427 0.066537543073986 0.00571369281496986
0.448167067996536 0.235277734343083 0.0800642297219036 -0.00690199930890058
0.45426367660552 0.288059940796081 0.0890436699097838 -0.0206706445824666
0.364735307750618 0.42412850486715 0.135984769481091 0.00690635933771329
0.101735330829261 0.533980351784863 0.131179155643147 0.0571445080460719
-0.232983757597324 0.528183123108594 0.0096052468873364 0.110585112819039
-0.527316341991288 0.321491826727533 -0.0488681159749692 0.0228079000473929
-0.602693467642874 0.0213604663838023 0.0396435424655059 -0.129915581283271
-0.497427053610946 -0.0800257102186079 0.322994275615517 0.254397677207998
-0.502632540740883 0.0907487251055564 0.194152960200167 -0.0424991864116947
-0.406683417539379 0.249719314037367 0.022940219217601 -0.0300102679118106
-0.19229594755561 0.409048441461937 -0.0508981760914841 0.0850828826303987
0.0594756151435452 0.444574603421102 0.0605355201678866 0.181982204395208
0.254695391617688 0.347283340443408 0.150632449225695 0.133931611081249
0.357203004067567 0.248251215896223 0.207261230121896 0.114778520140652
0.402079222747937 0.208464505782594 0.23991001492224 0.0896738416262304
0.384891572406273 0.211373579579175 0.237409547614414 0.0658440136900554
0.365126344006847 0.257420981028821 0.196885666523121 0.0476162233261407
0.267733030510154 0.35326660876166 0.190698502881364 0.0634232445895264
0.0390508457629741 0.404740592933886 0.140528576782168 0.0821153176578567
-0.182749457251273 0.356181909246833 0.0489603337172674 0.0708781272012289
-0.382558933264575 0.245721652934865 0.0538608385873791 -0.0115986809565759
-0.471276244482155 0.044847672487935 0.237371956519195 -0.116573951659192
-0.348517851010453 -0.00437516908383778 0.511659366790757 0.272680321553907
-0.313116960416905 0.11608445644583 0.336789435574381 -0.0290875735605655
-0.222790740903133 0.173805831626922 0.102018380391021 -0.0325940083875952
-0.115525304658821 0.254555400907428 -0.0233188698790106 0.102953409086904
0.0340175271832033 0.294090540657925 0.0891410348004833 0.246633314905001
0.172664844232554 0.237795430176599 0.234547363230598 0.227310201881751
0.258602382788058 0.174542979103163 0.337638507344072 0.196588226184911
0.287811503182114 0.154592306051655 0.37576235605076 0.15955396919041
0.266231966665484 0.161366340167262 0.349024812756908 0.133264055133209
0.222545110191539 0.194853766522858 0.257150976801858 0.11553284436061
0.13053452053756 0.243012696322175 0.195825166881922 0.115103712387986
-0.031772695775925 0.22885482181 0.113485637439056 0.10066034060938
-0.113822898855598 0.149892246463524 0.0639528731630253 0.0320530542247571
-0.197428614417797 0.145167624642503 0.126073181354526 -0.0317505143438636
-0.28199387418417 0.0613989347641599 0.384342051242116 -0.100953861831735
-0.13161788009251 0.0605872770409759 0.618098906359377 0.259283544530288
-0.0688051389069212 0.0915857581420574 0.427795262581479 -0.0237224269112026
-0.0231812353934984 0.0390734472272159 0.161573426006117 -0.0510494654983336
-0.0498641216201486 0.057060822885192 -0.000321509860124842 0.0882306136502262
-0.0117981499217594 0.103663950548188 0.10308225836241 0.264952740407442
0.0565598174305052 0.0960500729354012 0.28494925468364 0.278104340501497
0.116498640831382 0.0780173037830548 0.419101117577643 0.241758206499468
0.131397986042949 0.0777720275800086 0.455507298767587 0.205473611252133
0.11613889502592 0.0841469650013179 0.405757605463636 0.184816931965041
0.0687396792159976 0.10422826550925 0.271869238049422 0.172753946288174
0.0106012263106564 0.109392704375678 0.161883306033632 0.151570259186488
-0.0579380960818962 0.0508452520372292 0.0672635121399594 0.100878446869341
-0.0100706812163727 -0.0191814319998949 0.0722405843654152 -0.00366816781997501
-0.00312900929462425 0.0737140379518689 0.178462346160941 -0.0362774926267169
-0.0765728534921264 0.0866747754298207 0.466817545556739 -0.0820659433409528
-0.0783070598355658 -0.092792794317741 -0.509211104976957 0.110050733867211
-0.142490105743733 -0.0319473584665494 -0.24341000274691 0.104241063281049
-0.0975706821028961 0.0912342584631166 -0.0934985319046619 0.0593894293048507
0.0242688543095795 0.0878422048661236 -0.000140931877481039 -0.0511535008083411
0.062679926517799 0.0368478896532171 -0.0871889715581989 -0.149556366592219
0.049689290433744 0.0176763984195141 -0.238788594564845 -0.178719289841662
0.0273194211692758 0.0128268763086603 -0.385576952399896 -0.180150771223509
0.0462071297009365 0.0115606585171257 -0.45587862284595 -0.183810112328642
0.061737714777376 0.0198128359934392 -0.4315272434433 -0.205929692173034
0.0920489047123184 0.0258573828624227 -0.310074709144539 -0.236140379484964
0.0927279064004276 0.067261709767585 -0.1576650043412 -0.214909111934317
0.0347703876952954 0.145834824210256 -0.0502875408705404 -0.0857080713571548
-0.124403340279584 0.163491980693862 -0.182641885822779 0.0571523891888179
-0.201430116610836 -0.00845575103552483 -0.368984989877718 -0.0113689700686559
-0.136878602090706 -0.092521027796104 -0.572751950936702 -0.238408033984992
-0.24523352539695 -0.116537756651718 -0.450705102107985 0.104385641277712
-0.279441950269089 -0.0222771861802432 -0.264606594204593 0.0557888924678048
-0.215500980385081 0.13621239316772 -0.121112625907207 0.0701844673818535
-0.0363248796428639 0.202328220991147 0.00386174261867712 -0.0204991283395314
0.0918394979530359 0.172809196511553 -0.0452326850706462 -0.137212803037209
0.150384331840873 0.125408273157722 -0.197452624130465 -0.191178607373657
0.170518135374542 0.0934992418328078 -0.336444570058918 -0.178549451403156
0.215210077111713 0.0822342960295617 -0.399278665524871 -0.169307779591899
0.227563137081794 0.102526622424219 -0.37516638810385 -0.17718464487201
0.248682389282551 0.139142001083927 -0.268060772520437 -0.195656840319039
0.203970271912114 0.227764669377287 -0.117878248420391 -0.168910936775328
0.0562030093745842 0.333931581019954 -0.0180082470874809 -0.0402029939827154
-0.216040299676016 0.358033968769207 -0.17375114453606 0.117633155912819
-0.407327790876752 0.121707904769774 -0.356110972376227 0.0366561701702808
-0.376355546587255 -0.0748154722687901 -0.516406790132466 -0.195274704050395
-0.391982250041628 -0.135983341396754 -0.32406311650357 0.12078230488257
-0.410476340927343 -0.0123545012724081 -0.236789119216561 0.00739961868797079
-0.339700260750212 0.175260817790143 -0.137731536144185 0.0547424765075347
-0.114434677975183 0.313660886517855 -0.0167525956390572 0.0047071955142568
0.0996809805490611 0.312785820451919 -0.0147847442652029 -0.09481641652233
0.232079437032171 0.236667466253329 -0.135533203703718 -0.163829289404375
0.292399768226371 0.170154883844828 -0.242007283766928 -0.143516224194932
0.351948406068645 0.143526537743868 -0.281881665438442 -0.129455372579526
0.361635795202642 0.161422064364012 -0.258160532180231 -0.128327077051595
0.382718629322004 0.213890662239483 -0.178549978099611 -0.140731646201852
0.316835955628378 0.343296576436368 -0.0502135882557741 -0.115323351498738
0.104234759327451 0.478555665508011 0.0327655948429216 -0.00548915622264161
-0.24281672470054 0.516571695520894 -0.11899950987414 0.149781090627746
-0.532099881357274 0.256701183070129 -0.279675821159981 0.0690435853711336
-0.54721956262555 -0.0289179942620161 -0.37746961853776 -0.152813624034362
-0.498897295210068 -0.136064745592977 -0.135790710303425 0.156964090757402
-0.516005197826197 0.0209430604294895 -0.139547128025363 -0.0278407369994916
-0.439620793567032 0.227574926154844 -0.117963345209662 0.0196065342198381
-0.178459332312033 0.415508517735225 -0.0431620374152971 0.0259712660897311
0.100729011780645 0.431142645574014 0.00845099028100883 -0.0202659649468001
0.285059153132101 0.324709714824266 -0.0524174266767082 -0.0927898054147016
0.37301882098257 0.225602286055788 -0.108613998102059 -0.0758869731958596
0.438814253539095 0.179467652230797 -0.119116483606897 -0.0687714543138538
0.439434091522318 0.193485709858079 -0.0979029166245444 -0.0706965712929564
0.461336820269001 0.247636322531755 -0.05315048991062 -0.0818234113253884
0.388601793431493 0.394293033906645 0.0402223732683409 -0.0603596957014067
0.142340466595139 0.541506983503826 0.0880700420027299 0.0206566681250611
-0.229784595001386 0.581208662973048 -0.0463352407476823 0.143827650939035
-0.556943503618702 0.340840805848703 -0.162880284207578 0.0628140673108191
-0.617796022153778 0.020254387267556 -0.179484105612945 -0.128540429022432
-0.535920919809099 -0.108307141400136 0.093529492383956 0.197830321498332
-0.55368340613693 0.0687112036880302 0.0139828612574678 -0.0465593275305027
-0.466886670390549 0.270733085881272 -0.0591400790542878 -0.0147713987615045
-0.196931382428077 0.461813121037744 -0.0560537491938203 0.054016101959611
0.095785526537389 0.478616353292044 0.0351194625432142 0.079555662800876
0.299124706414768 0.35729033038382 0.0472392588933012 0.0116789781479258
0.397716560733155 0.241727981352116 0.0477691461165936 0.0114971315571376
0.455100741928166 0.192481628488042 0.0632377491791369 0.00131285093842747
0.446600287594376 0.198410886799211 0.0767644835479833 -0.0112986927346684
0.454423544273391 0.247712986029097 0.0812153549343044 -0.0244912212498495
0.374914882616269 0.384105271021942 0.129636027297655 -0.00682455088581424
0.12818581324639 0.505823744718603 0.129609929608126 0.0442142784613058
-0.195135935796 0.51896175322061 0.015724382865789 0.109935278871071
-0.489857948816369 0.336709640290654 -0.0418878836506832 0.0282555597276957
-0.577529823004108 0.0553731217925072 0.035288529983288 -0.121246363366703
-0.481385212444388 -0.0537693395520293 0.322865007195485 0.227793667754515
-0.478690896684455 0.113828607807222 0.181328674772563 -0.0501785807817379
-0.380161452950901 0.261424473276966 0.018588347658951 -0.0318800689319967
-0.161441550949571 0.403137406635218 -0.0467213262501922 0.0876847490642416
0.0827808769685366 0.424174466937079 0.0682478612321799 0.17477666076635
0.263073050935968 0.320199612506412 0.149268819715772 0.120654818180772
0.35798940263638 0.215566537518518 0.205118032720258 0.099764682761502
0.40040704258725 0.174827280108384 0.236681911152725 0.0711267240914936
0.383451629260758 0.180039112363037 0.231694031935286 0.0481180387748578
0.3646143969761 0.222127454176655 0.18917878568829 0.0343786864251451
0.278073796166123 0.320061485097099 0.184469649082495 0.0451078199604244
0.0607963762333894 0.385106370004854 0.13950823812332 0.0677472460247034
-0.158153193598335 0.353564460394953 0.0509820483448871 0.0685831461590225
-0.35412982403701 0.255702775203002 0.0549394402421477 -0.0104686263468878
-0.450026240611662 0.0673421626185699 0.226521395536526 -0.120919097761199
-0.335128099268627 0.0118873708427292 0.507048796263139 0.234204480055841
-0.29487888621264 0.127638765857325 0.320044089522047 -0.045902851216755
-0.207487200197521 0.179096061907092 0.0949185613506863 -0.0390120940706664
-0.0960088068386313 0.250816591101196 -0.0192508570148873 0.102165511113962
0.0499524034714127 0.2809380302629 0.0985478612209065 0.235043394429301
0.177933033593449 0.218779377732333 0.234529442323344 0.205712129077449
0.257950680640605 0.150548224129828 0.335250531133427 0.169717012900441
0.286371726297159 0.130998120349294 0.373369480864645 0.128693098843251
0.266997050863872 0.139888338374304 0.344365731518678 0.105592831705218
0.22512343094703 0.172079813750034 0.252052468600241 0.095269356526314
0.139901857481525 0.223355297033638 0.192460778495109 0.0950565029998123
-0.0166508735506224 0.221259928059958 0.114928091224298 0.0871295279539343
-0.102870593748214 0.149898354707453 0.0625461213505213 0.0289096785446762
-0.180724501172048 0.148787756462158 0.122812750369295 -0.0340353878580716
-0.26726063037812 0.0721180320253146 0.366060660482527 -0.115291728868262
-0.123488061731419 0.0638090752551307 0.609562175185273 0.214574478111656
-0.0612770055351321 0.0916447701616538 0.40920850144337 -0.0484903052042807
-0.0230917307046898 0.0384809396480686 0.150810311719642 -0.0596838350583846
-0.0441410618546963 0.0581035878637981 0.00193083147304242 0.0861851193286912
-0.00437489087153885 0.100978421164236 0.111307875119779 0.252553085194061
0.0585892873962244 0.0898706485786806 0.287362303201864 0.251292270815435
0.115765712028359 0.0661664680234128 0.416544678245715 0.207968074945683
0.131147221319423 0.0655024018390486 0.452498046520513 0.167771876773094
0.117349783401572 0.0740907107077736 0.40160872636526 0.153428264094648
0.0727398365018818 0.0956988113426277 0.269647757197618 0.148370742081694
0.0166109986350895 0.103239835434555 0.161946615512164 0.132279767048857
-0.0529342211300384 0.0525433832875425 0.0702759853532603 0.0899264391381801
-0.0124398847665132 -0.017212747918453 0.0684743126750539 -0.00781138840495508
0.00167776860282 0.0693074231851532 0.172051468729708 -0.0424380061930679
-0.0676829797287316 0.0854325536499225 0.446413117249106 -0.105364069109988
-0.060711493684527 -0.0951845852624421 -0.479854635391245 0.0424596796150206
-0.126361842389184 -0.0477877499587197 -0.243482104664934 0.0678855669329371
-0.0994354734918157 0.0717123685006666 -0.100291037292651 0.0444349732218649
0.0111943928373274 0.084363983263878 0.00161755780072395 -0.0444354272749577
0.0528817916416244 0.0411469756999668 -0.0642643387130647 -0.143608629159759
0.0471070898298009 0.0227956989334966 -0.200959722894218 -0.186572375367029
0.0244824847908405 0.0189945812474567 -0.341562184117724 -0.206132128384045
0.0414040332364996 0.0180822109490411 -0.411872714106399 -0.221974446543909
0.0565072672179829 0.0287961738396005 -0.389398745965465 -0.243869389621995
0.0839031422166234 0.0365955842652071 -0.270425943483826 -0.261410951181466
0.0781261292170023 0.0762387157722459 -0.125691230065786 -0.226918585413317
0.0156039264171327 0.143321616577423 -0.0378718462673055 -0.0926780911746043
-0.132982844516369 0.141618882723051 -0.173817840970837 0.0296928231255663
-0.188964203252358 -0.0285180475909788 -0.342555369665832 -0.054864575021065
-0.119454734235662 -0.0999984368649508 -0.520634318298317 -0.293282094331092
-0.210322976792844 -0.137713254147444 -0.427718379468558 0.0333390703460655
-0.252360408169423 -0.056719259537776 -0.262789443250968 0.0145655925196768
-0.214097966761043 0.0968050144406553 -0.131815761879155 0.0458840109381446
-0.0610906231522269 0.180691677700088 -0.00179692407022721 -0.0183910910194732
0.0603936834451925 0.17171379685813 -0.0324669279629308 -0.129293388332722
0.12639123425887 0.135406872901124 -0.165832917564503 -0.188900009860871
0.150194052343861 0.110391601392394 -0.298351882494345 -0.199393567548272
0.194037564722688 0.104658700052055 -0.358407906527742 -0.203192426330564
0.203957946701025 0.126981708393371 -0.339960173786042 -0.213153660035251
0.217778277745566 0.16123193766337 -0.238365682154126 -0.223425296273931
0.163916006371574 0.240713412985005 -0.095886470995949 -0.187392868269238
0.0128244150312571 0.323408337543973 -0.0128187365951204 -0.0512589018356773
-0.240552413707222 0.315957269566703 -0.167056006228344 0.0849086566570673
-0.399968794242548 0.0711171591541841 -0.326070177537208 -0.0115779455021653
-0.350081064854416 -0.11037600281509 -0.462040490307113 -0.249615529402479
-0.343881369570136 -0.174607426863817 -0.314850784260632 0.052165362839024
-0.373593387837078 -0.0635635434620856 -0.236390252290446 -0.0324735161194419
-0.333727309811035 0.117078943524414 -0.150434558349183 0.022614251369136
-0.148924281490885 0.273044828261667 -0.0283375518251763 -0.00104525734967068
0.0472797973511639 0.303636390292223 -0.0146749021381392 -0.0884521614134974
0.185783639579775 0.248605059423535 -0.115103745156245 -0.153524457905119
0.256226971428088 0.195404043428007 -0.215693244027139 -0.157169225914465
0.319165720869035 0.177630175123544 -0.25047662122559 -0.153267550823506
0.32363407003811 0.198161097117986 -0.234932767189923 -0.155505991317038
0.3353982793265 0.247141716882462 -0.163176910482767 -0.164329307535461
0.257616498362604 0.362488289536009 -0.0405360695586992 -0.135486713209564
0.0417893365028607 0.466523159500741 0.0300288380300029 -0.0170962941019954
-0.286171182372447 0.462151989852128 -0.116114001770086 0.118471482035972
-0.532481449821885 0.185318274856888 -0.25179139334244 0.0240606099842973
-0.520154907402476 -0.0862170768120322 -0.325417755778528 -0.195090201080875
-0.441342092379955 -0.186019048540763 -0.147624828832368 0.0976093552086802
-0.475562712531301 -0.0474397485449182 -0.146665473518581 -0.059102192004357
-0.434577780713917 0.151643445718067 -0.133678509021376 -0.0129144335764313
-0.22235345406863 0.358368962715839 -0.0590601017099793 0.0124313553202711
0.0309633025395907 0.413050231474777 -0.00713272903643527 -0.0190274038516452
0.222090660254044 0.337357607822492 -0.0498874081036643 -0.077014494156296
0.32575043568217 0.255085840506801 -0.0997660669103606 -0.0802912277473977
0.396358340612207 0.220865439066009 -0.102326498388022 -0.0787764811669613
0.395313403165894 0.234386854923263 -0.0892286369482298 -0.0851350067355819
0.405674415715634 0.286369675772906 -0.0516604217555597 -0.0965737641393785
0.319942380239795 0.418694916293253 0.0362511786776853 -0.0761849520648865
0.0693332302417857 0.531223099198782 0.0780021896846231 0.0114213172048026
-0.281080813892042 0.526006733580617 -0.0459557986252999 0.119474957696777
-0.566665528376755 0.261305964673214 -0.137119254451448 0.0288547074624273
-0.594562961544538 -0.0470202102870876 -0.133606261477331 -0.153147314443094
-0.477281916710863 -0.165170716175097 0.0575619114840638 0.157352813560801
-0.515985252994615 -0.0097089700596526 -0.00442667850276414 -0.0611386648538075
-0.466131591751598 0.189175919579208 -0.0792186222614206 -0.040132579648592
-0.24814432820135 0.397903416364404 -0.0763038528009203 0.0359622582998558
0.0191520034919964 0.458562730668937 0.00453420617696249 0.0748881580528084
0.230515974692563 0.370481769576727 0.029604409362085 0.0312903118042596
0.346106743314613 0.273074385030633 0.0373540316064233 0.0176409003554292
0.409969238020465 0.23437712826302 0.0630144457149219 0.00628657316305503
0.400893246320964 0.239923366129888 0.0712756217231862 -0.00996170966509822
0.399058315367862 0.283554304416957 0.0690627674959901 -0.0268920123480094
0.307894030473104 0.403867840798338 0.113912717377863 -0.0151194793540437
0.0606954328218638 0.494082212325448 0.115245310565426 0.0389864420632688
-0.243400139920794 0.471942176317879 0.014974202325178 0.095247796514757
-0.500340820035445 0.265065255460012 -0.019665863149785 0.00844057946248752
-0.562334448440706 -0.0103610567024648 0.0726086076902295 -0.123524704519608
-0.435013497981371 -0.108153246357691 0.264787776435502 0.212611728587382
-0.452046314210035 0.0416153277065731 0.152768753074421 -0.0437881010365808
-0.387548281744421 0.189606959718341 -0.00313765891810601 -0.0436502128553557
-0.205805481365349 0.350317758628402 -0.0692268931734027 0.0693089445732459
0.0155836736300254 0.406672755484749 0.0260642712668142 0.166714950669895
0.199524065894705 0.331586235065257 0.11392467078564 0.141520682598914
0.312337173464971 0.242141260123687 0.175163236572869 0.115860556491316
0.361913190784 0.21075977345281 0.21839622123553 0.0894699430946839
0.343881729837872 0.215063855615826 0.213467091955324 0.0642504612257717
0.316819539410134 0.248873122068955 0.167400200406804 0.0426510157782685
0.22259885828192 0.33193493870712 0.162673006822427 0.0447699192142507
0.0114056118231856 0.371460705810527 0.124854957026308 0.0666018197374342
-0.191037119867012 0.317013375064362 0.0496415751953173 0.0641927954141211
-0.363668547119396 0.202178208479884 0.0717967156325739 -0.0134241461868975
-0.440268929467343 0.0137802772583646 0.251941377619267 -0.101264210009804
-0.308870748718866 -0.0306293720073796 0.434355991556373 0.247834098679337
-0.286549843408981 0.079166788698457 0.287316792392296 -0.0190826909403269
-0.216898511318562 0.13713285065254 0.0766776625386593 -0.0353612326440513
-0.125251650480601 0.218331523875854 -0.0400809379709775 0.088199403793502
0.00518984261563606 0.269668835692086 0.0522918583994262 0.226848619579424
0.133404024879842 0.226300295519043 0.186976206303248 0.225330832699692
0.225446656044632 0.168237948988651 0.291939420487668 0.19331341509343
0.258275362298981 0.15545749850329 0.341064229246648 0.159808135510078
0.236031416770783 0.160942581033083 0.313965442033148 0.131440645919557
0.190497164274758 0.18591139105903 0.223888152718471 0.109669373333608
0.104322835646586 0.22361154822872 0.167416567844629 0.0983887830999391
-0.0421750441772318 0.206152852656777 0.10054305793736 0.0867520805692785
-0.115783979149185 0.130461734984106 0.0610068487164963 0.0326087485625707
-0.187612016833562 0.119070238344605 0.132133672688202 -0.0239719679870572
-0.265998008738709 0.036972712732069 0.377784749460185 -0.078642414922197
-0.120857303180041 0.043302273027438 0.533902948511447 0.254397406066845
-0.0681062881980164 0.0767691379154729 0.379596377939795 -0.00358566441180734
-0.0279917386754988 0.0327353867169883 0.141999272590646 -0.041131892404487
-0.0494309770467411 0.0475787609233986 -0.0113625788245744 0.0783795834162921
-0.0185334535570936 0.0945190064581609 0.0704571757712564 0.244259658089842
0.0393549618699464 0.090693979824292 0.236130988620033 0.268105910703634
0.101035344887608 0.0718425589665144 0.366370591502623 0.236066741904041
0.118686468425534 0.0751942392665641 0.41099730668622 0.204096771391776
0.102592124277394 0.0806883510943197 0.364490948405469 0.184240064912258
0.0567870131510245 0.0969905720680797 0.238547608405758 0.164899556023092
0.00266767664030007 0.0971004329611174 0.137749762809653 0.137954369175601
-0.0564102443510694 0.041764497956704 0.0582275259086141 0.0896908322828485
-0.0123623689503532 -0.0182369741657966 0.065859712019786 0.000602503009550414
-0.00599088693687795 0.06376532204795 0.172411015979655 -0.0230368524801242
-0.0767209243494769 0.0707521209747474 0.445652489284766 -0.0563066856677709
-0.0572246145163008 -0.0930030014139159 -0.465333195963235 0.0311176992237172
-0.121032119243174 -0.0478141196269518 -0.238165694313455 0.062561785842502
-0.0953578780398169 0.0674686408434642 -0.0979227947297286 0.0439426926104258
0.0100531694953534 0.0810170612735377 0.00302745158989226 -0.0415568727578058
0.049699540953329 0.03938210777504 -0.0575775805565716 -0.138752108268033
0.045082601127945 0.0219998289333701 -0.188454406577753 -0.180969975786449
0.023904724247035 0.0208723839697619 -0.326869028779625 -0.201005060816305
0.0401944466224072 0.0188113607055054 -0.39791010800056 -0.218250002789417
0.0543756841208391 0.0284627078946501 -0.374195526839945 -0.240430532031173
0.0801223714318491 0.0360438138336124 -0.258042758018552 -0.257144512689277
0.0735739770550418 0.0746689041846017 -0.11646270173808 -0.222726213444607
0.0119663179446471 0.137601184626335 -0.0326064429825443 -0.0903768141183975
-0.130455884068656 0.133484757671216 -0.165231848482071 0.0265510367351833
-0.183849541798757 -0.0306594409214715 -0.328897203281378 -0.0610799619843412
-0.114651057581569 -0.0982743986475184 -0.499080712959723 -0.290243845306134
-0.20080550692048 -0.138006372131233 -0.414098061174173 0.0243870717961763
-0.241769722489773 -0.0592251432822056 -0.257252657870074 0.0108852105170574
-0.207490755900185 0.089512217775543 -0.128821672516738 0.0434413537902427
-0.0605127334284912 0.171890110818482 -0.0013058275146197 -0.0157656874432656
0.0550245371950819 0.164646361590497 -0.0269085003416513 -0.123400092527353
0.119753070642126 0.131842053586285 -0.154844591446046 -0.182366071182427
0.144037834930854 0.110901409807832 -0.284228710987619 -0.194300257476876
0.187067512496116 0.104754170530311 -0.347342758012878 -0.198981425212236
0.196270977845552 0.125156874145123 -0.326723848507584 -0.209842787738592
0.208000897305641 0.157877993868214 -0.228248420507927 -0.219178852394582
0.154454268751882 0.233744832057842 -0.0893620533263246 -0.184606404490892
0.00592576270186448 0.310997391165729 -0.0098076680927443 -0.0508587257329
-0.239197484368764 0.298856722961297 -0.159957029653157 0.0817216690552096
-0.390314075390444 0.0618868387606347 -0.313448865758698 -0.0182733959193341
-0.338249576747865 -0.112775047697476 -0.43984820760991 -0.245131437151071
-0.327784580911679 -0.176508113177461 -0.306413320976538 0.046014170418173
-0.358051557344631 -0.0689256813385191 -0.231036438650289 -0.0336275162585336
-0.324683331673445 0.105883333135851 -0.147085645287709 0.0197700180552491
-0.147540506669017 0.259237746957274 -0.0276066200164701 0.00124543753225458
0.0398734562076042 0.292034308457414 -0.0104729109352974 -0.0838454308034633
0.174212256045361 0.24283213220685 -0.108073611773965 -0.147962259476957
0.244585529706463 0.193570921768749 -0.205453781505689 -0.151869956654284
0.306649976282073 0.176579651513157 -0.242340424041087 -0.14923098720138
0.312515689270232 0.195912241290133 -0.226116076078547 -0.152583398845363
0.321225930913639 0.240995126483303 -0.157573689689447 -0.16038229692834
0.244032301066579 0.353158880781653 -0.0386940041070809 -0.134919497867961
0.0298886397345712 0.450093443126881 0.0308940211574673 -0.0180119054441527
-0.285834133250938 0.442596637650746 -0.110751766167194 0.115883420392242
-0.520896948427844 0.169715433341337 -0.240574984911502 0.0184849741254958
-0.503100961637033 -0.0918620987416938 -0.308269190947488 -0.191622736445909
-0.422041902979802 -0.191982580653997 -0.145721357314444 0.0923368874656198
-0.455241144926717 -0.056136789439866 -0.145322295401808 -0.0578925824215213
-0.424396865329813 0.139131618027979 -0.130721601921029 -0.0154545704940791
-0.220889658495225 0.340779821287915 -0.057915743651361 0.013976917252386
0.0237325030618232 0.398415268597054 -0.00432992389453162 -0.0158267752432804
0.208397233547317 0.328455247100427 -0.0473754955827045 -0.0732536079639825
0.311222296105016 0.251434129138896 -0.094344581963342 -0.076539661057542
0.381038998345092 0.2190643894725 -0.0993356917611683 -0.076594428288264
0.380215747204175 0.232654256812662 -0.085338386817348 -0.0829010657932521
0.387801117951483 0.28102673164657 -0.0508337966295811 -0.0926910484821114
0.303889633629661 0.406997681513527 0.0341003041200496 -0.077153549111063
0.0572007282268485 0.51300418129678 0.0768621889329774 0.00984894811646449
-0.281222441450248 0.504056842075241 -0.0430901902157844 0.11818984078434
-0.552597506075126 0.242425030714682 -0.128416860225162 0.0259942599565691
-0.573937341760271 -0.0555402430793921 -0.121649134342208 -0.146394756958663
-0.457453935955104 -0.169796985002065 0.0514010441885084 0.153289074037558
-0.496668262152341 -0.0190327121041665 -0.00769902521991212 -0.0578076192235772
-0.456541887463679 0.173284575453762 -0.0781829495299206 -0.0420603672097903
-0.245609805715143 0.379861097179622 -0.0760269537708834 0.036510679092625
0.0128490457251145 0.442842577762453 0.00489411080699413 0.0752311364540519
0.215802582539291 0.362633389684193 0.0267881193002147 0.031507817078388
0.330198856875388 0.268260490506097 0.0363150821938036 0.0191633974320196
0.395289872630235 0.230651822282564 0.0599273224736352 0.00674514108659132
0.385373164349103 0.23758946184768 0.0688282891686931 -0.0090041431951278
0.380935302499863 0.27734593873495 0.0650535689164849 -0.0242521174636859
0.291864554067242 0.391931236462188 0.107488979030565 -0.0168031883547243
0.0515537260448787 0.477205140227072 0.111339018887722 0.0362097551045208
-0.245242507362654 0.452273913588611 0.0156738076878581 0.0959327391556289
-0.48961172977428 0.247692076275035 -0.0143564567827664 0.00983907740971114
-0.543111539761625 -0.0214248101524117 0.0768523589858842 -0.114759321460636
-0.416438342506881 -0.115472801246442 0.251606081319923 0.210944501687714
-0.436883717715778 0.0314716210380425 0.145584434622933 -0.0395952481844876
-0.379440253274876 0.177468606650202 -0.00465065533713845 -0.0451098806457402
-0.205162856356729 0.33278295394226 -0.0695984406366845 0.0678713709518599
0.00826705695388266 0.393395494696143 0.0242120392155198 0.164477287639408
0.187365299260267 0.323142040556081 0.105357515397918 0.13987073543227
0.297437875206578 0.237891747637229 0.167723786289313 0.115562405332077
0.347708477378908 0.207458598906335 0.210840998484168 0.0885695850393264
0.32968386615535 0.211601149236791 0.205896151867802 0.0634060754262064
0.301645002365477 0.242940643103918 0.159877900574742 0.0443196871811838
0.211002749030909 0.32133972507735 0.153033398602041 0.0414654864979379
0.00469374294063397 0.356363385746596 0.119616246883846 0.0635233019850277
-0.190336597633041 0.302791378412919 0.0489447591640701 0.0656840489360895
-0.355216766033716 0.189113641127437 0.0744602493626368 -0.00985660340895599
-0.424932132590885 0.00497525600437905 0.248596772693337 -0.0917508131457669
-0.297125763962759 -0.0377393021995771 0.415270843258718 0.248287589005848
-0.277842949720109 0.0700974395238412 0.275543951310745 -0.0137395412586546
-0.21460169815226 0.128900450092508 0.0724400928346674 -0.0351430509343096
-0.124627553768234 0.208113775378726 -0.0423021284080417 0.0865131402051658
0.0016656962220652 0.26118555525602 0.0466741849413136 0.222855444291995
0.12506300437851 0.222749763548713 0.173861645768712 0.221409975206859
0.214824876702666 0.165500310815885 0.278570234800317 0.191773779241552
0.249304015701149 0.152045523412322 0.328696833860649 0.15635926543216
0.228105811823782 0.158223138890379 0.302541059307182 0.128886409509989
0.180946290313242 0.180369285643443 0.213374857665527 0.108657398400336
0.0974607395686617 0.215639264460442 0.157484837502305 0.0947654556568984
-0.0433029751846278 0.197237414191343 0.0959257072029209 0.0820446925825831
-0.114737829366738 0.124331425813828 0.0588317944700389 0.0339754634285733
-0.182802507132928 0.110899014726621 0.131888317967243 -0.0189470475713968
-0.257047725264891 0.0290002310042498 0.368594719723589 -0.0686669316815173
-0.118010557799133 0.0383360155695097 0.511467437097457 0.25493026897472
-0.0666316811831724 0.0729318286020125 0.365063501147409 0.000956857120806536
-0.0295548538388006 0.0314868234558729 0.136276438959376 -0.038882799412814
-0.048627450356354 0.0452783811651649 -0.0143398674097648 0.0767743586980335
-0.0190256021361492 0.0912839243412877 0.0627473562028062 0.239998514458863
0.0365557392120866 0.0897304388607716 0.221325066745273 0.262395096584385
0.0957820990128892 0.0696712186948295 0.35106217939083 0.233604791767764
0.11364055907956 0.0730601079235742 0.397218838204219 0.19795394666019
0.0992310380531506 0.0796871298628384 0.352077756134503 0.180531744905981
0.0527116542065774 0.0949735470549153 0.226868999282691 0.161393476839584
0.00111540979188412 0.0932265494788897 0.128083859350698 0.132346466675811
-0.0546252777626622 0.039242110144663 0.0554843386252963 0.0843782764864416
-0.0126206617599826 -0.0173503161283578 0.0633417422170788 0.00180274755969669
-0.00607301952239956 0.0599113449391099 0.17031913032199 -0.018461083474308
-0.075039416328497 0.0649255757661232 0.432517798426171 -0.0481490779277138
-0.054987094398515 -0.0943879200795787 -0.467798112606427 0.0191130869107939
-0.119471405658243 -0.0512285926923929 -0.242332828810686 0.0574248114442777
-0.0961286628276985 0.0653062704389352 -0.100483119014405 0.0432657566034705
0.00823819340402228 0.0810236689259169 0.00373821475792948 -0.0409480851154233
0.0481463468959001 0.0400410225713813 -0.0520346806493405 -0.138990760047967
0.0449670503285306 0.0225891160935315 -0.181060413660022 -0.183938138474583
0.0242005077840876 0.0233147268589857 -0.32167055703046 -0.20728456775513
0.039954876283504 0.0213436039000046 -0.396439905003318 -0.223724644892435
0.0538815240763555 0.0302696364820953 -0.370809751558581 -0.249435269501758
0.079359717972469 0.0384996713066346 -0.25288964565082 -0.265524180943911
0.0710847273923298 0.0759069684216448 -0.10905307472993 -0.228390915400062
0.00776209843327105 0.138204202913582 -0.0284654764777999 -0.0926478104369573
-0.134958594384388 0.129276042385638 -0.163307897469958 0.0219845179118343
-0.184973116413701 -0.0358220036075581 -0.327641379879831 -0.0743148083790936
-0.113080815315611 -0.101357926816328 -0.491444397257801 -0.302450609268087
-0.197384695688876 -0.14483906901048 -0.416768390984743 0.0134690044249054
-0.239943391189482 -0.067115996870223 -0.261058808360431 0.00629832678501351
-0.20942286593085 0.0832646183633307 -0.13124441858617 0.0410361054520888
-0.0652103237908257 0.16992551966967 -0.000566353553400731 -0.0147392951572391
0.0501435178394414 0.165604942285849 -0.0210052713588177 -0.123439996138667
0.115933721572035 0.134290117698835 -0.147606691712585 -0.184716319542409
0.142576146853853 0.1165494972635 -0.279868413176423 -0.199286488005806
0.1858106399692 0.111037111666075 -0.345947076674861 -0.204627783689529
0.194660409591215 0.131367863734104 -0.324040808823598 -0.218463507296347
0.20481161376529 0.163153189850711 -0.224750238650422 -0.224509063665369
0.148424482331694 0.238820587799742 -0.0844293815265843 -0.190477538491893
-0.00312420381215174 0.312365815941034 -0.0057653228677306 -0.0524745529616605
-0.249623681031874 0.293573307208335 -0.159268362178964 0.0790116251707586
-0.394824913306305 0.0512610078012363 -0.311730052147449 -0.0295041532785937
-0.336265619366019 -0.122774948990643 -0.433363911060372 -0.254553867807449
-0.32399938235471 -0.188274584073082 -0.309644171585923 0.036537185973464
-0.35582333232031 -0.080171411550086 -0.23488402909819 -0.0386597117603177
-0.328706717358923 0.0966855583987009 -0.149535115254203 0.0156306946376411
-0.155044165979016 0.254113620084455 -0.027720627824838 0.0021117814990053
0.0320529202815561 0.292938880521579 -0.00564464275733404 -0.082832107007268
0.168372664870333 0.246730504854103 -0.102582167468873 -0.14926302438569
0.240625805992505 0.201754983149377 -0.201194725918403 -0.155910098317192
0.305619572802295 0.185960453236203 -0.242110195863329 -0.15274184271065
0.309792235214726 0.20531482881786 -0.223510426206013 -0.158769319140101
0.316478471762015 0.249716541876507 -0.155154022932954 -0.163464712087693
0.23508124345911 0.359455347158783 -0.0364606822498245 -0.139268151674239
0.0170856993392367 0.451171461805923 0.0331075616170618 -0.0199798578164002
-0.30089102166891 0.43474455584248 -0.110595220845052 0.115985844986741
-0.529343085279035 0.155475304122423 -0.238320831332697 0.0108587354468348
-0.503728471483389 -0.107303747648866 -0.299873608539546 -0.197445568450738
-0.418132789850849 -0.205317865411467 -0.149405391827102 0.0887539052608733
-0.453360542982473 -0.0732565598364218 -0.147954853924157 -0.0601888279397928
-0.431316208425906 0.126321669504441 -0.133453755128923 -0.019773957511189
-0.231675167092439 0.333917714177234 -0.0595040719455052 0.0143552091171483
0.0117518795954755 0.399912481170691 -0.00113915463055626 -0.0138000799910996
0.200570433423762 0.334791802434705 -0.0459527980437268 -0.0723297625844836
0.306337366698057 0.261407136025828 -0.0921660932704556 -0.0769976200554272
0.378750133420665 0.230230626315091 -0.0994854777982802 -0.0780148739366147
0.377964985438092 0.243546368348178 -0.0839938626703895 -0.0856912183166852
0.382835263055001 0.289711874133339 -0.0506173556026356 -0.0927557335890877
0.29387352572389 0.41469468339871 0.0336511302825801 -0.0793413041853915
0.0430319636055615 0.514739655951216 0.0779536488343089 0.00922955406860038
-0.297623228836727 0.498645104561718 -0.042319034962323 0.120301942825875
-0.56391330236578 0.229239730858247 -0.125164237820861 0.0219487518875047
-0.575574898377958 -0.0733985525244429 -0.113700923080326 -0.146688677240814
-0.453648133163418 -0.187129102316074 0.0463473562545461 0.156253432238954
-0.496692003466624 -0.0349612125815899 -0.0102326753235699 -0.0574148448376843
-0.465130183348264 0.160218029624254 -0.0806363259348092 -0.0455264094991249
-0.256495327965052 0.371333378800554 -0.0788321070905338 0.036612957176644
-0.000641104955305578 0.444427175182581 0.00568952766661999 0.0778983146807679
0.205986424906245 0.370276049745893 0.0245845381401388 0.0343140524844937
0.323488758949262 0.278826823314298 0.0357567693732523 0.0221228844258931
0.392839527159893 0.241642875464222 0.0592889697000123 0.00842798338193676
0.384295539579379 0.247385116717513 0.0693997024000282 -0.0078172155414249
0.373925406448095 0.284923911331461 0.0644115878211781 -0.0201908514850499
0.2845365923887 0.396156154829216 0.104659637186571 -0.0169731824244538
0.0378794371027391 0.477485301080387 0.111449799521475 0.0370156378719902
-0.25946296221862 0.447306888742508 0.0160491004328714 0.0996872767706761
-0.498331715502802 0.234782683425451 -0.00996989000043927 0.00982745641746671
-0.542851119987003 -0.0381008667492596 0.0846677032181088 -0.111527282768678
-0.41489591156455 -0.129841194512319 0.245714493036005 0.219664240602692
-0.438371883151113 0.0163878410278887 0.142938059913031 -0.0346853308472366
-0.388938611919757 0.16513593549073 -0.0074293970150337 -0.0476995600423494
-0.216477098621093 0.327567673060514 -0.0735541220608487 0.0685564647520297
-0.00258986926805282 0.394081986247664 0.0209295684820856 0.168929755084014
0.177956416490716 0.331150324709806 0.0995136497237624 0.14445340478038
0.29192084841358 0.246081194877937 0.164818973842375 0.120949738875077
0.346435800469242 0.216339017568393 0.209206359894934 0.0927368144037543
0.329257640189024 0.220918855181622 0.205181980281654 0.067443268194907
0.295897021817493 0.248773718390863 0.157762741345355 0.0493295091220236
0.203196352283438 0.324383403764567 0.149269810957873 0.0432231824478705
-0.0038578193228731 0.356017927523686 0.118736184660125 0.0638177077591452
-0.199703437261293 0.29908053124072 0.0492124548408884 0.0696695745155101
-0.361612471341802 0.178635811742382 0.0794437265824601 -0.00702881368409935
-0.426924892031786 -0.00998954816660643 0.256218319219794 -0.0835266127555245
-0.29728862539049 -0.0483838976498372 0.408538422286071 0.262317187642969
-0.279616198078978 0.0605817142579308 0.273871267624674 -0.00616483832076893
-0.220941249264595 0.122162838629345 0.0711032690168271 -0.0345159577118151
-0.131874893026615 0.204946861103223 -0.0459973363091944 0.087854874154943
-0.00533582984413507 0.262177630666826 0.0410679900415502 0.227008562112257
0.119340146743851 0.228431879312079 0.165574771187343 0.228462127640232
0.210485418417177 0.170778480692027 0.274743706379039 0.200391549936949
0.24779274938666 0.158470459755873 0.326831352944049 0.161998280916962
0.226296720621246 0.163746162672845 0.301615938628835 0.135422749749623
0.176127926978949 0.184528682427963 0.210308708489575 0.113846829532073
0.0925619207579462 0.216202244690805 0.152147231712865 0.0967577917289896
-0.0479915036936918 0.194842317563798 0.0938804598614787 0.0821748396761085
-0.119413715015077 0.121762122476865 0.058780970108789 0.0373593059918069
-0.185968209999298 0.104055438262967 0.136839991351552 -0.0137097625502394
-0.258717495532257 0.0195350085759767 0.374201458707392 -0.0594716134702664
-0.119521447138921 0.0329187292968057 0.50529385242514 0.27100344188245
-0.0687701163024698 0.070782309308936 0.364420031386593 0.0105077558091887
-0.0319801810081367 0.0308107820220644 0.13550103696669 -0.0362655615658951
-0.0501644712126126 0.0447652644628395 -0.0178259259279364 0.078533924039396
-0.0200790975227735 0.0914648066737951 0.05553093320937 0.24464513413349
0.034725330805014 0.0920405696705854 0.212323594753201 0.271156015329964
0.0934525145715799 0.071021645771805 0.345724544277619 0.243629677252674
0.112720307291845 0.0748645656114973 0.395340335324273 0.206778178724238
0.0982404094500977 0.0819005073906833 0.348901617800039 0.186723247964047
0.0506079315209499 0.0962333384661486 0.222887324326492 0.165835659575488
-0.00121086810951331 0.0921309229304612 0.122893971352475 0.133879580253502
-0.0561148027320857 0.0373032818439968 0.0529000927000783 0.0833436652264843
-0.0124983628242728 -0.0177848393913499 0.0630478879287203 0.00316661705917543
-0.00755973008777926 0.0581153486064126 0.174435978425796 -0.012734027887458
-0.0766980078607984 0.0611541879947603 0.43394020619068 -0.0372245514201443
