TRXV5
3
4
4
9
string Extension=J
integer IsArchMeasurement=1
integer IsSpherical=1
string Generator=SPM
string GeneratorVersion=1.3.1 Dev
double ArchRadius=0.449999988079071
integer FrequencyAxisIndex=0
integer AzimuthAxisIndex=1
integer ElevationAxisIndex=2
Frequency
5 136 690000000 960000000 LIN
Azimuth
7 8 0 2.74889357189107 LIN
Elevation
7 15 -2.74889357189107 2.74889357189107 LIN
Polar H Real Part
13
Polar H Imaginary Part
14
Polar V Real Part
13
Polar V Imaginary Part
14
Polar H Magnitude (dB)
12 0xC0000002 0 1
Polar H Phase
7 0xC0000003 0 1
Polar V Magnitude (dB)
12 0xC0000002 2 3
Polar V Phase
7 0xC0000003 2 3
0.000106573104858398 0.00333213806152344 -0.0347938537597656 -0.0673637390136719
-0.00239944458007812 -0.00494718551635742 -0.0131778717041016 -0.0278453826904297
-0.00897026062011719 0.000581741333007814 0.0188865661621094 0.000261306762695313
-0.0035700798034668 0.00736331939697266 0.0467185974121094 -0.0106735229492188
0.00273990631103516 0.00505638122558594 0.0502738952636719 -0.0301475524902344
0.0031130313873291 0.000876903533935547 0.0400352478027344 -0.0528831481933594
0.00302362442016602 -0.00460100173950195 0.0204963684082031 -0.0615234375
0.00139069557189941 -0.00385808944702148 0.00362777709960937 -0.0525398254394531
0.00149130821228027 -0.00404691696166992 -0.005035400390625 -0.0389175415039063
0.00466680526733398 -0.00200319290161133 -0.00867652893066406 -0.0270271301269531
0.00447177886962891 0.00156736373901367 -0.0221290588378906 -0.0173091888427734
-0.00266408920288086 0.00459671020507813 -0.0274982452392578 -0.0125350952148438
-0.00825929641723633 -0.00370311737060547 -0.0373458862304688 -0.0145988464355469
-3.57627868652345E-05 -0.00859594345092773 -0.0566291809082031 -0.0150413513183594
-0.000254154205322265 -0.00406980514526367 -0.0580596923828125 -0.0142288208007812
0.0186958312988281 0.02471923828125 -0.0269279479980469 -0.0629348754882813
0.0177326202392578 0.0138473510742188 -0.00454521179199219 -0.0225543975830078
0.0110139846801758 0.0117454528808594 0.0238895416259766 0.000453948974609376
0.016779899597168 0.0113258361816406 0.0495452880859375 -0.0102920532226563
0.0207748413085938 0.00172996520996094 0.0505905151367188 -0.0285453796386719
0.0186176300048828 -0.012451171875 0.0402030944824219 -0.0518684387207031
0.0122356414794922 -0.0221729278564453 0.018829345703125 -0.056854248046875
0.00957489013671875 -0.0203762054443359 0.000450134277343747 -0.0458221435546875
0.00911331176757813 -0.0233840942382813 -0.0080718994140625 -0.0321979522705078
0.0159149169921875 -0.0213642120361328 -0.0125350952148438 -0.0234336853027344
0.0207443237304687 -0.0115699768066406 -0.0249958038330078 -0.0137748718261719
0.0179901123046875 -0.00336647033691406 -0.0279865264892578 -0.0113487243652344
0.0137100219726563 -1.04904174804688E-05 -0.0368919372558594 -0.0128669738769531
0.0215206146240234 0.00264930725097656 -0.0513458251953125 -0.0101814270019531
0.0215091705322266 0.0108566284179688 -0.0519180297851563 -0.00845718383789063
0.0339469909667969 0.0433845520019531 -0.0142059326171875 -0.0507888793945313
0.0360183715820312 0.0326766967773438 0.00749301910400391 -0.0112476348876953
0.0310630798339844 0.0227165222167969 0.0295028686523438 0.00384712219238281
0.0371208190917969 0.01483154296875 0.0515861511230469 -0.00824356079101562
0.0378265380859375 -0.00185775756835938 0.0482978820800781 -0.0258979797363281
0.0321197509765625 -0.0244388580322266 0.03546142578125 -0.046783447265625
0.0192108154296875 -0.0366172790527344 0.01446533203125 -0.0454788208007812
0.0159721374511719 -0.0336704254150391 -0.00232315063476563 -0.0327892303466797
0.0154075622558594 -0.0386734008789063 -0.0106773376464844 -0.0193138122558594
0.0238418579101562 -0.0375785827636719 -0.0166969299316406 -0.0130367279052734
0.0327663421630859 -0.02362060546875 -0.0287513732910156 -0.00619125366210938
0.0345897674560547 -0.0120773315429688 -0.0292396545410156 -0.00751686096191406
0.0345706939697266 0.00103378295898438 -0.0348491668701172 -0.0113964080810547
0.0414619445800781 0.0124397277832031 -0.0407600402832031 -0.00579452514648437
0.0395469665527344 0.0238914489746094 -0.0396080017089844 0.00144958496093749
0.0443534851074219 0.0547866821289062 0.00163650512695313 -0.0344257354736328
0.05084228515625 0.0455780029296875 0.0197029113769531 0.00220298767089844
0.0487594604492187 0.0287437438964844 0.0349502563476563 0.00819206237792969
0.0538482666015625 0.0143051147460938 0.0510063171386719 -0.00530624389648437
0.0502128601074219 -0.0075531005859375 0.0424995422363281 -0.0206184387207031
0.0404205322265625 -0.0344810485839844 0.0275764465332031 -0.0364151000976562
0.0228652954101562 -0.0459403991699219 0.00825119018554688 -0.0286693572998047
0.019927978515625 -0.0419235229492188 -0.0054025650024414 -0.0147256851196289
0.0190048217773438 -0.0481033325195313 -0.0122795104980469 -0.001495361328125
0.0287742614746094 -0.0473861694335937 -0.0200309753417969 0.00130271911621093
0.0405921936035156 -0.0320625305175781 -0.0307083129882812 0.00445365905761718
0.0468902587890625 -0.0182991027832031 -0.0299282073974609 -0.00279617309570313
0.0489006042480469 0.00252914428710938 -0.0318546295166016 -0.0101604461669922
0.0550308227539063 0.0202293395996094 -0.0258865356445312 -0.000907897949218749
0.0506362915039063 0.0349693298339844 -0.0219917297363281 0.0143985748291016
0.0483932495117187 0.0580978393554688 0.0201549530029297 -0.0174121856689453
0.0593719482421875 0.0496978759765625 0.0341606140136719 0.0141944885253906
0.0587043762207031 0.0284500122070313 0.0383338928222656 0.0116424560546875
0.06195068359375 0.00883865356445312 0.0450210571289063 -0.0010986328125
0.053863525390625 -0.01409912109375 0.0331649780273437 -0.0128364562988281
0.0408058166503906 -0.0413398742675781 0.0178146362304688 -0.0227642059326172
0.0219764709472656 -0.0486984252929688 0.00248813629150391 -0.00892925262451172
0.0198135375976562 -0.0435638427734375 -0.007659912109375 0.00583839416503906
0.0201644897460938 -0.050201416015625 -0.0135679244995117 0.0173244476318359
0.0299758911132812 -0.0489692687988281 -0.0228214263916016 0.0167770385742187
0.043701171875 -0.033477783203125 -0.03228759765625 0.0146846771240234
0.0519447326660156 -0.0194892883300781 -0.0304107666015625 0.00193977355957031
0.05670166015625 0.00643157958984375 -0.0263462066650391 -0.00823783874511719
0.0601387023925781 0.0279960632324219 -0.0092926025390625 0.00468730926513672
0.0524864196777344 0.0419235229492187 -0.00291252136230468 0.0294971466064453
0.04339599609375 0.0518836975097656 0.0373764038085937 -0.002288818359375
0.0587501525878906 0.0451736450195313 0.0471000671386719 0.0212936401367188
0.0576820373535156 0.0224266052246094 0.0404548645019531 0.0122108459472656
0.0587501525878906 0.00238418579101562 0.0381584167480469 0.00345230102539063
0.0477371215820313 -0.01885986328125 0.0235424041748047 -0.00348281860351563
0.0330657958984375 -0.0416336059570313 0.00958061218261719 -0.00580596923828125
0.0165367126464844 -0.0441741943359375 -0.00169754028320312 0.0117130279541016
0.0165138244628906 -0.0390281677246094 -0.00902748107910156 0.0256690979003906
0.0178909301757813 -0.0450706481933594 -0.0149726867675781 0.03466796875
0.0278282165527344 -0.0433616638183594 -0.0268993377685547 0.0312652587890625
0.0414848327636719 -0.0279541015625 -0.0352058410644531 0.0242385864257812
0.0505599975585938 -0.0147628784179688 -0.0308933258056641 0.00665664672851562
0.0546913146972656 0.0119552612304688 -0.0206928253173828 -0.00597953796386718
0.0554542541503906 0.0328712463378906 0.00687599182128907 0.0117330551147461
0.0452346801757813 0.0448532104492188 0.0139694213867188 0.0461883544921875
0.031280517578125 0.0378036499023437 0.0511436462402344 0.00662994384765625
0.0475387573242188 0.0341758728027344 0.055755615234375 0.022674560546875
0.0465431213378906 0.0135345458984375 0.0394363403320313 0.0104217529296875
0.0441780090332031 -0.0035552978515625 0.0304412841796875 0.00738716125488281
0.0336112976074219 -0.0190334320068359 0.0170707702636719 0.00598716735839844
0.0201053619384766 -0.0346832275390625 0.0046234130859375 0.00964736938476562
0.00872421264648438 -0.0319347381591797 -0.00206184387207031 0.0291614532470703
0.0100860595703125 -0.0274276733398438 -0.00851058959960937 0.0410881042480469
0.0123176574707031 -0.0329132080078125 -0.0179786682128906 0.0485801696777344
0.0209751129150391 -0.0311717987060547 -0.0320968627929688 0.0421714782714844
0.033782958984375 -0.0192356109619141 -0.0395469665527344 0.0302658081054687
0.0414886474609375 -0.00752639770507813 -0.0324993133544922 0.0100612640380859
0.0432929992675781 0.0153121948242188 -0.0163021087646484 -0.00209808349609375
0.0417671203613281 0.0328750610351563 0.0172023773193359 0.0214824676513672
0.0300064086914063 0.0400772094726563 0.0248985290527344 0.0626296997070312
0.0128173828125 0.0206966400146484 0.0594978332519531 0.00984573364257813
0.0288677215576172 0.0199680328369141 0.0593833923339844 0.01904296875
0.0267696380615234 0.00495147705078125 0.0370597839355469 0.0083770751953125
0.0233497619628906 -0.00617599487304688 0.0252609252929687 0.0103473663330078
0.0152759552001953 -0.0138349533081055 0.0138931274414063 0.0124588012695313
0.00511741638183594 -0.0198516845703125 0.00314521789550781 0.0216102600097656
0.000411987304687499 -0.0140180587768555 -0.00107192993164062 0.0398902893066406
0.0019989013671875 -0.012120246887207 -0.00721740722656249 0.0502700805664062
0.00370121002197266 -0.0163106918334961 -0.0210189819335938 0.0564193725585937
0.00975894927978515 -0.0173177719116211 -0.0378608703613281 0.047271728515625
0.0194053649902344 -0.0107898712158203 -0.0436515808105469 0.0324478149414063
0.0257949829101563 -0.00355148315429688 -0.0357856750488281 0.0126953125
0.0270214080810547 0.0130710601806641 -0.0164804458618164 0.00248050689697266
0.0234355926513672 0.0242786407470703 0.0202064514160156 0.0299224853515625
0.0115604400634766 0.0278339385986328 0.0297393798828125 0.0745773315429688
0.0011448860168457 0.00401949882507324 -0.0392303466796875 -0.0653152465820313
-0.00276994705200195 -0.00486612319946289 -0.0148563385009766 -0.0266036987304687
-0.00834846496582031 0.00114822387695313 0.0193805694580078 -0.00137901306152344
-0.00267553329467773 0.00731277465820313 0.0467643737792969 -0.0145683288574219
0.00307130813598633 0.0047917366027832 0.0489578247070313 -0.0342864990234375
0.00359940528869629 0.000246286392211914 0.0364112854003906 -0.0571670532226562
0.00313758850097656 -0.00517082214355469 0.01568603515625 -0.0640869140625
0.00145363807678223 -0.00426268577575684 -0.00121307373046875 -0.0531501770019531
0.00119376182556152 -0.00436902046203613 -0.00835418701171875 -0.0389785766601563
0.00474452972412109 -0.00343227386474609 -0.011016845703125 -0.0274467468261719
0.00476646423339844 0.00149822235107422 -0.02386474609375 -0.0164165496826172
-0.00218439102172852 0.00460720062255859 -0.0289382934570312 -0.0109348297119141
-0.00854063034057617 -0.00250720977783203 -0.0385971069335937 -0.0132789611816406
-0.00097513198852539 -0.00874710083007812 -0.0588340759277344 -0.0116767883300781
-0.000652313232421875 -0.00395631790161133 -0.0609855651855469 -0.0103836059570312
0.0216293334960938 0.0241832733154297 -0.0312538146972656 -0.0607795715332031
0.0192718505859375 0.0132331848144531 -0.005950927734375 -0.0212936401367188
0.0127124786376953 0.0114374160766602 0.0244827270507812 -0.000949859619140624
0.018157958984375 0.0101699829101563 0.0498085021972656 -0.0138702392578125
0.0208091735839844 0.000148773193359375 0.049285888671875 -0.0324821472167969
0.0182228088378906 -0.0144176483154297 0.0365982055664063 -0.0551681518554688
0.0105113983154297 -0.0240688323974609 0.0141677856445313 -0.0588531494140625
0.00870132446289063 -0.0215301513671875 -0.00390243530273438 -0.0461769104003906
0.00837898254394531 -0.0247268676757812 -0.0117263793945312 -0.0319042205810547
0.0146617889404297 -0.0227928161621094 -0.0152816772460938 -0.0228977203369141
0.0201396942138672 -0.0128097534179688 -0.0271492004394531 -0.0131149291992188
0.0182228088378906 -0.00412940979003906 -0.0294017791748047 -0.00999832153320312
0.0141849517822266 -0.000590324401855469 -0.0386009216308594 -0.0112380981445312
0.0219631195068359 0.00116920471191406 -0.0535430908203125 -0.0069732666015625
0.0226097106933594 0.00933074951171875 -0.0547409057617187 -0.00436401367187501
0.0389747619628906 0.0416793823242188 -0.0169334411621094 -0.0496101379394531
0.0389404296875 0.0304489135742188 0.00605392456054688 -0.010960578918457
0.0333805084228516 0.0203647613525391 0.0310592651367188 0.00274276733398438
0.0393714904785156 0.0118484497070313 0.0517578125 -0.0115203857421875
0.0385169982910156 -0.00511932373046875 0.0476417541503906 -0.029693603515625
0.0307064056396484 -0.0273952484130859 0.0322647094726563 -0.0497856140136719
0.0167770385742187 -0.0385932922363281 0.0104904174804687 -0.0468025207519531
0.0141754150390625 -0.0359573364257813 -0.00580787658691406 -0.0320491790771484
0.0119514465332031 -0.0404205322265625 -0.0128116607666016 -0.0183868408203125
0.0215568542480469 -0.0402030944824219 -0.0188350677490234 -0.0125541687011719
0.0312767028808594 -0.0267715454101563 -0.0299491882324219 -0.00448417663574219
0.0344734191894531 -0.0148754119873047 -0.0307636260986328 -0.00605010986328125
0.0341854095458984 -0.000864028930664063 -0.0370292663574219 -0.00910186767578125
0.0423393249511719 0.00959014892578125 -0.0422019958496094 -0.0025482177734375
0.0418357849121094 0.0217933654785156 -0.0410575866699219 0.00477981567382813
0.0500335693359375 0.0524139404296875 0.000535964965820318 -0.0342311859130859
0.0554924011230469 0.0419807434082031 0.0213088989257813 0.00162124633789063
0.0518341064453125 0.0260848999023437 0.0360260009765625 0.00738143920898438
0.0560073852539062 0.00968551635742187 0.0510711669921875 -0.00778579711914062
0.0499954223632813 -0.0120964050292969 0.041229248046875 -0.023773193359375
0.0381126403808594 -0.0383186340332031 0.0247573852539063 -0.0394287109375
0.0198554992675781 -0.0483665466308594 0.00560760498046875 -0.0294132232666016
0.0169906616210938 -0.0442962646484375 -0.00702857971191406 -0.0132980346679688
0.0155792236328125 -0.0504989624023438 -0.0126447677612305 -0.000243186950683598
0.0248756408691406 -0.0505638122558594 -0.0209007263183594 0.00300025939941406
0.0384674072265625 -0.0353279113769531 -0.0312862396240234 0.00663948059082031
0.0462684631347656 -0.0228652954101563 -0.0311756134033203 -0.000843048095703131
0.0501556396484375 -0.00100326538085937 -0.0330619812011719 -0.00805854797363282
0.0570831298828125 0.0166358947753906 -0.0266666412353516 0.00114059448242188
0.0542869567871094 0.0317726135253906 -0.0227336883544922 0.0168609619140625
0.0536766052246094 0.0545845031738281 0.019927978515625 -0.0183753967285156
0.0635795593261719 0.0451469421386719 0.0359115600585938 0.0131416320800781
0.061737060546875 0.024566650390625 0.0403480529785156 0.0103187561035156
0.0635032653808594 0.00431060791015625 0.0461807250976563 -0.00279998779296875
0.0537605285644531 -0.0181732177734375 0.0332603454589844 -0.0148162841796875
0.0372085571289063 -0.0446205139160156 0.0162677764892578 -0.023956298828125
0.0176620483398437 -0.0511512756347656 0.00200891494750977 -0.00847530364990235
0.0162315368652344 -0.0458297729492187 -0.00761127471923828 0.00745677947998047
0.0154647827148438 -0.052581787109375 -0.0134468078613281 0.0192661285400391
0.0259437561035156 -0.052215576171875 -0.0230083465576172 0.0187931060791016
0.0410575866699219 -0.0367622375488281 -0.0335521697998047 0.0174293518066406
0.0511627197265625 -0.0235557556152344 -0.0313682556152344 0.00387001037597656
0.0571861267089844 0.00179672241210938 -0.0280437469482422 -0.00681877136230468
0.0628318786621094 0.0235328674316406 -0.00980567932128906 0.00533771514892579
0.0567626953125 0.0388298034667969 -0.00234222412109375 0.0305290222167969
0.0490188598632813 0.0486984252929688 0.0385475158691406 -0.00449752807617187
0.062744140625 0.0410728454589844 0.0499305725097656 0.0195274353027344
0.0597953796386719 0.018646240234375 0.0417098999023438 0.0108871459960938
0.0597343444824219 -0.002166748046875 0.0387496948242188 0.00217056274414062
0.0469398498535156 -0.0228843688964844 0.0240001678466797 -0.00443458557128906
0.0296287536621094 -0.0445137023925781 0.00872993469238281 -0.00619316101074219
0.0129776000976563 -0.0457077026367188 -0.000498771667480469 0.0121641159057617
0.0130691528320313 -0.0404052734375 -0.00662422180175782 0.0268764495849609
0.0138397216796875 -0.0463447570800781 -0.0129241943359375 0.0369834899902344
0.0238265991210938 -0.0458984375 -0.0255546569824219 0.0339736938476562
0.0399055480957031 -0.0318374633789063 -0.0346775054931641 0.0271778106689453
0.0502777099609375 -0.0195274353027344 -0.0315418243408203 0.00885200500488281
0.055938720703125 0.00768661499023438 -0.022247314453125 -0.00384712219238281
0.0586585998535156 0.0295562744140625 0.00693416595458985 0.0114927291870117
0.0495414733886719 0.0416336059570313 0.0163078308105469 0.0462837219238281
0.0350589752197266 0.0350360870361328 0.0535812377929687 0.00340652465820313
0.051116943359375 0.0304794311523438 0.0586013793945313 0.0197105407714844
0.0478668212890625 0.00984954833984375 0.0405387878417969 0.00968551635742188
0.044769287109375 -0.00691604614257812 0.0318508148193359 0.00689506530761719
0.0322074890136719 -0.0221118927001953 0.0177021026611328 0.00533676147460937
0.0166435241699219 -0.0355796813964844 0.00510597229003906 0.00995635986328125
0.00618934631347656 -0.0323276519775391 0.000223159790039065 0.0295829772949219
0.00747489929199219 -0.0280685424804687 -0.00519180297851563 0.0426864624023438
0.00954627990722656 -0.0338859558105469 -0.014190673828125 0.0508308410644531
0.0179195404052734 -0.0333061218261719 -0.0304527282714844 0.0451431274414062
0.0317401885986328 -0.0221672058105469 -0.0377998352050781 0.033355712890625
0.0409927368164063 -0.0120277404785156 -0.0325908660888672 0.0124740600585938
0.0449714660644531 0.0123939514160156 -0.0172004699707031 -0.000754356384277343
0.0445442199707031 0.0300483703613281 0.01849365234375 0.0199680328369141
0.0339927673339844 0.0378837585449219 0.0288047790527344 0.0615005493164063
0.0152015686035156 0.0191097259521484 0.0619354248046875 0.00579452514648438
0.0307521820068359 0.0180473327636719 0.0619087219238281 0.0161781311035156
0.0276126861572266 0.0030517578125 0.0382080078125 0.007904052734375
0.0228691101074219 -0.00826072692871094 0.0265769958496094 0.00986289978027344
0.0139951705932617 -0.0152225494384766 0.0150785446166992 0.0129365921020508
0.00300216674804688 -0.0200672149658203 0.005615234375 0.021484375
-0.000935554504394531 -0.0138454437255859 0.00279998779296875 0.0402908325195313
0.00137901306152344 -0.0119113922119141 -0.00274276733398437 0.05120849609375
0.00195407867431641 -0.0155906677246094 -0.0157241821289062 0.0580291748046875
0.00770950317382812 -0.0181694030761719 -0.0352134704589844 0.0508232116699219
0.0181484222412109 -0.0125179290771484 -0.0423469543457031 0.0362663269042969
0.0252494812011719 -0.00616645812988281 -0.0358238220214844 0.0157661437988281
0.0283489227294922 0.0112018585205078 -0.0169048309326172 0.00395965576171875
0.0256404876708984 0.0228023529052734 0.0221786499023438 0.0281085968017578
0.0140190124511719 0.0273170471191406 0.0344390869140625 0.0734481811523437
0.00200438499450684 0.0041658878326416 -0.0410690307617187 -0.06146240234375
-0.00256776809692383 -0.00449275970458984 -0.0157356262207031 -0.0253314971923828
-0.00788021087646484 0.00132226943969727 0.0195388793945313 -0.00230979919433594
-0.00204086303710938 0.00748109817504883 0.0450782775878906 -0.0169563293457031
0.00354504585266113 0.00424075126647949 0.0463943481445313 -0.0367889404296875
0.0038599967956543 -0.000237941741943359 0.0322265625 -0.0578575134277344
0.00293588638305664 -0.00630712509155273 0.0110282897949219 -0.0632247924804687
0.00148487091064453 -0.00441360473632812 -0.00522232055664063 -0.0516548156738281
0.00210905075073242 -0.00421142578125 -0.0118827819824219 -0.0379905700683594
0.00503683090209961 -0.00308036804199219 -0.0133476257324219 -0.0266647338867187
0.00545215606689453 0.00104904174804687 -0.0248775482177734 -0.014373779296875
-0.00159931182861328 0.00525426864624023 -0.0293636322021484 -0.00979995727539063
-0.00810003280639648 -0.00194835662841797 -0.0389862060546875 -0.0115547180175781
-0.00176477432250976 -0.00811243057250977 -0.0587654113769531 -0.00754547119140625
-0.000656843185424804 -0.00346612930297852 -0.0612449645996094 -0.00529861450195312
0.0234909057617188 0.0222663879394531 -0.0328865051269531 -0.0574874877929688
0.0203113555908203 0.0115833282470703 -0.00638389587402344 -0.0203971862792969
0.0133991241455078 0.0099029541015625 0.0245285034179688 -0.00189018249511719
0.0189800262451172 0.0086517333984375 0.0482597351074219 -0.0163917541503906
0.0211696624755859 -0.00160408020019531 0.0471458435058594 -0.0351715087890625
0.0166873931884766 -0.0154829025268555 0.0322608947753906 -0.0564804077148438
0.00893020629882812 -0.0244846343994141 0.00929641723632812 -0.058013916015625
0.00742912292480469 -0.0221710205078125 -0.00762557983398437 -0.0440254211425781
0.00657844543457031 -0.0246009826660156 -0.0138339996337891 -0.0303897857666016
0.0135631561279297 -0.0236892700195313 -0.0171546936035156 -0.0222759246826172
0.0190448760986328 -0.0140514373779297 -0.0280685424804687 -0.0110988616943359
0.0173788070678711 -0.00486278533935547 -0.0302829742431641 -0.00806617736816406
0.0136995315551758 -0.00100135803222656 -0.0383033752441406 -0.00935363769531249
0.0213222503662109 -9.1552734375E-05 -0.0531692504882813 -0.00335693359375001
0.0225925445556641 0.00835609436035156 -0.0551033020019531 -0.000236511230468747
0.0415840148925781 0.03851318359375 -0.0188980102539062 -0.0473098754882812
0.0404586791992188 0.0264549255371094 0.00637435913085938 -0.0102605819702148
0.0341224670410156 0.0183067321777344 0.0308704376220703 0.00168991088867188
0.03948974609375 0.0087432861328125 0.0506515502929688 -0.0140609741210938
0.0373344421386719 -0.00774383544921875 0.0452194213867188 -0.0313491821289063
0.0281600952148438 -0.0290336608886719 0.028411865234375 -0.050567626953125
0.0136375427246094 -0.0392837524414063 0.00668716430664063 -0.0457916259765625
0.011566162109375 -0.0360336303710937 -0.00833511352539062 -0.030120849609375
0.00939559936523438 -0.0411415100097656 -0.0149927139282227 -0.0165309906005859
0.0180206298828125 -0.0405807495117187 -0.0203323364257813 -0.0110187530517578
0.0294036865234375 -0.0285301208496094 -0.0303840637207031 -0.00250244140625
0.0332374572753906 -0.0170860290527344 -0.0304126739501953 -0.00426483154296875
0.0332489013671875 -0.00249862670898438 -0.0373115539550781 -0.00640487670898438
0.0416107177734375 0.0069122314453125 -0.0424423217773438 -8.39233398437562E-05
0.0425872802734375 0.0187797546386719 -0.0416412353515625 0.00796890258789064
0.0534324645996094 0.0485610961914063 -0.000488281249999997 -0.0329608917236328
0.0571365356445312 0.0370635986328125 0.0217208862304688 0.0018157958984375
0.0520057678222656 0.022186279296875 0.0361747741699219 0.0061798095703125
0.0556907653808594 0.00579452514648437 0.0498771667480469 -0.00958633422851563
0.0484886169433594 -0.0149688720703125 0.0388412475585938 -0.0253448486328125
0.0344619750976563 -0.0398597717285156 0.0216064453125 -0.0398216247558594
0.0157470703125 -0.0483436584472656 0.00341415405273438 -0.0286388397216797
0.0130157470703125 -0.0444374084472656 -0.00830268859863281 -0.0116748809814453
0.0109214782714844 -0.0507125854492188 -0.0133428573608398 0.00110912322998046
0.0202484130859375 -0.0510177612304688 -0.0216274261474609 0.00335311889648437
0.0356216430664063 -0.0372123718261719 -0.0315933227539063 0.00825309753417969
0.04351806640625 -0.0254058837890625 -0.0311737060546875 0.000814437866210935
0.0487480163574219 -0.00347518920898438 -0.0342788696289063 -0.00557899475097656
0.0570030212402344 0.0132255554199219 -0.0276298522949219 0.00275039672851563
0.0557365417480469 0.0274009704589844 -0.0226268768310547 0.0181941986083984
0.0567207336425781 0.0501747131347656 0.0195693969726563 -0.0185165405273437
0.0655403137207031 0.0401191711425781 0.0368003845214844 0.0113143920898438
0.0618019104003906 0.0204734802246094 0.0406227111816406 0.009033203125
0.0626296997070313 0.000209808349609375 0.0454978942871094 -0.00442886352539062
0.0511474609375 -0.0217781066894531 0.0316619873046875 -0.0154628753662109
0.0329093933105469 -0.0461387634277344 0.0143547058105469 -0.0238132476806641
0.0141220092773437 -0.0503425598144531 0.00111675262451172 -0.00812959671020508
0.0126495361328125 -0.0459327697753906 -0.00721645355224609 0.00854396820068359
0.0112113952636719 -0.0526161193847656 -0.0122928619384766 0.0206127166748047
0.0209503173828125 -0.052978515625 -0.0222549438476563 0.019500732421875
0.0380401611328125 -0.0394401550292969 -0.0320720672607422 0.0191631317138672
0.0487098693847656 -0.0272064208984375 -0.0305843353271484 0.00628662109375
0.0563850402832031 -0.00131607055664063 -0.0290164947509766 -0.00363731384277344
0.0627250671386719 0.0197563171386719 -0.0099334716796875 0.00589656829833984
0.0590362548828125 0.0338287353515625 -0.00155448913574219 0.0305423736572266
0.05126953125 0.0439033508300781 0.0390548706054688 -0.00656509399414062
0.0635986328125 0.0353202819824219 0.0501289367675781 0.0167045593261719
0.0602073669433594 0.0149192810058594 0.0418815612792969 0.010009765625
0.0583724975585938 -0.0059661865234375 0.0390243530273438 0.000530242919921875
0.0442466735839844 -0.02496337890625 0.0231380462646484 -0.00492668151855469
0.0256233215332031 -0.0450210571289063 0.0077519416809082 -0.00646829605102539
0.00885009765625 -0.0444297790527344 0.000528335571289063 0.0120296478271484
0.00973892211914062 -0.0400428771972656 -0.00484085083007812 0.0272541046142578
0.00972747802734375 -0.0463409423828125 -0.0104713439941406 0.037689208984375
0.0199508666992188 -0.0462875366210938 -0.0240688323974609 0.0344161987304688
0.03692626953125 -0.0336227416992188 -0.0332756042480469 0.0290660858154297
0.0479393005371094 -0.0226402282714844 -0.0306358337402344 0.0107498168945312
0.05462646484375 0.00379180908203125 -0.0228443145751953 -0.00234794616699219
0.0592231750488281 0.0251502990722656 0.00687599182128907 0.01104736328125
0.0523262023925781 0.0373039245605469 0.0176506042480469 0.0444107055664063
0.03704833984375 0.0317916870117188 0.053314208984375 0.000385284423828127
0.0516433715820313 0.026153564453125 0.0591964721679688 0.0163459777832031
0.0472869873046875 0.00687026977539063 0.0410614013671875 0.00848770141601563
0.0437202453613281 -0.009765625 0.0318527221679688 0.00596809387207031
0.0298709869384766 -0.0231685638427734 0.0177440643310547 0.00507354736328125
0.0139961242675781 -0.0354576110839844 0.00551795959472656 0.00987720489501953
0.00351333618164062 -0.0318641662597656 0.00228309631347656 0.0289993286132812
0.00513648986816407 -0.0275230407714844 -0.00226593017578125 0.0425834655761719
0.00631523132324218 -0.0329132080078125 -0.010833740234375 0.050750732421875
0.0150928497314453 -0.0335350036621094 -0.0272026062011719 0.0464935302734375
0.0298442840576172 -0.0242500305175781 -0.0363311767578125 0.0354118347167969
0.0396614074707031 -0.0146522521972656 -0.0316848754882812 0.014984130859375
0.0446128845214844 0.00866317749023438 -0.0174827575683594 0.000793457031250001
0.0460472106933594 0.0260162353515625 0.0184612274169922 0.0182952880859375
0.03656005859375 0.0351295471191406 0.0305671691894531 0.0584564208984375
0.0159330368041992 0.0168485641479492 0.0621719360351563 0.0018768310546875
0.0311393737792969 0.0146808624267578 0.061737060546875 0.0120582580566406
0.0271682739257813 0.000734329223632813 0.0383987426757813 0.0057373046875
0.0218849182128906 -0.00963973999023438 0.026885986328125 0.00924873352050781
0.0125093460083008 -0.0159168243408203 0.015995979309082 0.0121603012084961
0.00107002258300781 -0.0191097259521484 0.00688743591308594 0.0211391448974609
-0.00171947479248047 -0.0126638412475586 0.00569915771484375 0.0389900207519531
5.05447387695311E-05 -0.0110673904418945 0.0011444091796875 0.0503425598144531
0.000243186950683592 -0.0155878067016602 -0.0113906860351563 0.0586662292480469
0.00617599487304688 -0.0177345275878906 -0.0312461853027344 0.0526237487792969
0.0167045593261719 -0.0135097503662109 -0.040374755859375 0.0376930236816406
0.0240535736083984 -0.0077667236328125 -0.0341320037841797 0.0175094604492187
0.0274295806884766 0.00882530212402344 -0.016819953918457 0.00463294982910156
0.0262355804443359 0.0201492309570313 0.0229892730712891 0.0256538391113281
0.0157413482666016 0.0248680114746094 0.0375480651855469 0.0695114135742188
0.00240349769592285 0.0042579174041748 -0.0405960083007813 -0.0582122802734375
-0.00219178199768066 -0.00367903709411621 -0.0157299041748047 -0.0233192443847656
-0.00710725784301758 0.00214481353759766 0.0186576843261719 -0.00280952453613281
-0.00143241882324219 0.00685024261474609 0.043243408203125 -0.0178756713867187
0.00414705276489258 0.00357270240783691 0.0441246032714844 -0.0370101928710938
0.00372648239135742 -0.000797033309936523 0.0297927856445312 -0.0573234558105469
0.00281953811645508 -0.006500244140625 0.007659912109375 -0.0614204406738281
0.00236225128173828 -0.00469970703125 -0.0074005126953125 -0.048614501953125
0.00205183029174805 -0.00451278686523437 -0.013092041015625 -0.0360755920410156
0.00523185729980469 -0.00379371643066406 -0.0139827728271484 -0.0257358551025391
0.00577068328857422 0.000719070434570313 -0.0244941711425781 -0.0139598846435547
-0.00136375427246094 0.00539922714233398 -0.0282745361328125 -0.00912666320800781
-0.00795698165893555 -0.0011587142944336 -0.0380668640136719 -0.0106697082519531
-0.00211238861083984 -0.00739717483520508 -0.0580406188964844 -0.00612640380859376
-0.00114011764526367 -0.00285744667053223 -0.0602302551269531 -0.00365829467773438
0.023834228515625 0.0212001800537109 -0.0322036743164063 -0.0540733337402344
0.0201416015625 0.0104084014892578 -0.00651741027832031 -0.0185928344726563
0.0132961273193359 0.00944042205810547 0.0241985321044922 -0.00140762329101562
0.0196075439453125 0.00724601745605469 0.0468215942382813 -0.0171089172363281
0.0202674865722656 -0.00227546691894531 0.0442886352539063 -0.0352020263671875
0.015650749206543 -0.0159502029418945 0.0289344787597656 -0.0553398132324219
0.00834465026855469 -0.0246906280517578 0.006927490234375 -0.0556907653808594
0.00662994384765625 -0.0218791961669922 -0.00910186767578125 -0.041778564453125
0.005401611328125 -0.0243721008300781 -0.0153636932373047 -0.0285396575927734
0.0126075744628906 -0.0235748291015625 -0.0182857513427734 -0.0210704803466797
0.0186576843261719 -0.0142784118652344 -0.0275688171386719 -0.0103855133056641
0.0172615051269531 -0.00553798675537109 -0.0289878845214844 -0.00725936889648437
0.0134077072143555 -0.000855445861816406 -0.0381507873535156 -0.00799179077148438
0.0203456878662109 0.000120162963867188 -0.0524826049804688 -0.00188827514648439
0.0225601196289062 0.00760841369628906 -0.0539932250976563 0.001739501953125
0.0417404174804687 0.0354804992675781 -0.01806640625 -0.0444488525390625
0.0402755737304688 0.0244102478027344 0.00616455078125 -0.00932788848876953
0.0340099334716797 0.0162200927734375 0.0301342010498047 0.00164413452148438
0.0387229919433594 0.00666046142578125 0.0484809875488281 -0.0141563415527344
0.0356330871582031 -0.00892257690429688 0.0427207946777344 -0.0316276550292969
0.0257530212402344 -0.0285472869873047 0.026031494140625 -0.0492668151855469
0.0118370056152344 -0.0384902954101563 0.00496292114257813 -0.0437660217285156
0.0098724365234375 -0.0356597900390625 -0.00958633422851562 -0.0282478332519531
0.00796890258789062 -0.0401725769042969 -0.015650749206543 -0.0150890350341797
0.0165824890136719 -0.0399017333984375 -0.0209693908691406 -0.0101947784423828
0.0278129577636719 -0.0288181304931641 -0.0302524566650391 -0.00176811218261719
0.0315113067626953 -0.0171298980712891 -0.0306301116943359 -0.00351905822753906
0.0321998596191406 -0.00299835205078125 -0.0367164611816406 -0.00574874877929688
0.0405197143554688 0.00575637817382813 -0.0414962768554688 0.00193405151367187
0.0415840148925781 0.0167121887207031 -0.0406913757324219 0.009063720703125
0.0537452697753906 0.0444831848144531 -0.000118255615234373 -0.0312347412109375
0.0562667846679687 0.0337028503417969 0.0209980010986328 0.00189399719238281
0.0514907836914063 0.0201492309570312 0.0359344482421875 0.00606918334960938
0.0544776916503906 0.0030059814453125 0.0480422973632813 -0.0101585388183594
0.0460891723632813 -0.0162544250488281 0.0375900268554688 -0.024932861328125
0.0313339233398438 -0.0395660400390625 0.0190582275390625 -0.03814697265625
0.0134353637695312 -0.0470428466796875 0.00249671936035156 -0.0268783569335938
0.0114898681640625 -0.0437431335449219 -0.00849533081054687 -0.0101070404052734
0.00904846191406249 -0.0492172241210937 -0.0135250091552734 0.0022735595703125
0.0181388854980469 -0.050140380859375 -0.0218544006347656 0.00398635864257812
0.0336227416992188 -0.0374908447265625 -0.031219482421875 0.00927734374999999
0.0410270690917969 -0.0259017944335938 -0.0309314727783203 0.00147056579589843
0.0470733642578125 -0.00482940673828125 -0.0331306457519531 -0.00424575805664062
0.0553855895996094 0.0111732482910156 -0.0270862579345703 0.00430679321289062
0.0548324584960937 0.0243492126464844 -0.0223808288574219 0.0187511444091797
0.0571327209472656 0.0459098815917969 0.0196037292480469 -0.0177555084228516
0.0642433166503906 0.0360870361328125 0.0362205505371094 0.0108642578125
0.0605354309082031 0.0181007385253906 0.0401649475097656 0.00885009765625
0.061187744140625 -0.0020294189453125 0.0446434020996094 -0.004730224609375
0.0484580993652344 -0.022613525390625 0.0304355621337891 -0.0156059265136719
0.0299644470214844 -0.0453948974609375 0.012603759765625 -0.0227756500244141
0.0115852355957031 -0.048919677734375 0.000863075256347656 -0.00712680816650391
0.0104560852050781 -0.0447120666503906 -0.00671482086181641 0.00884723663330078
0.00878143310546875 -0.0505294799804688 -0.0108070373535156 0.0203075408935547
0.0178642272949219 -0.0520591735839844 -0.0221633911132812 0.0201511383056641
0.0357894897460937 -0.0398406982421875 -0.0311164855957031 0.0198173522949219
0.0458755493164062 -0.0283279418945312 -0.0300025939941406 0.00672149658203125
0.0541648864746094 -0.00293731689453125 -0.0285129547119141 -0.00275611877441406
0.0614509582519531 0.0170669555664063 -0.0098724365234375 0.00633525848388672
0.0583000183105469 0.0303726196289062 -0.0016937255859375 0.0304298400878906
0.0513420104980469 0.0400238037109375 0.0382843017578125 -0.007293701171875
0.0628013610839844 0.0318641662597656 0.049560546875 0.0153961181640625
0.0584869384765625 0.0123062133789063 0.0413436889648438 0.00979232788085938
0.0565109252929688 -0.0080718994140625 0.03802490234375 0.0008544921875
0.0418663024902344 -0.0264625549316406 0.0229072570800781 -0.00462722778320313
0.022613525390625 -0.0438461303710938 0.00725030899047852 -0.00564861297607422
0.00705718994140625 -0.0433120727539063 0.00129413604736328 0.0119218826293945
0.00778961181640625 -0.0387001037597656 -0.00287818908691406 0.0271835327148437
0.00742340087890625 -0.0447273254394531 -0.00884628295898438 0.0369224548339844
0.0169105529785156 -0.045806884765625 -0.0223369598388672 0.0343532562255859
0.0339622497558594 -0.0343265533447266 -0.0318946838378906 0.0292606353759766
0.0447921752929688 -0.0239105224609375 -0.0294132232666016 0.0117244720458984
0.0531768798828125 0.0024261474609375 -0.0221157073974609 -0.00113868713378906
0.0583229064941406 0.0221900939941406 0.00618934631347657 0.0102596282958984
0.0517616271972656 0.0338630676269531 0.017120361328125 0.0429458618164062
0.0373954772949219 0.0290069580078125 0.0526504516601563 -0.0013580322265625
0.0501823425292969 0.02313232421875 0.0583839416503906 0.0146942138671875
0.0461807250976563 0.00539398193359375 0.0401153564453125 0.00785446166992188
0.041656494140625 -0.011322021484375 0.0315151214599609 0.00526809692382812
0.0281505584716797 -0.0241985321044922 0.0177574157714844 0.00509834289550781
0.0114593505859375 -0.0336437225341797 0.00597381591796875 0.00970935821533203
0.00202560424804688 -0.0298748016357422 0.00361824035644531 0.0284252166748047
0.00412559509277344 -0.0266189575195313 -7.62939453125002E-05 0.0410270690917969
0.00458526611328125 -0.0317020416259766 -0.00804519653320313 0.049591064453125
0.0123786926269531 -0.0328807830810547 -0.0249900817871094 0.0453414916992188
0.0278263092041016 -0.0245933532714844 -0.03436279296875 0.0353736877441406
0.0373497009277344 -0.0157089233398438 -0.0304279327392578 0.0149917602539063
0.0430145263671875 0.00705718994140625 -0.0175971984863281 0.00173187255859375
0.0453910827636719 0.0239143371582031 0.0177650451660156 0.0169353485107422
0.03692626953125 0.0311698913574219 0.030303955078125 0.0557670593261719
0.0163249969482422 0.0150871276855469 0.0608940124511719 -0.000308990478515624
0.0301513671875 0.0127468109130859 0.061431884765625 0.0107307434082031
0.0269927978515625 -0.00022125244140625 0.0372390747070313 0.00490188598632813
0.0212039947509766 -0.009796142578125 0.0266342163085938 0.00937652587890625
0.0111684799194336 -0.0155258178710938 0.0161590576171875 0.0118246078491211
0.000135421752929687 -0.0181465148925781 0.00781059265136719 0.0207443237304688
-0.00237369537353515 -0.0115499496459961 0.00761032104492188 0.0374984741210938
-0.000312805175781251 -0.0102987289428711 0.00331497192382812 0.0485038757324219
-5.72204589843734E-05 -0.0143442153930664 -0.00838851928710938 0.0564994812011719
0.00411128997802734 -0.0167760848999023 -0.02880859375 0.0519905090332031
0.0155057907104492 -0.0141763687133789 -0.0375709533691406 0.0383033752441406
0.0228481292724609 -0.00867271423339844 -0.0327053070068359 0.0178966522216797
0.0268306732177734 0.00757408142089844 -0.0161609649658203 0.00535869598388672
0.0258445739746094 0.0185890197753906 0.0225944519042969 0.023895263671875
0.0164546966552734 0.0228404998779297 0.037445068359375 0.0660171508789063
0.00266408920288086 0.00492715835571289 -0.0385246276855469 -0.0568695068359375
-0.0016779899597168 -0.0043036937713623 -0.0147018432617187 -0.02191162109375
-0.00663232803344727 0.00206661224365234 0.0191249847412109 -0.00209617614746094
-0.000372886657714844 0.00652217864990234 0.042816162109375 -0.0168724060058594
0.00429177284240723 0.00349783897399902 0.0428390502929687 -0.03594970703125
0.00407814979553223 -0.000983715057373047 0.0294303894042969 -0.056396484375
0.00339126586914063 -0.00731945037841797 0.0073699951171875 -0.059722900390625
0.00281858444213867 -0.00481319427490234 -0.00787734985351562 -0.0471687316894531
0.00260639190673828 -0.00508403778076172 -0.0137996673583984 -0.0349292755126953
0.00560235977172852 -0.00351953506469727 -0.0145301818847656 -0.0258636474609375
0.00608730316162109 0.00100803375244141 -0.0248298645019531 -0.0140895843505859
-0.000704288482666016 0.00602006912231445 -0.0282726287841797 -0.0101280212402344
-0.00772619247436523 -0.0010075569152832 -0.0378799438476563 -0.0119361877441406
-0.0025486946105957 -0.00736284255981445 -0.0570487976074219 -0.0063323974609375
-0.000911712646484375 -0.00242090225219727 -0.0599861145019531 -0.00275802612304687
0.0237464904785156 0.020599365234375 -0.0302467346191406 -0.0531425476074219
0.0195732116699219 0.00957870483398438 -0.00529289245605469 -0.0174350738525391
0.0132913589477539 0.00938224792480469 0.023590087890625 -0.00133705139160156
0.0190753936767578 0.00697708129882813 0.0460243225097656 -0.0161857604980469
0.0201377868652344 -0.00211524963378906 0.0435142517089844 -0.0340652465820313
0.0153684616088867 -0.0156059265136719 0.0285682678222656 -0.0545616149902344
0.00772476196289063 -0.0246963500976563 0.00630950927734375 -0.0540542602539062
0.00696372985839844 -0.0221405029296875 -0.00888442993164063 -0.03955078125
0.00583076477050781 -0.0244007110595703 -0.0157928466796875 -0.0279312133789063
0.0125083923339844 -0.0236110687255859 -0.0195293426513672 -0.0206851959228516
0.0185070037841797 -0.014129638671875 -0.0272274017333984 -0.0102443695068359
0.0169734954833984 -0.00468254089355469 -0.0290164947509766 -0.00804138183593749
0.0125198364257812 -0.000304222106933594 -0.03778076171875 -0.00836181640625001
0.0194950103759766 0.000101089477539062 -0.0514602661132813 -0.00150299072265625
0.0218486785888672 0.00825691223144531 -0.0534820556640625 0.00258636474609375
0.0411529541015625 0.0347023010253906 -0.0165977478027344 -0.04315185546875
0.0400314331054687 0.0233573913574219 0.00650310516357422 -0.00775671005249023
0.0336532592773438 0.0160331726074219 0.0301513671875 0.00332260131835938
0.0385704040527344 0.00592803955078125 0.0487289428710938 -0.0131187438964844
0.0344142913818359 -0.009002685546875 0.0417671203613281 -0.0301971435546875
0.0253448486328125 -0.0277290344238281 0.0248680114746094 -0.0477180480957031
0.0119171142578125 -0.0377693176269531 0.00470733642578125 -0.0417442321777344
0.0100593566894531 -0.0355339050292969 -0.00943565368652343 -0.0262928009033203
0.00767898559570313 -0.0396652221679688 -0.0155410766601563 -0.0137567520141602
0.0158195495605469 -0.0394973754882813 -0.0213375091552734 -0.00953865051269531
0.0276203155517578 -0.0279159545898438 -0.0304183959960938 -0.00177001953125
0.0316104888916016 -0.0165958404541016 -0.0303459167480469 -0.00392341613769531
0.0319137573242187 -0.00223159790039062 -0.0361061096191406 -0.00588226318359375
0.0391998291015625 0.00615692138671875 -0.0412673950195313 0.00167846679687499
0.0411033630371094 0.0167388916015625 -0.0409927368164063 0.00934982299804687
0.0526008605957031 0.0438766479492188 0.00123977661132813 -0.0301532745361328
0.0547828674316406 0.0320625305175781 0.0215396881103516 0.00339889526367188
0.0499610900878906 0.0201148986816406 0.035186767578125 0.00793838500976563
0.0538597106933594 0.0028076171875 0.04791259765625 -0.00826644897460938
0.0457382202148438 -0.0158843994140625 0.0367202758789063 -0.0238113403320312
0.02972412109375 -0.0391807556152344 0.0188713073730469 -0.0363082885742187
0.0127029418945312 -0.0465087890625 0.00242233276367188 -0.0257682800292969
0.0111274719238281 -0.0431060791015625 -0.0079641342163086 -0.00914955139160156
0.00854873657226563 -0.0480461120605469 -0.0134572982788086 0.00304889678955078
0.0176010131835938 -0.0497283935546875 -0.0227222442626953 0.005615234375
0.0327072143554688 -0.0371170043945313 -0.0310611724853516 0.00886917114257812
0.0406303405761719 -0.0253753662109375 -0.0307369232177734 0.00122451782226562
0.0457725524902344 -0.00384140014648437 -0.0337505340576172 -0.00320053100585937
0.0547332763671875 0.01116943359375 -0.0273513793945313 0.00444793701171875
0.0543708801269531 0.0238418579101563 -0.0228900909423828 0.0190753936767578
0.0566978454589844 0.0443649291992188 0.0204181671142578 -0.0168418884277344
0.0635299682617188 0.0350570678710938 0.0366973876953125 0.01190185546875
0.0594482421875 0.0180282592773438 0.0402145385742188 0.0108222961425781
0.0601463317871094 -0.00288009643554688 0.0440864562988281 -0.00259780883789063
0.0472640991210938 -0.0230522155761719 0.0301132202148438 -0.0150985717773438
0.0292625427246094 -0.0437126159667969 0.0116519927978516 -0.0217761993408203
0.0112762451171875 -0.0471305847167969 0.000813484191894531 -0.00672245025634766
0.0100822448730469 -0.0431861877441406 -0.00651741027832031 0.0102519989013672
0.0080413818359375 -0.0493736267089844 -0.011016845703125 0.0203227996826172
0.0170745849609375 -0.0512428283691406 -0.0223636627197266 0.0194454193115234
0.0350532531738281 -0.0392036437988281 -0.0316925048828125 0.0190982818603516
0.0449943542480469 -0.0283241271972656 -0.0293197631835937 0.00678634643554687
0.0534820556640625 -0.0025787353515625 -0.0278873443603516 -0.00254058837890625
0.0605087280273438 0.0169754028320313 -0.0102863311767578 0.00656890869140625
0.0573272705078125 0.0297279357910156 -0.00313949584960937 0.0300521850585938
0.0510330200195313 0.0388870239257813 0.0394172668457031 -0.00646591186523437
0.0607643127441406 0.0311660766601563 0.0485725402832031 0.0169792175292969
0.0568008422851563 0.0123977661132813 0.0412178039550781 0.0107421875
0.0555610656738281 -0.00827407836914063 0.0382461547851563 0.00265884399414062
0.0408859252929687 -0.0256271362304688 0.0222034454345703 -0.00326919555664063
0.0212898254394531 -0.0424919128417969 0.00701665878295899 -0.00419282913208008
0.00643157958984375 -0.0418472290039063 0.00171852111816406 0.0119361877441406
0.00775146484375 -0.0377311706542969 -0.00276565551757813 0.0273609161376953
0.00644302368164063 -0.0428886413574219 -0.00894927978515625 0.0367431640625
0.01605224609375 -0.0444831848144531 -0.0225639343261719 0.0334453582763672
0.0331249237060547 -0.0343246459960938 -0.0315837860107422 0.0286216735839844
0.0442695617675781 -0.0243301391601563 -0.0297584533691406 0.0116252899169922
0.0520248413085938 0.00193405151367188 -0.0218276977539062 -0.000623703002929686
0.057037353515625 0.0217056274414063 0.0057210922241211 0.0105476379394531
0.0507659912109375 0.0327301025390625 0.0160865783691406 0.0434455871582031
0.0365142822265625 0.0285072326660156 0.0524635314941406 -0.000843048095703123
0.0492668151855469 0.0219078063964844 0.0576286315917969 0.0156211853027344
0.0452499389648438 0.00558853149414063 0.0404891967773438 0.00921630859375
0.0413780212402344 -0.01202392578125 0.0317344665527344 0.00719451904296875
0.0272502899169922 -0.0236415863037109 0.0170440673828125 0.00597190856933594
0.0102443695068359 -0.0325851440429688 0.00608062744140625 0.010798454284668
0.00175857543945313 -0.0281543731689453 0.00448989868164062 0.027801513671875
0.0037994384765625 -0.0255279541015625 9.9182128906248E-05 0.0403366088867188
0.00412750244140625 -0.0304718017578125 -0.00793075561523437 0.0493011474609375
0.0119781494140625 -0.0312957763671875 -0.0248222351074219 0.0444183349609375
0.0264739990234375 -0.0240917205810547 -0.0344161987304687 0.0340385437011719
0.0357437133789063 -0.0159835815429688 -0.0307178497314453 0.0148754119873047
0.0420265197753906 0.00694656372070313 -0.0179595947265625 0.00175285339355469
0.0446319580078125 0.0233383178710937 0.0172481536865234 0.0160455703735352
0.0368576049804688 0.0304145812988281 0.0291252136230469 0.0548744201660156
0.0163145065307617 0.0138416290283203 0.0608253479003906 -0.000144958496093749
0.0290603637695313 0.0120334625244141 0.0605392456054688 0.0105628967285156
0.026214599609375 -0.000589370727539063 0.0371627807617188 0.00614547729492187
0.0202674865722656 -0.01092529296875 0.0271453857421875 0.00981903076171875
0.00983619689941406 -0.0157499313354492 0.0164070129394531 0.0127706527709961
-0.000723838806152346 -0.0172634124755859 0.00808334350585937 0.0205879211425781
-0.00235462188720703 -0.0103578567504883 0.00838851928710938 0.0371322631835938
-0.000580787658691406 -0.00898551940917969 0.0041961669921875 0.0471954345703125
-0.000794410705566407 -0.0130929946899414 -0.007904052734375 0.0559272766113281
0.00349140167236328 -0.0158653259277344 -0.0279579162597656 0.0502128601074219
0.0147542953491211 -0.0133934020996094 -0.0368576049804687 0.0380210876464844
0.0219058990478516 -0.00848960876464844 -0.0322475433349609 0.0172309875488281
0.0262012481689453 0.00721359252929688 -0.0157251358032227 0.00493240356445312
0.0253028869628906 0.0176181793212891 0.0219020843505859 0.0234451293945312
0.0166339874267578 0.0210838317871094 0.035400390625 0.0652618408203125
0.00287532806396484 0.00484371185302734 -0.0370521545410156 -0.058013916015625
-0.00174546241760254 -0.00336194038391113 -0.0142440795898438 -0.0221881866455078
-0.00623321533203125 0.00258684158325195 0.0194568634033203 -0.00147628784179687
-4.95910644531257E-05 0.00682878494262695 0.0428848266601563 -0.0168380737304688
0.00461578369140625 0.0032343864440918 0.0442695617675781 -0.0351104736328125
0.00437331199645996 -0.00114727020263672 0.0303802490234375 -0.0569038391113281
0.0034942626953125 -0.00775909423828125 0.00788497924804688 -0.0598068237304688
0.00290155410766602 -0.00563430786132813 -0.0077972412109375 -0.0461883544921875
0.00339174270629883 -0.0052332878112793 -0.0140838623046875 -0.0351066589355469
0.00654077529907226 -0.00441980361938476 -0.0153732299804687 -0.0270709991455078
0.00643777847290039 0.00115776062011719 -0.0247001647949219 -0.0144481658935547
-0.000473976135253906 0.00654506683349609 -0.0287132263183594 -0.0107097625732422
-0.00807905197143555 -0.000190734863281251 -0.0382652282714844 -0.0131034851074219
-0.00311851501464844 -0.00707435607910156 -0.057891845703125 -0.00717544555664063
-0.000790238380432129 -0.00116527080535889 -0.0613517761230469 -0.00346755981445314
0.0245552062988281 0.0216236114501953 -0.0283966064453125 -0.0535736083984375
0.0202884674072266 0.0106067657470703 -0.00506401062011719 -0.0170383453369141
0.0137958526611328 0.00999069213867188 0.0243721008300781 -0.000186920166015624
0.0196533203125 0.00697898864746094 0.0466690063476563 -0.015228271484375
0.0205707550048828 -0.00281333923339844 0.04461669921875 -0.0334892272949219
0.0160751342773438 -0.0155115127563477 0.0294303894042969 -0.0542831420898438
0.00802421569824219 -0.0250511169433594 0.00695800781250001 -0.0541801452636719
0.00764274597167969 -0.0232295989990234 -0.0090789794921875 -0.0387001037597656
0.00650215148925781 -0.0249500274658203 -0.0159339904785156 -0.0274639129638672
0.0128536224365234 -0.0239200592041016 -0.0200824737548828 -0.0213069915771484
0.0196647644042969 -0.0141754150390625 -0.0283794403076172 -0.0103950500488281
0.0179042816162109 -0.00406074523925781 -0.0291767120361328 -0.00860786437988281
0.0132789611816406 0.000842094421386719 -0.0379638671875 -0.00968933105468749
0.0195064544677734 0.00057220458984375 -0.0525321960449219 -0.00246810913085936
0.0221996307373047 0.00865364074707031 -0.0554275512695313 0.00205612182617187
0.0417327880859375 0.0361862182617188 -0.0147705078125 -0.0433464050292969
0.0401344299316406 0.0244674682617188 0.00728464126586914 -0.00679159164428711
0.0339603424072266 0.0170021057128906 0.0310440063476563 0.00415229797363281
0.0388565063476563 0.00634002685546875 0.048736572265625 -0.012115478515625
0.0353202819824219 -0.0088348388671875 0.042236328125 -0.0293769836425781
0.0259456634521484 -0.0283451080322266 0.0253410339355469 -0.0476150512695313
0.0126609802246094 -0.0384445190429688 0.00531387329101563 -0.0418205261230469
0.0106391906738281 -0.0356636047363281 -0.009552001953125 -0.0254592895507813
0.00830459594726563 -0.0397491455078125 -0.0165090560913086 -0.0141687393188477
0.017059326171875 -0.0396957397460938 -0.0229358673095703 -0.00959587097167969
0.0284538269042969 -0.0280418395996094 -0.0319080352783203 -0.00214767456054687
0.0319652557373047 -0.0156307220458984 -0.0311603546142578 -0.0043792724609375
0.0321426391601563 -0.00173377990722656 -0.0372390747070313 -0.0061187744140625
0.0396728515625 0.00691986083984375 -0.0426712036132813 0.00149917602539063
0.041656494140625 0.0177497863769531 -0.0426139831542969 0.0100746154785156
0.0533485412597656 0.0438995361328125 0.00231170654296875 -0.0302677154541016
0.0546188354492188 0.0328292846679688 0.0221233367919922 0.00411033630371094
0.05120849609375 0.0205230712890625 0.0357437133789063 0.00957870483398438
0.0544891357421875 0.00307083129882813 0.0490798950195313 -0.00737762451171875
0.0458526611328125 -0.0159072875976563 0.0378303527832031 -0.0227241516113281
0.0309333801269531 -0.0387306213378906 0.0188026428222656 -0.0356941223144531
0.0131454467773438 -0.0465774536132813 0.00270462036132813 -0.0252857208251953
0.0114898681640625 -0.0441818237304688 -0.00890159606933594 -0.0082845687866211
0.00890350341796875 -0.048736572265625 -0.0142087936401367 0.0034637451171875
0.0177879333496094 -0.0496253967285156 -0.024658203125 0.00492668151855468
0.0332527160644531 -0.0378646850585938 -0.0328903198242188 0.00863647460937499
0.0413398742675781 -0.0255622863769531 -0.0320072174072266 0.000644683837890619
0.0466766357421875 -0.0025634765625 -0.0342941284179688 -0.00383377075195313
0.0550613403320312 0.0119972229003906 -0.0283718109130859 0.00478935241699219
0.0538368225097656 0.0248489379882813 -0.0243892669677734 0.0199012756347656
0.0566978454589844 0.0451164245605469 0.0220355987548828 -0.0171279907226562
0.0632972717285156 0.0355148315429688 0.0369949340820313 0.0135383605957031
0.059844970703125 0.0193328857421875 0.0400657653808594 0.0133857727050781
0.0608291625976563 -0.00199127197265625 0.0447998046875 -0.001129150390625
0.0479507446289062 -0.0224761962890625 0.0307178497314453 -0.0131664276123047
0.0293846130371094 -0.0436363220214844 0.0129203796386719 -0.0203456878662109
0.0119590759277344 -0.047119140625 0.00125741958618164 -0.00602817535400391
0.0109825134277344 -0.0442428588867188 -0.00671577453613281 0.0104141235351562
0.00815963745117188 -0.0499458312988281 -0.0119285583496094 0.0209541320800781
0.0175132751464844 -0.0512275695800781 -0.0237522125244141 0.0205020904541016
0.0349884033203125 -0.0394706726074219 -0.0322914123535156 0.0191078186035156
0.045440673828125 -0.0284538269042969 -0.0314579010009766 0.00599098205566406
0.05426025390625 -0.0021209716796875 -0.0291366577148437 -0.00213623046875
0.061187744140625 0.01763916015625 -0.0115385055541992 0.00699615478515625
0.05865478515625 0.0307502746582031 -0.00538253784179687 0.0316104888916016
0.05108642578125 0.0386581420898437 0.0397796630859375 -0.0063018798828125
0.0616950988769531 0.0312232971191406 0.049560546875 0.0182685852050781
0.0574531555175781 0.0138473510742187 0.0412940979003906 0.0120201110839844
0.0556106567382813 -0.00794601440429688 0.0387344360351562 0.004058837890625
0.041259765625 -0.0250396728515625 0.0228767395019531 -0.00225067138671875
0.022216796875 -0.0421104431152344 0.00708436965942383 -0.0038599967956543
0.00742340087890625 -0.0414886474609375 0.00179100036621094 0.0131692886352539
0.00806427001953125 -0.0377922058105469 -0.00266456604003906 0.0275726318359375
0.006317138671875 -0.0436859130859375 -0.00894927978515625 0.0359840393066406
0.0153007507324219 -0.0448875427246094 -0.0239715576171875 0.0347537994384766
0.0331058502197266 -0.0348091125488281 -0.0330047607421875 0.0293674468994141
0.0446662902832031 -0.02398681640625 -0.0305538177490234 0.0107173919677734
0.0525856018066406 0.0036468505859375 -0.0221786499023437 -0.000305175781250003
0.0580101013183594 0.0219078063964844 0.00484943389892578 0.0114946365356445
0.0514640808105469 0.0333061218261719 0.0140228271484375 0.0436172485351563
0.0364990234375 0.0272750854492188 0.0540657043457031 -0.000194549560546873
0.0494728088378906 0.0220222473144531 0.0578155517578125 0.0168838500976562
0.0453109741210937 0.00635147094726563 0.0407295227050781 0.0102996826171875
0.0415229797363281 -0.0114593505859375 0.0322341918945313 0.00806427001953125
0.0281162261962891 -0.0235519409179688 0.0188121795654297 0.00784492492675781
0.0111293792724609 -0.0329875946044922 0.00581932067871094 0.0117502212524414
0.00202369689941406 -0.0275917053222656 0.00427818298339843 0.0279102325439453
0.00421333312988281 -0.0251922607421875 0.000919342041015622 0.0405044555664063
0.00370407104492188 -0.0304069519042969 -0.008209228515625 0.048797607421875
0.0119895935058594 -0.0314388275146484 -0.0259666442871094 0.0451850891113281
0.0269699096679688 -0.0247268676757813 -0.0352592468261719 0.0352592468261719
0.0364570617675781 -0.0165138244628906 -0.0309524536132812 0.0139312744140625
0.0424385070800781 0.0073699951171875 -0.0178604125976562 0.00237846374511718
0.0445365905761719 0.0230369567871094 0.016108512878418 0.0174837112426758
0.0371627807617188 0.0300025939941406 0.027252197265625 0.0572700500488281
0.0157623291015625 0.0139141082763672 0.0622634887695312 0.00124359130859375
0.0298957824707031 0.0124626159667969 0.061126708984375 0.0121307373046875
0.0262470245361328 -0.00034332275390625 0.0374717712402344 0.00838851928710938
0.0209465026855469 -0.0109519958496094 0.0273532867431641 0.0118293762207031
0.0102853775024414 -0.0157928466796875 0.0174064636230469 0.0133152008056641
-0.000952720642089844 -0.0166807174682617 0.00853538513183594 0.0222759246826172
-0.00306320190429687 -0.0101146697998047 0.0089111328125 0.0369606018066406
-0.000786781311035156 -0.00898551940917969 0.00406646728515624 0.0476341247558594
-0.000370025634765625 -0.0119543075561523 -0.00830841064453126 0.0555229187011719
0.00313758850097656 -0.0152225494384766 -0.0294570922851563 0.0510025024414062
0.0146026611328125 -0.0137367248535156 -0.0378074645996094 0.0377159118652344
0.0217990875244141 -0.00882339477539063 -0.0335140228271484 0.0173759460449219
0.02618408203125 0.00827980041503906 -0.0170154571533203 0.00488948822021485
0.02593994140625 0.0177745819091797 0.0213356018066406 0.0228099822998047
0.0161457061767578 0.0205745697021484 0.0335884094238281 0.0662918090820313
0.00245237350463867 0.00516128540039062 -0.0370674133300781 -0.0606460571289063
-0.00217986106872559 -0.0027778148651123 -0.0146827697753906 -0.0222835540771484
-0.00638294219970703 0.00214910507202149 0.0197792053222656 -0.00110054016113281
3.57627868652345E-05 0.00671768188476563 0.0450286865234375 -0.0165176391601563
0.0042884349822998 0.00333833694458008 0.0457572937011719 -0.0371894836425781
0.00460147857666016 -0.00170755386352539 0.0312461853027344 -0.0587425231933594
0.00411128997802734 -0.00886631011962891 0.00737762451171875 -0.0616073608398438
0.00405597686767578 -0.00746631622314453 -0.00812911987304687 -0.0477867126464844
0.00412416458129883 -0.00633668899536133 -0.0159759521484375 -0.0360031127929688
0.00711536407470703 -0.00448942184448242 -0.0176715850830078 -0.0279769897460938
0.00731706619262695 0.000911235809326172 -0.0270290374755859 -0.0158367156982422
0.000578880310058593 0.0073390007019043 -0.0300884246826172 -0.0123939514160156
-0.00852203369140625 0.000499725341796876 -0.0402183532714844 -0.0149307250976563
-0.00334262847900391 -0.00686264038085938 -0.0606231689453125 -0.00778961181640626
-0.00158524513244629 -0.00107204914093018 -0.0649375915527344 -0.00275802612304688
0.0253677368164063 0.0229549407958984 -0.0289649963378906 -0.0555191040039063
0.0209178924560547 0.0109653472900391 -0.00511074066162109 -0.0168247222900391
0.0146045684814453 0.0102519989013672 0.0256900787353516 0.000886917114257813
0.0206642150878906 0.0065155029296875 0.0488204956054687 -0.0152664184570312
0.0213603973388672 -0.00287246704101563 0.0460395812988281 -0.0345420837402344
0.0167531967163086 -0.0165824890136719 0.03045654296875 -0.0561866760253906
0.00864791870117187 -0.0262889862060547 0.00636672973632812 -0.0556259155273438
0.00788307189941406 -0.0245418548583984 -0.00970077514648437 -0.039703369140625
0.0069732666015625 -0.0266151428222656 -0.0182857513427734 -0.0280189514160156
0.0139141082763672 -0.0245323181152344 -0.0225772857666016 -0.0215015411376953
0.0206413269042969 -0.0149555206298828 -0.0301017761230469 -0.0117549896240234
0.0187358856201172 -0.0042724609375 -0.0312576293945313 -0.0101642608642578
0.0133733749389648 0.00145053863525391 -0.0400238037109375 -0.0104904174804688
0.0197372436523438 0.00154304504394531 -0.0554847717285156 -0.00190353393554687
0.0226306915283203 0.00970840454101563 -0.0584754943847656 0.00340270996093751
0.0432395935058594 0.0369758605957031 -0.01422119140625 -0.04522705078125
0.0417976379394531 0.025115966796875 0.00812864303588868 -0.00643587112426758
0.0359001159667969 0.0179939270019531 0.0324687957763672 0.005279541015625
0.04052734375 0.00612640380859375 0.0519332885742187 -0.0115623474121094
0.0369834899902344 -0.00947189331054688 0.044830322265625 -0.0299148559570313
0.0268821716308594 -0.0294418334960937 0.0258941650390625 -0.048675537109375
0.0127983093261719 -0.0402717590332031 0.00501632690429688 -0.0427322387695313
0.010894775390625 -0.0378799438476563 -0.00973701477050781 -0.0250663757324219
0.00841522216796875 -0.0422935485839844 -0.01806640625 -0.0133514404296875
0.017303466796875 -0.0417098999023438 -0.0257339477539063 -0.0101661682128906
0.0293750762939453 -0.029144287109375 -0.0335769653320313 -0.00203704833984375
0.0331573486328125 -0.0171527862548828 -0.0333003997802734 -0.00547409057617188
0.0332202911376953 -0.000547409057617188 -0.0387458801269531 -0.00643157958984374
0.0410423278808594 0.00738906860351563 -0.0450515747070313 0.00215911865234375
0.0427589416503906 0.0182723999023438 -0.0452003479003906 0.0112648010253906
0.0549774169921875 0.0457000732421875 0.00359725952148438 -0.0313949584960938
0.057708740234375 0.0339927673339844 0.0227279663085938 0.00603675842285156
0.05316162109375 0.0218582153320313 0.0380325317382813 0.0110588073730469
0.0570755004882812 0.00271987915039062 0.0519180297851563 -0.00655364990234375
0.0476264953613281 -0.0169906616210938 0.0390167236328125 -0.0223617553710938
0.0320777893066406 -0.0399551391601563 0.01947021484375 -0.0364990234375
0.0135116577148437 -0.0483551025390625 0.00265693664550781 -0.0256023406982422
0.0117263793945313 -0.0453262329101563 -0.00844097137451172 -0.00725841522216797
0.0086212158203125 -0.0509910583496094 -0.0156469345092773 0.00380897521972656
0.0176582336425781 -0.05169677734375 -0.0260601043701172 0.00587272644042969
0.0345687866210938 -0.0391921997070312 -0.0348167419433594 0.00941085815429687
0.0426826477050781 -0.0268363952636719 -0.034210205078125 0.000131607055664061
0.0482139587402344 -0.00316619873046875 -0.0359001159667969 -0.00332260131835937
0.0565299987792969 0.0123176574707031 -0.0302219390869141 0.00525665283203125
0.0564727783203125 0.0257225036621094 -0.0267620086669922 0.0221195220947266
0.0592613220214844 0.0459403991699219 0.0239143371582031 -0.0172405242919922
0.0657844543457031 0.0361366271972656 0.0379753112792969 0.0152206420898438
0.0619888305664063 0.0200462341308594 0.0421066284179688 0.0147628784179688
0.0624351501464844 -0.00279617309570313 0.0480804443359375 -0.00012969970703125
0.0495719909667969 -0.0238685607910156 0.0318145751953125 -0.0130672454833984
0.0303535461425781 -0.0452919006347656 0.0121726989746094 -0.0201930999755859
0.0122871398925781 -0.04876708984375 0.00189542770385742 -0.00553035736083985
0.0109672546386719 -0.0463218688964844 -0.00612831115722656 0.011876106262207
0.00725173950195312 -0.0514984130859375 -0.0123920440673828 0.0221481323242187
0.0172119140625 -0.0529594421386719 -0.0261306762695313 0.022491455078125
0.0358924865722656 -0.0419845581054688 -0.0349063873291016 0.0208950042724609
0.0470962524414063 -0.0297813415527344 -0.0329132080078125 0.006591796875
0.0557861328125 -0.00135421752929687 -0.0308170318603516 -0.0014801025390625
0.0640869140625 0.0175056457519531 -0.0122175216674805 0.00824928283691406
0.0600509643554688 0.030853271484375 -0.00591659545898437 0.0337753295898438
0.0527076721191406 0.0398902893066406 0.0417671203613281 -0.00639724731445312
0.0633735656738281 0.0309219360351563 0.0520858764648438 0.0197715759277344
0.0596961975097656 0.0140457153320313 0.0433502197265625 0.0151023864746094
0.0575447082519531 -0.00905227661132813 0.0412750244140625 0.00476837158203125
0.042816162109375 -0.0267410278320313 0.024169921875 -0.00157546997070313
0.0219879150390625 -0.0438766479492188 0.00753545761108399 -0.00219488143920899
0.00726318359375 -0.0418167114257812 0.00212860107421875 0.0140876770019531
0.00824737548828125 -0.0393524169921875 -0.00255966186523438 0.0287685394287109
0.00605392456054687 -0.0442276000976563 -0.00958633422851563 0.0389900207519531
0.0151863098144531 -0.0456008911132813 -0.0265312194824219 0.0366287231445313
0.0342941284179688 -0.0369606018066406 -0.0353279113769531 0.0306930541992187
0.0457839965820313 -0.0261993408203125 -0.03271484375 0.0111923217773438
0.05419921875 0.00326156616210937 -0.0242214202880859 -0.000204086303710936
0.0601654052734375 0.0224380493164063 0.00383853912353516 0.0118522644042969
0.0538520812988281 0.0330734252929688 0.0138435363769531 0.0462646484375
0.0383377075195313 0.0276412963867187 0.0570182800292969 -0.000247955322265623
0.0507431030273437 0.0215911865234375 0.0609130859375 0.0180282592773438
0.0475349426269531 0.00642776489257813 0.041717529296875 0.0123481750488281
0.0425071716308594 -0.0123367309570313 0.0345554351806641 0.0102367401123047
0.0274677276611328 -0.0245933532714844 0.0193290710449219 0.00866317749023437
0.0102653503417969 -0.0334339141845703 0.00663089752197266 0.0129709243774414
0.00141143798828125 -0.0292186737060547 0.00497817993164062 0.0295925140380859
0.00333595275878907 -0.0258350372314453 0.00143051147460937 0.0424270629882813
0.00382041931152344 -0.0307521820068359 -0.00840759277343749 0.0506324768066406
0.0109062194824219 -0.032196044921875 -0.0270576477050781 0.0475654602050781
0.0267257690429688 -0.0261974334716797 -0.036590576171875 0.03729248046875
0.0372962951660156 -0.0170783996582031 -0.0328769683837891 0.0150814056396484
0.0437088012695313 0.0074920654296875 -0.0190048217773437 0.00274658203125
0.0470466613769531 0.0234718322753906 0.0164356231689453 0.017430305480957
0.0380935668945313 0.0299797058105469 0.0269889831542969 0.0596733093261719
0.0169095993041992 0.01373291015625 0.0651969909667969 0.000198364257812501
0.0308380126953125 0.0111274719238281 0.0635986328125 0.0124053955078125
0.0282402038574219 0.000347137451171875 0.0394515991210938 0.00949859619140625
0.0217742919921875 -0.0114040374755859 0.0298328399658203 0.0133762359619141
0.00990962982177735 -0.0169239044189453 0.0184783935546875 0.0155220031738281
-0.00220298767089844 -0.01739501953125 0.0090789794921875 0.0233993530273438
-0.00285243988037109 -0.0104579925537109 0.0100479125976563 0.0376243591308594
-0.000401496887207031 -0.00895023345947266 0.00500106811523437 0.0487403869628906
-0.000843048095703124 -0.0119571685791016 -0.00869369506835937 0.0572662353515625
0.00264835357666016 -0.0160226821899414 -0.030487060546875 0.0530509948730469
0.0139188766479492 -0.0145454406738281 -0.0400238037109375 0.0396995544433594
0.0226268768310547 -0.00970840454101563 -0.0353851318359375 0.0175819396972656
0.0274200439453125 0.00746345520019531 -0.0173473358154297 0.00448226928710938
0.0265445709228516 0.0172328948974609 0.0209465026855469 0.0235195159912109
0.0172462463378906 0.0209331512451172 0.0332603454589844 0.0693206787109375
0.00280904769897461 0.0071253776550293 -0.0404624938964844 -0.0620880126953125
-0.00225114822387695 -0.00376343727111816 -0.0152130126953125 -0.0220603942871094
-0.00625848770141602 0.00410175323486328 0.0218887329101562 -0.000553131103515625
0.00105571746826172 0.00687837600708008 0.0468788146972656 -0.0187034606933594
0.00565052032470703 0.00297689437866211 0.0477867126464844 -0.0398025512695313
0.0045018196105957 -0.00287866592407227 0.0305023193359375 -0.0624618530273438
0.00437259674072266 -0.010096549987793 0.00615692138671875 -0.0646400451660156
0.00444316864013672 -0.00885295867919922 -0.00994110107421875 -0.0480728149414062
0.0038604736328125 -0.00743722915649414 -0.0186538696289062 -0.0366287231445313
0.00849342346191406 -0.00544834136962891 -0.0200824737548828 -0.0291423797607422
0.00840663909912109 0.000943660736083984 -0.0289516448974609 -0.0156898498535156
0.00140047073364258 0.0084075927734375 -0.0329303741455078 -0.0127334594726563
-0.00862646102905273 0.000614166259765624 -0.0431327819824219 -0.0150680541992187
-0.00383949279785156 -0.00569868087768555 -0.0638008117675781 -0.00586700439453125
-0.00190508365631104 0.000184416770935059 -0.0685577392578125 0.000228881835937507
0.0272026062011719 0.0242137908935547 -0.0314865112304688 -0.0570640563964844
0.0234508514404297 0.0118904113769531 -0.00511360168457031 -0.0170984268188477
0.0161094665527344 0.0100240707397461 0.0275516510009766 0.000864028930664063
0.0227375030517578 0.00551033020019531 0.0508041381835937 -0.016998291015625
0.0231990814208984 -0.0042877197265625 0.0475311279296875 -0.0372352600097656
0.0181713104248047 -0.0188827514648438 0.0293350219726562 -0.0595664978027344
0.00790977478027344 -0.0286827087402344 0.00530624389648437 -0.0585289001464844
0.00845909118652344 -0.0273189544677734 -0.0106239318847656 -0.0397186279296875
0.00686264038085938 -0.0284233093261719 -0.0203819274902344 -0.027191162109375
0.0146503448486328 -0.0266838073730469 -0.0262832641601562 -0.0216426849365234
0.0212993621826172 -0.0161724090576172 -0.0342693328857422 -0.0117893218994141
0.019744873046875 -0.0037994384765625 -0.0342445373535156 -0.00967788696289063
0.0141458511352539 0.00184917449951172 -0.0434799194335937 -0.010284423828125
0.0207862854003906 0.00185012817382812 -0.0588264465332031 0.000621795654296885
0.0234394073486328 0.00942611694335938 -0.0628395080566406 0.00620651245117187
0.04583740234375 0.03802490234375 -0.014984130859375 -0.0474967956542969
0.0452156066894531 0.0247306823730469 0.00870370864868164 -0.00539541244506836
0.0378952026367188 0.0191802978515625 0.0341129302978516 0.00607872009277344
0.0435943603515625 0.0052947998046875 0.0533180236816406 -0.0131492614746094
0.0390815734863281 -0.0125312805175781 0.045562744140625 -0.0321197509765625
0.0279655456542969 -0.0322513580322266 0.0250625610351563 -0.0509757995605469
0.0119552612304688 -0.0426864624023438 0.0024871826171875 -0.04376220703125
0.00989913940429688 -0.0410499572753906 -0.0107078552246094 -0.0250663757324219
0.0082550048828125 -0.0451011657714844 -0.0197811126708984 -0.0124034881591797
0.0169639587402344 -0.0452232360839844 -0.0289306640625 -0.00870895385742188
0.0307388305664063 -0.0323390960693359 -0.0367965698242188 -0.00103759765624999
0.0348873138427734 -0.0183544158935547 -0.0365104675292969 -0.00505447387695312
0.0350990295410156 -0.0004119873046875 -0.0417137145996094 -0.00586700439453124
0.0430908203125 0.00726318359375 -0.0474281311035156 0.00490188598632813
0.0453071594238281 0.0183258056640625 -0.0472755432128906 0.0146675109863281
0.059234619140625 0.0458869934082031 0.00339508056640626 -0.0333251953125
0.0629119873046875 0.0325889587402344 0.0247535705566406 0.00594711303710938
0.0562629699707031 0.0220375061035156 0.0405845642089844 0.0123062133789063
0.0592613220214844 2.288818359375E-05 0.0550041198730469 -0.006256103515625
0.0498809814453125 -0.0206489562988281 0.0400733947753906 -0.0243453979492188
0.0323219299316406 -0.0426063537597656 0.0202064514160156 -0.0367164611816406
0.0134620666503906 -0.0509910583496094 0.00151443481445313 -0.0255565643310547
0.0112800598144531 -0.0494651794433594 -0.00911998748779297 -0.00583648681640625
0.00689315795898438 -0.0537147521972656 -0.0167264938354492 0.00575637817382812
0.0170516967773437 -0.0556716918945312 -0.0293312072753906 0.00801277160644531
0.0352096557617188 -0.0431709289550781 -0.0378265380859375 0.0118484497070313
0.0451850891113281 -0.0295639038085938 -0.037139892578125 0.00222778320312501
0.051513671875 -0.00354385375976563 -0.0377311706542969 -0.0020294189453125
0.0597953796386719 0.0107574462890625 -0.0324497222900391 0.00812911987304688
0.0604286193847656 0.0247230529785156 -0.0283107757568359 0.0244922637939453
0.0633430480957031 0.0463180541992188 0.0260887145996094 -0.0182113647460937
0.0696983337402344 0.0339775085449219 0.0409126281738281 0.016754150390625
0.0656814575195313 0.0191116333007813 0.0442466735839844 0.0152473449707031
0.06549072265625 -0.00542068481445313 0.0501022338867188 -0.000766754150390625
0.0511665344238281 -0.0266914367675781 0.0325126647949219 -0.0131969451904297
0.0300445556640625 -0.0481986999511719 0.0125579833984375 -0.0200004577636719
0.0111465454101563 -0.0519447326660156 0.00162839889526367 -0.00461578369140625
0.00921630859375 -0.0481910705566406 -0.00516128540039062 0.0124750137329102
0.00603485107421875 -0.0532608032226563 -0.0124683380126953 0.0246238708496094
0.0159454345703125 -0.0550727844238281 -0.0276069641113281 0.0250434875488281
0.0354576110839844 -0.0453376770019531 -0.0365638732910156 0.0223884582519531
0.0474739074707031 -0.0332489013671875 -0.0356941223144531 0.00779342651367188
0.0585441589355469 -0.0030517578125 -0.0323028564453125 -0.000202178955078127
0.0677909851074219 0.0165557861328125 -0.0129823684692383 0.0101137161254883
0.0636215209960938 0.0295333862304687 -0.006378173828125 0.0369987487792969
0.0575180053710938 0.0386734008789063 0.0452232360839844 -0.00769805908203125
0.0672874450683594 0.0292282104492187 0.0547828674316406 0.0192451477050781
0.0631675720214844 0.0128822326660156 0.0463714599609375 0.0156631469726563
0.0600357055664063 -0.0106124877929688 0.0441741943359375 0.00636672973632812
0.0432853698730469 -0.0297813415527344 0.026519775390625 -0.00111770629882813
0.0207138061523438 -0.046173095703125 0.00823068618774414 -0.00144243240356446
0.00599288940429688 -0.0445632934570312 0.00366306304931641 0.0151224136352539
0.00811004638671874 -0.0416221618652344 -0.000963211059570311 0.0304489135742187
0.00427627563476562 -0.046051025390625 -0.00920486450195313 0.0407752990722656
0.0132102966308594 -0.0473365783691406 -0.0272293090820313 0.0401573181152344
0.0328559875488281 -0.0395622253417969 -0.0374488830566406 0.0331344604492187
0.0465583801269531 -0.0286293029785156 -0.0348834991455078 0.0129318237304687
0.0570144653320313 0.000762939453125 -0.0251731872558594 0.00135231018066406
0.0642509460449219 0.0206451416015625 0.00422191619873047 0.0129451751708984
0.0575294494628906 0.0322265625 0.0140724182128906 0.0495147705078125
0.0414581298828125 0.0256881713867188 0.0600967407226562 -0.00349807739257812
0.053955078125 0.0199966430664063 0.0641708374023438 0.0168685913085937
0.0503654479980469 0.00475692749023438 0.0447616577148438 0.0124740600585937
0.0448722839355469 -0.0146751403808594 0.0377616882324219 0.0109710693359375
0.0276203155517578 -0.0282459259033203 0.0203800201416016 0.00896263122558594
0.00948524475097656 -0.0340900421142578 0.00708198547363281 0.0142908096313477
0.00140190124511719 -0.0299205780029297 0.00701904296875 0.0315189361572266
0.00290298461914063 -0.0274753570556641 0.00384902954101563 0.0431175231933594
0.00260543823242188 -0.0328807830810547 -0.00690841674804687 0.0535926818847656
0.00920295715332031 -0.0328617095947266 -0.0277023315429687 0.0507011413574219
0.0256423950195313 -0.0274600982666016 -0.0379486083984375 0.0399513244628906
0.0374870300292969 -0.0199241638183594 -0.03558349609375 0.0167999267578125
0.0459480285644531 0.00639724731445313 -0.0214653015136719 0.00317192077636719
0.0508537292480469 0.0219955444335937 0.0170783996582031 0.0177154541015625
0.0419998168945313 0.0305366516113281 0.0290489196777344 0.0615692138671875
0.0172138214111328 0.0131139755249023 0.0692863464355469 -0.00301742553710937
0.0325107574462891 0.0110092163085938 0.0671920776367188 0.0110664367675781
0.0293197631835937 -0.00132942199707031 0.0422744750976563 0.009490966796875
0.0224494934082031 -0.0129642486572266 0.0324821472167969 0.0147686004638672
0.0095367431640625 -0.0187263488769531 0.0207729339599609 0.0155162811279297
-0.00430965423583984 -0.017369270324707 0.0110645294189453 0.0249176025390625
-0.00442886352539062 -0.00933361053466797 0.0120849609375 0.0408287048339844
-0.00193357467651367 -0.00835371017456055 0.0068206787109375 0.0500984191894531
-0.00155830383300781 -0.0116357803344727 -0.00716018676757812 0.0609130859375
0.00048542022705078 -0.015721321105957 -0.0300140380859375 0.0564613342285156
0.0130233764648438 -0.0156698226928711 -0.0399818420410156 0.0431327819824219
0.0229511260986328 -0.011444091796875 -0.0359001159667969 0.0195579528808594
0.0283126831054687 0.00788116455078125 -0.0185012817382813 0.00544166564941406
0.0282783508300781 0.0166378021240234 0.0210857391357422 0.0238933563232422
0.0187721252441406 0.0200977325439453 0.0356979370117188 0.0718231201171875
0.00440263748168945 0.00844860076904297 -0.0427627563476562 -0.0615272521972656
-0.00304603576660156 -0.00247335433959961 -0.0158500671386719 -0.0203056335449219
-0.00616025924682617 0.00211286544799805 0.0219612121582031 -0.00327682495117187
0.000697135925292969 0.00708103179931641 0.0476455688476563 -0.0208396911621094
0.00628089904785156 0.00259304046630859 0.0452079772949219 -0.0449676513671875
0.00657939910888672 -0.00508737564086914 0.0266342163085937 -0.066375732421875
0.00297069549560547 -0.012603759765625 0.00210952758789062 -0.0663604736328125
0.00386714935302734 -0.00973796844482422 -0.0132064819335938 -0.0489311218261719
0.00606727600097656 -0.0100278854370117 -0.0208091735839844 -0.036346435546875
0.0100297927856445 -0.00599956512451172 -0.0238151550292969 -0.0276603698730469
0.00727748870849609 7.82012939453125E-05 -0.0327720642089844 -0.0143451690673828
0.00301837921142578 0.00895595550537109 -0.0349063873291016 -0.0120849609375
-0.00940608978271484 0.0036773681640625 -0.046661376953125 -0.0144500732421875
-0.00580930709838867 -0.00574445724487305 -0.067718505859375 -0.00230026245117187
-0.00219094753265381 0.00173163414001465 -0.071502685546875 0.00505065917968749
0.0273780822753906 0.0240497589111328 -0.0345344543457031 -0.0561561584472656
0.0232467651367188 0.00994110107421875 -0.00675106048583984 -0.0167608261108398
0.0181102752685547 0.0102252960205078 0.0283870697021484 -0.000141143798828124
0.0222930908203125 0.00394058227539063 0.0522575378417969 -0.0203323364257813
0.0238971710205078 -0.00600051879882813 0.0480194091796875 -0.0413246154785156
0.0172443389892578 -0.0197849273681641 0.0262947082519531 -0.0606040954589844
0.00572395324707031 -0.0294876098632813 0.00219345092773437 -0.0583572387695312
0.00538825988769531 -0.0291805267333984 -0.01336669921875 -0.0388565063476563
0.00722885131835937 -0.0303478240966797 -0.0231227874755859 -0.0263557434082031
0.0129203796386719 -0.0272731781005859 -0.0292835235595703 -0.0212764739990234
0.0216884613037109 -0.0183944702148438 -0.036407470703125 -0.0101203918457031
0.0213623046875 -0.00489044189453125 -0.0361709594726563 -0.009368896484375
0.014094352722168 0.00168132781982422 -0.0455207824707031 -0.0083160400390625
0.0195636749267578 0.00203514099121094 -0.060821533203125 0.00389862060546874
0.0261745452880859 0.00928497314453125 -0.0660476684570313 0.0102005004882812
0.050567626953125 0.0363845825195313 -0.0182723999023438 -0.04632568359375
0.0480194091796875 0.0230865478515625 0.00894641876220703 -0.00443172454833984
0.0414695739746094 0.0177459716796875 0.0371246337890625 0.00584793090820313
0.0457763671875 0.0018768310546875 0.0551376342773438 -0.0153770446777344
0.0396194458007813 -0.0156517028808594 0.0446052551269531 -0.0352554321289063
0.0269393920898438 -0.0346431732177734 0.02264404296875 -0.0528526306152344
0.00841140747070313 -0.0457649230957031 0.000541687011718751 -0.0449180603027344
0.00869750976562501 -0.0449485778808594 -0.0130786895751953 -0.0250740051269531
0.004913330078125 -0.0459175109863281 -0.0222549438476563 -0.0104694366455078
0.0149803161621094 -0.0482521057128906 -0.0311145782470703 -0.00530815124511719
0.0286636352539063 -0.034942626953125 -0.0388717651367188 0.0019683837890625
0.0346050262451172 -0.020965576171875 -0.0393753051757813 -0.00286102294921876
0.0363121032714844 -0.00271224975585938 -0.04364013671875 -0.00505828857421874
0.043792724609375 0.0057220458984375 -0.0485000610351563 0.00849533081054687
0.0482635498046875 0.0156326293945313 -0.0474739074707031 0.0200767517089844
0.0650062561035156 0.0412864685058594 0.00373458862304688 -0.0334873199462891
0.0644569396972656 0.0307350158691406 0.0261783599853516 0.00731658935546875
0.0612258911132813 0.0172767639160156 0.0429573059082031 0.0118942260742188
0.0615043640136719 -0.00360870361328125 0.0554695129394531 -0.0109939575195313
0.0505790710449219 -0.0248641967773438 0.0384407043457031 -0.0259857177734375
0.0302047729492188 -0.0459861755371094 0.0158271789550781 -0.0376396179199219
0.0104141235351563 -0.0513343811035156 0.00181007385253906 -0.0263671875
0.00762557983398438 -0.051605224609375 -0.00787019729614258 -0.00500154495239258
0.005340576171875 -0.0552444458007812 -0.0175418853759766 0.00867176055908202
0.0122604370117187 -0.0570487976074219 -0.0315284729003906 0.00896453857421874
0.0344047546386719 -0.0469436645507812 -0.03790283203125 0.0145301818847656
0.0413017272949219 -0.0341644287109375 -0.0390548706054688 0.00442886352539063
0.0524520874023437 -0.00814056396484375 -0.0408515930175781 -0.000331878662109384
0.0625152587890625 0.00659942626953125 -0.0332794189453125 0.00999641418457032
0.0621833801269531 0.0213508605957031 -0.0294551849365234 0.0285682678222656
0.0708465576171875 0.042083740234375 0.0260524749755859 -0.0192279815673828
0.0734939575195313 0.0320053100585938 0.0418815612792969 0.0145263671875
0.0681800842285156 0.0170478820800781 0.0487518310546875 0.0147552490234375
0.0673828125 -0.0117530822753906 0.0533676147460938 -0.001678466796875
0.0496749877929688 -0.0310134887695313 0.0342464447021484 -0.0155563354492188
0.0269241333007813 -0.0500221252441406 0.0108642578125 -0.0196952819824219
0.00855636596679688 -0.0535964965820313 -5.86509704589836E-05 -0.00555515289306641
0.0064544677734375 -0.0498008728027344 -0.00456905364990234 0.0143213272094727
0.004302978515625 -0.0542793273925781 -0.0121002197265625 0.0268840789794922
0.0112495422363281 -0.0584144592285156 -0.0289630889892578 0.0293197631835938
0.03240966796875 -0.0497474670410156 -0.0370445251464844 0.0268974304199219
0.0468482971191406 -0.03839111328125 -0.0369377136230469 0.00917816162109375
0.0613975524902344 -0.0047607421875 -0.0327644348144531 0.00195121765136719
0.0702056884765625 0.0105171203613281 -0.0137290954589844 0.0114250183105469
0.0653724670410156 0.0251541137695312 -0.00576019287109375 0.0391578674316406
0.0597190856933594 0.0374755859375 0.0473594665527344 -0.0114593505859375
0.07049560546875 0.0269012451171875 0.0585441589355469 0.017364501953125
0.0649871826171875 0.008819580078125 0.0509681701660156 0.015960693359375
0.0614204406738281 -0.0157279968261719 0.0452690124511719 0.00263214111328125
0.0409278869628906 -0.0330886840820313 0.0284004211425781 -0.00269699096679688
0.0164108276367188 -0.0481033325195313 0.00846099853515625 0.000993251800537106
0.0033111572265625 -0.045654296875 0.00587844848632813 0.0154285430908203
0.00382614135742187 -0.0435600280761719 0.000633239746093747 0.0312271118164062
0.000164031982421877 -0.047393798828125 -0.00551223754882813 0.0422096252441406
0.0086517333984375 -0.0499229431152344 -0.0260009765625 0.0439491271972656
0.0330238342285156 -0.0443763732910156 -0.0376396179199219 0.037841796875
0.0434799194335937 -0.0323600769042969 -0.0359268188476563 0.0156707763671875
0.0587806701660156 -0.00389862060546875 -0.0263233184814453 0.00282287597656249
0.0658721923828125 0.0156517028808594 0.00341987609863282 0.0144853591918945
0.0606880187988281 0.0299606323242188 0.0160140991210938 0.0517921447753906
0.0439872741699219 0.0231094360351563 0.062225341796875 -0.00704193115234375
0.0558967590332031 0.0173530578613281 0.0676422119140625 0.0149307250976562
0.052520751953125 0.0030670166015625 0.0457687377929688 0.0135879516601563
0.04498291015625 -0.0187911987304688 0.0403327941894531 0.00947189331054687
0.0263462066650391 -0.0307292938232422 0.0247974395751953 0.00781440734863281
0.0048980712890625 -0.035552978515625 0.0120744705200195 0.0153532028198242
-0.00181961059570313 -0.0303459167480469 0.0108184814453125 0.0311107635498047
0.000413894653320311 -0.0276088714599609 0.00681686401367188 0.0443267822265625
-0.00140571594238282 -0.0321750640869141 -0.004638671875 0.0544395446777344
0.00588798522949219 -0.0339908599853516 -0.0268707275390625 0.053558349609375
0.0222492218017578 -0.0301704406738281 -0.0365867614746094 0.0437583923339844
0.0354156494140625 -0.0223197937011719 -0.0349769592285156 0.0197162628173828
0.0466651916503906 0.00323486328125 -0.0200214385986328 0.0052947998046875
0.0504837036132813 0.0190505981445313 0.0185279846191406 0.0179920196533203
0.0442619323730469 0.0257797241210938 0.0314598083496094 0.0638580322265625
0.0178661346435547 0.00909996032714844 0.0713424682617188 -0.00699615478515625
0.0337371826171875 0.00743484497070313 0.0703582763671875 0.0082550048828125
0.0290908813476563 -0.00302505493164063 0.0430259704589844 0.0108795166015625
0.0223598480224609 -0.0163440704345703 0.0311870574951172 0.0131969451904297
0.00404930114746094 -0.0199947357177734 0.0222129821777344 0.0159282684326172
-0.00607013702392578 -0.0173730850219727 0.0131607055664063 0.0248508453369141
-0.00506830215454101 -0.00709104537963867 0.015655517578125 0.0378990173339844
-0.00336647033691406 -0.00961399078369141 0.00868606567382812 0.0505790710449219
-0.00374507904052734 -0.0108423233032227 -0.00503158569335938 0.0612106323242188
-0.00194454193115234 -0.0162210464477539 -0.0278549194335938 0.0616569519042969
0.012354850769043 -0.016845703125 -0.0410041809082031 0.0465126037597656
0.0192031860351563 -0.0132999420166016 -0.0369148254394531 0.02325439453125
0.0281791687011719 0.00511741638183594 -0.0181446075439453 0.00518226623535156
0.0304145812988281 0.0161571502685547 0.0226936340332031 0.023590087890625
0.0207576751708984 0.0186367034912109 0.04052734375 0.0731735229492187
0.00382423400878906 0.00979804992675781 -0.0452308654785156 -0.0597648620605469
-0.00177812576293945 -0.00123095512390137 -0.0162258148193359 -0.0191516876220703
-0.00412392616271973 0.00376415252685547 0.0235671997070313 -0.00355339050292969
0.00252246856689453 0.00641918182373047 0.0461158752441406 -0.0238456726074219
0.00696992874145508 0.00134372711181641 0.0437850952148438 -0.0462722778320313
0.00749969482421875 -0.00479364395141601 0.0234107971191406 -0.0675086975097656
0.00254154205322266 -0.0127391815185547 -0.00235366821289063 -0.0650711059570313
0.00374126434326172 -0.0121355056762695 -0.0164833068847656 -0.0482368469238281
0.00522994995117188 -0.0108213424682617 -0.0241832733154297 -0.0340290069580078
0.00939178466796875 -0.00782680511474609 -0.0273971557617187 -0.0267753601074219
0.00965118408203125 0.000300407409667969 -0.0340061187744141 -0.0135650634765625
0.00353908538818359 0.00909614562988281 -0.0359306335449219 -0.0104103088378906
-0.00939559936523438 0.00372028350830078 -0.046661376953125 -0.0119247436523438
-0.006683349609375 -0.00271701812744141 -0.0660171508789063 0.000679016113281241
-0.00258350372314453 0.00293421745300293 -0.07171630859375 0.00872039794921875
0.0323276519775391 0.0230979919433594 -0.0360488891601563 -0.0548248291015625
0.0249042510986328 0.0100898742675781 -0.00505733489990234 -0.0139923095703125
0.0192146301269531 0.00905609130859375 0.0308704376220703 -0.000314712524414062
0.0245361328125 0.00283432006835938 0.0509605407714844 -0.0218887329101563
0.02313232421875 -0.00885581970214844 0.0451507568359375 -0.0425186157226563
0.0162410736083984 -0.0222034454345703 0.0221824645996094 -0.0627288818359375
0.00499534606933594 -0.0330829620361328 -0.00226211547851562 -0.0576095581054688
0.00388717651367188 -0.0303249359130859 -0.016204833984375 -0.0372962951660156
0.00454139709472656 -0.0324649810791016 -0.0258274078369141 -0.0233440399169922
0.0128421783447266 -0.0300617218017578 -0.0314922332763672 -0.0178871154785156
0.0210857391357422 -0.0194644927978516 -0.0378532409667969 -0.00779342651367187
0.02178955078125 -0.00565719604492187 -0.0384140014648438 -0.00630950927734375
0.0143518447875977 0.00162220001220703 -0.0460166931152344 -0.0064544677734375
0.0198707580566406 0.00148200988769531 -0.0604095458984375 0.00709533691406251
0.02532958984375 0.00999259948730469 -0.0644989013671875 0.0161209106445312
0.0528144836425781 0.0340003967285156 -0.018890380859375 -0.0459671020507813
0.0487823486328125 0.0200920104980469 0.010096549987793 -0.00389003753662109
0.0435104370117188 0.0137519836425781 0.0380935668945313 0.00514984130859375
0.0451431274414063 -0.00130462646484375 0.0550193786621094 -0.0164413452148438
0.0386199951171875 -0.0181808471679688 0.043548583984375 -0.0368080139160156
0.0246849060058594 -0.0366134643554687 0.01885986328125 -0.0521583557128906
0.00648117065429687 -0.046051025390625 -0.0013885498046875 -0.0440826416015625
0.004364013671875 -0.0446662902832031 -0.0131568908691406 -0.0223426818847656
0.002655029296875 -0.0478973388671875 -0.0229816436767578 -0.00762748718261719
0.0121269226074219 -0.0480270385742188 -0.0320281982421875 -0.00320243835449219
0.0274620056152344 -0.0364456176757813 -0.0399818420410156 0.00467300415039062
0.034332275390625 -0.0220794677734375 -0.0396575927734375 -0.000652313232421883
0.0357322692871094 -0.00399017333984375 -0.0448417663574219 -0.00070571899414063
0.0436668395996094 0.0024261474609375 -0.0484199523925781 0.0119132995605469
0.0477752685546875 0.0141258239746094 -0.0497703552246094 0.0239601135253906
0.0657882690429688 0.0404167175292969 0.00358963012695313 -0.0323295593261719
0.066650390625 0.0257987976074219 0.0278682708740234 0.00658988952636719
0.0616340637207031 0.0157814025878906 0.0442352294921875 0.0114326477050781
0.0603599548339844 -0.00732421875 0.0558128356933594 -0.0110893249511719
0.047393798828125 -0.0268478393554688 0.0402641296386719 -0.0265388488769531
0.0275764465332031 -0.048187255859375 0.0139503479003906 -0.0381050109863281
0.00723648071289062 -0.0535774230957031 -0.000810623168945313 -0.0245170593261719
0.004425048828125 -0.0503883361816406 -0.00921249389648438 -0.00323009490966797
0.000911712646484375 -0.0555610656738281 -0.0174388885498047 0.0114269256591797
0.00984573364257813 -0.0574493408203125 -0.0309200286865234 0.0139198303222656
0.0294914245605469 -0.0474739074707031 -0.0384292602539062 0.0170936584472656
0.0416526794433594 -0.0354156494140625 -0.0392608642578125 0.00582504272460938
0.0508766174316406 -0.00900650024414063 -0.0400962829589844 0.00378036499023438
0.0614967346191406 0.00441360473632812 -0.0321731567382812 0.0139999389648438
0.0626945495605469 0.0179061889648438 -0.0280895233154297 0.0328502655029297
0.0695762634277344 0.0383377075195313 0.0248050689697266 -0.0208091735839844
0.073028564453125 0.0260009765625 0.0443878173828125 0.0131645202636719
0.0703353881835938 0.0134658813476563 0.0491790771484375 0.0149002075195312
0.0662574768066406 -0.0144004821777344 0.0535545349121094 -0.00362777709960938
0.0483741760253906 -0.0334930419921875 0.0335559844970703 -0.014404296875
0.0235977172851563 -0.0521697998046875 0.0111656188964844 -0.0180511474609375
0.00424575805664063 -0.0536422729492188 0.00126743316650391 -0.00328254699707032
0.00156021118164063 -0.0506057739257813 -0.00331592559814453 0.0154609680175781
-0.00106430053710938 -0.0548439025878906 -0.0111980438232422 0.0291862487792969
0.00711441040039062 -0.0584182739257813 -0.0273895263671875 0.0308361053466797
0.0289764404296875 -0.0506134033203125 -0.0366973876953125 0.0299797058105469
0.0448074340820313 -0.040802001953125 -0.0378265380859375 0.0127143859863281
0.0595855712890625 -0.0113677978515625 -0.0339736938476562 0.00511360168457031
0.07061767578125 0.00782012939453125 -0.0137386322021484 0.0125026702880859
0.06854248046875 0.0216026306152344 -0.00498199462890625 0.0415000915527344
0.0613327026367188 0.0320396423339844 0.0466194152832031 -0.0134162902832031
0.0707550048828125 0.0213775634765625 0.0593986511230469 0.0150337219238281
0.0667343139648438 0.00592803955078125 0.0500984191894531 0.0151176452636719
0.05914306640625 -0.0202827453613281 0.0470733642578125 0.00370025634765625
0.0403060913085938 -0.0360107421875 0.02728271484375 -0.00171089172363281
0.0144996643066406 -0.0473518371582031 0.00932788848876953 0.000327110290527341
0.000362396240234378 -0.0446510314941406 0.00509548187255859 0.015594482421875
0.00101089477539062 -0.0429115295410156 0.00314712524414063 0.0319194793701172
-0.00196456909179688 -0.0461006164550781 -0.0053558349609375 0.0448951721191406
0.0050048828125 -0.0489616394042969 -0.0245018005371094 0.0464363098144531
0.027557373046875 -0.0450897216796875 -0.0344123840332031 0.0399131774902344
0.0421867370605469 -0.0344696044921875 -0.0357246398925781 0.0186843872070312
0.0582809448242187 -0.00664138793945312 -0.0264129638671875 0.00529861450195312
0.0670928955078125 0.0120849609375 0.00470733642578126 0.0134754180908203
0.0617294311523437 0.0232925415039062 0.0181198120117188 0.0526771545410156
0.0445671081542969 0.0195770263671875 0.0609817504882812 -0.010162353515625
0.0560302734375 0.0123100280761719 0.067840576171875 0.0116348266601563
0.0506553649902344 -0.00207901000976563 0.0479545593261719 0.0115242004394531
0.0416679382324219 -0.0206985473632813 0.0414314270019531 0.00913619995117187
0.0236110687255859 -0.0311183929443359 0.0256671905517578 0.00801658630371094
0.00257110595703125 -0.03399658203125 0.011601448059082 0.017003059387207
-0.00432395935058594 -0.0294170379638672 0.011566162109375 0.03094482421875
-0.00153732299804687 -0.026275634765625 0.00871658325195312 0.0446357727050781
-0.00181007385253907 -0.02923583984375 -0.0026397705078125 0.0555572509765625
0.00357818603515625 -0.0337810516357422 -0.0226707458496094 0.0559730529785156
0.0216541290283203 -0.0321998596191406 -0.03582763671875 0.0466804504394531
0.0343551635742188 -0.0253028869628906 -0.0346183776855469 0.0220317840576172
0.0474281311035156 -0.0003662109375 -0.0203647613525391 0.00674819946289062
0.0522079467773437 0.0141334533691406 0.0179309844970703 0.0175361633300781
0.0444526672363281 0.0228385925292969 0.0345993041992188 0.0620079040527344
0.0196743011474609 0.0091705322265625 0.0699386596679687 -0.0125083923339844
0.0332908630371094 0.00394630432128906 0.0693740844726562 0.003509521484375
0.0295124053955078 -0.00592994689941406 0.0447425842285156 0.00653457641601563
0.0190086364746094 -0.0170421600341797 0.0360374450683594 0.0125007629394531
0.00499343872070312 -0.020660400390625 0.0249271392822266 0.0146827697753906
-0.00796031951904297 -0.0146150588989258 0.0169048309326172 0.0246143341064453
-0.00527477264404297 -0.00846958160400391 0.0183601379394531 0.037353515625
-0.00319957733154297 -0.00807523727416992 0.0138397216796875 0.0486907958984375
-0.00407600402832031 -0.0102052688598633 -5.72204589843684E-05 0.0614204406738281
-0.00165081024169922 -0.0138587951660156 -0.0253944396972656 0.0610237121582031
0.00942134857177734 -0.0174007415771484 -0.0366477966308594 0.0486068725585937
0.0208644866943359 -0.0145225524902344 -0.0358238220214844 0.0245323181152344
0.0284061431884766 0.00257110595703125 -0.0198307037353516 0.00734710693359375
0.0298519134521484 0.0112056732177734 0.0229396820068359 0.0209579467773437
0.0205955505371094 0.0160884857177734 0.0430793762207031 0.0694961547851563
0.0054779052734375 0.0105381011962891 -0.0452003479003906 -0.0573539733886719
-0.000290423631668091 -0.000275224447250366 -0.0166244506835938 -0.0175495147705078
-0.00371217727661133 0.00477218627929688 0.0238494873046875 -0.00307273864746094
0.00325822830200195 0.00583648681640625 0.0450325012207031 -0.0245208740234375
0.00710105895996094 0.000578880310058594 0.0413284301757813 -0.0473403930664063
0.00687217712402344 -0.00684356689453125 0.0204277038574219 -0.0672492980957031
0.00136470794677734 -0.0147924423217773 -0.00482559204101562 -0.0644645690917969
0.00272178649902344 -0.0132684707641602 -0.0178108215332031 -0.0454368591308594
0.00546932220458984 -0.0122509002685547 -0.0258960723876953 -0.0316085815429688
0.0100374221801758 -0.00902938842773438 -0.0288410186767578 -0.0245819091796875
0.0109100341796875 -0.000873565673828125 -0.0350112915039063 -0.0126705169677734
0.00519561767578125 0.00879764556884766 -0.036865234375 -0.00991439819335938
-0.0085153579711914 0.00514984130859375 -0.0476722717285156 -0.0115432739257812
-0.00740242004394531 -0.00174427032470703 -0.0649757385253906 0.00214004516601562
-0.00159716606140137 0.00396847724914551 -0.0697898864746094 0.0125160217285156
0.0320014953613281 0.022857666015625 -0.0353889465332031 -0.0529632568359375
0.0255947113037109 0.00861740112304687 -0.0050210952758789 -0.0127267837524414
0.0200767517089844 0.00878334045410156 0.0307044982910156 -0.000646591186523437
0.0242996215820313 0.00100898742675781 0.0498809814453125 -0.0229454040527344
0.0234241485595703 -0.00965690612792969 0.0421829223632813 -0.0433616638183594
0.0158176422119141 -0.0233097076416016 0.0196723937988281 -0.0613479614257813
0.00336837768554687 -0.0326480865478516 -0.00393676757812499 -0.05615234375
0.00279617309570313 -0.0312423706054688 -0.0168342590332031 -0.0353584289550781
0.00384902954101563 -0.0327701568603516 -0.02667236328125 -0.0206127166748047
0.0116405487060547 -0.0302619934082031 -0.0326156616210938 -0.0155220031738281
0.0212764739990234 -0.0197105407714844 -0.0388450622558594 -0.00554275512695312
0.0223064422607422 -0.00681495666503906 -0.0388717651367188 -0.0064697265625
0.0148239135742188 0.00302791595458984 -0.0461997985839844 -0.00487899780273436
0.0188484191894531 0.00192451477050781 -0.0587654113769531 0.00951004028320312
0.0246639251708984 0.00954437255859375 -0.0625953674316406 0.0196952819824219
0.0532455444335938 0.0329170227050781 -0.0184288024902344 -0.0436935424804688
0.0486412048339844 0.0177192687988281 0.0110540390014648 -0.00355148315429687
0.0428619384765625 0.0123329162597656 0.03887939453125 0.00501632690429688
0.044342041015625 -0.00355148315429687 0.0542526245117187 -0.0182914733886719
0.0370330810546875 -0.0189704895019531 0.0421333312988281 -0.0362625122070313
0.0226669311523437 -0.0381393432617188 0.0175666809082031 -0.0509490966796875
0.00496292114257812 -0.0468864440917969 -0.00241470336914062 -0.0411834716796875
0.00230789184570312 -0.0445060729980469 -0.0138111114501953 -0.0205955505371094
0.000759124755859371 -0.0473251342773438 -0.0235404968261719 -0.00470542907714844
0.0100936889648438 -0.0475120544433594 -0.0336761474609375 -0.00087738037109375
0.0267715454101563 -0.03692626953125 -0.0410041809082031 0.00602722167968751
0.0333671569824219 -0.0229282379150391 -0.0409088134765625 0.000495910644531247
0.0352363586425781 -0.00340652465820313 -0.0442123413085937 0.001068115234375
0.0421714782714844 0.00268936157226563 -0.0474281311035156 0.0141220092773437
0.0470542907714844 0.0130844116210938 -0.0482330322265625 0.027099609375
0.0663604736328125 0.0373878479003906 0.00251388549804688 -0.0321044921875
0.0659103393554688 0.0229988098144531 0.0279617309570313 0.00646591186523438
0.0608291625976563 0.0130195617675781 0.0453033447265625 0.0110435485839844
0.0592384338378906 -0.00956344604492188 0.0564117431640625 -0.0111923217773438
0.0459480285644531 -0.02899169921875 0.0388946533203125 -0.0263328552246094
0.0252342224121094 -0.0481071472167969 0.013702392578125 -0.0352859497070313
0.00394821166992187 -0.0539817810058594 -0.000844955444335938 -0.0225276947021484
0.00181198120117187 -0.0506744384765625 -0.00890159606933594 -0.00251579284667969
-0.00138854980468751 -0.0549354553222656 -0.0176372528076172 0.0128860473632813
0.00702285766601562 -0.0573005676269531 -0.0307884216308594 0.0157012939453125
0.0277862548828125 -0.0483016967773438 -0.0398521423339844 0.0192489624023437
0.03973388671875 -0.0364990234375 -0.0396766662597656 0.00804901123046875
0.0505256652832031 -0.01080322265625 -0.0401535034179688 0.0040283203125
0.0599555969238281 0.00276947021484375 -0.0316123962402344 0.0148067474365234
0.0621261596679688 0.0157890319824219 -0.0268287658691406 0.0351638793945313
0.06964111328125 0.03533935546875 0.0249423980712891 -0.0216751098632812
0.072784423828125 0.0226287841796875 0.0456008911132813 0.0134811401367188
0.0693092346191406 0.0102767944335937 0.0504302978515625 0.0145835876464844
0.0643501281738281 -0.0166664123535156 0.0534515380859375 -0.00336456298828125
0.0454330444335938 -0.0356330871582031 0.0341472625732422 -0.0141391754150391
0.0212516784667969 -0.0517921447753906 0.0110149383544922 -0.0172061920166016
0.00188446044921875 -0.0526580810546875 0.00197887420654297 -0.00241780281066895
3.43322753906271E-05 -0.0497093200683594 -0.00247478485107422 0.0161685943603516
-0.00364303588867188 -0.0532608032226563 -0.0102291107177734 0.0299491882324219
0.00504302978515626 -0.056793212890625 -0.0264930725097656 0.0326995849609375
0.0264892578125 -0.0508460998535156 -0.0361404418945312 0.0316429138183594
0.0421028137207031 -0.0411453247070313 -0.0374183654785156 0.0145988464355469
0.0579032897949219 -0.0122032165527344 -0.0336036682128906 0.00565338134765625
0.0687065124511719 0.00431060791015625 -0.0138521194458008 0.0143289566040039
0.0672111511230469 0.01885986328125 -0.003936767578125 0.0431480407714844
0.0613670349121094 0.0283164978027344 0.0448570251464844 -0.0144119262695312
0.0681648254394531 0.0170249938964844 0.0591163635253906 0.0141448974609375
0.0655708312988281 0.0038909912109375 0.0506591796875 0.0145072937011719
0.0566139221191406 -0.0214271545410156 0.0474929809570313 0.00322341918945312
0.0363388061523437 -0.037017822265625 0.0290622711181641 -0.00126266479492188
0.0127487182617188 -0.046539306640625 0.0105009078979492 0.00154304504394531
-0.00171661376953125 -0.043914794921875 0.00649261474609375 0.0159225463867187
-0.00115966796875 -0.0406036376953125 0.00416183471679688 0.0319442749023438
-0.00368499755859375 -0.0440711975097656 -0.00395584106445312 0.0457916259765625
0.00336456298828125 -0.0476875305175781 -0.022674560546875 0.047149658203125
0.024139404296875 -0.0443344116210938 -0.0334625244140625 0.0416412353515625
0.0393714904785156 -0.03704833984375 -0.0352668762207031 0.0195808410644531
0.0563468933105469 -0.00844955444335938 -0.0262603759765625 0.0059356689453125
0.0655975341796875 0.00883102416992187 0.00408363342285157 0.014012336730957
0.0607948303222656 0.020172119140625 0.0183830261230469 0.0519676208496094
0.0442657470703125 0.0172462463378906 0.060089111328125 -0.0120658874511719
0.0544395446777344 0.00858306884765625 0.0667915344238281 0.0102119445800781
0.0509033203125 -0.0030364990234375 0.0486106872558594 0.0112495422363281
0.0403060913085938 -0.0228271484375 0.0420265197753906 0.0081634521484375
0.0201549530029297 -0.0312614440917969 0.0262660980224609 0.0085296630859375
0.000699996948242187 -0.0337886810302734 0.0131387710571289 0.0161838531494141
-0.0054931640625 -0.0271282196044922 0.0133533477783203 0.029266357421875
-0.00299072265625 -0.0254764556884766 0.0104484558105469 0.0425148010253906
-0.0037078857421875 -0.0280570983886719 -0.000465393066406246 0.0563735961914063
0.00146484375 -0.0320281982421875 -0.0212249755859375 0.0568351745605469
0.0183048248291016 -0.0310993194580078 -0.0335235595703125 0.0473136901855469
0.0315265655517578 -0.0261173248291016 -0.0342693328857422 0.0227298736572266
0.045806884765625 -0.00165939331054688 -0.0210304260253906 0.00687789916992187
0.0510139465332031 0.0111961364746094 0.0175619125366211 0.0163249969482422
0.0436859130859375 0.0189399719238281 0.0347366333007812 0.06085205078125
0.0199069976806641 0.00652503967285156 0.0686531066894531 -0.0151939392089844
0.0317153930664063 0.00174713134765625 0.0685577392578125 0.00276565551757813
0.0289306640625 -0.00732612609863281 0.0448455810546875 0.00674819946289063
0.0174636840820313 -0.0185527801513672 0.0372467041015625 0.012359619140625
0.00282096862792969 -0.0205497741699219 0.0266513824462891 0.0141525268554687
-0.00911903381347656 -0.0134048461914063 0.0189762115478516 0.0239276885986328
-0.00711202621459961 -0.00651311874389648 0.0201282501220703 0.0350418090820312
-0.00357580184936523 -0.00645256042480469 0.0151176452636719 0.046539306640625
-0.00450420379638672 -0.00799989700317383 0.000690460205078131 0.0607070922851563
-0.00316619873046875 -0.0121402740478516 -0.0231094360351563 0.0612144470214844
0.00758075714111328 -0.0167713165283203 -0.0354461669921875 0.0491523742675781
0.0181999206542969 -0.01519775390625 -0.0355644226074219 0.0255470275878906
0.0272350311279297 0.000597000122070313 -0.0201568603515625 0.007568359375
0.0288734436035156 0.00858497619628906 0.0223045349121094 0.0194320678710938
0.0204982757568359 0.0125656127929688 0.0428886413574219 0.0680580139160156
0.00635337829589844 0.0121097564697266 -0.04376220703125 -0.0572433471679687
0.000486850738525391 0.000414460897445679 -0.0146989822387695 -0.0165987014770508
-0.00237560272216797 0.00457096099853516 0.0247631072998047 -0.00312042236328125
0.00418519973754883 0.00549221038818359 0.045135498046875 -0.0245742797851563
0.00778865814208984 0.0001220703125 0.0400810241699219 -0.0469131469726562
0.00719785690307617 -0.00818157196044922 0.0193328857421875 -0.0664291381835937
0.00146389007568359 -0.0157861709594727 -0.00495147705078125 -0.0632247924804688
0.002777099609375 -0.0149574279785156 -0.0182151794433594 -0.0439643859863281
0.00571537017822266 -0.0144596099853516 -0.0265140533447266 -0.0293102264404297
0.0111827850341797 -0.0104379653930664 -0.0294036865234375 -0.0234279632568359
0.0121011734008789 -0.00112438201904297 -0.035919189453125 -0.0124397277832031
0.00636005401611328 0.00892257690429688 -0.0376205444335938 -0.0106010437011719
-0.00765800476074219 0.00656461715698242 -0.0484771728515625 -0.0116615295410156
-0.00713109970092773 7.39097595214838E-05 -0.0646629333496094 0.00258255004882811
-0.00150489807128906 0.00603437423706055 -0.068817138671875 0.0141639709472656
0.0328903198242188 0.0233554840087891 -0.033447265625 -0.0520057678222656
0.0261421203613281 0.00911521911621094 -0.00327396392822265 -0.0118141174316406
0.0211391448974609 0.00863075256347656 0.031463623046875 0.000293731689453126
0.0247764587402344 0.00032806396484375 0.0502090454101563 -0.0223007202148437
0.0228633880615234 -0.0110912322998047 0.0420722961425781 -0.0419158935546875
0.01531982421875 -0.0246429443359375 0.0187530517578125 -0.0603370666503906
0.00290679931640625 -0.0338382720947266 -0.00405120849609376 -0.0545616149902344
0.00222969055175782 -0.0326194763183594 -0.0168743133544922 -0.0339508056640625
0.00341987609863281 -0.0335426330566406 -0.0261650085449219 -0.0188961029052734
0.0121078491210937 -0.0315532684326172 -0.0336284637451172 -0.0138664245605469
0.0218868255615234 -0.0200138092041016 -0.0401229858398438 -0.00498580932617188
0.0227222442626953 -0.00628089904785156 -0.0402336120605469 -0.00587844848632813
0.01507568359375 0.00402259826660156 -0.0465087890625 -0.00473785400390626
0.0183143615722656 0.00324058532714844 -0.0577659606933594 0.0101890563964844
0.0247840881347656 0.0105571746826172 -0.0618972778320312 0.0212631225585938
0.0535621643066406 0.0328025817871094 -0.0170707702636719 -0.0430068969726562
0.0482254028320313 0.0170669555664063 0.0120630264282227 -0.00248908996582031
0.0436325073242188 0.0116386413574219 0.0396461486816406 0.00608444213867188
0.0444602966308594 -0.00437545776367188 0.0549163818359375 -0.0167579650878906
0.0368270874023438 -0.0201530456542969 0.0420761108398437 -0.0351142883300781
0.0221290588378906 -0.03863525390625 0.0176162719726562 -0.0493850708007813
0.00386810302734375 -0.0468406677246094 -0.00214385986328125 -0.0394477844238281
0.0011749267578125 -0.0448341369628906 -0.0137729644775391 -0.0186634063720703
0.000358581542968753 -0.0479774475097656 -0.0233058929443359 -0.00298500061035157
0.00954055786132812 -0.0479393005371094 -0.0339927673339844 0.000864028930664064
0.0262870788574219 -0.0367889404296875 -0.0417289733886719 0.00757980346679688
0.0337448120117188 -0.0233898162841797 -0.0407829284667969 0.00121307373046875
0.0345821380615234 -0.00276565551757813 -0.0440177917480469 0.00127792358398438
0.0416069030761719 0.00380325317382813 -0.0464019775390625 0.0152740478515625
0.0461883544921875 0.0134239196777344 -0.0474891662597656 0.0294837951660156
0.0667343139648438 0.03631591796875 0.00285148620605469 -0.0313167572021484
0.0647392272949219 0.0215415954589844 0.0301113128662109 0.00754356384277344
0.0617256164550781 0.01214599609375 0.0474166870117188 0.0130157470703125
0.0589408874511719 -0.0106391906738281 0.0572738647460938 -0.0105133056640625
0.04541015625 -0.0292625427246094 0.0393905639648438 -0.0252456665039063
0.0239906311035156 -0.0481910705566406 0.0145359039306641 -0.0335483551025391
0.00328063964843751 -0.0535659790039063 -0.000568389892578124 -0.0207557678222656
0.000576019287109379 -0.0502243041992187 -0.00784778594970703 -0.0006861686706543
-0.00253677368164062 -0.0547981262207031 -0.0172920227050781 0.0146865844726562
0.00693130493164063 -0.0563087463378906 -0.0312366485595703 0.0178585052490234
0.0264091491699219 -0.0484352111816406 -0.0404243469238281 0.0207595825195312
0.0395050048828125 -0.0361595153808594 -0.0409507751464844 0.00918197631835937
0.0498809814453125 -0.0101089477539063 -0.0392684936523438 0.004638671875
0.0595207214355469 0.0030059814453125 -0.0308799743652344 0.0165119171142578
0.0611228942871094 0.0156898498535156 -0.0275802612304687 0.0369186401367188
0.0689582824707031 0.0340347290039063 0.0253105163574219 -0.0209236145019531
0.0712432861328125 0.0210800170898438 0.0464134216308594 0.0143623352050781
0.0692100524902344 0.00943374633789062 0.05108642578125 0.0164146423339844
0.0632667541503906 -0.0174903869628906 0.05389404296875 -0.00238037109375
0.0441017150878906 -0.0359535217285156 0.0344104766845703 -0.0128822326660156
0.0205307006835938 -0.0509681701660156 0.0124616622924805 -0.0149574279785156
0.000705718994140619 -0.0515975952148437 0.00262570381164551 -0.00126767158508301
-0.000602722167968753 -0.0490684509277344 -0.00177192687988281 0.0170221328735352
-0.00396347045898437 -0.0526809692382813 -0.0104694366455078 0.0324745178222656
0.00355911254882812 -0.0558853149414063 -0.0267009735107422 0.0343894958496094
0.0249862670898438 -0.0502662658691406 -0.0370368957519531 0.0328559875488281
0.0407752990722656 -0.0411148071289062 -0.038177490234375 0.015289306640625
0.0565528869628906 -0.01263427734375 -0.0335521697998047 0.00607681274414062
0.0675621032714844 0.0037078857421875 -0.013188362121582 0.0157289505004883
0.0663490295410156 0.0176048278808594 -0.00418472290039062 0.0452537536621094
0.0602951049804687 0.0263252258300781 0.0451507568359375 -0.0138435363769531
0.0668411254882813 0.01513671875 0.0586051940917969 0.0153312683105469
0.0647354125976563 0.00296401977539062 0.0525131225585938 0.0158920288085938
0.0560111999511719 -0.0218276977539063 0.0490951538085938 0.00466537475585937
0.0345497131347656 -0.0365676879882813 0.0297107696533203 -0.000911712646484377
0.0110931396484375 -0.0451583862304688 0.0117568969726563 0.0032358169555664
-0.00281143188476562 -0.04193115234375 0.00767326354980469 0.0168390274047852
-0.00232315063476562 -0.0393524169921875 0.00468826293945313 0.032073974609375
-0.00423049926757813 -0.0425224304199219 -0.00449752807617188 0.0466804504394531
0.00178146362304688 -0.0461463928222656 -0.0226554870605469 0.0476417541503906
0.0221328735351563 -0.0437469482421875 -0.0338897705078125 0.0418624877929688
0.0376091003417969 -0.0371017456054688 -0.0359992980957031 0.0202445983886719
0.0555191040039063 -0.00942230224609375 -0.0260143280029297 0.00621795654296875
0.0637550354003906 0.00714874267578125 0.00452709197998047 0.0144596099853516
0.0591850280761719 0.0188560485839844 0.0177841186523438 0.0532646179199219
0.0432815551757813 0.0152778625488281 0.0591583251953125 -0.0124549865722656
0.05206298828125 0.00704193115234375 0.0653877258300781 0.0102157592773438
0.0503616333007812 -0.00413894653320313 0.0495033264160156 0.012603759765625
0.0382308959960938 -0.0232963562011719 0.0432701110839844 0.00949478149414062
0.0188007354736328 -0.0311737060546875 0.0275154113769531 0.00841331481933594
-0.000524520874023436 -0.0318279266357422 0.0150070190429688 0.0168075561523437
-0.00596809387207031 -0.0254878997802734 0.0139369964599609 0.0290050506591797
-0.00369071960449219 -0.0234928131103516 0.0107269287109375 0.0419502258300781
-0.00432014465332031 -0.0254802703857422 -0.00011444091796875 0.0564079284667969
0.000255584716796873 -0.0295314788818359 -0.020782470703125 0.056976318359375
0.0168209075927734 -0.0304317474365234 -0.03314208984375 0.0473670959472656
0.0300159454345703 -0.0266590118408203 -0.0341930389404297 0.0240993499755859
0.043853759765625 -0.00313186645507813 -0.0214805603027344 0.00674819946289063
0.0499458312988281 0.00878524780273438 0.0167112350463867 0.016728401184082
0.0426521301269531 0.0169258117675781 0.0336875915527344 0.0618095397949219
0.0195560455322266 0.00477027893066406 0.0670738220214844 -0.0158767700195313
0.0305099487304688 2.09808349609375E-05 0.0676803588867188 0.00287628173828125
0.0283317565917969 -0.00913619995117188 0.0450859069824219 0.00789642333984375
0.0160598754882813 -0.0193843841552734 0.0385856628417969 0.0119171142578125
0.00118446350097656 -0.0193653106689453 0.0285663604736328 0.0139713287353516
-0.00975894927978516 -0.0116376876831055 0.0208511352539063 0.0235557556152344
-0.00729179382324219 -0.0043492317199707 0.0209636688232422 0.0338172912597656
-0.00363302230834961 -0.00481557846069336 0.0152320861816406 0.0451202392578125
-0.00435543060302734 -0.00595474243164063 0.00119781494140625 0.0601234436035156
-0.00390052795410156 -0.0105667114257813 -0.0228767395019531 0.0612831115722656
0.0065145492553711 -0.0155725479125977 -0.0350685119628906 0.0493545532226563
0.0168275833129883 -0.0152978897094727 -0.0350437164306641 0.0251998901367187
0.0265865325927734 0.000225067138671875 -0.0206012725830078 0.00781440734863282
0.0269355773925781 0.00708961486816406 0.0218944549560547 0.0192050933837891
0.0194511413574219 0.0109329223632813 0.0417137145996094 0.0678215026855469
0.00823116302490234 0.0143070220947266 -0.0426063537597656 -0.0585289001464844
0.0018695592880249 0.00140810012817383 -0.0132627487182617 -0.016448974609375
-0.00033712387084961 0.00441312789916992 0.0264110565185547 -0.00269699096679687
0.00570011138916016 0.0046992301940918 0.0470657348632813 -0.0253448486328125
0.00872135162353516 -0.00165939331054687 0.04083251953125 -0.0471115112304687
0.0083160400390625 -0.0103015899658203 0.0196800231933594 -0.0674209594726563
0.000782012939453126 -0.0182170867919922 -0.00526809692382812 -0.0634346008300781
0.00223636627197266 -0.0166416168212891 -0.0182533264160156 -0.0435714721679688
0.00598239898681641 -0.0164461135864258 -0.0267200469970703 -0.0287361145019531
0.0123291015625 -0.0123357772827148 -0.0310115814208984 -0.0229873657226562
0.0140419006347656 -0.00188159942626953 -0.03765869140625 -0.0123405456542969
0.0086822509765625 0.00917530059814453 -0.0392227172851562 -0.0108222961425781
-0.00683212280273437 0.00891304016113281 -0.0494804382324219 -0.0128974914550781
-0.00696039199829102 0.00262928009033203 -0.0650405883789063 0.00271606445312499
-0.000894546508789062 0.00750875473022461 -0.0688972473144531 0.0150604248046875
0.0345630645751953 0.0250110626220703 -0.0322723388671875 -0.0532951354980469
0.0277996063232422 0.00945472717285156 -0.00122451782226562 -0.0109004974365234
0.0230064392089844 0.008331298828125 0.0337409973144531 0.000909805297851563
0.0263252258300781 -0.000339508056640625 0.0524482727050781 -0.022216796875
0.0242271423339844 -0.0113658905029297 0.0428276062011719 -0.0424690246582031
0.0158729553222656 -0.0267753601074219 0.0194091796875 -0.0597877502441406
0.00228118896484375 -0.0357666015625 -0.00369644165039063 -0.0541915893554688
0.00185394287109375 -0.0342292785644531 -0.0168399810791016 -0.0331172943115234
0.00378799438476562 -0.0361404418945313 -0.0267276763916016 -0.01708984375
0.0128974914550781 -0.0331687927246094 -0.0349197387695313 -0.0126972198486328
0.0235652923583984 -0.0207157135009766 -0.041748046875 -0.00410842895507813
0.0245914459228516 -0.0065460205078125 -0.0418167114257812 -0.00594329833984376
0.0156564712524414 0.00567626953125 -0.0479965209960938 -0.0055389404296875
0.0186290740966797 0.00532722473144531 -0.0584869384765625 0.0108528137207031
0.0251407623291016 0.0126094818115234 -0.0627288818359375 0.0234260559082031
0.0549392700195313 0.0339126586914063 -0.0159759521484375 -0.0433273315429688
0.0496635437011719 0.0174407958984375 0.0143203735351563 -0.000700950622558593
0.0457496643066406 0.0123710632324219 0.0424385070800781 0.00785064697265625
0.0458946228027344 -0.00497055053710938 0.0568428039550781 -0.01666259765625
0.0372962951660156 -0.0214691162109375 0.0432586669921875 -0.0347518920898438
0.0223617553710938 -0.0400199890136719 0.018463134765625 -0.0481300354003906
0.00323104858398438 -0.0480537414550781 -0.00175094604492187 -0.0386543273925781
0.0011444091796875 -0.0460472106933594 -0.0131673812866211 -0.0172319412231445
0.000587463378906247 -0.0497360229492187 -0.0238418579101563 -0.000591278076171881
0.0105209350585938 -0.049163818359375 -0.0357627868652344 0.00267791748046874
0.0272483825683594 -0.0373268127441406 -0.0433540344238281 0.00911712646484375
0.0355567932128906 -0.023193359375 -0.0431556701660156 0.00153732299804686
0.0362319946289062 -0.00170516967773437 -0.0458106994628906 0.00113677978515626
0.0421829223632812 0.00515365600585937 -0.0468215942382813 0.0163993835449219
0.0467758178710938 0.015106201171875 -0.0483207702636719 0.0320320129394531
0.0676383972167969 0.0373191833496094 0.00465965270996094 -0.0312042236328125
0.0650253295898438 0.0221786499023438 0.0314540863037109 0.00940132141113281
0.0637168884277344 0.013275146484375 0.0498046875 0.0145111083984375
0.0597190856933594 -0.0111351013183594 0.0594673156738281 -0.00912094116210937
0.0451545715332031 -0.0303459167480469 0.0411720275878906 -0.0247268676757813
0.0242156982421875 -0.0488510131835938 0.0161266326904297 -0.0318164825439453
0.00300979614257812 -0.054351806640625 0.000597000122070313 -0.0201015472412109
-0.000389099121093751 -0.0517807006835938 -0.0076141357421875 0.00109672546386719
-0.00239944458007813 -0.0555877685546875 -0.0174903869628906 0.0175991058349609
0.00659942626953126 -0.05731201171875 -0.0323600769042969 0.0207061767578125
0.0277519226074219 -0.0483779907226562 -0.0414199829101563 0.0231208801269531
0.0402145385742187 -0.0364227294921875 -0.04248046875 0.0100555419921875
0.0511589050292969 -0.00932693481445313 -0.0405387878417969 0.00562286376953125
0.0594520568847656 0.00335693359375 -0.0309391021728516 0.0176219940185547
0.0613479614257813 0.0163688659667969 -0.0273818969726562 0.0401115417480469
0.0690803527832031 0.0344429016113281 0.0263328552246094 -0.0203113555908203
0.0712203979492188 0.0208969116210938 0.0473594665527344 0.0164833068847656
0.0704879760742187 0.009002685546875 0.0537834167480469 0.0186691284179687
0.0641746520996094 -0.0180702209472656 0.0570602416992188 -0.000988006591796876
0.044097900390625 -0.0364341735839844 0.036712646484375 -0.0117835998535156
0.0204391479492187 -0.051025390625 0.0139656066894531 -0.01373291015625
0.000267028808593755 -0.0515098571777344 0.00369548797607422 0.00049638748168945
-0.0016326904296875 -0.0488166809082031 -0.00114250183105469 0.0183944702148437
-0.00438690185546875 -0.0521316528320313 -0.00995635986328125 0.0353317260742188
0.00291442871093751 -0.0555191040039062 -0.0278091430664062 0.0371589660644531
0.0248374938964844 -0.0509910583496094 -0.0378799438476563 0.0354423522949219
0.0406074523925781 -0.0420188903808594 -0.0398483276367188 0.0168571472167969
0.057281494140625 -0.0129013061523437 -0.0342178344726562 0.00716781616210938
0.0677947998046875 0.00389480590820312 -0.0130157470703125 0.0173397064208984
0.0656242370605469 0.0175819396972656 -0.00449752807617187 0.04876708984375
0.0605926513671875 0.0250587463378906 0.0453262329101563 -0.0138931274414063
0.066619873046875 0.0147514343261719 0.0601539611816406 0.017669677734375
0.0659828186035156 0.00292587280273438 0.0547523498535156 0.017669677734375
0.0556221008300781 -0.0223197937011719 0.0515708923339844 0.0053863525390625
0.0348052978515625 -0.0367012023925781 0.0315837860107422 0.000293731689453123
0.0111351013183594 -0.044830322265625 0.0138425827026367 0.00433540344238281
-0.00350189208984375 -0.0410957336425781 0.00870323181152344 0.0175075531005859
-0.002685546875 -0.0384750366210938 0.00552177429199219 0.0335636138916016
-0.00471115112304687 -0.0418968200683594 -0.003662109375 0.0491867065429688
0.0011749267578125 -0.045013427734375 -0.0231742858886719 0.0504417419433594
0.0216064453125 -0.0437698364257813 -0.0347251892089844 0.0450935363769531
0.0373344421386719 -0.0376701354980469 -0.0370368957519531 0.0216522216796875
0.055877685546875 -0.0099945068359375 -0.0269565582275391 0.00789833068847656
0.063873291015625 0.00582504272460938 0.0046072006225586 0.0160694122314453
0.0594596862792969 0.0175933837890625 0.0175399780273438 0.0566749572753906
0.04315185546875 0.0142745971679688 0.0601921081542969 -0.0125961303710937
0.0519676208496094 0.006317138671875 0.0670852661132813 0.01214599609375
0.0508193969726563 -0.00502777099609375 0.0513420104980469 0.0145072937011719
0.0376014709472656 -0.0238151550292969 0.0451469421386719 0.0106697082519531
0.0174674987792969 -0.0316066741943359 0.0293712615966797 0.00929641723632812
-0.000356674194335936 -0.0300884246826172 0.0165443420410156 0.0176448822021484
-0.0064697265625 -0.0240287780761719 0.0154361724853516 0.0295543670654297
-0.00365066528320313 -0.0223350524902344 0.0112495422363281 0.0433998107910156
-0.00437355041503906 -0.0245418548583984 0.000648498535156246 0.0580520629882813
-0.000518798828125 -0.0282363891601562 -0.0223121643066406 0.0591812133789063
0.0156097412109375 -0.0299816131591797 -0.0341110229492188 0.0498542785644531
0.0290260314941406 -0.0272140502929688 -0.035614013671875 0.0244865417480469
0.0442047119140625 -0.00474166870117188 -0.02203369140625 0.00744819641113281
0.0489234924316406 0.0081787109375 0.0164909362792969 0.0176620483398438
0.0426177978515625 0.0159225463867188 0.0337867736816406 0.0647964477539063
0.0192279815673828 0.00236892700195313 0.0680809020996094 -0.0163497924804688
0.0302257537841797 -0.00123023986816406 0.0687179565429688 0.00384521484375
0.0283260345458984 -0.0105133056640625 0.0469589233398438 0.00983047485351563
0.0148963928222656 -0.0201530456542969 0.040985107421875 0.0138969421386719
-0.00035858154296875 -0.0197830200195313 0.0306758880615234 0.0136833190917969
-0.0112791061401367 -0.00966930389404297 0.0224208831787109 0.0234642028808594
-0.00753355026245117 -0.00246524810791016 0.0213699340820312 0.0327014923095703
-0.00404524803161621 -0.0031280517578125 0.0150947570800781 0.0458564758300781
-0.00433206558227539 -0.00444889068603516 0.00102615356445312 0.0614433288574219
-0.00466632843017578 -0.00904655456542969 -0.0232467651367188 0.06280517578125
0.00468730926513672 -0.0148429870605469 -0.0361175537109375 0.0511932373046875
0.0151338577270508 -0.0146102905273438 -0.0367240905761719 0.0264053344726563
0.0253753662109375 -0.000499725341796875 -0.0216636657714844 0.00785446166992188
0.0260505676269531 0.00589561462402344 0.0209255218505859 0.0194988250732422
0.0185585021972656 0.00853919982910156 0.0410957336425781 0.0701637268066406
0.0103883743286133 0.0164346694946289 -0.0429801940917969 -0.0605697631835938
0.0040435791015625 0.00215911865234375 -0.0117740631103516 -0.0164823532104492
0.00122213363647461 0.00497531890869141 0.0289802551269531 -0.00282096862792969
0.00764894485473633 0.00399208068847656 0.0487785339355469 -0.0267105102539062
0.0105075836181641 -0.00266361236572266 0.0421066284179687 -0.0492324829101562
0.00826835632324219 -0.0125398635864258 0.0192527770996094 -0.0691146850585937
0.000625610351562502 -0.0203609466552734 -0.00644302368164063 -0.0646438598632813
0.00182151794433594 -0.0195255279541016 -0.0188713073730469 -0.0435714721679688
0.00590133666992188 -0.0196075439453125 -0.028167724609375 -0.0273513793945313
0.0134658813476563 -0.0145835876464844 -0.0333080291748047 -0.0221920013427734
0.0161809921264648 -0.00254917144775391 -0.0408515930175781 -0.01153564453125
0.0107831954956055 0.00961399078369141 -0.0421371459960938 -0.0110511779785156
-0.00636482238769531 0.0109214782714844 -0.0527534484863281 -0.0133056640625
-0.00668954849243164 0.00524806976318359 -0.0665855407714844 0.00279235839843751
-3.33786010742197E-05 0.0100898742675781 -0.070648193359375 0.0173873901367188
0.0372848510742187 0.027191162109375 -0.0327072143554688 -0.0546760559082031
0.0294532775878906 0.00936508178710938 0.000719070434570314 -0.0101242065429688
0.0257129669189453 0.00786781311035156 0.0372085571289063 0.00120925903320313
0.0280380249023438 -0.00135612487792969 0.05487060546875 -0.02337646484375
0.0252208709716797 -0.0135517120361328 0.0445289611816406 -0.0434837341308594
0.0163516998291016 -0.0293178558349609 0.0198554992675781 -0.0607795715332031
0.001220703125 -0.038360595703125 -0.004241943359375 -0.0539779663085938
0.000335693359374998 -0.0369758605957031 -0.0170555114746094 -0.0320549011230469
0.003631591796875 -0.0391731262207031 -0.0277748107910156 -0.0146694183349609
0.0139541625976562 -0.0361366271972656 -0.0372161865234375 -0.0105743408203125
0.0256710052490234 -0.0224227905273438 -0.0443344116210938 -0.00213241577148438
0.0273780822753906 -0.00648880004882813 -0.0440559387207031 -0.00516128540039063
0.0171709060668945 0.00790977478027344 -0.0500564575195313 -0.00469207763671875
0.0195426940917969 0.00825881958007812 -0.0595741271972656 0.0120277404785156
0.0259742736816406 0.0148353576660156 -0.0639228820800781 0.0269279479980469
0.0578231811523438 0.0352554321289062 -0.01519775390625 -0.0440521240234375
0.0517768859863281 0.0173912048339844 0.0167808532714844 0.000135421752929689
0.0489311218261719 0.0115318298339844 0.0461997985839844 0.0083465576171875
0.0476837158203125 -0.00660324096679688 0.0600013732910156 -0.0167732238769531
0.0384445190429688 -0.0240325927734375 0.0453720092773438 -0.0350532531738281
0.0223617553710938 -0.0432395935058594 0.0193977355957031 -0.0482597351074219
0.00240325927734375 -0.0510368347167969 -0.00112152099609375 -0.03814697265625
0.0001678466796875 -0.048553466796875 -0.0129184722900391 -0.0157642364501953
-0.000511169433593749 -0.0524253845214844 -0.0234947204589844 0.00256156921386718
0.0104026794433594 -0.0519676208496094 -0.0376129150390625 0.00611114501953124
0.0292243957519531 -0.039947509765625 -0.0463638305664063 0.0118217468261719
0.0371017456054688 -0.0244178771972656 -0.0458221435546875 0.00346755981445311
0.0381813049316406 -0.000537872314453125 -0.0473594665527344 0.00222778320312499
0.0434684753417969 0.0066986083984375 -0.04742431640625 0.0184516906738281
0.0480995178222656 0.0164642333984375 -0.0488166809082031 0.0365791320800781
0.0700721740722656 0.0374374389648438 0.00625419616699219 -0.0314083099365234
0.0670089721679688 0.0213966369628906 0.0346450805664063 0.0111484527587891
0.0661735534667969 0.0120162963867188 0.0545463562011719 0.0158843994140625
0.0614967346191406 -0.0127449035644531 0.0626754760742188 -0.0089874267578125
0.0464057922363281 -0.0322151184082031 0.0436019897460938 -0.0238494873046875
0.0242424011230469 -0.0513076782226563 0.0177478790283203 -0.0312232971191406
0.00149917602539063 -0.0560150146484375 0.00180816650390625 -0.0186862945556641
-0.00139999389648438 -0.0532150268554687 -0.00704860687255859 0.00278759002685547
-0.00378799438476562 -0.0575981140136719 -0.0165634155273438 0.0213203430175781
0.00527191162109374 -0.059356689453125 -0.0338878631591797 0.0247936248779297
0.0276107788085938 -0.0504264831542969 -0.0433158874511719 0.0269813537597656
0.0413360595703125 -0.0384750366210938 -0.0449867248535156 0.0122032165527344
0.0520668029785156 -0.00991439819335938 -0.04278564453125 0.0070343017578125
0.0609054565429687 0.003570556640625 -0.0311965942382812 0.0205192565917969
0.0631103515625 0.0170059204101562 -0.0273208618164063 0.0455284118652344
0.0714492797851563 0.0334854125976562 0.0280265808105469 -0.0203704833984375
0.0723114013671875 0.0201568603515625 0.0507774353027344 0.0182723999023438
0.0732574462890625 0.00824737548828125 0.058380126953125 0.0207557678222656
0.0651626586914063 -0.0198402404785156 0.0607070922851563 -0.000186920166015626
0.0441551208496094 -0.0379714965820313 0.0394134521484375 -0.0111656188964844
0.0199851989746094 -0.0520668029785156 0.0164623260498047 -0.0124521255493164
-0.000484466552734373 -0.0522232055664063 0.00544881820678711 0.00183916091918945
-0.00241470336914063 -0.0494270324707031 0.000452041625976562 0.0212059020996094
-0.00532913208007813 -0.053558349609375 -0.00835418701171875 0.0392990112304688
0.00155258178710938 -0.0561332702636719 -0.0284996032714844 0.0416603088378906
0.0245552062988281 -0.0523338317871094 -0.0389556884765625 0.0398063659667969
0.0403518676757813 -0.0439338684082031 -0.0416297912597656 0.0197792053222656
0.0588836669921875 -0.0134963989257813 -0.0355110168457031 0.00896835327148437
0.0689926147460938 0.00278472900390625 -0.012542724609375 0.0194950103759766
0.0678901672363281 0.0167808532714844 -0.00363922119140625 0.0539093017578125
0.0620460510253906 0.02490234375 0.0471115112304688 -0.0135116577148437
0.0670051574707031 0.0135993957519531 0.0632553100585938 0.0197601318359375
0.0678291320800781 0.00098419189453125 0.0587348937988281 0.0201225280761719
0.0564117431640625 -0.0245552062988281 0.0548439025878906 0.0063323974609375
0.0334663391113281 -0.03753662109375 0.0350608825683594 0.000244140624999998
0.0106430053710937 -0.0448989868164063 0.0162115097045898 0.00554370880126953
-0.00410842895507813 -0.0408706665039063 0.0107364654541016 0.0186328887939453
-0.0033721923828125 -0.0381660461425781 0.00660324096679687 0.035858154296875
-0.00559234619140625 -0.0416374206542969 -0.00220108032226563 0.0533447265625
-0.000152587890625 -0.0449256896972656 -0.023681640625 0.055267333984375
0.0199737548828125 -0.0443267822265625 -0.0361862182617187 0.0494041442871094
0.0367012023925781 -0.0390243530273438 -0.0387535095214844 0.0247154235839844
0.055816650390625 -0.01141357421875 -0.0280551910400391 0.00887870788574219
0.0648345947265625 0.00417709350585938 0.00520133972167969 0.0178012847900391
0.0603179931640625 0.0164260864257813 0.0185432434082031 0.0619430541992188
0.0437698364257813 0.0120391845703125 0.0614776611328125 -0.01275634765625
0.0514755249023438 0.00468826293945313 0.0694694519042969 0.0135841369628906
0.0512771606445312 -0.00717544555664063 0.0551300048828125 0.0159912109375
0.0369949340820313 -0.0257720947265625 0.0485725402832031 0.0115470886230469
0.0156383514404297 -0.0319156646728516 0.0324764251708984 0.00968170166015625
-0.00172615051269532 -0.0285282135009766 0.0197849273681641 0.0180397033691406
-0.00692176818847656 -0.0221881866455078 0.0165081024169922 0.0305385589599609
-0.004608154296875 -0.020599365234375 0.0127220153808594 0.0443878173828125
-0.00490760803222656 -0.0231094360351563 0.0018310546875 0.0617446899414062
-0.00174522399902344 -0.0264358520507813 -0.0217857360839844 0.063446044921875
0.0138378143310547 -0.0297298431396484 -0.0347747802734375 0.0537681579589844
0.0273170471191406 -0.0280323028564453 -0.0372657775878906 0.0277481079101562
0.0439872741699219 -0.00494384765625 -0.0232658386230469 0.00937461853027344
0.0488395690917969 0.00640106201171875 0.0173854827880859 0.0187397003173828
0.042724609375 0.013641357421875 0.0346145629882813 0.069061279296875
0.0188522338867188 0.000759124755859375 0.0689201354980469 -0.0181312561035156
0.0296993255615234 -0.00334739685058594 0.0710525512695313 0.00411224365234375
0.0279617309570313 -0.0130958557128906 0.0503120422363281 0.0105171203613281
0.0136337280273438 -0.0215377807617187 0.0441513061523438 0.0138931274414062
-0.00313186645507813 -0.0192813873291016 0.0329914093017578 0.0134487152099609
-0.0118694305419922 -0.00719165802001953 0.0254116058349609 0.0222759246826172
-0.0077977180480957 0.000373840332031249 0.0229034423828125 0.0333194732666016
-0.00450849533081055 -0.000690460205078124 0.0162429809570312 0.0468292236328125
-0.00409460067749023 -0.00128436088562012 0.00307083129882812 0.0636215209960938
-0.00507688522338867 -0.00620555877685547 -0.0237083435058594 0.0658798217773437
0.00321102142333984 -0.0133647918701172 -0.0367584228515625 0.0537452697753906
0.0138826370239258 -0.0151567459106445 -0.0378036499023438 0.0283699035644531
0.0242481231689453 -0.00145721435546875 -0.0229358673095703 0.00889015197753906
0.0248317718505859 0.00432205200195313 0.0208320617675781 0.0198974609375
0.0180301666259766 0.00675201416015625 0.0424423217773438 0.0736465454101562
0.0137863159179687 0.0192680358886719 -0.0454788208007812 -0.0619239807128906
0.00646400451660156 0.00282382965087891 -0.0110111236572266 -0.017059326171875
0.00329065322875977 0.00476980209350586 0.0311298370361328 -0.00464248657226563
0.00956916809082031 0.00262451171875 0.0501136779785156 -0.0297355651855469
0.0115575790405273 -0.00490760803222656 0.0419120788574219 -0.0521926879882812
0.00788593292236328 -0.0159845352172852 0.0166549682617188 -0.071075439453125
-0.00133514404296875 -0.0232219696044922 -0.00893783569335937 -0.0656471252441406
-0.000110626220703124 -0.0219364166259766 -0.0212020874023438 -0.0428886413574219
0.00495719909667969 -0.023712158203125 -0.0299320220947266 -0.0253620147705078
0.0140953063964844 -0.0185108184814453 -0.036865234375 -0.0194778442382813
0.0184440612792969 -0.00425338745117188 -0.0435638427734375 -0.00911712646484376
0.013972282409668 0.00954627990722656 -0.0455055236816406 -0.009765625
-0.00426101684570313 0.0141944885253906 -0.0560951232910156 -0.0114555358886719
-0.0055546760559082 0.00869131088256836 -0.0689697265625 0.0052032470703125
0.00106525421142578 0.0133857727050781 -0.0711669921875 0.0216064453125
0.0411376953125 0.0287704467773437 -0.0333938598632813 -0.0549087524414063
0.0329608917236328 0.0088043212890625 0.0028219223022461 -0.0102739334106445
0.0284042358398438 0.00650405883789063 0.0403327941894531 -0.000110626220703125
0.0299320220947266 -0.00386810302734375 0.0567131042480469 -0.0256843566894531
0.0255260467529297 -0.0163803100585938 0.0450172424316406 -0.0455856323242187
0.0150661468505859 -0.0331439971923828 0.0192375183105469 -0.0619621276855469
-0.00124740600585937 -0.0411491394042969 -0.00576019287109375 -0.0535430908203125
-0.0019073486328125 -0.0392951965332031 -0.0181636810302734 -0.0306816101074219
0.00112533569335937 -0.0429649353027344 -0.0286521911621094 -0.0114288330078125
0.0135498046875 -0.0394134521484375 -0.0399894714355469 -0.00669097900390625
0.0274734497070313 -0.0248031616210938 -0.0476341247558594 0.00183486938476562
0.0299148559570313 -0.00786590576171875 -0.0468406677246094 -0.00263977050781251
0.0202617645263672 0.00958442687988281 -0.0530891418457031 -0.00300979614257813
0.0212135314941406 0.0104236602783203 -0.0603065490722656 0.0150299072265625
0.0283107757568359 0.01715087890625 -0.0634574890136719 0.0321693420410156
0.0619544982910156 0.0349655151367187 -0.0158576965332031 -0.0442657470703125
0.0552825927734375 0.0159111022949219 0.0201740264892578 0.000913619995117188
0.0521583557128906 0.00931549072265625 0.0511627197265625 0.00729751586914063
0.049591064453125 -0.009735107421875 0.0635299682617188 -0.0191459655761719
0.0382957458496094 -0.0267715454101562 0.0467910766601563 -0.0373382568359375
0.0211524963378906 -0.0465354919433594 0.0194854736328125 -0.0483589172363281
-0.000965118408203121 -0.0536003112792969 -0.00118637084960938 -0.0373420715332031
-0.00276565551757813 -0.0509376525878906 -0.0126981735229492 -0.0133266448974609
-0.00306320190429687 -0.055694580078125 -0.0228805541992187 0.00703048706054687
0.00860977172851562 -0.0552444458007813 -0.0392837524414063 0.0112342834472656
0.0296592712402344 -0.0431747436523438 -0.0480461120605469 0.0171089172363281
0.0389823913574219 -0.0263633728027344 -0.0481529235839844 0.00659561157226562
0.0401954650878906 -0.000118255615234375 -0.0495185852050781 0.00515365600585939
0.0455322265625 0.00723648071289062 -0.0473289489746094 0.0223808288574219
0.0503997802734375 0.0174636840820313 -0.0471611022949219 0.0426025390625
0.0736618041992188 0.0362701416015625 0.00677680969238282 -0.031036376953125
0.070037841796875 0.01934814453125 0.0385398864746094 0.0117950439453125
0.0697975158691406 0.00933837890625 0.0598526000976563 0.0157814025878906
0.06304931640625 -0.0166091918945313 0.0663223266601563 -0.0107879638671875
0.0451889038085938 -0.0353851318359375 0.0456314086914063 -0.0255775451660156
0.0229606628417969 -0.05364990234375 0.0192832946777344 -0.0307769775390625
-0.000972747802734371 -0.0572242736816406 0.00239944458007812 -0.0177993774414063
-0.00429153442382813 -0.0548591613769531 -0.00516033172607422 0.00523042678833007
-0.00629806518554688 -0.0590744018554688 -0.0149288177490234 0.0261802673339844
0.00310134887695312 -0.0613861083984375 -0.0339450836181641 0.0305633544921875
0.0269203186035156 -0.0532722473144531 -0.0447731018066406 0.0327720642089844
0.041229248046875 -0.0410118103027344 -0.0471000671386719 0.0168342590332031
0.0540657043457031 -0.01068115234375 -0.0443649291992187 0.0102882385253906
0.0629615783691406 0.00311279296875 -0.0303115844726562 0.0235729217529297
0.0657577514648438 0.0160179138183594 -0.0255012512207031 0.0515251159667969
0.0735015869140625 0.0314407348632813 0.0294265747070313 -0.0208377838134766
0.07379150390625 0.0181121826171875 0.0552558898925781 0.0185356140136719
0.0754928588867188 0.0055694580078125 0.0643844604492188 0.0201263427734375
0.0652580261230469 -0.0226974487304688 0.0645484924316406 -0.00160598754882813
0.0429267883300781 -0.0403404235839844 0.0421524047851563 -0.011993408203125
0.0181922912597656 -0.0541763305664063 0.0189437866210938 -0.0119380950927734
-0.00293350219726563 -0.0522727966308594 0.00732135772705078 0.00283432006835937
-0.00506591796874999 -0.0492019653320313 0.00244712829589843 0.0232486724853516
-0.00792312622070313 -0.0537300109863281 -0.00563430786132812 0.0436515808105469
-0.000789642333984369 -0.0569610595703125 -0.0272178649902344 0.0479583740234375
0.0223503112792969 -0.0541343688964844 -0.0398025512695313 0.0456962585449219
0.0394859313964844 -0.0463523864746094 -0.0430030822753906 0.0244064331054687
0.0589942932128906 -0.0161170959472656 -0.0365753173828125 0.0122108459472656
0.0701713562011719 0.000110626220703125 -0.0112075805664062 0.0221309661865234
0.0692481994628906 0.0147438049316406 -0.000698089599609374 0.0595436096191406
0.0634117126464844 0.0216941833496094 0.0486793518066406 -0.0141334533691406
0.0675735473632813 0.0107955932617188 0.0670967102050781 0.0195884704589844
0.0693359375 -0.00234603881835938 0.0637626647949219 0.0202827453613281
0.0557518005371094 -0.0266151428222656 0.0591201782226563 0.00610733032226562
0.0313644409179688 -0.040008544921875 0.038421630859375 0.000415802001953123
0.00863265991210938 -0.0442352294921875 0.0190887451171875 0.00550079345703125
-0.00563430786132813 -0.039306640625 0.0127964019775391 0.0205764770507812
-0.0051422119140625 -0.0371437072753906 0.0099639892578125 0.0382919311523438
-0.006866455078125 -0.0400886535644531 0.00176620483398438 0.0572662353515625
-0.00217819213867188 -0.0442695617675781 -0.0214500427246094 0.0607261657714844
0.0178070068359375 -0.0449256896972656 -0.0351181030273437 0.0547142028808594
0.0344161987304688 -0.0413169860839844 -0.0395622253417969 0.0292778015136719
0.0557632446289063 -0.0140800476074219 -0.0291080474853516 0.0115451812744141
0.06536865234375 0.00127410888671875 0.00638580322265625 0.0198497772216797
0.0614700317382813 0.0138282775878906 0.0220489501953125 0.0656509399414063
0.043792724609375 0.00883865356445313 0.0631332397460937 -0.0142936706542969
0.0508499145507813 0.00139617919921875 0.0733718872070313 0.0128631591796875
0.0511703491210938 -0.0104103088378906 0.0600166320800781 0.0163040161132813
0.0354080200195313 -0.0272750854492188 0.0526123046875 0.0109405517578125
0.0131092071533203 -0.0318603515625 0.0354995727539063 0.0093536376953125
-0.00292396545410156 -0.02703857421875 0.0229396820068359 0.0175914764404297
-0.00710296630859375 -0.0192985534667969 0.0195522308349609 0.0309028625488281
-0.00452041625976563 -0.0187644958496094 0.0157470703125 0.0460472106933594
-0.00511741638183594 -0.0208854675292969 0.00612258911132813 0.0649833679199219
-0.00299453735351563 -0.0243759155273438 -0.0196113586425781 0.0689468383789063
0.0114288330078125 -0.0290145874023438 -0.0337181091308594 0.0590057373046875
0.0255203247070312 -0.0288066864013672 -0.037445068359375 0.0311927795410156
0.0430831909179688 -0.00786590576171875 -0.0244026184082031 0.0108833312988281
0.0484619140625 0.00307083129882813 0.0184097290039063 0.0194110870361328
0.0425529479980469 0.0103302001953125 0.0383682250976562 0.0726852416992188
0.0176181793212891 -0.00200462341308594 0.0699310302734375 -0.0203895568847656
0.0282001495361328 -0.00600242614746094 0.0728836059570312 0.00321197509765625
0.0268363952636719 -0.0160236358642578 0.0537452697753906 0.0101585388183594
0.0108299255371094 -0.0228767395019531 0.0482444763183594 0.0134544372558594
-0.00615882873535156 -0.0180397033691406 0.0363273620605469 0.0123519897460938
-0.0126171112060547 -0.00405597686767578 0.02880859375 0.0214939117431641
-0.00719928741455078 0.0035395622253418 0.0251789093017578 0.0323963165283203
-0.00364613533020019 0.00158905982971191 0.0188026428222656 0.046722412109375
-0.00321102142333984 0.00107502937316895 0.00646591186523437 0.0660209655761719
-0.00505208969116211 -0.00343561172485352 -0.0211639404296875 0.0702743530273438
0.00148868560791016 -0.0112619400024414 -0.0354652404785156 0.0584030151367188
0.0109996795654297 -0.0150547027587891 -0.0384559631347656 0.0317153930664063
0.0234298706054688 -0.00262451171875 -0.0239295959472656 0.01007080078125
0.0233402252197266 0.0020599365234375 0.0214023590087891 0.0202465057373047
0.0168485641479492 0.00380802154541016 0.0458602905273437 0.0763015747070312
0.0179347991943359 0.0210323333740234 -0.0473976135253906 -0.0615386962890625
0.00958824157714844 0.00257682800292969 -0.00948524475097656 -0.0165252685546875
0.00624227523803711 0.00322580337524414 0.0331478118896484 -0.0069580078125
0.011479377746582 0.000458717346191406 0.049774169921875 -0.0326957702636719
0.0121650695800781 -0.00803279876708984 0.0394287109375 -0.0540657043457031
0.00632095336914063 -0.0193214416503906 0.0132369995117187 -0.0720062255859375
-0.00464630126953125 -0.0257472991943359 -0.0121498107910156 -0.0648422241210937
-0.00336074829101563 -0.0243415832519531 -0.0224952697753906 -0.040771484375
0.00233078002929688 -0.0277843475341797 -0.0310001373291016 -0.0218715667724609
0.0133857727050781 -0.0221405029296875 -0.0386199951171875 -0.0156440734863281
0.0207977294921875 -0.00779533386230469 -0.0459976196289063 -0.00502777099609375
0.01739501953125 0.00789928436279297 -0.048065185546875 -0.00666427612304688
-0.00107860565185547 0.0163660049438477 -0.0579376220703125 -0.00878143310546874
-0.00265884399414062 0.0125303268432617 -0.068695068359375 0.00787353515625
0.00404644012451172 0.0169916152954102 -0.0689544677734375 0.0265617370605469
0.0451164245605469 0.0284805297851562 -0.0345039367675781 -0.0541496276855469
0.0350246429443359 0.00761985778808594 0.00496673583984375 -0.0104513168334961
0.0309810638427734 0.00432586669921875 0.043212890625 -0.00262451171875
0.0308341979980469 -0.00722503662109375 0.0575942993164063 -0.0291633605957031
0.0250053405761719 -0.0198955535888672 0.043914794921875 -0.0478363037109375
0.0121421813964844 -0.0366249084472656 0.0168228149414063 -0.0618515014648438
-0.00550079345703125 -0.0429763793945313 -0.0069427490234375 -0.0529975891113281
-0.00590133666992188 -0.0410957336425781 -0.0182361602783203 -0.0277233123779297
-0.0023651123046875 -0.0460891723632813 -0.02764892578125 -0.00737571716308594
0.0115165710449219 -0.0432052612304688 -0.0405616760253906 -0.00140380859375001
0.0280132293701172 -0.0281791687011719 -0.0484848022460938 0.00728225708007812
0.0320243835449219 -0.009765625 -0.0492744445800781 0.0016326904296875
0.022979736328125 0.0107460021972656 -0.0544281005859375 0.000652313232421884
0.0241241455078125 0.0128936767578125 -0.0596580505371094 0.0187644958496094
0.0301914215087891 0.0184383392333984 -0.0597038269042969 0.0381050109863281
0.0654640197753906 0.0335731506347656 -0.0149879455566406 -0.0431137084960938
0.056671142578125 0.0133285522460938 0.0233669281005859 0.000436782836914063
0.0540351867675781 0.0060272216796875 0.0552215576171875 0.0049285888671875
0.0493125915527344 -0.0137519836425781 0.064971923828125 -0.0225372314453125
0.0371246337890625 -0.0300216674804687 0.0470848083496094 -0.0389022827148438
0.0176239013671875 -0.0491371154785156 0.0193405151367188 -0.0482711791992188
-0.00458526611328125 -0.0544319152832031 -0.00161361694335938 -0.0359001159667969
-0.00650405883789063 -0.0516777038574219 -0.0108766555786133 -0.0104894638061523
-0.00743484497070313 -0.0575332641601563 -0.0207061767578125 0.0110416412353516
0.00568389892578125 -0.0571174621582031 -0.0379638671875 0.017181396484375
0.0285530090332031 -0.0456047058105469 -0.0477294921875 0.022918701171875
0.0396041870117188 -0.0291061401367188 -0.0495872497558594 0.011749267578125
0.0420341491699219 -0.000148773193359375 -0.049957275390625 0.00925064086914063
0.0471572875976563 0.00800323486328125 -0.0450630187988281 0.0253486633300781
0.0523414611816406 0.0169143676757813 -0.0431594848632813 0.0482406616210937
0.0756301879882813 0.0335693359375 0.00732421875000001 -0.0305423736572266
0.07073974609375 0.015716552734375 0.0424957275390625 0.0117416381835938
0.07061767578125 0.00506591796875 0.0637931823730469 0.0130805969238281
0.0621528625488281 -0.019989013671875 0.0693778991699219 -0.0136604309082031
0.0429573059082031 -0.0381317138671875 0.046661376953125 -0.0267982482910156
0.0193214416503906 -0.0557327270507813 0.0205345153808594 -0.0307197570800781
-0.0046234130859375 -0.057037353515625 0.00365924835205078 -0.0161838531494141
-0.00748443603515626 -0.0542755126953125 -0.00265264511108399 0.00781154632568359
-0.0103263854980469 -0.0594482421875 -0.0110702514648438 0.030364990234375
-0.000270843505859369 -0.0611114501953125 -0.0313758850097656 0.0366706848144531
0.0247001647949219 -0.0551223754882813 -0.0429153442382813 0.039459228515625
0.0395736694335937 -0.0430870056152344 -0.0466499328613281 0.0220222473144531
0.0544357299804688 -0.0123329162597656 -0.0440788269042969 0.0147552490234375
0.0635643005371094 0.00092315673828125 -0.0276432037353516 0.02728271484375
0.0661354064941406 0.0137367248535156 -0.0206565856933594 0.0570068359375
0.0746078491210938 0.0275192260742188 0.0298824310302734 -0.0208473205566406
0.0733642578125 0.01397705078125 0.0598602294921875 0.0178260803222656
0.0761871337890625 0.0008392333984375 0.0687217712402344 0.0180740356445313
0.0637168884277344 -0.0256996154785156 0.067779541015625 -0.00379180908203125
0.0395698547363281 -0.0418739318847656 0.0443077087402344 -0.0133094787597656
0.0154190063476562 -0.0540237426757812 0.0207653045654297 -0.0118923187255859
-0.00551986694335938 -0.0514717102050781 0.00996208190917969 0.0038003921508789
-0.00751113891601562 -0.0478515625 0.00609970092773437 0.0258102416992187
-0.010833740234375 -0.0522193908691406 -0.0002899169921875 0.0473365783691406
-0.00388717651367188 -0.0557403564453125 -0.0236091613769531 0.0535697937011719
0.019195556640625 -0.0550041198730469 -0.0371170043945313 0.0517387390136719
0.0364189147949219 -0.0478935241699219 -0.0421829223632812 0.0302162170410156
0.0580711364746094 -0.0187034606933594 -0.0362319946289062 0.0163764953613281
0.0697860717773438 -0.00322341918945313 -0.00917243957519531 0.0245609283447266
0.0690345764160156 0.0117950439453125 0.00431442260742188 0.0635871887207031
0.0630455017089844 0.0181083679199219 0.0489921569824219 -0.0147361755371094
0.0653419494628906 0.00641250610351562 0.0708541870117187 0.0178985595703125
0.0688400268554688 -0.00618743896484375 0.0683822631835938 0.0183525085449219
0.0524673461914063 -0.029205322265625 0.0627632141113281 0.00390625
0.0277633666992188 -0.0392608642578125 0.0405845642089844 -0.00134658813476563
0.00673294067382813 -0.0430679321289063 0.0223522186279297 0.00516319274902343
-0.00714874267578125 -0.0369606018066406 0.0157890319824219 0.0202465057373047
-0.00685310363769531 -0.0346603393554688 0.0137939453125 0.0389480590820313
-0.00854873657226563 -0.0377273559570313 0.00756454467773437 0.0597305297851563
-0.004547119140625 -0.0414810180664063 -0.017120361328125 0.0656814575195313
0.0148086547851563 -0.0442276000976563 -0.0317611694335937 0.06005859375
0.0303077697753906 -0.0414009094238281 -0.0380592346191406 0.0340843200683594
0.0531387329101563 -0.0164985656738281 -0.0287666320800781 0.0151996612548828
0.0632209777832031 -0.0024566650390625 0.00811767578125001 0.0213222503662109
0.0605354309082031 0.00944137573242188 0.0270462036132813 0.0688705444335938
0.0422286987304687 0.005157470703125 0.0615692138671875 -0.0162239074707031
0.0489768981933594 -0.0022430419921875 0.0756301879882813 0.0114364624023438
0.0489845275878906 -0.0140762329101563 0.0633087158203125 0.014251708984375
0.0310268402099609 -0.0285129547119141 0.056060791015625 0.00934982299804687
0.00933456420898438 -0.0302543640136719 0.0380439758300781 0.00726699829101562
-0.00397491455078125 -0.0242481231689453 0.0259456634521484 0.0157756805419922
-0.00690460205078125 -0.0162525177001953 0.0216312408447266 0.0298213958740234
-0.00446701049804687 -0.0155344009399414 0.0190811157226562 0.0463371276855469
-0.00507354736328125 -0.0180377960205078 0.0114974975585937 0.0660629272460938
-0.00365447998046875 -0.0212478637695312 -0.0150222778320313 0.0725021362304688
0.008514404296875 -0.0270519256591797 -0.0300331115722656 0.0631217956542969
0.0210113525390625 -0.0283927917480469 -0.0357894897460938 0.0353355407714844
0.0400772094726563 -0.010162353515625 -0.0244274139404297 0.0137577056884766
0.045318603515625 -2.6702880859375E-05 0.0196952819824219 0.0197715759277344
0.0404472351074219 0.00670242309570313 0.042633056640625 0.0736007690429688
0.016016960144043 -0.00534725189208984 0.0677642822265625 -0.023345947265625
0.0255527496337891 -0.00932884216308594 0.074005126953125 0.000648498535156249
0.0236015319824219 -0.0188484191894531 0.0563468933105469 0.0084381103515625
0.00672721862792969 -0.0229129791259766 0.0513725280761719 0.0115699768066406
-0.0100030899047852 -0.0151033401489258 0.0389251708984375 0.0094451904296875
-0.0128927230834961 -6.58035278320286E-05 0.0309257507324219 0.0184268951416016
-0.00508737564086914 0.00701570510864258 0.0267353057861328 0.0302963256835938
-0.00186061859130859 0.0056452751159668 0.0219001770019531 0.0457420349121094
-0.00137090682983398 0.00454521179199219 0.0105514526367187 0.0666656494140625
-0.00477504730224609 0.000351905822753906 -0.01678466796875 0.0731658935546875
-0.000358104705810548 -0.00836515426635742 -0.0326194763183594 0.0623931884765625
0.008453369140625 -0.01318359375 -0.0375251770019531 0.0355758666992187
0.0202426910400391 -0.00371932983398438 -0.0246696472167969 0.0129661560058594
0.0200920104980469 -8.0108642578125E-05 0.0211448669433594 0.0196590423583984
0.0141630172729492 0.000749588012695312 0.0495986938476563 0.076202392578125
0.0221729278564453 0.0217933654785156 -0.0474739074707031 -0.059417724609375
0.0119047164916992 0.00232505798339844 -0.00759124755859375 -0.017277717590332
0.00851249694824219 0.00183582305908203 0.0335903167724609 -0.00934410095214844
0.0124855041503906 -0.00235271453857422 0.0479812622070313 -0.0349464416503906
0.0114154815673828 -0.0109615325927734 0.036376953125 -0.0546493530273437
0.00397872924804688 -0.0221576690673828 0.0105743408203125 -0.0699501037597656
-0.00810813903808593 -0.0265007019042969 -0.0139923095703125 -0.0619316101074219
-0.00623321533203125 -0.0256595611572266 -0.022735595703125 -0.0379486083984375
-0.00162506103515625 -0.0300369262695312 -0.0300483703613281 -0.0185432434082031
0.0115604400634766 -0.0254974365234375 -0.0385513305664063 -0.0109939575195312
0.0212802886962891 -0.0112285614013672 -0.0457420349121094 -0.000839233398437495
0.0201950073242188 0.00590896606445313 -0.0483512878417969 -0.0039520263671875
0.00314521789550781 0.0176162719726563 -0.0581207275390625 -0.00667190551757812
0.0011453628540039 0.014979362487793 -0.0667266845703125 0.00943756103515626
0.00720787048339843 0.0195026397705078 -0.0644683837890625 0.0285530090332031
0.0481796264648438 0.0276908874511719 -0.03302001953125 -0.051666259765625
0.0369644165039062 0.00545883178710938 0.00757026672363282 -0.0110931396484375
0.0319728851318359 0.001739501953125 0.0440254211425781 -0.00525665283203125
0.0305900573730469 -0.0102424621582031 0.0561332702636719 -0.0309486389160156
0.0231246948242188 -0.0228366851806641 0.0416831970214844 -0.0479278564453125
0.00934219360351563 -0.038360595703125 0.0158309936523438 -0.0602607727050781
-0.00888824462890625 -0.043212890625 -0.00782012939453124 -0.0501289367675781
-0.00925445556640625 -0.0412178039550781 -0.0168113708496094 -0.0244979858398438
-0.00653076171875 -0.0472984313964844 -0.0258693695068359 -0.00378227233886719
0.00932693481445312 -0.0452384948730469 -0.0390968322753906 0.00334167480468751
0.0279579162597656 -0.0311527252197266 -0.0476570129394531 0.0116233825683594
0.0339794158935547 -0.0118026733398438 -0.0486831665039063 0.00527954101562499
0.0260486602783203 0.0120124816894531 -0.0541152954101563 0.00329971313476563
0.0264225006103516 0.0142669677734375 -0.0558586120605469 0.0207481384277344
0.0320301055908203 0.0200901031494141 -0.0545196533203125 0.0409622192382813
0.0662422180175781 0.0313148498535156 -0.0137214660644531 -0.0415153503417969
0.0564918518066406 0.0103645324707031 0.0261898040771484 -0.000349044799804687
0.0542449951171875 0.002410888671875 0.0568046569824219 0.00244522094726563
0.0479698181152344 -0.0164604187011719 0.0650787353515625 -0.0242958068847656
0.0340538024902344 -0.0323810577392578 0.0457038879394531 -0.0391578674316406
0.0141067504882813 -0.0502128601074219 0.0197715759277344 -0.0463905334472656
-0.008148193359375 -0.0535659790039062 -0.00102806091308594 -0.0341835021972656
-0.00970840454101563 -0.0503921508789063 -0.00860023498535156 -0.00800657272338868
-0.0105857849121094 -0.0571708679199219 -0.0167064666748047 0.0146484375
0.0029296875 -0.0573539733886719 -0.0353050231933594 0.0224418640136719
0.0273590087890625 -0.0470809936523438 -0.045135498046875 0.0282707214355469
0.0389251708984375 -0.0304450988769531 -0.0479812622070313 0.0162277221679688
0.0435562133789063 -0.000213623046875 -0.0489234924316406 0.0122337341308594
0.0478477478027344 0.00820541381835938 -0.0420913696289063 0.0276222229003906
0.0521507263183594 0.0175094604492188 -0.0374412536621094 0.0514335632324219
0.074676513671875 0.0305862426757813 0.00835418701171876 -0.0293636322021484
0.0689773559570313 0.0130958557128906 0.0455093383789063 0.00969314575195313
0.0693092346191406 0.00127410888671875 0.0667800903320313 0.0100326538085937
0.0596961975097656 -0.0228195190429688 0.069732666015625 -0.0156593322753906
0.039337158203125 -0.0386619567871094 0.047393798828125 -0.0275535583496094
0.0156517028808594 -0.0549278259277344 0.0217247009277344 -0.0302639007568359
-0.006866455078125 -0.0552749633789063 0.00569248199462891 -0.014063835144043
-0.00985336303710938 -0.0517616271972656 0.000413894653320312 0.00987052917480468
-0.0128173828125 -0.0578575134277344 -0.0056304931640625 0.0326004028320312
-0.00244140625000001 -0.0598220825195312 -0.0272331237792969 0.041473388671875
0.0219268798828125 -0.0548248291015625 -0.0391960144042969 0.0439262390136719
0.0380287170410156 -0.0436363220214844 -0.0446243286132813 0.0266304016113281
0.0531463623046875 -0.0127105712890625 -0.0427970886230469 0.0177993774414062
0.0619316101074219 -0.000164031982421875 -0.0244197845458984 0.0286407470703125
0.0641059875488281 0.0130157470703125 -0.0152206420898438 0.0600166320800781
0.072418212890625 0.0244369506835938 0.0306663513183594 -0.0201053619384766
0.0704727172851562 0.010711669921875 0.0617828369140625 0.0168228149414062
0.0736465454101562 -0.0021209716796875 0.0713272094726563 0.0153732299804688
0.0605392456054687 -0.0271186828613281 0.0696792602539063 -0.00634002685546875
0.0359115600585938 -0.0411643981933594 0.04541015625 -0.0148544311523438
0.0130577087402344 -0.0523796081542969 0.0233383178710938 -0.0116519927978516
-0.00696563720703125 -0.0482139587402344 0.0122089385986328 0.0046396255493164
-0.00898361206054687 -0.0448837280273438 0.00968742370605468 0.0264892578125
-0.0120429992675781 -0.0501213073730469 0.00492095947265624 0.0479393005371094
-0.00508499145507813 -0.0523185729980469 -0.0183258056640625 0.0571327209472656
0.0161514282226563 -0.0527229309082031 -0.0320243835449219 0.055755615234375
0.0330467224121094 -0.0469856262207031 -0.0395431518554688 0.0336189270019531
0.0560493469238281 -0.0192070007324219 -0.0344505310058594 0.0191326141357422
0.0662155151367187 -0.00476455688476562 -0.00601959228515624 0.0262317657470703
0.0659980773925781 0.00921630859375 0.00897598266601562 0.0652923583984375
0.0598220825195312 0.0142860412597656 0.0484199523925781 -0.0144462585449219
0.0613479614257812 0.00420761108398438 0.0717391967773438 0.017120361328125
0.0643768310546875 -0.00909423828125 0.0701103210449219 0.0165863037109375
0.048675537109375 -0.02935791015625 0.063995361328125 0.00185012817382812
0.0244216918945313 -0.03692626953125 0.0418815612792969 -0.00237274169921875
0.0047607421875 -0.0405235290527344 0.0244216918945313 0.00406455993652343
-0.00642585754394532 -0.0336456298828125 0.018585205078125 0.0192775726318359
-0.00602912902832032 -0.0309829711914063 0.0170974731445312 0.0385246276855469
-0.0083465576171875 -0.0343761444091797 0.0127754211425781 0.0594367980957031
-0.00474166870117187 -0.0368919372558594 -0.0122108459472656 0.0676841735839844
0.0120582580566406 -0.0409011840820312 -0.0265159606933594 0.0631217956542969
0.0265655517578125 -0.0401115417480469 -0.0350112915039062 0.0373611450195313
0.0497779846191406 -0.0173568725585937 -0.0273475646972656 0.0176219940185547
0.0590019226074219 -0.00448989868164063 0.00974082946777344 0.0215663909912109
0.05633544921875 0.00674057006835938 0.0304832458496094 0.0701332092285156
0.0386734008789063 0.00210952758789063 0.0600967407226563 -0.0165901184082031
0.0432472229003906 -0.0048065185546875 0.0751800537109375 0.0102310180664063
0.044464111328125 -0.0161361694335938 0.0644111633300781 0.0129165649414062
0.0278835296630859 -0.0278282165527344 0.0580062866210938 0.00726699829101562
0.00686454772949219 -0.0266933441162109 0.03948974609375 0.0048065185546875
-0.00396728515625 -0.0205192565917969 0.0272197723388672 0.0137176513671875
-0.00482845306396484 -0.0127649307250977 0.0237407684326172 0.0279483795166016
-0.00316810607910156 -0.0125360488891602 0.0222396850585938 0.0446929931640625
-0.00340652465820312 -0.0143108367919922 0.0155296325683594 0.0651664733886719
-0.00283527374267578 -0.0167779922485352 -0.0101470947265625 0.0740203857421875
0.00635337829589844 -0.0229549407958984 -0.0256843566894531 0.0649223327636719
0.0179252624511719 -0.0261707305908203 -0.0331687927246094 0.0381011962890625
0.0360031127929687 -0.0102500915527344 -0.0230579376220703 0.0165176391601562
0.0406913757324219 -0.001953125 0.0198554992675781 0.0197086334228516
0.0365676879882813 0.00342178344726562 0.0458984375 0.0734939575195313
0.0120277404785156 -0.00746726989746094 0.0644264221191406 -0.0245361328125
0.0208930969238281 -0.0118255615234375 0.0727157592773438 -0.000198364257812501
0.0181827545166016 -0.0201988220214844 0.0572509765625 0.00714874267578125
0.00230026245117188 -0.0209445953369141 0.0530471801757813 0.00902557373046875
-0.0117082595825195 -0.0112285614013672 0.0397834777832031 0.00618743896484375
-0.0113821029663086 0.00393867492675781 0.0309562683105469 0.0150775909423828
-0.00192070007324219 0.0102939605712891 0.0268955230712891 0.0276412963867188
0.000345230102539062 0.00845241546630859 0.0232048034667969 0.0437393188476563
0.00181341171264648 0.00770139694213867 0.0137748718261719 0.0643272399902344
-0.00271415710449219 0.00456476211547851 -0.0127639770507813 0.0732955932617188
-0.001220703125 -0.00473117828369141 -0.0285491943359375 0.0630340576171875
0.00537300109863281 -0.0108270645141602 -0.0341949462890625 0.0369186401367188
0.0170783996582031 -0.00352668762207031 -0.0243663787841797 0.0147552490234375
0.0158786773681641 -0.000904083251953125 0.0202522277832031 0.0189876556396484
0.0101346969604492 -0.00131511688232422 0.0514907836914063 0.0750503540039063
0.0263519287109375 0.0222034454345703 -0.044891357421875 -0.0593338012695313
0.0152368545532227 0.00146198272705078 -0.00570106506347656 -0.0182628631591797
0.0104923248291016 6.77108764648438E-05 0.0331687927246094 -0.0107994079589844
0.0135459899902344 -0.0052337646484375 0.046661376953125 -0.03485107421875
0.0103740692138672 -0.0136547088623047 0.0351448059082031 -0.0528526306152344
0.00079345703125 -0.0249080657958984 0.00984954833984375 -0.0670394897460938
-0.0110569000244141 -0.0281639099121094 -0.0136489868164063 -0.0590095520019531
-0.00933265686035156 -0.0267391204833984 -0.0206260681152344 -0.0357246398925781
-0.00510597229003906 -0.0318527221679688 -0.0275592803955078 -0.0159378051757813
0.00978469848632812 -0.0287647247314453 -0.0365371704101563 -0.00810623168945312
0.022613525390625 -0.0146961212158203 -0.0448799133300781 0.00206756591796874
0.0224132537841797 0.00325393676757812 -0.048126220703125 -0.00225448608398438
0.00776481628417969 0.0185298919677734 -0.058074951171875 -0.00596618652343751
0.00488662719726563 0.0177326202392578 -0.0647621154785156 0.00816345214843751
0.0108356475830078 0.0221939086914063 -0.0600624084472656 0.0274543762207031
0.049957275390625 0.0278701782226563 -0.0301246643066406 -0.0511245727539063
0.0380210876464844 0.00481414794921875 0.0100135803222656 -0.011754035949707
0.0329780578613281 -0.000108718872070313 0.0453262329101563 -0.00664901733398438
0.0304756164550781 -0.0124950408935547 0.0556411743164063 -0.0307769775390625
0.0219478607177734 -0.0243244171142578 0.0415916442871094 -0.046356201171875
0.006256103515625 -0.0402679443359375 0.0161476135253906 -0.0572586059570313
-0.0118064880371094 -0.043121337890625 -0.00629425048828126 -0.0477943420410156
-0.011749267578125 -0.0412559509277344 -0.0135440826416016 -0.0227470397949219
-0.00941085815429688 -0.0479393005371094 -0.0218620300292969 -0.00116729736328125
0.0074920654296875 -0.0470619201660156 -0.0361328125 0.00675201416015625
0.0281181335449219 -0.0331592559814453 -0.0455322265625 0.0153007507324219
0.0354156494140625 -0.0135002136230469 -0.0477676391601562 0.0073089599609375
0.0291824340820313 0.0128154754638672 -0.052398681640625 0.00477981567382812
0.0287818908691406 0.0166435241699219 -0.0532608032226563 0.0203361511230469
0.0339584350585938 0.0231857299804688 -0.0495147705078125 0.0407180786132813
0.0662879943847656 0.0315742492675781 -0.0104713439941406 -0.0400581359863281
0.0560302734375 0.00986480712890625 0.0288448333740234 -0.00118446350097656
0.0529594421386719 0.0010986328125 0.0579490661621094 0.000751495361328125
0.046722412109375 -0.0180130004882813 0.0645713806152344 -0.024505615234375
0.0322055816650391 -0.0325736999511719 0.0465278625488281 -0.0376052856445313
0.0118675231933594 -0.0500259399414063 0.0212059020996094 -0.0448417663574219
-0.0103073120117187 -0.0524673461914063 0.0018768310546875 -0.0318393707275391
-0.0114555358886719 -0.0496940612792969 -0.00483083724975586 -0.0063471794128418
-0.0123710632324219 -0.0564079284667969 -0.0124235153198242 0.0166282653808594
0.00229644775390625 -0.0575828552246094 -0.0310306549072266 0.0254936218261719
0.0269088745117187 -0.0472412109375 -0.04217529296875 0.0315704345703125
0.0393753051757813 -0.0300941467285156 -0.0468254089355469 0.0188217163085938
0.0446624755859375 0.00153732299804688 -0.0472335815429688 0.0144195556640625
0.0485687255859375 0.0101852416992188 -0.0382843017578125 0.0272026062011719
0.0517539978027344 0.01947021484375 -0.032440185546875 0.051422119140625
0.072479248046875 0.030487060546875 0.0113143920898438 -0.0276718139648437
0.0662002563476563 0.0123214721679688 0.0476837158203125 0.0095062255859375
0.0673599243164062 0.000637054443359375 0.0680389404296875 0.00893402099609375
0.0571937561035156 -0.0225143432617188 0.0701789855957031 -0.015960693359375
0.0376510620117187 -0.037689208984375 0.04803466796875 -0.0265007019042969
0.0146484375 -0.0536880493164063 0.0239715576171875 -0.0282478332519531
-0.00774002075195312 -0.0534515380859375 0.00876235961914063 -0.0132007598876953
-0.0101509094238281 -0.0499725341796875 0.00439548492431641 0.0107889175415039
-0.0130615234375 -0.0562667846679688 -0.0010223388671875 0.0337581634521484
-0.00281143188476562 -0.0581779479980469 -0.0228118896484375 0.0438575744628906
0.02203369140625 -0.05364990234375 -0.0356597900390625 0.0468711853027344
0.0374221801757813 -0.0418968200683594 -0.0422134399414063 0.0291671752929687
0.0528488159179688 -0.0107879638671875 -0.0406417846679688 0.0197601318359375
0.0610160827636719 0.00199508666992188 -0.0210342407226563 0.0290870666503906
0.0623130798339844 0.0143890380859375 -0.0103721618652344 0.0604171752929687
0.0687179565429688 0.0240631103515625 0.0322952270507813 -0.0186080932617188
0.0661430358886719 0.0111770629882813 0.0635261535644531 0.0168037414550781
0.0701866149902344 -0.00241851806640625 0.07275390625 0.0146026611328125
0.0575981140136719 -0.0256767272949219 0.0701560974121094 -0.00651168823242188
0.0345039367675781 -0.03790283203125 0.0462150573730469 -0.0145111083984375
0.0124702453613281 -0.0495758056640625 0.0250873565673828 -0.0113410949707031
-0.00520706176757812 -0.0461502075195313 0.0152378082275391 0.00464344024658203
-0.00783538818359376 -0.0420875549316406 0.0130596160888672 0.0261726379394531
-0.011077880859375 -0.0468406677246094 0.0093994140625 0.048248291015625
-0.0045318603515625 -0.0493888854980469 -0.013641357421875 0.0592079162597656
0.0158615112304687 -0.0496368408203125 -0.0289077758789062 0.0578460693359375
0.0315666198730469 -0.0442733764648438 -0.0368118286132813 0.0363006591796875
0.0533523559570313 -0.0176048278808594 -0.0325489044189453 0.0207881927490234
0.0627555847167969 -0.00322723388671875 -0.00407409667968749 0.0263576507568359
0.0625 0.00947952270507813 0.0122718811035156 0.0664520263671875
0.0549850463867188 0.0132789611816406 0.0482978820800781 -0.0125389099121094
0.0564765930175781 0.00439071655273437 0.0726394653320313 0.0174789428710938
0.0601882934570313 -0.008758544921875 0.0711669921875 0.0157318115234375
0.0460662841796875 -0.0269851684570312 0.0658454895019531 0.00179290771484375
0.0233097076416016 -0.0335636138916016 0.0431251525878906 -0.00346755981445313
0.00592422485351563 -0.0367012023925781 0.0260028839111328 0.00397682189941406
-0.00411224365234375 -0.0309009552001953 0.0198497772216797 0.0196552276611328
-0.00411796569824218 -0.0282859802246094 0.0201797485351562 0.0376968383789062
-0.00642776489257812 -0.0312080383300781 0.0161323547363281 0.058441162109375
-0.00378227233886719 -0.0333576202392578 -0.00783157348632812 0.0687751770019531
0.0111465454101563 -0.0369033813476563 -0.0229721069335937 0.0637702941894531
0.0245552062988281 -0.0368881225585938 -0.0324020385742188 0.0387153625488281
0.04620361328125 -0.0158424377441406 -0.0260639190673828 0.0192737579345703
0.0540008544921875 -0.00418853759765625 0.0110073089599609 0.0225200653076172
0.0514755249023438 0.00647735595703125 0.032745361328125 0.071014404296875
0.0347118377685547 0.000879287719726563 0.0584526062011719 -0.0142440795898438
0.0385284423828125 -0.00431060791015625 0.0750579833984375 0.011566162109375
0.0399894714355469 -0.0159416198730469 0.0657577514648438 0.0124626159667969
0.0244865417480469 -0.0247516632080078 0.0592765808105469 0.00661087036132812
0.00539970397949219 -0.0223522186279297 0.0395622253417969 0.00362396240234375
-0.00275516510009766 -0.016291618347168 0.0278053283691406 0.0119819641113281
-0.00129890441894531 -0.00959205627441406 0.0240459442138672 0.0266799926757813
-0.000543594360351563 -0.00950336456298828 0.0227546691894531 0.0430183410644531
-0.000123977661132812 -0.0113849639892578 0.0184478759765625 0.0629119873046875
-0.000730514526367187 -0.012730598449707 -0.00698089599609374 0.0730514526367188
0.00627899169921875 -0.0187034606933594 -0.0225067138671875 0.0651817321777344
0.0160617828369141 -0.0222301483154297 -0.0314674377441406 0.03887939453125
0.0317668914794922 -0.00904464721679687 -0.0228786468505859 0.0176601409912109
0.0352249145507813 -0.00219345092773438 0.0197105407714844 0.0211372375488281
0.0310401916503906 0.00255012512207031 0.0457229614257813 0.074432373046875
0.00810813903808594 -0.00932788848876953 0.0607376098632812 -0.0225486755371094
0.0159168243408203 -0.0120954513549805 0.0709457397460937 0.000892639160156249
0.0137920379638672 -0.0204658508300781 0.0575523376464844 0.00716400146484375
-0.000547409057617186 -0.0184040069580078 0.0534591674804688 0.00764846801757812
-0.012507438659668 -0.00663185119628907 0.0393218994140625 0.00363922119140625
-0.00995922088623047 0.00789165496826172 0.0305824279785156 0.0122814178466797
0.00151157379150391 0.0128250122070313 0.0261287689208984 0.0263767242431641
0.00342941284179688 0.0107402801513672 0.0224037170410156 0.0418624877929688
0.00477695465087891 0.0102481842041016 0.0148887634277344 0.0625991821289063
4.33921813964848E-05 0.00759124755859375 -0.0107498168945313 0.072357177734375
-0.0015493631362915 -2.22921371459961E-05 -0.0263595581054688 0.0627250671386719
0.00390958786010742 -0.00695133209228516 -0.0336189270019531 0.0378799438476563
0.0131635665893555 -0.00172328948974609 -0.0245227813720703 0.0158100128173828
0.0102405548095703 -0.00121212005615234 0.0185184478759766 0.0201492309570313
0.00442028045654297 -0.00225591659545898 0.0500640869140625 0.0750961303710938
0.0307846069335938 0.0234012603759766 -0.0412788391113281 -0.061859130859375
0.0189685821533203 3.24249267578125E-05 -0.00402069091796875 -0.0204658508300781
0.0133981704711914 -0.00305080413818359 0.0339469909667969 -0.0114383697509766
0.0140237808227539 -0.0093374252319336 0.0465736389160156 -0.0344619750976563
0.0091867446899414 -0.0170612335205078 0.0362548828125 -0.0513038635253906
-0.00209808349609375 -0.0275154113769531 0.0118637084960937 -0.0653419494628906
-0.0142765045166016 -0.0290851593017578 -0.0114097595214844 -0.0584068298339844
-0.0119762420654297 -0.0281219482421875 -0.0179061889648438 -0.03466796875
-0.00869941711425781 -0.034210205078125 -0.0250015258789063 -0.0152492523193359
0.00788116455078125 -0.0321464538574219 -0.0349063873291016 -0.00626754760742188
0.0229358673095703 -0.0178642272949219 -0.0439453125 0.00306701660156249
0.0247306823730469 0.000585556030273438 -0.0487709045410156 -0.00213241577148437
0.0122318267822266 0.01849365234375 -0.0583076477050781 -0.00714111328125
0.00951576232910156 0.0195236206054688 -0.0648307800292969 0.005828857421875
0.0145740509033203 0.0250110626220703 -0.058441162109375 0.0247611999511719
0.0527763366699219 0.0298309326171875 -0.0258140563964844 -0.0528106689453125
0.0398979187011719 0.00454330444335938 0.0127019882202148 -0.0132131576538086
0.0342903137207031 -0.002105712890625 0.0461959838867187 -0.00677871704101562
0.0303535461425781 -0.0149765014648437 0.0570144653320312 -0.0303573608398437
0.0206890106201172 -0.0258750915527344 0.042999267578125 -0.0445632934570313
0.00396728515625 -0.041656494140625 0.0191154479980469 -0.0557594299316406
-0.0137901306152344 -0.0438652038574219 -0.00246047973632812 -0.0462760925292969
-0.0130424499511719 -0.0421676635742188 -0.0101337432861328 -0.0221443176269531
-0.0116157531738281 -0.04925537109375 -0.0180244445800781 -0.000461578369140627
0.00694656372070313 -0.0493507385253906 -0.0333747863769531 0.009185791015625
0.029388427734375 -0.035552978515625 -0.0440864562988281 0.0173873901367187
0.0379371643066406 -0.0143470764160156 -0.0475311279296875 0.00835800170898438
0.0324859619140625 0.0143299102783203 -0.0530166625976563 0.0045318603515625
0.0323772430419922 0.0197162628173828 -0.0526962280273437 0.0177993774414063
0.036529541015625 0.0268592834472656 -0.0473098754882813 0.0391311645507812
0.0667953491210938 0.0332870483398438 -0.00565719604492187 -0.0404586791992187
0.0560073852539063 0.0112380981445313 0.0324974060058594 -0.0018310546875
0.05316162109375 0.00025177001953125 0.0595626831054687 0.00122451782226563
0.0467567443847656 -0.0187225341796875 0.0661125183105469 -0.0233078002929688
0.0316524505615234 -0.0323925018310547 0.0491180419921875 -0.0358848571777344
0.0107269287109375 -0.0507469177246094 0.025146484375 -0.0426483154296875
-0.0108757019042969 -0.0525856018066406 0.00601577758789063 -0.0309677124023438
-0.0122261047363281 -0.04949951171875 -0.000522136688232423 -0.00588178634643555
-0.0132484436035156 -0.0570411682128906 -0.00827693939208985 0.0173797607421875
0.0026702880859375 -0.0585556030273437 -0.0276317596435547 0.0279541015625
0.0287933349609375 -0.0483055114746094 -0.0404090881347656 0.033905029296875
0.0419845581054688 -0.0302543640136719 -0.0451850891113281 0.020294189453125
0.0473747253417969 0.0035247802734375 -0.0463790893554688 0.0140724182128906
0.0505142211914063 0.01373291015625 -0.0368766784667969 0.0261611938476563
0.0527915954589844 0.0237350463867187 -0.0290679931640625 0.051910400390625
0.0713577270507813 0.0325393676757813 0.0154075622558594 -0.0270538330078125
0.0643806457519531 0.0144844055175781 0.0503692626953125 0.00960922241210938
0.0662498474121094 0.0016021728515625 0.0698051452636719 0.00936508178710938
0.0566482543945313 -0.0211448669433594 0.0726470947265625 -0.014495849609375
0.0373420715332031 -0.0365829467773438 0.0508460998535156 -0.02545166015625
0.0144996643066406 -0.0530815124511719 0.0276012420654297 -0.0269432067871094
-0.00603485107421875 -0.0530166625976563 0.0125198364257813 -0.0128402709960938
-0.00901794433593749 -0.049285888671875 0.00808334350585938 0.0115451812744141
-0.0123023986816406 -0.0559425354003906 0.00316619873046875 0.0345172882080078
-0.00174713134765625 -0.0581550598144531 -0.0191993713378906 0.0465316772460937
0.0237007141113281 -0.0528945922851563 -0.0335121154785156 0.0492286682128906
0.0388984680175781 -0.0406608581542969 -0.0406417846679688 0.0307197570800781
0.0544586181640625 -0.00799179077148437 -0.0397224426269531 0.0203628540039062
0.0609970092773438 0.005126953125 -0.019287109375 0.0289325714111328
0.060943603515625 0.0187034606933594 -0.0077056884765625 0.0622787475585937
0.0654411315917969 0.0260238647460938 0.0354118347167969 -0.015960693359375
0.062225341796875 0.013702392578125 0.0655593872070313 0.0181961059570313
0.0679779052734375 0.000583648681640625 0.0745010375976563 0.0160980224609375
0.057037353515625 -0.0230865478515625 0.0726165771484375 -0.00504302978515625
0.0353431701660156 -0.0358314514160156 0.0489540100097656 -0.0133895874023438
0.0139846801757812 -0.0480270385742188 0.0289249420166016 -0.0111312866210938
-0.00313186645507813 -0.0445556640625 0.0179729461669922 0.005126953125
-0.00511550903320312 -0.0413818359375 0.0155277252197266 0.0263690948486328
-0.00897216796875 -0.0457725524902344 0.0129165649414062 0.0488624572753906
-0.00277328491210937 -0.0479660034179688 -0.0105247497558594 0.0608482360839844
0.0176277160644531 -0.0472068786621094 -0.0261573791503906 0.0601768493652344
0.032318115234375 -0.0418739318847656 -0.0352363586425781 0.0376777648925781
0.0529518127441406 -0.0142898559570313 -0.0313968658447266 0.0221290588378906
0.0613670349121094 -0.00081634521484375 -0.00226211547851562 0.0271129608154297
0.0595321655273438 0.0127830505371094 0.0148773193359375 0.0695037841796875
0.0507965087890625 0.0145645141601563 0.0504798889160156 -0.0097503662109375
0.05194091796875 0.00727081298828125 0.0741958618164063 0.020294189453125
0.0565299987792969 -0.0057373046875 0.0732879638671875 0.0175628662109375
0.04486083984375 -0.0234489440917969 0.068115234375 0.0026092529296875
0.0237102508544922 -0.0297603607177734 0.0452499389648438 -0.003143310546875
0.00826263427734375 -0.0335788726806641 0.0283832550048828 0.00363540649414062
-0.000699996948242188 -0.0290279388427734 0.0214385986328125 0.0196208953857422
-0.000997543334960936 -0.0262126922607422 0.0214996337890625 0.0371589660644531
-0.00225639343261719 -0.0297966003417969 0.0184593200683594 0.0582008361816406
-0.000633239746093753 -0.0307807922363281 -0.0054168701171875 0.069976806640625
0.0125694274902344 -0.0327072143554688 -0.0213203430175781 0.0653839111328125
0.0245265960693359 -0.0325279235839844 -0.0310211181640625 0.0402565002441406
0.043792724609375 -0.0121002197265625 -0.0242404937744141 0.0204505920410156
0.0502738952636719 -0.00165176391601563 0.0119132995605469 0.0237636566162109
0.0471038818359375 0.00835037231445313 0.033599853515625 0.074249267578125
0.0295162200927734 0.00123977661132813 0.0589561462402344 -0.0104713439941406
0.0335636138916016 -0.00244331359863281 0.0758285522460938 0.0149993896484375
0.0353965759277344 -0.0135688781738281 0.06707763671875 0.0153083801269531
0.0228843688964844 -0.0210113525390625 0.0604324340820312 0.007110595703125
0.00600814819335938 -0.0182666778564453 0.0407791137695313 0.00282669067382812
0.000272750854492187 -0.0127420425415039 0.0283737182617188 0.0113639831542969
0.00248336791992188 -0.00819253921508789 0.0238208770751953 0.0271968841552734
0.00361824035644531 -0.00763463973999023 0.023345947265625 0.0425262451171875
0.00417518615722656 -0.00903892517089844 0.0184364318847656 0.0627784729003906
0.00252819061279297 -0.00999832153320313 -0.00546264648437499 0.0734100341796875
0.00772666931152344 -0.0142154693603516 -0.0210800170898438 0.0656967163085938
0.015263557434082 -0.0173254013061523 -0.0299949645996094 0.0399436950683594
0.0285739898681641 -0.00521278381347656 -0.0223217010498047 0.018341064453125
0.0304489135742188 7.82012939453125E-05 0.0194931030273438 0.0222644805908203
0.0258216857910156 0.00370407104492188 0.0451889038085937 0.0777969360351562
0.00399971008300781 -0.0109157562255859 0.0599746704101563 -0.0186195373535156
0.0110940933227539 -0.0119447708129883 0.0706939697265625 0.004913330078125
0.00949287414550781 -0.0185317993164063 0.0592994689941406 0.00888442993164063
-0.00334358215332031 -0.0150823593139648 0.0550651550292969 0.00776290893554687
-0.0122213363647461 -0.00301837921142578 0.0391845703125 0.00309371948242188
-0.00731086730957031 0.0107526779174805 0.0293102264404297 0.0112228393554688
0.00523281097412109 0.0143804550170898 0.0239677429199219 0.0255527496337891
0.00681209564208984 0.012547492980957 0.0209274291992187 0.0412712097167969
0.00930118560791016 0.0120706558227539 0.0135078430175781 0.0614891052246094
0.00352954864501953 0.0108003616333008 -0.0104598999023437 0.0714492797851563
-7.46250152587887E-05 0.00415158271789551 -0.0253791809082031 0.0617218017578125
0.00274133682250977 -0.00272154808044434 -0.0333290100097656 0.0379753112792969
0.00949859619140625 0.000399589538574219 -0.0250816345214844 0.0161724090576172
0.00474214553833008 0.000564098358154297 0.0172786712646484 0.0219306945800781
-0.000470638275146484 -0.00253939628601074 0.0480499267578125 0.0780029296875
0.0362892150878906 0.0255508422851563 -0.039093017578125 -0.0674629211425781
0.0228958129882813 -0.00159263610839844 -0.00198745727539063 -0.0236873626708984
0.0158538818359375 -0.00567054748535156 0.0359458923339844 -0.0128707885742187
0.0141830444335937 -0.0134038925170898 0.0483055114746094 -0.0349349975585938
0.008453369140625 -0.0205135345458984 0.0384330749511719 -0.0519218444824219
-0.00609207153320313 -0.030914306640625 0.0145721435546875 -0.0660934448242188
-0.0182209014892578 -0.0319156646728516 -0.00867462158203125 -0.0591468811035156
-0.0158901214599609 -0.0301456451416016 -0.0157585144042969 -0.0358467102050781
-0.0124855041503906 -0.0367164611816406 -0.0222759246826172 -0.0157871246337891
0.00537109375 -0.0366058349609375 -0.0333480834960938 -0.00552558898925782
0.0237865447998047 -0.0218219757080078 -0.0443801879882812 0.00459671020507812
0.0280532836914062 -0.00207328796386719 -0.0501327514648438 -0.0020599365234375
0.0166282653808594 0.0186710357666016 -0.0603485107421875 -0.00863265991210938
0.0146770477294922 0.021759033203125 -0.0675849914550781 0.00172805786132814
0.0194759368896484 0.0285358428955078 -0.0594596862792969 0.02130126953125
0.0571746826171875 0.0330734252929688 -0.0212783813476563 -0.0572357177734375
0.0436325073242188 0.00438308715820313 0.016322135925293 -0.0156316757202148
0.03662109375 -0.00343704223632813 0.0490608215332031 -0.00764846801757813
0.0313510894775391 -0.0173740386962891 0.0594100952148437 -0.0296821594238281
0.0206718444824219 -0.0284843444824219 0.0467414855957031 -0.0437736511230469
0.00160598754882813 -0.0441513061523438 0.0242080688476563 -0.0564804077148438
-0.0162925720214844 -0.0464553833007813 0.00130844116210937 -0.0467681884765625
-0.0152969360351563 -0.0440216064453125 -0.00617599487304688 -0.02264404296875
-0.0140190124511719 -0.0528106689453125 -0.0142984390258789 -0.000647544860839848
0.00587844848632812 -0.0540046691894531 -0.0308017730712891 0.0111045837402344
0.0316963195800781 -0.0401458740234375 -0.0431785583496094 0.0192184448242188
0.0419273376464844 -0.0172195434570313 -0.0479469299316406 0.0085906982421875
0.0379295349121094 0.015655517578125 -0.0541572570800781 0.00400161743164062
0.0376129150390625 0.0235176086425781 -0.0539627075195313 0.0155487060546875
0.0405158996582031 0.0314979553222656 -0.0459175109863281 0.0371360778808594
0.0695381164550781 0.0379409790039063 -7.62939453124723E-06 -0.0428428649902344
0.0576248168945313 0.0124626159667969 0.0363922119140625 -0.00329208374023437
0.054901123046875 0.000247955322265625 0.0627670288085938 0.0006866455078125
0.0477790832519531 -0.0193367004394531 0.0707321166992188 -0.0230636596679687
0.0314159393310547 -0.0332965850830078 0.0534629821777344 -0.035186767578125
0.0100784301757813 -0.0526390075683594 0.0306587219238281 -0.0435676574707031
-0.011505126953125 -0.0540657043457031 0.0108680725097656 -0.0315113067626953
-0.0117340087890625 -0.0513076782226563 0.00383663177490234 -0.00610637664794922
-0.0140342712402344 -0.0597152709960938 -0.00361061096191406 0.0181064605712891
0.00283050537109375 -0.0623054504394531 -0.02447509765625 0.0305194854736328
0.0312652587890625 -0.0514259338378906 -0.0387496948242188 0.037017822265625
0.04681396484375 -0.0315933227539063 -0.04534912109375 0.0219650268554687
0.0526580810546875 0.0059356689453125 -0.0467147827148438 0.0149574279785156
0.054840087890625 0.0180473327636719 -0.0367393493652344 0.0254554748535156
0.0553665161132813 0.0291252136230469 -0.0276069641113281 0.0523452758789063
0.0717010498046875 0.037353515625 0.0216712951660156 -0.0273895263671875
0.065521240234375 0.0185623168945313 0.0563087463378906 0.0102958679199219
0.0675926208496094 0.00375747680664063 0.0747528076171875 0.0103530883789062
0.0586776733398438 -0.0199050903320313 0.0773162841796875 -0.0132675170898438
0.0388908386230469 -0.0355911254882813 0.0553054809570312 -0.0246505737304688
0.0163917541503906 -0.0541343688964844 0.0331249237060547 -0.0277061462402344
-0.00553512573242187 -0.0538597106933594 0.0180416107177734 -0.0126094818115234
-0.00730133056640625 -0.0504379272460937 0.0123128890991211 0.0116386413574219
-0.0111732482910156 -0.0575790405273438 0.00824737548828125 0.0355758666992187
0.000213623046875002 -0.0597953796386719 -0.0156097412109375 0.050018310546875
0.0266799926757812 -0.0534133911132812 -0.0317268371582031 0.0525856018066406
0.0427627563476563 -0.0404739379882813 -0.0400428771972656 0.0326080322265625
0.0584564208984375 -0.00550079345703125 -0.0384788513183594 0.0212478637695312
0.0634384155273438 0.0100593566894531 -0.0178184509277344 0.0292644500732422
0.0621719360351563 0.0234947204589844 -0.00448226928710937 0.0650444030761719
0.06365966796875 0.0308341979980469 0.0409126281738281 -0.0133094787597656
0.0613784790039063 0.0176734924316406 0.0708541870117188 0.0211868286132812
0.0678253173828125 0.00339508056640625 0.0791397094726563 0.0179061889648438
0.058441162109375 -0.0206031799316406 0.0782928466796875 -0.0031890869140625
0.0372467041015625 -0.0330772399902344 0.053192138671875 -0.012664794921875
0.0166206359863281 -0.0475997924804687 0.0334510803222656 -0.0110073089599609
0.000385284423828127 -0.0453071594238281 0.0220603942871094 0.0052032470703125
-0.00186920166015625 -0.0417938232421875 0.0203227996826172 0.0268173217773437
-0.00596237182617188 -0.0471763610839844 0.016998291015625 0.0499725341796875
0.000614166259765628 -0.0480995178222656 -0.00734710693359374 0.0641059875488281
0.020782470703125 -0.04534912109375 -0.0240402221679688 0.0622825622558594
0.0351295471191406 -0.0394363403320312 -0.0349159240722656 0.0397300720214844
0.054534912109375 -0.010498046875 -0.0306148529052734 0.0235137939453125
0.0607414245605469 0.00330734252929688 -0.000198364257812495 0.0283870697021484
0.0582542419433594 0.0179557800292969 0.0175247192382813 0.0734481811523438
0.0477409362792969 0.018096923828125 0.0546684265136719 -0.00559616088867187
0.0491790771484375 0.0115242004394531 0.0782852172851563 0.0252685546875
0.0555267333984375 -0.00132369995117188 0.0773468017578125 0.0206146240234375
0.0452499389648438 -0.0201492309570313 0.072601318359375 0.0039825439453125
0.0253162384033203 -0.0262947082519531 0.0481109619140625 -0.0031585693359375
0.0114593505859375 -0.0327072143554687 0.0315799713134766 0.00390243530273437
0.00359916687011719 -0.0289096832275391 0.0244178771972656 0.0203018188476562
0.00302696228027344 -0.0254020690917969 0.0241813659667969 0.0381126403808594
0.00166511535644531 -0.0295333862304688 0.0211906433105469 0.0603904724121094
0.00365447998046875 -0.0297107696533203 -0.00273895263671875 0.0729217529296875
0.0155620574951172 -0.0301055908203125 -0.0196876525878906 0.0677146911621094
0.0263328552246094 -0.0286808013916016 -0.0303535461425781 0.0419158935546875
0.0435943603515625 -0.0082550048828125 -0.0240974426269531 0.0224399566650391
0.0475196838378906 0.00191116333007813 0.0138664245605469 0.0265102386474609
0.043792724609375 0.0117340087890625 0.0359573364257813 0.0803756713867188
0.0254440307617188 0.00259208679199219 0.0623626708984375 -0.00551605224609375
0.0301990509033203 0.0003509521484375 0.079803466796875 0.0203857421875
0.0331001281738281 -0.00944709777832031 0.0713119506835938 0.018096923828125
0.0221099853515625 -0.0169410705566406 0.0644912719726563 0.00823593139648437
0.00783538818359375 -0.0143394470214844 0.0428237915039063 0.00230789184570312
0.00307559967041016 -0.0101470947265625 0.0297966003417969 0.0114555358886719
0.00663423538208008 -0.00666332244873047 0.0247306823730469 0.0277976989746094
0.00788116455078125 -0.00608444213867188 0.0233650207519531 0.0438079833984375
0.00882434844970703 -0.00766181945800781 0.01959228515625 0.0641746520996094
0.00656509399414063 -0.00741052627563477 -0.00438690185546876 0.0757598876953125
0.0101108551025391 -0.010040283203125 -0.0211524963378906 0.067138671875
0.0154323577880859 -0.01336669921875 -0.0303230285644531 0.0414543151855469
0.0262260437011719 -0.000904083251953125 -0.02252197265625 0.0202083587646484
0.0259609222412109 0.00300407409667969 0.0204143524169922 0.0254745483398438
0.0211639404296875 0.00603866577148437 0.0462188720703125 0.0837936401367188
-0.000498771667480469 -0.01153564453125 0.0613136291503906 -0.0136299133300781
0.00674343109130859 -0.011469841003418 0.0731353759765625 0.0093231201171875
0.00492477416992187 -0.0167722702026367 0.0625152587890625 0.0116004943847656
-0.00525569915771484 -0.0117788314819336 0.0574264526367187 0.0076904296875
-0.0123281478881836 0.00101566314697266 0.0406455993652344 0.00215911865234375
-0.00487518310546875 0.0141439437866211 0.0287208557128906 0.010894775390625
0.00959587097167969 0.0164651870727539 0.023345947265625 0.0262641906738281
0.0115060806274414 0.0147809982299805 0.0199394226074219 0.0423164367675781
0.0138435363769531 0.0148124694824219 0.0129127502441406 0.0625267028808594
0.00737094879150391 0.0148029327392578 -0.0103607177734375 0.072998046875
0.00265789031982422 0.00928592681884766 -0.0262374877929688 0.0626716613769531
0.00361275672912598 0.00250649452209473 -0.0341987609863281 0.03924560546875
0.00601530075073242 0.00450801849365234 -0.0266094207763672 0.0171051025390625
-0.000221014022827148 0.00275611877441406 0.0161590576171875 0.0251426696777344
-0.00603199005126953 -0.00206279754638672 0.0468521118164063 0.084869384765625
0.0444564819335938 0.0261611938476563 -0.0388412475585937 -0.0755615234375
0.0281143188476562 -0.0046844482421875 -0.000303268432617186 -0.0279026031494141
0.0190143585205078 -0.0107517242431641 0.0379829406738281 -0.0153007507324219
0.0142364501953125 -0.0194473266601563 0.0511512756347656 -0.0374298095703125
0.00611686706542968 -0.0253639221191406 0.0417060852050781 -0.0531539916992188
-0.0111579895019531 -0.0350570678710938 0.0176963806152344 -0.0698204040527344
-0.0249767303466797 -0.0339260101318359 -0.00687026977539062 -0.0620651245117187
-0.0207786560058594 -0.0324573516845703 -0.0133476257324219 -0.0387306213378906
-0.0187263488769531 -0.0403633117675781 -0.02032470703125 -0.0168170928955078
0.00197219848632812 -0.0423316955566406 -0.0325279235839844 -0.00462913513183595
0.0239124298095703 -0.0285854339599609 -0.0449180603027344 0.00632095336914062
0.0315017700195313 -0.00731468200683594 -0.0530929565429688 -0.00136566162109375
0.0236644744873047 0.0183467864990234 -0.0648994445800781 -0.00958633422851563
0.0221042633056641 0.0226268768310547 -0.0717315673828125 -0.000549316406249989
0.0268630981445313 0.0318164825439453 -0.0617332458496094 0.0186538696289062
0.0648117065429688 0.0351905822753906 -0.018096923828125 -0.0634193420410156
0.0488967895507813 0.00329971313476562 0.0208015441894531 -0.0191707611083984
0.0402984619140625 -0.00749588012695312 0.052703857421875 -0.00987625122070313
0.0323104858398438 -0.0217876434326172 0.0644340515136719 -0.031524658203125
0.0197296142578125 -0.0319805145263672 0.0514411926269531 -0.0461502075195313
-0.00235748291015625 -0.0479507446289062 0.0286216735839844 -0.0593795776367187
-0.0208854675292969 -0.0481834411621094 0.00573348999023438 -0.04998779296875
-0.0188255310058594 -0.0473098754882813 -0.00215339660644532 -0.0245647430419922
-0.0186538696289062 -0.0565834045410156 -0.0097808837890625 -0.000532150268554692
0.00307083129882812 -0.0590667724609375 -0.0286178588867188 0.0118980407714844
0.0334663391113281 -0.0454864501953125 -0.0419998168945312 0.0225296020507813
0.0468635559082031 -0.0212326049804688 -0.04949951171875 0.0106697082519531
0.046173095703125 0.0159492492675781 -0.0572700500488281 0.00391769409179686
0.0456504821777344 0.0265426635742188 -0.0560684204101562 0.0143814086914062
0.0481414794921875 0.0367698669433594 -0.0459976196289062 0.0370140075683594
0.075592041015625 0.0421142578125 0.00496673583984375 -0.0472373962402344
0.0620689392089844 0.0132408142089844 0.0427322387695313 -0.00551986694335938
0.0588150024414063 -0.000316619873046875 0.0680580139160156 0.0001983642578125
0.0500869750976562 -0.022247314453125 0.0767440795898438 -0.0241546630859375
0.0325698852539063 -0.0360298156738281 0.0596656799316406 -0.0372200012207031
0.0084228515625 -0.0556755065917969 0.0362167358398437 -0.0460586547851563
-0.0134925842285156 -0.0578575134277344 0.0159435272216797 -0.0340690612792969
-0.0140724182128906 -0.0546188354492187 0.00867891311645508 -0.00710439682006836
-0.0159683227539062 -0.0639877319335938 0.00226020812988281 0.0179920196533203
0.0017242431640625 -0.0676612854003906 -0.0210437774658203 0.0337467193603516
0.0342369079589844 -0.057159423828125 -0.0367431640625 0.040863037109375
0.0518836975097656 -0.0353469848632813 -0.0454292297363281 0.0247230529785156
0.0601119995117188 0.0072174072265625 -0.0488090515136719 0.0166091918945313
0.062713623046875 0.0213241577148438 -0.0365638732910156 0.0262031555175781
0.061614990234375 0.0356788635253906 -0.0243110656738281 0.0546455383300781
0.075286865234375 0.042449951171875 0.0286369323730469 -0.0284423828125
0.0677261352539063 0.0212745666503906 0.0628890991210938 0.0103492736816406
0.070831298828125 0.00565338134765625 0.0801010131835938 0.011383056640625
0.0622634887695313 -0.0208473205566406 0.084625244140625 -0.0139236450195313
0.0416717529296875 -0.0366325378417969 0.0615653991699219 -0.0258903503417969
0.0167655944824219 -0.0563850402832031 0.0399131774902344 -0.0298919677734375
-0.005157470703125 -0.0572395324707031 0.0238780975341797 -0.0144748687744141
-0.00751495361328125 -0.0537338256835938 0.0183200836181641 0.0109672546386719
-0.01104736328125 -0.0612411499023438 0.0138473510742188 0.0369606018066406
0.00152206420898437 -0.0642623901367187 -0.0113868713378906 0.0530204772949219
0.0294876098632812 -0.0572509765625 -0.0283241271972656 0.0567741394042969
0.0481338500976563 -0.04266357421875 -0.0387001037597656 0.0364418029785156
0.0640029907226562 -0.0034027099609375 -0.0391502380371094 0.0242805480957031
0.0686302185058594 0.0142440795898438 -0.0156784057617187 0.0313091278076172
0.0666351318359375 0.0299606323242188 -0.000759124755859375 0.0683555603027344
0.0650367736816406 0.035430908203125 0.0479927062988281 -0.0134620666503906
0.0630836486816406 0.0221443176269531 0.0788345336914063 0.0228805541992188
0.0701370239257813 0.00729751586914063 0.08648681640625 0.0186538696289062
0.0627403259277344 -0.0191535949707031 0.0860824584960938 -0.00379180908203125
0.0406684875488281 -0.0321311950683594 0.0596427917480469 -0.0137557983398438
0.0188102722167969 -0.0489044189453125 0.0394363403320313 -0.0121612548828125
0.00202178955078125 -0.0475311279296875 0.0273075103759766 0.00565147399902343
-1.52587890624952E-05 -0.04315185546875 0.0246677398681641 0.0272674560546875
-0.00344467163085938 -0.0494346618652344 0.0227127075195313 0.0520515441894531
0.00347137451171875 -0.0506935119628906 -0.00202178955078125 0.0682868957519531
0.0246315002441406 -0.0468330383300781 -0.0206642150878906 0.0671348571777344
0.0396766662597656 -0.0395927429199219 -0.0322685241699219 0.0433158874511719
0.0589218139648438 -0.00771713256835938 -0.0297794342041016 0.0265827178955078
0.0635795593261719 0.00823974609375 0.00328826904296875 0.0304622650146484
0.0598640441894531 0.0235519409179688 0.0234298706054688 0.0798492431640625
0.0462760925292969 0.021728515625 0.0615882873535156 -0.00287246704101562
0.0480880737304687 0.0162239074707031 0.0864715576171875 0.0278701782226563
0.0559768676757813 0.0025177001953125 0.0852737426757813 0.0222625732421875
0.0484352111816406 -0.0154647827148438 0.0796585083007813 0.0039520263671875
0.0289630889892578 -0.0239334106445313 0.0523681640625 -0.00370407104492188
0.01617431640625 -0.0313148498535156 0.0354194641113281 0.00244522094726562
0.00880622863769531 -0.0301742553710937 0.0283260345458984 0.0206565856933594
0.00788688659667969 -0.0262527465820312 0.0278663635253906 0.0397148132324219
0.00630569458007812 -0.0306396484375 0.0261650085449219 0.0623741149902344
0.00806999206542969 -0.0292892456054688 0.00159454345703125 0.0765762329101562
0.020233154296875 -0.0289020538330078 -0.0167617797851563 0.0720672607421875
0.029693603515625 -0.0258674621582031 -0.0286636352539063 0.0459251403808594
0.0448341369628906 -0.0032501220703125 -0.0233116149902344 0.02545166015625
0.0471534729003906 0.00633621215820313 0.0175800323486328 0.0290145874023437
0.0425910949707031 0.0162391662597656 0.0419692993164062 0.0879592895507813
0.0211734771728516 0.00428581237792969 0.0680809020996094 -0.0012969970703125
0.0261859893798828 0.00365257263183594 0.0863418579101563 0.0250167846679688
0.03057861328125 -0.00580406188964844 0.0782318115234375 0.0198440551757813
0.022552490234375 -0.0126361846923828 0.0712890625 0.0081634521484375
0.00949573516845703 -0.0110082626342773 0.0457878112792969 0.00215911865234375
0.00780105590820313 -0.00857019424438477 0.0320301055908203 0.01104736328125
0.0125541687011719 -0.00644779205322266 0.0259475708007812 0.0291957855224609
0.0135316848754883 -0.00626564025878906 0.025634765625 0.0460472106933594
0.0155506134033203 -0.00810432434082031 0.0221138000488281 0.0662307739257813
0.0116672515869141 -0.00574111938476563 -0.00128936767578125 0.0791473388671875
0.0144891738891602 -0.00646877288818359 -0.0190048217773438 0.0703201293945312
0.0175914764404297 -0.00815773010253906 -0.0300407409667969 0.0446853637695313
0.0245304107666016 0.00425529479980469 -0.021728515625 0.0229301452636719
0.0221366882324219 0.00750160217285156 0.0222187042236328 0.0287761688232422
0.0160074234008789 0.00869274139404297 0.050872802734375 0.0929489135742188
-0.00609016418457031 -0.0113286972045898 0.0652503967285156 -0.00915908813476563
0.00159263610839844 -0.00975704193115235 0.0800094604492187 0.0133132934570312
0.000780105590820313 -0.0141067504882813 0.0680198669433594 0.0133056640625
-0.0072941780090332 -0.00715065002441406 0.0631752014160156 0.00707626342773437
-0.0119256973266602 0.00633811950683594 0.0419998168945313 0.00038909912109375
-0.00058746337890625 0.0191478729248047 0.0290355682373047 0.0102729797363281
0.0147876739501953 0.0181331634521484 0.0226993560791016 0.0281295776367188
0.0184764862060547 0.0152549743652344 0.0195579528808594 0.0437965393066406
0.0209007263183594 0.0158767700195313 0.012939453125 0.0658416748046875
0.0133857727050781 0.0171670913696289 -0.00997161865234375 0.0766143798828125
0.00625419616699219 0.0138130187988281 -0.0266609191894531 0.06573486328125
0.00449085235595703 0.00749015808105469 -0.0356521606445313 0.0417976379394531
0.00294065475463867 0.0084991455078125 -0.0271644592285156 0.0199394226074219
-0.00594186782836914 0.00672197341918945 0.0165863037109375 0.0293426513671875
-0.0124044418334961 -0.000894546508789065 0.0487594604492188 0.0929794311523438
0.0555381774902344 0.0245895385742188 -0.0411148071289062 -0.0843276977539063
0.0340423583984375 -0.0101280212402344 -0.0005645751953125 -0.0339622497558594
0.0211620330810547 -0.0168972015380859 0.0394554138183594 -0.0186080932617188
0.0125637054443359 -0.0260696411132813 0.052978515625 -0.0405731201171875
0.00193405151367188 -0.0301132202148438 0.0442962646484375 -0.0575828552246094
-0.0190086364746094 -0.0365982055664063 0.0186843872070312 -0.0731887817382813
-0.0328731536865234 -0.0346794128417969 -0.00680160522460938 -0.0660629272460938
-0.0281734466552734 -0.0340290069580078 -0.011932373046875 -0.0416831970214844
-0.0271186828613281 -0.0424385070800781 -0.0183010101318359 -0.0184154510498047
-0.00420379638671875 -0.0469245910644531 -0.0317611694335938 -0.00355339050292969
0.0222015380859375 -0.0365371704101563 -0.0447540283203125 0.00911712646484375
0.0346927642822266 -0.0144195556640625 -0.0554046630859375 0.00090026855468751
0.0314311981201172 0.0151081085205078 -0.0705184936523437 -0.00891113281250001
0.0312309265136719 0.0228061676025391 -0.0773239135742188 -0.00180053710937499
0.0371665954589844 0.0335044860839844 -0.0645103454589844 0.0174102783203125
0.0754013061523438 0.0356063842773438 -0.0177459716796875 -0.0718307495117188
0.0548858642578125 -0.000698089599609375 0.0230293273925781 -0.0257663726806641
0.0431022644042969 -0.0121917724609375 0.0568084716796875 -0.0131378173828125
0.0317974090576172 -0.0281734466552734 0.0683326721191406 -0.0359420776367188
0.0165290832519531 -0.03692626953125 0.0559959411621094 -0.0501327514648438
-0.0086822509765625 -0.0512962341308594 0.0316886901855469 -0.0637931823730469
-0.0276145935058594 -0.0507850646972656 0.00827789306640625 -0.0540580749511719
-0.0244560241699219 -0.0491943359375 0.00130271911621094 -0.0279560089111328
-0.0256233215332031 -0.0599708557128906 -0.00537109375 -0.00266027450561524
-0.00213241577148438 -0.0654678344726563 -0.0249824523925781 0.0145359039306641
0.0329704284667969 -0.0539321899414063 -0.0399246215820313 0.026123046875
0.0511817932128906 -0.0283432006835938 -0.0499496459960938 0.013824462890625
0.0551948547363281 0.0138397216796875 -0.0601234436035156 0.00622558593750001
0.0565109252929688 0.0272712707519531 -0.05810546875 0.0143966674804687
0.0587158203125 0.0400924682617188 -0.0452346801757812 0.0365943908691406
0.0844573974609375 0.0443038940429688 0.0100440979003906 -0.0540008544921875
0.0684089660644531 0.0127143859863281 0.0488319396972656 -0.0104560852050781
0.0631217956542969 -0.00333786010742187 0.0748062133789063 -0.00356292724609375
0.0520744323730469 -0.0268287658691406 0.0831146240234375 -0.0279998779296875
0.0320816040039063 -0.0400352478027344 0.0650825500488281 -0.0412178039550781
0.0052490234375 -0.0594749450683594 0.041473388671875 -0.05108642578125
-0.0178718566894531 -0.0601768493652344 0.0210838317871094 -0.0379142761230469
-0.0176467895507813 -0.0579147338867188 0.0147180557250977 -0.0110015869140625
-0.02178955078125 -0.0682411193847656 0.00887107849121094 0.0168609619140625
-0.00144195556640625 -0.0731201171875 -0.0149078369140625 0.0357589721679687
0.0348358154296875 -0.0645904541015625 -0.0326042175292969 0.0451774597167969
0.056671142578125 -0.0417060852050781 -0.0436744689941406 0.0286407470703125
0.0694084167480469 0.00556182861328125 -0.0492973327636719 0.0198020935058594
0.07257080078125 0.0235595703125 -0.0360794067382812 0.0266876220703125
0.0713272094726563 0.0396194458007812 -0.0198097229003906 0.0561141967773438
0.0818023681640625 0.0465240478515625 0.0356178283691406 -0.0336799621582031
0.0732192993164062 0.0225067138671875 0.07208251953125 0.00676727294921875
0.0753555297851563 0.00524139404296875 0.088897705078125 0.00762939453125
0.0655097961425781 -0.0232772827148438 0.0927886962890625 -0.0185012817382813
0.0436668395996094 -0.0397834777832031 0.0686264038085938 -0.0306930541992188
0.016632080078125 -0.0600204467773438 0.045684814453125 -0.0345344543457031
-0.00634765624999999 -0.0603752136230469 0.0302581787109375 -0.0178241729736328
-0.00862884521484374 -0.0562553405761719 0.0246105194091797 0.00810813903808593
-0.0128364562988281 -0.06597900390625 0.0220832824707031 0.0356636047363281
9.91821289062572E-05 -0.0692672729492188 -0.00341415405273438 0.0560951232910156
0.0318107604980469 -0.0633163452148437 -0.0227279663085937 0.0614700317382813
0.0524330139160156 -0.0479469299316406 -0.0360984802246094 0.0409889221191406
0.072174072265625 -0.00371551513671875 -0.0377960205078125 0.0276603698730469
0.077423095703125 0.0159072875976563 -0.0122318267822266 0.0321559906005859
0.0734710693359375 0.03497314453125 0.00734710693359376 0.0724334716796875
0.0681495666503906 0.0399398803710938 0.0576858520507813 -0.0148696899414062
0.0657691955566406 0.0261650085449219 0.0891494750976563 0.020965576171875
0.074676513671875 0.00939178466796875 0.0956344604492188 0.0174560546875
0.0668411254882813 -0.0186500549316406 0.0943222045898438 -0.00734710693359375
0.0446662902832031 -0.0330886840820313 0.0654792785644531 -0.0177688598632813
0.0218467712402344 -0.0519256591796875 0.0447425842285156 -0.0155792236328125
0.00460052490234375 -0.0513839721679688 0.0334548950195313 0.00258255004882812
0.00220108032226563 -0.0467491149902344 0.0313873291015625 0.0262832641601562
-0.00171279907226562 -0.0535202026367188 0.0305023193359375 0.0519981384277344
0.00504684448242188 -0.0538101196289063 0.00580596923828125 0.0712432861328125
0.0286827087402344 -0.0504302978515625 -0.014617919921875 0.071685791015625
0.0434989929199219 -0.04107666015625 -0.0286750793457031 0.0481109619140625
0.0632057189941406 -0.00643539428710938 -0.0275230407714844 0.0301704406738281
0.0684471130371094 0.0112533569335938 0.00789260864257813 0.0325870513916016
0.0629119873046875 0.0283393859863281 0.032562255859375 0.0848922729492188
0.045501708984375 0.0263442993164063 0.0712661743164063 -0.00197601318359375
0.0487785339355469 0.0206031799316406 0.0970611572265625 0.0287322998046875
0.0584831237792969 0.00669097900390625 0.094879150390625 0.0212478637695313
0.0518684387207031 -0.0138359069824219 0.0878143310546875 0.000999450683593749
0.0332889556884766 -0.0226211547851563 0.0584220886230469 -0.006195068359375
0.0202884674072266 -0.0331535339355469 0.0398521423339844 0.000190734863281248
0.0127315521240234 -0.0331592559814453 0.0335655212402344 0.0199642181396484
0.0125942230224609 -0.0294818878173828 0.0328559875488281 0.0399360656738281
0.0113201141357422 -0.0333671569824219 0.0331001281738281 0.0629501342773438
0.0121173858642578 -0.0311470031738281 0.00940704345703125 0.0798492431640625
0.0251140594482422 -0.0281906127929687 -0.0112457275390625 0.0759429931640625
0.0337047576904297 -0.0245037078857422 -0.0257797241210938 0.050079345703125
0.0464897155761719 0.000152587890625 -0.0208892822265625 0.0285758972167969
0.0480461120605469 0.0113449096679688 0.02215576171875 0.0313491821289063
0.0421485900878906 0.0213470458984375 0.0514755249023438 0.0942840576171875
0.0167274475097656 0.00750637054443359 0.0766677856445313 0.00110626220703125
0.0241298675537109 0.00812149047851563 0.096954345703125 0.0268325805664063
0.0299110412597656 -0.00121307373046875 0.0868148803710937 0.0189132690429687
0.0243415832519531 -0.00836563110351563 0.0775527954101562 0.0047454833984375
0.013157844543457 -0.00692653656005859 0.0496025085449219 -0.000736236572265625
0.0138092041015625 -0.00686264038085938 0.0347461700439453 0.00964927673339844
0.0189056396484375 -0.00806808471679688 0.0294837951660156 0.0295734405517578
0.0203609466552734 -0.00723075866699219 0.0293159484863281 0.0466384887695313
0.0229892730712891 -0.00939559936523438 0.0272789001464844 0.0689163208007813
0.0196208953857422 -0.00545120239257812 0.0041656494140625 0.0822525024414062
0.0206317901611328 -0.00280380249023438 -0.01513671875 0.0746994018554687
0.0213394165039063 -0.0037078857421875 -0.0277671813964844 0.0488853454589844
0.0249042510986328 0.00931358337402344 -0.0204410552978516 0.0268535614013672
0.0191764831542969 0.0135135650634766 0.0268573760986328 0.0317134857177734
0.011683464050293 0.0131216049194336 0.0593643188476562 0.100456237792969
-0.0134868621826172 -0.0105743408203125 0.07196044921875 -0.00656890869140625
-0.00431251525878906 -0.00669193267822266 0.0869064331054688 0.0155487060546875
-0.0044088363647461 -0.009490966796875 0.0748443603515625 0.0118637084960937
-0.00845623016357422 -0.00156927108764648 0.0684165954589844 0.00441741943359375
-0.00988006591796875 0.0126714706420898 0.0433158874511719 -0.00156021118164062
0.00618553161621094 0.0223960876464844 0.0291156768798828 0.00946998596191406
0.0236606597900391 0.0185680389404297 0.0234909057617188 0.0297279357910156
0.0255393981933594 0.0157222747802734 0.0210189819335938 0.0467758178710938
0.0290737152099609 0.0148506164550781 0.0147666931152344 0.0686454772949219
0.0216121673583984 0.0179843902587891 -0.00727081298828125 0.079925537109375
0.0123882293701172 0.0189018249511719 -0.0248680114746094 0.0691375732421875
0.00699710845947266 0.013859748840332 -0.0344314575195312 0.0454559326171875
0.00133991241455078 0.016108512878418 -0.0278129577636719 0.0246467590332031
-0.0123538970947266 0.0132122039794922 0.0191097259521484 0.0333290100097656
-0.0204010009765625 0.00245857238769531 0.0556640625 0.101432800292969
0.0664520263671875 0.0184097290039063 -0.0470733642578125 -0.0916976928710938
0.0380287170410156 -0.0186424255371094 -0.00252532958984374 -0.0401687622070312
0.0204010009765625 -0.0262660980224609 0.0404167175292969 -0.0230331420898438
0.00864410400390625 -0.0328025817871094 0.0527000427246094 -0.0447807312011719
-0.00660896301269531 -0.0343399047851563 0.0438270568847656 -0.0609779357910156
-0.0290756225585937 -0.0366249084472656 0.0178604125976562 -0.0779800415039063
-0.0411911010742188 -0.0315322875976563 -0.00754928588867188 -0.0687103271484375
-0.0359649658203125 -0.0331268310546875 -0.0117721557617188 -0.0446701049804688
-0.0363960266113281 -0.0413322448730469 -0.0165023803710938 -0.0211257934570313
-0.0132255554199219 -0.0502281188964844 -0.0292987823486328 -0.00275802612304688
0.0170326232910156 -0.0432167053222656 -0.0428657531738281 0.0129127502441406
0.0343990325927734 -0.0232181549072266 -0.05633544921875 0.00421142578125
0.0384712219238281 0.00725173950195313 -0.0759048461914063 -0.0054168701171875
0.0413475036621094 0.0178184509277344 -0.0821762084960938 0.000503540039062486
0.0487480163574219 0.0315017700195313 -0.0669631958007813 0.0170669555664063
0.0866851806640625 0.0317230224609375 -0.0176467895507813 -0.079833984375
0.0592994689941406 -0.00775146484375 0.0245952606201172 -0.0332412719726563
0.0444755554199219 -0.0200996398925781 0.059295654296875 -0.0193290710449219
0.0290718078613281 -0.0356254577636719 0.070343017578125 -0.0410690307617187
0.0119667053222656 -0.0407600402832031 0.0582847595214844 -0.055633544921875
-0.0171470642089844 -0.0521736145019531 0.0333938598632813 -0.0700798034667969
-0.0353012084960937 -0.0498275756835938 0.0109367370605469 -0.0594596862792969
-0.0333442687988281 -0.049468994140625 0.00367164611816406 -0.0329132080078125
-0.0344734191894531 -0.0608711242675781 -0.000812530517578127 -0.00635004043579102
-0.01068115234375 -0.0690193176269531 -0.0202007293701172 0.0147037506103516
0.0292816162109375 -0.0635833740234375 -0.0356407165527344 0.0295562744140625
0.0535087585449219 -0.0378341674804688 -0.0491142272949219 0.0168342590332031
0.0643844604492188 0.00759124755859375 -0.0614242553710937 0.00968551635742187
0.0683403015136719 0.0234489440917969 -0.0608024597167969 0.0155868530273437
0.07073974609375 0.0398025512695313 -0.0434074401855469 0.0363006591796875
0.0942764282226563 0.043365478515625 0.0139236450195312 -0.0629997253417969
0.0745010375976563 0.0074615478515625 0.053253173828125 -0.0188407897949219
0.0660781860351563 -0.00794601440429688 0.0798187255859375 -0.0094146728515625
0.0502128601074219 -0.0314865112304688 0.086700439453125 -0.0347518920898438
0.0301322937011719 -0.0444602966308594 0.0695724487304688 -0.0471649169921875
-0.000904083251953127 -0.0624504089355469 0.0456199645996094 -0.0580177307128906
-0.0233192443847656 -0.0616569519042969 0.0248451232910156 -0.0441932678222656
-0.0227394104003906 -0.05926513671875 0.0195579528808594 -0.0154457092285156
-0.0281143188476562 -0.0701103210449219 0.0161733627319336 0.0123929977416992
-0.00797271728515624 -0.0788192749023437 -0.0070343017578125 0.0364952087402344
0.0340499877929688 -0.07275390625 -0.0255508422851562 0.0480880737304687
0.059783935546875 -0.0499420166015625 -0.0392227172851562 0.0319061279296875
0.07843017578125 0.00030517578125 -0.0472831726074219 0.0236549377441406
0.0845184326171875 0.0210342407226562 -0.0343742370605469 0.0261821746826172
0.082366943359375 0.04058837890625 -0.0145645141601562 0.0563850402832031
0.0893783569335938 0.0484695434570313 0.0435638427734375 -0.0412139892578125
0.0786895751953125 0.0231094360351562 0.081146240234375 0.000198364257812501
0.0797271728515625 0.003448486328125 0.0957717895507813 0.00096893310546875
0.0685577392578125 -0.0278091430664063 0.09954833984375 -0.0254287719726562
0.0437507629394531 -0.0427627563476563 0.0740890502929688 -0.0366744995117188
0.0137290954589844 -0.0626754760742188 0.0505409240722656 -0.0414276123046875
-0.00880432128906251 -0.0631942749023437 0.0342292785644531 -0.0234279632568359
-0.011566162109375 -0.0597648620605469 0.0301551818847656 0.00414085388183593
-0.01666259765625 -0.0692558288574219 0.0302333831787109 0.0322475433349609
-0.00337982177734375 -0.0733718872070313 0.00639343261718751 0.0559539794921875
0.033050537109375 -0.0706253051757813 -0.0146141052246094 0.0631942749023438
0.0558013916015625 -0.0533523559570313 -0.0300636291503906 0.0440711975097656
0.0795745849609375 -0.00778961181640625 -0.0334434509277344 0.0323562622070313
0.0864181518554688 0.0153884887695313 -0.00798797607421874 0.0317306518554688
0.0816268920898438 0.036407470703125 0.0166168212890625 0.0731201171875
0.0726852416992188 0.0456619262695313 0.0664138793945313 -0.0196723937988281
0.0694046020507813 0.0293807983398438 0.0992507934570312 0.0152053833007813
0.0790939331054688 0.010650634765625 0.104209899902344 0.0113983154296875
0.0715713500976563 -0.0208358764648438 0.101051330566406 -0.015167236328125
0.0479202270507813 -0.0358009338378906 0.0702133178710938 -0.0237770080566406
0.0230712890625 -0.0550918579101563 0.049713134765625 -0.0206527709960938
0.00426101684570313 -0.0545616149902344 0.0390205383300781 -0.00149154663085938
0.0037994384765625 -0.0515861511230469 0.038604736328125 0.0221595764160156
-0.000537872314453122 -0.0581474304199219 0.0401992797851563 0.0482101440429687
0.00565719604492187 -0.0576171875 0.0155715942382813 0.0702095031738281
0.0311965942382813 -0.0536384582519531 -0.00486755371093749 0.0739974975585937
0.0480308532714844 -0.0438346862792969 -0.0225105285644531 0.0506362915039063
0.0690269470214844 -0.00490188598632813 -0.0227756500244141 0.0322551727294922
0.0737686157226563 0.01300048828125 0.0147972106933594 0.0321292877197266
0.0669975280761719 0.0320053100585938 0.0458755493164063 0.0864486694335938
0.0445976257324219 0.0324287414550781 0.081268310546875 -0.00366973876953125
0.0502128601074219 0.0259857177734375 0.109176635742188 0.0244827270507813
0.0611724853515625 0.0104141235351563 0.103874206542969 0.016876220703125
0.057708740234375 -0.0124015808105469 0.0942916870117188 -0.0052490234375
0.0376739501953125 -0.0220298767089844 0.0623435974121094 -0.0117950439453125
0.0243244171142578 -0.0344772338867187 0.0431747436523437 -0.00399398803710938
0.0167922973632813 -0.0374832153320312 0.0390205383300781 0.0175819396972656
0.0158329010009766 -0.0338783264160156 0.0390892028808594 0.0372047424316406
0.0156478881835938 -0.0382080078125 0.041778564453125 0.0605697631835937
0.0175609588623047 -0.0338172912597656 0.018463134765625 0.0806961059570312
0.0298843383789063 -0.0290145874023437 -0.00312042236328126 0.077362060546875
0.0384941101074219 -0.0234413146972656 -0.0196990966796875 0.0524978637695312
0.0493545532226563 0.0034942626953125 -0.0161914825439453 0.0317249298095703
0.04913330078125 0.0169906616210937 0.0279655456542969 0.0314292907714844
0.041534423828125 0.0260696411132813 0.0651016235351563 0.0976638793945313
0.0124082565307617 0.012542724609375 0.085845947265625 0.00107574462890625
0.0212993621826172 0.0135612487792969 0.108375549316406 0.0243453979492188
0.0297203063964844 0.00426101684570313 0.0945205688476563 0.016021728515625
0.0282268524169922 -0.00482559204101563 0.084014892578125 0.00058746337890625
0.0180110931396484 -0.0032958984375 0.0508651733398438 -0.00501251220703125
0.0211105346679688 -0.00693130493164063 0.0357704162597656 0.0070343017578125
0.0243911743164063 -0.0109119415283203 0.0329170227050781 0.0285892486572266
0.0270519256591797 -0.0114974975585938 0.0335273742675781 0.0455818176269531
0.0296840667724609 -0.0144138336181641 0.0348358154296875 0.0683403015136719
0.0263195037841797 -0.00695419311523438 0.0115203857421875 0.0839462280273438
0.0276737213134766 -0.00135421752929688 -0.008544921875 0.0758895874023437
0.0270671844482422 0.000608444213867188 -0.0223541259765625 0.0526123046875
0.0266342163085938 0.0149650573730469 -0.0167045593261719 0.0288124084472656
0.0174388885498047 0.0204925537109375 0.0327587127685547 0.0343017578125
0.00798606872558594 0.0186004638671875 0.0715866088867188 0.105133056640625
-0.0212478637695312 -0.00726890563964844 0.07904052734375 -0.0058441162109375
-0.00994110107421875 -0.00212860107421875 0.0964584350585938 0.0162887573242188
-0.00776052474975586 -0.00253582000732422 0.0821151733398438 0.00981903076171875
-0.00798273086547852 0.00669050216674805 0.0720596313476563 -0.00154876708984375
-0.00530052185058594 0.0178413391113281 0.0447235107421875 -0.00554275512695312
0.0144367218017578 0.0237655639648438 0.0290889739990234 0.00899124145507813
0.0313034057617188 0.0150852203369141 0.0248069763183594 0.0312385559082031
0.0342082977294922 0.0130672454833984 0.0242767333984375 0.0488128662109375
0.0387229919433594 0.0105743408203125 0.0183258056640625 0.0716934204101563
0.03076171875 0.0163688659667969 -0.00258636474609374 0.0824356079101563
0.0206623077392578 0.0211143493652344 -0.0197219848632813 0.0718154907226563
0.0137138366699219 0.0195274353027344 -0.0318260192871094 0.0491943359375
0.0012359619140625 0.0248737335205078 -0.0267219543457031 0.0281753540039063
-0.0154705047607422 0.0230140686035156 0.0223274230957031 0.0365638732910156
-0.0272426605224609 0.00959777832031249 0.0649185180664063 0.107780456542969
0.0754470825195313 0.0102310180664063 -0.0526199340820313 -0.0982894897460938
0.0404510498046875 -0.0289306640625 -0.00815582275390624 -0.0462913513183594
0.0189914703369141 -0.0348033905029297 0.0373992919921875 -0.0272026062011719
0.0018463134765625 -0.0378456115722656 0.0511093139648437 -0.0476112365722656
-0.0139427185058594 -0.035980224609375 0.0446395874023437 -0.06427001953125
-0.0369834899902344 -0.0309410095214844 0.0164337158203125 -0.0803680419921875
-0.0485305786132813 -0.0266838073730469 -0.00886535644531251 -0.0729598999023438
-0.0429801940917969 -0.0280609130859375 -0.0106582641601563 -0.0483512878417969
-0.0457191467285156 -0.0378379821777344 -0.0162448883056641 -0.0248870849609375
-0.0221748352050781 -0.0518875122070312 -0.0279674530029297 -0.00150299072265626
0.0103912353515625 -0.0491104125976563 -0.0409584045410156 0.0136337280273438
0.0317173004150391 -0.0329875946044922 -0.0575065612792969 0.00556182861328124
0.043731689453125 -0.00063323974609375 -0.0774307250976562 0.000656127929687491
0.0510940551757813 0.00984954833984375 -0.0867919921875 0.00123596191406252
0.060546875 0.0260810852050781 -0.0706405639648438 0.0170135498046875
0.0946426391601563 0.0264053344726563 -0.019989013671875 -0.089385986328125
0.0621185302734375 -0.0154876708984375 0.0230636596679688 -0.0400390625
0.0444869995117187 -0.0268592834472656 0.0592498779296875 -0.023468017578125
0.02362060546875 -0.0406608581542969 0.0722198486328125 -0.0469436645507813
0.00608444213867187 -0.0438995361328125 0.0598907470703125 -0.060577392578125
-0.024169921875 -0.0509529113769531 0.0338592529296875 -0.0747604370117188
-0.0435066223144531 -0.0459938049316406 0.0115242004394531 -0.0651588439941406
-0.038055419921875 -0.0464019775390625 0.00537109374999999 -0.0388565063476563
-0.043914794921875 -0.0589981079101563 0.00176906585693359 -0.010401725769043
-0.0190582275390625 -0.0704269409179688 -0.0137805938720703 0.0142822265625
0.0241279602050781 -0.0701560974121094 -0.0307712554931641 0.0299186706542969
0.0532684326171875 -0.0480995178222656 -0.04644775390625 0.0192947387695313
0.0728378295898438 -0.00063323974609375 -0.0610237121582031 0.0121955871582031
0.07855224609375 0.0162811279296875 -0.0622062683105469 0.0159263610839844
0.083526611328125 0.0350418090820313 -0.0430145263671875 0.0359420776367188
0.106979370117188 0.0396194458007813 0.0149917602539063 -0.0736618041992188
0.0778350830078125 0.00327301025390625 0.055389404296875 -0.0286521911621094
0.0679206848144531 -0.0133476257324219 0.08233642578125 -0.015899658203125
0.0497817993164063 -0.0381507873535156 0.0904464721679688 -0.0417251586914063
0.0273170471191406 -0.0461006164550781 0.0698280334472656 -0.053863525390625
-0.009246826171875 -0.0616226196289063 0.0459213256835938 -0.0651779174804688
-0.0287742614746094 -0.0614852905273438 0.0297355651855469 -0.0513687133789063
-0.0267677307128906 -0.0602340698242188 0.0227813720703125 -0.0215778350830078
-0.0353927612304687 -0.0711517333984375 0.0211963653564453 0.00721549987792968
-0.0131607055664062 -0.0807037353515625 -0.000251770019531254 0.0320148468017578
0.028778076171875 -0.0798110961914062 -0.0173797607421875 0.048675537109375
0.0598068237304687 -0.0593299865722656 -0.0346088409423828 0.0326042175292969
0.086212158203125 -0.00690460205078125 -0.0436172485351563 0.027008056640625
0.0921630859375 0.0155105590820312 -0.0309734344482422 0.0280857086181641
0.0936813354492188 0.0400390625 -0.00891876220703124 0.0536956787109375
0.0988006591796875 0.0501022338867188 0.0471954345703125 -0.0515251159667969
0.08245849609375 0.02081298828125 0.0848007202148438 -0.0076141357421875
0.0848388671875 -1.52587890625E-05 0.100257873535156 -0.00402069091796875
0.0682449340820313 -0.030853271484375 0.102729797363281 -0.03375244140625
0.0430335998535156 -0.0453262329101562 0.0741119384765625 -0.043182373046875
0.0100975036621094 -0.0640869140625 0.0538253784179687 -0.0480003356933594
-0.01123046875 -0.0636672973632813 0.0386085510253906 -0.0325889587402344
-0.0125846862792969 -0.0613059997558594 0.0351524353027344 -0.00166702270507813
-0.0192947387695312 -0.0718917846679688 0.0349349975585938 0.0259265899658203
-0.00729370117187499 -0.0790939331054687 0.0156822204589844 0.052642822265625
0.0308380126953125 -0.0766754150390625 -0.00450897216796875 0.0649223327636719
0.0575447082519531 -0.0586204528808594 -0.0238685607910156 0.044525146484375
0.0855789184570313 -0.011474609375 -0.0289745330810547 0.0326004028320313
0.0944442749023438 0.0147323608398438 -0.00147438049316406 0.0324630737304688
0.090850830078125 0.03778076171875 0.02545166015625 0.0701713562011719
0.0772247314453125 0.0460281372070313 0.0751266479492188 -0.02777099609375
0.072723388671875 0.0328598022460938 0.108505249023438 0.00848388671875
0.0838165283203125 0.0124053955078125 0.110588073730469 0.004669189453125
0.0760574340820313 -0.022186279296875 0.106651306152344 -0.02081298828125
0.0500679016113281 -0.0374679565429687 0.07354736328125 -0.0286712646484375
0.0240287780761719 -0.0581817626953125 0.0545196533203125 -0.0265007019042969
0.00441360473632813 -0.0596351623535156 0.0443077087402344 -0.00653839111328125
0.003143310546875 -0.0546226501464844 0.041107177734375 0.016815185546875
0.000343322753906251 -0.0616073608398437 0.0479698181152344 0.0444450378417969
0.0057373046875 -0.0608329772949219 0.0247573852539062 0.0662269592285156
0.0350265502929688 -0.0576896667480469 0.00201416015625 0.0714645385742188
0.0528793334960938 -0.0470962524414063 -0.0140762329101562 0.0513763427734375
0.0750274658203125 -0.00717926025390625 -0.017852783203125 0.0346488952636719
0.079498291015625 0.014190673828125 0.0223979949951172 0.0311546325683594
0.0726776123046875 0.0361099243164063 0.0544357299804688 0.084320068359375
0.0460662841796875 0.0360374450683594 0.0929641723632813 -0.0095062255859375
0.051422119140625 0.0299911499023438 0.117843627929688 0.0186691284179688
0.0653953552246094 0.0132255554199219 0.111312866210938 0.0104217529296875
0.0637893676757813 -0.0118179321289063 0.0993728637695313 -0.01129150390625
0.0423316955566406 -0.0242500305175781 0.063568115234375 -0.0143661499023438
0.0304679870605469 -0.038787841796875 0.0472908020019531 -0.00839996337890625
0.0193138122558594 -0.0438957214355469 0.0436630249023437 0.0119552612304687
0.01885986328125 -0.0390739440917969 0.0449943542480469 0.03485107421875
0.0188407897949219 -0.0430145263671875 0.0503616333007813 0.0560340881347656
0.02044677734375 -0.0390090942382813 0.0260009765625 0.0759506225585937
0.0361671447753906 -0.0330390930175781 0.00408172607421876 0.0740890502929688
0.0445594787597656 -0.0226631164550781 -0.0107917785644531 0.0523452758789062
0.0564498901367188 0.00704193115234375 -0.00905036926269531 0.0311431884765625
0.0521087646484375 0.0220832824707031 0.0354766845703125 0.0333442687988281
0.0433082580566406 0.0306968688964844 0.0759735107421875 0.0966567993164062
0.0112228393554688 0.0170583724975586 0.09576416015625 -0.00173187255859375
0.0194244384765625 0.0191440582275391 0.116508483886719 0.0209503173828125
0.0323429107666016 0.0112857818603516 0.101142883300781 0.0096893310546875
0.0297107696533203 -0.000303268432617187 0.0885086059570313 -0.0069732666015625
0.0256595611572266 -0.00337600708007813 0.0540428161621094 -0.00848770141601563
0.028076171875 -0.00893211364746094 0.0385475158691406 0.0046844482421875
0.0319194793701172 -0.0173454284667969 0.03704833984375 0.0300216674804687
0.0347881317138672 -0.0172882080078125 0.0381584167480469 0.044830322265625
0.0351600646972656 -0.0182609558105469 0.0392723083496094 0.0653648376464844
0.0339469909667969 -0.0133686065673828 0.0171279907226562 0.0804214477539063
0.0344886779785156 -0.00221824645996094 -0.002838134765625 0.07403564453125
0.0356369018554688 0.00302886962890625 -0.0184783935546875 0.0522041320800781
0.0300521850585938 0.0243930816650391 -0.0117511749267578 0.0299339294433594
0.0166606903076172 0.0309333801269531 0.0368537902832031 0.033538818359375
0.0059661865234375 0.0269145965576172 0.0823974609375 0.106918334960938
-0.0285911560058594 -0.0010528564453125 0.0876235961914063 -0.005279541015625
-0.0145435333251953 0.00624656677246094 0.104850769042969 0.0132369995117187
-0.00914859771728516 0.00485992431640625 0.0858306884765625 0.0037841796875
-0.00257968902587891 0.0124969482421875 0.0742950439453125 -0.006072998046875
0.000513076782226564 0.0233097076416016 0.0421905517578125 -0.00850677490234375
0.0252799987792969 0.0233955383300781 0.0281753540039062 0.00839805603027344
0.03802490234375 0.0114021301269531 0.0265293121337891 0.0320911407470703
0.0417366027832031 0.00717926025390625 0.0259132385253906 0.0505218505859375
0.0466575622558594 0.00591278076171875 0.0220489501953125 0.0723953247070313
0.0391273498535156 0.0147056579589844 0.00145721435546875 0.0813522338867188
0.031097412109375 0.0234184265136719 -0.0189208984375 0.0716705322265625
0.0182533264160156 0.0238265991210938 -0.0287704467773437 0.05029296875
0.00339889526367188 0.0340328216552734 -0.0219554901123047 0.0304832458496094
-0.0172996520996094 0.0319271087646484 0.0267906188964844 0.0391502380371094
-0.0331783294677734 0.0171165466308594 0.0740890502929688 0.109901428222656
0.0815887451171875 -0.00025177001953125 -0.0584564208984375 -0.10430908203125
0.03924560546875 -0.03851318359375 -0.0107498168945312 -0.0505828857421875
0.014190673828125 -0.0420265197753906 0.0358047485351563 -0.0294723510742188
-0.00732803344726562 -0.0423583984375 0.0503158569335938 -0.05078125
-0.021209716796875 -0.0365829467773438 0.0437736511230469 -0.0661239624023438
-0.0465888977050781 -0.0283012390136719 0.0153732299804687 -0.0825271606445313
-0.0556678771972656 -0.0200576782226563 -0.00924682617187501 -0.0758438110351562
-0.0495338439941406 -0.0226936340332031 -0.0129547119140625 -0.0515861511230469
-0.0533485412597656 -0.0312728881835938 -0.0159854888916016 -0.0269241333007813
-0.0312576293945313 -0.0482406616210937 -0.0263481140136719 -0.00335121154785157
0.00287246704101562 -0.0541191101074219 -0.0377845764160156 0.013824462890625
0.0276908874511719 -0.039093017578125 -0.0572433471679688 0.00891494750976562
0.0471687316894531 -0.010101318359375 -0.079132080078125 0.0028533935546875
0.05828857421875 0.00193405151367187 -0.092498779296875 0.00365447998046875
0.0694351196289063 0.0188369750976563 -0.0750045776367188 0.0139999389648438
0.104728698730469 0.0187606811523438 -0.0236053466796875 -0.098297119140625
0.0642814636230469 -0.0240707397460937 0.0212135314941406 -0.0467147827148438
0.0412635803222656 -0.0336189270019531 0.0597305297851563 -0.0283164978027344
0.0187644958496094 -0.0445022583007813 0.0710983276367188 -0.0507278442382813
-0.000759124755859377 -0.0444717407226563 0.0605316162109375 -0.0650787353515625
-0.0315628051757812 -0.0465888977050781 0.0345458984375 -0.0797119140625
-0.0486602783203125 -0.0414009094238281 0.012115478515625 -0.0706787109375
-0.0443801879882813 -0.0440444946289062 0.007049560546875 -0.0434608459472656
-0.0507926940917969 -0.0549240112304687 0.003814697265625 -0.0164718627929688
-0.0266265869140625 -0.0708160400390625 -0.0105142593383789 0.0103359222412109
0.0168075561523438 -0.0751724243164063 -0.0251922607421875 0.0288791656494141
0.049041748046875 -0.0566444396972656 -0.0433692932128906 0.0196495056152344
0.0758819580078125 -0.0095977783203125 -0.0603370666503906 0.0150718688964844
0.0872344970703125 0.00878143310546875 -0.0636749267578125 0.0160675048828125
0.09490966796875 0.0312042236328125 -0.0427589416503906 0.0320396423339844
0.113510131835937 0.0362548828125 0.0158615112304688 -0.082977294921875
0.0813217163085938 -0.0009613037109375 0.0564537048339844 -0.0359992980957031
0.06756591796875 -0.0180778503417969 0.0837554931640625 -0.0209732055664063
0.04656982421875 -0.0407180786132813 0.0912933349609375 -0.0472946166992188
0.0232505798339844 -0.0473251342773438 0.0732955932617188 -0.0590972900390625
-0.0112953186035156 -0.0601539611816406 0.04913330078125 -0.0711517333984375
-0.0331573486328125 -0.0591201782226562 0.0290374755859375 -0.0579032897949219
-0.0331230163574219 -0.05853271484375 0.0246524810791016 -0.0293903350830078
-0.0400314331054688 -0.06988525390625 0.0250453948974609 -0.000366210937500004
-0.0212326049804688 -0.0817718505859375 0.00623321533203125 0.0290927886962891
0.0236892700195313 -0.0863113403320313 -0.0109748840332031 0.0457267761230469
0.0590362548828125 -0.06817626953125 -0.0304279327392578 0.0323486328125
0.0913162231445313 -0.014617919921875 -0.041015625 0.0266265869140625
0.102561950683594 0.0102996826171875 -0.0304336547851562 0.0237216949462891
0.105384826660156 0.0380172729492188 -0.00577163696289062 0.0506935119628906
0.105476379394531 0.0490951538085938 0.052581787109375 -0.060791015625
0.0865249633789063 0.01959228515625 0.0887908935546875 -0.0182266235351563
0.0860366821289063 -0.0024261474609375 0.103309631347656 -0.0103759765625
0.0713043212890625 -0.0348281860351563 0.105003356933594 -0.038787841796875
0.0432014465332031 -0.0478973388671875 0.0788116455078125 -0.0495071411132813
0.00906753540039062 -0.0668907165527344 0.0549392700195313 -0.055450439453125
-0.0152511596679687 -0.0678329467773438 0.0409965515136719 -0.0389747619628906
-0.0151100158691406 -0.0636558532714844 0.0380630493164063 -0.0105743408203125
-0.0248947143554688 -0.0734100341796875 0.0421943664550781 0.0175209045410156
-0.010528564453125 -0.0799560546875 0.0225143432617188 0.0464439392089844
0.0287322998046875 -0.081573486328125 0.00305938720703125 0.0593833923339844
0.0589065551757812 -0.0681190490722656 -0.0176162719726562 0.0428352355957031
0.0924758911132812 -0.0160675048828125 -0.0241470336914062 0.03265380859375
0.102134704589844 0.00926971435546875 0.000728607177734383 0.0278739929199219
0.10028076171875 0.03900146484375 0.0334281921386719 0.0669441223144531
0.0826644897460937 0.0500030517578125 0.0828018188476563 -0.036865234375
0.0782546997070313 0.033782958984375 0.112823486328125 -0.00116729736328125
0.0893402099609375 0.01226806640625 0.116294860839844 -0.00145721435546875
0.0797958374023438 -0.0248031616210938 0.110588073730469 -0.028350830078125
0.053619384765625 -0.040069580078125 0.075836181640625 -0.0353851318359375
0.0257606506347656 -0.0611953735351562 0.0559959411621094 -0.034423828125
0.00505447387695313 -0.0639152526855469 0.0473747253417969 -0.0147590637207031
0.003143310546875 -0.05841064453125 0.046112060546875 0.009613037109375
-0.003692626953125 -0.06591796875 0.0529441833496094 0.0346870422363281
0.00542449951171875 -0.0657997131347656 0.0324287414550781 0.0613784790039063
0.0350265502929687 -0.0634765625 0.0111122131347656 0.068115234375
0.0547943115234375 -0.0519943237304688 -0.00897216796875 0.0477523803710937
0.08123779296875 -0.00739288330078125 -0.0107536315917969 0.0327930450439453
0.085113525390625 0.015289306640625 0.0263996124267578 0.0259056091308594
0.0789260864257813 0.0398483276367188 0.0662994384765625 0.0812911987304688
0.0478324890136719 0.0428619384765625 0.1011962890625 -0.01702880859375
0.0538063049316406 0.0362892150878906 0.127677917480469 0.0121536254882813
0.0704421997070313 0.0182571411132813 0.116500854492188 0.004425048828125
0.0687828063964844 -0.0118560791015625 0.103256225585937 -0.018951416015625
0.0487251281738281 -0.0250511169433594 0.0655250549316406 -0.0222587585449219
0.033447265625 -0.0439567565917969 0.0497398376464844 -0.0128326416015625
0.0216217041015625 -0.0489692687988281 0.0467605590820312 0.00839996337890625
0.0220260620117188 -0.0457115173339844 0.0470733642578125 0.0286178588867187
0.0203475952148437 -0.0510787963867187 0.0527153015136719 0.0510025024414063
0.0251426696777344 -0.0441932678222656 0.0329513549804688 0.0711669921875
0.0411567687988281 -0.036041259765625 0.0110244750976563 0.0721282958984375
0.0502204895019531 -0.0247077941894531 -0.00691223144531249 0.0501441955566406
0.060943603515625 0.0102996826171875 -0.00465202331542968 0.0311298370361328
0.0569534301757813 0.0266189575195313 0.0422935485839844 0.027099609375
0.0449981689453125 0.0397109985351563 0.0876083374023438 0.093963623046875
0.0079803466796875 0.0274600982666016 0.106269836425781 -0.005523681640625
0.0193195343017578 0.0268440246582031 0.125801086425781 0.015716552734375
0.0346260070800781 0.0182456970214844 0.106941223144531 0.00513458251953125
0.0396041870117188 0.00384902954101563 0.0904617309570313 -0.0116958618164063
0.0319309234619141 -0.00189971923828125 0.0536918640136719 -0.0118522644042969
0.0350284576416016 -0.0147190093994141 0.0391998291015625 0.00239181518554687
0.0369529724121094 -0.0243759155273438 0.0396995544433594 0.0255966186523437
0.0376167297363281 -0.0245819091796875 0.0399398803710938 0.0422821044921875
0.0407333374023437 -0.0288619995117188 0.0420074462890625 0.0629119873046875
0.039794921875 -0.01837158203125 0.0216598510742188 0.0776519775390625
0.0446357727050781 -0.00495147705078125 0.000999450683593748 0.0728836059570313
0.0425872802734375 0.00444412231445313 -0.012298583984375 0.0513458251953125
0.0358047485351563 0.0297012329101562 -0.00848007202148437 0.0311489105224609
0.0190811157226562 0.0392341613769531 0.0446891784667969 0.0316886901855469
0.00487899780273437 0.0366630554199219 0.0945510864257813 0.106636047363281
-0.0342578887939453 0.00757789611816406 0.0953903198242188 -0.0064544677734375
-0.0171880722045898 0.0140047073364258 0.111068725585937 0.012115478515625
-0.00811195373535156 0.0152511596679687 0.0922393798828125 -0.000823974609374999
0.00142097473144531 0.0192298889160156 0.0747451782226563 -0.0108413696289063
0.00849151611328125 0.0241851806640625 0.0410537719726563 -0.00997543334960937
0.0327339172363281 0.0204067230224609 0.0270824432373047 0.00884056091308594
0.0473823547363281 0.00514602661132813 0.0272159576416016 0.0329322814941406
0.0472221374511719 -0.000640869140625 0.028076171875 0.0506858825683594
0.0538978576660156 -0.00347137451171875 0.0244827270507812 0.0707244873046875
0.0478172302246094 0.0062255859375 0.00366973876953125 0.0800704956054688
0.0394668579101563 0.0215187072753906 -0.0152740478515625 0.0715789794921875
0.0289344787597656 0.0274753570556641 -0.0249900817871094 0.0524482727050781
0.00811767578125 0.0420646667480469 -0.0186290740966797 0.03338623046875
-0.0178413391113281 0.044464111328125 0.0317039489746094 0.0406303405761719
-0.03607177734375 0.0271873474121094 0.083221435546875 0.114501953125
0.0886688232421875 -0.0105209350585938 -0.0665740966796875 -0.111747741699219
0.0375556945800781 -0.0483512878417969 -0.01702880859375 -0.0541458129882813
0.0082244873046875 -0.0499534606933594 0.0345821380615234 -0.0309219360351563
-0.016357421875 -0.0453033447265625 0.0505561828613281 -0.0527305603027344
-0.0286464691162109 -0.0344448089599609 0.0447425842285156 -0.0692176818847656
-0.0535507202148438 -0.021087646484375 0.0156631469726562 -0.0872573852539063
-0.06060791015625 -0.0126075744628906 -0.00990295410156251 -0.0802993774414062
-0.0553321838378906 -0.0169296264648437 -0.0140609741210938 -0.0559310913085937
-0.0604362487792969 -0.0246391296386719 -0.0164718627929688 -0.0323085784912109
-0.0397796630859375 -0.0449371337890625 -0.0238742828369141 -0.00672531127929688
-0.006134033203125 -0.0570106506347656 -0.0356636047363281 0.012786865234375
0.021697998046875 -0.0466651916503906 -0.0578765869140625 0.00994110107421875
0.0489692687988281 -0.0200843811035156 -0.0823287963867188 0.00498199462890623
0.0642776489257813 -0.009002685546875 -0.0989608764648438 0.00469970703125
0.0791168212890625 0.0106353759765625 -0.081573486328125 0.0136489868164062
0.112403869628906 0.0108184814453125 -0.0278396606445313 -0.1090087890625
0.0649871826171875 -0.0318794250488281 0.0170936584472656 -0.0550804138183594
0.0381622314453125 -0.0400581359863281 0.0595283508300781 -0.0318717956542969
0.01165771484375 -0.0475997924804688 0.0734024047851563 -0.0551300048828125
-0.00669097900390625 -0.0434303283691406 0.0625457763671875 -0.0687828063964844
-0.0379905700683594 -0.041717529296875 0.0361175537109375 -0.0857086181640625
-0.0536727905273437 -0.037261962890625 0.012847900390625 -0.07843017578125
-0.0501747131347656 -0.0400810241699219 0.0066375732421875 -0.0501060485839844
-0.0576667785644531 -0.0511589050292969 0.0051422119140625 -0.0237464904785156
-0.0346107482910156 -0.0702857971191406 -0.00761556625366211 0.00574731826782226
0.009490966796875 -0.08001708984375 -0.0216636657714844 0.0264358520507812
0.0457038879394531 -0.06463623046875 -0.0422935485839844 0.0191879272460937
0.0805816650390625 -0.0193710327148438 -0.0595130920410156 0.0175399780273438
0.0957489013671875 -0.00077056884765625 -0.0663337707519531 0.016387939453125
0.106224060058594 0.0250320434570312 -0.0456161499023437 0.0290908813476562
0.122238159179688 0.032501220703125 0.0151138305664063 -0.0959091186523438
0.084503173828125 -0.00655364990234375 0.0557670593261719 -0.0442924499511719
0.0683822631835938 -0.0228080749511719 0.0858383178710938 -0.0259628295898438
0.0437660217285156 -0.0447578430175781 0.09466552734375 -0.05364990234375
0.0198898315429688 -0.0491218566894531 0.0758056640625 -0.0651779174804688
-0.0151939392089844 -0.0590782165527344 0.0507125854492188 -0.0788497924804688
-0.0369834899902344 -0.0581436157226562 0.0308380126953125 -0.0672607421875
-0.0375480651855469 -0.057861328125 0.0255661010742187 -0.037200927734375
-0.0469779968261719 -0.0690956115722656 0.0267982482910156 -0.00905799865722657
-0.0267868041992188 -0.0834503173828125 0.009796142578125 0.0235767364501953
0.0185928344726562 -0.0919570922851563 -0.006317138671875 0.041168212890625
0.0563125610351563 -0.0766220092773438 -0.0276165008544922 0.0304317474365234
0.0974273681640625 -0.0233306884765625 -0.0380783081054688 0.02728271484375
0.112495422363281 0.0025787353515625 -0.0302333831787109 0.0230388641357422
0.117271423339844 0.0341873168945313 -0.002960205078125 0.0456619262695313
0.115219116210938 0.0490798950195313 0.0560531616210938 -0.0733642578125
0.09283447265625 0.0185699462890625 0.0908889770507813 -0.0286026000976562
0.0912551879882813 -0.00344085693359375 0.107528686523438 -0.0168914794921875
0.0721817016601563 -0.0386123657226563 0.10992431640625 -0.0463638305664062
0.0438461303710937 -0.0501365661621094 0.08203125 -0.055511474609375
0.0073699951171875 -0.0690116882324219 0.058013916015625 -0.0633659362792969
-0.0167160034179687 -0.0694007873535156 0.0434074401855469 -0.0478363037109375
-0.0187530517578125 -0.0662994384765625 0.0395584106445313 -0.0180091857910156
-0.028594970703125 -0.0764846801757813 0.0452919006347656 0.00962448120117187
-0.0138626098632813 -0.0833892822265625 0.0273399353027344 0.0406570434570312
0.0273361206054688 -0.0879592895507813 0.00822830200195313 0.0548629760742187
0.0597381591796875 -0.075164794921875 -0.0137748718261719 0.0395011901855469
0.0990753173828125 -0.0220870971679688 -0.0190391540527344 0.0307521820068359
0.111679077148438 0.00605010986328125 0.00385475158691407 0.0240287780761719
0.111236572265625 0.0391616821289062 0.0386276245117188 0.0620307922363281
0.0910186767578125 0.0559768676757813 0.0895843505859375 -0.0481414794921875
0.084442138671875 0.0369110107421875 0.11944580078125 -0.00970458984375
0.0960540771484375 0.0132675170898438 0.121406555175781 -0.0074920654296875
0.0852279663085938 -0.0272140502929688 0.114212036132813 -0.036376953125
0.0572357177734375 -0.0433349609375 0.0784454345703125 -0.0407791137695313
0.0262069702148438 -0.0668563842773438 0.0581207275390625 -0.0409507751464844
0.00426864624023438 -0.06939697265625 0.0497169494628906 -0.0228500366210938
0.00272369384765625 -0.0644073486328125 0.0487937927246094 0.00329208374023437
-0.00395965576171875 -0.072723388671875 0.0565910339355469 0.027862548828125
0.00545501708984376 -0.0712509155273437 0.0372962951660156 0.0550193786621094
0.0366897583007812 -0.0701255798339844 0.0166358947753906 0.0637931823730469
0.0587654113769531 -0.0577735900878906 -0.00450897216796875 0.0446815490722656
0.0886993408203125 -0.0096588134765625 -0.00539016723632812 0.0301151275634766
0.0941238403320313 0.0164642333984375 0.0316123962402344 0.0226211547851563
0.087310791015625 0.04400634765625 0.0745925903320313 0.0771331787109375
0.0534515380859375 0.05010986328125 0.111053466796875 -0.0251693725585938
0.0596466064453125 0.0416450500488281 0.135246276855469 0.00565338134765625
0.0781326293945313 0.0233535766601563 0.122886657714844 -0.000869750976562499
0.0764312744140625 -0.0116653442382813 0.107406616210938 -0.02484130859375
0.055938720703125 -0.0275077819824219 0.0681800842285156 -0.024810791015625
0.0379447937011719 -0.0496597290039063 0.0515403747558594 -0.0171890258789063
0.02423095703125 -0.0565528869628906 0.0492172241210938 0.00392913818359375
0.0236930847167969 -0.0527420043945312 0.0500106811523437 0.0237045288085937
0.0219078063964844 -0.059478759765625 0.0567474365234375 0.0457878112792969
0.0273361206054687 -0.0509757995605469 0.0368232727050781 0.0661849975585938
0.0471153259277344 -0.0415000915527344 0.0159034729003906 0.0682411193847656
0.0575294494628906 -0.0282135009765625 -0.00218200683593749 0.04742431640625
0.0691452026367188 0.0126686096191406 0.000598907470703127 0.0286960601806641
0.0635795593261719 0.0328559875488281 0.0485572814941406 0.0236778259277344
0.0511131286621094 0.04742431640625 0.0987091064453125 0.09222412109375
0.00790786743164063 0.0362205505371094 0.116142272949219 -0.0111541748046875
0.0219383239746094 0.0359954833984375 0.136154174804688 0.010986328125
0.0404281616210938 0.02545166015625 0.113662719726563 -0.000709533691406248
0.0479774475097656 0.005462646484375 0.0932693481445313 -0.017303466796875
0.0397186279296875 -0.0024871826171875 0.0540618896484375 -0.0134468078613281
0.0415725708007813 -0.0205879211425781 0.0412712097167969 0.0017852783203125
0.0409126281738281 -0.0330009460449219 0.0425910949707031 0.0243797302246094
0.0409202575683594 -0.0324821472167969 0.0438194274902344 0.0414009094238281
0.0446548461914063 -0.0387039184570313 0.0465278625488281 0.0610237121582031
0.0458221435546875 -0.0258445739746094 0.0246429443359375 0.0748214721679688
0.0532989501953125 -0.00908660888671875 0.00495147705078125 0.0706405639648438
0.0524482727050781 0.00326156616210938 -0.00828170776367187 0.0492019653320313
0.0429267883300781 0.0365104675292969 -0.00242233276367187 0.0309791564941406
0.024658203125 0.0482673645019531 0.0517005920410156 0.0313186645507813
0.0059967041015625 0.0469703674316406 0.105125427246094 0.1072998046875
-0.0385589599609375 0.0172691345214844 0.104446411132813 -0.00881195068359375
-0.0196094512939453 0.0237007141113281 0.1214599609375 0.008544921875
-0.00528907775878906 0.0236759185791016 0.0962600708007813 -0.00482177734375
0.00944137573242188 0.0247383117675781 0.076080322265625 -0.01446533203125
0.0160427093505859 0.0261554718017578 0.0400733947753906 -0.00974655151367187
0.0404434204101563 0.01513671875 0.0283126831054688 0.010467529296875
0.0525016784667969 -0.00320053100585937 0.0300064086914063 0.0356521606445313
0.0524101257324219 -0.0080718994140625 0.0305595397949219 0.0516815185546875
0.0587959289550781 -0.0135116577148438 0.027069091796875 0.0724334716796875
0.0547523498535156 -0.00163650512695313 0.00456237792968751 0.0804367065429688
0.0500259399414063 0.0175209045410156 -0.0142593383789062 0.0719223022460938
0.0394325256347656 0.0276870727539063 -0.0215988159179688 0.0518074035644531
0.0154762268066406 0.0506591796875 -0.0158214569091797 0.0341377258300781
-0.0145721435546875 0.0552940368652344 0.038665771484375 0.0434761047363281
-0.0386085510253906 0.0389366149902344 0.0934295654296875 0.118637084960937
0.0943374633789062 -0.023681640625 -0.0785140991210938 -0.120941162109375
0.0337409973144531 -0.05975341796875 -0.0243682861328125 -0.0583724975585938
4.19616699218696E-05 -0.0568733215332031 0.0333843231201172 -0.0333423614501953
-0.0271568298339844 -0.0465049743652344 0.0508613586425781 -0.0554428100585937
-0.0374641418457031 -0.0306625366210937 0.0459518432617188 -0.0744400024414063
-0.0594520568847656 -0.0118789672851562 0.0150985717773437 -0.0922393798828125
-0.0656547546386719 -0.00338363647460937 -0.0124359130859375 -0.0868148803710938
-0.0603523254394531 -0.00888824462890626 -0.0170478820800781 -0.0613479614257812
-0.0670623779296875 -0.016204833984375 -0.0181427001953125 -0.0371055603027344
-0.0482444763183594 -0.0403213500976563 -0.0240001678466797 -0.00925827026367188
-0.0159263610839844 -0.0580024719238281 -0.0340805053710938 0.01165771484375
0.0148658752441406 -0.0528831481933594 -0.059661865234375 0.0115814208984375
0.0484695434570313 -0.0310707092285156 -0.08587646484375 0.00903320312500001
0.0685806274414063 -0.0215682983398438 -0.10675048828125 0.00859069824218749
0.0882110595703125 -0.0007476806640625 -0.0906524658203125 0.0149917602539063
0.122161865234375 0.000335693359375 -0.0359954833984375 -0.121711730957031
0.0646171569824219 -0.041290283203125 0.0126419067382813 -0.0628700256347656
0.0338401794433594 -0.0462112426757813 0.0601730346679688 -0.036468505859375
0.00435638427734375 -0.0503349304199219 0.0750961303710937 -0.0605087280273437
-0.0134468078613281 -0.0424766540527344 0.064788818359375 -0.0757522583007813
-0.0441551208496094 -0.0362434387207031 0.0358657836914062 -0.0939788818359375
-0.0584259033203125 -0.031982421875 0.0108795166015625 -0.0875244140625
-0.0561294555664062 -0.0354843139648437 0.00465393066406249 -0.0582084655761719
-0.0649948120117188 -0.0459747314453125 0.00392150878906249 -0.0309410095214844
-0.042816162109375 -0.0683860778808594 -0.0062398910522461 0.00127887725830078
0.000488281249999991 -0.0844955444335938 -0.0185489654541016 0.023193359375
0.0404891967773437 -0.0739517211914063 -0.0419197082519531 0.0186958312988281
0.0839614868164063 -0.0312347412109375 -0.0600433349609375 0.0191268920898437
0.103622436523437 -0.012451171875 -0.07049560546875 0.01690673828125
0.118598937988281 0.0160446166992188 -0.0498237609863281 0.0277214050292969
0.133193969726563 0.026763916015625 0.0113983154296875 -0.110321044921875
0.0885086059570313 -0.0129318237304687 0.0536918640136719 -0.0547904968261719
0.0694847106933594 -0.0282707214355469 0.0878372192382813 -0.0328598022460938
0.0405540466308594 -0.0485763549804688 0.0979156494140625 -0.0614242553710938
0.016510009765625 -0.0500946044921875 0.0787506103515625 -0.0737380981445313
-0.0205230712890625 -0.0579566955566406 0.0513839721679688 -0.0888442993164063
-0.0421066284179687 -0.0565452575683594 0.03009033203125 -0.0777053833007813
-0.0425376892089844 -0.056549072265625 0.0247840881347656 -0.0462303161621094
-0.0537300109863281 -0.0682601928710938 0.0273952484130859 -0.0177783966064453
-0.034637451171875 -0.0846328735351563 0.0133800506591797 0.0169706344604492
0.0123748779296875 -0.0986480712890625 -0.0024261474609375 0.0364875793457031
0.0537948608398438 -0.0871429443359375 -0.0251998901367188 0.0281448364257812
0.103736877441406 -0.0338592529296875 -0.0357170104980469 0.0265274047851563
0.123138427734375 -0.00745391845703125 -0.0305843353271484 0.0215206146240234
0.13140869140625 0.0277557373046875 -0.00219726562499999 0.0424957275390625
0.12664794921875 0.0479583740234375 0.0572128295898438 -0.0894775390625
0.099700927734375 0.0156784057617188 0.0933380126953125 -0.039276123046875
0.0965118408203125 -0.00644683837890625 0.112442016601563 -0.0240936279296875
0.0744247436523438 -0.0436553955078125 0.1146240234375 -0.0557403564453125
0.0439338684082031 -0.0537834167480469 0.0849609375 -0.0643310546875
0.00488281250000001 -0.0714340209960938 0.059417724609375 -0.07354736328125
-0.0206451416015625 -0.072723388671875 0.0441932678222656 -0.0577125549316406
-0.0231895446777344 -0.0693511962890625 0.0399169921875 -0.0271186828613281
-0.0345458984375 -0.0800094604492188 0.0478439331054688 0.000381469726562495
-0.0195541381835938 -0.087921142578125 0.0309677124023438 0.0337715148925781
0.0235671997070313 -0.0960006713867188 0.0129814147949219 0.0491142272949219
0.0589141845703125 -0.0851593017578125 -0.0110340118408203 0.0349845886230469
0.106712341308594 -0.0298995971679687 -0.0147819519042969 0.0281200408935547
0.122085571289063 -0.00066375732421875 0.00627136230468751 0.0204429626464844
0.124732971191406 0.0373992919921875 0.0445022583007813 0.0573883056640625
0.10107421875 0.0597763061523438 0.0961532592773438 -0.0629043579101563
0.0933761596679688 0.038848876953125 0.125617980957031 -0.0204010009765625
0.105720520019531 0.0129318237304688 0.126808166503906 -0.01544189453125
0.091552734375 -0.032958984375 0.11895751953125 -0.0448837280273438
0.0614089965820313 -0.0490074157714844 0.0816116333007813 -0.0480194091796875
0.026031494140625 -0.0727996826171875 0.0598602294921875 -0.0496253967285156
0.0024261474609375 -0.0766143798828125 0.0518455505371094 -0.0313301086425781
0.000679016113281248 -0.0715255737304687 0.0503578186035156 -0.00386810302734375
-0.00791168212890625 -0.080322265625 0.0596160888671875 0.0200233459472656
0.00273132324218751 -0.07830810546875 0.0413436889648438 0.0489006042480469
0.0375747680664062 -0.0784225463867188 0.021026611328125 0.058135986328125
0.0626258850097656 -0.0654792785644531 -0.000423431396484375 0.0400199890136719
0.0982208251953125 -0.0134811401367188 -0.000526428222656244 0.0272045135498047
0.104873657226563 0.0152511596679688 0.0368080139160156 0.0175933837890625
0.0994491577148438 0.0473480224609375 0.085235595703125 0.0726242065429688
0.0602569580078125 0.0582275390625 0.120933532714844 -0.0377349853515625
0.0671157836914063 0.0484848022460937 0.144607543945312 -0.004669189453125
0.0881881713867187 0.0269393920898437 0.130836486816406 -0.0087890625
0.0857620239257813 -0.0158767700195313 0.112632751464844 -0.0328369140625
0.0626029968261719 -0.0321388244628906 0.0708541870117187 -0.0302505493164063
0.040435791015625 -0.058624267578125 0.0534477233886719 -0.023468017578125
0.0243263244628906 -0.0664215087890625 0.0523910522460938 -0.00174331665039063
0.0239143371582031 -0.0620536804199219 0.0526771545410156 0.0191001892089844
0.0207901000976563 -0.0703964233398438 0.0602645874023437 0.0406532287597656
0.0285720825195312 -0.0594863891601563 0.0404129028320313 0.0617446899414063
0.0521774291992188 -0.049285888671875 0.0194206237792969 0.0648384094238281
0.0648574829101563 -0.0342826843261719 0.00220108032226563 0.0431594848632812
0.0789413452148438 0.0141983032226562 0.00566864013671875 0.0256977081298828
0.0729141235351563 0.0367355346679688 0.0556144714355469 0.0194358825683594
0.0591392517089844 0.0555877685546875 0.111709594726563 0.088897705078125
0.0104141235351563 0.0461883544921875 0.129135131835938 -0.0202178955078125
0.02728271484375 0.04541015625 0.147552490234375 0.0033721923828125
0.0496940612792969 0.0322761535644531 0.120407104492187 -0.00804901123046875
0.05804443359375 0.00506973266601563 0.0974044799804688 -0.0244903564453125
0.0477790832519531 -0.00608444213867188 0.0547866821289063 -0.0168266296386719
0.0468482971191406 -0.0287895202636719 0.0431175231933594 4.19616699218732E-05
0.0436859130859375 -0.0433616638183594 0.0462760925292969 0.0229530334472656
0.0442085266113281 -0.0433616638183594 0.0467796325683594 0.0395774841308594
0.0464820861816406 -0.0506858825683594 0.0493736267089844 0.0597457885742187
0.0495758056640625 -0.0356559753417969 0.0274200439453125 0.07275390625
0.0618934631347656 -0.0167884826660156 0.00635910034179688 0.0688514709472656
0.0628242492675781 0.000141143798828125 -0.00495147705078125 0.0465621948242188
0.0537338256835938 0.0412979125976563 0.0017242431640625 0.0284996032714844
0.0322151184082031 0.0579376220703125 0.0594902038574219 0.0290298461914063
0.01025390625 0.0584869384765625 0.119796752929688 0.10772705078125
-0.0408744812011719 0.0289459228515625 0.11639404296875 -0.0148849487304687
-0.0187549591064453 0.0350761413574219 0.132560729980469 0.00279998779296875
-0.000659942626953123 0.0341835021972656 0.1024169921875 -0.0112228393554687
0.0181369781494141 0.0282154083251953 0.07843017578125 -0.0196456909179688
0.0256195068359375 0.0255012512207031 0.0398063659667969 -0.0103263854980469
0.0484886169433594 0.00898361206054688 0.0301227569580078 0.0120277404785156
0.0572738647460938 -0.0134735107421875 0.033660888671875 0.0381278991699219
0.0565032958984375 -0.0180168151855469 0.0329475402832031 0.0536422729492188
0.0633583068847656 -0.024993896484375 0.0301895141601563 0.07476806640625
0.0607757568359375 -0.0112190246582031 0.005889892578125 0.0811538696289063
0.0598678588867187 0.0114593505859375 -0.0133514404296875 0.0727767944335938
0.0515785217285156 0.0268516540527344 -0.0194969177246094 0.0517997741699219
0.024993896484375 0.0583267211914062 -0.0120353698730469 0.0350971221923828
-0.00934982299804688 0.0679206848144531 0.0467109680175781 0.0440330505371094
-0.0392417907714844 0.0519752502441406 0.107551574707031 0.12286376953125
0.0973052978515625 -0.0401382446289063 -0.0960922241210937 -0.126045227050781
0.0256805419921875 -0.0718917846679688 -0.0352821350097656 -0.0612678527832031
-0.0111503601074219 -0.0631370544433594 0.0317916870117188 -0.0364227294921875
-0.0392646789550781 -0.0448150634765625 0.0500297546386719 -0.0599365234375
-0.0464134216308594 -0.0249099731445313 0.0456161499023438 -0.0806961059570313
-0.0652084350585938 -0.000308990478515619 0.01165771484375 -0.0985565185546875
-0.0681686401367188 0.00809860229492187 -0.0177841186523438 -0.0929641723632813
-0.0643234252929688 0.00137329101562501 -0.0217094421386719 -0.0665435791015625
-0.0721588134765625 -0.00479888916015624 -0.0232810974121094 -0.0421485900878906
-0.0562629699707031 -0.0329360961914062 -0.0244159698486328 -0.0124378204345703
-0.0273818969726562 -0.0574722290039063 -0.0345401763916016 0.0107078552246094
0.00472640991210938 -0.0582275390625 -0.0609703063964844 0.0148773193359375
0.0451469421386719 -0.0440177917480469 -0.0887832641601563 0.0143508911132813
0.0698661804199219 -0.0377388000488281 -0.115631103515625 0.0162887573242188
0.096099853515625 -0.0161895751953125 -0.0999832153320313 0.0210342407226562
0.129745483398437 -0.0146942138671875 -0.051605224609375 -0.133476257324219
0.0608177185058594 -0.0529022216796875 0.00408554077148438 -0.0699501037597656
0.0274085998535156 -0.0541038513183594 0.0599212646484375 -0.0423316955566406
-0.00590133666992188 -0.0511589050292969 0.075286865234375 -0.0685043334960937
-0.0202217102050781 -0.0385818481445313 0.0646209716796875 -0.0856399536132813
-0.0495834350585938 -0.0287055969238281 0.0333938598632812 -0.104110717773437
-0.0633277893066406 -0.0238533020019531 0.00554656982421875 -0.0973968505859375
-0.0618782043457031 -0.0283851623535156 -0.000102996826171885 -0.0662841796875
-0.0727767944335937 -0.0384597778320313 0.00046920776367187 -0.0385780334472656
-0.0528106689453125 -0.0647239685058594 -0.00598621368408203 -0.0042252540588379
-0.0107269287109375 -0.087799072265625 -0.017730712890625 0.0192546844482422
0.0323028564453125 -0.082916259765625 -0.0418701171875 0.0190391540527344
0.0851287841796875 -0.0457229614257813 -0.0596351623535156 0.0216636657714844
0.109611511230469 -0.0289459228515625 -0.0750656127929688 0.0203933715820312
0.131118774414063 0.0014190673828125 -0.0550079345703125 0.0294532775878906
0.14569091796875 0.01617431640625 0.001739501953125 -0.127182006835938
0.090850830078125 -0.0217666625976563 0.0486564636230469 -0.0658950805664063
0.0693397521972656 -0.0350227355957031 0.089813232421875 -0.0409927368164063
0.03564453125 -0.0533866882324219 0.0995330810546875 -0.072021484375
0.0120735168457031 -0.0510978698730469 0.079498291015625 -0.0853424072265625
-0.0258598327636719 -0.0549392700195313 0.0492095947265625 -0.101036071777344
-0.0481452941894531 -0.0539131164550781 0.0261993408203125 -0.0903778076171875
-0.0484275817871094 -0.0543174743652344 0.0216102600097656 -0.0561065673828125
-0.0635223388671875 -0.0652732849121094 0.0261611938476562 -0.0275993347167969
-0.0446548461914062 -0.0844879150390625 0.0147457122802734 0.00950908660888671
0.00210571289062499 -0.105148315429688 4.00543212890618E-05 0.0312118530273437
0.0475311279296875 -0.0980453491210937 -0.0241336822509766 0.025299072265625
0.107261657714844 -0.0482711791992188 -0.0328941345214844 0.0254268646240234
0.131324768066406 -0.0225982666015625 -0.0313739776611328 0.0199260711669922
0.146163940429688 0.0166015625 -0.00247573852539062 0.0398139953613281
0.141159057617188 0.042510986328125 0.0536651611328125 -0.108238220214844
0.107185363769531 0.0103302001953125 0.09222412109375 -0.0529327392578125
0.103897094726563 -0.0132369995117188 0.11614990234375 -0.0347976684570313
0.0745620727539063 -0.0509567260742187 0.116783142089844 -0.0682601928710938
0.0436935424804688 -0.0581016540527344 0.086669921875 -0.0755538940429688
8.3923339843745E-05 -0.0743408203125 0.0579147338867188 -0.0858993530273438
-0.0270156860351563 -0.0758743286132813 0.041107177734375 -0.0706939697265625
-0.0295944213867187 -0.071807861328125 0.0383872985839844 -0.0371665954589844
-0.0433120727539062 -0.0824966430664063 0.0479507446289062 -0.0105171203613281
-0.0273361206054688 -0.0916366577148438 0.0339908599853516 0.0254936218261719
0.0164031982421875 -0.105247497558594 0.0158195495605469 0.0426864624023437
0.056182861328125 -0.0972366333007812 -0.00867271423339843 0.0314979553222656
0.113174438476563 -0.0419158935546875 -0.0110893249511719 0.0249786376953125
0.133308410644531 -0.0120697021484375 0.00958538055419923 0.0148468017578125
0.140899658203125 0.0304107666015625 0.0507698059082031 0.0514869689941406
0.115127563476563 0.0594329833984375 0.0985031127929688 -0.0828857421875
0.104133605957031 0.0377883911132813 0.130485534667969 -0.0346832275390625
0.116897583007813 0.007965087890625 0.133331298828125 -0.0263442993164063
0.0971145629882813 -0.040924072265625 0.122482299804688 -0.058502197265625
0.0638580322265625 -0.0564689636230469 0.083648681640625 -0.0584869384765625
0.023773193359375 -0.0811233520507813 0.0603370666503906 -0.0609588623046875
-0.00262451171874999 -0.0842971801757813 0.051025390625 -0.0425071716308594
-0.00457763671874999 -0.078277587890625 0.0507583618164063 -0.0127525329589844
-0.0150604248046875 -0.0874481201171875 0.0612869262695313 0.00998687744140624
-0.00283813476562499 -0.085296630859375 0.0446243286132813 0.040985107421875
0.0348129272460938 -0.088623046875 0.0251808166503906 0.052276611328125
0.06463623046875 -0.0776748657226563 0.00238800048828126 0.0345134735107422
0.107086181640625 -0.0215911865234375 0.00407218933105469 0.0220947265625
0.116943359375 0.00969696044921875 0.0418167114257813 0.00940704345703125
0.114341735839844 0.04638671875 0.0963973999023438 0.0647964477539063
0.071746826171875 0.06390380859375 0.129325866699219 -0.0558395385742188
0.0787582397460937 0.0515899658203125 0.15460205078125 -0.01971435546875
0.101516723632813 0.0258560180664063 0.137802124023438 -0.0209274291992188
0.0949935913085938 -0.0228118896484375 0.116111755371094 -0.0449981689453125
0.0683021545410156 -0.0401153564453125 0.072113037109375 -0.0377426147460938
0.0409317016601563 -0.0686073303222656 0.0554542541503906 -0.0304946899414063
0.021148681640625 -0.0774078369140625 0.0541534423828125 -0.00969314575195313
0.0206069946289062 -0.0723648071289063 0.0548133850097656 0.0129432678222656
0.0165939331054688 -0.0812911987304688 0.0638198852539063 0.0335845947265625
0.02655029296875 -0.0707626342773438 0.0440902709960938 0.0556259155273437
0.0549087524414063 -0.0603866577148438 0.0227737426757812 0.0601844787597656
0.072021484375 -0.0443572998046875 0.00466918945312501 0.0384368896484375
0.0911178588867188 0.0112991333007813 0.0102024078369141 0.020477294921875
0.0857086181640625 0.03875732421875 0.063232421875 0.0111923217773438
0.0713348388671875 0.06048583984375 0.126541137695313 0.0822830200195313
0.0165786743164063 0.0564346313476563 0.140327453613281 -0.0358428955078125
0.035186767578125 0.0539283752441406 0.159713745117188 -0.010284423828125
0.0617752075195313 0.0366973876953125 0.127693176269531 -0.01885986328125
0.0689888000488281 0.001708984375 0.10009765625 -0.0333709716796875
0.0565147399902344 -0.0124130249023437 0.0565605163574219 -0.0201034545898438
0.0508613586425781 -0.0400047302246094 0.0455398559570313 -0.00384902954101563
0.0429458618164063 -0.0567855834960938 0.0501976013183594 0.0197181701660156
0.0428237915039063 -0.0558128356933594 0.0504264831542969 0.0376968383789062
0.0449104309082031 -0.0650901794433594 0.0541419982910156 0.0562705993652344
0.0515060424804688 -0.048187255859375 0.0305938720703125 0.0703811645507813
0.0690231323242188 -0.0283393859863281 0.00924301147460938 0.0669822692871094
0.0730819702148437 -0.00772857666015625 -0.00209426879882812 0.0430488586425781
0.0675888061523438 0.0438766479492188 0.00688743591308594 0.0253620147705078
0.04486083984375 0.0660476684570313 0.0685768127441406 0.0225944519042969
0.0182723999023438 0.0697746276855469 0.13763427734375 0.102859497070313
-0.0408935546875 0.0419502258300781 0.128158569335938 -0.0256576538085937
-0.0151329040527344 0.0468597412109375 0.14459228515625 -0.007843017578125
0.00849533081054688 0.0421524047851563 0.107933044433594 -0.0200576782226562
0.0291557312011719 0.0288810729980469 0.0799713134765625 -0.0253753662109375
0.0343761444091797 0.0221385955810547 0.0396614074707031 -0.0103988647460937
0.0547714233398438 -0.00103378295898438 0.0328617095947266 0.0135250091552734
0.0604515075683594 -0.0258865356445312 0.0387802124023438 0.0387840270996094
0.0581207275390625 -0.0308914184570313 0.0375442504882813 0.0551338195800781
0.0640487670898438 -0.0400657653808594 0.0352554321289063 0.0761184692382813
0.0643730163574219 -0.023590087890625 0.00852203369140624 0.0834503173828125
0.0697479248046875 0.00133132934570313 -0.0115737915039063 0.07452392578125
0.0639114379882813 0.0211868286132813 -0.0166168212890625 0.051300048828125
0.0383987426757813 0.0643882751464844 -0.00809097290039063 0.0353927612304688
0.000381469726562494 0.0804061889648437 0.0558662414550781 0.0427970886230469
-0.0354843139648438 0.0667610168457031 0.126068115234375 0.123542785644531
0.0949554443359375 -0.05938720703125 -0.117301940917969 -0.125213623046875
0.0130157470703125 -0.0811843872070313 -0.0470466613769531 -0.0593147277832031
-0.0253639221191406 -0.0655364990234375 0.0284614562988281 -0.0383720397949219
-0.0516586303710938 -0.0380210876464844 0.047271728515625 -0.0639381408691406
-0.0535202026367188 -0.0149612426757812 0.0415267944335938 -0.0873031616210938
-0.066131591796875 0.0131607055664063 0.00542449951171874 -0.103469848632812
-0.0675506591796875 0.0215301513671875 -0.026947021484375 -0.0977554321289062
-0.0644454956054687 0.0136375427246094 -0.0296211242675781 -0.070098876953125
-0.0733184814453125 0.00962829589843749 -0.0300445556640625 -0.0444869995117188
-0.0620002746582031 -0.0224418640136719 -0.0272388458251953 -0.0152969360351563
-0.0390892028808594 -0.0515174865722656 -0.0349960327148437 0.00991058349609375
-0.00798416137695312 -0.0602874755859375 -0.060760498046875 0.0186080932617187
0.0372390747070313 -0.0564613342285156 -0.089263916015625 0.0218582153320312
0.0660514831542969 -0.0550880432128906 -0.120773315429687 0.02764892578125
0.0981597900390625 -0.0357742309570313 -0.107009887695313 0.0317535400390625
0.132377624511719 -0.0337600708007813 -0.0716018676757812 -0.139717102050781
0.0528564453125 -0.0641555786132813 -0.00811767578125 -0.0741729736328125
0.017791748046875 -0.0586433410644531 0.0566024780273437 -0.0489540100097656
-0.0163040161132813 -0.0487174987792969 0.0716018676757813 -0.0777053833007813
-0.0271434783935547 -0.0329685211181641 0.060150146484375 -0.095245361328125
-0.05255126953125 -0.0183372497558594 0.0258636474609375 -0.113601684570313
-0.0657196044921875 -0.0135116577148437 -0.00432586669921874 -0.106086730957031
-0.06488037109375 -0.0189704895019531 -0.00833892822265626 -0.0730361938476563
-0.0783004760742188 -0.0268020629882812 -0.00645828247070313 -0.0456733703613281
-0.0618171691894531 -0.0570411682128906 -0.00772190093994141 -0.00984287261962891
-0.02374267578125 -0.0863265991210938 -0.0172491073608398 0.0154829025268555
0.0195541381835938 -0.0895767211914063 -0.0414924621582031 0.0195121765136719
0.080078125 -0.0614013671875 -0.0577621459960937 0.0246925354003906
0.109619140625 -0.048858642578125 -0.0779800415039063 0.0254440307617188
0.138694763183594 -0.0188446044921875 -0.0589141845703125 0.0330886840820313
0.15435791015625 -0.0007781982421875 -0.0161285400390625 -0.140060424804688
0.08953857421875 -0.0338516235351563 0.0387802124023438 -0.0759735107421875
0.0654220581054688 -0.0434036254882813 0.087554931640625 -0.0513381958007812
0.0286026000976562 -0.0558395385742188 0.0960693359375 -0.0848846435546875
0.00686264038085938 -0.0502090454101563 0.0750503540039063 -0.0975723266601562
-0.0304412841796875 -0.0502166748046875 0.0416259765625 -0.112899780273438
-0.0536231994628906 -0.0483512878417969 0.0160903930664062 -0.101608276367188
-0.0549507141113281 -0.0489578247070313 0.0139045715332031 -0.0649681091308594
-0.0713424682617188 -0.0582962036132812 0.0197181701660156 -0.0370521545410156
-0.0550613403320313 -0.0806121826171875 0.0140800476074219 0.00157546997070312
-0.0114212036132813 -0.107322692871094 0.00102043151855469 0.0254707336425781
0.0360107421875 -0.107688903808594 -0.0231342315673828 0.0224494934082031
0.105049133300781 -0.064788818359375 -0.0299148559570312 0.0242671966552734
0.134956359863281 -0.0423507690429688 -0.0319252014160156 0.0195140838623047
0.157730102539062 -0.002166748046875 -0.00238037109374999 0.0369033813476563
0.153671264648438 0.0306854248046875 0.04156494140625 -0.126457214355469
0.113449096679688 0.000518798828125 0.086395263671875 -0.0676803588867188
0.107536315917969 -0.0235519409179688 0.116104125976562 -0.047607421875
0.0718536376953125 -0.05877685546875 0.114219665527344 -0.0832901000976562
0.0402565002441406 -0.0632095336914063 0.0826416015625 -0.0886306762695313
-0.00539398193359376 -0.0757598876953125 0.0512313842773437 -0.098846435546875
-0.0349578857421875 -0.075927734375 0.033538818359375 -0.0830001831054688
-0.0371246337890625 -0.0711593627929688 0.0331993103027344 -0.0464935302734375
-0.0536956787109375 -0.0806045532226563 0.0435943603515625 -0.0217857360839844
-0.0377883911132812 -0.0914535522460938 0.0339069366455078 0.0159759521484375
0.00511932373046875 -0.111518859863281 0.0180492401123047 0.0351390838623047
0.0474090576171875 -0.108230590820313 -0.00681304931640625 0.0257377624511719
0.114639282226562 -0.0579147338867188 -0.00748634338378906 0.0201282501220703
0.139884948730469 -0.0286712646484375 0.00989246368408204 0.00864982604980468
0.154403686523438 0.0167236328125 0.0552024841308594 0.0430030822753906
0.130287170410156 0.0543594360351563 0.0925674438476563 -0.10430908203125
0.114654541015625 0.0314102172851563 0.1290283203125 -0.0535125732421875
0.127227783203125 -0.00146484375 0.135047912597656 -0.0416107177734375
0.0994491577148438 -0.0532379150390625 0.120933532714844 -0.0735244750976563
0.0631752014160156 -0.0653266906738281 0.0809783935546875 -0.0705184936523438
0.0175018310546875 -0.0875625610351563 0.0554046630859375 -0.072540283203125
-0.0117645263671875 -0.0900955200195313 0.0462226867675781 -0.0536346435546875
-0.0131759643554687 -0.082977294921875 0.0478668212890625 -0.0215187072753906
-0.02569580078125 -0.0916976928710938 0.0597114562988281 -0.000881195068359381
-0.011627197265625 -0.090850830078125 0.0460357666015625 0.0318984985351562
0.0271530151367188 -0.0985107421875 0.0267906188964844 0.0440101623535156
0.0604476928710937 -0.090057373046875 0.0035247802734375 0.0279865264892578
0.112846374511719 -0.0338516235351563 0.00760269165039063 0.0151195526123047
0.126213073730469 -0.0013580322265625 0.0442924499511719 -0.000766754150390625
0.129440307617188 0.038818359375 0.105300903320313 0.0523910522460937
0.0853195190429688 0.0651321411132813 0.129776000976563 -0.0782623291015625
0.0913925170898438 0.0515365600585938 0.157821655273437 -0.0394287109375
0.114952087402344 0.0198974609375 0.139739990234375 -0.0361709594726562
0.101570129394531 -0.0349502563476563 0.115081787109375 -0.0591506958007813
0.0706558227539063 -0.0510101318359375 0.0709686279296875 -0.0459136962890625
0.03662109375 -0.079498291015625 0.0540008544921875 -0.0391883850097656
0.0133590698242187 -0.08807373046875 0.0530967712402344 -0.018768310546875
0.0125732421875 -0.0817947387695313 0.0552597045898438 0.00608444213867187
0.00621032714843751 -0.0916213989257812 0.065155029296875 0.0239372253417969
0.019744873046875 -0.0803985595703125 0.0459098815917969 0.0485992431640625
0.0532913208007813 -0.0739212036132813 0.0251197814941406 0.0535202026367187
0.0740203857421875 -0.057464599609375 0.00571823120117188 0.0313873291015625
0.102058410644531 0.00335693359375 0.0141334533691406 0.0134077072143555
0.0988693237304688 0.0350189208984375 0.0677566528320312 -0.00106048583984375
0.0861892700195313 0.061431884765625 0.14056396484375 0.0679473876953125
0.0267524719238281 0.0650215148925781 0.144577026367188 -0.056732177734375
0.0479927062988281 0.0594596862792969 0.16632080078125 -0.0294952392578125
0.0763778686523438 0.0362167358398438 0.130455017089844 -0.0336074829101563
0.0788040161132813 -0.00727081298828125 0.0985870361328125 -0.04486083984375
0.0619125366210938 -0.0216102600097656 0.0560111999511719 -0.0257186889648438
0.0499992370605469 -0.0530738830566406 0.046875 -0.00862503051757813
0.0380287170410156 -0.0702896118164063 0.0529670715332031 0.0133628845214844
0.0366554260253906 -0.0684242248535156 0.0542259216308594 0.0327377319335937
0.0372314453125 -0.0788726806640625 0.0586128234863281 0.0502548217773437
0.0474929809570312 -0.0618820190429687 0.0335731506347656 0.0667457580566406
0.0716705322265625 -0.042694091796875 0.0122718811035156 0.0640830993652344
0.0812149047851563 -0.0202255249023438 3.81469726563261E-06 0.0394935607910156
0.0824432373046875 0.0408782958984375 0.0108795166015625 0.0204296112060547
0.0595741271972656 0.0699729919433594 0.0754318237304687 0.0129623413085938
0.0315475463867188 0.0775985717773437 0.154937744140625 0.091033935546875
-0.0352592468261719 0.0561981201171875 0.135696411132813 -0.0422210693359375
-0.00621414184570312 0.0584945678710938 0.151901245117188 -0.0244598388671875
0.0209312438964844 0.0481681823730469 0.109085083007812 -0.0320892333984375
0.0402374267578125 0.0254554748535156 0.0780410766601563 -0.032928466796875
0.0431289672851563 0.0164451599121094 0.0390129089355469 -0.0121231079101563
0.0581779479980469 -0.0143775939941406 0.035369873046875 0.0118179321289062
0.0585365295410156 -0.0406723022460938 0.0449256896972656 0.0374221801757813
0.0550689697265625 -0.0442581176757813 0.0440025329589844 0.0541000366210938
0.0597152709960938 -0.0561599731445313 0.0427780151367188 0.0754241943359375
0.0633430480957031 -0.0387306213378906 0.0123443603515625 0.084014892578125
0.0757675170898438 -0.01287841796875 -0.008026123046875 0.0753707885742188
0.0745620727539063 0.0106582641601563 -0.0141105651855469 0.0499916076660156
0.0542488098144531 0.0656280517578125 -0.00294113159179687 0.0337295532226563
0.015350341796875 0.090179443359375 0.0656623840332031 0.0368766784667969
-0.02618408203125 0.0808181762695313 0.145492553710938 0.11651611328125
0.0852737426757813 -0.0762710571289063 -0.135169982910156 -0.115028381347656
-0.00341796875 -0.0851058959960938 -0.0575447082519531 -0.0531120300292969
-0.0395431518554687 -0.0619735717773438 0.024566650390625 -0.0394783020019531
-0.060943603515625 -0.0266227722167969 0.0420799255371094 -0.0664405822753906
-0.0562782287597656 -0.00338363647460937 0.035186767578125 -0.0911941528320312
-0.0613517761230469 0.0261993408203125 -0.0026702880859375 -0.105705261230469
-0.0615692138671875 0.0335960388183594 -0.0364837646484375 -0.0972442626953125
-0.0597267150878906 0.0251235961914063 -0.0379409790039063 -0.0692481994628906
-0.0692481994628906 0.0228843688964844 -0.0371742248535156 -0.0444297790527344
-0.0634765625 -0.00968170166015625 -0.0293006896972656 -0.0163059234619141
-0.0473403930664063 -0.0419464111328125 -0.0352210998535156 0.0095977783203125
-0.0199966430664063 -0.05718994140625 -0.058319091796875 0.0220832824707031
0.0250511169433594 -0.0644645690917969 -0.0862884521484375 0.0290069580078125
0.0543403625488281 -0.0690727233886719 -0.120162963867188 0.0399551391601563
0.0926055908203125 -0.0540237426757812 -0.108772277832031 0.044097900390625
0.127853393554688 -0.0524673461914063 -0.0924758911132812 -0.137176513671875
0.0407257080078125 -0.0708160400390625 -0.020782470703125 -0.0735092163085938
0.00646209716796874 -0.0600471496582031 0.051025390625 -0.0535736083984375
-0.0253372192382812 -0.041778564453125 0.0642852783203125 -0.0839080810546875
-0.0305614471435547 -0.0251541137695313 0.05230712890625 -0.102500915527344
-0.0515022277832031 -0.00722122192382813 0.0157546997070312 -0.118453979492188
-0.0643730163574219 -0.00328826904296874 -0.016510009765625 -0.109649658203125
-0.0637969970703125 -0.008636474609375 -0.0177764892578125 -0.0757522583007813
-0.0782546997070313 -0.0144577026367187 -0.0152587890625 -0.0486640930175781
-0.0667190551757813 -0.0457191467285156 -0.0111703872680664 -0.0140562057495117
-0.0361709594726563 -0.0801239013671875 -0.0181560516357422 0.0116901397705078
0.00547790527343749 -0.0905532836914063 -0.0399971008300781 0.0189590454101563
0.0694046020507813 -0.0740966796875 -0.0543746948242187 0.025665283203125
0.101348876953125 -0.0673599243164063 -0.07733154296875 0.03155517578125
0.137420654296875 -0.0406723022460937 -0.0607376098632812 0.0382308959960937
0.15521240234375 -0.0200347900390625 -0.0368194580078125 -0.145248413085938
0.08380126953125 -0.0435409545898438 0.0252761840820313 -0.0814590454101563
0.0591278076171875 -0.0493736267089844 0.081634521484375 -0.0602569580078125
0.0206108093261719 -0.0558090209960937 0.0879364013671875 -0.094451904296875
0.00270843505859375 -0.0470542907714844 0.0656204223632813 -0.106712341308594
-0.03289794921875 -0.0432968139648438 0.0298919677734375 -0.12030029296875
-0.0565643310546875 -0.0408821105957031 0.003173828125 -0.107437133789063
-0.0582771301269531 -0.0410881042480469 0.00402832031249999 -0.0700531005859375
-0.0760116577148438 -0.0482864379882813 0.0108718872070312 -0.0438652038574219
-0.06304931640625 -0.0721969604492188 0.0100383758544922 -0.00567722320556641
-0.024810791015625 -0.103843688964844 0.000415802001953124 0.0190048217773437
0.0218582153320313 -0.111434936523438 -0.0230751037597656 0.0189323425292969
0.0970840454101563 -0.0793609619140625 -0.0268268585205078 0.0208892822265625
0.130050659179688 -0.0616836547851562 -0.0323448181152344 0.0180492401123047
0.160842895507813 -0.0239410400390625 -0.00290298461914062 0.0340614318847656
0.160049438476563 0.0142364501953125 0.0234527587890625 -0.138458251953125
0.113784790039063 -0.0101776123046875 0.07452392578125 -0.0786590576171875
0.106399536132812 -0.0340423583984375 0.110061645507813 -0.059112548828125
0.0658607482910156 -0.0657844543457031 0.105796813964844 -0.095245361328125
0.03546142578125 -0.0660018920898438 0.07391357421875 -0.099212646484375
-0.01104736328125 -0.07415771484375 0.0402374267578125 -0.107551574707031
-0.0421524047851563 -0.0727310180664063 0.021881103515625 -0.0908279418945312
-0.04376220703125 -0.06787109375 0.024444580078125 -0.0536460876464844
-0.0623245239257812 -0.0750961303710938 0.0357704162597656 -0.0307731628417969
-0.0475921630859375 -0.0873184204101563 0.0304622650146484 0.00687980651855468
-0.00781250000000001 -0.112709045410156 0.0164890289306641 0.0267562866210937
0.0348739624023437 -0.115440368652344 -0.00768852233886719 0.0196475982666016
0.109794616699219 -0.07244873046875 -0.00555324554443359 0.0137863159179687
0.138969421386719 -0.0462265014648437 0.00927925109863282 0.00129985809326172
0.16046142578125 -0.001800537109375 0.0561752319335938 0.03240966796875
0.141372680664063 0.0426483154296875 0.07891845703125 -0.121719360351563
0.121658325195313 0.0212783813476563 0.120681762695313 -0.0699920654296875
0.132003784179688 -0.0141372680664063 0.129928588867188 -0.0556411743164062
0.0956573486328125 -0.0644149780273438 0.1126708984375 -0.0866317749023438
0.0596542358398438 -0.073211669921875 0.0742263793945312 -0.0793914794921875
0.00982666015625 -0.0911865234375 0.0469970703125 -0.08148193359375
-0.0219192504882812 -0.0914764404296875 0.0367927551269531 -0.0619697570800781
-0.0225982666015625 -0.084075927734375 0.0418128967285156 -0.02899169921875
-0.0376205444335938 -0.0914382934570312 0.0542221069335938 -0.0109710693359375
-0.0211868286132812 -0.0911788940429688 0.0430870056152344 0.0219345092773437
0.0164566040039063 -0.1043701171875 0.0255661010742188 0.0352783203125
0.0519180297851562 -0.0994415283203125 0.00239753723144532 0.0212917327880859
0.11346435546875 -0.0474090576171875 0.00837755203247071 0.00654888153076172
0.130630493164063 -0.0152053833007812 0.0434951782226563 -0.0119400024414063
0.138885498046875 0.0265655517578125 0.10858154296875 0.0370407104492187
0.0981597900390625 0.0609664916992188 0.121017456054687 -0.0995254516601562
0.102256774902344 0.0455245971679688 0.152023315429687 -0.0589599609375
0.125114440917969 0.0087432861328125 0.135391235351563 -0.05133056640625
0.102134704589844 -0.0475006103515625 0.108467102050781 -0.0710678100585938
0.0691757202148438 -0.0615234375 0.0665397644042969 -0.0533790588378906
0.0288619995117188 -0.0878524780273438 0.04864501953125 -0.0466117858886719
0.00164794921874999 -0.0937423706054687 0.048919677734375 -0.0265159606933594
0.00205230712890624 -0.0873565673828125 0.0528526306152344 -0.00105285644531251
-0.00625610351562501 -0.0964202880859375 0.0628471374511719 0.0146293640136719
0.0102386474609375 -0.0864944458007813 0.0453758239746094 0.0400772094726562
0.0458602905273438 -0.0844268798828125 0.0249099731445312 0.046112060546875
0.0706710815429688 -0.0689926147460938 0.00482940673828125 0.0246067047119141
0.108833312988281 -0.00783538818359375 0.0150518417358398 0.00519466400146484
0.108901977539063 0.0265426635742188 0.0678749084472656 -0.0138816833496094
0.0992965698242188 0.0561904907226563 0.147689819335937 0.0498046875
0.0392379760742187 0.0681724548339844 0.141448974609375 -0.077728271484375
0.0599746704101563 0.0595169067382813 0.1640625 -0.0491943359375
0.0883941650390625 0.0303115844726563 0.1260986328125 -0.0476303100585937
0.083953857421875 -0.0178070068359375 0.09332275390625 -0.0541534423828125
0.0642662048339844 -0.0326042175292969 0.053253173828125 -0.0294418334960938
0.044097900390625 -0.0644607543945313 0.0455589294433594 -0.0138740539550781
0.02679443359375 -0.080596923828125 0.0538825988769531 0.00729751586914062
0.0271987915039062 -0.0773773193359375 0.0547676086425781 0.0269355773925781
0.0251846313476563 -0.0884170532226563 0.0601158142089844 0.0435104370117187
0.0392913818359375 -0.07244873046875 0.0347061157226563 0.0618438720703125
0.0681686401367188 -0.0565681457519531 0.0137863159179688 0.0590896606445313
0.0826263427734375 -0.0340576171875 0.000358581542968757 0.0335540771484375
0.0945358276367188 0.0324935913085938 0.0130701065063477 0.0135726928710938
0.0749130249023438 0.0675582885742188 0.07879638671875 0.000541687011718754
0.045867919921875 0.0803756713867188 0.166595458984375 0.072784423828125
-0.0248908996582031 0.0670127868652344 0.135665893554688 -0.0604019165039063
0.00562667846679687 0.06463623046875 0.152572631835938 -0.042236328125
0.0346031188964844 0.0489501953125 0.104560852050781 -0.0429840087890625
0.0497322082519531 0.0184364318847656 0.0737380981445312 -0.0388412475585937
0.0495452880859375 0.007110595703125 0.0381126403808594 -0.0131912231445313
0.0565452575683594 -0.0270957946777344 0.037872314453125 0.0105781555175781
0.0508956909179688 -0.0534896850585938 0.049896240234375 0.03369140625
0.0473136901855469 -0.0559654235839844 0.0485877990722656 0.0508003234863281
0.0493392944335937 -0.068267822265625 0.0475921630859375 0.0708541870117187
0.05657958984375 -0.0512962341308594 0.0158157348632813 0.0827407836914062
0.0751495361328125 -0.0283050537109375 -0.0046844482421875 0.07415771484375
0.0798416137695313 -0.00336456298828125 -0.0119857788085937 0.0474014282226563
0.0692634582519531 0.0602951049804688 0.00138473510742188 0.0298213958740234
0.0323715209960938 0.09246826171875 0.072418212890625 0.0268707275390625
-0.011962890625 0.0904083251953125 0.160736083984375 0.101181030273437
0.0718002319335938 -0.0873489379882813 -0.146713256835938 -0.102462768554687
-0.0169830322265625 -0.0831375122070313 -0.0640907287597656 -0.04449462890625
-0.0502510070800781 -0.0557708740234375 0.0209579467773437 -0.0383110046386719
-0.064666748046875 -0.0149993896484375 0.0385246276855469 -0.065826416015625
-0.0548019409179687 0.00658798217773438 0.0293502807617187 -0.0919647216796875
-0.0541267395019531 0.035369873046875 -0.00778961181640626 -0.104537963867188
-0.0523643493652344 0.0411796569824219 -0.0430908203125 -0.0943145751953125
-0.0522232055664063 0.03240966796875 -0.043731689453125 -0.0670700073242187
-0.0606842041015625 0.0322608947753906 -0.0426101684570313 -0.0419731140136719
-0.060821533203125 0.000831604003906252 -0.031890869140625 -0.0169334411621094
-0.0512275695800781 -0.0312576293945313 -0.0352935791015625 0.00867080688476562
-0.0292396545410156 -0.051300048828125 -0.0558586120605469 0.0229644775390625
0.0121345520019531 -0.0676307678222656 -0.0816650390625 0.0322341918945312
0.0412445068359375 -0.077392578125 -0.115913391113281 0.0493698120117187
0.0830307006835938 -0.0675277709960938 -0.106269836425781 0.0538482666015625
0.118019104003906 -0.0663223266601563 -0.107833862304688 -0.128929138183594
0.0288314819335938 -0.0729141235351563 -0.0310134887695312 -0.0691680908203125
-0.00332260131835938 -0.0579833984375 0.0453605651855469 -0.0547981262207031
-0.0307102203369141 -0.0335292816162109 0.0575714111328125 -0.0856094360351563
-0.0306930541992188 -0.0170154571533203 0.0442276000976563 -0.104850769042969
-0.0469589233398437 0.000766754150390618 0.00677490234375001 -0.118980407714844
-0.0587577819824219 0.00481414794921876 -0.0264511108398438 -0.108345031738281
-0.0596427917480469 -0.000999450683593747 -0.0264053344726563 -0.0750961303710938
-0.0741729736328125 -0.00424194335937501 -0.0225639343261719 -0.0489006042480469
-0.0676994323730469 -0.0350341796875 -0.0158271789550781 -0.0171985626220703
-0.0425071716308594 -0.0701217651367188 -0.019744873046875 0.00826072692871093
-0.00626373291015625 -0.0865859985351563 -0.0389289855957031 0.0175743103027344
0.0569305419921875 -0.0806732177734375 -0.0515022277832031 0.0248031616210938
0.08941650390625 -0.0789260864257813 -0.0759658813476563 0.0352783203125
0.129791259765625 -0.0574569702148438 -0.060455322265625 0.0419540405273437
0.150390625 -0.034881591796875 -0.0543975830078125 -0.143417358398438
0.075653076171875 -0.0490570068359375 0.0128936767578125 -0.081512451171875
0.0517997741699219 -0.0526924133300781 0.07440185546875 -0.064208984375
0.0138816833496094 -0.0521125793457031 0.07879638671875 -0.0988845825195313
0.000228881835937503 -0.0426979064941406 0.0569229125976562 -0.110397338867188
-0.0322113037109375 -0.0368919372558594 0.0191421508789063 -0.122520446777344
-0.0569419860839844 -0.0339851379394531 -0.00889587402343752 -0.108200073242188
-0.0580368041992188 -0.03436279296875 -0.00550079345703125 -0.070831298828125
-0.076507568359375 -0.038818359375 0.00148391723632812 -0.0465774536132813
-0.0660362243652344 -0.0625572204589844 0.00494861602783203 -0.0104179382324219
-0.033477783203125 -0.0971908569335937 -0.00277900695800781 0.0137271881103516
0.00899505615234374 -0.109756469726563 -0.0239429473876953 0.0153923034667969
0.086181640625 -0.0877304077148438 -0.0258388519287109 0.016815185546875
0.119659423828125 -0.0752029418945313 -0.0329723358154297 0.0168113708496094
0.156448364257813 -0.0414886474609375 -0.00412940979003905 0.0316448211669922
0.1605224609375 -0.000152587890625 0.0053863525390625 -0.142868041992188
0.110580444335938 -0.0187606811523438 0.061981201171875 -0.0837936401367188
0.102081298828125 -0.0419921875 0.101959228515625 -0.0664825439453125
0.0587081909179688 -0.067413330078125 0.0957565307617188 -0.101837158203125
0.0314865112304688 -0.0661468505859375 0.064788818359375 -0.1033935546875
-0.0143280029296875 -0.0706863403320312 0.0296554565429687 -0.110855102539063
-0.0467910766601563 -0.0676994323730469 0.00972747802734375 -0.09320068359375
-0.0474395751953125 -0.0630722045898438 0.0161323547363281 -0.0557975769042969
-0.0665664672851563 -0.0675811767578125 0.0263862609863281 -0.0355453491210938
-0.053558349609375 -0.0803756713867187 0.024658203125 0.000322341918945308
-0.0178146362304688 -0.108650207519531 0.0124969482421875 0.0200138092041016
0.02313232421875 -0.115974426269531 -0.00962734222412109 0.0151281356811523
0.10247802734375 -0.0820236206054688 -0.00600862503051757 0.00654077529907226
0.132705688476563 -0.0594558715820313 0.0063319206237793 -0.00458669662475586
0.160568237304688 -0.0174407958984375 0.0540428161621094 0.024017333984375
0.145736694335938 0.0310821533203125 0.062774658203125 -0.131767272949219
0.123306274414063 0.0130996704101562 0.108329772949219 -0.0797271728515625
0.131752014160156 -0.0243072509765625 0.1212158203125 -0.0644683837890625
0.0901565551757813 -0.07147216796875 0.102638244628906 -0.0938568115234375
0.0541915893554688 -0.0768966674804688 0.0657119750976563 -0.0845718383789063
0.00311279296875 -0.0913162231445313 0.0376358032226562 -0.0853805541992187
-0.0302658081054687 -0.0899505615234375 0.0274810791015625 -0.0657958984375
-0.029449462890625 -0.0821075439453125 0.0344524383544922 -0.0333347320556641
-0.0459518432617187 -0.0872039794921875 0.0459403991699219 -0.0168724060058594
-0.0293197631835938 -0.0887832641601563 0.0373725891113281 0.0147132873535156
0.00720214843750001 -0.105087280273438 0.0214824676513672 0.0282115936279297
0.0426712036132812 -0.104110717773438 -0.00149726867675781 0.0148553848266601
0.109947204589844 -0.0569915771484375 0.00687360763549805 -0.00138139724731446
0.130210876464844 -0.02679443359375 0.0389251708984375 -0.0209693908691406
0.143310546875 0.014373779296875 0.106849670410156 0.0238037109375
0.106704711914063 0.054901123046875 0.107536315917969 -0.112655639648437
0.108413696289063 0.0386581420898438 0.142257690429688 -0.0723114013671875
0.129135131835938 -0.00194549560546875 0.127418518066406 -0.0610885620117188
0.0995025634765625 -0.0574798583984375 0.0991973876953125 -0.0776824951171875
0.0654029846191406 -0.0688743591308594 0.0602264404296875 -0.0573196411132813
0.0205764770507813 -0.0919189453125 0.042449951171875 -0.0510826110839844
-0.00922393798828126 -0.095489501953125 0.0418701171875 -0.0317497253417969
-0.00717926025390625 -0.0884475708007813 0.0477867126464844 -0.00534057617187501
-0.0174789428710937 -0.0964431762695312 0.0570640563964844 0.00753402709960937
0.00101470947265625 -0.0882644653320313 0.0408477783203125 0.0338783264160156
0.0374221801757813 -0.089874267578125 0.0213623046875 0.0396957397460937
0.0644912719726563 -0.0777130126953125 0.00174522399902344 0.0185413360595703
0.111503601074219 -0.018463134765625 0.0130033493041992 -0.0026397705078125
0.114845275878906 0.0175704956054688 0.063140869140625 -0.0247726440429687
0.107437133789062 0.0492095947265625 0.146774291992188 0.032806396484375
0.0500946044921875 0.0683135986328125 0.131500244140625 -0.0924148559570313
0.0699920654296875 0.0568656921386719 0.156036376953125 -0.0642852783203125
0.0970993041992188 0.0225601196289063 0.118606567382813 -0.0565643310546875
0.0852279663085937 -0.0287017822265625 0.0857467651367188 -0.0588912963867187
0.0631217956542969 -0.0412559509277344 0.0497093200683594 -0.0318489074707031
0.0365524291992187 -0.0716629028320313 0.04296875 -0.0173721313476563
0.0161972045898437 -0.0851287841796875 0.0515403747558594 0.00188827514648437
0.016204833984375 -0.081451416015625 0.054290771484375 0.0221710205078125
0.0123825073242188 -0.0928192138671875 0.0581398010253906 0.0373306274414062
0.0295257568359375 -0.07818603515625 0.0327873229980469 0.056549072265625
0.0609931945800781 -0.0670547485351563 0.0119476318359375 0.0540542602539062
0.08062744140625 -0.0454025268554687 -0.00197410583496093 0.0286674499511719
0.1021728515625 0.0227813720703125 0.0127391815185547 0.00641822814941406
0.0868911743164063 0.060791015625 0.0770797729492188 -0.011077880859375
0.0583114624023438 0.078460693359375 0.168350219726563 0.0552825927734375
-0.0134201049804688 0.0732879638671875 0.129302978515625 -0.074462890625
0.0174789428710938 0.0668411254882813 0.146942138671875 -0.0551300048828125
0.0463409423828125 0.0457649230957031 0.0979461669921875 -0.0499114990234375
0.0554275512695313 0.010162353515625 0.0686492919921875 -0.0419769287109375
0.051483154296875 -0.00160598754882813 0.0370063781738281 -0.0127296447753906
0.0512542724609375 -0.0365257263183594 0.0391044616699219 0.00775909423828125
0.0405616760253906 -0.0618858337402344 0.0518417358398437 0.029449462890625
0.0373115539550781 -0.0624122619628906 0.051025390625 0.0469589233398437
0.0371246337890625 -0.075653076171875 0.0499000549316406 0.0663986206054688
0.0473480224609375 -0.0604667663574219 0.0175552368164063 0.079833984375
0.0705184936523438 -0.04083251953125 -0.00352478027343749 0.0714035034179687
0.080230712890625 -0.0159912109375 -0.0111923217773437 0.0437088012695313
0.0804443359375 0.0517120361328125 0.00351142883300782 0.0250663757324219
0.0473175048828125 0.0903472900390625 0.0752105712890625 0.0167999267578125
0.0014190673828125 0.0940170288085938 0.167572021484375 0.0852203369140625
0.0601272583007813 -0.093170166015625 -0.152252197265625 -0.0920867919921875
-0.0271835327148438 -0.0784912109375 -0.0665779113769531 -0.0368309020996094
-0.0576896667480469 -0.0483741760253906 0.0190620422363281 -0.0355987548828125
-0.0655784606933594 -0.00517654418945311 0.0369415283203125 -0.0648307800292969
-0.0516929626464844 0.0144615173339844 0.0265655517578125 -0.0910415649414063
-0.0456619262695313 0.0407829284667969 -0.0106582641601563 -0.102409362792969
-0.0439567565917969 0.0456581115722656 -0.0470352172851563 -0.0916824340820312
-0.0451240539550781 0.036468505859375 -0.0470199584960938 -0.0647773742675781
-0.0522804260253906 0.0377693176269531 -0.0459671020507813 -0.0395050048828125
-0.0556297302246094 0.00809860229492188 -0.0338611602783203 -0.0177383422851563
-0.0512847900390625 -0.0221138000488281 -0.035552978515625 0.00720596313476563
-0.0349006652832031 -0.0445823669433594 -0.0545883178710938 0.0221405029296875
0.00130081176757812 -0.0673561096191406 -0.0776824951171875 0.0330276489257812
0.0292816162109375 -0.0812835693359375 -0.111679077148437 0.0538558959960938
0.07318115234375 -0.0760955810546875 -0.102958679199219 0.059967041015625
0.107948303222656 -0.074737548828125 -0.117546081542969 -0.121437072753906
0.0192108154296875 -0.0714187622070313 -0.0374336242675781 -0.0634269714355469
-0.0108604431152344 -0.0532913208007813 0.0411148071289063 -0.053955078125
-0.0330734252929688 -0.0255928039550781 0.0528488159179688 -0.0852508544921875
-0.0293464660644531 -0.0104427337646484 0.0389862060546875 -0.1048583984375
-0.0410537719726563 0.00637817382812501 0.00122833251953125 -0.117965698242188
-0.0530509948730469 0.00981521606445311 -0.0331573486328125 -0.106239318847656
-0.0545463562011719 0.00360870361328124 -0.0318679809570313 -0.0732498168945313
-0.0684356689453125 0.00233078002929689 -0.0286788940429687 -0.0480270385742188
-0.0649299621582031 -0.027069091796875 -0.0196533203125 -0.0192012786865234
-0.0453147888183594 -0.0619125366210937 -0.0224418640136719 0.00547218322753906
-0.0137939453125 -0.0815887451171875 -0.0399055480957031 0.0147590637207031
0.0459518432617187 -0.0831069946289062 -0.0499916076660156 0.0225448608398438
0.0778045654296875 -0.0858383178710938 -0.0743408203125 0.0363845825195313
0.121414184570313 -0.0684585571289063 -0.059967041015625 0.0439186096191406
0.14361572265625 -0.044647216796875 -0.0672225952148437 -0.139114379882812
0.0679397583007813 -0.051025390625 0.00411224365234376 -0.078948974609375
0.0455436706542969 -0.0523452758789063 0.0691070556640625 -0.0655136108398438
0.0104408264160156 -0.0473899841308594 0.0718307495117188 -0.0999908447265625
-0.000160217285156248 -0.0391311645507812 0.0502090454101562 -0.111198425292969
-0.0300540924072266 -0.0324821472167969 0.0116806030273437 -0.122230529785156
-0.0538330078125 -0.0290756225585937 -0.0176162719726563 -0.106590270996094
-0.0559234619140625 -0.0301589965820312 -0.0122756958007813 -0.07049560546875
-0.0738296508789063 -0.0324783325195312 -0.00566864013671875 -0.0464668273925781
-0.066070556640625 -0.0553474426269531 -0.000478744506835942 -0.0134391784667969
-0.0381088256835938 -0.0903549194335938 -0.0074310302734375 0.00949478149414062
0.00132751464843749 -0.106414794921875 -0.0258216857910156 0.0115222930908203
0.0764617919921875 -0.0917129516601563 -0.0259246826171875 0.0111942291259766
0.109771728515625 -0.082977294921875 -0.0346050262451172 0.0143470764160156
0.14984130859375 -0.053192138671875 -0.00607109069824218 0.0297603607177734
0.157928466796875 -0.0098419189453125 -0.00871276855468748 -0.143447875976563
0.1064453125 -0.0236587524414063 0.051361083984375 -0.0850143432617188
0.0980072021484375 -0.045928955078125 0.095855712890625 -0.0691452026367188
0.0531845092773438 -0.0670433044433594 0.0873031616210938 -0.103553771972656
0.0285301208496094 -0.0653343200683594 0.0578994750976562 -0.104911804199219
-0.0163459777832031 -0.0680503845214844 0.0210418701171875 -0.111854553222656
-0.0487289428710938 -0.0631294250488281 0.000633239746093753 -0.0926971435546875
-0.0484733581542969 -0.0595054626464844 0.00904464721679687 -0.0566329956054688
-0.0680503845214844 -0.0619010925292969 0.0181922912597656 -0.0374908447265625
-0.0559844970703125 -0.0746307373046875 0.0181770324707031 -0.00364112854003907
-0.0237274169921875 -0.103912353515625 0.00712203979492187 0.0156784057617187
0.0151138305664063 -0.114051818847656 -0.0143041610717773 0.0102396011352539
0.094970703125 -0.0869064331054687 -0.00850248336791991 -9.6797943115239E-05
0.125968933105469 -0.0677719116210938 0.00193405151367188 -0.00966930389404297
0.158111572265625 -0.0281524658203125 0.0504951477050781 0.0190010070800781
0.148086547851563 0.0231781005859375 0.048797607421875 -0.136550903320313
0.123359680175781 0.00672149658203125 0.0974349975585938 -0.084320068359375
0.130638122558594 -0.0318450927734375 0.114151000976563 -0.0684280395507813
0.085479736328125 -0.0749893188476563 0.0952911376953125 -0.0962905883789062
0.0509872436523437 -0.0795669555664063 0.0597915649414063 -0.08575439453125
-0.00171661376953125 -0.0909423828125 0.0300521850585938 -0.0871658325195313
-0.0359115600585938 -0.0870132446289063 0.0193367004394531 -0.0665435791015625
-0.0336685180664063 -0.0797271728515625 0.0284461975097656 -0.0349769592285156
-0.0502700805664062 -0.0838699340820313 0.037872314453125 -0.0200309753417969
-0.0338592529296875 -0.0857620239257813 0.0312747955322266 0.0110340118408203
0.000572204589843741 -0.103622436523438 0.0156307220458984 0.0237865447998047
0.0360565185546875 -0.105506896972656 -0.0057382583618164 0.0101919174194336
0.106971740722656 -0.0632858276367187 0.00307750701904298 -0.00852775573730469
0.128150939941406 -0.03460693359375 0.0333080291748047 -0.0278415679931641
0.144851684570313 0.0052337646484375 0.102310180664063 0.0140228271484375
0.112548828125 0.0496902465820313 0.0953292846679688 -0.120826721191406
0.112777709960938 0.0335769653320313 0.132194519042969 -0.0797119140625
0.1319580078125 -0.00970458984375 0.119796752929688 -0.0658035278320313
0.0965652465820313 -0.06396484375 0.09234619140625 -0.0801849365234375
0.062225341796875 -0.0741653442382813 0.056854248046875 -0.05908203125
0.0142669677734375 -0.0938339233398438 0.0371208190917969 -0.0531196594238281
-0.0170669555664063 -0.09503173828125 0.0366706848144531 -0.0341453552246094
-0.0138473510742187 -0.0880813598632813 0.0440788269042969 -0.00791931152343751
-0.025604248046875 -0.0946044921875 0.0511932373046875 0.00468826293945312
-0.00574493408203124 -0.0879364013671875 0.0354156494140625 0.0298843383789062
0.030029296875 -0.092437744140625 0.0162086486816406 0.0354957580566406
0.0592498779296875 -0.0830841064453125 -0.00273513793945312 0.0146799087524414
0.112472534179688 -0.0257110595703125 0.0101137161254883 -0.00960540771484375
0.118377685546875 0.009857177734375 0.0582351684570313 -0.0326995849609375
0.113082885742188 0.04290771484375 0.143203735351563 0.0218353271484375
0.0590400695800781 0.0666465759277344 0.1217041015625 -0.101631164550781
0.0775909423828125 0.0536575317382812 0.1480712890625 -0.0729827880859375
0.103660583496094 0.015533447265625 0.1112060546875 -0.0609207153320313
0.0850906372070313 -0.03631591796875 0.0803756713867188 -0.0607376098632812
0.0616531372070313 -0.0484580993652344 0.0479736328125 -0.0320777893066406
0.0300216674804688 -0.0765457153320313 0.0411605834960938 -0.0193061828613281
0.0063323974609375 -0.087554931640625 0.0490570068359375 -0.0017547607421875
0.00843811035156251 -0.083404541015625 0.0519294738769531 0.0193939208984375
0.00210571289062501 -0.0931320190429688 0.0549736022949219 0.0331001281738281
0.021209716796875 -0.0811920166015625 0.02972412109375 0.0538406372070313
0.0545501708984375 -0.0730972290039063 0.00854110717773438 0.0512733459472656
0.076873779296875 -0.0535736083984375 -0.00533294677734375 0.0243625640869141
0.107337951660156 0.0147933959960938 0.0107622146606445 0.000344276428222657
0.0946273803710938 0.0546340942382813 0.0735549926757812 -0.019317626953125
0.0670623779296875 0.0761566162109375 0.166610717773438 0.042999267578125
-0.0026702880859375 0.0758209228515625 0.122657775878906 -0.083221435546875
0.0277442932128906 0.0670242309570312 0.14080810546875 -0.0629425048828125
0.0557975769042969 0.0416831970214844 0.0918350219726562 -0.052764892578125
0.0589256286621094 0.00244522094726562 0.0646018981933594 -0.0415191650390625
0.0521392822265625 -0.009124755859375 0.0370597839355469 -0.0114173889160156
0.04541015625 -0.0436363220214844 0.0400276184082031 0.00639724731445312
0.0316581726074219 -0.0665016174316406 0.0524711608886719 0.0258522033691406
0.0287742614746094 -0.0658531188964844 0.0518302917480469 0.0440101623535156
0.0265884399414063 -0.078826904296875 0.0499725341796875 0.0627975463867188
0.0386886596679688 -0.0645942687988281 0.0168228149414063 0.0782546997070312
0.0645637512207031 -0.04888916015625 -0.00405120849609374 0.0692939758300781
0.0782394409179688 -0.02587890625 -0.012542724609375 0.0403251647949219
0.0877456665039063 0.043731689453125 0.00361824035644532 0.0203742980957031
0.058380126953125 0.0856094360351563 0.0746002197265625 0.00878143310546876
0.0127944946289063 0.0952377319335938 0.1690673828125 0.0736846923828125
0.0509109497070313 -0.097320556640625 -0.15716552734375 -0.085540771484375
-0.03515625 -0.0749893188476563 -0.0690193176269531 -0.031097412109375
-0.0638084411621094 -0.0420875549316406 0.0190296173095703 -0.0342216491699219
-0.0657119750976563 0.00337600708007814 0.0374641418457031 -0.0636634826660156
-0.0486183166503906 0.0202484130859375 0.0257797241210938 -0.0911483764648438
-0.0386428833007812 0.0451087951660156 -0.0113372802734375 -0.102638244628906
-0.0373725891113281 0.0476188659667969 -0.0491104125976562 -0.090606689453125
-0.0397834777832031 0.0392532348632813 -0.0496139526367188 -0.0640029907226563
-0.0451927185058594 0.0410804748535156 -0.0482749938964844 -0.0383033752441406
-0.0514106750488281 0.0131721496582031 -0.0362625122070313 -0.018524169921875
-0.0503044128417969 -0.0157966613769531 -0.0369606018066406 0.00508499145507812
-0.0388526916503906 -0.0385780334472656 -0.0540924072265625 0.0210342407226562
-0.00687026977539062 -0.0669593811035156 -0.0765609741210938 0.0316925048828125
0.0195388793945312 -0.0836944580078125 -0.109779357910156 0.0566329956054687
0.0650711059570313 -0.0825347900390625 -0.101348876953125 0.0642242431640625
0.100837707519531 -0.0805282592773437 -0.125312805175781 -0.11663818359375
0.0126113891601562 -0.0696067810058594 -0.0425338745117187 -0.0588760375976563
-0.0162887573242188 -0.0493354797363281 0.0390243530273437 -0.0531959533691406
-0.0339851379394531 -0.0187454223632813 0.05206298828125 -0.0855712890625
-0.0269565582275391 -0.00568771362304687 0.0367660522460938 -0.105415344238281
-0.0356483459472656 0.00993728637695313 -0.00164794921874999 -0.118377685546875
-0.0480117797851563 0.0128250122070313 -0.037994384765625 -0.105827331542969
-0.0508232116699219 0.00667953491210937 -0.0363311767578125 -0.0730209350585938
-0.0638160705566406 0.00613784790039063 -0.0332984924316406 -0.0472908020019531
-0.0618553161621094 -0.0222091674804688 -0.0234107971191406 -0.0209941864013672
-0.046417236328125 -0.0562171936035156 -0.0257701873779297 0.00295257568359374
-0.0181350708007813 -0.0770645141601563 -0.0418167114257813 0.0126495361328125
0.0381240844726563 -0.0843505859375 -0.0503120422363281 0.0187454223632812
0.0684432983398438 -0.09014892578125 -0.0746078491210938 0.0369491577148437
0.115249633789063 -0.076416015625 -0.0602455139160156 0.0461578369140625
0.139533996582031 -0.0517807006835937 -0.0771255493164063 -0.137779235839844
0.0633926391601563 -0.0512313842773438 -0.00267791748046874 -0.0767745971679688
0.04119873046875 -0.0512466430664063 0.0656356811523438 -0.0657730102539063
0.00818252563476563 -0.0434226989746094 0.0691604614257813 -0.1004638671875
0.000972747802734375 -0.0361289978027344 0.0463638305664063 -0.112037658691406
-0.0272617340087891 -0.02960205078125 0.00651550292968749 -0.123008728027344
-0.0523567199707031 -0.0261421203613281 -0.0233917236328125 -0.106536865234375
-0.0542411804199219 -0.0277748107910156 -0.0169677734375 -0.0703582763671875
-0.072052001953125 -0.0288238525390625 -0.0118141174316406 -0.0466690063476562
-0.0647964477539063 -0.0513725280761719 -0.00568771362304688 -0.0153083801269531
-0.0397567749023438 -0.0854721069335937 -0.0119743347167969 0.00706672668457031
-0.00424957275390625 -0.103111267089844 -0.0296192169189453 0.00858688354492186
0.0701980590820313 -0.0945510864257813 -0.0279998779296875 0.00594902038574219
0.102775573730469 -0.0885543823242188 -0.0371475219726563 0.0120697021484375
0.146255493164063 -0.0612945556640625 -0.00783348083496093 0.0291824340820312
0.157546997070312 -0.016815185546875 -0.0196380615234375 -0.144180297851563
0.104232788085937 -0.0257186889648438 0.0435104370117188 -0.0851516723632813
0.095916748046875 -0.0486907958984375 0.0913009643554688 -0.0697708129882813
0.0510711669921875 -0.0663795471191406 0.08380126953125 -0.105049133300781
0.0284690856933594 -0.0651016235351563 0.0537567138671875 -0.106246948242188
-0.0161514282226562 -0.0668563842773438 0.0154571533203125 -0.112937927246094
-0.0495796203613281 -0.0614204406738281 -0.00598144531249999 -0.0932464599609375
-0.0492362976074219 -0.057769775390625 0.00352859497070313 -0.0571441650390625
-0.0688095092773438 -0.0587539672851562 0.0115509033203125 -0.0376014709472656
-0.0567703247070313 -0.0712661743164062 0.0122108459472656 -0.00521469116210938
-0.0264129638671875 -0.100982666015625 0.00147438049316406 0.0129718780517578
0.0100631713867188 -0.114036560058594 -0.0190601348876953 0.00666809082031249
0.0908355712890625 -0.090484619140625 -0.0119132995605469 -0.00616550445556641
0.121749877929688 -0.0734329223632813 -0.00190162658691405 -0.0136823654174805
0.156661987304688 -0.0358428955078125 0.0475730895996094 0.0157394409179687
0.150726318359375 0.0173492431640625 0.03759765625 -0.139854431152344
0.124710083007813 0.003509521484375 0.089508056640625 -0.086761474609375
0.131195068359375 -0.0367279052734375 0.109893798828125 -0.0705413818359375
0.083343505859375 -0.0773544311523438 0.0910415649414063 -0.0976333618164063
0.0500640869140625 -0.0816802978515625 0.0569076538085938 -0.0874862670898437
-0.00365447998046875 -0.09051513671875 0.0245895385742187 -0.0884933471679688
-0.0398712158203125 -0.0862503051757812 0.0133590698242187 -0.0672836303710938
-0.0365066528320312 -0.0792617797851563 0.0240993499755859 -0.0351409912109375
-0.0543899536132812 -0.081329345703125 0.0320949554443359 -0.0203933715820313
-0.0365219116210938 -0.0839996337890625 0.0254287719726562 0.00953292846679687
-0.00321197509765626 -0.103767395019531 0.00997543334960938 0.0219192504882812
0.0314407348632813 -0.107406616210938 -0.0113964080810547 0.00719547271728515
0.10626220703125 -0.068572998046875 -0.00114631652832031 -0.0148391723632813
0.128318786621094 -0.0406036376953125 0.0283069610595703 -0.0333614349365234
0.14703369140625 -0.00018310546875 0.0995407104492188 0.00894927978515625
0.118293762207031 0.0455398559570312 0.0860977172851563 -0.126235961914063
0.116744995117187 0.0298309326171875 0.125091552734375 -0.0843124389648438
0.135948181152344 -0.016204833984375 0.115676879882813 -0.06793212890625
0.0955810546875 -0.0694961547851563 0.0888900756835938 -0.082000732421875
0.0612564086914063 -0.0785751342773438 0.0543785095214844 -0.059967041015625
0.0102767944335937 -0.0961074829101563 0.0332183837890625 -0.0549774169921875
-0.0234222412109375 -0.0956039428710938 0.0329399108886719 -0.0357208251953125
-0.0193023681640625 -0.0885009765625 0.0403366088867188 -0.00931930541992188
-0.0319976806640625 -0.0937423706054688 0.0456008911132812 0.00292587280273437
-0.0104141235351563 -0.0885543823242188 0.0303134918212891 0.0290164947509766
0.0255126953125 -0.0950546264648438 0.0111541748046875 0.0339679718017578
0.0562591552734375 -0.0872650146484375 -0.00847816467285156 0.0115327835083008
0.11480712890625 -0.0319976806640625 0.00579833984375001 -0.0151357650756836
0.121772766113281 0.0049591064453125 0.0535659790039063 -0.0395736694335938
0.118804931640625 0.0392379760742187 0.141204833984375 0.014984130859375
0.067138671875 0.0662651062011719 0.114547729492188 -0.108810424804688
0.0844650268554688 0.0516281127929687 0.14300537109375 -0.079254150390625
0.109901428222656 0.0096893310546875 0.10797119140625 -0.0626220703125
0.085601806640625 -0.04315185546875 0.0771560668945313 -0.0614852905273438
0.060699462890625 -0.0546722412109375 0.0468902587890625 -0.0321235656738281
0.0245361328125 -0.0805282592773438 0.0396499633789063 -0.020751953125
-0.00104522705078125 -0.0890350341796875 0.0472335815429688 -0.00296020507812501
0.00131225585937501 -0.0849227905273438 0.0510215759277344 0.0181236267089844
-0.005828857421875 -0.0937957763671875 0.0515556335449219 0.0322494506835937
0.0150299072265625 -0.0828628540039063 0.0257148742675781 0.0532684326171875
0.049346923828125 -0.0779037475585938 0.00443649291992188 0.0506210327148437
0.0740737915039063 -0.0604171752929688 -0.00944328308105468 0.0221385955810547
0.112022399902344 0.007568359375 0.00858688354492188 -0.00425291061401367
0.101837158203125 0.0504684448242187 0.070587158203125 -0.0257797241210937
0.0754623413085938 0.0747909545898438 0.16650390625 0.0352935791015625
0.00554656982421874 0.0776748657226562 0.118797302246094 -0.0896682739257813
0.0367355346679688 0.0665740966796875 0.138015747070313 -0.0693511962890625
0.0641403198242188 0.037200927734375 0.0889434814453125 -0.0537109375
0.0611763000488281 -0.0045013427734375 0.0634880065917969 -0.0406227111816406
0.0523834228515625 -0.015228271484375 0.0378875732421875 -0.0103874206542969
0.0405502319335938 -0.0491447448730469 0.0407485961914062 0.00574874877929687
0.0235977172851563 -0.0697364807128906 0.0536041259765625 0.0241584777832031
0.0221939086914063 -0.0685844421386719 0.0530967712402344 0.0423965454101562
0.017913818359375 -0.0806350708007813 0.0492630004882813 0.0620384216308594
0.0315361022949219 -0.0680351257324219 0.0161895751953125 0.0781936645507813
0.0594253540039063 -0.0554656982421875 -0.00633621215820313 0.0682144165039063
0.0766830444335938 -0.0333175659179688 -0.0150070190429687 0.0381317138671875
0.0941848754882813 0.037261962890625 0.00336170196533204 0.0159645080566406
0.0681381225585938 0.0827713012695313 0.0745925903320313 0.00270080566406251
0.0220870971679688 0.09619140625 0.171173095703125 0.066986083984375
0.0423583984375 -0.102851867675781 -0.164810180664062 -0.0799713134765625
-0.0423583984375 -0.071441650390625 -0.0714569091796875 -0.0258026123046875
-0.0699577331542969 -0.0355262756347656 0.0189838409423828 -0.0337371826171875
-0.0657920837402344 0.0112495422363281 0.0383377075195312 -0.0651054382324219
-0.0463943481445313 0.0263252258300781 0.0248184204101563 -0.0927276611328125
-0.0324859619140625 0.0484886169433594 -0.011962890625 -0.104827880859375
-0.0310211181640625 0.0503120422363281 -0.052490234375 -0.0910491943359375
-0.0345840454101563 0.0414314270019531 -0.0538101196289062 -0.0636749267578125
-0.0389938354492188 0.0434646606445313 -0.0516548156738281 -0.0375251770019531
-0.0476036071777344 0.017120361328125 -0.0397109985351562 -0.0194473266601563
-0.0496597290039062 -0.00986862182617188 -0.0398101806640625 0.00450134277343749
-0.0421638488769531 -0.0333213806152344 -0.0556297302246094 0.0206069946289062
-0.0151557922363281 -0.0657615661621094 -0.0771331787109375 0.0317306518554688
0.00991821289062501 -0.0856704711914063 -0.109657287597656 0.0611114501953125
0.0578384399414063 -0.0902481079101563 -0.100692749023437 0.0696258544921875
0.094940185546875 -0.087371826171875 -0.135978698730469 -0.113235473632813
0.00627136230468749 -0.068115234375 -0.0473098754882813 -0.0549774169921875
-0.0212287902832031 -0.04534912109375 0.0385093688964844 -0.0540580749511719
-0.0343151092529297 -0.0124626159667969 0.051055908203125 -0.0874099731445313
-0.0249786376953125 -0.00176239013671875 0.0345306396484375 -0.107330322265625
-0.030914306640625 0.0125675201416016 -0.00506591796875001 -0.120452880859375
-0.0440177917480469 0.0155143737792969 -0.0436630249023438 -0.106277465820312
-0.0472869873046875 0.00861358642578125 -0.0413284301757812 -0.073333740234375
-0.059234619140625 0.00888442993164063 -0.0381660461425781 -0.0465164184570313
-0.0598640441894531 -0.018310546875 -0.0277481079101563 -0.0222511291503906
-0.0473899841308594 -0.0515403747558594 -0.0295276641845703 0.00200653076171874
-0.0231475830078125 -0.0738906860351563 -0.0450057983398438 0.0108795166015625
0.0314407348632812 -0.0864181518554688 -0.052520751953125 0.0160064697265625
0.060699462890625 -0.0950927734375 -0.0763702392578125 0.0383148193359375
0.110206604003906 -0.0854110717773437 -0.061553955078125 0.04876708984375
0.137008666992188 -0.0588226318359375 -0.0891647338867187 -0.136512756347656
0.0597419738769531 -0.052154541015625 -0.009185791015625 -0.0747451782226563
0.0380096435546875 -0.0512886047363281 0.0639915466308594 -0.0667991638183594
0.00704193115234375 -0.0402069091796875 0.06695556640625 -0.104080200195312
0.00176811218261719 -0.0345134735107422 0.0434188842773438 -0.115364074707031
-0.0248088836669922 -0.0281906127929688 0.001617431640625 -0.125434875488281
-0.0510330200195313 -0.02398681640625 -0.0303878784179688 -0.10723876953125
-0.05328369140625 -0.02630615234375 -0.022918701171875 -0.0711441040039063
-0.0708999633789063 -0.025970458984375 -0.018157958984375 -0.0471687316894531
-0.065277099609375 -0.0479927062988281 -0.0114173889160156 -0.0164680480957031
-0.042572021484375 -0.083038330078125 -0.0169601440429688 0.00603389739990234
-0.00909423828125 -0.102149963378906 -0.0340957641601563 0.00645446777343749
0.0650558471679688 -0.098602294921875 -0.0318355560302734 0.00166893005371094
0.0969696044921875 -0.0951690673828125 -0.0408134460449219 0.0109481811523438
0.14434814453125 -0.070404052734375 -0.00975990295410155 0.0288581848144531
0.158493041992187 -0.02392578125 -0.0318603515625 -0.146240234375
0.104217529296875 -0.0284805297851562 0.0368804931640625 -0.0858688354492188
0.0949020385742188 -0.0514907836914063 0.0897598266601563 -0.0725631713867188
0.050018310546875 -0.0672035217285156 0.081817626953125 -0.108184814453125
0.0285911560058594 -0.0662689208984375 0.0508880615234375 -0.109855651855469
-0.0169296264648438 -0.0662498474121094 0.00995635986328126 -0.115379333496094
-0.0514259338378906 -0.0601043701171875 -0.01287841796875 -0.0940399169921875
-0.0506439208984375 -0.0572662353515625 -0.00149154663085938 -0.0576019287109375
-0.0704193115234375 -0.056610107421875 0.00533676147460937 -0.037872314453125
-0.0589179992675781 -0.0701217651367188 0.00697565078735351 -0.00634288787841797
-0.0299148559570313 -0.100547790527344 -0.003814697265625 0.0123672485351562
0.00587463378906249 -0.115242004394531 -0.0246925354003906 0.00482559204101561
0.0883712768554688 -0.0959548950195312 -0.0171222686767578 -0.011962890625
0.119773864746094 -0.0803375244140625 -0.00702095031738281 -0.0174493789672852
0.158447265625 -0.04449462890625 0.0458564758300781 0.0123825073242188
0.1552734375 0.0113983154296875 0.026947021484375 -0.144973754882813
0.127159118652344 -0.00057220458984375 0.0832901000976563 -0.09033203125
0.133087158203125 -0.0429840087890625 0.108245849609375 -0.073577880859375
0.0819625854492188 -0.0817718505859375 0.088531494140625 -0.10137939453125
0.0491561889648438 -0.0858306884765625 0.054779052734375 -0.0908660888671875
-0.00691223144531249 -0.0927200317382813 0.0194015502929688 -0.0906295776367188
-0.044281005859375 -0.0857925415039063 0.00767898559570312 -0.068634033203125
-0.0407333374023437 -0.0794296264648438 0.0206146240234375 -0.0363044738769531
-0.0586166381835938 -0.0802154541015625 0.0268001556396484 -0.0208950042724609
-0.04095458984375 -0.0834197998046875 0.0200958251953125 0.00955009460449218
-0.007232666015625 -0.1053466796875 0.00457000732421875 0.0218753814697266
0.0274505615234375 -0.110450744628906 -0.0176658630371094 0.00534820556640624
0.106575012207031 -0.0752487182617188 -0.00597000122070312 -0.0202274322509766
0.1290283203125 -0.0475921630859375 0.0228805541992188 -0.0388412475585938
0.151687622070313 -0.00677490234375 0.0984344482421875 0.00370025634765625
0.125518798828125 0.0428619384765625 0.077117919921875 -0.133903503417969
0.123428344726562 0.0266342163085937 0.120063781738281 -0.090423583984375
0.141098022460938 -0.0238189697265625 0.113967895507813 -0.0712432861328125
0.095367431640625 -0.0761566162109375 0.0868682861328125 -0.0853347778320312
0.0600738525390625 -0.08465576171875 0.0536117553710938 -0.0631523132324219
0.00514984130859374 -0.099578857421875 0.0298042297363281 -0.0567359924316406
-0.0303573608398437 -0.0967941284179688 0.0292587280273437 -0.0369682312011719
-0.0250167846679687 -0.090057373046875 0.0382843017578125 -0.0100669860839844
-0.038360595703125 -0.0939559936523438 0.042327880859375 0.00325393676757812
-0.0154876708984375 -0.0896682739257813 0.0258903503417969 0.0297756195068359
0.0212554931640625 -0.0992584228515625 0.0061492919921875 0.0344562530517578
0.0533447265625 -0.0930023193359375 -0.0140371322631836 0.00987434387207031
0.118324279785156 -0.039276123046875 0.00106430053710938 -0.0206184387207031
0.127204895019531 -0.00145721435546875 0.0495452880859375 -0.0456123352050781
0.126350402832031 0.0358047485351563 0.141357421875 0.0083770751953125
0.0752639770507813 0.0655441284179687 0.10894775390625 -0.117149353027344
0.0931167602539063 0.0494308471679688 0.138862609863281 -0.0862274169921875
0.117935180664063 0.0025482177734375 0.106063842773438 -0.0655517578125
0.0872344970703125 -0.0509872436523438 0.0766677856445312 -0.0633163452148438
0.0600357055664063 -0.0617828369140625 0.0478553771972656 -0.0330162048339844
0.0193939208984375 -0.0849761962890625 0.0381011962890625 -0.0223731994628906
-0.00899505615234375 -0.091217041015625 0.0461463928222656 -0.00457000732421876
-0.005126953125 -0.08721923828125 0.0504684448242188 0.017120361328125
-0.0133819580078125 -0.09539794921875 0.0496749877929688 0.0327186584472656
0.0088043212890625 -0.085845947265625 0.0236396789550781 0.0549392700195312
0.0446929931640625 -0.0832748413085938 0.000881195068359381 0.0514144897460937
0.072113037109375 -0.0676345825195313 -0.0145645141601562 0.0210819244384766
0.118095397949219 0.0002899169921875 0.00474643707275391 -0.00937366485595703
0.110282897949219 0.04571533203125 0.0682487487792969 -0.03277587890625
0.0848236083984375 0.0737228393554688 0.169281005859375 0.029052734375
0.013641357421875 0.0798416137695312 0.115524291992188 -0.0978164672851563
0.0452651977539063 0.0671577453613281 0.135902404785156 -0.07696533203125
0.07244873046875 0.0323944091796875 0.0872344970703125 -0.0559234619140625
0.0636711120605469 -0.0118408203125 0.0635032653808594 -0.0407524108886719
0.0532569885253906 -0.022491455078125 0.0406761169433594 -0.00996017456054688
0.0358428955078125 -0.0545578002929688 0.0423927307128906 0.00469970703125
0.0162429809570313 -0.0722274780273438 0.0550537109375 0.022552490234375
0.0154953002929688 -0.0715484619140625 0.0545921325683594 0.0419044494628906
0.00963592529296875 -0.083038330078125 0.0498504638671875 0.0622596740722656
0.0251083374023438 -0.0714874267578125 0.0146636962890625 0.0808029174804688
0.0551490783691406 -0.0616073608398438 -0.00843811035156249 0.06988525390625
0.075286865234375 -0.0418548583984375 -0.0182380676269531 0.0378608703613281
0.101730346679688 0.02996826171875 0.00229835510253907 0.013117790222168
0.0785293579101563 0.0794906616210938 0.0751190185546875 -0.00311279296874999
0.0321197509765625 0.0974044799804688 0.177139282226562 0.060272216796875
0.0316009521484375 -0.108192443847656 -0.174880981445312 -0.0708160400390625
-0.0506095886230469 -0.0675621032714844 -0.0737533569335938 -0.018890380859375
-0.0763015747070312 -0.0267562866210938 0.0192375183105469 -0.0337867736816406
-0.0652389526367188 0.0203514099121094 0.0379409790039063 -0.0674400329589844
-0.04278564453125 0.032623291015625 0.0232925415039063 -0.0956192016601563
-0.0251502990722656 0.0513114929199219 -0.014862060546875 -0.107505798339844
-0.0239982604980469 0.053009033203125 -0.058074951171875 -0.0915756225585938
-0.0290565490722656 0.043853759765625 -0.0586128234863281 -0.0632057189941406
-0.0323982238769531 0.0459098815917969 -0.0561408996582031 -0.0352439880371094
-0.0435371398925781 0.0214576721191406 -0.0434989929199219 -0.019439697265625
-0.048553466796875 -0.00376510620117187 -0.0426712036132812 0.00466537475585937
-0.0454139709472656 -0.0268936157226562 -0.0580253601074219 0.0215301513671875
-0.0247611999511719 -0.0636062622070313 -0.078338623046875 0.0336761474609375
-0.000915527343750004 -0.0870513916015625 -0.109130859375 0.0674285888671875
0.0484390258789063 -0.0972747802734375 -0.0993194580078125 0.0776596069335938
0.0874252319335938 -0.095306396484375 -0.149032592773437 -0.107315063476563
8.77380371093752E-05 -0.067138671875 -0.0529022216796875 -0.0503654479980469
-0.0267677307128906 -0.0402793884277344 0.0367584228515625 -0.0554580688476563
-0.0346946716308594 -0.00589561462402344 0.048828125 -0.0908584594726563
-0.0224399566650391 0.00284004211425781 0.0307235717773437 -0.11175537109375
-0.0260429382324219 0.0153217315673828 -0.0104827880859375 -0.123847961425781
-0.0400390625 0.0179786682128906 -0.0510406494140625 -0.107009887695312
-0.0442543029785156 0.01123046875 -0.0479736328125 -0.0733184814453125
-0.0557861328125 0.0120582580566406 -0.0445518493652344 -0.0453376770019531
-0.0577888488769531 -0.0141830444335937 -0.0331840515136719 -0.0221004486083984
-0.0484046936035156 -0.0473403930664063 -0.0340747833251953 0.00194549560546875
-0.0277938842773438 -0.0704803466796875 -0.0489349365234375 0.0110588073730469
0.023590087890625 -0.087860107421875 -0.05584716796875 0.0155525207519531
0.0505905151367188 -0.0998764038085938 -0.0784683227539063 0.0418472290039063
0.103416442871094 -0.0955810546875 -0.0620269775390625 0.0528984069824219
0.133514404296875 -0.0679779052734375 -0.103950500488281 -0.134017944335938
0.0562858581542969 -0.053985595703125 -0.01666259765625 -0.0724334716796875
0.034332275390625 -0.0509757995605469 0.0620269775390625 -0.0695724487304688
0.00609970092773437 -0.0373306274414063 0.0637130737304688 -0.108573913574219
0.00312042236328125 -0.0334014892578125 0.0387954711914063 -0.119338989257813
-0.0230350494384766 -0.0266246795654297 -0.00533294677734376 -0.128761291503906
-0.0504913330078125 -0.0216255187988281 -0.0394363403320312 -0.10736083984375
-0.0534439086914063 -0.0242156982421875 -0.0298233032226563 -0.0712356567382813
-0.0709457397460937 -0.02276611328125 -0.0242156982421875 -0.0458755493164062
-0.0659332275390625 -0.0442314147949219 -0.0169563293457031 -0.0168619155883789
-0.0460739135742187 -0.080047607421875 -0.0220623016357422 0.00626182556152343
-0.0153427124023438 -0.101898193359375 -0.0401649475097656 0.00629425048828125
0.0587692260742188 -0.103187561035156 -0.036895751953125 -0.00122833251953126
0.08984375 -0.102684020996094 -0.0447807312011719 0.0112838745117187
0.14141845703125 -0.0821685791015625 -0.0109729766845703 0.0289249420166016
0.160720825195313 -0.03338623046875 -0.046722412109375 -0.1474609375
0.104232788085937 -0.0333633422851563 0.028533935546875 -0.0865631103515625
0.0938262939453125 -0.0563735961914062 0.0880508422851563 -0.0771560668945313
0.0478553771972656 -0.0690422058105469 0.0773849487304688 -0.114471435546875
0.02740478515625 -0.0684852600097656 0.0459442138671875 -0.114822387695313
-0.0181159973144531 -0.0664901733398438 0.00221252441406251 -0.118804931640625
-0.0543594360351563 -0.0577812194824219 -0.0212554931640625 -0.0944976806640625
-0.0542221069335937 -0.0561752319335938 -0.00710296630859375 -0.0581321716308594
-0.07379150390625 -0.0538330078125 -0.000514984130859376 -0.0376701354980469
-0.0619010925292969 -0.0676689147949219 0.00172328948974609 -0.00619268417358399
-0.0353012084960938 -0.0998458862304688 -0.00895214080810547 0.0131025314331055
-0.000709533691406251 -0.116287231445313 -0.0310840606689453 0.00398826599121092
0.0840988159179688 -0.103553771972656 -0.0233783721923828 -0.0159053802490234
0.115371704101562 -0.0895843505859375 -0.0126953125 -0.0201969146728516
0.158859252929688 -0.0557708740234375 0.0446968078613281 0.00848770141601562
0.161163330078125 0.0028228759765625 0.014007568359375 -0.14971923828125
0.1319580078125 -0.00644683837890625 0.0757980346679688 -0.094268798828125
0.135650634765625 -0.0521240234375 0.106391906738281 -0.078582763671875
0.0799026489257812 -0.08782958984375 0.0854263305664063 -0.107475280761719
0.04669189453125 -0.0914459228515625 0.05096435546875 -0.09552001953125
-0.0118942260742187 -0.09478759765625 0.0134658813476563 -0.09326171875
-0.0507583618164062 -0.0847396850585938 0.000740051269531251 -0.0695915222167969
-0.046844482421875 -0.079254150390625 0.0156173706054687 -0.0374832153320313
-0.0652542114257813 -0.0787582397460938 0.021820068359375 -0.0212287902832031
-0.0461349487304687 -0.082763671875 0.0160331726074219 0.00992202758789062
-0.0133743286132813 -0.10723876953125 -0.000696182250976565 0.0230350494384766
0.0213088989257813 -0.114486694335938 -0.0242404937744141 0.00512695312499999
0.105598449707031 -0.0844345092773438 -0.0134468078613281 -0.0251445770263672
0.129440307617188 -0.0563430786132813 0.0166130065917969 -0.0438270568847656
0.156707763671875 -0.016265869140625 0.0979385375976563 -0.00304412841796875
0.134315490722656 0.036712646484375 0.06610107421875 -0.141494750976563
0.130401611328125 0.020782470703125 0.11376953125 -0.0974807739257813
0.146438598632813 -0.0337066650390625 0.112113952636719 -0.07659912109375
0.0939102172851563 -0.0847320556640625 0.0842132568359375 -0.0901336669921875
0.0571746826171875 -0.0929412841796875 0.0516357421875 -0.0661506652832031
-0.00170135498046875 -0.102828979492188 0.0258522033691406 -0.0592002868652344
-0.0389633178710938 -0.096343994140625 0.0252113342285156 -0.0382537841796875
-0.0326614379882813 -0.090972900390625 0.0365676879882813 -0.0113525390625
-0.0464096069335938 -0.0932769775390625 0.039764404296875 0.00329208374023437
-0.0226974487304688 -0.0906753540039063 0.0232925415039062 0.0314483642578125
0.0150985717773437 -0.103355407714844 0.00259017944335937 0.036590576171875
0.0483322143554688 -0.0992507934570312 -0.0200023651123047 0.0100307464599609
0.120597839355469 -0.0490798950195313 -0.00519180297851561 -0.0255527496337891
0.132652282714844 -0.010284423828125 0.0435371398925781 -0.0521926879882813
0.135292053222656 0.0292816162109375 0.14288330078125 -0.0011138916015625
0.0852508544921875 0.0632858276367187 0.100242614746094 -0.127349853515625
0.101730346679687 0.0455169677734375 0.134330749511719 -0.095855712890625
0.125350952148438 -0.00731658935546875 0.104095458984375 -0.0706253051757813
0.0870285034179688 -0.0606155395507813 0.0753326416015625 -0.0670166015625
0.0576744079589844 -0.0701103210449219 0.04827880859375 -0.0359344482421875
0.0119476318359375 -0.0901641845703125 0.036956787109375 -0.0244140625
-0.0184249877929687 -0.09307861328125 0.0458030700683594 -0.00643539428710938
-0.0137557983398437 -0.089080810546875 0.052032470703125 0.0161781311035156
-0.0227584838867188 -0.095794677734375 0.0499076843261719 0.0327491760253906
0.000976562499999998 -0.0879364013671875 0.0223274230957031 0.0577507019042969
0.0389862060546875 -0.0897140502929688 -0.00159454345703125 0.0535812377929687
0.0688858032226563 -0.0757064819335938 -0.0184516906738281 0.0208015441894531
0.124038696289063 -0.0102996826171875 0.000749588012695319 -0.0134677886962891
0.119392395019531 0.0377044677734375 0.0649223327636719 -0.0404624938964844
0.0963668823242188 0.07080078125 0.173294067382813 0.0186767578125
0.0240554809570312 0.0815277099609375 0.110122680664063 -0.107147216796875
0.0554618835449219 0.0652122497558594 0.133583068847656 -0.0867996215820313
0.0804595947265625 0.0254287719726563 0.0863189697265625 -0.0587234497070313
0.0650787353515625 -0.0195846557617188 0.0642051696777344 -0.0426826477050781
0.0523567199707031 -0.0300750732421875 0.04339599609375 -0.0119857788085938
0.0295448303222656 -0.0595169067382813 0.0443954467773438 0.00291824340820312
0.00705718994140626 -0.0745010375976563 0.0572280883789063 0.0204925537109375
0.00714874267578124 -0.0741729736328125 0.0577430725097656 0.040618896484375
0.000778198242187507 -0.0844268798828125 0.0525398254394531 0.0625457763671875
0.0172348022460938 -0.074493408203125 0.01666259765625 0.0839080810546875
0.0494155883789063 -0.0687637329101563 -0.0092315673828125 0.0732879638671875
0.0733184814453125 -0.0502090454101563 -0.0207290649414063 0.0388031005859375
0.108963012695313 0.0206451416015625 0.000727653503417975 0.00948429107666016
0.0894622802734375 0.0737686157226563 0.0749588012695313 -0.0115814208984375
0.043914794921875 0.0977554321289063 0.184463500976563 0.051300048828125
0.0176467895507813 -0.111068725585938 -0.183441162109375 -0.0580596923828125
-0.058349609375 -0.0611648559570312 -0.0753021240234375 -0.0107879638671875
-0.0803756713867188 -0.0155792236328125 0.0181159973144531 -0.0334320068359375
-0.0617713928222656 0.0300559997558594 0.0367546081542969 -0.0699348449707031
-0.0365333557128906 0.0382957458496094 0.0196762084960938 -0.0980987548828125
-0.0169830322265625 0.05291748046875 -0.0203781127929688 -0.109146118164063
-0.0155410766601563 0.0533981323242188 -0.0647735595703125 -0.089599609375
-0.0225486755371094 0.045440673828125 -0.064361572265625 -0.060272216796875
-0.0253448486328125 0.0469970703125 -0.0602645874023438 -0.0313720703125
-0.0377311706542969 0.0255661010742188 -0.0473251342773438 -0.0175704956054687
-0.0461692810058594 0.00217437744140624 -0.0453567504882813 0.00632095336914062
-0.0478706359863281 -0.01983642578125 -0.0595893859863281 0.0239982604980469
-0.0334091186523438 -0.058685302734375 -0.077789306640625 0.03692626953125
-0.0133132934570313 -0.0852279663085937 -0.105758666992188 0.0745010375976563
0.0356292724609375 -0.103218078613281 -0.0941390991210937 0.0850448608398438
0.0764999389648438 -0.102264404296875 -0.1612548828125 -0.095306396484375
-0.00692367553710938 -0.0637741088867188 -0.0576515197753906 -0.0432472229003906
-0.0313625335693359 -0.0335254669189453 0.0336837768554688 -0.0566825866699219
-0.0330448150634766 0.00156021118164062 0.0440597534179687 -0.0941314697265625
-0.0185642242431641 0.00657081604003907 0.0244827270507813 -0.113883972167969
-0.0198955535888672 0.0166492462158203 -0.0185089111328125 -0.125152587890625
-0.0348911285400391 0.0200119018554688 -0.0604324340820312 -0.104194641113281
-0.0406303405761719 0.0134506225585937 -0.0548973083496094 -0.0699806213378906
-0.0514869689941406 0.0149459838867187 -0.0500450134277344 -0.0419960021972656
-0.0557746887207031 -0.00987625122070311 -0.0383720397949219 -0.0206794738769531
-0.0495567321777344 -0.0417709350585938 -0.0380973815917969 0.00358200073242188
-0.0332450866699219 -0.0655860900878906 -0.052734375 0.0126419067382813
0.0137252807617187 -0.0872802734375 -0.058685302734375 0.016265869140625
0.038665771484375 -0.102424621582031 -0.0783004760742187 0.0465850830078125
0.09259033203125 -0.105079650878906 -0.0598182678222656 0.057373046875
0.127021789550781 -0.0784835815429687 -0.119232177734375 -0.125495910644531
0.0506439208984375 -0.0555152893066406 -0.0244636535644531 -0.0682334899902344
0.0301094055175781 -0.0502128601074219 0.0578536987304688 -0.0729827880859375
0.00544166564941406 -0.0341091156005859 0.0572586059570312 -0.112838745117187
0.00381851196289062 -0.0322723388671875 0.0307540893554688 -0.122840881347656
-0.0208873748779297 -0.0257434844970703 -0.0144882202148438 -0.129386901855469
-0.0493545532226563 -0.0186080932617188 -0.0488204956054687 -0.105087280273438
-0.0535888671875 -0.0214118957519531 -0.0369758605957031 -0.0687370300292969
-0.0703125 -0.0186843872070313 -0.0307998657226562 -0.0431556701660156
-0.0666656494140625 -0.039520263671875 -0.0222530364990234 -0.0153160095214844
-0.04998779296875 -0.0759201049804688 -0.0263557434082031 0.00797271728515625
-0.0222320556640625 -0.0987014770507813 -0.0452766418457031 0.00751495361328125
0.049224853515625 -0.107017517089844 -0.0429878234863281 -0.00209808349609375
0.0794601440429688 -0.108345031738281 -0.0482025146484375 0.0121994018554687
0.133537292480469 -0.0947418212890625 -0.0119953155517578 0.0292701721191406
0.158233642578125 -0.04522705078125 -0.0645751953125 -0.1435546875
0.101814270019531 -0.03887939453125 0.01934814453125 -0.0854568481445313
0.09075927734375 -0.062225341796875 0.083465576171875 -0.081085205078125
0.0443534851074219 -0.07012939453125 0.070098876953125 -0.119865417480469
0.0253753662109375 -0.0711212158203125 0.0384140014648437 -0.118293762207031
-0.020660400390625 -0.0660362243652344 -0.00714874267578126 -0.118858337402344
-0.0575332641601562 -0.0546073913574219 -0.0298995971679688 -0.092193603515625
-0.0571861267089844 -0.0534439086914062 -0.01324462890625 -0.0574722290039063
-0.07684326171875 -0.0493545532226563 -0.00682449340820313 -0.03619384765625
-0.0659904479980469 -0.0629806518554688 -0.0035848617553711 -0.00503921508789063
-0.04193115234375 -0.0972671508789063 -0.0138740539550781 0.015009880065918
-0.00868225097656249 -0.115798950195313 -0.0373458862304688 0.00587081909179687
0.0762786865234375 -0.110458374023437 -0.0311756134033203 -0.0177745819091797
0.107521057128906 -0.097564697265625 -0.0192604064941406 -0.0214424133300781
0.156387329101563 -0.068634033203125 0.0426406860351563 0.003875732421875
0.163803100585938 -0.008453369140625 -0.00399780273437498 -0.150833129882813
0.133369445800781 -0.014678955078125 0.065399169921875 -0.097442626953125
0.134284973144531 -0.0626754760742188 0.101638793945313 -0.0843429565429688
0.0748062133789063 -0.0936050415039063 0.0782089233398438 -0.112899780273438
0.041656494140625 -0.0970306396484375 0.0438613891601563 -0.099639892578125
-0.0179290771484375 -0.0947265625 0.00466156005859375 -0.0941238403320313
-0.0576400756835938 -0.0811767578125 -0.00605392456054688 -0.0687026977539063
-0.0535812377929688 -0.077056884765625 0.0113029479980469 -0.0374717712402344
-0.0713272094726562 -0.0738906860351563 0.01666259765625 -0.0203723907470703
-0.051971435546875 -0.0799407958984375 0.0121994018554687 0.0107927322387695
-0.0213394165039062 -0.106887817382812 -0.00414657592773438 0.0248126983642578
0.01318359375 -0.116661071777344 -0.0300025939941406 0.00666427612304686
0.10089111328125 -0.0943756103515625 -0.0218715667724609 -0.0276317596435547
0.126335144042969 -0.067138671875 0.00828170776367188 -0.0478172302246094
0.158203125 -0.02874755859375 0.095306396484375 -0.0116806030273438
0.14093017578125 0.0273590087890625 0.0507659912109375 -0.146804809570313
0.135612487792969 0.0118865966796875 0.103370666503906 -0.104080200195313
0.147308349609375 -0.047332763671875 0.108055114746094 -0.0836181640625
0.0889129638671875 -0.0941314697265625 0.0789642333984375 -0.0955734252929687
0.05096435546875 -0.100387573242188 0.0476760864257813 -0.0702133178710938
-0.0107879638671875 -0.10400390625 0.0194282531738281 -0.0604438781738281
-0.048309326171875 -0.09307861328125 0.0206146240234375 -0.0385169982910156
-0.0412368774414063 -0.0889739990234375 0.0342769622802734 -0.0127277374267578
-0.0554428100585938 -0.0894927978515625 0.0367622375488281 0.00249862670898437
-0.0305023193359375 -0.0893096923828125 0.0212421417236328 0.0330753326416016
0.0063934326171875 -0.10577392578125 -0.000171661376953128 0.0388603210449219
0.0405120849609375 -0.10540771484375 -0.0254135131835937 0.0117816925048828
0.119682312011719 -0.0616226196289063 -0.0126380920410156 -0.0282154083251953
0.134078979492188 -0.0219192504882813 0.0351486206054688 -0.0585098266601563
0.14117431640625 0.018157958984375 0.141494750976563 -0.01251220703125
0.0949478149414063 0.057281494140625 0.0876312255859375 -0.134033203125
0.110000610351563 0.0375137329101563 0.125534057617188 -0.104507446289063
0.129135131835938 -0.0200271606445313 0.0999984741210938 -0.0762405395507813
0.0832366943359375 -0.0698623657226563 0.0719528198242188 -0.0713424682617188
0.0524063110351562 -0.0786819458007813 0.0469436645507813 -0.0393104553222656
0.00249481201171874 -0.092193603515625 0.0350055694580078 -0.0263538360595703
-0.0293807983398438 -0.0909194946289063 0.0442237854003906 -0.00852966308593751
-0.0235366821289063 -0.0880813598632813 0.0517807006835938 0.0135231018066406
-0.0334014892578125 -0.0934829711914063 0.0498008728027344 0.0317039489746094
-0.00737762451171875 -0.0880813598632813 0.0236854553222656 0.0596847534179687
0.030548095703125 -0.0948562622070313 -0.00288009643554688 0.056549072265625
0.062408447265625 -0.0836029052734375 -0.022430419921875 0.0228385925292969
0.126235961914063 -0.0236740112304688 -0.0049762725830078 -0.0168790817260742
0.126174926757813 0.0268783569335937 0.0592689514160156 -0.0479011535644531
0.106758117675781 0.0631103515625 0.174530029296875 0.005279541015625
0.0353469848632813 0.0801773071289063 0.100364685058594 -0.115798950195313
0.0649261474609375 0.0598411560058594 0.126670837402344 -0.0964431762695313
0.0873870849609375 0.01507568359375 0.08331298828125 -0.0626296997070313
0.0640487670898438 -0.02874755859375 0.0636634826660156 -0.0459136962890625
0.0494575500488281 -0.0382575988769531 0.0445976257324219 -0.0135421752929688
0.0214614868164063 -0.0633430480957031 0.0452995300292969 0.000316619873046871
-0.00270843505859375 -0.0748214721679688 0.0595779418945313 0.0162315368652344
-0.00218200683593751 -0.0739212036132813 0.0611457824707031 0.0378303527832031
-0.0097503662109375 -0.0834121704101562 0.0560340881347656 0.0615959167480469
0.00839996337890625 -0.074951171875 0.0202789306640625 0.086273193359375
0.0410232543945312 -0.0741348266601562 -0.0076904296875 0.076080322265625
0.0669784545898437 -0.0591316223144531 -0.02197265625 0.0401725769042969
0.113578796386719 0.00745391845703125 -0.00170660018920898 0.00622653961181641
0.0997848510742187 0.0646209716796875 0.0727462768554688 -0.01947021484375
0.0565414428710938 0.0943374633789063 0.189910888671875 0.037017822265625
0.0035247802734375 -0.108467102050781 -0.184249877929688 -0.0418243408203125
-0.0631103515625 -0.0521430969238281 -0.0737457275390625 -0.00257873535156252
-0.079498291015625 -0.004638671875 0.0168399810791016 -0.0326080322265625
-0.0551719665527344 0.0377388000488281 0.0337600708007813 -0.0710906982421875
-0.0295639038085938 0.0417442321777344 0.0146865844726563 -0.097686767578125
-0.00819015502929688 0.0514183044433594 -0.0257644653320313 -0.107772827148438
-0.00767135620117188 0.051300048828125 -0.0695343017578125 -0.0841751098632813
-0.0159797668457031 0.0442008972167969 -0.0676841735839844 -0.0545845031738281
-0.0183601379394531 0.0456619262695313 -0.0616073608398438 -0.0268707275390625
-0.0319385528564453 0.0267372131347656 -0.0493698120117188 -0.0145683288574219
-0.0418319702148438 0.00712966918945313 -0.0466995239257813 0.00816726684570312
-0.0470466613769531 -0.0126571655273437 -0.0591354370117187 0.0260429382324219
-0.0399627685546875 -0.0510330200195313 -0.0759353637695313 0.0396041870117188
-0.0236434936523437 -0.0789642333984375 -0.098480224609375 0.0787734985351563
0.0219879150390625 -0.103103637695313 -0.0854873657226562 0.089569091796875
0.0628280639648438 -0.104347229003906 -0.1671142578125 -0.079345703125
-0.0134735107421875 -0.0581474304199219 -0.0596656799316406 -0.034912109375
-0.0328083038330078 -0.0254707336425781 0.0298957824707031 -0.0564155578613281
-0.0292377471923828 0.00776100158691407 0.0386810302734375 -0.093963623046875
-0.0142831802368164 0.00915813446044922 0.018035888671875 -0.112930297851563
-0.0141830444335937 0.0168170928955078 -0.025604248046875 -0.122322082519531
-0.0289669036865234 0.0203475952148437 -0.0667572021484375 -0.0980072021484375
-0.0363807678222656 0.0145721435546875 -0.059661865234375 -0.0646095275878906
-0.0463027954101563 0.0163993835449219 -0.0534896850585938 -0.0363235473632813
-0.0516548156738281 -0.00595474243164063 -0.0414848327636719 -0.0178756713867187
-0.0482635498046875 -0.0355148315429688 -0.0403518676757812 0.00623703002929688
-0.0360527038574219 -0.0586128234863281 -0.0545501708984375 0.0150527954101563
0.00462341308593749 -0.08319091796875 -0.0602493286132813 0.0177574157714844
0.026763916015625 -0.0998687744140625 -0.075653076171875 0.0496063232421875
0.0790176391601563 -0.11004638671875 -0.0557365417480469 0.0599899291992188
0.115837097167969 -0.0848617553710938 -0.129714965820312 -0.111701965332031
0.0447273254394531 -0.0552597045898437 -0.0295639038085937 -0.0612831115722656
0.0260047912597656 -0.0476608276367188 0.052490234375 -0.074127197265625
0.00471305847167969 -0.0302944183349609 0.0484085083007813 -0.113571166992188
0.00466728210449219 -0.030548095703125 0.02191162109375 -0.121757507324219
-0.0186691284179688 -0.0244941711425781 -0.023681640625 -0.125686645507813
-0.0465431213378906 -0.0151214599609375 -0.0564651489257812 -0.0983734130859375
-0.0511322021484375 -0.0180397033691406 -0.042724609375 -0.0641937255859375
-0.06756591796875 -0.0142097473144531 -0.0353775024414063 -0.0389137268066406
-0.0650749206542969 -0.0344619750976563 -0.0262069702148438 -0.0126991271972656
-0.0519905090332031 -0.069976806640625 -0.0293350219726563 0.00966835021972656
-0.0278244018554688 -0.0933685302734375 -0.0488204956054688 0.0102806091308594
0.0389785766601563 -0.106040954589844 -0.0475120544433594 -0.00166702270507812
0.0665435791015625 -0.109046936035156 -0.0497169494628906 0.0145034790039062
0.121505737304687 -0.102210998535156 -0.0115814208984375 0.0286884307861328
0.150375366210938 -0.055419921875 -0.0782699584960938 -0.133590698242188
0.0967788696289063 -0.0428695678710938 0.0101776123046875 -0.08056640625
0.0851821899414063 -0.0653152465820313 0.076385498046875 -0.0837173461914063
0.0403022766113281 -0.0696487426757813 0.060943603515625 -0.121070861816406
0.0217056274414063 -0.0713119506835938 0.0294113159179688 -0.118202209472656
-0.0223960876464844 -0.0637779235839844 -0.0164871215820313 -0.115104675292969
-0.0586280822753906 -0.049285888671875 -0.0378341674804688 -0.0866775512695313
-0.0586471557617187 -0.0489540100097656 -0.0192413330078125 -0.0536422729492188
-0.0773086547851563 -0.04315185546875 -0.0116977691650391 -0.0330924987792969
-0.0665359497070312 -0.0574569702148438 -0.0073390007019043 -0.0025177001953125
-0.0456619262695312 -0.091217041015625 -0.0168838500976563 0.0171947479248047
-0.0165328979492188 -0.111595153808594 -0.0412559509277344 0.00840377807617187
0.06671142578125 -0.113014221191406 -0.0380325317382812 -0.0171356201171875
0.0965042114257813 -0.10150146484375 -0.0249881744384766 -0.0207023620605469
0.146759033203125 -0.0787506103515625 0.0385780334472656 0.00014877319335937
0.161041259765625 -0.0202484130859375 -0.019775390625 -0.14447021484375
0.129890441894531 -0.0226287841796875 0.0543594360351563 -0.0960235595703125
0.127647399902344 -0.0702667236328125 0.0947036743164063 -0.0879592895507813
0.0675048828125 -0.0957717895507812 0.0692214965820312 -0.115150451660156
0.034881591796875 -0.0984649658203125 0.0363998413085938 -0.0999069213867188
-0.0237045288085938 -0.0913162231445313 -0.00325775146484374 -0.0913162231445313
-0.0624542236328125 -0.0743026733398438 -0.0125198364257813 -0.0647087097167969
-0.0575027465820313 -0.0712814331054688 0.00664901733398437 -0.0362434387207031
-0.0749130249023437 -0.0675277709960938 0.0124721527099609 -0.0187110900878906
-0.0556182861328125 -0.0740280151367187 0.00900459289550781 0.0130081176757812
-0.0276641845703125 -0.102951049804688 -0.00673484802246094 0.0274181365966797
0.00514984130859376 -0.114967346191406 -0.0352439880371094 0.00922775268554687
0.0918426513671875 -0.09979248046875 -0.0298576354980469 -0.0272064208984375
0.118690490722656 -0.0745697021484375 -8.01086425781157E-05 -0.0484962463378906
0.154327392578125 -0.0403900146484375 0.0892257690429688 -0.0192184448242188
0.142547607421875 0.0163421630859375 0.034637451171875 -0.144973754882813
0.135917663574219 0.00240325927734375 0.0912628173828125 -0.106071472167969
0.143157958984375 -0.058990478515625 0.100067138671875 -0.087249755859375
0.0804824829101563 -0.099151611328125 0.0703811645507813 -0.0981979370117188
0.0424423217773438 -0.103691101074219 0.0419082641601563 -0.0718460083007813
-0.0187759399414062 -0.101356506347656 0.0137100219726562 -0.0593338012695313
-0.05535888671875 -0.0868759155273437 0.0154533386230469 -0.0373802185058594
-0.04791259765625 -0.0839462280273438 0.0315799713134766 -0.0135269165039063
-0.0616607666015625 -0.0822067260742187 0.0333194732666015 0.00249481201171874
-0.036102294921875 -0.0844192504882813 0.0197486877441406 0.0341873168945312
-0.00238800048828126 -0.104522705078125 -0.00230789184570313 0.0410499572753906
0.0319290161132812 -0.105926513671875 -0.0298023223876953 0.0144100189208984
0.113815307617187 -0.0710067749023438 -0.0208740234375 -0.0284862518310547
0.130912780761719 -0.0316925048828125 0.0254554748535156 -0.0609550476074219
0.142623901367188 0.0072784423828125 0.134376525878906 -0.0231704711914063
0.101234436035156 0.0489044189453125 0.0720672607421875 -0.135993957519531
0.113845825195313 0.0282058715820313 0.112442016601563 -0.109161376953125
0.127677917480469 -0.032012939453125 0.0932083129882813 -0.0790634155273438
0.0759811401367188 -0.0774459838867188 0.0663681030273438 -0.0736618041992188
0.0443267822265625 -0.0833663940429688 0.0446014404296875 -0.0410690307617188
-0.00670623779296876 -0.090423583984375 0.0312213897705078 -0.0271625518798828
-0.0380172729492188 -0.0849075317382813 0.0413436889648438 -0.0102462768554688
-0.031585693359375 -0.0835647583007813 0.0505294799804688 0.010894775390625
-0.0421905517578125 -0.0869369506835938 0.0488967895507813 0.0297050476074219
-0.0153732299804688 -0.0838088989257813 0.0243453979492188 0.0602989196777344
0.0209197998046875 -0.0950241088867188 -0.00240707397460937 0.0580482482910156
0.0532379150390625 -0.0876998901367188 -0.0255374908447266 0.0241584777832031
0.12274169921875 -0.0354537963867188 -0.0109272003173828 -0.0182895660400391
0.127471923828125 0.0146942138671875 0.0503005981445313 -0.0526580810546875
0.112571716308594 0.0529632568359375 0.169509887695313 -0.0083465576171875
0.0442352294921875 0.0751266479492188 0.0875473022460938 -0.119422912597656
0.0719070434570313 0.05230712890625 0.115425109863281 -0.101638793945312
0.0892257690429688 0.0043182373046875 0.0784835815429688 -0.0645065307617188
0.0598602294921875 -0.0359916687011719 0.0606575012207031 -0.0476036071777344
0.0433769226074219 -0.04400634765625 0.0446395874023438 -0.0159111022949219
0.0130462646484375 -0.0637779235839844 0.04425048828125 -0.00235748291015625
-0.0115509033203125 -0.0709762573242188 0.0589752197265625 0.0127220153808594
-0.0105209350585937 -0.0707550048828125 0.0619468688964844 0.0335235595703125
-0.0186920166015625 -0.07806396484375 0.0574226379394531 0.0580902099609375
5.34057617187425E-05 -0.0723800659179688 0.02386474609375 0.0855636596679688
0.0312728881835938 -0.0763702392578125 -0.00563812255859374 0.0771331787109375
0.0588722229003906 -0.0643043518066406 -0.0228652954101563 0.0410346984863281
0.112319946289063 -0.00495147705078125 -0.0047626495361328 0.00472307205200195
0.104995727539063 0.0524368286132813 0.0672760009765625 -0.0260467529296875
0.0668792724609375 0.0868988037109375 0.187911987304688 0.0218658447265625
-0.00568389892578126 -0.102951049804688 -0.180084228515625 -0.030609130859375
-0.0648269653320313 -0.0441093444824219 -0.0692367553710938 0.00310516357421874
-0.0764923095703125 0.00398254394531251 0.0161609649658203 -0.0307846069335938
-0.0485343933105469 0.0420303344726563 0.0319328308105469 -0.0693016052246094
-0.02362060546875 0.0420875549316406 0.0124664306640625 -0.0954513549804688
-0.00257110595703125 0.0479240417480469 -0.0277175903320313 -0.10504150390625
-0.00235748291015625 0.0470046997070313 -0.0698928833007812 -0.0796279907226563
-0.0116653442382812 0.0414199829101563 -0.0678024291992188 -0.0503654479980469
-0.0135498046875 0.0425300598144531 -0.061248779296875 -0.0238151550292969
-0.0261154174804688 0.0257091522216797 -0.05029296875 -0.0131072998046875
-0.0369453430175781 0.0100364685058594 -0.047088623046875 0.00888061523437501
-0.0443916320800781 -0.00656509399414062 -0.0582962036132813 0.0272865295410156
-0.0424728393554688 -0.0432052612304688 -0.0728073120117188 0.039642333984375
-0.0291519165039063 -0.07171630859375 -0.0926132202148437 0.0788040161132813
0.01220703125 -0.0992355346679688 -0.0791473388671875 0.0888214111328125
0.0520095825195313 -0.101020812988281 -0.166275024414063 -0.0670166015625
-0.016387939453125 -0.0522308349609375 -0.0586471557617188 -0.0279922485351563
-0.0320568084716797 -0.0186882019042969 0.0273551940917969 -0.0538291931152344
-0.0244922637939453 0.0119247436523438 0.03460693359375 -0.092132568359375
-0.00981330871582031 0.00990962982177735 0.0142364501953125 -0.109046936035156
-0.00919914245605469 0.0144710540771484 -0.028594970703125 -0.117668151855469
-0.0237846374511719 0.0186367034912109 -0.0692901611328125 -0.0917510986328125
-0.0324134826660156 0.0139312744140625 -0.0613975524902344 -0.0596656799316406
-0.0418434143066406 0.0157432556152344 -0.0546798706054688 -0.0327072143554688
-0.0468826293945313 -0.00481414794921875 -0.0434913635253906 -0.0153160095214844
-0.0449981689453125 -0.0317878723144531 -0.0421600341796875 0.00720977783203125
-0.0355949401855469 -0.0523300170898437 -0.0556144714355469 0.0168266296386719
-0.000442504882812493 -0.0767669677734375 -0.0609016418457031 0.0182113647460938
0.0183639526367187 -0.0938644409179688 -0.0731658935546875 0.0500717163085938
0.06695556640625 -0.108283996582031 -0.0526618957519531 0.0590286254882812
0.104789733886719 -0.0852890014648438 -0.133193969726563 -0.0986862182617187
0.0398902893066406 -0.0516281127929688 -0.032440185546875 -0.0531120300292969
0.0233802795410156 -0.04296875 0.0481414794921875 -0.07159423828125
0.00620079040527344 -0.0261154174804688 0.0432815551757813 -0.110153198242188
0.00589752197265625 -0.0292205810546875 0.0174713134765625 -0.117568969726562
-0.0158596038818359 -0.0243816375732422 -0.0277328491210937 -0.119850158691406
-0.0426559448242188 -0.0140228271484375 -0.0591888427734375 -0.0914459228515625
-0.0485763549804688 -0.0168838500976562 -0.0452003479003906 -0.059326171875
-0.0640449523925781 -0.0122222900390625 -0.0377006530761719 -0.0348625183105469
-0.0612869262695313 -0.0313339233398437 -0.0291023254394531 -0.0101184844970703
-0.0510978698730469 -0.0642890930175781 -0.0319499969482422 0.0122356414794922
-0.029541015625 -0.0867233276367187 -0.0512657165527344 0.0123481750488281
0.032318115234375 -0.101493835449219 -0.0512237548828125 -0.00112533569335937
0.0572509765625 -0.105812072753906 -0.0509796142578125 0.0152740478515625
0.110214233398437 -0.103424072265625 -0.0123214721679687 0.0274467468261719
0.141525268554688 -0.058624267578125 -0.084686279296875 -0.121574401855469
0.0909500122070313 -0.0430984497070313 0.004974365234375 -0.0740890502929688
0.079803466796875 -0.0643463134765625 0.0707626342773438 -0.0816802978515625
0.0376243591308594 -0.0661430358886719 0.0540695190429687 -0.118057250976563
0.0197334289550781 -0.0693702697753906 0.0239028930664063 -0.114303588867188
-0.022125244140625 -0.0610618591308594 -0.0213623046875 -0.109519958496094
-0.0569610595703125 -0.0450286865234375 -0.0414276123046875 -0.0804595947265625
-0.0578804016113281 -0.0451583862304688 -0.0220222473144531 -0.050079345703125
-0.0750198364257813 -0.0395965576171875 -0.0149765014648438 -0.0294189453125
-0.0645103454589844 -0.0530738830566406 -0.0107173919677734 -0.00025463104248047
-0.0462493896484375 -0.0858688354492188 -0.0194053649902344 0.0193405151367187
-0.01910400390625 -0.105575561523438 -0.0451583862304688 0.0106887817382812
0.0592803955078125 -0.110420227050781 -0.0440521240234375 -0.0158805847167969
0.0867919921875 -0.100318908691406 -0.029428482055664 -0.0195102691650391
0.137435913085938 -0.0819549560546875 0.0342006683349609 -0.00241470336914063
0.15472412109375 -0.02587890625 -0.0295791625976562 -0.134010314941406
0.125320434570313 -0.026214599609375 0.0453948974609375 -0.090057373046875
0.121734619140625 -0.0730209350585938 0.0881271362304688 -0.0867843627929688
0.0623550415039063 -0.0943374633789063 0.0618743896484375 -0.113067626953125
0.0300445556640625 -0.0974349975585938 0.0305252075195313 -0.0975265502929688
-0.026031494140625 -0.0876235961914063 -0.008270263671875 -0.0865402221679688
-0.0627059936523438 -0.0681953430175781 -0.0166702270507813 -0.05987548828125
-0.0585403442382813 -0.066497802734375 0.0034637451171875 -0.0337848663330078
-0.0748519897460938 -0.060882568359375 0.00903320312499999 -0.0160932540893555
-0.0559120178222656 -0.0692672729492188 0.0061187744140625 0.0149412155151367
-0.0305862426757812 -0.0978546142578125 -0.00923728942871094 0.0288658142089844
0.000366210937499993 -0.110923767089844 -0.0387611389160156 0.0119743347167969
0.0846481323242188 -0.100692749023438 -0.036407470703125 -0.0257720947265625
0.110816955566406 -0.075897216796875 -0.00729370117187499 -0.0468025207519531
0.148056030273438 -0.0452117919921875 0.0815277099609375 -0.0229263305664063
0.140701293945313 0.0089263916015625 0.0223541259765625 -0.137657165527344
0.133598327636719 -0.0037689208984375 0.0803146362304688 -0.102272033691406
0.136688232421875 -0.0646896362304688 0.093841552734375 -0.0861663818359375
0.0739212036132813 -0.099822998046875 0.063873291015625 -0.0962677001953125
0.035919189453125 -0.103652954101562 0.0371322631835938 -0.0704421997070313
-0.0235443115234375 -0.096466064453125 0.0099639892578125 -0.05615234375
-0.0583343505859375 -0.0796127319335938 0.0117835998535156 -0.0347270965576172
-0.0505905151367188 -0.07861328125 0.0285072326660156 -0.0132102966308594
-0.0640182495117188 -0.0756759643554688 0.0303363800048828 0.0035552978515625
-0.0382919311523437 -0.0788040161132813 0.0186691284179688 0.0354537963867188
-0.00725555419921875 -0.100128173828125 -0.00342178344726563 0.0426368713378906
0.0255508422851563 -0.104469299316406 -0.0331974029541016 0.016366958618164
0.106536865234375 -0.0748291015625 -0.02691650390625 -0.0274257659912109
0.125343322753906 -0.0370712280273438 0.0174369812011719 -0.0603675842285156
0.139968872070313 -0.00043487548828125 0.125724792480469 -0.0285491943359375
0.103080749511719 0.0416717529296875 0.0602951049804688 -0.130889892578125
0.113822937011719 0.0210418701171875 0.101409912109375 -0.107215881347656
0.123481750488281 -0.0402984619140625 0.0872650146484375 -0.0781936645507813
0.0690460205078125 -0.0799179077148437 0.0618820190429688 -0.0724029541015625
0.0375518798828125 -0.0847015380859375 0.0412826538085938 -0.0409736633300781
-0.01220703125 -0.086517333984375 0.0283126831054687 -0.0258312225341797
-0.042144775390625 -0.0776748657226563 0.0387611389160156 -0.0105209350585938
-0.03607177734375 -0.0781173706054688 0.0484771728515625 0.00922775268554687
-0.0458145141601563 -0.0803604125976563 0.0467872619628906 0.0292510986328125
-0.0199508666992188 -0.079193115234375 0.0239410400390625 0.0603294372558594
0.013580322265625 -0.0919952392578125 -0.0030975341796875 0.0590095520019531
0.0458145141601562 -0.0878677368164062 -0.0280685424804687 0.0257015228271484
0.117141723632813 -0.0427169799804688 -0.0163154602050781 -0.0184192657470703
0.125106811523438 0.00702667236328125 0.0424003601074219 -0.0542869567871094
0.113861083984375 0.0445404052734375 0.160720825195313 -0.015411376953125
0.0504798889160156 0.069122314453125 0.0767135620117188 -0.116378784179688
0.0744705200195312 0.04522705078125 0.105110168457031 -0.100967407226563
0.0879898071289062 -0.00380706787109375 0.0737152099609375 -0.06304931640625
0.054473876953125 -0.0404777526855469 0.0584754943847656 -0.0478172302246094
0.0381927490234375 -0.0467185974121094 0.0435867309570313 -0.0166664123535156
0.00642013549804687 -0.0610313415527344 0.0424880981445313 -0.00349044799804688
-0.0175132751464844 -0.0654983520507812 0.0576057434082031 0.0105018615722656
-0.0160636901855469 -0.066619873046875 0.0614776611328125 0.0306205749511719
-0.0238723754882813 -0.072296142578125 0.0569572448730469 0.0553016662597656
-0.00568389892578124 -0.0677757263183594 0.0252761840820312 0.0851058959960937
0.0240631103515625 -0.074493408203125 -0.00471496582031249 0.0766067504882812
0.0515480041503906 -0.0658035278320313 -0.0240707397460937 0.0411872863769531
0.10821533203125 -0.013519287109375 -0.00821447372436523 0.00276088714599609
0.105094909667969 0.0429840087890625 0.0607223510742188 -0.0301742553710937
0.07110595703125 0.0786209106445313 0.181365966796875 0.0126800537109375
-0.0113906860351562 -0.0971832275390625 -0.175201416015625 -0.0255126953125
-0.0639877319335938 -0.0384368896484375 -0.065826416015625 0.00589752197265624
-0.0720596313476563 0.00888824462890625 0.0164642333984375 -0.0287799835205078
-0.0430221557617188 0.0438995361328125 0.0321540832519531 -0.06756591796875
-0.0193061828613281 0.0418815612792969 0.0133895874023438 -0.09356689453125
0.000808715820312505 0.0437812805175781 -0.026763916015625 -0.103973388671875
0.000896453857421879 0.0428466796875 -0.0691680908203125 -0.0775985717773438
-0.00872039794921875 0.0392494201660156 -0.0671043395996094 -0.0485153198242187
-0.0109901428222656 0.0391578674316406 -0.0602378845214844 -0.0221900939941406
-0.022491455078125 0.0236854553222656 -0.0504798889160156 -0.0125465393066406
-0.03277587890625 0.0103988647460938 -0.0480270385742187 0.00891113281249999
-0.0416107177734375 -0.00310134887695313 -0.0580329895019531 0.0263023376464844
-0.0426139831542969 -0.0374069213867188 -0.0719757080078125 0.0376129150390625
-0.031951904296875 -0.0657234191894531 -0.0892715454101562 0.0760879516601563
0.00579071044921875 -0.0955734252929688 -0.0752029418945312 0.0854339599609375
0.045562744140625 -0.0965347290039063 -0.163497924804688 -0.0605010986328125
-0.0173568725585938 -0.0468559265136719 -0.0567054748535156 -0.02301025390625
-0.0300655364990234 -0.0139255523681641 0.0266685485839844 -0.0513534545898438
-0.0202693939208984 0.0146751403808594 0.03399658203125 -0.089508056640625
-0.00645828247070313 0.0105018615722656 0.014434814453125 -0.106361389160156
-0.00579166412353516 0.0122861862182617 -0.0286865234375 -0.115005493164063
-0.0201492309570312 0.0162906646728516 -0.0682373046875 -0.0880584716796875
-0.02935791015625 0.0125217437744141 -0.0610885620117188 -0.0572319030761719
-0.038543701171875 0.0135879516601563 -0.0550003051757812 -0.0308570861816406
-0.0430412292480469 -0.005401611328125 -0.0448455810546875 -0.0138664245605469
-0.0412788391113281 -0.0299110412597656 -0.0436973571777344 0.00777435302734375
-0.03375244140625 -0.0484886169433594 -0.0570907592773437 0.0167694091796875
-0.0022125244140625 -0.07147216796875 -0.06182861328125 0.0169296264648438
0.0141525268554688 -0.088348388671875 -0.072479248046875 0.0483169555664062
0.0603179931640625 -0.104942321777344 -0.0514411926269531 0.0572471618652344
0.0980911254882813 -0.0824356079101563 -0.133148193359375 -0.0912628173828125
0.0370712280273438 -0.0470199584960938 -0.0322189331054687 -0.0474433898925781
0.0235519409179688 -0.0389595031738281 0.046661376953125 -0.0683364868164063
0.00850677490234375 -0.0229148864746094 0.0411376953125 -0.106704711914062
0.00842666625976562 -0.0282573699951172 0.0163040161132812 -0.114303588867188
-0.013031005859375 -0.0249214172363281 -0.0281143188476563 -0.116058349609375
-0.0393867492675781 -0.0148239135742187 -0.0592880249023438 -0.0872344970703125
-0.0459327697753906 -0.0175552368164062 -0.0456085205078125 -0.0563392639160156
-0.06103515625 -0.012664794921875 -0.0385818481445313 -0.0321197509765625
-0.0577125549316406 -0.0309715270996094 -0.0306587219238281 -0.00846290588378906
-0.0476608276367188 -0.0614814758300781 -0.033843994140625 0.0131301879882812
-0.0280532836914063 -0.081878662109375 -0.0535163879394531 0.0130462646484375
0.0299758911132813 -0.0968704223632813 -0.0540313720703125 -0.000961303710937507
0.0522308349609375 -0.0999069213867188 -0.0529937744140625 0.0152740478515625
0.103271484375 -0.1009521484375 -0.0141506195068359 0.0256614685058594
0.135932922363281 -0.0575332641601562 -0.0872344970703125 -0.113441467285156
0.0882034301757813 -0.0401153564453125 0.002593994140625 -0.0667953491210938
0.0775909423828125 -0.0616226196289063 0.0687942504882812 -0.0789794921875
0.0376091003417969 -0.0629615783691406 0.0510482788085937 -0.114219665527344
0.0208358764648438 -0.0676116943359375 0.02178955078125 -0.110130310058594
-0.0203895568847656 -0.0597305297851562 -0.0222930908203125 -0.105339050292969
-0.053863525390625 -0.0439910888671875 -0.0419998168945313 -0.07568359375
-0.0556869506835938 -0.0443840026855469 -0.0233116149902344 -0.0472335815429688
-0.072601318359375 -0.037567138671875 -0.0170955657958984 -0.0268306732177734
-0.061553955078125 -0.0514678955078125 -0.0124483108520508 0.00181007385253906
-0.0448455810546875 -0.08258056640625 -0.0219841003417969 0.020965576171875
-0.0190887451171875 -0.101280212402344 -0.0479965209960938 0.01287841796875
0.0558547973632813 -0.107208251953125 -0.0479049682617188 -0.01470947265625
0.0825042724609375 -0.0961074829101563 -0.0328388214111328 -0.0187625885009766
0.131507873535156 -0.081085205078125 0.0301971435546875 -0.00291633605957032
0.150848388671875 -0.026885986328125 -0.03369140625 -0.12603759765625
0.122215270996094 -0.02581787109375 0.0414352416992188 -0.0836334228515625
0.118232727050781 -0.072998046875 0.0853347778320313 -0.0839462280273438
0.0599822998046875 -0.092010498046875 0.0587387084960938 -0.109176635742187
0.0289382934570312 -0.095611572265625 0.0283203125 -0.0940170288085938
-0.0251235961914062 -0.0851593017578125 -0.00963592529296875 -0.0822067260742188
-0.0606803894042969 -0.065338134765625 -0.0175285339355469 -0.0560150146484375
-0.0571746826171875 -0.0644760131835938 0.00205802917480468 -0.0316181182861328
-0.0729598999023438 -0.058563232421875 0.00643348693847656 -0.0135459899902344
-0.0535545349121094 -0.066436767578125 0.00422573089599609 0.0169363021850586
-0.0302505493164063 -0.0947723388671875 -0.0117244720458984 0.0304641723632812
-0.000633239746093739 -0.107696533203125 -0.0423011779785156 0.0138587951660156
0.0810699462890625 -0.0986480712890625 -0.04132080078125 -0.0240249633789063
0.106529235839844 -0.0740509033203125 -0.0118331909179687 -0.0456085205078125
0.143218994140625 -0.0463714599609375 0.0768051147460938 -0.0232009887695313
0.138572692871094 0.00628662109375 0.0163345336914063 -0.1298828125
0.131095886230469 -0.0053253173828125 0.0747146606445313 -0.0959625244140625
0.133651733398438 -0.0665283203125 0.0905227661132813 -0.0829696655273438
0.0701980590820313 -0.0985260009765625 0.0612258911132813 -0.0930328369140625
0.0330810546875 -0.102294921875 0.0350799560546875 -0.0677566528320313
-0.0245437622070312 -0.0929946899414063 0.00836944580078124 -0.05291748046875
-0.0577774047851563 -0.0751419067382813 0.0102653503417969 -0.0321865081787109
-0.0511016845703125 -0.0750198364257813 0.0267105102539063 -0.0116596221923828
-0.0636520385742187 -0.071746826171875 0.0278129577636719 0.00594711303710937
-0.0382308959960938 -0.0750656127929688 0.0163421630859375 0.0372276306152344
-0.00894165039062501 -0.0968856811523438 -0.005462646484375 0.0438270568847656
0.0229949951171875 -0.101814270019531 -0.0365676879882813 0.0183143615722656
0.102432250976562 -0.0754318237304687 -0.0319442749023437 -0.0264530181884766
0.122154235839844 -0.0381622314453125 0.0121040344238281 -0.0589942932128906
0.137489318847656 -0.00293731689453125 0.119346618652344 -0.029022216796875
0.103446960449219 0.0377578735351563 0.0542373657226563 -0.124801635742188
0.113319396972656 0.0173187255859375 0.095123291015625 -0.101676940917969
0.120872497558594 -0.04400634765625 0.0849533081054688 -0.0747451782226563
0.0655746459960938 -0.0797805786132813 0.0596351623535156 -0.0701942443847656
0.0340194702148438 -0.0846633911132813 0.0401649475097656 -0.0400199890136719
-0.0146560668945312 -0.0829849243164063 0.0269641876220703 -0.0240669250488281
-0.0436248779296875 -0.0727767944335938 0.0369071960449219 -0.00910186767578126
-0.0374908447265625 -0.0741424560546875 0.0468826293945313 0.00945663452148437
-0.0461044311523438 -0.0754165649414062 0.0445671081542969 0.0302162170410156
-0.020751953125 -0.074432373046875 0.0226211547851562 0.0608367919921875
0.0101699829101563 -0.0893478393554688 -0.00460433959960937 0.0604438781738281
0.0419387817382813 -0.0862197875976563 -0.0311031341552734 0.0268154144287109
0.112472534179688 -0.0453262329101563 -0.0208873748779297 -0.0176181793212891
0.122467041015625 0.00279998779296875 0.0366859436035156 -0.053436279296875
0.113304138183594 0.0406723022460938 0.153915405273438 -0.017242431640625
0.0532608032226563 0.0648040771484375 0.0719833374023438 -0.110328674316406
0.075775146484375 0.0410003662109375 0.09918212890625 -0.0963516235351563
0.0864791870117187 -0.00878143310546875 0.0724105834960938 -0.0592880249023438
0.0505790710449219 -0.04254150390625 0.05712890625 -0.0457534790039063
0.0341911315917969 -0.0478057861328125 0.0434532165527344 -0.0164108276367188
0.00251388549804688 -0.0586395263671875 0.0414352416992188 -0.00264358520507813
-0.0203170776367188 -0.060577392578125 0.0554428100585938 0.0103645324707031
-0.0182762145996094 -0.0620231628417969 0.0596160888671875 0.0298271179199219
-0.0263633728027344 -0.0669593811035156 0.0555381774902344 0.0550880432128906
-0.00837326049804687 -0.0637092590332031 0.0245208740234375 0.0845870971679688
0.0191802978515625 -0.072113037109375 -0.0057830810546875 0.077056884765625
0.0468635559082031 -0.0654869079589844 -0.0263175964355469 0.0412445068359375
0.104103088378906 -0.0179290771484375 -0.0118494033813477 0.001922607421875
0.104049682617188 0.0372772216796875 0.0558853149414063 -0.030853271484375
0.0729827880859375 0.0729751586914063 0.174957275390625 0.00906372070312501
-0.0143051147460938 -0.093719482421875 -0.1739501953125 -0.025177001953125
-0.063873291015625 -0.0353240966796875 -0.0635185241699219 0.00700378417968749
-0.0708160400390625 0.01190185546875 0.0180149078369141 -0.0276641845703125
-0.0402183532714844 0.0451622009277344 0.0346870422363281 -0.0673294067382813
-0.0167579650878906 0.0416069030761719 0.0166015625 -0.093902587890625
0.00287246704101563 0.0413093566894531 -0.02496337890625 -0.105697631835938
0.00257492065429688 0.0400161743164063 -0.0681533813476563 -0.0786209106445313
-0.00711822509765625 0.0373764038085937 -0.0668106079101563 -0.0492744445800781
-0.009979248046875 0.0364799499511719 -0.0600509643554688 -0.0232200622558594
-0.0203800201416016 0.0215816497802734 -0.05224609375 -0.0132675170898438
-0.0302639007568359 0.0105342864990234 -0.0504493713378906 0.00769424438476561
-0.0398178100585938 -0.00128173828125 -0.0604133605957031 0.0252342224121094
-0.0428848266601563 -0.0339279174804687 -0.072906494140625 0.0350799560546875
-0.0329704284667969 -0.0622673034667969 -0.0906295776367188 0.0731201171875
0.00249481201171875 -0.0932464599609375 -0.07598876953125 0.0825424194335938
0.0426025390625 -0.0930557250976563 -0.163360595703125 -0.0579833984375
-0.0178260803222656 -0.0432586669921875 -0.0555458068847656 -0.0211639404296875
-0.0284042358398438 -0.0103664398193359 0.0280303955078125 -0.0493278503417969
-0.0166234970092773 0.0166864395141602 0.0354156494140625 -0.0876312255859375
-0.00295829772949219 0.0107326507568359 0.016754150390625 -0.105972290039063
-0.00343227386474609 0.00959110260009766 -0.0271224975585937 -0.1156005859375
-0.0181388854980469 0.0133857727050781 -0.0677947998046875 -0.087799072265625
-0.0276565551757813 0.0103034973144531 -0.0617904663085938 -0.0568962097167969
-0.0374488830566406 0.0117874145507813 -0.0553092956542969 -0.0307693481445313
-0.0404853820800781 -0.00752639770507812 -0.0467453002929687 -0.0139503479003906
-0.0384368896484375 -0.0297393798828125 -0.0463142395019531 0.00783920288085937
-0.0312614440917969 -0.0464935302734375 -0.0598907470703125 0.0159072875976562
-0.00191879272460937 -0.0681304931640625 -0.0642776489257813 0.0151252746582031
0.012908935546875 -0.0839691162109375 -0.0743789672851563 0.046600341796875
0.0574874877929687 -0.10235595703125 -0.0534477233886719 0.0552253723144531
0.0960617065429687 -0.079132080078125 -0.133979797363281 -0.0883331298828125
0.0369758605957031 -0.0434494018554688 -0.0316581726074219 -0.0441093444824219
0.0250282287597656 -0.0355300903320313 0.0476837158203125 -0.0664520263671875
0.0117244720458984 -0.0206890106201172 0.0424880981445312 -0.105018615722656
0.0112228393554688 -0.0279808044433594 0.0181427001953125 -0.113258361816406
-0.009979248046875 -0.02642822265625 -0.0273895263671875 -0.115531921386719
-0.0368003845214844 -0.0168876647949219 -0.0590438842773438 -0.0867233276367188
-0.0439376831054688 -0.0188751220703125 -0.0463066101074219 -0.0560226440429688
-0.0594978332519531 -0.0146484375 -0.0397758483886719 -0.0312042236328125
-0.0550727844238281 -0.0327110290527344 -0.0326480865478516 -0.00753402709960938
-0.0448341369628906 -0.0615005493164062 -0.0368270874023438 0.0140457153320312
-0.0258941650390625 -0.0804519653320313 -0.0573883056640625 0.0131492614746094
0.0302505493164062 -0.0941619873046875 -0.0578155517578125 -0.00134658813476562
0.0518569946289063 -0.096221923828125 -0.0554046630859375 0.0141830444335938
0.101242065429688 -0.0990753173828125 -0.0165767669677734 0.0250473022460937
0.134979248046875 -0.0553207397460938 -0.08905029296875 -0.109024047851563
0.08807373046875 -0.036773681640625 0.00264739990234376 -0.0625534057617188
0.0787887573242188 -0.0591812133789063 0.0701370239257813 -0.0767822265625
0.0400009155273438 -0.0604057312011719 0.0518875122070313 -0.112159729003906
0.0229454040527344 -0.0672607421875 0.0228118896484375 -0.109420776367188
-0.0177421569824219 -0.0609855651855469 -0.0216217041015625 -0.103927612304688
-0.0515480041503906 -0.0451164245605469 -0.0419845581054688 -0.0743560791015625
-0.0540351867675781 -0.04522705078125 -0.0238723754882813 -0.04656982421875
-0.0712509155273438 -0.0386734008789063 -0.0182170867919922 -0.0250320434570313
-0.0589370727539063 -0.0522193908691406 -0.0142202377319336 0.00387001037597656
-0.0419845581054687 -0.0830535888671875 -0.0245647430419922 0.0224094390869141
-0.0169219970703125 -0.100990295410156 -0.052520751953125 0.0134429931640625
0.0569610595703125 -0.104774475097656 -0.0527229309082031 -0.0149269104003906
0.082550048828125 -0.0932159423828125 -0.0362968444824219 -0.0183029174804688
0.130783081054688 -0.079132080078125 0.02740478515625 -0.0031280517578125
0.15045166015625 -0.025115966796875 -0.0362091064453125 -0.121223449707031
0.122543334960938 -0.0233688354492188 0.0403594970703125 -0.0783157348632813
0.119194030761719 -0.0720291137695313 0.0862045288085938 -0.0816574096679688
0.0612716674804688 -0.0898361206054687 0.0593032836914063 -0.1070556640625
0.030059814453125 -0.0954818725585938 0.0294418334960938 -0.0928268432617188
-0.0236968994140625 -0.0849685668945312 -0.00946044921875001 -0.08026123046875
-0.0589218139648438 -0.0653724670410156 -0.0175590515136719 -0.0543174743652344
-0.0569992065429688 -0.0656013488769531 0.001251220703125 -0.0303173065185547
-0.0720062255859375 -0.0586166381835937 0.00498771667480468 -0.0112648010253906
-0.0516548156738281 -0.0666351318359375 0.00231742858886718 0.0193080902099609
-0.0289382934570313 -0.0945358276367188 -0.0142059326171875 0.0331363677978516
0.00061035156250001 -0.107330322265625 -0.0459632873535156 0.015380859375
0.0818023681640625 -0.0980682373046875 -0.0460166931152344 -0.0233688354492188
0.107254028320313 -0.0722579956054688 -0.0157928466796875 -0.0448341369628906
0.14337158203125 -0.0452728271484375 0.073150634765625 -0.0224761962890625
0.139801025390625 0.006622314453125 0.0149612426757813 -0.124847412109375
0.132064819335938 -0.00440216064453125 0.0737380981445313 -0.0907974243164063
0.134635925292969 -0.0676498413085938 0.0922698974609375 -0.0806350708007813
0.0705032348632813 -0.0978317260742188 0.0610504150390625 -0.0909271240234375
0.0331649780273438 -0.103286743164063 0.0358352661132812 -0.0668182373046875
-0.023681640625 -0.0926437377929688 0.00825119018554687 -0.0506248474121094
-0.0569534301757813 -0.074127197265625 0.00990676879882812 -0.0304050445556641
-0.0508880615234375 -0.074737548828125 0.0259990692138672 -0.0105533599853516
-0.0625839233398438 -0.0710296630859375 0.0265884399414062 0.00839233398437499
-0.0369796752929688 -0.074554443359375 0.0146827697753906 0.0404701232910156
-0.00841522216796875 -0.0961532592773438 -0.00807571411132812 0.0464439392089844
0.0232696533203125 -0.101455688476563 -0.0405387878417969 0.0197830200195312
0.103164672851563 -0.0759811401367188 -0.0365943908691406 -0.02587890625
0.121910095214844 -0.0375213623046875 0.00851821899414063 -0.0579452514648438
0.13818359375 -0.00281524658203125 0.116249084472656 -0.0278396606445313
0.105377197265625 0.0367202758789063 0.0529632568359375 -0.119560241699219
0.114707946777344 0.0167007446289063 0.0941085815429688 -0.0963821411132813
0.121902465820312 -0.046051025390625 0.086456298828125 -0.0724716186523438
0.0650863647460937 -0.0807647705078125 0.0598869323730469 -0.0684814453125
0.0327224731445313 -0.0853118896484375 0.0409164428710937 -0.0379714965820313
-0.0156021118164062 -0.0817489624023438 0.0265312194824219 -0.0220947265625
-0.0441436767578125 -0.0706939697265625 0.0362930297851563 -0.00719070434570313
-0.0380706787109375 -0.0724105834960938 0.046417236328125 0.0109748840332031
-0.04656982421875 -0.0734329223632813 0.0432395935058594 0.0327110290527344
-0.021026611328125 -0.073455810546875 0.021087646484375 0.0637016296386719
0.00959014892578124 -0.0877685546875 -0.00744247436523437 0.0618858337402344
0.0408935546875 -0.0856857299804688 -0.0345077514648438 0.0282974243164062
0.11260986328125 -0.0462722778320313 -0.024749755859375 -0.0172138214111328
0.122726440429688 0.0019073486328125 0.0334854125976563 -0.0529823303222656
0.115074157714844 0.03961181640625 0.151351928710938 -0.0164337158203125
0.0554122924804688 0.0632553100585938 0.0719223022460938 -0.10638427734375
0.0777053833007813 0.0390853881835938 0.0986099243164063 -0.0923919677734375
0.0870513916015625 -0.0125503540039063 0.07476806640625 -0.0570602416992188
0.0491409301757813 -0.0437431335449219 0.0584335327148438 -0.04461669921875
0.0323600769042969 -0.0484237670898438 0.0448150634765625 -0.0156440734863281
0.00101089477539063 -0.0571403503417969 0.0414924621582031 -0.00110626220703125
-0.0217475891113281 -0.0577049255371094 0.0554122924804687 0.0109214782714844
-0.0195198059082031 -0.0601081848144531 0.0592231750488281 0.0303001403808594
-0.0275344848632813 -0.0648307800292969 0.0543556213378906 0.0568733215332031
-0.00905609130859375 -0.061065673828125 0.0227203369140625 0.0866470336914063
0.0173568725585938 -0.0711746215820313 -0.00856781005859375 0.0782470703125
0.0442695617675781 -0.0652809143066406 -0.0294952392578125 0.0422134399414062
0.103065490722656 -0.0201263427734375 -0.0151891708374023 0.00100135803222656
0.104148864746094 0.0345993041992188 0.0528373718261719 -0.0315666198730469
0.07427978515625 0.07171630859375 0.172988891601563 0.010223388671875
-0.0177230834960938 -0.0930023193359375 -0.177398681640625 -0.0247344970703125
-0.0659904479980469 -0.0338478088378906 -0.0633354187011719 0.00840377807617187
-0.0703811645507812 0.01507568359375 0.0199489593505859 -0.0270042419433594
-0.0373039245605469 0.0471458435058594 0.0375099182128906 -0.0692062377929688
-0.0140953063964844 0.0427284240722656 0.0187454223632812 -0.0970001220703125
0.00473403930664063 0.0393447875976563 -0.0249176025390625 -0.11065673828125
0.00346755981445313 0.0381393432617188 -0.070068359375 -0.0816726684570312
-0.00598526000976563 0.0362815856933594 -0.0693321228027344 -0.0505943298339844
-0.0091094970703125 0.0357131958007813 -0.0624465942382812 -0.0246047973632812
-0.019439697265625 0.0201988220214844 -0.05535888671875 -0.0138778686523438
-0.0283031463623047 0.0103607177734375 -0.0540580749511719 0.00770187377929689
-0.0389404296875 0.000587463378906252 -0.0638771057128906 0.0251502990722656
-0.0437469482421875 -0.0315704345703125 -0.0762252807617188 0.033294677734375
-0.0348892211914062 -0.0603218078613281 -0.0940628051757813 0.07330322265625
-0.000854492187499993 -0.0936737060546875 -0.0783767700195313 0.0826187133789063
0.0414962768554688 -0.09246826171875 -0.16766357421875 -0.057861328125
-0.0181007385253906 -0.0410308837890625 -0.05517578125 -0.0189781188964844
-0.0271854400634766 -0.00756835937500001 0.0298347473144531 -0.0494117736816406
-0.013427734375 0.0191879272460938 0.0379867553710937 -0.0894241333007813
-4.57763671875002E-05 0.0104742050170898 0.0182952880859375 -0.108863830566406
-0.00105953216552734 0.00764846801757813 -0.0264892578125 -0.119522094726562
-0.0165233612060547 0.0108394622802734 -0.069122314453125 -0.0907974243164063
-0.0266227722167969 0.00865364074707031 -0.0640296936035156 -0.058135986328125
-0.0370254516601563 0.00956344604492188 -0.0577926635742187 -0.0313873291015625
-0.039642333984375 -0.0101318359375 -0.0496063232421875 -0.0140380859375
-0.0368385314941406 -0.0312919616699219 -0.05010986328125 0.00859832763671874
-0.030181884765625 -0.0459518432617188 -0.0643806457519531 0.0170478820800781
-0.00131988525390625 -0.0669784545898437 -0.0686187744140625 0.0140495300292969
0.013092041015625 -0.082916259765625 -0.0785446166992188 0.046478271484375
0.056671142578125 -0.102760314941406 -0.0563774108886719 0.0550270080566406
0.0967864990234375 -0.078826904296875 -0.138214111328125 -0.0868377685546875
0.0378570556640625 -0.0411109924316406 -0.0316734313964844 -0.0416831970214844
0.0270519256591797 -0.0337638854980469 0.0498199462890625 -0.06646728515625
0.0153236389160156 -0.0193042755126953 0.0449447631835938 -0.106155395507812
0.0147361755371094 -0.0293750762939453 0.0197067260742188 -0.115615844726563
-0.00818824768066406 -0.0290660858154297 -0.027252197265625 -0.118331909179688
-0.0356369018554688 -0.0194969177246094 -0.0606689453125 -0.0882492065429688
-0.0438728332519531 -0.0213737487792969 -0.0482940673828125 -0.0568466186523437
-0.0594558715820312 -0.0165023803710938 -0.0425491333007813 -0.031005859375
-0.0546684265136719 -0.0354118347167969 -0.0355033874511719 -0.00696945190429687
-0.043548583984375 -0.0635871887207031 -0.0404624938964844 0.0152015686035156
-0.024688720703125 -0.0823135375976563 -0.0622367858886719 0.0149154663085937
0.0316696166992187 -0.0941009521484375 -0.0627822875976563 -0.00254440307617189
0.0527801513671875 -0.0953292846679688 -0.0601997375488281 0.0142059326171875
0.102836608886719 -0.0990066528320313 -0.0199546813964844 0.02471923828125
0.137420654296875 -0.0549468994140625 -0.0933151245117187 -0.107383728027344
0.0908279418945313 -0.0351181030273438 0.00263977050781251 -0.0602035522460938
0.0821075439453125 -0.059112548828125 0.0727691650390625 -0.0770339965820313
0.0440101623535156 -0.0606651306152344 0.0543136596679687 -0.113296508789063
0.0254249572753906 -0.0691566467285156 0.0248260498046875 -0.111312866210937
-0.0162887573242187 -0.0637130737304687 -0.0217437744140625 -0.1053466796875
-0.0513534545898437 -0.047393798828125 -0.0429840087890625 -0.0749969482421875
-0.0545730590820312 -0.0476531982421875 -0.0255470275878906 -0.046630859375
-0.072235107421875 -0.040985107421875 -0.0202217102050781 -0.0238933563232422
-0.0585861206054688 -0.0551872253417969 -0.0172529220581055 0.00502014160156249
-0.0414657592773438 -0.0853805541992188 -0.0282726287841797 0.0248260498046875
-0.0160675048828125 -0.103096008300781 -0.0574455261230469 0.0154075622558594
0.0591812133789062 -0.106285095214844 -0.0580215454101563 -0.0149002075195313
0.084869384765625 -0.093017578125 -0.0408058166503906 -0.0193328857421875
0.134407043457031 -0.0795364379882813 0.0253753662109375 -0.00326919555664063
0.155197143554687 -0.0250244140625 -0.0386428833007813 -0.119461059570312
0.126991271972656 -0.0217666625976562 0.0409011840820313 -0.0753936767578125
0.123580932617188 -0.0735015869140625 0.089263916015625 -0.0819854736328125
0.0649795532226563 -0.0915756225585938 0.0611572265625 -0.108383178710937
0.03173828125 -0.0988693237304688 0.0308761596679688 -0.0941925048828125
-0.0231857299804687 -0.0875015258789063 -0.00976562500000001 -0.0804977416992188
-0.0590438842773438 -0.0666389465332031 -0.01849365234375 -0.054107666015625
-0.0577812194824219 -0.0669631958007812 0.000272750854492186 -0.0301742553710938
-0.0728530883789063 -0.06060791015625 0.00397014617919921 -0.00937652587890625
-0.051422119140625 -0.0693244934082031 0.000514984130859372 0.0220394134521484
-0.0285186767578125 -0.0970001220703125 -0.017333984375 0.0362014770507812
0.00145721435546874 -0.110031127929687 -0.0517959594726563 0.018157958984375
0.08447265625 -0.100242614746094 -0.0514259338378906 -0.0233116149902344
0.110092163085938 -0.0727920532226563 -0.0193328857421875 -0.0458106994628906
0.148178100585938 -0.0455322265625 0.07257080078125 -0.0228652954101563
0.144973754882813 0.0071868896484375 0.01336669921875 -0.122764587402344
0.136947631835938 -0.0034332275390625 0.07513427734375 -0.0883407592773438
0.138946533203125 -0.0705795288085938 0.0955810546875 -0.08135986328125
0.0727157592773438 -0.100212097167969 0.063629150390625 -0.0918807983398437
0.0334701538085938 -0.106704711914063 0.0367965698242188 -0.0677070617675781
-0.0240707397460937 -0.094573974609375 0.00840377807617187 -0.0496788024902344
-0.0577011108398438 -0.07440185546875 0.0100688934326172 -0.0296039581298828
-0.052520751953125 -0.076263427734375 0.02569580078125 -0.00923728942871094
-0.0646896362304687 -0.071929931640625 0.0256328582763672 0.0115947723388672
-0.036956787109375 -0.076416015625 0.0135536193847656 0.0438804626464844
-0.00847625732421876 -0.0985336303710937 -0.0111465454101563 0.0500602722167969
0.0238265991210938 -0.103981018066406 -0.04547119140625 0.0224761962890625
0.106483459472656 -0.077789306640625 -0.04205322265625 -0.0255165100097656
0.125732421875 -0.0385818481445312 0.00531005859375001 -0.0590019226074219
0.14398193359375 -0.0028533935546875 0.117164611816406 -0.0284500122070313
0.11065673828125 0.0369644165039063 0.05322265625 -0.11865234375
0.119903564453125 0.0170135498046875 0.0959396362304688 -0.0948944091796875
0.124679565429688 -0.0502090454101563 0.08984375 -0.0727310180664063
0.0655899047851563 -0.0833816528320313 0.0620918273925781 -0.0679702758789062
0.0322341918945313 -0.08868408203125 0.0426177978515625 -0.0386314392089844
-0.0164794921875 -0.0831527709960938 0.0275058746337891 -0.0203971862792969
-0.044830322265625 -0.0701560974121094 0.0371780395507813 -0.00632476806640625
-0.0395736694335938 -0.0731964111328125 0.046783447265625 0.0115776062011719
-0.0486373901367187 -0.0736083984375 0.0432701110839844 0.0361557006835937
-0.0207901000976563 -0.0740280151367188 0.0204391479492188 0.0684700012207031
0.00874328613281249 -0.08935546875 -0.00967788696289062 0.0658454895019531
0.0410308837890625 -0.0881576538085938 -0.0399513244628906 0.0306053161621094
0.115226745605469 -0.0485992431640625 -0.0294170379638672 -0.0174884796142578
0.126274108886719 0.00046539306640625 0.0316429138183594 -0.0535202026367188
0.119857788085938 0.0396347045898437 0.15386962890625 -0.01617431640625
0.0596046447753906 0.0627975463867188 0.0735244750976563 -0.105522155761719
0.081512451171875 0.0380783081054688 0.100906372070312 -0.0913009643554687
0.0897979736328125 -0.0164031982421875 0.0781631469726563 -0.0569534301757813
0.0488548278808594 -0.0461769104003906 0.0616950988769531 -0.044158935546875
0.0306243896484375 -0.0509490966796875 0.0472488403320313 -0.0158157348632813
-0.000400543212890619 -0.0570259094238281 0.0429763793945313 0.000251770019531247
-0.0233802795410156 -0.0563507080078125 0.0565414428710938 0.0119972229003906
-0.0212936401367187 -0.0593795776367188 0.0603675842285156 0.031158447265625
-0.0290908813476563 -0.0636520385742188 0.0549507141113281 0.0605735778808594
-0.00967788696289063 -0.0606803894042969 0.022491455078125 0.0911712646484375
0.0154800415039062 -0.0713424682617188 -0.0106277465820312 0.0822525024414063
0.0439987182617188 -0.0670356750488281 -0.0332298278808594 0.0439453125
0.105308532714844 -0.02264404296875 -0.0184307098388672 0.000904083251953121
0.107376098632813 0.0329513549804688 0.0515480041503906 -0.0321235656738281
0.0780792236328125 0.0716094970703125 0.176406860351563 0.00967407226562501
-0.0232009887695312 -0.0925750732421875 -0.184066772460938 -0.0198974609375
-0.0691146850585938 -0.0301132202148437 -0.063507080078125 0.0111312866210937
-0.070526123046875 0.0199737548828125 0.0218467712402344 -0.0272922515869141
-0.0342826843261719 0.0506782531738281 0.0394287109375 -0.0724334716796875
-0.0105667114257813 0.0436897277832031 0.0194244384765625 -0.102195739746094
0.006988525390625 0.0381431579589844 -0.0271377563476562 -0.116378784179688
0.00557708740234375 0.0361366271972656 -0.0744400024414062 -0.084014892578125
-0.00440216064453125 0.0363693237304688 -0.0731353759765625 -0.0514373779296875
-0.00796127319335937 0.0352706909179688 -0.0660133361816406 -0.0248680114746094
-0.0184726715087891 0.0192508697509766 -0.058807373046875 -0.0138473510742188
-0.0263843536376953 0.0108432769775391 -0.05792236328125 0.0100250244140625
-0.0379714965820313 0.00269699096679687 -0.06744384765625 0.026702880859375
-0.0459632873535156 -0.0289688110351563 -0.0804061889648438 0.033843994140625
-0.0380058288574219 -0.0592269897460937 -0.0972213745117188 0.0762176513671875
-0.00577545166015626 -0.0940322875976563 -0.0811004638671875 0.0851593017578125
0.0385665893554688 -0.0938568115234375 -0.175033569335937 -0.053802490234375
-0.0193901062011719 -0.0383415222167969 -0.0561561584472656 -0.0165481567382813
-0.0259170532226563 -0.00391006469726562 0.0318336486816406 -0.0505599975585938
-0.00941085815429687 0.0211143493652344 0.0392074584960938 -0.09283447265625
0.00342082977294922 0.0101261138916016 0.0183563232421875 -0.113510131835938
0.000812053680419922 0.00564146041870117 -0.029693603515625 -0.124557495117188
-0.0158023834228516 0.00809669494628906 -0.0740432739257813 -0.0925216674804688
-0.0261611938476563 0.00733375549316406 -0.067901611328125 -0.0584220886230469
-0.0371322631835938 0.009185791015625 -0.06219482421875 -0.0309333801269531
-0.0400581359863281 -0.0113334655761719 -0.0542373657226562 -0.0133438110351563
-0.0364761352539062 -0.0321731567382813 -0.0543174743652344 0.0101852416992187
-0.0305938720703125 -0.0464859008789062 -0.0696678161621094 0.0190658569335938
-0.00244140625000001 -0.06707763671875 -0.0737991333007812 0.0147323608398437
0.0113525390625 -0.0829696655273438 -0.0825958251953125 0.049041748046875
0.0544204711914063 -0.105903625488281 -0.0592689514160156 0.0571746826171875
0.0974502563476563 -0.0811233520507813 -0.146316528320313 -0.0839080810546875
0.0391273498535156 -0.0401115417480469 -0.032623291015625 -0.0396156311035156
0.0296001434326172 -0.0329837799072266 0.0515060424804688 -0.0690116882324219
0.0193672180175781 -0.0187454223632813 0.0453109741210938 -0.109825134277344
0.0173892974853516 -0.0311203002929688 0.0196685791015625 -0.119499206542969
-0.00693511962890625 -0.0322971343994141 -0.0302276611328125 -0.122215270996094
-0.036529541015625 -0.0220108032226563 -0.06475830078125 -0.0896377563476563
-0.0451507568359375 -0.0230445861816406 -0.0525245666503906 -0.0574836730957031
-0.0614585876464844 -0.0175514221191406 -0.0463943481445313 -0.0301513671875
-0.0558204650878906 -0.0370674133300781 -0.0389556884765625 -0.00510787963867187
-0.044677734375 -0.0658035278320313 -0.0442161560058594 0.0184783935546875
-0.0258941650390625 -0.0841903686523438 -0.067840576171875 0.018218994140625
0.0320510864257813 -0.0971832275390625 -0.0692634582519531 -0.00151443481445314
0.0532302856445312 -0.0970916748046875 -0.0649681091308594 0.0156517028808594
0.103370666503906 -0.103416442871094 -0.0225372314453125 0.0250606536865234
0.140853881835937 -0.0584259033203125 -0.100433349609375 -0.105247497558594
0.0950469970703125 -0.0355072021484375 0.00151824951171875 -0.0583992004394531
0.0859756469726563 -0.06170654296875 0.07525634765625 -0.08056640625
0.0467681884765625 -0.0624961853027344 0.0549163818359375 -0.117652893066406
0.0273056030273438 -0.0730743408203125 0.0231399536132813 -0.115066528320313
-0.0162467956542969 -0.067138671875 -0.0251617431640625 -0.107429504394531
-0.0529327392578125 -0.0497627258300781 -0.0468292236328125 -0.0761566162109375
-0.0568771362304688 -0.0503349304199219 -0.0282707214355469 -0.0468368530273437
-0.075225830078125 -0.0417633056640625 -0.0232982635498047 -0.0223369598388672
-0.0604743957519531 -0.057373046875 -0.0196113586425781 0.00742149353027344
-0.0430374145507813 -0.0887985229492188 -0.0314044952392578 0.0284156799316406
-0.017486572265625 -0.106605529785156 -0.0634307861328125 0.0200080871582031
0.0604934692382813 -0.110687255859375 -0.0647621154785156 -0.0135536193847656
0.0868682861328125 -0.0959243774414062 -0.0463485717773437 -0.0187568664550781
0.1375732421875 -0.0847015380859375 0.0234851837158203 -0.00446701049804688
0.1612548828125 -0.0286102294921875 -0.0446090698242187 -0.118576049804688
0.133399963378906 -0.0238189697265625 0.0411453247070312 -0.074981689453125
0.127952575683594 -0.0788040161132813 0.0919952392578125 -0.0864944458007813
0.0669937133789063 -0.0951156616210938 0.0617904663085938 -0.112495422363281
0.0322036743164063 -0.10418701171875 0.0299835205078125 -0.097412109375
-0.0247116088867187 -0.0908050537109375 -0.0119094848632812 -0.0814361572265625
-0.0622673034667969 -0.0683059692382813 -0.0211677551269531 -0.054107666015625
-0.0614891052246094 -0.0690498352050781 -0.000848770141601564 -0.0306072235107422
-0.076446533203125 -0.0611419677734375 0.0027627944946289 -0.00714921951293946
-0.0538558959960938 -0.0716629028320313 -0.000545501708984378 0.0253162384033203
-0.0308761596679687 -0.100563049316406 -0.0192680358886719 0.0405464172363281
-0.000457763671874988 -0.1141357421875 -0.0572319030761719 0.0224876403808594
0.0869064331054688 -0.105461120605469 -0.0585441589355469 -0.0220451354980469
0.114479064941406 -0.0767593383789063 -0.0245132446289063 -0.0468711853027344
0.153656005859375 -0.0499725341796875 0.0723419189453125 -0.0253524780273438
0.152801513671875 0.003662109375 0.0098876953125 -0.123252868652344
0.144683837890625 -0.0064239501953125 0.0757522583007813 -0.0891647338867188
0.143402099609375 -0.078033447265625 0.0980224609375 -0.0851211547851562
0.0735626220703125 -0.105567932128906 0.06475830078125 -0.0953826904296875
0.0325698852539063 -0.112396240234375 0.0372123718261719 -0.0698585510253906
-0.0272598266601563 -0.0975112915039062 0.0074462890625 -0.0496253967285156
-0.0612564086914062 -0.0750808715820313 0.00987052917480468 -0.0296821594238281
-0.05615234375 -0.0778274536132813 0.0255947113037109 -0.00991630554199219
-0.0685653686523438 -0.0727310180664062 0.0266342163085937 0.0135402679443359
-0.0391006469726563 -0.078338623046875 0.0141830444335938 0.0480461120605469
-0.0110931396484375 -0.101524353027344 -0.0120849609375 0.0547828674316406
0.0228195190429688 -0.108474731445312 -0.0502471923828125 0.0271492004394531
0.10894775390625 -0.0839691162109375 -0.0478706359863281 -0.0242652893066406
0.131660461425781 -0.0421829223632813 0.000862121582031261 -0.0604438781738281
0.150833129882812 -0.006500244140625 0.119285583496094 -0.0319671630859375
0.118629455566406 0.035125732421875 0.0520553588867188 -0.11920166015625
0.127357482910156 0.0135726928710938 0.0972900390625 -0.0963668823242188
0.129364013671875 -0.0579833984375 0.09222412109375 -0.076995849609375
0.065185546875 -0.0890426635742188 0.064239501953125 -0.0715408325195313
0.029510498046875 -0.0935211181640625 0.0437202453613281 -0.0405426025390625
-0.0200271606445313 -0.0851211547851563 0.0283946990966797 -0.0200157165527344
-0.0485877990722656 -0.0700302124023438 0.0378036499023438 -0.00603103637695313
-0.044036865234375 -0.074066162109375 0.0481796264648438 0.0120620727539062
-0.0521087646484375 -0.073699951171875 0.0458183288574219 0.0389595031738281
-0.02374267578125 -0.0753326416015625 0.0218276977539063 0.0732498168945313
0.00617980957031251 -0.0921096801757813 -0.010833740234375 0.0710906982421875
0.0397109985351562 -0.0925827026367187 -0.04364013671875 0.0345382690429688
0.118698120117188 -0.0549240112304688 -0.0344715118408203 -0.0164356231689453
0.132057189941406 -0.00322723388671875 0.0287551879882813 -0.05657958984375
0.127510070800781 0.0373153686523437 0.157394409179688 -0.020782470703125
0.0657234191894531 0.0617904663085938 0.0743331909179688 -0.107673645019531
0.0872802734375 0.035308837890625 0.103324890136719 -0.093414306640625
0.0925521850585938 -0.02239990234375 0.081817626953125 -0.0594253540039063
0.0480995178222656 -0.0506744384765625 0.0646743774414063 -0.0464935302734375
0.02789306640625 -0.0543327331542969 0.0494537353515625 -0.0172233581542969
-0.00334548950195313 -0.0580101013183594 0.0451545715332031 0.000591278076171871
-0.0261039733886719 -0.0549201965332031 0.0590438842773437 0.0122718811035156
-0.024444580078125 -0.0587387084960938 0.0636787414550781 0.03173828125
-0.0326652526855469 -0.0638809204101563 0.0584335327148438 0.0635604858398438
-0.0117149353027344 -0.0612411499023437 0.024444580078125 0.0969467163085938
0.0122299194335938 -0.0726089477539063 -0.0112152099609375 0.087310791015625
0.0417633056640625 -0.0705032348632813 -0.0367774963378906 0.04791259765625
0.107498168945312 -0.0286865234375 -0.0221405029296875 0.00160026550292968
0.113357543945312 0.02947998046875 0.0509834289550781 -0.0350227355957031
0.0847702026367188 0.0708694458007813 0.1826171875 0.00627136230468751
-0.0303802490234375 -0.0913772583007813 -0.189132690429688 -0.0113677978515625
-0.0717926025390625 -0.0254287719726563 -0.0628700256347656 0.0147705078125
-0.0695762634277344 0.0263328552246094 0.0234470367431641 -0.0281314849853516
-0.0288543701171875 0.05389404296875 0.0391464233398438 -0.0768814086914063
-0.00615310668945312 0.0446548461914063 0.017120361328125 -0.10711669921875
0.0101432800292969 0.0365257263183594 -0.0326919555664062 -0.120880126953125
0.00745773315429688 0.0342636108398438 -0.0803985595703125 -0.0842132568359375
-0.0019378662109375 0.0357131958007813 -0.0780487060546875 -0.0496826171875
-0.00574684143066406 0.0345516204833984 -0.0708160400390625 -0.0226821899414062
-0.0173778533935547 0.0190677642822266 -0.0636672973632813 -0.0115852355957031
-0.0249652862548828 0.0111618041992188 -0.0610580444335938 0.0130805969238281
-0.0370254516601563 0.00574111938476563 -0.0700798034667969 0.0301589965820312
-0.0478248596191406 -0.0248146057128906 -0.0833969116210938 0.036285400390625
-0.041778564453125 -0.0559539794921875 -0.0985336303710937 0.0810775756835938
-0.0126266479492188 -0.094512939453125 -0.0811691284179688 0.0896072387695313
0.03375244140625 -0.0946197509765625 -0.182342529296875 -0.04510498046875
-0.0205554962158203 -0.0350532531738281 -0.0564918518066406 -0.0128097534179687
-0.0242156982421875 -0.000316619873046875 0.031982421875 -0.0523490905761719
-0.00533866882324219 0.0225658416748047 0.0377349853515625 -0.097320556640625
0.00712776184082031 0.009368896484375 0.0155105590820313 -0.117805480957031
0.0025331974029541 0.0025489330291748 -0.0351791381835938 -0.128028869628906
-0.0150938034057617 0.00636672973632812 -0.0804214477539063 -0.0925445556640625
-0.0257606506347656 0.00649261474609375 -0.0736083984375 -0.0564804077148438
-0.0372695922851563 0.00918960571289062 -0.0672683715820313 -0.0286369323730469
-0.0404739379882813 -0.0117454528808594 -0.0579643249511719 -0.0105743408203125
-0.0367355346679688 -0.0326042175292969 -0.0573196411132812 0.0148277282714844
-0.0310821533203125 -0.0453567504882813 -0.0731048583984375 0.0235824584960938
-0.00413894653320312 -0.0666389465332031 -0.0786209106445313 0.0171432495117188
0.00852203369140624 -0.0826339721679687 -0.0855331420898438 0.0528717041015625
0.0496444702148438 -0.108955383300781 -0.0610198974609375 0.0602798461914063
0.09527587890625 -0.0850677490234375 -0.154525756835938 -0.0760650634765625
0.0394554138183594 -0.0395965576171875 -0.0341949462890625 -0.0362052917480469
0.0311183929443359 -0.0326747894287109 0.0514068603515625 -0.072479248046875
0.0226268768310547 -0.0192642211914063 0.0432052612304687 -0.11456298828125
0.0192432403564453 -0.0338077545166016 0.0154571533203125 -0.123146057128906
-0.0067596435546875 -0.0352363586425781 -0.0360565185546875 -0.124000549316406
-0.0375251770019531 -0.0235595703125 -0.0708236694335938 -0.0888748168945313
-0.0465774536132812 -0.023834228515625 -0.0572166442871094 -0.0558242797851563
-0.06292724609375 -0.01666259765625 -0.0507736206054688 -0.0275840759277344
-0.0581283569335938 -0.037811279296875 -0.0421867370605469 -0.00231552124023438
-0.0464973449707031 -0.0669784545898438 -0.0463447570800781 0.0226936340332031
-0.0286178588867187 -0.0853118896484375 -0.0720062255859375 0.02362060546875
0.0304336547851563 -0.0999221801757813 -0.0745697021484375 0.0015716552734375
0.0511550903320312 -0.0999374389648437 -0.0698394775390625 0.0188980102539062
0.101127624511719 -0.109649658203125 -0.0248126983642578 0.0269584655761719
0.143112182617188 -0.064483642578125 -0.108970642089844 -0.099151611328125
0.0972213745117188 -0.0378036499023438 0.000503540039062503 -0.0556144714355469
0.0872802734375 -0.0656509399414063 0.0742950439453125 -0.0856170654296875
0.0484352111816406 -0.0656967163085938 0.0518569946289063 -0.121955871582031
0.0264511108398438 -0.0774765014648438 0.0201568603515625 -0.118606567382813
-0.0186119079589844 -0.0698776245117188 -0.0298690795898437 -0.108787536621094
-0.055511474609375 -0.0501747131347656 -0.0519866943359375 -0.0750656127929687
-0.0604324340820313 -0.0507011413574219 -0.0326499938964844 -0.0468940734863281
-0.0786209106445312 -0.0406951904296875 -0.026123046875 -0.0201015472412109
-0.0637931823730469 -0.05828857421875 -0.0210380554199219 0.0109100341796875
-0.0472946166992187 -0.0901641845703125 -0.0327033996582031 0.0331268310546875
-0.0212554931640625 -0.108924865722656 -0.0674667358398437 0.0259323120117187
0.0591583251953125 -0.116401672363281 -0.0709152221679688 -0.0106582641601563
0.0864105224609375 -0.10113525390625 -0.0518150329589844 -0.0168724060058594
0.138687133789063 -0.092376708984375 0.0210247039794922 -0.00550460815429688
0.165725708007813 -0.0359954833984375 -0.05255126953125 -0.114898681640625
0.137351989746094 -0.0284576416015625 0.0395965576171875 -0.073760986328125
0.129463195800781 -0.0870208740234375 0.0914154052734375 -0.0918502807617188
0.0664443969726563 -0.101058959960938 0.0595626831054688 -0.116813659667969
0.0287246704101562 -0.109649658203125 0.0267486572265625 -0.100761413574219
-0.0283279418945312 -0.0932388305664062 -0.0152587890625 -0.0815048217773438
-0.0656776428222656 -0.0684661865234375 -0.0240249633789063 -0.052947998046875
-0.0659675598144531 -0.0694084167480469 -0.00356101989746094 -0.0304718017578125
-0.0817794799804688 -0.0599212646484375 0.00180959701538086 -0.00557041168212891
-0.0576400756835937 -0.07257080078125 -5.722045898438E-06 0.0286827087402344
-0.0352554321289062 -0.102455139160156 -0.0200424194335938 0.0454673767089844
-0.00420379638671876 -0.117973327636719 -0.0609664916992187 0.0285682678222656
0.086212158203125 -0.112968444824219 -0.0645217895507813 -0.0191459655761719
0.115493774414063 -0.0830001831054688 -0.0306205749511719 -0.0456161499023438
0.15789794921875 -0.0579376220703125 0.0712432861328125 -0.02935791015625
0.159469604492188 -0.0037841796875 0.00409698486328126 -0.121696472167969
0.150497436523437 -0.0131988525390625 0.0744705200195313 -0.0900192260742187
0.145355224609375 -0.0877532958984375 0.0973663330078125 -0.0918731689453125
0.0712966918945313 -0.112205505371094 0.0630111694335938 -0.0998153686523438
0.0277175903320312 -0.117774963378906 0.0359115600585938 -0.0726165771484375
-0.0314407348632813 -0.099151611328125 0.006011962890625 -0.0491561889648438
-0.0654678344726563 -0.0745620727539062 0.00823211669921874 -0.0286903381347656
-0.0620498657226563 -0.0774459838867187 0.0251560211181641 -0.0105686187744141
-0.0739669799804687 -0.0709457397460938 0.0274295806884766 0.0152797698974609
-0.0428695678710938 -0.0794448852539062 0.0162887573242188 0.0514106750488281
-0.0155792236328125 -0.103752136230469 -0.012420654296875 0.0599250793457031
0.0185928344726563 -0.112312316894531 -0.0537452697753906 0.0330314636230469
0.1092529296875 -0.0923080444335938 -0.0534515380859375 -0.0219573974609375
0.134284973144531 -0.0494384765625 -0.00457382202148437 -0.0616836547851563
0.157241821289062 -0.013671875 0.118949890136719 -0.0378189086914063
0.125663757324219 0.0288162231445312 0.0481948852539063 -0.120712280273438
0.132736206054688 0.007110595703125 0.0964279174804688 -0.0991134643554688
0.13018798828125 -0.0681991577148438 0.0929641723632813 -0.0823516845703125
0.0623626708984375 -0.0955963134765625 0.06341552734375 -0.0749359130859375
0.0249404907226562 -0.09808349609375 0.0442848205566406 -0.0428543090820313
-0.0246810913085938 -0.0861129760742187 0.0291404724121094 -0.019927978515625
-0.0529403686523438 -0.068817138671875 0.0387115478515625 -0.00634002685546875
-0.0487213134765625 -0.0728836059570313 0.0499191284179688 0.0107421875
-0.0572586059570313 -0.0720138549804688 0.0485954284667969 0.0398025512695312
-0.0271072387695312 -0.0756454467773438 0.025909423828125 0.0774993896484375
0.00177764892578125 -0.0936737060546875 -0.009552001953125 0.0763626098632813
0.035400390625 -0.09686279296875 -0.0463981628417969 0.0403900146484375
0.119094848632812 -0.0634002685546875 -0.0387611389160156 -0.0149269104003906
0.136550903320313 -0.0106353759765625 0.0242691040039063 -0.0592079162597656
0.134902954101563 0.0315475463867188 0.159881591796875 -0.0279998779296875
0.0724258422851563 0.058502197265625 0.072509765625 -0.110641479492187
0.0929641723632813 0.03033447265625 0.103065490722656 -0.097442626953125
0.0935745239257812 -0.0300216674804687 0.0829010009765625 -0.0642242431640625
0.045684814453125 -0.0549888610839844 0.0657119750976563 -0.0501289367675781
0.0247383117675781 -0.0574188232421875 0.0515975952148438 -0.0196990966796875
-0.00673675537109374 -0.0583992004394531 0.0472984313964844 -0.000263214111328129
-0.0294227600097656 -0.0531883239746094 0.0613784790039063 0.0105743408203125
-0.0288887023925781 -0.0579338073730469 0.0662460327148438 0.0304985046386719
-0.0366249084472656 -0.0610504150390625 0.0631980895996094 0.063873291015625
-0.0153732299804687 -0.0608329772949219 0.0293045043945313 0.100914001464844
0.008392333984375 -0.0734786987304688 -0.00973510742187501 0.0922393798828125
0.038330078125 -0.074127197265625 -0.0385589599609375 0.0525703430175781
0.108123779296875 -0.03619384765625 -0.0256118774414062 0.00319480895996093
0.117424011230469 0.0229263305664063 0.0481224060058594 -0.0382194519042969
0.0919647216796875 0.067596435546875 0.187408447265625 -0.0025787353515625
-0.036376953125 -0.0865097045898438 -0.189559936523438 -0.00175476074218748
-0.0719070434570313 -0.0189743041992188 -0.0601005554199219 0.01806640625
-0.0656242370605469 0.0316352844238281 0.0238571166992187 -0.0286521911621094
-0.0235443115234375 0.055267333984375 0.0374069213867188 -0.0797500610351563
-0.00160598754882812 0.0441551208496094 0.0130462646484375 -0.109382629394531
0.0123004913330078 0.0335044860839844 -0.0381546020507813 -0.121627807617187
0.00881195068359375 0.0314216613769531 -0.0854339599609375 -0.0819549560546875
0.000120162963867191 0.033966064453125 -0.0812530517578125 -0.04656982421875
-0.00398635864257812 0.0333690643310547 -0.0734176635742188 -0.0195236206054688
-0.0161914825439453 0.0180320739746094 -0.0658302307128906 -0.00872039794921874
-0.0229854583740234 0.0115013122558594 -0.0620765686035156 0.0161895751953125
-0.0343971252441406 0.00847434997558593 -0.0707550048828125 0.0340805053710937
-0.0482711791992188 -0.0199813842773438 -0.0845489501953125 0.0388107299804687
-0.044647216796875 -0.0516548156738281 -0.0969085693359375 0.0849533081054688
-0.0189590454101563 -0.0915603637695313 -0.078887939453125 0.0918807983398438
0.0282516479492188 -0.09356689453125 -0.184844970703125 -0.0344696044921875
-0.0208835601806641 -0.0313339233398438 -0.0555686950683594 -0.00849914550781251
-0.0212936401367188 0.00305747985839844 0.0306167602539063 -0.0534286499023438
-0.000320434570312502 0.0230503082275391 0.0345993041992188 -0.0988540649414063
0.0104026794433594 0.00773239135742188 0.0113143920898438 -0.119186401367188
0.00341272354125977 -0.000217199325561523 -0.0411300659179688 -0.127655029296875
-0.0145254135131836 0.00435161590576172 -0.0854949951171875 -0.0889053344726563
-0.0249900817871094 0.00541305541992188 -0.0768966674804687 -0.0530624389648438
-0.0361595153808594 0.00927734374999999 -0.0699119567871094 -0.0243263244628906
-0.0407791137695312 -0.0121650695800781 -0.0605964660644531 -0.00738906860351562
-0.0368461608886719 -0.0323028564453125 -0.0587234497070313 0.0187644958496094
-0.0313301086425781 -0.0437088012695313 -0.0743255615234375 0.027923583984375
-0.006256103515625 -0.0647087097167969 -0.080963134765625 0.0197067260742187
0.00506591796875 -0.0806732177734375 -0.0856781005859375 0.0569992065429687
0.0434112548828125 -0.109550476074219 -0.0605239868164062 0.0625
0.09100341796875 -0.087615966796875 -0.158523559570313 -0.0650482177734375
0.0394515991210938 -0.0382881164550781 -0.0341320037841797 -0.0318603515625
0.0323200225830078 -0.0324554443359375 0.0489959716796875 -0.074371337890625
0.025482177734375 -0.020172119140625 0.0391159057617188 -0.115928649902344
0.0198516845703125 -0.03607177734375 0.0111236572265625 -0.124137878417969
-0.00750732421875 -0.0371780395507813 -0.0415115356445313 -0.123092651367188
-0.0382080078125 -0.0240364074707031 -0.07598876953125 -0.0851898193359375
-0.0479812622070313 -0.0235595703125 -0.0607986450195313 -0.05255126953125
-0.0641555786132813 -0.0154876708984375 -0.0535240173339844 -0.02349853515625
-0.0589828491210937 -0.0370559692382812 -0.0443153381347656 0.00103759765624999
-0.0486640930175781 -0.066192626953125 -0.04779052734375 0.0266838073730469
-0.0314254760742188 -0.0843124389648438 -0.0739974975585938 0.02899169921875
0.026885986328125 -0.100608825683594 -0.0788497924804688 0.00513458251953124
0.0474853515625 -0.100898742675781 -0.0717544555664063 0.0224609375
0.0965194702148438 -0.113372802734375 -0.0262832641601562 0.0275669097900391
0.140213012695313 -0.0697021484375 -0.114715576171875 -0.0895462036132813
0.0978546142578125 -0.0399246215820313 -0.000598907470703115 -0.0522842407226563
0.0866928100585938 -0.069091796875 0.07061767578125 -0.0888290405273438
0.0489425659179688 -0.06787109375 0.0476608276367188 -0.124008178710938
0.024566650390625 -0.0803604125976563 0.0155868530273437 -0.119476318359375
-0.0207061767578125 -0.0709075927734375 -0.0342636108398438 -0.106452941894531
-0.057647705078125 -0.0497932434082031 -0.0561981201171875 -0.071746826171875
-0.0630302429199219 -0.0496444702148438 -0.0358123779296875 -0.0439720153808594
-0.0807571411132812 -0.0382232666015625 -0.0281448364257813 -0.0166797637939453
-0.0662765502929688 -0.0571670532226563 -0.0216579437255859 0.0138301849365234
-0.0500640869140625 -0.089447021484375 -0.032958984375 0.0372238159179688
-0.0257110595703125 -0.108901977539063 -0.069427490234375 0.0320587158203125
0.0554580688476562 -0.119239807128906 -0.0753173828125 -0.006744384765625
0.0834121704101563 -0.104278564453125 -0.0564117431640625 -0.0131378173828125
0.135604858398438 -0.0985946655273438 0.0180225372314453 -0.00668334960937501
0.165557861328125 -0.043731689453125 -0.058502197265625 -0.107490539550781
0.138931274414063 -0.0341033935546875 0.037628173828125 -0.0720901489257813
0.126754760742188 -0.0939102172851563 0.0873870849609375 -0.0964279174804688
0.0640945434570313 -0.103965759277344 0.0547409057617188 -0.119316101074219
0.0238723754882812 -0.112236022949219 0.0231399536132813 -0.101493835449219
-0.0322799682617188 -0.0937271118164063 -0.0184402465820312 -0.0791168212890625
-0.0691375732421875 -0.0663490295410156 -0.027099609375 -0.0506553649902344
-0.06988525390625 -0.0676765441894531 -0.00614738464355469 -0.0289077758789063
-0.0854873657226563 -0.0562667846679687 0.000697135925292963 -0.00351619720458985
-0.0603256225585937 -0.0710296630859375 0.000595092773437499 0.03106689453125
-0.039215087890625 -0.101829528808594 -0.0192680358886719 0.0492134094238281
-0.00942230224609374 -0.11822509765625 -0.062652587890625 0.0350723266601562
0.0827789306640625 -0.117622375488281 -0.0693168640136719 -0.0149650573730469
0.113372802734375 -0.0881423950195312 -0.0360908508300781 -0.0433425903320313
0.157745361328125 -0.0659942626953125 0.0672950744628906 -0.0321083068847656
0.161346435546875 -0.01239013671875 -0.00196075439453125 -0.117538452148437
0.152694702148438 -0.020904541015625 0.071990966796875 -0.0892868041992187
0.141586303710938 -0.0966339111328125 0.0938873291015625 -0.0956573486328125
0.0667800903320313 -0.116508483886719 0.0587692260742188 -0.101898193359375
0.0215682983398438 -0.120048522949219 0.0328369140625 -0.0739517211914063
-0.0362396240234375 -0.09832763671875 0.00450515747070312 -0.0480461120605469
-0.0687713623046875 -0.0713882446289062 0.00650215148925781 -0.0273609161376953
-0.0659408569335938 -0.0748443603515625 0.0235118865966797 -0.0102024078369141
-0.077545166015625 -0.0673828125 0.0282402038574219 0.0159263610839844
-0.0460357666015625 -0.0778427124023438 0.0183143615722656 0.0538063049316406
-0.0202255249023437 -0.103523254394531 -0.0109062194824219 0.0639076232910156
0.0131607055664063 -0.114128112792969 -0.0550308227539063 0.0391273498535156
0.106742858886719 -0.0992813110351563 -0.0581855773925781 -0.0180473327636719
0.133331298828125 -0.0566482543945312 -0.0105514526367187 -0.0602684020996094
0.158828735351563 -0.0220184326171875 0.115562438964844 -0.0436019897460938
0.129379272460938 0.0207061767578125 0.043121337890625 -0.11932373046875
0.13531494140625 -0.000274658203125 0.0932998657226563 -0.100456237792969
0.126968383789063 -0.07672119140625 0.0898361206054688 -0.0863800048828125
0.0570907592773437 -0.0990676879882813 0.0611724853515625 -0.0767745971679687
0.01898193359375 -0.100547790527344 0.0429153442382813 -0.0445289611816406
-0.029052734375 -0.0844497680664063 0.0292186737060547 -0.0194225311279297
-0.0560035705566406 -0.0649948120117187 0.038787841796875 -0.00690841674804688
-0.0528564453125 -0.0707626342773438 0.0496444702148437 0.00943756103515624
-0.0617713928222656 -0.0683250427246094 0.0512962341308594 0.0397491455078125
-0.0299453735351563 -0.0741348266601563 0.0290374755859375 0.0793838500976563
-0.00311279296874999 -0.0931243896484375 -0.00747680664062499 0.08074951171875
0.030120849609375 -0.098602294921875 -0.0469474792480469 0.0450706481933594
0.116676330566406 -0.0712814331054688 -0.0426483154296875 -0.0118675231933594
0.137222290039063 -0.0185394287109375 0.0189208984375 -0.0592689514160156
0.138572692871094 0.0237655639648438 0.157699584960938 -0.0354461669921875
0.0772857666015625 0.052734375 0.0687179565429687 -0.110542297363281
0.0958175659179687 0.024017333984375 0.100074768066406 -0.100105285644531
0.0911483764648438 -0.0376815795898438 0.0816421508789063 -0.0674591064453125
0.0414161682128906 -0.0577392578125 0.0646553039550781 -0.0528106689453125
0.0201683044433594 -0.0584373474121094 0.0516738891601562 -0.0217132568359375
-0.0110092163085937 -0.0569725036621094 0.048583984375 -0.00132369995117188
-0.0319938659667969 -0.0501937866210937 0.0627059936523438 0.00862884521484375
-0.0316047668457031 -0.0547332763671875 0.0673332214355469 0.0272026062011719
-0.0404205322265625 -0.0578231811523438 0.0669631958007813 0.0623397827148437
-0.0182876586914063 -0.058013916015625 0.0342788696289062 0.101829528808594
0.00376892089843749 -0.0727615356445313 -0.00702667236328125 0.0956802368164063
0.0326919555664063 -0.0758056640625 -0.0382537841796875 0.0563926696777344
0.106094360351562 -0.0438995361328125 -0.0280399322509766 0.00482177734375
0.118820190429687 0.0150833129882813 0.0439529418945313 -0.0409889221191406
0.097198486328125 0.0610885620117187 0.186309814453125 -0.011444091796875
-0.0399856567382812 -0.0814285278320313 -0.186721801757813 0.00360107421874999
-0.0704269409179688 -0.014862060546875 -0.05767822265625 0.0191421508789062
-0.0612449645996094 0.0347938537597656 0.0249061584472656 -0.0284023284912109
-0.0183868408203125 0.0553512573242188 0.0364227294921875 -0.0798873901367188
0.0019683837890625 0.0416679382324219 0.0121612548828125 -0.109596252441406
0.0131149291992187 0.0303173065185547 -0.041168212890625 -0.121391296386719
0.00929450988769532 0.0288639068603516 -0.087371826171875 -0.0795364379882813
0.0009918212890625 0.0326251983642578 -0.0819168090820313 -0.0438385009765625
-0.002288818359375 0.0313587188720703 -0.0739669799804687 -0.01702880859375
-0.0148191452026367 0.0168190002441406 -0.0668907165527344 -0.00676345825195312
-0.0207500457763672 0.0106945037841797 -0.0625343322753906 0.0186119079589844
-0.0313949584960938 0.00982856750488281 -0.07135009765625 0.0353012084960938
-0.0470123291015625 -0.0163040161132812 -0.0858993530273438 0.0396575927734375
-0.0446319580078125 -0.0475616455078125 -0.0953292846679688 0.085235595703125
-0.0229415893554688 -0.0877609252929688 -0.0783615112304687 0.0914840698242188
0.0238800048828125 -0.0897903442382812 -0.183670043945313 -0.0271759033203125
-0.0201244354248047 -0.0276603698730469 -0.0537338256835937 -0.00603485107421876
-0.0179939270019531 0.00536346435546875 0.0305061340332031 -0.052886962890625
0.00388336181640625 0.0230865478515625 0.0336456298828125 -0.09881591796875
0.0130653381347656 0.00549793243408203 0.009918212890625 -0.117691040039063
0.00469970703125 -0.00245761871337891 -0.0437393188476562 -0.1268310546875
-0.0147638320922852 0.00250911712646484 -0.0876998901367187 -0.085845947265625
-0.0250015258789063 0.00439262390136718 -0.0782012939453125 -0.05010986328125
-0.0357398986816406 0.00838851928710938 -0.0710296630859375 -0.0213241577148438
-0.0400886535644531 -0.0126075744628906 -0.0619468688964844 -0.00506210327148439
-0.0358695983886719 -0.0324058532714844 -0.0591354370117187 0.0209693908691406
-0.0301475524902344 -0.0422821044921875 -0.0754623413085938 0.0306854248046875
-0.00613403320312501 -0.0626068115234375 -0.0829620361328125 0.0212631225585937
0.003875732421875 -0.0777359008789063 -0.0853271484375 0.0588302612304687
0.0391082763671875 -0.107650756835938 -0.0611076354980469 0.0629463195800781
0.0874481201171875 -0.0858154296875 -0.158981323242188 -0.0567779541015625
0.0401573181152344 -0.0359725952148437 -0.0333271026611328 -0.0286045074462891
0.0343303680419922 -0.0318260192871094 0.0473785400390625 -0.0738143920898438
0.0286788940429687 -0.0205192565917969 0.03692626953125 -0.115188598632813
0.0209274291992187 -0.0377998352050781 0.00938415527343751 -0.122825622558594
-0.00708770751953125 -0.0391845703125 -0.0433502197265625 -0.1209716796875
-0.0383453369140625 -0.0251693725585938 -0.078399658203125 -0.0823135375976563
-0.0479507446289062 -0.0240364074707031 -0.0628089904785156 -0.0494155883789063
-0.063568115234375 -0.0149574279785156 -0.0548820495605469 -0.0204658508300781
-0.0590019226074219 -0.03692626953125 -0.0452690124511719 0.00329589843749999
-0.0489006042480469 -0.0657882690429687 -0.0476264953613281 0.029510498046875
-0.0314407348632813 -0.082916259765625 -0.0754165649414062 0.0325927734375
0.025787353515625 -0.0994949340820313 -0.0817794799804688 0.00705718994140624
0.0457687377929687 -0.099029541015625 -0.07330322265625 0.0242080688476563
0.092498779296875 -0.113304138183594 -0.0279045104980469 0.0280799865722656
0.1373291015625 -0.0712203979492188 -0.115409851074219 -0.0812454223632813
0.09783935546875 -0.0403976440429687 -0.000331878662109369 -0.0488548278808594
0.086151123046875 -0.0698089599609375 0.0679855346679688 -0.088531494140625
0.0489845275878906 -0.0683059692382813 0.0449142456054688 -0.123344421386719
0.0234375 -0.0817337036132813 0.0131072998046875 -0.117355346679688
-0.0208511352539063 -0.0718994140625 -0.0362091064453125 -0.103599548339844
-0.0575675964355469 -0.0494346618652344 -0.0573081970214844 -0.0680999755859375
-0.0640640258789063 -0.0491828918457031 -0.0377006530761719 -0.0415878295898438
-0.0812835693359375 -0.0368576049804687 -0.029083251953125 -0.0142383575439453
-0.0663299560546875 -0.0563812255859375 -0.0221328735351563 0.0157051086425781
-0.0511856079101562 -0.088470458984375 -0.0330581665039063 0.0400314331054687
-0.0269927978515625 -0.107086181640625 -0.0703582763671875 0.0367279052734375
0.0535964965820312 -0.119888305664062 -0.0788040161132813 -0.00354003906250001
0.0814285278320312 -0.103744506835938 -0.0587234497070313 -0.0107994079589844
0.132339477539063 -0.100875854492188 0.0151681900024414 -0.00656986236572266
0.163528442382813 -0.047637939453125 -0.0602188110351562 -0.0998153686523438
0.138877868652344 -0.0361328125 0.0370445251464844 -0.0690765380859375
0.124870300292969 -0.0967178344726563 0.083892822265625 -0.0965042114257813
0.0616683959960938 -0.105430603027344 0.0519180297851563 -0.118255615234375
0.0218276977539063 -0.112449645996094 0.02130126953125 -0.100013732910156
-0.0335769653320312 -0.0929031372070313 -0.018951416015625 -0.076568603515625
-0.0696029663085938 -0.0647430419921875 -0.0279426574707031 -0.0477218627929687
-0.07122802734375 -0.0661544799804688 -0.00731658935546875 -0.0272178649902344
-0.085479736328125 -0.0536956787109375 0.000218510627746577 -0.00143587589263916
-0.0615272521972656 -0.0702743530273438 0.000867843627929681 0.0331077575683594
-0.0409698486328125 -0.100921630859375 -0.0194740295410156 0.0523567199707031
-0.0116119384765625 -0.117095947265625 -0.063323974609375 0.0397605895996094
0.0801925659179688 -0.119590759277344 -0.0724716186523438 -0.011566162109375
0.111534118652344 -0.0898666381835938 -0.0401878356933594 -0.0402145385742188
0.155731201171875 -0.07000732421875 0.0632400512695313 -0.0331954956054688
0.16064453125 -0.017333984375 -0.0039215087890625 -0.111312866210938
0.152297973632813 -0.0244903564453125 0.069976806640625 -0.086669921875
0.138015747070313 -0.101348876953125 0.08978271484375 -0.0962371826171875
0.0637969970703125 -0.117462158203125 0.0560531616210938 -0.101554870605469
0.0174713134765625 -0.120414733886719 0.0313949584960937 -0.0727081298828125
-0.0379486083984375 -0.096405029296875 0.00443649291992188 -0.0460281372070313
-0.0694618225097656 -0.0688514709472656 0.00609588623046875 -0.0257835388183594
-0.0678176879882812 -0.0725936889648438 0.0224781036376953 -0.00999450683593751
-0.0788345336914063 -0.063873291015625 0.0285282135009766 0.0169811248779297
-0.04766845703125 -0.0765838623046875 0.0194168090820313 0.0550308227539062
-0.0221786499023438 -0.102058410644531 -0.0100517272949219 0.067352294921875
0.0102310180664063 -0.113151550292969 -0.055999755859375 0.0429611206054688
0.103668212890625 -0.102210998535156 -0.0612945556640625 -0.0148124694824219
0.131629943847656 -0.0600357055664062 -0.0148582458496094 -0.05877685546875
0.159149169921875 -0.02685546875 0.11163330078125 -0.045379638671875
0.129814147949219 0.0155410766601563 0.0406341552734375 -0.114532470703125
0.13580322265625 -0.005828857421875 0.0918045043945313 -0.0985336303710938
0.123291015625 -0.0818710327148438 0.0870742797851563 -0.0864410400390625
0.053436279296875 -0.100311279296875 0.0593719482421875 -0.0773391723632813
0.0150070190429688 -0.100074768066406 0.0417251586914063 -0.0442543029785156
-0.0315933227539063 -0.0821456909179687 0.0298442840576172 -0.0184612274169922
-0.057037353515625 -0.0619850158691406 0.0387382507324219 -0.00622177124023438
-0.0548858642578125 -0.0674247741699219 0.0488395690917969 0.00941848754882812
-0.0626754760742188 -0.064788818359375 0.0514297485351562 0.0395469665527344
-0.0313644409179688 -0.0720977783203125 0.0313644409179688 0.0798797607421875
-0.0054473876953125 -0.0917510986328125 -0.00679779052734375 0.0829696655273438
0.0271682739257812 -0.0979766845703125 -0.0472068786621094 0.0488815307617188
0.112945556640625 -0.0747528076171875 -0.0448570251464844 -0.00937271118164063
0.135383605957031 -0.0232925415039063 0.0144500732421875 -0.0589065551757813
0.139656066894531 0.0183563232421875 0.153823852539062 -0.0391845703125
0.0793304443359375 0.0477066040039063 0.0665435791015625 -0.107856750488281
0.0966339111328125 0.0191116333007813 0.0983810424804688 -0.0985031127929688
0.0880661010742188 -0.042266845703125 0.0801162719726562 -0.0681381225585938
0.0374755859375 -0.0585746765136719 0.0637168884277344 -0.0533981323242188
0.0169105529785156 -0.0581550598144531 0.0517196655273438 -0.0226478576660156
-0.0125808715820312 -0.0551948547363281 0.0496139526367188 -0.00177764892578125
-0.0327796936035156 -0.0474090576171875 0.0633583068847656 0.00786590576171875
-0.0335884094238281 -0.0524368286132813 0.0673828125 0.0260162353515625
-0.041290283203125 -0.0538978576660156 0.0683822631835938 0.0616493225097656
-0.019195556640625 -0.0561752319335938 0.0376129150390625 0.102378845214844
0.0012664794921875 -0.0706329345703125 -0.0054779052734375 0.0974960327148438
0.0285873413085938 -0.0752639770507813 -0.039093017578125 0.0590248107910156
0.10205078125 -0.0477066040039063 -0.0298652648925781 0.00555419921874999
0.117851257324219 0.00989532470703125 0.0400848388671875 -0.0412406921386719
0.0991897583007812 0.056304931640625 0.183151245117188 -0.016876220703125
-0.0420303344726562 -0.0775299072265625 -0.186721801757813 0.00457763671875002
-0.0696945190429688 -0.01226806640625 -0.0566558837890625 0.0193748474121094
-0.0590133666992188 0.0359382629394531 0.0269126892089844 -0.0280818939208984
-0.0155029296875 0.0548477172851563 0.0379638671875 -0.080322265625
0.00394439697265625 0.0401115417480469 0.0131607055664063 -0.110054016113281
0.0130176544189453 0.0277595520019531 -0.0414886474609375 -0.12274169921875
0.0084381103515625 0.0266952514648437 -0.0882949829101562 -0.0792694091796875
0.00129318237304688 0.0307331085205078 -0.0824203491210938 -0.0433883666992187
-0.002410888671875 0.0300216674804687 -0.0749893188476563 -0.0167694091796875
-0.0150442123413086 0.0155572891235352 -0.0687637329101563 -0.00667953491210936
-0.0196094512939453 0.00928878784179687 -0.06341552734375 0.0190811157226563
-0.0296630859375 0.00998687744140624 -0.0730438232421875 0.0354843139648437
-0.0452232360839844 -0.0143585205078125 -0.0880203247070313 0.0389022827148438
-0.0444679260253906 -0.0449790954589844 -0.0969619750976563 0.08489990234375
-0.025115966796875 -0.085418701171875 -0.0802230834960938 0.0898590087890625
0.0235671997070312 -0.0858383178710938 -0.182968139648438 -0.0248565673828125
-0.0182533264160156 -0.0248794555664062 -0.0526618957519531 -0.00551605224609375
-0.0149965286254883 0.00673389434814453 0.0316390991210938 -0.0521278381347656
0.00758552551269531 0.0220508575439453 0.034515380859375 -0.0980758666992187
0.0149497985839844 0.00379753112792969 0.0112228393554688 -0.11846923828125
0.00472354888916016 -0.00549459457397461 -0.0439987182617188 -0.127449035644531
-0.0152778625488281 0.000741004943847653 -0.0885009765625 -0.085174560546875
-0.0252361297607422 0.00278472900390625 -0.0790252685546875 -0.0496292114257812
-0.0355453491210938 0.00693511962890626 -0.0719757080078125 -0.0198516845703125
-0.0397758483886719 -0.0142936706542969 -0.0634231567382813 -0.00416946411132812
-0.03515625 -0.0341415405273438 -0.0602493286132812 0.0222244262695313
-0.0288124084472656 -0.0424308776855469 -0.0775833129882813 0.0322036743164063
-0.00459289550781249 -0.0611915588378906 -0.0863571166992188 0.0212783813476562
0.00463104248046876 -0.0755538940429688 -0.0876693725585938 0.0588455200195313
0.0379104614257812 -0.105804443359375 -0.063385009765625 0.0623435974121094
0.086517333984375 -0.0833663940429688 -0.157882690429688 -0.0529937744140625
0.0418739318847656 -0.0335655212402344 -0.0318031311035156 -0.0265159606933594
0.0366973876953125 -0.0306320190429688 0.0476608276367188 -0.07293701171875
0.0315532684326172 -0.0207309722900391 0.03753662109375 -0.114418029785156
0.0231590270996094 -0.0396003723144531 0.0113143920898437 -0.122421264648437
-0.00664520263671875 -0.0414085388183594 -0.0427322387695313 -0.120880126953125
-0.0386428833007813 -0.0270881652832031 -0.0785140991210938 -0.0808334350585938
-0.0488662719726562 -0.0252799987792969 -0.0635528564453125 -0.0482826232910156
-0.0638351440429688 -0.016510009765625 -0.0556755065917969 -0.0189399719238281
-0.0591659545898438 -0.0386466979980469 -0.0468292236328125 0.005096435546875
-0.0480270385742187 -0.0673065185546875 -0.0492401123046875 0.0315437316894531
-0.0301666259765625 -0.082733154296875 -0.07745361328125 0.0348739624023437
0.0271759033203125 -0.0994644165039063 -0.0852584838867188 0.00753021240234375
0.0473556518554688 -0.097564697265625 -0.07568359375 0.0254669189453125
0.0921096801757813 -0.111824035644531 -0.0302772521972656 0.0281829833984375
0.137138366699219 -0.0695266723632813 -0.114738464355469 -0.0760116577148438
0.0997848510742188 -0.0385284423828125 0.000717163085937502 -0.0454940795898437
0.0879669189453125 -0.0694503784179688 0.0680313110351563 -0.087493896484375
0.0518150329589844 -0.0683860778808594 0.045135498046875 -0.122665405273437
0.0250396728515625 -0.0828323364257813 0.0143051147460938 -0.116874694824219
-0.0211181640625 -0.073028564453125 -0.0350494384765625 -0.1025390625
-0.0574722290039063 -0.0503997802734375 -0.05792236328125 -0.0663642883300781
-0.0655517578125 -0.0500373840332031 -0.03839111328125 -0.040130615234375
-0.0812149047851562 -0.0373382568359375 -0.0299930572509766 -0.0126476287841797
-0.06634521484375 -0.0572853088378906 -0.0227184295654297 0.0176773071289062
-0.050506591796875 -0.0896682739257813 -0.0341033935546875 0.0421333312988281
-0.0259857177734375 -0.107635498046875 -0.0728302001953125 0.03948974609375
0.0544052124023438 -0.120529174804688 -0.0821533203125 -0.00290679931640625
0.0825424194335938 -0.103736877441406 -0.0617446899414062 -0.00910949707031252
0.132827758789062 -0.100379943847656 0.0126628875732422 -0.00641632080078126
0.164352416992188 -0.0473785400390625 -0.0591964721679688 -0.0947418212890625
0.140975952148438 -0.0358734130859375 0.03839111328125 -0.0649528503417969
0.125205993652344 -0.0974197387695313 0.0835189819335938 -0.0954513549804688
0.0630111694335938 -0.105720520019531 0.0523605346679688 -0.117965698242187
0.021636962890625 -0.113853454589844 0.0217056274414062 -0.0992355346679688
-0.0332489013671875 -0.0934371948242187 -0.01776123046875 -0.0755081176757812
-0.0697517395019531 -0.0649490356445313 -0.0281028747558594 -0.0456657409667969
-0.0725555419921875 -0.0663833618164063 -0.00843429565429688 -0.0262088775634766
-0.0863113403320313 -0.0542373657226562 -0.000335276126861578 0.000135898590087887
-0.061370849609375 -0.0711288452148438 0.000797271728515619 0.03515625
-0.0409011840820313 -0.1011962890625 -0.0198593139648437 0.0552139282226562
-0.0113525390625 -0.117782592773438 -0.0656547546386719 0.0430335998535156
0.08148193359375 -0.121505737304687 -0.07562255859375 -0.0106964111328125
0.112571716308594 -0.0898666381835938 -0.0434532165527344 -0.0388107299804688
0.156906127929688 -0.070404052734375 0.0608711242675781 -0.0330085754394531
0.161590576171875 -0.018768310546875 -0.00252532958984374 -0.106224060058594
0.15460205078125 -0.025909423828125 0.0715179443359375 -0.0830841064453125
0.137969970703125 -0.102973937988281 0.089447021484375 -0.0952606201171875
0.0635452270507813 -0.118057250976563 0.056304931640625 -0.101127624511719
0.0169601440429688 -0.121177673339844 0.03192138671875 -0.07171630859375
-0.0381240844726563 -0.0963668823242188 0.005950927734375 -0.0442924499511719
-0.0696487426757813 -0.0683059692382812 0.00664710998535156 -0.0237445831298828
-0.0689315795898438 -0.072265625 0.0220603942871094 -0.00786018371582032
-0.0786514282226563 -0.0637054443359375 0.0283374786376953 0.0184974670410156
-0.0472640991210938 -0.0767059326171875 0.01971435546875 0.0572052001953125
-0.0223464965820312 -0.102340698242188 -0.0105934143066406 0.0699539184570313
0.00974273681640625 -0.113143920898438 -0.057769775390625 0.0462760925292969
0.103691101074219 -0.104324340820313 -0.0644073486328125 -0.014007568359375
0.132881164550781 -0.0606155395507812 -0.0173721313476562 -0.0571479797363281
0.16015625 -0.0286865234375 0.109138488769531 -0.0452423095703125
0.130889892578125 0.01263427734375 0.0419158935546875 -0.110519409179687
0.137504577636719 -0.00733184814453125 0.0932464599609375 -0.0956268310546875
0.121871948242188 -0.084197998046875 0.0867538452148438 -0.0847244262695313
0.052520751953125 -0.100875854492187 0.05999755859375 -0.0767059326171875
0.0131378173828125 -0.100563049316406 0.0425338745117187 -0.0440292358398438
-0.0318527221679688 -0.0818099975585938 0.0314388275146484 -0.0173149108886719
-0.0566368103027344 -0.0608406066894531 0.0390434265136719 -0.0049896240234375
-0.0555152893066406 -0.0665245056152344 0.0486068725585938 0.010406494140625
-0.062774658203125 -0.0634346008300781 0.0517196655273438 0.0407447814941406
-0.0312347412109375 -0.0716094970703125 0.0324859619140625 0.0821990966796875
-0.00533294677734375 -0.0905380249023438 -0.00706481933593751 0.0855331420898438
0.0259628295898438 -0.0975265502929687 -0.0497703552246094 0.0515251159667969
0.112075805664063 -0.0766525268554688 -0.0477180480957031 -0.00893783569335938
0.135284423828125 -0.024139404296875 0.0119094848632813 -0.0580291748046875
0.140838623046875 0.016571044921875 0.15130615234375 -0.0392913818359375
0.0800857543945313 0.0448150634765625 0.0681533813476563 -0.105255126953125
0.0970458984375 0.0166397094726563 0.100074768066406 -0.0966567993164063
0.0864410400390625 -0.0444183349609375 0.0810546875 -0.0673065185546875
0.0357017517089844 -0.0580291748046875 0.0650138854980469 -0.0530891418457031
0.0154838562011719 -0.0576705932617188 0.0523643493652344 -0.0224075317382813
-0.012939453125 -0.0538902282714844 0.0506858825683594 -0.000324249267578128
-0.03265380859375 -0.0451316833496094 0.0639877319335938 0.00850296020507812
-0.0340423583984375 -0.0505790710449219 0.0663604736328125 0.026275634765625
-0.0417633056640625 -0.0521011352539063 0.0684547424316406 0.06207275390625
-0.019439697265625 -0.0548286437988281 0.0377120971679688 0.104194641113281
0.000232696533203128 -0.0689239501953125 -0.00618743896484375 0.0998382568359375
0.0271072387695312 -0.073822021484375 -0.0411529541015625 0.0605888366699219
0.10028076171875 -0.0497589111328125 -0.0325183868408203 0.005828857421875
0.117637634277344 0.0074462890625 0.0376510620117188 -0.04144287109375
0.100204467773438 0.05377197265625 0.181320190429688 -0.017578125
-0.0427322387695313 -0.0754852294921875 -0.190200805664063 0.00477600097656248
-0.0697021484375 -0.011810302734375 -0.0571708679199219 0.0198707580566406
-0.0574569702148438 0.0372695922851562 0.0294265747070312 -0.0280704498291016
-0.0129890441894531 0.0545005798339844 0.0407562255859375 -0.0816802978515625
0.005096435546875 0.0394744873046875 0.0164031982421875 -0.113960266113281
0.0123805999755859 0.0269451141357422 -0.0409698486328125 -0.1280517578125
0.00782966613769531 0.0262622833251953 -0.089935302734375 -0.0824127197265625
0.000947952270507814 0.0302333831787109 -0.08465576171875 -0.0451736450195312
-0.00286293029785156 0.0293807983398438 -0.077484130859375 -0.0176010131835938
-0.0153360366821289 0.0145330429077148 -0.0712432861328125 -0.00768280029296874
-0.0194492340087891 0.008026123046875 -0.0661201477050781 0.0192184448242188
-0.0281143188476563 0.00994110107421876 -0.076263427734375 0.0365676879882813
-0.0449981689453125 -0.0132980346679688 -0.0931854248046875 0.03863525390625
-0.0441360473632813 -0.0447463989257813 -0.101661682128906 0.0852203369140625
-0.0266494750976563 -0.085052490234375 -0.08453369140625 0.0902938842773438
0.0239944458007813 -0.0842056274414063 -0.186126708984375 -0.0248870849609375
-0.0166473388671875 -0.0233612060546875 -0.0525360107421875 -0.00467681884765625
-0.0125455856323242 0.00727653503417969 0.0340156555175781 -0.052459716796875
0.0111522674560547 0.0217914581298828 0.0370635986328125 -0.100013732910156
0.0172433853149414 0.00216865539550781 0.0147781372070312 -0.122116088867188
0.00445842742919922 -0.00797080993652344 -0.0432968139648438 -0.131584167480469
-0.0164308547973633 -0.000871658325195315 -0.0902938842773438 -0.0877838134765625
-0.0261383056640625 0.00101280212402344 -0.0808258056640625 -0.050384521484375
-0.0368156433105469 0.00530624389648437 -0.0742416381835938 -0.0199966430664062
-0.0407943725585938 -0.0163726806640625 -0.0666313171386719 -0.00408172607421874
-0.0347824096679688 -0.0366325378417969 -0.0630722045898438 0.0232925415039063
-0.0270423889160156 -0.0440940856933594 -0.0820083618164063 0.03363037109375
-0.0027923583984375 -0.0619583129882812 -0.0919342041015625 0.0209197998046875
0.0067901611328125 -0.0757598876953125 -0.0921249389648437 0.0596771240234375
0.0387725830078125 -0.105888366699219 -0.0673408508300781 0.062591552734375
0.089447021484375 -0.0808868408203125 -0.16070556640625 -0.05206298828125
0.0453987121582031 -0.0318145751953125 -0.0312156677246094 -0.0254230499267578
0.0406723022460938 -0.0300788879394531 0.0501708984375 -0.0731353759765625
0.0358505249023438 -0.0216903686523437 0.04052734375 -0.116264343261719
0.0253486633300781 -0.0416793823242187 0.01385498046875 -0.125205993652344
-0.00617599487304688 -0.0443077087402344 -0.042449951171875 -0.123893737792969
-0.039215087890625 -0.0292930603027344 -0.0803985595703125 -0.0820465087890625
-0.0502204895019531 -0.0279731750488281 -0.0654945373535156 -0.0490264892578125
-0.0652618408203125 -0.0184860229492188 -0.057647705078125 -0.0183525085449219
-0.0597114562988281 -0.0416221618652344 -0.0488853454589844 0.00548553466796875
-0.047882080078125 -0.0708084106445313 -0.0518264770507813 0.0331954956054687
-0.0291900634765625 -0.085296630859375 -0.0819244384765625 0.037353515625
0.030487060546875 -0.101699829101563 -0.0911941528320313 0.0078277587890625
0.0504150390625 -0.0977096557617187 -0.0803146362304688 0.0263214111328125
0.09539794921875 -0.112449645996094 -0.0340328216552734 0.0286426544189453
0.141006469726563 -0.0681304931640625 -0.116607666015625 -0.0746536254882813
0.105133056640625 -0.03643798828125 0.00246429443359376 -0.0438461303710937
0.0926589965820313 -0.0704269409179688 0.0701904296875 -0.088104248046875
0.0563011169433594 -0.07000732421875 0.0475387573242187 -0.123855590820312
0.0271453857421875 -0.0855484008789063 0.0173568725585938 -0.119010925292969
-0.0199813842773438 -0.0770950317382813 -0.0340805053710938 -0.104804992675781
-0.0588226318359375 -0.0531539916992187 -0.0591621398925781 -0.0671272277832031
-0.06744384765625 -0.0526580810546875 -0.03961181640625 -0.0396194458007813
-0.0830001831054687 -0.0394134521484375 -0.0310096740722656 -0.0117321014404297
-0.0671424865722656 -0.0609588623046875 -0.0246772766113281 0.0197849273681641
-0.0505523681640625 -0.093780517578125 -0.0360145568847656 0.0451469421386719
-0.0248947143554688 -0.110939025878906 -0.0768814086914063 0.0424652099609375
0.0581817626953125 -0.124137878417969 -0.08843994140625 -0.00257110595703124
0.0868148803710937 -0.104331970214844 -0.0658226013183594 -0.00890731811523439
0.137733459472656 -0.101409912109375 0.0103683471679688 -0.00622558593750001
0.1685791015625 -0.0464019775390625 -0.0586318969726563 -0.0923538208007812
0.147079467773438 -0.035064697265625 0.0417938232421875 -0.0631523132324219
0.130577087402344 -0.0987167358398438 0.08551025390625 -0.0947418212890625
0.0669097900390625 -0.10784912109375 0.0544662475585938 -0.119171142578125
0.02337646484375 -0.117324829101563 0.0243301391601563 -0.10040283203125
-0.0327606201171875 -0.0967788696289062 -0.0168304443359375 -0.0762710571289063
-0.0704574584960938 -0.0680007934570313 -0.028106689453125 -0.0452308654785156
-0.0746536254882813 -0.068939208984375 -0.00922966003417969 -0.0243854522705078
-0.0880889892578125 -0.0561065673828125 -0.000602364540100103 0.00192975997924804
-0.0619659423828125 -0.07470703125 0.00030517578125 0.0379562377929687
-0.040679931640625 -0.104911804199219 -0.02197265625 0.0586471557617188
-0.0100250244140625 -0.120887756347656 -0.0694541931152344 0.0464820861816406
0.084747314453125 -0.124771118164062 -0.081329345703125 -0.00997924804687499
0.117279052734375 -0.0911483764648438 -0.0463829040527344 -0.0391769409179688
0.162689208984375 -0.0717620849609375 0.0605316162109375 -0.0331954956054688
0.166336059570313 -0.01824951171875 -0.00104522705078125 -0.104225158691406
0.160186767578125 -0.025848388671875 0.0760345458984375 -0.08160400390625
0.142181396484375 -0.105667114257813 0.0920181274414063 -0.0949554443359375
0.0661468505859375 -0.120475769042969 0.0586700439453125 -0.101303100585938
0.0177764892578125 -0.124282836914063 0.0339202880859375 -0.0729598999023438
-0.0382614135742187 -0.0998611450195313 0.00737762451171874 -0.0443267822265625
-0.0705184936523438 -0.0708236694335938 0.00687980651855468 -0.0225582122802734
-0.0708847045898438 -0.073944091796875 0.0221729278564453 -0.00644874572753907
-0.0805740356445312 -0.0652008056640625 0.0286846160888672 0.0206508636474609
-0.0480270385742188 -0.07965087890625 0.0198402404785156 0.0606269836425781
-0.0216751098632813 -0.105010986328125 -0.0119247436523438 0.0741195678710938
0.01080322265625 -0.115997314453125 -0.0612716674804688 0.0500717163085937
0.107109069824219 -0.107131958007813 -0.06842041015625 -0.0131263732910156
0.137420654296875 -0.0613784790039063 -0.0200462341308594 -0.0573692321777344
0.165786743164063 -0.0294952392578125 0.110198974609375 -0.0455245971679687
0.1343994140625 0.012603759765625 0.0457687377929687 -0.108901977539063
0.142471313476563 -0.007843017578125 0.0982666015625 -0.0944671630859375
0.125320434570313 -0.0867843627929687 0.0896148681640625 -0.0850677490234375
0.053619384765625 -0.103050231933594 0.0617904663085938 -0.0774383544921875
0.0131683349609375 -0.103157043457031 0.0442161560058594 -0.0438652038574219
-0.0323257446289063 -0.083343505859375 0.0334873199462891 -0.0163002014160156
-0.05767822265625 -0.0620536804199219 0.0407981872558594 -0.00344085693359375
-0.0572967529296875 -0.0679817199707031 0.048583984375 0.0119667053222656
-0.06427001953125 -0.0644607543945313 0.0531158447265625 0.0431327819824219
-0.0313034057617187 -0.0736541748046875 0.0326766967773437 0.085784912109375
-0.00504302978515624 -0.092254638671875 -0.00835418701171875 0.0902786254882813
0.0269393920898438 -0.0988082885742187 -0.0532951354980469 0.0554237365722656
0.114166259765625 -0.0792388916015625 -0.051605224609375 -0.00875091552734375
0.139404296875 -0.0251083374023438 0.0102806091308594 -0.0578231811523438
0.145706176757812 0.0158538818359375 0.153594970703125 -0.0393829345703125
0.081329345703125 0.0442352294921875 0.0728530883789062 -0.104042053222656
0.0993270874023438 0.0154953002929687 0.104835510253906 -0.0957260131835937
0.0872955322265625 -0.0468368530273437 0.0845260620117188 -0.0666732788085938
0.0357589721679688 -0.0598297119140625 0.0679054260253906 -0.0531044006347656
0.0145072937011719 -0.05950927734375 0.0540924072265625 -0.0226287841796875
-0.0139350891113281 -0.0543899536132813 0.0530204772949219 0.000621795654296872
-0.0325851440429688 -0.045074462890625 0.0659408569335937 0.0102272033691406
-0.0352935791015625 -0.0507698059082031 0.0679168701171875 0.0278358459472656
-0.0423545837402344 -0.0514678955078125 0.0694847106933594 0.06488037109375
-0.0188865661621094 -0.0548820495605469 0.03851318359375 0.108116149902344
0.000839233398437503 -0.0690765380859375 -0.00823211669921874 0.104164123535156
0.0272140502929688 -0.0745162963867187 -0.044525146484375 0.0634803771972656
0.10113525390625 -0.0515289306640625 -0.0355682373046875 0.00619125366210937
0.119270324707031 0.00673675537109375 0.0364418029785156 -0.0411605834960938
0.103874206542969 0.052947998046875 0.18475341796875 -0.016998291015625
-0.0454177856445313 -0.0750045776367188 -0.199234008789063 0.00682067871093746
-0.0719223022460938 -0.00968170166015625 -0.0596885681152344 0.02105712890625
-0.0578804016113281 0.0395584106445313 0.032806396484375 -0.0293674468994141
-0.0102195739746094 0.0557327270507813 0.0444869995117188 -0.0863571166992188
0.00666046142578125 0.039276123046875 0.0180282592773438 -0.121116638183594
0.0119819641113281 0.0259876251220703 -0.0439682006835938 -0.135955810546875
0.00778961181640625 0.0263042449951172 -0.0952911376953125 -0.085968017578125
0.00152397155761719 0.0308341979980469 -0.0892181396484375 -0.0470123291015625
-0.00322914123535156 0.0298900604248047 -0.0820159912109375 -0.0180511474609375
-0.0159587860107422 0.0135374069213867 -0.0767440795898438 -0.00725555419921876
-0.0196628570556641 0.0074615478515625 -0.0709686279296875 0.0211029052734375
-0.0278644561767578 0.0108089447021484 -0.0816802978515625 0.0388717651367188
-0.0460205078125 -0.0126266479492188 -0.1007080078125 0.0402984619140625
-0.0459556579589844 -0.0443191528320313 -0.108070373535156 0.0893707275390625
-0.0296478271484375 -0.0861053466796875 -0.0909271240234375 0.0941009521484375
0.02496337890625 -0.084381103515625 -0.195037841796875 -0.02349853515625
-0.0156021118164063 -0.0225734710693359 -0.0542488098144531 -0.00360488891601562
-0.0101833343505859 0.00797843933105469 0.0373306274414063 -0.0540122985839844
0.0150413513183594 0.0215396881103516 0.0406036376953125 -0.104698181152344
0.0193061828613281 3.814697265625E-05 0.0165328979492188 -0.128990173339844
0.0044708251953125 -0.0104236602783203 -0.0456314086914062 -0.139007568359375
-0.0172576904296875 -0.00279998779296875 -0.0956497192382812 -0.0911941528320313
-0.0276050567626953 0.000101089477539064 -0.08612060546875 -0.052001953125
-0.0387382507324219 0.00430297851562499 -0.0791854858398437 -0.0198898315429688
-0.0427131652832031 -0.0187568664550781 -0.0712356567382813 -0.00325012207031251
-0.0363960266113281 -0.0398483276367188 -0.0675621032714844 0.025665283203125
-0.0270843505859375 -0.0463752746582031 -0.0875396728515625 0.0368194580078125
-0.00113296508789062 -0.0639686584472656 -0.0997161865234375 0.0228118896484375
0.007659912109375 -0.0777053833007813 -0.0984573364257813 0.0629043579101563
0.0398788452148438 -0.10931396484375 -0.0736846923828125 0.065643310546875
0.094146728515625 -0.0819244384765625 -0.16766357421875 -0.0504913330078125
0.049835205078125 -0.0319938659667969 -0.0315780639648438 -0.0244178771972656
0.045440673828125 -0.0311622619628906 0.0535812377929688 -0.0754318237304688
0.0406875610351563 -0.024261474609375 0.0429000854492188 -0.121849060058594
0.0279617309570313 -0.0457611083984375 0.0161972045898438 -0.132156372070313
-0.00620269775390625 -0.0488395690917969 -0.0442962646484375 -0.1307373046875
-0.0414810180664063 -0.0322418212890625 -0.08489990234375 -0.0845260620117188
-0.0533180236816406 -0.0305061340332031 -0.0697555541992188 -0.0496978759765625
-0.0688095092773438 -0.02032470703125 -0.0615043640136719 -0.0171279907226563
-0.0632705688476563 -0.0450859069824219 -0.053375244140625 0.00748825073242188
-0.0509033203125 -0.0762939453125 -0.0554618835449219 0.0366592407226562
-0.0290451049804688 -0.0908584594726562 -0.0878143310546875 0.0418243408203125
0.0328903198242188 -0.107109069824219 -0.09942626953125 0.00937652587890625
0.0541915893554687 -0.101493835449219 -0.0870590209960938 0.028839111328125
0.0997238159179688 -0.117584228515625 -0.0380096435546875 0.0299873352050781
0.148773193359375 -0.0698699951171875 -0.120079040527344 -0.0737991333007813
0.112548828125 -0.0375213623046875 0.00421142578125001 -0.0437736511230469
0.0994491577148437 -0.073638916015625 0.07379150390625 -0.0905380249023438
0.0612258911132813 -0.0745849609375 0.0497665405273437 -0.129302978515625
0.0294189453125 -0.0919265747070313 0.0188827514648437 -0.125541687011719
-0.020355224609375 -0.0824813842773438 -0.0350265502929688 -0.110427856445313
-0.0620689392089844 -0.0574226379394531 -0.0619354248046875 -0.0681190490722656
-0.0714340209960937 -0.0558090209960938 -0.0426445007324219 -0.0401077270507813
-0.0872955322265625 -0.0422286987304688 -0.0336246490478516 -0.0100746154785156
-0.0709152221679688 -0.0657806396484375 -0.0267162322998047 0.0222396850585937
-0.0531692504882812 -0.099609375 -0.0383377075195312 0.0494499206542969
-0.0255508422851562 -0.11785888671875 -0.0828628540039062 0.0480880737304688
0.0617599487304688 -0.131256103515625 -0.0969161987304688 -0.0010986328125
0.0923233032226563 -0.109085083007813 -0.0716018676757812 -0.00774383544921875
0.144821166992188 -0.106414794921875 0.00838756561279298 -0.00592231750488282
0.178543090820313 -0.04864501953125 -0.06036376953125 -0.0931777954101563
0.157196044921875 -0.0374298095703125 0.0453300476074219 -0.0643577575683594
0.13763427734375 -0.105445861816406 0.08984375 -0.0985031127929688
0.0718917846679688 -0.114509582519531 0.05657958984375 -0.123863220214844
0.0246734619140625 -0.124359130859375 0.0258865356445312 -0.106216430664063
-0.0338973999023438 -0.103157043457031 -0.0162734985351562 -0.0794448852539063
-0.074432373046875 -0.0723114013671875 -0.0297927856445313 -0.0456161499023438
-0.0804901123046875 -0.07208251953125 -0.0106525421142578 -0.0244922637939453
-0.0930252075195312 -0.059112548828125 -0.0013117790222168 0.00337123870849609
-0.065399169921875 -0.0792465209960937 5.72204589843672E-05 0.0415573120117187
-0.0426177978515625 -0.111312866210937 -0.0235939025878906 0.0638580322265625
-0.01007080078125 -0.127731323242188 -0.075439453125 0.05242919921875
0.0896453857421875 -0.133331298828125 -0.0894393920898438 -0.00878906250000002
0.124565124511719 -0.095672607421875 -0.0512542724609375 -0.0394363403320312
0.171875 -0.0764617919921875 0.0606765747070313 -0.0345344543457031
0.175872802734375 -0.020538330078125 0.000839233398437508 -0.105354309082031
0.170181274414063 -0.0288238525390625 0.0813369750976563 -0.0830001831054688
0.149169921875 -0.113189697265625 0.0956268310546875 -0.097869873046875
0.0695571899414063 -0.126960754394531 0.0612716674804688 -0.105560302734375
0.0175704956054688 -0.131645202636719 0.0360794067382813 -0.0764389038085938
-0.0405120849609375 -0.105461120605469 0.00954818725585937 -0.0450668334960938
-0.0742721557617188 -0.0737152099609375 0.00861930847167968 -0.0221138000488281
-0.0758743286132813 -0.0777130126953125 0.0224571228027344 -0.005950927734375
-0.0848388671875 -0.0681076049804688 0.0297527313232422 0.0230426788330078
-0.0497360229492187 -0.08465576171875 0.0217361450195312 0.0653457641601562
-0.0228424072265625 -0.110595703125 -0.0131759643554688 0.0806655883789063
0.0113754272460938 -0.121864318847656 -0.0668449401855469 0.0557746887207031
0.111976623535156 -0.114280700683594 -0.0756149291992187 -0.0124588012695313
0.14471435546875 -0.0657958984375 -0.0237922668457031 -0.0590744018554688
0.175262451171875 -0.0325927734375 0.113143920898438 -0.0481338500976563
0.141891479492188 0.01177978515625 0.0501174926757813 -0.111106872558594
0.150772094726563 -0.01171875 0.10467529296875 -0.0968551635742187
0.130119323730469 -0.0932388305664063 0.0939407348632813 -0.0874176025390625
0.0548934936523437 -0.108230590820313 0.065032958984375 -0.08038330078125
0.012451171875 -0.10882568359375 0.0475921630859375 -0.04595947265625
-0.0342483520507812 -0.0879440307617188 0.0372314453125 -0.0165481567382813
-0.0601921081542969 -0.0644683837890625 0.0441551208496094 -0.00251007080078125
-0.0611305236816406 -0.0701408386230469 0.0507850646972656 0.0134658813476562
-0.0676155090332031 -0.066497802734375 0.0559577941894531 0.0465965270996094
-0.0328826904296875 -0.077239990234375 0.0353927612304687 0.0917739868164063
-0.00598907470703125 -0.0966720581054688 -0.00922393798828126 0.0973129272460938
0.02728271484375 -0.1036376953125 -0.0576286315917969 0.0607109069824219
0.118995666503906 -0.0851211547851562 -0.0574455261230469 -0.00810241699218751
0.146102905273437 -0.0283966064453125 0.00822448730468751 -0.0605506896972656
0.154464721679688 0.01422119140625 0.159515380859375 -0.0421142578125
0.086090087890625 0.044677734375 0.078704833984375 -0.106727600097656
0.105094909667969 0.0137863159179687 0.112289428710938 -0.0999755859375
0.090576171875 -0.05145263671875 0.0895462036132812 -0.0693740844726563
0.0358047485351562 -0.0621337890625 0.0717315673828125 -0.056549072265625
0.0135078430175781 -0.0626068115234375 0.0576133728027344 -0.0235443115234375
-0.0154495239257812 -0.0566139221191406 0.0579643249511719 0.00108718872070312
-0.0342636108398438 -0.0460395812988281 0.0697746276855469 0.0106086730957031
-0.0377159118652344 -0.0519676208496094 0.0716323852539063 0.0297164916992188
-0.0442771911621094 -0.0522575378417969 0.07342529296875 0.0683364868164063
-0.0194740295410156 -0.0572319030761719 0.04180908203125 0.115043640136719
0.000213623046875 -0.070953369140625 -0.0093231201171875 0.111518859863281
0.02752685546875 -0.0771408081054688 -0.0481758117675781 0.0691413879394531
0.10418701171875 -0.0555419921875 -0.0400199890136719 0.00710296630859374
0.1253662109375 0.00473785400390625 0.0357704162597656 -0.0435752868652344
0.109054565429687 0.05328369140625 0.191558837890625 -0.0189971923828125
-0.049774169921875 -0.07452392578125 -0.210235595703125 0.0146484375
-0.0752410888671875 -0.00624847412109377 -0.0617408752441406 0.0249443054199219
-0.0578079223632813 0.0439338684082031 0.0360832214355469 -0.0318336486816406
-0.0064239501953125 0.0573844909667969 0.0464096069335937 -0.0930557250976563
0.00959014892578125 0.0393829345703125 0.0173263549804688 -0.130661010742187
0.0127944946289063 0.0253829956054688 -0.050750732421875 -0.143783569335938
0.00802993774414063 0.0266075134277344 -0.104148864746094 -0.0887298583984375
0.00275993347167969 0.0313796997070313 -0.096710205078125 -0.0470733642578125
-0.00158309936523438 0.0300769805908203 -0.0886001586914062 -0.0158157348632813
-0.0169219970703125 0.0137395858764648 -0.0833206176757813 -0.0054473876953125
-0.0202674865722656 0.00728988647460938 -0.0754165649414063 0.0245513916015625
-0.0271587371826172 0.0116539001464844 -0.086395263671875 0.0444183349609375
-0.0470428466796875 -0.010406494140625 -0.10772705078125 0.0459442138671875
-0.0493049621582031 -0.0445671081542969 -0.113296508789063 0.0972900390625
-0.0351028442382812 -0.087646484375 -0.096099853515625 0.101188659667969
0.0250091552734375 -0.086395263671875 -0.206024169921875 -0.0153656005859375
-0.0155086517333984 -0.0213756561279297 -0.0571556091308594 -0.00107574462890626
-0.00750350952148438 0.00889015197753906 0.0393142700195313 -0.0577507019042969
0.0194606781005859 0.0201225280761719 0.0409622192382813 -0.111785888671875
0.0222053527832031 -0.00240516662597656 0.0151596069335938 -0.138328552246094
0.00435638427734375 -0.0131998062133789 -0.0527801513671875 -0.147476196289062
-0.0188274383544922 -0.00390625 -0.103294372558594 -0.0929641723632813
-0.0291290283203125 7.82012939453146E-05 -0.0927047729492188 -0.0511703491210938
-0.0410804748535156 0.00431823730468749 -0.0857009887695313 -0.0176544189453125
-0.0463104248046875 -0.0203208923339844 -0.0778961181640625 -0.000373840332031253
-0.0398216247558594 -0.0430068969726563 -0.072418212890625 0.029998779296875
-0.0282363891601563 -0.0494728088378906 -0.0932083129882813 0.0437164306640625
-0.00140380859375 -0.0675926208496094 -0.108299255371094 0.0272674560546875
0.0075531005859375 -0.080902099609375 -0.104736328125 0.07025146484375
0.0385894775390625 -0.114509582519531 -0.0783233642578125 0.0714950561523437
0.09814453125 -0.0864791870117188 -0.17779541015625 -0.045013427734375
0.0546455383300781 -0.0333709716796875 -0.0327167510986328 -0.023101806640625
0.0495567321777344 -0.0350685119628906 0.0554962158203125 -0.0808868408203125
0.0452384948730469 -0.0284614562988281 0.0429229736328125 -0.129287719726563
0.0301856994628906 -0.051025390625 0.013946533203125 -0.140945434570313
-0.00765228271484376 -0.0536575317382813 -0.0501861572265625 -0.137565612792969
-0.0451240539550781 -0.0352973937988281 -0.0919723510742188 -0.0857772827148438
-0.058013916015625 -0.0311203002929688 -0.0754013061523438 -0.049102783203125
-0.07415771484375 -0.020538330078125 -0.0666847229003906 -0.014892578125
-0.0687942504882813 -0.0476646423339844 -0.0573768615722656 0.0109024047851563
-0.0556869506835938 -0.0810775756835938 -0.0588836669921875 0.0417137145996094
-0.0324630737304688 -0.0959014892578125 -0.093048095703125 0.0499725341796875
0.0325927734375 -0.114768981933594 -0.108451843261719 0.013916015625
0.0555496215820313 -0.108345031738281 -0.0933609008789063 0.0338668823242187
0.101943969726563 -0.126724243164063 -0.0423965454101563 0.0334396362304688
0.156448364257813 -0.0763397216796875 -0.128341674804688 -0.0703048706054687
0.120895385742188 -0.0426712036132813 0.00445175170898438 -0.044281005859375
0.104621887207031 -0.0821075439453125 0.0757827758789063 -0.0968399047851563
0.0652084350585938 -0.0818023681640625 0.0496978759765625 -0.137611389160156
0.0292587280273438 -0.0997695922851563 0.0173110961914063 -0.13385009765625
-0.0238265991210938 -0.088836669921875 -0.0395050048828125 -0.115081787109375
-0.0677757263183594 -0.0600013732910156 -0.0671424865722656 -0.0686264038085938
-0.0784454345703125 -0.0571670532226563 -0.0470123291015625 -0.0392875671386719
-0.0949325561523437 -0.0426254272460938 -0.0365676879882813 -0.00779342651367188
-0.0775070190429687 -0.0689926147460938 -0.0285968780517578 0.0261573791503906
-0.0600967407226563 -0.105430603027344 -0.0403556823730469 0.0558433532714844
-0.0300216674804688 -0.124526977539062 -0.0876998901367188 0.056732177734375
0.0622406005859375 -0.1422119140625 -0.106536865234375 0.00373840332031247
0.0960769653320313 -0.117889404296875 -0.07855224609375 -0.00445556640625002
0.151229858398438 -0.117630004882813 0.00626087188720704 -0.00629901885986329
0.188568115234375 -0.0556793212890625 -0.06463623046875 -0.0922393798828125
0.16766357421875 -0.0446624755859375 0.0479583740234375 -0.0661163330078125
0.143966674804688 -0.116989135742188 0.092529296875 -0.105339050292969
0.0735092163085938 -0.124122619628906 0.0563125610351563 -0.132125854492188
0.0222396850585938 -0.133811950683594 0.024932861328125 -0.112098693847656
-0.0389480590820312 -0.109817504882813 -0.0188522338867188 -0.0828781127929688
-0.0806121826171875 -0.0750961303710937 -0.0318145751953125 -0.045745849609375
-0.0875930786132813 -0.0744781494140625 -0.0122184753417969 -0.0238075256347656
-0.10113525390625 -0.059295654296875 -0.00203466415405274 0.00565671920776367
-0.0714569091796875 -0.0832138061523437 0.00144195556640624 0.0457725524902344
-0.0487518310546875 -0.117698669433594 -0.0230865478515625 0.0709609985351562
-0.0142059326171875 -0.135726928710937 -0.0794296264648438 0.0616378784179687
0.0908203125 -0.145401000976563 -0.0988616943359375 -0.00500488281250003
0.130035400390625 -0.105400085449219 -0.05810546875 -0.0390472412109375
0.180313110351563 -0.0875396728515625 0.0609970092773438 -0.0386276245117188
0.186965942382813 -0.0274810791015625 -0.000717163085937493 -0.107597351074219
0.181503295898437 -0.0374755859375 0.0854644775390625 -0.0880126953125
0.15472412109375 -0.126358032226562 0.0996932983398438 -0.104911804199219
0.0699844360351562 -0.137611389160156 0.0619964599609375 -0.11212158203125
0.0138702392578125 -0.140655517578125 0.0362701416015625 -0.081268310546875
-0.0455398559570313 -0.110801696777344 0.0102958679199219 -0.0474052429199219
-0.0805816650390625 -0.0761871337890625 0.00915145874023437 -0.0224971771240234
-0.0841293334960937 -0.0790634155273438 0.0230369567871094 -0.00558280944824219
-0.0920562744140625 -0.0684432983398438 0.0320243835449219 0.0250568389892578
-0.0551681518554688 -0.0887069702148438 0.0255699157714844 0.0700798034667969
-0.0278472900390625 -0.117019653320312 -0.01141357421875 0.0879669189453125
0.00899505615234376 -0.130088806152344 -0.07012939453125 0.0652275085449219
0.114875793457031 -0.126663208007813 -0.0841903686523438 -0.00942993164062499
0.151748657226563 -0.0746002197265625 -0.0295600891113281 -0.0612411499023438
0.1859130859375 -0.042083740234375 0.115913391113281 -0.0540847778320313
0.151473999023438 0.006378173828125 0.051849365234375 -0.115890502929688
0.160049438476563 -0.01898193359375 0.110260009765625 -0.104209899902344
0.134544372558594 -0.105514526367187 0.0984649658203125 -0.0940170288085938
0.0539779663085937 -0.11602783203125 0.067230224609375 -0.0858993530273438
0.0086669921875 -0.115592956542969 0.0492935180664063 -0.0496177673339844
-0.0395736694335938 -0.0917892456054688 0.0402755737304688 -0.0176010131835938
-0.0656929016113281 -0.0659332275390625 0.0474090576171875 -0.00313949584960938
-0.06756591796875 -0.070831298828125 0.0546684265136719 0.0133056640625
-0.0740127563476563 -0.0665817260742187 0.0598678588867188 0.0481529235839844
-0.0363235473632812 -0.0806808471679687 0.0415802001953125 0.09674072265625
-0.0087738037109375 -0.101768493652344 -0.00716400146484375 0.105659484863281
0.0253829956054687 -0.10955810546875 -0.0609779357910156 0.0692520141601562
0.122390747070313 -0.095245361328125 -0.064178466796875 -0.00576019287109377
0.154144287109375 -0.035491943359375 0.00392150878906252 -0.0632438659667969
0.16448974609375 0.0082855224609375 0.165130615234375 -0.04974365234375
0.0931625366210938 0.0430450439453125 0.0825958251953125 -0.113136291503906
0.111793518066406 0.00856781005859375 0.117713928222656 -0.107597351074219
0.092529296875 -0.0593719482421875 0.0943679809570313 -0.074920654296875
0.0351486206054688 -0.0668716430664063 0.0757827758789063 -0.060821533203125
0.010833740234375 -0.066009521484375 0.060638427734375 -0.0269279479980469
-0.0186920166015625 -0.0596847534179688 0.0628089904785156 0.000129699707031246
-0.0372657775878906 -0.0465621948242187 0.0754013061523438 0.00923919677734375
-0.0419082641601562 -0.0527000427246094 0.0759124755859375 0.0301284790039062
-0.0487709045410156 -0.0525321960449219 0.0799331665039063 0.0706787109375
-0.0220718383789062 -0.0589256286621094 0.0489959716796875 0.121391296386719
-0.0021514892578125 -0.0738906860351563 -0.00673675537109374 0.12091064453125
0.0256576538085938 -0.0810928344726563 -0.0513229370117187 0.0773162841796875
0.106239318847656 -0.063079833984375 -0.0446701049804688 0.0096282958984375
0.131309509277344 -0.00116729736328125 0.0339622497558594 -0.0466156005859375
0.117835998535156 0.0504684448242187 0.200958251953125 -0.0264434814453125
-0.0553131103515625 -0.0704727172851563 -0.217056274414063 0.028289794921875
-0.0776214599609375 -0.00101470947265625 -0.0624198913574219 0.0300064086914062
-0.0560989379882813 0.0486106872558594 0.0376434326171875 -0.035675048828125
-0.001678466796875 0.0574951171875 0.0452957153320312 -0.100143432617187
0.0128707885742188 0.0385055541992188 0.0120391845703125 -0.139389038085938
0.0138130187988281 0.0245342254638672 -0.061614990234375 -0.149765014648438
0.00919342041015625 0.0257377624511719 -0.11383056640625 -0.0867233276367187
0.00441932678222657 0.0309772491455078 -0.104255676269531 -0.0436859130859375
-0.000873565673828124 0.0302734375 -0.093780517578125 -0.01153564453125
-0.0174341201782227 0.0141439437866211 -0.0891647338867187 -0.00133514404296874
-0.0206317901611328 0.00684356689453125 -0.0787582397460938 0.0302200317382813
-0.0262699127197266 0.0128154754638672 -0.089569091796875 0.0516281127929687
-0.047454833984375 -0.00747299194335937 -0.112762451171875 0.053436279296875
-0.0525970458984375 -0.0420684814453125 -0.114753723144531 0.107505798339844
-0.04217529296875 -0.0863494873046875 -0.0972747802734375 0.110137939453125
0.0223770141601563 -0.0879592895507813 -0.21435546875 -0.00257873535156247
-0.0148868560791016 -0.0195350646972656 -0.0584335327148438 0.00315475463867187
-0.00522041320800781 0.00950908660888672 0.0393257141113281 -0.0623893737792969
0.02410888671875 0.0171966552734375 0.0381240844726563 -0.118782043457031
0.0238666534423828 -0.00657272338867188 0.00927734374999999 -0.146255493164063
0.00310707092285156 -0.0159826278686523 -0.0634002685546875 -0.15179443359375
-0.0206508636474609 -0.00494766235351563 -0.113296508789063 -0.0907363891601563
-0.0312118530273437 3.81469726562431E-05 -0.100334167480469 -0.0475845336914062
-0.0429458618164063 0.00553512573242187 -0.0905532836914062 -0.0125045776367188
-0.0501327514648438 -0.0200958251953125 -0.0830307006835938 0.00517272949218752
-0.0440444946289063 -0.0441818237304687 -0.0748443603515625 0.0363616943359375
-0.0308151245117187 -0.0510025024414063 -0.0964584350585938 0.0522689819335938
-0.00386810302734374 -0.0703887939453125 -0.11480712890625 0.0352783203125
0.00514221191406251 -0.08392333984375 -0.107742309570312 0.07867431640625
0.0337753295898438 -0.119338989257813 -0.0804901123046875 0.0788650512695312
0.09954833984375 -0.0931015014648438 -0.186172485351562 -0.03338623046875
0.0576744079589844 -0.0365333557128906 -0.0343761444091797 -0.0205516815185547
0.0525054931640625 -0.0394859313964844 0.0541152954101563 -0.086181640625
0.0481758117675781 -0.0343170166015625 0.0391082763671875 -0.136451721191406
0.0295906066894531 -0.0575218200683594 0.00830078124999999 -0.148696899414063
-0.0112991333007813 -0.0577049255371094 -0.0600128173828125 -0.141632080078125
-0.0498847961425781 -0.0357437133789063 -0.0997085571289063 -0.0832672119140625
-0.0629768371582031 -0.03094482421875 -0.0821762084960938 -0.0456085205078125
-0.0793075561523438 -0.018402099609375 -0.0712509155273438 -0.0105667114257812
-0.0749359130859375 -0.0474166870117188 -0.0602912902832031 0.0156593322753906
-0.0633544921875 -0.08306884765625 -0.0601119995117188 0.0487709045410156
-0.0384063720703125 -0.0995559692382813 -0.096282958984375 0.0595626831054687
0.0291976928710938 -0.122970581054688 -0.116607666015625 0.0224380493164062
0.0540313720703125 -0.115249633789062 -0.097442626953125 0.041656494140625
0.0999679565429688 -0.136680603027344 -0.04498291015625 0.0369148254394531
0.161163330078125 -0.0863037109375 -0.135406494140625 -0.0618743896484375
0.126541137695313 -0.05108642578125 0.00416946411132813 -0.0436134338378906
0.10723876953125 -0.0919418334960938 0.0743942260742188 -0.103294372558594
0.0652008056640625 -0.0906829833984375 0.0447235107421875 -0.145034790039063
0.0264434814453125 -0.107475280761719 0.01153564453125 -0.140464782714844
-0.029388427734375 -0.0941925048828125 -0.0471878051757813 -0.1181640625
-0.0734710693359375 -0.0607757568359375 -0.0729217529296875 -0.0662612915039063
-0.0864486694335938 -0.0561676025390625 -0.0513687133789063 -0.03656005859375
-0.102210998535156 -0.0394363403320313 -0.0389823913574219 -0.00445175170898438
-0.0852890014648438 -0.0694122314453125 -0.0286407470703125 0.0303211212158203
-0.0685882568359375 -0.108757019042969 -0.0394134521484375 0.0624465942382813
-0.0372314453125 -0.129539489746094 -0.0897903442382813 0.06781005859375
0.057525634765625 -0.153701782226563 -0.114913940429688 0.0117874145507812
0.0958786010742188 -0.127754211425781 -0.0847625732421875 0.000915527343749974
0.152023315429688 -0.131240844726563 0.00316333770751954 -0.00643968582153321
0.1951904296875 -0.068603515625 -0.0700531005859375 -0.0871963500976563
0.174758911132813 -0.056976318359375 0.0479850769042969 -0.0693817138671875
0.144546508789063 -0.131240844726563 0.0913772583007813 -0.112869262695313
0.0713119506835938 -0.134323120117188 0.05206298828125 -0.139289855957031
0.015777587890625 -0.142562866210938 0.0204925537109375 -0.118766784667969
-0.046722412109375 -0.114753723144531 -0.0235061645507813 -0.0851058959960938
-0.0885162353515625 -0.0752639770507813 -0.0347404479980469 -0.0445823669433594
-0.0969390869140625 -0.0725555419921875 -0.0140666961669922 -0.0222129821777344
-0.108657836914062 -0.0571136474609375 -0.00237607955932618 0.00770187377929687
-0.0796432495117187 -0.084686279296875 0.00408554077148438 0.0488510131835937
-0.0573883056640625 -0.121513366699219 -0.0213088989257813 0.0773696899414063
-0.0212554931640625 -0.141830444335938 -0.08056640625 0.0725326538085938
0.0865478515625 -0.15838623046875 -0.106765747070312 0.00244903564453125
0.131637573242188 -0.117576599121094 -0.0651741027832031 -0.0360221862792969
0.18487548828125 -0.102630615234375 0.058685302734375 -0.0428199768066406
0.195205688476563 -0.0395355224609375 -0.00291442871093748 -0.107749938964844
0.188949584960938 -0.0511474609375 0.08648681640625 -0.0944671630859375
0.153976440429688 -0.142547607421875 0.0986099243164063 -0.113265991210938
0.065826416015625 -0.147705078125 0.0582427978515625 -0.119613647460937
0.00585937499999999 -0.14801025390625 0.0340728759765625 -0.0862808227539063
-0.0539703369140625 -0.114456176757813 0.00960159301757812 -0.0496368408203125
-0.0879898071289063 -0.0757064819335937 0.0100517272949219 -0.0229282379150391
-0.0925064086914063 -0.0773696899414062 0.0240364074707031 -0.00522804260253907
-0.100875854492188 -0.0659408569335938 0.0345439910888672 0.0260276794433594
-0.0627212524414063 -0.090362548828125 0.0310287475585938 0.0730133056640625
-0.0354385375976563 -0.121498107910156 -0.00755310058593751 0.0950088500976562
0.00270080566406249 -0.136375427246094 -0.0710220336914063 0.0753707885742187
0.112617492675781 -0.139717102050781 -0.0915756225585937 -0.00295257568359378
0.155059814453125 -0.0877227783203125 -0.0365104675292969 -0.0601081848144531
0.19232177734375 -0.0560302734375 0.11553955078125 -0.0627899169921875
0.160110473632813 -0.003387451171875 0.0509185791015625 -0.120292663574219
0.16693115234375 -0.031036376953125 0.111167907714844 -0.113151550292969
0.133369445800781 -0.120109558105469 0.098175048828125 -0.102249145507813
0.0491943359375 -0.124542236328125 0.0657272338867188 -0.0927581787109375
0.00124359130859375 -0.120697021484375 0.0488395690917969 -0.0543327331542969
-0.0469512939453125 -0.09326171875 0.0422897338867188 -0.0204544067382813
-0.0716094970703125 -0.065216064453125 0.0510711669921875 -0.0052642822265625
-0.0748977661132812 -0.06964111328125 0.0572891235351562 0.0126228332519531
-0.0803146362304688 -0.0644912719726562 0.0652008056640625 0.0479507446289062
-0.0419921875 -0.0827484130859375 0.0489959716796875 0.0999984741210938
-0.0142974853515625 -0.105499267578125 -0.0017852783203125 0.113716125488281
0.02105712890625 -0.115234375 -0.0608673095703125 0.0787887573242187
0.121002197265625 -0.107475280761719 -0.069976806640625 -0.000923156738281259
0.15863037109375 -0.047332763671875 -0.00135040283203125 -0.0651321411132813
0.172943115234375 -0.003082275390625 0.167724609375 -0.0607147216796875
0.099517822265625 0.0376434326171875 0.0837631225585937 -0.120246887207031
0.116897583007813 0.00060272216796875 0.1190185546875 -0.117790222167969
0.0914382934570313 -0.068756103515625 0.096221923828125 -0.0825271606445313
0.0314483642578125 -0.07147216796875 0.0763320922851563 -0.0677261352539063
0.00632095336914063 -0.0697288513183594 0.0624160766601562 -0.0317878723144531
-0.0229682922363281 -0.0596733093261719 0.0670661926269531 -0.00352859497070313
-0.0405807495117188 -0.0455322265625 0.080718994140625 0.0056304931640625
-0.0462150573730469 -0.0507431030273438 0.08013916015625 0.0272674560546875
-0.0530548095703125 -0.0503311157226563 0.0874481201171875 0.0703277587890625
-0.0258979797363281 -0.0595588684082031 0.0583953857421875 0.124282836914063
-0.00611114501953124 -0.0769577026367188 -0.00111389160156251 0.128822326660156
0.0219497680664062 -0.084930419921875 -0.0501480102539062 0.0858840942382813
0.104804992675781 -0.0726165771484375 -0.0490951538085938 0.0130157470703125
0.135688781738281 -0.0100860595703125 0.03094482421875 -0.0501670837402344
0.125831604003906 0.0433273315429688 0.205963134765625 -0.03948974609375
-0.0589065551757813 -0.0655326843261719 -0.217300415039063 0.042510986328125
-0.077117919921875 0.00448608398437499 -0.0607719421386719 0.0346946716308594
-0.0517463684082031 0.0527877807617187 0.0384597778320313 -0.0385971069335938
0.00316238403320312 0.055816650390625 0.0420684814453125 -0.105171203613281
0.015594482421875 0.0367279052734375 0.00505065917968749 -0.144744873046875
0.0141162872314453 0.0237483978271484 -0.0718841552734375 -0.150558471679688
0.0101070404052734 0.0247688293457031 -0.120887756347656 -0.0818405151367188
0.00639533996582032 0.02984619140625 -0.108245849609375 -0.0374984741210938
0.000339508056640626 0.0298709869384766 -0.097137451171875 -0.00576019287109373
-0.0177345275878906 0.0142135620117188 -0.0929946899414063 0.00491333007812501
-0.0206851959228516 0.00690460205078125 -0.0801162719726563 0.0360641479492187
-0.0244693756103516 0.0132312774658203 -0.089080810546875 0.0578994750976563
-0.0469627380371094 -0.00458526611328126 -0.1136474609375 0.0611038208007812
-0.0546340942382813 -0.0387458801269531 -0.112236022949219 0.115684509277344
-0.0479812622070313 -0.0823287963867187 -0.0955429077148438 0.1171875
0.0199661254882813 -0.087921142578125 -0.21630859375 0.011871337890625
-0.0138149261474609 -0.0179100036621094 -0.0579147338867188 0.00796127319335937
-0.00193405151367187 0.0101871490478516 0.0382881164550781 -0.0652542114257812
0.0276432037353516 0.0140533447265625 0.033721923828125 -0.123001098632813
0.0245914459228516 -0.0103569030761719 0.00277709960937499 -0.151046752929688
0.00162315368652344 -0.0182895660400391 -0.0731353759765625 -0.152511596679687
-0.0220508575439453 -0.00536346435546875 -0.120269775390625 -0.0851287841796875
-0.0322151184082031 0.000551223754882816 -0.105171203613281 -0.041717529296875
-0.0442543029785156 0.00684738159179687 -0.093902587890625 -0.00618743896484374
-0.0531692504882812 -0.0190391540527344 -0.085418701171875 0.010986328125
-0.0475273132324219 -0.0441932678222656 -0.0754928588867187 0.0421905517578125
-0.0330619812011719 -0.05133056640625 -0.095977783203125 0.06036376953125
-0.006561279296875 -0.0719070434570313 -0.117393493652344 0.0435333251953125
0.00197601318359374 -0.0843276977539063 -0.106208801269531 0.0871124267578125
0.0275497436523437 -0.121368408203125 -0.0799713134765625 0.0848617553710938
0.0980453491210937 -0.097991943359375 -0.188812255859375 -0.0200042724609375
0.0593490600585937 -0.03973388671875 -0.0341529846191406 -0.0171146392822266
0.0541725158691406 -0.0435714721679688 0.0514678955078125 -0.0899505615234375
0.0492591857910156 -0.0395927429199219 0.0331802368164062 -0.140213012695313
0.0277976989746094 -0.0625228881835937 0.000503540039062492 -0.152740478515625
-0.0153694152832031 -0.0608673095703125 -0.0691375732421875 -0.14117431640625
-0.0535163879394531 -0.0352935791015625 -0.105934143066406 -0.0785980224609375
-0.0672874450683594 -0.0286636352539063 -0.0855941772460937 -0.0392913818359375
-0.082305908203125 -0.0153274536132812 -0.073455810546875 -0.00454711914062499
-0.0800933837890625 -0.045257568359375 -0.0614891052246094 0.0215530395507812
-0.0694503784179687 -0.0828475952148438 -0.0593757629394531 0.0540962219238281
-0.0438308715820312 -0.100372314453125 -0.0950927734375 0.069427490234375
0.023651123046875 -0.127891540527344 -0.121047973632813 0.031646728515625
0.0507736206054688 -0.119911193847656 -0.0991287231445313 0.0495681762695313
0.09429931640625 -0.14373779296875 -0.0462684631347656 0.0410614013671875
0.161895751953125 -0.0966033935546875 -0.13787841796875 -0.0513763427734375
0.1282958984375 -0.0590438842773438 0.00386047363281251 -0.0425682067871094
0.105354309082031 -0.100540161132813 0.0709686279296875 -0.108016967773437
0.062957763671875 -0.0971450805664063 0.0381011962890625 -0.148895263671875
0.0210494995117187 -0.113212585449219 0.00418090820312501 -0.14349365234375
-0.0359115600585938 -0.0959243774414063 -0.0541000366210938 -0.11767578125
-0.079345703125 -0.0597991943359375 -0.0768203735351563 -0.0625381469726563
-0.0914840698242188 -0.053131103515625 -0.05438232421875 -0.0323905944824219
-0.107139587402344 -0.035400390625 -0.0408554077148438 0.00017547607421874
-0.0917816162109375 -0.066619873046875 -0.0280628204345703 0.0337791442871094
-0.076751708984375 -0.108818054199219 -0.0374069213867188 0.0673675537109375
-0.0446014404296875 -0.131423950195313 -0.0878829956054688 0.0776519775390625
0.0498046875 -0.160598754882813 -0.119659423828125 0.0207290649414062
0.0920944213867188 -0.135810852050781 -0.0880584716796875 0.0075225830078125
0.147537231445313 -0.142730712890625 0.000507354736328135 -0.00642156600952149
0.19775390625 -0.080780029296875 -0.0724258422851562 -0.0810928344726563
0.17645263671875 -0.0689697265625 0.0472030639648438 -0.0705032348632813
0.140380859375 -0.144119262695313 0.08734130859375 -0.118331909179688
0.066192626953125 -0.141632080078125 0.0453643798828125 -0.142898559570313
0.00804138183593749 -0.147491455078125 0.013885498046875 -0.121528625488281
-0.0546035766601563 -0.115303039550781 -0.0275802612304688 -0.0854339599609375
-0.0945510864257812 -0.0726242065429688 -0.0362167358398438 -0.0425224304199219
-0.103530883789062 -0.068695068359375 -0.0152645111083984 -0.0200881958007813
-0.115341186523438 -0.0514602661132812 -0.00187015533447266 0.0103387832641602
-0.08636474609375 -0.083251953125 0.00688552856445312 0.0507164001464844
-0.0661087036132812 -0.122482299804688 -0.0168228149414063 0.0826797485351562
-0.0293731689453125 -0.144149780273438 -0.0786819458007812 0.0821685791015625
0.078948974609375 -0.167755126953125 -0.112091064453125 0.0115509033203125
0.129264831542969 -0.127693176269531 -0.0708847045898437 -0.0309829711914063
0.181793212890625 -0.115859985351563 0.0545425415039063 -0.0463981628417969
0.197998046875 -0.052734375 -0.00514984130859373 -0.106117248535156
0.19097900390625 -0.0647125244140625 0.0852203369140625 -0.0987472534179688
0.147994995117188 -0.156494140625 0.09478759765625 -0.118362426757813
0.058685302734375 -0.154647827148438 0.0527496337890625 -0.123115539550781
-0.0032501220703125 -0.15234375 0.0295867919921875 -0.0894317626953125
-0.0624008178710938 -0.114311218261719 0.00792694091796875 -0.0506134033203125
-0.0943527221679688 -0.0731048583984375 0.0105915069580078 -0.0228385925292969
-0.099395751953125 -0.0732269287109375 0.024078369140625 -0.00518989562988282
-0.106658935546875 -0.061126708984375 0.0365982055664063 0.0262680053710938
-0.0688934326171875 -0.089447021484375 0.0364608764648438 0.0734710693359375
-0.0428314208984375 -0.122833251953125 -0.00205993652343751 0.099700927734375
-0.00511932373046876 -0.139266967773438 -0.0685653686523438 0.084747314453125
0.105850219726563 -0.150253295898438 -0.0966949462890625 0.00435638427734375
0.153732299804688 -0.09869384765625 -0.0432319641113281 -0.0580062866210938
0.193038940429688 -0.0693206787109375 0.111618041992188 -0.0704498291015625
0.163436889648438 -0.01434326171875 0.0487823486328125 -0.122314453125
0.168350219726563 -0.0441741943359375 0.109169006347656 -0.120223999023438
0.126495361328125 -0.132011413574219 0.0953903198242188 -0.107940673828125
0.0426406860351562 -0.129837036132813 0.0620040893554688 -0.0970840454101563
-0.00677490234375 -0.123504638671875 0.0470237731933594 -0.0571060180664063
-0.0539932250976562 -0.0929031372070313 0.0435867309570313 -0.0230216979980469
-0.0763931274414063 -0.0621566772460937 0.0526084899902344 -0.00837326049804688
-0.0806350708007812 -0.0651016235351563 0.0590362548828125 0.0105972290039062
-0.0852127075195313 -0.0599212646484375 0.0693855285644531 0.0468673706054687
-0.0473556518554687 -0.0821990966796875 0.0565643310546875 0.0998611450195313
-0.0204315185546875 -0.106475830078125 0.00437927246093749 0.11798095703125
0.0148696899414062 -0.118057250976562 -0.0586624145507813 0.0876617431640625
0.115615844726562 -0.117042541503906 -0.0747604370117187 0.00463104248046874
0.158706665039063 -0.0588836669921875 -0.00782775878906249 -0.0653495788574219
0.175949096679688 -0.0149688720703125 0.164413452148438 -0.0712127685546875
0.103866577148438 0.03082275390625 0.0814895629882813 -0.125228881835938
0.118476867675781 -0.0092010498046875 0.1168212890625 -0.125289916992188
0.086517333984375 -0.0765609741210937 0.09466552734375 -0.0890350341796875
0.0274734497070313 -0.0739517211914063 0.0743179321289062 -0.0734329223632813
0.00164031982421874 -0.0706100463867188 0.0625 -0.035675048828125
-0.0277938842773438 -0.0589408874511719 0.0698699951171875 -0.00731277465820313
-0.0432968139648437 -0.0437507629394531 0.0832138061523438 0.000694274902343747
-0.0501327514648437 -0.0477371215820313 0.0834579467773438 0.0238571166992188
-0.0565261840820312 -0.046966552734375 0.0923385620117188 0.066986083984375
-0.0292167663574219 -0.058868408203125 0.0666275024414062 0.123558044433594
-0.00982666015624999 -0.077301025390625 0.00606536865234376 0.133537292480469
0.0174636840820313 -0.0864639282226563 -0.0479354858398438 0.0929946899414063
0.100654602050781 -0.0802764892578125 -0.0517654418945312 0.0166358947753906
0.135696411132813 -0.0200042724609375 0.0258102416992188 -0.0523338317871094
0.130470275878906 0.0347900390625 0.2047119140625 -0.0522003173828125
-0.0599365234375 -0.0603408813476562 -0.213775634765625 0.05242919921875
-0.0749588012695313 0.00926208496093751 -0.0580253601074219 0.0377960205078125
-0.0475311279296875 0.05523681640625 0.0390205383300781 -0.0406761169433594
0.00637054443359375 0.0533485412597656 0.03997802734375 -0.108680725097656
0.0177383422851562 0.0339412689208984 0.000427246093750003 -0.147430419921875
0.0142841339111328 0.022308349609375 -0.0787811279296875 -0.150527954101563
0.0101947784423828 0.0239276885986328 -0.124488830566406 -0.0772018432617187
0.00708770751953125 0.0283985137939453 -0.109977722167969 -0.0326461791992187
0.00101470947265625 0.0286769866943359 -0.097991943359375 -0.00130462646484373
-0.0177860260009766 0.0138092041015625 -0.0945892333984375 0.00965881347656251
-0.0211029052734375 0.00649070739746093 -0.0798110961914063 0.0400238037109375
-0.0223369598388672 0.0127372741699219 -0.0879745483398437 0.0620269775390625
-0.0452842712402344 -0.00270843505859375 -0.113204956054687 0.0660171508789063
-0.0554084777832031 -0.0357742309570312 -0.109710693359375 0.120346069335937
-0.051025390625 -0.0774307250976563 -0.0934295654296875 0.120536804199219
0.0191192626953125 -0.0865631103515625 -0.21380615234375 0.02239990234375
-0.0118303298950195 -0.0163497924804688 -0.0563583374023438 0.0114974975585938
0.00134754180908203 0.00965595245361328 0.0374298095703125 -0.066864013671875
0.0300674438476563 0.0106849670410156 0.031005859375 -0.125297546386719
0.0249900817871094 -0.0138454437255859 -0.00198364257812501 -0.152999877929688
0.000143051147460936 -0.0198478698730469 -0.079559326171875 -0.15142822265625
-0.0234909057617188 -0.00600242614746094 -0.123626708984375 -0.0803604125976563
-0.0331764221191406 0.000202178955078124 -0.106353759765625 -0.0360565185546875
-0.0450820922851562 0.00737762451171875 -0.0946731567382812 -0.00151824951171877
-0.0546646118164063 -0.0180549621582031 -0.0866622924804688 0.0154800415039062
-0.0499725341796875 -0.0437278747558594 -0.0748062133789062 0.0469207763671875
-0.03424072265625 -0.051727294921875 -0.0947723388671875 0.0655670166015625
-0.00798797607421874 -0.0725326538085938 -0.1190185546875 0.0496139526367188
-0.000152587890625006 -0.0842971801757813 -0.105033874511719 0.0924530029296875
0.0230636596679687 -0.120567321777344 -0.079437255859375 0.0882034301757813
0.0973587036132813 -0.10052490234375 -0.186767578125 -0.0102386474609375
0.0609207153320313 -0.0412025451660156 -0.033334732055664 -0.0142574310302734
0.0550270080566406 -0.0467681884765625 0.0489730834960937 -0.0914688110351563
0.0497322082519531 -0.0439643859863281 0.0288238525390625 -0.141281127929688
0.0262832641601563 -0.066131591796875 -0.00357055664062499 -0.154647827148438
-0.0180587768554687 -0.0621719360351563 -0.0748672485351563 -0.139533996582031
-0.05615234375 -0.0352821350097656 -0.108489990234375 -0.0736465454101562
-0.06951904296875 -0.02685546875 -0.0875320434570313 -0.0347061157226563
-0.0843276977539063 -0.0125274658203125 -0.0741348266601563 0.00025177001953125
-0.082916259765625 -0.0439529418945313 -0.0617523193359375 0.0254058837890625
-0.0739212036132813 -0.0811538696289063 -0.058135986328125 0.0589752197265625
-0.046905517578125 -0.100700378417969 -0.0935897827148437 0.0754928588867188
0.0194778442382813 -0.130393981933594 -0.12322998046875 0.03814697265625
0.0479660034179687 -0.122291564941406 -0.0991058349609375 0.0550460815429687
0.0892333984375 -0.146774291992188 -0.0475616455078125 0.0435829162597656
0.160781860351563 -0.101806640625 -0.137237548828125 -0.0430755615234375
0.129119873046875 -0.0649185180664063 0.00453567504882814 -0.0409889221191406
0.103736877441406 -0.1065673828125 0.067901611328125 -0.110389709472656
0.0615234375 -0.102241516113281 0.0334320068359375 -0.14947509765625
0.0171432495117187 -0.1170654296875 0.000350952148437502 -0.144912719726563
-0.040283203125 -0.0972976684570312 -0.0588760375976563 -0.115753173828125
-0.08294677734375 -0.0579605102539063 -0.0781631469726563 -0.059112548828125
-0.0955734252929688 -0.0503997802734375 -0.0555191040039063 -0.0284805297851563
-0.10986328125 -0.0316009521484375 -0.0405769348144531 0.00378036499023437
-0.0950698852539063 -0.0649490356445312 -0.0270957946777344 0.0366020202636719
-0.0821075439453125 -0.107429504394531 -0.0352096557617187 0.0713424682617188
-0.0494232177734375 -0.13153076171875 -0.0860748291015625 0.0853195190429688
0.0438079833984375 -0.164794921875 -0.122512817382813 0.0290603637695313
0.0890579223632812 -0.139961242675781 -0.0902862548828125 0.0126113891601562
0.143035888671875 -0.148239135742188 -0.00256156921386718 -0.00558900833129884
0.197402954101563 -0.0894012451171875 -0.071990966796875 -0.0749053955078125
0.1763916015625 -0.078033447265625 0.0469894409179688 -0.0709381103515625
0.135879516601563 -0.151382446289063 0.0836868286132813 -0.120025634765625
0.0621490478515625 -0.146148681640625 0.040802001953125 -0.144287109375
0.00234985351562498 -0.149856567382813 0.0103607177734375 -0.122245788574219
-0.0602340698242188 -0.115745544433594 -0.02996826171875 -0.0835189819335938
-0.0989608764648438 -0.0707168579101563 -0.0362968444824219 -0.0404586791992188
-0.107322692871094 -0.0647048950195313 -0.016021728515625 -0.0175094604492188
-0.118057250976563 -0.0473861694335937 -0.00116443634033204 0.0126962661743164
-0.0902786254882812 -0.0814208984375 0.00911712646484375 0.0517921447753906
-0.0714340209960938 -0.121246337890625 -0.01361083984375 0.08636474609375
-0.0351715087890625 -0.144180297851563 -0.0755386352539063 0.0900039672851562
0.0727081298828125 -0.173507690429688 -0.115333557128906 0.01904296875
0.126274108886719 -0.134254455566406 -0.074554443359375 -0.0266952514648438
0.178253173828125 -0.123809814453125 0.0504035949707031 -0.048095703125
0.198226928710937 -0.0618896484375 -0.00574493408203124 -0.103195190429688
0.189834594726563 -0.0753631591796875 0.0835189819335938 -0.101051330566406
0.14178466796875 -0.164505004882813 0.09161376953125 -0.121017456054688
0.0533294677734375 -0.158218383789063 0.04962158203125 -0.124343872070313
-0.0102691650390625 -0.153366088867188 0.0269546508789063 -0.0899505615234375
-0.0673065185546875 -0.113792419433594 0.00714111328125 -0.0504264831542969
-0.0983428955078125 -0.070770263671875 0.0106925964355469 -0.0232524871826172
-0.103340148925781 -0.0687103271484375 0.0242996215820312 -0.00454139709472657
-0.108963012695312 -0.0569915771484375 0.0379753112792969 0.0271759033203125
-0.0724716186523437 -0.088592529296875 0.0394134521484375 0.0735092163085938
-0.0478439331054687 -0.122421264648437 0.0022125244140625 0.102752685546875
-0.00981140136718751 -0.1400146484375 -0.065948486328125 0.0918426513671875
0.099822998046875 -0.15643310546875 -0.09991455078125 0.0109481811523437
0.151702880859375 -0.10626220703125 -0.0474777221679688 -0.0545501708984375
0.191482543945313 -0.0789794921875 0.106651306152344 -0.0738449096679687
0.164962768554688 -0.0233612060546875 0.0476303100585938 -0.122695922851563
0.16693115234375 -0.0534820556640625 0.106964111328125 -0.12322998046875
0.119773864746094 -0.139633178710938 0.0933990478515625 -0.111038208007813
0.0374984741210938 -0.1318359375 0.0589370727539063 -0.0981597900390625
-0.0129013061523437 -0.123908996582031 0.0462722778320313 -0.0584335327148438
-0.0587844848632813 -0.0913162231445313 0.0444793701171875 -0.0241851806640625
-0.0792617797851563 -0.05950927734375 0.0537452697753906 -0.0105476379394531
-0.083587646484375 -0.0612869262695312 0.0594902038574219 0.00947952270507812
-0.0873565673828125 -0.0562744140625 0.0712356567382813 0.045562744140625
-0.050262451171875 -0.0811920166015625 0.0610122680664062 0.09906005859375
-0.024658203125 -0.106597900390625 0.00945281982421875 0.121063232421875
0.0108871459960937 -0.119361877441406 -0.0557632446289062 0.0933609008789062
0.110244750976562 -0.12249755859375 -0.0775985717773438 0.00891876220703123
0.156387329101563 -0.066314697265625 -0.0125007629394531 -0.0636444091796875
0.1754150390625 -0.0240325927734375 0.159713745117188 -0.07757568359375
0.105705261230469 0.024871826171875 0.08038330078125 -0.127944946289063
0.117462158203125 -0.0165481567382813 0.114051818847656 -0.129570007324219
0.0820465087890625 -0.0817718505859375 0.0933074951171875 -0.0923004150390625
0.0242996215820312 -0.0752029418945312 0.0725021362304688 -0.0760116577148438
-0.00278472900390625 -0.070831298828125 0.0622711181640625 -0.0373573303222656
-0.0306587219238281 -0.0571479797363281 0.071380615234375 -0.00987243652343751
-0.0446319580078125 -0.0414314270019531 0.0844879150390625 -0.00318145751953125
-0.0518836975097656 -0.0445480346679688 0.0846786499023438 0.0217361450195312
-0.0572929382324219 -0.0433197021484375 0.0957794189453125 0.0640945434570312
-0.0306129455566406 -0.0583076477050781 0.0719451904296875 0.122505187988281
-0.0125961303710937 -0.0761489868164063 0.011199951171875 0.136260986328125
0.014251708984375 -0.086517333984375 -0.0448455810546875 0.097900390625
0.0959091186523438 -0.0844192504882813 -0.0538558959960937 0.0198860168457031
0.134330749511719 -0.0269393920898438 0.0214004516601563 -0.0522918701171875
0.131782531738281 0.0278091430664062 0.201614379882813 -0.0595855712890625
-0.0594711303710938 -0.0573539733886719 -0.21319580078125 0.05780029296875
-0.0733642578125 0.0117034912109375 -0.0564422607421875 0.0402565002441406
-0.0450515747070313 0.0555458068847656 0.0400848388671875 -0.0426216125488281
0.00804901123046875 0.0512886047363281 0.0397796630859375 -0.111595153808594
0.0184898376464844 0.0323009490966797 -0.0018768310546875 -0.151641845703125
0.014404296875 0.0215778350830078 -0.083953857421875 -0.151412963867188
0.0101947784423828 0.0233688354492188 -0.127540588378906 -0.0754241943359375
0.00765228271484375 0.0275421142578125 -0.111854553222656 -0.0301666259765625
0.000974655151367187 0.0278244018554687 -0.09967041015625 0.000785827636718753
-0.01873779296875 0.0136756896972656 -0.0970001220703125 0.0129852294921875
-0.0212650299072266 0.00642967224121093 -0.0804977416992188 0.0427932739257812
-0.0207843780517578 0.0120792388916016 -0.0891265869140625 0.0646743774414063
-0.0440254211425781 -0.00199508666992188 -0.115745544433594 0.0692672729492188
-0.0555801391601563 -0.0339164733886719 -0.109535217285156 0.123283386230469
-0.052825927734375 -0.0741500854492188 -0.0945053100585938 0.12310791015625
0.019622802734375 -0.0856857299804688 -0.212631225585938 0.027801513671875
-0.00922393798828125 -0.0153570175170898 -0.0549278259277344 0.0141639709472656
0.00383281707763672 0.00875186920166015 0.0377540588378906 -0.0679092407226563
0.0316734313964844 0.00708580017089844 0.0302047729492187 -0.1270751953125
0.0250606536865234 -0.0163364410400391 -0.00437927246093751 -0.156707763671875
-0.00128555297851563 -0.0217094421386719 -0.0846405029296875 -0.152175903320312
-0.0248947143554688 -0.00663948059082032 -0.126426696777344 -0.0782012939453125
-0.0339298248291016 2.28881835937545E-05 -0.107635498046875 -0.0333328247070313
-0.0461769104003906 0.00772857666015624 -0.09619140625 0.00175476074218749
-0.0566291809082031 -0.0182723999023437 -0.0883560180664063 0.0192031860351562
-0.0521888732910156 -0.0441207885742188 -0.0756454467773438 0.0501708984375
-0.034515380859375 -0.0530166625976563 -0.0954132080078125 0.070098876953125
-0.00849151611328125 -0.0737762451171875 -0.122200012207031 0.0541610717773437
-0.000282287597656244 -0.0844497680664063 -0.105659484863281 0.0960922241210938
0.0219345092773438 -0.119979858398438 -0.0809326171875 0.0907821655273437
0.0990219116210938 -0.102157592773438 -0.185791015625 -0.00437927246093752
0.0633583068847656 -0.0425758361816406 -0.0318717956542969 -0.0120296478271484
0.0568809509277344 -0.0492668151855469 0.0493545532226563 -0.0924224853515625
0.0512275695800781 -0.0472908020019531 0.0278167724609375 -0.142791748046875
0.0254096984863281 -0.0697746276855469 -0.00599670410156249 -0.156890869140625
-0.0208015441894531 -0.0645713806152344 -0.0785064697265625 -0.139427185058594
-0.05859375 -0.0354766845703125 -0.110557556152344 -0.071502685546875
-0.071441650390625 -0.0263442993164063 -0.0879058837890625 -0.0318603515625
-0.08612060546875 -0.0117111206054687 -0.074188232421875 0.00365447998046876
-0.0855331420898437 -0.04376220703125 -0.0625419616699219 0.0282173156738281
-0.0775375366210938 -0.0820693969726563 -0.0581092834472656 0.0620994567871093
-0.0490798950195312 -0.10235595703125 -0.0932159423828125 0.08111572265625
0.0175323486328125 -0.132865905761719 -0.1263427734375 0.0434722900390625
0.048004150390625 -0.124359130859375 -0.100578308105469 0.0585098266601562
0.0881195068359375 -0.148529052734375 -0.049530029296875 0.0452995300292969
0.162765502929688 -0.10626220703125 -0.135169982910156 -0.0373077392578125
0.131202697753906 -0.0682830810546875 0.005859375 -0.038970947265625
0.104255676269531 -0.110946655273438 0.0677261352539063 -0.110694885253906
0.0613937377929688 -0.105827331542969 0.0321807861328125 -0.150482177734375
0.0148696899414062 -0.120620727539062 -0.0019683837890625 -0.146759033203125
-0.04364013671875 -0.0988693237304688 -0.0609817504882812 -0.115524291992188
-0.086700439453125 -0.0584640502929687 -0.0794906616210938 -0.0571060180664062
-0.0984115600585938 -0.0487213134765625 -0.0556373596191406 -0.026123046875
-0.112159729003906 -0.0298614501953125 -0.0407295227050781 0.00713348388671875
-0.0983428955078125 -0.0650405883789062 -0.027069091796875 0.0389595031738281
-0.0866165161132813 -0.107582092285156 -0.0345840454101562 0.0752029418945313
-0.0522689819335938 -0.133247375488281 -0.0851898193359375 0.09051513671875
0.041534423828125 -0.168670654296875 -0.125938415527344 0.0348434448242187
0.088897705078125 -0.144424438476563 -0.09295654296875 0.0167312622070312
0.142349243164063 -0.152801513671875 -0.0051436424255371 -0.00493240356445314
0.199493408203125 -0.0954437255859375 -0.0703811645507813 -0.0716400146484375
0.17803955078125 -0.08343505859375 0.0485382080078125 -0.0701484680175781
0.1339111328125 -0.157562255859375 0.0831832885742188 -0.121246337890625
0.0612640380859375 -0.14996337890625 0.0389404296875 -0.1439208984375
-0.00115966796875 -0.152633666992188 0.00907897949218751 -0.123023986816406
-0.0639724731445312 -0.116806030273437 -0.0310287475585938 -0.0832748413085938
-0.102806091308594 -0.0704116821289062 -0.0361862182617188 -0.0396614074707031
-0.110847473144531 -0.0634078979492188 -0.0156221389770508 -0.0155191421508789
-0.120536804199219 -0.0451202392578125 -0.000652313232421881 0.0149211883544922
-0.09332275390625 -0.08160400390625 0.00999832153320312 0.0536117553710938
-0.0756759643554687 -0.122222900390625 -0.0119857788085937 0.0899581909179687
-0.0377197265625 -0.14666748046875 -0.0737457275390625 0.0957183837890625
0.0697021484375 -0.177810668945313 -0.118614196777344 0.025177001953125
0.126121520996094 -0.139541625976563 -0.0781326293945312 -0.0232772827148438
0.178878784179688 -0.12969970703125 0.0476875305175781 -0.04827880859375
0.200180053710938 -0.0691070556640625 -0.00341796874999998 -0.102088928222656
0.19061279296875 -0.08160400390625 0.0846176147460938 -0.10162353515625
0.138763427734375 -0.170166015625 0.091094970703125 -0.122451782226563
0.0509796142578125 -0.161346435546875 0.0480575561523438 -0.124664306640625
-0.014434814453125 -0.15576171875 0.0266876220703125 -0.090850830078125
-0.0715103149414062 -0.113311767578125 0.007843017578125 -0.0504493713378906
-0.101242065429688 -0.0701522827148437 0.0114154815673828 -0.0234012603759766
-0.10614013671875 -0.0668182373046875 0.0252285003662109 -0.00311660766601563
-0.111831665039062 -0.05462646484375 0.0395393371582031 0.0282440185546875
-0.0758895874023438 -0.0884552001953125 0.0417404174804687 0.0746078491210938
-0.051177978515625 -0.123733520507813 0.0046539306640625 0.106643676757812
-0.011749267578125 -0.142288208007813 -0.0643463134765625 0.0976715087890625
0.096405029296875 -0.160720825195313 -0.103271484375 0.0161361694335937
0.151458740234375 -0.111129760742188 -0.0513343811035156 -0.0522193908691406
0.191665649414063 -0.084625244140625 0.103660583496094 -0.0758056640625
0.166641235351562 -0.0285186767578125 0.0500946044921875 -0.123176574707031
0.167236328125 -0.0599517822265625 0.107070922851563 -0.125465393066406
0.116455078125 -0.144241333007813 0.0927581787109375 -0.112434387207031
0.0350875854492187 -0.134010314941406 0.0587158203125 -0.0994796752929688
-0.0175018310546875 -0.124496459960938 0.0456924438476563 -0.0591354370117188
-0.0610122680664062 -0.090789794921875 0.0464706420898437 -0.0243759155273438
-0.0814971923828125 -0.0589828491210937 0.0554389953613281 -0.0118141174316406
-0.0856246948242188 -0.0593109130859375 0.0607376098632813 0.0093841552734375
-0.0889358520507813 -0.054290771484375 0.073577880859375 0.04638671875
-0.0523529052734375 -0.081939697265625 0.0640182495117188 0.0997390747070312
-0.0266342163085938 -0.107810974121094 0.0123672485351562 0.124580383300781
0.00943756103515626 -0.120277404785156 -0.0543670654296875 0.0987777709960937
0.106979370117187 -0.126594543457031 -0.0806503295898438 0.0130996704101562
0.156417846679688 -0.071044921875 -0.0160980224609375 -0.0624008178710938
0.176620483398437 -0.0295257568359375 0.157669067382813 -0.0806427001953125
0.107620239257813 0.0202407836914063 0.0830917358398438 -0.129791259765625
0.117469787597656 -0.0211868286132813 0.114364624023438 -0.132759094238281
0.0785675048828125 -0.085723876953125 0.0939178466796875 -0.0942611694335938
0.0219955444335938 -0.0757980346679688 0.0728378295898438 -0.0779495239257813
-0.00514984130859375 -0.0706329345703125 0.0629081726074219 -0.0383415222167969
-0.0329093933105469 -0.0563278198242188 0.0740737915039063 -0.0115280151367188
-0.0453987121582031 -0.0411796569824219 0.0862808227539063 -0.005401611328125
-0.052581787109375 -0.0427742004394531 0.0858917236328125 0.021087646484375
-0.057891845703125 -0.0414199829101562 0.0979461669921875 0.0634918212890625
-0.0319175720214844 -0.0578842163085938 0.0754547119140625 0.122726440429688
-0.0137863159179687 -0.0764999389648437 0.0148162841796875 0.139617919921875
0.0128250122070312 -0.0865325927734375 -0.0439987182617188 0.102569580078125
0.0932540893554688 -0.0869216918945313 -0.0567359924316406 0.0222129821777344
0.133506774902344 -0.0311279296875 0.0183639526367188 -0.0527076721191406
0.13311767578125 0.0237960815429688 0.20068359375 -0.063873291015625
-0.0601539611816406 -0.0559310913085938 -0.216934204101562 0.0636138916015625
-0.0733642578125 0.0146484375 -0.0569877624511719 0.0432281494140625
-0.0431594848632813 0.0577049255371094 0.0423545837402344 -0.0447731018066406
0.00911712646484375 0.050018310546875 0.0411529541015625 -0.116188049316406
0.0197601318359375 0.0316562652587891 -0.0037689208984375 -0.158248901367188
0.0143547058105469 0.0218467712402344 -0.09002685546875 -0.156021118164063
0.0102596282958984 0.0230045318603516 -0.13189697265625 -0.0758514404296875
0.00771141052246094 0.027557373046875 -0.114830017089844 -0.0293045043945313
0.000648498535156251 0.0278968811035156 -0.103317260742188 0.00272369384765623
-0.0196323394775391 0.0141792297363281 -0.10125732421875 0.0153274536132813
-0.0221786499023438 0.00584793090820312 -0.0822296142578125 0.045257568359375
-0.0205268859863281 0.0112056732177734 -0.0920181274414062 0.0681381225585938
-0.0436439514160156 -0.00133132934570313 -0.119636535644531 0.0725936889648438
-0.056396484375 -0.0332489013671875 -0.112052917480469 0.127899169921875
-0.0537643432617187 -0.0728683471679688 -0.098175048828125 0.126983642578125
0.0217666625976563 -0.0867080688476563 -0.21551513671875 0.0333099365234375
-0.0076436996459961 -0.0149507522583008 -0.0543251037597656 0.0163955688476562
0.00683403015136719 0.00827836990356445 0.0395126342773438 -0.0703125
0.0338420867919922 0.00428009033203125 0.03106689453125 -0.131454467773438
0.0262184143066406 -0.0194721221923828 -0.00634765624999998 -0.16326904296875
-0.00194168090820312 -0.0232734680175781 -0.08966064453125 -0.156112670898438
-0.0266532897949219 -0.00708580017089843 -0.130241394042969 -0.07855224609375
-0.0360107421875 -0.000118255615234378 -0.109954833984375 -0.0316390991210938
-0.0483970642089844 0.007843017578125 -0.0986785888671875 0.0043182373046875
-0.0595893859863281 -0.0184326171875 -0.0919265747070312 0.0223464965820313
-0.0551414489746094 -0.0454292297363281 -0.0774993896484375 0.0537033081054687
-0.0354995727539063 -0.0557708740234375 -0.0981216430664062 0.0748214721679688
-0.00859832763671874 -0.0763473510742188 -0.127037048339844 0.0587081909179688
0.000411987304687496 -0.0862350463867187 -0.108779907226563 0.100616455078125
0.0222244262695312 -0.121551513671875 -0.0845565795898437 0.0944900512695313
0.102630615234375 -0.105476379394531 -0.187515258789062 -0.00024414062500002
0.0671234130859375 -0.0444450378417969 -0.0308666229248047 -0.00995063781738281
0.0600013732910156 -0.0527610778808594 0.0504837036132813 -0.0951614379882813
0.0538215637207031 -0.0516319274902344 0.02825927734375 -0.146820068359375
0.0255813598632813 -0.074310302734375 -0.00729370117187498 -0.1622314453125
-0.0230789184570312 -0.0676078796386719 -0.082305908203125 -0.142974853515625
-0.0620841979980469 -0.0369987487792969 -0.1136474609375 -0.0717697143554688
-0.0744476318359375 -0.0269088745117187 -0.0898284912109375 -0.0304946899414063
-0.0897674560546875 -0.0113906860351563 -0.0762100219726563 0.006561279296875
-0.089508056640625 -0.0447540283203125 -0.0650863647460938 0.03216552734375
-0.0816421508789063 -0.0841903686523438 -0.0596084594726563 0.0668525695800781
-0.0515060424804687 -0.106254577636719 -0.0949325561523438 0.0866241455078125
0.0166549682617187 -0.137825012207031 -0.132102966308594 0.049713134765625
0.049346923828125 -0.128471374511719 -0.104240417480469 0.0627517700195312
0.0900726318359375 -0.152740478515625 -0.0530509948730469 0.0474014282226562
0.168121337890625 -0.111358642578125 -0.1351318359375 -0.035064697265625
0.135643005371094 -0.072296142578125 0.00778198242187501 -0.0378150939941406
0.106605529785156 -0.116676330566406 0.0692596435546875 -0.113456726074219
0.0642471313476562 -0.111190795898438 0.032501220703125 -0.153839111328125
0.0137939453125 -0.125564575195313 -0.00297546386718751 -0.15130615234375
-0.04669189453125 -0.103057861328125 -0.0627365112304687 -0.117874145507813
-0.0908279418945313 -0.0599365234375 -0.0815048217773438 -0.0571670532226563
-0.102912902832031 -0.0492172241210938 -0.0567283630371094 -0.023773193359375
-0.116790771484375 -0.0289993286132813 -0.0410575866699219 0.00977706909179688
-0.102401733398437 -0.0667953491210938 -0.0280418395996094 0.0418510437011719
-0.0912628173828125 -0.110214233398438 -0.0347518920898438 0.0799102783203125
-0.0552444458007813 -0.137496948242188 -0.0853424072265625 0.0973129272460937
0.040496826171875 -0.175201416015625 -0.132408142089844 0.0407333374023438
0.0911712646484375 -0.14990234375 -0.0968399047851563 0.0199661254882813
0.145294189453125 -0.158294677734375 -0.00796318054199218 -0.00385999679565431
0.205596923828125 -0.1015625 -0.068572998046875 -0.0703125
0.18255615234375 -0.089752197265625 0.0510482788085938 -0.0703582763671875
0.136306762695313 -0.165084838867188 0.08489990234375 -0.123779296875
0.0622406005859375 -0.15576171875 0.0392608642578125 -0.147430419921875
-0.00395202636718749 -0.158660888671875 0.00831604003906249 -0.126602172851563
-0.0678253173828125 -0.120704650878906 -0.031585693359375 -0.0847625732421875
-0.107330322265625 -0.0719985961914063 -0.0367927551269531 -0.0399513244628906
-0.115859985351562 -0.0630722045898438 -0.0154094696044922 -0.0141448974609375
-0.124725341796875 -0.0443649291992188 0.000727653503417961 0.0174245834350586
-0.098052978515625 -0.083709716796875 0.0105934143066406 0.0568389892578125
-0.0803604125976563 -0.12530517578125 -0.0104446411132813 0.0945358276367187
-0.0406036376953125 -0.151779174804688 -0.0738296508789063 0.102859497070312
0.06903076171875 -0.184341430664063 -0.123985290527344 0.0304718017578125
0.128646850585938 -0.145767211914063 -0.0824356079101562 -0.0208511352539063
0.183090209960937 -0.1361083984375 0.0456352233886719 -0.049468994140625
0.205917358398438 -0.0759124755859375 -0.000885009765624976 -0.102424621582031
0.194442749023438 -0.0887298583984375 0.0878829956054688 -0.103775024414063
0.138992309570312 -0.178543090820312 0.0938034057617188 -0.124664306640625
0.0507049560546875 -0.167007446289063 0.04876708984375 -0.126594543457031
-0.0179290771484375 -0.160110473632813 0.0268707275390625 -0.092987060546875
-0.07598876953125 -0.116256713867188 0.00924301147460937 -0.0511589050292969
-0.1064453125 -0.0714035034179688 0.0127658843994141 -0.0239181518554688
-0.110664367675781 -0.0666046142578125 0.0266628265380859 -0.00190162658691407
-0.115364074707031 -0.0543212890625 0.0415458679199219 0.0302391052246094
-0.078857421875 -0.0914535522460938 0.0440597534179687 0.0772323608398438
-0.0548477172851563 -0.1270751953125 0.00681304931640624 0.112289428710937
-0.0137176513671875 -0.146469116210938 -0.0637664794921875 0.104721069335937
0.0965576171875 -0.167739868164063 -0.108543395996094 0.0205078125
0.154693603515625 -0.117919921875 -0.05560302734375 -0.0507774353027344
0.197311401367188 -0.0901031494140625 0.103416442871094 -0.0781326293945313
0.171234130859375 -0.034515380859375 0.0541000366210938 -0.125938415527344
0.169876098632813 -0.0665283203125 0.111045837402344 -0.128944396972656
0.11529541015625 -0.151016235351562 0.0960845947265625 -0.115142822265625
0.0339889526367188 -0.137626647949219 0.060272216796875 -0.101570129394531
-0.0211334228515625 -0.12744140625 0.0478591918945313 -0.0605812072753906
-0.0649642944335938 -0.091827392578125 0.0488395690917969 -0.0261688232421875
-0.0847702026367188 -0.0600204467773438 0.0576133728027344 -0.0131416320800781
-0.0887451171875 -0.0592803955078125 0.0632133483886719 0.0104484558105469
-0.0915374755859375 -0.0537185668945312 0.0766448974609375 0.04803466796875
-0.0547637939453125 -0.08404541015625 0.0669403076171875 0.102340698242188
-0.0289382934570312 -0.110527038574219 0.0160140991210937 0.130165100097656
0.00881195068359376 -0.123802185058594 -0.054046630859375 0.105567932128906
0.1075439453125 -0.130928039550781 -0.0856170654296875 0.0168228149414063
0.159027099609375 -0.0762786865234375 -0.0191154479980469 -0.0625572204589844
0.181991577148438 -0.0338592529296875 0.159042358398438 -0.0840606689453125
0.110618591308594 0.01708984375 0.0867767333984375 -0.133796691894531
0.118316650390625 -0.0253448486328125 0.117355346679688 -0.137031555175781
0.0768661499023438 -0.0887908935546875 0.0968856811523437 -0.0977020263671875
0.0211257934570312 -0.0777435302734375 0.0747909545898437 -0.0803146362304688
-0.00806427001953125 -0.07177734375 0.06549072265625 -0.0397796630859375
-0.0350189208984375 -0.056243896484375 0.07781982421875 -0.01312255859375
-0.0471076965332031 -0.0417709350585937 0.0892410278320313 -0.00684356689453125
-0.0541877746582031 -0.0418128967285156 0.0884857177734375 0.0211334228515625
-0.0587310791015625 -0.0408172607421875 0.101821899414063 0.0649185180664063
-0.0325965881347656 -0.059295654296875 0.0796051025390625 0.125404357910156
-0.014984130859375 -0.0773239135742188 0.0177001953125 0.145492553710938
0.0132217407226563 -0.0878219604492188 -0.0442352294921875 0.108619689941406
0.0930023193359375 -0.0902328491210938 -0.0601730346679687 0.0250358581542969
0.135101318359375 -0.0344467163085938 0.0157241821289063 -0.0530548095703125
0.136405944824219 0.0211105346679688 0.203079223632812 -0.068115234375
-0.061614990234375 -0.0551910400390625 -0.222763061523438 0.0720062255859375
-0.0737991333007813 0.0175552368164063 -0.05657958984375 0.0471763610839844
-0.0413627624511719 0.060394287109375 0.04461669921875 -0.0484809875488281
0.0102958679199219 0.0500297546386719 0.0409622192382812 -0.123664855957031
0.0210933685302734 0.0304679870605469 -0.00749206542968751 -0.167190551757813
0.0153064727783203 0.02178955078125 -0.099456787109375 -0.162353515625
0.0108852386474609 0.0238285064697266 -0.139183044433594 -0.0759201049804688
0.00860977172851562 0.0275058746337891 -0.11962890625 -0.0275497436523438
0.000734329223632814 0.0285511016845703 -0.108718872070313 0.0056304931640625
-0.0213527679443359 0.0150222778320312 -0.106422424316406 0.01983642578125
-0.0228519439697266 0.00636482238769531 -0.0861663818359375 0.0499496459960938
-0.0206947326660156 0.0106468200683594 -0.0957717895507813 0.0740966796875
-0.0441093444824219 -0.00107574462890625 -0.124900817871094 0.0796432495117188
-0.0581474304199219 -0.0320091247558594 -0.114883422851562 0.135818481445313
-0.0562667846679688 -0.0721435546875 -0.102676391601563 0.134422302246094
0.02337646484375 -0.089630126953125 -0.221755981445313 0.0410308837890625
-0.00517463684082031 -0.0149049758911133 -0.0547561645507813 0.0200080871582031
0.00928783416748047 0.00687313079833984 0.0406723022460938 -0.074798583984375
0.036041259765625 0.00160598754882812 0.03057861328125 -0.138450622558594
0.0270900726318359 -0.0234470367431641 -0.010223388671875 -0.171798706054688
-0.00323295593261719 -0.0258750915527344 -0.0984344482421875 -0.161407470703125
-0.0293750762939453 -0.00757789611816406 -0.137664794921875 -0.078765869140625
-0.0383224487304688 7.62939453125078E-05 -0.114913940429687 -0.029632568359375
-0.0510597229003906 0.00953292846679688 -0.102676391601563 0.0082244873046875
-0.0633697509765625 -0.0183677673339844 -0.0966110229492188 0.0274505615234375
-0.0592269897460937 -0.0465812683105469 -0.0804977416992188 0.0595932006835937
-0.0383148193359375 -0.058807373046875 -0.101280212402344 0.0819625854492188
-0.0099029541015625 -0.0795516967773438 -0.133544921875 0.0662765502929688
0.000106811523437505 -0.0895004272460937 -0.111740112304688 0.107864379882813
0.0213775634765625 -0.125694274902344 -0.0894317626953125 0.1007080078125
0.107421875 -0.112335205078125 -0.1920166015625 0.00555419921874996
0.07147216796875 -0.0483474731445313 -0.0304012298583984 -0.00807762145996094
0.0629119873046875 -0.0576629638671875 0.0520095825195313 -0.0994644165039063
0.0567245483398438 -0.0571403503417969 0.02703857421875 -0.1536865234375
0.0246047973632812 -0.0808029174804688 -0.01141357421875 -0.169891357421875
-0.0263214111328125 -0.0719451904296875 -0.089630126953125 -0.147048950195312
-0.0668067932128906 -0.0381507873535156 -0.119636535644531 -0.0713424682617188
-0.0798187255859375 -0.0264205932617187 -0.0933837890625 -0.0282211303710937
-0.0952911376953125 -0.010040283203125 -0.0789337158203125 0.0103988647460938
-0.0958251953125 -0.0451736450195313 -0.0679893493652344 0.036865234375
-0.0886154174804688 -0.0858917236328125 -0.0606536865234375 0.0729827880859375
-0.0559616088867187 -0.111366271972656 -0.0972213745117187 0.0954742431640625
0.0139617919921875 -0.145278930664063 -0.138938903808594 0.0573348999023437
0.0499267578125 -0.135635375976563 -0.10858154296875 0.0690536499023437
0.0912628173828125 -0.160507202148438 -0.0566062927246094 0.0512428283691406
0.174118041992188 -0.120620727539063 -0.137672424316406 -0.0314102172851563
0.142410278320313 -0.079559326171875 0.00933837890625001 -0.0382919311523438
0.109611511230469 -0.125801086425781 0.070648193359375 -0.118904113769531
0.0659561157226562 -0.119148254394531 0.030975341796875 -0.160308837890625
0.010467529296875 -0.133583068847656 -0.00688171386718749 -0.157699584960937
-0.0526046752929687 -0.108070373535156 -0.0680313110351563 -0.120750427246094
-0.0973358154296875 -0.061126708984375 -0.0858993530273438 -0.0574951171875
-0.109840393066406 -0.0486221313476562 -0.0581207275390625 -0.0227394104003906
-0.123619079589844 -0.02764892578125 -0.0412445068359375 0.0137290954589844
-0.109596252441406 -0.0680618286132812 -0.0286827087402344 0.0467300415039062
-0.0990753173828125 -0.113563537597656 -0.03375244140625 0.0868988037109375
-0.0609130859375 -0.14483642578125 -0.0863189697265625 0.106613159179687
0.03765869140625 -0.1846923828125 -0.138771057128906 0.0492630004882812
0.093292236328125 -0.15948486328125 -0.102256774902344 0.0249557495117187
0.149505615234375 -0.168136596679688 -0.0114297866821289 -0.00394630432128908
0.212966918945313 -0.112380981445313 -0.0687332153320312 -0.0703506469726562
0.18963623046875 -0.0995330810546875 0.0543212890625 -0.07293701171875
0.13775634765625 -0.17742919921875 0.087158203125 -0.129295349121094
0.061920166015625 -0.16583251953125 0.0389556884765625 -0.152725219726563
-0.00877380371093751 -0.166534423828125 0.00624084472656251 -0.132354736328125
-0.075042724609375 -0.125228881835937 -0.033203125 -0.0872573852539063
-0.115470886230469 -0.0728836059570313 -0.0387039184570313 -0.0405387878417969
-0.123313903808594 -0.06298828125 -0.0150985717773438 -0.0126914978027344
-0.132247924804688 -0.043121337890625 0.00213241577148437 0.0202350616455078
-0.105583190917969 -0.08636474609375 0.012451171875 0.0604362487792969
-0.0883865356445313 -0.130355834960937 -0.0077362060546875 0.101615905761719
-0.0454559326171875 -0.158798217773438 -0.0742568969726563 0.112411499023437
0.0673828125 -0.195816040039063 -0.131607055664063 0.0383453369140625
0.132354736328125 -0.156387329101563 -0.0876235961914063 -0.0175704956054688
0.189208984375 -0.146514892578125 0.0438461303710938 -0.0517845153808594
0.213973999023438 -0.0859375 0.00115966796875002 -0.105400085449219
0.201034545898438 -0.0990753173828125 0.0924911499023438 -0.108009338378906
0.138900756835938 -0.190628051757813 0.0958480834960938 -0.130538940429688
0.0495147705078125 -0.175857543945312 0.04949951171875 -0.1322021484375
-0.023651123046875 -0.166839599609375 0.0269927978515625 -0.097503662109375
-0.0826034545898437 -0.119766235351563 0.0104408264160156 -0.0534286499023438
-0.113845825195313 -0.07177734375 0.0135822296142578 -0.0252513885498047
-0.117958068847656 -0.0663833618164063 0.0289230346679687 -0.00150871276855469
-0.1220703125 -0.0530166625976563 0.0450782775878906 0.0319442749023437
-0.0853271484375 -0.0947189331054688 0.0481414794921875 0.0811691284179688
-0.0612258911132812 -0.132171630859375 0.011016845703125 0.119384765625
-0.0171051025390625 -0.154388427734375 -0.0631332397460937 0.113792419433594
0.0958404541015625 -0.178024291992188 -0.1148681640625 0.0277557373046875
0.159942626953125 -0.127487182617188 -0.0607795715332031 -0.0497322082519531
0.20391845703125 -0.100631713867187 0.103744506835938 -0.0833053588867187
0.177398681640625 -0.0423583984375 0.0572891235351563 -0.131248474121094
0.174148559570313 -0.0751190185546875 0.11517333984375 -0.135597229003906
0.114791870117188 -0.161224365234375 0.0988998413085938 -0.12127685546875
0.0323638916015625 -0.144729614257813 0.06170654296875 -0.10614013671875
-0.0259246826171875 -0.13165283203125 0.0495071411132813 -0.0641937255859375
-0.070892333984375 -0.0941238403320313 0.0533409118652344 -0.0284919738769531
-0.0907669067382813 -0.0596771240234375 0.0609550476074219 -0.0155029296875
-0.09405517578125 -0.058929443359375 0.0670166015625 0.010528564453125
-0.096588134765625 -0.053558349609375 0.082244873046875 0.0494842529296875
-0.0588607788085937 -0.0874481201171875 0.0730667114257813 0.10595703125
-0.0330429077148438 -0.11529541015625 0.0204696655273438 0.138259887695313
0.00706481933593749 -0.129684448242188 -0.0533523559570312 0.114234924316406
0.108360290527344 -0.139900207519531 -0.0910720825195312 0.0222396850585937
0.164031982421875 -0.0843658447265625 -0.0238914489746094 -0.0626678466796875
0.188827514648438 -0.0407867431640625 0.162216186523438 -0.0900421142578125
0.115463256835938 0.0133056640625 0.0907669067382813 -0.140533447265625
0.120826721191406 -0.0310440063476562 0.122177124023438 -0.144760131835938
0.0757293701171875 -0.0947189331054688 0.101188659667969 -0.103271484375
0.0195999145507812 -0.0810089111328125 0.0771942138671875 -0.0850601196289063
-0.0111846923828125 -0.0733795166015625 0.0683784484863281 -0.0425453186035156
-0.0381546020507813 -0.0571746826171875 0.0828933715820313 -0.0161209106445313
-0.0501670837402344 -0.0420913696289062 0.0938034057617187 -0.0109329223632813
-0.0572662353515625 -0.0419845581054688 0.0932693481445313 0.0206756591796875
-0.06121826171875 -0.0410614013671875 0.108413696289063 0.066009521484375
-0.0352783203125 -0.0617332458496094 0.0865631103515625 0.130088806152344
-0.0172348022460937 -0.0802841186523438 0.022552490234375 0.154296875
0.0125885009765625 -0.091339111328125 -0.0431442260742188 0.116905212402344
0.093017578125 -0.0953216552734375 -0.0650520324707031 0.0298118591308594
0.138465881347656 -0.0403213500976563 0.0127983093261719 -0.0536460876464844
0.142318725585938 0.0168914794921875 0.208297729492188 -0.0751190185546875
0.0125174487349658 0.0669470895447439 -0.18017237316269 -0.15500527160481
0.0662442893008569 0.0412796788927836 -0.0681010650306562 -0.0425839458809223
0.072461644942852 0.00375706090571301 0.0636225572577444 0.000946375786625167
0.0327820246214285 -0.0329936726514168 0.12450086240221 -0.0292481757725043
0.00933922182576392 -0.0203608540059357 0.150380561056502 -0.105145741986194
0.0151472107137941 -0.00668134501326752 0.0991480398580517 -0.168421402485222
0.023947817036859 -0.0174124137651098 0.0197633675629021 -0.165860511974292
0.0234270974127575 -0.0230249707639381 -0.0342530976890224 -0.132904610924154
0.0323264995510324 -0.0151855728588748 -0.0558752314381224 -0.105520096267415
0.0325503658098815 0.00494643039701976 -0.0702477281614292 -0.0879416801727577
0.0254712000301789 0.0118961204560155 -0.0911604492277019 -0.0603185550906254
0.0268147980468966 0.00829171450714859 -0.119119106084023 -0.0570100418066194
0.041806874340102 0.0272285496599284 -0.137871954738101 -0.0651790252744756
0.0175187489787076 0.0560531479774393 -0.172316930428079 -0.0331255848705555
-0.0234180371757296 0.0728421994083047 -0.163919512690381 0.00644271567701148
-0.0625345307353606 0.0186429367297586 -0.155377529400494 -0.156886343337443
-0.0061934163010048 0.00849142004940241 -0.0448312061689693 -0.0385974045341579
-0.00392742143201824 -0.0043746320448237 0.0929563292677565 0.00118354296375816
-0.0289227991871037 -0.0192541448963121 0.141123370317351 -0.0325909771025771
-0.0358351109505539 0.017144606526271 0.16205499416292 -0.10601937859294
-0.0104036475880389 0.0391430942581288 0.107883102020354 -0.165473313805916
0.0174643303566785 0.0371481015269694 0.0310290589915903 -0.165054462303309
0.0338707841088677 0.0304250900978773 -0.0251602129131004 -0.130877606069723
0.0467075143453899 0.042419822683829 -0.0490113487020302 -0.100639648041597
0.0333017781219964 0.0608535126457316 -0.064473870377697 -0.0747777016185636
0.0109375321370218 0.0765764165488153 -0.0881846501004671 -0.0477087857913587
-0.0232051942635991 0.0679089656255404 -0.120085062164418 -0.050255645392115
-0.0377566244089803 0.0643198716784313 -0.128609219277222 -0.0708574547828499
-0.0634980060379945 0.0480713702047151 -0.15021341469341 -0.035666067101529
-0.106400146717947 0.0393917546287058 -0.137623241254584 0.00235587413226563
-0.130537472168787 -0.0337263052582924 -0.111453864767591 -0.13735442143092
-0.0866158065706448 -0.0301369380877615 -0.00986273690104616 -0.0116235518317516
-0.0928700704912992 -0.00875184656246682 0.131526543764109 0.0186060127302429
-0.0950753072476512 0.00617574815779124 0.165832365446377 -0.0304739915024837
-0.0771884504678524 0.0619919557085381 0.16904995004349 -0.104207222148452
-0.0329608011175789 0.0864194497726768 0.107106630664043 -0.150061233468039
0.00946792250512452 0.0884211620066718 0.0388414633067159 -0.144431569453953
0.0400013709816706 0.0791702687411719 -0.0124343419421542 -0.110936701469474
0.0546259701097925 0.0917675342040463 -0.0356526462880544 -0.0775285070627286
0.030901235694669 0.105246776395481 -0.051890626100642 -0.044411532562942
0.000668347788129531 0.125766471764209 -0.0843783256560441 -0.0198799627828526
-0.0583739845278619 0.116758356710456 -0.123298535188365 -0.0338532547965276
-0.0998051976173551 0.0969212896729151 -0.122048929591801 -0.0736841255638169
-0.130647336111728 0.040036069213198 -0.117749801262166 -0.0446230204738192
-0.172207398894803 0.0048234252008946 -0.0870987366597401 0.00206063350968074
-0.180642396632044 -0.0792251088204493 -0.0519994595296117 -0.101088972241676
-0.162915983632286 -0.0634564418121286 0.0354618667077284 0.0275668117311579
-0.180669359310504 -0.00333952963510419 0.171076407511588 0.0448529769886477
-0.15749491263566 0.0444054346698582 0.189277505219133 -0.019806498682266
-0.106729219297563 0.110912208763971 0.168361189163091 -0.0926961465086131
-0.0463867389170717 0.127661859367746 0.100068103980837 -0.118656457061322
0.00293242318171198 0.1286378933967 0.0445305922638247 -0.106134883663975
0.04083318074918 0.115724826087037 0.00238423807235999 -0.0743141296473141
0.0535396173574218 0.126671716528478 -0.0185895775324588 -0.040811757840245
0.0192755903381455 0.132653787826028 -0.0369598162549197 -0.0033088770001638
-0.01342616880716 0.15245918373061 -0.0802198620895794 0.0151462225297045
-0.0847864560362689 0.141471140649441 -0.123900128663888 -0.0129985773222902
-0.144898094493739 0.111196675831423 -0.114119434665419 -0.0733454264227997
-0.17642726030249 0.0239811673122075 -0.0791649174794165 -0.0571706467905301
-0.210690447036107 -0.033141879800485 -0.0222007671327124 0.00596561905732176
-0.202905607077665 -0.10914020765888 0.0178330118552251 -0.0582394539176746
-0.214311808807022 -0.084520097853123 0.0893681504160883 0.0639438816933953
-0.241730193524466 0.00623960183069443 0.199726785703616 0.0667267013664525
-0.196164515743015 0.0806259902428359 0.198733685993973 -0.00366646342597307
-0.117013596983348 0.148047749253486 0.157122084253696 -0.0667937942247407
-0.0480555908371216 0.151447698311077 0.0893962823336967 -0.0723713099645424
-0.000388269554859389 0.150078672552119 0.0488425631989111 -0.0538883160695912
0.036660595622887 0.134624569868257 0.0164115952957151 -0.0277521092181365
0.041999250172225 0.142285064724966 -0.00410490340066143 0.00491988735275057
-0.00102068254830799 0.141175039592699 -0.0276234093969743 0.0420798164980023
-0.0355426249662342 0.154216683525632 -0.0804240791730769 0.0513582679094429
-0.108446560043573 0.136267287094917 -0.123688703585986 0.00589454870097418
-0.174519476267595 0.100290983497045 -0.101480870441238 -0.0695475761090182
-0.199218428063937 -0.00561785308273094 -0.0383009829538104 -0.0642335404588794
-0.216792361098267 -0.0730838574164332 0.0452950402368792 0.0171363976689191
-0.189157372189023 -0.117810428254878 0.0872452797491594 -0.0205309313411856
-0.223804435976467 -0.0888954031409105 0.141219807627337 0.0839904304942236
-0.254301391686934 0.0145572064046939 0.208922547089606 0.0772103930835037
-0.196178114003752 0.0979337282883799 0.189683369689349 0.0148665687677681
-0.108015156303713 0.155443714921726 0.135875564389211 -0.0290123497917899
-0.0420731392459701 0.149410351914082 0.0783865762079859 -0.017508333877207
-0.00330775716699609 0.146437648479687 0.0528957656750054 0.00205198201239351
0.0267863770930455 0.132349816260592 0.0266525936034342 0.0220944890290171
0.0243603462165616 0.137121979390356 0.00285243778025674 0.0535426407348101
-0.0238250156869343 0.129962045334976 -0.0291553868950851 0.0867458588922126
-0.0569638914858436 0.134311074703352 -0.090326413500681 0.0822209338374321
-0.12271935575621 0.107494904377548 -0.123452413639995 0.0188958841270664
-0.184565103750977 0.0673282915569122 -0.0865069321839435 -0.061470406619842
-0.194383991582366 -0.0416314415244219 9.88324119840375E-05 -0.0588641790832259
-0.189666595157608 -0.106284549385543 0.105103665211991 0.0407719094798976
-0.139160750454988 -0.107207285178142 0.140241447612808 0.00554102361596285
-0.1870103303016 -0.078232332422623 0.179534184969533 0.0836246320915735
-0.214144627896728 0.0168408813644675 0.197857075498122 0.0762074245809497
-0.155828774808491 0.0881092225646211 0.165605199860996 0.0309346984978945
-0.0819661478652098 0.127036500649076 0.111808163663996 0.0112269737868244
-0.0333793073588842 0.118832399537362 0.0700118023964876 0.0335216979961808
-0.00808042267282619 0.117853132473592 0.0560297990882986 0.0528502098230817
0.0144274988284894 0.108714802247964 0.0321350233001732 0.0670961838015212
0.00634750810284384 0.111889140335924 0.000366739692933757 0.098209122782489
-0.0374814458877263 0.102340854457774 -0.0431076697622794 0.122492486966876
-0.064098551685816 0.0988605114583699 -0.108328915043131 0.101712097429964
-0.117025900380256 0.0698364658412789 -0.124756817773635 0.0279926424129373
-0.168779067575879 0.030763390158808 -0.072204402717812 -0.046503934477766
-0.164918451501607 -0.0705023882917273 0.0282347448192974 -0.0365952219977264
-0.137987328641661 -0.122736857297888 0.148317582745655 0.0756444950652204
-0.061778672175801 -0.0834201617968931 0.166526413892329 0.0151227105189239
-0.114737413322885 -0.0613038732846071 0.192863959532606 0.0697177295417038
-0.13282902663548 0.00757243226719339 0.171169526320494 0.0700630529399188
-0.0909109467022241 0.0500484886038695 0.138996895159319 0.0440974296149641
-0.0516708169116902 0.0692988546559566 0.0930890895157556 0.0420941941454794
-0.0282713326734172 0.0668919003330739 0.0656244989323767 0.0688644757487102
-0.0161102435178985 0.0697225662334952 0.0564603749126513 0.0881450595887412
-0.000285062949650846 0.068798436012646 0.0322781034924317 0.100664804427095
-0.00570487388487732 0.070922685648471 -0.00855468219313575 0.131695254520965
-0.0330642408802705 0.0641264728096201 -0.0623436348466399 0.144557128510829
-0.0488434846703068 0.0605267388285681 -0.127778012547252 0.109833067886769
-0.0865120153279155 0.0394814168156345 -0.126894073195192 0.0328284894129629
-0.127558132567866 0.00694843210956315 -0.0648350763513351 -0.0247719556829453
-0.116707333639084 -0.0782433409137415 0.0400135131922802 -0.00587472291225158
-0.0698802489278199 -0.115807207481949 0.17025174933667 0.115251454544633
0.0163861293369915 0.0660409183037312 -0.193858515906591 -0.148124397260188
0.0687056462193165 0.0371670546197071 -0.072874771849787 -0.0375487291152738
0.0727104809597893 -0.000867843457387958 0.0673826083713938 -0.00145926612067129
0.0301447902708629 -0.0340821363264245 0.12872141653063 -0.0365881538020989
0.00687395094511797 -0.0194046970802771 0.150527967078672 -0.118200057206841
0.0154507480216659 -0.00692258412351826 0.0917786000352186 -0.180863237065502
0.0237623393811432 -0.018525293310233 0.0114126423134665 -0.17224508550464
0.0226027763694961 -0.0241495813993261 -0.0418859112432583 -0.134257774729611
0.0323797186693436 -0.017010943815447 -0.0645024362150685 -0.105239297038457
0.0346272701772185 0.00373159774767578 -0.0792140265678322 -0.0872118071958163
0.0265520796363242 0.0114891045317705 -0.0967916977839561 -0.0570999397351888
0.0270149256775852 0.00755571636964238 -0.126959709591847 -0.0528286018681622
0.043539729735105 0.0254735346472816 -0.147021564051051 -0.0605672052923278
0.0208598562022461 0.0553043934586403 -0.179842044760525 -0.0258521924746422
-0.0191782965188476 0.0738241986721696 -0.17077124494763 0.0127726122472982
-0.0643695783141878 0.0205349642428333 -0.16796373024456 -0.150062791185325
-0.0078937946123414 0.00691817432247369 -0.0479256659894597 -0.0341961991675677
-0.00680297116123747 -0.00470651034775951 0.0960224744204554 -0.00241333824539264
-0.0332956303619582 -0.0169834330277189 0.14569838887747 -0.0405612681290196
-0.0379122197175308 0.021530563839787 0.162194748803177 -0.119381275303583
-0.00907593252481139 0.0428383117200413 0.101632045974293 -0.177482431364041
0.0201948169264822 0.0385727537233255 0.0229201943705996 -0.17187519698298
0.0368373013517824 0.0305668024597158 -0.0326876525760282 -0.132543454686193
0.0506359293400322 0.0418677131147188 -0.0576911967562583 -0.100290530448237
0.0379869616300807 0.061984989156108 -0.0722694382164215 -0.073315670387324
0.0158448953028059 0.0787882578319568 -0.0947250434958379 -0.0438596553855726
-0.0215328667222591 0.072356336121143 -0.128083797239929 -0.0440197391548016
-0.0358808361813728 0.0682416104840551 -0.139515592017657 -0.066406336015017
-0.0637604668443588 0.0515095471706493 -0.157500203687722 -0.0290695856197326
-0.107045710350921 0.0447217491924329 -0.144282792983115 0.00722171019009747
-0.13812269879888 -0.0292417297050656 -0.121627865054836 -0.131081438031336
-0.0929746397987054 -0.0280993469812312 -0.0110799008320304 -0.00812031648556837
-0.098129780298291 -0.0034539276373719 0.136527989082646 0.0132266751738248
-0.100945242517481 0.0129810081563829 0.169551450947729 -0.0386324032513415
-0.0777623439586617 0.0701855186978562 0.168958629525476 -0.117178375821935
-0.0295393765969467 0.0926551282758188 0.101886051405266 -0.160926644160386
0.01496914127916 0.0921498010942795 0.0319497115473141 -0.149977202509689
0.0462989854700233 0.0797136169070486 -0.0191186654473468 -0.112171309242034
0.0622544024387804 0.0920874075187187 -0.0424755573832976 -0.0766980713531762
0.0382751450794932 0.107986103918864 -0.0577899933715484 -0.0425545898013518
0.00833835125479891 0.130323421625228 -0.0895700351097676 -0.0148571510437658
-0.0545836078182666 0.125114446591447 -0.13032705601031 -0.0260245857192105
-0.097841208246752 0.105919898420872 -0.133952173350681 -0.0686493421446596
-0.13377135818452 0.0473431053023562 -0.125081043880978 -0.0398257267342298
-0.177006537397294 0.0124737920985975 -0.0923534574831944 0.00449316708017256
-0.192769517376386 -0.0724787282177334 -0.0579018931702193 -0.0969980660125903
-0.17363922700474 -0.0572399130510778 0.0383010612324462 0.0305634367851098
-0.187770800067457 0.00695681345956613 0.178155765643253 0.0388253430782819
-0.163081731420615 0.0549912683487923 0.19363123424053 -0.0279792508185417
-0.104868689760683 0.122048610769294 0.168789839182584 -0.10492358514758
-0.0408378917917294 0.135366611097294 0.0967916741315075 -0.127700460314441
0.0108816548468171 0.133770080940964 0.0392839637008144 -0.110628381378839
0.0498449224339048 0.117890546990756 -0.00157836178161577 -0.0752042576613934
0.0631011358111287 0.12740737090394 -0.0226861402772876 -0.039056042972369
0.0274849521304886 0.137156077502074 -0.0398395136901685 -0.000339037711804993
-0.00490105067385867 0.159329625146417 -0.0830028922653933 0.0222267369879269
-0.0807108448571286 0.152052976174551 -0.130060570194615 -0.00404100349564588
-0.143300106400806 0.123786540494879 -0.125813773213608 -0.0682069148409928
-0.182268007830884 0.0339010566160517 -0.0870287521694061 -0.0544610380395527
-0.220137350345808 -0.0236859624039743 -0.0257480928025808 0.0053559172532202
-0.218487204025362 -0.101079351420475 0.0171375012939714 -0.0563658604199758
-0.226623216181454 -0.0745717398746929 0.0960281396332231 0.0641372568495612
-0.249297268553754 0.0210699965024376 0.209150568148482 0.0604730914967481
-0.199617082087244 0.0948260339308135 0.204187480519098 -0.0121853497375084
-0.112624576554151 0.160382104679738 0.15777860148193 -0.0771002419416089
-0.0409996158524844 0.160497087732551 0.0888718163234963 -0.0788906180605583
0.00860803041209335 0.155915385475696 0.0464511609387483 -0.0579622291583805
0.0462998490199359 0.137014031600041 0.0146586964980743 -0.0276569973759556
0.0522948272894576 0.144563567380468 -0.00474472998929036 0.00740288715063966
0.00612676848586875 0.147148994751055 -0.0275629820001248 0.0465032141423682
-0.0271924467506809 0.161880861848242 -0.0816006266450383 0.0598142455279078
-0.105278483357096 0.148619264896367 -0.128084164209705 0.0152917352307541
-0.174537100400418 0.113515312937181 -0.113389698012209 -0.0646774752981466
-0.206345870372032 0.00544594424697413 -0.0457091079385373 -0.0640006686683798
-0.228524868344105 -0.0636244969093434 0.0444693025392487 0.0141338913563411
-0.204002069423886 -0.109627362216798 0.0904312187453052 -0.0214170904922537
-0.236684102033638 -0.0779855292978905 0.151358064750608 0.0815439982145113
-0.260493644153969 0.0308270668148875 0.218995392318415 0.0690781998936858
-0.197957472576095 0.112152636633367 0.195201217276535 0.00717913296516374
-0.10125818874885 0.167190207392825 0.138246614658346 -0.0371793184135052
-0.0352680024823626 0.157296378130226 0.0811360013775817 -0.0209642285885182
0.00577480201549272 0.151615049268317 0.0542071181844298 -0.000267157359918718
0.0364077228781507 0.134329541808956 0.0283243554039924 0.0231609454517589
0.0332600061730458 0.139865344386893 0.00546611147671579 0.0571320322569763
-0.0174528755552612 0.137591903409352 -0.025538145951076 0.0924323331011497
-0.0507275068569703 0.142165366192346 -0.0891401004884567 0.0921206793438412
-0.122356145730118 0.118564190053517 -0.127866408670822 0.0293645322313687
-0.186461395799504 0.0804532074683031 -0.0967832800199014 -0.057450763166556
-0.2037080160424 -0.0320332690873113 -0.00655278816197288 -0.0600662988232643
-0.203263269700971 -0.0986286385571893 0.107842306213602 0.0353707846947097
-0.151391192238321 -0.10081561393872 0.146629245382667 0.00131635637457311
-0.197905596797411 -0.0680065187713185 0.191309885982504 0.0784955426779011
-0.218290211844892 0.0310075304689346 0.208350063587512 0.0682679802662194
-0.156184465944521 0.0991281181285181 0.172216823579275 0.0248094464208239
-0.0756925428934836 0.135484338501832 0.115694212416161 0.00521007955736412
-0.0274088621913391 0.124294109535121 0.0756903632826314 0.0320201083582195
-0.00050149330972093 0.122347822167385 0.060927690763013 0.0506677990586164
0.0215447654391227 0.110534552721115 0.0359865982628705 0.06850542974946
0.0126780416125341 0.114542257622653 0.00511556342293262 0.102393408279565
-0.0330389754165714 0.107982019280245 -0.0375170616807799 0.129928769424749
-0.0605624051680009 0.105826549585631 -0.106791478258617 0.11356550064602
-0.118360276454481 0.0779744799995526 -0.128856679882112 0.0372278995613582
-0.170703852203439 0.0414528229846835 -0.0805423982324888 -0.0434421250239618
-0.174220889102872 -0.0620655998500433 0.0242814823405234 -0.0390575709231443
-0.150830850448086 -0.118064288005239 0.15482156460268 0.0688508699286057
-0.0703014058609538 -0.0809554424294838 0.174890862860306 0.00963653071648177
-0.121431154447512 -0.0548534130945215 0.203792747851481 0.0629607633889603
-0.135128500123151 0.0171662950074746 0.181039277299758 0.0637788160091957
-0.0903662438518563 0.0564134059471924 0.145641274575049 0.0392805428443466
-0.048087685137087 0.073853551152 0.098469382262087 0.0389379953274211
-0.0243829560142687 0.0698675639754729 0.0727621384904061 0.0686936820051117
-0.0121254256014129 0.0725367141593217 0.0638187811983402 0.0874331364986928
0.00399544040319432 0.0695812310402397 0.038136230075989 0.102535603791467
-0.00159546829752994 0.0727364741357598 -0.00195349233175804 0.137238057259487
-0.0310997663847644 0.0677375651231019 -0.0570489041661793 0.15339300065399
-0.0467802218735977 0.0651060725156473 -0.126514265004267 0.122648759908734
-0.0870849265501908 0.0448477757321178 -0.130747743373035 0.0423900853425324
-0.129544190646737 0.0143961788898505 -0.0714005549706105 -0.0225071964889495
-0.123002307534924 -0.0727173619988007 0.0387322832064532 -0.00875899625913712
-0.0797233391751587 -0.113972337226727 0.180409553549185 0.108774832490291
0.0196129375627451 0.0640606615620731 -0.201821853933441 -0.137459285210992
0.0689765174832378 0.0327550412157998 -0.0751304776242681 -0.0308244294309144
0.0716879997466561 -0.00457447242112109 0.0694898657656152 -0.00365099678399152
0.0274887842815456 -0.0343912253980798 0.130044220469318 -0.0431748943198929
0.00464455849469265 -0.0176105558091535 0.14717817942401 -0.128341248714199
0.0157303923900336 -0.00658445475338449 0.0835632196878516 -0.188644775934709
0.0233897342104883 -0.0192090408772209 0.00379459462279153 -0.174536670695729
0.0209324175618589 -0.0246322500491268 -0.0483609684659181 -0.133458822962553
0.031734409169681 -0.0182958692484474 -0.0715308396511478 -0.104097850939224
0.0358557406876862 0.00163298157225294 -0.0860556732660583 -0.0843955481235912
0.027454003504848 0.0112018171736846 -0.101355995183533 -0.0536382098705945
0.0262589821701587 0.00744777076092975 -0.132454990693999 -0.0467721827304784
0.0445241525821824 0.0236977753752226 -0.153445888649951 -0.0550534656842069
0.0228354833502878 0.0532034418649971 -0.183446777448622 -0.0185317209314926
-0.0149050108061489 0.0732442494633777 -0.17428614717165 0.0185734737442322
-0.0647364547935312 0.02241150934141 -0.175975639382532 -0.140397301729268
-0.0100823102682007 0.00538479888724267 -0.0504869778551016 -0.0292569823776085
-0.00958556220838408 -0.00478062941716002 0.0978927791693877 -0.00535068756133941
-0.0364787319597886 -0.0138560460859002 0.146166951993203 -0.0463456509692286
-0.0386168467726036 0.0260194563637408 0.158997288021639 -0.130049743903798
-0.00700853643834254 0.0457180850294517 0.0934923498326066 -0.185541595594431
0.0226152771348301 0.0389878636363273 0.0148557666606615 -0.173896336984264
0.0385418610784975 0.0296271052747304 -0.0386324051326614 -0.13141987076926
0.0538611838142828 0.040188121237884 -0.0640756987984011 -0.0980177831040489
0.0420283950405162 0.0614295480650874 -0.0785823511216344 -0.0701920212983719
0.0201849630090435 0.0798453735381534 -0.0986010716490568 -0.0395427761894443
-0.0191530442129113 0.0760857666409728 -0.132906868983332 -0.0375859018075702
-0.0337205984970884 0.071090224357944 -0.146873175312522 -0.0602293534456606
-0.0633393355499517 0.0536890571274524 -0.16213076811347 -0.0225583669162677
-0.106155491713955 0.0488544804897962 -0.148446719321997 0.0127367167385705
-0.142615731723735 -0.0240833159706123 -0.12730822340288 -0.123265258248102
-0.0973956517897807 -0.0256325397007417 -0.0112247336319364 -0.00443986876297536
-0.101597628034124 0.00130281702144599 0.138931136421685 0.00885588349324915
-0.104539730934154 0.0193386246749559 0.170918467137787 -0.0450681901622718
-0.0763422957159689 0.0773705779570061 0.165151991249271 -0.127945570390048
-0.0259829726817175 0.0976305949958369 0.0949713074183299 -0.167969988123115
0.0198923820332525 0.0939258364165214 0.0247136803230417 -0.152609239797626
0.0512174608366211 0.079128410520383 -0.0237040880671269 -0.110595989318956
0.0689230899870893 0.0902947510707379 -0.0477249801916087 -0.0743311373281691
0.0442473399463352 0.108514061872999 -0.0621833153448467 -0.0390013600140488
0.015868103639437 0.132164859736693 -0.0922699640303105 -0.00945287097480209
-0.0499393801938415 0.131232951797903 -0.134362012441535 -0.0182838124949639
-0.0943109842208353 0.112113618119236 -0.142301055429237 -0.0616650868775289
-0.134824728415613 0.0534481923900758 -0.130098243420827 -0.0342214578535
-0.179494914027515 0.0204477328181416 -0.0964706099772935 0.00793072124260157
-0.200810835670742 -0.0640224134722863 -0.0612617834665558 -0.090936206356491
-0.179515240102529 -0.0502937824461741 0.0409022226709146 0.0315974929290927
-0.190585752444926 0.0167194427333152 0.181329073946898 0.033159652011451
-0.165103358084874 0.0649752798617938 0.19483246486658 -0.0347257516066638
-0.100677342048024 0.129999281480697 0.164958983736755 -0.115080294195029
-0.03540040853241 0.141537955379904 0.0923169373762127 -0.133291358329465
0.018077625069288 0.136295577366015 0.0335645528882429 -0.11297793003209
0.056918299719307 0.116873694668771 -0.005235243612714 -0.0740695167613509
0.071503226736522 0.126267770444987 -0.0252742399803359 -0.0367731630959366
0.0347435944105236 0.139049353623103 -0.0417020496474506 0.00250956720273007
0.00348078943420146 0.162199022674891 -0.0841893210255648 0.0283445611610197
-0.0753894995428046 0.15987370222903 -0.132771727981594 0.00449057082335941
-0.139124154366781 0.132719125189325 -0.134497277555027 -0.0610796061552681
-0.184922395383378 0.0430613205824669 -0.0926135275997095 -0.0503657125515187
-0.224677679755533 -0.0138036947074884 -0.0289663684048714 0.00570003964875155
-0.227866500977886 -0.0900048827234457 0.0167704106583909 -0.0538310361486719
-0.234428288762771 -0.0642720589418195 0.100738391215977 0.0635045902412618
-0.252176722068962 0.0344684176627014 0.213438395945552 0.0534019835121628
-0.199737767352462 0.106476507638451 0.205604589196687 -0.0193592437609044
-0.106050349021938 0.16883477087472 0.154940407443215 -0.0861294887763493
-0.0339112221241831 0.166279108688875 0.0865668350722975 -0.0830038293007741
0.0175432216489643 0.158660224351128 0.0436947535980023 -0.0597592274670974
0.0547979968121067 0.136188157561243 0.014033650268543 -0.0267660873855657
0.0608807990882875 0.143125512151749 -0.00507204972960519 0.00952784051397954
0.0143715841290363 0.150220618014146 -0.0257394462958843 0.0495429212607385
-0.0186703587296782 0.166009795773838 -0.080132881222348 0.0668141439747048
-0.100928707765635 0.157563110410883 -0.129306624348868 0.0245584999152092
-0.170887114306803 0.124561088341091 -0.121892180831853 -0.0585684065455975
-0.210660139057932 0.0156160561030274 -0.0518571895565129 -0.0615959651240583
-0.235400466392235 -0.0528192118592462 0.0428286475119508 0.0108744734110254
-0.213786692809004 -0.0992923756984295 0.0921964046970973 -0.0218920883087245
-0.243420193122112 -0.0657308679941037 0.158054997952326 0.0774103642785137
-0.261986415066994 0.0456540642596398 0.224738006752663 0.0621884334409588
-0.195578597159127 0.123666701450903 0.197404256036276 0.000143361677065732
-0.0934316987826448 0.174056235948526 0.13708759185983 -0.0435329794002082
-0.0278302161766715 0.162180285449377 0.082010930087121 -0.024259037152112
0.0145273376886054 0.153851999893924 0.0541438882035535 -0.00213731550931556
0.0444633667719741 0.13397793389418 0.0298934503352325 0.0234851789628146
0.0413405814980291 0.139433653809559 0.00810339624578203 0.0587616876077466
-0.0107848587699446 0.140891844192219 -0.0224266732276224 0.0957783400595219
-0.0439174873175629 0.146866819138328 -0.0864619580255834 0.100199891758035
-0.119489010557064 0.127121578015178 -0.128527818000717 0.0384455413046377
-0.183664587632613 0.0911126316032417 -0.104454581897058 -0.0518772030935018
-0.208516921671953 -0.0212725095415767 -0.0117674790997525 -0.060155335569484
-0.212314352970507 -0.0890545500164703 0.108262445164579 0.0293893834790479
-0.16026923840825 -0.0928977683266485 0.1507296138051 -0.00211473106632804
-0.203559397808557 -0.057325747910292 0.198411365224324 0.072252375247784
-0.21700628815465 0.0437147227515222 0.213902745967875 0.060665679038653
-0.153016492822566 0.108267797015054 0.174788616566008 0.0187231667935627
-0.0688162158764976 0.140843709276485 0.117146672867593 0.000604111185921447
-0.0215266081384856 0.127667517390564 0.0796220899201852 0.0292851072624566
0.0064737566922811 0.12366905387797 0.0640980923331403 0.0488750582290882
0.0281954173328373 0.110100643700977 0.0399811210068859 0.0684983876431336
0.0192795369117499 0.114941062389098 0.00994861705615445 0.104666976276092
-0.0282819864663145 0.112120450412268 -0.0314565799359185 0.134946467063098
-0.055893378586847 0.11029944044112 -0.102471392368959 0.122196338262731
-0.116637594803096 0.0852661027957867 -0.129212463037796 0.0461285100708108
-0.170016368327863 0.0505706534520054 -0.0871256066214325 -0.0388319690881423
-0.178517031330872 -0.0537237543217482 0.0206469561687046 -0.0409816143144461
-0.159583094403476 -0.111658850360519 0.158224936884723 0.0614811330513268
-0.0761499751821782 -0.0762091256757127 0.179503947647509 0.00404645569123401
-0.124795371049104 -0.0473445798692323 0.210694431411693 0.0557237039415051
-0.133719110564336 0.0250308518572409 0.187132180152213 0.0569904048216335
-0.0883157398912193 0.0617698666672216 0.149922707581721 0.0335123323980103
-0.0438942140806728 0.0768319478114101 0.101832884663161 0.0350964632341106
-0.0213217032435862 0.071311936583098 0.0787300665534553 0.0666867975624169
-0.00839461739781175 0.073793575808653 0.0694764843508842 0.0852772000398965
0.00778634080754527 0.0693435993102078 0.0433141355088507 0.102163630081025
0.00183570374276556 0.0727384654042195 0.00466327088257179 0.139395624653876
-0.0276861849042983 0.0702886341658134 -0.0495891519006926 0.158612961369654
-0.0446182339671024 0.0678677202868885 -0.12214019711084 0.132399918636271
-0.0867831873132498 0.0495306984587786 -0.13131294591569 0.0510148630218776
-0.128090345672138 0.0205477736767183 -0.0763508512428314 -0.0195439931433757
-0.127355248645274 -0.0659866298625003 0.0364793337222905 -0.0108110991683679
-0.0872392156852631 -0.110056400483837 0.185962753768387 0.100085557323053
0.038768009735382 0.0547286129329935 -0.239047439043536 -0.0625340349001164
0.0747662059762826 0.00587044063878814 -0.0838435781892398 -0.000566264787357643
0.0646817044520963 -0.0296333482101261 0.0662781368571011 -0.0215395932737307
0.0133538369933366 -0.0407404613245021 0.114239578666591 -0.0835242172941598
-0.000166226710762059 -0.0175821653224926 0.0985953211359763 -0.172669802995878
0.0138657968179416 -0.0131773971960949 0.013542100548729 -0.207828080450151
0.0161198424477594 -0.0271496030811498 -0.0579746283374984 -0.166717264518047
0.0110849544983717 -0.02972115169704 -0.0900761583481999 -0.108702043503228
0.0241125128352662 -0.0277192097601266 -0.103669081833113 -0.0741138507662326
0.0351528043544342 -0.00949983581932007 -0.111641688895969 -0.0510853901465643
0.0299137391581102 0.0020621372649482 -0.114648107964426 -0.0166951024335429
0.0269833292433889 -0.000500613839778416 -0.141947023980916 -0.000697299836704629
0.0485987567207582 0.00801274125456386 -0.165977911292778 -0.00231319679479089
0.0396230546848081 0.0424276823105601 -0.180610482207223 0.0387707977469529
0.00993747857280254 0.0728831733771573 -0.159578817835537 0.0690990867159872
-0.0585878882129123 0.0446869756832511 -0.211307917533497 -0.0757806812839994
-0.0109785811385053 0.00830782893646111 -0.0558269484497606 -0.00938562498029977
-0.0122784910568464 -0.000990123099681517 0.0935942428330753 -0.0373536840193598
-0.0406845377352888 0.00252076730498289 0.128123596021515 -0.0948412605694822
-0.0258623258600059 0.0388600660827037 0.109007837366326 -0.179310395713645
0.00997123145426283 0.0447075212596689 0.0230212948517539 -0.209056750554096
0.0357156296546451 0.0294675197604786 -0.0478064791703333 -0.170925895325361
0.0456381207974477 0.0150761368730083 -0.0817207529959467 -0.109490789282803
0.0644542375651997 0.0196352332680882 -0.0948399299835278 -0.0694630105812729
0.060965987661916 0.0447381127190661 -0.100445086303517 -0.0406065285518056
0.046631414775417 0.0688630720720886 -0.108447970512369 -0.00521733108836622
0.00663975097458838 0.0804375095244241 -0.138860188367404 0.00668836883223911
-0.00900785921573121 0.0787359145890497 -0.160626160131628 -0.00910364061031673
-0.0425853655012436 0.0726170598290162 -0.16089269944919 0.03069649107157
-0.0864542840077767 0.0793178087308569 -0.135976885268112 0.0588368959026986
-0.150397416450006 0.0275830983992189 -0.155901516052419 -0.0761300512832463
-0.105649244485894 0.0104006990743424 -0.00641059129154869 -0.00117058310784153
-0.0980532268419767 0.0372021501218791 0.138448784383547 -0.041900482335397
-0.0923759808041327 0.0588029259564179 0.151105183084642 -0.105165748440801
-0.0446675147218555 0.100065462009311 0.113310689605706 -0.181809777559798
0.00955921620686054 0.10037685492045 0.0306211447624077 -0.193783402655354
0.0530200040543293 0.0837062731541174 -0.0315918679569722 -0.155387064927007
0.074110867990654 0.057504293695604 -0.0611825392629132 -0.0948248156855512
0.0957959774812925 0.061376623314314 -0.0715287172118957 -0.0522158416654637
0.0791269081682242 0.0887547092517465 -0.0752048188525285 -0.0169078509788776
0.0604519500255681 0.119623965993245 -0.0936360022857159 0.0208743734601303
-0.00382695896482231 0.143156844307957 -0.132999686599142 0.0246649704112888
-0.0529269498455969 0.138503815160629 -0.154931656624456 -0.0113716261468634
-0.110819703372394 0.0964289046786289 -0.134281566174228 0.0108516215939618
-0.166733714766449 0.0769658475036229 -0.0877515693843829 0.040899055477475
-0.22132559927926 0.0107094141353605 -0.0791219570139023 -0.0679473686099947
-0.192736656203188 0.0168155876354374 0.0590083368267391 0.0136268384519103
-0.176259210329564 0.0837137774601229 0.187756918870167 -0.0383567930758189
-0.132850604783563 0.123744487381156 0.175215418933021 -0.107466634756386
-0.0490604775286961 0.158244164702988 0.115184895422477 -0.170763784531292
0.0158388812426013 0.145501109915003 0.0379295352367012 -0.160494353535182
0.0656627043288825 0.125189963969183 -0.00924204420380109 -0.122024359292061
0.0922244263607276 0.0902733642377065 -0.0321310154335002 -0.0662850182002478
0.110195438278952 0.0947951462033045 -0.038161686260375 -0.0240989308831866
0.0802314264760956 0.121232852234976 -0.0419008644714711 0.0153390958198267
0.0585424927278976 0.151344192462771 -0.0730975189094494 0.0529599420423223
-0.0185569157958001 0.178673977520053 -0.123966831957365 0.045314856951839
-0.0885583292047533 0.172660406279415 -0.146497932921397 -0.0124029643524773
-0.162134960454701 0.103999269421568 -0.103575941986958 -0.0150260094943632
-0.22185958324526 0.058661694704298 -0.0246506078062554 0.02024194019937
-0.255418722577023 -0.00472084207990562 0.00943747984024082 -0.0592720047258027
-0.24889607844757 0.0232232676091459 0.128572786901109 0.0205024811028551
-0.226246460861338 0.122426301450205 0.225134490022059 -0.0339707156670036
-0.149904480728642 0.175167583038267 0.189263430711961 -0.0979040923863733
-0.0398116815051513 0.195864346444266 0.113530208774232 -0.140052397052437
0.0254462963874402 0.16843132145576 0.0495007219018628 -0.111104167833588
0.0733543379486432 0.146681394569681 0.0179953764730541 -0.0756007791165301
0.0967819193333055 0.109132869835223 0.00137368069700365 -0.0286110761842464
0.105938808969893 0.113308708615595 -0.00367304068595707 0.0123274031615041
0.0647130018615086 0.13882440377846 -0.0109318230836692 0.0540638936883729
0.0387420853042395 0.163253042646001 -0.0549519309790062 0.0882386168286137
-0.0433756027048176 0.184125595493466 -0.113875975213129 0.0638391346735205
-0.121047032146207 0.175382563187232 -0.132653048229493 -0.0133101246300604
-0.195640585443553 0.0870887991051539 -0.0685428841596734 -0.0380876453002744
-0.245480751667159 0.025405447863662 0.0443502968067015 0.00423906560872151
-0.244625876217999 -0.0181936652871725 0.092851586596895 -0.0536764709815982
-0.256973546570795 0.0262081050292949 0.189282547753816 0.0152565998371115
-0.230055777304366 0.1366093600233 0.238342351673171 -0.0306048164767862
-0.138073490775282 0.189465022224341 0.186567145929018 -0.0770354959462081
-0.0261984879889658 0.196308483180102 0.110836773051762 -0.0932897312510266
0.0297541355484842 0.16186639269912 0.0650935671299653 -0.0531800473916949
0.0687097203944502 0.143725214295145 0.0487675379736511 -0.0251492686240969
0.0859405270464899 0.109872235056004 0.0338773741003832 0.0129499515854268
0.0864667815398219 0.116327837364858 0.0252301983595803 0.0545254349554916
0.0375635849165412 0.138360157656418 0.00927775825213068 0.0968408784642723
0.0074938624597653 0.153390195782643 -0.0487485022938126 0.122019639968016
-0.071694739022825 0.162271235478743 -0.107861624840567 0.0767347729934477
-0.143979561377528 0.147448691259577 -0.114270844487976 -0.0123832143162785
-0.20604215293165 0.0518286638887544 -0.0305344968769056 -0.0485991827398091
-0.235235242561977 -0.016385487349143 0.110522159959114 0.00184062717850389
-0.189357545868486 -0.031301549405021 0.153876724913756 -0.0524320586883464
-0.213668723016185 0.0191608320472967 0.224221628968154 -0.00266481920065031
-0.187909169962282 0.11873720494443 0.226967228782436 -0.0260034044084044
-0.103151289758056 0.158715840915456 0.171268024136341 -0.0494815455981515
-0.0148423247187824 0.155304941356654 0.106536924506154 -0.042460516910977
0.0240474124400974 0.127299896489389 0.0825992524887059 -0.000854857045810307
0.0499204184239198 0.117456991027193 0.0765505522660028 0.0203961073406956
0.0630152894430051 0.0935173797732634 0.0590137257207815 0.0513439297960258
0.0565602288675705 0.101232307612894 0.0432800059040809 0.0965714495794433
0.0118783020491796 0.11667000364528 0.0135534294241326 0.136703676030125
-0.0165819152582998 0.122979477574555 -0.0557440237518547 0.14875729176278
-0.0826301798542436 0.121280947746855 -0.105860464504771 0.0849818577187922
-0.143050353849463 0.103707814730396 -0.0943298957168269 -0.00579712118816716
-0.188281296058786 0.0109819534047542 0.00518311810410866 -0.0412034025725172
-0.191203195670927 -0.0545103684047579 0.165897293733568 0.0156266677479096
-0.101102995533131 -0.0458876989148358 0.181019039393718 -0.0545611097073992
-0.133925667048238 -0.000144771816372322 0.227655586023615 -0.0197585091743591
-0.115183746539547 0.0707278935454718 0.200219844788804 -0.0157626314323632
-0.059087825838473 0.0903583654688164 0.15402962541634 -0.0225919602142262
-0.0130344346438382 0.086187562064952 0.106810662427788 -0.00236017197094499
0.00520213711358834 0.0746891674607943 0.0965487363180187 0.0348871777716593
0.0184209119349984 0.0742418426606559 0.0949943617549033 0.0533789612473627
0.0305369418806902 0.0622302012388066 0.0744087686391403 0.0815398950161639
0.0256595704956963 0.0671590839155392 0.0490562057755571 0.131376032053947
-0.00281538880286308 0.0759930911198179 0.00481122150516771 0.165949808705506
-0.0198999513051922 0.0786583203767569 -0.0700514787647071 0.165115707929777
-0.0666997402257078 0.0761607399061475 -0.107077274074225 0.0904212242989826
-0.113125176132823 0.0613416402513318 -0.0789275290306069 0.0086093042308768
-0.142197926363049 -0.0186935997975736 0.0298385238127169 -0.0188535322198121
-0.120695265199673 -0.0764337225026263 0.203029728423335 0.0406124222277758
0.0400695227156164 0.0531324590929056 -0.242803496002667 -0.0586451913049455
0.0738422717684402 0.00506139709537528 -0.0827359095276759 0.00327969602536885
0.0630607871955963 -0.0309328675457972 0.0686623527152295 -0.0230744474505616
0.0126617668400384 -0.0398804771055981 0.116616794681655 -0.0878900583821816
-0.000436733011327956 -0.015471130496586 0.0978548314555272 -0.17852933926375
0.0144848720145118 -0.0133778647853185 0.00929673125616523 -0.212919694295848
0.0160723914728903 -0.0276147704711986 -0.0613678899136073 -0.168837655976386
0.0107252704292843 -0.0292765709575694 -0.0926817085202908 -0.110459907188068
0.0237004396288958 -0.0278433617956784 -0.107480138181137 -0.0734021093541782
0.0356215125412869 -0.0108637369614158 -0.116161386119413 -0.0493380068355733
0.0310115165968017 0.00212165475812819 -0.117989731429179 -0.0159137631244808
0.0268841032047601 0.000994015421234732 -0.145387699451963 0.00195886918422183
0.0489194193161981 0.00740654616669153 -0.171239503397716 0.000295735142400725
0.0396171915004154 0.042110691694318 -0.184539527652839 0.0411031227025449
0.0114322419876774 0.0729410915118899 -0.164841501807212 0.071780798320547
-0.0601035806741051 0.0453821024466322 -0.214194272800691 -0.071845651947454
-0.0143125063044411 0.00852588805625822 -0.0548422165563109 -0.0062575582399277
-0.0150120613845098 0.000381785735324229 0.0962087929671454 -0.0384434724204252
-0.0421175233279748 0.00591332626953695 0.130299176190102 -0.0985195193624261
-0.0252568952544969 0.042971127886715 0.107424747217407 -0.185941785782264
0.011968401005873 0.0465112619356465 0.019872277989295 -0.213838809249287
0.0377533178838837 0.0298268989324094 -0.0512951338217367 -0.172858538481126
0.0467540610812105 0.0151888797900356 -0.0840950627429299 -0.11016379581579
0.0665544483779072 0.01951134125299 -0.0985388859175818 -0.0682047299526773
0.0633680327580022 0.0449245606425835 -0.104359459183474 -0.0379699562656571
0.0495629002108511 0.0695084804324061 -0.111673795139605 -0.00308144449232697
0.00831519579358942 0.0835096332555043 -0.142256595388631 0.0104070929491044
-0.00839902282318321 0.0805924976759655 -0.165926227337429 -0.00504948965045367
-0.0437729446067958 0.074638090812243 -0.164133317647014 0.0332928646862124
-0.0870066378978821 0.0813759440237825 -0.141479317791478 0.0610473444989342
-0.154395307109176 0.0308750662112557 -0.156840633952791 -0.0732089149453719
-0.110452929942091 0.011682738623339 -0.00493718782568266 0.00126885362306294
-0.100824063470493 0.040167809109685 0.141147681331938 -0.0436544062908975
-0.0955354729857846 0.0635426574647735 0.153656148328753 -0.107996395683117
-0.0434890702652301 0.10533596012333 0.111945319037454 -0.187521448317342
0.0126291665257128 0.104328294606883 0.0279982702209661 -0.197894421379747
0.0561330744002223 0.0853080495882717 -0.0345094586362022 -0.15678102493857
0.0771059366601337 0.0574882210175177 -0.0628361744005358 -0.0950093424318345
0.0989430798609875 0.06114803502895 -0.0740711615252622 -0.0502307971979454
0.0828996599107643 0.090348788450261 -0.0779014174358748 -0.0143282843859334
0.0640885681352272 0.121420500580282 -0.0951458644931826 0.0240629045486939
-0.00168922547812372 0.147727953350399 -0.135873727218186 0.0296533369921192
-0.0513703084321089 0.142636699460236 -0.160692754601868 -0.00690521901676029
-0.113582722149183 0.100776803720454 -0.137846714679779 0.0140156389219382
-0.169565846161961 0.0807051499281184 -0.0918863933568656 0.0432213884940018
-0.226796545749134 0.0152368196273666 -0.0782760021019543 -0.0652866963228869
-0.198742297157078 0.0201044679155085 0.0625191147476104 0.0154460778643385
-0.179139100040373 0.0889818460431349 0.19153230634028 -0.0401738882182259
-0.135495129933803 0.130362848461096 0.178684768940883 -0.109686253026176
-0.046641993394606 0.164534338208881 0.114346788729624 -0.175201370607821
0.0194503450160338 0.149666933476692 0.0364675019243573 -0.163485641918586
0.0710298699803497 0.127417036294346 -0.0116857699535649 -0.122377990714586
0.0961630677782009 0.0900913621558389 -0.032578203552966 -0.0659065878504344
0.114679817079365 0.0938568305496385 -0.0392863193323452 -0.0222791719061204
0.085069843083949 0.123610475641446 -0.0428604768275797 0.0178403487927605
0.0638530910319654 0.153717981088992 -0.0736215088160777 0.0572037090421992
-0.0154323383352526 0.184737707062878 -0.12567037883737 0.0505234921046956
-0.0872210179672848 0.178463204921935 -0.152029188511854 -0.00719519003708952
-0.165113995940021 0.109449069114737 -0.106925924452089 -0.012612075274774
-0.226692520454083 0.064120083419616 -0.0283754130644421 0.0211899782677694
-0.261846762527487 0.00182517998577332 0.0126040628714967 -0.0573638333573012
-0.254408692892119 0.0284689156779209 0.133665063335144 0.0219498561597953
-0.227860888884602 0.129286506328759 0.229442820870885 -0.0358500606235448
-0.150715730610068 0.18291574910484 0.192117162371565 -0.100829749625647
-0.0377056015006694 0.201232154100731 0.112084493345225 -0.143731539063277
0.0297243320098298 0.17257314984258 0.0492085584133727 -0.113443970434249
0.0788247945092404 0.149116913460161 0.0174468894109219 -0.0760606089382803
0.101105777901223 0.108742756670066 0.00215146813971729 -0.0275912404960321
0.110424795685308 0.112755494954584 -0.00275019014694186 0.0143083676973618
0.0694102813528357 0.141756676025306 -0.00983874271714259 0.0567740754573696
0.0430731538890119 0.166130059307589 -0.0544779171984711 0.0926494068619247
-0.0410634023863565 0.190823362387155 -0.115104540448303 0.0691201215359291
-0.119977762649235 0.181407511573859 -0.138437387133208 -0.0081518182727826
-0.199349013132068 0.0930990346405835 -0.0722936590246784 -0.0357933038659767
-0.251756010328785 0.0314935465361287 0.0418918668173578 0.0041117009389759
-0.250431978925426 -0.0114769636682841 0.0971333391408958 -0.0532683253801777
-0.261597423681421 0.0314696998117528 0.194970884132113 0.0140042547005658
-0.23100562386391 0.143264328126045 0.242801557658808 -0.0333490615366695
-0.138510716849263 0.196524953801691 0.190321447449377 -0.0789970000250383
-0.0229819433835586 0.200314272636424 0.110236790219161 -0.0952834767878557
0.0343268839382132 0.166045455187944 0.0670808593111298 -0.0548001576954983
0.073585174351389 0.145127330880084 0.0493625717538009 -0.024665185131924
0.0905570122089944 0.109746913557065 0.0352249252693004 0.0138155677731953
0.0897784362813197 0.11662267247376 0.0271307915200345 0.056582664009981
0.0414407568207151 0.141736954690061 0.0114566227771084 0.0995361330227435
0.0106268601523141 0.156874807809925 -0.0465714732904648 0.127422948234063
-0.0699605164063966 0.168367246856257 -0.108854901294032 0.0827692140294378
-0.143495130929041 0.153473238961977 -0.119196757729072 -0.00813391605395979
-0.209949970975925 0.0569619474456645 -0.0337490875625794 -0.0473732081442449
-0.241285676807868 -0.0108947524880766 0.110600559869336 0.000400325336337221
-0.19396562728078 -0.0255033482664877 0.159112242968576 -0.0539099277374975
-0.216967425366025 0.0243261864873971 0.229906767544639 -0.00504351823775437
-0.18772987212506 0.124468144237201 0.232027032412591 -0.0291819776481143
-0.101968748501679 0.163831277183509 0.174977935410899 -0.0514673656099098
-0.0116297107104202 0.158276287787653 0.108982921320374 -0.0433952862378799
0.0271226359566094 0.129418181009064 0.0861783977231484 -0.00179215982772434
0.0537459444949202 0.118723993524816 0.0782439220287045 0.0205585346735173
0.0662583731963402 0.0931333819457563 0.0612060338726523 0.0526905863719444
0.0593430230495282 0.100912073257708 0.0459492128201789 0.0989675961059813
0.0146416609482384 0.119947890147958 0.0164734337392068 0.139706992665604
-0.0142062217927642 0.125830331596887 -0.0526537629703168 0.154128789539011
-0.0833724488756765 0.125776089713499 -0.107041896182594 0.0905246142555582
-0.143592473086396 0.108282216288101 -0.0989119830797922 -0.00185867968606231
-0.190974471894984 0.014408549781345 0.00288949869265064 -0.040594511380641
-0.196633835637766 -0.0503538343570768 0.167809537905059 0.0130383095931235
-0.103954862389488 -0.0423866059095343 0.186888805402356 -0.0564030550769356
-0.135411924209577 0.00281417178113822 0.233890504970051 -0.0231982469125719
-0.114323772767895 0.0738916668638037 0.205279455897226 -0.0190488157926256
-0.0579876669992707 0.0924124543693964 0.157352737337494 -0.0246697843290194
-0.0116335335754419 0.0867154440514185 0.109791969096646 -0.00362020644491377
0.00659504924234994 0.0754192380335145 0.101259684481081 0.0340169289467825
0.0204002230423053 0.0744589340085259 0.0979504590903198 0.0530131304878975
0.0323053083978656 0.0621856094389437 0.0769778998882198 0.0824878654284466
0.0269297070324939 0.0672827639568336 0.0526491254808728 0.133667432837244
-0.00137165271146672 0.0774765894251099 0.00793235577752291 0.169520068988398
-0.0192462091583094 0.0801991988381889 -0.0677745176582435 0.170663620311888
-0.067140398177855 0.0792203699527509 -0.108505937720273 0.0954009302067485
-0.11345992180769 0.0631991962835598 -0.0828914993375248 0.0118502862812031
-0.144032788354046 -0.015851495916131 0.0279999520565714 -0.019635999944557
-0.12469954224319 -0.0740103245867604 0.206603735381675 0.0382699078612502
0.0415449649844522 0.0532644851742071 -0.250938589654091 -0.0554733848279979
0.0740252783900362 0.00356234857293007 -0.0836656837845178 0.00636655526700359
0.0629873128773422 -0.0326044043682484 0.0731064566911161 -0.0248066544026557
0.0117074943895537 -0.0389832080600854 0.121016910494123 -0.0946102594899868
0.000302754330722625 -0.0137363827505359 0.0982967946781286 -0.189256005883136
0.0148942726243145 -0.013242993773884 0.00511868329227588 -0.221978117603014
0.0159408226630617 -0.0286272657011537 -0.066243884061692 -0.175180247778435
0.0102155945649208 -0.0297713228655959 -0.0974648816590848 -0.113957711614425
0.0238846169375726 -0.0288261845051708 -0.114462864954969 -0.0736185728745878
0.0371258356601598 -0.0119122908315965 -0.122448727310177 -0.048458065059141
0.0329371684259796 0.00205820069748676 -0.12403260705351 -0.0150885928013528
0.0277597594047896 0.00229791594635158 -0.151899121676663 0.00551859898082388
0.0502537899195133 0.0067117395973186 -0.179821826286571 0.00393153786531549
0.0405080202596403 0.0429898215398141 -0.191544886753663 0.0447956728213333
0.013773133677914 0.0739413931025676 -0.17424123317861 0.0764155933024193
-0.0637019202947412 0.0474926857408432 -0.220714121269205 -0.0693516747903319
-0.0181304864800695 0.0088063550603772 -0.0551859574509632 -0.00301839552743535
-0.0181722222494001 0.00151272986238952 0.10070711574968 -0.0402129844282735
-0.045203802928509 0.00934359358044948 0.135304299906306 -0.10431937442872
-0.0251471693165779 0.0482785820145543 0.10860846876672 -0.196145281416995
0.0135078261304661 0.0496098284673525 0.0167617722726148 -0.223532398970083
0.0402002965036227 0.0318971381955359 -0.0559377058249003 -0.178928210266646
0.049192769711235 0.0158362726408865 -0.0879631791817221 -0.113766396758807
0.0696235981980782 0.0190991525659439 -0.104180613535235 -0.0679108309577155
0.0670843773630719 0.0458255481146509 -0.110176459212678 -0.0365813852614787
0.0531398298964591 0.0718683590236421 -0.11680484261384 -0.000142337608083422
0.00997042542799289 0.0883100337135349 -0.148249492461805 0.0149528857926757
-0.00796801014042622 0.0844702501700345 -0.174451542515827 -0.000871780957746871
-0.0461656710787666 0.0787513660177832 -0.171490388410447 0.0370528345118389
-0.0893656504967879 0.085380225791235 -0.149726714553227 0.0658641324763966
-0.161733645653163 0.0348040732024755 -0.161476865912054 -0.0707605975363326
-0.117866554155193 0.0142438473761655 -0.00254824753051545 0.00408040218098974
-0.106150890130949 0.0449312136079845 0.147697004194844 -0.0461788875981512
-0.100209768920691 0.0704935403500849 0.159108582283416 -0.113178618508331
-0.0428450090892253 0.113064655869981 0.113526797965063 -0.196907894681877
0.0161130209932178 0.110222264957718 0.0259529350654888 -0.20594657486515
0.0610568251658986 0.0881500750180827 -0.0379948825227892 -0.161711447017951
0.0815775085526414 0.0584064217199313 -0.0655175352295213 -0.0973648992371347
0.104293033733299 0.0615225915766007 -0.0777239880514311 -0.049312512484249
0.0885012562123907 0.0937048779722532 -0.0818318637959842 -0.0119426248367528
0.069749502442426 0.124692707636998 -0.0986365765917118 0.0276518491667469
0.00176114959352527 0.155631249403641 -0.14159093774346 0.0345749953821212
-0.0517854578101914 0.14924937347405 -0.169024821539964 -0.00161113689959906
-0.118219577505049 0.107547637542816 -0.144093796685543 0.0172261975623991
-0.176054611622937 0.0867847632369799 -0.0989846725457592 0.0466595751240958
-0.236929267338882 0.0214966280028418 -0.0781197399921456 -0.0643575886826152
-0.209248269442669 0.0243481415790768 0.0665864774041123 0.0176738600222521
-0.185183274135998 0.0959775247134452 0.198484884017262 -0.042757748549974
-0.14102282637587 0.140326447827897 0.185852583693754 -0.114442717429106
-0.0455736556729396 0.173381658627606 0.115527458545252 -0.183339535130742
0.0240434704993245 0.157325125909611 0.0362994138794167 -0.170308141340062
0.0777222144157002 0.131281722438971 -0.013740837370557 -0.125453111073496
0.102270380201811 0.092007416590182 -0.033325622555702 -0.0671300213092605
0.121606674224724 0.0945911390665992 -0.0406614928908807 -0.020456659223404
0.0920824545818001 0.128336303989373 -0.0445929210115645 0.0213260372263696
0.0691547526019775 0.159042008952 -0.0750874624178094 0.0624644043059276
-0.0124444442648152 0.194666142140469 -0.130080969282422 0.056855655113222
-0.0872953485370517 0.187712344082302 -0.160311112245432 -0.00168335193084171
-0.172830742844775 0.117946006586456 -0.112546841471108 -0.00955003819509947
-0.236182210601204 0.0711717108333996 -0.0326473171890041 0.0228535360314726
-0.273393437262885 0.0089720942158523 0.0163373641599981 -0.0570477580193055
-0.265740846347244 0.0354775071940534 0.141618245631636 0.0223850052986062
-0.235091976997328 0.138686869428858 0.238482722076774 -0.0382655560050269
-0.155089701157934 0.194282300879316 0.199299384851985 -0.104735960609711
-0.0347707618835982 0.211062046615162 0.114225325121737 -0.149943603953547
0.0346851400015315 0.180431463200696 0.0507369409813164 -0.117475697514725
0.0860364027565161 0.153662559810139 0.0173552410404288 -0.0775351763461569
0.107890887861973 0.110359482403362 0.00282012565167723 -0.0277675915242054
0.117718384678546 0.11437308671013 -0.00224706625265457 0.0169813638782244
0.0761649684367552 0.147944641429071 -0.00939562691737885 0.0606096788648348
0.0486672759146804 0.172032308858917 -0.0545790557306934 0.0992059590938139
-0.0392592561887863 0.202107564326355 -0.118952869238932 0.0760199454290596
-0.121510797229017 0.19178879285531 -0.14604803656865 -0.00267089406931022
-0.206691086792902 0.101903207835751 -0.0768136069741464 -0.0346039443868051
-0.2631846513162 0.0383350622505808 0.0409065840239161 0.00416243875056521
-0.262029098354137 -0.00481161980507177 0.104446811115968 -0.0546695316859966
-0.271808112887771 0.0395202603336163 0.204378444334605 0.0127865960149475
-0.237085774595129 0.154118138215138 0.252827080635334 -0.0367254509112134
-0.141452131773442 0.20762302583489 0.197922474275626 -0.0830674047778932
-0.0190069558448391 0.208599479399067 0.11251048750765 -0.0991412970490437
0.038686533862648 0.172833159500533 0.070392856691448 -0.0572919159983826
0.0807544650467533 0.149420723011194 0.0514962938053766 -0.0251466164681935
0.0964665727549065 0.111728531678884 0.0376538426232275 0.0151888806422207
0.0962370915664848 0.118391866808027 0.0300588601796616 0.059905602523389
0.0472581376669994 0.148612059770695 0.0139778376091641 0.104625009944128
0.013781248864265 0.162699916459606 -0.0452486159327641 0.134833209395539
-0.0706117136391351 0.177932221985022 -0.112098076138288 0.0903103794727217
-0.146391476742247 0.163091734766794 -0.126383496761037 -0.00303960140973547
-0.217488350284586 0.0638687019133256 -0.0376511065008219 -0.0468678391017703
-0.253491391076824 -0.00501878323722457 0.112757624931679 -0.000647465352059632
-0.201894414709577 -0.0205970961906399 0.168681214672782 -0.0564992389375213
-0.224280345381423 0.0304733910477533 0.241225963012806 -0.00849199929555495
-0.19105263847556 0.132683470836967 0.241223621503388 -0.0331522683535927
-0.103476139641044 0.171956713534677 0.182528704746674 -0.0547802470848597
-0.00875381863547294 0.163996111738748 0.112099990741712 -0.0461138382670769
0.0307697125593631 0.134426786797386 0.0915444473944305 -0.00254590827055679
0.0589677041473123 0.121839096370725 0.0822005040914284 0.0205742384500154
0.0705174110918697 0.0951317497275583 0.0648909548391267 0.055048194880352
0.0636933872686472 0.103045849543123 0.0497184215402924 0.103045128635579
0.0175135039954627 0.125381727646852 0.0202988974346183 0.145824341561165
-0.0130132770718408 0.130880875554261 -0.0511705166556414 0.162687311781896
-0.0849333371486212 0.133539451761705 -0.110651982967707 0.0984993498545952
-0.146949867083481 0.114882483551563 -0.105319055924222 0.00251980319889953
-0.198321962187671 0.0193794102282727 0.000619487073597916 -0.0409740101115344
-0.206166547533008 -0.0467853982605434 0.173391882672774 0.0111595997580756
-0.109075699470635 -0.039733403197443 0.196995217103645 -0.0610595087996439
-0.139941496560097 0.00704747299661638 0.245343480129695 -0.0273091048341642
-0.114973761549028 0.0779257939149023 0.21377495943185 -0.0224636095195039
-0.058804844184326 0.096302972535368 0.164839797675107 -0.0268741149570537
-0.00932848178743915 0.0901972398579795 0.114530613931881 -0.00464778175531801
0.00847761597805505 0.0778739782375765 0.10735213802718 0.0340460172093531
0.0226639425994502 0.0767492763762622 0.103213486925491 0.0530068378401028
0.033942425361865 0.0630967594129312 0.0815418400664413 0.085740231311037
0.0284512575718137 0.0687703621861666 0.0575745486431848 0.138978471744991
0.000186415816500453 0.0809826411522362 0.0122714050915648 0.176752793555627
-0.0189373763645484 0.0833676855305305 -0.0668262340994734 0.179784417662366
-0.0690789565019664 0.0840181563766355 -0.112153355366726 0.102691208193076
-0.115925723874325 0.0668154857438845 -0.087814381065536 0.0153363386211467
-0.148909491070092 -0.0136371530496164 0.0270481170449042 -0.0200728383200752
-0.131349789260119 -0.0727750416682683 0.214661956545023 0.0356900964053724
0.0441337021714693 0.0526893545019426 -0.263241729954086 -0.0481309723007789
0.0750134336985046 0.00065835594034053 -0.0853660250676683 0.0116307407072946
0.0621950548869254 -0.0354788575733865 0.0772361686339665 -0.0281218232842253
0.011059160126928 -0.0398299423740781 0.124600678802133 -0.103508670266505
0.00138747251616068 -0.0123279731831619 0.0965061217956499 -0.203565316634611
0.0157659202273183 -0.0138557473432979 -0.00383511348379627 -0.23396378660455
0.0156169994650905 -0.0302075383969859 -0.0760328089070548 -0.182829087621592
0.0098537595214048 -0.0306457187118624 -0.10596932119186 -0.116775011673844
0.0239621583560267 -0.0305806196581542 -0.123814291880294 -0.0719512465843907
0.0385633635787282 -0.0143790348234011 -0.132500445714564 -0.0454186829189818
0.0352266496442636 0.00145958106927182 -0.131618719655721 -0.0107413751043963
0.0298203354623633 0.00276035046346379 -0.159636840309346 0.0123211472523227
0.0516169159119621 0.00486072388858423 -0.190131314465816 0.0112241492631666
0.0428600151789023 0.0438135481513345 -0.200726770457071 0.0523241870923972
0.0171820031892553 0.0754120083301171 -0.184851231888671 0.0866722418789987
-0.0664288391135966 0.0515596888316904 -0.231570613278971 -0.0626254099986207
-0.0215074584743831 0.0106224950686303 -0.0554694015207242 0.000245728726749705
-0.021141239469843 0.00310063558607576 0.105435232930948 -0.0449844970170007
-0.0483686352209623 0.0139168010370216 0.140086904304899 -0.112958584418462
-0.0234190502246526 0.0538317811837291 0.106404373061582 -0.210511590195137
0.01697471835403 0.0536115119728366 0.00856217296432603 -0.235744139441623
0.0442452249839595 0.0319918357976733 -0.064775553112681 -0.186239449214919
0.0523870655843865 0.0153683230829865 -0.0956690344504696 -0.116399349507426
0.0737640913006987 0.0174530959932238 -0.1121623852195 -0.0659041383433063
0.0727675698210381 0.0462898289616696 -0.117941814220035 -0.03260781526423
0.0594403821141872 0.0734166664806629 -0.123287605945751 0.00473085030270497
0.0142899872180796 0.0938252720738585 -0.155970357471289 0.0226318929528169
-0.00621368308795103 0.0890590333062859 -0.184947649266417 0.00780767911612943
-0.04723663935977 0.0846253690155634 -0.179415986731971 0.0447077376739177
-0.0917690232954613 0.0917780948902965 -0.158873287906638 0.0752630574430138
-0.170018072975478 0.0427543760266643 -0.168175239953594 -0.0661106588897861
-0.126334570075763 0.0195658852485364 -0.000255867091307122 0.00647657052992688
-0.111795013337585 0.0518819538660789 0.153950525467094 -0.0519610477391844
-0.104425364596767 0.0806024565906398 0.165275003042665 -0.122712188072918
-0.0401430911513055 0.12266967252472 0.1121115069789 -0.210581960153311
0.0219308668914275 0.117501206117153 0.0197058849244995 -0.217969687589523
0.0687208382746243 0.0908789521699893 -0.0453235895874026 -0.167287497699753
0.0883755060123871 0.0585005320639885 -0.0706508806482174 -0.0995670912097147
0.112642252216816 0.0597824024101031 -0.0834517187529479 -0.0467247859260694
0.0974914348500351 0.0959242321582124 -0.0867669338763426 -0.00717301973008235
0.0785016539150251 0.128318489352818 -0.10353443206029 0.0345592985617285
0.00819499136519069 0.165090245089853 -0.147994685306395 0.0438938955296186
-0.0493800416264705 0.159553680987734 -0.17955649561658 0.0077665980677488
-0.121898700035011 0.118662036333937 -0.151653046197121 0.0235257969863217
-0.18302407621251 0.0977551407572703 -0.106254410209697 0.0533394717212113
-0.249015308006832 0.0325303910579949 -0.0806883204298464 -0.0619620698926362
-0.220649335860609 0.0344688188812471 0.0730327946337264 0.0174953212802587
-0.192873606150915 0.108515612409107 0.208432677730061 -0.0499992417941851
-0.144734179738186 0.154885116336993 0.192696580262304 -0.124661508617437
-0.0409755911837427 0.185540789876303 0.114041533923394 -0.195317433485095
0.0323703638342819 0.165746907113647 0.0323401378162071 -0.180219327266328
0.0880637827113875 0.135964598196357 -0.0181392403702983 -0.130259144595305
0.111290252856522 0.0925095855523445 -0.0356690083677621 -0.0683936580460197
0.1319284388344 0.0940568826491816 -0.0432789186969845 -0.0187105715556372
0.102914498234517 0.132623793727072 -0.0458085131852725 0.0257829281118898
0.0795869946331644 0.164084125809047 -0.0766460489364928 0.0701849948644375
-0.0054434434645775 0.206393165185897 -0.135142734455931 0.0675404004166864
-0.0854947761889657 0.201476024734315 -0.170054867481243 0.00751179535749943
-0.178350929663906 0.13191545198573 -0.120363999530506 -0.00490590142515536
-0.247166660215908 0.0848533810521144 -0.0369453457834081 0.025935365501252
-0.288031147827102 0.0212671582600147 0.0192593467909172 -0.0582735891190918
-0.279485769499144 0.0468380880025708 0.151261425080969 0.0203489844167909
-0.241654907722929 0.154818033417379 0.250097745606196 -0.0472322781561723
-0.157819797578957 0.211829570696172 0.208780774640751 -0.114940011171746
-0.0280843849166011 0.223250510855101 0.114415290946844 -0.159496421725719
0.0443256529507497 0.189760412285111 0.0505602027575159 -0.125154715243603
0.0979348812475107 0.15771915876175 0.0156429599528395 -0.0804033065995356
0.117818670426317 0.111023602519264 0.00386871853428371 -0.0280443730705666
0.12882990829215 0.114678561877612 -0.00114403899553448 0.0195590797241455
0.0873645004836555 0.15402836961175 -0.00703660771514742 0.0657692161504801
0.0576214560647873 0.178933091856337 -0.0527813855725752 0.108430409708814
-0.0332228311577955 0.21564355638493 -0.122133746291656 0.0874700423466918
-0.120385474557183 0.20726157490582 -0.155281689003247 0.00589177233883149
-0.215165253575736 0.116237987328093 -0.0832023055742443 -0.0318891277249237
-0.276257450580126 0.0524050503658808 0.0405675543221501 0.00334044865375447
-0.275924233882922 0.00762263678442703 0.111923465864384 -0.0588517246294389
-0.285082486607657 0.0522399390382237 0.217645161629419 0.00705286822667796
-0.24231816417056 0.169829102093566 0.264414499173063 -0.0456290959476648
-0.142457831787006 0.223557621909838 0.206963590102865 -0.0913619068514935
-0.0124357696053415 0.21954291310536 0.113969141459794 -0.106753546412288
0.0489363944703238 0.180057844167812 0.0738303613585158 -0.0618017201913107
0.0919370611009164 0.153733850988684 0.0536153604069606 -0.0271166848859699
0.1058756705991 0.112798269039372 0.0412664187119503 0.0158796030553521
0.106089728103076 0.120096758004015 0.0341513928879053 0.0634670089135998
0.0564335352037383 0.155522310857585 0.0192381620050939 0.110652570463061
0.0212134734866463 0.170820299577656 -0.0417960014086057 0.145036473928911
-0.0679104011959179 0.192263900433453 -0.114394827217337 0.101479529789961
-0.147682497061583 0.177487139544603 -0.13500893262008 0.00553058118786366
-0.227249692359915 0.0764867712608509 -0.0421051448956369 -0.0464560220002693
-0.267409387822958 0.00593768703317438 0.116119201315982 -0.00478897162127666
-0.213289280242892 -0.0108700201780733 0.179286353736388 -0.0644227091651302
-0.234107100005729 0.0413943182726103 0.255201804636244 -0.0167840001291858
-0.194239103533896 0.14615887126238 0.252932180456552 -0.0425618548812325
-0.103668931016597 0.184465184272785 0.190862930551587 -0.0617937707436363
-0.00251620551879431 0.171636873980095 0.116684527645008 -0.0503467851134479
0.0383310706300566 0.140037062346053 0.0975012033731599 -0.00499948237197996
0.0678045930512322 0.124635992243839 0.0872232248022159 0.0200975940944214
0.0776360499461108 0.0957132992570229 0.0708494968469621 0.0573164194848584
0.0705499327844872 0.104916000368942 0.0567091909569004 0.10821063581629
0.0241377646178193 0.131922850854189 0.026949849083995 0.153881700147659
-0.00876837747498235 0.13794515209675 -0.0473566254623931 0.174460697432205
-0.0847418917383092 0.145440671491693 -0.11306255606418 0.109081481708547
-0.149616145350903 0.125781247777335 -0.112793390001368 0.00924712186074671
-0.207811046883318 0.0279201542592636 -0.00232412130319462 -0.0414612191470542
-0.219790412265256 -0.0397744043901907 0.18094911396716 0.00506752466192156
-0.115505727554981 -0.0348481851871756 0.208825610828537 -0.0700291902153941
-0.144835119622043 0.0135485273426203 0.258173351191192 -0.0386787440859464
-0.116439531560049 0.0857483197193097 0.22531096834646 -0.0311404778707202
-0.058647103879518 0.102342621708985 0.173584511681984 -0.0338762127267103
-0.00652352119136388 0.0936034568724744 0.121281740872887 -0.00797543427075978
0.0119366568578649 0.0802981509763866 0.115869209953523 0.0325215569169376
0.0276658476356373 0.0790088435292308 0.110212781251766 0.052595421605752
0.037888005517633 0.0642732899092023 0.0888494055447586 0.0882095165888769
0.0323084813647647 0.0702483494920962 0.0656561565381563 0.14497528917397
0.00314538702147069 0.0858942072254182 0.0200562422400378 0.186609896046606
-0.0165371061993545 0.0882452594116907 -0.062763941722118 0.192868895119327
-0.0701503886186701 0.0912712949760681 -0.114796873238299 0.113766108119887
-0.118270991698816 0.074331173784968 -0.0939583414739866 0.020971842479618
-0.156276816579736 -0.00849752341566421 0.0264946417617194 -0.0209770131143736
-0.140948459261178 -0.0694899980870198 0.225028592858147 0.029556289607899
0.0476723996984409 0.0510417533372156 -0.274748654828428 -0.0341605039048224
0.0753376666876968 -0.00194001130901336 -0.0855362954340966 0.017606156120843
0.0608678622183135 -0.0391002640255088 0.0812623683723669 -0.0333873171495971
0.00953522203079985 -0.0399156193995682 0.125538970331641 -0.114744657603326
0.00151757549118877 -0.0106468351137609 0.0886975763769743 -0.218704854312413
0.0156154855262295 -0.0148212676201139 -0.0189486825895103 -0.24497497541748
0.0140182941287967 -0.0324991587170621 -0.0899802860327469 -0.187193762367706
0.00852425264962997 -0.0313722556290911 -0.11630018766 -0.117353571991717
0.0230634100391971 -0.0327193805056343 -0.134227395463459 -0.0669639211952936
0.0391193243515956 -0.017038368563069 -0.141735244433817 -0.0389261677927197
0.0372571939387805 -0.000795070037264827 -0.138933886924709 -0.0037682632351515
0.031801630648106 0.00212293506000931 -0.165675140417969 0.0223477673063584
0.0528547546998107 0.00266965103871746 -0.197588849811172 0.0230608849139194
0.0465744902996018 0.0431947826015764 -0.207901573508949 0.0650284843564058
0.0223612319571647 0.0753550402111554 -0.191123534238745 0.101445170064429
-0.067755582026927 0.0568557806184199 -0.241746362755797 -0.0509069301185667
-0.0254658086715903 0.0129477088556496 -0.0549607348257836 0.00465779662918883
-0.0242127577201441 0.006154455419973 0.10906069880316 -0.0514172094620513
-0.0500592112822748 0.0198576720064927 0.141747884933766 -0.124521447492408
-0.020720355862106 0.0599437823170017 0.0993620717074653 -0.224970270062496
0.0212468912920383 0.0559200979661826 -0.0050224443633368 -0.246230523184748
0.0483452080258763 0.0311682015317572 -0.0781209646264502 -0.190185352338378
0.0560584463753159 0.0140275434459671 -0.105258778973354 -0.117162844236771
0.0780038877321605 0.0144136905136734 -0.120537045074022 -0.0604809247714206
0.0794567508705335 0.0443482526886887 -0.125579464221693 -0.0255864381112996
0.0666835204941884 0.0730270866581588 -0.12908443304336 0.0129215271014543
0.0215547646697057 0.0986725644698763 -0.161357916730722 0.0339582530766095
-0.00220367962335822 0.0937913824209564 -0.193188151152962 0.0201339091880455
-0.0457421644484768 0.0917711942438368 -0.185868199305071 0.0559278494517252
-0.0904918424575258 0.0998555111116141 -0.164788918315683 0.0885945413844628
-0.176716320496002 0.0546274706415061 -0.175322410195353 -0.0583482255473568
-0.133648087918929 0.0283524278634887 0.00239893823014187 0.00804850985786137
-0.115674393805125 0.061081286651939 0.158972511236204 -0.0596759594553473
-0.105052543169824 0.0928954403322462 0.168135159868477 -0.134921065290148
-0.0341079173078887 0.132917319078142 0.104883079916781 -0.224779250159498
0.0302961872393644 0.122221403129086 0.00837519117003515 -0.228534448413986
0.0782733442607238 0.0915935249883011 -0.0559923630389769 -0.171552184810611
0.0958516022091323 0.0567106014310969 -0.0776106420864076 -0.0994702458160493
0.120815732253147 0.0556843132764789 -0.088966017864774 -0.0426879467943207
0.10881365854524 0.0951747492118493 -0.0909607548085504 -0.000548681906219072
0.0901538102827534 0.129400143542841 -0.105847243733622 0.0430185177522807
0.0188480827166312 0.173834337811684 -0.150803792486055 0.0558798782130434
-0.0427418771319579 0.170079975697862 -0.187680053892383 0.0212111791451853
-0.121681063883196 0.131579271869509 -0.158327095094488 0.0335849261852493
-0.185759785737088 0.112283839930744 -0.111350916353908 0.0626056280961023
-0.25936377054221 0.0500570561665918 -0.0830850123227103 -0.0586519460614156
-0.230554755532991 0.0486858330587186 0.0791148244266957 0.0162980892132659
-0.195849870213933 0.125107818804263 0.215603499767747 -0.0613452867050051
-0.14365337741834 0.172680079210129 0.196082954787367 -0.138015333412407
-0.0313290140704408 0.197646245656012 0.108056583347371 -0.209098925869863
0.0449229544054684 0.173101627776402 0.0244859490442482 -0.189276513590244
0.101152366853429 0.136681419968292 -0.0259310332210553 -0.133817030658609
0.121238690861427 0.0901339922779086 -0.0391982077003743 -0.0692472530854328
0.142865625004613 0.0896832643522864 -0.0448705769033137 -0.0151235723720196
0.117106717464002 0.133199705217842 -0.0459127245065362 0.0312346992870162
0.0926899844489979 0.166754652365642 -0.07517514456841 0.0795928072169204
0.00754164045133441 0.218237842606967 -0.1365466672858 0.0806051227829994
-0.0771634478405442 0.216541158605602 -0.177765808414573 0.0213874296367178
-0.179841393334472 0.149029963526337 -0.126017253144653 0.00222269431291956
-0.253862645261142 0.104447534232373 -0.0402687067608085 0.0308134789772213
-0.299514401944356 0.0412048664741216 0.0213231005792835 -0.0601859681270233
-0.290457008636612 0.0663281213681063 0.161139601178172 0.0142972788607193
-0.243041253573914 0.17569519103953 0.258252321185066 -0.061548764413861
-0.154847357266151 0.232382185144892 0.213415326345824 -0.128612009540998
-0.0168126368031381 0.23502507114033 0.109922673264246 -0.170583038678409
0.0584532327799965 0.196208217985246 0.0467396140618211 -0.132677872470203
0.113627109100283 0.158841329924318 0.0128501650721607 -0.0831775946697751
0.129541109150489 0.108398321841967 0.00414690288699231 -0.0281928639033931
0.140732255138585 0.111009928899991 0.00120184762104692 0.0221489748918152
0.101722823483264 0.156546958229335 -0.00253973531578171 0.0703949296660159
0.0706959126861649 0.18339285557515 -0.0475695638298436 0.117839950195498
-0.0218056101918654 0.22953176711787 -0.121962637995896 0.100573995854221
-0.113176131128821 0.224106090241156 -0.162050451739711 0.0194071794349145
-0.219241611447457 0.135419394403623 -0.0894854712183966 -0.0270635588940415
-0.286054103456685 0.0723952711340714 0.0394330643097219 0.00265600626346166
-0.286808568455966 0.0265070815014256 0.118015911918649 -0.0666134011161571
-0.294265069125703 0.0713344469319068 0.228572965346494 -0.00322939842061967
-0.242490121445945 0.190893142309914 0.273871636715527 -0.0607887925594656
-0.137877472970287 0.243086765058524 0.212564429582086 -0.104299788683026
-0.000149434087700708 0.229416196084875 0.113958352808074 -0.114965626354233
0.0616344783839223 0.185183169769166 0.075442489383639 -0.0681401943581551
0.106922753901961 0.153641397374576 0.0548469112583457 -0.029980552919215
0.116716265151753 0.110319285380388 0.0455904354211988 0.0157876155580834
0.116822440306152 0.117848406417326 0.0402322150713312 0.0653732739027803
0.0698774100133946 0.159895586378348 0.0277955515812113 0.115368947882584
0.0327851919309947 0.177197673747523 -0.0338120305264087 0.155160405995927
-0.0591176065386597 0.206998317574502 -0.1133988745149 0.115364771627936
-0.143245991125666 0.194026452780546 -0.141443188098037 0.0171848523274547
-0.233383451364774 0.0944683107479825 -0.0468290788848104 -0.0442913378546137
-0.278879954003321 0.0250134569847964 0.11862570617763 -0.010246912783606
-0.222676613498219 0.00409735527976705 0.188272849883973 -0.07603630055144
-0.241446681453303 0.0576640432361667 0.266677676440426 -0.0314006654958973
-0.1932509172334 0.162471325109171 0.261864530365526 -0.0564202901353131
-0.0980462151364093 0.198180687288666 0.197698892107668 -0.0742833312420156
0.00747450170231029 0.177523661509735 0.11948526183645 -0.0572285334679759
0.0482873580439186 0.142485547478995 0.103817975326507 -0.00986060338554099
0.0789910900279648 0.125637993053413 0.0926683303225458 0.0169094160392792
0.0857179143503058 0.0942896842788177 0.078392907616486 0.0567875604830978
0.0794553467251189 0.104424503242907 0.0660209080036451 0.110653230500612
0.0338311567047196 0.137378492185313 0.0385486680738351 0.159465189356435
-0.00135551660352967 0.144778077507698 -0.0383976710024332 0.186047102080142
-0.0800771943072364 0.158573851608831 -0.111862273175257 0.123047303388433
-0.14848502319252 0.139951353414196 -0.118107448961371 0.0197533262210304
-0.21496441374889 0.0426976137232016 -0.00542695600053433 -0.0419174252513366
-0.232127304420528 -0.0256476235986142 0.187025002257807 -0.00420720098594944
-0.121415938017203 -0.0272651353981217 0.217802746819366 -0.0841068306902327
-0.14938381654544 0.0221946392291868 0.268745749424188 -0.0549517245657501
-0.114885230439222 0.094474545192121 0.233451858464964 -0.0443979323142863
-0.0565163084498703 0.109823803543247 0.1808349136917 -0.0445609073901349
-0.00142837878628083 0.0962166849628029 0.126094190211415 -0.0134848099079672
0.016933383199688 0.0818355549489135 0.124907810218562 0.0272949935919296
0.0336917386954731 0.0797797364828595 0.118126042638533 0.0488843312902642
0.0424924477247052 0.0634055678468536 0.0977669070216845 0.0885741608966176
0.0371404356959235 0.0707321056100905 0.0770241411550943 0.148830477591108
0.00848806350538963 0.0898499866203607 0.0323551758815985 0.193101628365612
-0.0126750529633672 0.0925578330471783 -0.0544932394082384 0.205404290885755
-0.0681155654871973 0.0999854550268264 -0.113922584554164 0.127117113462266
-0.118517501857582 0.0828119322649718 -0.098365425580451 0.0303907823446474
-0.161082878173275 0.00100142504802968 0.0252029584255887 -0.0225749085726273
-0.150724703398505 -0.0626706923438602 0.234494646784927 0.0179572932453326
0.0513195517498456 0.0431722977363048 -0.281393676040341 0.0126851022193427
0.0722586518600505 -0.0135313450649733 -0.0812676687718697 0.0352106134561515
0.0533746912991097 -0.0500363024435882 0.0781637611766697 -0.0430902269272435
0.004081910161784 -0.0429141288736026 0.110917075442935 -0.135959219791115
0.00144382317941401 -0.0154551665114715 0.0526781740563995 -0.236884350061468
0.00954949505645706 -0.0218565496756972 -0.0613460314090832 -0.240739081471825
0.00572359392626632 -0.0365586656755824 -0.122739642465987 -0.172425711798016
0.00121118047903046 -0.0312526428085499 -0.135441329318859 -0.100070655241186
0.0157940456323746 -0.0357643315504713 -0.145725581306079 -0.0466021306323962
0.0360760374735062 -0.0225486756589493 -0.151282504545197 -0.017507099537389
0.038131664047864 -0.00563361943758124 -0.142197606130522 0.0169938925905992
0.0348208653728946 -8.99942151929133E-05 -0.165730677519261 0.0456528916083261
0.0540594804612723 -0.00283511938212893 -0.199966693185248 0.051680553738134
0.0565325336644007 0.0377769196115473 -0.203100278626605 0.0932817112297075
0.0353874489233664 0.0727476301026903 -0.180959074907281 0.126906634374791
-0.0639041782951896 0.0721923053964375 -0.24745131046532 -0.0145170463812944
-0.0260468438521526 0.0203637697523234 -0.0521539834802434 0.0134568474784139
-0.0238800494437746 0.0108216824796253 0.103094878636651 -0.0703945542408527
-0.0445577869928403 0.0288000327778177 0.124888947681571 -0.152115409886751
-0.00830161143996174 0.0597021862715081 0.0594483853331428 -0.246670185950237
0.0286757303637317 0.0477659806422479 -0.0494465018814019 -0.24496021994447
0.053419800128331 0.0215664485332323 -0.113284208629707 -0.179055914523589
0.0561995913723316 0.00570527629588809 -0.123770166965496 -0.100321846716982
0.080731453922848 0.00181540147281252 -0.13139712730476 -0.0421836792508557
0.0890780095403174 0.0333574695640536 -0.133444681338196 -0.00734869973291367
0.0794634968041715 0.0631604313505692 -0.130578336585652 0.0320473524989007
0.0414292663259928 0.100158485382688 -0.159824956784982 0.0558655771924838
0.0138381948036756 0.0985616301997725 -0.193480110121324 0.0475206949067754
-0.0297795269143907 0.102234542590509 -0.180158211200914 0.0840840803884395
-0.0760749001853347 0.116251245187875 -0.153932192393905 0.113250293527619
-0.171618419311669 0.0907250224920755 -0.178787100036831 -0.0367322577448956
-0.130610251525539 0.0562032792520511 0.00703562723528389 0.002023904390311
-0.104991253788863 0.0827454951803182 0.150270644096259 -0.0932765761289977
-0.0871184995034755 0.11336324126076 0.14823787064611 -0.171151549555411
-0.009167985516234 0.134745210455126 0.0622985861426769 -0.247285010458746
0.0498710827343979 0.113163035144853 -0.0346508749795472 -0.229280345130016
0.0956736525674851 0.0773622524457667 -0.0892504772477908 -0.165032405907031
0.103689397457808 0.0418887252308618 -0.09344077492954 -0.0874478983488826
0.131764694277863 0.0360090123820599 -0.0962262762719705 -0.0284115659842608
0.12852738485845 0.0788498902082093 -0.0951297430181108 0.0129826275605496
0.113478905737771 0.115537715475214 -0.103230241207047 0.0592004985272014
0.0523387580120989 0.176873229886627 -0.146585838839865 0.0753249985504063
-0.0131888831421261 0.181884478207242 -0.185236799890371 0.0468714904348757
-0.100775747775758 0.15563949062129 -0.153312138170637 0.0587979945687382
-0.171805490866074 0.144444690240395 -0.101409869361089 0.0829235385217339
-0.253642853312744 0.101283274589356 -0.0842943555539502 -0.0554329416444212
-0.221876498494213 0.094299850567019 0.0861020907914952 -0.00789326907222426
-0.172641339480492 0.160128144384641 0.204795374719608 -0.109283571696561
-0.109561774327794 0.200078809526991 0.173118657020573 -0.182719880099399
0.00397411243176616 0.199447957029448 0.066114675395537 -0.231035484914337
0.0726649797424724 0.161931240191878 -0.013479449700628 -0.192958923945246
0.128959894139764 0.11918980519994 -0.0540679885891063 -0.133213209018555
0.134551400771936 0.0704424144637135 -0.0503884446210571 -0.0616334412138247
0.160490310822162 0.065638591910544 -0.047196545808931 -0.00652793941343418
0.144111313767645 0.116105865924228 -0.0450702785247546 0.0386273318215808
0.123128340927898 0.152507007435021 -0.0664239314018685 0.0909877444055109
0.049271989712148 0.224565585623934 -0.128257273614282 0.0969960624070382
-0.0405602746876523 0.23427770613551 -0.173376802094225 0.0453033757619639
-0.157240052242172 0.18340719251431 -0.123835912273431 0.0248592113142455
-0.241959363343895 0.147730221156157 -0.0327669949667897 0.0431931106346794
-0.293485422132237 0.0998522874487063 0.0215435183038977 -0.0758610975594503
-0.275535625949577 0.12191530333931 0.169003630072159 -0.0263723907947947
-0.210255071859561 0.219177214780509 0.246616112953625 -0.119731761278986
-0.108431903965678 0.261935490463321 0.188711833760596 -0.178568468825726
0.0258833876982978 0.234344293858775 0.0727118473117209 -0.19205442401923
0.0921760604229899 0.18337030938321 0.0185483121290607 -0.140002326884081
0.146368815994331 0.139037663297202 -0.00703007783871609 -0.0894184622073949
0.145879977087264 0.0875121491741652 -0.000953816563816254 -0.0268532658036007
0.163011758743629 0.0875300397583433 0.0048245415209849 0.0243057713889791
0.134112521723438 0.142148008776495 0.00557601977534347 0.0716492277470338
0.104109103900464 0.173559644600568 -0.0325389296454868 0.125642005299637
0.0216110533243135 0.240484369303734 -0.109456546083579 0.115505245240315
-0.0760654749676204 0.247707024954349 -0.157115864506014 0.0418117983936143
-0.199514047341929 0.175311191295625 -0.0900534171124121 -0.00903610112134406
-0.280223118257978 0.119793806339369 0.0437184073183181 0.00527329428519672
-0.28073988905228 0.0821703953192718 0.11741354453385 -0.0977827947674888
-0.276499354603968 0.126828104511655 0.233039315556474 -0.0567917199315767
-0.204165156937715 0.233681141033381 0.260990051810229 -0.12309366893941
-0.0889162347200356 0.269186864712996 0.190675972865221 -0.154457755061817
0.040773904655322 0.226581091397922 0.087068045042867 -0.135627679860015
0.0943259631951048 0.171738600447439 0.0586076573133925 -0.0799365230662528
0.139583873465575 0.135558884371947 0.0447227801277966 -0.0424064613467331
0.134524249938169 0.0908541637085876 0.0479578820602236 0.0105443855426044
0.140213203954851 0.0978578166892076 0.0506919495946506 0.0629668769956231
0.101918392793982 0.150822336308542 0.0438421957167503 0.112023086143585
0.0647898391561604 0.173260818120233 -0.0128602987774121 0.161158587741525
-0.0208142765390116 0.224517610933784 -0.097722074155375 0.12932412952068
-0.110849534865173 0.221547002002469 -0.134984071056586 0.0374004528296742
-0.221345759698617 0.134918178739644 -0.0506269252501386 -0.031481452935478
-0.280656038546022 0.0695063969155018 0.12083136883328 -0.0183701276535279
-0.220073496081163 0.0458502724705013 0.18497146437902 -0.116580542853919
-0.22548315924205 0.101360327346363 0.265769049011372 -0.0891480357854135
-0.159778810916176 0.194699254549692 0.249802281315804 -0.113944706603694
-0.0589522016561104 0.216366414492648 0.182072301015723 -0.117763740863006
0.0400402731640673 0.173993919772003 0.104187115614714 -0.0775686054874339
0.0744384993585164 0.132698115519604 0.0991340577157823 -0.0281264976721199
0.106307683675701 0.111617749743616 0.0923190539975308 -0.00133012928491823
0.102200405115265 0.0797537690298942 0.0871906160227212 0.0462295541957775
0.100368726881729 0.0913351788025206 0.083345523415602 0.104544839288194
0.0622834005487882 0.133329986102262 0.0617925913787811 0.155355755043892
0.0251517585261706 0.146635370266123 -0.0125083448163141 0.19295318998469
-0.0512749645325827 0.177715427558128 -0.0950672678765803 0.138153763925718
-0.125257855553129 0.16677708941326 -0.112061436701467 0.0377003330963401
-0.209946829506825 0.0787053331804677 -0.00908395250165532 -0.0357439920596499
-0.241028662426871 0.00995992673694015 0.188547366902418 -0.0223859113512474
-0.123685317680177 -0.00630328083051336 0.211587246622499 -0.124904012782444
-0.13912145052076 0.047235758210535 0.263812268522586 -0.109552025937214
-0.0944817933607844 0.111769002477806 0.225438222057569 -0.0917810746398143
-0.0330638354672452 0.118902380087341 0.171858749325814 -0.0810771695477783
0.0176054013671157 0.0937940246792423 0.122154785560811 -0.0354638543618129
0.0333103940239388 0.0770099257621081 0.128862474414764 0.00569194167259709
0.0513611293525468 0.0743394179226014 0.125237088238484 0.0275442455480782
0.0540894898026755 0.0563252934503618 0.111904485307231 0.0751007599406804
0.0522746427262326 0.0647015264562131 0.100173842322919 0.140039943476949
0.0272771265938491 0.0894802166505773 0.0605412617771455 0.191184867067049
0.00504179833522633 0.0952972675495641 -0.0258771898852938 0.215670045514096
-0.0488942936950077 0.114960097307957 -0.0969920663303752 0.143510296540611
-0.104778410925723 0.102755253686772 -0.0926515825910575 0.0463217125195309
-0.162220971830153 0.0268252152345621 0.0231148975227626 -0.0213704075376868
-0.163357271114348 -0.0402724018898797 0.23815356292595 -0.00810843490720807
0.0525131809631616 0.0400133669016025 -0.279641615673822 0.0259645469388118
0.0704979587158613 -0.015695463326445 -0.0785829054883222 0.0400280769154051
0.0500257307485936 -0.0501923658836787 0.0790004813165229 -0.0469544043044492
0.00283173899301569 -0.0421951163814617 0.107796073310764 -0.14312658427331
0.00277265301089947 -0.0150210551806624 0.0416611763456542 -0.240849479262796
0.00876786330245403 -0.0219624861384625 -0.0745072016886663 -0.238628404144153
0.00370328536665526 -0.0365463258414144 -0.132506003512435 -0.167626096879321
0.000235162807398626 -0.0306832150320627 -0.140937285566163 -0.0954714290762238
0.0145628145001033 -0.0356633322083738 -0.148826480417212 -0.0391851696136349
0.0352555793620258 -0.024673988392265 -0.153828824030658 -0.00943001224153752
0.0384339885446036 -0.00798127083202486 -0.143301547801749 0.0234587085128374
0.0349830397156728 -0.00134957684959855 -0.164098066334675 0.054734861625539
0.0532473910751705 -0.00447956203114923 -0.199771221426256 0.0611897819624401
0.0583499592571985 0.0348508368884312 -0.201669699352998 0.102901987940714
0.0380992740626562 0.0687570503250879 -0.178573162873243 0.137165499695133
-0.061599900563872 0.0752681494138119 -0.246699842227495 -0.00275468253142106
-0.0272177273870073 0.024035068334779 -0.0500341027513273 0.0160216983516894
-0.0246252782169898 0.0144822129682413 0.102701737137501 -0.0748892634732446
-0.0437111100514586 0.0344863073010916 0.122220314138564 -0.159784923838971
-0.00355599131668401 0.0616155374113324 0.0490667856997021 -0.250504279741696
0.0325215111433355 0.0484992189585071 -0.0617221632785926 -0.243928393465582
0.054937023805157 0.0194083191920443 -0.122241472684672 -0.174384633479721
0.0572145561143595 0.00414922460912058 -0.129025801959386 -0.0968936478076143
0.0812245178406616 -0.0019280849267078 -0.13295985494513 -0.0350492640142324
0.0917339287017766 0.0289355389632985 -0.134877379147916 0.000262038996953673
0.0837913111743027 0.0602220985559897 -0.130128183424187 0.0388171001655197
0.0476066550764895 0.0997689703094056 -0.157063936758065 0.0643108724887604
0.0181828764689499 0.0992104432909418 -0.192583458095415 0.057556099052103
-0.0255590849610759 0.104508466082516 -0.178757640375187 0.0930039828890729
-0.0714318809655354 0.119351044610349 -0.151940480020777 0.12267310501008
-0.168484849319095 0.100207997525865 -0.178379153171966 -0.0288154111550932
-0.130724656008196 0.0643898723487565 0.00898378523588536 0.00221056560339282
-0.103253300489046 0.0895620085867486 0.148867617664986 -0.0987400036459242
-0.0825299993569911 0.121750477075048 0.145248938270443 -0.178775419678962
-0.00175411860176366 0.13819714988333 0.0524231782738916 -0.249864272651368
0.0569967152866398 0.113430847201869 -0.0453974701611192 -0.22869987479392
0.100859424677142 0.072700233235161 -0.0976198812613829 -0.160250734764075
0.106192581356439 0.0372802154884348 -0.097130148545812 -0.0842761685125845
0.134565412789706 0.0295208848854021 -0.0965106315235112 -0.0228028027652433
0.134542224369677 0.0733764153267736 -0.0948027441890883 0.0184811614622433
0.119492361107441 0.110931661973905 -0.100246643170537 0.0652025775848906
0.0627742399253035 0.176490776538541 -0.143076797546187 0.0845169606050425
-0.00511958524229188 0.18513330183405 -0.184114739659357 0.0580952077048605
-0.0943375709364455 0.162442956062683 -0.152521854027037 0.0666327184849245
-0.166035973372632 0.153074276055753 -0.100377617687927 0.0901979595394876
-0.249376710366807 0.115194032948661 -0.0834520554545076 -0.0521618479134522
-0.220471819988839 0.106943463403598 0.0887525846694221 -0.0108307884183882
-0.167613371094636 0.170613371234621 0.202897888133206 -0.116987904586015
-0.101160524440108 0.210844840605849 0.169938516014983 -0.191857972703215
0.0144355853744032 0.202017150538075 0.0567509054656895 -0.233416748472535
0.0829181428329225 0.16080210134451 -0.0216673222011608 -0.192913510155664
0.136977757278639 0.112165946062692 -0.0602280751700858 -0.129477330971081
0.139201549303055 0.0646570694446182 -0.0516197682181522 -0.0601199680774938
0.164099402919144 0.0574198256741281 -0.0464611622452744 -0.00351052055540049
0.15284408432516 0.109775545344982 -0.042266547516226 0.041507907441626
0.131128165234809 0.148122974168167 -0.0620225769374851 0.0966366338093993
0.0618179920642764 0.224448786756311 -0.123389445572568 0.106176295193071
-0.0297919209440597 0.239096475369406 -0.171881212053266 0.0567461354380719
-0.149426983441942 0.193232326116498 -0.124252274760744 0.0314142286926299
-0.235958744778425 0.160943689508403 -0.0329743916878319 0.0467706297236456
-0.288495970308926 0.116315317195206 0.0217941079010727 -0.0783563942946967
-0.271712562440164 0.137170421914588 0.170241931862928 -0.0342203357005355
-0.201706725399693 0.230562554420684 0.244080618455741 -0.129257047362885
-0.0979346667178091 0.272198919866438 0.185464002151878 -0.187089718082431
0.0371710147256007 0.236260975761201 0.0663188930898341 -0.194239842945564
0.102704968747157 0.180880340258973 0.0130906110422567 -0.141042921431579
0.155251458013161 0.131546512527152 -0.0101869897172059 -0.0875717594575847
0.150844068469022 0.0807279897786011 -0.000106472460021621 -0.0272799502821424
0.167372287037387 0.079613827473159 0.0073529429784789 0.0252194348044543
0.143890075963314 0.136069555355658 0.00979115033173193 0.0719395036251008
0.11324544528362 0.169833942803965 -0.0260007671438302 0.128721115315348
0.0348383266006967 0.242880035193282 -0.103341244635024 0.123656520973974
-0.0641295731269875 0.253575845356961 -0.155247161802044 0.0528760741543287
-0.192166878432732 0.18824056753137 -0.0913441454942727 -0.00417119329343999
-0.27573827778042 0.13588264746271 0.0423012670059809 0.00502108022109579
-0.276562238229414 0.0979653982007371 0.117620343117807 -0.104918194526594
-0.272983414945022 0.141719433354224 0.233649440597062 -0.067018961549314
-0.195129626594132 0.244067300893515 0.258716867662206 -0.13362031812594
-0.0779401736486896 0.277994915618732 0.187908297865239 -0.162806641917039
0.0519830627457904 0.22616161160566 0.0831591462952253 -0.137982432545684
0.103442240285999 0.168636811701029 0.0572904104449185 -0.0834509831240449
0.147967444604874 0.127613222552072 0.0439664551795693 -0.0426399804499497
0.139752521005721 0.0848486555874191 0.0506275894946688 0.00859582762418047
0.145260810607696 0.0904584968990761 0.0551861978708956 0.0613806937323361
0.112125921855162 0.146410698224308 0.0499458293175157 0.110638397123322
0.0733542017785867 0.17177539815114 -0.00453704151498811 0.164046153917799
-0.00845023393580998 0.228178688033807 -0.0918210067104289 0.137443639702494
-0.0999706811387312 0.227375799584677 -0.133377529951666 0.0473604704847393
-0.214976317214748 0.148322478629994 -0.0523675815019345 -0.0289532308934777
-0.278501549390683 0.0853150617787347 0.118933605180456 -0.0234057797385806
-0.216380230937513 0.0585259576282533 0.184222605028482 -0.126497972567315
-0.22164295394219 0.112628980001709 0.264769739039026 -0.101762995901444
-0.151779235945417 0.202784765643376 0.247510085654277 -0.123975355472392
-0.0494694161401223 0.221621818020339 0.17992956554521 -0.126410843937386
0.0478352399418639 0.172806172620794 0.103101581008221 -0.0811042446433643
0.0804356241415565 0.129581466432653 0.100532303213247 -0.0329621031266439
0.112772876799278 0.105383831966455 0.092877219244841 -0.00438856759986446
0.105706067423176 0.0748375654890791 0.0915796932543297 0.0435668458042653
0.104641337387796 0.0856870847912814 0.0897652057045192 0.101743302922911
0.0702283857596354 0.130833932954447 0.0703400706985964 0.153267796668677
0.031901736602131 0.146593604176417 -0.00197388896493624 0.196162465202993
-0.0415571565246872 0.181904634171806 -0.088688082172405 0.145289942411818
-0.11718946463807 0.173108078156483 -0.111154711531986 0.0466777578778425
-0.206811642443659 0.0901947454496287 -0.0111164323745166 -0.0341157979249704
-0.240648076093812 0.0243075472569769 0.188041779316474 -0.0305752707514475
-0.122354687144536 0.000448410919473358 0.210809394994988 -0.13680157197744
-0.137143971619539 0.0536814088956542 0.261650008149234 -0.122015834516539
-0.0898908411097817 0.115816296092048 0.224169713794623 -0.102812755367901
-0.0282050860020109 0.122139956238509 0.171790155472209 -0.0903946749160737
0.0213339671665378 0.0931958021882293 0.123091177218511 -0.0402855072179165
0.0361608963630811 0.0755767523309818 0.131819028421988 -0.00142950879999038
0.0558728651429392 0.0713248124049738 0.12726602030239 0.022317013991983
0.0562082983689507 0.0539565316765006 0.11690312012037 0.0710366315250837
0.054311001762191 0.0619796283353782 0.107861893210046 0.137386774820755
0.0329781879709577 0.0884025506879321 0.0700837561162341 0.18887235418606
0.0091804966730289 0.0954666619855668 -0.0146768645486454 0.218852890290152
-0.0429618200627575 0.118707288821105 -0.0911389992968347 0.150452231781846
-0.0997006478367177 0.107083211953514 -0.0916010120853346 0.0533490258295223
-0.160785083032387 0.035140587049723 0.0215895879594089 -0.0217925662906406
-0.165055762749268 -0.0312937000808974 0.23744344290135 -0.0197345880146738
0.052509575247545 0.0371045379079174 -0.28037560295558 0.0342474975055314
0.0700741821299223 -0.0159048112820714 -0.0775323846678393 0.0416349877011544
0.049124439350206 -0.0499773342688846 0.0804783617889974 -0.0500726293241616
0.00249522988288157 -0.0411821919804641 0.107628865586812 -0.149039594210174
0.004346341096516 -0.0145268886434972 0.0355226802864335 -0.245994719451094
0.00935124333824557 -0.0213975034595701 -0.0827636892242817 -0.237970910926566
0.00252205781304782 -0.0363659229906886 -0.139285296927414 -0.165881326215048
0.000458050097356036 -0.0300051402811559 -0.146597536611617 -0.0947039444858704
0.0140096344282243 -0.0359245133128481 -0.151149103954241 -0.0353000804582598
0.0349793646008169 -0.0258823928595335 -0.157090682907859 -0.00444190129236962
0.0391021712025997 -0.00934413596198022 -0.144601356838863 0.0274966202848332
0.0358621280537011 -0.00180738899848664 -0.163967201199228 0.0588363830689771
0.0533491306755901 -0.00444262169943437 -0.201830766479566 0.0667159036286666
0.0591294004893506 0.0329326816468237 -0.203368516136704 0.108884800678869
0.0391707123914852 0.0665246905551712 -0.180010472034974 0.144325089180346
-0.0611578422583924 0.0773604287551029 -0.246719725401893 0.00352300786058116
-0.0275541372584776 0.0265228753221843 -0.0492787808766149 0.0175196182341585
-0.0256067003169084 0.0178858552637873 0.10404308070075 -0.0777274834446755
-0.0428959169347996 0.0389086803924251 0.122973305244509 -0.165472504952708
-0.000142959627760075 0.0638037075885189 0.0433328344128119 -0.25498882979159
0.0359663311249949 0.0497230440689582 -0.0693778279544205 -0.244128521391717
0.0562485632443602 0.0182958879429935 -0.128929518460447 -0.172193056597539
0.0591426138682028 0.00334542845186999 -0.13261017725765 -0.0964800186300259
0.0823909110606881 -0.00402044581098509 -0.135003994601726 -0.0315971542302048
0.094156144138847 0.0267054521327581 -0.136867159442226 0.00556396183302862
0.0864243849337244 0.0580456260777288 -0.130508127086983 0.0430817117734743
0.0514593846520725 0.100270352716326 -0.156636745116463 0.0696715400931332
0.0201866034759706 0.101312870818934 -0.194026779491308 0.0645776562253637
-0.0240285834776733 0.10671740278796 -0.180147595953111 0.0981018339464555
-0.070001031807397 0.121132714974403 -0.153626719647713 0.129423996645369
-0.167709989919316 0.106366660298728 -0.178029701724793 -0.0254311238021233
-0.132071581756509 0.0700190249777362 0.0105491685667497 0.0028945032956138
-0.103537143855255 0.0955663844184821 0.150701672599551 -0.102443328318499
-0.079937513334084 0.129769411982878 0.145650329478606 -0.185416701948384
0.0032128009536795 0.141659794891252 0.0477355295517822 -0.253767839234893
0.0631807544611983 0.115151437370864 -0.051936119352194 -0.229686723664454
0.1048590382698 0.0702034419276174 -0.103061464865861 -0.158333382579232
0.109911488042325 0.0361808144647859 -0.100014277533569 -0.0846468008155908
0.136254174937677 0.0260003644991971 -0.0967723381962955 -0.0201497686580281
0.139339799129733 0.0699963701390578 -0.0954820417870745 0.0223475329740108
0.124620332152438 0.10886027229887 -0.0997707440117249 0.0698666969283623
0.0693335418463409 0.178291832541736 -0.141218881728746 0.0901296907948859
-0.00025508808460991 0.187985672743459 -0.18570840213864 0.0650493742151721
-0.0918149139462488 0.168248093598972 -0.154269672734239 0.0716223354350065
-0.164230598882941 0.159296968229839 -0.101596336905629 0.0954781195775538
-0.248474009807731 0.123732571411487 -0.0820378291629855 -0.0519564575887426
-0.22133081333778 0.115820535889194 0.0902966117535786 -0.0129415748887641
-0.16620993541736 0.177812403357536 0.204741329667253 -0.12096918702499
-0.0974723977241258 0.220142178079556 0.170582543855042 -0.197872216514132
0.0209909350665605 0.206665969239449 0.0533367198444185 -0.236506051126565
0.0894923391120844 0.162353121548505 -0.0257677037654255 -0.194384291716126
0.142520672170103 0.10915233227661 -0.0629351558283846 -0.127311233695523
0.14360922849875 0.0617049108392511 -0.052794717017965 -0.0614867180542566
0.16759264149304 0.0531733722812134 -0.0454390303163541 -0.00126916860361408
0.159385632157515 0.106578237088141 -0.0414547452100537 0.0435382250213143
0.137136128186883 0.146389344618707 -0.0586719315767691 0.10010067648755
0.0706357794791879 0.227002589134542 -0.121075844645357 0.111960825930631
-0.022975463167196 0.243265683319846 -0.172311063951289 0.0638705804173544
-0.14622390704342 0.201266813464306 -0.126504523337442 0.0356124366182578
-0.234633733163604 0.16933108566606 -0.0344363397366904 0.0499164108438191
-0.287099417745295 0.12666273478138 0.023260640478975 -0.080562189833681
-0.272555621409415 0.147373833055102 0.172653982705782 -0.038087065775517
-0.199060813540263 0.239526151450506 0.245829840268 -0.13484846585825
-0.0917218469811321 0.281998772233238 0.186369190607297 -0.194064621635935
0.0444834695498491 0.239987748189557 0.0646551022216525 -0.196396556856823
0.109560017444795 0.181598311413052 0.011309959243993 -0.143606344296407
0.160947059464579 0.127238942902834 -0.011468831646505 -0.0854328491361306
0.156027788157095 0.0777206939653238 0.00109427813053317 -0.0287501809911533
0.170551162374143 0.0751373551186953 0.00944215722087257 0.0259567463344196
0.151241992779887 0.13331696865121 0.0125316180733998 0.0730747813195409
0.11860839306022 0.170067672663895 -0.0212812333366374 0.132641292716316
0.044020394706166 0.246706415119198 -0.100239577277272 0.129830431695686
-0.0574961876814442 0.258416511543133 -0.154815981464444 0.0594516962076794
-0.189728472129567 0.196580091627554 -0.0933219635903698 -0.000857006134296798
-0.27492085937628 0.145535195777305 0.0408335006657259 0.00573077283659287
-0.275784094427375 0.107510765617822 0.119936398354197 -0.109664698360345
-0.27194388884444 0.151785524221812 0.236009675374116 -0.0739634948516478
-0.192330029117019 0.252560549490126 0.260636645516729 -0.13918365007793
-0.0709741452309419 0.286106419875331 0.189075773404469 -0.169642281255556
0.0585971156114816 0.228379794329226 0.0830995878640247 -0.140432945021216
0.109371610104601 0.169121924464678 0.0583055385710667 -0.0862828815400934
0.153969548931842 0.12336182579789 0.0441486773665466 -0.0423157975902868
0.143954284738086 0.0817498218587803 0.0535755333520444 0.00739037840463673
0.149087590541272 0.0874710886202394 0.0588029674601322 0.0610481731860466
0.119693268301757 0.144994159773578 0.0544444861551182 0.110386752824331
0.0786503369721748 0.173113521929554 0.00158122293657168 0.167207538712939
-0.000558241564271105 0.232534165926048 -0.0881269429073467 0.143329735979897
-0.0950685460459922 0.234004831843143 -0.133056990901749 0.0537567246359003
-0.213091341803807 0.156753233910989 -0.0537986366394869 -0.0269960619402592
-0.278733015395453 0.0955536298454843 0.11830921083672 -0.025276627181591
-0.215438189838385 0.0662941213733497 0.186373307753261 -0.134099504060013
-0.220386822315877 0.120968819134576 0.266356885019158 -0.110405865305503
-0.148945609201183 0.208471731346687 0.249407511617704 -0.130265092873237
-0.0430839682269589 0.227742236808345 0.181026282677613 -0.132418125266649
0.0530125426836357 0.173264888100722 0.104782680554056 -0.0828136518459186
0.0845664706996526 0.129225336978604 0.102989404772825 -0.0361819018066741
0.117821854211509 0.102409410508985 0.0949903177383423 -0.00518016128535922
0.109147907482236 0.0730866220262495 0.0957453282028235 0.0421048107571061
0.107723776432534 0.0833486317573522 0.0942336712941769 0.101642843046698
0.0762012466918665 0.130380019273581 0.0756715780617971 0.152103561563486
0.0358676204786609 0.147952253968752 0.00435227290981737 0.199527460581571
-0.0360113679075654 0.186683170308713 -0.0848075130393957 0.152193608433817
-0.114118527533162 0.177111503010731 -0.110486804959842 0.051777672853368
-0.205524680209151 0.0970810672249795 -0.012095400668956 -0.033685118687418
-0.241363591993795 0.0323107811712531 0.186927927237795 -0.0348243865764325
-0.122202322963532 0.00485420270290423 0.212321725969711 -0.14423420591306
-0.13647068887742 0.0579348442134117 0.26294355201459 -0.13108601542161
-0.0882307870391856 0.117815410723088 0.225315611637195 -0.108106100665321
-0.0255675432336397 0.124643823689867 0.172759860215745 -0.0959415062849585
0.024010276826762 0.0934582257690253 0.12571666106841 -0.0429544660580198
0.0375922224873984 0.0752558209231147 0.136021338511644 -0.00557829577727723
0.0586479025435302 0.0693989192008912 0.12973267059505 0.0198567159916088
0.0579769995203757 0.0531719169930299 0.121740182431493 0.0696408963760724
0.0564832755986518 0.0604670287926362 0.113061266277355 0.136359795243232
0.0360495768425376 0.0878518754093583 0.0759020954467931 0.188673991130883
0.0113086298941276 0.0963278977536122 -0.00879536616170486 0.223322267007771
-0.0399679195588542 0.121671505984047 -0.0887933638320847 0.156522466823636
-0.0980546216899956 0.109977064143697 -0.0909671704251249 0.0579325195813501
-0.159640198860897 0.0390388949764706 0.0204572489378568 -0.0222335043971984
-0.166745575530647 -0.0260348536361833 0.237431377741413 -0.0257909042591587
0.0521982551027072 0.0355934886760532 -0.285842808048269 0.0404789496577032
0.0715113215669146 -0.0163940058243952 -0.0779429344620284 0.0448684561804559
0.0501024857027189 -0.0500540180017689 0.0848003415169608 -0.0535876341023266
0.0024414766661543 -0.0408605291223849 0.110262326938398 -0.157831148765829
0.00638671553414025 -0.0151186894215295 0.0322860973651254 -0.25564667781854
0.0106647157027788 -0.021308716539426 -0.090300848483273 -0.243692305639588
0.00151674369341915 -0.036536600068551 -0.146331703452201 -0.168820883459609
0.000978844192731872 -0.0302500299038801 -0.154198506099047 -0.0969146968151596
0.0141161864988233 -0.0361444738349152 -0.15680951599612 -0.0341207119297609
0.0361561025486804 -0.0270017284241313 -0.162870206103765 -0.000826588273797666
0.0403822402905131 -0.0108944969416422 -0.149741437808417 0.0306107807655012
0.0372688819712086 -0.00109939369492027 -0.167909432039832 0.0625248201383042
0.0546825589437441 -0.00472571801894125 -0.209381113548244 0.0728715141754175
0.0607213726311559 0.0328016781160488 -0.209540573630988 0.11544756888263
0.0402336793951601 0.0663371122116164 -0.186529625395493 0.152845551820531
-0.0632403353609587 0.0800401593257391 -0.252101134892311 0.00730770491917672
-0.0292245580253539 0.0288449927240646 -0.0500413043489555 0.0199368531632338
-0.0267820857110288 0.0208824003504047 0.108726496385174 -0.0820256055925721
-0.0428709236505231 0.0441399502037513 0.126486167642009 -0.174475187738765
0.00298646710162636 0.0671094931481397 0.0412932147085522 -0.26423061359157
0.0399956881003217 0.0516057856080854 -0.0761635366553514 -0.25009239918722
0.0586419472032112 0.0184280125042499 -0.135225496731948 -0.174620552958952
0.0624565096061784 0.00278443572002977 -0.139519544922464 -0.0989288795234094
0.085025361570266 -0.00507953335347908 -0.138797308082304 -0.0304006172497105
0.0982964418165051 0.0255490647416336 -0.141258952263414 0.00865173376433401
0.0906404060204726 0.0586904870448775 -0.134048749483732 0.0471136750667964
0.0560542361059722 0.103682482637211 -0.159925321395948 0.0741810188634898
0.0229747936746062 0.105295431841494 -0.20072906603589 0.0702343994513283
-0.0235196628895117 0.111159216088672 -0.186246429919537 0.104583519379907
-0.0708316632444558 0.124949284695668 -0.158909020603257 0.137443644803697
-0.171447244910021 0.112188661370683 -0.180895215932979 -0.0233759599558181
-0.135490638084642 0.0759085377557352 0.0113944235024187 0.00325511308847866
-0.106341301943748 0.102384270856456 0.156915436954056 -0.107003278493218
-0.0798571322452036 0.139259932269271 0.150697767424524 -0.195032038121198
0.00722763060505961 0.148522219519095 0.0462698672720947 -0.263236737883024
0.069243248306443 0.119095612991814 -0.0565443019158816 -0.235893903163809
0.110270671875938 0.0706450776867542 -0.107270002775019 -0.159580487178758
0.115476240198811 0.0353151186598018 -0.104690309016437 -0.0876668627966641
0.140891404025963 0.0246344343690795 -0.0993643732888756 -0.0189176275730391
0.146211977825071 0.0696841690131755 -0.0976562330535093 0.0250936839194448
0.130636748715506 0.110425195655971 -0.100900283269541 0.0747016356867531
0.0765062555348251 0.183717238742872 -0.143269760775941 0.096510383319091
0.00299862839271873 0.195306809981667 -0.190561908349965 0.0719164609852296
-0.0918606558328191 0.175979070321789 -0.159554166174834 0.0767712794999295
-0.167147703101593 0.166542614926515 -0.105510751176146 0.101905772499503
-0.252602974558384 0.13271121649763 -0.0831159717814368 -0.0529477919930671
-0.227194116695925 0.124220481841538 0.0936524290494685 -0.0135205560402614
-0.170681891168102 0.187934599863218 0.212384942409483 -0.126377665221118
-0.0963416906303947 0.233513951043 0.176192983817208 -0.208261534618245
0.0262244278297855 0.214938241809877 0.0531717200710051 -0.243803688497335
0.097896706429903 0.167899910350295 -0.0285533426261168 -0.200200044867077
0.149958140297314 0.109219459994735 -0.0652833539468769 -0.127980692789927
0.15092446877998 0.0618354215311087 -0.0549422633076616 -0.0637878200078281
0.172931045355098 0.0516512750176301 -0.0454128562357245 -0.000558642359218379
0.168700827786996 0.106660222923798 -0.0419262248619772 0.0463457430576297
0.143953694990211 0.149040359717419 -0.0578831748628415 0.105189459525268
0.0783316108373602 0.234518527053655 -0.121186779710152 0.119520847749243
-0.0198354967377848 0.252056530526177 -0.176594808693266 0.0708174191503499
-0.147285765265926 0.211363225933159 -0.130889508790714 0.0386211422066504
-0.239372788341913 0.179110689871479 -0.0366402629190234 0.0539193636078492
-0.292191861173179 0.136200615631863 0.0260997117798935 -0.0848911946074008
-0.278956484181001 0.157997116768118 0.178060982331055 -0.0409578246942241
-0.20331253480264 0.251996857246773 0.254963932294926 -0.140826859877616
-0.0891419965140981 0.296394154578425 0.192565208494095 -0.204129791690965
0.0513320246002984 0.248523695198912 0.0656103300357782 -0.202552468792638
0.117791591423229 0.187164712455048 0.0111200424243757 -0.148090919573577
0.169450101205644 0.126661354817686 -0.0113694964716085 -0.0854033482504913
0.163340460602985 0.0774358691808818 0.00174461482521954 -0.0310682733680785
0.176688945370724 0.0741160026595133 0.0113672739685637 0.0266319246148947
0.160666691781916 0.135100999326668 0.0146110638983935 0.0748385397908562
0.126551066687085 0.174097124557111 -0.0180872518322021 0.137801417755345
0.0511097028064126 0.255015076456734 -0.100128908178954 0.13744071439217
-0.0546227674868316 0.269121355487354 -0.15805435140836 0.0659159025593793
-0.191470141304809 0.207314863720118 -0.0976053421239927 0.000808670809513813
-0.280833157840014 0.15617206893331 0.040852549333748 0.00656760994131071
-0.280348600029023 0.117582659059885 0.124570879092365 -0.11704843497642
-0.27787416593196 0.163242424903167 0.243429925660263 -0.079995745051004
-0.194726907154812 0.265040079579487 0.268468312332456 -0.145814172916888
-0.0677087670348504 0.298989247305843 0.194905216907889 -0.17863992177001
0.0648763530773521 0.235435153107521 0.0860178100954193 -0.14455765043489
0.117022530112403 0.174009453709634 0.0601722295230653 -0.0906553404483343
0.161589123263186 0.122403006498373 0.0465360986554552 -0.0415290934172996
0.150482821440953 0.0815359524027991 0.0566083347781422 0.00567200777450238
0.154076627753793 0.0873908836594837 0.0632959693562663 0.063218662782853
0.127934225200999 0.146452883721955 0.0577997450306821 0.112971693219921
0.0845251058163329 0.177511332925111 0.00651752507293966 0.173856027780906
0.00454955693537099 0.241030805897094 -0.0871218135775338 0.151723428351331
-0.0942371461123304 0.242754014246487 -0.135624344337535 0.0599546809532284
-0.216586785809728 0.166610681274376 -0.0566875397148443 -0.0266382349463417
-0.284906157373521 0.105099074146094 0.12025715938011 -0.0269077315713994
-0.218883381544336 0.0732268557392338 0.192378203927637 -0.142626650008705
-0.224762446860548 0.1300223740041 0.274128902968835 -0.118411078748766
-0.150932215374345 0.218511605920574 0.257240469928739 -0.137182451552398
-0.0407089498567887 0.237290786355483 0.186998373088501 -0.140843465731031
0.0579164889066914 0.177850095973621 0.109285718666355 -0.0866943799559273
0.0903825809135874 0.132696308164757 0.108184303689825 -0.0404859661965591
0.123575335171142 0.101249580576583 0.0996332417979035 -0.00511206999578025
0.114545541962802 0.0734189128449489 0.100925278928838 0.0417400900477556
0.111345534116074 0.0844339209076281 0.0998569340058371 0.103993271450543
0.0827513102097599 0.132920082354851 0.0805443290157277 0.15603270208795
0.0398966261430735 0.152593671026282 0.00844748158291254 0.206961560620558
-0.0331792415531607 0.193835507683751 -0.0845744334910212 0.160117346028445
-0.114782360071635 0.184995714824227 -0.112613355922617 0.0568412480792276
-0.208923547363076 0.103623032435602 -0.013951929639679 -0.0346902750514753
-0.247373843206107 0.0384530389114209 0.191524060135397 -0.0391964024168495
-0.124654385886818 0.00748521265431126 0.218828408990593 -0.153655785671341
-0.138172693184497 0.0624065118917479 0.269072868946666 -0.140019565864664
-0.0895869353896631 0.123423344062657 0.232290272329376 -0.115043503337134
-0.0238064920287645 0.12950490428156 0.177971091166496 -0.103377685769855
0.026302571125766 0.0950293520440701 0.130563866579425 -0.0463073169898796
0.039247530869554 0.0772926848480131 0.142118608319153 -0.00880714623707268
0.062214298128275 0.0701390912344367 0.135036918673458 0.0200714725223585
0.0610643698144571 0.0534459753676628 0.12746943699431 0.0705274258604022
0.0581626670820474 0.0611537508659535 0.11998478645865 0.140208839233888
0.0396088304571571 0.0896226725873686 0.081105867362905 0.193017117583747
0.0133102117189428 0.0992473982420062 -0.00464005735817813 0.23197052804039
-0.0384822657931487 0.125988083884223 -0.0895042306359279 0.165338575290951
-0.0999131396455735 0.114500908227896 -0.0928294882705052 0.0626650403804547
-0.162140709841151 0.0426704919181901 0.020131537103106 -0.0229733981063913
-0.171209792488837 -0.0227475836537121 0.243532580414606 -0.0308201470750944
0.0539873445600677 0.0356443408153872 -0.298372819667545 0.0510484012940117
0.0737144202039204 -0.0186870025289668 -0.0798740399529796 0.0504749426083249
0.0519830336655589 -0.0523468947504856 0.089800948570813 -0.0600261580456777
0.00286379576725932 -0.0414323743342433 0.113671378973271 -0.172347023060212
0.00825174624247039 -0.0155508032575576 0.0266541764667555 -0.271462919674244
0.0116898951624991 -0.0224067607592885 -0.102629945294296 -0.253460591006442
0.00074134431174239 -0.037424701154613 -0.159598650944922 -0.17406596260598
0.000866303541668328 -0.0316310255416652 -0.167577109481778 -0.0994412611389333
0.0152582450372252 -0.0379023500127864 -0.166553651410783 -0.0324987226717905
0.0366661889423856 -0.0300137565457119 -0.172892398801258 0.00490991831570277
0.0422471940543224 -0.01264669585321 -0.158355054462692 0.0356316166972357
0.0401106386884178 -0.00144655217457653 -0.17627278372666 0.0691931986916055
0.0574088325316887 -0.00521674907468671 -0.220746847049666 0.0829004568175006
0.0635280437433395 0.0323818047422103 -0.219736695315726 0.127700554780755
0.0428294037116109 0.0669705346633974 -0.19585672437886 0.167258944603642
-0.0657660689176105 0.0856805563388152 -0.263002115346805 0.0146014846341766
-0.0315170095939934 0.03287547936481 -0.050562998863402 0.0235325690229952
-0.0279699939054066 0.0255886403015873 0.115265827166497 -0.0896461021208263
-0.0426915458855568 0.0512569298415123 0.130626032518953 -0.190201685544798
0.00680316595475691 0.0723352179123517 0.0372316065213926 -0.280284936495878
0.0457386945438712 0.0542382888616417 -0.0871402923405713 -0.261567269025653
0.0629316491111981 0.0181505934473688 -0.146818857437819 -0.179791375087739
0.0673338262465065 0.00137456634405022 -0.151273219278402 -0.102405578297237
0.0902709516784824 -0.00728311320073292 -0.147511467242639 -0.0280375061959294
0.105149137685747 0.0240969813603107 -0.149408648657327 0.0144756818614398
0.0975346702795724 0.0594316722968562 -0.140295968534291 0.0530780538489118
0.0634238835288219 0.109137019549864 -0.166917004018592 0.0823997630843174
0.0274917986590816 0.111425462135413 -0.211389581647143 0.0820815419689861
-0.0225864305043923 0.118041158779875 -0.195195445619094 0.115242643759159
-0.0728391392722053 0.132600985734125 -0.166368746597418 0.151300603186481
-0.178112258387491 0.122873735480565 -0.189390535825124 -0.0208267262878633
-0.143038065935828 0.0851085140277449 0.0130661427920751 0.00488017034913386
-0.110682815690243 0.114150237983429 0.165830735074865 -0.116932835384584
-0.0794369611811133 0.153339661685649 0.156104942343197 -0.211809863598955
0.0140304571178674 0.158421466714816 0.043868932405523 -0.278730613655247
0.0796268385431685 0.125019945972282 -0.0662455912840061 -0.246671800481414
0.119064519545439 0.0716793156148005 -0.115631045837034 -0.163910200869756
0.123805534155139 0.0336300983497064 -0.112828122549368 -0.0912167081625019
0.150494281113419 0.022520104706557 -0.104680316372278 -0.0178127886245567
0.157921860998185 0.0687885546143465 -0.102632733527236 0.0306405106485188
0.141615498743885 0.113412589601329 -0.103810048919821 0.0817783698371231
0.0877740667578423 0.192845165880824 -0.148107126332824 0.106505750840491
0.00910796722699415 0.207172385998012 -0.200554508632697 0.0829387416674799
-0.0933405184507718 0.189436883806044 -0.167433413071165 0.0859443388822616
-0.172403194938892 0.180619362949424 -0.110918513032052 0.111820548949695
-0.262522882953281 0.147114124263772 -0.0864995593261213 -0.0545588363495899
-0.237016955348441 0.138727542898002 0.0994646021227463 -0.015315408797452
-0.177060318266447 0.206062796965673 0.223816821775552 -0.138082958292078
-0.0943551732386271 0.254225792914511 0.183488062248516 -0.226189266496946
0.0358248320446992 0.228304925786904 0.0524528318259446 -0.258358890946205
0.110791232738611 0.175887676848557 -0.0346216994674562 -0.210354075979889
0.161853495689057 0.10955548994938 -0.0700907073413469 -0.13047087506006
0.162609519123232 0.0605070609841521 -0.0598269321945609 -0.0676711034182234
0.1842785046694 0.0497163748781842 -0.0472227390972823 0.000216581643878967
0.182777700961321 0.107202618627946 -0.042673079439718 0.0511432428415954
0.156901549492174 0.154083161113134 -0.0571311542812353 0.11326943797463
0.0914124412809949 0.246911256430843 -0.123939139149372 0.130585817973336
-0.0135820846771426 0.268371828592893 -0.18480989763153 0.0817233896991205
-0.149978748071797 0.228187822460449 -0.138423198625766 0.0455048197911821
-0.248232840134893 0.196082994000918 -0.0390649949604983 0.0595770061922191
-0.303330796297078 0.152871749908411 0.0277725507215377 -0.0912734025295717
-0.290568086813793 0.176312991407734 0.187486975692249 -0.0475886384932771
-0.209112051173676 0.27383501446735 0.26796388687294 -0.153916846435018
-0.0841657420298258 0.319753825500564 0.199964202462319 -0.222177439372197
0.062002103336327 0.262042097503107 0.0667320892158857 -0.215128814093575
0.132126878646974 0.196177660730371 0.00968683814017858 -0.157193024475249
0.183136904860713 0.127412956733937 -0.0119605579267541 -0.0871474239271679
0.175998986668047 0.0764383559687824 0.00157628156267403 -0.0344329501782231
0.188734723522181 0.0733561519416777 0.0145173872868454 0.0282575590442574
0.175577310409988 0.13741329316828 0.0171898560273779 0.0795850910051635
0.139208350818402 0.180425102015251 -0.013754191357867 0.146712554489153
0.0630151436043185 0.268929752601578 -0.100412358358977 0.149724076591047
-0.0499343978791565 0.286601252558512 -0.16474676438926 0.0765000345125374
-0.196383389519267 0.224950321272146 -0.104320905563635 0.00365841938369746
-0.292067931692442 0.173513814677398 0.041374290028823 0.00728078431463328
-0.290901298068407 0.132198262158389 0.130710169944162 -0.127403682316261
-0.288405419577457 0.1808612421104 0.25523226919045 -0.0901927151128133
-0.199550392580144 0.286546872488636 0.282883991882128 -0.16003673284781
-0.0619694196795021 0.320595655708751 0.202887310880095 -0.194598778327831
0.0758276328986172 0.247426642716146 0.0895773386503153 -0.15447325053204
0.130257284612045 0.181257177859682 0.0631723768709186 -0.0983619898794455
0.173598789868285 0.122860591146619 0.0511232062423739 -0.0425460478519027
0.162182277765263 0.0814675702626828 0.0613540563254554 0.00376223070527453
0.16444307828411 0.0882466323286261 0.0698246123728845 0.0656393795793179
0.140962804727491 0.151419639270055 0.0642169147694646 0.117741237341051
0.0948812142449378 0.186407277227411 0.0134730441821805 0.184138238316754
0.0132344302934382 0.256038340785997 -0.086499442678526 0.164779831337726
-0.0929432987424438 0.260169125862219 -0.141415146527234 0.0681010183882779
-0.222332958328418 0.182209992966973 -0.0616264240135639 -0.0266395422594111
-0.29705669968371 0.119525534530292 0.124502122502344 -0.0309553755575962
-0.227748959793555 0.0842547792950775 0.20144806626752 -0.15662054151928
-0.231988995065847 0.143300848178391 0.286386131360611 -0.132727436805443
-0.154106739882216 0.234974813060277 0.270588760433913 -0.151027132703832
-0.0357829049797549 0.25350027968284 0.195154953128266 -0.154799980836716
0.0655430523648559 0.186026250536961 0.115755630423468 -0.0944035770889377
0.099200970873886 0.138076481332835 0.114906308359064 -0.0469791466671748
0.133347288096023 0.101888801493672 0.106859704456799 -0.00572081764604547
0.123907217160971 0.0730549607820202 0.108939608689223 0.0412182336668202
0.119405849508478 0.0859674471071016 0.110106325867399 0.108393695882103
0.092244117836096 0.13736320345119 0.0888455794892958 0.163041499772764
0.0470273421004942 0.160523215852206 0.0167216505416039 0.219248176695892
-0.0285657401867922 0.206795907101079 -0.0842741264872734 0.174036935610033
-0.116132951819871 0.198560592572469 -0.11709719574112 0.0646483040968022
-0.216859662727379 0.115332452767232 -0.0160848022595861 -0.0365290038841663
-0.25915962799509 0.0496069626869506 0.20004277271903 -0.0455651381757669
-0.130160602479044 0.0125780812031901 0.229934731037352 -0.168985892902895
-0.143445966899866 0.0692779094419877 0.28070259401148 -0.155838259656819
-0.0914564134215329 0.132518271549004 0.243862121075355 -0.128120445315754
-0.0212708846246818 0.138022469355883 0.185371964063292 -0.115016155012434
0.0298526763294774 0.0989963254183462 0.13883256325752 -0.0527495204494448
0.0431647393086222 0.0808532362649308 0.151022265462183 -0.0147914822840302
0.0675649137500445 0.0701786501989611 0.144317164347509 0.0184861547941776
0.0664226766686163 0.0545040254513621 0.138282691838125 0.0714096038427252
0.0622693839554955 0.0631599639010622 0.131510413135775 0.145484194340475
0.0452852989131149 0.0932981486507363 0.0904163105168493 0.202018460649601
0.0169032112319027 0.104634063378657 0.00206687725126796 0.246079397094569
-0.0358385273242081 0.134731296477138 -0.0900804451107691 0.178565160252406
-0.102163523186835 0.122971116322178 -0.0963648930992749 0.0696296728265516
-0.168988417501255 0.048647566804157 0.019775169241158 -0.0257052828612646
-0.180581574824935 -0.0184235940300053 0.254969428969736 -0.039421970549425
0.057428214702819 0.0330467620141516 -0.30998700942784 0.0850448624241475
0.0725511342814512 -0.0266545521005893 -0.0768068772532646 0.0672296759410611
0.0453707533335583 -0.0618118846971835 0.0939686448451254 -0.0695967146348369
-0.00247692846556073 -0.0456018215625449 0.105019069107536 -0.194975933378765
0.00483193239894118 -0.0216617903708674 -0.00161022795602783 -0.290055801325048
0.00629154032316995 -0.0260015020369616 -0.134592182511639 -0.254475699647979
-0.00711167306536622 -0.0390032514817958 -0.186794834584085 -0.163321470752494
-0.00271479591820124 -0.0323122746951553 -0.190325254528011 -0.0868737110155345
0.0110607318660324 -0.0415643738273925 -0.184078913468095 -0.0156969511638758
0.0351626416157413 -0.0374062048944989 -0.187886368848135 0.0269136418570567
0.0426204695437817 -0.0214060820852234 -0.168851517648768 0.0573225405437096
0.0440671255846824 -0.00971568469251749 -0.186239942176619 0.0951096229663283
0.0598482174001925 -0.0168089403270204 -0.233976156399481 0.117823316211853
0.0695627637895279 0.0217858158077003 -0.228804616846536 0.160107713361006
0.0497497710263073 0.0636075137651351 -0.198396463594424 0.194914467487519
-0.0577158882121451 0.102274535077296 -0.279556478180013 0.0331435912110775
-0.0290046459240698 0.0410293643514384 -0.0516085344067336 0.0297255764013873
-0.0262407263427046 0.0310081731250278 0.111318500509435 -0.110481964702294
-0.0347132962810518 0.058226032561352 0.114564161285503 -0.220652079007758
0.016394522289955 0.0711373723070565 0.00345969615588527 -0.300828022889798
0.0526842766792829 0.0498846463910836 -0.122606948706334 -0.263261751161657
0.067603071500103 0.00972613489947224 -0.178740621760508 -0.168811923742628
0.0704460048734435 -0.0055592390897711 -0.172919977505886 -0.0910959960769031
0.0944657469101679 -0.020222184749809 -0.162087221394214 -0.0139604314960325
0.114622950371465 0.00976555769475847 -0.163040232027061 0.0346243223365045
0.109656154351584 0.046680569539232 -0.1488793211564 0.0744010449840799
0.0831857668795503 0.103185835788674 -0.177307524785225 0.106492713937094
0.0433933262643856 0.110607617657235 -0.2250828048174 0.10958550580197
-0.0118407955773015 0.125769156194248 -0.196110512216844 0.142316119814906
-0.067510788699452 0.149268229861208 -0.158692653971253 0.175443462531034
-0.167221062096517 0.156063669297718 -0.206885810808569 -0.0190986862501056
-0.137035372721405 0.110055184574587 0.0112368343933385 -0.00371943835961429
-0.0991221723087132 0.135540150276708 0.155182167571645 -0.152009936160506
-0.0568188514081549 0.170739505119608 0.132239537263591 -0.25148404449817
0.0351928587479367 0.159686926419383 0.00578514678876297 -0.297922967056712
0.0970838724093092 0.119856192948142 -0.10164623157707 -0.249243928046048
0.134699610390967 0.0566557134213769 -0.149004530089081 -0.154991233148132
0.133083909480785 0.0211125604633806 -0.130814161425969 -0.0823288413980053
0.160374581156152 0.0022603623964381 -0.114142356567715 -0.00794837826517033
0.176160520073527 0.0494011546166192 -0.111248176602291 0.0466940059369659
0.162403034963994 0.0980499083996118 -0.107542358341886 0.101015611411504
0.120621932490811 0.188203423577819 -0.155844030553369 0.129036360331014
0.0364945021723821 0.214716527329795 -0.21210831567441 0.105761129439027
-0.0780555944191644 0.211670896907781 -0.163638802546391 0.105907919992897
-0.169299998377816 0.214011341687573 -0.0946522902902186 0.129779801942151
-0.249737563522962 0.192234654430354 -0.1034536792779 -0.0710162594923358
-0.22658816306085 0.177014531108501 0.0966689998845278 -0.0396693963227017
-0.153709739612149 0.240690718700359 0.206842366843677 -0.186500306930812
-0.0563532310296705 0.277442275081309 0.150603377744008 -0.271831253066765
0.0673739765301702 0.230126605670781 0.0130466469379713 -0.276110899244676
0.137151827156568 0.169066851631902 -0.0673328273371673 -0.213272513399187
0.186673341569585 0.090272252613451 -0.0999436353320747 -0.124098113638059
0.176404552657103 0.0441553328832171 -0.0706817922631701 -0.0631629525027128
0.200042315765996 0.0256816339233223 -0.050429880351279 0.00549628612181704
0.208116542073735 0.0861660715690262 -0.0453197928181953 0.0615308458366754
0.184048495353775 0.139686126656787 -0.0529221041169719 0.129472773853993
0.131837563726579 0.244859829903861 -0.127196100158136 0.150834459758762
0.0211125479423058 0.282983918230515 -0.194083972908068 0.0994007361141192
-0.132991864138489 0.262099555503207 -0.132056915936187 0.0577812909110298
-0.248329074434651 0.240951911753291 -0.017121532602542 0.0676261678597057
-0.290442235434994 0.201437307895804 0.0128874020841948 -0.123087572452558
-0.276073737240404 0.221698338496376 0.183617526012936 -0.0864645436301169
-0.177360155118972 0.315162309173234 0.246199300158187 -0.211669921227694
-0.0359949149433611 0.344310270031159 0.162938733938613 -0.269509059064487
0.0993229099708585 0.26125718339615 0.0307534016019798 -0.228867699185223
0.162757254478372 0.186783406053459 -0.0161386521556534 -0.160624573758142
0.212038397272921 0.104674579956344 -0.0350002950903762 -0.0848394505791335
0.192922901299049 0.0592481216792069 -0.00144614255331356 -0.0342726045771873
0.207901272806611 0.0507982198919707 0.0198572827916008 0.0280277063990879
0.204439786813405 0.119574266305805 0.0230982262519038 0.0845286330776698
0.16838635739537 0.170414940601479 -0.00252325961515972 0.160314542057203
0.104507292892132 0.272134689180441 -0.0985189435249507 0.168319704400786
-0.0154373990227139 0.306862999637731 -0.171273559335715 0.0895363157957086
-0.182161797278204 0.265261462267206 -0.0964534344085282 0.0103002715958803
-0.297091385309297 0.223753732408892 0.0668493186288687 0.0061482366148131
-0.279212514093685 0.177563747536304 0.119278761748541 -0.16968793978535
-0.272107967685552 0.225015861852175 0.249957848866637 -0.139302700013681
-0.164853499538756 0.325308144221635 0.259214412957054 -0.218323596725399
-0.0128456250878299 0.341477213518047 0.167716694440454 -0.23950646845841
0.1122439109705 0.244401680747134 0.0624053776687889 -0.167239802291311
0.159573127544974 0.172659617652216 0.0479908668146226 -0.104866134026621
0.202479450388288 0.101178922373649 0.0367601714665446 -0.0454278208451994
0.180236433403137 0.0654343868520569 0.0665129109528081 -0.000839940199806123
0.185084364469976 0.069319498127284 0.0835003626780378 0.0625442946511233
0.169067036554311 0.138582282263959 0.0782593109711835 0.120303519212621
0.122468553168267 0.181622543524802 0.0320585926677994 0.197356070376588
0.0498363014207628 0.265672921312392 -0.0800949040842435 0.182554702262986
-0.0646799733351014 0.284983975570268 -0.143774432775586 0.0789222348202398
-0.215438004895927 0.223168251260283 -0.0526367232734413 -0.0247934262544491
-0.308359767738109 0.166874255478964 0.150810464231989 -0.0399334270022576
-0.221308225047122 0.117947112297243 0.195044800008314 -0.202062648808248
-0.219766253801781 0.176731571624556 0.281119325973406 -0.184167923874055
-0.124757718086075 0.264137727992791 0.250713809941598 -0.203878649860758
0.00482166986818695 0.266340333102038 0.168334792056188 -0.192795435939599
0.0943671532108591 0.181169752033331 0.100810769250093 -0.106826494124552
0.121787900697239 0.13028443491065 0.109990657233554 -0.0583825955794809
0.15670419069998 0.0847583500381935 0.102366812315792 -0.0151042836910014
0.13814326238023 0.0613176594022819 0.122175205626804 0.0327089165264793
0.136819909610563 0.0736502843242829 0.132457076801399 0.104242093395662
0.115193764593908 0.131394429311348 0.111040795858141 0.165925459974556
0.0681108012417241 0.161776675813325 0.0406210365690146 0.234364708950214
-0.00160061037698351 0.220360545083598 -0.0743157103979706 0.193287137136306
-0.0977746520187547 0.222516146139027 -0.116747936348245 0.0741760596421003
-0.21741832798946 0.150074711395417 -0.00734007504165859 -0.0374889656881837
-0.275035100743121 0.0868004548130753 0.22630764843936 -0.0606227428869914
-0.132380194891887 0.0286626067024223 0.229223580485254 -0.210287696353161
-0.138464578479877 0.0862044208894588 0.276169880375474 -0.202304772029864
-0.0748876603063789 0.147439660617468 0.233358473628588 -0.170126356583823
0.000982801767003435 0.143214731005598 0.17161578193575 -0.146170158369085
0.0451134782134271 0.0949208525735038 0.135718906409162 -0.0688880156783688
0.0555739248657326 0.0776411969682561 0.155465797024744 -0.0314705675996129
0.0829883308230274 0.0614989905412534 0.148063559716826 0.0037603000957549
0.0765440641453401 0.0480874666811829 0.156708482161123 0.0609764993408228
0.0731040501348626 0.0573033406655051 0.160005363883416 0.143026457394715
0.0586612315329414 0.0906176396359239 0.117783362333221 0.209096397891625
0.0283234934948267 0.106323843482852 0.0292020627397008 0.265463571763703
-0.0209134103347265 0.14419049826055 -0.078557804841547 0.200715504992209
-0.0934786232592049 0.140772439403839 -0.0935192651001459 0.0805941353596779
-0.173778489041682 0.0724442378087315 0.0282441575519405 -0.027422283109412
-0.196169845799984 0.00577653905324388 0.279172623182969 -0.0583667627811172
0.0592299092461285 0.0299459931703004 -0.313967027663592 0.11408454251004
0.0729671969236703 -0.0328824420981847 -0.0713687485552537 0.0778468058999488
0.0436190061751389 -0.0678469650195326 0.0937322292154979 -0.0825259917590307
-0.00397618013911363 -0.0470383717519471 0.0931966162606912 -0.214909031619203
0.00520356330210533 -0.0232872126848894 -0.0268603286449247 -0.303927688485702
0.00562053079753272 -0.0279388511880685 -0.161619375204225 -0.25461127415041
-0.0108505136595088 -0.0388819381073588 -0.21040226448174 -0.155248577786661
-0.00541311671366931 -0.0330320670433429 -0.208434575417083 -0.0745402700101988
0.00851492760190544 -0.0446719859902389 -0.195053105031195 0.000404478830249131
0.0332888127292853 -0.0421412092371235 -0.194960250696378 0.0457973383879939
0.0430132287320563 -0.0262298851570152 -0.173810655635812 0.0741470898848877
0.0464393241464655 -0.0137712535214322 -0.188198430154725 0.115434425953963
0.0613447776338226 -0.0221404511055579 -0.236502048164653 0.144727163519412
0.0727809300741744 0.0175613737103037 -0.227215475408479 0.1870857688638
0.0556852769354347 0.0613429750544013 -0.19350915616734 0.222929846639032
-0.0541246288220594 0.112288247250951 -0.286905713454095 0.0579112319522577
-0.0282910689128153 0.0474194906956806 -0.048652757884918 0.0366709471028072
-0.0240277181150156 0.0370210119395561 0.109286186888184 -0.126390238478153
-0.0286354718953687 0.0664702211763872 0.102576018118841 -0.243309821183824
0.0256840788686795 0.0734196487166027 -0.0213149433406441 -0.315771369429427
0.0616755271594446 0.0474491387113468 -0.149574909044423 -0.265279909720874
0.0718044952479246 0.0048140485574044 -0.200023465755298 -0.162273752012567
0.0736980287442742 -0.0120597685902525 -0.190283290295439 -0.0807391176562492
0.0975644611868577 -0.0293379989334421 -0.17123447219819 -0.000909503565807478
0.121552206706995 7.03940241105292E-05 -0.167306315390605 0.0514896669197472
0.118871441430194 0.0401038821672491 -0.150397713593519 0.0904617631709821
0.0976231860913723 0.10075503267673 -0.176642953577139 0.126948123916906
0.0548697117522991 0.112823530878904 -0.22655085629206 0.136123008941299
-0.00311591052043539 0.134324049776251 -0.193895068541464 0.166312722867525
-0.0592828392023093 0.161698632277692 -0.1529525493443 0.199746909986856
-0.163383239348408 0.17811814088714 -0.216189520295014 -0.00350745623434365
-0.136130695539644 0.128611070418116 0.0131904781035373 -0.00264051684135137
-0.092199350970678 0.153370293819769 0.151963356892031 -0.173304599093564
-0.0420397355819671 0.187288975570286 0.118041829355425 -0.275857090619595
0.0531236709683023 0.165402431780606 -0.0178310096985966 -0.313493681634167
0.114993913590552 0.116908222144932 -0.126453332411861 -0.252616186145003
0.146711229314112 0.0478573388929172 -0.165891504015525 -0.149547830576881
0.142215912834743 0.00970930729057828 -0.146006798951725 -0.0761320643939229
0.16924642430734 -0.0120827962842902 -0.120221399275229 0.00169064371605826
0.19061380308376 0.0356040404213275 -0.112060925734202 0.0600653933773587
0.179056470519996 0.0894139439937089 -0.103032053848698 0.115379775163046
0.145663931538596 0.187171081076208 -0.152191593423561 0.148988613404926
0.0568651097592409 0.222806535372285 -0.212836556735808 0.131943614123258
-0.0641570609159177 0.230319651853714 -0.163732036303998 0.125845241976021
-0.160234837952405 0.238283524016625 -0.0900488463365058 0.146004644697125
-0.244780070740649 0.222405423418007 -0.112450740284566 -0.0665773625712282
-0.223691599780916 0.207231161604816 0.0995272478278024 -0.0477667718124341
-0.140988777876495 0.268657045030146 0.203577129802651 -0.213551800926107
-0.0311074434870456 0.298970696247578 0.136111508249423 -0.299320367761861
0.0923166817735939 0.235823618217977 -0.00739530099681798 -0.290271344287478
0.161483409870527 0.165238716559551 -0.0875229905044455 -0.217964416357349
0.203052370155955 0.0782582317768118 -0.110372089114378 -0.120739901309661
0.189318378532926 0.0295199098065796 -0.0803118332343327 -0.0608815572129002
0.21312599421889 0.00961280370903027 -0.0514338636335444 0.00882585768242729
0.227183665282491 0.0710410388213593 -0.0408801524797979 0.0698107378918875
0.205555313778706 0.130946077985254 -0.0425819490014158 0.139900018066645
0.162119164187646 0.24586408509783 -0.118483957145225 0.170526661996174
0.0462089005520301 0.296323982517915 -0.194629138976692 0.123605623907667
-0.116964052793412 0.287792206486293 -0.135017828358753 0.0735309902194963
-0.24016716043015 0.275678762476176 -0.0135081862717516 0.0745345603545221
-0.285422176699607 0.236095614753873 0.00584394549203847 -0.130937239039647
-0.270446969181493 0.257772905805214 0.186198701520143 -0.104294781201068
-0.158917442866823 0.348350062957042 0.242167851937375 -0.242551213439757
-0.00543312123359557 0.366223706826493 0.14892652986117 -0.297017936363097
0.128003964864315 0.266235805519405 0.015951332913923 -0.242822866312719
0.189735804143286 0.182310534177874 -0.0290856717884292 -0.168192854320894
0.230536546505545 0.0902115279576833 -0.0381975528732408 -0.084721959325844
0.207619045045552 0.04331419536707 -0.00472669840635879 -0.036840748131755
0.223092287008286 0.0347768350560145 0.0241405556027735 0.0274159536504771
0.226215155733285 0.105860932408304 0.0322304014649961 0.0880138480456302
0.191852891414415 0.164654269257607 0.0136170703531855 0.168393871840749
0.136086846519335 0.277571827754397 -0.0869513193790503 0.185828138105338
0.0108215362833594 0.323951763259809 -0.171813358684495 0.110633720433576
-0.16821903264591 0.295092841851458 -0.101331380154706 0.0197847302948764
-0.292309124107128 0.261735246771255 0.069012982659733 0.00254976476216259
-0.276164330909555 0.209871204140864 0.113190586118636 -0.188317689868421
-0.265547465503207 0.259765450476167 0.250514604297647 -0.16586589083085
-0.144835484312278 0.357822569129113 0.255234476431511 -0.251236396624574
0.0185805053920726 0.36066507360887 0.156457570426714 -0.265789766307114
0.138852745377222 0.246893004512276 0.0547148732824076 -0.180001010895183
0.183618041025775 0.166922259821749 0.0426128590159104 -0.115534779661107
0.219707365784794 0.0868337366760684 0.0404444971827066 -0.049297291486425
0.193903454378023 0.0507147640788682 0.0701220894822818 -0.00750354154854853
0.200942341982013 0.0556513135270282 0.0949226678840449 0.0578211762864771
0.191076825482715 0.129093086652849 0.0932537084735316 0.120439605203459
0.144478122366028 0.181363678372646 0.053079081867078 0.204306134339002
0.0775935019959223 0.275578506161908 -0.0662073906212058 0.1993657413016
-0.0423192435967647 0.305611118192704 -0.143992614806753 0.0963677135308879
-0.20624738853504 0.252524804754689 -0.0597233703230938 -0.0215087676676692
-0.308322445308839 0.203354285373527 0.153144866138714 -0.053454381131648
-0.220073399932425 0.142956875333202 0.189910295785117 -0.229255293599049
-0.213887001090108 0.203333326250012 0.278290638259437 -0.215721465692909
-0.107923877553868 0.289118639723128 0.247236869261082 -0.235421562764084
0.028453920923589 0.279292489457046 0.160448872065341 -0.216512576031435
0.113309354418435 0.181929918612313 0.0992909487065035 -0.121640261666716
0.140149818679745 0.126405126358428 0.112054199041371 -0.0722255618463207
0.170019028993232 0.0734321916741991 0.11015416511501 -0.0225412193490916
0.149647499281718 0.0503255036322592 0.13127663967895 0.0237717754701344
0.150120452064057 0.0650190685788496 0.149873309449843 0.0974842757030925
0.133343541852108 0.12616095206732 0.130563010662459 0.165205649594437
0.0850635870988687 0.164384628149657 0.0652831814866504 0.242805912334236
0.0186472197224791 0.231718047036492 -0.0597975794342819 0.210111450315938
-0.0826815810656522 0.242465720159298 -0.115865691533907 0.088611346018253
-0.214407229438713 0.175024788744473 -0.012498112827844 -0.0386447362605303
-0.279434394120001 0.116619595404139 0.230042247793873 -0.0832276962358488
-0.134455085552795 0.0416629482059802 0.223754326952449 -0.240549761347064
-0.136495892970231 0.101760536646578 0.272465315891108 -0.235763467136978
-0.0658767359588391 0.161014975441016 0.231264777291806 -0.198224911228192
0.0134684886969424 0.149764802284025 0.167029096201535 -0.168390705488559
0.0535202531786611 0.0948730057619195 0.138098261845745 -0.0839568710345679
0.0654030935607269 0.0768933846721516 0.160641113415653 -0.0478885369967771
0.090433710689925 0.0562594362866491 0.157697577698002 -0.00736319096983624
0.0840449693540235 0.0423164305905612 0.170861514091878 0.0503655938918289
0.0821822266831134 0.0536366818837907 0.182013065617077 0.135934832995027
0.0692572792415853 0.0888520585832092 0.141453637378636 0.210201809023332
0.0376704398498808 0.108385604925188 0.0545077943163095 0.277045872261036
-0.00864635275481488 0.152595767736606 -0.0643624399685805 0.218957230084596
-0.0850987734452697 0.155472441933917 -0.0915641351002807 0.093222148830643
-0.176180594508101 0.0897417669893915 0.0259117133600376 -0.0312522251545126
-0.204523827657814 0.0249173562414162 0.285508991296687 -0.0859341709360145
0.0602833005788179 0.0261325922709637 -0.304181017503897 0.142976983862502
0.0700707816012008 -0.0376091261873001 -0.0623403493933721 0.0864221395641052
0.0380353255078033 -0.0707509043338029 0.0882653086452878 -0.0942433654466076
-0.00628639579176869 -0.0467783369619736 0.0744070194285058 -0.228505694762354
0.0056887656800223 -0.0250928142669594 -0.0552107159633572 -0.306167898118623
0.00379950200545671 -0.0286998946422133 -0.186996742678849 -0.243546916393686
-0.0138715036577123 -0.0370330009853084 -0.228094345523365 -0.138634899331123
-0.00747224835784715 -0.0328422032392613 -0.220850695436329 -0.0565564436344117
0.00470126193246962 -0.0460683133423203 -0.19820811753749 0.0185214901604254
0.0296535396896918 -0.0454145507574902 -0.193947652925421 0.0654055077990978
0.0413601482125317 -0.0308769000082833 -0.1714389509357 0.0911606726654485
0.0471738800415904 -0.0187983545224369 -0.181788043866066 0.134434874715602
0.0597788894342331 -0.0277824246098462 -0.22716269911863 0.171424631545661
0.0737648336330143 0.012613881603538 -0.213429950547192 0.210434414515756
0.0602586814803743 0.0554804884871471 -0.178875129437052 0.245499128230211
-0.0463361271774365 0.119962734924568 -0.283095093626165 0.0825841136241771
-0.026238848548537 0.0526655243690791 -0.0433709331128561 0.0430613738492878
-0.0207450630908796 0.0426644581579759 0.101536154195755 -0.140106912713382
-0.019919661916 0.0712642308629764 0.0821239515938642 -0.258054383370332
0.0349775045138601 0.0723062267985106 -0.0490748413141093 -0.31885560145459
0.0690715593134227 0.042229515368582 -0.175757516821908 -0.255658132136328
0.0741213855192904 -0.00082748090755962 -0.21614739381306 -0.147048306230901
0.0742030268139789 -0.0198499256707397 -0.202757157869913 -0.0651731340998461
0.0967871278957156 -0.0392032962981455 -0.173767269419291 0.0153793956871697
0.123456084761659 -0.0114601918433894 -0.164152281406979 0.0686587813751461
0.124845677327641 0.0296062444899923 -0.145545086042656 0.1053907650337
0.111359222627811 0.0938177862824941 -0.168383346429059 0.144967659603687
0.0658248752856073 0.110416782975211 -0.21676468930184 0.16172741540962
0.00782985132768224 0.13780341286341 -0.182485764696976 0.187514640122565
-0.0473193901922127 0.169514374669524 -0.138604622759085 0.219084285696386
-0.15005044308667 0.195569305281929 -0.216273324672866 0.0149186734471216
-0.126972632703009 0.14492175149196 0.0156573301538301 -0.00272886749836372
-0.0790585208376636 0.1676845699536 0.140500267697312 -0.190508709593896
-0.0218100817845249 0.196824460846014 0.0960342807212297 -0.292846203281308
0.0716793000054641 0.163974909017606 -0.0447892475397064 -0.318002808786154
0.131030225250617 0.107157409047687 -0.150907095321045 -0.245788730213501
0.153406325308341 0.035207169218914 -0.178889443568289 -0.138004057674769
0.145620648002945 -0.00377096450837719 -0.156182887556133 -0.0646756978916575
0.171229048343256 -0.028611868742971 -0.121831691169543 0.0121601044433494
0.197862906658496 0.0176003779848138 -0.107280234263038 0.0720126208316308
0.191045668158308 0.0745781895275663 -0.0935130364985827 0.12569298002504
0.167480660655603 0.176263489487057 -0.139952336758223 0.165403305773121
0.0791361971845887 0.222146341946015 -0.203637261698598 0.155976932113615
-0.0449021145410085 0.241394669365716 -0.155309788144722 0.143760180380232
-0.142004032741173 0.257562063484394 -0.0792517198115832 0.158430443988875
-0.22808491296561 0.248564063236875 -0.117855730180857 -0.0577106191179231
-0.209123040276 0.231645519530494 0.0986743232911671 -0.0557071907247846
-0.117916416263091 0.290052816414337 0.189757243782089 -0.236351184206864
-0.00112641988446869 0.308730263245579 0.112352454491713 -0.316839203097443
0.116980335760006 0.233022786883966 -0.031040698875789 -0.295591211587296
0.182573867276821 0.151859687823371 -0.107377946558356 -0.214480618727825
0.213271021048292 0.0595207296127721 -0.118058970782563 -0.114079913211971
0.195579654420838 0.010936534835615 -0.0878873416240937 -0.0548990607590099
0.21768335274448 -0.0107776385018132 -0.0507752847814937 0.0134879498706443
0.238077327143468 0.0500265205817145 -0.0339986498572167 0.0750241103609487
0.22134477351684 0.115239077353484 -0.0294137139944719 0.145508345710902
0.190493177919655 0.23506853333804 -0.103593700586794 0.183724674417425
0.0747659328269529 0.298037024387916 -0.185247615262421 0.146891721998866
-0.0924969443292558 0.304547619167508 -0.130796703999424 0.0882685364524953
-0.218491862124554 0.303289423313427 -0.00836591577203397 0.0787139154648385
-0.266856483552471 0.266111561598455 -0.00407096365381373 -0.133580016612303
-0.252194891387143 0.286560585180909 0.181074607228596 -0.120506854201986
-0.128641101270814 0.371694245486658 0.226885771716387 -0.269534563157141
0.0312365043674573 0.375128697211685 0.125046311656771 -0.315461610460375
0.15573305291592 0.260213128133549 -0.00315386712616077 -0.249228419983887
0.211829678467162 0.166869490717223 -0.0437013410125842 -0.169990940185288
0.241313385635453 0.0694109726002451 -0.0402883476097386 -0.0829426673959456
0.21467586357207 0.022920056608762 -0.00845170786218883 -0.0372182528042761
0.230269959395454 0.0136150193679777 0.0277482887733392 0.0247648970554815
0.240824153157503 0.0849837801237344 0.0417304140880605 0.0869522946000727
0.210916567007588 0.150771041134887 0.0313527603785673 0.168919471252455
0.167147970767001 0.270017119016762 -0.0688788673731509 0.197345569564357
0.0409987854963179 0.329829955297981 -0.163184184223434 0.131154829247889
-0.143276936809905 0.316401199792125 -0.101949077216357 0.0309367887183699
-0.271752300530441 0.294422635250134 0.0691224690849408 -0.00255828566950544
-0.25961597916154 0.238489136728478 0.100105638453174 -0.201988638223498
-0.246040808183877 0.28862702720612 0.239954161525607 -0.188853610922532
-0.112735657836851 0.378855087189518 0.238989119037184 -0.278845315274646
0.0545077405230995 0.36562408449625 0.135346319716602 -0.284257433909748
0.163599180729532 0.239031842358238 0.041671334175395 -0.189062133293368
0.203907952808555 0.152021494061599 0.0336329959793951 -0.122242838113344
0.229988102413264 0.0672906407583883 0.0425343872251725 -0.0546740766224629
0.201203759032764 0.0316484275740434 0.0708768974213865 -0.0145922098003258
0.209769139742035 0.0372039936766052 0.103100083261938 0.0493217117883911
0.207144820353045 0.111183628492457 0.10649672625036 0.114986299935224
0.164044817598104 0.17199408073717 0.0750462133354742 0.201406218194436
0.106518875464323 0.273338982226996 -0.0469879811798101 0.209494965313844
-0.0145212105175482 0.314676198889088 -0.137134206152554 0.113261109127732
-0.186577131612671 0.276041855482872 -0.0638327217996035 -0.0150769470087635
-0.293482992676222 0.236762145388171 0.148708200706947 -0.0674161529125679
-0.208865923889418 0.165070683283002 0.174064141975058 -0.249604855629101
-0.198190581820524 0.226144559212203 0.263795159602503 -0.242290092770119
-0.0816471993671221 0.304089123717454 0.231798024104454 -0.261494787270773
0.0560962896731224 0.281946926227456 0.143475553719507 -0.234458615790382
0.130342095233838 0.174849710649644 0.0916373321700099 -0.133532778884832
0.15525900844134 0.115354361128871 0.107456892561039 -0.0849556344118496
0.177794608777424 0.0577764124234123 0.115402583801673 -0.0332785804850167
0.156488185761981 0.0360090896073521 0.135918633427721 0.0108496215339127
0.159173531350934 0.0517544223987679 0.162275135257002 0.0848969264053913
0.147634281544934 0.11392524243682 0.148857265433374 0.157642772752896
0.101755171225977 0.160432370730745 0.0913171308632508 0.240852190528219
0.0425284035717788 0.234224362460495 -0.0400518644705728 0.219513696764708
-0.0617567277816731 0.254521916966718 -0.109077845225919 0.102317602280744
-0.201489849004766 0.197332497469434 -0.0178228090320315 -0.0374470156587031
-0.270653313397263 0.146552684211924 0.223221595325872 -0.10496476798146
-0.130936939009753 0.0555482645947396 0.208176252169441 -0.265075416443119
-0.128694273558882 0.115095761280972 0.254147414469169 -0.263625949899544
-0.0519964282288342 0.169216943105769 0.219375656370887 -0.223471741619408
0.0275247000527483 0.151186350898783 0.153752884623327 -0.185974423947589
0.0620173308690532 0.091258829440091 0.13387270405597 -0.0989525449598063
0.0735700052601354 0.0719114848969473 0.160334771094314 -0.0647155676179431
0.0956865417955073 0.0475749257851775 0.163425024980087 -0.0207899131205218
0.0889325179945867 0.0341876388590453 0.178977332695476 0.0353594058701889
0.0883760119404371 0.0463557171980995 0.198837729042008 0.121092935584119
0.0793336302986922 0.0825331787860439 0.163201358748987 0.201835035332163
0.0482007807161486 0.107333603883132 0.0825291095886063 0.277348847241626
0.00724756959358056 0.156611551749835 -0.0445229690988816 0.229073137323153
-0.0724508202652913 0.165087021905538 -0.084749329977051 0.103862135118782
-0.16972568970146 0.105887031381253 0.0211479384532945 -0.0344149649569695
-0.203437732218015 0.04530283419965 0.278941903773147 -0.113279965699082
0.0590956303160834 0.0234420407749971 -0.289626076839286 0.160148054451008
0.066647291235012 -0.0398775318021505 -0.0525945395493661 0.0888805319761251
0.0338684789730475 -0.0710751087305252 0.0816267050503797 -0.101844719432915
-0.00818742630372698 -0.0463096241912339 0.0569070709198107 -0.233702139382242
0.00496408062130764 -0.0266498853670946 -0.076247482112753 -0.300500750716361
0.00299526127691576 -0.0293122023563634 -0.201975674307562 -0.228277498935971
-0.0157841348609723 -0.0341301972097722 -0.237098407840083 -0.122888187463835
-0.00942569444783788 -0.0313121376885697 -0.224128366290618 -0.0411340158569252
0.00190504305451612 -0.0459724823633871 -0.195572823232651 0.0327301563990725
0.0261254114113194 -0.0467052547352827 -0.187787427507051 0.0790352778270596
0.0384149733150618 -0.0337238945963826 -0.165608920945591 0.103294316615564
0.0468303904666058 -0.0229017904532134 -0.172322178842104 0.146858670232971
0.0569479289738466 -0.0309228163462196 -0.212849213345362 0.187108707092991
0.073059624024688 0.00847065468351435 -0.198036370917925 0.223762541582217
0.0612180255109259 0.0496150737040552 -0.162434986357852 0.258000376360937
-0.0390024846351938 0.123768238141602 -0.272545128614611 0.0991368409420801
-0.0230448614251861 0.0564732669312756 -0.0368016788826318 0.0454503825866166
-0.0166085927576228 0.0470162973978294 0.0916984411929475 -0.147947532269778
-0.0120403215491896 0.073456959622407 0.0638890422026475 -0.263734535902648
0.0420377614456375 0.0686362999086061 -0.0705194161771999 -0.314190345322317
0.0735045039472796 0.0356899086061855 -0.191611772904914 -0.241702808329837
0.0739883662597909 -0.00492415430707523 -0.224098216956018 -0.132469521216264
0.0726719341736296 -0.0243223658563012 -0.207530469351964 -0.050350942848264
0.0934602392308411 -0.0464256837011398 -0.17160132625662 0.0269815050347556
0.122113187216939 -0.0207097738966584 -0.157576861145451 0.0804422406593549
0.126328659874922 0.0207934219338288 -0.13727175560995 0.114621583722053
0.119164867512986 0.0840166338744495 -0.157587640960439 0.155810689391899
0.0728983930786027 0.1055674834211 -0.202387735642678 0.178403755912407
0.0167323709458669 0.137871732420918 -0.16855003220017 0.199300918814723
-0.0366754238900797 0.171042416097488 -0.123468605204924 0.229368703772407
-0.134944141680769 0.205515464716091 -0.212470052367603 0.0274845958947942
-0.11759464411287 0.154848627149725 0.0184737556449519 -0.00271043776561582
-0.065742471405402 0.17520362956744 0.127532317728631 -0.20047568884403
-0.00436514679886783 0.197919573494233 0.0751814205168027 -0.298622925528871
0.0852641463621892 0.157718675888906 -0.0651451437503971 -0.313437718189076
0.140107436736029 0.0957327266326048 -0.166310086015629 -0.233858061792869
0.155614707249981 0.0239225983119469 -0.184281808518202 -0.12639225957513
0.144332463813417 -0.01529518473157 -0.160824474115506 -0.0530790570861429
0.167987652714294 -0.0420370268615566 -0.120163092142272 0.0205373791570079
0.197754956981678 0.00232325355558617 -0.100179244381177 0.0798641373224957
0.195543663652346 0.0609908494077668 -0.0839994545560944 0.131020214875033
0.180525945822007 0.162597933787388 -0.126795597821373 0.175207855418597
0.0936977324973173 0.216165778686058 -0.18948428930625 0.172442237375818
-0.0278650082403332 0.243960651019105 -0.145216690626671 0.154799708438095
-0.123365632054742 0.26647589156668 -0.0686587166366729 0.164970403226352
-0.208116517097447 0.261368813132314 -0.118811989755066 -0.0509378543003711
-0.192584903349685 0.246459701166221 0.0968492519082145 -0.0601223382429212
-0.0959844205385559 0.298848947353836 0.174131614189367 -0.249723824393266
0.0240689952988356 0.309152195110295 0.090117570307926 -0.323681437203737
0.135062080872552 0.224394746197791 -0.0498569401384697 -0.29274481055728
0.195128076199701 0.136704459714416 -0.121898247200594 -0.206472959951581
0.216372000640122 0.0438165548675928 -0.120766734283691 -0.107607628921547
0.194155947499337 -0.00401530732788483 -0.09225949044087 -0.0481866568958331
0.215862573431809 -0.0278999478821027 -0.0495482859976202 0.0166289678204116
0.24091392154747 0.0310611731483968 -0.0274680224141961 0.0775763043321158
0.229493768149073 0.0993703867961266 -0.0185484115428739 0.145256698705408
0.208242839980829 0.218395081267629 -0.0887415632872006 0.190097409776303
0.0965525929693178 0.291295439495649 -0.172072291754678 0.161469533712529
-0.0703669376111143 0.309941079088698 -0.124790645135327 0.0982669447882738
-0.195686891277811 0.31772043583485 -0.00405883612586991 0.0805530693675265
-0.24479504460119 0.281348790395594 -0.0111209729765903 -0.132522578976563
-0.230828447891539 0.303824289068663 0.1732976762617 -0.13064922074516
-0.100206978751273 0.381095365374407 0.207835897160009 -0.284933825961627
0.0609171715079298 0.372364240810683 0.103514373440589 -0.323308814290065
0.174384058425922 0.249306243538781 -0.0181492933043606 -0.249092767468527
0.225354406417367 0.149645391542096 -0.054653559386122 -0.166588467531218
0.244152089008378 0.0512100925737435 -0.0403942333521313 -0.082871423241725
0.213711467486618 0.00632376602168813 -0.0114400806616286 -0.0366737654620053
0.229490597317444 -0.00489127978857413 0.0292915590824376 0.0222983668402823
0.246136598395909 0.0646528665593053 0.0487854438141372 0.0836089449813965
0.222216196501347 0.135655506716552 0.0444231839995408 0.163933513807043
0.18822771820317 0.255320919692605 -0.0544928475751357 0.201018659043493
0.0650776773947208 0.32632806853058 -0.151412068613284 0.143986876022365
-0.120407268326642 0.325367389756748 -0.100707228444494 0.0390930844677926
-0.247876768353671 0.314272295598198 0.0668416549142862 -0.00553695816999898
-0.2388766443625 0.253444327830771 0.0875520140389204 -0.207021926550874
-0.223177597188213 0.304483477538081 0.226880459215362 -0.203282617908906
-0.0843481665873251 0.385963066581155 0.219429032155915 -0.29475563369357
0.0826680749306346 0.360805606555642 0.114990975188839 -0.292199335589428
0.17945876060326 0.227210028374759 0.0305335823166376 -0.192237484608233
0.215407569298406 0.135396777240147 0.0254721899350495 -0.125274490750996
0.231260851819797 0.0492061995204981 0.044600288749704 -0.058982826272563
0.200631354076736 0.0159249383954835 0.0694031457989561 -0.0189378028791493
0.209979740539187 0.0207989913663643 0.106208757247965 0.0410515465426686
0.214561602017037 0.0938544049027752 0.114880426289047 0.107358222733002
0.177298882759841 0.160509917157451 0.0904081866650437 0.192722468784242
0.129050221739398 0.263287443152292 -0.0304016927601394 0.211361547001099
0.00856308530044757 0.314104243671499 -0.126527430878239 0.124011642861976
-0.165368471887237 0.287804174055897 -0.0656769566631101 -0.00936365962126004
-0.271877800150191 0.258217215490691 0.141057187643145 -0.076346457234474
-0.194181582496652 0.178093869990209 0.157982438125078 -0.259949569472356
-0.180846995019565 0.238838445325326 0.245400477664462 -0.257914706700474
-0.0594448079923342 0.308077808539002 0.213324707843918 -0.276508372373989
0.0766625945931515 0.27595060900371 0.125353753361785 -0.242851963996647
0.141358240806559 0.165563829068477 0.0834233662994424 -0.139829544704984
0.163381420570449 0.102963060756134 0.101813854150333 -0.0937384315456874
0.179206152948959 0.0438979990667207 0.116794239922868 -0.0420197143531744
0.156736375791935 0.0233037226145088 0.137070129379354 0.00197515705038194
0.161382987919481 0.0387097540101059 0.168170704450663 0.0722851405263145
0.155114570247694 0.101571750179178 0.159443448516712 0.146321769113248
0.113706561844532 0.152256652371382 0.109212832856921 0.231771398061635
0.0609178297517915 0.229421545034829 -0.0228601200718001 0.221061904110874
-0.0425129467476283 0.256886303878482 -0.10053988064761 0.110851398600767
-0.18617810941474 0.209996873038545 -0.0223834338812764 -0.0360597116023047
-0.256248591455996 0.166316471399163 0.211797093071209 -0.119234574878508
-0.125138928881859 0.0642388230502106 0.190326239438945 -0.277198099231276
-0.119679815529423 0.123120396000681 0.2348524209545 -0.27798039722195
-0.0396620395803617 0.171906909895329 0.202756370796377 -0.237954358503656
0.0382068250394802 0.148028113630154 0.138723748672483 -0.195525213175676
0.0661498473685221 0.0867580323765957 0.1268391019277 -0.108052229882024
0.0781985991291431 0.0665836590133358 0.154981574150416 -0.0775511557581087
0.097174373374153 0.0404324947328939 0.164355834921664 -0.0323857740577546
0.0899230263810572 0.0265311934142806 0.181567320462334 0.0228260361096952
0.0905161366919751 0.0394259380633192 0.206823875770664 0.105572278174695
0.0844560827719343 0.075182459547772 0.177323882150056 0.190488095195992
0.055440693616507 0.103791253598408 0.103333220958263 0.269043925588363
0.0190733961102891 0.154458792383717 -0.0274002084989398 0.231870362616699
-0.0602530526352176 0.168317951162649 -0.0772923373724722 0.110658133055522
-0.160363473587517 0.115994314573461 0.0165752529072323 -0.0355871477480092
-0.196307084470185 0.060710037441644 0.265671063084382 -0.131814652677608
0.0583712434836507 0.0225340127449151 -0.280147848484054 0.169143254688278
0.0642090762971066 -0.0404466518766168 -0.0466012452461879 0.0890145164504395
0.0316093620528973 -0.0710082485527027 0.0762562501008985 -0.106395988760456
-0.00898121969783623 -0.0460386348553952 0.0457462375127364 -0.236296643997377
0.00462247864891264 -0.0285175734540849 -0.0891202174969057 -0.295158655842794
0.00236949076520529 -0.0300909342617339 -0.210631933840196 -0.217560490644453
-0.0162095466259938 -0.0324364666535507 -0.242665589689156 -0.111940341657413
-0.0103821701937856 -0.0304350732573762 -0.226993699382269 -0.030747390257537
-5.64521993077598E-05 -0.045653645431974 -0.193799812514468 0.0408544624684149
0.0243113309922306 -0.0475315636577111 -0.183672546874112 0.0883086080272815
0.0360948484657837 -0.0352943527141968 -0.161852326433496 0.111133786818445
0.0466762421110302 -0.02587104632834 -0.165864081655784 0.153857470724166
0.0544456208981545 -0.0331582149890138 -0.202322256977683 0.197512064164057
0.0724008147180443 0.00638833861219049 -0.188097409495837 0.231428424625307
0.060516866521159 0.0460845065393055 -0.151691001066598 0.266252220725732
-0.0338100026125264 0.125613081338075 -0.265877106440234 0.108270842402043
-0.0201528919494272 0.0596570398547329 -0.0323769812992821 0.0459875831107188
-0.0124654170977894 0.0495802609789151 0.0846151355994739 -0.1520853256308
-0.00597826915288847 0.0738709825512937 0.0513953994850412 -0.266628519628748
0.0470030518674787 0.0657160752778638 -0.0838116822377394 -0.311354397869651
0.0766281479703891 0.0309310094287743 -0.201371361022686 -0.232371907470202
0.0746980838714533 -0.00768286885416019 -0.229268319619178 -0.123902820109991
0.0716460483095587 -0.0279029333886205 -0.210594485348478 -0.0410054205043225
0.0913388533069141 -0.0509867790720507 -0.170111182212612 0.0341489206084779
0.121426624656946 -0.0261409887660879 -0.152929555219227 0.087739433331687
0.126886209146775 0.0150472788946204 -0.132172311870245 0.120868131294288
0.123816929193976 0.0765877617117973 -0.15091325208207 0.163674278758379
0.0768256593151867 0.103014459475588 -0.192560617611813 0.188249071704591
0.0223657635621099 0.138252968076253 -0.159949246503551 0.206725115996057
-0.0306504783505398 0.171962600541036 -0.114447834441156 0.235357382501727
-0.125583368349845 0.210844181126852 -0.208264977625394 0.0345426727469246
-0.11110466030167 0.161918993472961 0.0212631705982295 -0.00283458206334609
-0.0560126499738193 0.180717704419384 0.118721478852794 -0.206528864621591
0.00786949784550635 0.198473195496816 0.0621844299542262 -0.301811502306747
0.0949078931867483 0.154405776854922 -0.0775910827148905 -0.311620178422275
0.146078462861932 0.0875322579808485 -0.175646183513592 -0.226541572826133
0.157068928149281 0.017143063882219 -0.187352341837739 -0.120860280713903
0.143105781228951 -0.0215502999606472 -0.163669375715909 -0.0454469671814884
0.16565161979205 -0.0505097432296124 -0.119222438670847 0.0252857439633797
0.197497333302912 -0.00732007450692236 -0.0959449235643894 0.0841522498290655
0.198297191044483 0.0525952391056792 -0.0783977609341622 0.133738313273239
0.189942507025945 0.152134266703463 -0.118910311382878 0.180336937476769
0.103699185904918 0.212487511567447 -0.179825350897492 0.182076506010849
-0.0168338377271106 0.246045222524482 -0.138719917148789 0.161997958368966
-0.11178326871052 0.271597789474169 -0.0618325251865149 0.168985705889664
-0.195655282159996 0.269421803213659 -0.119042820349649 -0.047010631748413
-0.181544454512849 0.256542056517028 0.0965583986614042 -0.0631200316143686
-0.0799691635249281 0.305646209357486 0.162992080769675 -0.25688461115855
0.0416807781330703 0.308077530470439 0.0758035082182089 -0.32734375522286
0.147790782395691 0.217822908445265 -0.0617548848512959 -0.291378166516179
0.202904121558717 0.125315699740556 -0.129990310182812 -0.201106667093278
0.216998517876104 0.0337120151297945 -0.121738432255649 -0.105223012931345
0.192735408175817 -0.0134345168633029 -0.0949109704126476 -0.0441785467229961
0.21305750170424 -0.0390819099973297 -0.0487910817703542 0.0182499484560448
0.241926220016458 0.0186039804482394 -0.0225447938645875 0.0785995432106873
0.235108957840278 0.0882266435398759 -0.0117599289041093 0.144503764456788
0.220476122918195 0.206964925524592 -0.0803237946174252 0.193818755225624
0.109975816986085 0.286733508338834 -0.162568654048951 0.170304776785738
-0.0562054695665911 0.313683492875396 -0.121469069870244 0.104589675391638
-0.179995799175323 0.326946562499612 -0.00162661658400832 0.0822886072801597
-0.230906444348857 0.290020803555455 -0.0148442689786883 -0.132740982524439
-0.216391192729062 0.314934961313042 0.169549439033865 -0.135856105561532
-0.0802982415211981 0.386892332161899 0.195660457287215 -0.293938231729448
0.0812305654715856 0.369103101234103 0.089040889375768 -0.327058034721589
0.187069495720896 0.24215214282828 -0.027556027216986 -0.249534005850094
0.233652442609015 0.137264482648858 -0.0620856559417785 -0.164233277606626
0.244760707127707 0.0394459978096826 -0.040117564867203 -0.0843513360735262
0.212711556972421 -0.00419655539325754 -0.0126968268290774 -0.0354033519256281
0.22828028164977 -0.0169287072569466 0.0303531607084121 0.0205567310241182
0.248612809704277 0.0520419659953773 0.0535002090622275 0.0817003206469643
0.229601482030936 0.125691578130085 0.0524976361177912 0.159285941347359
0.202347144331355 0.244614783975221 -0.0442531226015307 0.203236126599336
0.0807542101860409 0.323418815628708 -0.14244313628168 0.152093923118879
-0.104695612650985 0.329987655341051 -0.099935390593869 0.0444460350942989
-0.231505521255632 0.324364052867927 0.0648696050060413 -0.00631420355617814
-0.22539623189675 0.262476889035925 0.0808566362193121 -0.211180238741716
-0.209169862382504 0.314409895273612 0.21937933880021 -0.210851435597255
-0.0648937820100194 0.389046101317211 0.206579624466776 -0.304349550877201
0.101211100387037 0.35637981192677 0.101152885297678 -0.296103500760205
0.190171289161599 0.219661054760022 0.0230825211993056 -0.194374334871345
0.22268727926511 0.124268377355346 0.0197861284702931 -0.127429277810586
0.231504855021704 0.0382007876606313 0.0458584492812126 -0.0644405093021157
0.199520960521314 0.0055275628369307 0.0691694618993713 -0.0218738889016054
0.210421572510407 0.00952198097867154 0.107674497233281 0.0358775952715021
0.218479069889493 0.081737027123281 0.120820134922643 0.101899062600573
0.185276176926163 0.15282353184574 0.100086484468145 0.187044590061696
0.142171370502597 0.255238310663418 -0.0205789531413721 0.212426473182795
0.0236376898600607 0.313372643741614 -0.119677516395622 0.131195672332724
-0.151889498415177 0.294949939986855 -0.0677638890462638 -0.00531180802066227
-0.257445062907196 0.271317413551467 0.13551665073209 -0.0801328422933095
-0.183789673934498 0.185203275467765 0.148832587624996 -0.266372926782163
-0.169206306885362 0.246656111186842 0.234307812280917 -0.266666583170848
-0.0441412837822058 0.310350309204473 0.201260939950752 -0.286334211478409
0.0901001826509389 0.271985620243096 0.114211074524059 -0.247498289135802
0.148410576235544 0.159888949268349 0.0779762065408219 -0.14364617138754
0.168549154504106 0.0947509917365097 0.0976280513330229 -0.0990916865232418
0.179394474898687 0.035494203830099 0.119191966088468 -0.0500988709877691
0.156395417429381 0.0151268053203347 0.13805571078319 -0.00348215313815878
0.162215306660896 0.0301795980632457 0.171745417277579 0.0641556501756462
0.159499799570673 0.0928104468057347 0.166916376505114 0.1391387769984
0.121060846519152 0.147933073971795 0.120483112165354 0.224818644817549
0.0738630310624837 0.225129770349009 -0.0125647605048557 0.222182943417689
-0.0312836864579656 0.258332854247251 -0.0947107881205948 0.116540208328084
-0.175618032866913 0.216919123508011 -0.0262231589184615 -0.0337751695521512
-0.245871950920316 0.178740644759625 0.203941375110358 -0.125790001950298
-0.119991219944638 0.0694303505124312 0.180371206574562 -0.285161977677054
-0.113752953017002 0.127393641935465 0.222056828825626 -0.287092462952032
-0.0320307097292004 0.17236413602235 0.192268308724589 -0.24675235440197
0.0439509993525237 0.145945654071904 0.129195144638824 -0.200379469355063
0.0685047438200192 0.0843773867258397 0.122276468784001 -0.113570539777632
0.0809059457136224 0.0626355159195278 0.151097436240448 -0.0852077845433986
0.0974806996288856 0.0354118151516413 0.166040501749064 -0.04029688754117
0.0893194722450214 0.0212169912848175 0.183090278564347 0.0150998060361441
0.0916031993902332 0.0347175613359443 0.211468475789494 0.0953599018236411
0.0873000822621936 0.0703674838876788 0.185492155246038 0.182729903378062
0.0599953179280383 0.101607380529455 0.116335191585915 0.262986200844471
0.0270046959240494 0.151891361984811 -0.017087521284673 0.233012274507896
-0.0522646357375561 0.169709303323763 -0.0724410329964588 0.114699115790706
-0.154352101295635 0.122063618495154 0.0126753904408126 -0.0356952853729948
-0.191020919152026 0.0697450007022113 0.256707803970883 -0.140867150896234
0.0592932907295592 0.011839989851675 -0.247587536655935 0.239681204618327
0.0546145295038363 -0.0510905946670154 -0.0227394432727001 0.101978350682764
0.0161265635568076 -0.0755305063239917 0.0584226072605627 -0.126639541502716
-0.0204897313710892 -0.0454828440375693 -0.00250939922380271 -0.252832490276746
-0.00602874323419378 -0.031455679628962 -0.154911578773549 -0.281043395790378
-0.00661800269495936 -0.0281302230281282 -0.257621843921382 -0.174829242218334
-0.0241872397925833 -0.025764585730828 -0.265409386716453 -0.061690350305833
-0.0160760900510466 -0.0265044581491842 -0.235477504511547 0.0201055623722154
-0.0107151252730803 -0.0436737962010475 -0.188512582732319 0.0861790227013926
0.0114885293894084 -0.0511334042979519 -0.166559672625089 0.135270021202461
0.0249603343910679 -0.0403384480939514 -0.139024483719854 0.152614638571012
0.0363991887397864 -0.0358126620811295 -0.132479607894479 0.19742505312244
0.0408585299778506 -0.043042912726491 -0.156959381902765 0.252332032405853
0.0676180564458885 -0.00866804645709106 -0.139576535502318 0.283481020858182
0.0642607862889632 0.0350792322244047 -0.0999985948920589 0.305797410084862
-0.00681816539777943 0.128495549231433 -0.255312677254555 0.174323492349797
-0.00518471075156263 0.0646411264715901 -0.023683005640876 0.0553270851455905
0.00105757836007458 0.0506974237890477 0.0475816136971801 -0.171747382001455
0.0121319488052022 0.0689319109525581 -0.011951387848852 -0.280404929611379
0.0569677287517594 0.0506252117617614 -0.155507948751985 -0.291432174148951
0.0796260225311494 0.0143935983354056 -0.252311712458705 -0.185970868578811
0.0693260824927095 -0.0243093210135356 -0.253569893313134 -0.0702042621253985
0.0638065323181744 -0.0411326099563294 -0.220497314817477 0.00643158475701441
0.0762799842097709 -0.0685732469307496 -0.167469313610577 0.0737449385475999
0.111291702289116 -0.05150948575709 -0.137094611659271 0.128460233537854
0.123638284929089 -0.0106532102496778 -0.107575196211617 0.156902215120366
0.133674592775865 0.0468697606476045 -0.116690201099615 0.204684258699241
0.0933872272609261 0.0834453526475959 -0.155082772934487 0.241502635762926
0.0494591259419579 0.132322696420918 -0.11868973636491 0.244419700008089
0.0038356067927802 0.181275340035369 -0.0685397167625491 0.257196478691525
-0.0767377820468272 0.22751229566637 -0.22093339111059 0.0860304116641222
-0.0698849712528725 0.1830549687255 0.0135070448694438 -0.00722553427986327
-0.0100745028609643 0.186468837743703 0.0592324644312233 -0.230059850219843
0.0552263581017119 0.185466426339951 -0.0178078129473652 -0.312586348332067
0.123937803671323 0.126214379214417 -0.151193453856595 -0.28623605602178
0.159340979812909 0.0541941578667537 -0.224939069715635 -0.18097600968346
0.154255366704494 -0.0200539133699624 -0.210050839815824 -0.0705029972903656
0.134823375618514 -0.0503373301693702 -0.174183794192773 -0.0081681694628785
0.148391757086427 -0.0842577971490042 -0.118565025348027 0.0528043244468264
0.191055228839477 -0.0498280988054134 -0.0803955618037328 0.112084862691279
0.20108947509704 0.0102112699592918 -0.0501504404448451 0.157174721751691
0.214742747671827 0.106524213422257 -0.0827787698316447 0.214985234360317
0.142938736738475 0.183422408406427 -0.14768947815372 0.231547486120822
0.0373788458291653 0.247755102293221 -0.10912848580487 0.188126006577961
-0.0517053553026171 0.298632673289861 -0.0295713830763585 0.170492072456818
-0.130295813258143 0.297387826486914 -0.152555333757243 -0.0188069810516841
-0.117058229924804 0.289320673484569 0.0716888788367353 -0.0853031701266068
-0.00515950980430851 0.311307441677128 0.0831610190732112 -0.286668679850767
0.113613792143867 0.282372775229042 -0.016337683961891 -0.334621707164677
0.190103039946493 0.177268737456069 -0.130661592315571 -0.263882421910159
0.223610930788569 0.0782442112581846 -0.173146311185227 -0.161158067444876
0.217057656136192 -0.0187053851927726 -0.141017216271446 -0.0655416883177181
0.184714369089342 -0.0521883509506555 -0.104205299571493 -0.0215302015902148
0.198076065821289 -0.083109239214881 -0.0492369714040537 0.0304136063040638
0.24058839335084 -0.034422410401875 -0.00897278722377125 0.0903365080021002
0.244685189428188 0.0384960580520236 0.0197979603771563 0.152396634982764
0.256803331959186 0.153718560674019 -0.0411746981119901 0.220470215006377
0.166778754653786 0.254548615598167 -0.136539585906613 0.21532202005245
0.0158094266310243 0.323213908708366 -0.106263693366917 0.121292189248662
-0.104456517778439 0.367239469653768 0.0131342375078292 0.0640818047272265
-0.159747074836865 0.324357305161928 -0.0666981471082161 -0.131050509469092
-0.138334570685591 0.353511729476665 0.126939070897986 -0.176344031991976
0.0122180154145536 0.388729926046928 0.10323375531527 -0.327256211131476
0.1665028505688 0.331333013802045 -0.0068723466988444 -0.331569603948088
0.234865345485109 0.191450176038806 -0.0865988735085853 -0.225076484815971
0.256032218684661 0.0820447711759354 -0.095916285694753 -0.136902758772519
0.244710234447636 -0.0200809576446473 -0.0535894388160738 -0.0604849414692364
0.205485788988865 -0.0475627983690559 -0.0199063783033515 -0.0309250087298167
0.217319369111189 -0.0654981747321301 0.0319786377323115 0.0143789556070392
0.254437520247115 -0.00315320522342872 0.0694248400823053 0.0748317494598054
0.248308746363695 0.0754909697863476 0.0882623101771454 0.152160496521383
0.24871300552392 0.195227231162724 -0.00317959360859465 0.219713611754025
0.14688860524477 0.294926521360497 -0.122619771525949 0.190459627944353
-0.0275615030567532 0.350024425377583 -0.0980272836567227 0.0530564473230878
-0.153160168848218 0.377009872875447 0.0631911842613614 -0.0429761954181535
-0.158984124468952 0.296836039912897 0.0157980308093689 -0.234994931925156
-0.13256424331302 0.350353537100903 0.160812511413861 -0.263538907922945
0.027561871882748 0.387031226852929 0.11265212464578 -0.339057596614261
0.18164625425184 0.314576907756618 0.0149688635675 -0.301555038654032
0.233298058713504 0.169317450246948 -0.0214658495031349 -0.181404850754894
0.243076986987627 0.0717034815981906 -0.00459939233597752 -0.118254841665066
0.23178140104604 -0.0184883443338295 0.0369561936834013 -0.0594776143438137
0.195216870668443 -0.0358582340615984 0.0651804605449866 -0.0357123678423354
0.206496656384835 -0.0364972761203266 0.114389619672094 0.0120115475259919
0.231770469750516 0.0331083591702051 0.142367547169058 0.0790618197138536
0.212078449892971 0.111116407028909 0.14298049110335 0.167575690379566
0.19248523394885 0.219147763656158 0.023416028222193 0.22197481235928
0.0903508046482312 0.29811736409274 -0.103540293053679 0.161521281634245
-0.0811444299073709 0.324917795099375 -0.0744055161856549 -0.00589196613363112
-0.189206702704381 0.328482019129441 0.121622643407512 -0.131748538422972
-0.134297885930731 0.213925776220587 0.0783964804175649 -0.309030889657794
-0.109005152053076 0.274704028983777 0.166838688907663 -0.325719884599515
0.0285920971569477 0.305848291154363 0.117555452059022 -0.321909355661501
0.151040861728343 0.236638697125796 0.0445832073423462 -0.258476924451817
0.178830020163357 0.120905180021514 0.047158344729487 -0.147581416794949
0.184580487848252 0.0546616702510199 0.0788436781111801 -0.110994899029004
0.180787616229698 -0.00906991001527379 0.11257190526541 -0.0639370660233288
0.155190191230399 -0.0180887542542161 0.138230474686854 -0.0332555471389178
0.163769404936382 -0.00561100240158197 0.186329477846429 0.0255779954590882
0.176295467858128 0.056744559180269 0.199093472257972 0.105118748740352
0.148500261267929 0.120627878183971 0.173698254657402 0.201222361667892
0.118218416462959 0.204116977746713 0.0348130668276558 0.229751936307992
0.0248866438521783 0.256381152614948 -0.0797382987777207 0.138013793823408
-0.121677024608062 0.253531544752162 -0.0359543616345119 -0.0418774193732143
-0.197489178935442 0.232909094521422 0.183442289104306 -0.18884336280225
-0.0981166302488572 0.0902358570198507 0.115073130534796 -0.338851129772045
-0.0830650711813796 0.1475373613704 0.156174719708787 -0.345164213425991
0.00773290909820148 0.170357950838983 0.127411917794623 -0.286723516242806
0.0757473128882439 0.126725598126834 0.0780205104172648 -0.221951046025063
0.0846305708825732 0.0648084245050899 0.0980446256159584 -0.133983316976646
0.092026832344666 0.0417371757201605 0.13390377858016 -0.113791131537023
0.102264005143767 0.00990203281498553 0.160021636444883 -0.0694885865071429
0.0915166063675489 0.0019567679823348 0.187722972492254 -0.0248979919531212
0.0967802923635702 0.014030081024326 0.235146406173746 0.0481778464111451
0.100801368264337 0.0509655296527553 0.230904838448802 0.144178547688164
0.0794661702611373 0.0893151580500529 0.179229712489347 0.240121568219211
0.0565030841236371 0.143303275380052 0.0347582263244955 0.241572352095634
-0.0145838955223775 0.175565379953372 -0.0531862977466109 0.130832874710821
-0.12307563593787 0.154569585188234 0.00462382271818016 -0.0481541341296059
-0.167531910146815 0.112301972007714 0.234079950102947 -0.208284427850202
0.062377380515374 0.0116000935666732 -0.246608719422591 0.257409981334171
0.0559727467514227 -0.0547452213317914 -0.0183331678028813 0.105592749043574
0.0154131102100511 -0.0790869877999499 0.053825986727463 -0.133429211672998
-0.0223662533064971 -0.0469266775270858 -0.0145564007348224 -0.261869258372799
-0.00791796254122544 -0.0343999126385694 -0.172912344447204 -0.285326705637343
-0.00749332240520477 -0.0299995268374707 -0.274630404257618 -0.170225867727562
-0.0241942540227882 -0.0250235715917292 -0.279945928815043 -0.0517579941821947
-0.017437919154659 -0.0267765714027279 -0.245944512758595 0.0330306204222854
-0.0133666164029114 -0.0451089591625185 -0.193674194752242 0.0986156422105298
0.00960265209612035 -0.0533309838946202 -0.167283720556316 0.148186804019721
0.0239986343328503 -0.0432083384854471 -0.138334458781907 0.166231139333512
0.0356083169600703 -0.0408210335205316 -0.129697786888916 0.212494580158208
0.0406043757901666 -0.0451124513367473 -0.151396413411415 0.26949955793551
0.0699088336377977 -0.0110368672481485 -0.132730820569045 0.299703122986243
0.0659789742531883 0.0341537286612079 -0.0929627169375646 0.324448090340908
-0.00146614670911464 0.133905068920704 -0.258053846522137 0.190545399608897
-0.00149046598337726 0.0690312013210066 -0.0205225829485597 0.0577276480982444
0.00604082164436042 0.0527587150094655 0.0403876304779166 -0.179832464994695
0.0179806644532287 0.0704541228534045 -0.0253424514242665 -0.289866541967219
0.062843554815457 0.048441725212061 -0.175098094008624 -0.296622016913232
0.0841674060499421 0.00948709515530491 -0.269978367328051 -0.182499421041789
0.0728474845638899 -0.0285304204702945 -0.267464146819309 -0.0623049392218879
0.0655973444927793 -0.0457207478623921 -0.230838643244491 0.017617441578223
0.0760728979844823 -0.0750765289773586 -0.171677148397071 0.0843997327902132
0.113590194997408 -0.0589065208448512 -0.136629315981139 0.139543195449353
0.128624006601799 -0.0167209109590581 -0.105944473185111 0.168181443741519
0.141087949722818 0.040850141027211 -0.1124059735263 0.219888230078809
0.100850739012732 0.0839507833468448 -0.14874317653447 0.258872242576981
0.0577062398121395 0.136770788578964 -0.112657830301472 0.259050859980536
0.0109908005255112 0.189018153910445 -0.0616252773053508 0.27124875468539
-0.0695761404201815 0.238459561388226 -0.225480072883966 0.0975779553401121
-0.0636268823228897 0.194852390348939 0.0156097506072888 -0.00825144379568562
0.00103087905327765 0.195256175327161 0.0505750772817981 -0.241203844956586
0.0693540766324918 0.189265333228632 -0.0329804003400798 -0.323461349130774
0.137170841762381 0.124146864931424 -0.169652660353969 -0.292094364867356
0.169603425077189 0.0468931910948256 -0.242216674766305 -0.17781665081579
0.160405025065954 -0.0281649895323762 -0.222493537708953 -0.0666789494304759
0.138069961322602 -0.0584926092519669 -0.183060213445025 -0.000198057167621539
0.149665982256784 -0.0953407343115859 -0.121661702254639 0.0610366934242578
0.196348282265774 -0.0615495635912638 -0.0785507922531101 0.120159827831022
0.210458723190091 0.00218191556381193 -0.0458801783376164 0.165832909642686
0.229160620100088 0.0982125184745823 -0.0764666486431575 0.229231118383596
0.158137508195949 0.185607877239182 -0.14140011349835 0.248040686746652
0.0500716226091055 0.257499444276506 -0.105968243025318 0.202245313903987
-0.0399486050220969 0.313483360658036 -0.0248650096220794 0.180215209145557
-0.123133383108448 0.31369762026332 -0.157815443216127 -0.0140865329408395
-0.108089317936414 0.307827213997467 0.0730811119378709 -0.0919999414802889
0.0116010390639298 0.324506407281103 0.0733080278684914 -0.300035710771734
0.135082213558359 0.288407923387672 -0.0322284365641029 -0.346975543508602
0.208475016742067 0.174816534235281 -0.148413814867625 -0.269324228591422
0.237318824910296 0.06874502881492 -0.187112436998957 -0.159205086647997
0.224785921052822 -0.0292177107421908 -0.149397903968097 -0.0657846886904219
0.189784515579465 -0.0626977770749886 -0.108920239703171 -0.017488446235166
0.200953399716638 -0.0968726850189079 -0.0509204052669982 0.0339037795034017
0.248752388919959 -0.0482943482843862 -0.00476509003179705 0.0934611198753941
0.258482117866073 0.0279731360791029 0.0266407921119278 0.156829360244004
0.275413767351295 0.145377660615068 -0.0328410900207686 0.232268980529944
0.186424929071058 0.257314286641394 -0.129871434018446 0.23084036449252
0.0312827823923683 0.336620860124428 -0.10611445360862 0.132963414886956
-0.0904181874702687 0.388405232525023 0.0153923905835415 0.0673918986814978
-0.151537383967004 0.34161570452167 -0.0736179231650428 -0.135520151670988
-0.127266720572813 0.374187147953458 0.125873391379956 -0.188427629852817
0.033557361717513 0.404169362284854 0.091499739911962 -0.343544103849465
0.190916662401172 0.336675407674257 -0.0214137630742694 -0.343753063385453
0.255482297460838 0.189191439912511 -0.100072408864276 -0.231236088590991
0.271943967594474 0.0717665247295035 -0.106088935946412 -0.137872587722249
0.253541750560919 -0.0317679782084991 -0.0576816574175896 -0.0649909804723977
0.211065555761695 -0.0589181082932237 -0.0212947345487832 -0.0315675569088194
0.221423324400099 -0.0793474086681838 0.033353360598595 0.0137912759619591
0.264752714224499 -0.0172312635112633 0.0753918295978769 0.0744684901055262
0.263787939805634 0.0666368331359034 0.0975137324397208 0.153012751727079
0.268293776349147 0.188670572531685 0.00701792753860098 0.22971943788627
0.168011366861772 0.300466548653155 -0.116802341281972 0.204158158798137
-0.0119283961987772 0.366230523107585 -0.100506986331888 0.0609740053466353
-0.139368700429071 0.399435975930539 0.0627112063951455 -0.0453798106251632
-0.152185260214097 0.313903216988304 0.00809749887037993 -0.247232094718199
-0.120887478379729 0.369885887412659 0.156021846200865 -0.281110862662282
0.0493314891906564 0.400989100845451 0.100526682741614 -0.356442678210555
0.205766035625434 0.318862041202412 0.00273616172320469 -0.312684678459886
0.252012230273378 0.166058608762016 -0.0295751293623798 -0.188170385297401
0.25694337796588 0.0614399625114749 -0.0103293564695605 -0.122619078574367
0.23929239625486 -0.0297747760508936 0.0370321829183878 -0.0681722499902646
0.19979366718161 -0.0461549297037794 0.0678155164592335 -0.0403707489024119
0.211195502063632 -0.0473038990681443 0.119982280465542 0.00768759141344787
0.242763041245554 0.022681944182642 0.152380477544351 0.0752306448870474
0.227720014112999 0.105282601948929 0.155312684547877 0.1662082223214
0.212375004132069 0.217368464562159 0.0351525195267413 0.230887248442309
0.108659636348508 0.306094514755226 -0.0989362168924594 0.172890118950874
-0.0682413882825677 0.341131485648956 -0.0794832900805964 -0.00020875257572717
-0.179197709432764 0.35063418409078 0.119424014107818 -0.140390345572717
-0.129875790542781 0.2268407194133 0.0700957837056039 -0.326744230401402
-0.100218656809287 0.289935828174199 0.159858275651424 -0.344869888943566
0.0452673189027005 0.316980818512808 0.106648374893672 -0.340171187444652
0.168465912425561 0.239287663586463 0.0350860601916649 -0.269347985944264
0.1925126285659 0.11840346619147 0.0428086454667386 -0.155859616231155
0.193870497943069 0.0471654059271747 0.0774217565742508 -0.119108684183995
0.186632868967698 -0.0173642589159154 0.116661143654248 -0.0754787504544864
0.158646205505971 -0.0254646688816745 0.144543157164031 -0.0411915575782599
0.169400887130374 -0.0140792661181847 0.195627466206946 0.01770551907269
0.185355989426375 0.0495364945113524 0.212751027515149 0.100153776260178
0.161732492196593 0.118511601991172 0.189555536683454 0.199299079674646
0.132926882648148 0.205129545765746 0.0474091320192388 0.23836598318952
0.0389666996637602 0.265148797517216 -0.0757890958064673 0.14759368901046
-0.115256355450385 0.268064600885352 -0.0415674603142563 -0.0391179485694995
-0.192005836379104 0.250704083559762 0.180883898161997 -0.202136881099945
-0.0970064184282063 0.0975317465077229 0.10671200897702 -0.358584878089969
-0.0792329872753949 0.156432426457889 0.146858296463206 -0.364884201698337
0.0164083606364185 0.177055983159966 0.117877515569831 -0.303883301927289
0.0851180814281057 0.128999178495358 0.0709690965673123 -0.231447168843765
0.0902498041002749 0.0652876812313122 0.0972110234769202 -0.143653904931388
0.0976650634120706 0.0391429968553891 0.134663035359065 -0.125163261896573
0.105870059265181 0.00573272635508921 0.165391881591292 -0.0818521553502091
0.0937007000310435 -0.0021613129883827 0.196243490390222 -0.0348218819564701
0.100133707356515 0.0101948845384125 0.247582823003467 0.0392679226267302
0.106417984778694 0.047867125591021 0.247644881216094 0.139906712791454
0.0871055416440987 0.0892173819439093 0.197633305704128 0.240383985901917
0.0654606617179185 0.144507437452096 0.0468789347590043 0.250311089478191
-0.00743605085221962 0.182133322099009 -0.0495314778130801 0.138945449510034
-0.120881691964885 0.165216823884988 0.000110308374192395 -0.0480324309283595
-0.166197260936392 0.124291086086532 0.232648542491843 -0.224717670768307
0.0656934138483906 0.00843802949862487 -0.237291023897866 0.284630538447426
0.0551436489806067 -0.0605486335309308 -0.01060891450878 0.110859109717703
0.0116310092191582 -0.0847474871880215 0.0454158270722356 -0.141537549768387
-0.0265586666677145 -0.0479363751182302 -0.034577218298941 -0.270483524259109
-0.0116587170237049 -0.0362409931820228 -0.201616312448756 -0.285382068875351
-0.00975311246036801 -0.032101808962118 -0.298648542607479 -0.157601087712279
-0.02497124765806 -0.0240226783700793 -0.296495114813259 -0.0312514305920596
-0.0188860421524915 -0.0266310665107879 -0.256074399598893 0.0542210523625928
-0.0166255290199497 -0.0450737572618574 -0.195491671597984 0.118341254036816
0.00608394478005951 -0.0563973961620912 -0.16364171910564 0.167522615068121
0.0215141704223999 -0.0467127469196719 -0.132008111508347 0.184875621496674
0.0332633728143135 -0.0462884050138447 -0.118642504900312 0.232245648203412
0.0386454534866087 -0.0489028528934489 -0.13629232851485 0.292033146784623
0.0722270174630993 -0.015121837738646 -0.116788581294715 0.322332997082649
0.0698435515465815 0.0316717691438033 -0.0744259924070821 0.346655464810083
0.0081873865474033 0.139274683177217 -0.254374498046531 0.215138058623908
0.00464601326744103 0.072611977841115 -0.0158069934541144 0.0615654590673975
0.0134931766045305 0.0539066816938834 0.0281469007746715 -0.188364930703413
0.0260656997030215 0.0712123396368979 -0.0481383966944298 -0.299700404001555
0.070226154022633 0.044311604727022 -0.20458585540817 -0.297216639538461
0.0893438084210159 0.00120750868521294 -0.294913192637645 -0.170119821531721
0.0749312753835183 -0.0349103410604677 -0.284031837545387 -0.0450490045839397
0.0654563598083635 -0.0524454557203728 -0.241424530803257 0.0370971673689295
0.0732325223635339 -0.0841174524485971 -0.174398817899971 0.101859699155319
0.113970680447116 -0.0706830472378463 -0.131975049759175 0.155834038845959
0.133237515594467 -0.0278994925125226 -0.0988903292794168 0.18407650649198
0.149849379775009 0.0300656736601556 -0.099296897594857 0.238781867197294
0.112161938075306 0.0812699196255347 -0.133487640285096 0.280200022867263
0.0705193223901157 0.139432109898224 -0.0994404958378363 0.27944078233547
0.0261986556149153 0.197303369957048 -0.0460860473815028 0.288515151549407
-0.0556197571468718 0.252912235340214 -0.227071158236979 0.116593702995305
-0.0506304994725246 0.20917008315512 0.0176804857090797 -0.0101564400446623
0.0192165225073942 0.20306233563619 0.033957481482918 -0.253049660376212
0.0896061295915176 0.191172058485393 -0.0576376010349844 -0.3344039110676
0.15449917849549 0.118153492793936 -0.199842837502701 -0.292927851098814
0.181404216440241 0.0337630464458173 -0.26592821585836 -0.166737030928028
0.166693472916223 -0.042095999699504 -0.238307948485961 -0.0545307786039664
0.140148273271313 -0.0709429005728911 -0.191689790069479 0.0143520152100281
0.147594876643037 -0.110659908338958 -0.123211423517757 0.0733971540706487
0.199602109540398 -0.0804753062089444 -0.0723993791514982 0.130730510493815
0.220970116754401 -0.0146222117056642 -0.0369861661334366 0.176125424337576
0.246210007901552 0.0826672913791853 -0.060800030949697 0.246067325332506
0.180413971994236 0.182565943397292 -0.125952855432177 0.269458249384068
0.0730903379902234 0.26575511016282 -0.095861874554748 0.219172859979052
-0.0161684465580041 0.330882713814233 -0.0146623720814629 0.19112493086558
-0.106111407767987 0.333846595510011 -0.165218106269851 -0.00474894669537333
-0.0889486376679702 0.329837248726866 0.0707718851296432 -0.101568897757678
0.0413752279713578 0.337500041153034 0.0526628865817815 -0.316475575843414
0.165690476242174 0.288482967003983 -0.0589486222830974 -0.357533244603874
0.233796450924688 0.165596829287401 -0.174859586826707 -0.270737221996922
0.254019903662356 0.0517358541378914 -0.206964095256554 -0.151553862267848
0.233562385039454 -0.0484904314502844 -0.161322939556258 -0.0605693034741472
0.19196901447341 -0.0794806995202547 -0.115592095146762 -0.00967047977939798
0.200230461714568 -0.116934034621037 -0.0512411150176069 0.0401073102197785
0.255261008324666 -0.0707514619789251 0.00212314495103347 0.0971627381927979
0.273130118951313 0.00868767473253189 0.0378445492047134 0.161396747709755
0.298968599870052 0.128444257286413 -0.0154870887346831 0.246066940790709
0.216264558509938 0.254587616867654 -0.116861587428373 0.250089415840063
0.0592927570209133 0.349433296616949 -0.100527414933095 0.148112692188971
-0.0614024921683687 0.412087491363627 0.0198771768058174 0.071377154078147
-0.132601842764853 0.365894631205617 -0.0856813768099616 -0.136646482474776
-0.103481470281707 0.400911196975491 0.118637728072434 -0.205820831464302
0.069394926959277 0.418240179805532 0.0685053549207343 -0.36282867469264
0.227761606528968 0.335962059938595 -0.0468167134205256 -0.355311013170959
0.283358409901262 0.177280103292715 -0.121655791823676 -0.232582513929743
0.289654397002043 0.0526414253176808 -0.120445508536988 -0.135064778120109
0.262000326320083 -0.0525834373476972 -0.0656998907747142 -0.0677648395679338
0.214724182081298 -0.0771738935444281 -0.024362677817775 -0.0318976953920285
0.222855856805079 -0.0997692639901365 0.0362276146706085 0.0122670753606518
0.274801630898683 -0.039643665794153 0.0851140096576468 0.0707854838285497
0.2822768487876 0.0485890656481572 0.111187873354666 0.151328967306204
0.295284073335529 0.174262908279103 0.0258901469423361 0.240272373506
0.200685022954028 0.301334339385979 -0.104996558715176 0.222162144339335
0.0170391463370453 0.382657193494156 -0.101136588978694 0.0740263265003883
-0.111094765013209 0.427192267769084 0.0608556159301555 -0.0502419979703476
-0.135718410476858 0.336619717652604 -0.00826675216822794 -0.259466991637189
-0.0959806128999482 0.395212110339513 0.1427201489731 -0.304438315525673
0.0846875113017206 0.41453953492388 0.0772809600868087 -0.377726782531069
0.241116696872921 0.316365087503209 -0.0197048659565329 -0.3244372437803
0.278167134027579 0.15452082257613 -0.0446718607972586 -0.193687152182908
0.273891660786457 0.0434993183717002 -0.019576834074705 -0.126971692257373
0.247670927382383 -0.0495287417454601 0.0339819616786916 -0.0788950630639359
0.20447812355441 -0.0628921633249463 0.0680949298626273 -0.0482240898300373
0.214915334593644 -0.0664670902988532 0.125721884317826 -0.00119370660655374
0.25442464805845 0.00365129845292291 0.16546025982756 0.0658234867283726
0.2473312677334 0.091001042668383 0.173081876556106 0.159767341262103
0.239026457013978 0.207664580932838 0.0550378650525536 0.239311267512965
0.138794909181654 0.311588897812176 -0.0891726428602937 0.187592444848205
-0.0445408057911727 0.360937809358303 -0.0843280873181906 0.00804256364376171
-0.155497559509694 0.378947044987807 0.113251355956514 -0.153237917983141
-0.11793186684388 0.245207402342562 0.051241405754225 -0.347507818517267
-0.0816443547740669 0.309839444031849 0.140925134112686 -0.37166612547349
0.0726414771429963 0.325997147472096 0.0845898607662907 -0.361273420831475
0.19539983987437 0.236350916687075 0.0175431932369052 -0.281666424790841
0.211082883042729 0.110201214894724 0.0339305369572748 -0.165153898701969
0.206913255085483 0.0340955724509275 0.0717979214983818 -0.129521455504649
0.192844197345104 -0.0324002568139412 0.116424554184478 -0.0918899160122703
0.162175240032632 -0.0383596463659615 0.149080878568982 -0.0550546669376992
0.174058651384279 -0.0277684517053134 0.205732419215471 0.00371234811864978
0.19712593005455 0.0367958032767131 0.230198770945094 0.0875338814153193
0.178927251233057 0.110787056045147 0.211643523736291 0.19171487372495
0.155800599160759 0.20161228301027 0.0682208197119339 0.246206251125517
0.0616456272230967 0.272685295304035 -0.067148357003475 0.160373021696899
-0.0989319940939418 0.287862869622592 -0.0473632665271173 -0.0351810174434311
-0.177521356529338 0.276206627399071 0.172155283648139 -0.222169426157913
-0.0925963302013348 0.108166889335552 0.0871882359655427 -0.383797050313559
-0.0694542358858682 0.168799024504622 0.124101815812317 -0.391058995915897
0.0302377878874865 0.18362926284651 0.0997858983607347 -0.325162107788243
0.0987978815518784 0.12858080515715 0.057374513905043 -0.245602621791323
0.0992816117638099 0.0627629205768994 0.0927331629726394 -0.156711151549387
0.104914650194973 0.0336481660324939 0.131298648835724 -0.141161756781138
0.109970362829327 -0.0019267282003414 0.168401139311052 -0.101565025778537
0.0965690791237311 -0.00918263635914006 0.204084238840344 -0.05170997163255
0.104789226892204 0.00256656985153326 0.261742081277757 0.0220145664410963
0.113450988357433 0.0415294267726772 0.269346366868586 0.126676027404934
0.0979990609494911 0.0861471989291077 0.223863788419888 0.235632208366909
0.079143217247379 0.14410830344048 0.0694697994825971 0.258920146473535
0.00618240617731363 0.190101721523972 -0.0409580531052362 0.149016000445881
-0.113375849368619 0.179565942466151 -0.00540004577812116 -0.0474038208049485
-0.161349887166015 0.14257223750713 0.224446093777673 -0.24984145298919
0.0682918049925035 0.00378699381345782 -0.213652992428873 0.309696345147413
0.0511490525083767 -0.0661520014083472 0.0012424328172136 0.113491526577382
0.00449186079182472 -0.088129394738837 0.0325332896609694 -0.146433726618556
-0.0303554191235074 -0.047514910030131 -0.0611602448118944 -0.27032684555719
-0.0161697589145859 -0.0363718789862613 -0.232698920048025 -0.270801282379838
-0.0127320834829376 -0.0329556576315677 -0.318128223055322 -0.131415604534292
-0.0256722044150005 -0.0223791996351617 -0.304587420974552 -0.00142255832961379
-0.0202024756922428 -0.025402133683141 -0.25629205512873 0.0814104810940909
-0.0210106525929492 -0.0440430167486502 -0.188272423100013 0.140240336528257
0.000626611945696187 -0.0578870420577592 -0.150197418199685 0.187076383366787
0.0173712361120837 -0.0493482606948023 -0.116652553235137 0.201594853772937
0.0281251685432643 -0.0505223114482003 -0.0965802227161557 0.247395736262917
0.0349459796871539 -0.0525161212538821 -0.109524683615224 0.30900056397843
0.0721931532233643 -0.0217522289326955 -0.0891576421804123 0.336976120485948
0.0727627963757221 0.0260903075357211 -0.0433414173264905 0.359947335433216
0.0217348833751779 0.1407108744526 -0.237167387286881 0.241760800183986
0.0122257653065604 0.0734689783612579 -0.00878857780471363 0.0634635785891228
0.0205798162199824 0.0523370526899652 0.0104157444059565 -0.191529000651037
0.0353685889202613 0.0682227294480529 -0.0771952410902015 -0.298092834394428
0.0760276758337894 0.0368670069128336 -0.237091033319992 -0.282385660569125
0.0914562445324078 -0.00941887906953278 -0.316035259318601 -0.144122858014963
0.0748043108235512 -0.0435623422244922 -0.294344329341951 -0.017784300455996
0.0624109888457578 -0.0591821158543331 -0.242402584632067 0.0620831187229112
0.0650182054781037 -0.0923616854303803 -0.167797057641703 0.121024703751427
0.108575966426375 -0.0836359835399456 -0.119160863023964 0.170749394192347
0.133006304512308 -0.0415970671201211 -0.083134960630878 0.19728122348464
0.154240176787933 0.0144394220785582 -0.0766557950672653 0.25302133770164
0.122785291818696 0.072695799073757 -0.106508337287081 0.297390740254065
0.0868672859824269 0.13539788924064 -0.074551189646655 0.29318004578127
0.0459729706662826 0.197735535019787 -0.0206730043888929 0.299323918603895
-0.032759146240787 0.261676402552206 -0.219266923154009 0.138322689294712
-0.0311180946373835 0.217586733265013 0.0185553614187434 -0.0122208844980097
0.042058235422134 0.202912491644699 0.0101556775695599 -0.25678390655896
0.112514891867678 0.183837938318592 -0.0907821028228741 -0.33227971965455
0.17023907663438 0.103184382498921 -0.231561865192356 -0.278328531016429
0.18813619105308 0.0139440365849909 -0.286339641559362 -0.142900035713865
0.166776965117547 -0.059481919738559 -0.248745736828444 -0.0335212593817253
0.135904380647989 -0.0861941289874666 -0.19468749739252 0.0342173409601795
0.137930604801782 -0.12695504961527 -0.118788630668771 0.0873599508263873
0.195084440108072 -0.102556657553695 -0.0614333328182538 0.138799516888798
0.223897270123736 -0.0379363309910878 -0.0217614600438019 0.183052809497662
0.257264051040812 0.0584108214725488 -0.0367589663544574 0.256767309509828
0.202963443252227 0.168148321753407 -0.100195670253386 0.285338180436816
0.101946962037171 0.263278667159687 -0.0769818525748929 0.232401810471081
0.0187938113464307 0.336686321966812 0.00145362180621406 0.196929577282085
-0.0769049343702912 0.348230856139329 -0.167570193831975 0.00949690523410091
-0.0569608186660469 0.343840755292991 0.0632068529536269 -0.110146358705215
0.0773553554279618 0.337590043312274 0.0229592120693241 -0.323931413812044
0.199973883040104 0.274911445210846 -0.0936586992927392 -0.3562602998936
0.256813128722247 0.144356227556895 -0.204019181259498 -0.257359499735976
0.264100681777553 0.0251008328173335 -0.224759683752939 -0.132386861182207
0.233635039877253 -0.0731707178806189 -0.171878602967951 -0.048137981494594
0.188031064712044 -0.0994053204943458 -0.118899060046619 0.00153349284975241
0.190343099147719 -0.138682129652892 -0.0478759099410256 0.0466319968238992
0.25202978700242 -0.0978235408852918 0.0118635495916513 0.0976906496732433
0.279524968710196 -0.0196770154262841 0.0519226833000832 0.159612672470689
0.315988606165064 0.0982369627925322 0.0102536716435477 0.252315308498186
0.246912025188513 0.238204700097967 -0.0919793846820692 0.265611293477337
0.0962163022512818 0.349451218943759 -0.0884730837420223 0.161864081575809
-0.0185657608042024 0.423716564052068 0.0253842726814453 0.0720072271980013
-0.0997763891761044 0.38379974264138 -0.0992507235178406 -0.132709093327637
-0.0639533802083618 0.416716565320006 0.100754274964437 -0.219962132760122
0.115223721512222 0.416008472391274 0.0340206136183654 -0.371792531689677
0.267693338504982 0.317078787724562 -0.0813587486360566 -0.354443624367913
0.308378812040374 0.150644703944831 -0.145358082988938 -0.224768798097427
0.300423922267982 0.0225419802064103 -0.134730498441287 -0.124604143021147
0.261466629099501 -0.0804080434595721 -0.0743177151698063 -0.0660110966394792
0.210126015421048 -0.099088290339433 -0.0277751572549777 -0.0306848320344738
0.214451048017776 -0.12334490354432 0.0376714672026876 0.00983982679796708
0.274131244731899 -0.068629719301792 0.093140804470948 0.0623583913652427
0.293120172778904 0.0195302999105639 0.125623824625572 0.141893049202021
0.317207392905218 0.144941850630605 0.0518006787004524 0.243385808075076
0.235954568041098 0.28552915477267 -0.0841152103225223 0.234901155048078
0.0572335462683835 0.386922105073609 -0.0961729631646475 0.0871478285316212
-0.0670911261915368 0.443314343607889 0.0552857794327443 -0.054881612981245
-0.1045492344825 0.353626862567879 -0.0328365471455809 -0.264358846984121
-0.0572500307613445 0.410470984317898 0.114413442959649 -0.321633547413493
0.129566518494696 0.41182704485918 0.0412868629576238 -0.388441205272104
0.278380756812014 0.296469181840164 -0.050027683472593 -0.326971181724565
0.300239057552255 0.129105912480876 -0.0629865160103078 -0.191630878544505
0.28307718709711 0.0161655424818499 -0.0309989313296165 -0.126334651360462
0.245945900513437 -0.0744158973490218 0.0257055442590595 -0.0876830498387627
0.200133047303254 -0.0828203543892561 0.0658348540310341 -0.0572829141517185
0.209781269437319 -0.0888864255023089 0.128570054867574 -0.0138028864681849
0.257646060807748 -0.0229303384129428 0.17388699664206 0.0495670385776356
0.261491707616272 0.0674881473692993 0.190039996051852 0.14501756603598
0.263189076406881 0.185376359942375 0.080783744084784 0.238653581746831
0.173724433136703 0.302025393233064 -0.0715490014893236 0.199166425727241
-0.009354125848229 0.370930965481263 -0.0849719011119445 0.0191170322921024
-0.116186829511322 0.398689201016107 0.0988438401403188 -0.164798057481852
-0.0955716356562131 0.259269770646321 0.0199726679924911 -0.359927752761021
-0.0504054773307122 0.321928396606027 0.105330386868663 -0.388655948813656
0.107621848436416 0.323334913328636 0.0514149909253654 -0.372500930435644
0.223026636053103 0.221791945170283 -0.00847963997854748 -0.28660843962413
0.226887231932905 0.0917908338979522 0.0196228671603893 -0.170780287931194
0.213992681549562 0.0137849663378451 0.0613643419079781 -0.138765964371292
0.191758362940535 -0.0517122271168382 0.109907488312979 -0.1093494346213
0.16006476987062 -0.0542858454208396 0.147199036532094 -0.0721193537938811
0.17284408890019 -0.0455481554350902 0.209876674048491 -0.0166871232716248
0.203103804394413 0.0165860050044409 0.242282541168407 0.0662997861063227
0.193587050987956 0.0942498919223022 0.232818006906408 0.173128029268174
0.178449951936981 0.18789335372186 0.094341065552672 0.243785430849484
0.0903735037709704 0.270949359482595 -0.0523359440515813 0.169087050067894
-0.0720117806671568 0.300693887925965 -0.0526516684023928 -0.0277746831141517
-0.149130279815609 0.297273630915893 0.152590248485767 -0.240308530644368
-0.0831126996736072 0.117479230002085 0.0533861067476306 -0.399677645681115
-0.0535949929716646 0.177576901076271 0.0873896072203824 -0.407304700050347
0.0494066792137232 0.183351197491418 0.0688132380602706 -0.338706675290728
0.113520655254212 0.122143246437527 0.0355222737151405 -0.253563839181913
0.107953358373261 0.055257675589313 0.0798170363481686 -0.168248254702762
0.110128412079778 0.024562183664364 0.120314485804766 -0.156897376207745
0.110521733563002 -0.0125649625262208 0.161713916451579 -0.123122441619964
0.0956330287563937 -0.0184653590044232 0.204278636948739 -0.0741947024894288
0.105400309379614 -0.00704598917634162 0.268123490314779 -0.00385944573752487
0.118711841036423 0.0304848753853239 0.286377759093903 0.102129316794956
0.108835878378989 0.0780317128014485 0.250072541108932 0.215438016760671
0.0943958622283477 0.136946899224713 0.0959794172428102 0.256329100485092
0.025191096518297 0.191950327380576 -0.0273303124667193 0.155271965622266
-0.0985399207454761 0.191970724285394 -0.0112283394969581 -0.0443385840534086
-0.146496622688244 0.159723990498605 0.202757081484109 -0.273598273741076
0.0681342732407121 -0.00173469007792325 -0.181809335947003 0.319141829440468
0.0448385315634503 -0.068589259527811 0.0123745240052129 0.110456852826154
-0.00346698552374825 -0.0878176210198616 0.0205722765577968 -0.14354490645176
-0.0337423644667234 -0.0447516517421427 -0.0826128821059644 -0.258022866352959
-0.0198542769623202 -0.0347766531180115 -0.251451391625559 -0.245097886905759
-0.0155436933840482 -0.03257850690469 -0.32282891026272 -0.100847224060472
-0.0249469636847178 -0.0204987426099677 -0.298229044046368 0.0262517502997722
-0.0209894842360426 -0.0234315703590558 -0.24486914303304 0.104946155594839
-0.0240228392990632 -0.0404713267246949 -0.173091794481473 0.154529674258422
-0.00416803507500459 -0.0560086238646741 -0.131102482457382 0.196303580712078
0.0125356825716773 -0.0503944151395737 -0.0968135666328514 0.208022626532375
0.0225221470116549 -0.0515209403480273 -0.0724688578652525 0.249471763625513
0.03016748776308 -0.0530600081103095 -0.0786243414487137 0.310747988938649
0.0692164366834632 -0.0269650216908074 -0.0585812333858068 0.336919918593776
0.0722199934168846 0.0194132847867495 -0.0130472472863256 0.357443571675537
0.033486688484749 0.135922731829174 -0.211164199866318 0.255569950067886
0.0188895739853833 0.0717177470763745 -0.000992686816368829 0.0621963710243831
0.0256777853688205 0.0479838903028287 -0.00495998751764365 -0.185705517819715
0.0421524323291333 0.0618541659163878 -0.101168813571111 -0.284487423069732
0.0782601228311286 0.0283435777057528 -0.257155879749968 -0.255312838383665
0.0885557375636669 -0.0190670613246478 -0.320754825239432 -0.112366591657937
0.0715553723492373 -0.0504617212877785 -0.290977902799107 0.00823754061888213
0.0570110075812987 -0.0641101475622842 -0.233164866959899 0.0843134710735038
0.0554168977677499 -0.0957194550146311 -0.154791278708666 0.133944289212749
0.0985152864681348 -0.091413616706938 -0.10248530087295 0.17728875608974
0.126805836117253 -0.0528290838787492 -0.0652152556738228 0.201172349314252
0.151156128520348 0.000253538412085752 -0.0514783614473244 0.254117510602526
0.128044829549935 0.0605046834808107 -0.0770809254669126 0.298708779921853
0.0980311256229525 0.125301121006684 -0.0486369483190883 0.293297354102345
0.0627480466842366 0.18835212837273 0.00347515687101012 0.29644719590472
-0.00978265178194515 0.258409187671872 -0.202868803907663 0.15297799975471
-0.0109489758968966 0.216204267711711 0.0180039374049396 -0.0137702597037355
0.0606495868458797 0.193115705083128 -0.0115672117326234 -0.249475397792503
0.128285579498452 0.16804475749429 -0.115895057772469 -0.316282834914842
0.178052589770808 0.0844441123245668 -0.250794797570575 -0.251282790674672
0.185777508743091 -0.00535317889279383 -0.29175853255205 -0.113501633792911
0.159386078574136 -0.0747900570780106 -0.247633053177036 -0.0114137482504672
0.126399024482191 -0.0956514047035854 -0.188619087113891 0.0517991114251143
0.122802276806204 -0.135668479527925 -0.109034306519573 0.0968900703189861
0.181672933825685 -0.118016350730186 -0.0491109833490603 0.140932085086062
0.216421598319963 -0.0580712198032812 -0.00705320198014216 0.18148596407495
0.255938877006954 0.0325215822853646 -0.0112948576006934 0.254303087606771
0.215173544072799 0.146670765040889 -0.0718230967336407 0.28695349704388
0.124687692535173 0.247687102778687 -0.0555914386343408 0.235189838580837
0.049097190086282 0.326327564089231 0.0174343227097802 0.19533727379014
-0.0453545157938592 0.347081509669326 -0.163736870277513 0.0222473380505524
-0.0256112497692131 0.341491774240305 0.0525963851894388 -0.112652442423635
0.10822883120747 0.321179349087498 -0.00511659566147256 -0.315378963350552
0.222239374554903 0.250162724821326 -0.121025807507191 -0.339603424503622
0.266562125338163 0.116286227460214 -0.221903001540298 -0.233629702402193
0.261535747042259 -0.00092137418983111 -0.230053035999083 -0.108652820217081
0.222081765074906 -0.0926222993532546 -0.173606784085992 -0.0341561403267758
0.175439674738395 -0.114009955982348 -0.117154594797362 0.0120491249082135
0.171968788774302 -0.151454860040598 -0.042708873798991 0.0502916219468372
0.237058403093621 -0.120169929948114 0.0190369761360066 0.0938743177102288
0.273233426451115 -0.0456056556196204 0.0630646518731889 0.151975851541711
0.31748162074711 0.0662270552309028 0.0347756951579172 0.245944343847467
0.265320897226505 0.210422512301196 -0.0659925955390024 0.267230332188421
0.126932665336403 0.331582303001441 -0.0731043213888147 0.168029310130137
0.0222147330831006 0.412295940719295 0.0290922858917373 0.0704429246621005
-0.0658182021589868 0.383991811984734 -0.109465427827805 -0.122245078990986
-0.0259448186364689 0.412322556809344 0.0790058504363302 -0.222775675309654
0.151879318905036 0.395292569159617 0.00169291475772297 -0.363422148773658
0.292076475027078 0.284548409126081 -0.108696261090821 -0.337786791022004
0.318308726466228 0.118191598607921 -0.161769541204883 -0.206368273348664
0.29651546305027 -0.0066401051666485 -0.140621280305015 -0.108976866761951
0.248736810034533 -0.102380455614606 -0.0799321522570504 -0.0611847498161096
0.197123841915467 -0.114984133396671 -0.02981151336814 -0.02836790108396
0.197128838703828 -0.139246905223887 0.0382525825639678 0.00650758175687343
0.261873919848129 -0.0925980170873653 0.0954369708695205 0.0522010348547625
0.289484172008011 -0.00860462716962169 0.133510472128716 0.127441478283188
0.322872704384502 0.110728426858201 0.0735995476343999 0.232727791376129
0.258692255075571 0.257122370726312 -0.0607718701570567 0.236832172543734
0.0916103584505122 0.372143465955441 -0.0863039830949577 0.0961221924476837
-0.0218934571994134 0.436447910202033 0.0478035701523885 -0.0569082237855876
-0.0722054292095522 0.354253102729834 -0.055318029401367 -0.256672549451687
-0.0198785011985509 0.405393647010277 0.0834668537732604 -0.322280413197037
0.165373376740883 0.388912544569777 0.00676970284190309 -0.380755977377133
0.301193558798281 0.26385801379802 -0.0775146978286949 -0.313861248911836
0.307744281058166 0.0987499347416082 -0.0781344484446718 -0.18164727210787
0.279253138609261 -0.011030167354771 -0.0399710326531056 -0.120547207304201
0.233685775581882 -0.0949712424662381 0.0163003061330242 -0.0919860391471023
0.188287351125184 -0.0981505525572266 0.059945388741543 -0.0630068412380473
0.195838437343169 -0.105016933607075 0.124717582076864 -0.0248559655664762
0.24934269826145 -0.0464451716108326 0.173828920276365 0.0323404297199634
0.263386734769519 0.0408084038299631 0.196037879603656 0.124296643627036
0.274150991916505 0.156120345051792 0.102180433656704 0.226254704949837
0.1981654207374 0.278262838158028 -0.0521672650731608 0.201019967362199
0.0252521960531423 0.361490840629608 -0.0816086801773645 0.0290907842448075
-0.0742807639237485 0.397322268542757 0.0809615275523641 -0.168352408145384
-0.0713072458701741 0.26158768426982 -0.0120053054460428 -0.354316023503796
-0.0204679001952994 0.318598714041844 0.0684444256138517 -0.386734868804735
0.136276723255068 0.305131730962948 0.016895703496104 -0.366544848974956
0.23982314158957 0.196327187261039 -0.032370979572952 -0.278496426333497
0.231742364131552 0.0691226162604068 0.00530389744455493 -0.168815971546637
0.210985628358244 -0.00659675725504543 0.0494771624605369 -0.14120864788594
0.182250343427006 -0.0675861768373117 0.0970945908832819 -0.120265822110282
0.150990243887844 -0.0664878384562099 0.138505710194474 -0.0854653454197894
0.163546227010608 -0.0594224141423806 0.204671951774377 -0.0355779802038248
0.199512069635577 -0.00240649363623186 0.242153128686397 0.0427011822813084
0.199641157917423 0.074040088590671 0.241303072009094 0.148007064318186
0.190468019163201 0.166473915156289 0.114882365623841 0.230501747414125
0.113080326411069 0.255393721503309 -0.0363964627224297 0.170328750994798
-0.0441467349209716 0.299500437977806 -0.0541950996819001 -0.0195268899485803
-0.116083065261315 0.301748794376705 0.127383788458694 -0.246422600299655
-0.0700202627872544 0.122009128163689 0.0191796390779921 -0.39726281077988
-0.0353146277630387 0.178125828000014 0.048915129925585 -0.403492031410664
0.0660012971728165 0.17485487708191 0.0377452569368068 -0.335788619079432
0.123601830919281 0.109549061979077 0.0125526079604232 -0.250479020463707
0.111527474507346 0.0457416222399923 0.0648638635375685 -0.171909843748328
0.11091507751802 0.0139703383026188 0.104530634310262 -0.1647489760085
0.106594492360547 -0.0217897821567536 0.147992686735895 -0.138027272383632
0.0910545715455686 -0.025413032356911 0.194961405137161 -0.0925013731794773
0.101626394752852 -0.0161244914647251 0.26274944210099 -0.028446055721034
0.11809437738869 0.0192654859658602 0.289274971948202 0.0738621659995233
0.113658024752536 0.0663264983643432 0.263255707975608 0.188241310763753
0.103875602927147 0.125172832716334 0.11752522078862 0.241905973599205
0.0414838165980949 0.183981516506512 -0.0142461392001911 0.154894175291389
-0.079932088955661 0.196320977504705 -0.0149602827696723 -0.0395206880432679
-0.126227881922111 0.16831469515201 0.173473596407387 -0.28326975126493
0.0658851830684406 -0.00413861157524058 -0.105205243377156 0.335290468470389
0.0328750776363894 -0.0709650372444301 0.0372950567034057 0.0994049782546028
-0.0197666530014237 -0.0823745166554593 -0.00488483210543055 -0.145429338112575
-0.0444757852144201 -0.0358342656510671 -0.127257173711942 -0.236232723928537
-0.0303833605671499 -0.0253543924814444 -0.288437516854955 -0.188507024395392
-0.0214430971645745 -0.0251968114515041 -0.330124127808376 -0.040208026581744
-0.0255063084509698 -0.0138176205343447 -0.285573344297074 0.0781783826025688
-0.0223856790819463 -0.0179180071775767 -0.216259051910284 0.146636024087033
-0.0272812202906768 -0.0328762972965801 -0.137909602163175 0.183466338406351
-0.0127753518114257 -0.0505504404615666 -0.0866994377656375 0.215788353931041
0.00465053751657435 -0.0473343623106839 -0.0518156498380227 0.218912108420598
0.0116423184021568 -0.0497769266050522 -0.0209534711334449 0.250047188102982
0.020345068475455 -0.0499765576399644 -0.0134607377186958 0.308958860987427
0.0588301679930062 -0.0319963869741982 0.00824614325311319 0.329623477801102
0.0725910120968221 0.0131977299694664 0.0471005573313375 0.34378142182882
0.0523365724675734 0.128892435460487 -0.148144582688082 0.287747727325811
0.0310286982416801 0.0641382550554802 0.0127996121880429 0.0616932239773226
0.0294109518039708 0.0380180259950917 -0.0372886870689755 -0.170864855928661
0.0441333490751417 0.0487101729224948 -0.148023965361417 -0.248469194992316
0.0721592587053532 0.0159662380722167 -0.289241103049568 -0.193102500614591
0.0791425294259639 -0.0294160103679679 -0.325220360063611 -0.0510952951007972
0.0591656713859977 -0.0582732431619439 -0.276777514100063 0.0594259912718125
0.0453663244411651 -0.0680434832996882 -0.208376949009469 0.124921246950908
0.0382610473326422 -0.0975745771758918 -0.12421602597827 0.162029792464774
0.0794263589421343 -0.102015853397629 -0.0629107982248751 0.193903385787635
0.113227282247235 -0.0663852350953251 -0.0239046909075221 0.205996916213639
0.142762290435117 -0.0218401893638067 -0.00270806465869631 0.250957450805116
0.129076240631815 0.0412606121749805 -0.0142276662133522 0.300183196720338
0.112311651066045 0.105546777039252 0.0067759161432904 0.286719030534465
0.0898825980007961 0.174330228739994 0.0520506498707008 0.282772362182313
0.0278605945777846 0.248574973127153 -0.16332412046927 0.195714531008865
0.0253638128496585 0.203387005925316 0.0142149000151481 -0.00908307223461757
0.085056653308413 0.166394017169339 -0.0547133261954648 -0.219005734314546
0.142824714055298 0.131565081872764 -0.167783330902647 -0.265858036604987
0.174855595855449 0.0515660787793565 -0.276851818084476 -0.185775650613349
0.17344505598363 -0.032840038041151 -0.291690266606797 -0.0564730777206137
0.137163638970974 -0.0957483556647506 -0.23484849625931 0.0323433002873631
0.106466014438321 -0.108498541365785 -0.170628043124624 0.084918319024506
0.0955523302991916 -0.146638045360433 -0.0872071757859118 0.118268136394299
0.153597095733671 -0.1419609526779 -0.0189916723475266 0.150409886701521
0.198351761308103 -0.0852519677049142 0.0268480130068635 0.176355476142299
0.24899893358887 -0.00734324443242202 0.034156008414783 0.243990909379145
0.224677530846627 0.108146073992468 -0.0108704913775318 0.290414688854253
0.157891061457678 0.215343298727831 -0.0126778851957556 0.233816221226769
0.0988434004472592 0.305575397412515 0.045745287091983 0.18362375040496
0.00705580677453346 0.33461655421105 -0.154096255341441 0.0699684125014532
0.0312517965656076 0.320668674361436 0.0260115916255547 -0.104238016303747
0.149196182109748 0.275681068244175 -0.0609146110408859 -0.272914729542338
0.243903012899836 0.190132547418845 -0.173226897077539 -0.278037569667117
0.264381666063468 0.0659532612079871 -0.238513946010941 -0.171398902178487
0.245777019806401 -0.0425172579842751 -0.228038454158702 -0.0628696988783942
0.192860679159695 -0.124642476191945 -0.164505839536281 -0.002679347738363
0.149920260085577 -0.13302227241794 -0.108434660096221 0.0336369672881409
0.138761718985209 -0.170286901820032 -0.0325232256974903 0.0616195837186767
0.206100181956662 -0.153573716233041 0.0367415690261249 0.093088735275817
0.253890318415447 -0.0823639897285557 0.086920728771115 0.134811959404535
0.312733161935584 0.0144142633167037 0.0753258945540297 0.227609652848449
0.281406907161992 0.15987317034117 -0.00986992310322439 0.271822892258596
0.174850372301537 0.292930536496811 -0.0437091332844462 0.173141762271361
0.0864716413390365 0.389703089434178 0.0355723645979008 0.0632222346595234
-0.00753833566101575 0.368401565622777 -0.131657105861442 -0.0756163438114421
0.0419210145528842 0.385825528328371 0.0287698196593473 -0.211007091658738
0.201132298087941 0.337002650657019 -0.0614647390031868 -0.314039698410677
0.315293728176511 0.20882381275526 -0.158483305569558 -0.274225795800289
0.313525497880407 0.0576782546936302 -0.17237031985359 -0.15689056861808
0.278229851512317 -0.0537683514419737 -0.140511063396874 -0.0799324825177525
0.215337011289217 -0.137542877136618 -0.0772865448630039 -0.0467818111725558
0.169448520964749 -0.13851263348752 -0.0320482252880202 -0.0216064029158908
0.164131774246968 -0.163885882510917 0.0370159996559589 0.00330476513180904
0.234410637304315 -0.132761064004181 0.100951726123971 0.038129389874453
0.275708857960751 -0.0503918678767523 0.149063876342558 0.0971590191846397
0.326870554537453 0.0556828589835425 0.109327318399239 0.2066837771971
0.281432124769725 0.203926342837763 -0.0115713890822946 0.243346554431719
0.147502417897873 0.335366492297024 -0.0702862411824947 0.106999412249455
0.0483309053075654 0.416899205856751 0.0305796911932882 -0.0612186275638753
-0.0182268527466434 0.339863972361661 -0.107520160249052 -0.214707554480554
0.0447650012826332 0.376982781578405 0.0136108563382445 -0.306766389468876
0.211514950278747 0.32745985299678 -0.0592993775482721 -0.331621591970862
0.319045783969811 0.18847786571889 -0.122122290842491 -0.257694374206247
0.300549001365383 0.0403368597375065 -0.0876603157930969 -0.150854988543052
0.260828792574581 -0.0562683123382835 -0.0468064233851606 -0.110384512980354
0.202504806834634 -0.128985874848477 0.0100015396823351 -0.0939497574769813
0.164088598648474 -0.121485733847258 0.0477137152124756 -0.0716975093927966
0.168175264244419 -0.13159582932125 0.113984471170972 -0.0441957275839337
0.230792551791347 -0.0871378950122272 0.171282897116136 0.00317653688090113
0.258650103488887 -0.000194618280327597 0.208754148902349 0.0805920770525198
0.288116151355217 0.105740046144295 0.134522350426255 0.193554264903
0.228096358310642 0.232177919559089 -0.0124005221137999 0.20725562648682
0.0821194089261762 0.336246887828408 -0.0778899335219239 0.0424302589172792
-0.00790543424623684 0.385023179121396 0.0430075091256258 -0.172500407676503
-0.0315674609955395 0.250300976248604 -0.0848231353943163 -0.320572136132173
0.0284288485239403 0.296355612862232 -0.0130987964937397 -0.367826079276023
0.170977316474525 0.256709957278273 -0.0484501877960512 -0.327386557112833
0.252294617683716 0.13717891775433 -0.0747706344810539 -0.238407456432245
0.225744569593011 0.0242328197775718 -0.0106761470468513 -0.156571241968348
0.197444275207495 -0.0411504314877902 0.0320010056795476 -0.14680849578197
0.158391507666493 -0.0950528187904526 0.0810578209713562 -0.136177305859516
0.132853487986886 -0.0859626582088931 0.119080819585409 -0.108552638698944
0.145266898784282 -0.0835839216752829 0.189271454895064 -0.0705790586742754
0.190492888351826 -0.0367059200327652 0.239604820134688 -0.00250178417772726
0.202572731567532 0.0404058414284167 0.256641904200631 0.0940281384102519
0.210277413791945 0.129950156483381 0.149290039575997 0.194293899483689
0.144226115990185 0.22305486277173 -0.00421791955875853 0.173999458761516
0.00785205704940096 0.288404655995326 -0.0599040771807544 -0.00968220570294982
-0.0614860198677727 0.298933535735762 0.0741049447806501 -0.2551857254987
-0.0516929426899722 0.118635986466716 -0.0632544304737809 -0.374169351765449
-0.00900343229074443 0.168724187220591 -0.0353438727207381 -0.385476044132905
0.085210599746785 0.147669127960268 -0.0259981950233688 -0.312197969494807
0.129651997366831 0.0776094321632519 -0.0301850519809733 -0.230370152889972
0.109585001934663 0.0219595061986327 0.0379019355919943 -0.173400684659276
0.105117792477733 -0.00595105010714637 0.0760306609510252 -0.178217089528463
0.0946559114240801 -0.039766861426361 0.123987508463167 -0.162858138638202
0.0820171659049087 -0.0389885950485433 0.171637652864295 -0.126561602914479
0.0941056254987863 -0.0334636812102999 0.247182999128626 -0.0764308068196388
0.116986190632808 -0.00167724325863024 0.29108898467538 0.0164786268516327
0.12012561715897 0.0463021497792699 0.286352994032925 0.12739982074037
0.120166328895264 0.104981959237919 0.155196122355344 0.206033389160804
0.0656765266552432 0.167025498126697 0.0144524664225069 0.152747763135459
-0.0427201494833815 0.197075575658386 -0.0243130948247684 -0.0357924699208989
-0.091178554711378 0.173236043027821 0.11340316948866 -0.297852401026633
0.0654950295287581 -0.00555295599927021 -0.0984140614464114 0.327623935277538
0.0316224297392051 -0.0694453746390597 0.0395178859480208 0.0957672189690585
-0.0210242024841882 -0.0803685391353781 -0.00456458838877296 -0.141019501347706
-0.0439392604817326 -0.0347858545304524 -0.126416351680747 -0.227948257436925
-0.0304819297772395 -0.0241231464804982 -0.28521515794565 -0.179828338830515
-0.0219869874969744 -0.0249743528450037 -0.322915270571623 -0.0339072669861577
-0.0235300734533361 -0.0142275346577726 -0.27656694382811 0.0821953040978181
-0.0210221696682591 -0.017553485953185 -0.209463294116052 0.149326398322712
-0.0260081304767155 -0.0308978468569213 -0.133225642152904 0.183140579924545
-0.0129596126319315 -0.0488747570441047 -0.0814367064463021 0.213312282571461
0.00369149613196702 -0.0462253147195761 -0.0471830342916769 0.214518315626649
0.0105275648618985 -0.0481408412590772 -0.0170944097627292 0.243051882330226
0.0201860971020336 -0.0486909685822195 -0.0074473598928906 0.300953218028444
0.0569850649408711 -0.0319720650525918 0.0116827798366671 0.322334213384553
0.0692322226637457 0.0124444115876497 0.0506716204022023 0.337464883411795
0.0534772044764039 0.125177707465028 -0.141726616479741 0.282919925293413
0.0317721335352832 0.0634451034548205 0.0150867412516751 0.0588152907289578
0.0301481203735468 0.0358651967581156 -0.036286067787593 -0.165002197963476
0.0447612130889132 0.0453969846344262 -0.147187859357472 -0.239921545014459
0.071568020668009 0.0137786019140163 -0.286961655381126 -0.184567723575529
0.0760656783867556 -0.0310100084626255 -0.317788529816777 -0.044435229694434
0.0575451419046259 -0.0593869199100926 -0.269714635882742 0.0634773119599728
0.0446810384014214 -0.0672348437415211 -0.202655282026692 0.126738859402643
0.036956051315194 -0.0952993849956316 -0.119509431131842 0.161705388982611
0.0764854727426403 -0.10132266814203 -0.0591736007977867 0.191336688750751
0.109863487086436 -0.0673448492480346 -0.0201950230139748 0.202958920215986
0.138869487951503 -0.0233335590524391 0.00249091806951866 0.243228813733264
0.128955387760896 0.0381637355549193 -0.00866970559067737 0.293011955253189
0.111139831044061 0.100719467781117 0.0108650873551192 0.281119774877846
0.0895301976894279 0.168445614407176 0.0534187698910535 0.278186687740481
0.0315802971234677 0.242440134795242 -0.157662953214055 0.193869898635471
0.0289480784155004 0.199319872944341 0.0148681088590971 -0.00898829707149976
0.0876360740717596 0.159892716639797 -0.0547624686687275 -0.211713121756136
0.14367087393242 0.123997155815174 -0.166645635896919 -0.256880448447236
0.172782260841346 0.0454084726731495 -0.273171402694944 -0.177116560893321
0.169026308267586 -0.0371075893859562 -0.284550719957338 -0.0504763302902666
0.132455546465284 -0.09769454254686 -0.229320387934776 0.0355610752336824
0.10353708897311 -0.108411242243632 -0.166307866341696 0.0875321288177455
0.0909111551889817 -0.144105473553599 -0.0840540760333666 0.118255432056602
0.147915678841929 -0.141667021171581 -0.0177711546131287 0.148015565754163
0.192563704532319 -0.0876134483707291 0.0284914354675156 0.173045940478877
0.242510240080336 -0.0116889522650784 0.038516257968618 0.236001192578994
0.223250199756077 0.101179671528352 -0.00565790744419557 0.283416840254468
0.158257387800965 0.207305724510298 -0.00840400055973351 0.230025734937083
0.10151521193844 0.294460440969963 0.0464071838191428 0.181156486180165
0.0127093591484356 0.32708321544627 -0.149398060409972 0.0713736224955207
0.0367052362320047 0.314076234872646 0.0252527465449198 -0.101157235498621
0.152531007928965 0.264808354225972 -0.0611177550466771 -0.263181078097533
0.243585903462136 0.17889545905486 -0.17258393836181 -0.267893708316805
0.26092186571302 0.0572863566380278 -0.235780662670377 -0.164698519463945
0.239678448305484 -0.0472453931764854 -0.222463383876679 -0.0584151411566855
0.18660146501243 -0.126478509308258 -0.162320711896988 -0.0014721403845861
0.145534969910942 -0.133564717246541 -0.106460328884831 0.0348984480636845
0.132478284945289 -0.167743012998101 -0.0308095004720982 0.0609843755492502
0.198784860436552 -0.154549464474439 0.0358642394977246 0.0907421217781246
0.247304159799666 -0.0871682541428833 0.0859297943703576 0.131250808940789
0.305718775549293 0.0070703556666762 0.0787629174253509 0.218682501789376
0.279025043205577 0.149728006028602 -0.00484268612686109 0.265515368310264
0.175990256708497 0.281414283327557 -0.0391067420100327 0.17186254630529
0.091407648035152 0.376453075834369 0.0343888326425838 0.0639112521153963
-0.00105305442268845 0.360336477232441 -0.130169908734333 -0.0709467788100932
0.0476724615726785 0.376762253169777 0.0260492958172599 -0.204659818658744
0.203835586046162 0.322602390050638 -0.0635279718605587 -0.303634376770545
0.313100969536352 0.196595493663866 -0.157823774067657 -0.264688262631481
0.309505542707674 0.0485481264838415 -0.170183930578611 -0.150897191787326
0.271582098214411 -0.0600269811283566 -0.136848608371792 -0.0769853818816588
0.207607580944206 -0.139376965170061 -0.0781072090016057 -0.0466691808258644
0.164348641810838 -0.137930113359402 -0.0319362505405061 -0.0216652093830868
0.157709305189657 -0.161553442271636 0.0364222561804696 0.00144607620999063
0.22564711219781 -0.134882805356429 0.0981606462250168 0.0357089113862243
0.269103719502285 -0.0564753767716465 0.146076911612257 0.0933779206072548
0.320388447108534 0.0482803200647663 0.111765139778363 0.198550285819688
0.280462369935079 0.192299080871525 -0.00727016376156097 0.238395959068401
0.149332259570633 0.323892557175339 -0.0660486973143525 0.10810025990788
0.0551954172743065 0.403109944432763 0.0280031310735128 -0.057836770588992
-0.0113177258035024 0.332150528509152 -0.10875736114594 -0.207534265151151
0.0504320201955385 0.36702354136747 0.0090172390879387 -0.2971313854104
0.213801853083513 0.31496222432004 -0.0619298952557888 -0.320618300223887
0.317696468919098 0.177214407408173 -0.121821652626487 -0.248911199445375
0.296741969587929 0.0315170604038978 -0.0868445556306296 -0.146446073242673
0.254464011312568 -0.0614454095122929 -0.0452204506502127 -0.107908068329189
0.194904135222181 -0.1299817972992 0.00637027215513052 -0.0948342031049434
0.158841997450796 -0.121404355556905 0.0448647564446749 -0.0734378789162442
0.162162570460054 -0.13056172982822 0.11117269743761 -0.046300385625946
0.222969523672406 -0.089526382560799 0.166855277471314 0.000254677841984395
0.253712750499411 -0.00631215020254291 0.204079973484084 0.0763405190308756
0.283062373038983 0.0971186199475436 0.135816676874973 0.185747580599955
0.228107111295093 0.221792686547375 -0.0083475912996887 0.203107392517051
0.0864633675557194 0.325226234875418 -0.0752123135023983 0.0447916741915682
-0.000328950734711213 0.372773136521101 0.0383432673337784 -0.167566331802494
-0.0258272904799454 0.244539360875681 -0.0864600503151795 -0.312448582392689
0.0334551098317147 0.287903988471165 -0.0175748271418465 -0.356073219394409
0.173078381538745 0.245570862645134 -0.0515504504890892 -0.316855710339078
0.250979803021391 0.127911453117749 -0.0755628370848781 -0.231174302318105
0.222845131073752 0.0186435762362185 -0.0112773373892239 -0.153780207149313
0.193199820898846 -0.044978375690698 0.0301214984227015 -0.145358339863038
0.152573358577412 -0.0952331056480475 0.0754319918278146 -0.137732111722793
0.128573620849714 -0.0863170676644216 0.115168170596213 -0.111553800670071
0.140026914952933 -0.0836568807487743 0.183603654195217 -0.0742937897440771
0.185017728455948 -0.0397680060108255 0.23304708054356 -0.00652536816222845
0.199762819968167 0.0343004106767108 0.250029196833681 0.0875862322261427
0.207370802990779 0.122532465273977 0.150134899363269 0.186823111761205
0.145520471872792 0.21405161604823 -0.00169243684757494 0.171137197648412
0.0129900139467405 0.280959941824805 -0.0578518930873431 -0.00688220108629204
-0.0526275904156729 0.29032050164554 0.0678191292756391 -0.249443301805844
-0.0474631069048953 0.116296951846468 -0.0662026999446352 -0.365510949700611
-0.0052681919565974 0.163289328225882 -0.0393726607179143 -0.372705093600149
0.0870253565700461 0.141663810651511 -0.0300099983293139 -0.303175454978714
0.129639934014803 0.0731274596817797 -0.0321364581593135 -0.223415317346063
0.108987988817121 0.0196327589371983 0.0357169012691365 -0.170639588387964
0.103895333870021 -0.00815674839712819 0.0721907171812399 -0.177276266847608
0.0908964090636365 -0.0401486063314614 0.11789997281992 -0.164619619450571
0.0788034424835668 -0.0384070469330823 0.165772476496311 -0.129542778752161
0.0902668338643897 -0.0337189886576497 0.240082828791162 -0.0807564694933741
0.113194545120264 -0.00357613172345576 0.28471329186258 0.0106210848454981
0.119273505696132 0.0423107655884483 0.280248520055271 0.119241877376344
0.118803279024968 0.100438243318754 0.155103540417162 0.198480685879217
0.0666788786576952 0.160473662304227 0.0158229781513374 0.150468679860658
-0.0386378627848461 0.192881740750181 -0.0241401437891828 -0.0327565660969996
-0.0837935850285003 0.169108051469405 0.105004467108566 -0.291642438176518
0.0671186834772477 -0.00717425215540912 -0.100390423759362 0.330796495853863
0.0327189359512304 -0.0698843490776951 0.041351544967957 0.0948661395401939
-0.0218151308865804 -0.0813719339779513 -0.00218326310633316 -0.142378018911465
-0.0443563951829655 -0.0355949256467194 -0.126949569243481 -0.230936702324778
-0.0310803177437364 -0.0240318560687992 -0.289934791094943 -0.181916640503248
-0.0229751941818085 -0.0252598912543665 -0.326818254370552 -0.0342423070149346
-0.0232454877876905 -0.0154220329705463 -0.279556977354943 0.0852316432687296
-0.0202880484288002 -0.0181308204430638 -0.212794313532893 0.154659208363218
-0.0249443570675078 -0.0316935735694784 -0.135550772698388 0.188211381008377
-0.0125073903643434 -0.0491386778420268 -0.0820624101758018 0.217839921469522
0.00317871090214578 -0.0463829060066776 -0.0474101229695889 0.21739907217768
0.0101222640770223 -0.0486388482906789 -0.0186464504161852 0.244457915087599
0.0218028025390178 -0.0489314862575623 -0.00712808272992521 0.303514080376997
0.0571478518159961 -0.0318323671097549 0.0125020532701514 0.326270487371314
0.068842609147303 0.0138194822736227 0.0508470315279193 0.343542747815247
0.0543390570343852 0.125623097046971 -0.143631745860077 0.286588999898834
0.0325943824056751 0.0649248403344724 0.0165853915429571 0.0583493995915059
0.0311794775738121 0.0357723732951225 -0.0342918081278359 -0.166561088158657
0.0467271982097781 0.0445765265522568 -0.147811943229882 -0.242260282154534
0.0732046978421061 0.0127776827417149 -0.290551265478679 -0.18689460737292
0.0765000898013102 -0.0335178719146039 -0.321587796408407 -0.0450866225219211
0.05901831254433 -0.061597522934774 -0.273162844029038 0.065110308322381
0.0463152644762988 -0.0695267464211402 -0.205486102309939 0.131913538307695
0.0375616673457304 -0.0963720761856443 -0.122265703331395 0.165711311107071
0.0775044100634935 -0.10273543190285 -0.0605594100351384 0.195146127764656
0.110647963346736 -0.0693334042586105 -0.0208006833331933 0.205498301124744
0.140450389994904 -0.023937561846686 0.00231511123066998 0.244369900029621
0.132032609250452 0.0380664694487643 -0.00729718874027498 0.295520674344744
0.113181964168077 0.102143269377445 0.0110946969121992 0.284758047938783
0.0901075345705208 0.170086035441895 0.0526736684529072 0.283302704070203
0.0324195414810669 0.244851423327508 -0.159613787418414 0.19772661111612
0.030609767647707 0.202961949369477 0.0166030383489214 -0.0093479149300806
0.0898884814459481 0.160292140952558 -0.0529872233587633 -0.212832406148019
0.146983537939525 0.122541858861582 -0.167046073326557 -0.259167235112398
0.177722861315102 0.0433863164957618 -0.277393122093017 -0.180123437090809
0.17064401277381 -0.0399320739862065 -0.287353795869054 -0.0511521628987611
0.134744162980201 -0.100438432161879 -0.233426663048802 0.0362822101275825
0.10540654308766 -0.111363904245209 -0.169021385779633 0.0903831116026169
0.0926080080034492 -0.145149216387882 -0.0858735371172106 0.121061091677756
0.149322440996814 -0.144369626669628 -0.0187116373117128 0.15055784198124
0.194766693630428 -0.0908191821327205 0.0280505075899732 0.175687555191504
0.244965202322629 -0.012844634039705 0.0397892635056641 0.23677005005778
0.228507640058373 0.100524270515348 -0.00443063132015523 0.286361161408169
0.160625188537245 0.208573459211918 -0.00765203172072748 0.234157666313177
0.102377234691654 0.296834790636171 0.0464198530643109 0.185947403493215
0.013566503371996 0.330139033870101 -0.151519752798916 0.0735383611720127
0.0377246030204153 0.318672752097463 0.0269926271463054 -0.101228730473875
0.156425078039464 0.265746479066245 -0.0597535518441283 -0.264489988465395
0.249526158472201 0.177434837296521 -0.173130611867888 -0.270571282960757
0.266395010787269 0.0546034814208758 -0.238635748672519 -0.167094636938639
0.242435109642459 -0.0513290672871528 -0.223478042177312 -0.0599313547708147
0.188137424661103 -0.128890910551039 -0.165796813965253 -0.00228310466706097
0.147744917303472 -0.13611803347751 -0.108792295729189 0.0356064538068605
0.134028004617812 -0.168650941640387 -0.0317082866293742 0.0616607938433846
0.200778734720666 -0.157383257108138 0.0356245241849669 0.0927918479777906
0.25022401991685 -0.090076407202341 0.0864520366833066 0.133423112939343
0.309715361312953 0.00675742055292682 0.0811826758625402 0.219412334650738
0.284894177639793 0.149233945859572 -0.00387865421555903 0.268602629795159
0.178812331665683 0.283202145295185 -0.0386445669366668 0.175697307524996
0.0933606813875612 0.37834013233546 0.0342293253433089 0.066831467757165
0.000978421020884439 0.364285582274526 -0.131259953743233 -0.0699712982951471
0.0498725240933637 0.381818628256235 0.027584763371808 -0.204983578752575
0.208685779503554 0.324443860810298 -0.0626189477144353 -0.304945744969783
0.319938376078154 0.195599013158383 -0.158871257678486 -0.26687271174872
0.315622058766333 0.045113151077053 -0.171188509668713 -0.153781542956006
0.274892170255548 -0.0643192742294888 -0.136847437432142 -0.0787811323477927
0.209569667106839 -0.141477955332973 -0.0811269994269608 -0.0489218925280975
0.166738783262055 -0.141260816699416 -0.0338457454819949 -0.0227953753463394
0.158746342982989 -0.162477101006779 0.0366444875160506 0.00112743627130187
0.228260198483987 -0.137300678673483 0.098019240255631 0.0368463762723177
0.272705515629995 -0.0597997655931111 0.146379017648949 0.0951175836959638
0.324860257158473 0.0466950379279794 0.115035435259109 0.198756577511317
0.286415688536202 0.1924469495331 -0.00652008444464233 0.241865638011799
0.152256317035953 0.326905929986148 -0.0659367422386007 0.111823265026962
0.0575500741395206 0.404753717447784 0.0269615891051113 -0.0570186990346457
-0.0103867020677892 0.335913016472123 -0.107924889601952 -0.208480042203697
0.0526969462606388 0.371374769347216 0.0112235998372047 -0.297073070733362
0.218589670592429 0.315705445756656 -0.0612559300030842 -0.32195982745422
0.324660608691468 0.176161755638354 -0.122783329071025 -0.251032306401336
0.302187294445171 0.0289613453119585 -0.0868698218210447 -0.149217351148247
0.25812547601998 -0.0649332666870699 -0.0450780699525015 -0.111174557003562
0.196214496786553 -0.131703279434295 0.00384338630526938 -0.0993576787390652
0.160473982712833 -0.123581553744897 0.0440573483776428 -0.0764968839189932
0.162945941837262 -0.131405638566864 0.112135941841993 -0.0479799537292563
0.2254819692665 -0.0916858990241836 0.167540950106984 -3.05142563922695E-05
0.257555781280336 -0.00916414074919624 0.204869815690624 0.0771121322792781
0.286744145646189 0.097020938184773 0.139561631425321 0.186687173145254
0.232809978818972 0.221244798611443 -0.00832106360387504 0.206911355476261
0.0881709243673705 0.328705798009901 -0.0745759871177912 0.0481371833267
0.00244023156299517 0.374866416489255 0.0376934034018996 -0.167529993399203
-0.0248222688984932 0.247273005309919 -0.0865203603176481 -0.316219373095528
0.0354526552412623 0.290783420220776 -0.0166303675048517 -0.356751631727726
0.176938628375778 0.246646752012399 -0.0508664244417714 -0.318441082486418
0.255491179403079 0.126908154104113 -0.0751077432822476 -0.233414673723089
0.227406181936462 0.0172210938471831 -0.00969421921526433 -0.156428374074561
0.195689640217283 -0.0475574427238872 0.0314111762670645 -0.149165172453836
0.153873639272774 -0.096391314028434 0.0739153604372105 -0.143023825401866
0.12948718345031 -0.0877651653341274 0.114571064329998 -0.116183625683183
0.141106156378399 -0.0843000178657867 0.185096490783752 -0.0770259757834544
0.186537456520797 -0.0407378191912465 0.235697788560821 -0.0072117493176766
0.203000169999707 0.032370617743137 0.252147632838108 0.0882582628267679
0.209941539637315 0.122112081229693 0.153085753969551 0.188087796401162
0.148326108291961 0.21415029293025 -0.00151310930812709 0.174885888654471
0.0132791157495442 0.283407269140278 -0.0578040515483661 -0.00399862345168784
-0.0513299597168959 0.291568539102941 0.0667183168213403 -0.250490728130433
-0.0465790901732157 0.117352317042689 -0.0654893507655125 -0.371608724616026
-0.00329553946709376 0.164802419563726 -0.0388211699006591 -0.373542618483275
0.089374345655775 0.141954443476293 -0.0300428873019247 -0.305177598541544
0.133271691183679 0.072463453316527 -0.0315886754739739 -0.225441041574141
0.111795602680575 0.0187384662200207 0.0382635948865502 -0.173420113214343
0.10564033651138 -0.00898460678665133 0.0733264269375531 -0.181380751036185
0.0913512609315121 -0.0407004887967864 0.117228674725305 -0.170411059926708
0.0793989947102962 -0.0392030314689205 0.167225662982701 -0.13553918170778
0.0910990732243302 -0.0339411091954756 0.243002115285628 -0.0834302052056523
0.11421201651999 -0.00389798600770243 0.288622719583291 0.0103866117998547
0.121110350982255 0.0416298091057333 0.28311940448696 0.119690191964868
0.120098229942958 0.100673043364962 0.157677229346062 0.199840339036366
0.0683978444456581 0.161292958081585 0.0159122229640411 0.15322603113724
-0.0382439233964328 0.195177411403747 -0.0240334366883827 -0.0312617507050287
-0.082606264346802 0.169273929980982 0.104608017874967 -0.293163814030911
0.0699252223958156 -0.00973213997218442 -0.100064625481328 0.347986734025633
0.0335037620590423 -0.0735850464302876 0.0463755546368747 0.0973579054283169
-0.0243655575893834 -0.0847115459787724 -0.00135463178370751 -0.150035370078389
-0.0469383717376365 -0.0363120878573648 -0.1349469678008 -0.240589624463409
-0.0325815021412402 -0.025256574954044 -0.307511543533757 -0.187003438107393
-0.025501894639885 -0.0265306848043011 -0.344048579874692 -0.0314142025309019
-0.0237482381394962 -0.0173106968891121 -0.291081844986783 0.0948458410951626
-0.0204377245672746 -0.0191407075137316 -0.220917550161265 0.169074563455109
-0.0247704639586477 -0.0333617020609512 -0.140618009831116 0.202341468573578
-0.0132429226543629 -0.0512402808491795 -0.0830276569803031 0.231408920053373
0.00206836911642692 -0.0478104393183959 -0.0470024986917638 0.228979351030839
0.0106792648265002 -0.0506982374679204 -0.0172043607729951 0.255277306588954
0.0235283880671478 -0.0513406655495626 -0.00239517914795113 0.316704317843835
0.0589305026566487 -0.0327623922669415 0.017225435984046 0.340886065612425
0.0712963151975007 0.0153942193057234 0.0576472162025108 0.362520985926484
0.0591821861718716 0.129950794262246 -0.146559060613912 0.302981826516008
0.0363459347204964 0.0686354271126943 0.0193656870769199 0.0601624997389196
0.033703534054627 0.0371556986332659 -0.0349858271577638 -0.173665444080715
0.0504323060241787 0.0445507095753274 -0.157146023216655 -0.252399973555875
0.0786999963849803 0.0104532296027875 -0.308251101976934 -0.19195730700603
0.0794165252516269 -0.0371639813456919 -0.338066674995023 -0.0432617322837115
0.0615142943125515 -0.0670622184485643 -0.285391780350705 0.0735733185836624
0.0488075947695327 -0.0744475241750678 -0.214340032317631 0.144967895264003
0.0399874257221147 -0.101835492962435 -0.126553387602532 0.178116365669885
0.0802904950533314 -0.10973205601378 -0.0610649962199774 0.207287915215619
0.11505538393648 -0.0745236026012811 -0.0195373407111791 0.216219815812065
0.146556051429649 -0.0267499903940453 0.00587618477197508 0.254817074943172
0.141139375827905 0.036871452706329 -0.00258012429746959 0.308616800869281
0.119234824681996 0.105499831160132 0.0162173381497141 0.298775639105984
0.0962378645509104 0.177787024105055 0.058923916685244 0.299243512222424
0.0376721397956579 0.255098747432723 -0.164095494543713 0.210913055268571
0.0359222559760006 0.213815520061274 0.0191374713314924 -0.0102809271359954
0.0978997504044172 0.16561682503145 -0.0554416374541947 -0.221139494819347
0.157699248613786 0.123677216312511 -0.177492244177476 -0.269193216290986
0.18875594516557 0.0398238919300911 -0.293706945678583 -0.185522326816909
0.178055575152123 -0.0469152593732465 -0.301489504816297 -0.0507117074121747
0.139449222839272 -0.108963806487752 -0.245118917365955 0.0411996687194616
0.109977175435794 -0.119714077153733 -0.176878886536192 0.0996116007316731
0.0953892117725052 -0.153536931817072 -0.0886097443791273 0.129941874653881
0.154683580677965 -0.154545314595145 -0.018022581430136 0.160220060013108
0.202983690155139 -0.0986767224533618 0.0315267681562017 0.184862225178011
0.25721253895346 -0.0173012967784164 0.0458777614703498 0.245402094356391
0.242958110941744 0.100073074725414 0.000552334504871893 0.299403575361464
0.170676944997519 0.216233300927163 -0.00316650818844159 0.246570965117054
0.111632500507712 0.308726167567142 0.0502797120229239 0.196951743337928
0.019834649458311 0.345435854550051 -0.155957547168481 0.0811450063394901
0.0460346323646871 0.335189958962825 0.0286756428323236 -0.105903331042446
0.169582094414038 0.274904614468875 -0.0632936450849801 -0.274413267758346
0.26602448383849 0.179257532077884 -0.183546508744663 -0.28106030291302
0.282613116638388 0.0491444289574928 -0.252343731741069 -0.17197269861243
0.253079633617988 -0.0602162364730539 -0.233814386185918 -0.061002021194507
0.195288416521363 -0.139373724403627 -0.176161382660044 -0.000970453404608176
0.153562417354229 -0.146538342178391 -0.114643945969853 0.040235343163022
0.138373628959231 -0.178411990694735 -0.0327874336311549 0.0658445875709024
0.208988142347868 -0.168821931930201 0.0376600480962605 0.0975638267733399
0.261030367994956 -0.100085610433062 0.0913077080555067 0.14034143014109
0.3253658387571 0.0016371535746074 0.0882352488017727 0.226684948389778
0.303454860377807 0.149402370569055 0.00121806509233472 0.282962567518221
0.191451901902939 0.294683088459579 -0.0353695328521659 0.186171564179255
0.103938974010681 0.394360785230297 0.0358239352470102 0.0719355741589513
0.00665109273382286 0.38194029508144 -0.136505575497385 -0.0699927068253589
0.0590880330815667 0.400328713098663 0.0288920828839651 -0.212953156394328
0.22567481685602 0.333445160578036 -0.0670683790749021 -0.316234498128458
0.340541231154006 0.195897270288978 -0.169029294246583 -0.277149299128763
0.333418738028183 0.0386400213187494 -0.181242360895767 -0.159726015256368
0.287602494986124 -0.0742373985078224 -0.143484199040603 -0.0834556364618483
0.217705771324252 -0.152246961571722 -0.0889499246038332 -0.0520704092473649
0.17347449457102 -0.151389673489837 -0.0379769913617748 -0.0246562413157598
0.164775271872657 -0.17187080897076 0.0375788658097376 0.000329351096487891
0.237215410914152 -0.148520523940542 0.102679059105795 0.0378654922899957
0.285037087263648 -0.0696677804129835 0.153594184482082 0.0984775432632914
0.341080332623902 0.0440754772038088 0.124535426839901 0.204156071684598
0.304674695505717 0.194280488469958 -0.00158418119359613 0.253990714414817
0.163894500803415 0.339120907953747 -0.0661656839314153 0.119539999563644
0.0667784833772721 0.421308453870471 0.027100399261179 -0.0573023332436852
-0.00492432462084482 0.352270274570067 -0.113725352434746 -0.216494245348286
0.0629950468972369 0.389395506832646 0.00996505695703878 -0.308512036171811
0.235927627623053 0.325004062901568 -0.0665821035071038 -0.333601661485522
0.344500671498835 0.175530302610648 -0.130505584296592 -0.260518009475904
0.319137923052301 0.0232978491326093 -0.0921866390157952 -0.156643211215395
0.269784098772528 -0.0747031047963341 -0.0473985409782816 -0.118354745743842
0.203844719944866 -0.14124631478474 -0.000125222405427954 -0.107028403762433
0.166312864623904 -0.132883823138586 0.0433145517744 -0.0831600730824121
0.168854730761598 -0.139619583674256 0.116413340627611 -0.0538186632833389
0.234389779862209 -0.101154338174307 0.175637882206493 -0.00177964645296671
0.270048684532632 -0.0163780701342441 0.214991534942875 0.0783964097005702
0.303257026438363 0.0961420260892213 0.150055082613769 0.191953036292889
0.248791787525171 0.225426915729443 -0.00416209614880226 0.218777424411
0.0979254314817239 0.342953748364264 -0.0763113428399121 0.0535077108349913
0.00906625446878519 0.390073347308264 0.0360108729040386 -0.174323635498371
-0.0206857070141051 0.259625029794536 -0.0930702535172759 -0.330621645734532
0.0421917236069998 0.303713379866593 -0.0194082193948632 -0.371190771473646
0.189736161201229 0.253033068388303 -0.057043703166636 -0.330539248268744
0.272454854767208 0.126770566070277 -0.0816037629046219 -0.241796139456172
0.24017675868808 0.0121018131468531 -0.0108099434622366 -0.165695099839119
0.20507602709388 -0.0545083894331158 0.031825217850936 -0.159341567065179
0.159745606063999 -0.102951112761484 0.0726683645756862 -0.154954190586616
0.134612957458434 -0.0939627455626454 0.11684434935966 -0.126772851529682
0.146715344144303 -0.0898934883017375 0.193085270154738 -0.0856314214256476
0.194691998573857 -0.0462053370850062 0.24705320597717 -0.0112737204753167
0.214028661238094 0.0296635046522656 0.26468478728841 0.0888561409995928
0.223465802860578 0.124507618695844 0.163886228117251 0.193471284817893
0.159941285244489 0.22079459286475 0.0018239168552253 0.18421702253101
0.0182951701482625 0.296882907524952 -0.059836353830884 -0.00159865028592939
-0.0476101695567112 0.30336677395775 0.0654687407621635 -0.262690042801089
-0.0456773039172577 0.123240906901004 -0.0722128000562872 -0.390064918127448
-0.000379648885680468 0.172367082218512 -0.0432976984815573 -0.387807397028147
0.0965994832190952 0.145965178999522 -0.0352718556739129 -0.31683300485071
0.142532572708661 0.07225805416709 -0.0354545702546748 -0.23514193760142
0.118804809929318 0.0170543869128189 0.0398895490291345 -0.184369201510004
0.11113506889033 -0.0124422569077982 0.0745480209517895 -0.193602035703607
0.0947662331935085 -0.0431152929771623 0.119388754182129 -0.183758273866082
0.082194888666856 -0.0425570655996882 0.171630038178443 -0.148465684186765
0.094741239594151 -0.0361810779962527 0.253500573328788 -0.0936749848599739
0.11879975932231 -0.0055574850201645 0.303095791408273 0.00574526733036257
0.127948169684761 0.0412186176056868 0.297584001668869 0.120835720069459
0.127488166421669 0.103173604143801 0.168497752156601 0.207113546466621
0.0737540777223088 0.166383195000792 0.018597973638564 0.161679922952354
-0.0369200905918249 0.204462394997308 -0.0253118809472848 -0.0304733140987458
-0.0815603501935895 0.176335769714307 0.104544558974646 -0.30824414021317
0.0734285486626013 -0.0156103534184661 -0.0879935127446882 0.376203479076707
0.0320936298316108 -0.079757307874562 0.0560854817455086 0.0988459892546126
-0.0303071088554124 -0.0880981450255914 -0.00676041993503792 -0.161231823892571
-0.0516527781453787 -0.0368953516912281 -0.155932660002793 -0.249259237390062
-0.0359834065737635 -0.0250936969461031 -0.340317475247378 -0.181315064147036
-0.0292571249401549 -0.0267163751082828 -0.370030997084141 -0.0148627397949322
-0.0258467314461341 -0.0188810501062422 -0.30414562901677 0.118222390221258
-0.0217819766062848 -0.0204464371721582 -0.22514378480902 0.196750705595906
-0.0270277041063047 -0.0350018103450789 -0.13869225975263 0.228390475084305
-0.016344045662579 -0.0542248629723031 -0.0753226193481328 0.252676964374764
-0.000419830796242238 -0.0504456798996961 -0.038490204354869 0.246713188109759
0.00862650999732841 -0.0549388295909867 -0.00681717354745056 0.27260966074743
0.0231941998863686 -0.0567542628410451 0.0148517416365103 0.336238118271479
0.0612137276803735 -0.0368564625330664 0.0358755822037106 0.36165161048373
0.0766385252461921 0.0139430922300982 0.0795282818611109 0.386328877886384
0.0695342040588696 0.133861204284624 -0.139810796140989 0.3319852286587
0.0432251075955728 0.0724803378124023 0.0254604772097375 0.0612749126089497
0.0388827045398982 0.0373188234485566 -0.0436219612274729 -0.184203303059125
0.0575064563607236 0.0428590835680742 -0.180113341031167 -0.26079831290718
0.0850330311539824 0.00518307157390493 -0.341004725648103 -0.187563885986755
0.0818526668128248 -0.0449817522195524 -0.363491835757381 -0.0276261585574456
0.0620928445244483 -0.0773522968733746 -0.301208599311956 0.094668570716132
0.0491032430506457 -0.083788525339076 -0.220438071841897 0.169818728491718
0.0379140941739959 -0.111109681522159 -0.125890985438504 0.200106016423104
0.0804176994666258 -0.121843215838965 -0.0542865476809944 0.226323465560332
0.118302119020376 -0.0856642831977402 -0.0102962468321213 0.232536330136766
0.155106684083905 -0.0368548391289354 0.018689516511681 0.270531178742832
0.153856665046774 0.0301948764375703 0.014261674465761 0.328096171244888
0.13289936399243 0.107368076394481 0.0348432455076395 0.317313855572618
0.112197354671881 0.184516336938655 0.0788657007914349 0.318954616862727
0.054272339804134 0.269703453354154 -0.1627386390555 0.234480404250107
0.0511473485107535 0.22750281151501 0.0216384596197681 -0.0124879771770658
0.114893142704072 0.170044156184957 -0.0675520280989205 -0.232638134151764
0.175933585898703 0.120471532287374 -0.20265652640469 -0.278102366386321
0.205002659826893 0.0289159974879029 -0.325127737896398 -0.181601534142987
0.186833797744073 -0.0617333497033389 -0.324276705704811 -0.0386983789679117
0.143302261912533 -0.125692329912789 -0.26080476867593 0.0567898526682903
0.112035105665787 -0.135345681294089 -0.183949937507833 0.11849126530125
0.094694206735206 -0.169611955209854 -0.0884629742451983 0.145175754912472
0.157031504955219 -0.174507664209473 -0.0109081869707015 0.173684865572348
0.210178964072546 -0.117482424483611 0.0420167852631371 0.196734687912865
0.273720236003418 -0.032605665727519 0.0620169084710422 0.257609097705576
0.266415259978476 0.0907534962652838 0.0173736001457169 0.319053086802711
0.193958038751157 0.22143993676285 0.0113154985803669 0.262474354893883
0.136311210432126 0.322684044416463 0.0643355616546877 0.210117411228685
0.0397691385290758 0.366695433740045 -0.159993997078536 0.0964345532379604
0.0687396268048589 0.355966205922586 0.0271550401890768 -0.113938256561199
0.19737765427418 0.281726247325626 -0.0788526139283529 -0.288261319564192
0.294660265497882 0.173717946571261 -0.209844655635791 -0.289586788321733
0.305404321354927 0.03307456921315 -0.279354983584477 -0.171115559220252
0.266358199468292 -0.0811169470189061 -0.252033043950817 -0.0541709994916197
0.200534946166294 -0.160687803908225 -0.189699971826469 0.00768122420563599
0.156512806864981 -0.166586839924169 -0.121747291051336 0.050747832319528
0.138910208022573 -0.197358960875884 -0.0328228080142405 0.0736016226154073
0.213077473796333 -0.193363595624614 0.0443702293811958 0.104457442860898
0.272534458062772 -0.123219527083879 0.104214623798788 0.146253034576132
0.347618059756589 -0.0163539429864624 0.107755920255728 0.234464634199777
0.333360173887772 0.139761454618496 0.0180830571776433 0.300797762874441
0.219295588429005 0.303661084736206 -0.0261724751477586 0.201279558074972
0.13361223142688 0.412698903846987 0.042021242445571 0.0777504208213046
0.029114140764386 0.405610308649098 -0.146920698762499 -0.0666679575309106
0.087395057064939 0.424324307075479 0.0224303389174208 -0.227235758287445
0.260664301865237 0.341014050261235 -0.0849756598182547 -0.331083567823326
0.375603942773276 0.1864801763739 -0.19334126616733 -0.286059175126953
0.358722559661883 0.0190150038490793 -0.201717679725885 -0.161545810087775
0.301534481814164 -0.0979740995690435 -0.156682645668097 -0.0831786936041534
0.223387732470547 -0.174856124420133 -0.100370706926904 -0.0525439779285525
0.176979036890018 -0.172406195198346 -0.0444924398494217 -0.0233437972032124
0.166421231796609 -0.192407559534708 0.0390584526012335 -0.00158949384322634
0.244333565506717 -0.173427626667895 0.111107828298557 0.036301144269564
0.300663146054891 -0.0917256880409102 0.168225369421045 0.0977666839035367
0.367831994380386 0.0272794404598771 0.14459213369387 0.208806178148017
0.33756301250953 0.186991088605624 0.0134276738520173 0.272127279354441
0.193778276063558 0.352567286753931 -0.0619614226289913 0.132858327203649
0.0959244433303338 0.4431549194547 0.024728105758417 -0.0604743620265753
0.0142355274422469 0.374853038681208 -0.130631818889869 -0.225704416682652
0.0896775436311901 0.410858239297379 -0.00262644258596211 -0.327900551200552
0.269866117361313 0.330480009403736 -0.0859011771122697 -0.350179411306916
0.378657143706202 0.164793006732575 -0.152311936379722 -0.269855803572417
0.343289824453973 0.00315172970286475 -0.106409796669792 -0.164051598334397
0.283231508018837 -0.0971500343765285 -0.0560276378311617 -0.126780775504826
0.209759235844934 -0.161612381258976 -0.009260185335894 -0.11644606219714
0.170020964663416 -0.151267311920234 0.0385724141830019 -0.0920494268396022
0.172934669530902 -0.157642822198475 0.120141344913244 -0.0650292527134727
0.244496726604988 -0.121282942792232 0.186859240660751 -0.0109986263404435
0.287527660636316 -0.0343720956143331 0.231309215522109 0.0728650643849528
0.330314450947088 0.085207212049726 0.170028864153811 0.194018901813863
0.279130118220285 0.224286751403332 0.00900263304555056 0.234420996502218
0.123700536224765 0.360339524245965 -0.0764004438514933 0.0627270271233361
0.0332323963399624 0.412114304508653 0.0279976260822166 -0.186020579028913
-0.00691492333809878 0.277158060104646 -0.113622881105749 -0.349245535477787
0.063363408460394 0.320813004917372 -0.0368588771092634 -0.392204554253092
0.21779683826862 0.257053779590017 -0.0765552676570682 -0.346876979196813
0.298739995169397 0.116664970783145 -0.0988528579467421 -0.252806377029466
0.257818505704951 -0.0027638964031283 -0.0195983399297307 -0.17809856545222
0.215148128249023 -0.0715563578338744 0.0258276918514042 -0.174676604240791
0.164657280597864 -0.1182934951902 0.0665404022023637 -0.171972238564296
0.138090324350458 -0.108005255505246 0.114647872858191 -0.144252389562558
0.151475590925208 -0.103929431748044 0.200256199111732 -0.10369311933922
0.204827421843224 -0.0602735408437741 0.26337131132757 -0.0260112129479833
0.229917014027525 0.0178820272755354 0.286299779083564 0.080665730428648
0.245865090899938 0.119093215175082 0.186303597989523 0.196777173178028
0.182968824174867 0.224097107577443 0.0125522443714999 0.19838599650412
0.0362405766355747 0.315451377280134 -0.0625878027476014 0.00385120840682457
-0.0323847834123233 0.323231389130425 0.0541399843783914 -0.281792753750533
-0.0404947803021298 0.133148582665856 -0.0952598068992647 -0.415674478462397
0.00948628556841825 0.182050460225513 -0.0633523880964026 -0.40904159810203
0.110713258530213 0.148714435803217 -0.0538802541237348 -0.334452054841774
0.157498126193429 0.0671642584595428 -0.0493640204456545 -0.247813078583918
0.128875812231311 0.0107198423096163 0.0339917442360536 -0.201276547496413
0.117579904368713 -0.0203847220336526 0.069293478083134 -0.212914295151308
0.0987808809668832 -0.0509402970624947 0.114190922732962 -0.206730231149311
0.0845643195723788 -0.0489285218312128 0.172184892235483 -0.171756336592558
0.0985763523873368 -0.0437185814632676 0.263992477128128 -0.115273078259473
0.126159813948384 -0.0122509268442381 0.324771028618544 -0.0108734679799562
0.138707196060474 0.0357056231470159 0.323421572777444 0.113463140650467
0.142079029327736 0.102088044748112 0.192005453597131 0.21145896717434
0.0867413594757313 0.172076511618531 0.0291762869372886 0.17328536517389
-0.0275140999884981 0.219413528961393 -0.0279180371355649 -0.0286405478506789
-0.074790477898892 0.189827443455449 0.09315013330718 -0.333577967569698
0.0817856788823887 0.000552036499643001 -0.138921661137762 0.375347496663663
0.0458834364472709 -0.0769996897298303 0.048447901217204 0.105700711123357
-0.0202639395244505 -0.0954551663421852 0.0141198754797378 -0.176052641608076
-0.0527898502746583 -0.042396227143274 -0.133172493440837 -0.2873953725042
-0.0384432405623679 -0.025048664219019 -0.339666564833474 -0.232587599784444
-0.0300725407393129 -0.0277568276002018 -0.39039101685264 -0.0625151253938654
-0.0245149098093828 -0.0239029916621066 -0.336609056963414 0.0871137534016642
-0.0186508429980407 -0.0235912689365487 -0.26184749035326 0.182137881049755
-0.0217684244993625 -0.0417337361790382 -0.1733029966503 0.228335863069959
-0.00827524007848659 -0.057204993139783 -0.108661421259254 0.259290736015956
0.00784078342662192 -0.0503311937222175 -0.0710910676827477 0.255405865223924
0.0145938972957352 -0.0529690351383023 -0.0430546988794212 0.286292025649845
0.032223067492771 -0.0520577070433121 -0.0260080025688083 0.352908281211472
0.0686656520174371 -0.0221959172625406 -0.012919339942178 0.379034011752804
0.0821138749819377 0.0330375923312807 0.022458704571361 0.416411123190125
0.0537378655441931 0.154416700610111 -0.185680393313715 0.329943350325412
0.0364195294692406 0.0809233877832991 0.021908029522237 0.0677693977716008
0.0324101733694538 0.0428546914323925 -0.0165508961793041 -0.196449046773912
0.0479851030879958 0.0522404213210601 -0.151715730832346 -0.294397273746634
0.083194492423424 0.021663230051304 -0.332120762411909 -0.23885982949006
0.0881837395012924 -0.0323657542236083 -0.377528874375903 -0.0753147759192574
0.0738813426850626 -0.0716680951955329 -0.327468888830428 0.0628008372723327
0.0660071239899108 -0.0783716946277502 -0.253357075438238 0.15402238122033
0.0573332238197305 -0.110578613770266 -0.156605356216026 0.202468128252038
0.10275892806309 -0.114896875758794 -0.0833843038503102 0.237368087534587
0.13920830028389 -0.067540683591113 -0.0446242163410073 0.24529167022438
0.167104974108369 -0.0134225448705889 -0.0241110437913693 0.288764931310695
0.155302991669175 0.0600149039837097 -0.0278081606563785 0.341876303925181
0.120968127189722 0.139702310265525 -0.00982993687074132 0.327196713016026
0.0926953200655839 0.221714317578631 0.0330133139131841 0.336879820188962
0.0167588168490442 0.290366286669383 -0.196235576273171 0.23272039062348
0.0229626779512535 0.24026817782907 0.0275872119835737 -0.00398852510497656
0.0905924182196352 0.188998410030516 -0.0301599206734714 -0.240061884462265
0.159068602530417 0.145805296187704 -0.16682155825373 -0.307297664656379
0.202620205151702 0.0615977694727826 -0.30826936479224 -0.231435097448731
0.200004326586987 -0.0365356248338711 -0.332189653549418 -0.0833441397516623
0.164616456205321 -0.111495202760553 -0.277971579221605 0.0286401074975206
0.139563983063578 -0.121834975934109 -0.209081568169134 0.104610353405998
0.125157118186292 -0.162934163746235 -0.111140012661069 0.149958270398516
0.190365302423665 -0.160066175707371 -0.03191982735987 0.189343498496552
0.242110587753291 -0.0864519346748613 0.0112675464207995 0.216063450190187
0.292546368304034 0.00656360272990784 0.0164994272863045 0.283128367529665
0.263128600360217 0.142853389246664 -0.0253729267764191 0.331760050948149
0.167461299276535 0.26818392908822 -0.0295824581801929 0.264113535246544
0.0956432649167837 0.372904976642201 0.03571626806515 0.212967371935275
-0.0144298796433445 0.385727054212715 -0.176327591935414 0.0934992112103367
0.0219146507695138 0.373154278864805 0.0472664296248162 -0.103813514177441
0.158152084421546 0.313735256675245 -0.0302802288475542 -0.292073053681075
0.272794139913778 0.214257612778285 -0.166791526639704 -0.313824571977121
0.30540547831148 0.0785886273967762 -0.256346177399613 -0.216124254391223
0.285892961772654 -0.0468314576149983 -0.251520919137743 -0.0920669685498582
0.229190623834796 -0.140056032602427 -0.195322479028157 -0.0149304195112855
0.191783937156649 -0.147929028720331 -0.135333067028331 0.0393164032672777
0.174832423232717 -0.185240896595559 -0.0434033799290965 0.0806975012487958
0.25197639896514 -0.17214146361394 0.0337926944322013 0.123876742375743
0.309628411057118 -0.0824869236370304 0.0803341260522285 0.170332209113356
0.368877353991035 0.0341142923176953 0.0618653204793736 0.265290404818323
0.325208139712217 0.204322157099136 -0.0235786137459853 0.312215796667471
0.181743782170064 0.357172525849561 -0.061140363146955 0.191722114445382
0.0773263016383167 0.467124498517958 0.0337326871221233 0.0658475797051409
-0.0331796303306494 0.42202390687871 -0.140671177185856 -0.0721088137798264
0.0287048902013053 0.443368553332329 0.0573974521731188 -0.219971400111354
0.212092173389005 0.382866020469578 -0.0265325287364881 -0.333447598277602
0.354005682260761 0.236614466825423 -0.145205441645808 -0.303523604182557
0.363484322614319 0.0702473103476437 -0.172650251683824 -0.199188446818654
0.325639730756736 -0.0597248261410059 -0.146078623978151 -0.111007407667878
0.255575845913335 -0.151631919560006 -0.092717739437777 -0.0683088812448276
0.212913250629436 -0.151343485278375 -0.0448072789212672 -0.0296075766767009
0.202813265403702 -0.175148686762331 0.0401817914739053 0.00874420171724576
0.282120305130783 -0.146716729724576 0.111047097222335 0.0603693874570382
0.334467202087745 -0.0455133949046467 0.152194469067594 0.126682765761015
0.385776167047726 0.08202104461307 0.102504452674508 0.241396021632538
0.321034893885496 0.254381285237929 -0.0245716825476841 0.280863051098694
0.146194059986583 0.403111508805735 -0.0877203423863562 0.114561091286027
0.0324396683371488 0.492041324187848 0.0392283106277198 -0.0823100583536631
-0.0448803128073425 0.385704476666365 -0.102940554943687 -0.235661789430574
0.0309918269168911 0.430864906180927 0.0460810594023314 -0.328061723470342
0.223928564207976 0.373551032663406 -0.0257526446343729 -0.352526899434902
0.360092423358538 0.214720078485171 -0.102931270752095 -0.284194017786259
0.349404510763976 0.0500583648395649 -0.0714917947191125 -0.190095390101193
0.306291828536774 -0.0629513292238246 -0.0354391846665065 -0.145056980448358
0.239068124131647 -0.139855545399536 0.0110801028312727 -0.126219288022341
0.202730588307414 -0.130899312794339 0.0501557869224179 -0.0916471492627181
0.20414263426069 -0.137950318161756 0.132952648672779 -0.0495726049471575
0.274992471091978 -0.09265362665055 0.1964963353004 0.0176041593480637
0.311274758906213 0.0126429326584525 0.221758737275469 0.105814509907577
0.338399517974495 0.137950514480025 0.133098952362671 0.225518723877156
0.253325872202037 0.282590786103084 -0.0242196981104213 0.240433132559921
0.07184263109592 0.398201523477958 -0.0913251560244078 0.0405103427665528
-0.0303627534490624 0.446770222594158 0.0630525371457654 -0.211491978381207
-0.0540344977673086 0.280556403264153 -0.069311795451954 -0.366133154990865
0.0157573052912189 0.335003662561664 0.0162941971482466 -0.401894032885225
0.179534605155718 0.291856630074046 -0.0197961915737077 -0.35288567454637
0.284943588992757 0.155270889372423 -0.0539112363747145 -0.263622515416592
0.262339835572855 0.0312527859069843 0.0172293820414823 -0.195089539917757
0.232524546957222 -0.0466861292126403 0.0549817824129141 -0.184847913280051
0.187239701173802 -0.101052646799739 0.0960519045749425 -0.175899902885213
0.161547726162964 -0.0905500907040646 0.136914494544656 -0.13769710748703
0.172873640892401 -0.0858908942857283 0.222295673166138 -0.0830498117295041
0.224654564808122 -0.0342583828519068 0.277986298661981 0.00775027676163207
0.242613811103403 0.0580588509214396 0.279780626377776 0.117712688815518
0.244100491617866 0.162362114475732 0.152733738644474 0.226979793185299
0.152234210769447 0.267020399834568 -0.0129319763657993 0.203098194072959
-0.0108479455077362 0.336977447798615 -0.0661649027163277 -0.0171560524418498
-0.0859725845874797 0.338714450880186 0.105112515659497 -0.302341502607938
-0.0686903404300844 0.126160658011622 -0.0431915733637352 -0.43888921071819
-0.0209705008577241 0.185728006380818 -0.0106705003929966 -0.427941124181236
0.0877122979750896 0.165752964985641 -0.00562356656709681 -0.344055230394149
0.148170532588806 0.0853425957010626 -0.0107342584981802 -0.25838732992381
0.127255237567929 0.0265602086875631 0.0687592234087938 -0.210875354905085
0.124042681411741 -0.00743330240851702 0.102544252625564 -0.218677318560432
0.109211095342942 -0.0398719410662386 0.148423554819245 -0.206404801501519
0.0960867825133903 -0.0378249686587948 0.200806627596619 -0.161090338491902
0.108881130456404 -0.03052484301986 0.292332430758343 -0.0898317553591162
0.135174788077648 0.00533090009680093 0.341584545442073 0.0291235973127103
0.142956995240093 0.0618961928560683 0.319952090335239 0.15606484673677
0.136350644125509 0.129999239712109 0.162105489106174 0.242869368588973
0.0598443506338107 0.196635118658478 0.00834719991924036 0.181185286871497
-0.0626562185208419 0.225538129799224 -0.0235655733034352 -0.0422453899064197
-0.109460135151132 0.186377104190136 0.152850550851133 -0.342870076901618
0.0802192790701084 -0.00977753100689524 -0.0951257601036018 0.39176851946119
0.0374032705611602 -0.0812362282116874 0.060375871763283 0.0979329513192032
-0.0316394448437481 -0.0922074116156768 -0.00420386681403735 -0.180523897393226
-0.0575568476427159 -0.0373201109866526 -0.165179877419759 -0.273817497902596
-0.0411991493942002 -0.0206351392748797 -0.368622119241761 -0.192873927837876
-0.0335806227892514 -0.0241205661097877 -0.400168448800647 -0.0166774285797652
-0.0272886127132253 -0.0227074709386962 -0.326167915643154 0.127085245780969
-0.0199635188127609 -0.0227412505998536 -0.239345728539662 0.215843654048739
-0.0257597770167573 -0.0405117968869141 -0.146521136112152 0.253237220609405
-0.0146712396785873 -0.0569887051927905 -0.0783554578732768 0.274247325389873
0.0026334235113958 -0.0503390576059283 -0.0439522591383388 0.264112171471404
0.00822970416718529 -0.0550151620440058 -0.0126799261369927 0.292732506203388
0.0273243102339269 -0.056380219362008 0.0131661220698737 0.35369600172953
0.067060313819551 -0.0278166697916406 0.0292633294934227 0.378847141428089
0.0854288180861769 0.024309536501454 0.0681275910507457 0.417837323345919
0.0701043685749646 0.147107925999621 -0.146495779073556 0.352581329498292
0.0469123816886323 0.0779998823032158 0.0302357253089742 0.0630686665026866
0.0383692540119098 0.0385091476896943 -0.0366893379094668 -0.196145545269831
0.0545500318716708 0.0447626540603722 -0.184281869359186 -0.278999460527393
0.0859362691683712 0.0103678034661746 -0.361692532193648 -0.199921131438284
0.0840956167556998 -0.0429617129912684 -0.388128374707546 -0.0322984289378956
0.0657965346964492 -0.0821331307978136 -0.321730593090784 0.101311893336942
0.0581396715499782 -0.0878792622223965 -0.234615890165995 0.187150156462157
0.0454717781038 -0.118741795836205 -0.132774744752168 0.224897757969641
0.0903121522833628 -0.127713190696477 -0.0563770199721971 0.249531518625668
0.132464097780673 -0.0837182096654965 -0.0179193917455251 0.252713947627199
0.166745060694452 -0.0331529472128386 0.00752985478240571 0.291351132620546
0.163171109693187 0.0410183491630052 0.0117720286290649 0.344227421154755
0.137822115807378 0.12718615853141 0.0269026086269118 0.327785085068855
0.118352927595198 0.21098684325695 0.0708563224668476 0.33596963088117
0.0487448314364571 0.288562767259448 -0.167966267658881 0.256317254019667
0.0520620515248843 0.239350982374594 0.0278172913879945 -0.00769498153914472
0.113901874458694 0.177507812328419 -0.0545345191804113 -0.237816328729877
0.177174472124726 0.124809909769038 -0.200822186222181 -0.288575017375181
0.210940289961153 0.0353900702284445 -0.336981812426257 -0.196138566062044
0.195579508962142 -0.0610787009601175 -0.342545143414011 -0.0464773928093732
0.151600376863552 -0.13242308401248 -0.276524297157597 0.0615370639556854
0.12655281228103 -0.140662460679986 -0.196564964365619 0.131847206261822
0.106507134228693 -0.178599196724038 -0.0930195693907527 0.166825789163121
0.172259804470302 -0.183228215103441 -0.0107117524204736 0.195506654880067
0.233318653014469 -0.11516958070292 0.0349423554487251 0.217358857251886
0.294728821944524 -0.0269777338394511 0.0482650164311542 0.280226055585991
0.281142155984688 0.110086345900236 0.0143650075855452 0.33399480083738
0.198890362875068 0.250247708222942 0.00215640128017135 0.267263511432806
0.138968294055863 0.360684972310291 0.0589964333488128 0.211717487221173
0.029548584683893 0.387655446987213 -0.162594901351723 0.114758766107949
0.0669371304012929 0.3717909002011 0.0376767677182794 -0.109814171152232
0.196160001379969 0.294039972301045 -0.0593094632974608 -0.288631269228242
0.299467080816518 0.17937972028928 -0.201505792241077 -0.295112118351658
0.316122951952305 0.0392247232256395 -0.282887140843777 -0.187032890755085
0.280039520577157 -0.0818090058121084 -0.263593601350687 -0.0648460727194659
0.212785885937963 -0.168507027127224 -0.19974397170738 0.00766535955289984
0.174968358589036 -0.172031472373026 -0.131630488144091 0.0577484614734003
0.154383696725633 -0.206992478792488 -0.0344739743865698 0.088714020835922
0.232829260215068 -0.202931742775046 0.0483514849939471 0.122074597929924
0.301341465431279 -0.119284957809949 0.098973582991665 0.163572157684115
0.375673973232388 -0.00990108337884825 0.0923480921247935 0.25624729837525
0.350702694646863 0.164011995849058 0.013403160084987 0.314534690857513
0.222647550925529 0.33798097769754 -0.0367263255522072 0.199499408728826
0.133084341506546 0.456210114327567 0.0405767127142335 0.0645660978897581
0.0135387601229776 0.426039624705351 -0.145419843462985 -0.056277984818943
0.0824608970187038 0.441533641478621 0.0358600330731217 -0.226957643611962
0.257842290153754 0.356334354134215 -0.060951529275963 -0.329507132803997
0.382431620300163 0.192931814821848 -0.178315826038125 -0.287858069475417
0.372297925682118 0.0241353865488062 -0.196765253562533 -0.1798502718061
0.318762252845998 -0.10075809783944 -0.159341847854335 -0.0970255274679357
0.237977196959197 -0.183281104243878 -0.103409330215826 -0.0581004219115149
0.196131161697911 -0.177021824507713 -0.0495151710894444 -0.022701282833597
0.183675486921317 -0.199554541170985 0.041005279018601 0.00580349900184171
0.265548801078706 -0.180734232345208 0.119132490727539 0.0485331620041734
0.329991516379191 -0.0859888769366488 0.165986186451923 0.112222102421446
0.396617362150604 0.0355541903435841 0.129956424565429 0.228244342499156
0.352050086597661 0.214477023544115 0.00960849602309914 0.284043166727454
0.192814548954576 0.387037961059069 -0.0721330920809467 0.125689726865352
0.091020683269609 0.485460337565272 0.0288856766509874 -0.0851967240174453
-0.000834012523737122 0.391314762137488 -0.126444766724811 -0.226272245478207
0.0820658194498442 0.427506462712756 0.0120905137822362 -0.333504466137718
0.268161536911313 0.345647908058861 -0.0620741159003391 -0.349267376539252
0.386743324130157 0.169368718244885 -0.134366368200813 -0.270372643755867
0.356279372655543 0.00608464356917081 -0.094665055845466 -0.184390882290206
0.300102847089818 -0.101178193610251 -0.0519395931512524 -0.144124980900004
0.223812631788939 -0.169129505850777 -0.00671025474467896 -0.128249445260649
0.187477772783021 -0.15534472721373 0.03806669660675 -0.0978044924728965
0.188961255821739 -0.162978641720046 0.126569397097647 -0.0647026043261491
0.264289926301296 -0.125993862019508 0.19905931310086 -0.00408965195156753
0.314312401188445 -0.0255548838472181 0.233016140565945 0.0822405872696652
0.35521365847144 0.0971781832820386 0.15942586332887 0.209694514512416
0.286173079371763 0.251588526564196 0.00581584570327156 0.243765975637229
0.118364627313227 0.390845346541905 -0.085234106566083 0.052281249705846
0.0225521460999232 0.447272927499353 0.0379658667954254 -0.217429381345742
-0.0213730898404224 0.286214121969931 -0.109211369838816 -0.36219610276243
0.0553553970389425 0.332027005714327 -0.0249749630367913 -0.404959300781559
0.21503755864152 0.26874169230615 -0.0573801800795897 -0.349665239124971
0.304576772850276 0.1190023705567 -0.0825976974505015 -0.255632620421676
0.2667560384867 -0.00148911167992271 -0.0064022695056875 -0.198709797676165
0.227471701243542 -0.0759803178299842 0.0336065110552139 -0.194460749083146
0.175705560320334 -0.123571365865377 0.0728350899300681 -0.188877633846767
0.151036072127047 -0.109266084103189 0.118455481452249 -0.155236302082303
0.162920198662118 -0.106477838674744 0.212011525303328 -0.108761166023016
0.220669734748704 -0.0604691343335625 0.280309120537728 -0.0240699501558981
0.251085869252405 0.0285950032557766 0.293076671573167 0.0871741798822745
0.263700013215027 0.132243641065259 0.179222778439584 0.209026831536453
0.182361814770931 0.247881916146295 0.011519292622167 0.205767856842847
0.0276896040024948 0.33812608826452 -0.066099906949204 -0.00740047408195169
-0.0446747909749112 0.344780030534305 0.0695090907518494 -0.313896531042311
-0.0536279420700515 0.133320405355357 -0.091787845898645 -0.439627545660419
0.000524755683769367 0.187067349544918 -0.0551651160390176 -0.426722192652583
0.107189032293786 0.154507910829074 -0.0427282660944832 -0.341610799090539
0.159170764983534 0.0660744632825068 -0.039374780249883 -0.256039164467427
0.131413677692125 0.0106401136266072 0.0451076425026105 -0.221266371323242
0.123395532251131 -0.0231490230473053 0.0778320344321926 -0.23353708979383
0.105000237656923 -0.0532672874719447 0.122496824686313 -0.225941143420878
0.0914117103824782 -0.0487823439470047 0.180026791657977 -0.185753371271401
0.10458777938138 -0.043312082268251 0.280973653266019 -0.1244223362878
0.135566504303642 -0.00990529196760416 0.347182639115966 -0.0119109981457466
0.151108402971297 0.0443816195558263 0.337419943124376 0.121041971894036
0.150882675548745 0.112844071885993 0.191505293132675 0.225328510629573
0.0810228696129799 0.189226173871775 0.0299970643447444 0.180221506626951
-0.0361275492084626 0.231512447244426 -0.0273886036820574 -0.0371815654262379
-0.085427309867935 0.196162855528168 0.112106577401528 -0.359413187876571
0.0745488679728785 -0.0160652115773769 -0.0559618843896014 0.385919875699325
0.0295511815933204 -0.0817181998408182 0.0664535770227554 0.0874959942816908
-0.0381829035775703 -0.0852749304703671 -0.0194591756001535 -0.176052384535386
-0.0587343597477831 -0.0307159158992679 -0.182519938718734 -0.250881577319319
-0.0410314399440341 -0.0158117617323634 -0.372783640887458 -0.150389702013254
-0.0346016611557935 -0.0193008555690881 -0.389022557729939 0.0221040616973033
-0.0290647964003695 -0.0205093684522371 -0.301823873192586 0.152281206583611
-0.0206178109152341 -0.0218067267661698 -0.209098310945769 0.231970238093973
-0.0282235259564063 -0.037631840420696 -0.115381882650884 0.261256616425661
-0.017726802402357 -0.0538302262234094 -0.0509130088911407 0.272328704312346
-0.00136090248652154 -0.0480184178757468 -0.019973701357014 0.259856237568705
0.00255664153456679 -0.0539509366173936 0.0132271724137 0.283588266551856
0.0219689637753553 -0.0573603636681286 0.0446765681704254 0.33756896516006
0.0634419904261807 -0.0317614455829266 0.0598766259237904 0.360527749063325
0.0844048310249118 0.0162386467111502 0.102123269863788 0.399292506202001
0.0792083193892834 0.136076857971836 -0.108288428056774 0.353324061229787
0.0539911661392503 0.0719771848330714 0.0346121673084861 0.0579213394217232
0.0412912420446689 0.0334724546625118 -0.0509401905860049 -0.187715814680737
0.0571557162364674 0.0372670457614162 -0.201622340788175 -0.253108042380096
0.0839024858793244 0.000873923190981434 -0.36723862040499 -0.158702578939016
0.076955896230727 -0.0496500315859749 -0.378442235192577 0.00429805659826306
0.0554187317033391 -0.0864377954051868 -0.300734204516773 0.127400406731684
0.0485791834045322 -0.0917819897279601 -0.206881233745163 0.204904397816382
0.0336974026163041 -0.119777326753755 -0.105652879329898 0.23283005804142
0.076047813369556 -0.13220373832858 -0.0311866274980019 0.247479869175796
0.120285606128546 -0.0925492062032764 0.00427450402164541 0.247259581102719
0.157517082092976 -0.0469585294048471 0.0319462230657751 0.279490313650908
0.161539908014364 0.0232751901584017 0.0427743532372723 0.328937413944918
0.145401410800088 0.111363569346658 0.054921043976602 0.311322972236532
0.132555961092508 0.19221067482022 0.0975066349018982 0.320950112066183
0.0711645266861069 0.273346898480292 -0.136757982770631 0.262553768365065
0.0732526494265735 0.226624036285337 0.0276291792108338 -0.0109562577328783
0.127252075156816 0.158998597078433 -0.0714054070894462 -0.225782019574922
0.182515084065302 0.101571344658632 -0.216943008050872 -0.260797501451114
0.20631033593141 0.0115926930801206 -0.34403859382228 -0.157295016931048
0.182435141217337 -0.0779470539083902 -0.335768009225099 -0.0130730411948178
0.133328459024783 -0.143086108955633 -0.26202587728051 0.0853850437823311
0.109809213972304 -0.148956908038528 -0.175546289201987 0.148144399274589
0.0873206255014191 -0.182538419435041 -0.0734251232008197 0.172005919739131
0.150083818893037 -0.193590304397126 0.00794859092256502 0.191437210966773
0.214603232730453 -0.132736486798066 0.0530772681550912 0.208717336043033
0.281584950532069 -0.0539343770739735 0.0703387389335079 0.264495733486688
0.281098718038266 0.0785029903418976 0.0454190413777844 0.319828750986773
0.214437103971005 0.224850505850717 0.0268188020617741 0.255122434054582
0.166672656378046 0.333374975350523 0.0756717639978099 0.20139022721118
0.0628014094770559 0.371027225221582 -0.143821883631509 0.125199406127944
0.0998733561710516 0.352184536838464 0.0284182480940778 -0.109190423146854
0.216392050633683 0.263362516502139 -0.0790674057095551 -0.273866777574023
0.304415320847935 0.142262091316689 -0.217755972374283 -0.265882505382113
0.308137161429038 0.00532951059125831 -0.290190316823934 -0.153957403413241
0.262303662541457 -0.105630379566746 -0.260437930282791 -0.0392150594076972
0.189500108094631 -0.183345851806018 -0.19315272054756 0.0264055948432365
0.153263009660105 -0.183443625583253 -0.120620250022385 0.0697711409033353
0.129742437474598 -0.214180424666611 -0.0244253722769717 0.0907881946617169
0.205511036083846 -0.218237428172746 0.0589375354287491 0.115135219719488
0.279993811338248 -0.143970349969534 0.109929964184822 0.151307064283267
0.361983861882778 -0.045058227579757 0.110675134930416 0.237202948091021
0.352090567214117 0.123312065312055 0.0438725965989979 0.301357789780538
0.245943539471375 0.305607875234221 -0.0166137969702775 0.19458210676789
0.169674795215037 0.424404091249785 0.0444799311140312 0.060322798462184
0.0532135151460454 0.409411846310209 -0.142412250210011 -0.0424952072876666
0.120234987456287 0.418034262865449 0.0168981616895306 -0.221641308061514
0.281344982036407 0.316848386727865 -0.0838456636673426 -0.312402553058257
0.385560598034026 0.147646739107144 -0.19508324684106 -0.260654865288684
0.360079677096333 -0.0147201240564904 -0.20700985489882 -0.155630173391319
0.297390532117782 -0.127611344842004 -0.163911022159097 -0.081132665649887
0.212551232889687 -0.20025070906315 -0.107159748607027 -0.0462732911283656
0.171889458373476 -0.190123148115268 -0.0499436697394479 -0.0155119856423845
0.15850305682435 -0.210146395377585 0.0400999513712774 0.00341411254562835
0.238993412657615 -0.199806110170383 0.119816765197484 0.0374911148696901
0.311165273991297 -0.11408525316746 0.169809106085928 0.0954164851598933
0.387532093550406 -0.00387058602865902 0.145011704307255 0.20678402535317
0.357454071022134 0.172637575159168 0.0366424548274803 0.272271327339559
0.221780764279594 0.356439407399823 -0.0568869899596999 0.127152545345631
0.131359743232616 0.45553058650562 0.0195549007571802 -0.082531365367686
0.0357034763977613 0.376640143302135 -0.139832836273223 -0.208712845098697
0.119419534862338 0.403582763575785 -0.0147999592744036 -0.323001828196968
0.290315723939352 0.305941139554362 -0.0873793258327856 -0.330158826642543
0.387581162270809 0.124555072229178 -0.150799126557559 -0.247371244374708
0.342754266189854 -0.0297836120446188 -0.108431114530889 -0.169025745348873
0.278731937600979 -0.126353682959828 -0.0644795682883244 -0.136922267073602
0.199905685981985 -0.184800905621035 -0.0200177368742981 -0.123491205300573
0.165808557740202 -0.167105307222166 0.0270976577955293 -0.0967540408982272
0.166587540119528 -0.175334299861373 0.115775786454744 -0.0724864180825565
0.242950817232948 -0.146197821224316 0.192157423952613 -0.0218407849725978
0.301274158493781 -0.055708993337473 0.232675286641948 0.0613136508304917
0.353271521072834 0.058744419640706 0.171832020168034 0.186954070109503
0.298412880720163 0.213748913899168 0.0296453659958253 0.234755418742713
0.149232752439775 0.366402799233855 -0.0757282878183708 0.0582082770146805
0.0633068238400541 0.424598086558555 0.015939385774123 -0.211407047969994
0.00635625600031665 0.277771134942113 -0.136965261106958 -0.342816762209507
0.0833869214633151 0.314749569657852 -0.0565032114769143 -0.388467983400835
0.231266244519388 0.23689421235253 -0.0822037721380727 -0.33097874237413
0.303806542558933 0.083673812255266 -0.10000263557576 -0.237812990839934
0.257182262516362 -0.0283262945284081 -0.0243555944508406 -0.19243753102124
0.212235511734236 -0.0956335672988617 0.0134494119171173 -0.193570954308696
0.158158459640319 -0.136694775942979 0.0508730890582512 -0.189890027619703
0.134772704035854 -0.118932107842952 0.099092511092058 -0.15993185785405
0.146923386980174 -0.116998341031209 0.193584514255114 -0.124112705490259
0.207440256067472 -0.0791057172156472 0.268495013594058 -0.0497662530776235
0.244913564268051 0.00223901942744813 0.290066429558737 0.0600917198116737
0.266888838691486 0.10138886798352 0.191859162196215 0.184895912751081
0.197243343996131 0.220564966570184 0.0309352023860409 0.197689913585035
0.0579949496477184 0.322782363442642 -0.0635593478801838 -0.000673381688880413
-0.0108033602986915 0.331884523174062 0.0377002378314314 -0.307560287150271
-0.0381455608084514 0.133148972916683 -0.127985175166951 -0.419163723308335
0.0179799389910939 0.17912905145087 -0.0880811628059491 -0.407547887204969
0.117481020863434 0.137230415298452 -0.0693982681221982 -0.324899980693355
0.158915466782116 0.0470612055190039 -0.0585324134564002 -0.241811651899544
0.126955299631238 -0.00329420231697956 0.0231906857769309 -0.219302514777089
0.117035200439204 -0.0346845898723624 0.0523592905247942 -0.235128000848504
0.0961150677339392 -0.0615942898984341 0.0953973856203779 -0.231544434505112
0.0829182761983363 -0.05465269414947 0.154822320090299 -0.196424450162378
0.0964018872074734 -0.0516379625973326 0.259236277976735 -0.146281590166577
0.129738704990824 -0.0212739794385957 0.33362434164753 -0.044511301291518
0.149763175371612 0.0273576337390495 0.335754556087028 0.0872223068818833
0.15544949084236 0.0944364803434353 0.205387091677383 0.199582467309249
0.0942342599870663 0.174072077512447 0.0458585402674434 0.172238741844376
-0.013309093444445 0.225064522027117 -0.029591919083175 -0.032173339851516
-0.0631029912436134 0.192451280701377 0.0737834336642234 -0.355190683483427
0.0690163940881449 -0.018317462736965 -0.0327418827771474 0.372968598198399
0.0253935081774324 -0.0786711839336755 0.0677480320677369 0.0791567709317005
-0.0405623754639354 -0.0789461017296205 -0.0273387245405729 -0.1697807418778
-0.0579160396563942 -0.0265039845270291 -0.186383951304327 -0.232748271197184
-0.039673907488922 -0.0130824896716894 -0.365244038264023 -0.124412990900501
-0.0334194938057129 -0.0158371159616496 -0.37244963162648 0.0423141896730218
-0.0292796744458613 -0.0187214716481139 -0.281345497262156 0.162428465674074
-0.0201358750858087 -0.0209564277952934 -0.185842241279669 0.235976972753062
-0.0288210631005539 -0.0350239273030563 -0.094498645759078 0.258968614575182
-0.0196353084860981 -0.0505243814244742 -0.0341058028276382 0.265449015280988
-0.0034692355500546 -0.0455160364741243 -0.00693580441322919 0.251149086018121
-0.000410629660784347 -0.0514402594953552 0.0256194943548862 0.271596699244961
0.0183351756641414 -0.0558535464413994 0.0601404089185974 0.318299178049527
0.060947443065278 -0.0326842761976381 0.0735189529137625 0.339985482383359
0.0810609476703766 0.0115313271198646 0.117674162167966 0.381013049812231
0.0818080186347035 0.127491176661687 -0.0844458596814128 0.344764121494364
0.0565337795539692 0.0667502431182922 0.0366069964915404 0.0526676521296177
0.0426054538676691 0.0296032236955058 -0.0569819674749539 -0.179222516324744
0.0563608729124704 0.0311020823215726 -0.204008057820567 -0.233444462023537
0.0803287291052866 -0.00540473429881373 -0.360647010016229 -0.131903979420769
0.0712573910575693 -0.0514129273585656 -0.364343326817334 0.026036409471972
0.0476973438554157 -0.0869671445753647 -0.281836496609566 0.139491478737111
0.0420066436950953 -0.0918328611613157 -0.184225316779785 0.209111236434815
0.0263966515274045 -0.1171193001789 -0.0862586090824153 0.231395129256132
0.06619465356332 -0.131202934596357 -0.0165012416500013 0.239900841124522
0.111024486184629 -0.0952377291192748 0.0164742233966457 0.237866917070857
0.148321027639738 -0.0530430169387471 0.0445630989555979 0.266137756711144
0.155767830807411 0.012348893356181 0.0584031951633375 0.310607870216938
0.145577522286906 0.100515009743058 0.0666750407949784 0.293828109181903
0.136153823764379 0.176699940564595 0.109861594494668 0.305857562268208
0.0818491946843059 0.259621167586848 -0.114394255044378 0.258443052880945
0.0835036254032883 0.213827250940421 0.027225282116441 -0.0116907213578889
0.130703279027492 0.144511041850772 -0.0769622360312562 -0.213943583906267
0.179588230721965 0.0855644440383023 -0.219421205047371 -0.239433522810031
0.197954904575521 -0.00233027467906807 -0.337695530735141 -0.131625642837581
0.17014979774773 -0.0848639233353194 -0.323268776723474 0.00511670664307404
0.120129915585043 -0.145442140928779 -0.246762426266349 0.0974040596403393
0.0974255486458482 -0.149945462761778 -0.158273179724745 0.152424625439295
0.074119486163684 -0.179986255905003 -0.0584826826526631 0.171730927479393
0.133497063889948 -0.19471859957289 0.0190095668073241 0.184128526093876
0.199887723494487 -0.139599325437836 0.0615574118121864 0.199647500224159
0.267941051114612 -0.0671670983839772 0.0801679278247904 0.249483941839526
0.272467357221155 0.0582325794091628 0.0607420988791988 0.301981726718729
0.218100691926678 0.205747687674771 0.0389357478204116 0.241436173349315
0.176153259792073 0.30951472435044 0.0828753159282029 0.19170435575223
0.0787985757768587 0.352992406510282 -0.128712254672225 0.126216203926127
0.114594252851963 0.333362710285434 0.023888598048967 -0.10590340166144
0.221783053709771 0.238936686252444 -0.085673807858548 -0.258889989146326
0.298555922562058 0.117726957652278 -0.219404046870985 -0.243568191137937
0.294528875907883 -0.0141882561432296 -0.286881185790544 -0.131638898471799
0.244636381593016 -0.117182941368844 -0.25221105500021 -0.0252358436211298
0.170997283115176 -0.187298576716328 -0.18491635661873 0.0362778671331051
0.137260529775565 -0.185327235063837 -0.110051780294548 0.0751650770668913
0.113142946671647 -0.212721812682968 -0.0162224679126922 0.0904161577808285
0.185501863001574 -0.221538249388244 0.0631248074198799 0.108214045003902
0.2606859438367 -0.154286313501408 0.113745598341859 0.142092392613869
0.345579998551489 -0.0644683512699925 0.117844705242367 0.221022051751502
0.343672694522114 0.0975020481880443 0.0591262950888626 0.285625839154528
0.251206881813675 0.281664723708756 -0.00459867044679558 0.1860204111858
0.18324935954086 0.395326663007996 0.0457387342473258 0.0582488245694415
0.0723464466362891 0.389719721969741 -0.136189612986081 -0.0346082776300171
0.137948307041397 0.393602548288841 0.00703967266386982 -0.213836663266498
0.286766274624843 0.286174262687525 -0.0928215412760162 -0.295422691982498
0.376930077718231 0.117711184726078 -0.197791036686848 -0.23885120219787
0.343938365126273 -0.0363404796957442 -0.206492246069882 -0.137689256005557
0.276608731618373 -0.140185317341007 -0.161907021994648 -0.0701254763193456
0.192358353080435 -0.20385367144937 -0.10675958703888 -0.0386112025335461
0.154905567261207 -0.192086121511022 -0.0476766366003517 -0.0115259280332189
0.140447482449613 -0.210281877259837 0.0402080294092832 0.00272328708482435
0.218766143526606 -0.205503066743596 0.118287134637241 0.0298499088506037
0.291807815918537 -0.128366629725755 0.168390251126344 0.0855040426301133
0.372517365555662 -0.0267688648943766 0.148446075046003 0.189499601021966
0.350447659246458 0.143551596179532 0.0508807582196083 0.259120375882045
0.230862501641157 0.330358558069182 -0.0460653004420834 0.124390508920341
0.149128179911574 0.426382104551678 0.0143381083813655 -0.0783471957624953
0.0545730308715593 0.359275186276734 -0.143152010792142 -0.194786096832545
0.135678224830086 0.378885730765496 -0.0279622121737232 -0.308897122720734
0.294485876154102 0.275109666551528 -0.0969849812318111 -0.312420893535293
0.376555695391207 0.0959246041132713 -0.154665862242355 -0.229243856952903
0.326377146559046 -0.0495262703328101 -0.113705305864784 -0.156631699018428
0.259114890446616 -0.137990801379036 -0.070112525021585 -0.12979984675983
0.181593358323197 -0.188662326216914 -0.0279593646522031 -0.117905837253346
0.150433617953423 -0.169173883194883 0.0205582751821952 -0.0936506069549483
0.149744496506813 -0.177103613496532 0.10743971461109 -0.0749656206167291
0.225934249310066 -0.153876332369576 0.184089006156862 -0.0316419664037445
0.285815302696015 -0.0711629859912626 0.226956397783287 0.0488727474077739
0.341657260621282 0.0351742713345044 0.173820085212438 0.169166126976067
0.296171384975469 0.187400261094247 0.0418693381863941 0.223350517632652
0.162364642621621 0.343443192016546 -0.0672588894526883 0.0595584257483064
0.0824788989057625 0.399541564587909 0.00339537935619721 -0.201812326333661
0.0217947427118048 0.26523915670975 -0.147496082289388 -0.324193883473616
0.0967210073247995 0.296188704997692 -0.0711449240113499 -0.370213318014103
0.233627272313397 0.212481388795353 -0.0930240404169971 -0.311987664857829
0.294449376787834 0.0612772404068485 -0.105355688364832 -0.221876596610616
0.244480291560762 -0.0428245110784091 -0.0337360115407308 -0.183587218252971
0.197550322517512 -0.104597638778536 0.00137111771875814 -0.18847660861144
0.143372532877022 -0.139622027316082 0.0359776204154044 -0.186415934273897
0.122707574486151 -0.121199554907864 0.084819681831273 -0.158771410362129
0.133912648901605 -0.120453855291487 0.178725650147946 -0.129193489749219
0.194839194944131 -0.0872627854845658 0.254987245686664 -0.0623436435120232
0.234144980682421 -0.0127682736856815 0.281708105447656 0.0444602313643222
0.261029680159289 0.0817042484122856 0.193148553760782 0.166869410087894
0.199573795540317 0.200296724236706 0.0412728667619697 0.188110627338605
0.072991364969411 0.305749036897848 -0.0591334863246633 0.00304544305044445
0.00756091712680214 0.314944637383068 0.0188079590052775 -0.29554140853992
-0.0279341166425735 0.129040565673646 -0.14407713331039 -0.39872820250904
0.0262107796065925 0.169781324435387 -0.102909753533418 -0.386830555290515
0.119709338371014 0.123879402846957 -0.0806012919785396 -0.307453225886464
0.154310971521239 0.0343223602637598 -0.0666550973146077 -0.227630427469702
0.121984122347789 -0.0106664589478266 0.0104051056429076 -0.213243788357472
0.109800185171762 -0.0400682217810239 0.0366101577733428 -0.230277083060665
0.08847412925389 -0.064487851380588 0.0770928850707241 -0.229200666629123
0.0759367421685598 -0.0560864355467222 0.136299419043941 -0.19705759273677
0.0891553187488616 -0.0537408913054052 0.239809433943104 -0.155044087674993
0.123536632878787 -0.0271876321554974 0.317987467176983 -0.061374574738706
0.144444400582323 0.0168038401114871 0.326186096836787 0.0669596201086886
0.154183801011728 0.0812980667056424 0.207248053214353 0.180656457548847
0.0986872328195291 0.161693720888452 0.0524857088183735 0.163606774000021
-0.000949764575114474 0.214957081730605 -0.0290339024840205 -0.0285885587489845
-0.0501376034514603 0.183925314354871 0.0514515429188625 -0.34350981662037
0.0658891011707353 -0.0193036393803403 -0.0204931671790599 0.366685885218752
0.0236810718613947 -0.0776553594949709 0.0687100893174415 0.0751206995243249
-0.041346744246073 -0.0755113067250013 -0.0307204626225213 -0.167339732544067
-0.0575502121616524 -0.0244191230059791 -0.188030901004492 -0.224235200533468
-0.0383044421192258 -0.0118489121631087 -0.360052332409996 -0.110512299284119
-0.0327522429684384 -0.0137984257779264 -0.363550364773835 0.0539540081861129
-0.030416983132897 -0.018248999956446 -0.270914035002639 0.16743220428047
-0.0203044811032373 -0.021490997773873 -0.172904507434758 0.237586758674684
-0.0288126413444911 -0.0341298884828004 -0.082594837359787 0.258344412580297
-0.0199847494756585 -0.0496657205877728 -0.0260641671760637 0.262257945568564
-0.00438936224847212 -0.0438958700523472 -0.000497850474783873 0.246843965283597
-0.00203514647553422 -0.0493847646900283 0.031955121635031 0.265517470632919
0.0162727447864426 -0.055391704496694 0.0658085113024199 0.307514606621125
0.0604061767548782 -0.0328930039581679 0.0778012173034924 0.329121896769655
0.0790466578652433 0.00979685881030441 0.125125155092724 0.373318323876361
0.0823818599666248 0.123462578795257 -0.0717760172695933 0.338714867195741
0.0588762725521062 0.0641997162398051 0.0377054004107752 0.0507755227167554
0.0433017942134055 0.0271173405683726 -0.0596557335976657 -0.175764921489209
0.0559084449724852 0.0276757523796569 -0.204523350806227 -0.224630650456155
0.0786876558857398 -0.00916618146215752 -0.356304916367766 -0.117988531351121
0.0683220597134842 -0.0526371130035221 -0.355903655177087 0.0363462481919276
0.043951768501278 -0.0871302893845701 -0.271785384490951 0.14592496738607
0.0388311323804094 -0.0932589057253137 -0.172587421873732 0.21155475603691
0.0223303286964821 -0.116118757522846 -0.075004885147903 0.230728421899647
0.0617703110332729 -0.131354644618454 -0.00873736843694556 0.237075250346292
0.106480176596449 -0.0965535392674792 0.0225298575526078 0.234893376134054
0.144255658500589 -0.0564037705534049 0.0501354810055329 0.258989235706445
0.152235135458646 0.00746385966281596 0.065163823126191 0.300400532539151
0.146708394940755 0.0955952164246089 0.0719165078943311 0.284003585883811
0.137429741144527 0.169024134512974 0.115713296328854 0.29924823564293
0.0865439150732492 0.252576915365964 -0.102702548605694 0.25604613352351
0.0890071170592998 0.207416523973013 0.0272698992656785 -0.0125415507666654
0.132833318552149 0.136111760385722 -0.0783121870245867 -0.209211651270112
0.177720321366867 0.0775105768588408 -0.219501326669423 -0.229094260234846
0.193589504234715 -0.00995038961111604 -0.334598454000905 -0.117057965536123
0.163885623699545 -0.0886949709116635 -0.316906691572186 0.0138824970077389
0.112299903812619 -0.146894871676451 -0.239592490324721 0.103225921940782
0.0912252363451329 -0.151603766886963 -0.148797951155466 0.155255291281361
0.0669467725820905 -0.179159487464169 -0.04962015536269 0.171232912613755
0.125561761014823 -0.195499987541203 0.0242980889049514 0.181654491144588
0.191756905440677 -0.142371112455123 0.0665669754970722 0.19628798163232
0.261248577871811 -0.0734624476903083 0.0846397146835571 0.241084835075414
0.267389049843881 0.0486394495350308 0.0688468292421226 0.292156542585796
0.218826756769697 0.196676683099524 0.0433101777010972 0.234137589922188
0.179672419150737 0.296680046959589 0.0859388805391848 0.18890510986648
0.0867932905543585 0.344233712221024 -0.119585157511973 0.125970424544939
0.122907516397665 0.322524728833574 0.022198374338251 -0.104702824066055
0.223741740097228 0.224861598118401 -0.0882103679680958 -0.252156669700478
0.295340824611218 0.104475368000862 -0.218852002266955 -0.233235588137055
0.28663755105085 -0.0249584773578998 -0.284817035625883 -0.119409377394612
0.235734708635957 -0.12315892620239 -0.248457089089072 -0.0174005161985864
0.161122013353546 -0.189442349082425 -0.180634324737611 0.0422277430835629
0.129189149711704 -0.186337214381808 -0.103629074954048 0.077631808169174
0.104269692417842 -0.212109670263991 -0.0108779172341318 0.0909411187521375
0.175089254255509 -0.223542244798898 0.0667106220027365 0.105413539038413
0.251146195143217 -0.159733274710745 0.116481355182066 0.138718276434365
0.33775097613456 -0.0736657094016246 0.120055567147612 0.211902275266379
0.337597726675079 0.0840216307004714 0.0674359144136844 0.276523848218441
0.254673741719295 0.269415146115808 0.000678379832903487 0.180897122989123
0.188754863782236 0.380218218176705 0.0461314784448201 0.0579178582108624
0.0818591438511576 0.380052244897608 -0.132159776013341 -0.0323020588464905
0.146481430455634 0.381841958056194 0.00377994172397723 -0.209794111428402
0.28864347505651 0.269276772514487 -0.0949243067328644 -0.287280800213083
0.370993881105579 0.101831702983961 -0.196572461771623 -0.228644475883246
0.334591485124407 -0.047605826743023 -0.206153712770798 -0.127601859506904
0.266388538285518 -0.146993636822351 -0.161289131696476 -0.0651720342916917
0.181986541582288 -0.206367472516711 -0.106807918271551 -0.034138413373068
0.146649576913536 -0.193079084379887 -0.0458711751105042 -0.00887535087175844
0.130659888260293 -0.210342069195627 0.0412943351893693 0.00307348677411341
0.208673999393706 -0.20899763308157 0.117746298420166 0.0262360816567871
0.282424266996252 -0.136166583616739 0.168423941013372 0.0816625448202685
0.364289950668598 -0.0387195723057649 0.149551788548372 0.18111838527355
0.346266975257018 0.129388262418921 0.0586457414534346 0.251461378607888
0.235435140770793 0.318091445844315 -0.0408940666112121 0.122431619946591
0.156019248091359 0.410081378137705 0.0106140663258182 -0.0753907018319473
0.0644382080400245 0.349557206427055 -0.144091232511406 -0.189365859432344
0.143944248568653 0.367747359585564 -0.0337243883221768 -0.301875839428152
0.294887887185101 0.257702825222098 -0.0995954998214398 -0.303348484882325
0.369885420151467 0.0808002446308439 -0.154144986401211 -0.219165865612204
0.317827146554911 -0.0597133410200228 -0.115592762416477 -0.149196427506111
0.249022425353702 -0.144230088954143 -0.0727673595257821 -0.12594606408234
0.171412333620861 -0.191201958214648 -0.0322190634146588 -0.114603997649233
0.142387972830745 -0.170501808731425 0.0176297693521248 -0.0915657503337617
0.141068688934524 -0.177736187289264 0.104492783844016 -0.0758712329527338
0.21710772938143 -0.158313133640014 0.180499298011176 -0.0366300482901115
0.278165852930786 -0.0802428878440816 0.223918658444692 0.0439796412682017
0.33635286688757 0.0224447212692509 0.174517025240031 0.160335147642839
0.293673604804122 0.174317277270638 0.0492108232460406 0.216951607309862
0.168930447287272 0.332082543731669 -0.063470047486811 0.0599476163364836
0.0909997752070235 0.384499981424756 -0.00358231478723858 -0.196402951527573
0.0296665605774823 0.259330638456966 -0.153031854993789 -0.316316300994863
0.103755799396202 0.286099769761537 -0.0774411695228461 -0.361601373884238
0.234548421703473 0.199098917473669 -0.0966918468545857 -0.30352381958788
0.289264640848814 0.0495536522598636 -0.106335432753185 -0.213745359934348
0.23750321854869 -0.0502274865860932 -0.0376404854123604 -0.179024514801834
0.189516843952039 -0.109326128525899 -0.00440841428386267 -0.186193242772985
0.136369493454246 -0.141849888187113 0.0279241871118273 -0.184715317975412
0.116574794214544 -0.121589262612205 0.0775098800081417 -0.158328098427627
0.126972462445665 -0.121420593077328 0.171964060823436 -0.131860760347241
0.188774432258243 -0.091045588548739 0.248820525154564 -0.0697437574751643
0.229027611695765 -0.0212318920927345 0.278440880720485 0.0377301817187608
0.257834477057341 0.0708809689060625 0.193453166155731 0.157201999447244
0.199685585512441 0.189944025261873 0.046389307582517 0.183848061709838
0.0790418315956952 0.296849831781338 -0.0569705153483672 0.00522026307393881
0.0153118044156415 0.304736122665946 0.00943432788572359 -0.289420277725269
-0.0228942216023261 0.12634146934935 -0.152573301951049 -0.389253320381005
0.0305470349803641 0.164494555383362 -0.109166939098374 -0.377020169916571
0.12028891656129 0.116077145564773 -0.0847156531918474 -0.297514797402179
0.151070341807851 0.0271319826627619 -0.0692726282613574 -0.220371395059625
0.119340594372759 -0.0145457481957735 0.00437321548312136 -0.209090220958929
0.105785175909647 -0.0441453755700674 0.0287334377659196 -0.228584827967275
0.084054959332812 -0.0654925689828265 0.0672421089626035 -0.228395026553013
0.0729453828523547 -0.0554871427289192 0.126236863554066 -0.197591193354024
0.0847160168544616 -0.0550873696322612 0.230041448883875 -0.159462443336637
0.120866975085089 -0.0305452046810544 0.308170408422429 -0.071250436297506
0.141074999721558 0.0109175519386533 0.322342609659478 0.0586988195210624
0.151774012370398 0.0741739330596256 0.208100942524131 0.170889287802173
0.100225083983971 0.155586754175649 0.0556973502021069 0.159417436737936
0.00468709056958004 0.209370848545374 -0.0285711521814463 -0.0264953874668012
-0.0444320292179875 0.177832109096738 0.039288283563506 -0.33708812750598
0.0563146046476545 -0.0482820159259432 0.144863121365546 0.337978505963455
-0.0105043838980083 -0.0815055119878245 0.0938504133511786 0.035147906075679
-0.0690769984532532 -0.0482381933742989 -0.107572377813695 -0.13679162797223
-0.0611493113184862 0.00817627639135565 -0.276524708911038 -0.117374390941358
-0.0360151042396837 0.0106802041601683 -0.373707882778811 0.0694178505096821
-0.0323449225420167 0.00384493439904077 -0.302793062797554 0.217062229560839
-0.03582510589402 -0.00235595918351028 -0.16975078935039 0.276012474869856
-0.0269769713986084 -0.0133602301723741 -0.0431486203069571 0.293147162507268
-0.042250562771001 -0.0184291603344008 0.0479303938360505 0.270005864028294
-0.0392090998246773 -0.0367881598103663 0.0989618243870227 0.247307945150594
-0.0213841258898143 -0.0373845613344989 0.112328388549855 0.223260887815472
-0.0230134001217763 -0.0393057192104957 0.150754603454916 0.223355409506494
-0.0100991020360383 -0.0548490103207023 0.19705132512632 0.243273846722084
0.0414963138089227 -0.0530097975732176 0.214239055314305 0.26585293173776
0.0790560961459401 -0.025242389639026 0.279709343047305 0.29115100855634
0.130879375535501 0.075646662273538 0.0929522839725344 0.337990411523229
0.080896043639481 0.0311644700721821 0.0595385622044573 0.0266976283569448
0.0496568331447934 0.00832725544307631 -0.130533358259345 -0.134297033192079
0.0604739819934921 0.00476014567101181 -0.285098939597079 -0.112202811940908
0.068685567002149 -0.0378137472831255 -0.372408532222749 0.0566465818742075
0.0404651094682945 -0.0758472647844349 -0.302056794848657 0.19374951068244
-0.000110702819044881 -0.0977430616665498 -0.177811533311402 0.253052015639486
-0.0036406302038812 -0.10540263094694 -0.0541805236360654 0.26940296941797
-0.0312141686668809 -0.116124139517173 0.0443435683310748 0.241898100432003
-0.00161418454780509 -0.148492319298704 0.106208382359507 0.217480324074416
0.0570580495546741 -0.13608868547726 0.132289742790321 0.205302957287139
0.105627096722048 -0.112097310170309 0.16975792804033 0.217643074087215
0.142628884764465 -0.0578626192621517 0.194440567558764 0.2430651123977
0.178402401870466 0.0251364327239289 0.184522726172647 0.230882911473676
0.208749584661286 0.0938466005138218 0.228044061057068 0.229377339737362
0.188189283467226 0.192293895254685 0.031927948982128 0.277789286204704
0.168045551424132 0.14724299453837 0.0265329631117675 -0.0256592303816925
0.175756256297796 0.0683585544665195 -0.154975780649896 -0.15840836310358
0.188851505819957 -0.00405963887833114 -0.293741283969108 -0.113070220637263
0.169226718603158 -0.0890440477221842 -0.350807823409605 0.041242537073356
0.109851641946404 -0.15072643594799 -0.276283883549238 0.153487570236455
0.0355688469880504 -0.181083372236339 -0.167613638183628 0.197006390075215
0.0192847398493757 -0.181356223663643 -0.0574764501545324 0.207247386348647
-0.0183914517985608 -0.192838517368876 0.0407141718551496 0.177083053860184
0.0280834786082035 -0.235477580868105 0.113828367548016 0.152225075841789
0.114621444052931 -0.217538580504339 0.157791248229021 0.154162887226798
0.203246179356793 -0.181548456837353 0.19698576013724 0.192641422902823
0.267089322911948 -0.0713228823197643 0.193737507944032 0.239186849239634
0.289699824713847 0.0832487263901757 0.132754309549158 0.202730347859035
0.308826190510498 0.1896984586834 0.143794608355437 0.142351974615229
0.225197244122097 0.276213415985327 -0.037511861645585 0.168687201923589
0.246196464517232 0.237094570590215 -0.0162424279970429 -0.106699143389465
0.293441769318205 0.109817609740712 -0.176497817110768 -0.196035258357692
0.303483072161018 -0.030674182400885 -0.288775440393676 -0.119949428190324
0.246171614391541 -0.142772702105159 -0.30498793720819 0.0136271031777307
0.157942487178789 -0.214082189697386 -0.229563890066825 0.0914032919596702
0.0606142608222751 -0.24101273004221 -0.141799723512205 0.112446251267929
0.038945986254604 -0.2303237285671 -0.0540087382171577 0.116818822845386
0.00154043206563111 -0.239754468871982 0.0388247837956136 0.0863509339721765
0.0606204871713813 -0.28339804390165 0.118021960056047 0.064906369950009
0.161090131345169 -0.260442649641394 0.178554222593549 0.0814864758672624
0.271684856282469 -0.217087781284582 0.219811608855634 0.154665899998285
0.347117566339063 -0.0699448261954766 0.185342117907135 0.229238075690596
0.355833616407215 0.133883459979255 0.0675795687159708 0.175556528157174
0.35569525682609 0.259909091786244 0.0444529770977036 0.0409686139668986
0.234348321491795 0.31217694290082 -0.117287903503409 0.0308196271768816
0.290754160457577 0.281137991751805 -0.0786179319710504 -0.194173690456992
0.370275868055362 0.122687124052131 -0.194870091183349 -0.226912542569978
0.369247858676027 -0.0660952034501161 -0.263125114918555 -0.129080714874244
0.277183035669174 -0.184513438077624 -0.239263444628653 -0.033019146039623
0.1741934668589 -0.249206445150879 -0.17353158505085 0.00702565259724055
0.0715177869473928 -0.266041030149278 -0.110203297750422 0.00823765237988725
0.051835114908308 -0.24293005621323 -0.0423488588837963 0.0121820346276029
0.026586967735123 -0.249590949417909 0.0446532262260183 -0.0162645946566091
0.0972683563122232 -0.285380468905662 0.126949045587356 -0.0295823999642407
0.200106052659406 -0.253866414137226 0.198687585199867 0.00870835243485236
0.311522039217514 -0.198650982097297 0.230643912990683 0.116429036810123
0.375266064183449 -0.0326261680313384 0.165232509413685 0.210375260848538
0.359809676954081 0.185323901230336 0.0025761736965122 0.140696218370188
0.339074434684425 0.301903186684718 -0.0484820982359921 -0.0672651597744721
0.204425768211147 0.293504573832433 -0.199828391509565 -0.106225113653281
0.282000126882781 0.271817324469029 -0.155170475435353 -0.261742349999885
0.370536247000386 0.109976776425383 -0.206812582989478 -0.23958031987888
0.358043015854609 -0.0853666240638633 -0.222533618103684 -0.140206976116519
0.255838616811281 -0.188157668685738 -0.168904201204341 -0.0937849653446095
0.158799944887004 -0.239983562195815 -0.122579062853103 -0.0876570869398882
0.0693662356590322 -0.247280025666048 -0.0812277289239814 -0.0976064380540018
0.057949328980291 -0.219403160601197 -0.0242293280919315 -0.0912360884887666
0.0505332075943318 -0.22422597048071 0.0633668296202047 -0.116219698150525
0.126782963277693 -0.242783669075925 0.15287960469465 -0.114182442711833
0.220566903344698 -0.200487027592709 0.228968352458695 -0.0499632519224073
0.314448725706683 -0.13213322342285 0.238813230796581 0.0874779929857369
0.347076770647874 0.0316617483921073 0.139258546214385 0.184095197270768
0.303739315101623 0.226975434270077 -0.0464891837207853 0.0914287641868929
0.266403952370975 0.308674548101478 -0.113045100344529 -0.174446352571313
0.134427763889433 0.226189389718957 -0.269117535270203 -0.218639847714988
0.211628531205853 0.217359014998448 -0.224168077917368 -0.293578093917703
0.291561131278458 0.0826714838997619 -0.207913664406189 -0.238212436375706
0.273166787335346 -0.0789018699332285 -0.180440323799068 -0.154098720692725
0.188064353924946 -0.145680962827263 -0.11355081171075 -0.153249035896567
0.120108350648208 -0.181857373158105 -0.089924383143952 -0.171827432184124
0.0597785589953263 -0.187143730727088 -0.0594848182562398 -0.186819017182774
0.0551667041894078 -0.162007663795278 -0.00208331516052996 -0.178834702206607
0.0628468019103131 -0.16695397150094 0.0965987397105712 -0.198058204247237
0.131702644349112 -0.169484474623936 0.195982691673784 -0.175253759354838
0.200984948418331 -0.124201792100728 0.27069171688988 -0.0821776859016999
0.265746618709841 -0.0525980819684987 0.25025661255861 0.0729573022968575
0.26849898116131 0.0875618675996973 0.119510314872325 0.152181898978214
0.206082276091818 0.235486581261949 -0.0630364890576597 0.0346990186145781
0.157397292214637 0.269967541469654 -0.137984061380679 -0.26668480903368
0.029961926967906 0.128983959456404 -0.30702694268757 -0.285888487650849
0.0951481325051803 0.139830046570032 -0.26475736256339 -0.29326630535097
0.154256656593785 0.0564749730668337 -0.200537044229344 -0.233394370063109
0.141264663629345 -0.0386241535610292 -0.154751897334983 -0.172181450623028
0.0974973305157189 -0.063295940366056 -0.0913080827718471 -0.195965531142074
0.0736207541125223 -0.0860536716280769 -0.0797391617083597 -0.221545268693384
0.0465987933838319 -0.0960639467294626 -0.0458831632817276 -0.241101060181457
0.0429856430034281 -0.0814034154346886 0.0216034507906009 -0.235898279085112
0.0540466764445681 -0.0870039745530894 0.134112289323387 -0.249268282257431
0.0972626199683536 -0.0829620265233108 0.245959795927177 -0.204310305221304
0.135308862909598 -0.0547213373727743 0.316758144085417 -0.0878938121163119
0.172221802342874 -0.000976448625586344 0.264161650821313 0.0724601370687724
0.161979578915892 0.100882491362027 0.116595032311667 0.12291262892397
0.0980270164439889 0.187732515838601 -0.0473679371040789 -0.00918141812044487
0.0421056369259473 0.181075790282324 -0.124040575659687 -0.326152360177553
0.0547431371839509 -0.0509419931856898 0.166341976611093 0.337457681934045
-0.014258279062339 -0.0834392366719512 0.097596640648688 0.030637321287992
-0.0722607154034452 -0.045470063913832 -0.117663757730641 -0.135687876626098
-0.0623028795253977 0.0117401987987773 -0.288636990114329 -0.107507640207582
-0.0364769898045021 0.0121417912223703 -0.377686658666116 0.0908105278905339
-0.0325441441742052 0.00478491315129987 -0.297551306636711 0.239039958673463
-0.0371422174708449 -0.000337804711665922 -0.158070956019666 0.291730784077449
-0.0292466726807366 -0.0133198382966819 -0.0266341161076084 0.302227950938777
-0.0439816801244924 -0.0171297853114501 0.0663286762215814 0.273569941228171
-0.0421308570999065 -0.0357066970470268 0.115404241622179 0.249081101531081
-0.0227821925615724 -0.0366615880430681 0.126103992577986 0.222686241112102
-0.0252981866778894 -0.0381156939582003 0.165032435055181 0.220841522119941
-0.0132869393761813 -0.0551482977460833 0.211862844578039 0.237702268063495
0.0411784138325677 -0.0562738226248273 0.229370435942751 0.26229813479941
0.0786708299647946 -0.0286882594135507 0.301725381170597 0.286243334822896
0.137748789753004 0.0717167721660876 0.114072435592264 0.339730264910122
0.0852322535183149 0.0268822187783501 0.0631308527770338 0.0234048126593563
0.051383922158787 0.00448873901066372 -0.139596784300316 -0.1323030907659
0.0613354184998567 0.00199485470288625 -0.296601803594186 -0.102258114405436
0.0671818153511939 -0.0435196406951374 -0.375511406865136 0.0782242021183938
0.0378555098078097 -0.0806312935114884 -0.298466020468039 0.215188497055953
-0.00583875927883413 -0.0992135685823105 -0.167837423525914 0.26887093350627
-0.0104636396279856 -0.109072512110845 -0.0394488533845935 0.278517986950542
-0.0381705263517084 -0.117401978238007 0.06128458637588 0.244281586567241
-0.010046782532709 -0.153059245495504 0.121501459637411 0.218644322582512
0.0520074393176942 -0.142449115240189 0.146993761798715 0.204565628976408
0.102583618549238 -0.119852426681569 0.183656980990195 0.213495014362244
0.141868516090886 -0.0658167948199399 0.209669653092264 0.236570423424978
0.185062385831692 0.0170237772503452 0.19757951494745 0.227782321116426
0.216983148521961 0.0861391104264239 0.246488133482137 0.22588810207056
0.202379715783604 0.187363283563116 0.0489850510614363 0.280980924250065
0.180199726158073 0.141071482881711 0.0273630733587848 -0.027784845936341
0.182514421035196 0.0594769718601106 -0.165553830673014 -0.156537397499664
0.191936296864083 -0.0145279677253712 -0.303978136066271 -0.103457188849379
0.166805575148267 -0.101400480695085 -0.354245868153264 0.0616642730879716
0.103876613656265 -0.161411413277038 -0.275300789641778 0.172254394998009
0.0256223764622484 -0.187605474486458 -0.159618383635042 0.211469537117211
0.00952041106322801 -0.188513422584962 -0.0465041675608449 0.214122257520425
-0.0289839226562682 -0.197288895218179 0.0544256096370088 0.177883598391526
0.0149496474460103 -0.244048644894922 0.12592618651093 0.150714214993862
0.106342834212214 -0.22917784010998 0.171278178431885 0.150462902996781
0.198613667707069 -0.197515525092661 0.211034749378655 0.186965072510113
0.267489451029093 -0.0866792190427905 0.209799527664621 0.232428452007547
0.302687348148924 0.0711554899475505 0.143737038758871 0.200766000396546
0.323475250750884 0.178206174054613 0.155786520539202 0.14088339574177
0.245053300079734 0.270423404894969 -0.027611550217976 0.172065366100593
0.264238409810668 0.22967548148421 -0.0194975660090262 -0.109582985973496
0.305105452136178 0.0951404334400325 -0.189126526578517 -0.193942076216363
0.306626905207071 -0.0477068775501836 -0.299476273559411 -0.110369131922809
0.241778777073674 -0.161154530882053 -0.309797197814714 0.0302006362502698
0.149181612046946 -0.22779144200668 -0.230540849877181 0.105207836704734
0.0484417710632365 -0.25013335215633 -0.138794693871891 0.123078924563289
0.0273876984089409 -0.23901333473881 -0.0474497925099533 0.121405206330675
-0.0113318874163959 -0.245013058799623 0.0469500550140472 0.0851843005775119
0.0458722388958908 -0.29528014292468 0.125142121807774 0.0601830719582594
0.151173591347903 -0.276462559779034 0.189196450213262 0.075489536019592
0.266040224996251 -0.238660552983584 0.231220080654377 0.146550394184575
0.350501192654862 -0.0893238252062383 0.201921958918792 0.221794948755966
0.371935919889604 0.118884851780262 0.0770486689031619 0.176228729355951
0.37524883619962 0.247807601769568 0.0482002559379859 0.0419463806454896
0.256675232002314 0.306277080756058 -0.116995846479002 0.0351735622097597
0.312019938053094 0.271666642181767 -0.0878030239392955 -0.195469929088033
0.382812295357738 0.104019190480401 -0.208687131275779 -0.225002436242264
0.371279813168721 -0.0879217226476147 -0.273391292017192 -0.121313898479039
0.271691986342623 -0.20442804873382 -0.245104339203038 -0.0205098055122565
0.163390806987303 -0.264894694727256 -0.176805389851671 0.0155776690749934
0.0580793942874905 -0.276016476730637 -0.112488379350571 0.0154534284797319
0.0403378885579391 -0.252670675357649 -0.0422551277939227 0.0140045517663563
0.0138393973636331 -0.255607486006649 0.0469115060493793 -0.0204900197527174
0.0823866720560185 -0.299099320512669 0.129548629658243 -0.0366112213646176
0.190870956909702 -0.270651407315646 0.206654643556291 -0.00102982639958004
0.307715971827946 -0.222133557643234 0.240684841372555 0.106960268568423
0.380604980685688 -0.0519142279239428 0.181029681938647 0.204202294302941
0.377822965226116 0.171846436399223 0.00949478749614972 0.143562235830316
0.359837605525426 0.290165584748743 -0.053021349219655 -0.0639935987044428
0.225509680075111 0.288093622798332 -0.210047965001778 -0.100781549453847
0.302481395726479 0.262407210885701 -0.169934841383003 -0.260002700053724
0.383068437988913 0.0913001612875409 -0.221353256648812 -0.236694712253386
0.359846243280858 -0.10695337777665 -0.231411267051245 -0.13402772841872
0.250116282779839 -0.207501778805867 -0.175674727907172 -0.0872635373737275
0.147908690886387 -0.254192332095206 -0.130541021138429 -0.0841786860583309
0.0564581106352027 -0.256994304609745 -0.08890744118437 -0.0953170773526868
0.0479208936383837 -0.228254013619169 -0.0298830987615849 -0.0926084185927446
0.0394691093656042 -0.231737643742534 0.0601005990729523 -0.122776887958501
0.116230242241126 -0.257258668483208 0.151101571354238 -0.124726425002727
0.213916996964434 -0.218035894389866 0.234402334749147 -0.0630208320570769
0.313317158750807 -0.153715184123676 0.248319705818511 0.0773439114646477
0.35536735472152 0.0145474411235201 0.153042988846827 0.18020528087687
0.322973589524251 0.21700304647146 -0.0419045916305444 0.0960375640307051
0.285248711826194 0.301138929257363 -0.125784135814262 -0.170504180735575
0.149919643944906 0.223156733543281 -0.287426726406573 -0.212262163901619
0.227337230530645 0.211469587544191 -0.242716093916354 -0.290277369450541
0.300969831780923 0.0675392281017641 -0.222141686201966 -0.23493617804373
0.27270472420132 -0.0949011795211493 -0.18997843615277 -0.149658466735856
0.184006745580992 -0.159447411291336 -0.12349742535332 -0.151082821500702
0.111619649414866 -0.193199761999937 -0.101191066756734 -0.171453814037494
0.0495393113591128 -0.195176097871414 -0.072435767507903 -0.187607741979206
0.0479162233396482 -0.169375334535452 -0.0122357600889535 -0.183231669941288
0.0549478181470996 -0.173393138942647 0.0882994891161109 -0.208872225940503
0.125582157626349 -0.182188447953948 0.190587679783658 -0.189884862583186
0.198709310911447 -0.138766844589843 0.274911482612084 -0.0977610943181045
0.267993128422622 -0.0693891876327246 0.258500374916716 0.0621688299515373
0.278315530471109 0.075706124681121 0.131175909687289 0.148929167731133
0.223143849374952 0.229412081297 -0.0620923760506609 0.0392787939773825
0.172774868749789 0.266081534244715 -0.156295546603002 -0.263777092366125
0.0377777792281477 0.12826772651021 -0.33078487914435 -0.279487685771181
0.104204608699059 0.137127313808358 -0.28392296152791 -0.287014623993553
0.159370942244215 0.0485904761189326 -0.213815988410788 -0.229029503409203
0.141243521759382 -0.0478841935949115 -0.16591228863445 -0.169534896056968
0.0961775419978423 -0.0702396830419318 -0.103100920106346 -0.197152451992799
0.0691851002662528 -0.0926979951571256 -0.093716073318738 -0.224280201608711
0.0418100293866058 -0.100411245557559 -0.0622237967522075 -0.244166980836987
0.0407981157652004 -0.085330709179455 0.00804775315399909 -0.242656358036752
0.0510963197758484 -0.0909225951635909 0.123972971942602 -0.263515277390052
0.095352661943703 -0.0905632053420992 0.240226780923734 -0.223138085744847
0.133771448693034 -0.0627453936334436 0.320797061750172 -0.106662317075447
0.175273697158814 -0.010249153670838 0.273648791811477 0.0608830108658601
0.170574275084415 0.0950457849898282 0.126036825418301 0.12007111270731
0.109043335118763 0.186231071074446 -0.04808617022793 -0.00691678030593592
0.0504305467323369 0.181653002082523 -0.144832074583741 -0.325683228214625
0.0506311068083298 -0.0545652949300839 0.195251889895133 0.326200043180341
-0.0206480161854101 -0.0839280400960891 0.101540454938977 0.0226440409691531
-0.0759178560172447 -0.0408856291751424 -0.129228103670353 -0.129149595668952
-0.0614647333399059 0.0170264723916702 -0.300068174255571 -0.0883512022488713
-0.0364834526539701 0.0145201419507994 -0.372803987662437 0.12121664655358
-0.0322421636936402 0.00704480658464915 -0.280629398969034 0.265499288529486
-0.037572887407532 0.00318250062657635 -0.136837629301423 0.306637988672908
-0.0318680833109077 -0.0116008935688636 -0.00126240349832248 0.307069579634626
-0.0465029655244393 -0.0147279108958116 0.0916163375743969 0.270177556805898
-0.0453591909327416 -0.0337192596064834 0.137106690910689 0.24452304730729
-0.0248660784642288 -0.0353904770783862 0.144427700001458 0.217855260451604
-0.0278832036170847 -0.0353427215664312 0.183103656765565 0.209523907686031
-0.0173656568002158 -0.054359897392713 0.22877675897802 0.222517194263587
0.0382690803036968 -0.0607574858372671 0.248784563286143 0.248669708694861
0.0770806027712604 -0.0331849006575611 0.330651051601448 0.268526158475292
0.144637969496371 0.0622642722709551 0.143038931415777 0.332063116586714
0.0888903533443073 0.0198373385075797 0.066459838512758 0.0182910815052053
0.0523245152111898 -0.00076436939415603 -0.150969342549649 -0.124421254644859
0.0616673059709648 -0.00298905964285491 -0.306516499203426 -0.0827255754905238
0.0628652517146283 -0.0500097248836835 -0.372027746266107 0.108244400478483
0.0312016437830157 -0.0851774279324589 -0.283839790019328 0.24166620379926
-0.0139346428035261 -0.0995534748390045 -0.147778284303618 0.285201132460863
-0.0201511179295643 -0.110312906216631 -0.0153138074817814 0.283448208025606
-0.0488026036382898 -0.116050224011211 0.0848815667874381 0.241463621495032
-0.0234050869690898 -0.154648537574227 0.141495007147178 0.211749437446956
0.0424256639423817 -0.148241142659358 0.164975392847487 0.196475775786692
0.0948491164836917 -0.129555105312521 0.200442342831356 0.200984399387307
0.137620018448898 -0.0769099476776156 0.227651940502978 0.220839539915172
0.189625441795561 0.00294568643103776 0.214724958026619 0.215701026155108
0.224472906513322 0.0709274628283656 0.268761079539886 0.211474508403183
0.219048493352751 0.174118587445572 0.0732648549147442 0.277195099685414
0.193033641238984 0.128451897799521 0.0272408629397887 -0.0313837016178912
0.18803530257202 0.0434314024163196 -0.178366023871015 -0.147597236477306
0.191593589969787 -0.0296666348387646 -0.314123621816613 -0.0832021847440764
0.158129223923662 -0.116665305613691 -0.350695127576882 0.090147524670347
0.0911591828707301 -0.172228659601448 -0.263317952620663 0.195560352952166
0.0104913323311416 -0.191664674584391 -0.143956114862124 0.226087071736678
-0.00671352847310937 -0.193005783381707 -0.0281725634401752 0.219237801200541
-0.0458583139037593 -0.197806764344182 0.0717674093671789 0.173897423751857
-0.00529477019434991 -0.249340943381258 0.140890471918802 0.143143129672983
0.0894877793456905 -0.24062526882599 0.186744178798289 0.139263587612771
0.185238340828946 -0.215748251029368 0.225727849370093 0.172177925488052
0.263506567707609 -0.107095055988892 0.229397979133367 0.21536066806652
0.312639338294506 0.0485519064582852 0.160203501494511 0.191460234181797
0.338707474465498 0.155860442181376 0.170604014688757 0.132822342951748
0.26897595197978 0.253949278334671 -0.0128138402145797 0.173550154634158
0.285310234136665 0.211001917518102 -0.0259894231369998 -0.110170694937994
0.314158985013901 0.0709700001632454 -0.203486344337913 -0.18384686975086
0.304681142590564 -0.0720619756945888 -0.308699218060918 -0.0915196432530792
0.229522060317988 -0.1826694129284 -0.307896164562033 0.0548978527619313
0.131391697355621 -0.243627867145546 -0.223019980509829 0.124102822198917
0.0277562176296034 -0.257657885321058 -0.129587241625447 0.135852031287171
0.00733204723099878 -0.244918367721878 -0.0377607802886417 0.125308270770303
-0.0318251621811993 -0.2467878464495 0.056987773448612 0.0807761118892376
0.0207821965417378 -0.303136971957023 0.132821706762682 0.0515731261186543
0.130691100418933 -0.292360397869216 0.200170803449548 0.0626193124312459
0.249371720231372 -0.263491632402715 0.243084423756194 0.130896444828346
0.345866150209445 -0.116839375456752 0.22129412642793 0.205932891399974
0.386295624560395 0.0921483810522943 0.0918802265114094 0.171617971889981
0.395281486912011 0.220123094502092 0.0534998107329526 0.0418143227564504
0.283610057195165 0.287729427444603 -0.1147357708643 0.0428774432561349
0.335741248605052 0.251017103609744 -0.101094281353359 -0.191420443804594
0.392769148310417 0.0736601661773425 -0.226140319554283 -0.212978596815428
0.365689413029255 -0.117820472657701 -0.283325708855838 -0.103887446191896
0.256193461520191 -0.228931741399193 -0.247122701679622 -0.00164829203644983
0.142778018107454 -0.281301722442397 -0.17702930005686 0.0291202380680418
0.0350076591736729 -0.284337962014621 -0.11207070212911 0.0249299976889637
0.0195741129024634 -0.259855927657025 -0.0406970198644505 0.0168283607202966
-0.00675573468337356 -0.260244927160738 0.0478810978422242 -0.0256154620829148
0.0579143357731534 -0.310349747854607 0.129201771922682 -0.0467867898912497
0.170903704093315 -0.289834136618512 0.211953149375471 -0.0173222556121071
0.292256597910042 -0.250353307952714 0.249680727217073 0.0906095344510189
0.380481119511832 -0.0817733454644749 0.200096187898421 0.189635321316504
0.395955450998807 0.144356752860409 0.0213160781930269 0.143396587775946
0.38313545586757 0.26481955799489 -0.0576816091671269 -0.0576299639489073
0.249979898434566 0.271457513064965 -0.219165769185104 -0.0874804712902043
0.32514126441786 0.241508901623388 -0.189274255705563 -0.251586429974259
0.391675231221413 0.0608650735102968 -0.239722506018565 -0.223921395580424
0.35273066183249 -0.135719986732383 -0.242029711063559 -0.119592846545978
0.235050719183562 -0.229340451097035 -0.182561221528251 -0.0740874723717406
0.128135701980217 -0.269699176429514 -0.13783933200304 -0.0759450627165905
0.0355767669198239 -0.264504321531236 -0.0979019160071897 -0.0886336740297883
0.0304534350271889 -0.235434196417175 -0.0378334207067271 -0.0913681486545891
0.0208603631897399 -0.236402609720657 0.051838124527746 -0.130140961098089
0.0951724909192771 -0.270657611608687 0.142177016152087 -0.137914036674736
0.197420726150413 -0.237823243091292 0.234465141746626 -0.0818401533945162
0.302090564325075 -0.18136244077779 0.255342839661579 0.0592442225663291
0.360115300597132 -0.0134737058038094 0.168993905482699 0.167156441771367
0.342935187239572 0.194830168715677 -0.0337101747667824 0.0998695432027023
0.308915044823372 0.279948648070942 -0.14033908112202 -0.159343101295073
0.168966334451409 0.211049242866849 -0.307475187453518 -0.193329563248836
0.245506875045631 0.194752727667657 -0.26697078803021 -0.276147773920351
0.306387506062495 0.043338703121615 -0.240580418288493 -0.222360530003376
0.265756303323078 -0.11768055773578 -0.201179690113174 -0.138384368918369
0.17241918046924 -0.17687906279755 -0.135922968122795 -0.143979272254942
0.0964528640800891 -0.204521824510505 -0.115348476347515 -0.167452240279754
0.0338963670802933 -0.201502479124196 -0.0898233910374561 -0.18385158350289
0.0361099366603548 -0.17527720865437 -0.0279168032201758 -0.183781079357485
0.0419807624325289 -0.178785831927808 0.0726107267730847 -0.218695351763516
0.110468599896372 -0.194570730212037 0.177239443430986 -0.207366838219996
0.187341879484526 -0.15603527384284 0.27342125886564 -0.120945418496972
0.264087108185368 -0.0922676169128502 0.265062904800941 0.0432840488561712
0.286853659420304 0.0549568759139712 0.145409901655563 0.139626058930805
0.242396165806711 0.214750644434807 -0.0581079478193738 0.0442804000934577
0.192438269816311 0.254179160860958 -0.179218027403479 -0.251821697019334
0.0479316266410843 0.12467561271763 -0.358018472170973 -0.259232702762873
0.115301494060471 0.129560602998402 -0.30856265256302 -0.269578034071944
0.162773852544855 0.0359174120572845 -0.232172676946163 -0.216519703153619
0.136756455488525 -0.0591468938428409 -0.17810917732164 -0.159317726916238
0.0908767249606183 -0.0793674839493437 -0.118996316927525 -0.192005751407088
0.0618355981433383 -0.0988506498285597 -0.112883683441681 -0.22068883724287
0.033128089101502 -0.104267613029663 -0.0847001028459 -0.242635638104845
0.0357686948073565 -0.0895534244849659 -0.0128555059231139 -0.245224464806971
0.0442216907870834 -0.0944725102614824 0.102725037085587 -0.276687730449607
0.0882588596191513 -0.0996545010294737 0.224069340727149 -0.243880457817577
0.129424434724831 -0.0735899831274869 0.317293934148854 -0.132914010778636
0.175346817685076 -0.0250142732482229 0.280100802728043 0.0406988212570583
0.17931611514913 0.0822796652426545 0.13802070030472 0.111932192913278
0.123097972102436 0.179208068194723 -0.0479434898247978 -0.00281261358954911
0.0631060018471423 0.177991983630638 -0.17323041505062 -0.315024532619412
0.0446711133659963 -0.056507060773592 0.218353378336557 0.301435341426925
-0.0273753295879994 -0.0809133082514237 0.101414884003565 0.0133938883826791
-0.0773209862001629 -0.0343076383547868 -0.137255043031124 -0.116836870373789
-0.0584048977831533 0.0221927824495173 -0.302229197215491 -0.0643591693682582
-0.0355325827838965 0.0171392249447909 -0.353023557295947 0.148571324319748
-0.0315480130723498 0.00904749667826682 -0.25250630903625 0.28506440678713
-0.0364784356071768 0.00647923599157783 -0.108246549935994 0.313645124490367
-0.0331959359796586 -0.00941241555841538 0.0266480222753087 0.300270896235089
-0.0472158126634359 -0.0110805182290193 0.11413852630675 0.256682309493786
-0.0479113392179786 -0.0293113705613182 0.155913445363468 0.229605807726334
-0.0261153992215684 -0.0327234610509278 0.1589372666771 0.202632139899455
-0.0298214862462847 -0.0320327925449034 0.194973407000971 0.19068215806368
-0.0216505129075284 -0.0512183022682876 0.238493987027586 0.198139737442515
0.0336023659344335 -0.0628824302937338 0.261627103586157 0.225085198689306
0.0722269496546943 -0.0368873601664658 0.348273151506252 0.238054194257538
0.146856225669364 0.0501306366912822 0.168878353658504 0.310786811877175
0.0885194104104721 0.0117737150718043 0.0676605965353332 0.012264992682265
0.051026962780393 -0.0063080876087333 -0.157689385178298 -0.111598538813146
0.0600657899901216 -0.0079431220116248 -0.30751530054376 -0.0589269147800022
0.0555718108342476 -0.054589327342947 -0.353388185089563 0.136477872135739
0.0226992473734599 -0.0873467920812355 -0.257346427949935 0.260460260198726
-0.0225498500271518 -0.0969993568903845 -0.119545992910928 0.292815392509277
-0.030714605135383 -0.107718000594372 0.010581361182562 0.278333834550111
-0.0579592580232999 -0.110355188719566 0.105156812714885 0.228275290997889
-0.0365701067204748 -0.150518293660107 0.158251725319518 0.197594048762691
0.0298645138572066 -0.1495341203986 0.179373848793853 0.180690322284326
0.0825576773625695 -0.13452364086751 0.211601133606194 0.180942536801135
0.128616269437332 -0.0850163745666947 0.239175944956973 0.195819868044611
0.187556409796794 -0.0125001989907782 0.226582801149809 0.194812419588464
0.225088052009136 0.0525950988575278 0.284094489809363 0.187327049459965
0.229338979118394 0.152346274033237 0.0962981638033036 0.262901538415462
0.200341692999885 0.109374308402908 0.0258914227687647 -0.0338423561535309
0.186102130966925 0.0255209836405571 -0.185855523709984 -0.132234928352223
0.184508506745392 -0.0447038780223302 -0.314356005649104 -0.0592810193710783
0.143525999159633 -0.127540293607585 -0.334005692495308 0.116592981136218
0.0733630490877874 -0.177858599223809 -0.24133694321269 0.213081408188677
-0.00703658542082825 -0.189264316500383 -0.121218741560617 0.234443960655199
-0.0243312727124017 -0.190140331511695 -0.00857603988798121 0.216905750266895
-0.0614047238431275 -0.189651550231088 0.086990503170146 0.163003698822837
-0.0279901383248925 -0.244648442240893 0.151888015034947 0.128810077272267
0.0687803005772514 -0.2442956630076 0.197032685841424 0.122412912801286
0.163631450484076 -0.227833062598454 0.234330195755264 0.151318278964132
0.24888357402679 -0.125728854727292 0.240754470589262 0.189217262744612
0.311884708849762 0.0221898773850106 0.171719085329144 0.174969655328504
0.342415325289107 0.125672670213379 0.180461509517774 0.118556178304092
0.284602457803479 0.225974767737219 0.00305668315180001 0.168467872625765
0.296500085932386 0.18372076853521 -0.0323769649804826 -0.106727163136291
0.310982760425663 0.0424134590332938 -0.213420442751777 -0.165984373381308
0.291422281918431 -0.0958963849199364 -0.309052037964242 -0.0673644788049959
0.207120477129192 -0.198071826708988 -0.295224104677614 0.0789238353037418
0.10724583068971 -0.250805933128677 -0.20849719750815 0.139297814246
0.00409967297867493 -0.254704875582087 -0.115029904455917 0.144418627151422
-0.0147871442015477 -0.242752704258157 -0.0256904518322727 0.125836117912426
-0.0515687106201954 -0.239422107903728 0.0641788325202437 0.0727070408713304
-0.00714335892699505 -0.300536099720468 0.13653734668006 0.0400010026422954
0.103869951459812 -0.298616907884365 0.203862543463207 0.0445628447774166
0.222654539186278 -0.280427384374335 0.247906591299813 0.109712231949147
0.329222366380765 -0.141700171047912 0.232808072807457 0.179663401685876
0.387680881680466 0.0592266069787738 0.104352781687055 0.160633266801621
0.402759489375182 0.18396118086375 0.0573309075539716 0.0390753573412375
0.300889052289245 0.257385577610318 -0.108175053286598 0.0491962948576896
0.350313141487499 0.218406309513508 -0.112856610097928 -0.180523322548424
0.387841621325682 0.0382823653104674 -0.238257626566538 -0.192966645164536
0.347742240606255 -0.144680067319079 -0.284789068896375 -0.0811781742444298
0.231040542386661 -0.245553568641389 -0.240778311505111 0.018754616626772
0.114685295676533 -0.288722524028789 -0.170553065309339 0.041083910459219
0.00906569662660982 -0.282028378593875 -0.10744327315537 0.0335836317568041
-0.00275908777634959 -0.257938939211724 -0.0388696307931464 0.0192936636355385
-0.0286087483108124 -0.253959849518853 0.046169452929442 -0.0308721848638609
0.0285836546414684 -0.309861943542669 0.123708755479524 -0.0565738377425352
0.142581136241503 -0.29985595330414 0.209121361109738 -0.0340042504580055
0.264422405656334 -0.27150641087319 0.25184317985295 0.0694948709811888
0.365392715016272 -0.111446175726505 0.211221156768675 0.165857456403219
0.400691322573517 0.109966956420646 0.0334098363624063 0.138833275363662
0.394952648647661 0.227687878117191 -0.0607148987285658 -0.0488481205949734
0.267697345542289 0.243568227460963 -0.222368146831836 -0.0701829958199884
0.338575282203147 0.209802102518636 -0.204466387678407 -0.231497730225143
0.385876611930113 0.0268994626231353 -0.251525026751222 -0.202709621881042
0.33306771305294 -0.161898682719323 -0.245407629842206 -0.099951529619753
0.209942515488659 -0.245343576976629 -0.18363510432171 -0.0579332291463708
0.101787171345718 -0.275997762625359 -0.141676897182734 -0.0650432265080397
0.0108248911392384 -0.263325144379252 -0.103951439386042 -0.0791908203092216
0.00948849042623959 -0.234901428961234 -0.0453151768537454 -0.0868412157503472
0.000967528625985612 -0.233333778074695 0.0409718394096855 -0.133626280427716
0.0691689564238758 -0.274210804015326 0.129479965095037 -0.146815142612178
0.172645302411633 -0.250271063556341 0.225713675694306 -0.100309583245168
0.280113537680762 -0.204989758825139 0.254203241215478 0.0390328009827082
0.35134742663741 -0.0424289407173541 0.180545341923722 0.147493385307504
0.352199917739114 0.162721452824869 -0.0240939267118919 0.0999800090684464
0.32305576419756 0.249513342944418 -0.15045929900166 -0.142326477113024
0.182456682967674 0.190431182250484 -0.31815463143081 -0.165914967161597
0.256621890753275 0.170447064689161 -0.282318399373307 -0.250265801519916
0.301713495377379 0.0163735720436063 -0.252434245146415 -0.199864784817518
0.249148944474215 -0.136813090777484 -0.206616831945356 -0.120426014260866
0.153091802072828 -0.188480863743385 -0.144122311369548 -0.130826057337988
0.0758969370556887 -0.208945193628599 -0.127222992683266 -0.157175377349128
0.0152326983754297 -0.200245820989546 -0.104662771861055 -0.173497121872751
0.0211177947881608 -0.176193514920971 -0.0440903534710461 -0.177622366733373
0.0266056906906825 -0.178214672434883 0.0522138673161245 -0.221441089638979
0.0905731097268788 -0.201221140945977 0.156809997962036 -0.216832528727805
0.169552512678262 -0.168133303261891 0.259380097214112 -0.141756625195259
0.249696054684089 -0.11364669806346 0.263161491415978 0.0224916078759037
0.284744284630852 0.0296188037343153 0.154985743467433 0.123860304049164
0.254964759300078 0.190701383838167 -0.0522193360341178 0.0472947855592244
0.207596078632154 0.232096520024874 -0.196586909469442 -0.229313296626971
0.0576881733709398 0.116012528241256 -0.374530159121933 -0.225693524554686
0.123673704553137 0.116510130056619 -0.324376115330371 -0.239885244001991
0.160562558823528 0.0215981674865427 -0.243521467984142 -0.194898869345899
0.126926186798475 -0.0692290146930352 -0.185857022135017 -0.142203454477572
0.0814330193015176 -0.0864331149389452 -0.132826719309379 -0.180098628545453
0.0511623017270303 -0.102537598499408 -0.130259539170946 -0.209444540594478
0.0236492551145803 -0.104812636389703 -0.105146491229459 -0.231216595370779
0.0282037842832497 -0.0910976978415913 -0.0342805731128804 -0.239470346594557
0.0358552671962402 -0.0954376249910248 0.0765032413026453 -0.280159474732879
0.0772581915771445 -0.105358381923926 0.199034384063018 -0.258137671533411
0.118966067985501 -0.0825619079354119 0.301257504698003 -0.157602638309083
0.169007798409863 -0.0392206315146316 0.277547528148253 0.0183098140956063
0.182139372179397 0.0656383818784974 0.145345132507345 0.0987687262237462
0.134443556180767 0.165650674716462 -0.0463355368596598 0.00103948729663194
0.0754987261197087 0.168294931990478 -0.196761047568257 -0.292567110480668
0.0390119195942073 -0.0554253654776897 0.228463660703253 0.273475356281304
-0.0314948796650348 -0.0758389124447036 0.0986976371000729 0.00654021827908635
-0.0763406290894631 -0.028806092144737 -0.138758076577058 -0.105186994986224
-0.0543132010443363 0.0256393976967599 -0.294612993430092 -0.0451989169735879
-0.0336584963713359 0.0190947743792839 -0.328667338316516 0.163267831365819
-0.0300474864905854 0.0106671884262592 -0.224142978030516 0.289782691168191
-0.0343475924238273 0.008510921135487 -0.0836353467829764 0.308023503982118
-0.0333658579483792 -0.0064492581857651 0.0455845082446863 0.286017316921813
-0.0468651521665305 -0.00807225288664709 0.127536965903696 0.238647436239083
-0.0485788541888123 -0.0255464992379366 0.165226905345467 0.211878451974645
-0.0260222558032396 -0.0302179181135984 0.165757133062624 0.187448068539496
-0.0298039267582159 -0.0276225740251238 0.197529719608817 0.17137489534396
-0.0235443237365208 -0.0469618784142535 0.238058305466299 0.176228552449807
0.0288985814031762 -0.0633187238087176 0.262121719546295 0.202831044955075
0.0671422655213994 -0.037924492583761 0.351612749771297 0.20883862132281
0.143720189735986 0.0396319874518933 0.181848678812593 0.285635462494401
0.0859611825064819 0.00599143553768442 0.0665307409296998 0.0068050516776443
0.0475641772514222 -0.0105494737311628 -0.157888886752475 -0.0991626947795728
0.0572589190931606 -0.0110972319111144 -0.299344798007336 -0.0399193475593797
0.0484926206262458 -0.055510627033165 -0.328573199932429 0.151269983457688
0.015374450185701 -0.0856738463627489 -0.230257019494489 0.266328524935964
-0.0282530332519151 -0.0915501608906418 -0.096045990433159 0.288909515039197
-0.037131762638864 -0.102108717765308 0.0288320484217153 0.266592358231469
-0.063259131941087 -0.102424556885154 0.117582018895293 0.211192649130929
-0.0461591787728201 -0.142858969751148 0.165411317496142 0.180880122066541
0.0203667960787944 -0.146318031322081 0.184342155955536 0.163752643235686
0.0714384778131372 -0.133743258166649 0.213068227170046 0.161624897287479
0.118944214583308 -0.0891509749723557 0.238369065533833 0.17146470254205
0.179728237869664 -0.023745581583619 0.227396697345059 0.175224041360688
0.218461130950137 0.0388130763998516 0.287484023675757 0.164442224800801
0.229241735874854 0.131974385050582 0.109016898885304 0.243911658195846
0.198729015815028 0.0935907608604032 0.0238896463113649 -0.03485248220241
0.178501939218814 0.0117965716028676 -0.186448041597309 -0.117333076382875
0.173719290154887 -0.0545186222882567 -0.304847754669187 -0.0401394109700823
0.12798349791692 -0.131156095765985 -0.311573039596146 0.131088376891578
0.0579567371996693 -0.176230225714275 -0.217730549640367 0.219360700531128
-0.0193248906392486 -0.181518948496043 -0.10009033371294 0.232872230855176
-0.0366109394904243 -0.182313349020809 0.00645047860721857 0.207970515002129
-0.0713812639500411 -0.178690203291866 0.095805227726992 0.148679325340076
-0.0442320163278171 -0.233665971484701 0.15592180445063 0.115201854960393
0.0504662519298662 -0.240382563793311 0.19810107658819 0.1053023099841
0.142624022743843 -0.229946527710433 0.232392954407144 0.131887454861865
0.231669350152313 -0.135229512472891 0.240251032254793 0.164849310411712
0.301863081339367 0.00304641706031195 0.174604268400051 0.158302526480242
0.334962146762222 0.101512435590399 0.183087781985215 0.10455754317634
0.286685914095092 0.197880996725356 0.0142289273323689 0.159346700870582
0.295474186413248 0.15823875652241 -0.0357276434959201 -0.101460863067372
0.298002428885657 0.0198750532273604 -0.214094390663874 -0.148292556665382
0.27346699468146 -0.109970416287027 -0.300278659319488 -0.0483777204892569
0.185313583428265 -0.202823362742134 -0.276680835013348 0.0934386382869713
0.0847129565833276 -0.248857411961504 -0.19059974474752 0.145803316475952
-0.0133195757902722 -0.244837857320317 -0.100496310631757 0.145386874109193
-0.0310898544478545 -0.233433853438185 -0.0168379590974048 0.122377802105305
-0.0646877802538733 -0.226825846366974 0.0677923433604303 0.0634294283196983
-0.0273317750684734 -0.288684236337211 0.135236442252947 0.0302760504740534
0.0814333837515551 -0.293845002878572 0.200555679543953 0.0299585721208334
0.195107792413423 -0.284395309669066 0.244066688564188 0.0915364067997294
0.307184011100731 -0.155758202283233 0.232808377161123 0.155499776726204
0.376455489913213 0.0335680986750288 0.109515724147357 0.147382323176401
0.395215950787223 0.153409536907412 0.0599062469414339 0.03626741188796
0.304259776544554 0.226312795990383 -0.0999727677576515 0.0512924282932406
0.349253473659873 0.188509396693669 -0.117614430329615 -0.167504114516384
0.371925200296895 0.0126781455766173 -0.239397348394359 -0.172039538702823
0.323386065674632 -0.160099152222902 -0.277181160327409 -0.0631153911075594
0.204746475700948 -0.250396468205137 -0.227178096909854 0.032117652781468
0.0896588111231068 -0.286297362731507 -0.161110559501287 0.0487242444635865
-0.0105258281592191 -0.270775177960907 -0.101018729661469 0.0384144012695337
-0.0205819287243913 -0.249631022943722 -0.0362332319582488 0.0216594364910309
-0.043439319450469 -0.24155635298652 0.0429290505414395 -0.0344584961342762
0.0056586773900594 -0.299780050337324 0.117088760408151 -0.0617980802873252
0.11806809115801 -0.297940029557298 0.200836708919084 -0.0467401847900285
0.235817207917621 -0.279200543926872 0.245032187286841 0.0527714819881502
0.344467903603973 -0.129949153183561 0.211376155948719 0.143884488493355
0.392759673572011 0.0808566781928115 0.0409873870960989 0.130234737379383
0.390006750996537 0.195376851735217 -0.0593875166629737 -0.0406104820518218
0.271419039745998 0.214497682211125 -0.217529983205013 -0.0546170985845395
0.3379753414948 0.180488246080973 -0.208765629143128 -0.210785093990145
0.368539303512264 0.00106674838241556 -0.252853398152372 -0.180897257409638
0.308391401603077 -0.175762018005167 -0.239584134298192 -0.0819327648994782
0.185042196447446 -0.249179540482115 -0.178365476121143 -0.045352386715918
0.0785897605573881 -0.272057638280294 -0.140413761072264 -0.0560772118798556
-0.00695251040940961 -0.252657348301401 -0.105256122770076 -0.0700937694533268
-0.00562420818032844 -0.227550982579787 -0.0492779561658111 -0.0798389188039648
-0.0132284594657063 -0.223543768266166 0.030721521236925 -0.132352987398438
0.0465918267613852 -0.267984247853963 0.115722269311679 -0.149013854138749
0.149603202612591 -0.251962507492853 0.212717440537762 -0.111237352898273
0.254529418714345 -0.215466008477599 0.245455635432181 0.0228120605486008
0.333649841649086 -0.0625884570113671 0.181713343374062 0.127748932965442
0.348886969740436 0.134871293812496 -0.0164758648559469 0.0970009962873829
0.322953398756967 0.219316989370423 -0.152376662212519 -0.12397144651851
0.186665933317056 0.169010043318822 -0.315551736092996 -0.141154202831445
0.256425488500924 0.147435549091397 -0.285151089439658 -0.222953332037769
0.288218044793897 -0.00279329050029818 -0.253560789687501 -0.178016351309904
0.229544340615787 -0.14685091138704 -0.204252295829347 -0.104188127982617
0.134130725285116 -0.190872086964242 -0.145615408060477 -0.116713087334612
0.0579828215829271 -0.206043494562045 -0.134030371352357 -0.145191614360433
0.00110980484116197 -0.192946365730551 -0.112919966471079 -0.160879474507068
0.009318559532452 -0.171807444938262 -0.0543858562626015 -0.166859505094763
0.0148160787374274 -0.172045347461879 0.0359571886432165 -0.216298050321333
0.0730128514206648 -0.19857660192456 0.137677363997463 -0.218298587766734
0.151580354594985 -0.172549930614862 0.241294813627622 -0.152983651622477
0.230907635292537 -0.125412033883531 0.253514458412266 0.00707154065022951
0.274720870305518 0.0106684905112678 0.156454595692052 0.107606591479254
0.255870208442433 0.16753062118403 -0.0467127258851865 0.0481620552922897
0.211519858807895 0.210003766372011 -0.202823278459436 -0.204990661915892
0.0616310918616936 0.10559756206781 -0.375098624124003 -0.195094565003697
0.124853643523968 0.103463717132238 -0.325720843746027 -0.210368834836904
0.154060710078796 0.011097477960842 -0.244132563309561 -0.173566780671711
0.116397738434616 -0.0736359978109804 -0.185189868241061 -0.125393728272143
0.0726005593932961 -0.0888919241296305 -0.139003644609389 -0.165035026055752
0.0417038010736011 -0.101876122597199 -0.139705957341294 -0.195483068962068
0.0160571408382073 -0.101503361634508 -0.118173704755719 -0.215702280279048
0.0222913222267317 -0.0898504704887078 -0.0495788665780979 -0.226835746404901
0.0297318012985625 -0.0934849902245682 0.0545151993432876 -0.27405062750927
0.0665489248743137 -0.105823151479641 0.174656264649605 -0.259658750342105
0.108545889733558 -0.0862828952154599 0.279885989267065 -0.170650991475255
0.15811344620824 -0.0478083085057782 0.267965378872059 0.00328512478686661
0.178146640542311 0.0518366256134327 0.145708010958086 0.0859391247465205
0.138063424069407 0.151008028978962 -0.0436720081313789 0.00396672925442568
0.0814256342306424 0.15553143275474 -0.207429601973792 -0.265729242759082
0.0413161345796159 -0.055112806178481 0.211427289508562 0.264928648634276
-0.028249492810022 -0.0748211756027268 0.0933011676351856 0.00929350796972612
-0.0738728406136715 -0.0291103864233764 -0.130342380494714 -0.101549184698202
-0.0507171009544662 0.0257577678868777 -0.283426755128083 -0.0472655004113015
-0.0291944120955566 0.0205869269622628 -0.313225449806333 0.151888583684018
-0.0274397498043212 0.0110290976183034 -0.214752165038513 0.274572546243582
-0.0337322447895682 0.0105513487811046 -0.0814675118307941 0.29760397781507
-0.0332198500955011 -0.00644793554420405 0.0455558980281525 0.273924677623151
-0.0450302937232705 -0.00625860170429006 0.124070346442739 0.228069264743202
-0.0461086775033162 -0.0245054801088321 0.16043932111988 0.203071213431172
-0.0230025257478975 -0.029440646867749 0.157897408495203 0.180746011387487
-0.0232884842320775 -0.0246661835717672 0.185670788597424 0.16490535898769
-0.0184747422451799 -0.042147575834404 0.220902395181538 0.170131283542523
0.0324222203121213 -0.0575767939730484 0.246776274245869 0.201854035425794
0.0694315228264756 -0.0354532846295832 0.333165847032594 0.211744690698952
0.140764581889219 0.0418149979989966 0.171366021763597 0.272199969808746
0.0825251625951238 0.00834537467262523 0.0646943347960941 0.00454475756814964
0.0447018547694589 -0.00716228120861016 -0.148235857570172 -0.101174829220412
0.0558319523160338 -0.00675006022209929 -0.285346858194225 -0.0469802979008091
0.0508167661284784 -0.0485924099177411 -0.313302253616534 0.135711410031699
0.0174616136259645 -0.0810503340186085 -0.222407585363653 0.249482227180334
-0.0261692101002537 -0.0869579870154931 -0.0946407345085091 0.276868993525721
-0.0358119629999848 -0.101305325909566 0.0289222711644317 0.253390616999118
-0.0600024391318515 -0.0992171491248085 0.115054604164883 0.2016473646263
-0.043525807446775 -0.139363614987739 0.163222070299402 0.171458797224853
0.0235455840178559 -0.143744479626082 0.18102515597192 0.157605091768236
0.0745507887283527 -0.126390939485162 0.207114819518915 0.155303930589667
0.119889997508291 -0.0809531514394452 0.225313207181169 0.168457104492109
0.178638555577408 -0.0182400889473217 0.213810228074195 0.178336927047173
0.213530173117203 0.0379890314695682 0.271454447749918 0.173029780465985
0.220784982536527 0.134918419867093 0.107225155151148 0.227905135725499
0.189008452116033 0.0971220464349704 0.0271745382721919 -0.0404831944421041
0.170198431925482 0.0194201624953615 -0.172983500726621 -0.124617690836718
0.167619205630394 -0.0447757966229922 -0.288120333386835 -0.053190899139857
0.128170654447505 -0.119509014281952 -0.297829495772537 0.112535720090337
0.0594917862044684 -0.167787063644811 -0.211971854422667 0.201271162581547
-0.0165846566167983 -0.173904588545271 -0.100481632074592 0.219421783730099
-0.0334392166573303 -0.180220343862888 0.00717077195975367 0.197667471680752
-0.0668920192491927 -0.174204629123829 0.0947600870452838 0.140503555581236
-0.0419585191423 -0.228886674400467 0.154756694280411 0.108550617488179
0.0537362864782164 -0.236833176167246 0.198720745243024 0.101409769966554
0.143921648585837 -0.219067722136428 0.232110556624013 0.126333777556353
0.23015057875629 -0.125061017859392 0.23037531946032 0.162988333684129
0.295569122090025 0.00841294722909878 0.164110445254541 0.163997812431095
0.325346450351992 0.09723367106393 0.173182455039275 0.117001631125708
0.274064395767762 0.202774883757815 0.0214448472843053 0.142889022443283
0.280790531804986 0.163999583929154 -0.0270913098601377 -0.1079156605206
0.284779613765928 0.0314223846447511 -0.198775355538328 -0.159625035268862
0.263203837072568 -0.09495307084603 -0.282617038959125 -0.0656551392830991
0.184435518605205 -0.187268456604628 -0.266129695104647 0.0728819733584358
0.0860153843003481 -0.237162157683225 -0.187290169127173 0.129271189898417
-0.00921470608829809 -0.23589687547645 -0.101599442602271 0.133756653428087
-0.0265405557532918 -0.230884555016832 -0.0157329799990024 0.114167431369346
-0.0601300092061776 -0.22204203919216 0.0685775044341359 0.0575780992508864
-0.0263591309320776 -0.282464927762392 0.136314090080922 0.0255190460619669
0.083602243162326 -0.289813278270002 0.203677034077997 0.0282362409292472
0.193304221707171 -0.272836854579304 0.247383580655023 0.0883913892744882
0.303677627727741 -0.144489943637314 0.22668018009081 0.155612396160457
0.366846611044277 0.0384891153452893 0.102012603762767 0.15399092466219
0.381937079165923 0.146885095145505 0.0560634343502915 0.049962007890726
0.289366318485981 0.232129020307112 -0.0840671202972971 0.0360653380534696
0.330772992686144 0.19595734353673 -0.103611947083336 -0.175279816864976
0.356785369532739 0.027923363611938 -0.221755276818368 -0.186538208504331
0.312139602269143 -0.142872055192351 -0.260196382367761 -0.0815699699817042
0.203787423631268 -0.232142257569933 -0.219685747065484 0.0134360731280887
0.0908437734213757 -0.273028879182743 -0.160503720094414 0.036427401163783
-0.0060062904160892 -0.262412193400228 -0.103006179656156 0.0302030080014588
-0.0153352075242794 -0.246654048558828 -0.0346973655046783 0.017793809595477
-0.0390848786424111 -0.236541725332107 0.0443366119032962 -0.0367304132473402
0.00572938929040961 -0.294401628417183 0.118802018137791 -0.0630030583760169
0.118743080787168 -0.292831663390909 0.205141829288056 -0.0449293208837884
0.231682550037372 -0.267855516232044 0.250523480960985 0.0533392815594803
0.338297943447901 -0.118637365091861 0.206556834815288 0.145417458515007
0.380904879220119 0.0840896469179927 0.0357341113785164 0.136487918234203
0.375439968970302 0.187337877719376 -0.0568439884668325 -0.0264222812552062
0.256966745433167 0.221775821517321 -0.19557356123835 -0.067996753512181
0.320225330241785 0.189443343405754 -0.191454539318198 -0.218191102609437
0.354242184647218 0.0177038024656786 -0.235017246453855 -0.194190986507013
0.297490057440635 -0.157009092520023 -0.22464480461599 -0.098502285960036
0.183650767263931 -0.231811472991007 -0.173329012712452 -0.0585564677551208
0.0787214490823658 -0.259672939754618 -0.139686122979197 -0.0621864687260436
-0.00332865040825332 -0.245895312115008 -0.107041109877721 -0.0735038693448403
-0.00137299386249632 -0.225100924034821 -0.0479801361316764 -0.0784402733421849
-0.0101531029101356 -0.21961619789229 0.0320884667849125 -0.12943892625279
0.0456174607156415 -0.263684935322759 0.116836038925711 -0.145648058732944
0.149040843907601 -0.248612911466742 0.215213709702022 -0.104491817254941
0.248666361338401 -0.207372850760371 0.251058190217652 0.0272845748276193
0.326849794623249 -0.0545283457535471 0.177713954707972 0.131651402664869
0.337035473505632 0.134850675683775 -0.0195834509459388 0.101901915696125
0.309403873676112 0.209679532262292 -0.144569801652049 -0.110187964228276
0.176168955915246 0.174211753265692 -0.292284839482686 -0.150301758151644
0.242818494470908 0.154544560284814 -0.265231861051451 -0.22801148857867
0.276956010635963 0.0111622056133928 -0.235488367528562 -0.18748676619351
0.220673845059346 -0.131852173641597 -0.189839278319003 -0.115572206277821
0.132318626229566 -0.177690360473736 -0.14076555543994 -0.123524247478665
0.0578645960184027 -0.196403520104123 -0.132059640646896 -0.145700393958359
0.00343005458659811 -0.188112410012877 -0.113606730408477 -0.158903013312257
0.0128647595751899 -0.170216027775058 -0.0526852464733911 -0.161817943538861
0.0169129034992599 -0.169781156635455 0.0364542368671033 -0.209863907591808
0.0711468397121456 -0.196054971237433 0.13598966620117 -0.210990273565624
0.150154635560189 -0.170524094360329 0.240316663900504 -0.143092400430187
0.225620975321744 -0.121000151356298 0.25471490092398 0.0140335106572681
0.267752772962207 0.0152285585459679 0.151134659150197 0.111944572586078
0.245989018100203 0.165199110547417 -0.0488845145587858 0.052652951647723
0.201114475618404 0.199973940127031 -0.191736478386577 -0.191683894373108
0.0562453945127675 0.108767778624702 -0.353363847443877 -0.197464076966252
0.117909454061623 0.108141807158341 -0.305925561875873 -0.212245946862352
0.14724110761049 0.0195437015207267 -0.226773905759013 -0.178460126358617
0.111170265283646 -0.064974138241938 -0.17264917565612 -0.129546392922688
0.0703339952582921 -0.0815383921265389 -0.131782071625549 -0.16415104797592
0.0398977034861573 -0.0959366338691786 -0.134787113113922 -0.191677197909262
0.0166725290814783 -0.0996815825505887 -0.11651829260853 -0.210566342243883
0.0239484907480187 -0.0891323263616059 -0.0481948368307104 -0.217940509433971
0.0310519826333404 -0.092165987546778 0.0529962888879795 -0.263945998423697
0.0653868611575665 -0.105675167171841 0.169423461042974 -0.249827617640634
0.107804240629716 -0.085467231440254 0.274293614235381 -0.159794193880166
0.156021753640001 -0.0461607389667536 0.264337431490368 0.0104228302405788
0.173858495515478 0.0530786324967255 0.1388397220983 0.0902428124997544
0.13164651201686 0.147424042368014 -0.0454166485645389 0.00684777177610307
0.0748230041742316 0.147541871515536 -0.193962080345446 -0.253447118039704
0.0396072781429388 -0.0531285300118742 0.211333517337721 0.255640308064443
-0.0289323231190016 -0.0726630315074431 0.0929352052439574 0.00727124899524506
-0.0732729278690988 -0.0275645842267703 -0.130001135205475 -0.0987773842427237
-0.0486838832961391 0.0258356029965934 -0.280493511485588 -0.0440677435446318
-0.0282003641966714 0.0213335286001531 -0.304928334103179 0.152524759351408
-0.0264139389653135 0.0119159735480019 -0.204945211881275 0.274226232324926
-0.0324294084810624 0.0101328794403076 -0.0735935893618102 0.295086561088667
-0.0329034385114733 -0.00538458302963233 0.0516077234063409 0.267320925372556
-0.0447299375580732 -0.00529561385171209 0.128088438369864 0.221626332766886
-0.0460703294018377 -0.0233090317007107 0.162529378528647 0.198268647097941
-0.0221317511737129 -0.0294995980813828 0.158362509967645 0.176966602257167
-0.0222131946950796 -0.0233483377131351 0.183414543795023 0.159748643210758
-0.018130576346537 -0.0403139760170967 0.21652265163962 0.164101486013126
0.031295535724401 -0.057416106716557 0.243618412673668 0.197261695768245
0.0686031138996577 -0.0340047616548027 0.33353485598407 0.204061498907103
0.138729117241383 0.0394967856465174 0.172923790027207 0.262349571599541
0.0819338294161629 0.00731165976290462 0.06488892739395 0.00306227324945761
0.0423586986418567 -0.00829343747360639 -0.146543337757276 -0.0983939110980013
0.0554082497437809 -0.00784997944635952 -0.282242582942088 -0.0443959383211989
0.0491466703730616 -0.0482477084396339 -0.305063354128931 0.137358295759913
0.015240729624312 -0.080009281156532 -0.2136692098115 0.248951262159206
-0.0275617327846734 -0.0856738700908978 -0.0871269474205757 0.273901654182022
-0.0378706091822344 -0.0994992618792909 0.0349266585159112 0.248010803577418
-0.0607973014595149 -0.0964731370967081 0.118129112247649 0.194604157263263
-0.0464527985955528 -0.136819711977307 0.164975360407255 0.167453776784786
0.0210662708717172 -0.142935266574944 0.181485680133795 0.153076634287309
0.0719292023058744 -0.12608066443279 0.205065603498443 0.150609564471477
0.117457779661864 -0.0811981174648603 0.22066887014927 0.161198801377178
0.176220695438256 -0.0206513633886212 0.211823290639943 0.173094890268299
0.211085026524144 0.035473896912016 0.272593651019995 0.166494310316853
0.218164096695518 0.128902650953155 0.109712624128165 0.220395161044551
0.188233486863738 0.0933138549877868 0.027710375775565 -0.0403052519461341
0.165252701649067 0.0152904457033928 -0.171646040543209 -0.121437358890507
0.163935628156475 -0.0474184739830879 -0.284403470167954 -0.0504141240978198
0.12357005288309 -0.118932831621746 -0.290371179318947 0.113743364160354
0.0546821330403872 -0.166482073385787 -0.204762650508211 0.201325021627016
-0.0198999366192459 -0.171257057266009 -0.0941204684123376 0.217592549209622
-0.037662643154966 -0.178096809099657 0.0119893812645857 0.19393775999106
-0.0690786247539336 -0.170139587543112 0.0971367458524352 0.134893563779292
-0.0471338293362846 -0.225315845677836 0.156202147270851 0.103793658619166
0.049621999325383 -0.234789145398064 0.198423698983789 0.0968562031197422
0.137975745160814 -0.218831919360175 0.228841090438813 0.122366755155063
0.225322216230542 -0.125851165454559 0.225792843601557 0.155907106574353
0.29233996249277 0.00354906386657324 0.162704153299681 0.158587449673581
0.319616914917773 0.0921692242047789 0.17481716883246 0.113426218716371
0.271466211874175 0.193719414422672 0.0240027461380935 0.137696094352107
0.278570557580279 0.158627041546774 -0.0263903871649584 -0.106824386044972
0.278165726708907 0.0265578522612228 -0.197049750718907 -0.154494796769667
0.257031656292949 -0.0990378260174399 -0.27846702315051 -0.0623681344215536
0.177161575205634 -0.186803202997939 -0.258104156462273 0.0747086860152364
0.0794386364115336 -0.235245109723543 -0.183192366859924 0.129693476434048
-0.0149378289305088 -0.232700083551164 -0.0972842660271849 0.132575682632299
-0.031991498311787 -0.228570808645111 -0.0124670183087155 0.11325615158166
-0.0629092160722122 -0.217437875080366 0.0686279901534884 0.0543972676957655
-0.033072606663556 -0.27737713524049 0.13637171698745 0.0231487473441766
0.0769933951166526 -0.288271917741695 0.202245904209302 0.0242573911024195
0.184859010233963 -0.273164329226649 0.244183087331046 0.0850598895128509
0.296746793258794 -0.146862128250738 0.22206471712533 0.147478753325818
0.362791436410144 0.0326754514657167 0.101930747644237 0.149809676429185
0.37682495560058 0.13896143637708 0.0577548309735066 0.0503219658132125
0.286498684591256 0.22151513049783 -0.0812876647946477 0.0347231564976983
0.329532987234496 0.188193888792745 -0.102782394717551 -0.170811687477829
0.348235820257841 0.021930049491033 -0.218954156748741 -0.180180609114913
0.304461197712893 -0.145022553829864 -0.255250000787907 -0.0783164459588228
0.195965921154689 -0.231960381891938 -0.21385605959188 0.016506363747422
0.0833107390772467 -0.270493319867445 -0.157836423640678 0.0377761902800681
-0.0118508409252917 -0.258556922381468 -0.101530055815886 0.0308359862207574
-0.0208791445469983 -0.243901926384006 -0.033382024534135 0.0185881402108251
-0.0419300941609547 -0.233049730050051 0.0432038897286255 -0.0376960220365646
-0.00173416472134934 -0.290026322990901 0.117200412821067 -0.0635994183623141
0.111391404185018 -0.291710968174438 0.2022135564897 -0.0485141201013232
0.22208418911777 -0.26915710111657 0.247350151955985 0.0498696383075825
0.330628719075322 -0.121622793124809 0.203713582361957 0.138248455958684
0.377213806697786 0.077424568182258 0.0370590175086378 0.133070453143719
0.369796681191699 0.178641019336809 -0.0549877124860993 -0.0223800483123333
0.254637696964411 0.209987690048371 -0.192930050196359 -0.0655721901329116
0.318093500584316 0.181943164552716 -0.189328078101855 -0.211543043871437
0.346121386150219 0.0113251561937102 -0.232423847970156 -0.188012434478763
0.289534403194589 -0.159530490521418 -0.22017371698914 -0.0962067530078323
0.175857245013946 -0.231696855468699 -0.169325826261015 -0.0552044729577717
0.0710409649284728 -0.257333465640942 -0.1405747168989 -0.060310039752445
-0.00886745456516283 -0.241584321257617 -0.108784927067991 -0.0714371508479883
-0.00704751350870919 -0.223859552933299 -0.0484419031183828 -0.0755543493225951
-0.0131293925434229 -0.216097132569423 0.0289982516019165 -0.128529381517766
0.0385204441435274 -0.260903408827235 0.113648751489556 -0.144998522761547
0.141878586754216 -0.247792501740574 0.211357250845777 -0.107516720839102
0.239634645702139 -0.208720144517663 0.24758584683146 0.0250684623240976
0.320271209392031 -0.0595020054544788 0.175326029733821 0.124769387088755
0.334300147202618 0.127487493246718 -0.0176152364212123 0.100237658582391
0.305783037516965 0.201279169892884 -0.143398763725759 -0.103340866265079
0.174303245873213 0.166095682573933 -0.28956220275898 -0.143890199538687
0.241640038119746 0.148134392883886 -0.263368969901854 -0.220299118251345
0.270282384951485 0.00673065548003971 -0.233408901129301 -0.181846192115716
0.214683385024883 -0.133172563242459 -0.18642738118377 -0.111642902716116
0.126621070462245 -0.177952510413774 -0.139169968694996 -0.11923778274635
0.0514688757257567 -0.194220254083665 -0.134427847791981 -0.142339601335152
-0.000872174588744425 -0.185060675058119 -0.11718916372199 -0.154773001491998
0.00919735998599623 -0.168898092460541 -0.0553181683423731 -0.157122227642678
0.0148597236455722 -0.167418242267117 0.0310053925513118 -0.207345569374817
0.0651297922039159 -0.194568559178814 0.130241916047795 -0.209418229852203
0.144732684557796 -0.170855461551862 0.235070313507157 -0.146063275255238
0.218329503016027 -0.12294244724076 0.251119695466825 0.0115164058580006
0.262718459384725 0.00981553311446298 0.14955710574588 0.106646874873737
0.244943272474795 0.158519287721331 -0.0468831432739268 0.0521238844329836
0.199326360326783 0.192040217973376 -0.192170116640267 -0.182369059896324
0.0558365770943876 0.104039849732934 -0.351454735799692 -0.189550682318541
0.117263197566874 0.103997410161493 -0.303029961761816 -0.20366773694359
0.143672006985265 0.0168712803323526 -0.224547544382383 -0.17273498578328
0.106923222150652 -0.0658746636875668 -0.169639096579198 -0.125603084173644
0.0667376501451309 -0.08213713751193 -0.131881465086186 -0.159765813382195
0.0361357050656823 -0.094629744093505 -0.138834951115973 -0.187481058492837
0.0141865852292371 -0.0982686210633448 -0.122257796299674 -0.204976736829043
0.0228271074804267 -0.0893655625856003 -0.0522470591042175 -0.212939953442782
0.0299579511546449 -0.0920738091598302 0.0468508513999497 -0.260857605817015
0.0619747544942868 -0.105033001441305 0.161596486831777 -0.248578077448673
0.104334566246767 -0.0862535655324238 0.266940973561866 -0.162361609174903
0.151689791015273 -0.0485826065683952 0.260883837653666 0.00817767737946008
0.170654849736175 0.0491743290288326 0.138173747151575 0.0866461000807574
0.131220182905953 0.14307144507737 -0.0446770373470556 0.00733344685291673
0.0746513228596783 0.142672569582752 -0.195446415017287 -0.244044929825167
0.0393265755889695 -0.0524716178513123 0.21762420814316 0.251875890166867
-0.0299179161172176 -0.0720600004607795 0.0947835864594984 0.00566178117417362
-0.0744379523612526 -0.0260936186532508 -0.133025312454772 -0.0992762491184802
-0.0475344800221377 0.0269842031809283 -0.285252174143435 -0.0407635934015906
-0.0271285782621514 0.0226247338288907 -0.303667109172141 0.1572913081999
-0.0258601716193078 0.0130246172354253 -0.199662918051567 0.281154622549687
-0.0320142392678675 0.0111164392066906 -0.065826331732137 0.300304209519495
-0.0338362067912699 -0.00507189901500852 0.0589038496729471 0.267815848504751
-0.0456148246445386 -0.00401794278097668 0.135156606021129 0.219560196665111
-0.0471028902287162 -0.0225516775106888 0.169494412059066 0.197943319949639
-0.0222386056979225 -0.0299883769952716 0.163133158703946 0.177309616581763
-0.0219384222032263 -0.0223386902509337 0.187005444639659 0.158372041092137
-0.0185028000951016 -0.0399236964287591 0.21779030452449 0.162266296936011
0.0318923461095069 -0.058866183950561 0.247435741734083 0.196690078501614
0.0697642022750687 -0.0341779474059046 0.342605797514745 0.200321223961592
0.140743481967118 0.0381672972580798 0.178819758386731 0.259211304302395
0.0837363514899459 0.0065084292458044 0.0669392812133287 0.00136252135075726
0.0411537817800577 -0.00951749324803116 -0.150166818743802 -0.0979771714531721
0.0563862940816802 -0.00989447068844105 -0.286984575954089 -0.0413166020120529
0.0491910320115033 -0.0493111412965798 -0.30453245093587 0.142089607710802
0.0134129380365478 -0.0808444690124352 -0.209739855494908 0.256225649864153
-0.0303155732594773 -0.0865087634893393 -0.0804118976608826 0.278581236983964
-0.04125511409114 -0.0999244222406647 0.0418061779702162 0.248572537651878
-0.063418747315664 -0.096551722910369 0.124779859148881 0.19325008819247
-0.0502706388611573 -0.137032815475438 0.171824523257714 0.166139929046759
0.0194729706371729 -0.145881614585 0.186863886164586 0.151778305805518
0.0713723450396917 -0.129526687308125 0.208656396134021 0.148828954822522
0.118155683499568 -0.0836401827426296 0.221722998782944 0.157725979471072
0.179101969115784 -0.0241635501999591 0.215130154557121 0.172301600984412
0.213998250945473 0.033428875724835 0.280844311106734 0.163707357013697
0.221867938627252 0.126075682991272 0.114978483275 0.217704544968036
0.19207285480849 0.0917484488163097 0.02923391054219 -0.0418110284299223
0.164427264158751 0.0121447957995099 -0.174803477925858 -0.119750590668766
0.164901532106652 -0.0520237496659866 -0.288658538160894 -0.0475921099709926
0.122190689994835 -0.122581842842752 -0.289144244143359 0.119725018476442
0.0504667168670625 -0.169387416727888 -0.202347890470882 0.206964414315184
-0.024941593830973 -0.173188932202373 -0.0895689391631071 0.220788018474839
-0.0433484363662882 -0.179842428605259 0.0175745557268044 0.1946116175585
-0.0726741585840306 -0.171452132909476 0.101777356956786 0.132569556812544
-0.0535546817540792 -0.225900506054873 0.16178877197619 0.102078722092171
0.0456817197175889 -0.239815959741267 0.20332797053156 0.0937052338674432
0.134689098146345 -0.224779518576167 0.233070920237809 0.12080708016721
0.22610141796177 -0.131731848145949 0.227443660164497 0.151484539282261
0.296820437298652 -0.00128885823434849 0.165741468240046 0.158156604910347
0.325096857701694 0.0885815116697337 0.180739719631365 0.111968438780658
0.275388428785306 0.189181705149747 0.0272994134517589 0.136317188504369
0.285589616000301 0.154773830734663 -0.0267197399763296 -0.106804397861039
0.279264073454761 0.0217795109788074 -0.200695107166319 -0.153468095891916
0.257335195350098 -0.105356426051471 -0.281167184421064 -0.0604845332660713
0.174705430512608 -0.192520822622165 -0.257261426568125 0.0795611891293485
0.0734863873322424 -0.239544844537809 -0.18174767452851 0.134327121000303
-0.0212214276820758 -0.235057192170674 -0.0958653155529397 0.135071199349298
-0.0391346652291127 -0.230986118795789 -0.00901424237406901 0.11399764762254
-0.0673158385404918 -0.218820329713878 0.0710529765009514 0.051733627858885
-0.0401767781924909 -0.27977138837311 0.139918487359535 0.0203408540619674
0.0720751001093701 -0.293923474294769 0.205840076641114 0.0201453183058536
0.1799500268867 -0.280286574753086 0.247742642611111 0.0833638824383429
0.297639739688796 -0.154529936305324 0.22310710875806 0.143606373547977
0.368877655432398 0.0262763052272239 0.104620715546795 0.148597033603667
0.381946149703466 0.134837240812399 0.0614964590822797 0.0507691528905262
0.2909595383876 0.216678048607427 -0.0807243203171189 0.0346770813810867
0.337120525214118 0.184735432918246 -0.104660325476475 -0.170324650302552
0.34886035763468 0.0163202841869146 -0.223403938332425 -0.179211936465561
0.303747011286445 -0.152838287544555 -0.257525388670693 -0.0769363385874882
0.193135752814944 -0.238277693601508 -0.21330712375268 0.0199100729174777
0.0764096373014468 -0.275149649167222 -0.159615562743008 0.0410486558880532
-0.0193528888030086 -0.261143915069592 -0.103479307009442 0.0331342840832923
-0.0284345540639876 -0.247511050256027 -0.0327460883866943 0.0197194202384973
-0.0471082463687801 -0.235414316071552 0.043265880169402 -0.0404244818988038
-0.00931524861958846 -0.293284323263807 0.118458304127321 -0.0670143432433515
0.106355340233701 -0.298965252233029 0.204046132871367 -0.0530682466070094
0.2170677289685 -0.276948895704966 0.251188600607655 0.0483088240264169
0.331930963962272 -0.130590300994131 0.204779605246949 0.133821731046082
0.38340245052599 0.0704497956369276 0.0398186400413708 0.133162489088044
0.376025109073282 0.173009804123071 -0.0550842093342115 -0.0201267028805184
0.258375942204975 0.205615908877955 -0.195239090734988 -0.0646008702997474
0.325821801293498 0.176795147836255 -0.192596211017755 -0.209875563506178
0.347457469377001 0.00607944033575103 -0.236236093362992 -0.185723823291736
0.287984593855455 -0.167100490296667 -0.22193748477686 -0.0952125150986978
0.17232268228529 -0.23851473290648 -0.168948680629231 -0.0524048687322899
0.0646707239264379 -0.261076396551536 -0.144607580728102 -0.0580324326622662
-0.0155703809265326 -0.244103809139003 -0.113999549875622 -0.0695173915513673
-0.0126129851345715 -0.22673585129339 -0.0503480893777714 -0.0747807056122757
-0.0167757723768356 -0.219193688183278 0.0267229034469993 -0.131773492972308
0.031753933696016 -0.264026985179734 0.11189514714363 -0.148863794154355
0.137033859538497 -0.254581556351756 0.212117112189412 -0.113598427080076
0.235453516202519 -0.21767525120496 0.251863384702466 0.0231693350142802
0.322089012411226 -0.0661272766398239 0.177565284370122 0.120710116632342
0.340515591576055 0.123143351483947 -0.0155565889743928 0.1005010176395
0.31120429934886 0.196369738853286 -0.146235798111172 -0.0990113366404622
0.177218813084926 0.162960415234695 -0.295279202978809 -0.141116789185537
0.246306941226683 0.144866144408289 -0.268691402572706 -0.216994114195633
0.271475571815873 0.0017061673714326 -0.237036236720772 -0.179533296382558
0.213015441541192 -0.138680046834233 -0.188176503241092 -0.111046530430554
0.123512112056103 -0.183232432189205 -0.1411507571527 -0.118156926827134
0.0467480576345723 -0.197353352886296 -0.140845656071499 -0.141214784959795
-0.00646907869602748 -0.186875366107129 -0.125037137812749 -0.153273458127701
0.00437960848752163 -0.172539689440085 -0.0590672597328703 -0.156878444805181
0.0116547853315651 -0.169768966339507 0.0265848849181475 -0.210496194181262
0.0608994864992129 -0.197841173205694 0.128041323405508 -0.214558554650076
0.141689146398727 -0.176379663494394 0.234984579625737 -0.151862975262181
0.21607310981102 -0.129739343477035 0.25463681458101 0.00887662573435444
0.265027679959389 0.00452787337735859 0.1525958277669 0.104184967157677
0.250755090951445 0.155840474516875 -0.0466682010685033 0.0529110042694718
0.202899278306107 0.189048609300032 -0.197256765663716 -0.177947344130827
0.0569856846291759 0.102099938845576 -0.358117171751243 -0.184413786001636
0.119804427504797 0.10166879035368 -0.30777718132651 -0.198581495965956
0.14495029767431 0.014118564842715 -0.228179925534059 -0.170354789504555
0.10593741039578 -0.068355534180598 -0.170835800479656 -0.124583859035161
0.0646541422500944 -0.085013492645525 -0.135354728271905 -0.159160968595357
0.0334339016037264 -0.0962060253438066 -0.146459460491673 -0.186932472398735
0.0112839540755187 -0.0990434896461018 -0.131526697607252 -0.202832158042136
0.0208250908090379 -0.0913425194506411 -0.0576300276841125 -0.212687227927253
0.0291945050212938 -0.0943176627285826 0.0398520305616897 -0.264392748695582
0.0598499688412156 -0.106926865032312 0.157719309722165 -0.254050704254771
0.102830837873801 -0.0892524918444746 0.266058846934109 -0.169727838087734
0.150426323071479 -0.0520760266901434 0.264462618557414 0.0046788900979201
0.172424767773917 0.0457042372037297 0.140663319940869 0.0851720858054277
0.134955946462906 0.141579309546015 -0.0453374855915415 0.00808505710830648
0.076511988629738 0.140892577725845 -0.20317062638259 -0.240234432641018
0.039019442848204 -0.0534972443070975 0.232750537657543 0.247065261030339
-0.0322759012813018 -0.0720261332940335 0.098525653449179 0.000830294257542907
-0.0773283584302645 -0.0232002390194522 -0.141174292699755 -0.0972182165883388
-0.0467233238463754 0.0288321878455394 -0.295833337691921 -0.0308306369738025
-0.0258813883699006 0.0242881966478466 -0.305307593501961 0.171258554824166
-0.0250990810905114 0.0146890060305096 -0.191750007428781 0.295129288386424
-0.0319861634757415 0.0122684232815967 -0.053052948845001 0.310844236162783
-0.0350702236045138 -0.00384614695181389 0.073106842277599 0.270382401012114
-0.0465805378935212 -0.00186645915590293 0.148834137472482 0.219740098190071
-0.0493232467123221 -0.0205890438519309 0.183830615172654 0.197145482841777
-0.0234975958694484 -0.030835009641456 0.174544985784038 0.176930524043277
-0.0223486951467118 -0.0220902723079869 0.196139695402011 0.155522797976447
-0.0194123284766036 -0.0394268394136759 0.225816291750177 0.158706454071945
0.0307462585254364 -0.0623871137283214 0.259463720755797 0.193787135159
0.0709855244361311 -0.0364122313977631 0.362167751883895 0.191331218340746
0.144878429277372 0.0342112365262414 0.193941570575281 0.25637954834993
0.0871229230768578 0.00356962683837514 0.0702260182997661 -0.00155713928552455
0.0406182880038221 -0.0112717353226822 -0.157915979828766 -0.0951378354535225
0.057610440122809 -0.0133419401293716 -0.295893206594412 -0.0327184912531946
0.0483648060371175 -0.0524624103137798 -0.305979101703456 0.155594489187199
0.0105380294436899 -0.0829757001146404 -0.203026486687233 0.270015454536471
-0.0348519300017502 -0.0876942754271866 -0.0687452945433914 0.288533303102768
-0.0478632825156772 -0.101652192885023 0.0543617763792306 0.251947494348442
-0.0691438354481025 -0.0964678569828265 0.136839109483785 0.191015208587726
-0.0582708611619099 -0.138359265320934 0.185473975720184 0.163804308950366
0.0141735469998778 -0.152125392162029 0.198100382312999 0.149392730418402
0.0681854881026528 -0.136024063643131 0.218378117182253 0.145835790512048
0.118588137854652 -0.0900499761321575 0.228477589564246 0.153791355464518
0.183565039954504 -0.0324148198043551 0.225335146866149 0.169115353129759
0.221462693603223 0.0264640629246897 0.296968558677575 0.156143389080766
0.230764547980077 0.119999262414467 0.126669751970831 0.215804050912703
0.202726160991964 0.0863682680339422 0.0304466551131739 -0.0441516039156906
0.167246171096039 0.00684106277922201 -0.183008341153587 -0.11686097369371
0.166333180062471 -0.0612494137409866 -0.298085976412626 -0.0395876173675932
0.120310121961377 -0.131327394510972 -0.29012452616365 0.13165451140962
0.043481085185221 -0.175442690146132 -0.198134582692406 0.220118526300836
-0.0338548056649004 -0.176650877007885 -0.0817306289183472 0.229686638167879
-0.0540909910725621 -0.183369900364159 0.0274463592338807 0.197298887936689
-0.0819862286207775 -0.173037855440821 0.110046869285875 0.130266368857979
-0.065357628084788 -0.229507881632252 0.172289404047124 0.0977307742702842
0.0369899880517117 -0.249819167559583 0.212637401429462 0.0885012108984218
0.128329330721111 -0.236875920266159 0.242791216912754 0.116299857376811
0.226545594102521 -0.143851174154725 0.234906900534196 0.146412013991812
0.305274754134253 -0.0134825532637065 0.175462769100126 0.155654821073798
0.336254871742024 0.0787329334069393 0.192270780852656 0.107908377030767
0.287608973646226 0.18203087116659 0.0339703404822097 0.135684027984327
0.299584866154371 0.148166068163922 -0.0286548971680731 -0.108535274657701
0.283760360788799 0.0120257054781357 -0.209840595100894 -0.149889433639947
0.2585484306691 -0.119351324199218 -0.290308090779005 -0.0530632292153554
0.171751110803125 -0.204821374169374 -0.258301943525377 0.0901358644004591
0.0633690474831444 -0.248346146501207 -0.180807151917562 0.145175581881714
-0.032902138288958 -0.240412346018361 -0.0939337818627645 0.141935395032315
-0.0519974863512534 -0.236626096712759 -0.00369682714178601 0.116738906733743
-0.0777984442404206 -0.222375011171436 0.0749675941670968 0.0478542353193942
-0.054892084715266 -0.285232164834255 0.146222644358511 0.0146093387267735
0.0619842024994942 -0.306913212935052 0.212829244975195 0.0122090993834038
0.172118767782254 -0.296267522611961 0.257496618242538 0.0769628165196256
0.299040633585077 -0.170560866293452 0.230621570509076 0.137226126706412
0.380575300291766 0.0123025760675446 0.112819736967827 0.147931284506575
0.395687173165148 0.123695367406467 0.0666888648554696 0.0508166286975117
0.303901997886487 0.209198731094198 -0.0804525734153625 0.0358938008246972
0.353529705216549 0.175931258909125 -0.110876458888608 -0.170931283753622
0.355824005543418 0.00322027103435584 -0.233752017724798 -0.175153471316707
0.304753950927949 -0.169699366108934 -0.266149842544659 -0.0707553617735943
0.18725167672666 -0.253524768612726 -0.21515962251892 0.0272863369345412
0.0645752037532085 -0.284759322438203 -0.16268703982055 0.0485871484256435
-0.0321589197809203 -0.266373230490109 -0.106570984994763 0.0378649072977525
-0.0419450737187597 -0.253521092565212 -0.0319055830752222 0.0211191440512609
-0.0576465445654675 -0.240423821492713 0.0422971799623976 -0.0446095359687866
-0.0229368196640978 -0.299299657965545 0.120282823201042 -0.0739338315620641
0.0964592920162216 -0.312982692237257 0.207716209199555 -0.0634857617357897
0.209459854981229 -0.294229575187975 0.260445631086107 0.0412319486977598
0.333818119341904 -0.147694716727777 0.21270169474563 0.128077855875372
0.397233625261754 0.0573836668447406 0.0455277745737933 0.13393878498794
0.390605501005399 0.16321220222289 -0.0558563190124337 -0.0163225485674707
0.270531119599611 0.199356692977731 -0.201559198616246 -0.060151817951065
0.341101161686266 0.168567912934391 -0.203470796309969 -0.206764338316075
0.353438380334572 -0.0066999177389367 -0.247216166988458 -0.181203923481691
0.287458774998074 -0.18358724552428 -0.229242031346441 -0.0900673023842838
0.166160552651517 -0.252305666682495 -0.172799355298495 -0.0480220602751405
0.0536936732451253 -0.271104895110631 -0.151323069940855 -0.0536371702281142
-0.0278504870862053 -0.248998614757169 -0.122448917778033 -0.0657451963480275
-0.0249235348708749 -0.233070507669974 -0.0548145639116008 -0.074275955471685
-0.0260433047340125 -0.224504327966328 0.0212397949972596 -0.137490163114435
0.0200070652201562 -0.27206221432347 0.109966410089491 -0.157584976313296
0.129261315270136 -0.269181399796688 0.213365647447395 -0.124999539289654
0.230130576038727 -0.233627961410271 0.26042601005192 0.0143201054865069
0.326840712311838 -0.0818050851967414 0.18479179507512 0.116324713514892
0.355648551486455 0.112072209136175 -0.0127324736900166 0.103037364935033
0.324737635943146 0.188560715943228 -0.153512286272136 -0.0927142282246481
0.185440934926409 0.157475724595744 -0.307245591619762 -0.134262313579704
0.259120331014269 0.137356455869594 -0.28052540998164 -0.210313363258552
0.276470790491398 -0.00821853517326244 -0.246813060541694 -0.174458476585363
0.211395946328704 -0.150817514551243 -0.194908251712456 -0.107871866105387
0.117535955184548 -0.193396859929253 -0.146814056382877 -0.115848002850964
0.0376679431061113 -0.203936081895902 -0.152272468835611 -0.139170216998524
-0.0155137351712391 -0.190821176862926 -0.138011907270558 -0.150293785333041
-0.0041136880949317 -0.177738163193644 -0.0678356144794911 -0.157282982014363
0.00522464904484752 -0.175794756656046 0.0172563979546913 -0.217220388047028
0.0524610524595857 -0.20491005296999 0.121913318351388 -0.225327693953952
0.136733924717405 -0.187586830453783 0.234910303066929 -0.166606779679069
0.214150436183623 -0.14213987202649 0.263296945858532 0.000205490378664427
0.271457892899394 -0.00660768911516893 0.159440448666315 0.0997422373058246
0.262971716548154 0.149486830777175 -0.0462672906836655 0.0555888610354205
0.214867487255145 0.185041785975105 -0.210225614595647 -0.170624526071308
0.0607815300792794 0.100280938434483 -0.374170051524462 -0.175622497620945
0.126318854035593 0.0987243350375664 -0.320492752030391 -0.190188347946244
0.148149238741936 0.00877636129045243 -0.238231119496095 -0.165687715888285
0.104525102034738 -0.073915277502017 -0.177512625304332 -0.122487064658929
0.0612102957078324 -0.0900518334644686 -0.143629595413961 -0.158078250887262
0.029171467287115 -0.0990965960915553 -0.159834314102347 -0.185655721811914
0.00675192158052061 -0.101284802108615 -0.146335154089932 -0.200764734142098
0.0168429547462618 -0.095381601530088 -0.0692912368800954 -0.214223123902891
0.0264126430387263 -0.0983858592876584 0.0280511763852041 -0.271873143329136
0.0568007751950271 -0.112066269219399 0.150990477680261 -0.266883375395648
0.100731104081432 -0.0953787440882488 0.265742060346212 -0.185446575582317
0.151159959781014 -0.0591252416630689 0.272540132775797 -0.00509895511292151
0.178002528642408 0.0399978208144533 0.147569485629591 0.0821115438860158
0.143526131019096 0.139489978001836 -0.0464433922398292 0.0096557451263743
0.0826577474250001 0.139743355143793 -0.21848581796286 -0.233447452462054
0.0365138789533605 -0.05522315996631 0.251946101416043 0.234191969237787
-0.0366078935370531 -0.0712558663662326 0.10162844093175 -0.00628021498271594
-0.0794838835026343 -0.0172169012404951 -0.150617972375496 -0.0892589089020692
-0.0448048991263214 0.0316053159434397 -0.304301858286998 -0.0111542440580323
-0.023940819786266 0.0262819522068717 -0.299289882297576 0.192424074647332
-0.0234363429040321 0.01647700175442 -0.172060704159253 0.31354375054417
-0.0309732326344505 0.0143150714924477 -0.0286549998558947 0.319944198624464
-0.0359874615937318 -0.0019252196782078 0.0942690412252744 0.268587910535444
-0.0474996209484392 0.00170992175200802 0.168695792858685 0.212199728004343
-0.051708153034191 -0.0175643357509582 0.202656624772847 0.188183460650397
-0.0254552620132268 -0.0302057280584343 0.189996121507365 0.169932519711376
-0.0230897261832095 -0.0213218152967805 0.207829950790628 0.145277085046632
-0.0208278220912258 -0.0388407509982106 0.236763816194667 0.147441572362077
0.0277156700676286 -0.0659955620296593 0.27584435549803 0.181784499729265
0.0710759227455047 -0.0410750185549106 0.384105065205058 0.168421235192007
0.149811636490623 0.0256509415452963 0.213976911715248 0.244611097019388
0.0908985936073681 -0.00224137535152035 0.0730472183588184 -0.00737324215382241
0.0398871985976419 -0.0130886607864473 -0.167075698232612 -0.0863076013248296
0.0578153417675924 -0.0189818550521699 -0.304688260822554 -0.0133451535935924
0.0461812945689943 -0.0581352417604329 -0.300247328835808 0.177546847964024
0.0044978848576099 -0.0859864414330491 -0.18595147076998 0.28924587573
-0.042287902485703 -0.0870189612894758 -0.047460242451018 0.297751268387425
-0.0567112746614603 -0.100539311042346 0.0741446635085676 0.250761608927948
-0.0773475276864637 -0.093721415145452 0.153760245157284 0.183642236997849
-0.0700061724285355 -0.136643626640906 0.201981045109823 0.154457736450182
0.00441260769682781 -0.1571878661153 0.213300497011306 0.1396243645686
0.0600360798585139 -0.14360245917943 0.230948989479988 0.134655572611088
0.115904070640583 -0.0995585244281516 0.239532031077717 0.140735386197475
0.1855508667169 -0.04564071478195 0.240019668885548 0.159046512149706
0.228059469384194 0.0131201140367783 0.314708867118684 0.138157606756648
0.241930573712762 0.106790070393289 0.14364119973248 0.207946072092737
0.21389397474089 0.0731772030327416 0.0300926404195213 -0.0476744175908035
0.168843522905973 -0.00368426026701476 -0.193447325725358 -0.106968198072866
0.164708844138975 -0.0755612459212477 -0.306181114766198 -0.0213416662325951
0.1133290203679 -0.142901440977026 -0.284831750469235 0.151966295159836
0.0313564051411838 -0.182056543402835 -0.184958801912309 0.237882363043452
-0.0483628269461169 -0.177456275441526 -0.0660380592051471 0.238556757534142
-0.0699846673324069 -0.183892304902857 0.0425018789990468 0.197957868272778
-0.0958441488938472 -0.17086594139757 0.122229791328557 0.12287344354752
-0.0841891812672025 -0.228552377908799 0.184383077322295 0.0877384418875386
0.0198684364567567 -0.25969385760134 0.223417544349087 0.0765882175362675
0.113977289715304 -0.250941382398323 0.255667677066549 0.103276642115986
0.222051270639145 -0.16278680068969 0.244095956485836 0.132357402029835
0.311917896547766 -0.0347897866002145 0.187726338877703 0.146886936574828
0.348215851308454 0.0572684685755488 0.204238828492625 0.0968450589333716
0.302434800989412 0.165414317323077 0.0441964187293059 0.132783794139768
0.317698372837003 0.129365207803276 -0.0340644728328245 -0.109351221140148
0.287021671736113 -0.00566106401949707 -0.222272021329301 -0.139100561614258
0.254523417682524 -0.140821659292817 -0.298987363979216 -0.0363978194982171
0.159460442039162 -0.221837557497191 -0.255455110299404 0.107853980254968
0.0456970933361772 -0.256766147740719 -0.173412900510712 0.160139885877542
-0.0521330554221954 -0.241750818743271 -0.0856612268645566 0.150657910326855
-0.0716041614802558 -0.237470075474256 0.00486332917283791 0.117785148962093
-0.0952573256533209 -0.222562972753603 0.0801740365669644 0.042076993180982
-0.0777247325237887 -0.286172028795291 0.151659435441294 0.00428279578541552
0.0407722923666124 -0.319191287397915 0.218624326763197 -0.00219943704323275
0.153086792198822 -0.314855141026742 0.269275365409105 0.0624845516086462
0.29311462682934 -0.194222911744854 0.240662054916754 0.123466459359048
0.389876473561089 -0.0146135637548993 0.123944163271896 0.142634295901695
0.410786247272489 0.099273588445261 0.0729371237354191 0.0485784939959117
0.320500084588059 0.191403636108353 -0.0793623831170558 0.039099794953482
0.37297507253445 0.154256697297099 -0.120865827738719 -0.166091820593211
0.359759600560937 -0.0184584677398146 -0.246763727422658 -0.162697490823605
0.297503521605883 -0.194617744872 -0.275040975638535 -0.0562237410199547
0.17198656376937 -0.272145249280749 -0.214564146332695 0.0418491314003871
0.044144923458821 -0.294031565529939 -0.161524712400668 0.0604914473637496
-0.0541479330491092 -0.268227036959655 -0.107670499389701 0.0470689100805974
-0.0628926578009068 -0.256089415286388 -0.0307960455964549 0.0242065208532235
-0.075543224446598 -0.241999430008828 0.0394969957385641 -0.0502478395295792
-0.0461694046465158 -0.302721610048911 0.118382379857723 -0.0843345667132596
0.0755525328220447 -0.327746062420575 0.20814790938196 -0.0789078885822078
0.190208710545396 -0.31532369920843 0.269674018633372 0.0252704390857362
0.330141040563426 -0.174436477302934 0.221474907387211 0.114501179256123
0.410623743576236 0.0301140472911699 0.0543012629237403 0.132599321988353
0.406892656721793 0.138811867861224 -0.0567973597611069 -0.0104671680762708
0.285952233072374 0.182334883795255 -0.209120755209362 -0.0493989529966693
0.35955238894537 0.147463727748459 -0.217790166050687 -0.196245779549958
0.357062778010944 -0.0311924539009984 -0.261497190894938 -0.168347058649542
0.278757367551979 -0.207495637882099 -0.238600792737821 -0.0779145259064113
0.150161396054995 -0.268926730372697 -0.176954759847105 -0.0386179981335134
0.0333095628244671 -0.278205392711056 -0.158451621203482 -0.0441966506064751
-0.0479833654693461 -0.251337860973557 -0.131750658593442 -0.0563205863131605
-0.044245487621842 -0.236492481542086 -0.0607719260652205 -0.0710759453887371
-0.0436100550083563 -0.22824051288858 0.0111686193343124 -0.142515270409598
-0.000528055064156137 -0.277991860242963 0.101443401614543 -0.168762861012114
0.111833698181463 -0.285038149773558 0.208989458491923 -0.143199738961801
0.215755820747939 -0.254318379993593 0.268019452423625 -0.00214107640017711
0.326800128165498 -0.106282886493035 0.193254670147929 0.104856651683137
0.370919186989138 0.0888198185096744 -0.00718023068313295 0.10488034262612
0.341813629299703 0.168621992049192 -0.161747841395714 -0.080772559866922
0.196862330562447 0.14611620605858 -0.321673684255505 -0.117001378723409
0.273033325607398 0.121137969956373 -0.296857927475507 -0.194629044157497
0.27893892495894 -0.0274288356080099 -0.261395744719648 -0.16185119353143
0.203419789489505 -0.16746463834389 -0.20407984529201 -0.0987870662468844
0.10491180016618 -0.205676696905298 -0.154838068529018 -0.110164960299246
0.0221019552447155 -0.20905103087408 -0.165576472418755 -0.130652375500913
-0.0313193540223021 -0.192558693021114 -0.154130702707003 -0.140867693876048
-0.0190035126745104 -0.181100162173252 -0.0806852567461403 -0.154278393008638
-0.00773019644152599 -0.180531671128548 0.00150652532724016 -0.222709065842337
0.0373484392361074 -0.212453247144812 0.108650922803999 -0.237600627388685
0.124119034801175 -0.201675434977671 0.227556973743343 -0.185653220483876
0.20547080949079 -0.160434691102938 0.269665004856344 -0.0167679029762493
0.274975367795201 -0.0259079362718995 0.168498517644827 0.0901193478873798
0.279349113637435 0.133811705758535 -0.0440970224771054 0.0590222906920023
0.22887215493967 0.172559421589569 -0.225084159673501 -0.15525689293138
0.0666541402726068 0.0965218377547148 -0.392353512586039 -0.15336061604045
0.134857831178396 0.0906902557534361 -0.336906070136129 -0.170224137002794
0.150438660722743 -0.00111790490187685 -0.251905150866289 -0.153084414771924
0.0998429458044019 -0.0817696452327167 -0.186849132390656 -0.113697786895064
0.0544026636852093 -0.0960205792491068 -0.15525445498821 -0.152543863704336
0.0212948079549717 -0.101726850189045 -0.177683612517465 -0.176792568558847
-0.000909453038051527 -0.102890172482535 -0.166141794810542 -0.191854863672529
0.00960451722214139 -0.0989248740105535 -0.0865341787850053 -0.212187492437297
0.0196948538320633 -0.102855768654807 0.00833199004628426 -0.278288749774743
0.0489013951106057 -0.117594611173073 0.134237546275338 -0.281706044314092
0.0950822093120851 -0.103980790116065 0.257522839673661 -0.207114753804708
0.148053249733613 -0.0712958573061645 0.278714842699539 -0.0229132298516859
0.183517717047623 0.0279923159614988 0.155939989038964 0.0734983751663675
0.155662243023607 0.132370546573141 -0.0477095066707202 0.0134007072302637
0.0917107340966596 0.135270097045332 -0.239321229909381 -0.217862763765154
0.0574937828293904 -0.0380111886027582 0.130110545758797 0.317790727710658
-0.0040750875292318 -0.0802868328319175 0.0962230254893642 0.0394990935298515
-0.0640169121512736 -0.0456139766364354 -0.0981952982736152 -0.140389843088301
-0.0495452988971693 0.0121799649346935 -0.273218099005278 -0.135001302717415
-0.0269621481616616 0.0158346301282745 -0.350104879670339 0.0500139378669157
-0.0244935938690876 0.00628993721245704 -0.284872380932657 0.211265279442952
-0.0329824429803397 0.00291809586698071 -0.156970531926509 0.276529606820243
-0.0315423590149471 -0.0157548278855733 -0.0224828804300733 0.279218285904034
-0.0413662568072655 -0.0178301053191063 0.068197004283214 0.258233694395843
-0.0370272859314568 -0.0360663735111204 0.107477224915861 0.250678225053846
-0.00803989533608965 -0.0386654233384061 0.102106358733959 0.232184147392938
-0.00742604577328802 -0.0269626903221519 0.124069851455607 0.216667674744852
0.000850221536395293 -0.0410009041041085 0.14818738034049 0.232686288232491
0.0568951921443273 -0.0459730285084499 0.170977618044307 0.288511902801625
0.0832617727628044 -0.00728608556116547 0.273393431358512 0.326548503388742
0.125799079020399 0.0831594032578682 0.092432585319057 0.307979834987022
0.0849178900270758 0.0345752884795814 0.0693997081452275 0.0226327284598338
0.0421775392007439 0.00806272638679302 -0.115523542496737 -0.148463049220753
0.0629979239264489 0.00844817076978223 -0.272643375218797 -0.140920314549122
0.0706481626597298 -0.0310908627957938 -0.347844739145266 0.0324546469546775
0.0423735238277071 -0.0751416231995773 -0.290266468790387 0.182711512492651
-0.00240364908230484 -0.0941130679742398 -0.166028636051686 0.248245186460433
-0.00997757768376031 -0.115754450870453 -0.0338253919715869 0.253658570627026
-0.0301473413171372 -0.11674027505614 0.0666001414455656 0.225541159063799
-0.00715128254302938 -0.152548491117439 0.122514064586305 0.218805533595021
0.0707924206878496 -0.143007203452085 0.139025201685701 0.212153286949942
0.11778125352746 -0.104351170051306 0.153982329481879 0.21619748147127
0.150762016607673 -0.039453838024409 0.155455142143938 0.230712195446866
0.191691555477943 0.0375297407707989 0.147238422620031 0.253919489864752
0.202091969590321 0.105597360231754 0.223012696940314 0.269484938011115
0.174684185167208 0.1951999698134 0.046555341285726 0.241654925089218
0.165174742950478 0.155930430038482 0.0462802164978808 -0.0355336233454507
0.155493907761094 0.0718002219136713 -0.132017274942449 -0.181417645185519
0.181563029098467 0.00133890889885501 -0.271883647913654 -0.152455445946266
0.165816169830787 -0.0801721867462187 -0.326467584421745 0.0117601462368871
0.104673297936692 -0.151041271839336 -0.271432199580016 0.136566429231619
0.0278342010037458 -0.17962799778725 -0.161057176291515 0.186480513564717
0.0114937877402802 -0.198413030433681 -0.0421563543431303 0.193549624292162
-0.0157302340667261 -0.194455234946837 0.0623167971392293 0.157985534311625
0.0148583519039672 -0.24278067675321 0.134671310047298 0.15117230090759
0.125549684911998 -0.231164392435182 0.178407452197493 0.157558115640393
0.208091945882981 -0.180250501315517 0.193489809282361 0.197376814520895
0.271625009337234 -0.051539879172409 0.166245745170918 0.226259843475749
0.30102011313288 0.0983574031328523 0.103747142197076 0.222772268273964
0.292324349610185 0.195123644201903 0.138463447706893 0.183986327930451
0.204772308505681 0.275996649159034 -0.010055241103664 0.129187794760349
0.236330225620558 0.251321569672887 0.0127423255432716 -0.122113754838424
0.263727252414371 0.119794537615635 -0.145811106516709 -0.226119193039035
0.287448344812539 -0.0201546649748981 -0.259600659103102 -0.166049498427743
0.239047433571527 -0.131922663019801 -0.283751461579548 -0.0184867821486899
0.147158684127875 -0.213042460500328 -0.230407553952307 0.0710473913391385
0.0501602001907137 -0.240851339290066 -0.143816349720711 0.0998941766426128
0.0320415261743925 -0.249077638544121 -0.0439422717285581 0.106972468950321
0.00358029542513592 -0.240993796275319 0.0576014125298637 0.0681634090195844
0.0427313323197036 -0.292312805505166 0.139216382344733 0.0627781840674652
0.168302897561442 -0.277900850855107 0.208561807340522 0.0843381071864053
0.269543660956224 -0.222430400831045 0.225647800839916 0.16564598718671
0.349638016392146 -0.0515928398691184 0.1685433251696 0.218284277534496
0.362006737336313 0.149004973293607 0.0458590653208886 0.192826880760644
0.33197057810273 0.257825182798078 0.0392869222110951 0.0815363893320465
0.209651616739238 0.308953070623836 -0.0818371542864263 -0.00863025786753479
0.2772339031718 0.298376253732022 -0.0445283606699582 -0.211080521726524
0.334937674322434 0.138013680744847 -0.160067997594982 -0.260129605204967
0.347348176776509 -0.050819728087673 -0.23109337099264 -0.176057948170786
0.270710939961802 -0.172201831916217 -0.220065759121961 -0.0626865751553014
0.160405570528084 -0.248095491499444 -0.178763729054598 -0.0136357350223796
0.0587739869174271 -0.265264028738921 -0.121328192916594 -0.00208575478317532
0.0468775505348953 -0.262501246219728 -0.0384847090316689 0.00826184947548109
0.029084650812212 -0.251339884229248 0.0573705490889256 -0.0312131868098414
0.0781707720366108 -0.295989501398635 0.146062608192613 -0.0303519928392237
0.20209567549963 -0.272901015593684 0.23109534260785 0.0110899027959404
0.300163760055929 -0.207878646300845 0.244007457938327 0.134779471450872
0.374968009180607 -0.0180458718971938 0.155895903428614 0.203327697879695
0.361549225776547 0.197650385607757 -0.0137673227012264 0.152932302267875
0.310926645078546 0.292429395195068 -0.052411066002639 -0.0291217996216109
0.182845648073803 0.287566608635565 -0.163931999811185 -0.143280930287162
0.268584441167528 0.286458856329372 -0.118968896060646 -0.278910782289382
0.338088735368986 0.126553024062481 -0.170651256236506 -0.270880072163527
0.336069151574781 -0.0697425293520801 -0.188428821662414 -0.180520357645811
0.248010451331277 -0.179229636874606 -0.152536183255976 -0.1183693464895
0.142585353495764 -0.238064618123981 -0.132211930810844 -0.106613377514399
0.0559798159350834 -0.248094549462735 -0.100370341833982 -0.104911791307505
0.0567968767108528 -0.236698130409265 -0.0276407740930014 -0.0896322362440037
0.051953480668677 -0.225940505581598 0.0679204735920689 -0.124967674620966
0.108028437446147 -0.25495638675741 0.164169294006028 -0.112265348910457
0.216945593309162 -0.218494332669536 0.256597898788247 -0.0439200324239452
0.298788354729713 -0.143319091810005 0.252811374978689 0.110654465256995
0.342382913731649 0.0414122066171967 0.133761257618768 0.18228634413178
0.300118541514343 0.234552205199278 -0.0587832152071477 0.0995790714414612
0.238926420501186 0.29157227715979 -0.115840978635899 -0.140345256039483
0.117568251871411 0.21794024680114 -0.240166808396762 -0.248388046275974
0.200647093931573 0.227740169065608 -0.190777087684015 -0.306753029610115
0.265700794661067 0.0961340726851232 -0.171525708182749 -0.262308953947687
0.251754974877424 -0.0648152215594737 -0.147187109729471 -0.181290890755257
0.179058587868128 -0.140467923108968 -0.101104498232633 -0.170962916700634
0.103279840501911 -0.179723526061447 -0.100522338687389 -0.187858691933469
0.0470318017706158 -0.188731609492808 -0.0853720643912535 -0.189685865142323
0.0564350163757253 -0.175901418672845 -0.0111577425508212 -0.172057234157767
0.0645391542415202 -0.168123656021744 0.0906523354305035 -0.201012707007221
0.11677184542621 -0.179954974013462 0.19539560270082 -0.170503899268425
0.19446424420741 -0.137429168682138 0.288661327812931 -0.0748996338844563
0.251081324418749 -0.06259812409764 0.259028115467248 0.0997998485846857
0.260288295316633 0.0920587360618396 0.116207520403046 0.15857386239908
0.198162122926654 0.234803363475033 -0.0742090205222447 0.039364436224115
0.134922095874756 0.24803768630915 -0.139158401948866 -0.236078334419081
0.0210872883802583 0.120095855610581 -0.292153706606422 -0.30777572206457
0.0874286814868934 0.141801212000236 -0.234108055765178 -0.299069994995432
0.137523250829361 0.0658209600395292 -0.163290138354126 -0.247536866830155
0.122953492583117 -0.0288925419882052 -0.121856019517353 -0.184822965535789
0.0869444126563021 -0.0614570869678827 -0.0800370487625648 -0.207274334400061
0.0587847340574192 -0.0815494129414482 -0.0899095343116365 -0.235853557660662
0.0379423540168841 -0.0947460009576483 -0.0734891842832804 -0.23961672449833
0.0489007515924982 -0.0883471904918264 0.00657261840319393 -0.225378954404771
0.0578588419338861 -0.0869649448745538 0.118702621366014 -0.247121729147197
0.0897879190492347 -0.0894166640868818 0.234802257996222 -0.198567113378268
0.128990910400456 -0.0585421993461849 0.320824146032444 -0.0817243675333617
0.163784283180745 -0.00607350838930926 0.265720433582464 0.0989170099022425
0.154347600591223 0.102759479782973 0.111119136313485 0.137201744396603
0.0865520414565841 0.182948603206986 -0.0554595644420318 -0.00648720210105137
0.0259297836653804 0.158330493082738 -0.123319735438344 -0.300767642233921
0.0540808816105024 -0.0387224919636689 0.148315614684594 0.297105848859347
-0.00765930503985754 -0.0779087838148534 0.0987133574074327 0.031372483854153
-0.0646648671725934 -0.0398764807951207 -0.104249765945385 -0.128980983904719
-0.0464457290312821 0.0143751908585284 -0.274322870032109 -0.111930990589177
-0.0241692032807506 0.0165460403815564 -0.336630717178276 0.0713506977435398
-0.0217249343344198 0.00766068878411274 -0.25957421537145 0.22486640164469
-0.0308101555359248 0.00465007623790893 -0.129559779573598 0.279045577854845
-0.0312318684080841 -0.0137120511485437 -0.000964753948609117 0.271409545360583
-0.0408751989351529 -0.0135567464152442 0.0863560598883371 0.245097904998478
-0.0390706929792229 -0.0327329016604978 0.124381460209738 0.236989692123771
-0.00985821305167294 -0.0375274105507087 0.115703088839296 0.219629554076845
-0.00721622365562063 -0.0253285867103657 0.133066771241724 0.201547463866089
-0.00103181495023744 -0.0401061790012826 0.155334587923896 0.215926506202482
0.0525855262795074 -0.0493179764129629 0.184437820108537 0.268560251903944
0.0809277301838137 -0.0124847169349513 0.289348286022882 0.296441980139993
0.128182678702223 0.0728492832987341 0.11229682028845 0.289622917821711
0.086496712483462 0.0270221327327962 0.0720483380205658 0.0171466223095023
0.0412216844481634 0.00535721548175302 -0.121375192195812 -0.135120962175504
0.0610520806842304 0.00209085931492279 -0.274764603653797 -0.118275535817202
0.0667479801415537 -0.0364011681066415 -0.334633787460679 0.0543444436588319
0.0354617871080417 -0.0765161494206355 -0.266132158232591 0.198221587650938
-0.00937001496718129 -0.0913744182429992 -0.141381365750871 0.252414603435679
-0.0187847256915143 -0.112666000872772 -0.013903234540821 0.24704510145617
-0.0374521414694208 -0.110976576384298 0.0823577994365672 0.212843328013363
-0.0190539438728624 -0.147097064890501 0.137251295304315 0.204420671771511
0.0583841978087089 -0.145695807645299 0.150646882444011 0.197508913837391
0.10682448451988 -0.109540174921755 0.163388464252951 0.19949561753685
0.143915871154401 -0.0481224657224449 0.162323709170813 0.212381157551095
0.189301545585982 0.0224879515716496 0.159198667762398 0.235799962521205
0.204362420913203 0.089073164119583 0.236137990724983 0.244519760769122
0.182351035552368 0.177796611166905 0.0623482750279581 0.228433385171487
0.173565234448688 0.138699421104865 0.0455526720638612 -0.037978327159593
0.154541250024648 0.0590136956524924 -0.139235158713443 -0.166610827899275
0.174809880054724 -0.0128031407131989 -0.274344424645333 -0.12985219981837
0.154871015122862 -0.0908043144726045 -0.314049338573822 0.0336869485687735
0.0894437309330996 -0.154282603133378 -0.250998345740084 0.151634652242347
0.0136575726304226 -0.175885175988224 -0.141402306989264 0.192233047296763
-0.00466345151485658 -0.193468691294344 -0.0259420027811794 0.189456189896274
-0.0303033564907707 -0.187670699879102 0.0722129616635906 0.147198375023002
-0.00407689664002001 -0.235866914159641 0.144584925725624 0.136560661844984
0.105010858418138 -0.235821645731715 0.185792221170036 0.141209132550934
0.189049925539865 -0.190505677980726 0.202037267948357 0.178191171697925
0.261367902985043 -0.0696375322368238 0.172407450545776 0.207347911665413
0.300657242617432 0.0740927766614077 0.113907075262252 0.208826474761781
0.296979908621736 0.168673916923159 0.148035133813253 0.168471466188026
0.215737754730615 0.252763041269726 -0.000249260703757558 0.123102739948157
0.24853249104111 0.225832059249781 0.00689489996683339 -0.119075571675484
0.262821682556773 0.0988761918927492 -0.155352869059056 -0.20853147578752
0.277071404007058 -0.0414580488894405 -0.263004774092025 -0.144787233767682
0.222711868856768 -0.146557228439352 -0.27395296321871 0.00122366996523543
0.12600136313756 -0.217465215041516 -0.216543528238958 0.0851689931742321
0.0296572540307069 -0.236391613622302 -0.13248398873068 0.107109055986192
0.0102581464810392 -0.244273583951751 -0.0334997905945415 0.105628443927449
-0.0136906064369483 -0.235147921522249 0.0600138322741354 0.0596170456217346
0.019390727194148 -0.286309414462685 0.142333555111848 0.0498208387246476
0.14271106730486 -0.284902965614195 0.208659586868965 0.0678808982389391
0.243349858027823 -0.235380928697924 0.232160155833695 0.145876590428899
0.336605604991141 -0.0757552659625583 0.17449753336863 0.197600686082299
0.363185002104163 0.119269993257162 0.0567120727545671 0.18289645193819
0.339098404229391 0.227265662786483 0.0448993063481484 0.0777134140466983
0.222146255663614 0.283244590977614 -0.0794247433867235 -0.004683446503962
0.291186933936533 0.268476185228209 -0.053703697951607 -0.201564400181
0.333277098484759 0.111437182881505 -0.170978028777579 -0.239931111278499
0.332732628969051 -0.0755504651670017 -0.23493761788321 -0.156484837542841
0.249252127615146 -0.188833578765951 -0.214614083061148 -0.0461064280939478
0.135602973472868 -0.251734956165428 -0.173054631901621 -0.00122615523052094
0.0360425227677607 -0.261085956853161 -0.118864875163887 0.00655595204656126
0.0246721658442467 -0.25862179536827 -0.0363371048782784 0.0101505917033258
0.00901358541902364 -0.247023195473893 0.0522149420455274 -0.0358959546371269
0.0526472925747181 -0.292263845385681 0.141169982731134 -0.0407145457377155
0.174914083837874 -0.282393859779201 0.226629154366434 -0.005822215174739
0.275773745780275 -0.224870161668127 0.24836776370694 0.113867041195121
0.362615141383297 -0.0446412892999458 0.161020600803655 0.184294924471152
0.365778797385435 0.166378253683813 -0.00406231904031619 0.148411578405657
0.321729147845687 0.261349699733029 -0.0519818517337625 -0.0221844542715463
0.194060492442139 0.26499562701753 -0.168324295170356 -0.128984841927769
0.281206856482158 0.258574706365876 -0.131244037808487 -0.26056195317092
0.335148398345935 0.100175051424918 -0.181856679939526 -0.250415368962365
0.319293984784486 -0.0925098842314792 -0.193843598032335 -0.162611936525365
0.22649478707478 -0.193030391897564 -0.153351275212924 -0.104798039988339
0.119144342216546 -0.240359630643941 -0.13468304069689 -0.0950342618769586
0.0343203473944116 -0.243913381638796 -0.106575810086997 -0.0932934477782491
0.0354621395237399 -0.234646116794475 -0.032290063935587 -0.0846885321226633
0.0330803561655865 -0.224015504034136 0.0558831039886369 -0.127174945971217
0.0851666052927535 -0.255403928226485 0.15131636844931 -0.121815007467263
0.192949180796197 -0.230480914362579 0.246742853385653 -0.0620788331154918
0.2770534161737 -0.161865809987573 0.255655066512319 0.0904577106761295
0.334703448852015 0.0150312224484577 0.140092288834065 0.165342803933609
0.308867438702061 0.20531360562517 -0.0508193670154476 0.100591436240882
0.251511649906482 0.264601273182856 -0.122090106404732 -0.124092420817089
0.127400091810286 0.201889106349112 -0.249746156664435 -0.225056517962739
0.210594389496135 0.204454101071955 -0.203243569254692 -0.282965831497035
0.262370064501241 0.0750208819699865 -0.182628047086964 -0.242761602340561
0.238420905500958 -0.0812522752296246 -0.153296469538013 -0.166748827799591
0.162574105087225 -0.149705992140494 -0.106807019971022 -0.159895350849627
0.0856698072992038 -0.180158954632609 -0.110969591167768 -0.175945698218368
0.030980859205011 -0.184839406980234 -0.0979233539584224 -0.175941033532541
0.0407673864911072 -0.175286151949112 -0.0233476781023198 -0.164803796760535
0.0491480811604274 -0.168416460829455 0.0719549939029788 -0.200942216546789
0.0992825999326215 -0.183595897513065 0.177267570578405 -0.179785544100417
0.177448812946127 -0.148295083849843 0.274745729807001 -0.0939990029384673
0.237361801899489 -0.0798510581728307 0.259980366090179 0.0788200586035468
0.258891614553597 0.0700410628918429 0.12248953261931 0.143325154342052
0.208988421819552 0.213763200789264 -0.0693570603261511 0.0439086189348363
0.146891699411298 0.229154511177516 -0.151988728542191 -0.215107343768484
0.0268875853614432 0.113949919079588 -0.304511878246592 -0.278269222131526
0.0937447874457463 0.130295555657238 -0.244613420015461 -0.27170498100636
0.137185757306021 0.0538145627274537 -0.173147675969041 -0.229336841729811
0.115928120719565 -0.0365473016580408 -0.129128870253664 -0.171854014828841
0.078534129900338 -0.065615727263636 -0.090458142482082 -0.196749767409541
0.0500063152251966 -0.0817623452848154 -0.104899652531073 -0.222925748528774
0.0290541263737964 -0.0934045737203862 -0.0914148944219156 -0.225861291983247
0.0397472654935602 -0.08913693255964 -0.00992198229171901 -0.217329871744045
0.0490187635477426 -0.0888046912549761 0.0956195626254823 -0.247795436633606
0.0798922087138684 -0.0933891827031282 0.212184209907192 -0.210238962150076
0.118978051763958 -0.0663407729210422 0.304352164218692 -0.10232622895788
0.157260051398938 -0.0183390834426378 0.266461471922353 0.0770664688535761
0.15661427884771 0.0878576982653064 0.117462210276459 0.124147118417689
0.0965624712580561 0.170948534564802 -0.0556319087093197 -0.00214720427229606
0.0345898982105004 0.150147738337871 -0.141244934260308 -0.278321674780935
0.0512462375217596 -0.0388203331420615 0.157266567695146 0.276519011908156
-0.00998614161219953 -0.0749097500065774 0.0990422667462167 0.02465099191669
-0.0627727499013168 -0.0344334959510008 -0.105380245939002 -0.117556222578562
-0.044133757306652 0.015374082488575 -0.269962557400075 -0.0930838758023271
-0.0217182522745504 0.0167747525766252 -0.320575490062744 0.084984193849346
-0.0193619583642 0.00774509809380315 -0.235621724534356 0.229266029196805
-0.0284182998267806 0.00560584977276667 -0.106883047358358 0.274547251618359
-0.0301838871572919 -0.0120385566438445 0.0144748375232729 0.259535495061343
-0.0395633604455586 -0.0106701123122784 0.0975454306899833 0.230338883409153
-0.0393168665286497 -0.0295192449643291 0.134436766183016 0.222115180651915
-0.0112563738375208 -0.0365838703490057 0.122695470907447 0.20645720182644
-0.00710144599548494 -0.0243327897245806 0.136061589315382 0.187767757268608
-0.00218787812945244 -0.038398237720954 0.156267141033178 0.200350737451117
0.0487298886590205 -0.0503577731435028 0.189523252639539 0.249232086239045
0.0780977118610852 -0.0156135134648404 0.294413020423162 0.269180450430529
0.127224491591692 0.0638092233028582 0.12272051781408 0.271008739455321
0.0862161439907414 0.020827184239254 0.0728215295129566 0.012411635456996
0.040100639081979 0.00330180514566224 -0.122227859708946 -0.123163178624545
0.0581659339833407 -0.00219662696357245 -0.270333753307345 -0.0998276853233115
0.0620686952277401 -0.0397106381232298 -0.318526690444589 0.0685378903938204
0.0304349308481598 -0.0758518124449783 -0.243818570382467 0.203666422745873
-0.014065015851315 -0.0874636348600329 -0.120674845010021 0.249694911711097
-0.0255255841761699 -0.107555454714292 0.000531466578991405 0.237535116207325
-0.0414622213007111 -0.104873382760829 0.0910627991732501 0.199418757953063
-0.0266716467105085 -0.141143517006334 0.145483038639505 0.189338337265433
0.048481808140949 -0.145208870197497 0.155299760752015 0.183561372199914
0.0981672687364966 -0.111227795663987 0.166627742243729 0.184198490144962
0.136725736733471 -0.0542512757138946 0.161556040270035 0.196310445223974
0.18392835820018 0.0112657402980251 0.163231226004257 0.218688421332083
0.201488098807079 0.0752599179147524 0.239997428989659 0.222681922859267
0.182414875214215 0.161917617165318 0.0720090952462885 0.213947170771592
0.174887875503274 0.123362406024031 0.0453119414897365 -0.0391184015026787
0.150600280557469 0.0497237931250726 -0.140399647577916 -0.152195620293747
0.166449019281892 -0.0226361907161188 -0.269909122948979 -0.11168054016871
0.143704599322637 -0.0971201973418564 -0.300014514739366 0.0479083997406265
0.0773064254717787 -0.153583258239324 -0.232231540433989 0.157766175968247
0.00252251647195859 -0.169509561448516 -0.125401246291772 0.192071589983706
-0.0165009923956904 -0.185957414510011 -0.0142700977917891 0.182293815293522
-0.0389297289472795 -0.179632878778802 0.0772497054477569 0.136846555535905
-0.0172785629890502 -0.226464734453797 0.148274978510711 0.123617103116728
0.0879749103295777 -0.234830586507146 0.186726480324829 0.126384556807128
0.171614584453889 -0.194039216205566 0.203197651672374 0.162021668525203
0.249139955857421 -0.0817174235069539 0.171083099459362 0.190791640077952
0.294273358627112 0.056190100992354 0.118926142373572 0.194159943968367
0.294094791788561 0.147614134439418 0.152165241378096 0.155131170306574
0.217954021672458 0.231540730334459 0.00632250156411154 0.116162884146255
0.251895527407101 0.204054774602566 0.00465200391775875 -0.114578499415286
0.256514308664172 0.0824722309120034 -0.158100011376175 -0.192528095354226
0.262948811897078 -0.055330412896704 -0.259548875312387 -0.126335424601057
0.205194043758579 -0.154449348180915 -0.260564963800519 0.0139636071774202
0.108446004852744 -0.216445071227403 -0.20192212957081 0.091692954670766
0.0147084673942738 -0.227714071357963 -0.121440672318864 0.110095190311868
-0.00493051694180405 -0.235278449959539 -0.026458146894619 0.102671553745533
-0.0262259396415789 -0.225992874791996 0.059985575675945 0.0532139118117153
0.002199204156159 -0.276445979307721 0.141122968739966 0.0394866593386416
0.120663842333149 -0.284779633523454 0.206277175615629 0.0542193936775051
0.220842944981893 -0.240405965986332 0.231572618630068 0.128394841187703
0.320880583935975 -0.0908190270431964 0.172275246723452 0.181087989139108
0.357680651628138 0.0958951738001789 0.0625224522603517 0.172645616324298
0.337024773134004 0.201012160175371 0.0479934931537497 0.0740242966777853
0.22610623496139 0.26070118998982 -0.0761784518954216 -0.00311671157020961
0.294155684609475 0.242774027242026 -0.0578632718704521 -0.190956871420145
0.324549450020602 0.0909785186142306 -0.174323471127025 -0.222105183712152
0.31514491147677 -0.0904143542451941 -0.232854029230663 -0.138260217851516
0.228891159740496 -0.195152183241516 -0.205589390422734 -0.0350131629559624
0.11590309831926 -0.248462679727303 -0.165537842614853 0.00609252606713852
0.0192687478368151 -0.251921910071021 -0.115104281087878 0.013373422560331
0.00761510423485376 -0.249823071836204 -0.0336319045792341 0.0119343969317528
-0.00525526912289229 -0.238515150087748 0.0479774783446478 -0.0386800085804156
0.0335962518668261 -0.284077015489692 0.134381326856448 -0.0477689178326302
0.151204956994419 -0.28355075658246 0.218393430913409 -0.0182295434538048
0.251349448851325 -0.231780102399084 0.245139340494258 0.0965950261795078
0.346957063213309 -0.0629538672954267 0.161001250100396 0.168203290734067
0.36203050609844 0.141447690062151 0.00308618459248086 0.14209792637461
0.32134841953926 0.234116445502297 -0.0500663608116798 -0.0160825110791261
0.197941375172919 0.244540738483885 -0.167810564673016 -0.117255652210452
0.283663967893899 0.233323225479093 -0.135362112246553 -0.244464640408891
0.325258522261386 0.0798588186789679 -0.185222066004512 -0.231149995693251
0.301350934137279 -0.105615511301442 -0.193114597194009 -0.146847367810827
0.206386185455245 -0.19899438197554 -0.148865019612518 -0.0949283664528593
0.10073827491931 -0.236773170106119 -0.134155732404928 -0.0861382124286064
0.018260004828805 -0.234887492278248 -0.108675220960223 -0.0826678348822613
0.0190439662709675 -0.22665970404536 -0.0345790601370954 -0.0792931301362464
0.0186081634462984 -0.217298700068679 0.0462926808474467 -0.12584331333058
0.0668453193495062 -0.249649138121464 0.139621113339834 -0.125918671831056
0.171683702173056 -0.233343796369438 0.235079059017574 -0.0737414872626777
0.255871958927735 -0.170548721012674 0.251941125775506 0.0730588901804159
0.322213955142777 -0.00393822704581313 0.140444968040373 0.150971376688061
0.309211853915687 0.180775820325411 -0.0446869880395571 0.0983324380452683
0.253902846577294 0.240074398206218 -0.122777414498667 -0.109098293881583
0.130020943216551 0.186760717845069 -0.251422014394577 -0.204883364483253
0.212270270037418 0.185168568827665 -0.205207137731097 -0.261969015213563
0.255074423829149 0.0593802279846385 -0.184928371888058 -0.224338136062173
0.223789053578643 -0.0899682688518042 -0.154146211354134 -0.152832334100819
0.146933484274997 -0.153513836261245 -0.108004200953195 -0.150047842740763
0.0720160630560707 -0.176272062836838 -0.116516835664814 -0.165090463866353
0.0190115725746134 -0.17828958400395 -0.105325952600318 -0.16274146830955
0.0284144578000199 -0.170500153713188 -0.0308181376593647 -0.156377441493087
0.0373454063751701 -0.165312127812309 0.0582483274430839 -0.197248062955974
0.0842787320223329 -0.181123469948794 0.160355257643853 -0.183272348694622
0.160554549233122 -0.15263654782249 0.259747675731234 -0.105801260618595
0.221376766751854 -0.0899245538904082 0.256444629769931 0.0625311620526984
0.251717946342035 0.0531066275503315 0.123713051979926 0.131065314665102
0.212571084402964 0.193512560630022 -0.0651260497268939 0.0461921125966646
0.151185718284099 0.210804655292628 -0.156475376364687 -0.19474772881701
0.0299840604307416 0.106923580240956 -0.306295563226157 -0.252082465708644
0.0957167521780373 0.119851011805581 -0.245869937953336 -0.248197989171576
0.133337882680106 0.0450398213963273 -0.176032726616637 -0.212195883201855
0.108813105737609 -0.0405889453174592 -0.130385517096081 -0.158885132447815
0.0709089648453665 -0.0674601766370248 -0.0944213815208377 -0.186661170379523
0.0433654917230622 -0.0800071101633839 -0.113862364761629 -0.210590807333401
0.0228827211399995 -0.0900560486450303 -0.100957314722404 -0.210341122555337
0.0329946438776516 -0.0880000469751495 -0.0210451901167375 -0.207683503388772
0.0416818765954112 -0.0884269933632274 0.0781778996790908 -0.242646653153786
0.0707386421967138 -0.0940406445915359 0.1919439655764 -0.213348459521825
0.109245837496221 -0.0698351057990177 0.286989821410847 -0.115151818579438
0.148301188223216 -0.0254909209608028 0.261794898341831 0.0605847243446441
0.154168119540337 0.0761591083154469 0.118630821701207 0.113184098351111
0.10120972954226 0.158141754203786 -0.0545077135770999 0.00153374214755197
0.0390546926638075 0.140189240195622 -0.150074803252846 -0.254814000821397
0.0493417400522837 -0.0386587651683112 0.161478786351748 0.260606632215341
-0.0111744215007027 -0.0736280614859436 0.0997572774973142 0.0196007669929604
-0.0607523298914275 -0.0316302091752529 -0.10464964885495 -0.109812088626016
-0.0417524650740415 0.0159444706048153 -0.264372018184101 -0.0795092261441626
-0.0197687419867109 0.0159873690238252 -0.308301271691763 0.0926502602416941
-0.0174784149303161 0.00694537568816644 -0.217473594059437 0.229692695131373
-0.0268697050741254 0.00565653666591738 -0.0906121982132567 0.269706129936181
-0.0297845803811205 -0.0112011390587728 0.023828168294323 0.250212586211398
-0.037057164052838 -0.00949920321655008 0.103817570711205 0.219020448465589
-0.0391123123056874 -0.0272199835893685 0.14028371588626 0.210210147172157
-0.0118407503031791 -0.0360885334819944 0.125698678101791 0.197677289405878
-0.006125812212226 -0.0236626137963681 0.136288066657876 0.17724191207126
-0.00217917706230422 -0.0372301225994668 0.153972131334405 0.189154492529549
0.0452290380363199 -0.051120188109307 0.190230097783225 0.235445682694055
0.0758391625026966 -0.0178389193717695 0.294771620401015 0.249030199677918
0.12460064375054 0.0577704306514126 0.127451015661875 0.255937779897445
0.0851970757853367 0.0157603574107979 0.0742501608294072 0.00800422707812615
0.0389565077637482 0.00155023968342733 -0.120271773951768 -0.11408573689363
0.0556426061017153 -0.00526682122420269 -0.265072792588902 -0.085905450317159
0.0587115663021646 -0.0416560284083033 -0.305407890616386 0.0767459620724733
0.0262748504608521 -0.0753524250890527 -0.226195640838992 0.204754149932449
-0.016858536236878 -0.0846073025253243 -0.105492339462356 0.245598233135356
-0.0294021160815222 -0.103910464751896 0.00973117849827657 0.228720599384158
-0.0437299163283531 -0.100426754240697 0.0963410773185857 0.188914635431674
-0.0318616120861825 -0.13516425294093 0.150101086050818 0.177154344975705
0.0412409924934132 -0.144236767116763 0.158262096286093 0.172718343262674
0.0912971048491118 -0.112034452124821 0.166168386791184 0.172200110007029
0.131707233127503 -0.0580162058409498 0.1586959601119 0.185704707471223
0.179286879695324 0.00425640521492727 0.164204927008209 0.20618297443162
0.198178002424674 0.0654640387435702 0.240816509497966 0.206456743881277
0.181282176804094 0.150216777453904 0.0768653680320656 0.202387912297046
0.174512583500904 0.11180064782253 0.0458937458963751 -0.040519088760257
0.147124759316793 0.0430833621683239 -0.138803657920295 -0.141936151784207
0.159226907595521 -0.028707618574288 -0.264960206327804 -0.0990576970028216
0.134784055540914 -0.100781307430307 -0.28661103935905 0.0556260229731676
0.0681650388930586 -0.151847916103605 -0.216712217839337 0.16023065094724
-0.00448350792705276 -0.16359968552372 -0.112930655140338 0.19008630134992
-0.0243106264026394 -0.180097298253287 -0.00654474510888235 0.175915654632429
-0.0443967752148529 -0.172953676538783 0.0802380213967326 0.12850623736503
-0.0262422622503205 -0.21852191135364 0.149910174777696 0.11273553601008
0.0750292237736861 -0.232728954343334 0.186293072803646 0.115643230523015
0.158682523977356 -0.194885578732058 0.202491502405417 0.148892726980851
0.238446109620972 -0.0883958090497065 0.16819284717826 0.179140186820087
0.288201679638401 0.043610378373662 0.120158985841761 0.182833057172486
0.290334367853698 0.131365092816479 0.15314633759966 0.145180516253357
0.21667940514372 0.217296220075738 0.0103202791622937 0.10976405681759
0.252402478239502 0.187658002213887 0.00526232155390129 -0.112504955906629
0.249600863964653 0.0722199051080592 -0.156303939845221 -0.180026627132328
0.250467896823498 -0.0635776319825421 -0.253889599536239 -0.113875261736234
0.192158111626011 -0.158575634740976 -0.249382047738829 0.0213047080490812
0.095957552345594 -0.213062882015485 -0.190719730684887 0.0944891286440029
0.00479446856635968 -0.219883957180316 -0.113471212094148 0.111051065974677
-0.0156661342262562 -0.227905583673371 -0.0206390715508112 0.0996387486464993
-0.0346027845794475 -0.218242133687595 0.0598427133355535 0.0479045695605244
-0.00970881085895006 -0.267206404699743 0.140487648957314 0.0316394423907401
0.104850334913518 -0.281910118467132 0.202406111906847 0.0437375331036779
0.204113879029664 -0.241353369875915 0.229476405577782 0.115450695557416
0.307980680732738 -0.101058740836219 0.170093292167237 0.17007732698952
0.351121339770541 0.0798389003477867 0.0656968579503608 0.162775325893524
0.332957514199582 0.180943799915303 0.0505350210510413 0.0713007311888806
0.225278882546262 0.244269949533582 -0.0731601563657314 -0.00171939545945128
0.294134406711238 0.223659725012536 -0.058245930064303 -0.183391000339229
0.316397117096224 0.0788106602085448 -0.173361359270917 -0.207946625537896
0.300612008532777 -0.100053222336774 -0.22857718849766 -0.126801968234452
0.213032733539265 -0.19981736963989 -0.197739690976808 -0.0283399388986047
0.101633749422296 -0.244717532148129 -0.15894478113442 0.0100665720853157
0.00787322312646894 -0.243199051040725 -0.111249809898505 0.0180723881159223
-0.004256176512179 -0.241986445936772 -0.030927246852412 0.0120928641366867
-0.0148278829322767 -0.230740768295346 0.0445237542407503 -0.0399409130472831
0.0200945146344098 -0.275740739060592 0.130071149219021 -0.0529299210899437
0.133953711466926 -0.282244786010623 0.21140827226945 -0.0263153189205648
0.232687973411826 -0.23413610558389 0.242546692935702 0.0836457962739239
0.333014689903268 -0.0750920885824594 0.158060625968686 0.156632168561903
0.357223553566592 0.122090578349457 0.00718382411206008 0.136858123389644
0.31807690963262 0.21346418831491 -0.0474960292862643 -0.0111772585815157
0.197052824971883 0.228434617192915 -0.165841361891717 -0.108527957261504
0.282997508680208 0.215229926782421 -0.135132312491296 -0.231924827830249
0.317140218259321 0.0665951604879154 -0.184735852351551 -0.216277258761174
0.286552338574158 -0.113785160131455 -0.190149649854778 -0.136131091854021
0.190881942364182 -0.201322386924151 -0.144575190392727 -0.0886145334352566
0.0872244933083275 -0.232201397472241 -0.132553464781705 -0.0803889299986318
0.00771094732123001 -0.226595341662278 -0.109114469689232 -0.0753906759781374
0.00805489048731617 -0.220683263320057 -0.035343837024726 -0.0752757137559982
0.00852231809211602 -0.211314688864403 0.0389449954059143 -0.123785060282781
0.0533150802205859 -0.243870910558181 0.13123542429929 -0.12796484519284
0.155022896580869 -0.233881362329774 0.225319840345218 -0.0808755398289805
0.239317319234243 -0.175435124498422 0.248080645824456 0.0611462753302377
0.311062244235744 -0.0176161179727131 0.138581021423873 0.141146629262399
0.307450004599598 0.162939281768975 -0.0406768403107974 0.0971229065378043
0.252236979372813 0.221951970212259 -0.121282069588487 -0.098032974776285
0.130585432622639 0.175479453100326 -0.249541374718633 -0.190041757337725
0.21127034104248 0.171014599502585 -0.203973205542237 -0.246571637829679
0.247583278269096 0.0489762139313091 -0.18439719387939 -0.210171677236058
0.212136272296572 -0.0958574315053492 -0.152400639235154 -0.142727391731887
0.135064549116591 -0.154709792926368 -0.107312787650163 -0.143891942083711
0.0618054865588409 -0.172508262039988 -0.119316720937754 -0.157079030893815
0.0102283210098 -0.171179749521552 -0.109186282548841 -0.151603741626289
0.0193041635341 -0.165451723279849 -0.0343174929575582 -0.149796370468726
0.0283965993435026 -0.161397319341115 0.0477341629207039 -0.193050978932986
0.0733989430060538 -0.178266483254251 0.14839095694752 -0.18343310252086
0.14725140727325 -0.154383377524842 0.247374087691704 -0.112756570372171
0.208696238627435 -0.0954438527380864 0.251483019591418 0.0504540997592922
0.244207420657017 0.0413511981506696 0.121922619271657 0.122086795560685
0.213300600462397 0.178001830921839 -0.0622799732076592 0.0474166368720391
0.151601557339155 0.196532100285209 -0.157551599627174 -0.178461658094221
0.0316890488294868 0.101858823902434 -0.304377860885449 -0.233004389778099
0.0959178859035352 0.111753670514557 -0.24228555413691 -0.231089101952284
0.129260682201302 0.0388930746328022 -0.174939122853813 -0.199529799473567
0.103315139454192 -0.0431856957835435 -0.129637463129661 -0.149569786190829
0.064691768869224 -0.0673013194154355 -0.0962400132498478 -0.17943185444333
0.0384722859872762 -0.0777423807921654 -0.11922336705116 -0.200212786756266
0.0181394316506327 -0.0869672721679228 -0.107370543304734 -0.198130910193471
0.0278459440890842 -0.0862074238726581 -0.0273748941871274 -0.199128740143159
0.0361500981601662 -0.0866088108207556 0.0659011743578439 -0.237517539979763
0.0648820843247393 -0.0936377272654653 0.176644620546576 -0.21408023288122
0.101596459507183 -0.0713530543591225 0.272340378577157 -0.123007149659393
0.140464572785067 -0.0301603976800369 0.256056436102692 0.0486252776900203
0.150453889705169 0.0675928588792261 0.118012747509206 0.104329380490404
0.102956530423668 0.148425557705866 -0.053759417485297 0.00477271194579421
0.0406242184477932 0.132955094045298 -0.153630768179926 -0.236927554469895
0.0476997831117465 -0.039326146131126 0.165580242805998 0.247680391178114
-0.0127194422775904 -0.0730623895305942 0.101270916897477 0.0145223106030113
-0.0595356024751912 -0.02965749261752 -0.102983680719739 -0.103999423833471
-0.0399308500985383 0.0162004353096594 -0.259866888341413 -0.0684997454698005
-0.0183975961926465 0.0150132824587268 -0.298334610060213 0.0999294129353469
-0.0159229425144304 0.00630673434126346 -0.203479860374762 0.2310172297299
-0.0248807173044148 0.00538198773285209 -0.0761295218491723 0.264740790915903
-0.0292212972290321 -0.0107404432561732 0.0325017852154787 0.24308313240283
-0.0356897115258089 -0.00854514900189788 0.109938641689666 0.209900662220355
-0.0387417120771447 -0.024700999563602 0.146150064593041 0.200534121962425
-0.0126952943171327 -0.0357202049827284 0.129079765864427 0.190584239383702
-0.00558614961623194 -0.0235577163592247 0.136280734474886 0.169390684312992
-0.00283855166319733 -0.0361498984928148 0.152775595123249 0.1818697610334
0.042783114468714 -0.0523371551285026 0.190074188562724 0.224840978335779
0.0744757520935382 -0.020520005886035 0.295750087294807 0.232622259333293
0.12366401926095 0.0529691076898812 0.132713045760702 0.243375321959615
0.0842553796574213 0.0107023528007162 0.0760179073179527 0.00389376984699358
0.0384817400566858 0.000110379199477596 -0.118339397680555 -0.107050767734649
0.0534788813078728 -0.00786749807000563 -0.260473771366467 -0.075696961306179
0.0553898588321366 -0.0439126775400306 -0.296016484682288 0.0836452012209813
0.0237015522854388 -0.0756205908077437 -0.212768623693621 0.206643698435601
-0.0193280903295831 -0.0820804425935319 -0.0930436590905337 0.241825133458535
-0.0329116622599875 -0.100531811139887 0.018168305325167 0.22276796006911
-0.0452704247438288 -0.0973317486603973 0.100985952359144 0.179950629736147
-0.0363914526961932 -0.130497347933246 0.15470638960548 0.166899135740466
0.0345840751323721 -0.143703194107204 0.160205964375938 0.164475603734389
0.0862520931991316 -0.113355743239726 0.16640213537912 0.163524998565477
0.127509332101141 -0.0616555872524091 0.156718789674361 0.178396264320691
0.176705187874628 -0.00229864677209056 0.16376372297291 0.196300885435073
0.19582615348932 0.0566232030878255 0.241629612865495 0.194349065686472
0.180501829024763 0.141027137400217 0.0819864201377299 0.193177215360064
0.17481935980239 0.10228226068096 0.047661244361394 -0.0424821032244289
0.144588139377085 0.0375651503526225 -0.136914140083304 -0.134072587526207
0.152900156159824 -0.0341047868513463 -0.260515148868146 -0.0877988295447391
0.127121177114727 -0.104453698504469 -0.277143257596656 0.0618303498426837
0.0612644296734313 -0.150956048254657 -0.204740479691864 0.161836030329267
-0.0106009811965496 -0.15938116152473 -0.102878982109071 0.189018403109625
-0.0313932174791922 -0.175384580443625 0.000771205964858431 0.172033638366141
-0.049413409406893 -0.168592446729505 0.0829732020060086 0.121383163804323
-0.0341091127401149 -0.212790469009418 0.152968842833055 0.103916001992932
0.0647914374262291 -0.231448212100458 0.186563952712953 0.10777595782946
0.148571691480068 -0.196034175973365 0.201340232611585 0.139120424185223
0.230673737369044 -0.0945764909201146 0.16608184433792 0.171175125715795
0.284490029148136 0.0328119932344708 0.121345977707922 0.175000796285142
0.286870296726432 0.118019532504551 0.155645789935754 0.138144308599829
0.216252414073543 0.206364065987551 0.0137829045162832 0.105386844076571
0.252813087602498 0.174458213923919 0.00554663971682737 -0.111273409205942
0.245343818224365 0.0633631755091257 -0.155660249473417 -0.169749393733992
0.241301377522667 -0.069827112229626 -0.250661572172393 -0.103766576033515
0.180488105228509 -0.162515380491549 -0.240151163067252 0.0276198232619235
0.0857778922403026 -0.211451543928294 -0.181683330891324 0.0965604469128893
-0.00308701399996762 -0.213989298204173 -0.10714235055396 0.112327104414083
-0.0244107948208064 -0.222297800251309 -0.0161556580704356 0.0978772168239649
-0.0416701314212515 -0.212367432243202 0.0599824599572594 0.0443404163934112
-0.0193019370544814 -0.260082947627569 0.139366603842527 0.0251750411355779
0.0907049284042815 -0.281597114534876 0.200240444354877 0.0360077186573933
0.189850851427574 -0.243216006480132 0.228146162028871 0.10569866127778
0.297519114756783 -0.109492272944169 0.167739142871423 0.161747817764636
0.347327600957283 0.0664597584051721 0.0679185725420659 0.15663860015382
0.33087368581466 0.165173916037664 0.0521881266397698 0.0696222900287554
0.224839828784221 0.232704939903666 -0.0712705401988638 -0.00178493679632254
0.295340695697873 0.209462898103539 -0.0582197680488859 -0.178761104865626
0.311284835281499 0.0681812351798497 -0.172757781649685 -0.197403693324812
0.288872809450548 -0.107423148024612 -0.225586062905579 -0.117314538291788
0.200164274510344 -0.203280926925667 -0.190868310176843 -0.0237235911328594
0.0902194297938343 -0.242464482040348 -0.154178371403634 0.0132712444347097
-0.00144903227261708 -0.236826901621898 -0.1083036829735 0.0220795025769058
-0.0145389642217087 -0.236193511033342 -0.0289591441067151 0.0118796226964867
-0.0237693742182979 -0.225119343417706 0.0410680695737961 -0.0411712219207022
0.0089122531242895 -0.269723081579442 0.126334192984184 -0.0574239384787232
0.118802773576335 -0.281291432034632 0.207094176018906 -0.0334712746000921
0.218519634909562 -0.237411828812944 0.241211755532756 0.0734339739983512
0.322702953556377 -0.0870357463218244 0.156099655598479 0.149262851945003
0.354112626549937 0.108283611815222 0.0102407939211232 0.132565664910757
0.316149577628711 0.197679777240599 -0.0452490842707993 -0.00740680415002814
0.197730085501755 0.21675499869079 -0.164685158457458 -0.102410563731115
0.283480382401825 0.201296760296998 -0.135540701960192 -0.223415406773558
0.310276624077508 0.0563345831282021 -0.183981351363406 -0.206063356024885
0.274623357338097 -0.12099053274857 -0.187108196748768 -0.127417291830053
0.178541608228644 -0.203464440400253 -0.141206808128348 -0.084613261920623
0.0766954112178882 -0.228656770312199 -0.132364814151507 -0.0765362179066223
-0.000613256933724332 -0.219205510628979 -0.109854349073314 -0.0680604884317038
-0.00153012069557127 -0.215114110732516 -0.0364320130037745 -0.072856521859343
0.000136349381014199 -0.2062498664085 0.0334480522308802 -0.122285764080365
0.0422650433933481 -0.239965214699678 0.124283038240829 -0.130029076226801
0.140546346109838 -0.234128693075473 0.217899259878158 -0.0880724142139421
0.225852895957964 -0.179964258491647 0.245505698812554 0.0510058140005235
0.302260662183529 -0.0286812459412117 0.1372254858739 0.133698325935941
0.306082140758499 0.147961802160461 -0.037458072176823 0.0956012069627275
0.250986122752573 0.206911413477136 -0.119787714905047 -0.0890989273985172
0.131301133323773 0.16661698030052 -0.24926677761782 -0.1784091142295
0.211985284125069 0.160065006996287 -0.202869364738475 -0.235565218647996
0.241865590678319 0.0406598603418907 -0.184490708116838 -0.200003662261957
0.203511421979041 -0.100945177784096 -0.150846754352406 -0.134440655885495
0.124779581492343 -0.156327662840272 -0.106918755239685 -0.140286939195602
0.0544590028322236 -0.16935861203368 -0.123457697494224 -0.151010841956786
0.00358368317351779 -0.166440868956552 -0.11297605862224 -0.143320300221437
0.0113687109937897 -0.162459091824024 -0.0372141360311126 -0.145622004386854
0.0207861252180722 -0.157794461264972 0.0397160352952148 -0.189487061548107
0.0638919171629397 -0.17663388107804 0.138070066274713 -0.184372956090235
0.136089415516202 -0.155914363126508 0.237326080896145 -0.119210622836075
0.198525802270091 -0.0998822924477402 0.249493301785422 0.0402342762948547
0.23907049108719 0.0307761315993752 0.121325269841737 0.114873412344248
0.21349917868048 0.165931180155197 -0.0599958257897349 0.0489121885054129
0.151571722731942 0.185873181063651 -0.15795673499506 -0.165653102827108
0.0325001431375205 0.0977462158340922 -0.304369326347368 -0.218627484573137
0.0958177748314434 0.105998383579041 -0.240013195770849 -0.218485813710914
0.126508932428406 0.0335767057610286 -0.175576142379091 -0.18963512126475
0.0992418904748574 -0.0453504695790684 -0.12839924077064 -0.142475994086755
0.0595950287229403 -0.0678248316063388 -0.098340486908008 -0.174656905789615
0.0348384373901704 -0.0760971067399887 -0.125278625831733 -0.19318782593029
0.0147309016157872 -0.0836813306513506 -0.112678035065208 -0.188347520390631
0.0235553507948515 -0.0856283317575959 -0.0327996020898776 -0.193637396060432
0.0313625340456636 -0.085702830064503 0.0557294705791747 -0.233586707167811
0.0589861086569608 -0.0930503454697667 0.163900576016626 -0.214291294260473
0.0958943299588071 -0.0724126202069716 0.260954328641887 -0.12998585525572
0.134900157124563 -0.033697320203576 0.253040564571807 0.0385614212571754
0.148594208594985 0.0601962807968059 0.11767799652901 0.0978490883307295
0.104444575648841 0.140583544580402 -0.0529753822784509 0.00779495385156709
0.0413942667101386 0.128380679089766 -0.15671328351133 -0.222319945735375
0.0493431361022261 -0.0284302930941224 0.118965741715763 0.265904628882375
-0.000932609010230872 -0.0718093851703769 0.100512941826079 0.0287672593072898
-0.0486745081793838 -0.0390608260786507 -0.0762711011228086 -0.118919403698861
-0.0366635877487116 0.00636337810622196 -0.237536489877583 -0.111579783142146
-0.0166292046422654 0.00737175873079757 -0.305364370045274 0.0447770046089454
-0.0142673036687174 -0.000878472493321009 -0.236887389853472 0.185931314065056
-0.0224983606009736 0.000150164603193357 -0.121280292399463 0.241828119203978
-0.0264734269650303 -0.0170131343265504 -0.0128121468467292 0.238653600332601
-0.0316708631086849 -0.0163883841032463 0.0686528962351758 0.22050699747049
-0.0321784657578885 -0.031447602526642 0.10257172657818 0.218074593913661
-0.00510871453144516 -0.0374197564755751 0.0888816657810989 0.207172591306412
0.00190211009374554 -0.0248478060151285 0.0965633729240285 0.189382173966685
0.00754959816536463 -0.035255565368438 0.110803469432485 0.20486589954596
0.0540124858892236 -0.0427600659504439 0.144254778819593 0.257202200373289
0.0759621233508384 -0.00610180944943701 0.246186154699594 0.289306671992583
0.103404225726531 0.0714317294176504 0.0881210160107416 0.257869433145668
0.0775419610564309 0.0231575016045292 0.0749356712587289 0.0174662490861894
0.0382328909619036 0.0057828244015555 -0.0915190357518084 -0.121932701939025
0.0537997916081494 2.58016516284433E-05 -0.235624622678494 -0.117047978624956
0.0626874888555385 -0.0362505803994423 -0.298919330491912 0.0301003194486135
0.0370290707944557 -0.0710780745394744 -0.23991189371245 0.161983839566627
-0.00281114417643728 -0.0819734846347507 -0.132605602630708 0.216512238030695
-0.0142501508553093 -0.105422469700375 -0.0227034491774544 0.216526513680092
-0.0252023300373864 -0.103425912852447 0.0666559191081444 0.18995951857272
-0.0106616568706169 -0.131721850013289 0.11883509152839 0.18627371155609
0.0601693220095769 -0.133102882398705 0.125609668848723 0.184191692407288
0.106026673001921 -0.092296293258448 0.129864905131445 0.186177300406522
0.13835513575332 -0.0325746957698487 0.120530343574167 0.200501325338331
0.173521034542105 0.0318273213655666 0.123897991412491 0.225847174725106
0.177582515983447 0.0920187906749308 0.202216885612086 0.24091568406116
0.141313886447713 0.165456487569814 0.0478232806531512 0.201518220009517
0.148736277536971 0.124897617602347 0.0516351064473927 -0.0290695447846978
0.132581215701988 0.0603453742172279 -0.106150670144993 -0.147495706250537
0.150751632875756 -0.00819595043306608 -0.232791038586302 -0.127308486355807
0.141102550351514 -0.0803737658084296 -0.277798468003545 0.013108303634952
0.0863414808684922 -0.135342778838998 -0.22334756509977 0.121725053694422
0.0181711926472144 -0.153560845854771 -0.132906301611696 0.163310983850222
-0.000589212298698636 -0.176621451197771 -0.0298345001375265 0.164451798622925
-0.0156346596300506 -0.171293723390946 0.0593233325677278 0.130080133033016
0.00647433635076369 -0.209324034194299 0.12913639301084 0.122548043263977
0.105101006315314 -0.212432136046838 0.162972980457167 0.130204408504106
0.180895337021513 -0.158411791779315 0.17243178370685 0.165925369951793
0.244975535491796 -0.0438183264467558 0.133152224952345 0.195121509753226
0.270298978714407 0.0864147373113313 0.0877924270732264 0.198874373246746
0.253611397537856 0.169384537657616 0.128563707602558 0.168278069526955
0.164555960036991 0.232708031411428 -0.00202978681057639 0.10595754703991
0.212343687961065 0.206472236043704 0.0200566708741259 -0.10004480082215
0.225177494433875 0.102599425742942 -0.118082392102601 -0.182452389843684
0.239474188532266 -0.0273744435358871 -0.220163154791408 -0.138327024000518
0.201478057240861 -0.125438540312629 -0.236905314034014 -0.0139360953113925
0.119800142367925 -0.187362353212705 -0.189730294950382 0.0636494510066348
0.0331796165870897 -0.204463919871805 -0.122472903194685 0.0882938522437009
0.0145057353047226 -0.221136912939224 -0.0330231693638247 0.0903873077754296
-0.00098619574551826 -0.211581753897824 0.0516947705825969 0.0516934013269476
0.0280437850376511 -0.252131312661167 0.131720350654521 0.0443424124593377
0.138597318427797 -0.254628439725096 0.189676532308315 0.0615081725054425
0.228721882038512 -0.195770633357851 0.204807537312298 0.137080798301242
0.312794479535303 -0.044676271064715 0.139027306423889 0.184784921904707
0.325428236422891 0.131803316770566 0.038816624195953 0.171876734052105
0.284919663327142 0.22184398160904 0.0414315481003806 0.080526128384763
0.168923385666679 0.259118077811848 -0.0661033030141278 -0.0113831152350159
0.248287795718727 0.245410624449837 -0.031001195686507 -0.174252307085267
0.28657319964264 0.117634689116075 -0.130770196921435 -0.209629632555835
0.289672030445282 -0.0521914223826822 -0.192209208707212 -0.146021268581455
0.226175188612683 -0.159956324291118 -0.18005102401041 -0.0538208719733095
0.129010329348218 -0.214876221443199 -0.147907074059697 -0.0127114079773955
0.0384733230970572 -0.225026640317709 -0.107220222796961 0.000689310364836853
0.0266564833151049 -0.232372654749905 -0.0289876057703202 0.0057501069928322
0.019429790804637 -0.220200341254237 0.048672924516243 -0.0332630306737229
0.0562577954461752 -0.255473160584169 0.134085699100644 -0.036751770768191
0.165122069913113 -0.249244484070063 0.209319032667647 -0.00496145314092713
0.25263109710419 -0.183133010008554 0.225515258474128 0.108078016730011
0.330879721266798 -0.0169718425811487 0.131592393739915 0.171018213085284
0.321378319189552 0.172407486990019 -0.0140776628889807 0.137557238617392
0.265351316892128 0.250573603376868 -0.0408234547487389 -0.014602563160527
0.148802993911025 0.239198060836789 -0.139836284514214 -0.124394660198126
0.238512679600845 0.234418561976197 -0.0981070451241951 -0.230320985784007
0.288550980785298 0.106329126873778 -0.139752433549949 -0.219636214146309
0.278719471364099 -0.0671331604828194 -0.153249785511787 -0.149785144773562
0.205984989204453 -0.161955208368451 -0.121720893000664 -0.10459359545604
0.113617010407811 -0.203823952125196 -0.112634837303006 -0.0954894210478081
0.0351779203745982 -0.208523222975862 -0.0931441275070374 -0.0875783635397225
0.0351903576872754 -0.209734244458516 -0.0200929455060197 -0.0774630303944151
0.0380050573434333 -0.196474476893639 0.0561188966209748 -0.113094602922925
0.0830016597453708 -0.221152746975046 0.144947041115444 -0.105746664982988
0.177135478388572 -0.199121950169264 0.229961324025322 -0.0532097812996963
0.247793144175194 -0.127483276873817 0.234766884252763 0.0889565182543014
0.298537209238477 0.0338650855562481 0.115898187840122 0.152959254628508
0.265840810636884 0.201445353966084 -0.0544223058061934 0.0930632593263558
0.199091239199826 0.247429351738081 -0.0983532310698183 -0.10923138048936
0.0964816319585888 0.179194307395036 -0.20893103587825 -0.212527794150406
0.177480397631013 0.184340188781316 -0.159138096361045 -0.255288634948945
0.225844801314412 0.0804869331004141 -0.14047886179874 -0.216192632288767
0.20837849156071 -0.0596646621947245 -0.117102586818016 -0.15127946343511
0.14611735677497 -0.12514917926748 -0.0790886746197887 -0.152457397223728
0.082087957300557 -0.150180316141562 -0.0912983826607957 -0.167128614515706
0.0305207823240662 -0.156180724785575 -0.0825469528842423 -0.159666306187731
0.0386781723770914 -0.155550157568132 -0.00890717626487747 -0.146296230116561
0.0484536497191718 -0.145653784995773 0.0731944809241852 -0.17579404942751
0.0916542030141203 -0.156884579319718 0.168171068006532 -0.153283051222078
0.157772699132663 -0.124267168969613 0.253763705406691 -0.0760707611282177
0.206049872101909 -0.0572557754811202 0.239491225048425 0.0821566530148167
0.22470469176695 0.0786507357463766 0.102523321866019 0.134147992759041
0.173073276997234 0.200455306176736 -0.0690872362841878 0.0419579902513574
0.107564415877205 0.207824006249172 -0.121105575669276 -0.191982557228893
0.0169853731515678 0.0956315001483705 -0.256130904338483 -0.259934858875161
0.0774385674138581 0.114252852908259 -0.195403781130425 -0.248560926839503
0.11755119583225 0.0537161052568795 -0.132973984045328 -0.208962598416843
0.101743843544512 -0.0248319947169831 -0.095083815171149 -0.157057366596335
0.0699877490114975 -0.0515944437776701 -0.0648330143368458 -0.185492211255463
0.0479712294835057 -0.063742275622024 -0.0875514107148058 -0.208824095041806
0.0272453521636126 -0.0761286900423967 -0.0747403830700682 -0.203610339192768
0.0370146460535532 -0.0786655402651901 0.00399714706490724 -0.191400515738803
0.0453330758409231 -0.0750060544832974 0.0962578705850278 -0.213456955916094
0.0717204380044685 -0.0777329861190811 0.196894520525453 -0.174295440576457
0.103828179217755 -0.0509388430297538 0.276086671373876 -0.0789886410929566
0.133110031574497 -0.00657046433196036 0.241087894165295 0.0829557504537494
0.131277642533776 0.088425148859284 0.100010545780166 0.117723671586909
0.0722674306668728 0.155536762427335 -0.0547953489797157 0.00165147475448905
0.0127492640456277 0.131339640032825 -0.10992697405543 -0.248030824806142
0.0475933334987813 -0.0289277866870905 0.122674153932951 0.255133450927028
-0.00341157282368512 -0.0707570202550015 0.100818439582239 0.022688316282382
-0.048647195462608 -0.0368371635402344 -0.0756534417723684 -0.114512723213052
-0.0352171274908965 0.00662408779926593 -0.232426479818264 -0.101537303057724
-0.0158746466364051 0.00686722373655458 -0.29489344248521 0.0525577927431931
-0.0139118132183172 -0.0018777640697648 -0.223287627529109 0.187506970154689
-0.0211735193854841 -0.00047833978471776 -0.107971828872187 0.238194162048693
-0.0260394861937603 -0.0169143370476929 -0.00420083978046468 0.232613521929785
-0.0311111294717074 -0.016358243422579 0.0752834334271215 0.211702830503763
-0.0318039698072639 -0.0291714610000722 0.108677196979243 0.208714446623282
-0.00559274737895071 -0.0367335375886861 0.0928109064346373 0.200777994388508
0.0017125176801514 -0.0252435057209356 0.0969896386828966 0.181905084095242
0.00726459978421435 -0.0346045486758686 0.110234744137764 0.197270835107334
0.0517522702832117 -0.0437791620409673 0.145323491142411 0.246131750493804
0.0732550918121262 -0.00851167333507145 0.248189472390161 0.273124092163277
0.102647968490466 0.0667300047307276 0.0932598756512159 0.2466194978894
0.0759405666132208 0.0191068607073054 0.0763191526133315 0.0126593980538169
0.036704008046775 0.00416389871572591 -0.0892968977284473 -0.116158861970797
0.051485108605371 -0.00247319109106122 -0.231197228729232 -0.107213494789423
0.0595621713627075 -0.0381565311691164 -0.288948853313219 0.0380317841638744
0.0334797698179683 -0.071331469751306 -0.227190861921196 0.1632769527666
-0.00555596597859401 -0.0802087023251735 -0.120200798395678 0.213821376693113
-0.0178960154952888 -0.102739746330479 -0.0147418990200692 0.211167125346758
-0.0277757953313061 -0.100838495945671 0.0709954832101656 0.182612228813502
-0.0145650546116076 -0.127009337594325 0.122941257408792 0.176571473493728
0.0537098885831768 -0.132534669592255 0.128984990092221 0.176736554207485
0.100715475842513 -0.0936784893843559 0.130886728590109 0.177633691161509
0.134351583650749 -0.0363315153172867 0.119537433802613 0.193258877391734
0.170387831308988 0.0249745189153549 0.124706443706418 0.216605413207509
0.174821348461313 0.0833607920356064 0.204314592030199 0.228322382865256
0.140985107506698 0.157143195843453 0.0523925885227471 0.192755924880295
0.14912088332996 0.115902226562172 0.0534068724998409 -0.0316203624604582
0.130261566180706 0.0549590463673333 -0.103541479152782 -0.140342129564775
0.145529399529641 -0.0122520330917259 -0.228166161590478 -0.11740710579295
0.133606784236133 -0.0835071904882578 -0.267596192440257 0.0191649770292988
0.0790759853378041 -0.135344330105992 -0.212236892579557 0.1236334431331
0.0129742374468 -0.149626683708057 -0.122254870084013 0.163082315185743
-0.00772385450558141 -0.17206180853546 -0.022665253530344 0.160148890257307
-0.020550825181737 -0.167204372724999 0.0625163883077176 0.123894496376228
-0.00162966147337715 -0.203089971145588 0.131000041096579 0.114120209764738
0.0947527632551635 -0.210805417423123 0.163299153651549 0.122069581484457
0.17112835667318 -0.161345721694218 0.171571876792218 0.156912750619851
0.237407261903212 -0.0505523419506537 0.132236620121339 0.187021645123509
0.267409697059456 0.0753615023458744 0.0887382765775612 0.190377875941918
0.250121321601118 0.155620352678606 0.131787785979396 0.160555881232177
0.165244614276689 0.222488948180854 0.00150274590106675 0.100958457046705
0.213086306275036 0.193198540512344 0.0204980543216865 -0.0998369712611979
0.22156189150582 0.0937359576695326 -0.116660700309629 -0.1731857645047
0.230796373392227 -0.0335848353075717 -0.215617126988515 -0.128974017236451
0.19125564620618 -0.129475437399628 -0.228236809469176 -0.00835573147045442
0.109506315235924 -0.187118167143105 -0.181387481329169 0.0649699713461191
0.0258189625256262 -0.199486402441134 -0.116119584575064 0.0894451306379742
0.00487494877896033 -0.215690402923875 -0.0278984528405511 0.0877137525943247
-0.00827326373622702 -0.206965947564206 0.0522069956827474 0.048163172950985
0.0183076900040314 -0.246167632871483 0.130801604364912 0.0371591750911949
0.125468610112604 -0.254128637303449 0.187394395308708 0.0536235776514797
0.21526575428196 -0.198540892487259 0.203696285491176 0.126980541223446
0.302924606004529 -0.0540573846276168 0.137478862260844 0.176837366020386
0.320076741942461 0.116827832897416 0.0411350424217196 0.165277175289171
0.281462989556596 0.206599564745274 0.0438030180238263 0.079278363004012
0.169881189208081 0.247441359214776 -0.0646422007213637 -0.0105607031486119
0.248990822291508 0.231796058617674 -0.0313683164047637 -0.170430920502501
0.281815487955968 0.107036194162425 -0.129309688935491 -0.199823736373687
0.279436987998198 -0.0598256828803058 -0.18838193650935 -0.137724626743211
0.213817080093849 -0.163239011626921 -0.17388453593663 -0.0495735294444353
0.117501738116592 -0.213820010699727 -0.144535947663241 -0.00987276271634993
0.0294042521209611 -0.218422450513457 -0.105263314402244 0.0050407047151162
0.0166527998932956 -0.22668776598144 -0.0274481635643926 0.00537906563320328
0.01063046339024 -0.214941914879652 0.0465963036522217 -0.0343044131684551
0.0447949108875658 -0.250687495605893 0.130185767992913 -0.0417421151397231
0.150480125955781 -0.249285194519331 0.203880224379518 -0.0115216809797895
0.238885146186948 -0.187298697907456 0.223380998141699 0.0970122646676748
0.320806033257924 -0.0274769357273292 0.130088123972094 0.162690890430331
0.32071885134564 0.158086322282059 -0.0109523772143888 0.13379684502378
0.262145552141477 0.235092446862121 -0.038253628531391 -0.0108056596105821
0.149198161366833 0.228239024670906 -0.138453438543105 -0.118898012087864
0.238945212522555 0.221147114856553 -0.0976398060371988 -0.22219175020847
0.282936724353462 0.0958180016083928 -0.138739561120545 -0.209230661116634
0.268409355162972 -0.0738317429545917 -0.150469104576971 -0.14178793515359
0.193523457727932 -0.16506061122755 -0.118915631071451 -0.100981289968971
0.103640164193796 -0.201414780377282 -0.113064175363738 -0.0916573433555481
0.027779646854998 -0.202732408690174 -0.0943736497264403 -0.0807313923568334
0.0251153775558283 -0.204746083182087 -0.0213712378529207 -0.0755419010477828
0.0294386298727519 -0.192464672320766 0.0510386136886519 -0.111959578324334
0.0716562677501384 -0.21702619279937 0.138171794107051 -0.108364472752343
0.163083817505586 -0.199514335535514 0.222402202559537 -0.0595236031742386
0.235283491833983 -0.131555282414333 0.232494854075961 0.0783602190860637
0.290342927217049 0.0225653356048383 0.11459532140022 0.146198932014121
0.2654492924467 0.186822075871014 -0.0508663248924412 0.0911625132665588
0.198438506980849 0.233331625943419 -0.0972596808581823 -0.100337393819984
0.0972775698679406 0.170686500099795 -0.207721544577847 -0.201778236569721
0.178628195259531 0.174051141458736 -0.158160039086134 -0.244240166619944
0.221402024915937 0.0722030634361453 -0.140202638822801 -0.205845302413226
0.200186535871761 -0.0638222994360252 -0.114787941348952 -0.144432938974479
0.137198311439815 -0.126001258527936 -0.0790550971666215 -0.149087043264883
0.0749765873794091 -0.148087571242262 -0.0954231383924604 -0.161452367828657
0.0243378812456756 -0.152016258239085 -0.086748203261628 -0.151707798425413
0.0310609190510972 -0.152361056418842 -0.0123580203372873 -0.143162909579171
0.0418091027684287 -0.143156980485813 0.0653000297469454 -0.173851145558504
0.0824561746422802 -0.15505179790468 0.158692164589336 -0.154987153002858
0.147456446942868 -0.125432490448524 0.244305710092029 -0.0832906894342198
0.19714513591764 -0.0617558906168882 0.235301109908004 0.071970596816371
0.219720202940037 0.0690566882703912 0.102442316214238 0.126796142343243
0.174509115442232 0.188644738785847 -0.066045776053705 0.0436866771668889
0.108159332951457 0.197870395780672 -0.1223925633722 -0.179996012646337
0.0179507960581739 0.0917206312143825 -0.255539848665958 -0.245761880465054
0.0780099160739368 0.109023728728763 -0.194377182648114 -0.236396605362589
0.115771979683297 0.0498823709676185 -0.134491193727984 -0.200097580500859
0.0979774316988296 -0.0269288845159978 -0.0939846563162316 -0.150240089106466
0.0653767327753309 -0.0518334482192502 -0.0670702170769061 -0.181150765689908
0.044524849604499 -0.0632228600276317 -0.0940840396349716 -0.201204910316405
0.0242474341674998 -0.074087404329903 -0.08059757039924 -0.193919639520091
0.0322396582049623 -0.0773348074665333 -0.00084067308036099 -0.187080517099763
0.0409527507111812 -0.0743432094144107 0.0865276247329808 -0.210772078582806
0.0658764658032224 -0.0777535830749173 0.185213418248872 -0.175483444381043
0.0981979458875038 -0.052004593117029 0.264507227187318 -0.0853825658344287
0.127893135368863 -0.010695271347659 0.237591311805354 0.072856571056379
0.1294837218094 0.081931006718617 0.0995678601222216 0.110988924026021
0.0748351503205104 0.148297280243837 -0.0541429518632218 0.00495387320692875
0.0141865997286074 0.127092144216681 -0.112813671732381 -0.234352081098
0.0463275779925892 -0.0282947710565201 0.1238012892528 0.245531334893524
-0.00528064940932299 -0.0697514069708773 0.10070901633582 0.0179121246457963
-0.0481159853217643 -0.0357058082813761 -0.07327305263254 -0.111634213965801
-0.0344924152623389 0.00631899699354397 -0.226760993150995 -0.0958106590540941
-0.0156917656646055 0.0060979697013442 -0.286530866194461 0.0563558850553849
-0.0135585174471689 -0.00293903841892736 -0.213295151161288 0.185647094741636
-0.0202094305669158 -0.00105826647847564 -0.0980643622212239 0.231927993681621
-0.0263994249345058 -0.0168202126801829 0.0014383633739675 0.226606123034128
-0.030393322568034 -0.0161776422048041 0.0782408402163516 0.203677781637879
-0.0309188985792205 -0.0275044947171992 0.110991572071879 0.200825995803978
-0.00621281346558332 -0.0360906183723254 0.0944230822074488 0.196102968032979
0.0019495045761556 -0.0245471790113395 0.0952800691327963 0.176428879474667
0.0075597839670635 -0.0334777893479235 0.107351938240212 0.192231543553667
0.0500665219378797 -0.0446449507561345 0.143402712797312 0.238728075049971
0.0707454010924777 -0.00991817017095243 0.246917056971947 0.261471340742635
0.100451196492147 0.064082250259922 0.0947228072082729 0.237792071190238
0.0740163674921583 0.0159460063424502 0.0767445388130577 0.00802435576971756
0.0355821257705201 0.0036470701701159 -0.0862143898056514 -0.112579580026429
0.0491270521485296 -0.00384022706900778 -0.224820886326173 -0.101525200591779
0.0563567491592943 -0.0391704534541971 -0.279885726276337 0.0418311766763726
0.030645567428998 -0.0718737228405996 -0.216787325288676 0.16208788880443
-0.00614184639213161 -0.0788570375722972 -0.111113589701665 0.20867561747935
-0.0205837691440534 -0.100179086166747 -0.00930969646117566 0.205018892311983
-0.028774467169697 -0.098489023890315 0.0733958911153992 0.175313710889762
-0.0165575987534702 -0.123670921301413 0.125131723739925 0.168111350110978
0.0498135466099152 -0.131216536244059 0.129719491761914 0.17079805822596
0.0962659729631431 -0.0947075948790361 0.128614334390534 0.170775545646016
0.131427341939161 -0.0381713649236131 0.116608175979772 0.188100969037336
0.167524529424186 0.0203486266717315 0.122702979553964 0.209928845783406
0.17020867601761 0.0771048903151064 0.204058613818596 0.218348937579672
0.139044035249753 0.151623222270731 0.0541234265318481 0.186198748627179
0.14749552159874 0.109806702476869 0.0547469330939563 -0.0349743407335017
0.12748002577821 0.0514688554117566 -0.0999506581529656 -0.135491347752114
0.140786918672617 -0.0150314392949938 -0.221579406688355 -0.112076028494356
0.126960304015565 -0.0847510412826282 -0.25855777252249 0.0217546767087339
0.0735546174504551 -0.134651001086645 -0.204454312973737 0.122607547312928
0.00947553924307764 -0.146625244846087 -0.115344912376584 0.159551304510225
-0.0119048659864089 -0.167594042556981 -0.0186912714031876 0.155570321466662
-0.0242831031181333 -0.163537838863946 0.0635449743507493 0.11889654238215
-0.00609494727394161 -0.197263880042089 0.131678202376621 0.10719228430755
0.0872884634526159 -0.208626892560173 0.161695678048477 0.115949248369566
0.16276698492056 -0.161251979602856 0.169239478716449 0.149512699549996
0.23098082165229 -0.0539521638908112 0.128833714772096 0.181356854885537
0.262790700449722 0.0681807940785919 0.087093444814851 0.184365668545383
0.244047407036183 0.146914556790791 0.131757353271767 0.154213602683419
0.162604369454958 0.214534141426035 0.00291590484320469 0.0969838617974747
0.211988505291348 0.184023166087809 0.0222280404779636 -0.10008835009415
0.217087718286261 0.0881132502612489 -0.112080878574047 -0.166928043352829
0.223428899680473 -0.0374663583262177 -0.210020684444054 -0.123902100360193
0.182279075868142 -0.130985234371536 -0.220166155402181 -0.00710996326231194
0.102791788213411 -0.185196039025212 -0.175495404245883 0.0646906606610843
0.0210568920347635 -0.194447080307874 -0.111440344323836 0.0893797750336472
-0.000922856374275051 -0.210183954336424 -0.0244621705240148 0.0848552149002858
-0.01223588235607 -0.201535821520985 0.0521623985542516 0.0447317690676091
0.0128128460196028 -0.23984979459399 0.129138898551482 0.0319501677773098
0.11562704601007 -0.251508205342132 0.184483416651146 0.0484109556950281
0.204825273906112 -0.198588236338073 0.201363301705259 0.11948793154383
0.294127549992255 -0.0594050014633602 0.13393083444159 0.170487863783565
0.31635103099839 0.107206891092995 0.0407711066066767 0.159998653459078
0.275576519962486 0.195472736463563 0.0457033464852152 0.0766778846360057
0.167948944476167 0.2384438408612 -0.0620240537307634 -0.0114627578134428
0.247124002310961 0.221035689409925 -0.0298377163125975 -0.168113367914072
0.275968124120687 0.0999766134887323 -0.125225127924568 -0.191591657317427
0.270514853437347 -0.063570425342718 -0.183645009035743 -0.131976400394354
0.204009204071015 -0.16377135092586 -0.167646531282919 -0.0485019058136801
0.110211108524479 -0.210639324552116 -0.141799026105409 -0.00945861479407843
0.0244153062330896 -0.213042589832503 -0.102150495143784 0.0069130489099596
0.00974466920937941 -0.220693632841849 -0.025570386781168 0.00440117515479076
0.00486407376776851 -0.209721018108231 0.0448839896536865 -0.0349485897788218
0.0379575107425415 -0.244660092886184 0.126877698204999 -0.0449238553584264
0.139635929972002 -0.247086399170157 0.199056116140409 -0.0163758974373789
0.227507430131868 -0.187898659036804 0.220238807413992 0.0898765366938585
0.311692330182659 -0.0337299001338666 0.126427696392556 0.156389337758184
0.315942053297079 0.146897140173227 -0.0100893788546955 0.12982601937586
0.257444358903255 0.223045535581031 -0.0359818252887241 -0.00849628590489865
0.14661979024706 0.219180041692609 -0.135933078552421 -0.114516251482766
0.237754681322705 0.210769376591132 -0.095402074908205 -0.217300750343147
0.277232374566946 0.0889762149750529 -0.134428511510042 -0.20042699153133
0.259515753735769 -0.0771210711125776 -0.145773613452636 -0.136540440606298
0.183745822341089 -0.164922359605186 -0.114885194098478 -0.0995715229547753
0.096627132457177 -0.198770416203455 -0.112653198608606 -0.089129958199334
0.0230095002146322 -0.19693868845428 -0.0937585967204962 -0.0755241988658483
0.0192542632027606 -0.199289302517986 -0.0218002746168283 -0.0749581788868165
0.0246077807378664 -0.188004885212417 0.0474084794811191 -0.110350351339785
0.0646310063905475 -0.212246648198261 0.13242853172074 -0.110051039154296
0.15228242541342 -0.198863025405476 0.214610478160424 -0.0631924398223454
0.225197872599645 -0.133205679184312 0.228375588017451 0.0706948691074273
0.281610276045569 0.0156089374681534 0.1114679052482 0.140405703926562
0.262596197040581 0.176420703413044 -0.048555609526532 0.0899937629463183
0.194564971874936 0.223375738463177 -0.0949250087211937 -0.0944868182654402
0.0952348117419932 0.164283466022076 -0.204036816707632 -0.193429095125533
0.17716796371748 0.165473050064662 -0.154606879561028 -0.2361520478022
0.216718232079597 0.0666363865936151 -0.137138227992275 -0.197365622131983
0.192680637597927 -0.0662954944967059 -0.111114717687755 -0.139358080515983
0.13003590850954 -0.125749160074379 -0.0779156957124119 -0.146921329802013
0.0707618943458648 -0.145702186931601 -0.0980959175746869 -0.15652159856637
0.0213891163823215 -0.147132656358195 -0.0881398587036157 -0.144206233579257
0.0256730151044683 -0.148612631864367 -0.0147790613548493 -0.140190026768903
0.0372867633382832 -0.139684355792636 0.0600925689206645 -0.170212107861767
0.0759454949155734 -0.151714736270956 0.151055214453833 -0.153759866394172
0.139284757072884 -0.125121273590248 0.235915420071047 -0.086072499054119
0.188415272031154 -0.0637478545689003 0.231957213450893 0.0644433986356414
0.214059293668974 0.0623481591847914 0.0997096267849917 0.12169742532579
0.173015025618917 0.179544806055047 -0.0639396689374412 0.0434411814034433
0.106494249813498 0.190678555590205 -0.120930540776764 -0.170550125651294
0.0176123107732486 0.0883875957989833 -0.251256290855932 -0.235530638411463
0.0780211416318029 0.104636019415015 -0.190343856214678 -0.228153155717675
0.113476622749432 0.0467446806409622 -0.131777366314331 -0.191449024308905
0.0946023000241228 -0.0282644947729487 -0.0913663301477326 -0.145315617407556
0.0624811317731519 -0.0516168828007715 -0.067950466712103 -0.17761832090456
0.042622125164941 -0.061915961504409 -0.0973342913944571 -0.194793701116726
0.0224947865790321 -0.0714832157448576 -0.0838129661539398 -0.185981864581141
0.0282929084450612 -0.0764800829639569 -0.00423507626496363 -0.1832764078399
0.0380205758994784 -0.0726897720212565 0.0798136523145161 -0.206587891531467
0.0621168717341798 -0.0765415006522958 0.176065536256922 -0.174747974268714
0.0937557988636066 -0.0517352031912485 0.254506468764114 -0.088035045730163
0.1228533073651 -0.0121192504820587 0.23299830442375 0.0656159867452831
0.126176733314222 0.0770896296907877 0.0970080987324926 0.105475271349799
0.0746992819905043 0.142271477323636 -0.0534241023250415 0.00605023519643096
0.0140410209742711 0.123555232661262 -0.113289639612963 -0.223228033611514
0.0456708714550213 -0.0277483041768839 0.12317275020992 0.239639863330644
-0.00652079133050112 -0.0691771182624856 0.10057697141991 0.0145514261626176
-0.0478765649187689 -0.0349653617977928 -0.0710413138297962 -0.11145869804838
-0.0340287966983407 0.00593985433238396 -0.222856890790211 -0.0941626052267966
-0.0154560593183499 0.00575018322802512 -0.281963934079126 0.0579750283827143
-0.0143267700349892 -0.00422428311080573 -0.208056812003152 0.183271429862636
-0.0201454364184667 -0.00288982627140083 -0.0931762844470552 0.226661059623216
-0.026024640804733 -0.0170391283226788 0.00395792519704428 0.222711893805555
-0.0291693235852697 -0.0167269828081669 0.0797068831580239 0.199382434645974
-0.0300717424806465 -0.0270252388322707 0.112271315810927 0.196888214557707
-0.00640656193144565 -0.0362676367320625 0.0954119228966414 0.194507714839242
0.0018437360582255 -0.0249304374096062 0.0929623640753873 0.173441975621032
0.00833899679082829 -0.0331939778663992 0.103143038264008 0.190222202721585
0.0493707284633855 -0.0449873941316358 0.139487147691314 0.23631873861752
0.0688438788519285 -0.0101034934547073 0.244243837262165 0.255203780439504
0.0985811968196914 0.0626064548481146 0.0946192042612969 0.232441891525842
0.0721950858155402 0.01464944301908 0.0779718164462325 0.00519726414778342
0.034059582855223 0.00345117267779845 -0.0827905154974355 -0.111599933748591
0.0476855928883675 -0.00462514443182186 -0.220402800357434 -0.101003312734165
0.0545532649425654 -0.0393745198484249 -0.274306122034093 0.0412482115418029
0.0287415792962203 -0.072243484826368 -0.212426987866129 0.16034051225366
-0.00692200467843134 -0.0786627038441246 -0.106578784334805 0.204850857482241
-0.0217417319560971 -0.0990844848903276 -0.00647442713343996 0.201404978956712
-0.0297777329217015 -0.0976630383616984 0.0743825544211874 0.171010589865653
-0.0171920063660373 -0.12128319500946 0.125594497346729 0.164516554166949
0.0471275694581885 -0.130696888758307 0.129514357633072 0.168612822454439
0.0938468878436818 -0.0942382396516829 0.126516764249527 0.168113984179313
0.129383498087385 -0.038705621501062 0.111952439196683 0.185987172127672
0.165980353198577 0.0181789380561976 0.119545622245464 0.207256841533468
0.166868201166043 0.0747770030739651 0.202956177334532 0.213293590930085
0.13659522144289 0.149434813964586 0.0548652760975923 0.180672087406393
0.145841996024927 0.105932761343899 0.0560480656387383 -0.0369970411831306
0.12491642522999 0.0506235265060137 -0.0955959031360016 -0.133150665939426
0.137047505955621 -0.0161626165634542 -0.217421693329561 -0.111564807543281
0.123987901685062 -0.0853504571834479 -0.253525939153786 0.0211540234037139
0.0700652472950778 -0.134618488826271 -0.199094961328365 0.12026702200087
0.00819417385569551 -0.144936492566508 -0.111742211169747 0.157062929521637
-0.0150976280313827 -0.166100324132543 -0.0168837901398299 0.152725343855221
-0.0256879553373414 -0.161545711395864 0.0639427662378486 0.11570629489621
-0.00727023887896511 -0.194150601152162 0.13155076295857 0.10298645615215
0.0825502888816348 -0.208104766009216 0.161290089944524 0.113537306382152
0.158436394918868 -0.1609354163696 0.167673325746282 0.146120833064977
0.228041429225294 -0.0556622609323147 0.124369433952811 0.179095117549827
0.260562043062357 0.0648630718292261 0.0845021121045164 0.182066309922566
0.240001658241333 0.14219811291969 0.131525428687887 0.151390744904833
0.159706561610845 0.211236337113469 0.00360804246917636 0.0939026338776739
0.210075414524175 0.179427505742616 0.0240450470609198 -0.101530989172132
0.213562697096286 0.0858768826629579 -0.107369184253623 -0.163940371508943
0.219163008395337 -0.0378249194088044 -0.205156435427381 -0.12310882612395
0.177681171608712 -0.130728452506283 -0.215543249328915 -0.00857692491445089
0.0987466692570572 -0.184020164698136 -0.172428065894624 0.0631083136061227
0.0195569264752166 -0.191728171201219 -0.109342446670761 0.088509605696609
-0.00442528184847548 -0.206909817212569 -0.0233937732920345 0.0826556830128994
-0.0147327640749423 -0.199209977437031 0.0515808750208268 0.0428634557656996
0.00995420468900322 -0.23624274130683 0.128446399660268 0.0285892480052225
0.11029381617568 -0.249574119484949 0.182386131849792 0.0462691075699125
0.19895790051509 -0.197900773278016 0.198405085521232 0.115421766365541
0.289703952489886 -0.0617414023536013 0.129466459827946 0.168342178425656
0.313564372870967 0.103710625179666 0.039292773053764 0.157481377233359
0.270335547460269 0.190559451446093 0.0467249965187967 0.0760994747245787
0.163453387645672 0.234915652782089 -0.0603968912514307 -0.0123602951600324
0.245592098540889 0.214487408392207 -0.0273089653226016 -0.168013621489332
0.271956857661518 0.0973905529331028 -0.119328266641399 -0.188027841724751
0.264568955146813 -0.0645977142190182 -0.178589600347406 -0.131565978896569
0.198883365412274 -0.163636790736593 -0.163930092319286 -0.0504749601446544
0.106925360402349 -0.208998133693893 -0.139840809422278 -0.00985092039386424
0.0227173671615597 -0.20988504223924 -0.101064883947937 0.00860917139170138
0.00585326237397758 -0.216709356783489 -0.0246398229303875 0.00281304819733866
0.00312634130416838 -0.206617549764194 0.0442841914210915 -0.0363631975558453
0.0346495321639778 -0.241398228575807 0.124712141936895 -0.047168882792205
0.133094811017546 -0.24530247816686 0.196702489117853 -0.0175967676344383
0.220727941009938 -0.186473859603907 0.217607222445481 0.0863885729401567
0.306557896778323 -0.0367482378266861 0.12261799904705 0.154783596891017
0.312460515529992 0.141579486461366 -0.0102518835157592 0.127878710574667
0.252018907348221 0.217310770095192 -0.0338501102947413 -0.00700040339105947
0.143192672548524 0.216005887326796 -0.133287939045922 -0.113981341236618
0.235286901255098 0.205341139005956 -0.091775210864205 -0.215594811534087
0.273438168560602 0.0860628859141318 -0.129446572974842 -0.196036744955967
0.253846973545408 -0.0779676631987883 -0.14144647143727 -0.134706060217263
0.17862286678176 -0.164519266386706 -0.112503514617837 -0.100623112265956
0.0931506210119091 -0.19677285220828 -0.112828996372467 -0.0884479825166326
0.0214132562306901 -0.193540697673872 -0.0942402656386841 -0.0727029103207418
0.0151064767119757 -0.19563768741015 -0.0220860418829613 -0.0750258930015495
0.0219256858120713 -0.184624233020439 0.0458923097256337 -0.110084361215305
0.0611517459618127 -0.20922600043286 0.12993215447303 -0.110071524840025
0.147282985397303 -0.196985846808384 0.211289529623365 -0.06435156334426
0.218625672179074 -0.132822449636869 0.225762497355101 0.0673758927563201
0.277228247605829 0.012850739746178 0.107940630198014 0.137644000844723
0.259613416255797 0.170706710898494 -0.0482488198224283 0.0886261105627923
0.190060055642906 0.218279136388056 -0.0923038948626859 -0.0903077066685555
0.0919051888661421 0.161654124239801 -0.200619024078271 -0.190822109385737
0.175463789280359 0.161898125771199 -0.150364627109948 -0.233736757484164
0.21394324909256 0.0643273871374992 -0.13298215956908 -0.193159167922124
0.189258530370234 -0.0665041249401904 -0.107009360980853 -0.138204284878759
0.126606287667729 -0.124862855100398 -0.0766079810770782 -0.147514629719361
0.0678374053399856 -0.144056810100718 -0.099100233778377 -0.154108446108693
0.0199933468628934 -0.144300428889586 -0.0889442798852667 -0.139845126642913
0.0225972396799548 -0.145792321043399 -0.0154766131458625 -0.139566108398216
0.0353118047028932 -0.137486648609031 0.0578602329650486 -0.169109418873539
0.0724006689397267 -0.149507225093634 0.147062333390165 -0.152972893880172
0.134679953659883 -0.123475852952462 0.230603281619788 -0.0861176147024918
0.183037016992561 -0.0636308258080538 0.228943401015734 0.0603418381890482
0.210036259999187 0.0595491470843655 0.0966202725056116 0.119395393753284
0.170548193527884 0.175310229187341 -0.0626977745322565 0.0431811372130081
0.103709416968855 0.187114367568475 -0.118309239720845 -0.164445573726707
0.01579181649791 0.0870764915229187 -0.24625212229975 -0.231220332132737
0.0772291334856756 0.102293147218055 -0.185099761320149 -0.225046385093553
0.112159903595239 0.0451333466729603 -0.127970594160326 -0.188433027630946
0.093094897598525 -0.0283700471455079 -0.0876403673688257 -0.143613760299684
0.0607340513153415 -0.0512623301929701 -0.0666443790775694 -0.177032821056188
0.0422753344336278 -0.0612072407255176 -0.0995631727097717 -0.19074734122994
0.0221602678771896 -0.070156160570347 -0.0856161654844284 -0.181496746089371
0.0264981666271715 -0.0745954154611422 -0.00589821093319486 -0.181057304600823
0.0369847710633599 -0.0711545072233053 0.076386945113833 -0.205277678459056
0.0596423465621924 -0.0751049363968974 0.171277860724651 -0.172109319333579
0.0910860899645991 -0.0506344011341084 0.2493001963856 -0.0881454666692397
0.119857921589651 -0.0118466531270511 0.229926604415545 0.0624602205567824
0.124008876325797 0.0744207416300504 0.0942591397665712 0.103648614801743
0.0729483279755604 0.139467078077354 -0.0521010486250429 0.00723226212456953
0.0135468068239139 0.121559805230678 -0.112421802225686 -0.216101974067837
0.0465915603947923 -0.0281726873107421 0.125352650403721 0.240805706330764
-0.00775621125784431 -0.0692975404246179 0.102540180146161 0.0119503511349714
-0.0484134611839508 -0.034381914579085 -0.0706714668974279 -0.113544339739364
-0.0341360960087213 0.00619681716426466 -0.223232400867078 -0.0954951932813474
-0.0158261905006767 0.00495051201906766 -0.283322765803867 0.0592112929134652
-0.0153610847651576 -0.00496330342579986 -0.207627183974477 0.184789538428483
-0.020328573197487 -0.00460091417088711 -0.0912566093351333 0.22670616752413
-0.0266603266599921 -0.0176016539465728 0.00626524718340081 0.223632919682969
-0.0295751587144787 -0.0176577930541213 0.0814933435481247 0.198847430486978
-0.0297674036324115 -0.0275949330567181 0.11473659188798 0.197520762734484
-0.00640232166651077 -0.0368140655201551 0.0969826839244965 0.196535139980303
0.0019564559735571 -0.0251527395248037 0.0914229752827105 0.175407681738575
0.00959815147748925 -0.0336181831062418 0.101323069548206 0.193962210300505
0.0490011923643561 -0.0462978458258774 0.138438444271961 0.23952116018143
0.0681996656880404 -0.00984513661380059 0.246173579741896 0.254861599572393
0.0994733068991435 0.0635745420992371 0.0956808988509921 0.232622373618781
0.0726123556948634 0.0139857929727108 0.079717588950819 0.00262237001238628
0.0333814227475468 0.00352411930733277 -0.0814999630946348 -0.113371236302539
0.0474202759068752 -0.0044392608664085 -0.221238642026902 -0.102700308548529
0.0538149872004385 -0.0406301484558388 -0.276297004518661 0.0416268689848775
0.0268868958238125 -0.0737109814689944 -0.212433107166355 0.161092941892088
-0.00775332843127976 -0.0798272418146578 -0.104971631489316 0.204879291477504
-0.0234949999951688 -0.0998842046043391 -0.00465698695187118 0.201975547200566
-0.0307338559174289 -0.0990713524049695 0.0766383402399882 0.170708325069623
-0.0174002954672724 -0.121958207442514 0.128200037465416 0.163399447047359
0.0466656991274023 -0.132419862966128 0.131481941766414 0.169536894954311
0.0940773762000515 -0.0961911262394329 0.126199576748564 0.169151515564305
0.131328133330999 -0.0398875887143963 0.110150192158076 0.188762175048063
0.167396861094882 0.0162446147579969 0.11833369377613 0.210140663314514
0.166372111922239 0.0745093560770682 0.20507115582714 0.213562390163785
0.136974668577151 0.150420265602114 0.0558443021304868 0.180395319193994
0.147561653646561 0.105354734015169 0.0581093963616668 -0.040249118610657
0.124656423472982 0.0509032129400824 -0.0932956087324822 -0.134913375000907
0.136790422757845 -0.0166727364853135 -0.218274024835333 -0.113811041244548
0.123518498518548 -0.0874085465994911 -0.254289022177879 0.0201777094105997
0.0684522511062993 -0.136521775783907 -0.199590124887151 0.120286847425064
0.00723608188882313 -0.14637303809556 -0.110683456220894 0.157414685983172
-0.0176107780238097 -0.166769568512907 -0.0156531966146003 0.152669234323088
-0.0278290934363118 -0.16252261188068 0.0657819091010356 0.114535331199868
-0.00825856629458673 -0.195688209560172 0.133564217148393 0.101725876538416
0.0810589053030106 -0.211197943343597 0.163640932927348 0.114228308551814
0.158173561292286 -0.163228535447137 0.167559231216114 0.146005882458433
0.22974867942687 -0.0583562665734083 0.122632306559845 0.181283320277527
0.263724215144826 0.0631559144191825 0.0835399858723633 0.183457859490106
0.239102406641079 0.142351428585826 0.134029248638682 0.151636699845037
0.159515181464587 0.2132622471881 0.00407246300859162 0.0927217755697508
0.212407560114478 0.178439272162725 0.0259053320009069 -0.105100487804642
0.214746803174162 0.0860739135346293 -0.103895369165549 -0.165442354433941
0.219635845870198 -0.0389677483613115 -0.205163449128769 -0.125236413121658
0.176943757209374 -0.133762038843173 -0.215681189252503 -0.0100379101733678
0.0974336740315805 -0.18677384940314 -0.173563550369418 0.062362515847336
0.0181292130951502 -0.192171223348032 -0.109169917953232 0.0901586395474639
-0.00751663040239273 -0.207626942237499 -0.0229545326226502 0.0822519540533229
-0.0166813238845232 -0.200241506910452 0.0528858800141404 0.0414785866722632
0.00820279211674767 -0.237980459623536 0.129760548493788 0.0264170847668014
0.107572332800984 -0.253718766657106 0.184176726762134 0.0463179881673509
0.198069743283793 -0.200782238257367 0.199958453080623 0.11461739413398
0.291062375235834 -0.0641879374125179 0.12751772093872 0.170449962529425
0.316843844229481 0.101391332458594 0.0378093285664089 0.158025547067125
0.269231617032078 0.190647039955429 0.0485336092924104 0.0769766938678901
0.162947090602318 0.237104105779973 -0.0600369218861506 -0.0144275812268621
0.248416080466499 0.213921919109067 -0.0257288091548474 -0.171858050230895
0.273967092087387 0.0981534873476836 -0.116425290764225 -0.189077943404914
0.26523629417683 -0.0659233980255298 -0.177556903339668 -0.13361190571708
0.197571509365258 -0.166805091489761 -0.163766937251284 -0.0533808150389173
0.104518366984828 -0.21238311467489 -0.141314191714314 -0.0110590698158235
0.0218018158539351 -0.210439208853581 -0.101983805167793 0.0101976004711107
0.00310594359175343 -0.217970533021606 -0.025244589205974 0.00189008187068326
0.00115048410651925 -0.207897712032129 0.0445590675864318 -0.0375783747799605
0.0332723892989436 -0.242248128406558 0.125487527084233 -0.0498859926590609
0.131487340419623 -0.248750876114444 0.19773645223324 -0.0193953683542325
0.219676266380284 -0.188828712413528 0.218656673854348 0.0846505630428993
0.307356326423779 -0.0394400053944278 0.120754653267942 0.156199688861073
0.316272585688293 0.13893242770582 -0.0119064637937053 0.128364534682687
0.250869486794146 0.217585395445478 -0.0326844700124941 -0.00533643126479712
0.141428295685647 0.217462280436886 -0.133305700425274 -0.116029898249899
0.238723893908535 0.204361724748219 -0.0906300797290797 -0.21927005786789
0.274935083502725 0.0866846301791062 -0.126032062403284 -0.197748104017053
0.254159793965747 -0.0797720209167558 -0.139832449116764 -0.136984818889373
0.177812389150345 -0.167378076189017 -0.112392283680608 -0.104176844967348
0.0925709466431524 -0.199471090764882 -0.115622737775745 -0.0895658926866964
0.0204307551364518 -0.194239307199338 -0.0955322361065715 -0.0710226305871308
0.0127960970923221 -0.195829370758962 -0.022880905308113 -0.0769202328323513
0.0202135130561061 -0.185762124686945 0.0452412629119506 -0.112005693140988
0.0590576678345761 -0.210590059743998 0.129842922233871 -0.112953923250503
0.144698496498826 -0.19892358746984 0.212158075311862 -0.0658265002000645
0.216551207926407 -0.13445415365204 0.227419010301875 0.0660304705523888
0.277982949626528 0.0111334502740256 0.105737000929447 0.138807091359532
0.262108003677806 0.170263455885437 -0.049663825369203 0.0888940920442698
0.189326246684022 0.218856906251855 -0.0911219518939716 -0.0886726302006284
0.0907922658952336 0.162890511874746 -0.200880641644618 -0.19347137317738
0.177728610338684 0.161135466712985 -0.149383425975244 -0.237164082100548
0.21490286502312 0.0639169844547476 -0.129881790480182 -0.194058215303997
0.189373160118006 -0.0678693942287883 -0.104818179482358 -0.139624501461364
0.126314512957205 -0.126590765432087 -0.0764012330745622 -0.150705980507069
0.0675060196273897 -0.145846664779612 -0.10208528594232 -0.155397726202493
0.0191316265542446 -0.144811131089295 -0.0907397370944073 -0.13798117505125
0.0208302823687766 -0.145470278440946 -0.0166751370756531 -0.141596886171135
0.0335173384671905 -0.137772953699256 0.0572102466256932 -0.171101941436875
0.071635576474405 -0.150957812842757 0.1466337676546 -0.155122237710586
0.133175802085075 -0.124341350243992 0.230918769710407 -0.0880724772138707
0.182342460294467 -0.064308565655116 0.23075030116963 0.059372079212915
0.210308769536884 0.0580986925648424 0.0950690569906772 0.120017442978768
0.172179651192046 0.174693758346339 -0.0640551614584195 0.0438764155165446
0.102770668031172 0.187254279998511 -0.118345054111866 -0.162460199663843
0.0141890791938738 0.0876342160844618 -0.2468727973061 -0.233396436119827
0.0773880226340022 0.102006003257515 -0.184391905069494 -0.227286039427936
0.113231352354755 0.0445832376831499 -0.1265295229728 -0.189360905767352
0.0929145617649099 -0.0291681628113955 -0.0852338881913082 -0.145242671750836
0.0600189703971958 -0.0522916220556826 -0.0678452978451263 -0.180461938615337
0.0427054645853316 -0.0619251310966583 -0.10276276371972 -0.191205691319312
0.0218626618882735 -0.0702437586900044 -0.0869141905087057 -0.180546863435169
0.0252448096875184 -0.0742792124989733 -0.00738452174747065 -0.18330516151801
0.0357380302730356 -0.0713690487189133 0.0754052398575582 -0.206543160436437
0.0586814251581389 -0.0754516394168388 0.170478540820993 -0.173656615711558
0.0906639826081289 -0.0499780644587059 0.249412204938645 -0.0894565131839288
0.119152139119343 -0.0122624970362052 0.231022516397693 0.0609975382821742
0.124211063691027 0.074558262557309 0.0933053244372518 0.10362870084704
0.0737927015159964 0.139690026738969 -0.0532408644480959 0.00772819824129277
0.0132308367561928 0.122967517097473 -0.112800910615009 -0.213916618671249
0.0244817214529661 -0.0495713211814365 0.247535716265106 0.112297929060166
-0.0463869165930139 -0.0511062989509915 0.0870428662948568 -0.0584069053868803
-0.060628689315653 0.00082602011471466 -0.129650348225553 -0.050080403891252
-0.0245661048763636 0.0259659639470383 -0.243191811464974 0.0619443462008823
-0.00934022111588175 0.0142727899835718 -0.190798344697464 0.22253903415851
-0.0153994394304378 0.00525934331644569 -0.0518607037063069 0.277120990237733
-0.0184767758067846 0.00750146114539438 0.0683481760756792 0.239418569492521
-0.0330499661234235 0.00253179692729962 0.145451071603057 0.175748308391268
-0.0351480122448604 0.00430607498816245 0.191701261227042 0.107984862760361
-0.0401489111428172 -0.00393343726043505 0.218679039453517 0.0885324208977393
-0.026531587493135 -0.026542930077967 0.20271569531983 0.0983791549918414
-0.012456262096776 -0.0233082052507425 0.184345288568893 0.0866986291951245
-0.0107481910021978 -0.0348336261812267 0.203346029568214 0.0950092095880334
0.0130899204318875 -0.0698102850124196 0.269546893774326 0.107713332575825
0.0536844508656814 -0.0487630405098764 0.365975736518287 0.0509790781281149
0.12072072096133 -0.00344046483626579 0.224132461019517 0.119041161177783
0.065514891920453 -0.0315320396409891 0.0680369709118311 -0.0526860579339269
0.0286767622712708 -0.0160000757080737 -0.133884441090395 -0.0468026127863511
0.0337816911391258 -0.0295978431899569 -0.24466760537349 0.051018383726092
0.0189633141466323 -0.0637292496916121 -0.196684880363417 0.201429711115067
-0.0231888997260817 -0.0753240962961927 -0.0702431055487509 0.257945053307185
-0.054475953880788 -0.060454529337394 0.0427043843118496 0.230370805592668
-0.082266177331327 -0.0652428340667735 0.122903817271395 0.165111513964561
-0.087121531846032 -0.0611567025694739 0.170459556740314 0.0879081519930328
-0.091184046208387 -0.0891681274089384 0.208045625314222 0.0517146223577123
-0.0449960261653003 -0.139722768816041 0.212312515686673 0.054601513319704
0.0192353743492938 -0.140096793865656 0.206790804389737 0.0602106819889497
0.088255169879554 -0.119376938610981 0.206384575867055 0.0864936857546357
0.152598521483549 -0.0949721154074632 0.232753065320848 0.0993590585096533
0.189709920811004 -0.0426376674270533 0.299719648686333 0.0462241391399073
0.201260605040971 0.048041330735529 0.16456342252008 0.0991269302291646
0.179038041359146 -0.00226103209277531 0.0290125126824335 -0.0736324132952934
0.130261334263686 -0.0322125033718301 -0.151600851273808 -0.0598352506877523
0.0983799042449179 -0.0914008342985546 -0.246283882342242 0.0356328820254094
0.0464204826074187 -0.142692687610847 -0.192964939393431 0.168705102857899
-0.0280714818316173 -0.150549154372449 -0.0856451276551812 0.215227033333006
-0.0833546423646203 -0.122080942804086 0.0081050820979623 0.195703412541495
-0.118940174077757 -0.123268901932268 0.0830840309246768 0.13177655478938
-0.124645296098959 -0.115528795319094 0.126605904946361 0.0500757330936807
-0.130606512527245 -0.155764879957361 0.172836313694852 -0.00225230946785341
-0.0681526651998564 -0.226829170561037 0.201698955182971 -0.0100818112882625
0.029741833421371 -0.236810511269237 0.226112686638449 0.015323723290405
0.159157713982408 -0.199417206985644 0.21098815963502 0.0734274884812551
0.262557227959755 -0.119247779721341 0.185393252142114 0.103889327051156
0.293680967798546 -0.0341915708544719 0.197862085537777 0.0433580084346722
0.255563626427637 0.0879791602647203 0.0727593667348667 0.0570611376932849
0.273114391935109 0.0180437326944032 -0.0327872038986883 -0.105758707511231
0.224496037967112 -0.0563950894781217 -0.17441431968302 -0.0807933993123132
0.151088267330948 -0.157322928070757 -0.242212488418704 0.0133753868569681
0.0613779728847544 -0.211905737188317 -0.181559903314608 0.118479895446555
-0.0361414725566285 -0.208705379543645 -0.101231860838625 0.150653266747465
-0.103330883522714 -0.164873070646924 -0.0341146972675591 0.139619493617894
-0.137487864711964 -0.162643844958427 0.0332446986849269 0.0803612895919044
-0.140456214283978 -0.153770267052145 0.0705800422360147 -0.000871582318575893
-0.144404724387052 -0.199890397647548 0.122674903116485 -0.0610815802403208
-0.0744282274187493 -0.278275828683345 0.17419531668339 -0.0781928800828389
0.0388669996846474 -0.292939047092944 0.231987592838943 -0.0300732522900176
0.206666486130086 -0.245083306376606 0.207921876961299 0.0610785052667222
0.331402389654222 -0.122149316026873 0.13080370916745 0.114998761324151
0.348680812359537 -0.0145898356421264 0.0766215939711491 0.0380080023596087
0.271542285013515 0.105246617372396 -0.0442088292220449 0.0105711078948122
0.321729656589672 0.0259602983424516 -0.11353694411759 -0.127971114824596
0.27854932913997 -0.0830080415703569 -0.197323592317087 -0.0952066355274062
0.171835090080068 -0.205897151748655 -0.223701278368744 -0.0130281511880321
0.058202403885421 -0.250871425455675 -0.166657585343305 0.0501028882605982
-0.0446717564317847 -0.233917815791467 -0.121954536063836 0.0713855540176308
-0.111187372950662 -0.181311439513992 -0.0790634027774123 0.0708920228827244
-0.135036957713148 -0.177526595121199 -0.0194901538973541 0.0167963631460387
-0.130604953649268 -0.171318037568699 0.013549512504847 -0.0586981784329588
-0.127823803880446 -0.219833099059223 0.0707850500394096 -0.119639658269567
-0.0515551748071983 -0.289362696309498 0.143537600713308 -0.139161972994573
0.0632225234809937 -0.296747953922361 0.228450715870361 -0.067737521097823
0.236448851729289 -0.234113420084453 0.193188184909019 0.0533607804162475
0.353675025491875 -0.0900412406782042 0.0698541483270467 0.122200924702198
0.350238427378833 0.0193921906017623 -0.0438250334817891 0.0224274685095802
0.241097189419575 0.101640544442952 -0.166451545525316 -0.0250906196501281
0.308128574635765 0.0245445348511614 -0.196277309206329 -0.125493298991959
0.272008660155862 -0.0924383317504033 -0.211335672025287 -0.0956754131122877
0.156122266291257 -0.21053379542976 -0.194653594336426 -0.0395258689605058
0.0410834293372175 -0.239680081279089 -0.156352326678624 -0.0226859593430028
-0.0473343678547793 -0.215474420812537 -0.149801396825165 -0.0063343837385988
-0.102234520546181 -0.166724028369523 -0.124034162537701 0.00107615648176999
-0.113094811354344 -0.165870228681662 -0.0664511399086321 -0.0476781847222691
-0.100409163360622 -0.164899006928998 -0.0323565833870402 -0.119450962084474
-0.0865793770949142 -0.209480298836939 0.034835598006394 -0.173203236211102
-0.00838333594347578 -0.256925106428762 0.126574102717033 -0.185982981838115
0.0960450298280596 -0.248563032336296 0.223287202082775 -0.0895694236252482
0.243248263771363 -0.171817684440551 0.170197289706926 0.0471811831002331
0.327874203370699 -0.028588850013063 0.0127850993875919 0.11362944488667
0.298375244465436 0.0593687911607114 -0.14468235544392 -0.00979375936316257
0.166618960241765 0.08526794146877 -0.271588805814415 -0.0404773664065046
0.233475287193467 0.0254460952989024 -0.257636017379978 -0.102556049064171
0.211096855031123 -0.0763923082352837 -0.214719751463338 -0.0884268905437238
0.110435169642168 -0.16411653873712 -0.168491381098751 -0.060900007935072
0.024123352290428 -0.175936579324823 -0.156632455254433 -0.080551511271229
-0.0348358309121094 -0.157506976545663 -0.180707417006036 -0.0651381080150505
-0.0731473689604186 -0.12631832528101 -0.162455025428938 -0.0550226221522907
-0.0756551905308184 -0.130302266900687 -0.102225486545367 -0.104096083860282
-0.0596584828165938 -0.134329214975754 -0.0607671337391695 -0.173866786110755
-0.0385061157483737 -0.167627718559717 0.021969468136785 -0.217695462559973
0.0307062539388445 -0.188905275677786 0.12852856544371 -0.215641300924533
0.111872863282901 -0.168409238073722 0.22167622939884 -0.0973533606043297
0.21668960607371 -0.0872643098451668 0.149191848092268 0.0376355113606948
0.254845256183072 0.0341747392206371 -0.0276865294051107 0.0839698985460853
0.205630672550582 0.0886005876887736 -0.210295954499912 -0.0545823044363756
0.0596757874088258 0.0658088330079858 -0.336951992420365 -0.0383062823777874
0.119535908979342 0.0369609983699151 -0.283812490520063 -0.0710362640634867
0.116348334008587 -0.0317676045470972 -0.212258615000554 -0.0825583486075078
0.0556833376731254 -0.0770045993075749 -0.156767653519848 -0.0730565171207177
0.0163992545350034 -0.0766160346527471 -0.167166000711998 -0.107172982155476
-0.00384633646365934 -0.0747445773246985 -0.202211933112945 -0.0909666701439789
-0.0253274988791128 -0.0683777902679343 -0.185170325537351 -0.0907132723140006
-0.0266838185837301 -0.0758860997519152 -0.121183863556679 -0.143577724493365
-0.0162264523506507 -0.0817002186833714 -0.069300143591103 -0.213571573387969
-0.000636720110541516 -0.0991816092785987 0.0300326859636315 -0.247091494417111
0.0438565024256169 -0.100500502263197 0.14275720154065 -0.227751228793194
0.0923365386965988 -0.0851577649716029 0.224628706276107 -0.0962379464083584
0.154783477575521 -0.0171659789906252 0.138721590643685 0.0252980015722668
0.150434397350974 0.0695458366827531 -0.041749597125118 0.0445654186255968
0.0889278051373898 0.0919152812534351 -0.234891831019903 -0.102435767801388
0.0238321445238275 -0.0522272717219803 0.26007090578905 0.104174387432539
-0.0506843538034008 -0.0500922767971874 0.0864289136327353 -0.0679078559777717
-0.0613402321012204 0.00408003753668514 -0.13583034188032 -0.0470942159673594
-0.0242951684080169 0.0279766054941126 -0.247942667269371 0.0745558475606266
-0.00896077422755357 0.0149803452764416 -0.186354141928657 0.238366843920983
-0.016451173051604 0.00693217482437542 -0.0402541656371617 0.286724266411988
-0.0199270028785098 0.00827816919959091 0.0808080433628341 0.240760099160537
-0.0348963985471442 0.00382787641467069 0.158627118553317 0.173752391895573
-0.0363586954232171 0.0056588606206829 0.20224389210154 0.100969497000176
-0.041183092678351 -0.00308785109899569 0.229663143135833 0.0797943542206462
-0.0288843239970535 -0.0269234759826971 0.215703139531613 0.0922793481528061
-0.0134752646077801 -0.0240141764883802 0.192907376629441 0.0838781319439995
-0.0124089005211576 -0.0367678237540426 0.21362315924397 0.0934257358335658
0.00949206591483231 -0.0728532811734091 0.28351320247492 0.100941520252354
0.0527609622531866 -0.0511570146990889 0.376800755095862 0.0335568337721344
0.124774434940476 -0.00788926623041191 0.235772944250889 0.111571938668261
0.0659363161292038 -0.0359360460090193 0.0667523888488923 -0.060686094597244
0.0295545742579746 -0.0171957318413545 -0.139523980750126 -0.0442979349904556
0.0334525524382874 -0.0316992134542562 -0.24975825414037 0.062427397813004
0.0155908930421277 -0.0662605136347153 -0.19327856177278 0.216020532684316
-0.0289656428712556 -0.0759809254542168 -0.060663085664827 0.267620852848174
-0.0597007969622961 -0.0597702381766788 0.0545292860245698 0.233337752234086
-0.0892738338629895 -0.0633171549898424 0.134244148657546 0.163880282925511
-0.0928382538885097 -0.0589749699645678 0.179147125575117 0.0817451869250635
-0.0980106730856108 -0.0878928311026113 0.217043521128285 0.0414788592441304
-0.0542278317791517 -0.142614136564683 0.223344459593796 0.0470489310851621
0.0131818754170807 -0.145420085975842 0.214656374203957 0.0539596048188017
0.0853895450581718 -0.128199713099137 0.216297771607926 0.0837656222721803
0.152136801369848 -0.105740796111127 0.244263893379574 0.0950663418509584
0.192953504926663 -0.0510663439306854 0.309677253559926 0.0326326780347813
0.209913686383167 0.0422872497212364 0.173238956378588 0.0930542166015675
0.183567164687931 -0.0113083577335291 0.0254406000389968 -0.080754338880523
0.133791195749356 -0.0382493573583518 -0.157101474055007 -0.0581630392136142
0.0967153825610404 -0.0979462655921562 -0.253654646012705 0.0463283856611613
0.039875725895932 -0.14899064682225 -0.191476391275415 0.181887144961999
-0.0376507871989771 -0.153596153077429 -0.0794410888097225 0.224990557137947
-0.0923922223669749 -0.121408416294785 0.0169967945843888 0.200313082841846
-0.130102209518125 -0.120805541833822 0.0910749835710599 0.131437793619955
-0.134913491299083 -0.113090764160638 0.13206885999739 0.0446132964217003
-0.142597427612258 -0.153834214398987 0.177306834531783 -0.011305569914126
-0.0820297664835703 -0.230278634532032 0.208768077690942 -0.020641999964188
0.0183828629513651 -0.24499569867536 0.232333176349917 0.00644946146059739
0.154261668192757 -0.213817962886447 0.22061524677877 0.0702627687606163
0.265744151820468 -0.137021523227124 0.195168423822831 0.100339506012644
0.299471123773593 -0.0466288193143727 0.205831168577694 0.0341588333263435
0.268547592013678 0.0817402023053228 0.0765369790548674 0.0544008130218503
0.281684802617251 0.00486361619406165 -0.039756761242421 -0.110970463132178
0.229121808274763 -0.0678452018393797 -0.180991912097184 -0.0794176367047173
0.14766356466736 -0.168594508294487 -0.249345293731048 0.0225379214270507
0.0517902406139022 -0.220988058141149 -0.182542170065372 0.128409123514876
-0.0492807072391478 -0.213527508211242 -0.0991778476496475 0.159255205303695
-0.1142543662222 -0.165445601906612 -0.0276311459069404 0.145346304968088
-0.149613462522257 -0.160174396662016 0.0368127590389711 0.0803390483361287
-0.152055561289146 -0.15144815799956 0.0714438155392575 -0.0049663540647978
-0.159316893603211 -0.199188250636031 0.12137280138225 -0.0700739309205236
-0.0915166872602571 -0.283129553150353 0.1768424388904 -0.0894400480167129
0.0245338911808828 -0.303137143236462 0.236582709687215 -0.0418891281692904
0.201098170651116 -0.262479183642839 0.21616858675096 0.05742010480583
0.335953818965516 -0.143432140610595 0.139051110989609 0.114482114230264
0.35707773784051 -0.0288779309055145 0.0815418270111627 0.0346998583989135
0.284363082568309 0.0991568576116386 -0.0463651834204637 0.0118611607358409
0.333095635156573 0.0105519444573037 -0.123963190698168 -0.129732025165763
0.284047129693638 -0.0975386137411319 -0.204661311883126 -0.0925368768673274
0.167491948252646 -0.219584200613644 -0.231346691240156 -0.00552168917837427
0.0460332541779494 -0.261558115793731 -0.1705255986719 0.0574276293659757
-0.0596861662599521 -0.239226133065341 -0.12432586192871 0.0784119610654039
-0.123535794690915 -0.180989873516631 -0.0762295750490745 0.0771575421680405
-0.147792788768434 -0.175381788684066 -0.0206494107599964 0.018101380823402
-0.142368698179145 -0.169464118764173 0.0094902320026117 -0.0631641133322115
-0.142928443411102 -0.219187038929268 0.0655541097720864 -0.127723533807353
-0.0687551478171835 -0.294572047928873 0.142346522743277 -0.150382211912901
0.050394186350508 -0.307665620054754 0.231275106214111 -0.0808743499600065
0.2320064034611 -0.25225848506242 0.199970883788245 0.0497165153095392
0.361344326313242 -0.109692137237764 0.0761666852227283 0.124705464305613
0.359532898620728 0.00684659496280447 -0.0424267742793389 0.0242524267876857
0.25301461691416 0.096648467539041 -0.174158696221939 -0.0197724953406189
0.318403447308401 0.00990811103367538 -0.209180451079131 -0.12283634748767
0.276391929256156 -0.108125896782014 -0.218810099544379 -0.0932435329716326
0.149828733846779 -0.22398290387205 -0.202536012497198 -0.0348929739063519
0.0301548835387142 -0.248437358409978 -0.163162579612133 -0.0185639654023988
-0.0609821627418135 -0.220299980674198 -0.156698783259741 0.000139267979121967
-0.112956658435988 -0.167097610957929 -0.126129031881058 0.00816569079730907
-0.124549581892957 -0.16468224725237 -0.0717639848148409 -0.0464645806996827
-0.111720796628478 -0.164192368587986 -0.0405952220754774 -0.122717867425537
-0.0997982476304963 -0.211080446763141 0.0258465325058056 -0.180475764920751
-0.0220081367575172 -0.263864767492986 0.122012588840509 -0.197388764123522
0.086012526615795 -0.259007858234792 0.224955795607588 -0.102969196875578
0.241832006887033 -0.187722291067098 0.176299541736743 0.0434253648410166
0.336059964096841 -0.0460679498363483 0.0169263034489896 0.118116255460562
0.308445876741553 0.0486926046913603 -0.146835732651726 -0.00304294944870288
0.174774113018974 0.0816430847604023 -0.282763357875134 -0.0322466641267507
0.240643486556174 0.0147567849476178 -0.27096971063889 -0.0951723706043443
0.212771209373093 -0.08827436918043 -0.223064248714042 -0.084823354349542
0.105015102478855 -0.174388870177723 -0.175201059746663 -0.0585375556690114
0.0147378255369679 -0.181776079023927 -0.166567242297835 -0.078700424855067
-0.044269838214023 -0.160893425482911 -0.19034909358547 -0.0580056175222783
-0.0810175159455352 -0.126577778720915 -0.16846373761551 -0.0481746046602329
-0.0839130691792481 -0.129656013814081 -0.111731257824154 -0.102806857677131
-0.0678713225685105 -0.134653587257182 -0.0723520080029921 -0.176873276990326
-0.0480249213221664 -0.170055351060971 0.0112882173298989 -0.225263391149001
0.0223061180838582 -0.194674275619849 0.121679919188913 -0.227524980657391
0.106214570023251 -0.176750613492989 0.223354657485324 -0.111184745648768
0.217880469607243 -0.0993160001924898 0.153741847543922 0.0341484035066648
0.263279198200415 0.0226971909980192 -0.0262685383415266 0.0882848526672129
0.214384818287784 0.0834150179942705 -0.215846563240213 -0.046114875876339
0.0637652606031303 0.0666795299858764 -0.349477853892515 -0.0270347142583993
0.12474546370515 0.0325181065171001 -0.29552495807003 -0.0620274404957122
0.117847837376897 -0.0386240234338212 -0.22086458433482 -0.0779445373495523
0.0527984707195293 -0.0823366170551756 -0.162837153586143 -0.0715019036633126
0.0122848487389044 -0.0795917507448412 -0.178673333818046 -0.104743592184201
-0.00793441699258132 -0.077117892520429 -0.213390837778648 -0.0825452876765053
-0.0290564951200601 -0.0688355909363517 -0.194508786778104 -0.0833640036684236
-0.0310973844224934 -0.0755226465256146 -0.133105165684109 -0.14234352072211
-0.0207366950675751 -0.0824645224815074 -0.0823538523395699 -0.216980793884174
-0.00534267999546341 -0.101063464932339 0.0182927907837103 -0.25560660164662
0.0405313278589387 -0.104910844115851 0.136675621756362 -0.240095631988644
0.0909356145622357 -0.0903880040555923 0.22590624602601 -0.109798008082259
0.157802179965751 -0.0245961045246235 0.142936687511591 0.0204849890874139
0.156830140862753 0.0649432451487913 -0.0413492770501094 0.0490189417873017
0.0946891167068613 0.0912500363910492 -0.243378456652116 -0.0935636204882641
0.0205318082851124 -0.0548017839345216 0.27085029008191 0.0856704188341146
-0.0548140003441835 -0.0467557813801766 0.0812617901969965 -0.0772382124543371
-0.0609412579377158 0.00844925718730472 -0.140326479147196 -0.0400071911749685
-0.0221102689527588 0.0302020081702779 -0.245759923130157 0.0914322874898695
-0.00801502240612605 0.0159136867903665 -0.171437803005182 0.253976471448404
-0.0168542364920722 0.00857971611788502 -0.0212561360506456 0.291740100711712
-0.02060537391437 0.00937050829949751 0.0975540396603714 0.23587614491661
-0.0363476099820387 0.00648947381243589 0.172985151562922 0.163119390676052
-0.0367879966877742 0.00744233187920681 0.211596539795277 0.0862930444197975
-0.0413112158446858 -0.000654812266492917 0.239169243283224 0.0631021793621747
-0.0312372887074697 -0.0261694198682289 0.225630936445969 0.0787155966140524
-0.015207168552964 -0.0235584952707472 0.199447876403553 0.0737739869184913
-0.0145655443964089 -0.0365820475634964 0.223481902554172 0.0842859599153046
0.00316541944415772 -0.0743263409191269 0.294814739908817 0.0840549375773116
0.0509496086604052 -0.0544425132827039 0.38208830646497 0.00692557030311804
0.126558368754116 -0.0162055549259808 0.245801012936228 0.0954106363397705
0.0635721562091766 -0.0407581339345203 0.0618607586953319 -0.0694032595947353
0.0295088621964542 -0.01949854346962 -0.143713644998493 -0.0380202639104301
0.0313257415077511 -0.0338922617072491 -0.249341168063689 0.0797786062747379
0.0102139190115626 -0.0678121635592318 -0.180742843650894 0.231579799632795
-0.0359196067667441 -0.0738644698756762 -0.0441112261268586 0.274407875378787
-0.0663413942000978 -0.0562003029953681 0.0708952997345736 0.230022045224529
-0.0961618081511751 -0.0570445727063235 0.147793369571626 0.155439225994647
-0.0990020951381968 -0.0536112800244008 0.186158338916153 0.0685299993529969
-0.105921126043369 -0.0821493744840266 0.22232557716703 0.0261380174587405
-0.0663931695502929 -0.140466365026229 0.230399196390019 0.0312234103093904
0.00262141113742558 -0.148386530433147 0.219453945022023 0.0427526052665086
0.0770421552768262 -0.13701515374926 0.22546958731842 0.0747076884583035
0.146125984758458 -0.118667988782638 0.253716137340611 0.0804347061119752
0.191619788986545 -0.062657495105381 0.314907627093353 0.00968120380387396
0.216764964602013 0.0301788427567675 0.181103163335646 0.0810747355017328
0.184596847573479 -0.0256114535199241 0.0187286851547022 -0.0862938560090191
0.134111703668881 -0.0477176815128445 -0.161696940345459 -0.0516716297108594
0.0905105751465767 -0.10559941734588 -0.253920982103884 0.0638110944584731
0.0284373356850338 -0.153182397487591 -0.181959644552402 0.196143020493203
-0.0508399611550891 -0.152345304608896 -0.0659820720487725 0.232423026691275
-0.102898605541489 -0.116235905732308 0.0317866745687019 0.20083628797803
-0.140984167467188 -0.112092379492907 0.101171017556833 0.126292540877681
-0.145192322116127 -0.104221486418742 0.13531449310304 0.034350611497649
-0.156104658728097 -0.145205878534632 0.178268999551719 -0.0258505440397479
-0.101645043856978 -0.227711640727079 0.210421285376716 -0.0359555002033889
0.000447365768695444 -0.24909274623513 0.23381650113896 -0.00868604980297209
0.141011783032898 -0.228328778292728 0.228263142463677 0.060154385042635
0.258278620519327 -0.15895311140096 0.203928794227177 0.0902222172352549
0.298829885616633 -0.065241718658168 0.210248447525538 0.0191140109806442
0.278162710644944 0.0661861058120807 0.0798456432100907 0.048721468142677
0.285422625007438 -0.0165151929425374 -0.0494663330430684 -0.111624906163316
0.228014031981247 -0.084781189295732 -0.186582916279639 -0.0719731153014445
0.137283250378411 -0.180498388320544 -0.251408882069509 0.0390178516405465
0.0349926249960663 -0.226695868928516 -0.176666094976302 0.141454382862816
-0.0665685616154671 -0.212147780964562 -0.0904732129402116 0.167702949586676
-0.128220007668024 -0.1592746407117 -0.0165836794196174 0.148672370142969
-0.163619589110989 -0.150248276686396 0.0420052129511844 0.0786912707802434
-0.165012568194001 -0.141678913841466 0.0701486236194741 -0.0112835203218387
-0.176239843924616 -0.190469471646652 0.116630529357293 -0.0803312188971821
-0.115019256814579 -0.279996270489052 0.172583814316134 -0.103468703746752
0.00251719392441412 -0.308004672977168 0.235043430919655 -0.0584803280405218
0.183718138931604 -0.280745690444695 0.223047787964328 0.0475316606732592
0.329502690788431 -0.170646453808081 0.147995614979429 0.107903266950919
0.358242220548759 -0.0519589039909694 0.0853925248641304 0.0288611392016407
0.296349849236848 0.0842868054457491 -0.0473380775848003 0.0137276287330725
0.337250978698119 -0.0136582761057588 -0.135852149177312 -0.12470663045622
0.281550754949283 -0.118378507497308 -0.210620224550792 -0.084639237226683
0.153470863756555 -0.234415100278021 -0.234005638298206 0.00810228966522198
0.0260553326899694 -0.26713337390002 -0.169510526900519 0.0676648563005982
-0.0793715663912709 -0.236933284576458 -0.1220285963601 0.0882785772171539
-0.137549346320715 -0.174696741860823 -0.0702555775051997 0.0840157582141661
-0.162377646632541 -0.165584567981066 -0.0205606285098339 0.0191245944105063
-0.156387106942345 -0.160129212086227 0.00336442133108852 -0.0649878435099955
-0.161964764667447 -0.212025756382828 0.0553470541026214 -0.134308504282213
-0.0921929739457697 -0.292911007047464 0.133757266239396 -0.162814325451774
0.0273358573335651 -0.313137880287869 0.226349033013846 -0.0978444507628636
0.214935421685934 -0.272239140169084 0.205624995828369 0.0400938640999094
0.356846610450772 -0.139134779217704 0.0847605851412765 0.122958604338573
0.362510860104869 -0.0159730839021214 -0.0394821975437101 0.0275460291627736
0.263325582079428 0.0832549390104998 -0.17900689523544 -0.00959976631921883
0.322489029145562 -0.0134236271701 -0.221218776786809 -0.111735872012625
0.272547581082083 -0.128001728066541 -0.225943067689367 -0.0837567179501533
0.134567638711865 -0.236906432614935 -0.206570467048002 -0.0241027179800893
0.0108814185884742 -0.252957989391366 -0.167825007865223 -0.0102724854663523
-0.0788689383209983 -0.21869153205963 -0.16087168188227 0.0118350141819213
-0.126317288293018 -0.160560001305932 -0.125490670005865 0.0178975076883486
-0.13849047672825 -0.156009365648792 -0.0773664162383004 -0.0417818355101079
-0.124384785581417 -0.157761779984729 -0.0519167645059571 -0.121865689595078
-0.117466412426791 -0.205937323518073 0.0126534203043457 -0.184236072660541
-0.042473928564302 -0.264656309876344 0.109424335027306 -0.209166152593782
0.067994669924312 -0.266774912936175 0.21950969746165 -0.119663231633351
0.229560868906571 -0.207029619951947 0.180938764264964 0.0352880093201052
0.336139140474106 -0.0709195816761911 0.0244919225031872 0.119381981839244
0.313524011333604 0.0308183788352218 -0.146344914513706 0.00655345169650807
0.182873338199525 0.0735266689236888 -0.289136418781522 -0.0149712378593896
0.244911931694212 -0.0022876367878332 -0.280614922441198 -0.0793314689160448
0.208835216553511 -0.104049914082813 -0.229320607162973 -0.0747991190098777
0.0930455788432906 -0.183072565198821 -0.180158919212115 -0.0497290102460594
0.000404444772307075 -0.184587133483664 -0.174752417950307 -0.0701916712112807
-0.0572550714991223 -0.159636135369484 -0.19690268311588 -0.045169056993653
-0.0905678843131078 -0.122025536166623 -0.172721289329362 -0.0357566774456699
-0.0940649633272186 -0.124115559823754 -0.121354769608767 -0.096250973825973
-0.0776363576600331 -0.130899801840169 -0.0872751931665289 -0.174060149872024
-0.0612548892928333 -0.167873692035673 -0.00527163075315109 -0.228159299790009
0.0082442544575623 -0.197965505708716 0.108291612305118 -0.238729837591846
0.0942348177935262 -0.18420286164438 0.217187858725477 -0.128090177086702
0.211918866747855 -0.114874028505909 0.15767947509009 0.0266164506374232
0.267459211978087 0.00388140425297591 -0.0209056068914156 0.0934014969171701
0.221507466958332 0.0712963653455169 -0.219167114772622 -0.0316059270202146
0.0690491485426618 0.0649539969309001 -0.355131409053101 -0.0053278661644727
0.128230075831384 0.0237011820638617 -0.302859786966632 -0.0428953421587345
0.115891242104896 -0.0476025367354695 -0.227919107318711 -0.0660619871881933
0.0467536713267304 -0.0864702959870663 -0.168774986771466 -0.0647657480207809
0.00578205630520832 -0.0807618139338076 -0.189370325156428 -0.0955942651375049
-0.0139481959505406 -0.0776746494301823 -0.222315863970843 -0.0674709476855371
-0.0335709355734997 -0.0680345183737212 -0.20094927684836 -0.0692920290201076
-0.0367535462881355 -0.0733046180232783 -0.14554691688236 -0.134907998440274
-0.0266282845529479 -0.0810941127787247 -0.0998200375638342 -0.213710030183868
-0.0132323060509638 -0.100516318757022 0.000269216542069038 -0.258571428908796
0.0339810406572992 -0.108605284883986 0.121712333284653 -0.251686600326009
0.0855794343256992 -0.0972918740658518 0.220283516255282 -0.126436273077967
0.157063832764766 -0.0356595730469052 0.144772221405571 0.0132118998905099
0.162470039755786 0.0550514519073572 -0.0388725240118206 0.0538237717147705
0.101257418036871 0.0869521599425286 -0.249538689892523 -0.0765390939342992
0.0167879201280239 -0.0555631816788454 0.272193039980705 0.0630384570468708
-0.0575388279294512 -0.0416675301333685 0.0720341667688206 -0.0844597769129692
-0.0586382994534309 0.0119361654539635 -0.141690778489799 -0.0315594301557855
-0.0194642677792373 0.0312996455761147 -0.235164288273778 0.10657488464444
-0.00650526135931682 0.0163865996034864 -0.150737139576784 0.262678562237507
-0.0163769950780517 0.0100209087917717 -6.16852553317446E-05 0.288848705330433
-0.0209221574332338 0.0105612190041181 0.111697701558348 0.223322679647047
-0.035806484308703 0.00954945454773057 0.182613706315155 0.147493993991546
-0.0361678061826063 0.00990316722918013 0.214281691991144 0.0694481452834511
-0.0408677294931403 0.00160943816601863 0.241196089414082 0.0438598038332701
-0.0330522211454009 -0.0240812365210554 0.230135062127651 0.0617690962521998
-0.0165288793137469 -0.0223908985691536 0.200896566727936 0.0623112958881804
-0.0172489656551053 -0.0358319558850881 0.227447908378223 0.0713154262497634
-0.0034805275243056 -0.0723025837423068 0.297525094356005 0.0633144034073319
0.0468796208378558 -0.0558602329598721 0.373208437545913 -0.0194785748285679
0.124138528172386 -0.0245955901898811 0.248317575524229 0.0749023688619017
0.0595032306906855 -0.0451568198354836 0.0533495973793666 -0.0755672336510418
0.0285385067586989 -0.0212491108412219 -0.143752519647287 -0.0296591930015044
0.0282980436177219 -0.035279520599842 -0.239341645346836 0.0954171050677849
0.00493613673274663 -0.0674083600923826 -0.161596895056922 0.24031754924892
-0.0414106640070917 -0.0694146287199725 -0.0241196192327471 0.272341765741354
-0.0700184705764341 -0.0505210511390206 0.0856335348604213 0.220345932702153
-0.0993915655325161 -0.0478596513469401 0.156513579145367 0.142249795019595
-0.10176634255646 -0.045714553448232 0.187641238441474 0.053912463077641
-0.110163178641382 -0.0736932273495574 0.220896469778736 0.00823586655023239
-0.0765031164677197 -0.13426935797228 0.230262558434165 0.0139742960099131
-0.00871114906216827 -0.146151162149536 0.218558159333926 0.0280526673640507
0.0657630404116576 -0.141214074118907 0.228314097687774 0.0616484487156096
0.134267809267663 -0.127859023604542 0.255722552956951 0.0624434091507284
0.184313583656535 -0.073378068954434 0.308011996034508 -0.0132731264060306
0.216896708000238 0.0148346627033389 0.183145117134555 0.0659688382013607
0.179748497324791 -0.0393884260350801 0.0102159559426116 -0.0884870145504102
0.129120141062575 -0.0563642257445804 -0.16149342646015 -0.0437368744164705
0.0817120096480217 -0.110289817360474 -0.245620163746687 0.0787486356260693
0.0160978098050745 -0.152164317794448 -0.165182892268114 0.205074376498206
-0.0629714599043256 -0.145402742548709 -0.0499023299884751 0.232916699253734
-0.110886813751242 -0.107325881714065 0.0458873950956769 0.193998198837055
-0.148180235409587 -0.0990197592504439 0.10849898347078 0.116975640558537
-0.150523429981563 -0.0927118803398232 0.133992205308704 0.0234910808941796
-0.165104598781048 -0.131902490596531 0.172229096042569 -0.0393699398901765
-0.117752689532206 -0.217121202866438 0.205579295315562 -0.0516066423548174
-0.0188104195078858 -0.245241051477661 0.228847251460868 -0.0229783824225218
0.121813592883768 -0.235938173921201 0.230172267094631 0.0474562970084271
0.242019254697393 -0.176809649142723 0.207227591541765 0.076413274978396
0.289951814483997 -0.0838426842232585 0.206843373399909 0.00338259690462422
0.280457077237743 0.0472789354082924 0.0805021500135773 0.0419538408208072
0.280173667599511 -0.0376320737705484 -0.057647989437986 -0.108582553138648
0.22050554113574 -0.0993477388836328 -0.187151602465018 -0.0624875521237577
0.121784723966611 -0.187357333327987 -0.244791649992685 0.0556558936664029
0.0163954951371594 -0.225442494734828 -0.163732108627096 0.149281177315757
-0.0833833190075333 -0.202713736248363 -0.0790046948542743 0.171566486573792
-0.137955921781901 -0.148134643204509 -0.00495040052149982 0.146998922741188
-0.173252333081653 -0.134826550705736 0.0468047766839906 0.0748217579707479
-0.173204752814023 -0.128367009991085 0.0658371870664675 -0.0166851089571262
-0.188577976050211 -0.173707442752171 0.107556069515104 -0.0878235999213156
-0.135470852198763 -0.267102186974328 0.16444118211944 -0.11591412276171
-0.0206883577224236 -0.303079482935177 0.225697663516828 -0.0735137725302721
0.159732725036157 -0.290716788365769 0.223700343806729 0.0350374457082189
0.311849852739909 -0.194131093531005 0.1520602795441 0.097890698294169
0.348471900438945 -0.0736275538836781 0.0863827249411556 0.0212751141853328
0.300160409288174 0.0634350072599395 -0.047676571121728 0.0158730526983142
0.331380876009481 -0.0398697192937345 -0.143560762835389 -0.113729019604738
0.269637765056291 -0.137229164819647 -0.211682303835978 -0.0736653285614186
0.132705633224671 -0.241397488422347 -0.230371165547049 0.0227817523849877
0.00532359362611441 -0.264879328811673 -0.163729151880905 0.0760544090657742
-0.0976015579785495 -0.22691248825597 -0.115885132135522 0.0961280599118351
-0.148804931053986 -0.162203553438796 -0.0620548515042069 0.0870865406462885
-0.173118586038616 -0.151027438851337 -0.0195932846935295 0.0212813306542646
-0.165772805503652 -0.146768922555615 -0.00332442187689151 -0.0645077550152699
-0.17549123533446 -0.195475373445904 0.0431385139465262 -0.135697075249992
-0.114103459393235 -0.28159989547194 0.120008526556055 -0.170482925539512
0.00398697467000374 -0.309539674744548 0.215323005241223 -0.112750046019888
0.19128973401945 -0.283526557194125 0.205689528836853 0.0285827629564878
0.340367093903998 -0.164651425169194 0.0910656014213333 0.11747805107651
0.35511827144217 -0.0393045691580541 -0.0362590703425218 0.0289532826398101
0.267515593317799 0.0656238890596822 -0.178749956469324 0.00311161168380755
0.31576803036286 -0.0375301044560238 -0.226259278355482 -0.0949420661843432
0.259675306666608 -0.145997072202615 -0.226188565599579 -0.0715670707837269
0.114789912257147 -0.242743111257009 -0.204824032681956 -0.0113938605135224
-0.00934636252887006 -0.249569675049238 -0.166825282911365 -0.000769194794829881
-0.0956050428387447 -0.208475131487666 -0.159036122337028 0.0230093209455207
-0.136201622936529 -0.149574595738226 -0.119773846247105 0.0263823017973537
-0.148430002786316 -0.143075705276302 -0.0802833160739139 -0.0355588466206277
-0.133434047411136 -0.146678450760745 -0.0619401514214767 -0.116341711200087
-0.131404265936517 -0.193015157650078 -0.00278959744673203 -0.182299792998184
-0.0626538334821693 -0.256969976828636 0.0933107091799533 -0.214591232152174
0.0477419754072142 -0.265989038331596 0.205921812434925 -0.134616836819887
0.210782798892418 -0.220202606159022 0.18022381575071 0.0247438618819636
0.325101984754024 -0.0953567812991858 0.0315928588651751 0.118202979968102
0.310213998166913 0.009960639253044 -0.141192260640319 0.0169559632346246
0.186780010528472 0.0614509894004234 -0.28815836174515 0.00506937489990019
0.239926595808582 -0.0214676965937327 -0.282412461616374 -0.0585432589581426
0.198008412374657 -0.117487596687043 -0.229719512869788 -0.061210239021673
0.0768187711333181 -0.186579300612618 -0.180979387125978 -0.039945841098898
-0.0138255036030665 -0.180769630808876 -0.178516639535423 -0.0595626864214317
-0.0696031889413973 -0.153013571480034 -0.199377524106881 -0.0288337727692138
-0.0976046035589428 -0.11399208834808 -0.170434263970147 -0.0224149893606225
-0.102229801447413 -0.11432452347322 -0.127507895383497 -0.0858968879631168
-0.0855672211539586 -0.122977911978858 -0.101124753925607 -0.165258246871789
-0.0734170472889493 -0.159994477521975 -0.0224878684794854 -0.223378598040613
-0.00716751800799385 -0.194578147126956 0.0894342273977665 -0.242852104422269
0.0796735045101044 -0.186992007148824 0.204667203495038 -0.141946528246903
0.19915062497933 -0.12809787233013 0.156353456836479 0.0178731573833335
0.262501531886371 -0.0150014104834881 -0.0140987124415635 0.0949040802152359
0.221694577343186 0.0555227114307424 -0.215027057495031 -0.0153700514882408
0.0736639784229111 0.0604911811697532 -0.351673613462887 0.0179622883024078
0.126771086226969 0.0138275326696275 -0.301229986624797 -0.0220175411607454
0.109906575322561 -0.0557380038844949 -0.22751372466739 -0.0523812773827831
0.03849281591483 -0.0879590753743253 -0.170424036768768 -0.0555640330470607
-0.00101732613041212 -0.078536547145306 -0.194790777890288 -0.0834118025329572
-0.0197748273786201 -0.0759368403651242 -0.223484309313611 -0.0497909870562527
-0.038430757455519 -0.0649322274688493 -0.201741211759132 -0.0532801074764438
-0.0416202332604147 -0.0688151436404525 -0.154985045725409 -0.122256083866038
-0.0314788883137758 -0.0773739072899624 -0.115690740253149 -0.202540909682416
-0.0202691952466863 -0.0971918755985945 -0.0187033285185836 -0.254142184025722
0.0252111769191638 -0.109340771969133 0.102344316668898 -0.256210102731972
0.0772193667675242 -0.100513229592856 0.206976996644462 -0.140059294975141
0.15099049377898 -0.0462481047993628 0.142906113976912 0.00535133201711804
0.163587522956064 0.0428089359913272 -0.0344637459373297 0.0578754024602871
0.105298010157656 0.0787359265528537 -0.248469034568224 -0.056495341390756
0.0132048172140576 -0.054899951062054 0.26580293834648 0.0444880724887321
-0.0578765227943182 -0.0365484435611759 0.0620515711399027 -0.0874459781206809
-0.0552496768610946 0.0142694495076974 -0.138635395569687 -0.0244242127303308
-0.0169737219192405 0.0306135145467055 -0.221761278898077 0.114129899099543
-0.00522024489253917 0.0160870936719036 -0.130499733774659 0.261164618153275
-0.0153510178111765 0.0112666448450001 0.0164355083565094 0.278599506976496
-0.0211634962721005 0.0119412882696072 0.118046472834693 0.20827413542403
-0.0345649684080113 0.0115148720874648 0.184834999650492 0.131581671678069
-0.0348285845237774 0.0111638964708937 0.210611640256952 0.0544720191091916
-0.0393098500784495 0.00287302993806597 0.235931517956977 0.0275997885340774
-0.0338097639351418 -0.0230261174490937 0.2270683154381 0.0467697208345685
-0.0165793770421374 -0.0212561716058602 0.197439746620003 0.0533047420791639
-0.0189418343857115 -0.0343760245669117 0.225509078765368 0.0598568850589843
-0.00796922902958931 -0.068530044943418 0.290710138152632 0.0458772945184173
0.0431665965620825 -0.0548207768381346 0.357412350758393 -0.038762978132161
0.119934628833656 -0.0300624130483848 0.243513978374718 0.0574763700009148
0.0543646005525356 -0.0469971573774948 0.045057604149701 -0.0769454588387266
0.0272840438738308 -0.0225218039121651 -0.140480735912575 -0.0246960384243861
0.0255672257477235 -0.0356606061021188 -0.226413242008367 0.103732977801366
0.00053559504471553 -0.0653487764806856 -0.14213559350019 0.240635363108824
-0.0446188173024392 -0.0641516378756325 -0.00813880097273011 0.264195372877619
-0.0717549209288587 -0.0447244755609364 0.0939494346368879 0.206678543445744
-0.0993666670597028 -0.0404787441205269 0.159622436275074 0.128399238238402
-0.101114906741094 -0.0387488788495347 0.183359516047004 0.0413240940377763
-0.111017064397236 -0.0653418294391723 0.21359399110159 -0.00562817247645793
-0.0828605704521395 -0.12581868987209 0.224247016763727 -4.53359288254501E-05
-0.0162480801189714 -0.141084662408151 0.211615115180616 0.0176022831863219
0.0554804032521802 -0.141130321336474 0.225772766641598 0.050299680062056
0.122423207796629 -0.130950187868074 0.250959723746361 0.0470832787079156
0.17490134611787 -0.0789960676144688 0.29543838279072 -0.0291528347663426
0.212653309911198 0.0038175953533902 0.17939950980363 0.0538760871969404
0.171034992258734 -0.0485819279853361 0.00213612254042585 -0.0874989245059542
0.123183426444872 -0.0617653397244798 -0.158300993577276 -0.0381992208871939
0.0724819950052584 -0.110519998273627 -0.233090992425551 0.089210856379959
0.00587871936365842 -0.148117496591342 -0.14836094971613 0.2064643358717
-0.0701356732446719 -0.136505771123662 -0.036204951891738 0.227988915885847
-0.11438469604835 -0.0980788645730097 0.0547731866661315 0.183654776170223
-0.149632157360407 -0.0861727929872321 0.111362815270842 0.107288926684503
-0.151021034026594 -0.0818344639201979 0.129690038503088 0.0157012108918467
-0.167447150050173 -0.118288748020728 0.163598934772978 -0.0479705334164735
-0.128135159609156 -0.203831430952045 0.196777769625502 -0.0615272843807052
-0.0313793710344084 -0.235919987793064 0.21898855419823 -0.0329443374064318
0.103733399184754 -0.23560364012813 0.226115211083912 0.0364564343657907
0.223305111034546 -0.184649246767641 0.204149206443878 0.0634864963731973
0.276433336566018 -0.0942975299275204 0.198964640269479 -0.00807324132737621
0.276095209537749 0.0309446578534215 0.0788648142363411 0.0365973080272301
0.267745869371134 -0.0531773514865777 -0.0636839158105885 -0.102761929893534
0.208338550383417 -0.108722276898479 -0.184127646355451 -0.055793248950642
0.106681235543072 -0.187932209857335 -0.234137081698073 0.0650701398122243
0.00198737508258415 -0.219043380464741 -0.150443364934939 0.151744422626102
-0.093480390175994 -0.191118989742264 -0.0684766197687047 0.171125960501524
-0.143197712999981 -0.135299627928716 0.00416954971633623 0.14121598099271
-0.175711362790433 -0.119476483494535 0.0489234400956944 0.0699022541563973
-0.173891141917115 -0.114478147226474 0.061257103735021 -0.0196081758561112
-0.192186087287126 -0.156913850211278 0.0977771608879139 -0.0913646476957388
-0.14880106236234 -0.250746818652524 0.152219599470471 -0.121708189132178
-0.0371668871906822 -0.290776567092677 0.212984369702331 -0.0826796324240194
0.137148913666283 -0.29021615820525 0.219312541858761 0.024505587943197
0.289760753143301 -0.205797341581007 0.150878466395887 0.0887029111115837
0.332394868557912 -0.0867234959911875 0.0845446687839216 0.0156665283456196
0.295874635270099 0.0466172771196731 -0.0461146730789644 0.0186199223122904
0.317121241678414 -0.0584911184735585 -0.145333268179335 -0.102439497700231
0.253946516816548 -0.147279178218385 -0.208184457664358 -0.0652481944279339
0.114948479987707 -0.240405349697418 -0.220857523224276 0.0326013253365116
-0.011853641046961 -0.255755059211624 -0.154552603348192 0.0800359901176481
-0.108668943999351 -0.213495047461471 -0.108936734053474 0.0998795428006661
-0.153947883786635 -0.149382869521704 -0.0539365654273283 0.08677198888112
-0.17686789592187 -0.134555508609947 -0.0186377088699747 0.0219803919768737
-0.168183589802775 -0.132849455896578 -0.0101379002950799 -0.0615168399537791
-0.181540855424377 -0.178747216886286 0.0324305433619466 -0.133991184466764
-0.128189580159719 -0.265557377797487 0.106862494216227 -0.172825151106296
-0.0136723714078836 -0.298773429561348 0.200198828247474 -0.119609429298189
0.168330032154647 -0.285334354622391 0.200446701962327 0.0203039504176903
0.319285154392557 -0.179360502966026 0.0932576083955044 0.110774753016721
0.340288484452305 -0.0541424093667496 -0.0325276721537238 0.0294470009320696
0.264630371042831 0.0502133252361794 -0.173743208023469 0.0119087561170435
0.302973873909987 -0.0552943860240842 -0.223916073205386 -0.0796952427869094
0.243216317777636 -0.155508441456108 -0.222164134282455 -0.0615981252363824
0.0968523461773403 -0.240556090791988 -0.198077949337918 -0.00307172417031391
-0.0247866130148622 -0.239745380922618 -0.162912189238409 0.00520536692344532
-0.105781268180545 -0.196135486077742 -0.153860995865839 0.0320441683747594
-0.140599946658715 -0.137974797407668 -0.113817888801826 0.0313888413203718
-0.151461983631046 -0.129472422591433 -0.0806793583392571 -0.0299958835984775
-0.137013485105995 -0.133849762389204 -0.0689056303145317 -0.108556302779045
-0.137983222293709 -0.178213406204323 -0.0138022482090154 -0.176032560772655
-0.0758100003681548 -0.243864413536308 0.0785359559724095 -0.21316161665641
0.0314326155169617 -0.258127969151583 0.190186560019024 -0.140793965218052
0.189905628531502 -0.223754278627404 0.175619767143672 0.0180466834972501
0.308222851436473 -0.111065531630309 0.0360295537077868 0.114455529498105
0.299249879244423 -0.00414448249494877 -0.134143475202608 0.0228801930945868
0.185711122718348 0.0505686137675186 -0.278399498362238 0.0203997213765581
0.230153310333302 -0.0343784433605451 -0.274970800589831 -0.0416889874955518
0.185158501485748 -0.124579982185505 -0.224906895639825 -0.0512679571179794
0.0634446488723629 -0.183411426365897 -0.175990005586907 -0.0320911671061551
-0.0249083327027672 -0.172723523536172 -0.17764285128562 -0.0512211145486383
-0.0771611124002315 -0.143671571763944 -0.195349286384335 -0.0163585197176517
-0.101613721384552 -0.105231400511911 -0.164779657996865 -0.0133645361642665
-0.105807169684385 -0.103422815008345 -0.130051482823336 -0.0754610793270755
-0.089830481059035 -0.113988446339834 -0.108590278760301 -0.153677748977219
-0.0796041890382866 -0.148547181443931 -0.034566790779365 -0.214583419518534
-0.0183103231281072 -0.186799359068735 0.0731955756777817 -0.240587310562513
0.0672474271366588 -0.184178957092718 0.188685753574775 -0.147915418993691
0.185228657574622 -0.134221560257405 0.151771123609826 0.0115562602155999
0.25272743169179 -0.0293983619060237 -0.00863177384598476 0.0948691278349684
0.216880572479852 0.0436132028875236 -0.205922225864002 -0.00428428123048042
0.0747960210027522 0.0553502078914737 -0.338593997348592 0.0359544863097719
0.123170614583842 0.00623588567604385 -0.290256758048968 -0.00612372132420003
0.102103975890763 -0.0602072425899931 -0.222184654994914 -0.0410188475604652
0.0314744553281769 -0.0863480782191591 -0.167146254599233 -0.0482574239614153
-0.00615288161370494 -0.075216310501626 -0.195110918993518 -0.0725823670800295
-0.0242723909774573 -0.0721113194644483 -0.219731288024695 -0.035735866802102
-0.0404717813638467 -0.060412626537286 -0.196318152347032 -0.0401327990115461
-0.0444434913909444 -0.0628864213065108 -0.158267893943049 -0.108858227944195
-0.0344821903435159 -0.0727408056135676 -0.124201589556192 -0.189624364729696
-0.0252121309204989 -0.0923242654896928 -0.0321499707183168 -0.243332114018961
0.0185942225639641 -0.106498392784876 0.08594725501535 -0.252954259633006
0.0696503629948316 -0.100254133720932 0.191775468640346 -0.146258178193015
0.142997540707117 -0.052568358710913 0.138022075588015 -0.00035744205108964
0.16019008212721 0.0331614774668333 -0.0300286430434349 0.0592671049057684
0.105126467356971 0.0713656987738084 -0.239855449147873 -0.0410320507128012
0.0362251978892782 -0.0440261559257165 0.213825261201256 0.140785079821995
-0.0358826954336771 -0.0549983679246611 0.0850788570586892 -0.053049144990797
-0.0546012692385151 -0.0102128330192854 -0.113720389337406 -0.0745668952227869
-0.025800353960217 0.0201286947918709 -0.241595000234998 0.017740817505021
-0.0087331468768119 0.00970349949836408 -0.21719540356883 0.182595526632114
-0.0181020631467723 0.00314106062713412 -0.0925132228970802 0.253842611961844
-0.0239261714057056 0.00187949689619032 0.0237461411048386 0.230406927363353
-0.0362998141871669 -0.00268151307658488 0.114657083754758 0.186859731731731
-0.034726782461127 -0.00426308817688024 0.165410944448201 0.128087737311551
-0.0351361285688927 -0.0144121787868585 0.200572019240486 0.1138726665909
-0.0206464823594215 -0.0350275324922887 0.183683299919118 0.128883019704089
-0.00482338301661493 -0.02757527139681 0.15355948787636 0.125862478002596
-0.00209481188907957 -0.0411131955482891 0.176750331277709 0.141456392523745
0.0200937483473186 -0.0660499905141193 0.245168295485882 0.149041535849399
0.0635445605587941 -0.0354672957730729 0.33425492018301 0.106830176406201
0.122756681340542 0.0247915130358071 0.188723182853157 0.13227410379695
0.0670049976868963 -0.0191681338359008 0.0658223242219523 -0.0564481655648517
0.0338257552262526 -0.00933637452365664 -0.116416443068684 -0.0821810926564383
0.0377049180796268 -0.0201791102790758 -0.246009476219754 0.00284959290007246
0.028128465495642 -0.0590659617000181 -0.2240101865805 0.157600422075348
-0.0145031214778122 -0.0741119862652388 -0.11348702448989 0.231207121038511
-0.0472884306910877 -0.0672466872763689 0.00158850905684143 0.219824648456548
-0.074214225921972 -0.0728826675905839 0.0930329896116644 0.174764669523335
-0.0754803302027438 -0.0736915367005796 0.146532117249884 0.105182301786196
-0.0750247278873686 -0.100737820167414 0.193382551332115 0.0736699172406673
-0.0282083474160909 -0.145973642181367 0.198899643487737 0.084572243292708
0.0386841489487203 -0.135508657328753 0.181985991767796 0.099542211489393
0.103874564265925 -0.112047276301795 0.18273944944326 0.134309379071494
0.158193499342753 -0.0771395955262913 0.212635396763963 0.14046082652954
0.190593273631408 -0.0113745534490487 0.274044380329365 0.097186252055479
0.193032237490251 0.0951674254272375 0.13429755652509 0.0933779032053527
0.169533985159354 0.0267720368484799 0.033151536022348 -0.0883456711683578
0.134935484417242 -0.00605195111016132 -0.129582829667574 -0.107866066681098
0.108763795594443 -0.0663558816211044 -0.250069305669673 -0.0175279620912981
0.0648311413027805 -0.129169941743896 -0.220244746770144 0.121824414178318
-0.00935267223026008 -0.147405617249786 -0.127187732577051 0.187201310339337
-0.0640130017023473 -0.130442393299866 -0.0252483205481123 0.183728284885673
-0.10195168736344 -0.133268371799772 0.0582824700601687 0.138272424319482
-0.104231880292915 -0.130581175860262 0.108979109526858 0.0605648271925114
-0.106260312901564 -0.167949913120392 0.164855934264253 0.015788880845846
-0.0422827509711087 -0.232280082743719 0.197488405330649 0.0184277044963573
0.0594548966662555 -0.226269712474641 0.208596766058236 0.0550130734552752
0.18106223755651 -0.182575576987418 0.190846562955214 0.12254840850091
0.26800302616359 -0.0910505623048524 0.1682491500442 0.142151996205446
0.286848411974657 0.0107639464692679 0.179216654064747 0.0834790135094509
0.238993314218226 0.147976519544853 0.0527281837419405 0.031389039780672
0.255910824492252 0.0622355180295675 -0.0191864721497771 -0.132337959830094
0.229798467436718 -0.0128961728847486 -0.147497963832744 -0.141508322050111
0.170297155025051 -0.119605747565216 -0.245114826789624 -0.0428608931254656
0.0893294725074637 -0.192228416677982 -0.205209586860789 0.0715636467609706
-0.00917434205211621 -0.204457068485611 -0.136853678062098 0.122557323784323
-0.0740586092925517 -0.175149767613353 -0.0544950513952482 0.126293667513914
-0.112760872962645 -0.172972309698473 0.0159076950355236 0.0819591784698931
-0.112647591404843 -0.168390309119601 0.0607954980261998 0.0033655490435103
-0.115849982920032 -0.211684951258257 0.122933793936535 -0.0487289255251079
-0.0440242737811355 -0.281739100134931 0.180452874409765 -0.0527990417213674
0.0737393579445302 -0.276742296564086 0.223440160846436 0.00710907333563405
0.230848721295102 -0.221014171036538 0.190418919647305 0.109475418395666
0.33523785742326 -0.0875704844822607 0.11308449301194 0.14758904098364
0.33431773614173 0.0374935638520096 0.0676287084388723 0.0634755756948983
0.250531278847632 0.170767174869524 -0.0509843710929784 -0.03531817130143
0.301526620228953 0.0786547460534808 -0.092298195448671 -0.167300932695653
0.284722657870062 -0.0294396235713564 -0.167486951654219 -0.163064448287818
0.19800369193859 -0.162279755653495 -0.223533708533698 -0.06926204238758
0.0916846837609248 -0.229168988043117 -0.18239000996056 0.0058094444652128
-0.0135289416616604 -0.230236705527874 -0.146530537979862 0.0440856216267413
-0.0791368582529727 -0.191369645352841 -0.0849588320591163 0.0547776492212429
-0.107866288421462 -0.186811289179727 -0.0254377237155756 0.0129597009795132
-0.101270050808575 -0.183652982013751 0.0146903763683803 -0.061176845810989
-0.0983492364909561 -0.22585189515727 0.0812146373056478 -0.110792659778439
-0.0219079979932106 -0.286954194848915 0.160876102040718 -0.115069331391113
0.0973289570585038 -0.274860296502252 0.227420067975371 -0.0311800667342799
0.256673950092295 -0.204495760142799 0.175901087551931 0.0990984014541365
0.350938911280427 -0.0518399138961995 0.0527102616766795 0.148709890217281
0.328275484871804 0.0701715326626886 -0.0434591045135856 0.0305866572825483
0.220176414302052 0.160113221826877 -0.162001107795578 -0.0871852662029355
0.287530717720603 0.0750886238825024 -0.170486038691449 -0.17560013905603
0.278349643927523 -0.0406035159959249 -0.182427966560653 -0.164228069752477
0.181633197911364 -0.169682556900203 -0.188709739986702 -0.0914553729426067
0.0742142134597774 -0.219616112661112 -0.161016222361722 -0.0643108067046811
-0.017601914998568 -0.212930281813098 -0.159981556547383 -0.0332146408862597
-0.07108873410667 -0.175872015945108 -0.116188634479128 -0.0176968518052118
-0.0877260974920426 -0.172816957816817 -0.0618161666320592 -0.0571896546535134
-0.0732435963194019 -0.172277880758082 -0.0208185112879625 -0.125185918239793
-0.06017601975152 -0.20916494098401 0.0563580127630633 -0.165228525426638
0.0176229530452721 -0.248513837361643 0.151616546270266 -0.160964802075273
0.122325203237212 -0.222148190120326 0.226451890123875 -0.0531034997289738
0.254569892700199 -0.139752847431125 0.152525865743538 0.0877744743695208
0.316834436828812 0.00705623942463669 -0.00280425108007241 0.131514623774027
0.271260808270374 0.101466776551276 -0.132248522345158 -0.0174612779834209
0.147634941803812 0.1268345857055 -0.255060048552578 -0.112644804082977
0.215305881559946 0.0644960953318438 -0.229290238471545 -0.157742074091683
0.213881178218007 -0.0367117965728016 -0.187362560636714 -0.15090334892327
0.128723711503338 -0.132941734433917 -0.155177489896558 -0.107266414689947
0.0469499529506458 -0.160303938901147 -0.148533600645666 -0.119191586408115
-0.0129622415262719 -0.156109340145668 -0.174884821727481 -0.0913937635934239
-0.0487150945562707 -0.1323202535631 -0.143976776502381 -0.0762669475454461
-0.0551047781058492 -0.131894754728656 -0.0879320081058078 -0.117194179161585
-0.0379261648940256 -0.135427172472954 -0.0386586308437473 -0.179259456547244
-0.0189429916707385 -0.161202956416219 0.0533959585493296 -0.206342493701932
0.0482888543841652 -0.175919289190778 0.157727536178982 -0.185602912064673
0.126885783473504 -0.142803679104231 0.227095318306896 -0.0590305822608933
0.216886807599454 -0.0583469855308938 0.132816881421328 0.0735067108284158
0.23747154234182 0.0624326892622307 -0.0395189445035979 0.0948175161135771
0.178374105590845 0.11681332088031 -0.186839798697549 -0.073421706562323
0.044919734311949 0.0837607667268635 -0.312775582970183 -0.110392171858891
0.104240532555521 0.0557335743023735 -0.25398856292843 -0.12545006326846
0.113545387625131 -0.0127507700737962 -0.185318797385203 -0.134108915427202
0.0617017958753272 -0.0610824769616563 -0.135590536043187 -0.115587684696314
0.0252871030847753 -0.0665182799926624 -0.15048346591527 -0.144087391914348
0.00710054349861661 -0.0727084248138998 -0.185600612961867 -0.11778096137389
-0.0122130473281739 -0.0698021209904796 -0.160617448580305 -0.112867465973611
-0.0156143148535125 -0.0722002763315096 -0.100135819651005 -0.157206871044939
-0.00461863958520426 -0.0777503106624714 -0.0394044225117957 -0.215978602244129
0.00888239579686445 -0.091012980932286 0.0661267900721553 -0.23006236222799
0.0529748019809093 -0.0902837618940943 0.173437624451222 -0.191137899710445
0.09847844255033 -0.0666420138860984 0.22924097429294 -0.0546685759574455
0.149722999778468 0.00119784344239384 0.123304126846649 0.0572398843364082
0.132260665933625 0.0873641756538966 -0.0484877278732514 0.0522743801807154
0.0675439728191115 0.102192124888373 -0.201807513196188 -0.124810685250774
0.0347275362568896 -0.0440893251947202 0.21288108671878 0.130587815806795
-0.0368249566998441 -0.0525435924860678 0.0796279400563419 -0.0557983658619489
-0.053553203103798 -0.00848666020462528 -0.113268173471746 -0.0720599130117533
-0.0248586555506124 0.0204689728459537 -0.237575634254995 0.022320577953384
-0.00808171310187338 0.00934240845350954 -0.207580376262366 0.184869002114209
-0.0175352567565956 0.00377843287293743 -0.0825498010599112 0.251537902385121
-0.0243301205704014 0.00239857400381087 0.029125538794678 0.225474645873301
-0.036080161793063 -0.00106359965605899 0.11882004397171 0.180019419093041
-0.0348294217090725 -0.00382171950647648 0.166801688627303 0.120599171934393
-0.0349188269356205 -0.0136873693683041 0.201739877534495 0.104309959714732
-0.0219384494461479 -0.0345566406114975 0.184979127989747 0.120828422940338
-0.00516616918147022 -0.0274334293312333 0.153875767921342 0.122055109428837
-0.00284898449851272 -0.0410573436624811 0.178928871465466 0.13686023819929
0.0169786845753053 -0.0643393106848779 0.24429223633624 0.140253579900896
0.0627325920329339 -0.0352245658467784 0.329670093802083 0.0951455377861715
0.122257749563308 0.0208465151549784 0.187560205552694 0.123371685947514
0.0653380532299932 -0.0210517428201874 0.0609664439617788 -0.0587516322581534
0.0338359064857079 -0.0105733397874381 -0.116663240448846 -0.0800903849337207
0.0368963911976606 -0.0204741778289408 -0.241700191909087 0.00800754519552997
0.0255375067704082 -0.0593736987571638 -0.215492206854344 0.159747738382989
-0.0175701214917561 -0.0720356510980943 -0.103835920325359 0.230802477573762
-0.0495378708130576 -0.0650484061131892 0.00699807046168401 0.215589302200453
-0.0763628977559768 -0.0689959385193738 0.0971404688038189 0.168534556386724
-0.0771516533742351 -0.0707572119489204 0.146926167152286 0.0984337231421425
-0.0766777968537391 -0.0984257069835606 0.192194094736102 0.0654712827735026
-0.0338373755948837 -0.143224703482791 0.198404213088301 0.0770001364588681
0.0344046286188375 -0.134887297515335 0.180247905874036 0.0950667365764411
0.0984381089574125 -0.114168542510105 0.184717543403915 0.130012242218418
0.153238956936507 -0.0804688185127466 0.211928708527778 0.132684283648942
0.188344067976982 -0.014878197246328 0.269700286376287 0.0881118060069907
0.194132075780656 0.0881271138471997 0.13325446318511 0.087200793047892
0.167511449753076 0.0204084975435166 0.0280740625625184 -0.088504981123645
0.133848664045637 -0.0109186751459794 -0.129593819015939 -0.106917834024152
0.105020988263949 -0.0685055650461917 -0.246273750716168 -0.0117278482346304
0.0591240619462461 -0.129435085578868 -0.212522303498418 0.1248169560983
-0.0153491325594993 -0.144570421291025 -0.12003507850141 0.187516448307075
-0.0684211501570612 -0.126572417331691 -0.0197218045781764 0.180625750502671
-0.105174274221823 -0.126958969311551 0.0615804217229474 0.134247500066864
-0.10714443651875 -0.126286199281094 0.107540458382894 0.0567956545779739
-0.110839150282201 -0.162881608213126 0.161524032196233 0.00948685403153001
-0.0514771996171185 -0.2272950494463 0.195286845595126 0.0115652146956724
0.051084824383534 -0.225104015339726 0.205700072689542 0.0496327385242831
0.172374189175179 -0.185731446858643 0.192181047441376 0.118270712884562
0.260230264579524 -0.098656940537904 0.167816285363585 0.136348945357723
0.282350376833021 0.0047471404919626 0.177671319848479 0.0770572434016894
0.241708031185573 0.138771438208208 0.0511924896483646 0.0292089866187546
0.253710625597893 0.0517765122273753 -0.0239119911094347 -0.13057397951314
0.226542622467832 -0.0208885718337317 -0.148198176403614 -0.139123997672528
0.163899471016049 -0.122478123152707 -0.241070992104068 -0.0367317177324015
0.0806316795056328 -0.192368446635859 -0.199576785390247 0.0740839778315793
-0.0173915370723735 -0.200680660282703 -0.132304246461893 0.125082869479088
-0.0801187892261059 -0.170355324284023 -0.0504439007347404 0.124423454802987
-0.117833811534647 -0.166176255607844 0.0183605386454437 0.0802881880369228
-0.116821898476373 -0.163185895018166 0.0585768122259214 0.00198151721476127
-0.120957941564153 -0.204673184137452 0.117989376782731 -0.0516199870016767
-0.0547372929785967 -0.276250404144305 0.176481111097495 -0.0583827325135407
0.0637429165027409 -0.275323665771594 0.218058194689655 0.00213540766655184
0.219906594854588 -0.225368705061218 0.190420201743974 0.105713656981101
0.326390326112345 -0.0974732634121689 0.114472643290158 0.144264567874339
0.330153653065568 0.0297982677242637 0.0678632748162445 0.0603469876643815
0.253888777208149 0.160477308797413 -0.0525020103060913 -0.0336141089567053
0.298139462462433 0.0662881660800168 -0.0962080673233974 -0.162318924585078
0.28071957773352 -0.0385790288486326 -0.169241964085581 -0.160134381394306
0.189558794796835 -0.165421306579925 -0.220330157951843 -0.0635114324670397
0.0816634195429583 -0.228754382442429 -0.179357721598009 0.0075515618700956
-0.0227143351085411 -0.226035166634927 -0.144401589110657 0.0485625858792799
-0.0849011724113913 -0.186383660829677 -0.0820927217168082 0.0555156846831515
-0.11298832676603 -0.179532173481394 -0.0255842117984643 0.0135144291305411
-0.105048918660066 -0.178276282640371 0.00948157167326958 -0.0596168473813719
-0.104605863820849 -0.219161239261916 0.0751141016632937 -0.111515502546318
-0.032321718588826 -0.281986691389031 0.154360374656584 -0.119045607602003
0.0870496969965089 -0.274016268366475 0.2204667136515 -0.0368940344455568
0.244967825124192 -0.210078535820518 0.175775196389524 0.0956961285618857
0.343800729453815 -0.0633322686199638 0.0547279883214978 0.14677523807252
0.323916375445353 0.0628124438842505 -0.0412354136960969 0.0306107042506263
0.223217684839645 0.151608461909462 -0.161939608150196 -0.0815232675333013
0.284159986874847 0.0638459503553505 -0.172657625379013 -0.168003751586033
0.273520605119125 -0.0490982760125462 -0.1834984400946 -0.16051747647737
0.172912820479887 -0.171753582603878 -0.187194353763984 -0.0872377137753335
0.0645360274551178 -0.2178654702276 -0.161012591501605 -0.0620312661020796
-0.0256899525519647 -0.209343803216919 -0.159950559443277 -0.0272244910124228
-0.076751583218859 -0.171683592128641 -0.114696896753017 -0.0144571728848887
-0.092577233418375 -0.166069379518196 -0.0633891043674923 -0.0541798423563401
-0.0772548235596933 -0.167998506537463 -0.0267653943720877 -0.121108190032348
-0.0668269264142339 -0.203664144014279 0.049468192045229 -0.164168482626332
0.00810111349561007 -0.244908911353848 0.143722104670377 -0.164273798616921
0.113739907697602 -0.222148279196272 0.219622610041689 -0.058894360564072
0.244798397273765 -0.145407661358932 0.15269937939244 0.0850930959236035
0.311007929020416 -0.00318397829446079 0.000229406330378329 0.131344931323228
0.269471050716898 0.0945848790199763 -0.130077331762955 -0.0138383295044285
0.150361319904219 0.121244563661046 -0.254946433131302 -0.104054053343418
0.212673846474116 0.0558293875948179 -0.228617880053521 -0.148882472930134
0.208664290243585 -0.0433565436180904 -0.188141048494707 -0.146274288301634
0.121668738873045 -0.134766136202402 -0.154342040880177 -0.103968801263365
0.0400803322165522 -0.158126410837352 -0.15131217712309 -0.115727847688724
-0.0187907562587711 -0.152591865107328 -0.175854101603467 -0.0844376778178111
-0.0528690097009558 -0.129312673184943 -0.143260698136309 -0.0713543595827259
-0.0590868612488255 -0.126647014405413 -0.0913966601346057 -0.112081493204076
-0.0411844989563799 -0.131976618442245 -0.045977232156946 -0.174371450696724
-0.0242465741789274 -0.157594014132894 0.0449397608880969 -0.203908903193166
0.0410160679165528 -0.174576074227768 0.148734454935443 -0.188154037143986
0.120479667353293 -0.143387266184423 0.220230518534746 -0.064575258242595
0.210938920382165 -0.0642933911941002 0.131772260441076 0.0715290214395046
0.234961425613528 0.0537509167147869 -0.0367712623548584 0.0969159687722929
0.178361992787959 0.110630787551221 -0.18443999877007 -0.067152681203152
0.0473255937452762 0.0819017201424533 -0.310380097460653 -0.100997875278366
0.103782292677771 0.0510971253161368 -0.252320659673391 -0.116593271571254
0.110273873257882 -0.0159525356533279 -0.185609066080283 -0.128697188286974
0.0580228008628777 -0.0611337725527481 -0.135856933825851 -0.112682885164936
0.0222026130959391 -0.0649678950410451 -0.154765031324363 -0.139212933625147
0.00436657494042512 -0.0716662865170069 -0.186828793993783 -0.110032264433798
-0.0145635468602588 -0.0683511607874338 -0.161054655424534 -0.106318963329808
-0.0177465611790581 -0.069278541045963 -0.105362295033829 -0.152023613742153
-0.00661443993507108 -0.0763652362455849 -0.0475328104427006 -0.210694057217721
0.00563066839565675 -0.08847569152484 0.0581525555059087 -0.227229602011408
0.0492653422871298 -0.0901043864195466 0.164482091702078 -0.193104677347733
0.0945683108090789 -0.0682426907110589 0.222204593991313 -0.0601680526553597
0.146400251166264 -0.00323458578309658 0.121734496917039 0.0552398840611947
0.132691790311249 0.081659683097551 -0.046068120505154 0.0549994793078949
0.0684765345115416 0.0995277456794092 -0.199589762593474 -0.116091669071349
0.0326137486770154 -0.0447585829150621 0.215510805552485 0.119925242026638
-0.038679418280112 -0.0505322495184033 0.0751830464605405 -0.058368687348019
-0.0532803845945467 -0.00737120470313155 -0.114921561719391 -0.0688399792550186
-0.0237926604091508 0.0213017378952224 -0.234832802971755 0.0291656268895303
-0.00768405321221332 0.00928899539275349 -0.197413540147745 0.191395042349786
-0.0173968410513555 0.00451802770270167 -0.070721861523856 0.252152184260288
-0.025071362832405 0.00414247403833531 0.037005042011345 0.222230386761698
-0.0357879298691329 0.000649000575834121 0.126408109681899 0.173315247865409
-0.0352967213067033 -0.00268665428223147 0.170926935669234 0.112564826303099
-0.0350970001370527 -0.0129337830407967 0.20476189269306 0.0947030913678056
-0.023904121940334 -0.0338891785716096 0.189246911881523 0.112688747380344
-0.00599543750702324 -0.0274232925621464 0.157022362772002 0.118826134472343
-0.00501358522491877 -0.0414640213880386 0.184440043616649 0.130498750497947
0.0142052138733921 -0.0631309553538914 0.24641156385827 0.129593016361109
0.0621493602337696 -0.0365066585531736 0.327956546370337 0.0826833231900723
0.123257565619263 0.015943790702296 0.189348309161378 0.114044720319045
0.0636525934091002 -0.024027026732633 0.0565772144381536 -0.0603988706136451
0.0336885587842181 -0.0131509391115624 -0.118948657030127 -0.0772042037289689
0.035605988499905 -0.02210613783365 -0.239989736659267 0.0158054263478461
0.0220359577969062 -0.0605213202192659 -0.206778082393968 0.166469575745603
-0.0213402130181455 -0.0703530099360693 -0.0927335576809088 0.231591720282081
-0.0530637941875507 -0.0623418212771008 0.0153058863846786 0.212636515573488
-0.0792817480050744 -0.0649284225999728 0.10424970644886 0.163010360088004
-0.0799581036413909 -0.067731665400161 0.149095707935723 0.0914773731277934
-0.0809913291199778 -0.0947275269025088 0.193668375916622 0.0562168360969505
-0.0407272177865993 -0.141488070034047 0.200813243495359 0.0681339983231931
0.028672876278078 -0.136169238246214 0.182398796332983 0.0903495109931384
0.0928237321409809 -0.118899633364964 0.189149649096369 0.123937848369606
0.148433759966934 -0.0860258133622231 0.214149118992236 0.124414278597524
0.187722461367425 -0.0203467424056293 0.268895144270061 0.0769706953607117
0.197384587621343 0.0795984561382432 0.134324184972521 0.0810983694958917
0.166019280685031 0.0116483431875912 0.0235457693225824 -0.0889615073950873
0.132584340399943 -0.0173351381442469 -0.132440549686951 -0.104515580627896
0.101794612359041 -0.0718424203852674 -0.243984244517688 -0.00355539647604791
0.0518413338829492 -0.130968835071445 -0.205712947478955 0.131173812689967
-0.023117964256633 -0.142353523402367 -0.111323650782375 0.190481141968952
-0.0747238689999573 -0.122586874927701 -0.0130190464958357 0.179581383420557
-0.110694411269504 -0.120917753695181 0.0667691320259126 0.13076794012619
-0.112272554250503 -0.121685419664073 0.108528529204209 0.0523914799557808
-0.117261903634213 -0.157371040336481 0.160248559275624 0.0019639291236035
-0.0624128483840668 -0.224200919574281 0.194344983301522 0.00254214872249616
0.0409997592475899 -0.22618262179318 0.204900075615356 0.0435470797857215
0.162410205971146 -0.192509525075103 0.196137169324439 0.112307002246921
0.253685260450379 -0.109644014008544 0.169805975428924 0.130720224936801
0.281236877702714 -0.00474766742908231 0.177894922463825 0.0693967030015346
0.247292365588927 0.127845812188103 0.0509098192897269 0.0269976621516793
0.252958126735765 0.0396435015912253 -0.0300517913542048 -0.128349416734341
0.22492663458645 -0.0311913709999226 -0.152526254379677 -0.136737481145441
0.157313480519242 -0.129033866221067 -0.240660939798569 -0.0291321625332535
0.0699717263279381 -0.194360492329707 -0.195801946572668 0.0784557807968841
-0.0276600843347009 -0.197944692018027 -0.126961054059311 0.129696146779044
-0.0886406411747446 -0.165887943429732 -0.0450502011635318 0.125169550205278
-0.124672272985218 -0.159394263722747 0.0216490794176351 0.0789267206651496
-0.123013684003428 -0.15849783454031 0.0564434216660319 -7.55195764327823E-05
-0.129998547956844 -0.197838832762047 0.113663946555208 -0.0567231929406521
-0.0691419420115494 -0.272238425202199 0.172255263019809 -0.0658555939752234
0.0512921095293906 -0.276596361212348 0.21520588480281 -0.00565987447987468
0.20746487890438 -0.234521693554914 0.193513135871816 0.100168669883892
0.31888772062132 -0.111464409722917 0.117807183607006 0.140880151051348
0.329642301279534 0.0188365177844598 0.0689536195900062 0.0573733998760796
0.260351397868201 0.149186558216904 -0.0547246622953228 -0.0309502168897871
0.298184430605539 0.0524266174120443 -0.102563960656089 -0.156633568036493
0.278227485847293 -0.0509850808992196 -0.174899422425081 -0.156279222891316
0.181225299679624 -0.172385423178644 -0.220737018791083 -0.0567527300637929
0.0696274622954174 -0.230444622212359 -0.17948146505388 0.0117839293604964
-0.0344862075070449 -0.222890322393382 -0.142384378024607 0.0542242906135289
-0.0937778273792965 -0.18215975712926 -0.0795789476442838 0.0573235682912987
-0.120319202830599 -0.173033914358952 -0.0247822717480865 0.0151264329283609
-0.112719762104017 -0.174025207257504 0.0055386084009065 -0.0588741016642732
-0.114177727635828 -0.212858626594402 0.0686220029909888 -0.114166682292075
-0.0467470377802902 -0.278829936812994 0.147775993908028 -0.125857627064908
0.0752089209707387 -0.275960910505917 0.215733338352435 -0.0444584348187225
0.233381701009457 -0.219662956646393 0.1782317280801 0.0910833172046109
0.337784438581219 -0.0777266497118363 0.0592710116768314 0.145948641785625
0.324435553950509 0.0515314293996325 -0.0396309799646638 0.0326048609078297
0.22940688967756 0.141855420108104 -0.165125995043187 -0.0746558636616708
0.283462854590411 0.0505364400761324 -0.177568853500411 -0.159736070528898
0.269852006745082 -0.0613450304678365 -0.188485572307523 -0.155586099731811
0.163899378953337 -0.177681743695637 -0.187771444091622 -0.0816509957563531
0.0535942414273275 -0.218462738307882 -0.163364604355281 -0.058047206811023
-0.0368145875096415 -0.205907375570824 -0.161457915117903 -0.0201744696683601
-0.0847022934356613 -0.167499933137697 -0.114171580334957 -0.0104805008063502
-0.0991229324374898 -0.160050827769618 -0.0664833662025731 -0.0508576744082367
-0.0846334790428402 -0.164262191133312 -0.0334180441451303 -0.118621457951171
-0.0754100236774395 -0.198548441565922 0.040815214834798 -0.165369618746369
-0.00442593904748924 -0.243195017700505 0.13573635523905 -0.16953328544046
0.102953207570667 -0.225446481863696 0.213961718371407 -0.0666509116843502
0.235344634133377 -0.155151883606149 0.154621458155191 0.0820760939545265
0.308184366813057 -0.0169829184467421 0.00500035060799575 0.133357708856127
0.271264657159825 0.0860690239878538 -0.128399450351762 -0.00808457093082898
0.155865260282381 0.11402297321564 -0.257326650883379 -0.0942335651532638
0.212494825597054 0.0459360059045485 -0.232029960708389 -0.139221971394955
0.204512477568649 -0.051536622571763 -0.191675014629873 -0.140248049331455
0.11500885146563 -0.138405356343338 -0.155975650829346 -0.10061234115176
0.0322261255923417 -0.157500502170481 -0.156223913752062 -0.11164535599121
-0.0262860467511139 -0.150776260179744 -0.179689561368169 -0.0759690506548648
-0.0592914413519992 -0.126385711265265 -0.145423833624075 -0.0662127213861648
-0.0644757754655957 -0.122462188955354 -0.0972277992331623 -0.107116472663725
-0.0472307887908894 -0.130487620370342 -0.0547927749326982 -0.170060550750111
-0.0316642323334531 -0.154712793936295 0.035993921591414 -0.204343082734355
0.032584409505996 -0.174375685565746 0.140213600666063 -0.19352593843667
0.113815178281381 -0.146993254082814 0.214920601785192 -0.072703159420741
0.205036197058414 -0.0724724637062281 0.133072164100773 0.0683387400341514
0.234800229718517 0.0440250064979428 -0.0316213035270844 0.0991356006423315
0.181345282600803 0.105035317817225 -0.184329132470799 -0.0591018856175321
0.0511872248778668 0.078949297046211 -0.31254979043779 -0.089165334348434
0.104177032877232 0.0464002599243761 -0.252565789363078 -0.106827343268016
0.107389062886087 -0.0206180177844543 -0.188717405147681 -0.122326308401583
0.0547068043123611 -0.0626666555344717 -0.138655028331798 -0.110071242728368
0.0190809095966995 -0.0645195464359757 -0.16043006412315 -0.134238557467352
0.000495343512691892 -0.0710454071681803 -0.190394800155098 -0.100861858535877
-0.0183051769947232 -0.067933658499683 -0.164786210037485 -0.0984518261627605
-0.0199164818458795 -0.0670597445362467 -0.112305780749061 -0.146107525053928
-0.0100123122503891 -0.0753315631583805 -0.0572237883844036 -0.205942549024781
0.0014704676531232 -0.0868828754923315 0.047727890244963 -0.22751237800752
0.0447820671811464 -0.0912702413670507 0.155066858019012 -0.198927848940201
0.0912296241301705 -0.0708008625647614 0.217716706908542 -0.0676032060671204
0.14395823972163 -0.00943862807389992 0.122159909123583 0.0528151191717185
0.134922476834999 0.0755020551932392 -0.0429827176624509 0.0583731460623221
0.0721373213746948 0.0966778257253031 -0.201108285871615 -0.106751514242367
0.0299772570114225 -0.0460356735703798 0.216184856354646 0.104920869606206
-0.0405716349414089 -0.047232745017591 0.0694572104475318 -0.0614105978655028
-0.052088789385435 -0.00418018202054303 -0.117053724692592 -0.0632133104870419
-0.0215103886179444 0.0222468417126784 -0.229513911505584 0.0407700591843153
-0.00735274261919605 0.00875840029765968 -0.182449075188392 0.198890598182396
-0.0169933733712451 0.00534825134793364 -0.0536135979157524 0.250170080228483
-0.0254894527689354 0.00603462118923693 0.0486183169710529 0.216366724904521
-0.036009843610154 0.00271470424301921 0.135019745931542 0.161901501874468
-0.0350753084533363 -0.000463712970282076 0.174496708385547 0.099597923474927
-0.0353615497749498 -0.0115803521205264 0.206746473188277 0.0792250167150089
-0.026163793703664 -0.0320490618663595 0.193330109889789 0.100621470503849
-0.00743466643177918 -0.0269563850717255 0.160722091797908 0.110814095475836
-0.00725606680753872 -0.0404081658358437 0.189516394526802 0.119205004276381
0.0113801718065961 -0.0622489101924199 0.248027367297645 0.113688923795215
0.0607292148840693 -0.039099529154237 0.324420636298694 0.0635313033245693
0.121999411128548 0.00845345233219078 0.19112150683604 0.101060373676569
0.0602904649754 -0.0276007931540222 0.0508037607415002 -0.0623074027855375
0.0323332458605666 -0.0159660904225822 -0.12072778171051 -0.0718522076858435
0.033524312460936 -0.0237622608998584 -0.234297398281605 0.0273064505054621
0.0171414729546872 -0.0607805900980134 -0.193679021076941 0.174081234324798
-0.0256333336080297 -0.0676853458586171 -0.0773309381830505 0.232086233150129
-0.056996470278015 -0.0573071944308724 0.0269462729987782 0.207795493620773
-0.0826316477934673 -0.0584667005528586 0.112127794062395 0.154209131011678
-0.083663054021436 -0.0620082434644815 0.151844241145268 0.0803247583258895
-0.085525913865815 -0.0886280212315899 0.192935005871279 0.0425855270841777
-0.0502111854269223 -0.136331131393561 0.201502221951921 0.0552641174609542
0.0198741914728313 -0.135812384517884 0.183304031805176 0.0803755433013171
0.0830316332954905 -0.122546086743946 0.195004992745415 0.11299038778202
0.140428298150109 -0.0927309182421434 0.215270010434886 0.110811247206056
0.184270014119648 -0.0296652065970504 0.266886509617143 0.0615746582698195
0.199956072285481 0.0661750691293365 0.135130774920112 0.0718835186472624
0.16273757861068 0.00118366369310136 0.0168090852582556 -0.0881300149472588
0.12983437943896 -0.0266709413500063 -0.136410500042363 -0.0983778417123793
0.0956432277390774 -0.077169446625288 -0.239723888190438 0.0087713557191415
0.0415716476662393 -0.131395033248015 -0.195230933896033 0.138746794036294
-0.032587057955831 -0.137617545875758 -0.0978675095266252 0.193229366007258
-0.0824021336778859 -0.115584953568032 -0.00251859336462473 0.17701393703958
-0.117078330615014 -0.111857766307332 0.0736838938349944 0.124017668261221
-0.118923027007928 -0.113680579399736 0.1087078902054 0.0453930348458216
-0.125642516057555 -0.147699597321377 0.156569466041983 -0.00857677888712535
-0.0769265176124965 -0.216512743113222 0.191510816793898 -0.0089080598485056
0.0269563460484795 -0.225067067536465 0.202803814048336 0.0336397046319261
0.146971410301918 -0.199619189424459 0.199581077281665 0.101540675590745
0.242054720347975 -0.122721218569404 0.173049508149668 0.119694463892181
0.276982445324456 -0.0186124978778477 0.177436466034716 0.0590457510359704
0.251326119391928 0.110911427287627 0.0500122924652876 0.0237225868178165
0.249205449147719 0.0232225996186146 -0.0376521105598982 -0.123713779166494
0.219394741867082 -0.0462955052633972 -0.158442367562564 -0.128840089655221
0.147156600781037 -0.135972446186603 -0.237224680877615 -0.0171823862908149
0.0549794476402367 -0.194612490466253 -0.188630169134298 0.086151410183203
-0.0407882782514821 -0.191645008329207 -0.117663530644256 0.134732792373024
-0.0986609637730924 -0.157463242327659 -0.037309742301442 0.125207839506727
-0.132965785975808 -0.148812701455098 0.0261242806394805 0.0763254261022003
-0.131685811768169 -0.149435670852573 0.0539499315171345 -0.00196963223365507
-0.140758152349365 -0.186609177160728 0.107266130870242 -0.0623948159356285
-0.0862595843855318 -0.261982945904609 0.165636137730297 -0.0752356557232893
0.0331646753189865 -0.275921042712934 0.209835333673781 -0.0159067849106594
0.188214401414886 -0.243330434705947 0.196892279910555 0.0902957208881267
0.306038195286237 -0.129374547863357 0.122637964638261 0.13353569546595
0.325423574990708 0.00180604249939532 0.0701843012415776 0.0525479913400769
0.265564198321827 0.131319442451746 -0.0566156058108392 -0.0268380504517953
0.294763681308483 0.0334329929764793 -0.109332115929491 -0.147380370667335
0.270032078216125 -0.0680940836540707 -0.18009830365334 -0.147000262254119
0.167850666398967 -0.180317440450885 -0.218721972625034 -0.0454446202150953
0.052788750092865 -0.229697489728711 -0.176614316485704 0.019054248471251
-0.049578360750056 -0.215744984780168 -0.138180385024836 0.0621411786544258
-0.10464401238194 -0.173113316445965 -0.0750927179069207 0.060889681122051
-0.129360029261569 -0.161347892257515 -0.0238568177059029 0.016380017851154
-0.12258440981828 -0.165349319954847 0.000520991317497143 -0.0567797343942095
-0.125779535328635 -0.201984217199249 0.0590643269933986 -0.11592049683021
-0.0651651730375827 -0.270020351260408 0.136745926906317 -0.13319424340446
0.0555594215621759 -0.275544499191865 0.208089942297032 -0.0544241878630218
0.213813313859521 -0.229904597593495 0.181015491472159 0.0826535539349344
0.325992700606494 -0.0973768002455973 0.0660061954872882 0.141912567194835
0.322487676076254 0.034099810801366 -0.0371974644153503 0.0343653331432185
0.234262526334318 0.125416369244925 -0.167526826268012 -0.0634839854317849
0.27999832184127 0.0325001924464651 -0.18242852431185 -0.14685024168143
0.260996143267805 -0.0770169481896721 -0.193787489679889 -0.14508526646377
0.15065988338366 -0.184833893783702 -0.187800990290805 -0.0728064176715462
0.0380910471319035 -0.216860271873932 -0.165807944676826 -0.0507276191764246
-0.0502087239340521 -0.198934815053736 -0.160515897857001 -0.00978533050926829
-0.0954383468707772 -0.159072089664652 -0.113848920022266 -0.00401473947121218
-0.107153596829745 -0.149939868628015 -0.0688642082896751 -0.0455067430220011
-0.0933303187834974 -0.157099995455581 -0.0417819609082052 -0.113248851892946
-0.0873746214742887 -0.189496247824858 0.029154719051352 -0.164526407045171
-0.0207544987918712 -0.237763960956716 0.122141032102319 -0.175628330123369
0.0869034371500303 -0.227220571502173 0.204775165725375 -0.0764805627468948
0.220056947763405 -0.166439769796167 0.156814233077321 0.0750032889900999
0.300065886276468 -0.0356738755474678 0.0125990853848573 0.132371656540665
0.271029719030585 0.0704495011582179 -0.125814566544206 -0.00107567313029968
0.16009665988033 0.102753979030718 -0.258524436377571 -0.0785045932702991
0.209689121628303 0.0324463639356271 -0.233936969193056 -0.124411515479313
0.197309316429618 -0.0638247876614874 -0.19626812839119 -0.129458512417359
0.103960361455914 -0.142650976158007 -0.157622775440839 -0.0923735701506067
0.0217275016679507 -0.155359493187951 -0.162680942582278 -0.103248274445685
-0.0360890515302683 -0.145224466843068 -0.18171603088575 -0.0627821445174168
-0.0670893262683503 -0.12072549916276 -0.147022185489917 -0.0570665903904145
-0.0702119602664577 -0.115881080634604 -0.103388749461384 -0.099800512591263
-0.0539382314397464 -0.124830421394513 -0.065102501090878 -0.162498775179456
-0.0404272250270088 -0.148360604476984 0.0223669638706761 -0.20274134105214
0.0206232569746959 -0.172484075798569 0.125664860277863 -0.198929016109915
0.102473856203869 -0.150716230360056 0.205567614408492 -0.0825563496662698
0.195815591979994 -0.0830038775408063 0.134724972936041 0.0630420114344305
0.23243505053736 0.0288941343817376 -0.0251878262058158 0.101595939288423
0.183680815015025 0.0940040079378146 -0.182853916884151 -0.0472839484053359
0.0555758132084063 0.074189282556558 -0.312498152056122 -0.0710976636162466
0.104247344486034 0.0396061951245851 -0.251915755415859 -0.0924514580261935
0.103596812111568 -0.0267955675609867 -0.191927462565043 -0.11117393063384
0.0493057272150158 -0.0640474029634001 -0.141149712568297 -0.103654482572329
0.0147311836246464 -0.063358088322449 -0.167749292126137 -0.124553355793645
-0.00471136950136821 -0.0696084246804628 -0.193565179981133 -0.0870844109488034
-0.0227750811755234 -0.0653558247625323 -0.167506382555968 -0.087639950360855
-0.022850129620738 -0.0640421851945911 -0.120776187709709 -0.137074214698122
-0.0141665089133414 -0.0729851451684641 -0.0703582127303505 -0.197515929563452
-0.00359109934496189 -0.0841036437524893 0.0335477547950196 -0.225881950702056
0.0385185743795553 -0.091380127236811 0.140257000750089 -0.204088433760638
0.0852717475049374 -0.0748538549122209 0.208354774552014 -0.0779763310487316
0.139744160041096 -0.0172491657587019 0.122499605241063 0.0471085145944593
0.136745273390227 0.0666716449172945 -0.0377669018301936 0.0612727923401319
0.0762171965656586 0.0914386588122163 -0.201479915670263 -0.0932731304662124
0.0264288736013845 -0.0450078008873552 0.211955190326334 0.0880564593242606
-0.0415713492737644 -0.0422382817999773 0.0624588544625651 -0.0622187306093779
-0.0503121563716137 -0.00219939899264141 -0.114815453348989 -0.0554255662806833
-0.0189438865880207 0.0223403381213393 -0.217544326500067 0.0491714520808902
-0.00688012692523929 0.00857690420690879 -0.162617389256386 0.199186854504236
-0.0156870689780476 0.0059183335634582 -0.0360257569870931 0.240704871890488
-0.0242190035925111 0.00792726182433322 0.0580691931830025 0.203305370775263
-0.0347266976642545 0.00509196917623102 0.138383969757245 0.146430247064587
-0.0346056486908586 0.00113258817237248 0.172393155707161 0.0844200389173118
-0.0348091624421837 -0.0096215494068792 0.20188880418316 0.0630326408805046
-0.0271191403723881 -0.0288711946926396 0.191918560876199 0.085360015288607
-0.00837526412372047 -0.0257083253780977 0.160365787829153 0.100089239689628
-0.00993332267103752 -0.0382539313739961 0.188423494243471 0.104389204050161
0.00753228591896373 -0.0587194373622229 0.241286907962498 0.0959079611026391
0.0570681944117149 -0.0400015525322334 0.311148565311999 0.0442145079669379
0.117684131214159 0.00105974435167487 0.186620799632968 0.0871775549031702
0.0549128000487815 -0.0299076915339128 0.0448716884879383 -0.0616809509265287
0.0291534540598799 -0.0182414844624932 -0.119620321205075 -0.064988521670754
0.0312562648545149 -0.024474880460333 -0.222864986878098 0.0376582482213548
0.0116374699249862 -0.0587323726129317 -0.174237706679304 0.176035037000106
-0.029187728760721 -0.0625085318598939 -0.0608541585719403 0.224388625785866
-0.0586484741902356 -0.0504881824565027 0.037101524854946 0.196429432333033
-0.0828767420692043 -0.0505977468913886 0.116616381784326 0.139958176027082
-0.0842527884949389 -0.0553857164117246 0.149031236623449 0.0686082662881922
-0.0872057448260656 -0.0799443635768844 0.185690357149338 0.0289297958321443
-0.0571227198275394 -0.127154695494186 0.196424063446755 0.0407052832215133
0.0105596093284196 -0.13140041042101 0.180117810818006 0.0691640179777418
0.0721518054443328 -0.121864031940698 0.193147519315874 0.0983714675923789
0.128795927189198 -0.0966043771132888 0.209708872035661 0.0959837557012184
0.175068849835888 -0.0379786766311996 0.256639310781268 0.0451546706711858
0.194868597720679 0.0514639394952741 0.132173463067438 0.0622509391791809
0.153852671627973 -0.00850516617696354 0.0109957271313067 -0.0845108955646709
0.121380997445381 -0.0340323102614101 -0.136505352539989 -0.0895505721204243
0.0870155484282868 -0.0791347902856144 -0.228390303567847 0.0195147610931524
0.0305720467842575 -0.127670440596146 -0.179112875723349 0.142400443356277
-0.0407569685757851 -0.128236366327402 -0.0827097832569384 0.189354579227763
-0.0866950409951273 -0.104717945203702 0.00714672651062283 0.16888710174359
-0.118798079590046 -0.0990678740868393 0.0783332112732774 0.114594661670217
-0.12107080029294 -0.101711393478987 0.105845669017511 0.0381305352985635
-0.129309212465527 -0.133563219889037 0.147330209384359 -0.0170981729406484
-0.0884837619451611 -0.201235639985598 0.1819835262497 -0.0201844030176451
0.0116153113436641 -0.216617829222846 0.19515842878187 0.0228737851249134
0.127383335216447 -0.199105277188186 0.197418887739474 0.0874457614854265
0.223779908724577 -0.131368616638472 0.170313573218032 0.10676621210455
0.264559988247712 -0.0319729754808808 0.171991888223669 0.0479320390444807
0.247218892718696 0.0908349716790615 0.0486339181674956 0.0217893361615627
0.237727566976736 0.00701192917008957 -0.0426098214359558 -0.115089153904389
0.205486588847474 -0.057839689997115 -0.158553174135787 -0.116889112936976
0.132176061814262 -0.1389563460739 -0.226512164572452 -0.00455798226537533
0.0400275991211942 -0.188363370808718 -0.176763647090511 0.0911102652856135
-0.0518382792913446 -0.17983023452108 -0.105918007228934 0.135282678651427
-0.104974183437558 -0.143787765771499 -0.0285505088996744 0.12149107991135
-0.136148739845361 -0.132530483448454 0.03002501671893 0.071278409645963
-0.136830936134565 -0.135870018585012 0.0506997346529369 -0.00349832608085596
-0.145945097789309 -0.170774274294551 0.0972182721829081 -0.0657493009310434
-0.10015539367894 -0.245061349067893 0.153637724585802 -0.0821472394778964
0.0142999978330376 -0.265589466227723 0.198805093704441 -0.025121904096406
0.164676267691085 -0.243014399231676 0.194105572823555 0.0777728626643817
0.284085783268487 -0.141203903247074 0.124067009299966 0.123506120560323
0.311357183818497 -0.014909500967066 0.0697446452531467 0.0476107728193716
0.262082195801673 0.109770353153128 -0.0558196831085226 -0.0215277045967524
0.280654507951122 0.0138916289638044 -0.111891770096489 -0.133849398544803
0.252924048711506 -0.0821951103419412 -0.180520106093427 -0.133098056065208
0.149602480278052 -0.182303453171218 -0.210274678112203 -0.0337954076405466
0.0355679505582138 -0.221734061786601 -0.169920467442416 0.0259125651004358
-0.0612419215185322 -0.201655198454045 -0.129092472518227 0.0679306234144092
-0.111866438284349 -0.158151078402226 -0.0681669762011268 0.062470120053266
-0.133615661225856 -0.146336758763419 -0.0214620241049938 0.0175192174263763
-0.128113664133356 -0.151303743115432 -0.0033483870691365 -0.0527957775829508
-0.133240619962723 -0.185098961946885 0.0491719589871482 -0.114008084537439
-0.0798828069277123 -0.253647646143894 0.122939625758302 -0.135240850389849
0.0370787116969183 -0.266522964057254 0.194927716540844 -0.0621798349733454
0.189161924065385 -0.231606330448371 0.178635378734675 0.071315365810556
0.304746055168524 -0.111850269476421 0.0700879613076426 0.134643542169756
0.310413306294298 0.0164551100315046 -0.03354603197367 0.0356199767074981
0.23179013107898 0.105663633113469 -0.163111442055003 -0.0510879476401709
0.267271609223771 0.0148334810971121 -0.181681061262903 -0.129431362977184
0.244036102261596 -0.0893703820858981 -0.193960481593158 -0.130393753605809
0.132566559054778 -0.184328596446883 -0.182734765997149 -0.0618842113122627
0.0228560073553463 -0.208558148131148 -0.164141105328202 -0.0414683357332297
-0.0611773326069774 -0.185716022667912 -0.154726090849471 0.00080392476964315
-0.101752311937388 -0.145982513345455 -0.109495174791757 0.00219415097881152
-0.111306738227862 -0.13641153742848 -0.069107770990185 -0.0395156298219215
-0.0994734108054074 -0.144550511233586 -0.0469746014798783 -0.103680277099651
-0.0941630590956249 -0.175384627492358 0.0177637696219641 -0.157679899562955
-0.034914603667296 -0.225445044324209 0.10580691221476 -0.174875799634982
0.0689421091318395 -0.222252302805905 0.190741166836243 -0.0841081357684673
0.199153400719996 -0.170952520003402 0.155018854159309 0.0654992971826032
0.283787522893846 -0.0510009211865756 0.019345745371748 0.127511177081203
0.263763190960315 0.0539087841033315 -0.119572695233966 0.00587073168873587
0.158931258178871 0.0889042829875684 -0.251319004832785 -0.0612340746719869
0.200396971844488 0.0190517388482054 -0.22971689661822 -0.105568289138581
0.184023335789938 -0.0723200784713746 -0.195038252657334 -0.114685986491317
0.0901752121975465 -0.141437038015336 -0.154722537088064 -0.0833260672837195
0.0112535535073954 -0.148902991822954 -0.163522165783494 -0.0915569464628624
-0.0442492083491446 -0.136040223578301 -0.17777254736569 -0.04919191590274
-0.0722328652418261 -0.110900956549509 -0.144451253797641 -0.0461530722731034
-0.0728591930526679 -0.105903761102717 -0.104914079915444 -0.088373624202638
-0.0600752324980435 -0.11680482852634 -0.0730257401572223 -0.149917951632562
-0.0472379649364585 -0.138416576636404 0.00947268626718258 -0.194112412815959
0.00905256981432611 -0.164848325213569 0.107957258501944 -0.197481875169954
0.0892505962646839 -0.149815847478026 0.190813912830051 -0.0891156352493027
0.180353043138418 -0.0902043999412794 0.132385040894926 0.0548687315881416
0.223007224043554 0.0141562983391991 -0.0180363715898037 0.0996731268193442
0.180710166678189 0.0806820518422172 -0.176369452924922 -0.035208154389447
0.0578731107735471 0.0673001865376798 -0.301532644982659 -0.0522755762003992
0.100266218554088 0.0322727777911959 -0.243814568118943 -0.0753833379369038
0.0965496661965593 -0.0309809400994726 -0.188538513427496 -0.0976970691046886
0.0431795547616132 -0.0632030605246419 -0.140119257283144 -0.0943354526511985
0.0101536742119828 -0.0604106819167757 -0.169410566729097 -0.111192404430944
-0.00916884952962896 -0.0657001426863525 -0.189956030736547 -0.0713894182395555
-0.0263315980958154 -0.0604371371838572 -0.165419691560644 -0.074448439209316
-0.0249283453535511 -0.0586583523180794 -0.12432231568769 -0.122459175145331
-0.0178596671111298 -0.0690280437308034 -0.0791893780556721 -0.18340968939013
-0.00807217743278667 -0.0788498063562833 0.0188790125920971 -0.217410208064627
0.0314159373758276 -0.0893524876247019 0.122119359993268 -0.202566054386437
0.0768683378534216 -0.0758858734930367 0.194397109768493 -0.0856811865041965
0.131012576465281 -0.0242526953839057 0.119632776698094 0.0401180448091256
0.134324909613471 0.0560633114839083 -0.0313492430087773 0.0622172976645073
0.0779457445183654 0.0830750221778547 -0.196225619542061 -0.0776565234485884
0.0211979376277616 -0.0468753224919402 0.205653532977795 0.060744088610165
-0.0430493258304055 -0.0344345853355169 0.052290701184421 -0.0637593491885935
-0.0484840423039842 0.00416243608749722 -0.112176414360931 -0.03844587252967
-0.0147904211686617 0.0223039030030498 -0.195889306805862 0.0742848330243205
-0.00657833149238197 0.00810504617966522 -0.125032879675803 0.206010204910934
-0.0134453305412137 0.00784363703938909 -0.00518102360189035 0.227546175101875
-0.0205333162337079 0.0113372680118857 0.0801821812711679 0.185707368797153
-0.0314974012733518 0.00951459259665544 0.146801431997382 0.118113822308768
-0.0322629172725462 0.00413976842415611 0.16883905341743 0.0584556257180722
-0.034848620629681 -0.00575204764588824 0.194330260751329 0.0326079701710486
-0.0301153434745512 -0.024711719330451 0.188267161179374 0.0581747412078941
-0.0107017001104378 -0.0253177824107717 0.162629385948153 0.0772723508398316
-0.0147669575220082 -0.0359092152396811 0.187846044325504 0.0751632352683273
1.96546822328458E-05 -0.0573785886128953 0.233167995540724 0.0580126825755199
0.0485130364625791 -0.0473670795835302 0.2973295105438 0.00438421773667669
0.114075570597764 -0.0149107839943468 0.17451961512291 0.0602802083814414
0.047409679102646 -0.0341092101708371 0.0327652059752804 -0.0615368708344976
0.0234795172054692 -0.0204130879001668 -0.121783541474729 -0.0470466027924535
0.0258002720358029 -0.0260595803747871 -0.203878431585565 0.0640219821036831
0.00266697140583758 -0.0557102300358921 -0.141591822516041 0.187954273837006
-0.0341736119662189 -0.053492137476105 -0.0310779091015682 0.218667062134995
-0.059498266115725 -0.0383145386669721 0.0566795898474356 0.182524835909213
-0.083419890206553 -0.0364010084547323 0.124874123108258 0.114379797653006
-0.0857342349747054 -0.0415909750379806 0.144664790715346 0.0464829066097261
-0.0914548748645525 -0.0637450300704414 0.172421779315455 0.00301240599186093
-0.0702612480516617 -0.110598820779617 0.184927383779347 0.0158483385749789
-0.00636239618535519 -0.123903482045639 0.17446026386453 0.0440208487417855
0.0490750181658796 -0.123404539459241 0.190635263709501 0.0658385286104945
0.104950293471183 -0.105189121613234 0.208417015708549 0.0575246748439179
0.15536596226808 -0.058864243373464 0.249822309120248 0.0114920167586839
0.194582065452167 0.0227450656526978 0.112914519106178 0.0416404100392036
0.140603489479924 -0.0252720259090907 -0.00425145631300988 -0.0789394293026728
0.106897341958027 -0.0463195093346569 -0.144397677820548 -0.0677795522476655
0.0714396436509138 -0.0826496349324663 -0.214527420250338 0.048659895799958
0.0116778672527808 -0.121422030494732 -0.152824349716234 0.158688751667161
-0.0522430057147599 -0.113160076943236 -0.0576613237705052 0.190414987428475
-0.0919011319316655 -0.0853974991524958 0.0236012614216472 0.160453962604106
-0.122595400004744 -0.0765927615825012 0.0867615135039815 0.0958055381054354
-0.12648279892841 -0.0802676356023698 0.100123232000382 0.0233411861703655
-0.136595657965428 -0.107611007614622 0.129617597080364 -0.0344009857818481
-0.108772144413462 -0.17461224920569 0.162101626745561 -0.039014798955963
-0.0162438346622891 -0.202174507432361 0.180339505946678 -0.00285984265963054
0.0895060382134593 -0.202081818963772 0.192893795001593 0.0525369635662988
0.186840937938117 -0.148717836377181 0.176200493894094 0.069564710610507
0.237105340881716 -0.0643714069661321 0.173285814456472 0.0246879408976891
0.248765422117995 0.0535305120785426 0.0259767868621954 0.0118451949898245
0.220269196283268 -0.0199735651236641 -0.0600513021599137 -0.10112012110957
0.182009148929383 -0.0787561684084785 -0.172573056345154 -0.0911328913717922
0.106578406965215 -0.142584798068043 -0.21828680790486 0.025938567417794
0.0138196488258951 -0.178715571015819 -0.159754306946103 0.112689181501453
-0.0693609050319031 -0.158826942714108 -0.0867005048636751 0.144838933689653
-0.113959754519549 -0.119741831687317 -0.0177160430725961 0.120792899741886
-0.142838201888261 -0.106032650713145 0.0353366782695354 0.0619409956845825
-0.145145798173154 -0.10888169112498 0.043310924314549 -0.00816793566326187
-0.156403936934858 -0.137923229524241 0.0759585098758874 -0.0732356036380003
-0.125838355356097 -0.212046331322377 0.126084903553898 -0.0935886877674078
-0.0199674789432782 -0.24705238720443 0.17700399089645 -0.0488401092893518
0.11660616449346 -0.246458774743538 0.188196759316406 0.0422787309859864
0.240260097505297 -0.164751936924894 0.137754077181778 0.0893588512963215
0.282032293665895 -0.053616757345907 0.0796638606577203 0.0371700650727524
0.264241081823292 0.0698937517771498 -0.0778802511781524 -0.0170415242259328
0.260896225308206 -0.0183997166516014 -0.128859017603599 -0.109939790315152
0.222967157159971 -0.106909718824924 -0.197428532451782 -0.102521345866082
0.117778752997761 -0.185391504598047 -0.208842861720635 -0.0026743888676648
0.00624597058409402 -0.209372259520593 -0.163144236182651 0.0519089039075274
-0.0810854375722171 -0.179255404121008 -0.117316654834621 0.0857120137056406
-0.122687262849472 -0.13212154877534 -0.0631239163828775 0.0697790921512377
-0.141683811091384 -0.118906265637682 -0.0196682111849836 0.0182191114168704
-0.138542894623789 -0.124329513932453 -0.0137864361755031 -0.0475603024511942
-0.145968494394011 -0.153265026940888 0.0245254083217899 -0.111749506243738
-0.107894094824381 -0.222172652744046 0.0909821278717558 -0.139855596236877
-0.00110492813104685 -0.250425969911013 0.168284737398027 -0.0843514678143558
0.141517294969396 -0.239125677495254 0.173790732750894 0.0383002859753423
0.263238363602755 -0.139918246669838 0.0919978631624047 0.105505347754048
0.285129827824481 -0.0232508814509641 -0.017388730031208 0.0384551599870036
0.234475931520089 0.0706371172350196 -0.179641834186812 -0.0325543076195018
0.248541503672263 -0.0154670770477155 -0.191602653858326 -0.0974769898319353
0.213377056518517 -0.112272606093876 -0.209359656543076 -0.0971246791019814
0.101761138624127 -0.185292395234496 -0.186670425164288 -0.0322716292364831
-0.00326428274603865 -0.195604201635466 -0.165828567746524 -0.0118558908262504
-0.078974707391583 -0.163674708948112 -0.149306352209576 0.026574568861274
-0.112059105854419 -0.12169069453854 -0.108599594636257 0.0178533386040639
-0.119864421799337 -0.112629537858654 -0.0707502739682347 -0.0285560923350508
-0.111319751974631 -0.121859153312329 -0.0604306095865434 -0.0897888960237647
-0.109288932624145 -0.147645247883115 -0.00868020722488659 -0.149448426718855
-0.0630327177480452 -0.201103791536582 0.0710122460386498 -0.175699335311051
0.0347738761056003 -0.213109367555948 0.163383187955273 -0.104392686891864
0.158964859134506 -0.184393967037663 0.153078707639073 0.0364532173343074
0.252252015013953 -0.0817933154443784 0.0445917731374398 0.108182631910424
0.247064147652459 0.0176417587560867 -0.103422178436879 0.0220238963662455
0.162348447619818 0.0634625616893662 -0.256536879581396 -0.0314976719142525
0.186427099542224 -0.00401674814212077 -0.231685935674693 -0.070980224009744
0.160159830815025 -0.0884748258933084 -0.204880677180342 -0.082609454197877
0.0680016720488622 -0.140164770780735 -0.162264884783037 -0.0564754247046799
-0.00728647897134136 -0.139381875950605 -0.171189492415844 -0.0598569931260812
-0.0571133887310826 -0.119486395691369 -0.175166253510102 -0.0193809252824793
-0.0804571026312724 -0.0927805586398769 -0.146528464689188 -0.0244115520443063
-0.0803024909390635 -0.0888298132624201 -0.10988069881634 -0.0691843261325343
-0.0703462019491129 -0.0995411085838636 -0.0891873180490861 -0.129658280432476
-0.0607428919536068 -0.119333679829395 -0.0198216359282731 -0.182168794866076
-0.0142917524354254 -0.15086467147177 0.0726191723434702 -0.197402748536168
0.0615011109702065 -0.147787078965123 0.165426207586068 -0.109630606478763
0.152457935752072 -0.106744212636236 0.132187931506787 0.0315796593593954
0.20431947464162 -0.0143019735504389 0.00632547651668154 0.0909725701370515
0.174774159948319 0.0524093350348297 -0.163061425285456 -0.00888647939898213
0.0621155683531944 0.0569345980538711 -0.293134493684293 -0.0184918311567965
0.0950151054840416 0.0195434948382342 -0.238560612619719 -0.0422073839560619
0.083905088514265 -0.039603867997735 -0.1923601293255 -0.0683781679952381
0.0318027383202168 -0.0626403975514539 -0.147178320061447 -0.0707610452910557
0.00329546620905674 -0.057360525015898 -0.177126343563883 -0.0806333424668235
-0.0173018996834901 -0.0594113268611604 -0.188396623475863 -0.0415039788735469
-0.0324275914527281 -0.0518808845051791 -0.168381394558632 -0.0498259543430473
-0.0297082389835721 -0.0512322427795772 -0.131603739209866 -0.0977742558436119
-0.025421101781319 -0.0605349758784555 -0.0973619769835437 -0.159214324430987
-0.0173928282255166 -0.0696161670320913 -0.0118412150568141 -0.205049510181584
0.0155966555726646 -0.0849750247762025 0.0872981115510191 -0.2035737626325
0.0599119394907213 -0.0791573986845677 0.17129512673144 -0.105022772761963
0.116523788354769 -0.0399477822752452 0.119111630308226 0.0216109168778341
0.128692210559955 0.0340941056427091 -0.0134085499620938 0.0615698159526244
0.0809803559918535 0.0682721696276494 -0.189658320616682 -0.0464278114871092
0.0206219317091338 -0.0439229061635908 0.19249519704915 0.058513552671146
-0.0399924150304836 -0.0324723622446683 0.050475604197072 -0.0601289308335172
-0.0454428789624882 0.00337593596842472 -0.104969555985759 -0.038827183676392
-0.0141258113432894 0.0206200936475109 -0.185251920044262 0.0675025906503103
-0.00628415859379662 0.00784896925665786 -0.118524714335262 0.192161406322704
-0.0128034629131542 0.00684670172597679 -0.00647511430933706 0.2133986791315
-0.0193258529147115 0.0105931528492193 0.0737144383125978 0.175338487004935
-0.0300651768440203 0.00880653531357534 0.137080603934641 0.111245814752572
-0.0312524891205623 0.00352542605534861 0.158668376289515 0.056302131770944
-0.0329843278626041 -0.00635075797268548 0.181834569297673 0.0321631805267313
-0.0289084904736993 -0.0238579169272072 0.177637442077925 0.0563111790940147
-0.010160945574625 -0.0236325736850267 0.153578485555448 0.0760684068234724
-0.0135332156011019 -0.0335942818031251 0.176430731295468 0.0733641186667704
0.000831401752987933 -0.0533498903164658 0.218345059416932 0.0575586206419521
0.046905384370176 -0.0442773896403683 0.277621264664942 0.00858413038205956
0.107647526732746 -0.0131954008344549 0.163273729601696 0.0589110944585717
0.0442163608327687 -0.0309512455063797 0.0321256375061798 -0.0578345268551732
0.0208380102058373 -0.0193184409908898 -0.114693724341028 -0.0467447909050144
0.0241135209999105 -0.0243596691986025 -0.192956779204257 0.0571949851388463
0.00250271485140519 -0.052105347368621 -0.134427161860973 0.174877122375624
-0.0325799463006849 -0.050293350674325 -0.0311211343812785 0.205023058289664
-0.056118364450122 -0.0361155067279929 0.0520837797555141 0.171649969515586
-0.0784146939040206 -0.033689287715199 0.118046992190187 0.108204142186409
-0.0818372986968096 -0.0396888290012248 0.135632359102475 0.0449842234049946
-0.0863346147803641 -0.060963758038055 0.161128270521699 0.00389240885808784
-0.0671732325310849 -0.103746060283914 0.174422409227006 0.015485638405372
-0.00580046389008102 -0.116680213078156 0.164248474791477 0.0446659820561603
0.0461456478865542 -0.115347555239397 0.179670928246798 0.0643911892577714
0.0997788571388452 -0.0986245887610997 0.194027190594932 0.0577850456186837
0.147462463517411 -0.0539535455272441 0.233861558849494 0.015318171680153
0.183405912762069 0.0225579950852334 0.106589535397836 0.0409435538824006
0.131271512642996 -0.0229131981700302 -0.00179138209075279 -0.0732880418332309
0.0990308422512228 -0.0434633972508625 -0.135424048944411 -0.0672727565454912
0.0669630060603591 -0.0775036294396934 -0.202434195134396 0.0418407093898682
0.0112235176059928 -0.113211881572272 -0.144954841518528 0.146780725601932
-0.0494204687310424 -0.105438444456786 -0.0560167565945887 0.179143081935562
-0.0867631742660406 -0.0797725343832706 0.0218282621195151 0.151096748210523
-0.115546356097051 -0.0721677985933769 0.0809305019796047 0.0896715333560828
-0.119520504206411 -0.0762953989383379 0.0945644588481747 0.0237368841169499
-0.128503415459517 -0.101794269665366 0.121258634591681 -0.0312879963120553
-0.10276315952939 -0.16339993600121 0.152899341956417 -0.0366957398259724
-0.01516405957836 -0.19038701419053 0.170014579729788 0.000599022280099511
0.0845309311672902 -0.189207847817038 0.182237148319807 0.0527397947523307
0.176271305951007 -0.138065342559899 0.164879935174451 0.068908940140214
0.224409697244476 -0.0570731997198436 0.162983133862848 0.0262656608680998
0.234461200925115 0.0517487755795905 0.025580152147759 0.0117794412962939
0.205578213042756 -0.0174939991177693 -0.0542417983382102 -0.0941044090931351
0.169985527697498 -0.0735174350715825 -0.16268740083888 -0.0894404210550356
0.100179740741201 -0.133847952582335 -0.205704135722324 0.0200556025427002
0.0129239681443203 -0.167161526543204 -0.151353271254748 0.104221661056061
-0.0659477908581815 -0.148118306090084 -0.0828029831699192 0.136586084061837
-0.107698344645887 -0.111956473418143 -0.0169650395933483 0.113552625208592
-0.134643721868589 -0.099934098960076 0.0336976899621148 0.0577496019426336
-0.137017141175164 -0.103627839802518 0.0409368160213926 -0.00668689996287248
-0.147885694078205 -0.13052225315453 0.0709244650121452 -0.0677014635743446
-0.119293456120869 -0.198927967707268 0.118498910795737 -0.0881972482013328
-0.0195033399258742 -0.232361425901396 0.167032309596268 -0.0430757762588048
0.109407506737887 -0.231263458206841 0.177950516415901 0.0436199411687421
0.226873581390003 -0.153623859452323 0.128598939202191 0.0865333078544244
0.266835010459735 -0.0462190244725525 0.0748462235348439 0.0367072993527352
0.249066145721058 0.0670258388605782 -0.0723916344144767 -0.015963513364046
0.244061762565688 -0.0153472059929691 -0.118103949062062 -0.103277298903269
0.20887215652809 -0.099628277918693 -0.18577918706243 -0.0994621629897035
0.110907617820945 -0.173396623015347 -0.196256276502877 -0.00682423341423484
0.00607883516830121 -0.195743507080029 -0.155220098067582 0.0471141358944605
-0.0769094569241787 -0.167296145215832 -0.111409126185086 0.0813948036770915
-0.11592295708636 -0.123872811076933 -0.0601445751305527 0.0650806992317446
-0.134037979625465 -0.112203732540663 -0.0184970392199671 0.0170975485130278
-0.131560417477025 -0.11712531340549 -0.0124886696298184 -0.0437057966565259
-0.137798750349246 -0.144147270018955 0.0232658412152117 -0.104314011697924
-0.102259930474483 -0.208070558570111 0.0860227641074519 -0.131713204152899
-0.000701701975839197 -0.235211965875099 0.159037721443116 -0.0770144679273867
0.132955315496622 -0.223647848631995 0.164548774708916 0.0394352446736705
0.247904391467626 -0.130015244296723 0.0863963365719192 0.10265695770251
0.269460246955887 -0.0178818317417774 -0.0161357139796838 0.0365247986296814
0.220012334212639 0.06731119037555 -0.167599975322145 -0.0315903702851975
0.232215110958042 -0.0124046769548619 -0.178520366583895 -0.0926018835242553
0.200135330093971 -0.10427083034556 -0.19573963359913 -0.0950602024283975
0.0961699946508858 -0.173589189193459 -0.175292443804431 -0.0348866122093672
-0.00330169970799077 -0.183002752367459 -0.158123838829769 -0.0133166324425128
-0.0738449988978309 -0.153148443763195 -0.141071073054364 0.0248328109337136
-0.106015317148606 -0.114271263653091 -0.102908584250886 0.0166419038326159
-0.112629021120411 -0.106230793357051 -0.0670320117740437 -0.0270830080496456
-0.105630759270791 -0.115105306981705 -0.0559914761266995 -0.0837747870814338
-0.102627504687559 -0.139131359169968 -0.007930544198623 -0.140568503094623
-0.0600470643841313 -0.188754644180386 0.0678318776961285 -0.164851948796797
0.0332024784789386 -0.199405631462618 0.154192002594163 -0.0958732467478991
0.149597343178352 -0.170841046088235 0.145051759578207 0.0375729353043693
0.236433839810988 -0.0758868564252186 0.0421294358612483 0.104170263064895
0.233490978893256 0.0197409749161105 -0.097018826069775 0.020122320524773
0.151718121073273 0.0608886705010151 -0.240998427449555 -0.0324150949154936
0.174362316728042 -0.00149284287580451 -0.215588804828613 -0.0683653513074756
0.15008024503041 -0.0822041124685736 -0.191874586891715 -0.0808089758596597
0.0642216620076796 -0.130840228049438 -0.151402523068175 -0.0574205604702984
-0.00584630929956187 -0.130099790419306 -0.162344981038885 -0.0581584948720852
-0.0537147340542626 -0.11264383806816 -0.165422505212641 -0.0185351340292442
-0.0762687947631682 -0.0866561410367358 -0.13820124212537 -0.0233688924612428
-0.0746241415277097 -0.0834198291036164 -0.103630144566249 -0.0653071775080951
-0.0666127345896929 -0.0942298733097699 -0.0834508892659699 -0.121197482862506
-0.0567174322791598 -0.11136832874146 -0.0186226750028671 -0.171381538790317
-0.0131959880081902 -0.142096345478309 0.0687522670801479 -0.185286564339009
0.0580490185878616 -0.138674453056854 0.155977228110929 -0.101316184333462
0.143068888574491 -0.0982317372322708 0.124890266578963 0.033408704699172
0.192216820289049 -0.012246370600259 0.00587067754035703 0.0870749377002838
0.164575279276735 0.0512035490140038 -0.152949677030207 -0.00932491429454354
0.0582769015940468 0.0538587654677413 -0.27561934115683 -0.0208252548460841
0.0888242413800603 0.0194292508873964 -0.222799019880171 -0.042736713645081
0.0786195555908704 -0.0365699144689865 -0.180346589040851 -0.0673083726353034
0.03028366088142 -0.0582530258264834 -0.1378132137069 -0.0712656094920678
0.00321898492659694 -0.0532869013886348 -0.168326786434182 -0.0769300329238709
-0.016238561521214 -0.055500260021338 -0.177025583302881 -0.0394721174418714
-0.0309293702886242 -0.0484415125586997 -0.158705504374688 -0.0476266451990491
-0.0272045644763553 -0.0481344095913409 -0.123628490709512 -0.0921301882648225
-0.0232630870654206 -0.0568213579647579 -0.0913899156933068 -0.149174992158063
-0.015420829953199 -0.0651654790686638 -0.0101714475709476 -0.19252607947233
0.0154757373986689 -0.0794975736368091 0.0835496471778403 -0.190324795173639
0.0561840385899701 -0.0741688166876101 0.161369313672243 -0.0968022923222587
0.108269630120478 -0.0358917017425573 0.112039380739612 0.0237361419022383
0.120711147883065 0.0326478252890275 -0.0120072322998684 0.0590072085812985
0.0758292402303062 0.0642170952303289 -0.17677549990689 -0.0449158892711449
0.0223028026022434 -0.0416097823572214 0.184973579660599 0.063207252047608
-0.0372813245365841 -0.0321914093788497 0.0516392736533579 -0.0574663447937008
-0.0447908219536692 0.00169338036657657 -0.100716017012726 -0.0425353233046221
-0.0139997792922235 0.018749144033071 -0.183203959465417 0.0574506082419498
-0.00596489877289106 0.00697118545995114 -0.120443228924302 0.180803395867375
-0.0132762465192943 0.00635371500921196 -0.0129853201472778 0.206581601272337
-0.0192354198338144 0.00967358793391042 0.065424616937631 0.172152521023044
-0.0294577874794643 0.00803800218563455 0.130670243310418 0.112033666685877
-0.0313819978211871 0.00236682463570282 0.153021492155691 0.0597510622676469
-0.0323031725807801 -0.00797629625056404 0.174559045998541 0.0363667019104124
-0.027425608252506 -0.0236563609947882 0.17055304516567 0.0591085363745145
-0.00891415144816518 -0.0234527037507804 0.147169946756807 0.0807967608655533
-0.0124169925722215 -0.0333104486053144 0.16882765829342 0.0771968155486146
0.00305765416914086 -0.0516848488529585 0.208219780841528 0.0650995013685688
0.0482513365358311 -0.0421983572256465 0.268147900624032 0.0197236191637479
0.105700058295206 -0.00958358855000419 0.156511056427176 0.0625411465857841
0.0432562556032531 -0.0283176334451561 0.0352478082760956 -0.0546344069113751
0.0201005285082627 -0.0182036752081495 -0.109935295261657 -0.051500598020484
0.0239412005426582 -0.0229085892335744 -0.189407993818668 0.0474265664903966
0.00369614575107356 -0.0502887133701924 -0.13529410254076 0.163418041225827
-0.0305544640987872 -0.0492662150911838 -0.0363127630444071 0.197222418398158
-0.053792284312005 -0.0361140290407759 0.0453816301830749 0.168141501657113
-0.0753449876889761 -0.0347087791062438 0.111859771110212 0.108010582818735
-0.0789583853836539 -0.0407146108203484 0.130400682946662 0.0488293606528949
-0.0825552890923066 -0.062053969033348 0.156234146287307 0.00910486198066323
-0.0625896338902505 -0.101913090794791 0.168815100164298 0.020300151065773
-0.00244704239554247 -0.113638833580537 0.158971944101822 0.0513411014603887
0.0485945586354127 -0.110622440975226 0.172664947357716 0.0694645522307583
0.0997838890738966 -0.0918028351551339 0.186012896220653 0.065211788571216
0.14635919604374 -0.0473855852394623 0.226108293499088 0.0247950648924169
0.176758377508229 0.0272531967090195 0.103597332142735 0.0443989601090157
0.126847015223262 -0.0172339395008888 0.00167113403668436 -0.0705394878517132
0.0954128923137148 -0.0388032539274234 -0.129830326021832 -0.0718339504472785
0.0669017575005065 -0.0733152968451471 -0.198090014046559 0.0320647993984573
0.0136948924458404 -0.108806277673518 -0.145161987834423 0.136762618521454
-0.0457609814785178 -0.102749987727277 -0.0595722545459353 0.172277875613826
-0.0820516512619532 -0.0792881067529386 0.0167603301717737 0.146659780105162
-0.110799002990787 -0.0725159878333695 0.076667890310447 0.089184311782315
-0.115114703972651 -0.0778719649565021 0.0905677259223303 0.0263529106119682
-0.1226329447041 -0.102924315741622 0.117970283907077 -0.0256561037151911
-0.0961878833124696 -0.160807473116652 0.149004838151788 -0.0312263521030867
-0.0104581044469505 -0.185757253884222 0.166250507469843 0.0078045580057633
0.0868239702027625 -0.18021886373131 0.176227546731214 0.0581612042946962
0.175537955656198 -0.128479603960263 0.15824056447987 0.0752166109571255
0.220115181262192 -0.0471821686566704 0.157235901507652 0.0331504203865295
0.225541452904196 0.0573089237872325 0.0260663921099171 0.0130464377169667
0.198098042756392 -0.00947791463978201 -0.04762019272991 -0.0926985187450884
0.165419421759497 -0.0660124638002809 -0.154662474179416 -0.0938772864619088
0.101031146727997 -0.126535901277236 -0.200656880341695 0.0101603235023098
0.017160437755811 -0.160681692254413 -0.1510158089085 0.0942671799366161
-0.0598336194220269 -0.144608306311298 -0.0843626737931742 0.130208182979439
-0.102172821689022 -0.110697954382328 -0.0197248199515671 0.109592886861449
-0.127989608011306 -0.100068139216105 0.0306565778535701 0.0566816427388339
-0.131761840428951 -0.104448546461187 0.0401403814049546 -0.00435785443791818
-0.140455611430732 -0.130825717442006 0.0702028900338927 -0.0626447342883417
-0.111537318308323 -0.195608334918721 0.117945770820085 -0.0821799345819369
-0.0127741318906997 -0.225457624811961 0.163393588475701 -0.0345702468824183
0.11260917473248 -0.219542906467852 0.172916193118647 0.0497227190559035
0.224206483538741 -0.142548059808029 0.122427726895847 0.0909303188687614
0.261405876688122 -0.0356579938356498 0.0723578757066821 0.0390434296768672
0.239026309705336 0.0721481731718902 -0.0683477475577696 -0.0173286224162775
0.236238676303755 -0.00691902607172121 -0.109037717354585 -0.103360989727678
0.203457870128105 -0.0901984666983325 -0.17710483411497 -0.104741188965269
0.112072268577917 -0.164642817977582 -0.190109753843158 -0.0160800986649876
0.011266076281833 -0.189137498997718 -0.153004015236339 0.0384349885691328
-0.0702430292691648 -0.162898097481888 -0.1107558674714 0.0759335954918305
-0.110022784624649 -0.122121782417195 -0.0594599844821747 0.0613955642810895
-0.126789031170509 -0.111790936051817 -0.0191722258812809 0.0149982520164942
-0.12557017382799 -0.117917806959314 -0.010754710845014 -0.0418576974052372
-0.130320965855314 -0.143872711079157 0.025176895772518 -0.0998555866961199
-0.0952033449359484 -0.203836373932577 0.0867295937772567 -0.125164216136828
0.00506532856094061 -0.227739554908956 0.156217234130611 -0.067991692710633
0.134678682197821 -0.211426213962561 0.160106919918394 0.0457989553527005
0.244105947361095 -0.11851993088314 0.0809639265466492 0.104487336402861
0.263368431259298 -0.00783253688407683 -0.0163355752699065 0.0359900060229344
0.211827756487814 0.0729818109759679 -0.16051745702844 -0.0362243857541211
0.224930208888922 -0.00487886382477117 -0.167694483060892 -0.0948649766721358
0.195855715089263 -0.0946653326954737 -0.18715604496856 -0.100228547851475
0.0979980992109084 -0.164870150677925 -0.16882110065741 -0.0425621276902175
0.00193390109654675 -0.176818335827452 -0.155036840071858 -0.0187335386161252
-0.0681295936398461 -0.149976255178201 -0.137260671955751 0.0207571156452867
-0.100435344318934 -0.112909630938772 -0.100401561302944 0.012765534930592
-0.106337613502811 -0.106135859078897 -0.0652505994848154 -0.0281394368747385
-0.0999191942539981 -0.114554237261896 -0.0526723091588613 -0.0820956998011918
-0.0960357796309633 -0.137355428752291 -0.00407298499387225 -0.135284778462736
-0.0540031469659869 -0.183666646720576 0.069556274219251 -0.158353127636928
0.0368230641470311 -0.192271084887395 0.152115684612576 -0.0869347383453575
0.149163407322715 -0.160223528148278 0.141315720598213 0.0442250320733226
0.231291710725457 -0.0652822331614 0.0382545422049675 0.104011904689523
0.226645081166248 0.0270760240321826 -0.0945157162347012 0.0175897078486852
0.146102756338674 0.0641317490473086 -0.231969012401607 -0.0404347752028926
0.168550713588228 0.00414578707922658 -0.204526616694953 -0.0734553522095687
0.147011577433425 -0.0747076104822362 -0.183649082811531 -0.0862955368687709
0.0657471808598883 -0.12421586858575 -0.145505408451042 -0.0648605993150582
-0.00233149946586395 -0.125736226338114 -0.158054664535907 -0.0619554891612405
-0.049020254046829 -0.109621694146987 -0.159810387947024 -0.0225802298644246
-0.0721542775645139 -0.0848298146321258 -0.133384202441406 -0.0264844472431914
-0.0701714041128827 -0.0832281698331312 -0.100128263757353 -0.066313613464846
-0.0620396166270342 -0.0937526791273271 -0.0780815874676989 -0.118856253655385
-0.0519744719388991 -0.109407979281709 -0.0131874314050417 -0.166164377918214
-0.0096420512536541 -0.137757574331319 0.0720469141575675 -0.17761185768635
0.0601173793021873 -0.132314538148394 0.154331776985618 -0.0919222234496055
0.140685514417267 -0.0895076960681633 0.121491887313071 0.0387122682063364
0.185375457897022 -0.00573187551572038 0.00414937506050888 0.0855944485509654
0.158469760232414 0.0555337673007418 -0.147447180752961 -0.014680240947613
0.0544058475652004 0.0538990423270206 -0.266626517958384 -0.0306365075447476
0.085369108454165 0.0219221103338376 -0.213060171232409 -0.0503075632685587
0.0757998041798885 -0.0325252781771082 -0.172537329597856 -0.0718279747730873
0.0307997227620071 -0.0549815698209753 -0.132504284747443 -0.0762793633453693
0.00501890519371618 -0.0512290474156586 -0.162202599419118 -0.079283390789843
-0.0145294921228936 -0.0544195078836685 -0.170788550045637 -0.0435880299853098
-0.0285678381265906 -0.0471237389002502 -0.152546329752502 -0.0505469107881759
-0.0242659770119635 -0.0476570706880555 -0.11874741288906 -0.0929731224722091
-0.0209023860691477 -0.055751238870382 -0.0845890124889384 -0.146727411643289
-0.0122067470882761 -0.0628914171216363 -0.00409821751893682 -0.186309392196541
0.0171132255473308 -0.0764449085118476 0.0862897262723524 -0.181472044766394
0.0569250901045549 -0.0693678941946771 0.159204507694579 -0.0875255160767535
0.105994785667116 -0.0304558090592382 0.108643645839447 0.0286797808548555
0.115349120072458 0.0355433325038144 -0.0128665004402026 0.0574742563389245
0.0712176092709162 0.0648348379448469 -0.168930707833041 -0.0495607732835488
0.0246529264417165 -0.041603729173791 0.183846334730957 0.0712481669725786
-0.0360944729403809 -0.0331768401385049 0.0555304904640621 -0.0569706669250378
-0.0454376110413225 0.000322605044404953 -0.100220409372051 -0.0483923910152789
-0.0148501668257447 0.0181083144813471 -0.189047794897516 0.0500873840274574
-0.00615485353512144 0.00588715754692853 -0.128035220976356 0.17696721698929
-0.0140571850691267 0.0054943306713826 -0.0196499986905947 0.207358484061636
-0.0198246216641428 0.00954318219686395 0.0607696797664968 0.176271915512408
-0.0303485674460495 0.00754524373615345 0.128756749995812 0.117255723205079
-0.0321601812748805 0.00182886875427514 0.151785290124974 0.0660185891478814
-0.0337061080331977 -0.00960513908091785 0.174883654777028 0.0422691302487821
-0.0269701410209939 -0.0247670255591215 0.171274697925485 0.0660061474056719
-0.0073081753765829 -0.0250301520605552 0.146874805953532 0.0885969344826929
-0.0110571115227535 -0.033644580232783 0.167148580455633 0.0850765052795448
0.00475222869517802 -0.0520055048451734 0.206944750620929 0.0754226911325954
0.0505915218841912 -0.0412268307450251 0.269299294110052 0.0322670258412134
0.107715529968671 -0.00613105516053572 0.156637585258626 0.0693948825727963
0.0447561585274844 -0.0262587694903219 0.0378653438661637 -0.0549915174194136
0.0199089117589421 -0.0173740844653776 -0.109014282836699 -0.0574573426531149
0.0251188527084135 -0.0232941442301204 -0.194344876764576 0.0393785609296578
0.00531489611864782 -0.0506715987192814 -0.141783097630461 0.15898981174313
-0.0295596221011308 -0.0499425366975734 -0.0429449758886864 0.197633581421591
-0.0533108058833612 -0.0375726215864136 0.0404337714004637 0.171763519684057
-0.0754488953471429 -0.0369049371630528 0.10941286880114 0.112268679614739
-0.0797543748651431 -0.043835424303018 0.130346269528086 0.0541474368522927
-0.0826294901014171 -0.065844690098747 0.156326297653276 0.0146871611930753
-0.0609078726745153 -0.104678450483268 0.169221063748236 0.0254672378712416
0.00112257149379914 -0.115084848781003 0.159607543549068 0.0589290166349537
0.0522052124477561 -0.109952543631771 0.17200856785053 0.0771519952488969
0.103686991939228 -0.0891915321363478 0.184892302475205 0.07521867773989
0.149878136424336 -0.0423662907315176 0.226690805895827 0.0351025026093475
0.178219686117636 0.0338691651339268 0.10377494445389 0.048342808162647
0.127976854153389 -0.0124323571986402 0.00628210981469518 -0.071093582761221
0.0966076891696938 -0.0357147323758809 -0.128715922824704 -0.0793128350577927
0.0690410408623841 -0.071078793735581 -0.201480192802377 0.0234373291772815
0.0171906711720665 -0.109202321827999 -0.151223599322959 0.131512094841777
-0.043716806725351 -0.10428913991993 -0.0654864222778941 0.171720049210151
-0.0812013829009181 -0.0817967911931528 0.0120549201588402 0.149290460977648
-0.110027875647932 -0.0761657036268354 0.0744741005244118 0.0914316641054742
-0.115521290911271 -0.0822594682849596 0.0911873091120626 0.0305637163215843
-0.122055619588907 -0.108316767021483 0.11923645577687 -0.022149869803818
-0.0936378013093385 -0.164804436811123 0.151439595751007 -0.0277698437203001
-0.00563882586907491 -0.187435994500748 0.167781793963887 0.0154628468414473
0.0933617810484628 -0.17852105563581 0.1769416497708 0.0670900159211023
0.180950556543569 -0.123694839201861 0.156896797586335 0.0832790863784765
0.225805999651403 -0.0393322316093656 0.15822234339272 0.0404093496043939
0.226338892631169 0.0654374530850444 0.0265473723106874 0.0149864199897836
0.200072576137519 -0.00241005523722415 -0.0416191728547355 -0.094278933771235
0.167790384064667 -0.0605961049926649 -0.153152242641547 -0.102131767167517
0.104807586850993 -0.124549492610346 -0.20303021742675 0.00126632827900722
0.0215237711675943 -0.161431267726526 -0.156138201892586 0.0887111739752463
-0.057194796490493 -0.146591967566337 -0.0890031829570129 0.129462568975702
-0.10082295762197 -0.114295666764777 -0.0228493937637465 0.109769764985192
-0.126892105580166 -0.10443333598005 0.0289869922065139 0.0576543095551764
-0.130999063949827 -0.109654151684012 0.0409389225095797 -0.00224389884024351
-0.139079199012913 -0.136675328335947 0.0724759186968565 -0.0607886234204431
-0.108485271447435 -0.199915514395386 0.120194003513487 -0.0798962275828892
-0.00670363479162015 -0.228096177257209 0.166552589728437 -0.027064981923798
0.120179970331487 -0.217747176099374 0.174368640874304 0.0580019923230312
0.230416822250732 -0.1361206827669 0.121137852315083 0.0981841985989152
0.266299291950194 -0.0255928689229516 0.0722155635412093 0.0433846772107764
0.239459564166668 0.0815855919370919 -0.0670837691967379 -0.0199429693721888
0.237809474525948 0.00147833580848692 -0.103918365271809 -0.107030540232597
0.207413918699313 -0.0833432678776452 -0.175299787871933 -0.113503118002015
0.11747842348164 -0.162046863205727 -0.192140826091876 -0.0256167585282285
0.0158987239824359 -0.189959143216853 -0.156977169785385 0.0338140148453288
-0.0668245853290819 -0.165458282982228 -0.113389243737295 0.0738941692572221
-0.107778178307136 -0.125716216712607 -0.0617574518373266 0.0599662284370123
-0.125749237600586 -0.116527326253503 -0.0202898326700986 0.0145948981511067
-0.124989544560837 -0.122990179036678 -0.00998970808420446 -0.0414714393933382
-0.127983158325692 -0.148597597757584 0.0277410861751439 -0.0993811005807617
-0.0911049904999967 -0.207875496562382 0.0903451668462199 -0.124661573567574
0.0113100318189477 -0.229431250883284 0.160141197328976 -0.0616097793547523
0.142187867173577 -0.208312585681808 0.161692035215639 0.0541683883222751
0.250069284041714 -0.111619783846051 0.0786425702818676 0.110349496014043
0.267363122542528 0.00182016219764609 -0.0173899378081807 0.0362393953320385
0.211310337778746 0.080645925328469 -0.159686577226401 -0.0425735741657119
0.226349608134756 0.00390354101355744 -0.16316239523785 -0.101388380300004
0.198902626399661 -0.0886112497640622 -0.185308384654061 -0.108669665835976
0.103499965148523 -0.162800352386862 -0.169400301560226 -0.0525074641443021
0.00729834274979609 -0.177819744674591 -0.158099255364075 -0.024890011533592
-0.0646849946370373 -0.152958421239735 -0.139395840969637 0.0168313440876498
-0.0981573948037808 -0.11582272865087 -0.101982534918637 0.00965153300187827
-0.104682640104123 -0.110079490584225 -0.0659573186813599 -0.0302290028704041
-0.0987732154250465 -0.118182269038206 -0.0511790627440076 -0.0837043515771565
-0.0931846127142989 -0.140981417816676 -0.000380285056822002 -0.13606951355226
-0.0502609338880587 -0.186347611795108 0.0750766252749079 -0.157802848838901
0.0427147968676205 -0.192297448424903 0.15680567831009 -0.080689054075974
0.154856780638463 -0.155724380338621 0.142573630659424 0.0516023118665251
0.235698005275193 -0.058265493457621 0.0353546770190942 0.108161614841896
0.228841713614417 0.0356070419352477 -0.0953281259066564 0.0148161596649456
0.144797531687002 0.0696443317190338 -0.232858003672814 -0.0490408299904738
0.16915462098718 0.0104210369839269 -0.202111227549465 -0.0815448292562542
0.149392965314398 -0.0701132352561537 -0.182145521218944 -0.0949193025669546
0.0700610142113491 -0.123254346453189 -0.145781536496587 -0.0729337656411936
0.00111791007691026 -0.126627502085007 -0.159457217190617 -0.0687821702147093
-0.0471977366559729 -0.111704607388819 -0.160027829389027 -0.0274776357146409
-0.0699472563502819 -0.0871773910917277 -0.134462122162915 -0.0314310664099087
-0.0680708428635639 -0.0861885400011553 -0.100833022038051 -0.0703145004187295
-0.0601341123534434 -0.0959897987433196 -0.0750725683122489 -0.121592840534768
-0.0485901860786781 -0.111611958826844 -0.00825670108683126 -0.167180739815448
-0.00612709686819724 -0.138492375899651 0.0779927483034803 -0.176279226019731
0.0642750340921561 -0.130557746620053 0.158522738088548 -0.0863343093644129
0.144450839918748 -0.0847288363577522 0.122329673383652 0.0457890648566311
0.18737614964682 0.000588464439942068 0.00159164172227601 0.0876455996120395
0.158515822136034 0.0620943993449696 -0.14782637104132 -0.0195227983945776
0.0531839275945559 0.0558467108342033 -0.269071515386966 -0.0417124677456857
0.0847886693011573 0.0253979978971264 -0.212206042112662 -0.0594554347110652
0.0765974607545806 -0.0298319279139447 -0.171315599017764 -0.0802169436378282
0.0324222843487571 -0.0536219406804766 -0.131675702100886 -0.0845043911985032
0.00688681066223459 -0.0514094152107308 -0.162455585940479 -0.086121140947487
-0.0132309368008365 -0.0548031695502763 -0.171415187698504 -0.0499595012800015
-0.0271871327218171 -0.0480241985281377 -0.153003824193412 -0.0554802379688433
-0.0221715278048121 -0.0491527226376055 -0.118077439636854 -0.0967684520849775
-0.0191620176532111 -0.0566690903378441 -0.0812913102945224 -0.149664684466923
-0.00980057395929783 -0.0634102957831725 0.00141157414936292 -0.187706229643043
0.0189566856369206 -0.0767453632387875 0.0925090104467118 -0.180005826871806
0.0591994854199263 -0.0673939549336706 0.163968750659727 -0.0814113969839744
0.106779681036571 -0.0263247603820624 0.109715436314788 0.0350595715570436
0.115219503158545 0.03965741962264 -0.0142190732921774 0.0580376803620447
0.0694195589365609 0.067458958154322 -0.168007328539044 -0.0561154193014172
0.0267656556015455 -0.0433749973741638 0.192079203917436 0.0763020442012951
-0.0364835472512352 -0.0350256984093958 0.058900210551772 -0.0609262461335685
-0.0477919475495955 -0.000190673711177433 -0.104893745282405 -0.0538560466032751
-0.0158556948522612 0.0185410829831427 -0.199100930541117 0.0496887679866674
-0.00678572865009604 0.00561041629651835 -0.13416358227717 0.182357527460352
-0.0149441195185637 0.00571320942206492 -0.0222409573543994 0.215431672816423
-0.0205553798911019 0.00969268607228394 0.0617312960619121 0.184598617830195
-0.0314747753562539 0.00759585044505116 0.134446467418723 0.123306100658725
-0.0344345746228423 0.00107237905440957 0.15900107194958 0.071291082356943
-0.0356455390891539 -0.0108663119039246 0.181799585638423 0.0458988919331601
-0.0281087111242701 -0.0264414301775715 0.178283483965339 0.0707007892397946
-0.00750578812475994 -0.0267279922069109 0.153635479445838 0.0953486607891971
-0.0109450532143557 -0.0351646671423302 0.173963582595249 0.091861871264979
0.00560804868641437 -0.0539929853206034 0.214649035928235 0.0831708679483022
0.0544804620392216 -0.0428108946326398 0.281042215235558 0.0381917803364205
0.112512844507722 -0.00582109139888393 0.163908558333941 0.0746636144839859
0.0468197862993704 -0.0269698665951948 0.0410912131243355 -0.0581104035018458
0.0201164439657284 -0.0171071262146735 -0.113532776969066 -0.0632182763423856
0.0260795453295073 -0.0243146843603427 -0.204464382763511 0.0378446368116391
0.0057703039960763 -0.0537719168193929 -0.149311644793972 0.163283971855093
-0.0310061973581227 -0.0522050007711716 -0.0461727816603863 0.206187999536775
-0.0554579621158094 -0.0393883923949751 0.0413124924764212 0.179017228724772
-0.0791129768121855 -0.0384207307763229 0.113380203806272 0.118043149958617
-0.0840816826354671 -0.0465020843815106 0.136767778518774 0.0583211655736024
-0.0871247141295692 -0.0698341167485313 0.162412009639671 0.016731436208018
-0.063197664240829 -0.109110564587363 0.176726663953259 0.0277612544064237
0.00200066444165176 -0.12070587687792 0.167437734009686 0.0652011463400532
0.0554881609198816 -0.114121221552945 0.179867392403901 0.084398475520022
0.109362361160504 -0.0923748080001091 0.192253091471974 0.0825937663215581
0.158340492138496 -0.042046450255733 0.236547746216081 0.0415016573074797
0.186081254247665 0.0366014549107971 0.109696861110352 0.0522596565664413
0.13370212151223 -0.0112354987556195 0.00975065792026046 -0.0751918389773127
0.0998821947436236 -0.0359715871802881 -0.134105187620403 -0.085879154738965
0.0723811726525791 -0.0741511168531913 -0.211784515586982 0.0205864412943101
0.0179414962691701 -0.113998463558867 -0.159892521498115 0.13360634589841
-0.0454923595414204 -0.108155296458927 -0.0698193507247642 0.1786866869738
-0.0851363705652827 -0.0850411193514931 0.0123516304513566 0.155850015955243
-0.115097422670484 -0.0797225094035935 0.0770401159493283 0.096503248143419
-0.121521496788302 -0.0868585292785207 0.0955236043089797 0.0332044242062482
-0.127872170551096 -0.113680810255001 0.124020819190336 -0.0212379291772123
-0.0978626555184788 -0.171795678698505 0.157400835399301 -0.028535408830713
-0.00466957680117512 -0.195778084229556 0.17595800105441 0.0200330126636845
0.0983080334869034 -0.185312558743374 0.185631957472311 0.0734054767533875
0.190605667680604 -0.128209334365507 0.162864134936603 0.0918103401668297
0.237544245171075 -0.0388199987474299 0.165167226539557 0.045820398865815
0.236363514784835 0.0702093862512625 0.0292202705920944 0.0158882855554839
0.208086033428541 -0.000243717332396956 -0.0401704010641347 -0.0992587993746735
0.174242544503136 -0.0613727847379212 -0.159108404408295 -0.110269590171125
0.10985734223532 -0.129255146581215 -0.213566689770253 -0.00348441627273948
0.0225511044213233 -0.168086847671311 -0.164993550884093 0.0896768560122709
-0.0598779606359262 -0.152667709200606 -0.0933444974915164 0.134089028808273
-0.105281850678886 -0.118734844289746 -0.0238098053477222 0.114282679220597
-0.133337178583911 -0.109106491396257 0.0293836259270989 0.0613961775203377
-0.138459669008012 -0.114888492326059 0.0431378230288904 -0.00150720856683406
-0.145916602419655 -0.143907328335134 0.0754148328281142 -0.0617943574102603
-0.113312475782703 -0.208658535904192 0.125664779226828 -0.0828357981432095
-0.00620599398695572 -0.237213713391359 0.174241047986017 -0.0252960436049468
0.126692982910351 -0.225631505973303 0.183133160067094 0.0646917750493906
0.24225301650753 -0.140561633745564 0.126367227836839 0.10636560598347
0.27986535769172 -0.0233505740288174 0.0760270220269205 0.0470165517975517
0.2500606414224 0.0870613907775841 -0.0683697747598417 -0.0214390914319108
0.247759943200391 0.00454607394370355 -0.103409239191514 -0.112777743197709
0.21562664216604 -0.084504959745685 -0.181854608536815 -0.122365772666598
0.123292360527046 -0.168688606935579 -0.201628652320041 -0.0311500253508531
0.01755100058476 -0.197648851588682 -0.166160480018888 0.0327842881677919
-0.0699799824754168 -0.172279846818861 -0.119007522995891 0.0763301369174303
-0.112655495245159 -0.130656314128053 -0.0647925847330169 0.0623108691860489
-0.131475648051619 -0.121710039051142 -0.0221613483909491 0.0156456738883805
-0.131659803523732 -0.129022380862155 -0.0102174764463855 -0.0429207128121916
-0.13401668951513 -0.15611596983722 0.0292164793862534 -0.102771043790184
-0.0957175407314618 -0.215768380893719 0.0944631467022592 -0.129723233042233
0.0125816895587991 -0.238826441251767 0.168142034358766 -0.0614839647317986
0.149537397388034 -0.215813186603722 0.170853878107263 0.0605487577577698
0.261562498012438 -0.115490954621557 0.082013042757807 0.118467165290659
0.280543332171212 0.00569405973839444 -0.0177144285842291 0.0382641780885718
0.220966534719845 0.0859284413809846 -0.165672859041704 -0.0466759610409131
0.235645818227164 0.00615122645761494 -0.166257479631059 -0.107597665298736
0.207359025011995 -0.0902399229859068 -0.192914904597566 -0.117417011161764
0.108544148184937 -0.168986424357062 -0.177255233545296 -0.0596319130288248
0.00803308964030551 -0.185611131743641 -0.166629564444196 -0.027668296287808
-0.0678330649940078 -0.159181758422466 -0.14561702071662 0.016568580495867
-0.102230961806897 -0.120711467309524 -0.106456199850715 0.00933981955145948
-0.109022375633851 -0.115616922636576 -0.0696366340382862 -0.0320915767019946
-0.103394851897844 -0.124223871668315 -0.0533033533229837 -0.0867593330311678
-0.097474770917997 -0.148204256878469 -0.000860534941068085 -0.141643016456002
-0.052665665944964 -0.193841439274928 0.0782601847330172 -0.164727521312993
0.0452760792148412 -0.199739599742304 0.164288668244844 -0.0819477120846348
0.162490647734866 -0.160357252477291 0.150290676261177 0.0575065023811701
0.246229665832513 -0.0599755802207212 0.0372095258697914 0.115087374621455
0.239882952277317 0.0400413163203889 -0.0989215514122703 0.0152401385497074
0.151012175295447 0.0739820820028215 -0.242403669388371 -0.0548708221753546
0.176589471976593 0.012961052033731 -0.207707793879719 -0.087937022919681
0.155696780932956 -0.0713150986400644 -0.18936412256904 -0.101705813015452
0.073613214211264 -0.127163120695615 -0.153012626948669 -0.0810979344497444
0.00258685867733191 -0.131998774367346 -0.167897265094264 -0.0734359310864093
-0.0489763521622959 -0.116552484971263 -0.167219341297293 -0.030292699015722
-0.0728546336008285 -0.0911071676505935 -0.141519284986226 -0.0339613411871514
-0.0708097422762681 -0.0903582292328467 -0.105778717439743 -0.0732713082960042
-0.0631025057693234 -0.10026972300373 -0.0788307632352811 -0.126558024240039
-0.050107081891228 -0.11655601968782 -0.00831349922914598 -0.173488320635219
-0.00664086652228076 -0.143909851315093 0.0816877009200871 -0.184054317475682
0.067402809695002 -0.135197973508187 0.166421836132576 -0.0880874409800519
0.150800356442813 -0.0858657432782209 0.128996221026747 0.0507012285527591
0.195507564796162 0.00167925486622707 0.00154794808369327 0.0929029306652195
0.16551473545712 0.0662264439487418 -0.153495561150243 -0.0218508856332375
0.0548646744772632 0.0589052723251176 -0.281493172040862 -0.0474057603607402
0.0883086944026338 0.0275888829129263 -0.219500423196855 -0.0652515908897463
0.0791239158674648 -0.0300384011716372 -0.178176138699534 -0.0868179686726524
0.0345371928732125 -0.0547470702429097 -0.138367187683848 -0.0929581334872297
0.00775050535218749 -0.0528121127191381 -0.170250240637292 -0.0923115124365786
-0.0139891236244133 -0.0575675917247818 -0.178741509093128 -0.053784927527461
-0.0281002811179234 -0.0499137814476167 -0.160489900324114 -0.0592619002842823
-0.0226258907267299 -0.0519634419342671 -0.124422521048537 -0.101515908773765
-0.0195143273989994 -0.0591061543537351 -0.0850447853536197 -0.156476926580087
-0.00917934270802852 -0.0661019921375634 0.00235156011926199 -0.195777761335174
0.0208993168579338 -0.0791716318387089 0.0979586287682096 -0.187302608368632
0.0622842903422421 -0.0690702085611673 0.17186977497472 -0.0828180319203417
0.111883035980372 -0.0253576431742601 0.114897795930673 0.0397342628663304
0.119458711965379 0.0421146005415678 -0.0146990828035708 0.0615702804266001
0.0721135715498081 0.0710324153082125 -0.174797747987829 -0.0603302918480736
0.0200528007248595 -0.0497091288231093 0.217062771921955 0.0529909924623309
-0.0429219379516607 -0.0307596894202038 0.0540009982930696 -0.0745625302803651
-0.0490527271350311 0.00705287722839833 -0.117557591117768 -0.0420941889064592
-0.013478334669578 0.0186725757663567 -0.199636856338646 0.0857997670517304
-0.0091643799717345 0.0036552950481704 -0.109800120781789 0.211494318199495
-0.0153708045095312 0.00709184171533103 0.0121446994194249 0.228716738561298
-0.020296469452863 0.0128287429496371 0.0990460765302099 0.185604472491461
-0.0329984761193068 0.013490304269631 0.159346776732581 0.107187353630763
-0.0370092507617355 0.00805684538455481 0.179585480981735 0.0503965077632781
-0.0403618975161507 -0.00454413193622451 0.19654494143141 0.0202719693602676
-0.0344653287805258 -0.0214954503885855 0.197611477633036 0.0481512832644627
-0.0126786439500808 -0.0284317072628344 0.177026196112232 0.0799245539426318
-0.0169801230578303 -0.0347941572216499 0.196256859236989 0.0709062284824215
-0.00343019030134055 -0.0568522143926743 0.234769310193064 0.0564807149016851
0.0484212756947255 -0.054121147055622 0.300672604672007 0.00175291805876536
0.117729967959599 -0.0254143309922854 0.179848055606117 0.0589394664216479
0.0460389808951014 -0.0341276314126382 0.0339302317822099 -0.0668546905032006
0.0196922638119796 -0.0206651654617778 -0.131513399023854 -0.0485742372563316
0.0244668401309399 -0.0311989191546015 -0.208719141692828 0.0760056525707166
-0.00460965128872698 -0.0585643739793073 -0.129050256186628 0.197247258256863
-0.040949208603329 -0.0506270037733517 -0.0137696298884949 0.224515866041171
-0.0639282638313303 -0.0332121221272836 0.0758539087238228 0.18472421814813
-0.0893558888993274 -0.0274123821814007 0.137191042803119 0.104715570016982
-0.0960576159156681 -0.0340860050351331 0.152916620202212 0.0413800234451156
-0.102420951417972 -0.0577971718958318 0.171994682910039 -0.00581661432898867
-0.0834407771360728 -0.100412365335417 0.18996170895393 0.00443850301473777
-0.016944511952512 -0.126033206475811 0.18556842465711 0.0466306725197287
0.0387320911944196 -0.126094872628035 0.199715042286956 0.0624203328718823
0.0974797226937239 -0.111777076176528 0.211068654714349 0.056316151521358
0.15591590964793 -0.0683988116508687 0.255923268874891 0.0109997619058285
0.203469788784835 0.00700604406943844 0.111103460679073 0.0464086578088901
0.139615978028674 -0.0300622019973226 -0.00490646879974505 -0.0779122267420209
0.100054517132649 -0.0512796715325299 -0.160258121439879 -0.0665025676109213
0.0655747609255401 -0.0898219390054428 -0.221769660134666 0.0612298974776432
9.10646815056172E-05 -0.122996617288613 -0.144901088014337 0.171815803509769
-0.0648398000922748 -0.106351787792863 -0.0409406029411029 0.203354322687625
-0.101383586248276 -0.0764001811440037 0.0411747758624796 0.165894288928591
-0.133062726780793 -0.0646092588168922 0.0960235999029228 0.0886678558003528
-0.141149299961334 -0.0697554112773664 0.106141405035264 0.021322610812144
-0.151174006751648 -0.0970290920086109 0.125696123292479 -0.0394943954904034
-0.128535493811324 -0.159028166898811 0.160677986646887 -0.0504024789450242
-0.0346936759687407 -0.20256782362861 0.186951928453007 -0.000499056581614798
0.0710133223446298 -0.206965132813834 0.203460799973004 0.050302408439421
0.175832654515305 -0.160624832850029 0.181292777544597 0.0687357063131738
0.238660850449624 -0.0758600787804395 0.18202548970213 0.0245468034061169
0.263112201921304 0.0336620566437328 0.0156971786883682 0.0217907326776081
0.220171008095204 -0.0303081493279346 -0.0635667251962557 -0.0936792784721646
0.174297577096463 -0.0896385372683631 -0.194520438387885 -0.0833708273387131
0.0976984865842692 -0.152252786529402 -0.228995626595928 0.0391559274615418
-0.00246708523752659 -0.179718396935876 -0.157961177855476 0.130382086608005
-0.0853354791988211 -0.150111536327303 -0.0719979509908327 0.163073651208651
-0.126966667978683 -0.108257725657038 -0.00467551437072791 0.129373332054719
-0.156247322846489 -0.0932798530957476 0.0408521452515009 0.059390828639405
-0.162887601566405 -0.0964360146204098 0.0455045529341734 -0.00647750653862686
-0.173608548459791 -0.125084242695122 0.0678841426952341 -0.073733906410821
-0.149731275987396 -0.194328460966755 0.118384681140563 -0.102828503338292
-0.0430536048610283 -0.245050432572851 0.178041044038445 -0.0477437528878677
0.0935784092982806 -0.252294035231382 0.199082631688689 0.0401447608638767
0.226962043729423 -0.182268627299711 0.145671533016478 0.0886171068394222
0.285243132372153 -0.0662297008105696 0.0889788270193713 0.0392193068872368
0.282185455896145 0.0488567220353588 -0.0956388060407164 -0.00171936777307065
0.263490954734889 -0.0306208974205865 -0.133695960327301 -0.0970724416958915
0.215415048023481 -0.120566147404513 -0.221120074880462 -0.090364577206638
0.106606696838242 -0.194588319461441 -0.222738443767343 0.00916899337724317
-0.0104319941568548 -0.209483875774594 -0.169495462591001 0.0714953770290306
-0.0992152766128117 -0.168791795189008 -0.107568330232559 0.10699249747575
-0.136698089655444 -0.119872641553198 -0.0567409165192039 0.0818327946499872
-0.155956222781654 -0.106828409501664 -0.02067121547833 0.0199812205794119
-0.157875347359598 -0.112106437851274 -0.0176438717222886 -0.0415135717321678
-0.163081169358687 -0.139608430171915 0.0126564833033384 -0.10941990625365
-0.132880949721209 -0.204610770591629 0.0783672326412249 -0.14626962206686
-0.0234992497396934 -0.247553212456816 0.16584696374441 -0.0843829698631635
0.118680169986418 -0.245532238095146 0.184849181158767 0.0383648205685249
0.251122358297591 -0.159306452298269 0.102417370076784 0.106879180589766
0.290961317158376 -0.0368518502373398 -0.0107922957899651 0.0435004425799638
0.251327923460066 0.0517867971925313 -0.202078219148426 -0.0138010581442498
0.251628230718163 -0.0281402327832948 -0.198496123021121 -0.0825830002488531
0.206455875955148 -0.125376482890282 -0.230754180640515 -0.0829340728908462
0.091189360267437 -0.192420476480751 -0.202168940128565 -0.0244435941847848
-0.0178698888040409 -0.19580009331952 -0.179581469317612 0.00805311847013825
-0.0946408046170815 -0.155266862294599 -0.145774003200016 0.0481906687491164
-0.124160846137615 -0.111143669966741 -0.110665505303771 0.0328260313518855
-0.131126289346607 -0.103102540758493 -0.0776220494644031 -0.0214903121709482
-0.127098546295624 -0.11205145784905 -0.0697184678896965 -0.0805965301663361
-0.122397102851002 -0.136691353624254 -0.0242366699448298 -0.14511001717423
-0.0839704366086023 -0.188734297561236 0.0551603286771275 -0.181219357864907
0.0166840236299061 -0.211885429983371 0.157832971591981 -0.106765218281998
0.140975928388854 -0.190100119792412 0.16410257620645 0.0375750936812214
0.243737855816965 -0.0990397852953719 0.0563290348849218 0.109696550890954
0.253315958036769 0.00541806375282154 -0.0998423753023271 0.0305446615732116
0.175812987832786 0.0508740858064167 -0.279284743827723 -0.0140151104270224
0.190467502143644 -0.0126327602674583 -0.237353075650015 -0.0566732024933212
0.153920043755514 -0.0974001730385537 -0.222426366404465 -0.0691113026885598
0.0605332471524328 -0.14328131672349 -0.178303913816452 -0.052945746481668
-0.0145417291359987 -0.138758897284407 -0.188255141670403 -0.0411079988697173
-0.0685268727183328 -0.114488090215601 -0.177729366828625 0.000420479413891504
-0.0883277951439088 -0.0845314402498924 -0.155115835061722 -0.00769604706044957
-0.0868053438620873 -0.0843351833307679 -0.122173903038424 -0.0578231175669915
-0.0800837089803222 -0.0939583107611636 -0.103162723652154 -0.119202819156432
-0.067371839480235 -0.112273052299081 -0.0373607195004656 -0.178774237591284
-0.0281466807832687 -0.144780797624023 0.0564555755565283 -0.202771999049895
0.0497010602054093 -0.147836717351734 0.159404759920643 -0.11519299581825
0.141382639366358 -0.111608392070858 0.142096029216276 0.0342181909807721
0.200939806002668 -0.027639324193305 0.0171207278540432 0.0926831976596054
0.180502748601473 0.0437809703937696 -0.16328992124448 -1.83139399531914E-05
0.0713243324460368 0.0509898546708068 -0.312963527616812 -0.00504824837432108
0.0992812107151049 0.0149498329862461 -0.243736102540458 -0.0336141846335316
0.0800737055322577 -0.0429414410671529 -0.205011642514891 -0.0597668049048923
0.0301884519034812 -0.0622866238606842 -0.163967448387783 -0.0714066514148479
0.00238793953436865 -0.0576522118583117 -0.195275413301775 -0.063474535443315
-0.022848189436653 -0.0578655172352413 -0.195706430330723 -0.0246477385637872
-0.0354606231449291 -0.048266716813374 -0.181204300527595 -0.0330854327110447
-0.029745588182416 -0.0517017551734289 -0.145781723839069 -0.0850236278754497
-0.0279927943196144 -0.0583323140436934 -0.115040943036085 -0.148849306656912
-0.0167651699898307 -0.0659875342245246 -0.0288009355698232 -0.203197314026047
0.0100501617539843 -0.0829219615467354 0.0736301335621668 -0.209259661744996
0.0534336888214602 -0.0798850293688173 0.166872733875526 -0.111347664353754
0.110351696620165 -0.0428033593244031 0.127052771330814 0.0244752949327712
0.128921782393447 0.0252216476480993 -0.00353319099322608 0.0643013174026508
0.084992452680617 0.0629363300670308 -0.192047870280143 -0.0374866314537277
0.0166189627262599 -0.053772631532426 0.226240351183262 0.0364857016273478
-0.0453385910316024 -0.0280214837264702 0.0488035996319644 -0.0819454119001242
-0.0491692756471503 0.0117632713754718 -0.12409213447104 -0.0352253881981461
-0.0119273153800301 0.0191255153018383 -0.197396475465381 0.10393017655009
-0.00937471650763443 0.00374896559485879 -0.0951414092196483 0.222891800000756
-0.0153111909654846 0.00836658366407205 0.0317844664553116 0.231102134989152
-0.0196298022007692 0.0142820598633428 0.116969487888043 0.180227989978596
-0.0326447624300143 0.0170942248094323 0.171890821306882 0.0954626261765878
-0.0374709684578774 0.0117445976596294 0.187164198888123 0.0369678095155745
-0.0423127502545769 -0.00145929927194056 0.201528654284035 0.00486240081103412
-0.0369717708909066 -0.0192225090725583 0.206253178522644 0.0336430147440571
-0.0152261868440327 -0.0283345467296412 0.188071902318865 0.0685870034533112
-0.0197469623813448 -0.034173604922617 0.205304215459554 0.0567144077406853
-0.00796793104802852 -0.0575153146781278 0.243124681128342 0.0404409297093208
0.0457521243833715 -0.059682368650406 0.307198680729164 -0.0198008060456952
0.118091157987479 -0.0365587400266135 0.189829556888906 0.0456801645110045
0.0438925307685827 -0.0382517562924009 0.0296159973369347 -0.0716289936021805
0.0183524741508245 -0.0213148340246214 -0.13921832165351 -0.0401963150283179
0.0223609164836141 -0.0337474062555271 -0.207830757343124 0.094032742367457
-0.0104340306580306 -0.0593743733710546 -0.115665712543319 0.210182550334694
-0.0460863034813121 -0.0476154855291675 0.00518786790137651 0.229396499841343
-0.0680681551196887 -0.027670108526745 0.0930016964669856 0.18187545422549
-0.0933772327093861 -0.0197235327678612 0.149186336890927 0.0952618510455357
-0.101535944893634 -0.0254170233134034 0.160519819747489 0.029098216686996
-0.109896040113008 -0.0497282042246664 0.17399354249685 -0.0194014006725422
-0.0935163990448505 -0.0955821378146868 0.192747668704916 -0.0109555366791306
-0.028073798102693 -0.127224818390412 0.194195007371037 0.0338709733810339
0.028679786354822 -0.131234502274076 0.209455220442695 0.0485229379465469
0.0894249364598011 -0.12165169262003 0.219553103467695 0.0427486109637423
0.153965066429483 -0.082185092359957 0.261906579236175 -0.00866509881142806
0.207463493494984 -0.0108346571375258 0.119228972042018 0.0377252362724817
0.139180634423103 -0.0417444904986772 -0.00939438921309515 -0.0803335785025547
0.0978077878741773 -0.05938325967407 -0.169425620319816 -0.0560421665104002
0.059374790832153 -0.0968161778681143 -0.222106958609836 0.0795188638226628
-0.011038643176007 -0.124322290959163 -0.134100769685235 0.186141797177913
-0.0747817330221312 -0.101882617233874 -0.0246944346188606 0.209518207783123
-0.10967856009433 -0.0686377676764804 0.0564840304175011 0.164809876396084
-0.140903403006053 -0.0541420506214504 0.105299916060245 0.081649883640369
-0.151173879226254 -0.057992810792763 0.110623940349046 0.0131701427962427
-0.163581372666782 -0.0854795841306768 0.123958151255133 -0.0497372572137965
-0.144777122765149 -0.150076980154211 0.158629652904807 -0.0638227716264374
-0.0530119407805711 -0.202453117655724 0.191393071687099 -0.0144182659376721
0.0548954949551531 -0.215759090508346 0.212516059101039 0.0351594692749945
0.164614724542947 -0.178331756505434 0.191328743184544 0.0573386629022478
0.23793526881346 -0.0962495013328844 0.18828224486187 0.0116306275727729
0.270572184165891 0.011141000225208 0.0199887400530701 0.020352180111882
0.22109644716068 -0.0483012587077836 -0.0692681155065972 -0.0917718866117467
0.169936475372196 -0.103946757661145 -0.204624328270373 -0.0716778501130856
0.086212009554507 -0.162665297287219 -0.232005014484595 0.0569698295003935
-0.0181488698329989 -0.181667834614266 -0.151409959715401 0.144678024258576
-0.100405819405092 -0.14399449840093 -0.0590863648612885 0.171023947175186
-0.138448512450374 -0.0980515656918208 0.00729924942556627 0.131477823107357
-0.167564526430687 -0.0807023429596741 0.0464137633646288 0.056359539655415
-0.175648212692048 -0.0834495034896486 0.0461363062825577 -0.00981315776695949
-0.189430268458051 -0.111682450983748 0.0626114011528826 -0.0790801367458401
-0.169802925987001 -0.183696505430163 0.111112736667936 -0.113600864854516
-0.0653911205672863 -0.244454529510121 0.179049361145166 -0.061455551280245
0.0740434913272004 -0.263490183452136 0.207905086257445 0.0264596532821433
0.214849817100077 -0.204374972486026 0.157287801976726 0.0795258577561029
0.286210929083732 -0.0913437894096069 0.0953938013087373 0.0326657992423397
0.291196252568085 0.0249252343400737 -0.0957858385812628 0.00555917224328
0.265084100418324 -0.0531555332059728 -0.139903582000778 -0.089253525442024
0.2084246763502 -0.139254386940426 -0.232616980666764 -0.0756714440942693
0.091835615851027 -0.206554828404953 -0.227640665032303 0.0260101167248989
-0.0293251066148828 -0.211819142035126 -0.167805429848131 0.0860759573215145
-0.11569705793551 -0.161934513389837 -0.100532184773038 0.117422590078247
-0.149840584957268 -0.109454798480346 -0.0508921741011222 0.0874292227758203
-0.167769944446682 -0.0946232429785644 -0.019590000672058 0.0226524318956174
-0.170924483307396 -0.0992892787474043 -0.0209742604236152 -0.0397114483972248
-0.179439901532089 -0.127334295339469 0.00360019988456539 -0.110976696518235
-0.154105055424366 -0.195199723194291 0.0657814530439915 -0.155220378544313
-0.0453367632907171 -0.249241369092298 0.16243971685552 -0.09785554523297
0.0995201485652958 -0.25801271447587 0.194079032087066 0.0249143531303108
0.240600751661263 -0.183355829300575 0.114654917481431 0.101994205170471
0.293941377628307 -0.0615793544213364 -0.00597677512707051 0.0453581077435998
0.260335737198648 0.030927039128459 -0.205617920837795 0.00188893233054723
0.253545144041071 -0.0492937077814672 -0.204611058618636 -0.0691133408830363
0.199103491916648 -0.14302444463643 -0.241420134241566 -0.0667341596317103
0.0765456667367878 -0.20293495706243 -0.20954325556574 -0.00928002476504776
-0.0350386188438235 -0.196617507005475 -0.184179246631869 0.0233969672089772
-0.110630977231549 -0.148510464891801 -0.14460728497221 0.0608018456781863
-0.135858445426002 -0.101237999467716 -0.110122014018021 0.0429398014658475
-0.143001656894823 -0.0939894315060438 -0.0816098685740335 -0.0141071384166765
-0.14027898243841 -0.102614612913888 -0.078093005682747 -0.0745297084933708
-0.137458115371163 -0.127978775841352 -0.0372076491346026 -0.144157598133116
-0.102297349377637 -0.183209252770526 0.0400989575750321 -0.188367081664078
-0.00157378303849129 -0.215519819119147 0.152158797583759 -0.11983828825117
0.127529525372973 -0.203856047148025 0.172844879766306 0.0260871589839643
0.238694610596159 -0.121500082129257 0.0678287357833796 0.10769428117752
0.258619873225024 -0.0148544756829783 -0.098547126119416 0.0391935736912005
0.182573682856698 0.0367786558829525 -0.28489105238743 0.00882194725526133
0.191979139117645 -0.0286044713537927 -0.243737176403619 -0.0403446063485002
0.148320615483652 -0.110598227855362 -0.231607936946875 -0.0537539893675755
0.0498435758886961 -0.150205097682157 -0.188727483780657 -0.0409988625413893
-0.0262164474531633 -0.139289990414521 -0.197134909862328 -0.0260497002663964
-0.0797990430601671 -0.109078065169752 -0.181607484842051 0.0155449708353845
-0.0975836259079416 -0.0781518281275222 -0.159999027233078 0.00537614513035877
-0.0953002172646471 -0.0776111658880585 -0.130549163876838 -0.0477377364440657
-0.0899724816968799 -0.0880282404240527 -0.116034951962371 -0.110198308879724
-0.0785176207963746 -0.107826896342145 -0.0536762763807867 -0.177747582685961
-0.0414598943166857 -0.142932316918574 0.0391387693533027 -0.210219554270077
0.0379656053160656 -0.1540249091226 0.152642365860665 -0.129100981140084
0.13435005344896 -0.123762897804708 0.149918886118086 0.0246462429616857
0.201246200453542 -0.0453499493350222 0.0265067723730917 0.0937372309726552
0.18741097907762 0.0294875887194181 -0.165666998382788 0.0137181989441574
0.0769664720354054 0.0456940157790082 -0.319717366325528 0.0192598520457098
0.101830523479625 0.00719556625182195 -0.249310683534739 -0.0168139367888204
0.0778188514616456 -0.0493930906884478 -0.213006738870405 -0.0457360267158107
0.0255172364672788 -0.0654042292426536 -0.175062937287143 -0.0603516023759369
-0.00212528485482767 -0.0584775609561587 -0.204969275023529 -0.0475040579202002
-0.0286365285618731 -0.0558711479159061 -0.202086808789875 -0.00902508528014267
-0.039961386347995 -0.0452382086974324 -0.187955850198987 -0.0174471487819046
-0.0342876582527192 -0.0501450627340109 -0.156766973440889 -0.0727279454831012
-0.0329210294448763 -0.0564873593898054 -0.129872956507462 -0.140385460653914
-0.022783691669199 -0.0660056031552971 -0.0475205530129807 -0.203172292197583
0.00302255632672174 -0.0844500094821762 0.0565240815329871 -0.21803188935763
0.0478371271407331 -0.0854056149161492 0.160487106362081 -0.126081005370538
0.108436104646575 -0.0519439161008581 0.132903026703694 0.0164472336234829
0.132741532096186 0.0151761725064001 0.0017977643591994 0.0661375964114974
0.0911085102806894 0.056822812759379 -0.197678013299876 -0.0227308555573757
0.0117219908002132 -0.0541586560405931 0.222844323258396 0.0174506784235168
-0.0450839903951466 -0.0240692128048216 0.0405763129037996 -0.0836681355984997
-0.0453345756340326 0.0153462181146165 -0.124413664281657 -0.0261861453050357
-0.0102350887114607 0.0189596953256603 -0.185086767818466 0.115126469337212
-0.00908633393355858 0.00379851493253468 -0.0753530908579399 0.222641851401258
-0.0137187406246663 0.00931934849694479 0.0487744856646462 0.220458187446649
-0.0178164587259731 0.0159384349605752 0.127976285256171 0.165994655001909
-0.0299078720644042 0.0187002727334913 0.174914661913673 0.0792242526121912
-0.0355053527076374 0.0143666507648896 0.185427279503784 0.0212640896498806
-0.0420223154381294 0.00236356804982524 0.196009308164259 -0.00975480794095257
-0.0372569384018262 -0.0159292556517333 0.202516611971661 0.0166550646686517
-0.0172182958764556 -0.0268211438842262 0.188687241961464 0.0538755201965795
-0.022093913581325 -0.0320381631197179 0.203311330805959 0.0408558002024123
-0.0116017520617654 -0.0545174581638008 0.238552211903042 0.0221044550880211
0.0396882275522305 -0.0616289720120178 0.295964532145449 -0.0403761854697867
0.111366875049739 -0.0450540651084012 0.188656479417262 0.0283731623864883
0.0397037167902987 -0.040132430916984 0.0239194363474403 -0.0734197445205195
0.016697517974202 -0.0214591661118357 -0.138803626504807 -0.0300405312461918
0.0189330276387345 -0.0346673806048171 -0.195359224510955 0.106352233182673
-0.0150029777690643 -0.0566779426620691 -0.0968667532540583 0.21111953615012
-0.0485204279447313 -0.0418135020344632 0.0229611830046891 0.220963697463011
-0.0677487008549525 -0.0213224168304208 0.105253056490215 0.168253542827044
-0.0923486387692398 -0.0115761881318972 0.152452463105566 0.0802970955540934
-0.101590831078771 -0.0158179019803159 0.159071429790755 0.0155198884467893
-0.111365748191157 -0.0387833469925422 0.166598747800956 -0.0312197891262655
-0.0979684742313238 -0.0846516237272408 0.185720463633274 -0.0246505880618556
-0.037055855299724 -0.121199871265254 0.191225459336363 0.0196710983343742
0.0178723994512668 -0.129781125766416 0.206590470793953 0.0313978855745275
0.0775273430274983 -0.124500271540851 0.217462001551203 0.0269970073399701
0.143994899416959 -0.0913168603176077 0.254609908173945 -0.0255207788299847
0.200215664207503 -0.0276831794039881 0.120408911331179 0.026439699800656
0.131619239060543 -0.0508769615685526 -0.0134131157336254 -0.0788919772207595
0.0899528086137556 -0.0638544917554432 -0.169307290157111 -0.0432849039316229
0.049740969514102 -0.0976450722821668 -0.210317488937424 0.0925060259942229
-0.0211892612328477 -0.119682815852683 -0.116356522776181 0.189222775749296
-0.0806558250870225 -0.0914968517242669 -0.00703698054222303 0.204263740802852
-0.111757624701751 -0.0569920435746584 0.0680050914479265 0.154624415520112
-0.141118434425216 -0.040628405217526 0.108927375166038 0.0708786397706408
-0.151978976600172 -0.0431077405005877 0.109138970981791 0.00487537153431415
-0.166893509336338 -0.0691661446596564 0.116376922060667 -0.0560560008964092
-0.1525737854097 -0.133131556039029 0.147457789983516 -0.0730660084133698
-0.0672549989006151 -0.191681075308438 0.18508684834065 -0.0270546945575163
0.0364478317821484 -0.212207744916128 0.209778908633782 0.0187310228193102
0.14501982716734 -0.184821768457835 0.191443794214541 0.0428767263449194
0.224099330122579 -0.110812365896115 0.185162135409516 -0.00243838998527295
0.262329877933158 -0.0118256232764313 0.0230248021975142 0.0174789983467668
0.209898632175865 -0.063523667566372 -0.071092902852299 -0.085489477081184
0.15608640282025 -0.11270614288729 -0.204220538437158 -0.0559476304314155
0.0703232504744771 -0.163609564335738 -0.221693915142172 0.0717354156757276
-0.0322221146440166 -0.174135048935 -0.136741948612902 0.150794355791104
-0.109065864703983 -0.129858937772374 -0.0439453407236007 0.169525075740503
-0.142520930365418 -0.0827531636456395 0.0169575891658063 0.126424079938187
-0.168793173730894 -0.0641490398008839 0.0496311142067394 0.0512402032140344
-0.177955819162576 -0.0654270586877322 0.044561481454207 -0.0121037939278855
-0.193323119725419 -0.0926589691953935 0.0543602834370836 -0.0802459331215998
-0.179778893272117 -0.162838494449259 0.096832822039325 -0.118075838320175
-0.0820992128950042 -0.230567655381581 0.169893395141783 -0.0716044838982128
0.0506375885737708 -0.260529764043207 0.205635903468598 0.0102124619252994
0.191350104777402 -0.214443157327762 0.160042702602209 0.0668298669874212
0.271350671124567 -0.108985205370981 0.0968158178281807 0.0246690633385217
0.283648561110171 0.000503073375125036 -0.0909480246974647 0.0119991154755555
0.252217729107653 -0.0715993590321507 -0.13926849863058 -0.0781332750544332
0.191002059554919 -0.149610933720877 -0.231332990688853 -0.0574235437694348
0.0721636095158011 -0.206685805940102 -0.219304954166791 0.0411571859025698
-0.0455312669195702 -0.202034637030403 -0.157600287074222 0.0965903069882175
-0.125371252874152 -0.145759777536379 -0.0888416112527814 0.121647728435479
-0.154130433401699 -0.0927115131282093 -0.0428437628762278 0.0891898708957373
-0.170927325712023 -0.0772522844292161 -0.0170868854976663 0.0238180328344999
-0.174418403226088 -0.0813247927116067 -0.022954945828559 -0.0354490609446214
-0.184622914193101 -0.108095823510052 -0.00523279392090688 -0.106064652525485
-0.165220182862209 -0.175180235650365 0.0500289434024204 -0.154592196365307
-0.0640083971838174 -0.236438197074567 0.150758768914619 -0.106225672149634
0.0765224651385076 -0.257218579640794 0.192527691584752 0.00929912942585064
0.218790997609972 -0.195931175729392 0.120626800831262 0.0906090432748869
0.279728432643237 -0.0814274105250523 -0.00116666948300724 0.0442873592721733
0.25460207115255 0.00917403744881884 -0.197827736525728 0.0161353978751384
0.241290530035382 -0.0663696287012155 -0.200648973502712 -0.0542359299500502
0.181200817143953 -0.152440678675403 -0.238769709816295 -0.0488435672381895
0.0584703581044599 -0.202573199926452 -0.205414136824482 0.00518205435855754
-0.0496186240579605 -0.187548408802252 -0.177791934966095 0.0372323641886487
-0.119202991141267 -0.133417832598248 -0.135795333569657 0.0702641724742505
-0.139737601500409 -0.0862790843091415 -0.104114310149729 0.0504762083848524
-0.145829786496335 -0.0789422932676894 -0.0808844084051481 -0.00637472474895513
-0.144019603144077 -0.0868881777433763 -0.0819132880602006 -0.0647359058421167
-0.143212675941335 -0.112491253847408 -0.0474518452196112 -0.1357261827914
-0.114031867950732 -0.167518216534259 0.0219812344627309 -0.184422805040521
-0.0185649241120504 -0.208286331336057 0.138839249715153 -0.12677859882147
0.106619563809529 -0.205711629037552 0.171518943779197 0.0130424923733979
0.220160660854064 -0.136415964549602 0.0759007879036066 0.100250671793898
0.249647644137749 -0.0347873544842686 -0.0914315886607274 0.0452936033496253
0.180366950226208 0.0210574936255148 -0.275825120063075 0.0286669070362664
0.183926553821021 -0.0423700795322917 -0.236739509454226 -0.0237766407750955
0.134636388127093 -0.117138492158359 -0.22844338267642 -0.0365874620215846
0.0367942453063045 -0.149171645063847 -0.187003507009983 -0.027422787238983
-0.0366207322628714 -0.133041230809793 -0.193592824626387 -0.00931511543157643
-0.0861922679159794 -0.0979984163108419 -0.175568430570652 0.0293445410294567
-0.100823430405328 -0.066828658260962 -0.155378191027882 0.0183850004326156
-0.0985642820506457 -0.0677554685039364 -0.130572023884206 -0.0348487589177058
-0.093968028353261 -0.0775324328357719 -0.120931692441285 -0.0958282332928308
-0.084684998789518 -0.0974196827698046 -0.0653825959554632 -0.165743568178911
-0.0520181614562339 -0.134331546804093 0.0208216761726027 -0.205421160539651
0.0249137652091101 -0.151410354094922 0.138928579598591 -0.135217593384005
0.120520890908472 -0.129313966981216 0.148818170903112 0.0133642230441244
0.190236205372015 -0.0596899009245669 0.0341827059904256 0.0892797765775369
0.182831194488684 0.0149497172376481 -0.158726575663228 0.0258100894773121
0.078350886530919 0.0375901574054374 -0.309582543477791 0.0420923011931124
0.0990829925976403 -0.000647350070193817 -0.242442676341263 -0.000722316393314246
0.0713867851122581 -0.0524329460475628 -0.20974519003453 -0.029623455651675
0.0202377355074584 -0.0648943927813168 -0.176693190076364 -0.0465405400403618
-0.00626645483355929 -0.0564273337562976 -0.203950114443411 -0.0294929700397903
-0.0326607717879585 -0.0507151803256042 -0.197519665737581 0.00692441761673493
-0.0425028473727444 -0.040844973608663 -0.184712117637409 -0.00206205373756035
-0.037180462726533 -0.0461065973338639 -0.158406471454735 -0.0570060276048878
-0.0362576604537183 -0.0522700177380021 -0.136915164428608 -0.122821677115681
-0.026257391601678 -0.0621264430372892 -0.0611479955207863 -0.192666518062077
-0.00411460409483345 -0.0814743651708965 0.0372908220699332 -0.214902232712739
0.0398931785482038 -0.0855536949281698 0.146590462380167 -0.133315542209608
0.100612447873654 -0.057305237612844 0.131143385858314 0.00708729013192921
0.128817692474899 0.00415467335916958 0.00824042498585563 0.0641205666495311
0.0913347562115538 0.0477100462249856 -0.192946492037103 -0.00584294462535616
0.0097072860951921 -0.0523460279237449 0.212835433837368 0.00709928731698943
-0.0428411057231706 -0.0211079263221273 0.0350055124991844 -0.0818879920624292
-0.041544816438781 0.0154795882633913 -0.119576741314993 -0.0213719552840356
-0.00912236339190781 0.0178346712514217 -0.171014503521749 0.116077310315873
-0.00921503240395837 0.00384025771565062 -0.0639319595211583 0.212252653298225
-0.0124103238537894 0.00933378113005323 0.0553575760880805 0.205714770508007
-0.0159998009263424 0.0153270747180091 0.128904001245061 0.150909648912207
-0.027397918500919 0.0191138987222942 0.169435356625934 0.0673274715141391
-0.0340829796317919 0.0159349367591759 0.177214131930961 0.0124803483740601
-0.0401520290976481 0.0042185246410977 0.184430319812849 -0.0166883244522868
-0.0358401960676072 -0.013914899639088 0.192520359657387 0.00889785257111072
-0.017410673330661 -0.0251913989880599 0.181760459419392 0.0451810776604546
-0.0214300405075579 -0.0295147708964938 0.193093097446192 0.0317498249597239
-0.0125832554502906 -0.0505231390835307 0.226729867704116 0.0151471453265991
0.0358893094455267 -0.0601925914405128 0.279488182466113 -0.04715833004934
0.103311323646784 -0.0476484304990745 0.180642685623304 0.0191619377471081
0.0363600630527864 -0.0399417194173638 0.0203282893262095 -0.0714816483053836
0.0155326345065123 -0.0204522866880149 -0.134108714929064 -0.0243988294485058
0.0160844081222762 -0.0337059810090687 -0.181926050276921 0.10743246054624
-0.0174070132476381 -0.0531394202757962 -0.0840600880365891 0.202181154567661
-0.0473165758471461 -0.0370108989779104 0.0306835235447137 0.207754370595343
-0.0650089557999255 -0.0171157643349204 0.106633972037415 0.154281201137961
-0.0877268269732294 -0.0069533550140212 0.148291498512069 0.0700039628301443
-0.0972306244323321 -0.010366854519165 0.151899976657241 0.00882069951651957
-0.107156984967774 -0.0315589845890952 0.15667552661524 -0.035228201034804
-0.0968768697486368 -0.0761783037519359 0.174568602444886 -0.0293847786760333
-0.0406134904421699 -0.112634567216498 0.183363207646622 0.0127823811342939
0.0117345294635848 -0.12325542178084 0.197827691012803 0.0229600116085775
0.0687902202382203 -0.120450173470815 0.207271118894358 0.0193255148037813
0.133580243747441 -0.0916752133119906 0.240436800090847 -0.0324604675363556
0.187675978108538 -0.034868659055691 0.116367401924184 0.0186863130946081
0.122328460289857 -0.0530019646055187 -0.0139654483922984 -0.0760416377439826
0.0831552201796168 -0.0628566696033786 -0.162663723529207 -0.0364315089763479
0.0429800224831326 -0.0947305681395597 -0.196463110325255 0.0953705428777718
-0.0254484453855159 -0.111725081589085 -0.10441727272538 0.181901018198764
-0.0801002665313483 -0.0823173789864666 0.00202769439189755 0.193113274750358
-0.107924367794144 -0.0487480633297954 0.0707546594217287 0.143273525764321
-0.135577869796165 -0.0320681946680151 0.106455815750328 0.0629420233840055
-0.14652333092705 -0.03355904733551 0.104239698827024 0.000184984494571855
-0.161103022885004 -0.0581249115374472 0.108175402631133 -0.0561710464608462
-0.150299380480771 -0.118965996538445 0.136595055326129 -0.0737918143508378
-0.0714357863843471 -0.178283831540795 0.175959052044298 -0.0310968127003723
0.0264820803391185 -0.201747655801583 0.200440413247522 0.011009718473827
0.129212994744262 -0.179768525771697 0.184277044432 0.0344255850642431
0.208797406952352 -0.113056070102075 0.176804035845393 -0.00857755389679198
0.247648915155633 -0.0215317846826422 0.0240408114168086 0.0140586948282444
0.195704718267458 -0.0678448996417193 -0.0669712527943708 -0.0802353856846454
0.143614563945743 -0.11112155955281 -0.195968694524725 -0.0466866470933635
0.0599974088749749 -0.157380274432974 -0.208152767247218 0.075736866008087
-0.0389868646340529 -0.163202059517018 -0.124043966076101 0.147326846847168
-0.108320898521325 -0.116738911947272 -0.0347585819896799 0.16195268450311
-0.138239798427283 -0.0720191507091762 0.0212952898764115 0.118471528490932
-0.162814679364091 -0.0527801401452497 0.0492214725798071 0.0468127406959025
-0.171496948672525 -0.053393340078361 0.0430311943926938 -0.0127362919393534
-0.187746428924728 -0.0786386126524009 0.0490627933222027 -0.0767320943121658
-0.177014797595183 -0.145270633723589 0.0863503751143257 -0.11405062511029
-0.0871818742007248 -0.214235855285819 0.159274261396337 -0.0733009522744151
0.0378115104154689 -0.247227668739956 0.19658488509712 0.00241686806193361
0.17161536203984 -0.209449680220296 0.155630256711932 0.0578525404523704
0.253755828785828 -0.113033974313439 0.0933998066772431 0.0199086561722967
0.267728579255179 -0.0111342087105238 -0.0834784701240089 0.0134524369391998
0.235364984464122 -0.0769085161003471 -0.131728243708911 -0.0713872823270301
0.174778926253992 -0.147208143329231 -0.221237268248189 -0.0475466681237012
0.0602394601011133 -0.197907222831752 -0.208036730965805 0.0464943081650304
-0.0521798764288112 -0.188324206061963 -0.145931145081939 0.0973574478273237
-0.124967532455339 -0.130586468585047 -0.0781401487137449 0.118519372390697
-0.149343504413374 -0.0801241296395536 -0.0368440321025639 0.0857491904849773
-0.165185581319133 -0.0658132795713141 -0.0155256022199142 0.024205167738816
-0.168893054815495 -0.0687417998343064 -0.023272003941007 -0.0317226821983976
-0.180009426831022 -0.0935755815122718 -0.00867725371473583 -0.0986534571838086
-0.1640909738513 -0.157116747271805 0.039647044578553 -0.1465993398016
-0.0698536064532171 -0.220308321433217 0.13880382460972 -0.104960779306553
0.0619812041614506 -0.244983231148492 0.184798545958163 0.00175137595194365
0.197289445043113 -0.193428599891579 0.119619412803079 0.0819053611295067
0.262962205528458 -0.087262372872475 0.00182386391598839 0.04200620877415
0.240265041826662 -0.00158221045697829 -0.185562689892052 0.022104815502224
0.225168051477914 -0.0714856257562478 -0.189162961607351 -0.0462874435483283
0.165716587117407 -0.15015600183593 -0.227948679033443 -0.0386019251495751
0.0469246766720641 -0.193005310577933 -0.194984641783929 0.01131814628978
-0.0551674495174285 -0.174758350081356 -0.167326371817741 0.0428524293157956
-0.11840437405082 -0.119289177662672 -0.125621896065493 0.0722403076141635
-0.136273534561148 -0.0747703498128188 -0.0969114837509003 0.0521392930602807
-0.141936695256581 -0.0685536887018903 -0.0776441996557232 -0.0021387761818684
-0.140264794421473 -0.0751720248014633 -0.0799646015412214 -0.0560940224882847
-0.141133958858513 -0.0993346755496484 -0.0496682357811526 -0.124461306132874
-0.115499665598372 -0.152038059855679 0.0124365179050501 -0.173171548413406
-0.0260535245733671 -0.19535007552245 0.12725327942931 -0.124489551503132
0.0929664782221478 -0.197389810775021 0.164991626121439 0.00581840599835576
0.201963399894466 -0.136793021083132 0.0777489791272444 0.0919072098434611
0.235563990547121 -0.0412196820858557 -0.0839664050556306 0.0461008386633767
0.171212526245764 0.0118950394411861 -0.259694909964537 0.0366485989882466
0.17196326214167 -0.0470188557453083 -0.22412924953541 -0.0170165613451728
0.122714541182132 -0.114047142553161 -0.21714064136341 -0.0273288122138217
0.0289730041664582 -0.141879683197734 -0.178846579636143 -0.0197085552086968
-0.0400744845142541 -0.12389400399141 -0.184537933834681 -0.000644608482310605
-0.0861680027638931 -0.0876055650885835 -0.165319977483477 0.0353077454340591
-0.0981627417561965 -0.0584505046774169 -0.14651774613179 0.0236861171418759
-0.096743067456747 -0.0604502286040926 -0.126041652589621 -0.0269156102986612
-0.0918585863545133 -0.0687792563145727 -0.118955070606829 -0.0839434426858809
-0.0842405369691825 -0.0884035671576501 -0.068481316138162 -0.15440654793452
-0.0550312152281154 -0.124351777770806 0.0100485577666582 -0.19342080440456
0.0172374900317437 -0.143482688093498 0.126757017617453 -0.132234784637928
0.109311911626922 -0.125129207648258 0.142699354058077 0.00788090023831777
0.176533580803406 -0.0630582110787189 0.0376445471177631 0.082861233750954
0.17412434109593 0.00763281811242462 -0.148570343227269 0.03063827508502
0.074750001682184 0.0324040779602571 -0.292132401910313 0.0498380423236431
0.0932462069112267 -0.00434382214972065 -0.229440988185309 0.00535937429758985
0.0652615605799832 -0.0509729844813866 -0.199345157837645 -0.0213174120434739
0.0170719599241951 -0.0620589797726968 -0.170358265156855 -0.0384949679567107
-0.00772382253563909 -0.0533199130270998 -0.194332508476519 -0.0196440848957797
-0.0333566972239422 -0.0450650105403872 -0.187147712298013 0.0152357157031764
-0.0424138837244076 -0.036230885553089 -0.175802756256635 0.00685492609920532
-0.0371153455023379 -0.0428024480312243 -0.15329358407894 -0.0468724732661193
-0.0357349690389247 -0.0475375586749875 -0.134615855326707 -0.109296546404046
-0.0268169216867641 -0.0576321424695212 -0.0654916669003388 -0.178603330429933
-0.00713089421908116 -0.076241482700659 0.0265606902704877 -0.20351374149484
0.0342015645751116 -0.0826246230468957 0.133425184910165 -0.130718340696731
0.0931665977846742 -0.0569474250720276 0.125923976676303 0.00287089700260897
0.121308992317355 -0.000825866793679141 0.0113456011031261 0.0600581287757425
0.0878483905570908 0.0423342813631051 -0.18244037388161 0.00129280591661958
0.00903717361375878 -0.0512461995578366 0.204955745777555 0.00494478092521592
-0.0406856150016483 -0.0208258633172383 0.0324990052635634 -0.0798728897646115
-0.0391986028606024 0.014430350779531 -0.115389887095133 -0.0209836131050957
-0.00935974264943424 0.0164148104268799 -0.165667337332422 0.111723553220207
-0.00977622794409595 0.00335186727475735 -0.06262269298281 0.202824748045705
-0.0123069741694644 0.00855796385453432 0.0541501060306882 0.195858390107727
-0.0155614859719405 0.0145805382060516 0.124957899853175 0.14378428637342
-0.0263274320434277 0.018107897686938 0.164122825401128 0.064163870559609
-0.0324071535013975 0.0159376829503143 0.171437639761363 0.0118004420762877
-0.039194171372948 0.00491105003312064 0.177559249491482 -0.0158143843982711
-0.0343923976083864 -0.0134256932422269 0.185686784549381 0.00854996345333914
-0.0171645502416209 -0.0244421665329388 0.176439799242495 0.0439803737524107
-0.0206473041800525 -0.0287852447442305 0.185157130464603 0.0317681848410674
-0.0112729918190496 -0.0484797018367457 0.217776555963427 0.016907106561566
0.0350396303580588 -0.0577357602299065 0.269457623247329 -0.0438479272935197
0.0985319764750918 -0.0464637360843212 0.175367309857695 0.0166896839253352
0.0352222527512429 -0.0382580028747081 0.0203817494512338 -0.0698977211622841
0.0156471072918912 -0.0197563389661801 -0.12924139327451 -0.0247674437367424
0.0151637913069394 -0.0324212565955479 -0.175738959234984 0.102681453534809
-0.0172749659336503 -0.0500775830872085 -0.0820611703545454 0.192874001981304
-0.0458582431116838 -0.035229390261418 0.0301392538879435 0.197727280938705
-0.0623059238655045 -0.016138021019483 0.104122040525735 0.147256942540117
-0.0841975500309339 -0.00625040503295028 0.143939454814075 0.0663484708662914
-0.0941783428344542 -0.0088304560369776 0.147165844708517 0.00820025521568203
-0.104465205648164 -0.0293488602290114 0.151332124885265 -0.033155808194201
-0.0933312506717964 -0.0722991580317136 0.167456525666405 -0.0276395081031843
-0.0390020490936339 -0.108653205107775 0.177881222169095 0.0132802946419555
0.0117160915451713 -0.117685831952035 0.190574939308595 0.0236128771140189
0.0662450920449524 -0.115036979659775 0.199666719226807 0.0202513162309439
0.12934549021784 -0.0879929045445463 0.232809850212572 -0.0301876746952206
0.179283002541116 -0.033692210592109 0.113942606170016 0.0162637875129173
0.116803306516673 -0.0509474385727216 -0.0114970215743761 -0.0749825257120654
0.0798093286993625 -0.0597168377271001 -0.156968123623432 -0.0358813814040071
0.0410602700428122 -0.0904412548281354 -0.189742592247979 0.0909228965571528
-0.0258217099258876 -0.106758675046427 -0.101089036865829 0.174000622414295
-0.0769016143623544 -0.0779996096196351 0.00237542218275675 0.183874821576533
-0.103461748984926 -0.0462472353190354 0.0690217620333754 0.136536791356403
-0.13080728673575 -0.0298309853018897 0.103476161001205 0.0599483150664784
-0.141454922225072 -0.0306582269568222 0.101189230925215 0.000234851419536384
-0.155876550257353 -0.0542955455455953 0.1051126785269 -0.053388732089611
-0.144623183908747 -0.112887752305915 0.130088515420711 -0.0702878360318261
-0.0690781821109426 -0.171327355600898 0.17039260030709 -0.0288672969793587
0.0253332728635703 -0.193404310811642 0.193498649255574 0.0111303813406161
0.124645467632396 -0.172516003494027 0.177868312402973 0.0346662851966987
0.202850365047885 -0.108634528249795 0.170931070677549 -0.00824228359165449
0.236472407136286 -0.0213587966195638 0.0253394890980845 0.0112258063673692
0.187738617026853 -0.065115107812555 -0.0620591984422346 -0.0800505770257971
0.13832482851276 -0.105918039647648 -0.188768818192635 -0.0468710999281867
0.0568504729210317 -0.151144002601022 -0.201224038216717 0.0716584253529461
-0.0385178033138485 -0.155390124429936 -0.120779664395647 0.140926987329658
-0.104421366175397 -0.110219365485675 -0.0321596568032387 0.155184700699564
-0.132717353158654 -0.0674347918078703 0.0211699727419661 0.113351767624889
-0.157047048218568 -0.0496952342378381 0.048035308192515 0.045513627187839
-0.166111322350157 -0.0500154627749294 0.0412916362942922 -0.0121515504601023
-0.181753895033249 -0.0738793025408764 0.0475024271168658 -0.072813680342316
-0.170837797427052 -0.137652851644075 0.081704875031889 -0.108022461144185
-0.0844050028043491 -0.205508433157916 0.154049586340559 -0.0689806452170246
0.0359676394844391 -0.236303550772712 0.190884825114547 0.00259899310132713
0.164642896575625 -0.201191095879945 0.15143178203382 0.0561446425779688
0.245778574520834 -0.108302920810182 0.0903893384916441 0.017791082779744
0.256357564808425 -0.0116380583256472 -0.0790272186625612 0.0107683051501319
0.225141317690663 -0.0743186348110415 -0.124212748871392 -0.0713456660244355
0.167976900176145 -0.140425372271422 -0.212839548253867 -0.0473610537657615
0.0568504157001477 -0.189938994235769 -0.200086825987659 0.0429294783415043
-0.0518171972407054 -0.180456692358432 -0.140719909047411 0.0935931473801737
-0.119907314541539 -0.123887063012197 -0.0749105937085572 0.113769835305363
-0.143679677427239 -0.0756406530670544 -0.0353019483741668 0.0826051395281949
-0.159222893699364 -0.0613567423479908 -0.0151353383418489 0.0238015424179036
-0.163451120632593 -0.0641698661774829 -0.0214984621193609 -0.0296056601250128
-0.174632750618143 -0.0875037485553275 -0.00732413268189885 -0.0935840264936153
-0.15814724436577 -0.148281940830104 0.0370666637326813 -0.139468523242878
-0.0682700009917095 -0.211262212233415 0.134464088958844 -0.0997361805027081
0.0590762968101391 -0.234364172768964 0.179457222838513 0.00232478481043545
0.188870002273356 -0.185429079437603 0.116502331561027 0.0779734736650256
0.253238774864424 -0.0834055342846136 0.00280759588519519 0.0393849773256022
0.230128852387771 -0.0019421499941326 -0.177424483624847 0.0195808651130629
0.216175281460792 -0.0690102272114774 -0.179757226663772 -0.0477802045214478
0.159224576100911 -0.14277425075767 -0.21885665656508 -0.0387092608709877
0.0445240784987818 -0.185713273575562 -0.188345266646838 0.00992381099327784
-0.0540033316994909 -0.167444796158137 -0.160515728390715 0.0408791823861766
-0.114080826700428 -0.112328420014073 -0.120658239124164 0.0696597820346367
-0.130931026298391 -0.0703095828172725 -0.0930601801900917 0.0507906987404098
-0.137531029251662 -0.0645909731738351 -0.0750350690681682 -0.00079292213156136
-0.135055058941507 -0.0709594627974028 -0.0763166987598858 -0.0527000922261731
-0.136410408802254 -0.0934474584014137 -0.0472884904221157 -0.118240640406409
-0.11157133878385 -0.143922244324723 0.0112210668198532 -0.165312286368373
-0.0259963518239533 -0.186515042056259 0.123143147401228 -0.117929048423151
0.0892531564269949 -0.188194028004313 0.160910908034596 0.00666356494794395
0.192448089573864 -0.130842748925874 0.0760641389705894 0.0884418414275032
0.22695589206841 -0.03988648135756 -0.0801997290536458 0.0443978945219144
0.163932219015408 0.0112565510542668 -0.24939466986529 0.0333968349500587
0.164697058601819 -0.0448672793858913 -0.213793288777325 -0.0186989992368413
0.117966642307623 -0.109117030016012 -0.208370686848969 -0.028151505443138
0.0277157863619514 -0.136371975188849 -0.172808273094956 -0.0199591143923546
-0.0392528160181178 -0.118867268868276 -0.177770517703967 -0.000574348283972791
-0.0830922116169422 -0.08226548716174 -0.158489731480491 0.034096268032047
-0.0946320984609413 -0.0551115697165459 -0.141424101437277 0.0249545282102508
-0.09346820605693 -0.0578777188256656 -0.122495143932429 -0.0236371765688929
-0.0884304634257163 -0.0656848285522073 -0.113779160605237 -0.0787039139399626
-0.0811011331223243 -0.0844006616609479 -0.0657265033251175 -0.14622870404997
-0.0533928566508266 -0.117697101613905 0.00836454987292163 -0.184418536824756
0.0158897305044851 -0.13757461776276 0.122375071982885 -0.125927869698722
0.104784722830185 -0.118847683906039 0.13968660067012 0.00867559125181816
0.1684480428872 -0.0602179614291344 0.0369208716243239 0.0794112504074548
0.167262282842558 0.00769299230973231 -0.142530216086639 0.02948589410982
0.0716560771380256 0.0303984664372355 -0.28133358509247 0.0472143209123245
0.0902829676177723 -0.00383495919010741 -0.22115618559903 0.00302364576024841
0.062552354935183 -0.0483487524962189 -0.191484132822849 -0.0224357383940007
0.0162755018999215 -0.0594716973832013 -0.164474179783239 -0.0376926276809381
-0.00768912060960362 -0.0508931924135973 -0.186325908880052 -0.019137977323721
-0.0320783659530464 -0.041784865074025 -0.179901835702269 0.014384110873773
-0.0411445401009944 -0.0335310175956487 -0.169131373667656 0.00846067421176456
-0.0359231823827112 -0.0418158708831115 -0.148893248429303 -0.0433253372060736
-0.0334723734444451 -0.0452938316953001 -0.12954241512275 -0.103526447668818
-0.0257698864826186 -0.0554353556168272 -0.0630649236692391 -0.170505063154446
-0.00733021366732905 -0.0722751746662629 0.0246614050877874 -0.194122264464953
0.0324463553666114 -0.0787495192756106 0.129796673655869 -0.124608202802289
0.0899164394292959 -0.0538031630606525 0.122438519991886 0.00391983007838813
0.115306254192301 -0.000556114644057873 0.0113607246946619 0.0578614918402618
0.0837315714304206 0.0410534364344751 -0.175314931437697 0.00190048723395629
0.0142795619633087 -0.0491730028498412 0.206597947353373 0.0335424922552463
-0.0364104470533126 -0.0268591066822466 0.046083655659852 -0.0766867229818179
-0.039594853045194 0.00742534631253425 -0.111406623019035 -0.0401088757780213
-0.011986520762378 0.0138073874836077 -0.177285325695146 0.0861621878504056
-0.0117437397992295 0.00133522349264718 -0.0894969613291827 0.188525977841276
-0.012718289755989 0.00524127777173907 0.0262975420771677 0.198576687627077
-0.0166467231107005 0.0116529572026264 0.106966116501799 0.157265792342731
-0.0274941187685812 0.0135385837856838 0.152710398582083 0.0877188056628991
-0.0327427567957873 0.00969163111016076 0.168770402162798 0.0377829355643903
-0.0377320474845229 -0.0024599547414739 0.178141988766714 0.0136451299353046
-0.029931847196902 -0.0208296698056449 0.182094847526245 0.0388749564894036
-0.011298011058463 -0.0297175636994909 0.168508094882075 0.0730409638580636
-0.0134562373335565 -0.0343406565972154 0.176700745363709 0.0626869623333185
-0.00165720406910468 -0.0511310050888638 0.21087832901066 0.0543372190511095
0.0443855113124011 -0.0546397481417104 0.275537996205798 0.00398405303265968
0.101946518840277 -0.0328358071183682 0.171438992029432 0.0452527022801026
0.0405374950150076 -0.0318769162664336 0.0319832431628428 -0.065585087531084
0.0187554659081405 -0.0173784741179612 -0.12457384330692 -0.0417219504234118
0.0198352722374573 -0.0297488960526147 -0.185645100550554 0.0785899965497066
-0.0106063476507512 -0.0514739256890961 -0.106475811518293 0.178670045034662
-0.0386672919343198 -0.0421455650006224 0.00470366688214069 0.198166898959736
-0.0580576374719106 -0.0258007238587607 0.0852415645046563 0.158888726596548
-0.0814954967722465 -0.0193155605089325 0.131942406849824 0.0870504694705875
-0.0887366141619689 -0.023641839595401 0.14534034645907 0.0312843125786739
-0.0968193667010694 -0.0454365993383519 0.154102013900077 -0.00629363021332327
-0.0779653864825283 -0.0863493444177799 0.168999813570877 0.00236507212445213
-0.0197998218896812 -0.114909625055174 0.174140030406786 0.0451031310497563
0.0318959514462178 -0.115663545813134 0.181929107830697 0.0545808263305956
0.0845096035272849 -0.102745794951777 0.190434276483566 0.0530535126416607
0.142091835263314 -0.0677143642237877 0.236709604154533 0.00986657019517543
0.17920391527452 -0.010252053655769 0.107128278880854 0.0426537468280724
0.121983626157786 -0.0320554804062119 -0.000628146777486827 -0.0717548365743283
0.0882116556962103 -0.0467082130220306 -0.150960874892508 -0.0527074580478074
0.053628761505371 -0.082017337966548 -0.197311168856698 0.0678080718071838
-0.00868361967584273 -0.106537998664179 -0.120407622109774 0.159846499596284
-0.0624655673846202 -0.0878184286502516 -0.018647849055388 0.182265058193772
-0.0946476722002684 -0.0611518363332689 0.053002860034596 0.145039284073648
-0.123462951970791 -0.0495547369982556 0.0929937936703728 0.0739458428137442
-0.132403533565002 -0.0516170429401754 0.10039004120268 0.0168539894143815
-0.14424040408243 -0.0763930128085041 0.110989892955115 -0.0321485066369002
-0.122347930684682 -0.133387074311028 0.137540249380552 -0.0439149287293443
-0.0395140363671592 -0.18084223094954 0.173834551898582 0.00270673796720151
0.056528658358985 -0.187370597968234 0.186523646390484 0.0431011029749903
0.149999919286619 -0.149148821753515 0.16499251997921 0.0623669508678799
0.217631889006735 -0.0746366311182342 0.170076610979185 0.019754709090028
0.234367545890399 0.00980321819515245 0.0168603679057439 0.0293537966401778
0.193203026819478 -0.0356838296793979 -0.0510093195987057 -0.0809652729779032
0.151785622904537 -0.0822762129912748 -0.180329487435589 -0.0629099124364709
0.0794883795905407 -0.138103585676493 -0.204831396328763 0.0504523379746578
-0.013181057203643 -0.156155282888923 -0.133450652702928 0.127792872720547
-0.0839894704265744 -0.122646718186123 -0.0466102136621442 0.148851993695567
-0.120075550926759 -0.0863574253489672 0.00919112380167004 0.117088292712747
-0.146572833392636 -0.0724720296602295 0.0398471041578094 0.0510300503230959
-0.153501858644779 -0.0735011162635386 0.0428170989916678 -0.00371393419970623
-0.166439219404634 -0.0985338744462699 0.0577060279341496 -0.0595211339352356
-0.145544048647444 -0.159766042500989 0.0951359531759887 -0.0879894591705717
-0.0501908869779976 -0.216190328824286 0.163398872673815 -0.0384492834179479
0.0732210239416018 -0.227000817728887 0.184738280894102 0.035012954474334
0.19308579012572 -0.170169367533321 0.134325972490636 0.0780106894775499
0.259262174995226 -0.0668572206441074 0.085244602590261 0.0319149813107707
0.251648317653551 0.0219089755770426 -0.0872925516307215 0.0158207927248991
0.231430961251332 -0.0386098327723695 -0.114165665223958 -0.0793342618216251
0.1860557227734 -0.111875113668567 -0.203105038815395 -0.0644431757476708
0.0856588998395841 -0.176063079105393 -0.19990411310127 0.024126674959277
-0.021645986621764 -0.182003563767079 -0.146135672918164 0.0786094349242311
-0.0970777546243678 -0.13677165750851 -0.0821263208995495 0.102288779545128
-0.129938826185748 -0.095168433297818 -0.0422072769014099 0.0796410201438533
-0.147170817246834 -0.0845476011296541 -0.0188937140524778 0.0207966920915243
-0.149630571470459 -0.0864492689794939 -0.016650150633995 -0.0310520898899802
-0.157051550050083 -0.110582098402598 0.00578747006352274 -0.088843222177011
-0.131762868484908 -0.168384402413722 0.0559223095981595 -0.125640586352966
-0.0337864231256511 -0.218771679946212 0.149252026503891 -0.0721035432725809
0.0956982112291499 -0.220734081641399 0.173224461369852 0.0321549598176202
0.214126748843022 -0.150966160582879 0.0971113999457402 0.0929775960835816
0.26301514849361 -0.039111852479534 -0.00619484750902039 0.037786953180351
0.225951796509556 0.0274515277868536 -0.186400745342798 0.0088940976891765
0.222054032845915 -0.0356673869628618 -0.173831426379954 -0.0643124525534681
0.177827346204235 -0.115375372390207 -0.209558828823879 -0.0567976978457889
0.0729432571842261 -0.17306543868919 -0.182995928973122 -0.00721379003639699
-0.0260296408851842 -0.170722206131262 -0.158394138781172 0.0250176632549643
-0.093201549532729 -0.125407579285398 -0.121709517793881 0.0525790244369668
-0.118991575513229 -0.087863946897396 -0.0967466853934197 0.041146148400776
-0.1254365595688 -0.0843353864554964 -0.0741145882983214 -0.0113859119251038
-0.121305942353942 -0.0890396331872385 -0.0681949000519621 -0.0615410792560592
-0.119840004045881 -0.111216017882562 -0.0295592827349472 -0.12012928207767
-0.0878196705151648 -0.155827864049297 0.033876309472471 -0.15587774514952
0.00370457842411996 -0.188152264888832 0.140339493427642 -0.0935092542594252
0.118285721740963 -0.171259931363618 0.155216350851435 0.0331580201530305
0.209056516075329 -0.0968716145746005 0.0561132740718666 0.0956392786998482
0.22891700245742 -6.36350652039256E-05 -0.0888226982591427 0.0292642371944509
0.159782869882634 0.0317381338795632 -0.258662366165263 0.00925116304809099
0.168922193753028 -0.0195366698791498 -0.211650690072618 -0.0424332760226861
0.132180700449189 -0.0883616168886527 -0.200929658833643 -0.0483501115990698
0.0485942066716953 -0.128454696910062 -0.164557430881879 -0.037254038089245
-0.0189107232146459 -0.122012769827838 -0.169928689965406 -0.0199633471658842
-0.0674582569075647 -0.0904611385840406 -0.157024698401011 0.0120698048418031
-0.085157443283118 -0.0671044709745809 -0.141945841018859 0.0085725231176375
-0.0839241380538 -0.0711488770919815 -0.116943924608004 -0.0414979794068666
-0.0771983234473391 -0.0768452065049425 -0.100872204989808 -0.0928530640969217
-0.0674526359472677 -0.0938972416447774 -0.0434686325151547 -0.151615363644831
-0.0352953774885065 -0.122356738389449 0.0353921930242114 -0.176978436272715
0.0363992895479097 -0.133285752797202 0.140338456205811 -0.102147503190621
0.122479469690609 -0.100971511473793 0.134394204211251 0.0301331143284861
0.173918310443305 -0.03116060176166 0.0214359951231886 0.080123237025863
0.161852267493267 0.0372886460178853 -0.147926187472572 0.00466301455293865
0.0667351062248859 0.0389100033919892 -0.289985323099561 0.0115894424598996
0.0894492482559959 0.00882956471510349 -0.222801242655702 -0.0256120002592469
0.0686505325447239 -0.0367667353132152 -0.185798148474042 -0.0449436939675207
0.0261818144853974 -0.0550720652548747 -0.155656225990281 -0.0571837603412349
0.00108784786777545 -0.0523876383655998 -0.179183178797762 -0.0413842847978293
-0.0239273409520867 -0.0440301520627618 -0.179040779048853 -0.0103389385178215
-0.0359348703032969 -0.0386662579091845 -0.169149622206737 -0.0122776607981362
-0.0298410168359581 -0.046647052159389 -0.140402217882297 -0.0643944685113935
-0.0272143260208425 -0.0495793381694588 -0.112962639598584 -0.120105390844442
-0.0181834107494639 -0.0577828329636269 -0.0372390662244611 -0.175689220719732
0.00216663482100544 -0.0718071716554919 0.052689541737559 -0.185541342399344
0.0428458387522487 -0.0738296935733029 0.147575808609701 -0.100993598536687
0.0973657825464358 -0.0399050558570161 0.119728756329618 0.0238171605756803
0.112572964627728 0.0188257762632902 0.00129171684578924 0.0557394196089525
0.0740726084075762 0.0570744273420626 -0.175320797315648 -0.0276816067644521
0.0139000606080771 -0.0509100272929902 0.212364483911832 0.0304619637138311
-0.0369292553011924 -0.0274532610879172 0.0468707645976818 -0.0802582402942371
-0.0402707560277426 0.00708146454269461 -0.114749172391488 -0.0418458544376422
-0.012216005741904 0.0138315005109569 -0.181294313002676 0.0884425141797219
-0.0130881266706945 0.00166666937173368 -0.0908738640315374 0.192295172624402
-0.0136723975762855 0.00448953045656082 0.0281655299484368 0.20038834096869
-0.0168214109762012 0.0116490754895691 0.111001636419765 0.158622907348055
-0.0283332729199915 0.0138937960584001 0.158516848195862 0.0875764520279518
-0.0335061533033161 0.0108236186555009 0.174793853229557 0.0372060639823067
-0.0386621918504865 -0.0010599922409429 0.182467710823356 0.013714749712925
-0.0311718676558592 -0.0212244690594084 0.186965904519877 0.0397086235605968
-0.0119847769659239 -0.0308451014194069 0.173754938495242 0.0751424210576533
-0.0139866220490462 -0.0351312131740879 0.180326502282722 0.0641915805532179
-0.00115539132474215 -0.0521820927008922 0.215587978902824 0.0559711226594153
0.0455291848702549 -0.0564803663256593 0.282633984610392 0.00402973054805075
0.103158022490096 -0.0346144253624306 0.17680910765942 0.0436503020202377
0.0410554171245893 -0.0329242838557704 0.0335652008432172 -0.0690488784314768
0.0195637525344774 -0.018016781102355 -0.128023119535926 -0.0434612637133826
0.0197941065810539 -0.0303867223780072 -0.188984852617467 0.0805162739980457
-0.0120861756453291 -0.0521083044645951 -0.108410136860034 0.181763887852303
-0.0400745013680426 -0.0427134638460336 0.00688992031788513 0.200533203846297
-0.0601110206163263 -0.0259533546726706 0.089308110893013 0.160747793122255
-0.0838120713650299 -0.0190590213490288 0.13710327208038 0.0874159911340181
-0.0920355312035798 -0.0225563460952598 0.150296270413878 0.0308546918014318
-0.100130447840677 -0.0449738430568475 0.158694259502838 -0.00608574673130483
-0.080770351394303 -0.0881000070507349 0.172181165117633 0.00249452620813763
-0.0210471186185005 -0.117629601202864 0.179809211813324 0.0455050080928491
0.0322075147820545 -0.119087758269551 0.186685260432897 0.0554998209479795
0.0865367601183346 -0.105289742209497 0.195609945265114 0.0545459007173638
0.146842952837583 -0.0704215199725775 0.242837196890679 0.00918543168787929
0.182403514843658 -0.0109643504021571 0.11056356496941 0.0400120166171759
0.124439124271669 -0.033262698090096 0.00131500990624752 -0.0759841770028367
0.0904958166648425 -0.0480475471477447 -0.154272126617119 -0.0552799629805478
0.0542281372758169 -0.0842611778155779 -0.202018260696712 0.0691432825426749
-0.0107185033554327 -0.108568798067947 -0.123121261727026 0.162852749522168
-0.0646556369994896 -0.0882586433913619 -0.0173138669597727 0.184634381158195
-0.0967345397343097 -0.0610146434764243 0.0556429385376333 0.14700302463151
-0.127458292588078 -0.048873522915245 0.096260324123879 0.0746514395215963
-0.136762186927456 -0.0509948969623085 0.104478398616027 0.0167566055064288
-0.149026417842246 -0.0761142128622142 0.114586140865683 -0.0325534790371104
-0.127215916378043 -0.135755098844986 0.140487637448104 -0.0441149483438873
-0.042151877792304 -0.184047600107446 0.178718169298057 0.00304950378473267
0.0561132700046337 -0.191481675827535 0.192170701320994 0.0438891739521962
0.153220359746668 -0.153484756596417 0.170093475899804 0.06376265756889
0.223840536181456 -0.0777789086210462 0.175085397533611 0.0194614727872576
0.238318368054852 0.00815242768121843 0.0185196681873035 0.0270722833445887
0.19694040722283 -0.0372674459592809 -0.0505835878974137 -0.0858003893078561
0.154721770132813 -0.0846386872743279 -0.184638679483516 -0.0661524514635102
0.0793168883399136 -0.141690685687467 -0.209760404309477 0.0510057230378422
-0.0157329488105246 -0.158948034282469 -0.136287889057943 0.129701964976024
-0.0871631966387694 -0.123035506530277 -0.0462687167421291 0.151391679653141
-0.123861396974881 -0.0863829798645543 0.0107926954804389 0.118512636271331
-0.151866182036367 -0.0722202020129369 0.042234049016838 0.0526925433898923
-0.158966713420303 -0.0731897451894445 0.0452908719929958 -0.00382115431486231
-0.171934125874327 -0.0980152728059431 0.059693250800166 -0.0606164711735746
-0.150765736727495 -0.161464705659748 0.0965495487267341 -0.0886943729482952
-0.053482180770838 -0.22030236150751 0.168663769668724 -0.0389767686246949
0.0738775526028951 -0.232166293682941 0.190775175620754 0.0347377850984065
0.196278671833119 -0.175129628552535 0.139539196781902 0.0793877390688009
0.26654837720163 -0.0703047459699417 0.0884395015691016 0.031561477475066
0.256785182269221 0.0207960695840157 -0.0881090106987513 0.0145320183655728
0.235978891124424 -0.040536972079868 -0.114478194081889 -0.0846285869323793
0.189971933854931 -0.11436836617137 -0.20779929927109 -0.0670407278597445
0.0856439534392066 -0.18026125231666 -0.204409133380227 0.0242371381308659
-0.0244979236176831 -0.185467036831193 -0.149143097632033 0.0803775052048143
-0.100533494279185 -0.13710759215843 -0.0827592471599538 0.103687714324414
-0.133630156095885 -0.094690694646708 -0.0424785412616138 0.0810777681470151
-0.152480830237258 -0.0845793510272968 -0.018857715483856 0.0224195633408783
-0.154320069144623 -0.0869787128159231 -0.0168246413973128 -0.0303763329412074
-0.163620157001103 -0.110832241146169 0.00699022762191171 -0.0898564156621978
-0.136915827887843 -0.169229700654833 0.0556439300252725 -0.126755729823572
-0.0370593691097036 -0.222845230914819 0.153329877117056 -0.0740541639571157
0.0965013519298048 -0.225359093829754 0.179502172778206 0.0326457036082027
0.21792653322633 -0.154861823065213 0.100568745997835 0.0944677733136548
0.269982679053274 -0.0419196598570202 -0.00566604674562667 0.037832858134422
0.230298800326003 0.0268149730614673 -0.189512064314636 0.00815777590440622
0.226460050374308 -0.0370945546447091 -0.175637274826142 -0.0675085059408727
0.181546353076781 -0.118242885992031 -0.214392155113907 -0.0589209935882391
0.0724601436436564 -0.17740481524895 -0.188083741129253 -0.00870207704444811
-0.0283886569131045 -0.173928475317508 -0.161613225299412 0.025089279636121
-0.0953862252458019 -0.125195532519852 -0.123652503663994 0.0539753168293659
-0.121778680453951 -0.0878098942144967 -0.0978383221149037 0.0425994231047788
-0.12974390144616 -0.0847590419841821 -0.0764046289383842 -0.0101575610471526
-0.125130964521672 -0.0898803461206275 -0.0695217414331616 -0.0610914761646217
-0.12439080111208 -0.11130435590545 -0.0304498509251941 -0.121728846127813
-0.091615286562259 -0.157055878312849 0.0330516012918757 -0.157830225372141
0.00126314860538277 -0.191736252497382 0.144120491869537 -0.0949558225900236
0.119960306893037 -0.174916504066998 0.161718645006543 0.0330114437261023
0.212423045566767 -0.0995083482336731 0.0595826633768366 0.0962294879226207
0.23439455134484 -0.00122002914614273 -0.0900327700488751 0.0300635489383397
0.1628227231719 0.0315544276144534 -0.264687991558624 0.00891464768138862
0.172460965254216 -0.0208987909662807 -0.215583558951429 -0.0446774614663654
0.135336382737994 -0.0898945598350552 -0.20541047342641 -0.0497247214303689
0.048943416140561 -0.131095949252914 -0.168654179236163 -0.0387030851212508
-0.0213398392411822 -0.124444407165874 -0.173846325705394 -0.0191857298350487
-0.0689120188319493 -0.0905712667333298 -0.160299415462272 0.013296771995898
-0.0881385320722629 -0.0668106181187456 -0.144896351163637 0.0112839089365186
-0.0869707743205314 -0.0719904103939934 -0.121002289083172 -0.0392996058942245
-0.0799491520086311 -0.0777393936346216 -0.104100287414707 -0.0924450898447087
-0.0702893317071198 -0.0949574512161905 -0.0450334951782605 -0.153652763641778
-0.0373513628833022 -0.122954379905755 0.0347739193649135 -0.179798193992681
0.0358328634375012 -0.135965275585079 0.143260890171987 -0.104617979935098
0.124991014528882 -0.102599761114115 0.140945103954472 0.0307532802160111
0.176392183059745 -0.0320085636153053 0.0227332419618204 0.0814607704877561
0.166213606058154 0.0376191961492312 -0.151676482675345 0.00602657376030504
0.0681768880250535 0.0390767710541706 -0.297942892150477 0.012608786568416
0.0915109731967156 0.00806410256210252 -0.227873000909192 -0.0265970153512459
0.0702422094485576 -0.0375240489464317 -0.190319842420789 -0.0456866959013399
0.0258801892353323 -0.0565296250639753 -0.159569491126955 -0.0589590964847394
-1.64554802542837E-05 -0.0531631979625455 -0.183121085784164 -0.0414483737398945
-0.0243973383042277 -0.0432206924329133 -0.183376277588966 -0.00880154357384213
-0.0370024160750719 -0.0377311678730796 -0.172957719583611 -0.0104237891993002
-0.0313150584478813 -0.0477217864652988 -0.144971274959121 -0.0627483641656097
-0.0279764092254856 -0.0501126457063002 -0.116805899132204 -0.11957571439066
-0.0188752734127133 -0.0590105541730329 -0.0390223703588211 -0.178153380810309
0.00182472264149251 -0.0730896325134995 0.0529130178610829 -0.188025184225345
0.0431857808219226 -0.0749872277378283 0.150405359940469 -0.103664725954706
0.0997351975318926 -0.0404026454532009 0.124043589335155 0.0249432789370993
0.114767607246277 0.0190230578978818 0.00195493059565951 0.0566122953539839
0.0756971479332356 0.0585223035612377 -0.178567544435281 -0.0264592089558347
0.0117019881406664 -0.053288141241185 0.218681290698928 0.0206201583967328
-0.0388669927999756 -0.0270023328679264 0.045223331985357 -0.0857544394573976
-0.0413314200625996 0.00816529158033195 -0.119021690853083 -0.0401113526864939
-0.0118923691243049 0.0148952169515789 -0.182269276824365 0.0977204932931182
-0.0140089375354478 0.00268885629253814 -0.0860758452698774 0.200713756637497
-0.0141557495836929 0.00509661290991249 0.0373329481014212 0.201804878456874
-0.0164298545756202 0.012676659308138 0.121000310029998 0.155670281502098
-0.0285292332419458 0.0155057671810587 0.168254587452771 0.0812561677525226
-0.0338839324638926 0.012728338209394 0.182342905773626 0.0292898518027211
-0.040145755368244 0.000874020492329766 0.188940042330834 0.00640192912762512
-0.0330526699850277 -0.0210936054343948 0.194492168112308 0.0336470053865032
-0.0138857435520151 -0.0317148692701551 0.183085400945877 0.0710633113541508
-0.0151441490109584 -0.0355603759713496 0.187374108339459 0.0594803968870797
-0.0026926153586923 -0.0529215345295686 0.223385241084687 0.0503561179112641
0.0452830978748473 -0.0606059362248857 0.291728455537403 -0.00650483236318704
0.103430823787277 -0.0397213232411006 0.183808254381275 0.0342210991600542
0.0401226832120187 -0.0359624342759757 0.0319212564201921 -0.0747575720666603
0.0189771922976961 -0.0194280824945761 -0.133440838247569 -0.0415504901053712
0.0186014003931623 -0.0320589680367762 -0.192553561721193 0.0897945931390043
-0.0154626958155289 -0.0517270379813144 -0.104372471700385 0.190731940439246
-0.0434471463851277 -0.0417261823693046 0.0155512573917251 0.202228830452
-0.0622980026030096 -0.0235608271660439 0.0998337567218185 0.158932058658314
-0.0872808522701159 -0.0149996176638467 0.146049168406113 0.0820031880077244
-0.0958021384559153 -0.0177879480442369 0.156850699412198 0.0245354552620598
-0.105580888241493 -0.0399349907961112 0.163693679871418 -0.0132393953483742
-0.0876346471541028 -0.0866453366304813 0.177448431998286 -0.00395763862598693
-0.0271374773872657 -0.119786884879043 0.187504283380596 0.0403208845025654
0.0281411870235805 -0.123024953324163 0.19493262286059 0.0494930442319858
0.0847060031314675 -0.111944271172902 0.202989709285552 0.0492524223642482
0.1489665914416 -0.0787174560788297 0.251105475771257 -0.000706168847788386
0.185409079271698 -0.0198825794631994 0.116508242226136 0.0339216304897817
0.125463066376007 -0.039538809002902 -0.000154052207547792 -0.0809393281896394
0.0905839660239504 -0.0525578500597626 -0.161998191685131 -0.0518258657873893
0.0518263136322965 -0.0884138828003583 -0.204721890218293 0.0785832811490389
-0.0168112345452515 -0.109446875403125 -0.120567490534894 0.171354838512405
-0.0699851837992759 -0.0862690077301417 -0.00924642249130538 0.187976277045139
-0.102513396753365 -0.0579326905258483 0.0645095842800162 0.14615624804563
-0.133404901930569 -0.0436305105800252 0.103807360995854 0.0718078150585107
-0.14318197656904 -0.0450705024200771 0.108970083487773 0.0117421281215909
-0.157634852575989 -0.0690672850508121 0.117688423145364 -0.0383024806006826
-0.137616221208682 -0.13205541636064 0.142241515064121 -0.0500006164316276
-0.0525907706390301 -0.186732934684376 0.185362891501012 -0.00391380817553992
0.0498448378553049 -0.198480081412366 0.200339905027755 0.0363399386568518
0.150729617455562 -0.163184245284319 0.177565199992095 0.0579304618465406
0.228126948187641 -0.0903365402445062 0.181448448208625 0.010893567849648
0.24361289718399 -0.00146002283423919 0.0209739764665561 0.0247710390613793
0.199580737122484 -0.0472121698317601 -0.0528941836330571 -0.089536087747776
0.155937250064828 -0.0929341405753903 -0.193336984452341 -0.0614531609963493
0.0749236364894844 -0.148224011014181 -0.213502051221266 0.0603497321961773
-0.0241989296641942 -0.161198009866491 -0.135010417569734 0.137298961220028
-0.0944973729702741 -0.120798278893319 -0.0404897031983236 0.155621868908849
-0.130908135903296 -0.0815795071410093 0.0168845275986503 0.11971389954701
-0.159413793094634 -0.0665324442400739 0.0464636867378856 0.0513261111041111
-0.166760408091305 -0.0665672942906135 0.0475276275130543 -0.00642405257722497
-0.182018157415872 -0.0906302600824405 0.060666262609509 -0.0644442743315978
-0.162865642604023 -0.157172246332187 0.0956524982822237 -0.0930027403368474
-0.0656345850934756 -0.222773090478153 0.172350314741638 -0.0467572424897875
0.0662495036622112 -0.241239274664471 0.199193309763486 0.027237246373479
0.193733546589873 -0.187516285025927 0.146728865493501 0.0744556181258747
0.27216811633022 -0.084967294895736 0.0918452872564686 0.0264792283072568
0.262914661437471 0.0103348758029797 -0.0893699498721693 0.0163564868517541
0.239590370732693 -0.0524579346202804 -0.118813005458999 -0.0848216718670656
0.190864084589181 -0.125209841357094 -0.216267362440066 -0.0610371466399972
0.0789075165212364 -0.188225801344171 -0.208954041130379 0.0320781898797108
-0.0347499622675532 -0.188008520729258 -0.149664683947123 0.0873143561981519
-0.108952526003304 -0.134255937612752 -0.0799606042907122 0.109472154973824
-0.141279690026587 -0.0894617125407332 -0.0393358217588274 0.0847235248183722
-0.160824745792621 -0.0788938545657517 -0.0178206858231501 0.0247036259624735
-0.162685307855084 -0.0807797809512929 -0.0181241322787193 -0.0294164616913142
-0.1735604430114 -0.103250514323237 0.00386111703931439 -0.0917733349845955
-0.148933103146473 -0.165704922642669 0.0513837734895794 -0.129932994485884
-0.0487958416236169 -0.226043043853231 0.155699035030092 -0.0817458319694068
0.0898430006573374 -0.235399464358072 0.18825841490518 0.0246195397950425
0.216375744213865 -0.16781692598423 0.107459033521759 0.0915248151330916
0.277337194046847 -0.0555727925028124 -0.00467848899427861 0.0379019705792703
0.237394513110629 0.0172757236608803 -0.193877305249133 0.0160310558851779
0.230435597042037 -0.0487562359027728 -0.181229818314016 -0.0648339038555405
0.18198555897011 -0.128064053013919 -0.222658116791748 -0.0530567445972963
0.0661533459824249 -0.185295070399054 -0.193470203313725 -0.00165493114536918
-0.0386834136154983 -0.176358456024685 -0.165405226060007 0.0315527268423877
-0.102770894649873 -0.122838330782078 -0.124243035692074 0.0609332092008556
-0.128980835898889 -0.0827234874707153 -0.0980232985398346 0.0494147719935507
-0.137718865121905 -0.0802303221125685 -0.0788176637823572 -0.00564418335102
-0.13316097425492 -0.0851081227652648 -0.073785215775465 -0.057803660929931
-0.132693808042177 -0.106456931963546 -0.0361014031913275 -0.122506329232656
-0.101501516153633 -0.155196671794012 0.0270062241653457 -0.160607219724383
-0.00785478710764221 -0.196028136925355 0.144148447099241 -0.103322530534143
0.116401259485851 -0.184192922227402 0.169329509758437 0.0260325148239958
0.213031463438949 -0.111179914803801 0.0654063375354364 0.0956694518360364
0.241203738261623 -0.0119267179812008 -0.0907725602655463 0.0344570768647488
0.16760402889658 0.0253622300982649 -0.271340669055191 0.020123247449033
0.175052492242497 -0.0293427390860353 -0.22257657633601 -0.0396256724630014
0.135021117573051 -0.0973357618875484 -0.213064187571817 -0.0436731406146734
0.0436691510789078 -0.136536463109545 -0.175598495196639 -0.0338093548220309
-0.0280702441495652 -0.126628917744911 -0.179630745394824 -0.0137376749576754
-0.0743842617350173 -0.0882043165008427 -0.163742843745326 0.0209673931029154
-0.0929196052158049 -0.0626718012614031 -0.14797165284732 0.0185116490111336
-0.0935135405348266 -0.0697289850875635 -0.126700269163035 -0.0337353743759571
-0.0855719554984678 -0.0757115804215522 -0.110922463171158 -0.0884442490542478
-0.0770672477118875 -0.0923976428272485 -0.0525467119945443 -0.154240624451674
-0.0442469527279904 -0.123190705605192 0.0274208548808968 -0.182970322847744
0.029317159189464 -0.140333478323073 0.143057045944553 -0.11209468375257
0.124739135177942 -0.110351356940698 0.147905387259083 0.0263228887238815
0.179495543759368 -0.0398888598903731 0.0272996423818659 0.0810857928038155
0.172661360083272 0.0313242214558173 -0.154370661224218 0.0132975812882726
0.0715329321094407 0.0369693026863576 -0.306663459283757 0.0259149749857509
0.0933322105992886 0.00376147877081043 -0.235175622828687 -0.0185845950035059
0.070739793373939 -0.0405552707988788 -0.197409718284456 -0.0405664835152536
0.0234494375398094 -0.0590958484648432 -0.166555894580515 -0.054826489905331
-0.0027246764181024 -0.0547483816438899 -0.189262485961635 -0.0355165296334365
-0.0260454737031716 -0.0420101933741001 -0.188466673884141 -0.000873232523106559
-0.0390844268153103 -0.0362291104219147 -0.178187606299726 -0.00133356307634383
-0.0350120832451239 -0.0479191432976833 -0.152904817136987 -0.0560762176336151
-0.0302414885010566 -0.0502758292320408 -0.124527808892314 -0.115913212292223
-0.0220082618311532 -0.0593445265273242 -0.0480575322295381 -0.18000074597411
-0.00172279347337526 -0.0741207937127867 0.0453400672025126 -0.193776405808537
0.0399996898995471 -0.078492208909612 0.15024751247946 -0.111269715099701
0.100868700939988 -0.0454231426398584 0.13022080770923 0.0212421246704247
0.117702331353014 0.0148505947359814 0.00491136205263154 0.0576305696893818
0.0804419070521474 0.0567509606557851 -0.184323002783693 -0.0181429246269809
0.00755125254364753 -0.0538080720162928 0.218802219432811 0.00311467453813345
-0.0412986761926327 -0.0243789260500397 0.0392070579514426 -0.0901635191389569
-0.0407680475419056 0.010780885743827 -0.122632256825586 -0.0332516873824589
-0.0110663651098399 0.0155024876218712 -0.175322850295585 0.109411154000079
-0.0141944935938402 0.00431753699155882 -0.0731249710822695 0.204778138325322
-0.0145019452221945 0.00614272772285566 0.0491306870338749 0.195838640826689
-0.015726138166285 0.0131677524611145 0.13156474474484 0.144821675400317
-0.0278077699002532 0.017183395664068 0.174488701463802 0.0675562000590075
-0.0324726801278346 0.0157862751264566 0.18404681747876 0.0157101457673671
-0.0396063348402286 0.00409935527513722 0.189109599671869 -0.00718534555646269
-0.0347350993594869 -0.018785745770306 0.196909739388124 0.0199375217375839
-0.0159219584304189 -0.0305176975096785 0.188235599377516 0.059058461158684
-0.0176153833694781 -0.0341341336177734 0.190390985964947 0.0480778637095972
-0.00567077043712818 -0.0521586346681096 0.22585391933982 0.0378718722122761
0.0411870224492021 -0.0637816543692389 0.290587182656113 -0.0249025739588867
0.0999274476361955 -0.0465198510754018 0.185033250192716 0.0191864594622239
0.0371912548664984 -0.0376124239104048 0.0279056313091924 -0.0795587607808829
0.017720213964775 -0.0201075046310456 -0.136350030778012 -0.0341186894532519
0.0165751290205845 -0.033262738090561 -0.185546489722358 0.101428222999447
-0.0191788646894263 -0.0498577808027221 -0.0925014901879073 0.195381549755818
-0.0465217004972177 -0.0379513061354544 0.0282302084088679 0.197915494528277
-0.0636839967670173 -0.0194507027692174 0.110551559880093 0.149117420336482
-0.0885186526065182 -0.00833436488480951 0.15264051777946 0.0697836929560108
-0.0966609534263178 -0.0107137669581223 0.158900108661317 0.0125039396702756
-0.107954276543844 -0.0311001929971419 0.163079607809132 -0.0244140679488814
-0.0941597342081458 -0.0798515995292671 0.177269395800133 -0.0148341708897531
-0.0354047564858945 -0.117510559056631 0.190608742571839 0.0278776422117085
0.0202511128525084 -0.125069020231411 0.196980168938091 0.0367625543212703
0.0776861938212223 -0.116146004056448 0.206197438955919 0.0365331827868312
0.14343978124667 -0.0896356320183474 0.25083811135286 -0.0172490555014284
0.18259949567702 -0.0319634961596137 0.117881981444527 0.024138377361748
0.121600489264377 -0.047391417726758 -0.00395625891041096 -0.0839959234014285
0.0866302935972342 -0.0575817005790222 -0.165015019556907 -0.0424100759269194
0.0452240508156182 -0.0911246006077121 -0.199980928197588 0.0910206682916463
-0.0249896078463334 -0.106394460748872 -0.109356287984266 0.177811133537929
-0.0756159233093839 -0.0802272824243095 0.00267599377185804 0.184952839107776
-0.105431282803913 -0.0499255645486767 0.0746329048667593 0.13957070360351
-0.137222717170564 -0.0333677397996686 0.1103484830059 0.0631628070032491
-0.146386905463041 -0.03389781577519 0.110558754354788 0.00313004821280127
-0.162137865236652 -0.0561817288075936 0.115847011733323 -0.0464989721442847
-0.146900497432032 -0.121182506577681 0.138587526753101 -0.0574147535838365
-0.0654014799166335 -0.181342674220413 0.185024780432221 -0.0158047462880416
0.0367533557707448 -0.201231418320678 0.202487096627131 0.0219891952005398
0.139087701203112 -0.172899464906341 0.181180761954933 0.0463594282381586
0.221803574592202 -0.106654922533182 0.181835853708172 -0.00182232115986491
0.241672334357499 -0.0178312733776086 0.0231525799876767 0.0207310410160721
0.194786473053704 -0.0598327256285642 -0.0569943595647402 -0.0893374269517749
0.149236659520322 -0.102604608888296 -0.197103862118367 -0.0499213415029806
0.0633517001273089 -0.152461090431652 -0.209163094437903 0.0725754165489365
-0.03595512303911 -0.156519600997572 -0.126207965473445 0.144297602010675
-0.101980150666767 -0.112433262560701 -0.0297952911663361 0.155456193703961
-0.135537125920711 -0.0713891421620068 0.025238889066016 0.11672855031683
-0.164074829420782 -0.0537330911322736 0.0508435273686128 0.047421567812152
-0.171403342908671 -0.0536960588068366 0.0473194465718202 -0.00946760313823642
-0.188500708223317 -0.0747664429104049 0.0571220715612824 -0.0680651483685041
-0.174180569973178 -0.143768574441893 0.0890241151197767 -0.0967995500498124
-0.0816053632359105 -0.21689456795521 0.169639971222543 -0.0577190606939375
0.0496058399912314 -0.244415103858335 0.201218344955021 0.012228450929158
0.179959883489977 -0.199858922680867 0.151392033016187 0.0643148173680765
0.266588251094508 -0.104447766936675 0.0933917380259911 0.0194305415781593
0.26215064807609 -0.00762000882202275 -0.0874062682921394 0.0207362713143676
0.234168691798575 -0.0683086324862233 -0.122264434969177 -0.0795765499581017
0.181452191617363 -0.137200056719736 -0.219809808016181 -0.0478417519773414
0.0652955233444113 -0.192282972488376 -0.206410658690699 0.0441580142195743
-0.0483980078503007 -0.183698280986671 -0.14427459062753 0.0956884514437483
-0.116494597958224 -0.125100149034119 -0.0720017668882932 0.113433710510428
-0.146581179453774 -0.0781983261662643 -0.0325368808509583 0.086430275210385
-0.166766793671097 -0.0658293510651406 -0.0154221858216521 0.0257627373723753
-0.168047341330752 -0.0680364114003009 -0.0195895837728971 -0.0273001955018689
-0.180280974828847 -0.0884409887568901 -0.00156788674816098 -0.0913813150954847
-0.160340900888273 -0.15254626966239 0.043282144640448 -0.129967098130333
-0.0650922626767837 -0.220464918262406 0.15022372587925 -0.0903658773539138
0.0743914550681189 -0.240130780349493 0.190337130892023 0.0102402679024403
0.203454581862401 -0.181740221649108 0.113812358287849 0.0836454726147661
0.272769224786567 -0.075070844902247 -0.00240834170731149 0.0374982147505735
0.23619744980456 0.00157894657888416 -0.191926649902651 0.0268908752074363
0.224650649676725 -0.0641941481575446 -0.183480643753777 -0.0553574661662509
0.172902824841455 -0.139906947537904 -0.226050108805259 -0.0385160482079483
0.0524959894115296 -0.187891623429679 -0.193175600592141 0.00956594330891032
-0.0513441246506487 -0.172099432069318 -0.162015624610412 0.0410470103223099
-0.110187352073003 -0.113616307955787 -0.119603261155188 0.0681335580325911
-0.133550615285694 -0.072188512742795 -0.0941938181024866 0.0553073702839058
-0.143785342029056 -0.0691630089897516 -0.0791693106020559 0.00122183492878177
-0.139015149546778 -0.0750616864032449 -0.0774515484806854 -0.0510324123130895
-0.14061194673895 -0.0942609102116324 -0.0439406346718543 -0.11956501386151
-0.112546368352177 -0.145811470973635 0.0166998849500791 -0.158871854721329
-0.0221117609744186 -0.192609532607782 0.137504010009673 -0.111205131177364
0.103707477187202 -0.190642824882999 0.172728099708182 0.014019531549133
0.204186772432158 -0.125094014728659 0.0720023165477593 0.0901964461287031
0.239851043815211 -0.0292716258807524 -0.0886802087786725 0.0399652619773848
0.167947992005742 0.0133723863698043 -0.268634689225788 0.0377926361679931
0.171738315819394 -0.0414443982549875 -0.223451120584794 -0.0256434691051497
0.128813486032344 -0.10574427798962 -0.215098548202496 -0.030016831094167
0.0331441353704172 -0.138223973324253 -0.177658381953751 -0.0238416485362392
-0.03736886215123 -0.123186817967629 -0.179134963408965 -0.00342815710643274
-0.0787215673024544 -0.0815636448195365 -0.161826691780768 0.0320751621158211
-0.0965748797776596 -0.0550543286002901 -0.146297358596711 0.0295161204370481
-0.0984370104334404 -0.0621861904415859 -0.128736596262134 -0.0230065958380285
-0.0901249069022361 -0.0689276895395893 -0.115668506606906 -0.0786909642052713
-0.0829021118159737 -0.0854597269305478 -0.062994891840097 -0.148503407491425
-0.0526211320528635 -0.118193314487816 0.0152336343961709 -0.18195962410502
0.0194523723239533 -0.141003672859515 0.135731768731565 -0.120397934140467
0.117263161048413 -0.118426864274839 0.150857898167077 0.0156059843680689
0.175512802555553 -0.0522579832660397 0.0322476237432625 0.0788340302180476
0.17398230670462 0.0191730557462849 -0.152791692652576 0.023795655535435
0.0731124930814387 0.0310621866998519 -0.303291317620895 0.0461619276099181
0.0926713787715822 -0.00257175968654656 -0.23441408137196 -0.00418761965912512
0.0688457859670778 -0.0446404570136058 -0.19890860078274 -0.028110504608259
0.0191084404922439 -0.0598467288164061 -0.170309191743925 -0.0448914985336041
-0.00665705323854867 -0.0543376329272462 -0.191670553388706 -0.0240438616087593
-0.0280513164830821 -0.0393928735190347 -0.188398577679713 0.0122854281626213
-0.0405401553294192 -0.032069933002212 -0.177866866641854 0.0122704698955543
-0.0390270121445814 -0.045767554740042 -0.157415813452927 -0.0427967448852524
-0.0334766941197601 -0.0486677958444374 -0.132384847209062 -0.104767688580373
-0.0266646669002923 -0.0571555695276885 -0.0602625932583561 -0.173377286945313
-0.00700741561844839 -0.0729455432115925 0.03225899311745 -0.194387887159896
0.0337992479548305 -0.0803458257576163 0.142371697464568 -0.120326343830425
0.0984911788666786 -0.0515128913287387 0.133683731433696 0.0123509498440627
0.117595188190032 0.00684990887622437 0.00850116323358589 0.0564694910196856
0.083939412400735 0.0513757826671189 -0.184191380206423 -0.00433782975562408
0.00374352200145668 -0.0518386208209504 0.208931595542154 -0.0121327862634933
-0.0410974587463563 -0.0202091727306137 0.032054514811221 -0.0905748359308858
-0.0390162193767375 0.0128984701439278 -0.119099892168654 -0.0268007138954611
-0.00963831151844451 0.0153492498054867 -0.162383745563702 0.114795207628302
-0.0137975752017913 0.00544472784780186 -0.0591138608957918 0.199538303944198
-0.0140547256379278 0.00734635668419138 0.0573353158193408 0.182559102645086
-0.0143792193209294 0.0128022117358615 0.134455305966058 0.128194400260212
-0.0256453704625503 0.0185088279117686 0.172631187604718 0.0516439481601552
-0.0302373989058742 0.0175018826877999 0.178373381837226 0.00230914138197617
-0.0370289317196592 0.00672998721823919 0.181811519216641 -0.0180921859047579
-0.0349800575081767 -0.0160784184281634 0.190491551320774 0.00808093515278169
-0.017677750351608 -0.0279507332550911 0.183882331415638 0.0462397549652099
-0.0186578070762122 -0.0316688609834885 0.18474104632745 0.0358295503562611
-0.00738033320725912 -0.049751646325715 0.218539125272074 0.0247643568727629
0.0361972939249014 -0.0641328737105168 0.278196211624079 -0.0408819316567743
0.0921253630579029 -0.0498305091787255 0.177589687052819 0.00521310057892092
0.0329384100059434 -0.0374348904066637 0.0222637205606954 -0.080533974249817
0.0157411908349375 -0.0199233459246268 -0.132755321701446 -0.0262359961190837
0.0137554566794394 -0.0323939075642792 -0.172572306356512 0.107166661313516
-0.0216347957719875 -0.0453674823172638 -0.0781562880911324 0.191616112527751
-0.0469570833282085 -0.0327581230401999 0.0372483311219364 0.186450914991651
-0.0617637102294594 -0.0149152309584217 0.114025312696999 0.13394255643373
-0.0853299371691964 -0.00231264972687232 0.151924753213564 0.0558322659708954
-0.0931826789888206 -0.0036152464360248 0.154255591033893 0.001435328504592
-0.104768817603557 -0.0224292717542641 0.155554446185295 -0.0337283846175347
-0.0950917434634354 -0.0702837668927576 0.169584208074393 -0.0236948900952038
-0.0408874248146637 -0.109842522718194 0.184808807754778 0.0163890963367965
0.0120048590280076 -0.120393937421218 0.190074018331495 0.0238324806405376
0.0685931706065889 -0.115922262518139 0.199501955166515 0.0246143667890025
0.132454918340633 -0.095141999510751 0.239329453479951 -0.0320618378828087
0.17184698919956 -0.0404345967063161 0.114233716376418 0.0131137682146603
0.112678526918675 -0.0517413411278631 -0.00814002742103682 -0.0836572086103547
0.0800764983572908 -0.0595892085925912 -0.160601495863067 -0.0318960084752618
0.0377104144843312 -0.0890972657835111 -0.187133849766817 0.0968686780223065
-0.0301131578281752 -0.0993761635854011 -0.0956550889279794 0.17506138477694
-0.0770198595832281 -0.0716067580781565 0.0123157597989042 0.174934171969151
-0.103489970569025 -0.0412221040972907 0.0793634093648479 0.126712305956116
-0.133256671689108 -0.0227520539205532 0.110347575083248 0.0520690067695457
-0.142814045654354 -0.0229162307890764 0.107393879753972 -0.00448885081263723
-0.158238795698212 -0.042410084992568 0.109739039499162 -0.0519381250232064
-0.148606984950036 -0.105940789484374 0.13087191947596 -0.0610278878117938
-0.0741708392628507 -0.169051456188501 0.177648473454159 -0.0246641831400488
0.024065918403439 -0.194939354208447 0.195166301816499 0.00888512305343625
0.123582387009693 -0.172924979939499 0.176013536478848 0.0340380484373475
0.20666072402333 -0.116534168819427 0.173558392944855 -0.012387577254597
0.229275535605022 -0.0310167577578486 0.0233459074050018 0.0159779293153263
0.181969102261869 -0.0684283519401516 -0.0586297155739722 -0.0861334027480534
0.137359515792494 -0.106627811008215 -0.191494190226268 -0.03738809779379
0.0515433381107694 -0.148598297321395 -0.196371912186436 0.0800652393474037
-0.0435410039332647 -0.146850498681857 -0.11310447115511 0.144275287092097
-0.103514476355158 -0.100678259289982 -0.0199390973677158 0.149075568527231
-0.133027667030633 -0.0593145622915237 0.0312239132572283 0.1087403170983
-0.160611285320003 -0.0401033291980014 0.0523525066191425 0.0418925748336039
-0.167307037146171 -0.0397155991597897 0.0457465003276737 -0.012587747016121
-0.184784479058902 -0.0586103392740507 0.0516644330923049 -0.0693736711322987
-0.176195249984778 -0.125462923995552 0.081012826951991 -0.0955601083882494
-0.0914579731241415 -0.201369166172335 0.159523279046836 -0.0639772845277659
0.0335972527199032 -0.237038177131665 0.192914380868553 -0.00118769778304718
0.161090389736256 -0.201815824363316 0.147708224697724 0.0525704633150062
0.249264844726876 -0.116424556409406 0.0892931259695149 0.012854110016929
0.249490766493471 -0.0226160222030309 -0.0817282632145461 0.0226328692868814
0.218950111668551 -0.0785141905727792 -0.120685320591958 -0.0731949990418272
0.166418142906462 -0.141374424708701 -0.213376923665239 -0.0344951540532478
0.0505173705725775 -0.186660059608 -0.195939195347621 0.0528531994089158
-0.0575072595977228 -0.171657067699885 -0.133044820799052 0.0987725533648251
-0.118100201430418 -0.111911181466293 -0.0624420521271973 0.111744727141225
-0.144136903842599 -0.0651561464580453 -0.0266012345378693 0.0837399696752645
-0.163733322996703 -0.05192519417693 -0.0126831005542783 0.0255208914008655
-0.165660376523746 -0.053590573643171 -0.0197157389757585 -0.0249660205245955
-0.177566395681198 -0.0708902103431863 -0.00571525238142114 -0.087553573358352
-0.163331281288846 -0.134684088926306 0.0348536112665895 -0.124531829018383
-0.0754816517698722 -0.205859733694843 0.139561935212692 -0.0946438582647934
0.057393090018458 -0.233931499296307 0.183884297977555 -0.0027117189927785
0.183918166162833 -0.186120351724644 0.112319621101667 0.0725636558003137
0.256378320525336 -0.0894658077707958 -0.000616637547264832 0.0349442661971145
0.225111704573718 -0.0118091568464123 -0.181144127915972 0.0357163088097493
0.210670676657789 -0.0745752597194074 -0.177415610988975 -0.0454279668912296
0.15796897890311 -0.143668627704153 -0.218277014360598 -0.0242927919790034
0.0389431266935838 -0.181797728862008 -0.184554524899481 0.0181734288276306
-0.0600439144450628 -0.160475553748229 -0.153422563582172 0.0469876484437331
-0.110880469301661 -0.101286480971544 -0.110459469937175 0.0716676186999384
-0.131542343720891 -0.0599137381199116 -0.0863009765101867 0.0583341046490772
-0.142133900487031 -0.0565182605054875 -0.0755795396581741 0.00698815625386928
-0.137682785177867 -0.0627570030036312 -0.0760788690803834 -0.0437817274925982
-0.139855452293656 -0.0791134125980991 -0.0476248685094153 -0.110878589615186
-0.116681345364729 -0.130527700088769 0.007178531755213 -0.150699309163862
-0.0326714616970962 -0.181919936947875 0.126629873749911 -0.114106013649173
0.0887102259911874 -0.188611854196175 0.166652289857703 0.00153761909092569
0.188147474347665 -0.130539580590864 0.0726381650471263 0.0812274851357979
0.228140864602403 -0.0419176223940124 -0.0828708368479111 0.0433964393161343
0.160617226818913 0.00360942809145677 -0.254471919283471 0.050882764650787
0.160619197608251 -0.0497076120011595 -0.214464567376107 -0.0143482910609653
0.117461053674371 -0.108174202471327 -0.207578976954814 -0.0166626027298842
0.0234622669481132 -0.133407735528774 -0.171393974595283 -0.013880544755823
-0.043905513138736 -0.114878348890334 -0.171727421180219 0.0056988312273702
-0.0793801068583321 -0.0726478748964292 -0.153488317984913 0.0394456758066477
-0.094922009877171 -0.0461760927414673 -0.137768139079088 0.0379579481433849
-0.0992340162643883 -0.0530010519639102 -0.124854943217936 -0.0124407759988034
-0.0910017286157825 -0.0604084540200266 -0.115089027277775 -0.0665591424631281
-0.0843984494041058 -0.0750685839342145 -0.0683708464131427 -0.137487318688483
-0.0581657385893055 -0.10883295326163 0.00433157834647024 -0.172397867956889
0.0099699994314132 -0.13487260528495 0.123732159410494 -0.122025103150058
0.105605696317358 -0.120155373933591 0.146117124889231 0.00557577098368861
0.164185449028442 -0.059250648427513 0.0342384689903016 0.073364138821087
0.167310742873598 0.00833218289525679 -0.144030199152624 0.0323626764973155
0.0710465812466525 0.0261754047164418 -0.287767078910513 0.0609782778855079
0.087458349761848 -0.00810922906691317 -0.224338549198442 0.0084156815557323
0.0636500983720608 -0.0467416740173182 -0.191551409514726 -0.0159912277467836
0.0145389646075029 -0.0577905351522248 -0.165715024266827 -0.0349262685485882
-0.0102966646613988 -0.0515403671577061 -0.184443446083492 -0.0130555716701408
-0.0279060951574075 -0.0360695548767481 -0.18019890870411 0.0235384596170528
-0.0401716809610666 -0.0279742111965467 -0.168906275090387 0.0235900004578816
-0.0410599956615937 -0.0410763118902443 -0.153760382206498 -0.0293235377199443
-0.0350329098472744 -0.044626019077613 -0.131906285137043 -0.09009334567293
-0.0288334226534094 -0.0525759064148143 -0.0675093570929251 -0.161683135018379
-0.0109205049686024 -0.0686290255511787 0.0201582219146803 -0.185839623947454
0.0278382805339935 -0.077487893546882 0.130022617578183 -0.122389550897441
0.0917041164646357 -0.0549863643343676 0.129638321040116 0.00375304043047502
0.112549875227041 0.000447548281672254 0.0104108661878126 0.0540376840491943
0.0832158315977945 0.0439417373648207 -0.17569386554883 0.0078106878290075
0.00862812411537398 -0.0463308509383645 0.195591134638084 0.00674356262084615
-0.0347299597791412 -0.0233194564312454 0.0380684731512542 -0.0856913123282443
-0.0371433626867715 0.00728340888384035 -0.108598062137028 -0.0403289658081662
-0.0112523969250201 0.0119907686357763 -0.161136146410005 0.0861637930723122
-0.0137860866517403 0.00308473970820242 -0.0760043679180683 0.175321458900751
-0.0155558977167679 0.00383814299848294 0.0320877130557206 0.173249564208075
-0.0151229848064721 0.00920316187048407 0.111660851566412 0.13123341782805
-0.0265870692996739 0.0140143510952826 0.157665028328782 0.0652994451896428
-0.0308417424103219 0.0123954199383326 0.169768294194293 0.0211341378498083
-0.036334499904174 0.00151985763937322 0.174931515438478 0.00322392651346411
-0.0324525032808668 -0.0199447600560664 0.181086750849738 0.030605420922433
-0.0151980877510561 -0.0305271543136116 0.172221422029326 0.0660990867140423
-0.0150257177311075 -0.0347943491735404 0.170721505976898 0.0578618362754618
-0.00195656913309796 -0.0487795835898624 0.205930575589898 0.0514693879639641
0.0396613263283864 -0.0586646950701424 0.273891165838619 -0.0052272979431598
0.0894037284588858 -0.0345261839770065 0.16750925939876 0.0248774247341101
0.034956274488277 -0.0300187696082461 0.0311326003863579 -0.0747630765890105
0.017565888793439 -0.015956365036269 -0.118749552762422 -0.038676488535244
0.0167166191934556 -0.028621829184033 -0.167479248391612 0.0787532213617391
-0.0140990313434715 -0.0448201993422118 -0.09053648620621 0.166135214183895
-0.0402554361178045 -0.0369628081035945 0.0147585023133389 0.172355236988104
-0.0565868389866856 -0.0219007077815572 0.0934190798886028 0.134179047960497
-0.0807446060323709 -0.011829343359572 0.136940522461971 0.0677186249035862
-0.0875182406367044 -0.0147652346512339 0.147712952838639 0.0177177172882457
-0.0960581024592131 -0.0325140238810652 0.153666687782981 -0.0129130053692275
-0.0831539117077972 -0.0772993670246315 0.166664699747293 0.00103021423227315
-0.0283209302826534 -0.110095893434076 0.177084621574223 0.0396687504601986
0.0225940825507326 -0.114842913546598 0.176234087630352 0.0486747835030034
0.0768234291048716 -0.10309030088155 0.184781997487954 0.0516726922514545
0.135279855284812 -0.0777912691421165 0.231589029554176 0.00235721554379947
0.161288140983941 -0.0169283802404999 0.110601536546109 0.0307057146415612
0.109368090025181 -0.0327770947146741 0.00636581197433346 -0.0787401957880292
0.0816666361659269 -0.0447809280861827 -0.140271986917951 -0.0454706743054597
0.0462373946142643 -0.0771534870584942 -0.177400777364118 0.0695495317966643
-0.0148080513958232 -0.0956056303876633 -0.102327438222091 0.150040923578614
-0.0630933994700355 -0.0761388746629109 -0.00524739264832526 0.158372127302985
-0.0922144545150417 -0.0507581970719043 0.0625317707866117 0.124262058154264
-0.123797901421934 -0.0358570221883108 0.097913142067587 0.0604158541439858
-0.131757995251066 -0.0372471751449385 0.104104078229943 0.00893620397005065
-0.143836215337832 -0.0569143904669699 0.113462286745368 -0.0342638560143021
-0.129672524134301 -0.115875750853793 0.135746585985997 -0.0370838513146844
-0.0528027701358027 -0.169297830308787 0.175659571303959 0.00152026091788909
0.0417411803194455 -0.183903384405985 0.181452320930205 0.036647259402644
0.135140248327661 -0.151532837260122 0.158822408704168 0.0602884782535219
0.208210975676235 -0.0899352200812682 0.163132161316439 0.0149363157408561
0.211914080149316 -0.00143984755493368 0.0282251178647323 0.0286256091395127
0.173702458447678 -0.0391187418295271 -0.0367949814489312 -0.0830825785423526
0.140316360999071 -0.0804476027393406 -0.16488579016178 -0.0508366250284331
0.0670985232671163 -0.130382307221331 -0.182444190467568 0.0534554792848893
-0.0211649355942845 -0.141473504207634 -0.113135943247534 0.120043972271918
-0.083413909311361 -0.106109861760676 -0.0318348275471763 0.130038911205445
-0.117604583161559 -0.070234028811335 0.0192623259965358 0.102880327486429
-0.148024037849827 -0.0551393729557101 0.0440347925095636 0.0446297560432806
-0.153703746005375 -0.0558929554284487 0.0466266517768205 -0.00458282755706575
-0.166784742015757 -0.07338978437741 0.0609965294782189 -0.0555868985083096
-0.151740816577903 -0.135884655656966 0.0927523279289878 -0.0734767250193065
-0.065898020464418 -0.200745454049113 0.163393784758403 -0.0371802756631343
0.0550341396932454 -0.222410784633251 0.18059668240774 0.0277714765383054
0.173355047938401 -0.173951224101916 0.128216639182567 0.0753722698200785
0.248941151748767 -0.0855653670425758 0.0783544814404808 0.0319021181207205
0.229363339375589 0.00877391326381431 -0.0690269950812279 0.0254763230526445
0.208901391645031 -0.0442635499695163 -0.0939320302522016 -0.0765573447148776
0.1711655145432 -0.108535604619137 -0.181645977178683 -0.0489997981087992
0.0709878270849725 -0.165532492411819 -0.177039367064429 0.0284045835822874
-0.029989005156873 -0.166443989188263 -0.125054185538133 0.0758306197552215
-0.0946785140728798 -0.118038750142473 -0.0667373018686489 0.0901744977946063
-0.127241220364094 -0.076523255341107 -0.0314781529746646 0.0745258677899757
-0.149995955070289 -0.0663826010516616 -0.0158670073772264 0.0244041132953375
-0.150213775584857 -0.0687766417417674 -0.0139547919358883 -0.0222400828483095
-0.15783971100222 -0.0845968243479303 0.0085672157453759 -0.0785721849979922
-0.138599625676441 -0.142705720427336 0.0521449084618961 -0.105550837968401
-0.0506530836006177 -0.201860132563589 0.147536994274496 -0.0686095918535903
0.0764551126874076 -0.216485510568874 0.171412092961496 0.0247468928487217
0.19322712632486 -0.156427407956272 0.0915803668989786 0.0899922455921531
0.25346112346318 -0.0583603969830644 -0.0124370929630196 0.0427838036461731
0.206067087773003 0.0149264251178462 -0.163043452953824 0.026956657608284
0.200426130413148 -0.0417118835303937 -0.149768041505295 -0.0556796751943946
0.163309184171417 -0.111898336270614 -0.186897525757073 -0.0414904523291168
0.059408451262944 -0.162585989531956 -0.163479576635407 -0.0028046246844149
-0.0337845239806112 -0.155977161003992 -0.138889759890809 0.0257849591314295
-0.0885502799723168 -0.107679438791928 -0.107003175425933 0.049375697453623
-0.115578820495496 -0.0695291784872698 -0.0844427237701483 0.0457225178226815
-0.129240518161576 -0.0688670076578586 -0.0721973313641329 -0.000226385907535793
-0.123067179505307 -0.0733692269869134 -0.0658911637536568 -0.0458883072264107
-0.121512039674351 -0.0881857722482279 -0.0301472720346766 -0.105181562642451
-0.0947434549438673 -0.134015499848205 0.0275780744302523 -0.133587498962579
-0.012867267354572 -0.174351718967943 0.135078346558202 -0.0885208866147
0.102392659582927 -0.171131446006518 0.154445758680181 0.0248399603332077
0.190669373498537 -0.103908854199883 0.0520042402470992 0.0911362152961671
0.22196769788052 -0.0159748239312429 -0.0919039906545933 0.0395011791578877
0.14610820051512 0.021762221296912 -0.23479733748939 0.0307035942908359
0.152560872655946 -0.0253991779323418 -0.190027649378419 -0.0311715073121218
0.121821446599993 -0.0843693029238787 -0.18064972218734 -0.0336124094745499
0.0395022066383114 -0.120010813970687 -0.149582578637077 -0.0316514778113241
-0.0246465696508955 -0.112279803952847 -0.154013578510088 -0.0139520943250828
-0.0625601840507436 -0.0774405464087705 -0.143634148944072 0.0175396908968528
-0.0830172787031017 -0.052833720379445 -0.130389008723846 0.0217225381240649
-0.0886037715791121 -0.0601576528425757 -0.116620460545613 -0.0229570197795515
-0.0790870282880296 -0.0663908805006294 -0.100212223711556 -0.0713569051167171
-0.0701713601673386 -0.0777537709725787 -0.0479022174635305 -0.132949453066458
-0.0421848956594329 -0.105957342811598 0.024705086977556 -0.156377688633492
0.0223167922443068 -0.12449549090582 0.132580884188853 -0.0987009887897568
0.111032230344342 -0.104217461177492 0.135242236866304 0.0238279922893439
0.161301267367762 -0.038563680213212 0.0178411545178166 0.0762911634781249
0.159158543060115 0.0261196278179877 -0.148229583185048 0.0195927884170738
0.0612452284777975 0.0312182739416356 -0.271218753661319 0.0330202548636099
0.0805468681063388 0.00333258403696185 -0.205967481729004 -0.01222413848064
0.0645415323745865 -0.0346385207424543 -0.170213262478204 -0.0333417178731375
0.021049252687962 -0.0513180886783492 -0.145520516377945 -0.0504839764128443
-0.0028537176153493 -0.0493134593819707 -0.166237549006264 -0.0323039126465757
-0.0191823358926896 -0.0371322225354686 -0.16832469305206 0.00186234804609741
-0.0336083912664861 -0.0294869352120879 -0.15924294773788 0.00593837357910386
-0.0351017469859456 -0.0428107374866993 -0.141694233953465 -0.0420277080923413
-0.0277103955015655 -0.045172176187517 -0.11495792779709 -0.0968174121270037
-0.020658994074144 -0.0512453947149005 -0.0458674153621608 -0.156694503431064
-0.00315459263920903 -0.0644137963318396 0.0394425271174538 -0.169184528777626
0.0323435864153626 -0.0688309314133298 0.136757617345388 -0.0997736808478025
0.0913253780116044 -0.0440090301816623 0.120591281418679 0.0195482401012301
0.105851804790398 0.0126544615252025 -0.000732703898556649 0.0527912706034757
0.0753908638870678 0.0517259975665737 -0.173604076011892 -0.0103239233126819
0.00858170115414132 -0.0446134205562054 0.186699591948933 0.00790982837664286
-0.032224578664635 -0.0227880253003993 0.037322441092541 -0.0830854776316346
-0.0352224805245276 0.00630530098950624 -0.104794855145482 -0.0420389040708639
-0.0107885997074962 0.0111860980696086 -0.156542192743647 0.0788180788186628
-0.013131718539758 0.0031195368690139 -0.076346130270885 0.166422843168909
-0.0152518958404598 0.00385359255179632 0.0265750045002159 0.164764791580435
-0.0152594068802167 0.00780125775123463 0.105448065681083 0.125450801558804
-0.0253929288497114 0.0133163205677354 0.150845503953277 0.0626221900605834
-0.0288555467361185 0.0118751032303448 0.164180709895525 0.0212602840328617
-0.0348103148212683 0.000765383337397077 0.168525604498165 0.00480349660469015
-0.0312253769115164 -0.0193010294063711 0.173843722561729 0.0318493596183232
-0.0135754750418697 -0.0299596536922854 0.163953078693363 0.0668708689119404
-0.0138912493134055 -0.0330243851263228 0.161804098457547 0.0598704971719023
-0.00024378977647501 -0.0467620436354326 0.197689304622537 0.0545896725831583
0.0387806610795775 -0.0559013753254338 0.2634205117642 0.000209515561227763
0.0861440145891171 -0.0316046585953934 0.159865464599618 0.0250430215521431
0.0339551703293893 -0.0276366611290396 0.0314679042590342 -0.0739712445920149
0.0175886347805917 -0.0150579240430432 -0.113495750517353 -0.0404731275815615
0.0165533738281959 -0.0269302976907139 -0.163065224078892 0.0728020131648146
-0.0129461628777181 -0.0427449190119379 -0.0900876996190563 0.157868084629237
-0.0384407027975056 -0.0353634499258394 0.0107208109267012 0.164247187084831
-0.0540836502401577 -0.0223807989116632 0.0874938305500609 0.128212258033064
-0.0776161152233013 -0.0119174210158423 0.131532462702312 0.0641158454255989
-0.0840970759761362 -0.014357643284554 0.141793880372832 0.0179189501373794
-0.0921834653745561 -0.0322069830256838 0.148478972964422 -0.0110795608148639
-0.0792392869789859 -0.0740782400545223 0.161191875728234 0.00378186395698057
-0.0255339913973236 -0.106167537080572 0.169488737263175 0.0417521387395974
0.0236981754933959 -0.110213143311164 0.167474287453992 0.0503986185197049
0.0761723897539671 -0.097710750042378 0.1769532349745 0.0537253634342918
0.131252758245247 -0.0729873430524621 0.222733309710373 0.00536279045748284
0.154167248547671 -0.0134195322428275 0.105317674939405 0.0291818886691299
0.105003084786621 -0.0291702505301855 0.00800365572832333 -0.0785028084509198
0.0797053348313133 -0.0414554741443412 -0.134196327058299 -0.0469149573614916
0.0457745731245913 -0.0732212899908673 -0.171924489226588 0.0631739770280377
-0.0126711869062042 -0.0912731378575248 -0.101427220397793 0.141255997978803
-0.0591306335154232 -0.0734873765584037 -0.00829150183196826 0.149956867936305
-0.0881879122452611 -0.0498705591370379 0.0581024267691258 0.11883745239824
-0.11906846592485 -0.034866450382651 0.0934901188902471 0.0572522759765952
-0.126172502776149 -0.0364166222254326 0.100067850303247 0.00912076839757191
-0.137144584177117 -0.0546688595259734 0.110312856760606 -0.0322254317370904
-0.12335501833096 -0.111792413065136 0.132368118030064 -0.0326265677230035
-0.0483263560118153 -0.162687614321417 0.169258058371211 0.00467508402778235
0.0423271021905964 -0.175844473225511 0.172743948712123 0.0386410030861358
0.132399353592727 -0.144056065482971 0.151339402958838 0.0616547825214585
0.201236526505702 -0.0841567931665581 0.155711448920958 0.0160082627498023
0.202362190370063 0.00244286130563035 0.0262856350835772 0.0253794009907784
0.166321199041964 -0.034133539057233 -0.0331021848509454 -0.0839744650229963
0.135838456848364 -0.0749664949991695 -0.156585857108998 -0.0525705752222617
0.0664186134772062 -0.123132778989333 -0.177057030470766 0.0470243380418222
-0.0181986782518049 -0.135592432787516 -0.111613986160021 0.112260551123521
-0.0780787031969604 -0.101929427011036 -0.0330583408193603 0.122620586076198
-0.111795559660365 -0.068764017717035 0.0174146082015904 0.098168662831371
-0.141949842763185 -0.0534649384818842 0.0426253299156387 0.0429749955829733
-0.147249405048691 -0.0543746324510238 0.0452094102800252 -0.00415039043962241
-0.158858339721436 -0.0713270535221549 0.059907678490309 -0.0530023555580829
-0.144964606736904 -0.130833395848731 0.0923928789730294 -0.0676621762912455
-0.0602919907159369 -0.192233929141902 0.158122339124587 -0.0325839097226707
0.0557521458311121 -0.213123030705868 0.172731872048671 0.0280045853020872
0.168482228859039 -0.165186558324375 0.121416506931516 0.0757854764971409
0.240100521250418 -0.0794316387850709 0.0728154627265156 0.0312369643607637
0.218908333080305 0.0122111112657434 -0.0665166198425897 0.0218741710476681
0.200257064874852 -0.0389411757502159 -0.0874211704308573 -0.0779531945224514
0.166524002308764 -0.101886581738357 -0.172860888854703 -0.0501590118980317
0.0704274917004142 -0.156532614661267 -0.170166041820127 0.0227639951460199
-0.0270921009212452 -0.15928866506366 -0.122139700293461 0.0690018320930634
-0.0892114718731633 -0.114096992045436 -0.0654237300166805 0.0843819639033505
-0.120461211959534 -0.0745334406118929 -0.0310786510256847 0.0708634640267348
-0.143919019287083 -0.0639495249346252 -0.0152869476359989 0.0233231114343802
-0.144349064201104 -0.0668871306847581 -0.0122604302563509 -0.02111077463046
-0.150032380485156 -0.0809079135486824 0.00959057092140872 -0.0757037753108701
-0.131821673647374 -0.136281370759628 0.053299719242363 -0.0990054073865078
-0.0461146583522421 -0.193366951826643 0.143288554582619 -0.0622449280653976
0.0763168569094544 -0.206936186582568 0.163725701997402 0.0255336525066906
0.187549885485863 -0.147501542455742 0.085399114226009 0.0885392536946616
0.244069002827615 -0.052981547860852 -0.0137048176967947 0.0408353030305402
0.196739897046189 0.0178211513874742 -0.156075403037126 0.0220770162946627
0.192429544760132 -0.0365869999170645 -0.142530737525463 -0.0583996284667877
0.159306494238949 -0.104924601255631 -0.177650288198201 -0.0428584917389922
0.0594024413984604 -0.153732005326376 -0.157350947867749 -0.00688983789096958
-0.0306395749956611 -0.149361925874104 -0.134813660890728 0.0211081432258423
-0.0833106078190177 -0.104312381050464 -0.103272035462412 0.0448909451648659
-0.109602447857378 -0.0679564972425456 -0.0817717089370012 0.0427462717357563
-0.124153231618055 -0.0661999656061799 -0.0692184679468671 0.000255858674918945
-0.117331079434305 -0.071315586298585 -0.0623184408537408 -0.0440685591040701
-0.114625220113585 -0.0840442754077691 -0.0268629755854248 -0.101430868575846
-0.0897691674244026 -0.127498059333749 0.0298909878333194 -0.12649824086148
-0.0104699737117497 -0.166270294102284 0.131811272384858 -0.0827683426873505
0.100080385536439 -0.163031714341738 0.14803380822921 0.0253783504051713
0.184851037794773 -0.0964865140564386 0.0474978784310764 0.0886040607341324
0.212749031715519 -0.0120485457916239 -0.0892845074510236 0.037015503286295
0.138751314182537 0.0231623204971205 -0.226005083955504 0.0248474781385753
0.145659821212736 -0.0219097483886533 -0.180751518328339 -0.0340526708063279
0.119020878460685 -0.0794919663834542 -0.171571228519566 -0.0364929785983192
0.0394160942320021 -0.113436785724374 -0.143696808288487 -0.0348255082095133
-0.0233407164716318 -0.107907800564232 -0.148141154935244 -0.0173122432033632
-0.0586740474135794 -0.0751274991311095 -0.137958714468521 0.0149511338199694
-0.0779500487871012 -0.0506685369161146 -0.125551398722421 0.0199372445821769
-0.0851384485869414 -0.0585822496086882 -0.11218186055678 -0.021788009384388
-0.0755996554251539 -0.0644968891061389 -0.0955027829666965 -0.069127944266501
-0.0657120818105997 -0.0744515945775544 -0.0437334443633526 -0.127332035801935
-0.0390862461354621 -0.100919685639047 0.0276729517318513 -0.147859815569312
0.0227384511811249 -0.117788867990016 0.129193398897125 -0.0922153484637198
0.108199986607177 -0.0983977432050091 0.130269704348079 0.0242553167964278
0.155406385613367 -0.0343811062303539 0.0144935959688205 0.073540920504449
0.152368600458932 0.0276090055510885 -0.142349314028728 0.0171340567656222
0.0574612745855562 0.0312438699073201 -0.260455636143712 0.0268196962888489
0.0763865100163734 0.00463347364882838 -0.195977948188304 -0.0153903043588864
0.0625980347955854 -0.0320262051597378 -0.161888720997398 -0.0359905287248985
0.0207154758235854 -0.048141244457086 -0.139842990451491 -0.0524394751101718
-0.00232194177740765 -0.0467647875086828 -0.15965459304448 -0.0349902552053019
-0.017464809137056 -0.0355959018183499 -0.161387904956019 8.18861292285066E-05
-0.0311871321675008 -0.0283846004195268 -0.153171014671025 0.00464385012506123
-0.0338102261724713 -0.0413334061127559 -0.136105265647602 -0.0397843723151002
-0.0263865467971977 -0.0444180471974795 -0.107739265775387 -0.0923515019416391
-0.0187616874873731 -0.0486645381336527 -0.0416721611506884 -0.149128151553891
-0.00232554739317812 -0.0603424333032605 0.040917529379737 -0.160275067927765
0.0319026689540967 -0.064748642481004 0.134109403511479 -0.0920897307727398
0.0882377294551997 -0.0412862512091175 0.115849482718027 0.0210200279428631
0.101339774253794 0.0143191063155084 -0.00233597417455031 0.0512310915550405
0.0717701272679817 0.0509026257041475 -0.165955768846926 -0.0120001050119439
0.00967165180643303 -0.0435599011806311 0.185221554683624 0.0108685422301444
-0.0306037334534681 -0.0233104211693689 0.039277712010325 -0.0838871402435202
-0.0352172519006994 0.00517561038813071 -0.103148444702132 -0.0468738520989829
-0.0104637432054326 0.0108417430330898 -0.1586698012136 0.0739913748883569
-0.0135431262108826 0.00263360239482439 -0.0815147504056895 0.16311428139141
-0.015516298113758 0.00413497704667083 0.0206924915588038 0.163092649907487
-0.016080199459826 0.00710098055180014 0.101154436527043 0.125986887190149
-0.0263707216093565 0.0124064958130656 0.149474018477766 0.0636152988670252
-0.0289540114367634 0.0111974502928054 0.162830584369469 0.0242977863647444
-0.0349655679573732 -0.000177143699516853 0.167769703673744 0.00931023087637034
-0.0309242975267158 -0.0202973650143502 0.172533635247121 0.0372652384064365
-0.0127213861620436 -0.030500100809216 0.162576491156589 0.0721907946745658
-0.0127581006528709 -0.0334484590792221 0.15897548444595 0.0658187537585658
0.00202101367758863 -0.0470952175452587 0.195330866283759 0.0617832038346565
0.0405996433177023 -0.0551765516730624 0.262723601980041 0.0072374884936151
0.0854531399095397 -0.0284574762752346 0.157843754532459 0.0267479097658314
0.0348827276339627 -0.0265294236588531 0.0327886019697941 -0.0751522414463881
0.018006954658041 -0.0144052495236936 -0.11187287111084 -0.045879754616604
0.0170259373254523 -0.0259564600852637 -0.164551752307093 0.0666995488645157
-0.0118901148100643 -0.0424432250606987 -0.0952104635936185 0.153485464179896
-0.0372883049002143 -0.0357638512344054 0.00461731374256409 0.162045787224282
-0.054362905045485 -0.0238758029662674 0.0836277486764733 0.1286656885434
-0.0779254687539339 -0.0133772052480498 0.130313359524253 0.0651584914154375
-0.083465846261678 -0.0158843084554182 0.14202893068223 0.0208442773094478
-0.0907792138342068 -0.0334226810189467 0.148937061805921 -0.00756556256337988
-0.077831295444662 -0.0757764391689815 0.160760293775847 0.00861431326024962
-0.0227012048330501 -0.106357411481005 0.168842346816469 0.0472060699297882
0.0268287381414528 -0.109222733211514 0.164720071527308 0.0555501658626865
0.0792215653947754 -0.096166362158824 0.174696739689506 0.0602408225224432
0.13236137656863 -0.0698065462067432 0.221008088089642 0.0112362837515533
0.153545148733828 -0.00837119259593719 0.103744338270387 0.0296186437867464
0.105105570489041 -0.0255972388058514 0.0106687320717547 -0.0809463443194683
0.080899822244813 -0.0388202119485539 -0.131790650829891 -0.0519424192364209
0.047438487075798 -0.0714555829824929 -0.173465593611661 0.0567211074736389
-0.0106910774673499 -0.0908882018976243 -0.106135067502958 0.137059882188492
-0.0574250331898117 -0.0734741966938645 -0.0134102630459684 0.147680817848331
-0.0869965055369542 -0.0518715238223444 0.0538209324083418 0.118573604534325
-0.118444869030794 -0.0372745905126415 0.092869632154214 0.0577448324761358
-0.125128533491834 -0.0386297098219751 0.100577100364948 0.0110666556577858
-0.135535673702199 -0.0568718889604875 0.110791281404223 -0.030067676690573
-0.120365141725213 -0.112329266732723 0.133760944581266 -0.0283408975533796
-0.0442882618990855 -0.162942600715331 0.168974592864886 0.0100318948323906
0.046997433950765 -0.174716632533855 0.170007419771385 0.0436217431512768
0.13629955507045 -0.140231599579137 0.149150045686112 0.0673477101219533
0.20187673818287 -0.0790032154854418 0.154541370365567 0.0202733458060526
0.201139210737335 0.00800882587162452 0.0254795011175148 0.0240551258142031
0.166332441119145 -0.0290036950481363 -0.0296882431784734 -0.0872352461310692
0.137695859418338 -0.0711903352264541 -0.153838170334246 -0.0580648842503396
0.0692286140624866 -0.120352468029653 -0.177190977666052 0.0406002378195901
-0.0153455861552163 -0.134324607063065 -0.115678993141678 0.107005682318697
-0.0751685661967182 -0.10288449440651 -0.036742213463003 0.119616165824428
-0.110268655612588 -0.0707304039992019 0.0149738872543827 0.096917683943014
-0.140780424755354 -0.0557800936953297 0.0418016192684717 0.0426454441397
-0.14585244913593 -0.0567338878460163 0.0459797447550207 -0.00275022720139174
-0.155852754987098 -0.0728533832363965 0.0617618188185025 -0.0524181969736505
-0.141525913903726 -0.131653039724846 0.0955580765520738 -0.0643740499638889
-0.0558311083960133 -0.191673439856337 0.159460477329595 -0.0271879841944304
0.0612862892052227 -0.210971559653429 0.169897955173775 0.033917889555356
0.172663711109797 -0.160330188871504 0.117643332427562 0.079675823651014
0.24080874364758 -0.0734039055338581 0.0706888638930951 0.033247312799358
0.21738102442041 0.0190359548556394 -0.0667400416750669 0.0180972868177822
0.199779232347577 -0.0321745210154748 -0.0830577908797405 -0.0825044240558731
0.169390468055052 -0.0972143763442245 -0.170038849342913 -0.0562746717806415
0.0740988679625228 -0.153547376195773 -0.171281629029853 0.0163676809967959
-0.0236408554745206 -0.158397515635436 -0.125228853534568 0.0644369403997898
-0.085269152140686 -0.114877944736218 -0.0676428360487208 0.0817665337300629
-0.118611832375688 -0.0769951699959819 -0.0324997783069764 0.0690100100263469
-0.142987729209933 -0.0661655893127303 -0.0147745288287768 0.0225800861768187
-0.142300524051698 -0.0691870918465146 -0.0107728049846007 -0.0214263560403563
-0.146731774538507 -0.0829825728096703 0.0123810339069533 -0.0755268744983999
-0.128609677397355 -0.136243433297025 0.0582619802981291 -0.0966855716350625
-0.0411739212887514 -0.191823704806618 0.144956303876827 -0.0581876044007716
0.0817792969355839 -0.205508506145838 0.16079256248392 0.0298202147485481
0.190661324212212 -0.14169623173568 0.0821802429673032 0.0910720920961294
0.243865278972225 -0.0470730720914676 -0.0154074475336305 0.0420380446724442
0.195072665408696 0.0235294523750723 -0.156305849320645 0.0158753297270341
0.191721447458652 -0.030576697741533 -0.138386203845578 -0.0642120691381174
0.1622358668108 -0.0998202953948842 -0.17457604771787 -0.0485286001968469
0.063195576315646 -0.151033537654439 -0.156933422321241 -0.0135800837099962
-0.0274474512251485 -0.14849817677464 -0.136367936770456 0.0158388489009016
-0.0801122677532925 -0.105329460368129 -0.103936076996234 0.0413065444898121
-0.107077409697188 -0.0700958944928526 -0.0815753292987404 0.0407754754810682
-0.122776992138725 -0.0674974934345988 -0.0686759552567919 -0.00055385297239676
-0.115808839252949 -0.0733830862229454 -0.059604228524417 -0.0440713759004057
-0.11141644821995 -0.0853596016220515 -0.023802618731053 -0.101077271752266
-0.0862495701545825 -0.127235493104765 0.0352627023467613 -0.12406757719296
-0.00636804795452857 -0.163615337957155 0.134176782443951 -0.0772046056208274
0.104590828639281 -0.159714642625481 0.146508980325793 0.0292806177151704
0.186133642009129 -0.0914551402670028 0.0438633995927153 0.0904795456945123
0.212346500904243 -0.0077039080804223 -0.0904798837097216 0.0359548097882066
0.137100852933623 0.0273670067663031 -0.224978868035427 0.0175441684147056
0.145206653498467 -0.0170066819133117 -0.17779404951156 -0.0403690903198341
0.121356310081293 -0.0760682715098188 -0.168175604344205 -0.0414695539822102
0.0423795908356401 -0.111013128197343 -0.143099900279257 -0.0406432056326025
-0.0206400609813401 -0.106909878303526 -0.148942750625338 -0.0222419705532185
-0.0558382704111201 -0.0757083404082469 -0.137936895502574 0.010687092924548
-0.075760740692093 -0.0521367796190543 -0.125266927235713 0.0170758200371311
-0.0843123964270971 -0.0589530536847549 -0.11099831334019 -0.0228516382532026
-0.0739635083811287 -0.0660435806262644 -0.0924746112125908 -0.0691685891187615
-0.0629774966633692 -0.0748881089116663 -0.0402659507687376 -0.127306670149621
-0.036406827612402 -0.100083575638451 0.0328333194034206 -0.145592178482055
0.0258264460997127 -0.115529975698317 0.131692493158846 -0.0869861532942893
0.110405788095306 -0.0955025334406063 0.12905100179014 0.02762975301374
0.15532081505984 -0.0296717522675513 0.0114004357287962 0.0742016827385916
0.150519394091211 0.0309888439008848 -0.141497049482006 0.014669859329099
0.056171018512171 0.0332725384716329 -0.260372055759376 0.0187671386027505
0.07507587365363 0.00668731155167952 -0.193220916590958 -0.0214557841690668
0.0642330274180394 -0.0301209710138396 -0.158812532794343 -0.0404763253216606
0.0224351189431712 -0.0467168278103619 -0.138448214164273 -0.0581977081181819
-0.00167937950695929 -0.045774495715531 -0.159603884622893 -0.040195975975901
-0.0158395409731075 -0.0357161755402089 -0.160692431396208 -0.00401717262119584
-0.029964154368101 -0.0285367074382942 -0.152186762707066 0.00254958257820335
-0.0333485533436587 -0.0413822851621941 -0.134482399369808 -0.0405056092621209
-0.0252556297679535 -0.0448746289157275 -0.105110381073445 -0.0932251960877215
-0.0169513081396686 -0.0486487750556904 -0.0375279739157607 -0.148600985508629
-0.000671088552698145 -0.0598508626797569 0.0462166539105786 -0.156857700252053
0.0335963479283909 -0.0624625244351968 0.136090872134316 -0.0873503705181065
0.0886755238632474 -0.0390088740016541 0.115995176728824 0.0246919387398909
0.100461203940076 0.0174328930022661 -0.00456523018996046 0.0513029397016069
0.0700944347748265 0.0524622472964494 -0.164279247142371 -0.0144535145008812
