TRXV5
3
4
4
9
string Extension=J
integer IsArchMeasurement=1
integer IsSpherical=1
string Generator=SPM
string GeneratorVersion=1.3.1 Dev
double ArchRadius=0.449999988079071
integer FrequencyAxisIndex=0
integer AzimuthAxisIndex=1
integer ElevationAxisIndex=2
Frequency
5 136 690000000 960000000 LIN
Azimuth
7 8 0 2.74889357189107 LIN
Elevation
7 15 -2.74889357189107 2.74889357189107 LIN
Polar H Real Part
13
Polar H Imaginary Part
14
Polar V Real Part
13
Polar V Imaginary Part
14
Polar H Magnitude (dB)
12 0xC0000002 0 1
Polar H Phase
7 0xC0000003 0 1
Polar V Magnitude (dB)
12 0xC0000002 2 3
Polar V Phase
7 0xC0000003 2 3
0.00684165954589844 0.00345802307128906 -0.0810775756835937 -0.0978469848632813
-0.00337600708007812 -0.0106000900268555 -0.0299186706542969 -0.0385589599609375
-0.014653205871582 -0.00125789642333985 0.0356979370117188 -0.00711441040039063
-0.00709915161132813 0.0101556777954102 0.0775375366210938 -0.037872314453125
0.00249481201171875 0.00770235061645508 0.0742950439453125 -0.07220458984375
0.00262165069580078 0.00158214569091797 0.0463409423828125 -0.108108520507813
0.000980854034423829 -0.0079197883605957 0.00675964355468751 -0.11431884765625
-0.00108242034912109 -0.00682783126831055 -0.0205841064453125 -0.0898666381835938
-0.00100231170654297 -0.00637960433959961 -0.0308914184570313 -0.0631446838378906
0.0037989616394043 -0.00533676147460938 -0.0328598022460938 -0.0431594848632813
0.00382113456726074 0.000616788864135742 -0.0488662719726563 -0.0221786499023437
-0.007598876953125 0.00480413436889648 -0.0550384521484375 -0.0100059509277344
-0.0152139663696289 -0.00894355773925782 -0.07470703125 -0.00732421875
-0.00102615356445313 -0.0187454223632813 -0.112022399902344 0.00158691406250001
0.00219535827636719 -0.0100393295288086 -0.119873046875 0.00534057617187502
0.0503501892089844 0.0306282043457031 -0.0654296875 -0.0925827026367188
0.0417366027832031 0.0109901428222656 -0.0134811401367187 -0.0321235656738281
0.0268402099609375 0.00808334350585937 0.0447235107421875 -0.008087158203125
0.0314884185791016 0.00592422485351563 0.08343505859375 -0.0390548706054688
0.0328254699707031 -0.00811004638671875 0.0765533447265625 -0.0712814331054688
0.0230216979980469 -0.0298881530761719 0.045928955078125 -0.107925415039063
0.0069122314453125 -0.0428848266601563 0.0049591064453125 -0.105903625488281
0.00414657592773438 -0.0395774841308594 -0.0232696533203125 -0.0787582397460938
0.00236129760742188 -0.0431709289550781 -0.0334625244140625 -0.051300048828125
0.0137443542480469 -0.042388916015625 -0.0379562377929687 -0.0349998474121094
0.0246410369873047 -0.0296783447265625 -0.0520820617675781 -0.0145988464355469
0.0234146118164063 -0.0174388885498047 -0.0546340942382813 -0.00547790527343749
0.0230655670166016 -0.0132389068603516 -0.0734481811523438 -0.00237274169921875
0.04095458984375 -0.0111160278320312 -0.101142883300781 0.00901031494140627
0.047210693359375 0.00408554077148438 -0.106407165527344 0.014373779296875
0.08660888671875 0.0539169311523438 -0.0385971069335938 -0.0778427124023438
0.0831146240234375 0.0329208374023438 0.0112400054931641 -0.0182571411132812
0.0678443908691406 0.0164260864257813 0.0567207336425781 -0.0040435791015625
0.0695762634277344 0.00064849853515625 0.0878524780273438 -0.0349349975585938
0.0607376098632813 -0.0242233276367188 0.0745391845703125 -0.064239501953125
0.0397834777832031 -0.0587654113769531 0.0417556762695313 -0.0968399047851563
0.0118865966796875 -0.0719528198242187 0.003875732421875 -0.0849075317382812
0.00817871093750001 -0.066253662109375 -0.0216255187988281 -0.055389404296875
0.0043792724609375 -0.0734786987304688 -0.0307292938232422 -0.0281944274902344
0.0186691284179687 -0.07440185546875 -0.0386199951171875 -0.016571044921875
0.03948974609375 -0.0567169189453125 -0.0524749755859375 0.000228881835937502
0.0483741760253906 -0.0410652160644531 -0.0547027587890625 0.0012664794921875
0.0577621459960937 -0.0212669372558594 -0.0692977905273438 0.000873565673828137
0.0783157348632812 -0.0048370361328125 -0.0805206298828125 0.0127334594726562
0.0842819213867188 0.0164566040039063 -0.0794906616210938 0.0247650146484375
0.108909606933594 0.0687179565429687 -0.00115203857421874 -0.0587997436523437
0.113685607910156 0.0480728149414063 0.04071044921875 -0.00107955932617187
0.0998764038085938 0.0194625854492188 0.0672721862792969 0.00214767456054688
0.0976409912109375 -0.00777435302734375 0.0874099731445313 -0.0272750854492188
0.0789642333984375 -0.03973388671875 0.0671958923339844 -0.0506057739257813
0.04901123046875 -0.080322265625 0.0343017578125 -0.074798583984375
0.0139312744140625 -0.0904464721679688 0.00389862060546875 -0.0537605285644531
0.0103378295898438 -0.0815963745117188 -0.0156078338623047 -0.0233745574951172
0.00617218017578126 -0.0913162231445313 -0.0240764617919922 0.00103759765625
0.022308349609375 -0.0942764282226563 -0.0357246398925781 0.00800704956054686
0.0494003295898438 -0.0741195678710938 -0.0507431030273438 0.0184364318847656
0.0655937194824219 -0.0570030212402344 -0.0532035827636719 0.00951766967773438
0.08465576171875 -0.025360107421875 -0.0628662109375 0.00122451782226562
0.105766296386719 0.0027008056640625 -0.0526046752929687 0.0125656127929688
0.108230590820313 0.0298843383789063 -0.0423851013183594 0.0373077392578125
0.114044189453125 0.0712509155273438 0.039642333984375 -0.0385551452636719
0.125770568847656 0.053192138671875 0.0713653564453125 0.0117416381835938
0.114906311035156 0.017059326171875 0.0753097534179688 0.00559234619140625
0.109504699707031 -0.01763916015625 0.0817413330078125 -0.0170211791992188
0.0835800170898438 -0.0510787963867188 0.057037353515625 -0.0321578979492188
0.0478515625 -0.0913314819335938 0.027099609375 -0.0460357666015625
0.0111541748046875 -0.094329833984375 0.00456333160400391 -0.0173025131225586
0.00978851318359375 -0.0848617553710938 -0.00891971588134765 0.0117177963256836
0.0067138671875 -0.0962905883789062 -0.0162410736083984 0.0333690643310547
0.0243911743164062 -0.0998382568359375 -0.0326080322265625 0.0360260009765625
0.0555801391601563 -0.07940673828125 -0.0483436584472656 0.0378036499023438
0.0771484375 -0.062591552734375 -0.0503921508789062 0.0185203552246094
0.100509643554688 -0.0220108032226563 -0.0524406433105469 0.00131607055664063
0.118072509765625 0.0137405395507812 -0.0206203460693359 0.0128364562988281
0.115257263183594 0.04132080078125 -0.000808715820312491 0.0526237487792969
0.101181030273438 0.0624771118164062 0.0763015747070313 -0.0241851806640625
0.12005615234375 0.0478286743164063 0.0964279174804688 0.0163650512695313
0.109626770019531 0.01007080078125 0.07879638671875 0.00527191162109375
0.100395202636719 -0.0243377685546875 0.0714263916015625 -0.00661468505859375
0.0723724365234375 -0.0548248291015625 0.0456657409667969 -0.0121307373046875
0.0353775024414063 -0.0879669189453125 0.0208778381347656 -0.0137996673583984
0.00540924072265625 -0.08477783203125 0.00828933715820312 0.0190906524658203
0.0072174072265625 -0.074920654296875 -1.90734863281211E-05 0.0457611083984375
0.00665283203125001 -0.086669921875 -0.00981903076171876 0.0643959045410156
0.0248870849609375 -0.0893936157226562 -0.0322341918945312 0.0630416870117188
0.0567512512207031 -0.0699577331542969 -0.0477523803710938 0.0552330017089844
0.0796585083007813 -0.0526504516601563 -0.0493392944335937 0.0260734558105469
0.100807189941406 -0.00909423828125 -0.0414505004882812 0.00143051147460937
0.111824035644531 0.0282363891601562 0.0102748870849609 0.0167713165283203
0.101776123046875 0.050445556640625 0.0359954833984375 0.0721054077148438
0.0705108642578125 0.046630859375 0.104804992675781 -0.0164031982421875
0.093780517578125 0.036224365234375 0.112174987792969 0.0129623413085938
0.0850448608398438 0.00379180908203125 0.0770797729492188 0.00188446044921875
0.0750656127929688 -0.0245361328125 0.06060791015625 0.00271224975585937
0.0495872497558594 -0.0475120544433594 0.0384445190429688 0.00574874877929687
0.0189743041992188 -0.0688934326171875 0.0190906524658203 0.0148067474365234
-0.000736236572265631 -0.0600395202636719 0.0149421691894531 0.0484161376953125
0.00273895263671875 -0.0533294677734375 0.00845336914062499 0.0721588134765625
0.00453567504882813 -0.0642471313476562 -0.00702667236328126 0.0890579223632813
0.0216140747070313 -0.0663871765136719 -0.035797119140625 0.0849227905273438
0.0489273071289063 -0.050537109375 -0.0526199340820312 0.0680961608886719
0.0692329406738281 -0.0356483459472656 -0.0509834289550781 0.0331573486328125
0.084075927734375 0.00566864013671875 -0.0325927734375 0.00535774230957031
0.087860107421875 0.0367507934570313 0.0334091186523438 0.0265998840332031
0.07220458984375 0.05181884765625 0.0654220581054688 0.0932769775390625
0.0287742614746094 0.0276947021484375 0.119537353515625 -0.0160369873046875
0.0541229248046875 0.0246810913085938 0.116226196289062 0.00405120849609375
0.0483322143554688 0.000133514404296875 0.0716171264648438 -0.0025177001953125
0.0392189025878906 -0.0178718566894531 0.0527267456054688 0.00851058959960937
0.0220680236816406 -0.0291843414306641 0.0354576110839844 0.0174484252929687
0.0013885498046875 -0.0378379821777344 0.0228767395019531 0.0343036651611328
-0.00492286682128906 -0.0262489318847656 0.0231666564941406 0.0662574768066406
-0.00182151794433594 -0.0226039886474609 0.0151596069335937 0.087890625
-0.000415802001953128 -0.0321578979492188 -0.0066986083984375 0.104667663574219
0.00986099243164062 -0.0358352661132813 -0.04229736328125 0.0982742309570312
0.0303955078125 -0.0284023284912109 -0.0598297119140625 0.075225830078125
0.0453147888183594 -0.0186424255371094 -0.0559768676757813 0.0384407043457031
0.0541458129882812 0.0126380920410156 -0.0293827056884766 0.0115966796875
0.0504531860351563 0.0331878662109375 0.0433120727539063 0.039276123046875
0.0319328308105469 0.0406112670898438 0.0796356201171875 0.111907958984375
0.00856828689575195 0.00398159027099609 -0.0881118774414063 -0.0930709838867187
-0.00293922424316406 -0.0107288360595703 -0.0324935913085937 -0.0355300903320313
-0.0144510269165039 -0.000426292419433596 0.036773681640625 -0.01019287109375
-0.00561904907226563 0.0107574462890625 0.0769195556640625 -0.0454330444335937
0.00362348556518555 0.00636434555053711 0.070648193359375 -0.080352783203125
0.00423955917358398 0.00080418586730957 0.0379104614257813 -0.114471435546875
0.000959396362304687 -0.00927925109863281 -0.00389862060546874 -0.116462707519531
-0.00115633010864258 -0.00748634338378906 -0.029449462890625 -0.0890350341796875
-0.00100612640380859 -0.00678300857543945 -0.0376205444335938 -0.0614852905273437
0.00473880767822266 -0.00603580474853516 -0.0378684997558594 -0.0418701171875
0.00452280044555664 0.000419139862060547 -0.0530509948730469 -0.0193061828613281
-0.00681447982788086 0.00607013702392578 -0.0577850341796875 -0.00675582885742188
-0.0161380767822266 -0.00690269470214844 -0.0776901245117188 -0.00377655029296874
-0.00311851501464844 -0.0184764862060547 -0.115104675292969 0.0107421875
0.00163650512695312 -0.00987529754638672 -0.123420715332031 0.0171432495117188
0.0554733276367188 0.02777099609375 -0.0726242065429687 -0.0886459350585938
0.0446548461914063 0.00751495361328125 -0.0155906677246094 -0.0304660797119141
0.0289173126220703 0.00550079345703125 0.0465431213378906 -0.0108299255371094
0.0333576202392578 0.00325775146484375 0.0836715698242187 -0.0461349487304687
0.0327663421630859 -0.0117835998535156 0.0730209350585937 -0.0788421630859375
0.0201377868652344 -0.0328540802001953 0.0374755859375 -0.113502502441406
0.00355911254882812 -0.0455169677734375 -0.00492095947265625 -0.107666015625
0.00111007690429687 -0.0412979125976562 -0.0317535400390625 -0.076873779296875
-0.0011749267578125 -0.0445785522460938 -0.0402603149414063 -0.0488128662109375
0.0106048583984375 -0.0448799133300781 -0.0428085327148437 -0.0329246520996094
0.0235176086425781 -0.0321063995361328 -0.0557441711425781 -0.0107383728027344
0.0226192474365234 -0.0199298858642578 -0.0574417114257812 -0.00191879272460938
0.0221614837646484 -0.0145473480224609 -0.0754013061523438 0.00241088867187499
0.0403366088867188 -0.0139350891113281 -0.103126525878906 0.0179214477539063
0.0484237670898437 0.0004425048828125 -0.109169006347656 0.0253829956054688
0.0939712524414063 0.0474700927734375 -0.0437850952148437 -0.0761184692382813
0.088104248046875 0.0260086059570313 0.0112056732177734 -0.01806640625
0.0711288452148438 0.0110626220703125 0.0587234497070313 -0.00673675537109375
0.0712966918945312 -0.00616455078125 0.08770751953125 -0.0421905517578125
0.0595359802246094 -0.0311775207519531 0.0712051391601563 -0.0714950561523438
0.0355720520019531 -0.0630264282226563 0.03387451171875 -0.101478576660156
0.00524139404296876 -0.0747909545898438 -0.0042724609375 -0.0861129760742188
0.00198745727539063 -0.0683517456054687 -0.0274276733398438 -0.0528182983398438
-0.00231170654296875 -0.0750579833984375 -0.0359535217285156 -0.0248794555664063
0.0120925903320312 -0.078094482421875 -0.0428810119628906 -0.0136260986328125
0.03558349609375 -0.0616722106933594 -0.0559005737304688 0.00482940673828125
0.0453414916992188 -0.0459785461425781 -0.0568733215332031 0.00529098510742187
0.0567474365234375 -0.0254631042480469 -0.07159423828125 0.00592041015625
0.0789260864257813 -0.0116195678710938 -0.082305908203125 0.0199356079101562
0.0878982543945312 0.0096282958984375 -0.0811767578125 0.0343399047851562
0.117973327636719 0.0605392456054688 -0.00401687622070312 -0.0587577819824219
0.120140075683594 0.0389556884765625 0.0426521301269531 -0.00284194946289062
0.103965759277344 0.011749267578125 0.0704879760742188 -0.000686645507812499
0.0994033813476563 -0.0170974731445313 0.0884323120117187 -0.0335159301757813
0.0768356323242188 -0.04833984375 0.0653114318847656 -0.0569343566894531
0.0417404174804687 -0.085723876953125 0.0283203125 -0.0785980224609375
0.00545501708984376 -0.092926025390625 -0.00178146362304687 -0.0548210144042969
0.00284576416015624 -0.0845870971679688 -0.0185413360595703 -0.0208625793457031
-0.00281524658203124 -0.0943756103515625 -0.026092529296875 0.00499153137207031
0.0136032104492187 -0.09832763671875 -0.0382499694824219 0.0118827819824219
0.043914794921875 -0.0798187255859375 -0.0527381896972656 0.0233421325683594
0.0623054504394531 -0.0642280578613281 -0.0547370910644531 0.0137710571289063
0.0838470458984375 -0.0326156616210938 -0.0651702880859375 0.00651550292968751
0.107200622558594 -0.00615692138671875 -0.0543670654296875 0.0176315307617187
0.114112854003906 0.0203399658203125 -0.042572021484375 0.0441970825195313
0.123191833496094 0.0624237060546875 0.0391159057617188 -0.0420608520507812
0.133445739746094 0.04248046875 0.0746307373046875 0.0079345703125
0.118598937988281 0.00823211669921875 0.078887939453125 0.00228118896484375
0.110122680664063 -0.0276260375976563 0.08355712890625 -0.0223846435546875
0.0801925659179688 -0.0600509643554688 0.0562667846679688 -0.0366020202636719
0.0391845703125 -0.0968475341796875 0.0232391357421875 -0.0476913452148438
0.00225067138671876 -0.0959625244140625 0.00300025939941406 -0.0173892974853516
0.00217437744140626 -0.0869522094726563 -0.00809097290039063 0.0139026641845703
-0.00264739990234376 -0.0983352661132813 -0.0148277282714844 0.0369873046875
0.0150222778320313 -0.103187561035156 -0.0324249267578125 0.040008544921875
0.0494155883789063 -0.0860366821289063 -0.0485649108886719 0.0429039001464844
0.0720672607421875 -0.0713272094726562 -0.0517578125 0.0228805541992187
0.0997390747070313 -0.0309600830078125 -0.0550575256347656 0.00591278076171875
0.12127685546875 0.004180908203125 -0.0216846466064453 0.0150089263916016
0.121910095214844 0.031341552734375 0.000885009765625007 0.0564117431640625
0.10919189453125 0.0553054809570313 0.0777206420898438 -0.0304031372070312
0.126319885253906 0.037445068359375 0.100906372070313 0.0109176635742188
0.11212158203125 0.00164031982421875 0.0821609497070313 0.00202178955078125
0.100677490234375 -0.0344390869140625 0.0738449096679688 -0.0107803344726563
0.0685310363769531 -0.0624465942382813 0.0460090637207031 -0.0153427124023438
0.0272903442382813 -0.0916976928710938 0.0199508666992187 -0.0150489807128906
-0.00244140625000001 -0.084930419921875 0.0104274749755859 0.0188083648681641
-1.52587890625081E-05 -0.0767059326171875 0.00394821166992188 0.0471687316894531
-0.00219726562499999 -0.0882339477539062 -0.00470352172851563 0.0674934387207031
0.0162506103515625 -0.0926589965820313 -0.0290489196777344 0.0675277709960938
0.0511703491210938 -0.0774917602539063 -0.0461692810058594 0.0607452392578125
0.0759201049804688 -0.0618057250976563 -0.0495529174804687 0.0306777954101563
0.101608276367188 -0.0174560546875 -0.0433464050292969 0.00551986694335937
0.116584777832031 0.018524169921875 0.0105247497558594 0.0161247253417969
0.109512329101563 0.0420379638671875 0.041107177734375 0.07220458984375
0.0768661499023437 0.0403823852539062 0.107711791992188 -0.0252914428710937
0.098785400390625 0.0279159545898438 0.116737365722656 0.00597381591796875
0.08697509765625 -0.0034637451171875 0.0799789428710938 -0.001220703125
0.074615478515625 -0.0323867797851563 0.0642318725585938 -0.000389099121093752
0.0460319519042969 -0.0531158447265625 0.0401268005371094 0.00363540649414062
0.0118255615234375 -0.0709075927734375 0.0211849212646484 0.0135402679443359
-0.00632858276367187 -0.0596542358398438 0.0204658508300781 0.0481529235839844
-0.0025634765625 -0.0532608032226563 0.0149078369140625 0.0731658935546875
-0.00238418579101562 -0.0647125244140625 0.000518798828124998 0.0918960571289062
0.014434814453125 -0.0690727233886719 -0.0304489135742188 0.089996337890625
0.04510498046875 -0.0565986633300781 -0.04931640625 0.0742340087890625
0.067169189453125 -0.0432701110839844 -0.0508270263671875 0.0378913879394531
0.085906982421875 -0.00151824951171875 -0.0338020324707031 0.00931549072265625
0.0924072265625 0.0297622680664063 0.0351715087890625 0.0238304138183594
0.0788650512695312 0.0453338623046875 0.0727157592773438 0.0918197631835938
0.0321750640869141 0.0240707397460938 0.12200927734375 -0.0262985229492187
0.0574569702148438 0.0195503234863281 0.120315551757812 -0.0037078857421875
0.0496444702148437 -0.00406646728515625 0.074066162109375 -0.00562286376953125
0.0384101867675781 -0.0221710205078125 0.0557479858398437 0.00603103637695312
0.0186481475830078 -0.0318794250488281 0.0386772155761719 0.0155982971191406
-0.0033416748046875 -0.0371665954589844 0.0269527435302734 0.0331687927246094
-0.00787734985351563 -0.0249176025390625 0.0302085876464844 0.0650062561035156
-0.00465011596679688 -0.0221424102783203 0.0238265991210938 0.0881805419921875
-0.00410270690917969 -0.0315322875976563 0.00272369384765626 0.107582092285156
0.00600051879882812 -0.0370445251464844 -0.0355682373046875 0.1038818359375
0.0279941558837891 -0.0322742462158203 -0.0561981201171875 0.0817031860351562
0.0438194274902344 -0.0236968994140625 -0.0547027587890625 0.0441055297851562
0.0557861328125 0.00797271728515625 -0.0300445556640625 0.0149116516113281
0.0542068481445313 0.0286445617675781 0.0469017028808594 0.03570556640625
0.0369720458984375 0.0376510620117188 0.088592529296875 0.107986450195313
0.00974369049072265 0.00373935699462891 -0.0921707153320313 -0.0858688354492187
-0.00341415405273438 -0.0106086730957031 -0.0340423583984375 -0.031982421875
-0.0131921768188477 0.00125789642333985 0.0366554260253906 -0.012664794921875
-0.00406265258789063 0.0108861923217773 0.0731124877929688 -0.0504226684570313
0.00459671020507813 0.00620603561401367 0.0643386840820313 -0.0850372314453125
0.00453090667724609 -0.000411033630371094 0.0296249389648438 -0.116119384765625
0.000637054443359375 -0.0104541778564453 -0.0141067504882812 -0.113868713378906
-0.000428676605224609 -0.00782108306884766 -0.0371627807617188 -0.08380126953125
-0.000571727752685547 -0.00745582580566406 -0.0429229736328125 -0.0571022033691406
0.00528812408447266 -0.00654411315917969 -0.0420112609863281 -0.03912353515625
0.00581884384155273 -2.288818359375E-05 -0.0547523498535156 -0.0149955749511719
-0.00548267364501953 0.00760412216186523 -0.05859375 -0.00310134887695312
-0.0165281295776367 -0.00502395629882813 -0.0775070190429688 0.000190734863281248
-0.00489425659179687 -0.0180244445800781 -0.113876342773437 0.0183792114257812
0.000676155090332031 -0.00894069671630859 -0.122245788574219 0.0274810791015625
0.0578117370605469 0.0233840942382812 -0.0761260986328125 -0.0819015502929688
0.0452117919921875 0.00390625 -0.0166511535644531 -0.0278034210205078
0.0287990570068359 0.00366020202636719 0.0462417602539063 -0.0128669738769531
0.0339622497558594 0.000150680541992188 0.07989501953125 -0.0514907836914062
0.0314369201660156 -0.0147914886474609 0.0667572021484375 -0.0837936401367188
0.017822265625 -0.0346584320068359 0.0286102294921875 -0.114433288574219
0.000255584716796877 -0.0457305908203125 -0.0136871337890625 -0.104606628417969
-0.0015411376953125 -0.0416030883789063 -0.0378036499023438 -0.0713653564453125
-0.0039215087890625 -0.0445518493652344 -0.0443153381347656 -0.0432929992675781
0.00741958618164063 -0.0457611083984375 -0.0471076965332031 -0.0293159484863281
0.0216770172119141 -0.0332298278808594 -0.0573959350585938 -0.00621414184570312
0.0215549468994141 -0.020538330078125 -0.0586090087890625 0.00159454345703124
0.0207500457763672 -0.0151309967041016 -0.0750656127929688 0.00662994384765624
0.0385894775390625 -0.0162582397460938 -0.101753234863281 0.025360107421875
0.0478439331054688 -0.0026092529296875 -0.107528686523437 0.0347824096679688
0.0977325439453125 0.0398941040039063 -0.0458984375 -0.070892333984375
0.0897750854492188 0.018585205078125 0.0106735229492188 -0.0164928436279297
0.071319580078125 0.005096435546875 0.0591545104980469 -0.00958633422851563
0.0700492858886719 -0.0120773315429688 0.0851821899414063 -0.0471725463867187
0.0556678771972656 -0.0356483459472656 0.0659713745117188 -0.0761184692382813
0.0289268493652344 -0.0653762817382813 0.0261383056640625 -0.101707458496094
-0.000999450683593743 -0.0739974975585938 -0.0110626220703125 -0.0836334228515625
-0.00305938720703124 -0.0676956176757813 -0.0315628051757813 -0.0477218627929688
-0.00807189941406251 -0.0741195678710938 -0.0380096435546875 -0.0202560424804688
0.00601196289062499 -0.078094482421875 -0.0455284118652344 -0.00971221923828126
0.0310440063476563 -0.0633926391601563 -0.0563621520996094 0.00917434692382812
0.0416908264160156 -0.0482635498046875 -0.056854248046875 0.00879669189453125
0.0535507202148438 -0.0284309387207031 -0.0714263916015625 0.0108642578125
0.0766983032226562 -0.0163192749023438 -0.0809783935546875 0.0262985229492187
0.0873031616210937 0.00263214111328125 -0.0791244506835938 0.0416946411132813
0.122383117675781 0.050445556640625 -0.00572967529296875 -0.057098388671875
0.12164306640625 0.0283126831054687 0.0433120727539063 -0.00388336181640625
0.103057861328125 0.00403594970703125 0.0710830688476563 -0.0035247802734375
0.09674072265625 -0.0250244140625 0.0862808227539063 -0.038055419921875
0.0715103149414063 -0.0535125732421875 0.0611381530761719 -0.060821533203125
0.0339431762695312 -0.0876083374023438 0.0222320556640625 -0.0782546997070313
-0.0018768310546875 -0.0910797119140625 -0.0057373046875 -0.0518074035644531
-0.00394439697265625 -0.0838623046875 -0.0209999084472656 -0.0170841217041016
-0.0109405517578125 -0.0923080444335938 -0.0265884399414063 0.00825119018554688
0.00509643554687499 -0.0979080200195313 -0.038818359375 0.0150527954101563
0.0372695922851563 -0.0831375122070312 -0.0520172119140625 0.0276641845703125
0.0564422607421875 -0.06842041015625 -0.054779052734375 0.0173454284667969
0.080078125 -0.0374374389648438 -0.0649681091308594 0.0111160278320312
0.105209350585938 -0.0131759643554688 -0.0526809692382812 0.0220108032226562
0.114280700683594 0.0118637084960938 -0.0403823852539062 0.0481491088867188
0.127555847167969 0.0520172119140625 0.037841796875 -0.0442123413085938
0.134979248046875 0.0307846069335937 0.0750503540039063 0.00446319580078125
0.117805480957031 -0.0003204345703125 0.07952880859375 -0.000274658203125
0.106513977050781 -0.0364761352539063 0.0821304321289063 -0.0265655517578125
0.0739898681640625 -0.0654754638671875 0.0532035827636719 -0.0392417907714844
0.0300827026367187 -0.0968093872070313 0.018798828125 -0.0480690002441406
-0.00606536865234374 -0.09356689453125 0.00193023681640625 -0.0162372589111328
-0.0054779052734375 -0.0854110717773438 -0.00712871551513672 0.0162115097045898
-0.0114517211914063 -0.0960922241210938 -0.0123786926269531 0.0386924743652344
0.00554656982421874 -0.102813720703125 -0.0311622619628906 0.0428428649902344
0.0414276123046875 -0.0895156860351563 -0.0463333129882813 0.0464630126953125
0.0656661987304688 -0.0768508911132813 -0.0507278442382813 0.026397705078125
0.0960769653320313 -0.0371627807617188 -0.0552139282226562 0.010833740234375
0.11993408203125 -0.00492095947265625 -0.0213584899902344 0.0166130065917969
0.122955322265625 0.021087646484375 0.00336456298828125 0.0572471618652344
0.111946105957031 0.0444488525390625 0.0769119262695313 -0.0353164672851563
0.126663208007813 0.0263519287109375 0.101119995117188 0.0045318603515625
0.110542297363281 -0.00688934326171875 0.0829849243164063 -0.0013580322265625
0.0970611572265625 -0.0421981811523438 0.0740966796875 -0.01409912109375
0.0617828369140625 -0.0670661926269531 0.0454902648925781 -0.0174598693847656
0.0187454223632813 -0.0908279418945312 0.0181159973144531 -0.0152149200439453
-0.0097198486328125 -0.0819015502929688 0.0123519897460938 0.0184879302978516
-0.00611114501953125 -0.0742340087890625 0.00755691528320312 0.0472221374511719
-0.0102767944335937 -0.085968017578125 0.000213623046875003 0.0678558349609375
0.00754547119140624 -0.0920562744140625 -0.0250205993652344 0.0696640014648438
0.0434341430664063 -0.0808792114257813 -0.0430755615234375 0.0641326904296875
0.069366455078125 -0.067657470703125 -0.0480308532714844 0.0337486267089844
0.0980758666992187 -0.0246658325195312 -0.0430717468261719 0.0090789794921875
0.116607666015625 0.009613037109375 0.0103330612182617 0.0153789520263672
0.111534118652344 0.03216552734375 0.0441932678222656 0.0699958801269531
0.0790023803710937 0.0325088500976562 0.106178283691406 -0.032867431640625
0.0990676879882813 0.0197067260742188 0.117118835449219 -0.00101470947265625
0.0859832763671875 -0.00978851318359375 0.0805130004882812 -0.005218505859375
0.0707473754882813 -0.0381240844726563 0.0644760131835938 -0.0032501220703125
0.0401382446289063 -0.0556411743164063 0.0411911010742188 0.00173187255859375
0.00492858886718749 -0.0690650939941406 0.0224723815917969 0.0132637023925781
-0.0117301940917969 -0.0564346313476563 0.0242881774902344 0.0455245971679687
-0.00722122192382812 -0.0511856079101563 0.0212783813476562 0.0708084106445313
-0.00813674926757813 -0.0620193481445313 0.00806427001953125 0.0914077758789063
0.00762557983398437 -0.068359375 -0.0240020751953125 0.0915679931640625
0.0392646789550781 -0.0600090026855469 -0.0447158813476563 0.0777206420898437
0.0617713928222656 -0.0487022399902344 -0.0481758117675781 0.0411376953125
0.0837936401367188 -0.007904052734375 -0.0332393646240234 0.0121974945068359
0.0937728881835938 0.0216064453125 0.0353431701660156 0.0211067199707031
0.0820846557617187 0.0378570556640625 0.0765228271484375 0.0862274169921875
0.0337982177734375 0.0202465057373047 0.120651245117187 -0.035675048828125
0.0580596923828125 0.0140190124511719 0.120216369628906 -0.0118408203125
0.0490341186523438 -0.00770950317382813 0.0736923217773438 -0.00937652587890625
0.0358619689941406 -0.0254478454589844 0.0571670532226563 0.00360488891601562
0.0151996612548828 -0.0333633422851563 0.0403823852539063 0.0136871337890625
-0.00731658935546875 -0.0349636077880859 0.0298957824707031 0.0313568115234375
-0.0102005004882813 -0.0224380493164062 0.0356216430664063 0.0612258911132813
-0.00658988952636719 -0.0198020935058594 0.0313949584960938 0.083770751953125
-0.00749778747558593 -0.0290908813476562 0.0109329223632812 0.105354309082031
0.00142288208007813 -0.03631591796875 -0.0278091430664062 0.105697631835938
0.0239505767822266 -0.0339241027832031 -0.05010986328125 0.0854110717773438
0.0408897399902344 -0.0274925231933594 -0.0513877868652344 0.0475044250488281
0.0548286437988281 0.00296401977539063 -0.0292282104492187 0.0168972015380859
0.0555992126464844 0.0242919921875 0.0471458435058594 0.0310249328613281
0.0391769409179688 0.0327415466308594 0.0929946899414063 0.100936889648438
0.0107498168945312 0.00390338897705078 -0.0914154052734375 -0.080078125
-0.00303173065185547 -0.0101041793823242 -0.0337619781494141 -0.0285377502441406
-0.0121784210205078 0.00179004669189453 0.0360031127929688 -0.013916015625
-0.00277900695800781 0.0101957321166992 0.0698394775390625 -0.0521812438964844
0.00512981414794922 0.00484561920166016 0.0597610473632813 -0.0862884521484375
0.00492048263549805 -0.0016326904296875 0.0240478515625 -0.114418029785156
0.000709533691406249 -0.0120077133178711 -0.0185699462890625 -0.10894775390625
6.10351562499993E-05 -0.00896835327148438 -0.0403900146484375 -0.078338623046875
7.1525573730471E-06 -0.00806045532226562 -0.0457916259765625 -0.0532379150390625
0.00576639175415039 -0.00778722763061523 -0.0449676513671875 -0.0365524291992188
0.0064845085144043 -0.000772953033447266 -0.0548820495605469 -0.0124740600585938
-0.00456619262695312 0.00785684585571289 -0.0581817626953125 -0.00178527832031251
-0.0164051055908203 -0.00343608856201172 -0.0762710571289063 0.00145721435546875
-0.00564384460449219 -0.0166025161743164 -0.110488891601563 0.0226974487304687
-0.000156402587890626 -0.00748634338378906 -0.11883544921875 0.0336456298828125
0.0584182739257813 0.0203971862792969 -0.0750045776367187 -0.0766677856445313
0.044769287109375 0.00107574462890625 -0.0156784057617187 -0.0247440338134766
0.0287303924560547 0.00222969055175781 0.0455856323242187 -0.0135765075683594
0.0335636138916016 -0.00227737426757813 0.0759963989257813 -0.0531539916992188
0.0301132202148438 -0.0168476104736328 0.0619125366210937 -0.084503173828125
0.0159130096435547 -0.0348033905029297 0.0229949951171875 -0.112373352050781
-0.00186538696289062 -0.0452041625976563 -0.0180587768554688 -0.0996475219726563
-0.003173828125 -0.0410537719726563 -0.0405540466308594 -0.0653152465820312
-0.00548553466796875 -0.0437583923339844 -0.0468559265136719 -0.0388259887695312
0.0059051513671875 -0.0453300476074219 -0.0492057800292969 -0.0262489318847656
0.0204410552978516 -0.0338726043701172 -0.0577468872070312 -0.00355529785156249
0.0208072662353516 -0.0205936431884766 -0.0582466125488281 0.00277328491210937
0.0197772979736328 -0.0146865844726563 -0.074005126953125 0.00853729248046874
0.0360603332519531 -0.0163764953613281 -0.0983734130859375 0.0297012329101562
0.0467681884765625 -0.00367355346679688 -0.104576110839844 0.040740966796875
0.09808349609375 0.0341339111328125 -0.0455551147460938 -0.0673675537109375
0.0883407592773438 0.0128631591796875 0.0113906860351563 -0.0147457122802734
0.0699081420898438 0.0024566650390625 0.0589485168457031 -0.00969314575195313
0.0682945251464844 -0.015533447265625 0.0818405151367188 -0.048614501953125
0.0531196594238281 -0.0378379821777344 0.0610809326171875 -0.0758285522460938
0.0246200561523438 -0.0646133422851562 0.0209121704101563 -0.099212646484375
-0.00398254394531249 -0.07196044921875 -0.0144424438476562 -0.0789413452148438
-0.00563430786132812 -0.0663223266601563 -0.0333175659179688 -0.0427436828613281
-0.0116424560546875 -0.0724716186523438 -0.0390586853027344 -0.0166206359863281
0.00264739990234374 -0.07598876953125 -0.04730224609375 -0.00656509399414062
0.0274429321289062 -0.0632133483886719 -0.0568580627441406 0.0115852355957031
0.03912353515625 -0.0486373901367188 -0.0568389892578125 0.0105819702148437
0.0510025024414062 -0.02880859375 -0.0701026916503906 0.0133705139160156
0.0738601684570313 -0.0186996459960937 -0.0778579711914062 0.0298004150390625
0.0851058959960938 -0.00017547607421875 -0.0768051147460937 0.0465545654296875
0.122344970703125 0.0430374145507813 -0.00534057617187499 -0.0547332763671875
0.119743347167969 0.0214462280273438 0.0432815551757813 -0.00333404541015625
0.100868225097656 -0.00084686279296875 0.0709609985351563 -0.00414276123046875
0.0937118530273438 -0.0300750732421875 0.0842742919921875 -0.0388565063476562
0.0671844482421875 -0.056121826171875 0.0574722290039063 -0.0602302551269531
0.0282821655273438 -0.0854873657226562 0.0179061889648437 -0.0758132934570312
-0.00626373291015626 -0.0870819091796875 -0.00757980346679688 -0.04913330078125
-0.007843017578125 -0.081298828125 -0.0202140808105469 -0.0134620666503906
-0.0153045654296875 -0.088958740234375 -0.0256233215332031 0.0107192993164062
0.000282287597656252 -0.0955123901367188 -0.0392913818359375 0.0177955627441406
0.0321273803710938 -0.0830917358398438 -0.051483154296875 0.02923583984375
0.0515174865722656 -0.0691108703613281 -0.0544509887695312 0.0187950134277344
0.0756454467773437 -0.0386962890625 -0.0639381408691406 0.0144538879394531
0.101844787597656 -0.0173416137695312 -0.0520973205566406 0.024566650390625
0.111480712890625 0.0057220458984375 -0.0389213562011719 0.0512199401855469
0.126152038574219 0.0433731079101563 0.0371170043945313 -0.0437812805175781
0.132171630859375 0.02337646484375 0.0751953125 0.0028228759765625
0.114547729492188 -0.005401611328125 0.079437255859375 -0.00054168701171875
0.101905822753906 -0.040802001953125 0.0811080932617188 -0.0274429321289063
0.0683937072753906 -0.066925048828125 0.0512542724609375 -0.0394439697265625
0.023712158203125 -0.0944671630859375 0.0159797668457031 -0.0460853576660156
-0.0100326538085937 -0.08935546875 0.00098419189453125 -0.0150089263916016
-0.00902557373046875 -0.0828323364257813 -0.00605487823486328 0.017298698425293
-0.016326904296875 -0.0925750732421875 -0.0109367370605469 0.0397872924804687
-0.000389099121093747 -0.0997848510742188 -0.0305213928222656 0.0446052551269531
0.036102294921875 -0.0890426635742187 -0.0449485778808594 0.0482330322265625
0.0602645874023437 -0.0773849487304687 -0.0501632690429687 0.0279426574707031
0.0911407470703125 -0.0399246215820312 -0.0536918640136719 0.0138282775878906
0.116775512695313 -0.010101318359375 -0.0209636688232422 0.0185260772705078
0.120864868164063 0.0142745971679688 0.00386047363281251 0.0581092834472656
0.111595153808594 0.0367965698242188 0.0752716064453125 -0.0376129150390625
0.123397827148437 0.0186004638671875 0.100418090820313 0.00237274169921875
0.10760498046875 -0.010894775390625 0.082183837890625 -0.0017547607421875
0.0922164916992188 -0.0455474853515625 0.07391357421875 -0.0143356323242188
0.056549072265625 -0.0675697326660156 0.0445671081542969 -0.017852783203125
0.0133819580078125 -0.088287353515625 0.0179920196533203 -0.0139350891113281
-0.0134048461914063 -0.0776290893554688 0.0134696960449219 0.0174341201782227
-0.0101699829101562 -0.0709686279296875 0.00994873046875 0.0461540222167969
-0.014923095703125 -0.0820083618164063 0.00309371948242187 0.0669975280761719
0.0017547607421875 -0.089111328125 -0.0224952697753906 0.0702171325683594
0.0380020141601563 -0.0804901123046875 -0.0406265258789063 0.0651969909667969
0.0638351440429688 -0.0696449279785156 -0.0468101501464844 0.0355072021484375
0.0941696166992188 -0.0282211303710937 -0.0423202514648437 0.0124435424804688
0.113380432128906 0.00380706787109375 0.00982952117919923 0.0155696868896484
0.110000610351562 0.0250473022460937 0.0444297790527344 0.0688934326171875
0.0780868530273438 0.0265579223632812 0.1033935546875 -0.0374221801757813
0.0967330932617188 0.0133743286132813 0.115402221679687 -0.0056304931640625
0.0827713012695313 -0.0130691528320313 0.0793380737304688 -0.0055999755859375
0.0673828125 -0.0408859252929688 0.0647010803222656 -0.00400543212890625
0.0356559753417969 -0.055877685546875 0.0410423278808594 0.00146484375
0.000740051269531251 -0.0662155151367188 0.0227165222167969 0.0124588012695312
-0.0138587951660156 -0.0528335571289063 0.0268745422363281 0.0427780151367188
-0.00942230224609375 -0.0481796264648437 0.0247383117675781 0.0678787231445313
-0.0114555358886719 -0.0586128234863281 0.0117874145507812 0.0891952514648438
0.00316238403320313 -0.0658493041992188 -0.0205841064453125 0.0913162231445313
0.0343437194824219 -0.0602035522460938 -0.0414657592773438 0.0784072875976563
0.0565834045410156 -0.0507736206054687 -0.0458641052246094 0.0427017211914063
0.0808944702148437 -0.011688232421875 -0.0321273803710937 0.0134830474853516
0.0921630859375 0.0167236328125 0.0342483520507813 0.0185966491699219
0.0812225341796875 0.0315780639648438 0.0760650634765625 0.0824508666992188
0.0333900451660156 0.0170478820800781 0.117256164550781 -0.040863037109375
0.0567626953125 0.0100173950195313 0.117462158203125 -0.01617431640625
0.0477638244628906 -0.0101242065429688 0.073028564453125 -0.0101470947265625
0.034088134765625 -0.0266838073730469 0.0577011108398438 0.00328826904296875
0.0124435424804688 -0.0329647064208984 0.0412445068359375 0.0126609802246094
-0.00946807861328125 -0.032684326171875 0.0317058563232422 0.0295352935791016
-0.0112972259521484 -0.0196018218994141 0.0387725830078125 0.05706787109375
-0.00733566284179687 -0.0179843902587891 0.03485107421875 0.0792999267578125
-0.00926780700683594 -0.0267295837402344 0.0163497924804687 0.101516723632813
-0.000677108764648435 -0.0343780517578125 -0.0231399536132813 0.104499816894531
0.0211963653564453 -0.0339374542236328 -0.0460891723632813 0.0859909057617187
0.0382843017578125 -0.0283584594726563 -0.0495796203613281 0.0482711791992188
0.0534286499023438 0.000942230224609375 -0.0284404754638672 0.0173721313476563
0.0547065734863281 0.0203704833984375 0.0461616516113281 0.0277824401855469
0.039947509765625 0.0292587280273438 0.0933837890625 0.0954208374023437
0.0114173889160156 0.00440311431884766 -0.0890426635742187 -0.0780563354492188
-0.00252819061279297 -0.00974369049072266 -0.0324821472167969 -0.0272293090820312
-0.0116958618164063 0.00159931182861328 0.0361785888671875 -0.0130844116210937
-0.00152587890625 0.00991058349609375 0.0684661865234375 -0.0523681640625
0.00557994842529297 0.00454187393188477 0.0585098266601562 -0.0850067138671875
0.00533103942871094 -0.00195217132568359 0.0226058959960937 -0.113327026367188
0.000725746154785157 -0.0133323669433594 -0.020294189453125 -0.107017517089844
0.000777244567871095 -0.0104160308837891 -0.0411911010742188 -0.0748748779296875
0.000932693481445312 -0.00883960723876953 -0.0474128723144531 -0.0505561828613281
0.00626659393310547 -0.00853109359741211 -0.0463371276855469 -0.0352668762207031
0.00720405578613281 -0.000558853149414063 -0.0557212829589844 -0.0124664306640625
-0.00385856628417969 0.00897026062011719 -0.0585098266601563 -0.00210189819335936
-0.0156068801879883 -0.00215244293212891 -0.0770645141601563 0.000396728515625014
-0.00678348541259766 -0.0155982971191406 -0.109146118164062 0.0235519409179688
-6.29425048828129E-05 -0.00599908828735352 -0.118034362792969 0.0362548828125
0.0586471557617188 0.0197906494140625 -0.072906494140625 -0.0753097534179688
0.0441665649414062 3.814697265625E-06 -0.0144462585449219 -0.0227375030517578
0.0294914245605469 0.001922607421875 0.0464248657226563 -0.0126838684082031
0.0336742401123047 -0.00335502624511719 0.0751953125 -0.05279541015625
0.0296688079833984 -0.0171337127685547 0.0610122680664062 -0.0840606689453125
0.0153369903564453 -0.0350189208984375 0.0206298828125 -0.111068725585938
-0.00240707397460938 -0.045257568359375 -0.01947021484375 -0.0966873168945313
-0.00250244140625 -0.0415496826171875 -0.0411643981933594 -0.0618858337402344
-0.00549697875976562 -0.0436820983886719 -0.04730224609375 -0.0364952087402344
0.00594711303710938 -0.0458717346191406 -0.0505790710449219 -0.0244789123535156
0.0204620361328125 -0.0334701538085937 -0.0585060119628906 -0.00272750854492188
0.0211372375488281 -0.019866943359375 -0.0585479736328125 0.00235748291015625
0.0193977355957031 -0.0129852294921875 -0.07427978515625 0.00833892822265625
0.0353584289550781 -0.0161285400390625 -0.0979080200195312 0.0310745239257812
0.0446434020996094 -0.00295257568359375 -0.103843688964844 0.0435104370117187
0.0980300903320313 0.0328826904296875 -0.0431022644042969 -0.0661239624023438
0.0877227783203125 0.0115432739257813 0.0125017166137695 -0.0130500793457031
0.0698738098144531 0.00145721435546875 0.0597877502441406 -0.00837326049804688
0.0680084228515625 -0.0171394348144531 0.0816268920898438 -0.0477371215820313
0.0520133972167969 -0.0379753112792969 0.0601654052734375 -0.0746917724609375
0.0237388610839844 -0.06378173828125 0.0191879272460937 -0.0970916748046875
-0.00531768798828125 -0.0711135864257813 -0.0154266357421875 -0.0764389038085938
-0.00681304931640625 -0.0660476684570313 -0.0336380004882813 -0.0395011901855469
-0.0123443603515625 -0.071258544921875 -0.0396881103515625 -0.0141220092773438
0.00145721435546875 -0.075225830078125 -0.0490303039550781 -0.00550079345703125
0.0267181396484375 -0.0633964538574219 -0.05792236328125 0.0130882263183594
0.038421630859375 -0.0480003356933594 -0.057647705078125 0.0106277465820312
0.0499496459960938 -0.0278968811035156 -0.069915771484375 0.0137901306152344
0.0717544555664063 -0.0185699462890625 -0.07794189453125 0.0311203002929688
0.0842132568359375 -0.000762939453125 -0.07659912109375 0.0491714477539063
0.121635437011719 0.0405654907226563 -0.0039825439453125 -0.0535354614257812
0.117790222167969 0.0195770263671875 0.0447425842285156 -0.0018310546875
0.10015869140625 -0.00157928466796875 0.0720672607421875 -0.00270843505859375
0.0911407470703125 -0.031402587890625 0.0845870971679688 -0.0373306274414063
0.0644683837890625 -0.0561561584472656 0.0567474365234375 -0.0593795776367187
0.0268707275390625 -0.0846939086914062 0.0161514282226563 -0.0735397338867188
-0.00774383544921875 -0.0858154296875 -0.00784683227539062 -0.0467262268066406
-0.00909423828125 -0.0798797607421875 -0.0202827453613281 -0.0111942291259766
-0.0163421630859375 -0.0876693725585938 -0.0261058807373047 0.0129814147949219
-0.00160980224609374 -0.094268798828125 -0.0405654907226563 0.0205421447753906
0.030914306640625 -0.0825271606445313 -0.052703857421875 0.0302581787109375
0.0500564575195313 -0.0692825317382813 -0.0552902221679688 0.0193595886230469
0.0747528076171875 -0.0385360717773438 -0.0635757446289063 0.0151596069335937
0.1007080078125 -0.0178909301757813 -0.051910400390625 0.0250396728515625
0.110549926757813 0.004302978515625 -0.039398193359375 0.0535354614257813
0.12591552734375 0.0400848388671875 0.0388336181640625 -0.0441055297851563
0.130020141601563 0.0209121704101563 0.075836181640625 0.00400543212890625
0.112892150878906 -0.00588226318359375 0.08062744140625 0.0005035400390625
0.100456237792969 -0.042327880859375 0.0820693969726562 -0.0257949829101562
0.0658226013183594 -0.0667266845703125 0.0513458251953125 -0.0381546020507813
0.0221939086914062 -0.09259033203125 0.0155296325683594 -0.0436210632324219
-0.0108642578125 -0.0872879028320313 0.00129318237304687 -0.0135660171508789
-0.0110092163085938 -0.080780029296875 -0.00488090515136719 0.0190467834472656
-0.01849365234375 -0.0899276733398437 -0.0103569030761719 0.0409965515136719
-0.00274658203125 -0.098114013671875 -0.0312919616699219 0.0458335876464844
0.0337142944335938 -0.0889892578125 -0.0451812744140625 0.0499000549316406
0.0576934814453125 -0.077301025390625 -0.0504951477050781 0.0289649963378906
0.0893783569335937 -0.0395278930664063 -0.0537300109863281 0.014678955078125
0.115730285644531 -0.0111007690429688 -0.0211811065673828 0.0190315246582031
0.119659423828125 0.0117416381835938 0.00312042236328125 0.0601348876953125
0.110565185546875 0.0327835083007813 0.0755996704101563 -0.0378494262695313
0.121742248535156 0.0165786743164063 0.1005859375 0.00276947021484375
0.105232238769531 -0.0110244750976563 0.0832061767578125 -0.000282287597656251
0.0899810791015625 -0.046844482421875 0.0747146606445313 -0.01336669921875
0.0542755126953125 -0.0672531127929688 0.0451126098632813 -0.0169601440429688
0.0114364624023438 -0.0855941772460938 0.0179042816162109 -0.0126056671142578
-0.0145034790039063 -0.074951171875 0.0141239166259766 0.0181465148925781
-0.0112953186035156 -0.0689964294433594 0.0115013122558594 0.0463790893554687
-0.0168838500976562 -0.0790863037109375 0.00435256958007812 0.0670890808105469
-0.000991821289062496 -0.08734130859375 -0.0233001708984375 0.070587158203125
0.0356369018554688 -0.0809860229492188 -0.0410270690917969 0.0654983520507812
0.06085205078125 -0.0704879760742188 -0.0469322204589844 0.0365638732910156
0.092041015625 -0.0286636352539063 -0.0420913696289062 0.0126800537109375
0.1126708984375 0.00194549560546875 0.00867176055908204 0.0156593322753906
0.109115600585938 0.02203369140625 0.0432701110839844 0.0699958801269531
0.0781326293945313 0.0233535766601563 0.103660583496094 -0.0386810302734375
0.0951156616210938 0.011688232421875 0.114891052246094 -0.00594329833984375
0.0819625854492188 -0.0135650634765625 0.0797958374023437 -0.0037994384765625
0.0648460388183594 -0.0411567687988281 0.0661964416503906 -0.00288009643554688
0.0336418151855469 -0.0561866760253906 0.0421333312988281 0.00163650512695312
-0.00079345703125 -0.0633087158203125 0.0232372283935547 0.0135459899902344
-0.0147247314453125 -0.0502891540527344 0.0279197692871094 0.0419197082519531
-0.010162353515625 -0.0468940734863281 0.0257186889648437 0.06683349609375
-0.0128898620605469 -0.05584716796875 0.0131378173828125 0.0874099731445312
0.000385284423828127 -0.0639266967773437 -0.020263671875 0.0912094116210938
0.0314483642578125 -0.0604133605957031 -0.0403518676757813 0.0788040161132813
0.0548019409179688 -0.05157470703125 -0.0467109680175781 0.0431785583496094
0.0794906616210938 -0.0125579833984375 -0.0329055786132812 0.01385498046875
0.0911407470703125 0.0143203735351563 0.033010482788086 0.0182151794433594
0.0813140869140625 0.0286941528320313 0.0743408203125 0.0820159912109375
0.0331897735595703 0.0153961181640625 0.116622924804688 -0.0426177978515625
0.0556602478027344 0.00800704956054688 0.116798400878906 -0.0159988403320313
0.0463790893554688 -0.0107650756835938 0.0734710693359375 -0.00922393798828125
0.0334300994873047 -0.0274639129638672 0.0591087341308594 0.00422286987304687
0.0113620758056641 -0.0330352783203125 0.0427436828613281 0.0125274658203125
-0.0108909606933594 -0.0313987731933594 0.0328941345214844 0.0292263031005859
-0.0112895965576172 -0.0182552337646484 0.039794921875 0.0549087524414063
-0.00691413879394531 -0.0166378021240234 0.0360260009765625 0.0770416259765625
-0.00934791564941406 -0.0243606567382812 0.0175018310546875 0.0993576049804688
-0.00267410278320313 -0.03253173828125 -0.0213623046875 0.103408813476562
0.0190544128417969 -0.0339775085449219 -0.0451736450195312 0.0864410400390625
0.0357818603515625 -0.0287246704101563 -0.0490226745605469 0.0486412048339844
0.0521697998046875 -0.00011444091796875 -0.0284576416015625 0.0176124572753906
0.054901123046875 0.0189857482910156 0.0443878173828125 0.0259284973144531
0.0392875671386719 0.0266151428222656 0.0912704467773437 0.0942916870117187
0.0113239288330078 0.00603866577148438 -0.0881805419921875 -0.0804367065429688
-0.00246906280517578 -0.00979709625244141 -0.0316181182861328 -0.0261325836181641
-0.0114860534667969 0.00190639495849609 0.0382156372070313 -0.0123825073242188
-0.000927925109863281 0.0100517272949219 0.0705795288085938 -0.0525588989257813
0.00656461715698242 0.00417852401733398 0.0597000122070313 -0.0873184204101563
0.0057830810546875 -0.00299930572509766 0.0222930908203125 -0.115913391113281
0.000702857971191406 -0.0148067474365234 -0.0204620361328125 -0.107040405273438
0.00132560729980469 -0.0121583938598633 -0.0424423217773438 -0.07427978515625
0.00203990936279297 -0.010594367980957 -0.0499763488769531 -0.0504913330078125
0.00761604309082031 -0.00927162170410156 -0.04931640625 -0.0361175537109375
0.00884246826171875 -0.000481605529785156 -0.0580863952636719 -0.0130386352539063
-0.00243091583251953 0.0101766586303711 -0.0612411499023438 -0.00324630737304687
-0.0157327651977539 -0.00100994110107422 -0.07940673828125 -0.00116729736328124
-0.00768184661865234 -0.0146026611328125 -0.112052917480469 0.0233612060546875
-1.23977661132814E-05 -0.00414538383483887 -0.120712280273438 0.0389556884765625
0.0600166320800781 0.0211334228515625 -0.0721054077148438 -0.0765533447265625
0.0456886291503906 0.0001678466796875 -0.0135936737060547 -0.0221805572509766
0.0304393768310547 0.00179290771484375 0.0486602783203125 -0.0117301940917969
0.0347614288330078 -0.0043182373046875 0.078094482421875 -0.0531997680664063
0.0307807922363281 -0.01812744140625 0.0619430541992188 -0.0847625732421875
0.0157585144042969 -0.0362739562988281 0.0209274291992188 -0.112106323242188
-0.00269699096679687 -0.0472755432128906 -0.0199813842773438 -0.097320556640625
-0.00350570678710938 -0.043182373046875 -0.0416488647460937 -0.0603370666503906
-0.005126953125 -0.0450477600097656 -0.0494232177734375 -0.0353507995605469
0.00637435913085937 -0.0463294982910156 -0.0545234680175781 -0.0240478515625
0.0214462280273438 -0.0347461700439453 -0.0614776611328125 -0.00185012817382814
0.0222110748291016 -0.019317626953125 -0.0613899230957031 0.00186538696289063
0.0195522308349609 -0.0119800567626953 -0.0766143798828125 0.00712585449218749
0.0344429016113281 -0.0154056549072266 -0.0999069213867188 0.0312576293945313
0.0459938049316406 -0.00205612182617188 -0.106697082519531 0.0469436645507813
0.0998306274414062 0.0329055786132812 -0.0420608520507812 -0.0676918029785156
0.0893783569335938 0.0112380981445313 0.0145959854125977 -0.011322021484375
0.07098388671875 0.00173187255859375 0.0619888305664063 -0.00660324096679688
0.0682182312011719 -0.0187149047851563 0.0847625732421875 -0.0469589233398437
0.0525016784667969 -0.0396614074707031 0.061920166015625 -0.075408935546875
0.0236434936523438 -0.0649070739746094 0.0193710327148438 -0.0978240966796875
-0.00518798828125 -0.07281494140625 -0.0148468017578125 -0.0759429931640625
-0.00704574584960938 -0.0676231384277344 -0.0332565307617187 -0.0378952026367188
-0.0125732421875 -0.0727462768554688 -0.0417976379394531 -0.0123405456542969
0.001129150390625 -0.0770492553710938 -0.0524215698242188 -0.0032806396484375
0.0274848937988281 -0.06451416015625 -0.0610618591308594 0.0142555236816406
0.0396842956542969 -0.0483894348144531 -0.0608901977539063 0.0106124877929688
0.0508613586425781 -0.0270347595214844 -0.0723648071289063 0.0138778686523438
0.0732879638671875 -0.0179214477539063 -0.0802383422851563 0.0328903198242188
0.085784912109375 3.814697265625E-05 -0.0790481567382813 0.052886962890625
0.12384033203125 0.0399017333984375 -0.00111389160156249 -0.0550651550292969
0.119873046875 0.0186233520507813 0.0470466613769531 6.10351562500012E-05
0.102485656738281 -0.00054931640625 0.07550048828125 -0.00029754638671875
0.0936355590820313 -0.0326614379882813 0.088226318359375 -0.036468505859375
0.0660896301269531 -0.0575447082519531 0.0583114624023438 -0.0592994689941406
0.026702880859375 -0.0849075317382812 0.01690673828125 -0.0733413696289063
-0.00817108154296876 -0.086395263671875 -0.00768661499023437 -0.0461158752441406
-0.0098724365234375 -0.081329345703125 -0.0198478698730469 -0.00906562805175782
-0.0172653198242188 -0.0886383056640625 -0.0269889831542969 0.0141963958740234
-0.00226593017578125 -0.0953140258789062 -0.0446701049804688 0.0216712951660156
0.0305023193359375 -0.0846939086914062 -0.0551834106445313 0.0323371887207031
0.050689697265625 -0.0704498291015625 -0.0582389831542969 0.0202751159667969
0.0758743286132813 -0.0385208129882813 -0.0655479431152344 0.0158348083496094
0.102066040039063 -0.0185470581054688 -0.0534820556640625 0.0275993347167969
0.112564086914062 0.003875732421875 -0.0412101745605469 0.0580253601074219
0.127838134765625 0.0392990112304687 0.0411605834960938 -0.0450859069824219
0.131851196289063 0.0196609497070313 0.0789566040039063 0.00662994384765625
0.115013122558594 -0.00597381591796875 0.0847244262695313 0.003509521484375
0.101631164550781 -0.0442657470703125 0.0851669311523438 -0.0244674682617188
0.06622314453125 -0.0689277648925781 0.0531044006347656 -0.0368766784667969
0.0214309692382812 -0.0938949584960937 0.016143798828125 -0.0430870056152344
-0.011505126953125 -0.08795166015625 0.00191211700439453 -0.0128793716430664
-0.01153564453125 -0.0816726684570313 -0.00413322448730469 0.0207347869873047
-0.0191650390625 -0.090728759765625 -0.0107040405273438 0.0429306030273438
-0.00404357910156251 -0.0986404418945313 -0.034027099609375 0.0488662719726562
0.0326156616210938 -0.0911407470703125 -0.0484886169433594 0.0517425537109375
0.0574951171875 -0.0800094604492188 -0.0532302856445313 0.0293502807617187
0.0910797119140625 -0.0404281616210938 -0.0550460815429687 0.0160331726074219
0.117568969726562 -0.0123367309570312 -0.0227985382080078 0.0210971832275391
0.121200561523437 0.0115737915039063 0.00217819213867189 0.0647544860839844
0.112152099609375 0.031829833984375 0.078643798828125 -0.0389938354492188
0.123390197753906 0.0149154663085938 0.103378295898438 0.00389862060546875
0.10748291015625 -0.0115890502929688 0.0863265991210938 0.0027923583984375
0.0917739868164063 -0.0484466552734375 0.0786895751953125 -0.0114212036132813
0.0551643371582031 -0.0688056945800781 0.0469131469726563 -0.0156402587890625
0.00979614257812501 -0.0865097045898438 0.01812744140625 -0.0121402740478516
-0.0150985717773438 -0.0747146606445313 0.0156669616699219 0.0189990997314453
-0.0115966796875 -0.0691909790039062 0.0126953125 0.0479736328125
-0.018463134765625 -0.0794219970703125 0.00399017333984375 0.0689544677734375
-0.00297546386718749 -0.0879974365234375 -0.02459716796875 0.0743179321289062
0.0343551635742188 -0.0820388793945313 -0.0435104370117187 0.0686798095703125
0.0610885620117187 -0.0725784301757813 -0.0492286682128906 0.0366630554199219
0.0939254760742188 -0.0291671752929687 -0.0441055297851562 0.0140724182128906
0.115058898925781 0.0005035400390625 0.00831604003906251 0.0174694061279297
0.110977172851563 0.0208282470703125 0.042694091796875 0.0734939575195313
0.07794189453125 0.023193359375 0.106132507324219 -0.0394973754882813
0.0958099365234375 0.0102157592773438 0.117828369140625 -0.0047607421875
0.0826263427734375 -0.0132217407226563 0.0832748413085938 -0.00177001953125
0.0659217834472656 -0.0435028076171875 0.0688133239746094 -0.000926971435546878
0.0334320068359375 -0.0564613342285156 0.0444793701171875 0.0030670166015625
-0.00226593017578125 -0.0638160705566406 0.0245437622070313 0.0148658752441406
-0.0152854919433594 -0.0494041442871094 0.0291366577148438 0.0429267883300781
-0.0110893249511719 -0.0449600219726563 0.0270500183105469 0.067901611328125
-0.0140762329101562 -0.0548477172851563 0.0140228271484375 0.0884323120117188
-0.00107192993164063 -0.0638847351074219 -0.0211868286132813 0.0934219360351563
0.0308685302734375 -0.0619392395019531 -0.0431137084960937 0.0810012817382813
0.0544815063476563 -0.0522308349609375 -0.0482864379882812 0.0436248779296875
0.0810165405273438 -0.01312255859375 -0.0340862274169922 0.0148563385009766
0.0932464599609375 0.012908935546875 0.0322513580322266 0.0196952819824219
0.0819931030273438 0.0269546508789063 0.0738525390625 0.0859603881835938
0.0339870452880859 0.0137538909912109 0.120307922363281 -0.044677734375
0.0562515258789063 0.00659561157226563 0.119499206542969 -0.01629638671875
0.0477790832519531 -0.0116424560546875 0.0757980346679688 -0.006988525390625
0.0326042175292969 -0.0289688110351563 0.0621871948242188 0.00605392456054687
0.00985336303710938 -0.0338058471679688 0.0450859069824219 0.0137290954589844
-0.0119037628173828 -0.0301227569580078 0.0340652465820313 0.0305500030517578
-0.0112981796264648 -0.0163669586181641 0.0414352416992188 0.0547523498535156
-0.00733470916748047 -0.0147485733032227 0.0374755859375 0.0763397216796875
-0.0100231170654297 -0.0221118927001953 0.0183258056640625 0.100173950195312
-0.00383377075195313 -0.0319175720214844 -0.0221405029296875 0.105575561523438
0.0178413391113281 -0.0347251892089844 -0.0463943481445313 0.0884780883789062
0.0355873107910156 -0.0302505493164062 -0.0512351989746094 0.0497016906738281
0.0528068542480469 -0.000476837158203125 -0.0303993225097656 0.0181427001953125
0.0551338195800781 0.0178260803222656 0.0442886352539062 0.0257110595703125
0.0391845703125 0.0250167846679688 0.0910186767578125 0.0974197387695313
0.0125837326049805 0.00759506225585938 -0.0923004150390625 -0.084442138671875
-0.00247097015380859 -0.00969982147216797 -0.0322418212890625 -0.0261287689208984
-0.0110616683959961 0.0021820068359375 0.0405158996582031 -0.0127105712890625
-0.000621795654296876 0.00936126708984375 0.0740432739257813 -0.0558319091796875
0.00710678100585937 0.00352621078491211 0.061737060546875 -0.092041015625
0.00688934326171875 -0.00410795211791992 0.0214996337890625 -0.122245788574219
-8.01086425781246E-05 -0.0176029205322266 -0.024139404296875 -0.111610412597656
0.00176906585693359 -0.0147600173950195 -0.04510498046875 -0.0753402709960938
0.00331974029541016 -0.0125303268432617 -0.0540008544921875 -0.0502510070800781
0.00890731811523438 -0.0108652114868164 -0.0547447204589844 -0.0366706848144531
0.00981712341308594 -0.00140094757080078 -0.0629005432128906 -0.0130462646484375
-0.000449180603027344 0.0116033554077148 -0.0649871826171875 -0.00400161743164062
-0.0169906616210937 0.000555992126464844 -0.0854034423828125 -0.00209045410156249
-0.00900936126708984 -0.0139331817626953 -0.117378234863281 0.0259628295898438
0.000425100326538086 -0.00244617462158203 -0.126632690429688 0.0449676513671875
0.0635147094726563 0.0220298767089844 -0.0739517211914063 -0.0797119140625
0.0477981567382813 -0.000335693359375 -0.0129623413085938 -0.0208530426025391
0.0325431823730469 0.00159645080566406 0.0524940490722656 -0.0117683410644531
0.0363235473632812 -0.00577926635742187 0.0816879272460938 -0.0559005737304688
0.0321407318115234 -0.0196666717529297 0.0643157958984375 -0.0889358520507813
0.016021728515625 -0.0381927490234375 0.01953125 -0.116813659667969
-0.00342559814453125 -0.0501747131347656 -0.0222549438476563 -0.0997238159179688
-0.00392913818359376 -0.0474090576171875 -0.0433464050292969 -0.0603256225585938
-0.00522232055664063 -0.0489425659179688 -0.0538177490234375 -0.0336456298828125
0.00703811645507812 -0.0498924255371094 -0.0592002868652344 -0.0225563049316406
0.0228652954101563 -0.037078857421875 -0.0671653747558594 -0.00135040283203126
0.0246372222900391 -0.0195388793945313 -0.0658493041992187 0.00190353393554688
0.0205078125 -0.0109291076660156 -0.0815048217773438 0.00772857666015626
0.03546142578125 -0.0152854919433594 -0.10455322265625 0.03497314453125
0.0481338500976563 -0.00118255615234375 -0.111808776855469 0.0538711547851563
0.105232238769531 0.033233642578125 -0.0426826477050781 -0.0701026916503906
0.0934906005859375 0.00917816162109375 0.0171947479248047 -0.0101985931396484
0.0755233764648438 0.00067901611328125 0.0676460266113281 -0.0063934326171875
0.071502685546875 -0.0217971801757813 0.0896835327148437 -0.049896240234375
0.0542182922363281 -0.04278564453125 0.0645675659179688 -0.0787887573242187
0.0233650207519531 -0.0684738159179687 0.0186233520507813 -0.101577758789063
-0.00687408447265626 -0.0763778686523438 -0.0175018310546875 -0.0777359008789063
-0.00858306884765626 -0.0716171264648438 -0.0343742370605469 -0.03631591796875
-0.0149002075195312 -0.07611083984375 -0.0442543029785156 -0.00955963134765626
0.000350952148437499 -0.0806350708007813 -0.0570335388183594 -8.77380371093698E-05
0.02850341796875 -0.068511962890625 -0.0659027099609375 0.0160636901855469
0.0413017272949219 -0.0509834289550781 -0.0662727355957031 0.0113525390625
0.0533599853515625 -0.027099609375 -0.0769577026367188 0.0154495239257813
0.0755462646484375 -0.0192337036132812 -0.0834274291992188 0.0365371704101562
0.0895767211914063 -0.00128173828125 -0.0831375122070313 0.0597991943359375
0.130401611328125 0.039459228515625 -3.43322753906206E-05 -0.0581474304199219
0.125892639160156 0.0162887573242187 0.0509452819824219 0.0012054443359375
0.106803894042969 -0.002716064453125 0.0813140869140625 0.00146484375
0.0972213745117187 -0.0362548828125 0.0937881469726562 -0.0378265380859375
0.0677452087402344 -0.0623817443847656 0.0620384216308594 -0.0614814758300781
0.0261688232421875 -0.0888519287109375 0.0168991088867188 -0.0750274658203125
-0.00945281982421875 -0.0908355712890625 -0.00842666625976563 -0.0464019775390625
-0.0118408203125 -0.0848617553710938 -0.0200901031494141 -0.00725746154785157
-0.0207443237304687 -0.0915374755859375 -0.0292835235595703 0.0186061859130859
-0.00497436523437501 -0.099090576171875 -0.0481452941894531 0.0261344909667969
0.0303955078125 -0.0891876220703125 -0.0601310729980469 0.0364303588867188
0.0521392822265625 -0.0746841430664063 -0.0635643005371094 0.0219612121582031
0.0790023803710938 -0.0400924682617188 -0.0696182250976563 0.0180931091308594
0.106704711914062 -0.0209808349609375 -0.0561256408691406 0.0320892333984375
0.117012023925781 0.00244903564453125 -0.0435371398925781 0.0648880004882812
0.134056091308594 0.038177490234375 0.0440025329589844 -0.0474205017089844
0.137825012207031 0.0172042846679687 0.0838394165039063 0.00750732421875
0.121002197265625 -0.00762176513671875 0.0901336669921875 0.00577545166015625
0.105140686035156 -0.0480499267578125 0.0916061401367187 -0.0250167846679688
0.067962646484375 -0.0729293823242188 0.0566444396972656 -0.0379409790039063
0.0203399658203125 -0.0972366333007813 0.0157241821289063 -0.0431022644042969
-0.0137405395507813 -0.0908966064453125 0.00265598297119141 -0.011897087097168
-0.014129638671875 -0.0846176147460938 -0.00297164916992188 0.0233306884765625
-0.0227508544921875 -0.0932159423828125 -0.011077880859375 0.0467948913574219
-0.008026123046875 -0.102752685546875 -0.0368995666503906 0.0537300109863281
0.0319061279296875 -0.0964126586914063 -0.0517044067382812 0.0568313598632813
0.0588607788085938 -0.0849761962890625 -0.0576553344726563 0.0326118469238281
0.0951690673828125 -0.0432510375976563 -0.0582695007324219 0.017913818359375
0.1226806640625 -0.0164413452148438 -0.0241889953613281 0.0235996246337891
0.127464294433594 0.008880615234375 0.00146484375 0.0711898803710938
0.117179870605469 0.0307693481445313 0.0831375122070313 -0.0433502197265625
0.128105163574219 0.0118408203125 0.109451293945313 0.0041351318359375
0.112289428710938 -0.0129852294921875 0.0925140380859375 0.004150390625
0.093597412109375 -0.0524139404296875 0.0842742919921875 -0.0118255615234375
0.0548858642578125 -0.073699951171875 0.0508842468261719 -0.015167236328125
0.00827789306640625 -0.0888137817382813 0.0197601318359375 -0.0102100372314453
-0.0169677734375 -0.0766754150390625 0.0165767669677734 0.0200538635253906
-0.01409912109375 -0.0719375610351563 0.0146751403808594 0.0504341125488281
-0.0207366943359375 -0.0799102783203125 0.00480651855468749 0.072723388671875
-0.00634002685546876 -0.0901336669921875 -0.0263442993164063 0.0791854858398438
0.0327682495117188 -0.0866622924804688 -0.0455398559570313 0.07415771484375
0.0608062744140625 -0.0773162841796875 -0.0537757873535156 0.040496826171875
0.09735107421875 -0.033050537109375 -0.0459251403808594 0.0153350830078125
0.120040893554688 -0.00324249267578125 0.00774765014648438 0.0188140869140625
0.1160888671875 0.0185546875 0.0443344116210938 0.0799407958984375
0.0819778442382813 0.0211029052734375 0.111579895019531 -0.044586181640625
0.100288391113281 0.0073089599609375 0.123870849609375 -0.00601959228515625
0.0865554809570313 -0.0155487060546875 0.0887451171875 -0.000785827636718751
0.0682296752929687 -0.0465316772460937 0.0749130249023438 -0.000938415527343753
0.0328636169433594 -0.06005859375 0.0479393005371094 0.0037384033203125
-0.0051422119140625 -0.0655937194824219 0.0276870727539062 0.0168075561523437
-0.0168304443359375 -0.0502853393554688 0.0318145751953125 0.0439682006835938
-0.0122795104980469 -0.0461921691894531 0.0300178527832031 0.0696945190429688
-0.0168838500976563 -0.0545425415039062 0.0153732299804687 0.0930709838867187
-0.00479888916015625 -0.0648765563964844 -0.0209579467773438 0.0994033813476563
0.0292320251464844 -0.0645256042480469 -0.0449295043945313 0.08673095703125
0.0542869567871094 -0.0566787719726563 -0.0515098571777344 0.0472984313964844
0.0833740234375 -0.0156402587890625 -0.0359458923339844 0.0159454345703125
0.0974349975585938 0.0101089477539063 0.0332794189453125 0.0196208953857422
0.0857009887695313 0.0246353149414063 0.0774459838867188 0.091094970703125
0.0345535278320313 0.0128688812255859 0.125999450683594 -0.0504379272460938
0.0587272644042969 0.004486083984375 0.125709533691406 -0.01861572265625
0.0504226684570313 -0.0130958557128906 0.0811309814453125 -0.00594329833984375
0.0333347320556641 -0.0314922332763672 0.0679779052734375 0.00632476806640625
0.008453369140625 -0.0360488891601562 0.0497856140136719 0.0149765014648437
-0.0147533416748047 -0.0300827026367187 0.0386848449707031 0.0314903259277344
-0.0128326416015625 -0.0158576965332031 0.04583740234375 0.0551567077636719
-0.00804901123046875 -0.014286994934082 0.0410537719726562 0.0785064697265625
-0.0111942291259766 -0.0208110809326172 0.0203170776367187 0.103721618652344
-0.00611495971679688 -0.0312252044677734 -0.0220794677734375 0.1107177734375
0.0165061950683594 -0.0364036560058594 -0.04815673828125 0.0940093994140625
0.0353012084960938 -0.0321807861328125 -0.05364990234375 0.0531158447265625
0.0547218322753906 -0.00169754028320312 -0.0319385528564453 0.01849365234375
0.0572357177734375 0.01580810546875 0.0451889038085938 0.0261116027832031
0.0416679382324219 0.0235252380371094 0.0955657958984375 0.102272033691406
0.0139560699462891 0.00920486450195313 -0.0989837646484375 -0.0868377685546875
-0.00247335433959961 -0.00782346725463867 -0.0338115692138672 -0.0245990753173828
-0.0106344223022461 0.00295352935791016 0.0442695617675781 -0.014617919921875
0.000709533691406251 0.00963878631591797 0.0764617919921875 -0.0618209838867187
0.00887012481689453 0.00210952758789063 0.060791015625 -0.100082397460938
0.00779342651367188 -0.00591135025024414 0.0166015625 -0.12896728515625
-0.000455856323242188 -0.0200157165527344 -0.0302200317382813 -0.115676879882813
0.001678466796875 -0.0186195373535156 -0.0512161254882812 -0.074859619140625
0.0036163330078125 -0.0153331756591797 -0.0602378845214844 -0.047515869140625
0.0102577209472656 -0.0132551193237305 -0.0618515014648438 -0.0349693298339844
0.0114212036132813 -0.00235748291015625 -0.0686874389648438 -0.0102920532226562
0.00168800354003906 0.0128288269042969 -0.07159423828125 -0.00215148925781251
-0.0168876647949219 0.00397777557373047 -0.0921401977539063 -0.000282287597656243
-0.0107488632202148 -0.0128517150878906 -0.123390197753906 0.0327835083007813
0.000474750995635986 -0.000666022300720215 -0.132171630859375 0.0559768676757812
0.0682334899902344 0.0212478637695313 -0.0796127319335937 -0.0819168090820313
0.0507926940917969 -0.00255203247070313 -0.0128898620605469 -0.0196876525878906
0.0357513427734375 0.00018310546875 0.0564804077148438 -0.0130882263183594
0.0383377075195313 -0.0086822509765625 0.0850372314453125 -0.0617828369140625
0.0333728790283203 -0.0234298706054687 0.0642776489257813 -0.0961074829101563
0.0155982971191406 -0.0432395935058594 0.0145111083984375 -0.123085021972656
-0.00676345825195312 -0.054931640625 -0.0280990600585937 -0.102737426757813
-0.00743865966796875 -0.0515785217285156 -0.0481376647949219 -0.0597419738769531
-0.00780487060546875 -0.0523109436035156 -0.0600967407226563 -0.0310783386230469
0.00545501708984375 -0.0532798767089844 -0.0667610168457031 -0.0195693969726563
0.0233573913574219 -0.0404739379882813 -0.0731124877929687 0.00258636474609376
0.0267677307128906 -0.0213527679443359 -0.0726852416992187 0.00542449951171874
0.0209255218505859 -0.0105438232421875 -0.087005615234375 0.0112075805664062
0.0356788635253906 -0.0163650512695313 -0.108261108398438 0.0430679321289063
0.0513648986816406 -0.00240707397460938 -0.116058349609375 0.0652542114257813
0.112716674804688 0.0299835205078125 -0.0460891723632813 -0.0727005004882812
0.0995025634765625 0.00445556640625 0.0192337036132813 -0.00986099243164063
0.0796127319335938 -0.00254058837890625 0.073272705078125 -0.0064544677734375
0.0741653442382812 -0.0269393920898437 0.0938034057617187 -0.055816650390625
0.0548744201660156 -0.0493202209472656 0.065582275390625 -0.0846710205078125
0.021759033203125 -0.0728302001953125 0.0149765014648437 -0.104766845703125
-0.0110397338867187 -0.0809478759765625 -0.0219039916992187 -0.07940673828125
-0.01318359375 -0.0758438110351563 -0.0380401611328125 -0.0340919494628906
-0.018768310546875 -0.0806655883789063 -0.0485610961914062 -0.0054779052734375
-0.0031890869140625 -0.0858840942382813 -0.0627632141113281 0.00474548339843748
0.0269546508789063 -0.0730056762695313 -0.0714645385742187 0.0226821899414062
0.0413284301757813 -0.05548095703125 -0.0723037719726563 0.0150909423828125
0.0556983947753906 -0.0297164916992187 -0.081573486328125 0.0193557739257812
0.0783538818359375 -0.0243682861328125 -0.0857696533203125 0.0441207885742188
0.0933837890625 -0.00438690185546875 -0.0850677490234375 0.0717315673828125
0.138626098632813 0.0358200073242188 -0.000839233398437487 -0.0618019104003906
0.133094787597656 0.0105514526367188 0.0559463500976563 0.00177383422851563
0.11370849609375 -0.007904052734375 0.0878448486328125 -9.91821289062505E-05
0.099517822265625 -0.0432281494140625 0.10052490234375 -0.0433197021484375
0.0678558349609375 -0.0699462890625 0.0628547668457031 -0.0664291381835938
0.022308349609375 -0.0954437255859375 0.0150146484375 -0.0777053833007813
-0.0146942138671875 -0.0939254760742188 -0.0107383728027344 -0.0460700988769531
-0.0171356201171875 -0.0884780883789063 -0.0200366973876953 -0.00553512573242188
-0.0257034301757813 -0.09539794921875 -0.0302066802978516 0.0234794616699219
-0.0103912353515625 -0.10345458984375 -0.0525245666503906 0.0324134826660156
0.0270614624023438 -0.0966110229492188 -0.0648155212402344 0.0438346862792969
0.0512924194335938 -0.0802688598632813 -0.0687828063964844 0.0265579223632813
0.082489013671875 -0.0449447631835938 -0.0740890502929688 0.0224609375
0.110023498535156 -0.0264968872070313 -0.0588798522949219 0.0378799438476562
0.123771667480469 -0.00293731689453125 -0.0432052612304688 0.0742950439453125
0.142807006835938 0.032440185546875 0.0457267761230469 -0.0525093078613281
0.144943237304688 0.0095367431640625 0.0911636352539063 0.0064697265625
0.127662658691406 -0.0132675170898438 0.0972213745117188 0.00475311279296875
0.108360290527344 -0.055999755859375 0.0971908569335938 -0.0286407470703125
0.06768798828125 -0.0801467895507813 0.0586166381835938 -0.0407981872558594
0.016510009765625 -0.102005004882813 0.0170173645019531 -0.0425796508789063
-0.0191650390625 -0.0941390991210938 0.00366783142089843 -0.0113153457641602
-0.020050048828125 -0.0877609252929688 -0.00101852416992187 0.0256786346435547
-0.028961181640625 -0.0946044921875 -0.0113754272460937 0.0520362854003906
-0.0137786865234375 -0.106292724609375 -0.0367164611816406 0.0620040893554687
0.0271072387695313 -0.102607727050781 -0.05426025390625 0.06500244140625
0.055908203125 -0.0922012329101563 -0.0620956420898438 0.0375328063964844
0.0981521606445313 -0.0506134033203125 -0.0617256164550781 0.0222091674804688
0.128654479980469 -0.0234375 -0.0251903533935547 0.0286655426025391
0.134117126464844 0.00203704833984375 0.00452423095703126 0.0785446166992188
0.124664306640625 0.0252685546875 0.0865478515625 -0.0502243041992187
0.135154724121094 0.0043792724609375 0.117141723632813 0.00173187255859375
0.11846923828125 -0.0197906494140625 0.0997695922851563 0.00250244140625
0.0964736938476563 -0.0601654052734375 0.0914764404296875 -0.0153656005859375
0.0533981323242187 -0.0793991088867188 0.0551338195800781 -0.0169944763183594
0.00346374511718749 -0.0920944213867188 0.0216827392578125 -0.00889205932617188
-0.0218658447265625 -0.0780258178710937 0.0183124542236328 0.0198974609375
-0.018310546875 -0.0736541748046875 0.0190315246582031 0.053863525390625
-0.0262527465820313 -0.0812911987304688 0.00797271728515624 0.0771636962890625
-0.0126113891601562 -0.0929336547851563 -0.0251617431640625 0.08758544921875
0.02734375 -0.093292236328125 -0.0452346801757813 0.0824508666992187
0.058746337890625 -0.0845565795898438 -0.0567855834960937 0.0455474853515625
0.100929260253906 -0.0399551391601563 -0.049041748046875 0.019256591796875
0.125473022460938 -0.009765625 0.00832176208496094 0.0203151702880859
0.123199462890625 0.0122222900390625 0.0492935180664062 0.0859298706054688
0.0858840942382813 0.0177764892578125 0.115852355957031 -0.0529937744140625
0.103790283203125 0.0002288818359375 0.131126403808594 -0.0102081298828125
0.0902023315429688 -0.0221939086914063 0.094329833984375 -0.00276947021484375
0.068450927734375 -0.053924560546875 0.0818557739257812 -0.00287628173828125
0.0303306579589844 -0.0659408569335938 0.0534439086914062 0.0018157958984375
-0.00951004028320313 -0.0666427612304688 0.0316734313964844 0.0169925689697266
-0.0206298828125 -0.0509147644042969 0.0364990234375 0.0440635681152344
-0.0159645080566406 -0.0465354919433594 0.0358963012695312 0.071807861328125
-0.02093505859375 -0.0543060302734375 0.0192489624023438 0.0969467163085938
-0.00958251953125001 -0.0637016296386719 -0.0179443359375 0.107917785644531
0.0250015258789062 -0.0690498352050781 -0.0443801879882812 0.0949935913085938
0.0535011291503906 -0.06243896484375 -0.0528488159179688 0.0536003112792969
0.0880584716796875 -0.0216751098632813 -0.0389366149902344 0.0186309814453125
0.102241516113281 0.0042877197265625 0.0343666076660156 0.0191688537597656
0.0913772583007813 0.0197067260742188 0.0854949951171875 0.0956878662109375
0.0369796752929688 0.0102348327636719 0.130302429199219 -0.0611724853515625
0.0619735717773438 -0.00075531005859375 0.132476806640625 -0.0248641967773437
0.0518722534179688 -0.017669677734375 0.0858154296875 -0.0082855224609375
0.0325241088867188 -0.0360221862792969 0.074676513671875 0.00432586669921875
0.0059967041015625 -0.0391845703125 0.0551795959472656 0.0132942199707031
-0.0198822021484375 -0.028594970703125 0.0448989868164063 0.0321769714355469
-0.0145063400268555 -0.0141000747680664 0.0515060424804688 0.0542411804199219
-0.00922775268554688 -0.0122108459472656 0.0464859008789063 0.0792770385742188
-0.0135250091552734 -0.0182552337646484 0.0254974365234375 0.107353210449219
-0.00910377502441406 -0.0301151275634766 -0.0192947387695313 0.118476867675781
0.0137481689453125 -0.0386276245117188 -0.04693603515625 0.101043701171875
0.0347251892089844 -0.0352554321289063 -0.0557403564453125 0.0578765869140625
0.0567131042480469 -0.00410842895507813 -0.0345115661621094 0.0210494995117188
0.060028076171875 0.011688232421875 0.0474662780761719 0.0251083374023438
0.0435791015625 0.020660400390625 0.10357666015625 0.105690002441406
0.017390251159668 0.0113801956176758 -0.106346130371094 -0.082977294921875
-0.00292730331420898 -0.00832414627075195 -0.034515380859375 -0.0213222503662109
-0.0093231201171875 0.00570392608642578 0.046966552734375 -0.0169525146484375
0.00253868103027344 0.00917911529541016 0.0757980346679687 -0.0686569213867188
0.0106878280639648 0.000713348388671875 0.0554733276367188 -0.109382629394531
0.00817394256591797 -0.0104465484619141 0.00819396972656249 -0.133735656738281
-0.00183868408203125 -0.0227413177490234 -0.0380325317382813 -0.116317749023438
0.000780105590820315 -0.0220756530761719 -0.0580825805664062 -0.0727310180664063
0.00368309020996094 -0.0206661224365234 -0.0673713684082031 -0.0435676574707031
0.0115594863891602 -0.0160799026489258 -0.0689010620117188 -0.0302352905273437
0.0145330429077148 -0.00443363189697266 -0.0751876831054688 -0.00617218017578126
0.00545597076416015 0.0141630172729492 -0.0771560668945313 0.0021209716796875
-0.0186195373535156 0.00603103637695312 -0.097686767578125 0.00337982177734374
-0.0127725601196289 -0.00880050659179688 -0.124977111816406 0.0418701171875
0.00218260288238525 0.00218403339385986 -0.13134765625 0.0692672729492187
0.0727767944335937 0.0187149047851562 -0.086883544921875 -0.0780258178710937
0.0511093139648438 -0.0068511962890625 -0.0118198394775391 -0.0182075500488281
0.038116455078125 -0.00139999389648438 0.0603599548339844 -0.0170326232910156
0.0400505065917969 -0.0127067565917969 0.0866928100585938 -0.06988525390625
0.0324325561523438 -0.030181884765625 0.0603866577148438 -0.105232238769531
0.014495849609375 -0.0469474792480469 0.00600433349609375 -0.126968383789063
-0.0108489990234375 -0.0587539672851563 -0.0351943969726562 -0.102066040039063
-0.00979995727539063 -0.054718017578125 -0.0529022216796875 -0.0550155639648437
-0.00996017456054687 -0.0561904907226563 -0.0644721984863281 -0.0244674682617188
0.00399398803710937 -0.0577354431152344 -0.0722198486328125 -0.0116195678710938
0.0224494934082031 -0.0435752868652344 -0.0797119140625 0.009185791015625
0.0293216705322266 -0.0244483947753906 -0.0769424438476563 0.0103378295898438
0.0235881805419922 -0.0110092163085937 -0.0910186767578125 0.0166702270507813
0.0345878601074219 -0.016815185546875 -0.108497619628906 0.0534133911132813
0.0530433654785156 -0.00448989868164063 -0.115180969238281 0.0802764892578125
0.120758056640625 0.0251083374023438 -0.0487060546875 -0.0725173950195313
0.101829528808594 -0.003265380859375 0.0221519470214844 -0.00844001770019531
0.0829086303710938 -0.00928497314453125 0.0799484252929688 -0.00942230224609375
0.074615478515625 -0.036102294921875 0.095123291015625 -0.0622634887695313
0.0523300170898438 -0.0552558898925781 0.0621261596679688 -0.0906524658203125
0.0176162719726563 -0.0776824951171875 0.00797271728515624 -0.109878540039063
-0.0169830322265625 -0.0853347778320313 -0.027862548828125 -0.0777206420898438
-0.0203628540039062 -0.0783233642578125 -0.0386161804199219 -0.0316352844238281
-0.024444580078125 -0.083770751953125 -0.05108642578125 0.00146102905273438
-0.0111312866210937 -0.08782958984375 -0.0673789978027344 0.0135421752929688
0.0228652954101563 -0.0777664184570313 -0.0751953125 0.03118896484375
0.0392684936523438 -0.0598335266113281 -0.0765457153320312 0.022857666015625
0.0557441711425781 -0.0336723327636719 -0.0840911865234375 0.0263137817382813
0.0774078369140625 -0.027008056640625 -0.0854339599609375 0.0536956787109375
0.0969619750976563 -0.0117568969726563 -0.0832901000976563 0.0847930908203125
0.144210815429688 0.0251007080078125 -0.00438690185546874 -0.0646400451660156
0.137130737304688 -0.0005645751953125 0.0620880126953125 -0.00207901000976563
0.11834716796875 -0.0147476196289062 0.0959625244140625 -0.00424957275390625
0.100761413574219 -0.0536270141601563 0.10174560546875 -0.0491180419921875
0.0632095336914062 -0.0785369873046875 0.0648612976074219 -0.0699882507324219
0.0156936645507812 -0.10113525390625 0.0117416381835938 -0.0776748657226563
-0.0235748291015625 -0.096832275390625 -0.00987243652343751 -0.0453834533691406
-0.0252914428710938 -0.0931930541992188 -0.0189609527587891 -0.000198364257812507
-0.0339431762695313 -0.0968246459960938 -0.0303440093994141 0.0307941436767578
-0.019561767578125 -0.10662841796875 -0.0525054931640625 0.040863037109375
0.0187606811523437 -0.101089477539063 -0.06622314453125 0.0534248352050781
0.0446853637695313 -0.0874176025390625 -0.071380615234375 0.035858154296875
0.0823287963867188 -0.052276611328125 -0.074676513671875 0.0299148559570313
0.111618041992188 -0.0357131958007813 -0.0572929382324219 0.0451850891113281
0.126022338867188 -0.0107879638671875 -0.0392532348632812 0.0876541137695313
0.147232055664063 0.024017333984375 0.0448226928710938 -0.0580863952636719
0.147186279296875 -0.0012054443359375 0.0944900512695313 0.002197265625
0.132164001464844 -0.020172119140625 0.104232788085938 0.00176239013671875
0.107650756835938 -0.0664825439453125 0.103187561035156 -0.0354080200195313
0.0636672973632813 -0.0884628295898438 0.0583648681640625 -0.0448226928710938
0.00873565673828124 -0.106521606445313 0.0152969360351563 -0.0402297973632813
-0.027191162109375 -0.095855712890625 0.00359344482421875 -0.0090627670288086
-0.025360107421875 -0.0892333984375 0.000915527343749997 0.0283184051513672
-0.0383148193359375 -0.0941390991210938 -0.00690078735351563 0.0578117370605469
-0.0250091552734375 -0.106407165527344 -0.0344009399414063 0.070648193359375
0.0205612182617187 -0.107742309570313 -0.053436279296875 0.0719985961914062
0.0519180297851562 -0.0985641479492188 -0.063934326171875 0.0459938049316406
0.0961532592773437 -0.0595932006835938 -0.062042236328125 0.0295257568359375
0.128303527832031 -0.0358428955078125 -0.0239753723144531 0.0316829681396484
0.136726379394531 -0.0099334716796875 0.0101470947265625 0.082183837890625
0.129867553710938 0.0153732299804687 0.086700439453125 -0.0573196411132813
0.136077880859375 -0.006500244140625 0.12310791015625 -0.004852294921875
0.120872497558594 -0.0287628173828125 0.106513977050781 -0.0027008056640625
0.0918121337890625 -0.068634033203125 0.0953598022460937 -0.0204238891601563
0.048614501953125 -0.0873489379882813 0.0582084655761719 -0.0191688537597656
-0.00469207763671875 -0.094818115234375 0.0243568420410156 -0.00854301452636719
-0.0290069580078125 -0.0782928466796875 0.0221061706542969 0.02020263671875
-0.0243759155273438 -0.0726470947265625 0.0235519409179688 0.0542182922363281
-0.0343093872070313 -0.0794601440429688 0.0132217407226563 0.0807723999023438
-0.0228958129882813 -0.0929641723632813 -0.0221939086914063 0.0952301025390625
0.0180282592773437 -0.0990066528320312 -0.0428543090820313 0.0912246704101563
0.0517654418945312 -0.09149169921875 -0.0569610595703125 0.0543785095214844
0.0999755859375 -0.049560546875 -0.0509147644042969 0.0223884582519531
0.127426147460938 -0.0215301513671875 0.00815200805664063 0.0227317810058594
0.12530517578125 0.00176239013671875 0.056243896484375 0.0884780883789063
0.0891036987304688 0.0106964111328125 0.11676025390625 -0.064544677734375
0.106109619140625 -0.00775146484375 0.136444091796875 -0.018402099609375
0.0916595458984375 -0.030181884765625 0.09967041015625 -0.005126953125
0.0652923583984375 -0.0621299743652344 0.085205078125 -0.00611114501953125
0.0229339599609375 -0.0722503662109375 0.0574378967285156 -0.000820159912109379
-0.0158271789550781 -0.064117431640625 0.0362205505371094 0.0159797668457031
-0.0243148803710938 -0.0480690002441406 0.0441436767578125 0.0409698486328125
-0.0194358825683594 -0.0450553894042969 0.0425033569335937 0.070404052734375
-0.0253372192382812 -0.0522918701171875 0.0278854370117188 0.10260009765625
-0.0169143676757813 -0.06561279296875 -0.012420654296875 0.11151123046875
0.0180435180664062 -0.0711593627929688 -0.0391616821289063 0.103691101074219
0.0483589172363281 -0.0694351196289063 -0.0529708862304687 0.0616569519042969
0.0891265869140625 -0.0303573608398437 -0.0373001098632813 0.0201644897460937
0.103118896484375 -0.005126953125 0.0352401733398438 0.0183868408203125
0.0930709838867187 0.0110626220703125 0.0939559936523437 0.09405517578125
0.0391998291015625 0.006256103515625 0.129714965820313 -0.0735855102539063
0.0606918334960938 -0.00751495361328125 0.133705139160156 -0.0345382690429688
0.0513954162597656 -0.0234336853027344 0.08984375 -0.0129165649414063
0.0280609130859375 -0.0420074462890625 0.0801849365234375 0.00189208984375
0.000267028808593748 -0.0392723083496094 0.0610122680664063 0.0109634399414063
-0.0229225158691406 -0.0263614654541016 0.0507240295410156 0.0290794372558594
-0.0159702301025391 -0.0116386413574219 0.0580558776855469 0.0514297485351563
-0.0113124847412109 -0.0104942321777344 0.053802490234375 0.076751708984375
-0.0137405395507812 -0.0160789489746094 0.033233642578125 0.110031127929688
-0.0120697021484375 -0.0290069580078125 -0.0132293701171875 0.124893188476563
0.00974655151367188 -0.03948974609375 -0.0413589477539063 0.108627319335938
0.0298690795898438 -0.0374565124511719 -0.0538177490234375 0.0649375915527344
0.0585746765136719 -0.010711669921875 -0.0371284484863281 0.0232582092285156
0.0605316162109375 0.0059051513671875 0.0478248596191406 0.02203369140625
0.0446891784667969 0.0143890380859375 0.11273193359375 0.104705810546875
0.0198192596435547 0.0128707885742188 -0.110137939453125 -0.0780792236328125
-0.00104236602783203 -0.00738334655761719 -0.0342979431152344 -0.0190582275390625
-0.00838565826416016 0.00606822967529297 0.0476264953613281 -0.0202140808105469
0.00489091873168945 0.0085906982421875 0.0717315673828125 -0.0755691528320313
0.010716438293457 -0.00240230560302734 0.0481414794921875 -0.112960815429688
0.00841712951660156 -0.0137348175048828 -0.00170135498046876 -0.135040283203125
-0.00498580932617188 -0.0258388519287109 -0.0480117797851562 -0.112724304199219
-0.00283432006835938 -0.02471923828125 -0.0617141723632812 -0.0663909912109375
0.00231742858886719 -0.0236701965332031 -0.0706558227539063 -0.0347900390625
0.0112133026123047 -0.0194911956787109 -0.073211669921875 -0.02252197265625
0.0160179138183594 -0.00565814971923828 -0.0782089233398438 0.000427246093749997
0.00903034210205078 0.0134134292602539 -0.0792083740234375 0.00621032714843751
-0.0157670974731445 0.0102224349975586 -0.0990982055664063 0.0104827880859375
-0.0141716003417969 -0.00579643249511719 -0.121673583984375 0.05047607421875
0.00234651565551758 0.00497961044311523 -0.126045227050781 0.0818099975585938
0.0764617919921875 0.0159454345703125 -0.0893020629882813 -0.0751190185546875
0.0539627075195313 -0.0100898742675781 -0.00982570648193359 -0.0161228179931641
0.0393104553222656 -0.00516891479492188 0.0623779296875 -0.0208930969238281
0.0398483276367187 -0.0169525146484375 0.0823974609375 -0.0759048461914062
0.0308876037597656 -0.0329265594482422 0.0530319213867188 -0.108184814453125
0.0104026794433594 -0.0504837036132813 -0.00228118896484374 -0.125984191894531
-0.0161476135253906 -0.0594635009765625 -0.0427093505859375 -0.0978012084960938
-0.0159950256347656 -0.0564041137695313 -0.0554351806640625 -0.0498542785644531
-0.0157089233398438 -0.0583229064941406 -0.0662727355957031 -0.0159187316894531
-0.000217437744140625 -0.0592842102050781 -0.075439453125 -0.00344085693359375
0.0210952758789063 -0.0456199645996094 -0.0809173583984375 0.0164031982421875
0.0284309387207031 -0.0248394012451172 -0.079437255859375 0.0167694091796875
0.02264404296875 -0.00930976867675781 -0.0923080444335938 0.02264404296875
0.0340023040771484 -0.0169887542724609 -0.105552673339844 0.0610427856445312
0.0526924133300781 -0.00509262084960938 -0.107795715332031 0.0909194946289063
0.122665405273438 0.0163650512695313 -0.05413818359375 -0.0689544677734375
0.101600646972656 -0.00963592529296875 0.0251178741455078 -0.0100746154785156
0.083740234375 -0.0156707763671875 0.0822830200195313 -0.0150604248046875
0.0719833374023437 -0.040252685546875 0.0942306518554688 -0.0694046020507813
0.0488395690917969 -0.0602340698242188 0.0579376220703125 -0.0950851440429688
0.0118637084960937 -0.0812454223632813 0.00252532958984376 -0.105117797851562
-0.0248260498046875 -0.0838699340820313 -0.0323028564453125 -0.0733184814453125
-0.0268478393554688 -0.0789718627929688 -0.0395164489746094 -0.0246734619140625
-0.0313034057617187 -0.0824432373046875 -0.0503349304199219 0.00961685180664062
-0.0159835815429687 -0.087890625 -0.0674285888671875 0.0219993591308594
0.0185546875 -0.0810699462890625 -0.0752944946289063 0.0388641357421875
0.0390090942382813 -0.0630149841308594 -0.07818603515625 0.029541015625
0.0535163879394531 -0.0348701477050781 -0.084991455078125 0.0327835083007812
0.0756988525390625 -0.0313720703125 -0.0819168090820313 0.0608901977539062
0.0949478149414063 -0.0154876708984375 -0.0751724243164063 0.0938491821289063
0.147781372070313 0.0162200927734375 -0.00646591186523436 -0.0634613037109375
0.134895324707031 -0.0109939575195313 0.0649452209472657 -0.00210952758789063
0.11669921875 -0.0244903564453125 0.09783935546875 -0.0075225830078125
0.0943603515625 -0.0623397827148438 0.102394104003906 -0.056121826171875
0.0574264526367188 -0.0823745727539063 0.060150146484375 -0.0738983154296875
0.00902557373046876 -0.101425170898438 0.007354736328125 -0.0761184692382813
-0.0304336547851563 -0.0951995849609375 -0.0145721435546875 -0.0424728393554688
-0.0330886840820312 -0.0898590087890625 -0.0188407897949219 0.00257492065429687
-0.04107666015625 -0.09393310546875 -0.028167724609375 0.0366783142089844
-0.0273513793945312 -0.10369873046875 -0.0506515502929688 0.0508766174316406
0.0134811401367188 -0.102622985839844 -0.0650711059570312 0.0614471435546875
0.0406951904296875 -0.091033935546875 -0.0709457397460938 0.041259765625
0.0775375366210938 -0.0557632446289063 -0.0747146606445312 0.0360107421875
0.108108520507813 -0.0422286987304688 -0.0538673400878906 0.0515937805175781
0.123443603515625 -0.0195846557617188 -0.0322647094726563 0.0932846069335938
0.148971557617187 0.0110321044921875 0.0423736572265625 -0.0617294311523437
0.1456298828125 -0.0140380859375 0.0985031127929688 -0.00345611572265625
0.129631042480469 -0.0321807861328125 0.108467102050781 -0.004150390625
0.100616455078125 -0.0750732421875 0.103157043457031 -0.041595458984375
0.0556182861328125 -0.0940704345703125 0.0607376098632813 -0.0480422973632813
0.000335693359374994 -0.105018615722656 0.0146064758300781 -0.0413627624511719
-0.0335159301757812 -0.0923843383789063 0.00502252578735351 -0.0080709457397461
-0.03466796875 -0.085723876953125 0.00487518310546875 0.0303916931152344
-0.043975830078125 -0.0904388427734375 -0.003326416015625 0.061279296875
-0.0324630737304687 -0.102554321289062 -0.0316162109375 0.0763473510742187
0.01116943359375 -0.107986450195313 -0.0484237670898438 0.0806350708007813
0.0423049926757813 -0.103721618652344 -0.0631942749023438 0.0528945922851562
0.09246826171875 -0.0653839111328125 -0.0623054504394531 0.0342674255371094
0.125 -0.0453338623046875 -0.0210838317871094 0.0364532470703125
0.134475708007813 -0.0194091796875 0.0167160034179687 0.090576171875
0.128189086914063 0.0053558349609375 0.0817642211914063 -0.065277099609375
0.133064270019531 -0.0183792114257813 0.1234130859375 -0.0127639770507813
0.117652893066406 -0.0374755859375 0.110877990722656 -0.0056915283203125
0.0867919921875 -0.0770492553710938 0.0974197387695313 -0.0263137817382813
0.0391693115234375 -0.0897674560546875 0.0591087341308594 -0.0243072509765625
-0.0118865966796875 -0.0901718139648438 0.0261631011962891 -0.00804710388183594
-0.0340423583984375 -0.0750885009765625 0.0266342163085937 0.0205402374267578
-0.0319366455078125 -0.0695419311523438 0.0286521911621094 0.0524520874023437
-0.0399551391601563 -0.0745086669921875 0.0187530517578125 0.0837783813476563
-0.0290908813476562 -0.0873336791992188 -0.0147628784179687 0.0991134643554687
0.0106582641601562 -0.0971450805664063 -0.0381240844726562 0.097015380859375
0.044281005859375 -0.0956344604492188 -0.0552902221679688 0.059967041015625
0.09619140625 -0.0566482543945313 -0.0503463745117187 0.0282783508300781
0.122871398925781 -0.03387451171875 0.0104084014892578 0.0239238739013672
0.123939514160156 -0.0090484619140625 0.0626678466796875 0.0890655517578125
0.0888900756835938 0.00017547607421875 0.11083984375 -0.0747299194335938
0.101005554199219 -0.017852783203125 0.135025024414063 -0.0266189575195313
0.0899581909179688 -0.0369949340820313 0.103744506835937 -0.011474609375
0.0581130981445313 -0.06585693359375 0.0917816162109375 -0.0126953125
0.0168991088867188 -0.0706405639648438 0.0599746704101563 -0.00416183471679688
-0.0219383239746094 -0.0608634948730469 0.0384674072265625 0.0158767700195312
-0.0297508239746094 -0.0432968139648437 0.0462493896484375 0.0381355285644531
-0.0229759216308594 -0.0410423278808594 0.0474395751953125 0.0668754577636719
-0.0284996032714844 -0.0466728210449219 0.0341415405273438 0.0993499755859375
-0.0225868225097656 -0.0596466064453125 -0.00516510009765626 0.115814208984375
0.0105438232421875 -0.0721664428710938 -0.0336380004882812 0.108222961425781
0.0405654907226562 -0.0720062255859375 -0.0506744384765625 0.0650405883789063
0.082427978515625 -0.0365753173828125 -0.0390090942382812 0.0260848999023438
0.100624084472656 -0.0150909423828125 0.0366020202636719 0.0166435241699219
0.0926361083984375 0.00200653076171875 0.0990676879882813 0.0922012329101563
0.0378227233886719 0.0005035400390625 0.123184204101563 -0.0866470336914063
0.0589752197265625 -0.0138053894042969 0.132598876953125 -0.0433731079101563
0.04998779296875 -0.0283317565917969 0.0924606323242188 -0.0168304443359375
0.0239677429199219 -0.0443000793457031 0.0829696655273438 -0.0043792724609375
-0.00539016723632813 -0.0392341613769531 0.0647697448730469 0.00457382202148437
-0.0266571044921875 -0.0199871063232422 0.0547904968261719 0.0255279541015625
-0.0171670913696289 -0.00716018676757812 0.0629234313964844 0.0450248718261719
-0.0113000869750977 -0.00775432586669922 0.0593795776367188 0.0713577270507812
-0.0149707794189453 -0.0116033554077148 0.0403366088867187 0.107704162597656
-0.0161266326904297 -0.0230331420898438 -0.0031890869140625 0.125320434570313
0.00346755981445312 -0.0379829406738281 -0.03558349609375 0.113265991210938
0.0259628295898438 -0.041290283203125 -0.0503082275390625 0.0707855224609375
0.0546989440917969 -0.0151023864746094 -0.0358924865722656 0.0261116027832031
0.0587196350097656 -0.00095367431640625 0.0475959777832031 0.0191993713378906
0.0436477661132813 0.00968551635742188 0.118301391601563 0.0976333618164063
0.0235424041748047 0.0141620635986328 -0.111106872558594 -0.0735626220703125
0.000847816467285157 -0.00594663619995117 -0.0311737060546875 -0.0169773101806641
-0.00478887557983398 0.00557756423950195 0.0488548278808594 -0.0223121643066406
0.00672674179077149 0.00663423538208008 0.0690765380859375 -0.07806396484375
0.0111627578735352 -0.0047454833984375 0.0430068969726563 -0.113487243652344
0.00754070281982422 -0.0169162750244141 -0.0087738037109375 -0.132644653320313
-0.00754928588867188 -0.0284709930419922 -0.0521621704101563 -0.107276916503906
-0.00516700744628907 -0.0273361206054688 -0.0632476806640625 -0.0612983703613281
0.000915527343749999 -0.0274124145507813 -0.0709991455078125 -0.0286102294921875
0.0115108489990234 -0.0228424072265625 -0.0750579833984375 -0.0164871215820313
0.0176563262939453 -0.00815200805664063 -0.07928466796875 0.00511932373046876
0.0117416381835938 0.012181282043457 -0.0809402465820313 0.00978088378906249
-0.0133695602416992 0.0127849578857422 -0.100006103515625 0.0133590698242188
-0.0133829116821289 -0.00114727020263672 -0.118125915527344 0.05462646484375
0.00411176681518555 0.00771427154541016 -0.118667602539063 0.0884017944335937
0.0782928466796875 0.0140609741210938 -0.0897293090820313 -0.0707244873046875
0.0538253784179688 -0.0115585327148438 -0.00748825073242187 -0.0148477554321289
0.0404815673828125 -0.00664138793945312 0.0643692016601562 -0.0219535827636719
0.0393905639648438 -0.0194969177246094 0.079620361328125 -0.0784683227539063
0.0290260314941406 -0.0353202819824219 0.0488357543945312 -0.108329772949219
0.00770187377929688 -0.0529022216796875 -0.00707244873046874 -0.122528076171875
-0.0196876525878906 -0.0595588684082031 -0.0455856323242188 -0.093109130859375
-0.0198783874511719 -0.0564346313476562 -0.0558280944824219 -0.0439872741699219
-0.0183639526367188 -0.05938720703125 -0.0647735595703125 -0.00885772705078125
-0.00203323364257812 -0.0604400634765625 -0.0759353637695312 0.00319671630859374
0.0209007263183594 -0.0477142333984375 -0.0808486938476563 0.0228271484375
0.02960205078125 -0.0259609222412109 -0.0804519653320313 0.0204925537109375
0.0234241485595703 -0.00715827941894531 -0.09210205078125 0.0266036987304688
0.0323486328125 -0.0144004821777344 -0.100341796875 0.0650177001953125
0.0524673461914063 -0.00406646728515625 -0.100120544433594 0.0986404418945312
0.122428894042969 0.0124588012695313 -0.0535507202148438 -0.0663948059082031
0.100250244140625 -0.0150375366210938 0.028228759765625 -0.00898361206054688
0.0836563110351563 -0.0190505981445313 0.0842361450195313 -0.0171585083007813
0.0698471069335938 -0.044158935546875 0.0930099487304688 -0.07269287109375
0.0449104309082031 -0.0631866455078125 0.0544204711914063 -0.0955123901367187
0.00662994384765626 -0.0821075439453125 -0.00128173828124999 -0.101966857910156
-0.029449462890625 -0.0826644897460937 -0.0328178405761719 -0.0688591003417969
-0.0310897827148437 -0.077606201171875 -0.0381889343261719 -0.0202865600585938
-0.035400390625 -0.0812606811523438 -0.0480575561523437 0.0159225463867188
-0.0192642211914063 -0.0868606567382812 -0.0659599304199219 0.0296211242675781
0.0154495239257813 -0.08099365234375 -0.0747146606445313 0.0454788208007812
0.0363197326660156 -0.0635337829589844 -0.0775833129882813 0.033905029296875
0.0535888671875 -0.0342292785644531 -0.0832977294921875 0.0358505249023437
0.0726394653320313 -0.032073974609375 -0.0763015747070313 0.0649795532226563
0.0925216674804688 -0.0174636840820313 -0.0677566528320313 0.101570129394531
0.146560668945313 0.0088653564453125 -0.00644683837890624 -0.0623092651367188
0.131690979003906 -0.0181350708007813 0.0664291381835938 -0.00360488891601563
0.11553955078125 -0.0301284790039063 0.102127075195313 -0.0101165771484375
0.0910568237304687 -0.0653228759765625 0.101997375488281 -0.0591354370117188
0.0526504516601563 -0.0851593017578125 0.0587692260742188 -0.07513427734375
0.003509521484375 -0.0999908447265625 0.00638580322265624 -0.0723190307617188
-0.0347671508789063 -0.092987060546875 -0.0139198303222656 -0.0383224487304688
-0.0374984741210938 -0.0868682861328125 -0.0159473419189453 0.00598526000976562
-0.0457000732421875 -0.0905532836914063 -0.0243110656738281 0.0412139892578125
-0.0322036743164063 -0.100387573242188 -0.04901123046875 0.05615234375
0.00782012939453125 -0.101776123046875 -0.0618324279785156 0.067138671875
0.0364761352539063 -0.090911865234375 -0.0706634521484375 0.0472793579101562
0.0752029418945313 -0.0575485229492188 -0.0734100341796875 0.0397109985351563
0.103164672851563 -0.0457000732421875 -0.0489349365234375 0.0543670654296875
0.120101928710938 -0.025115966796875 -0.0257568359375 0.0989456176757813
0.146743774414063 0.003997802734375 0.0401496887207031 -0.0625038146972656
0.14044189453125 -0.0210189819335938 0.1007080078125 -0.005157470703125
0.125595092773438 -0.0381011962890625 0.112800598144531 -0.00605010986328125
0.0949020385742188 -0.0787277221679688 0.103355407714844 -0.0439682006835938
0.048370361328125 -0.0942764282226563 0.0599632263183594 -0.0492210388183594
-0.00502014160156251 -0.102432250976562 0.0159492492675781 -0.0385818481445313
-0.0377578735351563 -0.0882797241210938 0.00605630874633789 -0.00651645660400391
-0.0380477905273438 -0.0818862915039063 0.00841903686523437 0.0309886932373047
-0.047515869140625 -0.0857086181640625 0.00125885009765624 0.0656280517578125
-0.03778076171875 -0.09814453125 -0.0279617309570313 0.081146240234375
0.00314331054687499 -0.106285095214844 -0.0461883544921875 0.0857162475585938
0.0356292724609375 -0.103927612304688 -0.0615615844726562 0.0574951171875
0.0874786376953125 -0.068084716796875 -0.0605316162109375 0.0371284484863281
0.1192626953125 -0.0498809814453125 -0.018646240234375 0.0389900207519531
0.129638671875 -0.0251541137695313 0.022308349609375 0.0934371948242188
0.125343322753906 -0.002532958984375 0.0793838500976563 -0.0678253173828125
0.127410888671875 -0.0250091552734375 0.123565673828125 -0.0150833129882813
0.114883422851563 -0.0423202514648438 0.113540649414063 -0.0077362060546875
0.0807113647460938 -0.0795669555664063 0.0992965698242188 -0.028594970703125
0.0327606201171875 -0.0892257690429688 0.0608253479003906 -0.0255546569824219
-0.0156936645507812 -0.0862960815429688 0.0285568237304688 -0.00814628601074219
-0.03741455078125 -0.0692710876464844 0.0280666351318359 0.0200691223144531
-0.0338249206542969 -0.0643577575683594 0.0317420959472656 0.0521011352539062
-0.0419197082519531 -0.0687446594238281 0.0235519409179688 0.0844650268554688
-0.0338363647460937 -0.0817337036132813 -0.00992584228515626 0.101737976074219
0.00314331054687501 -0.0946044921875 -0.0343551635742188 0.100379943847656
0.0369491577148437 -0.0951995849609375 -0.0533866882324219 0.0638046264648438
0.0899276733398438 -0.0605697631835937 -0.0487861633300781 0.0322990417480469
0.11785888671875 -0.0396499633789062 0.0115795135498047 0.0239105224609375
0.119384765625 -0.0162429809570312 0.0666275024414063 0.0901260375976563
0.0859756469726563 -0.00543212890625 0.105308532714844 -0.0779647827148438
0.0966110229492187 -0.0243148803710937 0.132408142089844 -0.0303192138671875
0.0853729248046875 -0.0409774780273438 0.105316162109375 -0.0126113891601563
0.0523796081542969 -0.0682029724121094 0.091583251953125 -0.0148162841796875
0.0106773376464844 -0.068634033203125 0.0625381469726563 -0.00716400146484375
-0.0254554748535156 -0.0551338195800781 0.0435905456542969 0.0135726928710937
-0.03021240234375 -0.0383872985839844 0.0486068725585937 0.0360221862792969
-0.0246429443359375 -0.0365982055664063 0.0497322082519531 0.0641059875488281
-0.0295562744140625 -0.04022216796875 0.0379791259765625 0.0987472534179688
-0.0250396728515625 -0.0535926818847656 0.00011444091796874 0.116409301757813
0.0045318603515625 -0.0686759948730469 -0.0287933349609375 0.110000610351563
0.0335617065429687 -0.0719985961914063 -0.0479240417480469 0.0688018798828125
0.0782852172851563 -0.0402145385742188 -0.0385551452636719 0.0286102294921875
0.095489501953125 -0.0220260620117188 0.0357131958007813 0.016571044921875
0.088348388671875 -0.00434112548828125 0.102294921875 0.0904998779296875
0.0355796813964844 -0.00394058227539063 0.116447448730469 -0.091766357421875
0.0548019409179687 -0.0181007385253906 0.12823486328125 -0.047149658203125
0.0465888977050781 -0.0325851440429688 0.0931243896484375 -0.0180740356445313
0.0187301635742188 -0.0455398559570313 0.0856704711914063 -0.0076446533203125
-0.0104751586914063 -0.0373954772949219 0.0670623779296875 0.000991821289062498
-0.0280265808105469 -0.0142631530761719 0.0580825805664063 0.020904541015625
-0.017451286315918 -0.00211715698242188 0.0640945434570313 0.0392417907714844
-0.0110769271850586 -0.00405693054199219 0.0602912902832031 0.0656852722167969
-0.0146827697753906 -0.00670337677001953 0.0442428588867188 0.104660034179688
-0.0169200897216797 -0.018280029296875 0.00157928466796874 0.125045776367188
-0.000417709350585937 -0.0350189208984375 -0.0303497314453125 0.114738464355469
0.0210990905761719 -0.0405197143554687 -0.0481109619140625 0.0726318359375
0.0507850646972656 -0.018157958984375 -0.036376953125 0.0278472900390625
0.0540695190429688 -0.00564956665039063 0.0460052490234375 0.0172195434570313
0.0409202575683594 0.00506973266601563 0.120933532714844 0.093841552734375
0.0274200439453125 0.0167713165283203 -0.109832763671875 -0.0735855102539063
0.0035548210144043 -0.00522232055664063 -0.0277671813964844 -0.01617431640625
-0.00181341171264648 0.00549697875976563 0.0512237548828125 -0.0239448547363281
0.00923919677734375 0.00447559356689453 0.0684051513671875 -0.0793609619140625
0.0120382308959961 -0.00718498229980469 0.040863037109375 -0.114143371582031
0.00667953491210938 -0.0211887359619141 -0.011138916015625 -0.1318359375
-0.0102634429931641 -0.0311775207519531 -0.053070068359375 -0.105293273925781
-0.00798988342285156 -0.0300464630126953 -0.0627250671386719 -0.0588493347167969
-0.000898361206054691 -0.0316905975341797 -0.0707168579101563 -0.023529052734375
0.0123195648193359 -0.0268421173095703 -0.077056884765625 -0.0121078491210938
0.0201549530029297 -0.0103244781494141 -0.0817031860351563 0.00882720947265623
0.0159034729003906 0.0113134384155273 -0.0830459594726563 0.011810302734375
-0.0109176635742188 0.0163106918334961 -0.102287292480469 0.0145797729492187
-0.0121841430664062 0.00290489196777344 -0.116157531738281 0.0550537109375
0.00610637664794922 0.0112218856811523 -0.11419677734375 0.0921249389648438
0.0818023681640625 0.0143661499023437 -0.0876388549804687 -0.0702133178710937
0.0551719665527344 -0.0130348205566406 -0.00325679779052734 -0.0141315460205078
0.0424423217773438 -0.00872421264648438 0.0673675537109375 -0.0229263305664062
0.0400047302246094 -0.0219802856445313 0.0802230834960937 -0.0796051025390625
0.028961181640625 -0.0370597839355469 0.0471954345703125 -0.108428955078125
0.00600051879882813 -0.0554962158203125 -0.0078277587890625 -0.120193481445313
-0.0225868225097656 -0.0615501403808594 -0.0460052490234375 -0.0892181396484375
-0.0227890014648437 -0.0586051940917969 -0.0540962219238281 -0.0400199890136719
-0.0200843811035156 -0.0622100830078125 -0.0628318786621094 -0.00339889526367189
-0.00283050537109375 -0.0631561279296875 -0.076202392578125 0.00885009765625
0.02191162109375 -0.0494461059570313 -0.0820083618164063 0.0278701782226562
0.0318756103515625 -0.0268440246582031 -0.0824356079101563 0.02325439453125
0.0257968902587891 -0.00496101379394531 -0.0932693481445313 0.028076171875
0.0329380035400391 -0.0107898712158203 -0.0980453491210938 0.0668792724609375
0.0533447265625 -0.00191116333007813 -0.094696044921875 0.103431701660156
0.123741149902344 0.0106887817382813 -0.0511398315429688 -0.0660438537597656
0.100021362304688 -0.0177001953125 0.0321197509765625 -0.00902366638183594
0.0844345092773438 -0.021087646484375 0.0884552001953125 -0.0178298950195312
0.069580078125 -0.0471878051757813 0.0946502685546875 -0.0731353759765625
0.042877197265625 -0.0653610229492188 0.05401611328125 -0.0946502685546875
0.00498199462890626 -0.0832901000976563 -0.000755310058593744 -0.0990066528320313
-0.0317001342773438 -0.0821456909179688 -0.0309677124023438 -0.0655670166015625
-0.0340805053710938 -0.07763671875 -0.0366592407226563 -0.0167655944824219
-0.0373611450195312 -0.0822677612304688 -0.0455551147460938 0.0215682983398438
-0.020477294921875 -0.0882492065429688 -0.065887451171875 0.0363426208496094
0.0153427124023438 -0.0814971923828125 -0.0751190185546875 0.0510635375976562
0.03680419921875 -0.0640869140625 -0.079437255859375 0.037933349609375
0.054351806640625 -0.0328483581542969 -0.0838851928710938 0.038116455078125
0.0714797973632813 -0.0301742553710938 -0.0738906860351563 0.0673980712890625
0.0917205810546875 -0.01654052734375 -0.0621566772460937 0.10693359375
0.145614624023438 0.006256103515625 -0.00468826293945312 -0.0618515014648438
0.129196166992188 -0.0204315185546875 0.0706558227539063 -0.00335693359375
0.115631103515625 -0.03277587890625 0.107284545898438 -0.0106124877929688
0.0889358520507813 -0.0679779052734375 0.104393005371094 -0.0607833862304688
0.0502090454101563 -0.085723876953125 0.0592422485351563 -0.0741195678710938
0.00142669677734375 -0.0996170043945313 0.0084381103515625 -0.0698204040527344
-0.0373611450195312 -0.0916824340820313 -0.0123710632324219 -0.0352897644042969
-0.0394210815429688 -0.0851058959960938 -0.0132017135620117 0.0082712173461914
-0.0471572875976563 -0.0894393920898438 -0.021697998046875 0.0465049743652344
-0.0345230102539063 -0.098541259765625 -0.046966552734375 0.0621223449707031
0.00640106201171874 -0.101036071777344 -0.0618667602539062 0.0731887817382813
0.0352935791015625 -0.091033935546875 -0.0714111328125 0.051055908203125
0.074462890625 -0.0570449829101563 -0.0730743408203125 0.0421142578125
0.10076904296875 -0.0460128784179688 -0.0459976196289062 0.0572013854980469
0.118118286132813 -0.0252532958984375 -0.0205001831054687 0.103805541992188
0.144515991210937 0.0005035400390625 0.0404624938964844 -0.0619888305664063
0.136528015136719 -0.0246124267578125 0.103584289550781 -0.00466156005859375
0.125083923339844 -0.0405426025390625 0.117019653320313 -0.00627899169921875
0.0921096801757813 -0.0804061889648438 0.106658935546875 -0.0454864501953125
0.0444564819335938 -0.0944137573242187 0.0618057250976563 -0.0494270324707031
-0.0069122314453125 -0.09991455078125 0.018768310546875 -0.0366897583007813
-0.0396957397460938 -0.0851974487304687 0.00864267349243164 -0.00495004653930665
-0.0402984619140625 -0.0787811279296875 0.01123046875 0.0333480834960937
-0.0492172241210937 -0.0831451416015625 0.00478363037109375 0.0693626403808594
-0.0392837524414063 -0.094329833984375 -0.0256729125976562 0.0863800048828125
0.000373840332031243 -0.104362487792969 -0.0449752807617188 0.0915451049804687
0.0324554443359375 -0.103057861328125 -0.0611648559570313 0.0618247985839844
0.0848922729492188 -0.0690155029296875 -0.0606193542480469 0.0407447814941406
0.115821838378906 -0.0519256591796875 -0.016326904296875 0.0415153503417969
0.127098083496094 -0.0270309448242187 0.0258331298828125 0.0981826782226562
0.121589660644531 -0.00640106201171875 0.07781982421875 -0.0677261352539063
0.122901916503906 -0.0280380249023437 0.125152587890625 -0.0145950317382813
0.113204956054688 -0.0453720092773438 0.117866516113281 -0.00811767578125
0.0765380859375 -0.0804519653320313 0.103012084960938 -0.0294952392578125
0.0286102294921875 -0.0883941650390625 0.0633468627929688 -0.0258255004882813
-0.0179672241210937 -0.0828475952148438 0.0324249267578125 -0.00755691528320313
-0.03839111328125 -0.0653343200683594 0.0309295654296875 0.0199031829833984
-0.0351333618164063 -0.0607757568359375 0.0344772338867188 0.0520553588867187
-0.0418624877929687 -0.0645065307617188 0.0269241333007812 0.0875167846679688
-0.0354843139648438 -0.0770950317382813 -0.00736999511718751 0.105781555175781
-0.000267028808593753 -0.092041015625 -0.0321121215820313 0.105010986328125
0.0326385498046875 -0.0943145751953125 -0.0526084899902344 0.0674400329589844
0.0866546630859375 -0.0619735717773438 -0.0488739013671875 0.0340156555175781
0.113227844238281 -0.0428009033203125 0.0128116607666016 0.0257282257080078
0.115524291992187 -0.0193710327148437 0.0695114135742188 0.0930633544921875
0.0825347900390625 -0.0101470947265625 0.102630615234375 -0.0792083740234375
0.0925140380859375 -0.0278701782226563 0.132377624511719 -0.0304718017578125
0.083648681640625 -0.043853759765625 0.10894775390625 -0.0119781494140625
0.0482711791992188 -0.0685272216796875 0.0955810546875 -0.0166397094726563
0.00673294067382813 -0.0666542053222656 0.0655441284179688 -0.00855255126953125
-0.0260391235351563 -0.0492935180664063 0.0471916198730469 0.0120201110839844
-0.0304222106933594 -0.0337791442871094 0.0504379272460938 0.0342292785644531
-0.0243129730224609 -0.0328025817871094 0.0516433715820312 0.0625152587890625
-0.0285987854003906 -0.0365943908691406 0.0415191650390625 0.100151062011719
-0.0255661010742188 -0.048370361328125 0.00255584716796874 0.119384765625
0.000656127929687499 -0.0652275085449219 -0.026275634765625 0.113243103027344
0.0288162231445312 -0.0707550048828125 -0.0476303100585937 0.0715103149414063
0.0748825073242188 -0.042266845703125 -0.0391616821289062 0.0300254821777344
0.0902328491210938 -0.0251312255859375 0.03558349609375 0.0177574157714844
0.0840072631835938 -0.00800323486328125 0.103759765625 0.0928115844726563
0.0330753326416016 -0.00836753845214844 0.111427307128906 -0.0940170288085938
0.0513839721679688 -0.0218544006347656 0.12701416015625 -0.047271728515625
0.0437545776367188 -0.0360221862792969 0.0966033935546875 -0.0182571411132813
0.0146865844726562 -0.0463142395019531 0.0888214111328125 -0.00913238525390625
-0.0145530700683594 -0.0349330902099609 0.0694618225097656 -0.00167465209960938
-0.0282821655273438 -0.00837707519531249 0.0612297058105469 0.0177421569824219
-0.0163135528564453 0.00245952606201172 0.0641365051269531 0.0357398986816406
-0.009735107421875 0.000150680541992188 0.0614051818847656 0.0631370544433594
-0.0129384994506836 -0.00270938873291016 0.045989990234375 0.104194641113281
-0.0171966552734375 -0.0133028030395508 0.00306701660156249 0.125213623046875
-0.00303840637207031 -0.0315761566162109 -0.0286865234375 0.116813659667969
0.0174522399902344 -0.0396881103515625 -0.0476913452148438 0.0747146606445313
0.0472259521484375 -0.0192337036132812 -0.0377883911132813 0.0294723510742187
0.0503654479980469 -0.0082244873046875 0.0441513061523438 0.0169830322265625
0.0382499694824219 0.001861572265625 0.12139892578125 0.0941238403320313
0.0320396423339844 0.0196208953857422 -0.1109619140625 -0.0765304565429688
0.00754737854003906 -0.00487899780273438 -0.0250816345214844 -0.0172519683837891
0.00147676467895508 0.00458049774169922 0.0554428100585938 -0.0256500244140625
0.0117473602294922 0.00166130065917969 0.0710067749023438 -0.0828704833984375
0.0132017135620117 -0.0105113983154297 0.0411834716796875 -0.116683959960937
0.00470352172851562 -0.0258197784423828 -0.012725830078125 -0.133567810058594
-0.0130615234375 -0.0350151062011719 -0.0550613403320313 -0.1051025390625
-0.0106678009033203 -0.0343685150146484 -0.0630531311035156 -0.05718994140625
-0.0027618408203125 -0.0373649597167969 -0.0710372924804688 -0.0204696655273438
0.0125770568847656 -0.0323448181152344 -0.0794525146484375 -0.00803375244140626
0.02337646484375 -0.0134239196777344 -0.0854339599609375 0.0125808715820313
0.0201511383056641 0.0106296539306641 -0.0876922607421875 0.0140151977539063
-0.00754356384277344 0.0196819305419922 -0.107086181640625 0.0160293579101563
-0.00999641418457031 0.00865840911865235 -0.1181640625 0.0564651489257813
0.00934123992919922 0.0151700973510742 -0.112579345703125 0.0963287353515625
0.0861968994140625 0.0153579711914062 -0.0872802734375 -0.0719070434570312
0.0584373474121094 -0.0134925842285156 0.00123214721679688 -0.0149974822998047
0.0458183288574219 -0.0100631713867188 0.073028564453125 -0.024566650390625
0.0414466857910156 -0.0248260498046875 0.0836639404296875 -0.0827484130859375
0.0285072326660156 -0.0411224365234375 0.0483016967773438 -0.110130310058594
0.004241943359375 -0.0598068237304688 -0.00778961181640624 -0.120613098144531
-0.0262718200683594 -0.064697265625 -0.0454864501953125 -0.088653564453125
-0.026092529296875 -0.0615615844726562 -0.0536003112792969 -0.0383949279785156
-0.0229682922363281 -0.0670967102050781 -0.0617713928222656 0.00143051147460936
-0.00298690795898437 -0.0682144165039063 -0.0778961181640625 0.015411376953125
0.0245475769042969 -0.0531005859375 -0.0855026245117188 0.0334091186523438
0.0360260009765625 -0.0290870666503906 -0.0866470336914063 0.0271377563476562
0.0290966033935547 -0.00185585021972656 -0.09735107421875 0.030059814453125
0.0352516174316406 -0.00766754150390625 -0.0979461669921875 0.0689468383789063
0.0556373596191406 0.00156784057617188 -0.09136962890625 0.109481811523438
0.127021789550781 0.0101699829101562 -0.0496826171875 -0.0669136047363281
0.102218627929688 -0.01922607421875 0.0385093688964844 -0.00904464721679688
0.0883255004882813 -0.0241775512695313 0.0960464477539063 -0.0189971923828125
0.0702743530273438 -0.0507698059082031 0.09906005859375 -0.0755767822265625
0.0422554016113281 -0.0684013366699219 0.0567550659179687 -0.0960159301757812
0.00334167480468749 -0.0869369506835938 0.00160980224609374 -0.0983123779296875
-0.0352783203125 -0.08502197265625 -0.0292701721191406 -0.0641250610351563
-0.0372238159179688 -0.079376220703125 -0.0343647003173828 -0.0143470764160156
-0.040008544921875 -0.08544921875 -0.0425605773925781 0.0275688171386719
-0.021392822265625 -0.0912246704101563 -0.0660820007324219 0.0433158874511719
0.0162582397460938 -0.084564208984375 -0.07696533203125 0.058349609375
0.0390281677246094 -0.0662269592285156 -0.082366943359375 0.0427093505859375
0.0570564270019531 -0.0316085815429688 -0.0866012573242188 0.0415115356445312
0.0734329223632813 -0.0275497436523438 -0.0730743408203125 0.0708236694335938
0.0937957763671875 -0.0142364501953125 -0.0580368041992187 0.114578247070313
0.14813232421875 0.0051116943359375 -0.00239181518554686 -0.0630722045898437
0.130477905273438 -0.0230178833007813 0.0774765014648438 -0.00252532958984375
0.118316650390625 -0.03521728515625 0.115264892578125 -0.0112075805664063
0.0891876220703125 -0.0704574584960938 0.110809326171875 -0.0624771118164062
0.048919677734375 -0.088165283203125 0.0631942749023438 -0.0756454467773438
-0.000480651855468754 -0.101127624511719 0.011962890625 -0.0683555603027344
-0.0401229858398438 -0.0920639038085938 -0.00887870788574219 -0.0337467193603516
-0.0424346923828125 -0.0856094360351563 -0.0103044509887695 0.011357307434082
-0.0491104125976563 -0.0906295776367188 -0.0166358947753906 0.0536003112792969
-0.03582763671875 -0.0997314453125 -0.0468597412109375 0.070892333984375
0.005523681640625 -0.102943420410156 -0.0622787475585937 0.081573486328125
0.0355453491210938 -0.0930938720703125 -0.0742950439453125 0.0569534301757812
0.0754776000976563 -0.0572280883789062 -0.07525634765625 0.0458602905273437
0.101905822753906 -0.0456390380859375 -0.0439567565917969 0.0608596801757813
0.119071960449219 -0.025299072265625 -0.0155410766601562 0.1119384765625
0.144668579101563 -0.0015411376953125 0.043304443359375 -0.0631256103515625
0.135940551757813 -0.0261383056640625 0.1104736328125 -0.0034942626953125
0.127464294433594 -0.0430221557617188 0.126548767089844 -0.00644683837890625
0.091400146484375 -0.0820388793945312 0.113670349121094 -0.0467987060546875
0.0422592163085938 -0.09539794921875 0.0662651062011719 -0.0504150390625
-0.00811767578125001 -0.0995559692382812 0.0232887268066406 -0.0357284545898438
-0.0411911010742187 -0.0841064453125 0.0129175186157227 -0.00382518768310547
-0.0421524047851563 -0.0777511596679688 0.0149192810058594 0.0359001159667969
-0.0493850708007812 -0.0815887451171875 0.00939941406249999 0.0753173828125
-0.0412216186523438 -0.093475341796875 -0.0237503051757813 0.0941848754882813
-0.00159454345703126 -0.104278564453125 -0.044830322265625 0.0994949340820313
0.0313644409179688 -0.104209899902344 -0.06329345703125 0.06842041015625
0.085235595703125 -0.0698318481445313 -0.0621604919433594 0.04437255859375
0.115081787109375 -0.0536727905273438 -0.0140914916992187 0.0445365905761719
0.127159118652344 -0.0286636352539062 0.0313949584960938 0.10565185546875
0.121467590332031 -0.00966644287109375 0.0793609619140625 -0.06890869140625
0.120254516601563 -0.0303115844726562 0.131149291992188 -0.0138778686523438
0.11370849609375 -0.0477752685546875 0.126091003417969 -0.00774383544921875
0.0747756958007812 -0.082427978515625 0.109359741210938 -0.0304183959960938
0.0260086059570312 -0.0880126953125 0.0673675537109375 -0.0269546508789063
-0.0190887451171875 -0.0800247192382812 0.0374069213867188 -0.00735473632812501
-0.0385093688964844 -0.0621147155761719 0.0338935852050781 0.02069091796875
-0.0357742309570313 -0.0581130981445312 0.0377006530761719 0.0543937683105469
-0.0419082641601562 -0.0622100830078125 0.032012939453125 0.0923919677734375
-0.0368804931640625 -0.0735092163085938 -0.00502777099609375 0.113006591796875
-0.00289916992187499 -0.0904312133789063 -0.0313568115234375 0.111671447753906
0.0296173095703125 -0.0949783325195312 -0.054290771484375 0.073699951171875
0.08465576171875 -0.0642547607421875 -0.0497856140136719 0.0378379821777344
0.1112060546875 -0.0451736450195313 0.0145511627197266 0.028045654296875
0.11407470703125 -0.0216140747070313 0.0742416381835938 0.1004638671875
0.0806655883789062 -0.013458251953125 0.102424621582031 -0.0807113647460938
0.0896224975585938 -0.0299301147460938 0.136619567871094 -0.0295791625976563
0.0824966430664063 -0.0465011596679688 0.1160888671875 -0.0123291015625
0.045379638671875 -0.069427490234375 0.101760864257813 -0.0176239013671875
0.0025634765625 -0.065521240234375 0.0702781677246094 -0.0103683471679688
-0.02685546875 -0.0451850891113281 0.0515937805175781 0.0106849670410156
-0.0286655426025391 -0.0293750762939453 0.0535964965820312 0.0341606140136719
-0.0241851806640625 -0.0293998718261719 0.05419921875 0.0641860961914062
-0.0276012420654297 -0.032501220703125 0.0456619262695312 0.103561401367188
-0.0262794494628906 -0.0439262390136719 0.00410461425781249 0.125205993652344
-0.00242996215820313 -0.0622520446777344 -0.0258026123046875 0.118949890136719
0.0260047912597656 -0.0699043273925781 -0.0479202270507812 0.0768280029296875
0.0712966918945313 -0.0438766479492188 -0.0406951904296875 0.0329475402832031
0.08740234375 -0.02740478515625 0.0363426208496094 0.0186729431152344
0.0823440551757813 -0.0116958618164063 0.108131408691406 0.0982284545898438
0.0298805236816406 -0.0112419128417969 0.110527038574219 -0.0964889526367187
0.0481109619140625 -0.0254669189453125 0.130195617675781 -0.0472412109375
0.0419158935546875 -0.0390434265136719 0.102958679199219 -0.0183792114257813
0.0102806091308594 -0.0470466613769531 0.0948257446289063 -0.01068115234375
-0.0191516876220703 -0.0320014953613281 0.0738449096679688 -0.00481414794921875
-0.0281352996826172 -0.00394058227539062 0.0646514892578125 0.0146141052246094
-0.0145130157470703 0.00705718994140625 0.065460205078125 0.0338592529296875
-0.00832557678222656 0.0036921501159668 0.0623016357421875 0.0629806518554687
-0.0101261138916016 0.00165367126464844 0.0492706298828125 0.106468200683594
-0.0162382125854492 -0.00748252868652343 0.00454711914062501 0.12994384765625
-0.00539207458496094 -0.0282497406005859 -0.0277633666992187 0.121353149414063
0.0142364501953125 -0.0376358032226563 -0.0491790771484375 0.07855224609375
0.04473876953125 -0.0200576782226563 -0.0400466918945313 0.0316810607910156
0.04632568359375 -0.0105438232421875 0.043426513671875 0.0174369812011719
0.0346088409423828 -0.001617431640625 0.124214172363281 0.0986785888671875
0.0396308898925781 0.0222206115722656 -0.115303039550781 -0.0801239013671875
0.0120115280151367 -0.00568103790283203 -0.0228538513183594 -0.0185489654541016
0.00567150115966797 0.00279951095581055 0.0606269836425781 -0.0299949645996094
0.0139493942260742 -0.00167274475097656 0.0735931396484375 -0.0899887084960938
0.0136327743530273 -0.0148200988769531 0.0395889282226563 -0.122413635253906
0.00258827209472657 -0.0318412780761719 -0.016632080078125 -0.137626647949219
-0.0182456970214844 -0.0401153564453125 -0.0587081909179688 -0.106735229492187
-0.0155830383300781 -0.0387153625488281 -0.0655708312988281 -0.0557174682617187
-0.00675201416015625 -0.0442695617675781 -0.0720138549804688 -0.0165786743164063
0.0124168395996094 -0.0391654968261719 -0.0835189819335937 -0.00259399414062502
0.0272731781005859 -0.0180702209472656 -0.0902862548828125 0.0189666748046875
0.0259037017822266 0.00840377807617188 -0.093994140625 0.0179824829101562
-0.00246620178222656 0.0242347717285156 -0.113685607910156 0.0193939208984375
-0.00594329833984375 0.0137758255004883 -0.121627807617188 0.060211181640625
0.0139942169189453 0.0201549530029297 -0.111053466796875 0.104408264160156
0.0938186645507813 0.0164947509765625 -0.08941650390625 -0.0746841430664063
0.0630912780761719 -0.01617431640625 0.00610160827636719 -0.0161027908325195
0.0502777099609375 -0.01416015625 0.0806045532226562 -0.0291061401367187
0.0440483093261719 -0.0301475524902344 0.0881118774414063 -0.0895004272460938
0.0281257629394531 -0.0460433959960938 0.0493087768554688 -0.115135192871094
0.000110626220703128 -0.06591796875 -0.00883483886718749 -0.122825622558594
-0.0321083068847656 -0.0684585571289063 -0.0466995239257812 -0.0888519287109375
-0.031402587890625 -0.0657730102539063 -0.052703857421875 -0.0351104736328125
-0.0282974243164062 -0.0733184814453125 -0.0609931945800781 0.00790023803710937
-0.00526428222656251 -0.0747604370117188 -0.079864501953125 0.0233154296875
0.0269966125488281 -0.0592994689941406 -0.0883712768554688 0.0425872802734375
0.040863037109375 -0.0321159362792969 -0.0920944213867187 0.033294677734375
0.03509521484375 0.000759124755859375 -0.102577209472656 0.0347442626953125
0.0402259826660156 -0.00295257568359375 -0.099365234375 0.074127197265625
0.061065673828125 0.00478744506835938 -0.087615966796875 0.11907958984375
0.134864807128906 0.00901031494140625 -0.0492019653320312 -0.06915283203125
0.106483459472656 -0.0226211547851563 0.0459251403808594 -0.00999832153320313
0.0926361083984375 -0.0287704467773437 0.105819702148438 -0.0234527587890625
0.072052001953125 -0.0563430786132813 0.105201721191406 -0.0817947387695313
0.0410537719726563 -0.0739212036132813 0.0595779418945312 -0.100509643554688
-0.00068664550781249 -0.0920944213867188 0.00315856933593749 -0.10015869140625
-0.0408477783203125 -0.0883407592773438 -0.0276451110839844 -0.06341552734375
-0.042724609375 -0.0829696655273438 -0.0313873291015625 -0.0106334686279297
-0.0456771850585937 -0.0900955200195313 -0.0391960144042969 0.0351028442382813
-0.024810791015625 -0.0970001220703125 -0.0657539367675781 0.0540809631347656
0.0160675048828125 -0.0899810791015625 -0.0782623291015625 0.0693359375
0.0423965454101563 -0.0708465576171875 -0.0861740112304687 0.0516891479492188
0.0622482299804688 -0.0309715270996094 -0.0906982421875 0.0473403930664062
0.0780105590820313 -0.0268325805664063 -0.0712814331054687 0.0758056640625
0.0985641479492188 -0.0134735107421875 -0.0521087646484375 0.125030517578125
0.154296875 0.0028076171875 -0.000911712646484361 -0.0648078918457031
0.133247375488281 -0.026214599609375 0.0869293212890625 -0.00424957275390625
0.122566223144531 -0.04071044921875 0.127365112304688 -0.0145416259765625
0.09002685546875 -0.0765762329101563 0.118492126464844 -0.0680465698242188
0.0467147827148438 -0.092559814453125 0.06787109375 -0.0790939331054688
-0.00421142578124999 -0.105300903320313 0.0160980224609375 -0.0697364807128906
-0.044036865234375 -0.093963623046875 -0.00537681579589844 -0.0322494506835938
-0.0467987060546875 -0.0874099731445313 -0.00556087493896485 0.0154170989990234
-0.0534820556640625 -0.092681884765625 -0.0116043090820313 0.0612449645996094
-0.0395278930664063 -0.102226257324219 -0.04425048828125 0.0819931030273438
0.00365447998046875 -0.106773376464844 -0.0618515014648438 0.092376708984375
0.0359878540039062 -0.0974960327148438 -0.0767822265625 0.067230224609375
0.0784072875976563 -0.0590972900390625 -0.0783920288085938 0.052154541015625
0.104461669921875 -0.0479049682617188 -0.0417442321777344 0.0661430358886719
0.122665405273437 -0.0266799926757812 -0.00843048095703126 0.122650146484375
0.148635864257812 -0.0052490234375 0.0457916259765625 -0.0650405883789063
0.137092590332031 -0.0303115844726563 0.120346069335938 -0.0042572021484375
0.130058288574219 -0.0484771728515625 0.138320922851563 -0.00971984863281251
0.0915756225585938 -0.0869216918945313 0.122459411621094 -0.0512161254882813
0.0398941040039063 -0.0987701416015625 0.0725936889648438 -0.0534896850585938
-0.0103378295898437 -0.101036071777344 0.0289115905761719 -0.0372352600097656
-0.0437469482421875 -0.083770751953125 0.0176258087158203 -0.00239562988281251
-0.0447235107421875 -0.0775527954101563 0.0203857421875 0.0390357971191406
-0.053314208984375 -0.0820159912109375 0.0168685913085938 0.0834503173828125
-0.0443572998046875 -0.09326171875 -0.0194320678710938 0.105949401855469
-0.004852294921875 -0.106040954589844 -0.04217529296875 0.110946655273438
0.0284805297851563 -0.107559204101563 -0.0638809204101563 0.078094482421875
0.0858001708984375 -0.0734329223632813 -0.0640640258789063 0.0511894226074219
0.116104125976563 -0.0574722290039063 -0.010833740234375 0.0495719909667969
0.128990173339844 -0.0321273803710938 0.0402603149414062 0.115509033203125
0.121742248535156 -0.0145034790039063 0.0816726684570313 -0.07183837890625
0.119834899902344 -0.034149169921875 0.139961242675781 -0.0144500732421875
0.115226745605469 -0.0532608032226563 0.137809753417969 -0.0101547241210938
0.0734634399414063 -0.0857620239257813 0.118484497070313 -0.034820556640625
0.0224075317382813 -0.08831787109375 0.0741119384765625 -0.0305099487304688
-0.0203018188476563 -0.0789337158203125 0.0430564880371094 -0.00832748413085938
-0.039093017578125 -0.0593376159667969 0.0396728515625 0.0213851928710937
-0.0365638732910156 -0.0558090209960938 0.0437850952148438 0.0569305419921875
-0.0425949096679688 -0.0593185424804687 0.03997802734375 0.0992279052734375
-0.0386581420898437 -0.0711669921875 -0.000144958496093749 0.123748779296875
-0.00631713867187499 -0.0894622802734375 -0.0278778076171875 0.122833251953125
0.0256500244140625 -0.0968780517578125 -0.0541610717773437 0.0826034545898438
0.0836639404296875 -0.067657470703125 -0.0515899658203125 0.0438880920410156
0.110343933105469 -0.0502471923828125 0.0175266265869141 0.0309543609619141
0.11474609375 -0.0266189575195312 0.0839996337890625 0.108932495117188
0.0791549682617188 -0.0177764892578125 0.104156494140625 -0.0847015380859375
0.0862274169921875 -0.0346755981445312 0.14471435546875 -0.0311737060546875
0.0816497802734375 -0.0522689819335937 0.126388549804688 -0.01434326171875
0.0414810180664062 -0.07177734375 0.110198974609375 -0.0211868286132813
-0.00148391723632812 -0.0635261535644531 0.075714111328125 -0.0142059326171875
-0.0272789001464844 -0.0414466857910156 0.0575828552246094 0.00815963745117187
-0.0278205871582031 -0.0247287750244141 0.0574913024902344 0.033172607421875
-0.0224323272705078 -0.0252456665039062 0.0596237182617188 0.0654830932617188
-0.0252914428710937 -0.0283432006835938 0.0529632568359375 0.108970642089844
-0.0263786315917969 -0.0392723083496094 0.00962066650390623 0.134025573730469
-0.00502395629882813 -0.0596504211425781 -0.0219879150390625 0.129074096679688
0.0212631225585938 -0.0707321166992187 -0.0484466552734375 0.08477783203125
0.0694465637207031 -0.04669189453125 -0.0427894592285156 0.0378189086914063
0.0848007202148437 -0.032379150390625 0.0380172729492188 0.0207138061523438
0.0800399780273438 -0.015716552734375 0.116729736328125 0.104560852050781
0.0264568328857422 -0.0161399841308594 0.109970092773438 -0.102333068847656
0.0445518493652344 -0.0294723510742188 0.135185241699219 -0.0501785278320313
0.0384788513183594 -0.0436973571777344 0.110931396484375 -0.020599365234375
0.00471878051757813 -0.047271728515625 0.102958679199219 -0.0144729614257813
-0.0239295959472656 -0.0276679992675781 0.0790863037109375 -0.00907135009765625
-0.0279445648193359 0.00339698791503907 0.0697975158691406 0.00996780395507813
-0.0107135772705078 0.0142049789428711 0.0684394836425781 0.0309181213378906
-0.00569725036621094 0.00885200500488281 0.0660171508789063 0.0633125305175781
-0.00667905807495117 0.00722694396972656 0.0548782348632813 0.110191345214844
-0.0147638320922852 -0.00150108337402344 0.00882720947265625 0.137428283691406
-0.00771713256835937 -0.0233440399169922 -0.0256500244140625 0.129844665527344
0.0106849670410156 -0.0366439819335938 -0.0496826171875 0.0858078002929687
0.0413436889648437 -0.0211067199707031 -0.0426063537597656 0.0359344482421875
0.0416908264160156 -0.0125732421875 0.0443878173828125 0.0180816650390625
0.03009033203125 -0.00558280944824219 0.131965637207031 0.103851318359375
0.0496292114257813 0.0234184265136719 -0.122459411621094 -0.081085205078125
0.0173501968383789 -0.00767135620117188 -0.0209999084472656 -0.0212020874023437
0.0102910995483398 -0.000517845153808594 0.0652389526367188 -0.0376663208007813
0.0169363021850586 -0.00719642639160156 0.0734329223632813 -0.0994949340820313
0.0130558013916016 -0.0207328796386719 0.0357666015625 -0.129585266113281
-0.00259017944335937 -0.0383796691894531 -0.023712158203125 -0.1412353515625
-0.026214599609375 -0.0436058044433594 -0.0652694702148438 -0.1068115234375
-0.0228805541992188 -0.042999267578125 -0.0684127807617187 -0.0529747009277344
-0.0143661499023437 -0.051025390625 -0.0735397338867188 -0.00998687744140626
0.00917816162109375 -0.0483932495117188 -0.0868911743164063 0.00734710693359376
0.0300998687744141 -0.0258064270019531 -0.0942306518554688 0.0289688110351563
0.0324726104736328 0.003936767578125 -0.099884033203125 0.026153564453125
0.00556564331054688 0.0280323028564453 -0.121047973632812 0.0266189575195312
0.000898361206054689 0.0198497772216797 -0.123985290527344 0.0668869018554687
0.0214805603027344 0.0254001617431641 -0.105621337890625 0.114219665527344
0.104110717773438 0.0139999389648438 -0.0938339233398438 -0.0756683349609375
0.0682144165039063 -0.0209884643554688 0.0112857818603516 -0.019195556640625
0.0547561645507813 -0.0204429626464844 0.087432861328125 -0.0373764038085938
0.0448493957519531 -0.0374488830566406 0.0895767211914063 -0.0990676879882813
0.0259017944335937 -0.0534400939941406 0.0478363037109375 -0.121963500976563
-0.00658416748046874 -0.0722198486328125 -0.012237548828125 -0.126045227050781
-0.0417327880859375 -0.0718994140625 -0.04925537109375 -0.088470458984375
-0.0404739379882813 -0.0688743591308594 -0.0522346496582031 -0.03167724609375
-0.03717041015625 -0.0786895751953125 -0.0581207275390625 0.015289306640625
-0.010223388671875 -0.0824661254882812 -0.0801162719726563 0.0348739624023437
0.0277175903320313 -0.0671653747558594 -0.0895309448242187 0.0555496215820313
0.0454978942871094 -0.0382156372070313 -0.0960311889648438 0.0436630249023438
0.0427284240722656 0.00187301635742188 -0.106895446777344 0.0437850952148438
0.0466423034667969 -0.000102996826171875 -0.0971450805664063 0.0814208984375
0.0680809020996094 0.00667190551757813 -0.07904052734375 0.130264282226562
0.142868041992188 0.0049896240234375 -0.0503616333007812 -0.0708236694335938
0.110725402832031 -0.02935791015625 0.0539131164550781 -0.0143165588378906
0.0962677001953125 -0.0369949340820313 0.115852355957031 -0.0327072143554688
0.0719375610351563 -0.0642776489257813 0.109428405761719 -0.0921707153320313
0.0374908447265625 -0.0802688598632813 0.0608596801757813 -0.107597351074219
-0.0074615478515625 -0.0976943969726563 0.00297546386718751 -0.103202819824219
-0.0492401123046875 -0.0902252197265625 -0.0274391174316406 -0.0627098083496094
-0.05126953125 -0.0844192504882813 -0.0274944305419922 -0.00702095031738281
-0.0547866821289062 -0.0933609008789063 -0.0320510864257813 0.0428962707519531
-0.0309066772460938 -0.101882934570312 -0.0618019104003906 0.0668220520019531
0.0143966674804688 -0.0977325439453125 -0.0765151977539063 0.0838088989257812
0.043548583984375 -0.0769729614257812 -0.0882492065429688 0.0635452270507813
0.0676231384277344 -0.0332221984863281 -0.0925674438476562 0.0571365356445313
0.0828857421875 -0.0272445678710938 -0.0679473876953125 0.083740234375
0.104255676269531 -0.0145263671875 -0.040740966796875 0.136192321777344
0.159942626953125 -0.0031890869140625 0.000534057617187506 -0.0665245056152344
0.135696411132813 -0.0336380004882813 0.0977249145507813 -0.00847625732421875
0.125434875488281 -0.0500030517578125 0.139030456542969 -0.0234756469726563
0.0889816284179688 -0.084503173828125 0.125137329101563 -0.07769775390625
0.0426483154296875 -0.098388671875 0.0709915161132813 -0.0855865478515625
-0.00980377197265626 -0.108612060546875 0.0188140869140625 -0.0722732543945313
-0.0512771606445313 -0.0944976806640625 -0.00188064575195313 -0.0321731567382813
-0.0536575317382812 -0.08685302734375 0.00094795227050781 0.0194282531738281
-0.0610580444335938 -0.093658447265625 -0.0011138916015625 0.0686378479003906
-0.0457916259765625 -0.104255676269531 -0.0365524291992188 0.0959396362304688
-0.000457763671874993 -0.11114501953125 -0.0561294555664062 0.107833862304688
0.0339279174804688 -0.102607727050781 -0.0761642456054688 0.0801925659179687
0.08099365234375 -0.0631561279296875 -0.0783538818359375 0.0626449584960938
0.106246948242188 -0.051239013671875 -0.0366897583007812 0.0728836059570313
0.125923156738281 -0.0305099487304688 0.00532531738281252 0.132797241210938
0.151046752929688 -0.0120849609375 0.0478363037109375 -0.0683059692382813
0.137115478515625 -0.0370635986328125 0.131851196289062 -0.00970458984375
0.131889343261719 -0.0572433471679688 0.151412963867188 -0.0182037353515625
0.0888671875 -0.09405517578125 0.131011962890625 -0.0606842041015625
0.0358200073242188 -0.10186767578125 0.077911376953125 -0.05938720703125
-0.015655517578125 -0.102622985839844 0.0348396301269531 -0.0402030944824219
-0.0480117797851563 -0.082305908203125 0.0233898162841797 -0.00258064270019532
-0.0493240356445313 -0.0753021240234375 0.0291252136230469 0.0419845581054687
-0.0577163696289063 -0.0804519653320313 0.029052734375 0.0897140502929688
-0.0498886108398438 -0.0916671752929687 -0.00944519042968749 0.118118286132813
-0.0102920532226563 -0.107162475585938 -0.0352554321289063 0.12518310546875
0.022857666015625 -0.110786437988281 -0.06146240234375 0.0908279418945313
0.0847091674804688 -0.0793685913085938 -0.0635871887207031 0.0601081848144531
0.115097045898438 -0.0632705688476563 -0.00523757934570311 0.053466796875
0.129364013671875 -0.0384597778320313 0.0550003051757813 0.124069213867188
0.121330261230469 -0.020050048828125 0.0839309692382813 -0.0760345458984375
0.117515563964844 -0.0406112670898438 0.150802612304688 -0.0200042724609375
0.114051818847656 -0.0608901977539063 0.150039672851563 -0.0178070068359375
0.0689849853515625 -0.0900802612304688 0.127479553222656 -0.04327392578125
0.0173568725585937 -0.0886688232421875 0.080047607421875 -0.0369186401367188
-0.0227890014648437 -0.07666015625 0.0492935180664063 -0.0125389099121094
-0.0398788452148438 -0.0559806823730469 0.0456886291503906 0.0198936462402344
-0.0374908447265625 -0.0516281127929688 0.0526199340820312 0.0584564208984375
-0.0436210632324219 -0.0558624267578125 0.0525131225585937 0.10406494140625
-0.0406494140625 -0.0663871765136719 0.0114898681640625 0.134735107421875
-0.0114669799804688 -0.0873184204101563 -0.01885986328125 0.134674072265625
0.0191879272460937 -0.098358154296875 -0.0510177612304687 0.0941009521484375
0.0804824829101563 -0.0726165771484375 -0.0509567260742187 0.0517692565917969
0.106925964355469 -0.0568313598632813 0.0225086212158203 0.0335273742675781
0.112541198730469 -0.033050537109375 0.0982818603515625 0.114265441894531
0.0750732421875 -0.0243453979492187 0.103179931640625 -0.0905227661132813
0.082183837890625 -0.0403671264648438 0.151702880859375 -0.0367584228515625
0.0777664184570313 -0.0589065551757813 0.136360168457031 -0.0207290649414063
0.036163330078125 -0.0738296508789063 0.118560791015625 -0.0288925170898438
-0.00667572021484375 -0.0598526000976563 0.0818405151367188 -0.0208511352539063
-0.0273475646972656 -0.0358924865722656 0.0634078979492188 0.003082275390625
-0.0248985290527344 -0.0191936492919922 0.0629959106445312 0.0304183959960937
-0.0204582214355469 -0.0200271606445313 0.0676803588867188 0.0652008056640625
-0.0230922698974609 -0.0231971740722656 0.0648193359375 0.112388610839844
-0.0258445739746094 -0.0325660705566406 0.0204925537109375 0.14373779296875
-0.00858306884765624 -0.0551376342773438 -0.0141372680664063 0.139389038085938
0.0155105590820312 -0.0693626403808594 -0.0457000732421875 0.0950393676757813
0.0654067993164063 -0.0498466491699219 -0.0429534912109375 0.0448036193847656
0.0793609619140625 -0.0370559692382813 0.0407142639160156 0.0215682983398437
0.0757980346679688 -0.0217056274414063 0.1304931640625 0.107994079589844
0.0214977264404297 -0.0200862884521484 0.106864929199219 -0.109214782714844
0.0374641418457031 -0.0343894958496094 0.139839172363281 -0.0565719604492187
0.0318260192871094 -0.0487098693847656 0.119010925292969 -0.0273971557617188
-0.00244903564453125 -0.0465011596679688 0.11077880859375 -0.02197265625
-0.0290813446044922 -0.0208263397216797 0.0842361450195313 -0.017425537109375
-0.0260028839111328 0.0113258361816406 0.074188232421875 0.00263214111328125
-0.00495147705078125 0.0204696655273437 0.0717391967773438 0.0261383056640625
-3.33786010742182E-05 0.0140008926391602 0.0712890625 0.06207275390625
-0.00059795379638672 0.0127592086791992 0.0644454956054687 0.112091064453125
-0.0107736587524414 0.00524997711181641 0.0175018310546875 0.1456298828125
-0.00896930694580078 -0.0168190002441406 -0.018402099609375 0.139106750488281
0.00610160827636719 -0.0334300994873047 -0.0474624633789063 0.0953140258789063
0.0368537902832031 -0.0220603942871094 -0.0445747375488281 0.0422592163085938
0.0356788635253906 -0.0151939392089844 0.0448799133300781 0.0191802978515625
0.0241050720214844 -0.00876426696777344 0.143692016601563 0.106094360351563
0.0610618591308594 0.0219650268554688 -0.128944396972656 -0.0781936645507813
0.0230236053466797 -0.0117511749267578 -0.0187301635742188 -0.0239028930664062
0.0142745971679687 -0.00588417053222656 0.065887451171875 -0.0464286804199219
0.0180435180664062 -0.0137424468994141 0.0685958862304688 -0.108078002929688
0.0106010437011719 -0.0278091430664063 0.02813720703125 -0.134498596191406
-0.010223388671875 -0.0433502197265625 -0.0324249267578125 -0.1407470703125
-0.0364189147949219 -0.0452728271484375 -0.0715789794921875 -0.103538513183594
-0.0324211120605469 -0.0444450378417969 -0.0699081420898438 -0.0475387573242188
-0.0251007080078125 -0.0557632446289063 -0.071319580078125 -0.00244140624999999
0.0026092529296875 -0.0563735961914062 -0.08575439453125 0.0184555053710938
0.0306110382080078 -0.0351047515869141 -0.0939178466796875 0.0411605834960937
0.0381317138671875 -0.00288009643554688 -0.10198974609375 0.0366744995117188
0.0155887603759766 0.0291213989257813 -0.124481201171875 0.0362701416015625
0.0101757049560547 0.0239944458007812 -0.12255859375 0.0743865966796875
0.0307960510253906 0.0288543701171875 -0.09515380859375 0.121963500976563
0.112716674804688 0.00885772705078125 -0.0965042114257812 -0.07379150390625
0.0717926025390625 -0.027923583984375 0.01580810546875 -0.0238933563232422
0.056427001953125 -0.0285682678222656 0.0909423828125 -0.0481109619140625
0.0435447692871094 -0.0452957153320313 0.0867462158203125 -0.108810424804688
0.0208168029785156 -0.0594749450683594 0.0427780151367188 -0.127593994140625
-0.0159225463867188 -0.0767745971679687 -0.0174789428710938 -0.126579284667969
-0.0521774291992188 -0.0718994140625 -0.0518035888671875 -0.0856246948242188
-0.0507431030273438 -0.06903076171875 -0.0493431091308594 -0.0269622802734375
-0.0487518310546875 -0.0812454223632813 -0.05133056640625 0.02313232421875
-0.0189132690429687 -0.0887222290039063 -0.0747146606445312 0.0476608276367188
0.02545166015625 -0.0758285522460938 -0.0852890014648438 0.0691604614257813
0.0486221313476563 -0.0460433959960938 -0.0954818725585938 0.0560073852539062
0.0514717102050781 0.00092315673828125 -0.107498168945313 0.0538558959960937
0.054718017578125 0.00130081176757813 -0.0928268432617187 0.0885772705078125
0.0761489868164063 0.00795745849609375 -0.06463623046875 0.137908935546875
0.1492919921875 -0.003265380859375 -0.0509490966796875 -0.0702247619628906
0.111518859863281 -0.0380325317382813 0.0613136291503906 -0.0212326049804688
0.0965118408203125 -0.046875 0.121131896972656 -0.0447235107421875
0.068115234375 -0.0726470947265625 0.109199523925781 -0.103523254394531
0.031158447265625 -0.0859222412109375 0.0583877563476563 -0.114173889160156
-0.0174407958984375 -0.100357055664063 0.002105712890625 -0.10467529296875
-0.059326171875 -0.0884475708007813 -0.0259284973144531 -0.0615043640136719
-0.0604095458984375 -0.0823898315429688 -0.0209083557128906 -0.00312805175781251
-0.0652542114257813 -0.0931396484375 -0.0210723876953125 0.0494880676269531
-0.0399169921875 -0.104164123535156 -0.0517578125 0.079498291015625
0.00953674316406251 -0.103607177734375 -0.0678939819335938 0.0977325439453125
0.0426254272460937 -0.0834197998046875 -0.08428955078125 0.0773239135742187
0.0728530883789063 -0.0353317260742188 -0.0905075073242188 0.0676498413085937
0.0872650146484375 -0.0286331176757812 -0.0598831176757812 0.0899429321289063
0.108436584472656 -0.0166015625 -0.02294921875 0.143722534179688
0.16265869140625 -0.011688232421875 0.00179672241210939 -0.06842041015625
0.133903503417969 -0.0422592163085938 0.106491088867188 -0.0174942016601563
0.123489379882813 -0.0595550537109375 0.146926879882813 -0.0372161865234375
0.0839614868164063 -0.0921173095703125 0.127204895019531 -0.0897598266601562
0.0353775024414063 -0.101539611816406 0.0714492797851563 -0.0928115844726562
-0.0181884765625 -0.109870910644531 0.0213623046875 -0.0744705200195313
-0.058258056640625 -0.0913848876953125 0.00266456604003906 -0.0323028564453125
-0.0608062744140625 -0.0833511352539062 0.00969314575195312 0.0207138061523437
-0.0692062377929687 -0.0914154052734375 0.0133056640625 0.0735626220703125
-0.053314208984375 -0.102943420410156 -0.02288818359375 0.107078552246094
-0.006805419921875 -0.113449096679688 -0.0448455810546875 0.120582580566406
0.0291519165039062 -0.107475280761719 -0.0694808959960938 0.0937271118164062
0.081390380859375 -0.0670852661132813 -0.0746917724609375 0.0732955932617188
0.106468200683594 -0.055694580078125 -0.0280075073242187 0.0771865844726563
0.12628173828125 -0.0354537963867188 0.0236892700195313 0.138259887695313
0.149703979492188 -0.02044677734375 0.0493850708007813 -0.0712127685546875
0.13250732421875 -0.0443649291992187 0.140945434570313 -0.019073486328125
0.1280517578125 -0.066314697265625 0.160171508789063 -0.0308685302734375
0.0828475952148437 -0.0988540649414062 0.135498046875 -0.0727081298828125
0.02838134765625 -0.102249145507813 0.080169677734375 -0.067047119140625
-0.0201797485351562 -0.100494384765625 0.0389328002929688 -0.0441741943359375
-0.0515213012695313 -0.0784759521484375 0.0292205810546875 -0.00447273254394532
-0.0528030395507812 -0.070953369140625 0.0396652221679688 0.0414810180664062
-0.0617446899414062 -0.0759124755859375 0.0447463989257812 0.0920562744140625
-0.05401611328125 -0.0867538452148438 0.0062713623046875 0.1275634765625
-0.0166702270507812 -0.105949401855469 -0.0214462280273438 0.136283874511719
0.0164794921875 -0.111892700195313 -0.053009033203125 0.102973937988281
0.080322265625 -0.0825958251953125 -0.0588226318359375 0.070037841796875
0.110694885253906 -0.0686874389648438 0.002532958984375 0.0564041137695313
0.126190185546875 -0.0448532104492188 0.0731964111328125 0.127159118652344
0.116348266601562 -0.0276031494140625 0.0829238891601563 -0.080535888671875
0.110603332519531 -0.046295166015625 0.158218383789063 -0.029052734375
0.108375549316406 -0.0686264038085937 0.158187866210938 -0.029510498046875
0.0628585815429688 -0.09246826171875 0.133056640625 -0.05426025390625
0.011138916015625 -0.0856552124023437 0.0839080810546875 -0.0442123413085938
-0.0244598388671875 -0.0719680786132813 0.0547409057617187 -0.0176734924316406
-0.0387611389160156 -0.0513725280761719 0.0518760681152344 0.0168724060058594
-0.0370216369628906 -0.0464935302734375 0.0624961853027344 0.056365966796875
-0.0431976318359375 -0.0509033203125 0.06884765625 0.1033935546875
-0.0417098999023438 -0.0592727661132813 0.02703857421875 0.141311645507813
-0.0165557861328125 -0.0823440551757813 -0.00473022460937499 0.144134521484375
0.0123977661132813 -0.0958404541015625 -0.042572021484375 0.104866027832031
0.0735702514648438 -0.0753250122070313 -0.0465888977050781 0.0599174499511719
0.09906005859375 -0.0624008178710938 0.0279121398925781 0.0352859497070312
0.105697631835937 -0.039398193359375 0.115180969238281 0.115913391113281
0.0678367614746094 -0.0296974182128906 0.100700378417969 -0.0953521728515625
0.0733489990234375 -0.04498291015625 0.156326293945312 -0.045013427734375
0.0693283081054688 -0.0635337829589844 0.143783569335938 -0.031005859375
0.0278701782226563 -0.072418212890625 0.124069213867188 -0.0390548706054688
-0.0116081237792969 -0.0530509948730469 0.0853118896484375 -0.0291366577148438
-0.0254802703857422 -0.0290088653564453 0.0672073364257813 -0.00432205200195313
-0.0194263458251953 -0.0137920379638672 0.0674285888671875 0.0256004333496094
-0.0158367156982422 -0.0152015686035156 0.0754928588867188 0.0618438720703125
-0.0181484222412109 -0.0185127258300781 0.0782470703125 0.110610961914062
-0.0225791931152344 -0.0251941680908203 0.035491943359375 0.148666381835938
-0.0110206604003906 -0.0474586486816406 -0.000839233398437498 0.146682739257813
0.00912094116210938 -0.0652351379394531 -0.037353515625 0.103874206542969
0.0576210021972656 -0.0508995056152344 -0.0405235290527344 0.0526847839355469
0.0705947875976563 -0.0407180786132812 0.0438270568847656 0.0218620300292969
0.067779541015625 -0.0264091491699219 0.145034790039063 0.107025146484375
0.0130729675292969 -0.0236454010009766 0.0987091064453125 -0.11492919921875
0.0285682678222656 -0.037200927734375 0.140457153320313 -0.0635147094726562
0.0219306945800781 -0.0518302917480469 0.1240234375 -0.0361328125
-0.0103988647460937 -0.0421218872070313 0.115951538085937 -0.0326690673828125
-0.0318565368652344 -0.0112953186035156 0.0860214233398438 -0.0274505615234375
-0.0203227996826172 0.0199756622314453 0.075286865234375 -0.0060577392578125
0.00438880920410156 0.0250358581542969 0.0725250244140625 0.0208892822265625
0.00743293762207031 0.0191593170166016 0.0759658813476562 0.0574722290039063
0.00764846801757813 0.0166406631469727 0.0751800537109375 0.109176635742188
-0.00412464141845703 0.0122003555297852 0.030731201171875 0.14959716796875
-0.00884723663330078 -0.00841903686523438 -0.00711059570312499 0.14544677734375
0.001861572265625 -0.0279788970947266 -0.0407485961914063 0.103111267089844
0.0310573577880859 -0.0210227966308594 -0.0433883666992187 0.0494346618652344
0.0265083312988281 -0.0154190063476563 0.0452423095703125 0.0188980102539063
0.0155487060546875 -0.0111637115478516 0.154922485351563 0.10272216796875
0.0718765258789063 0.0181655883789063 -0.131301879882813 -0.0753555297851562
0.0280666351318359 -0.0165691375732422 -0.01739501953125 -0.0271930694580078
0.0175189971923828 -0.0124874114990234 0.0642776489257813 -0.0542945861816406
0.0169048309326172 -0.0222053527832031 0.0619735717773438 -0.1136474609375
0.00499725341796875 -0.0335636138916016 0.0208969116210938 -0.135162353515625
-0.0202713012695312 -0.047027587890625 -0.037994384765625 -0.137405395507813
-0.0464515686035156 -0.0438652038574219 -0.0746383666992188 -0.0977859497070313
-0.04205322265625 -0.0433807373046875 -0.0677719116210938 -0.043060302734375
-0.037139892578125 -0.0576629638671875 -0.0659713745117187 0.00321197509765625
-0.006591796875 -0.0624732971191406 -0.0811843872070313 0.027557373046875
0.0280609130859375 -0.0445899963378906 -0.08935546875 0.0518112182617188
0.0421104431152344 -0.0115280151367187 -0.100540161132813 0.0463027954101563
0.0265026092529297 0.0270271301269531 -0.124092102050781 0.0446243286132812
0.0215721130371094 0.0252113342285156 -0.119110107421875 0.0781478881835938
0.0415153503417969 0.0297737121582031 -0.0836105346679688 0.123214721679688
0.120170593261719 0.00301361083984375 -0.0961074829101562 -0.0719146728515625
0.0730667114257813 -0.0343475341796875 0.0194168090820313 -0.0297298431396484
0.0565643310546875 -0.0360298156738281 0.0900650024414063 -0.0574798583984375
0.0398941040039063 -0.0526771545410156 0.0818252563476563 -0.115890502929688
0.0143203735351563 -0.0637664794921875 0.0373916625976563 -0.129112243652344
-0.0262222290039062 -0.0772552490234375 -0.0198516845703125 -0.124214172363281
-0.0621109008789063 -0.0684280395507813 -0.0511016845703125 -0.0823287963867188
-0.05938720703125 -0.0662269592285156 -0.0442619323730469 -0.0238113403320313
-0.0598678588867188 -0.080169677734375 -0.0410499572753906 0.0272750854492188
-0.0274200439453125 -0.0918426513671875 -0.06512451171875 0.05694580078125
0.0214614868164062 -0.0836334228515625 -0.0771026611328125 0.0791854858398438
0.0500946044921875 -0.0538825988769531 -0.0906982421875 0.0660018920898438
0.0602989196777344 -0.0018768310546875 -0.104141235351563 0.0614547729492187
0.0634117126464844 0.00148773193359375 -0.0860595703125 0.091033935546875
0.0826873779296875 0.00792694091796875 -0.0497283935546875 0.139106750488281
0.152389526367188 -0.0097503662109375 -0.0485153198242188 -0.0701065063476562
0.109878540039063 -0.04461669921875 0.066162109375 -0.0291824340820313
0.0934677124023438 -0.0549850463867188 0.122032165527344 -0.0564117431640625
0.0626678466796875 -0.0784378051757812 0.105934143066406 -0.111968994140625
0.0239639282226563 -0.0883026123046875 0.0559844970703125 -0.117164611816406
-0.0265045166015625 -0.0998687744140625 0.00262451171874999 -0.104621887207031
-0.0672836303710938 -0.0845565795898438 -0.0221672058105469 -0.0599365234375
-0.0677719116210938 -0.0778884887695313 -0.0127029418945313 -0.00284957885742188
-0.0741348266601563 -0.09027099609375 -0.00802993774414063 0.0512809753417969
-0.04736328125 -0.104652404785156 -0.037841796875 0.0875930786132813
0.0046234130859375 -0.107498168945312 -0.056060791015625 0.107917785644531
0.0410919189453125 -0.088592529296875 -0.0764541625976562 0.0869522094726562
0.0771408081054688 -0.0379562377929688 -0.08489990234375 0.0754013061523438
0.09130859375 -0.0294952392578125 -0.0514450073242188 0.0913772583007812
0.111259460449219 -0.017120361328125 -0.00593566894531249 0.1441650390625
0.1607666015625 -0.0183563232421875 0.00432968139648439 -0.0689125061035156
0.129287719726563 -0.0473098754882812 0.112396240234375 -0.0268402099609375
0.118843078613281 -0.066925048828125 0.149322509765625 -0.049957275390625
0.077606201171875 -0.0957260131835938 0.127227783203125 -0.09942626953125
0.0276870727539062 -0.101608276367188 0.071441650390625 -0.0971450805664063
-0.024505615234375 -0.10748291015625 0.0237274169921875 -0.0772018432617188
-0.0630950927734375 -0.0867767333984375 0.00828933715820312 -0.0337390899658203
-0.0644989013671875 -0.0779876708984375 0.0197525024414062 0.0191879272460937
-0.0743179321289062 -0.0866622924804688 0.0282669067382812 0.0722122192382813
-0.05792236328125 -0.0991973876953125 -0.00646209716796876 0.112953186035156
-0.0116424560546875 -0.112548828125 -0.0299301147460937 0.12884521484375
0.0252838134765625 -0.107398986816406 -0.0593795776367188 0.102500915527344
0.0808486938476563 -0.0686569213867188 -0.0665206909179688 0.08087158203125
0.104789733886719 -0.0565872192382813 -0.0186538696289062 0.0781784057617188
0.124382019042969 -0.0367813110351563 0.0415115356445313 0.137809753417969
0.144317626953125 -0.025299072265625 0.0507278442382813 -0.073089599609375
0.12554931640625 -0.0479354858398438 0.14654541015625 -0.0284881591796875
0.120979309082031 -0.0714111328125 0.163848876953125 -0.0431976318359375
0.0762252807617187 -0.0999069213867187 0.136756896972656 -0.0825347900390625
0.0233078002929688 -0.0989227294921875 0.0809555053710938 -0.0728530883789063
-0.0239105224609375 -0.0965805053710937 0.0431900024414063 -0.0483932495117188
-0.0516510009765625 -0.0733566284179688 0.0356826782226563 -0.00730133056640625
-0.0525360107421875 -0.0650291442871094 0.048614501953125 0.0384902954101562
-0.0626907348632813 -0.0706329345703125 0.060150146484375 0.0881118774414063
-0.0547943115234375 -0.0809707641601563 0.023193359375 0.131065368652344
-0.0203399658203125 -0.100051879882813 -0.0053558349609375 0.14202880859375
0.0113372802734375 -0.107872009277344 -0.041839599609375 0.110771179199219
0.075592041015625 -0.0826339721679688 -0.0506515502929687 0.076385498046875
0.103874206542969 -0.070556640625 0.0105438232421875 0.0571327209472656
0.119499206542969 -0.04681396484375 0.0892333984375 0.125099182128906
0.107414245605469 -0.0315704345703125 0.082794189453125 -0.081878662109375
0.100860595703125 -0.0478668212890625 0.16168212890625 -0.0370330810546875
0.0991439819335938 -0.0701751708984375 0.16162109375 -0.0406494140625
0.05621337890625 -0.089569091796875 0.134880065917969 -0.0643081665039063
0.00772094726562501 -0.0789566040039063 0.0846176147460938 -0.0514450073242188
-0.0238151550292969 -0.0663414001464844 0.0573844909667969 -0.0235977172851563
-0.0348320007324219 -0.0463066101074219 0.0570220947265625 0.0125656127929687
-0.032684326171875 -0.0419540405273438 0.0709686279296875 0.0515060424804688
-0.0390625 -0.0459060668945313 0.0813827514648438 0.0988388061523438
-0.0388107299804688 -0.0526008605957031 0.043853759765625 0.142120361328125
-0.0178298950195313 -0.0742721557617188 0.010772705078125 0.148086547851563
0.00640869140625 -0.0891799926757812 -0.0311508178710937 0.111045837402344
0.065948486328125 -0.073638916015625 -0.0401802062988281 0.065887451171875
0.0891952514648438 -0.0625534057617188 0.0329360961914063 0.0348606109619141
0.0962753295898437 -0.0417404174804688 0.128913879394531 0.112564086914062
0.0586128234863281 -0.0315055847167969 0.0957717895507813 -0.0968399047851563
0.0624427795410156 -0.044952392578125 0.1580810546875 -0.0511627197265625
0.0590248107910156 -0.0638542175292969 0.146896362304688 -0.039947509765625
0.0219688415527344 -0.0666732788085937 0.126678466796875 -0.0486297607421875
-0.0130767822265625 -0.0443916320800781 0.085479736328125 -0.037689208984375
-0.0205841064453125 -0.0223293304443359 0.0683174133300781 -0.0114212036132813
-0.0115442276000977 -0.0102748870849609 0.0695724487304688 0.0206527709960938
-0.00797653198242187 -0.0117902755737305 0.0808639526367188 0.056060791015625
-0.0101718902587891 -0.0142793655395508 0.0882797241210938 0.104591369628906
-0.0160694122314453 -0.0186595916748047 0.0498046875 0.147613525390625
-0.00954818725585938 -0.0385093688964844 0.0132293701171875 0.148529052734375
0.0050201416015625 -0.0565834045410156 -0.0277328491210938 0.109512329101563
0.050140380859375 -0.048095703125 -0.0354957580566406 0.0576667785644531
0.0598526000976562 -0.03961181640625 0.0464057922363281 0.0213470458984375
0.05633544921875 -0.0276451110839844 0.155181884765625 0.1026611328125
0.00323295593261719 -0.0243129730224609 0.0907821655273437 -0.11474609375
0.017181396484375 -0.0366287231445313 0.138160705566406 -0.0673599243164063
0.0105018615722656 -0.0499801635742187 0.126213073730469 -0.0433578491210937
-0.0167369842529297 -0.034332275390625 0.117195129394531 -0.0428314208984375
-0.0313892364501953 -0.000415802001953128 0.0839157104492188 -0.036285400390625
-0.0123519897460938 0.0269355773925781 0.0730361938476563 -0.0144119262695313
0.0151348114013672 0.0268611907958984 0.0713577270507813 0.01544189453125
0.0173072814941406 0.0206050872802734 0.0780410766601563 0.05206298828125
0.0183525085449219 0.0187110900878906 0.0815277099609375 0.103668212890625
0.00526332855224609 0.0171747207641602 0.0422821044921875 0.148178100585937
-0.00460529327392578 9.05990600585894E-06 0.00424194335937501 0.1463623046875
-0.000125885009765626 -0.0193347930908203 -0.0330047607421875 0.107589721679688
0.0245914459228516 -0.0169601440429688 -0.040924072265625 0.0550537109375
0.0172538757324219 -0.0124111175537109 0.0442886352539063 0.0202789306640625
0.00456809997558594 -0.00999546051025391 0.161834716796875 0.097412109375
0.0825271606445313 0.0130767822265625 -0.129905700683594 -0.0763931274414063
0.0328083038330078 -0.0229625701904297 -0.0162239074707031 -0.0327930450439453
0.0192108154296875 -0.0194358825683594 0.0620574951171875 -0.0592880249023438
0.0141086578369141 -0.0300979614257813 0.0573959350585938 -0.116043090820313
-0.000659942626953124 -0.0385665893554687 0.0180511474609375 -0.133659362792969
-0.0305709838867188 -0.0484962463378906 -0.0396804809570312 -0.133460998535156
-0.0559921264648437 -0.0418930053710938 -0.0734481811523438 -0.0941390991210938
-0.0510787963867187 -0.0421142578125 -0.0633277893066406 -0.0407180786132813
-0.0481986999511719 -0.0569686889648438 -0.0592994689941406 0.00555419921875
-0.0148963928222656 -0.0671882629394531 -0.074005126953125 0.033447265625
0.0245590209960937 -0.0535545349121094 -0.08404541015625 0.0586700439453125
0.04425048828125 -0.020538330078125 -0.09857177734375 0.0521697998046875
0.0363044738769531 0.022979736328125 -0.123405456542969 0.0487823486328125
0.0329780578613281 0.0247020721435547 -0.117530822753906 0.0774993896484375
0.0528564453125 0.0304718017578125 -0.0761947631835938 0.119049072265625
0.126678466796875 -0.0007171630859375 -0.0920944213867187 -0.0743179321289062
0.0751571655273438 -0.0394058227539063 0.0226783752441406 -0.0363998413085938
0.0563201904296875 -0.0425376892089844 0.0890579223632813 -0.063934326171875
0.0360183715820312 -0.0588150024414062 0.0788497924804688 -0.118904113769531
0.00795364379882812 -0.0665702819824219 0.0365219116210938 -0.128852844238281
-0.0352325439453125 -0.077850341796875 -0.0181198120117188 -0.122573852539063
-0.0695571899414063 -0.0655860900878906 -0.0470352172851563 -0.0807647705078125
-0.066192626953125 -0.062896728515625 -0.0367202758789063 -0.0241775512695312
-0.0693359375 -0.0785980224609375 -0.0317134857177734 0.0278186798095703
-0.0351181030273438 -0.0949554443359375 -0.0550460815429688 0.06170654296875
0.0176544189453125 -0.0906448364257813 -0.0681686401367187 0.0861053466796875
0.0515403747558594 -0.061126708984375 -0.0857772827148438 0.0722427368164062
0.0689697265625 -0.005401611328125 -0.101478576660156 0.0662689208984375
0.0727462768554688 0.001739501953125 -0.0816879272460938 0.0895919799804688
0.0916061401367188 0.009613037109375 -0.0388717651367188 0.134872436523438
0.154022216796875 -0.012176513671875 -0.0431976318359375 -0.0722427368164063
0.108673095703125 -0.0476303100585938 0.0708084106445313 -0.0369949340820313
0.0912094116210938 -0.059173583984375 0.122627258300781 -0.0640716552734375
0.0584182739257813 -0.0814590454101563 0.105072021484375 -0.116371154785156
0.018646240234375 -0.08837890625 0.056365966796875 -0.11859130859375
-0.032867431640625 -0.0983200073242187 0.00627899169921874 -0.1051025390625
-0.07183837890625 -0.08062744140625 -0.0168037414550781 -0.0606307983398438
-0.0715560913085938 -0.0743484497070313 -0.00366640090942383 -0.00415468215942383
-0.079925537109375 -0.0873870849609375 0.004302978515625 0.0496368408203125
-0.0526962280273437 -0.104446411132813 -0.02520751953125 0.0904617309570313
0.00238800048828124 -0.110870361328125 -0.0439682006835937 0.113296508789063
0.041900634765625 -0.0921096801757813 -0.068359375 0.0927810668945313
0.083740234375 -0.0397109985351563 -0.079681396484375 0.0801010131835938
0.0967636108398438 -0.0287551879882813 -0.044586181640625 0.0898361206054688
0.115486145019531 -0.0155868530273438 0.00688934326171876 0.140350341796875
0.158111572265625 -0.01959228515625 0.00944519042968751 -0.0712051391601563
0.125144958496094 -0.0476455688476563 0.116920471191406 -0.0345001220703125
0.114555358886719 -0.0689315795898438 0.151092529296875 -0.0576019287109375
0.0733108520507813 -0.0956802368164063 0.127632141113281 -0.105094909667969
0.0245895385742188 -0.09930419921875 0.0728988647460938 -0.100364685058594
-0.0283889770507812 -0.104766845703125 0.0291290283203125 -0.0799484252929688
-0.0640106201171875 -0.0835647583007812 0.0144577026367187 -0.036102294921875
-0.0652008056640625 -0.074310302734375 0.0287914276123047 0.0156497955322266
-0.0761489868164063 -0.0838775634765625 0.0404815673828125 0.0686721801757813
-0.0587005615234375 -0.097442626953125 0.00831604003906251 0.113983154296875
-0.01226806640625 -0.111587524414062 -0.016845703125 0.133255004882813
0.0253067016601562 -0.107177734375 -0.0498580932617188 0.108070373535156
0.0830078125 -0.0680465698242188 -0.0605392456054687 0.0842132568359375
0.105667114257813 -0.0544204711914063 -0.0115127563476562 0.076934814453125
0.123458862304688 -0.0342254638671875 0.0553970336914063 0.134956359863281
0.138397216796875 -0.0242996215820313 0.0554656982421875 -0.0736618041992188
0.119003295898438 -0.0453643798828125 0.151321411132813 -0.034210205078125
0.115119934082031 -0.0699462890625 0.165908813476563 -0.0508270263671875
0.0723953247070313 -0.0968017578125 0.138076782226563 -0.0891189575195313
0.0222625732421875 -0.0937652587890625 0.0828399658203125 -0.0777740478515625
-0.0237884521484375 -0.0926513671875 0.0475807189941406 -0.05206298828125
-0.0488662719726563 -0.0704727172851563 0.0415153503417969 -0.0110397338867188
-0.04986572265625 -0.0619888305664063 0.0570831298828125 0.0337562561035156
-0.0595550537109375 -0.0676116943359375 0.0718612670898438 0.0832748413085938
-0.0520553588867187 -0.07720947265625 0.037933349609375 0.130569458007813
-0.0190811157226563 -0.0960617065429688 0.00753784179687501 0.144149780273438
0.0105438232421875 -0.103927612304688 -0.0313568115234375 0.114921569824219
0.0736236572265625 -0.0788497924804688 -0.043853759765625 0.08026123046875
0.0997390747070313 -0.0667648315429688 0.0174980163574219 0.0559768676757812
0.114738464355469 -0.0435028076171875 0.102348327636719 0.122840881347656
0.0987472534179688 -0.0291976928710938 0.0850448608398437 -0.0801849365234375
0.0924148559570312 -0.043365478515625 0.1661376953125 -0.040802001953125
0.092529296875 -0.0667724609375 0.165084838867188 -0.0464324951171875
0.0529556274414063 -0.084014892578125 0.136909484863281 -0.0705108642578125
0.00897979736328124 -0.0719528198242187 0.0855178833007813 -0.0560455322265625
-0.0193214416503906 -0.0620613098144531 0.0604286193847656 -0.0289878845214844
-0.0277442932128906 -0.0444908142089844 0.0609550476074219 0.008697509765625
-0.02618408203125 -0.0394973754882812 0.0765914916992188 0.0463104248046875
-0.0326461791992188 -0.0436019897460938 0.09075927734375 0.093017578125
-0.0323715209960937 -0.0484619140625 0.0569686889648438 0.140373229980469
-0.0146636962890625 -0.0668296813964844 0.02239990234375 0.14776611328125
0.0061187744140625 -0.081268310546875 -0.0216217041015625 0.114112854003906
0.0615119934082031 -0.0682830810546875 -0.0340538024902344 0.0694427490234375
0.0813217163085938 -0.0575714111328125 0.0381393432617188 0.0348281860351562
0.0876388549804688 -0.0377960205078125 0.138824462890625 0.11053466796875
0.0479164123535156 -0.0293998718261719 0.0952987670898438 -0.0929946899414063
0.0522804260253906 -0.039886474609375 0.160171508789063 -0.0523529052734375
0.0503807067871094 -0.0583572387695313 0.149459838867187 -0.0446624755859375
0.0182571411132813 -0.0591773986816406 0.129013061523438 -0.05572509765625
-0.010833740234375 -0.0356216430664063 0.0849075317382813 -0.0430984497070313
-0.0135002136230469 -0.0175933837890625 0.0686531066894531 -0.0166702270507813
-0.00217819213867188 -0.00940990447998047 0.07049560546875 0.0174636840820313
0.000771522521972655 -0.0105276107788086 0.0837020874023438 0.0517425537109375
-0.000144958496093751 -0.0135183334350586 0.0946121215820313 0.098419189453125
-0.00693988800048828 -0.0148305892944336 0.0600433349609375 0.144989013671875
-0.00507354736328125 -0.0304679870605469 0.0233612060546875 0.147201538085938
0.00526809692382813 -0.0475616455078125 -0.020294189453125 0.11083984375
0.0439186096191406 -0.0411834716796875 -0.0309181213378906 0.0614089965820313
0.0496292114257813 -0.0342597961425781 0.0484199523925781 0.0232276916503906
0.0460433959960938 -0.0234565734863281 0.16162109375 0.101348876953125
-0.00693893432617187 -0.0228633880615234 0.0859756469726562 -0.1103515625
0.00630378723144531 -0.0329093933105469 0.138290405273438 -0.0670928955078125
0.000499725341796878 -0.0438423156738281 0.128173828125 -0.0474319458007813
-0.0203971862792969 -0.0253219604492187 0.1180419921875 -0.0490646362304687
-0.0280189514160156 0.008758544921875 0.0809097290039063 -0.04248046875
-0.00363349914550781 0.0319709777832031 0.068817138671875 -0.0195541381835938
0.025390625 0.0263385772705078 0.0676155090332031 0.0128631591796875
0.0270900726318359 0.0205631256103516 0.0771026611328125 0.0489959716796875
0.0294837951660156 0.0184669494628906 0.0839996337890625 0.0991592407226563
0.0155086517333984 0.0203914642333984 0.0494384765625 0.145309448242188
0.00134992599487305 0.00835323333740234 0.01129150390625 0.145477294921875
0.00120735168457031 -0.0103721618652344 -0.0278396606445313 0.109214782714844
0.0191669464111328 -0.00996971130371094 -0.0384025573730469 0.0593338012695313
0.00799226760864258 -0.0056309700012207 0.0433311462402344 0.022705078125
-0.00541162490844727 -0.00562286376953125 0.164642333984375 0.0975341796875
0.0949249267578125 0.0084075927734375 -0.130531311035156 -0.0831375122070312
0.0380973815917969 -0.0307502746582031 -0.0155372619628906 -0.03955078125
0.0202789306640625 -0.028778076171875 0.0616569519042969 -0.0645484924316406
0.0105934143066406 -0.0383987426757813 0.0559158325195312 -0.11883544921875
-0.00724792480468749 -0.0437850952148437 0.0183334350585938 -0.134468078613281
-0.0412406921386719 -0.050140380859375 -0.0376434326171875 -0.134719848632813
-0.0659446716308594 -0.0400886535644531 -0.0720367431640625 -0.0950393676757813
-0.060302734375 -0.0407676696777344 -0.0594291687011719 -0.0423507690429687
-0.0599365234375 -0.0566444396972656 -0.0531654357910156 0.00513458251953125
-0.0247268676757813 -0.072601318359375 -0.0685501098632812 0.03662109375
0.0208282470703125 -0.0627212524414063 -0.0799560546875 0.06365966796875
0.0454330444335938 -0.0302047729492188 -0.0987930297851563 0.056396484375
0.0470771789550781 0.0174484252929688 -0.126762390136719 0.0509567260742188
0.0455741882324219 0.022247314453125 -0.121025085449219 0.0757675170898438
0.065765380859375 0.029998779296875 -0.0747604370117188 0.114883422851563
0.136360168457031 -0.003814697265625 -0.0891265869140625 -0.0810165405273438
0.0789642333984375 -0.0452041625976562 0.0259628295898438 -0.0442924499511719
0.0566940307617188 -0.0499534606933594 0.0906143188476563 -0.0700149536132813
0.0326995849609375 -0.0647010803222656 0.0800933837890625 -0.122520446777344
0.00219345092773437 -0.0701141357421875 0.039337158203125 -0.130836486816406
-0.0444183349609375 -0.0784378051757813 -0.0134735107421875 -0.12579345703125
-0.0775680541992187 -0.0636825561523438 -0.0419158935546875 -0.082794189453125
-0.0740585327148438 -0.0621871948242187 -0.0297164916992188 -0.0277080535888672
-0.0784912109375 -0.0788726806640625 -0.0225410461425781 0.0253620147705078
-0.0432968139648438 -0.0998687744140625 -0.0452232360839844 0.0639762878417969
0.0149307250976562 -0.0988693237304687 -0.0610885620117187 0.0912704467773438
0.0542144775390625 -0.06982421875 -0.0823593139648438 0.0768890380859375
0.0795211791992188 -0.00977325439453125 -0.101089477539062 0.06939697265625
0.084716796875 0.001007080078125 -0.0812606811523437 0.0880661010742188
0.102935791015625 0.0116500854492188 -0.0326614379882812 0.131088256835938
0.161041259765625 -0.0124359130859375 -0.0371322631835937 -0.0787124633789063
0.11053466796875 -0.0494842529296875 0.0766372680664063 -0.0447006225585938
0.0914382934570313 -0.0629119873046875 0.126235961914063 -0.0707015991210938
0.0559616088867188 -0.0856246948242188 0.108863830566406 -0.121002197265625
0.0146255493164062 -0.089691162109375 0.0611343383789063 -0.121376037597656
-0.0388031005859375 -0.0986251831054688 0.0125350952148437 -0.109306335449219
-0.0763778686523437 -0.0796127319335938 -0.00922393798828126 -0.0645103454589844
-0.075408935546875 -0.07464599609375 0.00511741638183593 -0.00882816314697266
-0.0854339599609375 -0.0876617431640625 0.0155372619628906 0.0461196899414062
-0.0567779541015625 -0.107955932617188 -0.0130081176757812 0.09283447265625
0.00135040283203125 -0.116851806640625 -0.0337905883789063 0.117973327636719
0.0447921752929687 -0.0982589721679688 -0.0633468627929687 0.0979461669921875
0.0923385620117188 -0.0418014526367188 -0.0767364501953125 0.0832595825195312
0.106948852539063 -0.0274505615234375 -0.0418014526367188 0.0885543823242187
0.123977661132813 -0.0109710693359375 0.0166854858398437 0.137771606445313
0.160614013671875 -0.015655517578125 0.0183868408203125 -0.076385498046875
0.125205993652344 -0.0455245971679688 0.124732971191406 -0.040802001953125
0.114532470703125 -0.0684280395507813 0.156906127929688 -0.0645751953125
0.073455810546875 -0.0962982177734375 0.133026123046875 -0.110687255859375
0.0241851806640625 -0.0982437133789063 0.0783615112304688 -0.104904174804687
-0.0297012329101563 -0.104324340820313 0.0361251831054688 -0.0847930908203125
-0.0648956298828125 -0.0832595825195313 0.0228958129882812 -0.0404777526855469
-0.0645294189453125 -0.0746231079101562 0.0378799438476562 0.0110740661621094
-0.0766754150390625 -0.0842437744140625 0.052642822265625 0.06463623046875
-0.0590972900390625 -0.0990142822265625 0.0214004516601562 0.115989685058594
-0.0106735229492188 -0.114463806152344 -0.00545501708984375 0.136177062988281
0.0282363891601563 -0.109085083007813 -0.0422439575195313 0.1123046875
0.0889053344726563 -0.0667037963867188 -0.0556488037109375 0.0873641967773438
0.111312866210938 -0.0513534545898438 -0.00608062744140624 0.0756988525390625
0.127784729003906 -0.0284271240234375 0.0672531127929688 0.133918762207031
0.136558532714844 -0.0194320678710938 0.06390380859375 -0.0756454467773438
0.117073059082031 -0.0403213500976563 0.15985107421875 -0.038543701171875
0.114578247070313 -0.0662841796875 0.173355102539063 -0.0563812255859375
0.0737762451171875 -0.0936737060546875 0.1441650390625 -0.094970703125
0.0248641967773438 -0.0906982421875 0.0888671875 -0.0821914672851563
-0.0202255249023437 -0.0917129516601563 0.0541648864746094 -0.0574073791503906
-0.0446929931640625 -0.0715408325195313 0.0485801696777344 -0.0155906677246094
-0.045135498046875 -0.0625648498535156 0.065155029296875 0.0288772583007812
-0.0557022094726563 -0.0685195922851563 0.082305908203125 0.0790176391601563
-0.0480728149414062 -0.0773086547851563 0.0512619018554688 0.130805969238281
-0.0145187377929688 -0.0947189331054688 0.0196990966796875 0.145965576171875
0.0140609741210938 -0.100975036621094 -0.0236587524414063 0.118362426757813
0.0761260986328125 -0.0750274658203125 -0.0384750366210937 0.0830001831054688
0.1004638671875 -0.0614013671875 0.0234451293945313 0.0553436279296875
0.113433837890625 -0.0366897583007813 0.114677429199219 0.124038696289063
0.0934906005859375 -0.0228958129882813 0.09234619140625 -0.07928466796875
0.0880050659179688 -0.03570556640625 0.17449951171875 -0.042633056640625
0.0893630981445313 -0.0601730346679688 0.172088623046875 -0.051116943359375
0.0545806884765625 -0.0781326293945312 0.143630981445313 -0.07635498046875
0.01422119140625 -0.0662727355957031 0.089263916015625 -0.061431884765625
-0.012908935546875 -0.0597496032714844 0.0651817321777344 -0.0335922241210938
-0.0203895568847656 -0.0457077026367187 0.0654296875 0.00532913208007812
-0.018646240234375 -0.0405311584472656 0.082489013671875 0.0427398681640625
-0.0249519348144531 -0.0449600219726562 0.0997314453125 0.088897705078125
-0.0246925354003906 -0.0470161437988281 0.068328857421875 0.139907836914063
-0.00810241699218751 -0.0623931884765625 0.0329437255859375 0.149322509765625
0.0093536376953125 -0.075225830078125 -0.0144805908203125 0.117332458496094
0.060882568359375 -0.0611953735351563 -0.0294113159179687 0.0725784301757813
0.0771102905273438 -0.0502548217773438 0.0437164306640625 0.0356407165527344
0.08282470703125 -0.0305557250976563 0.149398803710937 0.113143920898438
0.0394172668457031 -0.0245475769042969 0.100418090820313 -0.0891952514648438
0.0447769165039063 -0.0322532653808594 0.16754150390625 -0.05133056640625
0.0452690124511719 -0.05047607421875 0.156295776367188 -0.0481414794921875
0.0188522338867187 -0.0509414672851563 0.13336181640625 -0.0609207153320313
-0.00494575500488281 -0.028045654296875 0.0861968994140625 -0.0478286743164063
-0.00474739074707031 -0.0138816833496094 0.06927490234375 -0.0207672119140625
0.00798702239990235 -0.011073112487793 0.0721054077148438 0.0152359008789063
0.0105676651000977 -0.0112113952636719 0.0859603881835938 0.0501327514648438
0.0103511810302734 -0.0148830413818359 0.0997314453125 0.0958709716796875
0.00359344482421875 -0.0127010345458984 0.06854248046875 0.144393920898438
0.00317192077636719 -0.0235061645507813 0.0306243896484375 0.147842407226562
0.00858688354492188 -0.0387725830078125 -0.014862060546875 0.114250183105469
0.0411033630371094 -0.03228759765625 -0.0274734497070312 0.0650482177734375
0.0431251525878906 -0.0250129699707031 0.0519371032714844 0.0261344909667969
0.03717041015625 -0.0162200927734375 0.170654296875 0.105987548828125
-0.0177402496337891 -0.0195083618164063 0.0876617431640625 -0.104240417480469
-0.00241470336914063 -0.0273513793945313 0.143844604492188 -0.0644683837890625
-0.00748443603515625 -0.0356330871582031 0.133522033691406 -0.0501480102539063
-0.0220584869384766 -0.0157241821289063 0.121360778808594 -0.0547409057617188
-0.0235939025878906 0.0181484222412109 0.080047607421875 -0.0472564697265625
0.00645828247070312 0.0361061096191406 0.0657005310058594 -0.0225753784179687
0.0369453430175781 0.0251426696777344 0.0655975341796875 0.0127410888671875
0.0379066467285156 0.0194587707519531 0.0759124755859375 0.0489654541015625
0.0417671203613281 0.0162124633789063 0.085296630859375 0.098236083984375
0.0276947021484375 0.02178955078125 0.0539093017578125 0.145217895507813
0.0104618072509766 0.0149621963500977 0.0159149169921875 0.14593505859375
0.00518608093261719 -0.0012669563293457 -0.0245819091796875 0.111793518066406
0.0156927108764648 -0.000789642333984375 -0.0376091003417969 0.0638351440429688
-0.000748395919799804 0.00353097915649414 0.0446052551269531 0.027618408203125
-0.0161323547363281 0.000460624694824215 0.169082641601563 0.102890014648438
0.110527038574219 0.001312255859375 -0.136581420898438 -0.0952835083007813
0.0447807312011719 -0.0419921875 -0.0167160034179687 -0.0486183166503906
0.0206375122070312 -0.0409164428710938 0.0629959106445312 -0.0711593627929688
0.00501632690429687 -0.0488853454589844 0.0563888549804687 -0.125282287597656
-0.0164871215820313 -0.0498504638671875 0.0204010009765625 -0.139556884765625
-0.0553016662597656 -0.0513534545898437 -0.0370864868164063 -0.139778137207031
-0.0796432495117188 -0.037200927734375 -0.0711669921875 -0.0995101928710938
-0.07232666015625 -0.0388259887695312 -0.0570755004882813 -0.0466194152832031
-0.0749053955078125 -0.0569076538085938 -0.0495185852050781 0.00271224975585938
-0.0378570556640625 -0.07867431640625 -0.0646438598632813 0.0390777587890625
0.0147628784179687 -0.0741500854492187 -0.0773773193359375 0.0696029663085938
0.0476951599121094 -0.0427436828613281 -0.101089477539062 0.06201171875
0.0581932067871094 0.00909042358398438 -0.134208679199219 0.0553741455078125
0.0610160827636719 0.0176239013671875 -0.129928588867188 0.07574462890625
0.0821914672851563 0.0285873413085937 -0.0771331787109375 0.113121032714844
0.151687622070313 -0.0083770751953125 -0.0889739990234375 -0.0937576293945313
0.0853729248046875 -0.0533370971679688 0.0295181274414063 -0.0550575256347656
0.0582313537597656 -0.05938720703125 0.0950469970703125 -0.0785293579101563
0.0285491943359375 -0.07391357421875 0.0845870971679688 -0.130477905273438
-0.00415039062499999 -0.0754013061523438 0.0441436767578125 -0.137367248535156
-0.0555267333984375 -0.0802230834960938 -0.00897216796875001 -0.132980346679688
-0.0884017944335938 -0.0622787475585937 -0.0377273559570313 -0.0898361206054688
-0.0830307006835937 -0.0619735717773438 -0.0236682891845703 -0.0333347320556641
-0.0912628173828125 -0.0794448852539062 -0.013671875 0.0219230651855469
-0.0535354614257813 -0.106819152832031 -0.0369338989257813 0.0669441223144531
0.01116943359375 -0.111442565917969 -0.0545425415039063 0.0976409912109375
0.0574874877929688 -0.0824737548828125 -0.0813827514648438 0.0835113525390625
0.093475341796875 -0.0170669555664063 -0.104721069335938 0.0745697021484375
0.101028442382813 -0.0016937255859375 -0.0845413208007813 0.0884017944335937
0.120124816894531 0.012664794921875 -0.0284423828125 0.130195617675781
0.17352294921875 -0.0124969482421875 -0.03125 -0.090850830078125
0.116943359375 -0.0536880493164062 0.083740234375 -0.0561370849609375
0.0942001342773437 -0.0691680908203125 0.133529663085938 -0.0795822143554688
0.0557022094726562 -0.0918197631835937 0.116127014160156 -0.1300048828125
0.0116729736328125 -0.0939712524414063 0.068450927734375 -0.13031005859375
-0.04608154296875 -0.100746154785156 0.0197601318359375 -0.118629455566406
-0.0843887329101562 -0.0810394287109375 -0.00182342529296876 -0.0723419189453125
-0.0815582275390625 -0.0753097534179688 0.013819694519043 -0.0159635543823242
-0.0939178466796875 -0.0903167724609375 0.0273628234863281 0.0411796569824219
-0.0637664794921875 -0.11492919921875 -3.05175781249992E-05 0.0951156616210938
-7.62939453124962E-05 -0.127838134765625 -0.0235671997070312 0.123977661132813
0.0495452880859375 -0.109283447265625 -0.0580825805664063 0.104232788085937
0.105499267578125 -0.0476531982421875 -0.076202392578125 0.0887069702148437
0.121475219726563 -0.0283355712890625 -0.0402374267578125 0.0886383056640625
0.138587951660156 -0.007354736328125 0.026885986328125 0.137344360351562
0.169418334960938 -0.012664794921875 0.02789306640625 -0.08526611328125
0.130569458007813 -0.0436859130859375 0.136367797851563 -0.0502395629882812
0.118644714355469 -0.0706863403320313 0.167678833007812 -0.0734405517578125
0.0756378173828125 -0.100509643554687 0.142654418945313 -0.12017822265625
0.025726318359375 -0.100547790527344 0.0871658325195313 -0.113998413085938
-0.0314483642578125 -0.107315063476563 0.0450592041015625 -0.0943756103515625
-0.0661544799804687 -0.08660888671875 0.0311164855957031 -0.0487899780273438
-0.0663223266601562 -0.0781021118164063 0.0485382080078125 0.00440979003906249
-0.079986572265625 -0.087890625 0.06640625 0.0601577758789062
-0.0615310668945313 -0.104866027832031 0.03656005859375 0.1177978515625
-0.00946044921874999 -0.121734619140625 0.00708007812500001 0.142196655273438
0.0331268310546875 -0.116539001464844 -0.0349807739257813 0.118934631347656
0.0997390747070313 -0.0690078735351563 -0.0521392822265625 0.0930938720703125
0.121818542480469 -0.0497970581054688 -0.00052642822265624 0.076263427734375
0.137458801269531 -0.0223159790039063 0.0815582275390625 0.13580322265625
0.140213012695313 -0.0128326416015625 0.0763626098632813 -0.0812454223632813
0.120048522949219 -0.0333709716796875 0.175079345703125 -0.045135498046875
0.119110107421875 -0.0629119873046875 0.1864013671875 -0.0639495849609375
0.0793304443359375 -0.09326171875 0.156097412109375 -0.10455322265625
0.0303802490234375 -0.0904693603515625 0.0966110229492188 -0.0907135009765625
-0.0169677734375 -0.0946426391601563 0.0617599487304688 -0.0659751892089844
-0.0419387817382813 -0.0760269165039062 0.0576591491699219 -0.0216178894042969
-0.0421371459960937 -0.0669403076171875 0.075836181640625 0.023834228515625
-0.0529022216796875 -0.0728683471679688 0.0968551635742188 0.0752410888671875
-0.044189453125 -0.0806655883789062 0.0668487548828125 0.132064819335938
-0.00959777832031251 -0.0974502563476562 0.032318115234375 0.150985717773438
0.0194320678710937 -0.1029052734375 -0.0149002075195313 0.123802185058594
0.0834808349609375 -0.0730819702148438 -0.033355712890625 0.0883102416992187
0.105682373046875 -0.0566787719726563 0.0316696166992188 0.0556564331054687
0.117774963378906 -0.0291366577148438 0.131851196289063 0.1270751953125
0.0914306640625 -0.0158767700195313 0.105621337890625 -0.081268310546875
0.087432861328125 -0.0270309448242188 0.190048217773438 -0.0460662841796875
0.091094970703125 -0.0530014038085938 0.186019897460938 -0.057403564453125
0.0597915649414063 -0.0742340087890625 0.154586791992188 -0.085479736328125
0.0215034484863281 -0.064239501953125 0.0963516235351563 -0.0691375732421875
-0.00488662719726562 -0.0618209838867188 0.0708084106445313 -0.040252685546875
-0.0121650695800781 -0.0510635375976563 0.0737075805664063 0.000999450683593747
-0.0105705261230469 -0.0449409484863281 0.0912322998046875 0.039276123046875
-0.0166015625 -0.049560546875 0.111190795898437 0.0865402221679687
-0.0156097412109375 -0.0495491027832031 0.0823822021484375 0.141098022460938
0.000682830810546868 -0.0613632202148437 0.0443572998046875 0.153076171875
0.01629638671875 -0.072052001953125 -0.00646209716796876 0.122184753417969
0.0636100769042969 -0.0540657043457031 -0.0239410400390625 0.0775070190429688
0.0774078369140625 -0.0424118041992188 0.05224609375 0.0368576049804688
0.0803146362304688 -0.0219192504882813 0.167800903320313 0.119033813476563
0.0314826965332031 -0.0169467926025391 0.112640380859375 -0.088165283203125
0.0402297973632813 -0.0228805541992188 0.18243408203125 -0.052398681640625
0.0426521301269531 -0.0413055419921875 0.169448852539063 -0.053863525390625
0.0222282409667969 -0.0421409606933594 0.143508911132813 -0.0682373046875
0.001739501953125 -0.0216884613037109 0.0907211303710938 -0.0541229248046875
0.00654029846191406 -0.0125818252563477 0.07171630859375 -0.0254135131835937
0.0189208984375 -0.0149860382080078 0.0761947631835938 0.0142288208007812
0.0228843688964844 -0.0159053802490234 0.0914077758789063 0.0486526489257813
0.0229759216308594 -0.0199413299560547 0.107734680175781 0.0958023071289063
0.0160465240478516 -0.0140113830566406 0.07916259765625 0.147048950195313
0.014007568359375 -0.0191516876220703 0.0385894775390625 0.152114868164063
0.0154075622558594 -0.0306510925292969 -0.00904083251953125 0.118934631347656
0.0423774719238281 -0.022216796875 -0.024261474609375 0.0700187683105469
0.0384483337402344 -0.0135612487792969 0.058990478515625 0.0287361145019531
0.029815673828125 -0.00662040710449219 0.186187744140625 0.11376953125
-0.0293674468994141 -0.0144252777099609 0.09466552734375 -0.10107421875
-0.0120677947998047 -0.0186920166015625 0.155654907226563 -0.063629150390625
-0.0141525268554687 -0.0259361267089844 0.144195556640625 -0.054412841796875
-0.0222835540771484 -0.00469970703125 0.12823486328125 -0.0626907348632813
-0.0167999267578125 0.0265407562255859 0.0804367065429688 -0.0525283813476563
0.0189628601074219 0.0401687622070313 0.0649490356445313 -0.0261688232421875
0.0503273010253906 0.022369384765625 0.0651435852050781 0.0136222839355469
0.0516395568847656 0.0161895751953125 0.076873779296875 0.0507736206054688
0.0557708740234375 0.0124893188476563 0.0893630981445313 0.101203918457031
0.0412559509277344 0.0211143493652344 0.0599212646484375 0.148727416992188
0.0219078063964844 0.0212173461914063 0.0202789306640625 0.149734497070313
0.0117769241333008 0.00858306884765625 -0.0216140747070312 0.118064880371094
0.014129638671875 0.0113601684570313 -0.03680419921875 0.0697059631347656
-0.00894927978515625 0.0161714553833008 0.0476760864257813 0.0335464477539063
-0.0281105041503906 0.0101490020751953 0.180816650390625 0.1138916015625
0.13006591796875 -0.0131149291992188 -0.149627685546875 -0.107330322265625
0.0492820739746094 -0.0587196350097656 -0.0213661193847656 -0.0602493286132813
0.01824951171875 -0.0553970336914063 0.0623855590820313 -0.0811767578125
-0.00522232055664063 -0.0614471435546875 0.056060791015625 -0.135688781738281
-0.0293159484863281 -0.0560836791992187 0.019439697265625 -0.150115966796875
-0.0737152099609375 -0.0493545532226563 -0.040679931640625 -0.149566650390625
-0.0958099365234375 -0.030303955078125 -0.0743331909179688 -0.106559753417969
-0.0880126953125 -0.0343856811523438 -0.0577735900878906 -0.0529403686523437
-0.0941162109375 -0.0527191162109375 -0.0462989807128906 -0.000347137451171883
-0.0556411743164063 -0.0839462280273437 -0.0602455139160156 0.0428123474121094
0.00397491455078126 -0.0887680053710937 -0.0738754272460938 0.07720947265625
0.0464630126953125 -0.0594444274902344 -0.104324340820312 0.0710830688476563
0.0719223022460938 -0.0040283203125 -0.143844604492188 0.064453125
0.0788497924804688 0.00815582275390625 -0.141448974609375 0.0816650390625
0.104766845703125 0.0226974487304688 -0.0805740356445313 0.114509582519531
0.171783447265625 -0.0178375244140625 -0.0937576293945312 -0.110198974609375
0.0922622680664063 -0.06756591796875 0.03021240234375 -0.0702972412109375
0.0575714111328125 -0.0738601684570312 0.0990982055664063 -0.0912628173828125
0.0215835571289062 -0.0861434936523438 0.0869903564453125 -0.144271850585938
-0.0147781372070312 -0.0819320678710938 0.047210693359375 -0.150619506835938
-0.0717544555664063 -0.08038330078125 -0.00846862792968751 -0.146804809570313
-0.104461669921875 -0.0585708618164063 -0.03594970703125 -0.100593566894531
-0.0979385375976563 -0.0601272583007812 -0.0192718505859375 -0.0429878234863281
-0.109626770019531 -0.0789566040039062 -0.00539970397949219 0.0152301788330078
-0.0706939697265625 -0.113433837890625 -0.0268402099609375 0.0689201354980469
0.00203704833984376 -0.127204895019531 -0.0447006225585937 0.105232238769531
0.0589065551757813 -0.10101318359375 -0.0795822143554687 0.0924911499023437
0.109634399414063 -0.03021240234375 -0.108299255371094 0.0835800170898437
0.122596740722656 -0.0109939575195313 -0.0889205932617187 0.0926666259765625
0.1441650390625 0.0086822509765625 -0.0234146118164063 0.131034851074219
0.192825317382813 -0.019287109375 -0.0288162231445312 -0.108879089355469
0.125892639160156 -0.0626602172851563 0.091827392578125 -0.073272705078125
0.0971603393554688 -0.0806350708007812 0.142578125 -0.0955352783203125
0.0524139404296875 -0.102943420410156 0.123565673828125 -0.14764404296875
0.00621795654296876 -0.100677490234375 0.0749053955078125 -0.145477294921875
-0.0574111938476563 -0.103874206542969 0.024688720703125 -0.134025573730469
-0.0950927734375 -0.0805816650390625 0.00449371337890625 -0.085174560546875
-0.0926132202148437 -0.07684326171875 0.0220050811767578 -0.0272693634033203
-0.1083984375 -0.0925064086914063 0.0414047241210937 0.0342826843261719
-0.0770645141601562 -0.123489379882813 0.0153350830078125 0.09564208984375
-0.00604248046875 -0.142608642578125 -0.0093841552734375 0.131362915039063
0.0522079467773437 -0.125816345214844 -0.0506973266601563 0.113456726074219
0.121490478515625 -0.05908203125 -0.0738677978515625 0.097412109375
0.1416015625 -0.035308837890625 -0.0362777709960938 0.090667724609375
0.160537719726563 -0.0090789794921875 0.0402603149414063 0.138259887695313
0.18450927734375 -0.0126953125 0.0374832153320313 -0.102523803710938
0.139656066894531 -0.046661376953125 0.151260375976563 -0.067230224609375
0.125099182128906 -0.0756988525390625 0.180252075195313 -0.0901336669921875
0.0785064697265625 -0.108184814453125 0.154022216796875 -0.138900756835938
0.0259933471679688 -0.106765747070313 0.09539794921875 -0.129241943359375
-0.0367584228515625 -0.112716674804688 0.0519866943359375 -0.111213684082031
-0.0720672607421875 -0.09100341796875 0.040740966796875 -0.0612945556640625
-0.0718002319335938 -0.0822525024414062 0.0610618591308594 -0.00672149658203126
-0.0877532958984375 -0.0932769775390625 0.0834503173828125 0.0511550903320313
-0.0680084228515625 -0.113845825195313 0.055908203125 0.117286682128906
-0.0109024047851562 -0.133934020996094 0.02471923828125 0.148361206054688
0.0367507934570313 -0.128250122070313 -0.02325439453125 0.126625061035156
0.112503051757813 -0.077423095703125 -0.0452804565429687 0.100723266601563
0.137557983398438 -0.053741455078125 0.00830078125000002 0.076507568359375
0.154052734375 -0.020782470703125 0.102874755859375 0.136184692382813
0.14996337890625 -0.0080718994140625 0.0914535522460938 -0.095123291015625
0.127281188964844 -0.0297393798828125 0.19427490234375 -0.0603485107421875
0.126785278320313 -0.0630874633789063 0.203598022460937 -0.0800628662109375
0.0863800048828125 -0.0972518920898438 0.16949462890625 -0.123275756835938
0.0353469848632813 -0.0953140258789063 0.105377197265625 -0.106201171875
-0.0157470703125 -0.101051330566406 0.0699310302734375 -0.08001708984375
-0.0410614013671875 -0.0828933715820313 0.0675315856933594 -0.0325546264648438
-0.0407028198242187 -0.0737838745117188 0.0875778198242188 0.0142593383789062
-0.0533523559570313 -0.0805206298828125 0.114364624023437 0.06744384765625
-0.0444107055664062 -0.0882720947265625 0.0882949829101563 0.132049560546875
-0.00650024414062499 -0.10504150390625 0.0508270263671875 0.154739379882813
0.0248336791992188 -0.10943603515625 -0.00214385986328126 0.130775451660156
0.092620849609375 -0.075531005859375 -0.0243911743164063 0.094390869140625
0.115150451660156 -0.0545272827148437 0.0430641174316406 0.0551795959472656
0.127487182617187 -0.0234527587890625 0.15814208984375 0.128448486328125
0.0932235717773438 -0.00675201416015625 0.122993469238281 -0.0907135009765625
0.0906219482421875 -0.01837158203125 0.212432861328125 -0.0575714111328125
0.0980148315429688 -0.0472946166992188 0.203994750976563 -0.0714569091796875
0.068511962890625 -0.0720748901367188 0.168487548828125 -0.102645874023438
0.0296592712402344 -0.0644874572753906 0.10357666015625 -0.0813064575195313
0.00322723388671875 -0.0663032531738281 0.0779037475585938 -0.0509490966796875
-0.00561904907226562 -0.0600357055664063 0.0826873779296875 -0.00701904296875
-0.00345230102539062 -0.0532150268554688 0.102073669433594 0.032623291015625
-0.00902557373046875 -0.0587806701660156 0.127571105957031 0.0811843872070313
-0.0081024169921875 -0.0559158325195313 0.102249145507813 0.141510009765625
0.00945663452148437 -0.0634422302246094 0.06121826171875 0.157272338867188
0.0235977172851562 -0.0706253051757813 0.00483703613281249 0.129364013671875
0.0705032348632813 -0.0494155883789063 -0.0156784057617187 0.0836715698242187
0.0800094604492188 -0.0339889526367188 0.0642623901367188 0.0372772216796875
0.0822372436523438 -0.0125045776367188 0.194747924804688 0.122100830078125
0.0238857269287109 -0.00708770751953125 0.127731323242188 -0.0937118530273438
0.0360565185546875 -0.0118637084960938 0.202804565429688 -0.05987548828125
0.0442123413085938 -0.0309982299804688 0.186508178710938 -0.0655364990234375
0.0286598205566406 -0.0353431701660156 0.154434204101563 -0.084808349609375
0.0136384963989258 -0.0164985656738281 0.0948410034179687 -0.0648651123046875
0.0195960998535156 -0.0148143768310547 0.0752639770507813 -0.0333633422851563
0.0314693450927734 -0.0241298675537109 0.0833892822265625 0.0116119384765625
0.0352058410644531 -0.0243644714355469 0.100395202636719 0.0459442138671875
0.0360260009765625 -0.0300064086914063 0.122047424316406 0.0937576293945313
0.0305252075195313 -0.0201244354248047 0.094818115234375 0.148544311523438
0.0284538269042969 -0.0181045532226563 0.0516510009765625 0.156707763671875
0.0254573822021484 -0.0247802734375 -0.000389099121093759 0.126136779785156
0.0446510314941406 -0.0114517211914063 -0.018096923828125 0.0772171020507813
0.0362739562988281 -2.288818359375E-05 0.0689659118652344 0.031158447265625
0.0243549346923828 0.00588607788085938 0.211807250976563 0.119476318359375
-0.0434532165527344 -0.00462722778320313 0.105377197265625 -0.103019714355469
-0.0219020843505859 -0.00739479064941407 0.172286987304688 -0.0683441162109375
-0.0207195281982422 -0.0124130249023438 0.157394409179688 -0.0657196044921875
-0.0199832916259766 0.00817680358886719 0.136161804199219 -0.0761642456054688
-0.00720977783203125 0.0373916625976563 0.0806198120117188 -0.0624618530273438
0.03546142578125 0.0425910949707031 0.0634422302246094 -0.0298690795898437
0.0663566589355469 0.0161514282226563 0.0679588317871094 0.0151939392089844
0.0674514770507813 0.00881195068359375 0.0817413330078125 0.053131103515625
0.072998046875 0.0040435791015625 0.0974960327148438 0.10418701171875
0.059295654296875 0.0173377990722656 0.0708465576171875 0.153762817382813
0.0381736755371094 0.0258750915527344 0.0291290283203125 0.15625
0.0223922729492188 0.0184459686279297 -0.0167617797851562 0.125846862792969
0.0158615112304688 0.0258293151855469 -0.0338287353515625 0.0789642333984375
-0.0147800445556641 0.0338993072509766 0.0557403564453125 0.0401763916015625
-0.0387229919433594 0.0240440368652344 0.202987670898438 0.123199462890625
0.149322509765625 -0.037445068359375 -0.1712646484375 -0.11737060546875
0.0492630004882813 -0.0809173583984375 -0.0315780639648437 -0.0720367431640625
0.0101394653320313 -0.0737075805664063 0.0580520629882813 -0.0945816040039062
-0.0218887329101563 -0.0723724365234375 0.0493927001953125 -0.148971557617187
-0.0481643676757812 -0.0587730407714844 0.01324462890625 -0.161895751953125
-0.09625244140625 -0.0397720336914063 -0.0503692626953125 -0.159011840820313
-0.114601135253906 -0.0157318115234375 -0.0822906494140625 -0.112640380859375
-0.105934143066406 -0.0224456787109375 -0.0604934692382813 -0.0592994689941406
-0.116325378417969 -0.04095458984375 -0.0439262390136719 -0.00498199462890625
-0.079437255859375 -0.0825881958007812 -0.0544624328613281 0.0462646484375
-0.01397705078125 -0.102127075195313 -0.0660476684570312 0.0870132446289063
0.0392074584960937 -0.0798110961914063 -0.104331970214844 0.0844268798828125
0.082183837890625 -0.0258941650390625 -0.15118408203125 0.0804595947265625
0.097442626953125 -0.011444091796875 -0.151321411132812 0.0940093994140625
0.129302978515625 0.0060882568359375 -0.0825424194335938 0.1199951171875
0.1925048828125 -0.0403594970703125 -0.107261657714844 -0.12677001953125
0.0948257446289063 -0.0893173217773438 0.0267181396484375 -0.0888900756835937
0.052001953125 -0.0910263061523437 0.0986785888671875 -0.109542846679687
0.00745391845703125 -0.0972747802734375 0.08526611328125 -0.16290283203125
-0.0305938720703125 -0.0857696533203125 0.0451507568359375 -0.167282104492188
-0.0926895141601563 -0.0736770629882813 -0.013214111328125 -0.16204833984375
-0.121749877929688 -0.0477218627929687 -0.0385360717773438 -0.113410949707031
-0.115486145019531 -0.0515518188476562 -0.0178298950195313 -0.0546150207519531
-0.132041931152344 -0.0708770751953125 0.0028853416442871 0.00557947158813476
-0.0947036743164063 -0.1156005859375 -0.0134811401367188 0.0683174133300781
-0.01513671875 -0.143539428710938 -0.0300750732421875 0.111122131347656
0.0534210205078125 -0.124153137207031 -0.0722808837890625 0.103302001953125
0.123710632324219 -0.0532073974609375 -0.107635498046875 0.0970001220703125
0.14410400390625 -0.0303802490234375 -0.0910720825195313 0.0998764038085938
0.170700073242188 -0.0059661865234375 -0.0146713256835937 0.130752563476563
0.213348388671875 -0.034393310546875 -0.0321731567382812 -0.131111145019531
0.1318359375 -0.0791168212890625 0.0955810546875 -0.0973358154296875
0.0967483520507813 -0.0961837768554688 0.147140502929688 -0.118362426757813
0.0444488525390625 -0.11492919921875 0.12579345703125 -0.17138671875
-0.00492095947265626 -0.106460571289062 0.075225830078125 -0.166152954101563
-0.0731735229492188 -0.102828979492187 0.0237274169921875 -0.154220581054688
-0.110176086425781 -0.0761566162109375 0.00536346435546875 -0.103263854980469
-0.106712341308594 -0.0732498168945312 0.0280952453613281 -0.0432319641113281
-0.126754760742188 -0.0893325805664062 0.0549507141113281 0.01983642578125
-0.0972213745117187 -0.127670288085938 0.035369873046875 0.0917510986328125
-0.020843505859375 -0.159408569335938 0.0114669799804687 0.134391784667969
0.047515869140625 -0.147933959960938 -0.0374221801757813 0.121559143066406
0.13555908203125 -0.0799942016601563 -0.0662307739257812 0.108085632324219
0.162338256835938 -0.052642822265625 -0.0304031372070312 0.0928955078125
0.185821533203125 -0.01995849609375 0.0598983764648438 0.133918762207031
0.2030029296875 -0.019927978515625 0.0431060791015625 -0.126724243164063
0.149749755859375 -0.05584716796875 0.161941528320313 -0.0944976806640625
0.130706787109375 -0.0868606567382813 0.191436767578125 -0.115219116210937
0.0780181884765625 -0.119598388671875 0.159896850585938 -0.166305541992187
0.0220718383789062 -0.114768981933594 0.098541259765625 -0.152542114257813
-0.0460052490234375 -0.117156982421875 0.0539398193359375 -0.132743835449219
-0.0821304321289062 -0.0927276611328125 0.045379638671875 -0.0804595947265625
-0.0810089111328125 -0.08447265625 0.0699882507324219 -0.0245513916015625
-0.101142883300781 -0.0956649780273438 0.101509094238281 0.0353775024414063
-0.0807876586914063 -0.119384765625 0.0809326171875 0.110542297363281
-0.019378662109375 -0.147903442382813 0.0497894287109375 0.148941040039063
0.0357818603515625 -0.145111083984375 -0.00582122802734375 0.13250732421875
0.124893188476562 -0.0925216674804688 -0.0332717895507813 0.107902526855469
0.15447998046875 -0.0650482177734375 0.0196914672851563 0.0737457275390625
0.174957275390625 -0.0258941650390625 0.130943298339844 0.128852844238281
0.1614990234375 -0.0065155029296875 0.104423522949219 -0.117919921875
0.136703491210938 -0.0301361083984375 0.212081909179687 -0.087127685546875
0.135627746582031 -0.0669403076171875 0.217788696289062 -0.10565185546875
0.0923309326171875 -0.105697631835938 0.17755126953125 -0.151229858398438
0.0384521484375 -0.102630615234375 0.109199523925781 -0.127372741699219
-0.0170745849609375 -0.108772277832031 0.074310302734375 -0.1009521484375
-0.0444717407226562 -0.0915298461914063 0.0757522583007813 -0.0502395629882813
-0.0435104370117187 -0.0816116333007813 0.100105285644531 -0.00218963623046876
-0.0578079223632812 -0.0889968872070313 0.134086608886719 0.0511550903320312
-0.0470504760742188 -0.0963668823242187 0.114410400390625 0.123291015625
-0.00589752197265625 -0.114944458007813 0.07659912109375 0.153762817382813
0.0286788940429687 -0.118476867675781 0.016754150390625 0.134613037109375
0.103225708007813 -0.081573486328125 -0.0103607177734375 0.0993576049804688
0.126228332519531 -0.0572052001953125 0.0576934814453125 0.0494651794433594
0.140098571777344 -0.0221176147460938 0.192230224609375 0.11932373046875
0.0968475341796875 0.00152587890625 0.1390380859375 -0.109840393066406
0.0970535278320313 -0.0101470947265625 0.233474731445313 -0.081298828125
0.106742858886719 -0.0437393188476563 0.220535278320313 -0.0965423583984375
0.0781631469726563 -0.0746078491210938 0.178024291992188 -0.129043579101563
0.0390129089355469 -0.0681953430175781 0.106788635253906 -0.1005859375
0.0104751586914063 -0.07586669921875 0.0812301635742188 -0.0673599243164063
-0.000778198242187499 -0.0723190307617187 0.0910720825195313 -0.0200271606445313
0.00143814086914062 -0.0654296875 0.114356994628906 0.0204696655273437
-0.004638671875 -0.07159423828125 0.147109985351562 0.0678863525390625
-0.00126647949218749 -0.0655784606933594 0.127357482910156 0.134292602539063
0.0193405151367188 -0.0699424743652344 0.0841522216796875 0.155380249023437
0.0333251953125 -0.0730361938476563 0.0228118896484375 0.132286071777344
0.0794906616210938 -0.0461654663085938 -0.00199127197265625 0.0879898071289063
0.0864028930664063 -0.0267715454101563 0.0797958374023438 0.0309524536132812
0.0865402221679688 -0.0032196044921875 0.231674194335938 0.113967895507813
0.0189914703369141 0.00702667236328125 0.1439208984375 -0.107208251953125
0.0363845825195313 0.001007080078125 0.225265502929688 -0.0796661376953125
0.0483016967773438 -0.0192680358886719 0.201736450195313 -0.087646484375
0.0382804870605469 -0.0288276672363281 0.1624755859375 -0.10784912109375
0.0265293121337891 -0.014739990234375 0.0952606201171875 -0.0798416137695313
0.0350379943847656 -0.0217933654785156 0.076904296875 -0.0428314208984375
0.0438957214355469 -0.0379104614257813 0.0902481079101562 0.00371551513671875
0.0464744567871094 -0.0392303466796875 0.1104736328125 0.0394363403320312
0.0480422973632812 -0.045745849609375 0.137847900390625 0.0864944458007813
0.045623779296875 -0.0306129455566406 0.116241455078125 0.143936157226563
0.0450325012207031 -0.020843505859375 0.0711669921875 0.156936645507813
0.040069580078125 -0.0211448669433594 0.0155868530273438 0.131324768066406
0.0541191101074219 0.000492095947265625 -0.0068359375 0.0831527709960938
0.0376091003417969 0.0172653198242188 0.0837783813476563 0.0290069580078125
0.0218448638916016 0.0222148895263672 0.247543334960937 0.115875244140625
-0.0576210021972656 0.0119514465332031 0.116714477539063 -0.110755920410156
-0.0300979614257813 0.0092315673828125 0.190032958984375 -0.0827789306640625
-0.0224475860595703 0.00567245483398438 0.169769287109375 -0.0850830078125
-0.0120086669921875 0.0235118865966797 0.139488220214844 -0.0967788696289063
0.00793838500976563 0.0455284118652344 0.0775909423828125 -0.0733184814453125
0.0565071105957031 0.0384674072265625 0.0603790283203125 -0.0346260070800781
0.0836944580078125 0.00197601318359375 0.0712661743164063 0.0147933959960938
0.0841751098632813 -0.006011962890625 0.0895614624023437 0.0530014038085938
0.0911331176757813 -0.0137786865234375 0.1097412109375 0.103492736816406
0.0792999267578125 0.00579071044921875 0.086761474609375 0.153839111328125
0.0599212646484375 0.0254440307617187 0.043182373046875 0.16070556640625
0.039520263671875 0.0261306762695313 -0.0052490234375 0.134979248046875
0.0239067077636719 0.0429000854492188 -0.0259933471679688 0.0891494750976563
-0.0152511596679688 0.0572738647460937 0.0674362182617188 0.0445899963378906
-0.0482406616210938 0.0457229614257813 0.233078002929687 0.124755859375
0.160873413085938 -0.0720062255859375 -0.197128295898437 -0.11993408203125
0.0397872924804687 -0.105911254882812 -0.0477676391601562 -0.0816421508789063
-0.0073699951171875 -0.0909652709960938 0.047882080078125 -0.106422424316406
-0.0462188720703125 -0.0775985717773438 0.037506103515625 -0.159835815429688
-0.0703811645507813 -0.053741455078125 0.00210571289062498 -0.170669555664063
-0.115859985351563 -0.0196762084960937 -0.0634613037109375 -0.164627075195313
-0.128059387207031 0.00824737548828124 -0.0928268432617188 -0.115760803222656
-0.119636535644531 -0.00216674804687501 -0.0662384033203125 -0.0636405944824219
-0.135940551757813 -0.0184783935546875 -0.0432395935058594 -0.0105056762695313
-0.105300903320313 -0.0716552734375 -0.0456695556640625 0.0474777221679688
-0.0396347045898438 -0.108512878417969 -0.0538330078125 0.0933761596679688
0.0224151611328125 -0.0993118286132813 -0.0990066528320312 0.0979156494140625
0.0854263305664063 -0.054168701171875 -0.15191650390625 0.101089477539063
0.110694885253906 -0.040679931640625 -0.157089233398438 0.110702514648438
0.149795532226563 -0.0216064453125 -0.0822296142578125 0.125450134277344
0.206924438476563 -0.071868896484375 -0.127349853515625 -0.1416015625
0.089111328125 -0.113235473632813 0.0141448974609375 -0.108726501464844
0.0379562377929687 -0.108009338378906 0.091461181640625 -0.129180908203125
-0.0138473510742187 -0.104728698730469 0.073822021484375 -0.18182373046875
-0.0508193969726563 -0.082000732421875 0.0360565185546875 -0.183547973632813
-0.111930847167969 -0.05780029296875 -0.0240936279296875 -0.175949096679688
-0.136604309082031 -0.0285873413085937 -0.0456924438476562 -0.125862121582031
-0.131355285644531 -0.0349349975585937 -0.0209083557128906 -0.0680999755859375
-0.152069091796875 -0.0522613525390625 0.00818824768066405 -0.0091695785522461
-0.12139892578125 -0.107284545898438 0.000698089599609372 0.0618362426757813
-0.0414886474609375 -0.154266357421875 -0.0104904174804687 0.111381530761719
0.037017822265625 -0.147079467773438 -0.0596771240234375 0.110145568847656
0.128959655761719 -0.0838470458984375 -0.100669860839844 0.111152648925781
0.1595458984375 -0.0605010986328125 -0.0885009765625 0.107368469238281
0.19476318359375 -0.031890869140625 -0.00419616699218748 0.12701416015625
0.229827880859375 -0.0592041015625 -0.0452728271484375 -0.154052734375
0.131843566894531 -0.0988082885742188 0.088165283203125 -0.12652587890625
0.088653564453125 -0.111679077148438 0.14324951171875 -0.144668579101563
0.0288467407226563 -0.12542724609375 0.11810302734375 -0.197402954101563
-0.0194320678710938 -0.108222961425781 0.067535400390625 -0.188613891601563
-0.09039306640625 -0.0929336547851563 0.014984130859375 -0.174087524414062
-0.124114990234375 -0.0634231567382813 0.00102996826171873 -0.122138977050781
-0.121315002441406 -0.0654525756835938 0.0288581848144531 -0.0633659362792969
-0.145980834960938 -0.0779876708984375 0.0639495849609375 -0.001708984375
-0.120491027832031 -0.122482299804687 0.0557327270507812 0.0779495239257812
-0.042266845703125 -0.171585083007813 0.0349807739257813 0.128753662109375
0.0337982177734375 -0.169464111328125 -0.0190353393554687 0.123985290527344
0.142562866210938 -0.108413696289062 -0.0537185668945313 0.116065979003906
0.178939819335938 -0.0790252685546875 -0.0229721069335937 0.0921859741210938
0.20916748046875 -0.0416412353515625 0.079681396484375 0.121109008789062
0.218963623046875 -0.0351715087890625 0.038848876953125 -0.155593872070312
0.15484619140625 -0.0683135986328125 0.162887573242188 -0.129425048828125
0.131698608398438 -0.1002197265625 0.1915283203125 -0.1456298828125
0.0714263916015625 -0.131607055664063 0.15435791015625 -0.197433471679688
0.0150146484375 -0.120552062988281 0.0920562744140625 -0.177825927734375
-0.0586395263671875 -0.11529541015625 0.0478057861328125 -0.156539916992187
-0.0928192138671875 -0.0916595458984375 0.0442962646484375 -0.103904724121094
-0.0913314819335937 -0.0832290649414063 0.0737380981445313 -0.0462799072265625
-0.114669799804688 -0.09375 0.112953186035156 0.0107421875
-0.0969619750976563 -0.120536804199219 0.10406494140625 0.0918426513671875
-0.032958984375 -0.158187866210938 0.0771636962890625 0.137901306152344
0.0279541015625 -0.162078857421875 0.0145721435546875 0.130348205566406
0.1314697265625 -0.112449645996094 -0.0171051025390625 0.11016845703125
0.166763305664063 -0.0829315185546875 0.0327911376953125 0.065887451171875
0.194442749023438 -0.03863525390625 0.157699584960938 0.109542846679687
0.175872802734375 -0.0094146728515625 0.108795166015625 -0.148696899414063
0.146942138671875 -0.0339813232421875 0.219863891601563 -0.12396240234375
0.143585205078125 -0.074859619140625 0.221847534179688 -0.137939453125
0.0957717895507813 -0.11639404296875 0.175186157226563 -0.183944702148438
0.0391006469726563 -0.111625671386719 0.104751586914062 -0.152130126953125
-0.021453857421875 -0.116493225097656 0.0709609985351562 -0.123428344726563
-0.0506744384765625 -0.0987319946289062 0.0778274536132813 -0.0730514526367188
-0.0485305786132812 -0.0887222290039063 0.106193542480469 -0.0244216918945313
-0.0644073486328125 -0.096435546875 0.147857666015625 0.025146484375
-0.053680419921875 -0.103965759277344 0.138832092285156 0.102493286132813
-0.00894927978515624 -0.126487731933594 0.103302001953125 0.14093017578125
0.0282974243164062 -0.130378723144531 0.03924560546875 0.129325866699219
0.111312866210938 -0.0919570922851563 0.00807952880859377 0.0976333618164063
0.13690185546875 -0.064056396484375 0.0732803344726563 0.0376434326171875
0.154571533203125 -0.02484130859375 0.224365234375 0.0956573486328125
0.104476928710937 0.010345458984375 0.151123046875 -0.138839721679688
0.105560302734375 -0.00308990478515625 0.246597290039063 -0.116226196289063
0.117118835449219 -0.0430831909179688 0.226593017578125 -0.12908935546875
0.0884475708007813 -0.0796432495117188 0.177276611328125 -0.1597900390625
0.0476837158203125 -0.0757369995117188 0.101394653320313 -0.122184753417969
0.0153961181640625 -0.0886154174804688 0.0794219970703125 -0.0851211547851563
-0.000457763671875002 -0.0877914428710938 0.0950698852539063 -0.0390472412109375
0.00261688232421874 -0.081512451171875 0.122573852539063 0.0014190673828125
-0.00551605224609375 -0.0879669189453125 0.161239624023438 0.043914794921875
0.00186920166015625 -0.0796356201171875 0.14984130859375 0.113677978515625
0.0272979736328125 -0.0802001953125 0.108139038085938 0.141769409179688
0.0426559448242188 -0.0793838500976563 0.0452423095703125 0.126853942871094
0.0900726318359375 -0.0443038940429688 0.01519775390625 0.0865249633789063
0.0960617065429688 -0.01995849609375 0.0947647094726563 0.0187454223632813
0.09564208984375 0.00634765625 0.267868041992188 0.0913848876953125
0.0186138153076172 0.0243358612060547 0.155426025390625 -0.128982543945313
0.0411033630371094 0.0158233642578125 0.240081787109375 -0.108261108398438
0.0581207275390625 -0.007354736328125 0.208892822265625 -0.116714477539063
0.0524177551269531 -0.0261764526367187 0.16070556640625 -0.1353759765625
0.0421676635742188 -0.0178680419921875 0.0891799926757813 -0.0959091186523438
0.0487937927246094 -0.0357437133789063 0.0752639770507813 -0.053436279296875
0.0507316589355469 -0.0588531494140625 0.09521484375 -0.00762939453125
0.0548553466796875 -0.0602684020996094 0.118362426757813 0.027740478515625
0.0557098388671875 -0.0681724548339844 0.15081787109375 0.0708465576171875
0.0570030212402344 -0.0489921569824219 0.136634826660156 0.12982177734375
0.0628700256347656 -0.0309677124023438 0.0921173095703125 0.148880004882813
0.0570220947265625 -0.0226821899414063 0.0339431762695313 0.129188537597656
0.0685539245605469 0.0106468200683594 0.0084381103515625 0.0845947265625
0.04736328125 0.0348396301269531 0.0986709594726563 0.0207672119140625
0.0240211486816406 0.0418434143066406 0.28277587890625 0.09716796875
-0.0668754577636719 0.0368461608886719 0.125930786132813 -0.124038696289063
-0.0330314636230469 0.0310497283935547 0.202926635742188 -0.104568481445313
-0.017822265625 0.0262584686279297 0.173583984375 -0.109237670898438
0.00401687622070313 0.0370254516601563 0.135185241699219 -0.120193481445313
0.0295829772949219 0.0495719909667969 0.0691070556640625 -0.0840911865234375
0.0789871215820312 0.0260772705078125 0.0558586120605469 -0.0393257141113281
0.098052978515625 -0.0197906494140625 0.0751876831054688 0.0135269165039062
0.095550537109375 -0.0295867919921875 0.0970993041992188 0.0501327514648438
0.103981018066406 -0.0401611328125 0.121726989746094 0.0982437133789063
0.0957412719726563 -0.0154342651367188 0.1036376953125 0.1483154296875
0.0829696655273438 0.0159530639648438 0.0598602294921875 0.159332275390625
0.0615997314453125 0.0274810791015625 0.010650634765625 0.138763427734375
0.0391120910644531 0.0602188110351563 -0.0116653442382813 0.096221923828125
-0.00605010986328126 0.0847320556640625 0.0826034545898437 0.0444793701171875
-0.050628662109375 0.0727920532226563 0.265945434570313 0.114517211914063
0.158432006835938 -0.109756469726563 -0.22259521484375 -0.11724853515625
0.020477294921875 -0.128654479980469 -0.0662765502929688 -0.0837249755859375
-0.0310516357421875 -0.100028991699219 0.0342178344726562 -0.112533569335938
-0.073760986328125 -0.0745010375976562 0.0218048095703125 -0.1649169921875
-0.0885162353515625 -0.039886474609375 -0.0098419189453125 -0.172470092773438
-0.1282958984375 0.00720977783203124 -0.076263427734375 -0.1641845703125
-0.133094787597656 0.0360488891601562 -0.100967407226563 -0.116241455078125
-0.127204895019531 0.0238723754882812 -0.0718154907226563 -0.066314697265625
-0.1455078125 0.0103302001953125 -0.0444831848144531 -0.0174484252929687
-0.125526428222656 -0.0510025024414063 -0.0388069152832031 0.0441665649414063
-0.0679550170898437 -0.105491638183594 -0.0401840209960938 0.0929183959960938
-0.001922607421875 -0.1109619140625 -0.0893173217773437 0.106170654296875
0.07763671875 -0.0812530517578125 -0.143310546875 0.117523193359375
0.111396789550781 -0.0739593505859375 -0.15716552734375 0.12841796875
0.16094970703125 -0.0575714111328125 -0.081298828125 0.129234313964844
0.210479736328125 -0.108200073242187 -0.15283203125 -0.149185180664063
0.0740966796875 -0.13397216796875 -0.00627136230468751 -0.123435974121094
0.0177536010742187 -0.120269775390625 0.0778656005859375 -0.143173217773438
-0.037841796875 -0.104598999023438 0.060546875 -0.1951904296875
-0.0684967041015625 -0.0704116821289063 0.021026611328125 -0.19427490234375
-0.125389099121094 -0.0355453491210938 -0.0380706787109375 -0.184478759765625
-0.142288208007813 -0.00335693359374997 -0.0561294555664063 -0.136398315429687
-0.140174865722656 -0.0129928588867188 -0.0265274047851563 -0.0813217163085938
-0.164291381835938 -0.027191162109375 0.00800323486328124 -0.0256767272949219
-0.14349365234375 -0.0898895263671875 0.0112762451171875 0.0489044189453125
-0.0687255859375 -0.1531982421875 0.00531005859374999 0.103363037109375
0.0137176513671875 -0.163894653320313 -0.046539306640625 0.112876892089844
0.123664855957031 -0.115806579589844 -0.08917236328125 0.119110107421875
0.165740966796875 -0.0950775146484375 -0.0846328735351562 0.1123046875
0.208770751953125 -0.0672760009765625 0.00183868408203127 0.118812561035156
0.235824584960938 -0.0914459228515625 -0.06329345703125 -0.176681518554688
0.123878479003906 -0.118080139160156 0.0711212158203125 -0.15057373046875
0.0752029418945313 -0.123847961425781 0.128982543945313 -0.168838500976563
0.00975036621093751 -0.1292724609375 0.1014404296875 -0.217742919921875
-0.0326995849609375 -0.103096008300781 0.0527191162109375 -0.205230712890625
-0.104057312011719 -0.0786514282226563 0.00120544433593751 -0.190505981445313
-0.131118774414063 -0.0497817993164063 -0.00830078125000001 -0.141250610351563
-0.130081176757813 -0.0501480102539062 0.0233993530273437 -0.0833206176757813
-0.158676147460938 -0.0607757568359375 0.06500244140625 -0.0265998840332031
-0.140701293945313 -0.11126708984375 0.0669059753417969 0.0579071044921875
-0.06707763671875 -0.174636840820313 0.0534591674804687 0.113121032714844
0.0135955810546875 -0.186279296875 -0.00276184082031251 0.118049621582031
0.138839721679688 -0.1385498046875 -0.0374069213867187 0.114837646484375
0.183441162109375 -0.110061645507813 -0.0150985717773437 0.0861740112304688
0.224151611328125 -0.0689849853515625 0.0931854248046875 0.0999984741210938
0.229202270507813 -0.04949951171875 0.028167724609375 -0.18267822265625
0.157119750976563 -0.08489990234375 0.152679443359375 -0.163009643554688
0.125785827636719 -0.113174438476563 0.180343627929688 -0.175994873046875
0.0628585815429687 -0.138946533203125 0.142059326171875 -0.224822998046875
0.00627899169921874 -0.123336791992188 0.07769775390625 -0.198989868164063
-0.0669403076171875 -0.110763549804688 0.0364532470703125 -0.176834106445313
-0.102279663085938 -0.0862884521484375 0.03546142578125 -0.125938415527344
-0.099395751953125 -0.08087158203125 0.0684814453125 -0.0708847045898438
-0.124801635742188 -0.0860824584960938 0.115028381347656 -0.0191574096679688
-0.11248779296875 -0.117759704589844 0.119522094726563 0.0655364990234375
-0.0512847900390625 -0.164169311523438 0.0970916748046875 0.1138916015625
0.0159912109375 -0.175567626953125 0.0350799560546875 0.1175537109375
0.132537841796875 -0.136161804199219 0.00310516357421876 0.101463317871094
0.17486572265625 -0.104873657226562 0.0427627563476563 0.0508995056152344
0.209259033203125 -0.05877685546875 0.177398681640625 0.078155517578125
0.18865966796875 -0.013397216796875 0.105499267578125 -0.181640625
0.152969360351563 -0.039581298828125 0.214431762695313 -0.161590576171875
0.15045166015625 -0.0828857421875 0.213455200195313 -0.173370361328125
0.0958175659179688 -0.128097534179688 0.161056518554688 -0.215255737304688
0.03839111328125 -0.11981201171875 0.0911865234375 -0.172378540039063
-0.0268707275390625 -0.121414184570313 0.0606536865234375 -0.144073486328125
-0.056549072265625 -0.104995727539062 0.0712509155273438 -0.0964431762695313
-0.0556182861328125 -0.0967254638671875 0.103828430175781 -0.047393798828125
-0.0763702392578125 -0.101303100585938 0.151351928710937 -0.00544738769531251
-0.060089111328125 -0.107307434082031 0.153121948242188 0.07220458984375
-0.0144119262695312 -0.135200500488281 0.121810913085937 0.117912292480469
0.0269012451171875 -0.142333984375 0.0562896728515625 0.1148681640625
0.118171691894531 -0.103683471679688 0.0246047973632813 0.0854644775390625
0.148727416992188 -0.0731048583984375 0.0808029174804688 0.019195556640625
0.167327880859375 -0.029510498046875 0.247314453125 0.06011962890625
0.1163330078125 0.0181655883789063 0.151123046875 -0.169708251953125
0.116218566894531 0.00203704833984375 0.24920654296875 -0.15478515625
0.129951477050781 -0.0445404052734375 0.224929809570313 -0.163894653320313
0.0973663330078125 -0.0881423950195313 0.166030883789063 -0.189178466796875
0.056182861328125 -0.0865478515625 0.0903549194335938 -0.139915466308594
0.0177536010742188 -0.100250244140625 0.0711441040039063 -0.103248596191406
-0.0064239501953125 -0.104156494140625 0.0940093994140625 -0.0591354370117188
-0.00059509277343749 -0.0988388061523438 0.122596740722656 -0.019561767578125
-0.0102691650390625 -0.10516357421875 0.164840698242188 0.018157958984375
0.000770568847656242 -0.0935745239257812 0.16229248046875 0.086151123046875
0.0334091186523437 -0.0944137573242188 0.124313354492187 0.120628356933594
0.0530929565429688 -0.0883712768554688 0.0622940063476563 0.112350463867187
0.104766845703125 -0.0473480224609375 0.03271484375 0.0749282836914063
0.108917236328125 -0.0140533447265625 0.104522705078125 0.00304412841796875
0.109504699707031 0.0159912109375 0.292755126953125 0.054534912109375
0.0251007080078125 0.0440483093261719 0.160415649414063 -0.153427124023438
0.0502243041992188 0.0331573486328125 0.244857788085937 -0.13897705078125
0.0744705200195313 0.00229644775390625 0.206100463867188 -0.147262573242188
0.0707244873046875 -0.0289459228515625 0.149581909179688 -0.157958984375
0.0584716796875 -0.0270423889160156 0.0766143798828125 -0.106941223144531
0.0568695068359375 -0.05438232421875 0.0685691833496094 -0.0622444152832031
0.0503692626953125 -0.0852584838867187 0.0968780517578125 -0.0213546752929688
0.0532379150390625 -0.0851058959960938 0.121795654296875 0.012481689453125
0.0535202026367188 -0.0978240966796875 0.156402587890625 0.0534820556640625
0.0637054443359375 -0.0715866088867187 0.1484375 0.108306884765625
0.0785751342773438 -0.049407958984375 0.106025695800781 0.130958557128906
0.0757522583007813 -0.0311508178710937 0.0512237548828125 0.120048522949219
0.0900192260742188 0.0181808471679688 0.0247955322265625 0.0780029296875
0.0654830932617188 0.052001953125 0.112251281738281 0.00950622558593751
0.0347709655761719 0.0636940002441406 0.3094482421875 0.06671142578125
-0.0654792785644531 0.0645866394042969 0.132728576660156 -0.13916015625
-0.0251388549804687 0.05645751953125 0.208984375 -0.127944946289063
-0.00319671630859375 0.0481643676757813 0.170257568359375 -0.133102416992188
0.0260009765625 0.0446357727050781 0.122764587402344 -0.13909912109375
0.0500106811523438 0.0442619323730469 0.0572967529296875 -0.0898971557617188
0.0941848754882813 0.00510406494140625 0.0512237548828125 -0.0379905700683594
0.103866577148438 -0.04937744140625 0.0793380737304688 0.00951385498046875
0.09954833984375 -0.0576705932617188 0.1016845703125 0.04412841796875
0.104698181152344 -0.0716934204101562 0.133132934570313 0.0892562866210938
0.105644226074219 -0.0440216064453125 0.113021850585938 0.136283874511719
0.104278564453125 -0.0022735595703125 0.07415771484375 0.149734497070313
0.0845870971679687 0.0204391479492187 0.02850341796875 0.134307861328125
0.0624008178710938 0.0704803466796875 0.0030517578125 0.0979156494140625
0.0093231201171875 0.107269287109375 0.0988006591796875 0.0392303466796875
-0.0418853759765625 0.100021362304688 0.291748046875 0.0963134765625
0.147476196289063 -0.146377563476563 -0.249526977539063 -0.108993530273438
-0.00233459472656249 -0.144317626953125 -0.086669921875 -0.0823745727539063
-0.0576171875 -0.103744506835937 0.0220565795898438 -0.11383056640625
-0.0969009399414062 -0.0626296997070313 0.01129150390625 -0.165084838867187
-0.104118347167969 -0.0197067260742187 -0.0204620361328125 -0.175979614257813
-0.13116455078125 0.03765869140625 -0.0852203369140625 -0.16278076171875
-0.128662109375 0.0660247802734375 -0.108818054199219 -0.116783142089844
-0.126182556152344 0.0497283935546875 -0.0799179077148438 -0.0714340209960937
-0.147918701171875 0.040435791015625 -0.0486793518066406 -0.0243606567382812
-0.137184143066406 -0.0262451171875 -0.0325241088867188 0.0373878479003906
-0.0919952392578125 -0.0941848754882813 -0.030609130859375 0.087860107421875
-0.0269622802734375 -0.115646362304688 -0.078948974609375 0.111862182617188
0.06170654296875 -0.106399536132813 -0.137100219726562 0.130790710449219
0.103775024414063 -0.105560302734375 -0.157028198242188 0.140792846679687
0.161468505859375 -0.092803955078125 -0.0826416015625 0.132522583007813
0.203231811523438 -0.142623901367188 -0.177383422851563 -0.156753540039063
0.0541839599609375 -0.151046752929688 -0.0279769897460937 -0.131881713867187
-0.00417327880859375 -0.124008178710938 0.0626983642578125 -0.15240478515625
-0.059051513671875 -0.0961685180664063 0.0456085205078125 -0.2025146484375
-0.0814361572265625 -0.0564804077148438 0.00970458984375 -0.2030029296875
-0.128921508789063 -0.00923919677734374 -0.05059814453125 -0.1912841796875
-0.142120361328125 0.0194854736328125 -0.0680389404296875 -0.145278930664063
-0.1412353515625 0.00871276855468749 -0.0371246337890625 -0.0930557250976563
-0.169692993164062 -0.00181579589843749 0.00111389160156249 -0.0410270690917969
-0.156982421875 -0.0684967041015625 0.0171852111816406 0.0338001251220703
-0.095062255859375 -0.1470947265625 0.0162429809570312 0.0895462036132813
-0.0120697021484375 -0.170974731445313 -0.0355682373046875 0.108062744140625
0.111740112304688 -0.143386840820313 -0.0780715942382812 0.122383117675781
0.159378051757812 -0.130096435546875 -0.081939697265625 0.11419677734375
0.214797973632813 -0.102508544921875 0.00406646728515627 0.107864379882813
0.237106323242187 -0.11676025390625 -0.0892181396484375 -0.19354248046875
0.113059997558594 -0.133476257324219 0.0497589111328125 -0.17095947265625
0.0620880126953125 -0.131446838378906 0.114395141601563 -0.183456420898438
-0.00482940673828124 -0.126373291015625 0.0855865478515625 -0.233169555664063
-0.0439224243164062 -0.094879150390625 0.03912353515625 -0.219436645507813
-0.108238220214844 -0.0618438720703125 -0.0142669677734375 -0.203948974609375
-0.135223388671875 -0.0332870483398438 -0.023773193359375 -0.157135009765625
-0.135139465332031 -0.0355758666992187 0.0113677978515625 -0.101058959960937
-0.166976928710937 -0.043212890625 0.05731201171875 -0.0498237609863281
-0.154403686523438 -0.0960540771484375 0.0732040405273437 0.0342864990234375
-0.0892791748046875 -0.171783447265625 0.0655136108398438 0.0920639038085937
-0.00689697265625 -0.196121215820313 0.00905609130859374 0.105621337890625
0.130477905273437 -0.162765502929687 -0.0255584716796875 0.110015869140625
0.18438720703125 -0.139938354492188 -0.011322021484375 0.0777435302734375
0.234909057617188 -0.0985870361328125 0.09765625 0.0780181884765625
0.238174438476563 -0.07098388671875 0.00672912597656253 -0.212875366210938
0.154861450195313 -0.09368896484375 0.132293701171875 -0.190628051757813
0.124038696289063 -0.121139526367188 0.166336059570312 -0.19818115234375
0.0536651611328125 -0.144912719726563 0.123764038085937 -0.24578857421875
-0.00074768066406249 -0.12347412109375 0.0641326904296875 -0.214996337890625
-0.0752410888671875 -0.106681823730469 0.0201873779296875 -0.193206787109375
-0.107986450195313 -0.0806503295898437 0.0213623046875 -0.146286010742188
-0.107162475585938 -0.0744171142578125 0.0571975708007813 -0.0914382934570313
-0.135078430175781 -0.08038330078125 0.108078002929687 -0.0473403930664063
-0.123222351074219 -0.111312866210937 0.122474670410156 0.037200927734375
-0.0662841796875 -0.168289184570313 0.10662841796875 0.0905990600585937
0.00154113769531251 -0.188888549804688 0.044464111328125 0.100502014160156
0.128707885742188 -0.154006958007813 0.0134353637695313 0.0910720825195312
0.17864990234375 -0.126632690429688 0.0451507568359375 0.0349502563476562
0.222000122070313 -0.075836181640625 0.18634033203125 0.04803466796875
0.200439453125 -0.0196380615234375 0.09063720703125 -0.213516235351563
0.16424560546875 -0.0440826416015625 0.20263671875 -0.194198608398438
0.1573486328125 -0.0909423828125 0.203414916992188 -0.199569702148438
0.0969161987304688 -0.138336181640625 0.14556884765625 -0.238632202148438
0.0371170043945313 -0.127532958984375 0.0790863037109375 -0.190643310546875
-0.0327224731445313 -0.129379272460938 0.0460968017578125 -0.161163330078125
-0.0665130615234375 -0.111282348632813 0.0596771240234375 -0.116218566894531
-0.0627288818359375 -0.101768493652344 0.09423828125 -0.0704727172851563
-0.0840835571289062 -0.105903625488281 0.145614624023438 -0.0334625244140625
-0.0693511962890625 -0.114540100097656 0.15545654296875 0.0434417724609375
-0.021026611328125 -0.146347045898438 0.13006591796875 0.0911636352539063
0.0240325927734375 -0.153762817382813 0.06658935546875 0.0948028564453125
0.122840881347656 -0.116531372070313 0.0360183715820313 0.07159423828125
0.157333374023438 -0.0832366943359375 0.0861358642578125 -0.00201416015625
0.1827392578125 -0.03533935546875 0.259445190429687 0.024932861328125
0.130874633789062 0.0258636474609375 0.14617919921875 -0.202255249023438
0.132118225097656 0.0057220458984375 0.241729736328125 -0.187286376953125
0.146011352539063 -0.0462188720703125 0.215499877929688 -0.19036865234375
0.108192443847656 -0.100273132324219 0.15087890625 -0.212982177734375
0.0610122680664062 -0.0993194580078125 0.0797119140625 -0.152923583984375
0.0146102905273437 -0.11761474609375 0.0620880126953125 -0.115646362304688
-0.0123367309570313 -0.11944580078125 0.0865097045898438 -0.0747909545898438
-0.0103225708007813 -0.113418579101563 0.116851806640625 -0.0384597778320313
-0.0201950073242187 -0.121604919433594 0.1630859375 -0.00491333007812501
-0.00387573242187499 -0.110549926757812 0.164718627929687 0.05938720703125
0.0347824096679687 -0.111259460449219 0.130805969238281 0.0977630615234375
0.060577392578125 -0.100563049316406 0.0716171264648438 0.0950164794921875
0.117904663085938 -0.0524749755859375 0.04266357421875 0.0625114440917969
0.126441955566406 -0.0130538940429688 0.112922668457031 -0.020843505859375
0.123764038085937 0.0226516723632812 0.308746337890625 0.0201416015625
0.0386238098144531 0.0642356872558594 0.162338256835938 -0.180328369140625
0.06683349609375 0.0464973449707031 0.24566650390625 -0.172042846679688
0.093963623046875 0.00743865966796875 0.198654174804687 -0.172821044921875
0.0885162353515625 -0.0352935791015625 0.136825561523438 -0.179351806640625
0.07147216796875 -0.0404205322265625 0.0678787231445313 -0.114578247070313
0.062042236328125 -0.0788421630859375 0.06243896484375 -0.0708770751953125
0.0466079711914062 -0.105804443359375 0.093536376953125 -0.02880859375
0.0470657348632813 -0.108268737792969 0.121116638183594 0.00156402587890624
0.046173095703125 -0.120681762695312 0.157501220703125 0.0359039306640625
0.060394287109375 -0.09771728515625 0.150070190429688 0.087921142578125
0.08648681640625 -0.069305419921875 0.111419677734375 0.115135192871094
0.092987060546875 -0.04534912109375 0.059814453125 0.10430908203125
0.109649658203125 0.0191802978515625 0.0351982116699219 0.0670623779296875
0.0873641967773438 0.0636367797851563 0.121490478515625 -0.00848388671875
0.0519866943359375 0.083160400390625 0.329559326171875 0.03680419921875
-0.0567092895507813 0.0937347412109375 0.136306762695313 -0.154052734375
-0.0143356323242187 0.0783615112304688 0.212066650390625 -0.150970458984375
0.0172233581542969 0.0621223449707031 0.162612915039063 -0.153640747070313
0.0484390258789063 0.0438804626464844 0.108551025390625 -0.151748657226563
0.0700874328613281 0.032867431640625 0.0458602905273438 -0.0904769897460938
0.106452941894531 -0.0209274291992188 0.0474433898925781 -0.0386161804199219
0.101081848144531 -0.0761337280273438 0.0800552368164063 0.00839233398437499
0.095428466796875 -0.0843963623046875 0.104644775390625 0.0387039184570312
0.100547790527344 -0.101486206054688 0.136322021484375 0.0796127319335938
0.106201171875 -0.0717849731445312 0.119056701660156 0.124092102050781
0.116950988769531 -0.02667236328125 0.0794677734375 0.141403198242188
0.1075439453125 0.00530242919921875 0.0379791259765625 0.12689208984375
0.0894393920898438 0.0749893188476563 0.0165328979492188 0.0919876098632813
0.0373687744140625 0.125999450683594 0.111221313476563 0.0295944213867188
-0.0269012451171875 0.128959655761719 0.31591796875 0.074554443359375
0.130279541015625 -0.17999267578125 -0.277053833007813 -0.100128173828125
-0.0315704345703125 -0.156265258789063 -0.106575012207031 -0.0768585205078125
-0.08465576171875 -0.101531982421875 0.0115432739257812 -0.114219665527344
-0.118865966796875 -0.0451202392578125 0.00230407714843749 -0.16534423828125
-0.114486694335938 0.00261688232421873 -0.0272369384765625 -0.178878784179688
-0.127197265625 0.0674972534179688 -0.092742919921875 -0.164581298828125
-0.119796752929688 0.0914535522460938 -0.118110656738281 -0.120391845703125
-0.12017822265625 0.074432373046875 -0.0877685546875 -0.0756149291992188
-0.143051147460938 0.0696868896484375 -0.055511474609375 -0.0309562683105469
-0.144256591796875 -0.00012207031249997 -0.0301055908203125 0.0296649932861328
-0.113334655761719 -0.0785446166992187 -0.0241241455078125 0.08050537109375
-0.0526885986328125 -0.113937377929688 -0.0730743408203125 0.114883422851562
0.0404205322265625 -0.126457214355469 -0.129684448242187 0.141311645507813
0.0877609252929688 -0.1365966796875 -0.158584594726562 0.155059814453125
0.155288696289063 -0.1297607421875 -0.0869293212890625 0.137916564941406
0.194107055664063 -0.174224853515625 -0.208755493164063 -0.161087036132812
0.031829833984375 -0.16473388671875 -0.0515823364257813 -0.137130737304688
-0.0266571044921875 -0.123832702636719 0.0492401123046875 -0.159744262695313
-0.077911376953125 -0.083038330078125 0.0325775146484375 -0.210494995117188
-0.08966064453125 -0.038726806640625 -0.0013885498046875 -0.211517333984375
-0.1270751953125 0.0153350830078125 -0.063385009765625 -0.199020385742187
-0.136421203613281 0.0410079956054688 -0.0824432373046875 -0.156341552734375
-0.1392822265625 0.0293655395507812 -0.049713134765625 -0.103904724121094
-0.169876098632813 0.023406982421875 -0.00958633422851564 -0.05560302734375
-0.167144775390625 -0.046875 0.016815185546875 0.0188941955566406
-0.118705749511719 -0.135841369628906 0.0211181640625 0.0753631591796875
-0.0378570556640625 -0.175155639648438 -0.0297775268554688 0.103103637695312
0.09423828125 -0.167160034179687 -0.069793701171875 0.123435974121094
0.149566650390625 -0.162933349609375 -0.0829391479492187 0.117660522460937
0.2154541015625 -0.139114379882813 0.000396728515625006 0.099395751953125
0.236007690429687 -0.143814086914062 -0.120620727539062 -0.210586547851563
0.100357055664063 -0.146011352539063 0.0249786376953125 -0.185562133789062
0.0488204956054687 -0.135780334472656 0.099365234375 -0.197479248046875
-0.0181655883789063 -0.121894836425781 0.0697479248046875 -0.248199462890625
-0.0508804321289063 -0.0849533081054687 0.024444580078125 -0.23272705078125
-0.110008239746094 -0.0462112426757812 -0.0307464599609375 -0.217376708984375
-0.135597229003906 -0.018585205078125 -0.041015625 -0.172821044921875
-0.137435913085938 -0.0216293334960937 -0.0042266845703125 -0.1168212890625
-0.171096801757812 -0.0262451171875 0.0444488525390625 -0.0709609985351563
-0.166488647460938 -0.0818023681640625 0.07025146484375 0.0122756958007812
-0.110794067382813 -0.167327880859375 0.0690460205078125 0.0717086791992188
-0.02935791015625 -0.204757690429687 0.012908935546875 0.093231201171875
0.11920166015625 -0.18804931640625 -0.0177230834960937 0.101806640625
0.179580688476562 -0.170928955078125 -0.0123558044433594 0.0692329406738281
0.241302490234375 -0.130569458007813 0.0962677001953125 0.0576400756835937
0.247039794921875 -0.0896148681640625 -0.01971435546875 -0.239273071289063
0.155319213867187 -0.104476928710938 0.109817504882813 -0.215057373046875
0.122337341308594 -0.129623413085938 0.152145385742188 -0.218429565429688
0.04736328125 -0.150466918945313 0.106460571289063 -0.266189575195312
-0.0055999755859375 -0.12408447265625 0.048431396484375 -0.2310791015625
-0.0796127319335937 -0.102493286132813 0.0018310546875 -0.209121704101563
-0.114112854003906 -0.0761032104492188 0.00354003906250001 -0.164794921875
-0.114013671875 -0.0707778930664062 0.0421905517578125 -0.111175537109375
-0.14495849609375 -0.0736846923828125 0.0963058471679687 -0.072113037109375
-0.134552001953125 -0.1065673828125 0.118415832519531 0.0107421875
-0.0812835693359375 -0.171585083007813 0.108474731445312 0.0679779052734375
-0.0131072998046875 -0.199493408203125 0.0478973388671875 0.0831222534179688
0.126571655273438 -0.176315307617188 0.0199127197265625 0.0770034790039062
0.18170166015625 -0.149856567382813 0.0449752807617188 0.01788330078125
0.235000610351563 -0.097564697265625 0.188095092773438 0.0185394287109375
0.217330932617188 -0.027191162109375 0.071807861328125 -0.246780395507812
0.175567626953125 -0.049468994140625 0.186172485351562 -0.224456787109375
0.167144775390625 -0.100540161132813 0.190658569335938 -0.224075317382813
0.098358154296875 -0.151397705078125 0.129180908203125 -0.260757446289063
0.03662109375 -0.137008666992188 0.0641021728515625 -0.204391479492188
-0.0386123657226563 -0.135223388671875 0.0305633544921875 -0.1767578125
-0.0758285522460938 -0.1180419921875 0.0448150634765625 -0.134086608886719
-0.0731430053710938 -0.1080322265625 0.08123779296875 -0.0892562866210938
-0.0962753295898438 -0.112533569335937 0.134872436523438 -0.0571823120117188
-0.0797958374023437 -0.120994567871094 0.1505126953125 0.01678466796875
-0.0298309326171875 -0.157684326171875 0.129806518554687 0.0675048828125
0.01910400390625 -0.168838500976563 0.0696563720703125 0.075164794921875
0.129379272460938 -0.131889343261719 0.0411262512207031 0.0542221069335937
0.168441772460938 -0.09649658203125 0.0865325927734375 -0.0244064331054688
0.200973510742188 -0.0434417724609375 0.26544189453125 -0.0110626220703125
0.15106201171875 0.031402587890625 0.1353759765625 -0.234603881835938
0.150848388671875 0.0067291259765625 0.2335205078125 -0.22015380859375
0.165008544921875 -0.0526885986328125 0.203842163085938 -0.217178344726563
0.119216918945313 -0.116043090820313 0.134857177734375 -0.232803344726563
0.0670928955078125 -0.1151123046875 0.066650390625 -0.163970947265625
0.0086212158203125 -0.135711669921875 0.0507736206054688 -0.127288818359375
-0.0245208740234375 -0.136581420898438 0.0761871337890625 -0.089324951171875
-0.0212478637695312 -0.129791259765625 0.10772705078125 -0.0534210205078125
-0.0336380004882812 -0.13836669921875 0.155487060546875 -0.025634765625
-0.011444091796875 -0.127548217773437 0.160079956054688 0.037139892578125
0.0352630615234375 -0.130577087402344 0.131080627441406 0.077545166015625
0.0667800903320313 -0.120010375976563 0.0737457275390625 0.0759353637695312
0.136146545410156 -0.0609359741210937 0.0470123291015625 0.0440711975097656
0.146728515625 -0.015045166015625 0.114730834960938 -0.0426788330078125
0.145904541015625 0.027130126953125 0.320404052734375 -0.01580810546875
0.0587081909179688 0.0811386108398438 0.160476684570312 -0.208816528320312
0.0882339477539063 0.0576019287109375 0.243179321289063 -0.202163696289063
0.117897033691406 0.00772857666015625 0.191116333007812 -0.196807861328125
0.106559753417969 -0.0484085083007813 0.121673583984375 -0.196212768554688
0.0830612182617188 -0.05767822265625 0.0590133666992188 -0.121017456054688
0.0601882934570312 -0.102729797363281 0.0573654174804688 -0.0765609741210938
0.0351104736328125 -0.129684448242188 0.0912017822265625 -0.03851318359375
0.0343551635742187 -0.130317687988281 0.1182861328125 -0.00923156738281251
0.0314788818359375 -0.146026611328125 0.156539916992188 0.0209197998046875
0.0533981323242187 -0.121681213378906 0.147903442382813 0.072021484375
0.0924911499023438 -0.0952911376953125 0.112281799316406 0.101295471191406
0.107704162597656 -0.0656661987304688 0.0647811889648438 0.0896530151367188
0.135627746582031 0.0136642456054687 0.0422515869140625 0.0540313720703125
0.114410400390625 0.0708236694335938 0.128509521484375 -0.0278549194335937
0.07550048828125 0.0981903076171875 0.346466064453125 0.00610351562500001
-0.0404891967773437 0.121185302734375 0.140121459960938 -0.174057006835938
0.00579071044921875 0.0984344482421875 0.213775634765625 -0.175735473632813
0.042572021484375 0.0710525512695313 0.155593872070313 -0.172836303710938
0.0728836059570312 0.0366058349609375 0.0962066650390625 -0.161331176757813
0.08770751953125 0.017486572265625 0.0384902954101563 -0.0890655517578125
0.109375 -0.0485916137695313 0.04522705078125 -0.0363731384277344
0.0936813354492188 -0.103591918945312 0.083282470703125 0.00752258300781249
0.0850677490234375 -0.111648559570313 0.108505249023438 0.0360107421875
0.087066650390625 -0.131935119628906 0.139617919921875 0.0741119384765625
0.100181579589844 -0.100662231445312 0.119277954101562 0.115867614746094
0.125717163085938 -0.05413818359375 0.0834197998046875 0.13409423828125
0.125801086425781 -0.0148468017578125 0.0451812744140625 0.1175537109375
0.117759704589844 0.0739593505859375 0.0265655517578125 0.0849685668945313
0.0681686401367188 0.139755249023438 0.1240234375 0.0180206298828125
-0.00424194335937501 0.15362548828125 0.338470458984375 0.0537109375
0.1058349609375 -0.212326049804687 -0.310638427734375 -0.086151123046875
-0.0647125244140625 -0.162261962890625 -0.128303527832031 -0.0666732788085938
-0.11334228515625 -0.0931854248046875 0.00263977050781249 -0.113571166992187
-0.137542724609375 -0.0205154418945312 -0.00547790527343752 -0.166580200195313
-0.119575500488281 0.028411865234375 -0.0355987548828125 -0.184646606445313
-0.116302490234375 0.0969924926757812 -0.1029052734375 -0.167282104492188
-0.105010986328125 0.116561889648438 -0.130828857421875 -0.124900817871094
-0.108810424804688 0.0995025634765625 -0.0995025634765625 -0.0794296264648437
-0.133377075195313 0.0988693237304688 -0.0661849975585938 -0.0358009338378906
-0.145675659179688 0.0274658203125 -0.0314292907714844 0.0219135284423828
-0.132087707519531 -0.05743408203125 -0.0220870971679687 0.0744705200195313
-0.0789260864257813 -0.106857299804688 -0.0678024291992188 0.118919372558594
0.0145416259765625 -0.143142700195313 -0.123062133789063 0.1522216796875
0.06402587890625 -0.1650390625 -0.15911865234375 0.173675537109375
0.141555786132813 -0.167083740234375 -0.0919036865234375 0.148818969726563
0.179290771484375 -0.20703125 -0.248199462890625 -0.159942626953125
0.0065155029296875 -0.173171997070313 -0.078704833984375 -0.137557983398437
-0.048736572265625 -0.119773864746094 0.0360260009765625 -0.166336059570313
-0.0942001342773438 -0.06500244140625 0.0193023681640625 -0.219680786132813
-0.0947494506835938 -0.018707275390625 -0.014617919921875 -0.222244262695313
-0.119865417480469 0.0391082763671875 -0.0794219970703125 -0.208328247070312
-0.128082275390625 0.0616836547851563 -0.101608276367188 -0.166763305664062
-0.133247375488281 0.0506057739257813 -0.0671005249023438 -0.114089965820312
-0.1663818359375 0.048858642578125 -0.0249214172363281 -0.0679855346679688
-0.174301147460938 -0.0236663818359375 0.0115938186645508 0.00385570526123047
-0.139816284179688 -0.121383666992188 0.0211677551269531 0.0618553161621094
-0.0652008056640625 -0.175918579101562 -0.02703857421875 0.0986557006835938
0.072723388671875 -0.1903076171875 -0.0641555786132812 0.123954772949219
0.132965087890625 -0.196334838867188 -0.0859756469726562 0.122428894042969
0.210159301757813 -0.178955078125 -0.00595092773437499 0.095001220703125
0.233917236328125 -0.173934936523438 -0.161529541015625 -0.222747802734375
0.08740234375 -0.157562255859375 -0.0048065185546875 -0.196990966796875
0.0362625122070313 -0.13818359375 0.084014892578125 -0.211959838867188
-0.0312042236328125 -0.115394592285156 0.05255126953125 -0.264862060546875
-0.0559158325195312 -0.0747833251953125 0.00659179687499999 -0.247268676757813
-0.108627319335938 -0.0321807861328125 -0.051849365234375 -0.230545043945312
-0.134269714355469 -0.00646209716796875 -0.0649566650390625 -0.187698364257813
-0.139167785644531 -0.008209228515625 -0.025146484375 -0.131050109863281
-0.175323486328125 -0.00836181640625002 0.0265426635742187 -0.0887222290039063
-0.176986694335938 -0.06585693359375 0.0623817443847656 -0.00837326049804688
-0.133590698242188 -0.16021728515625 0.0666847229003906 0.0527305603027344
-0.0547943115234375 -0.210586547851562 0.0133132934570312 0.0825881958007812
0.103378295898437 -0.21319580078125 -0.0132827758789063 0.0928192138671875
0.17010498046875 -0.204483032226563 -0.0164947509765625 0.0616302490234375
0.245346069335938 -0.167266845703125 0.0909652709960938 0.0386428833007812
0.257614135742188 -0.112945556640625 -0.056365966796875 -0.263427734375
0.156539916992188 -0.1180419921875 0.083251953125 -0.236770629882813
0.12225341796875 -0.1407470703125 0.136245727539063 -0.240798950195312
0.039764404296875 -0.156097412109375 0.086029052734375 -0.287994384765625
-0.0099945068359375 -0.125358581542969 0.029754638671875 -0.247726440429688
-0.0841445922851563 -0.099029541015625 -0.01910400390625 -0.225814819335938
-0.121788024902344 -0.0729141235351562 -0.0198974609375 -0.181900024414063
-0.122352600097656 -0.0667266845703125 0.0228042602539062 -0.127372741699219
-0.15643310546875 -0.0665283203125 0.0782241821289062 -0.0933303833007812
-0.148971557617187 -0.1004638671875 0.109771728515625 -0.0126953125
-0.100296020507812 -0.17431640625 0.104621887207031 0.0462265014648437
-0.03118896484375 -0.21160888671875 0.0458793640136719 0.0669364929199218
0.120513916015625 -0.199691772460938 0.0220603942871094 0.0618019104003906
0.1820068359375 -0.176956176757813 0.0393218994140625 0.000595092773437489
0.248367309570313 -0.124725341796875 0.185501098632813 -0.0120391845703125
0.23834228515625 -0.0397491455078125 0.0428466796875 -0.278732299804688
0.189605712890625 -0.0597076416015625 0.164764404296875 -0.255035400390625
0.179275512695313 -0.115631103515625 0.176788330078125 -0.250335693359375
0.0982666015625 -0.168426513671875 0.1090087890625 -0.28448486328125
0.03436279296875 -0.15045166015625 0.0471343994140625 -0.220901489257813
-0.0482177734375 -0.144607543945313 0.0118408203125 -0.191986083984375
-0.0901031494140625 -0.124984741210938 0.0252838134765625 -0.151397705078125
-0.0874252319335937 -0.114242553710938 0.0648117065429687 -0.10455322265625
-0.113372802734375 -0.116783142089844 0.119590759277344 -0.0791091918945313
-0.0942535400390625 -0.127159118652344 0.141281127929688 -0.00637817382812501
-0.0434417724609375 -0.17022705078125 0.126083374023438 0.0463180541992187
0.0102996826171875 -0.186721801757813 0.0661811828613281 0.0570297241210937
0.135391235351563 -0.152481079101563 0.0405731201171875 0.0355491638183594
0.181121826171875 -0.115264892578125 0.0811233520507813 -0.0479583740234375
0.221908569335937 -0.058837890625 0.26702880859375 -0.0485992431640625
0.17742919921875 0.0319061279296875 0.11724853515625 -0.270660400390625
0.175018310546875 0.003326416015625 0.22003173828125 -0.255126953125
0.18798828125 -0.06640625 0.191604614257813 -0.245162963867188
0.127967834472656 -0.138526916503906 0.115768432617188 -0.255081176757813
0.0687637329101563 -0.136131286621094 0.053924560546875 -0.175750732421875
-0.0018768310546875 -0.155044555664063 0.0374526977539062 -0.139328002929688
-0.0424652099609375 -0.152862548828125 0.0637130737304688 -0.103309631347656
-0.03826904296875 -0.144287109375 0.0972518920898438 -0.0664443969726563
-0.054840087890625 -0.154434204101562 0.145645141601563 -0.0441131591796875
-0.025604248046875 -0.144256591796875 0.1527099609375 0.0179290771484375
0.028228759765625 -0.153564453125 0.127227783203125 0.060150146484375
0.0690155029296875 -0.143905639648438 0.0708084106445313 0.0594024658203125
0.154190063476563 -0.0778656005859375 0.0477027893066406 0.0260162353515625
0.170501708984375 -0.024261474609375 0.112525939941406 -0.0673446655273438
0.17333984375 0.0258636474609375 0.328826904296875 -0.055694580078125
0.0861358642578125 0.09564208984375 0.15283203125 -0.241714477539063
0.116134643554687 0.0629653930664062 0.237640380859375 -0.237960815429688
0.1463623046875 0.000946044921875 0.180068969726562 -0.22369384765625
0.123062133789063 -0.069854736328125 0.106475830078125 -0.212966918945313
0.0899581909179688 -0.0812530517578125 0.048858642578125 -0.125892639160156
0.0525665283203125 -0.129989624023438 0.0510406494140625 -0.082611083984375
0.0172882080078125 -0.1541748046875 0.0874099731445313 -0.047698974609375
0.015960693359375 -0.152587890625 0.114707946777344 -0.0181884765625
0.00938415527343749 -0.17010498046875 0.153656005859375 0.00842285156249999
0.03973388671875 -0.147354125976563 0.142852783203125 0.06005859375
0.0918655395507813 -0.125335693359375 0.110786437988281 0.089385986328125
0.118522644042969 -0.0928573608398437 0.0635986328125 0.0761260986328125
0.162994384765625 0.0012664794921875 0.045684814453125 0.039337158203125
0.147445678710938 0.071746826171875 0.132865905761719 -0.0501251220703125
0.107070922851563 0.110176086425781 0.363616943359375 -0.029541015625
-0.016510009765625 0.1455078125 0.1407470703125 -0.199325561523438
0.0320587158203125 0.114433288574219 0.214004516601563 -0.204132080078125
0.07208251953125 0.0748214721679688 0.146438598632813 -0.193344116210938
0.0959930419921875 0.0216522216796875 0.0830535888671875 -0.170455932617188
0.1007080078125 -0.00286102294921875 0.032379150390625 -0.0872573852539062
0.106956481933594 -0.0779190063476562 0.0465240478515625 -0.0350608825683594
0.078948974609375 -0.131843566894531 0.0889816284179688 0.00541687011718749
0.0686416625976562 -0.137466430664063 0.112960815429688 0.0333404541015625
0.066864013671875 -0.160507202148438 0.144851684570312 0.0688323974609375
0.0872039794921875 -0.130287170410156 0.120925903320313 0.1121826171875
0.128547668457031 -0.08624267578125 0.0851287841796875 0.130531311035156
0.14111328125 -0.0423583984375 0.0488967895507813 0.108657836914063
0.149765014648438 0.06549072265625 0.0340347290039063 0.0764312744140625
0.105026245117188 0.147491455078125 0.137245178222656 0.00208282470703126
0.026336669921875 0.175369262695313 0.363739013671875 0.02642822265625
0.0710906982421875 -0.242050170898437 -0.347625732421875 -0.0584716796875
-0.103225708007813 -0.158935546875 -0.149169921875 -0.0485076904296875
-0.142059326171875 -0.0753021240234375 -0.0071868896484375 -0.112312316894531
-0.150665283203125 0.0108489990234375 -0.0155029296875 -0.16937255859375
-0.117477416992188 0.0569076538085938 -0.04827880859375 -0.19097900390625
-0.0966110229492188 0.124923706054688 -0.11798095703125 -0.17010498046875
-0.0819168090820313 0.140174865722656 -0.149398803710938 -0.126190185546875
-0.0899810791015625 0.122718811035156 -0.115631103515625 -0.08099365234375
-0.113990783691406 0.127883911132813 -0.080535888671875 -0.037567138671875
-0.140960693359375 0.056976318359375 -0.0362777709960938 0.0153846740722656
-0.145919799804688 -0.029571533203125 -0.0220603942871094 0.07012939453125
-0.1048583984375 -0.0919876098632813 -0.0612640380859375 0.124229431152344
-0.018310546875 -0.154205322265625 -0.114532470703125 0.164825439453125
0.0309600830078125 -0.190414428710938 -0.15570068359375 0.197265625
0.116256713867188 -0.205474853515625 -0.0937652587890625 0.164871215820313
0.154556274414063 -0.2410888671875 -0.295562744140625 -0.14678955078125
-0.024566650390625 -0.176712036132812 -0.108367919921875 -0.130256652832031
-0.0719070434570313 -0.109992980957031 0.0198974609375 -0.172409057617187
-0.10693359375 -0.0421066284179688 0.00141906738281249 -0.228790283203125
-0.0940322875976562 0.00322723388671874 -0.034698486328125 -0.233489990234375
-0.105766296386719 0.0622711181640625 -0.102020263671875 -0.216400146484375
-0.113807678222656 0.0813827514648438 -0.12890625 -0.173095703125
-0.122970581054688 0.070404052734375 -0.0908355712890625 -0.119697570800781
-0.157211303710938 0.0746612548828125 -0.0458755493164062 -0.0765304565429688
-0.177047729492188 0.00302124023437499 0.00148582458496093 -0.0086526870727539
-0.160873413085938 -0.100326538085937 0.0161781311035156 0.0502777099609375
-0.0952301025390625 -0.169357299804688 -0.025421142578125 0.0963592529296875
0.0431976318359375 -0.210617065429688 -0.0584640502929687 0.125297546386719
0.104843139648438 -0.230133056640625 -0.0875625610351563 0.132255554199219
0.194671630859375 -0.223724365234375 -0.01275634765625 0.0956649780273437
0.223526000976563 -0.208587646484375 -0.213134765625 -0.224288940429688
0.069061279296875 -0.168365478515625 -0.039764404296875 -0.202392578125
0.0225906372070313 -0.140533447265625 0.0633087158203125 -0.225982666015625
-0.0422210693359375 -0.10528564453125 0.027557373046875 -0.281219482421875
-0.0580482482910156 -0.0638160705566406 -0.0174407958984375 -0.261703491210938
-0.104866027832031 -0.0180587768554688 -0.0800933837890625 -0.242431640625
-0.131927490234375 0.00732421875000002 -0.09686279296875 -0.198760986328125
-0.138023376464844 0.0062255859375 -0.051666259765625 -0.140609741210938
-0.1776123046875 0.0119171142578125 0.00212097167968749 -0.102943420410156
-0.1866455078125 -0.046142578125 0.0497589111328125 -0.02581787109375
-0.15716552734375 -0.148345947265625 0.0591239929199219 0.0362548828125
-0.08477783203125 -0.212890625 0.0106353759765625 0.072784423828125
0.0795135498046875 -0.238601684570312 -0.01171875 0.0840301513671875
0.15167236328125 -0.240676879882813 -0.0231361389160156 0.0568733215332031
0.241043090820312 -0.210952758789063 0.0821456909179688 0.0220260620117187
0.263763427734375 -0.143875122070313 -0.105621337890625 -0.280029296875
0.155014038085938 -0.134719848632813 0.0482635498046875 -0.255294799804688
0.119400024414063 -0.155227661132813 0.113296508789063 -0.262557983398438
0.030303955078125 -0.163650512695313 0.057769775390625 -0.30853271484375
-0.0151290893554687 -0.128196716308594 0.00424194335937499 -0.263214111328125
-0.09051513671875 -0.09588623046875 -0.0495147705078125 -0.239166259765625
-0.131477355957031 -0.0682830810546875 -0.0517578125 -0.194931030273438
-0.132034301757813 -0.0601959228515625 -0.00332641601562501 -0.139724731445313
-0.168991088867188 -0.0554351806640625 0.0540695190429687 -0.1114501953125
-0.164291381835937 -0.0911712646484375 0.0944900512695312 -0.0335693359375
-0.123733520507812 -0.173538208007812 0.0959014892578125 0.027496337890625
-0.055908203125 -0.22186279296875 0.039581298828125 0.0539283752441406
0.106643676757813 -0.227340698242188 0.0185737609863281 0.0459632873535156
0.176223754882813 -0.210067749023438 0.0287303924560547 -0.0162620544433594
0.256134033203125 -0.162796020507813 0.17626953125 -0.0439910888671875
0.258834838867188 -0.0624237060546875 0.00103759765625003 -0.308074951171875
0.204360961914063 -0.07781982421875 0.133697509765625 -0.285064697265625
0.19012451171875 -0.139266967773438 0.153732299804688 -0.278976440429688
0.09283447265625 -0.189407348632813 0.080291748046875 -0.30780029296875
0.027313232421875 -0.1658935546875 0.024139404296875 -0.235702514648438
-0.0624847412109375 -0.152923583984375 -0.0139007568359375 -0.205352783203125
-0.109916687011719 -0.129653930664063 -0.0014801025390625 -0.165420532226563
-0.105972290039062 -0.117530822753906 0.0429458618164062 -0.11767578125
-0.135833740234375 -0.117538452148437 0.0990676879882812 -0.0977554321289063
-0.114158630371094 -0.129425048828125 0.127143859863281 -0.02655029296875
-0.0632171630859375 -0.182937622070313 0.117317199707031 0.0274124145507812
-0.00611877441406252 -0.205963134765625 0.0571784973144531 0.0413017272949219
0.135467529296875 -0.1795654296875 0.0349178314208984 0.0168266296386719
0.189437866210938 -0.141769409179688 0.068572998046875 -0.0724334716796875
0.242706298828125 -0.0854949951171875 0.261001586914063 -0.0906829833984375
0.209503173828125 0.0216522216796875 0.08642578125 -0.306243896484375
0.202056884765625 -0.0107421875 0.19708251953125 -0.292938232421875
0.209991455078125 -0.0924835205078125 0.17041015625 -0.276260375976563
0.129501342773437 -0.1680908203125 0.0906219482421875 -0.277481079101563
0.0632476806640625 -0.160919189453125 0.035919189453125 -0.187515258789063
-0.0203857421875 -0.175048828125 0.019622802734375 -0.151092529296875
-0.0697021484375 -0.16656494140625 0.0460052490234375 -0.116203308105469
-0.063751220703125 -0.156265258789063 0.0838165283203125 -0.0780181884765625
-0.08355712890625 -0.165908813476563 0.132217407226562 -0.0609817504882813
-0.0484161376953125 -0.1593017578125 0.141326904296875 0.00199890136718749
0.01275634765625 -0.17803955078125 0.120193481445312 0.0452804565429687
0.0626983642578125 -0.172012329101563 0.0629844665527344 0.0434455871582031
0.169647216796875 -0.103729248046875 0.0419807434082031 0.00745391845703124
0.195541381835938 -0.042724609375 0.103919982910156 -0.0963134765625
0.204421997070312 0.0136566162109375 0.33123779296875 -0.1026611328125
0.121246337890625 0.100479125976563 0.134323120117187 -0.278457641601563
0.149734497070313 0.06005859375 0.222442626953125 -0.277877807617188
0.175704956054688 -0.01788330078125 0.1617431640625 -0.252426147460938
0.1341552734375 -0.0999221801757812 0.0855560302734375 -0.2301025390625
0.0909805297851563 -0.109909057617188 0.0382156372070313 -0.131385803222656
0.0350494384765625 -0.15631103515625 0.0437164306640625 -0.0891799926757813
-0.01080322265625 -0.17626953125 0.0821762084960938 -0.0575408935546875
-0.0115814208984375 -0.171966552734375 0.111061096191406 -0.0265274047851563
-0.021820068359375 -0.190475463867188 0.149459838867188 -0.00364685058593751
0.0162506103515625 -0.170928955078125 0.138572692871094 0.0503921508789062
0.0815887451171875 -0.158340454101563 0.107658386230469 0.080780029296875
0.120597839355469 -0.127044677734375 0.05914306640625 0.0641441345214844
0.19097900390625 -0.0218353271484375 0.0444755554199219 0.024749755859375
0.184707641601563 0.0608978271484375 0.132644653320312 -0.0773086547851562
0.1456298828125 0.11285400390625 0.37628173828125 -0.075897216796875
0.0180206298828125 0.164657592773438 0.133026123046875 -0.22991943359375
0.066253662109375 0.123664855957031 0.206573486328125 -0.239990234375
0.105995178222656 0.0680007934570313 0.130401611328125 -0.216293334960938
0.115127563476563 -0.0013885498046875 0.0677642822265625 -0.180145263671875
0.109352111816406 -0.0293121337890625 0.0272750854492188 -0.0854949951171875
0.09515380859375 -0.109489440917969 0.0485038757324219 -0.0354347229003906
0.0543975830078125 -0.158950805664063 0.0956192016601563 0.00039672851562499
0.041961669921875 -0.16107177734375 0.119346618652344 0.0289688110351562
0.0358123779296875 -0.18603515625 0.151779174804688 0.06280517578125
0.064971923828125 -0.158309936523438 0.124443054199219 0.110374450683594
0.121452331542969 -0.123283386230469 0.08868408203125 0.128005981445313
0.148681640625 -0.077972412109375 0.050933837890625 0.101905822753906
0.182388305664062 0.0447998046875 0.0397071838378906 0.0673942565917969
0.147186279296875 0.144790649414063 0.147720336914063 -0.0203704833984375
0.0663299560546875 0.190460205078125 0.38818359375 -0.012237548828125
0.023468017578125 -0.26123046875 -0.376922607421875 -0.014373779296875
-0.141983032226563 -0.141082763671875 -0.164627075195313 -0.02276611328125
-0.166351318359375 -0.0459747314453125 -0.0170974731445313 -0.108978271484375
-0.151535034179688 0.04803466796875 -0.027862548828125 -0.169570922851563
-0.104598999023438 0.0862808227539062 -0.06536865234375 -0.193679809570313
-0.0662689208984375 0.145904541015625 -0.134521484375 -0.167922973632813
-0.050506591796875 0.155075073242187 -0.170089721679688 -0.119369506835937
-0.0627288818359375 0.139793395996094 -0.134506225585938 -0.0755996704101562
-0.084259033203125 0.150115966796875 -0.095367431640625 -0.0330047607421875
-0.125595092773438 0.084930419921875 -0.0439529418945313 0.0118560791015625
-0.14984130859375 0.00320434570312499 -0.0227928161621094 0.06622314453125
-0.126373291015625 -0.0683364868164062 -0.0520782470703125 0.128219604492188
-0.055999755859375 -0.152618408203125 -0.100143432617188 0.176300048828125
-0.0127105712890625 -0.202102661132813 -0.1424560546875 0.221725463867188
0.0766448974609375 -0.235565185546875 -0.087066650390625 0.183502197265625
0.117263793945313 -0.2686767578125 -0.339324951171875 -0.112884521484375
-0.0579376220703125 -0.169113159179688 -0.137443542480469 -0.112037658691406
-0.0927276611328125 -0.0918655395507813 9.155273437501E-05 -0.174102783203125
-0.111160278320313 -0.0138473510742187 -0.0224609375 -0.232803344726562
-0.0848388671875 0.0248184204101562 -0.060211181640625 -0.23822021484375
-0.08428955078125 0.0801773071289062 -0.13043212890625 -0.215805053710937
-0.0927658081054688 0.0961227416992187 -0.160995483398438 -0.1690673828125
-0.104621887207031 0.0884780883789063 -0.11798095703125 -0.116973876953125
-0.13848876953125 0.0984344482421875 -0.07025146484375 -0.0768051147460937
-0.171585083007813 0.0306396484375 -0.0131998062133789 -0.0174798965454102
-0.1746826171875 -0.071868896484375 0.00898742675781249 0.0414924621582031
-0.124526977539062 -0.153076171875 -0.024444580078125 0.0941848754882812
0.00488281249999999 -0.221145629882813 -0.0517654418945313 0.124740600585938
0.0646209716796875 -0.253585815429688 -0.085113525390625 0.142898559570312
0.162460327148438 -0.263687133789063 -0.0180587768554687 0.0985870361328125
0.200958251953125 -0.242721557617188 -0.267913818359375 -0.205047607421875
0.0465545654296875 -0.174163818359375 -0.07861328125 -0.195693969726563
0.00587463378906251 -0.138542175292969 0.035491943359375 -0.235687255859375
-0.0513534545898438 -0.0919036865234375 -0.00543212890624998 -0.2900390625
-0.0569000244140625 -0.0527839660644531 -0.049346923828125 -0.269332885742188
-0.0955123901367188 -0.00511169433593751 -0.115036010742188 -0.244186401367187
-0.125770568847656 0.0209579467773438 -0.13555908203125 -0.196548461914063
-0.133102416992187 0.0218276977539062 -0.0830917358398437 -0.140518188476563
-0.172943115234375 0.0336151123046875 -0.0286178588867188 -0.108596801757813
-0.191024780273438 -0.022369384765625 0.0299606323242187 -0.0391159057617188
-0.17852783203125 -0.126907348632812 0.0475654602050781 0.0232200622558594
-0.117630004882812 -0.204498291015625 0.00506973266601562 0.065887451171875
0.0455322265625 -0.257217407226563 -0.01361083984375 0.0752944946289062
0.11871337890625 -0.271163940429688 -0.0318870544433594 0.0545539855957031
0.220077514648438 -0.256820678710938 0.0679550170898438 0.00794601440429686
0.25982666015625 -0.180770874023438 -0.164810180664062 -0.277877807617188
0.146957397460938 -0.152664184570313 0.00421142578124999 -0.262313842773438
0.110595703125 -0.171417236328125 0.0812835693359375 -0.279891967773438
0.016815185546875 -0.167495727539063 0.019775390625 -0.322113037109375
-0.0224990844726563 -0.129241943359375 -0.0301971435546875 -0.272369384765625
-0.0965347290039062 -0.091033935546875 -0.086700439453125 -0.242156982421875
-0.140556335449219 -0.0591049194335938 -0.0904083251953125 -0.196044921875
-0.141326904296875 -0.0496826171875 -0.034637451171875 -0.1429443359375
-0.179473876953125 -0.039703369140625 0.0228729248046875 -0.120918273925781
-0.177566528320313 -0.075958251953125 0.0732650756835937 -0.0497055053710938
-0.148696899414063 -0.16363525390625 0.0808868408203125 0.0115432739257812
-0.0876007080078125 -0.224273681640625 0.0287017822265625 0.0434494018554687
0.0828094482421875 -0.251876831054688 0.0100288391113281 0.0312004089355469
0.157073974609375 -0.243362426757813 0.0112323760986328 -0.0291767120361328
0.2508544921875 -0.206405639648437 0.156494140625 -0.07354736328125
0.27294921875 -0.0955963134765625 -0.0548095703125 -0.32196044921875
0.212188720703125 -0.104141235351563 0.09112548828125 -0.306304931640625
0.191329956054688 -0.170516967773438 0.11981201171875 -0.302001953125
0.07830810546875 -0.210861206054688 0.04058837890625 -0.323333740234375
0.0132598876953125 -0.179656982421875 -0.00633239746093749 -0.24468994140625
-0.0820770263671875 -0.156509399414063 -0.046875 -0.211196899414063
-0.1334228515625 -0.126358032226562 -0.0350799560546875 -0.169403076171875
-0.127632141113281 -0.112960815429688 0.0169830322265625 -0.123115539550781
-0.159530639648438 -0.108932495117188 0.0716705322265625 -0.110206604003906
-0.136299133300781 -0.125 0.1064453125 -0.0424423217773438
-0.089599609375 -0.187179565429688 0.102279663085938 0.0125198364257812
-0.0322723388671875 -0.22039794921875 0.044158935546875 0.0293693542480469
0.124969482421875 -0.208770751953125 0.0220794677734375 0.000175476074218737
0.188018798828125 -0.17523193359375 0.0464401245117188 -0.0942001342773438
0.253646850585938 -0.121932983398438 0.242034912109375 -0.133941650390625
0.237701416015625 -0.0017547607421875 0.038421630859375 -0.33294677734375
0.22412109375 -0.0361785888671875 0.158721923828125 -0.325958251953125
0.222244262695313 -0.128936767578125 0.137054443359375 -0.302490234375
0.118972778320312 -0.201202392578125 0.0546875 -0.29217529296875
0.04913330078125 -0.184371948242188 0.0127716064453125 -0.19342041015625
-0.0478363037109375 -0.187210083007813 -0.00411987304687501 -0.156631469726563
-0.103256225585937 -0.170852661132813 0.023956298828125 -0.122703552246094
-0.094696044921875 -0.159072875976563 0.0662002563476563 -0.0858230590820313
-0.11846923828125 -0.1656494140625 0.113090515136719 -0.0744705200195313
-0.07781982421875 -0.165435791015625 0.126449584960938 -0.0115890502929688
-0.0131683349609375 -0.197525024414063 0.108619689941406 0.0325927734375
0.0433807373046875 -0.198745727539063 0.0497627258300781 0.0328407287597656
0.175735473632813 -0.137496948242187 0.029449462890625 -0.00945472717285157
0.214111328125 -0.0737762451171875 0.0832061767578125 -0.122787475585937
0.233139038085938 -0.011962890625 0.316192626953125 -0.154449462890625
0.159805297851563 0.0914154052734375 0.09832763671875 -0.310821533203125
0.182449340820313 0.0424346923828125 0.19140625 -0.31536865234375
0.198745727539062 -0.0496978759765625 0.131393432617188 -0.277633666992188
0.133186340332031 -0.134857177734375 0.05657958984375 -0.241470336914063
0.0810012817382813 -0.139015197753906 0.0239639282226563 -0.134117126464844
0.0063934326171875 -0.178482055664063 0.0324783325195313 -0.09442138671875
-0.0489959716796875 -0.187744140625 0.07318115234375 -0.0661697387695313
-0.0471649169921875 -0.181488037109375 0.104606628417969 -0.0348052978515625
-0.0640869140625 -0.199432373046875 0.142135620117188 -0.0162506103515625
-0.0170745849609375 -0.186538696289063 0.131843566894531 0.042327880859375
0.0569610595703125 -0.188018798828125 0.104103088378906 0.072540283203125
0.10833740234375 -0.162933349609375 0.0515670776367188 0.0545463562011719
0.209609985351563 -0.057708740234375 0.0373458862304688 0.00882720947265624
0.21954345703125 0.0337371826171875 0.120620727539063 -0.107139587402344
0.186721801757813 0.098876953125 0.3731689453125 -0.1304931640625
0.06048583984375 0.172393798828125 0.1121826171875 -0.259323120117188
0.104690551757813 0.12030029296875 0.185287475585938 -0.275161743164063
0.138137817382813 0.0479202270507813 0.106201171875 -0.234222412109375
0.125907897949219 -0.0332870483398438 0.0482330322265625 -0.1851806640625
0.108627319335938 -0.0592575073242188 0.0223159790039063 -0.0837020874023437
0.0713653564453125 -0.137123107910156 0.0498085021972656 -0.03802490234375
0.0183868408203125 -0.177001953125 0.099945068359375 -0.00803375244140626
0.00736999511718751 -0.175735473632813 0.125320434570313 0.0217742919921875
-0.00555419921875 -0.20135498046875 0.158157348632813 0.052703857421875
0.0312652587890625 -0.178512573242188 0.129417419433594 0.106590270996094
0.100173950195313 -0.157623291015625 0.0933914184570312 0.124496459960937
0.14093017578125 -0.117172241210938 0.05078125 0.0949478149414062
0.208251953125 0.0111541748046875 0.0421066284179688 0.0550422668457031
0.191619873046875 0.124679565429688 0.149017333984375 -0.0489044189453125
0.114166259765625 0.190231323242188 0.40185546875 -0.06402587890625
-0.0269622802734375 -0.261932373046875 -0.38775634765625 0.0389404296875
-0.171112060546875 -0.11004638671875 -0.167953491210938 0.00775146484374998
-0.177093505859375 -0.00946044921875002 -0.0253143310546875 -0.102485656738281
-0.138832092285156 0.0827789306640625 -0.0386199951171875 -0.165664672851562
-0.0815887451171875 0.107833862304688 -0.0825042724609375 -0.189926147460938
-0.0306243896484375 0.153701782226562 -0.150421142578125 -0.159942626953125
-0.015594482421875 0.15716552734375 -0.18798828125 -0.105377197265625
-0.0312042236328125 0.144454956054687 -0.149215698242188 -0.064208984375
-0.0478057861328125 0.159347534179688 -0.108444213867187 -0.0235977172851563
-0.101127624511719 0.105491638183594 -0.0521278381347656 0.0112190246582031
-0.140899658203125 0.0345306396484375 -0.0247459411621094 0.0636138916015625
-0.136367797851562 -0.0385055541992188 -0.042694091796875 0.1275634765625
-0.09002685546875 -0.137947082519531 -0.0829315185546875 0.1810302734375
-0.057891845703125 -0.19757080078125 -0.121261596679688 0.239212036132813
0.02923583984375 -0.24932861328125 -0.0736541748046875 0.19781494140625
0.0726318359375 -0.281494140625 -0.3695068359375 -0.064361572265625
-0.0850830078125 -0.149429321289063 -0.157943725585938 -0.0843353271484375
-0.105484008789063 -0.0674362182617187 -0.0195465087890625 -0.169342041015625
-0.104072570800781 0.0129165649414063 -0.045379638671875 -0.228775024414063
-0.0688819885253906 0.0412025451660156 -0.086181640625 -0.233154296875
-0.0584640502929688 0.0878067016601563 -0.156265258789062 -0.2064208984375
-0.068267822265625 0.103073120117188 -0.190093994140625 -0.153030395507813
-0.0820770263671875 0.0970077514648438 -0.142196655273438 -0.104095458984375
-0.112419128417969 0.113044738769531 -0.0927658081054688 -0.068084716796875
-0.155853271484375 0.0541229248046875 -0.02947998046875 -0.0197181701660156
-0.176300048828125 -0.040374755859375 -0.000411987304687511 0.0368614196777344
-0.145462036132812 -0.127212524414063 -0.0240097045898438 0.0914993286132812
-0.03399658203125 -0.217041015625 -0.04669189453125 0.122215270996094
0.0175628662109375 -0.26129150390625 -0.0788116455078125 0.151687622070313
0.116241455078125 -0.290496826171875 -0.0207138061523438 0.103134155273437
0.167373657226562 -0.26776123046875 -0.3121337890625 -0.166259765625
0.023651123046875 -0.170654296875 -0.112060546875 -0.174972534179688
-0.00747680664062499 -0.130996704101563 0.00665283203125 -0.234237670898438
-0.054534912109375 -0.0768356323242188 -0.039794921875 -0.286102294921875
-0.0512008666992187 -0.0435791015625 -0.0815887451171875 -0.2626953125
-0.08380126953125 0.00252532958984375 -0.148834228515625 -0.233139038085937
-0.115676879882812 0.0304107666015625 -0.1702880859375 -0.180633544921875
-0.12310791015625 0.0335235595703125 -0.112373352050781 -0.128974914550781
-0.160232543945313 0.05169677734375 -0.05804443359375 -0.1019287109375
-0.186187744140625 0.00143432617187503 0.00704574584960936 -0.0431938171386719
-0.18951416015625 -0.09967041015625 0.0318508148193359 0.0160369873046875
-0.14459228515625 -0.185302734375 -0.00295639038085938 0.0614662170410156
0.007598876953125 -0.262466430664063 -0.0191879272460937 0.0674285888671875
0.076568603515625 -0.287689208984375 -0.0409164428710938 0.0548553466796875
0.18377685546875 -0.29119873046875 0.0499916076660156 0.000209808349609357
0.24273681640625 -0.21368408203125 -0.219879150390625 -0.252792358398438
0.132553100585938 -0.166748046875 -0.0384368896484375 -0.252609252929688
0.09661865234375 -0.18402099609375 0.045501708984375 -0.282440185546875
0.00317382812500001 -0.167404174804688 -0.02105712890625 -0.320892333984375
-0.0298690795898437 -0.128837585449219 -0.0644683837890625 -0.26727294921875
-0.100845336914062 -0.0843887329101562 -0.122665405273437 -0.232406616210938
-0.1466064453125 -0.046417236328125 -0.126754760742188 -0.182815551757812
-0.144638061523438 -0.03729248046875 -0.0645675659179688 -0.134124755859375
-0.182907104492187 -0.0204925537109375 -0.00949096679687501 -0.118568420410156
-0.184844970703125 -0.0555572509765625 0.0479621887207031 -0.0555038452148438
-0.168304443359375 -0.145980834960938 0.0621490478515625 0.00333023071289062
-0.11651611328125 -0.214813232421875 0.0152931213378906 0.0376319885253906
0.051727294921875 -0.265228271484375 -0.00430870056152343 0.0213699340820312
0.126968383789063 -0.267822265625 -0.0105476379394531 -0.0354690551757813
0.228683471679688 -0.244583129882813 0.128326416015625 -0.094696044921875
0.273971557617188 -0.1319580078125 -0.112060546875 -0.312469482421875
0.208999633789063 -0.130889892578125 0.043243408203125 -0.310455322265625
0.179855346679687 -0.199905395507813 0.079742431640625 -0.31072998046875
0.0573272705078125 -0.225418090820313 -0.000579833984374971 -0.32330322265625
-0.00390624999999998 -0.187774658203125 -0.0382537841796875 -0.241058349609375
-0.100494384765625 -0.153167724609375 -0.079345703125 -0.203765869140625
-0.154876708984375 -0.114028930664062 -0.066864013671875 -0.160903930664063
-0.145462036132813 -0.101303100585937 -0.00890350341796875 -0.118980407714844
-0.178619384765625 -0.090850830078125 0.0415420532226562 -0.111885070800781
-0.155502319335937 -0.11175537109375 0.0824203491210937 -0.0489273071289063
-0.116256713867188 -0.181259155273437 0.0834197998046875 0.00398254394531249
-0.0615081787109375 -0.2235107421875 0.0277748107910156 0.0245513916015625
0.1055908203125 -0.232513427734375 0.00343608856201173 -0.0104999542236328
0.174972534179688 -0.2059326171875 0.0178604125976563 -0.105537414550781
0.25030517578125 -0.159774780273437 0.20721435546875 -0.166793823242187
0.255859375 -0.0354156494140625 -0.01568603515625 -0.338226318359375
0.235275268554688 -0.068267822265625 0.11004638671875 -0.342437744140625
0.219650268554688 -0.167724609375 0.0965576171875 -0.314178466796875
0.0974884033203125 -0.227218627929688 0.016326904296875 -0.29315185546875
0.0263214111328125 -0.201690673828125 -0.011566162109375 -0.191177368164063
-0.077392578125 -0.18841552734375 -0.0273590087890625 -0.153106689453125
-0.1356201171875 -0.161468505859375 0.000801086425781247 -0.120826721191406
-0.123916625976562 -0.150405883789063 0.0482254028320313 -0.086029052734375
-0.150924682617188 -0.152420043945312 0.09063720703125 -0.0792160034179688
-0.1072998046875 -0.160140991210938 0.108184814453125 -0.0177841186523438
-0.0453948974609375 -0.204391479492187 0.0945816040039063 0.0263214111328125
0.015716552734375 -0.216293334960937 0.0341510772705078 0.0278835296630859
0.168197631835938 -0.1708984375 0.0111846923828125 -0.0199565887451172
0.2197265625 -0.109359741210938 0.0535659790039063 -0.140472412109375
0.249252319335938 -0.046722412109375 0.28436279296875 -0.197540283203125
0.193405151367188 0.068817138671875 0.05401611328125 -0.326812744140625
0.206527709960937 0.0133819580078125 0.1490478515625 -0.339447021484375
0.208740234375 -0.088653564453125 0.0949401855468751 -0.2891845703125
0.11846923828125 -0.167144775390625 0.02691650390625 -0.240707397460937
0.06072998046875 -0.162246704101563 0.00998687744140627 -0.132057189941406
-0.0281829833984375 -0.186691284179688 0.0206222534179688 -0.0949325561523438
-0.0873565673828125 -0.18414306640625 0.0617752075195313 -0.0711669921875
-0.0834808349609375 -0.177017211914063 0.0969772338867188 -0.0401611328125
-0.1046142578125 -0.191558837890625 0.131736755371094 -0.0248031616210938
-0.053131103515625 -0.188125610351562 0.124168395996094 0.0362548828125
0.0228118896484375 -0.205963134765625 0.0971221923828125 0.06744384765625
0.08331298828125 -0.19146728515625 0.0410614013671875 0.0494155883789062
0.213394165039063 -0.0980377197265625 0.0251502990722656 -0.00260353088378907
0.241668701171875 -0.003997802734375 0.098114013671875 -0.130538940429688
0.220138549804688 0.071624755859375 0.35028076171875 -0.181182861328125
0.102676391601563 0.1630859375 0.0818328857421875 -0.278793334960938
0.139724731445313 0.101882934570312 0.152984619140625 -0.300079345703125
0.16009521484375 0.017242431640625 0.0771942138671875 -0.242950439453125
0.123672485351562 -0.0654220581054687 0.0279693603515625 -0.182571411132813
0.0965728759765625 -0.0864486694335938 0.018310546875 -0.0799484252929688
0.0395050048828125 -0.153671264648438 0.0501556396484375 -0.0414085388183594
-0.02142333984375 -0.181015014648438 0.102096557617188 -0.0170440673828125
-0.0306549072265625 -0.176483154296875 0.129165649414063 0.0130081176757812
-0.0491790771484375 -0.199142456054688 0.16070556640625 0.041473388671875
-0.00669860839843749 -0.184951782226563 0.133293151855469 0.101730346679687
0.0675506591796875 -0.181320190429688 0.0968017578125 0.118568420410156
0.119873046875 -0.150405883789062 0.0483322143554688 0.0892868041992187
0.220077514648438 -0.0307159423828125 0.0405120849609375 0.0435104370117188
0.22564697265625 0.0901641845703125 0.140243530273438 -0.0760574340820313
0.157989501953125 0.17236328125 0.394287109375 -0.117828369140625
-0.0691070556640625 -0.247329711914062 -0.38128662109375 0.084381103515625
-0.1849365234375 -0.0755462646484375 -0.162353515625 0.0344390869140625
-0.175827026367188 0.02398681640625 -0.02923583984375 -0.0943069458007813
-0.117431640625 0.108070373535156 -0.04595947265625 -0.15972900390625
-0.056640625 0.117698669433594 -0.0937957763671875 -0.181976318359375
0.000991821289062505 0.149261474609375 -0.160629272460938 -0.149948120117188
0.01373291015625 0.148605346679688 -0.197341918945313 -0.08990478515625
-0.0042724609375 0.138557434082031 -0.158706665039062 -0.0507965087890625
-0.0161590576171875 0.154693603515625 -0.116233825683594 -0.01226806640625
-0.074493408203125 0.113670349121094 -0.0600624084472656 0.0132522583007813
-0.122650146484375 0.056671142578125 -0.0275421142578125 0.0615196228027344
-0.136024475097656 -0.0109939575195313 -0.03619384765625 0.124679565429687
-0.113906860351563 -0.114692687988281 -0.0699005126953125 0.179244995117188
-0.093109130859375 -0.179367065429687 -0.099273681640625 0.246414184570313
-0.014312744140625 -0.246490478515625 -0.05853271484375 0.204788208007812
0.03173828125 -0.278427124023438 -0.379150390625 -0.01605224609375
-0.102043151855469 -0.123970031738281 -0.165771484375 -0.0555267333984375
-0.108039855957031 -0.042877197265625 -0.0325927734375 -0.159439086914063
-0.0893783569335938 0.0332107543945312 -0.0620269775390625 -0.218460083007812
-0.04998779296875 0.0489425659179688 -0.104705810546875 -0.222000122070313
-0.0338211059570313 0.0853805541992188 -0.174285888671875 -0.191619873046875
-0.04669189453125 0.0999984741210937 -0.207687377929688 -0.133056640625
-0.0612258911132812 0.0961761474609375 -0.157608032226563 -0.087799072265625
-0.0866165161132813 0.115982055664063 -0.109588623046875 -0.0534591674804688
-0.135848999023438 0.0688247680664062 -0.0443763732910156 -0.0166816711425781
-0.167861938476563 -0.0153045654296875 -0.0103225708007813 0.0356369018554688
-0.154006958007812 -0.100296020507813 -0.0260467529296875 0.0889892578125
-0.0635528564453125 -0.201889038085937 -0.045135498046875 0.117683410644531
-0.0214996337890625 -0.252899169921875 -0.072662353515625 0.156723022460937
0.0714111328125 -0.29791259765625 -0.0224533081054688 0.107131958007813
0.1336669921875 -0.277328491210938 -0.337921142578125 -0.1202392578125
0.00656127929687499 -0.160400390625 -0.133270263671875 -0.147705078125
-0.0167922973632813 -0.119873046875 -0.0154571533203125 -0.223739624023438
-0.0511322021484375 -0.0634040832519531 -0.0650634765625 -0.2734375
-0.0430030822753906 -0.038665771484375 -0.1060791015625 -0.2489013671875
-0.0709381103515625 0.00410461425781251 -0.172821044921875 -0.215255737304688
-0.104537963867187 0.0346603393554688 -0.194549560546875 -0.157333374023437
-0.111442565917969 0.0385818481445312 -0.132408142089844 -0.111122131347656
-0.145294189453125 0.0616302490234375 -0.0802841186523438 -0.0869216918945313
-0.175201416015625 0.0182647705078125 -0.0133094787597656 -0.0400581359863281
-0.190719604492188 -0.075531005859375 0.0165805816650391 0.0153179168701172
-0.159942626953125 -0.16156005859375 -0.0122871398925781 0.0605010986328125
-0.024139404296875 -0.255645751953125 -0.0280189514160156 0.0621604919433594
0.03851318359375 -0.289276123046875 -0.0496978759765625 0.0579795837402343
0.1431884765625 -0.30780029296875 0.0323200225830078 -0.000743865966796894
0.2193603515625 -0.235885620117188 -0.256942749023438 -0.215896606445313
0.117965698242188 -0.172683715820313 -0.0712127685546875 -0.232559204101562
0.081939697265625 -0.189483642578125 0.01580810546875 -0.275558471679688
-0.00671386718749999 -0.162490844726563 -0.05242919921875 -0.307037353515625
-0.0340652465820313 -0.126823425292969 -0.0911865234375 -0.25347900390625
-0.10186767578125 -0.0790023803710938 -0.148834228515625 -0.214569091796875
-0.148117065429688 -0.03631591796875 -0.151657104492188 -0.160964965820313
-0.145111083984375 -0.0265960693359375 -0.0861434936523438 -0.118461608886719
-0.18048095703125 -0.0047760009765625 -0.0352020263671875 -0.106201171875
-0.185043334960938 -0.0374755859375 0.0252456665039062 -0.0527305603027344
-0.178756713867187 -0.126358032226562 0.0438613891601562 0.00310897827148437
-0.137588500976562 -0.198654174804688 0.00124740600585936 0.038330078125
0.0233001708984375 -0.268341064453125 -0.0203418731689453 0.0163040161132812
0.0959930419921875 -0.279586791992188 -0.0313911437988281 -0.0345630645751953
0.200637817382813 -0.268783569335938 0.0984649658203125 -0.102371215820313
0.265304565429688 -0.162063598632813 -0.15716552734375 -0.2880859375
0.201034545898438 -0.151336669921875 0.00250244140625001 -0.299163818359375
0.1640625 -0.220840454101562 0.0452880859375 -0.3057861328125
0.037017822265625 -0.231521606445313 -0.0340576171875 -0.310791015625
-0.019439697265625 -0.191421508789063 -0.0620269775390625 -0.229156494140625
-0.115219116210938 -0.145782470703125 -0.103836059570313 -0.18804931640625
-0.168731689453125 -0.09857177734375 -0.090240478515625 -0.143905639648438
-0.1572265625 -0.087493896484375 -0.0279769897460938 -0.106971740722656
-0.189163208007813 -0.07232666015625 0.0170745849609375 -0.103065490722656
-0.167221069335938 -0.0958404541015625 0.0608100891113281 -0.0457649230957031
-0.135848999023438 -0.169586181640625 0.0652580261230468 0.00470733642578124
-0.0858917236328125 -0.21807861328125 0.0112400054931641 0.0261268615722656
0.0837554931640625 -0.246871948242188 -0.0166339874267578 -0.0137691497802735
0.15582275390625 -0.227035522460938 -0.0114288330078125 -0.107498168945313
0.237686157226563 -0.189651489257813 0.169662475585938 -0.183151245117187
0.262771606445313 -0.0678558349609375 -0.061309814453125 -0.326171875
0.235031127929687 -0.098052978515625 0.06640625 -0.340545654296875
0.207794189453125 -0.199676513671875 0.061279296875 -0.3114013671875
0.073211669921875 -0.242935180664062 -0.01385498046875 -0.28192138671875
0.00347900390625002 -0.210311889648438 -0.0289764404296875 -0.182388305664063
-0.103179931640625 -0.182586669921875 -0.046142578125 -0.143295288085938
-0.160171508789063 -0.144119262695312 -0.017578125 -0.111846923828125
-0.1455078125 -0.135772705078125 0.0327911376953125 -0.080474853515625
-0.173202514648438 -0.133270263671875 0.0707168579101562 -0.076416015625
-0.129837036132813 -0.147552490234375 0.091796875 -0.0158157348632813
-0.072662353515625 -0.201675415039063 0.080352783203125 0.02630615234375
-0.0121307373046875 -0.2230224609375 0.0192489624023438 0.0297908782958984
0.154251098632812 -0.196823120117187 -0.00872802734374999 -0.0240554809570313
0.214813232421875 -0.140670776367187 0.02294921875 -0.146636962890625
0.2535400390625 -0.0795440673828125 0.245391845703125 -0.222183227539063
0.214004516601562 0.0397186279296875 0.0133056640625 -0.3258056640625
0.218154907226563 -0.016845703125 0.107635498046875 -0.34600830078125
0.206436157226563 -0.125152587890625 0.0626220703125 -0.287017822265625
0.0975341796875 -0.189788818359375 0.0037994384765625 -0.231643676757813
0.0377960205078125 -0.1768798828125 0.00055694580078124 -0.125923156738281
-0.058868408203125 -0.1844482421875 0.0105972290039062 -0.092071533203125
-0.119873046875 -0.169052124023437 0.05078125 -0.0704193115234375
-0.111831665039062 -0.162567138671875 0.089263916015625 -0.041900634765625
-0.136550903320313 -0.172637939453125 0.120834350585937 -0.0277938842773438
-0.0833740234375 -0.178436279296875 0.116035461425781 0.036041259765625
-0.0104827880859375 -0.211257934570313 0.0894851684570313 0.066070556640625
0.0540313720703125 -0.207733154296875 0.0298385620117187 0.0499992370605469
0.206253051757812 -0.133331298828125 0.0103845596313477 -0.0083599090576172
0.249679565429688 -0.0420379638671875 0.0719146728515625 -0.143020629882813
0.239822387695313 0.0390472412109375 0.316558837890625 -0.214752197265625
0.135421752929687 0.14251708984375 0.051788330078125 -0.284515380859375
0.163345336914062 0.0756988525390625 0.12030029296875 -0.31085205078125
0.169204711914063 -0.0164794921875 0.0520477294921875 -0.24029541015625
0.112159729003906 -0.0916748046875 0.0140228271484375 -0.174789428710938
0.0789260864257813 -0.105079650878906 0.0177459716796875 -0.0760345458984375
0.00785827636718749 -0.15802001953125 0.0498733520507812 -0.0437812805175781
-0.055267333984375 -0.171066284179688 0.100845336914063 -0.0249710083007813
-0.0612335205078125 -0.165542602539063 0.13037109375 0.00495910644531249
-0.0846710205078125 -0.183639526367188 0.159652709960938 0.031890869140625
-0.0400238037109375 -0.178695678710938 0.134674072265625 0.0972213745117187
0.0333099365234375 -0.190750122070313 0.0972671508789062 0.11492919921875
0.092559814453125 -0.1712646484375 0.043914794921875 0.0859298706054687
0.2186279296875 -0.06878662109375 0.0340824127197266 0.0340003967285156
0.24285888671875 0.05047607421875 0.124000549316406 -0.0960235595703125
0.190078735351563 0.14483642578125 0.37322998046875 -0.15875244140625
-0.099639892578125 -0.227920532226563 -0.37005615234375 0.1185302734375
-0.187774658203125 -0.04498291015625 -0.153289794921875 0.0539093017578125
-0.167678833007813 0.0502777099609375 -0.0292129516601563 -0.0883560180664063
-0.0951690673828125 0.122451782226563 -0.04864501953125 -0.1561279296875
-0.0343780517578125 0.12066650390625 -0.100921630859375 -0.176116943359375
0.0243606567382813 0.139144897460938 -0.166046142578125 -0.14324951171875
0.0341873168945313 0.135871887207031 -0.20379638671875 -0.0789337158203124
0.0153579711914062 0.128761291503906 -0.164566040039063 -0.0399169921875
0.00775146484374999 0.1441650390625 -0.120399475097656 -0.00236511230468749
-0.052276611328125 0.114151000976563 -0.067230224609375 0.0158424377441406
-0.1048583984375 0.0696182250976563 -0.0320892333984375 0.0612678527832031
-0.129287719726563 0.0102310180664062 -0.0346755981445313 0.121185302734375
-0.12811279296875 -0.0916061401367188 -0.06268310546875 0.175643920898438
-0.117568969726563 -0.1578369140625 -0.0842742919921875 0.249481201171875
-0.0479583740234375 -0.235931396484375 -0.048095703125 0.208648681640625
0.00138854980468753 -0.268539428710938 -0.37969970703125 0.0228881835937499
-0.108306884765625 -0.101509094238281 -0.166366577148438 -0.0311737060546875
-0.104255676269531 -0.0220870971679687 -0.03985595703125 -0.149566650390625
-0.0725936889648438 0.045806884765625 -0.071441650390625 -0.209503173828125
-0.0331459045410156 0.0508880615234375 -0.116012573242188 -0.211929321289062
-0.0159454345703125 0.0777664184570313 -0.1845703125 -0.178451538085938
-0.0306015014648437 0.0929412841796875 -0.219024658203125 -0.114898681640625
-0.0459976196289062 0.0908126831054688 -0.168533325195313 -0.0718536376953125
-0.0675888061523438 0.112030029296875 -0.119720458984375 -0.0393753051757812
-0.117904663085937 0.0736160278320313 -0.0566177368164063 -0.010101318359375
-0.156387329101563 4.57763671874925E-05 -0.0193519592285156 0.0382080078125
-0.155197143554688 -0.078460693359375 -0.0309524536132813 0.089019775390625
-0.0840911865234375 -0.184844970703125 -0.047943115234375 0.114646911621094
-0.0508270263671875 -0.239471435546875 -0.0693206787109375 0.16131591796875
0.03631591796875 -0.296234130859375 -0.0248794555664062 0.112274169921875
0.106719970703125 -0.27880859375 -0.35028076171875 -0.080413818359375
-0.00224304199218749 -0.148757934570313 -0.144821166992188 -0.122573852539063
-0.0197219848632813 -0.109756469726563 -0.029388427734375 -0.212738037109375
-0.043731689453125 -0.0543403625488281 -0.0801849365234375 -0.261062622070313
-0.034576416015625 -0.0375938415527344 -0.120697021484375 -0.2362060546875
-0.0609893798828125 0.00104141235351562 -0.18707275390625 -0.198989868164062
-0.095794677734375 0.034820556640625 -0.208969116210938 -0.136337280273437
-0.102569580078125 0.0389404296875 -0.145843505859375 -0.0938262939453125
-0.132278442382813 0.0648269653320312 -0.0953598022460938 -0.0708236694335937
-0.164077758789063 0.02764892578125 -0.0285930633544922 -0.0318717956542969
-0.1865234375 -0.0587921142578125 0.00375366210937499 0.0200767517089844
-0.167510986328125 -0.142547607421875 -0.0218315124511719 0.0627517700195312
-0.044830322265625 -0.245559692382813 -0.0393257141113281 0.0602951049804687
0.00982666015624999 -0.2845458984375 -0.0588722229003906 0.0630836486816406
0.111572265625 -0.314239501953125 0.0179538726806641 0.00218009948730467
0.199874877929688 -0.249801635742188 -0.279678344726563 -0.180160522460938
0.107955932617187 -0.174636840820313 -0.0917205810546875 -0.209259033203125
0.072662353515625 -0.191680908203125 -0.0035552978515625 -0.264022827148438
-0.012237548828125 -0.15869140625 -0.072265625 -0.293670654296875
-0.0361175537109375 -0.127349853515625 -0.106948852539063 -0.239227294921875
-0.102317810058594 -0.0766220092773437 -0.165451049804687 -0.196563720703125
-0.148406982421875 -0.02862548828125 -0.1685791015625 -0.139816284179687
-0.144485473632812 -0.0211944580078125 -0.099151611328125 -0.102584838867188
-0.176681518554688 0.00544738769531253 -0.0525131225585938 -0.0903701782226563
-0.182647705078125 -0.0262451171875 0.00766372680664061 -0.0436172485351563
-0.183303833007813 -0.111434936523437 0.029581069946289 0.00878524780273437
-0.150405883789063 -0.184799194335938 -0.0114669799804688 0.0429801940917969
0.00204467773437503 -0.267791748046875 -0.0368804931640625 0.0170478820800781
0.071685791015625 -0.283294677734375 -0.0505790710449219 -0.0291213989257813
0.17626953125 -0.284637451171875 0.0742721557617188 -0.102310180664063
0.255661010742188 -0.185455322265625 -0.187408447265625 -0.260482788085938
0.192901611328125 -0.166580200195313 -0.025390625 -0.282501220703125
0.150848388671875 -0.236373901367188 0.02252197265625 -0.295806884765625
0.021331787109375 -0.234237670898438 -0.055511474609375 -0.29656982421875
-0.031646728515625 -0.193191528320313 -0.076873779296875 -0.216842651367188
-0.126594543457031 -0.139251708984375 -0.119155883789063 -0.17254638671875
-0.177841186523437 -0.085205078125 -0.10491943359375 -0.126304626464844
-0.164382934570312 -0.0762939453125 -0.0402679443359375 -0.0940628051757813
-0.195419311523438 -0.0572509765625 0.000640869140624996 -0.0895309448242188
-0.173690795898438 -0.082611083984375 0.0447578430175781 -0.03717041015625
-0.149063110351563 -0.15838623046875 0.0517463684082031 0.0114898681640625
-0.103652954101563 -0.211517333984375 -0.00252914428710939 0.032999038696289
0.0653076171875 -0.256149291992188 -0.0362586975097656 -0.0114364624023438
0.138824462890625 -0.2418212890625 -0.0360641479492187 -0.102325439453125
0.224822998046875 -0.211944580078125 0.13861083984375 -0.187423706054688
0.263702392578125 -0.096343994140625 -0.0947265625 -0.308685302734375
0.2335205078125 -0.1217041015625 0.03436279296875 -0.33197021484375
0.194427490234375 -0.224212646484375 0.036834716796875 -0.30230712890625
0.05084228515625 -0.252883911132813 -0.03228759765625 -0.269515991210938
-0.014923095703125 -0.214981079101563 -0.0394287109375 -0.1729736328125
-0.121536254882812 -0.173782348632813 -0.058135986328125 -0.13238525390625
-0.177139282226563 -0.12762451171875 -0.02978515625 -0.100631713867188
-0.160049438476562 -0.12109375 0.0244064331054687 -0.0729522705078125
-0.188003540039062 -0.113693237304688 0.0575637817382812 -0.0671730041503906
-0.145050048828125 -0.134017944335937 0.08013916015625 -0.00873565673828126
-0.09417724609375 -0.19580078125 0.0696830749511719 0.0323143005371094
-0.0340576171875 -0.224456787109375 0.0068206787109375 0.0363845825195312
0.1395263671875 -0.216827392578125 -0.0262660980224609 -0.0219154357910156
0.206649780273438 -0.166244506835938 -0.00389099121093749 -0.146148681640625
0.253448486328125 -0.106246948242187 0.212814331054688 -0.233963012695313
0.226058959960937 0.01123046875 -0.016876220703125 -0.318023681640625
0.224227905273438 -0.0440521240234375 0.076263427734375 -0.344390869140625
0.198760986328125 -0.1546630859375 0.041015625 -0.279571533203125
0.076416015625 -0.205337524414062 -0.010009765625 -0.220809936523438
0.0175323486328125 -0.185897827148438 -0.0036163330078125 -0.120834350585938
-0.08270263671875 -0.177032470703125 0.00496673583984375 -0.0877151489257813
-0.14227294921875 -0.152008056640625 0.0443763732910156 -0.0679206848144531
-0.131988525390625 -0.147125244140625 0.084930419921875 -0.040618896484375
-0.157073974609375 -0.152542114257813 0.112564086914063 -0.0252304077148438
-0.105377197265625 -0.165695190429688 0.110237121582031 0.0400238037109375
-0.0372314453125 -0.209182739257812 0.08343505859375 0.0700149536132812
0.0296173095703125 -0.215744018554688 0.0200920104980469 0.0546226501464844
0.1951904296875 -0.160980224609375 -0.00357723236083983 -0.00920295715332032
0.25042724609375 -0.0742034912109375 0.048583984375 -0.148651123046875
0.251953125 0.009307861328125 0.287322998046875 -0.23309326171875
0.1578369140625 0.118896484375 0.029541015625 -0.285369873046875
0.177780151367188 0.0505218505859375 0.094879150390625 -0.314666748046875
0.171310424804688 -0.0458526611328125 0.0359039306640625 -0.234268188476563
0.097259521484375 -0.111930847167969 0.00773620605468749 -0.167266845703125
0.061859130859375 -0.117942810058594 0.0195999145507813 -0.0727157592773438
-0.016937255859375 -0.155227661132813 0.0502510070800781 -0.0462760925292969
-0.080902099609375 -0.157608032226563 0.100563049316406 -0.0303421020507813
-0.0835113525390625 -0.151275634765625 0.131057739257812 -0.000534057617187509
-0.108856201171875 -0.164398193359375 0.158294677734375 0.0276641845703125
-0.064697265625 -0.166366577148437 0.135948181152344 0.0971527099609375
0.00433349609374999 -0.191329956054688 0.096893310546875 0.114990234375
0.066741943359375 -0.18218994140625 0.0392913818359375 0.0868072509765625
0.21026611328125 -0.0991973876953125 0.0266017913818359 0.0290565490722656
0.250259399414063 0.015777587890625 0.108055114746094 -0.108901977539062
0.210403442382813 0.11639404296875 0.35296630859375 -0.185455322265625
-0.123428344726563 -0.210891723632812 -0.36376953125 0.14764404296875
-0.189132690429688 -0.02099609375 -0.144195556640625 0.0690155029296875
-0.159423828125 0.07342529296875 -0.0285797119140625 -0.0858993530273437
-0.0753707885742188 0.133880615234375 -0.0502471923828125 -0.15753173828125
-0.0162277221679687 0.121444702148438 -0.106796264648438 -0.17529296875
0.0426025390625 0.128227233886719 -0.173416137695312 -0.141555786132813
0.0489730834960938 0.123580932617188 -0.212188720703125 -0.07049560546875
0.0292129516601563 0.119461059570312 -0.171951293945313 -0.0305633544921875
0.0249557495117188 0.133270263671875 -0.125457763671875 0.00634002685546874
-0.03533935546875 0.111885070800781 -0.0737152099609375 0.0199813842773437
-0.089263916015625 0.0772476196289063 -0.0367927551269531 0.0635871887207031
-0.122261047363281 0.027099609375 -0.0358123779296875 0.122001647949219
-0.137428283691406 -0.0707015991210937 -0.06048583984375 0.176025390625
-0.135932922363281 -0.138526916503906 -0.0742034912109375 0.254592895507813
-0.07464599609375 -0.22564697265625 -0.041900634765625 0.213653564453125
-0.0212554931640625 -0.26031494140625 -0.382720947265625 0.055694580078125
-0.1107177734375 -0.0832061767578125 -0.166000366210938 -0.0112762451171875
-0.0987319946289063 -0.00666809082031249 -0.0433349609375 -0.144119262695313
-0.0575790405273438 0.0541572570800781 -0.078155517578125 -0.206787109375
-0.01934814453125 0.0486793518066406 -0.124893188476562 -0.20721435546875
-0.00292205810546875 0.0689582824707031 -0.196365356445313 -0.172576904296875
-0.0202713012695313 0.0852432250976562 -0.230575561523438 -0.101943969726562
-0.0359344482421875 0.0849685668945313 -0.178253173828125 -0.0592193603515625
-0.0544891357421875 0.106101989746094 -0.128738403320312 -0.0264892578125
-0.1051025390625 0.0747756958007813 -0.066619873046875 -0.00328826904296874
-0.14691162109375 0.00981140136718749 -0.0279579162597656 0.04339599609375
-0.154632568359375 -0.0631256103515625 -0.0369110107421875 0.0928421020507813
-0.0975494384765625 -0.17083740234375 -0.0540542602539063 0.115921020507812
-0.072418212890625 -0.2274169921875 -0.0696563720703125 0.16839599609375
0.00912475585937502 -0.2939453125 -0.0273513793945313 0.118865966796875
0.0879364013671875 -0.280441284179688 -0.361328125 -0.0467529296875
-0.00611877441406251 -0.14080810546875 -0.151962280273438 -0.101516723632813
-0.0194854736328125 -0.103103637695312 -0.0381927490234375 -0.205825805664063
-0.0366935729980469 -0.0497016906738281 -0.091766357421875 -0.254135131835938
-0.0277824401855469 -0.0402908325195313 -0.1318359375 -0.228378295898438
-0.0550498962402344 -0.00410842895507812 -0.200103759765625 -0.187545776367187
-0.0912628173828125 0.0330810546875 -0.221511840820312 -0.1190185546875
-0.0984649658203125 0.0370559692382812 -0.156021118164063 -0.079132080078125
-0.125701904296875 0.0656967163085938 -0.106147766113281 -0.0563735961914062
-0.157211303710938 0.03271484375 -0.0405120849609375 -0.0225181579589844
-0.184219360351562 -0.048828125 -0.00602912902832032 0.0276565551757812
-0.172378540039063 -0.129425048828125 -0.0303306579589844 0.0692253112792969
-0.061279296875 -0.238922119140625 -0.0514945983886719 0.0633926391601562
-0.01275634765625 -0.28057861328125 -0.0675506591796875 0.0710906982421875
0.087615966796875 -0.320037841796875 0.0063624382019043 0.00792694091796873
0.186569213867188 -0.261001586914063 -0.298492431640625 -0.149993896484375
0.102706909179688 -0.178115844726563 -0.10614013671875 -0.191146850585938
0.066650390625 -0.196044921875 -0.0160675048828125 -0.257217407226563
-0.0144195556640625 -0.158966064453125 -0.086700439453125 -0.28521728515625
-0.0383224487304687 -0.130905151367188 -0.11920166015625 -0.230865478515625
-0.104461669921875 -0.0772933959960937 -0.178695678710937 -0.183868408203125
-0.150650024414062 -0.0236663818359375 -0.180908203125 -0.12225341796875
-0.146408081054687 -0.016876220703125 -0.109588623046875 -0.0887222290039062
-0.17669677734375 0.01220703125 -0.06365966796875 -0.075714111328125
-0.182388305664063 -0.01849365234375 -0.0040721893310547 -0.0332813262939453
-0.187393188476563 -0.101242065429687 0.0194473266601562 0.0178756713867187
-0.160140991210938 -0.175445556640625 -0.0221939086914063 0.0517539978027344
-0.0129241943359375 -0.269943237304688 -0.0533332824707031 0.0218353271484375
0.05316162109375 -0.28973388671875 -0.0671501159667969 -0.02117919921875
0.15966796875 -0.2982177734375 0.0550918579101563 -0.0999679565429688
0.2498779296875 -0.205963134765625 -0.211227416992187 -0.236480712890625
0.189620971679688 -0.180816650390625 -0.0449676513671875 -0.269515991210938
0.140594482421875 -0.251251220703125 0.00735473632812502 -0.290130615234375
0.00939941406250002 -0.23956298828125 -0.0693359375 -0.287628173828125
-0.042572021484375 -0.198074340820313 -0.087249755859375 -0.2098388671875
-0.136741638183594 -0.135574340820312 -0.1317138671875 -0.160797119140625
-0.18682861328125 -0.074554443359375 -0.115959167480469 -0.111618041992187
-0.172775268554688 -0.0685882568359375 -0.0478744506835938 -0.0831298828125
-0.20208740234375 -0.04595947265625 -0.00955963134765627 -0.0769271850585937
-0.18115234375 -0.0735015869140625 0.0355262756347656 -0.0265159606933594
-0.16064453125 -0.1517333984375 0.0434608459472656 0.0211906433105469
-0.119552612304687 -0.208251953125 -0.0125541687011719 0.0429649353027344
0.0513153076171875 -0.267425537109375 -0.0540580749511719 -0.00584793090820315
0.125930786132813 -0.256927490234375 -0.0573654174804688 -0.095916748046875
0.216766357421875 -0.231491088867188 0.115631103515625 -0.189300537109375
0.26568603515625 -0.121353149414063 -0.12005615234375 -0.294097900390625
0.23260498046875 -0.143936157226562 0.011260986328125 -0.324981689453125
0.184188842773438 -0.24884033203125 0.021392822265625 -0.2974853515625
0.03314208984375 -0.262435913085937 -0.0447998046875 -0.261703491210938
-0.0316009521484375 -0.221176147460938 -0.0460662841796875 -0.168426513671875
-0.139434814453125 -0.167007446289062 -0.0669784545898438 -0.124229431152344
-0.192108154296875 -0.112136840820313 -0.0370712280273438 -0.0915145874023438
-0.173690795898438 -0.109710693359375 0.0203399658203125 -0.0663909912109375
-0.200851440429688 -0.0987396240234375 0.05126953125 -0.0583724975585938
-0.158172607421875 -0.123550415039063 0.0744094848632812 0.00138092041015624
-0.112228393554687 -0.190994262695313 0.0637741088867188 0.0415611267089844
-0.053466796875 -0.226974487304688 -0.00228500366210938 0.0463905334472656
0.128219604492187 -0.236404418945312 -0.0430679321289062 -0.0168647766113281
0.200653076171875 -0.18951416015625 -0.025726318359375 -0.142959594726563
0.255218505859375 -0.131027221679688 0.189254760742188 -0.241668701171875
0.237747192382813 -0.01318359375 -0.040679931640625 -0.312225341796875
0.229629516601563 -0.0694122314453125 0.053741455078125 -0.343994140625
0.1922607421875 -0.181869506835937 0.026611328125 -0.275497436523438
0.058929443359375 -0.219390869140625 -0.0185546875 -0.21484375
-0.000442504882812488 -0.194015502929688 -0.00505065917968751 -0.118453979492188
-0.103195190429687 -0.171234130859375 0.000701904296875001 -0.0850448608398438
-0.1605224609375 -0.136154174804688 0.0410499572753906 -0.0654983520507813
-0.148452758789062 -0.134597778320313 0.0845489501953125 -0.03924560546875
-0.174346923828125 -0.135406494140625 0.110252380371094 -0.0206985473632813
-0.123245239257813 -0.15447998046875 0.110160827636719 0.0475692749023437
-0.0592498779296875 -0.206634521484375 0.0810699462890625 0.0770492553710937
0.007354736328125 -0.221847534179688 0.01300048828125 0.0620651245117187
0.186050415039063 -0.185699462890625 -0.016728401184082 -0.00716686248779298
0.250778198242188 -0.1033935546875 0.0283203125 -0.151199340820313
0.262725830078125 -0.01708984375 0.267791748046875 -0.24871826171875
0.175674438476562 0.0976409912109375 0.01190185546875 -0.287017822265625
0.189163208007813 0.027008056640625 0.0768432617187501 -0.3201904296875
0.170150756835937 -0.0720977783203125 0.02581787109375 -0.231063842773438
0.0832977294921875 -0.127906799316406 0.00621032714843749 -0.163543701171875
0.045928955078125 -0.128135681152344 0.0241165161132813 -0.07440185546875
-0.037994384765625 -0.151153564453125 0.051361083984375 -0.0485076904296875
-0.1004638671875 -0.143463134765625 0.101486206054688 -0.0346221923828125
-0.100822448730469 -0.138702392578125 0.13531494140625 -0.00518035888671876
-0.127792358398438 -0.147598266601562 0.161270141601563 0.0261383056640625
-0.0837554931640625 -0.15533447265625 0.140838623046875 0.100555419921875
-0.019012451171875 -0.189910888671875 0.0980072021484375 0.118804931640625
0.04510498046875 -0.190338134765625 0.0359115600585937 0.0908737182617187
0.202804565429688 -0.12554931640625 0.0187263488769531 0.0265674591064453
0.2559814453125 -0.0152435302734375 0.0931625366210938 -0.118705749511719
0.227462768554688 0.0917816162109375 0.339324951171875 -0.207763671875
-0.147216796875 -0.194869995117188 -0.361572265625 0.179840087890625
-0.189910888671875 0.002716064453125 -0.136276245117188 0.0850372314453125
-0.15045166015625 0.0961456298828125 -0.0282440185546875 -0.0863571166992188
-0.055267333984375 0.143875122070313 -0.05584716796875 -0.161849975585938
0.000976562499999999 0.12213134765625 -0.116409301757813 -0.177642822265625
0.058868408203125 0.118247985839844 -0.185714721679688 -0.141265869140625
0.0631790161132813 0.112876892089844 -0.225204467773438 -0.0623016357421875
0.04248046875 0.111083984375 -0.181930541992187 -0.0204315185546875
0.0400390625 0.122802734375 -0.131942749023438 0.0166702270507813
-0.0201263427734375 0.109619140625 -0.0813140869140625 0.0264816284179688
-0.07574462890625 0.08392333984375 -0.0417251586914063 0.0688858032226563
-0.114921569824219 0.0423126220703125 -0.0370864868164062 0.127044677734375
-0.145645141601563 -0.0506134033203125 -0.059112548828125 0.181137084960938
-0.153411865234375 -0.119415283203125 -0.0639190673828125 0.265396118164062
-0.10260009765625 -0.216400146484375 -0.03369140625 0.224105834960937
-0.04290771484375 -0.254425048828125 -0.3890380859375 0.091766357421875
-0.11260986328125 -0.0678024291992188 -0.165679931640625 0.00825500488281248
-0.09295654296875 0.00810241699218751 -0.0488739013671875 -0.141983032226562
-0.0427322387695313 0.060394287109375 -0.08837890625 -0.206771850585937
-0.00740814208984375 0.0464630126953125 -0.137710571289062 -0.205352783203125
0.00769805908203125 0.0598526000976563 -0.211959838867187 -0.166839599609375
-0.0115814208984375 0.078643798828125 -0.24578857421875 -0.0877075195312501
-0.0286483764648438 0.080108642578125 -0.190093994140625 -0.045379638671875
-0.0449371337890625 0.101898193359375 -0.137832641601563 -0.0126800537109375
-0.0954437255859375 0.0770721435546875 -0.076568603515625 0.00611114501953126
-0.140899658203125 0.0184478759765625 -0.0342521667480469 0.0519523620605469
-0.155624389648438 -0.0491180419921875 -0.04180908203125 0.100357055664063
-0.111862182617188 -0.159103393554688 -0.0602264404296875 0.123062133789063
-0.0944976806640625 -0.217056274414063 -0.068939208984375 0.1802978515625
-0.018463134765625 -0.295379638671875 -0.0293960571289063 0.12872314453125
0.0701904296875 -0.28656005859375 -0.375274658203125 -0.0110778808593751
-0.0096282958984375 -0.136390686035156 -0.159561157226563 -0.0813751220703125
-0.0187301635742188 -0.0995330810546875 -0.0477294921875 -0.202896118164063
-0.0302581787109375 -0.0485649108886719 -0.105606079101563 -0.252029418945313
-0.0228996276855469 -0.0458793640136719 -0.14642333984375 -0.224746704101563
-0.0522079467773438 -0.00970458984375 -0.217910766601563 -0.17840576171875
-0.089202880859375 0.0330352783203125 -0.237762451171875 -0.102752685546875
-0.0974578857421875 0.0374908447265625 -0.168106079101563 -0.064605712890625
-0.122695922851563 0.067840576171875 -0.116462707519531 -0.0414581298828125
-0.154067993164063 0.038116455078125 -0.0505485534667969 -0.0117683410644531
-0.185836791992187 -0.03875732421875 -0.013031005859375 0.0379371643066406
-0.181381225585937 -0.118240356445313 -0.0380935668945313 0.0801315307617187
-0.079559326171875 -0.236541748046875 -0.0641403198242188 0.0715789794921875
-0.0347442626953125 -0.280120849609375 -0.0762786865234375 0.0836715698242187
0.0634765625 -0.331329345703125 -0.00359344482421874 0.0149946212768554
0.175308227539063 -0.279190063476563 -0.319915771484375 -0.119140625
0.09954833984375 -0.185882568359375 -0.120269775390625 -0.174652099609375
0.0609588623046875 -0.205459594726563 -0.029296875 -0.256210327148438
-0.0185089111328125 -0.1630859375 -0.102294921875 -0.281982421875
-0.043060302734375 -0.137901306152344 -0.133468627929687 -0.2269287109375
-0.1103515625 -0.0787353515625 -0.195648193359375 -0.172637939453125
-0.156585693359375 -0.0175933837890625 -0.194915771484375 -0.105300903320313
-0.152313232421875 -0.01275634765625 -0.119178771972656 -0.075408935546875
-0.180984497070313 0.0202789306640625 -0.0737991333007813 -0.062225341796875
-0.186416625976563 -0.01043701171875 -0.0127773284912109 -0.0223197937011719
-0.196670532226563 -0.0937652587890625 0.0135211944580078 0.0289764404296875
-0.175247192382813 -0.16851806640625 -0.0300750732421875 0.0643577575683594
-0.032196044921875 -0.276763916015625 -0.0701713562011719 0.0312690734863281
0.0333251953125 -0.298919677734375 -0.083282470703125 -0.00944519042968751
0.143096923828125 -0.317169189453125 0.0387115478515625 -0.098052978515625
0.24554443359375 -0.232086181640625 -0.235946655273437 -0.214126586914063
0.186676025390625 -0.199569702148438 -0.064910888671875 -0.259307861328125
0.130859375 -0.272552490234375 -0.00747680664062498 -0.289886474609375
-0.00491333007812498 -0.248931884765625 -0.086181640625 -0.285308837890625
-0.05609130859375 -0.206451416015625 -0.100555419921875 -0.20648193359375
-0.150482177734375 -0.132369995117188 -0.145584106445312 -0.15020751953125
-0.199554443359375 -0.06243896484375 -0.126945495605469 -0.097625732421875
-0.184906005859375 -0.0597686767578125 -0.0545578002929688 -0.0740280151367188
-0.2122802734375 -0.03204345703125 -0.0167465209960938 -0.0661582946777344
-0.191207885742188 -0.06390380859375 0.0304832458496094 -0.0157737731933594
-0.176025390625 -0.145797729492187 0.0394210815429687 0.0322380065917969
-0.1373291015625 -0.206756591796875 -0.0206260681152344 0.0569076538085937
0.03424072265625 -0.283111572265625 -0.0708389282226563 0.00424957275390623
0.111541748046875 -0.276641845703125 -0.0784378051757812 -0.0868301391601563
0.20989990234375 -0.2574462890625 0.0952301025390625 -0.193450927734375
0.269577026367188 -0.149917602539063 -0.1458740234375 -0.281463623046875
0.233489990234375 -0.169647216796875 -0.01141357421875 -0.3231201171875
0.1728515625 -0.276885986328125 0.00555419921874998 -0.29827880859375
0.01318359375 -0.275527954101563 -0.058013916015625 -0.259933471679688
-0.050994873046875 -0.230148315429688 -0.0548858642578125 -0.166885375976563
-0.159072875976563 -0.161056518554688 -0.0764541625976562 -0.117500305175781
-0.209259033203125 -0.0965576171875 -0.0435409545898438 -0.082672119140625
-0.19000244140625 -0.0975494384765625 0.017669677734375 -0.0619354248046875
-0.21636962890625 -0.082275390625 0.0481452941894531 -0.05157470703125
-0.173492431640625 -0.113571166992187 0.0744094848632812 0.0103302001953125
-0.1328125 -0.188323974609375 0.0635108947753906 0.0520744323730469
-0.0746612548828125 -0.2310791015625 -0.00875854492187501 0.0590095520019531
0.114166259765625 -0.260879516601563 -0.0595207214355469 -0.00833129882812503
0.193771362304688 -0.217071533203125 -0.0487213134765625 -0.138748168945313
0.2584228515625 -0.160781860351563 0.169189453125 -0.255050659179688
0.24853515625 -0.0411376953125 -0.06414794921875 -0.310638427734375
0.2344970703125 -0.0977783203125 0.030853271484375 -0.3492431640625
0.183837890625 -0.212844848632813 0.0138702392578125 -0.2767333984375
0.038330078125 -0.235397338867188 -0.026611328125 -0.214889526367188
-0.021026611328125 -0.203521728515625 -0.00711822509765626 -0.12030029296875
-0.126571655273437 -0.164321899414063 -0.00357055664062501 -0.0835189819335938
-0.180465698242188 -0.120315551757813 0.0388679504394531 -0.0647697448730469
-0.166671752929687 -0.121139526367188 0.0868148803710937 -0.0403976440429688
-0.192459106445313 -0.117767333984375 0.112663269042969 -0.01806640625
-0.141098022460938 -0.14373779296875 0.115455627441406 0.0544052124023438
-0.082122802734375 -0.205535888671875 0.0844573974609375 0.0860443115234375
-0.0143585205078125 -0.230209350585938 0.00959014892578126 0.0731201171875
0.1746826171875 -0.215057373046875 -0.0292758941650391 -0.00273513793945313
0.250595092773438 -0.135574340820313 0.0086212158203125 -0.154571533203125
0.274200439453125 -0.0464630126953125 0.251708984375 -0.268951416015625
0.1929931640625 0.075469970703125 -0.00686645507812501 -0.29266357421875
0.199661254882813 0.0020751953125 0.05682373046875 -0.331390380859375
0.167861938476563 -0.100296020507813 0.01708984375 -0.232833862304688
0.06829833984375 -0.144027709960938 0.0034942626953125 -0.165451049804688
0.0297393798828125 -0.138458251953125 0.027374267578125 -0.078521728515625
-0.0590057373046875 -0.147048950195313 0.0532341003417969 -0.0535087585449219
-0.119903564453125 -0.129936218261719 0.104324340820312 -0.0416336059570313
-0.118614196777344 -0.12664794921875 0.14141845703125 -0.012115478515625
-0.14556884765625 -0.131378173828125 0.169189453125 0.02349853515625
-0.1024169921875 -0.144134521484375 0.151397705078125 0.104171752929687
-0.0422210693359375 -0.188629150390625 0.10467529296875 0.125236511230469
0.022247314453125 -0.1988525390625 0.0345611572265625 0.0983428955078125
0.194137573242188 -0.1539306640625 0.0116176605224609 0.026763916015625
0.260482788085938 -0.0470123291015625 0.0793685913085938 -0.129341125488281
0.245315551757813 0.065673828125 0.3311767578125 -0.23577880859375
-0.172592163085938 -0.1741943359375 -0.35357666015625 0.22198486328125
-0.188385009765625 0.0287933349609375 -0.126327514648438 0.102447509765625
-0.136611938476563 0.120841979980469 -0.0315170288085938 -0.08740234375
-0.0322113037109375 0.152435302734375 -0.06671142578125 -0.166732788085938
0.0203475952148437 0.120674133300781 -0.131591796875 -0.1776123046875
0.0754776000976563 0.1051025390625 -0.204116821289063 -0.13690185546875
0.0769577026367188 0.0995635986328125 -0.24053955078125 -0.046661376953125
0.0552978515625 0.10101318359375 -0.193527221679688 -0.00437927246093747
0.0541534423828125 0.111228942871094 -0.137954711914063 0.0307083129882813
-0.00527954101562499 0.106063842773438 -0.0878753662109375 0.0364608764648438
-0.061279296875 0.0901947021484375 -0.043487548828125 0.0776290893554687
-0.106170654296875 0.058197021484375 -0.0351486206054688 0.136260986328125
-0.152450561523438 -0.0267791748046875 -0.0534515380859375 0.19183349609375
-0.169662475585938 -0.0949554443359375 -0.0480194091796875 0.279647827148438
-0.132705688476563 -0.203277587890625 -0.0209503173828125 0.235870361328125
-0.0687255859375 -0.247756958007813 -0.391754150390625 0.138458251953125
-0.114791870117188 -0.051849365234375 -0.163909912109375 0.0306854248046875
-0.0849685668945313 0.0228042602539062 -0.0577545166015625 -0.140625
-0.0268363952636719 0.0644264221191406 -0.104049682617187 -0.207275390625
0.00437164306640625 0.0420455932617188 -0.156204223632812 -0.201858520507813
0.017181396484375 0.0498771667480469 -0.23291015625 -0.157608032226563
-0.00344848632812499 0.0726165771484375 -0.264312744140625 -0.067535400390625
-0.0216598510742188 0.076385498046875 -0.203277587890625 -0.0265655517578125
-0.0361099243164063 0.09893798828125 -0.146072387695313 0.00466918945312498
-0.0865707397460938 0.079437255859375 -0.0848617553710938 0.0190505981445313
-0.135902404785156 0.0283737182617187 -0.0379562377929688 0.0630950927734375
-0.157669067382812 -0.0341796875 -0.0432662963867188 0.112747192382813
-0.127670288085937 -0.145248413085938 -0.0634841918945312 0.135108947753906
-0.117507934570313 -0.204238891601563 -0.0624237060546875 0.196670532226562
-0.0513916015625 -0.2947998046875 -0.0261383056640625 0.14129638671875
0.046966552734375 -0.294921875 -0.387786865234375 0.0350341796875
-0.0147705078125 -0.133827209472656 -0.166366577148437 -0.058685302734375
-0.019561767578125 -0.0975723266601563 -0.0611419677734375 -0.201126098632813
-0.0253067016601562 -0.0485763549804688 -0.125930786132813 -0.249114990234375
-0.0218391418457031 -0.0517959594726562 -0.166854858398437 -0.21856689453125
-0.0519905090332031 -0.0147628784179687 -0.239837646484375 -0.164474487304688
-0.0887832641601563 0.0349578857421875 -0.254638671875 -0.0798187255859375
-0.0979537963867188 0.0402755737304687 -0.180374145507813 -0.04559326171875
-0.120407104492188 0.073577880859375 -0.125831604003906 -0.024017333984375
-0.152435302734375 0.0468902587890625 -0.0583572387695313 0.00156021118164062
-0.189773559570313 -0.0265350341796875 -0.0164260864257813 0.0495567321777344
-0.1929931640625 -0.104141235351563 -0.0407485961914063 0.09429931640625
-0.101531982421875 -0.232467651367187 -0.0746231079101563 0.0861358642578125
-0.0627899169921875 -0.279205322265625 -0.0819091796875 0.100746154785156
0.03326416015625 -0.34375 -0.0118198394775391 0.0241146087646484
0.1571044921875 -0.30120849609375 -0.340576171875 -0.079864501953125
0.0917510986328125 -0.198440551757813 -0.1351318359375 -0.156448364257813
0.0503387451171875 -0.217605590820312 -0.0466766357421875 -0.255340576171875
-0.0272979736328125 -0.168167114257813 -0.125335693359375 -0.278610229492188
-0.05352783203125 -0.144973754882813 -0.154891967773438 -0.220138549804687
-0.119636535644531 -0.0778274536132812 -0.216445922851562 -0.15673828125
-0.16351318359375 -0.00698852539062502 -0.210128784179688 -0.08404541015625
-0.15966796875 -0.00347900390625003 -0.129852294921875 -0.0604782104492188
-0.185653686523438 0.0337371826171875 -0.0821304321289063 -0.04644775390625
-0.191696166992188 0.00236511230468748 -0.018707275390625 -0.0101242065429687
-0.20916748046875 -0.0811157226562501 0.0116004943847656 0.0403366088867187
-0.19354248046875 -0.158798217773438 -0.0342025756835938 0.0801162719726562
-0.057586669921875 -0.282684326171875 -0.0840225219726563 0.0474395751953125
0.007232666015625 -0.309539794921875 -0.0986480712890625 0.006866455078125
0.119354248046875 -0.340179443359375 0.0212478637695313 -0.0948486328125
0.235824584960938 -0.263442993164063 -0.263137817382813 -0.185501098632813
0.17913818359375 -0.224334716796875 -0.0868682861328125 -0.247177124023438
0.111968994140625 -0.297119140625 -0.027099609375 -0.29193115234375
-0.025115966796875 -0.258056640625 -0.108428955078125 -0.28216552734375
-0.07733154296875 -0.213302612304688 -0.118377685546875 -0.201889038085937
-0.16851806640625 -0.125228881835937 -0.16229248046875 -0.136184692382812
-0.212539672851563 -0.045501708984375 -0.138236999511719 -0.0815048217773438
-0.198577880859375 -0.0449371337890625 -0.0615501403808594 -0.0642623901367188
-0.223770141601563 -0.013641357421875 -0.0226020812988281 -0.0550193786621094
-0.203079223632813 -0.049530029296875 0.0286293029785156 -0.00639915466308594
-0.195587158203125 -0.135299682617188 0.0401992797851562 0.0436058044433594
-0.16168212890625 -0.201675415039062 -0.0236434936523438 0.0727386474609375
0.00875854492187498 -0.300140380859375 -0.08624267578125 0.020965576171875
0.090087890625 -0.29852294921875 -0.100723266601563 -0.0728759765625
0.195465087890625 -0.28985595703125 0.07196044921875 -0.199111938476563
0.268386840820312 -0.186325073242188 -0.176742553710937 -0.264175415039062
0.228622436523438 -0.202560424804688 -0.0390625 -0.320068359375
0.151885986328125 -0.310394287109375 -0.01373291015625 -0.3021240234375
-0.014129638671875 -0.289093017578125 -0.0778045654296875 -0.258773803710938
-0.078277587890625 -0.237518310546875 -0.0673828125 -0.165603637695313
-0.182388305664063 -0.1497802734375 -0.0875320434570313 -0.108901977539063
-0.227630615234375 -0.075103759765625 -0.0498504638671875 -0.0744476318359375
-0.208236694335938 -0.08056640625 0.0148773193359375 -0.0592193603515625
-0.232635498046875 -0.0598602294921875 0.0471115112304687 -0.0460548400878906
-0.191375732421875 -0.09796142578125 0.078216552734375 0.0173110961914062
-0.157608032226562 -0.181472778320313 0.0681343078613281 0.0614242553710937
-0.10247802734375 -0.23284912109375 -0.0103607177734375 0.0740814208984375
0.09100341796875 -0.287078857421875 -0.0741348266601563 0.00463104248046872
0.17913818359375 -0.249557495117187 -0.0730514526367188 -0.131385803222656
0.256607055664062 -0.197219848632812 0.144439697265625 -0.270065307617188
0.256011962890625 -0.074951171875 -0.093292236328125 -0.3057861328125
0.2349853515625 -0.131103515625 0.00112915039062499 -0.353363037109375
0.165939331054688 -0.248260498046875 -0.00389099121093751 -0.28082275390625
0.01068115234375 -0.250335693359375 -0.03900146484375 -0.216659545898438
-0.0483856201171875 -0.211273193359375 -0.01336669921875 -0.123161315917969
-0.151412963867188 -0.152801513671875 -0.00915527343750001 -0.0825729370117188
-0.200439453125 -0.097503662109375 0.0371055603027344 -0.0651664733886719
-0.186355590820313 -0.103179931640625 0.0887985229492188 -0.0449981689453125
-0.211334228515625 -0.0954742431640625 0.117401123046875 -0.0195083618164063
-0.161727905273437 -0.129348754882813 0.125823974609375 0.0579681396484375
-0.109466552734375 -0.200714111328125 0.0931472778320313 0.0935745239257812
-0.0431060791015625 -0.23590087890625 0.0107803344726563 0.0853347778320312
0.156280517578125 -0.246841430664063 -0.0414695739746094 0.0055122375488281
0.243789672851563 -0.174026489257813 -0.0145416259765625 -0.155838012695313
0.28253173828125 -0.08380126953125 0.23065185546875 -0.295623779296875
0.208877563476563 0.0487060546875 -0.03118896484375 -0.298309326171875
0.20770263671875 -0.0289459228515625 0.030303955078125 -0.343658447265625
0.159515380859375 -0.1312255859375 0.00387573242187503 -0.237472534179688
0.0482635498046875 -0.15936279296875 -0.00305175781250001 -0.1702880859375
0.00863647460937499 -0.147216796875 0.0276412963867188 -0.0860977172851563
-0.0818634033203125 -0.139122009277344 0.0536308288574219 -0.0594711303710938
-0.139541625976563 -0.111053466796875 0.107032775878906 -0.0509490966796875
-0.1370849609375 -0.110328674316406 0.148040771484375 -0.02288818359375
-0.1641845703125 -0.110687255859375 0.1793212890625 0.015594482421875
-0.12213134765625 -0.130340576171875 0.167236328125 0.104232788085937
-0.0683441162109375 -0.185028076171875 0.117233276367187 0.130050659179687
-0.00350952148437498 -0.205413818359375 0.03936767578125 0.106285095214844
0.179244995117188 -0.186660766601563 0.00536727905273439 0.0289859771728516
0.261428833007813 -0.08453369140625 0.062408447265625 -0.140068054199219
0.262191772460938 0.0335540771484375 0.316986083984375 -0.271881103515625
-0.196456909179687 -0.14447021484375 -0.33135986328125 0.267913818359375
-0.180709838867188 0.0570220947265625 -0.10980224609375 0.119903564453125
-0.113906860351563 0.143295288085938 -0.0367202758789063 -0.0860443115234375
-0.00561523437499999 0.155487060546875 -0.0819549560546875 -0.166900634765625
0.0402145385742188 0.113899230957031 -0.150421142578125 -0.171646118164062
0.0895538330078125 0.0870895385742188 -0.223907470703125 -0.124176025390625
0.0885391235351562 0.0816421508789063 -0.252975463867188 -0.0225982666015625
0.0671310424804688 0.0873794555664063 -0.199676513671875 0.0175018310546875
0.06634521484375 0.0960006713867188 -0.139366149902344 0.0486297607421875
0.0103073120117188 0.0991058349609375 -0.09136962890625 0.0492019653320313
-0.0439834594726562 0.0933914184570313 -0.041534423828125 0.0868988037109375
-0.0923004150390625 0.0722198486328125 -0.027557373046875 0.14532470703125
-0.152374267578125 -0.000320434570312497 -0.041778564453125 0.201858520507813
-0.1805419921875 -0.0647735595703125 -0.0223388671875 0.290283203125
-0.161636352539063 -0.17974853515625 9.15527343749722E-05 0.244293212890625
-0.0968780517578125 -0.233551025390625 -0.379180908203125 0.19207763671875
-0.11370849609375 -0.0338134765625 -0.155776977539063 0.054779052734375
-0.0723342895507813 0.0367355346679688 -0.0686187744140625 -0.135223388671875
-0.00924682617187501 0.06475830078125 -0.123672485351562 -0.200775146484375
0.0150642395019531 0.0346946716308594 -0.17657470703125 -0.190902709960937
0.0240478515625 0.0378303527832031 -0.25408935546875 -0.138107299804688
0.00365829467773438 0.0644912719726563 -0.276763916015625 -0.0379791259765625
-0.0147247314453125 0.0715713500976562 -0.211105346679688 -0.000854492187499971
-0.0273590087890625 0.09503173828125 -0.150100708007813 0.0264739990234375
-0.0761947631835938 0.0820846557617187 -0.0889892578125 0.0348739624023438
-0.129180908203125 0.039276123046875 -0.0369644165039063 0.07476806640625
-0.15673828125 -0.0162200927734375 -0.0390243530273438 0.126335144042969
-0.141799926757813 -0.126022338867187 -0.059906005859375 0.149917602539063
-0.140228271484375 -0.1832275390625 -0.0484619140625 0.212753295898438
-0.088165283203125 -0.28448486328125 -0.0180511474609375 0.153289794921875
0.016326904296875 -0.298095703125 -0.38653564453125 0.090484619140625
-0.0219650268554688 -0.130180358886719 -0.168304443359375 -0.0314483642578125
-0.0210113525390625 -0.0959548950195313 -0.0780487060546875 -0.194595336914063
-0.021697998046875 -0.0504226684570312 -0.150238037109375 -0.238861083984375
-0.0232505798339844 -0.0576362609863281 -0.189071655273437 -0.204391479492187
-0.053497314453125 -0.0187606811523438 -0.2607421875 -0.140457153320313
-0.0864181518554688 0.03863525390625 -0.266555786132813 -0.048248291015625
-0.0968475341796875 0.0456466674804687 -0.188827514648438 -0.0212249755859375
-0.116058349609375 0.0817108154296875 -0.13128662109375 -0.00209808349609373
-0.1475830078125 0.0579681396484375 -0.0627059936523438 0.0165824890136719
-0.19183349609375 -0.010162353515625 -0.0145301818847656 0.0616073608398438
-0.20257568359375 -0.084197998046875 -0.0381927490234375 0.110427856445313
-0.126739501953125 -0.220809936523437 -0.0775299072265625 0.104957580566406
-0.093505859375 -0.268814086914063 -0.0801239013671875 0.12042236328125
-0.00625610351562498 -0.34765625 -0.0168914794921875 0.0351905822753906
0.12823486328125 -0.3214111328125 -0.35150146484375 -0.0295104980468751
0.0778045654296875 -0.209548950195313 -0.148117065429687 -0.131134033203125
0.0331878662109375 -0.227432250976563 -0.0683441162109375 -0.2503662109375
-0.040252685546875 -0.170501708984375 -0.151809692382812 -0.266632080078125
-0.06842041015625 -0.148193359375 -0.17724609375 -0.205780029296875
-0.13006591796875 -0.0714645385742187 -0.235000610351562 -0.131454467773438
-0.166854858398438 0.00775146484374998 -0.2208251953125 -0.0559539794921875
-0.164794921875 0.0114288330078125 -0.137458801269531 -0.0405044555664063
-0.18634033203125 0.0520477294921875 -0.0875015258789063 -0.0286331176757813
-0.193695068359375 0.0201416015625 -0.020772933959961 0.00268936157226562
-0.219970703125 -0.06243896484375 0.014251708984375 0.0516891479492187
-0.21270751953125 -0.140716552734375 -0.0314788818359375 0.0972976684570312
-0.08929443359375 -0.281219482421875 -0.0921630859375 0.0688400268554687
-0.027191162109375 -0.3125 -0.1080322265625 0.0293731689453125
0.082855224609375 -0.358734130859375 0.00345611572265626 -0.0886917114257813
0.212158203125 -0.296844482421875 -0.28607177734375 -0.14471435546875
0.16094970703125 -0.249237060546875 -0.110855102539063 -0.229568481445313
0.082427978515625 -0.318511962890625 -0.052581787109375 -0.2889404296875
-0.0523529052734375 -0.26171875 -0.135299682617187 -0.2716064453125
-0.103668212890625 -0.212966918945313 -0.138565063476563 -0.1904296875
-0.185943603515625 -0.110198974609375 -0.177352905273438 -0.115280151367188
-0.221511840820313 -0.02093505859375 -0.146240234375 -0.059906005859375
-0.208709716796875 -0.0236358642578125 -0.0670356750488281 -0.0520095825195312
-0.229827880859375 0.0122528076171875 -0.0263710021972656 -0.0436592102050781
-0.211868286132813 -0.028167724609375 0.0300102233886719 0.00229835510253906
-0.215087890625 -0.116607666015625 0.0460205078125 0.0516891479492187
-0.188217163085938 -0.18792724609375 -0.0202865600585938 0.0895462036132812
-0.02606201171875 -0.30975341796875 -0.0970306396484375 0.042572021484375
0.056976318359375 -0.315093994140625 -0.118476867675781 -0.05145263671875
0.1673583984375 -0.320709228515625 0.0441131591796875 -0.20037841796875
0.25323486328125 -0.226821899414063 -0.205856323242188 -0.236007690429688
0.211441040039063 -0.236328125 -0.0713806152343749 -0.30865478515625
0.117218017578125 -0.33978271484375 -0.04010009765625 -0.3001708984375
-0.049896240234375 -0.293609619140625 -0.100204467773437 -0.252120971679688
-0.111434936523438 -0.235061645507813 -0.082977294921875 -0.160110473632813
-0.204833984375 -0.128875732421875 -0.0979690551757813 -0.0960617065429688
-0.239486694335937 -0.0457000732421875 -0.0557060241699219 -0.0637283325195313
-0.22235107421875 -0.054229736328125 0.0124244689941406 -0.0560379028320313
-0.2437744140625 -0.0300445556640625 0.046356201171875 -0.0424156188964844
-0.205596923828125 -0.07568359375 0.0851287841796875 0.02105712890625
-0.183319091796875 -0.16473388671875 0.0776290893554687 0.0673751831054687
-0.133865356445312 -0.224716186523437 -0.00541687011718752 0.0888442993164062
0.056793212890625 -0.30859375 -0.0848922729492188 0.0237350463867187
0.150909423828125 -0.279281616210938 -0.09747314453125 -0.115272521972656
0.239776611328125 -0.237548828125 0.110321044921875 -0.28179931640625
0.254257202148438 -0.115966796875 -0.126922607421875 -0.290863037109375
0.224624633789063 -0.168212890625 -0.035430908203125 -0.35162353515625
0.135635375976563 -0.279800415039063 -0.027374267578125 -0.280975341796875
-0.023956298828125 -0.2568359375 -0.0570220947265625 -0.214370727539063
-0.080596923828125 -0.209991455078125 -0.0230255126953125 -0.124290466308594
-0.175323486328125 -0.131927490234375 -0.01483154296875 -0.0796279907226563
-0.215576171875 -0.06805419921875 0.0343017578125 -0.0665817260742188
-0.202880859375 -0.076690673828125 0.0897979736328125 -0.0523681640625
-0.225662231445313 -0.0653076171875 0.1217041015625 -0.0249786376953125
-0.179107666015625 -0.106826782226562 0.138908386230469 0.0556640625
-0.137680053710938 -0.187393188476563 0.106536865234375 0.0965652465820312
-0.0760955810546875 -0.232513427734375 0.0170516967773438 0.0963516235351563
0.124862670898438 -0.275161743164063 -0.0505905151367188 0.0180892944335937
0.223846435546875 -0.213424682617188 -0.0399322509765625 -0.150115966796875
0.279678344726563 -0.128021240234375 0.196533203125 -0.321014404296875
0.218765258789063 0.014190673828125 -0.06207275390625 -0.294647216796875
0.206405639648438 -0.0632781982421875 -0.00588989257812497 -0.347900390625
0.140518188476563 -0.161407470703125 -0.0138702392578125 -0.238296508789063
0.02227783203125 -0.168426513671875 -0.0139923095703125 -0.174423217773438
-0.0160369873046875 -0.150115966796875 0.0234527587890625 -0.0935897827148438
-0.103477478027344 -0.123313903808594 0.050262451171875 -0.066497802734375
-0.155044555664063 -0.0861053466796875 0.105781555175781 -0.0631332397460937
-0.152389526367188 -0.0874176025390625 0.151626586914063 -0.0389251708984375
-0.178390502929688 -0.0834808349609375 0.187774658203125 0.000961303710937495
-0.138969421386719 -0.108985900878906 0.185760498046875 0.0957794189453125
-0.0953216552734375 -0.1727294921875 0.133827209472656 0.128623962402344
-0.033935546875 -0.204177856445312 0.0476913452148438 0.112144470214844
0.153060913085938 -0.215545654296875 0.000261306762695318 0.0325946807861328
0.2496337890625 -0.126144409179688 0.03997802734375 -0.14642333984375
0.270431518554688 -0.008026123046875 0.288360595703125 -0.31109619140625
-0.207748413085938 -0.107650756835937 -0.292022705078125 0.303466796875
-0.16375732421875 0.080474853515625 -0.0876541137695313 0.130027770996094
-0.08453369140625 0.156204223632813 -0.04156494140625 -0.0825958251953125
0.020965576171875 0.149032592773438 -0.0960540771484375 -0.159317016601563
0.05694580078125 0.100517272949219 -0.165054321289063 -0.15814208984375
0.0960464477539063 0.0655441284179688 -0.237625122070313 -0.10357666015625
0.0937118530273437 0.0610733032226562 -0.255538940429688 0.00506591796875002
0.0730514526367188 0.07122802734375 -0.197998046875 0.041015625
0.0726547241210938 0.0784835815429688 -0.133895874023438 0.0657882690429687
0.022247314453125 0.0875473022460938 -0.0891647338867187 0.062286376953125
-0.0276260375976563 0.0910797119140625 -0.0370330810546875 0.0940628051757813
-0.074737548828125 0.0812225341796875 -0.016448974609375 0.150634765625
-0.142898559570313 0.0253753662109375 -0.025146484375 0.2064208984375
-0.179458618164063 -0.03338623046875 0.00564575195312496 0.289794921875
-0.1820068359375 -0.146865844726563 0.021759033203125 0.24346923828125
-0.11907958984375 -0.209182739257813 -0.34674072265625 0.23797607421875
-0.107223510742188 -0.0163955688476563 -0.139488220214844 0.0755767822265625
-0.0560798645019531 0.0446853637695313 -0.0776824951171875 -0.124984741210938
0.0074615478515625 0.0596199035644531 -0.140289306640625 -0.185653686523438
0.0221843719482422 0.0242195129394531 -0.191848754882813 -0.17193603515625
0.0264644622802734 0.0244178771972656 -0.266128540039063 -0.111099243164063
0.00858306884765625 0.0545005798339844 -0.27764892578125 -0.00466918945312495
-0.0092620849609375 0.0654106140136719 -0.209152221679687 0.026580810546875
-0.01953125 0.0886764526367188 -0.145782470703125 0.04779052734375
-0.0656585693359375 0.0809402465820313 -0.0873947143554688 0.0503463745117187
-0.117752075195312 0.0474929809570313 -0.0319747924804688 0.0839767456054687
-0.150039672851563 0.000869750976562506 -0.0291213989257813 0.1356201171875
-0.147842407226563 -0.102218627929687 -0.0499420166015625 0.161407470703125
-0.15423583984375 -0.155166625976563 -0.0292816162109375 0.220001220703125
-0.120071411132812 -0.260848999023438 -0.00607299804687501 0.159500122070312
-0.01483154296875 -0.2894287109375 -0.364715576171875 0.142822265625
-0.0279693603515625 -0.122428894042969 -0.160842895507813 -0.00456237792968752
-0.0222702026367187 -0.0923385620117188 -0.09259033203125 -0.181015014648437
-0.0194587707519531 -0.0519943237304688 -0.16912841796875 -0.218536376953125
-0.0271492004394531 -0.0618133544921875 -0.204940795898437 -0.181655883789063
-0.0564117431640625 -0.0213546752929688 -0.271133422851563 -0.109664916992188
-0.0830001831054688 0.041015625 -0.267578125 -0.013519287109375
-0.09320068359375 0.0506057739257812 -0.188034057617187 0.00459289550781249
-0.107818603515625 0.08770751953125 -0.128730773925781 0.0201873779296875
-0.138465881347656 0.0668716430664063 -0.0610466003417969 0.0314369201660156
-0.187591552734375 0.00691223144531251 -0.00902557373046876 0.071197509765625
-0.204742431640625 -0.061614990234375 -0.0291290283203125 0.123130798339844
-0.146942138671875 -0.200714111328125 -0.0727691650390625 0.122581481933594
-0.118911743164062 -0.24786376953125 -0.0710678100585938 0.137298583984375
-0.0458984375 -0.336212158203125 -0.0186691284179688 0.0463790893554687
0.093109130859375 -0.32891845703125 -0.343963623046875 0.023040771484375
0.0591888427734375 -0.214340209960938 -0.152023315429688 -0.10211181640625
0.0123443603515625 -0.230316162109375 -0.0883636474609375 -0.236968994140625
-0.0528411865234375 -0.16693115234375 -0.174163818359375 -0.244369506835938
-0.0834197998046875 -0.143783569335938 -0.1934814453125 -0.182861328125
-0.136734008789062 -0.0614089965820312 -0.243545532226562 -0.101287841796875
-0.164352416992187 0.0235748291015625 -0.220001220703125 -0.024932861328125
-0.163970947265625 0.0263519287109375 -0.137374877929688 -0.0193099975585938
-0.179428100585938 0.069549560546875 -0.0873336791992188 -0.0108413696289063
-0.188461303710938 0.03753662109375 -0.0191287994384766 0.0149097442626953
-0.223052978515625 -0.03912353515625 0.0207252502441406 0.0589561462402344
-0.223602294921875 -0.115676879882813 -0.0233230590820313 0.111236572265625
-0.118499755859375 -0.266921997070313 -0.0909576416015625 0.091278076171875
-0.060821533203125 -0.301361083984375 -0.1085205078125 0.0523834228515625
0.041412353515625 -0.361907958984375 -0.0126876831054687 -0.0774078369140625
0.177703857421875 -0.319366455078125 -0.291473388671875 -0.0975952148437501
0.135009765625 -0.265960693359375 -0.127105712890625 -0.202178955078125
0.047454833984375 -0.327423095703125 -0.07757568359375 -0.275634765625
-0.079925537109375 -0.253433227539063 -0.15826416015625 -0.250595092773437
-0.128021240234375 -0.201904296875 -0.154083251953125 -0.17120361328125
-0.196640014648438 -0.089019775390625 -0.183670043945313 -0.0897979736328125
-0.220199584960937 0.00537109375000004 -0.1461181640625 -0.03680419921875
-0.210418701171875 0.000778198242187488 -0.067840576171875 -0.0389633178710937
-0.226272583007813 0.038970947265625 -0.0265731811523438 -0.0315284729003906
-0.2113037109375 -0.00477600097656249 0.0334529876708984 0.00882148742675781
-0.225845336914063 -0.0912017822265625 0.0535202026367187 0.0563011169433594
-0.206710815429687 -0.164321899414063 -0.0116653442382813 0.102653503417969
-0.06207275390625 -0.304840087890625 -0.0978927612304688 0.0661163330078125
0.019775390625 -0.317474365234375 -0.128959655761719 -0.0254364013671875
0.12921142578125 -0.338165283203125 0.0154571533203125 -0.192092895507813
0.225570678710938 -0.258743286132813 -0.223434448242187 -0.197509765625
0.182754516601563 -0.262466430664063 -0.098907470703125 -0.2852783203125
0.07427978515625 -0.353118896484375 -0.065460205078125 -0.2882080078125
-0.08489990234375 -0.28411865234375 -0.122055053710937 -0.235427856445313
-0.141098022460938 -0.220596313476563 -0.0961456298828125 -0.1473388671875
-0.2176513671875 -0.101303100585937 -0.103683471679688 -0.0791778564453125
-0.24029541015625 -0.0131988525390625 -0.0573043823242187 -0.0514183044433594
-0.226348876953125 -0.0254058837890625 0.0102119445800781 -0.0526542663574219
-0.242782592773437 0.00199890136718746 0.0455169677734375 -0.0397071838378906
-0.209671020507813 -0.0488433837890625 0.091644287109375 0.0201950073242187
-0.200973510742188 -0.139541625976562 0.08734130859375 0.0683441162109375
-0.159576416015625 -0.205734252929688 0.00368499755859373 0.0996932983398437
0.0166015625 -0.31439208984375 -0.088165283203125 0.0441360473632812
0.11468505859375 -0.29608154296875 -0.115104675292969 -0.0922927856445313
0.209442138671875 -0.269332885742188 0.07196044921875 -0.28155517578125
0.237167358398438 -0.151779174804688 -0.152603149414063 -0.263702392578125
0.2005615234375 -0.199066162109375 -0.069427490234375 -0.333953857421875
0.095611572265625 -0.29815673828125 -0.0509796142578125 -0.271560668945313
-0.0588226318359375 -0.250518798828125 -0.0745849609375 -0.204864501953125
-0.11053466796875 -0.196334838867188 -0.03271484375 -0.120735168457031
-0.188583374023438 -0.10443115234375 -0.0194015502929688 -0.0742721557617187
-0.2181396484375 -0.0338134765625 0.0307350158691406 -0.0664825439453125
-0.207855224609375 -0.0464324951171875 0.086181640625 -0.0590438842773437
-0.227203369140625 -0.0316162109375 0.122184753417969 -0.0327377319335937
-0.186630249023437 -0.0798492431640625 0.14898681640625 0.047393798828125
-0.159957885742188 -0.163726806640625 0.118766784667969 0.092681884765625
-0.10498046875 -0.2176513671875 0.0263519287109375 0.103614807128906
0.084869384765625 -0.28948974609375 -0.05462646484375 0.0320205688476562
0.190719604492187 -0.241317749023437 -0.0629196166992188 -0.135398864746094
0.259170532226563 -0.167556762695313 0.15338134765625 -0.332061767578125
0.216140747070313 -0.0206451416015625 -0.0893096923828125 -0.279525756835938
0.193359375 -0.0946502685546875 -0.04144287109375 -0.33782958984375
0.112503051757813 -0.182662963867188 -0.0324554443359375 -0.232925415039062
-0.00559997558593751 -0.168045043945313 -0.0262603759765625 -0.1728515625
-0.040679931640625 -0.1434326171875 0.0164413452148438 -0.0980300903320313
-0.118354797363281 -0.101615905761719 0.0452194213867187 -0.0712203979492188
-0.160171508789063 -0.056915283203125 0.100021362304687 -0.0740737915039063
-0.158859252929688 -0.0604400634765625 0.148056030273437 -0.0548553466796875
-0.181716918945313 -0.0524139404296875 0.19012451171875 -0.016357421875
-0.147262573242187 -0.0836029052734375 0.199493408203125 0.08050537109375
-0.115890502929687 -0.152694702148437 0.148651123046875 0.120269775390625
-0.0621490478515625 -0.1925048828125 0.0576858520507813 0.113723754882812
0.117584228515625 -0.233612060546875 -0.00292968749999999 0.0378189086914062
0.224136352539063 -0.159149169921875 0.01580810546875 -0.144866943359375
0.262924194335938 -0.0491790771484375 0.245025634765625 -0.336212158203125
-0.206832885742188 -0.074249267578125 -0.25030517578125 0.32177734375
-0.143798828125 0.0957183837890625 -0.0671005249023438 0.13262939453125
-0.0580902099609375 0.157379150390625 -0.0436325073242188 -0.0777053833007812
0.040771484375 0.13653564453125 -0.1044921875 -0.150787353515625
0.0665359497070313 0.0859527587890625 -0.172164916992187 -0.144180297851563
0.09576416015625 0.0462646484375 -0.243011474609375 -0.0841522216796875
0.0918197631835938 0.043121337890625 -0.249664306640625 0.0273895263671875
0.073822021484375 0.0566558837890625 -0.190261840820313 0.059173583984375
0.071929931640625 0.0621337890625 -0.126228332519531 0.0771255493164063
0.0282821655273438 0.0746231079101562 -0.0852890014648438 0.0714645385742188
-0.0150985717773438 0.084564208984375 -0.0320358276367187 0.0983657836914062
-0.0584793090820312 0.0841751098632813 -0.0069122314453125 0.151077270507813
-0.12841796875 0.042236328125 -0.0111236572265625 0.20458984375
-0.169998168945313 -0.00822448730468749 0.02667236328125 0.28143310546875
-0.188491821289063 -0.114852905273438 0.0372467041015625 0.236236572265625
-0.129730224609375 -0.18304443359375 -0.30804443359375 0.26629638671875
-0.0970001220703125 -0.00400543212890625 -0.120376586914063 0.0879592895507812
-0.0401802062988281 0.0463218688964844 -0.0811080932617187 -0.114173889160156
0.019622802734375 0.0507278442382813 -0.148239135742187 -0.170486450195313
0.0258045196533203 0.0140514373779297 -0.197723388671875 -0.153717041015625
0.0243015289306641 0.0125350952148438 -0.269500732421875 -0.086822509765625
0.00922393798828125 0.0446739196777344 -0.269973754882812 0.0211029052734375
-0.00682830810546874 0.058380126953125 -0.200347900390625 0.0471954345703125
-0.0152130126953125 0.0821380615234375 -0.137298583984375 0.06304931640625
-0.05706787109375 0.0768280029296875 -0.0824050903320312 0.0621490478515625
-0.106864929199219 0.0508956909179688 -0.0263442993164063 0.0902633666992188
-0.139495849609375 0.0126419067382813 -0.0191650390625 0.141159057617188
-0.146377563476563 -0.0820465087890625 -0.0396270751953125 0.167160034179688
-0.157440185546875 -0.129409790039063 -0.012237548828125 0.220962524414063
-0.138259887695312 -0.232803344726563 0.00360107421875 0.161605834960937
-0.0361175537109375 -0.273223876953125 -0.332916259765625 0.178466796875
-0.0302810668945313 -0.114501953125 -0.146041870117187 0.0156097412109375
-0.0211105346679687 -0.0903091430664063 -0.0999908447265625 -0.166549682617188
-0.0165672302246094 -0.054107666015625 -0.17889404296875 -0.196746826171875
-0.0309410095214844 -0.0647735595703125 -0.210494995117187 -0.159393310546875
-0.0590362548828125 -0.0232124328613281 -0.271087646484375 -0.0826416015625
-0.0796051025390625 0.0414810180664063 -0.257431030273438 0.0136566162109375
-0.0890731811523438 0.0528945922851562 -0.180267333984375 0.025360107421875
-0.100471496582031 0.0907058715820313 -0.121376037597656 0.0358810424804688
-0.129005432128906 0.0715408325195312 -0.0563468933105469 0.0430335998535156
-0.178695678710937 0.018768310546875 -0.00355529785156251 0.0772552490234375
-0.20074462890625 -0.043670654296875 -0.0200881958007813 0.131072998046875
-0.1558837890625 -0.179229736328125 -0.0645370483398438 0.135940551757813
-0.132781982421875 -0.22406005859375 -0.0599212646484375 0.147994995117188
-0.0728759765625 -0.316375732421875 -0.0183143615722656 0.0556526184082031
0.063690185546875 -0.3250732421875 -0.322662353515625 0.063751220703125
0.04449462890625 -0.212905883789063 -0.14593505859375 -0.0768737792968751
-0.00257873535156251 -0.227157592773438 -0.0997314453125 -0.220352172851563
-0.06158447265625 -0.1611328125 -0.185928344726562 -0.219467163085937
-0.0941543579101563 -0.137733459472656 -0.199417114257813 -0.16046142578125
-0.139808654785156 -0.0522537231445312 -0.2410888671875 -0.0752410888671875
-0.158554077148438 0.0338134765625 -0.210845947265625 -0.000534057617187477
-0.159027099609375 0.0383148193359375 -0.132125854492188 -0.00291442871093752
-0.170242309570313 0.0819549560546875 -0.08197021484375 0.0036163330078125
-0.17938232421875 0.0491485595703125 -0.0146942138671875 0.023223876953125
-0.218902587890625 -0.0215301513671875 0.0267295837402344 0.0635032653808594
-0.224777221679687 -0.0938873291015625 -0.0128250122070313 0.120452880859375
-0.137054443359375 -0.248519897460937 -0.0846099853515625 0.108993530273438
-0.082550048828125 -0.28399658203125 -0.103843688964844 0.071533203125
0.00875854492187498 -0.353515625 -0.02294921875 -0.0630340576171875
0.14459228515625 -0.32708740234375 -0.281951904296875 -0.05706787109375
0.110061645507813 -0.271041870117188 -0.131195068359375 -0.175262451171875
0.017425537109375 -0.3251953125 -0.0919036865234375 -0.258544921875
-0.09814453125 -0.240966796875 -0.170608520507812 -0.227203369140625
-0.1446533203125 -0.187728881835937 -0.16058349609375 -0.151382446289062
-0.19989013671875 -0.0700531005859375 -0.181610107421875 -0.067169189453125
-0.212112426757812 0.0248870849609375 -0.139541625976563 -0.0189285278320313
-0.205245971679688 0.01953125 -0.0658149719238281 -0.0283393859863281
-0.215911865234375 0.0585479736328125 -0.0242652893066406 -0.0218181610107422
-0.205215454101562 0.012603759765625 0.03790283203125 0.0132179260253906
-0.227218627929687 -0.0690765380859375 0.0604515075683594 0.058624267578125
-0.215576171875 -0.14190673828125 -0.00214385986328125 0.111351013183594
-0.089019775390625 -0.291168212890625 -0.09295654296875 0.0853271484375
-0.00857543945312502 -0.3095703125 -0.1297607421875 -0.00112915039062504
0.095306396484375 -0.342071533203125 -0.0052947998046875 -0.176773071289063
0.194793701171875 -0.276626586914063 -0.225494384765625 -0.16162109375
0.154052734375 -0.274124145507813 -0.112411499023437 -0.258758544921875
0.036590576171875 -0.35308837890625 -0.0822906494140625 -0.272216796875
-0.109619140625 -0.268112182617188 -0.133560180664062 -0.216339111328125
-0.1607666015625 -0.2010498046875 -0.102523803710938 -0.1337890625
-0.220474243164063 -0.07666015625 -0.102012634277344 -0.0638809204101563
-0.231155395507813 0.0128936767578125 -0.0540390014648438 -0.0413627624511719
-0.22149658203125 -0.00140380859375 0.00916671752929686 -0.0494651794433594
-0.233596801757813 0.02691650390625 0.04632568359375 -0.0370254516601563
-0.205978393554687 -0.0275421142578125 0.0967864990234375 0.0188827514648437
-0.208587646484375 -0.115341186523438 0.0952911376953125 0.0665054321289062
-0.174942016601563 -0.183837890625 0.0128860473632812 0.106277465820312
-0.01568603515625 -0.307769775390625 -0.085113525390625 0.0627975463867187
0.08251953125 -0.299591064453125 -0.12249755859375 -0.0685043334960938
0.177825927734375 -0.28411865234375 0.0419769287109375 -0.269927978515625
0.21441650390625 -0.176193237304688 -0.162612915039063 -0.234344482421875
0.17449951171875 -0.21697998046875 -0.09112548828125 -0.30975341796875
0.058990478515625 -0.302703857421875 -0.06634521484375 -0.257705688476563
-0.0843353271484375 -0.235885620117188 -0.0852203369140625 -0.191970825195313
-0.129898071289063 -0.178817749023438 -0.0389938354492188 -0.114761352539063
-0.192184448242188 -0.07830810546875 -0.0210456848144531 -0.0676956176757813
-0.210922241210938 -0.00643920898437505 0.0280494689941406 -0.0650558471679687
-0.20343017578125 -0.020538330078125 0.0819625854492187 -0.0638961791992188
-0.21942138671875 -0.00431823730468753 0.12060546875 -0.0384445190429688
-0.1856689453125 -0.0563812255859375 0.155303955078125 0.0390777587890625
-0.1710205078125 -0.139846801757813 0.127799987792969 0.08673095703125
-0.1240234375 -0.198287963867188 0.0352401733398437 0.107040405273437
0.050140380859375 -0.2896728515625 -0.0546073913574219 0.04534912109375
0.158111572265625 -0.254302978515625 -0.0768356323242187 -0.116928100585938
0.233901977539062 -0.193435668945312 0.116455078125 -0.32879638671875
0.20465087890625 -0.048492431640625 -0.104400634765625 -0.258834838867187
0.174270629882813 -0.116134643554688 -0.06591796875 -0.319061279296875
0.0847930908203125 -0.191650390625 -0.045074462890625 -0.22369384765625
-0.0271148681640625 -0.159759521484375 -0.0365447998046875 -0.167449951171875
-0.0583572387695312 -0.131706237792969 0.0102767944335937 -0.0988922119140625
-0.123550415039062 -0.079803466796875 0.0405807495117187 -0.0729904174804688
-0.156494140625 -0.0322113037109375 0.093475341796875 -0.080841064453125
-0.156005859375 -0.0371246337890625 0.141632080078125 -0.066986083984375
-0.176239013671875 -0.0270233154296875 0.18719482421875 -0.0301513671875
-0.146240234375 -0.061676025390625 0.205642700195313 0.0652313232421875
-0.127456665039063 -0.130226135253906 0.157318115234375 0.110107421875
-0.080841064453125 -0.17523193359375 0.065338134765625 0.112319946289062
0.084197998046875 -0.23687744140625 -0.00497817993164062 0.0431785583496094
0.195816040039063 -0.178619384765625 -0.00303649902343749 -0.136444091796875
0.245880126953125 -0.079498291015625 0.2042236328125 -0.34307861328125
-0.199951171875 -0.0498046875 -0.218841552734375 0.328521728515625
-0.12591552734375 0.103828430175781 -0.0514755249023438 0.131172180175781
-0.0376739501953125 0.1549072265625 -0.04345703125 -0.0744247436523437
0.0536651611328125 0.123420715332031 -0.10943603515625 -0.143905639648438
0.0714035034179687 0.0727310180664062 -0.176376342773437 -0.134414672851563
0.0915451049804687 0.0323867797851562 -0.24578857421875 -0.0703582763671875
0.0872955322265625 0.0299148559570312 -0.243820190429688 0.04217529296875
0.0719833374023438 0.0457992553710938 -0.18316650390625 0.0713958740234375
0.0695762634277344 0.0507164001464844 -0.11962890625 0.0847930908203125
0.0297622680664063 0.0639457702636719 -0.0818252563476563 0.0791702270507812
-0.00694274902343751 0.077056884765625 -0.0281219482421875 0.10247802734375
-0.0449295043945312 0.0822067260742188 0.000228881835937502 0.151138305664063
-0.114616394042969 0.05169677734375 -0.00238037109375001 0.20123291015625
-0.158493041992188 0.00849914550781252 0.039642333984375 0.273178100585938
-0.18792724609375 -0.0899658203125 0.0461273193359375 0.22998046875
-0.132003784179688 -0.16168212890625 -0.27545166015625 0.281494140625
-0.0864181518554688 0.00377655029296874 -0.103469848632813 0.094024658203125
-0.0276908874511719 0.04437255859375 -0.0809707641601563 -0.106887817382813
0.0280418395996094 0.041412353515625 -0.151580810546875 -0.158111572265625
0.0268325805664063 0.00485610961914063 -0.200927734375 -0.140487670898437
0.0201740264892578 0.00337982177734375 -0.269088745117188 -0.0697021484374999
0.00722885131835937 0.0365715026855469 -0.261566162109375 0.0396575927734376
-0.00687789916992187 0.0528488159179687 -0.192108154296875 0.0614013671875
-0.0146026611328125 0.0763092041015625 -0.129791259765625 0.0737152099609375
-0.0530319213867188 0.071990966796875 -0.0779495239257813 0.070465087890625
-0.0987396240234375 0.0508346557617187 -0.0214996337890625 0.0956802368164063
-0.129890441894531 0.0182571411132812 -0.011962890625 0.14459228515625
-0.141448974609375 -0.0685577392578125 -0.0318756103515625 0.17132568359375
-0.154891967773438 -0.11083984375 -0.0010986328125 0.221023559570313
-0.146591186523438 -0.210235595703125 0.00926208496093751 0.163482666015625
-0.0478668212890625 -0.258270263671875 -0.304229736328125 0.200775146484375
-0.0292816162109375 -0.108802795410156 -0.131523132324219 0.0277099609375
-0.019256591796875 -0.0901336669921875 -0.102203369140625 -0.155715942382813
-0.0143165588378906 -0.0579414367675781 -0.181640625 -0.180908203125
-0.0335578918457031 -0.0679779052734375 -0.211959838867188 -0.143630981445313
-0.0622596740722656 -0.0249061584472656 -0.267288208007813 -0.0642700195312501
-0.077423095703125 0.0404281616210938 -0.247695922851563 0.0317230224609375
-0.0871047973632813 0.0534896850585938 -0.172042846679688 0.0391387939453125
-0.0948638916015625 0.0914764404296875 -0.114341735839844 0.0477981567382812
-0.122909545898438 0.0725936889648437 -0.0515022277832031 0.0515594482421875
-0.171585083007813 0.0254669189453125 0.00195312499999999 0.0816650390625
-0.194549560546875 -0.0319671630859375 -0.0114059448242188 0.137260437011719
-0.1590576171875 -0.163955688476563 -0.0571136474609375 0.145263671875
-0.137725830078125 -0.206085205078125 -0.0508575439453125 0.15582275390625
-0.089080810546875 -0.2989501953125 -0.0177688598632813 0.064117431640625
0.044097900390625 -0.3193359375 -0.300506591796875 0.09051513671875
0.035125732421875 -0.21002197265625 -0.136138916015625 -0.0601348876953125
-0.0132904052734375 -0.224090576171875 -0.104766845703125 -0.207489013671875
-0.066741943359375 -0.156906127929688 -0.189483642578125 -0.20159912109375
-0.101020812988281 -0.133018493652344 -0.1998291015625 -0.144378662109375
-0.141983032226563 -0.04638671875 -0.236114501953125 -0.056488037109375
-0.153457641601563 0.0404205322265625 -0.20111083984375 0.0147857666015625
-0.155303955078125 0.0455322265625 -0.12542724609375 0.00869750976562499
-0.161483764648438 0.0890960693359375 -0.0763092041015625 0.014190673828125
-0.172149658203125 0.055511474609375 -0.0100307464599609 0.02972412109375
-0.214096069335938 -0.00885009765625004 0.0319557189941406 0.0667572021484375
-0.22357177734375 -0.07904052734375 -0.00460052490234377 0.127449035644531
-0.147491455078125 -0.233016967773438 -0.0771865844726562 0.122421264648437
-0.0954437255859375 -0.269027709960938 -0.0976715087890625 0.0866546630859375
-0.01318359375 -0.34295654296875 -0.0287704467773437 -0.0496292114257813
0.1212158203125 -0.328643798828125 -0.267684936523438 -0.0287322998046876
0.0929107666015625 -0.272750854492188 -0.128341674804687 -0.154525756835938
-0.00329589843749998 -0.321319580078125 -0.0992584228515625 -0.245407104492188
-0.110000610351562 -0.229843139648438 -0.17486572265625 -0.208908081054688
-0.154891967773438 -0.174942016601562 -0.16143798828125 -0.137176513671875
-0.19964599609375 -0.05670166015625 -0.175537109375 -0.0518646240234375
-0.204208374023438 0.037872314453125 -0.13165283203125 -0.00711822509765622
-0.199783325195313 0.0325164794921875 -0.0621986389160156 -0.02117919921875
-0.206451416015625 0.07171630859375 -0.0200557708740235 -0.0147342681884766
-0.198211669921875 0.0239410400390625 0.0422821044921875 0.0164337158203125
-0.225860595703125 -0.05291748046875 0.0663719177246094 0.0591812133789063
-0.219100952148438 -0.1246337890625 0.00714874267578125 0.11773681640625
-0.10595703125 -0.279159545898438 -0.0861129760742188 0.101173400878906
-0.027252197265625 -0.300384521484375 -0.127334594726563 0.0175399780273437
0.0714111328125 -0.340667724609375 -0.01800537109375 -0.1611328125
0.171417236328125 -0.286376953125 -0.219451904296875 -0.134719848632813
0.131988525390625 -0.280319213867188 -0.116119384765625 -0.236541748046875
0.00930786132812497 -0.35003662109375 -0.0906829833984375 -0.259490966796875
-0.124969482421875 -0.253067016601562 -0.138473510742188 -0.200607299804688
-0.172821044921875 -0.184295654296875 -0.104072570800781 -0.12384033203125
-0.2191162109375 -0.0587310791015625 -0.0977783203125 -0.05352783203125
-0.221481323242188 0.030303955078125 -0.0503273010253906 -0.0349655151367188
-0.21502685546875 0.015869140625 0.00970077514648436 -0.0476455688476563
-0.223251342773438 0.043853759765625 0.0479164123535156 -0.0345382690429687
-0.200851440429687 -0.01312255859375 0.101272583007812 0.0172042846679688
-0.2099609375 -0.0969085693359375 0.10162353515625 0.0648269653320313
-0.182464599609375 -0.16650390625 0.0212326049804687 0.112197875976562
-0.038177490234375 -0.299896240234375 -0.0803756713867187 0.07763671875
0.0587158203125 -0.29803466796875 -0.1248779296875 -0.0494461059570313
0.153594970703125 -0.29266357421875 0.0217742919921875 -0.256683349609375
0.194610595703125 -0.19244384765625 -0.164505004882812 -0.212265014648438
0.152679443359375 -0.227066040039063 -0.100830078125 -0.28955078125
0.031829833984375 -0.301483154296875 -0.07415771484375 -0.246627807617188
-0.10125732421875 -0.221588134765625 -0.090301513671875 -0.181732177734375
-0.142135620117187 -0.162506103515625 -0.0419235229492188 -0.109619140625
-0.191146850585937 -0.0585784912109375 -0.0201339721679688 -0.0631561279296875
-0.201141357421875 0.012481689453125 0.0275154113769531 -0.064422607421875
-0.197219848632813 -0.00248718261718748 0.0784683227539062 -0.066192626953125
-0.209991455078125 0.0144195556640625 0.120048522949219 -0.0419082641601562
-0.180419921875 -0.03973388671875 0.160018920898438 0.03155517578125
-0.175262451171875 -0.120529174804687 0.134231567382813 0.0811691284179688
-0.134719848632812 -0.181228637695313 0.0426025390625 0.109634399414062
0.025177001953125 -0.286041259765625 -0.0524024963378906 0.0572357177734375
0.132827758789063 -0.260147094726563 -0.0847015380859375 -0.101264953613281
0.211456298828125 -0.209365844726563 0.089935302734375 -0.3203125
0.191299438476563 -0.0673980712890625 -0.111099243164062 -0.242919921875
0.15740966796875 -0.13018798828125 -0.078399658203125 -0.3018798828125
0.061767578125 -0.19488525390625 -0.050811767578125 -0.215896606445312
-0.0422515869140625 -0.15069580078125 -0.0419769287109375 -0.163406372070313
-0.0695953369140625 -0.120262145996094 0.00633239746093749 -0.0993576049804688
-0.123619079589844 -0.0633773803710937 0.0384674072265625 -0.0733566284179688
-0.149169921875 -0.014190673828125 0.0878982543945313 -0.084930419921875
-0.150039672851563 -0.0201568603515625 0.135772705078125 -0.074920654296875
-0.167999267578125 -0.00942993164062501 0.184234619140625 -0.0395355224609375
-0.141860961914063 -0.0449981689453125 0.209991455078125 0.05303955078125
-0.1317138671875 -0.111595153808594 0.163162231445313 0.1015625
-0.0925750732421875 -0.159912109375 0.0705795288085937 0.11181640625
0.05975341796875 -0.23553466796875 -0.00612640380859374 0.0491485595703125
0.17144775390625 -0.18939208984375 -0.0165634155273437 -0.126914978027344
0.22882080078125 -0.09930419921875 0.173431396484375 -0.3441162109375
-0.1943359375 -0.0307464599609375 -0.1953125 0.3365478515625
-0.112701416015625 0.109832763671875 -0.0393753051757812 0.129867553710937
-0.021484375 0.151824951171875 -0.0438079833984375 -0.0736236572265625
0.0641021728515625 0.11279296875 -0.114486694335938 -0.141464233398437
0.0750198364257813 0.0623245239257813 -0.182205200195313 -0.129287719726563
0.087615966796875 0.0220489501953125 -0.25103759765625 -0.0598907470703125
0.0818099975585938 0.0198822021484375 -0.241790771484375 0.0547637939453124
0.0701446533203125 0.0377082824707031 -0.1793212890625 0.082305908203125
0.0664749145507813 0.0431709289550781 -0.116195678710938 0.0920333862304688
0.0290489196777344 0.0561447143554687 -0.079925537109375 0.0858917236328125
-0.001983642578125 0.0707244873046875 -0.0253677368164063 0.108100891113281
-0.0360946655273438 0.080780029296875 0.00543212890624999 0.153839111328125
-0.103668212890625 0.0586471557617188 0.0033416748046875 0.201553344726563
-0.149642944335938 0.020477294921875 0.0487213134765625 0.270675659179688
-0.187210083007813 -0.070526123046875 0.0521697998046875 0.22833251953125
-0.132354736328125 -0.147140502929688 -0.252044677734375 0.295135498046875
-0.07781982421875 0.00806427001953126 -0.0903854370117188 0.0980987548828125
-0.0174484252929688 0.0411300659179688 -0.0815277099609375 -0.103050231933594
0.0347061157226563 0.0319347381591797 -0.155563354492188 -0.151290893554687
0.0264339447021484 -0.00358390808105469 -0.205078125 -0.133026123046875
0.0151042938232422 -0.00345802307128906 -0.271194458007813 -0.05743408203125
0.00390625 0.0307521820068359 -0.25732421875 0.0537719726562501
-0.00863265991210938 0.04931640625 -0.18682861328125 0.0732574462890625
-0.014862060546875 0.0733718872070313 -0.125175476074219 0.0830001831054687
-0.05218505859375 0.06866455078125 -0.0748214721679687 0.0788192749023438
-0.0949859619140625 0.049957275390625 -0.0169296264648438 0.101448059082031
-0.124267578125 0.0212326049804688 -0.0056915283203125 0.150177001953125
-0.138153076171875 -0.0603408813476562 -0.0255584716796875 0.176528930664063
-0.152267456054687 -0.098480224609375 0.00793457031250001 0.224029541015625
-0.152618408203125 -0.194198608398438 0.014007568359375 0.167434692382813
-0.054962158203125 -0.249618530273438 -0.282073974609375 0.21881103515625
-0.0272750854492188 -0.106658935546875 -0.119491577148438 0.0357513427734375
-0.0176315307617188 -0.09234619140625 -0.103622436523437 -0.150253295898438
-0.0125236511230469 -0.0629730224609375 -0.184967041015625 -0.171142578125
-0.0375289916992188 -0.0719070434570312 -0.215103149414063 -0.13519287109375
-0.067138671875 -0.0272026062011719 -0.267654418945313 -0.0507049560546875
-0.0793914794921875 0.0395584106445313 -0.241470336914063 0.045074462890625
-0.0873184204101563 0.0546951293945313 -0.166656494140625 0.049957275390625
-0.0930023193359375 0.093536376953125 -0.109458923339844 0.0570144653320313
-0.120399475097656 0.0736007690429687 -0.0476150512695313 0.0585899353027344
-0.168930053710938 0.029571533203125 0.00640106201171875 0.0867843627929688
-0.192398071289063 -0.02435302734375 -0.00433349609375001 0.144287109375
-0.162506103515625 -0.15447998046875 -0.051177978515625 0.15533447265625
-0.141326904296875 -0.19427490234375 -0.04351806640625 0.16455078125
-0.10028076171875 -0.287139892578125 -0.0166091918945313 0.07275390625
0.031829833984375 -0.317413330078125 -0.282470703125 0.1107177734375
0.0296478271484375 -0.210723876953125 -0.127525329589844 -0.048980712890625
-0.0209197998046875 -0.2255859375 -0.108795166015625 -0.200942993164063
-0.070648193359375 -0.157135009765625 -0.19305419921875 -0.1904296875
-0.108253479003906 -0.131095886230469 -0.20208740234375 -0.1334228515625
-0.144927978515625 -0.0419464111328125 -0.233505249023438 -0.043731689453125
-0.151641845703125 0.045013427734375 -0.194808959960937 0.0266265869140625
-0.154373168945313 0.051483154296875 -0.12200927734375 0.0172576904296875
-0.15802001953125 0.095489501953125 -0.0721282958984375 0.022308349609375
-0.169296264648438 0.0602569580078125 -0.00544738769531251 0.03546142578125
-0.212875366210938 -0.000534057617187521 0.0376434326171875 0.0701332092285156
-0.224990844726562 -0.069061279296875 0.00365447998046873 0.134613037109375
-0.156936645507813 -0.224990844726562 -0.0707550048828125 0.135040283203125
-0.104248046875 -0.261566162109375 -0.0923538208007812 0.099456787109375
-0.0269775390625 -0.339141845703125 -0.0322494506835938 -0.0383720397949219
0.10467529296875 -0.33380126953125 -0.255783081054688 -0.00888061523437497
0.0814666748046875 -0.277191162109375 -0.124008178710938 -0.1412353515625
-0.020599365234375 -0.321624755859375 -0.105438232421875 -0.238555908203125
-0.119216918945313 -0.22479248046875 -0.178756713867187 -0.198348999023437
-0.164642333984375 -0.168045043945313 -0.162826538085937 -0.128143310546875
-0.201263427734375 -0.0473480224609375 -0.171768188476563 -0.040771484375
-0.200088500976563 0.0470428466796875 -0.125434875488281 0.000862121582031241
-0.197708129882813 0.0426177978515625 -0.0596389770507813 -0.0163497924804688
-0.201187133789063 0.0817413330078125 -0.0166397094726563 -0.00951004028320312
-0.195831298828125 0.0323486328125 0.0474052429199219 0.0185012817382813
-0.227096557617187 -0.0416717529296875 0.0723724365234375 0.0601959228515625
-0.22393798828125 -0.113204956054688 0.0158538818359375 0.125129699707031
-0.11981201171875 -0.27294921875 -0.0793609619140625 0.114959716796875
-0.0411376953125 -0.29730224609375 -0.125015258789063 0.0333251953125
0.054107666015625 -0.343658447265625 -0.026458740234375 -0.149993896484375
0.154052734375 -0.29638671875 -0.213592529296875 -0.117034912109375
0.116973876953125 -0.287994384765625 -0.116653442382813 -0.224090576171875
-0.012542724609375 -0.350189208984375 -0.0976715087890625 -0.25323486328125
-0.138381958007812 -0.244598388671875 -0.1429443359375 -0.191574096679688
-0.18377685546875 -0.17388916015625 -0.106208801269531 -0.117782592773438
-0.21917724609375 -0.04534912109375 -0.094329833984375 -0.0467529296875
-0.215103149414063 0.0428009033203125 -0.0463485717773438 -0.0311851501464844
-0.211349487304687 0.0284423828125 0.0105514526367187 -0.0470542907714844
-0.217315673828125 0.057037353515625 0.0507926940917969 -0.0334053039550781
-0.198806762695313 -0.0023040771484375 0.107284545898437 0.0149765014648438
-0.213333129882813 -0.0838775634765625 0.108070373535156 0.0635299682617188
-0.190582275390625 -0.155349731445313 0.0294952392578125 0.11810302734375
-0.055694580078125 -0.2962646484375 -0.0747222900390625 0.0907363891601562
0.04168701171875 -0.2998046875 -0.126144409179688 -0.0332412719726563
0.136077880859375 -0.30242919921875 0.00900268554687499 -0.247589111328125
0.180206298828125 -0.206512451171875 -0.163665771484375 -0.198593139648438
0.13690185546875 -0.237060546875 -0.10577392578125 -0.27740478515625
0.00924682617187498 -0.30377197265625 -0.080596923828125 -0.242507934570313
-0.114959716796875 -0.212173461914063 -0.094451904296875 -0.176620483398438
-0.153106689453125 -0.149932861328125 -0.04443359375 -0.107795715332031
-0.190536499023438 -0.0446014404296875 -0.0180702209472656 -0.0610466003417969
-0.193923950195313 0.0263824462890625 0.0278129577636719 -0.0650634765625
-0.193191528320313 0.01104736328125 0.0774765014648437 -0.0707015991210938
-0.203704833984375 0.028045654296875 0.121856689453125 -0.0458450317382813
-0.178024291992188 -0.0287933349609375 0.165725708007813 0.0261383056640625
-0.179107666015625 -0.106903076171875 0.141571044921875 0.0784912109375
-0.144271850585938 -0.17034912109375 0.0494003295898437 0.114280700683594
0.00531005859375 -0.284576416015625 -0.0498085021972656 0.0678138732910156
0.114181518554687 -0.266067504882813 -0.0902786254882812 -0.0884552001953125
0.195999145507813 -0.222869873046875 0.07244873046875 -0.316131591796875
0.18267822265625 -0.0831756591796875 -0.114212036132812 -0.234649658203125
0.144332885742188 -0.141632080078125 -0.087066650390625 -0.293243408203125
0.043731689453125 -0.198684692382812 -0.056060791015625 -0.213714599609375
-0.0539398193359375 -0.143600463867188 -0.046783447265625 -0.16204833984375
-0.0786666870117187 -0.110710144042969 0.00342559814453124 -0.100883483886719
-0.124107360839844 -0.05096435546875 0.0375442504882813 -0.0753250122070313
-0.142745971679688 -0.00157165527343751 0.0857315063476562 -0.0900650024414063
-0.146347045898438 -0.0076904296875 0.132331848144531 -0.08306884765625
-0.161544799804687 0.00328063964843752 0.185012817382813 -0.0475006103515625
-0.138114929199219 -0.0337600708007813 0.215957641601563 0.0440826416015625
-0.135169982910156 -0.0975341796875 0.169540405273437 0.0966644287109375
-0.10028076171875 -0.149276733398438 0.0763397216796875 0.113784790039062
0.0420989990234375 -0.235244750976563 -0.00567245483398438 0.0561141967773437
0.154327392578125 -0.1982421875 -0.0254364013671875 -0.119102478027344
0.217361450195313 -0.115142822265625 0.152374267578125 -0.345428466796875
-0.191268920898438 -0.01361083984375 -0.172882080078125 0.349609375
-0.100555419921875 0.117362976074219 -0.0275192260742187 0.131324768066406
-0.00646972656249999 0.150390625 -0.04510498046875 -0.0734786987304687
0.074554443359375 0.103034973144531 -0.123847961425781 -0.140121459960937
0.0791244506835938 0.05316162109375 -0.193496704101562 -0.124557495117188
0.0850067138671875 0.0123977661132812 -0.2615966796875 -0.04803466796875
0.0779342651367188 0.0116119384765625 -0.243133544921875 0.071044921875
0.0689735412597656 0.0307884216308594 -0.177200317382812 0.0964508056640625
0.0655136108398437 0.0377273559570312 -0.114311218261719 0.102653503417969
0.0288581848144531 0.0511207580566406 -0.077606201171875 0.095703125
0.00182723999023438 0.0663604736328125 -0.0204620361328125 0.1151123046875
-0.028076171875 0.0801162719726563 0.0125579833984375 0.158538818359375
-0.0948104858398438 0.0654983520507813 0.0105133056640625 0.205810546875
-0.143341064453125 0.0313262939453125 0.061279296875 0.27337646484375
-0.188629150390625 -0.052947998046875 0.061279296875 0.232864379882813
-0.136253356933594 -0.136642456054687 -0.23095703125 0.314300537109375
-0.0706787109375 0.0121078491210938 -0.0785675048828125 0.103172302246094
-0.00941848754882813 0.0376167297363281 -0.0839385986328125 -0.101615905761719
0.0402259826660156 0.0224761962890625 -0.163543701171875 -0.146835327148437
0.0256824493408203 -0.0113925933837891 -0.214508056640625 -0.125747680664063
0.0101871490478516 -0.00914859771728516 -0.27935791015625 -0.0432586669921875
-0.000341415405273439 0.0269889831542969 -0.256973266601563 0.070526123046875
-0.009857177734375 0.0470123291015625 -0.183609008789063 0.0878143310546875
-0.015167236328125 0.0730209350585938 -0.121467590332031 0.095367431640625
-0.0521125793457031 0.0683403015136719 -0.0711288452148437 0.0887222290039063
-0.0936431884765625 0.0509185791015625 -0.0112228393554688 0.108489990234375
-0.121826171875 0.0254135131835938 0.0026397705078125 0.158050537109375
-0.137916564941406 -0.0526351928710938 -0.018585205078125 0.185379028320313
-0.153121948242188 -0.0884552001953125 0.01922607421875 0.231170654296875
-0.160736083984375 -0.1827392578125 0.0205535888671875 0.1748046875
-0.0648345947265625 -0.246719360351562 -0.263778686523438 0.2415771484375
-0.0265731811523438 -0.107139587402344 -0.109764099121094 0.0437698364257812
-0.0183944702148437 -0.0975570678710937 -0.109527587890625 -0.1470947265625
-0.0136795043945313 -0.0700263977050781 -0.193984985351563 -0.163467407226563
-0.0439376831054688 -0.076995849609375 -0.22332763671875 -0.126205444335937
-0.0741729736328125 -0.0275115966796875 -0.27264404296875 -0.035614013671875
-0.0817489624023438 0.041351318359375 -0.2396240234375 0.0611724853515625
-0.08935546875 0.05853271484375 -0.164230346679687 0.0632781982421875
-0.0921630859375 0.0988616943359375 -0.105293273925781 0.0685348510742187
-0.120704650878906 0.07818603515625 -0.0432243347167969 0.0670890808105469
-0.1697998046875 0.0359954833984375 0.0134353637695312 0.092254638671875
-0.195098876953125 -0.0159454345703125 0.005523681640625 0.152862548828125
-0.169418334960938 -0.147705078125 -0.0431671142578125 0.167648315429688
-0.149429321289063 -0.187713623046875 -0.0345458984375 0.176040649414063
-0.113861083984375 -0.28277587890625 -0.0141143798828125 0.0828475952148437
0.016326904296875 -0.32232666015625 -0.268722534179688 0.1336669921875
0.02386474609375 -0.2171630859375 -0.121147155761719 -0.0394439697265625
-0.0325469970703125 -0.231002807617188 -0.11737060546875 -0.197616577148438
-0.0784912109375 -0.1595458984375 -0.201766967773438 -0.181594848632812
-0.119453430175781 -0.130577087402344 -0.209991455078125 -0.125015258789063
-0.152053833007813 -0.03717041015625 -0.235824584960938 -0.029693603515625
-0.153366088867187 0.051910400390625 -0.192489624023438 0.039703369140625
-0.156005859375 0.0608978271484375 -0.119857788085938 0.0265579223632813
-0.15643310546875 0.105239868164063 -0.0680503845214844 0.0312767028808594
-0.169906616210938 0.068389892578125 -0.000297546386718763 0.0395698547363281
-0.216506958007813 0.00952148437499997 0.0450363159179687 0.07403564453125
-0.232025146484375 -0.0589904785156249 0.0142974853515625 0.144073486328125
-0.169815063476562 -0.219635009765625 -0.0622406005859375 0.1502685546875
-0.117340087890625 -0.257827758789063 -0.0870132446289063 0.114334106445312
-0.0452880859375 -0.342071533203125 -0.0356178283691406 -0.0281753540039063
0.087310791015625 -0.345794677734375 -0.247604370117187 0.011199951171875
0.06884765625 -0.28778076171875 -0.122604370117188 -0.132614135742188
-0.039794921875 -0.328155517578125 -0.115692138671875 -0.236358642578125
-0.133056640625 -0.222686767578125 -0.188095092773438 -0.189041137695313
-0.179122924804688 -0.162124633789063 -0.169265747070313 -0.120849609375
-0.207489013671875 -0.03753662109375 -0.171249389648438 -0.03082275390625
-0.199050903320313 0.0595703125 -0.122688293457031 0.00935363769531252
-0.199066162109375 0.05517578125 -0.058319091796875 -0.0115776062011719
-0.199462890625 0.095458984375 -0.012451171875 -0.00532436370849609
-0.196578979492188 0.0418701171875 0.0535774230957031 0.0193252563476563
-0.232711791992188 -0.029754638671875 0.08013916015625 0.0612564086914063
-0.233871459960938 -0.102432250976562 0.0271377563476563 0.133583068847656
-0.13763427734375 -0.27093505859375 -0.0718154907226563 0.130485534667969
-0.0572509765625 -0.299407958984375 -0.122879028320313 0.0494308471679687
0.03564453125 -0.353271484375 -0.0352020263671875 -0.142059326171875
0.137359619140625 -0.313323974609375 -0.211700439453125 -0.102340698242187
0.101470947265625 -0.30194091796875 -0.121002197265625 -0.215866088867188
-0.037689208984375 -0.355743408203125 -0.109664916992188 -0.251327514648438
-0.1551513671875 -0.238296508789063 -0.151748657226563 -0.18511962890625
-0.199142456054687 -0.16290283203125 -0.110580444335938 -0.113517761230469
-0.222747802734375 -0.03192138671875 -0.0926361083984375 -0.0415802001953125
-0.211669921875 0.0569000244140625 -0.0443115234375 -0.0287742614746094
-0.211654663085938 0.0431060791015625 0.0101356506347656 -0.0476913452148438
-0.214996337890625 0.0720977783203125 0.0555191040039062 -0.0346755981445312
-0.199691772460938 0.00805664062500004 0.11492919921875 0.0112380981445313
-0.220687866210938 -0.0707550048828125 0.117263793945312 0.0618362426757812
-0.202865600585937 -0.145278930664063 0.040496826171875 0.125030517578125
-0.076324462890625 -0.297332763671875 -0.0684280395507813 0.105079650878906
0.023040771484375 -0.30694580078125 -0.128494262695312 -0.0181732177734375
0.11932373046875 -0.31768798828125 -0.00532531738281248 -0.243759155273438
0.16741943359375 -0.224777221679688 -0.167327880859375 -0.189422607421875
0.122406005859375 -0.251632690429688 -0.113845825195312 -0.272018432617188
-0.015167236328125 -0.309051513671875 -0.091461181640625 -0.242355346679688
-0.13153076171875 -0.205184936523438 -0.102005004882812 -0.173675537109375
-0.166412353515625 -0.13909912109375 -0.0478897094726563 -0.108016967773438
-0.192977905273437 -0.030853271484375 -0.016815185546875 -0.0608291625976563
-0.1895751953125 0.0400390625 0.0280990600585937 -0.0681915283203125
-0.192214965820313 0.025909423828125 0.0761260986328125 -0.076171875
-0.200531005859375 0.0422515869140625 0.12579345703125 -0.05279541015625
-0.17938232421875 -0.0173187255859375 0.175445556640625 0.0186920166015625
-0.18585205078125 -0.0937957763671875 0.151824951171875 0.0750885009765625
-0.156784057617188 -0.161209106445313 0.0596771240234375 0.119606018066406
-0.01495361328125 -0.28790283203125 -0.04547119140625 0.0795211791992187
0.0960845947265625 -0.27740478515625 -0.0962142944335938 -0.077423095703125
0.181869506835938 -0.241180419921875 0.054046630859375 -0.318511962890625
0.175155639648438 -0.0998382568359375 -0.121231079101563 -0.23126220703125
0.132537841796875 -0.1549072265625 -0.09844970703125 -0.291351318359375
0.0249786376953125 -0.204025268554688 -0.065399169921875 -0.216629028320313
-0.0664901733398438 -0.137916564941406 -0.0538330078125 -0.163970947265625
-0.0888519287109375 -0.10260009765625 -0.000747680664062504 -0.104934692382813
-0.125221252441406 -0.0401458740234375 0.037261962890625 -0.0793685913085937
-0.137916564941406 0.0109481811523437 0.0836334228515625 -0.0976486206054688
-0.14361572265625 0.00465393066406253 0.130134582519531 -0.0928497314453125
-0.15814208984375 0.016387939453125 0.187774658203125 -0.0592041015625
-0.138191223144531 -0.0239715576171875 0.225784301757812 0.0334320068359375
-0.140579223632813 -0.0860443115234375 0.180435180664062 0.0918731689453125
-0.110733032226563 -0.1405029296875 0.0857162475585938 0.116218566894531
0.0226898193359375 -0.238204956054688 -0.00343704223632812 0.0630874633789062
0.137832641601563 -0.210311889648438 -0.0343475341796875 -0.112945556640625
0.207992553710938 -0.1336669921875 0.1329345703125 -0.354827880859375
-0.188644409179688 0.00735473632812497 -0.1427001953125 0.3671875
-0.0858154296875 0.126075744628906 -0.0131301879882813 0.130836486816406
0.01123046875 0.148056030273438 -0.048828125 -0.0737075805664063
0.085418701171875 0.0907440185546875 -0.137100219726563 -0.134757995605469
0.0838470458984375 0.0414962768554688 -0.208404541015625 -0.113021850585938
0.081573486328125 0.00274658203125 -0.273162841796875 -0.0288238525390625
0.0737152099609375 0.0030670166015625 -0.242324829101563 0.0933837890625
0.0682258605957031 0.0229148864746094 -0.171844482421875 0.114776611328125
0.0657882690429688 0.0310783386230469 -0.109100341796875 0.116828918457031
0.0297012329101562 0.0467720031738281 -0.072784423828125 0.107864379882812
0.0066680908203125 0.0619049072265625 -0.0115280151367187 0.123153686523438
-0.0186309814453125 0.0795211791992188 0.024322509765625 0.163681030273438
-0.0849227905273437 0.0734634399414063 0.0231475830078125 0.21051025390625
-0.136573791503906 0.0446624755859375 0.0816192626953125 0.275283813476563
-0.190032958984375 -0.0324249267578125 0.07769775390625 0.236297607421875
-0.14276123046875 -0.12359619140625 -0.201080322265625 0.337158203125
-0.0632972717285156 0.0160560607910156 -0.0649032592773438 0.108474731445312
-0.000801086425781253 0.0329799652099609 -0.0902481079101563 -0.097930908203125
0.0440292358398437 0.0116729736328125 -0.175888061523437 -0.137496948242188
0.0229873657226563 -0.0200576782226563 -0.227951049804687 -0.112884521484375
0.00419807434082031 -0.0135984420776367 -0.2890625 -0.021820068359375
-0.00428390502929688 0.0251731872558594 -0.25482177734375 0.09442138671875
-0.010986328125 0.0467948913574219 -0.178680419921875 0.107086181640625
-0.0129318237304687 0.074127197265625 -0.115104675292969 0.110816955566406
-0.0516281127929687 0.07110595703125 -0.0653228759765625 0.100357055664063
-0.0916671752929688 0.0547561645507812 -0.00148773193359375 0.115989685058594
-0.119384765625 0.0323715209960937 0.0162811279296875 0.164886474609375
-0.139274597167969 -0.043426513671875 -0.00643920898437502 0.194778442382813
-0.156356811523438 -0.077178955078125 0.036773681640625 0.237823486328125
-0.17340087890625 -0.168441772460938 0.0340423583984375 0.183135986328125
-0.080841064453125 -0.243270874023438 -0.237991333007813 0.267715454101563
-0.0284881591796875 -0.108802795410156 -0.09906005859375 0.05242919921875
-0.022491455078125 -0.103057861328125 -0.119125366210938 -0.14215087890625
-0.0180740356445312 -0.0774459838867187 -0.205734252929688 -0.151092529296875
-0.0533294677734375 -0.07977294921875 -0.235305786132813 -0.112030029296875
-0.0820770263671875 -0.0256195068359375 -0.278335571289063 -0.0145721435546875
-0.0848312377929687 0.0469284057617188 -0.236602783203125 0.0826416015625
-0.0896377563476563 0.0655059814453125 -0.159317016601563 0.0798187255859375
-0.0884246826171875 0.107536315917969 -0.0994873046875 0.0826034545898438
-0.119956970214844 0.0866622924804687 -0.0372772216796875 0.0761642456054687
-0.170303344726563 0.047119140625 0.023406982421875 0.09765625
-0.19818115234375 -0.00265502929687502 0.0201873779296875 0.161331176757813
-0.181793212890625 -0.137680053710938 -0.02984619140625 0.180023193359375
-0.161666870117187 -0.178298950195313 -0.019805908203125 0.1884765625
-0.136123657226563 -0.276458740234375 -0.0082550048828125 0.0934066772460937
-0.00634765625 -0.328765869140625 -0.250442504882813 0.160171508789063
0.01171875 -0.225372314453125 -0.116195678710938 -0.0297698974609375
-0.0502166748046875 -0.237533569335938 -0.131973266601562 -0.192413330078125
-0.091461181640625 -0.161148071289062 -0.215240478515625 -0.168411254882813
-0.134635925292969 -0.126655578613281 -0.2200927734375 -0.111160278320313
-0.160781860351563 -0.027587890625 -0.238616943359375 -0.0110321044921875
-0.1534423828125 0.063995361328125 -0.1878662109375 0.0567474365234375
-0.1566162109375 0.073638916015625 -0.117202758789063 0.0380401611328125
-0.151840209960938 0.120574951171875 -0.0623321533203125 0.04071044921875
-0.1693115234375 0.0812225341796875 0.00587844848632811 0.0442237854003906
-0.220474243164063 0.0254974365234375 0.0547637939453125 0.0759429931640625
-0.240676879882813 -0.0422821044921875 0.0300750732421875 0.151962280273438
-0.18951416015625 -0.211746215820313 -0.049102783203125 0.164779663085938
-0.136856079101563 -0.2537841796875 -0.0765151977539063 0.130996704101562
-0.072052001953125 -0.34454345703125 -0.0377426147460938 -0.0175514221191406
0.060791015625 -0.361541748046875 -0.238250732421875 0.0347290039062499
0.049224853515625 -0.3013916015625 -0.124473571777344 -0.123069763183594
-0.069610595703125 -0.33197021484375 -0.13433837890625 -0.23089599609375
-0.153213500976562 -0.21759033203125 -0.201385498046875 -0.177230834960938
-0.19830322265625 -0.1502685546875 -0.178390502929688 -0.109573364257813
-0.215240478515625 -0.022125244140625 -0.171890258789063 -0.0170440673828125
-0.197128295898438 0.0749969482421875 -0.119369506835938 0.0197982788085938
-0.198776245117187 0.0732574462890625 -0.0578880310058594 -0.00625228881835938
-0.194183349609375 0.113845825195313 -0.00821304321289064 -0.0021524429321289
-0.197113037109375 0.0577239990234375 0.0604743957519531 0.017333984375
-0.239654541015625 -0.011444091796875 0.0906906127929687 0.0599288940429687
-0.246505737304688 -0.0858001708984375 0.0430450439453125 0.14056396484375
-0.163330078125 -0.26507568359375 -0.0588226318359375 0.145538330078125
-0.082122802734375 -0.3004150390625 -0.118263244628906 0.0682754516601563
0.00735473632812496 -0.36541748046875 -0.0465850830078125 -0.133819580078125
0.111572265625 -0.33355712890625 -0.211807250976563 -0.0841827392578125
0.077392578125 -0.31756591796875 -0.13031005859375 -0.207305908203125
-0.07244873046875 -0.35986328125 -0.12841796875 -0.2476806640625
-0.178009033203125 -0.22894287109375 -0.164886474609375 -0.176055908203125
-0.217987060546875 -0.14715576171875 -0.118637084960938 -0.106834411621094
-0.22845458984375 -0.01373291015625 -0.09197998046875 -0.0343093872070313
-0.207901000976563 0.075592041015625 -0.0429344177246094 -0.0258979797363281
-0.211105346679688 0.0629119873046875 0.00820541381835936 -0.0493850708007812
-0.210311889648438 0.0924835205078125 0.0579643249511719 -0.0385894775390625
-0.20147705078125 0.0244903564453125 0.123397827148437 0.00379180908203125
-0.229507446289062 -0.052337646484375 0.128715515136719 0.057281494140625
-0.219314575195312 -0.129425048828125 0.05670166015625 0.130546569824219
-0.104400634765625 -0.297576904296875 -0.0575714111328125 0.119186401367188
-0.00320434570312497 -0.315216064453125 -0.129890441894531 -0.00119018554687501
0.092926025390625 -0.3363037109375 -0.02490234375 -0.240631103515625
0.146713256835937 -0.246932983398437 -0.175750732421875 -0.177810668945312
0.099273681640625 -0.269363403320313 -0.1295166015625 -0.265731811523438
-0.048065185546875 -0.312164306640625 -0.110824584960938 -0.240097045898438
-0.151687622070312 -0.194366455078125 -0.114791870117187 -0.168975830078125
-0.1829833984375 -0.123519897460938 -0.0554733276367188 -0.106727600097656
-0.196746826171875 -0.013702392578125 -0.0166816711425781 -0.0608024597167969
-0.1844482421875 0.058349609375 0.0269317626953125 -0.0723648071289063
-0.189834594726562 0.04376220703125 0.0723190307617188 -0.0845947265625
-0.196395874023438 0.06170654296875 0.1287841796875 -0.0639495849609375
-0.180206298828125 -0.00268554687499998 0.185104370117188 0.0056304931640625
-0.195388793945313 -0.0768585205078125 0.1640625 0.0668792724609375
-0.172775268554688 -0.14764404296875 0.0743942260742188 0.122550964355469
-0.043060302734375 -0.29058837890625 -0.0380859375 0.0904312133789062
0.070526123046875 -0.289764404296875 -0.103652954101563 -0.0636062622070313
0.160934448242187 -0.264663696289063 0.027801513671875 -0.32379150390625
0.16461181640625 -0.120346069335937 -0.13433837890625 -0.227340698242188
0.116592407226562 -0.17095947265625 -0.11798095703125 -0.287261962890625
0.001007080078125 -0.207977294921875 -0.0804443359375 -0.216903686523437
-0.081512451171875 -0.130409240722656 -0.0660400390625 -0.16375732421875
-0.100120544433594 -0.0916213989257813 -0.00789642333984376 -0.108787536621094
-0.127265930175781 -0.0266571044921875 0.0349349975585938 -0.0855255126953125
-0.132797241210938 0.0246963500976562 0.07855224609375 -0.108161926269531
-0.140777587890625 0.019439697265625 0.124397277832031 -0.106460571289063
-0.154312133789063 0.0322418212890625 0.189224243164062 -0.0766448974609375
-0.137374877929687 -0.0110931396484375 0.236770629882813 0.0160064697265625
-0.146728515625 -0.0706024169921875 0.193634033203125 0.0817108154296875
-0.123916625976562 -0.128761291503906 0.0983352661132813 0.115921020507812
-0.00112915039062502 -0.241622924804688 0.00177383422851562 0.0698089599609375
0.117019653320313 -0.224807739257813 -0.0460205078125 -0.106918334960938
0.196075439453125 -0.156723022460938 0.103271484375 -0.3682861328125
-0.179733276367188 0.0305633544921875 -0.100860595703125 0.377655029296875
-0.0665664672851563 0.132087707519531 0.00273895263671875 0.127639770507813
0.0313262939453125 0.140670776367188 -0.0538787841796875 -0.0714187622070312
0.0941848754882813 0.0746994018554688 -0.150543212890625 -0.122817993164062
0.08538818359375 0.02728271484375 -0.220718383789063 -0.0941314697265625
0.0756301879882813 -0.00792694091796875 -0.278793334960938 -0.00143432617187501
0.067718505859375 -0.0051422119140625 -0.233001708984375 0.119537353515625
0.0665397644042969 0.0147857666015625 -0.159393310546875 0.134124755859375
0.0644607543945313 0.0230331420898438 -0.0970230102539063 0.130973815917969
0.0304679870605469 0.0414505004882813 -0.0626449584960938 0.11907958984375
0.011444091796875 0.0563430786132813 0.00136566162109376 0.127090454101563
-0.0083770751953125 0.0770416259765625 0.0399322509765625 0.163528442382813
-0.0716400146484375 0.080291748046875 0.040802001953125 0.211257934570313
-0.1253662109375 0.0585403442382813 0.107162475585937 0.268646240234375
-0.1868896484375 -0.00822448730468748 0.09820556640625 0.232711791992188
-0.148422241210937 -0.106460571289063 -0.159576416015625 0.355865478515625
-0.0546379089355469 0.0193710327148437 -0.0488204956054687 0.111068725585938
0.00653266906738281 0.02691650390625 -0.0969009399414062 -0.0908737182617188
0.0454292297363281 -0.000820159912109375 -0.187454223632812 -0.121566772460938
0.0179462432861328 -0.0278186798095703 -0.238998413085937 -0.0918731689453125
-0.00315666198730469 -0.0163249969482422 -0.291717529296875 0.00720214843749995
-0.00770378112792969 0.0242595672607422 -0.243545532226562 0.121200561523437
-0.0109977722167969 0.0464096069335937 -0.165634155273438 0.127090454101563
-0.00891113281249999 0.0744400024414063 -0.101913452148437 0.12689208984375
-0.0480728149414063 0.0741500854492188 -0.0542678833007812 0.111686706542969
-0.0879745483398438 0.0603179931640625 0.0117874145507813 0.119743347167969
-0.114585876464844 0.0413589477539062 0.033721923828125 0.1673583984375
-0.139305114746094 -0.0312271118164063 0.0118865966796875 0.19940185546875
-0.15863037109375 -0.0615386962890625 0.0608367919921875 0.23779296875
-0.184783935546875 -0.147537231445313 0.0513916015625 0.186630249023438
-0.0996856689453125 -0.232650756835938 -0.20062255859375 0.29168701171875
-0.0338211059570313 -0.108993530273437 -0.0858612060546875 0.0604019165039062
-0.0304489135742187 -0.105979919433594 -0.130172729492188 -0.131080627441406
-0.025360107421875 -0.0820541381835938 -0.217880249023437 -0.131988525390625
-0.0651702880859375 -0.078125 -0.244186401367188 -0.0890655517578125
-0.0890045166015625 -0.0192108154296875 -0.277816772460938 0.01373291015625
-0.0843505859375 0.0542526245117188 -0.225051879882813 0.107498168945312
-0.087493896484375 0.07415771484375 -0.148727416992188 0.0977783203125
-0.07977294921875 0.116111755371094 -0.087310791015625 0.0959014892578125
-0.113578796386719 0.0964279174804688 -0.0268020629882813 0.0837860107421875
-0.167205810546875 0.06201171875 0.0360870361328125 0.098876953125
-0.198135375976563 0.0150146484375 0.040069580078125 0.1639404296875
-0.192825317382813 -0.121063232421875 -0.010833740234375 0.189300537109375
-0.1748046875 -0.162750244140625 0.000930786132812496 0.196121215820313
-0.161148071289063 -0.261566162109375 0.00257110595703125 0.101844787597656
-0.037689208984375 -0.32830810546875 -0.221954345703125 0.185379028320312
-0.00749206542968751 -0.229202270507813 -0.1090087890625 -0.0187149047851562
-0.0732879638671875 -0.235397338867188 -0.148468017578125 -0.179153442382813
-0.107147216796875 -0.156234741210938 -0.227935791015625 -0.147216796875
-0.150482177734375 -0.11529541015625 -0.227630615234375 -0.0895233154296875
-0.16693115234375 -0.01373291015625 -0.235366821289063 0.0126800537109374
-0.149520874023438 0.07830810546875 -0.178070068359375 0.0759429931640625
-0.151779174804688 0.0899200439453125 -0.110504150390625 0.05181884765625
-0.140579223632813 0.136611938476563 -0.0545539855957031 0.0499267578125
-0.163330078125 0.0971221923828125 0.0139236450195312 0.0464515686035156
-0.21807861328125 0.0460357666015625 0.06561279296875 0.0741119384765625
-0.245132446289062 -0.018310546875 0.0500946044921875 0.154144287109375
-0.210128784179688 -0.19427490234375 -0.0295257568359375 0.176055908203125
-0.159576416015625 -0.240859985351562 -0.059967041015625 0.14495849609375
-0.106048583984375 -0.338104248046875 -0.0381736755371094 -0.00616836547851564
0.023681640625 -0.3681640625 -0.222381591796875 0.059478759765625
0.019744873046875 -0.308807373046875 -0.1259765625 -0.109664916992188
-0.105316162109375 -0.3275146484375 -0.154022216796875 -0.216720581054688
-0.174468994140625 -0.20306396484375 -0.214569091796875 -0.156036376953125
-0.21551513671875 -0.129959106445313 -0.1856689453125 -0.092193603515625
-0.218368530273437 -0.00108337402343748 -0.167556762695313 -0.000183105468749983
-0.189773559570313 0.0947723388671875 -0.113006591796875 0.0313949584960938
-0.192108154296875 0.0945281982421875 -0.0560226440429688 0.001068115234375
-0.181610107421875 0.134963989257813 -0.00393748283386232 -6.12735748290939E-05
-0.192138671875 0.0764007568359375 0.0673332214355469 0.01300048828125
-0.240707397460938 0.012847900390625 0.1009521484375 0.0529861450195313
-0.256271362304687 -0.05987548828125 0.0628814697265625 0.140914916992188
-0.1922607421875 -0.250534057617188 -0.0402374267578125 0.157440185546875
-0.111328125 -0.29400634765625 -0.107490539550781 0.0866012573242187
-0.03076171875 -0.36822509765625 -0.05859375 -0.121429443359375
0.07403564453125 -0.347381591796875 -0.208663940429688 -0.0626831054687501
0.04290771484375 -0.328643798828125 -0.141159057617188 -0.193740844726563
-0.113739013671875 -0.3515625 -0.151565551757812 -0.23248291015625
-0.201751708984375 -0.209259033203125 -0.178085327148438 -0.159149169921875
-0.234710693359375 -0.12249755859375 -0.126243591308594 -0.095123291015625
-0.2288818359375 0.0101318359375 -0.0892791748046875 -0.0263137817382813
-0.197540283203125 0.096771240234375 -0.0420913696289063 -0.02252197265625
-0.203155517578125 0.0859375 0.00525283813476561 -0.0494194030761719
-0.198318481445313 0.115066528320313 0.0588111877441406 -0.044647216796875
-0.197677612304688 0.0443115234375 0.128166198730469 -0.00830841064453124
-0.2332763671875 -0.0278778076171875 0.138862609863281 0.0463104248046875
-0.2327880859375 -0.105270385742188 0.0748748779296875 0.128639221191406
-0.137237548828125 -0.2869873046875 -0.0417709350585938 0.130767822265625
-0.036346435546875 -0.3150634765625 -0.126853942871094 0.0184707641601562
0.055084228515625 -0.34906005859375 -0.0481719970703125 -0.231582641601563
0.116714477539062 -0.265487670898438 -0.184661865234375 -0.161224365234375
0.0680389404296875 -0.280624389648438 -0.147918701171875 -0.251617431640625
-0.085845947265625 -0.304962158203125 -0.132720947265625 -0.228668212890625
-0.172393798828125 -0.175399780273437 -0.127731323242187 -0.15789794921875
-0.195755004882813 -0.100418090820312 -0.063629150390625 -0.102386474609375
-0.19549560546875 0.00880432128906248 -0.0181503295898438 -0.0608787536621094
-0.1734619140625 0.07708740234375 0.0225296020507812 -0.076324462890625
-0.182586669921875 0.0654449462890625 0.0642776489257813 -0.0921630859375
-0.186019897460938 0.0838623046875 0.124961853027344 -0.0777053833007813
-0.177902221679688 0.015655517578125 0.190582275390625 -0.0144805908203125
-0.200119018554688 -0.0547943115234375 0.175033569335938 0.05255126953125
-0.187698364257812 -0.126922607421875 0.0909805297851562 0.119049072265625
-0.075775146484375 -0.284454345703125 -0.0253143310546875 0.0996017456054688
0.037261962890625 -0.29620361328125 -0.108718872070313 -0.04742431640625
0.130157470703125 -0.283416748046875 -0.00531005859375 -0.320068359375
0.14599609375 -0.140426635742188 -0.150238037109375 -0.215301513671875
0.092803955078125 -0.18377685546875 -0.140182495117187 -0.274612426757813
-0.026641845703125 -0.205245971679688 -0.100997924804687 -0.210433959960938
-0.0953216552734375 -0.117027282714844 -0.0809478759765625 -0.159042358398438
-0.109077453613281 -0.0763626098632813 -0.0176849365234375 -0.109542846679688
-0.126754760742188 -0.0111236572265625 0.0291976928710938 -0.0907211303710938
-0.124404907226563 0.0391845703125 0.0691299438476562 -0.117332458496094
-0.134223937988281 0.0354843139648438 0.112869262695313 -0.120071411132813
-0.145278930664063 0.04925537109375 0.1837158203125 -0.097991943359375
-0.134323120117188 0.00346374511718751 0.242782592773438 -0.0093841552734375
-0.149932861328125 -0.0520782470703125 0.204574584960938 0.0647430419921875
-0.135757446289063 -0.111785888671875 0.112945556640625 0.11053466796875
-0.0303802490234375 -0.237533569335938 0.00981140136718749 0.074554443359375
0.0885772705078125 -0.23486328125 -0.0576629638671875 -0.0965347290039063
0.173980712890625 -0.178176879882813 0.06243896484375 -0.374420166015625
-0.16265869140625 0.0498199462890625 -0.05584716796875 0.371337890625
-0.0463638305664063 0.1307373046875 0.0164947509765625 0.11871337890625
0.0461349487304687 0.126777648925781 -0.0572242736816406 -0.0667266845703125
0.09759521484375 0.0562820434570313 -0.15679931640625 -0.105880737304687
0.08221435546875 0.0134048461914062 -0.224212646484375 -0.0703125
0.0672035217285156 -0.0159797668457031 -0.273239135742188 0.0272216796875
0.0592002868652344 -0.0112724304199219 -0.21368408203125 0.14044189453125
0.0618095397949219 0.00650787353515625 -0.139389038085938 0.147064208984375
0.0609169006347656 0.0153732299804688 -0.0797576904296875 0.139816284179688
0.0300636291503906 0.0363655090332031 -0.0485992431640625 0.125099182128906
0.0142898559570312 0.0503654479980469 0.0143890380859375 0.12542724609375
0.000488281249999998 0.070709228515625 0.0549774169921875 0.1566162109375
-0.0568771362304688 0.0824050903320313 0.0573272705078125 0.203857421875
-0.109580993652344 0.068023681640625 0.12786865234375 0.251724243164063
-0.1751708984375 0.0135040283203125 0.11639404296875 0.220169067382813
-0.1470947265625 -0.086212158203125 -0.111724853515625 0.3565673828125
-0.0455970764160156 0.0199928283691406 -0.0325698852539063 0.108406066894531
0.0111026763916016 0.0189151763916016 -0.100639343261719 -0.08056640625
0.0421485900878906 -0.0120658874511719 -0.191162109375 -0.100509643554688
0.0109214782714844 -0.03271484375 -0.238922119140625 -0.0666046142578125
-0.0101394653320313 -0.0163173675537109 -0.282073974609375 0.03582763671875
-0.00987815856933594 0.0247554779052734 -0.221939086914062 0.142868041992188
-0.0100898742675781 0.0462875366210938 -0.144668579101563 0.140472412109375
-0.00434875488281251 0.0726776123046875 -0.0833740234375 0.135368347167969
-0.0424728393554687 0.0754928588867188 -0.0400543212890625 0.116806030273437
-0.081298828125 0.0635299682617188 0.025360107421875 0.117156982421875
-0.105949401855469 0.0478973388671875 0.051544189453125 0.161895751953125
-0.134727478027344 -0.0184326171875 0.0308837890625 0.19635009765625
-0.154266357421875 -0.045166015625 0.0834197998046875 0.227371215820313
-0.189010620117188 -0.121749877929687 0.06878662109375 0.180984497070312
-0.115066528320312 -0.214385986328125 -0.155548095703125 0.299896240234375
-0.0384063720703125 -0.105911254882813 -0.0701217651367188 0.0637931823730469
-0.0387344360351563 -0.104560852050781 -0.136009216308594 -0.114913940429688
-0.0334548950195313 -0.082916259765625 -0.21942138671875 -0.1068115234375
-0.0743637084960938 -0.0726547241210937 -0.242706298828125 -0.063385009765625
-0.0928573608398438 -0.0108261108398438 -0.265838623046875 0.0399017333984374
-0.0806732177734375 0.0606689453125 -0.204147338867188 0.126815795898438
-0.0809097290039063 0.0811538696289062 -0.131507873535156 0.110923767089844
-0.0673751831054688 0.120536804199219 -0.0706939697265625 0.104095458984375
-0.103012084960938 0.104095458984375 -0.0151214599609375 0.0866928100585937
-0.157318115234375 0.0740814208984375 0.0474929809570313 0.0946426391601563
-0.190032958984375 0.032257080078125 0.058807373046875 0.158493041992188
-0.196517944335938 -0.100311279296875 0.009613037109375 0.188430786132812
-0.181381225585938 -0.141571044921875 0.022918701171875 0.193679809570312
-0.178390502929687 -0.236419677734375 0.0143203735351562 0.105224609375
-0.06732177734375 -0.313018798828125 -0.184860229492187 0.20086669921875
-0.0264739990234375 -0.22412109375 -0.098541259765625 -0.00945281982421874
-0.0944671630859375 -0.223876953125 -0.15777587890625 -0.158187866210937
-0.1197509765625 -0.143997192382812 -0.230804443359375 -0.1201171875
-0.160247802734375 -0.097747802734375 -0.226333618164062 -0.0655670166015625
-0.165863037109375 0.00270080566406251 -0.22216796875 0.0342864990234375
-0.139152526855469 0.0908432006835938 -0.161209106445313 0.091888427734375
-0.140174865722656 0.103797912597656 -0.0982666015625 0.0628128051757813
-0.123123168945313 0.145965576171875 -0.0430870056152344 0.0555305480957031
-0.150192260742188 0.109344482421875 0.0214157104492187 0.04559326171875
-0.207962036132813 0.0647430419921875 0.07427978515625 0.06732177734375
-0.238983154296875 0.00598144531250005 0.0684356689453125 0.147842407226563
-0.22344970703125 -0.168548583984375 -0.00868225097656253 0.177871704101563
-0.176422119140625 -0.218963623046875 -0.0402984619140625 0.151535034179688
-0.135650634765625 -0.31732177734375 -0.0351524353027344 0.00513458251953123
-0.015350341796875 -0.360107421875 -0.197341918945313 0.0789794921875
-0.01080322265625 -0.303009033203125 -0.123130798339844 -0.095977783203125
-0.136505126953125 -0.30645751953125 -0.168502807617188 -0.192794799804688
-0.189117431640625 -0.180877685546875 -0.21832275390625 -0.130584716796875
-0.223739624023437 -0.103378295898438 -0.185791015625 -0.0717926025390625
-0.212203979492187 0.0206146240234375 -0.1572265625 0.0150299072265625
-0.174240112304687 0.110076904296875 -0.102333068847656 0.0413284301757813
-0.177383422851563 0.112167358398437 -0.0514411926269531 0.00768661499023438
-0.16156005859375 0.149749755859375 -5.97834587097266E-05 0.000648438930511484
-0.179367065429688 0.0923919677734375 0.0699882507324219 0.00642776489257813
-0.23193359375 0.036041259765625 0.106971740722656 0.0434188842773438
-0.253631591796875 -0.03173828125 0.0801544189453125 0.133773803710938
-0.211990356445313 -0.224395751953125 -0.0196533203125 0.160247802734375
-0.136947631835937 -0.274505615234375 -0.0913543701171875 0.099395751953125
-0.0679931640625 -0.35467529296875 -0.0663986206054688 -0.104774475097656
0.03326416015625 -0.34478759765625 -0.1964111328125 -0.04107666015625
0.00717163085937499 -0.3232421875 -0.145950317382813 -0.17437744140625
-0.149169921875 -0.3265380859375 -0.1671142578125 -0.208480834960938
-0.215866088867187 -0.180938720703125 -0.18365478515625 -0.136886596679688
-0.239700317382813 -0.0921783447265625 -0.128456115722656 -0.0811538696289063
-0.219772338867188 0.0339813232421875 -0.083587646484375 -0.0187301635742188
-0.17950439453125 0.1124267578125 -0.0384368896484375 -0.0188827514648437
-0.186477661132813 0.104827880859375 0.00164413452148437 -0.0477027893066406
-0.177703857421875 0.132415771484375 0.0554122924804687 -0.0499839782714844
-0.186294555664062 0.062042236328125 0.12762451171875 -0.021575927734375
-0.227218627929688 -0.00306701660156245 0.14361572265625 0.0323638916015625
-0.235275268554688 -0.076080322265625 0.0908889770507812 0.120979309082031
-0.16387939453125 -0.263137817382813 -0.0242462158203125 0.13446044921875
-0.068023681640625 -0.3013916015625 -0.117271423339844 0.0360565185546875
0.01654052734375 -0.344635009765625 -0.0684661865234375 -0.2127685546875
0.08050537109375 -0.27020263671875 -0.185348510742188 -0.139053344726563
0.0330963134765625 -0.279083251953125 -0.159957885742188 -0.2296142578125
-0.118988037109375 -0.282379150390625 -0.148513793945313 -0.20709228515625
-0.184188842773438 -0.148391723632812 -0.135818481445313 -0.14068603515625
-0.19866943359375 -0.073089599609375 -0.070220947265625 -0.0935134887695312
-0.18536376953125 0.0286407470703125 -0.0194473266601563 -0.0590896606445313
-0.15631103515625 0.091339111328125 0.016632080078125 -0.0777816772460938
-0.166900634765625 0.082244873046875 0.0538253784179687 -0.0946731567382813
-0.167892456054688 0.100173950195313 0.115562438964844 -0.089111328125
-0.168365478515625 0.0329742431640625 0.185775756835937 -0.034393310546875
-0.195297241210938 -0.0316925048828125 0.178878784179688 0.035064697265625
-0.192550659179688 -0.1011962890625 0.104393005371094 0.10888671875
-0.104949951171875 -0.265731811523438 -0.0120773315429688 0.102630615234375
0.00296020507812498 -0.288818359375 -0.107452392578125 -0.0292892456054688
0.092987060546875 -0.289642333984375 -0.03753662109375 -0.303314208984375
0.121307373046875 -0.152206420898438 -0.1610107421875 -0.19696044921875
0.066680908203125 -0.187255859375 -0.15826416015625 -0.253341674804688
-0.0513153076171875 -0.19134521484375 -0.11602783203125 -0.194610595703125
-0.104087829589844 -0.0984954833984375 -0.091949462890625 -0.146942138671875
-0.112655639648437 -0.0582809448242188 -0.0271072387695313 -0.10546875
-0.120658874511719 0.00427246093749999 0.022247314453125 -0.0928955078125
-0.111480712890625 0.0498123168945313 0.0560073852539062 -0.122215270996094
-0.122016906738281 0.0482025146484375 0.096832275390625 -0.127449035644531
-0.130592346191406 0.0625534057617188 0.16839599609375 -0.11517333984375
-0.125572204589844 0.0170745849609375 0.236526489257813 -0.0348358154296875
-0.145706176757813 -0.03253173828125 0.20794677734375 0.0441131591796875
-0.140853881835938 -0.08990478515625 0.1231689453125 0.0987472534179688
-0.0561676025390625 -0.222869873046875 0.0177688598632812 0.0741424560546875
0.0570526123046875 -0.2337646484375 -0.0655517578125 -0.0821456909179688
0.14520263671875 -0.1912841796875 0.02099609375 -0.362823486328125
-0.143310546875 0.06085205078125 -0.023468017578125 0.352874755859375
-0.0305938720703125 0.123542785644531 0.0244903564453125 0.108062744140625
0.0547714233398437 0.110893249511719 -0.0577850341796875 -0.0618324279785156
0.0947189331054688 0.0412521362304688 -0.155960083007812 -0.090362548828125
0.0752105712890625 0.0032196044921875 -0.21795654296875 -0.0521392822265625
0.05755615234375 -0.0193862915039063 -0.259033203125 0.0466156005859374
0.0506248474121094 -0.0132789611816406 -0.191787719726563 0.15142822265625
0.0559921264648438 0.0023651123046875 -0.120040893554687 0.150863647460938
0.0557746887207031 0.0101470947265625 -0.0643157958984375 0.141555786132813
0.0279464721679688 0.0318660736083984 -0.0371932983398438 0.125198364257813
0.0142555236816406 0.0439987182617188 0.0237045288085937 0.119781494140625
0.00598144531249999 0.0630874633789063 0.0627593994140625 0.148040771484375
-0.043975830078125 0.0791473388671875 0.06768798828125 0.193069458007813
-0.0945587158203125 0.0706024169921875 0.139373779296875 0.2313232421875
-0.159637451171875 0.027587890625 0.124404907226562 0.204864501953125
-0.139633178710937 -0.069549560546875 -0.074798583984375 0.342987060546875
-0.0377235412597656 0.0180130004882812 -0.020111083984375 0.101486206054688
0.0129604339599609 0.0109710693359375 -0.0991897583007812 -0.0706100463867188
0.0374374389648438 -0.0206680297851562 -0.187026977539063 -0.0833587646484375
0.00330924987792969 -0.0347480773925781 -0.231124877929688 -0.0481414794921875
-0.0160989761352539 -0.0150690078735352 -0.2647705078125 0.0550384521484375
-0.0120582580566406 0.0259113311767578 -0.1981201171875 0.152786254882813
-0.00945281982421875 0.0455322265625 -0.124404907226563 0.145462036132813
-0.00179672241210938 0.0693778991699219 -0.0661087036132813 0.1370849609375
-0.0378189086914062 0.0742645263671875 -0.0280685424804688 0.116676330566406
-0.0749588012695312 0.0648193359375 0.0340347290039062 0.111251831054687
-0.0965347290039063 0.0504837036132813 0.0625762939453125 0.153274536132812
-0.126510620117187 -0.0103530883789063 0.0438995361328125 0.18853759765625
-0.14495849609375 -0.0337371826171875 0.0966796875 0.212615966796875
-0.183685302734375 -0.100479125976562 0.078826904296875 0.171722412109375
-0.12017822265625 -0.19439697265625 -0.11749267578125 0.29302978515625
-0.0401229858398437 -0.101799011230469 -0.0566596984863281 0.0620384216308594
-0.0441055297851563 -0.101707458496094 -0.135032653808594 -0.0996017456054688
-0.0393905639648438 -0.08154296875 -0.213455200195312 -0.0872650146484375
-0.0791549682617188 -0.0660629272460938 -0.232681274414063 -0.045318603515625
-0.0927963256835938 -0.004058837890625 -0.247283935546875 0.0561981201171875
-0.0754318237304687 0.0645904541015625 -0.181442260742188 0.13641357421875
-0.0736160278320312 0.0845260620117188 -0.113197326660156 0.115852355957031
-0.0569686889648437 0.120101928710938 -0.05560302734375 0.105682373046875
-0.0928955078125 0.105751037597656 -0.005523681640625 0.0856704711914062
-0.146270751953125 0.0804901123046875 0.0542373657226563 0.0878982543945312
-0.177276611328125 0.0429840087890625 0.0706787109375 0.148773193359375
-0.19305419921875 -0.08294677734375 0.02423095703125 0.182723999023438
-0.179473876953125 -0.122955322265625 0.038482666015625 0.185836791992188
-0.183822631835938 -0.211074829101562 0.0232772827148437 0.104598999023437
-0.08447265625 -0.291961669921875 -0.150466918945313 0.201034545898437
-0.0386505126953125 -0.214447021484375 -0.08734130859375 -0.00589752197265627
-0.106979370117188 -0.208984375 -0.15899658203125 -0.137542724609375
-0.124809265136719 -0.132179260253906 -0.223785400390625 -0.0989532470703125
-0.162261962890625 -0.0817413330078125 -0.21649169921875 -0.047943115234375
-0.159683227539063 0.0150299072265625 -0.205276489257813 0.046905517578125
-0.128067016601562 0.097137451171875 -0.142837524414063 0.0985107421875
-0.127784729003906 0.110160827636719 -0.0866012573242188 0.06768798828125
-0.106674194335937 0.1488037109375 -0.0331916809082031 0.0563316345214844
-0.136451721191406 0.114326477050781 0.0267601013183594 0.0430526733398438
-0.194183349609375 0.0760650634765625 0.0787277221679687 0.0593414306640625
-0.2257080078125 0.0225067138671875 0.0806427001953125 0.13812255859375
-0.225234985351563 -0.145309448242188 0.0074462890625 0.173583984375
-0.181610107421875 -0.195831298828125 -0.023712158203125 0.151458740234375
-0.151123046875 -0.29193115234375 -0.030548095703125 0.0137138366699219
-0.041351318359375 -0.3404541015625 -0.170974731445312 0.085968017578125
-0.032470703125 -0.290283203125 -0.115997314453125 -0.0848007202148437
-0.154281616210938 -0.280670166015625 -0.170578002929687 -0.169082641601563
-0.193527221679688 -0.159255981445313 -0.2125244140625 -0.109085083007813
-0.221328735351563 -0.081298828125 -0.177703857421875 -0.0562591552734375
-0.20086669921875 0.0354156494140625 -0.144012451171875 0.023040771484375
-0.157333374023438 0.117080688476563 -0.0900726318359375 0.0460205078125
-0.160491943359375 0.12152099609375 -0.0456466674804688 0.01153564453125
-0.141372680664062 0.154739379882813 0.00342178344726562 0.000981092453002939
-0.164398193359375 0.100189208984375 0.0705032348632812 0.00139617919921876
-0.217849731445313 0.051025390625 0.1082763671875 0.034637451171875
-0.242935180664063 -0.0106201171875 0.0904617309570312 0.123115539550781
-0.22003173828125 -0.19866943359375 -0.00392150878906253 0.157272338867187
-0.150360107421875 -0.250778198242188 -0.0753173828125 0.105987548828125
-0.092193603515625 -0.333465576171875 -0.0682830810546875 -0.0880355834960938
0.00265502929687498 -0.329986572265625 -0.179885864257813 -0.028106689453125
-0.018585205078125 -0.30908203125 -0.143707275390625 -0.157028198242188
-0.16839599609375 -0.29693603515625 -0.170394897460938 -0.184249877929687
-0.218902587890625 -0.154586791992188 -0.180679321289063 -0.1168212890625
-0.23480224609375 -0.0675048828125 -0.125389099121094 -0.0686264038085938
-0.205291748046875 0.0481414794921875 -0.0769195556640625 -0.0149383544921875
-0.160858154296875 0.120101928710937 -0.0345726013183594 -0.0162868499755859
-0.168655395507813 0.115158081054688 0.000305175781249985 -0.0450325012207031
-0.156509399414062 0.139251708984375 0.0513763427734375 -0.052398681640625
-0.17254638671875 0.0721588134765625 0.122459411621094 -0.03094482421875
-0.21533203125 0.01434326171875 0.142379760742188 0.02093505859375
-0.228256225585938 -0.0540618896484375 0.099273681640625 0.110092163085938
-0.177383422851563 -0.237335205078125 -0.00988769531250001 0.132888793945312
-0.0886077880859375 -0.2806396484375 -0.105072021484375 0.047607421875
-0.013397216796875 -0.3311767578125 -0.07916259765625 -0.190750122070313
0.0507354736328125 -0.26300048828125 -0.178298950195312 -0.121780395507813
0.00775146484375 -0.267379760742187 -0.162216186523437 -0.208572387695313
-0.136642456054688 -0.2554931640625 -0.152664184570313 -0.184829711914063
-0.185272216796875 -0.124465942382813 -0.136611938476563 -0.124610900878906
-0.19354248046875 -0.0514068603515625 -0.0712127685546875 -0.084930419921875
-0.172088623046875 0.0421295166015625 -0.0189743041992188 -0.0578422546386719
-0.138847351074219 0.0974807739257812 0.0117874145507812 -0.076995849609375
-0.149932861328125 0.0918121337890625 0.0443572998046875 -0.0938644409179688
-0.147872924804688 0.107696533203125 0.104454040527344 -0.0945663452148438
-0.156097412109375 0.0429840087890625 0.177078247070313 -0.04766845703125
-0.185317993164063 -0.013824462890625 0.175857543945313 0.02081298828125
-0.188323974609375 -0.07916259765625 0.110809326171875 0.0980300903320312
-0.121414184570312 -0.241485595703125 -0.00180816650390626 0.101341247558594
-0.021148681640625 -0.272781372070312 -0.101676940917969 -0.0155487060546875
0.06231689453125 -0.28326416015625 -0.05755615234375 -0.280059814453125
0.09747314453125 -0.153610229492188 -0.162078857421875 -0.178390502929688
0.044708251953125 -0.18145751953125 -0.16387939453125 -0.230514526367187
-0.06634521484375 -0.173324584960938 -0.122451782226563 -0.176284790039063
-0.105018615722656 -0.082061767578125 -0.0965652465820312 -0.134429931640625
-0.10943603515625 -0.043853759765625 -0.0328445434570313 -0.099334716796875
-0.1112060546875 0.014312744140625 0.0165252685546875 -0.0921859741210938
-0.0980606079101563 0.054443359375 0.0445175170898438 -0.122276306152344
-0.108772277832031 0.0551834106445312 0.0817184448242188 -0.12799072265625
-0.114639282226562 0.0691680908203125 0.151870727539063 -0.122528076171875
-0.114479064941406 0.0245285034179688 0.223709106445313 -0.05224609375
-0.136726379394531 -0.0185775756835937 0.203155517578125 0.0277862548828125
-0.137733459472656 -0.0708694458007813 0.126251220703125 0.0871353149414063
-0.072052001953125 -0.203643798828125 0.0229949951171875 0.0728073120117187
0.0328826904296875 -0.223861694335938 -0.0677757263183594 -0.0686798095703125
0.1180419921875 -0.193389892578125 -0.00784301757812502 -0.341278076171875
-0.126487731933594 0.06500244140625 -0.00442504882812497 0.332977294921875
-0.0208816528320313 0.115669250488281 0.0282516479492187 0.099517822265625
0.0575637817382812 0.0977554321289062 -0.0562858581542969 -0.0586357116699219
0.0899200439453125 0.0295791625976563 -0.152023315429688 -0.08135986328125
0.0685234069824219 -0.0020599365234375 -0.210403442382813 -0.042266845703125
0.0496711730957031 -0.0202674865722656 -0.246017456054688 0.0572509765625
0.0444526672363281 -0.012786865234375 -0.175308227539063 0.153854370117188
0.0504302978515625 -0.000125885009765625 -0.106292724609375 0.15008544921875
0.05047607421875 0.00734710693359375 -0.0528717041015625 0.139801025390625
0.0251579284667969 0.0293178558349609 -0.0288009643554688 0.123863220214844
0.0131607055664062 0.0397109985351562 0.0284881591796875 0.114776611328125
0.0084228515625 0.0563392639160156 0.067413330078125 0.140060424804688
-0.0353240966796875 0.0744247436523438 0.0721282958984375 0.184616088867188
-0.0830230712890625 0.0692977905273438 0.14208984375 0.216094970703125
-0.146163940429688 0.03497314453125 0.126785278320313 0.194076538085937
-0.129470825195313 -0.0599288940429688 -0.050933837890625 0.326812744140625
-0.0320720672607422 0.0148143768310547 -0.011962890625 0.0951919555664062
0.0127096176147461 0.00412082672119141 -0.0956573486328125 -0.0644073486328125
0.0316810607910156 -0.0262260437011719 -0.180206298828125 -0.0728607177734375
-0.00217437744140625 -0.0353736877441406 -0.221145629882812 -0.0376129150390625
-0.02008056640625 -0.0128860473632813 -0.24981689453125 0.06390380859375
-0.0136547088623047 0.0271263122558594 -0.179840087890625 0.156021118164063
-0.0100021362304687 0.0448875427246094 -0.110122680664063 0.144943237304687
-0.000911712646484378 0.0671157836914063 -0.054046630859375 0.134628295898438
-0.0347900390625 0.07269287109375 -0.01971435546875 0.115211486816406
-0.07061767578125 0.0642471313476563 0.0390853881835937 0.10626220703125
-0.08990478515625 0.0498886108398438 0.06829833984375 0.145523071289063
-0.119400024414063 -0.00728607177734375 0.0502166748046875 0.181716918945313
-0.136772155761719 -0.0271530151367187 0.102615356445313 0.200729370117188
-0.175888061523437 -0.0868377685546875 0.083282470703125 0.164474487304688
-0.118927001953125 -0.179733276367188 -0.0918121337890625 0.280059814453125
-0.0399932861328125 -0.0995254516601563 -0.0473060607910156 0.0585098266601562
-0.04669189453125 -0.0997238159179688 -0.130462646484375 -0.0893402099609375
-0.0433425903320313 -0.0806350708007812 -0.204254150390625 -0.075164794921875
-0.0817947387695312 -0.0605010986328125 -0.222747802734375 -0.035308837890625
-0.0921554565429687 0.00114440917968748 -0.231597900390625 0.0638885498046875
-0.0714492797851562 0.066192626953125 -0.163955688476563 0.13824462890625
-0.0687332153320313 0.0856170654296875 -0.0999298095703125 0.116523742675781
-0.0501708984375 0.117385864257812 -0.0449142456054687 0.104301452636719
-0.0859146118164062 0.10528564453125 0.000808715820312498 0.0837173461914063
-0.137474060058594 0.082794189453125 0.0574722290039062 0.0830078125
-0.166885375976562 0.047119140625 0.0768890380859375 0.141143798828125
-0.188339233398438 -0.0726776123046875 0.032501220703125 0.177337646484375
-0.174453735351562 -0.11114501953125 0.0478057861328125 0.17840576171875
-0.1826171875 -0.1929931640625 0.02862548828125 0.103675842285156
-0.0921478271484375 -0.273696899414063 -0.125732421875 0.194854736328125
-0.0455322265625 -0.206405639648438 -0.0777053833007813 -0.00438690185546876
-0.111968994140625 -0.196548461914063 -0.153961181640625 -0.12322998046875
-0.126274108886719 -0.12335205078125 -0.21453857421875 -0.0850067138671875
-0.161056518554688 -0.070770263671875 -0.206375122070313 -0.0383453369140625
-0.153610229492188 0.0214385986328125 -0.191452026367187 0.05218505859375
-0.118698120117187 0.09893798828125 -0.128021240234375 0.0999298095703125
-0.1177978515625 0.113174438476563 -0.076812744140625 0.069305419921875
-0.0946197509765625 0.1475830078125 -0.0258255004882812 0.0557365417480469
-0.126907348632813 0.115150451660156 0.0301055908203125 0.0408821105957031
-0.183151245117188 0.0816497802734375 0.080169677734375 0.0539703369140625
-0.215057373046875 0.03173828125 0.0871124267578125 0.130332946777344
-0.222564697265625 -0.12969970703125 0.0167694091796875 0.168609619140625
-0.181060791015625 -0.179946899414063 -0.012237548828125 0.14825439453125
-0.157257080078125 -0.272323608398438 -0.0256118774414063 0.0190105438232422
-0.055755615234375 -0.322174072265625 -0.149459838867187 0.085540771484375
-0.0439605712890625 -0.277328491210938 -0.107109069824219 -0.0788726806640625
-0.161453247070312 -0.260635375976563 -0.166336059570313 -0.151901245117188
-0.1925048828125 -0.143753051757812 -0.2041015625 -0.094940185546875
-0.216201782226563 -0.0665435791015625 -0.169326782226563 -0.047210693359375
-0.1907958984375 0.042999267578125 -0.132545471191406 0.0251846313476563
-0.144989013671875 0.119247436523438 -0.0805282592773438 0.046478271484375
-0.147506713867187 0.125457763671875 -0.0404014587402344 0.0139999389648438
-0.126632690429688 0.154495239257813 0.00634288787841796 0.000629425048828135
-0.153564453125 0.103469848632812 0.0694923400878906 -0.00258255004882812
-0.205673217773438 0.0590362548828125 0.108192443847656 0.0289382934570313
-0.232421875 0.00103759765624996 0.0963668823242187 0.115180969238281
-0.220596313476563 -0.1793212890625 0.00573730468749999 0.15386962890625
-0.154739379882812 -0.232940673828125 -0.0632247924804688 0.108055114746094
-0.105010986328125 -0.315093994140625 -0.0664443969726562 -0.076568603515625
-0.01519775390625 -0.314300537109375 -0.163864135742188 -0.0229644775390625
-0.033782958984375 -0.295440673828125 -0.137008666992188 -0.146484375
-0.176223754882812 -0.273361206054688 -0.166595458984375 -0.166427612304688
-0.21478271484375 -0.1363525390625 -0.174392700195312 -0.103836059570313
-0.226776123046875 -0.051544189453125 -0.120704650878906 -0.0607376098632813
-0.192642211914063 0.0559539794921875 -0.0703125 -0.0137176513671875
-0.1466064453125 0.12078857421875 -0.031158447265625 -0.0158634185791016
-0.154296875 0.11907958984375 -0.00023651123046876 -0.0425567626953125
-0.1405029296875 0.140571594238281 0.0483245849609375 -0.05255126953125
-0.160919189453125 0.076171875 0.117904663085937 -0.0360641479492187
-0.203781127929688 0.02362060546875 0.139739990234375 0.013916015625
-0.219223022460938 -0.03961181640625 0.103965759277344 0.102569580078125
-0.1827392578125 -0.217315673828125 -0.0010986328125 0.1297607421875
-0.0986328125 -0.26312255859375 -0.0949172973632813 0.0537796020507812
-0.032012939453125 -0.31610107421875 -0.081939697265625 -0.173675537109375
0.031890869140625 -0.251419067382813 -0.168655395507812 -0.11260986328125
-0.00830078124999999 -0.255020141601563 -0.158721923828125 -0.193603515625
-0.144363403320312 -0.23394775390625 -0.1502685546875 -0.16802978515625
-0.181732177734375 -0.107421875 -0.133773803710938 -0.113037109375
-0.186843872070313 -0.037689208984375 -0.0702133178710938 -0.079132080078125
-0.160446166992187 0.0485382080078125 -0.0182533264160156 -0.0576210021972656
-0.125572204589844 0.0991134643554687 0.00934600830078125 -0.0762405395507813
-0.1368408203125 0.095458984375 0.0388031005859375 -0.091278076171875
-0.133132934570312 0.109550476074219 0.0959091186523437 -0.0952682495117187
-0.145309448242188 0.0477294921875 0.168807983398438 -0.0554656982421875
-0.175262451171875 -0.00463867187500002 0.171463012695313 0.0126190185546875
-0.181869506835938 -0.0644989013671875 0.113334655761719 0.0903472900390625
-0.12933349609375 -0.222396850585938 0.00424957275390624 0.100151062011719
-0.0350494384765625 -0.257553100585938 -0.095733642578125 -0.00608062744140628
0.042083740234375 -0.273422241210938 -0.0667266845703125 -0.25909423828125
0.0803985595703125 -0.149642944335938 -0.15869140625 -0.166702270507813
0.0302276611328125 -0.173736572265625 -0.162948608398438 -0.21417236328125
-0.07379150390625 -0.157958984375 -0.122344970703125 -0.162948608398438
-0.10235595703125 -0.0701370239257813 -0.0973739624023438 -0.124893188476563
-0.105789184570313 -0.0340042114257812 -0.03509521484375 -0.0951995849609375
-0.10308837890625 0.0197372436523438 0.0131988525390625 -0.091552734375
-0.0873489379882813 0.0557937622070313 0.0367507934570313 -0.120658874511719
-0.0981369018554687 0.0579833984375 0.0718536376953125 -0.124862670898437
-0.102508544921875 0.0708770751953125 0.138755798339844 -0.124763488769531
-0.105659484863281 0.0279541015625 0.211944580078125 -0.0620269775390625
-0.127532958984375 -0.0110244750976562 0.197113037109375 0.0176544189453125
-0.131240844726563 -0.0587539672851563 0.126579284667969 0.07989501953125
-0.079833984375 -0.18603515625 0.0257110595703125 0.0713119506835937
0.0172271728515625 -0.211807250976563 -0.0666542053222656 -0.0576286315917969
0.098663330078125 -0.189437866210938 -0.02392578125 -0.3193359375
-0.11370849609375 0.066375732421875 0.00765991210937499 0.320556640625
-0.01458740234375 0.109931945800781 0.030609130859375 0.0946502685546875
0.0584869384765625 0.0881423950195312 -0.05535888671875 -0.0579872131347656
0.0850753784179688 0.0213546752929687 -0.149337768554687 -0.0758819580078125
0.0631752014160156 -0.0058135986328125 -0.20654296875 -0.036712646484375
0.0440521240234375 -0.0198173522949219 -0.238601684570313 0.063232421875
0.0404129028320313 -0.0117645263671875 -0.1649169921875 0.156539916992188
0.0467643737792969 -0.000789642333984375 -0.0971832275390625 0.149734497070312
0.0471954345703125 0.0062408447265625 -0.0459518432617188 0.138641357421875
0.0228538513183594 0.0274257659912109 -0.0244140625 0.124000549316406
0.0117034912109375 0.0368766784667969 0.03125 0.112091064453125
0.00909805297851563 0.0517196655273438 0.0700607299804688 0.136161804199219
-0.0298919677734375 0.0704879760742188 0.0747222900390625 0.180252075195313
-0.0758438110351562 0.0675506591796875 0.143386840820313 0.20660400390625
-0.136032104492188 0.0399322509765625 0.128021240234375 0.189453125
-0.1217041015625 -0.0551223754882813 -0.036224365234375 0.315338134765625
-0.0280704498291016 0.0110435485839844 -0.00700378417968751 0.09039306640625
0.0115890502929688 -0.00110435485839844 -0.0928878784179687 -0.0614013671875
0.0272388458251953 -0.0315322875976562 -0.175567626953125 -0.067779541015625
-0.00626373291015625 -0.0360107421875 -0.216537475585937 -0.03314208984375
-0.0235309600830078 -0.0108680725097656 -0.241287231445313 0.0693511962890625
-0.0149135589599609 0.0283432006835938 -0.167816162109375 0.157394409179688
-0.0107192993164063 0.0454864501953125 -0.100265502929688 0.145263671875
-0.00072860717773437 0.0655021667480469 -0.0455245971679687 0.134490966796875
-0.0344924926757812 0.0719146728515625 -0.0142745971679688 0.115226745605469
-0.0693321228027344 0.0633201599121094 0.0415496826171875 0.103553771972656
-0.0869522094726563 0.0485305786132812 0.0724334716796875 0.141067504882813
-0.115142822265625 -0.0063629150390625 0.0546112060546875 0.178955078125
-0.131095886230469 -0.02490234375 0.10650634765625 0.193618774414063
-0.169692993164063 -0.0787811279296875 0.087310791015625 0.162124633789063
-0.116043090820312 -0.172012329101563 -0.07427978515625 0.270645141601562
-0.0395278930664062 -0.099884033203125 -0.0403556823730469 0.0553436279296875
-0.0492401123046875 -0.100090026855469 -0.126762390136719 -0.0834732055664063
-0.0471267700195313 -0.0810317993164063 -0.198577880859375 -0.068634033203125
-0.0847244262695312 -0.0575332641601563 -0.216506958007812 -0.030975341796875
-0.0925750732421875 0.00383758544921873 -0.22259521484375 0.0675506591796875
-0.06976318359375 0.0679054260253906 -0.151962280273437 0.139617919921875
-0.0660171508789063 0.0872116088867188 -0.091094970703125 0.116935729980469
-0.046356201171875 0.116180419921875 -0.0379791259765625 0.103553771972656
-0.0826416015625 0.104751586914063 0.00492095947265624 0.0833816528320313
-0.133346557617188 0.0844192504882812 0.0599365234375 0.0798492431640625
-0.161865234375 0.0495758056640625 0.082611083984375 0.137237548828125
-0.185256958007813 -0.066864013671875 0.0383148193359375 0.17510986328125
-0.170928955078125 -0.104736328125 0.05413818359375 0.173934936523437
-0.181930541992188 -0.18267822265625 0.0331573486328125 0.104209899902344
-0.09466552734375 -0.26409912109375 -0.108810424804687 0.187942504882813
-0.0487518310546875 -0.202987670898438 -0.0701866149902344 -0.00477981567382812
-0.11602783203125 -0.190536499023437 -0.14947509765625 -0.114837646484375
-0.127716064453125 -0.118606567382812 -0.20794677734375 -0.07763671875
-0.160507202148438 -0.06475830078125 -0.1998291015625 -0.0340423583984375
-0.15106201171875 0.0258941650390625 -0.1824951171875 0.053436279296875
-0.113494873046875 0.100479125976563 -0.117965698242188 0.0999526977539062
-0.112236022949219 0.115715026855469 -0.0696334838867188 0.0699195861816406
-0.0877227783203125 0.147125244140625 -0.0206871032714844 0.0554428100585938
-0.121284484863281 0.116195678710937 0.0329437255859375 0.0400123596191406
-0.177001953125 0.084747314453125 0.0818405151367187 0.0509719848632813
-0.207717895507813 0.0360260009765625 0.0921707153320312 0.126235961914063
-0.221603393554688 -0.120513916015625 0.0234832763671875 0.167739868164063
-0.180618286132813 -0.17132568359375 -0.00363159179687501 0.147537231445313
-0.161041259765625 -0.26123046875 -0.0221633911132813 0.0237083435058594
-0.063018798828125 -0.311187744140625 -0.135498046875 0.0828781127929687
-0.0509033203125 -0.271835327148438 -0.10076904296875 -0.0765533447265625
-0.166595458984375 -0.249710083007813 -0.16180419921875 -0.141708374023438
-0.191741943359375 -0.13482666015625 -0.198654174804688 -0.087127685546875
-0.213241577148438 -0.057586669921875 -0.164703369140625 -0.043609619140625
-0.185409545898438 0.0472412109375 -0.125480651855469 0.0254287719726562
-0.137611389160156 0.12066650390625 -0.07330322265625 0.0456008911132813
-0.139915466308594 0.128761291503906 -0.0370712280273438 0.014373779296875
-0.117874145507812 0.154708862304688 0.00809431076049804 0.000658035278320322
-0.14642333984375 0.105194091796875 0.0696220397949219 -0.00419616699218749
-0.199142456054688 0.0639190673828125 0.108253479003906 0.0256118774414063
-0.225967407226563 0.00813293457031255 0.101005554199219 0.11090087890625
-0.222503662109375 -0.168075561523437 0.012359619140625 0.15252685546875
-0.158172607421875 -0.222671508789063 -0.0549163818359375 0.109107971191406
-0.1131591796875 -0.304046630859375 -0.064605712890625 -0.0681037902832031
-0.025970458984375 -0.304779052734375 -0.152938842773438 -0.0214080810546875
-0.04302978515625 -0.287322998046875 -0.132705688476562 -0.141387939453125
-0.181594848632813 -0.259185791015625 -0.162246704101563 -0.155517578125
-0.212371826171875 -0.125167846679688 -0.169967651367187 -0.0965118408203125
-0.222549438476563 -0.0414581298828125 -0.117118835449219 -0.0575180053710938
-0.185440063476563 0.0596160888671875 -0.0664329528808594 -0.0148124694824219
-0.137710571289063 0.122245788574219 -0.0285434722900391 -0.0165805816650391
-0.145309448242188 0.122177124023438 5.72204589843647E-05 -0.0411453247070312
-0.13104248046875 0.1407470703125 0.0471229553222656 -0.0524444580078125
-0.154571533203125 0.0790557861328125 0.115158081054687 -0.0398406982421875
-0.19696044921875 0.029632568359375 0.138351440429688 0.009735107421875
-0.213302612304688 -0.031402587890625 0.107856750488281 0.0985183715820313
-0.1864013671875 -0.204971313476563 0.00460052490234374 0.129890441894531
-0.104949951171875 -0.252609252929688 -0.087493896484375 0.0581893920898437
-0.043365478515625 -0.3072509765625 -0.083526611328125 -0.161911010742188
0.0206146240234375 -0.24456787109375 -0.161407470703125 -0.108993530273438
-0.0190582275390625 -0.248062133789063 -0.155258178710937 -0.186492919921875
-0.149887084960937 -0.219482421875 -0.147003173828125 -0.158340454101562
-0.178848266601562 -0.0968475341796875 -0.131340026855469 -0.106636047363281
-0.181732177734375 -0.028533935546875 -0.0693817138671875 -0.0763092041015625
-0.152694702148438 0.0527496337890625 -0.0172271728515625 -0.0588493347167969
-0.117057800292969 0.0994873046875 0.00820159912109374 -0.0763015747070312
-0.128013610839844 0.097869873046875 0.0353546142578125 -0.0897750854492187
-0.123703002929688 0.110244750976563 0.090423583984375 -0.0965194702148437
-0.138687133789063 0.0496368408203125 0.163436889648438 -0.0604095458984375
-0.169158935546875 0.000488281249999982 0.169281005859375 0.007171630859375
-0.176773071289063 -0.0561676025390625 0.116142272949219 0.0862045288085938
-0.133987426757813 -0.209548950195313 0.00858306884765625 0.100173950195312
-0.043609619140625 -0.248214721679688 -0.0909042358398438 0.000633239746093735
0.0282440185546875 -0.267532348632813 -0.0717315673828125 -0.245407104492188
0.0691986083984375 -0.146759033203125 -0.15484619140625 -0.162368774414063
0.0203857421875 -0.168365478515625 -0.161468505859375 -0.20623779296875
-0.078338623046875 -0.147979736328125 -0.120864868164063 -0.155899047851563
-0.100074768066406 -0.0623016357421875 -0.0969772338867187 -0.119636535644531
-0.102394104003906 -0.0279998779296875 -0.0364151000976563 -0.0920944213867188
-0.0972976684570313 0.0226593017578125 0.011138916015625 -0.092926025390625
-0.0806808471679688 0.0555038452148437 0.0319061279296875 -0.120002746582031
-0.0912246704101562 0.0597457885742188 0.06512451171875 -0.123680114746094
-0.094635009765625 0.0718765258789063 0.130218505859375 -0.125755310058594
-0.0998458862304688 0.0298538208007813 0.205032348632813 -0.068145751953125
-0.12139892578125 -0.00708007812499999 0.194915771484375 0.01214599609375
-0.126426696777344 -0.0513229370117188 0.127059936523438 0.0758132934570313
-0.0847930908203125 -0.174758911132813 0.0274505615234375 0.0716171264648438
0.00750732421874999 -0.2037353515625 -0.0652351379394531 -0.05072021484375
0.08544921875 -0.186477661132812 -0.033355712890625 -0.3057861328125
-0.105026245117187 0.06854248046875 0.019805908203125 0.31622314453125
-0.00946044921875001 0.106468200683594 0.03466796875 0.0914154052734375
0.0595703125 0.08172607421875 -0.0561294555664063 -0.0584297180175781
0.0817718505859375 0.01434326171875 -0.150436401367188 -0.0726776123046875
0.0593719482421875 -0.0092926025390625 -0.208465576171875 -0.0316619873046875
0.0404052734375 -0.0194587707519531 -0.2369384765625 0.0714263916015625
0.0376930236816406 -0.0116462707519531 -0.157028198242187 0.161239624023438
0.0445709228515625 -0.00212860107421875 -0.09039306640625 0.153457641601563
0.0450401306152344 0.005218505859375 -0.03973388671875 0.141021728515625
0.0218849182128906 0.0273284912109375 -0.0195388793945313 0.127006530761719
0.0106620788574219 0.0360260009765625 0.0348968505859375 0.112396240234375
0.00928115844726563 0.0478324890136719 0.0750503540039063 0.134880065917969
-0.0262031555175781 0.0674247741699219 0.080535888671875 0.179824829101563
-0.0707168579101563 0.0674819946289063 0.1485595703125 0.203369140625
-0.129035949707031 0.0453033447265625 0.134124755859375 0.188751220703125
-0.117393493652344 -0.0518341064453125 -0.021697998046875 0.311767578125
-0.0255355834960938 0.00793838500976562 -0.00174713134765625 0.0881881713867188
0.0100688934326172 -0.00639247894287109 -0.0928192138671875 -0.0600128173828125
0.0226860046386719 -0.036407470703125 -0.175765991210937 -0.063140869140625
-0.0111846923828125 -0.0364952087402344 -0.216751098632813 -0.028289794921875
-0.02685546875 -0.00847434997558594 -0.238845825195313 0.0765075683593749
-0.0159435272216797 0.0305576324462891 -0.159774780273437 0.162689208984375
-0.0106086730957031 0.0466880798339844 -0.092529296875 0.148712158203125
1.52587890625012E-05 0.0660324096679688 -0.038360595703125 0.136032104492188
-0.0340118408203125 0.0727615356445313 -0.0093536376953125 0.117584228515625
-0.0690841674804688 0.0652847290039062 0.045745849609375 0.103317260742188
-0.0858383178710938 0.049224853515625 0.0789566040039063 0.139976501464844
-0.114173889160156 -0.00513458251953123 0.061309814453125 0.17938232421875
-0.129135131835938 -0.0225296020507812 0.11370849609375 0.191390991210938
-0.16790771484375 -0.072662353515625 0.0933837890625 0.162384033203125
-0.116653442382813 -0.168106079101563 -0.05999755859375 0.26739501953125
-0.041290283203125 -0.1021728515625 -0.0344810485839844 0.0537109375
-0.05450439453125 -0.101982116699219 -0.125587463378906 -0.0802536010742188
-0.0528182983398437 -0.08294677734375 -0.19781494140625 -0.0636749267578125
-0.0892181396484375 -0.0553359985351563 -0.216415405273437 -0.02642822265625
-0.0949935913085937 0.00804138183593752 -0.219207763671875 0.0731201171875
-0.0689773559570313 0.0710220336914063 -0.14373779296875 0.143112182617188
-0.0636444091796875 0.0906524658203125 -0.08380126953125 0.12017822265625
-0.043426513671875 0.118598937988281 -0.0314788818359375 0.105438232421875
-0.0804901123046875 0.107711791992188 0.00989532470703125 0.0846023559570313
-0.131248474121094 0.0889205932617188 0.0640335083007813 0.0791473388671875
-0.160064697265625 0.053619384765625 0.090118408203125 0.135726928710937
-0.187515258789063 -0.0623931884765625 0.04559326171875 0.176910400390625
-0.171829223632813 -0.10040283203125 0.0617218017578125 0.173812866210938
-0.1856689453125 -0.175582885742188 0.0387420654296875 0.106704711914062
-0.100692749023438 -0.26116943359375 -0.0948638916015625 0.186126708984375
-0.0547943115234375 -0.204376220703125 -0.065460205078125 -0.00550079345703127
-0.124114990234375 -0.187789916992188 -0.148788452148438 -0.10955810546875
-0.133956909179688 -0.116409301757812 -0.206939697265625 -0.0714111328125
-0.164520263671875 -0.0594329833984375 -0.2003173828125 -0.029205322265625
-0.1517333984375 0.0308837890625 -0.178253173828125 0.057037353515625
-0.110603332519531 0.104377746582031 -0.111106872558594 0.102241516113281
-0.108116149902344 0.12115478515625 -0.0641708374023437 0.0724716186523438
-0.0829315185546875 0.15045166015625 -0.0161705017089844 0.0565910339355469
-0.118537902832031 0.1202392578125 0.0354881286621094 0.0394172668457031
-0.174301147460938 0.09100341796875 0.0848617553710937 0.049468994140625
-0.20672607421875 0.0424346923828125 0.100120544433594 0.124046325683594
-0.227569580078125 -0.113677978515625 0.0307769775390625 0.1693115234375
-0.184783935546875 -0.165740966796875 0.00433349609375 0.14886474609375
-0.169418334960937 -0.254806518554688 -0.0185070037841797 0.0287094116210937
-0.07305908203125 -0.308868408203125 -0.125038146972656 0.0824966430664062
-0.061309814453125 -0.270828247070313 -0.0984878540039063 -0.0762557983398438
-0.176162719726562 -0.243301391601563 -0.161209106445312 -0.135543823242188
-0.196746826171875 -0.129043579101563 -0.197708129882813 -0.0801849365234375
-0.215621948242188 -0.0489501953125 -0.1649169921875 -0.039581298828125
-0.183334350585938 0.053558349609375 -0.1229248046875 0.02630615234375
-0.133018493652344 0.124923706054687 -0.0686721801757813 0.0461158752441406
-0.134124755859375 0.134925842285156 -0.0337886810302735 0.0162162780761719
-0.110824584960938 0.159317016601563 0.0108013153076172 0.000604629516601572
-0.143630981445312 0.10980224609375 0.0712051391601563 -0.00672149658203124
-0.196731567382812 0.070648193359375 0.110916137695312 0.0220260620117188
-0.2249755859375 0.0156097412109375 0.1087646484375 0.1083984375
-0.229415893554688 -0.159393310546875 0.0201263427734375 0.155044555664062
-0.164627075195313 -0.21722412109375 -0.047821044921875 0.113288879394531
-0.1248779296875 -0.300140380859375 -0.0644950866699219 -0.0613479614257813
-0.03790283203125 -0.30218505859375 -0.147445678710938 -0.0216217041015625
-0.055694580078125 -0.286468505859375 -0.131637573242188 -0.139930725097656
-0.191787719726562 -0.25030517578125 -0.162399291992187 -0.14990234375
-0.215438842773438 -0.116744995117188 -0.169525146484375 -0.0907745361328125
-0.223007202148438 -0.0319061279296875 -0.117668151855469 -0.0550308227539063
-0.183090209960938 0.06683349609375 -0.0650177001953125 -0.0160102844238281
-0.131950378417969 0.125846862792969 -0.0267658233642578 -0.0182781219482422
-0.138938903808594 0.128021240234375 0.000392913818359367 -0.0408782958984375
-0.124435424804687 0.14495849609375 0.04632568359375 -0.05413818359375
-0.151504516601563 0.08367919921875 0.114768981933594 -0.0448837280273438
-0.194854736328125 0.0362701416015625 0.141082763671875 0.0053558349609375
-0.212631225585938 -0.0235443115234375 0.114471435546875 0.0953521728515625
-0.195419311523438 -0.19610595703125 0.0108642578125 0.131950378417969
-0.114715576171875 -0.247756958007813 -0.0821762084960938 0.0632858276367187
-0.0572509765625 -0.3050537109375 -0.0871429443359375 -0.153915405273438
0.00871276855468752 -0.243194580078125 -0.160430908203125 -0.108078002929687
-0.03033447265625 -0.246200561523437 -0.1573486328125 -0.1824951171875
-0.158920288085938 -0.21063232421875 -0.14788818359375 -0.152999877929688
-0.179885864257813 -0.08892822265625 -0.13214111328125 -0.102874755859375
-0.180679321289063 -0.02001953125 -0.0708236694335938 -0.0751419067382813
-0.149200439453125 0.05804443359375 -0.0179290771484375 -0.0617942810058594
-0.111282348632813 0.102073669433594 0.00617980957031249 -0.07891845703125
-0.121833801269531 0.103370666503906 0.0334548950195312 -0.0904922485351563
-0.116714477539063 0.114082336425781 0.0875930786132812 -0.0995407104492187
-0.135566711425781 0.05352783203125 0.161697387695312 -0.0677642822265625
-0.166458129882813 0.00599670410156246 0.171478271484375 0.00152587890625
-0.176223754882812 -0.0497894287109375 0.121734619140625 0.083831787109375
-0.142730712890625 -0.202117919921875 0.0135040283203125 0.102279663085937
-0.0540313720703125 -0.2437744140625 -0.0885238647460938 0.00639343261718748
0.0146484375 -0.266494750976563 -0.0790863037109375 -0.238113403320313
0.061187744140625 -0.146148681640625 -0.157028198242188 -0.160186767578125
0.0107574462890625 -0.16650390625 -0.165481567382813 -0.2020263671875
-0.0845184326171875 -0.141265869140625 -0.122955322265625 -0.15252685546875
-0.100250244140625 -0.057098388671875 -0.099639892578125 -0.116783142089844
-0.101913452148438 -0.0217361450195312 -0.0393600463867187 -0.0917510986328125
-0.0945358276367188 0.02716064453125 0.00865936279296875 -0.0956192016601563
-0.0758590698242188 0.0570907592773437 0.0271759033203125 -0.122451782226563
-0.0861129760742188 0.0629119873046875 0.0606918334960937 -0.125190734863281
-0.0884246826171875 0.0734329223632813 0.125007629394531 -0.130126953125
-0.0960845947265625 0.03131103515625 0.202285766601563 -0.07635498046875
-0.118255615234375 -0.00260925292968749 0.196319580078125 0.0061798095703125
-0.125221252441406 -0.0455169677734375 0.131584167480469 0.0733718872070313
-0.0909271240234375 -0.167098999023438 0.0309677124023437 0.0727157592773437
-0.00169372558593751 -0.20001220703125 -0.0660209655761719 -0.0446052551269531
0.0746307373046875 -0.187820434570313 -0.043975830078125 -0.29827880859375
-0.0959320068359375 0.0723953247070313 0.03924560546875 0.313262939453125
-0.00249481201171876 0.10418701171875 0.0401535034179687 0.0879745483398438
0.0627517700195313 0.07598876953125 -0.0593338012695313 -0.0585403442382812
0.0784683227539063 0.00720977783203125 -0.154571533203125 -0.0675048828125
0.0559310913085937 -0.0134925842285156 -0.213302612304688 -0.0224761962890625
0.03692626953125 -0.0198936462402344 -0.234527587890625 0.0853118896484375
0.0361328125 -0.0122756958007813 -0.14752197265625 0.1708984375
0.0423851013183594 -0.00414657592773438 -0.0809173583984375 0.158859252929687
0.043365478515625 0.00325393676757812 -0.030517578125 0.144668579101563
0.0211296081542969 0.0269966125488281 -0.0120849609375 0.131095886230469
0.0100116729736328 0.0346508026123047 0.0411376953125 0.112342834472656
0.0104942321777344 0.0451850891113281 0.0832061767578125 0.132156372070313
-0.02166748046875 0.0657768249511719 0.0904083251953125 0.178756713867188
-0.0657882690429687 0.068756103515625 0.159378051757813 0.197341918945313
-0.122535705566406 0.0521697998046875 0.144821166992188 0.185165405273438
-0.115226745605469 -0.0485076904296875 -0.000732421875000011 0.3104248046875
-0.0239276885986328 0.00565147399902344 0.00506591796875001 0.086212158203125
0.00821399688720703 -0.00988197326660156 -0.0945510864257813 -0.056915283203125
0.0166435241699219 -0.0404281616210938 -0.178146362304688 -0.0562744140625
-0.0166091918945312 -0.0369224548339844 -0.220703125 -0.018798828125
-0.0299663543701172 -0.0056304931640625 -0.235382080078125 0.089508056640625
-0.0163898468017578 0.03253173828125 -0.149002075195312 0.17108154296875
-0.00965118408203125 0.0484733581542969 -0.0827789306640625 0.153762817382812
0.00175094604492187 0.06707763671875 -0.0291976928710938 0.1392822265625
-0.0322189331054688 0.075286865234375 -0.001434326171875 0.120414733886719
-0.0676155090332031 0.0690727233886719 0.052734375 0.102279663085938
-0.0846328735351563 0.0520858764648438 0.0888900756835938 0.137733459472656
-0.115715026855469 -0.00133514404296875 0.072052001953125 0.17938232421875
-0.128791809082031 -0.018524169921875 0.125030517578125 0.18768310546875
-0.16925048828125 -0.0639190673828125 0.103866577148437 0.162063598632813
-0.122283935546875 -0.164764404296875 -0.04058837890625 0.266708374023438
-0.0465621948242187 -0.104583740234375 -0.0288047790527344 0.052642822265625
-0.0614852905273438 -0.101470947265625 -0.127510070800781 -0.074951171875
-0.0605087280273438 -0.0828781127929687 -0.199417114257812 -0.0552520751953125
-0.09600830078125 -0.0511322021484375 -0.219375610351563 -0.0167694091796875
-0.0976638793945313 0.013916015625 -0.215377807617188 0.0832672119140625
-0.0665664672851563 0.0766143798828125 -0.133392333984375 0.150299072265625
-0.0599822998046875 0.096343994140625 -0.074920654296875 0.124763488769531
-0.0385513305664063 0.121658325195313 -0.02264404296875 0.107994079589844
-0.0768280029296875 0.112815856933594 0.01641845703125 0.086029052734375
-0.12896728515625 0.0963287353515625 0.0694122314453125 0.0772933959960938
-0.159332275390625 0.0609588623046875 0.10052490234375 0.132301330566406
-0.19305419921875 -0.053375244140625 0.0575103759765625 0.177993774414063
-0.176300048828125 -0.093475341796875 0.073394775390625 0.172683715820313
-0.194046020507812 -0.166656494140625 0.0465164184570312 0.108879089355469
-0.112319946289062 -0.258255004882812 -0.079681396484375 0.186874389648437
-0.0657958984375 -0.205673217773438 -0.0618362426757813 -0.00590515136718752
-0.13629150390625 -0.183624267578125 -0.151229858398438 -0.102554321289062
-0.142227172851563 -0.1112060546875 -0.20849609375 -0.0621185302734375
-0.17022705078125 -0.0504608154296875 -0.20135498046875 -0.0200958251953125
-0.152740478515625 0.039794921875 -0.17547607421875 0.0644683837890625
-0.106903076171875 0.111259460449219 -0.103256225585938 0.106475830078125
-0.101844787597656 0.129600524902344 -0.05755615234375 0.0755615234375
-0.074554443359375 0.15576171875 -0.0102767944335938 0.0581283569335938
-0.113784790039063 0.127525329589844 0.0403556823730469 0.0375518798828125
-0.171661376953125 0.101043701171875 0.089935302734375 0.0461654663085938
-0.205886840820312 0.053375244140625 0.110618591308594 0.120674133300781
-0.236038208007813 -0.1014404296875 0.0427093505859375 0.172119140625
-0.193756103515625 -0.15850830078125 0.0142974853515625 0.151016235351563
-0.184005737304687 -0.246994018554688 -0.0151157379150391 0.0333499908447266
-0.089263916015625 -0.306182861328125 -0.114692687988281 0.0838394165039062
-0.076934814453125 -0.27130126953125 -0.0985565185546875 -0.074859619140625
-0.191970825195312 -0.2349853515625 -0.164459228515625 -0.127761840820313
-0.204910278320313 -0.119430541992187 -0.1988525390625 -0.0713653564453125
-0.220733642578125 -0.036590576171875 -0.166641235351563 -0.0328216552734375
-0.182846069335937 0.063720703125 -0.12109375 0.0299911499023438
-0.127174377441406 0.132110595703125 -0.0644149780273438 0.0473480224609375
-0.126174926757813 0.144317626953125 -0.0306339263916016 0.0177211761474609
-0.101608276367187 0.166091918945313 0.0125541687011719 0.00032806396484376
-0.13897705078125 0.118072509765625 0.0721969604492187 -0.0111770629882812
-0.194244384765625 0.0821075439453125 0.11456298828125 0.0163040161132813
-0.224929809570313 0.0277099609375 0.118995666503906 0.104156494140625
-0.241348266601563 -0.1468505859375 0.030487060546875 0.157669067382813
-0.176925659179688 -0.209548950195313 -0.0390167236328125 0.117866516113281
-0.1439208984375 -0.294219970703125 -0.0659942626953125 -0.0536460876464844
-0.05535888671875 -0.301055908203125 -0.143310546875 -0.018524169921875
-0.07415771484375 -0.28466796875 -0.135627746582031 -0.136367797851563
-0.2080078125 -0.238983154296875 -0.165786743164063 -0.141754150390625
-0.2222900390625 -0.1048583984375 -0.172012329101563 -0.0826568603515625
-0.225875854492188 -0.01812744140625 -0.119438171386719 -0.050506591796875
-0.179367065429688 0.0770263671875 -0.0648956298828125 -0.0159111022949219
-0.125038146972656 0.133308410644531 -0.0265369415283203 -0.0191764831542969
-0.130882263183594 0.138153076171875 -0.000423431396484383 -0.0414352416992188
-0.114974975585938 0.152664184570312 0.0448646545410156 -0.05645751953125
-0.147994995117188 0.0922698974609375 0.113876342773438 -0.0516204833984375
-0.193634033203125 0.0466461181640625 0.143875122070312 -0.0027313232421875
-0.214508056640625 -0.011627197265625 0.124275207519531 0.0907058715820313
-0.208724975585938 -0.1845703125 0.0202560424804687 0.135086059570313
-0.128921508789063 -0.241867065429687 -0.0761642456054688 0.0700836181640625
-0.076202392578125 -0.30218505859375 -0.093658447265625 -0.145858764648438
-0.00572204589843747 -0.243621826171875 -0.162490844726562 -0.103729248046875
-0.0471649169921875 -0.244705200195313 -0.164718627929688 -0.1787109375
-0.172454833984375 -0.200927734375 -0.15277099609375 -0.1470947265625
-0.184310913085938 -0.07769775390625 -0.135765075683594 -0.0969390869140625
-0.181869506835938 -0.00807189941406248 -0.0741043090820313 -0.0726089477539063
-0.145645141601563 0.0663909912109375 -0.0208892822265625 -0.0643463134765625
-0.104873657226562 0.107612609863281 0.002410888671875 -0.081329345703125
-0.114219665527344 0.110748291015625 0.029022216796875 -0.0924758911132813
-0.109146118164063 0.120414733886719 0.0823898315429687 -0.103965759277344
-0.133094787597656 0.0594940185546875 0.158676147460938 -0.077972412109375
-0.166183471679688 0.015228271484375 0.174224853515625 -0.007843017578125
-0.177474975585938 -0.039398193359375 0.129753112792969 0.0786285400390625
-0.155838012695313 -0.191864013671875 0.0203323364257812 0.104469299316406
-0.0689697265625 -0.239486694335938 -0.0864791870117188 0.014312744140625
-0.00312805175781249 -0.267837524414063 -0.0911407470703125 -0.22930908203125
0.05047607421875 -0.148727416992188 -0.164031982421875 -0.156661987304688
-0.000640869140624985 -0.166488647460938 -0.1751708984375 -0.197021484375
-0.0940399169921875 -0.134162902832031 -0.129364013671875 -0.147811889648438
-0.102081298828125 -0.0501327514648437 -0.105728149414062 -0.112983703613281
-0.102378845214844 -0.0148239135742188 -0.0441207885742188 -0.091033935546875
-0.0917434692382813 0.032623291015625 0.00341796875 -0.099090576171875
-0.0712661743164063 0.0600738525390625 0.0199508666992187 -0.125625610351563
-0.0807571411132812 0.0674591064453125 0.05322265625 -0.12823486328125
-0.082275390625 0.0782241821289063 0.117485046386719 -0.136886596679688
-0.0940704345703125 0.0357818603515625 0.198135375976563 -0.0886688232421875
-0.11700439453125 0.00272369384765624 0.199172973632813 -0.00396728515625
-0.125297546386719 -0.0385284423828125 0.138145446777344 0.0679931640625
-0.100784301757813 -0.158981323242188 0.0353012084960937 0.0746231079101562
-0.01507568359375 -0.197235107421875 -0.0679550170898438 -0.0379714965820313
0.0606536865234375 -0.190750122070313 -0.0595703125 -0.292388916015625
-0.0851287841796875 0.0758438110351563 0.062530517578125 0.303863525390625
0.00630950927734374 0.100250244140625 0.0472640991210937 0.0823516845703125
0.0661659240722656 0.0678291320800781 -0.0625801086425781 -0.0559425354003906
0.0743408203125 -0.0001220703125 -0.157470703125 -0.0582427978515625
0.05120849609375 -0.0175361633300781 -0.213790893554688 -0.00875854492187505
0.0337295532226562 -0.0204372406005859 -0.228271484375 0.10198974609375
0.033111572265625 -0.0124549865722656 -0.132614135742188 0.179244995117188
0.0401802062988281 -0.00635528564453125 -0.0671539306640625 0.1630859375
0.0411796569824219 0.0012664794921875 -0.0185089111328125 0.146316528320313
0.0210247039794922 0.0258560180664063 -0.00174713134765626 0.133491516113281
0.0106372833251953 0.0339641571044922 0.0489578247070312 0.10992431640625
0.0116500854492188 0.0420150756835938 0.0917282104492188 0.126052856445313
-0.0158653259277344 0.0635452270507813 0.102035522460938 0.171966552734375
-0.0585746765136719 0.07012939453125 0.171310424804688 0.1851806640625
-0.113227844238281 0.0602798461914063 0.15692138671875 0.176956176757813
-0.11346435546875 -0.0427398681640625 0.023651123046875 0.30230712890625
-0.0223464965820313 0.00310516357421875 0.0126419067382813 0.082366943359375
0.00525569915771484 -0.0132942199707031 -0.0961837768554688 -0.0525894165039062
0.00930023193359375 -0.04315185546875 -0.17889404296875 -0.0457916259765625
-0.0221366882324219 -0.0357398986816406 -0.220703125 -0.00527954101562498
-0.0323600769042969 -0.00175857543945312 -0.227523803710938 0.104995727539062
-0.0154647827148437 0.0352134704589844 -0.13360595703125 0.178970336914063
-0.007476806640625 0.0498924255371094 -0.068695068359375 0.157669067382813
0.00464248657226563 0.0673294067382813 -0.0166473388671875 0.140266418457031
-0.02838134765625 0.0777130126953125 0.00937652587890626 0.121330261230469
-0.0642547607421875 0.0734481811523438 0.0603179931640625 0.0992660522460937
-0.08172607421875 0.056121826171875 0.0993499755859375 0.130691528320313
-0.114631652832031 0.00508117675781251 0.0850677490234375 0.17535400390625
-0.1275634765625 -0.0110244750976563 0.137527465820313 0.178115844726563
-0.169097900390625 -0.051605224609375 0.116134643554688 0.156570434570313
-0.129653930664062 -0.157318115234375 -0.0170745849609375 0.261795043945312
-0.05291748046875 -0.104118347167969 -0.0215263366699219 0.0511741638183594
-0.0702743530273438 -0.0986328125 -0.128379821777344 -0.0670166015625
-0.06903076171875 -0.079986572265625 -0.19915771484375 -0.042633056640625
-0.101799011230469 -0.0440826416015625 -0.218048095703125 -0.00305175781249995
-0.0978164672851563 0.0215682983398437 -0.207672119140625 0.0974273681640625
-0.0628280639648438 0.0811538696289063 -0.119430541992187 0.15625
-0.0529251098632813 0.10137939453125 -0.0626907348632812 0.127830505371094
-0.0299606323242187 0.124443054199219 -0.0121917724609375 0.108901977539063
-0.0697097778320312 0.118171691894531 0.0242691040039062 0.0854568481445313
-0.12255859375 0.105491638183594 0.0757827758789062 0.0730667114257813
-0.153976440429687 0.0707855224609375 0.112220764160156 0.124885559082031
-0.195770263671875 -0.0402374267578125 0.0712890625 0.175689697265625
-0.180694580078125 -0.0825042724609375 0.0871734619140625 0.1673583984375
-0.202606201171875 -0.151748657226563 0.0561447143554687 0.107826232910156
-0.1280517578125 -0.249740600585938 -0.0606231689453125 0.184677124023437
-0.0806732177734375 -0.20147705078125 -0.0580406188964844 -0.00453948974609377
-0.150253295898438 -0.173538208007813 -0.153289794921875 -0.092620849609375
-0.151153564453125 -0.102127075195312 -0.20819091796875 -0.0487213134765625
-0.174758911132813 -0.0378265380859375 -0.20111083984375 -0.00773620605468748
-0.150558471679687 0.0505523681640625 -0.168914794921875 0.07421875
-0.0994186401367188 0.118148803710937 -0.0928497314453125 0.110450744628906
-0.0911483764648438 0.137123107910156 -0.048858642578125 0.0790328979492188
-0.0631103515625 0.160781860351562 -0.00330352783203126 0.0587196350097656
-0.104743957519531 0.135284423828125 0.0445327758789062 0.0358085632324219
-0.1641845703125 0.113052368164063 0.0942611694335937 0.0400543212890625
-0.20086669921875 0.0673675537109375 0.122039794921875 0.111358642578125
-0.243316650390625 -0.0841217041015625 0.057220458984375 0.17071533203125
-0.202926635742187 -0.144485473632812 0.028167724609375 0.149917602539063
-0.200820922851562 -0.232284545898438 -0.00976943969726564 0.0379104614257812
-0.110198974609375 -0.298309326171875 -0.102668762207031 0.0856399536132812
-0.09808349609375 -0.265167236328125 -0.099212646484375 -0.0705642700195313
-0.208145141601563 -0.218292236328125 -0.16754150390625 -0.116104125976563
-0.2122802734375 -0.104354858398438 -0.19891357421875 -0.0580291748046875
-0.221694946289063 -0.0195465087890625 -0.166000366210937 -0.0216827392578125
-0.17816162109375 0.0766754150390625 -0.117156982421875 0.0356674194335938
-0.117805480957031 0.140357971191406 -0.0585556030273438 0.0488128662109375
-0.113983154296875 0.153289794921875 -0.0270977020263672 0.0191440582275391
-0.0886383056640625 0.1719970703125 0.0147151947021484 7.24792480468855E-05
-0.130828857421875 0.127639770507813 0.0722579956054687 -0.016693115234375
-0.187454223632813 0.09515380859375 0.116432189941406 0.00886535644531251
-0.221298217773438 0.0434722900390625 0.129264831542969 0.0952301025390625
-0.251678466796875 -0.127685546875 0.044158935546875 0.157363891601563
-0.1910400390625 -0.197006225585937 -0.0271759033203125 0.121589660644531
-0.16534423828125 -0.280776977539063 -0.0669097900390625 -0.0451087951660156
-0.0771484375 -0.29486083984375 -0.138870239257813 -0.0142745971679688
-0.0956573486328125 -0.27716064453125 -0.14080810546875 -0.128585815429688
-0.224838256835938 -0.22052001953125 -0.17071533203125 -0.130035400390625
-0.2274169921875 -0.0877685546875 -0.173095703125 -0.070892333984375
-0.2252197265625 -0.000701904296874966 -0.120834350585938 -0.042755126953125
-0.1729736328125 0.089141845703125 -0.0652732849121094 -0.0142745971679687
-0.115013122558594 0.140274047851563 -0.0269966125488281 -0.0198154449462891
-0.117904663085937 0.146041870117188 -0.0020294189453125 -0.0409736633300781
-0.101394653320313 0.158920288085938 0.0418777465820312 -0.0587577819824219
-0.140274047851563 0.10125732421875 0.109230041503906 -0.0601654052734375
-0.188583374023438 0.0597076416015625 0.144119262695313 -0.0128631591796875
-0.212631225585938 0.00306701660156253 0.133087158203125 0.08203125
-0.221389770507813 -0.165802001953125 0.0315399169921875 0.134635925292969
-0.145797729492188 -0.23004150390625 -0.0676651000976563 0.0768356323242187
-0.10089111328125 -0.293212890625 -0.101341247558594 -0.133941650390625
-0.0261993408203125 -0.240890502929688 -0.164520263671875 -0.0970458984375
-0.067291259765625 -0.237869262695312 -0.173110961914062 -0.168426513671875
-0.18695068359375 -0.183502197265625 -0.158370971679688 -0.136459350585937
-0.186477661132813 -0.0626220703125 -0.139213562011719 -0.0870895385742187
-0.179885864257813 0.00646972656250001 -0.0777740478515625 -0.06732177734375
-0.138946533203125 0.076385498046875 -0.0250358581542969 -0.0643310546875
-0.0957412719726563 0.112777709960937 -0.00403594970703126 -0.0830841064453125
-0.103446960449219 0.117935180664062 0.0226974487304687 -0.0933074951171875
-0.0972976684570312 0.1259765625 0.0751113891601563 -0.108665466308594
-0.127395629882813 0.0683822631835938 0.151702880859375 -0.0894622802734375
-0.162384033203125 0.025787353515625 0.174423217773438 -0.02020263671875
-0.177352905273438 -0.0260162353515625 0.137313842773438 0.0697250366210938
-0.168685913085937 -0.1761474609375 0.028533935546875 0.104644775390625
-0.0871734619140625 -0.230819702148437 -0.0825424194335937 0.0223541259765625
-0.02532958984375 -0.263809204101563 -0.10546875 -0.216339111328125
0.03741455078125 -0.150192260742187 -0.171188354492188 -0.148513793945313
-0.0151214599609375 -0.162384033203125 -0.185470581054688 -0.184555053710937
-0.103683471679688 -0.122886657714844 -0.136886596679688 -0.139564514160156
-0.10296630859375 -0.041351318359375 -0.111572265625 -0.105621337890625
-0.101387023925781 -0.00547790527343752 -0.0496597290039063 -0.0875244140625
-0.0865707397460938 0.0389022827148438 -0.00366973876953126 -0.101264953613281
-0.0652885437011719 0.0628318786621094 0.00940704345703125 -0.127853393554688
-0.07275390625 0.0717086791992188 0.04345703125 -0.129951477050781
-0.0730438232421875 0.0819931030273438 0.106369018554687 -0.143569946289063
-0.0901718139648438 0.0407257080078125 0.18927001953125 -0.103317260742188
-0.11370849609375 0.0102691650390625 0.198760986328125 -0.0178680419921875
-0.124565124511719 -0.0292892456054688 0.1441650390625 0.0588836669921875
-0.11065673828125 -0.1468505859375 0.0405731201171875 0.07415771484375
-0.030792236328125 -0.191192626953125 -0.068450927734375 -0.0293045043945313
0.0433197021484375 -0.191635131835937 -0.0798797607421875 -0.280532836914063
-0.0733642578125 0.0755767822265625 0.081390380859375 0.286285400390625
0.0138397216796875 0.0935592651367188 0.052459716796875 0.074615478515625
0.06744384765625 0.0589218139648438 -0.0642738342285156 -0.0516319274902344
0.0674781799316406 -0.00649642944335937 -0.157257080078125 -0.0482025146484375
0.0454597473144531 -0.0199546813964844 -0.2093505859375 0.00473022460937504
0.0306739807128906 -0.0201015472412109 -0.2149658203125 0.114288330078125
0.03021240234375 -0.0131816864013672 -0.115203857421875 0.182861328125
0.0370597839355469 -0.00853347778320313 -0.052154541015625 0.162094116210937
0.0381927490234375 -0.00080108642578125 -0.00639343261718751 0.142974853515625
0.0208988189697266 0.0245990753173828 0.00946807861328125 0.132064819335938
0.0107326507568359 0.0326633453369141 0.0555038452148437 0.104530334472656
0.0126075744628906 0.038360595703125 0.0976715087890625 0.116561889648438
-0.0114860534667969 0.0598106384277344 0.110305786132813 0.161880493164063
-0.0508499145507813 0.0699615478515625 0.178314208984375 0.168914794921875
-0.101325988769531 0.0646896362304687 0.164276123046875 0.163436889648438
-0.109542846679687 -0.0379409790039063 0.045440673828125 0.286285400390625
-0.0206012725830078 0.00112342834472656 0.0199813842773437 0.07586669921875
0.00232028961181641 -0.0158882141113281 -0.095367431640625 -0.046356201171875
0.00229644775390625 -0.0435714721679688 -0.175613403320313 -0.0347137451171875
-0.0270538330078125 -0.0325660705566406 -0.215728759765625 0.00848388671874997
-0.0331954956054688 0.001800537109375 -0.214248657226563 0.116989135742188
-0.0137901306152344 0.0367355346679688 -0.116073608398438 0.180923461914063
-0.00488662719726563 0.0501136779785156 -0.053466796875 0.157012939453125
0.00818252563476563 0.0660743713378906 -0.00409698486328124 0.136833190917969
-0.0234527587890625 0.078460693359375 0.0193252563476563 0.119010925292969
-0.0585784912109375 0.0767440795898437 0.065887451171875 0.0932693481445313
-0.0767974853515625 0.058563232421875 0.106857299804687 0.120040893554688
-0.111991882324219 0.0107574462890625 0.095947265625 0.16644287109375
-0.123390197753906 -0.00475311279296875 0.146621704101563 0.164276123046875
-0.164260864257813 -0.039154052734375 0.124557495117188 0.146102905273438
-0.133956909179688 -0.147369384765625 0.00468444824218749 0.24896240234375
-0.0582351684570313 -0.101181030273438 -0.0151329040527344 0.0475311279296875
-0.076171875 -0.0931320190429687 -0.12738037109375 -0.0580291748046875
-0.0758056640625 -0.0740203857421875 -0.193649291992187 -0.0303497314453125
-0.104164123535156 -0.0354156494140625 -0.212570190429688 0.00965881347656252
-0.09552001953125 0.0291061401367188 -0.19488525390625 0.108047485351563
-0.0562973022460937 0.0844879150390625 -0.103317260742188 0.157546997070313
-0.0447235107421875 0.103118896484375 -0.0492706298828125 0.127403259277344
-0.021026611328125 0.124092102050781 -0.00152587890625001 0.10614013671875
-0.0605316162109375 0.120170593261719 0.0311965942382813 0.0823287963867188
-0.112899780273438 0.111122131347656 0.080474853515625 0.0667495727539063
-0.145751953125 0.078216552734375 0.119903564453125 0.113563537597656
-0.194000244140625 -0.025787353515625 0.08392333984375 0.168502807617188
-0.180084228515625 -0.0699310302734375 0.0975341796875 0.157272338867187
-0.205169677734375 -0.133712768554688 0.0637054443359375 0.102882385253906
-0.139984130859375 -0.23626708984375 -0.0424957275390625 0.176773071289063
-0.09271240234375 -0.192672729492187 -0.0533065795898438 -0.00436782836914064
-0.15911865234375 -0.159027099609375 -0.151473999023438 -0.0809783935546875
-0.155471801757813 -0.0896148681640625 -0.202667236328125 -0.0353240966796875
-0.173812866210938 -0.0240936279296875 -0.195541381835938 0.00424194335937499
-0.14453125 0.06011962890625 -0.158096313476563 0.0822906494140625
-0.0895919799804687 0.122459411621094 -0.0808868408203125 0.110786437988281
-0.0784454345703125 0.140716552734375 -0.0392837524414063 0.0785751342773438
-0.04974365234375 0.16156005859375 0.00392532348632813 0.0568771362304688
-0.0933380126953125 0.138725280761719 0.0470542907714844 0.0323562622070313
-0.152114868164062 0.122100830078125 0.095703125 0.03265380859375
-0.191299438476563 0.078857421875 0.12939453125 0.099639892578125
-0.243240356445313 -0.0640869140625 0.06976318359375 0.164688110351563
-0.207046508789063 -0.1282958984375 0.0397186279296875 0.144668579101563
-0.21014404296875 -0.211212158203125 -0.00475311279296877 0.0399742126464844
-0.1278076171875 -0.2830810546875 -0.0895919799804688 0.0833740234375
-0.114547729492187 -0.251571655273438 -0.0976486206054688 -0.065216064453125
-0.218917846679688 -0.196746826171875 -0.165969848632813 -0.10272216796875
-0.213226318359375 -0.087432861328125 -0.193069458007813 -0.0446319580078125
-0.217147827148438 -0.00335693359374998 -0.161514282226563 -0.0115509033203125
-0.168487548828125 0.087127685546875 -0.110824584960938 0.0407333374023438
-0.1053466796875 0.14471435546875 -0.053192138671875 0.0484809875488281
-0.0986328125 0.157257080078125 -0.0227527618408203 0.0198478698730469
-0.07275390625 0.173675537109375 0.0165529251098633 -0.00146484374999999
-0.118354797363281 0.133087158203125 0.0694618225097656 -0.0211067199707031
-0.175872802734375 0.106109619140625 0.115371704101563 0.000503540039062507
-0.211517333984375 0.056915283203125 0.1353759765625 0.0833206176757813
-0.25396728515625 -0.104385375976563 0.0566253662109375 0.15203857421875
-0.19891357421875 -0.178634643554687 -0.0153579711914063 0.120803833007812
-0.180389404296875 -0.260345458984375 -0.0651473999023438 -0.0355567932128906
-0.09686279296875 -0.281219482421875 -0.1317138671875 -0.0104598999023438
-0.114303588867187 -0.261993408203125 -0.142730712890625 -0.118545532226563
-0.234161376953125 -0.195465087890625 -0.170730590820313 -0.116592407226562
-0.2249755859375 -0.0693511962890625 -0.168685913085937 -0.059112548828125
-0.217758178710938 0.0159454345703125 -0.119194030761719 -0.034423828125
-0.161575317382813 0.0986785888671875 -0.0637474060058594 -0.0116233825683594
-0.10198974609375 0.14300537109375 -0.0278186798095703 -0.0200939178466797
-0.102615356445312 0.150131225585938 -0.00330352783203125 -0.0399589538574219
-0.0858154296875 0.160507202148438 0.0380172729492187 -0.0600738525390625
-0.129425048828125 0.107810974121094 0.1021728515625 -0.0662612915039063
-0.179031372070313 0.0708160400390625 0.14111328125 -0.022308349609375
-0.20556640625 0.017364501953125 0.138214111328125 0.0699005126953125
-0.227096557617188 -0.143844604492187 0.0429458618164062 0.131027221679688
-0.158126831054688 -0.212982177734375 -0.0583419799804688 0.0812454223632812
-0.1195068359375 -0.276596069335938 -0.104560852050781 -0.118927001953125
-0.0440826416015625 -0.231826782226562 -0.163986206054688 -0.08843994140625
-0.083953857421875 -0.224380493164063 -0.176681518554688 -0.154006958007812
-0.194381713867188 -0.161468505859375 -0.160018920898438 -0.123580932617188
-0.183944702148437 -0.0472869873046875 -0.138778686523438 -0.076385498046875
-0.173049926757813 0.020111083984375 -0.079071044921875 -0.0612869262695312
-0.128616333007813 0.0835723876953125 -0.0283889770507813 -0.0639419555664063
-0.0850601196289063 0.114738464355469 -0.009613037109375 -0.082061767578125
-0.0901031494140625 0.120590209960938 0.0168533325195312 -0.0920562744140625
-0.0836563110351563 0.127861022949219 0.0658111572265625 -0.110130310058594
-0.119010925292969 0.0740966796875 0.140609741210938 -0.0977935791015625
-0.155258178710938 0.035552978515625 0.169052124023438 -0.0314788818359375
-0.17254638671875 -0.0139007568359375 0.140579223632813 0.0587158203125
-0.17572021484375 -0.156829833984375 0.0371856689453125 0.102455139160156
-0.100967407226563 -0.215789794921875 -0.0764389038085938 0.0296478271484375
-0.045501708984375 -0.251602172851563 -0.114532470703125 -0.199066162109375
0.023895263671875 -0.146591186523438 -0.175872802734375 -0.13677978515625
-0.0283355712890625 -0.154312133789063 -0.191253662109375 -0.168472290039063
-0.109580993652344 -0.108558654785156 -0.140823364257813 -0.12738037109375
-0.101715087890625 -0.0316238403320313 -0.114433288574219 -0.0953750610351563
-0.0971603393554688 0.0029449462890625 -0.0532913208007812 -0.0820541381835938
-0.0798797607421875 0.043731689453125 -0.010711669921875 -0.100387573242188
-0.0583038330078125 0.0639839172363281 -0.000541687011718767 -0.125404357910156
-0.0637435913085938 0.0736541748046875 0.0328216552734375 -0.128524780273438
-0.0637969970703125 0.0824737548828125 0.0928192138671875 -0.14544677734375
-0.0835494995117187 0.0445327758789062 0.175765991210938 -0.113006591796875
-0.107978820800781 0.0167083740234375 0.193405151367188 -0.030059814453125
-0.12030029296875 -0.0200881958007813 0.145767211914063 0.0484161376953125
-0.116722106933594 -0.131492614746094 0.0450592041015625 0.0717391967773437
-0.04315185546875 -0.180099487304688 -0.0673294067382813 -0.020599365234375
0.025848388671875 -0.185897827148438 -0.0953369140625 -0.262359619140625
-0.0635910034179687 0.0727691650390625 0.0926666259765625 0.266632080078125
0.0184326171875 0.0860061645507813 0.05419921875 0.0671844482421875
0.0656700134277344 0.0512237548828125 -0.0637626647949219 -0.0489349365234375
0.0609855651855469 -0.00951004028320313 -0.1531982421875 -0.0413055419921875
0.0408744812011719 -0.0210113525390625 -0.202911376953125 0.0134124755859375
0.0276641845703125 -0.0193824768066406 -0.201553344726563 0.121612548828125
0.0281486511230469 -0.012847900390625 -0.100357055664062 0.180267333984375
0.0338077545166016 -0.00881195068359375 -0.0407867431640625 0.157119750976563
0.0355873107910156 -0.00108718872070312 0.00192260742187501 0.137245178222656
0.0200119018554687 0.0240116119384766 0.0167236328125 0.127914428710938
0.0105266571044922 0.0313014984130859 0.0590972900390625 0.099029541015625
0.0121612548828125 0.0352401733398437 0.0993194580078125 0.107917785644531
-0.00878524780273438 0.0557594299316406 0.113784790039063 0.151046752929688
-0.0445480346679688 0.067718505859375 0.1788330078125 0.15435791015625
-0.0902023315429688 0.06512451171875 0.165878295898438 0.151580810546875
-0.104248046875 -0.0344085693359375 0.0585479736328125 0.267501831054688
-0.0196189880371094 -0.001312255859375 0.0238723754882812 0.0694694519042969
0.00011730194091797 -0.017242431640625 -0.0926437377929688 -0.04150390625
-0.00318527221679687 -0.0428314208984375 -0.169708251953125 -0.027099609375
-0.0300846099853516 -0.0298805236816406 -0.207977294921875 0.016754150390625
-0.0330257415771484 0.00505638122558594 -0.200286865234375 0.122756958007813
-0.0125694274902344 0.0376815795898438 -0.100753784179687 0.17816162109375
-0.00297927856445313 0.0494575500488281 -0.041717529296875 0.151611328125
0.0103874206542969 0.0641899108886719 0.004913330078125 0.131355285644531
-0.0197525024414063 0.0771942138671875 0.0266799926757812 0.114189147949219
-0.0533294677734375 0.0769577026367188 0.0688552856445313 0.0877609252929688
-0.07196044921875 0.0591278076171875 0.109786987304687 0.1107177734375
-0.107452392578125 0.0141983032226562 0.100997924804688 0.15740966796875
-0.118354797363281 -0.000389099121093759 0.14898681640625 0.151718139648438
-0.156784057617187 -0.0308990478515625 0.127639770507813 0.136428833007813
-0.13360595703125 -0.138053894042969 0.01885986328125 0.232711791992187
-0.06158447265625 -0.097137451171875 -0.00995635986328125 0.04296875
-0.0796966552734375 -0.087554931640625 -0.122413635253906 -0.051849365234375
-0.078948974609375 -0.0688018798828125 -0.186264038085938 -0.021881103515625
-0.103652954101563 -0.028564453125 -0.20379638671875 0.017974853515625
-0.091766357421875 0.0338592529296875 -0.181533813476562 0.111907958984375
-0.050933837890625 0.08489990234375 -0.090667724609375 0.154266357421875
-0.0377426147460938 0.103050231933594 -0.0382766723632812 0.123458862304687
-0.0143508911132813 0.120880126953125 0.006683349609375 0.101699829101563
-0.0532455444335938 0.119400024414063 0.0359954833984375 0.0778579711914063
-0.103515625 0.113227844238281 0.0818328857421875 0.0610504150390625
-0.136810302734375 0.0816116333007812 0.122520446777344 0.102836608886719
-0.18896484375 -0.01556396484375 0.09033203125 0.159896850585938
-0.176193237304688 -0.060272216796875 0.102737426757812 0.146713256835937
-0.202041625976563 -0.1192626953125 0.0682373046875 0.0980224609375
-0.145584106445313 -0.222763061523437 -0.0291595458984375 0.164901733398438
-0.099609375 -0.182662963867187 -0.0489616394042969 -0.00498199462890625
-0.162094116210938 -0.14569091796875 -0.146377563476563 -0.0724334716796875
-0.154754638671875 -0.079345703125 -0.1932373046875 -0.0265045166015625
-0.169692993164063 -0.014068603515625 -0.186676025390625 0.0118865966796875
-0.137405395507813 0.0663681030273437 -0.14691162109375 0.0851898193359375
-0.08111572265625 0.12371826171875 -0.0711669921875 0.107574462890625
-0.0680313110351563 0.140045166015625 -0.031494140625 0.0757827758789063
-0.03955078125 0.157577514648438 0.00907516479492187 0.0537452697753906
-0.08428955078125 0.138069152832031 0.0480842590332031 0.0292549133300781
-0.140975952148438 0.125076293945312 0.095306396484375 0.0275726318359375
-0.18048095703125 0.0844879150390625 0.131904602050781 0.0886459350585937
-0.237350463867188 -0.04937744140625 0.0783538818359375 0.1563720703125
-0.204925537109375 -0.114593505859375 0.0478134155273437 0.137489318847656
-0.211746215820313 -0.19281005859375 9.91821289062359E-05 0.0413856506347656
-0.137069702148437 -0.267288208007813 -0.0789947509765625 0.0776138305664062
-0.1240234375 -0.236297607421875 -0.0941009521484375 -0.060821533203125
-0.221359252929687 -0.176712036132812 -0.16119384765625 -0.09222412109375
-0.208999633789063 -0.0744781494140625 -0.184158325195313 -0.03515625
-0.209793090820312 0.00881958007812502 -0.154754638671875 -0.00431823730468747
-0.158660888671875 0.09246826171875 -0.103431701660156 0.042083740234375
-0.0944976806640625 0.144866943359375 -0.0480766296386719 0.0465507507324219
-0.085968017578125 0.156387329101563 -0.0188446044921875 0.0191097259521485
-0.060272216796875 0.16998291015625 0.0187320709228516 -0.00299835205078124
-0.108001708984375 0.133567810058594 0.0668296813964844 -0.023284912109375
-0.16424560546875 0.110870361328125 0.113021850585937 -0.00492858886718749
-0.200698852539063 0.064910888671875 0.137916564941406 0.0727462768554688
-0.249649047851563 -0.0867156982421875 0.06439208984375 0.145721435546875
-0.200302124023438 -0.162124633789062 -0.00629425048828127 0.117729187011719
-0.186050415039063 -0.2406005859375 -0.0621299743652344 -0.0284309387207031
-0.108001708984375 -0.265487670898438 -0.124977111816406 -0.00956726074218753
-0.125228881835938 -0.24493408203125 -0.139732360839844 -0.109245300292969
-0.235809326171875 -0.174072265625 -0.166046142578125 -0.104736328125
-0.2188720703125 -0.055755615234375 -0.162307739257813 -0.0504608154296875
-0.2080078125 0.027618408203125 -0.1146240234375 -0.0283889770507812
-0.150238037109375 0.103530883789062 -0.0613937377929688 -0.0107994079589844
-0.091888427734375 0.142959594726563 -0.0274581909179688 -0.0199527740478516
-0.0897216796875 0.149337768554688 -0.00311279296875001 -0.0394630432128906
-0.0732879638671875 0.15838623046875 0.0354156494140625 -0.0595932006835938
-0.119781494140625 0.109443664550781 0.095062255859375 -0.0681838989257813
-0.168380737304688 0.077056884765625 0.1365966796875 -0.0276718139648438
-0.195632934570313 0.0256195068359375 0.139175415039063 0.0599212646484375
-0.224899291992187 -0.12432861328125 0.0501937866210938 0.12628173828125
-0.161941528320312 -0.196258544921875 -0.0498428344726563 0.0821304321289062
-0.1295166015625 -0.2578125 -0.103897094726563 -0.106101989746094
-0.05487060546875 -0.21929931640625 -0.159332275390625 -0.0814361572265625
-0.09405517578125 -0.209365844726563 -0.17523193359375 -0.140960693359375
-0.194473266601563 -0.142745971679688 -0.156768798828125 -0.11273193359375
-0.1771240234375 -0.036468505859375 -0.13446044921875 -0.0678558349609375
-0.164459228515625 0.0290069580078125 -0.0774993896484375 -0.055999755859375
-0.118629455566406 0.0867996215820313 -0.0307121276855469 -0.0626335144042969
-0.0756912231445312 0.113815307617188 -0.0147171020507813 -0.07977294921875
-0.0787887573242187 0.119827270507813 0.0124053955078125 -0.0893096923828125
-0.0726394653320313 0.125587463378906 0.0589447021484375 -0.108833312988281
-0.11077880859375 0.0766372680664063 0.129722595214844 -0.100128173828125
-0.147415161132813 0.04107666015625 0.162765502929688 -0.0381622314453125
-0.1649169921875 -0.00627136230468751 0.141220092773438 0.0495758056640625
-0.175460815429687 -0.139236450195313 0.0428466796875 0.0990219116210938
-0.107589721679688 -0.200714111328125 -0.069915771484375 0.0342559814453125
-0.0577545166015625 -0.237442016601563 -0.117111206054687 -0.181503295898438
0.0130615234375 -0.140823364257812 -0.174514770507813 -0.126739501953125
-0.036651611328125 -0.144012451171875 -0.191360473632813 -0.154571533203125
-0.109909057617187 -0.0960311889648438 -0.139495849609375 -0.117683410644531
-0.09759521484375 -0.0250244140625 -0.113204956054687 -0.0869598388671875
-0.0921401977539063 0.00876617431640624 -0.0541000366210938 -0.077239990234375
-0.0736541748046875 0.0459823608398437 -0.015350341796875 -0.0979995727539062
-0.0524673461914062 0.063018798828125 -0.00799560546875 -0.121192932128906
-0.0558242797851563 0.0728378295898438 0.0262069702148437 -0.124015808105469
-0.0557022094726563 0.0810317993164063 0.0821533203125 -0.14373779296875
-0.0780105590820313 0.0454330444335937 0.162506103515625 -0.116744995117188
-0.102363586425781 0.0203094482421875 0.185836791992188 -0.0382080078125
-0.114334106445313 -0.0139007568359375 0.144485473632813 0.0401458740234375
-0.117057800292969 -0.1180419921875 0.0483360290527344 0.06884765625
-0.0511627197265625 -0.167739868164062 -0.0635604858398438 -0.0139007568359375
0.013580322265625 -0.177032470703125 -0.102523803710937 -0.243194580078125
-0.0569305419921875 0.0681877136230469 0.0975494384765625 0.25177001953125
0.0207977294921875 0.08013916015625 0.0550460815429688 0.0615730285644531
0.0645713806152344 0.0454139709472656 -0.0637664794921875 -0.0472488403320312
0.0556259155273437 -0.0108375549316406 -0.1502685546875 -0.0372161865234375
0.0371360778808594 -0.0211830139160156 -0.19818115234375 0.018524169921875
0.0259780883789063 -0.0180072784423828 -0.19244384765625 0.124282836914063
0.0259780883789063 -0.0122776031494141 -0.091217041015625 0.176544189453125
0.0313987731933594 -0.00841903686523438 -0.0335540771484375 0.152450561523438
0.0332183837890625 -0.0012359619140625 0.0068817138671875 0.133445739746094
0.0193042755126953 0.0238494873046875 0.0216751098632812 0.124855041503906
0.0100326538085937 0.0304126739501953 0.0605392456054687 0.094696044921875
0.0109500885009766 0.0326652526855469 0.0990676879882813 0.102409362792969
-0.0081939697265625 0.0519332885742188 0.11456298828125 0.144882202148438
-0.0409431457519531 0.0651817321777344 0.176956176757813 0.145172119140625
-0.0820541381835937 0.0640640258789063 0.165237426757813 0.145004272460938
-0.0999679565429688 -0.0335006713867188 0.0654144287109375 0.252883911132813
-0.019195556640625 -0.00361824035644531 0.026458740234375 0.0641059875488281
-0.00238609313964844 -0.0190963745117188 -0.0902633666992188 -0.0396957397460938
-0.00741195678710938 -0.041748046875 -0.1651611328125 -0.0238189697265625
-0.0320262908935547 -0.0272998809814453 -0.20269775390625 0.021636962890625
-0.0326919555664062 0.0070343017578125 -0.190521240234375 0.125259399414062
-0.0114707946777344 0.0381431579589844 -0.0915985107421875 0.174148559570313
-0.00178909301757813 0.0498008728027344 -0.0340728759765625 0.1468505859375
0.0110855102539062 0.0631561279296875 0.0103759765625 0.126930236816406
-0.0177001953125 0.0769577026367187 0.0306320190429688 0.111274719238281
-0.050262451171875 0.0769500732421875 0.0706100463867188 0.0835800170898437
-0.0695648193359375 0.058502197265625 0.110511779785156 0.10418701171875
-0.104400634765625 0.0158920288085938 0.103607177734375 0.151153564453125
-0.114089965820313 0.00118255615234375 0.149551391601563 0.142547607421875
-0.150131225585938 -0.027130126953125 0.128211975097656 0.130722045898438
-0.133155822753906 -0.132652282714844 0.0264739990234375 0.219451904296875
-0.0630035400390625 -0.0948486328125 -0.00653839111328125 0.0392608642578125
-0.0813369750976563 -0.083770751953125 -0.118560791015625 -0.0481338500976563
-0.0801773071289063 -0.06475830078125 -0.179107666015625 -0.01837158203125
-0.103439331054688 -0.0236740112304687 -0.19781494140625 0.0222015380859375
-0.0898971557617188 0.0367355346679688 -0.17242431640625 0.113525390625
-0.0477981567382812 0.0859603881835938 -0.082427978515625 0.149917602539062
-0.0337142944335937 0.102005004882813 -0.031951904296875 0.117843627929688
-0.0100631713867188 0.118629455566406 0.0115737915039062 0.096923828125
-0.0486221313476562 0.118080139160156 0.0390625 0.0752716064453125
-0.097412109375 0.1141357421875 0.0826263427734375 0.0577926635742188
-0.131546020507813 0.0829238891601562 0.124000549316406 0.0957107543945313
-0.183456420898437 -0.00988769531250002 0.094818115234375 0.153472900390625
-0.1722412109375 -0.054931640625 0.10546875 0.139762878417969
-0.197433471679688 -0.10986328125 0.0704879760742188 0.0954055786132813
-0.147659301757813 -0.212722778320313 -0.0211181640625 0.154342651367188
-0.103271484375 -0.175704956054688 -0.0451393127441406 -0.00651550292968751
-0.162796020507812 -0.136734008789063 -0.14129638671875 -0.0675201416015625
-0.154190063476563 -0.073638916015625 -0.18548583984375 -0.022064208984375
-0.166183471679688 -0.00755310058593753 -0.18072509765625 0.0156402587890625
-0.131988525390625 0.06903076171875 -0.139236450195313 0.0850601196289063
-0.0747299194335938 0.123764038085937 -0.065399169921875 0.104751586914063
-0.0612258911132813 0.138595581054688 -0.0270156860351563 0.0727462768554688
-0.0324859619140625 0.154556274414063 0.0133247375488281 0.0508537292480469
-0.077789306640625 0.136940002441406 0.0488357543945313 0.0269584655761719
-0.132987976074219 0.126441955566406 0.0950393676757812 0.024505615234375
-0.173324584960937 0.0869140625 0.132919311523438 0.081207275390625
-0.232467651367187 -0.039337158203125 0.0832672119140625 0.151397705078125
-0.202499389648438 -0.105865478515625 0.0518951416015625 0.132820129394531
-0.21026611328125 -0.180419921875 0.00360870361328124 0.0427131652832031
-0.141265869140625 -0.255462646484375 -0.0718307495117188 0.0713958740234375
-0.128570556640625 -0.22515869140625 -0.0903549194335938 -0.0590438842773438
-0.221023559570313 -0.16424560546875 -0.155654907226563 -0.0868988037109375
-0.205123901367188 -0.066619873046875 -0.176986694335938 -0.031036376953125
-0.203079223632812 0.015594482421875 -0.149322509765625 -0.00144958496093752
-0.1513671875 0.0956573486328125 -0.0981369018554688 0.0421218872070313
-0.087677001953125 0.144241333007813 -0.0449447631835938 0.0448951721191406
-0.077362060546875 0.155364990234375 -0.0159502029418945 0.0174846649169922
-0.0521392822265625 0.166961669921875 0.0203132629394531 -0.00398063659667968
-0.101615905761719 0.132926940917969 0.0651283264160156 -0.0240478515625
-0.155960083007813 0.113601684570312 0.111465454101563 -0.00762939453124999
-0.193145751953125 0.06793212890625 0.138092041015625 0.0649032592773438
-0.24566650390625 -0.075347900390625 0.070404052734375 0.140762329101563
-0.19989013671875 -0.152069091796875 -0.000167846679687516 0.115509033203125
-0.188461303710937 -0.2264404296875 -0.0585517883300781 -0.0229034423828125
-0.114776611328125 -0.253982543945313 -0.119888305664063 -0.0109100341796875
-0.129623413085937 -0.232772827148437 -0.136581420898438 -0.104461669921875
-0.234329223632813 -0.159286499023438 -0.1605224609375 -0.0988311767578126
-0.21337890625 -0.04766845703125 -0.155471801757812 -0.045440673828125
-0.20037841796875 0.0342254638671875 -0.110511779785156 -0.0259323120117188
-0.142913818359375 0.105133056640625 -0.05914306640625 -0.0110740661621094
-0.084808349609375 0.1417236328125 -0.0281391143798828 -0.0200996398925781
-0.0812530517578125 0.147537231445312 -0.00346755981445313 -0.0387535095214844
-0.0645751953125 0.155075073242188 0.0341682434082031 -0.059173583984375
-0.113052368164063 0.109329223632813 0.0903396606445313 -0.0691146850585938
-0.161102294921875 0.0799102783203125 0.133018493652344 -0.031280517578125
-0.189285278320313 0.0302734375 0.139617919921875 0.0531005859375
-0.222213745117188 -0.112197875976563 0.0546951293945312 0.122650146484375
-0.1640625 -0.184814453125 -0.0429840087890625 0.08258056640625
-0.134353637695313 -0.244644165039062 -0.100730895996094 -0.0967483520507813
-0.0624542236328125 -0.20941162109375 -0.156005859375 -0.07904052734375
-0.098968505859375 -0.1976318359375 -0.172073364257813 -0.133621215820312
-0.193206787109375 -0.129013061523438 -0.15252685546875 -0.105865478515625
-0.171585083007813 -0.0298614501953125 -0.130210876464844 -0.0629501342773438
-0.156600952148438 0.0341949462890625 -0.0756683349609375 -0.0534515380859375
-0.111442565917969 0.0878753662109375 -0.0317497253417969 -0.0621910095214844
-0.0697860717773437 0.112556457519531 -0.0173110961914062 -0.078094482421875
-0.0711898803710937 0.11798095703125 0.00979614257812499 -0.0865631103515625
-0.0652923583984375 0.122688293457031 0.05474853515625 -0.107208251953125
-0.105491638183594 0.0772247314453125 0.122840881347656 -0.100944519042969
-0.141143798828125 0.04443359375 0.158279418945313 -0.042510986328125
-0.159088134765625 -0.00170898437499999 0.140655517578125 0.0435333251953125
-0.173294067382812 -0.127822875976563 0.045623779296875 0.096466064453125
-0.110549926757813 -0.189987182617188 -0.0638923645019531 0.0371932983398437
-0.0640716552734375 -0.226211547851563 -0.116668701171875 -0.169204711914062
0.00630187988281249 -0.135276794433594 -0.172195434570313 -0.121475219726563
-0.0413360595703125 -0.135917663574219 -0.187347412109375 -0.145355224609375
-0.109245300292969 -0.0863723754882813 -0.136856079101563 -0.111328125
-0.0934219360351563 -0.0209121704101562 -0.111068725585938 -0.0827407836914062
-0.0870361328125 0.0124588012695313 -0.0538482666015625 -0.0745315551757813
-0.0682792663574219 0.0467567443847656 -0.018402099609375 -0.0969467163085938
-0.048583984375 0.0621070861816406 -0.0126113891601562 -0.117652893066406
-0.0502166748046875 0.070831298828125 0.0214309692382813 -0.120826721191406
-0.0498580932617188 0.0781173706054688 0.0752105712890625 -0.141311645507813
-0.0739669799804688 0.0453567504882813 0.153289794921875 -0.11749267578125
-0.0977630615234375 0.0218276977539063 0.18060302734375 -0.042938232421875
-0.109596252441406 -0.0116424560546875 0.1429443359375 0.0350799560546875
-0.115165710449219 -0.108322143554687 0.0496559143066406 0.0680389404296875
-0.0544891357421875 -0.158676147460938 -0.0602073669433594 -0.00897598266601563
0.00686645507812499 -0.170303344726562 -0.1041259765625 -0.228866577148438
-0.0534744262695313 0.0653343200683594 0.1015625 0.24346923828125
0.0224609375 0.0758895874023438 0.0565681457519531 0.0577926635742188
0.063018798828125 0.0414695739746094 -0.0639190673828125 -0.0473518371582031
0.0513267517089844 -0.0113105773925781 -0.150222778320313 -0.0349884033203125
0.0344829559326172 -0.0216102600097656 -0.197280883789062 0.0229644775390625
0.0244255065917969 -0.0177040100097656 -0.188140869140625 0.12811279296875
0.0256576538085938 -0.0113754272460938 -0.0847625732421875 0.175445556640625
0.0302200317382812 -0.00823593139648438 -0.028656005859375 0.149978637695313
0.0322456359863281 -0.000881195068359375 0.0104904174804688 0.132102966308594
0.0190048217773438 0.0239696502685547 0.025787353515625 0.124008178710938
0.00980377197265625 0.0304431915283203 0.06256103515625 0.0930099487304688
0.00960540771484375 0.0316219329833984 0.100616455078125 0.100479125976562
-0.00774383544921876 0.0496635437011719 0.116241455078125 0.141830444335938
-0.0386276245117188 0.0633697509765625 0.1771240234375 0.1400146484375
-0.076690673828125 0.0631027221679688 0.166122436523437 0.141708374023438
-0.0986404418945313 -0.034271240234375 0.0705413818359375 0.243820190429687
-0.0196819305419922 -0.00592803955078125 0.0288047790527344 0.0599403381347656
-0.00490951538085938 -0.0205440521240234 -0.0892791748046875 -0.0388565063476562
-0.0110740661621094 -0.0409088134765625 -0.162918090820313 -0.022064208984375
-0.0343685150146484 -0.0255794525146484 -0.200820922851563 0.025299072265625
-0.0333843231201172 0.00857734680175781 -0.185638427734375 0.128997802734375
-0.0108299255371094 0.0394172668457031 -0.08587646484375 0.172698974609375
-0.001007080078125 0.0504493713378906 -0.0289459228515625 0.143661499023438
0.0122795104980469 0.063720703125 0.014739990234375 0.124557495117188
-0.0162506103515625 0.0773468017578125 0.0347061157226563 0.1103515625
-0.048431396484375 0.0779800415039062 0.0728378295898438 0.08160400390625
-0.0691871643066406 0.0591049194335938 0.112686157226562 0.101005554199219
-0.1036376953125 0.017486572265625 0.107269287109375 0.148529052734375
-0.112030029296875 0.00225830078125001 0.150787353515625 0.138015747070313
-0.147262573242188 -0.0248870849609375 0.130325317382813 0.128425598144531
-0.134376525878906 -0.130592346191406 0.0316925048828125 0.210693359375
-0.0644989013671875 -0.0945053100585938 -0.00379943847656251 0.0356101989746094
-0.0848617553710938 -0.0818557739257813 -0.116767883300781 -0.0468063354492188
-0.0834732055664063 -0.0626983642578125 -0.176544189453125 -0.01629638671875
-0.104721069335938 -0.0204849243164063 -0.195388793945312 0.0253143310546875
-0.0888900756835938 0.039794921875 -0.167312622070313 0.1156005859375
-0.0455093383789062 0.0879745483398438 -0.0771942138671875 0.148422241210938
-0.0309906005859375 0.102767944335938 -0.0271835327148438 0.11566162109375
-0.00688934326171876 0.118217468261719 0.0160293579101562 0.0945663452148438
-0.045806884765625 0.118408203125 0.042510986328125 0.0743255615234375
-0.0940933227539063 0.116409301757813 0.0845565795898438 0.0556640625
-0.129257202148438 0.0843658447265625 0.125885009765625 0.0915298461914062
-0.182662963867188 -0.00518798828124996 0.099700927734375 0.151779174804687
-0.171737670898438 -0.0516510009765625 0.108467102050781 0.135841369628906
-0.196090698242187 -0.105392456054688 0.0734786987304687 0.0949630737304688
-0.151763916015625 -0.208755493164063 -0.016265869140625 0.146453857421875
-0.106521606445312 -0.1722412109375 -0.042449951171875 -0.00836563110351564
-0.16522216796875 -0.130874633789063 -0.138236999511719 -0.0652313232421875
-0.15557861328125 -0.0699615478515625 -0.181350708007813 -0.0199432373046875
-0.165939331054688 -0.00296020507812499 -0.178298950195313 0.0177154541015625
-0.130043029785156 0.0726699829101563 -0.13519287109375 0.085784912109375
-0.0715408325195313 0.125923156738281 -0.0619430541992188 0.103218078613281
-0.0566329956054687 0.139358520507813 -0.023468017578125 0.0709381103515625
-0.0279541015625 0.153900146484375 0.0167884826660156 0.0485687255859375
-0.07470703125 0.137969970703125 0.0502357482910156 0.0262794494628906
-0.128829956054688 0.129386901855469 0.0963516235351563 0.0223922729492188
-0.169891357421875 0.0892791748046875 0.135986328125 0.0765609741210938
-0.2308349609375 -0.0329742431640625 0.0881500244140625 0.1494140625
-0.20257568359375 -0.10137939453125 0.0568313598632812 0.130622863769531
-0.211105346679687 -0.17401123046875 0.00673675537109374 0.04449462890625
-0.1473388671875 -0.250091552734375 -0.0682144165039063 0.0667343139648437
-0.134292602539063 -0.22021484375 -0.0879745483398438 -0.059722900390625
-0.222930908203125 -0.155426025390625 -0.15289306640625 -0.0836639404296875
-0.20513916015625 -0.061737060546875 -0.1724853515625 -0.0290374755859375
-0.201187133789063 0.0214996337890625 -0.147079467773438 0.000305175781249978
-0.147918701171875 0.098846435546875 -0.0957260131835938 0.0407943725585938
-0.08355712890625 0.146011352539063 -0.043548583984375 0.0435562133789063
-0.071533203125 0.155685424804688 -0.0140781402587891 0.0163002014160156
-0.04693603515625 0.16571044921875 0.0216350555419922 -0.00547790527343749
-0.0977554321289063 0.134658813476563 0.0650291442871094 -0.0247955322265625
-0.151458740234375 0.116256713867188 0.111587524414062 -0.0106277465820312
-0.190200805664063 0.0711669921875 0.140792846679687 0.059539794921875
-0.244583129882813 -0.0672760009765625 0.0753631591796875 0.13873291015625
-0.201217651367187 -0.146209716796875 0.00475311279296873 0.114303588867187
-0.191055297851563 -0.219482421875 -0.0556144714355469 -0.0187950134277344
-0.12109375 -0.247955322265625 -0.116752624511719 -0.0136184692382813
-0.135574340820313 -0.225341796875 -0.134552001953125 -0.103675842285156
-0.235397338867188 -0.148956298828125 -0.157501220703125 -0.0956115722656251
-0.211395263671875 -0.043212890625 -0.15252685546875 -0.0433197021484375
-0.196182250976563 0.0398406982421875 -0.109245300292969 -0.0249710083007813
-0.138381958007813 0.107803344726563 -0.05902099609375 -0.0123291015625
-0.07977294921875 0.142608642578125 -0.0289211273193359 -0.0202960968017578
-0.0753631591796875 0.147689819335937 -0.00308227539062501 -0.03887939453125
-0.0594482421875 0.154006958007813 0.0342025756835937 -0.0603523254394531
-0.109855651855469 0.111053466796875 0.0886993408203125 -0.0701065063476563
-0.156814575195313 0.083465576171875 0.132568359375 -0.0348434448242188
-0.186233520507813 0.03363037109375 0.141693115234375 0.048065185546875
-0.221923828125 -0.104354858398438 0.0594711303710937 0.121772766113281
-0.166351318359375 -0.17877197265625 -0.0380096435546875 0.0836868286132812
-0.13897705078125 -0.237899780273438 -0.0996551513671875 -0.0906219482421875
-0.0686492919921875 -0.204421997070313 -0.1549072265625 -0.0790252685546875
-0.103668212890625 -0.190475463867188 -0.170852661132813 -0.13043212890625
-0.193618774414063 -0.119644165039063 -0.150558471679688 -0.103012084960938
-0.16888427734375 -0.025604248046875 -0.127784729003906 -0.0615234375
-0.152618408203125 0.03900146484375 -0.0747528076171875 -0.0530014038085938
-0.106651306152344 0.0895004272460938 -0.0326194763183594 -0.063323974609375
-0.0662612915039062 0.113319396972656 -0.0201339721679688 -0.0772781372070313
-0.0666732788085938 0.117958068847656 0.00860595703125 -0.0862197875976562
-0.0603561401367188 0.121513366699219 0.0523605346679688 -0.107215881347656
-0.102699279785156 0.0784988403320313 0.119087219238281 -0.102432250976563
-0.138153076171875 0.0464553833007812 0.157379150390625 -0.0461578369140625
-0.156707763671875 0.000732421874999971 0.141952514648438 0.0387115478515625
-0.17352294921875 -0.119873046875 0.0496444702148438 0.0963363647460937
-0.113693237304688 -0.183746337890625 -0.0599365234375 0.0400733947753906
-0.0694732666015625 -0.220901489257813 -0.115936279296875 -0.162261962890625
0.00110626220703126 -0.132431030273438 -0.172637939453125 -0.119293212890625
-0.0448684692382813 -0.130355834960938 -0.186935424804688 -0.141036987304688
-0.109321594238281 -0.0804214477539063 -0.136299133300781 -0.108970642089844
-0.0917282104492188 -0.0180511474609375 -0.110328674316406 -0.0798492431640625
-0.0838470458984375 0.01568603515625 -0.0537948608398438 -0.07391357421875
-0.0649032592773438 0.0477981567382813 -0.0216064453125 -0.0975112915039063
-0.0464630126953125 0.0618820190429688 -0.0168991088867188 -0.116302490234375
-0.0470542907714844 0.0702552795410156 0.0191802978515625 -0.119598388671875
-0.046966552734375 0.0770721435546875 0.0714874267578125 -0.140899658203125
-0.0725555419921875 0.0459671020507813 0.148757934570312 -0.118804931640625
-0.0952911376953125 0.02294921875 0.179595947265625 -0.04736328125
-0.106895446777344 -0.00971221923828126 0.14373779296875 0.0310516357421875
-0.114425659179688 -0.102333068847656 0.0515594482421875 0.0683403015136719
-0.057159423828125 -0.152420043945313 -0.0579185485839844 -0.00577926635742187
0.00102233886718751 -0.166213989257813 -0.106338500976562 -0.220901489257813
-0.0500068664550781 0.0647163391113281 0.110107421875 0.236862182617188
0.02447509765625 0.0723724365234375 0.0594100952148438 0.0542182922363281
0.0630722045898438 0.0371665954589844 -0.0658531188964844 -0.0468864440917969
0.0488624572753906 -0.0122489929199219 -0.152862548828125 -0.031463623046875
0.0321369171142578 -0.0226097106933594 -0.198959350585938 0.0305328369140625
0.0231494903564453 -0.0181255340576172 -0.18511962890625 0.137069702148437
0.0247173309326172 -0.0118865966796875 -0.0787811279296875 0.178359985351562
0.0295181274414063 -0.00839614868164063 -0.0234832763671875 0.149993896484375
0.0316848754882813 -0.00092315673828125 0.0162506103515625 0.13238525390625
0.0196990966796875 0.0248794555664063 0.0322113037109375 0.12518310546875
0.0105190277099609 0.0309505462646484 0.0664596557617188 0.0923995971679688
0.00893020629882812 0.0309600830078125 0.10455322265625 0.0984344482421875
-0.00726318359375 0.0488433837890625 0.121246337890625 0.139373779296875
-0.0355911254882813 0.0634613037109375 0.181961059570313 0.1346435546875
-0.0727005004882813 0.0638580322265625 0.171798706054687 0.139724731445313
-0.100059509277344 -0.03369140625 0.0794219970703125 0.237838745117188
-0.0204181671142578 -0.00836563110351563 0.0320854187011719 0.0566673278808594
-0.00765800476074219 -0.022064208984375 -0.090423583984375 -0.0378494262695312
-0.0152549743652344 -0.0405311584472656 -0.164794921875 -0.0180816650390625
-0.0375022888183594 -0.0238685607910156 -0.2025146484375 0.0325775146484375
-0.0341587066650391 0.0112342834472656 -0.18170166015625 0.1361083984375
-0.009979248046875 0.0411872863769531 -0.0795135498046875 0.175308227539063
0.000766754150390622 0.0518989562988281 -0.02337646484375 0.143264770507813
0.0147933959960938 0.0644912719726563 0.0210647583007813 0.123992919921875
-0.0137481689453125 0.0793380737304688 0.040924072265625 0.110305786132813
-0.046112060546875 0.0808792114257813 0.0772705078125 0.0800094604492188
-0.069244384765625 0.0618438720703125 0.117424011230469 0.0984344482421875
-0.104393005371094 0.02032470703125 0.11395263671875 0.146728515625
-0.111946105957031 0.00398254394531249 0.156570434570313 0.1336669921875
-0.146453857421875 -0.0218658447265625 0.136573791503906 0.126968383789063
-0.138999938964844 -0.12908935546875 0.0392608642578125 0.204681396484375
-0.0691604614257813 -0.0946578979492188 -0.00139808654785156 0.0324974060058594
-0.0896682739257813 -0.0800552368164063 -0.11700439453125 -0.0445709228515625
-0.088653564453125 -0.0603179931640625 -0.176712036132813 -0.012298583984375
-0.108123779296875 -0.01580810546875 -0.196792602539062 0.0315704345703125
-0.0889434814453125 0.0441207885742187 -0.164093017578125 0.121383666992187
-0.0428619384765625 0.0913772583007813 -0.0716400146484375 0.150543212890625
-0.0268173217773438 0.105613708496094 -0.0219573974609375 0.114936828613281
-0.00257110595703126 0.119857788085938 0.0210494995117188 0.0933303833007813
-0.0427017211914063 0.121620178222656 0.047637939453125 0.073974609375
-0.090423583984375 0.120628356933594 0.08831787109375 0.0531997680664063
-0.128318786621094 0.0892715454101563 0.131736755371094 0.0867538452148438
-0.183761596679688 0.00173950195312503 0.10748291015625 0.150100708007813
-0.1737060546875 -0.0480804443359375 0.114570617675781 0.132331848144531
-0.200103759765625 -0.100357055664062 0.0787887573242187 0.0949554443359375
-0.15911865234375 -0.205734252929687 -0.0102996826171875 0.142654418945313
-0.114120483398438 -0.169967651367187 -0.0416831970214844 -0.0107650756835938
-0.172561645507812 -0.125167846679688 -0.138740539550781 -0.0621185302734375
-0.159988403320313 -0.0659027099609375 -0.1810302734375 -0.0155792236328125
-0.167694091796875 0.00399780273437497 -0.179153442382813 0.0235595703125
-0.129364013671875 0.0788955688476562 -0.132469177246094 0.0897216796875
-0.0676040649414063 0.130348205566406 -0.0583038330078125 0.104156494140625
-0.050537109375 0.142807006835938 -0.01934814453125 0.0695953369140625
-0.02215576171875 0.1563720703125 0.0201263427734375 0.0470619201660156
-0.070465087890625 0.14178466796875 0.0534820556640625 0.0248565673828125
-0.125236511230469 0.135383605957031 0.0996551513671875 0.0191650390625
-0.1680908203125 0.0959930419921875 0.140853881835938 0.07061767578125
-0.233673095703125 -0.0248565673828125 0.0974884033203125 0.148345947265625
-0.20697021484375 -0.0958251953125 0.063079833984375 0.129364013671875
-0.218734741210937 -0.167556762695313 0.00959396362304686 0.0463333129882812
-0.1585693359375 -0.246139526367187 -0.0646514892578125 0.064117431640625
-0.143157958984375 -0.21533203125 -0.0882415771484375 -0.0600051879882813
-0.230239868164063 -0.147354125976562 -0.15325927734375 -0.0810546875
-0.209136962890625 -0.055328369140625 -0.172561645507813 -0.025146484375
-0.201339721679688 0.0298614501953125 -0.147689819335938 0.0045013427734375
-0.14556884765625 0.10528564453125 -0.09454345703125 0.0421829223632813
-0.0778961181640625 0.150985717773438 -0.0424957275390625 0.0442543029785156
-0.064910888671875 0.159561157226563 -0.0122089385986328 0.015446662902832
-0.0399017333984375 0.168212890625 0.0235099792480469 -0.00762748718261718
-0.094207763671875 0.139518737792969 0.0655517578125 -0.0272102355957031
-0.147918701171875 0.123123168945313 0.113380432128906 -0.0146636962890625
-0.188949584960938 0.0779876708984375 0.145492553710938 0.05340576171875
-0.248153686523437 -0.0581512451171875 0.08380126953125 0.138633728027344
-0.2078857421875 -0.139892578125 0.0114059448242187 0.115234375
-0.200302124023437 -0.213882446289063 -0.0543289184570313 -0.014434814453125
-0.132400512695312 -0.243545532226563 -0.117118835449219 -0.0145111083984375
-0.144805908203125 -0.219314575195313 -0.136436462402344 -0.102439880371094
-0.241546630859375 -0.138916015625 -0.1588134765625 -0.09307861328125
-0.21392822265625 -0.0362091064453125 -0.152053833007812 -0.040374755859375
-0.19500732421875 0.0480499267578125 -0.110237121582031 -0.022705078125
-0.13470458984375 0.113716125488281 -0.0593414306640625 -0.0127944946289062
-0.074859619140625 0.147232055664063 -0.0304050445556641 -0.0199146270751953
-0.0694122314453125 0.151397705078125 -0.00306320190429688 -0.0396690368652344
-0.0532379150390625 0.15618896484375 0.0332756042480469 -0.0626068115234375
-0.107666015625 0.116096496582031 0.0872039794921875 -0.0731277465820312
-0.154922485351563 0.0903167724609375 0.133598327636719 -0.0404281616210937
-0.18695068359375 0.0396270751953125 0.145736694335938 0.0419769287109375
-0.2266845703125 -0.09552001953125 0.0669784545898437 0.121391296386719
-0.173828125 -0.172897338867188 -0.0326156616210938 0.086212158203125
-0.1485595703125 -0.234649658203125 -0.100662231445313 -0.0849838256835938
-0.07879638671875 -0.201950073242188 -0.157440185546875 -0.0781097412109375
-0.11199951171875 -0.184860229492188 -0.17462158203125 -0.128341674804688
-0.197540283203125 -0.110763549804688 -0.152984619140625 -0.101287841796875
-0.169692993164063 -0.0196380615234375 -0.129005432128906 -0.058837890625
-0.150009155273438 0.045684814453125 -0.0761032104492188 -0.051788330078125
-0.103408813476562 0.0943984985351563 -0.0357284545898438 -0.0648574829101562
-0.0610275268554688 0.116157531738281 -0.0240020751953125 -0.0773239135742187
-0.0616836547851563 0.120346069335938 0.00650787353515625 -0.0872955322265625
-0.0556182861328125 0.123291015625 0.0497817993164062 -0.109893798828125
-0.101852416992187 0.0821914672851563 0.116439819335938 -0.106857299804688
-0.136932373046875 0.0518112182617187 0.15789794921875 -0.0530548095703125
-0.15728759765625 0.00505065917968748 0.145767211914063 0.032989501953125
-0.177581787109375 -0.112823486328125 0.0554351806640625 0.0969009399414063
-0.120651245117188 -0.17919921875 -0.0565719604492188 0.0433921813964843
-0.078582763671875 -0.217987060546875 -0.12030029296875 -0.156021118164062
-0.00525665283203126 -0.131111145019531 -0.177337646484375 -0.116943359375
-0.0504074096679688 -0.126174926757813 -0.191757202148438 -0.137252807617187
-0.111587524414062 -0.0735549926757813 -0.13970947265625 -0.107063293457031
-0.0913848876953125 -0.015350341796875 -0.1123046875 -0.07757568359375
-0.0821456909179687 0.0193939208984375 -0.0566864013671875 -0.0737762451171875
-0.0625228881835937 0.0503463745117188 -0.0255813598632812 -0.0994033813476563
-0.0441703796386719 0.0635719299316406 -0.0223159790039063 -0.116355895996094
-0.0432205200195313 0.0709991455078125 0.01513671875 -0.120185852050781
-0.0435333251953125 0.0768280029296875 0.06707763671875 -0.143447875976563
-0.0709762573242188 0.0479660034179687 0.145156860351563 -0.124557495117188
-0.0942535400390625 0.0261459350585937 0.179901123046875 -0.054534912109375
-0.107139587402344 -0.00752258300781248 0.146743774414063 0.0257720947265625
-0.117324829101562 -0.0969467163085938 0.0560569763183594 0.0692939758300781
-0.06231689453125 -0.1485595703125 -0.0562744140625 -0.00110244750976563
-0.00573730468750001 -0.1654052734375 -0.112075805664062 -0.214279174804688
0.0591005198561839 -0.0184103144191363 -0.138107256648658 0.214825941707806
0.0328396252143603 -0.0673609024618365 -0.0320409403985722 0.0766821465821964
0.000641569879622518 -0.0692398848572865 -0.00716801699553632 -0.0780972293769171
-0.0297292651996001 -0.0303228111337702 -0.0520629985798529 -0.13985216516513
-0.0185468246793198 -0.0112736911273867 -0.140524984327838 -0.158989855109009
-0.00698335267282429 -0.0177254657471398 -0.205881130534238 -0.0949071644151656
-0.0176326471684859 -0.026485038660756 -0.196653858236377 -0.00527027590211654
-0.0236865878831235 -0.0255841753111363 -0.153002187644201 0.0538204316907486
-0.0169772889849109 -0.0360243635777932 -0.117384616107463 0.0754394272313738
0.00310267094917403 -0.0383539684931915 -0.0937381814226997 0.088287903163968
0.0138394273426136 -0.0333899935343636 -0.0558993015800792 0.105273551010188
0.0158010961858354 -0.0313206500239838 -0.0417085969789393 0.14198863282735
0.0311176583269877 -0.04095627921289 -0.0483210023568964 0.173146032329273
0.0570336334417631 -0.018282324539891 -0.022468670727882 0.214575935946929
0.072907226834389 0.0171552950239216 0.00414827865948963 0.207517952008137
0.0115941768258246 0.0736308213565829 -0.13763005711702 0.191239493299419
0.000737359925492755 0.0198110961261366 -0.0288522034012174 0.0554188794338938
-0.00311922156913104 0.0226844432955456 -0.00724411860455451 -0.104733801902586
-0.00710631814245491 0.0427121485651416 -0.0544750622728999 -0.15648382749483
0.031909325812689 0.0387334643276706 -0.141306891743979 -0.171937919393363
0.051930409586846 0.00721003259575243 -0.203907249070652 -0.103768587636578
0.0473971307396372 -0.0247100604045522 -0.194675609011204 -0.0170417505137865
0.037160619009217 -0.0441027147459412 -0.149985791959336 0.0456013083230783
0.0476460961757038 -0.0597303520856843 -0.110562210270867 0.0689287376997624
0.0670034009208253 -0.0473580741938658 -0.0778974293360669 0.0790369060616778
0.087892763365541 -0.0268120750929999 -0.0374477830224526 0.0990142287756988
0.0898955054709723 0.0151806024317498 -0.0272976880652454 0.141739987468673
0.084022414530139 0.0418326341386252 -0.0496574511212689 0.167367417586376
0.0605997073095628 0.0737520648902174 -0.0232087577463545 0.194831113939315
0.0470901956163821 0.116916083906086 0.000377792984289146 0.18244558650962
-0.0372351028089562 0.159276230768121 -0.116854125975659 0.141801224350286
-0.0328933235213296 0.115702586941107 -0.00257702444178633 0.0162682849543031
0.00110601011906165 0.124277527144387 0.00765981384617028 -0.144711935089963
0.0289308426285821 0.118580310510172 -0.0511786074327207 -0.179996042564041
0.0894700395946064 0.0831168185280972 -0.136401593648728 -0.177049312185138
0.110031781771615 0.0282010747370002 -0.182381694533209 -0.104885078064769
0.108432074383175 -0.0216949150810058 -0.169041816952969 -0.0279603692470644
0.0922796927440602 -0.0578582310137894 -0.126205503955927 0.0280275245778015
0.10381169629183 -0.0761567766601105 -0.0852776878297004 0.0499696882073854
0.118403338704847 -0.0503877493323447 -0.0446080736580228 0.0596032688817399
0.145616292819496 -0.0215648470689767 -0.00611892024418386 0.0877760021215682
0.149303222947274 0.0478378347444552 -0.00467333386805337 0.139608849391039
0.129790410715751 0.10685536597141 -0.0479773600056305 0.159863892529252
0.0625271665563962 0.150752037915428 -0.0350747092390859 0.162154531793635
0.0180235451461365 0.197738564981773 -0.00459253563927288 0.127885011275695
-0.0788723002098096 0.222883382723305 -0.0815575307266466 0.0673747782934865
-0.0579657921385492 0.203804666504756 0.0345807287895865 -0.0402650177108589
0.0164916462168063 0.218654059156237 0.0320953536212677 -0.188048362858223
0.0755384378170488 0.182615709943036 -0.039908202701231 -0.203010195929595
0.146034032566138 0.111453418781031 -0.118895024188297 -0.175562663232526
0.157854219443312 0.0395445943042111 -0.142607663513769 -0.100483661155905
0.154849506938711 -0.0184993320640055 -0.121756646400733 -0.039944217324778
0.135089608014095 -0.0622375128672682 -0.0836883114457601 0.00528888335977402
0.144244319772697 -0.0781447362442886 -0.0436397820083025 0.0242943750334117
0.152930044974564 -0.0392878372606593 0.000697094732291284 0.036180249004809
0.179254042758058 -0.00559533942573057 0.0325227913054906 0.0758931531931865
0.179210066119297 0.0789187488305797 0.0194109582086269 0.13506380880521
0.150205839716944 0.157496160847486 -0.0463195617087775 0.148450500330687
0.0501635785528364 0.204484370998218 -0.0517275399586352 0.120566382927163
-0.0192908685783018 0.247838091956007 -0.00655570385420454 0.0544387250546508
-0.103767646555506 0.250861919425994 -0.0406703647002948 -0.0199122598172689
-0.0685293744797785 0.258468413116173 0.0676234722909383 -0.10723085185415
0.0351011189262527 0.278799680584002 0.0519158046647974 -0.221591055778456
0.117784796983645 0.217096809466962 -0.0237930604496184 -0.213781361082988
0.185192895348495 0.11797753676938 -0.0861015453413465 -0.16346352357863
0.183192982327449 0.0384761967866906 -0.0853376156181137 -0.0927717494954085
0.177559071784495 -0.0169572324856162 -0.0615174866925732 -0.0513711177292044
0.155765350272683 -0.058889308001053 -0.0296946086971443 -0.0168866673946335
0.163853091655059 -0.0658431760318348 0.00812991702480446 0.00122780785445748
0.166764644770148 -0.0160274934626222 0.0528358984153568 0.0183892034008767
0.185241139555733 0.0212566412793608 0.0751266462642084 0.070623589042293
0.176680538010914 0.108050880362027 0.0418745948468074 0.130011055479979
0.139732805562728 0.19207053133517 -0.0428100191482816 0.133512848276771
0.0215269409638824 0.231322480282409 -0.0641694874656195 0.0737127931784074
-0.0594362111756015 0.260470785599509 -0.000655301677124049 -0.0254328923134382
-0.107168542503829 0.237175984106031 -0.00769273824261437 -0.105450707075527
-0.0640073942820472 0.264641094065783 0.0820512315307905 -0.173205045835481
0.0498098656886392 0.283638370249244 0.0588415875967719 -0.237378053483345
0.135786465189836 0.208014606157949 -0.0040125417162601 -0.207075620797829
0.189500236804095 0.102578827783966 -0.0434247367099619 -0.143893227066605
0.176846879046702 0.0300561119549775 -0.0222701992283382 -0.0864227558787098
0.171069655608235 -0.0143419373329683 0.00285338018045424 -0.062223145701584
0.151810866394496 -0.0468364572406405 0.0277824951420159 -0.0351684053850329
0.159617131899056 -0.044285007086035 0.064963679108537 -0.0131998774042033
0.157430995073893 0.0122779036703135 0.105918421753863 0.0147663567055746
0.16527632744537 0.0506930435250149 0.112630850064522 0.0784032111475468
0.142260778653327 0.130655871135307 0.0564082225058979 0.129901646568515
0.0999478892276444 0.205500160494759 -0.0371990273676928 0.115076460387913
-0.0207901574258874 0.227892473523717 -0.062964516229372 0.0267757810202988
-0.0965076092556881 0.233705803405706 0.0188796424275444 -0.0997829803906646
-0.0959805185377971 0.176989780898152 0.0115229370681211 -0.17317637205882
-0.053306676762654 0.216524161078044 0.0761376332956548 -0.220918884454302
0.0463259914495743 0.230551983156742 0.0582312992404579 -0.229613976845028
0.115676628833143 0.160287756159561 0.0145216566350016 -0.185842791029716
0.150994883569203 0.0759074224027354 0.00224431110789818 -0.1231208126923
0.138787778726708 0.023886886267616 0.0356118131187329 -0.083802911861746
0.136523139942531 -0.0049445587862742 0.059508684881696 -0.0723259614332542
0.124336902493346 -0.0289235526548049 0.0790148479978339 -0.0474396252343283
0.130860859810521 -0.0189595419881101 0.117452593708421 -0.0164727234073717
0.125890532807062 0.0324225987575346 0.149691064277695 0.0274077233578699
0.123110319068973 0.0646950624868858 0.138448958106147 0.100024919820446
0.0934837194795671 0.128233274731407 0.0640147411276172 0.133197123377714
0.0527718429251716 0.188131069840723 -0.0264673131425959 0.0966231216790132
-0.0552688990995206 0.193313621988035 -0.0442881550136651 -0.0118638754937212
-0.117129328211851 0.176210789099168 0.0522711269878488 -0.158379210394768
-0.077080697563112 0.0848150614294189 0.0165417117188474 -0.20751720037677
-0.0440973291390793 0.128521669215763 0.0578916819956522 -0.239362870764815
0.0232595044491094 0.138893789993802 0.0526385170608022 -0.205060238669307
0.0626496066789937 0.0922058768176059 0.027462756857742 -0.161748857427042
0.0804310450765699 0.0493128712518944 0.0354507271778916 -0.107122469354646
0.0776162401772622 0.0243859813566036 0.0736741581914766 -0.0822457930363539
0.080624053956443 0.0102597476937817 0.0983141298276199 -0.0770650430423924
0.0778380461055678 -0.00661186820185878 0.117449770709757 -0.0510594095652536
0.0822851009736433 -0.000255190695019907 0.157310863906667 -0.00930573361169692
0.0778031414259056 0.0327248327831711 0.1779250054531 0.0493425479009749
0.0735669249162897 0.0521734583474747 0.148950926984693 0.126001372598294
0.0510803740994002 0.0936565973468699 0.0652490914686484 0.137117844763969
0.0190255064683956 0.138330120992457 -0.00993794469747211 0.0845521451908248
-0.0677397343148675 0.134274453925891 -0.0143303103173299 -0.0343518659587292
-0.113385772361307 0.0968662026688699 0.0932056556041995 -0.193159181160143
0.0552395204068634 -0.0206820845477861 -0.118796884714204 0.219279243095372
0.026591630974594 -0.0662373311963674 -0.0234607694271607 0.0770704421591642
-0.00367323808821479 -0.0661023453980063 -0.0107365959583325 -0.0781449862944279
-0.0292600367354981 -0.0271049207107117 -0.0605373280126542 -0.136763275457245
-0.0169788571004024 -0.00911853325392798 -0.150807304734575 -0.14788424820533
-0.00714944516510661 -0.0174552990559576 -0.211691556709936 -0.0785964353625139
-0.018927844285329 -0.0249403469136901 -0.19391270290799 0.00773608729818885
-0.0242705767362196 -0.0236311743532666 -0.14676082393885 0.063156301010498
-0.0187609183695299 -0.0344312663510783 -0.11080313664317 0.0833790057589127
0.000815703366994507 -0.0386407862812013 -0.0865618323455738 0.0951491987391343
0.012081776684097 -0.0338418729078329 -0.0480429579098859 0.108028779860631
0.0148918058205546 -0.0307142503448634 -0.0318936383592235 0.144021097736079
0.0283247891964043 -0.0411587034209122 -0.0373587207091429 0.175257143111829
0.0538155406251988 -0.0212856390138158 -0.00946704463912117 0.212554311063305
0.0705579501017499 0.012230736817072 0.0152111184288784 0.207112945645776
0.0149660401093695 0.0735029208944533 -0.120433520945312 0.195445613346654
0.000824908140393539 0.0222096123776844 -0.0215103576785029 0.0559161335107854
-0.00114061656598481 0.02468371399236 -0.0121336890743617 -0.103925836416007
-0.00142043739412436 0.0446286975039878 -0.0627527297154617 -0.152510620252662
0.036723073050778 0.0371886096334169 -0.152431900089332 -0.160932525302349
0.053405226713357 0.00357566536005645 -0.209184692067528 -0.0877176290335296
0.0461660428136576 -0.0281317422332902 -0.192369044665623 -0.00324604304010218
0.0342589684302482 -0.0464970649024638 -0.143234595648388 0.0542127402996148
0.0429723310844433 -0.062824272941082 -0.103640079536565 0.0762598281544714
0.0636730533153578 -0.0518128783686742 -0.0710953712938055 0.0851716579635722
0.0852155236794053 -0.0329461299565575 -0.0308737030734024 0.101012917870436
0.0911551618560294 0.00967104269093981 -0.0167524693282608 0.142703045608097
0.0862714034845313 0.0364908104969094 -0.0369932195023932 0.170285155548201
0.0640113827682296 0.0702489140769092 -0.0100548748350179 0.194061866789806
0.0525568073017217 0.112396194678027 0.0113147741002061 0.182483276166203
-0.0266076250968183 0.161001686253887 -0.101740941585474 0.144379009254033
-0.0251684806027589 0.11883064418729 0.00218650264246578 0.0151331264302162
0.00976548184455786 0.124299715828863 0.000573177078275999 -0.143468170071467
0.0379632629687061 0.117097734633818 -0.0601976845261806 -0.175281255004436
0.0961146308637669 0.0770456926408623 -0.147087119533354 -0.166820564969147
0.112588503671621 0.0204721726811479 -0.187091327644738 -0.0910673962301926
0.106939033763345 -0.0292494766360162 -0.167869846682391 -0.0163036545050023
0.0877005469898164 -0.064322162365475 -0.119872478980878 0.0359582809288189
0.0967266413920216 -0.0832738459065215 -0.0785274487659 0.0554598415104547
0.114863295182372 -0.0583170394241145 -0.0393464151181422 0.0635293374016541
0.143283323292678 -0.0319566750548177 0.000514526022052663 0.0885507515785314
0.152695417025873 0.0379531999316584 0.00626551100105382 0.138610276818917
0.135722046837915 0.0970605219491171 -0.035546365590417 0.163840824473288
0.0712691126426056 0.14588619060661 -0.0232680606825475 0.162887543563233
0.0301433146518373 0.195043052560819 0.00358136174464531 0.129548605645594
-0.0630269649194383 0.227624905783048 -0.0713423813026702 0.0688416203703435
-0.0435180816711424 0.2065197322546 0.0354551059563275 -0.0429157603381177
0.0323979936710265 0.216198090799943 0.021919875123331 -0.187070890893099
0.088296453493653 0.177565246833856 -0.0498549976421669 -0.198033029666818
0.153485350906172 0.100557872254951 -0.130071211022304 -0.165764626436721
0.159889897562257 0.027703791793655 -0.145741721478305 -0.0902299672003007
0.153099065124703 -0.0298445470376042 -0.122309519567804 -0.03139624482914
0.128941004274107 -0.0720273217652615 -0.0802636383928349 0.0102458147252237
0.136678501228411 -0.0885187058612789 -0.0399474885867985 0.0279775339046061
0.150012479163041 -0.0491619041717913 0.00393010890784584 0.0363749995723591
0.177313204323978 -0.0185608163229823 0.0387987297464141 0.0739373958496685
0.183717172715687 0.0661261059899654 0.0303547109723497 0.132265247113369
0.159262380101561 0.146112707561192 -0.0347700772019879 0.1529527163054
0.0631037166608788 0.200294191047252 -0.0418905629606926 0.122795711641418
-0.00289548166077019 0.247386706905004 -0.00337113262192947 0.0573530801196568
-0.0843131604609425 0.257044314179973 -0.0380090014313755 -0.0199975299591925
-0.0491545811530621 0.260721125261483 0.0625975957020181 -0.111719425065659
0.0554288370772595 0.273463388760552 0.0392106174517085 -0.22210469183626
0.131652938790157 0.207682714565923 -0.0342701219341685 -0.208979699617034
0.191728510847109 0.103331565863694 -0.0961415798600057 -0.155742282041123
0.184291804460379 0.0254914469419725 -0.0891823849254605 -0.0869363928136433
0.174799181753749 -0.0297123126570466 -0.0632563319874225 -0.0459615698030831
0.149078615577178 -0.0702151106426104 -0.0284737885828797 -0.0148918974437265
0.156336236060001 -0.0774552116893737 0.0100541046741977 0.000566272187346345
0.165512924608521 -0.0274251990146011 0.0544902718667996 0.0156179076639003
0.185188827463043 0.0074253062784733 0.0805020305286907 0.0653809898152477
0.183082955732347 0.0956761957929431 0.0522201159961088 0.125713630082093
0.15135564828825 0.179556012651337 -0.0315850054210027 0.138094971381487
0.0365488048005179 0.228488617392634 -0.0571060596853022 0.0789513169576363
-0.0404578585547297 0.262364649113614 -0.00232131329437049 -0.0216864697589323
-0.087890598376386 0.242835519452207 -0.0113388269364782 -0.106283988985563
-0.0435860434105124 0.265073121782673 0.0718651901651619 -0.178188655869924
0.0700860178607864 0.274857029939006 0.0451203566144564 -0.237708667145067
0.148693139711107 0.196903814889993 -0.0152956945832191 -0.203548955949481
0.193654286062758 0.0870269757649498 -0.0515005239788437 -0.139344645154119
0.177437752230177 0.0177679542819198 -0.0266275745287375 -0.0858131383020491
0.168963274413196 -0.0274118063739685 -0.00136953716547272 -0.061845790705558
0.146006337206964 -0.0577503230167251 0.0263362798091064 -0.0368246722457296
0.153810901267526 -0.0553144991177507 0.0642516288078529 -0.0174992367965268
0.157190053816602 0.00147894253103445 0.106423843652309 0.00762112024573103
0.165912471457951 0.0384196824433103 0.118600464942835 0.0704171759116177
0.150706003475491 0.121137913020459 0.0664100323045983 0.124342377375612
0.113107152111665 0.195814387045368 -0.0278679918522895 0.119236332829992
-0.00430420180350636 0.226906225257757 -0.0595006887145065 0.0332618959405868
-0.0783474787670502 0.238421395658009 0.0124609147602094 -0.097287103260468
-0.0809670726258547 0.182730272505606 0.00286872848908748 -0.173827382871262
-0.0362449457166349 0.216508879197161 0.062314290083896 -0.224610075176479
0.0626225391287565 0.222422384309357 0.0438142602656944 -0.230377076195877
0.124804998764109 0.149909899184666 0.00403424245556907 -0.184195389407049
0.153793488460628 0.0632302447377042 -0.00489906637452546 -0.122040241547005
0.138048940989191 0.0138270790162564 0.0302347145796383 -0.086667840688048
0.133831278329511 -0.0151112144148828 0.0537035482400997 -0.0759976411897916
0.119812009416026 -0.0372481094967881 0.0754290027525068 -0.051822395628983
0.126856640759927 -0.0282003302331828 0.115628195370691 -0.0234774169785795
0.127136206523271 0.0235124993061598 0.150451237969095 0.0167023101156602
0.125906340272456 0.0551757601202792 0.145761386889117 0.0896995877319401
0.101250062785563 0.121400245236458 0.0737813238605802 0.127688287129849
0.0652538790444749 0.180780813440226 -0.0187790798684621 0.100246457347995
-0.0404259156869398 0.194099461650857 -0.043892389524639 -0.00607616919901071
-0.102972842358255 0.182612683027599 0.0416478986973193 -0.157399849206188
-0.0682688747558981 0.0899030204351956 0.00478475105288225 -0.208769684298058
-0.0336744706983974 0.128964139385418 0.0424223927531711 -0.241395935888697
0.0331217275976102 0.133284322945236 0.0394650159408216 -0.206433667593959
0.0676627440325579 0.0861712309940174 0.0177085066506388 -0.161710495672935
0.0822673003961459 0.042277487978044 0.0287898496913587 -0.108917977357849
0.0774804249350715 0.0180933526994127 0.0676552123817195 -0.0884691076918119
0.0796311389248221 0.00422317410837738 0.0916005752564467 -0.0836780795036877
0.0753678267705035 -0.0120898128931866 0.112651425465505 -0.0578973385215057
0.0803312055986963 -0.00568604235454811 0.155423330733279 -0.0199711696536603
0.0785927092470668 0.027086871812125 0.179593821949679 0.036506180956271
0.0756327327070438 0.046758280663967 0.157230615517635 0.114478776013725
0.0560546711356625 0.0902246390417886 0.0743900663011482 0.132828642157147
0.028017551817332 0.13363554704338 -0.00410970162099065 0.0868290211678644
-0.0564601903189339 0.135519473768862 -0.0161327110544519 -0.0303658195590234
-0.104005707725801 0.103213619805845 0.0792835554356018 -0.194258142202152
0.0512343178679032 -0.0227292196575069 -0.100139979695309 0.216898979595553
0.0210215238917947 -0.062852914489062 -0.0151805685537241 0.0747857232043383
-0.00748662094676527 -0.0618875623113524 -0.0138146896261573 -0.0764428243554997
-0.0279753361119149 -0.0238365757410855 -0.0663202516009325 -0.130092828990825
-0.0146933713206216 -0.00733752399172885 -0.156087566930384 -0.134011501144084
-0.00650759269987725 -0.0169430902438612 -0.209522368938702 -0.0620774920839922
-0.0189043942956871 -0.0227463324684783 -0.186041621933636 0.0190773368223869
-0.0240820721105095 -0.0211980081659129 -0.137255139349696 0.0680084227861005
-0.0198553976748833 -0.0326268543840057 -0.101472702642007 0.088500954603159
-0.00105115590066098 -0.0380420509581001 -0.0777589896881039 0.0987460560222103
0.0102767904660342 -0.033331016848823 -0.0407760744678306 0.107557162569861
0.0133730299235662 -0.0295938838992647 -0.0220884475167041 0.141847874387638
0.025052286070849 -0.0407460116486853 -0.0263876108180396 0.172296523438855
0.049816231247714 -0.0223488243709257 0.00250173266019476 0.205905031744443
0.0672469887576688 0.00746085101138023 0.0264247865751228 0.201201969074038
0.0179264747823047 0.0715243470488157 -0.101452209457072 0.193562479715381
0.00129513757402295 0.0240913226629213 -0.0143106426570634 0.0543575282617552
0.00117118173676463 0.0262084957735429 -0.0155892259457402 -0.100400111920886
0.00277041212656235 0.0449730704115192 -0.0677852318506234 -0.144918519767696
0.0401884450865664 0.0339895622466869 -0.157813560931571 -0.146299376355957
0.0536525388550824 -0.000110885328441434 -0.206924615554372 -0.0713757161746975
0.0438680524804116 -0.0304158460739191 -0.184810772816935 0.00810555875538163
0.0305059239176319 -0.0470545227729448 -0.13381611974239 0.0597957736158919
0.0378972965566114 -0.064118233368886 -0.0941282472854398 0.0809918281511195
0.0586040175862164 -0.0540759389395234 -0.0624106359427625 0.0885393343789444
0.0807634540543715 -0.0378105162856931 -0.0237391270989567 0.100422108318573
0.0899061716690892 0.00432428503063984 -0.00720045156709354 0.139439743490075
0.0858461098229436 0.0303377414547345 -0.0257085298394916 0.168772921528496
0.0652536488487431 0.0654395371873237 0.000995178932268257 0.188516216757484
0.0561795626313952 0.106244356801861 0.0211597088756838 0.178847905673551
-0.0160277193696948 0.1588618799206 -0.0865457657947998 0.143019053721767
-0.0180897043282218 0.118392352329183 0.00568358883644895 0.0134526318191661
0.0185117696628428 0.121087382509667 -0.00585586828601465 -0.13919926113592
0.0460650236188271 0.113342323443462 -0.0659792006579544 -0.166737515781351
0.0997341281194734 0.0683487825598515 -0.152552741199439 -0.152153421950642
0.11147345113127 0.012835953220706 -0.186003473894728 -0.0768533213494172
0.102626628008872 -0.0361308553085294 -0.161969111023128 -0.00532999702027255
0.0811330328187691 -0.0681689557243543 -0.112172289209696 0.0405138162948625
0.0880192888915326 -0.08776857137924 -0.0706899943076608 0.0591338624847376
0.107887872392775 -0.0637007470784456 -0.0327719891543719 0.0653541276394552
0.136232989595699 -0.0402943473925621 0.00685010744890532 0.0865489895288118
0.151440383560069 0.0272547381357414 0.015143945905591 0.133926409124749
0.137685320685862 0.0853914784791894 -0.0235911726084279 0.162581556968747
0.0773405686312521 0.138639593849845 -0.011832322093515 0.159477265736971
0.040032698595906 0.18731796509773 0.0110969795629017 0.127454898194732
-0.0462190170490674 0.225741172959772 -0.0614101743520357 0.0681882760646998
-0.0298152696976264 0.203222206633085 0.0351213709963326 -0.044910006131411
0.0452377276223146 0.207384216713138 0.0125748026994151 -0.181784738177185
0.097520470100139 0.168422673943776 -0.0569376681673496 -0.188943879928113
0.156173027178416 0.0873639336787154 -0.135239459326609 -0.152036807297807
0.157868075416477 0.0171559199980761 -0.145824448124909 -0.0787271117573703
0.146383464001748 -0.0396916585559077 -0.11862248335273 -0.0221897264300055
0.119399284205646 -0.0785156413669913 -0.074813788958103 0.0136967250585132
0.12619604424835 -0.0944645417735629 -0.0347119190161249 0.029609619342647
0.142393262753424 -0.0574811744622597 0.00722820429499214 0.0366018027584184
0.169840610242286 -0.0294611577512067 0.0431968127748769 0.0704280064891634
0.183881072110168 0.0529693163250671 0.0386073162956195 0.126316032506924
0.163318055018086 0.130326533210116 -0.0223575330009972 0.152534651382713
0.0730285237076204 0.191084445221558 -0.0321544546376585 0.122866738088291
0.0123922945178045 0.239906876022722 0.000491872725727844 0.0583913938971994
-0.0638930925002943 0.255001596089637 -0.0338038821431641 -0.0198843786266673
-0.031538022701705 0.255111849848508 0.0569499090438161 -0.113036088929149
0.0711785348698553 0.26004434708314 0.0275975456244955 -0.216042638541526
0.14123177068021 0.194316485579781 -0.0426336975717355 -0.200063140337504
0.192529562454005 0.0870864890848962 -0.101580398873329 -0.144467084167698
0.18096529376888 0.0130578960648068 -0.0907395015308718 -0.0797462598609175
0.167379871113472 -0.0413662786649687 -0.0629452474136192 -0.0402143655504228
0.138427524649119 -0.0777157696083426 -0.0266345737142728 -0.0131889929379591
0.146138905285238 -0.0858886464977272 0.0114197089615271 0.000611805912979598
0.159248469553219 -0.0373368511164644 0.0547660794918631 0.0120298887341871
0.179326822704763 -0.00496692411041883 0.0839078236068073 0.0587998648994756
0.184081250254777 0.0817481201392292 0.0597434301620856 0.118526683812374
0.158066186299506 0.163998841090429 -0.0200297739270887 0.13770464164445
0.0501112780306955 0.219682762447658 -0.0489753552726127 0.0813504214510153
-0.0226283306509092 0.256507333991283 -0.00382333052978129 -0.0179595794512451
-0.0676855956888853 0.241940479861965 -0.0139814965458768 -0.105286348873286
-0.0250912567510927 0.258719930134995 0.0611168433285084 -0.177237963713692
0.0854174364576038 0.260180146312743 0.0322083024510486 -0.232199032860021
0.155810129074907 0.181532361395249 -0.0233438633511504 -0.196058175177289
0.192421626053059 0.0713810103327083 -0.0572750872982761 -0.131810149871793
0.172883499121093 0.00601308257019371 -0.0297830526939632 -0.0822752995163815
0.161117673412182 -0.0374886913923711 -0.00434746557183331 -0.0594226168499147
0.136397167627784 -0.0656217474203699 0.0242227942117406 -0.0374130609769763
0.143969961098455 -0.0637173025433502 0.0625895275260324 -0.0204402419653484
0.153218728346359 -0.008896490775422 0.10403105264724 0.00162928411886526
0.162900164213483 0.0263909556582324 0.120833202997131 0.0613652759993644
0.153630219626121 0.108235384384386 0.0731776447649141 0.116518366260895
0.121439237444644 0.181122063361714 -0.0179063966289594 0.119432764991993
0.0101727753495434 0.218943953101413 -0.0547119524174496 0.0373257262865446
-0.0596973906005195 0.236285270196344 0.00634496363830184 -0.091872349927813
-0.064792661433863 0.183178871088514 -0.00463912098636752 -0.170911406580839
-0.0204918365653133 0.21060804975271 0.0483616837472883 -0.221388983954833
0.0750330005473468 0.209416318022067 0.0301071550327979 -0.225337218909023
0.129463824333263 0.138079097531544 -0.00440267713408631 -0.178371223555476
0.151759455001745 0.0499409672896094 -0.0111231879479885 -0.118472524994102
0.133815993397485 0.00512557739075928 0.0249081621916474 -0.0877340388079851
0.128363865027136 -0.023881241547338 0.0469821551704326 -0.0764477009173738
0.112147807305787 -0.0441835404793859 0.0705130070826614 -0.0544087656447147
0.119888884555378 -0.0355235595384285 0.11112273453587 -0.0298081691927797
0.125037226663629 0.014725631417545 0.146954180872977 0.0071051707498194
0.124924713299796 0.046008763667214 0.147764260123617 0.0774864385797476
0.106161924704379 0.112368199189603 0.0802980136486055 0.118823546876922
0.073743760396391 0.169200367386078 -0.0109227637010024 0.10065850062324
-0.0266494425692045 0.189511701556807 -0.0423022748979968 -0.00130690263135245
-0.0865276848598132 0.183185739693269 0.0305806179597628 -0.152565550186127
-0.058284507553777 0.0919526591381051 -0.00549036044987175 -0.20428610133566
-0.0227785999063651 0.125070575963234 0.0273327204372938 -0.236521148886864
0.0405195121821219 0.124754161839734 0.0272080327599089 -0.202755779351341
0.0696100683805507 0.079068314669081 0.00943984774615665 -0.15748668629763
0.0806588151698693 0.0349631413625441 0.022271715866732 -0.107860301313702
0.0752390039457584 0.0129340136635435 0.0605065291184869 -0.0914132514365761
0.0770848576582654 -0.000345409874113242 0.0824599845545977 -0.0868026552842516
0.0708480487649338 -0.0156169611420489 0.104628758614369 -0.0626800249587866
0.0761464435806158 -0.0101076585248327 0.149013010728899 -0.0280863803042179
0.0781711358900654 0.0220506641773764 0.176386116144611 0.0244365484786568
0.0754620214510817 0.040904934189363 0.159887242832639 0.100683394477692
0.0592935700471895 0.0847726003961235 0.0804645585292612 0.124036923719141
0.033927035260274 0.125837363720619 0.00201671893705474 0.0867281605283069
-0.0460026448837023 0.13275657522762 -0.0175372389465291 -0.026620615416413
-0.0923506894717401 0.105763483605912 0.0643882839856863 -0.191045085249361
0.0391666013396613 -0.0355710840902201 -0.0178942688081585 0.228815008856476
-0.00256614156585333 -0.0617472994649012 0.0148990060095532 0.0733195614716044
-0.0279236551389101 -0.0516444421616384 -0.033495281924835 -0.0655330133749648
-0.0321033630849285 -0.0116536912125701 -0.102055380824412 -0.0992896629430904
-0.0157831097427307 -0.00277981680624081 -0.18547407866922 -0.0707564694559195
-0.0136611751140604 -0.0140026304611448 -0.208534587879442 0.0162572396863423
-0.025981149040662 -0.0150644563302928 -0.159616465282565 0.0815028363865068
-0.0280704236522668 -0.0102525029798767 -0.0982027605319732 0.10638513574433
-0.0279663321324534 -0.0222118819133054 -0.060598218013875 0.113474749195905
-0.0132829133159797 -0.0341192223148567 -0.0368613495972587 0.116388687552347
-0.00150385387422189 -0.0335565495796475 -0.000419387139990545 0.110987353342466
0.00386072621074233 -0.0316095554256053 0.0252668891252245 0.135212590175353
0.0100111742192143 -0.0439039299554125 0.0312375268719847 0.165129634076321
0.0369033627155189 -0.0365006160963424 0.0662065859497519 0.184794535021646
0.0613796243650371 -0.0146134959772743 0.0833445200992472 0.173131028874871
0.0428285164928054 0.0631056305800813 -0.0291236073073451 0.204611468658025
0.0103683223249301 0.0245566671390758 0.00616619519075848 0.0508894087399126
0.0108245427411084 0.0242066361607109 -0.0476999334040772 -0.087832887253295
0.0205518222593574 0.0386765077418617 -0.112020540176751 -0.11141381624791
0.0476121738432266 0.0154428954271469 -0.19284395257054 -0.0790862517443081
0.0464769363617814 -0.0196091410962438 -0.21092073203227 0.00789976538123487
0.0288969238960187 -0.0435644568974405 -0.164386882161491 0.0717739546009997
0.011246058067301 -0.0516535150772122 -0.0977520685989223 0.0988160008894714
0.0122180695491084 -0.0697806207341163 -0.0557654144830226 0.104668265295208
0.0351238230462833 -0.0686790027655659 -0.0265862862634309 0.102551273653914
0.0599834279111678 -0.060672310027609 0.0113825485406717 0.0999907919708205
0.0836989889452893 -0.0259998596654405 0.037612435349198 0.128153532621284
0.0877621585594479 -0.000448398868335891 0.0309639469944621 0.160339667915426
0.0804028495085521 0.0376572199308775 0.0611894531374197 0.168030041482737
0.083453701217339 0.0791245227026342 0.074790243036415 0.152248328034727
0.0431982316051479 0.155302795653147 -0.0339825281552976 0.150066207464597
0.0268304806966153 0.116385551505167 0.00742847017804184 0.00364113490483832
0.0594258267302356 0.103420301249346 -0.0557470631900225 -0.126457627846127
0.0843403841345247 0.0852076201921373 -0.120730372067186 -0.131518356754712
0.112568121552694 0.0261756101282506 -0.191903948042968 -0.0846374645772665
0.103148139270216 -0.0272883646531767 -0.19467138375838 -0.00260537868536606
0.0806793061982833 -0.0691645308751102 -0.149367210664913 0.0525090296725419
0.0492233418963786 -0.0867665111873041 -0.0848826100227013 0.0750506238453195
0.0490097871100105 -0.107678666770831 -0.0414297966626523 0.0776984039456619
0.0765743017706125 -0.0932798309231484 -0.00786419489333074 0.0722519176909593
0.108371673989323 -0.0817272527610673 0.0335719166355085 0.0783577686268065
0.146522034734668 -0.0256644894659317 0.0543114830018786 0.116287851932789
0.15229090754182 0.031797347350845 0.031346271738532 0.152353294448924
0.116082122336808 0.0994811289648388 0.0415089706266951 0.145178980639029
0.0954310792122862 0.158447684521372 0.0536664787119731 0.108622194384877
0.0388603662215542 0.225414048156016 -0.0370684502055698 0.0714052515311706
0.0458229782542748 0.196452465783866 0.0110525530778183 -0.0606650274205592
0.113498400089037 0.170824294917871 -0.0582556247107931 -0.171018439779484
0.149461097412213 0.11536642713044 -0.122683106744911 -0.152768312695867
0.168463979515558 0.0245943852023643 -0.177037341090584 -0.0880428342116461
0.146314830518593 -0.0390052165809776 -0.159657607867068 -0.0168221866123579
0.119221411082151 -0.0874071304867693 -0.117385476529643 0.023549072181182
0.0798958051809446 -0.108469730339067 -0.0604779434772808 0.0397832166061505
0.0802430686692041 -0.126508864713403 -0.019030686921615 0.0392635200338925
0.109689898014738 -0.0993894488062157 0.0181803205447336 0.0336835590683575
0.141899440355978 -0.0836856175371137 0.0605912994663936 0.0519208907816904
0.183647608138908 -0.0128733408785085 0.0724956040753555 0.100828401421054
0.19048481663994 0.0634823586467891 0.0295066706437392 0.141890595431585
0.130285751653031 0.147955754458099 0.0133508314331505 0.118831057894541
0.0876262884649089 0.21551887267563 0.0248885035783332 0.0498342249803125
0.0337805993678147 0.258333042782157 -0.0419176020809544 -0.0189326491508679
0.0627108311722392 0.243396053370159 0.00707987830406081 -0.131578007819983
0.155275121671605 0.208357249248786 -0.0594759554223825 -0.206365468786824
0.197466329700959 0.122394298376834 -0.115130325819079 -0.165179950675779
0.200585046772638 0.0110350059174007 -0.144713942322971 -0.0902139007876303
0.165584468478934 -0.0502465575073905 -0.11091567384946 -0.0364222538935714
0.138259443510188 -0.096494233087188 -0.0743392479947493 -0.011657572817769
0.0966118032648988 -0.114595617978863 -0.0266314444644013 -0.000474885179586488
0.100395134161002 -0.12507182430854 0.0125380387055796 -0.00192583349712624
0.131094744079703 -0.0862547192826441 0.0517925342683997 -0.0040759304990721
0.158477737870975 -0.0642915915410558 0.0921443171342791 0.0277252287737175
0.194676641556533 0.0121445872234982 0.0885050005185852 0.0862441571397657
0.196089517456787 0.0949742025596341 0.0275466446588116 0.12755443438386
0.119972063058755 0.181665183138264 -0.0143233930156296 0.0865229058704571
0.0624057751345256 0.241916584707898 -0.000371858986546024 -0.0171816553559899
0.0246809851063545 0.24623051320898 -0.0520208743507672 -0.101906112000403
0.0696136995673547 0.24280359601187 -0.0113048114683743 -0.190540517095456
0.167585627827267 0.202103267386743 -0.0612970138234527 -0.221396814325074
0.205341221480988 0.105460423328419 -0.0963330483224698 -0.16628638497291
0.195354248435876 -0.00248755576771077 -0.0993705821349457 -0.0935900270336651
0.155993354333398 -0.0535649905951296 -0.0567389849097363 -0.0598074688977957
0.133827982836246 -0.0907952425292626 -0.0281125598555566 -0.0495246695337419
0.0983571067528258 -0.103252487305959 0.0104156994654908 -0.0391013169614436
0.106216533637979 -0.104719415618061 0.0507533075528639 -0.0370942101020781
0.135088438769065 -0.0592959890119534 0.0920079922849883 -0.0303527629533227
0.154855062903136 -0.03074754492595 0.125145251610365 0.0159903383850219
0.175258202757993 0.0470288692361804 0.100472946013194 0.0796424691462179
0.168332900519344 0.121956248965143 0.0237478831098931 0.109904085221232
0.0837116767578919 0.194175025738151 -0.0321748457541777 0.0497213328705507
0.0220023834332624 0.23556941546946 -0.0152841538083817 -0.0853454036539226
0.00635656318264899 0.190405663162425 -0.0638011617330222 -0.162866818233058
0.0558230809340831 0.196020515144987 -0.0354463880735302 -0.224429153511024
0.138917384938252 0.159607423954742 -0.0576700694209289 -0.214260008653092
0.164860416650089 0.0753090093263502 -0.0705924915755181 -0.157247173715252
0.15111314102338 -0.00753841011969778 -0.0521710169895698 -0.0980632031022678
0.12121147034729 -0.0419209684143899 -0.00888327802000127 -0.0845519709727899
0.108580021373956 -0.0669156123789011 0.0123026391155485 -0.0827509657127267
0.0846967468093031 -0.0757123479555916 0.0449279345558576 -0.070703448682049
0.0944520781096531 -0.0708237553659194 0.0910606012713863 -0.0618386636412555
0.117122606714524 -0.0289959940324488 0.132250671857595 -0.0402938698852802
0.126684488326489 -0.000194300980779803 0.155131450093422 0.0205274560382926
0.132727254664476 0.0667719258034665 0.108375697414737 0.079644426676454
0.121018763901927 0.1265411577226 0.0248162173801668 0.0917663138121299
0.0398638233728092 0.178692596777546 -0.034211670907978 0.011883295243588
-0.0186913358817225 0.195336430119278 -0.0122662349507768 -0.14453549780589
-0.0203649980898901 0.103716037557956 -0.0731861537959796 -0.190015216091882
0.0226820521865203 0.119088366116532 -0.0568185602489854 -0.229312825637935
0.0785717532637071 0.0952866696354056 -0.0487539656527274 -0.193494262510531
0.0900623704132379 0.0442772725400023 -0.0475879834392748 -0.14508582573011
0.0827303228980575 0.0022937539562954 -0.016604062554649 -0.102495118836147
0.0710703973087323 -0.0144060618267529 0.0220490253952096 -0.101753685984631
0.0697970803075102 -0.0276951837447127 0.0412789633855295 -0.105439645009774
0.0577306554832937 -0.0371142220181704 0.0722685820402017 -0.0904771248866266
0.0641044701378086 -0.0334694292840833 0.124276224004476 -0.0735405240614976
0.0774252856414774 -0.00663820144498942 0.164719613217529 -0.0347778655922021
0.0807180795283949 0.0125604989701436 0.175187337409637 0.036554662743935
0.0814874229118682 0.0573678240205052 0.111063120994155 0.0851353250073988
0.0705479125875138 0.100443439489469 0.0310362748731963 0.0765990495352873
0.0037440585398775 0.133868326437093 -0.0209728893405607 -0.0177990104220282
-0.0492089264687089 0.126946128474277 0.00330824552799061 -0.187905677667828
0.0360045915466743 -0.034085945070759 -0.010318825781836 0.219288847240243
-0.00349020292611573 -0.0572858934503337 0.0179815438258676 0.068356921912042
-0.0273125840830569 -0.0476794803206204 -0.0342779568570556 -0.0641640200488356
-0.0295599291774292 -0.0104224378228896 -0.10153898301933 -0.0947794360462809
-0.0131320396961959 -0.00309244710326297 -0.181520980936416 -0.0631126918299047
-0.0129857475398392 -0.0139241705596638 -0.201509820891487 0.0219146125461075
-0.025117621472206 -0.0133930683617482 -0.15199801612721 0.0818842060678393
-0.0269877434344616 -0.00932186150948904 -0.0923821430924886 0.103802691968025
-0.0276489793503514 -0.0209430639246413 -0.0546676433993281 0.112367442979194
-0.014469187781723 -0.0328462888008875 -0.0307657872761936 0.114823335966144
-0.0018993297387754 -0.0332043579714693 0.00197764032722315 0.108112283855892
0.00444695284594975 -0.030458770523479 0.0284313056173965 0.130706470580086
0.00879760031633606 -0.0420602713399404 0.0347056828018017 0.159633651199906
0.0349296638903231 -0.0350347011451701 0.0672855045485255 0.177033076927843
0.0583904541152181 -0.0151483562086687 0.0848950557900509 0.168223788115451
0.042722144806306 0.0607803128648491 -0.0215764543610659 0.195195888920063
0.0111941898445081 0.0259502681525684 0.00946396361893729 0.0465341232370572
0.0121143554739775 0.0246820494644809 -0.0471595778230567 -0.084475430420574
0.0231710358866548 0.0373860753171505 -0.110667157172734 -0.106271699707344
0.0490776311758777 0.0125491199543774 -0.188909450030312 -0.0715159103985797
0.0450403042282543 -0.0213332601490784 -0.203463977921834 0.0132280961820787
0.026702275917316 -0.0436555376737699 -0.156084869468305 0.0736438568447057
0.00990642634177945 -0.0505676667319996 -0.0915798809834794 0.0963607215668433
0.00991659881125198 -0.0682082102267927 -0.0499498364398889 0.102782229331988
0.0324060218501609 -0.0676969912344796 -0.0213176562292857 0.10076185428288
0.0564577709139888 -0.0610208627235019 0.0140992720701572 0.0977198771438808
0.0816734584931202 -0.0278219113481189 0.0395927623855918 0.122959417714076
0.0852420835639339 -0.0027105315973264 0.0355296904595091 0.155038602474989
0.0790337602759181 0.0356566705495483 0.0634497572936166 0.161087930542038
0.0822030043239309 0.075170530637677 0.076895776020447 0.148636830751881
0.0455131619654356 0.150560852934012 -0.0272605418786214 0.141842542718557
0.0293470143726608 0.113887882940679 0.00904804217505341 0.00102166894995527
0.0614905827752366 0.0989507923620375 -0.0556382394761704 -0.12162304720169
0.0853518016299372 0.08071327847925 -0.118372126695859 -0.125833450600459
0.111079547608062 0.0215696583677572 -0.188031041800664 -0.0765740000757967
0.100364765785334 -0.0306053646667188 -0.187766098288861 0.00210365564733028
0.075755469615251 -0.0694052906178317 -0.141421475316438 0.054375432448008
0.0446479760865086 -0.0858547413535421 -0.0792863318739675 0.0732702283807559
0.043695769420778 -0.10562374453603 -0.0364083855135769 0.0758750653314529
0.0715113113302394 -0.0934824087422598 -0.00403134765052662 0.0708181565556498
0.102164015259872 -0.0825611099729233 0.0354205725621276 0.0758920579045354
0.142169959951108 -0.0290136877837514 0.0569891632186126 0.110750612967148
0.148683876128388 0.0264717139399199 0.0362204004432945 0.147924411400859
0.115589738134275 0.0946881822926512 0.0447802798541024 0.139805069762397
0.0963902947726341 0.151434643133314 0.0555417806679424 0.106556270056191
0.045489380681566 0.217922863603267 -0.0325498328640164 0.0655918267998723
0.0501247675209175 0.190466764455897 0.011439463270746 -0.0618084624047029
0.114893903686067 0.162554355331269 -0.0583771517810012 -0.165388660876632
0.149960380946752 0.108532484246459 -0.1206774311038 -0.146163536290571
0.16529917705174 0.0179321802404685 -0.172868219967736 -0.0802859220034071
0.141493314541691 -0.0428248928113399 -0.154576621158025 -0.0131560513210194
0.113198482496112 -0.0889639507654418 -0.111062681942412 0.0246781579197751
0.0732576348625999 -0.107717335601964 -0.056405633439607 0.0383302320448071
0.0727821350731417 -0.12467108649763 -0.0157081176973453 0.038171247469863
0.104198745735941 -0.100143432590049 0.0197992145448721 0.0323321896894413
0.134423296733298 -0.0854510169602657 0.0611512137398934 0.0485141518613784
0.178956214796886 -0.0182799675596946 0.0740151367441007 0.0956010915430198
0.185787211925255 0.055928341351842 0.0346607020466565 0.137741943831115
0.130838930759405 0.140830021161229 0.0168530972854777 0.114769158046682
0.0909335617852709 0.207310835543243 0.0264726363843088 0.0498730292685967
0.0413146501640537 0.249564026657356 -0.0392907745882662 -0.0206555524764574
0.0677463360244505 0.234768258363365 0.00518450802426758 -0.129039548568188
0.156298840676116 0.196058697125127 -0.060819679155286 -0.199104818373503
0.195403044479719 0.113478332731676 -0.113203929902462 -0.158841737310961
0.194863213081633 0.00496359984720032 -0.140531404141872 -0.0837965820069912
0.159106060721667 -0.0540578707296262 -0.107370406944195 -0.0333995603760524
0.130763904894294 -0.0979229860648481 -0.0706584183126668 -0.010001655165284
0.0895924854523597 -0.113630690561654 -0.0244052167904918 -0.000925412516642647
0.0923798260241552 -0.123794869976885 0.0134872847076605 -0.00233402040497413
0.125182747241617 -0.0887491838986229 0.0510376155986907 -0.00546075349430148
0.151088217074062 -0.0671086067529479 0.0910953679592012 0.0235031521500506
0.189513895180527 0.00645556881187368 0.0892532972949326 0.0809447273191881
0.192898036950775 0.0861231377926024 0.0324503808456524 0.12310044626396
0.121523615463449 0.172547291334879 -0.00991946979516401 0.0846686638088993
0.0682575476898163 0.233331065270397 -0.000183519803524375 -0.0145880092396098
0.0327416248185326 0.237538202659804 -0.0514321585528311 -0.100883279580861
0.0746931722826825 0.232232974923861 -0.0143745630251167 -0.185719526719115
0.167297512361511 0.189668311794011 -0.0632486091596022 -0.213541313020878
0.201368376396754 0.0969337176114292 -0.0950805727560129 -0.160284679547151
0.187885188298163 -0.00877452229032142 -0.0968359613628343 -0.0879135484567319
0.149875385890681 -0.0568040810165226 -0.055967902248688 -0.0582063310695427
0.126134845654024 -0.0922542297016223 -0.0280996431778759 -0.0471156160786472
0.0915868257941996 -0.10293274460331 0.00989892029334723 -0.038862709064367
0.0985846867520073 -0.104062720004996 0.0487840931374852 -0.0376917156748254
0.130148480074188 -0.0616998357376948 0.0890012130887468 -0.0318915680973556
0.147947775129497 -0.0339616153254977 0.12342078883629 0.0114787719606299
0.171453665153841 0.04079282660351 0.100900471303512 0.0744299619572524
0.166629704770952 0.113256722304944 0.0286641538219699 0.106953009634441
0.0862854680349741 0.185655094135958 -0.0283272414934752 0.0496762423409792
0.0290050109820725 0.227656857744682 -0.0153614596429401 -0.0803298513729165
0.0136929401809319 0.183376972762342 -0.0647480611481481 -0.15893377854079
0.0605685854971693 0.186892854636802 -0.0397321265185906 -0.217983023344084
0.138510060137741 0.148848501606106 -0.0598249460047378 -0.206654492183863
0.161039435682383 0.0687305645766262 -0.0699912085862783 -0.151601895117127
0.144975522362332 -0.0112011103855438 -0.0515842938415794 -0.0944245712134824
0.115755629641924 -0.0435107366816318 -0.0106665094497596 -0.0828371440162362
0.102606334861271 -0.0681769584150015 0.00946669486492787 -0.0804558203982415
0.0788574716688536 -0.0755008329012932 0.0427782734789651 -0.0694732007898071
0.0880862988902958 -0.0705910763254336 0.0868772171926758 -0.062135627923609
0.113188194297201 -0.0317083594754377 0.127532642268967 -0.0429750902881939
0.122535739936554 -0.00340609822974232 0.151369084092819 0.0151734981422864
0.130669142519626 0.0610298843200313 0.107500728859007 0.0747892493669829
0.119813768361254 0.118826981659321 0.0284764023396839 0.0894794791387819
0.0433540463426018 0.171100829726837 -0.0309344561492 0.0135178637745224
-0.0118502665824934 0.189203529806274 -0.0154220954267133 -0.138125602725972
-0.0149426920012796 0.0999194018171895 -0.0754290797443191 -0.184691935604691
0.0254041231032454 0.113178618341517 -0.0603079513587767 -0.221273560501542
0.0780136324335095 0.0885836159264049 -0.0511016206586281 -0.187180637585884
0.087056883755582 0.0402863226812061 -0.0486041642519268 -0.139990499199761
0.078781552171223 4.48580931530387E-05 -0.0182057234174463 -0.0999972933227601
0.0678808163141445 -0.0155615534512102 0.0185188938106649 -0.100387862664089
0.0660878104993628 -0.0293172349095319 0.036363320290114 -0.102750338572675
0.0538142314128848 -0.0371768878833801 0.0681063887927705 -0.0885191570577363
0.060827282218404 -0.0337603993905593 0.118548007797749 -0.0740723905866725
0.0744434677491241 -0.00849180175231904 0.158293383998682 -0.0386012608835204
0.0780682077277284 0.00988529405205966 0.170586904997679 0.0306378959451632
0.0798794706110047 0.0533426508551243 0.110603591467337 0.0796085589758181
0.0697951314438642 0.0942534844759502 0.0337256977442826 0.0746932567893991
0.00656645484808703 0.127495518054784 -0.0203168284143523 -0.014708213455007
-0.0426395352292662 0.123659532684706 -0.000770235837696489 -0.180386371185011
0.0338577382289154 -0.0334538844328813 -0.00478417068087124 0.21323240175394
-0.00458520269612728 -0.0538439537586161 0.0205516933722029 0.0641398233495206
-0.0272619977742242 -0.0447193207853451 -0.0343206066403824 -0.0634197880090206
-0.0278280141509994 -0.0101995923262545 -0.102829281945129 -0.0918091162411522
-0.0113549728704798 -0.00359215103170073 -0.180597536869429 -0.0573598204462636
-0.013442169032881 -0.0132338350058075 -0.197357564454835 0.0270826365735803
-0.0250039385160019 -0.0132150215845673 -0.147317090587746 0.0840529890551032
-0.0263639556917014 -0.00876726868810833 -0.0886679474913975 0.103957705947829
-0.02722086394734 -0.0195443533160417 -0.0502187092236037 0.112335882232127
-0.0146110163621907 -0.0324010660853825 -0.0268229589460895 0.114177875291215
-0.00239310638003615 -0.0327587073342628 0.0042983697206357 0.107185443343134
0.00463779459499876 -0.0301187716311439 0.0313821173494166 0.128034361514768
0.00821575023648518 -0.0408247479991763 0.0380733553617353 0.15698243639368
0.0337641495529664 -0.0341746207927636 0.069500383991506 0.173101495771333
0.0556809363726688 -0.0160864420323347 0.0880889638636732 0.166348503581859
0.0429595719600665 0.060337064850877 -0.0161147225072683 0.188877788633115
0.0122789632551614 0.027907809418694 0.0113065140962993 0.0432009804022161
0.0140316446760078 0.024959207670969 -0.0472871796575986 -0.0835653925019438
0.0256436137579876 0.0366533683534529 -0.110282474500871 -0.103783498288394
0.0500063926402912 0.010237805581006 -0.187950107672404 -0.0655774195724173
0.0444834654119019 -0.022542111670723 -0.199607641989595 0.01828963072906
0.0256091821911224 -0.0441532191765253 -0.150961414229641 0.0752415889399737
0.00875769756804103 -0.050010573721549 -0.0876010261517467 0.0957737608718534
0.00793499415327001 -0.0675701392746896 -0.0450693667278678 0.102325465814782
0.0305568109856336 -0.0677012227029895 -0.0171464953723901 0.100409146217027
0.0545301359032641 -0.0617310038820458 0.0171918989297751 0.0961942733474968
0.080854439963567 -0.0297383990021769 0.0428822374112988 0.120608186652427
0.0838721009946572 -0.00387070616143507 0.0395991847883584 0.152169143857645
0.0791263427970383 0.0347609253445504 0.0658928910863568 0.157407710118681
0.0818155273044342 0.0721934554864405 0.0797195537484574 0.14656130077892
0.0493351765634092 0.14730638007937 -0.0225660658993178 0.13687411141665
0.0318468858006203 0.113868276189644 0.0110908542990354 -0.00108544588049666
0.0635561872571331 0.0969185617344163 -0.0557611837999382 -0.119361392106371
0.0881633649864647 0.0777302257666009 -0.117333719217606 -0.122609360296811
0.111179084011774 0.0170794821393865 -0.186251926417939 -0.0704065006535512
0.0988091686363373 -0.0338107501832913 -0.184268999992626 0.00661007485040292
0.0732797567421725 -0.0714695885899538 -0.136590361809931 0.0556536200499571
0.0418284750894561 -0.0858093324212325 -0.0758856876962898 0.0720929210773451
0.03967028063732 -0.105677402596203 -0.0324910127955721 0.0755462750595753
0.068755061333069 -0.0942067061442924 -0.00092687133003276 0.0702169056190843
0.0981448746636013 -0.0840570297725491 0.0373532591417338 0.0741445978784848
0.140302680293012 -0.032338584384271 0.0595687316748699 0.1081496608617
0.147226400614158 0.0230826459910345 0.0411098655458986 0.145087907236601
0.117062871092317 0.0921022969784562 0.0481855892987397 0.136652691372019
0.098674831771732 0.14761803376538 0.0578023307272085 0.105980476001943
0.0506939079630285 0.213815096322098 -0.0295703035298032 0.0618871545287071
0.0540176894237644 0.187479471461818 0.0114518440093849 -0.062795526980485
0.117154706931414 0.157456819810094 -0.0589503537761426 -0.161760327999287
0.150969154643421 0.103587031473844 -0.119533190120271 -0.142365235626676
0.163738245019442 0.0126546030380821 -0.170563024801475 -0.0746144816088905
0.139059191383797 -0.0466303943337433 -0.151400971880073 -0.00964586356446742
0.108608159779327 -0.0919688351542218 -0.107672257445739 0.0267699227017017
0.0685002376609538 -0.108035504399262 -0.0536137679210992 0.0374348318386121
0.0674102437624653 -0.124769977693114 -0.0131903283187546 0.0367961724417025
0.100987205256107 -0.102476071864363 0.0214813498325107 0.0314327485293493
0.129634577507706 -0.0876813372851458 0.062307335823985 0.0456678510304233
0.176724907448442 -0.0230600306860866 0.0759677305503266 0.0920401945107353
0.184648037370848 0.0498483522243765 0.0396903997266329 0.135197343069864
0.133035534839401 0.137124219535159 0.0209324780523685 0.112791670669149
0.0956554816042668 0.202545913673813 0.0284574039038289 0.0509295419551154
0.0487040193566306 0.244185837718412 -0.0380284673205918 -0.0232290848221055
0.0725901533516269 0.229708021256393 0.00395451514991813 -0.12848712651567
0.158096330883735 0.188176234646283 -0.0620629983732484 -0.195073980477536
0.196225073253004 0.107886871177674 -0.112388255128048 -0.155593373823577
0.191729456793533 -0.000292034341249981 -0.139207689920558 -0.0787864508429571
0.156364430120023 -0.0581088778950401 -0.105695084887042 -0.0317835879543468
0.125908136849223 -0.100886207381919 -0.068726394864346 -0.00847361785730241
0.0838537054136011 -0.114244392023758 -0.0232293605717643 -0.00188286616375045
0.0860863542449531 -0.124451062686167 0.0142281183625503 -0.00382864616027309
0.122245033538607 -0.0913577234029085 0.0512133310045302 -0.00644758030892536
0.146918644111395 -0.0704003225440896 0.0912410917574074 0.0213290881675965
0.187366633874465 0.00169228072887055 0.0911630416442826 0.077709445146412
0.191656513701166 0.0800057869149615 0.0373939372846227 0.120916480686655
0.124635086146227 0.168114077364278 -0.00637155439052305 0.0837791115346034
0.0739437625206931 0.228899830376464 0.000974905616909602 -0.0123254188290883
0.0404716087196476 0.232136973700363 -0.0522752571362514 -0.101755724058085
0.0790074779957083 0.226188252057543 -0.0178309931272807 -0.183511436644697
0.16838742795006 0.182051307742628 -0.0645203199757641 -0.209271084905484
0.200749958607002 0.0914866571966885 -0.094529001643493 -0.156703854899359
0.184177359043511 -0.0132038060922657 -0.0961029037960508 -0.084587969356462
0.145864003427258 -0.0604323279621594 -0.0561104927789213 -0.0572062960807869
0.121271020144943 -0.0947680492862262 -0.0270400214593612 -0.0456111450798128
0.0862401166704391 -0.103228502350171 0.00993935329107646 -0.0397606266493854
0.0928632215565575 -0.104634949492931 0.0486326925170018 -0.0386782012147119
0.127196775185416 -0.0656180941245266 0.0870138352378573 -0.0339590499513299
0.145052856854701 -0.0371826598938239 0.121982372706162 0.00746001807367581
0.17120068048471 0.0361283205765888 0.102235106978616 0.070334850024617
0.166521087014876 0.106392265823674 0.0328300796986888 0.10523318985133
0.0900197403259389 0.180649911678842 -0.0256604873441732 0.0496995228039652
0.0359313631281948 0.223641959131042 -0.0163154754232347 -0.0770006501194115
0.0199703465687415 0.179474614026554 -0.0669936334534606 -0.158396949200219
0.0639164182065687 0.181324985839144 -0.0429488099490453 -0.214276829658163
0.138763114199616 0.141381057962415 -0.0624503680849286 -0.202645447652576
0.159110283578716 0.0635704411795564 -0.0710394746473654 -0.148860975134901
0.141340643720103 -0.0152769734756786 -0.0519303700150808 -0.091878001066242
0.112407646089673 -0.0461048768536999 -0.0124821388966234 -0.0830777327171615
0.0983126689381636 -0.0701795953559774 0.00838964929827435 -0.0792094808031697
0.0745128566206526 -0.0762364189635644 0.0409081367688099 -0.0701481534609317
0.083941411074037 -0.0715851486050565 0.0846356548633716 -0.0634915199238323
0.111013725464965 -0.0342914921602084 0.124772012450018 -0.0454359833473449
0.120796544439731 -0.0062377484478798 0.149433733760607 0.0101975120524481
0.130843131252034 0.0571123132562854 0.108911345537498 0.0713127994549251
0.120284892500087 0.113203081434838 0.0315728125643643 0.0883398604056471
0.047114235731706 0.166860517084035 -0.0288280508953669 0.014972956045418
-0.00519558238995992 0.186976353028236 -0.0170377839262643 -0.134435522848388
-0.0108245561927487 0.0980690518426697 -0.0773151453724405 -0.183340862420014
0.0278761074334063 0.109432450804277 -0.0645027418416383 -0.217868373674199
0.0777346329597917 0.0836020444529289 -0.054511755272278 -0.183262824821921
0.0852847442880969 0.0378092464401012 -0.0494585078644706 -0.137903015467611
0.0760281172956493 -0.0018334865625768 -0.0194514951783172 -0.0986732807631499
0.0656312111782316 -0.0169765320807492 0.0157319677792779 -0.101180554498039
0.0635646118272995 -0.0304755414531822 0.0335633865766391 -0.101830750011803
0.0516871952146893 -0.0376599881237506 0.0653162355358599 -0.0891274424990135
0.057883150047121 -0.0342731312242208 0.11545634925935 -0.0752103994299816
0.0732717709217945 -0.0102176069374431 0.154733749514954 -0.0421279796008849
0.0771837337560189 0.00778891892341421 0.1687287423952 0.0248314806039706
0.0806629723170512 0.0510933435767964 0.111910106768763 0.0768223970315534
0.0693470873794459 0.0914792473334722 0.0361444598315309 0.0740836434308464
0.00963170360764855 0.124524504260088 -0.0191407599483333 -0.0127717549117437
-0.0378232903691894 0.121788647358861 -0.00501949922673552 -0.175948168966319
0.0305997601281713 -0.0332497842579435 0.00362041498142103 0.209296188950857
-0.00576770697382703 -0.0516857385000501 0.0237618955295853 0.0603358498918525
-0.02784894617392 -0.0420312418417783 -0.0358159161121722 -0.0626512040760302
-0.0261466779814581 -0.00899819732451362 -0.104891575615675 -0.0881536294728791
-0.00962285827195722 -0.00430739815212969 -0.182174397687341 -0.0495873788102702
-0.0129143988060802 -0.0130662482168448 -0.194839087255093 0.0351554844772431
-0.0253713075918467 -0.0119544072641528 -0.143128939745478 0.0880553886153788
-0.0256645642929269 -0.00736191948687323 -0.0846138940758654 0.105396565627386
-0.0275438197145217 -0.0188284405497821 -0.0445416739038095 0.113716554399485
-0.0160619131288967 -0.0315969314556784 -0.0215826465727141 0.11560637011134
-0.00340582376506325 -0.0329858966517585 0.00799641448650368 0.107745122681987
0.00459240578036842 -0.0305953403566315 0.0358384109098107 0.12619585438468
0.00639730183417439 -0.0399342370620941 0.0437786003416642 0.155101358069492
0.0324953085378398 -0.0340340500861079 0.0737816374589808 0.169645792595176
0.0532482895932996 -0.0180669881562441 0.0940122684098512 0.164736182175941
0.0449701156824391 0.0592130011073269 -0.00894024339497312 0.185006421991836
0.0139647451592398 0.0291088900661379 0.0137252209554637 0.0404993479998704
0.0157980083862388 0.0254488535200051 -0.0486712064665909 -0.0816984424554741
0.0283788503755769 0.0354939521374131 -0.111895433596056 -0.0999070407946747
0.0515220724257092 0.007270941467356 -0.188304298157315 -0.0581940561101783
0.0444927460907768 -0.0249743689784093 -0.196935592703922 0.0260443728880017
0.0237516917399879 -0.0453065775377109 -0.146417658330385 0.0797974650740123
0.00666955636496772 -0.0504535333469286 -0.0834496412931902 0.097056126014324
0.00537527039639884 -0.0674627391951581 -0.0393065423878738 0.102923768333659
0.0277600888466997 -0.0690446684937499 -0.0121276138907418 0.100443604488739
0.0511084179265789 -0.0636707266600841 0.0212213675369821 0.095571648188212
0.0797374543905111 -0.0332372058864163 0.0481707329201028 0.117983068385905
0.0832089703052627 -0.00686097195141757 0.0458071861037268 0.150155296040591
0.080479391271406 0.0325909825464619 0.0710658831422528 0.154002483272647
0.0837704233170956 0.0693116139510014 0.0859448469277779 0.145132856788845
0.0551889533797201 0.145693064869128 -0.0163305518649244 0.133138483971654
0.0369467241990843 0.11368331320143 0.0121019548235136 -0.00373684268053428
0.0677176969996122 0.094365573776916 -0.0575225186761404 -0.117013721783315
0.0920932915081666 0.0748611943134431 -0.119006858549472 -0.118998327532103
0.11270880533564 0.012035582117775 -0.186464462600212 -0.0629850633440793
0.0978461370402151 -0.0381082326869191 -0.181902636183277 0.0127589689794681
0.0697287439893856 -0.0747763912979495 -0.132420240122057 0.0599741090184552
0.0378574193222551 -0.0863858801698058 -0.0722218888206388 0.0725715940629429
0.0343190325244831 -0.10587383834427 -0.0278420398594499 0.0750996791527616
0.0648916349926825 -0.0968958976353103 0.00359291168743163 0.0697650251084968
0.0936297484355372 -0.0875374339115344 0.0411918315550434 0.0726616285249518
0.138782046973842 -0.0383537858807953 0.0643279724433614 0.104901730301837
0.147090801217262 0.0172846853105278 0.048202426925573 0.142806236803469
0.120063945058196 0.0876929891743743 0.0527816064852922 0.133900672483011
0.103414749497048 0.143459961976756 0.0629869015155847 0.105310384495337
0.0600021533508562 0.210096981783432 -0.0256963736260226 0.0587009247436436
0.0616005788994794 0.185251113677017 0.0103928878085325 -0.0642404500873469
0.122458404614646 0.151697320434788 -0.0623010336184656 -0.159362097506807
0.155617480325778 0.0979163619000939 -0.121269485208216 -0.139510959013893
0.163558819151709 0.00620392360402453 -0.170808053926348 -0.0683455443579194
0.137063765345321 -0.0529687145466544 -0.150516697140266 -0.00533690620494961
0.103744187795909 -0.0961719510848851 -0.104605758216937 0.0298551346522503
0.0631551202441863 -0.109622253520048 -0.0511660264190196 0.0372943903163936
0.0606716028694043 -0.126473692362125 -0.00982280633969314 0.036562709003677
0.0964793384620599 -0.106872346875556 0.0240017861526742 0.0301810707648428
0.125254836103997 -0.0921588835397482 0.0648238531358392 0.0436000309550122
0.175173424581982 -0.0301543107833624 0.0801752868236746 0.0892688564840929
0.185546951270609 0.0427228486915104 0.0467884001864682 0.132658483021222
0.13882126019932 0.131778184734152 0.0252148505524985 0.111304970951483
0.10331445186521 0.197607743338104 0.0309957728823262 0.0512841420435942
0.0593727144483425 0.240034528223283 -0.0374662440185466 -0.0257799889908522
0.0816859608844411 0.2250651827088 0.000277199745546927 -0.129448134811925
0.163632116079788 0.180827315239196 -0.0662490203749047 -0.191828443225838
0.199855500119905 0.101201417894517 -0.114467374827317 -0.152587818751787
0.190314489510518 -0.00833991863536293 -0.13913047986419 -0.0732868941472525
0.153380853240666 -0.0643054433198389 -0.105768746519346 -0.0283252482793904
0.119567250544142 -0.106495798242556 -0.0671936130445507 -0.00655854784447195
0.077592871115978 -0.116929021086748 -0.0225225897943508 -0.00206090163527969
0.079597700064844 -0.125967927238563 0.0158144436270787 -0.00490536999752154
0.11771916992793 -0.096786246759972 0.0517279147010334 -0.00867262359067646
0.142442775795403 -0.0753671703021107 0.0925673931792241 0.0173903369622123
0.187556237637631 -0.00705735809973266 0.0944659140246169 0.0737035527685579
0.193566900094716 0.0713661865686688 0.0443408122585431 0.119171134235862
0.130598302597488 0.162090187550852 -0.00188018221795249 0.0832154379151976
0.083571238646939 0.22434819261368 0.00175957677551455 -0.0104317424272794
0.0510446865567284 0.227423615445648 -0.0547403273361199 -0.102245385619567
0.0879464345264913 0.221991401056727 -0.0226946734915865 -0.18292616396242
0.17311254924918 0.172487944174639 -0.0702035086813721 -0.205190299403093
0.202457114512798 0.083622351357396 -0.0975621033116666 -0.153711971323369
0.181242627575682 -0.0199364437230988 -0.0965440057723216 -0.0803892138481306
0.142409873054036 -0.0658318561789347 -0.0571106173716743 -0.0565746943235605
0.115381959969638 -0.100244404253192 -0.0276383738063434 -0.0451304996337817
0.0803665821139633 -0.105484554507631 0.00898580162927664 -0.0407769595736856
0.0873814815892003 -0.107140019885668 0.0476649169944585 -0.0411617648500332
0.124050754075937 -0.0710195986478638 0.0860435541550287 -0.0379704096960427
0.142217362927008 -0.0426030308114907 0.121986735132189 0.00260781921738878
0.172498103687882 0.0285734199050074 0.105282926760376 0.0664719308749715
0.169590244020285 0.0989414886627681 0.0390438781080557 0.10400904770478
0.0968434830588575 0.176326596860548 -0.0215878351982471 0.0499185366970971
0.0452832655524151 0.221052385115864 -0.0179592357616788 -0.0740877004033099
0.0287063649207996 0.175540271028015 -0.0717747405598528 -0.157426005986483
0.0708233330415258 0.17703688361763 -0.0500690044633149 -0.212161053133134
0.141478532711495 0.134175095413672 -0.0673128176667729 -0.199383938924107
0.159971663540135 0.0583908618732557 -0.074109765218599 -0.146470215278292
0.137850785997693 -0.0202750801557663 -0.0525943091089246 -0.0894606556351136
0.109370443434277 -0.0497978361525095 -0.0150848645042086 -0.0836112760504147
0.0933916152363766 -0.0742293180645789 0.00625469462176555 -0.0791468388190336
0.0701664907551976 -0.0782195343978987 0.038539298752753 -0.0714751755306023
0.0794826238550595 -0.0741746552194012 0.0819095542389416 -0.0660806360764754
0.109427847872798 -0.0395923719494466 0.121808024775482 -0.0501502502529531
0.118860487873216 -0.0107651546676962 0.149653288838538 0.00462929034528974
0.133602882990302 0.0515368646442818 0.111984807393918 0.0671293950206406
0.123225227620621 0.107639361975264 0.0363969510697563 0.087087385713114
0.0529810220462505 0.163233818729291 -0.0270763881573692 0.0164063439225236
0.00360661741422198 0.185028058824922 -0.0217100276204061 -0.131521087869634
-0.00510744376088331 0.0964340892095952 -0.0833094102231195 -0.181218318347413
0.0318596374950752 0.106167275810023 -0.0713937216188824 -0.214165731590001
0.0784136432199506 0.079213269276371 -0.0601323202374375 -0.179941842746156
0.0850919445176039 0.0351880503572252 -0.0534027721645529 -0.136137058455474
0.0745484231799165 -0.00499801173456577 -0.0217409898010522 -0.0976966310232912
0.0634694072750495 -0.0189990248095657 0.011873119730672 -0.102154197679164
0.0606516067624306 -0.0328338318716589 0.0293208121915312 -0.102169291320725
0.0487402312564868 -0.0387814572505368 0.0622664445486533 -0.0906764550308056
0.0551420669290505 -0.0354858892533389 0.11187282294802 -0.0797970501989295
0.0727745337416225 -0.0133481402563077 0.151773713780898 -0.0478427893561133
0.0762804825219563 0.00509764866934035 0.168738560801067 0.0183174608966119
0.0826129562585469 0.0480928006644767 0.114231352918541 0.0724806232804829
0.0710800501572397 0.0872379355076027 0.040230036443643 0.0734442418106896
0.0141710252092308 0.122086822477018 -0.0185395914073194 -0.0112045944458227
-0.031808270043517 0.122004668857564 -0.011065453309884 -0.173131103302891
0.0281375192423839 -0.0331043385231454 0.0138453534577464 0.203581997801312
-0.00691457961306722 -0.0485843159779797 0.0264127455295809 0.0562138919772007
-0.0279235537964886 -0.0384109485874535 -0.0374995127118531 -0.0613716527765754
-0.0250907157845136 -0.00809680668723357 -0.106615932187878 -0.0828843104503218
-0.00855422230324189 -0.00497204526650828 -0.181481749342943 -0.040018253287256
-0.0132437075447088 -0.0125340975939892 -0.189056041776305 0.045537072295771
-0.0255013168457103 -0.0109380399775689 -0.136797686729382 0.0939128960951159
-0.0248827853072959 -0.00646505408691196 -0.0787372384326452 0.107633608649539
-0.0274239237866959 -0.0171434114885283 -0.0368393164211301 0.113862594866201
-0.0175490163424125 -0.0305289756174576 -0.0143740234452081 0.115738876580138
-0.00510275499245698 -0.0327909654603488 0.0139785202975054 0.106019664602254
0.00344459301566251 -0.0311703680739465 0.0418772407501355 0.122298098059708
0.00518456675337256 -0.0388505804114662 0.0504337958903828 0.150525476655487
0.0306404362162115 -0.0346908715309044 0.0806083486387132 0.16388907044796
0.0496338627526362 -0.0203604914437303 0.101360174282574 0.159349262521542
0.0472913896399803 0.0568896346268322 0.000868002477592419 0.179730577169394
0.0166312676327045 0.029992822399091 0.0165454186738229 0.0369792638833735
0.0182948473784996 0.0253619488873144 -0.0501823012820352 -0.0796929207681715
0.0317361730829531 0.0331805789726291 -0.113740547368442 -0.0949256123943187
0.0525431500001762 0.00306186255152594 -0.188133502709562 -0.0477922633082074
0.0430908806957905 -0.0276616936956085 -0.192138726874303 0.0361471935111755
0.0205729699213484 -0.0463963662307643 -0.139809616941638 0.0855714864274342
0.00434059140545492 -0.0498938110885043 -0.0781385581280746 0.0988817949375893
0.00093956825770709 -0.0662696284160065 -0.0322821155467498 0.103063655539399
0.0235456134423741 -0.0701025527133426 -0.00529707750360539 0.100137895353676
0.0470285032943071 -0.0657435575303364 0.026246644298141 0.0929804610656386
0.0777015833348156 -0.0372709463745133 0.0538520172207335 0.113366306321807
0.0818682669219021 -0.0103554549506884 0.0533161459192641 0.145449248690827
0.0818379799419424 0.0288984165150915 0.0763796463338564 0.148094433653581
0.084541544623338 0.0642484824656655 0.0932371190816094 0.140569929546983
0.0620136263707418 0.141046392052028 -0.00957185193225867 0.128252154905371
0.0428618304103162 0.11154992584169 0.0123217111031153 -0.00572498813534474
0.072129077942563 0.0900988263777082 -0.0608840092397715 -0.11327330003932
0.0963901835294242 0.0688418840940718 -0.121263587708665 -0.113346796884971
0.112457717796603 0.00510603340705596 -0.184843962732811 -0.0535657415604769
0.0946825520232835 -0.0434765229992232 -0.178259336510815 0.0216483805629266
0.0638871114309117 -0.078088719613741 -0.126700216125478 0.0648344241142376
0.0328778096436908 -0.0870491472714617 -0.0677665742738924 0.073633213162896
0.0273812373168726 -0.106026989716169 -0.0225390939495015 0.0747771230573225
0.0590628700740032 -0.0994762971211216 0.00797719088710703 0.0682155499786013
0.0872677201186055 -0.0907480472605645 0.0450399938891569 0.068857873684812
0.135493024447771 -0.0456935185909474 0.0693987955157368 0.0995048972025331
0.145909746456636 0.0094796172910469 0.0556141607763025 0.137638973757334
0.123769568940186 0.0816152656780958 0.0586169501700588 0.128758002898968
0.109762766078892 0.136148211016789 0.0687776560718744 0.1024148699052
0.0706805889515614 0.203703019368015 -0.0221588950212326 0.055459120852187
0.0702305190589034 0.180167045058512 0.00797821891533321 -0.0656399262482743
0.128364092423304 0.143165452637501 -0.0665807850379533 -0.154335619698949
0.159714045851119 0.089837341277928 -0.123754759710269 -0.133451170809955
0.161372120682637 -0.003176092138659 -0.169227921690308 -0.0582976444733408
0.132458858603183 -0.0600543215589732 -0.147855891916867 0.00189419873703264
0.0967482359064201 -0.10110599562445 -0.100366881173626 0.0339111091510438
0.0561216361999244 -0.11135589614029 -0.0482254824587029 0.0377876353152767
0.0526455120248891 -0.127005575596198 -0.0070227581326478 0.0353736589338873
0.0888318515935884 -0.110906176733783 0.0260764217494963 0.0285734696959201
0.117409855935807 -0.096543285024059 0.066413291503383 0.039604960284969
0.172121408702112 -0.0394163766105697 0.0844586824783455 0.0829743103877074
0.18451968996392 0.032234103591553 0.0551648682503542 0.128301145210846
0.143989306246786 0.123407509338138 0.030820272949834 0.107472527075018
0.112876825412953 0.18882533731103 0.0348641672369916 0.050834215823749
0.0722045217755901 0.232308221406612 -0.038421751453484 -0.026569013713938
0.0919046264240374 0.218321933876158 -0.00533206528234669 -0.128613699206554
0.169575696084715 0.169545404567686 -0.0724183190999082 -0.186054789762419
0.202712004955903 0.0901479107573368 -0.117900458372403 -0.146255617827938
0.18672240764378 -0.0182474887181123 -0.138731553736701 -0.0656069013290635
0.147085111631212 -0.0717894548944127 -0.104752303566675 -0.0239116298856224
0.110943374321242 -0.111766715051883 -0.0653393926495488 -0.0040558457196787
0.069747490806452 -0.118456968772437 -0.0220042539259438 -0.00233505683678418
0.0702245855019989 -0.128125140977299 0.0159537619639558 -0.00634213168493861
0.111207432630047 -0.102330045754636 0.0515488246892953 -0.0111606864887356
0.135966572991517 -0.0815222698635683 0.0921510709877037 0.0120187716900594
0.185787565804949 -0.0172230732838463 0.0982559178980027 0.0673007838364866
0.193605998079069 0.0594580772063881 0.0515500937698067 0.114817286751004
0.138290197122105 0.153529840063305 0.00300150015035992 0.0817904370998343
0.0950316814888089 0.216089356501514 0.00241042786617469 -0.00854072993823505
0.063707466302514 0.220426699487713 -0.0584642763986181 -0.100849086987672
0.0980150295393319 0.213269034000203 -0.0308316560834495 -0.179809835170616
0.177750832895137 0.16067504604532 -0.0768985795993891 -0.198381488901407
0.204191994153175 0.0734909242921217 -0.101429774391856 -0.148614838538008
0.176521405604831 -0.0290735791388402 -0.0971763100374097 -0.0754126543697269
0.135908788713448 -0.072283671984799 -0.0589373296042436 -0.0540682009608877
0.107220397429455 -0.105308580803439 -0.0290435331362639 -0.0437171794858752
0.0721408057061331 -0.107520886331827 0.00708551304787843 -0.0418315012867802
0.0788563236297321 -0.109475722100864 0.0454066647081966 -0.0437086176046938
0.118826721453158 -0.0774336619416659 0.0828771058423791 -0.0417705933526178
0.137092114015496 -0.0491923569102471 0.120795217970993 -0.00375311329855368
0.172481840704804 0.0185657207349282 0.108008397115867 0.0599063621036285
0.171571499746503 0.0877052444781123 0.0455299249279836 0.100310516953112
0.105497071527764 0.168189498161782 -0.0181469656762494 0.0502899898163561
0.0582160365497436 0.214034504475269 -0.0201101725521194 -0.0706800100504209
0.0389672802957848 0.17012594874261 -0.0783777042669855 -0.154334600027899
0.0781045569251936 0.168953856881192 -0.0597160349565737 -0.206433785454166
0.144723521760696 0.123589977749398 -0.0744084334287165 -0.193083221905534
0.160029789194289 0.0502009155834585 -0.0786721244127726 -0.142467527989818
0.133382551357833 -0.0262417934579209 -0.0548657809435203 -0.0863931906256253
0.10387788099008 -0.0544452873788529 -0.0190930006034754 -0.0826593462252678
0.0874425283238196 -0.0777880778475662 0.00281164395159036 -0.0786942477809843
0.0636465822365712 -0.0801024343464429 0.0351140699870111 -0.0731958655856387
0.0735658352964117 -0.0767975882764352 0.0778460450935324 -0.0701697176283087
0.106018261041862 -0.0449168827282925 0.117384064406963 -0.0559216631900824
0.116052012108267 -0.0165269626368141 0.147827290519797 -0.00320961228819086
0.134378409337609 0.0439892361804626 0.114392805123771 0.0606596298349775
0.125792607280508 0.0987610902499252 0.0431438066145721 0.0839408306361485
0.0608207579522635 0.157290213360204 -0.0248159568259802 0.0170197016958649
0.0148131206092679 0.181382686796779 -0.0268949391469242 -0.126760747133333
0.00183897533484492 0.0938985857061515 -0.0919009338290024 -0.176802912218531
0.0364939043928121 0.101790783228623 -0.0813582143344442 -0.207416176445857
0.079610017615745 0.0721947659679757 -0.0673183001695135 -0.174270206033859
0.0853095231666336 0.0309881708457831 -0.0586056974355631 -0.132258826184494
0.0714709955886606 -0.00804248022261691 -0.0248148723819042 -0.0959698368387211
0.0604742761742605 -0.0219791343405107 0.00629223429432337 -0.102855744030137
0.0575652824010592 -0.0348900012651841 0.0238218385307053 -0.101735793931911
0.0455876934466415 -0.0400031050419927 0.0572287457739748 -0.0914253370901069
0.0515859277106097 -0.037857328305909 0.106357280939086 -0.083753357086523
0.0706659471585421 -0.0172466086752953 0.146373756306896 -0.0551848292404924
0.0749827298097492 0.00169494023807689 0.166964249272944 0.00991935025583823
0.08338927990338 0.0432262015634777 0.117148492058292 0.0660413331630811
0.0732129055099979 0.0813291585642668 0.0443773441343903 0.0708901815685157
0.0201482171167606 0.118138543251825 -0.0186617399736565 -0.00984506085830436
-0.0234167453877156 0.120578198749334 -0.0198118525554478 -0.168732182450192
0.0232667118014995 -0.0320330196192599 0.0432064854120262 0.189353504753396
-0.0116775404303105 -0.043407333792319 0.0357132408476195 0.0481544744115456
-0.0319878678704303 -0.0321907573700028 -0.0423408677492199 -0.0546577480863398
-0.0266770714312238 -0.00510624157986083 -0.1132354579107 -0.0648854800623951
-0.0126254507634558 -0.00410316421044748 -0.178893108532298 -0.0114161895248947
-0.0173389908576571 -0.00696441069518444 -0.170679707367437 0.0714920445722702
-0.0271665279184053 -0.00382347213781884 -0.114573756892182 0.110424908294229
-0.023369635643947 -0.00119173774872498 -0.059890256918557 0.112059675803879
-0.0279983251756494 -0.0109935432858461 -0.0196130036347033 0.113730760024842
-0.0204809572109091 -0.0262624783548276 0.00212632067081535 0.113207300121315
-0.00874774035557747 -0.0309834233048472 0.0270342091422787 0.100501275704701
-5.57872264570006E-05 -0.0318481167441599 0.0551408440296205 0.112818851300498
0.00136112426778945 -0.039092607370424 0.0664011163751308 0.139194208301979
0.0250339083388802 -0.0391881203971476 0.0958206016933438 0.148100112374473
0.0448583731403324 -0.0271690583044391 0.115092235329385 0.140916008771263
0.0568578288520393 0.0498273703540021 0.0239373613649644 0.167256594687496
0.0232047530678841 0.0265803471882854 0.0195682176212037 0.0311299943740183
0.0217280891642027 0.0206209071807141 -0.0611387901928814 -0.069388963982777
0.0352632791998538 0.0247725869135494 -0.125230880258981 -0.074725400085865
0.0463632445439545 -0.00598992126437615 -0.186718505857301 -0.0150835321378258
0.0334407455974248 -0.0299982206028827 -0.174941617168381 0.0648996244050806
0.0112559013340955 -0.046439634602875 -0.119983585012883 0.103713757138003
-0.00182986277985903 -0.0461083948223305 -0.0597547852029665 0.104033849664233
-0.00843529902719488 -0.0628604119854338 -0.0165213373554089 0.101787798821602
0.0133754684386094 -0.0711406974739923 0.00845476757485039 0.0979559989666654
0.0354093526228885 -0.0697419434856277 0.0372140386627053 0.087231536957002
0.0702463938802485 -0.0501031175114142 0.0637604468866864 0.103433310133439
0.0789638484605718 -0.0235106466982293 0.0676413943840359 0.132558446759546
0.0833307960711722 0.0138817053974569 0.0916429315848026 0.131164005713085
0.0912465199646461 0.0489849118284963 0.106714749888239 0.121592399120298
0.0859244138081625 0.125144958349909 0.00251761241146664 0.118753876527793
0.0609992015161174 0.0986983211175653 0.00579377758783237 -0.00922160881763388
0.0832273995843083 0.0732910366020528 -0.0789830935785162 -0.098576991364639
0.102446218934798 0.0477849295737827 -0.137705029632808 -0.0892529002163363
0.104069087631529 -0.0134548397262614 -0.185253228138132 -0.0190424910710103
0.0797130487589095 -0.0537892632258457 -0.163676852382136 0.0501500768471627
0.0472873971726802 -0.0846295455508947 -0.111580770914968 0.0842979787543594
0.0186642029790308 -0.0854855721050034 -0.0528905500611896 0.078773362520197
0.0102568603570272 -0.105039101741323 -0.0106830674220664 0.0734505051449257
0.0419907982460924 -0.105922130903682 0.0171317839635513 0.0666199132759726
0.0694997994946113 -0.100134275999606 0.0520578586472339 0.0623661468114472
0.124936356542693 -0.067309098570625 0.0754669847543055 0.0884672478846538
0.142271042796166 -0.01431299625322 0.0687245155349609 0.123768353725975
0.131385569218615 0.0584888154433033 0.0733794327149414 0.113518678067527
0.124775557100853 0.114718792837161 0.0804421942428312 0.0862361779599082
0.103900004273502 0.181612198649921 -0.0230141862998698 0.0506613256404479
0.0985634546505829 0.158194117556594 -0.0103489090991302 -0.0648770095033667
0.144348811397741 0.11286673073904 -0.0954289803999352 -0.134201642867263
0.166200045011285 0.0564571810515847 -0.145765884051649 -0.10628453151545
0.149022912521759 -0.0282908396574321 -0.170747610631002 -0.0245517717672268
0.113022201912316 -0.0754462693568352 -0.138274385338548 0.0280081702666531
0.0744408056710851 -0.113811220813796 -0.0915934201751319 0.0519354705050875
0.0369950830378156 -0.111241257475748 -0.0399401727237958 0.0426941132769253
0.0298064639124111 -0.129349373974539 -0.000573080446557525 0.0343941499784041
0.0687384141184489 -0.122224160003658 0.0283115771985033 0.0258666526900658
0.0969527491169435 -0.11054842397885 0.0693393389792257 0.031461260770978
0.160895442468368 -0.0675440941014691 0.0878034533633247 0.070628694545784
0.18288908393071 0.00124894468719643 0.0656113655551359 0.113426626462383
0.157123961333222 0.095487716358704 0.0455704104430256 0.095383952998925
0.135574437468539 0.165527703369081 0.0439441512101697 0.0404754121175433
0.108740129653614 0.206766318868157 -0.0509033017826942 -0.0247654540675948
0.123992624960547 0.187697831705535 -0.0350333112009962 -0.122436763265963
0.186829357075844 0.130778940290877 -0.106981097881922 -0.161861310880294
0.206548003165151 0.0492934609553072 -0.143358580891501 -0.117073320435704
0.170644125505131 -0.0468538497240093 -0.141844622845405 -0.0349861806782313
0.125623632690496 -0.0896531551852005 -0.101546070849918 -0.00254614517709395
0.0867683061153656 -0.126960851086627 -0.064420566175449 0.010847740579998
0.0482587687864435 -0.121089016609628 -0.0196201188797772 0.000651011189993192
0.0469561351032015 -0.133761172070852 0.0154782711101655 -0.00879169316801703
0.0902984038571346 -0.118127774873192 0.0466811970917928 -0.0156857781060665
0.117013906295937 -0.0988195659502865 0.0895215968237569 0.00155350183799215
0.176928887842224 -0.0480192070516907 0.0988704198414445 0.0533842413958005
0.195243377932661 0.0259506810600919 0.0612258363308653 0.100021146896715
0.155853400645127 0.126061865490484 0.0165654649417786 0.0736911410729689
0.122408923548899 0.194083029407908 0.0065679538215722 -0.0125395045577762
0.0979106724488929 0.195879771233535 -0.08026637000443 -0.0929762197954976
0.127046894637444 0.181301868045168 -0.0665182788794871 -0.166596016960483
0.192379623941518 0.120321744954169 -0.113319502721138 -0.172796464073537
0.204361671109966 0.0331279374919171 -0.126843817900354 -0.120829049899404
0.159467975761523 -0.0555161037033664 -0.10280107584821 -0.0507768036093369
0.115296256870198 -0.0892350536897988 -0.0626288922955093 -0.0387204733382723
0.0838301387636282 -0.120076055618414 -0.0357214379235514 -0.0324532632047146
0.0526057842166743 -0.111836621965935 0.00289148827653732 -0.0402608742313096
0.0576688500811198 -0.1178536020166 0.0388395829969778 -0.0478759296174658
0.100877567019265 -0.0950791358338914 0.0733364567902624 -0.0488488872675147
0.12266047259834 -0.0687410846957442 0.114106054998553 -0.0177598792305339
0.16980178023565 -0.0116238516921972 0.107521960535003 0.0445471976431156
0.17720828419993 0.0563983471572682 0.0542717455418122 0.0863966036907536
0.125795538517381 0.144714067356269 -0.00730203040756779 0.0469827870684558
0.0861857865401387 0.197713200751094 -0.0217329796949916 -0.0677664125723137
0.0645295636462267 0.151497231682913 -0.104026691337632 -0.138724765703798
0.0992157261409666 0.142897231251493 -0.0961970706469443 -0.18738399169457
0.154340356476609 0.0910740207284176 -0.10786250205036 -0.167242592800464
0.159177769980929 0.0185495729495726 -0.102484258375247 -0.11895233224925
0.119918236901486 -0.0467690894156129 -0.0650021507198408 -0.0702122786455918
0.0875497795741892 -0.0686737088346367 -0.0302477100124594 -0.0731485478045352
0.0694361743130439 -0.0910049481218424 -0.0110706554838727 -0.0712108064139464
0.0478690288028197 -0.0847756447564753 0.0243198060600632 -0.0733136401576534
0.0569466919082186 -0.0857116234683224 0.0661179052483104 -0.0767715472999033
0.0931189215316407 -0.0623146163441843 0.103821797445269 -0.0674732408055488
0.107604291508592 -0.0348855841385539 0.139699254911875 -0.0212336939030167
0.137535029007997 0.0186591209324873 0.114388971590804 0.0433706993254914
0.134780829331239 0.0741330486271565 0.0506281528999688 0.0717283939945689
0.0812010581778909 0.1406993859383 -0.0177277569944036 0.0167290572878568
0.0391928141876804 0.171646630722696 -0.0357072880577103 -0.118521637118021
0.0142496410794209 0.0850121771548496 -0.116295032261684 -0.157038885229313
0.0468473935106056 0.0859481722549918 -0.113634367681017 -0.185236452894509
0.0837839077483399 0.0536940248467752 -0.0937803353721795 -0.153554331180261
0.0843845281441638 0.0128932097562237 -0.0798657289222467 -0.115674972653934
0.064438649327526 -0.0200672162518638 -0.0384108532183688 -0.0857518301136078
0.0520761805131284 -0.0313148718685144 -0.00999794448270028 -0.0969741674627289
0.0484988941546243 -0.0450636653939275 0.00595063255438333 -0.0984692365902971
0.0363653918095397 -0.0454107010202853 0.0419933846427162 -0.0948762872098646
0.0433330786061546 -0.0454331563379284 0.0916872821282214 -0.093669439315496
0.0642991169453774 -0.0295880894503944 0.132745204898472 -0.0698278199882138
0.0710457051376094 -0.0111710999787898 0.160096046894392 -0.0113716505793094
0.087508128627486 0.0264173618727448 0.118912565658606 0.0488713558686755
0.0812336696268642 0.0650128643682433 0.0519574554477355 0.0603695311633255
0.0356426780026606 0.108788641397482 -0.0152968280442741 -0.00793659406281024
-0.00659816867346458 0.11876405839911 -0.0345745242644126 -0.157877154847905
0.0204003044157044 -0.0303775959613397 0.0466182700478154 0.177262147155614
-0.0114676895027929 -0.0401482940580188 0.0341308933358024 0.0438729413049581
-0.0296072563850017 -0.0293163170530772 -0.0418513476851316 -0.0516118943155253
-0.0246302806425197 -0.00461838890117649 -0.110278882627702 -0.0603410109967398
-0.0119752305160283 -0.00470412615485833 -0.169994225218007 -0.00500750957988825
-0.0162395432343142 -0.00673455740221676 -0.159843029977732 0.074220265562537
-0.0257576593358922 -0.00297923041257158 -0.105713940743565 0.108615918140186
-0.021562802795651 -0.000826566342817084 -0.0545747238863539 0.108886231868074
-0.0265908784039224 -0.00981078307336436 -0.014555214535713 0.108238603609204
-0.0201686868820382 -0.0245104524154638 0.0064629840426185 0.108603665484474
-0.00948213700607952 -0.0299226624685284 0.0288690605870027 0.095049530945188
-0.000507886827222917 -0.0308583492134326 0.0555572148361074 0.105152193152532
0.00124019306541699 -0.0365726513483894 0.0663657521527212 0.130965091801521
0.0228039873297408 -0.0377067616851032 0.0946263692564289 0.138586439368458
0.0404668052477912 -0.0261857404052633 0.114378423077812 0.13197356946288
0.0557906578599462 0.0458556855149027 0.0272290472126253 0.156411502889624
0.024266991450016 0.0253768119279312 0.0188549074686558 0.0276047342525478
0.0229099360239506 0.019271307083232 -0.059287749050379 -0.0653720399898273
0.0351396928118395 0.0220583111403719 -0.121200236714521 -0.0697444679280427
0.0445942775840925 -0.00838584472413945 -0.177348844454501 -0.00944631657125433
0.0313290990891755 -0.0307135587652743 -0.163580092105044 0.0669411886467723
0.00922217120893092 -0.0447313288896525 -0.11013006708756 0.102283150838495
-0.00276445183439605 -0.0446325483217014 -0.054826824813672 0.0999786438594587
-0.00951412903507698 -0.0594829917045703 -0.0120738710254768 0.0968116339779443
0.0102038291351963 -0.0682640716885576 0.0118392897278985 0.0926109482413287
0.0315477586544073 -0.0674151451619567 0.0382512139622635 0.0818815160737715
0.0660289028236149 -0.050668261260738 0.0634949100817427 0.0958031633742235
0.0748789565980052 -0.0246675152080023 0.0684230985498674 0.123986698025169
0.0801478622206813 0.0111829225549857 0.0908823499335314 0.122795594808917
0.0871410233282676 0.0442931833809616 0.106007415810244 0.114144480708158
0.085859444137049 0.115825473695349 0.00509426718691644 0.110036738450035
0.0624913506997034 0.0924664942162366 0.00509078987840665 -0.0102044197428871
0.0820496599595981 0.0681095490606371 -0.076831506676596 -0.0935594813503521
0.101147967913314 0.0421748312916429 -0.133934408665958 -0.0840837175200831
0.0994785213378405 -0.0166524892260092 -0.175843391433122 -0.0131536180935486
0.0751260453924418 -0.0547365058405078 -0.153875122901183 0.0522149443252011
0.0417768217033753 -0.0826443166493302 -0.102639600821518 0.0831779354566289
0.0153076261302857 -0.0827490729962016 -0.0490894584697308 0.076069729273235
0.00633980373537503 -0.099621499677031 -0.00729622633600029 0.0690374206197495
0.0361923303971441 -0.10281782819381 0.0187107333079691 0.0629058546018092
0.0631780977119073 -0.0972411677707426 0.0516088013387154 0.0577254404344887
0.117243075400875 -0.0689239467999209 0.0753110811178325 0.0807906778295343
0.135382940055327 -0.0178574613551047 0.069344318645687 0.115069199516197
0.127391962611166 0.0515588291623139 0.0731016552216115 0.106625312172648
0.122199017277147 0.1051930318803 0.0803444370167198 0.080963713052957
0.105599261455964 0.169208690484002 -0.0209160840024255 0.0461473622552241
0.0992185379521854 0.147355801996287 -0.0114153337852093 -0.0626321053406002
0.140741974288849 0.104481683300167 -0.0927694270016566 -0.127057616053015
0.162344578061454 0.0483293420595769 -0.141349645960351 -0.0994841172781586
0.141591034797201 -0.032130864760558 -0.161807704276219 -0.0198877255263874
0.105610518227717 -0.0762521900928587 -0.130154867283143 0.0295861821751195
0.0663393495116183 -0.110490734454115 -0.0847742396032437 0.0510164270102231
0.0319930261017033 -0.107174942735827 -0.0368645327035182 0.0399579182129375
0.0234936188859768 -0.123230848682802 0.000787293531572858 0.0315415250677902
0.0611379089810634 -0.119656033766173 0.0285291820423308 0.0235155527913833
0.0889051601933512 -0.108079720592387 0.0669235808905102 0.0271381613067697
0.151500546846016 -0.070144102390987 0.0864248908064857 0.0638907682927588
0.17432550453463 -0.00487935794939635 0.0669957210271964 0.105577727567773
0.153254109509157 0.0861702272190222 0.0460834976545089 0.089175171583765
0.134625179627977 0.152626019514259 0.0440238912314191 0.0381075531201069
0.111012449962803 0.19167599725743 -0.0498699274667701 -0.0247346046199018
0.124554661321305 0.17447830232635 -0.0366732438836497 -0.116511275809063
0.181485720421693 0.119308173322638 -0.104218520983131 -0.152453583183561
0.199589012581546 0.0403912420495938 -0.13894088766425 -0.109517602851165
0.161295977256565 -0.0491343803593084 -0.134064116935666 -0.0310329153364086
0.116689383034633 -0.0900578005009042 -0.0964007912129602 -0.000208735864488054
0.0769757161507545 -0.123869769507022 -0.0596508432200904 0.0117839658448182
0.041944856820776 -0.116128156286344 -0.0190210838944333 -5.56105207226243E-05
0.0394185279822753 -0.127513200158858 0.0152339510372803 -0.00926817708508464
0.0816704569672786 -0.116021233431297 0.0444019131661085 -0.0163673729887495
0.108331898057213 -0.0973859127423497 0.0859769670867136 -0.0018601829921441
0.167585953331811 -0.0518523720689707 0.0961271660370025 0.0470707555241619
0.186690334593823 0.0182722258077071 0.0625061136421958 0.0924709303334166
0.152382250524568 0.114299576728893 0.0180751964359187 0.0693604729487936
0.123525077370067 0.179475715810909 0.00718514542811863 -0.0109376163552031
0.0997596936833431 0.181311234337489 -0.0801708526195611 -0.0874386074299413
0.126445146076187 0.168205676221038 -0.0679196969409318 -0.157257354575971
0.186038989275763 0.109021752072911 -0.11093461560028 -0.162338028435802
0.197516500308665 0.0251249564930071 -0.124052566826118 -0.113614430850913
0.149801497466405 -0.0577143107986214 -0.0977231528801473 -0.0470077619880485
0.106696686446332 -0.0886134267376359 -0.0610559546618109 -0.0357254699879967
0.0742598941315499 -0.11728389938792 -0.0337953899221617 -0.0302593392862588
0.0464496521230529 -0.107247608755377 0.00117591147638593 -0.0394911702004277
0.0500018355394805 -0.112889111004396 0.0360448918131179 -0.0463413227499195
0.092627003393737 -0.094810089426237 0.0675127682355965 -0.0486053755597926
0.115291417412348 -0.0692824581626812 0.108126326251535 -0.0204919339838654
0.161684470083265 -0.0169732049887734 0.105028853452276 0.0387087176786843
0.169810454203392 0.0478838108501912 0.0557673810377768 0.0796943310874493
0.124342507585151 0.132955725753925 -0.00472990299211217 0.0442521984189679
0.0890294074564152 0.183663340630372 -0.0217917239438969 -0.0629727916808326
0.0664528328158877 0.140370766237161 -0.104406231751862 -0.131237505862443
0.0991223145040036 0.132229203639286 -0.0967545632692192 -0.176281889012311
0.14902811958555 0.0823072946938345 -0.106274168902677 -0.157514191686163
0.152705570996672 0.0131198437499471 -0.100870920907437 -0.111753008715068
0.111985225593923 -0.0477679879928358 -0.0629857750653314 -0.0660899942391557
0.0814238553550302 -0.0677268540104396 -0.0311384617302348 -0.0695676508023928
0.0617732416322692 -0.0893944858000846 -0.012242307311598 -0.0683011506532119
0.0427697879142596 -0.0816983502325535 0.021207950914334 -0.0716255998452238
0.0514317736793558 -0.0826465062443641 0.0608869205588946 -0.0760624266462635
0.0864351055211489 -0.0628572856442624 0.096341530111092 -0.0673239350523814
0.101675626987023 -0.0361884238703978 0.132446683285175 -0.0249683834395982
0.132263561963111 0.0126095160775784 0.111190018616162 0.0379503651833303
0.129516481333278 0.0664086818123046 0.0517076667917768 0.0661865015112672
0.081524399131509 0.129960949332433 -0.0157745117769888 0.0171664223014121
0.0434239077135872 0.160669813513348 -0.0366573148906166 -0.11135201208734
0.0170640078867474 0.0787949943278302 -0.116741836427139 -0.147700312963519
0.0475069264690871 0.0792735601024007 -0.113480452542687 -0.172496493184471
0.0801089501887438 0.0490744044143963 -0.0928859943030043 -0.144072485243386
0.0807871996825707 0.0103680485766604 -0.0795093519307534 -0.108119071060077
0.0602722852145849 -0.0202952360083415 -0.0385144926457624 -0.0818074977772871
0.048105602873768 -0.0307634455257096 -0.013067939437418 -0.0935358990817938
0.0440425694832414 -0.0442442888239808 0.00264862387968898 -0.0937865902097239
0.033347718772836 -0.0431719723374107 0.0376686121745479 -0.0912063932709754
0.039069964186775 -0.0439783447294829 0.0841656287460455 -0.0917676269452544
0.0599874289460844 -0.0307281861097408 0.123230629314703 -0.070271537170039
0.0675766167369056 -0.0129229637564783 0.152202862805896 -0.0157388622086454
0.0843916181106986 0.0216973802468652 0.11527561660318 0.0432127780751634
0.0786267098341088 0.0596779026398743 0.051904333662372 0.0553982930761946
0.0368922740210781 0.101635623385009 -0.0143589955555132 -0.0069208672659472
-0.00174481367377223 0.111524847878021 -0.0371136301760221 -0.147719167938703
0.0187995322791463 -0.0282324599067626 0.0450882722372361 0.168240961644526
-0.00983137586198877 -0.0382970753179102 0.0330775922751419 0.0410917457795206
-0.0272828843628948 -0.0280031432442726 -0.0405101014938256 -0.05103307804407
-0.0224616635158434 -0.00518188731296733 -0.106992234945285 -0.0589639689777909
-0.0114830623504303 -0.00608026601165541 -0.163805340680017 -0.00398574591451641
-0.0152700105273274 -0.00672644053045602 -0.151541092382858 0.0720442783892449
-0.0239346568995716 -0.00216791797833855 -0.100941326568725 0.104895713011013
-0.0202525835390866 -0.0013489716371833 -0.0532543577151656 0.10526846302513
-0.0245956764961935 -0.00911013621628363 -0.0131367672374139 0.103672232240149
-0.0196139332335548 -0.0233249950048864 0.00746852612201686 0.104373635456264
-0.00940182161676555 -0.028720910716745 0.027511462807265 0.0914213576999284
-0.000103489688779657 -0.0301280623664129 0.0530274869254908 0.100073021621462
0.00178241578687932 -0.0351912656293029 0.0636869047393628 0.12633979336041
0.0214310341981523 -0.0361455991962339 0.0907224043985081 0.133766985799989
0.0378093622525115 -0.0242887076996745 0.111042246684526 0.127182297133178
0.0534772446847225 0.0435763658117156 0.025830709934365 0.147905519659651
0.0245311721284451 0.0246390294340998 0.0180381298109588 0.025938198048613
0.0237650506262658 0.0185401929105559 -0.0570180473764472 -0.0640321495424131
0.0360107786007064 0.0203050170017063 -0.117098550594147 -0.0687819353257877
0.0430840822344159 -0.00969241720459315 -0.170524157962455 -0.00884683113589407
0.0307662697233219 -0.0309509604363017 -0.156144144632349 0.0650596501909831
0.00850628080096945 -0.0432170119688926 -0.104567438670839 0.0983872561972902
-0.00291603161444254 -0.0436738712277451 -0.0533458484688741 0.0963144705143106
-0.00905132179193818 -0.0572324801451897 -0.0107370209731576 0.0919105693950742
0.00926530612601253 -0.0663009919798948 0.01245641101892 0.0893357672165294
0.0298474558686247 -0.0649801735664457 0.036909396140849 0.0785947417728884
0.0634842783026762 -0.0492661387956044 0.0616104317075281 0.0910269702751565
0.0721243386726426 -0.023909241871128 0.066043038757263 0.118894082652741
0.0770676941373344 0.0105117091878346 0.087152549431052 0.118053300585338
0.0831597291650082 0.0424140466816528 0.103002369331426 0.10942387187487
0.0828099357467815 0.110241007112797 0.00449939042148871 0.103967139331685
0.0618692090002212 0.0893907232797339 0.00521706170900223 -0.0109535636831468
0.0803468649510233 0.0647464417754378 -0.0733048162300023 -0.0907663963551283
0.0993361630036869 0.0395856542100275 -0.128996480720271 -0.0826798876785182
0.0958841083747031 -0.017375369945497 -0.168223221111398 -0.0130370361228346
0.0725207317892829 -0.0541998255943054 -0.147212091627461 0.0505732855840834
0.038926389165049 -0.0797604007646709 -0.096877297168869 0.0795267984210611
0.0143701520258602 -0.0795052030269336 -0.0480725122563248 0.0722894692802835
0.00563347930352713 -0.0955005813909717 -0.00659236863734134 0.0653716939465125
0.0339030521000768 -0.0997358713742436 0.0188028150535837 0.059752866516298
0.059998075628894 -0.0939962446563555 0.0504413792765315 0.0549049051374211
0.1119335981639 -0.0672771496315996 0.0727898737911788 0.0767304282462299
0.130308863821558 -0.0180788280599365 0.0673817094094507 0.110415049476319
0.122835666355571 0.0484354867036592 0.0700886487499437 0.101804416035802
0.117277318818633 0.1004700730942 0.0785857221273239 0.078129114191379
0.101953278284503 0.160056580512692 -0.0213007716893682 0.0424479941270844
0.0961866222032413 0.141260792775176 -0.0108543060161772 -0.0608564222477182
0.136888035796387 0.0996038372306308 -0.0878334931533789 -0.122915281942762
0.15859623302411 0.0456133869235773 -0.136184101444739 -0.0977244023312709
0.136980904608331 -0.0321256931479158 -0.154630859097789 -0.0196516938587889
0.101913833339453 -0.0748392274137294 -0.124779617520121 0.0287544116594942
0.0625339203168674 -0.106741536435401 -0.0793046488494501 0.04815521738156
0.0301990185798551 -0.103324056908528 -0.0365604021693402 0.0382421517468686
0.0219378296839176 -0.117934798000853 0.000925350492203894 0.0290875590837913
0.0574602513082063 -0.115847470000349 0.0278661803799359 0.0220359384635192
0.0849314460276504 -0.104279692036004 0.0647686158551102 0.0255788442862218
0.14552675964818 -0.0690932508403331 0.0841606046194547 0.0604641059038756
0.167156381977541 -0.00558580998277883 0.0652829191045346 0.100433158781326
0.147994135752224 0.0811313072670654 0.043766845742451 0.0857426345716732
0.130047017317146 0.14484954149745 0.0434327633135668 0.0370075597439258
0.108024066875547 0.181547419366374 -0.0491494861355974 -0.0256422231517474
0.12051124236631 0.16709921844698 -0.0347415960439444 -0.111884365487518
0.175225125936918 0.113685049952531 -0.0989314613548258 -0.147676092659422
0.193743618090243 0.0375496497710453 -0.1339972233265 -0.107333349687162
0.154956856256029 -0.0483757760867033 -0.12769477497662 -0.0312012483288059
0.11200911363573 -0.0873078140016642 -0.0931586612046674 -0.00106934143931118
0.0722342039673734 -0.119153713487389 -0.0555862735885641 0.0103349207739209
0.039680323047244 -0.111757833169398 -0.0190067068397453 -0.000962242821322589
0.0364993004485696 -0.12143283324225 0.0146754672330034 -0.00980034666810959
0.0772211373608162 -0.113350413519534 0.0424011549517838 -0.0164880693768669
0.103797755976952 -0.0943425910783411 0.0824958634055883 -0.00289204238925087
0.160553933875346 -0.0521034732715121 0.0932758760557476 0.0445320728773067
0.178290812445649 0.0161120936157019 0.0608917114709825 0.0879708985561655
0.147659368218259 0.107870386857213 0.0176274470699452 0.0667004249226745
0.120043662638062 0.17062471492716 0.00771156162822274 -0.0105067196187918
0.0972145237165042 0.17149979194567 -0.078538538002428 -0.0854048177903454
0.122846443934888 0.161049905316134 -0.0654421467555621 -0.151197230450025
0.178437608276989 0.104056106744191 -0.105263626792535 -0.156625516578327
0.190735231861973 0.0231941037157431 -0.119698966001911 -0.110092112010995
0.144423519722554 -0.0557998937920806 -0.0931947944431192 -0.0472483621912227
0.102294726520452 -0.0856566032400526 -0.0592733540414253 -0.035345077182223
0.0691881280110287 -0.112367681789565 -0.0309575806252124 -0.0301012811412058
0.0432633432337632 -0.103212095079648 0.000721066920441569 -0.0386747192697753
0.0468766170319106 -0.107212631901493 0.0344103084965464 -0.0460562225853857
0.0879039377918827 -0.092288814772992 0.0645391223915359 -0.0475092099130269
0.110264062788701 -0.067072535471399 0.10376260048412 -0.0206468138460565
0.155112722316539 -0.0187791000914405 0.101477452206339 0.0362379107445464
0.162218337556089 0.0449324161239905 0.0546926326714647 0.0754902424869938
0.120871768178053 0.126472945631299 -0.00477940238291163 0.0426828061333358
0.0871271714641868 0.174796648021781 -0.0203033776334957 -0.0598395165910386
0.0654675776903405 0.13259703911627 -0.10188052281491 -0.126362632539591
0.0958700334146836 0.125922644988526 -0.0930754827129497 -0.168733875812251
0.142186459380333 0.078912813603794 -0.100666114498168 -0.151789360518782
0.146929610666478 0.0122645631648103 -0.0973692383123356 -0.108450926191751
0.107331513237392 -0.0458443345943592 -0.0597681073800441 -0.0648558084695284
0.0777951953809156 -0.064814674624141 -0.0311475807238919 -0.0686705366578853
0.0579373425923888 -0.0855939841607236 -0.0107628366965723 -0.0655014756827803
0.0401091471979115 -0.0784822180527943 0.0199444466640797 -0.0694661324728418
0.0483616690548196 -0.0783836107347136 0.0585734670686973 -0.0732286437673258
0.0822400222795116 -0.0618666963071941 0.091817267256083 -0.0647958182533372
0.0977427218623422 -0.0350803924853765 0.127319644543853 -0.0246982018211514
0.126683295111249 0.0101154125673411 0.107489760824199 0.0359505493560374
0.124046661085936 0.0625107545941712 0.0506077681701924 0.0627629012276418
0.0786485275419748 0.123692160934645 -0.0154318194494916 0.0161733270401657
0.0433783917906518 0.1524152320186 -0.0350281058042868 -0.105575327597643
0.0170491594465865 0.0750536563780783 -0.112851126293547 -0.142957676709105
0.0451482364614776 0.0750141570238886 -0.109409365781762 -0.165090005954096
0.076531301329627 0.0471872537597883 -0.0892693001452202 -0.138914667973594
0.0784318045866444 0.0100318896459925 -0.0766222401920058 -0.104614680071471
0.056892805318877 -0.0195707346621403 -0.0370851888616124 -0.0796083889415003
0.0459313927289673 -0.028485966683913 -0.0139940979803122 -0.0910257964284324
0.0411373024525356 -0.0428030262123894 0.00303981848684689 -0.0899386867897232
0.0314435854038291 -0.0421026594168827 0.0361324535207011 -0.08818662081871
0.0371460084309986 -0.0417951609002985 0.0806096153597765 -0.088508079114298
0.0570459353319216 -0.0305825025931306 0.117158781372257 -0.0677908498849945
0.0651834062956859 -0.0130469289979148 0.146260745907101 -0.0159274773852308
0.0808843142814502 0.0202729368097297 0.111394797797852 0.0415118025396865
0.0748435948092037 0.0569951613238764 0.0505877781589008 0.0530300173788739
0.035361745063508 0.0959469655106252 -0.0139595885038907 -0.00592545190723348
7.24002580791321E-05 0.106133800936123 -0.0359142631040053 -0.140141007143283
0.0182406022296534 -0.0262085639673363 0.0427799916695088 0.163745807910514
-0.00890229176299107 -0.037160096779213 0.0322259106108613 0.0397425024650723
-0.0251849372213754 -0.0281306798697379 -0.0399800700033827 -0.0517941641915336
-0.0212593801766484 -0.00558167826667955 -0.105784542994829 -0.0597252062162773
-0.0106628306553698 -0.00689199838080812 -0.161368411177195 -0.00566949002598084
-0.0140501883198563 -0.00774144189469935 -0.149109095360744 0.0694117115944893
-0.022840250036294 -0.00229616592134513 -0.0998172042774642 0.101999453057917
-0.0194716924389646 -0.00223432839943296 -0.0534400791068223 0.10321050690612
-0.0236067559877922 -0.00997030466521764 -0.0140862097536117 0.101137487636545
-0.0189228606374995 -0.0232324451782493 0.00696801109834602 0.1027378572233
-0.00923128463753943 -0.028161449995304 0.0261380171367722 0.0907201733452473
0.000713991524451902 -0.0295226712164631 0.0495648627962701 0.0987119620168769
0.0028184469028755 -0.0344079710035216 0.0614442415678503 0.125589545943265
0.0213778139551074 -0.0347716714666354 0.0875795663436112 0.131941328057745
0.0363649259191625 -0.0225939388590895 0.107960829526385 0.127152568678711
0.0519871769272206 0.044229645618369 0.0235196845346078 0.143898555175491
0.0248635374549071 0.0246078550756331 0.0179600650415054 0.0248035401704141
0.024399042568846 0.0184425185857553 -0.0552176200408715 -0.0652563629386132
0.0368673363937825 0.0193672277249054 -0.115686776636165 -0.0702000273514841
0.043063878463376 -0.0101454917077452 -0.167068867097668 -0.0109287168075459
0.0308169983369676 -0.0312032872337588 -0.152648483826286 0.0621227992214015
0.0089127682008556 -0.0423993098307186 -0.102733833437991 0.0947982974717959
-0.00225868867286922 -0.0433821224431868 -0.0540354029485073 0.0945442709882091
-0.0083902841313702 -0.0560605193907249 -0.011474160086064 0.0895321792099548
0.00933199928341742 -0.0653558494461758 0.0120821983715394 0.0877988755888928
0.0295110820732333 -0.0638966250257179 0.0356943791487876 0.0776697783774004
0.0630958931918529 -0.0484953211641227 0.0586621104599062 0.0897378412523404
0.0716511736865407 -0.0231404443686454 0.0636969686295194 0.118438975625199
0.0753405443792331 0.0114910974300167 0.0842088065412511 0.1173933534599
0.0805041942619251 0.0426289802906236 0.101047217466117 0.109395175552907
0.0806517421014774 0.108773586733027 0.00236423134954578 0.10007774775237
0.0605915685376799 0.0881683459056847 0.00561536330696428 -0.0111096598201336
0.0793410277274053 0.0649843192085869 -0.070245315293288 -0.0919538897013518
0.0997833679450756 0.0391386303101971 -0.12670045889065 -0.0846099488441352
0.0951350605189088 -0.0173996347623315 -0.165205151269741 -0.0152779491252415
0.0723705140145616 -0.0541276083526343 -0.144404971450969 0.0476335305841522
0.0388108444030499 -0.0780602251909721 -0.0947425833678598 0.0760825912666644
0.0148214335829953 -0.0783934699378174 -0.0489663635956839 0.0707324946784297
0.00591969723427157 -0.0933193065568246 -0.00731607723698109 0.063384810188958
0.0337935725611147 -0.098180606747454 0.0184381288562155 0.0588225359547615
0.0598946750758876 -0.0915515391209354 0.0491493045508656 0.053924912509646
0.11109330093067 -0.0662176459987112 0.0708748126515024 0.0761974283111544
0.128448561622659 -0.0170505016203739 0.0651021781682908 0.10915262968286
0.121011815453097 0.0489159691959026 0.0675599217022916 0.101217779812945
0.114126485108553 0.0992651206407876 0.0769798283683115 0.0780820028482608
0.0987717189182168 0.156938377719464 -0.0219286942879653 0.0400480913834157
0.0944167228294104 0.139474008631145 -0.00951722256932029 -0.0602962307716858
0.134024174405486 0.0996527051710539 -0.0838167277197112 -0.123618199558134
0.157174887705469 0.0451560102020089 -0.133530593451284 -0.0990561134348163
0.135606769337054 -0.0320502006157335 -0.151498159498027 -0.0224642199291812
0.101406512846155 -0.0738632176430236 -0.122460688378982 0.0260289703158366
0.0609470075102842 -0.104787799778038 -0.0767730787719914 0.0455832107112497
0.0298273317587572 -0.101856953656771 -0.0371873465852739 0.0362058215275944
0.0226149536135034 -0.114661083105901 0.000666412166470054 0.0279732092319252
0.0571410612572843 -0.114296636531264 0.0272541431166234 0.0220237157331065
0.0843928832310659 -0.101910528009228 0.0637433055477503 0.0247747695679012
0.143660088340778 -0.0679771114148801 0.0819183422283564 0.0592897572733123
0.164190050869113 -0.00439949024185549 0.0635598437216914 0.0987223518815893
0.145270240721065 0.0807904711317292 0.0422365127454769 0.0853428560231466
0.126997248177498 0.143233164591657 0.0433022997909111 0.0372487799365167
0.104613173348052 0.177899734394526 -0.0491677746043848 -0.0271193664159597
0.117745619223988 0.16542274529646 -0.0325745750003569 -0.110744245078413
0.1715685372841 0.114222267459448 -0.0944535171898229 -0.148273191271716
0.192563262433596 0.0378055130267322 -0.130980373256202 -0.109242173464186
0.153194525347084 -0.046803397002515 -0.124920500032291 -0.0335014641144023
0.111654041923016 -0.0859506808205475 -0.0918801872447112 -0.00294737046521355
0.0697830382925429 -0.116788515545515 -0.0530450365449156 0.00861938215356801
0.0396122524657321 -0.109542952685432 -0.0198724563580235 -0.00201756535453387
0.0370041995512025 -0.118218404677307 0.014220235750882 -0.010101397286174
0.0757041565615012 -0.111307336628751 0.0419102833981869 -0.0155135080743508
0.102305101973932 -0.0921377830871401 0.08134088867223 -0.00219253634555338
0.158223059525226 -0.0507634599792017 0.0918310155341136 0.0437543580529081
0.175481298330431 0.0175982402551237 0.0594196947480256 0.0861558939171648
0.144441819130099 0.106918827523035 0.0165254336206198 0.0656069576743736
0.116573848330413 0.167496250838652 0.00854713704898474 -0.00909895793685609
0.0940809277451497 0.166931559980746 -0.0773070010555586 -0.0855107887354733
0.119461400935087 0.158096490636643 -0.06236193514346 -0.149112963452016
0.174760207141523 0.104204385322734 -0.100598399417073 -0.156711213295571
0.189357212128629 0.0238834862084789 -0.116943472611311 -0.111585479629265
0.141955489375065 -0.0537502699744897 -0.0903833552727996 -0.0490718506912447
0.101666119209701 -0.083502157956286 -0.0582855287069207 -0.036500637790135
0.0673315379708594 -0.109877941460357 -0.0288961653722314 -0.0307697566743088
0.0431606836217586 -0.101475507843089 0.000278539012149225 -0.0387420416983299
0.0467332307109632 -0.104400245575799 0.0342180184271625 -0.0452387371230268
0.0865614982635496 -0.0907198325790609 0.0635947033341225 -0.0458853764672039
0.108980147336726 -0.0653078478648254 0.102798180647482 -0.0203470509827566
0.153423769645744 -0.0176977048965025 0.100097719494402 0.0358801890163128
0.159388456643586 0.0457786270177058 0.0532454144122574 0.0738188330127461
0.117976057411447 0.12405935445016 -0.00505377331702072 0.0418157842863254
0.084692223096121 0.171330010806635 -0.0187870819499392 -0.0582386757397187
0.0633844790200558 0.129208074597906 -0.099539443728832 -0.12642969976881
0.0932092226733188 0.123764571212864 -0.0896456661023706 -0.166696949965332
0.139074731276828 0.0788530825167833 -0.0969411638167429 -0.151586724138255
0.145795933919 0.0127543058362361 -0.0950339852448109 -0.109022923466826
0.105871269625943 -0.0441134208671367 -0.0578381353615658 -0.066199950390037
0.0771699875797338 -0.0631994171589896 -0.0313269464972397 -0.0682183963392471
0.0560556672631122 -0.0833350367416942 -0.00915693080545142 -0.0653509183066088
0.0400973437196523 -0.0767657943247093 0.0196860036081172 -0.0683863379108339
0.0476950662801617 -0.0759604134221807 0.0582491143761045 -0.0714350514599262
0.0803092473831886 -0.0608099935787108 0.090461973529094 -0.062490474546267
0.0961199580348262 -0.0336222939057179 0.125640169566289 -0.0236325508481292
0.124848983971958 0.0112824974695794 0.106118280572167 0.0356943954040938
0.120482103656592 0.0626717649918101 0.0494833816726192 0.0614953556957025
0.0762138015341568 0.121072051534552 -0.0152955806136157 0.0156937499356864
0.0419707275929647 0.148982226296805 -0.0330665777575106 -0.103015528672585
0.0165314153326005 0.0720201387314426 -0.110525380934133 -0.142113775426985
0.0442671098614156 0.0736211856570093 -0.106072068653357 -0.163967037930222
0.0746394065149096 0.0470834568315928 -0.0857312397075693 -0.138184997236399
0.0768517173826381 0.0100833851919195 -0.0748305855980895 -0.103808232624512
0.0561767876259838 -0.0183499608132462 -0.0355122452375314 -0.0793872875664314
0.0455670599821609 -0.0274515540960429 -0.013714158061004 -0.0901083626464691
0.0395644760845199 -0.0416199894828933 0.00419252128274391 -0.08810373151982
0.0309589529656612 -0.0410877537213302 0.0361406092544224 -0.0872263275486969
0.0361117205043847 -0.0400820305701141 0.0804429015602524 -0.0859460962788705
0.0558774310300016 -0.0299511549641387 0.11537529944391 -0.0648595471840532
0.0636472279050146 -0.0116647557755069 0.143659089108342 -0.0147530258489919
0.0794872675797227 0.0202975447947355 0.109435770261223 0.0417282418546876
0.0718868719932056 0.0569266571336758 0.0498278988424441 0.0520503663981089
0.0332940576780867 0.0937908477237311 -0.0137767892397319 -0.00569198558036396
-0.000803284941379645 0.103116772854498 -0.0339514618000643 -0.137031623029086
0.0181376903242286 -0.0251152290493957 0.0424787927816054 0.163938129063861
-0.00797160854141029 -0.0372591147151006 0.0328862492325312 0.0398443064013556
-0.0239957133846043 -0.0288433048029391 -0.0406024366224489 -0.0534744928269376
-0.020505794553828 -0.00632668540906609 -0.107760450255521 -0.0617302211324032
-0.0105482785845842 -0.00811771751845951 -0.163362715774389 -0.00576774465012945
-0.0144075011838847 -0.00864042149450265 -0.149515844718273 0.0701179709859625
-0.0229183720635546 -0.00195620292547507 -0.100561247064809 0.102204409188805
-0.0196996494297449 -0.00253660932664073 -0.0548691317845103 0.10488384019318
-0.0232587734936395 -0.0104309215774738 -0.014861098697128 0.102394086687869
-0.0190890018057581 -0.0231202429348928 0.00748040078916281 0.103986559326486
-0.0092286027546127 -0.0288373156319242 0.0254724832175186 0.0920239623418073
0.00122352105741257 -0.030647968528601 0.0490202158804648 0.100373131640469
0.00362578390402777 -0.0348939311707297 0.0609682477809637 0.128110693897381
0.0211572753032005 -0.0340050999236596 0.0878801597923748 0.134722622197123
0.0360141556175191 -0.0220311848450268 0.109312041583801 0.129899561371736
0.0520776287494641 0.0454923235246277 0.0232666355632344 0.143239059856484
0.0260394580815564 0.025521697788286 0.0190053761757582 0.0241512636113547
0.0258994694571049 0.0190313001794072 -0.055498575531313 -0.0677015511502681
0.0393325833660984 0.0183336157658681 -0.118102220150832 -0.0721685455804623
0.0445352438999817 -0.0112392462672861 -0.169455772164941 -0.01223110340891
0.0320620742428333 -0.0327976802336526 -0.15393490039527 0.0621457390086477
0.00897711409737052 -0.0426469926951605 -0.103241746892699 0.0946624245054301
-0.00210580648468099 -0.0442187922098576 -0.0560538918464118 0.0954089377970782
-0.00813175438095441 -0.0570201091724822 -0.0123209773734922 0.0899569340484289
0.00948575737177123 -0.0659555789783555 0.0126857709464652 0.088869665227228
0.0298229527861631 -0.0642266277335501 0.0357673080362718 0.0789152707323695
0.0643064843294743 -0.0495202155502551 0.0588756951931274 0.0909506102990641
0.0730509607193972 -0.0232422372272991 0.0645303327342199 0.119785695412748
0.0764964474300563 0.0124697067339571 0.0845974778518142 0.119347966410987
0.0812281476293837 0.0438104307149639 0.102228151192644 0.112029160592356
0.0810514479019786 0.109512915501922 0.00170174678241485 0.099898552895962
0.0614295170759296 0.089787048871076 0.00665823201534475 -0.0119154896902336
0.0815199241983071 0.066036940865022 -0.070696444705195 -0.0949353762231493
0.102950373537476 0.0382015821619663 -0.129010760463516 -0.0872484036095289
0.0971567248157387 -0.0189042645461649 -0.166667190584321 -0.0176622254046664
0.0735251094098216 -0.0560179765380559 -0.145181575774109 0.0470744686919377
0.0386259015995841 -0.0787621734006211 -0.0947444567635728 0.074992562220373
0.014781275017252 -0.079919754566496 -0.0507673818405538 0.071339573635024
0.00643739696030326 -0.0941950106486894 -0.00782245696711197 0.0633387549089805
0.0337854306460529 -0.0994415609745243 0.0194681843348527 0.0595051406927667
0.0608274321805188 -0.0926770441343352 0.049285780587415 0.054326792257208
0.112406659453284 -0.0676130743650775 0.0713966532169288 0.076370269538337
0.130034948330563 -0.0168426251324805 0.0660683041854313 0.110819309935361
0.122487412926258 0.0495870939302082 0.0676533188999681 0.103028201611854
0.115113070186435 0.101110804765758 0.078800610028453 0.0799387897309771
0.0993236425525716 0.157875388498163 -0.023259558588186 0.0387293308480435
0.0956035451903581 0.141727588166267 -0.00867462721151341 -0.0615414046619601
0.136758075396773 0.10176005027468 -0.0834795241088159 -0.127230363247694
0.161334850418172 0.0452556605567554 -0.135624696618218 -0.102448566877945
0.137496588467848 -0.0323347386821207 -0.152535408995772 -0.0248071009020346
0.1031857572325 -0.0760626064422587 -0.123757392629574 0.0248981517563817
0.0609043133691127 -0.104756721022542 -0.0764372353107735 0.0436620204681383
0.0298895679809762 -0.103203278411581 -0.0385638689207958 0.0364098380847129
0.0227625342684619 -0.115448218617203 0.000449230019928435 0.0276063147879131
0.0572553723326745 -0.115977188288956 0.0284154076087928 0.0221376849607299
0.0854209262713438 -0.102658035209602 0.0644852643642857 0.0249207054028499
0.145386288988141 -0.0691056010555598 0.0821522665740472 0.0595251712801
0.166173421294525 -0.00462393115467235 0.0638365568584291 0.0999879951536943
0.146878971672788 0.0818607226246551 0.0425467911138689 0.0867436040416876
0.127216454863581 0.144817076302123 0.0444580567441583 0.0389241608937323
0.105276895259192 0.178217219520741 -0.0502421445158284 -0.0283263489542912
0.118797222949356 0.16742955486358 -0.0315291262945476 -0.112585468370926
0.173923522006289 0.115936287415566 -0.0942892066234759 -0.151911278650168
0.196339071000693 0.0380120615005993 -0.132574268845555 -0.111636415454112
0.155878512078362 -0.0474883614246701 -0.125765488989777 -0.0366950730613376
0.113575558250523 -0.0876229320973458 -0.0925436842563043 -0.00433613203493113
0.069884094305208 -0.11718560766658 -0.0519368291603994 0.00628833316872472
0.0395134070668346 -0.111362544623497 -0.0213601347896388 -0.00205105147927533
0.0377706684196571 -0.118957015333846 0.0142652408719012 -0.01138365981003
0.076465861805295 -0.113398160249303 0.0421921729847457 -0.0151120050340376
0.10399356715916 -0.0927082698121146 0.0824615649894011 -0.00302999584609226
0.160873739222706 -0.0521307137000349 0.0934303979471822 0.043978941307024
0.17790103196975 0.0175547376866564 0.0603671410049387 0.0870120993675586
0.146042039141673 0.108219172623989 0.0160075449844723 0.0663392284637221
0.11762911855886 0.169326878320572 0.00974221560148567 -0.00900160319882988
0.094416077342641 0.167063608456342 -0.0783071216401466 -0.0877922626212327
0.120545728998733 0.159720880598945 -0.0622097618481836 -0.150949189803286
0.177264448191729 0.106194610333735 -0.100366974251895 -0.160732524635392
0.192080666805026 0.0235921771192376 -0.118080867996742 -0.113911221713899
0.144214489150734 -0.0541244488543808 -0.0914120089200205 -0.0510787454844615
0.103946396927408 -0.0850646610101918 -0.0593225046340326 -0.0381407425130673
0.0672293129970055 -0.110698005259677 -0.0278631887982027 -0.0335040677072995
0.0432148962632341 -0.102303292228621 -0.000520540804468574 -0.0397656340546855
0.0480017768539324 -0.104425099591921 0.0348988500517122 -0.0465745724740941
0.0865601667596263 -0.0923686609019311 0.0643224042070546 -0.0454650420412094
0.110128663473113 -0.0650765125730885 0.104330283909882 -0.0208967068142934
0.15507773780187 -0.0184856641705318 0.101696460558432 0.0359939691712187
0.161018462317598 0.0460091097641369 0.0536008199208648 0.0741336119876735
0.118612381464789 0.125175162952891 -0.0052023549658702 0.0428525012704588
0.0854534675229367 0.172322798120218 -0.0184275432900048 -0.0582411719714257
0.0637282704892646 0.128699773759396 -0.100554054687241 -0.128688440391493
0.093476497328032 0.12428375767517 -0.0903519115321755 -0.168722525962157
0.140089982497635 0.0801264918593962 -0.0966165773428815 -0.154572051440451
0.147392015002556 0.0127871842945204 -0.0962607361022346 -0.111129329604277
0.1065780819487 -0.0440702035598953 -0.0580267675285494 -0.067941987693305
0.0782605142358957 -0.0637143191705843 -0.0315920319274484 -0.0702423820658425
0.0554582148146795 -0.0838286738696853 -0.00748604507217069 -0.0676311929025337
0.0398449892977702 -0.0782220862661453 0.0198187880463802 -0.0701868222850053
0.0488762966046757 -0.0760670663342215 0.0595660317600479 -0.0730784859371078
0.0808885523465254 -0.0619125477484034 0.0914719666472456 -0.0619263777725118
0.0971281472589442 -0.0339016136000428 0.126907022445858 -0.0237755231799212
0.125773102253688 0.0104012816060227 0.107874566750874 0.0360809165379558
0.121969530329666 0.0637956314150449 0.0496666544759107 0.0620750158365713
0.0764361042938195 0.12146943294389 -0.0159877522324221 0.0163240116884297
0.0423147120672326 0.149523396953606 -0.0327330791438132 -0.103704100054625
0.0169878144590074 0.071583672164292 -0.111465786370588 -0.144742326427655
0.0439268258029518 0.0738407980879434 -0.106929233098143 -0.16534783201631
0.0749561864845879 0.0479975020504227 -0.0857479456792553 -0.140687585815014
0.0775923639109871 0.0103980887310111 -0.0757670777466502 -0.105600180383132
0.0563406505064851 -0.0183541657162601 -0.0364639194131781 -0.081792665351452
0.0460346065797954 -0.0275539473972403 -0.014735924219932 -0.091611822626092
0.0392975397334882 -0.0418349098655735 0.00512034651351406 -0.089681439575796
0.0309118020458355 -0.0413549636585869 0.0371079561352419 -0.0886859125575058
0.0368757957115683 -0.0394720779379306 0.0818186970531704 -0.0874599129098453
0.0561818212147548 -0.0304506238081712 0.116633445235033 -0.0643031148027012
0.0642105288721277 -0.0116138101610315 0.145539902728154 -0.0143860842917252
0.0802566623939859 0.0200300596777431 0.111220922429449 0.0427558096548296
0.0723387587391435 0.057840927884224 0.0500741815320179 0.0525546524187217
0.0329118412601314 0.0934444587941847 -0.0142297260717488 -0.00512917768375917
-0.000765619876558423 0.102962291006588 -0.0338329200073614 -0.137717970238065
0.0176428287129037 -0.0252945563762002 0.0541980039511381 0.163605409549062
-0.0103942767227408 -0.0363547045652414 0.0385044217705677 0.0370110885127553
-0.0276066592724776 -0.0261253017864897 -0.0431436517471832 -0.0542378052467772
-0.0228325592801719 -0.00503405328710439 -0.113806175545267 -0.0566412282329952
-0.0135378082054121 -0.00597261906182357 -0.165929919484068 0.00568274241093149
-0.0153061809020809 -0.00555321639655075 -0.145037013247708 0.080663601195729
-0.0230862108035372 0.00132678234215299 -0.0923806966162752 0.110943628540805
-0.0192553219051824 -0.00085061594947493 -0.0479429573114211 0.112168065015265
-0.0247555115936422 -0.00815984559881216 -0.0070745278356959 0.107448930620585
-0.0218810480758867 -0.021786968998546 0.0170766618529591 0.108806705695315
-0.0133527860872699 -0.0276211316398004 0.0344310602777684 0.0951973577901818
-0.00341635704470179 -0.0315973935253837 0.0592930041142871 0.1027967727734
-0.00150806073314626 -0.0354120007699742 0.0745404109578106 0.131566019338263
0.0160041916896428 -0.0355342430950978 0.0999910165845985 0.136051225717229
0.0333294113541832 -0.023375829526788 0.119123508508845 0.129431716299146
0.0593662617332191 0.0402380866117599 0.0270963368363611 0.146473392304123
0.0303113901916863 0.022883048263936 0.0197573098998992 0.0235887014268866
0.0283168806081655 0.016398533613922 -0.0635060661710508 -0.0641113200287639
0.0402822837603954 0.0127709747059875 -0.128221179408989 -0.0632002878742528
0.0415691831560828 -0.0151237301283276 -0.172328446353561 0.00354000641337396
0.0283656983399966 -0.0345229861487513 -0.150014712155833 0.0750911471257304
0.00407896665856457 -0.0432401360431133 -0.0948803905808351 0.106266926483653
-0.00548601426841734 -0.0442645654809061 -0.0489964051092402 0.102563457495645
-0.0141084062706948 -0.0561879949271264 -0.00549672314539954 0.0942251458417147
0.00220868802939853 -0.068303849807734 0.0216195189846421 0.0930265706600284
0.0230572687840143 -0.0670679928742968 0.0441068290702405 0.081310947193575
0.0581886094417586 -0.0571265106695658 0.0672823039909538 0.0938086135558149
0.0703877669775004 -0.0301528370483267 0.0742339850823912 0.123081633417674
0.0774756699290757 0.00742426607866366 0.0940683159796237 0.116654521885619
0.0858597803318073 0.0422920879295245 0.111229973065988 0.105555110146207
0.0940686731389891 0.100223523340857 -0.00162535500319223 0.105412911143163
0.0715733083793728 0.083693893955604 0.000971604853904632 -0.0101817637095611
0.089241581142838 0.0571214650664882 -0.0846672568914383 -0.0871618844284727
0.10720103112999 0.0251752406632392 -0.143263332866553 -0.0725724319418911
0.0937092984525986 -0.0276669379112931 -0.169313031373484 0.000880878931571308
0.0683542429247272 -0.0622621901063827 -0.141704938031577 0.0615745436581897
0.0296546970553539 -0.0837553123307398 -0.0873259191758419 0.0880302417313477
0.00864868831347101 -0.0811556138966612 -0.0448251904702842 0.0768263663137257
-0.0031609121115739 -0.0952314894340233 -0.00297228266619832 0.0662691806188823
0.0237603323928406 -0.104878719405232 0.0259035264681391 0.0629658229792762
0.0517313300582465 -0.0986011608483222 0.0563938726315813 0.055294230989881
0.105622354113458 -0.0803842826528928 0.0781042725374139 0.0789994062368931
0.129002915817296 -0.0293938729121178 0.0729525649556933 0.113421765305531
0.128896459899302 0.0416732186165711 0.0744894863379269 0.0975561268236953
0.126711928802121 0.0982266730318125 0.0850288481976559 0.0687852887873231
0.117035947302679 0.145895197060218 -0.0339491251709433 0.0459856761656113
0.110467877012582 0.131484642496372 -0.0209867395004559 -0.0570223543766833
0.148375023617 0.0870523493971026 -0.10351831545929 -0.114427305459324
0.166146316703868 0.0247570094725403 -0.152628276393868 -0.0836663908104191
0.133189491093287 -0.0456938456290584 -0.155022583637995 -0.00596977186773251
0.0957773667634683 -0.0850134475397035 -0.121027323928807 0.0393505929943802
0.0488398794542073 -0.113621197600326 -0.0703741627591088 0.0572780688220678
0.0214471351847598 -0.106118570127625 -0.0358011627337935 0.0406837430830638
0.0105796920732462 -0.11879766720367 0.00185223568822231 0.02804329547494
0.0461201254468931 -0.123536812105939 0.0322361700680521 0.023432111083022
0.0759629251267655 -0.11064700143428 0.0693019065581355 0.0233800392507619
0.139046730758963 -0.0852917270605906 0.088445560579193 0.0605002056130719
0.167264863281648 -0.0202060883039903 0.0687674085744925 0.101641089323501
0.158098810955211 0.0715949302974256 0.0462611571261579 0.0791729167009297
0.144373040722386 0.142251220211029 0.0478075472007378 0.0253382666215899
0.123924650647326 0.164890724815084 -0.0670354981765749 -0.0206729325226744
0.134755262148329 0.153681884442756 -0.0497561904224513 -0.105695077360193
0.186561010712752 0.0968283312704452 -0.117226323852587 -0.135643657587314
0.200186628539402 0.0130966066509708 -0.150536360978824 -0.0902642027412443
0.149429054942136 -0.0625558902007643 -0.12738924080281 -0.0177280889804894
0.106125880717785 -0.0985528712200055 -0.09096726352676 0.00711626593524118
0.05622335743472 -0.126266445003257 -0.0484236898611708 0.0177778734565117
0.0303882059612434 -0.115336796060061 -0.0207621416479852 -0.000937014412122526
0.0252676498139441 -0.124110614218005 0.0140742209110042 -0.0134909425089766
0.0653771906738601 -0.122724806611565 0.043367578691494 -0.016342288482817
0.0957294523008236 -0.102624425518717 0.0852793594195972 -0.00666511498947646
0.156495074589169 -0.0698644515791419 0.0972917763168941 0.0427685848075756
0.181210656955718 0.00168889946790938 0.0619059288036048 0.0874158106151493
0.160025091812796 0.0991431928148635 0.0180751693291668 0.0588131654499082
0.137268363974284 0.167993831089868 0.00997110699927276 -0.0230104349070576
0.111770097770864 0.154949066104532 -0.0975883610575071 -0.0801567167906555
0.134643170963664 0.14672128103889 -0.0823126801162917 -0.143153699555653
0.188216099238159 0.0863585068566548 -0.12376676074862 -0.143195545931875
0.194193652403444 -0.000631227222168808 -0.134574370059631 -0.0928176898349353
0.136916281236368 -0.0676919868280842 -0.0932086814948969 -0.0370482168269766
0.0959275237436935 -0.0951634653025591 -0.0603746890978835 -0.0297751563081954
0.0536501768542552 -0.119667621701903 -0.0272446282154195 -0.0242216737810866
0.0344214315474513 -0.106411830760746 -0.0023648606972959 -0.0415891184305907
0.0373935767108562 -0.110229431911678 0.032439930248127 -0.0517290636434122
0.077955794683837 -0.10258277080972 0.063777117717786 -0.0497430724366957
0.105171862220532 -0.0752909213456026 0.106612264397194 -0.0271983788722055
0.154491774131817 -0.0344806294616882 0.105378829343525 0.032887717161175
0.166725814014485 0.032226340468313 0.0549146961604658 0.0731918821187126
0.132716634816199 0.118464861214735 -0.00451564361246835 0.0349900245688358
0.104341771030458 0.172832164712938 -0.020352509716716 -0.0712152842315717
0.075738714829978 0.120252280143836 -0.1191980777332 -0.122167607342156
0.103395608662871 0.114307589925528 -0.110392311467229 -0.160215626876269
0.147827948763644 0.0649810995689942 -0.116747256757072 -0.139876913182483
0.148040380250081 -0.00560437018300579 -0.110354733834988 -0.0944163642319726
0.10046963912265 -0.0545535005428789 -0.0615574935310498 -0.0594264377538016
0.0725915701377845 -0.0713557814322783 -0.035492590349202 -0.0657645317779093
0.0453520424977786 -0.0914729447775978 -0.0108756863720708 -0.0619754050506638
0.0334858774141279 -0.0818935190417867 0.0155124982577132 -0.074142661021524
0.0410294435832691 -0.0815161560281381 0.0558911341481413 -0.0806502053282864
0.0753986622354447 -0.0700013831852576 0.090616025106119 -0.0695898503767131
0.095210239029077 -0.0413835607933349 0.13016297686488 -0.0331295496251233
0.127798195332144 -0.001368476776399 0.112059610461773 0.0318872379991824
0.128648396913125 0.0537149287238613 0.051310934635334 0.0594752398124012
0.0893166363808863 0.11862250011344 -0.0155124182586445 0.0102250516598269
0.0583210945034996 0.152419686601462 -0.0364074004129358 -0.11455154947172
0.0223476396218242 0.0692993353673628 -0.127220806860911 -0.140881561245379
0.0473843446147471 0.0691489350190154 -0.1236950632429 -0.158869601771178
0.0789928733674617 0.0400354266211331 -0.102103657236282 -0.130953784328124
0.0771151811678166 0.000613969619951161 -0.0870678455483053 -0.0953154550599685
0.0526511253456057 -0.0237647342769661 -0.0420854178916515 -0.0777513404214365
0.043155726268022 -0.0314380008339258 -0.0209103469616178 -0.0907360899063692
0.0342063836367255 -0.0472673839254998 -0.00142163847494444 -0.0878105074679928
0.0272423548343226 -0.0448644834869394 0.031361668408069 -0.0936087194110162
0.0335302987858989 -0.0436465593737262 0.0776308997925204 -0.0976267913263291
0.0531211657122531 -0.0353916154006716 0.117090578837894 -0.0742985791760744
0.0634254570575831 -0.0161503764553792 0.150079649661332 -0.0250510357163455
0.0819979719301258 0.0129127842536603 0.117585227793234 0.0370742530768614
0.077924243191751 0.0527657310655808 0.0524559361885451 0.0496270384563239
0.0413735424796401 0.0931933688103241 -0.014104004439603 -0.00930210894406225
0.00947768281708125 0.106730997118732 -0.039392959444782 -0.1451560902437
0.0166212102717659 -0.0246016315303 0.0621860979669688 0.160697201678943
-0.0111282737139166 -0.0352813846804462 0.0416725343115351 0.033774684839113
-0.0284625418541979 -0.0253121230094392 -0.0473830604542976 -0.0531511650058112
-0.0226480553324349 -0.00499059791817475 -0.11943440737457 -0.0522423219151089
-0.0142626494843819 -0.00635321662819143 -0.167811910631709 0.0144084503283541
-0.0158541618178067 -0.00522902896629947 -0.142329454322572 0.0891189118625565
-0.0227468379690457 0.00253376562276245 -0.0880014527685648 0.117146660536212
-0.0195610960675139 -0.000147955864080433 -0.0426479282118319 0.116607484600928
-0.0253476123481009 -0.00723694636901667 -0.00137268106495953 0.109231360968029
-0.0235000449923596 -0.0208970862679083 0.0238699297027864 0.108902109387173
-0.0149555117673211 -0.0276624104941199 0.039754248234746 0.0953312330089922
-0.00502692755825308 -0.0325083177957294 0.0649896008699661 0.102070219765548
-0.00352229449424559 -0.0361549893312805 0.0829288071965681 0.130075811949633
0.0148730191657553 -0.0358053026547837 0.107945027046458 0.132797470668832
0.0319998048802766 -0.0245596423790537 0.128052246505037 0.125859020030413
0.0623329327457473 0.038535142609448 0.0343227444826234 0.145163825652269
0.0324522897732073 0.0226607723843146 0.0223932150685487 0.021997216556768
0.0305405729811157 0.0145606781615465 -0.0680727334250323 -0.062731496739869
0.0425077859384756 0.00924458948654513 -0.134012930485474 -0.0578972291996821
0.041048710863344 -0.0184603602976047 -0.174530795075953 0.011259215153107
0.0263563546136417 -0.0376102775307721 -0.147790223717758 0.0837697601278499
0.00160296106880735 -0.0440877048023958 -0.0907214295103077 0.11152886480685
-0.00807936304525129 -0.044466622368677 -0.0447929287150835 0.106952238886207
-0.0176253638297723 -0.0565063705977098 -0.00109618022477972 0.0957357571613829
-0.0011690239336157 -0.0692105919858604 0.0272090728262517 0.0926026040706369
0.0196598319605599 -0.0694399410197906 0.0486135194019135 0.0804088848865476
0.0564026564390807 -0.0619836865347275 0.0727159146210093 0.0916836642620152
0.0701204211132247 -0.0342887516236186 0.0826067447886562 0.121306569677457
0.0796655490761581 0.00390774684327184 0.101352776216011 0.113364979056145
0.0891924858548707 0.0389505308193276 0.119107320428574 0.101903317559097
0.100475536184411 0.0976204477309368 0.00242264001527478 0.104702796480423
0.0777479352358212 0.0813394158221871 0.00186639244061439 -0.0112012075213863
0.0950018232446444 0.0533604833268954 -0.0908899540939912 -0.0851958910196012
0.111709578733997 0.0175231654244445 -0.149836625942165 -0.0673321696896763
0.0935849594376306 -0.0344301277645459 -0.172017382133262 0.0077358332724504
0.0655732637996371 -0.068202597997106 -0.140188497141852 0.0688236978137959
0.0254155516557462 -0.0863969320352105 -0.083621972061439 0.0917451806901073
0.0036872238906676 -0.0829775360101454 -0.0422046196330963 0.0810973472251221
-0.00875629095047111 -0.0971080099783466 -5.11219956173282E-05 0.0665633112178012
0.0179400255926606 -0.108150254762375 0.0304350055269704 0.061868280734479
0.0472197080404322 -0.102606585803773 0.0599695994982038 0.0530182997922304
0.102637178755354 -0.0886069281441252 0.0829825436812483 0.0763149372948318
0.130207887204829 -0.036442485354913 0.080517414303705 0.110911891506665
0.133091700972672 0.0358314497575925 0.0807654523334888 0.0954403865197779
0.133819536337597 0.0934825516885819 0.0912292493463485 0.0662361186079627
0.125700830243093 0.141032859459039 -0.0327333691293353 0.0472795327173022
0.119211582635916 0.127731506495937 -0.0232738315286368 -0.0578706030204035
0.15686356800236 0.0805297783123663 -0.110990936976819 -0.112523644378563
0.171155128086158 0.0145937282347427 -0.159506240225427 -0.0771284923961914
0.133178028595479 -0.0542647469739638 -0.157148371979891 0.000811930278045506
0.0922522357830732 -0.0930136786996204 -0.120162037777176 0.0449604228238547
0.0425732854303741 -0.116836736329334 -0.0676749195742723 0.058534582535901
0.0151019919236264 -0.108980394162447 -0.0344383857407587 0.042795308480454
0.00423543179263405 -0.12132366872193 0.00328041115185143 0.0281265134223726
0.038971552480075 -0.128793489717823 0.0345834243373911 0.0223136594381837
0.071628083457163 -0.116539445777406 0.0714048345826936 0.0196344487123749
0.137003310551559 -0.0950086858086117 0.0929851214801858 0.0563700906106673
0.169656400258016 -0.0291479005005417 0.0752189448138483 0.0991271720352639
0.164051869854822 0.064701048208117 0.0514180114633733 0.0784203290590065
0.154627233561449 0.136693066231697 0.0512505108745351 0.0239312481971487
0.134186031657788 0.159679871022019 -0.0695810945220064 -0.0181736677606782
0.145081685666417 0.149318280600162 -0.0543379074964278 -0.105713469573371
0.196097257868854 0.0879855283275369 -0.125985801969498 -0.132862506542129
0.205024054540611 0.00188056062227497 -0.156474932253839 -0.0847248573963967
0.148650841013726 -0.071532340449797 -0.129976289923738 -0.0136497197520263
0.101116002993202 -0.106631539555007 -0.0927216427319755 0.0113448364443957
0.0497078346307104 -0.130551980191365 -0.0475109018371864 0.0176583466678012
0.0230025078308171 -0.118056004139326 -0.0215785432223919 0.000331209101805344
0.0187441670008655 -0.126850206947293 0.0129711923754949 -0.0145576492301509
0.0580814244677553 -0.128773572210049 0.0442258295028466 -0.0187625106213492
0.0923443707730003 -0.109155044745335 0.0861809198926548 -0.0129048875870617
0.155412020195907 -0.0801179898483254 0.101256233638063 0.0375677731760889
0.184166332323141 -0.00862974407561029 0.0679188753479447 0.085681390239632
0.167292466791518 0.0917611108488358 0.0216306667368833 0.0595611886877414
0.148412502798183 0.162801230973331 0.00926201858962553 -0.0227309255180403
0.120541641382948 0.150366318115842 -0.103140462933489 -0.0771513183363115
0.144533416628189 0.141104417328096 -0.0896854875168829 -0.140869817490052
0.196857139338127 0.0778981806158604 -0.132134963238534 -0.140290951045033
0.197019742670908 -0.0119300713850649 -0.140906149692648 -0.087746655886071
0.135728128451697 -0.0760644469358951 -0.0963328668168637 -0.0344431897249804
0.0920444072468137 -0.102477210552623 -0.0634071403498102 -0.0276413592140393
0.047164453042394 -0.123308650588092 -0.0281961515079976 -0.0262158582226575
0.0278360971098151 -0.109676401676439 -0.0051279639463251 -0.0420739531001259
0.0316273078559879 -0.114055261946793 0.0298867951845902 -0.0548825182038157
0.0726891207594211 -0.108649596599538 0.0623727306851524 -0.0534259660431422
0.10332226911862 -0.0819190979103436 0.106104283275437 -0.0351619729631811
0.155188463244385 -0.043878248045854 0.109158791849905 0.0272419567941873
0.170858945622372 0.0239492257583186 0.0602275829675766 0.0714010461241389
0.141041693731253 0.112881759541268 -0.00287467847076796 0.0364260568501955
0.115382001599092 0.169311350753658 -0.0238569550852175 -0.070111588644748
0.0834183944645418 0.117069537072447 -0.12762919893693 -0.119350814723672
0.110669876191457 0.109559163747726 -0.119058262805608 -0.156570493929549
0.154156172056695 0.0571318670941675 -0.125828964234376 -0.137061277217559
0.149947953294819 -0.0138308303912704 -0.11623358863739 -0.0910607759410272
0.0990039545679305 -0.0598408543302178 -0.0654360060379989 -0.0586231350559682
0.0696473413561087 -0.0766734408040601 -0.0402764788082304 -0.0650890611646315
0.040074450226885 -0.094114305811414 -0.0134640361670174 -0.0647300475114972
0.0285659168227315 -0.0840778253432197 0.0118811899038908 -0.0757128332309234
0.0375389034763885 -0.085167675580059 0.0524510049653973 -0.0855978327512761
0.0720568707425795 -0.0756062097756948 0.0889578713767904 -0.0755276593950014
0.0943033098716657 -0.0475965123624227 0.130454911761029 -0.0408661394212153
0.130422817509592 -0.00850893808383065 0.116024682866996 0.0253198824349947
0.133549919569089 0.0480505366593487 0.0551314933675953 0.0574452165414343
0.0961856299717832 0.115233568576045 -0.015334224083138 0.012105717768963
0.0676378697326779 0.151162829473518 -0.0430693049209791 -0.112834307901824
0.0265418773314993 0.0680567725115956 -0.136165616069585 -0.136764728666836
0.0516271631808242 0.0675172321457854 -0.133133645584692 -0.153977140403981
0.0816613754601334 0.036118575000739 -0.110388650518472 -0.128670172917798
0.0782309416632993 -0.00319201727863069 -0.0928920738376643 -0.0926769150945659
0.0513835727067313 -0.0260583719040401 -0.0473270028586064 -0.0773002484557315
0.0420763037172182 -0.0344873282259567 -0.027427051825381 -0.0909035421751137
0.0313161548749384 -0.0490562693112417 -0.00522715855649541 -0.0904515353516418
0.0243508041242198 -0.0462026913384904 0.0266458281000802 -0.0977446145543125
0.0315140340912277 -0.0456773376664284 0.0745513054316429 -0.10401551073874
0.0516518752952528 -0.0389897909407107 0.115279650112864 -0.0811908691896982
0.0633744465050462 -0.0189722664561521 0.151319489324483 -0.0338880827764364
0.0838647786169313 0.00897088018143686 0.121714246481871 0.0315426137381584
0.0812781632074642 0.0492336111679866 0.0555993665778126 0.0477425457691331
0.0463151259686414 0.0920435674477886 -0.0150441756351915 -0.00804863820674605
0.0163587673828765 0.107099850232644 -0.0478620481478024 -0.144318599392604
0.0155324292639573 -0.0241927943625798 0.0701178164170971 0.1530518533373
-0.0126844642016105 -0.0334232251207433 0.0435501556094813 0.028631684882198
-0.0284775500641067 -0.0233028240343625 -0.0506371906597017 -0.050508371559454
-0.0227628992692506 -0.00463342809118476 -0.121678658866558 -0.0439191306688397
-0.0149244564310717 -0.00689288148748163 -0.164533369498918 0.0241538390333307
-0.0164371242536006 -0.00497833823515443 -0.134340523453193 0.0957832207065725
-0.0214927700640566 0.00395955251099603 -0.0801114523476335 0.120462431379465
-0.0192916052585961 0.00108086282575115 -0.0352802150579702 0.118379455060672
-0.0251647567033738 -0.00581145796532081 0.00604397919118033 0.107913581370236
-0.0243493598678128 -0.0184414935876116 0.0311220816629133 0.106340606698098
-0.0163697913403479 -0.0259219779486466 0.0445069382237415 0.0925118143340385
-0.0072881135804368 -0.032600096854738 0.0698131502460508 0.0975566578430296
-0.00535777825196162 -0.0351115191082306 0.0901366728075322 0.123802288071845
0.0131537949878735 -0.0354888979638848 0.11443728461281 0.124601190407699
0.0292559171076912 -0.0249812568751966 0.134775887525504 0.117702043997798
0.0644427400683863 0.0352272790339924 0.0410697592619488 0.13936240347506
0.034292078048446 0.0209761967730032 0.02379290201824 0.0184588833525457
0.0325627122641013 0.0124661637256441 -0.0714375886013046 -0.0586404112606355
0.0432619764854852 0.00540051213200833 -0.136700270212518 -0.0498938989780946
0.0394491122800828 -0.0222727348418701 -0.171974388830832 0.020900069048467
0.0232304089951073 -0.0397553593463082 -0.140179614233077 0.0907125654494406
-0.000436704499269757 -0.043507509140741 -0.0828054112311395 0.114242214675831
-0.0108803379160519 -0.0431266805820907 -0.0378461156019154 0.10878547664711
-0.0214638797692513 -0.0554051992440207 0.00532048962779083 0.0941941577903562
-0.0058103067917021 -0.0687259685594049 0.0334502214361038 0.089565347200639
0.0156034826270203 -0.0697646172179462 0.0527476514703081 0.0765011945806146
0.0514790344370213 -0.0656072004633951 0.0768631059715305 0.0867120726357556
0.0668237059836342 -0.0380199251186626 0.0896462675640566 0.114765678353941
0.0795094445453179 -0.000262292305650733 0.106988279814874 0.106435542460071
0.0900734573989609 0.0336438888391038 0.124539695526203 0.0938988446813016
0.105386736615413 0.089899523218102 0.00799661047300329 0.101745507665113
0.0822366661319826 0.07604772473443 0.00212285613612934 -0.0126830133604886
0.0988214705151421 0.0463291971499626 -0.0952744461865942 -0.0796239881274859
0.111649181081977 0.00898593930926866 -0.152376006570285 -0.0585662047906184
0.0907113753201783 -0.0404409301490021 -0.169607450565111 0.0170923048072207
0.0597552814342263 -0.072431349848292 -0.134250188730018 0.076036102234241
0.0196886756162401 -0.086262303820038 -0.0771643744798729 0.0933388998862721
-0.00242985656153838 -0.0815976614877519 -0.0371707752034539 0.0830389072728961
-0.0148573449950362 -0.0952755526468949 0.00394087795346491 0.0658009973804904
0.0102199200968648 -0.108099379480332 0.0340669745456183 0.0584264726267753
0.040587012633181 -0.104149327661245 0.0623755772586274 0.048692525664807
0.0963165096005367 -0.0946557326164217 0.0866006283914879 0.0694841574743999
0.126003375336533 -0.0440612476362325 0.0873491538926964 0.104321653806032
0.134531098844788 0.0276082067656327 0.0855199879738774 0.0893062210807725
0.138126363433149 0.0840902279417127 0.0942376323833397 0.0601476285131962
0.132339973941764 0.130753783717837 -0.029874461067598 0.0472031499083502
0.125855003951369 0.119196298233329 -0.024249459179727 -0.0566874912350033
0.161036731124365 0.0691876417284756 -0.116531609350036 -0.105831975054218
0.171131445292932 0.0023114874765544 -0.162445745078488 -0.0678995629119961
0.128326392523764 -0.0624441114949295 -0.155625171955763 0.00864804239308043
0.0849482037548778 -0.0987933381875314 -0.116965034859812 0.0505734404498353
0.035109683765893 -0.117763048498725 -0.0640507784285415 0.0592673539878859
0.00706242173448068 -0.107817290864723 -0.0313941250557377 0.0449935339295697
-0.00364788506464932 -0.119712576147181 0.00473874753163234 0.027151602772424
0.0295323207603583 -0.129360322947089 0.0361489503984531 0.018853189863212
0.063768579883453 -0.119818093181344 0.0712811200483888 0.0146512729209262
0.128636068362813 -0.103456006108618 0.0950740437682627 0.0497240070722884
0.165869843586635 -0.0395832400456078 0.0814928724403876 0.0932823127283332
0.166276001361963 0.0544236529198954 0.0565346504308291 0.0744282334604839
0.161168243843645 0.125178309887961 0.0523423906055557 0.0205273691420136
0.141170132232615 0.148738867981464 -0.069670161417108 -0.0154115849502607
0.152692796417691 0.138276768853716 -0.0584588254144046 -0.10125815352177
0.199962125739569 0.0752515107268186 -0.132345665079335 -0.125087226081265
0.203592671295209 -0.0124420692542252 -0.160686338313301 -0.0745738352632818
0.14294719321803 -0.0803575267424249 -0.12965716351343 -0.00697331327638912
0.0932104208837664 -0.112686506526777 -0.0913953760731644 0.0165327957176852
0.0406961221023241 -0.130286625048329 -0.0462204338913232 0.0170864914936451
0.0142758738880775 -0.117641679482664 -0.0209865954483009 0.00162403638186393
0.00998702236626995 -0.126324732539266 0.0117703771516673 -0.0155834996062412
0.0494022612027425 -0.131166982931656 0.0426203397048989 -0.0216611041315782
0.0848581842107099 -0.114027345208433 0.0840142406308443 -0.0180886201018678
0.148094665797923 -0.0894979796546678 0.102432753745081 0.0306280572376186
0.182128319992186 -0.0202648133410563 0.0728198105535407 0.0790861111022877
0.1709154963696 0.0806569819296037 0.0252376682758547 0.0581886261463622
0.157445820485542 0.150702126798825 0.00837954305697239 -0.0226983394957808
0.12772635863012 0.139965828941228 -0.106864594317923 -0.0710160508559613
0.150799744286269 0.130971607618041 -0.0959948984771415 -0.134022837190021
0.199277814521839 0.0645522234146756 -0.138959919673853 -0.131501014973897
0.195013869744387 -0.0243474739819389 -0.144229337855542 -0.0788383333180373
0.129769907163647 -0.0829038867930333 -0.0982892348911126 -0.0294509105263522
0.0841009119300224 -0.107364348286571 -0.0648550746279229 -0.0242457714446292
0.038752117543698 -0.123410076535328 -0.0296776561800333 -0.0272946430817173
0.0199521190735542 -0.109262371346496 -0.0076428445957945 -0.0409604808496151
0.0235995528480414 -0.114069015183393 0.026056914848226 -0.0564175257971939
0.0640216575102602 -0.111868517841061 0.0592876282752455 -0.0575043845611072
0.0973870747779062 -0.0873717024734213 0.102495940197075 -0.0414429191942819
0.150444418126457 -0.054166018803585 0.109340287855623 0.019711794698499
0.170633518854292 0.012600419698147 0.0640085915711395 0.0669769557090102
0.145509851466206 0.102922154096858 -0.00015001428726877 0.0371911742151486
0.125725396953094 0.159391570237248 -0.0272045749063615 -0.0674706277302596
0.0888032243283617 0.109223515604466 -0.133503905276727 -0.110781326337657
0.11527696875168 0.101623159087988 -0.125547626941182 -0.147374342353047
0.155700768050023 0.0471747238087993 -0.1320247184653 -0.128886507477685
0.14788810801421 -0.0231538808058082 -0.120414879533519 -0.0826327610201819
0.0945043482935964 -0.0643033911024739 -0.0685500959676947 -0.0542097235702115
0.0638240762446065 -0.0800117730357208 -0.0441297285607937 -0.0625870272866608
0.0334349521794363 -0.0943910880211347 -0.017559166200381 -0.0658588949950913
0.022047919135408 -0.0845189082523204 0.00708164446996353 -0.0759544542455061
0.0309324102155018 -0.0858180054947928 0.0458244034911011 -0.0884676235481215
0.0653561666810455 -0.0788605424969842 0.0838276142747509 -0.0797089508779164
0.0899408019725406 -0.0527181619580485 0.126045402114948 -0.0493151303255823
0.127929229860365 -0.0179203490816431 0.116562342821807 0.0174278176971751
0.134188027965243 0.0389282773396617 0.0585790858806037 0.0535603278354675
0.10131906742125 0.108086645331765 -0.0139652571365481 0.0134975714919748
0.0767878770686208 0.143494105287546 -0.0489401170950256 -0.107510842301807
0.0299527264424761 0.0649069559353368 -0.142261303055925 -0.127803991519704
0.0541837819035842 0.0639581559064899 -0.140122381390511 -0.143672192441102
0.0825955256138616 0.0307066482040296 -0.116055681386672 -0.121164399491936
0.0768504056275438 -0.00789677788603131 -0.0971971885099563 -0.0855013456823469
0.0490403457635632 -0.0277174703898333 -0.0511611768563732 -0.0741678363563914
0.0400341794645112 -0.0362035418007898 -0.0337559996016916 -0.0886276443649997
0.0272104925239881 -0.0486294150413083 -0.0103646911004447 -0.0907736849232748
0.0212254914606623 -0.0470822130998704 0.0201333662554577 -0.0983134480862601
0.0275847947316155 -0.0467342300388538 0.066678943379566 -0.107550634814409
0.0476662390434314 -0.0410894644511222 0.109294069778184 -0.0868330058930159
0.0612935709509744 -0.0225949313831422 0.147346449709525 -0.0427953953233345
0.0833265139603047 0.00288503547169242 0.122634169754515 0.0236027185046672
0.0830432989191075 0.0440217289608611 0.0580263324942979 0.0437633382047739
0.0504143717140857 0.0880171764429455 -0.0155082917036296 -0.00603058824889305
0.0227900795152245 0.103961540702311 -0.0555224052441861 -0.137490917267613
0.0147396897133641 -0.0228031935108355 0.072243003154257 0.143397496411685
-0.0126406036590469 -0.0316076065379767 0.0429683390987366 0.0247005186341317
-0.0280078998657209 -0.0217101562885796 -0.0514111991540155 -0.0468172785696829
-0.0223496149314068 -0.00423346046155608 -0.119939322553161 -0.0372972660577776
-0.0155281546885979 -0.00634612978977039 -0.158057641103947 0.0303101745908649
-0.016316921813726 -0.00452717104997761 -0.125811553927915 0.0979882581202133
-0.0199100697477309 0.00449470577723889 -0.0727122581220458 0.120074585045468
-0.0180656994760834 0.00184786738152291 -0.0288985597349328 0.116434625040496
-0.0249992478574405 -0.00495371031358909 0.0101753119587727 0.104126719520613
-0.0240199514940601 -0.0171800880400711 0.0341402372776696 0.101413360210045
-0.0171152104223813 -0.0239966581275833 0.0473262575254409 0.0885894992096223
-0.0088480426962744 -0.03157220042774 0.0717356578596448 0.092234769143591
-0.00683241777814506 -0.0334984702712368 0.0931560203070799 0.115756037111212
0.0116083681916424 -0.0339494000083653 0.115230072726189 0.11597830119507
0.0267870304564107 -0.0243479456666787 0.135593488693337 0.108603720259559
0.0638276863795631 0.0316322846266824 0.0450114424804213 0.131531277268293
0.0352296263397949 0.019385579574832 0.0242853481332411 0.0152298744518473
0.0329048499610437 0.00985399285142196 -0.0722744944476199 -0.0540877414629915
0.0425721257911276 0.00175997256157523 -0.134614232663165 -0.0423571434458601
0.036898168588714 -0.0241949332524929 -0.165779148793774 0.0275184752167779
0.0202903192697112 -0.0405232243893764 -0.131797921393514 0.0930256998024335
-0.00189372405482971 -0.0419546955478221 -0.0761559210403148 0.113020119419539
-0.0125451952841759 -0.0415830244246431 -0.0321447524767947 0.10737688002117
-0.0230134498664201 -0.0520628226762404 0.00889639346712118 0.0908114600754085
-0.00885267638661037 -0.0657957893073044 0.0365404790870073 0.0844285865305961
0.012160403154211 -0.0681442511065823 0.0544095531188546 0.0721158806442261
0.0464315399295557 -0.066635743422917 0.0785895255829467 0.0810321336834354
0.0629414807496986 -0.0393721608904887 0.0922591025603912 0.106774054895427
0.0775814279195687 -0.00302498219538141 0.107340113697568 0.0976649682114029
0.0884280086864417 0.029751387162323 0.124723155154388 0.0858018479467433
0.105181764544999 0.0821811073530281 0.010869446545623 0.0975288435138884
0.0837983735250752 0.0710194103802766 0.00232738597458567 -0.0140209405288069
0.0990939684420407 0.0400798599411971 -0.0956881994397331 -0.0742886665066718
0.109309149639185 0.00242218124331609 -0.150275331280778 -0.050355599402511
0.0860977278215325 -0.0441400477630649 -0.163816504767873 0.0227581332494868
0.0542288827835477 -0.0736427795388833 -0.126791180524784 0.0787808420663819
0.0154295827955759 -0.0844208703600383 -0.0719108965932156 0.09159817039145
-0.00577194130140093 -0.0789133546424072 -0.0322153983144659 0.0819647852085785
-0.0192172338032771 -0.0910973242662493 0.0065446037013448 0.0638381907677918
0.00507101474637173 -0.104618165265801 0.0364005083180333 0.0540500741520344
0.0349003423329288 -0.102691546012755 0.0611390501098827 0.0444903781242884
0.0883413153994173 -0.0967818348239977 0.0871200368720519 0.0637505742071261
0.120422213102928 -0.0481346997104454 0.0902458839909359 0.0968126129036612
0.131745626420207 0.0215521075392389 0.0869498737217831 0.0824634820188583
0.137082665784632 0.0761138931489776 0.0942181820828468 0.0547820047306772
0.132784277794487 0.120204734907899 -0.0278752425285303 0.0459191587537746
0.12736457033957 0.110567798727389 -0.0253086547002449 -0.0549656818124498
0.159929044713577 0.059451587130897 -0.117366196441067 -0.0982535168591869
0.165900208402232 -0.00712922396228405 -0.160414721541807 -0.0596880731655684
0.122408950003173 -0.0667143143683731 -0.151015907417103 0.013594063003434
0.0775049083055124 -0.10024242929401 -0.110808475232642 0.0538259359322256
0.0283776273131843 -0.114768923129979 -0.0608470512069645 0.0576603140051164
0.00204363985438442 -0.103844894156707 -0.0288759922577108 0.0451917854908869
-0.00977551697583138 -0.115267762043823 0.00590781024858436 0.0261434056488638
0.0219687549850535 -0.126474209059543 0.0358853622322315 0.0167036516297272
0.0571170321336578 -0.119694055862281 0.068715956309362 0.0110268073610779
0.1190823159422 -0.107366334223282 0.0941330312119902 0.044173732747279
0.159292110979515 -0.0455366546528336 0.0837739194804777 0.0859985282331883
0.163896439343571 0.0454930741706989 0.0574740075459463 0.0702292058204186
0.161651593152277 0.113734020198774 0.0518888301832408 0.0181399897872313
0.141910374959453 0.136195034190165 -0.0678856715489491 -0.0127032052418464
0.15360387727424 0.127976151939887 -0.0592203534863579 -0.0965550976812114
0.19766194736293 0.0628778813505564 -0.133585352419329 -0.116603310337604
0.196580569155754 -0.0221328911036466 -0.158084429030596 -0.0662873805392454
0.13484720198347 -0.0840033049980187 -0.126537395352184 -0.00321524860546418
0.0843942255909324 -0.114146778713555 -0.0878948714519536 0.0191699087581746
0.0329695181677293 -0.12746686256765 -0.0455114826542136 0.0153614581675583
0.00829464101218894 -0.113317916206386 -0.0205954951009486 0.00291254920069627
0.00329900173385543 -0.122192091570124 0.0102768899817364 -0.0156501916015272
0.0405245533620833 -0.128456631637997 0.0410454601391556 -0.0231480077203527
0.0774151281996522 -0.114581464527894 0.0795149736692189 -0.0215596955837512
0.13930103961773 -0.0947817810791394 0.100361004538711 0.0249025942696855
0.174622426003859 -0.027958863096274 0.0750617734447062 0.0735996970008908
0.169133292352469 0.0703458018666395 0.0272683246683257 0.0555588824476343
0.159353134045006 0.13845006588595 0.00804857087287413 -0.021605573282904
0.128683553606216 0.128740956759639 -0.105321086688421 -0.0648794996557427
0.151443220098473 0.119813453082424 -0.0972104972772638 -0.126163843754231
0.196304461728123 0.052922649586249 -0.140563571383154 -0.122492300887554
0.187740022244905 -0.0333922160462074 -0.142956829893217 -0.0706131848960528
0.122089601056392 -0.0863011843669944 -0.0965433442676755 -0.0256258806887537
0.0763478261193224 -0.108458659214507 -0.0646164022190117 -0.021155110044272
0.0319339277178502 -0.119699479044497 -0.0309274721411621 -0.0278606016770981
0.0136477200687628 -0.105855655234269 -0.0093943138125229 -0.039426327509
0.0169112348490306 -0.111573903595378 0.0223433239442467 -0.0558835661283766
0.0557491669040446 -0.111650066456116 0.0553228573703009 -0.0576402283901028
0.0903218847988919 -0.0898642781952113 0.0968165424857281 -0.0453691812853719
0.142622186625025 -0.0607064230144691 0.10652021064191 0.0143229461804797
0.165623394652059 0.00449409792561047 0.0650260734191829 0.0616356518130381
0.145505627428135 0.0928691079538481 0.00145408634333263 0.0365416351740312
0.128910110553152 0.146771811334495 -0.0287170543896309 -0.062975782347011
0.0897033627009721 0.100609022821182 -0.132476344858741 -0.102057433923584
0.115735287527886 0.093081091165188 -0.126378012435972 -0.137672463100755
0.152188637335349 0.0390285020289518 -0.132906837064958 -0.119645014855941
0.141391888759619 -0.0290372015817314 -0.119088514154079 -0.0749264624870859
0.0884210388813754 -0.0653296436709644 -0.0689011774943865 -0.0507802931440889
0.0582359165925914 -0.0804701400292504 -0.0461827277533275 -0.0588739545875354
0.0274092938545404 -0.0914716400793848 -0.0199890850415906 -0.0648821390800043
0.0166254315939446 -0.0815419143885929 0.00394140941044769 -0.0739674453363518
0.0254387950727289 -0.0840936847107209 0.0405923702946416 -0.0875112730294006
0.0593236405681142 -0.0791785467677365 0.0777164723064482 -0.0807120419094749
0.0854106061391794 -0.0550511402812957 0.119445923315158 -0.0541114464701356
0.122367853828483 -0.0236357615381782 0.113839510935299 0.0119592456849376
0.131679835957377 0.0315563310050449 0.0589324303491509 0.0494445341363339
0.102240650316471 0.0991186719855805 -0.013356169258422 0.0147834117511125
0.0812526790347673 0.133917242845414 -0.0514407519159875 -0.100592767298621
0.0317455748605672 0.0602614663848439 -0.142136046349266 -0.118094096659422
0.0552235173233799 0.059479763623194 -0.140193369244516 -0.133747939032696
0.0803127945842872 0.026413019044094 -0.116817647513302 -0.112982950638478
0.0739398996000663 -0.0108861030425813 -0.0976144494497317 -0.0781975974776793
0.0469729851150408 -0.0279621327201543 -0.0530129811615401 -0.0700587250655834
0.0365293156885511 -0.0368441346528922 -0.0367991011366763 -0.0845863617879469
0.0239923572509877 -0.0479522482735128 -0.0137347814603098 -0.0885474070498114
0.0173983955242973 -0.0453884022785217 0.0153938697018721 -0.0964637589298694
0.0241308085874174 -0.0461377926131285 0.05953018364182 -0.10690903889311
0.0436969602712162 -0.0417281546284454 0.102552427834831 -0.0890140503153521
0.0584076005277227 -0.0242544254778118 0.140956834668303 -0.0486139411368408
0.0805767466363418 -0.00129205518509794 0.119861092375913 0.0173630416500116
0.0821669509956616 0.0387286259008894 0.0584290747962418 0.0405380907499735
0.0516254088743302 0.0830014637432122 -0.0145494090354297 -0.00415751534841118
0.0273316592695592 0.0981252893568905 -0.0593731309734212 -0.129268533305455
0.0151837248911744 -0.0217004406663754 0.0715388136218815 0.137293312488662
-0.01123753878736 -0.0304685864240779 0.0414822537287252 0.0224648046064913
-0.0269717713364705 -0.0213233150161787 -0.0515849280000264 -0.0442594658079299
-0.0216742965973477 -0.00459046257796776 -0.117701238598011 -0.0334878593672064
-0.0160469108387526 -0.00659413698877905 -0.152531700225524 0.0319056249525043
-0.0159166833271271 -0.00429910856353511 -0.11961930912709 0.0964409311312545
-0.0185267851667615 0.00448135659912345 -0.0680867339357971 0.118452815648228
-0.017543835804489 0.00144415833681279 -0.0261892162759475 0.114574010222596
-0.0238445496871123 -0.00419165978318113 0.0117536059993005 0.101250449279546
-0.0234055345639014 -0.0163480309750541 0.0359749470762454 0.0976181819390749
-0.0170254344116082 -0.0231470292724458 0.0477331194859337 0.0857116438289394
-0.00948518827811773 -0.0311782558036701 0.0709135778112408 0.0887812223723589
-0.00692329353997056 -0.0320140314421672 0.0925001638653393 0.110244748274141
0.0115243960661492 -0.0327513223604683 0.113497759770464 0.110474079622005
0.0251228562585114 -0.0227336374472415 0.134398893255482 0.103112006912037
0.0630366386314202 0.0295176739374829 0.0446801197950502 0.126149874124001
0.035576959090611 0.0180662184035823 0.0238122153024024 0.0130584041402509
0.0334468510024474 0.00809823115450487 -0.0720081802830933 -0.0510662925616189
0.0414114291801295 -0.000472179803958826 -0.132123648827706 -0.0385200147612992
0.0350401562075242 -0.0251852206811249 -0.160751603093688 0.0290602281414435
0.018090590562214 -0.0402953052918548 -0.126073102732889 0.0928615117354164
-0.00213865360843109 -0.0414316995086868 -0.0725608649775858 0.110903734032875
-0.0130011364380365 -0.0396455520536174 -0.0288073802534956 0.105388245058232
-0.0236389951153681 -0.0503117404231854 0.0101977131542971 0.0878433933851328
-0.0102104171426653 -0.06393028295175 0.0372386346910041 0.0809771839028896
0.0107342044655721 -0.0666101573617448 0.0537172490197606 0.0697921195642663
0.0427869822324172 -0.0660810399179547 0.0773034883883487 0.077691660693368
0.0609396375422563 -0.039317741009242 0.0924326310287944 0.10134006668339
0.0754560611601429 -0.00425288000992263 0.106424845452355 0.0929391409996727
0.0860588780518084 0.0276930175768976 0.12305526694181 0.0809924958696498
0.103679373382942 0.0773351983229765 0.0116854243033032 0.0934324517842885
0.083275449099665 0.0670067208801906 0.00256359488794447 -0.0147364933141551
0.0981155803035487 0.0361171810961176 -0.0948142703737596 -0.0700191581929679
0.106194445700909 -0.00170803343091384 -0.147032782579497 -0.0466644235062047
0.0824605717648439 -0.0459037706388035 -0.159325311555056 0.024944286884391
0.0501404884827103 -0.0735685494571358 -0.121256987181743 0.0786098925588599
0.0130376202465361 -0.0817985095126387 -0.0690384961270739 0.0897389144913186
-0.00771174424241991 -0.0758770366092057 -0.0295318819772085 0.0806724842743432
-0.0212454553845357 -0.0882740137734593 0.00741353916222012 0.0617744466346364
0.00201256545858652 -0.102009852576736 0.0363236664088104 0.0520652295219631
0.0322515277076962 -0.100810946665049 0.0602414323893096 0.0420706247488211
0.0827198001957169 -0.0964407898673328 0.0856349586055337 0.0604769794195782
0.115865682872222 -0.0490999078819018 0.0903837819328875 0.0911619218027858
0.128611070176635 0.0187607012689365 0.0866132663905689 0.078999795155789
0.134554332489671 0.0707627160604721 0.093191555376547 0.0514055604745659
0.130030291387986 0.11327885821073 -0.026180902794153 0.0441739286618264
0.126369088886686 0.105604633509327 -0.0246228502262982 -0.0546647563145764
0.157718015130537 0.0538081884123464 -0.116333533532899 -0.0930923450887997
0.161721069367672 -0.0117300491237473 -0.156866300254483 -0.054931970521727
0.117499796205557 -0.0685719140610073 -0.147454139902949 0.0153429827895916
0.0720935154392541 -0.100389219587959 -0.10663029650927 0.0541554943362615
0.0248142146022515 -0.11149001317285 -0.0594396294036309 0.0556526527085037
-0.000401314919458018 -0.100392216700716 -0.02667289507632 0.0446117626039205
-0.0124732161898868 -0.111770716757448 0.00572214303098236 0.0253963392854408
0.0184562807908892 -0.12342319254986 0.0352249655710449 0.0149312349149132
0.0531418647472483 -0.117210695881554 0.0668632834119625 0.00951012460434803
0.112604515453641 -0.106991563348536 0.0925083474263264 0.0408565625445889
0.153639035830013 -0.0477100600569748 0.0838122207078053 0.0815672262276592
0.160107465368713 0.0408030884404081 0.0580443693477114 0.0672646486127362
0.15946251311826 0.106754015619203 0.051236231293663 0.0172937381443922
0.13862191500948 0.128620487064054 -0.066111925050037 -0.0115772324454
0.152070005313133 0.121315799137045 -0.0584327721455955 -0.0937801123293496
0.19338585197413 0.0567527282531283 -0.132330155278205 -0.11057598087141
0.190708773824617 -0.0269620817143714 -0.155038559029565 -0.0608796466256635
0.130526046000548 -0.085654693450284 -0.123624272735833 -0.000994383631084715
0.0790908186812262 -0.113165022096702 -0.0853056040289919 0.0205624449893664
0.0292638504824713 -0.123893423281248 -0.0454956141467 0.0137790739644103
0.00522033669092589 -0.109639516792879 -0.0195992378177555 0.00302718537582371
0.000280565582977434 -0.118755335979068 0.00963172608181825 -0.0151748402342287
0.0358317105775948 -0.125901192545455 0.0395019357063968 -0.023790410288285
0.0733183973002561 -0.113394429343632 0.0759513249311626 -0.0227212620167814
0.132304260255802 -0.0962422529996882 0.0978786196087981 0.0224285825362098
0.169380196635576 -0.0308689542793958 0.0750054590834428 0.069370277012676
0.165500553068023 0.0648209720614746 0.0276554373138338 0.0540351825885636
0.15723261749839 0.129981605794245 0.00802047443945741 -0.0203685951556754
0.12656989450749 0.121116676593863 -0.103333959116525 -0.0617510205727607
0.149674395267643 0.113320593475769 -0.0953127754485236 -0.121393876656871
0.191529706194831 0.0469624411936232 -0.138687333867416 -0.116728285575281
0.181258200893054 -0.037005629514348 -0.139825582087358 -0.0655660564327031
0.117957531916386 -0.0866959562003617 -0.0947075523851944 -0.0234647368686868
0.0711501386359502 -0.107307287295031 -0.0636689141026631 -0.0191970719915554
0.02794760631692 -0.116157069026036 -0.0319804035990838 -0.0286876993211797
0.0106345074355578 -0.102060872879818 -0.00941167715724456 -0.0380629291891384
0.0134535582194311 -0.107725787806257 0.0203330413525411 -0.0543611770932768
0.050783289017267 -0.109261618338228 0.0524878219517078 -0.0575254914593028
0.086728213117199 -0.0895675254914123 0.0929362144719738 -0.0457922278970985
0.13687100315504 -0.0629871151743646 0.103720719751367 0.0113971588330146
0.160804323125047 0.000934457772899416 0.0651561157788912 0.0581841695705028
0.14300245172948 0.087364878519529 0.00242043633583748 0.0364826148928969
0.128335205454896 0.138722624154184 -0.0282888657693092 -0.0595039856477299
0.0882430077659398 0.0949489451266105 -0.130049351537383 -0.0977311566395547
0.114197290505417 0.0879275533979618 -0.124311438844883 -0.13144769654477
0.148759047616319 0.033628126515819 -0.131747768429115 -0.113958068602815
0.136455065152624 -0.0314527500237205 -0.116525636473772 -0.070542805992073
0.0859208216347876 -0.0658439888083568 -0.0684544981932446 -0.0480740891986353
0.0543720815805871 -0.0794815139351313 -0.0468601122862584 -0.056232936923012
0.0252500197235407 -0.0886911680061701 -0.0220683697252083 -0.065417026609719
0.0143814087616857 -0.0788286603149774 0.00235241553519409 -0.0721503087228194
0.0219316080204797 -0.0817389277000652 0.0376948932725459 -0.0856486873863882
0.054718980772447 -0.0785004515494672 0.0741536229221876 -0.0799743526234153
0.0820599353919228 -0.0557569765339879 0.114114906797589 -0.0545303324952521
0.117724569427583 -0.0264584444532395 0.110504813777536 0.00947271243375384
0.128372764796802 0.0276731427469669 0.0583941762287815 0.0470616773737665
0.101083543053248 0.0946752309665155 -0.0124288510635158 0.0160546395080765
0.0813816160299404 0.127498459393453 -0.050527346972771 -0.0953166024405897
0.03183184228003 0.0571919566800087 -0.14014131117539 -0.113174429560286
0.054235801249374 0.0560151516881716 -0.138022389160234 -0.126604986052343
0.0787245001612864 0.0243381602916422 -0.116302838229833 -0.107765807646999
0.0715163350858726 -0.0121559203737729 -0.0956743231003985 -0.0737033472029411
0.0450494705073482 -0.0273451713226042 -0.0524945454182415 -0.067408441822203
0.0349622061525574 -0.0363012394376505 -0.0381235716643928 -0.0816387210234225
0.0219940237014181 -0.0463543400633935 -0.0151237698109929 -0.0873852844385176
0.0151519465653839 -0.0437319962467538 0.0137444966903319 -0.0943552409152255
0.0220869142161054 -0.0450332935529226 0.0555758341491621 -0.105110109079861
0.0410600132619266 -0.0412559368716505 0.0983698790858348 -0.0882228776508461
0.0568226932352614 -0.0248634735685909 0.135719022254606 -0.0503784518273255
0.0771989127178452 -0.00341333951683313 0.117455867359104 0.0150477892861875
0.0797229041464511 0.0360248608600451 0.0578159771510062 0.0383134494543243
0.0514589194854014 0.07910912655594 -0.0144493811563802 -0.00229371161194031
0.0287109505030663 0.0930338048118696 -0.0593705374448441 -0.122814833873452
0.0114226426637366 -0.0224277309351083 0.100081530951801 0.123726147778442
-0.0158036099762751 -0.0272472706707708 0.0462130169473491 0.0122835651141948
-0.0298809289658133 -0.0156446081324208 -0.0595922724858645 -0.03604694750314
-0.0227312696035063 0.000541742180259582 -0.123433265505906 -0.0128720237282429
-0.0177614467037387 -0.00171214308412782 -0.145368730332449 0.0601779138139009
-0.0157211245599888 -0.0002421004992266 -0.0996914154946818 0.116654706955562
-0.0158837361387053 0.0088027135944464 -0.0453266440772218 0.127213516806984
-0.0161534266908589 0.00462491987320297 -0.00318295835781352 0.117467534562206
-0.0233858334692658 0.00106984914012108 0.0318963677933876 0.0981757497163464
-0.0253619121979234 -0.0102609836956779 0.0567730541432248 0.0900610941564636
-0.019960905370626 -0.0175319808334775 0.0662445265870654 0.0760814567108956
-0.0159759121440842 -0.025986518855622 0.089897661984427 0.0740081006619238
-0.0124559991229343 -0.0268423395824894 0.116717270498084 0.0897308822951019
0.00454788642950772 -0.0310855390575329 0.137187382579913 0.0875212727618363
0.0211500598368067 -0.0237215735741698 0.153600554826806 0.0790302869395905
0.0649523522402625 0.0164717103045821 0.0704821034300532 0.121980158335071
0.0382112228905493 0.0095249128909461 0.0266573251109586 0.00974778891240383
0.0330445888901189 -0.000313017919263314 -0.0801164642276889 -0.0340591919045293
0.0367599238728755 -0.00907553747057441 -0.136796497181623 -0.0101935245141316
0.0266793973918408 -0.0291081994208446 -0.150086253973036 0.0603979342283427
0.00991453113131089 -0.0410983514794879 -0.103998622820726 0.113898744617764
-0.0105514693727789 -0.0378662427433034 -0.0482178723624451 0.120804578393589
-0.01913419607114 -0.03547378215835 -0.00751316093789259 0.108989023926242
-0.0315642575704685 -0.0424586933611087 0.0277621118189239 0.086263715685701
-0.0213944083988943 -0.0581800593149027 0.05541828027186 0.0742462755541328
-0.00178817610893839 -0.0636354481414001 0.0692999029062783 0.0591155867628866
0.027791608564082 -0.0691023857772795 0.0945806430781517 0.0627309245204187
0.0504768100362759 -0.0467256444645519 0.114022107603619 0.083829966491179
0.0724212641887971 -0.0172612806600582 0.122534216601956 0.0727722307846711
0.0907529400641973 0.012014775509329 0.133399854770572 0.0583703665471215
0.110549472306727 0.0536268209259649 0.0310094556545787 0.0993025239704505
0.0931099736743091 0.0466729128252139 -0.000399472274721331 -0.0109874161333358
0.0984256670223735 0.0127734172053287 -0.105237482464448 -0.0425215416623231
0.09739717324067 -0.023982218526365 -0.151527968148534 -0.0101332556854589
0.0678971054213433 -0.0585585731732197 -0.146757190691541 0.0576599823503975
0.0336090061338491 -0.0786220226323475 -0.0999384211547207 0.0999710476397835
-0.00427460729475988 -0.0799097372939206 -0.0459535150328811 0.0989779517471742
-0.0200825484597 -0.0705175605301204 -0.0127554464433347 0.0847636960861409
-0.0364876791606103 -0.0785736711600581 0.0191074571771795 0.0613501244890836
-0.0170810610729298 -0.0973133604605973 0.0490606890398412 0.0458315312834414
0.0124326791118204 -0.100522010884251 0.0701755519284967 0.0310480117997231
0.0599297616069778 -0.105872165669322 0.099414068394739 0.0453811932721241
0.100497207384787 -0.0671180505697455 0.110096931363133 0.0765821050563992
0.128161718002455 -0.00644713440895654 0.0969232789992985 0.0634379327034263
0.145956307331328 0.0436271944484911 0.0942849090906512 0.0342580966605575
0.141929655794843 0.0819025351134582 -0.0177725929414742 0.059998887605509
0.140561047338192 0.0742817275222296 -0.035101473198207 -0.0426647232891732
0.158225900106398 0.017806044131288 -0.129021048710743 -0.0565626627271365
0.147017440448371 -0.0457488383325579 -0.160034091914561 -0.0129552562456916
0.0970104930942302 -0.0870566312387441 -0.134021967392865 0.0464184813714054
0.0494836656945365 -0.108256514923709 -0.0882401592684527 0.0739960134831957
-0.000145624443257606 -0.109978254118835 -0.0403876179220577 0.0636923335656099
-0.0187664082322885 -0.0951070240873343 -0.0166050358002722 0.0488106674465308
-0.0325703230363894 -0.102654786240199 0.0109637340869548 0.0261085040347362
-0.00578718009313894 -0.121153090885674 0.0405695919049234 0.0100650447505452
0.0297124018260597 -0.120339369982722 0.0691709425407269 -0.00308681365336266
0.0871836568842359 -0.122011209030479 0.102378611270647 0.0250573808324856
0.136065976958079 -0.0731621303656104 0.101292693882033 0.0706509906341142
0.163203450324046 0.00796710401846677 0.0639088525145239 0.0582102581595209
0.177169819522013 0.0720627481630216 0.04417801214141 0.00764860454990557
0.152716274814217 0.0942385273888358 -0.0687041138447341 0.0121774544465432
0.167821872207812 0.0847578244254464 -0.0770144733322404 -0.0745403698686241
0.192435917142523 0.0130849812909626 -0.146573246807954 -0.0690262937796282
0.171306333729467 -0.0662318556342448 -0.157365793952718 -0.0180939317916024
0.106143592982362 -0.106057294400446 -0.112502892583622 0.0257860820235859
0.0533631183046904 -0.122443822928978 -0.0724478838910804 0.0357124698364841
0.00141688600902664 -0.122336043613986 -0.0339972989911979 0.0204922904032404
-0.0144108723371933 -0.104843421702928 -0.0177822090091179 0.00627406510681248
-0.0223599880607576 -0.111936039961438 0.00665905792583186 -0.0151749119575302
0.0104021048364911 -0.126886873437953 0.0364266256991466 -0.0291551923410454
0.0494323047015073 -0.120383394309151 0.0719097823417094 -0.0360420667603481
0.107473045157083 -0.115530518179786 0.102942646861337 0.00589689757928833
0.154346669197999 -0.0605094961802732 0.0893116152980917 0.0606991227382641
0.172853544336537 0.0291632091629002 0.0305994011108041 0.0505283895409855
0.179553101052291 0.0936044634950917 -0.00700455536797869 -0.0223894598684934
0.139512933850029 0.0894483213977343 -0.116654495133932 -0.0320963418560115
0.163212138608593 0.0776709353483562 -0.119210575297263 -0.0945892993551396
0.188409398767236 0.00468428079566217 -0.153951877706828 -0.0737821802023514
0.16074407651925 -0.0732813164470949 -0.141924433657218 -0.0269498803557109
0.0942935975104809 -0.104657890059028 -0.0886764651274595 -0.00286065515543605
0.0461650652965968 -0.115266859581215 -0.0590431027809344 -0.0072024929577675
0.00206648406110426 -0.115036963857402 -0.0296221628844579 -0.0238114808893798
-0.00855170363479234 -0.0983478654765936 -0.0156921346359567 -0.035908851247228
-0.00747813244138461 -0.104966962363303 0.00934863993072766 -0.0561440899385341
0.0279813673001521 -0.113896525905659 0.0419497979718548 -0.0654827101106392
0.066381075946255 -0.101020741927372 0.0829958889449573 -0.063053028915146
0.118580983543009 -0.0842234774898224 0.106121728054709 -0.00652201319923112
0.151952237252878 -0.0297060295522619 0.0756258175177888 0.0511214228266805
0.15520987042349 0.055113559110794 0.00160542586330443 0.0373147877822057
0.152270414214273 0.107071847359271 -0.0492791111068077 -0.0552281896193224
0.0991009736465681 0.0714348689199311 -0.151345483553277 -0.0655577036445689
0.124216255275931 0.0614368587892311 -0.150492197439421 -0.101681164585861
0.145321193888278 0.00222977521541402 -0.147197737021522 -0.0760538089288407
0.119998598706918 -0.0583054346267537 -0.122068713764684 -0.0383257944681062
0.0676651249026398 -0.0790850778239338 -0.0694941193449002 -0.0336566712169364
0.0360929952054188 -0.0857022352545847 -0.0515619956040359 -0.0469757988815351
0.00456131892274792 -0.0886850785828145 -0.0276760396041905 -0.0608369253297269
-0.000662118004710037 -0.0771568361189025 -0.0108604843064216 -0.0717591875727563
0.00577216826482034 -0.0822715647083804 0.0203332674039927 -0.0910703325145136
0.0378395933450657 -0.0851967329829462 0.058256362802109 -0.0927439798330511
0.0689909844108792 -0.0679617560830766 0.102369960886409 -0.0767084140732139
0.107721419909945 -0.0458444903423827 0.111836346854461 -0.010328932352504
0.126208033141427 0.00246465647366822 0.0659184370811573 0.0395770519536284
0.115443544010865 0.0704271226866214 -0.0157068295633102 0.0185401076980887
0.104530161956074 0.104320174657181 -0.0765688167601537 -0.0874172939658983
0.0390991759403996 0.0465103697082776 -0.165126310735252 -0.0840158397117865
0.0611183571703845 0.0434522172576719 -0.16365970279113 -0.0963892057273899
0.0774072428624303 0.00740851435790904 -0.134147084583614 -0.0781369987707666
0.06293490153648 -0.0257039682899792 -0.104658716983918 -0.0501905890440355
0.0361188632976398 -0.0343971383100544 -0.0617514406850025 -0.0558613629701244
0.025698753508396 -0.0412845337106636 -0.050472250187077 -0.0728936345818967
0.0105526698703346 -0.0483755598504868 -0.0275858871408819 -0.0835596269755719
0.00624131152214762 -0.0442578955888817 -0.00438895753222499 -0.0951610362575893
0.0130320294707804 -0.0471448411658772 0.0339878504150658 -0.114387894440061
0.0317564349900103 -0.0472327905997586 0.0810645692880603 -0.107020206416768
0.0503087408472994 -0.0334044806454688 0.124731516746177 -0.0771657289888686
0.0734927797811117 -0.0166951139879012 0.119464348605608 -0.00781253126608062
0.082065648382602 0.0193779064044251 0.0633780654512655 0.0293372363382565
0.0649154432710109 0.0655164662974004 -0.0193743824005011 -0.000127049180939982
0.0460946017158038 0.0816164196071874 -0.0857438040945266 -0.112459885078678
0.0117650918047557 -0.0228262034496301 0.102045703833537 0.121887471381711
-0.0156833503859755 -0.0277748878300249 0.0466537344338666 0.0108512710793914
-0.0300279378733475 -0.016190662507355 -0.0604490872125951 -0.0347247736158053
-0.023583434876351 0.000352021001489154 -0.124603441210568 -0.00988322536582831
-0.0187019520644139 -0.000672405456925491 -0.145852057515995 0.0633047558764818
-0.015813822828933 0.000256276676254543 -0.0986045804823339 0.119245401179885
-0.0155374345334564 0.0082754172100369 -0.0425725298282046 0.129884912422317
-0.0158681031236288 0.00500785099767722 -0.000571175161271052 0.119787271205688
-0.0235081176991166 0.00135219090851767 0.0345655937900621 0.0991584893895554
-0.0256693885926583 -0.00980022376289601 0.0596654608094173 0.0894969020034415
-0.0206592907687133 -0.0173848510592083 0.0690891994335447 0.0762464841082439
-0.0170662539996575 -0.0259619646226748 0.092828550494498 0.0730659231646838
-0.0127214370186215 -0.0269656408737866 0.120014166555241 0.0880204063890187
0.00494506708611334 -0.031217630191336 0.139680542828843 0.0855220248883637
0.0211610707227873 -0.0236779217780176 0.156585268113278 0.0772624797796254
0.065590776047535 0.0150038891055816 0.07242389943455 0.121634067572721
0.0393155767275521 0.00828569148795762 0.0263401975609734 0.00839579357257015
0.0336705892045149 -0.00235163828368363 -0.0810241738224774 -0.0319863552344471
0.0365518649216526 -0.011414681030956 -0.138801577525318 -0.00712328782808806
0.0255873091567848 -0.0309048045430267 -0.151229053283735 0.06416495021112
0.00832936757444841 -0.0418863162909569 -0.102863476297472 0.117029097543387
-0.0110311231387287 -0.0385834173883924 -0.0463296479360615 0.123018251634676
-0.0200923084976143 -0.0357209869331987 -0.0053451121952416 0.111021427371296
-0.0330825562665177 -0.042252679321763 0.0300288784718046 0.0869669330715928
-0.0235271685678804 -0.0588114052848905 0.0574542198664513 0.0733404726882905
-0.00306934547217308 -0.0643307305129515 0.071704992377992 0.0588714476182148
0.0255071735741288 -0.0708521794180739 0.0976531118601779 0.0614926792668999
0.0506203377579696 -0.0484329076981206 0.117393875211664 0.0816613742337695
0.0737249591982495 -0.0188573910639941 0.12506114726191 0.0705017687101025
0.0921610797074249 0.0107499376044689 0.136124028874053 0.0566356409985175
0.112010105057331 0.0517000726248038 0.0319216055523201 0.0997139095075665
0.0955077049620534 0.0449042145157306 -0.000330097299522758 -0.0122405904814901
0.100526996334479 0.00951378106038474 -0.106644674177469 -0.0400085907562203
0.0975895628173797 -0.0283741134266364 -0.153229970603905 -0.00710284649735217
0.0671000388432978 -0.0618567705475482 -0.147759614739531 0.0610704782538569
0.031288309042359 -0.0807277396485555 -0.0988337391497935 0.10321400353488
-0.00627288515649912 -0.0810306177754411 -0.0457419687968055 0.101660701192206
-0.0220517071805977 -0.0707810410457271 -0.0110954836044777 0.0863321907829086
-0.0392192550017994 -0.0783378038990704 0.0209531974393503 0.0621359836869608
-0.0200450685688651 -0.0979193996464565 0.0504362157787122 0.0451119028119506
0.0106939418948949 -0.102173970805509 0.0717555363244584 0.0304177707449401
0.0570275720946179 -0.108489449543499 0.102093508464706 0.0443238402668241
0.100831898839159 -0.0702304404828099 0.113094966248263 0.0747949616805862
0.129892759113359 -0.00977179352340753 0.0991903497310739 0.0629676911600521
0.149017782120657 0.0404704577491507 0.0960061846314444 0.0337425363667531
0.143864659805871 0.0797056985113043 -0.0171663699090786 0.0602634775062757
0.143933912722729 0.07157356879622 -0.0363664009899871 -0.0431719954102386
0.160985638032017 0.0126259760755675 -0.131286136330313 -0.0543273940539041
0.147466218173147 -0.0510492037456083 -0.161342097100812 -0.00997840344921378
0.0962084923328342 -0.0914774073372899 -0.134465957137348 0.0496574028682012
0.0464837884489479 -0.111142911787247 -0.0873586780660687 0.0765432658432811
-0.00272269562858375 -0.110951710234876 -0.0415686312785018 0.0652643432975577
-0.0207744047026954 -0.0953355404273163 -0.0156056232926197 0.0499791806216282
-0.0355555063252114 -0.102613812384792 0.0118687492842241 0.025832674519454
-0.00981005567914895 -0.12234076560939 0.0410809998576941 0.0089864954448607
0.0268516515282957 -0.123145422451041 0.0701825643437084 -0.003292626133117
0.0838957503961656 -0.125878376694001 0.104433590010836 0.0233247807859612
0.136182289525039 -0.0771094096523803 0.104099720001688 0.0682220718948886
0.165176789937091 0.00403672299405036 0.066371744342156 0.0580003816955497
0.18136849434263 0.0674561454474561 0.0445942125501311 0.00686441025835058
0.155031059498198 0.0921649994766485 -0.069658088905005 0.0131274546901168
0.171215515238183 0.0813068655299656 -0.0788101288744308 -0.0742109710729753
0.195145337270223 0.00766594284473771 -0.148941811515126 -0.0661110401394269
0.171551998704193 -0.0720383598026441 -0.158807325030471 -0.0153390805289721
0.105071196121809 -0.110716663234025 -0.113517356761665 0.028687447868348
0.0501503168483287 -0.125162621244323 -0.0722398013439555 0.0378836983691016
-0.00129464744694769 -0.123459446631737 -0.0365656652722852 0.0204606138918887
-0.0168418791788642 -0.104955954963114 -0.017666467554549 0.00680823518305946
-0.0259216064905921 -0.111731486258814 0.00628787845688887 -0.0153758573582003
0.00727596164944374 -0.128688817888676 0.0357649470095017 -0.0303863068246611
0.047144957909013 -0.123726604365925 0.0716463769739779 -0.0374015902489103
0.104761203396367 -0.119556833150643 0.104728254075575 0.00411316079293263
0.154972726064995 -0.0655336239621732 0.0915429388877118 0.0588504088963371
0.175307696081038 0.0255268376481153 0.0325544296603386 0.0507914244234663
0.183945872716128 0.0891439390792395 -0.00761976663090363 -0.0220313798372122
0.141781573139255 0.0870777584474665 -0.11897798383691 -0.0313801517399534
0.166844902019838 0.0749040037913114 -0.12199983194907 -0.0938128031686372
0.1903071367079 -0.000635400890421019 -0.156300832240873 -0.0711261499754169
0.160624249389343 -0.0787963276974063 -0.143493890561376 -0.0243192869778259
0.0933407486777931 -0.108968182018752 -0.0896526865845633 -0.00151167160339086
0.0440327601813367 -0.117491838557437 -0.0593590665580468 -0.00621726636865642
-0.000871198742232401 -0.115947117464905 -0.0326085880047407 -0.0238203332770462
-0.0105845484893543 -0.0986071586084317 -0.0166244982251532 -0.0364047826428921
-0.0109884131176801 -0.104945436629199 0.00838180499220134 -0.0567915532793509
0.0253182969039277 -0.115831149457579 0.0408539546245609 -0.067775877048084
0.0646054339437364 -0.104636767707782 0.0818162498103535 -0.0644979438042167
0.117016514617336 -0.0888201861907219 0.107227362566792 -0.00880206551336234
0.153147728408804 -0.0335944552114334 0.0779049203780475 0.0497016325665803
0.15785523519868 0.0523536300563562 0.00303813321828629 0.0383615954232654
0.156663481373885 0.103174549714165 -0.0505871864992417 -0.0540335739930366
0.100664658802719 0.0694292943909844 -0.154797180402796 -0.0645538158380731
0.126804388405289 0.0591023555216968 -0.153372381027599 -0.0990538534214944
0.147132192663005 -0.00135750409560066 -0.15067835722609 -0.0730444064705623
0.120166920687449 -0.0620195470728943 -0.123100085933045 -0.0363347303585265
0.0672063972502365 -0.0812933381409871 -0.0708576320903242 -0.0327213694799892
0.0338255717448241 -0.0878187177638348 -0.0533313218859116 -0.0465773116961346
0.00265256430296293 -0.0886469880062507 -0.0310070852886786 -0.0619228646806019
-0.00246584856162558 -0.0773892154233974 -0.013077442200851 -0.0726300488518484
0.00393467161129988 -0.0821178080736294 0.0181653661190663 -0.0929677156796299
0.0357571307539642 -0.0867577212555183 0.0570695749966355 -0.095358459490345
0.0681275940557123 -0.0711673306024831 0.100669802190163 -0.0794179264402732
0.10673782224829 -0.0494783868466676 0.112915961196797 -0.0125367482208768
0.127646235280104 -0.000593872931110216 0.0675759859972958 0.0385298350815562
0.117983978372915 0.0685564203004986 -0.0150611103548671 0.0202776902721177
0.107982324506051 0.101609031695627 -0.0782921834126163 -0.0861034161913645
0.0398121477627722 0.0451638825895504 -0.168263892965074 -0.0822009442878524
0.0630487340654107 0.0426651114550645 -0.166762366660075 -0.0938177378135321
0.0784426226170953 0.00578060652636061 -0.136925122247821 -0.0754572239570285
0.0635867226197811 -0.0272517735575852 -0.105687125379398 -0.0481326345508494
0.0370728897088299 -0.0358932209193815 -0.0630638637919284 -0.0553560880638692
0.0249385966138646 -0.0419854145040929 -0.0528218164036943 -0.0726189678865936
0.0094621635462288 -0.048863113625745 -0.0311962781399938 -0.0849729090887066
0.00555780803332479 -0.0442064831647542 -0.00657788639407642 -0.0968540300388053
0.0112796618378485 -0.048019848286868 0.03144745939676 -0.116110949600916
0.0305282870496712 -0.0478342577513458 0.0791320289427707 -0.109411685683061
0.0500178951754549 -0.0357915635541658 0.123342176639679 -0.0805891798666145
0.07321370487602 -0.0185344038794976 0.12073326931169 -0.0101982208956927
0.08282143922537 0.0180070707082265 0.0649081507948654 0.0290123114451018
0.0665426020374513 0.0644381120088675 -0.0185770659876197 0.0017093485985994
0.0482064410237767 0.0806388622015268 -0.0877290404071885 -0.111115592644962
0.0113941535180189 -0.0240031848824765 0.108494684971333 0.118486424703509
-0.0172291663476434 -0.0276393930013321 0.0474211426386385 0.00800177764675889
-0.0314888201255564 -0.0158053102843408 -0.0622058012388407 -0.031543831307429
-0.0243005355367936 0.0012223872962146 -0.126058782469732 -0.00387301872610272
-0.0199497261657599 2.73878900959772E-05 -0.144671656415987 0.0707812960031073
-0.0168297560838702 0.000215235894002451 -0.0938350051722152 0.125076764344107
-0.0148758117334154 0.00798350478884854 -0.0367005633249124 0.133712058244343
-0.0156565542409396 0.00522542624635384 0.00616107024079352 0.122414080856039
-0.023465890576334 0.00190808432529837 0.0398663230581452 0.0993987527872804
-0.0263878152965626 -0.0086094848275805 0.0650909320176004 0.0879788850876778
-0.0216076789507194 -0.0162597221866521 0.0742264792506736 0.0742748679802197
-0.0191508363974585 -0.0249339370773992 0.0980569137364754 0.0695711411475664
-0.0137262024958892 -0.0266185919985811 0.125796065733308 0.0828134049653236
0.0039417078539008 -0.0318786044493101 0.144665303799581 0.0802581967485904
0.0207328725270512 -0.0241831253873361 0.162706092359081 0.070861051846643
0.0672091787698679 0.0118145924356241 0.0784695668245004 0.119383270719598
0.0406632446361225 0.00628401678872218 0.0275860904465343 0.00648390124284529
0.0334897230337089 -0.00560311240257323 -0.0827252023424639 -0.0281256354686987
0.0358723747256635 -0.0142819725878981 -0.140508021523342 -0.000506181084692347
0.0239431187161962 -0.0328065821891335 -0.14981849616057 0.0723661058048074
0.00539307910281225 -0.0436149305743694 -0.0980016858916542 0.123597600156157
-0.0129653220399788 -0.0392237663890512 -0.0410128601444957 0.12726990310832
-0.0216293616731378 -0.0352853049270817 0.000590083889320684 0.113437987791817
-0.035638219968768 -0.0407819450133441 0.0346190930473171 0.0874568162345684
-0.0267244876216712 -0.0581083744647215 0.0618851819228572 0.0715005850400837
-0.00637632859751412 -0.0655886739460081 0.0754690426077425 0.0566195903241087
0.0214760703825876 -0.0729729443207702 0.102346125005252 0.057827747767543
0.0489451390782315 -0.0520030172583351 0.122724111126422 0.0766788659722398
0.0745370854583188 -0.0226524499854622 0.12998765142467 0.0657634754891204
0.0942792502351704 0.00583184006916404 0.140938889639825 0.0516747585365624
0.115164447292842 0.0465750124460289 0.0374097769869959 0.0990991673715746
0.0992596722905644 0.0399568975559834 -0.00133745565861932 -0.013313553205046
0.102216737794512 0.00264763678365355 -0.108801380788797 -0.0355670531425172
0.0964187285840864 -0.0349768712615215 -0.154834106641207 0.000447471573249294
0.0644196825096434 -0.0672036522808845 -0.147356269326059 0.0692029260322633
0.0268030763033416 -0.084022323929705 -0.0948811562938304 0.109248497654469
-0.0102768986675819 -0.0819679769195692 -0.0420451254154373 0.105288830090915
-0.0260228597983435 -0.0709018193065032 -0.00638059179628606 0.0886574444028948
-0.0436326756305354 -0.0766349026927659 0.0250129964747123 0.0621679294915749
-0.0257006667388545 -0.09809314539078 0.0529117501769149 0.0434442882568652
0.00470230439173998 -0.104650331545164 0.074125397870178 0.0281450595883218
0.051804126731401 -0.11267551852733 0.10611939693896 0.0392175065976948
0.0989185969994453 -0.0769721733343708 0.118069659403711 0.0694052139224355
0.132029582128283 -0.0169960613323864 0.103827772774068 0.058859934369941
0.152941641409472 0.0329000662142774 0.0989840704128945 0.0295790963183191
0.148790328662247 0.0737567285679377 -0.014954299161783 0.0617055584006149
0.149108544573137 0.0645504777418219 -0.0386021647182127 -0.0430796472549015
0.163676678957366 0.00300347895609678 -0.134444168913651 -0.04802948977539
0.145833096699409 -0.0602382885523583 -0.162863433428869 -0.00234207777439388
0.0922293836659559 -0.0990279425677625 -0.134588485324944 0.0573008943871775
0.0400709608706113 -0.115673210155023 -0.0837728044419994 0.0816528507942952
-0.00804685982194627 -0.11275625709189 -0.0403122098621167 0.0681886055609978
-0.0253372677691344 -0.0952324052814449 -0.013672779947047 0.0511679818276843
-0.0417612564865756 -0.10129926693096 0.0130856565986737 0.0263680266579046
-0.0165661233299728 -0.123627331335663 0.0415422228373849 0.00700291798249281
0.0205386687386684 -0.126851850524474 0.0703969852445972 -0.00596898078215332
0.0775992203193331 -0.131889440373622 0.107333619992675 0.0180942973233803
0.13439423637219 -0.0859439901788242 0.108718416460372 0.0627696218726056
0.16792823708978 -0.00483198332819578 0.0704726663118679 0.0559850594864273
0.187046637430803 0.0585079112795304 0.0460619151654775 0.00521069400913191
0.160946598347606 0.086050870878043 -0.0708229581756176 0.0161424180789481
0.178107574210812 0.0732487115712051 -0.0830716276489669 -0.0720933417942485
0.198425174067119 -0.0040751213893394 -0.153301017474074 -0.0591003097785805
0.169645760471585 -0.0832478349046913 -0.161009940809307 -0.00782065476124214
0.100541644831441 -0.11867604140849 -0.112966313048337 0.0337444556379615
0.0437450934162896 -0.1300976551095 -0.0709300854857078 0.0419788928955411
-0.00783712234461375 -0.125008293584337 -0.0375337251571032 0.0226152479251704
-0.0221252766863841 -0.10515007113322 -0.0179242230770012 0.00757567533881542
-0.032011982062587 -0.110895544620185 0.00589970333522518 -0.0156072427919062
-0.000254959100754782 -0.130128152767171 0.0345122081127926 -0.0327381194521003
0.0409493325308419 -0.128348021218359 0.0704961850820169 -0.0409742025085413
0.0991775739499845 -0.126560795844993 0.107096773526935 -0.00138101385255901
0.153838547135118 -0.0751797998996234 0.0958557975069669 0.0548568054512148
0.178946911693415 0.0158440129484269 0.0359937176673485 0.0508573978891415
0.191155034632437 0.0790321603283116 -0.00783792274785944 -0.0213609491916167
0.1468049391578 0.0807174667202395 -0.122597893499352 -0.0260164131660232
0.172688408670094 0.0666254162722389 -0.127981351906725 -0.0893913877663124
0.192783849821208 -0.0113289135152841 -0.16084759581506 -0.06385833987012
0.159007335550766 -0.0883295738069696 -0.145836051450199 -0.0179478778177088
0.0888743801548133 -0.116001813205466 -0.0905514528267388 0.00250809044757387
0.0380370157672634 -0.122045188170012 -0.0604971428206557 -0.00350584791440426
-0.00675943782540285 -0.116565796013031 -0.0359707500072211 -0.0233073826339958
-0.0156967777569237 -0.09858094693793 -0.0191938379704858 -0.0367990200585717
-0.0166070633099705 -0.104975509646548 0.00578922297241601 -0.0581221884964641
0.0191520523104787 -0.118495445025929 0.0376974915154834 -0.070575340940266
0.0599549957056803 -0.109631402545714 0.0783761875386297 -0.0687984890893366
0.112684887078782 -0.0965700123775136 0.108916780081065 -0.0139723321835971
0.15340127489177 -0.0426279210683976 0.0813170072784684 0.0461413380901151
0.161951085456109 0.0443112193528105 0.00604400290652395 0.0393784840173717
0.163789873563526 0.0945003249394352 -0.0534538130482264 -0.0519034215488285
0.104508070179987 0.0653867609780642 -0.16012882650427 -0.0577431870483398
0.131464186636132 0.052975732768591 -0.159210311026312 -0.0930106416846623
0.148622712404616 -0.00987907846873689 -0.155264261374182 -0.0668145115773842
0.118623838831655 -0.0693941320206305 -0.125169150667843 -0.0313150222708998
0.0643579381902935 -0.0861148890717412 -0.0733252083936797 -0.0302854944722216
0.0300212816659252 -0.0905896573250616 -0.0564338861922256 -0.0443034662148545
-0.00176192236165464 -0.0896277147378439 -0.03640407528276 -0.0619014268615905
-0.00629095241505387 -0.077243867926134 -0.0173379632559836 -0.0740873211788604
-0.000957332539340621 -0.0826826714334334 0.0135340524705213 -0.0947232747587177
0.0312141486007403 -0.0894048215418117 0.0530098744297769 -0.0995728290688833
0.0649031173236596 -0.0758559360138466 0.0980119516947778 -0.0849130401000205
0.10446375941931 -0.0558020490486837 0.114211051368422 -0.018890444629842
0.128914605483938 -0.00729387823432944 0.0711740385929207 0.0358023947847165
0.12292990583468 0.0628762154229011 -0.012765754604052 0.0215657444971371
0.114440754783493 0.0956791142034152 -0.0828951136556262 -0.0830584756565472
0.0424906766699545 0.0434712714057822 -0.175181763490077 -0.0760489731946876
0.0658600249827852 0.0396936607135143 -0.172804575966639 -0.0866315250003689
0.079923712846019 0.00117920563719172 -0.14155348095995 -0.0692147215962885
0.0631488312184561 -0.0309027377490665 -0.108717061400854 -0.0441497840484674
0.0363117624611261 -0.037794458897124 -0.06650789254326 -0.0536352116150869
0.0232774385848085 -0.0437632138035711 -0.0573303348289867 -0.071155093239183
0.00730698157483769 -0.0494777553119369 -0.0368009766898322 -0.0854420215755064
0.00340084592054643 -0.044337019221429 -0.0117422919549364 -0.0983882044966749
0.00941309308996282 -0.0481321056471235 0.0260027897980908 -0.119751169095456
0.0279552670672175 -0.0498040414292878 0.0751044687761302 -0.115707867974059
0.0489741456607843 -0.0390326317324072 0.120630193477622 -0.087155847101553
0.0726862252783434 -0.0223296918311193 0.122211914200902 -0.016634178387391
0.0842198208297321 0.0138064277034386 0.0669983349067337 0.0262974697422602
0.0697557381456014 0.0622752787973414 -0.0176560213488531 0.00395789555007888
0.0531274309628563 0.0778689227779688 -0.0937618570171312 -0.107915131381967
0.00960243613396414 -0.024430348089415 0.114694139617587 0.109221564650805
-0.0187292406875498 -0.0260873241003126 0.0473481195577202 0.00370348522229359
-0.0329809546771238 -0.0136404220656442 -0.0624112255743542 -0.0265343135417419
-0.024159660811062 0.00276990006860455 -0.124650837289777 0.00469249918974538
-0.0198376584255799 0.00151092025045732 -0.137556987121415 0.0803385545225108
-0.017395812475538 0.00138113466559155 -0.0836452227468479 0.12953391155503
-0.0138855315554818 0.00800927501753786 -0.0261216919089134 0.134757919505277
-0.0150029607766612 0.00564057836796783 0.0154389325282835 0.120967594219785
-0.0226937078356447 0.00385615242457981 0.0468449052267953 0.0956475092150503
-0.0264788217626414 -0.00677066567693483 0.0705964103627186 0.0819239940520273
-0.0224359837927123 -0.0145798669603976 0.0784566782775985 0.0680673026433458
-0.0206965277919648 -0.0228724829411447 0.101357598261575 0.0612497192711831
-0.014917873789106 -0.025259125507356 0.129585408024952 0.0720197203005344
0.0022389087009253 -0.0318730588123194 0.147402322960683 0.0687325567505424
0.0188964199205421 -0.0249095295393755 0.165271666273753 0.0592738026857101
0.066526577474728 0.00720150257625727 0.0850066864070795 0.111881560811368
0.0404622421159057 0.00273595864711222 0.0272034883331355 0.00325419524445317
0.0321327568446608 -0.00858619915202817 -0.0821290201174139 -0.0217727129607396
0.0341329573667534 -0.017468478988124 -0.137537528072548 0.00929298524612904
0.0207602096811322 -0.0343447806315454 -0.142958516540454 0.0821344282088133
0.00165625155264692 -0.0433506139655336 -0.0878535413129919 0.128443704214828
-0.0154679789374501 -0.0386967748011712 -0.0314387183507469 0.128603194845635
-0.0240089831708415 -0.0334932381978025 0.00930794657910859 0.112016302595986
-0.0377741885839413 -0.0372376636805146 0.0409031235047406 0.0840171963256325
-0.0304466634348812 -0.055732575314116 0.0659927457963825 0.0660039553507052
-0.0112866612078092 -0.0641860988633022 0.0788649046870376 0.0509689771690865
0.0152806876423967 -0.0727737337669892 0.105347810798765 0.0493425804797519
0.0448121430314903 -0.0547940638085582 0.126131303795405 0.0658541391113047
0.0716084739560941 -0.0282467499764353 0.131891322557829 0.0565455484955499
0.0930273768785942 -0.00113199939813267 0.142369345516103 0.0419714536017917
0.116630776779842 0.0380618904708738 0.0423252632985611 0.0947063138268698
0.100534277175615 0.0321585123971154 -0.00226350716332752 -0.0138879126515897
0.10017949212015 -0.00600962018394217 -0.107952687812454 -0.0269320155205126
0.0921935382654276 -0.0424973098290605 -0.152008455584223 0.0102801503676885
0.0578793887391623 -0.0716262376202064 -0.139894357882259 0.0781903659142351
0.0191743580717381 -0.0846904660004618 -0.0850010077140688 0.114125855392636
-0.0161272463897564 -0.0804152596368737 -0.034559022222914 0.106682813141642
-0.0300938742661002 -0.0680679057116858 9.9330764287414E-05 0.0880487593934147
-0.0483662843739742 -0.0716576384410833 0.0289256279123024 0.0603261638569189
-0.0325656096502385 -0.0946308147526588 0.0549703373976874 0.0387963329685256
-0.0027447250767476 -0.103868937450488 0.0751051379567921 0.0231708461188159
0.042115568550637 -0.114309741681908 0.108030239019195 0.0307621560755205
0.0916014733071036 -0.0834931346075975 0.120775619443033 0.0596512094756921
0.128909790162507 -0.0262791696368776 0.106019580392493 0.0507171052401261
0.153161419307745 0.0198663526117809 0.0999084464199159 0.0230911335178251
0.151011572262213 0.0629245434060587 -0.0111127079470819 0.0616958721782398
0.152024079618648 0.0526667182363427 -0.0408692962973059 -0.0407980212129034
0.160132540194569 -0.0100611151185418 -0.134034744997125 -0.0379926656618444
0.138648240687325 -0.0712275173891517 -0.160215401384409 0.00863701492298801
0.0834255015767205 -0.105765360040835 -0.127849958153195 0.0657156503261067
0.0307282368368416 -0.11715010563743 -0.0765798585596607 0.0860716073518385
-0.0158893329985689 -0.110407321404162 -0.0362197990796787 0.0705511745123412
-0.0315252822042522 -0.0916409326693203 -0.00977729924000659 0.0520557305903505
-0.0479331754508694 -0.0962156261083665 0.015625335471014 0.0251463128826346
-0.0259198735777579 -0.119861125390103 0.0413423242998899 0.00394796907015711
0.0107408192015104 -0.126866352599244 0.0690743173632054 -0.0101996145242282
0.0656211340365142 -0.135571833069118 0.107893732388061 0.0103067694965712
0.125877046799829 -0.0956958202943247 0.110997227236989 0.0542546872861636
0.165760101928969 -0.0171022630636737 0.0739822770816205 0.0499657476472532
0.188247980455908 0.042099153421477 0.0463792296505975 0.00308044090361418
0.163398336978764 0.0734043896248294 -0.0691531154108276 0.0203479310279321
0.179928132691796 0.059301161299232 -0.0865403183472503 -0.0651048434004058
0.194503528138163 -0.0195887887721363 -0.153818681227892 -0.0469972303926902
0.160485731833115 -0.0954647787289746 -0.158247487251613 0.00263401662595966
0.0900772562466065 -0.125342322664824 -0.108840831556343 0.0415054513599166
0.0327564522916324 -0.131959290464138 -0.0664316074812566 0.045712447461928
-0.0167258352630167 -0.122443341257359 -0.0372858810215501 0.0251385343585559
-0.0289264412302343 -0.101326678646189 -0.0176857612733635 0.00845884203239692
-0.0393295078179527 -0.105779041656949 0.00516016735074643 -0.0159067912636036
-0.0102948616254221 -0.128674812886787 0.0310977530501979 -0.0348648400606182
0.0306423588681843 -0.130297729587443 0.0656751206648003 -0.0436597960115036
0.0873696236767599 -0.132438205095806 0.106074985295252 -0.0097755439434185
0.145830057950071 -0.0861138736492759 0.0975543823709923 0.0470451259119261
0.177373416954284 0.00244362139242184 0.0397124718924436 0.0479328799424084
0.19290115857475 0.0622611823426897 -0.00888561136812656 -0.0200993302231953
0.149145901081216 0.069514603498422 -0.122934486366097 -0.0175607621090948
0.174665017845746 0.0527463949586004 -0.131194505503891 -0.0785102965438371
0.188583258892847 -0.0261089043710643 -0.161792261662245 -0.0509584587828375
0.149610911342202 -0.0997537698546134 -0.144673262830644 -0.00860682245565288
0.0792819272889472 -0.121904549237453 -0.0891219532294172 0.00884439109857424
0.0282718785357111 -0.123066922553916 -0.0594970553419218 0.000442989301916923
-0.014901618547875 -0.114530896778197 -0.0393921268403384 -0.0203611977324291
-0.0219313206495628 -0.0957221324497816 -0.0225385350054966 -0.0349272561184099
-0.0241460877095141 -0.101050506044925 0.00160120364992322 -0.05796247215454
0.00976752848099255 -0.117860036940146 0.031806546443455 -0.0723866009237346
0.0502992359138422 -0.112985083606564 0.0723913699190727 -0.0726463994278682
0.10335616332467 -0.103114668775879 0.106797544232513 -0.022024655935652
0.147722401283759 -0.0539855398202404 0.0834094621910527 0.0399169039986246
0.162468685376126 0.0315171353483948 0.00975512051974936 0.0389041022821574
0.167773023324393 0.0797875266733893 -0.0555794309914639 -0.0467870041728078
0.106865555949743 0.0570268858992883 -0.161939477257351 -0.0464424361069164
0.132702648660782 0.042223107140033 -0.162773270909369 -0.0799249622228055
0.145784069655409 -0.021495440240751 -0.15688542134217 -0.0544702549619656
0.111800654504061 -0.0774676573204929 -0.125519996829834 -0.0227862776075636
0.0578294451200201 -0.0899713848018326 -0.0744424912746392 -0.0247458751301119
0.0225678013098623 -0.0920837132061545 -0.0582574320029111 -0.04013176527238
-0.00817570760875414 -0.0871305769788892 -0.0421198269867964 -0.0588172495775636
-0.0116908182002169 -0.0748803580264883 -0.0227570635182386 -0.0724289146297401
-0.00686771853121943 -0.0807722890888794 0.00628115343718273 -0.0946618241513339
0.0235144020452815 -0.0898812358452731 0.044762813716033 -0.101805805305905
0.058101706329708 -0.0800700276212187 0.0897882084340861 -0.0896558452016187
0.0983299400721257 -0.0627524215650282 0.112079354118439 -0.027463828524254
0.126063824936952 -0.0169417291343133 0.0720584309859053 0.0302483184390166
0.124533861645932 0.0531272366634 -0.0099757499711329 0.0233924486689356
0.119164777526342 0.0845945030791055 -0.0867510931315608 -0.0751815481051232
0.0444714080117638 0.0395269152705691 -0.178550968257691 -0.0635013951570049
0.0675913940333142 0.0335243401732431 -0.175258122359794 -0.0724464592255429
0.0789837672110265 -0.00457341946969008 -0.143841072759989 -0.0586635107329165
0.0607219456309044 -0.0350118373720157 -0.109844894373324 -0.0365902198534564
0.0339136686822392 -0.0401255407605371 -0.0690186981292173 -0.049088918827382
0.0198160159628565 -0.0447201855524854 -0.0612309579551192 -0.0661083416275538
0.0034694747751927 -0.0484525647421949 -0.0438873406208522 -0.0823078482763632
0.000285143357199992 -0.0435337562007927 -0.0194344635192859 -0.0975026744996657
0.00607182538775181 -0.0480917677204835 0.0173014232530269 -0.119890471523099
0.0239358324470187 -0.0503881329192117 0.0656145975307313 -0.119390950979766
0.0449927060216492 -0.0419947439646105 0.112545488020429 -0.0941076013408087
0.0690663345696999 -0.027538159031114 0.119817196560529 -0.0244899762070562
0.0838333531202811 0.00699361693789308 0.0677415511579278 0.0216142373555245
0.0723787713843447 0.0559909419214114 -0.0159119677128717 0.0056859854401638
0.0577911569616336 0.0711755126538865 -0.0996815680989043 -0.098957136632254
0.00815669515190993 -0.0241009960581535 0.114057873764736 0.0964565553460092
-0.0186224097806974 -0.0242096311932797 0.0449374094180481 0.000149211961604384
-0.032491397472898 -0.0113419574930189 -0.0598310670175732 -0.0219642675098071
-0.0233867658734084 0.00382706062070803 -0.117109407960819 0.011534664687846
-0.0191020246187444 0.00336023274159032 -0.12592411914485 0.0834957834375074
-0.0163458043887094 0.00248043199585575 -0.0716044963101247 0.127353554334358
-0.0129447272835819 0.00755647846003522 -0.015848829709426 0.129067670393552
-0.0136749521890737 0.00577147123911192 0.0225989024564791 0.113845090279511
-0.0207777349321645 0.00486435234678445 0.050477497408527 0.088259783643445
-0.0254641206132345 -0.00499007995490421 0.0720455881702798 0.0739339435004794
-0.02213131163317 -0.0122561691335482 0.0787081708661575 0.0595167165994154
-0.0211496307853819 -0.0199731983170117 0.0993146679787778 0.0519068178164135
-0.0148587957319609 -0.0231495380108304 0.126448234100044 0.0604965282919226
0.000516630549034024 -0.0306966350751162 0.142918210423948 0.0575584193713231
0.016365258227383 -0.0241582989395165 0.159791590308884 0.0474303638574699
0.0638203812708876 0.00281748939604196 0.0865013865707807 0.100667334274507
0.0387476231305401 -7.35900670801909E-05 0.0262710392172123 0.00101501158860329
0.0292157757582364 -0.0105994846239094 -0.0781080945134721 -0.016737477557016
0.0303964109177888 -0.0189205226364695 -0.129440151486461 0.0162258516235793
0.0171580330483376 -0.0344139666172942 -0.130672601627333 0.0856477445753774
-0.00172598194975983 -0.0411310441247785 -0.0758019315577361 0.126551882857444
-0.0173882963569375 -0.0364503039598829 -0.0221525602953195 0.124219678940504
-0.0243924044622914 -0.0305539448689935 0.0161124381834645 0.10664581999328
-0.037791232819969 -0.0326965960379226 0.0443074680168617 0.0774737631910466
-0.0326981976294415 -0.0507219637838714 0.0662694265412771 0.0590216732249824
-0.0146129861985162 -0.0601303468343792 0.0779437482084124 0.0440237083379226
0.00995794703397833 -0.0692640225707899 0.102649274545348 0.0396176886194659
0.0395651438618378 -0.0548917456744909 0.123155234952492 0.054628707195224
0.0665886938472816 -0.0314647530270482 0.12758530524909 0.0459505139615045
0.0876472725911691 -0.00684241281097634 0.137664075081906 0.0322373490905835
0.112396677586945 0.0294851764298085 0.0451495259572295 0.0871332225312151
0.0972801216958649 0.0244355903208336 -0.00286502637353427 -0.0136688828280681
0.09384851575579 -0.0124756120551875 -0.102458500524436 -0.0195686704220926
0.0840707563470242 -0.0463346983596128 -0.142964569609301 0.0185312597642769
0.0501949950105843 -0.0721475899143595 -0.127771199410696 0.0825828167885365
0.0123653386145342 -0.0821553998700582 -0.0737074432680561 0.112902481820036
-0.0202266511851852 -0.0758566199400958 -0.026852940106251 0.103860015226608
-0.0322755912890123 -0.0626414414919163 0.00541897846040027 0.0841119130033046
-0.0496920495566206 -0.0644301448844445 0.0316755491465942 0.0549865891841997
-0.0369958268250722 -0.087889707890151 0.054229329546373 0.0338197172001762
-0.00937861347985672 -0.0986380829857255 0.0730481732887983 0.018169931585305
0.0323579310433157 -0.110421818036767 0.104473843508007 0.021739935246473
0.0820180107516934 -0.0850725859954875 0.117599137910485 0.0488833007747795
0.120722247998264 -0.0336005524165753 0.103638178916157 0.0422863866240724
0.145324578340773 0.00872874326934131 0.096288777888825 0.0170198348079602
0.146247470373432 0.0506805011093894 -0.00749913795198523 0.0593550814983665
0.146961795170845 0.0407654320136703 -0.0406351842988238 -0.0361256510233761
0.150797402803995 -0.0207018754510697 -0.127913915855008 -0.0285792531486747
0.126816669682508 -0.0774027232308608 -0.151404840573982 0.0173202526205587
0.071905532449938 -0.105709281184082 -0.117137461381717 0.0696384340970805
0.0209897487934391 -0.11317706033807 -0.0669722138166874 0.0856082602596624
-0.0223279504693531 -0.103849708550584 -0.0309781748074362 0.0694336465653895
-0.0351715034488065 -0.0856547579467459 -0.0061773933983297 0.0501067806570718
-0.0513151961009142 -0.0871538736301507 0.0166441576060351 0.0228748925133512
-0.032240276469164 -0.112078482532929 0.0386487477200426 0.00154332373597594
0.00181249618589155 -0.121236529059062 0.0652053325970079 -0.0121693047568383
0.0532845246774552 -0.131985129181015 0.103256665228058 0.0028500985693714
0.113819995343283 -0.0994649678388076 0.108388356709918 0.0443180382296854
0.15519713494993 -0.0273769044617047 0.0733291535193374 0.0436751741868988
0.17984417642236 0.0270274846976885 0.0445432356149878 0.000773513391247755
0.158606591094513 0.0601778280098055 -0.0643885907711485 0.0233651418822428
0.173910827111457 0.0447515922731458 -0.0848894716543894 -0.0570321432122528
0.182450748877581 -0.0316277513287199 -0.146957779834839 -0.0357469922220134
0.145290630400547 -0.100775479212698 -0.148987688943583 0.0118015285263516
0.0774427401572992 -0.125246028481917 -0.100451697706709 0.0451840357013809
0.0223020512930818 -0.127252030132932 -0.0594750624012173 0.0465304906361548
-0.0234009974026472 -0.114966518590718 -0.0346631390813026 0.0266439816171966
-0.033367999019637 -0.0946180281235555 -0.0168835760564356 0.0091053294757351
-0.043628909010706 -0.0973426715609939 0.0041645251533453 -0.0156283204096894
-0.0179178163617508 -0.120755712280829 0.0272394927221526 -0.034461749017826
0.0204063362605763 -0.126244939851932 0.059878245973505 -0.0444918387588776
0.0741794336889529 -0.130465115173107 0.100071788533718 -0.0156185001347338
0.132433047627363 -0.0913283239461816 0.0953235923117491 0.0388474534243091
0.167668622340103 -0.00916232488937511 0.041350826688372 0.0433544329452636
0.185389191494435 0.0454461269008491 -0.0094015702453655 -0.0176434304658021
0.145269445157633 0.0571054176813805 -0.118220217557129 -0.00938909468275404
0.167755810994746 0.0392768355728891 -0.128136768180455 -0.0667824033598419
0.176712141922883 -0.037377291764475 -0.155215057237813 -0.0393180562612621
0.135350948672165 -0.104538262889876 -0.136931162569385 0.000365763290577418
0.0675578228363885 -0.120893110487207 -0.0840112636379454 0.0131154576122683
0.0187944670747271 -0.118725382197595 -0.0561544965258726 0.00343120401246789
-0.0211606069023864 -0.107072380443685 -0.0399370700086985 -0.0165170662658553
-0.0263191672529323 -0.0890920020982709 -0.0241209508435824 -0.0322549988289302
-0.028809670619857 -0.0937078525658305 -0.00198922283411783 -0.0554948071095967
0.00135698211335054 -0.111613817451601 0.0256060347586865 -0.0701002884201437
0.0408634495976515 -0.110771994340753 0.0643134424372505 -0.0722760560030716
0.0905167649102472 -0.104018656186322 0.100564445586067 -0.0277289923146796
0.136081772776909 -0.0606989373706026 0.080980413909412 0.0333395443402995
0.15577659140408 0.0194802515117879 0.0125967876183673 0.0364732204184383
0.162344468034231 0.0630870028076382 -0.0548220444856967 -0.0404335639233252
0.10495786880966 0.0474794044917875 -0.156201102307429 -0.0353851297265476
0.127770699317471 0.0317191683633575 -0.158279850674757 -0.0655907849262406
0.136127202427548 -0.0298062843854144 -0.150336876232883 -0.0423971885538339
0.101089850093824 -0.0808679822552862 -0.119539291370648 -0.0144533778103437
0.0493956767735745 -0.0895616550271278 -0.0715986518942755 -0.0202146302657451
0.0158467462419875 -0.0883695043716062 -0.057759990453456 -0.0354527864388986
-0.0130346676260551 -0.0823142899656224 -0.0453618432706158 -0.0528221462392084
-0.0150788700612651 -0.0701303188264979 -0.0269676940489963 -0.0677745192132714
-0.0110704711784268 -0.075626031319439 0.000656333164965929 -0.0900899956614091
0.0168177432386184 -0.0860200866041856 0.0360044711505747 -0.0990811764330934
0.0498557868275486 -0.0794727582527991 0.0793848212852854 -0.0897920004427664
0.0887683918508966 -0.0652705428000426 0.104641938547679 -0.0327091687996159
0.117990120640122 -0.0243748524495517 0.070056645719901 0.0248962387900764
0.121030840219648 0.0429692800304555 -0.00684127968895311 0.0225319543590474
0.117172164199099 0.0708440533847782 -0.0860704210830587 -0.0657309756904813
0.044191786014348 0.034798580111115 -0.173019815808045 -0.0509573459180801
0.0656452941468283 0.0275297989933522 -0.169355664496593 -0.0579084647193688
0.0744641572562993 -0.00992195269113613 -0.138925177348583 -0.0465532163672275
0.0557241393733084 -0.0376179831312324 -0.105439719357436 -0.0284330062642223
0.0298952548556793 -0.0398965195886039 -0.0683456039624063 -0.0434145701384136
0.0163798054351905 -0.0439118681224741 -0.0627424127751068 -0.0592779970143403
0.000487225707114303 -0.0460188730080179 -0.0479808632051143 -0.0757303975581721
-0.00207334224874484 -0.0407975135907865 -0.0249918124171882 -0.0914612578813966
0.00245634445574457 -0.0450782373777138 0.00892741150897467 -0.114578384848744
0.0193538459515263 -0.0488610427492525 0.0544765847713145 -0.116852798838404
0.0403486876291866 -0.0426903264915711 0.100040081726743 -0.0958061191960304
0.0638048412747776 -0.0296898608037462 0.112052643804814 -0.0311546115972374
0.0796294786565703 0.00130718941135205 0.0648534488960014 0.0169092468118277
0.0714898275647994 0.0486883238060514 -0.0136164640885122 0.00666018946892172
0.0587902004114302 0.062742938159647 -0.0992113415092889 -0.0874628720109782
0.00786080122752251 -0.0232163828924233 0.120112958488052 0.0683007084490233
-0.0200590497187582 -0.0202463986720631 0.0413794818903841 -0.00867747478218558
-0.0314046595131752 -0.00495153539319821 -0.0596138134794904 -0.0130722126798499
-0.0210440960617232 0.00935577750719629 -0.108529711728878 0.0273617108540289
-0.0159021289526784 0.00845074075899028 -0.105422322158941 0.0974925615978789
-0.0139064452124351 0.00534987918576885 -0.0490642476442029 0.12977184609795
-0.00982963359311442 0.0086326654533055 0.00291278401408706 0.124086968970125
-0.0112977242075155 0.0068888030973779 0.0380927674208663 0.103116338055975
-0.0177481879076314 0.00683422541238659 0.0611619924194007 0.0752137233098972
-0.0231193176458997 -0.00118650347654756 0.0793788219603834 0.0570093568252613
-0.0207755705251624 -0.00863779463865593 0.0832668735510504 0.0431711008556104
-0.0207977235755696 -0.0147105703342894 0.0996946742592393 0.0324956551026612
-0.0149751175909111 -0.0187308288019253 0.12596477601272 0.0356186148500044
-0.00144522980625215 -0.0267970307297311 0.139867748600936 0.0299772925360869
0.0148519520350645 -0.0241224310388195 0.154545519998215 0.0222630175144339
0.0603130478135683 -0.00492317089742251 0.0983871186040949 0.078976844090104
0.0356133568446947 -0.00578200912911154 0.0255420697964446 -0.00371725353037636
0.023738214069174 -0.0125151165845889 -0.0719175584378267 -0.00429248049783833
0.0233610446296595 -0.0194375300904991 -0.115561317265776 0.0340832029945101
0.0115986556447261 -0.0305237464181949 -0.107025626154039 0.098409694433276
-0.00625037164343628 -0.0363372355889386 -0.0519385535235768 0.127213251602008
-0.0201074774798087 -0.0308864603575138 -0.00297560589090099 0.118466133398327
-0.0255277864900837 -0.0253656820692784 0.0310065481140616 0.0967811497607842
-0.0381337344139494 -0.0259654649085986 0.0548899663533189 0.0664355698485253
-0.035887673662016 -0.0428107034361402 0.0731087523977571 0.0443830088060469
-0.0195786254552262 -0.0537190331179051 0.0803351119788467 0.0292704257416235
0.00161682737648345 -0.0646431150244714 0.10111265190187 0.0221910910363468
0.0311490776048923 -0.0544681986552882 0.122793442322966 0.030648903493562
0.0581935708264631 -0.0366359838351797 0.12411072563707 0.0235891834102543
0.0824926384239692 -0.0171349722038479 0.131357962553929 0.0120562873576309
0.107215335123971 0.014891936985858 0.0604879948495512 0.0749889292942903
0.0908304355552625 0.00918923373615598 -0.0012119779071902 -0.0109897223196741
0.0812411850370068 -0.0224496743129845 -0.0907187372445518 -0.002308765873615
0.0673823136754922 -0.0514063483143399 -0.122961401240944 0.0391184517584676
0.0363447130255762 -0.0699195118796718 -0.102397259750182 0.092127483210516
0.00161294100268996 -0.0757877031347894 -0.0510915809761956 0.112288882414117
-0.0283570331926915 -0.0663868297757842 -0.009995960053543 0.098449079259917
-0.0364989767689303 -0.0539573931685715 0.0180842439003763 0.0773876816928833
-0.0537724577094895 -0.0531192431389096 0.0396834701665148 0.0475140397763137
-0.0452278539566897 -0.076628631738574 0.0584599220628075 0.022944483991416
-0.0188740123462794 -0.0898340441639717 0.071327134420282 0.00659958242233753
0.0170166343810373 -0.105627902801186 0.0996169902849971 0.00584288591579101
0.0660903265714985 -0.0869896410726823 0.118453134370768 0.02650210830055
0.107294019427782 -0.0461424341649567 0.101195066645005 0.0248894341425673
0.136833144290609 -0.00941019801535786 0.0912142767342129 0.0039892209533888
0.139424720432217 0.0300309721164582 0.00922163367101652 0.0586523816476393
0.137834411597922 0.0177029255584684 -0.0383183469677111 -0.0251610954381925
0.130656370646524 -0.0371010222610953 -0.11143087852362 -0.00614056352981058
0.100739432377995 -0.0850766343586117 -0.127691546522937 0.0383783500983894
0.0511552114135224 -0.10338527996767 -0.092737238229571 0.07651667868443
0.00517639486907079 -0.10551354546176 -0.0489790513511051 0.084196906978317
-0.0337141794181617 -0.0917948343102352 -0.0186737113655643 0.0652139614430715
-0.0417932855710568 -0.0744748382776562 0.00175073346791182 0.0466378682460121
-0.0583685669220023 -0.0733013486554579 0.0214021422362802 0.0199496030710987
-0.0446641789174353 -0.0996856490705717 0.0392443771211771 -0.00433162268543796
-0.0117749913635858 -0.112195274903834 0.0589480889632426 -0.0208073634700754
0.0334555771611021 -0.129028458107989 0.0955793742961486 -0.0110156148406456
0.0929846971534547 -0.103549705376675 0.109691033510367 0.0241554118755358
0.13899423887651 -0.0453104201390462 0.0730335284627845 0.0316172563460591
0.169283054875374 0.00222132442903689 0.040471589941336 -0.00334653752402298
0.15078513062008 0.0377574895535656 -0.0481374489500483 0.0355410961408079
0.16179759030416 0.0183458188992723 -0.0814328970503818 -0.0362500618972137
0.157673100009785 -0.0511094450639448 -0.127718904398618 -0.00974065689373551
0.114854833515049 -0.109146199502912 -0.124155185630187 0.0322996136102518
0.0530816927279275 -0.122701426404788 -0.0802102387628722 0.0497482878427835
0.00432519078661839 -0.118853800264169 -0.0478931053126445 0.0458718505358949
-0.0368812275609766 -0.101010703023578 -0.0284922334005622 0.0250937215691075
-0.0415329705669676 -0.0828311274773008 -0.0134383899070047 0.0095124693850417
-0.0525561208909496 -0.0838761882257209 0.00300668052685261 -0.0140931444123591
-0.0326476830636197 -0.10936673462825 0.0227798073948296 -0.0354534062095506
0.00468610804502085 -0.118830241982319 0.0487900330247623 -0.0495331355424825
0.0526241021785654 -0.13010021025546 0.0891824602660357 -0.0274611981664356
0.110505917081844 -0.0983208689772953 0.0967440453587448 0.0212364582348232
0.152076403706744 -0.0301946542291366 0.0439077278221918 0.0357987129428175
0.17650227395374 0.0188411599098874 -0.0113985585859926 -0.0126887947909126
0.136819954443403 0.0367613273876296 -0.103025163548101 0.0137260059365215
0.155560245227038 0.0143251604530965 -0.123153367518399 -0.0382072197359545
0.151692315085677 -0.0552273094058604 -0.136055987969884 -0.0121563888702685
0.10553791356207 -0.111399620655256 -0.114992048420968 0.0194744346057213
0.0446194422253492 -0.117796525629448 -0.0704386936399394 0.0173462418131066
0.00192393628831484 -0.11112901255709 -0.0513690243230399 0.00572058550031967
-0.0340065233573378 -0.0943089407549911 -0.0398926903672806 -0.0144998173769826
-0.0347332083458646 -0.0790373551974906 -0.0268970988469492 -0.0271140975434941
-0.038573005648618 -0.0820466133402906 -0.0088886182125893 -0.0508597731650285
-0.0138473578657412 -0.103717331808731 0.0151353943088979 -0.0682637618138862
0.0247895756127306 -0.107738404613364 0.0482930153166314 -0.0756397713300517
0.0718384260560353 -0.107892003199435 0.0875941185575963 -0.03900347349588
0.11734649731149 -0.0711399238004821 0.0823679717065212 0.0189683234933477
0.144666081965045 -0.00247876303773978 0.0160152404285003 0.0344083810208873
0.156270680549429 0.037677971106829 -0.0568792836348658 -0.0274885708275731
0.0978351405987878 0.0326313821645403 -0.144703783093688 -0.00453778955732049
0.11810098506063 0.0139577079652526 -0.151578001220478 -0.033427921214106
0.116242568947121 -0.0433830266821342 -0.135523252282361 -0.0157414019634102
0.0778801555345145 -0.0855080065778008 -0.104351547412265 0.00328479382347319
0.0325334224489988 -0.08729288672412 -0.0660490689312658 -0.0134524073143643
0.00275138145489907 -0.0827666504821782 -0.0583968167193795 -0.0289346711744997
-0.0229453540209283 -0.0725519946931899 -0.0505355260993103 -0.0475534918943263
-0.0224609204262343 -0.0625762823262264 -0.0350822805581076 -0.0601884578918105
-0.0202093084284711 -0.0677240067055015 -0.0123290034386201 -0.0843881583280838
0.00386748418927209 -0.0823561051410753 0.0197670228531177 -0.0973140516122293
0.0371728401670159 -0.0800143521513153 0.059516841638787 -0.0947102781180756
0.0749888565837493 -0.0720721876364859 0.0906121081539061 -0.0445596890883993
0.104661375929685 -0.0351452657776326 0.0703326452013239 0.0135098282523285
0.115751254977738 0.0234597871880378 -0.00405296862404241 0.0236588020833587
0.114635061931321 0.050295498759611 -0.0887560158092971 -0.0470398992857606
0.0412120252763058 0.0278987971769751 -0.165893282290361 -0.0170998344201984
0.0609808255423242 0.0181924178520658 -0.163151201574825 -0.0248963674029548
0.0639265079460561 -0.0169755290106946 -0.130317902723675 -0.0212293171656196
0.0433577380916898 -0.0403696414877464 -0.0976926798532807 -0.0113423408106498
0.0212047105235532 -0.0399729978142137 -0.068280573871924 -0.0324197427425111
0.00883823397243724 -0.0420263360248912 -0.0670951685339285 -0.0485413753945765
-0.00620049650109633 -0.0411392633374378 -0.0560893960369543 -0.0668341935200814
-0.00729326136399139 -0.0367598898448405 -0.0371302205738039 -0.0823913916968266
-0.00418037437343292 -0.0415453958342832 -0.00860399494930044 -0.108510272336596
0.0113069790469673 -0.0481417766616794 0.0335307378252103 -0.116950885580039
0.0326484709861744 -0.0451334894323714 0.0775532868886778 -0.103874322808358
0.0562177150777156 -0.0355495962676421 0.0976078964503077 -0.0451157238086654
0.0726109631943268 -0.00748403558495441 0.064125830957734 0.00679247870850806
0.0716927447340977 0.0355894716251843 -0.0123223241588745 0.00882771936440595
0.0599472104970787 0.0497749819911429 -0.103452874494802 -0.0659902228633921
0.00780570429269165 -0.022339584121654 0.11144781688047 0.0672983715216909
-0.0181896913835316 -0.0195713896705365 0.0389681345324247 -0.008396600495887
-0.0298218516664069 -0.00522865929486781 -0.0555683708991204 -0.0146318226945706
-0.0201727596018717 0.00842083291763139 -0.103049432126476 0.0232862147248839
-0.0149757725558248 0.00762415648594121 -0.101963498276859 0.0905801645881905
-0.0134835511919479 0.00522131767901709 -0.049049575846784 0.121456687841096
-0.00981496423622802 0.0072132174229566 0.00106761329335992 0.117039468170489
-0.0105072594936344 0.00611046135018367 0.0350288655818227 0.0990107376136975
-0.0166918548813457 0.0055547869987443 0.0567517495681048 0.0727517861463863
-0.0219334585465952 -0.00167411588459232 0.0748870287161112 0.0555260961880001
-0.0197558907206159 -0.00838811868205488 0.0785311592297862 0.0420641533520276
-0.0189551746545658 -0.0143971183787632 0.0932785097530079 0.0326736647911674
-0.0131800909027451 -0.0180967448980155 0.118550468387115 0.0358266640140497
-0.000779851497205565 -0.0251310734581671 0.131896375085928 0.0313458526914875
0.0145149738621662 -0.0217160519847296 0.146679721272515 0.0253280882900816
0.0572363386210424 -0.00358949082742832 0.0914308413271027 0.0772884376279049
0.0339792377305313 -0.00459716502380375 0.0240916820466586 -0.00404957054204137
0.0221918031919398 -0.0116332373441617 -0.0668708462151748 -0.00642751708370892
0.0219897157866379 -0.0183952720899131 -0.109847515398773 0.0298793292548512
0.0113651143977966 -0.0288168111598789 -0.102668726766532 0.0911591657346813
-0.0057235720380749 -0.0345993643936898 -0.0518989489910451 0.118769413136629
-0.0189859830274595 -0.0299723910030489 -0.00458176563896912 0.111976461775854
-0.0236504492983655 -0.0252334858192362 0.0285283306289165 0.092457574079434
-0.0353905604855249 -0.0250265866799413 0.0505882894579681 0.0643989888076048
-0.0332866425881733 -0.0410683983934365 0.0683762615434167 0.0439105960492255
-0.0176501682507876 -0.0513071693340684 0.0759409587644121 0.0294988523921408
0.00255479645591757 -0.0605925877288461 0.0942685143674426 0.0218696901786044
0.0303576159428771 -0.0516224115666183 0.115162322318644 0.0309199948859338
0.0558084404207624 -0.0337891595032588 0.117542993683413 0.0250140493001465
0.0779466820018751 -0.014596861488047 0.124680473056721 0.0144121195309696
0.101055694281052 0.0154803701256712 0.0563369658178724 0.0722421410201344
0.086543223338468 0.0105183989958781 -0.00136835364023491 -0.0111359981770224
0.0768493663206918 -0.0202195410197267 -0.0846249825981241 -0.00473140802284643
0.0642112498868495 -0.0482541364538775 -0.11708704824905 0.033640482583149
0.0345835835181025 -0.0656384524622832 -0.0982847917785883 0.0849804773233284
0.00178005747521945 -0.0720400600723581 -0.0504395859094821 0.104515840178246
-0.0263044318299198 -0.0635525589088964 -0.0110079991440067 0.092859433537764
-0.0337491565125403 -0.0524168443853461 0.0162046769850274 0.0737649881881056
-0.0489150480851498 -0.0510754953291524 0.0372038096769786 0.0461443983821936
-0.0417945118979107 -0.0729098217820179 0.0552264180157796 0.0230966582253745
-0.0168665914814592 -0.0856643411098294 0.0676727076432009 0.0077523633017222
0.0174501892375631 -0.0995762537779159 0.0935193024564999 0.00654129965925372
0.0639806099329724 -0.0821182732744889 0.111460195353767 0.0272969838746889
0.101599464004823 -0.0421920910585318 0.0956638669827698 0.0255953234892388
0.128507811491816 -0.0067393650185946 0.0866063196675191 0.00622277945731936
0.130917331005703 0.031620889736724 0.00799425226488951 0.0559051376476335
0.130328705746894 0.0191161242292875 -0.0350504948038386 -0.0247797624598506
0.123536538583385 -0.0340539751022713 -0.104355624417075 -0.00852494882426667
0.0961755913221849 -0.0800579208133097 -0.120676426684428 0.0333460925649254
0.0498102353512396 -0.0980777551197923 -0.0891478714297296 0.0702981715624757
0.00583974298624796 -0.100372384307826 -0.0477581174991632 0.0777136423813849
-0.030923591654549 -0.0873345024408136 -0.0195567388604889 0.0621245591786792
-0.0384559543319715 -0.0714196125928293 0.000540418135168407 0.0440829342617122
-0.0532476809585818 -0.0698221068459446 0.0199966981658738 0.019132537813098
-0.0406081092277554 -0.0949941401578965 0.037402560980508 -0.00243270835428807
-0.00940921002424554 -0.106990043591105 0.0570696567271337 -0.0177181149227503
0.0337301801574989 -0.121459208585209 0.0901703811034262 -0.00988432922382898
0.0891453750358751 -0.0973264441988151 0.103306879173348 0.0248521293105926
0.131693962990052 -0.0407381546634355 0.0688077676545678 0.0312212561799172
0.159507306207358 0.00466920495133232 0.0393174498879197 -0.00157828786365813
0.141696223662896 0.0379821990206085 -0.0460718350935296 0.0327043758259508
0.153296494897718 0.0198108041762084 -0.0751731840520107 -0.0360668025128677
0.148719999377648 -0.0459642814106769 -0.119316852608738 -0.0124580752536719
0.109584064217676 -0.102585001794784 -0.117451107257471 0.0276084613165486
0.0515585570447139 -0.116718942789029 -0.0775336401686528 0.0446931475476633
0.00533528881919554 -0.112725222796608 -0.0462250738930629 0.0420442542632314
-0.0334328614383736 -0.0963266509895416 -0.0288992647611171 0.0237155795665066
-0.0377150224064125 -0.0793092126523814 -0.0139283974719258 0.00909318216141694
-0.0478122391738918 -0.0794985758628301 0.00342264807108996 -0.0138054438867173
-0.0292779638631718 -0.104286377473562 0.0222937740404613 -0.0325853065124253
0.00570056159875062 -0.112897627866676 0.047752602664677 -0.0451391382157763
0.0514872256975619 -0.122168023709982 0.0850386063452557 -0.0254333570588187
0.105653697283715 -0.0917620931034893 0.0911385315137624 0.0221494398203243
0.1442850412774 -0.0264017998535858 0.0413094333278565 0.0350258349765326
0.164651634572811 0.0196242326802954 -0.0101028058921732 -0.0115259619127767
0.128412020254236 0.0372005857651786 -0.097075466787499 0.0110602622078684
0.146384564857906 0.0167617027651095 -0.11373350016547 -0.0392728627821914
0.143604163791431 -0.0504950128019569 -0.127233854152193 -0.0145901401317264
0.101035881949465 -0.104463106508539 -0.108768886615478 0.016199402313288
0.0433612106459001 -0.111600662222075 -0.0673938736115263 0.0144756155227401
0.00281662229620706 -0.105558866160021 -0.0487336991806116 0.00342857746427984
-0.0304065840265272 -0.0892281683648991 -0.0386578207730926 -0.0140815904910698
-0.0311029913906992 -0.0750293036972563 -0.0264111726017303 -0.0261924145085343
-0.0344624595976351 -0.0778633924230554 -0.00781215619335464 -0.0482644077730003
-0.0117178577185246 -0.0983979940421414 0.0153280597372893 -0.0639837108066807
0.0249036152102124 -0.101574107582836 0.0471895889877133 -0.0703027719771188
0.0689733956894714 -0.101185120189268 0.0835681803027103 -0.0362711501738391
0.111119811853969 -0.0661479233477539 0.0780016109633962 0.0200664523993556
0.136343806228829 0.000427938080428591 0.0157104304026386 0.0327123281505915
0.145459313941181 0.0375530495337586 -0.0526107121575709 -0.0267135534365879
0.0916158410522736 0.0322422684582593 -0.136556076394977 -0.00719322407703559
0.111290798239006 0.015182690879447 -0.141187739271951 -0.0349391350471311
0.110084667305325 -0.0395568294567398 -0.126774458450136 -0.0179164338620534
0.0751788684176865 -0.0808697269306558 -0.0981555863027098 0.000906008470407475
0.0314727018686591 -0.082540516274767 -0.0624712432100736 -0.0145226057820425
0.0032997626461283 -0.0785521395725201 -0.0553641734890236 -0.0289387056650287
-0.0204331274642705 -0.0687535190161252 -0.0481517832960758 -0.0452567094131851
-0.019967017028557 -0.0592093514019551 -0.0332558921904977 -0.0571006909524115
-0.0179311380641347 -0.0638921114750446 -0.0109718485073174 -0.0800506841554345
0.00461903675754073 -0.0773347893875255 0.0205180665441804 -0.0916367544626861
0.0362954453663964 -0.0757748835945376 0.0576001934202167 -0.0882797448199719
0.0719042918043425 -0.067006423331613 0.0861957170677444 -0.0408655853759253
0.0988527127893582 -0.0319750418529834 0.0662187749039997 0.0148231209642508
0.109128438677148 0.0243785844898419 -0.00335381968857446 0.0220335111038576
0.106561242252855 0.0487327924027057 -0.0827993265668096 -0.0458606947239475
0.0383211511573215 0.02678589234076 -0.156410043194025 -0.0198576196671304
0.0575199322079917 0.0178574963312954 -0.152250989012534 -0.0268049217013314
0.0607655715776797 -0.0152266858487772 -0.121501734463198 -0.0227247163315024
0.04203314468784 -0.037984480700127 -0.0919263812251233 -0.0127572437985162
0.0207223672142882 -0.03803048624768 -0.0638446420831523 -0.0327192357451413
0.00917813929215383 -0.0396337258305551 -0.0634038020484072 -0.0475876672471303
-0.00480361061976863 -0.0382917950599172 -0.0538811180465255 -0.0638870240415483
-0.00583812445975165 -0.0345796120832434 -0.0352418296231868 -0.0793125750144016
-0.00316207742148359 -0.0397571383069386 -0.00747614154482223 -0.102520244524612
0.0116872652890585 -0.0450253889785679 0.0337666306072997 -0.110317437352962
0.0311932624919274 -0.0419744351686742 0.0750690366678708 -0.0967238144496047
0.0537401327894165 -0.0327653123413974 0.0930624410560684 -0.0408621165674454
0.0683473144491886 -0.00589015233987508 0.0608692299788044 0.00837624632069548
0.0668963849902776 0.0349665101746959 -0.0110807065409336 0.00814205702438703
0.0549395058986891 0.0466523461300397 -0.096354915083498 -0.0638491683191832
0.00829525329506645 -0.0224296544799445 0.106356666108585 0.070432212613434
-0.0171521717649046 -0.0201725663656211 0.0381061764111152 -0.00739169788009679
-0.0291319203351486 -0.00618334639014681 -0.0537617951242794 -0.0177260354557365
-0.0204829314806726 0.00739936339489046 -0.101927931575302 0.0183184653809488
-0.0151843752430093 0.0070116686570338 -0.103366620940159 0.0853027315419436
-0.013917387656306 0.00476422381721859 -0.0527756970089786 0.117373261112091
-0.010132159130489 0.00624744388187998 -0.00280427114383751 0.115060432049068
-0.0109073797383559 0.0049673534123748 0.0318539562376188 0.0988369851519569
-0.0166296246754445 0.00425269342337949 0.0542077783871937 0.0745140901452429
-0.0211307084906951 -0.00267007717848188 0.0711544108244237 0.0573851713062858
-0.0191029822819851 -0.00879008984612753 0.0757818157766727 0.0445773883564389
-0.0178512016415192 -0.0145152965027618 0.0895322710079989 0.0359567218223841
-0.012117312812495 -0.018666756412197 0.113822642599906 0.0394667299905511
2.02262501978068E-06 -0.0244450764120297 0.128132145606832 0.0365783936913699
0.0155126416175083 -0.0203828705831004 0.143252595044392 0.0305222240685452
0.0560013140103417 -0.00183607829217047 0.0866064506545247 0.0790789162855774
0.0337423460059164 -0.00325546641626161 0.023367624085753 -0.00346533515522654
0.0222958783230145 -0.0108986031555476 -0.0649504379872865 -0.00972801563082304
0.0219169665002926 -0.0170858283014204 -0.108174356657159 0.0239173357099076
0.011735029955584 -0.0283653506761608 -0.104836318550825 0.084651794470949
-0.00473388439826983 -0.0343052449505828 -0.0551897239094706 0.114499049442994
-0.0179614779453383 -0.030849506333444 -0.0081958328256629 0.110015315588786
-0.0224246753356795 -0.0262602176493428 0.025320210648777 0.0922920006610752
-0.033625618384928 -0.0262995954956711 0.047835528521933 0.0654585660005113
-0.0312989947207387 -0.0420030475568752 0.066087486714144 0.0462078813622603
-0.0154457339776153 -0.0507266794095624 0.0735368366816496 0.0320679301016643
0.0048718816756877 -0.0594831423359893 0.0914672426170758 0.0252798513620582
0.0317318755853437 -0.0503012271571823 0.112050920539349 0.0346910466662276
0.0560816316241605 -0.0309920762867045 0.114565396333884 0.0292483919466347
0.0766970614551763 -0.0107997043706405 0.122059360987853 0.019714792382136
0.0985759392069989 0.018540984828242 0.0522753374177939 0.0735747429770106
0.0851860066197183 0.0130903408938456 -0.000844745631699264 -0.0118174498030423
0.0759218580362153 -0.0179017595196853 -0.0822986984968439 -0.0092214064444471
0.0634441312560738 -0.0459335196179826 -0.115868653142581 0.0282072344264928
0.0359640276440369 -0.0642170807342333 -0.100879354632674 0.0792753197094216
0.00359271104476266 -0.0706484625550134 -0.0538710998644653 0.100405926928235
-0.0240885654663756 -0.0632613721148304 -0.0147272300288961 0.0914677420831108
-0.031526375588186 -0.0530278636377287 0.0134714993610132 0.073650951049187
-0.0461164593577965 -0.0520721759093331 0.0350490967624478 0.046659800032658
-0.0387732858249937 -0.0731337620350356 0.0535650172802975 0.0257105594583382
-0.0138377248135181 -0.084510139052409 0.0667142068766279 0.010724482592695
0.0208182977943001 -0.0964505004829566 0.091442872633133 0.00975279523333815
0.0655268694719105 -0.078802510595209 0.108345765227692 0.0307954509642896
0.100878291008247 -0.0372596107391797 0.0938414619887151 0.0283013723223333
0.126222601451083 -0.00176121076099823 0.0855686891450554 0.00984059630142271
0.127685755981174 0.0350481624982144 0.00654517144351948 0.0552508985260803
0.127720627745109 0.024045646478035 -0.0326326720951331 -0.0261481159265588
0.122207230399474 -0.0291295630422339 -0.101090462269132 -0.0127891177536592
0.0964744172046925 -0.0759071799474721 -0.119660922252037 0.0273658636973914
0.0514568190900046 -0.0955616973983379 -0.0907523851192041 0.0651520527313022
0.00825147778038458 -0.0986165555132885 -0.0496613148411933 0.0737136046940183
-0.0275553188954809 -0.0864766866407782 -0.0220528926736604 0.0603941934714814
-0.0351376817886998 -0.0722052741520033 -0.000993209285377825 0.044610906187777
-0.0492069849711599 -0.0705507577728278 0.0181037124066884 0.0191565384525768
-0.0366597129332492 -0.0943644025287858 0.0373972554321729 -0.000844508593821936
-0.00616974344567793 -0.105470249343543 0.0571162132178861 -0.0149067935205955
0.0372231680355453 -0.117614428011885 0.0886393208084577 -0.00679926840553557
0.0902883065097067 -0.0928522747078668 0.100740429711752 0.0279159630464171
0.130607396889525 -0.0351236827019375 0.0674855463261742 0.0329312973760045
0.155063144716519 0.0104819835782849 0.0392619489695604 0.00108200441755604
0.137654697214471 0.0422498178587078 -0.0452521779110456 0.030341952132227
0.149494164227235 0.0250814228294858 -0.0715273442435895 -0.0381856062486879
0.147295290863829 -0.0408624831911266 -0.115688233273331 -0.0172535039510399
0.110753602822455 -0.0977705478412805 -0.116148263757407 0.0224148269614679
0.0540391349740344 -0.113078673911001 -0.0776196465646592 0.040795244159183
0.00818134232054267 -0.111124149607433 -0.0471599890548894 0.0386422734116479
-0.0292489891821659 -0.0952793013677619 -0.0303260095893496 0.0228430377239881
-0.0340888553767477 -0.079586060406751 -0.0143559159486419 0.00922959941697172
-0.043558783260838 -0.079454871432429 0.0035652430338048 -0.0131060373402427
-0.0252881265927241 -0.102796994287259 0.0234429961435631 -0.0307136602512721
0.00904133110720179 -0.110772673371782 0.049296437406815 -0.0421951762882056
0.0548580086917618 -0.118224627031622 0.0840479834882334 -0.0222630445998332
0.10611994837413 -0.0870853003648637 0.0892125024512535 0.0252976648732244
0.1419261426778 -0.020172145481257 0.0403247240891783 0.0358522729465134
0.160056956471262 0.0251427905209022 -0.00879558234940142 -0.0111254466004475
0.124655183181912 0.0411767748313622 -0.0953289355665244 0.00639794649184186
0.143238403899531 0.0214615206346372 -0.109045710718069 -0.0430570591226515
0.141831627141054 -0.0449798750401942 -0.123270979562601 -0.0194786412505998
0.101997381312762 -0.0994539855415102 -0.106849596817494 0.011151329371723
0.0460009689029308 -0.108591107367527 -0.0666992454954901 0.0107109594108077
0.00594425259934793 -0.103497215576362 -0.048745096423144 0.00100399940871668
-0.0268809824197325 -0.0888354030024473 -0.0387792114119738 -0.0145046099795478
-0.0279754856111697 -0.0747086109327601 -0.0256456404918835 -0.026593222330443
-0.0305295325353687 -0.0776552588203563 -0.00643971868810233 -0.0471123306667507
-0.00827823726429906 -0.0964442846356236 0.0178591938392342 -0.0620223072313668
0.0270685937771329 -0.099276893015427 0.0493407466150123 -0.0661655050110007
0.0715759925868479 -0.0967955327566197 0.0826881073543446 -0.0324199432849406
0.110865628922377 -0.0613478291959015 0.0760910897175556 0.0227075998017985
0.133767472050875 0.00513560944844522 0.0148010138287506 0.0329353787385303
0.140637194055636 0.0416433827581993 -0.0500508491274449 -0.0276604405177941
0.0890272882159482 0.0344769050547612 -0.133894511533823 -0.0132174092640884
0.108611267569438 0.0186289272550915 -0.136242404752814 -0.0395797474426506
0.10893686679751 -0.035126213405508 -0.122493665530166 -0.0223234786162806
0.0760952067581392 -0.0770043978825764 -0.0958165503647535 -0.00359521681627361
0.0335241169384023 -0.080699145003828 -0.0607346699216188 -0.0177114804576844
0.00565697512048009 -0.0774744677124287 -0.0540853321023972 -0.0313577289451163
-0.0176179462142802 -0.0680925247541443 -0.0470501457085282 -0.046178219128756
-0.0176417446679736 -0.0590239877825176 -0.031575673184735 -0.0580137766983855
-0.0149223658475529 -0.063045233012497 -0.0082302185060216 -0.0788460379080593
0.00740320320470588 -0.0756464731968838 0.0233528330799146 -0.0885415121163852
0.0372103636481853 -0.0732813811710854 0.0605324929763447 -0.0836547331544816
0.0727808672211329 -0.063285028489722 0.0863698870121022 -0.0372190915609852
0.0977296707963231 -0.0280840937923232 0.0652492802141736 0.0176311851397897
0.10579012039032 0.0279961368776751 -0.00373992306957126 0.0220238872794612
0.101985456184185 0.0505836785944943 -0.079720737080561 -0.0472524246481984
0.0367160770517965 0.0271024983157994 -0.152299994437595 -0.0264961953397801
0.0553646813782347 0.0193206990118793 -0.146626551163291 -0.0329857890291329
0.059949850021877 -0.0133362394202608 -0.118165128947939 -0.0268639137437943
0.0423240369003436 -0.0365390676162441 -0.0888078503267766 -0.0166857222833737
0.0213472853526171 -0.0373185964369818 -0.0615655701044517 -0.0359562675604785
0.00979502299157718 -0.0391214739792541 -0.0607283463847021 -0.0494754912132396
-0.00334552676845861 -0.0379398741200122 -0.0518740012025298 -0.0649242432130254
-0.00439894844974268 -0.0342029459320335 -0.0328392943438588 -0.0792778606046669
-0.0014913761549874 -0.038173215531983 -0.00356904481438423 -0.101242460556783
0.0130791921980995 -0.0436018313933413 0.0368895544950254 -0.106783250011718
0.032268435929287 -0.040376967239906 0.0777124128121101 -0.091822767032122
0.0537769134680579 -0.0298064028468125 0.09324937104924 -0.0365412350227414
0.0665096845926213 -0.00274780926493905 0.0603679071751493 0.0109867683346564
0.0644709649713145 0.0366618284535254 -0.0103144358497873 0.00775797471586849
0.0518163839362504 0.0467343902419468 -0.0922039960027265 -0.0658238410145437
0.00869044570366155 -0.0227296797309903 0.106883519461815 0.0749823662366889
-0.0164084481069221 -0.0212780381107478 0.0387097197937461 -0.00704337547789496
-0.0300592810179695 -0.00731246565975509 -0.053921407219933 -0.0206973484562451
-0.0213778627134758 0.00666122908188083 -0.10415727349272 0.0150021788093702
-0.0157946227782342 0.00660248884102087 -0.108678179471746 0.0839880870760891
-0.0144158399675216 0.0045732844416675 -0.0581810398942228 0.118382534853623
-0.0107917867158849 0.005645178344843 -0.00562205659503074 0.116967436889963
-0.0114243988311276 0.0044955393218938 0.0308360274275405 0.102245834888506
-0.0169406961642544 0.00352861249539488 0.0541301152305522 0.0777254162660818
-0.0215263150330306 -0.00401133969280235 0.0719893496101909 0.0610995660785787
-0.0191888457018444 -0.00938656769953637 0.0759981964210112 0.0480054639728054
-0.0180824472344059 -0.0156810344032766 0.0898107010928706 0.0396742970623317
-0.0121066139684079 -0.0201452358484808 0.114747907675126 0.0437227857364684
0.00129226501055096 -0.024845173518184 0.129403815547787 0.041445953931403
0.0166302333441841 -0.0196461572009623 0.146104855977023 0.036366574451712
0.0570502918210363 -0.000138598276901511 0.0859456178905518 0.0839322939243999
0.0351026572189165 -0.00241819902801877 0.0241545668621301 -0.00360866097388801
0.022742153621895 -0.0107418146821729 -0.0656895109872228 -0.0132246934762302
0.0224312783352979 -0.0175385971516318 -0.111326096811752 0.0212312289743992
0.0124343977543941 -0.029490102863475 -0.109990587651881 0.0842251374350856
-0.00465637813294629 -0.0349218161210848 -0.0600144984104242 0.115270086940878
-0.0180189267227186 -0.0320464471451318 -0.0118853863435464 0.112159675707084
-0.0222432285613598 -0.0278657484583833 0.023890004303902 0.0959380486926609
-0.0330420156028683 -0.0285267627398917 0.0479186635576782 0.069126571436571
-0.0307988870383783 -0.0439213651659084 0.0667085655624401 0.0492660672742961
-0.0149930501517715 -0.052281173497064 0.0745155177780037 0.0353303224328409
0.00680983056808761 -0.0604670841803483 0.0920606542122732 0.028569512198012
0.0339722176838615 -0.0510287012915785 0.113251049786121 0.0388097890553443
0.0580137423164442 -0.029622878900933 0.115470448219161 0.0331214652595705
0.0788921489640942 -0.00853524741372097 0.125203363615808 0.0243371017471958
0.0996522731481718 0.0218448154079557 0.051966775367643 0.0766392312918885
0.0870724736895992 0.0160872272778074 -0.000144029194030917 -0.0123028201090646
0.0774898592780338 -0.0166452412328003 -0.0828189291727584 -0.0128345916087753
0.0655912107515058 -0.0456101560063851 -0.119240443615344 0.0251405560193168
0.0380036409391601 -0.0653705493520409 -0.105267806388396 0.0785790133090287
0.00496968030302669 -0.0720384121543015 -0.0583598599415258 0.100346096719571
-0.0225660313465639 -0.0658236448737298 -0.0180793239291781 0.0931616418261618
-0.0309762269604101 -0.0559854556246432 0.0124265141755542 0.0760798306204803
-0.0451237684932872 -0.0548114383635319 0.0349886027688975 0.0492670012576854
-0.0373129005301017 -0.0767648446640648 0.0541931753528669 0.0285429113170085
-0.0122011619983277 -0.0866592470410522 0.0685751072769864 0.0132257171920636
0.023886111342717 -0.0987738665717579 0.0919104680049424 0.0129274925915076
0.0688468367192803 -0.0794037986219995 0.109407020403358 0.0344273704789837
0.103887109798255 -0.0349202503492016 0.0950827969146188 0.0319389892188535
0.128461305294807 0.00202221982580885 0.0876060468050367 0.0135674711220772
0.129224569487278 0.0391601230985158 0.00632644965326487 0.0569666914015776
0.13014581000839 0.0281641539171423 -0.0329959118029555 -0.0282293504948724
0.124917071957067 -0.0268731014062183 -0.101715186871774 -0.0175964492751876
0.0997255312837462 -0.0756436835487641 -0.122633214972094 0.0238123521601066
0.054182165102819 -0.0973710293067619 -0.0951592115584687 0.0640621112015295
0.0104402540769646 -0.100292957999981 -0.0537379158259935 0.0733661949138277
-0.0257367297478489 -0.0894553272472348 -0.0251844849744189 0.0613567738599109
-0.0340623086331881 -0.0750519988355343 -0.00186174545327693 0.0460693202769519
-0.0479942327816617 -0.0734658211927035 0.0187673565801237 0.02073872229452
-0.0354006162320247 -0.0978087496646813 0.0383741703793257 0.000941870518730283
-0.00393672842402757 -0.108451461613873 0.0587921558002853 -0.0129909974680647
0.041669155026374 -0.119235049874733 0.0897592100962756 -0.00504219497979874
0.0945155603147835 -0.0931545909405254 0.102388341793604 0.0316686408394517
0.133974196660529 -0.0315126399309893 0.0688769626844459 0.0351274788053781
0.157191524148503 0.0145752632173247 0.0406476950851254 0.00265146383512034
0.139315346486919 0.0472827815800998 -0.0465922084879178 0.0291611443863213
0.152770523672003 0.030110802524758 -0.0707573417441194 -0.0424514740524646
0.150684719637715 -0.0379770053674178 -0.116395631359277 -0.0218872299641957
0.114854990730394 -0.0981221621888996 -0.119374432003875 0.0187089844996033
0.0578549136984762 -0.115142538055859 -0.0809545816195197 0.0392187800744701
0.010718800318313 -0.1133190400948 -0.0500828162368348 0.0371178387211781
-0.0271339345405386 -0.0985277874155257 -0.0328409624497524 0.0233869648172633
-0.0331413626482086 -0.0823750313072917 -0.0155398063147806 0.00957620904656619
-0.0420487093512784 -0.0819761563091189 0.00372137868592705 -0.0132317318999748
-0.0238018088964817 -0.105800106011303 0.0253323267256062 -0.0306341735476713
0.011753634435191 -0.113290795274834 0.0520109564879086 -0.0414263613712779
0.0593127326343281 -0.119374518180123 0.0856550960926015 -0.0207595316322198
0.110013779433193 -0.0869072291686922 0.0909906891489139 0.0288540437958445
0.145223415559339 -0.0165486364668216 0.0408393731212841 0.0381545903968505
0.161717838509852 0.0302192092895118 -0.00801377986597997 -0.0112531284282517
0.126334836869983 0.0451780506381938 -0.096754303496098 0.00318119860014695
0.146167281492259 0.0261528530732352 -0.108765349619792 -0.0478377202046203
0.145345999420953 -0.0429850204175955 -0.124156653139574 -0.0244114927956696
0.106068626041516 -0.100108239718496 -0.109299564815443 0.00747762986956047
0.0492879154585302 -0.110853936213018 -0.06840221710591 0.00847904124689759
0.00817646264346035 -0.106191263477753 -0.0505531507287133 -0.000983374010454629
-0.0247245408816326 -0.0911811943387006 -0.0404058956242106 -0.01519869071342
-0.0267457145671842 -0.0773197832321172 -0.0264912606284217 -0.027628151500878
-0.0291025468550094 -0.0800611924493584 -0.00553833926955815 -0.0486351891696646
-0.00589736894930733 -0.0990440693721803 0.0200500941997138 -0.0627184303710667
0.0296567644256308 -0.100638223224931 0.0524635076195389 -0.0660303922038338
0.0755566619350934 -0.0977805729526267 0.0849945461018026 -0.0305116226213521
0.114530171224764 -0.0599648387046797 0.077862912167859 0.025599875295122
0.135976930428382 0.00916400066313684 0.0150987085431129 0.0342212191508837
0.141572190942924 0.0457208675758576 -0.0502892620662892 -0.0290516210627423
0.0902116333285919 0.0378888405142407 -0.1356103026874 -0.018890169283733
0.110274339168778 0.0218259159012 -0.136412235604916 -0.0457444770184787
0.111845106772318 -0.0334388623537782 -0.123852481459699 -0.0273831741544558
0.0794923435717433 -0.0775903845149949 -0.0970045301520752 -0.00658068769461356
0.036050019779145 -0.0822305275415855 -0.062007989634664 -0.0209145595850021
0.00724148951344515 -0.0793729108892735 -0.0546661481358067 -0.0339909990937764
-0.0159701950512785 -0.0698234511160791 -0.0477082705451048 -0.0479804607214597
-0.01566019188369 -0.0605018347563255 -0.0323842273234487 -0.0595215987961349
-0.0128104951121632 -0.0652210110806893 -0.00669788381414057 -0.0813145313946324
0.00944405993123722 -0.0771209494353906 0.0265138762384747 -0.0899834694262636
0.0400583111559904 -0.0741756467312883 0.0641556126266701 -0.0829803183465929
0.0758971182957263 -0.0628562243530276 0.0894119656437257 -0.0353916784237461
0.0998563864510185 -0.0263741721256867 0.0671122646672488 0.0199316405105891
0.106843591648152 0.031602169769421 -0.00328595436788949 0.0220725357144385
0.102326122944413 0.0538869043665961 -0.079471266128062 -0.0501809588946681
0.0367962585437497 0.0283459156191891 -0.15538946586788 -0.0327098445808647
0.0558271070817844 0.0212423975963349 -0.147672347763566 -0.0388753134241445
0.0607928119038775 -0.0122324332640276 -0.118918067519498 -0.031559978692337
0.0437951246650859 -0.0366687598308585 -0.0901856084332496 -0.0201942069747823
0.0230365054742362 -0.0375849129857098 -0.0623764884117726 -0.0392740882935598
0.0109741634702681 -0.0399702787821767 -0.0616836303220746 -0.0529089960534968
-0.00210860693937875 -0.0383072322802375 -0.0525118390451894 -0.0677784585999192
-0.00340466269971414 -0.0347876858224334 -0.0326188822936883 -0.0823225446820046
-0.000158181347196917 -0.0390591937405114 -0.00135481955953077 -0.10365357762601
0.01469976565692 -0.0433961233566069 0.0412963418466983 -0.10843503234848
0.0332672173673067 -0.0406669860756665 0.0818786404867199 -0.0911717368989232
0.0554379952135701 -0.028991013998294 0.0961607112496998 -0.0346436440072467
0.067778988177057 -0.00107179435639557 0.0614293648730764 0.0130671497148426
0.0647762626479574 0.0392729238369498 -0.00997781034433125 0.00788831309077555
0.050591232235966 0.0484660218470609 -0.0920238051021052 -0.0691318381205606
0.00814145885426114 -0.0242037894095643 0.11244887725842 0.0780925047082506
-0.0174231192899001 -0.0224842507220996 0.0400972921947376 -0.0082343421303797
-0.0311063067469065 -0.00704095497865382 -0.0566116408522359 -0.0231620263203996
-0.0223399276641637 0.00749484287940231 -0.108882928662405 0.0154987319535782
-0.0163113446040174 0.00710260624838851 -0.113507542147575 0.0894287352239362
-0.0148420588630381 0.00517986738115728 -0.0601268659384724 0.124785516839432
-0.0121244120819422 0.00526983163836059 -0.0048163818933652 0.122457143313046
-0.0119003085964669 0.00378739094286749 0.0347688115474179 0.107484845763283
-0.0177088265418553 0.00300564729562061 0.0584533554645524 0.0823053964815061
-0.0225981042277311 -0.00405369773009912 0.0762446464665825 0.0641348753711982
-0.0200353461966142 -0.0098638570618328 0.0796351844379448 0.0499732871485765
-0.0189273237799594 -0.0162245117546614 0.0939239594186511 0.04163606101987
-0.0122795332127241 -0.0213212043927095 0.119881453638455 0.0449441405414953
0.00138077340449925 -0.0253926306939507 0.13461408263508 0.0426789685533935
0.0176308992644778 -0.0206549733423511 0.153743239506192 0.0378595797511469
0.0591394582878276 -0.000662135177721181 0.0914382468375919 0.0873802169372598
0.0372001232403544 -0.00308918711356377 0.0250928154534337 -0.00437944560907515
0.023658912192002 -0.0119365519903384 -0.068570813039704 -0.0147772213266776
0.0226919731486565 -0.019116744614899 -0.116636124575052 0.0219655294850016
0.0125243707790915 -0.0311875679211118 -0.114672885716799 0.0893916432811502
-0.00533824312871586 -0.0363789906887982 -0.0627277724030989 0.121296888981112
-0.01961769861144 -0.0337082707165469 -0.0113491480231772 0.117596676384292
-0.0238662681819983 -0.0297772796887577 0.0275170112043519 0.101060679071851
-0.0351713069204458 -0.0296535927546519 0.0517846487428783 0.0726242880999311
-0.0326408387614447 -0.0463157133162756 0.0707714666539158 0.051711005276333
-0.0155829407790974 -0.0546468196613687 0.0784373014854368 0.0368823733316091
0.00679307982995644 -0.0639504151751192 0.095998058464852 0.0300397697850882
0.034981328818036 -0.0544455294466903 0.118035178734111 0.0397078733926164
0.0613831659955891 -0.0315165475740902 0.121381187599212 0.0333412244115428
0.0823675908570631 -0.00918902022096078 0.131863126522747 0.0256360766171879
0.103680049419497 0.0222908927830406 0.0557576949908784 0.0798392710709213
0.0913942340365276 0.0157301821360729 0.000128366294897901 -0.0140625853083981
0.0806846554740042 -0.0187281323591713 -0.085734311830607 -0.0139162210513303
0.0674100065671096 -0.0489489359675451 -0.124514410410489 0.025720296333183
0.0381642589138592 -0.0698541230960407 -0.110366495107842 0.0834375931349157
0.00416541433976434 -0.0755206097836934 -0.0606417108764405 0.105114621463052
-0.0251607975616624 -0.0691345215529959 -0.0183999213129991 0.0982226636434767
-0.0330395094746284 -0.0586968099683969 0.0146849016643165 0.0802898014358367
-0.0478844781796143 -0.0573483068851185 0.0375945832013863 0.0518569133160078
-0.0400306064489674 -0.0798060199171784 0.0579188213358813 0.0297130851428648
-0.0133787317875387 -0.091216222248304 0.0719601954925022 0.0140782306947631
0.0246897100271342 -0.103698805037959 0.0957999683447949 0.0126369111870019
0.0706634057891188 -0.0847108364694814 0.114946175597435 0.0349859820516367
0.10853510076488 -0.0367946750774355 0.100245017562936 0.032100839041581
0.134257278071733 0.000897778801326548 0.0929893392686978 0.0141839369230277
0.135162920079291 0.0404844461894496 0.00741678214472887 0.0586989269859861
0.136941808387744 0.0286247283389511 -0.0330134539960432 -0.0301282290998721
0.129725930404078 -0.0300228038828658 -0.105896519713694 -0.0185413566848392
0.10251258788451 -0.0807978179512272 -0.128132015458793 0.0252078251541031
0.0546911468464354 -0.103213264404557 -0.0993222114802378 0.0676016598732007
0.00926983938840979 -0.105250007148089 -0.0564155703212888 0.0767252727362844
-0.0285422615950132 -0.0939587064248554 -0.0261151720627376 0.0653951437700313
-0.0370610873094962 -0.0789542509207351 -0.00137312143535701 0.0487661301418895
-0.0503789028571292 -0.0770812693493017 0.0200378388140155 0.0223585755354241
-0.0382433365700619 -0.1026899852847 0.0409495235957531 0.000989339825368181
-0.005339864330323 -0.113819396909961 0.0624489374381805 -0.0132854363353678
0.0426295700044725 -0.125916246450994 0.0931883991343191 -0.00574605295572915
0.0972974471519756 -0.0994981186178847 0.107446137887008 0.0323254900479895
0.140339303502525 -0.0336914543985119 0.072524480725792 0.0362372522177502
0.164770202727999 0.0142085136614656 0.0430399332146168 0.0024787659387322
0.145563868889235 0.0483098752776194 -0.0477706334504142 0.0300774114818722
0.160463848430557 0.0298463553276513 -0.0734167225382344 -0.045075165935116
0.156840697562779 -0.0418051457789713 -0.120889227193802 -0.0235600536130254
0.117577558994466 -0.104026792184981 -0.124119369895561 0.0200810120892329
0.0580253895798452 -0.122481943853385 -0.0853403742988139 0.041420826082355
0.00913331601219311 -0.118998852269282 -0.0529448241918363 0.0388211441262344
-0.0295661991600364 -0.102334966827263 -0.0346623366578137 0.025444225865593
-0.0353045819579506 -0.0863648999874539 -0.0164379505034778 0.01063258010404
-0.0439402359765864 -0.086355730669081 0.00344247484586574 -0.0134244613110372
-0.0257823300191006 -0.110716836551292 0.0265162179946675 -0.0316779820406098
0.0106204793640676 -0.119051233267349 0.0545654252244277 -0.0425680829118222
0.0614217071820641 -0.12597823386887 0.0895007558354093 -0.0224303298268269
0.114024650146945 -0.0930772445284392 0.0956148739286509 0.0291738785482023
0.151814222700009 -0.0181670967010659 0.0437613873801741 0.0387631905338614
0.169143502386361 0.029422121203761 -0.00817400735642631 -0.0107255544256515
0.132638334942408 0.0456263105899178 -0.101171394991075 0.00248152697834911
0.152990025051762 0.0252384553468701 -0.112771433996887 -0.0504571130546864
0.151050728225495 -0.0463490906227252 -0.128587041552035 -0.0253371430649626
0.108685033723146 -0.106501274896836 -0.113619106521086 0.00842022620651741
0.0498309942326561 -0.117309785274427 -0.0729481844697204 0.00937241857070153
0.00668122853961952 -0.111507184299772 -0.0537337663095502 -0.00194293971303155
-0.0265350006813015 -0.0952430099613982 -0.044228854998137 -0.0149834455064018
-0.0285941641982697 -0.080939897722704 -0.0281875693908322 -0.0276176400182029
-0.0308671403021031 -0.0831829415363423 -0.00701090386577503 -0.050803134243032
-0.00742567029995015 -0.103769439351396 0.0209745215486473 -0.0654921875295412
0.0297189868591065 -0.106081939405478 0.0551405895100835 -0.0682630277384984
0.0782029974101829 -0.103206344322423 0.0883384940640945 -0.0332758448237834
0.118671080235077 -0.0642721431687283 0.0821864642643098 0.026136016524912
0.141971258104772 0.00887887439497247 0.0167697212806557 0.0352217364505106
0.147820663097449 0.0463819442572096 -0.0521708998143796 -0.029910860433664
0.0945439001373801 0.0382599169392586 -0.142812497878226 -0.0200020232699275
0.115833676260529 0.0213473338173236 -0.141361785694163 -0.0481289031292246
0.116259729108606 -0.036436824598621 -0.129085415534388 -0.0283297572215567
0.0812780810962756 -0.0827502852897093 -0.101836853669228 -0.00701796522321826
0.0362368574423795 -0.0870228599667075 -0.0657015335192849 -0.0216277341059171
0.00619732377505807 -0.0830727509162714 -0.0583977094051416 -0.0360012275947919
-0.0172556502254905 -0.072936065686588 -0.0519447621816495 -0.0492086737471304
-0.0172352059552668 -0.0635938238957218 -0.0350933081036035 -0.0616273147306297
-0.0144013954025783 -0.0680192472757494 -0.00808343959775989 -0.0843440021868893
0.00876858472962918 -0.0807776490378611 0.0273986303843874 -0.0947922583108844
0.0405323490842796 -0.077789052982467 0.0668718478804966 -0.0868275049023937
0.0787586514374278 -0.0669480546245452 0.0928921208759466 -0.0378879290934235
0.103614542447498 -0.0288645085425872 0.0710471820312374 0.0208657617541524
0.112759528094164 0.0325086705873057 -0.00237143063272964 0.023257559675121
0.10647948012711 0.0550215596455869 -0.0830016925785579 -0.0516816069142216
0.038115488422103 0.0291636457724728 -0.163433662026188 -0.0344044209495547
0.0585383368272008 0.0215799458957688 -0.153215529116151 -0.0404505266213098
0.0636479159873372 -0.0141759362657792 -0.123620028953729 -0.0325028129901712
0.0453636586532126 -0.0400392070076605 -0.0942285938015507 -0.0205352382127023
0.0237197339722003 -0.0401058734990573 -0.0662841673198361 -0.0417157869174541
0.0109226728431222 -0.0421426426070564 -0.0654262999412964 -0.0555787933544572
-0.00220728232883529 -0.0405051077613272 -0.0570220212046463 -0.0702192483950736
-0.00426425084148765 -0.0364071699613618 -0.0360312353341024 -0.0850386383580251
-7.48368301624457E-05 -0.040498813876502 -0.00307355209742175 -0.109069583080302
0.0147064117058565 -0.0460180293820724 0.0423279556568778 -0.113914690471839
0.0342634034273514 -0.0428672933033514 0.0852782131627656 -0.0954780605577054
0.0572700233091453 -0.0310048270198327 0.101074886920629 -0.036348425772506
0.0702855584859284 -0.00182908098487809 0.0650348769880546 0.0139928559253264
0.0675918291808361 0.0403933245046146 -0.00956144311878223 0.00864423190486458
0.0529586308803252 0.0495758858527227 -0.0962528632293234 -0.0712496412356478
0.0149262875454854 -0.0229563651060274 0.100012853715609 0.0982163520895218
-0.0128663957238733 -0.0258004385217922 0.0417617052002031 -0.00336037704266713
-0.0304231308017802 -0.0123601242070015 -0.0556063874021608 -0.0348228046235028
-0.0240673749083255 0.00521270047096791 -0.117372553338058 -0.00406418565248895
-0.0165912219789336 0.00630952094498444 -0.132565462068477 0.0740981935146985
-0.0154742969012057 0.00399312863031241 -0.0836444798835366 0.118938296910043
-0.0133235368805866 0.00299356755028267 -0.0257354434982898 0.126361532885088
-0.0122471406225774 0.00123277020839538 0.0185161622914963 0.116962305581007
-0.0188306539511002 -0.000990462504011014 0.0489525765662204 0.095663187474978
-0.0214430809853906 -0.00842228177275285 0.0696445957748401 0.0782665027438466
-0.0171723204713592 -0.0135668758314616 0.0742374743163687 0.0656090040951262
-0.0159399512529744 -0.0190211156872091 0.0894524220026364 0.061051670963481
-0.00714841859309857 -0.0232683927864667 0.11535980676538 0.0663427219846503
0.00911342804112037 -0.0248741140042055 0.128348353478495 0.067576762149214
0.0250978895946213 -0.0178317331206066 0.149915634192574 0.0696724356408819
0.0618275205020721 0.0106696426854687 0.0792575330194654 0.104760951885016
0.0382505567125267 0.00304139641176745 0.0269400429460754 -0.00117457718082672
0.0254023166336174 -0.00696154675206693 -0.0659935283807955 -0.0287176892749026
0.0254405027498442 -0.0136417037173353 -0.122081756625829 0.000650724329292628
0.0187880441961645 -0.0273380942713398 -0.133373489212486 0.0716736319124892
0.00159918463584314 -0.0368298711078692 -0.0856850060295804 0.113536328513975
-0.0142324548245806 -0.0376256200473852 -0.0314395212449633 0.119455580869396
-0.0177796985582141 -0.0354071048680046 0.0116866864512339 0.109045637364601
-0.0300559061293641 -0.0374360744161689 0.043681306028695 0.0848797525921172
-0.0241785288116756 -0.0536669806218171 0.0665685405975835 0.0659045860657597
-0.00366972343409061 -0.0592499439467839 0.0752566218007003 0.0536160480919143
0.0200372540198064 -0.0634337561506614 0.09348730074265 0.0512827769064842
0.0481013024980229 -0.0476704080241962 0.11358660372573 0.0611244093325801
0.0708271178495392 -0.0182903176959419 0.114319163802634 0.0563551967493135
0.0908297837157398 0.0074312888609142 0.126721117687727 0.0508799231172698
0.101465976800315 0.0426586468632574 0.0465428235766127 0.0917142117413023
0.0892904611846094 0.0324494886825719 0.00522908943042039 -0.0145094349119504
0.0827168204745486 -0.00286417312536609 -0.0800129511557724 -0.0318224069888384
0.0752127472909525 -0.0355561868014453 -0.127318973118469 0.00325168732379226
0.051650838072883 -0.0615614268247418 -0.126269130372564 0.0635849123333457
0.018140061608227 -0.0752917377857693 -0.0806261024680146 0.0962456343389702
-0.0133898792686355 -0.0743415340355538 -0.0347596649527855 0.0971555886368237
-0.0212856973840495 -0.0667282917120607 0.00222206469061229 0.0858288446341128
-0.0372315718799437 -0.0683329236097254 0.0324970722131733 0.0614739070598804
-0.0258808636321089 -0.0898876958762914 0.0578006861965082 0.0413715462194546
0.00590882885067952 -0.0962980221629568 0.072514156517506 0.0300405308591004
0.045210612861409 -0.101530796476986 0.096716722917488 0.0361131684050593
0.0912043479911841 -0.0711145145334364 0.109607142038242 0.0559533636430926
0.120830182572522 -0.0152953342175149 0.0910476759792602 0.051439120123739
0.14267183933029 0.0287688301373996 0.086568512085128 0.0296572492163233
0.128689879163084 0.0675283911110245 0.00241520914455116 0.0624122677174115
0.131891558084429 0.0528515108349429 -0.0240711838186103 -0.0364939741372415
0.13448731578006 -0.00529155429709342 -0.0959577064530427 -0.0398620009434701
0.11538989981009 -0.0608548396679485 -0.127777267817843 0.000814572299649346
0.0740127755189885 -0.0927516958852359 -0.112245542211313 0.0468085872508791
0.028472317807956 -0.10492366166984 -0.070579896815894 0.0668359848033346
-0.0118301463081038 -0.0999579742353039 -0.0372117882958472 0.0611673351507923
-0.0212400003086731 -0.0882097352863971 -0.00918389640932672 0.0506752766375892
-0.0363716099457653 -0.0890863935777544 0.0191462346657371 0.0279977286872133
-0.0196519122947565 -0.112030171541829 0.0455392594036478 0.00951351887348156
0.0191328393690695 -0.118273074305717 0.0668940873360563 0.00122109663991592
0.0680312283126385 -0.121639914887839 0.0957895566263091 0.0179324056347827
0.121720580998453 -0.0808201096012009 0.101896923657177 0.0525712680462081
0.151648748319795 -0.00554738426410833 0.0616305879828196 0.0503108949942958
0.170292065376228 0.0490889722551196 0.0363564705578362 0.0076110801045689
0.137084652370582 0.0773564550510088 -0.0478375219423834 0.0241957088289165
0.153899147298741 0.0595075543018741 -0.0612152680847692 -0.0583988376787349
0.162609362062106 -0.0120033389552709 -0.108898246531851 -0.0477235657567546
0.134759899755936 -0.0821100913218218 -0.12096815371398 -0.00570479752807941
0.0802029810162607 -0.111595393837532 -0.0931932492089516 0.0213064278790144
0.0307755006219942 -0.118850893184802 -0.0611533642216682 0.0276280555857605
-0.0113504879533662 -0.10984116607323 -0.0393893574946312 0.0180521878361897
-0.0183652162648792 -0.0955441308466727 -0.0182847300673372 0.0090334839687576
-0.0279999980485851 -0.096519964388204 0.00784002570254231 -0.0117084471651034
-0.00542328014309181 -0.119130334537526 0.0356336070009328 -0.0265373801681323
0.0363640870904442 -0.121222738306585 0.063394679317284 -0.0298516418865438
0.0874534732762606 -0.118751252181467 0.093520756416529 0.000105445550764006
0.1370431151029 -0.0705332306289487 0.0907542054564242 0.0469793628082891
0.16039254695787 0.0125548055575785 0.0311576466905122 0.0468906830333371
0.171678743187215 0.0655582517553081 -0.0133390299509468 -0.0174173719357872
0.123027124883572 0.0725573303472876 -0.0977157376902484 -0.0133848363598222
0.147709831007272 0.0543051253875454 -0.100872165673444 -0.0708541666921823
0.158381915273588 -0.0170845625332418 -0.116954800438541 -0.0515840465094062
0.125594859854633 -0.0859660461579092 -0.108661685628986 -0.0156974214753431
0.0709310413253765 -0.108094079055244 -0.074810951684708 -0.00957383974830112
0.0266051529151911 -0.111844318577721 -0.0552163405786906 -0.0142892321651768
-0.0103352963022525 -0.102112830715136 -0.0421039982136551 -0.0255011137893776
-0.0123927828072481 -0.088355331087108 -0.0248925616421517 -0.0325839195961175
-0.01493472111109 -0.0915612320547078 0.00320513575766071 -0.0522139435362591
0.0122420031952462 -0.107775287480332 0.0349919261936314 -0.0622869042364091
0.054025996187103 -0.104363042158393 0.0665067034882354 -0.0568659046579916
0.100862479913091 -0.0920653927002767 0.0943067366263402 -0.0116267940200025
0.135173069415737 -0.0400619252924327 0.0771330270386917 0.0414372992112368
0.144702963775626 0.0382887339557169 0.00531988116847579 0.0377878692032684
0.144900770149494 0.0788274773658705 -0.0541515718101045 -0.0453891291771512
0.0852352820884715 0.0582866813458503 -0.137577177444514 -0.0446272578544736
0.109796415346737 0.0437560298971805 -0.13116642805604 -0.0738445016393998
0.121240391031182 -0.013918892542216 -0.11816119125823 -0.0533737991213049
0.094079616693003 -0.067385643114904 -0.0961682366566339 -0.0282959101321487
0.0516118797668489 -0.0808153986465084 -0.0632439629684843 -0.0397417577775368
0.021108579401319 -0.0841722149647566 -0.0546273577311685 -0.0498680718918244
-0.00427617258193807 -0.0773696181522861 -0.0456582237195795 -0.0615697361691964
-0.00535987229477237 -0.068364661813712 -0.0261616959234721 -0.0691159837562789
-0.00151773609043555 -0.0718773579188557 0.00624976260864987 -0.0876727831884427
0.0247821014921732 -0.0817967167076208 0.0446248842747698 -0.0913596550760796
0.0597992070859009 -0.0730288954273463 0.0814354302649301 -0.0749650347765715
0.0941613923737293 -0.0546586308260889 0.0990622570864394 -0.0176184749053747
0.112571026111676 -0.00665613665302201 0.0671547182089611 0.0336838590373032
0.108606929306347 0.0559782654164342 -0.0108786328136212 0.0219691957620681
0.0995100399683651 0.0793541436913876 -0.0798767597200103 -0.0735112142726009
0.0304090715748296 0.0381986559494421 -0.158344084827679 -0.063849624239393
0.0530478761271224 0.0335724459437026 -0.146826744472938 -0.0675121858039872
0.0642137720433731 -0.000470839572203507 -0.115771451891339 -0.0550591432867829
0.0503814962647106 -0.0310582051632062 -0.0888093913296067 -0.0394690602640475
0.030017128724426 -0.0357363866873788 -0.0611383854065407 -0.0571314286292658
0.0179932412033479 -0.0408345778270177 -0.0581463520508045 -0.0698792495402028
0.00479613322497867 -0.0418588262582273 -0.0475907710854275 -0.0834216747430319
0.00294741764849098 -0.0374074233467259 -0.0232896146480246 -0.0940135319241672
0.00760197319330615 -0.0413358331257661 0.0153371142050931 -0.112667932660237
0.0241987239491 -0.0443410010412423 0.0627263385216434 -0.109834244192578
0.0450331288789536 -0.0374579876039918 0.102083583666308 -0.0817139405543954
0.0658672385559547 -0.020838002553254 0.106965471328619 -0.0168836114401498
0.0719042738819311 0.014183564215753 0.0634699907460439 0.0254429133402659
0.0614442811439369 0.0546354493019112 -0.0138029253160088 0.00549807699017098
0.0438084306936104 0.0618880740075994 -0.0869766381241131 -0.0948395243821459
0.0127426072856396 -0.0238831331302991 0.106350659903511 0.090702347029857
-0.0146670631997875 -0.0251649851057117 0.0403007354965023 -0.0067114907876669
-0.0309200335217229 -0.00986434937032071 -0.0586801972850288 -0.032124086037552
-0.0234583985280315 0.00681998183100908 -0.117316470864687 0.00356084944132834
-0.0159899067307393 0.00781269034522127 -0.126894318445824 0.0838526167395954
-0.0150374698145885 0.00525001916519088 -0.0754148055019352 0.124874100461177
-0.0135629131804743 0.00413613031824748 -0.0163364166308457 0.127366240592798
-0.012524884682726 0.00153278982591892 0.0280767324710164 0.115837700452562
-0.0192564265653475 -0.000272442932057142 0.0565781476736138 0.0921458619687468
-0.0223101022507061 -0.00758058007254812 0.0755248161443664 0.0739713776367487
-0.0177986560485189 -0.0120657148259133 0.0786841863238685 0.0609497029862715
-0.0172183822092483 -0.0180653739160633 0.0933412825442621 0.0546727241313931
-0.00937920340278985 -0.0233183708671915 0.118967302746348 0.0582620693931955
0.00807374360012389 -0.0251459790929888 0.131861799920152 0.0588681028949007
0.0237079848525299 -0.0189071476913276 0.155066416384552 0.0604407271606705
0.061680921816942 0.0065688576209441 0.0866899234165634 0.0993081193555783
0.0384989472986495 8.08510831205838E-05 0.0264312550532528 -0.00347373648068135
0.0246442155656059 -0.00881920712178834 -0.0670740656902413 -0.0251725230326246
0.023789751836751 -0.0152621449789902 -0.121896963051698 0.00857677475219097
0.0163906234794127 -0.0287471380861713 -0.12771753294747 0.0815062324200859
-0.00101260715749074 -0.036606345997832 -0.0774235023033285 0.120221515062182
-0.0173899885094683 -0.0366231007916417 -0.0227570100068168 0.121260881626696
-0.0206232320234091 -0.0345945593421849 0.0209518991468435 0.108360767502631
-0.0328508978043447 -0.0360018761081683 0.0511883041976459 0.0820190806108358
-0.0281340254482188 -0.0524444159000104 0.0715924390629039 0.0616678086549409
-0.00749041072563978 -0.0592829483121324 0.0790449591819472 0.0487409660268161
0.0151960001710163 -0.0646481121438435 0.0960907042805312 0.0453670251008165
0.0442072155869346 -0.0513222846419561 0.116546606730634 0.05287030541188
0.0699124780461362 -0.0234595198409646 0.116889017222526 0.0480631916870678
0.0908122842620168 0.000839694710487782 0.130571679182736 0.0426829651551599
0.104067836390316 0.0356353466225664 0.053331487473172 0.087858641712112
0.0919131130873698 0.0255100862970401 0.0043466221573212 -0.0154686692549674
0.0823586367968474 -0.0100283991864502 -0.0822268684806737 -0.0270188730208545
0.0708601984399518 -0.041420662575443 -0.126458538549442 0.0113622478300158
0.0463339273110416 -0.0654813631632583 -0.121798218923639 0.0727673964614062
0.0118982323256211 -0.076021328531961 -0.0738230594183568 0.101881036354346
-0.0193956953894015 -0.0732518905780936 -0.0279937049186398 0.0998793658286643
-0.0266868165896909 -0.0658104243281704 0.00912710854727578 0.085660559887313
-0.0422235716510145 -0.0658744860549424 0.0381161594493635 0.0592196573961736
-0.0324977051015423 -0.0880764694870783 0.0607009233696578 0.0374069902962963
-0.000939027653520651 -0.0972501943716374 0.0749449446519007 0.0257969191058622
0.038413077678119 -0.104998203612707 0.0978651622524806 0.0297829644266659
0.0851777639935165 -0.0779602801141412 0.112975265872948 0.0483352281105996
0.119678751355569 -0.0236149837926682 0.0937792125962743 0.044180826380602
0.143876977680545 0.0185170607096253 0.0884875035871345 0.0245676098967128
0.132968791416758 0.0581969461998019 0.0075715786634874 0.061348672899964
0.135539603702212 0.0427093662071577 -0.0265036940455772 -0.0351286963413993
0.132710405715079 -0.0153595403337201 -0.0977658244734302 -0.0343542487750372
0.109739299133727 -0.0697794905769939 -0.127545040886139 0.00860806462826447
0.066170433899402 -0.0980260060413242 -0.108750060222558 0.0552949992149997
0.0201759829641961 -0.106739813818691 -0.0667696538425772 0.0711054542689652
-0.0202100526235281 -0.0986525558961948 -0.0332867941876958 0.0647548474122301
-0.027286412228738 -0.0868710008115255 -0.00531877764823156 0.0514544524442347
-0.0428115872113942 -0.0856417214555792 0.0220406992430903 0.0266199815952961
-0.0280063450156112 -0.110886490089976 0.0465467609765119 0.00685205724728112
0.0108017223634731 -0.119619573615449 0.0674476008153015 -0.002725744421163
0.0591652798547979 -0.127327349999649 0.0961625441485219 0.011846024065101
0.11481387363539 -0.0897288706172791 0.105738306431837 0.0447826376369983
0.151139193251723 -0.0160450192172404 0.064586534031737 0.0452633772159511
0.172728191334296 0.0359819047871727 0.037362046315508 0.00564376013524177
0.142315391513988 0.0676885160897494 -0.0453954845679314 0.0267147717033437
0.157833484110986 0.0480206573325836 -0.0645845896657621 -0.0547741171411444
0.160847089430092 -0.0239759890790812 -0.110444443580365 -0.0413114649933253
0.127379482090418 -0.0919069282132159 -0.120785514936208 0.00238634381819048
0.0709267187344913 -0.117271685460486 -0.0915493123270523 0.0280818427108149
0.0212267310451494 -0.121137300608497 -0.0602411874313108 0.0314774622915491
-0.0195633260599175 -0.108700289489942 -0.0388205406837865 0.0214973108882049
-0.0254107650200707 -0.0941522080798723 -0.0178069866891617 0.0110117498708856
-0.0349436849826803 -0.0942068489036801 0.00753553156169828 -0.012150320663977
-0.0142224597905642 -0.118485623442525 0.0346994583126196 -0.0287739429483075
0.0274648685140195 -0.123619530586328 0.0617579673514035 -0.0333914253317452
0.0784026989306615 -0.125579008288297 0.0926229204163669 -0.00602832997233958
0.130678160337433 -0.0801636437071702 0.0941439547759499 0.0403473847597278
0.160982185092184 0.00151520524711641 0.0345989142521623 0.0445715816025716
0.174742918542148 0.0527852396349539 -0.0140193386676437 -0.0160962461119033
0.127717152079014 0.0640034334177776 -0.098466260603053 -0.00781157561426814
0.150925960561316 0.0432693825626906 -0.104881365353305 -0.0648489879308146
0.155912186111553 -0.0287271690264796 -0.119357030497809 -0.0443145162481901
0.118174629086262 -0.0956273862769335 -0.108957063085172 -0.00891668043253618
0.0617305178717771 -0.113702035614523 -0.0764881944964041 -0.00464667277023077
0.0178641309694108 -0.113913823334021 -0.0571877856318381 -0.0107511453942412
-0.0173488647782127 -0.101230531213103 -0.0449071840953979 -0.0215215367096632
-0.0191566931697046 -0.0877554815953457 -0.0273818981241746 -0.0301220537823489
-0.0211715670518871 -0.0901330463528379 -0.000605846832880977 -0.052065019177783
0.00397477295908364 -0.10888755359411 0.0306729994546579 -0.06468748809524
0.0454265668011457 -0.108079607484424 0.0639729360017656 -0.0601430929023192
0.0936416187110347 -0.0995948942715839 0.0922205734858711 -0.0181617480096675
0.130907500354981 -0.0502134600577833 0.0805934252371253 0.0358076178031462
0.147272620801696 0.0281413909105609 0.00859905493483548 0.0366002876699668
0.149300976170579 0.0673267828323831 -0.0567314710923998 -0.0409681243495619
0.0890824124006117 0.0521538831527967 -0.140219684752045 -0.0356783961424734
0.113034608149311 0.0358552773069251 -0.135519058461958 -0.0656825536027974
0.119765352163158 -0.0225358650994072 -0.120579428743824 -0.0462484703038304
0.0883203020422489 -0.0743527933188669 -0.0970385857230701 -0.021904045641233
0.0449794839790028 -0.0848528700289477 -0.0668094835973198 -0.0349883468878832
0.0144643447798715 -0.0850241709342846 -0.059073563385511 -0.0460803891804953
-0.0100628413329895 -0.0771857276700486 -0.0511347460088569 -0.0575366391626379
-0.00953017332345079 -0.0675071482936279 -0.0320585217047716 -0.0661013472839196
-0.00655548132542613 -0.0716440128380957 -0.000891215146676726 -0.0877829030835876
0.018837440929396 -0.0830876039458292 0.038869128195254 -0.0947572881151149
0.0536428845667666 -0.0774348340706752 0.0767306580230211 -0.0800456470247229
0.0900374300396579 -0.0612923608986922 0.0970485345759762 -0.0244934434185978
0.111007935588798 -0.014638013230691 0.0695282149849633 0.0283415734565772
0.112373871157988 0.0479939956194477 -0.00884108850718943 0.0218631436278009
0.103579200783014 0.0704729478825102 -0.0841759457033728 -0.0673691395503287
0.0330226779085791 0.0357270094666099 -0.163961236703931 -0.0539226570227515
0.0549274211118219 0.0296808896098544 -0.150384545395841 -0.0584463812193177
0.063482308783695 -0.00581070169882786 -0.11869975251787 -0.047873086791275
0.0471267615893326 -0.035124753781188 -0.091318475814042 -0.0333274022469656
0.0267973083055289 -0.0379166915372386 -0.0654086306093389 -0.0531758053836803
0.0145133905768297 -0.0419449783442077 -0.0643389424276402 -0.0662020008504117
0.00141139643407413 -0.0417817719785233 -0.054500717507308 -0.0796658550853924
0.000618059737807941 -0.0377514001007831 -0.0310664326747564 -0.0908462757904061
0.00415395441347598 -0.0417574469514003 0.0066730128816768 -0.112753103622339
0.0211401991471791 -0.0461587825410733 0.0546521244217649 -0.114489173027135
0.0424095749743913 -0.0409324338206649 0.0967596648310929 -0.0885909662554031
0.0641951287653447 -0.0264970574922314 0.105772520735239 -0.0245598872494006
0.0727303692571163 0.00920676277543915 0.0648602798906618 0.0208420107605646
0.0648557241730107 0.0501740951459129 -0.0126153184969959 0.00633390927307197
0.0475343382315109 0.0570390095130136 -0.093256576641592 -0.0883747136951074
0.0107133133028892 -0.0229544969322053 0.10714426953877 0.0822432543180763
-0.014748178488417 -0.0236664588774629 0.0381318986391 -0.00853232545884795
-0.029719162832057 -0.00780761604239798 -0.0586773396556615 -0.0288236170651862
-0.0222800981509022 0.00794505233950067 -0.113007373894355 0.00844305315371425
-0.0149208533218874 0.00771732738344839 -0.117994280063836 0.0875800111772826
-0.0135332925318024 0.00596241486921568 -0.0666503989578658 0.12494297682119
-0.0135405479515551 0.00444943446528543 -0.00924175872375468 0.123895807332354
-0.0122675563875537 0.0015911266547443 0.0343240209653208 0.109463713889889
-0.0189094659133376 0.000405529229889734 0.0608897199217946 0.0859632289927881
-0.0219634372248684 -0.00636434732032763 0.0770934166368549 0.0678555655370077
-0.0172575220662024 -0.0108733393557691 0.0786441394012858 0.0552441598541169
-0.0173844129861453 -0.0163117240706437 0.0923285237597394 0.0488823031125503
-0.00975932976251507 -0.0219121425162266 0.116490668553819 0.0497764358923931
0.00697995413491083 -0.0246403306791737 0.129032042369731 0.0503743384472649
0.0226018708062355 -0.0194562431934049 0.152333145990893 0.0511572910968266
0.0595495583731925 0.00375037321958733 0.0885987212818282 0.0904818975733575
0.0382800945869611 -0.00209019887601557 0.0250572942922104 -0.00484243046828312
0.0230851745552424 -0.010545983622583 -0.0665508969503835 -0.0221873041822487
0.0216880539134011 -0.016248129911294 -0.116884182078479 0.0135369094527671
0.0136810816505018 -0.0287490562516108 -0.118562075398492 0.0850442286803957
-0.0030829633971526 -0.035122313628094 -0.068424127132779 0.119715651050474
-0.0187415005577291 -0.034465956785621 -0.0156687241373375 0.118380550139514
-0.0222349329142135 -0.0330706543180013 0.0269295515334152 0.103292404914412
-0.0333306613716027 -0.0332202560678299 0.0545826586526136 0.0761979233424979
-0.0298898002294056 -0.0493014313671704 0.0726936667602687 0.055868577644735
-0.0103269270952484 -0.056757823788793 0.078619570315936 0.0436781599763007
0.0114340285394539 -0.0631804896835502 0.094446319883645 0.0395520573383056
0.0394971659322318 -0.0516872051047563 0.114544096670802 0.0446934923858017
0.0668058108012706 -0.0257469809736124 0.114174471175898 0.0404409808064979
0.0873968962421812 -0.00386201582745396 0.128277599877002 0.0354984122859029
0.101787634597498 0.0296268140027961 0.0564122592501852 0.0814674780160134
0.0903082333827995 0.0192595293578456 0.00336419975748786 -0.0150892468164926
0.0781065693459873 -0.0140762548820747 -0.0796432867197882 -0.0234275773873567
0.0658005896161851 -0.0435022744731773 -0.120910894507554 0.0159815860906603
0.0400497557737851 -0.0657660956505121 -0.113334967302598 0.0766031177212166
0.00774243785887027 -0.0736831797403191 -0.0661104702418751 0.102215889282966
-0.0225789019569057 -0.0698890047112779 -0.0217260370226713 0.0982860148768794
-0.0293789533793527 -0.0628958579766605 0.0140517381552771 0.0819796994907241
-0.0443926623280973 -0.061071931426596 0.0413359099433397 0.0552557674794966
-0.0360451285660707 -0.0835032638497328 0.0617158849705748 0.0331913450810507
-0.00563013258433376 -0.0936609158422586 0.0740195859894536 0.0218579425413013
0.031588414194161 -0.103170924447094 0.0951708771693833 0.0241978325651542
0.0776215752568739 -0.0796167931432602 0.110977612231214 0.040244689890742
0.115013156705733 -0.0281542548701522 0.0915609336816661 0.0373279631600077
0.138865944976584 0.01036974075025 0.0867959750751285 0.019793546164226
0.130222646986014 0.0494269211326512 0.010794524420696 0.0579558706140217
0.13328154179225 0.0341602414460496 -0.02697903845227 -0.0335133366967656
0.126430230989146 -0.0221342222419501 -0.0946926846541337 -0.0296386756359284
0.10144906831673 -0.0729164364683219 -0.121523418930813 0.0140904282324793
0.0574796863788133 -0.0985312835195594 -0.102292860335248 0.0593696740884843
0.0134580993065545 -0.104007235215755 -0.0613848914179598 0.0720111820189415
-0.0248927497915201 -0.0947432498989154 -0.029056463537753 0.064429483943712
-0.031117969741813 -0.0826130069985003 -0.00145442344357341 0.0502073769480844
-0.0454691740419327 -0.0807112672925796 0.0236211398352965 0.0242043272541108
-0.0331354505193656 -0.105670815028647 0.0456630230204141 0.00418576662696593
0.00418441113678172 -0.115853303518356 0.0657228549104943 -0.0049222272314839
0.0506164932053341 -0.125915769904056 0.0923525951815214 0.00657998653335582
0.104936000065412 -0.0922170469712155 0.104122460513408 0.0369825768984646
0.145363786987535 -0.0226179307978492 0.0647212653985259 0.0397341927341503
0.167545420304978 0.0258255726164827 0.0364805650026922 0.00378420904261747
0.140223435031947 0.0580769633365733 -0.0425735503768736 0.0263893647879566
0.154774659127056 0.0379876469230334 -0.0645526838180148 -0.0501248957074811
0.152987786411592 -0.031773491660541 -0.107361926999661 -0.0356619701555525
0.116544877805928 -0.0954502504463796 -0.115729842162849 0.00754833425244441
0.0614353648710673 -0.117095264189645 -0.0875949067018165 0.0318045040496734
0.0136570356844169 -0.117584925839732 -0.0568115362736914 0.033277521084143
-0.0249206555842429 -0.104447543108761 -0.0364875162940194 0.0233826824809377
-0.0292539263436945 -0.0894726610339406 -0.0159126917295264 0.0121615246537215
-0.0387035822134094 -0.089033948270156 0.00727691455315622 -0.0122468569059046
-0.020321994180927 -0.11337825644268 0.0322327764743321 -0.0294860205402843
0.0199858283698495 -0.121177938292416 0.0585478932383603 -0.0347521904772023
0.0689665651757859 -0.126121948242652 0.0888423842404023 -0.00956109174967383
0.120521363226585 -0.0839177622424692 0.093368228816711 0.0336542024253516
0.155451147510122 -0.00703547248192881 0.0360386537001698 0.0403734976253768
0.169830147176277 0.0410080802403221 -0.0142049968019478 -0.0145017420488095
0.12632287552202 0.0552253832138214 -0.0951997262875455 -0.00373849800916873
0.147796289385123 0.0338363360032036 -0.103539081236766 -0.0582331373436126
0.148011419877508 -0.0366037627888569 -0.116167523682031 -0.0378743020349492
0.108070928131285 -0.0985698455289899 -0.104248068960286 -0.00329476776501083
0.0531253188764287 -0.113068442343051 -0.0739799102063544 -0.000553562630407249
0.0103907056406726 -0.110456750508259 -0.0570572647328118 -0.00776773355795772
-0.0222963429304196 -0.0966427701660569 -0.0454497974053836 -0.0176811735728966
-0.0223021894586361 -0.0835535259399735 -0.0273703395570891 -0.0273117597353969
-0.0252732436459616 -0.0855695234054412 -0.00291935062095625 -0.0497498989077935
-0.0017866775734579 -0.105204600722607 0.0266572078899734 -0.0641401727977555
0.0379570377854229 -0.107228926005454 0.0588699485398064 -0.0612403868481572
0.0846580017355142 -0.101913730259202 0.0880560779780228 -0.0216962953721814
0.122952152475255 -0.0547793306788601 0.0797967072099532 0.0301030462063158
0.14289812972343 0.0196949714460602 0.00976114154073071 0.0342509306299314
0.145888409600812 0.0563446128538295 -0.0567274863291008 -0.0359584012506805
0.0885182034508332 0.0453085358037522 -0.13798327615073 -0.0289276695713383
0.110487504476922 0.0287792031188901 -0.133162898893378 -0.0576496573935567
0.113088546172074 -0.028534816505453 -0.11751671867766 -0.0398966620669417
0.0800854274008224 -0.0770155330324228 -0.0937331508377123 -0.0168867892577218
0.0384063987029064 -0.0840365510526735 -0.0663307882867299 -0.0305508160751704
0.00899985984513741 -0.0829283502303901 -0.0603906092362736 -0.0418494291277933
-0.0137620873023771 -0.0739633772102315 -0.0531496856098576 -0.0521596117600616
-0.0126822505693617 -0.0641188778128962 -0.0341394333126727 -0.0617810442546181
-0.0102773166807643 -0.0684307999923365 -0.00492359453886876 -0.0842653853413013
0.0138415093685171 -0.0810568078795374 0.0323405095666121 -0.0936034678049925
0.0472461698858852 -0.0778962882160923 0.070837813272325 -0.0801037598093414
0.0827591855886123 -0.0647085499463561 0.0921651972232935 -0.0282041558147062
0.105626726267844 -0.0196147424860738 0.0689190750825092 0.0239959265253976
0.110808682944147 0.0402422883062092 -0.00661483669334193 0.0215580908941678
0.102476245033104 0.0613941484025209 -0.0847058763851382 -0.0596039911828185
0.033636178176463 0.0325029932229944 -0.161458978265617 -0.0447850785564552
0.0542173147199318 0.025793007322388 -0.146955945382432 -0.0505334674572062
0.0605474460742262 -0.00898936708898385 -0.115998816821628 -0.0409660206810418
0.0430691097277297 -0.0367355755101448 -0.0888199935483379 -0.0277328239520821
0.0235067984161634 -0.0380361147093012 -0.0661627226952597 -0.0484571639124125
0.0115030627386164 -0.0415160024713297 -0.0661322513295044 -0.0606109039296433
-0.000869912058622032 -0.0396765703398367 -0.058017304564849 -0.0730992755257319
-0.00136548582593399 -0.0357750160449882 -0.0350041017205763 -0.0857717299985144
0.0022830771952905 -0.0398807852127625 0.000279764937406727 -0.109360475451231
0.018057690593961 -0.0452853555896563 0.0466635199028076 -0.113408900329733
0.0382932984770671 -0.0417512926608789 0.0894145002653528 -0.0895867831409564
0.0603465727530961 -0.028520843138312 0.100940454971091 -0.0283641676779714
0.0699465127353359 0.00533592533438977 0.0637590572566833 0.0171262321694413
0.0646572095983346 0.0446092033085303 -0.0115612596708458 0.00643194872798632
0.04774952845591 0.051438931078557 -0.0942986097746474 -0.0796636458181251
0.00956742543852473 -0.0217146549093546 0.104467073417996 0.0771329708881778
-0.0142955150775241 -0.0227344309067592 0.0363604411813489 -0.00877141139611368
-0.0288717930894704 -0.00750473152891066 -0.0569528754081847 -0.0278412932890167
-0.0212366832897128 0.0073545854418202 -0.108937948429369 0.00845463549948568
-0.0140036160522203 0.00810398126970307 -0.111438007120372 0.0866074063918913
-0.012694701311891 0.00621623347061999 -0.0618394976451962 0.121643964770372
-0.0132516678393469 0.00453985814781017 -0.0067682662494966 0.118648988498221
-0.0118953360800174 0.00120841199123704 0.0354140938962285 0.104449774009138
-0.0181021921484672 0.000615273933815506 0.0613753884611506 0.0814283268738042
-0.0207670294791138 -0.00577878731294563 0.0753725648162389 0.0641744723725807
-0.0165121228455886 -0.0100046639086425 0.076097952965891 0.0522012987424648
-0.0165978878716469 -0.015232751720273 0.0892370149630041 0.0462286827734732
-0.00966556481209797 -0.0212339629433977 0.111016598719743 0.0456449157944193
0.0075081560618872 -0.0243266230648662 0.122416557580464 0.0468301768022138
0.0211790817979275 -0.018929510278359 0.147649663546566 0.0476225620080485
0.0570136717622122 0.00350331141621572 0.0869627438518439 0.0855438942835742
0.0371632029297038 -0.00291039063403394 0.023682112397225 -0.00537929577722874
0.021956646877995 -0.0103472655348417 -0.0645442116433208 -0.0212049287853612
0.0202583065979464 -0.016162235768382 -0.111986111070486 0.0137096696394663
0.0123436146260717 -0.028084168005264 -0.112583377569894 0.083701810349842
-0.00334572184675566 -0.0334673336815604 -0.0638277393545912 0.116475558381106
-0.0191843895758685 -0.0329247199320145 -0.012941819002524 0.113798141525231
-0.0220854946043649 -0.0316262063912446 0.0283334604484268 0.0975404266378449
-0.0327737447727317 -0.0318399367968613 0.0547406758868159 0.0719681750343964
-0.0294105505004794 -0.0468180460165038 0.0714965315744457 0.0526375130779657
-0.0105851403893148 -0.0544267211007354 0.07644424843417 0.0413900399629895
0.0102329329160729 -0.060724141069106 0.0912356395227068 0.0364189169339817
0.0364341291961969 -0.0501950723637964 0.10986746110141 0.0408535647977289
0.0643378774968606 -0.0256370671897187 0.109125496974929 0.0373367891272446
0.0833867687412589 -0.00460827592902883 0.124098592664487 0.0331552745505822
0.0980583918226157 0.027690687120414 0.0557408205407511 0.0764746207426667
0.0872831697911709 0.0168338954752627 0.00323342955432803 -0.0148019445128178
0.0744348614240461 -0.0151658565054993 -0.0773374333073691 -0.0224463271164475
0.0617660382728553 -0.0433500247222028 -0.116413393747867 0.0163941360050426
0.0364430515290546 -0.0641129683510449 -0.107453190668449 0.0757853932487266
0.00592622533954106 -0.0712746825059428 -0.062599941313279 0.0988674031544498
-0.0235668582456569 -0.0664312340356083 -0.0191560579754437 0.0944509081408611
-0.0290228989969857 -0.0596927526225882 0.0159437076735809 0.0783371264279007
-0.0434760953379195 -0.0581214491738237 0.0416374041343123 0.0517822685678228
-0.0364889033665382 -0.0793990350551276 0.0601580490396018 0.0310370171036771
-0.00688294430361663 -0.0899567133320049 0.0725006947705128 0.0200299619735117
0.0288064299846031 -0.0997066189118105 0.0913973346238262 0.021920229011361
0.0723884731947924 -0.077721680905259 0.10683484441421 0.037293641426801
0.109710345093384 -0.028829351497529 0.0882666930527082 0.0349439135034256
0.132463227299305 0.00776547085518632 0.0841035241166462 0.0181076870231715
0.126039009161004 0.0459691824991812 0.0115524446788485 0.0544984776165665
0.128170033767943 0.0301832729572367 -0.0257167282401428 -0.0323129520391859
0.119981904108891 -0.0236907876678144 -0.0910592734788035 -0.02864236756974
0.0949429247001261 -0.0720530403301405 -0.115959891241683 0.0139258518206161
0.0526280257335242 -0.0953916602200076 -0.0973655721366391 0.0591490742252685
0.0108729334205009 -0.100137409666668 -0.0579840081310781 0.0704708538987206
-0.0256183021771689 -0.0900209225537445 -0.0264557103778808 0.0627821053691059
-0.0317120317768785 -0.0787947448480474 -4.2864610040678E-05 0.0479065637184339
-0.0449273968365348 -0.076609085135748 0.023850223444677 0.0228399280525294
-0.0338482562739958 -0.101473442173756 0.0446977440611878 0.00293805243078115
0.00154417987763485 -0.112024154526013 0.0637132349939503 -0.00571906567006949
0.0463225108755675 -0.122158877819638 0.088544222186796 0.00527515613892177
0.0982502935116461 -0.0895065243637927 0.0999190639750457 0.0336427443726514
0.139193117571662 -0.0241477200563625 0.0620068918295488 0.0370718514052554
0.160382318200341 0.021185949003235 0.0354462826535577 0.00356832013371943
0.135683777362613 0.0534268367178135 -0.0399092645622075 0.0253445788346905
0.149477444358823 0.0337870814194088 -0.0625247024472539 -0.0479477443022531
0.144887362322656 -0.0330485515001591 -0.103081165243135 -0.0341683981227399
0.109441836402436 -0.0937301645779898 -0.110158334359458 0.00773845545407273
0.0557545152196015 -0.113550565826035 -0.083094688509597 0.0323152414782951
0.010640670935712 -0.112950823088973 -0.0545157970319367 0.0330206744095425
-0.0261538511782157 -0.0994831796963635 -0.034604084774941 0.0235215399061749
-0.0297309683101229 -0.0859548256245991 -0.0145756861749029 0.0114998491914173
-0.0387174185200724 -0.085208472759881 0.00751436926811784 -0.0115508343376591
-0.0219720432760404 -0.108478730779469 0.031034466333271 -0.0292929936860799
0.017014352241516 -0.116751310739236 0.056636456081517 -0.0340141675650841
0.0638271932534648 -0.122879265163226 0.0845676264997581 -0.0112439791565389
0.113757058156145 -0.0827395727597368 0.0895919426370001 0.0304973762570435
0.149247546371507 -0.00844886581183169 0.0345996528827802 0.0375491150448186
0.162110543829709 0.0368244833860015 -0.0134857871040887 -0.012796981266882
0.122279776230083 0.0507091563382664 -0.0919761153235033 -0.00285664601413072
0.142229267115629 0.0300756101749874 -0.0997112804232746 -0.0555696553284357
0.140457647719131 -0.0374611585074146 -0.111096830853918 -0.0362437517661204
0.101099804739704 -0.0964237378082813 -0.0997939791781804 -0.00268809518948772
0.0480049758794116 -0.109674726255039 -0.0711629128481376 0.000322528892194001
0.00766646943644765 -0.106450710704354 -0.0551057601323889 -0.00641869883398899
-0.0231889601127135 -0.0921832032166889 -0.0445597103661081 -0.0154334143458974
-0.023423521261878 -0.0795907984408165 -0.0270627638586766 -0.0253534654940824
-0.0260556692437818 -0.0816792771870305 -0.0035639460793351 -0.0478458979233674
-0.0034716198070123 -0.100894666745122 0.0246902978666705 -0.0621384578885355
0.034425403937823 -0.103890306495263 0.0570304446946651 -0.0590853233564334
0.0793114685115056 -0.0997532858205836 0.0832855904154712 -0.0223404378907837
0.116604693396277 -0.0546158616032105 0.0772140265498541 0.027188006987735
0.137937765768766 0.0164978993447635 0.01038737032852 0.0323588708420463
0.139474562394162 0.0510880965486728 -0.0549161477063373 -0.0334672408780888
0.085880621097068 0.0418530026020823 -0.132964304165939 -0.0269840570330618
0.105928979452221 0.0255523276957245 -0.128199092282167 -0.0544993340149853
0.107404462698958 -0.0292139957164038 -0.112599250944475 -0.0369224065005926
0.0748269125634967 -0.0752975739745064 -0.0898654599356398 -0.0151823439310782
0.0347761378708655 -0.0817375725574327 -0.0643452620381806 -0.0280014378764183
0.00692554560566499 -0.080003299039262 -0.0596125228943062 -0.0389062605854094
-0.0146496340782137 -0.0703448454053065 -0.052338345731409 -0.0487280910912873
-0.0130656370938193 -0.0614261105105731 -0.0342348526264797 -0.0582558477889082
-0.0110105635131792 -0.0655705407136895 -0.00594693220605818 -0.0809227053018605
0.0116001511627244 -0.078471502480435 0.0296621520368762 -0.0905785192808828
0.0431524513287348 -0.0759740369098519 0.0670939098272012 -0.0781507276836168
0.0783154379060417 -0.0633763941585167 0.088580086787491 -0.0287663619727361
0.100483827655449 -0.0204247283128902 0.0671328975426072 0.0217119722710638
0.106376779340271 0.0369541695094358 -0.00561734594167306 0.0208496377305657
0.0978729852403183 0.0567073707484352 -0.0821665299582497 -0.0555407748471859
0.0325346246847993 0.0301104825127087 -0.156416345686226 -0.0419091453824295
0.0522226508272266 0.023549469877199 -0.141912281840289 -0.0472605599212605
0.0575536286715 -0.00974155568604963 -0.110650744920911 -0.0382053765141977
0.040012454380862 -0.0360335239333335 -0.0848374043518711 -0.0260175921836637
0.0216338147773389 -0.0375179362669096 -0.0648314092437145 -0.0460424941212249
0.0098439379575924 -0.0400388974746209 -0.0653878754137871 -0.0573121893123126
-0.00177833253149812 -0.0388040963459068 -0.0578044069759644 -0.0695374041894284
-0.00123769514843214 -0.0344198547693122 -0.0356686826168195 -0.0811424763150897
0.00140386999327606 -0.0382576514200848 -0.00194883105787621 -0.104873264195829
0.0169401688522613 -0.0437019430697061 0.042599158606458 -0.110051916638266
0.0353640018709584 -0.0410917959343796 0.0846016924139662 -0.0878941930748113
0.0570613360208425 -0.0285277877501421 0.0966236923667609 -0.0291324616354249
0.0672532867542813 0.00425942210244148 0.0618306851099802 0.0158975032738612
0.0621225448599104 0.0416531771386357 -0.0107131583843206 0.00671756545805407
0.0455639027068527 0.0478691733779775 -0.0914879404568409 -0.0744324421581469
0.00986942439826619 -0.0207159489840676 0.101966519373291 0.0763734959798563
-0.0133909300417531 -0.0226114511144065 0.0353438990646743 -0.0083236808117766
-0.0279168968143018 -0.00765431441845722 -0.0560949794084332 -0.0278669982755283
-0.0210370327328166 0.00741956751605985 -0.107714653956364 0.00724543905519126
-0.0137047365697031 0.00749396609051874 -0.109882038928341 0.083805601761188
-0.0123107289868109 0.00596622117533662 -0.0614420253037938 0.119384024461071
-0.0132610883285217 0.00431965726325035 -0.00723741057579543 0.116958678733528
-0.0120604917239454 0.000700008464051346 0.0347255599885461 0.102373888615239
-0.0177434020678544 0.000555406252879418 0.0602547673279472 0.0795145375101742
-0.0201815954349009 -0.00632804402950717 0.0737216703134628 0.0635941461934202
-0.0156920416128625 -0.0102867636318667 0.074455180141592 0.0524388211576417
-0.0160155095297838 -0.0151167512756539 0.087037078091671 0.0464576943356325
-0.00960942815471347 -0.0206488042041965 0.107949410262732 0.045313432641083
0.00795400040763605 -0.0235809818797658 0.119176668341962 0.0479293460068589
0.0208784566788396 -0.0183965907401942 0.145392205398915 0.0488745829454078
0.0561659325454341 0.00441507466407245 0.0852819306029264 0.0836923032830073
0.0365026394790327 -0.00290065212834757 0.0232496462200187 -0.00532663812187238
0.0219824944001284 -0.0100172223761518 -0.0632193080515113 -0.0223806580444509
0.0198327964655846 -0.0156250207194614 -0.110251375581933 0.0117106150183045
0.0118924493339759 -0.0281263100913454 -0.110616864607263 0.0817718140539575
-0.00278640995242672 -0.0330957429297236 -0.0632114894721397 0.113951444428922
-0.0190930084866893 -0.0324399547059394 -0.0124097905882913 0.112113688081135
-0.0215343796100443 -0.0313424994527642 0.0278750640921126 0.0959591789160132
-0.0321576113672042 -0.0314805490957396 0.0545514852705318 0.0704834386468349
-0.0292195618348088 -0.0466410154870105 0.0699525358554778 0.0524998778727652
-0.00946941829716629 -0.0534762162543629 0.0755839359891443 0.0416613109301589
0.0101725157908939 -0.0596546319970601 0.0885643261786077 0.0370754679414913
0.036200554980241 -0.0493317189852843 0.106344258245152 0.0404685928819304
0.0641641016016853 -0.024699927489871 0.105772818109519 0.0378034343978672
0.0815735139957117 -0.00361852938445805 0.12235974056746 0.0340047960247429
0.0962910998309374 0.0276148132342822 0.0545888147217066 0.0747232857363868
0.0855729600817882 0.0172897722125601 0.00360582366813472 -0.014880890249227
0.0726374335128191 -0.0144793651557825 -0.075733594281278 -0.0241343274320795
0.0602509304672578 -0.0419319796673984 -0.113835178543571 0.0140166098430066
0.0354893866057768 -0.0630004400811152 -0.105703868939707 0.0739277282773194
0.00607232240528055 -0.0696601296347517 -0.061804486311449 0.0969069463844433
-0.0232049545396765 -0.0651018337215556 -0.0191795206327552 0.0930713930522122
-0.028928801546231 -0.0593928678757008 0.0161967128226261 0.0764699700772342
-0.0425863964478299 -0.0571717832779941 0.0413003254572174 0.0504811492654372
-0.0351345794753159 -0.0787984958828221 0.0596977174749993 0.0306989486454688
-0.00614711271115368 -0.0885207682423159 0.0716205973469653 0.020757061198579
0.0286534133082808 -0.0979583941578986 0.0890647678663147 0.0223964076122585
0.0713770153308183 -0.075979464476959 0.104112993953432 0.0364545278414933
0.108883037319726 -0.0274071330547097 0.0855109011524269 0.0344658120085807
0.129115496625301 0.0089853094175085 0.0834093808234048 0.0189540279467439
0.123607239695727 0.0460131765013237 0.0113693098956641 0.0528288940949511
0.125881720610479 0.0306813016131525 -0.024651323686489 -0.0323749948074756
0.117922911174864 -0.0226537917278558 -0.0888931668336169 -0.0305486508246075
0.0928066210161936 -0.0700739722941011 -0.11420665523058 0.011644230410864
0.0511291500594833 -0.0937975710273515 -0.0956772403609469 0.0565537206559978
0.0103693788461424 -0.0978694901175622 -0.057813139422373 0.0685254096630077
-0.0251227772892792 -0.088527150985667 -0.0264291932484139 0.0615457635991218
-0.0313666131738524 -0.0780573020616388 0.000317316098573398 0.0466391951976962
-0.0442564383272603 -0.075274971144066 0.0246218667148914 0.022350634378587
-0.0325861271642865 -0.099802059109854 0.044364664905226 0.00306702629849117
0.00202928143651305 -0.110032345238942 0.0639785776881834 -0.00474815047040174
0.0459269832549264 -0.119818923559375 0.0861671820052411 0.00572469599256584
0.0964835252657115 -0.0874168695534542 0.0980040636336122 0.0331569513129863
0.137291393040353 -0.0224688349214663 0.0604988826607748 0.0364633276654173
0.155896617421801 0.0225852018759436 0.035240771386201 0.00453770152319828
0.132931836912404 0.0537514063817779 -0.0391813290837443 0.0232196135726628
0.146432043566429 0.033920455028036 -0.0607204436551931 -0.0486904413299133
0.142432256155621 -0.0324229418863218 -0.100701514781158 -0.0357496707721823
0.107278807445441 -0.0912800240226825 -0.107697605032564 0.00601130052766125
0.0548911293298398 -0.111537517360329 -0.0817142473887487 0.0310897207938761
0.0102610522838682 -0.111092632288582 -0.0542987946260172 0.0316759155001472
-0.0256409757638052 -0.0979272432534791 -0.0341550101005903 0.023578819628924
-0.0289887842984299 -0.0844125991487839 -0.0138597073841942 0.0113984563574953
-0.0376928098569953 -0.0834532018007739 0.00798236674553916 -0.0116501546983799
-0.0207207138400489 -0.107143703696122 0.0310817696393396 -0.0285068708321417
0.0166905797587651 -0.114990059006129 0.0570283892002552 -0.0330503851515578
0.0627425533365952 -0.12019346054833 0.0826608142565878 -0.0102768892873356
0.111278300333037 -0.0798748582152398 0.0885749221259393 0.0300223219084226
0.146585777152554 -0.00717640119083951 0.0339285425962409 0.0374084758731011
0.157830430502847 0.0365603465447141 -0.0132308210227851 -0.0121323065680977
0.119703918625525 0.0501003783596218 -0.090097810561954 -0.00471435073708277
0.139182092020186 0.0302077373230181 -0.0975594836819311 -0.0563664104088501
0.136832385870911 -0.0364194081949407 -0.108423439623268 -0.0375874392146508
0.098869085685219 -0.0943190674438835 -0.0971764098238182 -0.00467852294734003
0.0472634158251248 -0.107354845094415 -0.0696421566800943 0.000265511624106008
0.00725688477529827 -0.104172880662523 -0.054996085688759 -0.00667369590379126
-0.0230855702695474 -0.0907376054756339 -0.0436933236709854 -0.0156648073273883
-0.0222906374947519 -0.0781818166632478 -0.0256085912539229 -0.0251958454951783
-0.0251667396457239 -0.0799771687114077 -0.00256965483019504 -0.0469669344605198
-0.00324118938862131 -0.0994592496221354 0.0249496147638011 -0.0607196736358711
0.0338039266741982 -0.101933163448341 0.0575001253165618 -0.0574483860265103
0.0776771117583636 -0.0977615570749232 0.0817381795589985 -0.0209316922315633
0.113973699948967 -0.0526109565149855 0.0764122928810722 0.0273022091571435
0.135311811409201 0.017141426613492 0.01012522505403 0.0319809658940085
0.135365312348238 0.0510613499942567 -0.0537559953307302 -0.0329713914502486
0.0840042690303238 0.041188857302378 -0.131024661882868 -0.0278136695066113
0.104331015917224 0.0253896039812258 -0.125428947810098 -0.0559261010975281
0.105311621057488 -0.028553193491298 -0.109772726152218 -0.0384330475580549
0.0730784447158578 -0.0732517232699444 -0.0871790601486607 -0.0168093408908387
0.0342915254120047 -0.0797340844713623 -0.0629766166092632 -0.0285336587391097
0.006423941575235 -0.0783261047075141 -0.0589801235919362 -0.0390112055469115
-0.0144353651480569 -0.0695009147317796 -0.0515687939157905 -0.0477547520538004
-0.012595354075036 -0.0606512864533975 -0.0330952678110014 -0.0573965120650219
-0.0103900988488183 -0.0634535079167197 -0.00558866709564029 -0.0794202965931213
0.0118981193531743 -0.0767041173879731 0.0292800047706227 -0.0889901979782074
0.0424869921690302 -0.074204219882851 0.0677762596974416 -0.0762552663155134
0.0767786767634983 -0.0624420811124977 0.0861822404681765 -0.0270237705576046
0.0986891314026638 -0.0188090224527351 0.0654906978088737 0.0213320209000641
0.103938418869044 0.0368117249189951 -0.00560909256091346 0.0195273364626482
0.0945568672225547 0.0558139076490494 -0.07998950633142 -0.054543228951519
0.0320167326912058 0.0289742546838242 -0.154281192000111 -0.0420804559889007
0.0509544480774749 0.0235097491985711 -0.138824386720688 -0.0488955440531766
0.0557137612167679 -0.00983003257352729 -0.107852118872667 -0.0393769376118911
0.0383755246572339 -0.0352393393972763 -0.0828440311823802 -0.0269906245970305
0.0212025403404616 -0.0366775603809304 -0.0635308075686575 -0.0457788676416988
0.0094063220618685 -0.039633586274284 -0.0648802177584063 -0.0569847237364983
-0.00155870977364954 -0.0378413742666946 -0.0570325728198687 -0.068002525778582
-0.00100390894603678 -0.0334425078789827 -0.0345857840912014 -0.0795211206033416
0.00146393400384831 -0.0368304261771601 -0.00127258308619628 -0.102633220121619
0.0169029975558183 -0.0433214610938683 0.0420286733430584 -0.10825657051587
0.0348112959765384 -0.0401424488695231 0.084039247740547 -0.0855733908777369
0.0555803121433674 -0.0272173163576415 0.0951175388444447 -0.0277480221374837
0.0657410968820393 0.00531297620196996 0.0606996325661095 0.0158808977121717
0.0601842367332386 0.0411627435520737 -0.0101555197001984 0.00653937978652573
0.0433994804041409 0.0470517574738614 -0.0896300956404925 -0.0732735057575409
0.00109865570303967 -0.0250145949072033 0.125035954773862 0.0272321506170932
-0.0215026890251604 -0.0155600798665361 0.028116841872196 -0.0228096944130912
-0.0278235055534562 0.00473345196841378 -0.0644634211554511 -0.00114369828010571
-0.014560112768524 0.0162621428730138 -0.0970334437932677 0.0530944898196519
-0.00745986026828829 0.0127538865293945 -0.0639023719008179 0.124663912779222
-0.00782755559106008 0.0100490143075846 -0.00420229318273666 0.13642790717768
-0.010389962360348 0.00973611868560743 0.0432540441778883 0.111142666560845
-0.0111551534073037 0.00496988049978907 0.0765405257943917 0.0778039207185943
-0.0165678324016329 0.00804536711954057 0.0907271498221096 0.0455495610168843
-0.0214466099501165 0.00249174237789036 0.0955915857223894 0.0252852651624101
-0.0182543339292941 -0.00334831045763756 0.0910795859313606 0.0157615728938397
-0.0193822182080691 -0.00604050333863061 0.0997093680625313 0.00433457738637639
-0.0165027776455405 -0.0145412929279042 0.117340693412012 -0.00425120831306811
-0.00148513687460492 -0.0249864186160308 0.129542786115917 -0.00385492414390633
0.0127806650781808 -0.0259914322915123 0.156454876365441 -0.0131278113238144
0.0539242197583836 -0.0197805789966451 0.114998440701547 0.0400562623217536
0.03196823829235 -0.0177812653899001 0.0193603948027613 -0.0162326562625281
0.0160132928411041 -0.0175109836256859 -0.0682320812048307 0.00460191945045047
0.0124774741080717 -0.0206472669564905 -0.0975460680559357 0.0565906138145316
0.00121339997483002 -0.0301529942867722 -0.0661997932202613 0.121169334416222
-0.0153519014325105 -0.0295174508013877 -0.00923266443073316 0.131038342609116
-0.0306556729271202 -0.0214631414826752 0.0350593778299865 0.10773408160594
-0.0338332726685317 -0.0216367757795343 0.0679920242863967 0.0748085677234883
-0.0431250234514817 -0.0155678520939071 0.0821106271949339 0.0394751543981108
-0.0464390880805629 -0.0317494666654421 0.0885822798860262 0.015886610881904
-0.0313903423645982 -0.0466466396931846 0.0895853758536751 0.00517247290458051
-0.014489469008789 -0.058943557598733 0.101297088094261 -0.00467501273796347
0.0139429723800062 -0.0601078471636897 0.115392795312154 -0.00707885887155403
0.0505433597726972 -0.0498161899601176 0.113420274746786 -0.00546321714750734
0.076223826790869 -0.0399865280639816 0.127415896245585 -0.0145679370426481
0.100409901927268 -0.0129124236815379 0.0842778995581046 0.0427411572846528
0.085123160482482 -0.0187321456899151 -0.00194239670530469 -0.0177734897460187
0.0611280022196212 -0.0407369725034278 -0.0794396659098303 0.00547445917939875
0.0381674798651909 -0.0606406680191387 -0.0990998968521964 0.0575934776459523
0.00798740632615469 -0.0713036220773145 -0.0660631708097385 0.110866336534541
-0.0226958241815658 -0.0660747709216073 -0.0160865891974155 0.11390639181262
-0.0481029364335251 -0.0500446415749638 0.0212186056195877 0.0920220745762561
-0.0513322861131104 -0.0447022585594526 0.0481602913242496 0.0618546673348291
-0.0630923756678056 -0.035996615235574 0.0611858488797216 0.0263337478900476
-0.0658023760359961 -0.0587873413653766 0.0695196788088931 0.00030242999050835
-0.0428327927740703 -0.0809975935301897 0.0791274330676538 -0.0130248812742317
-0.0141967722113927 -0.102225964282376 0.0980569822145815 -0.0178765783013869
0.0356365487171262 -0.0994966166208282 0.11335450329865 -0.00899291796334194
0.0909821040111019 -0.0711103597361026 0.0938326089351605 0.00243227350980044
0.126396185881129 -0.0499634587271978 0.0837605882370035 -0.00939970914069317
0.133044094333759 -0.00636073315533436 0.0363629001484068 0.0395214321239456
0.12696426619404 -0.0219460976886943 -0.0347598957704974 -0.0234642628827697
0.0985411083108394 -0.0660742801287249 -0.0934565016289062 0.00272840099886809
0.0561715181364922 -0.0989342478460045 -0.0991338420140236 0.053070425999202
0.00933908353311469 -0.105327009957147 -0.0644294845769027 0.0899364964405125
-0.0301268562572102 -0.0941263973575711 -0.025442617095442 0.0854671180896953
-0.0596990718053607 -0.0700974500093601 0.000385630120542836 0.0654884798098439
-0.0608257797075801 -0.0612391451150103 0.0210177899865858 0.0410880829633296
-0.0722852832228079 -0.0521560285156429 0.0332645516046289 0.00762763231644255
-0.0725444387068252 -0.0794624811814847 0.0445230765746927 -0.0192543735372638
-0.0441662439648152 -0.104962320848135 0.0620759933127774 -0.0330260862412628
-0.00820251498587181 -0.129614487046315 0.0908428491231865 -0.032113682519306
0.054893027296963 -0.121467049878486 0.107345033497037 -0.00870721307562696
0.119528073299525 -0.0787966424610932 0.0712938698732173 0.0154573588126482
0.156945682351031 -0.0489689264179307 0.0314877318428795 -0.00148438210499519
0.144037081415289 -0.0018850969518857 -0.0224856648954166 0.0333242820288216
0.147079047178628 -0.0257121032290802 -0.0743398442290691 -0.0233799315989884
0.116706773217386 -0.083942335721582 -0.10613122956076 0.00151826778743113
0.0601010070971225 -0.123767296506384 -0.0967154406824518 0.0436604583683062
0.00496274501334321 -0.122709317080546 -0.0642158417498431 0.0598842859226441
-0.0362889344782204 -0.105706405987224 -0.0383869991084662 0.0504390959493828
-0.0636190266059784 -0.0788154962430326 -0.0240071050617249 0.0337651763596835
-0.0616548583204568 -0.0678341496778669 -0.00792748649471658 0.0149017518094765
-0.0693876916762402 -0.0622860925509408 0.00365936995085468 -0.0159135881062247
-0.0645810761818452 -0.0913507964959153 0.0187329477671385 -0.0421878520839259
-0.0327260279494961 -0.115243269202412 0.0441999967777133 -0.0550353122916147
0.00693360838170536 -0.137487090086581 0.0814318159265753 -0.0433808929707731
0.0711595943027946 -0.120689165298756 0.0967622138904318 -0.00699373502275224
0.133907625471688 -0.0688657675119099 0.0465913006344768 0.0273377080343937
0.164055632983814 -0.0364550561686399 -0.0211069684645065 0.00346695270178538
0.130868728421005 0.000657623342721499 -0.0820745287885374 0.0292352205291858
0.139363864786339 -0.0260599873242393 -0.111874997231307 -0.0146572998997704
0.110982421137837 -0.0860044780070209 -0.114177340705799 0.00320567005388122
0.0510786011809159 -0.122973331393444 -0.0913303810057624 0.0301181039580034
-0.000312186604231342 -0.115500928142934 -0.0668126535274821 0.0263515612381387
-0.0365286301868826 -0.0980884305674766 -0.0558369094477065 0.0153664945978629
-0.0585870825869819 -0.0736976108703272 -0.0490978442521205 0.00258728252646028
-0.0529106189590446 -0.0644791244084035 -0.0345983743206665 -0.0124688129888516
-0.0565158890751986 -0.0639121650492934 -0.0217327377114314 -0.043676012907472
-0.0453061984708197 -0.0916020963129593 -0.00146806863765735 -0.0689565718641624
-0.0116827975316427 -0.110535945294565 0.033145601606737 -0.0770487811990607
0.0300765630387873 -0.122840064107098 0.0752439618385542 -0.0525992879666205
0.0854956421540895 -0.0960181406795881 0.0836885023709443 -0.00441910319064659
0.133403823995531 -0.0413194449849326 0.0218742632601783 0.0315209715152646
0.149478858173979 -0.0133502038967958 -0.0678777506271566 -0.000316115541038085
0.0948630263478712 0.00682745130949643 -0.130574929312803 0.0258257843557072
0.106044971513549 -0.0160871095854236 -0.138212172820995 -0.00130034390771461
0.0850590546134981 -0.0659016880249658 -0.115690406095038 0.00469727440340867
0.0362724524657344 -0.093826589529633 -0.0878322628126098 0.0160910414849126
-0.0017096627731594 -0.0855113248314964 -0.072574136005903 -0.00171455273846289
-0.0268906870244277 -0.0740127716660156 -0.07279058282502 -0.0116592601780022
-0.0419592976273332 -0.0576506821721148 -0.0705280778937021 -0.0231043787591206
-0.035613112977346 -0.0514981903831635 -0.0552558819443646 -0.038289980131052
-0.0359580449514882 -0.0554016240217064 -0.0390366212971458 -0.0711349622893403
-0.0216563375106975 -0.0771653357181921 -0.0101758094232086 -0.0951808484590246
0.00789299171839559 -0.0882285797982954 0.0335706105792951 -0.0974121120371098
0.0445452746598736 -0.0894048077572429 0.0744745555936385 -0.0588042398913685
0.0846963943572257 -0.0581151580911599 0.0707188789877411 -0.00433084139467946
0.112354288073258 -0.00971708515623015 0.00174144902280773 0.0253430791590594
0.112737625288769 0.00969909459903995 -0.101266661725758 -0.0120156960826084
0.0420914131691907 0.016531777318421 -0.159425377715635 0.0235032241576844
0.0570374820796927 0.002753823233294 -0.148088196234898 0.0124496315642578
0.0476346999246232 -0.0293176627634361 -0.113910028363805 0.00655891736536768
0.020645310776095 -0.0457636776591222 -0.0871034020611782 0.00704838639801089
0.00464949228309319 -0.0406164810169044 -0.0792011366794605 -0.0158987913890738
-0.00833198612994462 -0.0388888656448762 -0.0846974500570389 -0.0247036739026514
-0.0170448605044983 -0.0338702495033792 -0.0837863051653328 -0.0386490330043037
-0.014076893115999 -0.030313528014276 -0.0674380978947677 -0.0573215724897006
-0.0133050842600256 -0.0353458703791595 -0.0459236844374788 -0.0938610780252772
-0.00237877964015825 -0.0473709355693548 -0.00744074136005641 -0.117528826140132
0.0152497940423495 -0.0526589083186415 0.0423922054500077 -0.112546779464855
0.0404656089319067 -0.0495252735624071 0.0789906707769672 -0.0626860197060949
0.0645996972269661 -0.0225502581621747 0.0626310497092332 -0.00831003929396071
0.0733766788277811 0.0126553960635175 -0.00842731871195204 0.0133194741355132
0.0603048863607894 0.0244645547316012 -0.116545203855188 -0.0280141148778189
0.000804246048467828 -0.0252570624108684 0.129410983981449 0.024553802880788
-0.0230209393357464 -0.0160518574777707 0.0283540663405165 -0.0243678964749349
-0.0283606481353568 0.00540794767025242 -0.0667550769221553 -0.000110978595823797
-0.0143642591833352 0.0173838181860353 -0.0995404965553532 0.0564565873952111
-0.00744455097969835 0.0125633465777501 -0.0623848682724923 0.129336918764098
-0.00759874382704041 0.0100558523424068 -0.000753274571066284 0.140142358473839
-0.010374588805179 0.0107457785540962 0.0472258203590105 0.112888086340666
-0.0119101364527113 0.00560399614676012 0.0814421423894705 0.0772712929005271
-0.016864846223895 0.00872488049361109 0.0950121615850245 0.043672461791186
-0.0221245906550487 0.00304954165504506 0.0995423566072844 0.0242335060154214
-0.0185801962163503 -0.00292362700622283 0.0943629135039431 0.0146266469764431
-0.0196955979416757 -0.00557167571132755 0.102888464199259 0.0024917412352188
-0.0170486867149064 -0.0142264264678121 0.11934156735794 -0.00647657361256734
-0.00159838880420606 -0.0260278731750112 0.132295792388161 -0.00569161824721047
0.0128474957583441 -0.0265428119425928 0.161865354995264 -0.0170707951130785
0.055019439477961 -0.0212276876773952 0.118900298629208 0.0373070921152778
0.0324615084167468 -0.0190735888548025 0.0194226199594855 -0.0175784316532186
0.0156970682990694 -0.0185449483380658 -0.0704607872099784 0.00592284018716188
0.0121832961032169 -0.0212482501924604 -0.0990803952490965 0.0595604964561535
-3.04770398714647E-05 -0.0306626705534991 -0.0649527692357456 0.126134740328
-0.0165187794611021 -0.0302293760745713 -0.00579015701060246 0.135655463231517
-0.0321657633918471 -0.0209215392409465 0.0391144467304569 0.110279978583317
-0.0357876580616732 -0.0215539132626857 0.071909505907496 0.0743874686749182
-0.0447067020165774 -0.0147987409996401 0.0860842030341379 0.0375484970819442
-0.0487684957715973 -0.0316381459022961 0.0917526584646909 0.0139979502515777
-0.0328200885045306 -0.0478491939398711 0.0930445076860637 0.00278517722545956
-0.0160462836974894 -0.0602626572879326 0.103376451154325 -0.00637736515988025
0.0130837288883185 -0.0616004413277778 0.117697944794081 -0.0101554515566078
0.0513305953790912 -0.0527390674428756 0.115819943880416 -0.00735677938209903
0.0773447019374084 -0.0422618559438884 0.132106882511496 -0.0174842589218485
0.103299493447306 -0.015346184313197 0.0877080764012281 0.0410085774613816
0.0868485247956748 -0.0212040915148676 -0.00240279882857121 -0.0193307831000694
0.0612334934683848 -0.0438963852764784 -0.0816904921904815 0.00666143981807319
0.0377181543980341 -0.0625603807139608 -0.10107616384886 0.0601325942856259
0.0061148441996122 -0.0730832580994479 -0.0650479264428283 0.114703934190932
-0.0254952751070914 -0.0675562438859697 -0.0136876194964806 0.117910060156691
-0.0507169463563788 -0.0498364874348759 0.0243054590026103 0.0937496381605154
-0.0546289352519288 -0.0448293461333937 0.0515386174224846 0.0618362539596223
-0.0662585363044508 -0.0350276698974508 0.0646209705742875 0.024490921609838
-0.0698382185983575 -0.0590174183743623 0.0720837771847189 -0.00193656237213754
-0.0456727527710341 -0.0824949873030744 0.0821704908168271 -0.0151404160463808
-0.0174125546427453 -0.104751533641596 0.100776792242013 -0.0206876277599451
0.0346205632444178 -0.102847944417221 0.115398651150865 -0.0125626879044476
0.0925146289017505 -0.0756198688944202 0.0957337390776101 0.000746728667121742
0.128185302702123 -0.0534360650832309 0.0868028644174844 -0.0109216451844761
0.136477841982835 -0.00945097310277703 0.0380574059516258 0.0390404503777827
0.130002254840345 -0.0250672394033099 -0.0359536485360922 -0.0237835632917774
0.0986906349335253 -0.0701638137279614 -0.0966096035412762 0.00379791367984323
0.0548563742793319 -0.102167087793531 -0.101297712906581 0.0557948278876197
0.00667719143181503 -0.108377347774182 -0.0637042394262025 0.0933872228050534
-0.0340985144469731 -0.0956068426654277 -0.0240903342406118 0.0887650677581565
-0.0634094348572732 -0.0710902972079001 0.00184829533522271 0.0673093651323324
-0.0646121304237768 -0.0615916196260415 0.0229235391901907 0.0412977203129456
-0.0754170099160144 -0.0517166223983168 0.0344750953263269 0.00601528762448763
-0.077350704563586 -0.0797796458959298 0.0455407763880595 -0.0214309494658841
-0.0486631228875449 -0.106485620264201 0.0641464769268227 -0.0361262957255033
-0.0120633819207411 -0.133335015715525 0.0928570006753151 -0.0345526543083861
0.0532740408857143 -0.125848711746147 0.109522547335254 -0.0121683608416121
0.121553829906876 -0.0835316134877677 0.0736441042114434 0.0144090679566569
0.159741208817159 -0.0527612770546896 0.0332750993851526 -0.00203863235411092
0.148253009786722 -0.0059605441359308 -0.0224075528258468 0.0342355083317294
0.150460781353949 -0.0300318383384953 -0.0766723625760149 -0.0231498512848715
0.11736986027729 -0.089066173689155 -0.109734246963378 0.0024617129523826
0.0578624826877475 -0.127946368411062 -0.0980746164421826 0.0454837259347244
0.00173919236817583 -0.125432608464928 -0.0639138050999172 0.0628298464406992
-0.0405824508307544 -0.107367016635407 -0.038381033101354 0.052625911368382
-0.0680635814326165 -0.0795367889606324 -0.023662923402421 0.0356506582499439
-0.0650906238361157 -0.0683403004082607 -0.00754964030977201 0.0155885391892265
-0.0725440824139552 -0.0620211893526176 0.00363922443334018 -0.0175045708335463
-0.0697178560693815 -0.0923569851508576 0.0179745345310868 -0.0442027256120348
-0.0371145754844287 -0.117757264839917 0.0448818187161597 -0.0583577334109318
0.00319849960142108 -0.141757672691331 0.0828246558043768 -0.0467351476589665
0.0708129088914201 -0.125441962593586 0.0988008569682462 -0.00996279827632335
0.136986478094378 -0.0736126553591173 0.0488674764531722 0.0267100364788773
0.167554291573602 -0.040560719171422 -0.0214654712463161 0.00417695792727788
0.13462242019763 -0.00281977570615317 -0.0837959418577837 0.031187534257506
0.143074531026602 -0.0300391252771595 -0.115133213470964 -0.013430599870803
0.110811185795265 -0.0908541487647616 -0.117567327222071 0.00469689834349483
0.0490045940060869 -0.127043691323558 -0.0935730381738503 0.0320337787435858
-0.00387456281143821 -0.118810293714768 -0.0672058489484757 0.028339886437441
-0.0406328744123408 -0.0997523910633163 -0.0570548107755735 0.0172422050167689
-0.0623170483287502 -0.0737944174820861 -0.050739373607663 0.00426516693651245
-0.0557561901756215 -0.0654413875737025 -0.0361216667358534 -0.0120730144350477
-0.0596244821377155 -0.0641795665623691 -0.0234451379753008 -0.0444043887997574
-0.0492430333812833 -0.0930613571333997 -0.00331304884729733 -0.0708023495253293
-0.0153762425596875 -0.113167957172115 0.0333896653197559 -0.0808449221710544
0.0273059238966253 -0.127500260081106 0.0761762434038044 -0.0548821605627953
0.0855525819893463 -0.100352470071468 0.0853729828354353 -0.00680488445084472
0.136320257315212 -0.0453996742061016 0.0233715536761188 0.0317129964780182
0.151938277239988 -0.0163173793182877 -0.0690786671091952 0.00231601799749641
0.0971603141462793 0.00412379560776503 -0.134151723894439 0.0291237038128296
0.108436130935879 -0.0189748004369728 -0.141704689966046 0.00152409810912549
0.0844716374924586 -0.0694123628327513 -0.119285544736803 0.00638626807102968
0.0342199770677923 -0.0972111147285478 -0.0895521168023184 0.0174539039429827
-0.00392084622887548 -0.0877322241470088 -0.0746148725538054 1.07082810255689E-05
-0.0301517732831557 -0.0749742627778956 -0.0752793009336087 -0.0102578464435848
-0.0448764997480377 -0.0579081432670793 -0.0736997004978057 -0.0215281720830659
-0.0380532562287007 -0.0523083275456043 -0.0579779198183029 -0.0378092811412151
-0.0384785645152664 -0.0557904742872986 -0.0419369279573298 -0.0724341767757605
-0.0244661511254065 -0.0787847601876468 -0.0128342837980121 -0.0979194318301914
0.00536309063497266 -0.090154067385592 0.0327066047776626 -0.101514897571013
0.0431297108921247 -0.0935457876436907 0.0749545189548936 -0.061542906729004
0.0857796623314479 -0.0619054794060066 0.0725704775674378 -0.00667259264413
0.115124808164729 -0.0123033598355774 0.00227794152605367 0.026452815785785
0.115158074249652 0.00820548319580181 -0.104181421267139 -0.00884304656098059
0.0431672144138919 0.0150936614244288 -0.164672635113993 0.0280876862649983
0.0582411595373605 0.00164030237120322 -0.152193629387708 0.0154477467541435
0.047657065474919 -0.031071071858226 -0.117547320372613 0.00817918345932017
0.0194481336275713 -0.0475187980711611 -0.0893671157036559 0.00829480260553466
0.00342908889399052 -0.0422439651613626 -0.0824774944206104 -0.0147232517662128
-0.00974235760585799 -0.0400150724104215 -0.0885228484805067 -0.0234659710377137
-0.018448476236118 -0.0340451297189157 -0.0873776784048142 -0.0372345230345741
-0.0148793501665023 -0.0310237358869074 -0.07084786497152 -0.0572380637902859
-0.0142597579607183 -0.0354367805693894 -0.0492425267845624 -0.0956300766211849
-0.00363135720376371 -0.0488862353280223 -0.0107870008403667 -0.120701259332852
0.0140500480582007 -0.0537944157600448 0.0417081724064725 -0.117518763051865
0.0395743164432255 -0.0511814015464052 0.0796078653148666 -0.0658751252387506
0.0660648333895334 -0.0241852502795453 0.0648255708109514 -0.0106671595684248
0.0752400647256075 0.0113467809129364 -0.00824312648957015 0.0140980694802042
0.0616460412956199 0.0238203573491044 -0.120490281846293 -0.0249408102522771
-0.000522829036766836 -0.0253166962898977 0.13280220732637 0.0171673046807992
-0.0238465438978002 -0.0154947298435536 0.0274128671782485 -0.0269052051768321
-0.0286139380612926 0.00653830259441358 -0.0687648086105351 0.0031916121453622
-0.0133329160893209 0.0185509275163093 -0.0989737174962668 0.0620941062666474
-0.00728440228891751 0.0137141395072212 -0.0559182286994838 0.134437571148547
-0.00741660734444183 0.0104051465477557 0.00677794228517544 0.142839789886702
-0.00976314342229194 0.0113945752721278 0.0539786161160452 0.111934116568761
-0.0123946725091543 0.00620488237409302 0.0870479468738508 0.0735155701742425
-0.0169104842659264 0.00932727382808015 0.0993297790302555 0.0383621108521388
-0.0222450272147419 0.00385779347951789 0.102863561449472 0.0189604952453317
-0.0190147615975292 -0.0025040274156317 0.0971184696048546 0.0105567706971129
-0.0200682204101414 -0.00451013948663952 0.104629048759979 -0.00256801329058437
-0.018118389257832 -0.0134984574367542 0.12000044685007 -0.0121852927790089
-0.00261480358628426 -0.0268086821468104 0.133798636768783 -0.0113296395169623
0.0120973319995865 -0.027326555854772 0.164807670691166 -0.0260191134431401
0.0551310916589311 -0.0240904645650028 0.122644958822494 0.0309778689907367
0.0317433095745539 -0.0214237363864695 0.0188258608592349 -0.019158018326434
0.0145777482829682 -0.0197200124228513 -0.0715031661703735 0.00861111972303942
0.0113036558688987 -0.0219879978555392 -0.0989554526957231 0.0650490560833423
-0.00232295539519776 -0.0308553470893721 -0.0585600567160843 0.131024284174726
-0.0190225485623132 -0.0298842758897894 0.00122548484813635 0.137401577603261
-0.0338275842830503 -0.0197141526572226 0.0459468938627977 0.10946660763967
-0.0381480731551973 -0.0195560112847778 0.0774341178125544 0.0708639487650786
-0.0463945934816656 -0.0129491044787108 0.0895004742832237 0.032427235886743
-0.0521170970456667 -0.0294259073008606 0.0942651607653737 0.00929504437856943
-0.0357355670721716 -0.0468346454652301 0.095472817146626 -0.00145782349478452
-0.0188194588805727 -0.0603393928025777 0.104627266968929 -0.011555978498723
0.0103274016311282 -0.0629666366063787 0.117873233265994 -0.016079543908932
0.0497658653548157 -0.0559961015013092 0.116960405437566 -0.01228869663618
0.0762899035255569 -0.0464569093325364 0.134144494110429 -0.02463052565282
0.104098479182513 -0.0211014332050298 0.0915200531548735 0.0363038962956386
0.0868163088508458 -0.0266153385130735 -0.00336079304167332 -0.0201670072481821
0.0590140537863535 -0.0481152445422635 -0.0833840804158757 0.0101262436891134
0.0349956628360503 -0.0653925362816127 -0.099984775018505 0.0650923131536746
0.0013052215181222 -0.074199915005634 -0.0589196704543842 0.119838006950105
-0.029817128224328 -0.0670854226775821 -0.00746427090983819 0.120152399152046
-0.0545401324004391 -0.0478686561494438 0.0300894560995801 0.0940384060480094
-0.0584983446876913 -0.0427286782872831 0.0552394946589616 0.0590138680296998
-0.068862870676682 -0.0322569955163562 0.0667562086187722 0.020288882679264
-0.074677918231773 -0.056138599714218 0.0738358527536641 -0.0060119586737692
-0.0511590026987918 -0.0819620272660431 0.0828497702793239 -0.0204870537697061
-0.0233677771242685 -0.105962349759198 0.100875643760039 -0.0255276919729737
0.0298116709793468 -0.105809541529941 0.115203334969414 -0.0187613683427252
0.0907860280621524 -0.0814864389246575 0.0973889667745103 -0.00414957606103154
0.127123176869977 -0.0603927003746834 0.0884863562085706 -0.0155202724499688
0.137952184063376 -0.0173826325974503 0.0404834639328449 0.0367343182375703
0.130525521513372 -0.032871589535038 -0.0375089834101858 -0.0235254040848415
0.0954334849808754 -0.0763697405572506 -0.0984941225818634 0.00796500550948053
0.0496106518005056 -0.106526020924761 -0.100567764783115 0.0605357797621366
0.000155443329338511 -0.109737857385604 -0.0590293919075657 0.098129282823944
-0.0403038286564058 -0.0950716571284543 -0.0193143312874168 0.0908599702758244
-0.0685067711653299 -0.0682291053485711 0.0063305335790757 0.0681790305946465
-0.0697120577843881 -0.0590884177550351 0.0255179819850179 0.0402572704192414
-0.0793610556446379 -0.0482888750036407 0.0357826404136087 0.002799151352657
-0.0835640143225846 -0.0770348452165443 0.0456037362933325 -0.0246375663405206
-0.0548569154251878 -0.106213882216038 0.0639025635281486 -0.0406724464814535
-0.0201056615451456 -0.13499360488292 0.0922672484248567 -0.0392520476424773
0.0472654605847394 -0.13045188211919 0.109684940810842 -0.0184115618484354
0.11949669218416 -0.0914480310554889 0.0754427166284081 0.0108836040010306
0.158153521395151 -0.0615906413980943 0.0343879594275222 -0.00345950567053286
0.150086237550467 -0.0142678106350673 -0.0212576358602967 0.0351043074428579
0.151342420812597 -0.0383878935248097 -0.0789805723654776 -0.0208605091720543
0.113301138872575 -0.0964695178236965 -0.111769827877743 0.00716268819515511
0.0515733290404097 -0.132583832177953 -0.0976768948783654 0.0503274866920995
-0.00587702667985713 -0.127123966283648 -0.0612772353765698 0.0659524978497442
-0.0478827915573413 -0.10717481227561 -0.036394206645615 0.0547387416533471
-0.0739488804106073 -0.0762919094727319 -0.0220793689236051 0.0374684572316109
-0.0707027180907047 -0.0664752062492586 -0.00664690155755411 0.0157159129625317
-0.077012702686423 -0.0585160169620928 0.00292051005487542 -0.0189200547193331
-0.0764062382520724 -0.0895505544516689 0.0163788795022832 -0.0464806328750975
-0.0446965802389176 -0.117417778095447 0.0435609321466663 -0.0627722829755413
-0.00492653368472943 -0.14395837341816 0.0812909393996274 -0.050834279177855
0.0653535597646774 -0.131010392180393 0.0994622682987799 -0.0164879039397252
0.135240785443411 -0.0819840846292426 0.0509976673021697 0.0248382379465536
0.166615538352036 -0.049251667581213 -0.0202091687034946 0.00616371816781012
0.135941506409262 -0.0109457731948282 -0.0839014425227316 0.0350200799117773
0.143392503317436 -0.0379788643585359 -0.117723239085819 -0.00881677649246173
0.106459838250998 -0.0973545359801623 -0.119658263692558 0.00960615325092174
0.0423671701371917 -0.131129766902655 -0.0933617158473989 0.0355921132055665
-0.010878595760818 -0.120027810604755 -0.0669738051449574 0.0317495684250948
-0.0477427275719295 -0.098949680768106 -0.0569911606671808 0.0200304771171384
-0.0678329654003616 -0.0717742984001998 -0.0511882332220623 0.00730437930345732
-0.0604155718714534 -0.0638134604572681 -0.0375975074804889 -0.0105595305347476
-0.0636122969061639 -0.0617282595480735 -0.0261439748001475 -0.0445586365075116
-0.0559297058951128 -0.0918730681359896 -0.00696554318628693 -0.071983837490105
-0.0218972979051634 -0.113864894066899 0.0301263327457882 -0.0849611714380039
0.0192090159329969 -0.131033935450385 0.074285435088311 -0.0593091209150754
0.0813159745337186 -0.105947165218131 0.0867588490522202 -0.0121599854938407
0.136202086778635 -0.0524305705939898 0.025867082241455 0.0305731775362091
0.152517264431508 -0.0242712967829697 -0.0697753906535286 0.00667395657811789
0.0982288906968722 -0.00168050494307093 -0.135866990019318 0.0363559045733373
0.108985583254031 -0.0251099878033793 -0.144175051031552 0.00786025658854901
0.0812648063334653 -0.0744802953798164 -0.120415689297797 0.0113029826987073
0.0289324091012746 -0.0999540418146686 -0.0901805747924537 0.0212778907508795
-0.00926363864192611 -0.0888604421023681 -0.0760662061736889 0.00328881053592192
-0.0348700663204399 -0.074223977180609 -0.0778264379141363 -0.00716508781967888
-0.0488876606799521 -0.0561532615720292 -0.0761271517365861 -0.0176526444233544
-0.0413040273237701 -0.0518776088546105 -0.0613909588790544 -0.0348391033900301
-0.0413093453859908 -0.0541365125032638 -0.0464873397397515 -0.0719659134205857
-0.029564560431699 -0.0786009996649107 -0.0181096128435506 -0.0986549148562776
0.000617328053974972 -0.0916577885047019 0.0285736970388171 -0.105799969138965
0.037850161538664 -0.0971733786968189 0.0732411457753596 -0.0661566312605656
0.0836498118520018 -0.0672845180068662 0.0742830787332586 -0.0110524753985851
0.116620193407831 -0.0188205601093871 0.00381591692982709 0.0263641023261128
0.116450277015943 0.00256926095911062 -0.105894738645988 -0.00253792862538733
0.0439286618188915 0.012792937863698 -0.166869818891246 0.036993342171504
0.0591013915952949 -0.00147851251345133 -0.153795427257963 0.0234724619380248
0.0459180740781938 -0.0337665578288967 -0.118629797427666 0.0129789449490023
0.0169582390105485 -0.0484136237933175 -0.0901960655917731 0.0123207189382933
0.000529638678079656 -0.0428234216578743 -0.0847632711095283 -0.0110574460946272
-0.0124988549751495 -0.0398664571944676 -0.0920101941315101 -0.0194715040095729
-0.0204602678878578 -0.03320857372128 -0.0914781997933267 -0.0322698288021435
-0.0162910271245316 -0.0309410630656243 -0.0750275505917865 -0.0533365644253799
-0.0158645097219633 -0.0350976213037715 -0.056564556725063 -0.0947129496011758
-0.00695503746633628 -0.0491862766998807 -0.0179783275057011 -0.121597078828024
0.011109420633657 -0.0548612711109372 0.0365578464687196 -0.122123911620173
0.0376506389360148 -0.0543007748868291 0.0779631374529488 -0.0710769833558906
0.0653278964744293 -0.0283841017535484 0.0658643384600772 -0.0136169938932788
0.0765750544688188 0.00821070925665511 -0.00732087029683635 0.0141220314195005
0.0629592209179416 0.0212905825007224 -0.123281136877392 -0.0185948244417984
-0.00172342029138268 -0.0245986626925677 0.131210080116724 0.00823939167474037
-0.024520663366889 -0.0138496924203536 0.0253776906602429 -0.0279079398547231
-0.0277347537003911 0.00802871323956644 -0.0678033752195418 0.00698511883850718
-0.0120711685470512 0.0188730997223506 -0.0946891697642758 0.0664250536930105
-0.00715184011350231 0.013894784580363 -0.047103523679666 0.134361261252488
-0.0071050193274118 0.0107995544571435 0.0160671435150359 0.139956593002471
-0.00860405307612003 0.0119773257984599 0.0604221669584108 0.107200107104315
-0.0120260496976302 0.00706375228412803 0.0902973058377234 0.0664941066852563
-0.0166673440860148 0.0107489124559707 0.100212173380382 0.0309346280116072
-0.0222689994583674 0.00570407431523538 0.103026491412639 0.0125762056543794
-0.018352650337918 -0.00170216843382683 0.09711972410691 0.0049472800664543
-0.0195869689237894 -0.00292358557212202 0.102484494197207 -0.00819358795703027
-0.0181547468961415 -0.0120252917952758 0.116115618507629 -0.0183352324582364
-0.00429722070559663 -0.0266601867045888 0.130923675247259 -0.0174852182274608
0.0104861280524907 -0.0269862406254538 0.161804463933985 -0.0354651680443438
0.0527645528405162 -0.0269724771620312 0.122104632276238 0.0221453110169234
0.0299503208542082 -0.0228258512422512 0.0175075948359881 -0.0204806210262567
0.0127305264158543 -0.0206847985142869 -0.0702995798146685 0.0126624599268837
0.00994972545942588 -0.021973247623621 -0.093795188836837 0.0689860482529555
-0.00431836655519014 -0.0297941619030483 -0.0495496999309949 0.131501565481518
-0.0208488641016405 -0.0279301888277547 0.00939005980093247 0.135495476444692
-0.0344201838422886 -0.0168543776658925 0.0520506855484193 0.104765101564776
-0.039119300202875 -0.0170654470676462 0.0805982404474802 0.0640976636390062
-0.0469492108550824 -0.00951610178603824 0.0903220512527914 0.0253183169615336
-0.0534265723695728 -0.0256011054046259 0.0942569740360059 0.00327298360070398
-0.0380364394214962 -0.0445057455359933 0.0943320155227649 -0.00737605305316341
-0.022559034847242 -0.0581169261491553 0.102068356119425 -0.0171740595344462
0.00693054318835085 -0.0624794148196519 0.113943613752364 -0.0223867208533853
0.0457197626658351 -0.0586317603241623 0.11450605559397 -0.0179666070426441
0.0723613176613099 -0.0491210522102517 0.13164477647274 -0.0321964506426211
0.100986432640666 -0.0271148708411414 0.0915404750548209 0.0289304553714229
0.0840041222318298 -0.0309607120334067 -0.00413652723020874 -0.0205899514134234
0.0544078899790731 -0.0505023963282907 -0.0818131087515401 0.0138300095169757
0.0301637559841981 -0.0660705481629876 -0.0953637518527843 0.0695067037772842
-0.00359276073828277 -0.0723290978384333 -0.0503839551225183 0.120535666972394
-0.0341723682102694 -0.0645138338326599 0.000489132766203907 0.1180801569883
-0.0568420405603684 -0.0436558863461219 0.0357204873638734 0.0904424716164222
-0.0611297985375969 -0.0381239847561985 0.0582872210612411 0.0547304787521731
-0.0698427167800736 -0.0273050410326078 0.0672415415266537 0.0144318773339509
-0.0777874173854793 -0.0504281701384113 0.0732517091929931 -0.0112331632198126
-0.0552823839351072 -0.0780060354356423 0.0811724221737211 -0.0253064455081381
-0.0299973135728287 -0.102849961288843 0.0975251089491232 -0.0305001395065629
0.0234535406422748 -0.105409406983918 0.111246343449979 -0.0254340138064514
0.0849350941773305 -0.0860000880318848 0.095748791844594 -0.00907835249301442
0.121087566685752 -0.0659229019994212 0.0874214825745158 -0.0204620662017319
0.134381382401938 -0.025345011363157 0.0417760353285036 0.0327207835216606
0.126594215951428 -0.0399435831051702 -0.038327513900212 -0.0220566200100663
0.0883651097399953 -0.0806479734779713 -0.0968332882456765 0.0128045134171993
0.0428809776077468 -0.107257980852054 -0.09579717955021 0.064812000658798
-0.00691065482165244 -0.10700151973564 -0.052141525989232 0.0990496909413417
-0.04651076641586 -0.0911478486701158 -0.0134966888020787 0.0906338235536272
-0.0718279668977155 -0.0626647376743685 0.0104464013309356 0.066732342287414
-0.0731055653923708 -0.0540888151374522 0.027527993114209 0.0379149270793243
-0.0810366957312834 -0.0425111822417842 0.0353700694227018 6.6629785218905E-05
-0.088468624257041 -0.0701053793983018 0.0446901277834797 -0.0275591263968697
-0.0609309524736888 -0.101437083497854 0.061297334896013 -0.0448250285495472
-0.0280989171865785 -0.131725532225157 0.088455813585639 -0.0433282048580924
0.0390122353506322 -0.130565201623602 0.105608902201872 -0.0255061852771162
0.112466184709907 -0.0970010242422408 0.0747999162337349 0.00651104560948962
0.151946791205521 -0.0692272950062706 0.0350180077894089 -0.00459021625642553
0.145989491510155 -0.023256040087804 -0.0193589286640736 0.0346380267883874
0.146829166393486 -0.0468007043761528 -0.0784288168832688 -0.0167792861003745
0.104490454063163 -0.100824766930661 -0.110074172012442 0.0127669734297149
0.0427912062907728 -0.133069138749479 -0.0935790415764569 0.0543423286149146
-0.0138733749604167 -0.124352530849563 -0.0557916805076855 0.0683161811870469
-0.0541152980770387 -0.102071475329489 -0.0324525664919148 0.0560146744055817
-0.0778254507623952 -0.0701685998289285 -0.0187994441371554 0.0377895182445311
-0.0737031437640395 -0.0609970191153465 -0.00641340052115523 0.0160013553380442
-0.0793353736444429 -0.0532202716408379 0.0015699062088291 -0.0196924509958802
-0.0816191021872759 -0.0834912065396373 0.0137427104508926 -0.0470403760842829
-0.0513820906622618 -0.113316026167805 0.0396824163550059 -0.0651228668464585
-0.014187287138113 -0.141435582727603 0.0775286819020216 -0.0543438891075968
0.0564526285539622 -0.132030758437536 0.0960532564370806 -0.0224704015381203
0.128918505612924 -0.0888487838468509 0.051498399263764 0.020840788990962
0.1604477554916 -0.0575128766593183 -0.018977767888394 0.00800333020444605
0.132402998326322 -0.0187196070701988 -0.080452281897211 0.0393393273279983
0.138625739676942 -0.0457111724726035 -0.116445135503799 -0.00252174636326654
0.0979644467514962 -0.101933946754317 -0.117515595085637 0.0154377889604662
0.0336668347179049 -0.130877406300795 -0.0894326681664146 0.0394931229810042
-0.0183964240191943 -0.117440747314858 -0.0636351787262357 0.0347415660556649
-0.0530439171455559 -0.0940278685526298 -0.0556420441892757 0.0228412284646803
-0.0712137475646187 -0.065722165454379 -0.0498867843094895 0.0101600236734176
-0.0639795410997598 -0.0590491865348976 -0.037343981558225 -0.00836546334313543
-0.0658965521020498 -0.0564832664212034 -0.028916954996595 -0.0429097216160251
-0.0615606730911541 -0.0863380733309096 -0.0109836280533609 -0.0705084025237491
-0.0290312537238278 -0.110504080317098 0.0250177524427359 -0.0860776398403704
0.0105961548193875 -0.129769635014771 0.07051859291505 -0.0621239306714384
0.0737405936039735 -0.109142744538742 0.0840534894120378 -0.0179693566121895
0.131358533178614 -0.0600698297472854 0.0271160974174645 0.0284673850902071
0.147820374229294 -0.0319024133944611 -0.0673360718188673 0.0109511865366525
0.0960586418134045 -0.00817408950670245 -0.131811923821228 0.0440786014672303
0.105249138040187 -0.0314871723748502 -0.141198730538416 0.0159348753423668
0.0749192438785064 -0.0776772137665999 -0.11856203489519 0.0175378242499154
0.0222916013087455 -0.0993650311346915 -0.0872775391478327 0.0254293632314681
-0.0151154410488439 -0.086844170616823 -0.0749947438451018 0.00730450001801138
-0.0394119903005972 -0.0706878740516987 -0.0777923366239807 -0.00266540701899074
-0.0522510380203043 -0.0521324027156466 -0.0764426189099908 -0.0123948617925068
-0.0442215816673397 -0.0487828019113647 -0.0626504766351516 -0.0305038638631846
-0.0435930465774502 -0.0505626410196667 -0.0501758122601979 -0.0682384506838023
-0.0346174670833583 -0.0752831711992027 -0.0236573544157072 -0.096096210596688
-0.00550959795850407 -0.0902390583538 0.021907492403738 -0.106526351711126
0.0308661235933642 -0.0975196824610768 0.0686526682100471 -0.0688526916634671
0.0783694251117474 -0.0709650351711497 0.0720216000686641 -0.0158000508783713
0.113822443444839 -0.0248202167954553 0.00590021770286144 0.0251326164155581
0.113867902630444 -0.00384787957112076 -0.103392394960629 0.00430347810596816
0.0438220288124151 0.00929682371629698 -0.162944618764322 0.0469532558131938
0.0579733076707606 -0.00527302106676545 -0.14999073078229 0.0314089154700537
0.04290592658911 -0.0353897587581141 -0.116081115777232 0.0187300296443756
0.0131560859052023 -0.0485401840467636 -0.0882528773824037 0.0169534145641013
-0.00230370545092694 -0.0422676318018686 -0.08445128516477 -0.00633908801355438
-0.0148735172952737 -0.0380840109022446 -0.0926524199015195 -0.0134949051346877
-0.0222285017304547 -0.031731146559791 -0.0922899720090769 -0.0257456116556142
-0.0177573687248162 -0.0300893208374425 -0.0772970127215766 -0.0477985033844387
-0.017310269193775 -0.0333796121477592 -0.0610350299586384 -0.0893526304107324
-0.0102006241050713 -0.0480260855332744 -0.0248269265340434 -0.11850000527477
0.00734900499822023 -0.0541186027170914 0.0287667265780665 -0.122753854597218
0.033288703404122 -0.0551982882086856 0.0728156060298831 -0.0740857061298645
0.0624712232852374 -0.0311970309549109 0.0639827551027465 -0.0175757948688641
0.0760151573790791 0.00349483167109812 -0.0061241016105207 0.0143559893223632
0.0629988504251063 0.0176362488958992 -0.12209172229383 -0.01009870320174
-0.00254432132856086 -0.0230396720581941 0.126271309998308 0.00208077812701278
-0.0243582606133438 -0.0123485528127028 0.0230962420259748 -0.0283240194714121
-0.0262980045984436 0.00877769405918258 -0.0650139401739793 0.00889328815908459
-0.0105293657020034 0.0188874937968336 -0.0888527831563895 0.0677561788700775
-0.00595861782908602 0.0142897590811931 -0.039800859837497 0.130428721312335
-0.00651815301220793 0.0108094152191135 0.0216621318474375 0.13377545393895
-0.00774838743779014 0.0117081258018098 0.0630999530396398 0.100829238379526
-0.0114817842372934 0.0077321463704689 0.0905638081502046 0.0594032567843458
-0.0154948238053253 0.0107891131062777 0.0980962070259356 0.0247340276961263
-0.0212271824620124 0.00659591969946629 0.100488630227823 0.00759649040404485
-0.017663870944975 -0.00141985880242481 0.0936035532315102 0.0011583942358301
-0.0186229000332497 -0.00253901076544015 0.0980139009811358 -0.0111776843577881
-0.0177859289074083 -0.0105087322697125 0.110312382765192 -0.0209072345369847
-0.00506182391002052 -0.0258235792736112 0.125391546234867 -0.0205511126856012
0.00937840671020833 -0.0256920100271066 0.155126421235974 -0.0407559124763341
0.0494810020154225 -0.028092390899941 0.117420705926658 0.0153189229772781
0.027875883273963 -0.0234244191516375 0.0162330244440861 -0.0207476694785122
0.0106466565617675 -0.0202926234004369 -0.067505505640233 0.0144577149011663
0.00878269976306258 -0.0215117752109281 -0.0880704449850836 0.0697826764701837
-0.00566807883458721 -0.0281387368417875 -0.0420076609850853 0.12753900791747
-0.0213537772364749 -0.0258809388018083 0.0150011777469495 0.12987008812069
-0.0340324816237962 -0.0149846900414849 0.0550423961042236 0.0983933461997463
-0.0388823878741909 -0.0147334772605195 0.0803602935409262 0.0581301222520599
-0.0456463589310102 -0.00772216432668851 0.0878985637190867 0.0194505920246208
-0.0531028780318108 -0.0224962037126104 0.091304651468824 -0.00100921626969881
-0.0385375479154086 -0.0417373424834094 0.0909186023112548 -0.0110482569127909
-0.0238237096477642 -0.0553553715531082 0.0974210695706302 -0.0200392419505665
0.00422953760321361 -0.0600328318810543 0.108134105385498 -0.0254019508232537
0.0417533921935664 -0.0584300690057335 0.109712763283734 -0.0213983796786925
0.0680819951944549 -0.0495048433570765 0.126833279916272 -0.036686101577059
0.0955146796882962 -0.0301057160554239 0.0888564401553828 0.0234163110721361
0.0793339992447437 -0.0330084039443852 -0.00474726458412277 -0.0199003206851057
0.0494981773001761 -0.05052976165881 -0.0784679684349082 0.016010629719588
0.0261859175251302 -0.0647516890094053 -0.0892632785985435 0.0697654559212969
-0.00649929407372231 -0.0688594588586185 -0.0436592118649881 0.116948416980797
-0.0362331727537782 -0.0602562986097388 0.00485714116180016 0.113419620957085
-0.0566740123014846 -0.0395590469024053 0.0380946873907373 0.0850216797499544
-0.0605725559796799 -0.0344507421046584 0.0587464682065377 0.0495278212154156
-0.0684864914538576 -0.023503468598659 0.0647548174877834 0.0104306987809098
-0.0772213708837025 -0.0447566678351122 0.0705989552783959 -0.0140708975877054
-0.0564469575580711 -0.073130716612568 0.0774914407201307 -0.0283090868334166
-0.0326937979996485 -0.097797925757178 0.0927732457412058 -0.032531219925296
0.0184686303955424 -0.102249039232542 0.104688425382781 -0.028873958652197
0.0783285127345699 -0.0862712204232538 0.0911480037408902 -0.0121543220660874
0.114147634329365 -0.0671732572188119 0.0842662587955225 -0.0231754297768053
0.12781698526392 -0.029915726387626 0.0412316261025212 0.028781342820652
0.119952752367611 -0.0429483655476963 -0.0373524781631424 -0.0203861122281979
0.080342735185446 -0.0803678537286206 -0.0927620763992405 0.0153041970764972
0.0364232600246408 -0.104308722902175 -0.0898910024567866 0.0651683605436085
-0.0115495335796829 -0.102254493641749 -0.0457816151880418 0.0965905676317499
-0.048779072848593 -0.085344016381741 -0.010197709886681 0.0871084158382576
-0.0720643918220604 -0.0571937948500794 0.0129048286462392 0.0634539029324792
-0.073412315027925 -0.0494154088723625 0.0279352464378155 0.0349650636649383
-0.0797695812553227 -0.0375065045308734 0.0339111857398254 -0.0024320805039934
-0.088214949204905 -0.0636688367645561 0.0418285649269779 -0.0282369551276264
-0.0631265644545627 -0.095151491372089 0.0573034420000564 -0.0461127058751644
-0.0331502361600897 -0.125571116512261 0.0835637389114602 -0.0444558017224283
0.0326260237284296 -0.126935740046855 0.099618554758653 -0.0285779860764048
0.105260620146527 -0.0982131724842975 0.0721026880336422 0.00321024780010691
0.142851322240393 -0.0714424827744917 0.0345029013473054 -0.00603550404953027
0.138649786272892 -0.0285394006594202 -0.017323032793485 0.0336409571285774
0.139184259817796 -0.0506121597391813 -0.0760477168738078 -0.0136763387565702
0.0953406828159237 -0.100564465195385 -0.105378948732151 0.0152082708396787
0.0358795244115778 -0.129145604472411 -0.0881871467904087 0.0547015552473858
-0.018861940054276 -0.118472549354631 -0.0505268177893191 0.0672168005466793
-0.057052352767031 -0.0958978343020401 -0.0296913840796139 0.0546774865906696
-0.0779130714361828 -0.064021340696585 -0.0169588472123762 0.0367482923857386
-0.0744734958189591 -0.0558838024951903 -0.00494447569791879 0.0154594652666881
-0.0784571088044515 -0.0478945677873136 6.39450411496962E-05 -0.0195293758194777
-0.0830254669037733 -0.0763750092630092 0.0119304552101445 -0.0459445680455612
-0.0544923414995708 -0.107004907765489 0.036240815389697 -0.0649209826099844
-0.0203698515244913 -0.13552771781215 0.0732702851610541 -0.0546821620764349
0.0490271825592923 -0.129474863408567 0.0904228841206116 -0.025733855738507
0.12082789219296 -0.090426096278328 0.050339948169652 0.0178222438032887
0.151479731295615 -0.0609365449296072 -0.0165694225333557 0.00843090657785217
0.12599688418158 -0.0238156689633987 -0.0758475884987904 0.0408808691691511
0.131527772424343 -0.0494564802886413 -0.111003629425293 0.00151726473427194
0.089569843494587 -0.101113590230488 -0.112425349427601 0.0188235457725145
0.0265781912361334 -0.126759903881097 -0.0847579009999363 0.0406632285048845
-0.0230428768998933 -0.111372240970356 -0.0599651670802804 0.0357000999653271
-0.0558125492163714 -0.0875582078784289 -0.0535423416483665 0.0239188430109938
-0.071847612197216 -0.0602836329851774 -0.0479343745728379 0.0118274456332238
-0.064436765065135 -0.0547236762906647 -0.0366255867069187 -0.0057579047743513
-0.0657873892149236 -0.0515177466640554 -0.0296772334362565 -0.0406782303833805
-0.0629150650288109 -0.0799200530644842 -0.0129081170468445 -0.0673274610426051
-0.0329677092335383 -0.105207762585152 0.0209242645730244 -0.0847476643958571
0.00479708826106958 -0.125239864018681 0.0654452589806709 -0.0618131975777351
0.0664176887327909 -0.107853149612004 0.0794261030471709 -0.0210106027204607
0.123950428556853 -0.0629439371271049 0.0269212266562376 0.0259092196543861
0.140099664910826 -0.0360042363517376 -0.0634476774354061 0.0144393772427449
0.0914773928519439 -0.0120561518136694 -0.125233609092668 0.0474674146734156
0.100076589410174 -0.0342649541602525 -0.134940305585044 0.020238384346021
0.0687830858902641 -0.0772878557612696 -0.113151653497033 0.0205409910156539
0.0172683905139489 -0.0960787009079274 -0.0830303672365129 0.026687521824717
-0.0184996404257865 -0.0826943498088341 -0.0717606762383967 0.0100039445981389
-0.0414840815532725 -0.0660889117317903 -0.0757357743159636 0.000896958563062373
-0.0522769917285257 -0.0476472779786357 -0.0745273528772821 -0.00823387986101701
-0.0447496371062288 -0.0453385090995434 -0.0616412733450143 -0.0262769309983893
-0.0436629000802002 -0.0470341440887542 -0.0512867260917112 -0.0633841592263888
-0.0367966012732041 -0.0703305063936257 -0.0264207819060727 -0.0913618831198874
-0.00912648782539172 -0.0862713903365456 0.0173063054463554 -0.104122715967308
0.0250944570045456 -0.0950355196557082 0.063433025204852 -0.0686335697321509
0.071910370520861 -0.0711983764226004 0.0681873967417474 -0.0184261810516446
0.108268167278172 -0.0280931483957816 0.00642998743486398 0.0237861535075816
0.108661757127487 -0.00826849710797786 -0.0991361249939466 0.0090044001282009
0.041708565068274 0.00705166176827889 -0.154628832773463 0.0514941925723747
0.0551278038469936 -0.00781292884600349 -0.142667518014145 0.035825972387996
0.0393364934830482 -0.0354672242739081 -0.11159413757307 0.0220151760104905
0.0103612844596145 -0.0465034294748285 -0.0840145282165829 0.0191660302414139
-0.00434557282050628 -0.0405824269839621 -0.0821742796508191 -0.00269695736798181
-0.0163049776034879 -0.0357585557744518 -0.0910677706991357 -0.00932539544675409
-0.0225828678457352 -0.0288759004625629 -0.0906103360410506 -0.0200776140923937
-0.0184800402104585 -0.0286365832961542 -0.076703821239228 -0.042113268855702
-0.0179207830608876 -0.0316551877076579 -0.062598961650592 -0.0832828689562905
-0.0122130951279692 -0.0452411340898913 -0.0286581635237756 -0.112883088417221
0.00504411256276652 -0.0521982167405024 0.022563859342821 -0.11954932043232
0.0293397829766652 -0.0542922230901904 0.067927216511149 -0.07362471926553
0.0588097196527079 -0.0327461130340203 0.0611083807945947 -0.0192520478833593
0.0727208972737929 0.000984394605656637 -0.00518139856451755 0.0133607283340913
0.0603657988299964 0.0143591990052582 -0.117688075667182 -0.00346099300345601
-0.00169449401056241 -0.0234164480277829 0.11967959150479 0.00731745440879538
-0.0233275338686107 -0.0127960007288471 0.0234029225802465 -0.0256855238598271
-0.0259982070917742 0.0074998301037988 -0.0621097081691679 0.00606429755959207
-0.00934269925163862 0.0178440659101256 -0.0885044632597315 0.0618464672143633
-0.00447698538016773 0.0131929558194023 -0.0422650977804418 0.122858606408364
-0.00582507842101905 0.00990169553464288 0.0166458873920765 0.128375368468083
-0.00728514954156192 0.0115972554126804 0.0576458988928447 0.0984646059162476
-0.0114387740508249 0.00743907076405899 0.0852852023482245 0.0583544288849886
-0.0149577676272616 0.0105576810628978 0.0937653214218652 0.025385392673418
-0.0202458159535807 0.00516959470262457 0.0965417347118364 0.00921828328438383
-0.016370052510901 -0.00265502676311293 0.0900208176347673 0.00405067540373555
-0.0157989949195118 -0.00341231094285944 0.0932913021242576 -0.00744853105058151
-0.0147644322323526 -0.0114074961876472 0.104291586604295 -0.0151374401806909
-0.00197904240622804 -0.0251534546234806 0.121230678892281 -0.0135992304737128
0.0113422173703116 -0.0257689776717726 0.151293456614052 -0.0307874561539415
0.0497780993816453 -0.0257033537742268 0.111706965601583 0.017506222778478
0.0277986863987316 -0.0208782063508563 0.0156396321813861 -0.0207497197819758
0.0112036178378941 -0.0180666251961678 -0.0656974165314795 0.00961364779708549
0.0106015891780558 -0.0196186594648681 -0.088376245504538 0.062167751610542
-0.00249495626932807 -0.0268379419078461 -0.0457251708181922 0.118663437047764
-0.0193391109536835 -0.0258010089357679 0.00968308128765496 0.12293215275425
-0.0318072577827215 -0.0151473179622985 0.049587087358299 0.0960555069645373
-0.0378006208828965 -0.015603514844138 0.0754736472945179 0.0560446356359085
-0.043132532366408 -0.00846213725314701 0.0839223149244738 0.0197465464675558
-0.0507175680943812 -0.0232812541951036 0.0886922499407387 -0.000554432193866039
-0.0359865870200632 -0.0426611339949362 0.088924617742106 -0.00946292958687385
-0.0193006629479538 -0.0549740906954468 0.0947923986435591 -0.0180883004675467
0.00832690859748786 -0.0582432691785048 0.104205413977123 -0.0201666021776151
0.0440211651213147 -0.0556730233893775 0.107000842156119 -0.0133972823410304
0.0676667573558359 -0.0469998004757317 0.124884739461891 -0.026828253821917
0.0948051619403657 -0.0247009898282826 0.0839298584199678 0.0217017795918537
0.0783988122585762 -0.0272194253683099 -0.00459702844953171 -0.022268245592969
0.0500563313153537 -0.0445096074694145 -0.0774292384171475 0.0091355950773322
0.0289450510572735 -0.0598239944197879 -0.0902407066636259 0.0598707096476777
-0.00181880183314665 -0.0659089440854382 -0.0480870570304037 0.10777869577922
-0.0322181335436931 -0.0591566457681134 -0.00128156623701195 0.107377414714075
-0.0533763965804649 -0.0394143089124878 0.0326839305030397 0.0829693555645133
-0.0585575687025258 -0.0360389484211949 0.0540688829319507 0.0481184292785382
-0.0651453721019856 -0.0250362980988285 0.0621402068094628 0.0097872942588384
-0.0746072440328957 -0.0458377320453499 0.0684218945997679 -0.0141988427678351
-0.0526457053993569 -0.0740851860919887 0.0775719021604858 -0.0278063997291144
-0.0274026174125268 -0.0960412994386226 0.0921578375816607 -0.0315326675286751
0.023250387096469 -0.098515956611603 0.102902588238874 -0.0244141333791512
0.0801179143867726 -0.0811321166118023 0.0906655396791316 -0.00558563023830112
0.111740823026936 -0.0634012153311415 0.0846807715023577 -0.0151430173153927
0.126009204783259 -0.0223178530146888 0.038262717423785 0.0231797791403052
0.118202190486743 -0.0345694227085858 -0.0363014745431693 -0.0249024526480524
0.0822264111851561 -0.0716416709581039 -0.0924443652869837 0.00601160243434772
0.0400265487712683 -0.0967021695776472 -0.0913802527533349 0.0540606736706635
-0.00503971602213756 -0.0981553832923704 -0.0507164292297761 0.0872859324594405
-0.043584109692152 -0.0836231969059737 -0.0154193462142778 0.0819848932720597
-0.0671206097085195 -0.0575808903917681 0.00819936177335005 0.0608129698030576
-0.0703211170327458 -0.0513114618333658 0.0255435895825728 0.0335522893354618
-0.0761497013988171 -0.039208459627331 0.0323223140544587 -0.00364110472225148
-0.0845044531112329 -0.0641935679324802 0.0414686370020441 -0.0292733864949673
-0.0589951680197139 -0.0959627934416808 0.0588724379170819 -0.0464307359349162
-0.0274707244440532 -0.122723778769613 0.0846989327908514 -0.044468770703224
0.0376281327394838 -0.12228818185692 0.0984603297453225 -0.0239335270361853
0.105911328775198 -0.0917310074803987 0.0718383161796192 0.00876534743737967
0.139007706894201 -0.0666276239805626 0.0369646663535559 -5.56729615212139E-06
0.137351507723558 -0.0199513146064652 -0.0178138239333352 0.0249122156461172
0.137703211151824 -0.040277129176963 -0.0739297348941071 -0.0214471765315749
0.0978200781873376 -0.0901573606733131 -0.10526687095321 0.00552653925633791
0.0405206046776121 -0.120498067836956 -0.0897808499327398 0.043338403709734
-0.0116353514063479 -0.114344020815536 -0.0551309063460243 0.0595993813691947
-0.0511589500672308 -0.0938452294283971 -0.0336272155216743 0.0504174850630806
-0.0733028666809695 -0.0640508028626585 -0.0201463878396906 0.0352096506121024
-0.0713437501371987 -0.0576644040377279 -0.00575679589540263 0.0143359004856739
-0.0746324540428225 -0.0491872807393785 0.000995847847718725 -0.0204068053586859
-0.079481238794996 -0.0762495222529028 0.013203620182154 -0.0464510178678008
-0.0506913540956171 -0.107238346334942 0.0391494653756266 -0.0651748695082622
-0.015540834675816 -0.131742820811432 0.0759403624002973 -0.0542191442340221
0.0527308735524106 -0.123720990048884 0.0906604859202549 -0.0220399419600747
0.120564145753884 -0.0836977576052355 0.0503907495992372 0.0218462812170769
0.146241435692955 -0.0555140042199588 -0.0129377106522622 0.0113552160730727
0.124594420445538 -0.0156492068400815 -0.0746520518373468 0.0298730998560722
0.130408457576863 -0.0400109110880044 -0.108352214098481 -0.00751027807984439
0.0926391993421984 -0.0913141730787012 -0.111484230055378 0.00795091446852196
0.0321859432583746 -0.118435608367436 -0.0861012851822846 0.0307263776283691
-0.0161800180855414 -0.107564912092827 -0.0625513193897699 0.0298473654249764
-0.0506482036894967 -0.0862400716440682 -0.0553644002673843 0.0207735788764543
-0.0671327165432837 -0.0603780093310507 -0.0496232067097159 0.0101053411743933
-0.0609699245344131 -0.0564761311657281 -0.0352743352303086 -0.00644778725686447
-0.0620189917119798 -0.0532008637933865 -0.0274328189630804 -0.0407761523625655
-0.0605954424910381 -0.0799174490140007 -0.0101333999570023 -0.0676817344610868
-0.0297391238990865 -0.104987508658449 0.0257580134384305 -0.0832828341060293
0.00817125755961906 -0.121183300034883 0.0694803287699598 -0.0608759111099914
0.0687552531381666 -0.101847665272216 0.0798450211247341 -0.0168959287773713
0.122221573088822 -0.0565985695544624 0.0273152200740901 0.0291708270331479
0.135144307024195 -0.0314145917080066 -0.058385760802529 0.0141871307521087
0.0902336684002699 -0.00585028674695932 -0.122583256757356 0.0359917493220496
0.0996169740486682 -0.0264377099409688 -0.131124784258338 0.0104579342612005
0.0708577937561169 -0.0691368479548798 -0.111545690600351 0.0111258204813161
0.0212808786212219 -0.0897575744845395 -0.0824949227814922 0.0186329274380122
-0.0136576464116037 -0.0794365495797811 -0.0724663360848261 0.00518566552458223
-0.0374957772068461 -0.0645173009759351 -0.0756710257654455 -0.00201395142541909
-0.0489948100497104 -0.0479356862912386 -0.0740679321999702 -0.00945804023892589
-0.0425115454910394 -0.0466121297864851 -0.0587621962924332 -0.0262109813588535
-0.0412581237653152 -0.0479226265526146 -0.0482783166705705 -0.0624017609319507
-0.0351978780366937 -0.0698893579528626 -0.0225190574083514 -0.0894434434852267
-0.00719170294400336 -0.0852049064794454 0.0216315557613543 -0.101137610439818
0.0269098100486972 -0.0918335285588743 0.0677033599351506 -0.0653320330303701
0.07281013924753 -0.0667936063407489 0.0689003535941897 -0.0141480704863637
0.105291657183365 -0.0236510232700244 0.00644872117813556 0.0258270959134819
0.103737939812263 -0.00518888603445458 -0.0930429069492536 0.00713126909316257
0.041005422830401 0.0101497728427402 -0.151051150700262 0.0412162308433078
0.0543581333322453 -0.00338361687844335 -0.138858618434553 0.0267288775494059
0.0404501346051001 -0.0309353216461291 -0.108403538806826 0.0137638133025176
0.0126548338333986 -0.0428044854672223 -0.082166857637875 0.0127247093348457
-0.00226974923125956 -0.0379808303963988 -0.0796569228921337 -0.00618417887554116
-0.0142057062837007 -0.0339611571040691 -0.0879197042813502 -0.0121054784322908
-0.0212795258108979 -0.0292596356030663 -0.0882544982815823 -0.0209206199848782
-0.0170050328645287 -0.0294149718783821 -0.0726821782930981 -0.0415998056520025
-0.0164398173132923 -0.0323422071591307 -0.0584187904391126 -0.0813929819400666
-0.011061966447327 -0.0450942874083433 -0.0245049880626003 -0.109178258924285
0.00630408456775473 -0.0515960997277557 0.0268651111571679 -0.114893896374617
0.0301926680049411 -0.0524499377345937 0.0707303472953558 -0.0686248094785305
0.0585146032097214 -0.0295187049944263 0.0612614299889521 -0.0150255126494159
0.0700972423516235 0.00348177016748748 -0.00556868682579709 0.0147968816413201
0.0567385715001019 0.01538152022179 -0.11139961155742 -0.00708521440139474
-0.000942090803380266 -0.0224821800001229 0.117191258098787 0.00742938615216458
-0.0222887647078775 -0.0127068884430686 0.0231870875990871 -0.0253435328743829
-0.025835177289927 0.00733267190420688 -0.0615558161534291 0.00479961268992996
-0.00913398885451464 0.0171106237722262 -0.0878996620531421 0.0602373094796643
-0.00419438485231156 0.0130085713699479 -0.0426003342654935 0.119735625878242
-0.00521588013235136 0.00985990891895956 0.0160119142157067 0.125949725728907
-0.00695331665010749 0.0113647356276412 0.0569043203429034 0.0972603684347979
-0.0112596381635044 0.00723934638755302 0.0834956797330056 0.0572542756298945
-0.0146677031141192 0.0102863994481571 0.0921917560940926 0.0248407547286174
-0.0205817545816287 0.00540627398149405 0.0956757508114599 0.00987661964938589
-0.0159725053112846 -0.00263940668955703 0.0891728223923073 0.00493429534909417
-0.0151058728686144 -0.00362023432829761 0.0920130130923851 -0.00581260496422632
-0.0143619548031212 -0.0108464332132184 0.10213401939606 -0.0129797917614589
-0.00177077707694323 -0.0248636647887161 0.119476641839159 -0.0111392267053996
0.0117623731431902 -0.0251908806662076 0.149685409779996 -0.0295083778799048
0.0489182991731918 -0.0242583054925964 0.109503450994145 0.0172587538606169
0.0278806784061162 -0.0200671043596111 0.0156589715986045 -0.0204591623853365
0.0104302819157684 -0.0172611254300864 -0.0653490290023492 0.00839362104714873
0.0105925363183171 -0.0196502319714523 -0.0883570392436744 0.0593690646036926
-0.00188361804298234 -0.0268269868270067 -0.0454979913186962 0.115875590257313
-0.0187893916183083 -0.0252337840627015 0.00884967626781429 0.121378648453089
-0.0314133696912433 -0.0148777320262495 0.0488365498971521 0.0945206083700367
-0.037285594195777 -0.0158561688819128 0.0742455101414371 0.0553231713332705
-0.0423963135729085 -0.00885982259661238 0.0827174569025734 0.0191118598442533
-0.0500329060313732 -0.0229535624924058 0.0875648076052344 -0.000216772283221045
-0.0350544853248948 -0.0427027249550333 0.0879370289699343 -0.00904881585496317
-0.0185713488381462 -0.0546139887282376 0.0929262551197685 -0.0161408927739038
0.00895125724935865 -0.0568850282038539 0.101164498427396 -0.0184265268553706
0.0442555873376994 -0.0545066376029721 0.105287801111173 -0.0117523376064623
0.0671778064737993 -0.0458080700513781 0.123876317258506 -0.0257128635917062
0.0925718365824963 -0.0232678278555113 0.0819106133344835 0.0211664886926021
0.0775669484138469 -0.0261464933112179 -0.00415344303662309 -0.0224629545374813
0.0488403096335011 -0.0429945086039239 -0.0762374296315975 0.00768472501569825
0.0285990199257967 -0.0584215831324871 -0.0897834283531233 0.0576517257384255
-0.0010435500558983 -0.0648799204789959 -0.0475593389476926 0.104748523184105
-0.0313503130555421 -0.0580467679537343 -0.00176771975916053 0.105010156605105
-0.0521190802092335 -0.0390758442516252 0.0316047045947899 0.0809939268854886
-0.0582872899580168 -0.0356160586287965 0.0537502234381821 0.0469780619921806
-0.0644685336400415 -0.0251093634298116 0.0607457803620764 0.00942240451700791
-0.0734208895319124 -0.0452017896051432 0.0681098769615205 -0.0137430171200059
-0.0520026493497026 -0.0738403213984503 0.0765977229849894 -0.0270036327974411
-0.0266676479598394 -0.0948328111059998 0.0908778253636525 -0.0297667612869557
0.0237541074425152 -0.0965791031710734 0.100233642446222 -0.0226209936132192
0.0795757331638383 -0.0797471209249103 0.0886724184530829 -0.00418291606712525
0.110235202840216 -0.0609790793397645 0.0842788306188296 -0.0144237839587973
0.123012532445918 -0.0209580711328474 0.0374292498428012 0.0225538474996183
0.117280800999055 -0.0329507636490628 -0.0352811118259347 -0.0252996167107189
0.0807454650108426 -0.0687058154155778 -0.0908545686124001 0.00512125114221533
0.0399521674748395 -0.0952522527583275 -0.0907865009613422 0.0512712163086069
-0.00437583720323398 -0.0962239354473845 -0.0497790939539667 0.0851966418836184
-0.0429569149450838 -0.082241351804329 -0.0158906104378831 0.0804562722794932
-0.0664997527301946 -0.0568270505390044 0.00727405674931676 0.059532410028683
-0.0695085230287656 -0.0508328856534103 0.0248376410049819 0.0330322086888413
-0.0746696945761 -0.0389499559261923 0.0320484566571033 -0.00383882142804557
-0.0833136752269742 -0.0629830561275362 0.0413056016177726 -0.0288574362792217
-0.0579825012747815 -0.0950840743763713 0.0589135612975585 -0.0458906251228656
-0.0271102087988519 -0.121142849253397 0.0842841089783511 -0.0420304675749195
0.0375419637453479 -0.119916635046573 0.0959906579970728 -0.0230529743041105
0.105025918141114 -0.0898493276248052 0.0701036391335086 0.00975504122657303
0.136944532044311 -0.0633843135222255 0.0368557293407058 -0.000288336079741777
0.133583577440877 -0.0188316998681572 -0.0176110720570105 0.0235389607169944
0.136065086354709 -0.0386918646241826 -0.0718801401535323 -0.0213740914066084
0.0960591220849245 -0.0873630830606408 -0.102936996863093 0.00444356174962549
0.0407733911954121 -0.118160624587673 -0.0888038601825581 0.0410541283250275
-0.0108250133629856 -0.111383788502163 -0.054258796028021 0.0573681513935008
-0.0505017595131409 -0.0920327524866604 -0.0340010665749535 0.0497601031639423
-0.0717179416469398 -0.0635894622204111 -0.0207083169465215 0.034209589950349
-0.0702800728497175 -0.0574287014669241 -0.00521855930640116 0.0141713555734822
-0.0728246552380511 -0.0489340922889972 0.000459918073934029 -0.0204456613559291
-0.0776118500064771 -0.0751538364307486 0.0139172770726511 -0.0462407702101168
-0.0495329681916582 -0.106124898311218 0.0393487856492847 -0.0642040645940387
-0.0154684643140899 -0.129691638421159 0.0754487508265518 -0.0523869862738349
0.0527291131055693 -0.121577264586035 0.088090351841889 -0.0206567432693769
0.119496968375848 -0.0813111716702466 0.0486687529341994 0.0221458045940008
0.144257473580622 -0.052877011681662 -0.0116768305948042 0.0115011026499687
0.12097018502047 -0.0150791165531758 -0.0737405661301711 0.0278836075728373
0.129017444005042 -0.0376071998793579 -0.106147000674092 -0.00817776739859911
0.0903857194522636 -0.0878930058630289 -0.109767327688087 0.00687269759969851
0.0315433793775156 -0.116519553722146 -0.0850720114876956 0.0282367267904435
-0.0156858551839011 -0.105487288580422 -0.0613113331771944 0.028153292189751
-0.0494201491166217 -0.0847561039904236 -0.0553729666936864 0.0201822214199988
-0.0661297478884036 -0.0596907471160702 -0.0494074506931092 0.0102278749712633
-0.0611609310768859 -0.0562746820931276 -0.0346564875412286 -0.006391559142435
-0.0607491462283956 -0.0526323014767524 -0.0271741728384393 -0.0401621469340686
-0.0595306367347225 -0.0784520512718619 -0.00903803007948927 -0.0665477432502994
-0.0292501022800313 -0.103100819378278 0.0260220489766351 -0.0819558199930132
0.00798575413295711 -0.118813776454043 0.069010262424867 -0.0589408422072992
0.0681342135141115 -0.100158156229826 0.0778957984380664 -0.0160539644163615
0.120983047822563 -0.0551982400571849 0.026252637180849 0.0285301984811928
0.132727830030532 -0.0300198948149086 -0.0569804328083818 0.0145055051012382
0.0879336640721862 -0.00530542131017344 -0.12057075824435 0.0340102587705869
0.0980707185479539 -0.0258601000100225 -0.128332794019498 0.00931702019784347
0.069290396645159 -0.0670374225124454 -0.109612480454517 0.00959267785911653
0.021004364622169 -0.0879628943107194 -0.0811101232082364 0.0167632932552323
-0.0131345795057093 -0.0783506690904074 -0.0702263117452673 0.00414624845345276
-0.0370421342544009 -0.062731855787035 -0.0750772168963917 -0.00188865833349939
-0.04826692538856 -0.04715824185271 -0.0734712091419235 -0.00914861800059355
-0.0419184363490212 -0.0463274173221592 -0.0573614218589071 -0.0256506500463525
-0.0401609208501733 -0.0475142833447403 -0.0471267693091905 -0.06225561490376
-0.0346231833408491 -0.0686626328849614 -0.0216948344792289 -0.0883371520008349
-0.00684383267475794 -0.0838807332649868 0.0222224586556939 -0.0998589818726567
0.0264012230319858 -0.0894812953797212 0.0678351806504869 -0.0634471331710095
0.0714117887958448 -0.0650131274247318 0.0675043556258808 -0.0131030885621313
0.103948115586751 -0.022330314001377 0.00594284483948246 0.0252564912058129
0.101031799977088 -0.00450101957902905 -0.0908927557309067 0.00718644389420346
0.0392924090219093 0.0100934950950777 -0.148676814676787 0.0399520931067356
0.0535168384671182 -0.0027471445132462 -0.135957643521434 0.0252718891092278
0.0395016600353684 -0.0296758511513932 -0.105964161889847 0.0118550953708091
0.0122026141676836 -0.041406271106298 -0.0801218720371308 0.0110719555718152
-0.0026264279576188 -0.0375282236370669 -0.0785407053479428 -0.00643480443292192
-0.0142335622338526 -0.033093509383728 -0.0877356656242155 -0.011980292848147
-0.0208555199313343 -0.0288759920753856 -0.0876304881374091 -0.0205331052777762
-0.0171576139907923 -0.0292339350881502 -0.0712685050070835 -0.0408406440988794
-0.0161513010656399 -0.0317652091855306 -0.0576302685696048 -0.0802166553071381
-0.0108363376191777 -0.0440444779084083 -0.0232429091524399 -0.10746944445051
0.00621491190489209 -0.05026808204328 0.0266847980957485 -0.112403484961185
0.029614577863321 -0.0516264891085377 0.070528502647183 -0.0669079650751023
0.0577991702709672 -0.0286457334668165 0.0598736771985827 -0.0137586672570261
0.0689324251523174 0.00399950557085935 -0.0055629713889722 0.0146563437450174
0.0545802274081852 0.0153132654990589 -0.108751036289882 -0.00652632708062936
-0.000849037320355136 -0.0224951975329942 0.117514594495272 0.00758055100614705
-0.0222411029852689 -0.0131676070150044 0.0235861462893283 -0.0260269522174093
-0.0258749281155377 0.00739643096622222 -0.0624554844365073 0.00431337479396403
-0.00930267566091341 0.0165788278136326 -0.0896864093036064 0.0599598437008015
-0.00419089195159741 0.0127689763186305 -0.0436984985609697 0.119911709290311
-0.00526138730392603 0.0101300502749209 0.0163617451108602 0.126318489223405
-0.00721575332940231 0.0114699973479588 0.0581706272560698 0.0979456236068188
-0.0115776742547436 0.00693833341898085 0.0843341029415163 0.0572389539293946
-0.0149396831692927 0.0100556073532279 0.0930728444449691 0.024983324216889
-0.0204436403108819 0.00558972418247451 0.097547071285469 0.00975441408428357
-0.0163542198640867 -0.00340765355269941 0.0900772302776317 0.0058182810509778
-0.0152133643543403 -0.00389566089394486 0.0921049669377773 -0.00489732989132938
-0.0138018985620227 -0.0113315687505534 0.102217461307711 -0.011276761938824
-0.00154412891242817 -0.0255570092770541 0.120453152977368 -0.00947021982817593
0.01314547498309 -0.0249756973793403 0.151676315933323 -0.0292757599383324
0.0494665729794893 -0.024024905754868 0.109851020844166 0.0176941605590508
0.0288428620658343 -0.0202929005644121 0.0164811204889046 -0.02141445399285
0.0105669584913473 -0.0170731452694148 -0.0662293027282273 0.00801164762925775
0.0106281565054294 -0.0197998975196874 -0.0897917277419422 0.0594971714349974
-0.00200244719055049 -0.0264200942332229 -0.0470178465488601 0.115663256541327
-0.0190858584314224 -0.025610717623274 0.00844117286784129 0.121939408127156
-0.0316709128409247 -0.0153106205748799 0.0490329628047978 0.0948938061272486
-0.0380582999737044 -0.0161196334922927 0.0749373771172911 0.0549977213673072
-0.0428370910269082 -0.00911649267281469 0.0833860831940476 0.0191067016091304
-0.0507494540157041 -0.0232127204520092 0.0891911230144594 -0.000449108756605102
-0.0352308691273432 -0.0437370364323624 0.0891597273072571 -0.00823924761841084
-0.0183730808548168 -0.054724921943318 0.0940195347791048 -0.0151235324845016
0.00975736950109631 -0.0577340586159133 0.101267064631404 -0.0167160966402963
0.0449153063232488 -0.0549234699669933 0.10587721222482 -0.0101015026065097
0.0685177725851283 -0.0449060588504876 0.125677812284895 -0.0259122204100126
0.0934602747189666 -0.022991330462459 0.0817775464325994 0.0207472389636663
0.0787417224860816 -0.0258203351521363 -0.00396769122389359 -0.0232416327034455
0.04901166029024 -0.042379807822913 -0.0771610000328776 0.00707698461994056
0.0287829723596223 -0.0589068103823671 -0.091813894641887 0.0570818957200132
-0.000892246751618592 -0.0656219034660452 -0.0490559359262731 0.1045886116109
-0.0318636302912755 -0.0584735536549024 -0.00222490139914505 0.106585517573459
-0.0530888097001235 -0.0395119227770395 0.0317226300507783 0.0814005956951531
-0.0592560824845248 -0.0359032087047305 0.0537001321075229 0.0467918271233853
-0.0646922577118681 -0.0254603109955042 0.0611762479273593 0.009009171764021
-0.0744127733283895 -0.0455692291848663 0.069589091819487 -0.0141857715836614
-0.0523004374224147 -0.0751084139954538 0.0774779344812814 -0.0265109406827308
-0.0266622630772504 -0.0959645924492837 0.0923517391095795 -0.0287271192191997
0.0250251172169304 -0.0975670362962999 0.0998211510044631 -0.0211231606044893
0.0813116626420213 -0.0803435120075129 0.0891932054692547 -0.00286455010595787
0.111832330574982 -0.0596723176043746 0.0855580260190664 -0.0146314185623539
0.123526724575771 -0.0202211970366786 0.0372394878492172 0.0221910768561596
0.118357870576012 -0.0323017971738463 -0.0343769635736539 -0.026328673119623
0.0805498931295415 -0.0685531103852128 -0.0910922938047948 0.00414406048754537
0.0403670614042585 -0.0956017172652385 -0.0920933924998 0.0505541400556514
-0.00396159917994518 -0.0969727368456857 -0.0503687395705245 0.0849432899543355
-0.0436025853738895 -0.0824209821093433 -0.0165888613650099 0.0810941141167093
-0.0671364608473764 -0.0568353082714666 0.00726455214660836 0.0600367814926305
-0.070602701650059 -0.0510743674582215 0.0252483012898349 0.0331343955210952
-0.0751922530708939 -0.0402028981620097 0.0320226510588483 -0.0040493920211552
-0.084529004563457 -0.0635743836706899 0.0428793802692768 -0.029342510164745
-0.0584450003440029 -0.0967012357214584 0.0598292914747122 -0.046358450346751
-0.0269325771457908 -0.121993251683813 0.0859068781011942 -0.0415116916311814
0.0386420666434487 -0.121017983254151 0.0957631671129412 -0.0217023776337126
0.106860829111241 -0.0901243195107798 0.0704899837053871 0.00993291516812471
0.138301965207603 -0.0627302241194363 0.0378753457711994 0.0003884432139092
0.133605673377888 -0.0177961278221076 -0.0178238162561906 0.0226504405279495
0.137717175549715 -0.0379360735661612 -0.0716475820058022 -0.022956386219461
0.0966949871186484 -0.0862619440918875 -0.103610872347856 0.00261941319152427
0.0408438367894883 -0.11879209083359 -0.0898911093320356 0.0397284802067401
-0.0108797379507677 -0.112676410514394 -0.054360063709839 0.056788437633397
-0.051034264287332 -0.0923916524505222 -0.0345960186754296 0.0502832878137087
-0.072793253480171 -0.0645002058632699 -0.0215338341439872 0.0349567194840057
-0.0715197368547564 -0.0579949020796584 -0.00552692655182034 0.014170708100557
-0.0734773231076005 -0.0502738520687766 0.00078739979056917 -0.0211893009997919
-0.0787082768056661 -0.0756616332717779 0.0143248688598169 -0.047122881186359
-0.0496719810921105 -0.107854208538758 0.0402886680122313 -0.0650866062870562
-0.0154343631475722 -0.131391495354779 0.0772016309752093 -0.0518870523759135
0.054081610583409 -0.122061398939619 0.0879547110885388 -0.0198613154421858
0.120938865143265 -0.0817440679885612 0.0492800892942293 0.0227305166610498
0.14568256663974 -0.0520279803328145 -0.0110867387728477 0.0117347980898293
0.12133292294212 -0.0143710205045348 -0.0744466894130831 0.0269786478998227
0.130526350027807 -0.0376560686680133 -0.106341412197191 -0.00980766576634137
0.0914742152417479 -0.0875352378942919 -0.110460310787459 0.00545187975847779
0.0320854245518222 -0.11716800905994 -0.0856177790556121 0.0271284940581332
-0.0157373785786614 -0.106744402663999 -0.0616530633883817 0.0271554780150733
-0.050055018987684 -0.0850973001000307 -0.056249236888663 0.020585413849859
-0.0666917700191659 -0.0599268285726492 -0.0508908048049624 0.010803503634486
-0.0615295037749927 -0.0568330521754729 -0.034590865903616 -0.0062275800873676
-0.0608001923569697 -0.0540287815031047 -0.027993043155281 -0.041090825887143
-0.0601755206439081 -0.0787613589397044 -0.00871459686846531 -0.0673319044762687
-0.029237042104049 -0.104288933563585 0.026590271998916 -0.0835213145072712
0.00737247163505093 -0.119523863822655 0.0712811177413505 -0.0589001936135945
0.069430493119159 -0.100697133576387 0.0777719551476754 -0.0154688265687706
0.122615124434134 -0.0547347838186684 0.026017794785587 0.028833563483121
0.133271995080401 -0.0293576147867378 -0.0566787372904455 0.0146010876808284
0.0878089682100689 -0.00521605030836256 -0.12155816394418 0.0332950817126044
0.0992439155385433 -0.0253406502875983 -0.129205838787917 0.00845191794134156
0.0698735592060316 -0.0668735884559828 -0.110506185981823 0.00861946645145958
0.0214029437136618 -0.0882515412279134 -0.0821202350093527 0.0153837538758431
-0.0135298073206249 -0.0786426476349971 -0.0703915032843579 0.00286466060697386
-0.0376943652981211 -0.0633499850893518 -0.0767045925588045 -0.00150003129840253
-0.0493003315282498 -0.0473910072506726 -0.0748996012208075 -0.00806140493717631
-0.0424451086268436 -0.0471698956302804 -0.057710764670994 -0.0257598726021244
-0.0402474190313409 -0.0486956301458868 -0.0475029413417878 -0.0624885492218623
-0.0345854681942516 -0.0693263162898379 -0.0215015634339237 -0.0891548856508352
-0.00677905184728456 -0.0846745434488418 0.0229334814655104 -0.100554552843966
0.0263793681629396 -0.090065857014959 0.0697903315604646 -0.0637763587907101
0.0726246350655913 -0.0651702748057281 0.0674349522556586 -0.0129176070129059
0.105270227107398 -0.0226231738595191 0.00532817281988943 0.0255748298246044
0.101449598483709 -0.00358031145774497 -0.0911446249972432 0.00803514212258787
0.0387015305399412 0.0102702121216278 -0.149730261977839 0.0394254722463873
0.053543611758956 -0.00268256494471893 -0.136460707768637 0.0239641244939679
0.0396699707993642 -0.0292980049097451 -0.107142018786837 0.0110565590502866
0.0123978867714988 -0.0417777411313407 -0.0801680556653845 0.00952985160226946
-0.00273251384889231 -0.0376996898680944 -0.0788409580175302 -0.00787343739870778
-0.0141067241423708 -0.0330051899664244 -0.088914759875445 -0.0114983217850321
-0.021348406124656 -0.0287412606528241 -0.0891382596693552 -0.0200443714684026
-0.0173917196095794 -0.0299056698515848 -0.0718258590225216 -0.0412075882979205
-0.0159551039598517 -0.0328554528424882 -0.0578385315957534 -0.08032592118329
-0.010948660314581 -0.0443895482086867 -0.0233133491955263 -0.108245618449494
0.00640725997814327 -0.0505793624015954 0.0273805872159146 -0.113484653002948
0.0296674161040364 -0.0506617880747521 0.0726894828875966 -0.0671529534039863
0.0575228186801782 -0.0285300993348751 0.0608272151382756 -0.0139270869803148
0.0695668253148842 0.00437508554909105 -0.00533081162108459 0.0144788989909189
0.0544888424563864 0.0157431162558176 -0.109165002159232 -0.00618805186749645
-0.000514701962870133 -0.0226468725192145 0.120083951005744 0.00593925466353616
-0.022430610027553 -0.0131562268794979 0.0239426804838302 -0.0267870998180194
-0.0263987250272137 0.00807122058981953 -0.0645754655136475 0.0050959065973135
-0.00891818699946033 0.0168151900178597 -0.0918137053650383 0.0629846959113399
-0.00382204651582489 0.0131800719640834 -0.0442192200397166 0.122657044943311
-0.00480546262263614 0.00991918255477858 0.0189757470100273 0.128853366308461
-0.00691400857592469 0.0113562370209285 0.0619747072768723 0.0986922802795172
-0.0118589640330033 0.00761800122044952 0.0869602680389335 0.0569936983042094
-0.0146066916704781 0.010935449685616 0.0960590829680738 0.0230838343301387
-0.0210220562393227 0.00568149899342 0.100341125576641 0.00865088216024691
-0.0168308993116637 -0.00352277057832093 0.0931421992309847 0.00520670132326106
-0.0147479227356307 -0.00413533970270092 0.0942712802253946 -0.00575897883185094
-0.013856287528594 -0.0114233698408246 0.103787113536526 -0.0123829050503999
-0.00176593570848779 -0.0262699249716041 0.123098318251793 -0.0100133757763562
0.0132142777232227 -0.0255831756784657 0.155555278726888 -0.0324254486436975
0.0507019266607416 -0.0248826604188306 0.112067427627329 0.0156105604063604
0.029532677651949 -0.0216637917812996 0.0168911292885641 -0.0224061548022491
0.0100990503393994 -0.0169449487929492 -0.0676919775298129 0.00853126625938355
0.0105178150924228 -0.0207354297757069 -0.0923159496966248 0.0621855560505638
-0.00228802143421604 -0.027374884917441 -0.0467408537479454 0.118649274561119
-0.0200028143944858 -0.0257194190751566 0.0106637973772349 0.124145493212644
-0.0329706569849143 -0.0152506701982436 0.0521269054035777 0.0959297663816247
-0.0396005937513637 -0.0156628750740957 0.077395629877385 0.0549108753780177
-0.0443205806255675 -0.00847374010609532 0.0856223966199676 0.0173278727014088
-0.0526311173268312 -0.0227223902359353 0.0922175165792332 -0.00184952309447992
-0.0370888029323607 -0.0446982866985452 0.0916140398483587 -0.00966153263969165
-0.0195039831243129 -0.0561819103799398 0.0964562154241981 -0.0162704534537842
0.00978534057122833 -0.0595296770206982 0.102354044639727 -0.017507412747216
0.0458739562045622 -0.0574912846950287 0.10823422235729 -0.0110360822178415
0.0699727792149067 -0.0470842330510493 0.129070636654952 -0.0288483017790083
0.0948766153250734 -0.0246161352650675 0.083746214363081 0.0198310494216395
0.0807341101920994 -0.0281476533350725 -0.00361957355780087 -0.0241623445809114
0.0490120226125895 -0.043217182231343 -0.0791725473706643 0.00765072463848137
0.0288411551422807 -0.0612608386010961 -0.0938230566171653 0.0592690450811682
-0.00198972930971975 -0.0671893228835766 -0.0483655302994255 0.107015481153266
-0.0339028617437041 -0.0588975378823275 -0.000558395199723354 0.108747829840158
-0.0551445746455523 -0.0393086342562755 0.0337777893932726 0.0822747190601214
-0.0619995920843949 -0.0356891670546053 0.0558766513999002 0.0467337461272607
-0.0667253151535719 -0.0255367106577325 0.0626523584397892 0.00793371789090921
-0.0775026662454858 -0.0452674415444347 0.0716686394011697 -0.0160903050196911
-0.0550683168151491 -0.0771712682955035 0.0799940963420636 -0.0288682988351137
-0.0289708292656973 -0.09811637506139 0.0946477853372611 -0.0303632566876337
0.0242430503303303 -0.100676589127912 0.100751355511476 -0.0218110842749147
0.0828896220529647 -0.0835753715538462 0.0908196060474118 -0.00403072344274799
0.11423508367419 -0.0629161687414946 0.0884188201208517 -0.0162398538043989
0.125420323708595 -0.0218891491660862 0.0379771623643501 0.0211014479210687
0.122097685313805 -0.0349034692663981 -0.0350261216083447 -0.0275326055989862
0.081752863538272 -0.069966063847381 -0.0928814209264091 0.00459873214174988
0.0399032093273392 -0.0988968877018022 -0.0944266005668319 0.0525110551446636
-0.00572147111693879 -0.0990714906642057 -0.0503463252149758 0.0866915216474466
-0.046219833823069 -0.0837148924302238 -0.0155088781583278 0.0833490968416676
-0.0702992171449239 -0.0564726899564345 0.0079430540448533 0.0615096099819581
-0.0741385644644264 -0.0511127510125135 0.0266534441982637 0.0329030149904533
-0.077609453884765 -0.0402181679614554 0.0320588997489888 -0.00508471958191091
-0.0879863743440771 -0.063394391893475 0.0436580438542367 -0.0309668113661
-0.0621470595740778 -0.0991943437144126 0.060757329351376 -0.0487796151410002
-0.0298241805514359 -0.124842655946148 0.0884760645751274 -0.0435047186065892
0.0384410739736594 -0.12481096313174 0.096965277049708 -0.0225757486681351
0.109236588008627 -0.0947835557050064 0.071794703594107 0.00953866505196849
0.141155892770139 -0.0658378809925153 0.0400333817074663 -0.000199780620034616
0.135568651058878 -0.0197107800153039 -0.0185715376862664 0.0224590125467419
0.141192163626204 -0.0414193934925408 -0.0728411395921921 -0.0236117951788512
0.0974287613945341 -0.0887167552312957 -0.10548992969398 0.00364841967666992
0.039990826001125 -0.12205019275457 -0.0925373876199793 0.0413389608435342
-0.013116055489845 -0.115974773135639 -0.0543923737980986 0.0582477109290123
-0.0544316307758747 -0.0936976000210524 -0.0349990712359112 0.0522923668750368
-0.0757996247214033 -0.0641506693860448 -0.022090467210543 0.0369302141988489
-0.0752519912556703 -0.0583934005948313 -0.00520365498358703 0.0143808898814722
-0.0761871208716545 -0.0509067164433883 -0.000193406874029423 -0.0220092161889205
-0.082575583348722 -0.076526927009172 0.0143761014340665 -0.0492814854516865
-0.0536420887081979 -0.110389887945931 0.0403518188604349 -0.0678417981144561
-0.0181761399518332 -0.133542787727479 0.0795076536504784 -0.0541854765928976
0.0534025609657941 -0.126219325644632 0.0886091420276557 -0.0209594670926661
0.123498179341963 -0.0857130403630969 0.0502434898613542 0.0225464656441802
0.148111408622441 -0.0547040208562869 -0.0106421621475505 0.0128829042711224
0.122899277870464 -0.0158980904589805 -0.0760421615656098 0.0279720649596126
0.133244616213021 -0.0407615014476145 -0.108072521072458 -0.00976658386387974
0.0922954850960632 -0.0899994346161155 -0.112219251134835 0.00629111783895496
0.0313289496327806 -0.120367605742674 -0.0875893220031034 0.0278638512017956
-0.0182286160150328 -0.108882196023381 -0.0619781338048125 0.0278955929954583
-0.0533537283432 -0.0859671567837666 -0.0577142241551462 0.0220409549552796
-0.0698640868456393 -0.0597418570355647 -0.0522487890632918 0.0130454300348157
-0.0652486989382093 -0.0571870947329407 -0.0353071185980287 -0.00595655728072251
-0.0633926543824713 -0.0545307621175668 -0.0290484456468924 -0.0419412722220202
-0.0630060717046907 -0.0795535766296069 -0.00971342070418359 -0.0693705165252785
-0.0323189339942135 -0.107011282862566 0.0263708830261024 -0.0866540729996913
0.00480590185540974 -0.122318101692108 0.073389805612525 -0.0609432856640397
0.0688873267412675 -0.104261481391847 0.0789972544622366 -0.0163315757511652
0.125072833000223 -0.0586763102753049 0.0267218956746547 0.0294106411297285
0.135347305105779 -0.0313028331593919 -0.0571068693546732 0.0169204757798391
0.0884190895797367 -0.00619927391706412 -0.124687021236182 0.0355300290639129
0.100834824285517 -0.0278117780957499 -0.131605869457005 0.00983790605012715
0.0703948190139361 -0.0688699566888708 -0.112119896865972 0.00912096845694753
0.0203432444336688 -0.0906940182500781 -0.0833870021082053 0.0158741998487008
-0.0155146380969537 -0.080411734629733 -0.0717844099392087 0.00397110832833228
-0.0399072409502174 -0.0634912909437555 -0.0787924893477716 2.49352115957352E-05
-0.0509675185010167 -0.0473933919650721 -0.0774676223911473 -0.0062767006302008
-0.0459165154886468 -0.0471680623238447 -0.0598548254441654 -0.025371786145827
-0.0424749646365844 -0.0491353408563022 -0.0503342076715442 -0.0630819675121873
-0.036914594950974 -0.0695887075009131 -0.0232191645809759 -0.0913440193674866
-0.00901669687055945 -0.0866905545479015 0.0218672197288909 -0.103656553128273
0.0250428126815523 -0.0924809450004252 0.0713426932754419 -0.0658783361144067
0.0730967241735612 -0.0673995634181594 0.0684422233141413 -0.0142561869231297
0.10788113703545 -0.0246085919180424 0.00584299777003256 0.0261271090724205
0.103392738879594 -0.00483387000346811 -0.0927809988496541 0.0107231457662139
0.0390570118508876 0.00989926249928719 -0.15301588859662 0.0412721598799973
0.0543117788657811 -0.00340465146191676 -0.138669915540372 0.0264955875487216
0.0401861197421994 -0.0305350287258449 -0.108610258270577 0.0118062061029097
0.0118889673587762 -0.0423390546259218 -0.0820965736515698 0.0103722575387087
-0.00416264445838282 -0.0383875582857657 -0.0808693651307422 -0.00762315018957925
-0.0152967206820583 -0.033090104282131 -0.0922330467345683 -0.0101109157901916
-0.0220717208750035 -0.0289053613788466 -0.0921714830311041 -0.0173172719543
-0.0183320105483271 -0.0301142114714544 -0.0743358290541808 -0.0402818580604035
-0.0167985965920304 -0.0337800401108021 -0.0610319034570931 -0.0810259871614223
-0.0115781014380879 -0.0450813272236274 -0.0256017815498171 -0.110398973511817
0.00568481717419162 -0.0520963746130079 0.026568211704908 -0.117136689609291
0.02930194067277 -0.0526413185767687 0.0735561455213107 -0.0693865897035421
0.0586147785106558 -0.0299541704897884 0.0620770008374106 -0.0146762802999197
0.0710989294681096 0.00334217497528694 -0.00609101084693075 0.0150598407371866
0.0554322134929775 0.0152569805728597 -0.111532227238857 -0.00320360362816313
-0.000647716648936959 -0.0227436396496265 0.12240878844114 0.00070640455288098
-0.022950803734903 -0.0128107370991977 0.0239404952567469 -0.0293430447623396
-0.0264707275873558 0.00962574648406595 -0.0661862717584707 0.00847018057832501
-0.00856106565019449 0.0171745122104496 -0.091646771207332 0.0683119677506853
-0.00287875863064472 0.0134409937521338 -0.0403343798052899 0.126146926651836
-0.00435131904290808 0.0103215911406169 0.025063429494294 0.130158375598803
-0.00701994363412384 0.0117229637680106 0.0681467727139557 0.0973263373500884
-0.0116379014797062 0.00813535700594096 0.0911834037366482 0.0533725983517379
-0.0142085629163359 0.0118600825757648 0.0995213031583969 0.01909740723203
-0.0207894992305766 0.00690362713362607 0.103934024691486 0.00424901307863428
-0.0173099436598124 -0.00305360968695944 0.0961443737867721 0.0013078880090873
-0.0150360582186419 -0.00352196946834307 0.0956239792155476 -0.00947803498315214
-0.0142064499725203 -0.0114856721736215 0.104514993698852 -0.0150491325535786
-0.00332530355934995 -0.0271134244901498 0.125538058302111 -0.0143947156920917
0.0130996448320402 -0.0268905262939911 0.157321713199373 -0.0408246323437658
0.0508083313411953 -0.0273142531513983 0.114519526876772 0.010982952710991
0.0295767529811363 -0.0234943393523711 0.0161795779124469 -0.0243118218655995
0.00936888957621573 -0.0175578506401671 -0.06884936129326 0.011681043712262
0.00944745402602094 -0.0222520643296327 -0.0920830195223443 0.0670551806555945
-0.00344324536396299 -0.0281731951222161 -0.0433057359882036 0.122107954564865
-0.0215054762524633 -0.0254710763907372 0.0163045003473447 0.12592273388158
-0.0344600116576515 -0.0139872432278145 0.0575417403849455 0.0944104926585306
-0.0415350815172262 -0.0140025971627992 0.0814286970000025 0.0522912050787693
-0.0456636075091218 -0.00685935990356329 0.0878662387016692 0.013463918384526
-0.0545645176587758 -0.0204969059431033 0.0949038838309391 -0.00648336699374026
-0.040106178346332 -0.0450588115840323 0.0936620651118344 -0.0135189944082285
-0.0223484744626339 -0.0571578579303628 0.0976490289452483 -0.0196525768941222
0.00778430967504371 -0.0611840670202565 0.102713711158944 -0.0205359997768828
0.04457912814698 -0.0608313928939676 0.110013106840095 -0.0153907562048005
0.0698470029140472 -0.0509902885202765 0.130316432824676 -0.0351494822851032
0.0955049797431523 -0.0286053966723598 0.0858357677307881 0.015776725470782
0.0818465239325413 -0.0325212808700358 -0.0040873438692945 -0.0255820312523164
0.0478621883006879 -0.0458675037997399 -0.080050677626932 0.0108194116599684
0.0263774188076138 -0.0637553961286323 -0.0934849447113203 0.0646213732882207
-0.00538843411597856 -0.0684721769243914 -0.0448797839652221 0.110535839209475
-0.0369666468132834 -0.0586890907703154 0.00420815435170194 0.110456008044805
-0.0582606123748499 -0.0374927012121821 0.0383875893759078 0.0825300287783023
-0.0656356920511478 -0.0334941430754276 0.0590801463016178 0.0446067644772746
-0.0694351005149869 -0.0232686651487142 0.0637603483712401 0.00447274800127096
-0.081000760482575 -0.04232930678697 0.0728825344260945 -0.0200575937830131
-0.0601264912437453 -0.0767682478125897 0.0805529594881944 -0.0330806830741994
-0.0341663735151721 -0.0987061526531387 0.0956817975347016 -0.0345370651512071
0.0211204185190366 -0.104229798364189 0.1006319706551 -0.0255408099950071
0.0811725948498327 -0.089406604982901 0.0928109773801021 -0.00730263660618325
0.113880510076182 -0.0686305259538952 0.0898103053665966 -0.0204846326824127
0.126238394768961 -0.0274327098101239 0.0392768020729753 0.0189231168970645
0.123346194652792 -0.041254550970878 -0.0362474951528496 -0.0271357431511173
0.0798455133131386 -0.0740261977867128 -0.094672030941707 0.00800718658020493
0.0360964789172923 -0.102591987415392 -0.0951243379393355 0.056646173918256
-0.0106408388555784 -0.101228804473789 -0.0474924855307376 0.0895955174081903
-0.0510994570006521 -0.0828664355994734 -0.0123379291065102 0.0852998562694338
-0.0742059032080082 -0.0544698878310991 0.010406886336077 0.0624981632107135
-0.078784695282763 -0.0482752206647474 0.0288541321143229 0.0320522941554805
-0.0814605704272219 -0.0380978307284232 0.0319616378751769 -0.00732487059083628
-0.0928728130018099 -0.0605671109871678 0.0434822551219208 -0.0347171652525098
-0.0680171093449255 -0.0986360282548242 0.0603481937651049 -0.0525100846152538
-0.0367818610767451 -0.126058493652573 0.0889533993422236 -0.0476594424430888
0.0335910091497445 -0.12913021383545 0.0969775263947956 -0.0262718888506525
0.108196810442303 -0.101730016940416 0.0733255633712892 0.00694814369427643
0.141657916452376 -0.0725134456363689 0.0408496103167144 -0.00194019935512928
0.136510843139913 -0.0255526480777072 -0.0186494244342162 0.0230517377369004
0.142165310406458 -0.048431037085659 -0.0745662489158369 -0.0217829322753768
0.0955232118945461 -0.0939816985974815 -0.10757468816201 0.00728480636273807
0.0350717164780945 -0.126493003971052 -0.0927642064892234 0.0450213883338983
-0.0189540314307598 -0.117706699883434 -0.0529303554435036 0.0602921071988216
-0.0598415331713851 -0.0922030442527046 -0.0335881067798379 0.054567804278214
-0.0804964154303764 -0.0615818596012128 -0.021186620216907 0.0386404273764689
-0.0800093574122211 -0.0555691314301983 -0.00420495625811492 0.014651529132015
-0.0805289465846694 -0.0489234201401127 -0.00188756445021594 -0.0234056288753313
-0.0876382425376466 -0.0735707899017845 0.0126351297613353 -0.051228348572675
-0.0601940759089372 -0.110579194615007 0.0386444742866902 -0.0711760831646815
-0.0248274345572675 -0.135196858855978 0.0797525016186522 -0.0586259139253873
0.0494949935638633 -0.131329674367272 0.0888231932369005 -0.0246360929141748
0.123090671117435 -0.0938375461858587 0.0515684337143066 0.0213856063604181
0.148492720988704 -0.0621227806740644 -0.00973502003769371 0.0134453642517106
0.12374683315217 -0.0209687575238416 -0.0770055610944091 0.0306477471531211
0.13420689870456 -0.0476372002943041 -0.109461410799317 -0.00550107250377582
0.0898964641151083 -0.0951290801765718 -0.113893674366745 0.0100584992621754
0.0264927040082965 -0.123652759392438 -0.0885447335199912 0.0313880855687767
-0.0239405208221353 -0.110373466962573 -0.0618746422555662 0.0295170050358722
-0.058668929446087 -0.0845003621559951 -0.057959260854231 0.0250351149982631
-0.0741907353723607 -0.0572428341519548 -0.0527774565874807 0.0164231523111242
-0.0698244101229121 -0.0550218119609572 -0.0357395805868888 -0.00431435945583182
-0.0679616663667108 -0.0532176447456275 -0.0321958618614753 -0.0416084221006639
-0.0679874380694703 -0.0781340548087237 -0.0123792977706998 -0.0711392385198119
-0.0383296968204096 -0.108210739281626 0.0228068864832724 -0.0899151199056244
-0.0012947328069861 -0.124772878816301 0.0732961934526854 -0.0654699338895983
0.066012458488748 -0.109845388181124 0.0788066554951571 -0.0195268328731098
0.125467621514461 -0.0655180236048998 0.0276420857110556 0.0290610135900106
0.136035696087007 -0.0375047211802935 -0.0569820932620268 0.020301376529616
0.0891806616386079 -0.00997547955904455 -0.125371169131099 0.0407298046297522
0.101557885395986 -0.0332197533410349 -0.132937487383238 0.0150710093075741
0.0685255945318787 -0.0725239287759516 -0.11390825159499 0.0132268250189742
0.0167996980642985 -0.0929795037450424 -0.0842724883263453 0.0193935399386967
-0.0199951850091261 -0.0815438653817458 -0.0730694740891248 0.00597791687316938
-0.0436983927980489 -0.0624579598618495 -0.0807264009696888 0.003532038442075
-0.0543887655500721 -0.0452922478362786 -0.0794089392739092 -0.00149820846064365
-0.0490161321324991 -0.0459022806631637 -0.0614021132678451 -0.0228628591581654
-0.0458163994839524 -0.0485035091605974 -0.0539202220603638 -0.0619698221642812
-0.0412461922156435 -0.069297262751473 -0.0274343137962953 -0.0928640712512612
-0.0136722874208868 -0.0881840433138462 0.0181272454045663 -0.106955141953124
0.0208801320101901 -0.0947818200229755 0.0711154505528636 -0.0707004805647795
0.0716750169818509 -0.0719446333691204 0.069328315732329 -0.0170676160640759
0.109319093782667 -0.0302829028427422 0.00655811453721702 0.0265558528423547
0.104607762284783 -0.00978762710007514 -0.0932344727231687 0.0157811275843003
0.0395355174431733 0.00801607213901465 -0.155067584110565 0.0488128169796057
0.0551459660692374 -0.00639550081830544 -0.139305048911389 0.0324378324628363
0.0392707077816932 -0.0328466055036613 -0.110026836665015 0.0157919134032003
0.0100467808083156 -0.0433505213958053 -0.0831232156711754 0.0126183662244427
-0.00629718697337566 -0.0387076613028192 -0.083124233085998 -0.00471268676224592
-0.0171175746031237 -0.0323693756128137 -0.0950462466003786 -0.00560281392925488
-0.0237778598741989 -0.0280263354401886 -0.0950898750640104 -0.0121185503825999
-0.0204123379138781 -0.0298011685036356 -0.0770146060969485 -0.0371298324896492
-0.0188729078198245 -0.0337316342564924 -0.0661844579512489 -0.0796382912334458
-0.0141799685272498 -0.045087343747223 -0.0312382622090257 -0.111695280356488
0.00286119820598739 -0.0531193307648305 0.0224241163489782 -0.120672629750938
0.0271204360606756 -0.0546108368101909 0.0730355540849923 -0.0740054944746753
0.0584111837747635 -0.0329904891002553 0.062959903088916 -0.0176327986703023
0.0725551832063448 0.000636741827481037 -0.00569070968432394 0.0162203659934631
0.0560266134981867 0.0133269971104745 -0.113291751280752 0.00308422312520134
0.00901771192890373 -0.0215276023685092 0.109463356848619 0.054848223280033
-0.0154278113527632 -0.021664784131025 0.035037639134447 -0.015470879038514
-0.0270314627209203 -0.0022655432581088 -0.0614922411314091 -0.0213969417055279
-0.0134659461667203 0.0115628137588286 -0.113037991035783 0.0217626258227368
-0.00606782410297948 0.009875737298388 -0.0919916628601598 0.0957402894450342
-0.00700080477926834 0.00750619028195032 -0.0344434740468015 0.126978116880409
-0.0105146843302144 0.00772698173961341 0.0183256015584043 0.116368481413815
-0.0137155273985861 0.00187725911829903 0.058804162514771 0.0860828598807991
-0.0180174553536659 0.00418084512756336 0.0811329936911815 0.0590048916107041
-0.0212557887009978 -0.0033674167913866 0.0915134993066173 0.0475766834539929
-0.0137119479208683 -0.0110170836493862 0.0853634531493464 0.0432476112128088
-0.0104528287541099 -0.0103254230502749 0.0888422133497529 0.0345673074429294
-0.00622574312812236 -0.0163085364059571 0.0991355837917413 0.0341147349807426
0.0108000193818516 -0.0256968826033932 0.120031876190399 0.0461059499670088
0.0237191173549392 -0.0186113843539163 0.161651314014083 0.0379117567244669
0.0567894538137904 -0.00258511182040999 0.0979491645026568 0.0590426915315059
0.0371020617344102 -0.00823305777867325 0.0250744955564589 -0.0148781044386962
0.0171569488137229 -0.010369488996244 -0.0669043110925324 -0.0203763022065353
0.0196899614111618 -0.0155378339187034 -0.113490160287417 0.0198569306062658
0.0106828287212119 -0.0274124047262988 -0.0942870692659923 0.0900859714308177
-0.00710812603928544 -0.0327553841284683 -0.0417033889157001 0.120226403005183
-0.0249624271607261 -0.0272119791748548 0.00969056379523102 0.110165771498242
-0.0317815978383993 -0.031052387689245 0.049944752312257 0.0804022849445522
-0.0381701697651374 -0.0265287547726813 0.0734577093347553 0.0485730189275445
-0.040284742599702 -0.0423659595412157 0.0880034256726763 0.0336850075959178
-0.0170152491941077 -0.0587541134085076 0.0909488140991128 0.0271188713811344
0.00588859425415138 -0.0612097133410807 0.0966103168753573 0.0245205775157491
0.035623602298763 -0.0521184156080919 0.101929038404451 0.0287975080731029
0.0685897177041501 -0.0355192237498554 0.106802911429027 0.0391509801404378
0.0856002037387662 -0.0153171943451612 0.134429998992172 0.0312493021787496
0.0974394204768158 0.0162820702235561 0.0692560584723491 0.0492636852460107
0.0884882816066234 0.00641716467500293 0.00588418853217479 -0.0257221011048116
0.0642849689650917 -0.0183893798222501 -0.0783332638278066 -0.0266734755113697
0.052396622492415 -0.0454310365165073 -0.114781526247272 0.0153049454493395
0.0268300507346757 -0.0637913662531513 -0.0923704546753194 0.0783714660924497
-0.00785475654891575 -0.068947654027397 -0.046897890299991 0.101842346504444
-0.0360206577580357 -0.0587451507488297 -0.00298980535923783 0.0906818072130447
-0.0446634760100263 -0.0592520736703042 0.0333810580214008 0.0651695832449768
-0.0524566238047593 -0.0517288615060744 0.0554013895283536 0.0302588386800696
-0.0550316259803546 -0.0729687923165642 0.0744583008079745 0.0116349551804007
-0.0215523262676036 -0.0962544685658438 0.0881856519983358 0.00287590218153158
0.013459254650978 -0.103584736007053 0.101742518201997 0.00918766627855329
0.0666187507181008 -0.0839203606669161 0.10333692164391 0.0230502652680415
0.113910531897121 -0.0451714754654445 0.0872887396825005 0.039682175711545
0.132098722857391 -0.011918628463002 0.090274475085127 0.0264927048328851
0.125227366399034 0.0311629421143476 0.0259745708534876 0.0310061753906332
0.130125718044038 0.0172382257951888 -0.0233672457614991 -0.0419520321638673
0.105943262713005 -0.0300254793995623 -0.0906621694573174 -0.0362751034799051
0.07751884530759 -0.0751073422813602 -0.113646183411764 0.00692427277768299
0.0364475247240876 -0.0958790087886077 -0.0871291584079533 0.0579465220713961
-0.00961787018639578 -0.0959393432858848 -0.0506928377854032 0.0720674918760677
-0.0436612691713619 -0.0804566410753227 -0.0193367847184712 0.0610549177958967
-0.050692398870052 -0.0793063461257032 0.0108049991963066 0.0406796313779332
-0.0572109574496862 -0.0697130328349955 0.0319403591894821 0.00691620451695377
-0.0587428977810947 -0.0947978914337454 0.0545495428852924 -0.0143970472100743
-0.0197105197147828 -0.120498076514137 0.0787387656918378 -0.0243935095537508
0.0228745461478104 -0.129260559204007 0.102659915625048 -0.00664445653949695
0.0889049542498159 -0.100891444202183 0.100449637259813 0.0198895073579554
0.142415106167559 -0.0436555903993725 0.0642340637763632 0.0442932778225134
0.158744933826618 -0.00348275936101573 0.0375403304147821 0.0206112295821767
0.134632719002674 0.0383870853439165 -0.0277975623978271 0.00796483976565387
0.150872266137418 0.0196076767956154 -0.0603324407321045 -0.0550117735759999
0.128928095499961 -0.0405336438589902 -0.102940907580227 -0.0428259722822256
0.087104583048236 -0.0966614138623959 -0.107807999194919 -0.00176703611228251
0.0362739643308029 -0.113066280402522 -0.0796264775052788 0.0302818869561049
-0.0133730142353345 -0.108137393833963 -0.0561024347244851 0.0353460653669254
-0.0461847104159102 -0.0893032281666766 -0.0371235648727812 0.0268226683952718
-0.0490490247487937 -0.0860704369077258 -0.0112780670449689 0.0113015592268719
-0.0518272268779033 -0.0791041539276012 0.00759316498403558 -0.0221897225097934
-0.0490976861325439 -0.103707580704746 0.0339591873249788 -0.0422183747426645
-0.00792266925778845 -0.127458546343892 0.0678004069619683 -0.0504483634189627
0.0355883286494618 -0.132700345246968 0.100150982373214 -0.01988584675658
0.103526033534874 -0.0961972795737248 0.0928816325665188 0.0188375123909623
0.152611557696789 -0.030553282344508 0.0371935651700045 0.0464058266641499
0.159877377626618 0.00892709836005616 -0.015465791869779 0.0110052135978968
0.120811163791 0.0374461239470305 -0.0833205984301328 -0.0104161110055512
0.143682122375765 0.0165862814427837 -0.0991376798149 -0.0554832929469909
0.124153860990817 -0.0443322861258603 -0.110117942566497 -0.0427719822023101
0.0781471255436551 -0.0980229686588935 -0.096468779691521 -0.0128072092610101
0.0276659959868667 -0.109267473412774 -0.0727368342937956 -0.000870787718566076
-0.0156412601661459 -0.100589138746783 -0.0651277156861708 -0.00188396369218357
-0.0429292954023304 -0.083732510642101 -0.0555472625729176 -0.00760987192478833
-0.0397199209789318 -0.0804084841210752 -0.031207429482871 -0.0195380356018298
-0.0386264609917402 -0.0772015731142402 -0.0106017241817544 -0.0515349743484217
-0.0297312361377678 -0.0990838889334405 0.0202731238370661 -0.0694698183170949
0.0110980557913808 -0.11557310565632 0.061979605509184 -0.0726772579012953
0.0530488635351569 -0.112217022048535 0.0978306177497792 -0.0285476563897948
0.108624192519758 -0.0688586086701984 0.0816078937438712 0.0183540807028841
0.142028449298086 -0.00388014227368481 0.0116209241604079 0.0423154390047824
0.137780938566793 0.0253555057113611 -0.0612174296151316 -0.0051040140929962
0.0855274375254068 0.0314578887348365 -0.131353408276025 -0.0222495493652877
0.107696926021685 0.0155049127632368 -0.127751386416796 -0.0470042850225852
0.0956476391216452 -0.0342991386098989 -0.110424880960533 -0.0398804683234124
0.0554659949742977 -0.0747814638578015 -0.0867443319535818 -0.0224177061006734
0.0182789544067339 -0.0804440313630858 -0.0718451863398296 -0.0272433483532291
-0.0132649032509268 -0.0744636244641124 -0.0755707821703133 -0.0310362719306083
-0.0303440032906492 -0.063751145760454 -0.0714528528527707 -0.0352446604808392
-0.0248715088349553 -0.0633971687796893 -0.0461516797683615 -0.0462578479808209
-0.0214083328690312 -0.0633755796387654 -0.0226353154909675 -0.0790458385605728
-0.00847269980221135 -0.0799612231744041 0.0151849661029271 -0.0949500164034294
0.0243337736321978 -0.0857849244693578 0.064727864497378 -0.0891111065963445
0.0588518982565637 -0.0761627951692682 0.0974998072860561 -0.033533732193696
0.0965618702811959 -0.0328933862121764 0.0717065192877317 0.0169564033307286
0.110708511911028 0.0204118130771037 -0.00706407181012933 0.0304310478231877
0.0976126221247 0.0367894946724059 -0.0914264551762852 -0.0273857143433386
0.0329723215796096 0.0259529572306287 -0.161669035455889 -0.0258564776366413
0.0536038233439794 0.0192196921412267 -0.139776667104058 -0.0337063713120725
0.0512889330688392 -0.0106465878511136 -0.106514058569281 -0.0357414100379197
0.0289314493012884 -0.0329996678894773 -0.0806978387745378 -0.0266954526792516
0.0116990860208988 -0.0356429723776499 -0.0741364056277404 -0.0413185970212101
-0.0019712204030641 -0.0351574891689047 -0.0835344863060853 -0.046679103531855
-0.00996736091091298 -0.0358062834081546 -0.0801648063969039 -0.0509358757456256
-0.00614284409059863 -0.0363655607410055 -0.0530640740540117 -0.0661751075477593
-0.00369280402005728 -0.038688977103324 -0.0245896208221344 -0.098658088828586
0.00510328554494305 -0.0471022635463712 0.0208354353263596 -0.112238489486365
0.0246186061312113 -0.0468361062755142 0.0730831075040918 -0.0990482486507342
0.0479906378152175 -0.038151147225069 0.100483805999686 -0.0344595566571658
0.0672534690317711 -0.00332377160339185 0.066013892581768 0.0136064760573216
0.0648520160598137 0.0327135238750615 -0.0133115722503073 0.0137903728107964
0.0436957997657436 0.0363189136938386 -0.103782043693566 -0.0487602436864128
0.00847189440109992 -0.021222179644833 0.109160758111964 0.0477192032246387
-0.0156480892452304 -0.020942132163239 0.0343633543472924 -0.0171332534920942
-0.0259279349809984 -0.000760332567358731 -0.0610239232428817 -0.0179044150594635
-0.0126743897523876 0.0113943153059144 -0.109798558429917 0.0260892548738419
-0.0055736914879758 0.00958561069547019 -0.0857314559403956 0.0971803462391752
-0.00627015295196763 0.00673795984872583 -0.027526646353814 0.125330058520019
-0.00936966979823617 0.0080408809512377 0.0243828555383473 0.112275745831099
-0.0134015850574552 0.00234568937121671 0.0616425833229513 0.0806455367299055
-0.0165278905566239 0.0048555613580692 0.0823406921253294 0.0531244829998169
-0.0209374892744796 -0.00204259445511752 0.092501000531859 0.0420670079628447
-0.0136827527252947 -0.0107421149648546 0.0858305422336266 0.0389351004267983
-0.00968218092021341 -0.0102383101263877 0.0877644835385906 0.0303940493897724
-0.0062011272958683 -0.016017240450089 0.0976239598609795 0.0299166432242685
0.00934300852232708 -0.0261486147343072 0.119241961869071 0.0405303074458932
0.0230416133003014 -0.0192161257913475 0.159642332811642 0.0292889905114422
0.0557892410006974 -0.00538074258742231 0.0976975835051853 0.0523207371240799
0.0362650116452395 -0.0106401798432175 0.0248427626976322 -0.0167031092126741
0.0162502292175116 -0.0109381569969916 -0.0664534523234177 -0.017155590686242
0.0176084571370377 -0.0162803597626499 -0.110564848146946 0.0243761810115074
0.0094868157294868 -0.0276436748668782 -0.0882558364884217 0.0917889665265594
-0.00866433909855615 -0.0314221741808332 -0.0347515270368433 0.118945622873403
-0.0254097729927042 -0.0253838888915866 0.0153257571625366 0.106405653346376
-0.0328040801292664 -0.0291081974816127 0.052839888324059 0.0756915341773355
-0.0379492222802024 -0.0240908496273737 0.0738373555662345 0.0434328363646267
-0.0417068581677714 -0.0393329390596257 0.0883582045438243 0.0281422925369052
-0.019331940955103 -0.0574343971399812 0.090238776262377 0.022828648855887
0.00311332926899046 -0.0602933634060716 0.0953743864117113 0.020267878151631
0.0330587346849859 -0.0523894957331913 0.0990597911356503 0.0242164545707163
0.0655322423365025 -0.0383085694345793 0.106028366447127 0.0339717550291858
0.0826799016229653 -0.0191959325992819 0.132236507801367 0.0246115580619238
0.0961396619328353 0.0116114965536016 0.0700703551169354 0.0437515983277632
0.0869456942819902 0.00185819278142801 0.00571929934045853 -0.0266888165734918
0.0618081229844617 -0.0202517261472835 -0.0771642645374201 -0.0226649826822143
0.0483492490661553 -0.0471212774812691 -0.11198513638505 0.0196467935400275
0.0229967818032945 -0.0639429661144713 -0.0870097077445453 0.080198700088751
-0.0107108324124425 -0.066950954004982 -0.0403247001294624 0.100935350976407
-0.0383850835716611 -0.0547492706055372 0.00181140150476679 0.0881388409951335
-0.0474826832272645 -0.0557102592570622 0.0354975631877319 0.0608210047965914
-0.0536650231362032 -0.0482517050190667 0.0552838520949047 0.0265287388646926
-0.0577281999651239 -0.0682827884466463 0.0738774860159371 0.00724610729108869
-0.0264160562797636 -0.0943441273959918 0.0868604385511425 -0.00143492298763882
0.00801932363000171 -0.102374572528132 0.101197885678962 0.00505779738482689
0.0611274338005913 -0.0854123585727524 0.100164655600995 0.0188088019204481
0.109757239240347 -0.0495880074062547 0.0867086335206694 0.0343734340222297
0.12898248683702 -0.0178501867773311 0.0895471595778148 0.0213571829012709
0.122907961523331 0.0255445088439873 0.0267873443590863 0.0278838198926654
0.128662264188631 0.0102903568323935 -0.0234704382048255 -0.0414309157767524
0.101680408393172 -0.0329852372287042 -0.0900100886518725 -0.0318541221312261
0.0720617006090447 -0.0775450944989037 -0.111349658467115 0.0117137540309661
0.0306444171864995 -0.0952488856800578 -0.0817021117151551 0.060096124805577
-0.0142256967638704 -0.0933529636432829 -0.0459644997919128 0.0723926852221747
-0.0464643703782224 -0.0764364589400836 -0.0157285705996901 0.0606811170729259
-0.0539983415171774 -0.0742457633224283 0.0128807488856892 0.0386758490903697
-0.0592711354332505 -0.0655568106509443 0.031066739871878 0.00383887861115218
-0.0614999224157384 -0.0890319758463387 0.0533118487263548 -0.0166704488295257
-0.0256986962791282 -0.117726071532394 0.0762673236910527 -0.0272563243041241
0.0153264563606142 -0.127347262385613 0.100864908525303 -0.0108417833950577
0.0824663289199308 -0.103153775151701 0.0976532056317902 0.016425343599213
0.137710387511284 -0.0498810566236981 0.0636333229038743 0.0401937014774592
0.154632727980532 -0.0105830301870263 0.0378367471281837 0.018508480430383
0.131449122754768 0.0318683455634036 -0.0268128414994658 0.00827424609749331
0.148564361617829 0.0118845091470718 -0.0603272512011885 -0.0515462693381271
0.12373753742994 -0.0442144008652132 -0.101444946035155 -0.0377197878169611
0.0804228240582502 -0.0990686255035681 -0.105211772825879 0.00209925840020132
0.0289965424449002 -0.112872292519762 -0.0756431225845791 0.0319261951425453
-0.0185119525072795 -0.10469577275336 -0.0535212080290693 0.0368328200319296
-0.0497205147296571 -0.0844815491114188 -0.0354499771624467 0.0276502071177987
-0.0527449448313358 -0.0813002809457533 -0.00970173283986465 0.0111076227864438
-0.0545407178296047 -0.0747061262963817 0.00649950975032612 -0.0225232585620618
-0.0528974997779434 -0.0988976778888533 0.0319085211148602 -0.0435307143100518
-0.0142568457723653 -0.124343666448813 0.0647552742981196 -0.05289027581701
0.0279949512837812 -0.131006130730672 0.0979904226695706 -0.0244780980162425
0.0966451354238515 -0.0993176700842208 0.0899204452912096 0.0142173510714086
0.148055701893154 -0.0368532735173338 0.0379337923151478 0.0443358957264058
0.156383256558667 0.00154004921049884 -0.0139623493420428 0.0120185448743047
0.11891395497146 0.0305362044857142 -0.0827358908145956 -0.00749401423084565
0.140846673803858 0.00943385665487487 -0.0979595249886389 -0.0503525677966907
0.119011987502386 -0.0483057709112722 -0.108520919574241 -0.0373164731950028
0.0713768865806059 -0.0996049592700585 -0.0948956749550676 -0.00902877016055151
0.0213798268991959 -0.108126952267026 -0.0711996542946541 0.00115999519944697
-0.021048241984444 -0.0969223954133272 -0.0639048697380031 0.000882026558274394
-0.0461268052296413 -0.0785743613618185 -0.0552373841206816 -0.0032732204037127
-0.04371748153147 -0.0765852206456101 -0.0304417749114517 -0.0174463143975857
-0.042048067834105 -0.0738273944094771 -0.0137018552759353 -0.0501045184185749
-0.0341630511745114 -0.0954094807070713 0.0164060754099725 -0.0696933347136196
0.00422902936257764 -0.113530074347512 0.0576803669483667 -0.074582901141734
0.0456250571765534 -0.112243672866353 0.0951802900575012 -0.0330225818765301
0.102313189317445 -0.0727253029772994 0.079714136292866 0.0144363203694434
0.138898675310131 -0.0110915543046769 0.0126079911707671 0.0416801970237101
0.135323367981315 0.0189413601511024 -0.0589398310741311 -0.0015782339736953
0.0835377498989344 0.0266693479235143 -0.130213166979598 -0.0159457188586618
0.105989972999529 0.00993960557562824 -0.125833066491623 -0.0404192163607045
0.0908068709320752 -0.0370976504416348 -0.108884775177556 -0.0347167026744538
0.0506218567863416 -0.075398897804661 -0.0854154717478842 -0.0185535709226994
0.0133439040354957 -0.0796769061422875 -0.070782032604116 -0.0246963901713899
-0.0159505592833894 -0.0709458936882259 -0.0755727038237614 -0.0272260881343626
-0.0326894764237845 -0.0604528349473501 -0.0716715770538707 -0.029400169372975
-0.0278332928518467 -0.0604856076639791 -0.0467299834689907 -0.0431050878218799
-0.0241360887197331 -0.0610586514262179 -0.0259294777706916 -0.0757737086171068
-0.0127339071608959 -0.0774321719694354 0.0110377181770862 -0.0936011337641472
0.0192517472155641 -0.0851616598796586 0.0591130919243086 -0.0910339140251688
0.0535592970365918 -0.0775923675742585 0.0948091279635765 -0.0370275862766682
0.0924900086544331 -0.0367438233493988 0.0704195011089042 0.0128523708180777
0.109489742926892 0.0145436932928994 -0.00641964485844023 0.0298489984461505
0.0959348914372703 0.0312649976113164 -0.0899678123236211 -0.0211599500679272
0.0328433273949352 0.0239527498339396 -0.158881568783687 -0.0184344068066866
0.053009981129164 0.0162182924662421 -0.137191535305964 -0.0267845584889315
0.0489821519999911 -0.0129411269225863 -0.105416723480154 -0.031262928439572
0.0262085128255046 -0.0331551289017333 -0.0799728040056003 -0.0232049940800432
0.00917642905329184 -0.0353477932479882 -0.0737761096581974 -0.0381882818105169
-0.00328770164242587 -0.0341449393012107 -0.0844743918496175 -0.0413551813968599
-0.0121185639035768 -0.0329343201857835 -0.0805676346316324 -0.0452521412018919
-0.00798865182287993 -0.0352736857522887 -0.0546011819257096 -0.0611427890872695
-0.00523840375554092 -0.0374265295685084 -0.0295578305784012 -0.0950819120421222
0.00296323686122997 -0.0460837082161136 0.0142377320441593 -0.110641227433472
0.0217539899554604 -0.0471602739299741 0.0668170865222368 -0.1004328653993
0.0445885365259811 -0.039095353860966 0.0974555130626099 -0.0382758572824212
0.0647907763039397 -0.00648283508447563 0.0646819537297905 0.0101349397168668
0.0645871797584302 0.0285250545170728 -0.0130958184513813 0.0145966838859149
0.0432491618727452 0.0331502036212248 -0.102027453067394 -0.0414956049855479
0.00825724174999821 -0.0210015693008921 0.106282220116722 0.0433775593032255
-0.0152687685639076 -0.019975683696111 0.033429956729119 -0.0184000592572987
-0.0250614862958935 -0.000320620953339256 -0.0590409580652362 -0.015573449830124
-0.0122501976794398 0.0116832357757331 -0.105494395464761 0.0284246591871427
-0.00515095480317163 0.00907691697109002 -0.0812253087493138 0.0967003278072231
-0.00614812954168077 0.00646152848142128 -0.0223575873855741 0.121968099471975
-0.008706155726215 0.00777669992117232 0.0275801743911611 0.107568176563094
-0.0130296098907946 0.00283408766143037 0.0621399879198846 0.0762032382273026
-0.0156429206010273 0.00507020998876329 0.0815214252485765 0.0489575794038695
-0.020448772995356 -0.00115021147144737 0.091639457231895 0.0378298365051599
-0.013707090994874 -0.0105893574592276 0.0845582737295824 0.0358134950970465
-0.00932163647974379 -0.00937063785193635 0.0853517141580313 0.0274260184426979
-0.00613128359235634 -0.0158129363280641 0.0942573392941775 0.0277450383964534
0.00867242315245512 -0.0260970493564552 0.115710727907126 0.0366287573332901
0.0221865414400333 -0.0193449961028554 0.155205661885301 0.023379944437685
0.0540202974748386 -0.00611767858095697 0.0958800032276653 0.0472869317598022
0.0355249549909271 -0.0117967748964933 0.0244881012959784 -0.017284822560203
0.015692036274759 -0.0107613389274652 -0.0637108216656863 -0.0145270133681828
0.0161955072624971 -0.0166026986767941 -0.106217740146851 0.0263992619956745
0.00810418396749866 -0.0272336839955387 -0.0832586822569209 0.0907528421907369
-0.00950733133954778 -0.0307101730383367 -0.0295781834746973 0.115680501888775
-0.0253124100408889 -0.0237320723735098 0.0184236163109526 0.102360410203314
-0.0330596741854335 -0.0270874709691435 0.0534717675805676 0.071543711108101
-0.0370829296857412 -0.0221838553941024 0.0729928547167447 0.0391822744129789
-0.0416814742749204 -0.0367494056694429 0.0875738329842948 0.0240516055918622
-0.0208179390335279 -0.0558936038808466 0.0890454814202215 0.0198976461805533
0.00158578220159486 -0.0586496346759126 0.0930857022663306 0.0175111444939481
0.0306753812967691 -0.0521163327287859 0.095499643734615 0.022201754097363
0.0628861948271441 -0.0390606114928892 0.102562877528887 0.0305060741087898
0.0800809760537564 -0.020796366464291 0.129304388478485 0.0197256879111938
0.0925355766422724 0.00918060741842282 0.0686290502587571 0.0402202805217975
0.0841502363161254 -0.00119652999443894 0.00591892219482257 -0.026659657034734
0.0589218399923523 -0.0211627210523889 -0.0743451612807913 -0.0202506504925509
0.0446998343819936 -0.046713109998626 -0.108367668943369 0.0217983618255733
0.0200976271771389 -0.0628943353126649 -0.0818095004229559 0.0791263074891978
-0.0128587946459081 -0.0646162358683345 -0.0361259211099366 0.098419369863334
-0.03872742663926 -0.0519509288670842 0.0039629190181636 0.0855550030549771
-0.0479149881699861 -0.0525270586093701 0.0364508756548593 0.0577488601471339
-0.0534495963831947 -0.0449360498935742 0.0542850096387351 0.0239080962332196
-0.0579067365687395 -0.0644269636057827 0.07312689400766 0.00433881966275119
-0.0290232977708605 -0.0913215988325431 0.0849350553320419 -0.00391684809586116
0.00471404940899928 -0.0993856520907135 0.0978860591188091 0.0021664508722992
0.057497426621848 -0.084783848496261 0.095721768770466 0.0165922370885448
0.105259990423133 -0.0513665577736813 0.0845613875889458 0.031802072721281
0.12421020713172 -0.0210953910250334 0.0877676411376194 0.0181173023841948
0.119072931746319 0.0221690427875893 0.0265018499770485 0.0253054826943959
0.124760930511972 0.00591405574382328 -0.0222749555449582 -0.0404737967548432
0.0979481049869903 -0.0341035909013515 -0.0874411580880257 -0.0289740084797135
0.0669962926950513 -0.0771725503824508 -0.107709047505771 0.0143116920420428
0.0266833570873302 -0.0935760087059125 -0.0772204738675791 0.0592013098696818
-0.0167140161828909 -0.0896532623426347 -0.0422038976979728 0.0709826437112827
-0.0473540928850398 -0.0720945698096562 -0.0140777940700296 0.0594329573799021
-0.0551562047999013 -0.070079832375011 0.0134051026489139 0.0369755289349272
-0.0595748396174307 -0.0621586322808486 0.0297717650034373 0.0031377018165409
-0.0627763798577266 -0.0840298620401893 0.0518634325999661 -0.018901180312758
-0.0294608918068052 -0.11357184715717 0.0739002306444057 -0.028894311755861
0.0111716916283383 -0.123783628357831 0.0981381473748075 -0.0138891868536777
0.0768491483221167 -0.102821285235085 0.0935985471617808 0.0137293780249362
0.132822148429365 -0.0527029873534786 0.0622281765702002 0.0374960625470752
0.148943712160746 -0.0147090342002892 0.0380037095856805 0.0176162250448323
0.127429785120128 0.0280192718981615 -0.0262473279391792 0.0076307054127231
0.144691511226063 0.00645767940924463 -0.0586382083699505 -0.0489109696136279
0.118253338638889 -0.0461449240322125 -0.0991231924916943 -0.0340875277056299
0.0744284291042756 -0.0980512172096134 -0.101872837868336 0.00412120489833026
0.0247357152174056 -0.11047591391298 -0.0716494639964526 0.0317190583453643
-0.0217236780758095 -0.100702800838316 -0.0506150164281646 0.036558397091345
-0.0511268944428558 -0.0798923662664769 -0.0336896395653595 0.0283207781681513
-0.0539886814639835 -0.0770189012456921 -0.00893719098506427 0.01090198196588
-0.0559447170427836 -0.0710689912604476 0.00519739075733423 -0.0220934676274398
-0.0544199847276033 -0.0933222710651026 0.0299267981104667 -0.0438280160549642
-0.0186099464943086 -0.120878218173979 0.0612066479543791 -0.0539459987975486
0.0230965958144527 -0.12764573196014 0.0948181000410302 -0.0267798006415838
0.0908152966356079 -0.0989077372841983 0.086323396083021 0.0124481075875372
0.14286042494022 -0.040495933674159 0.0375676094074227 0.0417110024367329
0.151110498626686 -0.00266177180356473 -0.0128324106408721 0.0122810749277907
0.11505765115519 0.0270867030022794 -0.0809279806880154 -0.00552583831295725
0.136597431797292 0.00489032897387377 -0.0950019087690638 -0.0471280895842623
0.113706220501189 -0.0490798953046074 -0.105848178444852 -0.0336767304575438
0.0657311144566119 -0.098721079550625 -0.0924406682213024 -0.00652545073081044
0.0168766997178719 -0.105314927650516 -0.0687761565763574 0.0021999326710254
-0.0233915773653532 -0.0929430422320383 -0.0619279250950933 0.00248591851626637
-0.0475226563542051 -0.0743617588785131 -0.0535306513551628 -0.00137341955442626
-0.0453995944257928 -0.072904401297043 -0.0298128769544181 -0.0160225397689129
-0.0435676264232421 -0.0700789990198074 -0.0147971907360728 -0.0478827965884051
-0.036155104298313 -0.0908567345919155 0.0134976586125431 -0.0682465561177789
-0.000804031593236227 -0.110184353170489 0.0537897066306983 -0.074087670045906
0.0398282635041497 -0.110119256700226 0.0921340454439255 -0.0349496632001259
0.097285806452019 -0.0735716593190519 0.0769694081488305 0.0121956270560647
0.13467985252681 -0.0152171408974108 0.0128710426208979 0.0397669647351195
0.131168438822486 0.0143282202878519 -0.0559688530107176 0.00102244114024179
0.0812018311159612 0.0242073342312239 -0.126092510210817 -0.0126233184414939
0.102564470079126 0.00678256687540672 -0.121701981665193 -0.0365612866001133
0.0864579984661945 -0.0381161615174708 -0.105644536831716 -0.0310297489643491
0.0466806847349567 -0.0745435269165825 -0.0826818606584642 -0.0161367046969443
0.00969378306029054 -0.0775014461946917 -0.0689971428194589 -0.0233055973300357
-0.0176312919482038 -0.0681615241081066 -0.0746407769706685 -0.0247723302073544
-0.0342754372200863 -0.0566696812083246 -0.0703028706174694 -0.0257155565798314
-0.0293214262791798 -0.0574615031560996 -0.0459821521582833 -0.0402529472175575
-0.0257497367297681 -0.0580455487857084 -0.027608939195874 -0.072426223795688
-0.0150780189279501 -0.0743297635742383 0.00745224331845727 -0.0913547373891575
0.0153760481624286 -0.0832608203229343 0.0548746339589084 -0.0902045052488221
0.0490236333953134 -0.0762054856858882 0.0914982942805041 -0.0389718258701941
0.0880575464052474 -0.0385047881320101 0.0675665764928532 0.0108032749030933
0.106302473175774 0.0105699895982638 -0.00538451359491119 0.029755510865446
0.0926378536322904 0.0272372594949503 -0.0862597873720524 -0.0162448821316865
0.0317867422026989 0.0226274311693894 -0.154364024449251 -0.0134311457171367
0.0514003206663439 0.014158369793344 -0.132186928246366 -0.0225452927354128
0.0464339033706068 -0.0133579804381278 -0.101795313314172 -0.0280209138086226
0.0243834552784263 -0.0328020155481482 -0.0777098779735514 -0.0208502912638933
0.00753832314568251 -0.0341420291086352 -0.0721907830683428 -0.0359858021104461
-0.00407501029178361 -0.032203522277388 -0.0837615114913861 -0.0378343127721276
-0.0120560724517966 -0.0312498592803971 -0.079684629607049 -0.0407829273086841
-0.00914810048178093 -0.0337640045926704 -0.0542059499653383 -0.0576400942302615
-0.00704495568029766 -0.0361563567593102 -0.0312921763257639 -0.0911857035816803
0.00124109104009812 -0.0446694370154849 0.0103715242351588 -0.107809402579763
0.0191669335863133 -0.0460210151620842 0.0619685117996911 -0.0989553488186793
0.0414448900860427 -0.0392245260707737 0.0938476649240913 -0.0401371039117112
0.0629238596416388 -0.00877078534230786 0.0623788819680217 0.00831556076789861
0.0631881988965023 0.0253886919654108 -0.0127132093479244 0.0153214097487943
0.0416133476873077 0.030772436275851 -0.0993298564280153 -0.0353981582749184
0.007800791354533 -0.0205995953070076 0.104141456470844 0.0405170757090603
-0.0152592385396909 -0.0204124510879434 0.0333183644520825 -0.0197867307499473
-0.0242014943699394 -9.17362146704443E-05 -0.0573184113118546 -0.014882279885033
-0.0116186392185782 0.0111191362944784 -0.102572807022395 0.0297278268369697
-0.00491644303517434 0.00861152524640145 -0.0782421394612839 0.0953201666796157
-0.00553877776682683 0.00546729605919449 -0.0200922389211355 0.118603471321074
-0.00826369126693438 0.00722201132933286 0.0292600059008918 0.103876668215216
-0.0126123932736613 0.00269044038529519 0.0613821847304219 0.0732184615180412
-0.0149128275709384 0.00470715239459426 0.080588267368171 0.0459749425070049
-0.0199751855578278 -0.00113629356041414 0.0913081730398799 0.035445186266427
-0.0134453743320915 -0.0104925115149969 0.0838994172597058 0.0345263578092803
-0.0089821219167422 -0.00969513542230343 0.0828669245378307 0.0261696684512516
-0.00622094025010365 -0.0154205020255104 0.0912681538365336 0.0270843054060102
0.00783681214864157 -0.0260186021625959 0.113453640013314 0.0349360297415014
0.0218508735962045 -0.0194634447924464 0.151838084093128 0.0205273101146581
0.0525080359572109 -0.00691642961142289 0.0934866769064844 0.0443648953666888
0.0343803340586028 -0.0129319521663702 0.0245853014210118 -0.0182696058490843
0.0152929100043937 -0.0106112397273618 -0.0617050214904237 -0.0138474362298004
0.0148268800680632 -0.016914694256061 -0.103876062108329 0.0274440050489601
0.00712154117236816 -0.0268866748440022 -0.08007687801328 0.0899335687806165
-0.00981755133687573 -0.0298843826059796 -0.0269719518244446 0.112820250507952
-0.0249509452081735 -0.0229321643825924 0.0199250147683971 0.0990052416304211
-0.0329528482663788 -0.0259602381185619 0.0536644353668157 0.068604203573807
-0.0367051602793845 -0.0217459719273228 0.0719028550510314 0.0367626808241435
-0.0414939671161546 -0.0351110470278119 0.0865803269767206 0.0217676983614203
-0.021550114185784 -0.0547796882382509 0.0878796497491044 0.0180383604187896
0.000795145045014141 -0.0577928475455667 0.0908223381281136 0.0163797368084244
0.029160533382296 -0.0516448021962195 0.0923605456225766 0.0215874137633958
0.0612233343954121 -0.039316452983056 0.100207790525796 0.0291732481307806
0.0782719620138492 -0.0214300690750274 0.126340297910024 0.0175955580405211
0.0902726653365733 0.00830500035902425 0.067139984214718 0.0378344752377224
0.0828732291373109 -0.00306958517252267 0.00635326181583009 -0.0271224643634032
0.0576196470086357 -0.0208525052048416 -0.0720934310925984 -0.0194045336232312
0.0425545258336402 -0.046613673735352 -0.105532366009107 0.0224333899044992
0.0182617544905886 -0.0621176255867776 -0.0788965662682004 0.0779641662039566
-0.0134264099985214 -0.0629864149181261 -0.0333363479790523 0.0957613549024164
-0.0388187253025685 -0.0499667054271569 0.00546654985998048 0.082927879520615
-0.0481182266953422 -0.0504664957258991 0.0362744439682724 0.0554472663114505
-0.0528959815013183 -0.0434765755503024 0.0533500066477882 0.0216686389368457
-0.0581445997718769 -0.061823199723794 0.071995810199737 0.00169676217813576
-0.0303110161310348 -0.0890362747598105 0.0834534313061246 -0.00505118609279874
0.0032301365819142 -0.0978654810833707 0.0960752870704979 0.00108007103768068
0.0548391455925531 -0.0843388028744979 0.0930186609336695 0.0167668316096767
0.102806488204087 -0.0518967108552062 0.0825664000223538 0.0301174034278364
0.121302292716587 -0.0222655247103362 0.0864166004466676 0.0172229028343004
0.115876632331074 0.0204687571059826 0.0259729398448473 0.0237411039957215
0.122095190218226 0.00347294536872368 -0.021107500629518 -0.0404029663661721
0.0947093880883093 -0.0338266137366341 -0.0852725065164784 -0.0273367057870588
0.0639558020402551 -0.0763177333805245 -0.104627500935598 0.0147927347463734
0.0234785261347191 -0.0919536273792234 -0.0743950109999763 0.0580543687111501
-0.0182876433532809 -0.0872835123175279 -0.0403460263565765 0.0688647677007035
-0.0474260275170099 -0.0690599229305009 -0.0124413798752729 0.0581086313605822
-0.0551950079798554 -0.0672774486772685 0.0139198185325283 0.0351202466847453
-0.0594648051553049 -0.0594322488648081 0.0290144298195925 0.00228820551120238
-0.0630224167979575 -0.0808301833543395 0.0505699086889538 -0.0200708976141522
-0.0314145463920341 -0.111398561451756 0.0721379866252347 -0.0300817177290953
0.00856550218979443 -0.121596343288553 0.0962696390322285 -0.0150617056906631
0.0741005985805858 -0.10192789414593 0.0908859371801129 0.0135331732772304
0.129597016000585 -0.0536041963164473 0.0608037653191228 0.0358227652024991
0.14558081511921 -0.0165579821082193 0.0374654581833411 0.016640638833704
0.124314982975864 0.0259912358468547 -0.0253567914437477 0.00694335988354507
0.141513604900589 0.00428629435962733 -0.0568935776447055 -0.0479990796729465
0.115299751250729 -0.0460169542968645 -0.0960385786704318 -0.03266053631672
0.0706623794376838 -0.0970467283081422 -0.0990583794187682 0.00476973148040395
0.0218723531929239 -0.108319031114641 -0.0692037124097287 0.0307707792924316
-0.0228966631016164 -0.0979619924940204 -0.0491277278743932 0.0354176711262901
-0.0512020771190732 -0.0769961261999084 -0.0323202016158917 0.0290433453055171
-0.0550590282860982 -0.0738500701778424 -0.00857707230767611 0.0105118645944413
-0.0556823112273674 -0.068249389421598 0.00407948484237169 -0.0215173255101067
-0.0550699660590664 -0.0907229058271921 0.0284977591249199 -0.0438898821499709
-0.0214401737760717 -0.117883142140314 0.058783899297263 -0.0538982985281494
0.0199350361113783 -0.12509219027473 0.0921568073910977 -0.0278023736047133
0.0870078830576338 -0.0986467723100299 0.0842758735689211 0.0118751437476348
0.139511648775585 -0.0422306732100331 0.0365947511945516 0.0404794277032546
0.146930464613864 -0.00513530038596963 -0.0114082878048945 0.01294622071019
0.111647353858671 0.0253367372219032 -0.0783823667177206 -0.0045369151826841
0.133767034941736 0.00264520971275565 -0.0921964941294746 -0.045861467944743
0.110284444311691 -0.0489537977359013 -0.102512065418026 -0.0321336441503873
0.0624171271576587 -0.0972877348548524 -0.0900292145668832 -0.0057073759286466
0.0139970445454564 -0.103405469984249 -0.0663598922048446 0.000989448217253331
-0.0242994852441528 -0.0893456921087457 -0.0615433311006842 0.00242762236133783
-0.0475140125525356 -0.0710852256246919 -0.052557997744366 0.000391675970090603
-0.0460160258968337 -0.069781410232934 -0.0284627962566222 -0.0158463056237907
-0.043965574416747 -0.0674286414383027 -0.0155665413188395 -0.0469190625992788
-0.0373560627597602 -0.0881969504684409 0.0124914889410116 -0.0680765485846145
-0.00350789756418337 -0.107350974495516 0.0516584562818953 -0.0737665560432924
0.0370401647751633 -0.10762272548968 0.0898247382696743 -0.0359950393970606
0.0929903147848281 -0.0737700189957813 0.0746429479733991 0.0113712404372845
0.131330596890732 -0.0174506960593675 0.0130225891946306 0.0386122475986711
0.126861326204953 0.0120397617914619 -0.0539086519910422 0.00254783663658322
0.0787378333121631 0.0227850469662728 -0.123862999299107 -0.0113820057630446
0.0999458398128175 0.00482567056431146 -0.118076508279634 -0.035329653384636
0.0838974749324548 -0.0377981319231381 -0.102702482785629 -0.0294098402413681
0.0443297255795505 -0.0735078550767101 -0.0805811382343745 -0.0151913908224467
0.00773240890161592 -0.0759713171275391 -0.0674255649235171 -0.02320297434234
-0.0187062969874534 -0.0655508924462743 -0.0735611358930749 -0.0233271917745141
-0.0335894648872146 -0.0542581186227408 -0.0694585773548026 -0.0235639869492835
-0.0301801723435048 -0.0550815803950361 -0.0448806616364378 -0.038956286602857
-0.026513183979278 -0.0561854335276313 -0.0280099064436424 -0.0700874237907419
-0.0161865410253116 -0.0717910956052916 0.005959875786201 -0.0894446636285003
0.0125291825415981 -0.0810713931099353 0.052351452823732 -0.0892719938810039
0.0459574023723859 -0.0748053917289522 0.0893801016305306 -0.0395767761987823
0.0849360083630412 -0.0388031029035493 0.0658032578349548 0.00990034331178954
0.104302596969341 0.00802654739987087 -0.0048514364799077 0.029654496599067
0.0901641842935956 0.0254750814523868 -0.0836578361042288 -0.0139658222174619
0.0307155700400848 0.0217746440024073 -0.151057679110154 -0.0116193344365146
0.0503271247152853 0.0133001127390568 -0.128207562497493 -0.0212819172207431
0.0450186595554162 -0.0134194549891188 -0.0992280466647475 -0.026781296427896
0.0230934254172189 -0.0320790609161453 -0.0760682126431853 -0.0200912010063453
0.00619071776725582 -0.0330108640182634 -0.07147929738621 -0.0354176354943139
-0.00439290914943117 -0.0311121483702668 -0.083348728068299 -0.035940485377164
-0.0123405382237606 -0.0302104498824647 -0.0787958115896542 -0.0373462806770513
-0.00974430058988516 -0.0323322079039627 -0.0531128073682323 -0.0551027288461759
-0.0073464293751319 -0.0346666248587604 -0.0325081522944403 -0.0881873106693967
0.000345137647101456 -0.043149106539144 0.00809042956781262 -0.105169458786786
0.0176136036213322 -0.0443468307413837 0.0586246529727862 -0.0980437183418554
0.0397432316093172 -0.0379550020947708 0.0913571963023331 -0.0411153777523537
0.0604669586876001 -0.00898955903114012 0.0609543772580421 0.00719845351243464
0.0617458077205444 0.0233691650573896 -0.012271312162102 0.0158997401621955
0.0407096511926555 0.029347711035822 -0.0961905528568759 -0.0322141310635304
0.00805280686488193 -0.0205186358951571 0.10310654204306 0.038093643703225
-0.0156055597327581 -0.0206567887659247 0.0333089151799082 -0.0209206493041092
-0.0239560596863366 -0.000438618006066598 -0.0560060939650503 -0.0149448365187359
-0.0113284910921602 0.0109737488733184 -0.100846646066691 0.0304451184911094
-0.0050864117440158 0.00800170509938777 -0.0764272006547203 0.0948287041936469
-0.00541136056016184 0.00522351269848449 -0.0183170946954055 0.116888704324684
-0.00814078326341733 0.00672389444933648 0.0301383754886531 0.101190030091518
-0.012463123143068 0.0021096916443757 0.0619991672808536 0.0713111466589434
-0.0148136422926733 0.00457609834760374 0.0807123621708963 0.043858048902414
-0.0197843492728699 -0.000880412541556584 0.0909010152094899 0.0329897007210538
-0.0135083513302388 -0.0101518571147084 0.0839723879512016 0.0335106669501496
-0.00891961428502958 -0.00999943170441764 0.0815082568427443 0.0256795973991352
-0.00593442135965467 -0.015215951608558 0.0896429482595506 0.0271977570959334
0.00749098904560002 -0.025741124073354 0.11190904266485 0.0344611641430935
0.0212760473432818 -0.0200742081847714 0.150058426111781 0.0184271657763301
0.052012729320581 -0.0072395209529425 0.0926556766447874 0.0419721488198128
0.0337203833949751 -0.0136151317737676 0.0248372518574759 -0.0195928286267909
0.014695321988765 -0.0108518443554859 -0.0601655358104831 -0.0133574807455901
0.0142996807996288 -0.0167885903085433 -0.101871816989504 0.0278759419137511
0.00612697209947068 -0.02739364404981 -0.0776021635612549 0.0894448109772479
-0.0103034359067169 -0.0299885311974548 -0.0246708744958448 0.111025846762865
-0.0248475598929063 -0.0222273861398626 0.0214118956333276 0.0971480102522974
-0.0329743955145017 -0.0255206664454866 0.0538024725213267 0.0667526574008554
-0.0367913208177961 -0.0211785511116727 0.0719361044511031 0.0350398509004619
-0.0413966759595542 -0.034179083147145 0.0867367066936129 0.019329348903096
-0.0225018918582981 -0.0544068022339493 0.0874197916152044 0.0168640130754694
0.000140262305612695 -0.0572302485863702 0.0894689627198619 0.0156320976290827
0.0288309510485172 -0.051290958428374 0.0904786816438038 0.0220452480073326
0.060290134485898 -0.0400426274373861 0.0988475486377167 0.0280312115595147
0.077131975807267 -0.022450377195852 0.125019682729536 0.0152957912276129
0.0891365596690191 0.00745663256017162 0.0660918680727959 0.0358634844740553
0.0815134422037766 -0.00436071000521252 0.0066360815290469 -0.0283989249109948
0.0565368857693024 -0.0209551117393266 -0.0703607248853481 -0.018541627790814
0.0414526476960297 -0.0462845527945859 -0.103632651018548 0.0231782043597534
0.0166484457908198 -0.0620553539577548 -0.0763835398557322 0.0772249676238163
-0.0142379793802263 -0.0619690069943423 -0.0313922013304205 0.0941050118427893
-0.0392180581640276 -0.0484061426550582 0.00666080813539245 0.0813620429294792
-0.049193800111804 -0.0489124269174372 0.0364194205567875 0.0539635639554018
-0.0533869462915849 -0.0421933824712816 0.0531032680463055 0.0207872475198419
-0.0587736607653145 -0.0600166849465767 0.0717324742982038 0.000284844508539802
-0.0319473578231352 -0.0877738589013801 0.0827299277206416 -0.00594054088676
0.00225828499787067 -0.096380032220393 0.0945279453730939 -0.00019589191664305
0.0529810804491323 -0.0842575376440269 0.0912158262827417 0.0168951153153164
0.100800751789398 -0.052912928703318 0.081073481799754 0.0293731812553083
0.119034490251239 -0.0231421699884797 0.0857322237769909 0.0156067756748867
0.11440175693056 0.0197134204516557 0.0252810329071427 0.0225343271702171
0.12067161547072 0.0019297151378727 -0.020638781059211 -0.0413619020371781
0.0934354802773423 -0.033689654063452 -0.0828641307083497 -0.0266863116181793
0.0617487001870341 -0.0757564234207199 -0.103044707362839 0.0151175366668518
0.0217522147922922 -0.0916921446267051 -0.0727887680101571 0.0572743503040105
-0.0191226431317104 -0.0861231715768838 -0.0390586409739482 0.0678797629008907
-0.0479826182936857 -0.0673729674954663 -0.0121025292894552 0.0585743646602116
-0.0561514525683938 -0.0653226321122202 0.0146041599332323 0.0345881936468056
-0.0597426230227847 -0.0582804394742904 0.0280373518630279 0.00132229101114622
-0.0632447589838769 -0.0786601567661805 0.0501883905723383 -0.0212693018484597
-0.0332833299672434 -0.109748517810536 0.0715965488992495 -0.0311846339335903
0.00663517119641182 -0.120539187842832 0.0944210462820243 -0.0159044959838781
0.0713206012032573 -0.101673911540941 0.0887065752803052 0.0138160558339571
0.127583771743037 -0.0551048739376679 0.0597874388564009 0.0348967104255963
0.142423849911701 -0.0181442564062414 0.0378496369268314 0.0165775752927947
0.122512229159917 0.0250901191849937 -0.0252117344245998 0.00715365065088414
0.139944211896818 0.00255397863353053 -0.0555938648338475 -0.0485514366986465
0.112983196200104 -0.0458577871593555 -0.0942385173095586 -0.0316771284535095
0.0684074535980158 -0.0964697187737559 -0.0976526759352363 0.00505085232597448
0.0195646246702786 -0.107765188740353 -0.0674843554329265 0.0300000028097457
-0.0239439735745862 -0.0960887739117018 -0.0484982549521126 0.0350715192462227
-0.0518029167195229 -0.0746085749104632 -0.0319634654294567 0.0292307329244465
-0.0556620978834222 -0.0717265136633547 -0.00764897270688802 0.0100711337694317
-0.0564580211479658 -0.0669743665209797 0.00406298240506527 -0.0213845851899913
-0.0560446546687033 -0.0882716401975847 0.0278979810862772 -0.0447148947460162
-0.0236629170622351 -0.116216963195241 0.0576823366283768 -0.0544828286963772
0.0176205678593951 -0.123941677193579 0.0915887634851527 -0.0292753273360121
0.0841467698303376 -0.0984405257285731 0.0821607187831818 0.0112389088603873
0.137497474511054 -0.0437480674829988 0.0362346347384655 0.0395690703539753
0.144524587639163 -0.00696801838006899 -0.0103167972713861 0.0133803635663561
0.109945805816004 0.0241528816779388 -0.0775239011358968 -0.00488935387093743
0.132069512701807 0.000953166752285255 -0.0904805964143034 -0.0458770884619606
0.108558820515919 -0.0494016554904516 -0.100927830801155 -0.0315146480051178
0.0600148179943198 -0.096583679472005 -0.0879389528396883 -0.00560121562152594
0.0120427879882343 -0.102303177221154 -0.0650901852381974 0.000539431818670294
-0.025728412044317 -0.0880314283084367 -0.0608722556445665 0.0021036769051918
-0.0482360120012976 -0.0690274560148533 -0.0515564348497097 0.00108735679742163
-0.0472207345277755 -0.0679477173651804 -0.0286898449164482 -0.0155490741737672
-0.0446618052382699 -0.065403915954117 -0.0164082117280747 -0.0459831490397369
-0.0388681722693797 -0.0858705064434792 0.0111860680765061 -0.0676215178833407
-0.00559016432011024 -0.10559090564683 0.0502599020499624 -0.073902980115867
0.0338747125882056 -0.106384100168463 0.0883577290250721 -0.0372113489744394
0.0909539311896951 -0.0746753796433133 0.0727501585991368 0.0113103659069391
0.129330481170485 -0.018883051705121 0.0128991359444436 0.0389507477565915
0.124884674378426 0.0102402225223705 -0.0520633258167017 0.00345431844101712
0.0775240088089186 0.0220472438372096 -0.121683509412655 -0.00993889533463307
0.0986500371511267 0.00324630840208359 -0.116142552216662 -0.0344679317421333
0.0824216520805392 -0.038156848915514 -0.100783795630445 -0.0286317428083753
0.0426682515445792 -0.0726817991181709 -0.0787614243117348 -0.0147415032028907
0.00607515491022176 -0.0745310064379269 -0.0666694770014955 -0.0236973382740271
-0.018867165012274 -0.063789188424262 -0.0741941110891146 -0.0224862898941598
-0.0347314240037256 -0.0527334160190845 -0.0689622320438546 -0.0211807586892271
-0.0313493529885988 -0.0536378263937746 -0.0444842377237658 -0.0383203948794172
-0.0270518026875815 -0.0545169818654848 -0.0289878109992154 -0.0688370765253786
-0.0174309466292615 -0.0710847394482349 0.00396298042821201 -0.0881681640227799
0.0106142579625968 -0.0798739703889501 0.0498721554923796 -0.0886146480618965
0.0442434397052189 -0.0739759999051701 0.0881544863348068 -0.0410355722529464
0.0828912504069793 -0.0399670739961761 0.0644289882257382 0.00965732284178117
0.102753274642727 0.00682286255789687 -0.00461594935952884 0.0287018082748121
0.0877693009553988 0.0240986483218386 -0.0813150048867385 -0.0119122274240761
0.0299437850319575 0.0210338692661738 -0.149101598646375 -0.00986198966881143
0.0493528397184021 0.012704605120344 -0.125730100364882 -0.0205846941850822
0.0440317187468944 -0.0135008376709571 -0.0977507235581667 -0.0257012786517541
0.0224435799519724 -0.0323649802241127 -0.0741900156421507 -0.0198252867419193
0.00570234077647881 -0.03281725496147 -0.0708029147796697 -0.0345512996126824
-0.00446440321234696 -0.0304515963087372 -0.0831500704947951 -0.0346357063190782
-0.0126779474560172 -0.0291908819258303 -0.0778279241022804 -0.0357683175049407
-0.00988967985220514 -0.0321385812498002 -0.05375553159508 -0.0539859504339349
-0.00796076109743118 -0.0340831231723651 -0.0331419740161617 -0.0861190530290344
-0.000824827682908937 -0.0430026766341041 0.00657508930653781 -0.103543162562401
0.016338786971862 -0.0436611154306341 0.0561920941729605 -0.0972991004221752
0.0382794316277236 -0.0377270687306071 0.0898672651502266 -0.0421288284492166
0.0593620137216169 -0.00992170871316762 0.0599854033838708 0.00642615268046652
0.060500434747182 0.0223918966257522 -0.0114923643886055 0.0163470365202968
0.0396284087188382 0.0293268028948132 -0.09408406483759 -0.0301271389077442
0.0107090749559365 -0.0168888348817647 0.0934319811969857 0.0563265401854749
-0.0110709269433533 -0.0224098447587719 0.0377936922343095 -0.0161127894230541
-0.021979753815287 -0.00545217703953843 -0.0502029325956474 -0.0262843787444411
-0.0121033726196738 0.00664147895851957 -0.103730241340129 0.00931802680192189
-0.00587813493859692 0.00479697048544007 -0.0923286417100231 0.077449722157443
-0.00590262738436001 0.00202123656209431 -0.0406247358313946 0.109666382553337
-0.00862240824789065 0.00439141505685513 0.0100021947564222 0.104762348268764
-0.0129591464435155 -0.000970282139413843 0.0455018357533897 0.0811511215520443
-0.0148466049777299 0.000632648166180226 0.0696274975827214 0.0582790004111128
-0.0188432320400495 -0.00539214197086723 0.0808650919904043 0.0501941497533689
-0.0109506302920973 -0.0134147947165685 0.074452650671781 0.0501540743423719
-0.00560120589937716 -0.0127312088535832 0.0731905760611617 0.0425690772744141
-0.00143550587910545 -0.0166060424137129 0.0815003853586256 0.0456217884156331
0.013471380140432 -0.0238980068806593 0.103338572419337 0.0575348926255286
0.0246135918805452 -0.0152267923649444 0.145881161802653 0.0509736669534739
0.0494355610889065 0.00443192109447914 0.0826946897702194 0.0584518406862791
0.0339876202093551 -0.00707269639212608 0.0286125335263682 -0.0144467062549769
0.0168402908757026 -0.00768055404515655 -0.0542446195058421 -0.0249052831432305
0.0173579245552683 -0.0139422491431484 -0.103305880371635 0.0076681149332357
0.0114309156807994 -0.0263899771217037 -0.0932903281578495 0.0722168785745516
-0.00391653923473432 -0.0317845622004242 -0.04548962705386 0.102599045754697
-0.01944623709152 -0.026831494325446 0.00167694337555904 0.0984051195309563
-0.0279613197203727 -0.0317319752817762 0.038566556953536 0.0751201053814295
-0.0312790980114825 -0.02843289828484 0.0625946427117431 0.0482890957678159
-0.0334428703203523 -0.0413513923680745 0.0788937807268584 0.0354480596938019
-0.0107593874184948 -0.057712297676607 0.0815400281372981 0.0332311243797134
0.0129682202466704 -0.0560663104690108 0.0832376596588063 0.0327433239238171
0.0405640725933637 -0.0440606464063723 0.083926812630461 0.0398756837533381
0.0678568844965553 -0.0266830605644098 0.0922435088005407 0.0494631431029785
0.0793387120100625 -0.00556305725838862 0.122045391001243 0.0428654193632351
0.0823379621543648 0.0252780741366216 0.0587573746818382 0.047485462949538
0.0786980343367457 0.010637179164614 0.0124406738515899 -0.0247230315851752
0.0592253594117596 -0.00939235849718499 -0.0632394531155088 -0.0306550625307052
0.0480688836458653 -0.0368794425088596 -0.103191682544851 0.00289296599367002
0.0277278172454534 -0.0574918381472131 -0.0889564402348958 0.0605553591173895
-0.00164267302142941 -0.0632502517642828 -0.0476983515829314 0.0859357656122204
-0.0277426936497551 -0.0543798591207482 -0.0097192597748703 0.0806575689813078
-0.0388621381185604 -0.0579041770680586 0.0249004030741889 0.05952918198884
-0.042649337097196 -0.0524700172591127 0.0470317062352807 0.0295972408178342
-0.0445434317792495 -0.0696154750354273 0.0688077271317822 0.0127325057421628
-0.0131662972106624 -0.0925995460710636 0.0810400020526788 0.00759727255225259
0.0227512755957731 -0.0928766035000411 0.0919932422987929 0.0170537950382051
0.0717967045899931 -0.0704267527963704 0.0869837182210994 0.0336686303032421
0.110766250980843 -0.030326291238863 0.07521886535905 0.0472476367040879
0.120640606009282 0.00284566773896909 0.0832600807999944 0.0343869178005688
0.103475007238462 0.0416524730424623 0.0217201350600451 0.0271120456179533
0.115477566415014 0.0232764437993998 -0.0118544503137245 -0.0407241328739509
0.0972286940296686 -0.0151422187749613 -0.0733254893001329 -0.0396182525236342
0.0728467089291339 -0.0606562733622784 -0.101044272552403 -0.00454454399671245
0.0387985518910714 -0.0846631021252122 -0.081106857068234 0.0422179182433061
-0.00157357096638021 -0.0872650158446204 -0.0494331417543108 0.0582109722221291
-0.0331792004829684 -0.073751576570785 -0.0229954097362431 0.0536116447366531
-0.0424603122002826 -0.0757154380852896 0.00740868643560533 0.0355499083588908
-0.0454705803959754 -0.0693860205097933 0.0268113094125861 0.00625998514980878
-0.045686097797778 -0.088538730781422 0.0522982642932937 -0.0128421213638505
-0.00970101475151504 -0.113453094420838 0.0747288203085018 -0.019372659048397
0.0315969727229032 -0.11410008293499 0.0958506916644449 0.000646220362075936
0.0935199294696856 -0.0832936687885694 0.08523682207068 0.0289201298926509
0.13690166337919 -0.0267814771086613 0.0533339960127441 0.04869320111372
0.142157206581542 0.0127050899889505 0.0353788209803353 0.0247191889682722
0.110858783881358 0.0487121626822612 -0.0242090091326525 0.00195092167446539
0.133988466371556 0.0271948428787661 -0.0452660316938408 -0.0539744014783537
0.118295586474376 -0.0227781477818269 -0.0826110113653468 -0.0460632303831736
0.0832568457232905 -0.0789346808763237 -0.0927603962482334 -0.0130431942163313
0.0392962414239579 -0.0995361875984436 -0.071297016231323 0.0164108667598316
-0.00391698166268691 -0.09695922535728 -0.0522958695187188 0.0242475187163093
-0.0355150169214683 -0.0814170691055688 -0.0367507763140724 0.0212858274733126
-0.0406620225029331 -0.0813047155585638 -0.00955101935128153 0.0075773850147866
-0.0408864002159945 -0.0760523690737523 0.00849739298567736 -0.0208829504692433
-0.0364246230859704 -0.0961776529453596 0.0360827419506943 -0.0395406814830125
0.000362243650122851 -0.11731190823226 0.0662194892773702 -0.0459157957253905
0.0428332920134551 -0.114957408960713 0.096022353371879 -0.0132672639101685
0.104890773608023 -0.0777693788822603 0.0797520451932019 0.0257606985611511
0.143607429640485 -0.0134449480379786 0.0294744101060894 0.0480430268793851
0.140969438655414 0.0240919045608321 -0.0116877994864919 0.0108346909569899
0.100037737060907 0.0444255612967062 -0.0735151069878724 -0.0194083618753019
0.12705965221934 0.0244061678686984 -0.0791931135527541 -0.0578987291394846
0.114428810381649 -0.0266734581357107 -0.0890419086937546 -0.0469673854042126
0.0753125807413058 -0.0803165337437281 -0.0819807529443249 -0.0218826490595529
0.0314911688801845 -0.0956057017898757 -0.0630399960389918 -0.0113538254649076
-0.00647070321507353 -0.0892658963976637 -0.0587177744679893 -0.00915940189356491
-0.0326940091246899 -0.0749416187509664 -0.0506371071934867 -0.00974983062311074
-0.0333261741124141 -0.0757760227051842 -0.0244936145171061 -0.0210840390814066
-0.0296376135725019 -0.0722955477509074 -0.0065401811674592 -0.0484386606728882
-0.0202423882572099 -0.0899778243716315 0.0250675167644545 -0.0645243440839457
0.0154154191369454 -0.103567317561041 0.0635706886075469 -0.0654537467494588
0.0549170729931305 -0.0944385970314237 0.0952378249366388 -0.0209501546726862
0.104667392465636 -0.052199312189605 0.0708397424247293 0.0238412493080869
0.129804105441317 0.0093194621404507 0.00647178013621566 0.0427196448466883
0.118384005375008 0.0366606781557103 -0.0515746915889028 -0.00769686566924294
0.0696020030414605 0.0352800632735479 -0.1158699507334 -0.0322780915198913
0.0946043822344377 0.0200501425436198 -0.106213891128509 -0.0525626100418002
0.0871681841533754 -0.021059157461985 -0.0901490490734389 -0.0456310898137654
0.0542898138716548 -0.0610053673557914 -0.0715087822216311 -0.0291714894300279
0.0212280030411785 -0.0702431458787471 -0.0594851141353505 -0.0354228039205735
-0.00537764668971826 -0.0648481844214706 -0.0670208102621316 -0.0362450232901754
-0.0229374263424026 -0.0562511230244854 -0.0631339866164763 -0.0351965368330701
-0.02032543172498 -0.0587560794572648 -0.035354119432929 -0.0457744886916017
-0.0148872781782189 -0.0579212786567915 -0.0138418534523741 -0.0727224593664056
-0.00297972987449009 -0.0706842780657185 0.0225389903890054 -0.0854711376689498
0.0256482723273983 -0.0745056092330353 0.0665604836018927 -0.0783451903445064
0.0571526277367415 -0.0614570257715123 0.095888806165143 -0.0243404811804715
0.0895498777653069 -0.0200454507576017 0.0632307793183099 0.0215652274161753
0.0978946027509223 0.0286199061428127 -0.00959233771056448 0.0300113675707429
0.0792683007146588 0.0427634433999785 -0.0777096162512609 -0.0291994724861362
0.0251836872905428 0.0246031161179427 -0.142948936762343 -0.037565950669767
0.0454416900791155 0.0195984134598696 -0.117826883772395 -0.0429545887315997
0.0457752015790034 -0.00500759947463499 -0.0880469819291106 -0.0439477001489142
0.0279392248929482 -0.0264324585697442 -0.0667066985393444 -0.0337827997673446
0.0124986501606328 -0.0299508069292349 -0.0626069586302959 -0.0483140596353428
0.0024392168889485 -0.0296117550941577 -0.0751882144713074 -0.0498137434230228
-0.00667414107909336 -0.0294816596217599 -0.0696014080579408 -0.0506330833582192
-0.00410388200545989 -0.0328013655240119 -0.0407081204889381 -0.0630826555389093
-0.000417722422308382 -0.0341498616567127 -0.0146372142669623 -0.0901624818670916
0.00760751265996858 -0.0407585691657654 0.0277206194510602 -0.0985625923232749
0.024297364451576 -0.0385769339773265 0.0740933210984195 -0.0837163820230616
0.0439107945262025 -0.0281468378254757 0.0978973937408923 -0.0237172937307598
0.0595145497784397 0.00359200943358693 0.058611524840781 0.0184150598133323
0.0536456481645454 0.035041974892057 -0.0149023026505473 0.0151539169273931
0.0309791825196708 0.037256269572982 -0.0865700918978574 -0.0496398306226711
0.0104693242340712 -0.0166700825567721 0.0927946760186697 0.0533675076950266
-0.0116924159004735 -0.0225659999537875 0.0372544339183709 -0.0171256849965813
-0.0217132953892521 -0.00536310567155984 -0.0491187000888304 -0.0258433906291231
-0.0117199234705106 0.0064769805313993 -0.101540422482315 0.0103590966044272
-0.00581590105364194 0.00481188601677287 -0.0904286961039232 0.0778853235226946
-0.00640939471337872 0.00180440165323482 -0.0379812989969222 0.107537743563539
-0.00824157138375799 0.00397568226027435 0.0117398793333637 0.101907568806852
-0.0129423813485457 -0.00113343609751129 0.0461236514204453 0.0786122727861055
-0.0143951076429269 0.000276011558717341 0.0695305534972593 0.0557603901746848
-0.0180975080544729 -0.00484936638999158 0.0815266820759677 0.0480560741386449
-0.0110450808324519 -0.0130243621941805 0.0746890001041394 0.0489479079165869
-0.0056700967963324 -0.0124803873209333 0.0717148497480481 0.0422582050413981
-0.00137525735096624 -0.0165709142882338 0.0800798539291306 0.0450150297087902
0.0126622410235989 -0.024749961661237 0.10215192956484 0.0560101156860282
0.0242596368144794 -0.0151724386824376 0.143971148974486 0.0478806064645809
0.0485554631559015 0.00350206358114044 0.082119825654682 0.0561298887053265
0.0329081347468456 -0.00752009201544825 0.0284631612271335 -0.0163494540018667
0.0164277081496384 -0.0079938508334123 -0.0533926967611215 -0.0247958545663883
0.0166321038092598 -0.0143070482132839 -0.101120842485852 0.00824614864371794
0.0104484464210954 -0.0261340932061226 -0.0903942580123007 0.0721274242558124
-0.00468305072862461 -0.0317845409686334 -0.0428146502805455 0.101188738491
-0.0196392704440153 -0.0264330005239447 0.00340391591256499 0.0955674959230236
-0.028620882582159 -0.0307779214651427 0.0394996718178298 0.0732393811207036
-0.0313322173719103 -0.0285210219687016 0.0621980282419156 0.0458924079945048
-0.032997307029617 -0.039893638585982 0.0787622083329547 0.0325925197846805
-0.0121635360676903 -0.0569343190207346 0.0807530436412559 0.0313485438644204
0.0117326625089857 -0.0559626547800958 0.082289850646529 0.0316732804858901
0.0394934588949356 -0.044171418965441 0.0827142653303436 0.0390451091691572
0.0668406516672892 -0.0272669618618622 0.0908320332265766 0.0478608702457432
0.0778403601134687 -0.00660477803530859 0.120603904732458 0.0401727233457735
0.0809814470944335 0.0246721039766159 0.0579679602458357 0.0452856618869214
0.0776142724366902 0.0090316240973473 0.0126473546522408 -0.026013873552164
0.0574509329119834 -0.0101205110039684 -0.0611792746097192 -0.0297016196727762
0.0465301735903491 -0.036740058474471 -0.101441963745905 0.0033742910079761
0.0264811476942669 -0.0571102835962866 -0.0862780413988626 0.060408494128141
-0.00312071839987378 -0.0625436993775202 -0.0461048930986628 0.0840573691796129
-0.0286506330777438 -0.0524842708474503 -0.0078768803490315 0.0790937788157032
-0.0394382595620806 -0.0561081678567857 0.0249381772894786 0.0579313600274968
-0.0428931932942484 -0.0513126885320835 0.0467698902716458 0.0281061246604082
-0.0449104243028841 -0.0675940016236695 0.0683208726482664 0.0104862315409
-0.014817557569112 -0.0911626453576163 0.0803065351969126 0.00684502196827245
0.0207518382700846 -0.0923179958914645 0.0906047984186041 0.0154705033266755
0.0696347838420749 -0.0713226617533545 0.0850091014452025 0.0328707559074366
0.108927818661665 -0.0312431170698251 0.0740983099774084 0.0457507017985915
0.117973002823849 0.000783371712389075 0.0825755074001622 0.0324894251993616
0.102662760057723 0.0403324528742461 0.0212998264441866 0.025372492818598
0.11449376117684 0.0210606301325914 -0.011394704890595 -0.0413693051049337
0.0955010678451036 -0.0157315388917659 -0.071039698104809 -0.0392185288730484
0.0701777627637973 -0.0606130905593293 -0.0984842614517462 -0.00421491261217378
0.0358074378779175 -0.0841099502814722 -0.0789096254055408 0.0413111205665634
-0.00310090949908517 -0.0858100468301335 -0.0484451686355278 0.0573759756572946
-0.0341627863890631 -0.0717327049776102 -0.0216441574213036 0.0527492184319096
-0.0442937988505165 -0.0731342609750694 0.00800904556312356 0.0347482700420576
-0.0464808873744261 -0.066982976893937 0.0264984789594822 0.00528939885447825
-0.0463097957183577 -0.086228828556262 0.0516360597717872 -0.0143739469175409
-0.0125330704741 -0.112050479497909 0.0737712559940357 -0.0204429849748089
0.0294053260046607 -0.113283319198049 0.0946828958009333 -0.000854574950112964
0.0907192593454219 -0.0839990845663823 0.083654169261736 0.0283462845238154
0.134802847086611 -0.0287785338812016 0.0525967245252299 0.047179204522253
0.139033819009551 0.0107189696536553 0.0358873316405465 0.0236934461094769
0.109046567701848 0.0467509754702065 -0.0241074947000742 0.00154432717669956
0.132151803180772 0.0248379702804925 -0.0438723446568043 -0.0541048878682855
0.116179407708753 -0.0232544872019823 -0.0805773145812163 -0.0450691999534983
0.0804273303183488 -0.0785477701232133 -0.0905298908368291 -0.0124272583034874
0.0368191393844957 -0.0987684477087874 -0.069574273101661 0.0160020557354414
-0.00566567878561727 -0.0951269012667385 -0.0517521705257286 0.0240638561472627
-0.0361642297210387 -0.0791534359273953 -0.0358725697129029 0.0222047074372834
-0.042227450537141 -0.0788329469902833 -0.00907320178866508 0.00705861498283117
-0.0417101406749419 -0.0740768183699855 0.008407773793736 -0.0211375780408159
-0.0380272603804067 -0.0935082931350559 0.0345964533017321 -0.0401793198291184
-0.00258013205345797 -0.116104498328372 0.0648615844527803 -0.0465516327806781
0.0391574510005333 -0.114168574827347 0.0938509176032338 -0.0147360394862486
0.101784219047365 -0.0784835012722712 0.0781005396351184 0.0250795934887734
0.141602614899641 -0.0159173993539854 0.0290672178322086 0.0467311769515452
0.137985733247357 0.0223058814968694 -0.0103926031437719 0.0108367620906162
0.0981026611562428 0.042772858772343 -0.0724441466433115 -0.0183407004713262
0.125402185878158 0.0217936380903662 -0.0778851049450378 -0.0573615288997392
0.11240755918666 -0.0278250233105347 -0.0868892974078041 -0.0456417424275982
0.0727977805205761 -0.0799852609596628 -0.080135863564496 -0.0211360294121317
0.0294355721395369 -0.0943439626750291 -0.0622316761728257 -0.0116864123008635
-0.00844173263039374 -0.0878522347222991 -0.0587490837091798 -0.00886556091845548
-0.0333605564334214 -0.0725223090136244 -0.0501500482435682 -0.00820129260731825
-0.0343185666421446 -0.0729029886098406 -0.0238674252476544 -0.0210013244955351
-0.0303876283453371 -0.0703793863480493 -0.00701286081892756 -0.0480218512510847
-0.0216848329733599 -0.0881447789738564 0.0233354711237342 -0.0645726833815857
0.0131354758665887 -0.101747737023343 0.0612786540282889 -0.0661780140394374
0.0516840378763042 -0.0935234199977821 0.0936679093643562 -0.0229697640121792
0.101970116076102 -0.0528753459211403 0.0692423802392958 0.0231630663460777
0.128117627374274 0.00701137150269223 0.00652970937672057 0.0418885408582848
0.115499117622161 0.0351449195081534 -0.0493748778974258 -0.00656690589622804
0.0684309040340818 0.03401132325193 -0.114089654675174 -0.031133987378652
0.0934027774551365 0.0186399878282939 -0.104108249019978 -0.0515486933480806
0.0851019918467372 -0.0216121276981189 -0.0881340789631722 -0.0436727694047451
0.0524957833177507 -0.0609058311428359 -0.0695241022955172 -0.0292158362949625
0.0191446135030231 -0.068754106935554 -0.059351778588283 -0.034967601525853
-0.00582080764532406 -0.0635495143495399 -0.0676591484651379 -0.0355839789798815
-0.0236177338452165 -0.0549288713401629 -0.0623269694835179 -0.0326556461949059
-0.0211676251532114 -0.0564203418318107 -0.0353042856052927 -0.0450256164164705
-0.0156937509441367 -0.0561790178138355 -0.0144384791107834 -0.0717673072785425
-0.004482137203717 -0.0693056708576037 0.0208249387349089 -0.0843664831871322
0.0239285314460158 -0.0735703720502416 0.064140490503856 -0.078702802871106
0.0544330225267034 -0.060775289429051 0.0937340454255574 -0.0255085549559475
0.0871767927847361 -0.0211564549560516 0.0615557132847364 0.0199213972915903
0.0968519939890656 0.0264689568937258 -0.00938141006680032 0.0302536368905056
0.0776848675051929 0.0413839706937005 -0.0758234528367919 -0.0270976433820221
0.0242384588529814 0.023681276687239 -0.140761443563623 -0.0346939280319411
0.045073775856143 0.0190827617021746 -0.115829195754833 -0.0422280759887841
0.0450976652432774 -0.00517178251338493 -0.0871997744746649 -0.0416512487329324
0.0267385643286587 -0.0260398395890414 -0.0645756087590244 -0.0328692309544524
0.0119064810890627 -0.029079379960559 -0.061788503833138 -0.046891632848938
0.00250627147797489 -0.0287941246263425 -0.0752072616591811 -0.0475051160570246
-0.00673420258228317 -0.0284633852323296 -0.0694909487639664 -0.0484769897901127
-0.00529771828753469 -0.0321770091489264 -0.0407892919828404 -0.0617502940150812
-0.00120180350946465 -0.0331047868199901 -0.0152332013410017 -0.0886531537252524
0.00644297828904084 -0.0396434075635347 0.025758461622345 -0.0971013791072843
0.0237435815970852 -0.0379443874390354 0.0718246382475184 -0.0833718850324118
0.0426007960910961 -0.0277334644759283 0.0958379093290862 -0.0247452161125524
0.0582849219755529 0.00348862307699368 0.0572103247218141 0.0172864262101592
0.0530257104880829 0.0335983520981678 -0.014240318433255 0.0156241166098926
0.0307354348520475 0.0364705229471231 -0.0850626176099517 -0.0467356955986132
0.0105170267534854 -0.0169035766319162 0.0914117090352421 0.052455754865065
-0.0122860319943361 -0.0221182654251985 0.0369568487547732 -0.0185107170487744
-0.0218117999643556 -0.00501505091667305 -0.0482874607449363 -0.0265627347936325
-0.012008512423552 0.0064915704889449 -0.0994470257135283 0.0103361590131843
-0.00598675485216233 0.00424913492460101 -0.0888102689926158 0.0766494427949649
-0.00652151098638376 0.00118407800169074 -0.0370726225035826 0.106250512083614
-0.00844198454555442 0.00300992799234382 0.0123457231372266 0.0992385854729689
-0.0130752607201935 -0.00130160182024908 0.0467712100448884 0.0773260701018245
-0.0139102354680566 -0.000206077714619726 0.0694840515118478 0.0539785916002536
-0.0177508849390665 -0.0041202762772278 0.0803768780127545 0.0464593119369291
-0.0111095039792284 -0.0129960513826251 0.0742913689926148 0.0484689200249606
-0.00596520471081349 -0.0130342874054556 0.0706667965714087 0.0420950696118231
-0.000884424893544117 -0.0166934957202244 0.0779710991541241 0.0457277432513951
0.012802052908466 -0.0245491292300069 0.0999962415705774 0.0561796640700066
0.0233322311353131 -0.0152584845515941 0.141832607278241 0.0465948778587512
0.0482591761721994 0.00397566961555801 0.081148188696975 0.0547970767902514
0.0324258938303101 -0.00830448319274093 0.0286428943630533 -0.0174123989608089
0.0156385620814365 -0.0079372768531314 -0.0513828867403173 -0.0245280910753174
0.0160588718162159 -0.0140324860033814 -0.099322879191571 0.00759836636743227
0.00989669070816572 -0.0263951140147145 -0.0887005091805534 0.0703641907884762
-0.00571557854347658 -0.0311692878551427 -0.0421271344075685 0.0994233368824122
-0.0197045518702782 -0.0258098593417972 0.00402691907341803 0.0934400747086112
-0.0281509688779933 -0.0306287057037194 0.0390529501568221 0.0714916060862085
-0.030804914769837 -0.0276808044609422 0.0619313143342064 0.0442823609936267
-0.0330057589431071 -0.0389601811583356 0.0787349420249204 0.0314682094849749
-0.012343818887674 -0.056269966084471 0.0804932808772186 0.0309621090332031
0.0109174888674475 -0.0551967331373583 0.0809092207415419 0.0306633416395206
0.0386912628213818 -0.0441749644446858 0.0806705795650907 0.0395727489352366
0.0659072726864836 -0.0277223651996596 0.0890751402366767 0.0477925199610111
0.0755372864239235 -0.00699748135861162 0.119277124881973 0.03920544746011
0.0797871567803178 0.0243662640121494 0.0571085474947638 0.0439200326076905
0.0765028379577103 0.00818144325585886 0.0131114124713231 -0.0269583381654844
0.0568509912158196 -0.00968050214087625 -0.0591879820812543 -0.0298601824858036
0.0448022717331866 -0.0365599913563318 -0.0995942359563968 0.00268232691233212
0.0254025504617664 -0.0564283204495851 -0.0848277987933943 0.0587693181810834
-0.00421284309700091 -0.0616548284020592 -0.0449289071269387 0.0825520291929285
-0.0284858943395827 -0.0519129503483386 -0.00704249278980646 0.0774467125208464
-0.039708692500801 -0.0547999955943591 0.0253320605693562 0.0562265637306848
-0.0431574042789625 -0.0504883623211895 0.0463935605010564 0.0270301293679121
-0.0445981060337036 -0.0661858284480488 0.0678404635937331 0.00898224957158265
-0.0161891968021477 -0.0903550392343018 0.0798204362646792 0.00590727467386544
0.0192495118649782 -0.0913455395498404 0.0891767007192065 0.0152235841217697
0.0683169140759249 -0.0706023377807998 0.0832639526688505 0.0336294001195917
0.107377877463541 -0.0322763497478178 0.072328493436075 0.0454617919514124
0.115711780657395 8.33141473137837E-05 0.0821671487148403 0.031623122449744
0.100702264001109 0.0403344420859706 0.0208741326144153 0.0242602187864731
0.112526145250877 0.0197862249130571 -0.0112644316189109 -0.0429323549579891
0.0941562089027364 -0.0153753485333822 -0.0686962104393104 -0.0387035170522166
0.0689578894685302 -0.0598757900297199 -0.09682035660608 -0.0044570904813548
0.03444974389643 -0.0829629918543105 -0.077658334345704 0.0400054159213278
-0.00401529908676791 -0.0848069830052423 -0.0483890118539843 0.0560689809920493
-0.0335800984481474 -0.0707116781356291 -0.0207480496526554 0.0521500142238568
-0.0447864129557454 -0.07137020045793 0.00810378471869065 0.0333129673628389
-0.0467266942794169 -0.0663438753138459 0.0264989107098795 0.00440236958192115
-0.046495458897859 -0.084528644516639 0.0505222007853513 -0.0152253054004192
-0.0136999814852889 -0.110536294614506 0.0721449275710538 -0.0210898660898004
0.027527368890903 -0.11197287141143 0.0927959253154039 -0.00142406538821222
0.0889475014523552 -0.0837833320883593 0.0821065124279503 0.0288922901347053
0.133183228600272 -0.0296011631737394 0.0514747161978645 0.0466817040726051
0.13582830399561 0.0103844552560891 0.0361370645808358 0.0238494732061316
0.107409717061549 0.0465275189164341 -0.023967350139793 0.000611327309691977
0.130567734469667 0.0236380017750078 -0.042500263831529 -0.0546990836046461
0.114653694466056 -0.0232964033839761 -0.0779207895811777 -0.0444764577113856
0.078521660407146 -0.0777871778399745 -0.0890898675780811 -0.0130706412530373
0.0351258576120677 -0.0977916925060079 -0.068447950116354 0.0142690649520378
-0.00642505338256344 -0.0943830031573108 -0.051788831283095 0.0234947701034318
-0.035636438592359 -0.0769118372695757 -0.0351935231279791 0.0222749744298531
-0.0425851980125011 -0.0768705632499072 -0.00894808641644569 0.00652488248028887
-0.0417770762923636 -0.0725300018119836 0.00753500912943227 -0.0213110980847973
-0.0381450140999861 -0.0915493486944321 0.0338277460345064 -0.0406946488450155
-0.00382658329550053 -0.113727554999608 0.0636723505686531 -0.0468034889153924
0.0376152219691644 -0.112141611010143 0.0927008444930825 -0.0158502345270039
0.0997632279935798 -0.0780024833804451 0.0765738509557665 0.0249256047474042
0.139872533285236 -0.0168551434018747 0.0279050982464431 0.0466990879474037
0.135435368598139 0.0217191123719523 -0.00964169045680485 0.0111043942410145
0.0958279117405334 0.0425233239972502 -0.0713526550459761 -0.0188057776093687
0.123536394127398 0.0204874191772401 -0.0760183361695627 -0.0571685235134636
0.110632908648722 -0.0274992651691144 -0.08437189278695 -0.0453888111592644
0.0711694553982673 -0.0785629032127869 -0.0782860720994228 -0.0216991458228952
0.0274598734161203 -0.0934533526412509 -0.0610003054236718 -0.0130171152747169
-0.00930720227191591 -0.0866465184134094 -0.0586430781210966 -0.00910156888656799
-0.0332449274257809 -0.0706842331470134 -0.049600330411344 -0.00700122786108455
-0.0350722263809126 -0.0711528965149096 -0.0244690816821449 -0.0213138749097132
-0.0307493920541642 -0.0688157083255443 -0.00729168431475646 -0.047220242803644
-0.0225735775437198 -0.0863157091172147 0.022510962431334 -0.0641844455241931
0.011050586867972 -0.0999269567468197 0.0596118431793656 -0.0659447380569462
0.0497638674614186 -0.0923200015869785 0.0919795136194362 -0.0231940596468486
0.0992931323225514 -0.0525580435206926 0.067833638857827 0.0234694555826141
0.126211919525593 0.00567681714483148 0.00631139067935315 0.0417734398206556
0.113388058103664 0.034215512265462 -0.0480378344999384 -0.00542175242832822
0.066381513264024 0.0332246964099241 -0.112466337525457 -0.0311314220778906
0.0922985270616311 0.0176176551263683 -0.101947677245264 -0.0519481877395398
0.0840294193626716 -0.0219370205862278 -0.0859045200987282 -0.0435316167569441
0.0511436240909673 -0.0602115961752041 -0.067821865490765 -0.0286615605748593
0.0182694215762112 -0.068103546728075 -0.0593130819147851 -0.0360085654861359
-0.00641652294731313 -0.0623348321166388 -0.0681141749496157 -0.0342271703261815
-0.0231953532343554 -0.0533068874567943 -0.0617367655851909 -0.0311809876657938
-0.0220266748513184 -0.0552855874185327 -0.0351619028612256 -0.045165155444596
-0.0162727900039099 -0.0547980275177196 -0.0151545727390952 -0.0702399772233699
-0.00521366842393957 -0.0678220007645076 0.0196178498753045 -0.083392013490013
0.0226149327780754 -0.0720240966060107 0.0625163598318317 -0.0779454546796953
0.0526307825268553 -0.0597893214720643 0.0929145573386618 -0.0262452298108628
0.0857160528883278 -0.0211430770330077 0.0599654355510023 0.02008854078265
0.095063604440335 0.0254393565920793 -0.00937117153992315 0.0293529782391164
0.0756679671016375 0.0410277482200887 -0.0730716135176144 -0.025697662591084
0.0234173976300962 0.0232309782976917 -0.137620544931653 -0.0347811212231969
0.0444636627204435 0.0182979251205497 -0.113002605654428 -0.0416032676797564
0.0449875824169723 -0.00518616329682089 -0.0854486511798136 -0.0418241121745114
0.0262548706300618 -0.0255576444308419 -0.0633651672952401 -0.0331915978280083
0.0110788308021813 -0.0288329131792902 -0.061859950316955 -0.0473077204488964
0.00241386795138241 -0.0284095520179452 -0.0753420348187545 -0.0462785027569903
-0.00631582781936788 -0.0280904247313625 -0.0688458552543909 -0.0459149460309766
-0.00566374138745631 -0.0312190808495884 -0.0404589955088844 -0.0606906204538777
-0.00147594306031161 -0.0321671780888973 -0.0154592324018584 -0.0870440626052269
0.00571188635373007 -0.0381678423521734 0.0245097302221488 -0.0960091388699135
0.0228594784382411 -0.0366203353381774 0.0696713778656749 -0.0832473651282047
0.041373273920852 -0.0273062476512636 0.09473007727659 -0.0248096422521933
0.0573707070859113 0.00266753249421634 0.0559846126633807 0.0170469024957806
0.0521377352263134 0.0326510012262608 -0.0138038062639053 0.0158341811556587
0.0299957711347127 0.0364614453872887 -0.0830175146941774 -0.0448682999511443
0.010662887125974 -0.0166653184738005 0.090005945955539 0.0526469993874919
-0.0121586684342738 -0.0219267233993522 0.0375192792507618 -0.0193980201794172
-0.0213722482862013 -0.00525014320443967 -0.047582928686453 -0.0276201211993656
-0.0116274274937239 0.00616044933570904 -0.0988568294553767 0.00871479114092979
-0.00627277146577991 0.00431349157232086 -0.0886297340479617 0.0757695713071858
-0.00686014229611579 0.000836839581891544 -0.0372889119002031 0.104703734053469
-0.00826528000399686 0.0024165871386878 0.0122869332742562 0.0982281366995882
-0.013106398910652 -0.00107755243285888 0.046123444639131 0.0769493874379095
-0.0145128846356333 -0.000855461743263614 0.0687020981817715 0.0537193014057142
-0.0172218245962921 -0.00449696455992366 0.0802428670726185 0.0465673282590079
-0.0106870173691533 -0.013184735955335 0.0740745731085872 0.0486724514870567
-0.00526109051997682 -0.012871718594836 0.0695935563818711 0.042876836974277
-0.000427796084673884 -0.0168192932787735 0.0765022559101416 0.0472192364478228
0.0126230378874899 -0.0244535000329023 0.0985619597600677 0.0575368562547865
0.0230077181766918 -0.0151711270409032 0.14040142762609 0.0468412688523097
0.0475919798619025 0.00430371398863769 0.0799132451466348 0.0544081399547648
0.0323442871283961 -0.00770399318269521 0.0286618258482784 -0.0181718907962472
0.0156664695001768 -0.00710037011591884 -0.0508481882683064 -0.0259502454416478
0.0156122012821785 -0.0135451646366816 -0.0991983836317219 0.0057647435817355
0.00975877428158852 -0.0258839410073536 -0.0886660811264414 0.0689128974229132
-0.00608134309080207 -0.0318674602089112 -0.0423678110245516 0.0981871606454089
-0.0190362342199738 -0.0265012285616728 0.00363264765154235 0.092231632025965
-0.0287938634028342 -0.0303177014013327 0.0391435746072111 0.0703878424909863
-0.0310056180385575 -0.0280123022648142 0.0614416101893467 0.0433192330148131
-0.0325103532156141 -0.0392196154527072 0.0784734466529185 0.0309796738964262
-0.0124305232655941 -0.0564880084595224 0.0802443681274178 0.0314598782415684
0.011226075794812 -0.0551473689762995 0.0798134171794333 0.0319345992590131
0.039690385421391 -0.0439202865774897 0.0794311497857618 0.0411416384734756
0.0660149794923766 -0.0280258628165018 0.0878698835178816 0.0493093481702153
0.0751249398469001 -0.00629957993074649 0.11876724879711 0.0393607528985051
0.0791748553887152 0.0252079990640457 0.0560139916441529 0.0439968540075163
0.0761380509273171 0.00811296952117293 0.0137610265507437 -0.0287521484680395
0.056713883706589 -0.00878168372242532 -0.0579650482740991 -0.0313981868852713
0.0451762653078496 -0.0357003560237269 -0.0989535755531372 0.000949260731581558
0.0248499073784087 -0.0561823537653883 -0.085147970457439 0.0566554540869069
-0.00394855226297586 -0.0618345525949306 -0.0458023957289678 0.081148099382448
-0.0282818089912358 -0.0520739515783238 -0.00704433552137479 0.0762728792390969
-0.0401202808328564 -0.0548987323400247 0.0250219557977449 0.0561381644825128
-0.0433993057698545 -0.0503497803663533 0.0465200111583387 0.0267645131726266
-0.0443013353103667 -0.0658321391505385 0.0675941929095704 0.00862061147968867
-0.0162969987467112 -0.0901306077258968 0.0795010737564787 0.00596871223572318
0.0194051264143415 -0.0908972902289975 0.0882624381746867 0.0155567149714219
0.0684858725986725 -0.0698927843901206 0.0816570264531725 0.034950106586834
0.107557786142933 -0.0319239280559443 0.0711966839697953 0.0466349177056915
0.114380328433117 0.00126656778746113 0.0814428983211674 0.0316360252624024
0.0991548574751124 0.0411918184451587 0.0209690724595686 0.0239009555278485
0.112184477344131 0.0201406639788379 -0.00974201443355156 -0.0439964222584923
0.0931266994659749 -0.0146792667927327 -0.0667677008038839 -0.0400665433973793
0.0684824632477393 -0.0592996799698996 -0.0959500661431879 -0.00652898028605832
0.0342319486429213 -0.0824770906885801 -0.0773094346822935 0.0377695581054922
-0.00395506650076028 -0.0841986071137852 -0.0481532122958906 0.0547938266471029
-0.0327367105027216 -0.0706895549044378 -0.0210958570196114 0.0515440784078041
-0.0444291375326855 -0.0710492188934813 0.00748342320850991 0.0328747713870328
-0.0466283289572175 -0.0657470366405383 0.0263643043086083 0.00461935025607393
-0.0467626787609714 -0.0839354739945702 0.0505903672847959 -0.0160140742226646
-0.0148219659760076 -0.110140338457383 0.0727639220820355 -0.0208638193558512
0.0274102570260953 -0.111473891111534 0.0922430814994017 -0.00142339291474114
0.0885830657632302 -0.0835990348050449 0.0806762329790836 0.030335614503592
0.133475527304367 -0.0289566097441056 0.0496344819518868 0.0472540891235932
0.134201354999164 0.0115598939904521 0.0366298817816995 0.0236435848067523
0.105661427217515 0.047732020319182 -0.0241227826565649 -0.000553628390115339
0.13016924429001 0.0240624653667914 -0.0415607861691152 -0.0563651724485187
0.11416693076009 -0.0217849707478036 -0.0759831460577289 -0.0458408036886161
0.0784676449017284 -0.0766656015268984 -0.088445851282302 -0.0148667257897504
0.0347976465541845 -0.0978910039950322 -0.0679670576668477 0.0122778497012683
-0.00641562492549629 -0.09388563407023 -0.0519438389053887 0.022508020092461
-0.035268043055786 -0.0768174032324657 -0.0352594795371888 0.0216435947897807
-0.0427110466749382 -0.0762743063672318 -0.0097391659151501 0.00546245321521464
-0.0417436737036911 -0.0720282346588354 0.00721948430604081 -0.0214632779662107
-0.0375144847602019 -0.0907458770471305 0.033842022382628 -0.0413023181286655
-0.00448793966009129 -0.113691736323289 0.063959164852417 -0.0464875932577003
0.0373044309008617 -0.11093728586806 0.0925060455448648 -0.0155129428373727
0.0991835941615453 -0.0772753385016642 0.0752476495700296 0.0267646175038252
0.139318204022682 -0.0164654428615425 0.0270508902051703 0.0467462463577145
0.133380690557145 0.0228426516532899 -0.00881619937105252 0.0111372768890547
0.0946246484631046 0.0441264633302256 -0.0709826789458051 -0.0196842662605948
0.123504875347749 0.0208004046251584 -0.0751122755200739 -0.0591153736476822
0.110053782844264 -0.0262299405048078 -0.0824785227941922 -0.0460814960916412
0.0705153742311775 -0.0780264541421546 -0.0767600502048859 -0.0234721670414254
0.0274785383342512 -0.0927915612064043 -0.0608550871145376 -0.0146091459413188
-0.00850105464551264 -0.0861827125454104 -0.0591697876347135 -0.00915446619102287
-0.0323016439390241 -0.0705187520808687 -0.0489330095880123 -0.00673558677826618
-0.0350403155148308 -0.0705292398630693 -0.0243630822200015 -0.02183049791658
-0.0303235834029355 -0.0683157423381483 -0.00701813104109632 -0.047350223432922
-0.0225403504864272 -0.0855491005725741 0.021991352268738 -0.0645169893745065
0.0108060597476076 -0.0995938849827682 0.0602927795055558 -0.0653786748127224
0.0496101643128282 -0.0910443491407591 0.0916237379716529 -0.023449523491831
0.0991817910652304 -0.051644110819658 0.0664865444234659 0.0241949839269646
0.125561201716509 0.00589200918561771 0.0053313752763268 0.0417115911636557
0.111080964495227 0.0356136147155916 -0.0467941094204884 -0.00524928715830335
0.0651568256060681 0.0341946693721306 -0.111109789155325 -0.0323126200618838
0.0917391805457583 0.0181519631847657 -0.100415328455855 -0.0536312794776423
0.0841658094458362 -0.0209629837565475 -0.0843149556204472 -0.0445853757516296
0.051213093512112 -0.0597281066566526 -0.0667428769061832 -0.0305174197916502
0.0180934252680206 -0.0679059282780935 -0.0586875003780586 -0.0378494473460084
-0.00584916280742852 -0.0619574430379147 -0.0679030558338891 -0.034097132525248
-0.0224985069654453 -0.0530792552554486 -0.0609478461375572 -0.0307929003663969
-0.0218571093261861 -0.0548085721537175 -0.0354320000686401 -0.045338997356986
-0.016113671878595 -0.0546203663771159 -0.0147365638080622 -0.0705256386575833
-0.00529479541161956 -0.0672238452320196 0.0199248288470436 -0.0833968463685689
0.0228443378635402 -0.0705952148594255 0.0625043487449934 -0.077166136341268
0.052175938834877 -0.0586625877790197 0.0922401874566727 -0.0259942416640279
0.0844232935075202 -0.0204894475695495 0.0593607313701095 0.0210905934254326
0.0937137148573887 0.0259284519269442 -0.00912633281341027 0.0298298511110148
0.0741697312610484 0.0415759130796679 -0.0720100475964819 -0.0252954784472869
0.0227868282826161 0.0237688066204181 -0.13657392024159 -0.0368641536966875
0.0442047763936682 0.0188542593467015 -0.111845396656686 -0.0437454921173928
0.0443365739882128 -0.00489076496237936 -0.0838895968368729 -0.0423788475108932
0.0260809906316336 -0.0254465514400303 -0.0617324050548038 -0.0347139761767012
0.0116659967139998 -0.0285286164910022 -0.0616944722677163 -0.0487287388528767
0.00247997291685332 -0.0280149588161484 -0.0758771405809512 -0.0458941420859472
-0.00634361704236926 -0.0276016889565352 -0.0688295234459755 -0.0456525701981632
-0.00554764023708694 -0.0304441298544605 -0.0402672302164636 -0.0615272591874176
-0.00193027146536104 -0.0322764580927817 -0.0157592050474299 -0.0866294060100954
0.00539053615204425 -0.0379452004605871 0.0245022108866427 -0.0947795954908603
0.0226715917350863 -0.035954258858029 0.0693642626792163 -0.081479067941432
0.0408607245930798 -0.026702973935826 0.0940808590106978 -0.0250555672706526
0.0569290726288658 0.00328391987124305 0.055167122316686 0.0179836521730945
0.0509349859568988 0.0331936105805781 -0.0140017601276451 0.0155186272318659
0.0291495933321097 0.0362955085505912 -0.081637196267773 -0.0444970561025041
0.0113525489732223 -0.0171867024542784 0.0909659775813216 0.0537086879373363
-0.012513241607622 -0.0222169966600379 0.0379402544186971 -0.0202057812742525
-0.0220033176836188 -0.0050772848963604 -0.0478121400913773 -0.0292267056543691
-0.0126362021351375 0.00633111132792664 -0.100780745443848 0.00745537074691953
-0.00610391360518309 0.00417587165232771 -0.0906087065706035 0.0766530896506828
-0.00751959049617633 0.000847526131534909 -0.0384218670071114 0.106180302602888
-0.00890206948721788 0.00211716448118147 0.0121731229852565 0.0981215524365874
-0.0133859393940127 -0.00141101869567089 0.0469319432112305 0.0784679962672639
-0.0146716605176624 -0.00103428088103527 0.0694688639408282 0.0541272639777054
-0.0174429171007002 -0.00478057406948745 0.0815264519189784 0.0471918158475091
-0.0111004054162029 -0.0133918903339633 0.0757522669861447 0.0504332761361602
-0.0054600667139325 -0.0128749071088533 0.0696297508849447 0.0451844042283569
-0.000439045861222395 -0.0172633944302701 0.0765171240684591 0.0503721122324384
0.0130652340969671 -0.0251066229065138 0.0995133919427132 0.0599720963821341
0.0230911935710344 -0.0147392401360025 0.142260966094159 0.0490602013132066
0.0481594820996559 0.00513177231037079 0.0805759197671455 0.0554436925723626
0.0321893028126259 -0.00803993169016392 0.0294065553891065 -0.0198886257342634
0.0155288388862792 -0.0070676527926153 -0.0509723943569829 -0.0279558102961402
0.015623292029929 -0.0135896534760193 -0.100511444673321 0.00458202406256435
0.00949653288508424 -0.0266525700760953 -0.0909037386112808 0.0692531950539541
-0.00631720305291858 -0.0323767615719564 -0.0433463106478211 0.099096231544964
-0.0196822693065282 -0.0273392261367329 0.00305536648300303 0.0933233280982553
-0.029584394492802 -0.0307278700896292 0.0396267973535317 0.0719493002485971
-0.0318412788586544 -0.0291528848618261 0.0620715022042635 0.0442274943757836
-0.032591162316715 -0.0395226302705236 0.0793626522879185 0.030967756940111
-0.012815581692963 -0.0573848006359045 0.0819559562578014 0.0323983051118682
0.0111972214815401 -0.0561325711020225 0.0803750143751173 0.0334611443120347
0.0406444381384547 -0.0443983471091022 0.0793209561072469 0.0439439505750792
0.0669731906910411 -0.0281855600014305 0.0881231783657059 0.0513812949401828
0.0753846438814064 -0.00532936643113314 0.120271271113746 0.0406828399137295
0.0793657983613723 0.0269959758389032 0.0567530616713711 0.0442420038125397
0.0767117961591986 0.00836134463725339 0.0140814337409425 -0.0303839486736283
0.0572217522984276 -0.00812315409033203 -0.0571002279891088 -0.0336170359769051
0.0450996465806871 -0.0357586248548009 -0.100931502237688 -0.00107064133137393
0.0250056323108147 -0.0567994057318903 -0.087025819460007 0.0563482809406641
-0.00461780554455864 -0.0629982171135875 -0.0468701743397968 0.0816632809486626
-0.0280808077924668 -0.0529835161839456 -0.00793078959861676 0.0769370207698354
-0.0409399159861224 -0.0554288924979087 0.025009456359373 0.0564098564177064
-0.0435769529751339 -0.0511060517122441 0.0470929724743547 0.0266947582920376
-0.0444205987991839 -0.0675379479512728 0.0682052167092273 0.00833335284000078
-0.0168567459913175 -0.0915333306007241 0.0817420037384208 0.00684324753642889
0.0198210332235632 -0.0923835356213573 0.0893858975629808 0.0165341477733093
0.0702755794908861 -0.0710458571423413 0.0825153389907369 0.0374770508759231
0.109432941767706 -0.0325734067601381 0.0713340107796555 0.0484661009387182
0.114706747629075 0.00259521577586707 0.0829139400801627 0.0335097922888961
0.100523785624422 0.043657453795849 0.0202042645953603 0.024099833231853
0.113572931167227 0.0212110988794937 -0.00974752337391856 -0.0463534164198193
0.0947715048817967 -0.0132799251884115 -0.0658345660687758 -0.0424584901462126
0.0695544501731991 -0.0595313227973148 -0.0975258545175866 -0.00864004279696391
0.0345874921711462 -0.0839635823460265 -0.0786183497669355 0.0369534792567351
-0.00459679497210212 -0.0858755411358537 -0.0497608183199805 0.0546218512533399
-0.0336150437306801 -0.0715647261783991 -0.0216407610873317 0.0521052346134482
-0.0453189664008535 -0.0720177468999468 0.00743707685007708 0.0326309633861384
-0.0472467677213335 -0.0669097820451144 0.0268975773893892 0.00367382203515913
-0.0466013379670636 -0.085583761934907 0.0513811051894427 -0.0169016933776799
-0.0147510100727031 -0.112130787865374 0.0746728282820091 -0.020520429049803
0.0278387913666485 -0.112661520091132 0.0933774504591631 -0.000985884222233753
0.0903153359150402 -0.0845535536795535 0.0806821574429546 0.0324233336461929
0.136214749126952 -0.0295397970463425 0.0500428744739458 0.0487509440409639
0.135083733521035 0.0128520282132928 0.0374720355737257 0.0242383449816536
0.106134248683889 0.0508072223810616 -0.0244372759310845 -0.00110925269473572
0.132290701125237 0.0245257907448979 -0.0415676376173565 -0.0593141126112761
0.116412934663255 -0.0212299702286763 -0.0757065241421188 -0.0485488790479109
0.0794599502709478 -0.077248916851283 -0.0886951837907694 -0.0169396539547087
0.0351817755009784 -0.0987228405944934 -0.0697481868343027 0.0106694041986557
-0.00663204935301546 -0.0956208255267495 -0.0533304383752771 0.0226622281676594
-0.0350237460246619 -0.0782833726616898 -0.0352346253851521 0.0228207414000558
-0.04360371321426 -0.0769825571167312 -0.00929742429917743 0.00519328679888599
-0.0421194545698645 -0.0729136372036069 0.00788863591997478 -0.0224145569495398
-0.0381943377812218 -0.092531988634675 0.0340067305473537 -0.0426837455024661
-0.0048199239718895 -0.11486734092502 0.0653710003722598 -0.0466510808961044
0.0380132495928646 -0.112651635465621 0.0935847798240863 -0.0155993499179088
0.101136278037189 -0.0780128875327565 0.0752502952155159 0.0289846812613322
0.142028037846145 -0.0161220928452312 0.0268396599496588 0.0475847524807813
0.134135100419761 0.0247222563362051 -0.00868498311287403 0.0117468351021127
0.0948615126101843 0.0461148129610697 -0.0719283712170971 -0.0218672395346132
0.124562421388568 0.0218117423560519 -0.0750395455340523 -0.062418204213097
0.112288783645252 -0.025956558865441 -0.0819249616691987 -0.0490622932609784
0.0718697503751286 -0.0789209902604349 -0.0771969293243312 -0.0251473629779097
0.0276927473615936 -0.0945023621682001 -0.0619653099706225 -0.0169348318644724
-0.00884005052717116 -0.0877948931272429 -0.0606429435483659 -0.0103314890362732
-0.0327202463248098 -0.0715213924391027 -0.0496502978968134 -0.0068217195163199
-0.0357041698008561 -0.0713551741931859 -0.0249342743171377 -0.0226538446167201
-0.0307259562435827 -0.0695524052906325 -0.00689246915506975 -0.0487904063248223
-0.0220835440511152 -0.086211978551916 0.0226793547166842 -0.0662893526881226
0.0111254344477108 -0.100696349935407 0.0616061727091423 -0.0662322018711899
0.0500928170079829 -0.0914954103623521 0.0937590785718181 -0.0228481504031368
0.100656708805906 -0.0523007162108011 0.0667436392914758 0.025923918993322
0.127269904942593 0.0065929825102234 0.00446063826250162 0.042574835198126
0.112123310921578 0.037326175063962 -0.0465743460199606 -0.00565823705797305
0.0648750309452887 0.0365659585947225 -0.112077319596582 -0.03456322076401
0.0930429879203891 0.0188717545242312 -0.100569024746974 -0.0565867696504019
0.0852049049570665 -0.020521201528448 -0.0836732113550917 -0.0466413898208792
0.0518785165822145 -0.0602874637195482 -0.0667429068642413 -0.0326139885180164
0.0184963521657721 -0.0685033317849599 -0.059160028574585 -0.039751632591142
-0.00606299802665001 -0.0630830583672708 -0.0696813238015678 -0.034616034180384
-0.0224689042938537 -0.0536178035260656 -0.0618708122910857 -0.0310113064962861
-0.0224857883336293 -0.0553567950138635 -0.0361139054840607 -0.0464201478493201
-0.0162266724783528 -0.0552101601366164 -0.0147725625930751 -0.0715840008101954
-0.00528182830548743 -0.0675703645746559 0.020651537302522 -0.0846275819831544
0.0229300599030852 -0.0711912133233176 0.0638904092897031 -0.0779351390377494
0.0534140237922758 -0.0587507091951601 0.0940160490306862 -0.0264150870640749
0.0851992116671756 -0.0201133736858891 0.0594440028961044 0.022316610125183
0.0951324692582948 0.0266614248451731 -0.0097225849867669 0.0305059471735536
0.0745740140185429 0.0430309307897056 -0.071861228541069 -0.0260244533295096
0.0222696984226372 0.0249660500952642 -0.13723921366612 -0.0387037777229294
0.0445597023615447 0.0193672700766097 -0.112756297564376 -0.0461964716958392
0.0452067805061842 -0.00509682787435697 -0.0834463338456185 -0.0443958569289341
0.027180373303833 -0.02586776702423 -0.0616172124429752 -0.0364624904908451
0.0113835059146972 -0.0289354390805183 -0.0628406595044584 -0.0511961578607624
0.00265836035492749 -0.0286244802243614 -0.0771997880374989 -0.0466822103965531
-0.0057789974788225 -0.0279149810140122 -0.0688944739760166 -0.0458458207516914
-0.00573177041619919 -0.0304135144321534 -0.0410152573009854 -0.0620557563466749
-0.00173236848467573 -0.032533453181109 -0.0153001767623845 -0.0876498159359185
0.00584225810095355 -0.0381788606453234 0.0252701274648737 -0.0959807742224363
0.0235936054314578 -0.0357024230403231 0.0709436551740796 -0.0818526014294882
0.0415973215236682 -0.0258978326285366 0.0954242359144696 -0.0244895282187949
0.0575007191395865 0.00390271759916984 0.0552779497506077 0.0190590964099891
0.0514420704011057 0.0341175290657999 -0.0142248899836003 0.0162152381211817
0.0287569746176181 0.0380045100776518 -0.0816401429292447 -0.0449199946689085
0.000493936490121931 -0.0207504899378799 0.106556861310223 -0.0132998279962846
-0.0234423983030661 -0.0109145245742091 0.0170739329547215 -0.0411121529830717
-0.0213553346386926 0.00881939547175884 -0.0583737133229956 0.00453929735283237
-0.00638031257967982 0.0125929902158624 -0.0793690619611811 0.0690561787394075
-0.00222941489786205 0.00715649757313886 -0.0267924654288087 0.117902061691381
-0.00553208997329562 0.00529553689175592 0.0347282898270399 0.110161389342572
-0.00618625966033002 0.00645858549552884 0.0709721290997966 0.0734671043004802
-0.0124572411432758 0.00742369383045829 0.0870291732580157 0.0345638142469987
-0.0124731938773946 0.00810050728287551 0.0908693771470321 1.94242554585966E-05
-0.0171570315641085 0.00643814427988798 0.0971314343976664 -0.0127417178541695
-0.0173317566723017 -0.00504929373717407 0.0940177378238705 -0.0060099527891337
-0.0120713619238584 -0.00844830971130579 0.0854461177157389 -0.00549286421535073
-0.00969898311132545 -0.0155220186960985 0.094327142755359 -0.00550102115778339
-0.00413860185243885 -0.0297589760675599 0.121557703687485 -0.0136829125392211
0.011737015642142 -0.0269393213804868 0.149089986260144 -0.0508000387629145
0.0446547708598942 -0.0232675761961278 0.0998559641747323 -0.00822229627742728
0.0213869276412036 -0.0250664795514531 0.0115281355116469 -0.0365558908101889
0.00858604034972623 -0.0145444463570816 -0.0592870178312605 0.0059117410986595
0.00462527231171466 -0.0192386120876406 -0.0817114705127233 0.0647638852524746
-0.00764427549104439 -0.0272474856821014 -0.031899112532741 0.111291257458758
-0.0246506245571403 -0.0220982892088579 0.0248408156094195 0.106133128499208
-0.0325773341222664 -0.0102392253393611 0.0605705741895125 0.0737256476739594
-0.0437690230066334 -0.00670245361834471 0.0771660977126336 0.0335918926605764
-0.0444929820089494 -0.00434826375240324 0.0793843914110722 -0.00362075159162622
-0.0518686937170489 -0.0128923434889623 0.0854792096925777 -0.0249041511783341
-0.0468501941219992 -0.0401926959913099 0.0873948664684543 -0.0241353915396936
-0.0247783769110104 -0.0552061130178633 0.0867643245953478 -0.0217142606380029
0.00675635669485258 -0.0656275083859083 0.0932390704287693 -0.0125764820946161
0.0391026500325638 -0.0678394525489398 0.107700197423365 -0.01204792379139
0.0616498479945317 -0.0529684267297659 0.124190186758719 -0.0412017884224226
0.0831184235785632 -0.0226434771017441 0.0743751055830219 -0.00527522350937265
0.0667940631361656 -0.0377726968169626 -0.00580036679249738 -0.0364291253299729
0.0417726027408551 -0.0400540746129452 -0.0667858618897847 0.00346066198714436
0.0159481193751732 -0.0540964625507046 -0.0847242434065511 0.0584844311649515
-0.0134040972591275 -0.0608482858550686 -0.0377301981414942 0.0980692503318389
-0.0420461539828597 -0.0480752349810636 0.0109699348642168 0.0938619315991917
-0.0553783739675486 -0.0261142377706031 0.0410589679023075 0.0678715573512494
-0.0680212616340634 -0.0195322181004899 0.0557056271565021 0.0299026147287939
-0.0686514311972697 -0.0153191370446257 0.0556623518940576 -0.00831782846160722
-0.0793900020942672 -0.0280103459497138 0.0618914015655532 -0.0365237011721436
-0.0724509968109607 -0.0662429552443945 0.0704415676739828 -0.0452097986117102
-0.0407021894239108 -0.0909767458696098 0.0836247634379873 -0.0410593407317401
0.0150445627255206 -0.10755107409812 0.091282229047786 -0.0185430160429318
0.0722444966909283 -0.0990317626140424 0.0913578301218444 -0.00247378170813899
0.100510505356003 -0.0720832165484022 0.0873315567862063 -0.0223048446958905
0.110096809592119 -0.0199507503357667 0.0328170126824025 -0.00124447027787443
0.103784621018673 -0.0490943985421676 -0.0332008884239852 -0.0359173179111793
0.0696352392443893 -0.0668197444636734 -0.078975274322246 -0.000517982201369713
0.02177570637484 -0.0877055393082981 -0.0874525027471411 0.0486965435641941
-0.0220733618874303 -0.0889163905971599 -0.0437123403274457 0.0762183677872316
-0.0557317171821676 -0.0670513080685966 -0.00854857625577764 0.0732738563050931
-0.0700992693278157 -0.0377611468994022 0.0140803891638221 0.0561077340907643
-0.082272885438377 -0.0304453231581189 0.0268811396331047 0.0220983388666692
-0.0811958765114357 -0.0255425227720282 0.0246089358217157 -0.0142482474129088
-0.0929371365481243 -0.0413127672543345 0.0319811629877644 -0.0460646304747198
-0.0843452888813112 -0.0847877303154073 0.0468590177938729 -0.0626841432642362
-0.0471850994951823 -0.113377057031248 0.0763683440131079 -0.0580423873921619
0.023672015110312 -0.131579949909065 0.0864293851143567 -0.0219700239671261
0.0961073502876115 -0.113395403607152 0.0742132815181724 0.0129533008155367
0.123682728680733 -0.0764174381181455 0.0430463146977961 0.000993965902150987
0.118707339104755 -0.017753840131632 -0.0190898273254977 0.00575469758576792
0.120927062401228 -0.0569876730870102 -0.0669298289418858 -0.0271362248733504
0.0827513779348552 -0.0859975971594462 -0.0897864752969562 -0.00157272830975067
0.019609125298479 -0.107816488818269 -0.085876612425721 0.03494711830201
-0.030203553140079 -0.101217500005157 -0.052775985279466 0.0488400527753992
-0.0631804890941337 -0.0737520294796445 -0.0318266189816301 0.0483481073341538
-0.0762226149933243 -0.0416045192007536 -0.0157839220064089 0.0410722541860369
-0.0838735864940064 -0.0361187107876121 -0.00513230266769378 0.0104118864774649
-0.0815076533044776 -0.0343218584369238 -0.0077566457899038 -0.0236780436596516
-0.0911019965389096 -0.052391305936578 0.00169436077982129 -0.0565049460484059
-0.0777987030599941 -0.0935771039303118 0.0226256616630312 -0.078122969914064
-0.0386568671110308 -0.119108414431311 0.0669944900570369 -0.0703283938116358
0.0363916348986811 -0.133361167838264 0.0793521439073582 -0.0215149247590353
0.109588031274927 -0.106247016261014 0.0538599351150084 0.0270938688115196
0.12975255705945 -0.0654381466157451 -0.00297260536601385 0.0196845225553226
0.106023754386923 -0.0143635950285451 -0.0709405079436977 0.0187144814425975
0.113253150429354 -0.0550552913046009 -0.0965660391167706 -0.00937009474828863
0.0767074705515867 -0.0874350769535429 -0.0955387746317112 0.00254789124671678
0.0127944197748188 -0.105313851940563 -0.0810068556397678 0.0209147794829511
-0.033700373977467 -0.0931768796702614 -0.0643436354391603 0.0220046202333573
-0.0603403780724825 -0.0660546347102613 -0.0575739232116428 0.0275148318717268
-0.0698248673053983 -0.0375442626382699 -0.0463525705215973 0.0257899062624588
-0.0733296645045928 -0.0359161058184975 -0.0344051344136949 -0.00343093886175869
-0.0691944164457045 -0.03845291746196 -0.0361104772821436 -0.035957418077855
-0.0736759050612811 -0.0577241416127045 -0.0224208106114739 -0.068421213073897
-0.0552109431547288 -0.0907685135621852 0.00739988764172374 -0.091479748261792
-0.01499536137311 -0.10867041730599 0.0614843477050397 -0.0770489132450387
0.0530844340603957 -0.110843695736234 0.0701248611871659 -0.018814612693377
0.112050039876877 -0.077016286641253 0.0312352313114719 0.0366644280371516
0.118329479644549 -0.0404883847019776 -0.0459754303856606 0.0294153107318132
0.075035982229442 -0.0057330070117458 -0.111906000174411 0.0353029700869894
0.085599786720132 -0.0383026633428803 -0.11461147300791 0.0126651790329614
0.057226598254354 -0.0672293069941618 -0.0963162295118354 0.00753604276004791
0.00658893389952051 -0.0783305147322818 -0.0760447524318301 0.0094870646385117
-0.0260120478891315 -0.066001079209988 -0.0747894915841648 0.00211028673970844
-0.0434441550762537 -0.0475311453674117 -0.0797968665176934 0.01319281177524
-0.0503515436217964 -0.0290450977812287 -0.0710105871991784 0.0141398607972891
-0.0527133213080223 -0.0308527511747478 -0.0586213713155749 -0.0160175583586139
-0.048538105733086 -0.0360618316088145 -0.0573525230675326 -0.0497950452324136
-0.0476228854754774 -0.0525793325551772 -0.0359730152063043 -0.0825231972702236
-0.0263465592302541 -0.0744282051393104 0.0026081626013622 -0.10289939171984
0.00820426597740392 -0.0831291724000032 0.0600212862836069 -0.0798261864599289
0.0601789689788854 -0.0731212476231512 0.0619012420120442 -0.0175217148308222
0.0971019303108711 -0.0384022942876867 0.0111392790425248 0.0349209448362182
0.0904753663739519 -0.0115061697881334 -0.0792372689419849 0.0270318000150988
0.0324167295551121 0.00901297136229579 -0.135140997486113 0.0506786196963994
0.0466923074459892 -0.00975083260017182 -0.11953681132468 0.0297607032682781
0.033344700207405 -0.0306906896169917 -0.0950526124100883 0.0109995803320448
0.00588457172137304 -0.0360535224203709 -0.0742687739621916 0.00507108101052799
-0.00791411787950883 -0.0295256116543648 -0.0837600409972123 -0.00423110017707579
-0.014982948710449 -0.024762222898015 -0.092331519954622 0.00973537110705861
-0.0220786510636028 -0.0187557675102462 -0.0859757976101417 0.00597787226859002
-0.023731118595099 -0.0210699958749993 -0.0733015753703386 -0.0258371444160332
-0.0219168904768158 -0.0257172993129965 -0.0679424094236862 -0.0624203574764132
-0.0193134951808338 -0.0353591426800151 -0.0390457483757853 -0.0944976477700731
-0.00314591372016827 -0.0455810258740227 0.00565521282952781 -0.110837290969336
0.0186867209017772 -0.0480001439344641 0.0622434132051896 -0.0800730773260844
0.0524027472930712 -0.0340774200212936 0.056167062879883 -0.0187627490448543
0.0651874293625894 -0.0045532828393564 -0.00200520268501051 0.0248705705172091
0.0476236156634927 0.0126246531080981 -0.0982483733923086 0.0162538392039907
-2.73021562208898E-05 -0.0216658706197251 0.109813299420255 -0.0185713852324382
-0.0247046666390871 -0.010204825926578 0.0150248251234052 -0.0445266642076919
-0.0212407928478299 0.00985634972509787 -0.0612901218291566 0.00659389643863014
-0.00604119645832621 0.0137685685066442 -0.0797458414473067 0.0745823891615665
-0.002118016277349 0.00769125845212686 -0.0236397564714271 0.123502292944495
-0.0058346202818721 0.00582787156223214 0.0398425950180166 0.112754799912565
-0.00656561654036885 0.00666000069483316 0.075655499258418 0.0724358203123786
-0.012649746936607 0.00829920600798016 0.0918613161599694 0.0322011970850892
-0.0131054314385431 0.00881115028338727 0.0941721486218988 -0.00348192453412481
-0.0171233697426545 0.00706637439631235 0.100627970338365 -0.0177657735856578
-0.0180907479123325 -0.00473781313271216 0.097962200743262 -0.00952031707450016
-0.0129214925542323 -0.00844220028383047 0.0887761079922131 -0.00808127251005436
-0.0112241576494688 -0.0159108046364339 0.0986933885224115 -0.00779839749727525
-0.00632882383845187 -0.0305282807625772 0.126788259899519 -0.0174666583797245
0.0114806516585306 -0.0270953836111681 0.151954450110037 -0.0587448497180636
0.0457462680336797 -0.0257728667971487 0.102870417851428 -0.0124770296675305
0.020724574525074 -0.0271839794185554 0.0101416015235807 -0.0396058695314559
0.00854835007286533 -0.0150040087737463 -0.0612351418282851 0.00690959205946751
0.00426571154356653 -0.0197532023129546 -0.0822309564402097 0.0702513440798701
-0.00942638650929152 -0.0273551198052644 -0.0293467734098358 0.116658523250222
-0.0271185283038751 -0.0215314565537062 0.0291664388708521 0.108912958534779
-0.0346928803395716 -0.00947734156349252 0.065330776404356 0.0738880320256246
-0.0459644097762613 -0.00470435562491279 0.0811091540473065 0.0318996816194407
-0.0456012665079434 -0.00248341154028588 0.0812345983895927 -0.00742378184401694
-0.0551176643541858 -0.0115782103482573 0.0878237158537519 -0.0296454485509936
-0.0505167177257419 -0.0397039661074572 0.0905247260307736 -0.0294656369212001
-0.0283477604942836 -0.057113717566036 0.0898421513387558 -0.0248770182092661
0.00445040335545179 -0.068468166453945 0.0966480075910233 -0.014055816161937
0.0377649035519676 -0.0723365737645705 0.111574069549761 -0.0151375985469409
0.0624971034038826 -0.0564060618973153 0.12750551304931 -0.048099095225469
0.0862218185914934 -0.0258269989278751 0.0767730547216459 -0.00806808669477177
0.0679559874413595 -0.0417045099639448 -0.00782783432055272 -0.0386732077383786
0.0423692882255424 -0.0432793898673183 -0.0693835504499182 0.0043344611851385
0.0143532145665474 -0.0567176676208665 -0.0864640861542878 0.0636306814037037
-0.0171080622452773 -0.0620969511694904 -0.0355201992599948 0.103059464606809
-0.0459053663387986 -0.0480588679884067 0.0144242273892168 0.0963205918608971
-0.0585740222492574 -0.0248875050925851 0.0453098505398738 0.0690130741280807
-0.0717499948468241 -0.0168438018385005 0.0582831346163548 0.0289002618114235
-0.0721465171381637 -0.0131486903320542 0.0566884677660015 -0.0112657727847055
-0.0837123287377458 -0.0260215933919251 0.0622552720861152 -0.0406265264445813
-0.0786153856750873 -0.0657555070668271 0.0715785791853845 -0.0501217166054548
-0.0459772191775049 -0.0926334140736424 0.0856673406380822 -0.0452268105186641
0.0109468710335854 -0.112633777213061 0.0941209040220121 -0.0213201233458294
0.0711416110393573 -0.10602218320367 0.0953295087387729 -0.00528472646229847
0.101523795407686 -0.0770284156160789 0.0900002172291973 -0.0267678211447934
0.114606734105348 -0.0241395265619026 0.0334250874114301 -0.00289263797815392
0.105836760184491 -0.0549957592053608 -0.0367569187125158 -0.0367950180459722
0.0706796543712261 -0.0719690597064867 -0.0814075072541077 0.000226115957120536
0.0191618920853399 -0.0918323767281664 -0.0895597160839995 0.0527776015393106
-0.0262079674017267 -0.0905633923507918 -0.0437036382770623 0.080733542155182
-0.0613358975558748 -0.067106879294335 -0.00677704894776616 0.0764421169535033
-0.0747451108179958 -0.0363229126297805 0.0177182702669461 0.0575853928478562
-0.0864284065049977 -0.0275948399853133 0.0280815884912134 0.0218487216128388
-0.0857398672997625 -0.023782818678479 0.0242354583385053 -0.0164283942836836
-0.0988597543452844 -0.0394759822345386 0.0305095598160376 -0.0496041532005806
-0.0918037859697517 -0.0839840941189549 0.0468925467250441 -0.067929836737498
-0.0538597665989201 -0.115093849943186 0.0769147063099619 -0.0629020914417225
0.0192729370350172 -0.137998011082236 0.0895620814481543 -0.02465587873469
0.0951808297968199 -0.122221394864021 0.0773304145545368 0.0116133545142169
0.125487236501427 -0.0827101098339826 0.0451147093787089 -0.00133597289238432
0.123469925845592 -0.0215228152330048 -0.0201728367553646 0.00676866338436631
0.122944480571519 -0.0637732922753268 -0.0712086988222515 -0.0269793954883752
0.0825923198054542 -0.0923655261824823 -0.0925854037359433 3.43165270452884E-05
0.0162827422270758 -0.112728288766876 -0.0883561569579905 0.0385991075416105
-0.0359115547385143 -0.103106876991791 -0.0537995140460567 0.0518861397857389
-0.0693362151824719 -0.0735040450523781 -0.0324516118488444 0.0518415524938818
-0.0801304766298806 -0.0401339292127444 -0.0143129140692874 0.0428786130928174
-0.088840103651193 -0.0332748961196658 -0.00515278012072333 0.0108432180357695
-0.0849227683759657 -0.0322934996349025 -0.00918678439151501 -0.0245677486028706
-0.0963111164444634 -0.0504303196779686 -0.00145062887333698 -0.0588942805634561
-0.0851961699680749 -0.0936488384556552 0.0212742152363362 -0.0824240132332515
-0.0451323725023116 -0.121286113954987 0.0668950103078926 -0.0756093114737562
0.0320405325501017 -0.139540070071234 0.0818298886343358 -0.0234894784507667
0.109293011802217 -0.11474623680253 0.0570609126089273 0.0275356288981633
0.131888947321816 -0.0715856087572271 -0.00171789761315377 0.0202367194347055
0.110277200730674 -0.0175446032734963 -0.0735765407977524 0.0218759009882738
0.115432351397048 -0.0615188020339538 -0.10106796077121 -0.00626867634822593
0.0760675311503943 -0.0937758103127025 -0.0988140455382081 0.00409219777479987
0.00848946105806863 -0.109377594495999 -0.083716595869524 0.0235886314566236
-0.0393000610792715 -0.094373037835834 -0.0661664321441796 0.0240919037480989
-0.0658517082376384 -0.065460046070484 -0.0594953170000522 0.0308840716605022
-0.0736882877067016 -0.0365594451219937 -0.0457373514192582 0.0285302432092328
-0.0775403317619689 -0.0338357041356273 -0.0363326171201706 -0.00158131502677477
-0.073359143908653 -0.0368633433521318 -0.0394305600173673 -0.035927079232958
-0.0793345234812312 -0.0564805073092236 -0.0263676498270115 -0.0701632781887508
-0.0609393915132741 -0.0916595651933112 0.00484846549151564 -0.095721961707061
-0.0199590975760054 -0.111702017281354 0.0607007545588211 -0.0821207027080646
0.0503618894769269 -0.116495067718026 0.0724689852092197 -0.020894808409235
0.112752454739093 -0.0839557207754964 0.0338290400443327 0.0372415783764335
0.12107460202213 -0.0456686443077949 -0.0458287386931119 0.0315169409185315
0.0780617217854105 -0.007699680278822 -0.115668927966751 0.039983392364
0.0870154191224779 -0.0430023500774795 -0.119289475165272 0.0168449814038998
0.0568747926022328 -0.071486235915235 -0.0993541048182444 0.00894544884934514
0.00368441125882381 -0.0812234673233082 -0.079083898252026 0.0105355882565532
-0.0300668198045474 -0.0671402063534473 -0.0793614117259827 0.00431143402291242
-0.0476325247694107 -0.0478238761857799 -0.0826794410635726 0.01780507787152
-0.0532528830702197 -0.0284220857371968 -0.0724975428851119 0.0171942315174071
-0.0555594947272078 -0.0295225389742925 -0.062346410145265 -0.0143740627844193
-0.05112148889194 -0.0351880121842081 -0.0618753345566108 -0.0495768209731822
-0.0515478203246773 -0.0522312608419939 -0.0399535856013407 -0.0832065382804981
-0.030839414546528 -0.0756671399137121 -0.000611398937098044 -0.107232145845105
0.0051885067758222 -0.0856772472397283 0.0586848032680755 -0.0851888319562821
0.0598437979454864 -0.0773043232810431 0.0632177885987889 -0.0193736939958736
0.0993033690901819 -0.044118268904197 0.0125387867464816 0.0364379389194353
0.0927349443213157 -0.0147563905800472 -0.0797072815146554 0.0312996221152054
0.0341345020104983 0.00917829028131603 -0.139375433999393 0.0563787653067783
0.0478463139433351 -0.0118839436071852 -0.122350210917466 0.0347876398182768
0.0335616935623727 -0.0331477264025497 -0.0980759943167859 0.0136348878953663
0.00450276065810435 -0.0376636285291591 -0.0769707566023741 0.00603566067048056
-0.00980645241250682 -0.0301171546931884 -0.0882052561452454 -0.00164506256405329
-0.0169009809432522 -0.0251642689595698 -0.0953043720256257 0.0145038043820919
-0.0228638192320056 -0.0182618034330357 -0.0881353685179216 0.00989668080291528
-0.0254967970523104 -0.0203203605032873 -0.0772693682430866 -0.023868728689253
-0.0235696158461518 -0.0254481263647731 -0.0731667492525411 -0.0623575025247481
-0.0211704908174922 -0.0352675060829891 -0.0438065018016743 -0.0960784600517383
-0.00490828439830468 -0.0469998465799098 0.00267954190822344 -0.115105520471931
0.0180185014246421 -0.0503983831864471 0.0618427475950609 -0.0853735676284956
0.0525295621534812 -0.0371207422660788 0.0574709560747124 -0.0207467924403709
0.0671793908566559 -0.00620368229130592 -0.00100882494068164 0.0264781181583719
0.0500005451651095 0.0118076832129578 -0.100079983581267 0.0203872722524211
-0.00135117144441464 -0.0222514215372387 0.110518061577184 -0.0256267874237635
-0.0258914743862528 -0.00850190505899873 0.0111822126415933 -0.0465751949339289
-0.0207108664509652 0.0108087452991357 -0.0621113988388924 0.00929886793308805
-0.00508075166209162 0.0138720117865627 -0.0773106640539191 0.080112220709626
-0.00148774641279519 0.00785133876065192 -0.0160707021124504 0.127502627923278
-0.00576201669747957 0.00677325873445076 0.0473379107828678 0.112263912819868
-0.00664361159139555 0.00755958776561584 0.0806312413748509 0.0683586550523151
-0.0132782872202497 0.00898100558266703 0.0952106937274982 0.0264276563762824
-0.0128330270800925 0.010102550974315 0.0953601424315396 -0.0103533788368943
-0.0176167099311255 0.00791182671196481 0.101378667525833 -0.024166161630217
-0.0189245016056326 -0.00380976755625473 0.100303122568107 -0.0164257534239367
-0.0137328189569237 -0.0077571980780761 0.0901050266882098 -0.0123160238146934
-0.0125830485839707 -0.0158198612487709 0.101065519875858 -0.0120557547266766
-0.00873273883197818 -0.0304224134539202 0.128280267342862 -0.0253567912737037
0.0105800216201762 -0.0280784229087599 0.150175104365269 -0.0683082440826522
0.0451906553514385 -0.0289739154659819 0.103530764558243 -0.018969904393481
0.0195278948893789 -0.0289899973837587 0.00646963920760008 -0.0420440478926276
0.00849588003106051 -0.0162448303093157 -0.0620292116540053 0.0100084007364079
0.00317062506790093 -0.0202758789691095 -0.0799141781318787 0.0757593016077527
-0.0115566284083606 -0.0269144236777952 -0.0230490631191593 0.120174206148393
-0.0288335437837639 -0.0199298318517962 0.0363384626862689 0.108840847117621
-0.0364640032648833 -0.00771104981772326 0.0708887180361256 0.0704302961389244
-0.0474346233715082 -0.00169102901867698 0.0847359430696094 0.027018034591668
-0.0477032358897163 0.000421182434672116 0.0820781493196364 -0.0130915079310285
-0.0568456208053707 -0.00827629935518208 0.0869885919642061 -0.0358967524402281
-0.054549500451974 -0.037403124165743 0.0906202176414323 -0.0359663853055912
-0.0323620459711575 -0.0557413838935349 0.0896739744512372 -0.0295563220159009
7.55335012658279E-05 -0.0699738345907286 0.0986567414490853 -0.0192650604580123
0.0332343710329592 -0.0755584452616695 0.112964407311002 -0.0217629311830046
0.0599221145140639 -0.0604396369539412 0.125718264439625 -0.0566035159180119
0.0866443476185133 -0.0314240178954591 0.0774779512382235 -0.0135712900671517
0.0661131668862153 -0.0469390154490275 -0.011693132562131 -0.0404453036054098
0.040911028358964 -0.0464691945527575 -0.0710180592366331 0.00705699175342886
0.0108927414858978 -0.0580538282300268 -0.0844030505220774 0.0696587700588797
-0.0216326712996085 -0.0618164216818968 -0.0306465793341192 0.106557699386106
-0.0498705860840996 -0.0453083403926566 0.020183840149206 0.0971715702015309
-0.0611468502526526 -0.0216197068221556 0.0499244273849428 0.0666422773340171
-0.0743515846752205 -0.012196399433232 0.0613056736952122 0.0254514033160702
-0.0745866795360475 -0.0085663611527607 0.0563543839577918 -0.0151821953312551
-0.0866938116693912 -0.0210781702709489 0.0601363917100039 -0.0456964745530661
-0.0845002559411256 -0.0617031289275299 0.0701191544123602 -0.0559092642683189
-0.0536064267998869 -0.0909674828000012 0.0839079814994125 -0.0504256528518061
0.00428587023623736 -0.115866087663452 0.0960790769103609 -0.0257560916897451
0.0646591822059294 -0.112914219645131 0.0966421715635286 -0.00958510633682403
0.0984006785526642 -0.0834524479252763 0.0896333638890083 -0.0329047596611051
0.115910204807843 -0.0305652391551222 0.0339203501830558 -0.00497538526454763
0.104176203572723 -0.0634573850289639 -0.0410859291284223 -0.0359281169902248
0.0676383924477835 -0.0776218256646638 -0.0829686385173714 0.00317380792484229
0.0135067874242102 -0.0943385525580496 -0.0880491661465725 0.0594348694896132
-0.0335969213824817 -0.0899932236569742 -0.0395302350477777 0.0842343068107184
-0.0673391263945935 -0.0643644275092059 -0.00324129428551745 0.0782075946338463
-0.0788700943745413 -0.0324666299854968 0.0213511883848734 0.0571541409957536
-0.0899516117876688 -0.0225436095374733 0.0296589577558638 0.0207220999915593
-0.0884590074877128 -0.0187052125466927 0.0233642706557003 -0.0182140078138561
-0.10312297187219 -0.0333335646830674 0.0271751279950049 -0.0524810064441776
-0.0992321246216015 -0.0793205233268589 0.0432785698737463 -0.0720054748945405
-0.0620801059350061 -0.113531355169108 0.0739518078138875 -0.0682045142310306
0.0101525795063777 -0.141668651362685 0.0910919642884645 -0.0287320143659743
0.0887691481012647 -0.130933708812495 0.0792926573550688 0.00767621152187578
0.12252136460081 -0.0902363878556642 0.0459123138014323 -0.00423085170645927
0.125362425201895 -0.0283748551366055 -0.0207621570481443 0.00805632469521728
0.121088829411629 -0.0730529622217029 -0.0747161859999517 -0.0230791921211409
0.0792468789448658 -0.0990549645556852 -0.0944353125593924 0.00336205449301795
0.00922459485957122 -0.115811921801607 -0.0878968128910647 0.0441937660424614
-0.0431985474904307 -0.102283297371773 -0.0524408302047296 0.0557583197894197
-0.075625166183111 -0.0701556455198017 -0.0303792662920135 0.05519246150162
-0.0848137556089339 -0.0357892880789895 -0.0115248461751844 0.0446089471839322
-0.0919856141511941 -0.0277524284454802 -0.0049555115305324 0.0117775051268684
-0.0888938148167793 -0.0271366135452922 -0.0118794965245674 -0.0244439257216035
-0.101617993033897 -0.0445673510225069 -0.00564238541654365 -0.0599559758140717
-0.0931646686223848 -0.0893725649414605 0.0165218693488931 -0.0861517984396519
-0.0532326893650292 -0.120369315881676 0.0626897720385405 -0.0809404776562134
0.0235209100313146 -0.143920709100657 0.0826969974542578 -0.0280094390459443
0.103604529485046 -0.124332279490479 0.0588499345683856 0.0254087284339463
0.130305600075514 -0.0793836752876741 -0.000535862289594009 0.0201501883075024
0.112298287889093 -0.0240291817457302 -0.0738754113818838 0.0265187885194482
0.113560965130007 -0.0696780419603576 -0.104139292236621 -0.00080216298970311
0.072458315505188 -0.0997897413942153 -0.0997878067061794 0.00756436724016947
0.00156299472102393 -0.111270771755294 -0.0842231310282874 0.0277875315064386
-0.0464178472328698 -0.0926430609374963 -0.066768141310468 0.0279143537972117
-0.0714268176494954 -0.0624542583511403 -0.0591944395511555 0.0354837717622498
-0.0770469037811589 -0.0328284492017993 -0.0442799112830364 0.031818303404205
-0.0809934664252982 -0.0294157282353935 -0.0374235081022116 0.000343132018973079
-0.0765507111446335 -0.0326581356923122 -0.0432250174873668 -0.0339730252853998
-0.0837928695513531 -0.0517468593137232 -0.031961081458574 -0.0695486339571981
-0.0682109026568096 -0.0890151815850051 -0.000712852571003218 -0.0978943909883295
-0.0269301533276825 -0.111854244327787 0.0564101960371126 -0.0875208718526351
0.0436120221916574 -0.120605865109193 0.073285886959348 -0.0245303115257579
0.109253605123995 -0.0932246958070346 0.0362087247582734 0.0373101226657415
0.119922703892461 -0.0523033242104158 -0.0438188332084711 0.0345095346682162
0.0796054226938494 -0.0117001986052674 -0.115765966768767 0.0475626236318483
0.0854236472434947 -0.0496933819800127 -0.120473135283668 0.0236160933315448
0.0535845062030357 -0.0762327676813592 -0.100820053823517 0.0133675646667638
-0.00176291414875494 -0.0826795783074068 -0.0798026104604457 0.0147112285491269
-0.0352070035629221 -0.0658045416855833 -0.081115843362704 0.00878289103016028
-0.0512364931639391 -0.0452692672272954 -0.0835949464886152 0.0231897962395486
-0.0561232833442048 -0.0256731934594532 -0.0715993693378951 0.0219018183423447
-0.0583944622264561 -0.0259194764425093 -0.0642064037530324 -0.0103417736963745
-0.0536739477143138 -0.0320042323577139 -0.0662377956164587 -0.0464751041588384
-0.0554301862425048 -0.0490720999025812 -0.0471280632658429 -0.0825552305265888
-0.035613986152462 -0.0747126247097316 -0.00691326379957086 -0.108922294740874
0.000180325291096212 -0.0865026389355859 0.054412883526952 -0.0904726418606799
0.0560658546039811 -0.0821985328588725 0.0632975306250016 -0.0222850858776788
0.0974809197923082 -0.0506099603345794 0.0148006993404819 0.0366627320059773
0.0932630618004465 -0.0201534611346947 -0.078426955876001 0.0358939475990282
0.0357404997174691 0.00782065462257059 -0.13821852346872 0.0649382156226201
0.0475894861898059 -0.0151708535609545 -0.122176693683428 0.0424304903265628
0.031728139228506 -0.0362139365155272 -0.0992714610533779 0.0188627122879401
0.00155942715952103 -0.0381701383706373 -0.0786392154749564 0.00914420322490292
-0.0124693051775877 -0.0294651761096939 -0.0910312888022316 0.00284195728627598
-0.0187350200384073 -0.0248941152896882 -0.0961613005556722 0.0203774074230972
-0.0243664806440311 -0.0178302269935662 -0.0884401926969191 0.015908395984027
-0.0270127252149994 -0.0188492454991543 -0.0801506184703337 -0.0194111018893297
-0.0249944738497269 -0.0239358986880326 -0.0782147168995044 -0.0581436892570067
-0.0240617390985421 -0.034250166993131 -0.0503694727597582 -0.0947727397831171
-0.00797865082290167 -0.0468430777540909 -0.00443525551357359 -0.116698346807429
0.0147113843061558 -0.0523048733299099 0.0569888883620983 -0.090145114294114
0.0512185224424331 -0.0401505502149611 0.0577285304300429 -0.0234087822662693
0.0676059991699066 -0.0100698551291773 0.00110520266958215 0.02795014599828
0.0519147278323279 0.00961640111822748 -0.0992316738371535 0.0268459749901719
-0.00273481272518536 -0.0221135339508726 0.107580633405434 -0.0328217693504261
-0.02625711800876 -0.00663462583397189 0.00687514952130905 -0.0477070708214129
-0.0195859897524528 0.0120406275142096 -0.0611410846928657 0.0125709667580415
-0.00419649945465717 0.0140902750270323 -0.0712421320870025 0.0840805501706065
-0.00129914016165982 0.00785139385557969 -0.00828960004862101 0.126688615806009
-0.00515041346165556 0.00731769447463582 0.0535470849492518 0.10722752905263
-0.00668743790064051 0.00815853804941752 0.0834868448783557 0.061939174523533
-0.0126368386569769 0.0100625361474133 0.0959440727359405 0.0196356313012579
-0.012795110854937 0.0102310390014056 0.0932300081963336 -0.0166871355996208
-0.0164606517309804 0.00815241933981968 0.0984409226223231 -0.0312722588949962
-0.0194413272119504 -0.00297594586827857 0.0986911416187325 -0.0225094133544768
-0.0133866846224655 -0.00699492968993292 0.0890202327279697 -0.0161692689789273
-0.0133588847154954 -0.0152992216066784 0.101014569022758 -0.0170674376214358
-0.0105236197405075 -0.0290014634994558 0.125988757630092 -0.033144495657339
0.00905140021111113 -0.0280196579700526 0.14340855222757 -0.0763545104671381
0.0432185247841548 -0.0312914241214156 0.100700640664305 -0.0262876337922816
0.0174566486853877 -0.0295663652298594 0.00230467477195037 -0.0419442083698463
0.00752365442883705 -0.0164966102168727 -0.0618256184929785 0.0121009610321237
0.00191034633710197 -0.020016230756336 -0.0747386773058769 0.0798345784882775
-0.0130220793280987 -0.0259275525184932 -0.0149852816918303 0.120494550727195
-0.0300301277018297 -0.0172727529003482 0.042617020294122 0.105466065007738
-0.0368343115628248 -0.00495578533483709 0.0737137470682609 0.0641326528279653
-0.0469793460909308 0.0018944097868473 0.084849246933699 0.0214944142763765
-0.0472214208681786 0.00320141401694236 0.0798739248796784 -0.0178572670434392
-0.056665886834581 -0.00493639603212374 0.0835861982406875 -0.0412536264705126
-0.0567670952315949 -0.0339458776151022 0.0880266041519035 -0.0414007922134355
-0.0355020078992232 -0.0533600498683601 0.0871717292281381 -0.0336409496391188
-0.0047759122812699 -0.0695233022419793 0.0975225200686879 -0.0241059169529305
0.0275080678203442 -0.0771151448636496 0.110835844952896 -0.0280002376703863
0.0560775127586175 -0.0621772031858348 0.120211651584796 -0.063876667647791
0.0845702152844057 -0.0359800173815209 0.075079344893588 -0.0177116770556331
0.0619337394055498 -0.0509705007690425 -0.0154552393102669 -0.0398048103622907
0.0382612089332344 -0.0489236289984104 -0.0698480594323867 0.0094769369322639
0.00769081248626896 -0.0584153236005408 -0.0790631910703905 0.0739315449548356
-0.025385332788971 -0.0594092912482794 -0.0238581741266656 0.106690015011062
-0.0526400358540605 -0.0410803009796258 0.0254298067377338 0.0953299297274522
-0.0623771282729073 -0.0171634855473101 0.0532012055071499 0.0621503199819163
-0.0749287085060363 -0.00673090949630714 0.0623949285313817 0.0216420189287495
-0.0742948599499003 -0.0038017949834869 0.0539509367818471 -0.0181595416477685
-0.0878290920890533 -0.015221622972821 0.0560025844618884 -0.0489024314108774
-0.0882280089400464 -0.055734003769372 0.0662751038013662 -0.0598646081427202
-0.0586741111413774 -0.0867969136545283 0.0798156168584149 -0.0543783265805281
-0.00412092837467409 -0.114553948864011 0.0944128331727866 -0.0300078826999652
0.0565016065624357 -0.116328797626127 0.0948134933967625 -0.0151787872066646
0.0923878081571342 -0.0879288931617597 0.0861209341341109 -0.0382384873262349
0.113663305936507 -0.0372342068803517 0.0319916266233761 -0.00653471853662366
0.0982167469384008 -0.0698879577326105 -0.0436420851530116 -0.0328671530312671
0.0626300623800706 -0.0811994579821657 -0.0824423688962761 0.00601257320951764
0.00739646201919074 -0.0939241436879415 -0.0839670666097568 0.0635366062769847
-0.0389276429568302 -0.0866800196783297 -0.0349745076998143 0.0853219137536151
-0.0711977700298589 -0.0585209233159135 0.00111182139320493 0.0776625533642197
-0.0796200151127769 -0.0268390970364433 0.0250758979014523 0.0548342578373268
-0.0911530239766431 -0.0157866582082922 0.0303370105806558 0.0184601490781277
-0.089129023674219 -0.0127120308316936 0.020963491198005 -0.0192336303076967
-0.104576082210587 -0.0261567257779558 0.0231891686969296 -0.0536239866010953
-0.104159046282503 -0.071472235555453 0.037949188097846 -0.0744617885803097
-0.0690955216511114 -0.107862981997951 0.0685597507043021 -0.0715753956467814
0.000675898352421349 -0.141341957222324 0.0888991494887784 -0.0326065968019785
0.0791786989788157 -0.135765866798728 0.0786825299617331 0.00380468835942785
0.115849407607593 -0.0961731194024361 0.0449025667545016 -0.00749201780243802
0.123538786165439 -0.0356191010540475 -0.0205167851214587 0.00933807239389097
0.114833941898274 -0.080603421067218 -0.0760324985759538 -0.01827648679425
0.0727547465433403 -0.103229523142887 -0.0938561196939875 0.00657845851493887
0.00188305491087836 -0.114438522424782 -0.084872028013426 0.048937037001376
-0.050368765159051 -0.0978330659896923 -0.0490125801285197 0.05763769166877
-0.0803762871335195 -0.0640895512527492 -0.0272502853231447 0.0571226900866116
-0.0860667186800866 -0.0300419384027382 -0.00788823489513191 0.0439407796517337
-0.0932491604610754 -0.0214039122101234 -0.00456015048387437 0.0119489559142479
-0.0895662741757546 -0.0211400151295329 -0.0138063632043018 -0.0229190573293504
-0.1039152966365 -0.0376714845977835 -0.0100704690736705 -0.0586575231253223
-0.098072520238945 -0.0820911549095094 0.0112201202791855 -0.0864831431061826
-0.0605170782634647 -0.115042375807661 0.0564801938125221 -0.0835198816503464
0.0138177768182287 -0.14378440466622 0.0807149874606808 -0.0317557371297462
0.0938243963894974 -0.129950816390442 0.0603198714577363 0.0225529350216357
0.123606785061371 -0.0854119224031111 0.00123387036959169 0.0194471384159568
0.110966390123826 -0.0300598686571185 -0.0726169103828677 0.0307249259223547
0.107120226017334 -0.0770891809020036 -0.103566751144451 0.00578552721625727
0.0650218845889254 -0.103223398751691 -0.099079281651777 0.0117769736701164
-0.00534065581558926 -0.109870891383193 -0.081966303707777 0.0316281693113687
-0.0522340190534859 -0.0889114173902727 -0.0652495558134135 0.0312289608682925
-0.075417303623339 -0.0566926295808524 -0.0567342741567745 0.0393879782552091
-0.078563899031879 -0.0276996991391585 -0.0413953275491332 0.0335652871053517
-0.0817194915816962 -0.0235077887654636 -0.0376219604680187 0.00355267247072755
-0.0777027035129393 -0.027013954568362 -0.0457775201741667 -0.030871731655208
-0.08671304319953 -0.0454661406214876 -0.036038339285013 -0.0665923847465976
-0.0736567019843892 -0.0833404346705655 -0.00713988684132686 -0.0970221801745036
-0.033785164946069 -0.108376550076136 0.0499850549230705 -0.0896561668422274
0.0348504393271242 -0.121872793789226 0.0711506870677591 -0.0274311500243625
0.101501147752174 -0.0993272147062132 0.0380784723799256 0.0350210345086156
0.11540217194756 -0.0579108816034202 -0.0402299292699143 0.0361031821260117
0.0786478490442423 -0.015904348934475 -0.112463692612077 0.0543627435387447
0.0810936424437355 -0.0549621979605383 -0.11770356752366 0.0313689511115151
0.0475732632656133 -0.0791151811771922 -0.0992753671588401 0.0172367781632497
-0.00738654509652413 -0.0810028459185092 -0.0792012028802488 0.0180482837785349
-0.0397745453649698 -0.0624126361100993 -0.0811121454419934 0.0131809434919237
-0.0544299262497893 -0.0410098733260361 -0.0812172342226798 0.0289354332209779
-0.0572996416503758 -0.0219759681381462 -0.0685415400024874 0.0257557484826735
-0.0592640667857614 -0.0215033448719795 -0.0651470635793638 -0.00572295966886443
-0.0550630694729427 -0.0281513354897831 -0.069627582652181 -0.0410339533698901
-0.058454536635694 -0.0447989731279828 -0.0518602241698417 -0.0780814700791604
-0.0402862681663191 -0.0711726310045148 -0.0136291231938694 -0.107192962803632
-0.00531181121064063 -0.0853545785800272 0.0480460820031729 -0.0926586781938277
0.0498731846217979 -0.0839350125653758 0.0616481018401071 -0.0252332391634594
0.0930477897251913 -0.0560415823069771 0.0173386364549433 0.0363624607547345
0.0908887621713217 -0.0248854404531488 -0.0744382565795266 0.0398536555826011
0.0356375609735541 0.00614053759041045 -0.133740224347707 0.0723518843806896
0.0461329772272117 -0.0180753849529079 -0.118203457127438 0.0492598464534864
0.0284671574684634 -0.0380251995058011 -0.0971644344502974 0.0229370401283791
-0.000828322340887726 -0.0374990625672336 -0.0774697816644902 0.0125163294514856
-0.0141002142237374 -0.0276805085451489 -0.0907786281475281 0.00845050563285121
-0.0204518469306319 -0.0231153610116497 -0.093294080213215 0.0269003976023087
-0.0251455306003872 -0.015787226522526 -0.0858132009727203 0.0215768919715218
-0.0274388065934328 -0.0168483291193799 -0.0813766275588799 -0.0141076311060978
-0.0259377744932268 -0.0216687164207497 -0.0824909412511957 -0.0526582054625755
-0.0253110873345399 -0.0321272012216248 -0.0556260060970761 -0.0902079518084357
-0.0105643634157718 -0.0460280321659315 -0.0112268612153353 -0.115204064719707
0.0118172656993012 -0.0522356102147574 0.0508816757135176 -0.0922716924921863
0.0472952040400917 -0.0429112292137668 0.055243687167375 -0.0253994241163479
0.0662454547782975 -0.0145174041721086 0.00293805117616995 0.0280818947171362
0.0511874944112895 0.00643034385498626 -0.095059336900934 0.0324393645475562
-0.00334711909023203 -0.0213929216601264 0.101921376867818 -0.0372664638211051
-0.0253786476092648 -0.00513357429647481 0.00320352721677561 -0.0465272608320618
-0.0183057038404391 0.012218713992426 -0.0591634013980091 0.0146071959407263
-0.00323817118209871 0.0137847203515076 -0.0658482307428481 0.083830100933149
-0.000419564741268693 0.0077476778283381 -0.00153041290646008 0.123362140430683
-0.00444958888328516 0.00738515662238897 0.0567450055623348 0.101753354219929
-0.00640774716517893 0.00867415625452836 0.0825743455770758 0.0562001206280912
-0.0119113214807633 0.0108048574090917 0.0938207165981111 0.014140591573423
-0.0117849480834961 0.0104893266230967 0.0892293092983025 -0.0203078257704132
-0.0158114780019784 0.00860054069119649 0.0941130158244909 -0.0356145379483388
-0.019029777473804 -0.00206832393967239 0.0950808125751559 -0.0269742377110364
-0.0135691085016523 -0.00613414779009915 0.0857050623103651 -0.0183062310213118
-0.0136271985936028 -0.0144586584564568 0.0985670406667706 -0.0200810760095708
-0.0120504763879747 -0.0269555329819218 0.1210686587449 -0.0367029862292003
0.00788028676759606 -0.0273146683162285 0.134589405940807 -0.0798770996913296
0.0410038426224986 -0.0324025122173704 0.096317210372763 -0.0300731386603849
0.0150373035347805 -0.0297092263019914 -0.000868410115727717 -0.0412920441676332
0.00726618876974381 -0.0169714084894141 -0.0596778744993536 0.0136716277696925
0.000587361164543561 -0.0198383171063526 -0.0691244845209078 0.0805239251622066
-0.0139937295661018 -0.0245128401118221 -0.00902278019942179 0.117344040622974
-0.0300955173619272 -0.0148079318199728 0.0454362314857225 0.0999171181583682
-0.036208322649731 -0.00243466843744281 0.0731784183749549 0.0593979079550856
-0.0457466807622948 0.00426577947529801 0.0835671399103229 0.0165257901282234
-0.0456839402422046 0.00571024066654313 0.0764535109092055 -0.0209571767755328
-0.0553986545942009 -0.00267301261461412 0.0786542671270363 -0.0444464342037013
-0.0573894439310127 -0.0301333385834406 0.0838643237028417 -0.044931495469758
-0.0369966194274163 -0.0497984701882313 0.0835707628252996 -0.0357832239427515
-0.0079975421688407 -0.0678115564817579 0.0953076843527111 -0.0264481282886878
0.023387027995753 -0.0758720854576637 0.106097379654103 -0.0316223061060285
0.0525152749393009 -0.062686992960194 0.11273035136973 -0.0667574367964205
0.0812977894145863 -0.038815258627752 0.0710377323315658 -0.0205940433495831
0.0576370773569523 -0.0525001593428659 -0.0175821177318918 -0.0372615883826129
0.0352221886954204 -0.0494017701955554 -0.0680397121859984 0.011157184033156
0.00445425178665013 -0.0568038406461361 -0.0738213565163659 0.0749083853237215
-0.027853181674042 -0.0563020267269956 -0.0184426038840561 0.104731463759794
-0.0534636598109994 -0.0364706819801219 0.0286710288897079 0.0913308928406518
-0.0620863833753821 -0.0140366857062368 0.0543793484222991 0.0576295038655968
-0.0730229111596814 -0.00297302071495666 0.0612974740653823 0.0178759921350608
-0.0720479294852923 -0.000247181815568175 0.0506425674593707 -0.0197827972829509
-0.0860552130739848 -0.0106762177028647 0.0517105791706348 -0.0502583954529407
-0.0890672328709304 -0.0494771065027061 0.0611942273179227 -0.0616458055340462
-0.0606035262507238 -0.0812016925250077 0.0747709624500276 -0.0550552152125743
-0.00908911412102136 -0.111254793416393 0.0915003150569146 -0.0320746451135908
0.0488987572425479 -0.115673952016141 0.0910760125974671 -0.0182158529114944
0.0869380724658153 -0.0887721392948067 0.0810773912704957 -0.040372371653642
0.109746669249481 -0.0415263600113164 0.0304169245391974 -0.00797254191020035
0.0915204664959987 -0.0724237965339998 -0.0440996451368873 -0.0307331039649618
0.0574646233024682 -0.0819365275557341 -0.0808362085495135 0.00799314450026287
0.00297609393638835 -0.0914889318924629 -0.0788219358579206 0.0649383175484921
-0.0428096112007747 -0.0820727379064999 -0.0306430320020878 0.083989376435957
-0.0722966014655077 -0.052481218848537 0.00408419297053432 0.0758945150332755
-0.0795280874092931 -0.0222272216737208 0.02653283724034 0.0516981573819451
-0.0885675212007685 -0.0103063149667643 0.030160522214786 0.0170337672501101
-0.0868051149685097 -0.00863386631777116 0.0187873062379064 -0.0187860402171077
-0.102744593236266 -0.0203293466733421 0.0187442738635675 -0.0529532890236414
-0.105075294281713 -0.0645527339973495 0.0332385521495769 -0.0746265077710565
-0.0719168959142562 -0.101812271341462 0.0632253039628012 -0.0717413616459932
-0.00620034764182749 -0.137225553948711 0.086012066316813 -0.0345571879568042
0.069280405620742 -0.135842240812936 0.0764709278891794 0.00108738998939623
0.108960528842855 -0.0975768032581837 0.0430023231555675 -0.00940407444956552
0.119409551371238 -0.0403557691054091 -0.0201176985303537 0.0102971096424178
0.10696444415179 -0.0838692047286316 -0.0746409385914553 -0.0146219202912707
0.0656871878241262 -0.103927330064939 -0.091454200130957 0.00881891651929777
-0.00387355066292715 -0.111261177493849 -0.0803711602275422 0.0504079634320813
-0.0539587953505349 -0.0922406375722082 -0.0456816685886531 0.0576079540710274
-0.0813388405600432 -0.0575526648218463 -0.0244429770557108 0.057372610494659
-0.0857887822787102 -0.0255125068619712 -0.00579389567573256 0.0425388691297946
-0.0913103016052841 -0.0157767574477299 -0.00393341875531537 0.0120079877622758
-0.0879272781031741 -0.0170344848874557 -0.0156795612016453 -0.0211814230442183
-0.102253879055844 -0.0316965910122894 -0.0128997427184237 -0.0557441015343578
-0.0999293158798214 -0.0745691455765767 0.00663695172902925 -0.0846420026986738
-0.06398433160512 -0.108655699604239 0.050840102540932 -0.0829984834367117
0.00600224348841779 -0.140674182724312 0.0782562903062029 -0.0325914333940888
0.084895023202212 -0.130583134674928 0.0594779435757322 0.0201022157759934
0.116609292886818 -0.0871311174733492 0.00212446247512543 0.0184671623745937
0.10719221028225 -0.0339753470459022 -0.0694899027469171 0.0329364688664443
0.100077656001131 -0.0795935371899935 -0.0998781392438389 0.0102087675414534
0.0587166673354239 -0.103528514200961 -0.0966719141188484 0.014189483273319
-0.0106564595215751 -0.106198859330742 -0.078400009623645 0.0334374856963656
-0.055220334373388 -0.0829666706145143 -0.0628948686246365 0.0325501009630742
-0.0764792675620828 -0.051029353254899 -0.0537715466283046 0.0417852189735216
-0.0775942981242261 -0.0227684141274561 -0.0379710631928019 0.0337232760049266
-0.0807337958094739 -0.0184347861865525 -0.0367871088152275 0.0051945918334145
-0.0767055423776038 -0.0232558928476731 -0.0467198306516253 -0.0266035178335175
-0.0854724057984558 -0.0397554599711213 -0.0384484457651866 -0.0625861580103995
-0.0757506605179434 -0.0768490025977456 -0.0115292223158363 -0.0944751214605526
-0.037399582001287 -0.10339613488573 0.0437918099510277 -0.0891600305998655
0.027971523568079 -0.119791984918423 0.0684943214076123 -0.0287157037694995
0.0932277570450049 -0.1010008119034 0.0391875826745141 0.0337276436101983
0.110352616165072 -0.0603881407838878 -0.0373003143271336 0.0361668234980584
0.0769923785334389 -0.0187489334743903 -0.106986948096809 0.0574227728504391
0.0757565540388921 -0.0567867504395932 -0.112354510901362 0.0351723040878408
0.0426494204240095 -0.0789619750391691 -0.0958953335834098 0.0200596603032935
-0.0109848272312667 -0.0779709084307375 -0.0761104855025206 0.0198406839262152
-0.0414986716057578 -0.0579278308718913 -0.078898068965794 0.0156386583669727
-0.0552860636367072 -0.0373659134466663 -0.07783516528924 0.031873039523551
-0.0565224231771087 -0.018825921500863 -0.0653641334101268 0.0275109764695621
-0.0581030673298781 -0.0178763016383179 -0.0633320825195496 -0.00273705140232149
-0.0544998033419973 -0.0249577917020415 -0.0695901964151501 -0.0358397513835027
-0.0581190026237502 -0.0395764782041192 -0.053435963867407 -0.0733260003746723
-0.0422471029982069 -0.0671873490711115 -0.0184302047937212 -0.103902691560054
-0.00844605395077785 -0.0821993541555158 0.0421998069476899 -0.0922364510612949
0.0440686473272725 -0.0835568645509361 0.0594007526944765 -0.0258290354393428
0.0874514012178646 -0.0583917801127358 0.0187017761361284 0.0357457569061075
0.0867923690051474 -0.0271161439613432 -0.0697775239643011 0.0414899394508091
0.0359274670186078 0.00445663425021613 -0.12647605909205 0.0756499213733104
0.043263800706761 -0.0194176860390339 -0.112597492736724 0.0519283466227723
0.0258605987328508 -0.0377533315997155 -0.0940573121059162 0.0252964037828848
-0.00285048400609804 -0.0359932081990508 -0.0752799241379531 0.0142835472647151
-0.0152907325404841 -0.0259878603232559 -0.0887261987934267 0.0112750393107279
-0.0210302311899404 -0.0216110723601652 -0.0896700890943566 0.0309432316691412
-0.0252092708170818 -0.0143836983289794 -0.082337064450856 0.0240205890520423
-0.027539038881401 -0.0144311749285698 -0.0801956024303331 -0.00910820215633874
-0.0259790903706296 -0.020081977372281 -0.0825910436775914 -0.046271361794814
-0.0263308297435757 -0.0293734989759406 -0.057886466155683 -0.0846220823931052
-0.0125082467980218 -0.0442385003659636 -0.0159323108303017 -0.111218663469109
0.00932591058874591 -0.0506039933975888 0.0453210914549558 -0.0916696603167717
0.0438144663993552 -0.043575313418192 0.0531061307059896 -0.0265733047796408
0.0637305191729851 -0.016625199825404 0.00414444215864246 0.0280781811419946
0.0500852305806001 0.00443538772890259 -0.0893920825398071 0.0350773599790305
0.00653319528286347 -0.0210028556227219 0.103396037708016 0.00783334856589963
-0.0200927137558714 -0.0145145237293126 0.0201248317713775 -0.0392823234336811
-0.0212558971355677 0.00348612973186402 -0.058507882081242 -0.0108972940228282
-0.00793714583358165 0.0104288525937613 -0.0922981674154044 0.0494870897327918
-0.00319547714271565 0.00509989498490864 -0.0506286382465789 0.108581128805942
-0.00695909560381902 0.00469401717704687 0.0099798889501879 0.113212358797593
-0.00955463805386011 0.00474417157808911 0.0510285043473305 0.0827306980201885
-0.0147792049038343 0.00462017070896645 0.0779699330378245 0.0494488207826366
-0.0145357016257294 0.00384926349726381 0.0868658348629334 0.0170661700428779
-0.0171947996294069 0.00118354263238815 0.0983458731117705 0.00501248907413312
-0.0162725501307143 -0.0100547146269521 0.0948962379126003 0.0138215971058999
-0.00919910757391033 -0.0123728714659482 0.0834223617772211 0.0198859021117115
-0.00644325183467326 -0.0198964571578818 0.0957963765406982 0.0219794326378456
-0.000144966770990339 -0.0297613970615713 0.123037647461088 0.0133371715042269
0.0195505312298918 -0.0230252772530348 0.151873679416748 -0.0162248330539016
0.0518490412401507 -0.0113600271231579 0.0930073148868579 0.00748486892150066
0.0255758264732961 -0.0197058611264541 0.0130380317028134 -0.0386459802522593
0.0133759589789029 -0.0120092289223624 -0.0601935720555042 -0.0137982236129195
0.00964973832601344 -0.0168768245020723 -0.0955720913042221 0.0443611036515058
-0.00188956733954833 -0.0282541528266281 -0.0569499433267062 0.100674380392457
-0.0206774842863769 -0.0251936039091275 -0.000725628906051027 0.107504523778295
-0.0310008686155086 -0.0169088012774539 0.040824613758768 0.0820768109352361
-0.0423895152335941 -0.0135804400072569 0.0673822553612038 0.0471422204759573
-0.043055397983425 -0.013584297214713 0.0749486465221656 0.0104326214021209
-0.0486559793747808 -0.0235143196719581 0.0874211667878394 -0.00996334404046545
-0.0401229200310146 -0.0495529169965142 0.0917245412626744 -0.00686078347637368
-0.0141733457295244 -0.0601802367048784 0.0885283179563906 0.00232667659737354
0.0180773011810809 -0.0665108058176355 0.0961742061750625 0.014819060738618
0.048839350565336 -0.0612172968258768 0.110730330671533 0.0136235722752332
0.071801165120857 -0.0388187249353966 0.127517768142027 -0.0108204178288959
0.0912300566337672 0.000519045363016851 0.0659235199204407 0.00183177067861866
0.0721447267468222 -0.0217807305149262 -0.00418532591228944 -0.0439700621827166
0.0517536434308937 -0.0294726508819395 -0.0686919643322138 -0.0221845232891846
0.0279906417717407 -0.0473331684981055 -0.100355438906471 0.0360122712206624
-0.00114374961594526 -0.0613627781700632 -0.0621694841198338 0.0857021160703302
-0.0325919685392123 -0.0533913027913667 -0.0141766069430029 0.0930290984727785
-0.0493124987217744 -0.0365487651607871 0.0240687507644994 0.0729690727875239
-0.0636224667411228 -0.030319991541833 0.0468222618915315 0.040313412984963
-0.064392942760091 -0.0289945927661491 0.0523216810258384 0.000837865151792561
-0.0731103209003499 -0.0423084332052064 0.0654067518556844 -0.0257738911398572
-0.0623493472867531 -0.0789218491953639 0.0783156784451998 -0.0310815858006225
-0.0236840031238137 -0.0970990172480013 0.0884274550399434 -0.0194930450807825
0.0323256160099611 -0.107470899818848 0.096308279213329 0.00795364257650626
0.0862950178519388 -0.0879700950063173 0.0940133342693287 0.0208440014222432
0.111734919952898 -0.0500215765462355 0.0905579732884861 0.00162140616964504
0.118642836925492 0.010863067713181 0.0227040164694491 -0.0059683509421078
0.110410235282339 -0.025073626936141 -0.0310823080616685 -0.0508273920229936
0.0851097150589985 -0.0489793510184487 -0.0806225966495461 -0.0317999318133721
0.0409985942570194 -0.0781918043917155 -0.102595455116659 0.0240875990879985
-0.00366254456045341 -0.089771516010456 -0.0662347994042816 0.0624476021706169
-0.0428882383269869 -0.0747275283240385 -0.030470713758019 0.0701262887527428
-0.0611986678721406 -0.0512604844955595 0.00159248991000306 0.0569414480356931
-0.0752854335906513 -0.0439123037842373 0.0200049020500339 0.0271517490961347
-0.074462228737964 -0.0416356006636475 0.0231352514909639 -0.0110442752950492
-0.0844103501737535 -0.0567673378576439 0.0372420478258401 -0.0419622761293579
-0.071279717600879 -0.097173060514081 0.0583865922576555 -0.0540903174503786
-0.0262289520996433 -0.119215528793769 0.0852677887388903 -0.0399170979505483
0.0445603907564415 -0.129413190492305 0.0923735729279644 0.00353361229070586
0.111785799158673 -0.0985220942622828 0.0748927949133665 0.0331740500814955
0.134552905824769 -0.0491880584762747 0.0442641058821946 0.0152913522187678
0.126788797593829 0.0161795952129971 -0.0294198548026575 -0.011188579653253
0.129120605284804 -0.0284463527784216 -0.0650289391150524 -0.0496333749948627
0.101569241847111 -0.0648908227473067 -0.0919650416165696 -0.0364969468249594
0.0431563544303606 -0.0979090863361362 -0.0987799169442474 0.0103484527707159
-0.00968758100214164 -0.102622572554854 -0.0700300856098791 0.0331962155942263
-0.048903916244756 -0.0828480490566454 -0.0491162662810509 0.0423222786933918
-0.0652617928823782 -0.0566189078632479 -0.0233509178554429 0.0358998284171602
-0.0759531720788533 -0.0493750663617131 -0.00827211963538414 0.00955071247593884
-0.0724352494511835 -0.0494847233493858 -0.00638562827222153 -0.025911458572802
-0.0803976329719754 -0.0660216978324201 0.00991328159805815 -0.0570349511202033
-0.0636175991205752 -0.104015763391742 0.038276256904111 -0.073143893278758
-0.0169870357161914 -0.122385879838409 0.0786677434325114 -0.0551856919259823
0.0571961296574722 -0.126881650072617 0.0849293522750067 0.00232083324713657
0.123563019775862 -0.0883985533319344 0.0522580014091552 0.0447019638880498
0.137674105420838 -0.0368117744109612 -0.00339475086300858 0.0241520735594454
0.113153917865538 0.0166497932920794 -0.0816825935236487 -0.00911318176007826
0.120563941334626 -0.0279610912044023 -0.0968044000751223 -0.0374950661027226
0.094810157119349 -0.0675502157251469 -0.0986443185398706 -0.0329782650350574
0.0346928756459789 -0.0965124619080608 -0.0903395312126221 -0.00375721805337005
-0.0141332976812309 -0.0947969335461107 -0.0749525730903966 0.00386298173953747
-0.0468061774132054 -0.0748829939033646 -0.0686936841126686 0.0169133692352193
-0.0593688738324926 -0.0511545082370322 -0.0490301209530839 0.0148220699371033
-0.0654035111717191 -0.0475505358041092 -0.0349297626969219 -0.00965787065827476
-0.0596553406071332 -0.04999663950585 -0.031742140415241 -0.043258924974092
-0.0624681754346825 -0.0667817365473465 -0.00950967316910686 -0.0727875204824504
-0.0404037814919245 -0.0970840693057568 0.0269419958471831 -0.0890763291364963
0.00491567590675437 -0.107161595978548 0.0749420272849868 -0.0627139763578464
0.0696201423720077 -0.0999486215142679 0.074393724410124 0.00316779375422337
0.120718485326198 -0.0576271904875439 0.0277215665799859 0.0491851052989929
0.120710867574598 -0.0145759496905144 -0.046369400215299 0.0237313861198594
0.0785522484349236 0.0165420261711637 -0.122368005899535 -0.000227864048912376
0.0898877998768259 -0.018145643223229 -0.116656789146613 -0.0184912813986551
0.070263056598523 -0.0524318324864486 -0.0992302541681962 -0.0264170337016634
0.0226385934120196 -0.0716084330910788 -0.0816531757630492 -0.0144611577436764
-0.0125560370783459 -0.0672313054808736 -0.0814615904756312 -0.0179925555602517
-0.0336480801432731 -0.0542913834256618 -0.0852778258337531 -0.00117060752157764
-0.0424650933310849 -0.0386469864538103 -0.0697266635062564 -0.00118111884488586
-0.0452478338385776 -0.0380922379041847 -0.0557970028634699 -0.0268801595764672
-0.0395080330747644 -0.0430337674437243 -0.0483978698973071 -0.0598315120476794
-0.0375203405413376 -0.0568198729936058 -0.0184116472572132 -0.0877743307647409
-0.0143336268297576 -0.0756773055969952 0.0247174125372817 -0.099517617118328
0.023286928287019 -0.0776016001707276 0.074781351243265 -0.0652213628664184
0.071020271890979 -0.0608031461664562 0.0646657826966614 0.0022670816422929
0.100046797027972 -0.0209656338930848 0.00731000062999749 0.0430934430115524
0.0884821877300712 0.00763369422145907 -0.0783707219537892 0.0138124656999397
0.0311500838114161 0.0201411406183695 -0.144404559293202 0.0125154241451047
0.0462968245623349 0.00140729442957113 -0.120878455609737 -0.00168353408503317
0.0375140241753032 -0.0229706853719849 -0.0964479000133954 -0.0182502382332794
0.0122230229541598 -0.0316622451097423 -0.0760198135623772 -0.0192025925322628
-0.00172396819079465 -0.0281819740173251 -0.08674457143795 -0.0255696032014675
-0.0102864574643039 -0.0272228575849164 -0.093587571090133 -0.00833953384065433
-0.0166907679393081 -0.0227672053795879 -0.0830005869951616 -0.0112031120784417
-0.0191008782823463 -0.0235881703516017 -0.0673536767361562 -0.0393144065119904
-0.0164051430813457 -0.0275231350266013 -0.0553297209840678 -0.0735904932733079
-0.0131320968918078 -0.0351073567694769 -0.0174978187362629 -0.0989415444249832
0.00443393090346285 -0.0441887441300803 0.0304994502825359 -0.104477824540489
0.0270938588105378 -0.0425269687541746 0.07731441216948 -0.0632343192032248
0.0565122246266313 -0.0240786063153006 0.0583342960071382 -0.000420523158380817
0.0640613530439752 0.00855857259852726 -0.00487899510730405 0.0299205316120923
0.0426931489146788 0.0230373052639605 -0.093858714454655 -0.0021343890256719
0.00622919099640545 -0.0209354385411051 0.101400579182611 0.0052918286676489
-0.0196408861699392 -0.0138326667669226 0.0182006412609236 -0.0392396910680624
-0.0205184337999648 0.00328798437429764 -0.0578735464583658 -0.0106428263249509
-0.00747906192658117 0.0106008003517075 -0.0901792194400967 0.0494548973381337
-0.00279815728894436 0.00452638087352645 -0.0479001188806513 0.10790979066245
-0.00693062475398129 0.00450900799807227 0.012538637860572 0.110919766593289
-0.00935560839763352 0.00515665137660202 0.0509606772955851 0.0806841003819153
-0.0146786095479447 0.00536076911286162 0.0778541822040455 0.0469076345531782
-0.0148253398684964 0.00388029764983754 0.0861019854481607 0.0147633569724328
-0.017101508357334 0.000279298083567793 0.0965864534396492 0.00243433627194066
-0.0165262769515881 -0.0101362996815217 0.0942613406123809 0.0120833156921889
-0.00938150356838227 -0.012090399344847 0.0829730178972043 0.0193908375716616
-0.00719143915477116 -0.0195560806663205 0.0951161804171589 0.0207164529092233
-0.000142441932387691 -0.0289363774232081 0.1212242005728 0.0113734988670109
0.0198832855427871 -0.0225961334227737 0.148983360091972 -0.0187536371744927
0.0512482681806509 -0.0119612740726428 0.0909019684486967 0.00531029924142114
0.0247342753759471 -0.0197464413098966 0.0112294947368336 -0.0382100035542853
0.0131720470399737 -0.0126824780139179 -0.0599648841659398 -0.0135658792607551
0.00901054866572351 -0.0165033110622624 -0.0937473324020093 0.0446353353749896
-0.00257082257224338 -0.0279554315013491 -0.0545733963291936 0.0999177814527941
-0.0212689847487198 -0.0246954407926603 0.00108445423569341 0.106018978016379
-0.0312763411024119 -0.015846958142422 0.0412996280084841 0.0801433413734743
-0.0425729880911278 -0.0127044699385253 0.0679396032410053 0.0451581148328741
-0.0427671794132888 -0.0128888366929286 0.0744246936619045 0.00900628844411231
-0.0487534521225957 -0.0228073499700476 0.0862007187721524 -0.0117491887127859
-0.0416728032819017 -0.0477491992601981 0.0905394065616568 -0.00851174323237889
-0.0152253970029417 -0.0589815445668374 0.0877002324357892 0.00229628745532944
0.0158156140250764 -0.0664297968872611 0.0960228188046268 0.0144215469866509
0.0470900495055211 -0.0612004885153489 0.108471332299098 0.0117856076516732
0.0709222202255518 -0.0393253845125097 0.125580248296484 -0.0122672519076944
0.0905552367263185 -0.00153528005407979 0.0636821383557531 0.000335655319414506
0.0703681300365632 -0.0233925140953679 -0.00576183086420738 -0.0438048893515668
0.0507385536303005 -0.0305909557736876 -0.0689519039788609 -0.0227012359042286
0.0268226723851398 -0.0473387005819698 -0.0978876777458096 0.0367993335995669
-0.00230159481930545 -0.0607287047589585 -0.0600239960678378 0.085097153909278
-0.0335686937031593 -0.051773243480914 -0.0119273907022528 0.0921999933765102
-0.0499236149147007 -0.035562165896675 0.0248701373129505 0.0713299498655494
-0.0641234801882329 -0.0287488600349027 0.0474639388683169 0.038930970289739
-0.0645571299810553 -0.0272783625924575 0.0514643923086577 0.000432342911695418
-0.0736650334938859 -0.0401647782313864 0.0639290364934576 -0.0271184540008749
-0.0641567657137578 -0.076424946795203 0.0764649429936526 -0.0330964925634345
-0.0253151465653059 -0.095445215277137 0.0876933014467413 -0.0199436813891749
0.0296290007224898 -0.106671237118648 0.0957786304257136 0.00764792229193443
0.0831461906568235 -0.088498994908582 0.0927066955345746 0.0195678243555837
0.109708297530328 -0.0499766225564391 0.0889485206878385 0.00019293597019272
0.117938445557378 0.00826247982326741 0.0215309206926952 -0.00602103091344893
0.108163059493404 -0.0273384463221172 -0.0326157532888544 -0.0492977431020306
0.0837240094502345 -0.0507313207338382 -0.0809049779323074 -0.032092897716712
0.0388312676057144 -0.0773570493778313 -0.100755804148911 0.0252328782273227
-0.00592430314209856 -0.088210678591559 -0.0645514095286664 0.0617836194516073
-0.0444173224736244 -0.0724917121294345 -0.0294505035310356 0.0700109493520957
-0.0623654613413342 -0.0493179128518538 0.00264812566301293 0.0554522882405655
-0.0755891182425914 -0.0410566625270931 0.0208657175940673 0.0268981800168731
-0.0747764729430869 -0.0402981450630373 0.0225975822720809 -0.0107196026417232
-0.0847368580825477 -0.0540574558245744 0.0355694078648663 -0.0415825437211659
-0.0732059791410284 -0.0947613032126772 0.0563981428115164 -0.0547568247702478
-0.0280838684899076 -0.117089575813263 0.0831603902118305 -0.0395590934626972
0.0410380307968115 -0.128747364297274 0.0921519506319862 0.00355825126210071
0.107744004916325 -0.100047701798264 0.0741463990429942 0.0326761353025727
0.13289614421377 -0.050246715186456 0.0438925500522113 0.0146915959976966
0.126452863144315 0.0135959954061691 -0.0297407618087522 -0.010474816869372
0.125967294847174 -0.0307815588282798 -0.0652687153752369 -0.0481132252711027
0.0996088800938111 -0.0664649809421193 -0.0919990051942255 -0.0364681041534336
0.0408794313743413 -0.0973244991018556 -0.0979513491997322 0.0111487605127002
-0.0118151428923847 -0.101043485242391 -0.0693775052171066 0.0330315330004468
-0.0507487082068527 -0.080265610949584 -0.0480114352399363 0.0429454760942349
-0.0666614597623895 -0.0539123756605732 -0.0225881223692148 0.0355497011979089
-0.0760171161625803 -0.0466145790617195 -0.00821894615974052 0.00947804214216845
-0.072327048115642 -0.0479579774716758 -0.00752018249219707 -0.0250650856720513
-0.0811238878053589 -0.0636971681902129 0.00848218526266009 -0.0561053254007909
-0.0651250819958919 -0.101410167884433 0.0361698466874858 -0.0736824350592407
-0.018477682953477 -0.120621649545005 0.0763184337471215 -0.0552548029862195
0.0534304678947909 -0.126971534555348 0.084218760658815 0.00238847903667156
0.119674175332854 -0.0896844309840676 0.0518972162423094 0.0443135089345297
0.135189925001211 -0.0379562223702109 -0.00317802947443553 0.0238574871430518
0.112766893545265 0.0142885962984899 -0.0808423662352474 -0.00762380885047111
0.118146599074935 -0.0300003116655897 -0.0959945769521626 -0.0351596462850775
0.0924461606697514 -0.0687307001246132 -0.0984857357404513 -0.0322032682887024
0.032811960166754 -0.0955167069513752 -0.0892276725434813 -0.0029907248743674
-0.016438822234304 -0.0928670581681536 -0.0753832029866492 0.00403041282034211
-0.0487338810621672 -0.072881094738979 -0.0678744912577464 0.0181271147438218
-0.0601933003035663 -0.0491527728307625 -0.0479469699407128 0.0151651826032766
-0.0652110332336406 -0.0450111010174301 -0.0353993088657342 -0.00899564420926725
-0.0602381263696939 -0.0491982175403878 -0.0330398138489653 -0.0413226080995397
-0.0634886065216219 -0.063943683700661 -0.0114301992637071 -0.0712301994730585
-0.0428173206856222 -0.0947609268127955 0.024647121730369 -0.0884022247779731
0.00273439369849503 -0.106034909011848 0.0724863387241664 -0.0629064226042065
0.066199792918482 -0.0999816458340096 0.073934253615817 0.0037902028890631
0.117734577930462 -0.0596368486796827 0.0284212042301934 0.0494704307057449
0.119884789256058 -0.0152852795281889 -0.0449528065377705 0.0239043942200596
0.0786656872726329 0.0149805710716604 -0.120897083937295 0.00193413869780922
0.0881973326296198 -0.0198053798946687 -0.114771796370365 -0.0171743779970851
0.0679158265636925 -0.0531218987287013 -0.0984058175005512 -0.0257030352597084
0.0208045333753485 -0.0709952082587677 -0.080515184440057 -0.0146996186166737
-0.0140779452262037 -0.0652840068994697 -0.081634464552998 -0.0167772129398092
-0.0345147367239864 -0.0524522648429239 -0.0842716508767363 0.000196501096802016
-0.0431150712265097 -0.037871062068036 -0.0691103922287123 -0.000102721325438663
-0.0453251173852403 -0.0364230780293317 -0.0561202849548512 -0.0256188151794648
-0.0397685985835532 -0.0416970613242829 -0.0496374025850714 -0.0575053546353288
-0.0384661434933928 -0.0552934641452821 -0.0203554410632675 -0.0857831104318696
-0.015712293916087 -0.0742477836580595 0.022654688023928 -0.0988893597724176
0.0216477183329317 -0.0766615282650165 0.0720092033088095 -0.0654735150567625
0.06857746083188 -0.0609083935796836 0.0642197972957434 0.00255257610003315
0.0982048497906377 -0.0226492884975417 0.00783271688829614 0.0432441983822732
0.0867985419552969 0.00694684936226503 -0.0760347402609268 0.013989882245953
0.0316210240760512 0.0195419880481654 -0.142221235429157 0.0146125026935753
0.0454365041419554 0.000443706393201035 -0.118607333640724 -0.000984885800516703
0.0366114719537847 -0.0229500760686622 -0.0960094014121482 -0.0173073634708934
0.0115156860456684 -0.031174232418225 -0.0756669573545558 -0.0195416169487451
-0.00263878763999555 -0.0273538386256607 -0.0863659371981667 -0.023970471075866
-0.0108823743290794 -0.0268363821893218 -0.0928437202611382 -0.00614127366804902
-0.0171750140498378 -0.0221899658047665 -0.0821735409141963 -0.00954016943536417
-0.019104513631186 -0.0221205030958579 -0.0683102470731302 -0.03725956676132
-0.0158758791089229 -0.0267517298055032 -0.0565056976461909 -0.0710079282039134
-0.0138751821461734 -0.0341252673013061 -0.0187701798538039 -0.0969337905685131
0.00304090517663399 -0.0428859896952886 0.028266505712728 -0.103671551261939
0.0257692946898107 -0.0424528646270882 0.0750441992602211 -0.0635599913232405
0.0547935241153939 -0.0247245523106988 0.057770721654049 -0.000425799216138917
0.0624679601603472 0.00726033225548365 -0.00357723652332772 0.0308526344495094
0.0423665052501764 0.0224855945708241 -0.0919273340248327 -0.000383471546799091
0.00589319696852723 -0.0207672874219331 0.100438970202948 0.00258564624435233
-0.0200694784219044 -0.0131717095429127 0.0162642620004617 -0.0398613773643592
-0.0206336304808086 0.00327584382464762 -0.0586388990548997 -0.00955843770749237
-0.00751712065138367 0.0104395847466188 -0.0895974353918129 0.0509713378703532
-0.00297701308969711 0.00458129456991771 -0.0446727028800035 0.108386571463934
-0.00682808108379444 0.0043574133800435 0.0156455685373848 0.109665168239686
-0.00950194492841746 0.00559877121909482 0.0520435860170328 0.0791843306197248
-0.0145448527384317 0.00565093342187049 0.0786679264366003 0.0441468601594533
-0.0148253890161313 0.00459301039154367 0.0864419358380227 0.0122029016973327
-0.0174547735490909 0.000392769339127185 0.0967384467798396 -0.0013202942728295
-0.0170032036209012 -0.00941311160454544 0.0948862761287246 0.00915245039355626
-0.00993692836246568 -0.0119329213512036 0.0839310986484655 0.0181748969758657
-0.00764396894947296 -0.0195606446970733 0.0962058054270128 0.0190194076635534
-0.00100729429939977 -0.0282654176225533 0.120505056498377 0.00802913552956481
0.0195797058069393 -0.0233804012566332 0.147045291320443 -0.0215132675490863
0.0511399144257144 -0.0134554680350627 0.0906001310061158 0.002851728982284
0.0237634102098139 -0.0203592562730175 0.00981846368217749 -0.0383219895195454
0.0124591435289138 -0.0134184442663684 -0.0609199517324346 -0.0135335064409868
0.00867049921157692 -0.0168326477686299 -0.0925430033924965 0.0462941310376926
-0.00390046148232613 -0.0279201644368238 -0.0516828807692757 0.100352914777618
-0.0219177554645234 -0.0235709094072046 0.00445800111761946 0.105191840858198
-0.0324738866163902 -0.0147471988023837 0.0428264424184023 0.0784923189183716
-0.042935459862306 -0.0109982627808922 0.0687904481934869 0.0432739556955188
-0.0434174443567581 -0.011998199807538 0.0739360279122284 0.00660626698495704
-0.0495186122715948 -0.0210156300175944 0.0848140796563503 -0.0148820237955017
-0.0433718976849106 -0.0469995688225819 0.090394750752625 -0.0114243685656751
-0.0165530226164725 -0.0589838781530541 0.0872039345540001 0.000731439841799912
0.0141234647646134 -0.0664305498441479 0.0969737523452302 0.0122992748939552
0.0449578892017282 -0.0617926920034637 0.108051771762099 0.00974390714353326
0.0701572589800751 -0.0403229526431584 0.12459416656779 -0.0148892004748318
0.0911874313751467 -0.00420777298920128 0.0632643591022088 -0.000937952305678548
0.0689608733527171 -0.0255658680242466 -0.00732291147711854 -0.0430528252252299
0.0500016928571621 -0.0327741828237655 -0.0701030213174133 -0.0222171073431138
0.025478929446966 -0.0477309890554099 -0.0971544504693107 0.0388050450980399
-0.00510664909829085 -0.0597914007809868 -0.0574015066593325 0.0855707763682664
-0.0355102215931966 -0.0502273419334602 -0.00983157680750196 0.0923819280804107
-0.0517498009927717 -0.0328402490624382 0.0261126560993762 0.0699880741351389
-0.064760701732172 -0.0260696216617526 0.0488182202336879 0.0371611781993342
-0.0651741252954678 -0.0259860081970192 0.0507364414567507 -0.000387953282061979
-0.074852589796181 -0.0380934989667007 0.0622185233031931 -0.0294212390005865
-0.0666892560765227 -0.0743119920099513 0.0756246136946039 -0.0351254421987303
-0.0285168149236985 -0.0950723147132227 0.0863582185097272 -0.0215827598474158
0.0259874019633895 -0.107727133829826 0.0964756512650922 0.00608612240944251
0.0800744164441414 -0.090289523646004 0.0932740266035196 0.0182261464645699
0.109065481097767 -0.0520656495090467 0.088345994231135 -0.00177683137215863
0.118646713249748 0.00477248639899348 0.0210626934156861 -0.00633318090175952
0.106449615513313 -0.0306726822101951 -0.033784945585824 -0.0482822288481817
0.0816162242958652 -0.053956774506339 -0.0822703093116217 -0.0314271371958209
0.0367691902740861 -0.0789830741905473 -0.0999154962750089 0.027171343913608
-0.0095151056639833 -0.0875240803128662 -0.0635468129442805 0.0623073619909519
-0.0466167591636155 -0.0704917888793064 -0.0276410476080607 0.0708963559261297
-0.063968029844327 -0.0469751653942103 0.00387844633260685 0.0549440610103308
-0.0767243599218563 -0.0382982893020907 0.0213371545992694 0.0258444026698624
-0.0763150163156179 -0.038320437990701 0.021672483626318 -0.0105004371997818
-0.0868450446321325 -0.0516875814696395 0.0340257548313801 -0.0426690973173129
-0.0766616849299302 -0.0920527674244166 0.0546711123394943 -0.0567944275845026
-0.0318162571764075 -0.116474566358113 0.0812813898872656 -0.0409992021886331
0.0365026785750066 -0.129867616429649 0.0924988714322767 0.00161526306943064
0.105078956296027 -0.102834531016387 0.0744262640439764 0.0318929451107243
0.131578129814585 -0.0530137812440672 0.0438675860193564 0.0132843733967473
0.127387741415225 0.0099943958274458 -0.0300596913066381 -0.00927316954957214
0.124251637151892 -0.0347764043493241 -0.0667023100471357 -0.0455470538121879
0.0970033839024581 -0.0698523158212551 -0.0935760958074621 -0.0351418536255543
0.0379038212844459 -0.0985058184613417 -0.0969151707948643 0.0124452989925024
-0.0156207192472199 -0.100180846103936 -0.0695926729524005 0.0339701922765495
-0.0535709115303552 -0.0780266723437844 -0.047217762554636 0.0448102071073519
-0.0685092561983782 -0.0521360908469436 -0.022094746332098 0.0357831983425818
-0.0775977758897578 -0.0437604759810604 -0.0080992843465864 0.0100531653411282
-0.0741036152520591 -0.0457918112631498 -0.00898717881791854 -0.0239311089434388
-0.0827552523280254 -0.0605583806460579 0.00649960750995743 -0.056262307191376
-0.0686687503635652 -0.098604090147406 0.0338790231479611 -0.0753062360473282
-0.0226665955032925 -0.119994689793744 0.0742926034776052 -0.0559268940493183
0.0488079208983814 -0.128125589209695 0.084826867763903 0.00103139484215892
0.116219659923841 -0.0932115401204852 0.0533724481666663 0.0443380499958085
0.134516865361615 -0.0398191860162393 -0.00234533983565503 0.0240704057082441
0.113405389759391 0.0109016079090668 -0.0809250019361414 -0.00513346311171087
0.116397987738371 -0.0332292807975272 -0.0965010993481425 -0.0328161492396836
0.0903708898281706 -0.0720226745347368 -0.0997104991656426 -0.0312949378381634
0.0296697497451101 -0.0964022931662575 -0.0893167754864026 -0.00206509179250383
-0.0200559281866515 -0.0916699572233608 -0.0763952026829351 0.0053887431946904
-0.0512879535027267 -0.0705562512516259 -0.0673079991370091 0.0205111042078739
-0.0622521147895116 -0.0476845235572277 -0.0475410305101384 0.0160945020602754
-0.0665925215966687 -0.0427934435368521 -0.0350939105548054 -0.00746939265180913
-0.0616994943662617 -0.0472355881635249 -0.0342902957662058 -0.0392685698734828
-0.0650364843823165 -0.0617777504273238 -0.0134906879084509 -0.0705964158419906
-0.0460765408406066 -0.0930350315556776 0.021453478738206 -0.0889831461666356
-0.0005619735604211 -0.105656204276769 0.069992370529077 -0.0642686409188932
0.0619913483594354 -0.101786212834957 0.0749016581782022 0.00261195618830914
0.115099834099604 -0.0632294571885181 0.029316211908858 0.0492756467656059
0.118853994986022 -0.0174287460366604 -0.0447133671788034 0.0245278136772788
0.0788895963668153 0.0129972562002011 -0.12093739576216 0.00488992531634418
0.0866219882706341 -0.0222444176982703 -0.114582294225154 -0.0144949358831158
0.0661110762432251 -0.0550850536388581 -0.0991809409890551 -0.0240556849989318
0.0182923014715959 -0.0714766873322871 -0.080770734574269 -0.0136594875405347
-0.0157148564650235 -0.0644422009006334 -0.0834702054766498 -0.0154400975928812
-0.0364254786216192 -0.0511851139138587 -0.0844868815348137 0.00359063027880778
-0.0444170363055571 -0.0362572668130218 -0.0697456518941968 0.00133420616797002
-0.0457217555214954 -0.0344416090778309 -0.057367749972188 -0.0232215074667592
-0.0409832160457581 -0.0409023178522854 -0.051612000490447 -0.0552853589727699
-0.0393266257619966 -0.0530106839744145 -0.0231223720277938 -0.0846676072301141
-0.0179643753006311 -0.0734191148538877 0.0191778191602412 -0.0999081752674013
0.0190711503817876 -0.0773529462128925 0.070125783377563 -0.067065385107024
0.0659522265833262 -0.0632289838466449 0.0643668685162526 0.00178959334194719
0.0964660565928885 -0.025441017427753 0.00965469809762472 0.0441433434622615
0.0874050750636777 0.00569311191420492 -0.0754866929607152 0.0159461500081928
0.0321474455293104 0.0184516737392199 -0.141799336543512 0.0180014231473681
0.0445381260497856 -0.000750967483241458 -0.118357249608609 0.00243964259381464
0.0348044924218858 -0.0237665655115833 -0.0956795132994157 -0.0154433526073267
0.0103103482488007 -0.0312757045130427 -0.0766186997205283 -0.0188332574275764
-0.00311394508504935 -0.0264930312018991 -0.0881123481425536 -0.0217606918527479
-0.0119273821630248 -0.026028861537575 -0.0929790571843602 -0.00269972571980737
-0.0180532090517582 -0.0217636698220733 -0.0823672393418036 -0.00754729828555236
-0.0189535710067894 -0.0209619327359214 -0.0699932354397331 -0.0351857774027165
-0.0169003017278074 -0.0264426894551188 -0.0587819783924681 -0.0683560321621207
-0.0144570307872556 -0.0336082452354976 -0.0218755602715468 -0.0964989820337857
0.00216729235764131 -0.0430452292072074 0.0243434124611304 -0.104396357582857
0.0246609799349224 -0.0420988876209949 0.0732252003971818 -0.0653569428356985
0.0533987775825694 -0.0261750925420336 0.0582439764954561 -0.000779316664668961
0.0629992257234116 0.00559830212493674 -0.00225338537776617 0.0318549416276278
0.0432652479911801 0.0215265702233532 -0.0909352177245564 0.00165343203588698
0.00499947178676951 -0.0206543579285668 0.0989788794687603 -0.00198281786905017
-0.020580311934518 -0.0119547647951763 0.0141420105123894 -0.0389852700456799
-0.0199219371327489 0.00407904774545541 -0.0589189643360096 -0.00754621155666957
-0.00600283622399914 0.0105937558129023 -0.0864794697671033 0.0538499530141816
-0.00282900224051025 0.00454638916724206 -0.0397799573426516 0.10891575822113
-0.00645671338403836 0.00462849358861395 0.020275983437624 0.106742115461156
-0.00960972014812719 0.00629317438479936 0.055155796763887 0.0756191618453211
-0.014437648893963 0.00658660637008194 0.0802690547812859 0.0398038754836082
-0.01481957803474 0.00501577305387373 0.0855865171451932 0.00743489598196843
-0.0173738951079784 0.00117381680081037 0.0952740191704827 -0.00567870970746241
-0.0176537638011204 -0.00848796996541128 0.0941222125793805 0.00464545942855717
-0.0100756842485996 -0.0120737076382541 0.0843843778424524 0.0156063109118211
-0.00928958194532646 -0.0191370926335954 0.0974562111915502 0.0146264052783007
-0.00223557463397369 -0.0276621619071547 0.118620537927963 0.00345350470628966
0.0189927306592685 -0.0232262584631606 0.143321060695303 -0.0269434270523854
0.0502155657215115 -0.0157494967650548 0.0888150043543439 -0.00083042335506761
0.0218294750376361 -0.0214933880052775 0.00742440429421833 -0.0376035111562829
0.0117094153232737 -0.014300874995391 -0.0607593596056875 -0.0121792965930636
0.00774508388959515 -0.0166680609891699 -0.0894415937454265 0.0488751866551574
-0.0055904854267072 -0.0270286566151786 -0.0464158125549288 0.101087590770821
-0.0229849675676135 -0.021739648043525 0.0090919405066759 0.102883396061562
-0.0327321895311331 -0.0127050415926841 0.045456880607955 0.0749907714104789
-0.0429425763332911 -0.00847444759953405 0.070495514094583 0.0388720715049197
-0.0438638637833878 -0.00990653550678222 0.0730389793415734 0.00318323926086894
-0.0500409735747437 -0.0190082608786916 0.0827488060507259 -0.0188411075267529
-0.045816018476136 -0.0441092985878093 0.0889333681805545 -0.0158719748997568
-0.0193277686278036 -0.0575881009133972 0.0873221865269686 -0.00197635637587317
0.00995942904234655 -0.0666681698485349 0.0971525142825672 0.00842286565476749
0.0418203722269921 -0.0629410134031325 0.107004633248828 0.00582128820721138
0.0684815134417865 -0.0425431409267184 0.120764033401819 -0.0194158033254344
0.0898974840619645 -0.00864609850217528 0.0617740098612422 -0.00308065166460909
0.0658381262167178 -0.0289665325150844 -0.00936047119004093 -0.0420014956818799
0.0476253233132114 -0.0350213634836222 -0.0707886934084005 -0.0198370795046804
0.023097624792438 -0.0482778380613762 -0.0947988539552681 0.0417486118534197
-0.00816403717761741 -0.0586901502539358 -0.0533563873812181 0.086365939561565
-0.0378585930007366 -0.0477506287724423 -0.0058612395664905 0.0912946510800763
-0.0528829416107941 -0.0303447997280189 0.0288767496975683 0.0680408887558575
-0.0653393819576066 -0.02213442964575 0.0497258809328002 0.0345557893540068
-0.06644813694864 -0.022795364331149 0.0501808681853204 -0.00252138816334391
-0.0760072169346664 -0.0342383526880967 0.0597694133874596 -0.0317331817938582
-0.0701392871295479 -0.0692918655472156 0.0724257514641681 -0.0381673292194124
-0.0324003313476612 -0.0922920145766607 0.0845663935404856 -0.0233287090465646
0.0201770557843942 -0.107368626726554 0.0965364844189977 0.00206572411242148
0.0744985215135065 -0.0933640192518177 0.0920261110775125 0.0149164714562613
0.105671177498649 -0.0563780656936522 0.0864442199035212 -0.0046132364605847
0.118117476159929 -0.000806324766259771 0.0202661226444737 -0.0069507324865049
0.102739764093995 -0.0354668143875802 -0.0358044199356716 -0.0455260835747569
0.0774759724467748 -0.0578577457832707 -0.0833572875027493 -0.0287138980100993
0.0319204780780615 -0.0799529719019769 -0.0974123727524597 0.030321878829766
-0.0137812400740234 -0.0853858757103217 -0.0606071589978713 0.0645988330451915
-0.0503869614198242 -0.0668513109274434 -0.0246372869278149 0.0716810697523587
-0.0660612604731673 -0.0432123613989509 0.0056733299438491 0.05389234012049
-0.0781767277429534 -0.0342100467413992 0.0224788995466926 0.0246024773748607
-0.0779072511576559 -0.0344674570297576 0.0203146355477182 -0.0107295512715895
-0.0883196623644122 -0.0468482131295527 0.0313896560579679 -0.0435575174644145
-0.0812983660019664 -0.0862427749367446 0.0511409470479639 -0.0589234677572581
-0.0373668252921341 -0.113239424765104 0.0783488086383775 -0.0439054839193098
0.0293422992657956 -0.130177698332902 0.0925035769310016 -0.00116010122796574
0.0979935272810756 -0.106476547664029 0.0752745831848603 0.0293896633186149
0.12809691788117 -0.0572966898695239 0.0436937465935725 0.0113437919895768
0.126436789157364 0.00359419677935348 -0.0304414541614162 -0.00755506022930917
0.120182688111903 -0.0398481482635995 -0.0678427363909572 -0.0420854363681672
0.0925288897133126 -0.0745996977057715 -0.0950446461122014 -0.0320683303084032
0.0327015380196197 -0.099300795802936 -0.0955013783789622 0.0151944413702403
-0.0205180096114289 -0.0978829136341261 -0.0678528155472927 0.0354299896012015
-0.0568723603709684 -0.073765254229599 -0.0449897274165653 0.0463856205113201
-0.0709042617520368 -0.0475871595747233 -0.0198385290922117 0.0362567750152261
-0.0783305638888537 -0.039270583255451 -0.00751036496960859 0.0102633973875666
-0.0765008977971331 -0.0415234119190927 -0.0100127111434053 -0.0228377257027962
-0.0849786901995744 -0.0552229693965527 0.00325058492050101 -0.055563683380712
-0.0736846967855213 -0.0938303136880757 0.0291339333346619 -0.0760098202451985
-0.0279872253832126 -0.117044215487347 0.0711966433146872 -0.0584137472868608
0.0415836086613171 -0.128859530512003 0.0850967350659697 -0.00144690744127667
0.110124545987935 -0.0970878350146592 0.0547037709408337 0.0419114357643861
0.131810167854073 -0.0455182345636623 -0.0015061426248478 0.023345953568434
0.112802221218905 0.00513145482377773 -0.0805927344466373 -0.0016637036101404
0.112703627113905 -0.0385899541677306 -0.096559532190343 -0.0278467393489723
0.0855250912088562 -0.0757092254572163 -0.100772932867129 -0.0272309281042112
0.0246309866481387 -0.0961619937029146 -0.0883625420913295 0.000492996093013829
-0.0240481990298943 -0.0890751064725606 -0.0759561611036441 0.00800722257209164
-0.0545000969466367 -0.0664427629714253 -0.0663719387895346 0.0239245380861293
-0.0646227433165869 -0.0434736047039535 -0.0467355413109 0.018193628475898
-0.067903415653499 -0.0386436935962851 -0.0357570590716466 -0.00541104115755101
-0.0638244206978926 -0.0436989211210903 -0.0361631825776993 -0.0364823763351895
-0.0676238912610329 -0.057591867816082 -0.0174919379758495 -0.0688076286222538
-0.0501297753202599 -0.0889054740688366 0.0168399016641982 -0.0898892561019473
-0.00563135949042198 -0.104074451113605 0.0660330218857481 -0.0661186125563176
0.0561329694499857 -0.102854610535304 0.0750168913404911 0.000490250761724235
0.110174274408257 -0.0671101923897936 0.0320101107089269 0.0479548233018317
0.117362014667057 -0.0220801603034101 -0.0421524602311152 0.0259201103700738
0.0787964311552336 0.00886031889939065 -0.11952732329889 0.0103649583705159
0.0840596982226968 -0.0251360166952991 -0.11328698052343 -0.00950491365284345
0.0624758115934315 -0.0578824873793239 -0.100122783441232 -0.0203131083908905
0.0150550829656696 -0.0705688602840137 -0.0808042953278637 -0.0114705630195882
-0.0190485336160448 -0.0625186019750472 -0.084073883965793 -0.0124343846304371
-0.0386511414027419 -0.0480695398931644 -0.0837363968047053 0.00729842955306485
-0.0461316239213281 -0.0333803776312758 -0.0682500519481341 0.00402072371923395
-0.0467310485850238 -0.0313051269478294 -0.0582956375844536 -0.0200777848923452
-0.0427091771196737 -0.0380001134021515 -0.054051085533693 -0.0511473457352178
-0.0415692240257951 -0.0499775362252414 -0.0263724397679896 -0.0828257992956423
-0.0218785629482763 -0.0708950396304799 0.0139404792727388 -0.0994198716027527
0.0149452951619185 -0.0768991583478259 0.0655463089919372 -0.0684727109795661
0.0620743312237094 -0.0651421363625315 0.0640768410458151 0.000622704165332048
0.0942722139132399 -0.0297351366254142 0.0120484263106824 0.0432764999360117
0.0870661122480091 0.00204481094261039 -0.0735283722225395 0.0190367081252153
0.0328489394347362 0.0162066870210966 -0.139243906412151 0.0228991571321528
0.0434739405478753 -0.00258519810154163 -0.116479138806231 0.00626020434444959
0.0331923453464737 -0.0249624703654163 -0.0956819152899405 -0.0123669852264649
0.00889462554439605 -0.0306357812010487 -0.076037441243663 -0.0161200427043701
-0.00445891973596459 -0.0254326213637414 -0.0892855529544887 -0.0180437205528238
-0.0132083094753234 -0.0246237942789428 -0.0920589109063115 0.00173982946899546
-0.0186337555629965 -0.020036469143485 -0.0814772810610654 -0.00328092219813892
-0.0194020629332928 -0.019874310734335 -0.0715477877915305 -0.0308209628078315
-0.0177212258574214 -0.0250807961569049 -0.0620499274812742 -0.0636284418343586
-0.015128986018688 -0.0315363076520536 -0.0262603687476535 -0.0938291468716839
0.000125939873919859 -0.0426959741362152 0.0198862354885088 -0.103668075861234
0.0223158433341187 -0.0427458475738072 0.068958779404701 -0.0664646030420209
0.0511270408634135 -0.0280441552788978 0.0575422633126198 -0.00244373993935761
0.0619835590151721 0.00285223655829596 -0.000357322786464687 0.0322439841777808
0.0438444869883896 0.0194750979304752 -0.0893935716395704 0.00551888162312338
0.00375491385109685 -0.019994338378346 0.0949380906052406 -0.00581925265366417
-0.0204242090501238 -0.0105408869392731 0.0117899988298605 -0.0381652588038358
-0.0196087751212638 0.00452963688619322 -0.057247597928657 -0.00608732276237097
-0.00560331028148033 0.0106077269895233 -0.0811941789482872 0.0547679370819526
-0.00246913353773749 0.00450389297720004 -0.032751897200545 0.105500949900466
-0.00588464820460562 0.00476655382174884 0.0242224766625272 0.100789666594477
-0.00886003184084623 0.00675087872510713 0.0562545789480883 0.0703808311279117
-0.0136739397738704 0.00708826457256977 0.0794912403840149 0.0341756722277854
-0.0142649793670996 0.00539134057085505 0.0825847519934106 0.00295559043568719
-0.0168878738417661 0.00182002948851646 0.0910264014180022 -0.0102817108172975
-0.0175217829865117 -0.00764895836210268 0.0918871731317227 0.00070241983493461
-0.00976007920991525 -0.0113503163722433 0.0821511035654519 0.0121881600357402
-0.00918450610077626 -0.0178222476866627 0.0941875331789495 0.010602956860341
-0.00292216775032523 -0.0260008391609891 0.114130955310342 -0.000596279371966819
0.0178723482985583 -0.0240495534960558 0.136352126305227 -0.0311927023235967
0.047879165467092 -0.0176197877731477 0.0853393490010107 -0.00408771312228076
0.0198478601965428 -0.021622643694232 0.00573285794975271 -0.0359125664214282
0.0101908731731301 -0.0145496639025048 -0.0598382654693224 -0.00962460543592445
0.00711425208300417 -0.0167940873656901 -0.0846085507622929 0.0504518511282746
-0.00676665786089461 -0.0254591222846328 -0.0405786892913688 0.0985377587760317
-0.0230738078044622 -0.0195732713336585 0.0129079468633123 0.0979587461261539
-0.032658312441897 -0.0103750225133659 0.0469597494484701 0.0705158384149969
-0.0420136980918667 -0.00608899850619858 0.0695780071085865 0.0340200391974792
-0.043426149863258 -0.00724242310361306 0.0703902965544316 -0.000398041411820951
-0.0493628839158509 -0.0154649452469077 0.0786343769163819 -0.0223090907552898
-0.0464790459560591 -0.0397714357681679 0.0849606232551418 -0.0195869010232286
-0.0211510693193078 -0.0545212648679077 0.0835491410482022 -0.00503823196439684
0.00651318904198625 -0.0643354981743585 0.0943354039183352 0.00445904188315738
0.0374987488763296 -0.0628049329626837 0.10242711667097 0.00157687134644324
0.0643547813626796 -0.0437953156688195 0.115025700920813 -0.0236180452210591
0.0864538212936604 -0.0126449620260322 0.0593093297223765 -0.00540075679754108
0.0619051024119631 -0.0304888907290814 -0.0105093711973978 -0.0389727941147021
0.0434762133155327 -0.0361514953609643 -0.0690457497462078 -0.0174575121423472
0.0197283512754608 -0.0475542824162569 -0.0893519064165728 0.0433683833178607
-0.0110689573454401 -0.0558909671367529 -0.0480611546132737 0.0850546164384889
-0.0390605786288426 -0.0432547705189247 -0.00186834098733273 0.0875198841114729
-0.052722531293339 -0.0259971183770001 0.0309581176261974 0.0635324979148234
-0.0643443020081704 -0.0182133095244159 0.0496210542225425 0.0304224112024603
-0.0656039064278531 -0.0187247105688701 0.0483170299296051 -0.00444210189459769
-0.0751947596489139 -0.0294960343513026 0.05581635442947 -0.0330366549807251
-0.0710823006288923 -0.0631915562911848 0.0685818285751045 -0.0402741131542125
-0.0360797266862681 -0.0875009515273467 0.0802265830085977 -0.0257524264477186
0.0142983455983947 -0.104193414542865 0.0934851733197479 -0.00151060826237553
0.0674918766266194 -0.0932030412250995 0.0888112894760509 0.0112777697722878
0.100317199025553 -0.0579272415362996 0.0823155399213187 -0.00807840306060363
0.113878164790785 -0.0066668545919538 0.0197005659345335 -0.00702777911537342
0.0965549191386032 -0.0386722126469758 -0.0357886417386812 -0.0422154834220298
0.0719771141224736 -0.0597186688914287 -0.0823862090950442 -0.025265565567887
0.0274083397690113 -0.0781636154920743 -0.0924421038343368 0.0321839023818008
-0.0177741587665584 -0.0810700646741557 -0.0565628860298845 0.0638791761030714
-0.0516641337417897 -0.0610668579822964 -0.020487739311806 0.0698643842181641
-0.0664562640706379 -0.0376439813432683 0.00814987618417484 0.0515166712755721
-0.0766262116726869 -0.0281477971710667 0.02261558542308 0.0226135267782375
-0.0766028503325734 -0.0293172134334683 0.0191339253855719 -0.0112658256614476
-0.0878514400827473 -0.0406254040073926 0.0269981661461159 -0.0430881970388962
-0.0829904295261454 -0.0789267332896227 0.0461316594694508 -0.0589338565054383
-0.0416022105092571 -0.107148503706823 0.0736059518308155 -0.0445678933367627
0.0218555194693331 -0.125827597335236 0.0897249575840924 -0.00442736997362804
0.0890201825297254 -0.107192851989367 0.0736687486171335 0.0263860787211704
0.121748778144136 -0.0600265532968335 0.0427838556327173 0.00970408346132942
0.121750662744062 -0.00309516286484273 -0.0303387862644695 -0.00540034825643238
0.113350479487961 -0.0439512901167676 -0.0664877902841034 -0.0373505734575888
0.0848413011746678 -0.0758934528593705 -0.0933267367710451 -0.0275730601832564
0.0266865231911242 -0.0968146459483679 -0.0907282345828412 0.017836043159603
-0.024957388255831 -0.0924388785965275 -0.0651925195844604 0.0367541006405531
-0.0589108266372682 -0.0672734306492653 -0.0418271652835585 0.0476010179349847
-0.0708098223383172 -0.0422887822608107 -0.0181619458770339 0.0352832696842409
-0.0774291800680401 -0.033670668551154 -0.00699819602280873 0.010130508123975
-0.0763685429979211 -0.0367824946920665 -0.0107476141957412 -0.0204115727207583
-0.0845903018085657 -0.0490036666786943 -0.000218725902050902 -0.0531389214223822
-0.075664629658351 -0.0861304123715521 0.0245265020500103 -0.0745246486477279
-0.0332469678945876 -0.11101507960045 0.0654497109384333 -0.0582274754529079
0.0331273144852872 -0.125248885837393 0.0824976145535718 -0.00418105740647051
0.100968736377565 -0.0989934550550535 0.0544614598590451 0.0392406999366303
0.125400250955271 -0.0485078596913247 -0.00045504655571531 0.0226194258884849
0.109145537873256 -0.000231835206612695 -0.0774344745916695 0.00224243973747195
0.105954576307881 -0.0417593591103678 -0.0935474855987995 -0.0228528176089276
0.0784071748976431 -0.0767010891314541 -0.0987737755127153 -0.0234327963301375
0.0187511560363621 -0.0938372622629885 -0.0852071727032093 0.00279891672302841
-0.0276969901121293 -0.0843005682927153 -0.0747977834653112 0.010420508649716
-0.0556973131845728 -0.0607832942444488 -0.0632878759338117 0.0263534691937684
-0.0647171532621062 -0.0383814431550191 -0.0440491367240948 0.0195857230499653
-0.0668710806063317 -0.0334503104566241 -0.0352083076698582 -0.00369036589405906
-0.0639599612395855 -0.0392623607548999 -0.0369772418298743 -0.0323843272953617
-0.0677229083720847 -0.0515546654139933 -0.0203210708050356 -0.065101466339574
-0.0528738167919371 -0.0826254578367772 0.0117325926895636 -0.0870693243923609
-0.0103787261596816 -0.0996714051940327 0.0608030572627093 -0.0658543443430996
0.0485397535130327 -0.101407747736842 0.0726225107265787 -0.00161087844924833
0.102962108563326 -0.069731528192574 0.0333014723563957 0.0456801745618992
0.112418863154904 -0.0255741718845405 -0.039441912834678 0.026917672014751
0.0769865681889139 0.00516059236840115 -0.114673966622379 0.015036552376558
0.0788202983168832 -0.0278777652428073 -0.108650743858733 -0.00456250496407887
0.0572084413815978 -0.0581966103198751 -0.0975761350676649 -0.0160537668650851
0.0109280653631092 -0.0683789532257198 -0.0785599036569306 -0.00884500605441972
-0.0213658384726906 -0.0586387133780841 -0.0827446114730145 -0.00831778708678441
-0.040005651211436 -0.044171902478492 -0.0802060727941848 0.0111969024183759
-0.0464261519129843 -0.0297170779272187 -0.0659059480770131 0.00730854601805662
-0.0460205808202398 -0.0282195216810319 -0.0576122092763534 -0.0160595056031817
-0.0429110118513675 -0.0345865820471125 -0.0547834381331516 -0.0465817655204828
-0.042318909099838 -0.0455670352045352 -0.0293930408790704 -0.0777759456116834
-0.0241274716776593 -0.0666946063133711 0.00929139727788063 -0.0963796255617381
0.0111470635722359 -0.0743318547870558 0.0603083245450354 -0.0685799191279924
0.0556181087741282 -0.0643105416424118 0.0624503056083585 -0.00139354462736718
0.0887582929959402 -0.032907216095643 0.013918924131531 0.0420527623602329
0.0837046467989717 -0.00161464847490535 -0.0690437617314797 0.0212334665627498
0.0321006486549397 0.0141866149841289 -0.133486361975607 0.0277948813349502
0.0417815893557237 -0.00453553974166156 -0.110615526481867 0.00995506618030592
0.0301174201597732 -0.0252740603200107 -0.0930587217737552 -0.00833035498709858
0.0069789941473605 -0.0298636949202162 -0.0747397426273422 -0.0138700425375625
-0.00535639906177751 -0.0242580601917138 -0.0875757829286007 -0.0139883547931772
-0.0136994774152286 -0.0227254729229136 -0.0881176226346038 0.00553674405471482
-0.0192356126346536 -0.0178229171677732 -0.0790799652995176 0.000460228030976286
-0.01920470274264 -0.0178617204031531 -0.0706175327376238 -0.0254891261178979
-0.0180975362830814 -0.0234930503092839 -0.0628961903691668 -0.0578340539650409
-0.0157949221254642 -0.0291470533587025 -0.0292020231822703 -0.0887801118615233
-0.00161431328384019 -0.0404962756610928 0.0143830417085306 -0.101204985833883
0.0198023063142304 -0.0422176286256823 0.0637315090437405 -0.0667443042526287
0.0473692132979881 -0.0285720273091107 0.0554322703762816 -0.0041675996142758
0.0599873564075912 -0.000514993443112882 0.00144750492722368 0.030668906428252
0.0425935918623996 0.017321820503319 -0.0848073219363308 0.00836042681578727
0.00210163772790378 -0.0203973564718066 0.0879604717737846 -0.0145007572183357
-0.0198535750830241 -0.0076923824081473 0.00741899945450099 -0.0371360406559299
-0.018285845072869 0.00681893684731637 -0.0538540750318227 0.000340709857003731
-0.00397720017371101 0.0104420222381738 -0.0692610170282102 0.0609209714732306
-0.00264476470847882 0.00445988877719086 -0.0180599303063981 0.103424241125694
-0.00495142840827283 0.00503784588940162 0.0338875753493494 0.0921217628091055
-0.00706356386788366 0.00738382473498432 0.0612697395150444 0.0611754189127871
-0.0118742325690798 0.00833460229492696 0.0773561781814542 0.0229304616362309
-0.0134138368546776 0.00628005484358944 0.0773538342158581 -0.00566631247670997
-0.0158122438132702 0.00315959672780072 0.0834472696148845 -0.0204372414029474
-0.0181665305476586 -0.00541117650810139 0.0862484885885078 -0.00876010195852443
-0.0108216128945476 -0.0100398105676141 0.07976476039469 0.00336296360935552
-0.0112840207926834 -0.0164438732323752 0.0899041758519546 -0.000490759107815289
-0.00609550869071027 -0.0250544549389909 0.105681557212139 -0.0134442404514912
0.0133981283188166 -0.0255845321916244 0.125739755912968 -0.0438595481991401
0.0446772642079803 -0.0232884504478065 0.075488514812379 -0.0108090886928212
0.0162388252244644 -0.0223398400436591 0.000964194390369562 -0.0339215672837157
0.00732918206491016 -0.0145661684039902 -0.0587656483261362 -0.0027616449901191
0.00484666168158536 -0.0161454343577743 -0.0738707935779086 0.0577139694939619
-0.00972254743263023 -0.0229618882388087 -0.0264983734237471 0.0983920903058126
-0.0238481675670397 -0.0153908022674726 0.0226149480319879 0.0920572964968456
-0.0306947770244883 -0.00590660273172507 0.0516873201660487 0.0621995010100276
-0.0398185211440863 -0.0009014392212327 0.0688485943995471 0.0237152634905926
-0.042152329813951 -0.00182609721214904 0.0651629158521103 -0.00732480639313121
-0.0477726035301194 -0.00943120436101788 0.0691668706151315 -0.0289020084502468
-0.0485147876571723 -0.0317297102213555 0.0765689630211076 -0.0263464358432362
-0.0263492064498172 -0.0491246432744846 0.0777441203018476 -0.0127295231611211
-0.00217440367273252 -0.0609691680227838 0.0882729287626096 -0.00720774093520246
0.0267317294642122 -0.0623237667282335 0.0958465434883098 -0.0126697742141392
0.0539022073356302 -0.0491962617758293 0.107622721352527 -0.0350673970321915
0.0821989502163424 -0.023237276047538 0.0485550126279276 -0.00885828115544195
0.0544289744443622 -0.0347815675970984 -0.0161223856914149 -0.0343888325706954
0.0357811490558994 -0.0386017536782523 -0.0699710050068217 -0.00779013916012442
0.0137438158598113 -0.0462358914151433 -0.0805388939125574 0.0527241446321055
-0.0168552847483656 -0.0505766750678404 -0.0366755502218963 0.0873652972622591
-0.0403738578035872 -0.0356998188618632 0.00766006384570673 0.084778116617687
-0.0515660784399035 -0.0178749452831757 0.0350265681534244 0.0587106178346544
-0.0622337189935208 -0.00961380944682642 0.0495118005859948 0.0226736618049784
-0.0645137364972028 -0.0104454796664603 0.0433379863761649 -0.0087267590493768
-0.0733406019072859 -0.0186199875987877 0.0459125100037394 -0.0365069753269297
-0.0746865015754258 -0.0497321317275635 0.0578158534303797 -0.0437769569671108
-0.0433980804265899 -0.0777923822322071 0.0713828205450735 -0.0325870323984757
-0.000401031533436092 -0.0986720952751288 0.0864674159464793 -0.0135220306816828
0.0507626451933263 -0.0934314558692728 0.0850978444961892 -0.0040330698329691
0.0850308344761312 -0.065951668825269 0.0801427651479937 -0.0174070949528774
0.109075621032574 -0.0204444007643759 0.00833506194796902 -0.00571908832512806
0.0863381741503214 -0.0454900214387287 -0.0411633950152871 -0.0345248595048273
0.0598940884353918 -0.0637317833393733 -0.0845575416784483 -0.0128966960705587
0.0176692030220803 -0.0754443090251277 -0.0856386045724147 0.043161326593391
-0.0253486534709627 -0.073336822213552 -0.0470805631416403 0.0700131072957471
-0.0552207022161858 -0.0511945769597641 -0.0126330323257726 0.07126851243195
-0.065510858506336 -0.0277190429837865 0.0119771897539993 0.0498343208195736
-0.0750838083070687 -0.0177278708759446 0.0235131752059062 0.0185745887435312
-0.0763335373232437 -0.0185790838491839 0.0150986324212789 -0.0110272772164794
-0.0862822070809047 -0.0279227485342791 0.0181347147709931 -0.04230211829377
-0.0870801152398816 -0.0628880804927689 0.0345760984507877 -0.0593783497260464
-0.0515116069084222 -0.0949979544396146 0.0622171865312004 -0.0493517243229264
0.00342846851051952 -0.119844806507039 0.0823606139225185 -0.0161570153949601
0.0692512299178643 -0.10884760830727 0.0731264883520187 0.0108394705183944
0.104557618001799 -0.0692572525149491 0.0447364227273934 0.00343250335119101
0.117436979870719 -0.017707471656339 -0.0382783300761827 0.000460146587490918
0.100894667275409 -0.052199215340591 -0.0693810738178061 -0.0261012216841537
0.0704892891110191 -0.0801690831474889 -0.0960764702265807 -0.0136581877758949
0.0150797304662316 -0.0930452623570986 -0.0866912622051729 0.0295044346052285
-0.0335432867430024 -0.0830808731038381 -0.0589966306441223 0.0466603631034884
-0.0622896738100913 -0.0561659782919595 -0.0349016893575824 0.0526527784728338
-0.0706330894779095 -0.0312880096206098 -0.0152702577852199 0.0379631241937636
-0.0765275714117465 -0.0227868099235853 -0.00584509763340105 0.010924911449705
-0.0764748628326444 -0.0255251008699099 -0.0141050026978595 -0.0168377008126308
-0.0841023030631987 -0.0353407545939895 -0.00862755820950606 -0.0492039838393183
-0.0814739377685562 -0.0699064110881141 0.0126638862800447 -0.0710252253667128
-0.0438408415906623 -0.0995839249141404 0.0523389809087884 -0.0622937135042247
0.0153741647099303 -0.119856834603964 0.0756789440117347 -0.0156369139781694
0.0815402722211125 -0.102323636655244 0.0574650454988747 0.0245965739460678
0.110239206953567 -0.0588816606372479 0.00609116659273675 0.0207584008658977
0.104938305343715 -0.0134778265256024 -0.0817526687462443 0.0121017557471735
0.094218456182804 -0.0492983425340108 -0.0933197794523626 -0.0093929752095946
0.0645729870357302 -0.080157895706564 -0.0999338967559739 -0.00870165272174806
0.00801644239874177 -0.089018050610083 -0.0827152738713766 0.0152019831027532
-0.0349452947887743 -0.075488612219024 -0.0710572007124993 0.0217686969202648
-0.0587579617249231 -0.0506480059730517 -0.0573149120594498 0.0351002260200886
-0.0643655658883056 -0.0283002945377897 -0.0418057877543396 0.025070020606856
-0.0659321662853511 -0.0233282108133198 -0.0337969544431806 0.000760180100149606
-0.0644796823417244 -0.0288344210795271 -0.0398117567162991 -0.025804622888756
-0.0685853867454752 -0.0398071444891116 -0.0286454093867734 -0.0577691188054494
-0.059224358555222 -0.0699270458380851 -0.000917304008923262 -0.0819435357233321
-0.0215201104869938 -0.0910069879453456 0.0479065377457922 -0.0693172960860549
0.0323415642620667 -0.099883354737584 0.0679146004351174 -0.0118848180472501
0.0865111912731423 -0.0756495904197808 0.0393825007382207 0.0346207292869129
0.100972032514771 -0.0365671108078405 -0.0313310301297654 0.0289092966554287
0.074063161309505 -0.00417923554322714 -0.112573952784875 0.0263015960828318
0.0708672476049579 -0.0335980722750847 -0.105415439648992 0.00859206809735143
0.0463892546530043 -0.0602707495705754 -0.0968274843205399 -0.00232273205102207
0.00323819766573446 -0.0650544485070823 -0.0773151192369201 0.00200808882728681
-0.0258672871582139 -0.052819317442378 -0.0811359454092672 0.00450156157931308
-0.0416867470136352 -0.0364683355686611 -0.0749626579410439 0.0221247790332727
-0.0464709277404451 -0.0220850786735691 -0.0636142693456049 0.0153055904134522
-0.0456777842007978 -0.0209068208465698 -0.0559428584184542 -0.00823733348236568
-0.044124405911795 -0.0276590562154355 -0.0574928733745987 -0.0361318136568534
-0.0442242427716945 -0.0367458418190999 -0.0383331701413279 -0.0697933971106054
-0.0311287317968975 -0.0584750831425355 -0.00361332422165988 -0.0907826025928116
0.00153887202697903 -0.0697773064651347 0.0481347505108386 -0.072133480032578
0.0434689487933902 -0.0667941114261401 0.0593643181433945 -0.00992951557052812
0.0778672214797529 -0.0397367547119108 0.020791490453568 0.0345575133153061
0.0770724007023622 -0.0108273407168719 -0.0600765180894469 0.0272359592442692
0.032450847366802 0.0106148182306556 -0.125135427073358 0.0391497890279204
0.0383973497688009 -0.00746975164937874 -0.104719943708137 0.0216856379392283
0.0252644551658331 -0.0267823843247588 -0.0901577268868055 0.00284787099720395
0.00332984835630442 -0.028453695308558 -0.0739020024455838 -0.00475788382279068
-0.00774203230185869 -0.0223406849571339 -0.086127473909597 -0.00140782947179391
-0.0159022524878496 -0.0197471460494329 -0.0829350098969014 0.0169971207973188
-0.0204609912831204 -0.0145985743717242 -0.0755397926281073 0.00993452024594248
-0.0196739294229403 -0.0145131987782875 -0.0688520155985404 -0.0157869381104276
-0.0194819925900833 -0.0194698344526252 -0.065738718931467 -0.0471795135856957
-0.0177580024633473 -0.0245449242165001 -0.0383425821259488 -0.0797148019156695
-0.00659958909549161 -0.0368353215254736 0.00165889166107912 -0.0970445273442978
0.0125889937658067 -0.0407807140929032 0.0521837868433948 -0.0709516175239312
0.0400181453092462 -0.0325222788455161 0.052251612707498 -0.0105306694537774
0.055103142476762 -0.00694022373584355 0.00822981207775475 0.0278517391936301
0.041518575457949 0.0116605454383893 -0.0774477780052122 0.0176389952830196
0.00230466324823348 -0.0194464476851057 0.0842099473719151 -0.011853423565032
-0.0187722393845567 -0.00730415436243401 0.00774807326458765 -0.0351311656126891
-0.0177229457627511 0.00579494859006878 -0.0509567541662398 -0.00124754324441604
-0.00410677006177906 0.00923658837651089 -0.0678083921052615 0.0565220347167616
-0.0025805888502042 0.00413147499237514 -0.0189694236614261 0.0967817850610881
-0.00503896808321339 0.004694220809367 0.0303300341869532 0.0878042992410937
-0.00660740563894888 0.00673928970827065 0.0572229995971878 0.0588107347463874
-0.0119416096044368 0.00783821322919458 0.073668666235332 0.022658429932109
-0.0128375333943442 0.0057715762844061 0.0735457113603715 -0.00375261621593102
-0.0157371658327364 0.00229142383941898 0.0792293486482069 -0.0177594412844676
-0.017164164453511 -0.00574321855019518 0.0823321736756103 -0.00752522456731357
-0.0100178065042227 -0.00992718729354753 0.0758933927132714 0.00586344032780619
-0.0108502900928784 -0.0152852773904675 0.0852311624760282 0.00181045931929613
-0.00458485266373844 -0.023553108806994 0.10067504334389 -0.0109517338183102
0.013170340084163 -0.0244113910289 0.119815703536749 -0.0385013802384468
0.0423380314758261 -0.0210884575228529 0.0722881048651931 -0.00875077132187036
0.0157409963850722 -0.0203621120828691 0.00202779148653439 -0.0320975144095677
0.00669478103675861 -0.0135465297345434 -0.0559101444116337 -0.0040585335222565
0.00467825608164245 -0.0155904290099829 -0.0714902675509434 0.0531845517645701
-0.00866861348064291 -0.0214865677754815 -0.0272056703425509 0.0917022547914296
-0.0222324579557226 -0.0150410390578149 0.0192903596602241 0.0872129526082171
-0.0295535679596634 -0.00569571327365249 0.048533173012562 0.0604210820174615
-0.0382758350055921 -0.000971410308015635 0.0648510997100063 0.0228634998721989
-0.0406139665787751 -0.00251505473084489 0.0625802626737319 -0.0059343872537574
-0.0459428921143513 -0.00977280402376021 0.0661080112282694 -0.0265693619050733
-0.0456229948808991 -0.030268525059286 0.0732882533758756 -0.0243822995054439
-0.0237849358298559 -0.046985269358941 0.0744724138641173 -0.00999160016306947
-0.0011477586802868 -0.0580079341224021 0.0845879337145067 -0.00434281637119904
0.0263776182653056 -0.0586527452908945 0.091064038531355 -0.00901167971185102
0.0529866745305109 -0.0455578014281517 0.102996369763969 -0.0299948719908908
0.0782031203144826 -0.0203101955152639 0.0464543191299236 -0.00752708973809821
0.0517131751106719 -0.0321370925042892 -0.0137331752381202 -0.0329131227360614
0.0334962966489604 -0.0359899068941635 -0.0671831060196229 -0.0092830264376257
0.0135161156839831 -0.0440240584362366 -0.0776308038534153 0.0472704235756777
-0.0152078862439693 -0.0477256462812018 -0.0361653836753005 0.0823277755693707
-0.0380654136439521 -0.0338188566569712 0.00556912131522281 0.0808980727017217
-0.0482752994062799 -0.0175484897922571 0.0322865595656332 0.0563615867599121
-0.0590192417748161 -0.00978418625836907 0.0469873940630503 0.0215525195171186
-0.0613295232942383 -0.0100820645431247 0.0414595430428108 -0.00704727297510505
-0.0695092854736362 -0.0185499109444681 0.0438365041742794 -0.0336483980426584
-0.0700882115103586 -0.0478194779663303 0.0556945487507987 -0.0414979509014555
-0.0404147467978768 -0.0741622945983789 0.0691401803679645 -0.0285686473977735
0.000838445388257902 -0.0934972123140032 0.082925664903374 -0.0105884301529063
0.0496023984256632 -0.0880078693247785 0.0810753414922119 -0.000989514074583666
0.0822569999333974 -0.0606350775536462 0.0765351800533557 -0.0148080689058862
0.103399142372127 -0.0177888533769867 0.00914964833763173 -0.00531244322296389
0.0816543078217539 -0.0415269137061713 -0.0367887043575019 -0.0329807579358942
0.0571635246661832 -0.0589951091429235 -0.0805713905596801 -0.01462675291549
0.017515162541101 -0.0710906213974113 -0.0825565440950301 0.0383216874249748
-0.0232315301152478 -0.0695763245321123 -0.0466293462200293 0.065531420093868
-0.0515588762902007 -0.0487451143710191 -0.0132323072491812 0.0676886605176506
-0.0620949288179047 -0.0267362577414526 0.0105575557771063 0.0477396174332677
-0.0711496623122334 -0.0178933226053871 0.0224925242026203 0.0175446763132792
-0.0725774019013503 -0.0188234721771809 0.0146175689151411 -0.00991793186039036
-0.0816392297704295 -0.0275191449204153 0.0177248542240095 -0.0397054254539812
-0.0822025377023359 -0.060098561318095 0.0340401711807338 -0.055367940821703
-0.0476972560551694 -0.0907767559695559 0.0607682546801893 -0.0452440198493267
0.00532545349834201 -0.112985208711522 0.0795590275562001 -0.0137069765173159
0.0671422178755992 -0.10192297607787 0.0696764267615928 0.0121241126551875
0.100755504160988 -0.0637644004040471 0.0428640628457679 0.00417774218058509
0.111686312721467 -0.0145627188082317 -0.0355720741953245 -0.000410991069433681
0.0961606745724958 -0.0477957634093503 -0.064566553867289 -0.0254007769420108
0.0670206951129571 -0.0750968109581971 -0.0912390504415092 -0.0150803213729584
0.0154698067913025 -0.0883501104651636 -0.0832518620947279 0.0254752320060868
-0.0304448807910085 -0.0791488272235566 -0.0574194355781338 0.0426624146919378
-0.0585012661781346 -0.0537161786773667 -0.0338869327624035 0.0501010281277983
-0.067115617396415 -0.0299708666088006 -0.0152910366116094 0.0357858657303464
-0.0727354031970016 -0.0224595909832451 -0.00573739780303169 0.00978879663287937
-0.0727183203807916 -0.0247359819433292 -0.013072952839325 -0.0156833177003805
-0.079588396801928 -0.0347825000909495 -0.00807056034035392 -0.0457290469655642
-0.0765963992272768 -0.0669552039023424 0.012590724466338 -0.0675941104826256
-0.0404296217794536 -0.0951414507653412 0.0513264917771467 -0.0577568392889815
0.0156499627646468 -0.113205016534697 0.0727552060025396 -0.0125363173127556
0.0783311525627312 -0.0956588130330488 0.0548883270605983 0.02540280486736
0.105892747123438 -0.0538290832271855 0.00570095603231873 0.0200418635751546
0.0992839658314225 -0.0109643017141453 -0.0773849213917723 0.0106588865695206
0.0896336068666928 -0.0447963591496924 -0.0870623688638513 -0.0111286999874985
0.0613842211056615 -0.0751165407383901 -0.0955339866585552 -0.0107156530237082
0.00934813986363432 -0.0843316696688894 -0.0794451110971072 0.011480058757722
-0.0321411020260832 -0.071657782761901 -0.0690501540647381 0.0197538400118682
-0.0547353280698688 -0.0480236876517401 -0.0548178158364348 0.0326300413221367
-0.0613537599643828 -0.0270660304535137 -0.0399380136778572 0.0236885360264815
-0.0625824454495317 -0.0235439590898583 -0.0323080950312333 0.000617783930352526
-0.0614289732109057 -0.0280479369909579 -0.0365493462257047 -0.0245426152687838
-0.0644632878587453 -0.038428499895806 -0.0265221202553106 -0.0555368788817907
-0.0554935609881601 -0.0668529277245659 0.000109542784195673 -0.0776290805722915
-0.0194096704827726 -0.0862591460664867 0.0464737333347049 -0.0640891752450365
0.0322481623656558 -0.0932850451349505 0.0653664947624227 -0.00919456125233325
0.0826678427749042 -0.0708185045951643 0.0373990093088745 0.0341983745542745
0.0967690496452748 -0.0328671063403062 -0.029732568941589 0.0269735272803946
0.0703921548059805 -0.00301063671108336 -0.107471234757826 0.0230784745288482
0.0675354655025502 -0.0303858298959873 -0.0990965286904822 0.00590545960239684
0.0446760250033566 -0.0564465712914695 -0.0916562653043235 -0.00472269108469367
0.00377145657611724 -0.0613422169944831 -0.0744463756002829 -0.000405585092334651
-0.0236665825020727 -0.0499028697882925 -0.0774912930427676 0.00282538387026576
-0.0390835365689654 -0.0347602368918453 -0.0713508929352694 0.0201191691412105
-0.0439843154635946 -0.0209395723446695 -0.0607357557394179 0.0143016403407856
-0.0429563986092257 -0.0205041186190844 -0.0528626841101653 -0.00859424587810918
-0.0415365674848292 -0.0265742951111734 -0.054084012211282 -0.0352747998898304
-0.0410760959434296 -0.0353290350434385 -0.035184131105688 -0.066306873701132
-0.0285462994387777 -0.0558283780135127 -0.00204581657717919 -0.0863144241331716
0.00187914341086666 -0.0659035045044653 0.0472096121760757 -0.0671254830932063
0.0420143652849067 -0.0614681790179492 0.0570524042917314 -0.00745269925657268
0.074606883552208 -0.0362776405285768 0.0201056382229127 0.0332018837139304
0.0732569509746834 -0.00839161061685335 -0.0575500178259577 0.0247081100957591
0.0300565573482992 0.0101355881285629 -0.119597499495356 0.0343634433446409
0.0359898673171785 -0.00658014162197142 -0.0987043891659973 0.0180618600815976
0.0241807291239166 -0.0247639334983732 -0.085928621115086 0.000117515645259443
0.00307565899647357 -0.0261719556451095 -0.0705792232334704 -0.00639311486831557
-0.00645694624652541 -0.0209663706836657 -0.0824351769948969 -0.00201457337028411
-0.0149175913446822 -0.018531261520295 -0.0791132022486258 0.0147650933347604
-0.0190808121931737 -0.0134677291236077 -0.072549576988432 0.00862028428120985
-0.0179072732736772 -0.0146455849703587 -0.0654926646650343 -0.015170809352551
-0.0179927313550056 -0.0183067670620964 -0.0615129540556896 -0.0448686442723784
-0.015948605166419 -0.0233015678033838 -0.0350572698320089 -0.0763195335661718
-0.00580335119705315 -0.0349945927665798 0.0027953082091973 -0.0914355419727263
0.0127909495433407 -0.0386553708913907 0.0510777741487644 -0.0655467828588265
0.0381082333880062 -0.0295823641314244 0.0509813997434551 -0.00826041699732036
0.0516186243569822 -0.00601356237062702 0.00829025921816995 0.0264842586210278
0.0392430098578776 0.0121633859156433 -0.0735664686991969 0.0152323233290829
0.00378723937433675 -0.0189129813297905 0.083080165707667 -0.00852697441755682
-0.0177609739305031 -0.00822412943450014 0.00959095901440138 -0.0341376111289328
-0.0176354302849506 0.00528013019747171 -0.0505418600591695 -0.00476171390763767
-0.00464881721689845 0.00839042121488076 -0.0694632651758914 0.0511397894687427
-0.00243640197349586 0.00381218677939456 -0.0224522338564902 0.0935204675767166
-0.00529590933117062 0.00455040288479981 0.0256478743186619 0.0865343177996213
-0.00697841481747121 0.00650238140671812 0.0531597204793607 0.0600912382211297
-0.011958870478418 0.00751462522432601 0.0710099714508799 0.0247597074188807
-0.0129705090381053 0.00469934144343117 0.0718044885146681 -0.000699456220398126
-0.0158049309113962 0.00150190799715262 0.0778961628455484 -0.0141591392395102
-0.0165661700914133 -0.00606844403420553 0.0811530275103588 -0.00393246975371939
-0.00940181403598737 -0.0101454134992146 0.075334173812661 0.00917440345007802
-0.00965126696459701 -0.0155271155621179 0.0835155822140313 0.00604151155390739
-0.0039159140185304 -0.0233469125607689 0.098271849775452 -0.00432784411875469
0.0146555746871571 -0.0234095797388351 0.118501026453798 -0.0314013815569271
0.0428134542112758 -0.019178951485484 0.0713284470382344 -0.00542278482375549
0.016237520700135 -0.0193085986483364 0.00364495804036226 -0.0313777674150926
0.00658963453824616 -0.0131919787159082 -0.0546366649932124 -0.00712211880624282
0.00513474912538654 -0.0151162369107191 -0.0732170496831142 0.0482432087697666
-0.00739433539345922 -0.0216151363168594 -0.0302760495473394 0.0884217223484765
-0.0212024132724516 -0.0153847966067 0.015361637857903 0.0860166414299189
-0.0285636969523088 -0.00664113344114315 0.0446733126540218 0.0608780733197914
-0.0374049419850557 -0.00184066117811275 0.0624661387416146 0.0249901560265631
-0.0394906934151713 -0.0038513631690141 0.0612008762284056 -0.00307572693760132
-0.0453437593245765 -0.0116677635580161 0.0652905184163922 -0.0230960282741318
-0.0439009055414032 -0.0314680772677997 0.0727028949061556 -0.0207011505037348
-0.021585441526851 -0.0472320885295695 0.0744256764025314 -0.00584672013946979
0.000969472974729683 -0.0564421515361649 0.0837087733210069 -0.000172480402772414
0.0281247324934975 -0.0559439188263684 0.0893744388965841 -0.00315146493248343
0.0538749470074671 -0.0420704649354624 0.1018989967549 -0.0242793798099336
0.0773432488017698 -0.016617227507648 0.0462929868959645 -0.00502556032013857
0.0517373463933397 -0.0283169677007746 -0.0116593889010784 -0.0335183589358652
0.0338225827813441 -0.0332950196295247 -0.0659602066538859 -0.0124683058841436
0.0151668345175663 -0.042049221348528 -0.0784157531614799 0.0423387460259401
-0.013000397619112 -0.0469552548485959 -0.0390440962564291 0.0780692061631566
-0.0364456289586124 -0.0345480182009842 0.00197891059505002 0.0792460991599478
-0.0471689463511315 -0.0189790655145865 0.029336281780822 0.0562499233400142
-0.0576091146912708 -0.0115699460676551 0.0447229495493616 0.0228515397640719
-0.060162666993338 -0.0127094982618992 0.0414812215889647 -0.00547725719471017
-0.0681224350179643 -0.0212483216564826 0.0443985163584309 -0.0309331115044728
-0.0675948353287025 -0.0493904547474058 0.0562290041681174 -0.0384759634828278
-0.0365529158971513 -0.0742786529186366 0.0687767487143345 -0.0248749483608932
0.00412471336227668 -0.0908802462535905 0.0820762619156709 -0.0058713411980628
0.0521949890566005 -0.0838450550681115 0.0794104349959718 0.00377598425408201
0.083876172416285 -0.0550638239601286 0.0756561698194121 -0.0104508487436653
0.102135893430165 -0.0131120017109136 0.00959147756218865 -0.00457246637105191
0.0816637575508567 -0.0367332615508771 -0.0341451305357764 -0.0340643412443529
0.0572321610353224 -0.0554020684521121 -0.0783237382161735 -0.0188777325581098
0.0197796784680098 -0.0691632625785786 -0.0829958815975752 0.0324918721536638
-0.0202710562148056 -0.0686115108108939 -0.0486180305658973 0.0610978395901734
-0.0484907289075632 -0.04876267063891 -0.0154683760843073 0.0662652726662012
-0.0598167865189526 -0.0276552579261244 0.00818611538096645 0.0471589772619298
-0.0691760887799655 -0.0197631086339467 0.0209009984260605 0.0179940197234817
-0.0710688968210192 -0.0210488067697838 0.0157609258413187 -0.00891143596276538
-0.0793821578436503 -0.0298075887645317 0.0183650586129513 -0.0377998219308528
-0.0786942544234829 -0.061388686411418 0.0351397584807188 -0.0532721547864506
-0.0437368618163619 -0.0906255000842245 0.0615457165606915 -0.0407283835266193
0.00932047160272721 -0.10996141643296 0.0791761114080037 -0.0086952518691591
0.0699176486907696 -0.0965277691489682 0.0680387468636394 0.0161452585222552
0.102396809510592 -0.0579295620256827 0.0419043297062378 0.00657072313634366
0.110387936890907 -0.00985944543890175 -0.0340221134654035 -0.00160615524733889
0.0955708007275065 -0.0418124438725691 -0.0611211777316623 -0.0279685362130252
0.0683587979406238 -0.0700934515562272 -0.0893651599865475 -0.0195274579401576
0.0184003386828423 -0.0851839868861199 -0.0829416818148265 0.020113920232917
-0.0272698085896412 -0.0778851071662372 -0.0587281983421523 0.0390127641372065
-0.0551526795814976 -0.0540334875986392 -0.0352204529228431 0.0480232772385021
-0.0643772720168964 -0.0316006010675866 -0.016024769982677 0.0345701435700859
-0.0702509768388932 -0.0244882073929524 -0.0064045402907897 0.00922269527761892
-0.0704344135376818 -0.0270550028098256 -0.0115509116923129 -0.0156091849990011
-0.0769358379344607 -0.0367863699459814 -0.00584744479967319 -0.0452791075046622
-0.0728993803655033 -0.0680673326618189 0.014481718959942 -0.0655727750828796
-0.0359851672352113 -0.0941687142963476 0.0525028291822448 -0.0533883141513308
0.0193827010843298 -0.109584578877109 0.0732206276741064 -0.00800476973542013
0.0805579784064216 -0.0901875165919243 0.0529883241880858 0.0275489647087457
0.106103784534814 -0.0483118146661079 0.00509130564525436 0.0197947993782335
0.0980158970320757 -0.0064828742724237 -0.075937320063027 0.00627214417777136
0.0896875562299535 -0.0399286859448462 -0.0837910054004456 -0.0141568712307378
0.062428690238388 -0.0699110036839668 -0.0930432589237398 -0.0146173644405361
0.0119166449031706 -0.0821144243629764 -0.0784326304415451 0.00613737191769561
-0.0288175656166455 -0.0710614791330475 -0.0687965077262084 0.0163152217065791
-0.0519108331326308 -0.0483093529217926 -0.0544103488676826 0.0304169608876395
-0.0586326974075667 -0.0284678340146234 -0.0401810379693917 0.0212939140769853
-0.0598874400501015 -0.0249187243510415 -0.0323532295021724 -0.000572864267974238
-0.0593370142312734 -0.0300881243770882 -0.035377680250172 -0.024930621971127
-0.0613026742500761 -0.0397550876166667 -0.0239012252533374 -0.0547918205908677
-0.0521301309954547 -0.0663992285793389 0.00307853220363444 -0.0759265732242209
-0.0157188137817771 -0.0852453225359698 0.0486959036626458 -0.0606127234663381
0.0345178354548724 -0.0892267388815709 0.0650472772344065 -0.00575615724222732
0.0837388916285286 -0.0651119331461122 0.0356030990693929 0.0356446533969476
0.0965507263027841 -0.0272719793846487 -0.0300411876979111 0.0252463611862224
0.0685507514104022 0.000240236364976981 -0.105877749946151 0.0175726875622554
0.0668660125843611 -0.0261231305079725 -0.0966492986120707 0.000962885991338548
0.0455196628985009 -0.0527680770475023 -0.0900859814968686 -0.00931324889707301
0.00609013199236761 -0.0592719366400477 -0.0731599166423106 -0.00529721807336279
-0.0213218590289789 -0.0493391220843544 -0.0774282955949102 -0.000181710737483572
-0.037348515628612 -0.0352481320541463 -0.0702699513928843 0.0172958781111464
-0.042659453805799 -0.0219670930412763 -0.0607659603197695 0.0115791388739049
-0.0416672706559999 -0.0216135318613767 -0.0521897820482579 -0.0104533299185817
-0.04017371213071 -0.0277568463170758 -0.051384479330829 -0.0359549247183609
-0.0383767263756118 -0.0360538855109433 -0.0322055976725142 -0.0659677561080676
-0.0258825143377652 -0.0553512550408333 0.000712420000121995 -0.0840158091709763
0.00475056896774424 -0.0640803928098315 0.0485907133256275 -0.0632081279535398
0.0430317464019155 -0.0579765331942202 0.0566501667859492 -0.00409448570030253
0.074105137418251 -0.0322999489152471 0.0186451241167266 0.0343370756194506
0.0721961044042073 -0.00463533004615999 -0.0573344411365049 0.0216606015942337
0.0285062468231508 0.0113488519716249 -0.118293764942208 0.0282284912241128
0.0352631577985171 -0.00432675905015124 -0.0968423879245301 0.0126203092378614
0.0238586519736715 -0.0225849135769807 -0.0839701843083213 -0.00335174356354843
0.00468204952968696 -0.0253667702639693 -0.069106757493193 -0.0106336747019127
-0.00552372085717794 -0.0207179719815669 -0.0811926716419638 -0.00560905065363665
-0.0134618173938178 -0.0191058471012365 -0.0778719359873866 0.0112619439641898
-0.0184170691827219 -0.01352243664593 -0.0713664311560736 0.00527935680869255
-0.0168700120856163 -0.0150793169227295 -0.0640132344793337 -0.0180979030883769
-0.0167141207911323 -0.0185268466912788 -0.0582200191122825 -0.0456921962852052
-0.0147237502030541 -0.0232080114855829 -0.0313703999765928 -0.0755177573342126
-0.00441210467034025 -0.0343730551573572 0.00666216195555153 -0.0888952909316485
0.0137198436722972 -0.0375372878738582 0.0523993780287593 -0.0620525331755465
0.0384546594264831 -0.0266653996516393 0.0510774178330936 -0.00459775288346586
0.0508318970095735 -0.0030611761917131 0.00704445138657742 0.0270748028883126
0.037981773385698 0.0131295195357927 -0.0725943298671578 0.0114796001928616
0.00481337102466898 -0.019368795279474 0.0844793109319906 -0.00454439087000401
-0.0172055485656823 -0.00910247368272425 0.0116248395966653 -0.0352902812181118
-0.018363902633896 0.0045109473126626 -0.051650061651814 -0.00704757606251636
-0.00527043681109929 0.0087924238533856 -0.0737303880684997 0.049329388141875
-0.00302171642546103 0.00324505748457833 -0.0278229575505377 0.0936544167925016
-0.00551004424147099 0.00444189623634233 0.0220837281685145 0.0893833759493549
-0.00722348369451627 0.00625973970574855 0.0519125550289615 0.0634492734523473
-0.01226919232184 0.00738938408238197 0.0717951794598757 0.0284049719336372
-0.0143532831125936 0.00448553339946857 0.0739535278999131 0.00252734194894475
-0.0166235496877479 0.000883988591213857 0.0798135724494826 -0.0109089484641972
-0.0165866529704772 -0.00707498850821703 0.0829723981642333 -0.000151476674787519
-0.00853020817258761 -0.0110502218065683 0.0767504385346755 0.0138161430643081
-0.00960923716703573 -0.0160006074359686 0.0847976106034995 0.0100433327384244
-0.0028877824168387 -0.0236587594265577 0.100132493020291 0.00099834929658608
0.0164615032144836 -0.0231363083430583 0.122318410874232 -0.0254379201557521
0.0445931999048063 -0.017572190969995 0.0731713382878164 -0.00182977884235417
0.017504850489912 -0.0184953544645624 0.00577503581563854 -0.0325342890136771
0.00683154154892494 -0.0123949445702285 -0.0561030766111266 -0.0104144678127351
0.00572147340655768 -0.0152150364256433 -0.0774589654633806 0.0447458809135503
-0.00729620134595296 -0.0220562210907541 -0.0354161363421092 0.0878628197220593
-0.0213481237290511 -0.0161298716584974 0.0117887432963321 0.0886933511868948
-0.0284707054839332 -0.00720872077146572 0.0430621551533639 0.0640128204998217
-0.0382307350324054 -0.00352737770653817 0.0627760453202438 0.028079310463055
-0.0409384332502635 -0.00590047233463606 0.0624906727588169 -0.000246024000064652
-0.0461410983242068 -0.0138619599312699 0.0674602375874969 -0.0197670781347529
-0.043815265906882 -0.0334515566494449 0.0751097787766963 -0.0179845145428897
-0.0202612930275478 -0.0489021769914135 0.0765257490396764 -0.00209947478029329
0.00353999121434786 -0.0573046069107283 0.0855572763492963 0.00414972934367088
0.0311320359148719 -0.0556718863251316 0.0920149784744068 0.00145257216263944
0.0569790727977595 -0.0404244478998827 0.105107747173128 -0.0194212654537766
0.0799928286290017 -0.0137969770937866 0.0485355798641361 -0.00282355002837438
0.0533865937782852 -0.0261852270129609 -0.00910613210825254 -0.0346072589566666
0.0352530935474287 -0.0321982614669552 -0.0666639105414453 -0.0172055226858983
0.0165301820281107 -0.0422563025407242 -0.0820859888600127 0.0386919463423516
-0.011557367296255 -0.0479628052678374 -0.0434690932381822 0.0772042293182051
-0.0352683850381695 -0.0360289402175496 -0.00127786823163501 0.0805364073005175
-0.0473888301658864 -0.0210643094257676 0.0277101926466778 0.05885520151575
-0.0581766849721617 -0.0135022279221136 0.0450492604435604 0.0253737925215014
-0.0617582500518811 -0.0150182169204139 0.0425007584718379 -0.00358125160190288
-0.0691440044718364 -0.0241402429124556 0.0457629134545834 -0.0290728921701858
-0.0667964493535767 -0.0523381690490885 0.0588067956653028 -0.0364592142454395
-0.0348610835492154 -0.0772744544935262 0.0725371907086743 -0.021422507441985
0.00814589415080803 -0.09205447196478 0.084734701183008 -0.00204381352086063
0.0567156158440353 -0.082989503157473 0.0818011727537752 0.00871647791230481
0.088842266803852 -0.0530150545280199 0.0778315327949649 -0.00611013348175737
0.104770094413998 -0.0090469792767154 0.0104287230327171 -0.00456982049085727
0.0837900368176183 -0.0337366261622313 -0.0320630934766852 -0.0357592827101078
0.0599385058640667 -0.0531821249269003 -0.0796412036001551 -0.0233953025803077
0.0226241180226315 -0.0695212536463956 -0.0864466332318515 0.0290913680313504
-0.0179182539155659 -0.0703575414372183 -0.0524819153712496 0.0601955274767973
-0.0479213783310395 -0.0512635250210413 -0.0181095056901645 0.0662981378075076
-0.0602413225276936 -0.0305300231129712 0.00660498919194402 0.0480457336306485
-0.069720108742213 -0.0224869233276719 0.0203569068743762 0.0187340133024726
-0.0721645149638918 -0.0236737456386665 0.0161465594722602 -0.00781242975614526
-0.0799531664135002 -0.0334679107943175 0.020693265543006 -0.0373513356546374
-0.0776913538123889 -0.0655566552356953 0.0373799539343674 -0.0527925827326059
-0.0406459766151735 -0.0937396659906701 0.0645599731338247 -0.0384597208439722
0.0134390107828323 -0.111244221694437 0.0819603029290947 -0.00489738531770566
0.0746563267649262 -0.0957226579404903 0.0690606418829152 0.0202750231253307
0.107255033987389 -0.05393669958632 0.0422352747562639 0.00930800326707293
0.112732028893271 -0.00562536753879892 -0.0339906707617416 -0.00340229872972019
0.0988648243571417 -0.0384024686321279 -0.0595597883729376 -0.0313713688747308
0.0719091832690654 -0.0681939646109213 -0.090157707580078 -0.0246284363440018
0.022193334066201 -0.0856131455264811 -0.0860229204281987 0.0158459080105843
-0.0247987604578625 -0.0803252450090164 -0.0627046800322301 0.0365794316516429
-0.0541703822623893 -0.0566993432230358 -0.0372958006657852 0.0473197454146846
-0.0644222025537642 -0.0341030653148425 -0.0175354773930547 0.0346411118001648
-0.0703709584531713 -0.0277408115150468 -0.00752228988819737 0.00934964109035251
-0.0715048036086301 -0.0299193517441296 -0.0115611408269574 -0.0156205644971717
-0.0774969292235723 -0.0406551008304247 -0.00438177270757177 -0.0460089544976728
-0.071748077671375 -0.0713504409619615 0.0177498007586729 -0.066678437398096
-0.0331597927236023 -0.0971937125654717 0.0562021509170432 -0.0516952715181076
0.0240405645890736 -0.110814537463594 0.0755825684785624 -0.00472056660813683
0.0856989974567553 -0.0889554520514095 0.0536268396331303 0.0319485455638334
0.111123545353877 -0.0436169321846589 0.00463846747333968 0.0203623163750072
0.100088643512305 -0.0030831733236301 -0.0769235150091799 0.00328523641534093
0.0927750130912748 -0.0366567357907397 -0.0831441492284624 -0.0184261052681236
0.0663742684720844 -0.0684475450195841 -0.0943820560095659 -0.0200932976791068
0.0153278607704543 -0.0825123402669054 -0.081066468467586 0.00174576937002517
-0.0262413795582728 -0.0733506874457281 -0.0720881525248473 0.0139333491566265
-0.0516341289812706 -0.0513304511610252 -0.0566244581981544 0.0286956446630477
-0.0589751369006406 -0.0308731315479712 -0.0422393817125184 0.0203590633688614
-0.060468250729474 -0.0278744273640581 -0.0331200672811194 -0.00140035665683325
-0.0590137826240112 -0.0326997784994553 -0.035178875037835 -0.0266230247781269
-0.061184387685283 -0.0428671518213623 -0.0219760597983269 -0.0565093979727474
-0.0509504046016668 -0.0693723000674377 0.00602836727074149 -0.0773579083954784
-0.0131713181247726 -0.0868339244381757 0.0522382232506908 -0.0591551533509005
0.0389929695614599 -0.0891044129280535 0.0678017177265391 -0.00224027692779996
0.0878340319118784 -0.0630941256779295 0.0352980972836157 0.0380766932543112
0.100140068564094 -0.0233185395379943 -0.0313767595763503 0.0244329102573717
0.0701199478437273 0.00314463935968669 -0.108370456052457 0.0129714721753428
0.0691741677598096 -0.0240617376312419 -0.0970380073495057 -0.0037639408979804
0.0478124072202387 -0.0510529499586031 -0.0915174413674948 -0.0142790808791232
0.00856583964425421 -0.0597540335864213 -0.0749129912063211 -0.00965478305704471
-0.0194150686654008 -0.0510206602391369 -0.0794341587062073 -0.00367426545333757
-0.0367882557262723 -0.0374077012595297 -0.0727255272099167 0.0147264009291958
-0.0419056321938416 -0.0235138089696333 -0.0620356963172364 0.00922027236696643
-0.041723650679671 -0.0237401896438497 -0.0533716439837006 -0.0123580737973145
-0.0402471155841023 -0.0296979556171779 -0.0510349863365548 -0.0384926689269328
-0.0375576798805752 -0.0378721376644104 -0.0295926345632495 -0.0685051835315505
-0.0246556230952846 -0.0569144597839456 0.00399226976962653 -0.0855615698355898
0.00783126536875548 -0.0643799745572651 0.0525157230328685 -0.0613922051630007
0.0467019351737908 -0.0564494627775157 0.0594341874410342 -0.000885210951702351
0.0767966524894025 -0.0297943292208742 0.0177879167049608 0.0358711035489029
0.0742476919648577 -0.00157152886597885 -0.0586583018040481 0.0193579423698121
0.0294623069452939 0.0128581197263841 -0.122659049989899 0.0226312277610509
0.0362646530648541 -0.00284508826846454 -0.0992604120580538 0.00810236107207466
0.0253424646561928 -0.0221381988571546 -0.0853850596831947 -0.00810732649880023
0.00607795217303511 -0.0253777910248889 -0.0714558325197785 -0.0151107810205949
-0.00462014655351019 -0.0210204970481898 -0.083327301676754 -0.0092144283704074
-0.0132419666927284 -0.0194432727907786 -0.0799196432759271 0.00818978858455017
-0.0179011027915547 -0.0142246212132021 -0.0731814988052703 0.00246192749401978
-0.0165993046196 -0.0161834716819268 -0.0646871065388077 -0.0202050762247131
-0.0168577276523367 -0.0194862182340165 -0.0576027596392158 -0.0487075341017044
-0.0133427692175167 -0.0244060394098273 -0.0286944502252904 -0.0782810031324406
-0.00303293666574544 -0.0346251606754754 0.0106627670460874 -0.0900680615101385
0.0157079530589923 -0.036768691819451 0.0567631164539349 -0.0601140618911066
0.0402618902160097 -0.0250331641018777 0.0528937764932089 -0.0018463094224255
0.0518310804600849 -0.00112925952897454 0.00616066940074908 0.0275948730734471
0.0378492087432931 0.0151961087945046 -0.0743343347684106 0.00869872339277178
0.00567204884673532 -0.0203001476651649 0.0891139162009973 -0.0028684202196776
-0.0177717853380913 -0.00962134990419006 0.0130414620131129 -0.0377122777817712
-0.0196824608887182 0.00463322965298252 -0.0547306206249218 -0.00919653307732392
-0.00555582633968469 0.00887120083796425 -0.079397811199979 0.0506841159022511
-0.0034315810657421 0.00337268251364001 -0.0309860844473808 0.0975007296929423
-0.00642771085049553 0.00439338479035551 0.0223997787087451 0.0945570763639084
-0.00777637411396987 0.0065952050817731 0.0534097189696263 0.0680712723598594
-0.0130118328775276 0.00736975934782656 0.0750381415609906 0.0306374677129038
-0.0154666040245871 0.00483384498886972 0.0780192012462946 0.00436997507531839
-0.0179227702345197 0.000108775968505566 0.0845260868564831 -0.00993738636123479
-0.0176909367736963 -0.00738063803985474 0.0878986195664063 0.00114288425543165
-0.00874249762469793 -0.0118402007452137 0.0817730606184421 0.0162860718434536
-0.00929623575882855 -0.0168994405011477 0.0898720688298884 0.0124247504195852
-0.00177655700320898 -0.0249516564518272 0.105871951278277 0.00376074458216919
0.0181012294295994 -0.0248819278815863 0.129496807729346 -0.0235722272986541
0.0475622276640146 -0.0182920091061838 0.077841920483034 -0.000819340134446998
0.0184276446937896 -0.0188623425535713 0.00656107095134209 -0.0348106144636702
0.00732825855307333 -0.0127289759476086 -0.0592968288922924 -0.0130156258384707
0.00607652181629399 -0.0155779796341633 -0.0832690187006175 0.0456078764767003
-0.00717246377680088 -0.0233457421298071 -0.0391284356806476 0.0916411211535412
-0.0223652168185015 -0.0171288666090389 0.0108439605324087 0.0933812234919323
-0.0306582162653334 -0.0079037234537955 0.0444214825511408 0.068263199284031
-0.0401454988312361 -0.00407438885524114 0.0659819602495249 0.030546148257733
-0.0433755889492919 -0.00647831045044608 0.0662836489781907 0.00116049870567104
-0.0486808621097767 -0.015714755378194 0.0711985297376923 -0.019946820672747
-0.0456992162468374 -0.0356101606646423 0.0794281904701739 -0.0180614768139276
-0.0206470121070483 -0.0521538799558013 0.0813928206725791 1.18993727847375E-05
0.00436111451327246 -0.0603060775372797 0.0904345833474839 0.00616558042273302
0.0340528298332248 -0.0585341188275501 0.0966750177770775 0.00410811472465542
0.0614954530888296 -0.0419525916389501 0.112236954177927 -0.0174437542348977
0.0847678149832778 -0.0135307083987297 0.0514782231076275 -0.00230545366646885
0.0570141469041983 -0.0265279087129951 -0.00847496297109062 -0.0370100626697176
0.0376919653486132 -0.0325414591574175 -0.0704859074197273 -0.0203563949158214
0.0177157966391823 -0.0441623085045507 -0.0882739874770296 0.0385438529041415
-0.0120275849313573 -0.050724917292982 -0.0480936718025876 0.0803976263688957
-0.0368791635827732 -0.0380547134108717 -0.00252929184837739 0.0849761826839092
-0.0495630224871164 -0.0219337704446708 0.0287178138443053 0.0623272758364117
-0.061185846140802 -0.0148126695437873 0.0469962990143406 0.0273471708884241
-0.0653124730576891 -0.0165550171679775 0.0450167331081508 -0.00292064016551975
-0.0729626173981296 -0.0263995853953179 0.0491211552299195 -0.0296994178630576
-0.070169946196551 -0.0557829925608612 0.0618832307997444 -0.0375900496510334
-0.0355653471131622 -0.0816175019528443 0.077500474171973 -0.0201854968384484
0.0101845547237434 -0.0964188886033251 0.090417839438873 -9.63417270800286E-05
0.0611912570430031 -0.0864225120221486 0.0865048036266077 0.011232464778965
0.0950377114790067 -0.0537087877267276 0.082672299665778 -0.00491575508768419
0.110623448786577 -0.00802829991805533 0.0115446757132393 -0.00473299329171621
0.089151024078544 -0.0339275954793325 -0.032173467031037 -0.0395351165391692
0.0639659502759399 -0.054663604629275 -0.0841668661212393 -0.0269723035529408
0.0246630975167497 -0.0726941252037628 -0.0924698453760865 0.0280188866413129
-0.0180644571842942 -0.0741314255029271 -0.0573512383210644 0.0615937054019209
-0.0501893809015225 -0.054222959358608 -0.0201198777431241 0.0699438297372364
-0.0631877898952719 -0.0328956850357164 0.00626573976215586 0.0506227512247739
-0.0736435315943673 -0.0242858505373823 0.0211351905771261 0.020146566088432
-0.0764024801574582 -0.0261965773769428 0.0172302582727497 -0.00821500511144967
-0.0844621247258625 -0.0360228666749732 0.0223439390122861 -0.038322262810317
-0.0820021585618738 -0.0690217288106053 0.0400095939522956 -0.0557389691239314
-0.0423197964753769 -0.0996607900228785 0.0691906282100959 -0.0388423721987536
0.0161431993666505 -0.116749207365158 0.087681270424819 -0.00336372776763057
0.0801338292953933 -0.100030285079497 0.073376612461465 0.0235079080367718
0.115066121401434 -0.0551765416218797 0.0458596999408787 0.0102117909613302
0.118528181352023 -0.00394918270700385 -0.0353663035560823 -0.00431861555586674
0.104959311690688 -0.0383899981750886 -0.0606037166472567 -0.0342385512413949
0.0761903790725312 -0.0700510854071327 -0.0952491410716723 -0.0283072065231023
0.0243837265809073 -0.0899884396183825 -0.0921089445338294 0.0141279821150953
-0.0250041541414349 -0.0847790138867271 -0.0672173253466325 0.0380331203703732
-0.0567659064555331 -0.0600990958438652 -0.0400090850206571 0.0497003501831335
-0.067870320950012 -0.0364576960340163 -0.0191150887567354 0.0359099714246458
-0.0740293310102317 -0.0295131382335989 -0.00756951234601806 0.00976737707400199
-0.0753032455368873 -0.0329140466984282 -0.0119126185560647 -0.0164522162839822
-0.0814268423117622 -0.0433288229867462 -0.00378451393276221 -0.0479613668601813
-0.0755206114117198 -0.0757012516971076 0.0190013504518899 -0.0696702325377903
-0.0342836038843605 -0.102231953418438 0.060806351730973 -0.0527730440966586
0.0270255827141462 -0.115425097700941 0.0816390226400733 -0.0033873028272199
0.0913968031125801 -0.0923070716719902 0.0564873006504238 0.0351764769138855
0.1191237183239 -0.043808555096575 0.00492071239696479 0.0217997333444002
0.105928775474675 -0.000913046640939801 -0.0810171683261839 0.00191159438004295
0.0983382012141491 -0.0368934937677994 -0.0866476666572529 -0.0217183700974466
0.07066349576828 -0.0702921161979027 -0.0994086009889616 -0.0232382836706432
0.0174792555392393 -0.0868087356715033 -0.0864027000370519 -0.000532803052549807
-0.0268964006165248 -0.0772473409128525 -0.0771343461909424 0.0134289209430501
-0.0539438723501688 -0.0541449837141383 -0.0604697030350266 0.0294715623127252
-0.0614382287476297 -0.033450243224098 -0.0446047295121492 0.0206219570708821
-0.0637773216924411 -0.030152418259884 -0.0352960000955883 -0.00208097628508959
-0.0632015819104064 -0.0349411863959051 -0.0367574454460645 -0.0281118129497919
-0.0643151532397884 -0.045930005113844 -0.0223929362218185 -0.0595775362977122
-0.0531414283277395 -0.073043105529682 0.00723406662110056 -0.0818602581362702
-0.0122982679964122 -0.0911811240943914 0.0565303807461399 -0.0609007782824354
0.0425115013182951 -0.0930585505063866 0.0729306101354967 -0.00045714129692991
0.0933923175844858 -0.0650915226003065 0.0372389462645629 0.0415021643079577
0.106431218125667 -0.0227775384047542 -0.0333674452280949 0.0252077368205719
0.0738468306149744 0.00465215695430805 -0.114330938446907 0.0112887904957422
0.07344853771207 -0.0237364781309793 -0.1015923570695 -0.00668196472200927
0.0510013184050862 -0.0531217108636645 -0.096248035914383 -0.017182215985579
0.0100717091790796 -0.0628493203228023 -0.0799871121549374 -0.0127449156172566
-0.019812393061353 -0.0540514807766875 -0.0847185360642894 -0.00463560081640736
-0.0388102523477063 -0.0397310305919813 -0.0767474523760586 0.0141402562028229
-0.0443152390756545 -0.0253581380063346 -0.0662383405476435 0.00862001551963879
-0.043550659710856 -0.0255852991940055 -0.0563236334708005 -0.0131287872411176
-0.0417239480882131 -0.0314189125843941 -0.0531055700980025 -0.0405704516316793
-0.0388251893426974 -0.0404973023658322 -0.0305557885974589 -0.0717226244774857
-0.0256228934046456 -0.0596110893051468 0.00590339097341857 -0.0903244629586963
0.00840981558297736 -0.0673823882856781 0.0571393616886087 -0.0638973401045626
0.0502199995396489 -0.0583862297272581 0.0632272952140783 0.000936224037912942
0.0813429459139121 -0.0300570517691529 0.0188117245607403 0.0391372119418405
0.078084098244146 -0.000219117610926169 -0.0625480506644297 0.0197465411977614
0.0306074033858108 0.0136088756701607 -0.130799250336701 0.020969990863548
0.0379677070742722 -0.0026643788497508 -0.103903746913115 0.00503370640116732
0.0263703994049691 -0.0218060006346132 -0.0898380214932575 -0.0103522483508123
0.00612349987245915 -0.0256744378669241 -0.0761603409668612 -0.018183641595145
-0.00467905602648352 -0.0220847216768596 -0.0883061028084932 -0.0103510175007266
-0.0140201244292893 -0.0203319148907524 -0.0846510601580915 0.00733586115019885
-0.018663462296357 -0.0152823928231567 -0.0778363330780959 0.00176387991894753
-0.0170233661765725 -0.0174001316349152 -0.0686262388659934 -0.0211432361751757
-0.0167797994016565 -0.0209473101258881 -0.0600732663960809 -0.0519535110273703
-0.0133642987326226 -0.0256204911610152 -0.0290655433453455 -0.0827937865614509
-0.00303960408106069 -0.0371912386656284 0.0125964189090267 -0.0937111589487353
0.017379088062449 -0.0388163385859584 0.0611662663496901 -0.0621867794866064
0.0424305243942917 -0.0256569985093883 0.0570735227265389 6.33109787645376E-05
0.0545840389993248 -0.00101665505628345 0.00673605414194821 0.0294302056602463
0.0393669494362476 0.0163384217679881 -0.0784262854881885 0.00737870016932241
0.00200222337887023 -0.0222865548049341 0.0961949968444079 -0.0156314847842847
-0.0198157696328665 -0.00761276925749298 0.00836163428926424 -0.0426485870909958
-0.0192971128855567 0.00765542372722604 -0.059601940032507 -0.00296064545923766
-0.00477187024497021 0.00842006418283781 -0.0755299077043422 0.0666061445331913
-0.00473614352677061 0.00301723860759227 -0.0171886707890648 0.107639822985882
-0.00628194083190789 0.00512194801219991 0.0385073902013753 0.095880276244694
-0.0075092655524006 0.00811081704369529 0.0688155597201193 0.0640067368793779
-0.0133219575481837 0.0102943308904261 0.0838306775891058 0.0207500478620582
-0.0156932284660834 0.0081490708242765 0.0836505510715533 -0.00683189668026018
-0.0192899350738457 0.00367894313890663 0.0878184838104534 -0.0227167492834955
-0.0200844571819732 -0.00438663463803168 0.0930988028334164 -0.0113080508100647
-0.0116839932586615 -0.0117075713835138 0.0900873459905071 0.00646601117381421
-0.0121484920191064 -0.0164052769905468 0.0968546743672789 0.000978362009002205
-0.00659156652398282 -0.0261367508211228 0.11158984255838 -0.0101939530307663
0.0145844139929426 -0.0287880541203337 0.134821782501211 -0.0423374222949306
0.0477935042000418 -0.0266999864794389 0.0813225823966271 -0.00908482111339922
0.017225609746066 -0.0227222924748329 0.00192212966125533 -0.0371444570378003
0.00661165371181475 -0.0141863644946687 -0.0657762194963564 -0.00401755930916246
0.00432746833528865 -0.0185084219999672 -0.0809525339098048 0.0630272553847924
-0.0125476303019 -0.0244409568005047 -0.0259430274880029 0.10330292774592
-0.0265985676010956 -0.0153176488826429 0.0274062181919332 0.0974168438592973
-0.0331325645562788 -0.00414153243897278 0.0596910683385902 0.0659892658976403
-0.0429507955970717 0.00212229669183769 0.0742608978261006 0.0218460395349577
-0.0465901597867408 0.00026886654559035 0.0709982498052062 -0.00823340271093541
-0.0533351636077873 -0.00801230931716157 0.0720688799036747 -0.0314228969818234
-0.0531727055569647 -0.0291909764756196 0.0818477686249844 -0.0296598526279294
-0.0296256065947773 -0.0514064110934002 0.0876264702065956 -0.0108326134218953
-0.00443921657357402 -0.0634134744421596 0.0965479436136795 -0.00563472223995201
0.0268904383759732 -0.0655942640977288 0.101982307835033 -0.00928885442846857
0.0575817722797538 -0.053107541929299 0.116871363965153 -0.0334949913603958
0.0887722276446926 -0.0288529838198146 0.050309893721736 -0.00474557887930046
0.0569219175741679 -0.0357464785168948 -0.0156819306429915 -0.0370176057340613
0.0352992151799446 -0.0399653139494017 -0.0798064953166108 -0.00830018257856661
0.0128661991241242 -0.0494988378685939 -0.0881727020783276 0.0580287837994905
-0.0202905911465555 -0.0518004917732583 -0.0367613443749064 0.0946017317452632
-0.0450319341959645 -0.0351699193861082 0.0126918175706703 0.0918211801074737
-0.0555472602933692 -0.0162004629676563 0.0420381607713386 0.0630042568063311
-0.0671690509042373 -0.00624968124525132 0.0538721622747434 0.0211663276056662
-0.0713351622310691 -0.00693655940189916 0.0477263349530728 -0.00904983056780999
-0.0803541777015439 -0.0166014894409594 0.0468962205493911 -0.0379877677948576
-0.0809800520709351 -0.0458852774096814 0.060466617069088 -0.0485139267719112
-0.0491585271379913 -0.08008994913912 0.0798302888473727 -0.0307347296874161
-0.00442990037494534 -0.101916191926119 0.0948723565155694 -0.0121959256823501
0.0504888719032933 -0.0990357629757643 0.0911007958064022 -0.000710261401385142
0.0903711324593436 -0.0700731224714288 0.0879985630364684 -0.0163610907130434
0.117888388556938 -0.0269692358438846 0.0056788966648105 0.000347788547178301
0.0904300320789923 -0.0480543344434795 -0.0419887769898113 -0.034597307691465
0.0608392443761517 -0.0667538752446804 -0.0961027121041392 -0.011391920637587
0.0168702037456941 -0.0810454793510804 -0.094766453040809 0.0479748868185478
-0.0302624029228478 -0.0756875231111891 -0.0492371311587374 0.0783105589358314
-0.0608005598538927 -0.0495189950685397 -0.00731831991819833 0.079302726235278
-0.0709257839706934 -0.0257888317393831 0.016596843363613 0.0549563648986801
-0.0814339197872093 -0.0145579054501993 0.0256224501886087 0.0180320481845345
-0.0844904025220547 -0.0151259588665246 0.0177601831578371 -0.0110711987600159
-0.0941314961048531 -0.024893330574991 0.017358318831804 -0.0428547922706385
-0.0951543990028928 -0.0585653855261333 0.0345744539178528 -0.0626245067694647
-0.0584501755232263 -0.0971291011381711 0.0683766974939314 -0.0484641284513527
-0.00140411001426161 -0.123868303210172 0.09142406166547 -0.0154224121696872
0.0692816227255682 -0.115272535291052 0.0795486234330261 0.0132018979805269
0.111772326137992 -0.0739372885551545 0.0509824215946338 0.00442351188957547
0.127164280563533 -0.0245406215534909 -0.0454293945375791 0.00798812191288053
0.107021217918402 -0.0558067190570532 -0.0718615868706385 -0.0237849806991981
0.0717937068354526 -0.0855829084713337 -0.1082147963394 -0.00997934752253423
0.0134922452040028 -0.0989729994766421 -0.0964819814378787 0.0342986264237501
-0.0381385473061164 -0.0863105104600935 -0.0640098187449395 0.0548529324777654
-0.0688204987431695 -0.0549744701538977 -0.0314210966636315 0.0615323338529939
-0.076344730322852 -0.0286478469007329 -0.0131218319185046 0.0432439958059386
-0.0826241893507084 -0.0199710037524791 -0.00629066307954175 0.0116726139561904
-0.0838022784000458 -0.0220394195035173 -0.0148761605571798 -0.0149900822274793
-0.0911456495213061 -0.0329697106195722 -0.0120541952131963 -0.0484610410337979
-0.0895070594028541 -0.0657934172512593 0.00996478751339124 -0.075166810338063
-0.0504999918718689 -0.101385351481849 0.0567570351370299 -0.0622035653391616
0.0101503273401212 -0.124178006448017 0.0853856578054424 -0.0144668735793347
0.0816250787223284 -0.109252312581154 0.0632674516706212 0.0269774278677364
0.11692804041973 -0.0635657511117051 0.00916844934168768 0.0227721873716109
0.114300248085943 -0.0197075036398054 -0.0926413772095816 0.021284093690483
0.100388370394154 -0.0531379261309771 -0.0974662431691138 -0.00696219666075712
0.0650197670384294 -0.0850669777076979 -0.111320397497856 -0.00388477461408191
0.00735907499110275 -0.0943904491476536 -0.0928451405473026 0.0178307612480426
-0.0386861824635931 -0.0781528056898615 -0.0782132124551405 0.0307081901034546
-0.0647669466649308 -0.0491845794091917 -0.0570344980452897 0.0430492130391769
-0.0693180787712132 -0.0263652345867165 -0.0437506284393284 0.0319065167169164
-0.0713415700718521 -0.0223722050967705 -0.0377764180985316 0.00352395504072461
-0.0711894728304106 -0.0269277190011235 -0.0430415378833067 -0.0233129539495342
-0.0734334499559861 -0.0375077760178664 -0.0330564709384344 -0.0580204390526083
-0.0657198051843225 -0.0670161606439285 -0.00451315317404119 -0.0861386825904066
-0.0262784669627536 -0.0928356567621483 0.0506921156703621 -0.0706832961859894
0.0295872979468076 -0.102718821107687 0.0762960612014389 -0.0105008536990077
0.0871578245468793 -0.0811924642415078 0.0442741513107267 0.0365223444252854
0.107644305422402 -0.0396004810016176 -0.0308491322364905 0.031873744127799
0.0806927836592159 -0.00874886279215357 -0.125410312787915 0.0350412195666961
0.0756949857545803 -0.0357006396435551 -0.110251682091433 0.0107027781641369
0.0472534988216394 -0.0635858832284119 -0.106672399011929 0.00119195257882594
0.00293922634483035 -0.0679722838911458 -0.0875224203749016 0.00296120066105131
-0.0280931157389123 -0.054798353450411 -0.0895884796181559 0.0118311722426323
-0.046266154351731 -0.0358811457400905 -0.0772166919562661 0.0287101208441004
-0.0495464340259172 -0.0207887687648855 -0.0681777522799638 0.0221673657518392
-0.0490784276988296 -0.0209885092124484 -0.0610212496269912 -0.00471260663160645
-0.0481631349189497 -0.0266750486503055 -0.0625011431467673 -0.0337864922490292
-0.0461954283747387 -0.0363465245808847 -0.0437964023025093 -0.0705027257736273
-0.0342642342761947 -0.0575171153286378 -0.00762818658584767 -0.0952091097985698
-0.000594817756995893 -0.0708199523219195 0.0508422676032144 -0.0746746148807217
0.0428246654392371 -0.0679691250013167 0.0673128260469292 -0.00830668700269447
0.0800450540673178 -0.043305509231374 0.0254720461942806 0.0358871694136037
0.0820370148266989 -0.0117926271088183 -0.0634059761341334 0.0299467770237614
0.0360203856916938 0.00838091176576297 -0.138582387321172 0.0443629459649421
0.0410892185725553 -0.00894967664759463 -0.111199095250196 0.0217251558020287
0.0253859487828668 -0.0274489753974492 -0.0981566638167331 0.00434727641768315
0.00354467595451856 -0.0289035120097766 -0.0841097599462787 -0.00503049797225169
-0.0072072341395353 -0.0232401382145453 -0.0954874143309803 0.00492012882195175
-0.0173901105410708 -0.0195707562042606 -0.0883823992877473 0.021807313502534
-0.0208740574801154 -0.0142819672323057 -0.0829275521709303 0.0157174745974755
-0.0201805606834851 -0.0161123856381101 -0.075394506022415 -0.0118405293274461
-0.0200479229638514 -0.0192806075696579 -0.0715481645976314 -0.0452026465397518
-0.0166566922563695 -0.0247495089992239 -0.0433656525404191 -0.0821920205945851
-0.00742233437579361 -0.0369627434520011 -0.000757258675640271 -0.100628641314571
0.0121279620001895 -0.0417139192046906 0.0551650189124862 -0.0742633459629689
0.0408643466038106 -0.0333674332149779 0.0598883096477376 -0.00854487414738916
0.056588404821913 -0.00849052474078908 0.0117785253389224 0.0292787244251235
0.0433557033013911 0.011809172755452 -0.081348634906275 0.0188713911090394
0.000658065982398899 -0.0239278402979328 0.0980464945310708 -0.023230464449217
-0.020338231504391 -0.00681122350765616 0.00544083080938485 -0.0449052837128108
-0.0191377284184998 0.00931106184459286 -0.0624160609762368 0.00125536632676315
-0.0038022850142514 0.00887652083072978 -0.0734082200710159 0.0738280028735247
-0.00496546392331453 0.00290499825085067 -0.00887115137869594 0.111553365146962
-0.00641966542192629 0.00572542080353136 0.0464424654382942 0.0954021393785092
-0.00717769144218001 0.00868830065114668 0.07589079994663 0.059714117413852
-0.0125626079668386 0.0114351430191336 0.088101489254719 0.0144814866402997
-0.0157467404449851 0.0101533089725717 0.0852516004846292 -0.0141456936217257
-0.0200044696636915 0.0053994633560068 0.0884091510534021 -0.0302287156679923
-0.0207417079001483 -0.00276794528602127 0.0951774417955887 -0.018937355357175
-0.0128892295706887 -0.0116911486305845 0.0936369898045343 0.000704542727879756
-0.0134986435038803 -0.0158812784680162 0.0995785870457093 -0.00554656068366599
-0.00828685419292692 -0.0261214066441237 0.113981255522101 -0.0183441175954279
0.0125147637260817 -0.0313549821672941 0.135599969864978 -0.0527424761834185
0.0468340712544189 -0.03169975849259 0.0834204899890273 -0.0163176778031813
0.0161179419843545 -0.0244198496607841 -0.000492347557174254 -0.0389814384989111
0.00524766048749643 -0.0148511199194199 -0.0688165939244314 0.000293208752283003
0.00296569045350889 -0.019491305854912 -0.0789683630705846 0.0705810559930597
-0.0152382040814874 -0.0236417367998129 -0.0193341884118684 0.107970294791456
-0.028666748281555 -0.0132968973164518 0.0361042477897228 0.0978154161073423
-0.0347674271955688 -0.00170775182664645 0.0665133204012713 0.0631646848800192
-0.0440350257257467 0.00561152819354632 0.0780096130466908 0.016608958353411
-0.048742831235876 0.00498880482500392 0.0725009310268432 -0.0137321520587
-0.0562592468093912 -0.00341584925472928 0.0716730374591281 -0.0374418243006664
-0.0568374057633264 -0.0257563507362571 0.0811810500170347 -0.0365937987898572
-0.0345466370845608 -0.0507235650641954 0.0900561716163131 -0.0171661839837382
-0.00960175999819655 -0.0648727333314348 0.0990620241167298 -0.0129209527581903
0.0224107946877793 -0.0694037459126582 0.104545740201333 -0.0160737448558769
0.0552146396579027 -0.0585724058717405 0.118308868931269 -0.0420479004146175
0.088410649486186 -0.03638472403313 0.052491156216641 -0.00965417536370593
0.0554581477290517 -0.0406824656681782 -0.0177300834100686 -0.0368419895942839
0.0335873007461718 -0.0431440149138175 -0.0831359770519279 -0.00286201745233657
0.0093356999308281 -0.0521275617973024 -0.0867258119462999 0.0660245885864959
-0.0255829969896303 -0.0517937883140569 -0.0312570651217747 0.100328029118445
-0.0488457969244682 -0.031343676534232 0.0201490805157654 0.0931341325944956
-0.0584841052024983 -0.0119358077940266 0.0482045337483549 0.060904331000771
-0.0693834183145686 -0.000465990369699996 0.0570324454922224 0.0180909774714113
-0.0741019551665799 -0.000359932187973014 0.0482514627537317 -0.0130208643864573
-0.084285102765599 -0.00978040669230259 0.0449362305514068 -0.0421637735580229
-0.0876511075399786 -0.0404577690249399 0.0580802883138849 -0.0537131304101187
-0.0571803698765679 -0.0785866502298187 0.0803210779503661 -0.0366286744264966
-0.0129214216960615 -0.104082902535834 0.0976474711657376 -0.0195588017349936
0.044295815897137 -0.105259449559876 0.0943519010200674 -0.0071085215909929
0.0884729726011144 -0.0791512804146563 0.0898490299912867 -0.0231189730620254
0.11856372854681 -0.0376421703797864 0.00688500093924318 -0.000499450957603398
0.088910809680418 -0.0562995711110122 -0.044132767845877 -0.0327515888083989
0.0567074586007665 -0.0727049857520991 -0.100219933359008 -0.0050657685280374
0.0103554026779878 -0.083760301663357 -0.0940284628834092 0.0568108201159411
-0.0371792627129844 -0.0748526722147266 -0.0458662743052113 0.0837988346845455
-0.066220738515527 -0.0449575705201722 -0.00171676778615975 0.0813360101335382
-0.0749449664421624 -0.0194445199790142 0.0213718908966754 0.0545773255504773
-0.0844109288260928 -0.00803227233911881 0.0278716924029169 0.0170242857298992
-0.0884850817262478 -0.00765012372201306 0.0171498121577928 -0.0118267375993095
-0.0991175150204584 -0.0170876726629728 0.0146264437484625 -0.0446063019503925
-0.102567912235425 -0.0512933336542977 0.0300297253482141 -0.067245807817277
-0.0678958590168622 -0.0950790998637665 0.067122494565576 -0.0546270108067932
-0.0114643551009336 -0.126128351929423 0.0940039584240533 -0.0222868197246706
0.0612772385767828 -0.123860983517065 0.083177088433671 0.00815026069198937
0.109827637570399 -0.0851085862832478 0.0529691409461901 0.000770925053278299
0.129065802334489 -0.0354285920945493 -0.0452142529810081 0.0115490926980029
0.105161159557211 -0.0651709148548392 -0.0739200588948817 -0.020567886163443
0.0666694235037119 -0.0925744323186436 -0.112467775742701 -0.00237199549099583
0.00586688247727722 -0.10227446258439 -0.097136163148053 0.0419961099480057
-0.0463533190309584 -0.0850520401755764 -0.062061570649286 0.061690652302165
-0.0748252005875324 -0.0496256924870352 -0.0276315079863355 0.0649378641346813
-0.0807201934901785 -0.0225822850631651 -0.010461160320895 0.0454168434433315
-0.0864261020325788 -0.0136102444698744 -0.00604442432539017 0.0130119955251144
-0.0891017672096485 -0.0149118555613776 -0.0160215588122637 -0.0136759478327589
-0.096545431777247 -0.0260542436433491 -0.0157451648601811 -0.0483085764657135
-0.0978098914164809 -0.0594123432465759 0.00374025296938627 -0.0773760425590975
-0.0601749138035525 -0.0996240412363946 0.0545731925455077 -0.068053318496959
0.000786459384462479 -0.127706697451508 0.0878221742124696 -0.021760511443781
0.0741517555200598 -0.11873242892246 0.0680169742378374 0.0234384139228788
0.116077508516854 -0.074255873099707 0.0115510942319146 0.0221576141607458
0.11551792817591 -0.0296174233351732 -0.093179949610887 0.028632032057343
0.0988449987194349 -0.0622455535402397 -0.0988312350475616 -0.000943869132332588
0.0601819204096859 -0.0919909117519558 -0.115058007363737 0.00423589454935277
1.84531399744414E-05 -0.0973367496026452 -0.0952525795129826 0.0251072072871017
-0.0459455581554463 -0.0766357160456796 -0.0785222271826458 0.037956553183656
-0.0702259729507999 -0.0446989431375303 -0.0542142113570452 0.0491425951613655
-0.0731321475806758 -0.0208222887001722 -0.0422310612996409 0.035789846809017
-0.0751409617102215 -0.0167170710008043 -0.0383418883771623 0.0068324152347929
-0.07592657344779 -0.0212226438453147 -0.0452313460690228 -0.0194002057595359
-0.0781874641823679 -0.0321791748235142 -0.0388684301617579 -0.0563662656794915
-0.0728812054599729 -0.0623203030540816 -0.0118177834673596 -0.0872564938092179
-0.0342646785529064 -0.0930103613675552 0.0466453135286664 -0.0762419829597388
0.0226003140443168 -0.106995129581438 0.079161436307726 -0.0169621325132511
0.0828294743778734 -0.0905690026151443 0.0493621045892344 0.0346748438177752
0.107902579663701 -0.0483405290380194 -0.0292771008405384 0.0345833335241173
0.0824593449554811 -0.0152390292309841 -0.126503037357183 0.0449339406893194
0.0749880598770616 -0.0431072657943867 -0.111779370157937 0.0183023488098784
0.0434263701017216 -0.0683759784554636 -0.109239987673361 0.00840666750077622
-0.00246003208436985 -0.069842965909771 -0.0912720452331957 0.0092231360062404
-0.0328459920352725 -0.0538858706580502 -0.0918056399031576 0.0202124734124029
-0.0503875534022371 -0.0323045788909156 -0.0774948955022805 0.0360433620764798
-0.0526314071785616 -0.0169965451588636 -0.0688998622920277 0.0281172009322949
-0.0521645391240652 -0.0175618108618828 -0.0637851950672311 0.000717507884265479
-0.0515396307343987 -0.0231197991760601 -0.067185729825981 -0.0288827324295742
-0.0500569724899862 -0.0331823620811442 -0.0505020115436193 -0.0683425102708912
-0.0397870590843598 -0.055554696943709 -0.0155252714190941 -0.096871719186934
-0.00613808756325533 -0.0725082503753479 0.0463091849949888 -0.0799383242400671
0.0388146114918821 -0.0726307472926954 0.0697576335020555 -0.0133770355802283
0.0780509899297805 -0.0506734270192823 0.0292641591025252 0.0356537507832558
0.0830467308463237 -0.0182556171181321 -0.0621529695926155 0.0351933046428519
0.0375553784077191 0.00532456976796031 -0.139779182713391 0.0556175254945398
0.0411312075722206 -0.0124274498028122 -0.112633199545731 0.0296679934275311
0.0238614953233241 -0.0295332321269129 -0.100502599509738 0.0109289434330951
0.00211984495573374 -0.029857861016245 -0.088559315663391 0.00105972907393541
-0.00871087903774017 -0.0236694982539783 -0.0978052994150111 0.0122675628594001
-0.0200284271367208 -0.0184116601744239 -0.089061255622335 0.0295620209776326
-0.0230798915524489 -0.0123115400726673 -0.0841212476181541 0.0230299528976673
-0.0214474039231939 -0.0150887735393489 -0.0787530413469129 -0.00568582588848601
-0.021892135007746 -0.0187360561552147 -0.0770313089777255 -0.0396586476954839
-0.0189344747546199 -0.0248337087506914 -0.0507436392368149 -0.0799481691802815
-0.0109624989313822 -0.0368983410497686 -0.00806628799568781 -0.103118110729207
0.00927998708166798 -0.043709446891403 0.0514365681251053 -0.0794218559565511
0.0394349594193334 -0.0365969748532786 0.0622296039493407 -0.0130393036826446
0.0569439049706476 -0.0131633040710068 0.0146487351485197 0.029325655861938
0.0456135187711174 0.00861276168563588 -0.0819323149906356 0.0257905128062299
-0.00124716368301964 -0.0233376538262605 0.0945117544436363 -0.0309326485107095
-0.0203242613188492 -0.00535579505253353 0.00148809517875233 -0.0449301935297579
-0.0175255197418526 0.0100173727278025 -0.0617350553066661 0.00510857504842642
-0.00351863592561832 0.008699165943191 -0.0666516055822914 0.0780255295641167
-0.00453823818819152 0.00339965210538091 -0.00154842374436417 0.108469070614898
-0.00605663450752736 0.00600840857254109 0.0527601433467431 0.0892894007986542
-0.00630758549680528 0.00878092898723072 0.0792021816631333 0.0524732390536528
-0.0113059825971479 0.0120311859900301 0.0874204369203675 0.00732732253301696
-0.0147709987928119 0.0111200197876304 0.0832739828986932 -0.0199529848110437
-0.0192961903988603 0.00706742923983151 0.0838042048629051 -0.0355765153270862
-0.0204516030766423 -0.00178549925197772 0.0914366737955031 -0.0251453901474069
-0.0139632639949298 -0.0111378752005472 0.092187112691736 -0.00580995559565396
-0.0144164886333038 -0.0148434268934017 0.0970847679279708 -0.0125467699975104
-0.0100727865145697 -0.0243326092461054 0.110041528138166 -0.0247253518770326
0.0104187555366975 -0.0316519557878155 0.129040163863944 -0.0601475710038913
0.0433805926203063 -0.0349045701340326 0.0811380147683021 -0.0222463277318889
0.01407071397267 -0.0247982851968261 -0.0034585311866414 -0.0386217127413785
0.00459836910033572 -0.0144587147364638 -0.0679505225090389 0.00430689279338513
0.00140440727249091 -0.0192093949960713 -0.0724924946940338 0.0755185864690074
-0.0166770880636314 -0.0222111345188498 -0.0116074084212818 0.106293351796976
-0.0284637135917088 -0.0102577906250781 0.0419369954267068 0.0925762031971955
-0.033671425779177 0.000929583942332123 0.0699027079853261 0.0559710287003296
-0.0429038280675359 0.00934567073255293 0.0778431544212643 0.0103555731161527
-0.0475724213320102 0.0090605236767881 0.0707772898509171 -0.0194166706096373
-0.0550382031151742 0.000904901250295003 0.0672909532156175 -0.0415413569462122
-0.0570555060139553 -0.0207117718490592 0.0766521635553788 -0.0415874996229247
-0.0375383339759402 -0.0467864347471518 0.0872033326751266 -0.0222529494870441
-0.0138407409137804 -0.0626770972473327 0.0965754369172705 -0.0196045566239627
0.0166211108909291 -0.0692089674646675 0.101450799271503 -0.0222173569091201
0.0499537421103594 -0.061707166459083 0.112838618404582 -0.0494598696848713
0.0831870300503762 -0.0422887370757162 0.0515794520921748 -0.0137009493693417
0.0515848779614366 -0.0440655595741035 -0.0197947018381288 -0.0362102402874143
0.02967100111653 -0.0438050687782736 -0.0825254652704526 0.00278510008710328
0.00522690137728417 -0.0517002577998535 -0.0808236835811023 0.0701447882079557
-0.0289853678057792 -0.0478864356888692 -0.0240140571262333 0.0987478842322852
-0.0499525678273263 -0.0262183831737981 0.0266724117365934 0.0892860909276505
-0.0577920849557762 -0.00666030724936053 0.0517516475027648 0.0559603598743561
-0.0680888474717948 0.00473583458508011 0.0567824899562419 0.0123850791992838
-0.0730663910360247 0.00606466408340505 0.0471693020212553 -0.0162614197935424
-0.0836009416347902 -0.00299104502137195 0.0415821242830405 -0.0434853581152254
-0.0882347386750964 -0.0323387475463845 0.052380485893544 -0.0561065936782118
-0.0618621693309269 -0.0719829363130624 0.0763438972505824 -0.0415273069906101
-0.0200009977173158 -0.10045827864429 0.094548203748523 -0.0261449790028055
0.0346220254359081 -0.105699556766733 0.0926285877522465 -0.0132369747805956
0.0810418498143075 -0.0831993492846907 0.0866060722819211 -0.028644092994059
0.11266413228742 -0.0459362002423189 0.00750994049909538 -0.00230886345086772
0.082733411795503 -0.0610504974903761 -0.0443968493128018 -0.0300485268605645
0.0500180858897644 -0.0742128982147195 -0.098567339642247 0.00151712202625203
0.00420881406693124 -0.0823183377545945 -0.0890034482533747 0.0617888509314533
-0.0420032871810207 -0.0697811169614497 -0.0391502553934623 0.0854433431409701
-0.0678685140048424 -0.0382323051619895 0.0046701816955229 0.0794021277053993
-0.0743038559167528 -0.0131778127789859 0.0247353121979883 0.0515377744401995
-0.0831241175734051 -0.00112896381389652 0.0284321812438787 0.0141532389519075
-0.0871610986654778 -0.000123876823360532 0.0164172169362405 -0.0128651588555188
-0.0983971072003044 -0.008987923366493 0.0110643373431015 -0.0441028859091758
-0.104390182113209 -0.0418108850227539 0.0237760702215127 -0.06724978999668
-0.0735144253622199 -0.0871425617584922 0.0621950795787102 -0.0577402342955021
-0.0204215951522434 -0.122218284822823 0.091119085046911 -0.0289750888179879
0.0502061116393882 -0.125453162019188 0.0827294877891199 0.00225322230343899
0.10190159460997 -0.0910726584465452 0.0525375809819628 -0.00343887439466254
0.122797926916946 -0.0445974428331423 -0.0424769943994397 0.0141735887789581
0.0973498191418731 -0.0714177489675601 -0.0727957479591402 -0.0165359205719956
0.058018028994348 -0.0943974956285382 -0.110246056298563 0.00537333311984429
-0.00171052783484506 -0.0998549922410507 -0.0926594587967688 0.0478204286202002
-0.0518799629959126 -0.0786894435333609 -0.0565405708309845 0.064848440586016
-0.0771385738568522 -0.0421374178551263 -0.0217985143861545 0.0657812730189872
-0.0803198799306706 -0.015239227166835 -0.0069639174695801 0.0448318738056006
-0.0855665135678113 -0.00624023565259386 -0.0049686498963824 0.013109305322852
-0.0878786939536392 -0.00728410982451227 -0.0166572892674973 -0.0116840206546563
-0.0963955020766522 -0.0169666786652083 -0.0186017591687383 -0.0459085712591854
-0.0995117993081098 -0.0494917013192647 -0.00311334878025426 -0.0754204626907269
-0.0659999001026438 -0.091956894061694 0.0482821367220363 -0.0703413916078145
-0.00847015243972379 -0.123615886319749 0.0850800499875603 -0.0279281604073106
0.0634682481698542 -0.1212954221877 0.0693620482320784 0.0184005217965744
0.108702389406607 -0.0806914601428718 0.0134712405450143 0.0203652485253976
0.110513523337631 -0.0376754952216728 -0.0886995585705563 0.0333907087876534
0.0916387122455616 -0.068240910218363 -0.0953842046995412 0.00499571994576779
0.0522722353485128 -0.0937534422253306 -0.11248242404714 0.0112061395141705
-0.0072984079378918 -0.0946139141501517 -0.0919067318660503 0.0311971379601328
-0.0510634639938358 -0.0713789159084547 -0.0741695210786297 0.0430797906487405
-0.0719248954172415 -0.037202388679978 -0.0500581459591696 0.0517870837762134
-0.0728491602726102 -0.0141664753713292 -0.0392498787690922 0.0387818672703588
-0.0751547779741123 -0.0103845744821869 -0.0369142524633225 0.0105466891363542
-0.0748764215959809 -0.014144411081085 -0.0460574968128501 -0.0150917193952033
-0.0794255746320197 -0.0252759717047566 -0.0417552658833639 -0.0515006067605936
-0.0753459614553069 -0.0545346388858147 -0.0192425867824102 -0.083609176259385
-0.0401787865984008 -0.0875066005620003 0.0408964630392122 -0.0773994722705625
0.0143419409616179 -0.105400658962952 0.0775514822521435 -0.0222965832843979
0.0733882665690665 -0.0942376785775742 0.0517014794789274 0.0306876822756265
0.102103722786845 -0.0552476561972939 -0.0259790336265061 0.0360209722286579
0.0792594492178259 -0.0214834758157034 -0.120618610058551 0.0521698025376969
0.0698655409535891 -0.0472713399272734 -0.107750469311736 0.0240187437975712
0.0375655594950123 -0.0693693923314057 -0.106331467045775 0.0157551766584193
-0.00728517049609224 -0.0675844563003087 -0.0893528377770187 0.0151775675809475
-0.0363497077164191 -0.0499517250657859 -0.0882065358514788 0.0269986289118294
-0.0517383989856122 -0.0270317102637371 -0.0735492487648163 0.0409920795313646
-0.0523847132608874 -0.0125606577686629 -0.0654077303605928 0.0332809012324162
-0.0521204277546544 -0.0127664528122543 -0.0624110121565035 0.00590589952634757
-0.0519527211269029 -0.0184032235019796 -0.0678147816645185 -0.0225247071535618
-0.0513595729211484 -0.0288985809450165 -0.053986219578678 -0.0624098136391225
-0.0433119646780876 -0.0503592609386544 -0.0223893444721958 -0.0925366221595597
-0.0114027705578758 -0.0701530982023295 0.0400848681564739 -0.0812683157951682
0.0330702678321335 -0.0728447369673757 0.0683942050618002 -0.0179048205886868
0.0720823910615343 -0.0550302447708529 0.0319208961549847 0.0324301226576044
0.0794947559557824 -0.023747269577764 -0.0585823005993074 0.0388665838016464
0.0372939797035083 0.00194845285527465 -0.133420320940091 0.0647317705907086
0.0396631379020277 -0.0149802880160686 -0.107182643801145 0.0354172414117462
0.0213389780254599 -0.0296567600029105 -0.0975111126005412 0.016970493300321
0.000128668049213879 -0.0292561055259402 -0.0871150923365357 0.00666502171483436
-0.0102466442598285 -0.0221420577638708 -0.0946637457300148 0.0202663822389575
-0.0206617860121482 -0.0156177427602124 -0.0853759706021266 0.0356845045620442
-0.0232931707070431 -0.0099838249676138 -0.0806550935648974 0.0294527657653869
-0.0217366264754678 -0.0138920474583169 -0.0776246065175652 0.000888613246626836
-0.0224167168257862 -0.0167082661186714 -0.0781959731729946 -0.0319511790189627
-0.0202996856480697 -0.022453069742104 -0.0557307225631586 -0.0739172411335408
-0.0132477954226884 -0.0348277642803471 -0.0155944263694737 -0.0992074423714997
0.00573700552518418 -0.0431646038617704 0.0449537266803255 -0.081186803641893
0.0359385981604901 -0.0378567684280106 0.0603894517585149 -0.0166725024142051
0.0541333452981 -0.0168742897668302 0.0170466585082316 0.0271180296270766
0.0445227667184582 0.00546087005393843 -0.0784388076517023 0.0310738773330369
-0.00198627278502432 -0.0226407410137309 0.0892230982764526 -0.0339070139282201
-0.0196678486569911 -0.00423656405583234 -0.000455752557908121 -0.0436528861810961
-0.0162929011288917 0.0102355678660939 -0.0592852799924075 0.00664728911577409
-0.00302656150746085 0.00798936940315191 -0.0613813681115371 0.0764646735808364
-0.00478233917514695 0.00371007995907282 0.00213988812041862 0.103515339740245
-0.00527967854852401 0.00616353639418647 0.0532660360464725 0.0825682216006893
-0.00584416879133052 0.00872385460064631 0.0773623660578227 0.047329182126263
-0.010356975067382 0.0120780644968021 0.0837834412938714 0.00402636523400712
-0.0138345698368446 0.0116381792898112 0.0789323906833021 -0.0225017874164914
-0.0182010060003332 0.00801651171786636 0.0787024775035303 -0.0365668388330489
-0.0192686024884451 -0.000861827797660308 0.0868695255375863 -0.027080289155381
-0.0137580140206082 -0.0100462635284465 0.0888963917485843 -0.00841951754642022
-0.0145615331373945 -0.0135866216137637 0.0919785516590286 -0.014716943858893
-0.0101096611369317 -0.0228172338332247 0.104482947901242 -0.0267401402199806
0.00860658009730849 -0.0307097580917422 0.121506169873502 -0.0614179340743655
0.0398781724272346 -0.0352907144123667 0.0770468535928555 -0.0247410472096784
0.0125190686187281 -0.0238915511061649 -0.00444460869253221 -0.037434498007994
0.00397940848668558 -0.0137366461255766 -0.0649075894878094 0.00645935592737608
0.00050338370481831 -0.0182118360795627 -0.066757594223678 0.0736910489554831
-0.0166477375162127 -0.0202934474879419 -0.00806092728633369 0.101335848231541
-0.0275639574229667 -0.00870729877501879 0.0433277839632949 0.0858099260509004
-0.0317717352360638 0.00251714654345698 0.0688570459607918 0.0507673866505059
-0.0404269348294627 0.0104132398119216 0.0738594712614301 0.00658579387945
-0.044931616546441 0.0105694473822677 0.0667332995487982 -0.0212992813180739
-0.0532705814302669 0.00303468546707705 0.0628442910147378 -0.0412101421972765
-0.0558174886450528 -0.0178171921736475 0.0717412521400233 -0.0419119909389996
-0.0377777921673917 -0.0436226963482097 0.0831354579188865 -0.0239516681550901
-0.0158602377276972 -0.05860801672504 0.0915090457090194 -0.0217312654033356
0.0134379855090827 -0.0660185526193864 0.0967981307404139 -0.0243846911685419
0.0459046630828405 -0.0605915712847793 0.106757640803708 -0.0503421427789622
0.077843223175328 -0.0434771042988743 0.0485746884382435 -0.0157552917566179
0.0473826495655438 -0.0432978603118814 -0.0194400879037905 -0.0344826742319774
0.0271188647864049 -0.042459836566156 -0.0789077739027684 0.00464278450220102
0.00321737919882044 -0.0486589967231974 -0.0744908719072152 0.0698744658837521
-0.0290951281396334 -0.0445416632596966 -0.0198215009280495 0.0950375816066001
-0.048537682254375 -0.0228071892969278 0.028842892324035 0.0837121563883392
-0.0555029003369529 -0.00374376066033523 0.0511849249401648 0.0507155992773233
-0.0643397489980247 0.00747868060902351 0.0549522844067343 0.00998943006330308
-0.0698222854401524 0.0092734345223304 0.044437387251468 -0.0170483517599043
-0.079879262563387 0.000951647580504063 0.0379328113774012 -0.0428951852842317
-0.0851288276154749 -0.027222176207204 0.0474187369780586 -0.0549089169130638
-0.0614459125627865 -0.0663644671110677 0.0723510808767436 -0.0419798495658908
-0.0224210130491322 -0.094601992529875 0.0901230236773404 -0.027690508619256
0.0293232075871972 -0.101705411374192 0.088793500470617 -0.0154020366101104
0.075300300778022 -0.0825673370919581 0.0823137042466892 -0.0307981752114364
0.104750104113053 -0.0476454684129575 0.00743721488684297 -0.00290978247329815
0.0761248374551188 -0.0612184208941781 -0.0425975077678531 -0.028808875417842
0.0454172192133699 -0.0718507676978224 -0.0943384289492913 0.00453917453396382
0.00104093365324269 -0.0785049531586497 -0.0834545072691669 0.0616979432407338
-0.042712189474958 -0.064190324555302 -0.034856766807061 0.0825698223374378
-0.0659918349351934 -0.0328850129226957 0.00723610867133275 0.0755704559982613
-0.0710096178124608 -0.00932681229036506 0.0259381477244793 0.0483605128749049
-0.078926483357039 0.00296523551955181 0.0275774827983681 0.0125974499820269
-0.0831579576703499 0.00396970819823097 0.0155665332301525 -0.0125408937455504
-0.0942702469687798 -0.00431867170085517 0.00908661970451284 -0.0418212647249235
-0.100702110400473 -0.0351840453419651 0.0199628262604784 -0.0637948542388455
-0.0731679288858649 -0.0798405848022243 0.0581820668483991 -0.0571999922034987
-0.0236135119201767 -0.114665314273795 0.086843986943064 -0.0308989112667911
0.042745259001007 -0.120333278252852 0.0799595275800408 -0.000715359027303294
0.0943315674647878 -0.0903689129292979 0.0503091830073087 -0.00520924778788401
0.11479746906655 -0.0472353351700186 -0.0393615069621758 0.0139435546252595
0.090362179876891 -0.0711578645776244 -0.0691828781317581 -0.0147569032487164
0.0527367562478204 -0.091412144552641 -0.104992349481834 0.00762574238016164
-0.00531054761551059 -0.0949925555703564 -0.0871333325279258 0.0485578676416243
-0.052450215093983 -0.072653878157177 -0.0517073916858904 0.0634707773424464
-0.0742755913215869 -0.0362581831829188 -0.0186634595401086 0.063391190108232
-0.0771003929316335 -0.0106232954372228 -0.00484405811600164 0.0429623088367354
-0.081609953584408 -0.00211098046836567 -0.00383510486212866 0.012839955704063
-0.0842588480806553 -0.00277873419108704 -0.0157193041234695 -0.0102217641250514
-0.0928514783910833 -0.0119773469653049 -0.0189790438052957 -0.0421468819224063
-0.0966289793026831 -0.0428046344655962 -0.00587471913941706 -0.0707909464964448
-0.0659707375283968 -0.0850380447174324 0.0444168220693402 -0.0681235459300963
-0.012145281989226 -0.116964408109214 0.0815674251292681 -0.0289838883229952
0.0550958137361646 -0.116723902220137 0.0682522409285212 0.0146722787238479
0.101351921155664 -0.0806377979211232 0.0142325534065168 0.018600003204831
0.103505699718725 -0.0398902809943558 -0.0829287508959343 0.0345225362475272
0.0846440554610496 -0.0677677896775829 -0.090425954777094 0.00577405434856485
0.0466269772594377 -0.0902965662403876 -0.106772344537137 0.014173039698546
-0.0108396839438336 -0.0898508882156507 -0.0872548261052423 0.0323371213071671
-0.0510492373233489 -0.0657286903723551 -0.0695301818964626 0.0441026874126713
-0.0696496798513105 -0.0319449030887777 -0.0455410291497732 0.0513364180468646
-0.070204318108214 -0.010768971247415 -0.035496070072463 0.0381569231542796
-0.0717416974116631 -0.0065701251626104 -0.0350273733265105 0.0113264225105392
-0.0720977125697577 -0.0102073289438603 -0.043818893082519 -0.0119679669305564
-0.0764301865838601 -0.0208709828552591 -0.0410453709656452 -0.0473517076377033
-0.0744293400503723 -0.0478398493108226 -0.0214931972996387 -0.0782193093709483
-0.0417228102964535 -0.0812287984829451 0.0373346373328575 -0.0749870547646205
0.00959146525374013 -0.100655707825811 0.0742618390287266 -0.0241352910363832
0.0663252626245668 -0.0915937393303782 0.0513426560779984 0.0271419533547256
0.0954231652193433 -0.0561947309785934 -0.0231047868456644 0.03483834786271
0.074482540143612 -0.0232267178367192 -0.11316310751056 0.0533930158661712
0.0647932661499558 -0.0471110472168927 -0.101731531005659 0.0251543750334917
0.0336197203636891 -0.0664057850044754 -0.100855538972292 0.0175747877872351
-0.0089564752915328 -0.0640246284935055 -0.0851711269980575 0.0173933693866994
-0.0365648313697181 -0.0460502342821915 -0.0831829969615672 0.028649462984239
-0.0500728560373653 -0.0231503661550662 -0.068173461368352 0.0417022273631917
-0.0503831857199661 -0.0092375804722715 -0.0610106963342052 0.0346443606180661
-0.0501635997541859 -0.0103609591165049 -0.0592324291238177 0.00838547503749289
-0.0504640125463456 -0.0156026925906224 -0.06510084058276 -0.0184381450411319
-0.049605737015121 -0.0252702188903757 -0.0537247513176021 -0.0572072593280039
-0.0431798872423198 -0.0458485874477043 -0.025174571467948 -0.0862221367446777
-0.0129324356057326 -0.0659147343085104 0.0353053750914004 -0.0779970400973278
0.0291978334485334 -0.0705179932004479 0.0651202654391216 -0.0195538382139182
0.0657394260824413 -0.0545959584875934 0.0320836794438074 0.029879412601045
0.0749653501628683 -0.0254231515802537 -0.0538856723766401 0.0387146240175616
0.0350668355714711 0.000669167366110635 -0.12482243014601 0.0657760658900853
0.0369351886837761 -0.0155270924387716 -0.101486229408866 0.0361592888165598
0.0190412041831221 -0.0288110718588533 -0.0929297587485858 0.0192283548336382
-0.00111019588532072 -0.0274877989602821 -0.0833660527056094 0.00943559301008819
-0.0105572534324598 -0.0211104095618721 -0.0897817361098954 0.0225176599585165
-0.0204571419558707 -0.0137210197012426 -0.0800636355805981 0.0370231793091091
-0.0226387248280975 -0.00842283030886286 -0.076151293383053 0.0316976382843921
-0.0217818690510885 -0.0120197542750434 -0.073419673019992 0.00419432913504061
-0.0211891415882697 -0.0143640305214362 -0.0755614524950272 -0.0266145851188089
-0.0201926843369075 -0.0205547006647191 -0.0554674198072131 -0.0679800408582457
-0.0140559887602975 -0.033164246018248 -0.0184244683670987 -0.0939588112148236
0.00413410243215984 -0.041457066433165 0.0402502059750144 -0.0787263077288375
0.0324712352250885 -0.0368207067554558 0.0577692598487871 -0.017981819116155
0.0505337511861406 -0.0179333291514429 0.017514383287077 0.0254853718846467
0.0423071640212589 0.00364582295491195 -0.0733995196648725 0.0324352659389125
-0.0019017083886619 -0.0225528419955458 0.0865848893603422 -0.0327474121306024
-0.0186439678826605 -0.00455194617484715 -0.000728403816101421 -0.0425238790091543
-0.0155643301579149 0.00964257962855956 -0.0572038807468074 0.00631659568919726
-0.00331188456139486 0.00808147393753463 -0.0598957402754474 0.0742186865613546
-0.00499424083340496 0.00317385919192545 0.00105676872259065 0.0998878013044418
-0.00497294315858789 0.00561170993289281 0.05161875140017 0.078882086953273
-0.00619315930853454 0.0082293527779126 0.0753993844901485 0.0446511674527551
-0.0100178853769279 0.0113371317103492 0.0814566996690861 0.00315925710416055
-0.0132989859013542 0.0116247880335024 0.0774033589789854 -0.0216996785153285
-0.0177789464550725 0.00787935743431135 0.0760897922647384 -0.0349668461881618
-0.0189793664310136 -0.00125064662632975 0.0843493787861549 -0.0257657702548088
-0.0131759511705209 -0.00974957142659258 0.0868008773561738 -0.00759306154534369
-0.0137692440234883 -0.0129843093583548 0.0891500110499242 -0.0130853068061574
-0.00930663558420221 -0.0218650411189946 0.101576814625392 -0.0242735651453731
0.00897887052138211 -0.0296404942522173 0.117867158557088 -0.0575737583049819
0.0379382318089191 -0.0341384407945454 0.0750304190830615 -0.0247261638205183
0.0122797530328696 -0.0234411790729735 -0.00368176551401535 -0.0373757256426066
0.00447435483685653 -0.0132924294471597 -0.0637172598744916 0.00556141194779796
0.000239284111272727 -0.0175089009071835 -0.0653392758745971 0.0713616372922421
-0.0165376409905325 -0.0190684603564481 -0.00836422467880215 0.0977503950678783
-0.0265865188964428 -0.00827932583502823 0.0420738819436952 0.0821343595441304
-0.030946269703743 0.00225481649428789 0.0666483090281216 0.0486814578363728
-0.0392524091595714 0.0103011720626663 0.0723317729374922 0.00624478781368676
-0.0433830934987988 0.0104875675203761 0.0655039842837369 -0.0202787920938966
-0.0515644118169228 0.00351327733177681 0.0611222289942835 -0.0396321404364752
-0.0536239248392768 -0.0168914192445451 0.0692630735247985 -0.039942804493619
-0.0364813222431102 -0.0422749413812994 0.0810987793829957 -0.022959996139574
-0.0144736563918086 -0.0569965720417599 0.0893110671695548 -0.0198662840371229
0.0131456736307337 -0.0637519056704222 0.0945141697049101 -0.0218273094371326
0.0456446686717893 -0.0582164904318651 0.10349818972004 -0.0483398547053661
0.0744586656452897 -0.0422465121398998 0.0476487345775135 -0.0158913909614689
0.045401070152535 -0.0418351370613048 -0.0179333284633878 -0.0347347824455758
0.0267342949662397 -0.0407359644084321 -0.0771382949164397 0.00403897496897367
0.00274086162168809 -0.0468707811006138 -0.0732262387273961 0.0671184908421205
-0.028756174142022 -0.0425915964125989 -0.0202679829775642 0.0916441373229771
-0.0467069061259552 -0.0218930831390144 0.0279572422935693 0.0800327016951507
-0.0528515899063735 -0.00366746784572918 0.0495552407858823 0.0489964423327909
-0.0625233995350295 0.00768937337199169 0.0539011229526236 0.00962416522943472
-0.0670241837104765 0.00915395680723843 0.0435784518274998 -0.0166198893331212
-0.0772871664607489 0.00180304479243818 0.0374272319059279 -0.0413802449805799
-0.0828499202887245 -0.0262063933430052 0.0463902798967814 -0.0517889433534202
-0.0592493892657017 -0.0639990072964708 0.0706088513474426 -0.0401187119934861
-0.0212208724370881 -0.0913793929897118 0.0875696837335696 -0.0271830404443319
0.0287079261178491 -0.0982141794292957 0.0863557846908074 -0.0135373036667806
0.0738709093567495 -0.0792179264010637 0.0802839945063496 -0.0294764650675685
0.101059962041748 -0.0463278496995151 0.00813276574820759 -0.00418656479776108
0.073668901170474 -0.0583873241556511 -0.0405178623732021 -0.029419826887553
0.0446473772155888 -0.069381300651783 -0.0919479164307806 0.003864143146633
0.000728054120738268 -0.0757706583021815 -0.0810156842312089 0.0588241305696187
-0.0415804428043842 -0.0617662244652515 -0.03418075206599 0.0792129936786641
-0.0631103812836596 -0.0313020999981313 0.00732022641794 0.0726466317859894
-0.0685547823735894 -0.00841509120709084 0.0244954663871478 0.0456996897905273
-0.0766849744141929 0.00331042969119419 0.0269359320118103 0.0121682100742404
-0.0804991475107653 0.00443354641376473 0.0158364671403812 -0.0124555246047917
-0.0916039529253936 -0.00269060255954633 0.00938561627150572 -0.0408574365068528
-0.0976833340586816 -0.0332175866433451 0.0192769087546872 -0.0607406559962021
-0.0704981174436035 -0.0772615146165187 0.0570599041343047 -0.0546392823809183
-0.0224204487360293 -0.110875361243472 0.0850364081566953 -0.0297157490563574
0.0419025018443783 -0.116041224425687 0.0777124548545204 -0.000275457842404034
0.0920859211510843 -0.0865369379566576 0.0488174983156388 -0.00576849486172516
0.11089712655828 -0.0454897858811575 -0.0376943444622477 0.0118978067518976
0.086881808767445 -0.0685754487338714 -0.0659698513845239 -0.0158221966604069
0.0511159161858505 -0.0881476292081464 -0.102174679952835 0.00646688739525375
-0.00523287336756368 -0.0916398692108259 -0.084576054771667 0.0460480275841436
-0.0511507348797436 -0.0694680802623673 -0.0503885696203076 0.0615847953530736
-0.0717401531335509 -0.0340714902913866 -0.0177586735161458 0.0609668172841613
-0.0742003043578903 -0.01009638527584 -0.00479975145030596 0.0413896053445533
-0.078854590103592 -0.00193777735844781 -0.00424299606456733 0.0121279009506953
-0.0813301456398169 -0.00216490598382823 -0.0145983301272351 -0.0100462995923393
-0.0896544751567409 -0.010590311508501 -0.0177805070050307 -0.0405357092141486
-0.0933874352001174 -0.0403126389864747 -0.00549681013279744 -0.0672450922485448
-0.0638300266686874 -0.0817575130463991 0.0438081924612638 -0.065113290686145
-0.0116821185957342 -0.112413850411324 0.079847354491422 -0.028410283581791
0.0535164822281788 -0.112766571520801 0.0662559906198844 0.0144384220558685
0.098256529524137 -0.0775346820733794 0.013438696126946 0.0178053903563117
0.0996642480354058 -0.0385769646684866 -0.0803736909416511 0.0316789710683279
0.0816692606983351 -0.0650391003941903 -0.0866445448010003 0.00421166212201107
0.0459825106144592 -0.0861689117781874 -0.103214029544617 0.0120867602604506
-0.00966897445417797 -0.0865270036368127 -0.0848131976387998 0.030767600080946
-0.049459241812605 -0.0629073679733516 -0.0671793655256785 0.0424376768571267
-0.0667629150020928 -0.0297040136966001 -0.0441354129046506 0.0494497227001357
-0.0671679213993694 -0.00917005485209614 -0.034264579779246 0.0373837360939797
-0.0691880650521427 -0.00608037555282941 -0.0338928738347151 0.0116562515571755
-0.0692956551430528 -0.0101319751837083 -0.0420809275406192 -0.0111843063966921
-0.0743856925902498 -0.0193682046801873 -0.0391548363018573 -0.0452868857810841
-0.0715617800491622 -0.0454456361860525 -0.0207394353019376 -0.0740922248895521
-0.0401062287574609 -0.078256623104511 0.0363114913792234 -0.0716413206052219
0.00993345724354674 -0.0967025591942591 0.0726430193605299 -0.0230677211017818
0.0633943051848544 -0.0881738616120298 0.0501480200722417 0.0259882559579562
0.0921587808286382 -0.0540681871591399 -0.0223016509253629 0.033350159971279
0.071910158326462 -0.0223322231257625 -0.109174737315508 0.0502304643089514
0.0620223034429866 -0.0453973987068879 -0.0980408288796127 0.0220982197204571
0.0329861021320759 -0.0635503788496724 -0.0978094476329231 0.0163782038652636
-0.0088404325761292 -0.0619091978308742 -0.0826236773172238 0.0164157152069244
-0.0350289495879061 -0.0439761770340303 -0.0806175913083452 0.0276075414595555
-0.0478596325903532 -0.0214868857401803 -0.0654864900629057 0.0402940712853972
-0.0483342878668422 -0.00813968060699853 -0.0589996956933549 0.0334805838933454
-0.0488259164567307 -0.0100973997139658 -0.0572373244883504 0.00883462381478863
-0.0485722294730613 -0.0147907484082578 -0.0625447378098557 -0.0166542970631795
-0.0479492566089172 -0.0240328343196221 -0.0516547817130097 -0.0548168893456547
-0.0414773847939609 -0.0435078912759036 -0.0243473079906777 -0.0827293626616287
-0.0132455762747965 -0.0632037058936236 0.0350937995745592 -0.0754985457395946
0.0287593290244496 -0.066905856550186 0.0644646544409088 -0.0185236751629009
0.0637273381179049 -0.0523011529376477 0.0313480969889572 0.0286060618773223
0.0726414320760835 -0.0238959264573084 -0.0521779301610216 0.0380934863953195
0.0337324592716312 0.000871664913391228 -0.121487970041601 0.0630834376995479
0.0358679398244065 -0.0146749545198809 -0.0985836225851637 0.0330995811742704
0.0183861031135029 -0.0278359829784604 -0.0894730279907218 0.0170369682296542
-0.000876929727261122 -0.0267951050225631 -0.0814711936626765 0.00808436948326611
-0.0101241866747772 -0.0200587546029522 -0.086370793190004 0.0220092536609394
-0.0190593779235986 -0.0124304591742658 -0.0771238647037937 0.0359960280392126
-0.0216449686854659 -0.00747041067260107 -0.073729115294582 0.0306467650834294
-0.0209655750022196 -0.0119862174731893 -0.0710771564423588 0.00513661758693852
-0.0206101601999723 -0.01441876922518 -0.0728694467969892 -0.024926662496478
-0.0189490709257394 -0.0202803144959118 -0.0528782128965233 -0.0657312234296701
-0.0134636661677719 -0.0310462548716962 -0.0176987125109836 -0.0900314773950351
0.00380220389802693 -0.0398826786463188 0.0401950743958594 -0.075549585105891
0.0323173929495719 -0.0349838257747185 0.0568140518217727 -0.017012596357643
0.0491287131721855 -0.0166441888819729 0.0172289050091896 0.0244251796999452
0.0405327999441543 0.00426168313580456 -0.070915220946829 0.0314431866009706
0.000706942105637955 -0.0225444719234515 0.092261161277469 -0.0208102038760164
-0.0175400567639947 -0.0073909558489299 0.00595283654413434 -0.0432144767498809
-0.0162116025905934 0.00655899938125284 -0.0581436778528289 -0.00356744871143286
-0.00482126189938167 0.00697778051995036 -0.0691871062104422 0.0641236412672099
-0.00608173673855412 0.00296909058255699 -0.0134387082197565 0.0970414670328803
-0.00582704602300812 0.00390412228999885 0.0393034491736775 0.0847943814470329
-0.00655969872564103 0.00715648021617842 0.0695761156127581 0.0538456427827767
-0.0114671943670362 0.00955467358361654 0.0804073401384914 0.0156057635600527
-0.0144522547762908 0.008500085971502 0.0801591613680026 -0.00923059278608236
-0.0184834363885634 0.00449299046773693 0.0815598797490476 -0.0216884549287061
-0.0181814894533711 -0.00539762244192239 0.0875272672036233 -0.0111778957756853
-0.0108620292875819 -0.0133647096603506 0.0882706944740945 0.00702244390958128
-0.011016755882196 -0.0168588017344105 0.0904572934084235 0.00297943314800863
-0.00484649594310889 -0.024153830405352 0.104591741776411 -0.00590299465711311
0.0137481420735386 -0.0293598285100287 0.128124326208561 -0.0370415381259297
0.0415959820088295 -0.0284380154467886 0.079254394728913 -0.0116276654161268
0.0157752237015556 -0.020914675063791 0.00212575319145658 -0.0370847063958252
0.0066440853217139 -0.0128119049342486 -0.0638539179695033 -0.0033974857855251
0.00312756213147461 -0.0175367764216662 -0.0736011569449615 0.0609674209259413
-0.0134919385797391 -0.0207489573560616 -0.0217384184359802 0.094731359850527
-0.0245555258561161 -0.0124824323240835 0.0306739652662284 0.0865977903497311
-0.0309233355507043 -0.00292049181529202 0.0607481757688184 0.0567848118052102
-0.0397336758507106 0.00390947001331565 0.0707116069863142 0.0169890836497596
-0.0442417865786186 0.00319266687079638 0.0680112558718315 -0.00944776534595294
-0.0509640447108351 -0.00458808157684554 0.0671566269654351 -0.0278927511515795
-0.0491465760380397 -0.0257332120566935 0.075159856560071 -0.0263367160072323
-0.0287178057627528 -0.0484365139891212 0.0853358724067442 -0.00806521960317977
-0.00480606590820159 -0.0594704350427138 0.0908127527612967 -0.00441532523745303
0.0241293385693661 -0.0612283959260268 0.0950821500633609 -0.00575220971345908
0.0542029498741341 -0.0511495583236976 0.112098910158235 -0.0301606187615816
0.0787470785987527 -0.0311827590820254 0.049853783617892 -0.00396470921342953
0.0513799953798409 -0.0336234270287072 -0.0115479149609424 -0.035300870893109
0.0327857928166174 -0.0358808749175712 -0.075926024235852 -0.00519941920242271
0.0104750566357638 -0.0456509391174372 -0.080385131574489 0.0572641506111022
-0.0212912915739464 -0.0451650833360103 -0.0310691883982318 0.0877922337005669
-0.0417209194718888 -0.0288102696444476 0.0179206792933508 0.0825055487002663
-0.0513925220529986 -0.0119326387925015 0.0441512465164155 0.0551769982564777
-0.062479365170673 -0.002483384223116 0.0513767698189855 0.0172204640078565
-0.0671774563947675 -0.00178704899728434 0.0459831558805061 -0.00930733567562715
-0.0756253587320047 -0.0111162910561132 0.0433071082415317 -0.0327909817340108
-0.0764894703510062 -0.0389087191700885 0.0536412078017475 -0.0418896805440083
-0.0477898900047896 -0.0731613051667785 0.0777155665934056 -0.0262679562897849
-0.00599971503863997 -0.0937116126689813 0.0902118633431517 -0.0109224083830958
0.0441654091531615 -0.0916242629673761 0.0857885235500565 0.0017734820654458
0.0861304910753455 -0.0673844565067398 0.0847926507698072 -0.0160479456236006
0.105225633584221 -0.0313729345695907 0.00804182563581665 0.00431687217081743
0.0809887264023025 -0.0459158083322186 -0.0347368828254855 -0.0317743830750868
0.0544956010036883 -0.0606700551211337 -0.0900794031787003 -0.0056597092405722
0.0129324704572762 -0.0736138804135031 -0.0862860969017163 0.0500683356426817
-0.0310037116193501 -0.0662328954848352 -0.0417353593758011 0.0751014294802204
-0.0567111023673183 -0.0402277749034778 8.03554680801075E-05 0.0716936744846871
-0.0662219465398214 -0.0193209334943675 0.0201537069554443 0.0495245346454871
-0.0761600924029015 -0.00885549877725261 0.0243313890737834 0.0157267208693905
-0.0794906441581053 -0.0081331942230752 0.0174935794536168 -0.00916183881672646
-0.0892124199226628 -0.0169884924888961 0.0162937081103171 -0.035985954415342
-0.0898315772778619 -0.0482881845180322 0.028370143035351 -0.05492040742871
-0.0569861693162407 -0.0881509854346277 0.0667072310848921 -0.0430642794177513
-0.00400595746883981 -0.112636706314917 0.0879280169449089 -0.0140768421800448
0.0598769049814909 -0.107167423876155 0.0748284390615573 0.0129318489045714
0.105327771339203 -0.0699259734098269 0.0486420921169589 0.00251068224475748
0.114427454737196 -0.0301153445466445 -0.0400236914557945 0.0150222930300761
0.0959020217014105 -0.0539077519310918 -0.0621281801291407 -0.02155129610414
0.0640810655377892 -0.0782730253651034 -0.0997132743104609 -0.00282487464980895
0.00993821955128826 -0.090266597118188 -0.0879673354372234 0.0372248491572159
-0.0378912693187697 -0.0762606410070055 -0.0551050716095803 0.0553422778083594
-0.0641851416159108 -0.0439957827082989 -0.0230440476921407 0.056834516116967
-0.0714274171564929 -0.0213500225343381 -0.00860353232351557 0.0412936667883055
-0.0778511829868093 -0.0135759082580933 -0.00582340589357051 0.012153773650437
-0.0790173548098147 -0.0149234006683331 -0.0128435556301524 -0.0109772453718233
-0.0864630906304264 -0.0235358197209272 -0.0110593585210261 -0.0405759331644337
-0.0850328755683516 -0.0535241093556973 0.00548379806997325 -0.0648036989190614
-0.0498668429467539 -0.0915653152659398 0.0550017784072152 -0.0560986214601208
0.00636694868217673 -0.112620225839402 0.08277306574673 -0.0135635789760792
0.0707921998485257 -0.101556023559103 0.0604415892845995 0.0251134140400325
0.110121430281685 -0.0596193063596545 0.00924889473153709 0.0197856811493494
0.103458914999506 -0.0244481610723563 -0.084981162220973 0.0279620809687774
0.0908257033370503 -0.0513816407445519 -0.08663371782788 -0.00465967844346486
0.0579820068989902 -0.0769688403017652 -0.10171635326623 0.00209128743367815
0.00412468188931361 -0.0862819009583873 -0.084646386425652 0.0211796890732163
-0.0383420615280572 -0.0693671210565201 -0.0689286624402817 0.0341388964975429
-0.0600314171275349 -0.0385568463304708 -0.0476445968019376 0.0416774132034951
-0.0653386236670773 -0.0188253078653372 -0.037467289715424 0.0334233011284123
-0.0674763787768413 -0.0167276499933203 -0.0347508784350235 0.00632994124534636
-0.0668378924641921 -0.0198885641376316 -0.0397945604658892 -0.0165798237954367
-0.0698669708610355 -0.0298377940707263 -0.0320069735156475 -0.048515672365008
-0.0630983512788654 -0.0555275945335198 -0.00853877837603607 -0.0750475619137895
-0.0270232934548334 -0.0839633638361541 0.0479216467733245 -0.0632458067455844
0.0255741040825307 -0.0936856250442821 0.0747397423084687 -0.0104360548148987
0.0767240336123664 -0.0757696540633071 0.0426377289869514 0.0327839912681164
0.100610014269562 -0.0364176556625258 -0.0293205913497104 0.0291210490707161
0.0735307312357489 -0.0122359196197046 -0.117369913393351 0.0408012423713323
0.0684669779335191 -0.035393603591881 -0.100678167065843 0.0110703152605869
0.042488891514362 -0.0567257012113878 -0.097701232653039 0.00512231393457844
0.00181143061062982 -0.0618876567098294 -0.0819495682752799 0.00660685160201105
-0.0271133145616263 -0.0489178851086149 -0.080983249899657 0.0171321179540841
-0.042921345519904 -0.0276205897691092 -0.0691335444087837 0.0300324997329047
-0.0465871855008979 -0.0148045481230121 -0.0622870092637548 0.0266403980555711
-0.0470805294451695 -0.0173669701634358 -0.0586035035182023 0.000722588348058127
-0.0451142546822032 -0.0210733339465125 -0.0587981604016497 -0.0254727702738005
-0.043364432492472 -0.0303129791001915 -0.0423907617797613 -0.0608411503177255
-0.0340105868219315 -0.0487391405612525 -0.0111283254284087 -0.0841993400973299
-0.00294827553957245 -0.0652248903336004 0.0470529086204001 -0.0675060411964761
0.0387508958992901 -0.061769368447298 0.0660402398771789 -0.00734943377496092
0.0709192165652897 -0.0406831353595611 0.0247823423072771 0.0324697430236816
0.0752716925394022 -0.00987166255308642 -0.059527210650224 0.0281599522309462
0.0333260216114805 0.00533005523001937 -0.131162051037923 0.047239828304064
0.0375984699573366 -0.00946856333549689 -0.103305921229766 0.0201035306878811
0.0231025040618336 -0.0237533352322948 -0.0912009254862089 0.00581163838758225
0.00318995238653485 -0.0264154056808331 -0.0809292786188797 -0.0015938735789373
-0.00672109987552085 -0.0215476607887257 -0.0873553919128973 0.0101388247250019
-0.0164350844556027 -0.0140847690401878 -0.0814327500547829 0.0248416576074414
-0.0204706150206771 -0.0101485920986442 -0.0768199891973887 0.0216877176473843
-0.0187180184900448 -0.0152102704122324 -0.0718304849740099 -0.00615394116865461
-0.0183423736210773 -0.0168803683694581 -0.0679987575278376 -0.035338192340305
-0.0160960655481218 -0.0226317043584224 -0.0429204706479623 -0.0720301284338212
-0.00928417514390652 -0.0323248640015521 -0.00350642612134307 -0.0907023798277923
0.00941022272005444 -0.0392888844671807 0.0513764443936695 -0.0674896323723652
0.037524156779734 -0.0295815195732345 0.0591003889142453 -0.00698291935963254
0.0508559138897448 -0.00827818390114899 0.0123119771098737 0.0260243114174198
0.0395519050794488 0.0120671752206302 -0.0769248085294521 0.019306405493906
0.000404763802728953 -0.0232843714835582 0.0945858013444018 -0.02249080099641
-0.0176701171280515 -0.00817281989128306 0.00660256125161214 -0.0456251286618154
-0.0171157192011175 0.00658554160385955 -0.0599831779191936 -0.00463546407660402
-0.00500805154456826 0.00693474830053606 -0.0719275875934872 0.0652379650875434
-0.00681614220112566 0.00303495071196946 -0.0145829734942409 0.0995963543526679
-0.00637343083320044 0.00403704468065619 0.0401031217883565 0.0856758311209615
-0.00707702502795723 0.0072948275677374 0.0711655422546108 0.054428473609283
-0.011975249439325 0.00941273588041313 0.0831869512652939 0.0149614628761664
-0.0148342920696907 0.00930652814489837 0.0828418353981245 -0.0100127964745402
-0.0190833873172956 0.00485988436234991 0.0839911469532379 -0.0224271872416654
-0.0184761959660632 -0.00573680251500747 0.0908106889057412 -0.0113571549347413
-0.0118064804369638 -0.0142053731957252 0.0912134611529219 0.00739535393177823
-0.0111640089395468 -0.0171946196555042 0.0926778074487389 0.00268980267290366
-0.00520674744026327 -0.0248130532638928 0.10692912370792 -0.00490341656880082
0.0141957963993227 -0.0304910923199628 0.132050774362327 -0.0378351873290505
0.042085695487635 -0.0290125549826202 0.081268295345576 -0.0128677857255552
0.0157630844642036 -0.0216041493780093 0.00237938261863171 -0.0392235376522934
0.00677895362544195 -0.0132395468332191 -0.0660143031503493 -0.00426389606139647
0.00303635463795508 -0.0177940974771438 -0.0759294698884474 0.0627715967984494
-0.0143647954718454 -0.0213631398260171 -0.022991001665315 0.0966700207012945
-0.0251504064618696 -0.0128975452892622 0.0313300720415848 0.0876126442644574
-0.0312169755953007 -0.00281172559785143 0.0627685983211009 0.0573762676512363
-0.0411255849049768 0.00387643622000423 0.0731996558150149 0.0169407720408564
-0.0452369838349207 0.00403617918859522 0.0706199441216568 -0.0102893080396603
-0.0525272708578021 -0.0041914559753104 0.0694946463877761 -0.0283848226503653
-0.0506299159188148 -0.0266386814722908 0.0774790089226622 -0.0269102659256336
-0.0296845378162992 -0.0500358550529806 0.0882720579434886 -0.00797246932963161
-0.00480699653478529 -0.0608637922236296 0.0934041147576615 -0.0047707241388011
0.0247964929341015 -0.0624103133665255 0.0983830579211414 -0.00485012380686499
0.0564468675635829 -0.0526069384959694 0.115559357596307 -0.0309889280631875
0.0803740672829599 -0.0323932188017804 0.0513148193691196 -0.00514607257656908
0.052072904589637 -0.035025738427157 -0.0119607629105185 -0.0381228783643239
0.0336459726021566 -0.0365585455750531 -0.0781683036070639 -0.00579674551813384
0.0105564203904815 -0.0465438083209637 -0.0828099112456177 0.0585523057587166
-0.0222104543323401 -0.0460717128118041 -0.0327287749963337 0.0901334232656221
-0.0431250346098788 -0.0289874329091432 0.0183740336507936 0.0837782065923117
-0.0528402922836812 -0.0121405511442361 0.0454747580779826 0.0558381368371878
-0.0645192254976214 -0.0018704037389292 0.053083245183148 0.0172206614083249
-0.0689148406153002 -0.00161619034008782 0.0478353474735623 -0.00991133186960056
-0.0789777384012817 -0.00976566557516644 0.0456467295746011 -0.0332498460446507
-0.0784314387867865 -0.0394269879266268 0.055344226565681 -0.0429146491112896
-0.0493735830034974 -0.0751597693792668 0.0806504684158329 -0.0271006771211894
-0.00592810391208354 -0.0959771899271343 0.0928482403439491 -0.0112507671796186
0.0455258669425747 -0.0939447595812225 0.0886700220812433 0.00102368865082581
0.0892152011667983 -0.0687305532257136 0.086735769182719 -0.0166339897452656
0.107535375732465 -0.0326401145612552 0.00869304904623042 0.0030453915445855
0.0828171800933729 -0.0476523285203695 -0.0355167386112524 -0.0339014901609787
0.0559215484255943 -0.0619417978583613 -0.0919662103242691 -0.00652779723064975
0.0129096805118935 -0.0754693767497965 -0.0886717098990138 0.0508820094878023
-0.0325016243693109 -0.067160572609327 -0.0433011987784382 0.0766877145926649
-0.057404084404617 -0.0403912882118553 0.000343084642443636 0.0730711050175403
-0.0682002320548105 -0.0184284327236915 0.0210403408826703 0.0505091960407772
-0.0785628377330044 -0.0086333018337452 0.0257912997842898 0.0160483775140028
-0.0812172809819533 -0.00755644915933634 0.0182188452392804 -0.00935933093718863
-0.0918415959564421 -0.0157587145014015 0.0173091590713561 -0.0367489386998975
-0.0930208671347969 -0.0479171668124252 0.0288955627761486 -0.0548941899961288
-0.0592186726934344 -0.0899442772513589 0.0688988303845412 -0.0432786793839596
-0.003993028129938 -0.115332736351604 0.0911858334597402 -0.0155244421190363
0.0611127537528347 -0.109563005866907 0.0774335258454133 0.0131564151278633
0.108934830523398 -0.0726281944693866 0.0499633595157676 0.00222146939935282
0.116971250209743 -0.0305624852616411 -0.0411404469402841 0.0142105152268152
0.0985899574028565 -0.0556702875020749 -0.0636091523136298 -0.0236574674207807
0.0660557717422641 -0.0800553573224693 -0.102942941550813 -0.00421561866481198
0.00974047040853336 -0.0928150617512393 -0.0899006129490337 0.0373785030026339
-0.0396429157738364 -0.0773124102295642 -0.0572064906872364 0.0567783302492174
-0.06537644444174 -0.0443147482000473 -0.0231064876302547 0.0579588812614089
-0.0731453904246614 -0.0209042009994624 -0.00834869157020662 0.0421019491146019
-0.0801577350894385 -0.0132193109909399 -0.00617419317121456 0.0125055961702657
-0.0812529742224317 -0.0140537870754335 -0.0126616301914316 -0.0113979610747012
-0.0892045200029507 -0.0234664476229289 -0.0108352876599449 -0.0417919325356569
-0.0868338935840647 -0.0536789276959133 0.00520409487929486 -0.0654278979158891
-0.0512688961060104 -0.0924793537906234 0.0568218993382136 -0.056852066063384
0.00692401668050727 -0.11546172501258 0.0855687122994386 -0.0149177353269705
0.0723199726434526 -0.104041516505142 0.0626669614691817 0.0253889961258362
0.113542266546552 -0.0614574414666297 0.00926506577016764 0.0197197435566504
0.105436841466679 -0.0250548663778262 -0.087253435989089 0.0281230363796432
0.0928522380343739 -0.0529350590502123 -0.0878103430299725 -0.00607041937974848
0.059861912159454 -0.0795590043063012 -0.104691226497757 0.00172403163736816
0.00417254267140422 -0.0882344475850248 -0.0879333454395528 0.0216288091879654
-0.0403731485360956 -0.0705881204506671 -0.0707295387635794 0.0348553919506405
-0.0613432321424979 -0.0389149866021455 -0.0481572015184674 0.042867493730144
-0.066409456728254 -0.0185186073016116 -0.0382600024746703 0.0345869426174362
-0.0697322788799921 -0.0160802760198811 -0.0364517818200427 0.00765469592753299
-0.0682170917615777 -0.0196356398349281 -0.0406463556348263 -0.0171165762465228
-0.0717372156266529 -0.0296975101798431 -0.0321071730728247 -0.0497180339303716
-0.0646018634246651 -0.0556815465390792 -0.00914434776282665 -0.0753152882114832
-0.0288645665809685 -0.0855457836843209 0.0498145634387072 -0.0652179856248977
0.0263011205526348 -0.0956111528692405 0.0779897396225008 -0.0110851480008406
0.0785299528098944 -0.0771741173964882 0.0438927648055876 0.0336402155593366
0.102991208872628 -0.0378951606323697 -0.029432701185753 0.0296142631917236
0.0751794720794188 -0.0129007801382549 -0.120136343665943 0.0405011477324108
0.0698730901438424 -0.0362699150647228 -0.103274878301373 0.0103301361932024
0.0436084045020527 -0.0584592652634279 -0.100711410987242 0.00447307285991259
0.00142884034139349 -0.0632013661654066 -0.0845318365321152 0.00561542852660022
-0.0284247892407856 -0.049905043331202 -0.0829442725011357 0.0173480476939659
-0.0434031410055153 -0.0273215942614479 -0.0707623124588341 0.0309221682842258
-0.0478619954703699 -0.015031977299149 -0.0638090860166918 0.02785382858695
-0.0485818903059583 -0.0170465210622313 -0.059860414958431 0.00161798771504389
-0.0467515532778036 -0.0215172471323083 -0.0601472749486767 -0.0252854846751838
-0.0451202348041996 -0.0308229803757809 -0.0432173555939471 -0.0616971379286696
-0.0352570652218665 -0.0489753383172012 -0.0112378083157149 -0.0855395315840699
-0.0040967564724244 -0.0660260442472528 0.0488470247916495 -0.0687032620424705
0.0401561705921557 -0.0627973628290447 0.0693714696104948 -0.00851002512183572
0.0720908264503191 -0.0409286849462435 0.0259019305072689 0.0329422145711606
0.0777772687067689 -0.0102504638349201 -0.0603713451260886 0.0295480490922126
0.034488574990244 0.0052122003409622 -0.135041794748831 0.0478278671173951
0.0385932365104347 -0.00942723412480074 -0.107291297671125 0.0205953173041497
0.0239530128697038 -0.0244875569121705 -0.0933216733937181 0.00538006205720879
0.00330550636476497 -0.0270252733749913 -0.0829989957468031 -0.00220123523728378
-0.00745130467155269 -0.0224327994821491 -0.0897623913090236 0.0101239145324073
-0.0164846484889731 -0.0141337102709883 -0.0835737843294599 0.025149244268512
-0.0205027204528989 -0.010526711962552 -0.0789166967891594 0.0234053321630538
-0.0203545364573596 -0.0154799542369636 -0.0741981380378964 -0.00471819767849644
-0.019079058815149 -0.0172993760757686 -0.069701071769901 -0.0352723268734547
-0.0161388910463782 -0.0229711466887123 -0.0433882369227287 -0.0742125672437594
-0.00962061768964101 -0.0333278848733964 -0.0028282315060179 -0.0924226794574121
0.00941135861837652 -0.039366414766906 0.0537935335971729 -0.0685664810295025
0.0388948696029241 -0.030683817320678 0.0622131004117841 -0.0069559901543196
0.0515363652014684 -0.00803364358690339 0.0123610476924586 0.0263977878458806
0.0404529936576406 0.0129767918679957 -0.0788185501430171 0.0200360705417284
-0.0013510140663364 -0.0237883853643029 0.0965839791942258 -0.0279858154723547
-0.0188036322510041 -0.00802822644688555 0.00461517864936185 -0.0476253975424921
-0.017450187588603 0.00686639032575221 -0.0620847824609937 -0.00281785955231042
-0.00480852775368462 0.00772805149195142 -0.0707884686716349 0.0699245200447457
-0.00708117385913962 0.00323020606273573 -0.0115571787521078 0.103015428526879
-0.00660018166371268 0.00425378463751222 0.0447028343549944 0.0853950700782684
-0.00669683777391226 0.00770606391053598 0.0758745782001358 0.0519021368604789
-0.0120101016652508 0.0103295717550689 0.0866437668337625 0.0105673622269828
-0.0151128360471727 0.0102689125650494 0.0855421985018077 -0.0145404796455566
-0.0195869424513811 0.00606502831053592 0.0856780469044568 -0.0262827417283696
-0.0199265650882514 -0.00489533461569738 0.0933950939530528 -0.0150575568001503
-0.0128265391269883 -0.0139779239666206 0.0947743750189518 0.0046294320533939
-0.0122622183420174 -0.0174627799239857 0.0956532760474959 0.000702045754936185
-0.00557458790809482 -0.0257374821654256 0.110395262377231 -0.00783041000167992
0.013564479459018 -0.0323969406501838 0.135413638324174 -0.0428331853852169
0.0416777424745445 -0.0311312608954119 0.0826919085512781 -0.0178205749912823
0.015563777136393 -0.0230948049934487 0.00181073901960627 -0.041486296678399
0.00644330810730434 -0.0136970858436242 -0.068475744158278 -0.00234814730846317
0.00229164649508679 -0.0183754191096327 -0.0762111346689786 0.0671590196773244
-0.015858326502637 -0.0206953390161388 -0.0204584032227873 0.100425994837992
-0.0266848994655189 -0.0117380418111932 0.0355100141645088 0.0887149309686649
-0.032160028847152 -0.00146313110060813 0.0664349837019746 0.0554999535609879
-0.0424937733955601 0.00601136557091437 0.0765739871176978 0.0136077380010485
-0.0461224991351021 0.00607993393222061 0.0729398469585831 -0.0140804696845451
-0.0538884318751644 -0.00177194483897708 0.0707751383948208 -0.032417923614351
-0.0533943621696783 -0.0249580020781028 0.0788788466948519 -0.0302449836129124
-0.0325547388780573 -0.0501056823253215 0.0911604445518618 -0.0112405309491584
-0.00683010980780775 -0.062656728118451 0.0964317529121703 -0.00759776479315947
0.0232501529514254 -0.0652305652349425 0.10133973375068 -0.00806436959350584
0.0564562952822914 -0.0570056489971922 0.118305995528823 -0.0366597554547406
0.080520430451339 -0.0360032054581422 0.0527339208969475 -0.00884950459622674
0.0516893241989363 -0.0371154320409086 -0.0128718365269956 -0.0399189684692722
0.0334853148270103 -0.0387619658005654 -0.0814081163080777 -0.00366808971822755
0.00880712470795333 -0.0482260324159933 -0.0839372313935346 0.0633186627830032
-0.0247617972417025 -0.0460295684173828 -0.0307274663896306 0.0939320073204059
-0.0448552562220674 -0.0272385022839219 0.0224342399472891 0.0841982417469845
-0.0548139762432394 -0.00981113467732709 0.0489815016141806 0.0544721811930036
-0.0668156644051033 0.0011521954947691 0.055665399667151 0.014766611617892
-0.0707786913590603 0.00211343490689968 0.049718997719345 -0.0125489585852485
-0.0815967538395341 -0.00629775107019378 0.0466023692400102 -0.0364950416445584
-0.0826886535924189 -0.0371303118293169 0.0559466885723705 -0.0451166646865837
-0.0537465934036517 -0.0758523456371234 0.0827923983964485 -0.0298349812859015
-0.00943345201916301 -0.0985812917598333 0.095956036149946 -0.0153611655447872
0.0435557691098492 -0.0984386370616509 0.0913925229913783 -0.00190927147734218
0.0890235253484699 -0.0752014900390866 0.0889525444177594 -0.021028841911751
0.10908597777683 -0.0377834637891354 0.00885064452905753 0.0015199639872522
0.0832967794453613 -0.051740790861114 -0.0369968033783283 -0.0359343542231662
0.0555797426995612 -0.0662515795708039 -0.0958838532750187 -0.00437062768166198
0.0100158465040275 -0.0773776528592698 -0.0890832437751025 0.0548113243280838
-0.035740844213514 -0.0673509096011703 -0.0424792779217922 0.0800884458166331
-0.060240226672008 -0.0388892297887939 0.00274688935418934 0.0745206494144142
-0.0701429071728471 -0.0159952387676576 0.0236443266435149 0.0500837136031351
-0.0810434342743493 -0.00491104435755885 0.0270264515768164 0.0156511922626986
-0.0844141981575681 -0.00365072993551702 0.0192432875145834 -0.0104558582793109
-0.0957970174527228 -0.0117641653310209 0.0170850904162352 -0.0384575840633218
-0.096951684191629 -0.0448704134363998 0.0285354372107252 -0.0566403061009069
-0.0646174754524022 -0.0902505262254646 0.0706685562532797 -0.0472344579757644
-0.00819985012031924 -0.119056483431966 0.0938281126309033 -0.0189448627897134
0.0590356948011858 -0.115331435864871 0.0798366794570879 0.0102281391493221
0.109578588692241 -0.0793427736287176 0.0511580129616134 -0.000348649814305343
0.118961281265552 -0.0360601207778376 -0.0418676824676648 0.0154058742759982
0.0987566385358938 -0.0605109362508553 -0.065570695591663 -0.0241868891940942
0.0650208722757631 -0.0847392499747 -0.105356411523904 -0.00117366338270286
0.00536180380817743 -0.094899880732342 -0.0919751235926671 0.0417921410972451
-0.0446056429321625 -0.0773171536028397 -0.0564994950688567 0.0600357548567135
-0.0682759254188499 -0.0420676691389836 -0.0216632668754214 0.0602074902938087
-0.07624589152209 -0.0180008486954436 -0.00710362560786881 0.0435420521704285
-0.0830618503613235 -0.00995490260829006 -0.00564851181858704 0.0131864425228422
-0.0844057534379416 -0.0106380914387582 -0.0131409740392526 -0.0106869589374413
-0.0929763776784407 -0.0188120038769835 -0.0120955919004468 -0.0420308373471396
-0.0925774770267683 -0.050751560016107 0.00362241340296473 -0.0660336453640154
-0.0571781769339843 -0.0932366627519501 0.0570326484883025 -0.0603437197957689
0.00326201291659068 -0.118863227710519 0.0881272724905951 -0.0193406242793381
0.0702701802147644 -0.109637194542068 0.0652818459692338 0.0229546673643626
0.114838419126104 -0.0681157257002483 0.0102556621386792 0.0191189899557652
0.107357188558161 -0.0299753050490646 -0.0888145791867049 0.0315035151374424
0.0927844645829694 -0.0580745637370575 -0.0905648714527652 -0.00461061489475203
0.0591891554321253 -0.083897008144007 -0.107255843326778 0.0053992592750885
0.000274548487070897 -0.090604856264354 -0.0898678692046987 0.0247202968931984
-0.0439750383430412 -0.0702631179061946 -0.0718227665219218 0.0380960873159989
-0.0638501125282234 -0.0370565754434301 -0.0484507912959885 0.0456849338449333
-0.0685240888926895 -0.015957042834464 -0.0378985423840348 0.0369451148383009
-0.0726837364323161 -0.0139323537065783 -0.0368179729383283 0.00992310328117498
-0.0712140820129487 -0.0168782780711863 -0.0413069744331681 -0.0148723649464345
-0.0752635725985838 -0.0266998822172414 -0.0341250178628593 -0.0498765897237303
-0.0686249698493988 -0.0540816915389879 -0.0117695975414705 -0.0759228251998074
-0.0329613159555562 -0.0863027790057108 0.0493249254817297 -0.0681053858885258
0.023627692183146 -0.0990975924789033 0.0809933127619102 -0.0149430793088445
0.0775095963779871 -0.0824391464530129 0.046992022366609 0.0319898532949702
0.105008030410269 -0.0433056360250782 -0.0295239510754698 0.0316156780127061
0.0769539823717235 -0.0161143684834236 -0.122174179473026 0.046617321073318
0.0704836650371582 -0.0401938789644604 -0.105808590270222 0.0131393083896486
0.0431128092427747 -0.0616887494826734 -0.102770347838966 0.00774794487863617
-0.00142740652628332 -0.0650068001044219 -0.0870349691845341 0.00902090870240438
-0.0314517129259152 -0.0501507891592341 -0.0844007282842536 0.0204936962303454
-0.0455919456349151 -0.0258340957654635 -0.0719038489008917 0.0345136566883206
-0.0493660202990238 -0.0125867525767657 -0.0638069487260931 0.0317174541949726
-0.0510008921476839 -0.015721784097126 -0.0614419267329238 0.00505480398878125
-0.0487954100472207 -0.0201537951037365 -0.0625894435410585 -0.0230140791311399
-0.0478371695251833 -0.0292305638916476 -0.0461562947824638 -0.0611194859921755
-0.0380102544719262 -0.0485257663633201 -0.0143825711296215 -0.0863903843188032
-0.00658032856414826 -0.0673008158503998 0.0477895965069623 -0.0725529406027807
0.0392269545884275 -0.0663008717924051 0.0719733766254919 -0.0116887349788248
0.072897930439274 -0.0446613206395006 0.027815013772191 0.0328063269740374
0.0799317995130493 -0.0136231133397587 -0.0611618413758225 0.032611731044295
0.0353243860367126 0.00355593779626435 -0.137696851402503 0.0543681895538322
0.0386832137581649 -0.0111991918287757 -0.109232600147199 0.0249787495985257
0.0241688135669264 -0.0253568259111011 -0.0963559197088003 0.0089278347367221
0.00247354372967351 -0.0274533369497738 -0.0859906239266426 8.79244657922495E-05
-0.00845618810757026 -0.0222591371479107 -0.0923286041255051 0.0134759569759319
-0.0167043619382942 -0.0136581570886441 -0.0853602042857931 0.0297578386855707
-0.0220673561198108 -0.00918533385272281 -0.0799021655013896 0.0279926081652584
-0.0218534142122053 -0.0150165675449645 -0.0764308152623641 -0.000808573461796974
-0.0201032194599641 -0.0174626968490117 -0.0725380457554523 -0.0322094609971993
-0.0180605364665094 -0.0228335750221562 -0.0475012019088979 -0.0735620005109887
-0.0108438271792456 -0.0331708793362096 -0.00739748921027851 -0.0944285276223451
0.0077767039526984 -0.0406964986217295 0.0525394948657543 -0.0727996440215013
0.0386912159207497 -0.0330434664175933 0.0643190717838618 -0.00970344114393289
0.0524610211847563 -0.00954872936241678 0.0144587707331379 0.0264951805659044
0.0426282405581788 0.011862340021045 -0.0796037433166982 0.0242316386446032
-0.00265710423145205 -0.0237067820622615 0.0942408266597425 -0.0349464357954373
-0.0195037507113653 -0.00644941111120934 0.00137154756545281 -0.0489672349304607
-0.017142366050619 0.00828238263492161 -0.0627766650451232 0.000182850146727482
-0.00455580076276633 0.00778960855810774 -0.0671405866739989 0.0741918064618158
-0.00718968787572271 0.00430090866892789 -0.00586389490254919 0.10326640394469
-0.00631720732629874 0.00498608521560232 0.0485158415052541 0.081433530545075
-0.00636959678540394 0.00739275038981967 0.0789179888945492 0.0465588305787442
-0.0115040438755779 0.0111617275613057 0.0877456391441793 0.00457491268846717
-0.0141555648082768 0.0109060473171138 0.0847485254737869 -0.0207217470018716
-0.0186178123245083 0.0072585460769188 0.084536675634481 -0.032001591319572
-0.0203108938767964 -0.00424201677952093 0.0921417138010735 -0.0200980495972911
-0.013676566851389 -0.0136098562074417 0.0953337899953178 -0.000698478194068053
-0.0127756933581258 -0.0163167516641151 0.0956217487532237 -0.00476168586084887
-0.00684203206328908 -0.0247591986239325 0.110351525522292 -0.0134764174147842
0.0116644035014938 -0.0336322997139873 0.132831547385539 -0.0507253561435715
0.0398005532661005 -0.0339991161721452 0.0811572146560553 -0.0241896597251904
0.0141616707367361 -0.0236754587225912 -0.00143988807753263 -0.0429754126257239
0.00556137072550745 -0.0137651685210608 -0.0686618075722285 0.000964241287803885
0.00120590518572099 -0.0188029226757217 -0.0722155726125817 0.071429113493428
-0.0170214558614596 -0.0194954575121375 -0.0151989539647691 0.101517125124882
-0.0270280384439397 -0.00958597968641207 0.0395692628986574 0.0847812116713636
-0.0322578993280602 0.000413136903140419 0.0699906435045873 0.0500865478197466
-0.0418532955462883 0.009008731419571 0.0779681956509814 0.0075585487389377
-0.0458313635334788 0.00964601105548689 0.0720315727887466 -0.0194835757319085
-0.0541144904556835 0.00224645731993131 0.0693693041534972 -0.0375825135962252
-0.0552253939437202 -0.0209819707174228 0.0774779251771122 -0.0346311588918246
-0.0359920988650589 -0.0481368625221377 0.0912150840982271 -0.0169446239586435
-0.0104603239419633 -0.0620511071773961 0.0958610292282697 -0.0137490001611589
0.0195608030053757 -0.0668141987093689 0.100869817121139 -0.0136176132443362
0.0532259985300707 -0.0612676273544849 0.115244445454393 -0.0439047697684845
0.0779722770900152 -0.0409044028817662 0.0519948244631231 -0.0134479146949434
0.0490636822574387 -0.040448789222548 -0.015949285053869 -0.0413585206677084
0.0307237431922729 -0.0404155449135194 -0.0820580558657734 0.000502890326253319
0.00575353731273885 -0.0484197637435886 -0.0798474258324724 0.0675760909564346
-0.0277335386364368 -0.0436427995264827 -0.0255113988725628 0.0951061549837213
-0.0465267981225879 -0.0240987617908587 0.0268076297642606 0.0817011153203419
-0.0549799662643936 -0.00624248597476547 0.0523291887831149 0.0509041641112157
-0.0669302703082308 0.00593697568702929 0.056813806035075 0.0110357422897209
-0.0710151209019475 0.00744976054208094 0.048937565997945 -0.0158742947324245
-0.0813972866902173 -0.000187166428634412 0.0451157579586171 -0.0394469243590686
-0.085126768581585 -0.0307550460239837 0.0532023460285302 -0.0478448219251397
-0.0585788563484088 -0.0713882453606055 0.0819786126341881 -0.0356712846460947
-0.0155341273392778 -0.0977829733810314 0.095290537063433 -0.021591871724404
0.0373535842148514 -0.100924093499128 0.0913983744759345 -0.00706852139658997
0.0850407521992841 -0.0817362226175325 0.0873329696775298 -0.026961204565369
0.106305109458232 -0.0437885092123224 0.00901410551447297 6.97318719831045E-05
0.0791523589993613 -0.0567853305776821 -0.0389191532186188 -0.0355445879624035
0.0518658370334871 -0.069479317337754 -0.0966211269089958 0.00171426387994875
0.00531923887449 -0.0777542608782755 -0.0866572521185488 0.0598227883958805
-0.0401280249883404 -0.064046933862458 -0.0381636299343442 0.0821442022115735
-0.062563993324586 -0.0341100870764408 0.00715505555294219 0.0733511119099742
-0.0710699836321158 -0.0115181050184392 0.0263001250383482 0.047714102571629
-0.0818342509675112 0.00102886531624187 0.0284000416914089 0.0133168737820557
-0.0843938212681404 0.00201011545225895 0.0188101336529167 -0.0120737532714991
-0.095970782662994 -0.00452666024829076 0.0150675645988782 -0.0400249357160181
-0.0999994594398851 -0.0380294075502733 0.025721420926153 -0.0572177524865133
-0.069766757602492 -0.0849422235777418 0.0677356609663695 -0.0516600229285967
-0.0155675138181415 -0.118258478661585 0.0923386475580338 -0.0260636346018884
0.0517176267884236 -0.118265265768798 0.0807118231207132 0.00498002168224135
0.104938081957926 -0.0870732917868621 0.0507396632974085 -0.00395215334482076
0.11571045714785 -0.0427967188623547 -0.0404920400363582 0.0169360756790591
0.0941732209849566 -0.0661981482311299 -0.0662965139820302 -0.021872230003003
0.0595533853577751 -0.0882150087540287 -0.106150472221019 0.00527777537903531
-0.000418251480798459 -0.0950535913373269 -0.0896617269147993 0.0465147396419779
-0.0494252061454173 -0.0735352648688863 -0.0534630577094867 0.06261592884943
-0.0700391552615892 -0.0370587735640824 -0.018296354671911 0.0603530587692637
-0.0768323928803873 -0.0126812232288059 -0.00436936334173292 0.0431969188405239
-0.0840605621122195 -0.00385048219966058 -0.00470292351877018 0.0136495038947882
-0.0852116801659655 -0.00453757770014609 -0.0132123182228749 -0.00976244897808513
-0.0937993676452612 -0.012280853434079 -0.0143567602454073 -0.0413631827922681
-0.0950540724265221 -0.0438931801516824 -0.000766998887399588 -0.0650463268906799
-0.0631752302094895 -0.0885128409830033 0.0542298056744653 -0.0636547427981831
-0.00419248203331925 -0.118513994936999 0.0880372600355356 -0.0254268358679195
0.0635942466444508 -0.113448296528791 0.0663736653094307 0.0187307473175502
0.110371628260029 -0.0765419804872659 0.0109007259728443 0.0185075008179594
0.105216796980841 -0.0365317616538928 -0.0861119242270349 0.0370125335765133
0.0886578766142246 -0.0635179477387885 -0.0910086657109526 -0.000199943210018076
0.0542220937737325 -0.0867185605175833 -0.107625076001706 0.011223667939421
-0.00580255070516207 -0.0898626756745109 -0.0886672772555137 0.0293519214476378
-0.0487439267424363 -0.066793141456995 -0.0693521136292439 0.0427366797427894
-0.0654793882438116 -0.0320210972843833 -0.0456781382328228 0.0483786517814112
-0.0694577535036798 -0.0110178467238593 -0.035312485543689 0.0390498585961143
-0.0735208990783076 -0.00832503654147407 -0.0361211819617102 0.0122148336146602
-0.0726912776151846 -0.012432931656996 -0.0427109487120965 -0.0115626572766256
-0.0765166147801279 -0.0201100676505026 -0.0368932060722375 -0.0474574937869428
-0.0718911859216724 -0.0482769193227165 -0.015913000539768 -0.0740771680172107
-0.038557665465583 -0.0836211793388269 0.0457357969824394 -0.0708053820101498
0.0178109888365173 -0.100201827901988 0.0804347530828811 -0.020959010239861
0.0723920002537933 -0.0864974021148137 0.0486088190555724 0.0294395780573148
0.102618576717564 -0.0497006994289041 -0.0275269714970669 0.033328866205068
0.0753519634385019 -0.0206525626794674 -0.118951786459464 0.0530186234474058
0.0674721695999049 -0.0445206386426272 -0.104794363052083 0.0184810174613327
0.0392602738555498 -0.0640837564127271 -0.102576665860752 0.0137517035045428
-0.00574556334524526 -0.0644378168096631 -0.0867731871297229 0.0132583417661451
-0.0345229155967813 -0.0479287782919416 -0.0832416008091412 0.0255825090769509
-0.0465444606397903 -0.023405466750883 -0.0696663380035612 0.0390641553962507
-0.0497526635651827 -0.00881925786247442 -0.0625565221656588 0.0361977714983532
-0.0523610193743125 -0.0118663581681766 -0.061253986030395 0.00956692428447519
-0.0495928890512815 -0.0164287943609975 -0.0631140309240493 -0.0175406367772361
-0.0487808589082392 -0.0255614321945347 -0.0502555548493526 -0.0579607115792253
-0.0405757748952371 -0.0450713211946991 -0.0193978177086392 -0.0842409390564051
-0.0106169191519876 -0.0661476998511072 0.0446787350104155 -0.0753726379179683
0.035778245155397 -0.068961037252025 0.0718335868420825 -0.0162834722564841
0.0696770524846092 -0.0491808737900333 0.0294678477983109 0.0304912207956675
0.0789152665588021 -0.0187272914673156 -0.0585941014219765 0.0363454350574829
0.0349032091829876 0.00149351140244952 -0.133937465964786 0.0635360668301882
0.0377553940087684 -0.0141356061959417 -0.107906510368912 0.0304477306621681
0.0225758374711869 -0.0272008980441562 -0.0952931522490234 0.0139713325857633
0.00072995997397022 -0.027157712301296 -0.0863578728707508 0.00529609865116665
-0.0100701439611371 -0.0218154690465953 -0.0917918337238539 0.01882162537226
-0.0168408723000681 -0.0124060202471094 -0.0831758291491642 0.0353262155076965
-0.0218217702423253 -0.00748772521705893 -0.0785275932956262 0.0336186219359944
-0.0232246336727986 -0.013808144066719 -0.0761924029368434 0.00529975490955073
-0.0207406871429102 -0.0160989206685627 -0.0741594280128122 -0.0270174995211877
-0.0191397564456606 -0.0214806974541611 -0.0523111580066179 -0.0696292169945115
-0.0126078993598431 -0.0324740497011257 -0.0128159806053651 -0.0926279752238694
0.00501800866839489 -0.0404048953809765 0.0482743832008683 -0.0756836705050478
0.037412974893364 -0.0347509279652418 0.06468807503319 -0.013612542390736
0.0515247302314175 -0.0130699724875992 0.0155566607161841 0.0257643200288852
0.0425282683366396 0.00920433343028957 -0.0775478967991842 0.0293540111250094
-0.0037817326010291 -0.0226671616061087 0.0881261843983184 -0.0388125418385113
-0.0190980989817904 -0.00502992835222799 -0.00132837529999466 -0.0478343919135804
-0.0159283095299052 0.00858081860297497 -0.0610267666356612 0.00279165039158029
-0.00378156714244582 0.0074923901799734 -0.0608556407270913 0.0743484578543621
-0.00670453267465615 0.00454509621429619 -0.000996544276793425 0.0991050007886621
-0.006364451214479 0.00530991090726974 0.0499656033032581 0.0753503366711803
-0.00583721458458561 0.00704388615541938 0.0776198358860643 0.0393816268349962
-0.0104177952651299 0.0114677016564614 0.0843333319026327 -0.0014430938073501
-0.0128158261005624 0.0115094043061427 0.0807912682340641 -0.0251479222591031
-0.0171480141740115 0.00802315055692639 0.0799970621650942 -0.0358657498877515
-0.0197030570190776 -0.00278131506613411 0.0880635813543685 -0.0246584256796825
-0.0139386919936565 -0.0118564052411568 0.0922597146780132 -0.00515776338531713
-0.0133568001746031 -0.0149958491600355 0.0911063639257441 -0.00922084648902632
-0.00755666444553992 -0.023759042524241 0.105359235622506 -0.0177355907580808
0.00942741372556965 -0.032954277664944 0.125721036860447 -0.0559216085633068
0.0357902659226356 -0.0345173210367991 0.07664871444585 -0.027849505358571
0.0121759959947204 -0.0230099296668354 -0.00368609608517654 -0.0429691945008828
0.00444168870563586 -0.0134194194881742 -0.0664769785697213 0.00408281877288175
0.000321572349494401 -0.0174805208423659 -0.0663347103175402 0.0721682638535534
-0.0173203469873107 -0.017338477140089 -0.00982457708211813 0.0977723618126947
-0.0264943190938094 -0.00785605044602865 0.0419886500769308 0.078639113825453
-0.0309885817107536 0.00177346589740509 0.0689296158583364 0.0437673423175773
-0.0395402680114005 0.0111461692109502 0.0755996303095676 0.0019855302712158
-0.043303867573587 0.0121799792828029 0.0689344739330842 -0.0227895076453208
-0.051783004998311 0.00566115844494897 0.0647935239512521 -0.0397867635434104
-0.0547307923751818 -0.0168930813217127 0.0726844626136616 -0.0376105192637163
-0.0371893072589754 -0.0445832570506256 0.0873580113623778 -0.0207229677489919
-0.0135053424691258 -0.0590686396308235 0.0913112184704041 -0.0182450769854225
0.0157572485875985 -0.0648833946600964 0.0969858646280158 -0.0177536690869824
0.0480609567010917 -0.0616037466655414 0.108433076826601 -0.0482982413097144
0.0722140125166283 -0.0427590484814296 0.0488950207814798 -0.0166523005262331
0.0453162363809301 -0.0408974303528509 -0.0174013178219573 -0.0400303383072132
0.0274261589037725 -0.0400829833007521 -0.0791590405964055 0.0043713896210613
0.00285485051340497 -0.0464604092581744 -0.0737488283765051 0.0687827572402496
-0.0287880611134166 -0.0398152714990389 -0.0202815071155001 0.0921834315187124
-0.0452347358527509 -0.0203130081681926 0.0295086445480859 0.0766272472985141
-0.0530900577982794 -0.00288841276023552 0.0520850428865532 0.0450228945593355
-0.0634590323203965 0.0100250039022796 0.0554890175958135 0.0069097119511583
-0.0677389949630055 0.011613706420849 0.0463690149364776 -0.0186362493674711
-0.0780071400408624 0.00535993925151233 0.0409332186302709 -0.0413747428268348
-0.083695670695612 -0.0245262647472186 0.0493841638179399 -0.0484264876964478
-0.0603151592587821 -0.0654786431430396 0.0769418675426286 -0.0380079712667536
-0.0200655038484896 -0.0935033751549434 0.0905193603531376 -0.0260573002816437
0.0312742985772711 -0.0989295023525696 0.0874193475612296 -0.0114245615963647
0.0774387267013165 -0.083055708406562 0.082306775107833 -0.0306378557102851
0.09915880479027 -0.04678393831638 0.00876774514558507 -0.00169486023690133
0.0728843739645851 -0.0579850448486204 -0.0395287520673367 -0.0340109414332176
0.0462711354490127 -0.0691453292764032 -0.0931441942315862 0.00525977296956037
0.00059097378245114 -0.0748078639156583 -0.0805400385032043 0.0608913683007841
-0.0419325979632037 -0.0590331116075356 -0.0331068157525261 0.0801704096776459
-0.0608708942651255 -0.0290113096996042 0.0101599611135433 0.069186097378643
-0.0685843802841454 -0.0066996742229422 0.0277245829910018 0.0436423728132822
-0.0782763275014049 0.0060644036369147 0.0282697963981164 0.0105799713522372
-0.0814038513839807 0.00704382165843929 0.0176113523195897 -0.0127595544227376
-0.091946721578297 0.00204864812489444 0.0128431900141817 -0.0394517588205222
-0.0979425619756444 -0.0299828499538944 0.0223428248899982 -0.0560808120713323
-0.0716735987942318 -0.0776523570132404 0.062823784418105 -0.053049944809603
-0.0209273490780317 -0.112719067502954 0.087670230798258 -0.030136323031012
0.0437503653071355 -0.116405357386341 0.0776479192331483 0.00106751613973668
0.0958238906509451 -0.0898937460900764 0.0479206581408371 -0.006830035277347
0.10881440853241 -0.046354407738732 -0.0377642233917075 0.0175331546098598
0.0865215362142039 -0.0683970613254674 -0.0649242907580753 -0.0188234961187553
0.0535203504566241 -0.0882397856572459 -0.102289780672276 0.00994213079662696
-0.00549655022484365 -0.0906474053938671 -0.0843116845929031 0.048477434954422
-0.0511875615350596 -0.0676721974751802 -0.0482190807465009 0.0625350951548991
-0.0687967736436805 -0.0317278647321614 -0.0147354275248961 0.0585557714033346
-0.0733618716284505 -0.00761217032734371 -0.00199195969631088 0.0414626941498269
-0.0808747259453342 0.001155669840326 -0.0031644050758183 0.013656941043013
-0.0819260368322456 0.000862992166697999 -0.0129064613262427 -0.00899009122222538
-0.0902136561003706 -0.00521826450960845 -0.014855460033957 -0.0388855062736174
-0.0940307052488185 -0.0356694839533603 -0.00263788515570125 -0.0615663897205334
-0.0655081375657947 -0.0813205114021706 0.0492583873581402 -0.0639534035940993
-0.00973176086380844 -0.113863155166118 0.0827396545322936 -0.0298937981151831
0.0548685714698395 -0.112226322560072 0.063971802864578 0.0145116542095588
0.101746739361317 -0.0789319384107578 0.010650865434411 0.0172813205906746
0.0986972577315874 -0.0400388647163844 -0.0808315261396567 0.0382466921918634
0.0817473576802107 -0.0651836550134609 -0.0862229387201579 0.0026219646373615
0.0480669250409925 -0.0866574426160399 -0.102531005170366 0.0161370084334519
-0.0102756503540382 -0.0858994035871217 -0.0837226594248989 0.0322842102367088
-0.0502990112346705 -0.0610295154149918 -0.0650508697396614 0.043065325108946
-0.0639702372698903 -0.0275363557749398 -0.0410258914050295 0.048965138541643
-0.0665697027691457 -0.00664819281896983 -0.0318327502053542 0.0393023811226333
-0.070941452667257 -0.00369135500922453 -0.0335607478760289 0.0143397082072297
-0.0700230954685695 -0.00732515531912881 -0.0409768595518616 -0.00870622704048371
-0.073992429826458 -0.01514686349596 -0.0379270791316792 -0.0435655828056833
-0.071183537135867 -0.0416962783111505 -0.0182350071900667 -0.069430432999136
-0.0411402300686198 -0.0772475436494099 0.0410286509186556 -0.0703501625040195
0.0123936137407581 -0.097296987521694 0.0762742266411217 -0.0248082255237834
0.0646799901820377 -0.0868069329583825 0.0478721727464506 0.0253704305880684
0.0948811946504241 -0.0531789118531929 -0.0247548151819946 0.0334538943885677
0.0712290338712668 -0.0237536806525751 -0.112041604223189 0.0569617368995154
0.0621980134975308 -0.0463021328049999 -0.0989700222156069 0.0224083209744029
0.0345356018482088 -0.0633063681196921 -0.0973681562363804 0.0182793994391869
-0.0088829476307947 -0.0609193829448591 -0.0835225676935408 0.0165312227470946
-0.0357844127407487 -0.0431717554783852 -0.0791949353512728 0.0278857714166588
-0.044897582038041 -0.0194805063150497 -0.0645547070390985 0.0411220410549595
-0.0475011123510405 -0.00542086826113722 -0.0574240487148016 0.0382252831946064
-0.0507737134614866 -0.00869192617363717 -0.058472216627493 0.0129997918226214
-0.0485827351836221 -0.0132983062587702 -0.0611273167737341 -0.0132892583338602
-0.0478351790053648 -0.0208086028303151 -0.0508196366234935 -0.052605832279125
-0.0413379579674878 -0.04062853330565 -0.0223576997212382 -0.0780931626187699
-0.014190708153358 -0.0624904527414137 0.0389888450327757 -0.0742659427837896
0.0310386759512453 -0.0678088358183975 0.068828150171979 -0.0198928620691998
0.0644987554774309 -0.0504255550104469 0.0295088492705262 0.0277238364373557
0.0749635242458847 -0.0219981102479611 -0.0546059940258684 0.0381630149758064
0.0334059443002586 0.000307617000688199 -0.12532719357381 0.0678988503286898
0.0354072808208491 -0.0155119862531345 -0.101743410047181 0.0340973430317324
0.0204286005579847 -0.0267657690529886 -0.0907996888720184 0.0179450073908288
-0.000796631816178022 -0.0260310087984617 -0.0832541643585558 0.00832957775017446
-0.0112825541710364 -0.0198224482092647 -0.0868072485395503 0.0227372830853921
-0.0160655260004425 -0.0110311680126362 -0.0787291408922531 0.0384894097850985
-0.0205588810649201 -0.00569983636432493 -0.0725100154390188 0.0368182662628715
-0.0230748617317313 -0.0120998717890079 -0.0729083357477848 0.00962827073669778
-0.0208262812090108 -0.0144824816977962 -0.0718027811988936 -0.0210117213368129
-0.0195409752738021 -0.0190761984183557 -0.0530914185737607 -0.0628920179191349
-0.0142092541258897 -0.0295150364242847 -0.0166362750678782 -0.0875707864377393
0.00292229248079895 -0.0390574185502639 0.0427882413695129 -0.0743787189520412
0.034141081479686 -0.0360799802584137 0.0622179416127639 -0.0165019466751469
0.0491281725020247 -0.0148018532177129 0.0160099446995894 0.024098260538034
0.0414287146458697 0.00691329437804518 -0.0723965348067957 0.0327921373574106
-0.00069150773015342 -0.0209230427761773 0.0862033498653309 -0.0287446043240334
-0.0164164427966906 -0.00659715650472511 0.00275959922599923 -0.0463003389492568
-0.0156227977114291 0.00606393983072048 -0.0580045102389067 -0.00584216114862993
-0.00529893940573973 0.00594037061032396 -0.0649286126229548 0.0607508227928501
-0.00697610162324887 0.00312187249310042 -0.0124560039712911 0.090845423789542
-0.00747953611004134 0.00398673267475565 0.0368146109217036 0.0744599712714625
-0.00672258169167379 0.00551568798204447 0.0679630837638783 0.0440304335697276
-0.0113108046851507 0.00908119549961019 0.079818288949095 0.00750818694904131
-0.0134812514189815 0.00897476575961341 0.0798123079362291 -0.015148548855828
-0.0174521349205673 0.00555342145190588 0.0809987888603682 -0.0244958434712004
-0.0192412144650446 -0.00486596393085329 0.0875884001841162 -0.0121943429712214
-0.0131882350628853 -0.0137268766762942 0.0892991899984728 0.00625989204337536
-0.011511476782118 -0.0170732087408165 0.088174838794345 0.00328626783152089
-0.00443526120633085 -0.0239048435554669 0.103558514383734 -0.00315687793819231
0.0118739397236781 -0.030858982861132 0.128516934293365 -0.0377173295577633
0.0368242641760588 -0.0265136191923627 0.0761756114829921 -0.0172948374374853
0.0140290280940935 -0.0190534194996273 0.00211882831365804 -0.0414013805450207
0.00631855077400182 -0.0116314254448841 -0.0616985535382309 -0.00423523622096245
0.00246583125679631 -0.0162797486944835 -0.0680775559210748 0.0577845918586056
-0.0138530328755775 -0.0184060827950749 -0.0193775784320143 0.0880569238861384
-0.0245652993583262 -0.0106465743877961 0.029333853039866 0.0757548149791146
-0.0295546849544379 -0.00202372918950055 0.0599300762178713 0.0474706016284543
-0.0389738037587514 0.00601142069686386 0.0706988749503879 0.00999725357871455
-0.0424712360850604 0.00601052502493461 0.0685002401570701 -0.0146215875071278
-0.0491255661273886 -0.000727732811952476 0.0682926560729666 -0.0290132270623258
-0.0503709742685784 -0.022460712720835 0.075997895694256 -0.0250529134934363
-0.0310549882105962 -0.046704192291195 0.0872253369245655 -0.00823676144482839
-0.00665138964385231 -0.0584014240545 0.0886118706208892 -0.00345017788629147
0.0222469476155593 -0.0601079741225081 0.0941042482336143 -0.0026409214435283
0.0519918875732128 -0.053930440807339 0.11022287444737 -0.0305201212406598
0.0711822430641587 -0.0300744389326158 0.0507613421422648 -0.00754718025145583
0.0462806422220414 -0.0310901483871292 -0.00948293338691378 -0.0402553776916387
0.0311079854949232 -0.0332907997679583 -0.0719031959427511 -0.00506125042993198
0.00925957198987693 -0.0419887854051891 -0.073733651953054 0.0541258677153416
-0.0208491516231201 -0.0409187180522183 -0.0269975689834165 0.0815104779205916
-0.0398741398098241 -0.024825865799036 0.0184960306845566 0.0715993647884951
-0.0495135124412764 -0.00926262397100853 0.0442367313108211 0.0464454936767172
-0.0613440000703222 0.0019724088526828 0.0513469568293946 0.0125180903079599
-0.0651974151445214 0.00251457069911306 0.0470991428921044 -0.0121329421756226
-0.0738051052257596 -0.00441535496203159 0.0462742727249686 -0.0333384663198467
-0.0764535666777956 -0.032979375253329 0.056380965559855 -0.0379301818900821
-0.0503933610994998 -0.0689769873186397 0.079913452971219 -0.0256077671959715
-0.00919895593122645 -0.0911335589344001 0.0887187907591104 -0.0103634892284101
0.0407729606848546 -0.0903638855314541 0.0836754207865764 0.00365959968169004
0.0827136839192049 -0.0712806588707101 0.0813742280179582 -0.0152992415325759
0.0960463239668194 -0.0309009471048811 0.0132443605914245 0.00352652992589919
0.0743152056169486 -0.0430746695221615 -0.0285226410407168 -0.0356870031662264
0.0517386468471987 -0.0570829472448499 -0.0821619280041424 -0.00498304679119228
0.010848306247741 -0.0687376227006495 -0.0780503237845313 0.0464090884530862
-0.0302779946005909 -0.0606290685460881 -0.0366927251553862 0.069262461046658
-0.0527703177250807 -0.0347514460431623 0.00155924221844473 0.0624528354174572
-0.0631743242512107 -0.0142556170694925 0.0214564645250875 0.0431445022568412
-0.074610652244845 -0.00302140152327906 0.0252935477278051 0.0132509892408352
-0.0774073765473841 -0.00264172299294937 0.0196290692925243 -0.00956265395798502
-0.0861309738971811 -0.00855438621439363 0.0193523271345124 -0.0350181657583105
-0.0895427104759465 -0.039316182924954 0.0322907479125914 -0.0472588357494183
-0.0597691116204194 -0.0814812391138995 0.0689998484329831 -0.0408727456879148
-0.00786809080377964 -0.1100294321636 0.0868816134666346 -0.0148713085912158
0.0538436374479619 -0.105562726587302 0.0721956561254122 0.0154830126494959
0.101593293681699 -0.0751386841320231 0.045076689117444 0.00440934276860343
0.105166625476249 -0.0293270173676585 -0.0313086124985766 0.0166720828058805
0.0876396633916904 -0.0508866346957003 -0.0529558684409537 -0.0250283342954124
0.0610391702343505 -0.0738158197101144 -0.0895150099293353 -0.00182086576898203
0.00779771223480762 -0.0841910737685825 -0.0787074156346074 0.0336525447491439
-0.0379729977803159 -0.0693463002771355 -0.0487007751136117 0.0505854878323947
-0.0592061873469802 -0.038525065286254 -0.01939649052893 0.0494361549544879
-0.0679296173713589 -0.015471928820248 -0.00546623546917048 0.0374959576628764
-0.0768129698931864 -0.00781462375157574 -0.00486927216869393 0.012624349787174
-0.0772839714428192 -0.00889263833637329 -0.0104047741971671 -0.0086057149681414
-0.0835833471883656 -0.0143676448741721 -0.00723843706017856 -0.0375772979423317
-0.0832463273835426 -0.0442531446122815 0.00838099196999454 -0.0553746886624574
-0.0533061918640174 -0.0841737076186505 0.056396035401693 -0.0528949587584814
0.0026423245405855 -0.109724824397662 0.0819568360161021 -0.0154101491850685
0.0641644512786681 -0.0996215515523294 0.0573668483936295 0.0264702156573034
0.106167152818004 -0.0644161538207059 0.00612550810876787 0.0226587661728552
0.0947294650076132 -0.0242094049825362 -0.0733584384754267 0.0311538518256448
0.0828449184529966 -0.049106675674031 -0.0757421935530178 -0.00645249235535331
0.0557263195698846 -0.0732805451392852 -0.0911378836364408 0.00369222931916124
0.00244879122171126 -0.0801960767376789 -0.0773105521797948 0.0186352246433553
-0.0379683241151711 -0.063824793657771 -0.0622320366000386 0.0310864387739994
-0.0552880061588596 -0.0340538892550065 -0.0431787146117253 0.0379251330576679
-0.0613509938007399 -0.0139338329907804 -0.0333324291941738 0.0330803523048148
-0.0674797071454736 -0.0114033556319901 -0.033562704148575 0.0110817499214093
-0.0653019927479098 -0.0150181125323299 -0.0368095101076267 -0.0110930970158065
-0.0673611116580596 -0.0215181445333474 -0.0287059051317399 -0.0435438945187729
-0.0618795203936207 -0.046841463995823 -0.00623144318674376 -0.0651987833808926
-0.0307129484659568 -0.0771212090713333 0.0487600193539027 -0.0600032177901774
0.0218053270871629 -0.091672469375227 0.0750003894044829 -0.0118519455716503
0.0714011689629975 -0.0747350392883729 0.0398119148800055 0.0338596025731975
0.0974311514245984 -0.0405652703753932 -0.0304747518108195 0.0336005041816509
0.067626877833274 -0.0128677258177606 -0.105609597176039 0.044324156451114
0.0627834527536044 -0.0341838826412348 -0.0909062426845586 0.0105521808523592
0.0406462300915152 -0.0541438422654423 -0.0882099110243439 0.00638408815623389
0.000667761461090028 -0.0575794876531922 -0.0759183840140437 0.00481285898146443
-0.0270662217843166 -0.0454526786348414 -0.0742538546655384 0.0157901328817275
-0.0384773253784788 -0.0242346822115498 -0.0644512351243318 0.029310891728026
-0.0438379772539557 -0.0105576876598254 -0.0566896927275774 0.0295991157729288
-0.0475501846969993 -0.013306969168934 -0.056157144759135 0.00680229960171698
-0.043704987926825 -0.0177498880387534 -0.0560241749825917 -0.0185135570289832
-0.0420197192083551 -0.0247161643759134 -0.0405948673413072 -0.0537309303945767
-0.0335352216806662 -0.0419346765106937 -0.01002461729871 -0.0748064166713649
-0.00669515381984874 -0.0597551915841766 0.0465230408217183 -0.0644199073954989
0.0359136661229354 -0.0617424034689185 0.0664576880930497 -0.00931041808091962
0.0664841475810337 -0.0403755783713388 0.0223252618305629 0.0323403556387649
0.0742743447528962 -0.0124929514726822 -0.0591812031952265 0.0335721268620001
0.0305603671269636 0.00368053787352129 -0.121804674894092 0.0511642944801921
0.0338336388470222 -0.00955126805918311 -0.0961151153249136 0.0215427609612975
0.0231058428512259 -0.0223334996233778 -0.0840575233320227 0.00674687393713054
0.0027856507401811 -0.0244442529836311 -0.0761813670571947 -0.00237056067678355
-0.0074103977103449 -0.020327666084774 -0.0820005247038945 0.0105961700441075
-0.0126595022751144 -0.0130652945719638 -0.076874581749512 0.0269090032697444
-0.0181963115670425 -0.00780754663769632 -0.0720356051356037 0.0271722727649331
-0.0207654048696138 -0.0135421859861198 -0.0698631349816847 0.00217858030360612
-0.0182725393065192 -0.0162322061109984 -0.0655006420408514 -0.0266004217731374
-0.0157895189319882 -0.0198734714610528 -0.0423734125520946 -0.0652527436981715
-0.0100367784796541 -0.0286729406033007 -0.0050692443335068 -0.0827845297174197
0.00649940892891171 -0.0354314079444864 0.0498194331049803 -0.0651300579006898
0.0355760830731134 -0.0303988469740042 0.0604340155954689 -0.0073417989453151
0.0475543309479362 -0.0083619081272928 0.0103629852262406 0.0258267161119411
0.0397139752895313 0.0111633951151251 -0.0745579412542256 0.0244172234661405
-0.00098844660699479 -0.0201423038643941 0.083110275892239 -0.02596529281567
-0.0156972672759883 -0.00683802180516093 0.00361650507247439 -0.045465691389783
-0.0152712862187101 0.00556773585597246 -0.0561236876565791 -0.00752676188518893
-0.0046904600483237 0.00574695850754998 -0.0639882827572383 0.056551365308925
-0.00683531919791304 0.00337079909134445 -0.0140034238438496 0.0873076624586844
-0.00719246458610426 0.00406168137055569 0.0327769252789537 0.0723394120915629
-0.00645792076202143 0.00503478780832025 0.0636801716529683 0.0432548124352042
-0.011146818966277 0.00882769961449766 0.0768320672675819 0.00763580503122162
-0.0128088657669694 0.00864382245470494 0.0772405276370744 -0.013697001776618
-0.0172676564929464 0.00527540342575121 0.0781706922991116 -0.0221230522137691
-0.018432565125893 -0.00559220846042546 0.0849011314664287 -0.00996509395732939
-0.0119907152633086 -0.0133798216732047 0.0862507512061921 0.00825212550430329
-0.0103911633608529 -0.0165043410811348 0.0846455234916665 0.00621606223936085
-0.00361378875299796 -0.0230852677474611 0.0998022545163759 0.000209301538285305
0.0120431641642946 -0.0293078515904137 0.125066325828524 -0.0335116667638906
0.0359200425984735 -0.0243884482450141 0.0730692607721013 -0.0159724410977756
0.0143255424816025 -0.0181418906762092 0.00244120200299967 -0.0409654241857122
0.0065972789843305 -0.0109620628904867 -0.0592739531034144 -0.00621084279088505
0.00310042203211574 -0.0155647826036196 -0.067786592703818 0.0540842370886134
-0.0126044506788064 -0.0176944200192629 -0.0212450347839717 0.084112052109791
-0.0229783288511919 -0.0110600414298753 0.0256877683678703 0.0732207057384032
-0.0286221615715045 -0.00268935958640117 0.0562262882113682 0.0462039915544667
-0.0380489079111277 0.00502213242492165 0.0679171990652 0.00970168496856676
-0.0411866330299541 0.00530749204305951 0.0662152783272625 -0.0129370004450117
-0.0472747189522068 -0.00129384078358016 0.0664670899911396 -0.0273820779985696
-0.0476953737642407 -0.0226251298701393 0.0743675822457745 -0.0225059164803039
-0.0285949539457767 -0.045501589700357 0.0844148906456079 -0.00547357752369144
-0.00561737471331054 -0.0565032239211727 0.0850281753063686 -0.000960677157037611
0.0230382873926502 -0.0576653551982731 0.0906320936219993 0.000247256113641535
0.0511307759564966 -0.0510196449936459 0.106765566132476 -0.0269893223142101
0.0691548472140924 -0.0265545155263462 0.0492983305058538 -0.0067067172557565
0.0452095077011666 -0.0286011763669056 -0.00795609786014097 -0.0400450022988976
0.0309464439859292 -0.031181599776073 -0.0686689495493347 -0.00699711372696053
0.00961771264346018 -0.0406589849674512 -0.0725096775861472 0.0502107896720673
-0.0192518117327456 -0.0396870588114488 -0.0287931398726367 0.0781244235332697
-0.0375357844162125 -0.0245024480302169 0.0155520144902345 0.068873010093561
-0.0477172029333229 -0.00989840154438692 0.0415965656567469 0.0452414582655696
-0.0592656919168479 0.00132426486874041 0.0496656236896177 0.0119598975999351
-0.0626866515945247 0.0014666567995848 0.0457924445259017 -0.0111423371289169
-0.0706885934106117 -0.00495986921554565 0.0451042684786179 -0.0313659677331307
-0.0730642080597609 -0.0324082109599795 0.05586573163288 -0.0344136382171636
-0.0471240964500175 -0.0669929567003305 0.0783573944692832 -0.0229378875896447
-0.00667552909944615 -0.0885597321033454 0.0852428908243322 -0.00825073375940496
0.0409496541458963 -0.086718169367137 0.0804641611425602 0.00650677100279814
0.0810054274474257 -0.0667862334046066 0.0781928774325901 -0.0129799335594007
0.0931253451620762 -0.0278933993068354 0.0124954848174531 0.00275732354295399
0.0720907709949399 -0.0396060402278683 -0.0268901139323455 -0.0371917348538686
0.0514726679689371 -0.0542224452790433 -0.0791702333220524 -0.00722041488280991
0.0120278715881034 -0.065188617930772 -0.0765777506786592 0.042215432042722
-0.027985974019982 -0.0585985784874207 -0.0374938740518329 0.0651372788757959
-0.0501372711049289 -0.0345443124670787 0.000259167513845889 0.0594136453829322
-0.0604953754302364 -0.0153539035868464 0.0201995522583254 0.0416987691636057
-0.0719280027163051 -0.00425743248752936 0.0241604932682942 0.0129513376454823
-0.0742620155513938 -0.00348083479275553 0.0187078633433197 -0.00882044097670626
-0.0825154659867427 -0.0089449899291834 0.0196332608647217 -0.0334153128722971
-0.0852469221748382 -0.0389414732205211 0.0323077011543778 -0.0447251785323001
-0.0557593813451411 -0.07961611849499 0.0678989317469913 -0.0380578316511329
-0.00554126370137688 -0.106332850382324 0.0833620269087262 -0.0120878702537708
0.0544764974375023 -0.100873832529923 0.0689552210033666 0.0170208370280755
0.0993650803841193 -0.0707836093162236 0.0422808076740512 0.00576090428615797
0.101368272733131 -0.0257719120162576 -0.0304668389375915 0.0143880487138689
0.0849889350879296 -0.0464029865362947 -0.0504828396380516 -0.0260133968502085
0.0604452052954886 -0.0702389296304582 -0.0856639550015691 -0.0039124556197562
0.00965158938728083 -0.0805502453650781 -0.07728861449629 0.0302035274056372
-0.0352739670229155 -0.0675148339957392 -0.0490952528857424 0.0471153156174999
-0.0562085218945581 -0.0380126158360384 -0.0199419400867078 0.0464307301977917
-0.0648644492527441 -0.0163439626833636 -0.00624812797547419 0.036426976493428
-0.0741200029379442 -0.00843696645761507 -0.00479732267304705 0.012815725927262
-0.0743796592590447 -0.00928019557469474 -0.00933167559606736 -0.00842516647976773
-0.0795586395115553 -0.015380921665654 -0.0060529028099206 -0.036815814015765
-0.0793021023757224 -0.0431265509488814 0.00986531406198692 -0.05322664252601
-0.0494821359619261 -0.0811336830943632 0.0567345118515334 -0.0496532846530787
0.00463898610515291 -0.105597691492688 0.078833715531866 -0.0124093736176346
0.0637004884166963 -0.0952930234412935 0.0541947722342735 0.0276781325833882
0.103281558993132 -0.0599080886460123 0.00483382398266783 0.0225504490498106
0.0914871810878165 -0.0209586513386293 -0.0711480876937985 0.0279820799731757
0.0806233240950726 -0.044721879707522 -0.0723538703106655 -0.00931968900741175
0.0555232506499791 -0.0695876828451227 -0.0872773783906755 0.00162172880903281
0.0042900818462944 -0.0767370484338673 -0.075223941822317 0.0154958755267056
-0.0355381769608855 -0.0617016708274362 -0.0613707357482541 0.0280959179205119
-0.0521809853156248 -0.0337874905478037 -0.042606332867798 0.0347861456028209
-0.0581088568186303 -0.0139922499483622 -0.0330796256080099 0.0315784903450684
-0.0651134248773658 -0.0115889528493011 -0.0321804741508585 0.00959197870246371
-0.0625946826519643 -0.0154657452320155 -0.0346773012198928 -0.0113839287238457
-0.0637277683130671 -0.0217936307466607 -0.0259603542174004 -0.0424782439100194
-0.0583823681372003 -0.0451776987375504 -0.00354554509403048 -0.0625275962517046
-0.0279178184501028 -0.0743241153220733 0.0488922784737337 -0.0566761476953257
0.0229170593833601 -0.0875428052371328 0.0722614622414682 -0.0101327329297068
0.0700585298428946 -0.0702846602844108 0.0366807039545915 0.0334534612490026
0.0946235740939958 -0.0368311583569593 -0.030452795738732 0.0318326795429866
0.0653132022863351 -0.0105308341187168 -0.102892848409748 0.0396743623345113
0.0608056551987602 -0.0313305234116044 -0.0876439457947905 0.00695464893363446
0.0411056384969322 -0.0509042698564496 -0.0848517169132674 0.00392323162645658
0.00203631290235798 -0.0548027143820276 -0.0740889842533574 0.00181454563510699
-0.0253867505289583 -0.0438811479305289 -0.0731886873982184 0.0132412888534836
-0.0358331601749525 -0.0242587359772863 -0.0626149593944624 0.0268851864563189
-0.041188498554705 -0.010792419845802 -0.0551768029477424 0.0275611510502593
-0.0455614051769774 -0.0133906682189425 -0.0540446349315721 0.00620584367650331
-0.0426747928235927 -0.0182222181352622 -0.0531128534738655 -0.0179758093373432
-0.0398895896293192 -0.0242384727761837 -0.0373497895763013 -0.0526773805092482
-0.0317701310475449 -0.0404224208060967 -0.00739978748902771 -0.0719228078002786
-0.00545079201843416 -0.0568902119745181 0.0466721510530012 -0.0605611979531659
0.0360095869518243 -0.0589072103845038 0.0642302656208228 -0.00751264604107024
0.0648894146270754 -0.0369632210914176 0.0201135874516508 0.0318951967846915
0.0718692247904578 -0.00990711767973451 -0.0575456290430593 0.0310934797728741
0.0284328429161336 0.00414873771419842 -0.118065418660725 0.0458189842244405
0.0328227007695034 -0.00807720989951557 -0.0924577011282973 0.0181576349026532
0.0225706037745999 -0.0205760299709073 -0.0812057187285985 0.0031657556738414
0.00362224894397518 -0.0231088295108656 -0.0746675816165266 -0.00534288342610859
-0.00682560011778154 -0.0191536983508645 -0.0799629878324045 0.00768282639556806
-0.0117406381844368 -0.0125743334677983 -0.074843022962511 0.0238789165171864
-0.0168025356978327 -0.00721593792660053 -0.0690978832289405 0.0254520653677337
-0.0202030212515569 -0.013168537847226 -0.0672717138626792 0.00124985625392101
-0.0166989941759171 -0.0157697981826576 -0.0614504958122059 -0.0264580790048339
-0.0144784285405722 -0.0196655185500678 -0.0394997686528761 -0.0627008867108246
-0.00871101250849841 -0.0273862881167053 -0.0023297896956837 -0.0792666942183061
0.00732925821884969 -0.033664208876779 0.0494855600193078 -0.0606429650369459
0.03483148087992 -0.0285770787574697 0.0585739100993881 -0.00631279606481561
0.046388122482114 -0.00697888048958376 0.00886091434068621 0.0251895752653958
0.0377302940966227 0.0110593658501462 -0.0727554102626956 0.0222011162660802
0.000142361467599205 -0.0197956318898387 0.0833006159418828 -0.023459138409539
-0.0150658986769839 -0.00759881679996513 0.00446091912028287 -0.0460778057680544
-0.0153191747695034 0.00455565844929223 -0.0561388451671153 -0.00986478752761381
-0.00476462924193777 0.00539299306572213 -0.0663933630137902 0.0541936136651455
-0.00690243959288911 0.00288761469450135 -0.0179938270854739 0.0864004330425289
-0.00722458119115059 0.00348472505322273 0.0293856877283088 0.0728458552092903
-0.00734603516009918 0.00452820610207827 0.0622463244781618 0.0448578476507287
-0.0120439544775092 0.00870247559906554 0.0768180809116268 0.00904830974240575
-0.0127901816277297 0.00798726557237913 0.0778396663519354 -0.011193015675877
-0.017070514445465 0.00430089938915338 0.0793008650186827 -0.0197591416671662
-0.0180793855622018 -0.00587117583327371 0.0856576595131899 -0.00681758537134613
-0.0118376057157262 -0.0141052738441886 0.0869158240660901 0.0118170843270693
-0.00980015553863726 -0.0169004808951954 0.0847534139268175 0.00984870029638277
-0.00211862260354984 -0.0233188875497332 0.100499667809337 0.00487671498961915
0.013096382903997 -0.0294928719143553 0.1263627101541 -0.0291471768464544
0.0366012756607508 -0.0232542841038193 0.0734013507197619 -0.0144763768995035
0.0147179908063084 -0.0171083478200352 0.00389307165151907 -0.0418942955881866
0.00736412575366187 -0.0109407644975 -0.059590086062922 -0.00928609701230081
0.00350328825875515 -0.0152895677428501 -0.0695000108866627 0.051159498164826
-0.011723454078493 -0.0181877816663399 -0.0245605348011292 0.0834585248414615
-0.0225123169280846 -0.0110460116106402 0.0223007039381952 0.0731455789248177
-0.0289407145481033 -0.0041788567318208 0.0541314611376943 0.0470358527143075
-0.0383153935645013 0.00443858863037168 0.0675410174350111 0.0105793730099942
-0.0413337363736554 0.00380852382782753 0.0674024295568443 -0.0110752258173631
-0.0474756208148025 -0.00277510616532989 0.067053804275763 -0.0256038181066706
-0.0476384531971577 -0.0237675858073505 0.0755278067973237 -0.0191753427705824
-0.0274351310149946 -0.0467985136676738 0.0855097262161653 -0.00186711714120911
-0.00332068170786673 -0.0569801465029556 0.0848899746140472 0.00264890057818783
0.0249070740463074 -0.0572819547336039 0.0915738016152965 0.00444948503886839
0.0526973610855523 -0.0491603359699252 0.107908917774391 -0.0230841061427107
0.0694907802919441 -0.0244384293788684 0.0493002452311905 -0.00634830638531813
0.0463907702837441 -0.0265461925995832 -0.0064664126149746 -0.0416542325439552
0.0321638979828307 -0.030119453572168 -0.0683867114295764 -0.00986308209288789
0.0116405305295061 -0.0400805542702048 -0.074496706134293 0.0468539626116741
-0.0180571072513414 -0.0399371896146031 -0.0324523153144089 0.0759696362714172
-0.0367040079752895 -0.0254430706129293 0.0124353834685281 0.0688266187964101
-0.0474102111277965 -0.0116104194444897 0.0393428496050182 0.0459952555580819
-0.0594310061710212 -0.000517489633412017 0.0491143420291816 0.0125793722569388
-0.0627185591640174 9.600273912995E-05 0.0466788077028557 -0.0101550551778767
-0.0705181088455836 -0.00687584916854195 0.0470082589260591 -0.030346889477858
-0.0723312554385192 -0.0341259097222825 0.0576640265926812 -0.0328510944295825
-0.0445382203449556 -0.068618703383106 0.079738385788077 -0.0188506110409399
-0.00373494554111337 -0.0886212923471987 0.0855899477749753 -0.00467790704520887
0.0447225796330442 -0.085511777433036 0.080106257327796 0.00990201625601974
0.0834198016247698 -0.0645229889307073 0.0784008659613218 -0.00990466464258503
0.0937695457158424 -0.0234602959754661 0.0123365120269502 0.00234065293521167
0.073222695974356 -0.0366312199818344 -0.0254297711675034 -0.0399527815783786
0.0537924613107871 -0.0520577658671957 -0.0791287314498827 -0.0106091181969057
0.0144001120738629 -0.0648051562796631 -0.0781360823827928 0.0392549865413693
-0.0262097600494285 -0.0590155984954896 -0.0404944621855999 0.063752843195975
-0.0486281398943461 -0.0360235366447943 -0.00258029811852673 0.058997082200774
-0.0601194575447128 -0.0168813043472741 0.0181472520568489 0.0414548835855882
-0.0721409328777341 -0.00586460728908528 0.0238207403026266 0.0131419989477157
-0.0744637916746096 -0.00569242453403804 0.0197707095674175 -0.00831432249269202
-0.0812911984186192 -0.0110312554474201 0.0211081761462113 -0.0336539822671374
-0.0837967111486605 -0.0404663986576257 0.0349567081587404 -0.0430885930111582
-0.0532652947792896 -0.0803867819796635 0.070200271242734 -0.034884159793309
-0.00172882825538356 -0.106358884541108 0.0839717750846558 -0.00920419816769786
0.0579208947981934 -0.0988261545764945 0.0676206271809813 0.0199583058287399
0.101120459628911 -0.0676125356809882 0.0418639666531046 0.00777011354804384
0.101715146457515 -0.0213885170575957 -0.030786187508386 0.0123325296791606
0.0868906311321934 -0.0430167808245371 -0.0487221444041555 -0.0290863221116646
0.0633111736130778 -0.068059658737484 -0.0850849037056422 -0.00767012234547857
0.0120296766295845 -0.0800761915995347 -0.078933368157073 0.0265443273152859
-0.0328362575269627 -0.0677373280308856 -0.0516051744268182 0.0449161716480762
-0.0543338253132785 -0.0393868660157466 -0.0223220904270692 0.045940750417809
-0.0642898725029725 -0.0181180905912741 -0.00727824530821739 0.0354098636908201
-0.0740565807707354 -0.0103382619495002 -0.00514551197139376 0.0121157354732262
-0.0734536885109032 -0.0109977362312222 -0.00837146055678274 -0.00876664780402401
-0.0785084168336897 -0.0168252571631552 -0.0045316526684574 -0.0373132554359706
-0.077823219592508 -0.0442285940702276 0.0130847788892261 -0.0526455959211897
-0.0465260615381247 -0.0820362602948947 0.0589093297572013 -0.0471118628951528
0.00813822837772014 -0.105316837787192 0.0792395717531662 -0.0097161436381283
0.0672988418619394 -0.0931314043887222 0.0529495078462224 0.0297591939770666
0.104915524484494 -0.0562708993540381 0.00364112802129093 0.0235995658702336
0.0917813352889955 -0.0171093542610791 -0.0725577471322128 0.0246020006949116
0.0821759436542965 -0.0417874194165506 -0.0719350429821694 -0.0134941292015164
0.0583509055715314 -0.067711611441046 -0.0862503817825001 -0.00280684686172946
0.00726884981304229 -0.0760916199514672 -0.0763735304515165 0.0117729868381326
-0.033179395716491 -0.062129651861817 -0.0629215817901105 0.0253424263066066
-0.0504729058434427 -0.0352681296266749 -0.0441484277162756 0.0331209165003884
-0.0576973678019099 -0.015955316830036 -0.0331656656733753 0.0300113353637713
-0.0644092753346032 -0.0127830227874037 -0.0323684658982041 0.00940208243791691
-0.0623533686785989 -0.0168428413698266 -0.0339944302761239 -0.0120875473806576
-0.062281591238325 -0.0230596558061416 -0.0242814519894847 -0.0437508379083943
-0.0571531985648884 -0.0461665581830127 -0.000192098448013576 -0.0619192123818882
-0.0249555107225533 -0.0747503194961603 0.0515876158801667 -0.0544552219891637
0.0260014372845388 -0.0868966209882116 0.0723071760939157 -0.00743348998402252
0.0723464280455794 -0.0677028720611302 0.0355265254860259 0.0357640994188797
0.0956910586152707 -0.0335019734428904 -0.0319649409117157 0.0313252201296908
0.06506260556739 -0.00785867964544913 -0.104278734868433 0.0350339887478364
0.0616717393809911 -0.0282411636455336 -0.0874167428498756 0.00294347323707516
0.0429182053814787 -0.0495469825732608 -0.0838453643132551 0.000127199387395048
0.00367075408275754 -0.0543804704464155 -0.0746916333986196 -0.00148521418790726
-0.0239627132393811 -0.0444644245864069 -0.0741911506453666 0.00992868886106673
-0.0353453696942288 -0.0247420528452599 -0.0632761885207388 0.0244619442525203
-0.0406421730455558 -0.0120479223551121 -0.0562826445902375 0.0259720111396719
-0.0455814540230648 -0.0144465081248007 -0.0542901802966014 0.00554115306154942
-0.0414486523971599 -0.0193272862408694 -0.0520903285156263 -0.0193924583568646
-0.0383096005906396 -0.025041295847669 -0.0357420612074617 -0.0532900441235059
-0.0300910345438617 -0.0408843717112676 -0.00380934190067173 -0.071562043210915
-0.00317774948876122 -0.0566954738878581 0.0495312583700681 -0.0587892846018622
0.0379241364850118 -0.0577194772673093 0.0644408931560167 -0.00526905136374906
0.0661667756658973 -0.0347701903879747 0.0184014412001411 0.0332072628378726
0.0719883503712016 -0.00779488805326436 -0.0587515623174336 0.0297726386676012
0.028451593553434 0.00590834789723023 -0.120216951005277 0.0418550127405451
0.0326140219691121 -0.00675555220525789 -0.0927848410699501 0.01415511682536
0.0239003755579137 -0.0198969987968157 -0.0803020599136009 -0.000268743694296707
0.004267381188002 -0.0225048961428958 -0.075102208698454 -0.0082753926051889
-0.0058572732941527 -0.0193818502219204 -0.0814515806838623 0.00423884883088931
-0.0112280100903528 -0.0132280373615221 -0.0752774355485765 0.0216647709226703
-0.0168279838379438 -0.00796692515601861 -0.0695549330367101 0.0231754589851922
-0.0199493901966431 -0.0131724330978882 -0.0674428930587351 0.000503896863026121
-0.016613341328949 -0.0162158823289021 -0.0603406375354422 -0.0274201739812921
-0.0134418227340588 -0.0197116851640715 -0.0364033637057613 -0.0637014062318028
-0.00750419199768076 -0.0269259123370514 0.001067587209705 -0.0788137930454929
0.00826423636115766 -0.0328657360562562 0.0525590449374709 -0.0586347743543366
0.0361665397237016 -0.0279231341282375 0.058703604725453 -0.00398699675071312
0.0465258253486358 -0.00488138680034045 0.00763825207372228 0.0260717900606449
0.0374123863273805 0.0130872221929111 -0.0727442930543031 0.0198096343132535
